<?xml version="1.0" encoding="utf-8" standalone="no"?>
<test-run id="2" testcasecount="0" result="Failed" label="Invalid" total="0" passed="0" failed="0" inconclusive="0" skipped="0" asserts="0" engine-version="3.4.1.0" clr-version="4.0.30319.42000" start-time="2023-11-11 19:10:53Z" end-time="2023-11-11 19:10:53Z" duration="0.002087">
  <command-line><![CDATA[/usr/lib/nunit3/nunit3-console.exe tests.dll "--test=Nour.Play.AreaDistributorTest.AreaDistributorTest_SingleMapForce(\"6x12: P-1x-4;S2x2\")"]]></command-line>
  <filter>
    <test>Nour.Play.AreaDistributorTest.AreaDistributorTest_SingleMapForce("6x12: P-1x-4;S2x2")</test>
  </filter>
  <test-suite type="Assembly" id="0-1" name="tests.dll" fullname="/home/data/repos/github.com/aynurin/maze-gen/tests.dll" testcasecount="0" runstate="NotRunnable" result="Failed" label="Invalid">
    <properties>
      <property name="_SKIPREASON" value="File not found: /home/data/repos/github.com/aynurin/maze-gen/tests.dll" />
    </properties>
    <reason>
      <message>File not found: /home/data/repos/github.com/aynurin/maze-gen/tests.dll</message>
    </reason>
  </test-suite>
</test-run>