<?xml version="1.0" encoding="utf-8" standalone="no"?>
<test-run id="2" testcasecount="721" result="Passed" total="166" passed="166" failed="0" inconclusive="0" skipped="0" asserts="5697" engine-version="3.4.1.0" clr-version="4.0.30319.42000" start-time="2024-01-19 16:28:01Z" end-time="2024-01-19 16:28:02Z" duration="0.382726">
  <command-line><![CDATA[/usr/lib/nunit3/nunit3-console.exe build/Debug/tests/PlayersWorlds.Maps.Tests.dll --where=Category!=Load]]></command-line>
  <filter>
    <not>
      <prop name="Category">Load</prop>
    </not>
  </filter>
  <test-suite type="Assembly" id="0-1752" name="PlayersWorlds.Maps.Tests.dll" fullname="/home/data/repos/github.com/aynurin/maze-gen/build/Debug/tests/PlayersWorlds.Maps.Tests.dll" runstate="Runnable" testcasecount="721" result="Passed" start-time="2024-01-19T16:28:01.6716640Z" end-time="2024-01-19T16:28:02.0305640Z" duration="0.358816" total="166" passed="166" failed="0" warnings="0" inconclusive="0" skipped="0" asserts="5697">
    <environment framework-version="3.14.0.0" clr-version="4.0.30319.42000" os-version="Unix 6.1.69.1" platform="Unix" cwd="/home/data/repos/github.com/aynurin/maze-gen" machine-name="lightview" user="shav" user-domain="lightview" culture="en-US" uiculture="en-US" os-architecture="x64" />
    <settings>
      <setting name="WorkDirectory" value="/home/data/repos/github.com/aynurin/maze-gen" />
      <setting name="ImageRuntimeVersion" value="4.0.30319" />
      <setting name="ImageTargetFrameworkName" value=".NETFramework,Version=v4.7" />
      <setting name="ImageRequiresX86" value="False" />
      <setting name="ImageRequiresDefaultAppDomainAssemblyResolver" value="False" />
      <setting name="NumberOfTestWorkers" value="24" />
    </settings>
    <properties>
      <property name="_PID" value="311567" />
      <property name="_APPDOMAIN" value="test-domain-" />
    </properties>
    <test-suite type="SetUpFixture" id="0-1003" name="[default namespace]" fullname="SetUpTests" classname="SetUpTests" runstate="Runnable" testcasecount="721" result="Passed" start-time="2024-01-19T16:28:01.6768310Z" end-time="2024-01-19T16:28:02.0305550Z" duration="0.353723" total="166" passed="166" failed="0" warnings="0" inconclusive="0" skipped="0" asserts="5697">
      <properties />
      <test-suite type="TestSuite" id="0-1753" name="PlayersWorlds" fullname="PlayersWorlds" runstate="Runnable" testcasecount="719" result="Passed" start-time="2024-01-19T16:28:01.6789970Z" end-time="2024-01-19T16:28:02.0191580Z" duration="0.340162" total="164" passed="164" failed="0" warnings="0" inconclusive="0" skipped="0" asserts="1645">
        <properties />
        <test-suite type="TestSuite" id="0-1754" name="Maps" fullname="PlayersWorlds.Maps" runstate="Runnable" testcasecount="719" result="Passed" start-time="2024-01-19T16:28:01.6790570Z" end-time="2024-01-19T16:28:02.0191540Z" duration="0.340097" total="164" passed="164" failed="0" warnings="0" inconclusive="0" skipped="0" asserts="1645">
          <properties />
          <test-suite type="TestSuite" id="0-1757" name="Areas" fullname="PlayersWorlds.Maps.Areas" runstate="Runnable" testcasecount="113" result="Passed" start-time="2024-01-19T16:28:01.6790660Z" end-time="2024-01-19T16:28:01.8414140Z" duration="0.162348" total="62" passed="62" failed="0" warnings="0" inconclusive="0" skipped="0" asserts="193">
            <properties />
            <test-suite type="TestSuite" id="0-1758" name="Evolving" fullname="PlayersWorlds.Maps.Areas.Evolving" runstate="Runnable" testcasecount="109" result="Passed" start-time="2024-01-19T16:28:01.6790710Z" end-time="2024-01-19T16:28:01.8401730Z" duration="0.161102" total="58" passed="58" failed="0" warnings="0" inconclusive="0" skipped="0" asserts="175">
              <properties />
              <test-suite type="TestFixture" id="0-1636" name="AreaDistributorTest" fullname="PlayersWorlds.Maps.Areas.Evolving.AreaDistributorTest" classname="PlayersWorlds.Maps.Areas.Evolving.AreaDistributorTest" runstate="Runnable" testcasecount="73" result="Passed" start-time="2024-01-19T16:28:01.6791010Z" end-time="2024-01-19T16:28:01.7277390Z" duration="0.048638" total="23" passed="23" failed="0" warnings="0" inconclusive="0" skipped="0" asserts="46">
                <properties />
                <test-case id="0-1637" name="AreaDistributorTest_OneTest" fullname="PlayersWorlds.Maps.Areas.Evolving.AreaDistributorTest.AreaDistributorTest_OneTest" methodname="AreaDistributorTest_OneTest" classname="PlayersWorlds.Maps.Areas.Evolving.AreaDistributorTest" runstate="Runnable" seed="831941790" result="Passed" start-time="2024-01-19T16:28:01.6791680Z" end-time="2024-01-19T16:28:01.7121920Z" duration="0.033093" asserts="2">
                  <properties />
                </test-case>
                <test-suite type="ParameterizedMethod" id="0-1650" name="AreaDistributorTest_OverlapTwo" fullname="PlayersWorlds.Maps.Areas.Evolving.AreaDistributorTest.AreaDistributorTest_OverlapTwo" classname="PlayersWorlds.Maps.Areas.Evolving.AreaDistributorTest" runstate="Runnable" testcasecount="10" result="Passed" start-time="2024-01-19T16:28:01.7135230Z" end-time="2024-01-19T16:28:01.7236780Z" duration="0.010155" total="10" passed="10" failed="0" warnings="0" inconclusive="0" skipped="0" asserts="20">
                  <properties />
                  <test-case id="0-1640" name="AreaDistributorTest_OverlapTwo(&quot;11x11: P2x2;S4x4 P5x5;S4x4&quot;)" fullname="PlayersWorlds.Maps.Areas.Evolving.AreaDistributorTest.AreaDistributorTest_OverlapTwo(&quot;11x11: P2x2;S4x4 P5x5;S4x4&quot;)" methodname="AreaDistributorTest_OverlapTwo" classname="PlayersWorlds.Maps.Areas.Evolving.AreaDistributorTest" runstate="Runnable" seed="716332697" result="Passed" start-time="2024-01-19T16:28:01.7136180Z" end-time="2024-01-19T16:28:01.7183170Z" duration="0.004699" asserts="2">
                    <properties />
                  </test-case>
                  <test-case id="0-1641" name="AreaDistributorTest_OverlapTwo(&quot;11x11: P5x2;S4x4 P2x5;S4x4&quot;)" fullname="PlayersWorlds.Maps.Areas.Evolving.AreaDistributorTest.AreaDistributorTest_OverlapTwo(&quot;11x11: P5x2;S4x4 P2x5;S4x4&quot;)" methodname="AreaDistributorTest_OverlapTwo" classname="PlayersWorlds.Maps.Areas.Evolving.AreaDistributorTest" runstate="Runnable" seed="295425184" result="Passed" start-time="2024-01-19T16:28:01.7183260Z" end-time="2024-01-19T16:28:01.7186100Z" duration="0.000284" asserts="2">
                    <properties />
                  </test-case>
                  <test-case id="0-1642" name="AreaDistributorTest_OverlapTwo(&quot;11x11: P2x5;S4x4 P5x2;S4x4&quot;)" fullname="PlayersWorlds.Maps.Areas.Evolving.AreaDistributorTest.AreaDistributorTest_OverlapTwo(&quot;11x11: P2x5;S4x4 P5x2;S4x4&quot;)" methodname="AreaDistributorTest_OverlapTwo" classname="PlayersWorlds.Maps.Areas.Evolving.AreaDistributorTest" runstate="Runnable" seed="513251536" result="Passed" start-time="2024-01-19T16:28:01.7186160Z" end-time="2024-01-19T16:28:01.7188870Z" duration="0.000271" asserts="2">
                    <properties />
                  </test-case>
                  <test-case id="0-1643" name="AreaDistributorTest_OverlapTwo(&quot;11x11: P5x5;S4x4 P2x2;S4x4&quot;)" fullname="PlayersWorlds.Maps.Areas.Evolving.AreaDistributorTest.AreaDistributorTest_OverlapTwo(&quot;11x11: P5x5;S4x4 P2x2;S4x4&quot;)" methodname="AreaDistributorTest_OverlapTwo" classname="PlayersWorlds.Maps.Areas.Evolving.AreaDistributorTest" runstate="Runnable" seed="1281708504" result="Passed" start-time="2024-01-19T16:28:01.7188930Z" end-time="2024-01-19T16:28:01.7191510Z" duration="0.000259" asserts="2">
                    <properties />
                  </test-case>
                  <test-case id="0-1644" name="AreaDistributorTest_OverlapTwo(&quot;11x11: P4x4;S4x4 P3x3;S4x4&quot;)" fullname="PlayersWorlds.Maps.Areas.Evolving.AreaDistributorTest.AreaDistributorTest_OverlapTwo(&quot;11x11: P4x4;S4x4 P3x3;S4x4&quot;)" methodname="AreaDistributorTest_OverlapTwo" classname="PlayersWorlds.Maps.Areas.Evolving.AreaDistributorTest" runstate="Runnable" seed="444946676" result="Passed" start-time="2024-01-19T16:28:01.7191570Z" end-time="2024-01-19T16:28:01.7194090Z" duration="0.000252" asserts="2">
                    <properties />
                  </test-case>
                  <test-case id="0-1645" name="AreaDistributorTest_OverlapTwo(&quot;11x11: P4x3;S4x4 P3x4;S4x4&quot;)" fullname="PlayersWorlds.Maps.Areas.Evolving.AreaDistributorTest.AreaDistributorTest_OverlapTwo(&quot;11x11: P4x3;S4x4 P3x4;S4x4&quot;)" methodname="AreaDistributorTest_OverlapTwo" classname="PlayersWorlds.Maps.Areas.Evolving.AreaDistributorTest" runstate="Runnable" seed="1333743620" result="Passed" start-time="2024-01-19T16:28:01.7194140Z" end-time="2024-01-19T16:28:01.7196590Z" duration="0.000245" asserts="2">
                    <properties />
                  </test-case>
                  <test-case id="0-1646" name="AreaDistributorTest_OverlapTwo(&quot;11x11: P3.5x3.5;S4x4 P3.5x3.5;S4x4&quot;)" fullname="PlayersWorlds.Maps.Areas.Evolving.AreaDistributorTest.AreaDistributorTest_OverlapTwo(&quot;11x11: P3.5x3.5;S4x4 P3.5x3.5;S4x4&quot;)" methodname="AreaDistributorTest_OverlapTwo" classname="PlayersWorlds.Maps.Areas.Evolving.AreaDistributorTest" runstate="Runnable" seed="90954915" result="Passed" start-time="2024-01-19T16:28:01.7196640Z" end-time="2024-01-19T16:28:01.7209540Z" duration="0.001290" asserts="2">
                    <properties />
                  </test-case>
                  <test-case id="0-1647" name="AreaDistributorTest_OverlapTwo(&quot;16x16: P4x4;S8x8 P5x9;S2x2&quot;)" fullname="PlayersWorlds.Maps.Areas.Evolving.AreaDistributorTest.AreaDistributorTest_OverlapTwo(&quot;16x16: P4x4;S8x8 P5x9;S2x2&quot;)" methodname="AreaDistributorTest_OverlapTwo" classname="PlayersWorlds.Maps.Areas.Evolving.AreaDistributorTest" runstate="Runnable" seed="1664748458" result="Passed" start-time="2024-01-19T16:28:01.7209620Z" end-time="2024-01-19T16:28:01.7212270Z" duration="0.000266" asserts="2">
                    <properties />
                  </test-case>
                  <test-case id="0-1648" name="AreaDistributorTest_OverlapTwo(&quot;16x16: P4x4;S8x8 P5x7;S4x4&quot;)" fullname="PlayersWorlds.Maps.Areas.Evolving.AreaDistributorTest.AreaDistributorTest_OverlapTwo(&quot;16x16: P4x4;S8x8 P5x7;S4x4&quot;)" methodname="AreaDistributorTest_OverlapTwo" classname="PlayersWorlds.Maps.Areas.Evolving.AreaDistributorTest" runstate="Runnable" seed="1619720377" result="Passed" start-time="2024-01-19T16:28:01.7212330Z" end-time="2024-01-19T16:28:01.7224330Z" duration="0.001200" asserts="2">
                    <properties />
                  </test-case>
                  <test-case id="0-1649" name="AreaDistributorTest_OverlapTwo(&quot;16x16: P5x5;S6x6 P6x6;S4x4&quot;)" fullname="PlayersWorlds.Maps.Areas.Evolving.AreaDistributorTest.AreaDistributorTest_OverlapTwo(&quot;16x16: P5x5;S6x6 P6x6;S4x4&quot;)" methodname="AreaDistributorTest_OverlapTwo" classname="PlayersWorlds.Maps.Areas.Evolving.AreaDistributorTest" runstate="Runnable" seed="1572395935" result="Passed" start-time="2024-01-19T16:28:01.7224400Z" end-time="2024-01-19T16:28:01.7226970Z" duration="0.000257" asserts="2">
                    <properties />
                  </test-case>
                </test-suite>
                <test-case id="0-1638" name="AreaDistributorTest_SidePressure" fullname="PlayersWorlds.Maps.Areas.Evolving.AreaDistributorTest.AreaDistributorTest_SidePressure" methodname="AreaDistributorTest_SidePressure" classname="PlayersWorlds.Maps.Areas.Evolving.AreaDistributorTest" runstate="Runnable" seed="1306519381" result="Passed" start-time="2024-01-19T16:28:01.7244650Z" end-time="2024-01-19T16:28:01.7252460Z" duration="0.000781" asserts="2">
                  <properties />
                </test-case>
                <test-suite type="ParameterizedMethod" id="0-1661" name="AreaDistributorTest_SingleMapForce" fullname="PlayersWorlds.Maps.Areas.Evolving.AreaDistributorTest.AreaDistributorTest_SingleMapForce" classname="PlayersWorlds.Maps.Areas.Evolving.AreaDistributorTest" runstate="Runnable" testcasecount="10" result="Passed" start-time="2024-01-19T16:28:01.7252540Z" end-time="2024-01-19T16:28:01.7273630Z" duration="0.002109" total="10" passed="10" failed="0" warnings="0" inconclusive="0" skipped="0" asserts="20">
                  <properties />
                  <test-case id="0-1651" name="AreaDistributorTest_SingleMapForce(&quot;6x12: P1x2;S2x2&quot;)" fullname="PlayersWorlds.Maps.Areas.Evolving.AreaDistributorTest.AreaDistributorTest_SingleMapForce(&quot;6x12: P1x2;S2x2&quot;)" methodname="AreaDistributorTest_SingleMapForce" classname="PlayersWorlds.Maps.Areas.Evolving.AreaDistributorTest" runstate="Runnable" seed="1205801887" result="Passed" start-time="2024-01-19T16:28:01.7252680Z" end-time="2024-01-19T16:28:01.7256080Z" duration="0.000340" asserts="2">
                    <properties />
                  </test-case>
                  <test-case id="0-1652" name="AreaDistributorTest_SingleMapForce(&quot;6x12: P2x2;S2x2&quot;)" fullname="PlayersWorlds.Maps.Areas.Evolving.AreaDistributorTest.AreaDistributorTest_SingleMapForce(&quot;6x12: P2x2;S2x2&quot;)" methodname="AreaDistributorTest_SingleMapForce" classname="PlayersWorlds.Maps.Areas.Evolving.AreaDistributorTest" runstate="Runnable" seed="215314047" result="Passed" start-time="2024-01-19T16:28:01.7256150Z" end-time="2024-01-19T16:28:01.7257950Z" duration="0.000180" asserts="2">
                    <properties />
                  </test-case>
                  <test-case id="0-1653" name="AreaDistributorTest_SingleMapForce(&quot;6x12: P3x2;S2x2&quot;)" fullname="PlayersWorlds.Maps.Areas.Evolving.AreaDistributorTest.AreaDistributorTest_SingleMapForce(&quot;6x12: P3x2;S2x2&quot;)" methodname="AreaDistributorTest_SingleMapForce" classname="PlayersWorlds.Maps.Areas.Evolving.AreaDistributorTest" runstate="Runnable" seed="1429950778" result="Passed" start-time="2024-01-19T16:28:01.7258000Z" end-time="2024-01-19T16:28:01.7259710Z" duration="0.000171" asserts="2">
                    <properties />
                  </test-case>
                  <test-case id="0-1654" name="AreaDistributorTest_SingleMapForce(&quot;6x12: P1x5;S2x2&quot;)" fullname="PlayersWorlds.Maps.Areas.Evolving.AreaDistributorTest.AreaDistributorTest_SingleMapForce(&quot;6x12: P1x5;S2x2&quot;)" methodname="AreaDistributorTest_SingleMapForce" classname="PlayersWorlds.Maps.Areas.Evolving.AreaDistributorTest" runstate="Runnable" seed="831630745" result="Passed" start-time="2024-01-19T16:28:01.7259760Z" end-time="2024-01-19T16:28:01.7261450Z" duration="0.000170" asserts="2">
                    <properties />
                  </test-case>
                  <test-case id="0-1655" name="AreaDistributorTest_SingleMapForce(&quot;6x12: P2x5;S2x2&quot;)" fullname="PlayersWorlds.Maps.Areas.Evolving.AreaDistributorTest.AreaDistributorTest_SingleMapForce(&quot;6x12: P2x5;S2x2&quot;)" methodname="AreaDistributorTest_SingleMapForce" classname="PlayersWorlds.Maps.Areas.Evolving.AreaDistributorTest" runstate="Runnable" seed="1419693614" result="Passed" start-time="2024-01-19T16:28:01.7261500Z" end-time="2024-01-19T16:28:01.7263200Z" duration="0.000170" asserts="2">
                    <properties />
                  </test-case>
                  <test-case id="0-1656" name="AreaDistributorTest_SingleMapForce(&quot;6x12: P3x5;S2x2&quot;)" fullname="PlayersWorlds.Maps.Areas.Evolving.AreaDistributorTest.AreaDistributorTest_SingleMapForce(&quot;6x12: P3x5;S2x2&quot;)" methodname="AreaDistributorTest_SingleMapForce" classname="PlayersWorlds.Maps.Areas.Evolving.AreaDistributorTest" runstate="Runnable" seed="1246100303" result="Passed" start-time="2024-01-19T16:28:01.7263250Z" end-time="2024-01-19T16:28:01.7264950Z" duration="0.000170" asserts="2">
                    <properties />
                  </test-case>
                  <test-case id="0-1657" name="AreaDistributorTest_SingleMapForce(&quot;6x12: P1x8;S2x2&quot;)" fullname="PlayersWorlds.Maps.Areas.Evolving.AreaDistributorTest.AreaDistributorTest_SingleMapForce(&quot;6x12: P1x8;S2x2&quot;)" methodname="AreaDistributorTest_SingleMapForce" classname="PlayersWorlds.Maps.Areas.Evolving.AreaDistributorTest" runstate="Runnable" seed="2133507383" result="Passed" start-time="2024-01-19T16:28:01.7264990Z" end-time="2024-01-19T16:28:01.7266690Z" duration="0.000170" asserts="2">
                    <properties />
                  </test-case>
                  <test-case id="0-1658" name="AreaDistributorTest_SingleMapForce(&quot;6x12: P2x8;S2x2&quot;)" fullname="PlayersWorlds.Maps.Areas.Evolving.AreaDistributorTest.AreaDistributorTest_SingleMapForce(&quot;6x12: P2x8;S2x2&quot;)" methodname="AreaDistributorTest_SingleMapForce" classname="PlayersWorlds.Maps.Areas.Evolving.AreaDistributorTest" runstate="Runnable" seed="1393259922" result="Passed" start-time="2024-01-19T16:28:01.7266740Z" end-time="2024-01-19T16:28:01.7268420Z" duration="0.000168" asserts="2">
                    <properties />
                  </test-case>
                  <test-case id="0-1659" name="AreaDistributorTest_SingleMapForce(&quot;6x12: P3x8;S2x2&quot;)" fullname="PlayersWorlds.Maps.Areas.Evolving.AreaDistributorTest.AreaDistributorTest_SingleMapForce(&quot;6x12: P3x8;S2x2&quot;)" methodname="AreaDistributorTest_SingleMapForce" classname="PlayersWorlds.Maps.Areas.Evolving.AreaDistributorTest" runstate="Runnable" seed="553239807" result="Passed" start-time="2024-01-19T16:28:01.7268460Z" end-time="2024-01-19T16:28:01.7270340Z" duration="0.000187" asserts="2">
                    <properties />
                  </test-case>
                  <test-case id="0-1660" name="AreaDistributorTest_SingleMapForce(&quot;6x12: P-1x-4;S2x2&quot;)" fullname="PlayersWorlds.Maps.Areas.Evolving.AreaDistributorTest.AreaDistributorTest_SingleMapForce(&quot;6x12: P-1x-4;S2x2&quot;)" methodname="AreaDistributorTest_SingleMapForce" classname="PlayersWorlds.Maps.Areas.Evolving.AreaDistributorTest" runstate="Runnable" seed="1706252190" result="Passed" start-time="2024-01-19T16:28:01.7270390Z" end-time="2024-01-19T16:28:01.7273530Z" duration="0.000314" asserts="2">
                    <properties />
                  </test-case>
                </test-suite>
                <test-case id="0-1639" name="AreaDistributorTest_TwoTest" fullname="PlayersWorlds.Maps.Areas.Evolving.AreaDistributorTest.AreaDistributorTest_TwoTest" methodname="AreaDistributorTest_TwoTest" classname="PlayersWorlds.Maps.Areas.Evolving.AreaDistributorTest" runstate="Runnable" seed="1037302831" result="Passed" start-time="2024-01-19T16:28:01.7273690Z" end-time="2024-01-19T16:28:01.7277100Z" duration="0.000341" asserts="2">
                  <properties />
                </test-case>
              </test-suite>
              <test-suite type="TestFixture" id="0-1713" name="EvolvingSimulatorTest" fullname="PlayersWorlds.Maps.Areas.Evolving.EvolvingSimulatorTest" classname="PlayersWorlds.Maps.Areas.Evolving.EvolvingSimulatorTest" runstate="Runnable" testcasecount="2" result="Passed" start-time="2024-01-19T16:28:01.7281440Z" end-time="2024-01-19T16:28:01.8303570Z" duration="0.102213" total="2" passed="2" failed="0" warnings="0" inconclusive="0" skipped="0" asserts="2">
                <properties />
                <test-case id="0-1715" name="EvolvingSimulator_ReturnsEpochsIfEvolitionIsNotComplete" fullname="PlayersWorlds.Maps.Areas.Evolving.EvolvingSimulatorTest.EvolvingSimulator_ReturnsEpochsIfEvolitionIsNotComplete" methodname="EvolvingSimulator_ReturnsEpochsIfEvolitionIsNotComplete" classname="PlayersWorlds.Maps.Areas.Evolving.EvolvingSimulatorTest" runstate="Runnable" seed="2014821957" result="Passed" start-time="2024-01-19T16:28:01.7281950Z" end-time="2024-01-19T16:28:01.8280840Z" duration="0.099888" asserts="1">
                  <properties />
                </test-case>
                <test-case id="0-1714" name="EvolvingSimulator_ThrowsIfMaxEpochsIsZero" fullname="PlayersWorlds.Maps.Areas.Evolving.EvolvingSimulatorTest.EvolvingSimulator_ThrowsIfMaxEpochsIsZero" methodname="EvolvingSimulator_ThrowsIfMaxEpochsIsZero" classname="PlayersWorlds.Maps.Areas.Evolving.EvolvingSimulatorTest" runstate="Runnable" seed="699935088" result="Passed" start-time="2024-01-19T16:28:01.8280990Z" end-time="2024-01-19T16:28:01.8303400Z" duration="0.002241" asserts="1">
                  <properties />
                </test-case>
              </test-suite>
              <test-suite type="TestFixture" id="0-1716" name="FloatingAreaTest" fullname="PlayersWorlds.Maps.Areas.Evolving.FloatingAreaTest" classname="PlayersWorlds.Maps.Areas.Evolving.FloatingAreaTest" runstate="Runnable" testcasecount="3" result="Passed" start-time="2024-01-19T16:28:01.8303730Z" end-time="2024-01-19T16:28:01.8339870Z" duration="0.003615" total="3" passed="3" failed="0" warnings="0" inconclusive="0" skipped="0" asserts="6">
                <properties />
                <test-case id="0-1719" name="Contains" fullname="PlayersWorlds.Maps.Areas.Evolving.FloatingAreaTest.Contains" methodname="Contains" classname="PlayersWorlds.Maps.Areas.Evolving.FloatingAreaTest" runstate="Runnable" seed="2014323710" result="Passed" start-time="2024-01-19T16:28:01.8304220Z" end-time="2024-01-19T16:28:01.8308550Z" duration="0.000433" asserts="2">
                  <properties />
                </test-case>
                <test-case id="0-1718" name="Overlaps" fullname="PlayersWorlds.Maps.Areas.Evolving.FloatingAreaTest.Overlaps" methodname="Overlaps" classname="PlayersWorlds.Maps.Areas.Evolving.FloatingAreaTest" runstate="Runnable" seed="917025865" result="Passed" start-time="2024-01-19T16:28:01.8308620Z" end-time="2024-01-19T16:28:01.8310650Z" duration="0.000203" asserts="2">
                  <properties />
                </test-case>
                <test-case id="0-1717" name="Parse" fullname="PlayersWorlds.Maps.Areas.Evolving.FloatingAreaTest.Parse" methodname="Parse" classname="PlayersWorlds.Maps.Areas.Evolving.FloatingAreaTest" runstate="Runnable" seed="560465037" result="Passed" start-time="2024-01-19T16:28:01.8310720Z" end-time="2024-01-19T16:28:01.8339730Z" duration="0.002901" asserts="2">
                  <properties />
                </test-case>
              </test-suite>
              <test-suite type="TestFixture" id="0-1720" name="ForceFormulaTestTest" fullname="PlayersWorlds.Maps.Areas.Evolving.ForceFormulaTestTest" classname="PlayersWorlds.Maps.Areas.Evolving.ForceFormulaTestTest" runstate="Runnable" testcasecount="8" result="Passed" start-time="2024-01-19T16:28:01.8339990Z" end-time="2024-01-19T16:28:01.8365840Z" duration="0.002585" total="8" passed="8" failed="0" warnings="0" inconclusive="0" skipped="0" asserts="42">
                <properties />
                <test-case id="0-1726" name="CollideForce_Negative" fullname="PlayersWorlds.Maps.Areas.Evolving.ForceFormulaTestTest.CollideForce_Negative" methodname="CollideForce_Negative" classname="PlayersWorlds.Maps.Areas.Evolving.ForceFormulaTestTest" runstate="Runnable" seed="1155900631" result="Passed" start-time="2024-01-19T16:28:01.8340480Z" end-time="2024-01-19T16:28:01.8349840Z" duration="0.000936" asserts="9">
                  <properties />
                </test-case>
                <test-case id="0-1725" name="CollideForce_Positive" fullname="PlayersWorlds.Maps.Areas.Evolving.ForceFormulaTestTest.CollideForce_Positive" methodname="CollideForce_Positive" classname="PlayersWorlds.Maps.Areas.Evolving.ForceFormulaTestTest" runstate="Runnable" seed="130221895" result="Passed" start-time="2024-01-19T16:28:01.8349920Z" end-time="2024-01-19T16:28:01.8353150Z" duration="0.000323" asserts="9">
                  <properties />
                </test-case>
                <test-case id="0-1722" name="NormalForce_Negative" fullname="PlayersWorlds.Maps.Areas.Evolving.ForceFormulaTestTest.NormalForce_Negative" methodname="NormalForce_Negative" classname="PlayersWorlds.Maps.Areas.Evolving.ForceFormulaTestTest" runstate="Runnable" seed="1463155844" result="Passed" start-time="2024-01-19T16:28:01.8353220Z" end-time="2024-01-19T16:28:01.8356760Z" duration="0.000354" asserts="3">
                  <properties />
                </test-case>
                <test-case id="0-1724" name="NormalForce_NegativeCapped" fullname="PlayersWorlds.Maps.Areas.Evolving.ForceFormulaTestTest.NormalForce_NegativeCapped" methodname="NormalForce_NegativeCapped" classname="PlayersWorlds.Maps.Areas.Evolving.ForceFormulaTestTest" runstate="Runnable" seed="1248655836" result="Passed" start-time="2024-01-19T16:28:01.8356830Z" end-time="2024-01-19T16:28:01.8358390Z" duration="0.000156" asserts="5">
                  <properties />
                </test-case>
                <test-case id="0-1721" name="NormalForce_Positive" fullname="PlayersWorlds.Maps.Areas.Evolving.ForceFormulaTestTest.NormalForce_Positive" methodname="NormalForce_Positive" classname="PlayersWorlds.Maps.Areas.Evolving.ForceFormulaTestTest" runstate="Runnable" seed="1701375287" result="Passed" start-time="2024-01-19T16:28:01.8358450Z" end-time="2024-01-19T16:28:01.8359530Z" duration="0.000108" asserts="3">
                  <properties />
                </test-case>
                <test-case id="0-1723" name="NormalForce_PositiveCapped" fullname="PlayersWorlds.Maps.Areas.Evolving.ForceFormulaTestTest.NormalForce_PositiveCapped" methodname="NormalForce_PositiveCapped" classname="PlayersWorlds.Maps.Areas.Evolving.ForceFormulaTestTest" runstate="Runnable" seed="1671720617" result="Passed" start-time="2024-01-19T16:28:01.8359590Z" end-time="2024-01-19T16:28:01.8360930Z" duration="0.000134" asserts="5">
                  <properties />
                </test-case>
                <test-case id="0-1728" name="OverlapForce_Negative" fullname="PlayersWorlds.Maps.Areas.Evolving.ForceFormulaTestTest.OverlapForce_Negative" methodname="OverlapForce_Negative" classname="PlayersWorlds.Maps.Areas.Evolving.ForceFormulaTestTest" runstate="Runnable" seed="174447209" result="Passed" start-time="2024-01-19T16:28:01.8360990Z" end-time="2024-01-19T16:28:01.8363400Z" duration="0.000241" asserts="4">
                  <properties />
                </test-case>
                <test-case id="0-1727" name="OverlapForce_Positive" fullname="PlayersWorlds.Maps.Areas.Evolving.ForceFormulaTestTest.OverlapForce_Positive" methodname="OverlapForce_Positive" classname="PlayersWorlds.Maps.Areas.Evolving.ForceFormulaTestTest" runstate="Runnable" seed="601255748" result="Passed" start-time="2024-01-19T16:28:01.8363460Z" end-time="2024-01-19T16:28:01.8365730Z" duration="0.000228" asserts="4">
                  <properties />
                </test-case>
              </test-suite>
              <test-suite type="TestFixture" id="0-1729" name="SideToSideForceProducerTest" fullname="PlayersWorlds.Maps.Areas.Evolving.SideToSideForceProducerTest" classname="PlayersWorlds.Maps.Areas.Evolving.SideToSideForceProducerTest" runstate="Runnable" testcasecount="22" result="Passed" start-time="2024-01-19T16:28:01.8365950Z" end-time="2024-01-19T16:28:01.8401660Z" duration="0.003571" total="22" passed="22" failed="0" warnings="0" inconclusive="0" skipped="0" asserts="79">
                <properties />
                <test-case id="0-1747" name="GetAxisDistance_Collide" fullname="PlayersWorlds.Maps.Areas.Evolving.SideToSideForceProducerTest.GetAxisDistance_Collide" methodname="GetAxisDistance_Collide" classname="PlayersWorlds.Maps.Areas.Evolving.SideToSideForceProducerTest" runstate="Runnable" seed="1471866539" result="Passed" start-time="2024-01-19T16:28:01.8366440Z" end-time="2024-01-19T16:28:01.8373720Z" duration="0.000728" asserts="6">
                  <properties />
                </test-case>
                <test-case id="0-1750" name="GetAxisDistance_Contain1" fullname="PlayersWorlds.Maps.Areas.Evolving.SideToSideForceProducerTest.GetAxisDistance_Contain1" methodname="GetAxisDistance_Contain1" classname="PlayersWorlds.Maps.Areas.Evolving.SideToSideForceProducerTest" runstate="Runnable" seed="736751905" result="Passed" start-time="2024-01-19T16:28:01.8373800Z" end-time="2024-01-19T16:28:01.8376110Z" duration="0.000231" asserts="6">
                  <properties />
                </test-case>
                <test-case id="0-1751" name="GetAxisDistance_Contain2" fullname="PlayersWorlds.Maps.Areas.Evolving.SideToSideForceProducerTest.GetAxisDistance_Contain2" methodname="GetAxisDistance_Contain2" classname="PlayersWorlds.Maps.Areas.Evolving.SideToSideForceProducerTest" runstate="Runnable" seed="1960804816" result="Passed" start-time="2024-01-19T16:28:01.8376190Z" end-time="2024-01-19T16:28:01.8378640Z" duration="0.000245" asserts="6">
                  <properties />
                </test-case>
                <test-case id="0-1745" name="GetAxisDistance_Normal1" fullname="PlayersWorlds.Maps.Areas.Evolving.SideToSideForceProducerTest.GetAxisDistance_Normal1" methodname="GetAxisDistance_Normal1" classname="PlayersWorlds.Maps.Areas.Evolving.SideToSideForceProducerTest" runstate="Runnable" seed="608415123" result="Passed" start-time="2024-01-19T16:28:01.8378710Z" end-time="2024-01-19T16:28:01.8380810Z" duration="0.000209" asserts="6">
                  <properties />
                </test-case>
                <test-case id="0-1746" name="GetAxisDistance_Normal2" fullname="PlayersWorlds.Maps.Areas.Evolving.SideToSideForceProducerTest.GetAxisDistance_Normal2" methodname="GetAxisDistance_Normal2" classname="PlayersWorlds.Maps.Areas.Evolving.SideToSideForceProducerTest" runstate="Runnable" seed="1785964176" result="Passed" start-time="2024-01-19T16:28:01.8380880Z" end-time="2024-01-19T16:28:01.8383250Z" duration="0.000238" asserts="6">
                  <properties />
                </test-case>
                <test-case id="0-1748" name="GetAxisDistance_Overlap1" fullname="PlayersWorlds.Maps.Areas.Evolving.SideToSideForceProducerTest.GetAxisDistance_Overlap1" methodname="GetAxisDistance_Overlap1" classname="PlayersWorlds.Maps.Areas.Evolving.SideToSideForceProducerTest" runstate="Runnable" seed="1436289836" result="Passed" start-time="2024-01-19T16:28:01.8383330Z" end-time="2024-01-19T16:28:01.8385290Z" duration="0.000196" asserts="6">
                  <properties />
                </test-case>
                <test-case id="0-1749" name="GetAxisDistance_Overlap2" fullname="PlayersWorlds.Maps.Areas.Evolving.SideToSideForceProducerTest.GetAxisDistance_Overlap2" methodname="GetAxisDistance_Overlap2" classname="PlayersWorlds.Maps.Areas.Evolving.SideToSideForceProducerTest" runstate="Runnable" seed="481983031" result="Passed" start-time="2024-01-19T16:28:01.8385360Z" end-time="2024-01-19T16:28:01.8387140Z" duration="0.000178" asserts="6">
                  <properties />
                </test-case>
                <test-case id="0-1739" name="GetOpposingForce_CentersInside_NoOpposingForce" fullname="PlayersWorlds.Maps.Areas.Evolving.SideToSideForceProducerTest.GetOpposingForce_CentersInside_NoOpposingForce" methodname="GetOpposingForce_CentersInside_NoOpposingForce" classname="PlayersWorlds.Maps.Areas.Evolving.SideToSideForceProducerTest" runstate="Runnable" seed="1654172143" result="Passed" start-time="2024-01-19T16:28:01.8387200Z" end-time="2024-01-19T16:28:01.8388290Z" duration="0.000108" asserts="2">
                  <properties />
                </test-case>
                <test-case id="0-1740" name="GetOpposingForce_CentersInside_WithOpposingForce" fullname="PlayersWorlds.Maps.Areas.Evolving.SideToSideForceProducerTest.GetOpposingForce_CentersInside_WithOpposingForce" methodname="GetOpposingForce_CentersInside_WithOpposingForce" classname="PlayersWorlds.Maps.Areas.Evolving.SideToSideForceProducerTest" runstate="Runnable" seed="939039977" result="Passed" start-time="2024-01-19T16:28:01.8388350Z" end-time="2024-01-19T16:28:01.8389140Z" duration="0.000079" asserts="2">
                  <properties />
                </test-case>
                <test-case id="0-1741" name="GetOpposingForce_CentersOutside_NoOpposingForce" fullname="PlayersWorlds.Maps.Areas.Evolving.SideToSideForceProducerTest.GetOpposingForce_CentersOutside_NoOpposingForce" methodname="GetOpposingForce_CentersOutside_NoOpposingForce" classname="PlayersWorlds.Maps.Areas.Evolving.SideToSideForceProducerTest" runstate="Runnable" seed="1100723379" result="Passed" start-time="2024-01-19T16:28:01.8389200Z" end-time="2024-01-19T16:28:01.8389850Z" duration="0.000065" asserts="2">
                  <properties />
                </test-case>
                <test-case id="0-1742" name="GetOpposingForce_CentersOutside_WithOpposingForce" fullname="PlayersWorlds.Maps.Areas.Evolving.SideToSideForceProducerTest.GetOpposingForce_CentersOutside_WithOpposingForce" methodname="GetOpposingForce_CentersOutside_WithOpposingForce" classname="PlayersWorlds.Maps.Areas.Evolving.SideToSideForceProducerTest" runstate="Runnable" seed="1127127739" result="Passed" start-time="2024-01-19T16:28:01.8389920Z" end-time="2024-01-19T16:28:01.8390540Z" duration="0.000062" asserts="2">
                  <properties />
                </test-case>
                <test-case id="0-1743" name="GetOpposingForce_NoIntersection_NoOpposingForce" fullname="PlayersWorlds.Maps.Areas.Evolving.SideToSideForceProducerTest.GetOpposingForce_NoIntersection_NoOpposingForce" methodname="GetOpposingForce_NoIntersection_NoOpposingForce" classname="PlayersWorlds.Maps.Areas.Evolving.SideToSideForceProducerTest" runstate="Runnable" seed="1959773515" result="Passed" start-time="2024-01-19T16:28:01.8390590Z" end-time="2024-01-19T16:28:01.8391210Z" duration="0.000062" asserts="2">
                  <properties />
                </test-case>
                <test-case id="0-1744" name="GetOpposingForce_NoIntersection_WithOpposingForce" fullname="PlayersWorlds.Maps.Areas.Evolving.SideToSideForceProducerTest.GetOpposingForce_NoIntersection_WithOpposingForce" methodname="GetOpposingForce_NoIntersection_WithOpposingForce" classname="PlayersWorlds.Maps.Areas.Evolving.SideToSideForceProducerTest" runstate="Runnable" seed="1617832057" result="Passed" start-time="2024-01-19T16:28:01.8391270Z" end-time="2024-01-19T16:28:01.8391890Z" duration="0.000063" asserts="2">
                  <properties />
                </test-case>
                <test-case id="0-1737" name="GetOpposingForce_WhenCenterMatches_NoOpposingForce" fullname="PlayersWorlds.Maps.Areas.Evolving.SideToSideForceProducerTest.GetOpposingForce_WhenCenterMatches_NoOpposingForce" methodname="GetOpposingForce_WhenCenterMatches_NoOpposingForce" classname="PlayersWorlds.Maps.Areas.Evolving.SideToSideForceProducerTest" runstate="Runnable" seed="639898980" result="Passed" start-time="2024-01-19T16:28:01.8391980Z" end-time="2024-01-19T16:28:01.8392910Z" duration="0.000093" asserts="2">
                  <properties />
                </test-case>
                <test-case id="0-1738" name="GetOpposingForce_WhenCenterMatches_WithOpposingForce" fullname="PlayersWorlds.Maps.Areas.Evolving.SideToSideForceProducerTest.GetOpposingForce_WhenCenterMatches_WithOpposingForce" methodname="GetOpposingForce_WhenCenterMatches_WithOpposingForce" classname="PlayersWorlds.Maps.Areas.Evolving.SideToSideForceProducerTest" runstate="Runnable" seed="1049777942" result="Passed" start-time="2024-01-19T16:28:01.8393000Z" end-time="2024-01-19T16:28:01.8393740Z" duration="0.000074" asserts="2">
                  <properties />
                </test-case>
                <test-case id="0-1733" name="MapAreaSystemTest_DistanceCentersMatch" fullname="PlayersWorlds.Maps.Areas.Evolving.SideToSideForceProducerTest.MapAreaSystemTest_DistanceCentersMatch" methodname="MapAreaSystemTest_DistanceCentersMatch" classname="PlayersWorlds.Maps.Areas.Evolving.SideToSideForceProducerTest" runstate="Runnable" seed="364557211" result="Passed" start-time="2024-01-19T16:28:01.8393820Z" end-time="2024-01-19T16:28:01.8394980Z" duration="0.000116" asserts="3">
                  <properties />
                </test-case>
                <test-case id="0-1736" name="MapAreaSystemTest_DistanceNegativeCollide" fullname="PlayersWorlds.Maps.Areas.Evolving.SideToSideForceProducerTest.MapAreaSystemTest_DistanceNegativeCollide" methodname="MapAreaSystemTest_DistanceNegativeCollide" classname="PlayersWorlds.Maps.Areas.Evolving.SideToSideForceProducerTest" runstate="Runnable" seed="830301188" result="Passed" start-time="2024-01-19T16:28:01.8395050Z" end-time="2024-01-19T16:28:01.8396010Z" duration="0.000096" asserts="3">
                  <properties />
                </test-case>
                <test-case id="0-1734" name="MapAreaSystemTest_DistanceNegativeNormal" fullname="PlayersWorlds.Maps.Areas.Evolving.SideToSideForceProducerTest.MapAreaSystemTest_DistanceNegativeNormal" methodname="MapAreaSystemTest_DistanceNegativeNormal" classname="PlayersWorlds.Maps.Areas.Evolving.SideToSideForceProducerTest" runstate="Runnable" seed="1442439833" result="Passed" start-time="2024-01-19T16:28:01.8396070Z" end-time="2024-01-19T16:28:01.8396820Z" duration="0.000075" asserts="3">
                  <properties />
                </test-case>
                <test-case id="0-1735" name="MapAreaSystemTest_DistanceNegativeOverlap" fullname="PlayersWorlds.Maps.Areas.Evolving.SideToSideForceProducerTest.MapAreaSystemTest_DistanceNegativeOverlap" methodname="MapAreaSystemTest_DistanceNegativeOverlap" classname="PlayersWorlds.Maps.Areas.Evolving.SideToSideForceProducerTest" runstate="Runnable" seed="489296" result="Passed" start-time="2024-01-19T16:28:01.8398270Z" end-time="2024-01-19T16:28:01.8399140Z" duration="0.000088" asserts="3">
                  <properties />
                </test-case>
                <test-case id="0-1732" name="MapAreaSystemTest_DistancePositiveCollide" fullname="PlayersWorlds.Maps.Areas.Evolving.SideToSideForceProducerTest.MapAreaSystemTest_DistancePositiveCollide" methodname="MapAreaSystemTest_DistancePositiveCollide" classname="PlayersWorlds.Maps.Areas.Evolving.SideToSideForceProducerTest" runstate="Runnable" seed="2069565088" result="Passed" start-time="2024-01-19T16:28:01.8399210Z" end-time="2024-01-19T16:28:01.8399960Z" duration="0.000076" asserts="3">
                  <properties />
                </test-case>
                <test-case id="0-1730" name="MapAreaSystemTest_DistancePositiveNormal" fullname="PlayersWorlds.Maps.Areas.Evolving.SideToSideForceProducerTest.MapAreaSystemTest_DistancePositiveNormal" methodname="MapAreaSystemTest_DistancePositiveNormal" classname="PlayersWorlds.Maps.Areas.Evolving.SideToSideForceProducerTest" runstate="Runnable" seed="1238889401" result="Passed" start-time="2024-01-19T16:28:01.8400020Z" end-time="2024-01-19T16:28:01.8400770Z" duration="0.000075" asserts="3">
                  <properties />
                </test-case>
                <test-case id="0-1731" name="MapAreaSystemTest_DistancePositiveOverlap" fullname="PlayersWorlds.Maps.Areas.Evolving.SideToSideForceProducerTest.MapAreaSystemTest_DistancePositiveOverlap" methodname="MapAreaSystemTest_DistancePositiveOverlap" classname="PlayersWorlds.Maps.Areas.Evolving.SideToSideForceProducerTest" runstate="Runnable" seed="1629845216" result="Passed" start-time="2024-01-19T16:28:01.8400830Z" end-time="2024-01-19T16:28:01.8401550Z" duration="0.000073" asserts="3">
                  <properties />
                </test-case>
              </test-suite>
            </test-suite>
            <test-suite type="TestFixture" id="0-1629" name="MapAreaTest" fullname="PlayersWorlds.Maps.Areas.MapAreaTest" classname="PlayersWorlds.Maps.Areas.MapAreaTest" runstate="Runnable" testcasecount="4" result="Passed" start-time="2024-01-19T16:28:01.8401860Z" end-time="2024-01-19T16:28:01.8414080Z" duration="0.001223" total="4" passed="4" failed="0" warnings="0" inconclusive="0" skipped="0" asserts="18">
              <properties />
              <test-case id="0-1632" name="Overlaps_ReturnsFalseIfDoesNotOverlap" fullname="PlayersWorlds.Maps.Areas.MapAreaTest.Overlaps_ReturnsFalseIfDoesNotOverlap" methodname="Overlaps_ReturnsFalseIfDoesNotOverlap" classname="PlayersWorlds.Maps.Areas.MapAreaTest" runstate="Runnable" seed="1997107328" result="Passed" start-time="2024-01-19T16:28:01.8402370Z" end-time="2024-01-19T16:28:01.8403720Z" duration="0.000135" asserts="7">
                <properties />
              </test-case>
              <test-case id="0-1631" name="Overlaps_ReturnsTrueIfOverlaps" fullname="PlayersWorlds.Maps.Areas.MapAreaTest.Overlaps_ReturnsTrueIfOverlaps" methodname="Overlaps_ReturnsTrueIfOverlaps" classname="PlayersWorlds.Maps.Areas.MapAreaTest" runstate="Runnable" seed="1527765460" result="Passed" start-time="2024-01-19T16:28:01.8403790Z" end-time="2024-01-19T16:28:01.8404620Z" duration="0.000083" asserts="7">
                <properties />
              </test-case>
              <test-case id="0-1630" name="Overlaps_ThrowsIfSame" fullname="PlayersWorlds.Maps.Areas.MapAreaTest.Overlaps_ThrowsIfSame" methodname="Overlaps_ThrowsIfSame" classname="PlayersWorlds.Maps.Areas.MapAreaTest" runstate="Runnable" seed="1812307485" result="Passed" start-time="2024-01-19T16:28:01.8404670Z" end-time="2024-01-19T16:28:01.8411720Z" duration="0.000705" asserts="2">
                <properties />
              </test-case>
              <test-case id="0-1633" name="Position_ThrowsIfNotInitialized" fullname="PlayersWorlds.Maps.Areas.MapAreaTest.Position_ThrowsIfNotInitialized" methodname="Position_ThrowsIfNotInitialized" classname="PlayersWorlds.Maps.Areas.MapAreaTest" runstate="Runnable" seed="1005947752" result="Passed" start-time="2024-01-19T16:28:01.8411790Z" end-time="2024-01-19T16:28:01.8413970Z" duration="0.000218" asserts="2">
                <properties />
              </test-case>
            </test-suite>
          </test-suite>
          <test-suite type="TestFixture" id="0-1004" name="AssemblyInfoTest" fullname="PlayersWorlds.Maps.AssemblyInfoTest" classname="PlayersWorlds.Maps.AssemblyInfoTest" runstate="Runnable" testcasecount="2" result="Passed" start-time="2024-01-19T16:28:01.8414230Z" end-time="2024-01-19T16:28:01.8423410Z" duration="0.000918" total="2" passed="2" failed="0" warnings="0" inconclusive="0" skipped="0" asserts="4">
            <properties />
            <test-case id="0-1006" name="TestAssemblyCompany" fullname="PlayersWorlds.Maps.AssemblyInfoTest.TestAssemblyCompany" methodname="TestAssemblyCompany" classname="PlayersWorlds.Maps.AssemblyInfoTest" runstate="Runnable" seed="1376320765" result="Passed" start-time="2024-01-19T16:28:01.8414640Z" end-time="2024-01-19T16:28:01.8421030Z" duration="0.000639" asserts="2">
              <properties />
            </test-case>
            <test-case id="0-1005" name="TestAssemblyTitle" fullname="PlayersWorlds.Maps.AssemblyInfoTest.TestAssemblyTitle" methodname="TestAssemblyTitle" classname="PlayersWorlds.Maps.AssemblyInfoTest" runstate="Runnable" seed="50414534" result="Passed" start-time="2024-01-19T16:28:01.8421110Z" end-time="2024-01-19T16:28:01.8423300Z" duration="0.000220" asserts="2">
              <properties />
            </test-case>
          </test-suite>
          <test-suite type="TestFixture" id="0-1007" name="CellTest" fullname="PlayersWorlds.Maps.CellTest" classname="PlayersWorlds.Maps.CellTest" runstate="Runnable" testcasecount="1" result="Passed" start-time="2024-01-19T16:28:01.8423530Z" end-time="2024-01-19T16:28:01.8427410Z" duration="0.000388" total="1" passed="1" failed="0" warnings="0" inconclusive="0" skipped="0" asserts="3">
            <properties />
            <test-case id="0-1008" name="CellTagEqualityTest" fullname="PlayersWorlds.Maps.CellTest.CellTagEqualityTest" methodname="CellTagEqualityTest" classname="PlayersWorlds.Maps.CellTest" runstate="Runnable" seed="487730005" result="Passed" start-time="2024-01-19T16:28:01.8423930Z" end-time="2024-01-19T16:28:01.8427300Z" duration="0.000337" asserts="3">
              <properties />
            </test-case>
          </test-suite>
          <test-suite type="TestFixture" id="0-1571" name="DeadEndTest" fullname="PlayersWorlds.Maps.DeadEndTest" classname="PlayersWorlds.Maps.DeadEndTest" runstate="Runnable" testcasecount="1" result="Passed" start-time="2024-01-19T16:28:01.8427520Z" end-time="2024-01-19T16:28:01.8475910Z" duration="0.004839" total="1" passed="1" failed="0" warnings="0" inconclusive="0" skipped="0" asserts="7">
            <properties />
            <test-case id="0-1572" name="DeadEnd_CanFindDeadEnds" fullname="PlayersWorlds.Maps.DeadEndTest.DeadEnd_CanFindDeadEnds" methodname="DeadEnd_CanFindDeadEnds" classname="PlayersWorlds.Maps.DeadEndTest" runstate="Runnable" seed="1198358153" result="Passed" start-time="2024-01-19T16:28:01.8427920Z" end-time="2024-01-19T16:28:01.8475750Z" duration="0.004783" asserts="7">
              <properties />
            </test-case>
          </test-suite>
          <test-suite type="TestFixture" id="0-1573" name="DijkstraDistanceTest" fullname="PlayersWorlds.Maps.DijkstraDistanceTest" classname="PlayersWorlds.Maps.DijkstraDistanceTest" runstate="Runnable" testcasecount="4" result="Passed" start-time="2024-01-19T16:28:01.8476070Z" end-time="2024-01-19T16:28:01.8627240Z" duration="0.015118" total="4" passed="4" failed="0" warnings="0" inconclusive="0" skipped="0" asserts="11">
            <properties />
            <test-case id="0-1577" name="DijkstraDistance_CanFindLongestTrail" fullname="PlayersWorlds.Maps.DijkstraDistanceTest.DijkstraDistance_CanFindLongestTrail" methodname="DijkstraDistance_CanFindLongestTrail" classname="PlayersWorlds.Maps.DijkstraDistanceTest" runstate="Runnable" seed="1792956529" result="Passed" start-time="2024-01-19T16:28:01.8476820Z" end-time="2024-01-19T16:28:01.8515650Z" duration="0.003883" asserts="4">
              <properties />
            </test-case>
            <test-case id="0-1575" name="DijkstraDistance_CanSolveAMaze" fullname="PlayersWorlds.Maps.DijkstraDistanceTest.DijkstraDistance_CanSolveAMaze" methodname="DijkstraDistance_CanSolveAMaze" classname="PlayersWorlds.Maps.DijkstraDistanceTest" runstate="Runnable" seed="853915045" result="Passed" start-time="2024-01-19T16:28:01.8515740Z" end-time="2024-01-19T16:28:01.8522880Z" duration="0.000715" asserts="4">
              <properties />
            </test-case>
            <test-case id="0-1574" name="DijkstraDistance_FindsAllDistances" fullname="PlayersWorlds.Maps.DijkstraDistanceTest.DijkstraDistance_FindsAllDistances" methodname="DijkstraDistance_FindsAllDistances" classname="PlayersWorlds.Maps.DijkstraDistanceTest" runstate="Runnable" seed="613978712" result="Passed" start-time="2024-01-19T16:28:01.8522960Z" end-time="2024-01-19T16:28:01.8625000Z" duration="0.010204" asserts="2">
              <properties />
              <output><![CDATA[AldousBroderMazeGenerator: Generating maze 10x10 with PlayersWorlds.Maps.Maze.GeneratorOptions(Full, None, <null>, PlayersWorlds.Maps.Areas.RandomAreaGenerator, <null>)
]]></output>
            </test-case>
            <test-case id="0-1576" name="DijkstraDistance_ReturnsEmptyIfNoSolutionFound" fullname="PlayersWorlds.Maps.DijkstraDistanceTest.DijkstraDistance_ReturnsEmptyIfNoSolutionFound" methodname="DijkstraDistance_ReturnsEmptyIfNoSolutionFound" classname="PlayersWorlds.Maps.DijkstraDistanceTest" runstate="Runnable" seed="1209473984" result="Passed" start-time="2024-01-19T16:28:01.8625420Z" end-time="2024-01-19T16:28:01.8627120Z" duration="0.000170" asserts="1">
              <properties />
            </test-case>
          </test-suite>
          <test-suite type="TestFixture" id="0-1009" name="ExtensionsTest" fullname="PlayersWorlds.Maps.ExtensionsTest" classname="PlayersWorlds.Maps.ExtensionsTest" runstate="Runnable" testcasecount="2" result="Passed" start-time="2024-01-19T16:28:01.8627340Z" end-time="2024-01-19T16:28:01.8632120Z" duration="0.000477" total="2" passed="2" failed="0" warnings="0" inconclusive="0" skipped="0" asserts="3">
            <properties />
            <test-case id="0-1011" name="TryDequeue_Dequeues" fullname="PlayersWorlds.Maps.ExtensionsTest.TryDequeue_Dequeues" methodname="TryDequeue_Dequeues" classname="PlayersWorlds.Maps.ExtensionsTest" runstate="Runnable" seed="294087072" result="Passed" start-time="2024-01-19T16:28:01.8627720Z" end-time="2024-01-19T16:28:01.8631290Z" duration="0.000357" asserts="2">
              <properties />
            </test-case>
            <test-case id="0-1010" name="TryDequeue_DoesNotThrow" fullname="PlayersWorlds.Maps.ExtensionsTest.TryDequeue_DoesNotThrow" methodname="TryDequeue_DoesNotThrow" classname="PlayersWorlds.Maps.ExtensionsTest" runstate="Runnable" seed="404969773" result="Passed" start-time="2024-01-19T16:28:01.8631360Z" end-time="2024-01-19T16:28:01.8632020Z" duration="0.000066" asserts="1">
              <properties />
            </test-case>
          </test-suite>
          <test-suite type="TestFixture" id="0-1012" name="GlobalRandomTest" fullname="PlayersWorlds.Maps.GlobalRandomTest" classname="PlayersWorlds.Maps.GlobalRandomTest" runstate="Runnable" testcasecount="3" result="Passed" start-time="2024-01-19T16:28:01.8632220Z" end-time="2024-01-19T16:28:01.8665170Z" duration="0.003295" total="3" passed="3" failed="0" warnings="0" inconclusive="0" skipped="0" asserts="1002">
            <properties />
            <test-case id="0-1013" name="RandomCollectionItem" fullname="PlayersWorlds.Maps.GlobalRandomTest.RandomCollectionItem" methodname="RandomCollectionItem" classname="PlayersWorlds.Maps.GlobalRandomTest" runstate="Runnable" seed="921875680" result="Passed" start-time="2024-01-19T16:28:01.8632560Z" end-time="2024-01-19T16:28:01.8638500Z" duration="0.000594" asserts="1">
              <properties />
            </test-case>
            <test-case id="0-1015" name="RandomInRange" fullname="PlayersWorlds.Maps.GlobalRandomTest.RandomInRange" methodname="RandomInRange" classname="PlayersWorlds.Maps.GlobalRandomTest" runstate="Runnable" seed="2113183176" result="Passed" start-time="2024-01-19T16:28:01.8638580Z" end-time="2024-01-19T16:28:01.8652150Z" duration="0.001357" asserts="1000">
              <properties />
            </test-case>
            <test-case id="0-1014" name="ThrowsIfEmptyCollection" fullname="PlayersWorlds.Maps.GlobalRandomTest.ThrowsIfEmptyCollection" methodname="ThrowsIfEmptyCollection" classname="PlayersWorlds.Maps.GlobalRandomTest" runstate="Runnable" seed="1335465399" result="Passed" start-time="2024-01-19T16:28:01.8652220Z" end-time="2024-01-19T16:28:01.8665050Z" duration="0.001283" asserts="1">
              <properties />
            </test-case>
          </test-suite>
          <test-suite type="TestFixture" id="0-1016" name="Map2DTest" fullname="PlayersWorlds.Maps.Map2DTest" classname="PlayersWorlds.Maps.Map2DTest" runstate="Runnable" testcasecount="5" result="Passed" start-time="2024-01-19T16:28:01.8665280Z" end-time="2024-01-19T16:28:01.8693890Z" duration="0.002861" total="5" passed="5" failed="0" warnings="0" inconclusive="0" skipped="0" asserts="21">
            <properties />
            <test-case id="0-1020" name="CellsAt_FourCellsFar" fullname="PlayersWorlds.Maps.Map2DTest.CellsAt_FourCellsFar" methodname="CellsAt_FourCellsFar" classname="PlayersWorlds.Maps.Map2DTest" runstate="Runnable" seed="427453631" result="Passed" start-time="2024-01-19T16:28:01.8665650Z" end-time="2024-01-19T16:28:01.8680320Z" duration="0.001467" asserts="5">
              <properties />
            </test-case>
            <test-case id="0-1017" name="CellsAt_OneCell" fullname="PlayersWorlds.Maps.Map2DTest.CellsAt_OneCell" methodname="CellsAt_OneCell" classname="PlayersWorlds.Maps.Map2DTest" runstate="Runnable" seed="627668606" result="Passed" start-time="2024-01-19T16:28:01.8680410Z" end-time="2024-01-19T16:28:01.8682820Z" duration="0.000241" asserts="2">
              <properties />
            </test-case>
            <test-case id="0-1021" name="CellsAt_OutOfBounds" fullname="PlayersWorlds.Maps.Map2DTest.CellsAt_OutOfBounds" methodname="CellsAt_OutOfBounds" classname="PlayersWorlds.Maps.Map2DTest" runstate="Runnable" seed="1262444384" result="Passed" start-time="2024-01-19T16:28:01.8682890Z" end-time="2024-01-19T16:28:01.8687140Z" duration="0.000425" asserts="4">
              <properties />
            </test-case>
            <test-case id="0-1019" name="CellsAt_TreeByTwo" fullname="PlayersWorlds.Maps.Map2DTest.CellsAt_TreeByTwo" methodname="CellsAt_TreeByTwo" classname="PlayersWorlds.Maps.Map2DTest" runstate="Runnable" seed="522232958" result="Passed" start-time="2024-01-19T16:28:01.8687210Z" end-time="2024-01-19T16:28:01.8691320Z" duration="0.000411" asserts="7">
              <properties />
            </test-case>
            <test-case id="0-1018" name="CellsAt_TwoCells" fullname="PlayersWorlds.Maps.Map2DTest.CellsAt_TwoCells" methodname="CellsAt_TwoCells" classname="PlayersWorlds.Maps.Map2DTest" runstate="Runnable" seed="108511414" result="Passed" start-time="2024-01-19T16:28:01.8691390Z" end-time="2024-01-19T16:28:01.8693780Z" duration="0.000239" asserts="3">
              <properties />
            </test-case>
          </test-suite>
          <test-suite type="TestSuite" id="0-1756" name="Maze" fullname="PlayersWorlds.Maps.Maze" runstate="Runnable" testcasecount="1" result="Passed" start-time="2024-01-19T16:28:01.6790830Z" end-time="2024-01-19T16:28:01.8715150Z" duration="0.192433" total="1" passed="1" failed="0" warnings="0" inconclusive="0" skipped="0" asserts="1">
            <properties />
            <test-suite type="TestFixture" id="0-1627" name="Maze2DRendererTest" fullname="PlayersWorlds.Maps.Maze.Maze2DRendererTest" classname="PlayersWorlds.Maps.Maze.Maze2DRendererTest" runstate="Runnable" testcasecount="1" result="Passed" start-time="2024-01-19T16:28:01.8693990Z" end-time="2024-01-19T16:28:01.8715100Z" duration="0.002111" total="1" passed="1" failed="0" warnings="0" inconclusive="0" skipped="0" asserts="1">
              <properties />
              <test-case id="0-1628" name="ThrowsIfCantFit" fullname="PlayersWorlds.Maps.Maze.Maze2DRendererTest.ThrowsIfCantFit" methodname="ThrowsIfCantFit" classname="PlayersWorlds.Maps.Maze.Maze2DRendererTest" runstate="Runnable" seed="1440533639" result="Passed" start-time="2024-01-19T16:28:01.8694360Z" end-time="2024-01-19T16:28:01.8714960Z" duration="0.002060" asserts="1">
                <properties />
                <output><![CDATA[42x42
]]></output>
              </test-case>
            </test-suite>
          </test-suite>
          <test-suite type="TestFixture" id="0-1586" name="Maze2DRendererTest" fullname="PlayersWorlds.Maps.Maze2DRendererTest" classname="PlayersWorlds.Maps.Maze2DRendererTest" runstate="Runnable" testcasecount="8" result="Passed" start-time="2024-01-19T16:28:01.8715250Z" end-time="2024-01-19T16:28:01.8880190Z" duration="0.016494" total="8" passed="8" failed="0" warnings="0" inconclusive="0" skipped="0" asserts="57">
            <properties />
            <test-case id="0-1589" name="CanRenderAMapWithFilledAreas" fullname="PlayersWorlds.Maps.Maze2DRendererTest.CanRenderAMapWithFilledAreas" methodname="CanRenderAMapWithFilledAreas" classname="PlayersWorlds.Maps.Maze2DRendererTest" runstate="Runnable" seed="1020727219" result="Passed" start-time="2024-01-19T16:28:01.8715650Z" end-time="2024-01-19T16:28:01.8758980Z" duration="0.004333" asserts="1">
              <properties />
              <output><![CDATA[0▓▓▓▓▓▓▓▓▓▓▓▓▓▓00000
0▓░░░░░░░░░░░░▓00000
0▓░░▒▓▓▓▓▓▒░░░▓▓0000
0▓░░▓▓000░▓░░░▒▓▓▓▓0
0▓░░▓00000▓░░░░░░░▓0
0▓░░▓00000▓▓▓▓▓▓▓▓▓0
0▓░░▓0000000000▓░░▓0
0▓░░▓0000000000▓░░▓0
0▓░░▓▓00000000▓▓░░▓0
0▓░░▒▓▓▓▓▓▓▓▓▓▓▒░░▓0
0▓░░░░░░░░░░░░░░░░▓0
0▓▓▓▓▓▓▓▓▓▓▓▓▓▓▓▓▓▓0

0▓▓▓▓▓▓▓▓▓▓▓▓▓▓00000
0▓░░░░░░░░░░░░▓00000
0▓░░▒▓▓▓▓▓▒░░░▓▓0000
0▓░░▓▓000░▓░░░▒▓▓▓▓0
0▓░░▓00000▓░░░░░░░▓0
0▓░░▓00000▓▓▓▓▓▓▓▓▓0
0▓░░▓0000000000▓░░▓0
0▓░░▓0000000000▓░░▓0
0▓░░▓▓00000000▓▓░░▓0
0▓░░▒▓▓▓▓▓▓▓▓▓▓▒░░▓0
0▓░░░░░░░░░░░░░░░░▓0
0▓▓▓▓▓▓▓▓▓▓▓▓▓▓▓▓▓▓0

]]></output>
            </test-case>
            <test-case id="0-1590" name="CanRenderAMapWithHallAreas" fullname="PlayersWorlds.Maps.Maze2DRendererTest.CanRenderAMapWithHallAreas" methodname="CanRenderAMapWithHallAreas" classname="PlayersWorlds.Maps.Maze2DRendererTest" runstate="Runnable" seed="1106930616" result="Passed" start-time="2024-01-19T16:28:01.8759080Z" end-time="2024-01-19T16:28:01.8768850Z" duration="0.000977" asserts="1">
              <properties />
              <output><![CDATA[0▓▓▓▓▓▓▓▓▓▓▓▓▓▓00000
0▓░░░░░░░░░░░░▓00000
0▓░░▒▓▓▓▓▓▒░░░▓▓0000
0▓░░▓▓▓▓▓▓▓░░░▒▓▓▓▓0
0▓░░▓▓▓▓▓▓▓░░░░░░░▓0
0▓░░▒▓▓▓▓▓▓▓▓▓▓▓▓▓▓0
0▓░░░░░░░░░░░░░░░░▓0
0▓░░░░░░░░░░░░░░░░▓0
0▓░░░░░░░░░░░░░░░░▓0
0▓░░░░░░░░░░░░░░░░▓0
0▓░░░░░░░░░░░░░░░░▓0
0▓▓▓▓▓▓▓▓▓▓▓▓▓▓▓▓▓▓0

0▓▓▓▓▓▓▓▓▓▓▓▓▓▓00000
0▓░░░░░░░░░░░░▓00000
0▓░░▒▓▓▓▓▓▒░░░▓▓0000
0▓░░▓▓▓▓▓▓▓░░░▒▓▓▓▓0
0▓░░▓▓▓▓▓▓▓░░░░░░░▓0
0▓░░▒▓▓▓▓▓▓▓▓▓▓▓▓▓▓0
0▓░░░░░░░░░░░░░░░░▓0
0▓░░░░░░░░░░░░░░░░▓0
0▓░░░░░░░░░░░░░░░░▓0
0▓░░░░░░░░░░░░░░░░▓0
0▓░░░░░░░░░░░░░░░░▓0
0▓▓▓▓▓▓▓▓▓▓▓▓▓▓▓▓▓▓0

]]></output>
            </test-case>
            <test-case id="0-1587" name="CanRenderAMapWithSmoothCorners" fullname="PlayersWorlds.Maps.Maze2DRendererTest.CanRenderAMapWithSmoothCorners" methodname="CanRenderAMapWithSmoothCorners" classname="PlayersWorlds.Maps.Maze2DRendererTest" runstate="Runnable" seed="1759307600" result="Passed" start-time="2024-01-19T16:28:01.8768950Z" end-time="2024-01-19T16:28:01.8778230Z" duration="0.000928" asserts="1">
              <properties />
              <output><![CDATA[0000000000000
▓▓▓▓▓▓▓▓▓0000
▓░░░░░░░▓▓000
▓░▒▓▓▓▒░▒▓▓▓▓
▓░▓▓▓▓▓░░░░░▓
▓░▓▓▓▓▓░░░░░▓
▓░▓▓▓▓▓▓▓▓▓▓▓
▓░▒▓▓▓▓▓▓▓▓▓▓
▓░░░░░▓▓▓▓░░▓
▓░░░░░▒▓▓▒░░▓
▓░░░░░░░░░░░▓
▓░░░░░░░░░░░▓
▓▓▓▓▓▓▓▓▓▓▓▓▓
0000000000000

]]></output>
            </test-case>
            <test-case id="0-1588" name="CanRenderAMapWithVoids" fullname="PlayersWorlds.Maps.Maze2DRendererTest.CanRenderAMapWithVoids" methodname="CanRenderAMapWithVoids" classname="PlayersWorlds.Maps.Maze2DRendererTest" runstate="Runnable" seed="1184245468" result="Passed" start-time="2024-01-19T16:28:01.8778330Z" end-time="2024-01-19T16:28:01.8787010Z" duration="0.000869" asserts="1">
              <properties />
              <output><![CDATA[0▓▓▓▓▓▓▓▓▓▓▓▓▓▓00000
0▓░░░░░░░░░░░░▓00000
0▓░░▒▓▓▓▓▓▒░░░▓▓0000
0▓░░▓▓▓▓▓▓▓░░░▒▓▓▓▓0
0▓░░▓▓▓▓▓▓▓░░░░░░░▓0
0▓░░▒▓▓▓▓▓▓▓▓▓▓▓▓▓▓0
0▓░░░░░░░▓00000▓░░▓0
0▓░░░░░░░▓00000▓░░▓0
0▓░░░░░░░▓▓▓▓▓▓▓░░▓0
0▓░░░░░░░▒▓▓▓▓▓▒░░▓0
0▓░░░░░░░░░░░░░░░░▓0
0▓▓▓▓▓▓▓▓▓▓▓▓▓▓▓▓▓▓0

0▓▓▓▓▓▓▓▓▓▓▓▓▓▓00000
0▓░░░░░░░░░░░░▓00000
0▓░░▒▓▓▓▓▓▒░░░▓▓0000
0▓░░▓▓▓▓▓▓▓░░░▒▓▓▓▓0
0▓░░▓▓▓▓▓▓▓░░░░░░░▓0
0▓░░▒▓▓▓▓▓▓▓▓▓▓▓▓▓▓0
0▓░░░░░░░▓00000▓░░▓0
0▓░░░░░░░▓00000▓░░▓0
0▓░░░░░░░▓▓▓▓▓▓▓░░▓0
0▓░░░░░░░▒▓▓▓▓▓▒░░▓0
0▓░░░░░░░░░░░░░░░░▓0
0▓▓▓▓▓▓▓▓▓▓▓▓▓▓▓▓▓▓0

]]></output>
            </test-case>
            <test-case id="0-1594" name="CellsMapping_ValidMapping" fullname="PlayersWorlds.Maps.Maze2DRendererTest.CellsMapping_ValidMapping" methodname="CellsMapping_ValidMapping" classname="PlayersWorlds.Maps.Maze2DRendererTest" runstate="Runnable" seed="618419806" result="Passed" start-time="2024-01-19T16:28:01.8787100Z" end-time="2024-01-19T16:28:01.8829680Z" duration="0.004259" asserts="45">
              <properties />
            </test-case>
            <test-case id="0-1591" name="Maze2DStringBoxRenderer_CanConvertToAscii" fullname="PlayersWorlds.Maps.Maze2DRendererTest.Maze2DStringBoxRenderer_CanConvertToAscii" methodname="Maze2DStringBoxRenderer_CanConvertToAscii" classname="PlayersWorlds.Maps.Maze2DRendererTest" runstate="Runnable" seed="97368277" result="Passed" start-time="2024-01-19T16:28:01.8829810Z" end-time="2024-01-19T16:28:01.8864000Z" duration="0.003418" asserts="1">
              <properties />
              <output><![CDATA[┌───────────┐    
│           │    
│   ┌───┐   └───┐
│   │   │       │
│   └───┼───┬───┤
│       │   │   │
│   ┼   └───┘   │
│               │
└───────────────┘

]]></output>
            </test-case>
            <test-case id="0-1592" name="Maze2DStringBoxRenderer_CanConvertToAsciiWithData" fullname="PlayersWorlds.Maps.Maze2DRendererTest.Maze2DStringBoxRenderer_CanConvertToAsciiWithData" methodname="Maze2DStringBoxRenderer_CanConvertToAsciiWithData" classname="PlayersWorlds.Maps.Maze2DRendererTest" runstate="Runnable" seed="441081052" result="Passed" start-time="2024-01-19T16:28:01.8864100Z" end-time="2024-01-19T16:28:01.8874780Z" duration="0.001067" asserts="1">
              <properties />
              <output><![CDATA[┌───────────┐    
│ 4   3   2 │    
│   ┌───┐   └───┐
│ 5 │   │ 1   0 │
│   └───┼───┬───┤
│ 6     │   │ b │
│   ┼   └───┘   │
│ 7   8   9   a │
└───────────────┘

]]></output>
            </test-case>
            <test-case id="0-1593" name="Maze2DToMap2DConverter_ThrowsIfInvalidOptions" fullname="PlayersWorlds.Maps.Maze2DRendererTest.Maze2DToMap2DConverter_ThrowsIfInvalidOptions" methodname="Maze2DToMap2DConverter_ThrowsIfInvalidOptions" classname="PlayersWorlds.Maps.Maze2DRendererTest" runstate="Runnable" seed="350717144" result="Passed" start-time="2024-01-19T16:28:01.8874880Z" end-time="2024-01-19T16:28:01.8880040Z" duration="0.000516" asserts="6">
              <properties />
            </test-case>
          </test-suite>
          <test-suite type="TestFixture" id="0-1022" name="Maze2DTest" fullname="PlayersWorlds.Maps.Maze2DTest" classname="PlayersWorlds.Maps.Maze2DTest" runstate="Runnable" testcasecount="13" result="Passed" start-time="2024-01-19T16:28:01.8880320Z" end-time="2024-01-19T16:28:01.9058850Z" duration="0.017853" total="13" passed="13" failed="0" warnings="0" inconclusive="0" skipped="0" asserts="177">
            <properties />
            <test-case id="0-1029" name="Maze2D_AddsNoRoomsToASmallMaze" fullname="PlayersWorlds.Maps.Maze2DTest.Maze2D_AddsNoRoomsToASmallMaze" methodname="Maze2D_AddsNoRoomsToASmallMaze" classname="PlayersWorlds.Maps.Maze2DTest" runstate="Runnable" seed="1419656945" result="Passed" start-time="2024-01-19T16:28:01.8880710Z" end-time="2024-01-19T16:28:01.8890790Z" duration="0.001008" asserts="1">
              <properties />
              <output><![CDATA[AldousBroderMazeGenerator: Generating maze 3x3 with PlayersWorlds.Maps.Maze.GeneratorOptions(Full, Auto, <null>, PlayersWorlds.Maps.Areas.RandomAreaGenerator, <null>)
]]></output>
            </test-case>
            <test-case id="0-1028" name="Maze2D_AddsNoRoomsWhenNoneRequested" fullname="PlayersWorlds.Maps.Maze2DTest.Maze2D_AddsNoRoomsWhenNoneRequested" methodname="Maze2D_AddsNoRoomsWhenNoneRequested" classname="PlayersWorlds.Maps.Maze2DTest" runstate="Runnable" seed="779991815" result="Passed" start-time="2024-01-19T16:28:01.8890890Z" end-time="2024-01-19T16:28:01.8905590Z" duration="0.001470" asserts="1">
              <properties />
              <output><![CDATA[AldousBroderMazeGenerator: Generating maze 10x10 with PlayersWorlds.Maps.Maze.GeneratorOptions(Full, Manual, <null>, PlayersWorlds.Maps.Areas.RandomAreaGenerator, <null>)
]]></output>
            </test-case>
            <test-case id="0-1032" name="Maze2D_AddsOneFill" fullname="PlayersWorlds.Maps.Maze2DTest.Maze2D_AddsOneFill" methodname="Maze2D_AddsOneFill" classname="PlayersWorlds.Maps.Maze2DTest" runstate="Runnable" seed="660487384" result="Passed" start-time="2024-01-19T16:28:01.8905690Z" end-time="2024-01-19T16:28:01.8919500Z" duration="0.001381" asserts="1">
              <properties />
              <output><![CDATA[AldousBroderMazeGenerator: Generating maze 5x5 with PlayersWorlds.Maps.Maze.GeneratorOptions(Full, Manual, List`1<MapArea>(P2x1;S2x2;Fill), PlayersWorlds.Maps.Areas.RandomAreaGenerator, <null>)
]]></output>
            </test-case>
            <test-case id="0-1031" name="Maze2D_AddsOneHall" fullname="PlayersWorlds.Maps.Maze2DTest.Maze2D_AddsOneHall" methodname="Maze2D_AddsOneHall" classname="PlayersWorlds.Maps.Maze2DTest" runstate="Runnable" seed="1766922192" result="Passed" start-time="2024-01-19T16:28:01.8919620Z" end-time="2024-01-19T16:28:01.8923190Z" duration="0.000357" asserts="1">
              <properties />
              <output><![CDATA[AldousBroderMazeGenerator: Generating maze 5x5 with PlayersWorlds.Maps.Maze.GeneratorOptions(Full, Manual, List`1<MapArea>(P2x1;S2x2;Hall), PlayersWorlds.Maps.Areas.RandomAreaGenerator, <null>)
]]></output>
            </test-case>
            <test-case id="0-1030" name="Maze2D_AddsRooms" fullname="PlayersWorlds.Maps.Maze2DTest.Maze2D_AddsRooms" methodname="Maze2D_AddsRooms" classname="PlayersWorlds.Maps.Maze2DTest" runstate="Runnable" seed="1840284893" result="Passed" start-time="2024-01-19T16:28:01.8923270Z" end-time="2024-01-19T16:28:01.9006630Z" duration="0.008337" asserts="1">
              <properties />
              <output><![CDATA[AldousBroderMazeGenerator: Generating maze 5x5 with PlayersWorlds.Maps.Maze.GeneratorOptions(Full, Auto, <null>, PlayersWorlds.Maps.Areas.RandomAreaGenerator, <null>)
]]></output>
            </test-case>
            <test-case id="0-1034" name="Maze2D_CanParse" fullname="PlayersWorlds.Maps.Maze2DTest.Maze2D_CanParse" methodname="Maze2D_CanParse" classname="PlayersWorlds.Maps.Maze2DTest" runstate="Runnable" seed="921520668" result="Passed" start-time="2024-01-19T16:28:01.9006830Z" end-time="2024-01-19T16:28:01.9012720Z" duration="0.000589" asserts="16">
              <properties />
              <output><![CDATA[┌───────────┐
│           │
├───╴   ┌───┤
│       │   │
│   ╷   ╵   │
│   │       │
└───┴───────┘

]]></output>
            </test-case>
            <test-case id="0-1035" name="Maze2D_CanParse2" fullname="PlayersWorlds.Maps.Maze2DTest.Maze2D_CanParse2" methodname="Maze2D_CanParse2" classname="PlayersWorlds.Maps.Maze2DTest" runstate="Runnable" seed="2011692933" result="Passed" start-time="2024-01-19T16:28:01.9012790Z" end-time="2024-01-19T16:28:01.9013550Z" duration="0.000075" asserts="1">
              <properties />
            </test-case>
            <test-case id="0-1027" name="Maze2D_CanRenderMap" fullname="PlayersWorlds.Maps.Maze2DTest.Maze2D_CanRenderMap" methodname="Maze2D_CanRenderMap" classname="PlayersWorlds.Maps.Maze2DTest" runstate="Runnable" seed="210050000" result="Passed" start-time="2024-01-19T16:28:01.9013600Z" end-time="2024-01-19T16:28:01.9021850Z" duration="0.000825" asserts="1">
              <properties />
              <output><![CDATA[AldousBroderMazeGenerator: Generating maze 3x3 with PlayersWorlds.Maps.Maze.GeneratorOptions(Full, None, <null>, PlayersWorlds.Maps.Areas.RandomAreaGenerator, <null>)
]]></output>
            </test-case>
            <test-case id="0-1026" name="Maze2D_CellsNeighborsAreValid" fullname="PlayersWorlds.Maps.Maze2DTest.Maze2D_CellsNeighborsAreValid" methodname="Maze2D_CellsNeighborsAreValid" classname="PlayersWorlds.Maps.Maze2DTest" runstate="Runnable" seed="828597061" result="Passed" start-time="2024-01-19T16:28:01.9021930Z" end-time="2024-01-19T16:28:01.9036340Z" duration="0.001441" asserts="136">
              <properties />
            </test-case>
            <test-case id="0-1033" name="Maze2D_HasAttributesSet" fullname="PlayersWorlds.Maps.Maze2DTest.Maze2D_HasAttributesSet" methodname="Maze2D_HasAttributesSet" classname="PlayersWorlds.Maps.Maze2DTest" runstate="Runnable" seed="1694642699" result="Passed" start-time="2024-01-19T16:28:01.9036440Z" end-time="2024-01-19T16:28:01.9038230Z" duration="0.000180" asserts="2">
              <properties />
              <output><![CDATA[AldousBroderMazeGenerator: Generating maze 3x3 with PlayersWorlds.Maps.Maze.GeneratorOptions(Full, None, <null>, PlayersWorlds.Maps.Areas.RandomAreaGenerator, <null>)
]]></output>
            </test-case>
            <test-case id="0-1023" name="Maze2D_IsInitialized" fullname="PlayersWorlds.Maps.Maze2DTest.Maze2D_IsInitialized" methodname="Maze2D_IsInitialized" classname="PlayersWorlds.Maps.Maze2DTest" runstate="Runnable" seed="745763462" result="Passed" start-time="2024-01-19T16:28:01.9038300Z" end-time="2024-01-19T16:28:01.9039650Z" duration="0.000136" asserts="4">
              <properties />
            </test-case>
            <test-case id="0-1025" name="Maze2D_ToMapWrongOptions" fullname="PlayersWorlds.Maps.Maze2DTest.Maze2D_ToMapWrongOptions" methodname="Maze2D_ToMapWrongOptions" classname="PlayersWorlds.Maps.Maze2DTest" runstate="Runnable" seed="683045686" result="Passed" start-time="2024-01-19T16:28:01.9039720Z" end-time="2024-01-19T16:28:01.9055930Z" duration="0.001621" asserts="7">
              <properties />
            </test-case>
            <test-case id="0-1024" name="Maze2D_WrongSize" fullname="PlayersWorlds.Maps.Maze2DTest.Maze2D_WrongSize" methodname="Maze2D_WrongSize" classname="PlayersWorlds.Maps.Maze2DTest" runstate="Runnable" seed="382739045" result="Passed" start-time="2024-01-19T16:28:01.9056020Z" end-time="2024-01-19T16:28:01.9058720Z" duration="0.000269" asserts="5">
              <properties />
            </test-case>
          </test-suite>
          <test-suite type="TestFixture" id="0-1036" name="MazeCellTest" fullname="PlayersWorlds.Maps.MazeCellTest" classname="PlayersWorlds.Maps.MazeCellTest" runstate="Runnable" testcasecount="4" result="Passed" start-time="2024-01-19T16:28:01.9059030Z" end-time="2024-01-19T16:28:01.9074520Z" duration="0.001549" total="4" passed="4" failed="0" warnings="0" inconclusive="0" skipped="0" asserts="21">
            <properties />
            <test-case id="0-1038" name="CanAssignMapAreaOnce" fullname="PlayersWorlds.Maps.MazeCellTest.CanAssignMapAreaOnce" methodname="CanAssignMapAreaOnce" classname="PlayersWorlds.Maps.MazeCellTest" runstate="Runnable" seed="1063133886" result="Passed" start-time="2024-01-19T16:28:01.9059450Z" end-time="2024-01-19T16:28:01.9064910Z" duration="0.000547" asserts="3">
              <properties />
            </test-case>
            <test-case id="0-1040" name="DoubleLinkingThrowsError" fullname="PlayersWorlds.Maps.MazeCellTest.DoubleLinkingThrowsError" methodname="DoubleLinkingThrowsError" classname="PlayersWorlds.Maps.MazeCellTest" runstate="Runnable" seed="948542256" result="Passed" start-time="2024-01-19T16:28:01.9064990Z" end-time="2024-01-19T16:28:01.9066360Z" duration="0.000137" asserts="1">
              <properties />
            </test-case>
            <test-case id="0-1037" name="LinksAreMutual" fullname="PlayersWorlds.Maps.MazeCellTest.LinksAreMutual" methodname="LinksAreMutual" classname="PlayersWorlds.Maps.MazeCellTest" runstate="Runnable" seed="899662406" result="Passed" start-time="2024-01-19T16:28:01.9066430Z" end-time="2024-01-19T16:28:01.9071610Z" duration="0.000519" asserts="10">
              <properties />
            </test-case>
            <test-case id="0-1039" name="ToStringTest" fullname="PlayersWorlds.Maps.MazeCellTest.ToStringTest" methodname="ToStringTest" classname="PlayersWorlds.Maps.MazeCellTest" runstate="Runnable" seed="43911942" result="Passed" start-time="2024-01-19T16:28:01.9071690Z" end-time="2024-01-19T16:28:01.9074420Z" duration="0.000273" asserts="7">
              <properties />
            </test-case>
          </test-suite>
          <test-suite type="TestFixture" id="0-1041" name="MazeGeneratorTest" fullname="PlayersWorlds.Maps.MazeGeneratorTest" classname="PlayersWorlds.Maps.MazeGeneratorTest" runstate="Runnable" testcasecount="526" result="Passed" start-time="2024-01-19T16:28:01.9074630Z" end-time="2024-01-19T16:28:02.0091700Z" duration="0.101708" total="22" passed="22" failed="0" warnings="0" inconclusive="0" skipped="0" asserts="40">
            <properties />
            <test-suite type="ParameterizedMethod" id="0-1570" name="CanFindPaths" fullname="PlayersWorlds.Maps.MazeGeneratorTest.CanFindPaths" classname="PlayersWorlds.Maps.MazeGeneratorTest" runstate="Runnable" testcasecount="6" result="Passed" start-time="2024-01-19T16:28:01.9074980Z" end-time="2024-01-19T16:28:01.9150750Z" duration="0.007577" total="6" passed="6" failed="0" warnings="0" inconclusive="0" skipped="0" asserts="12">
              <properties />
              <test-case id="0-1564" name="CanFindPaths(PlayersWorlds.Maps.Maze.AldousBroderMazeGenerator)" fullname="PlayersWorlds.Maps.MazeGeneratorTest.CanFindPaths(PlayersWorlds.Maps.Maze.AldousBroderMazeGenerator)" methodname="CanFindPaths" classname="PlayersWorlds.Maps.MazeGeneratorTest" runstate="Runnable" seed="299872014" result="Passed" start-time="2024-01-19T16:28:01.9075130Z" end-time="2024-01-19T16:28:01.9077370Z" duration="0.000224" asserts="2">
                <properties />
              </test-case>
              <test-case id="0-1565" name="CanFindPaths(PlayersWorlds.Maps.Maze.BinaryTreeMazeGenerator)" fullname="PlayersWorlds.Maps.MazeGeneratorTest.CanFindPaths(PlayersWorlds.Maps.Maze.BinaryTreeMazeGenerator)" methodname="CanFindPaths" classname="PlayersWorlds.Maps.MazeGeneratorTest" runstate="Runnable" seed="986522775" result="Passed" start-time="2024-01-19T16:28:01.9077440Z" end-time="2024-01-19T16:28:01.9127870Z" duration="0.005043" asserts="2">
                <properties />
              </test-case>
              <test-case id="0-1566" name="CanFindPaths(PlayersWorlds.Maps.Maze.HuntAndKillMazeGenerator)" fullname="PlayersWorlds.Maps.MazeGeneratorTest.CanFindPaths(PlayersWorlds.Maps.Maze.HuntAndKillMazeGenerator)" methodname="CanFindPaths" classname="PlayersWorlds.Maps.MazeGeneratorTest" runstate="Runnable" seed="1577133050" result="Passed" start-time="2024-01-19T16:28:01.9127980Z" end-time="2024-01-19T16:28:01.9132030Z" duration="0.000405" asserts="2">
                <properties />
              </test-case>
              <test-case id="0-1567" name="CanFindPaths(PlayersWorlds.Maps.Maze.RecursiveBacktrackerMazeGenerator)" fullname="PlayersWorlds.Maps.MazeGeneratorTest.CanFindPaths(PlayersWorlds.Maps.Maze.RecursiveBacktrackerMazeGenerator)" methodname="CanFindPaths" classname="PlayersWorlds.Maps.MazeGeneratorTest" runstate="Runnable" seed="1939503339" result="Passed" start-time="2024-01-19T16:28:01.9132120Z" end-time="2024-01-19T16:28:01.9140050Z" duration="0.000794" asserts="2">
                <properties />
              </test-case>
              <test-case id="0-1568" name="CanFindPaths(PlayersWorlds.Maps.Maze.SidewinderMazeGenerator)" fullname="PlayersWorlds.Maps.MazeGeneratorTest.CanFindPaths(PlayersWorlds.Maps.Maze.SidewinderMazeGenerator)" methodname="CanFindPaths" classname="PlayersWorlds.Maps.MazeGeneratorTest" runstate="Runnable" seed="1618087651" result="Passed" start-time="2024-01-19T16:28:01.9140200Z" end-time="2024-01-19T16:28:01.9146970Z" duration="0.000678" asserts="2">
                <properties />
              </test-case>
              <test-case id="0-1569" name="CanFindPaths(PlayersWorlds.Maps.Maze.WilsonsMazeGenerator)" fullname="PlayersWorlds.Maps.MazeGeneratorTest.CanFindPaths(PlayersWorlds.Maps.Maze.WilsonsMazeGenerator)" methodname="CanFindPaths" classname="PlayersWorlds.Maps.MazeGeneratorTest" runstate="Runnable" seed="1432657599" result="Passed" start-time="2024-01-19T16:28:01.9147090Z" end-time="2024-01-19T16:28:01.9150650Z" duration="0.000356" asserts="2">
                <properties />
              </test-case>
            </test-suite>
            <test-suite type="ParameterizedMethod" id="0-1049" name="CanGenerateMazes" fullname="PlayersWorlds.Maps.MazeGeneratorTest.CanGenerateMazes" classname="PlayersWorlds.Maps.MazeGeneratorTest" runstate="Runnable" testcasecount="6" result="Passed" start-time="2024-01-19T16:28:01.9150860Z" end-time="2024-01-19T16:28:01.9759860Z" duration="0.060900" total="6" passed="6" failed="0" warnings="0" inconclusive="0" skipped="0" asserts="12">
              <properties />
              <test-case id="0-1043" name="CanGenerateMazes(PlayersWorlds.Maps.Maze.AldousBroderMazeGenerator)" fullname="PlayersWorlds.Maps.MazeGeneratorTest.CanGenerateMazes(PlayersWorlds.Maps.Maze.AldousBroderMazeGenerator)" methodname="CanGenerateMazes" classname="PlayersWorlds.Maps.MazeGeneratorTest" runstate="Runnable" seed="584569626" result="Passed" start-time="2024-01-19T16:28:01.9151020Z" end-time="2024-01-19T16:28:01.9451500Z" duration="0.030049" asserts="2">
                <properties />
                <output><![CDATA[AldousBroderMazeGenerator: Generating maze 20x20 with PlayersWorlds.Maps.Maze.GeneratorOptions(Full, None, <null>, PlayersWorlds.Maps.Areas.RandomAreaGenerator, <null>)
]]></output>
              </test-case>
              <test-case id="0-1044" name="CanGenerateMazes(PlayersWorlds.Maps.Maze.BinaryTreeMazeGenerator)" fullname="PlayersWorlds.Maps.MazeGeneratorTest.CanGenerateMazes(PlayersWorlds.Maps.Maze.BinaryTreeMazeGenerator)" methodname="CanGenerateMazes" classname="PlayersWorlds.Maps.MazeGeneratorTest" runstate="Runnable" seed="1066591207" result="Passed" start-time="2024-01-19T16:28:01.9451700Z" end-time="2024-01-19T16:28:01.9472300Z" duration="0.002060" asserts="2">
                <properties />
                <output><![CDATA[BinaryTreeMazeGenerator: Generating maze 20x20 with PlayersWorlds.Maps.Maze.GeneratorOptions(Full, None, <null>, PlayersWorlds.Maps.Areas.RandomAreaGenerator, <null>)
]]></output>
              </test-case>
              <test-case id="0-1045" name="CanGenerateMazes(PlayersWorlds.Maps.Maze.HuntAndKillMazeGenerator)" fullname="PlayersWorlds.Maps.MazeGeneratorTest.CanGenerateMazes(PlayersWorlds.Maps.Maze.HuntAndKillMazeGenerator)" methodname="CanGenerateMazes" classname="PlayersWorlds.Maps.MazeGeneratorTest" runstate="Runnable" seed="355507315" result="Passed" start-time="2024-01-19T16:28:01.9472400Z" end-time="2024-01-19T16:28:01.9498910Z" duration="0.002651" asserts="2">
                <properties />
                <output><![CDATA[HuntAndKillMazeGenerator: Generating maze 20x20 with PlayersWorlds.Maps.Maze.GeneratorOptions(Full, None, <null>, PlayersWorlds.Maps.Areas.RandomAreaGenerator, <null>)
]]></output>
              </test-case>
              <test-case id="0-1046" name="CanGenerateMazes(PlayersWorlds.Maps.Maze.RecursiveBacktrackerMazeGenerator)" fullname="PlayersWorlds.Maps.MazeGeneratorTest.CanGenerateMazes(PlayersWorlds.Maps.Maze.RecursiveBacktrackerMazeGenerator)" methodname="CanGenerateMazes" classname="PlayersWorlds.Maps.MazeGeneratorTest" runstate="Runnable" seed="1117591583" result="Passed" start-time="2024-01-19T16:28:01.9498990Z" end-time="2024-01-19T16:28:01.9557000Z" duration="0.005801" asserts="2">
                <properties />
                <output><![CDATA[RecursiveBacktrackerMazeGenerator: Generating maze 20x20 with PlayersWorlds.Maps.Maze.GeneratorOptions(Full, None, <null>, PlayersWorlds.Maps.Areas.RandomAreaGenerator, <null>)
]]></output>
              </test-case>
              <test-case id="0-1047" name="CanGenerateMazes(PlayersWorlds.Maps.Maze.SidewinderMazeGenerator)" fullname="PlayersWorlds.Maps.MazeGeneratorTest.CanGenerateMazes(PlayersWorlds.Maps.Maze.SidewinderMazeGenerator)" methodname="CanGenerateMazes" classname="PlayersWorlds.Maps.MazeGeneratorTest" runstate="Runnable" seed="26591731" result="Passed" start-time="2024-01-19T16:28:01.9557130Z" end-time="2024-01-19T16:28:01.9577790Z" duration="0.002066" asserts="2">
                <properties />
                <output><![CDATA[SidewinderMazeGenerator: Generating maze 20x20 with PlayersWorlds.Maps.Maze.GeneratorOptions(Full, None, <null>, PlayersWorlds.Maps.Areas.RandomAreaGenerator, <null>)
]]></output>
              </test-case>
              <test-case id="0-1048" name="CanGenerateMazes(PlayersWorlds.Maps.Maze.WilsonsMazeGenerator)" fullname="PlayersWorlds.Maps.MazeGeneratorTest.CanGenerateMazes(PlayersWorlds.Maps.Maze.WilsonsMazeGenerator)" methodname="CanGenerateMazes" classname="PlayersWorlds.Maps.MazeGeneratorTest" runstate="Runnable" seed="546078056" result="Passed" start-time="2024-01-19T16:28:01.9577910Z" end-time="2024-01-19T16:28:01.9759590Z" duration="0.018168" asserts="2">
                <properties />
                <output><![CDATA[WilsonsMazeGenerator: Generating maze 20x20 with PlayersWorlds.Maps.Maze.GeneratorOptions(Full, None, <null>, PlayersWorlds.Maps.Areas.RandomAreaGenerator, <null>)
]]></output>
              </test-case>
            </test-suite>
            <test-case id="0-1042" name="CanUseCustomAreaGenerator" fullname="PlayersWorlds.Maps.MazeGeneratorTest.CanUseCustomAreaGenerator" methodname="CanUseCustomAreaGenerator" classname="PlayersWorlds.Maps.MazeGeneratorTest" runstate="Runnable" seed="977004199" result="Passed" start-time="2024-01-19T16:28:01.9760000Z" end-time="2024-01-19T16:28:01.9860410Z" duration="0.010041" asserts="3">
              <properties />
              <output><![CDATA[AldousBroderMazeGenerator: Generating maze 15x15 with PlayersWorlds.Maps.Maze.GeneratorOptions(Full, Auto, <null>, PlayersWorlds.Maps.MazeGeneratorTest+CustomAreaGenerator, PlayersWorlds.Maps.Maze.AldousBroderMazeGenerator)
┌───────────┬───────┬───┬───────────────┬───┬───────────┬───┐
│           │       │   │               │   │           │   │
├───╴   ╶───┴───╴   ╵   └───┐   ╶───┬───┘   ╵   ╷   ╶───┤   │
│                           │       │           │       │   │
│   ╷   ╷   ┌───╴   ╷   ╶───┴───┐   ├───┐   ╷   │   ┌───┘   │
│   │   │   │       │           │   │   │   │   │   │       │
├───┴───┼───┼───┐   ├───╴   ╷   │   ╵   │   └───┴───┼───╴   │
│       │ 0 │   │   │       │   │       │           │       │
│   ╶───┘   │   │   ├───────┤   │   ╷   └───────╴   ╵   ╷   │
│ 3   2   1 │   │   │ 10  f │   │   │                   │   │
│   ╶───────┤   │   └───╴   │   ╵   │   ╶───┬───╴   ┌───┤   │
│ 4   5     │   │ c   d   e │       │       │       │   │   │
│   ╷   ╷   │   │   ╷   ╷   │   ┌───┴───┐   ├───╴   ╵   └───┤
│   │ 6 │   │   │ b │   │   │   │       │   │               │
├───┤   └───┘   ╵   │   ├───┘   ├───╴   └───┘   ┌───┐   ┌───┤
│   │ 7   8   9   a │   │       │               │   │   │   │
│   └───────────╴   ├───┴───────┘   ╷   ┌───────┘   ├───┤   │
│                   │               │   │           │   │   │
│   ┌───╴   ╶───────┼───────╴   ┌───┘   ├───┐   ╷   │   │   │
│   │               │           │       │   │   │   │   │   │
├───┘   ╷   ╷   ┼   ├───╴   ╶───┼───────┘   └───┘   ╵   ╵   │
│       │   │       │           │                           │
│   ╶───┴───┤   ┼   └───╴   ╶───┘   ╶───────┐   ┌───╴   ╶───┤
│           │                               │   │           │
│   ╶───┬───┼───────┬───┬───╴   ╶───┬───╴   ├───┴───╴   ╶───┤
│       │   │       │   │           │       │               │
│   ╷   ╵   ╵   ╶───┤   └───┐   ┌───┤   ╷   │   ╶───┬───┐   │
│   │               │       │   │   │   │   │       │   │   │
│   ├───╴   ┌───────┘   ╶───┘   ╵   └───┼───┘   ╶───┤   ╵   │
│   │       │                           │           │       │
└───┴───────┴───────────────────────────┴───────────┴───────┘

]]></output>
            </test-case>
            <test-case id="0-1052" name="IsFillComplete_Full" fullname="PlayersWorlds.Maps.MazeGeneratorTest.IsFillComplete_Full" methodname="IsFillComplete_Full" classname="PlayersWorlds.Maps.MazeGeneratorTest" runstate="Runnable" seed="699848188" result="Passed" start-time="2024-01-19T16:28:01.9860560Z" end-time="2024-01-19T16:28:01.9925840Z" duration="0.006529" asserts="1">
              <properties />
              <output><![CDATA[AldousBroderMazeGenerator: Generating maze 10x10 with PlayersWorlds.Maps.Maze.GeneratorOptions(Full, None, <null>, PlayersWorlds.Maps.Areas.RandomAreaGenerator, <null>)
┌───────────┬───────────┬───┬───────────┐
│           │     1f  20│   │ 0   1   2 │
│   ┌───┬───┴───┐   ╷   ╵   ├───┬───┐   │
│   │   │       │ 1e│ 21  22│ 25│   │ 3 │
│   │   ╵   ╶───┘   │   ╷   ╵   │   ╵   │
│   │         1c  1d│   │ 23  24│ 5   4 │
│   └───────╴   ┌───┴───┤   ┌───┘   ┌───┤
│ 18  19  1a  1b│       │   │     6 │   │
│   ╶───┐   ╷   │   ╶───┴───┴───╴   │   │
│ 17  16│   │   │                 7 │   │
├───╴   ├───┼───┘   ┌───╴   ┌───┐   │   │
│     15│   │       │       │   │ 8 │   │
├───╴   ╵   ├───┐   │   ┌───┘   ╵   │   │
│     14    │   │   │   │     a   9 │   │
│   ╷   ╶───┘   └───┴───┴───┐   ╷   ╵   │
│   │ 13  12  11  10  f   e │ b │       │
│   └───────────┬───┐   ╷   ╵   └───┬───┤
│               │   │   │ d   c     │   │
│   ╷   ┌───────┘   └───┴───╴   ╶───┘   │
│   │   │                               │
└───┴───┴───────────────────────────────┘

]]></output>
            </test-case>
            <test-case id="0-1057" name="IsFillComplete_FullHeight" fullname="PlayersWorlds.Maps.MazeGeneratorTest.IsFillComplete_FullHeight" methodname="IsFillComplete_FullHeight" classname="PlayersWorlds.Maps.MazeGeneratorTest" runstate="Runnable" seed="380032532" result="Passed" start-time="2024-01-19T16:28:01.9926040Z" end-time="2024-01-19T16:28:01.9950740Z" duration="0.002470" asserts="1">
              <properties />
              <output><![CDATA[AldousBroderMazeGenerator: Generating maze 10x10 with PlayersWorlds.Maps.Maze.GeneratorOptions(FullHeight, None, <null>, PlayersWorlds.Maps.Areas.RandomAreaGenerator, <null>)
┌───┬───────────────────────┬───────┐    
│   │ 0   1   2   3   4   5 │       │    
│   └───────────────────┐   ╵   ╷   │    
│                       │ 6     │   │    
│   ╶───┐   ┌───────────┘   ╷   ├───┘    
│       │   │ a   9   8   7 │   │        
│   ╷   │   ╵   ┌───┐   ┌───┴───┘        
│   │   │ c   b │   │   │                
│   └───┤   ╶───┴───┼───┴───┐            
│       │ d   e     │       │            
│   ┌───┴───╴   ╶───┴───╴   │            
│   │         f   10  11  12│            
└───┼───╴   ┌───╴   ┌───┐   │   ┌───┐    
    │       │       │   │ 13│   │ 17│    
    └───────┴───────┘   │   └───┘   └───┐
                        │ 14  15  16    │
                        └───────────────┘
                                         
                                         
                                         
                                         

]]></output>
            </test-case>
            <test-case id="0-1056" name="IsFillComplete_FullWidth" fullname="PlayersWorlds.Maps.MazeGeneratorTest.IsFillComplete_FullWidth" methodname="IsFillComplete_FullWidth" classname="PlayersWorlds.Maps.MazeGeneratorTest" runstate="Runnable" seed="2128891578" result="Passed" start-time="2024-01-19T16:28:01.9950890Z" end-time="2024-01-19T16:28:01.9974860Z" duration="0.002397" asserts="1">
              <properties />
              <output><![CDATA[AldousBroderMazeGenerator: Generating maze 10x10 with PlayersWorlds.Maps.Maze.GeneratorOptions(FullWidth, None, <null>, PlayersWorlds.Maps.Areas.RandomAreaGenerator, <null>)
                                    ┌───┐
                                    │   │
                                ┌───┘   │
                                │ 0   1 │
                                ├───╴   │
                                │ 3   2 │
                            ┌───┘   ┌───┘
                            │ 5   4 │    
            ┌───────┬───┬───┘   ┌───┘    
            │       │   │     6 │        
            │   ╶───┘   ├───╴   │        
            │           │     7 │        
┌───────────┴───────┐   ├───┐   │        
│         15  16  17│   │   │ 8 │        
├───┬───┐   ╶───┐   │   ╵   │   ├───┐    
│   │   │ 14  13│ 18│       │ 9 │   │    
│   │   └───╴   ├───┴───╴   ╵   │   │    
│   │     11  12│ d   c   b   a │   │    
│   └───╴   ╶───┘   ╶───┬───┐   ╵   │    
│         10  f   e     │   │       │    
└───────────────────────┘   └───────┘    

]]></output>
            </test-case>
            <test-case id="0-1051" name="IsFillComplete_Half" fullname="PlayersWorlds.Maps.MazeGeneratorTest.IsFillComplete_Half" methodname="IsFillComplete_Half" classname="PlayersWorlds.Maps.MazeGeneratorTest" runstate="Runnable" seed="1286974423" result="Passed" start-time="2024-01-19T16:28:01.9974990Z" end-time="2024-01-19T16:28:01.9997930Z" duration="0.002295" asserts="1">
              <properties />
              <output><![CDATA[AldousBroderMazeGenerator: Generating maze 10x10 with PlayersWorlds.Maps.Maze.GeneratorOptions(Half, None, <null>, PlayersWorlds.Maps.Areas.RandomAreaGenerator, <null>)
                                         
                                         
    ┌───────────┐                        
    │ 4   3   2 │                        
┌───┤   ┌───╴   │                        
│   │ 5 │ 0   1 │                        
│   ╵   ├───────┘                        
│ 7   6 │                                
│   ┌───┴───┐                            
│ 8 │       │                            
│   ╵   ╷   ├───────┐                    
│ 9   a │   │       │                    
├───┐   └───┘   ╶───┴───────────────┐    
│   │ b   c   d   e                 │    
│   └───────────╴   ┌───╴   ╶───┐   └───┐
│     12  11  10  f │           │       │
├───╴   ╶───┬───────┴───┬───┐   ├───────┘
│     13  14│ 17  18  19│ 1c│   │        
└───┬───╴   ╵   ┌───╴   ╵   ├───┘        
    │     15  16│     1a  1b│            
    └───────────┴───────────┘            

]]></output>
            </test-case>
            <test-case id="0-1055" name="IsFillComplete_NinetyPercent" fullname="PlayersWorlds.Maps.MazeGeneratorTest.IsFillComplete_NinetyPercent" methodname="IsFillComplete_NinetyPercent" classname="PlayersWorlds.Maps.MazeGeneratorTest" runstate="Runnable" seed="521442235" result="Passed" start-time="2024-01-19T16:28:01.9998060Z" end-time="2024-01-19T16:28:02.0029470Z" duration="0.003141" asserts="1">
              <properties />
              <output><![CDATA[AldousBroderMazeGenerator: Generating maze 10x10 with PlayersWorlds.Maps.Maze.GeneratorOptions(NinetyPercent, None, <null>, PlayersWorlds.Maps.Areas.RandomAreaGenerator, <null>)
                        ┌───────────────┐
                        │ 0   1   2     │
┌───────────────┬───┬───┴───┬───┐   ╷   │
│ 17  16  15  14│   │       │   │ 3 │   │
│   ┌───┬───╴   │   ├───╴   ╵   │   └───┤
│ 18│ 1b│ 12  13│   │           │ 4     │
│   ╵   │   ┌───┘   │   ╶───┬───┤   ╷   │
│ 19  1a│ 11│ e   d │       │   │ 5 │   │
├───────┘   ╵   ╷   ╵   ╷   ╵   │   └───┤
│         10  f │ c   b │       │ 6     │
├───╴   ╷   ┌───┘   ╷   └───────┘   ╶───┤
│       │   │       │ a   9   8   7     │
│   ╶───┼───┴───╴   └───┐   ╷   ╷   ╷   │
│       │               │   │   │   │   │
│   ╷   ├───╴   ┌───╴   ├───┘   └───┴───┤
│   │   │       │       │               │
│   │   ├───────┤   ╷   │   ╶───┬───────┘
│   │   │       │   │   │       │        
│   ├───┴───╴   ╵   │   │   ╶───┤        
│   │               │   │       │        
└───┴───────────────┴───┴───────┘        

]]></output>
            </test-case>
            <test-case id="0-1053" name="IsFillComplete_Quarter" fullname="PlayersWorlds.Maps.MazeGeneratorTest.IsFillComplete_Quarter" methodname="IsFillComplete_Quarter" classname="PlayersWorlds.Maps.MazeGeneratorTest" runstate="Runnable" seed="506034193" result="Passed" start-time="2024-01-19T16:28:02.0029600Z" end-time="2024-01-19T16:28:02.0046790Z" duration="0.001719" asserts="1">
              <properties />
              <output><![CDATA[AldousBroderMazeGenerator: Generating maze 10x10 with PlayersWorlds.Maps.Maze.GeneratorOptions(Quarter, None, <null>, PlayersWorlds.Maps.Areas.RandomAreaGenerator, <null>)
                                         
                                         
                                         
                                         
                                         
                                         
                                         
                                         
                        ┌───────┐        
                        │ 2   1 │        
                ┌───┬───┤   ╷   ├───┐    
                │   │ c │ 3 │ 0 │   │    
                │   ╵   │   ├───┘   │    
                │ a   b │ 4 │       │    
                │   ╶───┤   │   ╷   │    
                │ 9   8 │ 5 │   │   │    
                │   ╷   ╵   ╵   └───┤    
                │   │ 7   6         │    
                ├───┘   ╶───┬───────┘    
                │           │            
                └───────────┘            

]]></output>
            </test-case>
            <test-case id="0-1054" name="IsFillComplete_ThreeQuarters" fullname="PlayersWorlds.Maps.MazeGeneratorTest.IsFillComplete_ThreeQuarters" methodname="IsFillComplete_ThreeQuarters" classname="PlayersWorlds.Maps.MazeGeneratorTest" runstate="Runnable" seed="1419587824" result="Passed" start-time="2024-01-19T16:28:02.0046900Z" end-time="2024-01-19T16:28:02.0072510Z" duration="0.002561" asserts="1">
              <properties />
              <output><![CDATA[AldousBroderMazeGenerator: Generating maze 10x10 with PlayersWorlds.Maps.Maze.GeneratorOptions(ThreeQuarters, None, <null>, PlayersWorlds.Maps.Areas.RandomAreaGenerator, <null>)
                ┌───────────┬───┬───────┐
                │ 0   1     │   │       │
                └───┐   ┌───┤   ╵   ╶───┤
                    │ 2 │   │     7   8 │
                ┌───┘   ╵   └───╴   ╷   │
                │     3   4   5   6 │ 9 │
        ┌───────┴───────┬───────┬───┘   │
        │               │       │ b   a │
        ├───╴   ╷   ╶───┴───┐   ╵   ╶───┤
        │       │           │     c   d │
┌───────┤   ┌───┘   ╷   ╶───┴───┬───╴   │
│ 1f  1e│   │ 1a  19│           │     e │
└───┐   └───┘   ╷   └───┐   ┌───┼───╴   │
    │ 1d  1c  1b│ 18  17│   │   │ 10  f │
    └───┐   ┌───┼───╴   ├───┘   ╵   ┌───┘
        │   │   │     16│     12  11│    
    ┌───┼───┤   └───╴   └───╴   ╶───┤    
    │   │   │         15  14  13    │    
┌───┘   └───┘   ╶───┬───────╴   ╶───┤    
│                   │               │    
└───────────────────┴───────────────┘    

]]></output>
            </test-case>
            <test-case id="0-1050" name="OnlyFullGenerators" fullname="PlayersWorlds.Maps.MazeGeneratorTest.OnlyFullGenerators" methodname="OnlyFullGenerators" classname="PlayersWorlds.Maps.MazeGeneratorTest" runstate="Runnable" seed="1528305036" result="Passed" start-time="2024-01-19T16:28:02.0072630Z" end-time="2024-01-19T16:28:02.0076670Z" duration="0.000405" asserts="2">
              <properties />
              <output><![CDATA[BinaryTreeMazeGenerator: Generating maze 10x10 with PlayersWorlds.Maps.Maze.GeneratorOptions(Half, None, <null>, PlayersWorlds.Maps.Areas.RandomAreaGenerator, <null>)
SidewinderMazeGenerator: Generating maze 10x10 with PlayersWorlds.Maps.Maze.GeneratorOptions(Half, None, <null>, PlayersWorlds.Maps.Areas.RandomAreaGenerator, <null>)
]]></output>
            </test-case>
            <test-case id="0-1563" name="WrongGeneratorOptions" fullname="PlayersWorlds.Maps.MazeGeneratorTest.WrongGeneratorOptions" methodname="WrongGeneratorOptions" classname="PlayersWorlds.Maps.MazeGeneratorTest" runstate="Runnable" seed="2040176037" result="Passed" start-time="2024-01-19T16:28:02.0076760Z" end-time="2024-01-19T16:28:02.0091460Z" duration="0.001470" asserts="4">
              <properties />
              <output><![CDATA[TestGeneratorB: Generating maze 3x4 with PlayersWorlds.Maps.Maze.GeneratorOptions(Full, None, <null>, PlayersWorlds.Maps.Areas.RandomAreaGenerator, PlayersWorlds.Maps.MazeGeneratorTest+TestGeneratorB)
]]></output>
            </test-case>
          </test-suite>
          <test-suite type="TestFixture" id="0-1578" name="OptionalTest" fullname="PlayersWorlds.Maps.OptionalTest" classname="PlayersWorlds.Maps.OptionalTest" runstate="Runnable" testcasecount="7" result="Passed" start-time="2024-01-19T16:28:02.0091950Z" end-time="2024-01-19T16:28:02.0109270Z" duration="0.001732" total="7" passed="7" failed="0" warnings="0" inconclusive="0" skipped="0" asserts="24">
            <properties />
            <test-case id="0-1584" name="Optional_CanBeCastToT" fullname="PlayersWorlds.Maps.OptionalTest.Optional_CanBeCastToT" methodname="Optional_CanBeCastToT" classname="PlayersWorlds.Maps.OptionalTest" runstate="Runnable" seed="1262859846" result="Passed" start-time="2024-01-19T16:28:02.0092530Z" end-time="2024-01-19T16:28:02.0094120Z" duration="0.000159" asserts="1">
              <properties />
            </test-case>
            <test-case id="0-1579" name="Optional_Equality" fullname="PlayersWorlds.Maps.OptionalTest.Optional_Equality" methodname="Optional_Equality" classname="PlayersWorlds.Maps.OptionalTest" runstate="Runnable" seed="1762099283" result="Passed" start-time="2024-01-19T16:28:02.0094210Z" end-time="2024-01-19T16:28:02.0095940Z" duration="0.000173" asserts="2">
              <properties />
            </test-case>
            <test-case id="0-1581" name="Optional_Equals" fullname="PlayersWorlds.Maps.OptionalTest.Optional_Equals" methodname="Optional_Equals" classname="PlayersWorlds.Maps.OptionalTest" runstate="Runnable" seed="2085982506" result="Passed" start-time="2024-01-19T16:28:02.0096020Z" end-time="2024-01-19T16:28:02.0099050Z" duration="0.000303" asserts="5">
              <properties />
            </test-case>
            <test-case id="0-1583" name="Optional_GetHashCode" fullname="PlayersWorlds.Maps.OptionalTest.Optional_GetHashCode" methodname="Optional_GetHashCode" classname="PlayersWorlds.Maps.OptionalTest" runstate="Runnable" seed="825191230" result="Passed" start-time="2024-01-19T16:28:02.0099140Z" end-time="2024-01-19T16:28:02.0101650Z" duration="0.000251" asserts="3">
              <properties />
            </test-case>
            <test-case id="0-1582" name="Optional_Null" fullname="PlayersWorlds.Maps.OptionalTest.Optional_Null" methodname="Optional_Null" classname="PlayersWorlds.Maps.OptionalTest" runstate="Runnable" seed="722871617" result="Passed" start-time="2024-01-19T16:28:02.0101730Z" end-time="2024-01-19T16:28:02.0105660Z" duration="0.000393" asserts="9">
              <properties />
            </test-case>
            <test-case id="0-1580" name="Optional_ThrowsIfNoValue" fullname="PlayersWorlds.Maps.OptionalTest.Optional_ThrowsIfNoValue" methodname="Optional_ThrowsIfNoValue" classname="PlayersWorlds.Maps.OptionalTest" runstate="Runnable" seed="215774030" result="Passed" start-time="2024-01-19T16:28:02.0105750Z" end-time="2024-01-19T16:28:02.0107280Z" duration="0.000154" asserts="2">
              <properties />
            </test-case>
            <test-case id="0-1585" name="Optional_ToStringShowsValue" fullname="PlayersWorlds.Maps.OptionalTest.Optional_ToStringShowsValue" methodname="Optional_ToStringShowsValue" classname="PlayersWorlds.Maps.OptionalTest" runstate="Runnable" seed="1566478835" result="Passed" start-time="2024-01-19T16:28:02.0107370Z" end-time="2024-01-19T16:28:02.0109120Z" duration="0.000175" asserts="2">
              <properties />
            </test-case>
          </test-suite>
          <test-suite type="TestSuite" id="0-1755" name="Renderers" fullname="PlayersWorlds.Maps.Renderers" runstate="Runnable" testcasecount="1" result="Passed" start-time="2024-01-19T16:28:01.6790890Z" end-time="2024-01-19T16:28:02.0117070Z" duration="0.332618" total="1" passed="1" failed="0" warnings="0" inconclusive="0" skipped="0" asserts="1">
            <properties />
            <test-suite type="TestFixture" id="0-1625" name="Map2DStringRendererTest" fullname="PlayersWorlds.Maps.Renderers.Map2DStringRendererTest" classname="PlayersWorlds.Maps.Renderers.Map2DStringRendererTest" runstate="Runnable" testcasecount="1" result="Passed" start-time="2024-01-19T16:28:02.0109480Z" end-time="2024-01-19T16:28:02.0116990Z" duration="0.000751" total="1" passed="1" failed="0" warnings="0" inconclusive="0" skipped="0" asserts="1">
              <properties />
              <test-case id="0-1626" name="TestRender" fullname="PlayersWorlds.Maps.Renderers.Map2DStringRendererTest.TestRender" methodname="TestRender" classname="PlayersWorlds.Maps.Renderers.Map2DStringRendererTest" runstate="Runnable" seed="481040316" result="Passed" start-time="2024-01-19T16:28:02.0109980Z" end-time="2024-01-19T16:28:02.0116850Z" duration="0.000687" asserts="1">
                <properties />
                <output><![CDATA[▓▓▓▓▓
▓░░░▓
▓░▒░▓
▓░░░▓
▓▓▓▓▓

]]></output>
              </test-case>
            </test-suite>
          </test-suite>
          <test-suite type="TestFixture" id="0-1595" name="VectorDTest" fullname="PlayersWorlds.Maps.VectorDTest" classname="PlayersWorlds.Maps.VectorDTest" runstate="Runnable" testcasecount="11" result="Passed" start-time="2024-01-19T16:28:02.0117250Z" end-time="2024-01-19T16:28:02.0164770Z" duration="0.004752" total="11" passed="11" failed="0" warnings="0" inconclusive="0" skipped="0" asserts="33">
            <properties />
            <test-case id="0-1603" name="CanAddAndSubtract" fullname="PlayersWorlds.Maps.VectorDTest.CanAddAndSubtract" methodname="CanAddAndSubtract" classname="PlayersWorlds.Maps.VectorDTest" runstate="Runnable" seed="1080501347" result="Passed" start-time="2024-01-19T16:28:02.0117740Z" end-time="2024-01-19T16:28:02.0123250Z" duration="0.000552" asserts="5">
              <properties />
            </test-case>
            <test-case id="0-1604" name="ConstructorChecksArguments" fullname="PlayersWorlds.Maps.VectorDTest.ConstructorChecksArguments" methodname="ConstructorChecksArguments" classname="PlayersWorlds.Maps.VectorDTest" runstate="Runnable" seed="705471034" result="Passed" start-time="2024-01-19T16:28:02.0123350Z" end-time="2024-01-19T16:28:02.0124620Z" duration="0.000128" asserts="1">
              <properties />
            </test-case>
            <test-case id="0-1597" name="EqualityIsCheckedByValue" fullname="PlayersWorlds.Maps.VectorDTest.EqualityIsCheckedByValue" methodname="EqualityIsCheckedByValue" classname="PlayersWorlds.Maps.VectorDTest" runstate="Runnable" seed="1835761048" result="Passed" start-time="2024-01-19T16:28:02.0124700Z" end-time="2024-01-19T16:28:02.0126620Z" duration="0.000191" asserts="4">
              <properties />
            </test-case>
            <test-case id="0-1598" name="GetHashCodeIsDerivedFromValue" fullname="PlayersWorlds.Maps.VectorDTest.GetHashCodeIsDerivedFromValue" methodname="GetHashCodeIsDerivedFromValue" classname="PlayersWorlds.Maps.VectorDTest" runstate="Runnable" seed="223335732" result="Passed" start-time="2024-01-19T16:28:02.0126690Z" end-time="2024-01-19T16:28:02.0129470Z" duration="0.000279" asserts="1">
              <properties />
            </test-case>
            <test-case id="0-1601" name="InitializedAsNull" fullname="PlayersWorlds.Maps.VectorDTest.InitializedAsNull" methodname="InitializedAsNull" classname="PlayersWorlds.Maps.VectorDTest" runstate="Runnable" seed="1744063249" result="Passed" start-time="2024-01-19T16:28:02.0129550Z" end-time="2024-01-19T16:28:02.0130560Z" duration="0.000101" asserts="1">
              <properties />
            </test-case>
            <test-case id="0-1600" name="InitializedEmpty" fullname="PlayersWorlds.Maps.VectorDTest.InitializedEmpty" methodname="InitializedEmpty" classname="PlayersWorlds.Maps.VectorDTest" runstate="Runnable" seed="935734481" result="Passed" start-time="2024-01-19T16:28:02.0130620Z" end-time="2024-01-19T16:28:02.0137790Z" duration="0.000717" asserts="4">
              <properties />
            </test-case>
            <test-case id="0-1596" name="IsInitialized" fullname="PlayersWorlds.Maps.VectorDTest.IsInitialized" methodname="IsInitialized" classname="PlayersWorlds.Maps.VectorDTest" runstate="Runnable" seed="1080598270" result="Passed" start-time="2024-01-19T16:28:02.0137870Z" end-time="2024-01-19T16:28:02.0140940Z" duration="0.000307" asserts="2">
              <properties />
            </test-case>
            <test-case id="0-1602" name="IsZero" fullname="PlayersWorlds.Maps.VectorDTest.IsZero" methodname="IsZero" classname="PlayersWorlds.Maps.VectorDTest" runstate="Runnable" seed="671932627" result="Passed" start-time="2024-01-19T16:28:02.0141040Z" end-time="2024-01-19T16:28:02.0143740Z" duration="0.000270" asserts="3">
              <properties />
            </test-case>
            <test-case id="0-1605" name="SnappedForce" fullname="PlayersWorlds.Maps.VectorDTest.SnappedForce" methodname="SnappedForce" classname="PlayersWorlds.Maps.VectorDTest" runstate="Runnable" seed="265328432" result="Passed" start-time="2024-01-19T16:28:02.0143830Z" end-time="2024-01-19T16:28:02.0148960Z" duration="0.000513" asserts="9">
              <properties />
            </test-case>
            <test-case id="0-1599" name="ToStringFormat" fullname="PlayersWorlds.Maps.VectorDTest.ToStringFormat" methodname="ToStringFormat" classname="PlayersWorlds.Maps.VectorDTest" runstate="Runnable" seed="1963045187" result="Passed" start-time="2024-01-19T16:28:02.0149030Z" end-time="2024-01-19T16:28:02.0160530Z" duration="0.001149" asserts="1">
              <properties />
            </test-case>
            <test-case id="0-1606" name="VectorD_Parse" fullname="PlayersWorlds.Maps.VectorDTest.VectorD_Parse" methodname="VectorD_Parse" classname="PlayersWorlds.Maps.VectorDTest" runstate="Runnable" seed="552999693" result="Passed" start-time="2024-01-19T16:28:02.0160610Z" end-time="2024-01-19T16:28:02.0164640Z" duration="0.000403" asserts="2">
              <properties />
            </test-case>
          </test-suite>
          <test-suite type="TestFixture" id="0-1607" name="VectorTest" fullname="PlayersWorlds.Maps.VectorTest" classname="PlayersWorlds.Maps.VectorTest" runstate="Runnable" testcasecount="17" result="Passed" start-time="2024-01-19T16:28:02.0164940Z" end-time="2024-01-19T16:28:02.0191410Z" duration="0.002647" total="17" passed="17" failed="0" warnings="0" inconclusive="0" skipped="0" asserts="47">
            <properties />
            <test-case id="0-1624" name="FitsInto" fullname="PlayersWorlds.Maps.VectorTest.FitsInto" methodname="FitsInto" classname="PlayersWorlds.Maps.VectorTest" runstate="Runnable" seed="6817243" result="Passed" start-time="2024-01-19T16:28:02.0165370Z" end-time="2024-01-19T16:28:02.0166570Z" duration="0.000120" asserts="3">
              <properties />
            </test-case>
            <test-case id="0-1609" name="Size_NotInitialized" fullname="PlayersWorlds.Maps.VectorTest.Size_NotInitialized" methodname="Size_NotInitialized" classname="PlayersWorlds.Maps.VectorTest" runstate="Runnable" seed="1411738425" result="Passed" start-time="2024-01-19T16:28:02.0166630Z" end-time="2024-01-19T16:28:02.0168560Z" duration="0.000193" asserts="2">
              <properties />
            </test-case>
            <test-case id="0-1617" name="Vector_CanAddAndSubtract" fullname="PlayersWorlds.Maps.VectorTest.Vector_CanAddAndSubtract" methodname="Vector_CanAddAndSubtract" classname="PlayersWorlds.Maps.VectorTest" runstate="Runnable" seed="1517602846" result="Passed" start-time="2024-01-19T16:28:02.0168630Z" end-time="2024-01-19T16:28:02.0172210Z" duration="0.000358" asserts="6">
              <properties />
            </test-case>
            <test-case id="0-1618" name="Vector_ConstructorChecksArguments" fullname="PlayersWorlds.Maps.VectorTest.Vector_ConstructorChecksArguments" methodname="Vector_ConstructorChecksArguments" classname="PlayersWorlds.Maps.VectorTest" runstate="Runnable" seed="822157393" result="Passed" start-time="2024-01-19T16:28:02.0172290Z" end-time="2024-01-19T16:28:02.0173210Z" duration="0.000093" asserts="1">
              <properties />
            </test-case>
            <test-case id="0-1615" name="Vector_EmptyIsEmpty" fullname="PlayersWorlds.Maps.VectorTest.Vector_EmptyIsEmpty" methodname="Vector_EmptyIsEmpty" classname="PlayersWorlds.Maps.VectorTest" runstate="Runnable" seed="1559692469" result="Passed" start-time="2024-01-19T16:28:02.0173280Z" end-time="2024-01-19T16:28:02.0173810Z" duration="0.000053" asserts="1">
              <properties />
            </test-case>
            <test-case id="0-1614" name="Vector_EmptyVectorIsEmpty" fullname="PlayersWorlds.Maps.VectorTest.Vector_EmptyVectorIsEmpty" methodname="Vector_EmptyVectorIsEmpty" classname="PlayersWorlds.Maps.VectorTest" runstate="Runnable" seed="1885916978" result="Passed" start-time="2024-01-19T16:28:02.0173870Z" end-time="2024-01-19T16:28:02.0174370Z" duration="0.000050" asserts="1">
              <properties />
            </test-case>
            <test-case id="0-1610" name="Vector_EqualityIsCheckedByValue" fullname="PlayersWorlds.Maps.VectorTest.Vector_EqualityIsCheckedByValue" methodname="Vector_EqualityIsCheckedByValue" classname="PlayersWorlds.Maps.VectorTest" runstate="Runnable" seed="784465100" result="Passed" start-time="2024-01-19T16:28:02.0174420Z" end-time="2024-01-19T16:28:02.0175960Z" duration="0.000154" asserts="5">
              <properties />
            </test-case>
            <test-case id="0-1622" name="Vector_FromIndex" fullname="PlayersWorlds.Maps.VectorTest.Vector_FromIndex" methodname="Vector_FromIndex" classname="PlayersWorlds.Maps.VectorTest" runstate="Runnable" seed="949157040" result="Passed" start-time="2024-01-19T16:28:02.0176030Z" end-time="2024-01-19T16:28:02.0177060Z" duration="0.000103" asserts="2">
              <properties />
            </test-case>
            <test-case id="0-1611" name="Vector_GetHashCodeIsDerivedFromValue" fullname="PlayersWorlds.Maps.VectorTest.Vector_GetHashCodeIsDerivedFromValue" methodname="Vector_GetHashCodeIsDerivedFromValue" classname="PlayersWorlds.Maps.VectorTest" runstate="Runnable" seed="836305661" result="Passed" start-time="2024-01-19T16:28:02.0177110Z" end-time="2024-01-19T16:28:02.0179400Z" duration="0.000229" asserts="2">
              <properties />
            </test-case>
            <test-case id="0-1608" name="Vector_IsInitialized" fullname="PlayersWorlds.Maps.VectorTest.Vector_IsInitialized" methodname="Vector_IsInitialized" classname="PlayersWorlds.Maps.VectorTest" runstate="Runnable" seed="1306464697" result="Passed" start-time="2024-01-19T16:28:02.0179470Z" end-time="2024-01-19T16:28:02.0180190Z" duration="0.000072" asserts="2">
              <properties />
            </test-case>
            <test-case id="0-1616" name="Vector_NotEqualToNull" fullname="PlayersWorlds.Maps.VectorTest.Vector_NotEqualToNull" methodname="Vector_NotEqualToNull" classname="PlayersWorlds.Maps.VectorTest" runstate="Runnable" seed="542401913" result="Passed" start-time="2024-01-19T16:28:02.0180250Z" end-time="2024-01-19T16:28:02.0181440Z" duration="0.000119" asserts="3">
              <properties />
            </test-case>
            <test-case id="0-1620" name="Vector_SnappedForce" fullname="PlayersWorlds.Maps.VectorTest.Vector_SnappedForce" methodname="Vector_SnappedForce" classname="PlayersWorlds.Maps.VectorTest" runstate="Runnable" seed="1052831457" result="Passed" start-time="2024-01-19T16:28:02.0181500Z" end-time="2024-01-19T16:28:02.0184780Z" duration="0.000328" asserts="9">
              <properties />
            </test-case>
            <test-case id="0-1619" name="Vector_ThrowsIfNotAValidSize" fullname="PlayersWorlds.Maps.VectorTest.Vector_ThrowsIfNotAValidSize" methodname="Vector_ThrowsIfNotAValidSize" classname="PlayersWorlds.Maps.VectorTest" runstate="Runnable" seed="1241275939" result="Passed" start-time="2024-01-19T16:28:02.0184850Z" end-time="2024-01-19T16:28:02.0187410Z" duration="0.000256" asserts="3">
              <properties />
            </test-case>
            <test-case id="0-1621" name="Vector_ToIndex" fullname="PlayersWorlds.Maps.VectorTest.Vector_ToIndex" methodname="Vector_ToIndex" classname="PlayersWorlds.Maps.VectorTest" runstate="Runnable" seed="2050959689" result="Passed" start-time="2024-01-19T16:28:02.0187470Z" end-time="2024-01-19T16:28:02.0189170Z" duration="0.000170" asserts="3">
              <properties />
            </test-case>
            <test-case id="0-1612" name="Vector_ToStringFormat" fullname="PlayersWorlds.Maps.VectorTest.Vector_ToStringFormat" methodname="Vector_ToStringFormat" classname="PlayersWorlds.Maps.VectorTest" runstate="Runnable" seed="673946714" result="Passed" start-time="2024-01-19T16:28:02.0189240Z" end-time="2024-01-19T16:28:02.0189870Z" duration="0.000063" asserts="2">
              <properties />
            </test-case>
            <test-case id="0-1613" name="Vector_ZeroVectorIsNotEmpty" fullname="PlayersWorlds.Maps.VectorTest.Vector_ZeroVectorIsNotEmpty" methodname="Vector_ZeroVectorIsNotEmpty" classname="PlayersWorlds.Maps.VectorTest" runstate="Runnable" seed="544759250" result="Passed" start-time="2024-01-19T16:28:02.0189930Z" end-time="2024-01-19T16:28:02.0190580Z" duration="0.000065" asserts="1">
              <properties />
            </test-case>
            <test-case id="0-1623" name="VectorD_Parse" fullname="PlayersWorlds.Maps.VectorTest.VectorD_Parse" methodname="VectorD_Parse" classname="PlayersWorlds.Maps.VectorTest" runstate="Runnable" seed="1962328789" result="Passed" start-time="2024-01-19T16:28:02.0190640Z" end-time="2024-01-19T16:28:02.0191290Z" duration="0.000066" asserts="1">
              <properties />
            </test-case>
          </test-suite>
        </test-suite>
      </test-suite>
      <test-suite type="TestFixture" id="0-1000" name="RandomAreaGeneratorTest" fullname="RandomAreaGeneratorTest" classname="RandomAreaGeneratorTest" runstate="Runnable" testcasecount="2" result="Passed" start-time="2024-01-19T16:28:02.0191740Z" end-time="2024-01-19T16:28:02.0303490Z" duration="0.011175" total="2" passed="2" failed="0" warnings="0" inconclusive="0" skipped="0" asserts="4052">
        <properties />
        <test-case id="0-1001" name="ZoneGenerator_CanGenerateZones" fullname="RandomAreaGeneratorTest.ZoneGenerator_CanGenerateZones" methodname="ZoneGenerator_CanGenerateZones" classname="RandomAreaGeneratorTest" runstate="Runnable" seed="1862517238" result="Passed" start-time="2024-01-19T16:28:02.0192150Z" end-time="2024-01-19T16:28:02.0297490Z" duration="0.010534" asserts="4006">
          <properties />
        </test-case>
        <test-case id="0-1002" name="ZoneGenerator_CustomSettings" fullname="RandomAreaGeneratorTest.ZoneGenerator_CustomSettings" methodname="ZoneGenerator_CustomSettings" classname="RandomAreaGeneratorTest" runstate="Runnable" seed="985253471" result="Passed" start-time="2024-01-19T16:28:02.0297620Z" end-time="2024-01-19T16:28:02.0303310Z" duration="0.000570" asserts="46">
          <properties />
        </test-case>
      </test-suite>
    </test-suite>
  </test-suite>
</test-run>