<?xml version="1.0" encoding="utf-8" standalone="no"?>
<test-run start-time="2024-05-24 07:38:15Z">
  <command-line><![CDATA[/home/data/repos/github.com/aynurin/maze-gen/packages/NUnit.ConsoleRunner.3.17.0/tools/nunit3-console.exe build/Debug/tests/PlayersWorlds.Maps.Tests.dll --framework=mono-4.0]]></command-line>
</test-run>