<?xml version="1.0" encoding="utf-8" standalone="no"?>
<test-run id="0" runstate="Runnable" testcasecount="1016" result="Failed" total="1016" passed="768" failed="1" warnings="0" inconclusive="0" skipped="247" asserts="19211" engine-version="3.17.0.0" clr-version="4.0.30319.42000" start-time="2024-05-28 07:13:36Z" end-time="2024-05-28 07:16:55Z" duration="198.623715">
  <command-line><![CDATA[/home/data/repos/github.com/aynurin/maze-gen/packages/NUnit.ConsoleRunner.3.17.0/tools/nunit3-console.exe build/Debug/tests/PlayersWorlds.Maps.Tests.dll --framework=mono-4.0]]></command-line>
  <test-suite type="Assembly" id="1-2063" name="PlayersWorlds.Maps.Tests.dll" fullname="/home/data/repos/github.com/aynurin/maze-gen/build/Debug/tests/PlayersWorlds.Maps.Tests.dll" runstate="Runnable" testcasecount="1016" result="Failed" site="Child" start-time="2024-05-28T07:13:37.1438220Z" end-time="2024-05-28T07:16:55.3087440Z" duration="198.164869" total="1016" passed="768" failed="1" warnings="0" inconclusive="0" skipped="247" asserts="19211">
    <environment framework-version="4.0.1.0" clr-version="4.0.30319.42000" os-version="Unix 6.1.84.1" platform="Unix" cwd="/home/data/repos/github.com/aynurin/maze-gen" machine-name="lightview" user="shav" user-domain="lightview" culture="en-US" uiculture="en-US" os-architecture="x64" />
    <settings>
      <setting name="RequestedRuntimeFramework" value="mono-4.0" />
      <setting name="DisposeRunners" value="True" />
      <setting name="WorkDirectory" value="/home/data/repos/github.com/aynurin/maze-gen" />
      <setting name="ImageRuntimeVersion" value="4.0.30319" />
      <setting name="ImageTargetFrameworkName" value=".NETFramework,Version=v4.7" />
      <setting name="ImageRequiresX86" value="False" />
      <setting name="ImageRequiresDefaultAppDomainAssemblyResolver" value="False" />
      <setting name="TargetRuntimeFramework" value="mono-4.0" />
      <setting name="NumberOfTestWorkers" value="24" />
    </settings>
    <properties>
      <property name="_PID" value="1086663" />
      <property name="_APPDOMAIN" value="domain-" />
    </properties>
    <failure>
      <message><![CDATA[One or more child tests had errors]]></message>
    </failure>
    <test-suite type="SetUpFixture" id="1-1003" name="[default namespace]" fullname="TestsSetup" classname="TestsSetup" runstate="Runnable" testcasecount="1016" result="Failed" site="Child" start-time="2024-05-28T07:13:37.1486660Z" end-time="2024-05-28T07:16:55.3087340Z" duration="198.160068" total="1016" passed="768" failed="1" warnings="0" inconclusive="0" skipped="247" asserts="19211">
      <failure>
        <message><![CDATA[One or more child tests had errors]]></message>
      </failure>
      <test-suite type="TestSuite" id="1-2064" name="PlayersWorlds" fullname="PlayersWorlds" runstate="Runnable" testcasecount="1014" result="Failed" site="Child" start-time="2024-05-28T07:13:37.1514660Z" end-time="2024-05-28T07:16:55.2728180Z" duration="198.121352" total="1014" passed="766" failed="1" warnings="0" inconclusive="0" skipped="247" asserts="16169">
        <failure>
          <message><![CDATA[One or more child tests had errors]]></message>
        </failure>
        <test-suite type="TestSuite" id="1-2065" name="Maps" fullname="PlayersWorlds.Maps" runstate="Runnable" testcasecount="1014" result="Failed" site="Child" start-time="2024-05-28T07:13:37.1515280Z" end-time="2024-05-28T07:16:55.2728120Z" duration="198.121284" total="1014" passed="766" failed="1" warnings="0" inconclusive="0" skipped="247" asserts="16169">
          <failure>
            <message><![CDATA[One or more child tests had errors]]></message>
          </failure>
          <test-suite type="TestSuite" id="1-2070" name="Areas" fullname="PlayersWorlds.Maps.Areas" runstate="Runnable" testcasecount="140" result="Failed" site="Child" start-time="2024-05-28T07:13:37.1515380Z" end-time="2024-05-28T07:15:44.2373380Z" duration="127.085801" total="140" passed="139" failed="1" warnings="0" inconclusive="0" skipped="0" asserts="354">
            <failure>
              <message><![CDATA[One or more child tests had errors]]></message>
            </failure>
            <test-suite type="TestSuite" id="1-2071" name="Evolving" fullname="PlayersWorlds.Maps.Areas.Evolving" runstate="Runnable" testcasecount="134" result="Failed" site="Child" start-time="2024-05-28T07:13:37.1515440Z" end-time="2024-05-28T07:15:44.2306630Z" duration="127.079120" total="134" passed="133" failed="1" warnings="0" inconclusive="0" skipped="0" asserts="327">
              <failure>
                <message><![CDATA[One or more child tests had errors]]></message>
              </failure>
              <test-suite type="TestFixture" id="1-1917" name="AreaDistributorLoadTest" fullname="PlayersWorlds.Maps.Areas.Evolving.AreaDistributorLoadTest" classname="PlayersWorlds.Maps.Areas.Evolving.AreaDistributorLoadTest" runstate="Runnable" testcasecount="1" result="Failed" site="Child" start-time="2024-05-28T07:13:37.1515890Z" end-time="2024-05-28T07:15:38.8740410Z" duration="121.722452" total="1" passed="0" failed="1" warnings="0" inconclusive="0" skipped="0" asserts="1">
                <failure>
                  <message><![CDATA[One or more child tests had errors]]></message>
                </failure>
                <test-case id="1-1918" name="AreaDistributor_LoadTest" fullname="PlayersWorlds.Maps.Areas.Evolving.AreaDistributorLoadTest.AreaDistributor_LoadTest" methodname="AreaDistributor_LoadTest" classname="PlayersWorlds.Maps.Areas.Evolving.AreaDistributorLoadTest" runstate="Runnable" seed="602201671" result="Failed" start-time="2024-05-28T07:13:37.1517420Z" end-time="2024-05-28T07:15:38.8709480Z" duration="121.719347" asserts="1">
                  <properties>
                    <property name="Category" value="Load" />
                  </properties>
                  <failure>
                    <message><![CDATA[  Passed: 998, Failed: 2
yield return "49x5: P16x1;S14x1 P15x2;S10x1 P6x0;S10x1 P31x0;S13x1 P2x0;S14x1"; // Random(749)
yield return "49x5: P16x1;S14x1 P15x2;S10x1 P6x0;S10x1 P31x0;S13x1 P2x0;S14x1"; // Random(757)
Assert.That(, )
  Expected: True
  But was:  False
]]></message>
                    <stack-trace><![CDATA[  at PlayersWorlds.Maps.Areas.Evolving.AreaDistributorLoadTest.AreaDistributor_LoadTest () [0x00043] in /home/data/repos/github.com/aynurin/maze-gen/tests/areas/evolving/AreaDistributorLoadTest.cs:53 
]]></stack-trace>
                  </failure>
                  <output><![CDATA[PlayersWorlds.Maps.Areas.Evolving.AreaDistributorHelper+DistributeResult(	Log = TestLog
, 	OriginalOutOfBounds = List`1<Area>()
, 	OriginalOverlapping = List`1<Area>(P6x0;S10x1;None;, P2x0;S14x1;None;)
, 	OriginalAreas = List`1<Area>(P16x1;S14x1;None;, P15x2;S10x1;None;, P6x0;S10x1;None;, P31x0;S13x1;None;, P2x0;S14x1;None;)
, 	PlacedOutOfBounds = List`1<Area>(P-1x2;S14x1;None;)
, 	PlacedOverlapping = List`1<Area>(P27x2;S10x1;None;, P36x2;S13x1;None;)
, 	PlacedAreas = List`1<Area>(P13x1;S14x1;None;, P15x2;S10x1;None;, P27x2;S10x1;None;, P36x2;S13x1;None;, P-1x2;S14x1;None;)
, 	MaxEpochs = 100
, 	TestString = yield return "49x5: P16x1;S14x1 P15x2;S10x1 P6x0;S10x1 P31x0;S13x1 P2x0;S14x1"; // Random(749)
)
PlayersWorlds.Maps.Areas.Evolving.AreaDistributorHelper+DistributeResult(	Log = TestLog
, 	OriginalOutOfBounds = List`1<Area>()
, 	OriginalOverlapping = List`1<Area>(P6x0;S10x1;None;, P2x0;S14x1;None;)
, 	OriginalAreas = List`1<Area>(P16x1;S14x1;None;, P15x2;S10x1;None;, P6x0;S10x1;None;, P31x0;S13x1;None;, P2x0;S14x1;None;)
, 	PlacedOutOfBounds = List`1<Area>(P-1x2;S14x1;None;, P37x2;S13x1;None;)
, 	PlacedOverlapping = List`1<Area>()
, 	PlacedAreas = List`1<Area>(P-1x2;S14x1;None;, P15x2;S10x1;None;, P27x2;S10x1;None;, P37x2;S13x1;None;, P13x3;S14x1;None;)
, 	MaxEpochs = 100
, 	TestString = yield return "49x5: P16x1;S14x1 P15x2;S10x1 P6x0;S10x1 P31x0;S13x1 P2x0;S14x1"; // Random(757)
)
]]></output>
                  <assertions>
                    <assertion result="Failed">
                      <message><![CDATA[  Passed: 998, Failed: 2
yield return "49x5: P16x1;S14x1 P15x2;S10x1 P6x0;S10x1 P31x0;S13x1 P2x0;S14x1"; // Random(749)
yield return "49x5: P16x1;S14x1 P15x2;S10x1 P6x0;S10x1 P31x0;S13x1 P2x0;S14x1"; // Random(757)
Assert.That(, )
  Expected: True
  But was:  False
]]></message>
                      <stack-trace><![CDATA[  at PlayersWorlds.Maps.Areas.Evolving.AreaDistributorLoadTest.AreaDistributor_LoadTest () [0x00043] in /home/data/repos/github.com/aynurin/maze-gen/tests/areas/evolving/AreaDistributorLoadTest.cs:53 
]]></stack-trace>
                    </assertion>
                  </assertions>
                </test-case>
              </test-suite>
              <test-suite type="TestFixture" id="1-1919" name="AreaDistributorTest" fullname="PlayersWorlds.Maps.Areas.Evolving.AreaDistributorTest" classname="PlayersWorlds.Maps.Areas.Evolving.AreaDistributorTest" runstate="Runnable" testcasecount="79" result="Passed" start-time="2024-05-28T07:15:38.8755510Z" end-time="2024-05-28T07:15:44.1132720Z" duration="5.237721" total="79" passed="79" failed="0" warnings="0" inconclusive="0" skipped="0" asserts="158">
                <test-suite type="ParameterizedMethod" id="1-2001" name="AreaDistributorTest_CanLayout" fullname="PlayersWorlds.Maps.Areas.Evolving.AreaDistributorTest.AreaDistributorTest_CanLayout" classname="PlayersWorlds.Maps.Areas.Evolving.AreaDistributorTest" runstate="Runnable" testcasecount="55" result="Passed" start-time="2024-05-28T07:15:38.8756720Z" end-time="2024-05-28T07:15:43.9521350Z" duration="5.076463" total="55" passed="55" failed="0" warnings="0" inconclusive="0" skipped="0" asserts="110">
                  <properties>
                    <property name="Category" value="Integration" />
                    <property name="Category" value="Smoke" />
                  </properties>
                  <test-case id="1-1946" name="AreaDistributorTest_CanLayout(&quot;13x8: P9x6;S3x1 P1x4;S2x1&quot;)" fullname="PlayersWorlds.Maps.Areas.Evolving.AreaDistributorTest.AreaDistributorTest_CanLayout(&quot;13x8: P9x6;S3x1 P1x4;S2x1&quot;)" methodname="AreaDistributorTest_CanLayout" classname="PlayersWorlds.Maps.Areas.Evolving.AreaDistributorTest" runstate="Runnable" seed="458417534" result="Passed" start-time="2024-05-28T07:15:38.8757770Z" end-time="2024-05-28T07:15:38.8854620Z" duration="0.009685" asserts="2" />
                  <test-case id="1-1947" name="AreaDistributorTest_CanLayout(&quot;20x20: P14x14;S5x3 P-2x14;S1x4 P7x-3;S2x4 P2x4;S1x3&quot;)" fullname="PlayersWorlds.Maps.Areas.Evolving.AreaDistributorTest.AreaDistributorTest_CanLayout(&quot;20x20: P14x14;S5x3 P-2x14;S1x4 P7x-3;S2x4 P2x4;S1x3&quot;)" methodname="AreaDistributorTest_CanLayout" classname="PlayersWorlds.Maps.Areas.Evolving.AreaDistributorTest" runstate="Runnable" seed="1818999999" result="Passed" start-time="2024-05-28T07:15:38.8854770Z" end-time="2024-05-28T07:15:38.9004740Z" duration="0.014998" asserts="2" />
                  <test-case id="1-1948" name="AreaDistributorTest_CanLayout(&quot;6x14: P0x10;S1x3&quot;)" fullname="PlayersWorlds.Maps.Areas.Evolving.AreaDistributorTest.AreaDistributorTest_CanLayout(&quot;6x14: P0x10;S1x3&quot;)" methodname="AreaDistributorTest_CanLayout" classname="PlayersWorlds.Maps.Areas.Evolving.AreaDistributorTest" runstate="Runnable" seed="1843670271" result="Passed" start-time="2024-05-28T07:15:38.9004860Z" end-time="2024-05-28T07:15:38.9014580Z" duration="0.000971" asserts="2" />
                  <test-case id="1-1949" name="AreaDistributorTest_CanLayout(&quot;23x22: P11x10;S6x2 P-1x14;S5x1 P5x-3;S5x3 P11x22;S2x1&quot;)" fullname="PlayersWorlds.Maps.Areas.Evolving.AreaDistributorTest.AreaDistributorTest_CanLayout(&quot;23x22: P11x10;S6x2 P-1x14;S5x1 P5x-3;S5x3 P11x22;S2x1&quot;)" methodname="AreaDistributorTest_CanLayout" classname="PlayersWorlds.Maps.Areas.Evolving.AreaDistributorTest" runstate="Runnable" seed="609605714" result="Passed" start-time="2024-05-28T07:15:38.9014690Z" end-time="2024-05-28T07:15:38.9157210Z" duration="0.014252" asserts="2" />
                  <test-case id="1-1950" name="AreaDistributorTest_CanLayout(&quot;18x23: P-3x-8;S5x5 P30x8;S3x6 P9x3;S4x4 P12x15;S1x3&quot;)" fullname="PlayersWorlds.Maps.Areas.Evolving.AreaDistributorTest.AreaDistributorTest_CanLayout(&quot;18x23: P-3x-8;S5x5 P30x8;S3x6 P9x3;S4x4 P12x15;S1x3&quot;)" methodname="AreaDistributorTest_CanLayout" classname="PlayersWorlds.Maps.Areas.Evolving.AreaDistributorTest" runstate="Runnable" seed="1151374653" result="Passed" start-time="2024-05-28T07:15:38.9157370Z" end-time="2024-05-28T07:15:38.9305560Z" duration="0.014819" asserts="2" />
                  <test-case id="1-1951" name="AreaDistributorTest_CanLayout(&quot;23x8: P4x7;S4x1 P2x-1;S1x1&quot;)" fullname="PlayersWorlds.Maps.Areas.Evolving.AreaDistributorTest.AreaDistributorTest_CanLayout(&quot;23x8: P4x7;S4x1 P2x-1;S1x1&quot;)" methodname="AreaDistributorTest_CanLayout" classname="PlayersWorlds.Maps.Areas.Evolving.AreaDistributorTest" runstate="Runnable" seed="1542049029" result="Passed" start-time="2024-05-28T07:15:38.9305690Z" end-time="2024-05-28T07:15:38.9362240Z" duration="0.005656" asserts="2" />
                  <test-case id="1-1952" name="AreaDistributorTest_CanLayout(&quot;21x13: P8x-3;S6x3 P8x4;S6x3 P7x2;S4x2&quot;)" fullname="PlayersWorlds.Maps.Areas.Evolving.AreaDistributorTest.AreaDistributorTest_CanLayout(&quot;21x13: P8x-3;S6x3 P8x4;S6x3 P7x2;S4x2&quot;)" methodname="AreaDistributorTest_CanLayout" classname="PlayersWorlds.Maps.Areas.Evolving.AreaDistributorTest" runstate="Runnable" seed="1510894098" result="Passed" start-time="2024-05-28T07:15:38.9362360Z" end-time="2024-05-28T07:15:38.9493690Z" duration="0.013133" asserts="2" />
                  <test-case id="1-1953" name="AreaDistributorTest_CanLayout(&quot;16x14: P2x13;S3x1 P11x-1;S4x3&quot;)" fullname="PlayersWorlds.Maps.Areas.Evolving.AreaDistributorTest.AreaDistributorTest_CanLayout(&quot;16x14: P2x13;S3x1 P11x-1;S4x3&quot;)" methodname="AreaDistributorTest_CanLayout" classname="PlayersWorlds.Maps.Areas.Evolving.AreaDistributorTest" runstate="Runnable" seed="1213352061" result="Passed" start-time="2024-05-28T07:15:38.9493820Z" end-time="2024-05-28T07:15:38.9540600Z" duration="0.004679" asserts="2" />
                  <test-case id="1-1954" name="AreaDistributorTest_CanLayout(&quot;24x12: P12x7;S2x1 P14x-1;S5x2 P16x11;S1x1&quot;)" fullname="PlayersWorlds.Maps.Areas.Evolving.AreaDistributorTest.AreaDistributorTest_CanLayout(&quot;24x12: P12x7;S2x1 P14x-1;S5x2 P16x11;S1x1&quot;)" methodname="AreaDistributorTest_CanLayout" classname="PlayersWorlds.Maps.Areas.Evolving.AreaDistributorTest" runstate="Runnable" seed="280060531" result="Passed" start-time="2024-05-28T07:15:38.9540830Z" end-time="2024-05-28T07:15:38.9651160Z" duration="0.011033" asserts="2" />
                  <test-case id="1-1955" name="AreaDistributorTest_CanLayout(&quot;9x18: P2x10;S2x2 P2x8;S2x5&quot;)" fullname="PlayersWorlds.Maps.Areas.Evolving.AreaDistributorTest.AreaDistributorTest_CanLayout(&quot;9x18: P2x10;S2x2 P2x8;S2x5&quot;)" methodname="AreaDistributorTest_CanLayout" classname="PlayersWorlds.Maps.Areas.Evolving.AreaDistributorTest" runstate="Runnable" seed="372598386" result="Passed" start-time="2024-05-28T07:15:38.9651280Z" end-time="2024-05-28T07:15:38.9706990Z" duration="0.005571" asserts="2" />
                  <test-case id="1-1956" name="AreaDistributorTest_CanLayout(&quot;9x18: P2x8;S2x5 P2x10;S2x2&quot;)" fullname="PlayersWorlds.Maps.Areas.Evolving.AreaDistributorTest.AreaDistributorTest_CanLayout(&quot;9x18: P2x8;S2x5 P2x10;S2x2&quot;)" methodname="AreaDistributorTest_CanLayout" classname="PlayersWorlds.Maps.Areas.Evolving.AreaDistributorTest" runstate="Runnable" seed="22823645" result="Passed" start-time="2024-05-28T07:15:38.9707120Z" end-time="2024-05-28T07:15:38.9733660Z" duration="0.002654" asserts="2" />
                  <test-case id="1-1957" name="AreaDistributorTest_CanLayout(&quot;21x21: P-3x-3;S6x6 P6x10;S4x2 P9x16;S2x2 P3x14;S4x2&quot;)" fullname="PlayersWorlds.Maps.Areas.Evolving.AreaDistributorTest.AreaDistributorTest_CanLayout(&quot;21x21: P-3x-3;S6x6 P6x10;S4x2 P9x16;S2x2 P3x14;S4x2&quot;)" methodname="AreaDistributorTest_CanLayout" classname="PlayersWorlds.Maps.Areas.Evolving.AreaDistributorTest" runstate="Runnable" seed="677647944" result="Passed" start-time="2024-05-28T07:15:38.9733770Z" end-time="2024-05-28T07:15:38.9835330Z" duration="0.010156" asserts="2" />
                  <test-case id="1-1958" name="AreaDistributorTest_CanLayout(&quot;14x24: P-9x5;S2x7 P26x5;S1x7 P3x11;S3x7 P5x19;S3x2 P3x6;S2x5 P2x19;S2x2&quot;)" fullname="PlayersWorlds.Maps.Areas.Evolving.AreaDistributorTest.AreaDistributorTest_CanLayout(&quot;14x24: P-9x5;S2x7 P26x5;S1x7 P3x11;S3x7 P5x19;S3x2 P3x6;S2x5 P2x19;S2x2&quot;)" methodname="AreaDistributorTest_CanLayout" classname="PlayersWorlds.Maps.Areas.Evolving.AreaDistributorTest" runstate="Runnable" seed="2072507770" result="Passed" start-time="2024-05-28T07:15:38.9835450Z" end-time="2024-05-28T07:15:39.0845460Z" duration="0.101000" asserts="2" />
                  <test-case id="1-1959" name="AreaDistributorTest_CanLayout(&quot;33x10: P13x11;S10x1 P13x-1;S10x1 P19x3;S8x1 P4x6;S9x1 P9x3;S9x2 P2x3;S3x2&quot;)" fullname="PlayersWorlds.Maps.Areas.Evolving.AreaDistributorTest.AreaDistributorTest_CanLayout(&quot;33x10: P13x11;S10x1 P13x-1;S10x1 P19x3;S8x1 P4x6;S9x1 P9x3;S9x2 P2x3;S3x2&quot;)" methodname="AreaDistributorTest_CanLayout" classname="PlayersWorlds.Maps.Areas.Evolving.AreaDistributorTest" runstate="Runnable" seed="1349960029" result="Passed" start-time="2024-05-28T07:15:39.0845630Z" end-time="2024-05-28T07:15:39.1870900Z" duration="0.102527" asserts="2" />
                  <test-case id="1-1960" name="AreaDistributorTest_CanLayout(&quot;6x49: P-1x5;S1x11 P5x17;S1x11 P2x23;S1x9 P2x14;S1x13 P0x12;S1x9&quot;)" fullname="PlayersWorlds.Maps.Areas.Evolving.AreaDistributorTest.AreaDistributorTest_CanLayout(&quot;6x49: P-1x5;S1x11 P5x17;S1x11 P2x23;S1x9 P2x14;S1x13 P0x12;S1x9&quot;)" methodname="AreaDistributorTest_CanLayout" classname="PlayersWorlds.Maps.Areas.Evolving.AreaDistributorTest" runstate="Runnable" seed="330374951" result="Passed" start-time="2024-05-28T07:15:39.1871100Z" end-time="2024-05-28T07:15:39.2385740Z" duration="0.051464" asserts="2" />
                  <test-case id="1-1961" name="AreaDistributorTest_CanLayout(&quot;35x5: P5x-1;S10x1 P23x4;S8x1 P4x2;S3x1 P12x2;S2x1&quot;)" fullname="PlayersWorlds.Maps.Areas.Evolving.AreaDistributorTest.AreaDistributorTest_CanLayout(&quot;35x5: P5x-1;S10x1 P23x4;S8x1 P4x2;S3x1 P12x2;S2x1&quot;)" methodname="AreaDistributorTest_CanLayout" classname="PlayersWorlds.Maps.Areas.Evolving.AreaDistributorTest" runstate="Runnable" seed="1837846820" result="Passed" start-time="2024-05-28T07:15:39.2385900Z" end-time="2024-05-28T07:15:39.2857580Z" duration="0.047168" asserts="2" />
                  <test-case id="1-1962" name="AreaDistributorTest_CanLayout(&quot;42x5: P4x5;S10x1 P30x1;S3x1 P10x1;S3x1 P2x2;S1x1&quot;)" fullname="PlayersWorlds.Maps.Areas.Evolving.AreaDistributorTest.AreaDistributorTest_CanLayout(&quot;42x5: P4x5;S10x1 P30x1;S3x1 P10x1;S3x1 P2x2;S1x1&quot;)" methodname="AreaDistributorTest_CanLayout" classname="PlayersWorlds.Maps.Areas.Evolving.AreaDistributorTest" runstate="Runnable" seed="743009417" result="Passed" start-time="2024-05-28T07:15:39.2857790Z" end-time="2024-05-28T07:15:39.3091000Z" duration="0.023322" asserts="2" />
                  <test-case id="1-1963" name="AreaDistributorTest_CanLayout(&quot;39x5: P14x5;S10x1 P5x-1;S9x1 P2x2;S1x1 P10x4;S8x1&quot;)" fullname="PlayersWorlds.Maps.Areas.Evolving.AreaDistributorTest.AreaDistributorTest_CanLayout(&quot;39x5: P14x5;S10x1 P5x-1;S9x1 P2x2;S1x1 P10x4;S8x1&quot;)" methodname="AreaDistributorTest_CanLayout" classname="PlayersWorlds.Maps.Areas.Evolving.AreaDistributorTest" runstate="Runnable" seed="323066370" result="Passed" start-time="2024-05-28T07:15:39.3091130Z" end-time="2024-05-28T07:15:39.3561140Z" duration="0.047001" asserts="2" />
                  <test-case id="1-1964" name="AreaDistributorTest_CanLayout(&quot;6x47: P6x12;S1x12 P3x13;S1x5 P3x18;S1x4 P3x38;S1x6 P2x2;S1x2&quot;)" fullname="PlayersWorlds.Maps.Areas.Evolving.AreaDistributorTest.AreaDistributorTest_CanLayout(&quot;6x47: P6x12;S1x12 P3x13;S1x5 P3x18;S1x4 P3x38;S1x6 P2x2;S1x2&quot;)" methodname="AreaDistributorTest_CanLayout" classname="PlayersWorlds.Maps.Areas.Evolving.AreaDistributorTest" runstate="Runnable" seed="1321793856" result="Passed" start-time="2024-05-28T07:15:39.3561440Z" end-time="2024-05-28T07:15:39.4237660Z" duration="0.067623" asserts="2" />
                  <test-case id="1-1965" name="AreaDistributorTest_CanLayout(&quot;6x47: P-1x28;S1x11 P6x11;S1x11 P6x6;S1x11 P-1x6;S1x11 P1x35;S1x5&quot;)" fullname="PlayersWorlds.Maps.Areas.Evolving.AreaDistributorTest.AreaDistributorTest_CanLayout(&quot;6x47: P-1x28;S1x11 P6x11;S1x11 P6x6;S1x11 P-1x6;S1x11 P1x35;S1x5&quot;)" methodname="AreaDistributorTest_CanLayout" classname="PlayersWorlds.Maps.Areas.Evolving.AreaDistributorTest" runstate="Runnable" seed="366325382" result="Passed" start-time="2024-05-28T07:15:39.4237860Z" end-time="2024-05-28T07:15:39.4836100Z" duration="0.059825" asserts="2" />
                  <test-case id="1-1966" name="AreaDistributorTest_CanLayout(&quot;6x47: P7x10;S1x14 P2x41;S1x3 P3x4;S1x3 P3x10;S1x4 P0x25;S1x9&quot;)" fullname="PlayersWorlds.Maps.Areas.Evolving.AreaDistributorTest.AreaDistributorTest_CanLayout(&quot;6x47: P7x10;S1x14 P2x41;S1x3 P3x4;S1x3 P3x10;S1x4 P0x25;S1x9&quot;)" methodname="AreaDistributorTest_CanLayout" classname="PlayersWorlds.Maps.Areas.Evolving.AreaDistributorTest" runstate="Runnable" seed="1694375358" result="Passed" start-time="2024-05-28T07:15:39.4836280Z" end-time="2024-05-28T07:15:39.5580980Z" duration="0.074470" asserts="2" />
                  <test-case id="1-1967" name="AreaDistributorTest_CanLayout(&quot;5x45: P-1x5;S1x10 P-2x21;S1x12 P7x17;S1x14 P2x40;S1x1 P1x29;S1x4&quot;)" fullname="PlayersWorlds.Maps.Areas.Evolving.AreaDistributorTest.AreaDistributorTest_CanLayout(&quot;5x45: P-1x5;S1x10 P-2x21;S1x12 P7x17;S1x14 P2x40;S1x1 P1x29;S1x4&quot;)" methodname="AreaDistributorTest_CanLayout" classname="PlayersWorlds.Maps.Areas.Evolving.AreaDistributorTest" runstate="Runnable" seed="2026654351" result="Passed" start-time="2024-05-28T07:15:39.5581170Z" end-time="2024-05-28T07:15:39.6021250Z" duration="0.044008" asserts="2" />
                  <test-case id="1-1968" name="AreaDistributorTest_CanLayout(&quot;46x5: P4x-1;S10x1 P29x0;S7x1 P29x2;S2x1 P32x2;S10x1 P17x0;S5x1&quot;)" fullname="PlayersWorlds.Maps.Areas.Evolving.AreaDistributorTest.AreaDistributorTest_CanLayout(&quot;46x5: P4x-1;S10x1 P29x0;S7x1 P29x2;S2x1 P32x2;S10x1 P17x0;S5x1&quot;)" methodname="AreaDistributorTest_CanLayout" classname="PlayersWorlds.Maps.Areas.Evolving.AreaDistributorTest" runstate="Runnable" seed="2471612" result="Passed" start-time="2024-05-28T07:15:39.6021390Z" end-time="2024-05-28T07:15:39.6524100Z" duration="0.050271" asserts="2" />
                  <test-case id="1-1969" name="AreaDistributorTest_CanLayout(&quot;6x48: P-2x28;S1x14 P6x6;S1x12 P3x22;S1x2 P1x14;S1x7 P2x23;S1x12&quot;)" fullname="PlayersWorlds.Maps.Areas.Evolving.AreaDistributorTest.AreaDistributorTest_CanLayout(&quot;6x48: P-2x28;S1x14 P6x6;S1x12 P3x22;S1x2 P1x14;S1x7 P2x23;S1x12&quot;)" methodname="AreaDistributorTest_CanLayout" classname="PlayersWorlds.Maps.Areas.Evolving.AreaDistributorTest" runstate="Runnable" seed="1547267625" result="Passed" start-time="2024-05-28T07:15:39.6524250Z" end-time="2024-05-28T07:15:39.7203920Z" duration="0.067968" asserts="2" />
                  <test-case id="1-1970" name="AreaDistributorTest_CanLayout(&quot;47x5: P30x-3;S13x1 P24x-2;S11x1 P17x7;S14x1 P27x2;S2x1 P4x1;S4x1&quot;)" fullname="PlayersWorlds.Maps.Areas.Evolving.AreaDistributorTest.AreaDistributorTest_CanLayout(&quot;47x5: P30x-3;S13x1 P24x-2;S11x1 P17x7;S14x1 P27x2;S2x1 P4x1;S4x1&quot;)" methodname="AreaDistributorTest_CanLayout" classname="PlayersWorlds.Maps.Areas.Evolving.AreaDistributorTest" runstate="Runnable" seed="914170455" result="Passed" start-time="2024-05-28T07:15:39.7204120Z" end-time="2024-05-28T07:15:39.7872170Z" duration="0.066805" asserts="2" />
                  <test-case id="1-1971" name="AreaDistributorTest_CanLayout(&quot;5x45: P-2x13;S1x10 P-2x7;S1x12 P2x3;S1x2 P0x3;S1x8 P2x10;S1x1&quot;)" fullname="PlayersWorlds.Maps.Areas.Evolving.AreaDistributorTest.AreaDistributorTest_CanLayout(&quot;5x45: P-2x13;S1x10 P-2x7;S1x12 P2x3;S1x2 P0x3;S1x8 P2x10;S1x1&quot;)" methodname="AreaDistributorTest_CanLayout" classname="PlayersWorlds.Maps.Areas.Evolving.AreaDistributorTest" runstate="Runnable" seed="21969260" result="Passed" start-time="2024-05-28T07:15:39.7872370Z" end-time="2024-05-28T07:15:39.8589330Z" duration="0.071696" asserts="2" />
                  <test-case id="1-1972" name="AreaDistributorTest_CanLayout(&quot;5x47: P7x28;S1x13 P6x15;S1x11 P1x2;S1x3 P2x40;S1x2 P2x43;S1x1&quot;)" fullname="PlayersWorlds.Maps.Areas.Evolving.AreaDistributorTest.AreaDistributorTest_CanLayout(&quot;5x47: P7x28;S1x13 P6x15;S1x11 P1x2;S1x3 P2x40;S1x2 P2x43;S1x1&quot;)" methodname="AreaDistributorTest_CanLayout" classname="PlayersWorlds.Maps.Areas.Evolving.AreaDistributorTest" runstate="Runnable" seed="1281947100" result="Passed" start-time="2024-05-28T07:15:39.8589520Z" end-time="2024-05-28T07:15:39.9016110Z" duration="0.042660" asserts="2" />
                  <test-case id="1-1973" name="AreaDistributorTest_CanLayout(&quot;5x36: P-2x21;S1x11 P2x12;S1x1 P2x15;S1x2 P2x8;S1x3&quot;)" fullname="PlayersWorlds.Maps.Areas.Evolving.AreaDistributorTest.AreaDistributorTest_CanLayout(&quot;5x36: P-2x21;S1x11 P2x12;S1x1 P2x15;S1x2 P2x8;S1x3&quot;)" methodname="AreaDistributorTest_CanLayout" classname="PlayersWorlds.Maps.Areas.Evolving.AreaDistributorTest" runstate="Runnable" seed="626615421" result="Passed" start-time="2024-05-28T07:15:39.9016260Z" end-time="2024-05-28T07:15:39.9300030Z" duration="0.028377" asserts="2" />
                  <test-case id="1-1974" name="AreaDistributorTest_CanLayout(&quot;6x39: P-1x20;S1x11 P3x19;S1x2 P2x11;S1x11 P2x20;S1x5 P3x10;S1x5&quot;)" fullname="PlayersWorlds.Maps.Areas.Evolving.AreaDistributorTest.AreaDistributorTest_CanLayout(&quot;6x39: P-1x20;S1x11 P3x19;S1x2 P2x11;S1x11 P2x20;S1x5 P3x10;S1x5&quot;)" methodname="AreaDistributorTest_CanLayout" classname="PlayersWorlds.Maps.Areas.Evolving.AreaDistributorTest" runstate="Runnable" seed="855608097" result="Passed" start-time="2024-05-28T07:15:39.9300170Z" end-time="2024-05-28T07:15:39.9742100Z" duration="0.044194" asserts="2" />
                  <test-case id="1-1975" name="AreaDistributorTest_CanLayout(&quot;44x6: P23x-2;S13x1 P7x-2;S13x1 P6x2;S8x1 P37x3;S2x1 P29x2;S10x1&quot;)" fullname="PlayersWorlds.Maps.Areas.Evolving.AreaDistributorTest.AreaDistributorTest_CanLayout(&quot;44x6: P23x-2;S13x1 P7x-2;S13x1 P6x2;S8x1 P37x3;S2x1 P29x2;S10x1&quot;)" methodname="AreaDistributorTest_CanLayout" classname="PlayersWorlds.Maps.Areas.Evolving.AreaDistributorTest" runstate="Runnable" seed="623454523" result="Passed" start-time="2024-05-28T07:15:39.9742290Z" end-time="2024-05-28T07:15:40.0492120Z" duration="0.074983" asserts="2" />
                  <test-case id="1-1976" name="AreaDistributorTest_CanLayout(&quot;6x42: P-1x6;S1x11 P-2x21;S1x13 P3x36;S1x3 P5x7;S1x9 P0x27;S1x10&quot;)" fullname="PlayersWorlds.Maps.Areas.Evolving.AreaDistributorTest.AreaDistributorTest_CanLayout(&quot;6x42: P-1x6;S1x11 P-2x21;S1x13 P3x36;S1x3 P5x7;S1x9 P0x27;S1x10&quot;)" methodname="AreaDistributorTest_CanLayout" classname="PlayersWorlds.Maps.Areas.Evolving.AreaDistributorTest" runstate="Runnable" seed="1028517799" result="Passed" start-time="2024-05-28T07:15:40.0492310Z" end-time="2024-05-28T07:15:40.1009870Z" duration="0.051756" asserts="2" />
                  <test-case id="1-1977" name="AreaDistributorTest_CanLayout(&quot;40x5: P8x6;S12x1 P24x-1;S9x1 P3x0;S8x1 P23x2;S2x1&quot;)" fullname="PlayersWorlds.Maps.Areas.Evolving.AreaDistributorTest.AreaDistributorTest_CanLayout(&quot;40x5: P8x6;S12x1 P24x-1;S9x1 P3x0;S8x1 P23x2;S2x1&quot;)" methodname="AreaDistributorTest_CanLayout" classname="PlayersWorlds.Maps.Areas.Evolving.AreaDistributorTest" runstate="Runnable" seed="214627286" result="Passed" start-time="2024-05-28T07:15:40.1010060Z" end-time="2024-05-28T07:15:40.1249340Z" duration="0.023929" asserts="2" />
                  <test-case id="1-1978" name="AreaDistributorTest_CanLayout(&quot;47x7: P19x7;S14x1 P9x2;S8x1 P7x4;S8x1 P14x2;S4x1 P28x5;S10x1 P35x3;S2x1&quot;)" fullname="PlayersWorlds.Maps.Areas.Evolving.AreaDistributorTest.AreaDistributorTest_CanLayout(&quot;47x7: P19x7;S14x1 P9x2;S8x1 P7x4;S8x1 P14x2;S4x1 P28x5;S10x1 P35x3;S2x1&quot;)" methodname="AreaDistributorTest_CanLayout" classname="PlayersWorlds.Maps.Areas.Evolving.AreaDistributorTest" runstate="Runnable" seed="229783288" result="Passed" start-time="2024-05-28T07:15:40.1249510Z" end-time="2024-05-28T07:15:40.2294540Z" duration="0.104503" asserts="2" />
                  <test-case id="1-1979" name="AreaDistributorTest_CanLayout(&quot;48x6: P32x-1;S11x1 P9x7;S14x1 P5x7;S13x1 P27x2;S15x1 P5x3;S3x1&quot;)" fullname="PlayersWorlds.Maps.Areas.Evolving.AreaDistributorTest.AreaDistributorTest_CanLayout(&quot;48x6: P32x-1;S11x1 P9x7;S14x1 P5x7;S13x1 P27x2;S15x1 P5x3;S3x1&quot;)" methodname="AreaDistributorTest_CanLayout" classname="PlayersWorlds.Maps.Areas.Evolving.AreaDistributorTest" runstate="Runnable" seed="997293631" result="Passed" start-time="2024-05-28T07:15:40.2296760Z" end-time="2024-05-28T07:15:40.3038410Z" duration="0.074166" asserts="2" />
                  <test-case id="1-1980" name="AreaDistributorTest_CanLayout(&quot;46x6: P20x-2;S13x1 P10x7;S14x1 P22x2;S4x1 P35x3;S6x1 P17x3;S7x1&quot;)" fullname="PlayersWorlds.Maps.Areas.Evolving.AreaDistributorTest.AreaDistributorTest_CanLayout(&quot;46x6: P20x-2;S13x1 P10x7;S14x1 P22x2;S4x1 P35x3;S6x1 P17x3;S7x1&quot;)" methodname="AreaDistributorTest_CanLayout" classname="PlayersWorlds.Maps.Areas.Evolving.AreaDistributorTest" runstate="Runnable" seed="973611263" result="Passed" start-time="2024-05-28T07:15:40.3038590Z" end-time="2024-05-28T07:15:40.3700900Z" duration="0.066231" asserts="2" />
                  <test-case id="1-1981" name="AreaDistributorTest_CanLayout(&quot;6x39: P-1x10;S1x11 P0x3;S1x7 P0x11;S1x10 P2x20;S1x7 P3x26;S1x6&quot;)" fullname="PlayersWorlds.Maps.Areas.Evolving.AreaDistributorTest.AreaDistributorTest_CanLayout(&quot;6x39: P-1x10;S1x11 P0x3;S1x7 P0x11;S1x10 P2x20;S1x7 P3x26;S1x6&quot;)" methodname="AreaDistributorTest_CanLayout" classname="PlayersWorlds.Maps.Areas.Evolving.AreaDistributorTest" runstate="Runnable" seed="455829781" result="Passed" start-time="2024-05-28T07:15:40.3701080Z" end-time="2024-05-28T07:15:40.4288580Z" duration="0.058750" asserts="2" />
                  <test-case id="1-1982" name="AreaDistributorTest_CanLayout(&quot;43x42: P3.20x34.43;S6.00x7.00 P10.77x25.44;S9.00x11.00&quot;)" fullname="PlayersWorlds.Maps.Areas.Evolving.AreaDistributorTest.AreaDistributorTest_CanLayout(&quot;43x42: P3.20x34.43;S6.00x7.00 P10.77x25.44;S9.00x11.00&quot;)" methodname="AreaDistributorTest_CanLayout" classname="PlayersWorlds.Maps.Areas.Evolving.AreaDistributorTest" runstate="Runnable" seed="2059782061" result="Passed" start-time="2024-05-28T07:15:40.4288730Z" end-time="2024-05-28T07:15:40.4356400Z" duration="0.006767" asserts="2" />
                  <test-case id="1-1983" name="AreaDistributorTest_CanLayout(&quot;43x42: P35x26;S2x11 P34x35;S12x2&quot;)" fullname="PlayersWorlds.Maps.Areas.Evolving.AreaDistributorTest.AreaDistributorTest_CanLayout(&quot;43x42: P35x26;S2x11 P34x35;S12x2&quot;)" methodname="AreaDistributorTest_CanLayout" classname="PlayersWorlds.Maps.Areas.Evolving.AreaDistributorTest" runstate="Runnable" seed="1155814834" result="Passed" start-time="2024-05-28T07:15:40.4356510Z" end-time="2024-05-28T07:15:40.4422130Z" duration="0.006561" asserts="2" />
                  <test-case id="1-1984" name="AreaDistributorTest_CanLayout(&quot;43x42: P32x32;S4x4 P34x34;S2x2&quot;)" fullname="PlayersWorlds.Maps.Areas.Evolving.AreaDistributorTest.AreaDistributorTest_CanLayout(&quot;43x42: P32x32;S4x4 P34x34;S2x2&quot;)" methodname="AreaDistributorTest_CanLayout" classname="PlayersWorlds.Maps.Areas.Evolving.AreaDistributorTest" runstate="Runnable" seed="1082075241" result="Passed" start-time="2024-05-28T07:15:40.4422260Z" end-time="2024-05-28T07:15:40.4488790Z" duration="0.006653" asserts="2" />
                  <test-case id="1-1985" name="AreaDistributorTest_CanLayout(&quot;43x42: P32x32;S4x4 P34x34;S4x2&quot;)" fullname="PlayersWorlds.Maps.Areas.Evolving.AreaDistributorTest.AreaDistributorTest_CanLayout(&quot;43x42: P32x32;S4x4 P34x34;S4x2&quot;)" methodname="AreaDistributorTest_CanLayout" classname="PlayersWorlds.Maps.Areas.Evolving.AreaDistributorTest" runstate="Runnable" seed="873645408" result="Passed" start-time="2024-05-28T07:15:40.4488900Z" end-time="2024-05-28T07:15:40.4554370Z" duration="0.006548" asserts="2" />
                  <test-case id="1-1986" name="AreaDistributorTest_CanLayout(&quot;43x42: P32x26;S4x10 P34x34;S4x2&quot;)" fullname="PlayersWorlds.Maps.Areas.Evolving.AreaDistributorTest.AreaDistributorTest_CanLayout(&quot;43x42: P32x26;S4x10 P34x34;S4x2&quot;)" methodname="AreaDistributorTest_CanLayout" classname="PlayersWorlds.Maps.Areas.Evolving.AreaDistributorTest" runstate="Runnable" seed="238973972" result="Passed" start-time="2024-05-28T07:15:40.4554490Z" end-time="2024-05-28T07:15:40.4632150Z" duration="0.007766" asserts="2" />
                  <test-case id="1-1987" name="AreaDistributorTest_CanLayout(&quot;43x42: P30x26;S2x11 P29x35;S12x2&quot;)" fullname="PlayersWorlds.Maps.Areas.Evolving.AreaDistributorTest.AreaDistributorTest_CanLayout(&quot;43x42: P30x26;S2x11 P29x35;S12x2&quot;)" methodname="AreaDistributorTest_CanLayout" classname="PlayersWorlds.Maps.Areas.Evolving.AreaDistributorTest" runstate="Runnable" seed="1081880666" result="Passed" start-time="2024-05-28T07:15:40.4632260Z" end-time="2024-05-28T07:15:40.4698580Z" duration="0.006632" asserts="2" />
                  <test-case id="1-1988" name="AreaDistributorTest_CanLayout(&quot;49x26: P37.95x4.74;S12.00x2.00 P0.62x11.59;S4.00x1.00 P20.55x10.45;S7.00x7.00 P19.55x3.18;S8.00x6.00 P29.30x-0.27;S12.00x4.00 P17.11x22.28;S15.00x3.00 P9.50x0.67;S9.00x2.00 P32.27x17.54;S3.00x5.00 P0.57x21.40;S7.00x4.00 P35.67x10.30;S13.00x7.00 P6.23x9.47;S10.00x7.00&quot;)" fullname="PlayersWorlds.Maps.Areas.Evolving.AreaDistributorTest.AreaDistributorTest_CanLayout(&quot;49x26: P37.95x4.74;S12.00x2.00 P0.62x11.59;S4.00x1.00 P20.55x10.45;S7.00x7.00 P19.55x3.18;S8.00x6.00 P29.30x-0.27;S12.00x4.00 P17.11x22.28;S15.00x3.00 P9.50x0.67;S9.00x2.00 P32.27x17.54;S3.00x5.00 P0.57x21.40;S7.00x4.00 P35.67x10.30;S13.00x7.00 P6.23x9.47;S10.00x7.00&quot;)" methodname="AreaDistributorTest_CanLayout" classname="PlayersWorlds.Maps.Areas.Evolving.AreaDistributorTest" runstate="Runnable" seed="141659358" result="Passed" start-time="2024-05-28T07:15:40.4698690Z" end-time="2024-05-28T07:15:40.8173030Z" duration="0.347434" asserts="2" />
                  <test-case id="1-1989" name="AreaDistributorTest_CanLayout(&quot;26x29: P10.00x15.00;S7.00x3.00 P20.00x0.00;S5.00x6.00 P17.00x5.00;S7.00x7.00 P5.00x4.00;S6.00x4.00 P21.00x18.00;S4.00x2.00 P20.00x8.00;S3.00x8.00 P10.00x11.00;S4.00x5.00 P0.00x5.00;S1.00x8.00 P21.00x9.00;S3.00x6.00&quot;)" fullname="PlayersWorlds.Maps.Areas.Evolving.AreaDistributorTest.AreaDistributorTest_CanLayout(&quot;26x29: P10.00x15.00;S7.00x3.00 P20.00x0.00;S5.00x6.00 P17.00x5.00;S7.00x7.00 P5.00x4.00;S6.00x4.00 P21.00x18.00;S4.00x2.00 P20.00x8.00;S3.00x8.00 P10.00x11.00;S4.00x5.00 P0.00x5.00;S1.00x8.00 P21.00x9.00;S3.00x6.00&quot;)" methodname="AreaDistributorTest_CanLayout" classname="PlayersWorlds.Maps.Areas.Evolving.AreaDistributorTest" runstate="Runnable" seed="1568458337" result="Passed" start-time="2024-05-28T07:15:40.8173230Z" end-time="2024-05-28T07:15:40.9311970Z" duration="0.113874" asserts="2" />
                  <test-case id="1-1990" name="AreaDistributorTest_CanLayout(&quot;8x45: P2.00x9.00;S1.00x6.00 P2.00x22.00;S1.00x8.00 P5.00x32.00;S1.00x10.00 P6.00x14.00;S1.00x9.00 P4.00x3.00;S1.00x14.00 P2.00x36.00;S1.00x8.00&quot;)" fullname="PlayersWorlds.Maps.Areas.Evolving.AreaDistributorTest.AreaDistributorTest_CanLayout(&quot;8x45: P2.00x9.00;S1.00x6.00 P2.00x22.00;S1.00x8.00 P5.00x32.00;S1.00x10.00 P6.00x14.00;S1.00x9.00 P4.00x3.00;S1.00x14.00 P2.00x36.00;S1.00x8.00&quot;)" methodname="AreaDistributorTest_CanLayout" classname="PlayersWorlds.Maps.Areas.Evolving.AreaDistributorTest" runstate="Runnable" seed="1276023876" result="Passed" start-time="2024-05-28T07:15:40.9312160Z" end-time="2024-05-28T07:15:41.0247750Z" duration="0.093558" asserts="2" />
                  <test-case id="1-1991" name="AreaDistributorTest_CanLayout(&quot;31x47: P2.00x15.00;S9.00x1.00 P3.00x11.00;S5.00x4.00 P2.00x11.00;S5.00x7.00 P13.00x14.00;S5.00x10.00 P8.00x37.00;S2.00x9.00 P27.00x19.00;S3.00x8.00 P20.00x12.00;S7.00x7.00 P4.00x13.00;S4.00x2.00 P20.00x31.00;S6.00x2.00 P9.00x3.00;S9.00x3.00 P6.00x34.00;S6.00x1.00 P23.00x6.00;S5.00x2.00&quot;)" fullname="PlayersWorlds.Maps.Areas.Evolving.AreaDistributorTest.AreaDistributorTest_CanLayout(&quot;31x47: P2.00x15.00;S9.00x1.00 P3.00x11.00;S5.00x4.00 P2.00x11.00;S5.00x7.00 P13.00x14.00;S5.00x10.00 P8.00x37.00;S2.00x9.00 P27.00x19.00;S3.00x8.00 P20.00x12.00;S7.00x7.00 P4.00x13.00;S4.00x2.00 P20.00x31.00;S6.00x2.00 P9.00x3.00;S9.00x3.00 P6.00x34.00;S6.00x1.00 P23.00x6.00;S5.00x2.00&quot;)" methodname="AreaDistributorTest_CanLayout" classname="PlayersWorlds.Maps.Areas.Evolving.AreaDistributorTest" runstate="Runnable" seed="1651751422" result="Passed" start-time="2024-05-28T07:15:41.0247950Z" end-time="2024-05-28T07:15:41.1882910Z" duration="0.163496" asserts="2" />
                  <test-case id="1-1992" name="AreaDistributorTest_CanLayout(&quot;7x47: P4.00x40.00;S1.00x5.00 P0.00x12.00;S1.00x7.00 P1.00x9.00;S1.00x3.00 P5.00x0.00;S1.00x14.00 P2.00x37.00;S1.00x9.00 P0.00x29.00;S1.00x6.00&quot;)" fullname="PlayersWorlds.Maps.Areas.Evolving.AreaDistributorTest.AreaDistributorTest_CanLayout(&quot;7x47: P4.00x40.00;S1.00x5.00 P0.00x12.00;S1.00x7.00 P1.00x9.00;S1.00x3.00 P5.00x0.00;S1.00x14.00 P2.00x37.00;S1.00x9.00 P0.00x29.00;S1.00x6.00&quot;)" methodname="AreaDistributorTest_CanLayout" classname="PlayersWorlds.Maps.Areas.Evolving.AreaDistributorTest" runstate="Runnable" seed="103206201" result="Passed" start-time="2024-05-28T07:15:41.1883230Z" end-time="2024-05-28T07:15:41.2922030Z" duration="0.103881" asserts="2" />
                  <test-case id="1-1993" name="AreaDistributorTest_CanLayout(&quot;48x38: P8x15;S1x3 P45x11;S2x7 P6x8;S1x3 P4x7;S10x11 P4x9;S2x8 P26x13;S1x10 P18x13;S10x7 P35x22;S10x5 P31x10;S5x9 P32x10;S13x6 P22x22;S14x6 P26x1;S3x3 P28x14;S13x10 P24x4;S12x8&quot;)" fullname="PlayersWorlds.Maps.Areas.Evolving.AreaDistributorTest.AreaDistributorTest_CanLayout(&quot;48x38: P8x15;S1x3 P45x11;S2x7 P6x8;S1x3 P4x7;S10x11 P4x9;S2x8 P26x13;S1x10 P18x13;S10x7 P35x22;S10x5 P31x10;S5x9 P32x10;S13x6 P22x22;S14x6 P26x1;S3x3 P28x14;S13x10 P24x4;S12x8&quot;)" methodname="AreaDistributorTest_CanLayout" classname="PlayersWorlds.Maps.Areas.Evolving.AreaDistributorTest" runstate="Runnable" seed="1102018543" result="Passed" start-time="2024-05-28T07:15:41.2922230Z" end-time="2024-05-28T07:15:41.8616200Z" duration="0.569398" asserts="2" />
                  <test-case id="1-1994" name="AreaDistributorTest_CanLayout(&quot;31x32: P24.45x15.67;S8.00x7.00 P14.09x8.51;S1.00x6.00 P16.22x5.85;S9.00x9.00 P18.23x27.41;S1.00x4.00 P13.75x0.80;S3.00x3.00 P8.52x18.43;S4.00x7.00 P1.71x14.65;S9.00x6.00 P0.38x4.06;S7.00x7.00 P25.06x24.29;S5.00x7.00 P11.40x19.76;S6.00x9.00&quot;)" fullname="PlayersWorlds.Maps.Areas.Evolving.AreaDistributorTest.AreaDistributorTest_CanLayout(&quot;31x32: P24.45x15.67;S8.00x7.00 P14.09x8.51;S1.00x6.00 P16.22x5.85;S9.00x9.00 P18.23x27.41;S1.00x4.00 P13.75x0.80;S3.00x3.00 P8.52x18.43;S4.00x7.00 P1.71x14.65;S9.00x6.00 P0.38x4.06;S7.00x7.00 P25.06x24.29;S5.00x7.00 P11.40x19.76;S6.00x9.00&quot;)" methodname="AreaDistributorTest_CanLayout" classname="PlayersWorlds.Maps.Areas.Evolving.AreaDistributorTest" runstate="Runnable" seed="1714045622" result="Passed" start-time="2024-05-28T07:15:41.8616410Z" end-time="2024-05-28T07:15:42.1470430Z" duration="0.285402" asserts="2" />
                  <test-case id="1-1995" name="AreaDistributorTest_CanLayout(&quot;45x43: P38.00x15.09;S8.00x10.00 P0.42x0.08;S10.00x4.00 P17.64x33.27;S8.00x2.00 P-0.03x22.54;S1.00x12.00 P17.50x0.62;S12.00x7.00 P23.05x19.66;S14.00x7.00 P21.76x17.00;S1.00x7.00 P11.34x8.71;S8.00x9.00 P9.60x23.72;S12.00x7.00 P0.45x8.22;S8.00x5.00 P0.65x19.15;S12.00x3.00 P19.87x38.89;S7.00x2.00 P33.99x38.13;S10.00x4.00 P34.00x0.58;S11.00x12.00&quot;)" fullname="PlayersWorlds.Maps.Areas.Evolving.AreaDistributorTest.AreaDistributorTest_CanLayout(&quot;45x43: P38.00x15.09;S8.00x10.00 P0.42x0.08;S10.00x4.00 P17.64x33.27;S8.00x2.00 P-0.03x22.54;S1.00x12.00 P17.50x0.62;S12.00x7.00 P23.05x19.66;S14.00x7.00 P21.76x17.00;S1.00x7.00 P11.34x8.71;S8.00x9.00 P9.60x23.72;S12.00x7.00 P0.45x8.22;S8.00x5.00 P0.65x19.15;S12.00x3.00 P19.87x38.89;S7.00x2.00 P33.99x38.13;S10.00x4.00 P34.00x0.58;S11.00x12.00&quot;)" methodname="AreaDistributorTest_CanLayout" classname="PlayersWorlds.Maps.Areas.Evolving.AreaDistributorTest" runstate="Runnable" seed="1017472855" result="Passed" start-time="2024-05-28T07:15:42.1470650Z" end-time="2024-05-28T07:15:42.7120110Z" duration="0.564947" asserts="2" />
                  <test-case id="1-1996" name="AreaDistributorTest_CanLayout(&quot;49x10: P4.00x1.00;S13.00x7.00 P8.00x1.00;S10.00x7.00&quot;)" fullname="PlayersWorlds.Maps.Areas.Evolving.AreaDistributorTest.AreaDistributorTest_CanLayout(&quot;49x10: P4.00x1.00;S13.00x7.00 P8.00x1.00;S10.00x7.00&quot;)" methodname="AreaDistributorTest_CanLayout" classname="PlayersWorlds.Maps.Areas.Evolving.AreaDistributorTest" runstate="Runnable" seed="1242158308" result="Passed" start-time="2024-05-28T07:15:42.7120310Z" end-time="2024-05-28T07:15:42.7157030Z" duration="0.003672" asserts="2" />
                  <test-case id="1-1997" name="AreaDistributorTest_CanLayout(&quot;49x16: P2x7;S12x4 P7x-1;S11x3 P19x4;S13x4 P27x11;S15x4 P17x10;S3x4 P14x3;S13x4 P24x9;S6x4 P1x13;S14x2 P9x4;S4x3&quot;)" fullname="PlayersWorlds.Maps.Areas.Evolving.AreaDistributorTest.AreaDistributorTest_CanLayout(&quot;49x16: P2x7;S12x4 P7x-1;S11x3 P19x4;S13x4 P27x11;S15x4 P17x10;S3x4 P14x3;S13x4 P24x9;S6x4 P1x13;S14x2 P9x4;S4x3&quot;)" methodname="AreaDistributorTest_CanLayout" classname="PlayersWorlds.Maps.Areas.Evolving.AreaDistributorTest" runstate="Runnable" seed="790024760" result="Passed" start-time="2024-05-28T07:15:42.7157140Z" end-time="2024-05-28T07:15:42.8796990Z" duration="0.163985" asserts="2" />
                  <test-case id="1-1998" name="AreaDistributorTest_CanLayout(&quot;49x42: P19x1;S11x2 P34x31;S6x8 P15x29;S13x12 P15x11;S5x12 P23x5;S12x6 P3x17;S9x2 P16x6;S15x4 P15x29;S9x11 P39x37;S6x4 P28x22;S12x9 P31x8;S6x3 P27x23;S9x5 P0x27;S13x9 P11x17;S5x11 P4x2;S1x1&quot;)" fullname="PlayersWorlds.Maps.Areas.Evolving.AreaDistributorTest.AreaDistributorTest_CanLayout(&quot;49x42: P19x1;S11x2 P34x31;S6x8 P15x29;S13x12 P15x11;S5x12 P23x5;S12x6 P3x17;S9x2 P16x6;S15x4 P15x29;S9x11 P39x37;S6x4 P28x22;S12x9 P31x8;S6x3 P27x23;S9x5 P0x27;S13x9 P11x17;S5x11 P4x2;S1x1&quot;)" methodname="AreaDistributorTest_CanLayout" classname="PlayersWorlds.Maps.Areas.Evolving.AreaDistributorTest" runstate="Runnable" seed="2053788793" result="Passed" start-time="2024-05-28T07:15:42.8797190Z" end-time="2024-05-28T07:15:43.5267360Z" duration="0.647017" asserts="2" />
                  <test-case id="1-1999" name="AreaDistributorTest_CanLayout(&quot;24x46: P11x20;S3x9 P5x15;S6x10 P5x14;S7x13 P10x26;S5x11 P10x18;S1x4 P11x13;S1x5 P10x29;S6x9 P13x8;S2x10 P3x17;S7x13 P5x28;S5x5 P18x8;S5x12&quot;)" fullname="PlayersWorlds.Maps.Areas.Evolving.AreaDistributorTest.AreaDistributorTest_CanLayout(&quot;24x46: P11x20;S3x9 P5x15;S6x10 P5x14;S7x13 P10x26;S5x11 P10x18;S1x4 P11x13;S1x5 P10x29;S6x9 P13x8;S2x10 P3x17;S7x13 P5x28;S5x5 P18x8;S5x12&quot;)" methodname="AreaDistributorTest_CanLayout" classname="PlayersWorlds.Maps.Areas.Evolving.AreaDistributorTest" runstate="Runnable" seed="156435402" result="Passed" start-time="2024-05-28T07:15:43.5267560Z" end-time="2024-05-28T07:15:43.8715100Z" duration="0.344754" asserts="2" />
                  <test-case id="1-2000" name="AreaDistributorTest_CanLayout(&quot;10x10: P7x9;S2x3 P7x2;S3x2 P3x9;S2x2 P0x5;S2x3 P7x1;S2x3 P0x0;S6x5&quot;)" fullname="PlayersWorlds.Maps.Areas.Evolving.AreaDistributorTest.AreaDistributorTest_CanLayout(&quot;10x10: P7x9;S2x3 P7x2;S3x2 P3x9;S2x2 P0x5;S2x3 P7x1;S2x3 P0x0;S6x5&quot;)" methodname="AreaDistributorTest_CanLayout" classname="PlayersWorlds.Maps.Areas.Evolving.AreaDistributorTest" runstate="Runnable" seed="1479625342" result="Passed" start-time="2024-05-28T07:15:43.8715310Z" end-time="2024-05-28T07:15:43.9520990Z" duration="0.080568" asserts="2" />
                </test-suite>
                <test-case id="1-2002" name="AreaDistributorTest_CanLayout_Debug" fullname="PlayersWorlds.Maps.Areas.Evolving.AreaDistributorTest.AreaDistributorTest_CanLayout_Debug" methodname="AreaDistributorTest_CanLayout_Debug" classname="PlayersWorlds.Maps.Areas.Evolving.AreaDistributorTest" runstate="Runnable" seed="855998668" result="Passed" start-time="2024-05-28T07:15:43.9521580Z" end-time="2024-05-28T07:15:44.0279660Z" duration="0.075809" asserts="2" />
                <test-case id="1-1920" name="AreaDistributorTest_OneTest" fullname="PlayersWorlds.Maps.Areas.Evolving.AreaDistributorTest.AreaDistributorTest_OneTest" methodname="AreaDistributorTest_OneTest" classname="PlayersWorlds.Maps.Areas.Evolving.AreaDistributorTest" runstate="Runnable" seed="231638450" result="Passed" start-time="2024-05-28T07:15:44.0279840Z" end-time="2024-05-28T07:15:44.0291730Z" duration="0.001189" asserts="2">
                  <properties>
                    <property name="Category" value="Integration" />
                  </properties>
                </test-case>
                <test-suite type="ParameterizedMethod" id="1-1933" name="AreaDistributorTest_OverlapTwo" fullname="PlayersWorlds.Maps.Areas.Evolving.AreaDistributorTest.AreaDistributorTest_OverlapTwo" classname="PlayersWorlds.Maps.Areas.Evolving.AreaDistributorTest" runstate="Runnable" testcasecount="10" result="Passed" start-time="2024-05-28T07:15:44.0291860Z" end-time="2024-05-28T07:15:44.0632030Z" duration="0.034017" total="10" passed="10" failed="0" warnings="0" inconclusive="0" skipped="0" asserts="20">
                  <properties>
                    <property name="Category" value="Integration" />
                  </properties>
                  <test-case id="1-1923" name="AreaDistributorTest_OverlapTwo(&quot;11x11: P3.5x3.5;S4x4 P3.5x3.5;S4x4&quot;)" fullname="PlayersWorlds.Maps.Areas.Evolving.AreaDistributorTest.AreaDistributorTest_OverlapTwo(&quot;11x11: P3.5x3.5;S4x4 P3.5x3.5;S4x4&quot;)" methodname="AreaDistributorTest_OverlapTwo" classname="PlayersWorlds.Maps.Areas.Evolving.AreaDistributorTest" runstate="Runnable" seed="1347775818" result="Passed" start-time="2024-05-28T07:15:44.0292090Z" end-time="2024-05-28T07:15:44.0326390Z" duration="0.003431" asserts="2" />
                  <test-case id="1-1924" name="AreaDistributorTest_OverlapTwo(&quot;16x16: P4x4;S8x8 P5x9;S2x2&quot;)" fullname="PlayersWorlds.Maps.Areas.Evolving.AreaDistributorTest.AreaDistributorTest_OverlapTwo(&quot;16x16: P4x4;S8x8 P5x9;S2x2&quot;)" methodname="AreaDistributorTest_OverlapTwo" classname="PlayersWorlds.Maps.Areas.Evolving.AreaDistributorTest" runstate="Runnable" seed="1887726828" result="Passed" start-time="2024-05-28T07:15:44.0326510Z" end-time="2024-05-28T07:15:44.0377730Z" duration="0.005122" asserts="2" />
                  <test-case id="1-1925" name="AreaDistributorTest_OverlapTwo(&quot;16x16: P4x4;S8x8 P5x7;S4x4&quot;)" fullname="PlayersWorlds.Maps.Areas.Evolving.AreaDistributorTest.AreaDistributorTest_OverlapTwo(&quot;16x16: P4x4;S8x8 P5x7;S4x4&quot;)" methodname="AreaDistributorTest_OverlapTwo" classname="PlayersWorlds.Maps.Areas.Evolving.AreaDistributorTest" runstate="Runnable" seed="1734928528" result="Passed" start-time="2024-05-28T07:15:44.0377850Z" end-time="2024-05-28T07:15:44.0406590Z" duration="0.002875" asserts="2" />
                  <test-case id="1-1926" name="AreaDistributorTest_OverlapTwo(&quot;16x16: P5x5;S6x6 P6x6;S4x4&quot;)" fullname="PlayersWorlds.Maps.Areas.Evolving.AreaDistributorTest.AreaDistributorTest_OverlapTwo(&quot;16x16: P5x5;S6x6 P6x6;S4x4&quot;)" methodname="AreaDistributorTest_OverlapTwo" classname="PlayersWorlds.Maps.Areas.Evolving.AreaDistributorTest" runstate="Runnable" seed="706123781" result="Passed" start-time="2024-05-28T07:15:44.0406700Z" end-time="2024-05-28T07:15:44.0457460Z" duration="0.005076" asserts="2" />
                  <test-case id="1-1927" name="AreaDistributorTest_OverlapTwo(&quot;11x11: P2x2;S4x4 P5x5;S4x4&quot;)" fullname="PlayersWorlds.Maps.Areas.Evolving.AreaDistributorTest.AreaDistributorTest_OverlapTwo(&quot;11x11: P2x2;S4x4 P5x5;S4x4&quot;)" methodname="AreaDistributorTest_OverlapTwo" classname="PlayersWorlds.Maps.Areas.Evolving.AreaDistributorTest" runstate="Runnable" seed="682452071" result="Passed" start-time="2024-05-28T07:15:44.0457570Z" end-time="2024-05-28T07:15:44.0483120Z" duration="0.002555" asserts="2" />
                  <test-case id="1-1928" name="AreaDistributorTest_OverlapTwo(&quot;11x11: P5x2;S4x4 P2x5;S4x4&quot;)" fullname="PlayersWorlds.Maps.Areas.Evolving.AreaDistributorTest.AreaDistributorTest_OverlapTwo(&quot;11x11: P5x2;S4x4 P2x5;S4x4&quot;)" methodname="AreaDistributorTest_OverlapTwo" classname="PlayersWorlds.Maps.Areas.Evolving.AreaDistributorTest" runstate="Runnable" seed="1890883595" result="Passed" start-time="2024-05-28T07:15:44.0483220Z" end-time="2024-05-28T07:15:44.0508610Z" duration="0.002539" asserts="2" />
                  <test-case id="1-1929" name="AreaDistributorTest_OverlapTwo(&quot;11x11: P2x5;S4x4 P5x2;S4x4&quot;)" fullname="PlayersWorlds.Maps.Areas.Evolving.AreaDistributorTest.AreaDistributorTest_OverlapTwo(&quot;11x11: P2x5;S4x4 P5x2;S4x4&quot;)" methodname="AreaDistributorTest_OverlapTwo" classname="PlayersWorlds.Maps.Areas.Evolving.AreaDistributorTest" runstate="Runnable" seed="1981990316" result="Passed" start-time="2024-05-28T07:15:44.0508710Z" end-time="2024-05-28T07:15:44.0543550Z" duration="0.003484" asserts="2" />
                  <test-case id="1-1930" name="AreaDistributorTest_OverlapTwo(&quot;11x11: P5x5;S4x4 P2x2;S4x4&quot;)" fullname="PlayersWorlds.Maps.Areas.Evolving.AreaDistributorTest.AreaDistributorTest_OverlapTwo(&quot;11x11: P5x5;S4x4 P2x2;S4x4&quot;)" methodname="AreaDistributorTest_OverlapTwo" classname="PlayersWorlds.Maps.Areas.Evolving.AreaDistributorTest" runstate="Runnable" seed="490045031" result="Passed" start-time="2024-05-28T07:15:44.0543660Z" end-time="2024-05-28T07:15:44.0570640Z" duration="0.002698" asserts="2" />
                  <test-case id="1-1931" name="AreaDistributorTest_OverlapTwo(&quot;11x11: P4x4;S4x4 P3x3;S4x4&quot;)" fullname="PlayersWorlds.Maps.Areas.Evolving.AreaDistributorTest.AreaDistributorTest_OverlapTwo(&quot;11x11: P4x4;S4x4 P3x3;S4x4&quot;)" methodname="AreaDistributorTest_OverlapTwo" classname="PlayersWorlds.Maps.Areas.Evolving.AreaDistributorTest" runstate="Runnable" seed="1150578764" result="Passed" start-time="2024-05-28T07:15:44.0570740Z" end-time="2024-05-28T07:15:44.0604830Z" duration="0.003409" asserts="2" />
                  <test-case id="1-1932" name="AreaDistributorTest_OverlapTwo(&quot;11x11: P4x3;S4x4 P3x4;S4x4&quot;)" fullname="PlayersWorlds.Maps.Areas.Evolving.AreaDistributorTest.AreaDistributorTest_OverlapTwo(&quot;11x11: P4x3;S4x4 P3x4;S4x4&quot;)" methodname="AreaDistributorTest_OverlapTwo" classname="PlayersWorlds.Maps.Areas.Evolving.AreaDistributorTest" runstate="Runnable" seed="1385176102" result="Passed" start-time="2024-05-28T07:15:44.0604930Z" end-time="2024-05-28T07:15:44.0631910Z" duration="0.002698" asserts="2" />
                </test-suite>
                <test-case id="1-1921" name="AreaDistributorTest_SidePressure" fullname="PlayersWorlds.Maps.Areas.Evolving.AreaDistributorTest.AreaDistributorTest_SidePressure" methodname="AreaDistributorTest_SidePressure" classname="PlayersWorlds.Maps.Areas.Evolving.AreaDistributorTest" runstate="Runnable" seed="1832839415" result="Passed" start-time="2024-05-28T07:15:44.0632140Z" end-time="2024-05-28T07:15:44.0995880Z" duration="0.036374" asserts="2">
                  <properties>
                    <property name="Category" value="Integration" />
                  </properties>
                </test-case>
                <test-suite type="ParameterizedMethod" id="1-1945" name="AreaDistributorTest_SingleMapForce" fullname="PlayersWorlds.Maps.Areas.Evolving.AreaDistributorTest.AreaDistributorTest_SingleMapForce" classname="PlayersWorlds.Maps.Areas.Evolving.AreaDistributorTest" runstate="Runnable" testcasecount="10" result="Passed" start-time="2024-05-28T07:15:44.0996070Z" end-time="2024-05-28T07:15:44.1096130Z" duration="0.010006" total="10" passed="10" failed="0" warnings="0" inconclusive="0" skipped="0" asserts="20">
                  <properties>
                    <property name="Category" value="Integration" />
                  </properties>
                  <test-case id="1-1935" name="AreaDistributorTest_SingleMapForce(&quot;6x12: P1x2;S2x2&quot;)" fullname="PlayersWorlds.Maps.Areas.Evolving.AreaDistributorTest.AreaDistributorTest_SingleMapForce(&quot;6x12: P1x2;S2x2&quot;)" methodname="AreaDistributorTest_SingleMapForce" classname="PlayersWorlds.Maps.Areas.Evolving.AreaDistributorTest" runstate="Runnable" seed="365834934" result="Passed" start-time="2024-05-28T07:15:44.0996320Z" end-time="2024-05-28T07:15:44.1008120Z" duration="0.001180" asserts="2" />
                  <test-case id="1-1936" name="AreaDistributorTest_SingleMapForce(&quot;6x12: P2x2;S2x2&quot;)" fullname="PlayersWorlds.Maps.Areas.Evolving.AreaDistributorTest.AreaDistributorTest_SingleMapForce(&quot;6x12: P2x2;S2x2&quot;)" methodname="AreaDistributorTest_SingleMapForce" classname="PlayersWorlds.Maps.Areas.Evolving.AreaDistributorTest" runstate="Runnable" seed="524760317" result="Passed" start-time="2024-05-28T07:15:44.1008230Z" end-time="2024-05-28T07:15:44.1017120Z" duration="0.000889" asserts="2" />
                  <test-case id="1-1937" name="AreaDistributorTest_SingleMapForce(&quot;6x12: P3x2;S2x2&quot;)" fullname="PlayersWorlds.Maps.Areas.Evolving.AreaDistributorTest.AreaDistributorTest_SingleMapForce(&quot;6x12: P3x2;S2x2&quot;)" methodname="AreaDistributorTest_SingleMapForce" classname="PlayersWorlds.Maps.Areas.Evolving.AreaDistributorTest" runstate="Runnable" seed="639310772" result="Passed" start-time="2024-05-28T07:15:44.1017220Z" end-time="2024-05-28T07:15:44.1034150Z" duration="0.001693" asserts="2" />
                  <test-case id="1-1938" name="AreaDistributorTest_SingleMapForce(&quot;6x12: P1x5;S2x2&quot;)" fullname="PlayersWorlds.Maps.Areas.Evolving.AreaDistributorTest.AreaDistributorTest_SingleMapForce(&quot;6x12: P1x5;S2x2&quot;)" methodname="AreaDistributorTest_SingleMapForce" classname="PlayersWorlds.Maps.Areas.Evolving.AreaDistributorTest" runstate="Runnable" seed="2108255510" result="Passed" start-time="2024-05-28T07:15:44.1034250Z" end-time="2024-05-28T07:15:44.1043060Z" duration="0.000881" asserts="2" />
                  <test-case id="1-1939" name="AreaDistributorTest_SingleMapForce(&quot;6x12: P2x5;S2x2&quot;)" fullname="PlayersWorlds.Maps.Areas.Evolving.AreaDistributorTest.AreaDistributorTest_SingleMapForce(&quot;6x12: P2x5;S2x2&quot;)" methodname="AreaDistributorTest_SingleMapForce" classname="PlayersWorlds.Maps.Areas.Evolving.AreaDistributorTest" runstate="Runnable" seed="452415855" result="Passed" start-time="2024-05-28T07:15:44.1043150Z" end-time="2024-05-28T07:15:44.1051810Z" duration="0.000866" asserts="2" />
                  <test-case id="1-1940" name="AreaDistributorTest_SingleMapForce(&quot;6x12: P3x5;S2x2&quot;)" fullname="PlayersWorlds.Maps.Areas.Evolving.AreaDistributorTest.AreaDistributorTest_SingleMapForce(&quot;6x12: P3x5;S2x2&quot;)" methodname="AreaDistributorTest_SingleMapForce" classname="PlayersWorlds.Maps.Areas.Evolving.AreaDistributorTest" runstate="Runnable" seed="149158173" result="Passed" start-time="2024-05-28T07:15:44.1051900Z" end-time="2024-05-28T07:15:44.1060590Z" duration="0.000868" asserts="2" />
                  <test-case id="1-1941" name="AreaDistributorTest_SingleMapForce(&quot;6x12: P1x8;S2x2&quot;)" fullname="PlayersWorlds.Maps.Areas.Evolving.AreaDistributorTest.AreaDistributorTest_SingleMapForce(&quot;6x12: P1x8;S2x2&quot;)" methodname="AreaDistributorTest_SingleMapForce" classname="PlayersWorlds.Maps.Areas.Evolving.AreaDistributorTest" runstate="Runnable" seed="2090360427" result="Passed" start-time="2024-05-28T07:15:44.1060680Z" end-time="2024-05-28T07:15:44.1069360Z" duration="0.000868" asserts="2" />
                  <test-case id="1-1942" name="AreaDistributorTest_SingleMapForce(&quot;6x12: P2x8;S2x2&quot;)" fullname="PlayersWorlds.Maps.Areas.Evolving.AreaDistributorTest.AreaDistributorTest_SingleMapForce(&quot;6x12: P2x8;S2x2&quot;)" methodname="AreaDistributorTest_SingleMapForce" classname="PlayersWorlds.Maps.Areas.Evolving.AreaDistributorTest" runstate="Runnable" seed="785280516" result="Passed" start-time="2024-05-28T07:15:44.1069450Z" end-time="2024-05-28T07:15:44.1078250Z" duration="0.000879" asserts="2" />
                  <test-case id="1-1943" name="AreaDistributorTest_SingleMapForce(&quot;6x12: P3x8;S2x2&quot;)" fullname="PlayersWorlds.Maps.Areas.Evolving.AreaDistributorTest.AreaDistributorTest_SingleMapForce(&quot;6x12: P3x8;S2x2&quot;)" methodname="AreaDistributorTest_SingleMapForce" classname="PlayersWorlds.Maps.Areas.Evolving.AreaDistributorTest" runstate="Runnable" seed="226135432" result="Passed" start-time="2024-05-28T07:15:44.1078350Z" end-time="2024-05-28T07:15:44.1087040Z" duration="0.000870" asserts="2" />
                  <test-case id="1-1944" name="AreaDistributorTest_SingleMapForce(&quot;6x12: P-1x-4;S2x2&quot;)" fullname="PlayersWorlds.Maps.Areas.Evolving.AreaDistributorTest.AreaDistributorTest_SingleMapForce(&quot;6x12: P-1x-4;S2x2&quot;)" methodname="AreaDistributorTest_SingleMapForce" classname="PlayersWorlds.Maps.Areas.Evolving.AreaDistributorTest" runstate="Runnable" seed="1117318060" result="Passed" start-time="2024-05-28T07:15:44.1087140Z" end-time="2024-05-28T07:15:44.1096010Z" duration="0.000888" asserts="2" />
                </test-suite>
                <test-case id="1-1922" name="AreaDistributorTest_TwoTest" fullname="PlayersWorlds.Maps.Areas.Evolving.AreaDistributorTest.AreaDistributorTest_TwoTest" methodname="AreaDistributorTest_TwoTest" classname="PlayersWorlds.Maps.Areas.Evolving.AreaDistributorTest" runstate="Runnable" seed="155240448" result="Passed" start-time="2024-05-28T07:15:44.1096230Z" end-time="2024-05-28T07:15:44.1132560Z" duration="0.003633" asserts="2">
                  <properties>
                    <property name="Category" value="Integration" />
                  </properties>
                </test-case>
              </test-suite>
              <test-suite type="TestFixture" id="1-2004" name="EvolvingSimulatorTest" fullname="PlayersWorlds.Maps.Areas.Evolving.EvolvingSimulatorTest" classname="PlayersWorlds.Maps.Areas.Evolving.EvolvingSimulatorTest" runstate="Runnable" testcasecount="2" result="Passed" start-time="2024-05-28T07:15:44.1132880Z" end-time="2024-05-28T07:15:44.2167650Z" duration="0.103477" total="2" passed="2" failed="0" warnings="0" inconclusive="0" skipped="0" asserts="2">
                <test-case id="1-2006" name="EvolvingSimulator_ReturnsEpochsIfEvolitionIsNotComplete" fullname="PlayersWorlds.Maps.Areas.Evolving.EvolvingSimulatorTest.EvolvingSimulator_ReturnsEpochsIfEvolitionIsNotComplete" methodname="EvolvingSimulator_ReturnsEpochsIfEvolitionIsNotComplete" classname="PlayersWorlds.Maps.Areas.Evolving.EvolvingSimulatorTest" runstate="Runnable" seed="940919397" result="Passed" start-time="2024-05-28T07:15:44.1133840Z" end-time="2024-05-28T07:15:44.2156700Z" duration="0.102286" asserts="1" />
                <test-case id="1-2005" name="EvolvingSimulator_ThrowsIfMaxEpochsIsZero" fullname="PlayersWorlds.Maps.Areas.Evolving.EvolvingSimulatorTest.EvolvingSimulator_ThrowsIfMaxEpochsIsZero" methodname="EvolvingSimulator_ThrowsIfMaxEpochsIsZero" classname="PlayersWorlds.Maps.Areas.Evolving.EvolvingSimulatorTest" runstate="Runnable" seed="761971268" result="Passed" start-time="2024-05-28T07:15:44.2156980Z" end-time="2024-05-28T07:15:44.2167470Z" duration="0.001049" asserts="1" />
              </test-suite>
              <test-suite type="TestFixture" id="1-2007" name="FloatingAreaTest" fullname="PlayersWorlds.Maps.Areas.Evolving.FloatingAreaTest" classname="PlayersWorlds.Maps.Areas.Evolving.FloatingAreaTest" runstate="Runnable" testcasecount="22" result="Passed" start-time="2024-05-28T07:15:44.2167850Z" end-time="2024-05-28T07:15:44.2223740Z" duration="0.005589" total="22" passed="22" failed="0" warnings="0" inconclusive="0" skipped="0" asserts="45">
                <test-case id="1-2012" name="CenterIsValid" fullname="PlayersWorlds.Maps.Areas.Evolving.FloatingAreaTest.CenterIsValid" methodname="CenterIsValid" classname="PlayersWorlds.Maps.Areas.Evolving.FloatingAreaTest" runstate="Runnable" seed="155480531" result="Passed" start-time="2024-05-28T07:15:44.2168630Z" end-time="2024-05-28T07:15:44.2193870Z" duration="0.002524" asserts="4" />
                <test-case id="1-2011" name="Contains" fullname="PlayersWorlds.Maps.Areas.Evolving.FloatingAreaTest.Contains" methodname="Contains" classname="PlayersWorlds.Maps.Areas.Evolving.FloatingAreaTest" runstate="Runnable" seed="943751754" result="Passed" start-time="2024-05-28T07:15:44.2193990Z" end-time="2024-05-28T07:15:44.2201530Z" duration="0.000754" asserts="2" />
                <test-suite type="ParameterizedMethod" id="1-2029" name="DistanceTo" fullname="PlayersWorlds.Maps.Areas.Evolving.FloatingAreaTest.DistanceTo" classname="PlayersWorlds.Maps.Areas.Evolving.FloatingAreaTest" runstate="Runnable" testcasecount="16" result="Passed" start-time="2024-05-28T07:15:44.2201650Z" end-time="2024-05-28T07:15:44.2210960Z" duration="0.000931" total="16" passed="16" failed="0" warnings="0" inconclusive="0" skipped="0" asserts="32">
                  <properties>
                    <property name="Category" value="Integration" />
                  </properties>
                  <test-case id="1-2013" name="DistanceTo((PlayersWorlds.Maps.Areas.Evolving.FloatingArea[], -1.00x0.00, False))" fullname="PlayersWorlds.Maps.Areas.Evolving.FloatingAreaTest.DistanceTo((PlayersWorlds.Maps.Areas.Evolving.FloatingArea[], -1.00x0.00, False))" methodname="DistanceTo" classname="PlayersWorlds.Maps.Areas.Evolving.FloatingAreaTest" runstate="Runnable" seed="603054533" result="Passed" start-time="2024-05-28T07:15:44.2201800Z" end-time="2024-05-28T07:15:44.2207020Z" duration="0.000522" asserts="2" />
                  <test-case id="1-2014" name="DistanceTo((PlayersWorlds.Maps.Areas.Evolving.FloatingArea[], 0.00x0.00, False))" fullname="PlayersWorlds.Maps.Areas.Evolving.FloatingAreaTest.DistanceTo((PlayersWorlds.Maps.Areas.Evolving.FloatingArea[], 0.00x0.00, False))" methodname="DistanceTo" classname="PlayersWorlds.Maps.Areas.Evolving.FloatingAreaTest" runstate="Runnable" seed="2094037296" result="Passed" start-time="2024-05-28T07:15:44.2207100Z" end-time="2024-05-28T07:15:44.2207450Z" duration="0.000035" asserts="2" />
                  <test-case id="1-2015" name="DistanceTo((PlayersWorlds.Maps.Areas.Evolving.FloatingArea[], 1.00x0.00, True))" fullname="PlayersWorlds.Maps.Areas.Evolving.FloatingAreaTest.DistanceTo((PlayersWorlds.Maps.Areas.Evolving.FloatingArea[], 1.00x0.00, True))" methodname="DistanceTo" classname="PlayersWorlds.Maps.Areas.Evolving.FloatingAreaTest" runstate="Runnable" seed="1460011684" result="Passed" start-time="2024-05-28T07:15:44.2207500Z" end-time="2024-05-28T07:15:44.2207750Z" duration="0.000024" asserts="2" />
                  <test-case id="1-2016" name="DistanceTo((PlayersWorlds.Maps.Areas.Evolving.FloatingArea[], 0.00x0.00, True))" fullname="PlayersWorlds.Maps.Areas.Evolving.FloatingAreaTest.DistanceTo((PlayersWorlds.Maps.Areas.Evolving.FloatingArea[], 0.00x0.00, True))" methodname="DistanceTo" classname="PlayersWorlds.Maps.Areas.Evolving.FloatingAreaTest" runstate="Runnable" seed="1608663085" result="Passed" start-time="2024-05-28T07:15:44.2207790Z" end-time="2024-05-28T07:15:44.2208010Z" duration="0.000021" asserts="2" />
                  <test-case id="1-2017" name="DistanceTo((PlayersWorlds.Maps.Areas.Evolving.FloatingArea[], -1.00x0.00, True))" fullname="PlayersWorlds.Maps.Areas.Evolving.FloatingAreaTest.DistanceTo((PlayersWorlds.Maps.Areas.Evolving.FloatingArea[], -1.00x0.00, True))" methodname="DistanceTo" classname="PlayersWorlds.Maps.Areas.Evolving.FloatingAreaTest" runstate="Runnable" seed="798058867" result="Passed" start-time="2024-05-28T07:15:44.2208050Z" end-time="2024-05-28T07:15:44.2208260Z" duration="0.000021" asserts="2" />
                  <test-case id="1-2018" name="DistanceTo((PlayersWorlds.Maps.Areas.Evolving.FloatingArea[], 0.00x0.00, False))" fullname="PlayersWorlds.Maps.Areas.Evolving.FloatingAreaTest.DistanceTo((PlayersWorlds.Maps.Areas.Evolving.FloatingArea[], 0.00x0.00, False))" methodname="DistanceTo" classname="PlayersWorlds.Maps.Areas.Evolving.FloatingAreaTest" runstate="Runnable" seed="1058529121" result="Passed" start-time="2024-05-28T07:15:44.2208310Z" end-time="2024-05-28T07:15:44.2208520Z" duration="0.000021" asserts="2" />
                  <test-case id="1-2019" name="DistanceTo((PlayersWorlds.Maps.Areas.Evolving.FloatingArea[], 1.00x0.00, False))" fullname="PlayersWorlds.Maps.Areas.Evolving.FloatingAreaTest.DistanceTo((PlayersWorlds.Maps.Areas.Evolving.FloatingArea[], 1.00x0.00, False))" methodname="DistanceTo" classname="PlayersWorlds.Maps.Areas.Evolving.FloatingAreaTest" runstate="Runnable" seed="752431575" result="Passed" start-time="2024-05-28T07:15:44.2208570Z" end-time="2024-05-28T07:15:44.2208760Z" duration="0.000019" asserts="2" />
                  <test-case id="1-2020" name="DistanceTo((PlayersWorlds.Maps.Areas.Evolving.FloatingArea[], -1.00x1.00, False))" fullname="PlayersWorlds.Maps.Areas.Evolving.FloatingAreaTest.DistanceTo((PlayersWorlds.Maps.Areas.Evolving.FloatingArea[], -1.00x1.00, False))" methodname="DistanceTo" classname="PlayersWorlds.Maps.Areas.Evolving.FloatingAreaTest" runstate="Runnable" seed="955121876" result="Passed" start-time="2024-05-28T07:15:44.2208800Z" end-time="2024-05-28T07:15:44.2208990Z" duration="0.000018" asserts="2" />
                  <test-case id="1-2021" name="DistanceTo((PlayersWorlds.Maps.Areas.Evolving.FloatingArea[], 0.00x1.00, False))" fullname="PlayersWorlds.Maps.Areas.Evolving.FloatingAreaTest.DistanceTo((PlayersWorlds.Maps.Areas.Evolving.FloatingArea[], 0.00x1.00, False))" methodname="DistanceTo" classname="PlayersWorlds.Maps.Areas.Evolving.FloatingAreaTest" runstate="Runnable" seed="447323707" result="Passed" start-time="2024-05-28T07:15:44.2209030Z" end-time="2024-05-28T07:15:44.2209210Z" duration="0.000018" asserts="2" />
                  <test-case id="1-2022" name="DistanceTo((PlayersWorlds.Maps.Areas.Evolving.FloatingArea[], 1.00x1.00, True))" fullname="PlayersWorlds.Maps.Areas.Evolving.FloatingAreaTest.DistanceTo((PlayersWorlds.Maps.Areas.Evolving.FloatingArea[], 1.00x1.00, True))" methodname="DistanceTo" classname="PlayersWorlds.Maps.Areas.Evolving.FloatingAreaTest" runstate="Runnable" seed="1999522658" result="Passed" start-time="2024-05-28T07:15:44.2209260Z" end-time="2024-05-28T07:15:44.2209440Z" duration="0.000018" asserts="2" />
                  <test-case id="1-2023" name="DistanceTo((PlayersWorlds.Maps.Areas.Evolving.FloatingArea[], 0.00x1.00, True))" fullname="PlayersWorlds.Maps.Areas.Evolving.FloatingAreaTest.DistanceTo((PlayersWorlds.Maps.Areas.Evolving.FloatingArea[], 0.00x1.00, True))" methodname="DistanceTo" classname="PlayersWorlds.Maps.Areas.Evolving.FloatingAreaTest" runstate="Runnable" seed="2134224459" result="Passed" start-time="2024-05-28T07:15:44.2209480Z" end-time="2024-05-28T07:15:44.2209840Z" duration="0.000035" asserts="2" />
                  <test-case id="1-2024" name="DistanceTo((PlayersWorlds.Maps.Areas.Evolving.FloatingArea[], -1.00x1.00, True))" fullname="PlayersWorlds.Maps.Areas.Evolving.FloatingAreaTest.DistanceTo((PlayersWorlds.Maps.Areas.Evolving.FloatingArea[], -1.00x1.00, True))" methodname="DistanceTo" classname="PlayersWorlds.Maps.Areas.Evolving.FloatingAreaTest" runstate="Runnable" seed="336795325" result="Passed" start-time="2024-05-28T07:15:44.2209890Z" end-time="2024-05-28T07:15:44.2210090Z" duration="0.000019" asserts="2" />
                  <test-case id="1-2025" name="DistanceTo((PlayersWorlds.Maps.Areas.Evolving.FloatingArea[], 0.00x1.00, False))" fullname="PlayersWorlds.Maps.Areas.Evolving.FloatingAreaTest.DistanceTo((PlayersWorlds.Maps.Areas.Evolving.FloatingArea[], 0.00x1.00, False))" methodname="DistanceTo" classname="PlayersWorlds.Maps.Areas.Evolving.FloatingAreaTest" runstate="Runnable" seed="883189155" result="Passed" start-time="2024-05-28T07:15:44.2210130Z" end-time="2024-05-28T07:15:44.2210300Z" duration="0.000016" asserts="2" />
                  <test-case id="1-2026" name="DistanceTo((PlayersWorlds.Maps.Areas.Evolving.FloatingArea[], 1.00x1.00, False))" fullname="PlayersWorlds.Maps.Areas.Evolving.FloatingAreaTest.DistanceTo((PlayersWorlds.Maps.Areas.Evolving.FloatingArea[], 1.00x1.00, False))" methodname="DistanceTo" classname="PlayersWorlds.Maps.Areas.Evolving.FloatingAreaTest" runstate="Runnable" seed="1384334569" result="Passed" start-time="2024-05-28T07:15:44.2210340Z" end-time="2024-05-28T07:15:44.2210500Z" duration="0.000016" asserts="2" />
                  <test-case id="1-2027" name="DistanceTo((PlayersWorlds.Maps.Areas.Evolving.FloatingArea[], -1.00x-1.00, True))" fullname="PlayersWorlds.Maps.Areas.Evolving.FloatingAreaTest.DistanceTo((PlayersWorlds.Maps.Areas.Evolving.FloatingArea[], -1.00x-1.00, True))" methodname="DistanceTo" classname="PlayersWorlds.Maps.Areas.Evolving.FloatingAreaTest" runstate="Runnable" seed="978239945" result="Passed" start-time="2024-05-28T07:15:44.2210540Z" end-time="2024-05-28T07:15:44.2210700Z" duration="0.000016" asserts="2" />
                  <test-case id="1-2028" name="DistanceTo((PlayersWorlds.Maps.Areas.Evolving.FloatingArea[], 1.00x1.00, False))" fullname="PlayersWorlds.Maps.Areas.Evolving.FloatingAreaTest.DistanceTo((PlayersWorlds.Maps.Areas.Evolving.FloatingArea[], 1.00x1.00, False))" methodname="DistanceTo" classname="PlayersWorlds.Maps.Areas.Evolving.FloatingAreaTest" runstate="Runnable" seed="624123435" result="Passed" start-time="2024-05-28T07:15:44.2210740Z" end-time="2024-05-28T07:15:44.2210900Z" duration="0.000016" asserts="2" />
                </test-suite>
                <test-case id="1-2030" name="DistanceToDebug" fullname="PlayersWorlds.Maps.Areas.Evolving.FloatingAreaTest.DistanceToDebug" methodname="DistanceToDebug" classname="PlayersWorlds.Maps.Areas.Evolving.FloatingAreaTest" runstate="Runnable" seed="2065332661" result="Passed" start-time="2024-05-28T07:15:44.2211040Z" end-time="2024-05-28T07:15:44.2214620Z" duration="0.000359" asserts="2" />
                <test-case id="1-2010" name="Overlaps" fullname="PlayersWorlds.Maps.Areas.Evolving.FloatingAreaTest.Overlaps" methodname="Overlaps" classname="PlayersWorlds.Maps.Areas.Evolving.FloatingAreaTest" runstate="Runnable" seed="314102698" result="Passed" start-time="2024-05-28T07:15:44.2214700Z" end-time="2024-05-28T07:15:44.2220820Z" duration="0.000612" asserts="2" />
                <test-case id="1-2008" name="Parse" fullname="PlayersWorlds.Maps.Areas.Evolving.FloatingAreaTest.Parse" methodname="Parse" classname="PlayersWorlds.Maps.Areas.Evolving.FloatingAreaTest" runstate="Runnable" seed="1757284638" result="Passed" start-time="2024-05-28T07:15:44.2220900Z" end-time="2024-05-28T07:15:44.2222220Z" duration="0.000132" asserts="2" />
                <test-case id="1-2009" name="ToStringIsValid" fullname="PlayersWorlds.Maps.Areas.Evolving.FloatingAreaTest.ToStringIsValid" methodname="ToStringIsValid" classname="PlayersWorlds.Maps.Areas.Evolving.FloatingAreaTest" runstate="Runnable" seed="1519645580" result="Passed" start-time="2024-05-28T07:15:44.2222300Z" end-time="2024-05-28T07:15:44.2223640Z" duration="0.000134" asserts="1" />
              </test-suite>
              <test-suite type="TestFixture" id="1-2031" name="ForceFormulaTestTest" fullname="PlayersWorlds.Maps.Areas.Evolving.ForceFormulaTestTest" classname="PlayersWorlds.Maps.Areas.Evolving.ForceFormulaTestTest" runstate="Runnable" testcasecount="8" result="Passed" start-time="2024-05-28T07:15:44.2223870Z" end-time="2024-05-28T07:15:44.2268710Z" duration="0.004484" total="8" passed="8" failed="0" warnings="0" inconclusive="0" skipped="0" asserts="42">
                <test-case id="1-2037" name="CollideForce_Negative" fullname="PlayersWorlds.Maps.Areas.Evolving.ForceFormulaTestTest.CollideForce_Negative" methodname="CollideForce_Negative" classname="PlayersWorlds.Maps.Areas.Evolving.ForceFormulaTestTest" runstate="Runnable" seed="1889872272" result="Passed" start-time="2024-05-28T07:15:44.2224490Z" end-time="2024-05-28T07:15:44.2234180Z" duration="0.000969" asserts="9" />
                <test-case id="1-2036" name="CollideForce_Positive" fullname="PlayersWorlds.Maps.Areas.Evolving.ForceFormulaTestTest.CollideForce_Positive" methodname="CollideForce_Positive" classname="PlayersWorlds.Maps.Areas.Evolving.ForceFormulaTestTest" runstate="Runnable" seed="663282669" result="Passed" start-time="2024-05-28T07:15:44.2234270Z" end-time="2024-05-28T07:15:44.2237660Z" duration="0.000339" asserts="9" />
                <test-case id="1-2033" name="NormalForce_Negative" fullname="PlayersWorlds.Maps.Areas.Evolving.ForceFormulaTestTest.NormalForce_Negative" methodname="NormalForce_Negative" classname="PlayersWorlds.Maps.Areas.Evolving.ForceFormulaTestTest" runstate="Runnable" seed="1278154732" result="Passed" start-time="2024-05-28T07:15:44.2237730Z" end-time="2024-05-28T07:15:44.2242120Z" duration="0.000439" asserts="3" />
                <test-case id="1-2035" name="NormalForce_NegativeCapped" fullname="PlayersWorlds.Maps.Areas.Evolving.ForceFormulaTestTest.NormalForce_NegativeCapped" methodname="NormalForce_NegativeCapped" classname="PlayersWorlds.Maps.Areas.Evolving.ForceFormulaTestTest" runstate="Runnable" seed="1258662807" result="Passed" start-time="2024-05-28T07:15:44.2242210Z" end-time="2024-05-28T07:15:44.2243950Z" duration="0.000175" asserts="5" />
                <test-case id="1-2032" name="NormalForce_Positive" fullname="PlayersWorlds.Maps.Areas.Evolving.ForceFormulaTestTest.NormalForce_Positive" methodname="NormalForce_Positive" classname="PlayersWorlds.Maps.Areas.Evolving.ForceFormulaTestTest" runstate="Runnable" seed="1415084772" result="Passed" start-time="2024-05-28T07:15:44.2244030Z" end-time="2024-05-28T07:15:44.2245310Z" duration="0.000128" asserts="3" />
                <test-case id="1-2034" name="NormalForce_PositiveCapped" fullname="PlayersWorlds.Maps.Areas.Evolving.ForceFormulaTestTest.NormalForce_PositiveCapped" methodname="NormalForce_PositiveCapped" classname="PlayersWorlds.Maps.Areas.Evolving.ForceFormulaTestTest" runstate="Runnable" seed="1312868443" result="Passed" start-time="2024-05-28T07:15:44.2245390Z" end-time="2024-05-28T07:15:44.2246930Z" duration="0.000154" asserts="5" />
                <test-case id="1-2039" name="OverlapForce_Negative" fullname="PlayersWorlds.Maps.Areas.Evolving.ForceFormulaTestTest.OverlapForce_Negative" methodname="OverlapForce_Negative" classname="PlayersWorlds.Maps.Areas.Evolving.ForceFormulaTestTest" runstate="Runnable" seed="1355942807" result="Passed" start-time="2024-05-28T07:15:44.2247000Z" end-time="2024-05-28T07:15:44.2265160Z" duration="0.001816" asserts="4" />
                <test-case id="1-2038" name="OverlapForce_Positive" fullname="PlayersWorlds.Maps.Areas.Evolving.ForceFormulaTestTest.OverlapForce_Positive" methodname="OverlapForce_Positive" classname="PlayersWorlds.Maps.Areas.Evolving.ForceFormulaTestTest" runstate="Runnable" seed="1288767014" result="Passed" start-time="2024-05-28T07:15:44.2265260Z" end-time="2024-05-28T07:15:44.2268580Z" duration="0.000331" asserts="4" />
              </test-suite>
              <test-suite type="TestFixture" id="1-2040" name="SideToSideForceProducerTest" fullname="PlayersWorlds.Maps.Areas.Evolving.SideToSideForceProducerTest" classname="PlayersWorlds.Maps.Areas.Evolving.SideToSideForceProducerTest" runstate="Runnable" testcasecount="22" result="Passed" start-time="2024-05-28T07:15:44.2268860Z" end-time="2024-05-28T07:15:44.2306570Z" duration="0.003770" total="22" passed="22" failed="0" warnings="0" inconclusive="0" skipped="0" asserts="79">
                <test-case id="1-2058" name="GetAxisDistance_Collide" fullname="PlayersWorlds.Maps.Areas.Evolving.SideToSideForceProducerTest.GetAxisDistance_Collide" methodname="GetAxisDistance_Collide" classname="PlayersWorlds.Maps.Areas.Evolving.SideToSideForceProducerTest" runstate="Runnable" seed="1450246488" result="Passed" start-time="2024-05-28T07:15:44.2269700Z" end-time="2024-05-28T07:15:44.2275900Z" duration="0.000620" asserts="6" />
                <test-case id="1-2061" name="GetAxisDistance_Contain1" fullname="PlayersWorlds.Maps.Areas.Evolving.SideToSideForceProducerTest.GetAxisDistance_Contain1" methodname="GetAxisDistance_Contain1" classname="PlayersWorlds.Maps.Areas.Evolving.SideToSideForceProducerTest" runstate="Runnable" seed="84552759" result="Passed" start-time="2024-05-28T07:15:44.2275980Z" end-time="2024-05-28T07:15:44.2278560Z" duration="0.000258" asserts="6" />
                <test-case id="1-2062" name="GetAxisDistance_Contain2" fullname="PlayersWorlds.Maps.Areas.Evolving.SideToSideForceProducerTest.GetAxisDistance_Contain2" methodname="GetAxisDistance_Contain2" classname="PlayersWorlds.Maps.Areas.Evolving.SideToSideForceProducerTest" runstate="Runnable" seed="1909515244" result="Passed" start-time="2024-05-28T07:15:44.2278640Z" end-time="2024-05-28T07:15:44.2280990Z" duration="0.000235" asserts="6" />
                <test-case id="1-2056" name="GetAxisDistance_Normal1" fullname="PlayersWorlds.Maps.Areas.Evolving.SideToSideForceProducerTest.GetAxisDistance_Normal1" methodname="GetAxisDistance_Normal1" classname="PlayersWorlds.Maps.Areas.Evolving.SideToSideForceProducerTest" runstate="Runnable" seed="399101147" result="Passed" start-time="2024-05-28T07:15:44.2281060Z" end-time="2024-05-28T07:15:44.2283350Z" duration="0.000229" asserts="6" />
                <test-case id="1-2057" name="GetAxisDistance_Normal2" fullname="PlayersWorlds.Maps.Areas.Evolving.SideToSideForceProducerTest.GetAxisDistance_Normal2" methodname="GetAxisDistance_Normal2" classname="PlayersWorlds.Maps.Areas.Evolving.SideToSideForceProducerTest" runstate="Runnable" seed="1739942731" result="Passed" start-time="2024-05-28T07:15:44.2283430Z" end-time="2024-05-28T07:15:44.2285920Z" duration="0.000249" asserts="6" />
                <test-case id="1-2059" name="GetAxisDistance_Overlap1" fullname="PlayersWorlds.Maps.Areas.Evolving.SideToSideForceProducerTest.GetAxisDistance_Overlap1" methodname="GetAxisDistance_Overlap1" classname="PlayersWorlds.Maps.Areas.Evolving.SideToSideForceProducerTest" runstate="Runnable" seed="1562275344" result="Passed" start-time="2024-05-28T07:15:44.2286000Z" end-time="2024-05-28T07:15:44.2288220Z" duration="0.000222" asserts="6" />
                <test-case id="1-2060" name="GetAxisDistance_Overlap2" fullname="PlayersWorlds.Maps.Areas.Evolving.SideToSideForceProducerTest.GetAxisDistance_Overlap2" methodname="GetAxisDistance_Overlap2" classname="PlayersWorlds.Maps.Areas.Evolving.SideToSideForceProducerTest" runstate="Runnable" seed="453558053" result="Passed" start-time="2024-05-28T07:15:44.2288290Z" end-time="2024-05-28T07:15:44.2290610Z" duration="0.000232" asserts="6" />
                <test-case id="1-2050" name="GetOpposingForce_CentersInside_NoOpposingForce" fullname="PlayersWorlds.Maps.Areas.Evolving.SideToSideForceProducerTest.GetOpposingForce_CentersInside_NoOpposingForce" methodname="GetOpposingForce_CentersInside_NoOpposingForce" classname="PlayersWorlds.Maps.Areas.Evolving.SideToSideForceProducerTest" runstate="Runnable" seed="474544632" result="Passed" start-time="2024-05-28T07:15:44.2290680Z" end-time="2024-05-28T07:15:44.2292640Z" duration="0.000196" asserts="2" />
                <test-case id="1-2051" name="GetOpposingForce_CentersInside_WithOpposingForce" fullname="PlayersWorlds.Maps.Areas.Evolving.SideToSideForceProducerTest.GetOpposingForce_CentersInside_WithOpposingForce" methodname="GetOpposingForce_CentersInside_WithOpposingForce" classname="PlayersWorlds.Maps.Areas.Evolving.SideToSideForceProducerTest" runstate="Runnable" seed="1191924956" result="Passed" start-time="2024-05-28T07:15:44.2292720Z" end-time="2024-05-28T07:15:44.2293600Z" duration="0.000088" asserts="2" />
                <test-case id="1-2052" name="GetOpposingForce_CentersOutside_NoOpposingForce" fullname="PlayersWorlds.Maps.Areas.Evolving.SideToSideForceProducerTest.GetOpposingForce_CentersOutside_NoOpposingForce" methodname="GetOpposingForce_CentersOutside_NoOpposingForce" classname="PlayersWorlds.Maps.Areas.Evolving.SideToSideForceProducerTest" runstate="Runnable" seed="1657552180" result="Passed" start-time="2024-05-28T07:15:44.2293670Z" end-time="2024-05-28T07:15:44.2294540Z" duration="0.000087" asserts="2" />
                <test-case id="1-2053" name="GetOpposingForce_CentersOutside_WithOpposingForce" fullname="PlayersWorlds.Maps.Areas.Evolving.SideToSideForceProducerTest.GetOpposingForce_CentersOutside_WithOpposingForce" methodname="GetOpposingForce_CentersOutside_WithOpposingForce" classname="PlayersWorlds.Maps.Areas.Evolving.SideToSideForceProducerTest" runstate="Runnable" seed="1872313972" result="Passed" start-time="2024-05-28T07:15:44.2294610Z" end-time="2024-05-28T07:15:44.2295390Z" duration="0.000078" asserts="2" />
                <test-case id="1-2054" name="GetOpposingForce_NoIntersection_NoOpposingForce" fullname="PlayersWorlds.Maps.Areas.Evolving.SideToSideForceProducerTest.GetOpposingForce_NoIntersection_NoOpposingForce" methodname="GetOpposingForce_NoIntersection_NoOpposingForce" classname="PlayersWorlds.Maps.Areas.Evolving.SideToSideForceProducerTest" runstate="Runnable" seed="2041338689" result="Passed" start-time="2024-05-28T07:15:44.2295460Z" end-time="2024-05-28T07:15:44.2296210Z" duration="0.000075" asserts="2" />
                <test-case id="1-2055" name="GetOpposingForce_NoIntersection_WithOpposingForce" fullname="PlayersWorlds.Maps.Areas.Evolving.SideToSideForceProducerTest.GetOpposingForce_NoIntersection_WithOpposingForce" methodname="GetOpposingForce_NoIntersection_WithOpposingForce" classname="PlayersWorlds.Maps.Areas.Evolving.SideToSideForceProducerTest" runstate="Runnable" seed="768506735" result="Passed" start-time="2024-05-28T07:15:44.2296270Z" end-time="2024-05-28T07:15:44.2297020Z" duration="0.000075" asserts="2" />
                <test-case id="1-2048" name="GetOpposingForce_WhenCenterMatches_NoOpposingForce" fullname="PlayersWorlds.Maps.Areas.Evolving.SideToSideForceProducerTest.GetOpposingForce_WhenCenterMatches_NoOpposingForce" methodname="GetOpposingForce_WhenCenterMatches_NoOpposingForce" classname="PlayersWorlds.Maps.Areas.Evolving.SideToSideForceProducerTest" runstate="Runnable" seed="847530863" result="Passed" start-time="2024-05-28T07:15:44.2297090Z" end-time="2024-05-28T07:15:44.2297810Z" duration="0.000073" asserts="2" />
                <test-case id="1-2049" name="GetOpposingForce_WhenCenterMatches_WithOpposingForce" fullname="PlayersWorlds.Maps.Areas.Evolving.SideToSideForceProducerTest.GetOpposingForce_WhenCenterMatches_WithOpposingForce" methodname="GetOpposingForce_WhenCenterMatches_WithOpposingForce" classname="PlayersWorlds.Maps.Areas.Evolving.SideToSideForceProducerTest" runstate="Runnable" seed="1426506060" result="Passed" start-time="2024-05-28T07:15:44.2297880Z" end-time="2024-05-28T07:15:44.2298640Z" duration="0.000076" asserts="2" />
                <test-case id="1-2044" name="MapAreaSystemTest_DistanceCentersMatch" fullname="PlayersWorlds.Maps.Areas.Evolving.SideToSideForceProducerTest.MapAreaSystemTest_DistanceCentersMatch" methodname="MapAreaSystemTest_DistanceCentersMatch" classname="PlayersWorlds.Maps.Areas.Evolving.SideToSideForceProducerTest" runstate="Runnable" seed="605713872" result="Passed" start-time="2024-05-28T07:15:44.2298710Z" end-time="2024-05-28T07:15:44.2299820Z" duration="0.000111" asserts="3" />
                <test-case id="1-2047" name="MapAreaSystemTest_DistanceNegativeCollide" fullname="PlayersWorlds.Maps.Areas.Evolving.SideToSideForceProducerTest.MapAreaSystemTest_DistanceNegativeCollide" methodname="MapAreaSystemTest_DistanceNegativeCollide" classname="PlayersWorlds.Maps.Areas.Evolving.SideToSideForceProducerTest" runstate="Runnable" seed="1711894238" result="Passed" start-time="2024-05-28T07:15:44.2299890Z" end-time="2024-05-28T07:15:44.2300960Z" duration="0.000108" asserts="3" />
                <test-case id="1-2045" name="MapAreaSystemTest_DistanceNegativeNormal" fullname="PlayersWorlds.Maps.Areas.Evolving.SideToSideForceProducerTest.MapAreaSystemTest_DistanceNegativeNormal" methodname="MapAreaSystemTest_DistanceNegativeNormal" classname="PlayersWorlds.Maps.Areas.Evolving.SideToSideForceProducerTest" runstate="Runnable" seed="962948745" result="Passed" start-time="2024-05-28T07:15:44.2301030Z" end-time="2024-05-28T07:15:44.2302130Z" duration="0.000110" asserts="3" />
                <test-case id="1-2046" name="MapAreaSystemTest_DistanceNegativeOverlap" fullname="PlayersWorlds.Maps.Areas.Evolving.SideToSideForceProducerTest.MapAreaSystemTest_DistanceNegativeOverlap" methodname="MapAreaSystemTest_DistanceNegativeOverlap" classname="PlayersWorlds.Maps.Areas.Evolving.SideToSideForceProducerTest" runstate="Runnable" seed="120172331" result="Passed" start-time="2024-05-28T07:15:44.2302200Z" end-time="2024-05-28T07:15:44.2303220Z" duration="0.000102" asserts="3" />
                <test-case id="1-2043" name="MapAreaSystemTest_DistancePositiveCollide" fullname="PlayersWorlds.Maps.Areas.Evolving.SideToSideForceProducerTest.MapAreaSystemTest_DistancePositiveCollide" methodname="MapAreaSystemTest_DistancePositiveCollide" classname="PlayersWorlds.Maps.Areas.Evolving.SideToSideForceProducerTest" runstate="Runnable" seed="373638618" result="Passed" start-time="2024-05-28T07:15:44.2303290Z" end-time="2024-05-28T07:15:44.2304300Z" duration="0.000101" asserts="3" />
                <test-case id="1-2041" name="MapAreaSystemTest_DistancePositiveNormal" fullname="PlayersWorlds.Maps.Areas.Evolving.SideToSideForceProducerTest.MapAreaSystemTest_DistancePositiveNormal" methodname="MapAreaSystemTest_DistancePositiveNormal" classname="PlayersWorlds.Maps.Areas.Evolving.SideToSideForceProducerTest" runstate="Runnable" seed="526516048" result="Passed" start-time="2024-05-28T07:15:44.2304370Z" end-time="2024-05-28T07:15:44.2305390Z" duration="0.000102" asserts="3" />
                <test-case id="1-2042" name="MapAreaSystemTest_DistancePositiveOverlap" fullname="PlayersWorlds.Maps.Areas.Evolving.SideToSideForceProducerTest.MapAreaSystemTest_DistancePositiveOverlap" methodname="MapAreaSystemTest_DistancePositiveOverlap" classname="PlayersWorlds.Maps.Areas.Evolving.SideToSideForceProducerTest" runstate="Runnable" seed="1521508113" result="Passed" start-time="2024-05-28T07:15:44.2305470Z" end-time="2024-05-28T07:15:44.2306460Z" duration="0.000099" asserts="3" />
              </test-suite>
            </test-suite>
            <test-suite type="TestFixture" id="1-1910" name="MapAreaTest" fullname="PlayersWorlds.Maps.Areas.MapAreaTest" classname="PlayersWorlds.Maps.Areas.MapAreaTest" runstate="Runnable" testcasecount="6" result="Passed" start-time="2024-05-28T07:15:44.2306780Z" end-time="2024-05-28T07:15:44.2373320Z" duration="0.006654" total="6" passed="6" failed="0" warnings="0" inconclusive="0" skipped="0" asserts="27">
              <test-case id="1-1913" name="Overlaps_ReturnsFalseIfDoesNotOverlap" fullname="PlayersWorlds.Maps.Areas.MapAreaTest.Overlaps_ReturnsFalseIfDoesNotOverlap" methodname="Overlaps_ReturnsFalseIfDoesNotOverlap" classname="PlayersWorlds.Maps.Areas.MapAreaTest" runstate="Runnable" seed="100377850" result="Passed" start-time="2024-05-28T07:15:44.2307390Z" end-time="2024-05-28T07:15:44.2337540Z" duration="0.003015" asserts="15" />
              <test-case id="1-1912" name="Overlaps_ReturnsTrueIfOverlaps" fullname="PlayersWorlds.Maps.Areas.MapAreaTest.Overlaps_ReturnsTrueIfOverlaps" methodname="Overlaps_ReturnsTrueIfOverlaps" classname="PlayersWorlds.Maps.Areas.MapAreaTest" runstate="Runnable" seed="1226263857" result="Passed" start-time="2024-05-28T07:15:44.2337630Z" end-time="2024-05-28T07:15:44.2343760Z" duration="0.000613" asserts="7" />
              <test-case id="1-1911" name="Overlaps_ThrowsIfSame" fullname="PlayersWorlds.Maps.Areas.MapAreaTest.Overlaps_ThrowsIfSame" methodname="Overlaps_ThrowsIfSame" classname="PlayersWorlds.Maps.Areas.MapAreaTest" runstate="Runnable" seed="189177878" result="Passed" start-time="2024-05-28T07:15:44.2343840Z" end-time="2024-05-28T07:15:44.2354710Z" duration="0.001088" asserts="2" />
              <test-case id="1-1915" name="Position_DoesNotThrowIfInitialized" fullname="PlayersWorlds.Maps.Areas.MapAreaTest.Position_DoesNotThrowIfInitialized" methodname="Position_DoesNotThrowIfInitialized" classname="PlayersWorlds.Maps.Areas.MapAreaTest" runstate="Runnable" seed="2006523995" result="Passed" start-time="2024-05-28T07:15:44.2354790Z" end-time="2024-05-28T07:15:44.2358600Z" duration="0.000381" asserts="1" />
              <test-case id="1-1914" name="Position_UnpositionedThrowsIfNotInitialized" fullname="PlayersWorlds.Maps.Areas.MapAreaTest.Position_UnpositionedThrowsIfNotInitialized" methodname="Position_UnpositionedThrowsIfNotInitialized" classname="PlayersWorlds.Maps.Areas.MapAreaTest" runstate="Runnable" seed="562608224" result="Passed" start-time="2024-05-28T07:15:44.2358670Z" end-time="2024-05-28T07:15:44.2368720Z" duration="0.001005" asserts="1" />
              <test-case id="1-1916" name="ThrowsIfWrongParameters" fullname="PlayersWorlds.Maps.Areas.MapAreaTest.ThrowsIfWrongParameters" methodname="ThrowsIfWrongParameters" classname="PlayersWorlds.Maps.Areas.MapAreaTest" runstate="Runnable" seed="1683544704" result="Passed" start-time="2024-05-28T07:15:44.2368810Z" end-time="2024-05-28T07:15:44.2373210Z" duration="0.000441" asserts="1" />
            </test-suite>
          </test-suite>
          <test-suite type="TestFixture" id="1-1004" name="AssemblyInfoTest" fullname="PlayersWorlds.Maps.AssemblyInfoTest" classname="PlayersWorlds.Maps.AssemblyInfoTest" runstate="Runnable" testcasecount="2" result="Passed" start-time="2024-05-28T07:15:44.2373500Z" end-time="2024-05-28T07:15:44.2381310Z" duration="0.000781" total="2" passed="2" failed="0" warnings="0" inconclusive="0" skipped="0" asserts="4">
            <test-case id="1-1006" name="TestAssemblyCompany" fullname="PlayersWorlds.Maps.AssemblyInfoTest.TestAssemblyCompany" methodname="TestAssemblyCompany" classname="PlayersWorlds.Maps.AssemblyInfoTest" runstate="Runnable" seed="522573223" result="Passed" start-time="2024-05-28T07:15:44.2374110Z" end-time="2024-05-28T07:15:44.2378630Z" duration="0.000453" asserts="2" />
            <test-case id="1-1005" name="TestAssemblyTitle" fullname="PlayersWorlds.Maps.AssemblyInfoTest.TestAssemblyTitle" methodname="TestAssemblyTitle" classname="PlayersWorlds.Maps.AssemblyInfoTest" runstate="Runnable" seed="2010034643" result="Passed" start-time="2024-05-28T07:15:44.2378720Z" end-time="2024-05-28T07:15:44.2381200Z" duration="0.000248" asserts="2" />
          </test-suite>
          <test-suite type="TestFixture" id="1-1007" name="CellTest" fullname="PlayersWorlds.Maps.CellTest" classname="PlayersWorlds.Maps.CellTest" runstate="Runnable" testcasecount="1" result="Passed" start-time="2024-05-28T07:15:44.2381420Z" end-time="2024-05-28T07:15:44.2385750Z" duration="0.000432" total="1" passed="1" failed="0" warnings="0" inconclusive="0" skipped="0" asserts="3">
            <test-case id="1-1008" name="CellTagEqualityTest" fullname="PlayersWorlds.Maps.CellTest.CellTagEqualityTest" methodname="CellTagEqualityTest" classname="PlayersWorlds.Maps.CellTest" runstate="Runnable" seed="375323516" result="Passed" start-time="2024-05-28T07:15:44.2382010Z" end-time="2024-05-28T07:15:44.2385640Z" duration="0.000363" asserts="3" />
          </test-suite>
          <test-suite type="TestFixture" id="1-1009" name="ExtensionsTest" fullname="PlayersWorlds.Maps.ExtensionsTest" classname="PlayersWorlds.Maps.ExtensionsTest" runstate="Runnable" testcasecount="7" result="Passed" start-time="2024-05-28T07:15:44.2385860Z" end-time="2024-05-28T07:15:44.2457950Z" duration="0.007208" total="7" passed="7" failed="0" warnings="0" inconclusive="0" skipped="0" asserts="12">
            <test-case id="1-1012" name="DebugString" fullname="PlayersWorlds.Maps.ExtensionsTest.DebugString" methodname="DebugString" classname="PlayersWorlds.Maps.ExtensionsTest" runstate="Runnable" seed="2086310125" result="Passed" start-time="2024-05-28T07:15:44.2386510Z" end-time="2024-05-28T07:15:44.2388740Z" duration="0.000223" asserts="1" />
            <test-case id="1-1015" name="GetAllDictionaryItems" fullname="PlayersWorlds.Maps.ExtensionsTest.GetAllDictionaryItems" methodname="GetAllDictionaryItems" classname="PlayersWorlds.Maps.ExtensionsTest" runstate="Runnable" seed="866401082" result="Passed" start-time="2024-05-28T07:15:44.2388820Z" end-time="2024-05-28T07:15:44.2420830Z" duration="0.003200" asserts="1" />
            <test-case id="1-1016" name="GetAllHashSetKeys" fullname="PlayersWorlds.Maps.ExtensionsTest.GetAllHashSetKeys" methodname="GetAllHashSetKeys" classname="PlayersWorlds.Maps.ExtensionsTest" runstate="Runnable" seed="1048721922" result="Passed" start-time="2024-05-28T07:15:44.2420910Z" end-time="2024-05-28T07:15:44.2429760Z" duration="0.000884" asserts="1" />
            <test-case id="1-1013" name="Set" fullname="PlayersWorlds.Maps.ExtensionsTest.Set" methodname="Set" classname="PlayersWorlds.Maps.ExtensionsTest" runstate="Runnable" seed="1990924434" result="Passed" start-time="2024-05-28T07:15:44.2429840Z" end-time="2024-05-28T07:15:44.2438870Z" duration="0.000903" asserts="3" />
            <test-case id="1-1014" name="SetList" fullname="PlayersWorlds.Maps.ExtensionsTest.SetList" methodname="SetList" classname="PlayersWorlds.Maps.ExtensionsTest" runstate="Runnable" seed="12536248" result="Passed" start-time="2024-05-28T07:15:44.2438960Z" end-time="2024-05-28T07:15:44.2452310Z" duration="0.001335" asserts="3" />
            <test-case id="1-1011" name="TryDequeue_Dequeues" fullname="PlayersWorlds.Maps.ExtensionsTest.TryDequeue_Dequeues" methodname="TryDequeue_Dequeues" classname="PlayersWorlds.Maps.ExtensionsTest" runstate="Runnable" seed="2077045629" result="Passed" start-time="2024-05-28T07:15:44.2452390Z" end-time="2024-05-28T07:15:44.2456500Z" duration="0.000411" asserts="2" />
            <test-case id="1-1010" name="TryDequeue_DoesNotThrow" fullname="PlayersWorlds.Maps.ExtensionsTest.TryDequeue_DoesNotThrow" methodname="TryDequeue_DoesNotThrow" classname="PlayersWorlds.Maps.ExtensionsTest" runstate="Runnable" seed="1503054085" result="Passed" start-time="2024-05-28T07:15:44.2456580Z" end-time="2024-05-28T07:15:44.2457830Z" duration="0.000125" asserts="1" />
          </test-suite>
          <test-suite type="TestFixture" id="1-1017" name="GlobalRandomTest" fullname="PlayersWorlds.Maps.GlobalRandomTest" classname="PlayersWorlds.Maps.GlobalRandomTest" runstate="Runnable" testcasecount="3" result="Passed" start-time="2024-05-28T07:15:44.2458090Z" end-time="2024-05-28T07:15:44.2482750Z" duration="0.002466" total="3" passed="3" failed="0" warnings="0" inconclusive="0" skipped="0" asserts="1002">
            <test-case id="1-1018" name="RandomCollectionItem" fullname="PlayersWorlds.Maps.GlobalRandomTest.RandomCollectionItem" methodname="RandomCollectionItem" classname="PlayersWorlds.Maps.GlobalRandomTest" runstate="Runnable" seed="556825726" result="Passed" start-time="2024-05-28T07:15:44.2458650Z" end-time="2024-05-28T07:15:44.2464340Z" duration="0.000569" asserts="1" />
            <test-case id="1-1020" name="RandomInRange" fullname="PlayersWorlds.Maps.GlobalRandomTest.RandomInRange" methodname="RandomInRange" classname="PlayersWorlds.Maps.GlobalRandomTest" runstate="Runnable" seed="2097628143" result="Passed" start-time="2024-05-28T07:15:44.2464430Z" end-time="2024-05-28T07:15:44.2480640Z" duration="0.001621" asserts="1000" />
            <test-case id="1-1019" name="ThrowsIfEmptyCollection" fullname="PlayersWorlds.Maps.GlobalRandomTest.ThrowsIfEmptyCollection" methodname="ThrowsIfEmptyCollection" classname="PlayersWorlds.Maps.GlobalRandomTest" runstate="Runnable" seed="1416318367" result="Passed" start-time="2024-05-28T07:15:44.2480720Z" end-time="2024-05-28T07:15:44.2482640Z" duration="0.000192" asserts="1" />
          </test-suite>
          <test-suite type="TestFixture" id="1-1021" name="Map2DTest" fullname="PlayersWorlds.Maps.Map2DTest" classname="PlayersWorlds.Maps.Map2DTest" runstate="Runnable" testcasecount="1" result="Passed" start-time="2024-05-28T07:15:44.2482860Z" end-time="2024-05-28T07:15:44.2506320Z" duration="0.002346" total="1" passed="1" failed="0" warnings="0" inconclusive="0" skipped="0" asserts="6">
            <test-case id="1-1022" name="ParseMap" fullname="PlayersWorlds.Maps.Map2DTest.ParseMap" methodname="ParseMap" classname="PlayersWorlds.Maps.Map2DTest" runstate="Runnable" seed="1403908530" result="Passed" start-time="2024-05-28T07:15:44.2492130Z" end-time="2024-05-28T07:15:44.2506200Z" duration="0.001407" asserts="6" />
          </test-suite>
          <test-suite type="TestSuite" id="1-2069" name="MapFilters" fullname="PlayersWorlds.Maps.MapFilters" runstate="Runnable" testcasecount="5" result="Passed" start-time="2024-05-28T07:13:37.1515570Z" end-time="2024-05-28T07:15:44.2566820Z" duration="127.105125" total="5" passed="5" failed="0" warnings="0" inconclusive="0" skipped="0" asserts="10">
            <test-suite type="TestFixture" id="1-1904" name="Map2DEraseSpotsTest" fullname="PlayersWorlds.Maps.MapFilters.Map2DEraseSpotsTest" classname="PlayersWorlds.Maps.MapFilters.Map2DEraseSpotsTest" runstate="Runnable" testcasecount="5" result="Passed" start-time="2024-05-28T07:15:44.2506440Z" end-time="2024-05-28T07:15:44.2566750Z" duration="0.006031" total="5" passed="5" failed="0" warnings="0" inconclusive="0" skipped="0" asserts="10">
              <test-case id="1-1905" name="BackslashEraseSpots" fullname="PlayersWorlds.Maps.MapFilters.Map2DEraseSpotsTest.BackslashEraseSpots" methodname="BackslashEraseSpots" classname="PlayersWorlds.Maps.MapFilters.Map2DEraseSpotsTest" runstate="Runnable" seed="438051856" result="Passed" start-time="2024-05-28T07:15:44.2507010Z" end-time="2024-05-28T07:15:44.2543870Z" duration="0.003687" asserts="1" />
              <test-case id="1-1909" name="SmoothBoxEraseSpots" fullname="PlayersWorlds.Maps.MapFilters.Map2DEraseSpotsTest.SmoothBoxEraseSpots" methodname="SmoothBoxEraseSpots" classname="PlayersWorlds.Maps.MapFilters.Map2DEraseSpotsTest" runstate="Runnable" seed="191092883" result="Passed" start-time="2024-05-28T07:15:44.2543960Z" end-time="2024-05-28T07:15:44.2549720Z" duration="0.000576" asserts="1" />
              <test-case id="1-1908" name="SmoothBoxVoidBgEraseSpots" fullname="PlayersWorlds.Maps.MapFilters.Map2DEraseSpotsTest.SmoothBoxVoidBgEraseSpots" methodname="SmoothBoxVoidBgEraseSpots" classname="PlayersWorlds.Maps.MapFilters.Map2DEraseSpotsTest" runstate="Runnable" seed="1422581084" result="Passed" start-time="2024-05-28T07:15:44.2549810Z" end-time="2024-05-28T07:15:44.2553360Z" duration="0.000356" asserts="1" />
              <test-case id="1-1907" name="Spot1x3SpotsEraseSpots" fullname="PlayersWorlds.Maps.MapFilters.Map2DEraseSpotsTest.Spot1x3SpotsEraseSpots" methodname="Spot1x3SpotsEraseSpots" classname="PlayersWorlds.Maps.MapFilters.Map2DEraseSpotsTest" runstate="Runnable" seed="1301687161" result="Passed" start-time="2024-05-28T07:15:44.2553440Z" end-time="2024-05-28T07:15:44.2556880Z" duration="0.000344" asserts="1" />
              <test-case id="1-1906" name="VariousSpotsEraseSpots" fullname="PlayersWorlds.Maps.MapFilters.Map2DEraseSpotsTest.VariousSpotsEraseSpots" methodname="VariousSpotsEraseSpots" classname="PlayersWorlds.Maps.MapFilters.Map2DEraseSpotsTest" runstate="Runnable" seed="1023426092" result="Passed" start-time="2024-05-28T07:15:44.2556960Z" end-time="2024-05-28T07:15:44.2566640Z" duration="0.000969" asserts="6" />
            </test-suite>
          </test-suite>
          <test-suite type="TestSuite" id="1-2067" name="Maze" fullname="PlayersWorlds.Maps.Maze" runstate="Runnable" testcasecount="775" result="Skipped" label="Ignored" site="Child" start-time="2024-05-28T07:13:37.1515620Z" end-time="2024-05-28T07:16:55.2212930Z" duration="198.069731" total="775" passed="528" failed="0" warnings="0" inconclusive="0" skipped="247" asserts="14350">
            <reason>
              <message><![CDATA[One or more child tests were ignored]]></message>
            </reason>
            <test-suite type="TestFixture" id="1-1109" name="Maze2DBuilderTest" fullname="PlayersWorlds.Maps.Maze.Maze2DBuilderTest" classname="PlayersWorlds.Maps.Maze.Maze2DBuilderTest" runstate="Runnable" testcasecount="21" result="Passed" start-time="2024-05-28T07:15:44.2566920Z" end-time="2024-05-28T07:15:44.3414730Z" duration="0.084781" total="21" passed="21" failed="0" warnings="0" inconclusive="0" skipped="0" asserts="7097">
              <test-case id="1-1128" name="ApplyAreas" fullname="PlayersWorlds.Maps.Maze.Maze2DBuilderTest.ApplyAreas" methodname="ApplyAreas" classname="PlayersWorlds.Maps.Maze.Maze2DBuilderTest" runstate="Runnable" seed="544795953" result="Passed" start-time="2024-05-28T07:15:44.2567510Z" end-time="2024-05-28T07:15:44.2703850Z" duration="0.013635" asserts="5" />
              <test-case id="1-1110" name="BuildsCorrectCellsCollections" fullname="PlayersWorlds.Maps.Maze.Maze2DBuilderTest.BuildsCorrectCellsCollections" methodname="BuildsCorrectCellsCollections" classname="PlayersWorlds.Maps.Maze.Maze2DBuilderTest" runstate="Runnable" seed="1691588678" result="Passed" start-time="2024-05-28T07:15:44.2703950Z" end-time="2024-05-28T07:15:44.2717980Z" duration="0.001403" asserts="2" />
              <test-case id="1-1111" name="BuildsCorrectCellsCollectionsWithHallAreas" fullname="PlayersWorlds.Maps.Maze.Maze2DBuilderTest.BuildsCorrectCellsCollectionsWithHallAreas" methodname="BuildsCorrectCellsCollectionsWithHallAreas" classname="PlayersWorlds.Maps.Maze.Maze2DBuilderTest" runstate="Runnable" seed="134600427" result="Passed" start-time="2024-05-28T07:15:44.2718070Z" end-time="2024-05-28T07:15:44.2743680Z" duration="0.002561" asserts="4" />
              <test-case id="1-1112" name="BuildsCorrectCellsCollectionsWithHallAreasAtTheEdge" fullname="PlayersWorlds.Maps.Maze.Maze2DBuilderTest.BuildsCorrectCellsCollectionsWithHallAreasAtTheEdge" methodname="BuildsCorrectCellsCollectionsWithHallAreasAtTheEdge" classname="PlayersWorlds.Maps.Maze.Maze2DBuilderTest" runstate="Runnable" seed="1696186796" result="Passed" start-time="2024-05-28T07:15:44.2743790Z" end-time="2024-05-28T07:15:44.2751040Z" duration="0.000725" asserts="4" />
              <test-case id="1-1130" name="CanConnect" fullname="PlayersWorlds.Maps.Maze.Maze2DBuilderTest.CanConnect" methodname="CanConnect" classname="PlayersWorlds.Maps.Maze.Maze2DBuilderTest" runstate="Runnable" seed="240692197" result="Passed" start-time="2024-05-28T07:15:44.2751170Z" end-time="2024-05-28T07:15:44.2769670Z" duration="0.001850" asserts="11" />
              <test-case id="1-1118" name="IsFillComplete_Full" fullname="PlayersWorlds.Maps.Maze.Maze2DBuilderTest.IsFillComplete_Full" methodname="IsFillComplete_Full" classname="PlayersWorlds.Maps.Maze.Maze2DBuilderTest" runstate="Runnable" seed="307695225" result="Passed" start-time="2024-05-28T07:15:44.2769780Z" end-time="2024-05-28T07:15:44.2775600Z" duration="0.000582" asserts="4" />
              <test-case id="1-1121" name="IsFillComplete_Full_WithCave" fullname="PlayersWorlds.Maps.Maze.Maze2DBuilderTest.IsFillComplete_Full_WithCave" methodname="IsFillComplete_Full_WithCave" classname="PlayersWorlds.Maps.Maze.Maze2DBuilderTest" runstate="Runnable" seed="1956200230" result="Passed" start-time="2024-05-28T07:15:44.2775710Z" end-time="2024-05-28T07:15:44.2783370Z" duration="0.000766" asserts="3" />
              <test-case id="1-1120" name="IsFillComplete_Full_WithFill" fullname="PlayersWorlds.Maps.Maze.Maze2DBuilderTest.IsFillComplete_Full_WithFill" methodname="IsFillComplete_Full_WithFill" classname="PlayersWorlds.Maps.Maze.Maze2DBuilderTest" runstate="Runnable" seed="1950664136" result="Passed" start-time="2024-05-28T07:15:44.2783460Z" end-time="2024-05-28T07:15:44.2792940Z" duration="0.000949" asserts="2" />
              <test-case id="1-1119" name="IsFillComplete_Full_WithHall" fullname="PlayersWorlds.Maps.Maze.Maze2DBuilderTest.IsFillComplete_Full_WithHall" methodname="IsFillComplete_Full_WithHall" classname="PlayersWorlds.Maps.Maze.Maze2DBuilderTest" runstate="Runnable" seed="1283473335" result="Passed" start-time="2024-05-28T07:15:44.2793060Z" end-time="2024-05-28T07:15:44.2799850Z" duration="0.000680" asserts="2" />
              <test-case id="1-1123" name="IsFillComplete_FullHeight" fullname="PlayersWorlds.Maps.Maze.Maze2DBuilderTest.IsFillComplete_FullHeight" methodname="IsFillComplete_FullHeight" classname="PlayersWorlds.Maps.Maze.Maze2DBuilderTest" runstate="Runnable" seed="472606744" result="Passed" start-time="2024-05-28T07:15:44.2799960Z" end-time="2024-05-28T07:15:44.2805040Z" duration="0.000508" asserts="3" />
              <test-case id="1-1122" name="IsFillComplete_FullWidth" fullname="PlayersWorlds.Maps.Maze.Maze2DBuilderTest.IsFillComplete_FullWidth" methodname="IsFillComplete_FullWidth" classname="PlayersWorlds.Maps.Maze.Maze2DBuilderTest" runstate="Runnable" seed="1534093067" result="Passed" start-time="2024-05-28T07:15:44.2805120Z" end-time="2024-05-28T07:15:44.2807730Z" duration="0.000260" asserts="3" />
              <test-case id="1-1125" name="IsFillComplete_Half" fullname="PlayersWorlds.Maps.Maze.Maze2DBuilderTest.IsFillComplete_Half" methodname="IsFillComplete_Half" classname="PlayersWorlds.Maps.Maze.Maze2DBuilderTest" runstate="Runnable" seed="470414840" result="Passed" start-time="2024-05-28T07:15:44.2807810Z" end-time="2024-05-28T07:15:44.2809480Z" duration="0.000168" asserts="2" />
              <test-case id="1-1127" name="IsFillComplete_NinetyPercent" fullname="PlayersWorlds.Maps.Maze.Maze2DBuilderTest.IsFillComplete_NinetyPercent" methodname="IsFillComplete_NinetyPercent" classname="PlayersWorlds.Maps.Maze.Maze2DBuilderTest" runstate="Runnable" seed="529346335" result="Passed" start-time="2024-05-28T07:15:44.2809560Z" end-time="2024-05-28T07:15:44.2811840Z" duration="0.000228" asserts="4" />
              <test-case id="1-1117" name="IsFillComplete_NoCells" fullname="PlayersWorlds.Maps.Maze.Maze2DBuilderTest.IsFillComplete_NoCells" methodname="IsFillComplete_NoCells" classname="PlayersWorlds.Maps.Maze.Maze2DBuilderTest" runstate="Runnable" seed="1502733894" result="Passed" start-time="2024-05-28T07:15:44.2811920Z" end-time="2024-05-28T07:15:44.2814640Z" duration="0.000271" asserts="1" />
              <test-case id="1-1124" name="IsFillComplete_Quarter" fullname="PlayersWorlds.Maps.Maze.Maze2DBuilderTest.IsFillComplete_Quarter" methodname="IsFillComplete_Quarter" classname="PlayersWorlds.Maps.Maze.Maze2DBuilderTest" runstate="Runnable" seed="1231962433" result="Passed" start-time="2024-05-28T07:15:44.2814710Z" end-time="2024-05-28T07:15:44.2816310Z" duration="0.000160" asserts="2" />
              <test-case id="1-1126" name="IsFillComplete_ThreeQuarters" fullname="PlayersWorlds.Maps.Maze.Maze2DBuilderTest.IsFillComplete_ThreeQuarters" methodname="IsFillComplete_ThreeQuarters" classname="PlayersWorlds.Maps.Maze.Maze2DBuilderTest" runstate="Runnable" seed="809124885" result="Passed" start-time="2024-05-28T07:15:44.2816380Z" end-time="2024-05-28T07:15:44.2818190Z" duration="0.000181" asserts="3" />
              <test-case id="1-1116" name="IterateUnlinkedCells_IteratesAllAvailableCells" fullname="PlayersWorlds.Maps.Maze.Maze2DBuilderTest.IterateUnlinkedCells_IteratesAllAvailableCells" methodname="IterateUnlinkedCells_IteratesAllAvailableCells" classname="PlayersWorlds.Maps.Maze.Maze2DBuilderTest" runstate="Runnable" seed="1931963591" result="Passed" start-time="2024-05-28T07:15:44.2818270Z" end-time="2024-05-28T07:15:44.2868680Z" duration="0.005041" asserts="28" />
              <test-case id="1-1115" name="MarkConnected" fullname="PlayersWorlds.Maps.Maze.Maze2DBuilderTest.MarkConnected" methodname="MarkConnected" classname="PlayersWorlds.Maps.Maze.Maze2DBuilderTest" runstate="Runnable" seed="624704421" result="Passed" start-time="2024-05-28T07:15:44.2868800Z" end-time="2024-05-28T07:15:44.2874540Z" duration="0.000575" asserts="7" />
              <test-case id="1-1129" name="OverlappingAreas_ProduceValidPriorityCells" fullname="PlayersWorlds.Maps.Maze.Maze2DBuilderTest.OverlappingAreas_ProduceValidPriorityCells" methodname="OverlappingAreas_ProduceValidPriorityCells" classname="PlayersWorlds.Maps.Maze.Maze2DBuilderTest" runstate="Runnable" seed="365681937" result="Passed" start-time="2024-05-28T07:15:44.2874650Z" end-time="2024-05-28T07:15:44.2939540Z" duration="0.006489" asserts="4" />
              <test-case id="1-1114" name="PickRandomNeighborToLink" fullname="PlayersWorlds.Maps.Maze.Maze2DBuilderTest.PickRandomNeighborToLink" methodname="PickRandomNeighborToLink" classname="PlayersWorlds.Maps.Maze.Maze2DBuilderTest" runstate="Runnable" seed="364785126" result="Passed" start-time="2024-05-28T07:15:44.2939650Z" end-time="2024-05-28T07:15:44.3019970Z" duration="0.008033" asserts="5000" />
              <test-case id="1-1113" name="PicksPriorityCellsWhenAvailable" fullname="PlayersWorlds.Maps.Maze.Maze2DBuilderTest.PicksPriorityCellsWhenAvailable" methodname="PicksPriorityCellsWhenAvailable" classname="PlayersWorlds.Maps.Maze.Maze2DBuilderTest" runstate="Runnable" seed="1498120724" result="Passed" start-time="2024-05-28T07:15:44.3020080Z" end-time="2024-05-28T07:15:44.3414500Z" duration="0.039442" asserts="2003" />
            </test-suite>
            <test-suite type="TestFixture" id="1-1131" name="Maze2DRendererTest" fullname="PlayersWorlds.Maps.Maze.Maze2DRendererTest" classname="PlayersWorlds.Maps.Maze.Maze2DRendererTest" runstate="Runnable" testcasecount="1" result="Passed" start-time="2024-05-28T07:15:44.3414920Z" end-time="2024-05-28T07:15:44.3441220Z" duration="0.002630" total="1" passed="1" failed="0" warnings="0" inconclusive="0" skipped="0" asserts="1">
              <test-case id="1-1132" name="ThrowsIfCantFit" fullname="PlayersWorlds.Maps.Maze.Maze2DRendererTest.ThrowsIfCantFit" methodname="ThrowsIfCantFit" classname="PlayersWorlds.Maps.Maze.Maze2DRendererTest" runstate="Runnable" seed="476815912" result="Passed" start-time="2024-05-28T07:15:44.3415950Z" end-time="2024-05-28T07:15:44.3440420Z" duration="0.002447" asserts="1" />
            </test-suite>
            <test-suite type="TestFixture" id="1-1133" name="Maze2DTest" fullname="PlayersWorlds.Maps.Maze.Maze2DTest" classname="PlayersWorlds.Maps.Maze.Maze2DTest" runstate="Runnable" testcasecount="13" result="Passed" start-time="2024-05-28T07:15:44.3441380Z" end-time="2024-05-28T07:15:44.3890500Z" duration="0.044912" total="13" passed="13" failed="0" warnings="0" inconclusive="0" skipped="0" asserts="184">
              <test-case id="1-1140" name="Maze2D_AddsNoRoomsToASmallMaze" fullname="PlayersWorlds.Maps.Maze.Maze2DTest.Maze2D_AddsNoRoomsToASmallMaze" methodname="Maze2D_AddsNoRoomsToASmallMaze" classname="PlayersWorlds.Maps.Maze.Maze2DTest" runstate="Runnable" seed="1328270306" result="Passed" start-time="2024-05-28T07:15:44.3442000Z" end-time="2024-05-28T07:15:44.3556310Z" duration="0.011431" asserts="2" />
              <test-case id="1-1139" name="Maze2D_AddsNoRoomsWhenNoneRequested" fullname="PlayersWorlds.Maps.Maze.Maze2DTest.Maze2D_AddsNoRoomsWhenNoneRequested" methodname="Maze2D_AddsNoRoomsWhenNoneRequested" classname="PlayersWorlds.Maps.Maze.Maze2DTest" runstate="Runnable" seed="584719180" result="Passed" start-time="2024-05-28T07:15:44.3556450Z" end-time="2024-05-28T07:15:44.3611900Z" duration="0.005545" asserts="2" />
              <test-case id="1-1143" name="Maze2D_AddsOneFill" fullname="PlayersWorlds.Maps.Maze.Maze2DTest.Maze2D_AddsOneFill" methodname="Maze2D_AddsOneFill" classname="PlayersWorlds.Maps.Maze.Maze2DTest" runstate="Runnable" seed="697942525" result="Passed" start-time="2024-05-28T07:15:44.3612010Z" end-time="2024-05-28T07:15:44.3651280Z" duration="0.003927" asserts="2" />
              <test-case id="1-1142" name="Maze2D_AddsOneHall" fullname="PlayersWorlds.Maps.Maze.Maze2DTest.Maze2D_AddsOneHall" methodname="Maze2D_AddsOneHall" classname="PlayersWorlds.Maps.Maze.Maze2DTest" runstate="Runnable" seed="2029480788" result="Passed" start-time="2024-05-28T07:15:44.3651390Z" end-time="2024-05-28T07:15:44.3690980Z" duration="0.003959" asserts="2" />
              <test-case id="1-1141" name="Maze2D_AddsRooms" fullname="PlayersWorlds.Maps.Maze.Maze2DTest.Maze2D_AddsRooms" methodname="Maze2D_AddsRooms" classname="PlayersWorlds.Maps.Maze.Maze2DTest" runstate="Runnable" seed="189006330" result="Passed" start-time="2024-05-28T07:15:44.3691150Z" end-time="2024-05-28T07:15:44.3738920Z" duration="0.004777" asserts="2" />
              <test-case id="1-1145" name="Maze2D_CanParse" fullname="PlayersWorlds.Maps.Maze.Maze2DTest.Maze2D_CanParse" methodname="Maze2D_CanParse" classname="PlayersWorlds.Maps.Maze.Maze2DTest" runstate="Runnable" seed="1550161261" result="Passed" start-time="2024-05-28T07:15:44.3739030Z" end-time="2024-05-28T07:15:44.3756880Z" duration="0.001785" asserts="16" />
              <test-case id="1-1146" name="Maze2D_CanParse2" fullname="PlayersWorlds.Maps.Maze.Maze2DTest.Maze2D_CanParse2" methodname="Maze2D_CanParse2" classname="PlayersWorlds.Maps.Maze.Maze2DTest" runstate="Runnable" seed="1832132315" result="Passed" start-time="2024-05-28T07:15:44.3757000Z" end-time="2024-05-28T07:15:44.3758390Z" duration="0.000139" asserts="1" />
              <test-case id="1-1138" name="Maze2D_CanRenderMap" fullname="PlayersWorlds.Maps.Maze.Maze2DTest.Maze2D_CanRenderMap" methodname="Maze2D_CanRenderMap" classname="PlayersWorlds.Maps.Maze.Maze2DTest" runstate="Runnable" seed="1805354090" result="Passed" start-time="2024-05-28T07:15:44.3758460Z" end-time="2024-05-28T07:15:44.3823130Z" duration="0.006467" asserts="2" />
              <test-case id="1-1137" name="Maze2D_CellsNeighborsAreValid" fullname="PlayersWorlds.Maps.Maze.Maze2DTest.Maze2D_CellsNeighborsAreValid" methodname="Maze2D_CellsNeighborsAreValid" classname="PlayersWorlds.Maps.Maze.Maze2DTest" runstate="Runnable" seed="593052699" result="Passed" start-time="2024-05-28T07:15:44.3823230Z" end-time="2024-05-28T07:15:44.3834180Z" duration="0.001095" asserts="136" />
              <test-case id="1-1144" name="Maze2D_HasExtensionsSet" fullname="PlayersWorlds.Maps.Maze.Maze2DTest.Maze2D_HasExtensionsSet" methodname="Maze2D_HasExtensionsSet" classname="PlayersWorlds.Maps.Maze.Maze2DTest" runstate="Runnable" seed="1039404169" result="Passed" start-time="2024-05-28T07:15:44.3834290Z" end-time="2024-05-28T07:15:44.3838230Z" duration="0.000393" asserts="3" />
              <test-case id="1-1134" name="Maze2D_IsInitialized" fullname="PlayersWorlds.Maps.Maze.Maze2DTest.Maze2D_IsInitialized" methodname="Maze2D_IsInitialized" classname="PlayersWorlds.Maps.Maze.Maze2DTest" runstate="Runnable" seed="927533978" result="Passed" start-time="2024-05-28T07:15:44.3838300Z" end-time="2024-05-28T07:15:44.3840070Z" duration="0.000177" asserts="4" />
              <test-case id="1-1136" name="Maze2D_ToMapWrongOptions" fullname="PlayersWorlds.Maps.Maze.Maze2DTest.Maze2D_ToMapWrongOptions" methodname="Maze2D_ToMapWrongOptions" classname="PlayersWorlds.Maps.Maze.Maze2DTest" runstate="Runnable" seed="1277902207" result="Passed" start-time="2024-05-28T07:15:44.3840150Z" end-time="2024-05-28T07:15:44.3886480Z" duration="0.004633" asserts="7" />
              <test-case id="1-1135" name="Maze2D_WrongSize" fullname="PlayersWorlds.Maps.Maze.Maze2DTest.Maze2D_WrongSize" methodname="Maze2D_WrongSize" classname="PlayersWorlds.Maps.Maze.Maze2DTest" runstate="Runnable" seed="1319415739" result="Passed" start-time="2024-05-28T07:15:44.3886590Z" end-time="2024-05-28T07:15:44.3890370Z" duration="0.000378" asserts="5" />
            </test-suite>
            <test-suite type="TestFixture" id="1-1147" name="MazeCellTest" fullname="PlayersWorlds.Maps.Maze.MazeCellTest" classname="PlayersWorlds.Maps.Maze.MazeCellTest" runstate="Runnable" testcasecount="4" result="Passed" start-time="2024-05-28T07:15:44.3890680Z" end-time="2024-05-28T07:15:44.3925470Z" duration="0.003479" total="4" passed="4" failed="0" warnings="0" inconclusive="0" skipped="0" asserts="19">
              <test-case id="1-1151" name="DoubleLinkingThrowsError" fullname="PlayersWorlds.Maps.Maze.MazeCellTest.DoubleLinkingThrowsError" methodname="DoubleLinkingThrowsError" classname="PlayersWorlds.Maps.Maze.MazeCellTest" runstate="Runnable" seed="1014927195" result="Passed" start-time="2024-05-28T07:15:44.3891350Z" end-time="2024-05-28T07:15:44.3894380Z" duration="0.000303" asserts="1" />
              <test-case id="1-1148" name="LinksAreMutual" fullname="PlayersWorlds.Maps.Maze.MazeCellTest.LinksAreMutual" methodname="LinksAreMutual" classname="PlayersWorlds.Maps.Maze.MazeCellTest" runstate="Runnable" seed="1909157846" result="Passed" start-time="2024-05-28T07:15:44.3894470Z" end-time="2024-05-28T07:15:44.3914510Z" duration="0.002005" asserts="10" />
              <test-case id="1-1149" name="LinksOnlyWithNeighbors" fullname="PlayersWorlds.Maps.Maze.MazeCellTest.LinksOnlyWithNeighbors" methodname="LinksOnlyWithNeighbors" classname="PlayersWorlds.Maps.Maze.MazeCellTest" runstate="Runnable" seed="158384776" result="Passed" start-time="2024-05-28T07:15:44.3914600Z" end-time="2024-05-28T07:15:44.3920820Z" duration="0.000622" asserts="1" />
              <test-case id="1-1150" name="ToStringTest" fullname="PlayersWorlds.Maps.Maze.MazeCellTest.ToStringTest" methodname="ToStringTest" classname="PlayersWorlds.Maps.Maze.MazeCellTest" runstate="Runnable" seed="891496217" result="Passed" start-time="2024-05-28T07:15:44.3920900Z" end-time="2024-05-28T07:15:44.3925360Z" duration="0.000445" asserts="7" />
            </test-suite>
            <test-suite type="TestFixture" id="1-1152" name="MazeGeneratorAreasTest" fullname="PlayersWorlds.Maps.Maze.MazeGeneratorAreasTest" classname="PlayersWorlds.Maps.Maze.MazeGeneratorAreasTest" runstate="Runnable" testcasecount="200" result="Skipped" label="Ignored" site="Child" start-time="2024-05-28T07:15:44.3925600Z" end-time="2024-05-28T07:16:49.7848030Z" duration="65.392243" total="200" passed="98" failed="0" warnings="0" inconclusive="0" skipped="102" asserts="5130">
              <reason>
                <message><![CDATA[One or more child tests were ignored]]></message>
              </reason>
              <test-suite type="ParameterizedMethod" id="1-1173" name="CaveAreasAreAppliedProperly" fullname="PlayersWorlds.Maps.Maze.MazeGeneratorAreasTest.CaveAreasAreAppliedProperly" classname="PlayersWorlds.Maps.Maze.MazeGeneratorAreasTest" runstate="Runnable" testcasecount="6" result="Passed" start-time="2024-05-28T07:15:44.3926190Z" end-time="2024-05-28T07:15:45.3710980Z" duration="0.978479" total="6" passed="6" failed="0" warnings="0" inconclusive="0" skipped="0" asserts="600">
                <properties>
                  <property name="Repeat" value="10" />
                  <property name="Category" value="Integration" />
                </properties>
                <test-case id="1-1167" name="CaveAreasAreAppliedProperly(PlayersWorlds.Maps.Maze.AldousBroderMazeGenerator)" fullname="PlayersWorlds.Maps.Maze.MazeGeneratorAreasTest.CaveAreasAreAppliedProperly(PlayersWorlds.Maps.Maze.AldousBroderMazeGenerator)" methodname="CaveAreasAreAppliedProperly" classname="PlayersWorlds.Maps.Maze.MazeGeneratorAreasTest" runstate="Runnable" seed="1820714174" result="Passed" start-time="2024-05-28T07:15:44.3926350Z" end-time="2024-05-28T07:15:44.5939280Z" duration="0.201293" asserts="100" />
                <test-case id="1-1168" name="CaveAreasAreAppliedProperly(PlayersWorlds.Maps.Maze.BinaryTreeMazeGenerator)" fullname="PlayersWorlds.Maps.Maze.MazeGeneratorAreasTest.CaveAreasAreAppliedProperly(PlayersWorlds.Maps.Maze.BinaryTreeMazeGenerator)" methodname="CaveAreasAreAppliedProperly" classname="PlayersWorlds.Maps.Maze.MazeGeneratorAreasTest" runstate="Runnable" seed="1706615012" result="Passed" start-time="2024-05-28T07:15:44.5939460Z" end-time="2024-05-28T07:15:44.7487080Z" duration="0.154762" asserts="100" />
                <test-case id="1-1169" name="CaveAreasAreAppliedProperly(PlayersWorlds.Maps.Maze.HuntAndKillMazeGenerator)" fullname="PlayersWorlds.Maps.Maze.MazeGeneratorAreasTest.CaveAreasAreAppliedProperly(PlayersWorlds.Maps.Maze.HuntAndKillMazeGenerator)" methodname="CaveAreasAreAppliedProperly" classname="PlayersWorlds.Maps.Maze.MazeGeneratorAreasTest" runstate="Runnable" seed="1934747538" result="Passed" start-time="2024-05-28T07:15:44.7487260Z" end-time="2024-05-28T07:15:44.9021300Z" duration="0.153404" asserts="100" />
                <test-case id="1-1170" name="CaveAreasAreAppliedProperly(PlayersWorlds.Maps.Maze.RecursiveBacktrackerMazeGenerator)" fullname="PlayersWorlds.Maps.Maze.MazeGeneratorAreasTest.CaveAreasAreAppliedProperly(PlayersWorlds.Maps.Maze.RecursiveBacktrackerMazeGenerator)" methodname="CaveAreasAreAppliedProperly" classname="PlayersWorlds.Maps.Maze.MazeGeneratorAreasTest" runstate="Runnable" seed="437279195" result="Passed" start-time="2024-05-28T07:15:44.9021470Z" end-time="2024-05-28T07:15:45.0544940Z" duration="0.152347" asserts="100" />
                <test-case id="1-1171" name="CaveAreasAreAppliedProperly(PlayersWorlds.Maps.Maze.SidewinderMazeGenerator)" fullname="PlayersWorlds.Maps.Maze.MazeGeneratorAreasTest.CaveAreasAreAppliedProperly(PlayersWorlds.Maps.Maze.SidewinderMazeGenerator)" methodname="CaveAreasAreAppliedProperly" classname="PlayersWorlds.Maps.Maze.MazeGeneratorAreasTest" runstate="Runnable" seed="885822935" result="Passed" start-time="2024-05-28T07:15:45.0545120Z" end-time="2024-05-28T07:15:45.2148760Z" duration="0.160364" asserts="100" />
                <test-case id="1-1172" name="CaveAreasAreAppliedProperly(PlayersWorlds.Maps.Maze.WilsonsMazeGenerator)" fullname="PlayersWorlds.Maps.Maze.MazeGeneratorAreasTest.CaveAreasAreAppliedProperly(PlayersWorlds.Maps.Maze.WilsonsMazeGenerator)" methodname="CaveAreasAreAppliedProperly" classname="PlayersWorlds.Maps.Maze.MazeGeneratorAreasTest" runstate="Runnable" seed="2008256332" result="Passed" start-time="2024-05-28T07:15:45.2148940Z" end-time="2024-05-28T07:15:45.3710770Z" duration="0.156183" asserts="100" />
              </test-suite>
              <test-suite type="ParameterizedMethod" id="1-1230" name="DenseWalkways" fullname="PlayersWorlds.Maps.Maze.MazeGeneratorAreasTest.DenseWalkways" classname="PlayersWorlds.Maps.Maze.MazeGeneratorAreasTest" runstate="Runnable" testcasecount="18" result="Passed" start-time="2024-05-28T07:15:45.3711140Z" end-time="2024-05-28T07:15:45.8822600Z" duration="0.511146" total="18" passed="18" failed="0" warnings="0" inconclusive="0" skipped="0" asserts="540">
                <properties>
                  <property name="Repeat" value="10" />
                  <property name="Category" value="Integration" />
                </properties>
                <test-case id="1-1212" name="DenseWalkways(PlayersWorlds.Maps.Maze.AldousBroderMazeGenerator,Cave)" fullname="PlayersWorlds.Maps.Maze.MazeGeneratorAreasTest.DenseWalkways(PlayersWorlds.Maps.Maze.AldousBroderMazeGenerator,Cave)" methodname="DenseWalkways" classname="PlayersWorlds.Maps.Maze.MazeGeneratorAreasTest" runstate="Runnable" seed="516942384" result="Passed" start-time="2024-05-28T07:15:45.3711400Z" end-time="2024-05-28T07:15:45.4164090Z" duration="0.045269" asserts="30" />
                <test-case id="1-1213" name="DenseWalkways(PlayersWorlds.Maps.Maze.AldousBroderMazeGenerator,Hall)" fullname="PlayersWorlds.Maps.Maze.MazeGeneratorAreasTest.DenseWalkways(PlayersWorlds.Maps.Maze.AldousBroderMazeGenerator,Hall)" methodname="DenseWalkways" classname="PlayersWorlds.Maps.Maze.MazeGeneratorAreasTest" runstate="Runnable" seed="599874497" result="Passed" start-time="2024-05-28T07:15:45.4164220Z" end-time="2024-05-28T07:15:45.4528650Z" duration="0.036443" asserts="30" />
                <test-case id="1-1214" name="DenseWalkways(PlayersWorlds.Maps.Maze.AldousBroderMazeGenerator,Fill)" fullname="PlayersWorlds.Maps.Maze.MazeGeneratorAreasTest.DenseWalkways(PlayersWorlds.Maps.Maze.AldousBroderMazeGenerator,Fill)" methodname="DenseWalkways" classname="PlayersWorlds.Maps.Maze.MazeGeneratorAreasTest" runstate="Runnable" seed="1552122797" result="Passed" start-time="2024-05-28T07:15:45.4528780Z" end-time="2024-05-28T07:15:45.4778440Z" duration="0.024966" asserts="30" />
                <test-case id="1-1215" name="DenseWalkways(PlayersWorlds.Maps.Maze.BinaryTreeMazeGenerator,Cave)" fullname="PlayersWorlds.Maps.Maze.MazeGeneratorAreasTest.DenseWalkways(PlayersWorlds.Maps.Maze.BinaryTreeMazeGenerator,Cave)" methodname="DenseWalkways" classname="PlayersWorlds.Maps.Maze.MazeGeneratorAreasTest" runstate="Runnable" seed="362878446" result="Passed" start-time="2024-05-28T07:15:45.4778600Z" end-time="2024-05-28T07:15:45.5106130Z" duration="0.032753" asserts="30" />
                <test-case id="1-1216" name="DenseWalkways(PlayersWorlds.Maps.Maze.BinaryTreeMazeGenerator,Hall)" fullname="PlayersWorlds.Maps.Maze.MazeGeneratorAreasTest.DenseWalkways(PlayersWorlds.Maps.Maze.BinaryTreeMazeGenerator,Hall)" methodname="DenseWalkways" classname="PlayersWorlds.Maps.Maze.MazeGeneratorAreasTest" runstate="Runnable" seed="1391336205" result="Passed" start-time="2024-05-28T07:15:45.5106290Z" end-time="2024-05-28T07:15:45.5394940Z" duration="0.028865" asserts="30" />
                <test-case id="1-1217" name="DenseWalkways(PlayersWorlds.Maps.Maze.BinaryTreeMazeGenerator,Fill)" fullname="PlayersWorlds.Maps.Maze.MazeGeneratorAreasTest.DenseWalkways(PlayersWorlds.Maps.Maze.BinaryTreeMazeGenerator,Fill)" methodname="DenseWalkways" classname="PlayersWorlds.Maps.Maze.MazeGeneratorAreasTest" runstate="Runnable" seed="1026104153" result="Passed" start-time="2024-05-28T07:15:45.5395080Z" end-time="2024-05-28T07:15:45.5570660Z" duration="0.017558" asserts="30" />
                <test-case id="1-1218" name="DenseWalkways(PlayersWorlds.Maps.Maze.HuntAndKillMazeGenerator,Cave)" fullname="PlayersWorlds.Maps.Maze.MazeGeneratorAreasTest.DenseWalkways(PlayersWorlds.Maps.Maze.HuntAndKillMazeGenerator,Cave)" methodname="DenseWalkways" classname="PlayersWorlds.Maps.Maze.MazeGeneratorAreasTest" runstate="Runnable" seed="1082446144" result="Passed" start-time="2024-05-28T07:15:45.5570800Z" end-time="2024-05-28T07:15:45.5886720Z" duration="0.031592" asserts="30" />
                <test-case id="1-1219" name="DenseWalkways(PlayersWorlds.Maps.Maze.HuntAndKillMazeGenerator,Hall)" fullname="PlayersWorlds.Maps.Maze.MazeGeneratorAreasTest.DenseWalkways(PlayersWorlds.Maps.Maze.HuntAndKillMazeGenerator,Hall)" methodname="DenseWalkways" classname="PlayersWorlds.Maps.Maze.MazeGeneratorAreasTest" runstate="Runnable" seed="1869927786" result="Passed" start-time="2024-05-28T07:15:45.5886850Z" end-time="2024-05-28T07:15:45.6173830Z" duration="0.028699" asserts="30" />
                <test-case id="1-1220" name="DenseWalkways(PlayersWorlds.Maps.Maze.HuntAndKillMazeGenerator,Fill)" fullname="PlayersWorlds.Maps.Maze.MazeGeneratorAreasTest.DenseWalkways(PlayersWorlds.Maps.Maze.HuntAndKillMazeGenerator,Fill)" methodname="DenseWalkways" classname="PlayersWorlds.Maps.Maze.MazeGeneratorAreasTest" runstate="Runnable" seed="1476943041" result="Passed" start-time="2024-05-28T07:15:45.6173960Z" end-time="2024-05-28T07:15:45.6346950Z" duration="0.017299" asserts="30" />
                <test-case id="1-1221" name="DenseWalkways(PlayersWorlds.Maps.Maze.RecursiveBacktrackerMazeGenerator,Cave)" fullname="PlayersWorlds.Maps.Maze.MazeGeneratorAreasTest.DenseWalkways(PlayersWorlds.Maps.Maze.RecursiveBacktrackerMazeGenerator,Cave)" methodname="DenseWalkways" classname="PlayersWorlds.Maps.Maze.MazeGeneratorAreasTest" runstate="Runnable" seed="1442819988" result="Passed" start-time="2024-05-28T07:15:45.6347090Z" end-time="2024-05-28T07:15:45.6669160Z" duration="0.032207" asserts="30" />
                <test-case id="1-1222" name="DenseWalkways(PlayersWorlds.Maps.Maze.RecursiveBacktrackerMazeGenerator,Hall)" fullname="PlayersWorlds.Maps.Maze.MazeGeneratorAreasTest.DenseWalkways(PlayersWorlds.Maps.Maze.RecursiveBacktrackerMazeGenerator,Hall)" methodname="DenseWalkways" classname="PlayersWorlds.Maps.Maze.MazeGeneratorAreasTest" runstate="Runnable" seed="1753686647" result="Passed" start-time="2024-05-28T07:15:45.6669280Z" end-time="2024-05-28T07:15:45.6956540Z" duration="0.028726" asserts="30" />
                <test-case id="1-1223" name="DenseWalkways(PlayersWorlds.Maps.Maze.RecursiveBacktrackerMazeGenerator,Fill)" fullname="PlayersWorlds.Maps.Maze.MazeGeneratorAreasTest.DenseWalkways(PlayersWorlds.Maps.Maze.RecursiveBacktrackerMazeGenerator,Fill)" methodname="DenseWalkways" classname="PlayersWorlds.Maps.Maze.MazeGeneratorAreasTest" runstate="Runnable" seed="44011127" result="Passed" start-time="2024-05-28T07:15:45.6956660Z" end-time="2024-05-28T07:15:45.7130110Z" duration="0.017345" asserts="30" />
                <test-case id="1-1224" name="DenseWalkways(PlayersWorlds.Maps.Maze.SidewinderMazeGenerator,Cave)" fullname="PlayersWorlds.Maps.Maze.MazeGeneratorAreasTest.DenseWalkways(PlayersWorlds.Maps.Maze.SidewinderMazeGenerator,Cave)" methodname="DenseWalkways" classname="PlayersWorlds.Maps.Maze.MazeGeneratorAreasTest" runstate="Runnable" seed="1442523290" result="Passed" start-time="2024-05-28T07:15:45.7130230Z" end-time="2024-05-28T07:15:45.7458300Z" duration="0.032807" asserts="30" />
                <test-case id="1-1225" name="DenseWalkways(PlayersWorlds.Maps.Maze.SidewinderMazeGenerator,Hall)" fullname="PlayersWorlds.Maps.Maze.MazeGeneratorAreasTest.DenseWalkways(PlayersWorlds.Maps.Maze.SidewinderMazeGenerator,Hall)" methodname="DenseWalkways" classname="PlayersWorlds.Maps.Maze.MazeGeneratorAreasTest" runstate="Runnable" seed="1459350786" result="Passed" start-time="2024-05-28T07:15:45.7458430Z" end-time="2024-05-28T07:15:45.7757590Z" duration="0.029916" asserts="30" />
                <test-case id="1-1226" name="DenseWalkways(PlayersWorlds.Maps.Maze.SidewinderMazeGenerator,Fill)" fullname="PlayersWorlds.Maps.Maze.MazeGeneratorAreasTest.DenseWalkways(PlayersWorlds.Maps.Maze.SidewinderMazeGenerator,Fill)" methodname="DenseWalkways" classname="PlayersWorlds.Maps.Maze.MazeGeneratorAreasTest" runstate="Runnable" seed="1025775841" result="Passed" start-time="2024-05-28T07:15:45.7757760Z" end-time="2024-05-28T07:15:45.7951570Z" duration="0.019381" asserts="30" />
                <test-case id="1-1227" name="DenseWalkways(PlayersWorlds.Maps.Maze.WilsonsMazeGenerator,Cave)" fullname="PlayersWorlds.Maps.Maze.MazeGeneratorAreasTest.DenseWalkways(PlayersWorlds.Maps.Maze.WilsonsMazeGenerator,Cave)" methodname="DenseWalkways" classname="PlayersWorlds.Maps.Maze.MazeGeneratorAreasTest" runstate="Runnable" seed="925614173" result="Passed" start-time="2024-05-28T07:15:45.7951690Z" end-time="2024-05-28T07:15:45.8289950Z" duration="0.033826" asserts="30" />
                <test-case id="1-1228" name="DenseWalkways(PlayersWorlds.Maps.Maze.WilsonsMazeGenerator,Hall)" fullname="PlayersWorlds.Maps.Maze.MazeGeneratorAreasTest.DenseWalkways(PlayersWorlds.Maps.Maze.WilsonsMazeGenerator,Hall)" methodname="DenseWalkways" classname="PlayersWorlds.Maps.Maze.MazeGeneratorAreasTest" runstate="Runnable" seed="1680645133" result="Passed" start-time="2024-05-28T07:15:45.8290070Z" end-time="2024-05-28T07:15:45.8600410Z" duration="0.031034" asserts="30" />
                <test-case id="1-1229" name="DenseWalkways(PlayersWorlds.Maps.Maze.WilsonsMazeGenerator,Fill)" fullname="PlayersWorlds.Maps.Maze.MazeGeneratorAreasTest.DenseWalkways(PlayersWorlds.Maps.Maze.WilsonsMazeGenerator,Fill)" methodname="DenseWalkways" classname="PlayersWorlds.Maps.Maze.MazeGeneratorAreasTest" runstate="Runnable" seed="876560850" result="Passed" start-time="2024-05-28T07:15:45.8600580Z" end-time="2024-05-28T07:15:45.8822410Z" duration="0.022182" asserts="30" />
              </test-suite>
              <test-suite type="ParameterizedMethod" id="1-1159" name="FillAreasAreAppliedProperly" fullname="PlayersWorlds.Maps.Maze.MazeGeneratorAreasTest.FillAreasAreAppliedProperly" classname="PlayersWorlds.Maps.Maze.MazeGeneratorAreasTest" runstate="Runnable" testcasecount="6" result="Passed" start-time="2024-05-28T07:15:45.8822740Z" end-time="2024-05-28T07:15:46.6803990Z" duration="0.798125" total="6" passed="6" failed="0" warnings="0" inconclusive="0" skipped="0" asserts="300">
                <properties>
                  <property name="Repeat" value="10" />
                  <property name="Category" value="Integration" />
                </properties>
                <test-case id="1-1153" name="FillAreasAreAppliedProperly(PlayersWorlds.Maps.Maze.AldousBroderMazeGenerator)" fullname="PlayersWorlds.Maps.Maze.MazeGeneratorAreasTest.FillAreasAreAppliedProperly(PlayersWorlds.Maps.Maze.AldousBroderMazeGenerator)" methodname="FillAreasAreAppliedProperly" classname="PlayersWorlds.Maps.Maze.MazeGeneratorAreasTest" runstate="Runnable" seed="822370382" result="Passed" start-time="2024-05-28T07:15:45.8822990Z" end-time="2024-05-28T07:15:46.0482490Z" duration="0.165950" asserts="50" />
                <test-case id="1-1154" name="FillAreasAreAppliedProperly(PlayersWorlds.Maps.Maze.BinaryTreeMazeGenerator)" fullname="PlayersWorlds.Maps.Maze.MazeGeneratorAreasTest.FillAreasAreAppliedProperly(PlayersWorlds.Maps.Maze.BinaryTreeMazeGenerator)" methodname="FillAreasAreAppliedProperly" classname="PlayersWorlds.Maps.Maze.MazeGeneratorAreasTest" runstate="Runnable" seed="987522642" result="Passed" start-time="2024-05-28T07:15:46.0482680Z" end-time="2024-05-28T07:15:46.1637060Z" duration="0.115439" asserts="50" />
                <test-case id="1-1155" name="FillAreasAreAppliedProperly(PlayersWorlds.Maps.Maze.HuntAndKillMazeGenerator)" fullname="PlayersWorlds.Maps.Maze.MazeGeneratorAreasTest.FillAreasAreAppliedProperly(PlayersWorlds.Maps.Maze.HuntAndKillMazeGenerator)" methodname="FillAreasAreAppliedProperly" classname="PlayersWorlds.Maps.Maze.MazeGeneratorAreasTest" runstate="Runnable" seed="1105776628" result="Passed" start-time="2024-05-28T07:15:46.1637250Z" end-time="2024-05-28T07:15:46.2781450Z" duration="0.114420" asserts="50" />
                <test-case id="1-1156" name="FillAreasAreAppliedProperly(PlayersWorlds.Maps.Maze.RecursiveBacktrackerMazeGenerator)" fullname="PlayersWorlds.Maps.Maze.MazeGeneratorAreasTest.FillAreasAreAppliedProperly(PlayersWorlds.Maps.Maze.RecursiveBacktrackerMazeGenerator)" methodname="FillAreasAreAppliedProperly" classname="PlayersWorlds.Maps.Maze.MazeGeneratorAreasTest" runstate="Runnable" seed="1717362723" result="Passed" start-time="2024-05-28T07:15:46.2781640Z" end-time="2024-05-28T07:15:46.3929150Z" duration="0.114751" asserts="50" />
                <test-case id="1-1157" name="FillAreasAreAppliedProperly(PlayersWorlds.Maps.Maze.SidewinderMazeGenerator)" fullname="PlayersWorlds.Maps.Maze.MazeGeneratorAreasTest.FillAreasAreAppliedProperly(PlayersWorlds.Maps.Maze.SidewinderMazeGenerator)" methodname="FillAreasAreAppliedProperly" classname="PlayersWorlds.Maps.Maze.MazeGeneratorAreasTest" runstate="Runnable" seed="44670708" result="Passed" start-time="2024-05-28T07:15:46.3929340Z" end-time="2024-05-28T07:15:46.5128510Z" duration="0.119917" asserts="50" />
                <test-case id="1-1158" name="FillAreasAreAppliedProperly(PlayersWorlds.Maps.Maze.WilsonsMazeGenerator)" fullname="PlayersWorlds.Maps.Maze.MazeGeneratorAreasTest.FillAreasAreAppliedProperly(PlayersWorlds.Maps.Maze.WilsonsMazeGenerator)" methodname="FillAreasAreAppliedProperly" classname="PlayersWorlds.Maps.Maze.MazeGeneratorAreasTest" runstate="Runnable" seed="1453653949" result="Passed" start-time="2024-05-28T07:15:46.5128680Z" end-time="2024-05-28T07:15:46.6803780Z" duration="0.167509" asserts="50" />
              </test-suite>
              <test-suite type="ParameterizedMethod" id="1-1166" name="HallAreasAreAppliedProperly" fullname="PlayersWorlds.Maps.Maze.MazeGeneratorAreasTest.HallAreasAreAppliedProperly" classname="PlayersWorlds.Maps.Maze.MazeGeneratorAreasTest" runstate="Runnable" testcasecount="6" result="Passed" start-time="2024-05-28T07:15:46.6804140Z" end-time="2024-05-28T07:15:53.2894110Z" duration="6.608997" total="6" passed="6" failed="0" warnings="0" inconclusive="0" skipped="0" asserts="600">
                <properties>
                  <property name="Repeat" value="10" />
                  <property name="Category" value="Integration" />
                </properties>
                <test-case id="1-1160" name="HallAreasAreAppliedProperly(PlayersWorlds.Maps.Maze.AldousBroderMazeGenerator)" fullname="PlayersWorlds.Maps.Maze.MazeGeneratorAreasTest.HallAreasAreAppliedProperly(PlayersWorlds.Maps.Maze.AldousBroderMazeGenerator)" methodname="HallAreasAreAppliedProperly" classname="PlayersWorlds.Maps.Maze.MazeGeneratorAreasTest" runstate="Runnable" seed="1828477542" result="Passed" start-time="2024-05-28T07:15:46.6804430Z" end-time="2024-05-28T07:15:47.8339270Z" duration="1.153484" asserts="100" />
                <test-case id="1-1161" name="HallAreasAreAppliedProperly(PlayersWorlds.Maps.Maze.BinaryTreeMazeGenerator)" fullname="PlayersWorlds.Maps.Maze.MazeGeneratorAreasTest.HallAreasAreAppliedProperly(PlayersWorlds.Maps.Maze.BinaryTreeMazeGenerator)" methodname="HallAreasAreAppliedProperly" classname="PlayersWorlds.Maps.Maze.MazeGeneratorAreasTest" runstate="Runnable" seed="42610063" result="Passed" start-time="2024-05-28T07:15:47.8339470Z" end-time="2024-05-28T07:15:48.9299520Z" duration="1.096005" asserts="100" />
                <test-case id="1-1162" name="HallAreasAreAppliedProperly(PlayersWorlds.Maps.Maze.HuntAndKillMazeGenerator)" fullname="PlayersWorlds.Maps.Maze.MazeGeneratorAreasTest.HallAreasAreAppliedProperly(PlayersWorlds.Maps.Maze.HuntAndKillMazeGenerator)" methodname="HallAreasAreAppliedProperly" classname="PlayersWorlds.Maps.Maze.MazeGeneratorAreasTest" runstate="Runnable" seed="1947919884" result="Passed" start-time="2024-05-28T07:15:48.9299710Z" end-time="2024-05-28T07:15:50.0227830Z" duration="1.092812" asserts="100" />
                <test-case id="1-1163" name="HallAreasAreAppliedProperly(PlayersWorlds.Maps.Maze.RecursiveBacktrackerMazeGenerator)" fullname="PlayersWorlds.Maps.Maze.MazeGeneratorAreasTest.HallAreasAreAppliedProperly(PlayersWorlds.Maps.Maze.RecursiveBacktrackerMazeGenerator)" methodname="HallAreasAreAppliedProperly" classname="PlayersWorlds.Maps.Maze.MazeGeneratorAreasTest" runstate="Runnable" seed="2018867739" result="Passed" start-time="2024-05-28T07:15:50.0228010Z" end-time="2024-05-28T07:15:51.1048780Z" duration="1.082077" asserts="100" />
                <test-case id="1-1164" name="HallAreasAreAppliedProperly(PlayersWorlds.Maps.Maze.SidewinderMazeGenerator)" fullname="PlayersWorlds.Maps.Maze.MazeGeneratorAreasTest.HallAreasAreAppliedProperly(PlayersWorlds.Maps.Maze.SidewinderMazeGenerator)" methodname="HallAreasAreAppliedProperly" classname="PlayersWorlds.Maps.Maze.MazeGeneratorAreasTest" runstate="Runnable" seed="950219979" result="Passed" start-time="2024-05-28T07:15:51.1049030Z" end-time="2024-05-28T07:15:52.1928630Z" duration="1.087960" asserts="100" />
                <test-case id="1-1165" name="HallAreasAreAppliedProperly(PlayersWorlds.Maps.Maze.WilsonsMazeGenerator)" fullname="PlayersWorlds.Maps.Maze.MazeGeneratorAreasTest.HallAreasAreAppliedProperly(PlayersWorlds.Maps.Maze.WilsonsMazeGenerator)" methodname="HallAreasAreAppliedProperly" classname="PlayersWorlds.Maps.Maze.MazeGeneratorAreasTest" runstate="Runnable" seed="99229356" result="Passed" start-time="2024-05-28T07:15:52.1928810Z" end-time="2024-05-28T07:15:53.2893890Z" duration="1.096508" asserts="100" />
              </test-suite>
              <test-case id="1-1359" name="ManualAndAutoAreasGeneration" fullname="PlayersWorlds.Maps.Maze.MazeGeneratorAreasTest.ManualAndAutoAreasGeneration" methodname="ManualAndAutoAreasGeneration" classname="PlayersWorlds.Maps.Maze.MazeGeneratorAreasTest" runstate="Runnable" seed="1338468933" result="Passed" start-time="2024-05-28T07:15:53.2894250Z" end-time="2024-05-28T07:16:03.2175250Z" duration="9.928100" asserts="200">
                <properties>
                  <property name="Repeat" value="100" />
                  <property name="Category" value="Integration" />
                </properties>
              </test-case>
              <test-suite type="ParameterizedMethod" id="1-1192" name="OverlappingAreasAreAppliedProperly" fullname="PlayersWorlds.Maps.Maze.MazeGeneratorAreasTest.OverlappingAreasAreAppliedProperly" classname="PlayersWorlds.Maps.Maze.MazeGeneratorAreasTest" runstate="Runnable" testcasecount="18" result="Passed" start-time="2024-05-28T07:16:03.2175450Z" end-time="2024-05-28T07:16:05.4897350Z" duration="2.272190" total="18" passed="18" failed="0" warnings="0" inconclusive="0" skipped="0" asserts="1320">
                <properties>
                  <property name="Repeat" value="10" />
                  <property name="Category" value="Integration" />
                </properties>
                <test-case id="1-1174" name="OverlappingAreasAreAppliedProperly(PlayersWorlds.Maps.Maze.AldousBroderMazeGenerator,Cave)" fullname="PlayersWorlds.Maps.Maze.MazeGeneratorAreasTest.OverlappingAreasAreAppliedProperly(PlayersWorlds.Maps.Maze.AldousBroderMazeGenerator,Cave)" methodname="OverlappingAreasAreAppliedProperly" classname="PlayersWorlds.Maps.Maze.MazeGeneratorAreasTest" runstate="Runnable" seed="337063843" result="Passed" start-time="2024-05-28T07:16:03.2175760Z" end-time="2024-05-28T07:16:03.4230110Z" duration="0.205435" asserts="80" />
                <test-case id="1-1175" name="OverlappingAreasAreAppliedProperly(PlayersWorlds.Maps.Maze.AldousBroderMazeGenerator,Hall)" fullname="PlayersWorlds.Maps.Maze.MazeGeneratorAreasTest.OverlappingAreasAreAppliedProperly(PlayersWorlds.Maps.Maze.AldousBroderMazeGenerator,Hall)" methodname="OverlappingAreasAreAppliedProperly" classname="PlayersWorlds.Maps.Maze.MazeGeneratorAreasTest" runstate="Runnable" seed="288359627" result="Passed" start-time="2024-05-28T07:16:03.4230330Z" end-time="2024-05-28T07:16:03.5726100Z" duration="0.149577" asserts="80" />
                <test-case id="1-1176" name="OverlappingAreasAreAppliedProperly(PlayersWorlds.Maps.Maze.AldousBroderMazeGenerator,Fill)" fullname="PlayersWorlds.Maps.Maze.MazeGeneratorAreasTest.OverlappingAreasAreAppliedProperly(PlayersWorlds.Maps.Maze.AldousBroderMazeGenerator,Fill)" methodname="OverlappingAreasAreAppliedProperly" classname="PlayersWorlds.Maps.Maze.MazeGeneratorAreasTest" runstate="Runnable" seed="1593715479" result="Passed" start-time="2024-05-28T07:16:03.5726280Z" end-time="2024-05-28T07:16:03.7113850Z" duration="0.138758" asserts="60" />
                <test-case id="1-1177" name="OverlappingAreasAreAppliedProperly(PlayersWorlds.Maps.Maze.BinaryTreeMazeGenerator,Cave)" fullname="PlayersWorlds.Maps.Maze.MazeGeneratorAreasTest.OverlappingAreasAreAppliedProperly(PlayersWorlds.Maps.Maze.BinaryTreeMazeGenerator,Cave)" methodname="OverlappingAreasAreAppliedProperly" classname="PlayersWorlds.Maps.Maze.MazeGeneratorAreasTest" runstate="Runnable" seed="2108447972" result="Passed" start-time="2024-05-28T07:16:03.7113980Z" end-time="2024-05-28T07:16:03.8678550Z" duration="0.156457" asserts="80" />
                <test-case id="1-1178" name="OverlappingAreasAreAppliedProperly(PlayersWorlds.Maps.Maze.BinaryTreeMazeGenerator,Hall)" fullname="PlayersWorlds.Maps.Maze.MazeGeneratorAreasTest.OverlappingAreasAreAppliedProperly(PlayersWorlds.Maps.Maze.BinaryTreeMazeGenerator,Hall)" methodname="OverlappingAreasAreAppliedProperly" classname="PlayersWorlds.Maps.Maze.MazeGeneratorAreasTest" runstate="Runnable" seed="1408757671" result="Passed" start-time="2024-05-28T07:16:03.8678680Z" end-time="2024-05-28T07:16:03.9791960Z" duration="0.111328" asserts="80" />
                <test-case id="1-1179" name="OverlappingAreasAreAppliedProperly(PlayersWorlds.Maps.Maze.BinaryTreeMazeGenerator,Fill)" fullname="PlayersWorlds.Maps.Maze.MazeGeneratorAreasTest.OverlappingAreasAreAppliedProperly(PlayersWorlds.Maps.Maze.BinaryTreeMazeGenerator,Fill)" methodname="OverlappingAreasAreAppliedProperly" classname="PlayersWorlds.Maps.Maze.MazeGeneratorAreasTest" runstate="Runnable" seed="702872296" result="Passed" start-time="2024-05-28T07:16:03.9792110Z" end-time="2024-05-28T07:16:04.0654100Z" duration="0.086199" asserts="60" />
                <test-case id="1-1180" name="OverlappingAreasAreAppliedProperly(PlayersWorlds.Maps.Maze.HuntAndKillMazeGenerator,Cave)" fullname="PlayersWorlds.Maps.Maze.MazeGeneratorAreasTest.OverlappingAreasAreAppliedProperly(PlayersWorlds.Maps.Maze.HuntAndKillMazeGenerator,Cave)" methodname="OverlappingAreasAreAppliedProperly" classname="PlayersWorlds.Maps.Maze.MazeGeneratorAreasTest" runstate="Runnable" seed="1507513163" result="Passed" start-time="2024-05-28T07:16:04.0654200Z" end-time="2024-05-28T07:16:04.2165850Z" duration="0.151164" asserts="80" />
                <test-case id="1-1181" name="OverlappingAreasAreAppliedProperly(PlayersWorlds.Maps.Maze.HuntAndKillMazeGenerator,Hall)" fullname="PlayersWorlds.Maps.Maze.MazeGeneratorAreasTest.OverlappingAreasAreAppliedProperly(PlayersWorlds.Maps.Maze.HuntAndKillMazeGenerator,Hall)" methodname="OverlappingAreasAreAppliedProperly" classname="PlayersWorlds.Maps.Maze.MazeGeneratorAreasTest" runstate="Runnable" seed="1811273851" result="Passed" start-time="2024-05-28T07:16:04.2165990Z" end-time="2024-05-28T07:16:04.3228870Z" duration="0.106288" asserts="80" />
                <test-case id="1-1182" name="OverlappingAreasAreAppliedProperly(PlayersWorlds.Maps.Maze.HuntAndKillMazeGenerator,Fill)" fullname="PlayersWorlds.Maps.Maze.MazeGeneratorAreasTest.OverlappingAreasAreAppliedProperly(PlayersWorlds.Maps.Maze.HuntAndKillMazeGenerator,Fill)" methodname="OverlappingAreasAreAppliedProperly" classname="PlayersWorlds.Maps.Maze.MazeGeneratorAreasTest" runstate="Runnable" seed="1151656358" result="Passed" start-time="2024-05-28T07:16:04.3228990Z" end-time="2024-05-28T07:16:04.4080920Z" duration="0.085193" asserts="60" />
                <test-case id="1-1183" name="OverlappingAreasAreAppliedProperly(PlayersWorlds.Maps.Maze.RecursiveBacktrackerMazeGenerator,Cave)" fullname="PlayersWorlds.Maps.Maze.MazeGeneratorAreasTest.OverlappingAreasAreAppliedProperly(PlayersWorlds.Maps.Maze.RecursiveBacktrackerMazeGenerator,Cave)" methodname="OverlappingAreasAreAppliedProperly" classname="PlayersWorlds.Maps.Maze.MazeGeneratorAreasTest" runstate="Runnable" seed="1346312248" result="Passed" start-time="2024-05-28T07:16:04.4081040Z" end-time="2024-05-28T07:16:04.5606510Z" duration="0.152547" asserts="80" />
                <test-case id="1-1184" name="OverlappingAreasAreAppliedProperly(PlayersWorlds.Maps.Maze.RecursiveBacktrackerMazeGenerator,Hall)" fullname="PlayersWorlds.Maps.Maze.MazeGeneratorAreasTest.OverlappingAreasAreAppliedProperly(PlayersWorlds.Maps.Maze.RecursiveBacktrackerMazeGenerator,Hall)" methodname="OverlappingAreasAreAppliedProperly" classname="PlayersWorlds.Maps.Maze.MazeGeneratorAreasTest" runstate="Runnable" seed="690918595" result="Passed" start-time="2024-05-28T07:16:04.5606640Z" end-time="2024-05-28T07:16:04.6688850Z" duration="0.108221" asserts="80" />
                <test-case id="1-1185" name="OverlappingAreasAreAppliedProperly(PlayersWorlds.Maps.Maze.RecursiveBacktrackerMazeGenerator,Fill)" fullname="PlayersWorlds.Maps.Maze.MazeGeneratorAreasTest.OverlappingAreasAreAppliedProperly(PlayersWorlds.Maps.Maze.RecursiveBacktrackerMazeGenerator,Fill)" methodname="OverlappingAreasAreAppliedProperly" classname="PlayersWorlds.Maps.Maze.MazeGeneratorAreasTest" runstate="Runnable" seed="1828773152" result="Passed" start-time="2024-05-28T07:16:04.6688980Z" end-time="2024-05-28T07:16:04.7558980Z" duration="0.087000" asserts="60" />
                <test-case id="1-1186" name="OverlappingAreasAreAppliedProperly(PlayersWorlds.Maps.Maze.SidewinderMazeGenerator,Cave)" fullname="PlayersWorlds.Maps.Maze.MazeGeneratorAreasTest.OverlappingAreasAreAppliedProperly(PlayersWorlds.Maps.Maze.SidewinderMazeGenerator,Cave)" methodname="OverlappingAreasAreAppliedProperly" classname="PlayersWorlds.Maps.Maze.MazeGeneratorAreasTest" runstate="Runnable" seed="1674150059" result="Passed" start-time="2024-05-28T07:16:04.7559140Z" end-time="2024-05-28T07:16:04.9161840Z" duration="0.160270" asserts="80" />
                <test-case id="1-1187" name="OverlappingAreasAreAppliedProperly(PlayersWorlds.Maps.Maze.SidewinderMazeGenerator,Hall)" fullname="PlayersWorlds.Maps.Maze.MazeGeneratorAreasTest.OverlappingAreasAreAppliedProperly(PlayersWorlds.Maps.Maze.SidewinderMazeGenerator,Hall)" methodname="OverlappingAreasAreAppliedProperly" classname="PlayersWorlds.Maps.Maze.MazeGeneratorAreasTest" runstate="Runnable" seed="310638774" result="Passed" start-time="2024-05-28T07:16:04.9162010Z" end-time="2024-05-28T07:16:05.0269380Z" duration="0.110737" asserts="80" />
                <test-case id="1-1188" name="OverlappingAreasAreAppliedProperly(PlayersWorlds.Maps.Maze.SidewinderMazeGenerator,Fill)" fullname="PlayersWorlds.Maps.Maze.MazeGeneratorAreasTest.OverlappingAreasAreAppliedProperly(PlayersWorlds.Maps.Maze.SidewinderMazeGenerator,Fill)" methodname="OverlappingAreasAreAppliedProperly" classname="PlayersWorlds.Maps.Maze.MazeGeneratorAreasTest" runstate="Runnable" seed="1348160535" result="Passed" start-time="2024-05-28T07:16:05.0269530Z" end-time="2024-05-28T07:16:05.1164070Z" duration="0.089454" asserts="60" />
                <test-case id="1-1189" name="OverlappingAreasAreAppliedProperly(PlayersWorlds.Maps.Maze.WilsonsMazeGenerator,Cave)" fullname="PlayersWorlds.Maps.Maze.MazeGeneratorAreasTest.OverlappingAreasAreAppliedProperly(PlayersWorlds.Maps.Maze.WilsonsMazeGenerator,Cave)" methodname="OverlappingAreasAreAppliedProperly" classname="PlayersWorlds.Maps.Maze.MazeGeneratorAreasTest" runstate="Runnable" seed="682489100" result="Passed" start-time="2024-05-28T07:16:05.1164190Z" end-time="2024-05-28T07:16:05.2739570Z" duration="0.157538" asserts="80" />
                <test-case id="1-1190" name="OverlappingAreasAreAppliedProperly(PlayersWorlds.Maps.Maze.WilsonsMazeGenerator,Hall)" fullname="PlayersWorlds.Maps.Maze.MazeGeneratorAreasTest.OverlappingAreasAreAppliedProperly(PlayersWorlds.Maps.Maze.WilsonsMazeGenerator,Hall)" methodname="OverlappingAreasAreAppliedProperly" classname="PlayersWorlds.Maps.Maze.MazeGeneratorAreasTest" runstate="Runnable" seed="216061637" result="Passed" start-time="2024-05-28T07:16:05.2739700Z" end-time="2024-05-28T07:16:05.3890900Z" duration="0.115120" asserts="80" />
                <test-case id="1-1191" name="OverlappingAreasAreAppliedProperly(PlayersWorlds.Maps.Maze.WilsonsMazeGenerator,Fill)" fullname="PlayersWorlds.Maps.Maze.MazeGeneratorAreasTest.OverlappingAreasAreAppliedProperly(PlayersWorlds.Maps.Maze.WilsonsMazeGenerator,Fill)" methodname="OverlappingAreasAreAppliedProperly" classname="PlayersWorlds.Maps.Maze.MazeGeneratorAreasTest" runstate="Runnable" seed="737192329" result="Passed" start-time="2024-05-28T07:16:05.3891070Z" end-time="2024-05-28T07:16:05.4897170Z" duration="0.100610" asserts="60" />
              </test-suite>
              <test-suite type="ParameterizedMethod" id="1-1358" name="ScatteredAreas" fullname="PlayersWorlds.Maps.Maze.MazeGeneratorAreasTest.ScatteredAreas" classname="PlayersWorlds.Maps.Maze.MazeGeneratorAreasTest" runstate="Runnable" testcasecount="126" result="Skipped" label="Ignored" site="Child" start-time="2024-05-28T07:16:05.4897490Z" end-time="2024-05-28T07:16:49.4666590Z" duration="43.976910" total="126" passed="24" failed="0" warnings="0" inconclusive="0" skipped="102" asserts="480">
                <properties>
                  <property name="Repeat" value="10" />
                  <property name="Category" value="Integration" />
                </properties>
                <reason>
                  <message><![CDATA[One or more child tests were ignored]]></message>
                </reason>
                <test-case id="1-1232" name="ScatteredAreas(PlayersWorlds.Maps.Maze.AldousBroderMazeGenerator,Cave,Quarter)" fullname="PlayersWorlds.Maps.Maze.MazeGeneratorAreasTest.ScatteredAreas(PlayersWorlds.Maps.Maze.AldousBroderMazeGenerator,Cave,Quarter)" methodname="ScatteredAreas" classname="PlayersWorlds.Maps.Maze.MazeGeneratorAreasTest" runstate="Runnable" seed="734506017" result="Skipped" label="Ignored" start-time="2024-05-28T07:16:05.4897790Z" end-time="2024-05-28T07:16:05.4905270Z" duration="0.000748" asserts="0" />
                <test-case id="1-1233" name="ScatteredAreas(PlayersWorlds.Maps.Maze.AldousBroderMazeGenerator,Cave,Half)" fullname="PlayersWorlds.Maps.Maze.MazeGeneratorAreasTest.ScatteredAreas(PlayersWorlds.Maps.Maze.AldousBroderMazeGenerator,Cave,Half)" methodname="ScatteredAreas" classname="PlayersWorlds.Maps.Maze.MazeGeneratorAreasTest" runstate="Runnable" seed="1266922651" result="Skipped" label="Ignored" start-time="2024-05-28T07:16:05.4905410Z" end-time="2024-05-28T07:16:05.4906060Z" duration="0.000065" asserts="0" />
                <test-case id="1-1234" name="ScatteredAreas(PlayersWorlds.Maps.Maze.AldousBroderMazeGenerator,Cave,ThreeQuarters)" fullname="PlayersWorlds.Maps.Maze.MazeGeneratorAreasTest.ScatteredAreas(PlayersWorlds.Maps.Maze.AldousBroderMazeGenerator,Cave,ThreeQuarters)" methodname="ScatteredAreas" classname="PlayersWorlds.Maps.Maze.MazeGeneratorAreasTest" runstate="Runnable" seed="1553866881" result="Skipped" label="Ignored" start-time="2024-05-28T07:16:05.4906120Z" end-time="2024-05-28T07:16:05.4906660Z" duration="0.000054" asserts="0" />
                <test-case id="1-1235" name="ScatteredAreas(PlayersWorlds.Maps.Maze.AldousBroderMazeGenerator,Cave,NinetyPercent)" fullname="PlayersWorlds.Maps.Maze.MazeGeneratorAreasTest.ScatteredAreas(PlayersWorlds.Maps.Maze.AldousBroderMazeGenerator,Cave,NinetyPercent)" methodname="ScatteredAreas" classname="PlayersWorlds.Maps.Maze.MazeGeneratorAreasTest" runstate="Runnable" seed="1392393561" result="Skipped" label="Ignored" start-time="2024-05-28T07:16:05.4906720Z" end-time="2024-05-28T07:16:05.4907260Z" duration="0.000054" asserts="0" />
                <test-case id="1-1236" name="ScatteredAreas(PlayersWorlds.Maps.Maze.AldousBroderMazeGenerator,Cave,FullWidth)" fullname="PlayersWorlds.Maps.Maze.MazeGeneratorAreasTest.ScatteredAreas(PlayersWorlds.Maps.Maze.AldousBroderMazeGenerator,Cave,FullWidth)" methodname="ScatteredAreas" classname="PlayersWorlds.Maps.Maze.MazeGeneratorAreasTest" runstate="Runnable" seed="823905818" result="Skipped" label="Ignored" start-time="2024-05-28T07:16:05.4907310Z" end-time="2024-05-28T07:16:05.4907830Z" duration="0.000052" asserts="0" />
                <test-case id="1-1237" name="ScatteredAreas(PlayersWorlds.Maps.Maze.AldousBroderMazeGenerator,Cave,FullHeight)" fullname="PlayersWorlds.Maps.Maze.MazeGeneratorAreasTest.ScatteredAreas(PlayersWorlds.Maps.Maze.AldousBroderMazeGenerator,Cave,FullHeight)" methodname="ScatteredAreas" classname="PlayersWorlds.Maps.Maze.MazeGeneratorAreasTest" runstate="Runnable" seed="1636612754" result="Skipped" label="Ignored" start-time="2024-05-28T07:16:05.4907890Z" end-time="2024-05-28T07:16:05.4908390Z" duration="0.000050" asserts="0" />
                <test-case id="1-1238" name="ScatteredAreas(PlayersWorlds.Maps.Maze.AldousBroderMazeGenerator,Cave,Full)" fullname="PlayersWorlds.Maps.Maze.MazeGeneratorAreasTest.ScatteredAreas(PlayersWorlds.Maps.Maze.AldousBroderMazeGenerator,Cave,Full)" methodname="ScatteredAreas" classname="PlayersWorlds.Maps.Maze.MazeGeneratorAreasTest" runstate="Runnable" seed="490323734" result="Passed" start-time="2024-05-28T07:16:05.4908440Z" end-time="2024-05-28T07:16:07.5792240Z" duration="2.088381" asserts="20" />
                <test-case id="1-1239" name="ScatteredAreas(PlayersWorlds.Maps.Maze.AldousBroderMazeGenerator,Hall,Quarter)" fullname="PlayersWorlds.Maps.Maze.MazeGeneratorAreasTest.ScatteredAreas(PlayersWorlds.Maps.Maze.AldousBroderMazeGenerator,Hall,Quarter)" methodname="ScatteredAreas" classname="PlayersWorlds.Maps.Maze.MazeGeneratorAreasTest" runstate="Runnable" seed="813095003" result="Skipped" label="Ignored" start-time="2024-05-28T07:16:07.5792460Z" end-time="2024-05-28T07:16:07.5794060Z" duration="0.000160" asserts="0" />
                <test-case id="1-1240" name="ScatteredAreas(PlayersWorlds.Maps.Maze.AldousBroderMazeGenerator,Hall,Half)" fullname="PlayersWorlds.Maps.Maze.MazeGeneratorAreasTest.ScatteredAreas(PlayersWorlds.Maps.Maze.AldousBroderMazeGenerator,Hall,Half)" methodname="ScatteredAreas" classname="PlayersWorlds.Maps.Maze.MazeGeneratorAreasTest" runstate="Runnable" seed="1512008405" result="Skipped" label="Ignored" start-time="2024-05-28T07:16:07.5794120Z" end-time="2024-05-28T07:16:07.5794750Z" duration="0.000062" asserts="0" />
                <test-case id="1-1241" name="ScatteredAreas(PlayersWorlds.Maps.Maze.AldousBroderMazeGenerator,Hall,ThreeQuarters)" fullname="PlayersWorlds.Maps.Maze.MazeGeneratorAreasTest.ScatteredAreas(PlayersWorlds.Maps.Maze.AldousBroderMazeGenerator,Hall,ThreeQuarters)" methodname="ScatteredAreas" classname="PlayersWorlds.Maps.Maze.MazeGeneratorAreasTest" runstate="Runnable" seed="303181216" result="Skipped" label="Ignored" start-time="2024-05-28T07:16:07.5794800Z" end-time="2024-05-28T07:16:07.5795380Z" duration="0.000057" asserts="0" />
                <test-case id="1-1242" name="ScatteredAreas(PlayersWorlds.Maps.Maze.AldousBroderMazeGenerator,Hall,NinetyPercent)" fullname="PlayersWorlds.Maps.Maze.MazeGeneratorAreasTest.ScatteredAreas(PlayersWorlds.Maps.Maze.AldousBroderMazeGenerator,Hall,NinetyPercent)" methodname="ScatteredAreas" classname="PlayersWorlds.Maps.Maze.MazeGeneratorAreasTest" runstate="Runnable" seed="2016856971" result="Skipped" label="Ignored" start-time="2024-05-28T07:16:07.5795430Z" end-time="2024-05-28T07:16:07.5795950Z" duration="0.000052" asserts="0" />
                <test-case id="1-1243" name="ScatteredAreas(PlayersWorlds.Maps.Maze.AldousBroderMazeGenerator,Hall,FullWidth)" fullname="PlayersWorlds.Maps.Maze.MazeGeneratorAreasTest.ScatteredAreas(PlayersWorlds.Maps.Maze.AldousBroderMazeGenerator,Hall,FullWidth)" methodname="ScatteredAreas" classname="PlayersWorlds.Maps.Maze.MazeGeneratorAreasTest" runstate="Runnable" seed="730881371" result="Skipped" label="Ignored" start-time="2024-05-28T07:16:07.5796000Z" end-time="2024-05-28T07:16:07.5796500Z" duration="0.000050" asserts="0" />
                <test-case id="1-1244" name="ScatteredAreas(PlayersWorlds.Maps.Maze.AldousBroderMazeGenerator,Hall,FullHeight)" fullname="PlayersWorlds.Maps.Maze.MazeGeneratorAreasTest.ScatteredAreas(PlayersWorlds.Maps.Maze.AldousBroderMazeGenerator,Hall,FullHeight)" methodname="ScatteredAreas" classname="PlayersWorlds.Maps.Maze.MazeGeneratorAreasTest" runstate="Runnable" seed="309951148" result="Skipped" label="Ignored" start-time="2024-05-28T07:16:07.5796550Z" end-time="2024-05-28T07:16:07.5797040Z" duration="0.000049" asserts="0" />
                <test-case id="1-1245" name="ScatteredAreas(PlayersWorlds.Maps.Maze.AldousBroderMazeGenerator,Hall,Full)" fullname="PlayersWorlds.Maps.Maze.MazeGeneratorAreasTest.ScatteredAreas(PlayersWorlds.Maps.Maze.AldousBroderMazeGenerator,Hall,Full)" methodname="ScatteredAreas" classname="PlayersWorlds.Maps.Maze.MazeGeneratorAreasTest" runstate="Runnable" seed="1341469493" result="Passed" start-time="2024-05-28T07:16:07.5797100Z" end-time="2024-05-28T07:16:09.6072790Z" duration="2.027570" asserts="20" />
                <test-case id="1-1246" name="ScatteredAreas(PlayersWorlds.Maps.Maze.AldousBroderMazeGenerator,Fill,Quarter)" fullname="PlayersWorlds.Maps.Maze.MazeGeneratorAreasTest.ScatteredAreas(PlayersWorlds.Maps.Maze.AldousBroderMazeGenerator,Fill,Quarter)" methodname="ScatteredAreas" classname="PlayersWorlds.Maps.Maze.MazeGeneratorAreasTest" runstate="Runnable" seed="1216144572" result="Skipped" label="Ignored" start-time="2024-05-28T07:16:09.6073070Z" end-time="2024-05-28T07:16:09.6074520Z" duration="0.000145" asserts="0" />
                <test-case id="1-1247" name="ScatteredAreas(PlayersWorlds.Maps.Maze.AldousBroderMazeGenerator,Fill,Half)" fullname="PlayersWorlds.Maps.Maze.MazeGeneratorAreasTest.ScatteredAreas(PlayersWorlds.Maps.Maze.AldousBroderMazeGenerator,Fill,Half)" methodname="ScatteredAreas" classname="PlayersWorlds.Maps.Maze.MazeGeneratorAreasTest" runstate="Runnable" seed="2070651222" result="Skipped" label="Ignored" start-time="2024-05-28T07:16:09.6074590Z" end-time="2024-05-28T07:16:09.6080530Z" duration="0.000594" asserts="0" />
                <test-case id="1-1248" name="ScatteredAreas(PlayersWorlds.Maps.Maze.AldousBroderMazeGenerator,Fill,ThreeQuarters)" fullname="PlayersWorlds.Maps.Maze.MazeGeneratorAreasTest.ScatteredAreas(PlayersWorlds.Maps.Maze.AldousBroderMazeGenerator,Fill,ThreeQuarters)" methodname="ScatteredAreas" classname="PlayersWorlds.Maps.Maze.MazeGeneratorAreasTest" runstate="Runnable" seed="367800047" result="Skipped" label="Ignored" start-time="2024-05-28T07:16:09.6080600Z" end-time="2024-05-28T07:16:09.6081310Z" duration="0.000071" asserts="0" />
                <test-case id="1-1249" name="ScatteredAreas(PlayersWorlds.Maps.Maze.AldousBroderMazeGenerator,Fill,NinetyPercent)" fullname="PlayersWorlds.Maps.Maze.MazeGeneratorAreasTest.ScatteredAreas(PlayersWorlds.Maps.Maze.AldousBroderMazeGenerator,Fill,NinetyPercent)" methodname="ScatteredAreas" classname="PlayersWorlds.Maps.Maze.MazeGeneratorAreasTest" runstate="Runnable" seed="1727874276" result="Skipped" label="Ignored" start-time="2024-05-28T07:16:09.6081370Z" end-time="2024-05-28T07:16:09.6081930Z" duration="0.000056" asserts="0" />
                <test-case id="1-1250" name="ScatteredAreas(PlayersWorlds.Maps.Maze.AldousBroderMazeGenerator,Fill,FullWidth)" fullname="PlayersWorlds.Maps.Maze.MazeGeneratorAreasTest.ScatteredAreas(PlayersWorlds.Maps.Maze.AldousBroderMazeGenerator,Fill,FullWidth)" methodname="ScatteredAreas" classname="PlayersWorlds.Maps.Maze.MazeGeneratorAreasTest" runstate="Runnable" seed="120954199" result="Skipped" label="Ignored" start-time="2024-05-28T07:16:09.6081980Z" end-time="2024-05-28T07:16:09.6082500Z" duration="0.000052" asserts="0" />
                <test-case id="1-1251" name="ScatteredAreas(PlayersWorlds.Maps.Maze.AldousBroderMazeGenerator,Fill,FullHeight)" fullname="PlayersWorlds.Maps.Maze.MazeGeneratorAreasTest.ScatteredAreas(PlayersWorlds.Maps.Maze.AldousBroderMazeGenerator,Fill,FullHeight)" methodname="ScatteredAreas" classname="PlayersWorlds.Maps.Maze.MazeGeneratorAreasTest" runstate="Runnable" seed="1589273603" result="Skipped" label="Ignored" start-time="2024-05-28T07:16:09.6082550Z" end-time="2024-05-28T07:16:09.6083040Z" duration="0.000050" asserts="0" />
                <test-case id="1-1252" name="ScatteredAreas(PlayersWorlds.Maps.Maze.AldousBroderMazeGenerator,Fill,Full)" fullname="PlayersWorlds.Maps.Maze.MazeGeneratorAreasTest.ScatteredAreas(PlayersWorlds.Maps.Maze.AldousBroderMazeGenerator,Fill,Full)" methodname="ScatteredAreas" classname="PlayersWorlds.Maps.Maze.MazeGeneratorAreasTest" runstate="Runnable" seed="873107303" result="Skipped" label="Ignored" start-time="2024-05-28T07:16:09.6083100Z" end-time="2024-05-28T07:16:09.6083580Z" duration="0.000049" asserts="0" />
                <test-case id="1-1253" name="ScatteredAreas(PlayersWorlds.Maps.Maze.BinaryTreeMazeGenerator,Cave,Quarter)" fullname="PlayersWorlds.Maps.Maze.MazeGeneratorAreasTest.ScatteredAreas(PlayersWorlds.Maps.Maze.BinaryTreeMazeGenerator,Cave,Quarter)" methodname="ScatteredAreas" classname="PlayersWorlds.Maps.Maze.MazeGeneratorAreasTest" runstate="Runnable" seed="1704619873" result="Skipped" label="Ignored" start-time="2024-05-28T07:16:09.6083630Z" end-time="2024-05-28T07:16:09.6084140Z" duration="0.000051" asserts="0" />
                <test-case id="1-1254" name="ScatteredAreas(PlayersWorlds.Maps.Maze.BinaryTreeMazeGenerator,Cave,Half)" fullname="PlayersWorlds.Maps.Maze.MazeGeneratorAreasTest.ScatteredAreas(PlayersWorlds.Maps.Maze.BinaryTreeMazeGenerator,Cave,Half)" methodname="ScatteredAreas" classname="PlayersWorlds.Maps.Maze.MazeGeneratorAreasTest" runstate="Runnable" seed="939038420" result="Skipped" label="Ignored" start-time="2024-05-28T07:16:09.6084190Z" end-time="2024-05-28T07:16:09.6084720Z" duration="0.000053" asserts="0" />
                <test-case id="1-1255" name="ScatteredAreas(PlayersWorlds.Maps.Maze.BinaryTreeMazeGenerator,Cave,ThreeQuarters)" fullname="PlayersWorlds.Maps.Maze.MazeGeneratorAreasTest.ScatteredAreas(PlayersWorlds.Maps.Maze.BinaryTreeMazeGenerator,Cave,ThreeQuarters)" methodname="ScatteredAreas" classname="PlayersWorlds.Maps.Maze.MazeGeneratorAreasTest" runstate="Runnable" seed="164234800" result="Skipped" label="Ignored" start-time="2024-05-28T07:16:09.6084780Z" end-time="2024-05-28T07:16:09.6085300Z" duration="0.000052" asserts="0" />
                <test-case id="1-1256" name="ScatteredAreas(PlayersWorlds.Maps.Maze.BinaryTreeMazeGenerator,Cave,NinetyPercent)" fullname="PlayersWorlds.Maps.Maze.MazeGeneratorAreasTest.ScatteredAreas(PlayersWorlds.Maps.Maze.BinaryTreeMazeGenerator,Cave,NinetyPercent)" methodname="ScatteredAreas" classname="PlayersWorlds.Maps.Maze.MazeGeneratorAreasTest" runstate="Runnable" seed="247663885" result="Skipped" label="Ignored" start-time="2024-05-28T07:16:09.6085350Z" end-time="2024-05-28T07:16:09.6085860Z" duration="0.000051" asserts="0" />
                <test-case id="1-1257" name="ScatteredAreas(PlayersWorlds.Maps.Maze.BinaryTreeMazeGenerator,Cave,FullWidth)" fullname="PlayersWorlds.Maps.Maze.MazeGeneratorAreasTest.ScatteredAreas(PlayersWorlds.Maps.Maze.BinaryTreeMazeGenerator,Cave,FullWidth)" methodname="ScatteredAreas" classname="PlayersWorlds.Maps.Maze.MazeGeneratorAreasTest" runstate="Runnable" seed="519059961" result="Skipped" label="Ignored" start-time="2024-05-28T07:16:09.6085910Z" end-time="2024-05-28T07:16:09.6086410Z" duration="0.000050" asserts="0" />
                <test-case id="1-1258" name="ScatteredAreas(PlayersWorlds.Maps.Maze.BinaryTreeMazeGenerator,Cave,FullHeight)" fullname="PlayersWorlds.Maps.Maze.MazeGeneratorAreasTest.ScatteredAreas(PlayersWorlds.Maps.Maze.BinaryTreeMazeGenerator,Cave,FullHeight)" methodname="ScatteredAreas" classname="PlayersWorlds.Maps.Maze.MazeGeneratorAreasTest" runstate="Runnable" seed="301195962" result="Skipped" label="Ignored" start-time="2024-05-28T07:16:09.6086460Z" end-time="2024-05-28T07:16:09.6086930Z" duration="0.000047" asserts="0" />
                <test-case id="1-1259" name="ScatteredAreas(PlayersWorlds.Maps.Maze.BinaryTreeMazeGenerator,Cave,Full)" fullname="PlayersWorlds.Maps.Maze.MazeGeneratorAreasTest.ScatteredAreas(PlayersWorlds.Maps.Maze.BinaryTreeMazeGenerator,Cave,Full)" methodname="ScatteredAreas" classname="PlayersWorlds.Maps.Maze.MazeGeneratorAreasTest" runstate="Runnable" seed="1180504568" result="Passed" start-time="2024-05-28T07:16:09.6086980Z" end-time="2024-05-28T07:16:11.4301630Z" duration="1.821465" asserts="20" />
                <test-case id="1-1260" name="ScatteredAreas(PlayersWorlds.Maps.Maze.BinaryTreeMazeGenerator,Hall,Quarter)" fullname="PlayersWorlds.Maps.Maze.MazeGeneratorAreasTest.ScatteredAreas(PlayersWorlds.Maps.Maze.BinaryTreeMazeGenerator,Hall,Quarter)" methodname="ScatteredAreas" classname="PlayersWorlds.Maps.Maze.MazeGeneratorAreasTest" runstate="Runnable" seed="2012400476" result="Skipped" label="Ignored" start-time="2024-05-28T07:16:11.4301840Z" end-time="2024-05-28T07:16:11.4303380Z" duration="0.000154" asserts="0" />
                <test-case id="1-1261" name="ScatteredAreas(PlayersWorlds.Maps.Maze.BinaryTreeMazeGenerator,Hall,Half)" fullname="PlayersWorlds.Maps.Maze.MazeGeneratorAreasTest.ScatteredAreas(PlayersWorlds.Maps.Maze.BinaryTreeMazeGenerator,Hall,Half)" methodname="ScatteredAreas" classname="PlayersWorlds.Maps.Maze.MazeGeneratorAreasTest" runstate="Runnable" seed="1507627583" result="Skipped" label="Ignored" start-time="2024-05-28T07:16:11.4303450Z" end-time="2024-05-28T07:16:11.4304040Z" duration="0.000059" asserts="0" />
                <test-case id="1-1262" name="ScatteredAreas(PlayersWorlds.Maps.Maze.BinaryTreeMazeGenerator,Hall,ThreeQuarters)" fullname="PlayersWorlds.Maps.Maze.MazeGeneratorAreasTest.ScatteredAreas(PlayersWorlds.Maps.Maze.BinaryTreeMazeGenerator,Hall,ThreeQuarters)" methodname="ScatteredAreas" classname="PlayersWorlds.Maps.Maze.MazeGeneratorAreasTest" runstate="Runnable" seed="1658628509" result="Skipped" label="Ignored" start-time="2024-05-28T07:16:11.4304100Z" end-time="2024-05-28T07:16:11.4304630Z" duration="0.000053" asserts="0" />
                <test-case id="1-1263" name="ScatteredAreas(PlayersWorlds.Maps.Maze.BinaryTreeMazeGenerator,Hall,NinetyPercent)" fullname="PlayersWorlds.Maps.Maze.MazeGeneratorAreasTest.ScatteredAreas(PlayersWorlds.Maps.Maze.BinaryTreeMazeGenerator,Hall,NinetyPercent)" methodname="ScatteredAreas" classname="PlayersWorlds.Maps.Maze.MazeGeneratorAreasTest" runstate="Runnable" seed="814703357" result="Skipped" label="Ignored" start-time="2024-05-28T07:16:11.4304680Z" end-time="2024-05-28T07:16:11.4305190Z" duration="0.000051" asserts="0" />
                <test-case id="1-1264" name="ScatteredAreas(PlayersWorlds.Maps.Maze.BinaryTreeMazeGenerator,Hall,FullWidth)" fullname="PlayersWorlds.Maps.Maze.MazeGeneratorAreasTest.ScatteredAreas(PlayersWorlds.Maps.Maze.BinaryTreeMazeGenerator,Hall,FullWidth)" methodname="ScatteredAreas" classname="PlayersWorlds.Maps.Maze.MazeGeneratorAreasTest" runstate="Runnable" seed="1239212105" result="Skipped" label="Ignored" start-time="2024-05-28T07:16:11.4305240Z" end-time="2024-05-28T07:16:11.4305740Z" duration="0.000050" asserts="0" />
                <test-case id="1-1265" name="ScatteredAreas(PlayersWorlds.Maps.Maze.BinaryTreeMazeGenerator,Hall,FullHeight)" fullname="PlayersWorlds.Maps.Maze.MazeGeneratorAreasTest.ScatteredAreas(PlayersWorlds.Maps.Maze.BinaryTreeMazeGenerator,Hall,FullHeight)" methodname="ScatteredAreas" classname="PlayersWorlds.Maps.Maze.MazeGeneratorAreasTest" runstate="Runnable" seed="271098272" result="Skipped" label="Ignored" start-time="2024-05-28T07:16:11.4305800Z" end-time="2024-05-28T07:16:11.4306290Z" duration="0.000049" asserts="0" />
                <test-case id="1-1266" name="ScatteredAreas(PlayersWorlds.Maps.Maze.BinaryTreeMazeGenerator,Hall,Full)" fullname="PlayersWorlds.Maps.Maze.MazeGeneratorAreasTest.ScatteredAreas(PlayersWorlds.Maps.Maze.BinaryTreeMazeGenerator,Hall,Full)" methodname="ScatteredAreas" classname="PlayersWorlds.Maps.Maze.MazeGeneratorAreasTest" runstate="Runnable" seed="1216753764" result="Passed" start-time="2024-05-28T07:16:11.4306350Z" end-time="2024-05-28T07:16:13.1745870Z" duration="1.743953" asserts="20" />
                <test-case id="1-1267" name="ScatteredAreas(PlayersWorlds.Maps.Maze.BinaryTreeMazeGenerator,Fill,Quarter)" fullname="PlayersWorlds.Maps.Maze.MazeGeneratorAreasTest.ScatteredAreas(PlayersWorlds.Maps.Maze.BinaryTreeMazeGenerator,Fill,Quarter)" methodname="ScatteredAreas" classname="PlayersWorlds.Maps.Maze.MazeGeneratorAreasTest" runstate="Runnable" seed="1798065703" result="Skipped" label="Ignored" start-time="2024-05-28T07:16:13.1746050Z" end-time="2024-05-28T07:16:13.1747450Z" duration="0.000140" asserts="0" />
                <test-case id="1-1268" name="ScatteredAreas(PlayersWorlds.Maps.Maze.BinaryTreeMazeGenerator,Fill,Half)" fullname="PlayersWorlds.Maps.Maze.MazeGeneratorAreasTest.ScatteredAreas(PlayersWorlds.Maps.Maze.BinaryTreeMazeGenerator,Fill,Half)" methodname="ScatteredAreas" classname="PlayersWorlds.Maps.Maze.MazeGeneratorAreasTest" runstate="Runnable" seed="2070310847" result="Skipped" label="Ignored" start-time="2024-05-28T07:16:13.1747510Z" end-time="2024-05-28T07:16:13.1748100Z" duration="0.000059" asserts="0" />
                <test-case id="1-1269" name="ScatteredAreas(PlayersWorlds.Maps.Maze.BinaryTreeMazeGenerator,Fill,ThreeQuarters)" fullname="PlayersWorlds.Maps.Maze.MazeGeneratorAreasTest.ScatteredAreas(PlayersWorlds.Maps.Maze.BinaryTreeMazeGenerator,Fill,ThreeQuarters)" methodname="ScatteredAreas" classname="PlayersWorlds.Maps.Maze.MazeGeneratorAreasTest" runstate="Runnable" seed="833162557" result="Skipped" label="Ignored" start-time="2024-05-28T07:16:13.1748160Z" end-time="2024-05-28T07:16:13.1748700Z" duration="0.000054" asserts="0" />
                <test-case id="1-1270" name="ScatteredAreas(PlayersWorlds.Maps.Maze.BinaryTreeMazeGenerator,Fill,NinetyPercent)" fullname="PlayersWorlds.Maps.Maze.MazeGeneratorAreasTest.ScatteredAreas(PlayersWorlds.Maps.Maze.BinaryTreeMazeGenerator,Fill,NinetyPercent)" methodname="ScatteredAreas" classname="PlayersWorlds.Maps.Maze.MazeGeneratorAreasTest" runstate="Runnable" seed="1041509377" result="Skipped" label="Ignored" start-time="2024-05-28T07:16:13.1748750Z" end-time="2024-05-28T07:16:13.1749260Z" duration="0.000051" asserts="0" />
                <test-case id="1-1271" name="ScatteredAreas(PlayersWorlds.Maps.Maze.BinaryTreeMazeGenerator,Fill,FullWidth)" fullname="PlayersWorlds.Maps.Maze.MazeGeneratorAreasTest.ScatteredAreas(PlayersWorlds.Maps.Maze.BinaryTreeMazeGenerator,Fill,FullWidth)" methodname="ScatteredAreas" classname="PlayersWorlds.Maps.Maze.MazeGeneratorAreasTest" runstate="Runnable" seed="1969748562" result="Skipped" label="Ignored" start-time="2024-05-28T07:16:13.1749310Z" end-time="2024-05-28T07:16:13.1749810Z" duration="0.000050" asserts="0" />
                <test-case id="1-1272" name="ScatteredAreas(PlayersWorlds.Maps.Maze.BinaryTreeMazeGenerator,Fill,FullHeight)" fullname="PlayersWorlds.Maps.Maze.MazeGeneratorAreasTest.ScatteredAreas(PlayersWorlds.Maps.Maze.BinaryTreeMazeGenerator,Fill,FullHeight)" methodname="ScatteredAreas" classname="PlayersWorlds.Maps.Maze.MazeGeneratorAreasTest" runstate="Runnable" seed="116654884" result="Skipped" label="Ignored" start-time="2024-05-28T07:16:13.1749860Z" end-time="2024-05-28T07:16:13.1750360Z" duration="0.000050" asserts="0" />
                <test-case id="1-1273" name="ScatteredAreas(PlayersWorlds.Maps.Maze.BinaryTreeMazeGenerator,Fill,Full)" fullname="PlayersWorlds.Maps.Maze.MazeGeneratorAreasTest.ScatteredAreas(PlayersWorlds.Maps.Maze.BinaryTreeMazeGenerator,Fill,Full)" methodname="ScatteredAreas" classname="PlayersWorlds.Maps.Maze.MazeGeneratorAreasTest" runstate="Runnable" seed="1064107375" result="Skipped" label="Ignored" start-time="2024-05-28T07:16:13.1750410Z" end-time="2024-05-28T07:16:13.1750910Z" duration="0.000050" asserts="0" />
                <test-case id="1-1274" name="ScatteredAreas(PlayersWorlds.Maps.Maze.HuntAndKillMazeGenerator,Cave,Quarter)" fullname="PlayersWorlds.Maps.Maze.MazeGeneratorAreasTest.ScatteredAreas(PlayersWorlds.Maps.Maze.HuntAndKillMazeGenerator,Cave,Quarter)" methodname="ScatteredAreas" classname="PlayersWorlds.Maps.Maze.MazeGeneratorAreasTest" runstate="Runnable" seed="152073530" result="Skipped" label="Ignored" start-time="2024-05-28T07:16:13.1750960Z" end-time="2024-05-28T07:16:13.1751450Z" duration="0.000050" asserts="0" />
                <test-case id="1-1275" name="ScatteredAreas(PlayersWorlds.Maps.Maze.HuntAndKillMazeGenerator,Cave,Half)" fullname="PlayersWorlds.Maps.Maze.MazeGeneratorAreasTest.ScatteredAreas(PlayersWorlds.Maps.Maze.HuntAndKillMazeGenerator,Cave,Half)" methodname="ScatteredAreas" classname="PlayersWorlds.Maps.Maze.MazeGeneratorAreasTest" runstate="Runnable" seed="881416025" result="Skipped" label="Ignored" start-time="2024-05-28T07:16:13.1751500Z" end-time="2024-05-28T07:16:13.1752000Z" duration="0.000049" asserts="0" />
                <test-case id="1-1276" name="ScatteredAreas(PlayersWorlds.Maps.Maze.HuntAndKillMazeGenerator,Cave,ThreeQuarters)" fullname="PlayersWorlds.Maps.Maze.MazeGeneratorAreasTest.ScatteredAreas(PlayersWorlds.Maps.Maze.HuntAndKillMazeGenerator,Cave,ThreeQuarters)" methodname="ScatteredAreas" classname="PlayersWorlds.Maps.Maze.MazeGeneratorAreasTest" runstate="Runnable" seed="260108176" result="Skipped" label="Ignored" start-time="2024-05-28T07:16:13.1752050Z" end-time="2024-05-28T07:16:13.1752540Z" duration="0.000049" asserts="0" />
                <test-case id="1-1277" name="ScatteredAreas(PlayersWorlds.Maps.Maze.HuntAndKillMazeGenerator,Cave,NinetyPercent)" fullname="PlayersWorlds.Maps.Maze.MazeGeneratorAreasTest.ScatteredAreas(PlayersWorlds.Maps.Maze.HuntAndKillMazeGenerator,Cave,NinetyPercent)" methodname="ScatteredAreas" classname="PlayersWorlds.Maps.Maze.MazeGeneratorAreasTest" runstate="Runnable" seed="299920956" result="Skipped" label="Ignored" start-time="2024-05-28T07:16:13.1752590Z" end-time="2024-05-28T07:16:13.1753080Z" duration="0.000049" asserts="0" />
                <test-case id="1-1278" name="ScatteredAreas(PlayersWorlds.Maps.Maze.HuntAndKillMazeGenerator,Cave,FullWidth)" fullname="PlayersWorlds.Maps.Maze.MazeGeneratorAreasTest.ScatteredAreas(PlayersWorlds.Maps.Maze.HuntAndKillMazeGenerator,Cave,FullWidth)" methodname="ScatteredAreas" classname="PlayersWorlds.Maps.Maze.MazeGeneratorAreasTest" runstate="Runnable" seed="780400285" result="Skipped" label="Ignored" start-time="2024-05-28T07:16:13.1753130Z" end-time="2024-05-28T07:16:13.1753610Z" duration="0.000048" asserts="0" />
                <test-case id="1-1279" name="ScatteredAreas(PlayersWorlds.Maps.Maze.HuntAndKillMazeGenerator,Cave,FullHeight)" fullname="PlayersWorlds.Maps.Maze.MazeGeneratorAreasTest.ScatteredAreas(PlayersWorlds.Maps.Maze.HuntAndKillMazeGenerator,Cave,FullHeight)" methodname="ScatteredAreas" classname="PlayersWorlds.Maps.Maze.MazeGeneratorAreasTest" runstate="Runnable" seed="1283198196" result="Skipped" label="Ignored" start-time="2024-05-28T07:16:13.1753660Z" end-time="2024-05-28T07:16:13.1754150Z" duration="0.000049" asserts="0" />
                <test-case id="1-1280" name="ScatteredAreas(PlayersWorlds.Maps.Maze.HuntAndKillMazeGenerator,Cave,Full)" fullname="PlayersWorlds.Maps.Maze.MazeGeneratorAreasTest.ScatteredAreas(PlayersWorlds.Maps.Maze.HuntAndKillMazeGenerator,Cave,Full)" methodname="ScatteredAreas" classname="PlayersWorlds.Maps.Maze.MazeGeneratorAreasTest" runstate="Runnable" seed="1932277480" result="Passed" start-time="2024-05-28T07:16:13.1754200Z" end-time="2024-05-28T07:16:14.9868790Z" duration="1.811459" asserts="20" />
                <test-case id="1-1281" name="ScatteredAreas(PlayersWorlds.Maps.Maze.HuntAndKillMazeGenerator,Hall,Quarter)" fullname="PlayersWorlds.Maps.Maze.MazeGeneratorAreasTest.ScatteredAreas(PlayersWorlds.Maps.Maze.HuntAndKillMazeGenerator,Hall,Quarter)" methodname="ScatteredAreas" classname="PlayersWorlds.Maps.Maze.MazeGeneratorAreasTest" runstate="Runnable" seed="1566780818" result="Skipped" label="Ignored" start-time="2024-05-28T07:16:14.9868970Z" end-time="2024-05-28T07:16:14.9870350Z" duration="0.000138" asserts="0" />
                <test-case id="1-1282" name="ScatteredAreas(PlayersWorlds.Maps.Maze.HuntAndKillMazeGenerator,Hall,Half)" fullname="PlayersWorlds.Maps.Maze.MazeGeneratorAreasTest.ScatteredAreas(PlayersWorlds.Maps.Maze.HuntAndKillMazeGenerator,Hall,Half)" methodname="ScatteredAreas" classname="PlayersWorlds.Maps.Maze.MazeGeneratorAreasTest" runstate="Runnable" seed="1543365062" result="Skipped" label="Ignored" start-time="2024-05-28T07:16:14.9870410Z" end-time="2024-05-28T07:16:14.9871000Z" duration="0.000059" asserts="0" />
                <test-case id="1-1283" name="ScatteredAreas(PlayersWorlds.Maps.Maze.HuntAndKillMazeGenerator,Hall,ThreeQuarters)" fullname="PlayersWorlds.Maps.Maze.MazeGeneratorAreasTest.ScatteredAreas(PlayersWorlds.Maps.Maze.HuntAndKillMazeGenerator,Hall,ThreeQuarters)" methodname="ScatteredAreas" classname="PlayersWorlds.Maps.Maze.MazeGeneratorAreasTest" runstate="Runnable" seed="1432633624" result="Skipped" label="Ignored" start-time="2024-05-28T07:16:14.9871060Z" end-time="2024-05-28T07:16:14.9871590Z" duration="0.000053" asserts="0" />
                <test-case id="1-1284" name="ScatteredAreas(PlayersWorlds.Maps.Maze.HuntAndKillMazeGenerator,Hall,NinetyPercent)" fullname="PlayersWorlds.Maps.Maze.MazeGeneratorAreasTest.ScatteredAreas(PlayersWorlds.Maps.Maze.HuntAndKillMazeGenerator,Hall,NinetyPercent)" methodname="ScatteredAreas" classname="PlayersWorlds.Maps.Maze.MazeGeneratorAreasTest" runstate="Runnable" seed="321166851" result="Skipped" label="Ignored" start-time="2024-05-28T07:16:14.9871640Z" end-time="2024-05-28T07:16:14.9872160Z" duration="0.000051" asserts="0" />
                <test-case id="1-1285" name="ScatteredAreas(PlayersWorlds.Maps.Maze.HuntAndKillMazeGenerator,Hall,FullWidth)" fullname="PlayersWorlds.Maps.Maze.MazeGeneratorAreasTest.ScatteredAreas(PlayersWorlds.Maps.Maze.HuntAndKillMazeGenerator,Hall,FullWidth)" methodname="ScatteredAreas" classname="PlayersWorlds.Maps.Maze.MazeGeneratorAreasTest" runstate="Runnable" seed="1266510466" result="Skipped" label="Ignored" start-time="2024-05-28T07:16:14.9872210Z" end-time="2024-05-28T07:16:14.9872710Z" duration="0.000050" asserts="0" />
                <test-case id="1-1286" name="ScatteredAreas(PlayersWorlds.Maps.Maze.HuntAndKillMazeGenerator,Hall,FullHeight)" fullname="PlayersWorlds.Maps.Maze.MazeGeneratorAreasTest.ScatteredAreas(PlayersWorlds.Maps.Maze.HuntAndKillMazeGenerator,Hall,FullHeight)" methodname="ScatteredAreas" classname="PlayersWorlds.Maps.Maze.MazeGeneratorAreasTest" runstate="Runnable" seed="998012309" result="Skipped" label="Ignored" start-time="2024-05-28T07:16:14.9872760Z" end-time="2024-05-28T07:16:14.9873260Z" duration="0.000050" asserts="0" />
                <test-case id="1-1287" name="ScatteredAreas(PlayersWorlds.Maps.Maze.HuntAndKillMazeGenerator,Hall,Full)" fullname="PlayersWorlds.Maps.Maze.MazeGeneratorAreasTest.ScatteredAreas(PlayersWorlds.Maps.Maze.HuntAndKillMazeGenerator,Hall,Full)" methodname="ScatteredAreas" classname="PlayersWorlds.Maps.Maze.MazeGeneratorAreasTest" runstate="Runnable" seed="1177369791" result="Passed" start-time="2024-05-28T07:16:14.9873310Z" end-time="2024-05-28T07:16:16.7202100Z" duration="1.732879" asserts="20" />
                <test-case id="1-1288" name="ScatteredAreas(PlayersWorlds.Maps.Maze.HuntAndKillMazeGenerator,Fill,Quarter)" fullname="PlayersWorlds.Maps.Maze.MazeGeneratorAreasTest.ScatteredAreas(PlayersWorlds.Maps.Maze.HuntAndKillMazeGenerator,Fill,Quarter)" methodname="ScatteredAreas" classname="PlayersWorlds.Maps.Maze.MazeGeneratorAreasTest" runstate="Runnable" seed="327884231" result="Skipped" label="Ignored" start-time="2024-05-28T07:16:16.7202260Z" end-time="2024-05-28T07:16:16.7203630Z" duration="0.000137" asserts="0" />
                <test-case id="1-1289" name="ScatteredAreas(PlayersWorlds.Maps.Maze.HuntAndKillMazeGenerator,Fill,Half)" fullname="PlayersWorlds.Maps.Maze.MazeGeneratorAreasTest.ScatteredAreas(PlayersWorlds.Maps.Maze.HuntAndKillMazeGenerator,Fill,Half)" methodname="ScatteredAreas" classname="PlayersWorlds.Maps.Maze.MazeGeneratorAreasTest" runstate="Runnable" seed="1389632081" result="Skipped" label="Ignored" start-time="2024-05-28T07:16:16.7203700Z" end-time="2024-05-28T07:16:16.7204290Z" duration="0.000060" asserts="0" />
                <test-case id="1-1290" name="ScatteredAreas(PlayersWorlds.Maps.Maze.HuntAndKillMazeGenerator,Fill,ThreeQuarters)" fullname="PlayersWorlds.Maps.Maze.MazeGeneratorAreasTest.ScatteredAreas(PlayersWorlds.Maps.Maze.HuntAndKillMazeGenerator,Fill,ThreeQuarters)" methodname="ScatteredAreas" classname="PlayersWorlds.Maps.Maze.MazeGeneratorAreasTest" runstate="Runnable" seed="1144729676" result="Skipped" label="Ignored" start-time="2024-05-28T07:16:16.7204350Z" end-time="2024-05-28T07:16:16.7204880Z" duration="0.000053" asserts="0" />
                <test-case id="1-1291" name="ScatteredAreas(PlayersWorlds.Maps.Maze.HuntAndKillMazeGenerator,Fill,NinetyPercent)" fullname="PlayersWorlds.Maps.Maze.MazeGeneratorAreasTest.ScatteredAreas(PlayersWorlds.Maps.Maze.HuntAndKillMazeGenerator,Fill,NinetyPercent)" methodname="ScatteredAreas" classname="PlayersWorlds.Maps.Maze.MazeGeneratorAreasTest" runstate="Runnable" seed="304845857" result="Skipped" label="Ignored" start-time="2024-05-28T07:16:16.7204930Z" end-time="2024-05-28T07:16:16.7205430Z" duration="0.000050" asserts="0" />
                <test-case id="1-1292" name="ScatteredAreas(PlayersWorlds.Maps.Maze.HuntAndKillMazeGenerator,Fill,FullWidth)" fullname="PlayersWorlds.Maps.Maze.MazeGeneratorAreasTest.ScatteredAreas(PlayersWorlds.Maps.Maze.HuntAndKillMazeGenerator,Fill,FullWidth)" methodname="ScatteredAreas" classname="PlayersWorlds.Maps.Maze.MazeGeneratorAreasTest" runstate="Runnable" seed="1335416792" result="Skipped" label="Ignored" start-time="2024-05-28T07:16:16.7205480Z" end-time="2024-05-28T07:16:16.7205970Z" duration="0.000049" asserts="0" />
                <test-case id="1-1293" name="ScatteredAreas(PlayersWorlds.Maps.Maze.HuntAndKillMazeGenerator,Fill,FullHeight)" fullname="PlayersWorlds.Maps.Maze.MazeGeneratorAreasTest.ScatteredAreas(PlayersWorlds.Maps.Maze.HuntAndKillMazeGenerator,Fill,FullHeight)" methodname="ScatteredAreas" classname="PlayersWorlds.Maps.Maze.MazeGeneratorAreasTest" runstate="Runnable" seed="1457302813" result="Skipped" label="Ignored" start-time="2024-05-28T07:16:16.7206020Z" end-time="2024-05-28T07:16:16.7206510Z" duration="0.000049" asserts="0" />
                <test-case id="1-1294" name="ScatteredAreas(PlayersWorlds.Maps.Maze.HuntAndKillMazeGenerator,Fill,Full)" fullname="PlayersWorlds.Maps.Maze.MazeGeneratorAreasTest.ScatteredAreas(PlayersWorlds.Maps.Maze.HuntAndKillMazeGenerator,Fill,Full)" methodname="ScatteredAreas" classname="PlayersWorlds.Maps.Maze.MazeGeneratorAreasTest" runstate="Runnable" seed="948178174" result="Skipped" label="Ignored" start-time="2024-05-28T07:16:16.7206560Z" end-time="2024-05-28T07:16:16.7207040Z" duration="0.000048" asserts="0" />
                <test-case id="1-1295" name="ScatteredAreas(PlayersWorlds.Maps.Maze.RecursiveBacktrackerMazeGenerator,Cave,Quarter)" fullname="PlayersWorlds.Maps.Maze.MazeGeneratorAreasTest.ScatteredAreas(PlayersWorlds.Maps.Maze.RecursiveBacktrackerMazeGenerator,Cave,Quarter)" methodname="ScatteredAreas" classname="PlayersWorlds.Maps.Maze.MazeGeneratorAreasTest" runstate="Runnable" seed="4380822" result="Skipped" label="Ignored" start-time="2024-05-28T07:16:16.7207090Z" end-time="2024-05-28T07:16:16.7207580Z" duration="0.000049" asserts="0" />
                <test-case id="1-1296" name="ScatteredAreas(PlayersWorlds.Maps.Maze.RecursiveBacktrackerMazeGenerator,Cave,Half)" fullname="PlayersWorlds.Maps.Maze.MazeGeneratorAreasTest.ScatteredAreas(PlayersWorlds.Maps.Maze.RecursiveBacktrackerMazeGenerator,Cave,Half)" methodname="ScatteredAreas" classname="PlayersWorlds.Maps.Maze.MazeGeneratorAreasTest" runstate="Runnable" seed="792036354" result="Skipped" label="Ignored" start-time="2024-05-28T07:16:16.7207630Z" end-time="2024-05-28T07:16:16.7208110Z" duration="0.000049" asserts="0" />
                <test-case id="1-1297" name="ScatteredAreas(PlayersWorlds.Maps.Maze.RecursiveBacktrackerMazeGenerator,Cave,ThreeQuarters)" fullname="PlayersWorlds.Maps.Maze.MazeGeneratorAreasTest.ScatteredAreas(PlayersWorlds.Maps.Maze.RecursiveBacktrackerMazeGenerator,Cave,ThreeQuarters)" methodname="ScatteredAreas" classname="PlayersWorlds.Maps.Maze.MazeGeneratorAreasTest" runstate="Runnable" seed="1202153614" result="Skipped" label="Ignored" start-time="2024-05-28T07:16:16.7208160Z" end-time="2024-05-28T07:16:16.7208650Z" duration="0.000049" asserts="0" />
                <test-case id="1-1298" name="ScatteredAreas(PlayersWorlds.Maps.Maze.RecursiveBacktrackerMazeGenerator,Cave,NinetyPercent)" fullname="PlayersWorlds.Maps.Maze.MazeGeneratorAreasTest.ScatteredAreas(PlayersWorlds.Maps.Maze.RecursiveBacktrackerMazeGenerator,Cave,NinetyPercent)" methodname="ScatteredAreas" classname="PlayersWorlds.Maps.Maze.MazeGeneratorAreasTest" runstate="Runnable" seed="1639152913" result="Skipped" label="Ignored" start-time="2024-05-28T07:16:16.7208700Z" end-time="2024-05-28T07:16:16.7209180Z" duration="0.000048" asserts="0" />
                <test-case id="1-1299" name="ScatteredAreas(PlayersWorlds.Maps.Maze.RecursiveBacktrackerMazeGenerator,Cave,FullWidth)" fullname="PlayersWorlds.Maps.Maze.MazeGeneratorAreasTest.ScatteredAreas(PlayersWorlds.Maps.Maze.RecursiveBacktrackerMazeGenerator,Cave,FullWidth)" methodname="ScatteredAreas" classname="PlayersWorlds.Maps.Maze.MazeGeneratorAreasTest" runstate="Runnable" seed="38852876" result="Skipped" label="Ignored" start-time="2024-05-28T07:16:16.7209230Z" end-time="2024-05-28T07:16:16.7209860Z" duration="0.000063" asserts="0" />
                <test-case id="1-1300" name="ScatteredAreas(PlayersWorlds.Maps.Maze.RecursiveBacktrackerMazeGenerator,Cave,FullHeight)" fullname="PlayersWorlds.Maps.Maze.MazeGeneratorAreasTest.ScatteredAreas(PlayersWorlds.Maps.Maze.RecursiveBacktrackerMazeGenerator,Cave,FullHeight)" methodname="ScatteredAreas" classname="PlayersWorlds.Maps.Maze.MazeGeneratorAreasTest" runstate="Runnable" seed="124715729" result="Skipped" label="Ignored" start-time="2024-05-28T07:16:16.7209920Z" end-time="2024-05-28T07:16:16.7210450Z" duration="0.000053" asserts="0" />
                <test-case id="1-1301" name="ScatteredAreas(PlayersWorlds.Maps.Maze.RecursiveBacktrackerMazeGenerator,Cave,Full)" fullname="PlayersWorlds.Maps.Maze.MazeGeneratorAreasTest.ScatteredAreas(PlayersWorlds.Maps.Maze.RecursiveBacktrackerMazeGenerator,Cave,Full)" methodname="ScatteredAreas" classname="PlayersWorlds.Maps.Maze.MazeGeneratorAreasTest" runstate="Runnable" seed="1565562516" result="Passed" start-time="2024-05-28T07:16:16.7210500Z" end-time="2024-05-28T07:16:18.5495000Z" duration="1.828450" asserts="20" />
                <test-case id="1-1302" name="ScatteredAreas(PlayersWorlds.Maps.Maze.RecursiveBacktrackerMazeGenerator,Hall,Quarter)" fullname="PlayersWorlds.Maps.Maze.MazeGeneratorAreasTest.ScatteredAreas(PlayersWorlds.Maps.Maze.RecursiveBacktrackerMazeGenerator,Hall,Quarter)" methodname="ScatteredAreas" classname="PlayersWorlds.Maps.Maze.MazeGeneratorAreasTest" runstate="Runnable" seed="340375" result="Skipped" label="Ignored" start-time="2024-05-28T07:16:18.5495170Z" end-time="2024-05-28T07:16:18.5496530Z" duration="0.000137" asserts="0" />
                <test-case id="1-1303" name="ScatteredAreas(PlayersWorlds.Maps.Maze.RecursiveBacktrackerMazeGenerator,Hall,Half)" fullname="PlayersWorlds.Maps.Maze.MazeGeneratorAreasTest.ScatteredAreas(PlayersWorlds.Maps.Maze.RecursiveBacktrackerMazeGenerator,Hall,Half)" methodname="ScatteredAreas" classname="PlayersWorlds.Maps.Maze.MazeGeneratorAreasTest" runstate="Runnable" seed="1682121137" result="Skipped" label="Ignored" start-time="2024-05-28T07:16:18.5496600Z" end-time="2024-05-28T07:16:18.5497190Z" duration="0.000059" asserts="0" />
                <test-case id="1-1304" name="ScatteredAreas(PlayersWorlds.Maps.Maze.RecursiveBacktrackerMazeGenerator,Hall,ThreeQuarters)" fullname="PlayersWorlds.Maps.Maze.MazeGeneratorAreasTest.ScatteredAreas(PlayersWorlds.Maps.Maze.RecursiveBacktrackerMazeGenerator,Hall,ThreeQuarters)" methodname="ScatteredAreas" classname="PlayersWorlds.Maps.Maze.MazeGeneratorAreasTest" runstate="Runnable" seed="686364899" result="Skipped" label="Ignored" start-time="2024-05-28T07:16:18.5497240Z" end-time="2024-05-28T07:16:18.5497770Z" duration="0.000053" asserts="0" />
                <test-case id="1-1305" name="ScatteredAreas(PlayersWorlds.Maps.Maze.RecursiveBacktrackerMazeGenerator,Hall,NinetyPercent)" fullname="PlayersWorlds.Maps.Maze.MazeGeneratorAreasTest.ScatteredAreas(PlayersWorlds.Maps.Maze.RecursiveBacktrackerMazeGenerator,Hall,NinetyPercent)" methodname="ScatteredAreas" classname="PlayersWorlds.Maps.Maze.MazeGeneratorAreasTest" runstate="Runnable" seed="298689284" result="Skipped" label="Ignored" start-time="2024-05-28T07:16:18.5497830Z" end-time="2024-05-28T07:16:18.5498330Z" duration="0.000051" asserts="0" />
                <test-case id="1-1306" name="ScatteredAreas(PlayersWorlds.Maps.Maze.RecursiveBacktrackerMazeGenerator,Hall,FullWidth)" fullname="PlayersWorlds.Maps.Maze.MazeGeneratorAreasTest.ScatteredAreas(PlayersWorlds.Maps.Maze.RecursiveBacktrackerMazeGenerator,Hall,FullWidth)" methodname="ScatteredAreas" classname="PlayersWorlds.Maps.Maze.MazeGeneratorAreasTest" runstate="Runnable" seed="1472618719" result="Skipped" label="Ignored" start-time="2024-05-28T07:16:18.5498380Z" end-time="2024-05-28T07:16:18.5498880Z" duration="0.000050" asserts="0" />
                <test-case id="1-1307" name="ScatteredAreas(PlayersWorlds.Maps.Maze.RecursiveBacktrackerMazeGenerator,Hall,FullHeight)" fullname="PlayersWorlds.Maps.Maze.MazeGeneratorAreasTest.ScatteredAreas(PlayersWorlds.Maps.Maze.RecursiveBacktrackerMazeGenerator,Hall,FullHeight)" methodname="ScatteredAreas" classname="PlayersWorlds.Maps.Maze.MazeGeneratorAreasTest" runstate="Runnable" seed="1956483575" result="Skipped" label="Ignored" start-time="2024-05-28T07:16:18.5498930Z" end-time="2024-05-28T07:16:18.5499430Z" duration="0.000049" asserts="0" />
                <test-case id="1-1308" name="ScatteredAreas(PlayersWorlds.Maps.Maze.RecursiveBacktrackerMazeGenerator,Hall,Full)" fullname="PlayersWorlds.Maps.Maze.MazeGeneratorAreasTest.ScatteredAreas(PlayersWorlds.Maps.Maze.RecursiveBacktrackerMazeGenerator,Hall,Full)" methodname="ScatteredAreas" classname="PlayersWorlds.Maps.Maze.MazeGeneratorAreasTest" runstate="Runnable" seed="1552546343" result="Passed" start-time="2024-05-28T07:16:18.5499470Z" end-time="2024-05-28T07:16:20.2851350Z" duration="1.735188" asserts="20" />
                <test-case id="1-1309" name="ScatteredAreas(PlayersWorlds.Maps.Maze.RecursiveBacktrackerMazeGenerator,Fill,Quarter)" fullname="PlayersWorlds.Maps.Maze.MazeGeneratorAreasTest.ScatteredAreas(PlayersWorlds.Maps.Maze.RecursiveBacktrackerMazeGenerator,Fill,Quarter)" methodname="ScatteredAreas" classname="PlayersWorlds.Maps.Maze.MazeGeneratorAreasTest" runstate="Runnable" seed="57622395" result="Skipped" label="Ignored" start-time="2024-05-28T07:16:20.2851520Z" end-time="2024-05-28T07:16:20.2852880Z" duration="0.000136" asserts="0" />
                <test-case id="1-1310" name="ScatteredAreas(PlayersWorlds.Maps.Maze.RecursiveBacktrackerMazeGenerator,Fill,Half)" fullname="PlayersWorlds.Maps.Maze.MazeGeneratorAreasTest.ScatteredAreas(PlayersWorlds.Maps.Maze.RecursiveBacktrackerMazeGenerator,Fill,Half)" methodname="ScatteredAreas" classname="PlayersWorlds.Maps.Maze.MazeGeneratorAreasTest" runstate="Runnable" seed="2051610271" result="Skipped" label="Ignored" start-time="2024-05-28T07:16:20.2852940Z" end-time="2024-05-28T07:16:20.2853540Z" duration="0.000059" asserts="0" />
                <test-case id="1-1311" name="ScatteredAreas(PlayersWorlds.Maps.Maze.RecursiveBacktrackerMazeGenerator,Fill,ThreeQuarters)" fullname="PlayersWorlds.Maps.Maze.MazeGeneratorAreasTest.ScatteredAreas(PlayersWorlds.Maps.Maze.RecursiveBacktrackerMazeGenerator,Fill,ThreeQuarters)" methodname="ScatteredAreas" classname="PlayersWorlds.Maps.Maze.MazeGeneratorAreasTest" runstate="Runnable" seed="2095226576" result="Skipped" label="Ignored" start-time="2024-05-28T07:16:20.2853590Z" end-time="2024-05-28T07:16:20.2854130Z" duration="0.000054" asserts="0" />
                <test-case id="1-1312" name="ScatteredAreas(PlayersWorlds.Maps.Maze.RecursiveBacktrackerMazeGenerator,Fill,NinetyPercent)" fullname="PlayersWorlds.Maps.Maze.MazeGeneratorAreasTest.ScatteredAreas(PlayersWorlds.Maps.Maze.RecursiveBacktrackerMazeGenerator,Fill,NinetyPercent)" methodname="ScatteredAreas" classname="PlayersWorlds.Maps.Maze.MazeGeneratorAreasTest" runstate="Runnable" seed="1886143323" result="Skipped" label="Ignored" start-time="2024-05-28T07:16:20.2854180Z" end-time="2024-05-28T07:16:20.2854690Z" duration="0.000051" asserts="0" />
                <test-case id="1-1313" name="ScatteredAreas(PlayersWorlds.Maps.Maze.RecursiveBacktrackerMazeGenerator,Fill,FullWidth)" fullname="PlayersWorlds.Maps.Maze.MazeGeneratorAreasTest.ScatteredAreas(PlayersWorlds.Maps.Maze.RecursiveBacktrackerMazeGenerator,Fill,FullWidth)" methodname="ScatteredAreas" classname="PlayersWorlds.Maps.Maze.MazeGeneratorAreasTest" runstate="Runnable" seed="1165481413" result="Skipped" label="Ignored" start-time="2024-05-28T07:16:20.2854740Z" end-time="2024-05-28T07:16:20.2855230Z" duration="0.000049" asserts="0" />
                <test-case id="1-1314" name="ScatteredAreas(PlayersWorlds.Maps.Maze.RecursiveBacktrackerMazeGenerator,Fill,FullHeight)" fullname="PlayersWorlds.Maps.Maze.MazeGeneratorAreasTest.ScatteredAreas(PlayersWorlds.Maps.Maze.RecursiveBacktrackerMazeGenerator,Fill,FullHeight)" methodname="ScatteredAreas" classname="PlayersWorlds.Maps.Maze.MazeGeneratorAreasTest" runstate="Runnable" seed="1395710735" result="Skipped" label="Ignored" start-time="2024-05-28T07:16:20.2855280Z" end-time="2024-05-28T07:16:20.2855780Z" duration="0.000049" asserts="0" />
                <test-case id="1-1315" name="ScatteredAreas(PlayersWorlds.Maps.Maze.RecursiveBacktrackerMazeGenerator,Fill,Full)" fullname="PlayersWorlds.Maps.Maze.MazeGeneratorAreasTest.ScatteredAreas(PlayersWorlds.Maps.Maze.RecursiveBacktrackerMazeGenerator,Fill,Full)" methodname="ScatteredAreas" classname="PlayersWorlds.Maps.Maze.MazeGeneratorAreasTest" runstate="Runnable" seed="445619658" result="Skipped" label="Ignored" start-time="2024-05-28T07:16:20.2855830Z" end-time="2024-05-28T07:16:20.2856330Z" duration="0.000050" asserts="0" />
                <test-case id="1-1316" name="ScatteredAreas(PlayersWorlds.Maps.Maze.SidewinderMazeGenerator,Cave,Quarter)" fullname="PlayersWorlds.Maps.Maze.MazeGeneratorAreasTest.ScatteredAreas(PlayersWorlds.Maps.Maze.SidewinderMazeGenerator,Cave,Quarter)" methodname="ScatteredAreas" classname="PlayersWorlds.Maps.Maze.MazeGeneratorAreasTest" runstate="Runnable" seed="2111746168" result="Skipped" label="Ignored" start-time="2024-05-28T07:16:20.2856380Z" end-time="2024-05-28T07:16:20.2856870Z" duration="0.000049" asserts="0" />
                <test-case id="1-1317" name="ScatteredAreas(PlayersWorlds.Maps.Maze.SidewinderMazeGenerator,Cave,Half)" fullname="PlayersWorlds.Maps.Maze.MazeGeneratorAreasTest.ScatteredAreas(PlayersWorlds.Maps.Maze.SidewinderMazeGenerator,Cave,Half)" methodname="ScatteredAreas" classname="PlayersWorlds.Maps.Maze.MazeGeneratorAreasTest" runstate="Runnable" seed="225994885" result="Skipped" label="Ignored" start-time="2024-05-28T07:16:20.2856920Z" end-time="2024-05-28T07:16:20.2857410Z" duration="0.000049" asserts="0" />
                <test-case id="1-1318" name="ScatteredAreas(PlayersWorlds.Maps.Maze.SidewinderMazeGenerator,Cave,ThreeQuarters)" fullname="PlayersWorlds.Maps.Maze.MazeGeneratorAreasTest.ScatteredAreas(PlayersWorlds.Maps.Maze.SidewinderMazeGenerator,Cave,ThreeQuarters)" methodname="ScatteredAreas" classname="PlayersWorlds.Maps.Maze.MazeGeneratorAreasTest" runstate="Runnable" seed="493536506" result="Skipped" label="Ignored" start-time="2024-05-28T07:16:20.2857460Z" end-time="2024-05-28T07:16:20.2857950Z" duration="0.000049" asserts="0" />
                <test-case id="1-1319" name="ScatteredAreas(PlayersWorlds.Maps.Maze.SidewinderMazeGenerator,Cave,NinetyPercent)" fullname="PlayersWorlds.Maps.Maze.MazeGeneratorAreasTest.ScatteredAreas(PlayersWorlds.Maps.Maze.SidewinderMazeGenerator,Cave,NinetyPercent)" methodname="ScatteredAreas" classname="PlayersWorlds.Maps.Maze.MazeGeneratorAreasTest" runstate="Runnable" seed="2120185286" result="Skipped" label="Ignored" start-time="2024-05-28T07:16:20.2858000Z" end-time="2024-05-28T07:16:20.2858490Z" duration="0.000049" asserts="0" />
                <test-case id="1-1320" name="ScatteredAreas(PlayersWorlds.Maps.Maze.SidewinderMazeGenerator,Cave,FullWidth)" fullname="PlayersWorlds.Maps.Maze.MazeGeneratorAreasTest.ScatteredAreas(PlayersWorlds.Maps.Maze.SidewinderMazeGenerator,Cave,FullWidth)" methodname="ScatteredAreas" classname="PlayersWorlds.Maps.Maze.MazeGeneratorAreasTest" runstate="Runnable" seed="1420569610" result="Skipped" label="Ignored" start-time="2024-05-28T07:16:20.2858540Z" end-time="2024-05-28T07:16:20.2859040Z" duration="0.000049" asserts="0" />
                <test-case id="1-1321" name="ScatteredAreas(PlayersWorlds.Maps.Maze.SidewinderMazeGenerator,Cave,FullHeight)" fullname="PlayersWorlds.Maps.Maze.MazeGeneratorAreasTest.ScatteredAreas(PlayersWorlds.Maps.Maze.SidewinderMazeGenerator,Cave,FullHeight)" methodname="ScatteredAreas" classname="PlayersWorlds.Maps.Maze.MazeGeneratorAreasTest" runstate="Runnable" seed="39383973" result="Skipped" label="Ignored" start-time="2024-05-28T07:16:20.2859090Z" end-time="2024-05-28T07:16:20.2859580Z" duration="0.000049" asserts="0" />
                <test-case id="1-1322" name="ScatteredAreas(PlayersWorlds.Maps.Maze.SidewinderMazeGenerator,Cave,Full)" fullname="PlayersWorlds.Maps.Maze.MazeGeneratorAreasTest.ScatteredAreas(PlayersWorlds.Maps.Maze.SidewinderMazeGenerator,Cave,Full)" methodname="ScatteredAreas" classname="PlayersWorlds.Maps.Maze.MazeGeneratorAreasTest" runstate="Runnable" seed="1470181472" result="Passed" start-time="2024-05-28T07:16:20.2859630Z" end-time="2024-05-28T07:16:22.1353620Z" duration="1.849399" asserts="20" />
                <test-case id="1-1323" name="ScatteredAreas(PlayersWorlds.Maps.Maze.SidewinderMazeGenerator,Hall,Quarter)" fullname="PlayersWorlds.Maps.Maze.MazeGeneratorAreasTest.ScatteredAreas(PlayersWorlds.Maps.Maze.SidewinderMazeGenerator,Hall,Quarter)" methodname="ScatteredAreas" classname="PlayersWorlds.Maps.Maze.MazeGeneratorAreasTest" runstate="Runnable" seed="680678766" result="Skipped" label="Ignored" start-time="2024-05-28T07:16:22.1353790Z" end-time="2024-05-28T07:16:22.1355190Z" duration="0.000141" asserts="0" />
                <test-case id="1-1324" name="ScatteredAreas(PlayersWorlds.Maps.Maze.SidewinderMazeGenerator,Hall,Half)" fullname="PlayersWorlds.Maps.Maze.MazeGeneratorAreasTest.ScatteredAreas(PlayersWorlds.Maps.Maze.SidewinderMazeGenerator,Hall,Half)" methodname="ScatteredAreas" classname="PlayersWorlds.Maps.Maze.MazeGeneratorAreasTest" runstate="Runnable" seed="1835916528" result="Skipped" label="Ignored" start-time="2024-05-28T07:16:22.1355260Z" end-time="2024-05-28T07:16:22.1355850Z" duration="0.000059" asserts="0" />
                <test-case id="1-1325" name="ScatteredAreas(PlayersWorlds.Maps.Maze.SidewinderMazeGenerator,Hall,ThreeQuarters)" fullname="PlayersWorlds.Maps.Maze.MazeGeneratorAreasTest.ScatteredAreas(PlayersWorlds.Maps.Maze.SidewinderMazeGenerator,Hall,ThreeQuarters)" methodname="ScatteredAreas" classname="PlayersWorlds.Maps.Maze.MazeGeneratorAreasTest" runstate="Runnable" seed="736663520" result="Skipped" label="Ignored" start-time="2024-05-28T07:16:22.1355900Z" end-time="2024-05-28T07:16:22.1356450Z" duration="0.000055" asserts="0" />
                <test-case id="1-1326" name="ScatteredAreas(PlayersWorlds.Maps.Maze.SidewinderMazeGenerator,Hall,NinetyPercent)" fullname="PlayersWorlds.Maps.Maze.MazeGeneratorAreasTest.ScatteredAreas(PlayersWorlds.Maps.Maze.SidewinderMazeGenerator,Hall,NinetyPercent)" methodname="ScatteredAreas" classname="PlayersWorlds.Maps.Maze.MazeGeneratorAreasTest" runstate="Runnable" seed="634331770" result="Skipped" label="Ignored" start-time="2024-05-28T07:16:22.1356500Z" end-time="2024-05-28T07:16:22.1357010Z" duration="0.000050" asserts="0" />
                <test-case id="1-1327" name="ScatteredAreas(PlayersWorlds.Maps.Maze.SidewinderMazeGenerator,Hall,FullWidth)" fullname="PlayersWorlds.Maps.Maze.MazeGeneratorAreasTest.ScatteredAreas(PlayersWorlds.Maps.Maze.SidewinderMazeGenerator,Hall,FullWidth)" methodname="ScatteredAreas" classname="PlayersWorlds.Maps.Maze.MazeGeneratorAreasTest" runstate="Runnable" seed="806835718" result="Skipped" label="Ignored" start-time="2024-05-28T07:16:22.1357060Z" end-time="2024-05-28T07:16:22.1357550Z" duration="0.000049" asserts="0" />
                <test-case id="1-1328" name="ScatteredAreas(PlayersWorlds.Maps.Maze.SidewinderMazeGenerator,Hall,FullHeight)" fullname="PlayersWorlds.Maps.Maze.MazeGeneratorAreasTest.ScatteredAreas(PlayersWorlds.Maps.Maze.SidewinderMazeGenerator,Hall,FullHeight)" methodname="ScatteredAreas" classname="PlayersWorlds.Maps.Maze.MazeGeneratorAreasTest" runstate="Runnable" seed="115929201" result="Skipped" label="Ignored" start-time="2024-05-28T07:16:22.1357600Z" end-time="2024-05-28T07:16:22.1358080Z" duration="0.000048" asserts="0" />
                <test-case id="1-1329" name="ScatteredAreas(PlayersWorlds.Maps.Maze.SidewinderMazeGenerator,Hall,Full)" fullname="PlayersWorlds.Maps.Maze.MazeGeneratorAreasTest.ScatteredAreas(PlayersWorlds.Maps.Maze.SidewinderMazeGenerator,Hall,Full)" methodname="ScatteredAreas" classname="PlayersWorlds.Maps.Maze.MazeGeneratorAreasTest" runstate="Runnable" seed="147692708" result="Passed" start-time="2024-05-28T07:16:22.1358150Z" end-time="2024-05-28T07:16:23.9150420Z" duration="1.779227" asserts="20" />
                <test-case id="1-1330" name="ScatteredAreas(PlayersWorlds.Maps.Maze.SidewinderMazeGenerator,Fill,Quarter)" fullname="PlayersWorlds.Maps.Maze.MazeGeneratorAreasTest.ScatteredAreas(PlayersWorlds.Maps.Maze.SidewinderMazeGenerator,Fill,Quarter)" methodname="ScatteredAreas" classname="PlayersWorlds.Maps.Maze.MazeGeneratorAreasTest" runstate="Runnable" seed="89379671" result="Skipped" label="Ignored" start-time="2024-05-28T07:16:23.9150610Z" end-time="2024-05-28T07:16:23.9152250Z" duration="0.000163" asserts="0" />
                <test-case id="1-1331" name="ScatteredAreas(PlayersWorlds.Maps.Maze.SidewinderMazeGenerator,Fill,Half)" fullname="PlayersWorlds.Maps.Maze.MazeGeneratorAreasTest.ScatteredAreas(PlayersWorlds.Maps.Maze.SidewinderMazeGenerator,Fill,Half)" methodname="ScatteredAreas" classname="PlayersWorlds.Maps.Maze.MazeGeneratorAreasTest" runstate="Runnable" seed="1205438209" result="Skipped" label="Ignored" start-time="2024-05-28T07:16:23.9152340Z" end-time="2024-05-28T07:16:23.9153250Z" duration="0.000091" asserts="0" />
                <test-case id="1-1332" name="ScatteredAreas(PlayersWorlds.Maps.Maze.SidewinderMazeGenerator,Fill,ThreeQuarters)" fullname="PlayersWorlds.Maps.Maze.MazeGeneratorAreasTest.ScatteredAreas(PlayersWorlds.Maps.Maze.SidewinderMazeGenerator,Fill,ThreeQuarters)" methodname="ScatteredAreas" classname="PlayersWorlds.Maps.Maze.MazeGeneratorAreasTest" runstate="Runnable" seed="808251690" result="Skipped" label="Ignored" start-time="2024-05-28T07:16:23.9153330Z" end-time="2024-05-28T07:16:23.9153940Z" duration="0.000061" asserts="0" />
                <test-case id="1-1333" name="ScatteredAreas(PlayersWorlds.Maps.Maze.SidewinderMazeGenerator,Fill,NinetyPercent)" fullname="PlayersWorlds.Maps.Maze.MazeGeneratorAreasTest.ScatteredAreas(PlayersWorlds.Maps.Maze.SidewinderMazeGenerator,Fill,NinetyPercent)" methodname="ScatteredAreas" classname="PlayersWorlds.Maps.Maze.MazeGeneratorAreasTest" runstate="Runnable" seed="741547409" result="Skipped" label="Ignored" start-time="2024-05-28T07:16:23.9153990Z" end-time="2024-05-28T07:16:23.9154520Z" duration="0.000053" asserts="0" />
                <test-case id="1-1334" name="ScatteredAreas(PlayersWorlds.Maps.Maze.SidewinderMazeGenerator,Fill,FullWidth)" fullname="PlayersWorlds.Maps.Maze.MazeGeneratorAreasTest.ScatteredAreas(PlayersWorlds.Maps.Maze.SidewinderMazeGenerator,Fill,FullWidth)" methodname="ScatteredAreas" classname="PlayersWorlds.Maps.Maze.MazeGeneratorAreasTest" runstate="Runnable" seed="1158482467" result="Skipped" label="Ignored" start-time="2024-05-28T07:16:23.9154570Z" end-time="2024-05-28T07:16:23.9155070Z" duration="0.000050" asserts="0" />
                <test-case id="1-1335" name="ScatteredAreas(PlayersWorlds.Maps.Maze.SidewinderMazeGenerator,Fill,FullHeight)" fullname="PlayersWorlds.Maps.Maze.MazeGeneratorAreasTest.ScatteredAreas(PlayersWorlds.Maps.Maze.SidewinderMazeGenerator,Fill,FullHeight)" methodname="ScatteredAreas" classname="PlayersWorlds.Maps.Maze.MazeGeneratorAreasTest" runstate="Runnable" seed="366714964" result="Skipped" label="Ignored" start-time="2024-05-28T07:16:23.9155120Z" end-time="2024-05-28T07:16:23.9155950Z" duration="0.000083" asserts="0" />
                <test-case id="1-1336" name="ScatteredAreas(PlayersWorlds.Maps.Maze.SidewinderMazeGenerator,Fill,Full)" fullname="PlayersWorlds.Maps.Maze.MazeGeneratorAreasTest.ScatteredAreas(PlayersWorlds.Maps.Maze.SidewinderMazeGenerator,Fill,Full)" methodname="ScatteredAreas" classname="PlayersWorlds.Maps.Maze.MazeGeneratorAreasTest" runstate="Runnable" seed="1566440443" result="Skipped" label="Ignored" start-time="2024-05-28T07:16:23.9156030Z" end-time="2024-05-28T07:16:23.9156980Z" duration="0.000095" asserts="0" />
                <test-case id="1-1337" name="ScatteredAreas(PlayersWorlds.Maps.Maze.WilsonsMazeGenerator,Cave,Quarter)" fullname="PlayersWorlds.Maps.Maze.MazeGeneratorAreasTest.ScatteredAreas(PlayersWorlds.Maps.Maze.WilsonsMazeGenerator,Cave,Quarter)" methodname="ScatteredAreas" classname="PlayersWorlds.Maps.Maze.MazeGeneratorAreasTest" runstate="Runnable" seed="2008727572" result="Passed" start-time="2024-05-28T07:16:23.9157080Z" end-time="2024-05-28T07:16:25.7602510Z" duration="1.844544" asserts="20" />
                <test-case id="1-1338" name="ScatteredAreas(PlayersWorlds.Maps.Maze.WilsonsMazeGenerator,Cave,Half)" fullname="PlayersWorlds.Maps.Maze.MazeGeneratorAreasTest.ScatteredAreas(PlayersWorlds.Maps.Maze.WilsonsMazeGenerator,Cave,Half)" methodname="ScatteredAreas" classname="PlayersWorlds.Maps.Maze.MazeGeneratorAreasTest" runstate="Runnable" seed="746268725" result="Passed" start-time="2024-05-28T07:16:25.7602710Z" end-time="2024-05-28T07:16:27.6066660Z" duration="1.846395" asserts="20" />
                <test-case id="1-1339" name="ScatteredAreas(PlayersWorlds.Maps.Maze.WilsonsMazeGenerator,Cave,ThreeQuarters)" fullname="PlayersWorlds.Maps.Maze.MazeGeneratorAreasTest.ScatteredAreas(PlayersWorlds.Maps.Maze.WilsonsMazeGenerator,Cave,ThreeQuarters)" methodname="ScatteredAreas" classname="PlayersWorlds.Maps.Maze.MazeGeneratorAreasTest" runstate="Runnable" seed="22477567" result="Passed" start-time="2024-05-28T07:16:27.6066840Z" end-time="2024-05-28T07:16:29.4722060Z" duration="1.865522" asserts="20" />
                <test-case id="1-1340" name="ScatteredAreas(PlayersWorlds.Maps.Maze.WilsonsMazeGenerator,Cave,NinetyPercent)" fullname="PlayersWorlds.Maps.Maze.MazeGeneratorAreasTest.ScatteredAreas(PlayersWorlds.Maps.Maze.WilsonsMazeGenerator,Cave,NinetyPercent)" methodname="ScatteredAreas" classname="PlayersWorlds.Maps.Maze.MazeGeneratorAreasTest" runstate="Runnable" seed="1941375394" result="Passed" start-time="2024-05-28T07:16:29.4722240Z" end-time="2024-05-28T07:16:31.3173040Z" duration="1.845080" asserts="20" />
                <test-case id="1-1341" name="ScatteredAreas(PlayersWorlds.Maps.Maze.WilsonsMazeGenerator,Cave,FullWidth)" fullname="PlayersWorlds.Maps.Maze.MazeGeneratorAreasTest.ScatteredAreas(PlayersWorlds.Maps.Maze.WilsonsMazeGenerator,Cave,FullWidth)" methodname="ScatteredAreas" classname="PlayersWorlds.Maps.Maze.MazeGeneratorAreasTest" runstate="Runnable" seed="1189012381" result="Passed" start-time="2024-05-28T07:16:31.3173200Z" end-time="2024-05-28T07:16:33.1919720Z" duration="1.874652" asserts="20" />
                <test-case id="1-1342" name="ScatteredAreas(PlayersWorlds.Maps.Maze.WilsonsMazeGenerator,Cave,FullHeight)" fullname="PlayersWorlds.Maps.Maze.MazeGeneratorAreasTest.ScatteredAreas(PlayersWorlds.Maps.Maze.WilsonsMazeGenerator,Cave,FullHeight)" methodname="ScatteredAreas" classname="PlayersWorlds.Maps.Maze.MazeGeneratorAreasTest" runstate="Runnable" seed="1772307095" result="Passed" start-time="2024-05-28T07:16:33.1919920Z" end-time="2024-05-28T07:16:35.0511320Z" duration="1.859141" asserts="20" />
                <test-case id="1-1343" name="ScatteredAreas(PlayersWorlds.Maps.Maze.WilsonsMazeGenerator,Cave,Full)" fullname="PlayersWorlds.Maps.Maze.MazeGeneratorAreasTest.ScatteredAreas(PlayersWorlds.Maps.Maze.WilsonsMazeGenerator,Cave,Full)" methodname="ScatteredAreas" classname="PlayersWorlds.Maps.Maze.MazeGeneratorAreasTest" runstate="Runnable" seed="270261836" result="Passed" start-time="2024-05-28T07:16:35.0511490Z" end-time="2024-05-28T07:16:36.8945910Z" duration="1.843442" asserts="20" />
                <test-case id="1-1344" name="ScatteredAreas(PlayersWorlds.Maps.Maze.WilsonsMazeGenerator,Hall,Quarter)" fullname="PlayersWorlds.Maps.Maze.MazeGeneratorAreasTest.ScatteredAreas(PlayersWorlds.Maps.Maze.WilsonsMazeGenerator,Hall,Quarter)" methodname="ScatteredAreas" classname="PlayersWorlds.Maps.Maze.MazeGeneratorAreasTest" runstate="Runnable" seed="1485505457" result="Passed" start-time="2024-05-28T07:16:36.8946070Z" end-time="2024-05-28T07:16:38.6721620Z" duration="1.777554" asserts="20" />
                <test-case id="1-1345" name="ScatteredAreas(PlayersWorlds.Maps.Maze.WilsonsMazeGenerator,Hall,Half)" fullname="PlayersWorlds.Maps.Maze.MazeGeneratorAreasTest.ScatteredAreas(PlayersWorlds.Maps.Maze.WilsonsMazeGenerator,Hall,Half)" methodname="ScatteredAreas" classname="PlayersWorlds.Maps.Maze.MazeGeneratorAreasTest" runstate="Runnable" seed="1196986747" result="Passed" start-time="2024-05-28T07:16:38.6721800Z" end-time="2024-05-28T07:16:40.4606830Z" duration="1.788504" asserts="20" />
                <test-case id="1-1346" name="ScatteredAreas(PlayersWorlds.Maps.Maze.WilsonsMazeGenerator,Hall,ThreeQuarters)" fullname="PlayersWorlds.Maps.Maze.MazeGeneratorAreasTest.ScatteredAreas(PlayersWorlds.Maps.Maze.WilsonsMazeGenerator,Hall,ThreeQuarters)" methodname="ScatteredAreas" classname="PlayersWorlds.Maps.Maze.MazeGeneratorAreasTest" runstate="Runnable" seed="566186181" result="Passed" start-time="2024-05-28T07:16:40.4607020Z" end-time="2024-05-28T07:16:42.2508940Z" duration="1.790193" asserts="20" />
                <test-case id="1-1347" name="ScatteredAreas(PlayersWorlds.Maps.Maze.WilsonsMazeGenerator,Hall,NinetyPercent)" fullname="PlayersWorlds.Maps.Maze.MazeGeneratorAreasTest.ScatteredAreas(PlayersWorlds.Maps.Maze.WilsonsMazeGenerator,Hall,NinetyPercent)" methodname="ScatteredAreas" classname="PlayersWorlds.Maps.Maze.MazeGeneratorAreasTest" runstate="Runnable" seed="169935379" result="Passed" start-time="2024-05-28T07:16:42.2509240Z" end-time="2024-05-28T07:16:44.0606330Z" duration="1.809710" asserts="20" />
                <test-case id="1-1348" name="ScatteredAreas(PlayersWorlds.Maps.Maze.WilsonsMazeGenerator,Hall,FullWidth)" fullname="PlayersWorlds.Maps.Maze.MazeGeneratorAreasTest.ScatteredAreas(PlayersWorlds.Maps.Maze.WilsonsMazeGenerator,Hall,FullWidth)" methodname="ScatteredAreas" classname="PlayersWorlds.Maps.Maze.MazeGeneratorAreasTest" runstate="Runnable" seed="61592078" result="Passed" start-time="2024-05-28T07:16:44.0606510Z" end-time="2024-05-28T07:16:45.8928570Z" duration="1.832207" asserts="20" />
                <test-case id="1-1349" name="ScatteredAreas(PlayersWorlds.Maps.Maze.WilsonsMazeGenerator,Hall,FullHeight)" fullname="PlayersWorlds.Maps.Maze.MazeGeneratorAreasTest.ScatteredAreas(PlayersWorlds.Maps.Maze.WilsonsMazeGenerator,Hall,FullHeight)" methodname="ScatteredAreas" classname="PlayersWorlds.Maps.Maze.MazeGeneratorAreasTest" runstate="Runnable" seed="502558516" result="Passed" start-time="2024-05-28T07:16:45.8928760Z" end-time="2024-05-28T07:16:47.6724090Z" duration="1.779533" asserts="20" />
                <test-case id="1-1350" name="ScatteredAreas(PlayersWorlds.Maps.Maze.WilsonsMazeGenerator,Hall,Full)" fullname="PlayersWorlds.Maps.Maze.MazeGeneratorAreasTest.ScatteredAreas(PlayersWorlds.Maps.Maze.WilsonsMazeGenerator,Hall,Full)" methodname="ScatteredAreas" classname="PlayersWorlds.Maps.Maze.MazeGeneratorAreasTest" runstate="Runnable" seed="40118301" result="Passed" start-time="2024-05-28T07:16:47.6724280Z" end-time="2024-05-28T07:16:49.4661040Z" duration="1.793676" asserts="20" />
                <test-case id="1-1351" name="ScatteredAreas(PlayersWorlds.Maps.Maze.WilsonsMazeGenerator,Fill,Quarter)" fullname="PlayersWorlds.Maps.Maze.MazeGeneratorAreasTest.ScatteredAreas(PlayersWorlds.Maps.Maze.WilsonsMazeGenerator,Fill,Quarter)" methodname="ScatteredAreas" classname="PlayersWorlds.Maps.Maze.MazeGeneratorAreasTest" runstate="Runnable" seed="566041469" result="Skipped" label="Ignored" start-time="2024-05-28T07:16:49.4661250Z" end-time="2024-05-28T07:16:49.4662820Z" duration="0.000157" asserts="0" />
                <test-case id="1-1352" name="ScatteredAreas(PlayersWorlds.Maps.Maze.WilsonsMazeGenerator,Fill,Half)" fullname="PlayersWorlds.Maps.Maze.MazeGeneratorAreasTest.ScatteredAreas(PlayersWorlds.Maps.Maze.WilsonsMazeGenerator,Fill,Half)" methodname="ScatteredAreas" classname="PlayersWorlds.Maps.Maze.MazeGeneratorAreasTest" runstate="Runnable" seed="708617108" result="Skipped" label="Ignored" start-time="2024-05-28T07:16:49.4662880Z" end-time="2024-05-28T07:16:49.4663500Z" duration="0.000062" asserts="0" />
                <test-case id="1-1353" name="ScatteredAreas(PlayersWorlds.Maps.Maze.WilsonsMazeGenerator,Fill,ThreeQuarters)" fullname="PlayersWorlds.Maps.Maze.MazeGeneratorAreasTest.ScatteredAreas(PlayersWorlds.Maps.Maze.WilsonsMazeGenerator,Fill,ThreeQuarters)" methodname="ScatteredAreas" classname="PlayersWorlds.Maps.Maze.MazeGeneratorAreasTest" runstate="Runnable" seed="1666451274" result="Skipped" label="Ignored" start-time="2024-05-28T07:16:49.4663560Z" end-time="2024-05-28T07:16:49.4664120Z" duration="0.000056" asserts="0" />
                <test-case id="1-1354" name="ScatteredAreas(PlayersWorlds.Maps.Maze.WilsonsMazeGenerator,Fill,NinetyPercent)" fullname="PlayersWorlds.Maps.Maze.MazeGeneratorAreasTest.ScatteredAreas(PlayersWorlds.Maps.Maze.WilsonsMazeGenerator,Fill,NinetyPercent)" methodname="ScatteredAreas" classname="PlayersWorlds.Maps.Maze.MazeGeneratorAreasTest" runstate="Runnable" seed="765766913" result="Skipped" label="Ignored" start-time="2024-05-28T07:16:49.4664170Z" end-time="2024-05-28T07:16:49.4664680Z" duration="0.000051" asserts="0" />
                <test-case id="1-1355" name="ScatteredAreas(PlayersWorlds.Maps.Maze.WilsonsMazeGenerator,Fill,FullWidth)" fullname="PlayersWorlds.Maps.Maze.MazeGeneratorAreasTest.ScatteredAreas(PlayersWorlds.Maps.Maze.WilsonsMazeGenerator,Fill,FullWidth)" methodname="ScatteredAreas" classname="PlayersWorlds.Maps.Maze.MazeGeneratorAreasTest" runstate="Runnable" seed="85331756" result="Skipped" label="Ignored" start-time="2024-05-28T07:16:49.4664730Z" end-time="2024-05-28T07:16:49.4665230Z" duration="0.000050" asserts="0" />
                <test-case id="1-1356" name="ScatteredAreas(PlayersWorlds.Maps.Maze.WilsonsMazeGenerator,Fill,FullHeight)" fullname="PlayersWorlds.Maps.Maze.MazeGeneratorAreasTest.ScatteredAreas(PlayersWorlds.Maps.Maze.WilsonsMazeGenerator,Fill,FullHeight)" methodname="ScatteredAreas" classname="PlayersWorlds.Maps.Maze.MazeGeneratorAreasTest" runstate="Runnable" seed="95381044" result="Skipped" label="Ignored" start-time="2024-05-28T07:16:49.4665280Z" end-time="2024-05-28T07:16:49.4665770Z" duration="0.000049" asserts="0" />
                <test-case id="1-1357" name="ScatteredAreas(PlayersWorlds.Maps.Maze.WilsonsMazeGenerator,Fill,Full)" fullname="PlayersWorlds.Maps.Maze.MazeGeneratorAreasTest.ScatteredAreas(PlayersWorlds.Maps.Maze.WilsonsMazeGenerator,Fill,Full)" methodname="ScatteredAreas" classname="PlayersWorlds.Maps.Maze.MazeGeneratorAreasTest" runstate="Runnable" seed="1467145256" result="Skipped" label="Ignored" start-time="2024-05-28T07:16:49.4665820Z" end-time="2024-05-28T07:16:49.4666300Z" duration="0.000048" asserts="0" />
              </test-suite>
              <test-suite type="ParameterizedMethod" id="1-1211" name="TwoMatchingAreas" fullname="PlayersWorlds.Maps.Maze.MazeGeneratorAreasTest.TwoMatchingAreas" classname="PlayersWorlds.Maps.Maze.MazeGeneratorAreasTest" runstate="Runnable" testcasecount="18" result="Passed" start-time="2024-05-28T07:16:49.4666720Z" end-time="2024-05-28T07:16:49.6751300Z" duration="0.208458" total="18" passed="18" failed="0" warnings="0" inconclusive="0" skipped="0" asserts="1080">
                <properties>
                  <property name="Repeat" value="10" />
                  <property name="Category" value="Integration" />
                </properties>
                <test-case id="1-1193" name="TwoMatchingAreas(PlayersWorlds.Maps.Maze.AldousBroderMazeGenerator,Cave)" fullname="PlayersWorlds.Maps.Maze.MazeGeneratorAreasTest.TwoMatchingAreas(PlayersWorlds.Maps.Maze.AldousBroderMazeGenerator,Cave)" methodname="TwoMatchingAreas" classname="PlayersWorlds.Maps.Maze.MazeGeneratorAreasTest" runstate="Runnable" seed="774338039" result="Passed" start-time="2024-05-28T07:16:49.4666840Z" end-time="2024-05-28T07:16:49.4831720Z" duration="0.016488" asserts="60" />
                <test-case id="1-1194" name="TwoMatchingAreas(PlayersWorlds.Maps.Maze.AldousBroderMazeGenerator,Hall)" fullname="PlayersWorlds.Maps.Maze.MazeGeneratorAreasTest.TwoMatchingAreas(PlayersWorlds.Maps.Maze.AldousBroderMazeGenerator,Hall)" methodname="TwoMatchingAreas" classname="PlayersWorlds.Maps.Maze.MazeGeneratorAreasTest" runstate="Runnable" seed="2110196269" result="Passed" start-time="2024-05-28T07:16:49.4832120Z" end-time="2024-05-28T07:16:49.5056930Z" duration="0.022481" asserts="60" />
                <test-case id="1-1195" name="TwoMatchingAreas(PlayersWorlds.Maps.Maze.AldousBroderMazeGenerator,Fill)" fullname="PlayersWorlds.Maps.Maze.MazeGeneratorAreasTest.TwoMatchingAreas(PlayersWorlds.Maps.Maze.AldousBroderMazeGenerator,Fill)" methodname="TwoMatchingAreas" classname="PlayersWorlds.Maps.Maze.MazeGeneratorAreasTest" runstate="Runnable" seed="1720713635" result="Passed" start-time="2024-05-28T07:16:49.5057160Z" end-time="2024-05-28T07:16:49.5225880Z" duration="0.016872" asserts="60" />
                <test-case id="1-1196" name="TwoMatchingAreas(PlayersWorlds.Maps.Maze.BinaryTreeMazeGenerator,Cave)" fullname="PlayersWorlds.Maps.Maze.MazeGeneratorAreasTest.TwoMatchingAreas(PlayersWorlds.Maps.Maze.BinaryTreeMazeGenerator,Cave)" methodname="TwoMatchingAreas" classname="PlayersWorlds.Maps.Maze.MazeGeneratorAreasTest" runstate="Runnable" seed="1724457716" result="Passed" start-time="2024-05-28T07:16:49.5226110Z" end-time="2024-05-28T07:16:49.5372240Z" duration="0.014613" asserts="60" />
                <test-case id="1-1197" name="TwoMatchingAreas(PlayersWorlds.Maps.Maze.BinaryTreeMazeGenerator,Hall)" fullname="PlayersWorlds.Maps.Maze.MazeGeneratorAreasTest.TwoMatchingAreas(PlayersWorlds.Maps.Maze.BinaryTreeMazeGenerator,Hall)" methodname="TwoMatchingAreas" classname="PlayersWorlds.Maps.Maze.MazeGeneratorAreasTest" runstate="Runnable" seed="1968045481" result="Passed" start-time="2024-05-28T07:16:49.5372410Z" end-time="2024-05-28T07:16:49.5522570Z" duration="0.015016" asserts="60" />
                <test-case id="1-1198" name="TwoMatchingAreas(PlayersWorlds.Maps.Maze.BinaryTreeMazeGenerator,Fill)" fullname="PlayersWorlds.Maps.Maze.MazeGeneratorAreasTest.TwoMatchingAreas(PlayersWorlds.Maps.Maze.BinaryTreeMazeGenerator,Fill)" methodname="TwoMatchingAreas" classname="PlayersWorlds.Maps.Maze.MazeGeneratorAreasTest" runstate="Runnable" seed="1915425332" result="Passed" start-time="2024-05-28T07:16:49.5522880Z" end-time="2024-05-28T07:16:49.5623960Z" duration="0.010108" asserts="60" />
                <test-case id="1-1199" name="TwoMatchingAreas(PlayersWorlds.Maps.Maze.HuntAndKillMazeGenerator,Cave)" fullname="PlayersWorlds.Maps.Maze.MazeGeneratorAreasTest.TwoMatchingAreas(PlayersWorlds.Maps.Maze.HuntAndKillMazeGenerator,Cave)" methodname="TwoMatchingAreas" classname="PlayersWorlds.Maps.Maze.MazeGeneratorAreasTest" runstate="Runnable" seed="1150367139" result="Passed" start-time="2024-05-28T07:16:49.5624100Z" end-time="2024-05-28T07:16:49.5722930Z" duration="0.009884" asserts="60" />
                <test-case id="1-1200" name="TwoMatchingAreas(PlayersWorlds.Maps.Maze.HuntAndKillMazeGenerator,Hall)" fullname="PlayersWorlds.Maps.Maze.MazeGeneratorAreasTest.TwoMatchingAreas(PlayersWorlds.Maps.Maze.HuntAndKillMazeGenerator,Hall)" methodname="TwoMatchingAreas" classname="PlayersWorlds.Maps.Maze.MazeGeneratorAreasTest" runstate="Runnable" seed="99736644" result="Passed" start-time="2024-05-28T07:16:49.5723030Z" end-time="2024-05-28T07:16:49.5820190Z" duration="0.009715" asserts="60" />
                <test-case id="1-1201" name="TwoMatchingAreas(PlayersWorlds.Maps.Maze.HuntAndKillMazeGenerator,Fill)" fullname="PlayersWorlds.Maps.Maze.MazeGeneratorAreasTest.TwoMatchingAreas(PlayersWorlds.Maps.Maze.HuntAndKillMazeGenerator,Fill)" methodname="TwoMatchingAreas" classname="PlayersWorlds.Maps.Maze.MazeGeneratorAreasTest" runstate="Runnable" seed="1176887920" result="Passed" start-time="2024-05-28T07:16:49.5820290Z" end-time="2024-05-28T07:16:49.5899790Z" duration="0.007950" asserts="60" />
                <test-case id="1-1202" name="TwoMatchingAreas(PlayersWorlds.Maps.Maze.RecursiveBacktrackerMazeGenerator,Cave)" fullname="PlayersWorlds.Maps.Maze.MazeGeneratorAreasTest.TwoMatchingAreas(PlayersWorlds.Maps.Maze.RecursiveBacktrackerMazeGenerator,Cave)" methodname="TwoMatchingAreas" classname="PlayersWorlds.Maps.Maze.MazeGeneratorAreasTest" runstate="Runnable" seed="591847980" result="Passed" start-time="2024-05-28T07:16:49.5899910Z" end-time="2024-05-28T07:16:49.5994000Z" duration="0.009409" asserts="60" />
                <test-case id="1-1203" name="TwoMatchingAreas(PlayersWorlds.Maps.Maze.RecursiveBacktrackerMazeGenerator,Hall)" fullname="PlayersWorlds.Maps.Maze.MazeGeneratorAreasTest.TwoMatchingAreas(PlayersWorlds.Maps.Maze.RecursiveBacktrackerMazeGenerator,Hall)" methodname="TwoMatchingAreas" classname="PlayersWorlds.Maps.Maze.MazeGeneratorAreasTest" runstate="Runnable" seed="1052618534" result="Passed" start-time="2024-05-28T07:16:49.5994100Z" end-time="2024-05-28T07:16:49.6091640Z" duration="0.009754" asserts="60" />
                <test-case id="1-1204" name="TwoMatchingAreas(PlayersWorlds.Maps.Maze.RecursiveBacktrackerMazeGenerator,Fill)" fullname="PlayersWorlds.Maps.Maze.MazeGeneratorAreasTest.TwoMatchingAreas(PlayersWorlds.Maps.Maze.RecursiveBacktrackerMazeGenerator,Fill)" methodname="TwoMatchingAreas" classname="PlayersWorlds.Maps.Maze.MazeGeneratorAreasTest" runstate="Runnable" seed="241650141" result="Passed" start-time="2024-05-28T07:16:49.6091740Z" end-time="2024-05-28T07:16:49.6166310Z" duration="0.007457" asserts="60" />
                <test-case id="1-1205" name="TwoMatchingAreas(PlayersWorlds.Maps.Maze.SidewinderMazeGenerator,Cave)" fullname="PlayersWorlds.Maps.Maze.MazeGeneratorAreasTest.TwoMatchingAreas(PlayersWorlds.Maps.Maze.SidewinderMazeGenerator,Cave)" methodname="TwoMatchingAreas" classname="PlayersWorlds.Maps.Maze.MazeGeneratorAreasTest" runstate="Runnable" seed="2083934331" result="Passed" start-time="2024-05-28T07:16:49.6166490Z" end-time="2024-05-28T07:16:49.6272120Z" duration="0.010564" asserts="60" />
                <test-case id="1-1206" name="TwoMatchingAreas(PlayersWorlds.Maps.Maze.SidewinderMazeGenerator,Hall)" fullname="PlayersWorlds.Maps.Maze.MazeGeneratorAreasTest.TwoMatchingAreas(PlayersWorlds.Maps.Maze.SidewinderMazeGenerator,Hall)" methodname="TwoMatchingAreas" classname="PlayersWorlds.Maps.Maze.MazeGeneratorAreasTest" runstate="Runnable" seed="1055934088" result="Passed" start-time="2024-05-28T07:16:49.6272220Z" end-time="2024-05-28T07:16:49.6375860Z" duration="0.010364" asserts="60" />
                <test-case id="1-1207" name="TwoMatchingAreas(PlayersWorlds.Maps.Maze.SidewinderMazeGenerator,Fill)" fullname="PlayersWorlds.Maps.Maze.MazeGeneratorAreasTest.TwoMatchingAreas(PlayersWorlds.Maps.Maze.SidewinderMazeGenerator,Fill)" methodname="TwoMatchingAreas" classname="PlayersWorlds.Maps.Maze.MazeGeneratorAreasTest" runstate="Runnable" seed="357560470" result="Passed" start-time="2024-05-28T07:16:49.6375960Z" end-time="2024-05-28T07:16:49.6457700Z" duration="0.008174" asserts="60" />
                <test-case id="1-1208" name="TwoMatchingAreas(PlayersWorlds.Maps.Maze.WilsonsMazeGenerator,Cave)" fullname="PlayersWorlds.Maps.Maze.MazeGeneratorAreasTest.TwoMatchingAreas(PlayersWorlds.Maps.Maze.WilsonsMazeGenerator,Cave)" methodname="TwoMatchingAreas" classname="PlayersWorlds.Maps.Maze.MazeGeneratorAreasTest" runstate="Runnable" seed="447607009" result="Passed" start-time="2024-05-28T07:16:49.6457870Z" end-time="2024-05-28T07:16:49.6558550Z" duration="0.010067" asserts="60" />
                <test-case id="1-1209" name="TwoMatchingAreas(PlayersWorlds.Maps.Maze.WilsonsMazeGenerator,Hall)" fullname="PlayersWorlds.Maps.Maze.MazeGeneratorAreasTest.TwoMatchingAreas(PlayersWorlds.Maps.Maze.WilsonsMazeGenerator,Hall)" methodname="TwoMatchingAreas" classname="PlayersWorlds.Maps.Maze.MazeGeneratorAreasTest" runstate="Runnable" seed="495294221" result="Passed" start-time="2024-05-28T07:16:49.6558720Z" end-time="2024-05-28T07:16:49.6666450Z" duration="0.010773" asserts="60" />
                <test-case id="1-1210" name="TwoMatchingAreas(PlayersWorlds.Maps.Maze.WilsonsMazeGenerator,Fill)" fullname="PlayersWorlds.Maps.Maze.MazeGeneratorAreasTest.TwoMatchingAreas(PlayersWorlds.Maps.Maze.WilsonsMazeGenerator,Fill)" methodname="TwoMatchingAreas" classname="PlayersWorlds.Maps.Maze.MazeGeneratorAreasTest" runstate="Runnable" seed="833902825" result="Passed" start-time="2024-05-28T07:16:49.6666540Z" end-time="2024-05-28T07:16:49.6751180Z" duration="0.008464" asserts="60" />
              </test-suite>
              <test-case id="1-1231" name="WilsonsHalls" fullname="PlayersWorlds.Maps.Maze.MazeGeneratorAreasTest.WilsonsHalls" methodname="WilsonsHalls" classname="PlayersWorlds.Maps.Maze.MazeGeneratorAreasTest" runstate="Runnable" seed="157016604" result="Passed" start-time="2024-05-28T07:16:49.6751400Z" end-time="2024-05-28T07:16:49.7847850Z" duration="0.109644" asserts="10">
                <properties>
                  <property name="Repeat" value="10" />
                  <property name="Category" value="Integration" />
                </properties>
              </test-case>
            </test-suite>
            <test-suite type="TestFixture" id="1-1360" name="MazeGeneratorTest" fullname="PlayersWorlds.Maps.Maze.MazeGeneratorTest" classname="PlayersWorlds.Maps.Maze.MazeGeneratorTest" runstate="Runnable" testcasecount="528" result="Skipped" label="Ignored" site="Child" start-time="2024-05-28T07:16:49.7848200Z" end-time="2024-05-28T07:16:55.0915870Z" duration="5.306768" total="528" passed="383" failed="0" warnings="0" inconclusive="0" skipped="145" asserts="1877">
              <reason>
                <message><![CDATA[One or more child tests were ignored]]></message>
              </reason>
              <test-suite type="ParameterizedMethod" id="1-1891" name="CanFindPaths" fullname="PlayersWorlds.Maps.Maze.MazeGeneratorTest.CanFindPaths" classname="PlayersWorlds.Maps.Maze.MazeGeneratorTest" runstate="Runnable" testcasecount="6" result="Passed" start-time="2024-05-28T07:16:49.7849010Z" end-time="2024-05-28T07:16:49.7878010Z" duration="0.002901" total="6" passed="6" failed="0" warnings="0" inconclusive="0" skipped="0" asserts="24">
                <properties>
                  <property name="Category" value="Integration" />
                </properties>
                <test-case id="1-1885" name="CanFindPaths(PlayersWorlds.Maps.Maze.AldousBroderMazeGenerator)" fullname="PlayersWorlds.Maps.Maze.MazeGeneratorTest.CanFindPaths(PlayersWorlds.Maps.Maze.AldousBroderMazeGenerator)" methodname="CanFindPaths" classname="PlayersWorlds.Maps.Maze.MazeGeneratorTest" runstate="Runnable" seed="740667135" result="Passed" start-time="2024-05-28T07:16:49.7849110Z" end-time="2024-05-28T07:16:49.7862270Z" duration="0.001316" asserts="4" />
                <test-case id="1-1886" name="CanFindPaths(PlayersWorlds.Maps.Maze.BinaryTreeMazeGenerator)" fullname="PlayersWorlds.Maps.Maze.MazeGeneratorTest.CanFindPaths(PlayersWorlds.Maps.Maze.BinaryTreeMazeGenerator)" methodname="CanFindPaths" classname="PlayersWorlds.Maps.Maze.MazeGeneratorTest" runstate="Runnable" seed="5645639" result="Passed" start-time="2024-05-28T07:16:49.7862350Z" end-time="2024-05-28T07:16:49.7865580Z" duration="0.000323" asserts="4" />
                <test-case id="1-1887" name="CanFindPaths(PlayersWorlds.Maps.Maze.HuntAndKillMazeGenerator)" fullname="PlayersWorlds.Maps.Maze.MazeGeneratorTest.CanFindPaths(PlayersWorlds.Maps.Maze.HuntAndKillMazeGenerator)" methodname="CanFindPaths" classname="PlayersWorlds.Maps.Maze.MazeGeneratorTest" runstate="Runnable" seed="1957448355" result="Passed" start-time="2024-05-28T07:16:49.7865650Z" end-time="2024-05-28T07:16:49.7868590Z" duration="0.000294" asserts="4" />
                <test-case id="1-1888" name="CanFindPaths(PlayersWorlds.Maps.Maze.RecursiveBacktrackerMazeGenerator)" fullname="PlayersWorlds.Maps.Maze.MazeGeneratorTest.CanFindPaths(PlayersWorlds.Maps.Maze.RecursiveBacktrackerMazeGenerator)" methodname="CanFindPaths" classname="PlayersWorlds.Maps.Maze.MazeGeneratorTest" runstate="Runnable" seed="290021897" result="Passed" start-time="2024-05-28T07:16:49.7868660Z" end-time="2024-05-28T07:16:49.7871540Z" duration="0.000288" asserts="4" />
                <test-case id="1-1889" name="CanFindPaths(PlayersWorlds.Maps.Maze.SidewinderMazeGenerator)" fullname="PlayersWorlds.Maps.Maze.MazeGeneratorTest.CanFindPaths(PlayersWorlds.Maps.Maze.SidewinderMazeGenerator)" methodname="CanFindPaths" classname="PlayersWorlds.Maps.Maze.MazeGeneratorTest" runstate="Runnable" seed="443063993" result="Passed" start-time="2024-05-28T07:16:49.7871600Z" end-time="2024-05-28T07:16:49.7874740Z" duration="0.000314" asserts="4" />
                <test-case id="1-1890" name="CanFindPaths(PlayersWorlds.Maps.Maze.WilsonsMazeGenerator)" fullname="PlayersWorlds.Maps.Maze.MazeGeneratorTest.CanFindPaths(PlayersWorlds.Maps.Maze.WilsonsMazeGenerator)" methodname="CanFindPaths" classname="PlayersWorlds.Maps.Maze.MazeGeneratorTest" runstate="Runnable" seed="1427199122" result="Passed" start-time="2024-05-28T07:16:49.7874800Z" end-time="2024-05-28T07:16:49.7877940Z" duration="0.000314" asserts="4" />
              </test-suite>
              <test-suite type="ParameterizedMethod" id="1-1368" name="CanGenerateMazes" fullname="PlayersWorlds.Maps.Maze.MazeGeneratorTest.CanGenerateMazes" classname="PlayersWorlds.Maps.Maze.MazeGeneratorTest" runstate="Runnable" testcasecount="6" result="Passed" start-time="2024-05-28T07:16:49.7878110Z" end-time="2024-05-28T07:16:50.0340380Z" duration="0.246227" total="6" passed="6" failed="0" warnings="0" inconclusive="0" skipped="0" asserts="18">
                <test-case id="1-1362" name="CanGenerateMazes(PlayersWorlds.Maps.Maze.AldousBroderMazeGenerator)" fullname="PlayersWorlds.Maps.Maze.MazeGeneratorTest.CanGenerateMazes(PlayersWorlds.Maps.Maze.AldousBroderMazeGenerator)" methodname="CanGenerateMazes" classname="PlayersWorlds.Maps.Maze.MazeGeneratorTest" runstate="Runnable" seed="1763627165" result="Passed" start-time="2024-05-28T07:16:49.7878190Z" end-time="2024-05-28T07:16:49.8413050Z" duration="0.053486" asserts="3" />
                <test-case id="1-1363" name="CanGenerateMazes(PlayersWorlds.Maps.Maze.BinaryTreeMazeGenerator)" fullname="PlayersWorlds.Maps.Maze.MazeGeneratorTest.CanGenerateMazes(PlayersWorlds.Maps.Maze.BinaryTreeMazeGenerator)" methodname="CanGenerateMazes" classname="PlayersWorlds.Maps.Maze.MazeGeneratorTest" runstate="Runnable" seed="22755114" result="Passed" start-time="2024-05-28T07:16:49.8413250Z" end-time="2024-05-28T07:16:49.8795360Z" duration="0.038211" asserts="3" />
                <test-case id="1-1364" name="CanGenerateMazes(PlayersWorlds.Maps.Maze.HuntAndKillMazeGenerator)" fullname="PlayersWorlds.Maps.Maze.MazeGeneratorTest.CanGenerateMazes(PlayersWorlds.Maps.Maze.HuntAndKillMazeGenerator)" methodname="CanGenerateMazes" classname="PlayersWorlds.Maps.Maze.MazeGeneratorTest" runstate="Runnable" seed="373749132" result="Passed" start-time="2024-05-28T07:16:49.8795490Z" end-time="2024-05-28T07:16:49.9175310Z" duration="0.037982" asserts="3" />
                <test-case id="1-1365" name="CanGenerateMazes(PlayersWorlds.Maps.Maze.RecursiveBacktrackerMazeGenerator)" fullname="PlayersWorlds.Maps.Maze.MazeGeneratorTest.CanGenerateMazes(PlayersWorlds.Maps.Maze.RecursiveBacktrackerMazeGenerator)" methodname="CanGenerateMazes" classname="PlayersWorlds.Maps.Maze.MazeGeneratorTest" runstate="Runnable" seed="1277170616" result="Passed" start-time="2024-05-28T07:16:49.9175430Z" end-time="2024-05-28T07:16:49.9556870Z" duration="0.038144" asserts="3" />
                <test-case id="1-1366" name="CanGenerateMazes(PlayersWorlds.Maps.Maze.SidewinderMazeGenerator)" fullname="PlayersWorlds.Maps.Maze.MazeGeneratorTest.CanGenerateMazes(PlayersWorlds.Maps.Maze.SidewinderMazeGenerator)" methodname="CanGenerateMazes" classname="PlayersWorlds.Maps.Maze.MazeGeneratorTest" runstate="Runnable" seed="641440161" result="Passed" start-time="2024-05-28T07:16:49.9557080Z" end-time="2024-05-28T07:16:49.9945920Z" duration="0.038884" asserts="3" />
                <test-case id="1-1367" name="CanGenerateMazes(PlayersWorlds.Maps.Maze.WilsonsMazeGenerator)" fullname="PlayersWorlds.Maps.Maze.MazeGeneratorTest.CanGenerateMazes(PlayersWorlds.Maps.Maze.WilsonsMazeGenerator)" methodname="CanGenerateMazes" classname="PlayersWorlds.Maps.Maze.MazeGeneratorTest" runstate="Runnable" seed="708253877" result="Passed" start-time="2024-05-28T07:16:49.9946110Z" end-time="2024-05-28T07:16:50.0340240Z" duration="0.039413" asserts="3" />
              </test-suite>
              <test-case id="1-1369" name="CanGenerateMazes_Debug" fullname="PlayersWorlds.Maps.Maze.MazeGeneratorTest.CanGenerateMazes_Debug" methodname="CanGenerateMazes_Debug" classname="PlayersWorlds.Maps.Maze.MazeGeneratorTest" runstate="Runnable" seed="1255824126" result="Passed" start-time="2024-05-28T07:16:50.0340500Z" end-time="2024-05-28T07:16:50.0727090Z" duration="0.038658" asserts="3" />
              <test-case id="1-1361" name="CanUseCustomAreaGenerator" fullname="PlayersWorlds.Maps.Maze.MazeGeneratorTest.CanUseCustomAreaGenerator" methodname="CanUseCustomAreaGenerator" classname="PlayersWorlds.Maps.Maze.MazeGeneratorTest" runstate="Runnable" seed="1725876421" result="Passed" start-time="2024-05-28T07:16:50.0727210Z" end-time="2024-05-28T07:16:50.0888200Z" duration="0.016099" asserts="5" />
              <test-suite type="ParameterizedMethod" id="1-1882" name="IsFillComplete" fullname="PlayersWorlds.Maps.Maze.MazeGeneratorTest.IsFillComplete" classname="PlayersWorlds.Maps.Maze.MazeGeneratorTest" runstate="Runnable" testcasecount="504" result="Skipped" label="Ignored" site="Child" start-time="2024-05-28T07:16:50.0888340Z" end-time="2024-05-28T07:16:55.0576580Z" duration="4.968824" total="504" passed="360" failed="0" warnings="0" inconclusive="0" skipped="144" asserts="1800">
                <properties>
                  <property name="Category" value="Integration" />
                </properties>
                <reason>
                  <message><![CDATA[One or more child tests were ignored]]></message>
                </reason>
                <test-case id="1-1378" name="IsFillComplete(PlayersWorlds.Maps.Maze.AldousBroderMazeGenerator,Quarter,Auto,null)" fullname="PlayersWorlds.Maps.Maze.MazeGeneratorTest.IsFillComplete(PlayersWorlds.Maps.Maze.AldousBroderMazeGenerator,Quarter,Auto,null)" methodname="IsFillComplete" classname="PlayersWorlds.Maps.Maze.MazeGeneratorTest" runstate="Runnable" seed="1622752184" result="Passed" start-time="2024-05-28T07:16:50.0888470Z" end-time="2024-05-28T07:16:50.0943510Z" duration="0.005504" asserts="5" />
                <test-case id="1-1379" name="IsFillComplete(PlayersWorlds.Maps.Maze.AldousBroderMazeGenerator,Quarter,Auto,System.Collections.Generic.List`1[PlayersWorlds.Maps.Area])" fullname="PlayersWorlds.Maps.Maze.MazeGeneratorTest.IsFillComplete(PlayersWorlds.Maps.Maze.AldousBroderMazeGenerator,Quarter,Auto,System.Collections.Generic.List`1[PlayersWorlds.Maps.Area])" methodname="IsFillComplete" classname="PlayersWorlds.Maps.Maze.MazeGeneratorTest" runstate="Runnable" seed="1762537531" result="Passed" start-time="2024-05-28T07:16:50.0943620Z" end-time="2024-05-28T07:16:50.1025110Z" duration="0.008150" asserts="5" />
                <test-case id="1-1380" name="IsFillComplete(PlayersWorlds.Maps.Maze.AldousBroderMazeGenerator,Quarter,Auto,System.Collections.Generic.List`1[PlayersWorlds.Maps.Area])" fullname="PlayersWorlds.Maps.Maze.MazeGeneratorTest.IsFillComplete(PlayersWorlds.Maps.Maze.AldousBroderMazeGenerator,Quarter,Auto,System.Collections.Generic.List`1[PlayersWorlds.Maps.Area])" methodname="IsFillComplete" classname="PlayersWorlds.Maps.Maze.MazeGeneratorTest" runstate="Runnable" seed="2117894483" result="Passed" start-time="2024-05-28T07:16:50.1025220Z" end-time="2024-05-28T07:16:50.1184230Z" duration="0.015901" asserts="5" />
                <test-case id="1-1381" name="IsFillComplete(PlayersWorlds.Maps.Maze.AldousBroderMazeGenerator,Quarter,Auto,System.Collections.Generic.List`1[PlayersWorlds.Maps.Area])" fullname="PlayersWorlds.Maps.Maze.MazeGeneratorTest.IsFillComplete(PlayersWorlds.Maps.Maze.AldousBroderMazeGenerator,Quarter,Auto,System.Collections.Generic.List`1[PlayersWorlds.Maps.Area])" methodname="IsFillComplete" classname="PlayersWorlds.Maps.Maze.MazeGeneratorTest" runstate="Runnable" seed="553851172" result="Passed" start-time="2024-05-28T07:16:50.1184330Z" end-time="2024-05-28T07:16:50.1308490Z" duration="0.012415" asserts="5" />
                <test-case id="1-1382" name="IsFillComplete(PlayersWorlds.Maps.Maze.AldousBroderMazeGenerator,Quarter,Auto,System.Collections.Generic.List`1[PlayersWorlds.Maps.Area])" fullname="PlayersWorlds.Maps.Maze.MazeGeneratorTest.IsFillComplete(PlayersWorlds.Maps.Maze.AldousBroderMazeGenerator,Quarter,Auto,System.Collections.Generic.List`1[PlayersWorlds.Maps.Area])" methodname="IsFillComplete" classname="PlayersWorlds.Maps.Maze.MazeGeneratorTest" runstate="Runnable" seed="1162486974" result="Passed" start-time="2024-05-28T07:16:50.1308670Z" end-time="2024-05-28T07:16:50.1760290Z" duration="0.045161" asserts="5" />
                <test-case id="1-1383" name="IsFillComplete(PlayersWorlds.Maps.Maze.AldousBroderMazeGenerator,Quarter,Auto,System.Collections.Generic.List`1[PlayersWorlds.Maps.Area])" fullname="PlayersWorlds.Maps.Maze.MazeGeneratorTest.IsFillComplete(PlayersWorlds.Maps.Maze.AldousBroderMazeGenerator,Quarter,Auto,System.Collections.Generic.List`1[PlayersWorlds.Maps.Area])" methodname="IsFillComplete" classname="PlayersWorlds.Maps.Maze.MazeGeneratorTest" runstate="Runnable" seed="1259537508" result="Passed" start-time="2024-05-28T07:16:50.1760400Z" end-time="2024-05-28T07:16:50.2119990Z" duration="0.035959" asserts="5" />
                <test-case id="1-1384" name="IsFillComplete(PlayersWorlds.Maps.Maze.AldousBroderMazeGenerator,Quarter,Manual,null)" fullname="PlayersWorlds.Maps.Maze.MazeGeneratorTest.IsFillComplete(PlayersWorlds.Maps.Maze.AldousBroderMazeGenerator,Quarter,Manual,null)" methodname="IsFillComplete" classname="PlayersWorlds.Maps.Maze.MazeGeneratorTest" runstate="Runnable" seed="109846890" result="Passed" start-time="2024-05-28T07:16:50.2120090Z" end-time="2024-05-28T07:16:50.2151590Z" duration="0.003150" asserts="5" />
                <test-case id="1-1385" name="IsFillComplete(PlayersWorlds.Maps.Maze.AldousBroderMazeGenerator,Quarter,Manual,System.Collections.Generic.List`1[PlayersWorlds.Maps.Area])" fullname="PlayersWorlds.Maps.Maze.MazeGeneratorTest.IsFillComplete(PlayersWorlds.Maps.Maze.AldousBroderMazeGenerator,Quarter,Manual,System.Collections.Generic.List`1[PlayersWorlds.Maps.Area])" methodname="IsFillComplete" classname="PlayersWorlds.Maps.Maze.MazeGeneratorTest" runstate="Runnable" seed="1731820162" result="Passed" start-time="2024-05-28T07:16:50.2151700Z" end-time="2024-05-28T07:16:50.2176850Z" duration="0.002515" asserts="5" />
                <test-case id="1-1386" name="IsFillComplete(PlayersWorlds.Maps.Maze.AldousBroderMazeGenerator,Quarter,Manual,System.Collections.Generic.List`1[PlayersWorlds.Maps.Area])" fullname="PlayersWorlds.Maps.Maze.MazeGeneratorTest.IsFillComplete(PlayersWorlds.Maps.Maze.AldousBroderMazeGenerator,Quarter,Manual,System.Collections.Generic.List`1[PlayersWorlds.Maps.Area])" methodname="IsFillComplete" classname="PlayersWorlds.Maps.Maze.MazeGeneratorTest" runstate="Runnable" seed="1956682774" result="Passed" start-time="2024-05-28T07:16:50.2176940Z" end-time="2024-05-28T07:16:50.2226300Z" duration="0.004937" asserts="5" />
                <test-case id="1-1387" name="IsFillComplete(PlayersWorlds.Maps.Maze.AldousBroderMazeGenerator,Quarter,Manual,System.Collections.Generic.List`1[PlayersWorlds.Maps.Area])" fullname="PlayersWorlds.Maps.Maze.MazeGeneratorTest.IsFillComplete(PlayersWorlds.Maps.Maze.AldousBroderMazeGenerator,Quarter,Manual,System.Collections.Generic.List`1[PlayersWorlds.Maps.Area])" methodname="IsFillComplete" classname="PlayersWorlds.Maps.Maze.MazeGeneratorTest" runstate="Runnable" seed="1641474109" result="Passed" start-time="2024-05-28T07:16:50.2226400Z" end-time="2024-05-28T07:16:50.2278040Z" duration="0.005164" asserts="5" />
                <test-case id="1-1388" name="IsFillComplete(PlayersWorlds.Maps.Maze.AldousBroderMazeGenerator,Quarter,Manual,System.Collections.Generic.List`1[PlayersWorlds.Maps.Area])" fullname="PlayersWorlds.Maps.Maze.MazeGeneratorTest.IsFillComplete(PlayersWorlds.Maps.Maze.AldousBroderMazeGenerator,Quarter,Manual,System.Collections.Generic.List`1[PlayersWorlds.Maps.Area])" methodname="IsFillComplete" classname="PlayersWorlds.Maps.Maze.MazeGeneratorTest" runstate="Runnable" seed="1056163031" result="Passed" start-time="2024-05-28T07:16:50.2278170Z" end-time="2024-05-28T07:16:50.2395560Z" duration="0.011739" asserts="5" />
                <test-case id="1-1389" name="IsFillComplete(PlayersWorlds.Maps.Maze.AldousBroderMazeGenerator,Quarter,Manual,System.Collections.Generic.List`1[PlayersWorlds.Maps.Area])" fullname="PlayersWorlds.Maps.Maze.MazeGeneratorTest.IsFillComplete(PlayersWorlds.Maps.Maze.AldousBroderMazeGenerator,Quarter,Manual,System.Collections.Generic.List`1[PlayersWorlds.Maps.Area])" methodname="IsFillComplete" classname="PlayersWorlds.Maps.Maze.MazeGeneratorTest" runstate="Runnable" seed="2037828119" result="Passed" start-time="2024-05-28T07:16:50.2395660Z" end-time="2024-05-28T07:16:50.2506730Z" duration="0.011108" asserts="5" />
                <test-case id="1-1390" name="IsFillComplete(PlayersWorlds.Maps.Maze.AldousBroderMazeGenerator,Half,Auto,null)" fullname="PlayersWorlds.Maps.Maze.MazeGeneratorTest.IsFillComplete(PlayersWorlds.Maps.Maze.AldousBroderMazeGenerator,Half,Auto,null)" methodname="IsFillComplete" classname="PlayersWorlds.Maps.Maze.MazeGeneratorTest" runstate="Runnable" seed="1671994320" result="Passed" start-time="2024-05-28T07:16:50.2506840Z" end-time="2024-05-28T07:16:50.2676880Z" duration="0.017004" asserts="5" />
                <test-case id="1-1391" name="IsFillComplete(PlayersWorlds.Maps.Maze.AldousBroderMazeGenerator,Half,Auto,System.Collections.Generic.List`1[PlayersWorlds.Maps.Area])" fullname="PlayersWorlds.Maps.Maze.MazeGeneratorTest.IsFillComplete(PlayersWorlds.Maps.Maze.AldousBroderMazeGenerator,Half,Auto,System.Collections.Generic.List`1[PlayersWorlds.Maps.Area])" methodname="IsFillComplete" classname="PlayersWorlds.Maps.Maze.MazeGeneratorTest" runstate="Runnable" seed="1664570040" result="Passed" start-time="2024-05-28T07:16:50.2676990Z" end-time="2024-05-28T07:16:50.2793350Z" duration="0.011637" asserts="5" />
                <test-case id="1-1392" name="IsFillComplete(PlayersWorlds.Maps.Maze.AldousBroderMazeGenerator,Half,Auto,System.Collections.Generic.List`1[PlayersWorlds.Maps.Area])" fullname="PlayersWorlds.Maps.Maze.MazeGeneratorTest.IsFillComplete(PlayersWorlds.Maps.Maze.AldousBroderMazeGenerator,Half,Auto,System.Collections.Generic.List`1[PlayersWorlds.Maps.Area])" methodname="IsFillComplete" classname="PlayersWorlds.Maps.Maze.MazeGeneratorTest" runstate="Runnable" seed="600082690" result="Passed" start-time="2024-05-28T07:16:50.2793460Z" end-time="2024-05-28T07:16:50.2919810Z" duration="0.012635" asserts="5" />
                <test-case id="1-1393" name="IsFillComplete(PlayersWorlds.Maps.Maze.AldousBroderMazeGenerator,Half,Auto,System.Collections.Generic.List`1[PlayersWorlds.Maps.Area])" fullname="PlayersWorlds.Maps.Maze.MazeGeneratorTest.IsFillComplete(PlayersWorlds.Maps.Maze.AldousBroderMazeGenerator,Half,Auto,System.Collections.Generic.List`1[PlayersWorlds.Maps.Area])" methodname="IsFillComplete" classname="PlayersWorlds.Maps.Maze.MazeGeneratorTest" runstate="Runnable" seed="765134077" result="Passed" start-time="2024-05-28T07:16:50.2919920Z" end-time="2024-05-28T07:16:50.3033130Z" duration="0.011321" asserts="5" />
                <test-case id="1-1394" name="IsFillComplete(PlayersWorlds.Maps.Maze.AldousBroderMazeGenerator,Half,Auto,System.Collections.Generic.List`1[PlayersWorlds.Maps.Area])" fullname="PlayersWorlds.Maps.Maze.MazeGeneratorTest.IsFillComplete(PlayersWorlds.Maps.Maze.AldousBroderMazeGenerator,Half,Auto,System.Collections.Generic.List`1[PlayersWorlds.Maps.Area])" methodname="IsFillComplete" classname="PlayersWorlds.Maps.Maze.MazeGeneratorTest" runstate="Runnable" seed="1556565911" result="Passed" start-time="2024-05-28T07:16:50.3033230Z" end-time="2024-05-28T07:16:50.3192890Z" duration="0.015966" asserts="5" />
                <test-case id="1-1395" name="IsFillComplete(PlayersWorlds.Maps.Maze.AldousBroderMazeGenerator,Half,Auto,System.Collections.Generic.List`1[PlayersWorlds.Maps.Area])" fullname="PlayersWorlds.Maps.Maze.MazeGeneratorTest.IsFillComplete(PlayersWorlds.Maps.Maze.AldousBroderMazeGenerator,Half,Auto,System.Collections.Generic.List`1[PlayersWorlds.Maps.Area])" methodname="IsFillComplete" classname="PlayersWorlds.Maps.Maze.MazeGeneratorTest" runstate="Runnable" seed="2088593115" result="Passed" start-time="2024-05-28T07:16:50.3193000Z" end-time="2024-05-28T07:16:50.3488320Z" duration="0.029532" asserts="5" />
                <test-case id="1-1396" name="IsFillComplete(PlayersWorlds.Maps.Maze.AldousBroderMazeGenerator,Half,Manual,null)" fullname="PlayersWorlds.Maps.Maze.MazeGeneratorTest.IsFillComplete(PlayersWorlds.Maps.Maze.AldousBroderMazeGenerator,Half,Manual,null)" methodname="IsFillComplete" classname="PlayersWorlds.Maps.Maze.MazeGeneratorTest" runstate="Runnable" seed="1765700917" result="Passed" start-time="2024-05-28T07:16:50.3488430Z" end-time="2024-05-28T07:16:50.3523400Z" duration="0.003497" asserts="5" />
                <test-case id="1-1397" name="IsFillComplete(PlayersWorlds.Maps.Maze.AldousBroderMazeGenerator,Half,Manual,System.Collections.Generic.List`1[PlayersWorlds.Maps.Area])" fullname="PlayersWorlds.Maps.Maze.MazeGeneratorTest.IsFillComplete(PlayersWorlds.Maps.Maze.AldousBroderMazeGenerator,Half,Manual,System.Collections.Generic.List`1[PlayersWorlds.Maps.Area])" methodname="IsFillComplete" classname="PlayersWorlds.Maps.Maze.MazeGeneratorTest" runstate="Runnable" seed="387578371" result="Passed" start-time="2024-05-28T07:16:50.3523510Z" end-time="2024-05-28T07:16:50.3558660Z" duration="0.003515" asserts="5" />
                <test-case id="1-1398" name="IsFillComplete(PlayersWorlds.Maps.Maze.AldousBroderMazeGenerator,Half,Manual,System.Collections.Generic.List`1[PlayersWorlds.Maps.Area])" fullname="PlayersWorlds.Maps.Maze.MazeGeneratorTest.IsFillComplete(PlayersWorlds.Maps.Maze.AldousBroderMazeGenerator,Half,Manual,System.Collections.Generic.List`1[PlayersWorlds.Maps.Area])" methodname="IsFillComplete" classname="PlayersWorlds.Maps.Maze.MazeGeneratorTest" runstate="Runnable" seed="229125569" result="Passed" start-time="2024-05-28T07:16:50.3558760Z" end-time="2024-05-28T07:16:50.3604640Z" duration="0.004589" asserts="5" />
                <test-case id="1-1399" name="IsFillComplete(PlayersWorlds.Maps.Maze.AldousBroderMazeGenerator,Half,Manual,System.Collections.Generic.List`1[PlayersWorlds.Maps.Area])" fullname="PlayersWorlds.Maps.Maze.MazeGeneratorTest.IsFillComplete(PlayersWorlds.Maps.Maze.AldousBroderMazeGenerator,Half,Manual,System.Collections.Generic.List`1[PlayersWorlds.Maps.Area])" methodname="IsFillComplete" classname="PlayersWorlds.Maps.Maze.MazeGeneratorTest" runstate="Runnable" seed="974301375" result="Passed" start-time="2024-05-28T07:16:50.3604750Z" end-time="2024-05-28T07:16:50.3661150Z" duration="0.005640" asserts="5" />
                <test-case id="1-1400" name="IsFillComplete(PlayersWorlds.Maps.Maze.AldousBroderMazeGenerator,Half,Manual,System.Collections.Generic.List`1[PlayersWorlds.Maps.Area])" fullname="PlayersWorlds.Maps.Maze.MazeGeneratorTest.IsFillComplete(PlayersWorlds.Maps.Maze.AldousBroderMazeGenerator,Half,Manual,System.Collections.Generic.List`1[PlayersWorlds.Maps.Area])" methodname="IsFillComplete" classname="PlayersWorlds.Maps.Maze.MazeGeneratorTest" runstate="Runnable" seed="467974146" result="Passed" start-time="2024-05-28T07:16:50.3661250Z" end-time="2024-05-28T07:16:50.3780230Z" duration="0.011898" asserts="5" />
                <test-case id="1-1401" name="IsFillComplete(PlayersWorlds.Maps.Maze.AldousBroderMazeGenerator,Half,Manual,System.Collections.Generic.List`1[PlayersWorlds.Maps.Area])" fullname="PlayersWorlds.Maps.Maze.MazeGeneratorTest.IsFillComplete(PlayersWorlds.Maps.Maze.AldousBroderMazeGenerator,Half,Manual,System.Collections.Generic.List`1[PlayersWorlds.Maps.Area])" methodname="IsFillComplete" classname="PlayersWorlds.Maps.Maze.MazeGeneratorTest" runstate="Runnable" seed="2045604869" result="Passed" start-time="2024-05-28T07:16:50.3780330Z" end-time="2024-05-28T07:16:50.3893480Z" duration="0.011315" asserts="5" />
                <test-case id="1-1402" name="IsFillComplete(PlayersWorlds.Maps.Maze.AldousBroderMazeGenerator,ThreeQuarters,Auto,null)" fullname="PlayersWorlds.Maps.Maze.MazeGeneratorTest.IsFillComplete(PlayersWorlds.Maps.Maze.AldousBroderMazeGenerator,ThreeQuarters,Auto,null)" methodname="IsFillComplete" classname="PlayersWorlds.Maps.Maze.MazeGeneratorTest" runstate="Runnable" seed="882128032" result="Passed" start-time="2024-05-28T07:16:50.3893680Z" end-time="2024-05-28T07:16:50.3952230Z" duration="0.005855" asserts="5" />
                <test-case id="1-1403" name="IsFillComplete(PlayersWorlds.Maps.Maze.AldousBroderMazeGenerator,ThreeQuarters,Auto,System.Collections.Generic.List`1[PlayersWorlds.Maps.Area])" fullname="PlayersWorlds.Maps.Maze.MazeGeneratorTest.IsFillComplete(PlayersWorlds.Maps.Maze.AldousBroderMazeGenerator,ThreeQuarters,Auto,System.Collections.Generic.List`1[PlayersWorlds.Maps.Area])" methodname="IsFillComplete" classname="PlayersWorlds.Maps.Maze.MazeGeneratorTest" runstate="Runnable" seed="1698859138" result="Passed" start-time="2024-05-28T07:16:50.3952420Z" end-time="2024-05-28T07:16:50.4010960Z" duration="0.005854" asserts="5" />
                <test-case id="1-1404" name="IsFillComplete(PlayersWorlds.Maps.Maze.AldousBroderMazeGenerator,ThreeQuarters,Auto,System.Collections.Generic.List`1[PlayersWorlds.Maps.Area])" fullname="PlayersWorlds.Maps.Maze.MazeGeneratorTest.IsFillComplete(PlayersWorlds.Maps.Maze.AldousBroderMazeGenerator,ThreeQuarters,Auto,System.Collections.Generic.List`1[PlayersWorlds.Maps.Area])" methodname="IsFillComplete" classname="PlayersWorlds.Maps.Maze.MazeGeneratorTest" runstate="Runnable" seed="1465077643" result="Passed" start-time="2024-05-28T07:16:50.4011060Z" end-time="2024-05-28T07:16:50.4243860Z" duration="0.023280" asserts="5" />
                <test-case id="1-1405" name="IsFillComplete(PlayersWorlds.Maps.Maze.AldousBroderMazeGenerator,ThreeQuarters,Auto,System.Collections.Generic.List`1[PlayersWorlds.Maps.Area])" fullname="PlayersWorlds.Maps.Maze.MazeGeneratorTest.IsFillComplete(PlayersWorlds.Maps.Maze.AldousBroderMazeGenerator,ThreeQuarters,Auto,System.Collections.Generic.List`1[PlayersWorlds.Maps.Area])" methodname="IsFillComplete" classname="PlayersWorlds.Maps.Maze.MazeGeneratorTest" runstate="Runnable" seed="552226581" result="Passed" start-time="2024-05-28T07:16:50.4243970Z" end-time="2024-05-28T07:16:50.4478070Z" duration="0.023410" asserts="5" />
                <test-case id="1-1406" name="IsFillComplete(PlayersWorlds.Maps.Maze.AldousBroderMazeGenerator,ThreeQuarters,Auto,System.Collections.Generic.List`1[PlayersWorlds.Maps.Area])" fullname="PlayersWorlds.Maps.Maze.MazeGeneratorTest.IsFillComplete(PlayersWorlds.Maps.Maze.AldousBroderMazeGenerator,ThreeQuarters,Auto,System.Collections.Generic.List`1[PlayersWorlds.Maps.Area])" methodname="IsFillComplete" classname="PlayersWorlds.Maps.Maze.MazeGeneratorTest" runstate="Runnable" seed="790735852" result="Passed" start-time="2024-05-28T07:16:50.4478200Z" end-time="2024-05-28T07:16:50.4938290Z" duration="0.046009" asserts="5" />
                <test-case id="1-1407" name="IsFillComplete(PlayersWorlds.Maps.Maze.AldousBroderMazeGenerator,ThreeQuarters,Auto,System.Collections.Generic.List`1[PlayersWorlds.Maps.Area])" fullname="PlayersWorlds.Maps.Maze.MazeGeneratorTest.IsFillComplete(PlayersWorlds.Maps.Maze.AldousBroderMazeGenerator,ThreeQuarters,Auto,System.Collections.Generic.List`1[PlayersWorlds.Maps.Area])" methodname="IsFillComplete" classname="PlayersWorlds.Maps.Maze.MazeGeneratorTest" runstate="Runnable" seed="285006452" result="Passed" start-time="2024-05-28T07:16:50.4938410Z" end-time="2024-05-28T07:16:50.5315950Z" duration="0.037755" asserts="5" />
                <test-case id="1-1408" name="IsFillComplete(PlayersWorlds.Maps.Maze.AldousBroderMazeGenerator,ThreeQuarters,Manual,null)" fullname="PlayersWorlds.Maps.Maze.MazeGeneratorTest.IsFillComplete(PlayersWorlds.Maps.Maze.AldousBroderMazeGenerator,ThreeQuarters,Manual,null)" methodname="IsFillComplete" classname="PlayersWorlds.Maps.Maze.MazeGeneratorTest" runstate="Runnable" seed="65472411" result="Passed" start-time="2024-05-28T07:16:50.5316060Z" end-time="2024-05-28T07:16:50.5355990Z" duration="0.003994" asserts="5" />
                <test-case id="1-1409" name="IsFillComplete(PlayersWorlds.Maps.Maze.AldousBroderMazeGenerator,ThreeQuarters,Manual,System.Collections.Generic.List`1[PlayersWorlds.Maps.Area])" fullname="PlayersWorlds.Maps.Maze.MazeGeneratorTest.IsFillComplete(PlayersWorlds.Maps.Maze.AldousBroderMazeGenerator,ThreeQuarters,Manual,System.Collections.Generic.List`1[PlayersWorlds.Maps.Area])" methodname="IsFillComplete" classname="PlayersWorlds.Maps.Maze.MazeGeneratorTest" runstate="Runnable" seed="1720277140" result="Passed" start-time="2024-05-28T07:16:50.5356100Z" end-time="2024-05-28T07:16:50.5395120Z" duration="0.003902" asserts="5" />
                <test-case id="1-1410" name="IsFillComplete(PlayersWorlds.Maps.Maze.AldousBroderMazeGenerator,ThreeQuarters,Manual,System.Collections.Generic.List`1[PlayersWorlds.Maps.Area])" fullname="PlayersWorlds.Maps.Maze.MazeGeneratorTest.IsFillComplete(PlayersWorlds.Maps.Maze.AldousBroderMazeGenerator,ThreeQuarters,Manual,System.Collections.Generic.List`1[PlayersWorlds.Maps.Area])" methodname="IsFillComplete" classname="PlayersWorlds.Maps.Maze.MazeGeneratorTest" runstate="Runnable" seed="844635174" result="Passed" start-time="2024-05-28T07:16:50.5395220Z" end-time="2024-05-28T07:16:50.5453400Z" duration="0.005819" asserts="5" />
                <test-case id="1-1411" name="IsFillComplete(PlayersWorlds.Maps.Maze.AldousBroderMazeGenerator,ThreeQuarters,Manual,System.Collections.Generic.List`1[PlayersWorlds.Maps.Area])" fullname="PlayersWorlds.Maps.Maze.MazeGeneratorTest.IsFillComplete(PlayersWorlds.Maps.Maze.AldousBroderMazeGenerator,ThreeQuarters,Manual,System.Collections.Generic.List`1[PlayersWorlds.Maps.Area])" methodname="IsFillComplete" classname="PlayersWorlds.Maps.Maze.MazeGeneratorTest" runstate="Runnable" seed="906447820" result="Passed" start-time="2024-05-28T07:16:50.5453510Z" end-time="2024-05-28T07:16:50.5505470Z" duration="0.005196" asserts="5" />
                <test-case id="1-1412" name="IsFillComplete(PlayersWorlds.Maps.Maze.AldousBroderMazeGenerator,ThreeQuarters,Manual,System.Collections.Generic.List`1[PlayersWorlds.Maps.Area])" fullname="PlayersWorlds.Maps.Maze.MazeGeneratorTest.IsFillComplete(PlayersWorlds.Maps.Maze.AldousBroderMazeGenerator,ThreeQuarters,Manual,System.Collections.Generic.List`1[PlayersWorlds.Maps.Area])" methodname="IsFillComplete" classname="PlayersWorlds.Maps.Maze.MazeGeneratorTest" runstate="Runnable" seed="69323931" result="Passed" start-time="2024-05-28T07:16:50.5505570Z" end-time="2024-05-28T07:16:50.5628160Z" duration="0.012259" asserts="5" />
                <test-case id="1-1413" name="IsFillComplete(PlayersWorlds.Maps.Maze.AldousBroderMazeGenerator,ThreeQuarters,Manual,System.Collections.Generic.List`1[PlayersWorlds.Maps.Area])" fullname="PlayersWorlds.Maps.Maze.MazeGeneratorTest.IsFillComplete(PlayersWorlds.Maps.Maze.AldousBroderMazeGenerator,ThreeQuarters,Manual,System.Collections.Generic.List`1[PlayersWorlds.Maps.Area])" methodname="IsFillComplete" classname="PlayersWorlds.Maps.Maze.MazeGeneratorTest" runstate="Runnable" seed="1882883429" result="Passed" start-time="2024-05-28T07:16:50.5628360Z" end-time="2024-05-28T07:16:50.5755260Z" duration="0.012690" asserts="5" />
                <test-case id="1-1414" name="IsFillComplete(PlayersWorlds.Maps.Maze.AldousBroderMazeGenerator,NinetyPercent,Auto,null)" fullname="PlayersWorlds.Maps.Maze.MazeGeneratorTest.IsFillComplete(PlayersWorlds.Maps.Maze.AldousBroderMazeGenerator,NinetyPercent,Auto,null)" methodname="IsFillComplete" classname="PlayersWorlds.Maps.Maze.MazeGeneratorTest" runstate="Runnable" seed="826039017" result="Passed" start-time="2024-05-28T07:16:50.5755360Z" end-time="2024-05-28T07:16:50.5943870Z" duration="0.018851" asserts="5" />
                <test-case id="1-1415" name="IsFillComplete(PlayersWorlds.Maps.Maze.AldousBroderMazeGenerator,NinetyPercent,Auto,System.Collections.Generic.List`1[PlayersWorlds.Maps.Area])" fullname="PlayersWorlds.Maps.Maze.MazeGeneratorTest.IsFillComplete(PlayersWorlds.Maps.Maze.AldousBroderMazeGenerator,NinetyPercent,Auto,System.Collections.Generic.List`1[PlayersWorlds.Maps.Area])" methodname="IsFillComplete" classname="PlayersWorlds.Maps.Maze.MazeGeneratorTest" runstate="Runnable" seed="371503913" result="Passed" start-time="2024-05-28T07:16:50.5943980Z" end-time="2024-05-28T07:16:50.6095440Z" duration="0.015146" asserts="5" />
                <test-case id="1-1416" name="IsFillComplete(PlayersWorlds.Maps.Maze.AldousBroderMazeGenerator,NinetyPercent,Auto,System.Collections.Generic.List`1[PlayersWorlds.Maps.Area])" fullname="PlayersWorlds.Maps.Maze.MazeGeneratorTest.IsFillComplete(PlayersWorlds.Maps.Maze.AldousBroderMazeGenerator,NinetyPercent,Auto,System.Collections.Generic.List`1[PlayersWorlds.Maps.Area])" methodname="IsFillComplete" classname="PlayersWorlds.Maps.Maze.MazeGeneratorTest" runstate="Runnable" seed="1437358445" result="Passed" start-time="2024-05-28T07:16:50.6095550Z" end-time="2024-05-28T07:16:50.6285560Z" duration="0.019001" asserts="5" />
                <test-case id="1-1417" name="IsFillComplete(PlayersWorlds.Maps.Maze.AldousBroderMazeGenerator,NinetyPercent,Auto,System.Collections.Generic.List`1[PlayersWorlds.Maps.Area])" fullname="PlayersWorlds.Maps.Maze.MazeGeneratorTest.IsFillComplete(PlayersWorlds.Maps.Maze.AldousBroderMazeGenerator,NinetyPercent,Auto,System.Collections.Generic.List`1[PlayersWorlds.Maps.Area])" methodname="IsFillComplete" classname="PlayersWorlds.Maps.Maze.MazeGeneratorTest" runstate="Runnable" seed="1349473336" result="Passed" start-time="2024-05-28T07:16:50.6285700Z" end-time="2024-05-28T07:16:50.6592640Z" duration="0.030694" asserts="5" />
                <test-case id="1-1418" name="IsFillComplete(PlayersWorlds.Maps.Maze.AldousBroderMazeGenerator,NinetyPercent,Auto,System.Collections.Generic.List`1[PlayersWorlds.Maps.Area])" fullname="PlayersWorlds.Maps.Maze.MazeGeneratorTest.IsFillComplete(PlayersWorlds.Maps.Maze.AldousBroderMazeGenerator,NinetyPercent,Auto,System.Collections.Generic.List`1[PlayersWorlds.Maps.Area])" methodname="IsFillComplete" classname="PlayersWorlds.Maps.Maze.MazeGeneratorTest" runstate="Runnable" seed="1176391981" result="Passed" start-time="2024-05-28T07:16:50.6592750Z" end-time="2024-05-28T07:16:50.6888910Z" duration="0.029617" asserts="5" />
                <test-case id="1-1419" name="IsFillComplete(PlayersWorlds.Maps.Maze.AldousBroderMazeGenerator,NinetyPercent,Auto,System.Collections.Generic.List`1[PlayersWorlds.Maps.Area])" fullname="PlayersWorlds.Maps.Maze.MazeGeneratorTest.IsFillComplete(PlayersWorlds.Maps.Maze.AldousBroderMazeGenerator,NinetyPercent,Auto,System.Collections.Generic.List`1[PlayersWorlds.Maps.Area])" methodname="IsFillComplete" classname="PlayersWorlds.Maps.Maze.MazeGeneratorTest" runstate="Runnable" seed="2078562386" result="Passed" start-time="2024-05-28T07:16:50.6889020Z" end-time="2024-05-28T07:16:50.7054190Z" duration="0.016517" asserts="5" />
                <test-case id="1-1420" name="IsFillComplete(PlayersWorlds.Maps.Maze.AldousBroderMazeGenerator,NinetyPercent,Manual,null)" fullname="PlayersWorlds.Maps.Maze.MazeGeneratorTest.IsFillComplete(PlayersWorlds.Maps.Maze.AldousBroderMazeGenerator,NinetyPercent,Manual,null)" methodname="IsFillComplete" classname="PlayersWorlds.Maps.Maze.MazeGeneratorTest" runstate="Runnable" seed="928586821" result="Passed" start-time="2024-05-28T07:16:50.7054290Z" end-time="2024-05-28T07:16:50.7097770Z" duration="0.004348" asserts="5" />
                <test-case id="1-1421" name="IsFillComplete(PlayersWorlds.Maps.Maze.AldousBroderMazeGenerator,NinetyPercent,Manual,System.Collections.Generic.List`1[PlayersWorlds.Maps.Area])" fullname="PlayersWorlds.Maps.Maze.MazeGeneratorTest.IsFillComplete(PlayersWorlds.Maps.Maze.AldousBroderMazeGenerator,NinetyPercent,Manual,System.Collections.Generic.List`1[PlayersWorlds.Maps.Area])" methodname="IsFillComplete" classname="PlayersWorlds.Maps.Maze.MazeGeneratorTest" runstate="Runnable" seed="904091754" result="Passed" start-time="2024-05-28T07:16:50.7097940Z" end-time="2024-05-28T07:16:50.7137260Z" duration="0.003932" asserts="5" />
                <test-case id="1-1422" name="IsFillComplete(PlayersWorlds.Maps.Maze.AldousBroderMazeGenerator,NinetyPercent,Manual,System.Collections.Generic.List`1[PlayersWorlds.Maps.Area])" fullname="PlayersWorlds.Maps.Maze.MazeGeneratorTest.IsFillComplete(PlayersWorlds.Maps.Maze.AldousBroderMazeGenerator,NinetyPercent,Manual,System.Collections.Generic.List`1[PlayersWorlds.Maps.Area])" methodname="IsFillComplete" classname="PlayersWorlds.Maps.Maze.MazeGeneratorTest" runstate="Runnable" seed="3567610" result="Passed" start-time="2024-05-28T07:16:50.7137360Z" end-time="2024-05-28T07:16:50.7201170Z" duration="0.006381" asserts="5" />
                <test-case id="1-1423" name="IsFillComplete(PlayersWorlds.Maps.Maze.AldousBroderMazeGenerator,NinetyPercent,Manual,System.Collections.Generic.List`1[PlayersWorlds.Maps.Area])" fullname="PlayersWorlds.Maps.Maze.MazeGeneratorTest.IsFillComplete(PlayersWorlds.Maps.Maze.AldousBroderMazeGenerator,NinetyPercent,Manual,System.Collections.Generic.List`1[PlayersWorlds.Maps.Area])" methodname="IsFillComplete" classname="PlayersWorlds.Maps.Maze.MazeGeneratorTest" runstate="Runnable" seed="1449162954" result="Passed" start-time="2024-05-28T07:16:50.7201340Z" end-time="2024-05-28T07:16:50.7263340Z" duration="0.006199" asserts="5" />
                <test-case id="1-1424" name="IsFillComplete(PlayersWorlds.Maps.Maze.AldousBroderMazeGenerator,NinetyPercent,Manual,System.Collections.Generic.List`1[PlayersWorlds.Maps.Area])" fullname="PlayersWorlds.Maps.Maze.MazeGeneratorTest.IsFillComplete(PlayersWorlds.Maps.Maze.AldousBroderMazeGenerator,NinetyPercent,Manual,System.Collections.Generic.List`1[PlayersWorlds.Maps.Area])" methodname="IsFillComplete" classname="PlayersWorlds.Maps.Maze.MazeGeneratorTest" runstate="Runnable" seed="1043615557" result="Passed" start-time="2024-05-28T07:16:50.7263510Z" end-time="2024-05-28T07:16:50.7388310Z" duration="0.012480" asserts="5" />
                <test-case id="1-1425" name="IsFillComplete(PlayersWorlds.Maps.Maze.AldousBroderMazeGenerator,NinetyPercent,Manual,System.Collections.Generic.List`1[PlayersWorlds.Maps.Area])" fullname="PlayersWorlds.Maps.Maze.MazeGeneratorTest.IsFillComplete(PlayersWorlds.Maps.Maze.AldousBroderMazeGenerator,NinetyPercent,Manual,System.Collections.Generic.List`1[PlayersWorlds.Maps.Area])" methodname="IsFillComplete" classname="PlayersWorlds.Maps.Maze.MazeGeneratorTest" runstate="Runnable" seed="1843033531" result="Passed" start-time="2024-05-28T07:16:50.7388410Z" end-time="2024-05-28T07:16:50.7508440Z" duration="0.012004" asserts="5" />
                <test-case id="1-1426" name="IsFillComplete(PlayersWorlds.Maps.Maze.AldousBroderMazeGenerator,FullWidth,Auto,null)" fullname="PlayersWorlds.Maps.Maze.MazeGeneratorTest.IsFillComplete(PlayersWorlds.Maps.Maze.AldousBroderMazeGenerator,FullWidth,Auto,null)" methodname="IsFillComplete" classname="PlayersWorlds.Maps.Maze.MazeGeneratorTest" runstate="Runnable" seed="1671523375" result="Passed" start-time="2024-05-28T07:16:50.7508550Z" end-time="2024-05-28T07:16:50.7573770Z" duration="0.006523" asserts="5" />
                <test-case id="1-1427" name="IsFillComplete(PlayersWorlds.Maps.Maze.AldousBroderMazeGenerator,FullWidth,Auto,System.Collections.Generic.List`1[PlayersWorlds.Maps.Area])" fullname="PlayersWorlds.Maps.Maze.MazeGeneratorTest.IsFillComplete(PlayersWorlds.Maps.Maze.AldousBroderMazeGenerator,FullWidth,Auto,System.Collections.Generic.List`1[PlayersWorlds.Maps.Area])" methodname="IsFillComplete" classname="PlayersWorlds.Maps.Maze.MazeGeneratorTest" runstate="Runnable" seed="1550490444" result="Passed" start-time="2024-05-28T07:16:50.7573880Z" end-time="2024-05-28T07:16:50.7629350Z" duration="0.005547" asserts="5" />
                <test-case id="1-1428" name="IsFillComplete(PlayersWorlds.Maps.Maze.AldousBroderMazeGenerator,FullWidth,Auto,System.Collections.Generic.List`1[PlayersWorlds.Maps.Area])" fullname="PlayersWorlds.Maps.Maze.MazeGeneratorTest.IsFillComplete(PlayersWorlds.Maps.Maze.AldousBroderMazeGenerator,FullWidth,Auto,System.Collections.Generic.List`1[PlayersWorlds.Maps.Area])" methodname="IsFillComplete" classname="PlayersWorlds.Maps.Maze.MazeGeneratorTest" runstate="Runnable" seed="1079324983" result="Passed" start-time="2024-05-28T07:16:50.7629450Z" end-time="2024-05-28T07:16:50.7845190Z" duration="0.021575" asserts="5" />
                <test-case id="1-1429" name="IsFillComplete(PlayersWorlds.Maps.Maze.AldousBroderMazeGenerator,FullWidth,Auto,System.Collections.Generic.List`1[PlayersWorlds.Maps.Area])" fullname="PlayersWorlds.Maps.Maze.MazeGeneratorTest.IsFillComplete(PlayersWorlds.Maps.Maze.AldousBroderMazeGenerator,FullWidth,Auto,System.Collections.Generic.List`1[PlayersWorlds.Maps.Area])" methodname="IsFillComplete" classname="PlayersWorlds.Maps.Maze.MazeGeneratorTest" runstate="Runnable" seed="560942732" result="Passed" start-time="2024-05-28T07:16:50.7845300Z" end-time="2024-05-28T07:16:50.7966940Z" duration="0.012164" asserts="5" />
                <test-case id="1-1430" name="IsFillComplete(PlayersWorlds.Maps.Maze.AldousBroderMazeGenerator,FullWidth,Auto,System.Collections.Generic.List`1[PlayersWorlds.Maps.Area])" fullname="PlayersWorlds.Maps.Maze.MazeGeneratorTest.IsFillComplete(PlayersWorlds.Maps.Maze.AldousBroderMazeGenerator,FullWidth,Auto,System.Collections.Generic.List`1[PlayersWorlds.Maps.Area])" methodname="IsFillComplete" classname="PlayersWorlds.Maps.Maze.MazeGeneratorTest" runstate="Runnable" seed="1976440454" result="Passed" start-time="2024-05-28T07:16:50.7967040Z" end-time="2024-05-28T07:16:50.8337220Z" duration="0.037018" asserts="5" />
                <test-case id="1-1431" name="IsFillComplete(PlayersWorlds.Maps.Maze.AldousBroderMazeGenerator,FullWidth,Auto,System.Collections.Generic.List`1[PlayersWorlds.Maps.Area])" fullname="PlayersWorlds.Maps.Maze.MazeGeneratorTest.IsFillComplete(PlayersWorlds.Maps.Maze.AldousBroderMazeGenerator,FullWidth,Auto,System.Collections.Generic.List`1[PlayersWorlds.Maps.Area])" methodname="IsFillComplete" classname="PlayersWorlds.Maps.Maze.MazeGeneratorTest" runstate="Runnable" seed="257582037" result="Passed" start-time="2024-05-28T07:16:50.8337320Z" end-time="2024-05-28T07:16:50.8634430Z" duration="0.029711" asserts="5" />
                <test-case id="1-1432" name="IsFillComplete(PlayersWorlds.Maps.Maze.AldousBroderMazeGenerator,FullWidth,Manual,null)" fullname="PlayersWorlds.Maps.Maze.MazeGeneratorTest.IsFillComplete(PlayersWorlds.Maps.Maze.AldousBroderMazeGenerator,FullWidth,Manual,null)" methodname="IsFillComplete" classname="PlayersWorlds.Maps.Maze.MazeGeneratorTest" runstate="Runnable" seed="1045027488" result="Passed" start-time="2024-05-28T07:16:50.8634530Z" end-time="2024-05-28T07:16:50.8665720Z" duration="0.003119" asserts="5" />
                <test-case id="1-1433" name="IsFillComplete(PlayersWorlds.Maps.Maze.AldousBroderMazeGenerator,FullWidth,Manual,System.Collections.Generic.List`1[PlayersWorlds.Maps.Area])" fullname="PlayersWorlds.Maps.Maze.MazeGeneratorTest.IsFillComplete(PlayersWorlds.Maps.Maze.AldousBroderMazeGenerator,FullWidth,Manual,System.Collections.Generic.List`1[PlayersWorlds.Maps.Area])" methodname="IsFillComplete" classname="PlayersWorlds.Maps.Maze.MazeGeneratorTest" runstate="Runnable" seed="648450809" result="Passed" start-time="2024-05-28T07:16:50.8665820Z" end-time="2024-05-28T07:16:50.8704810Z" duration="0.003899" asserts="5" />
                <test-case id="1-1434" name="IsFillComplete(PlayersWorlds.Maps.Maze.AldousBroderMazeGenerator,FullWidth,Manual,System.Collections.Generic.List`1[PlayersWorlds.Maps.Area])" fullname="PlayersWorlds.Maps.Maze.MazeGeneratorTest.IsFillComplete(PlayersWorlds.Maps.Maze.AldousBroderMazeGenerator,FullWidth,Manual,System.Collections.Generic.List`1[PlayersWorlds.Maps.Area])" methodname="IsFillComplete" classname="PlayersWorlds.Maps.Maze.MazeGeneratorTest" runstate="Runnable" seed="1294563385" result="Passed" start-time="2024-05-28T07:16:50.8704930Z" end-time="2024-05-28T07:16:50.8755740Z" duration="0.005082" asserts="5" />
                <test-case id="1-1435" name="IsFillComplete(PlayersWorlds.Maps.Maze.AldousBroderMazeGenerator,FullWidth,Manual,System.Collections.Generic.List`1[PlayersWorlds.Maps.Area])" fullname="PlayersWorlds.Maps.Maze.MazeGeneratorTest.IsFillComplete(PlayersWorlds.Maps.Maze.AldousBroderMazeGenerator,FullWidth,Manual,System.Collections.Generic.List`1[PlayersWorlds.Maps.Area])" methodname="IsFillComplete" classname="PlayersWorlds.Maps.Maze.MazeGeneratorTest" runstate="Runnable" seed="72289614" result="Passed" start-time="2024-05-28T07:16:50.8755850Z" end-time="2024-05-28T07:16:50.8811800Z" duration="0.005595" asserts="5" />
                <test-case id="1-1436" name="IsFillComplete(PlayersWorlds.Maps.Maze.AldousBroderMazeGenerator,FullWidth,Manual,System.Collections.Generic.List`1[PlayersWorlds.Maps.Area])" fullname="PlayersWorlds.Maps.Maze.MazeGeneratorTest.IsFillComplete(PlayersWorlds.Maps.Maze.AldousBroderMazeGenerator,FullWidth,Manual,System.Collections.Generic.List`1[PlayersWorlds.Maps.Area])" methodname="IsFillComplete" classname="PlayersWorlds.Maps.Maze.MazeGeneratorTest" runstate="Runnable" seed="1819206787" result="Passed" start-time="2024-05-28T07:16:50.8811900Z" end-time="2024-05-28T07:16:50.8931830Z" duration="0.011993" asserts="5" />
                <test-case id="1-1437" name="IsFillComplete(PlayersWorlds.Maps.Maze.AldousBroderMazeGenerator,FullWidth,Manual,System.Collections.Generic.List`1[PlayersWorlds.Maps.Area])" fullname="PlayersWorlds.Maps.Maze.MazeGeneratorTest.IsFillComplete(PlayersWorlds.Maps.Maze.AldousBroderMazeGenerator,FullWidth,Manual,System.Collections.Generic.List`1[PlayersWorlds.Maps.Area])" methodname="IsFillComplete" classname="PlayersWorlds.Maps.Maze.MazeGeneratorTest" runstate="Runnable" seed="1611111483" result="Passed" start-time="2024-05-28T07:16:50.8931930Z" end-time="2024-05-28T07:16:50.9052240Z" duration="0.012031" asserts="5" />
                <test-case id="1-1438" name="IsFillComplete(PlayersWorlds.Maps.Maze.AldousBroderMazeGenerator,FullHeight,Auto,null)" fullname="PlayersWorlds.Maps.Maze.MazeGeneratorTest.IsFillComplete(PlayersWorlds.Maps.Maze.AldousBroderMazeGenerator,FullHeight,Auto,null)" methodname="IsFillComplete" classname="PlayersWorlds.Maps.Maze.MazeGeneratorTest" runstate="Runnable" seed="1941943512" result="Passed" start-time="2024-05-28T07:16:50.9052420Z" end-time="2024-05-28T07:16:50.9221600Z" duration="0.016918" asserts="5" />
                <test-case id="1-1439" name="IsFillComplete(PlayersWorlds.Maps.Maze.AldousBroderMazeGenerator,FullHeight,Auto,System.Collections.Generic.List`1[PlayersWorlds.Maps.Area])" fullname="PlayersWorlds.Maps.Maze.MazeGeneratorTest.IsFillComplete(PlayersWorlds.Maps.Maze.AldousBroderMazeGenerator,FullHeight,Auto,System.Collections.Generic.List`1[PlayersWorlds.Maps.Area])" methodname="IsFillComplete" classname="PlayersWorlds.Maps.Maze.MazeGeneratorTest" runstate="Runnable" seed="1705103956" result="Passed" start-time="2024-05-28T07:16:50.9221710Z" end-time="2024-05-28T07:16:50.9447580Z" duration="0.022587" asserts="5" />
                <test-case id="1-1440" name="IsFillComplete(PlayersWorlds.Maps.Maze.AldousBroderMazeGenerator,FullHeight,Auto,System.Collections.Generic.List`1[PlayersWorlds.Maps.Area])" fullname="PlayersWorlds.Maps.Maze.MazeGeneratorTest.IsFillComplete(PlayersWorlds.Maps.Maze.AldousBroderMazeGenerator,FullHeight,Auto,System.Collections.Generic.List`1[PlayersWorlds.Maps.Area])" methodname="IsFillComplete" classname="PlayersWorlds.Maps.Maze.MazeGeneratorTest" runstate="Runnable" seed="941084310" result="Passed" start-time="2024-05-28T07:16:50.9447760Z" end-time="2024-05-28T07:16:50.9613770Z" duration="0.016601" asserts="5" />
                <test-case id="1-1441" name="IsFillComplete(PlayersWorlds.Maps.Maze.AldousBroderMazeGenerator,FullHeight,Auto,System.Collections.Generic.List`1[PlayersWorlds.Maps.Area])" fullname="PlayersWorlds.Maps.Maze.MazeGeneratorTest.IsFillComplete(PlayersWorlds.Maps.Maze.AldousBroderMazeGenerator,FullHeight,Auto,System.Collections.Generic.List`1[PlayersWorlds.Maps.Area])" methodname="IsFillComplete" classname="PlayersWorlds.Maps.Maze.MazeGeneratorTest" runstate="Runnable" seed="1671676322" result="Passed" start-time="2024-05-28T07:16:50.9613870Z" end-time="2024-05-28T07:16:50.9738820Z" duration="0.012494" asserts="5" />
                <test-case id="1-1442" name="IsFillComplete(PlayersWorlds.Maps.Maze.AldousBroderMazeGenerator,FullHeight,Auto,System.Collections.Generic.List`1[PlayersWorlds.Maps.Area])" fullname="PlayersWorlds.Maps.Maze.MazeGeneratorTest.IsFillComplete(PlayersWorlds.Maps.Maze.AldousBroderMazeGenerator,FullHeight,Auto,System.Collections.Generic.List`1[PlayersWorlds.Maps.Area])" methodname="IsFillComplete" classname="PlayersWorlds.Maps.Maze.MazeGeneratorTest" runstate="Runnable" seed="1576001698" result="Passed" start-time="2024-05-28T07:16:50.9739010Z" end-time="2024-05-28T07:16:51.0027010Z" duration="0.028801" asserts="5" />
                <test-case id="1-1443" name="IsFillComplete(PlayersWorlds.Maps.Maze.AldousBroderMazeGenerator,FullHeight,Auto,System.Collections.Generic.List`1[PlayersWorlds.Maps.Area])" fullname="PlayersWorlds.Maps.Maze.MazeGeneratorTest.IsFillComplete(PlayersWorlds.Maps.Maze.AldousBroderMazeGenerator,FullHeight,Auto,System.Collections.Generic.List`1[PlayersWorlds.Maps.Area])" methodname="IsFillComplete" classname="PlayersWorlds.Maps.Maze.MazeGeneratorTest" runstate="Runnable" seed="1483369538" result="Passed" start-time="2024-05-28T07:16:51.0027120Z" end-time="2024-05-28T07:16:51.0386500Z" duration="0.035939" asserts="5" />
                <test-case id="1-1444" name="IsFillComplete(PlayersWorlds.Maps.Maze.AldousBroderMazeGenerator,FullHeight,Manual,null)" fullname="PlayersWorlds.Maps.Maze.MazeGeneratorTest.IsFillComplete(PlayersWorlds.Maps.Maze.AldousBroderMazeGenerator,FullHeight,Manual,null)" methodname="IsFillComplete" classname="PlayersWorlds.Maps.Maze.MazeGeneratorTest" runstate="Runnable" seed="1193192945" result="Passed" start-time="2024-05-28T07:16:51.0386610Z" end-time="2024-05-28T07:16:51.0423900Z" duration="0.003730" asserts="5" />
                <test-case id="1-1445" name="IsFillComplete(PlayersWorlds.Maps.Maze.AldousBroderMazeGenerator,FullHeight,Manual,System.Collections.Generic.List`1[PlayersWorlds.Maps.Area])" fullname="PlayersWorlds.Maps.Maze.MazeGeneratorTest.IsFillComplete(PlayersWorlds.Maps.Maze.AldousBroderMazeGenerator,FullHeight,Manual,System.Collections.Generic.List`1[PlayersWorlds.Maps.Area])" methodname="IsFillComplete" classname="PlayersWorlds.Maps.Maze.MazeGeneratorTest" runstate="Runnable" seed="765546500" result="Passed" start-time="2024-05-28T07:16:51.0424010Z" end-time="2024-05-28T07:16:51.0463870Z" duration="0.003986" asserts="5" />
                <test-case id="1-1446" name="IsFillComplete(PlayersWorlds.Maps.Maze.AldousBroderMazeGenerator,FullHeight,Manual,System.Collections.Generic.List`1[PlayersWorlds.Maps.Area])" fullname="PlayersWorlds.Maps.Maze.MazeGeneratorTest.IsFillComplete(PlayersWorlds.Maps.Maze.AldousBroderMazeGenerator,FullHeight,Manual,System.Collections.Generic.List`1[PlayersWorlds.Maps.Area])" methodname="IsFillComplete" classname="PlayersWorlds.Maps.Maze.MazeGeneratorTest" runstate="Runnable" seed="1595246109" result="Passed" start-time="2024-05-28T07:16:51.0464040Z" end-time="2024-05-28T07:16:51.0514570Z" duration="0.005054" asserts="5" />
                <test-case id="1-1447" name="IsFillComplete(PlayersWorlds.Maps.Maze.AldousBroderMazeGenerator,FullHeight,Manual,System.Collections.Generic.List`1[PlayersWorlds.Maps.Area])" fullname="PlayersWorlds.Maps.Maze.MazeGeneratorTest.IsFillComplete(PlayersWorlds.Maps.Maze.AldousBroderMazeGenerator,FullHeight,Manual,System.Collections.Generic.List`1[PlayersWorlds.Maps.Area])" methodname="IsFillComplete" classname="PlayersWorlds.Maps.Maze.MazeGeneratorTest" runstate="Runnable" seed="864682908" result="Passed" start-time="2024-05-28T07:16:51.0514680Z" end-time="2024-05-28T07:16:51.0572930Z" duration="0.005825" asserts="5" />
                <test-case id="1-1448" name="IsFillComplete(PlayersWorlds.Maps.Maze.AldousBroderMazeGenerator,FullHeight,Manual,System.Collections.Generic.List`1[PlayersWorlds.Maps.Area])" fullname="PlayersWorlds.Maps.Maze.MazeGeneratorTest.IsFillComplete(PlayersWorlds.Maps.Maze.AldousBroderMazeGenerator,FullHeight,Manual,System.Collections.Generic.List`1[PlayersWorlds.Maps.Area])" methodname="IsFillComplete" classname="PlayersWorlds.Maps.Maze.MazeGeneratorTest" runstate="Runnable" seed="2086578707" result="Passed" start-time="2024-05-28T07:16:51.0573030Z" end-time="2024-05-28T07:16:51.0689290Z" duration="0.011627" asserts="5" />
                <test-case id="1-1449" name="IsFillComplete(PlayersWorlds.Maps.Maze.AldousBroderMazeGenerator,FullHeight,Manual,System.Collections.Generic.List`1[PlayersWorlds.Maps.Area])" fullname="PlayersWorlds.Maps.Maze.MazeGeneratorTest.IsFillComplete(PlayersWorlds.Maps.Maze.AldousBroderMazeGenerator,FullHeight,Manual,System.Collections.Generic.List`1[PlayersWorlds.Maps.Area])" methodname="IsFillComplete" classname="PlayersWorlds.Maps.Maze.MazeGeneratorTest" runstate="Runnable" seed="1185061998" result="Passed" start-time="2024-05-28T07:16:51.0689400Z" end-time="2024-05-28T07:16:51.0806500Z" duration="0.011710" asserts="5" />
                <test-case id="1-1450" name="IsFillComplete(PlayersWorlds.Maps.Maze.AldousBroderMazeGenerator,Full,Auto,null)" fullname="PlayersWorlds.Maps.Maze.MazeGeneratorTest.IsFillComplete(PlayersWorlds.Maps.Maze.AldousBroderMazeGenerator,Full,Auto,null)" methodname="IsFillComplete" classname="PlayersWorlds.Maps.Maze.MazeGeneratorTest" runstate="Runnable" seed="651234670" result="Passed" start-time="2024-05-28T07:16:51.0806600Z" end-time="2024-05-28T07:16:51.0924880Z" duration="0.011828" asserts="5" />
                <test-case id="1-1451" name="IsFillComplete(PlayersWorlds.Maps.Maze.AldousBroderMazeGenerator,Full,Auto,System.Collections.Generic.List`1[PlayersWorlds.Maps.Area])" fullname="PlayersWorlds.Maps.Maze.MazeGeneratorTest.IsFillComplete(PlayersWorlds.Maps.Maze.AldousBroderMazeGenerator,Full,Auto,System.Collections.Generic.List`1[PlayersWorlds.Maps.Area])" methodname="IsFillComplete" classname="PlayersWorlds.Maps.Maze.MazeGeneratorTest" runstate="Runnable" seed="416227581" result="Passed" start-time="2024-05-28T07:16:51.0925040Z" end-time="2024-05-28T07:16:51.0983820Z" duration="0.005878" asserts="5" />
                <test-case id="1-1452" name="IsFillComplete(PlayersWorlds.Maps.Maze.AldousBroderMazeGenerator,Full,Auto,System.Collections.Generic.List`1[PlayersWorlds.Maps.Area])" fullname="PlayersWorlds.Maps.Maze.MazeGeneratorTest.IsFillComplete(PlayersWorlds.Maps.Maze.AldousBroderMazeGenerator,Full,Auto,System.Collections.Generic.List`1[PlayersWorlds.Maps.Area])" methodname="IsFillComplete" classname="PlayersWorlds.Maps.Maze.MazeGeneratorTest" runstate="Runnable" seed="1358670037" result="Passed" start-time="2024-05-28T07:16:51.0983930Z" end-time="2024-05-28T07:16:51.1214850Z" duration="0.023092" asserts="5" />
                <test-case id="1-1453" name="IsFillComplete(PlayersWorlds.Maps.Maze.AldousBroderMazeGenerator,Full,Auto,System.Collections.Generic.List`1[PlayersWorlds.Maps.Area])" fullname="PlayersWorlds.Maps.Maze.MazeGeneratorTest.IsFillComplete(PlayersWorlds.Maps.Maze.AldousBroderMazeGenerator,Full,Auto,System.Collections.Generic.List`1[PlayersWorlds.Maps.Area])" methodname="IsFillComplete" classname="PlayersWorlds.Maps.Maze.MazeGeneratorTest" runstate="Runnable" seed="298046830" result="Passed" start-time="2024-05-28T07:16:51.1214960Z" end-time="2024-05-28T07:16:51.1518320Z" duration="0.030336" asserts="5" />
                <test-case id="1-1454" name="IsFillComplete(PlayersWorlds.Maps.Maze.AldousBroderMazeGenerator,Full,Auto,System.Collections.Generic.List`1[PlayersWorlds.Maps.Area])" fullname="PlayersWorlds.Maps.Maze.MazeGeneratorTest.IsFillComplete(PlayersWorlds.Maps.Maze.AldousBroderMazeGenerator,Full,Auto,System.Collections.Generic.List`1[PlayersWorlds.Maps.Area])" methodname="IsFillComplete" classname="PlayersWorlds.Maps.Maze.MazeGeneratorTest" runstate="Runnable" seed="45714554" result="Passed" start-time="2024-05-28T07:16:51.1518500Z" end-time="2024-05-28T07:16:51.1837060Z" duration="0.031856" asserts="5" />
                <test-case id="1-1455" name="IsFillComplete(PlayersWorlds.Maps.Maze.AldousBroderMazeGenerator,Full,Auto,System.Collections.Generic.List`1[PlayersWorlds.Maps.Area])" fullname="PlayersWorlds.Maps.Maze.MazeGeneratorTest.IsFillComplete(PlayersWorlds.Maps.Maze.AldousBroderMazeGenerator,Full,Auto,System.Collections.Generic.List`1[PlayersWorlds.Maps.Area])" methodname="IsFillComplete" classname="PlayersWorlds.Maps.Maze.MazeGeneratorTest" runstate="Runnable" seed="1711366039" result="Passed" start-time="2024-05-28T07:16:51.1837180Z" end-time="2024-05-28T07:16:51.2072760Z" duration="0.023558" asserts="5" />
                <test-case id="1-1456" name="IsFillComplete(PlayersWorlds.Maps.Maze.AldousBroderMazeGenerator,Full,Manual,null)" fullname="PlayersWorlds.Maps.Maze.MazeGeneratorTest.IsFillComplete(PlayersWorlds.Maps.Maze.AldousBroderMazeGenerator,Full,Manual,null)" methodname="IsFillComplete" classname="PlayersWorlds.Maps.Maze.MazeGeneratorTest" runstate="Runnable" seed="2042037259" result="Passed" start-time="2024-05-28T07:16:51.2072870Z" end-time="2024-05-28T07:16:51.2134020Z" duration="0.006115" asserts="5" />
                <test-case id="1-1457" name="IsFillComplete(PlayersWorlds.Maps.Maze.AldousBroderMazeGenerator,Full,Manual,System.Collections.Generic.List`1[PlayersWorlds.Maps.Area])" fullname="PlayersWorlds.Maps.Maze.MazeGeneratorTest.IsFillComplete(PlayersWorlds.Maps.Maze.AldousBroderMazeGenerator,Full,Manual,System.Collections.Generic.List`1[PlayersWorlds.Maps.Area])" methodname="IsFillComplete" classname="PlayersWorlds.Maps.Maze.MazeGeneratorTest" runstate="Runnable" seed="1580448725" result="Passed" start-time="2024-05-28T07:16:51.2134120Z" end-time="2024-05-28T07:16:51.2175620Z" duration="0.004150" asserts="5" />
                <test-case id="1-1458" name="IsFillComplete(PlayersWorlds.Maps.Maze.AldousBroderMazeGenerator,Full,Manual,System.Collections.Generic.List`1[PlayersWorlds.Maps.Area])" fullname="PlayersWorlds.Maps.Maze.MazeGeneratorTest.IsFillComplete(PlayersWorlds.Maps.Maze.AldousBroderMazeGenerator,Full,Manual,System.Collections.Generic.List`1[PlayersWorlds.Maps.Area])" methodname="IsFillComplete" classname="PlayersWorlds.Maps.Maze.MazeGeneratorTest" runstate="Runnable" seed="655243581" result="Passed" start-time="2024-05-28T07:16:51.2175720Z" end-time="2024-05-28T07:16:51.2243780Z" duration="0.006806" asserts="5" />
                <test-case id="1-1459" name="IsFillComplete(PlayersWorlds.Maps.Maze.AldousBroderMazeGenerator,Full,Manual,System.Collections.Generic.List`1[PlayersWorlds.Maps.Area])" fullname="PlayersWorlds.Maps.Maze.MazeGeneratorTest.IsFillComplete(PlayersWorlds.Maps.Maze.AldousBroderMazeGenerator,Full,Manual,System.Collections.Generic.List`1[PlayersWorlds.Maps.Area])" methodname="IsFillComplete" classname="PlayersWorlds.Maps.Maze.MazeGeneratorTest" runstate="Runnable" seed="1769527759" result="Passed" start-time="2024-05-28T07:16:51.2243880Z" end-time="2024-05-28T07:16:51.2329260Z" duration="0.008538" asserts="5" />
                <test-case id="1-1460" name="IsFillComplete(PlayersWorlds.Maps.Maze.AldousBroderMazeGenerator,Full,Manual,System.Collections.Generic.List`1[PlayersWorlds.Maps.Area])" fullname="PlayersWorlds.Maps.Maze.MazeGeneratorTest.IsFillComplete(PlayersWorlds.Maps.Maze.AldousBroderMazeGenerator,Full,Manual,System.Collections.Generic.List`1[PlayersWorlds.Maps.Area])" methodname="IsFillComplete" classname="PlayersWorlds.Maps.Maze.MazeGeneratorTest" runstate="Runnable" seed="1028186853" result="Passed" start-time="2024-05-28T07:16:51.2329440Z" end-time="2024-05-28T07:16:51.2458180Z" duration="0.012874" asserts="5" />
                <test-case id="1-1461" name="IsFillComplete(PlayersWorlds.Maps.Maze.AldousBroderMazeGenerator,Full,Manual,System.Collections.Generic.List`1[PlayersWorlds.Maps.Area])" fullname="PlayersWorlds.Maps.Maze.MazeGeneratorTest.IsFillComplete(PlayersWorlds.Maps.Maze.AldousBroderMazeGenerator,Full,Manual,System.Collections.Generic.List`1[PlayersWorlds.Maps.Area])" methodname="IsFillComplete" classname="PlayersWorlds.Maps.Maze.MazeGeneratorTest" runstate="Runnable" seed="1387729055" result="Passed" start-time="2024-05-28T07:16:51.2458280Z" end-time="2024-05-28T07:16:51.2592410Z" duration="0.013413" asserts="5" />
                <test-case id="1-1462" name="IsFillComplete(PlayersWorlds.Maps.Maze.BinaryTreeMazeGenerator,Quarter,Auto,null)" fullname="PlayersWorlds.Maps.Maze.MazeGeneratorTest.IsFillComplete(PlayersWorlds.Maps.Maze.BinaryTreeMazeGenerator,Quarter,Auto,null)" methodname="IsFillComplete" classname="PlayersWorlds.Maps.Maze.MazeGeneratorTest" runstate="Runnable" seed="1353165116" result="Skipped" label="Ignored" start-time="2024-05-28T07:16:51.2592520Z" end-time="2024-05-28T07:16:51.2593830Z" duration="0.000131" asserts="0" />
                <test-case id="1-1463" name="IsFillComplete(PlayersWorlds.Maps.Maze.BinaryTreeMazeGenerator,Quarter,Auto,System.Collections.Generic.List`1[PlayersWorlds.Maps.Area])" fullname="PlayersWorlds.Maps.Maze.MazeGeneratorTest.IsFillComplete(PlayersWorlds.Maps.Maze.BinaryTreeMazeGenerator,Quarter,Auto,System.Collections.Generic.List`1[PlayersWorlds.Maps.Area])" methodname="IsFillComplete" classname="PlayersWorlds.Maps.Maze.MazeGeneratorTest" runstate="Runnable" seed="1652013326" result="Skipped" label="Ignored" start-time="2024-05-28T07:16:51.2593890Z" end-time="2024-05-28T07:16:51.2594490Z" duration="0.000060" asserts="0" />
                <test-case id="1-1464" name="IsFillComplete(PlayersWorlds.Maps.Maze.BinaryTreeMazeGenerator,Quarter,Auto,System.Collections.Generic.List`1[PlayersWorlds.Maps.Area])" fullname="PlayersWorlds.Maps.Maze.MazeGeneratorTest.IsFillComplete(PlayersWorlds.Maps.Maze.BinaryTreeMazeGenerator,Quarter,Auto,System.Collections.Generic.List`1[PlayersWorlds.Maps.Area])" methodname="IsFillComplete" classname="PlayersWorlds.Maps.Maze.MazeGeneratorTest" runstate="Runnable" seed="1891320333" result="Skipped" label="Ignored" start-time="2024-05-28T07:16:51.2594550Z" end-time="2024-05-28T07:16:51.2595100Z" duration="0.000055" asserts="0" />
                <test-case id="1-1465" name="IsFillComplete(PlayersWorlds.Maps.Maze.BinaryTreeMazeGenerator,Quarter,Auto,System.Collections.Generic.List`1[PlayersWorlds.Maps.Area])" fullname="PlayersWorlds.Maps.Maze.MazeGeneratorTest.IsFillComplete(PlayersWorlds.Maps.Maze.BinaryTreeMazeGenerator,Quarter,Auto,System.Collections.Generic.List`1[PlayersWorlds.Maps.Area])" methodname="IsFillComplete" classname="PlayersWorlds.Maps.Maze.MazeGeneratorTest" runstate="Runnable" seed="587053137" result="Skipped" label="Ignored" start-time="2024-05-28T07:16:51.2595150Z" end-time="2024-05-28T07:16:51.2595670Z" duration="0.000052" asserts="0" />
                <test-case id="1-1466" name="IsFillComplete(PlayersWorlds.Maps.Maze.BinaryTreeMazeGenerator,Quarter,Auto,System.Collections.Generic.List`1[PlayersWorlds.Maps.Area])" fullname="PlayersWorlds.Maps.Maze.MazeGeneratorTest.IsFillComplete(PlayersWorlds.Maps.Maze.BinaryTreeMazeGenerator,Quarter,Auto,System.Collections.Generic.List`1[PlayersWorlds.Maps.Area])" methodname="IsFillComplete" classname="PlayersWorlds.Maps.Maze.MazeGeneratorTest" runstate="Runnable" seed="2008903979" result="Skipped" label="Ignored" start-time="2024-05-28T07:16:51.2595730Z" end-time="2024-05-28T07:16:51.2596240Z" duration="0.000051" asserts="0" />
                <test-case id="1-1467" name="IsFillComplete(PlayersWorlds.Maps.Maze.BinaryTreeMazeGenerator,Quarter,Auto,System.Collections.Generic.List`1[PlayersWorlds.Maps.Area])" fullname="PlayersWorlds.Maps.Maze.MazeGeneratorTest.IsFillComplete(PlayersWorlds.Maps.Maze.BinaryTreeMazeGenerator,Quarter,Auto,System.Collections.Generic.List`1[PlayersWorlds.Maps.Area])" methodname="IsFillComplete" classname="PlayersWorlds.Maps.Maze.MazeGeneratorTest" runstate="Runnable" seed="1568356769" result="Skipped" label="Ignored" start-time="2024-05-28T07:16:51.2596290Z" end-time="2024-05-28T07:16:51.2596800Z" duration="0.000051" asserts="0" />
                <test-case id="1-1468" name="IsFillComplete(PlayersWorlds.Maps.Maze.BinaryTreeMazeGenerator,Quarter,Manual,null)" fullname="PlayersWorlds.Maps.Maze.MazeGeneratorTest.IsFillComplete(PlayersWorlds.Maps.Maze.BinaryTreeMazeGenerator,Quarter,Manual,null)" methodname="IsFillComplete" classname="PlayersWorlds.Maps.Maze.MazeGeneratorTest" runstate="Runnable" seed="588320044" result="Skipped" label="Ignored" start-time="2024-05-28T07:16:51.2596850Z" end-time="2024-05-28T07:16:51.2597360Z" duration="0.000051" asserts="0" />
                <test-case id="1-1469" name="IsFillComplete(PlayersWorlds.Maps.Maze.BinaryTreeMazeGenerator,Quarter,Manual,System.Collections.Generic.List`1[PlayersWorlds.Maps.Area])" fullname="PlayersWorlds.Maps.Maze.MazeGeneratorTest.IsFillComplete(PlayersWorlds.Maps.Maze.BinaryTreeMazeGenerator,Quarter,Manual,System.Collections.Generic.List`1[PlayersWorlds.Maps.Area])" methodname="IsFillComplete" classname="PlayersWorlds.Maps.Maze.MazeGeneratorTest" runstate="Runnable" seed="753749403" result="Skipped" label="Ignored" start-time="2024-05-28T07:16:51.2597410Z" end-time="2024-05-28T07:16:51.2597910Z" duration="0.000050" asserts="0" />
                <test-case id="1-1470" name="IsFillComplete(PlayersWorlds.Maps.Maze.BinaryTreeMazeGenerator,Quarter,Manual,System.Collections.Generic.List`1[PlayersWorlds.Maps.Area])" fullname="PlayersWorlds.Maps.Maze.MazeGeneratorTest.IsFillComplete(PlayersWorlds.Maps.Maze.BinaryTreeMazeGenerator,Quarter,Manual,System.Collections.Generic.List`1[PlayersWorlds.Maps.Area])" methodname="IsFillComplete" classname="PlayersWorlds.Maps.Maze.MazeGeneratorTest" runstate="Runnable" seed="699780773" result="Skipped" label="Ignored" start-time="2024-05-28T07:16:51.2597960Z" end-time="2024-05-28T07:16:51.2598460Z" duration="0.000050" asserts="0" />
                <test-case id="1-1471" name="IsFillComplete(PlayersWorlds.Maps.Maze.BinaryTreeMazeGenerator,Quarter,Manual,System.Collections.Generic.List`1[PlayersWorlds.Maps.Area])" fullname="PlayersWorlds.Maps.Maze.MazeGeneratorTest.IsFillComplete(PlayersWorlds.Maps.Maze.BinaryTreeMazeGenerator,Quarter,Manual,System.Collections.Generic.List`1[PlayersWorlds.Maps.Area])" methodname="IsFillComplete" classname="PlayersWorlds.Maps.Maze.MazeGeneratorTest" runstate="Runnable" seed="1973730609" result="Skipped" label="Ignored" start-time="2024-05-28T07:16:51.2598510Z" end-time="2024-05-28T07:16:51.2599020Z" duration="0.000051" asserts="0" />
                <test-case id="1-1472" name="IsFillComplete(PlayersWorlds.Maps.Maze.BinaryTreeMazeGenerator,Quarter,Manual,System.Collections.Generic.List`1[PlayersWorlds.Maps.Area])" fullname="PlayersWorlds.Maps.Maze.MazeGeneratorTest.IsFillComplete(PlayersWorlds.Maps.Maze.BinaryTreeMazeGenerator,Quarter,Manual,System.Collections.Generic.List`1[PlayersWorlds.Maps.Area])" methodname="IsFillComplete" classname="PlayersWorlds.Maps.Maze.MazeGeneratorTest" runstate="Runnable" seed="1555013471" result="Skipped" label="Ignored" start-time="2024-05-28T07:16:51.2599070Z" end-time="2024-05-28T07:16:51.2599570Z" duration="0.000049" asserts="0" />
                <test-case id="1-1473" name="IsFillComplete(PlayersWorlds.Maps.Maze.BinaryTreeMazeGenerator,Quarter,Manual,System.Collections.Generic.List`1[PlayersWorlds.Maps.Area])" fullname="PlayersWorlds.Maps.Maze.MazeGeneratorTest.IsFillComplete(PlayersWorlds.Maps.Maze.BinaryTreeMazeGenerator,Quarter,Manual,System.Collections.Generic.List`1[PlayersWorlds.Maps.Area])" methodname="IsFillComplete" classname="PlayersWorlds.Maps.Maze.MazeGeneratorTest" runstate="Runnable" seed="1618771672" result="Skipped" label="Ignored" start-time="2024-05-28T07:16:51.2599620Z" end-time="2024-05-28T07:16:51.2600110Z" duration="0.000049" asserts="0" />
                <test-case id="1-1474" name="IsFillComplete(PlayersWorlds.Maps.Maze.BinaryTreeMazeGenerator,Half,Auto,null)" fullname="PlayersWorlds.Maps.Maze.MazeGeneratorTest.IsFillComplete(PlayersWorlds.Maps.Maze.BinaryTreeMazeGenerator,Half,Auto,null)" methodname="IsFillComplete" classname="PlayersWorlds.Maps.Maze.MazeGeneratorTest" runstate="Runnable" seed="1137478076" result="Skipped" label="Ignored" start-time="2024-05-28T07:16:51.2600160Z" end-time="2024-05-28T07:16:51.2600660Z" duration="0.000050" asserts="0" />
                <test-case id="1-1475" name="IsFillComplete(PlayersWorlds.Maps.Maze.BinaryTreeMazeGenerator,Half,Auto,System.Collections.Generic.List`1[PlayersWorlds.Maps.Area])" fullname="PlayersWorlds.Maps.Maze.MazeGeneratorTest.IsFillComplete(PlayersWorlds.Maps.Maze.BinaryTreeMazeGenerator,Half,Auto,System.Collections.Generic.List`1[PlayersWorlds.Maps.Area])" methodname="IsFillComplete" classname="PlayersWorlds.Maps.Maze.MazeGeneratorTest" runstate="Runnable" seed="1404394146" result="Skipped" label="Ignored" start-time="2024-05-28T07:16:51.2600720Z" end-time="2024-05-28T07:16:51.2601220Z" duration="0.000050" asserts="0" />
                <test-case id="1-1476" name="IsFillComplete(PlayersWorlds.Maps.Maze.BinaryTreeMazeGenerator,Half,Auto,System.Collections.Generic.List`1[PlayersWorlds.Maps.Area])" fullname="PlayersWorlds.Maps.Maze.MazeGeneratorTest.IsFillComplete(PlayersWorlds.Maps.Maze.BinaryTreeMazeGenerator,Half,Auto,System.Collections.Generic.List`1[PlayersWorlds.Maps.Area])" methodname="IsFillComplete" classname="PlayersWorlds.Maps.Maze.MazeGeneratorTest" runstate="Runnable" seed="1475573703" result="Skipped" label="Ignored" start-time="2024-05-28T07:16:51.2601280Z" end-time="2024-05-28T07:16:51.2601780Z" duration="0.000050" asserts="0" />
                <test-case id="1-1477" name="IsFillComplete(PlayersWorlds.Maps.Maze.BinaryTreeMazeGenerator,Half,Auto,System.Collections.Generic.List`1[PlayersWorlds.Maps.Area])" fullname="PlayersWorlds.Maps.Maze.MazeGeneratorTest.IsFillComplete(PlayersWorlds.Maps.Maze.BinaryTreeMazeGenerator,Half,Auto,System.Collections.Generic.List`1[PlayersWorlds.Maps.Area])" methodname="IsFillComplete" classname="PlayersWorlds.Maps.Maze.MazeGeneratorTest" runstate="Runnable" seed="667681719" result="Skipped" label="Ignored" start-time="2024-05-28T07:16:51.2601830Z" end-time="2024-05-28T07:16:51.2602330Z" duration="0.000050" asserts="0" />
                <test-case id="1-1478" name="IsFillComplete(PlayersWorlds.Maps.Maze.BinaryTreeMazeGenerator,Half,Auto,System.Collections.Generic.List`1[PlayersWorlds.Maps.Area])" fullname="PlayersWorlds.Maps.Maze.MazeGeneratorTest.IsFillComplete(PlayersWorlds.Maps.Maze.BinaryTreeMazeGenerator,Half,Auto,System.Collections.Generic.List`1[PlayersWorlds.Maps.Area])" methodname="IsFillComplete" classname="PlayersWorlds.Maps.Maze.MazeGeneratorTest" runstate="Runnable" seed="255970009" result="Skipped" label="Ignored" start-time="2024-05-28T07:16:51.2602380Z" end-time="2024-05-28T07:16:51.2602880Z" duration="0.000050" asserts="0" />
                <test-case id="1-1479" name="IsFillComplete(PlayersWorlds.Maps.Maze.BinaryTreeMazeGenerator,Half,Auto,System.Collections.Generic.List`1[PlayersWorlds.Maps.Area])" fullname="PlayersWorlds.Maps.Maze.MazeGeneratorTest.IsFillComplete(PlayersWorlds.Maps.Maze.BinaryTreeMazeGenerator,Half,Auto,System.Collections.Generic.List`1[PlayersWorlds.Maps.Area])" methodname="IsFillComplete" classname="PlayersWorlds.Maps.Maze.MazeGeneratorTest" runstate="Runnable" seed="278069057" result="Skipped" label="Ignored" start-time="2024-05-28T07:16:51.2602930Z" end-time="2024-05-28T07:16:51.2603450Z" duration="0.000052" asserts="0" />
                <test-case id="1-1480" name="IsFillComplete(PlayersWorlds.Maps.Maze.BinaryTreeMazeGenerator,Half,Manual,null)" fullname="PlayersWorlds.Maps.Maze.MazeGeneratorTest.IsFillComplete(PlayersWorlds.Maps.Maze.BinaryTreeMazeGenerator,Half,Manual,null)" methodname="IsFillComplete" classname="PlayersWorlds.Maps.Maze.MazeGeneratorTest" runstate="Runnable" seed="247787422" result="Skipped" label="Ignored" start-time="2024-05-28T07:16:51.2603500Z" end-time="2024-05-28T07:16:51.2604010Z" duration="0.000051" asserts="0" />
                <test-case id="1-1481" name="IsFillComplete(PlayersWorlds.Maps.Maze.BinaryTreeMazeGenerator,Half,Manual,System.Collections.Generic.List`1[PlayersWorlds.Maps.Area])" fullname="PlayersWorlds.Maps.Maze.MazeGeneratorTest.IsFillComplete(PlayersWorlds.Maps.Maze.BinaryTreeMazeGenerator,Half,Manual,System.Collections.Generic.List`1[PlayersWorlds.Maps.Area])" methodname="IsFillComplete" classname="PlayersWorlds.Maps.Maze.MazeGeneratorTest" runstate="Runnable" seed="806840467" result="Skipped" label="Ignored" start-time="2024-05-28T07:16:51.2604060Z" end-time="2024-05-28T07:16:51.2604570Z" duration="0.000051" asserts="0" />
                <test-case id="1-1482" name="IsFillComplete(PlayersWorlds.Maps.Maze.BinaryTreeMazeGenerator,Half,Manual,System.Collections.Generic.List`1[PlayersWorlds.Maps.Area])" fullname="PlayersWorlds.Maps.Maze.MazeGeneratorTest.IsFillComplete(PlayersWorlds.Maps.Maze.BinaryTreeMazeGenerator,Half,Manual,System.Collections.Generic.List`1[PlayersWorlds.Maps.Area])" methodname="IsFillComplete" classname="PlayersWorlds.Maps.Maze.MazeGeneratorTest" runstate="Runnable" seed="1611395384" result="Skipped" label="Ignored" start-time="2024-05-28T07:16:51.2604620Z" end-time="2024-05-28T07:16:51.2605120Z" duration="0.000050" asserts="0" />
                <test-case id="1-1483" name="IsFillComplete(PlayersWorlds.Maps.Maze.BinaryTreeMazeGenerator,Half,Manual,System.Collections.Generic.List`1[PlayersWorlds.Maps.Area])" fullname="PlayersWorlds.Maps.Maze.MazeGeneratorTest.IsFillComplete(PlayersWorlds.Maps.Maze.BinaryTreeMazeGenerator,Half,Manual,System.Collections.Generic.List`1[PlayersWorlds.Maps.Area])" methodname="IsFillComplete" classname="PlayersWorlds.Maps.Maze.MazeGeneratorTest" runstate="Runnable" seed="2041746632" result="Skipped" label="Ignored" start-time="2024-05-28T07:16:51.2605180Z" end-time="2024-05-28T07:16:51.2605670Z" duration="0.000049" asserts="0" />
                <test-case id="1-1484" name="IsFillComplete(PlayersWorlds.Maps.Maze.BinaryTreeMazeGenerator,Half,Manual,System.Collections.Generic.List`1[PlayersWorlds.Maps.Area])" fullname="PlayersWorlds.Maps.Maze.MazeGeneratorTest.IsFillComplete(PlayersWorlds.Maps.Maze.BinaryTreeMazeGenerator,Half,Manual,System.Collections.Generic.List`1[PlayersWorlds.Maps.Area])" methodname="IsFillComplete" classname="PlayersWorlds.Maps.Maze.MazeGeneratorTest" runstate="Runnable" seed="2057191709" result="Skipped" label="Ignored" start-time="2024-05-28T07:16:51.2605720Z" end-time="2024-05-28T07:16:51.2606220Z" duration="0.000050" asserts="0" />
                <test-case id="1-1485" name="IsFillComplete(PlayersWorlds.Maps.Maze.BinaryTreeMazeGenerator,Half,Manual,System.Collections.Generic.List`1[PlayersWorlds.Maps.Area])" fullname="PlayersWorlds.Maps.Maze.MazeGeneratorTest.IsFillComplete(PlayersWorlds.Maps.Maze.BinaryTreeMazeGenerator,Half,Manual,System.Collections.Generic.List`1[PlayersWorlds.Maps.Area])" methodname="IsFillComplete" classname="PlayersWorlds.Maps.Maze.MazeGeneratorTest" runstate="Runnable" seed="1560212873" result="Skipped" label="Ignored" start-time="2024-05-28T07:16:51.2606270Z" end-time="2024-05-28T07:16:51.2606770Z" duration="0.000050" asserts="0" />
                <test-case id="1-1486" name="IsFillComplete(PlayersWorlds.Maps.Maze.BinaryTreeMazeGenerator,ThreeQuarters,Auto,null)" fullname="PlayersWorlds.Maps.Maze.MazeGeneratorTest.IsFillComplete(PlayersWorlds.Maps.Maze.BinaryTreeMazeGenerator,ThreeQuarters,Auto,null)" methodname="IsFillComplete" classname="PlayersWorlds.Maps.Maze.MazeGeneratorTest" runstate="Runnable" seed="1046395647" result="Skipped" label="Ignored" start-time="2024-05-28T07:16:51.2606820Z" end-time="2024-05-28T07:16:51.2607320Z" duration="0.000050" asserts="0" />
                <test-case id="1-1487" name="IsFillComplete(PlayersWorlds.Maps.Maze.BinaryTreeMazeGenerator,ThreeQuarters,Auto,System.Collections.Generic.List`1[PlayersWorlds.Maps.Area])" fullname="PlayersWorlds.Maps.Maze.MazeGeneratorTest.IsFillComplete(PlayersWorlds.Maps.Maze.BinaryTreeMazeGenerator,ThreeQuarters,Auto,System.Collections.Generic.List`1[PlayersWorlds.Maps.Area])" methodname="IsFillComplete" classname="PlayersWorlds.Maps.Maze.MazeGeneratorTest" runstate="Runnable" seed="746980658" result="Skipped" label="Ignored" start-time="2024-05-28T07:16:51.2607370Z" end-time="2024-05-28T07:16:51.2607870Z" duration="0.000050" asserts="0" />
                <test-case id="1-1488" name="IsFillComplete(PlayersWorlds.Maps.Maze.BinaryTreeMazeGenerator,ThreeQuarters,Auto,System.Collections.Generic.List`1[PlayersWorlds.Maps.Area])" fullname="PlayersWorlds.Maps.Maze.MazeGeneratorTest.IsFillComplete(PlayersWorlds.Maps.Maze.BinaryTreeMazeGenerator,ThreeQuarters,Auto,System.Collections.Generic.List`1[PlayersWorlds.Maps.Area])" methodname="IsFillComplete" classname="PlayersWorlds.Maps.Maze.MazeGeneratorTest" runstate="Runnable" seed="602736255" result="Skipped" label="Ignored" start-time="2024-05-28T07:16:51.2607920Z" end-time="2024-05-28T07:16:51.2608410Z" duration="0.000050" asserts="0" />
                <test-case id="1-1489" name="IsFillComplete(PlayersWorlds.Maps.Maze.BinaryTreeMazeGenerator,ThreeQuarters,Auto,System.Collections.Generic.List`1[PlayersWorlds.Maps.Area])" fullname="PlayersWorlds.Maps.Maze.MazeGeneratorTest.IsFillComplete(PlayersWorlds.Maps.Maze.BinaryTreeMazeGenerator,ThreeQuarters,Auto,System.Collections.Generic.List`1[PlayersWorlds.Maps.Area])" methodname="IsFillComplete" classname="PlayersWorlds.Maps.Maze.MazeGeneratorTest" runstate="Runnable" seed="1730680993" result="Skipped" label="Ignored" start-time="2024-05-28T07:16:51.2608470Z" end-time="2024-05-28T07:16:51.2608960Z" duration="0.000050" asserts="0" />
                <test-case id="1-1490" name="IsFillComplete(PlayersWorlds.Maps.Maze.BinaryTreeMazeGenerator,ThreeQuarters,Auto,System.Collections.Generic.List`1[PlayersWorlds.Maps.Area])" fullname="PlayersWorlds.Maps.Maze.MazeGeneratorTest.IsFillComplete(PlayersWorlds.Maps.Maze.BinaryTreeMazeGenerator,ThreeQuarters,Auto,System.Collections.Generic.List`1[PlayersWorlds.Maps.Area])" methodname="IsFillComplete" classname="PlayersWorlds.Maps.Maze.MazeGeneratorTest" runstate="Runnable" seed="177736002" result="Skipped" label="Ignored" start-time="2024-05-28T07:16:51.2609010Z" end-time="2024-05-28T07:16:51.2609510Z" duration="0.000050" asserts="0" />
                <test-case id="1-1491" name="IsFillComplete(PlayersWorlds.Maps.Maze.BinaryTreeMazeGenerator,ThreeQuarters,Auto,System.Collections.Generic.List`1[PlayersWorlds.Maps.Area])" fullname="PlayersWorlds.Maps.Maze.MazeGeneratorTest.IsFillComplete(PlayersWorlds.Maps.Maze.BinaryTreeMazeGenerator,ThreeQuarters,Auto,System.Collections.Generic.List`1[PlayersWorlds.Maps.Area])" methodname="IsFillComplete" classname="PlayersWorlds.Maps.Maze.MazeGeneratorTest" runstate="Runnable" seed="238758062" result="Skipped" label="Ignored" start-time="2024-05-28T07:16:51.2609560Z" end-time="2024-05-28T07:16:51.2610240Z" duration="0.000067" asserts="0" />
                <test-case id="1-1492" name="IsFillComplete(PlayersWorlds.Maps.Maze.BinaryTreeMazeGenerator,ThreeQuarters,Manual,null)" fullname="PlayersWorlds.Maps.Maze.MazeGeneratorTest.IsFillComplete(PlayersWorlds.Maps.Maze.BinaryTreeMazeGenerator,ThreeQuarters,Manual,null)" methodname="IsFillComplete" classname="PlayersWorlds.Maps.Maze.MazeGeneratorTest" runstate="Runnable" seed="955867902" result="Skipped" label="Ignored" start-time="2024-05-28T07:16:51.2610300Z" end-time="2024-05-28T07:16:51.2610810Z" duration="0.000051" asserts="0" />
                <test-case id="1-1493" name="IsFillComplete(PlayersWorlds.Maps.Maze.BinaryTreeMazeGenerator,ThreeQuarters,Manual,System.Collections.Generic.List`1[PlayersWorlds.Maps.Area])" fullname="PlayersWorlds.Maps.Maze.MazeGeneratorTest.IsFillComplete(PlayersWorlds.Maps.Maze.BinaryTreeMazeGenerator,ThreeQuarters,Manual,System.Collections.Generic.List`1[PlayersWorlds.Maps.Area])" methodname="IsFillComplete" classname="PlayersWorlds.Maps.Maze.MazeGeneratorTest" runstate="Runnable" seed="172415753" result="Skipped" label="Ignored" start-time="2024-05-28T07:16:51.2610860Z" end-time="2024-05-28T07:16:51.2611360Z" duration="0.000050" asserts="0" />
                <test-case id="1-1494" name="IsFillComplete(PlayersWorlds.Maps.Maze.BinaryTreeMazeGenerator,ThreeQuarters,Manual,System.Collections.Generic.List`1[PlayersWorlds.Maps.Area])" fullname="PlayersWorlds.Maps.Maze.MazeGeneratorTest.IsFillComplete(PlayersWorlds.Maps.Maze.BinaryTreeMazeGenerator,ThreeQuarters,Manual,System.Collections.Generic.List`1[PlayersWorlds.Maps.Area])" methodname="IsFillComplete" classname="PlayersWorlds.Maps.Maze.MazeGeneratorTest" runstate="Runnable" seed="676917103" result="Skipped" label="Ignored" start-time="2024-05-28T07:16:51.2611420Z" end-time="2024-05-28T07:16:51.2611920Z" duration="0.000050" asserts="0" />
                <test-case id="1-1495" name="IsFillComplete(PlayersWorlds.Maps.Maze.BinaryTreeMazeGenerator,ThreeQuarters,Manual,System.Collections.Generic.List`1[PlayersWorlds.Maps.Area])" fullname="PlayersWorlds.Maps.Maze.MazeGeneratorTest.IsFillComplete(PlayersWorlds.Maps.Maze.BinaryTreeMazeGenerator,ThreeQuarters,Manual,System.Collections.Generic.List`1[PlayersWorlds.Maps.Area])" methodname="IsFillComplete" classname="PlayersWorlds.Maps.Maze.MazeGeneratorTest" runstate="Runnable" seed="1700838902" result="Skipped" label="Ignored" start-time="2024-05-28T07:16:51.2611970Z" end-time="2024-05-28T07:16:51.2612460Z" duration="0.000049" asserts="0" />
                <test-case id="1-1496" name="IsFillComplete(PlayersWorlds.Maps.Maze.BinaryTreeMazeGenerator,ThreeQuarters,Manual,System.Collections.Generic.List`1[PlayersWorlds.Maps.Area])" fullname="PlayersWorlds.Maps.Maze.MazeGeneratorTest.IsFillComplete(PlayersWorlds.Maps.Maze.BinaryTreeMazeGenerator,ThreeQuarters,Manual,System.Collections.Generic.List`1[PlayersWorlds.Maps.Area])" methodname="IsFillComplete" classname="PlayersWorlds.Maps.Maze.MazeGeneratorTest" runstate="Runnable" seed="318511206" result="Skipped" label="Ignored" start-time="2024-05-28T07:16:51.2612510Z" end-time="2024-05-28T07:16:51.2613010Z" duration="0.000050" asserts="0" />
                <test-case id="1-1497" name="IsFillComplete(PlayersWorlds.Maps.Maze.BinaryTreeMazeGenerator,ThreeQuarters,Manual,System.Collections.Generic.List`1[PlayersWorlds.Maps.Area])" fullname="PlayersWorlds.Maps.Maze.MazeGeneratorTest.IsFillComplete(PlayersWorlds.Maps.Maze.BinaryTreeMazeGenerator,ThreeQuarters,Manual,System.Collections.Generic.List`1[PlayersWorlds.Maps.Area])" methodname="IsFillComplete" classname="PlayersWorlds.Maps.Maze.MazeGeneratorTest" runstate="Runnable" seed="2071472019" result="Skipped" label="Ignored" start-time="2024-05-28T07:16:51.2613060Z" end-time="2024-05-28T07:16:51.2613560Z" duration="0.000050" asserts="0" />
                <test-case id="1-1498" name="IsFillComplete(PlayersWorlds.Maps.Maze.BinaryTreeMazeGenerator,NinetyPercent,Auto,null)" fullname="PlayersWorlds.Maps.Maze.MazeGeneratorTest.IsFillComplete(PlayersWorlds.Maps.Maze.BinaryTreeMazeGenerator,NinetyPercent,Auto,null)" methodname="IsFillComplete" classname="PlayersWorlds.Maps.Maze.MazeGeneratorTest" runstate="Runnable" seed="1739532852" result="Skipped" label="Ignored" start-time="2024-05-28T07:16:51.2613610Z" end-time="2024-05-28T07:16:51.2614110Z" duration="0.000050" asserts="0" />
                <test-case id="1-1499" name="IsFillComplete(PlayersWorlds.Maps.Maze.BinaryTreeMazeGenerator,NinetyPercent,Auto,System.Collections.Generic.List`1[PlayersWorlds.Maps.Area])" fullname="PlayersWorlds.Maps.Maze.MazeGeneratorTest.IsFillComplete(PlayersWorlds.Maps.Maze.BinaryTreeMazeGenerator,NinetyPercent,Auto,System.Collections.Generic.List`1[PlayersWorlds.Maps.Area])" methodname="IsFillComplete" classname="PlayersWorlds.Maps.Maze.MazeGeneratorTest" runstate="Runnable" seed="606139808" result="Skipped" label="Ignored" start-time="2024-05-28T07:16:51.2614160Z" end-time="2024-05-28T07:16:51.2614660Z" duration="0.000049" asserts="0" />
                <test-case id="1-1500" name="IsFillComplete(PlayersWorlds.Maps.Maze.BinaryTreeMazeGenerator,NinetyPercent,Auto,System.Collections.Generic.List`1[PlayersWorlds.Maps.Area])" fullname="PlayersWorlds.Maps.Maze.MazeGeneratorTest.IsFillComplete(PlayersWorlds.Maps.Maze.BinaryTreeMazeGenerator,NinetyPercent,Auto,System.Collections.Generic.List`1[PlayersWorlds.Maps.Area])" methodname="IsFillComplete" classname="PlayersWorlds.Maps.Maze.MazeGeneratorTest" runstate="Runnable" seed="904126168" result="Skipped" label="Ignored" start-time="2024-05-28T07:16:51.2614710Z" end-time="2024-05-28T07:16:51.2615200Z" duration="0.000049" asserts="0" />
                <test-case id="1-1501" name="IsFillComplete(PlayersWorlds.Maps.Maze.BinaryTreeMazeGenerator,NinetyPercent,Auto,System.Collections.Generic.List`1[PlayersWorlds.Maps.Area])" fullname="PlayersWorlds.Maps.Maze.MazeGeneratorTest.IsFillComplete(PlayersWorlds.Maps.Maze.BinaryTreeMazeGenerator,NinetyPercent,Auto,System.Collections.Generic.List`1[PlayersWorlds.Maps.Area])" methodname="IsFillComplete" classname="PlayersWorlds.Maps.Maze.MazeGeneratorTest" runstate="Runnable" seed="26889340" result="Skipped" label="Ignored" start-time="2024-05-28T07:16:51.2615250Z" end-time="2024-05-28T07:16:51.2615740Z" duration="0.000049" asserts="0" />
                <test-case id="1-1502" name="IsFillComplete(PlayersWorlds.Maps.Maze.BinaryTreeMazeGenerator,NinetyPercent,Auto,System.Collections.Generic.List`1[PlayersWorlds.Maps.Area])" fullname="PlayersWorlds.Maps.Maze.MazeGeneratorTest.IsFillComplete(PlayersWorlds.Maps.Maze.BinaryTreeMazeGenerator,NinetyPercent,Auto,System.Collections.Generic.List`1[PlayersWorlds.Maps.Area])" methodname="IsFillComplete" classname="PlayersWorlds.Maps.Maze.MazeGeneratorTest" runstate="Runnable" seed="276362864" result="Skipped" label="Ignored" start-time="2024-05-28T07:16:51.2615800Z" end-time="2024-05-28T07:16:51.2616300Z" duration="0.000050" asserts="0" />
                <test-case id="1-1503" name="IsFillComplete(PlayersWorlds.Maps.Maze.BinaryTreeMazeGenerator,NinetyPercent,Auto,System.Collections.Generic.List`1[PlayersWorlds.Maps.Area])" fullname="PlayersWorlds.Maps.Maze.MazeGeneratorTest.IsFillComplete(PlayersWorlds.Maps.Maze.BinaryTreeMazeGenerator,NinetyPercent,Auto,System.Collections.Generic.List`1[PlayersWorlds.Maps.Area])" methodname="IsFillComplete" classname="PlayersWorlds.Maps.Maze.MazeGeneratorTest" runstate="Runnable" seed="1332829304" result="Skipped" label="Ignored" start-time="2024-05-28T07:16:51.2616350Z" end-time="2024-05-28T07:16:51.2616850Z" duration="0.000050" asserts="0" />
                <test-case id="1-1504" name="IsFillComplete(PlayersWorlds.Maps.Maze.BinaryTreeMazeGenerator,NinetyPercent,Manual,null)" fullname="PlayersWorlds.Maps.Maze.MazeGeneratorTest.IsFillComplete(PlayersWorlds.Maps.Maze.BinaryTreeMazeGenerator,NinetyPercent,Manual,null)" methodname="IsFillComplete" classname="PlayersWorlds.Maps.Maze.MazeGeneratorTest" runstate="Runnable" seed="485281225" result="Skipped" label="Ignored" start-time="2024-05-28T07:16:51.2616900Z" end-time="2024-05-28T07:16:51.2617390Z" duration="0.000049" asserts="0" />
                <test-case id="1-1505" name="IsFillComplete(PlayersWorlds.Maps.Maze.BinaryTreeMazeGenerator,NinetyPercent,Manual,System.Collections.Generic.List`1[PlayersWorlds.Maps.Area])" fullname="PlayersWorlds.Maps.Maze.MazeGeneratorTest.IsFillComplete(PlayersWorlds.Maps.Maze.BinaryTreeMazeGenerator,NinetyPercent,Manual,System.Collections.Generic.List`1[PlayersWorlds.Maps.Area])" methodname="IsFillComplete" classname="PlayersWorlds.Maps.Maze.MazeGeneratorTest" runstate="Runnable" seed="824987708" result="Skipped" label="Ignored" start-time="2024-05-28T07:16:51.2617440Z" end-time="2024-05-28T07:16:51.2617930Z" duration="0.000049" asserts="0" />
                <test-case id="1-1506" name="IsFillComplete(PlayersWorlds.Maps.Maze.BinaryTreeMazeGenerator,NinetyPercent,Manual,System.Collections.Generic.List`1[PlayersWorlds.Maps.Area])" fullname="PlayersWorlds.Maps.Maze.MazeGeneratorTest.IsFillComplete(PlayersWorlds.Maps.Maze.BinaryTreeMazeGenerator,NinetyPercent,Manual,System.Collections.Generic.List`1[PlayersWorlds.Maps.Area])" methodname="IsFillComplete" classname="PlayersWorlds.Maps.Maze.MazeGeneratorTest" runstate="Runnable" seed="1008697757" result="Skipped" label="Ignored" start-time="2024-05-28T07:16:51.2617990Z" end-time="2024-05-28T07:16:51.2618480Z" duration="0.000049" asserts="0" />
                <test-case id="1-1507" name="IsFillComplete(PlayersWorlds.Maps.Maze.BinaryTreeMazeGenerator,NinetyPercent,Manual,System.Collections.Generic.List`1[PlayersWorlds.Maps.Area])" fullname="PlayersWorlds.Maps.Maze.MazeGeneratorTest.IsFillComplete(PlayersWorlds.Maps.Maze.BinaryTreeMazeGenerator,NinetyPercent,Manual,System.Collections.Generic.List`1[PlayersWorlds.Maps.Area])" methodname="IsFillComplete" classname="PlayersWorlds.Maps.Maze.MazeGeneratorTest" runstate="Runnable" seed="1887382012" result="Skipped" label="Ignored" start-time="2024-05-28T07:16:51.2618530Z" end-time="2024-05-28T07:16:51.2619030Z" duration="0.000050" asserts="0" />
                <test-case id="1-1508" name="IsFillComplete(PlayersWorlds.Maps.Maze.BinaryTreeMazeGenerator,NinetyPercent,Manual,System.Collections.Generic.List`1[PlayersWorlds.Maps.Area])" fullname="PlayersWorlds.Maps.Maze.MazeGeneratorTest.IsFillComplete(PlayersWorlds.Maps.Maze.BinaryTreeMazeGenerator,NinetyPercent,Manual,System.Collections.Generic.List`1[PlayersWorlds.Maps.Area])" methodname="IsFillComplete" classname="PlayersWorlds.Maps.Maze.MazeGeneratorTest" runstate="Runnable" seed="1308052401" result="Skipped" label="Ignored" start-time="2024-05-28T07:16:51.2619080Z" end-time="2024-05-28T07:16:51.2619580Z" duration="0.000049" asserts="0" />
                <test-case id="1-1509" name="IsFillComplete(PlayersWorlds.Maps.Maze.BinaryTreeMazeGenerator,NinetyPercent,Manual,System.Collections.Generic.List`1[PlayersWorlds.Maps.Area])" fullname="PlayersWorlds.Maps.Maze.MazeGeneratorTest.IsFillComplete(PlayersWorlds.Maps.Maze.BinaryTreeMazeGenerator,NinetyPercent,Manual,System.Collections.Generic.List`1[PlayersWorlds.Maps.Area])" methodname="IsFillComplete" classname="PlayersWorlds.Maps.Maze.MazeGeneratorTest" runstate="Runnable" seed="788804055" result="Skipped" label="Ignored" start-time="2024-05-28T07:16:51.2619630Z" end-time="2024-05-28T07:16:51.2620130Z" duration="0.000050" asserts="0" />
                <test-case id="1-1510" name="IsFillComplete(PlayersWorlds.Maps.Maze.BinaryTreeMazeGenerator,FullWidth,Auto,null)" fullname="PlayersWorlds.Maps.Maze.MazeGeneratorTest.IsFillComplete(PlayersWorlds.Maps.Maze.BinaryTreeMazeGenerator,FullWidth,Auto,null)" methodname="IsFillComplete" classname="PlayersWorlds.Maps.Maze.MazeGeneratorTest" runstate="Runnable" seed="235792336" result="Skipped" label="Ignored" start-time="2024-05-28T07:16:51.2620180Z" end-time="2024-05-28T07:16:51.2620670Z" duration="0.000050" asserts="0" />
                <test-case id="1-1511" name="IsFillComplete(PlayersWorlds.Maps.Maze.BinaryTreeMazeGenerator,FullWidth,Auto,System.Collections.Generic.List`1[PlayersWorlds.Maps.Area])" fullname="PlayersWorlds.Maps.Maze.MazeGeneratorTest.IsFillComplete(PlayersWorlds.Maps.Maze.BinaryTreeMazeGenerator,FullWidth,Auto,System.Collections.Generic.List`1[PlayersWorlds.Maps.Area])" methodname="IsFillComplete" classname="PlayersWorlds.Maps.Maze.MazeGeneratorTest" runstate="Runnable" seed="1374355540" result="Skipped" label="Ignored" start-time="2024-05-28T07:16:51.2620730Z" end-time="2024-05-28T07:16:51.2621230Z" duration="0.000050" asserts="0" />
                <test-case id="1-1512" name="IsFillComplete(PlayersWorlds.Maps.Maze.BinaryTreeMazeGenerator,FullWidth,Auto,System.Collections.Generic.List`1[PlayersWorlds.Maps.Area])" fullname="PlayersWorlds.Maps.Maze.MazeGeneratorTest.IsFillComplete(PlayersWorlds.Maps.Maze.BinaryTreeMazeGenerator,FullWidth,Auto,System.Collections.Generic.List`1[PlayersWorlds.Maps.Area])" methodname="IsFillComplete" classname="PlayersWorlds.Maps.Maze.MazeGeneratorTest" runstate="Runnable" seed="1324478716" result="Skipped" label="Ignored" start-time="2024-05-28T07:16:51.2621280Z" end-time="2024-05-28T07:16:51.2621790Z" duration="0.000051" asserts="0" />
                <test-case id="1-1513" name="IsFillComplete(PlayersWorlds.Maps.Maze.BinaryTreeMazeGenerator,FullWidth,Auto,System.Collections.Generic.List`1[PlayersWorlds.Maps.Area])" fullname="PlayersWorlds.Maps.Maze.MazeGeneratorTest.IsFillComplete(PlayersWorlds.Maps.Maze.BinaryTreeMazeGenerator,FullWidth,Auto,System.Collections.Generic.List`1[PlayersWorlds.Maps.Area])" methodname="IsFillComplete" classname="PlayersWorlds.Maps.Maze.MazeGeneratorTest" runstate="Runnable" seed="377174524" result="Skipped" label="Ignored" start-time="2024-05-28T07:16:51.2621840Z" end-time="2024-05-28T07:16:51.2622340Z" duration="0.000050" asserts="0" />
                <test-case id="1-1514" name="IsFillComplete(PlayersWorlds.Maps.Maze.BinaryTreeMazeGenerator,FullWidth,Auto,System.Collections.Generic.List`1[PlayersWorlds.Maps.Area])" fullname="PlayersWorlds.Maps.Maze.MazeGeneratorTest.IsFillComplete(PlayersWorlds.Maps.Maze.BinaryTreeMazeGenerator,FullWidth,Auto,System.Collections.Generic.List`1[PlayersWorlds.Maps.Area])" methodname="IsFillComplete" classname="PlayersWorlds.Maps.Maze.MazeGeneratorTest" runstate="Runnable" seed="1521740337" result="Skipped" label="Ignored" start-time="2024-05-28T07:16:51.2622390Z" end-time="2024-05-28T07:16:51.2622880Z" duration="0.000050" asserts="0" />
                <test-case id="1-1515" name="IsFillComplete(PlayersWorlds.Maps.Maze.BinaryTreeMazeGenerator,FullWidth,Auto,System.Collections.Generic.List`1[PlayersWorlds.Maps.Area])" fullname="PlayersWorlds.Maps.Maze.MazeGeneratorTest.IsFillComplete(PlayersWorlds.Maps.Maze.BinaryTreeMazeGenerator,FullWidth,Auto,System.Collections.Generic.List`1[PlayersWorlds.Maps.Area])" methodname="IsFillComplete" classname="PlayersWorlds.Maps.Maze.MazeGeneratorTest" runstate="Runnable" seed="221346386" result="Skipped" label="Ignored" start-time="2024-05-28T07:16:51.2622930Z" end-time="2024-05-28T07:16:51.2623430Z" duration="0.000049" asserts="0" />
                <test-case id="1-1516" name="IsFillComplete(PlayersWorlds.Maps.Maze.BinaryTreeMazeGenerator,FullWidth,Manual,null)" fullname="PlayersWorlds.Maps.Maze.MazeGeneratorTest.IsFillComplete(PlayersWorlds.Maps.Maze.BinaryTreeMazeGenerator,FullWidth,Manual,null)" methodname="IsFillComplete" classname="PlayersWorlds.Maps.Maze.MazeGeneratorTest" runstate="Runnable" seed="1923817318" result="Skipped" label="Ignored" start-time="2024-05-28T07:16:51.2623480Z" end-time="2024-05-28T07:16:51.2623980Z" duration="0.000050" asserts="0" />
                <test-case id="1-1517" name="IsFillComplete(PlayersWorlds.Maps.Maze.BinaryTreeMazeGenerator,FullWidth,Manual,System.Collections.Generic.List`1[PlayersWorlds.Maps.Area])" fullname="PlayersWorlds.Maps.Maze.MazeGeneratorTest.IsFillComplete(PlayersWorlds.Maps.Maze.BinaryTreeMazeGenerator,FullWidth,Manual,System.Collections.Generic.List`1[PlayersWorlds.Maps.Area])" methodname="IsFillComplete" classname="PlayersWorlds.Maps.Maze.MazeGeneratorTest" runstate="Runnable" seed="1458902131" result="Skipped" label="Ignored" start-time="2024-05-28T07:16:51.2624030Z" end-time="2024-05-28T07:16:51.2624520Z" duration="0.000049" asserts="0" />
                <test-case id="1-1518" name="IsFillComplete(PlayersWorlds.Maps.Maze.BinaryTreeMazeGenerator,FullWidth,Manual,System.Collections.Generic.List`1[PlayersWorlds.Maps.Area])" fullname="PlayersWorlds.Maps.Maze.MazeGeneratorTest.IsFillComplete(PlayersWorlds.Maps.Maze.BinaryTreeMazeGenerator,FullWidth,Manual,System.Collections.Generic.List`1[PlayersWorlds.Maps.Area])" methodname="IsFillComplete" classname="PlayersWorlds.Maps.Maze.MazeGeneratorTest" runstate="Runnable" seed="1742305264" result="Skipped" label="Ignored" start-time="2024-05-28T07:16:51.2624570Z" end-time="2024-05-28T07:16:51.2625060Z" duration="0.000049" asserts="0" />
                <test-case id="1-1519" name="IsFillComplete(PlayersWorlds.Maps.Maze.BinaryTreeMazeGenerator,FullWidth,Manual,System.Collections.Generic.List`1[PlayersWorlds.Maps.Area])" fullname="PlayersWorlds.Maps.Maze.MazeGeneratorTest.IsFillComplete(PlayersWorlds.Maps.Maze.BinaryTreeMazeGenerator,FullWidth,Manual,System.Collections.Generic.List`1[PlayersWorlds.Maps.Area])" methodname="IsFillComplete" classname="PlayersWorlds.Maps.Maze.MazeGeneratorTest" runstate="Runnable" seed="331107460" result="Skipped" label="Ignored" start-time="2024-05-28T07:16:51.2625120Z" end-time="2024-05-28T07:16:51.2625610Z" duration="0.000049" asserts="0" />
                <test-case id="1-1520" name="IsFillComplete(PlayersWorlds.Maps.Maze.BinaryTreeMazeGenerator,FullWidth,Manual,System.Collections.Generic.List`1[PlayersWorlds.Maps.Area])" fullname="PlayersWorlds.Maps.Maze.MazeGeneratorTest.IsFillComplete(PlayersWorlds.Maps.Maze.BinaryTreeMazeGenerator,FullWidth,Manual,System.Collections.Generic.List`1[PlayersWorlds.Maps.Area])" methodname="IsFillComplete" classname="PlayersWorlds.Maps.Maze.MazeGeneratorTest" runstate="Runnable" seed="1688141137" result="Skipped" label="Ignored" start-time="2024-05-28T07:16:51.2625660Z" end-time="2024-05-28T07:16:51.2626150Z" duration="0.000049" asserts="0" />
                <test-case id="1-1521" name="IsFillComplete(PlayersWorlds.Maps.Maze.BinaryTreeMazeGenerator,FullWidth,Manual,System.Collections.Generic.List`1[PlayersWorlds.Maps.Area])" fullname="PlayersWorlds.Maps.Maze.MazeGeneratorTest.IsFillComplete(PlayersWorlds.Maps.Maze.BinaryTreeMazeGenerator,FullWidth,Manual,System.Collections.Generic.List`1[PlayersWorlds.Maps.Area])" methodname="IsFillComplete" classname="PlayersWorlds.Maps.Maze.MazeGeneratorTest" runstate="Runnable" seed="1261923321" result="Skipped" label="Ignored" start-time="2024-05-28T07:16:51.2626200Z" end-time="2024-05-28T07:16:51.2626710Z" duration="0.000051" asserts="0" />
                <test-case id="1-1522" name="IsFillComplete(PlayersWorlds.Maps.Maze.BinaryTreeMazeGenerator,FullHeight,Auto,null)" fullname="PlayersWorlds.Maps.Maze.MazeGeneratorTest.IsFillComplete(PlayersWorlds.Maps.Maze.BinaryTreeMazeGenerator,FullHeight,Auto,null)" methodname="IsFillComplete" classname="PlayersWorlds.Maps.Maze.MazeGeneratorTest" runstate="Runnable" seed="965620514" result="Skipped" label="Ignored" start-time="2024-05-28T07:16:51.2626760Z" end-time="2024-05-28T07:16:51.2627270Z" duration="0.000051" asserts="0" />
                <test-case id="1-1523" name="IsFillComplete(PlayersWorlds.Maps.Maze.BinaryTreeMazeGenerator,FullHeight,Auto,System.Collections.Generic.List`1[PlayersWorlds.Maps.Area])" fullname="PlayersWorlds.Maps.Maze.MazeGeneratorTest.IsFillComplete(PlayersWorlds.Maps.Maze.BinaryTreeMazeGenerator,FullHeight,Auto,System.Collections.Generic.List`1[PlayersWorlds.Maps.Area])" methodname="IsFillComplete" classname="PlayersWorlds.Maps.Maze.MazeGeneratorTest" runstate="Runnable" seed="1005122698" result="Skipped" label="Ignored" start-time="2024-05-28T07:16:51.2627320Z" end-time="2024-05-28T07:16:51.2627810Z" duration="0.000049" asserts="0" />
                <test-case id="1-1524" name="IsFillComplete(PlayersWorlds.Maps.Maze.BinaryTreeMazeGenerator,FullHeight,Auto,System.Collections.Generic.List`1[PlayersWorlds.Maps.Area])" fullname="PlayersWorlds.Maps.Maze.MazeGeneratorTest.IsFillComplete(PlayersWorlds.Maps.Maze.BinaryTreeMazeGenerator,FullHeight,Auto,System.Collections.Generic.List`1[PlayersWorlds.Maps.Area])" methodname="IsFillComplete" classname="PlayersWorlds.Maps.Maze.MazeGeneratorTest" runstate="Runnable" seed="576013401" result="Skipped" label="Ignored" start-time="2024-05-28T07:16:51.2627870Z" end-time="2024-05-28T07:16:51.2628360Z" duration="0.000049" asserts="0" />
                <test-case id="1-1525" name="IsFillComplete(PlayersWorlds.Maps.Maze.BinaryTreeMazeGenerator,FullHeight,Auto,System.Collections.Generic.List`1[PlayersWorlds.Maps.Area])" fullname="PlayersWorlds.Maps.Maze.MazeGeneratorTest.IsFillComplete(PlayersWorlds.Maps.Maze.BinaryTreeMazeGenerator,FullHeight,Auto,System.Collections.Generic.List`1[PlayersWorlds.Maps.Area])" methodname="IsFillComplete" classname="PlayersWorlds.Maps.Maze.MazeGeneratorTest" runstate="Runnable" seed="461022711" result="Skipped" label="Ignored" start-time="2024-05-28T07:16:51.2628410Z" end-time="2024-05-28T07:16:51.2628900Z" duration="0.000049" asserts="0" />
                <test-case id="1-1526" name="IsFillComplete(PlayersWorlds.Maps.Maze.BinaryTreeMazeGenerator,FullHeight,Auto,System.Collections.Generic.List`1[PlayersWorlds.Maps.Area])" fullname="PlayersWorlds.Maps.Maze.MazeGeneratorTest.IsFillComplete(PlayersWorlds.Maps.Maze.BinaryTreeMazeGenerator,FullHeight,Auto,System.Collections.Generic.List`1[PlayersWorlds.Maps.Area])" methodname="IsFillComplete" classname="PlayersWorlds.Maps.Maze.MazeGeneratorTest" runstate="Runnable" seed="1017862707" result="Skipped" label="Ignored" start-time="2024-05-28T07:16:51.2628960Z" end-time="2024-05-28T07:16:51.2629450Z" duration="0.000050" asserts="0" />
                <test-case id="1-1527" name="IsFillComplete(PlayersWorlds.Maps.Maze.BinaryTreeMazeGenerator,FullHeight,Auto,System.Collections.Generic.List`1[PlayersWorlds.Maps.Area])" fullname="PlayersWorlds.Maps.Maze.MazeGeneratorTest.IsFillComplete(PlayersWorlds.Maps.Maze.BinaryTreeMazeGenerator,FullHeight,Auto,System.Collections.Generic.List`1[PlayersWorlds.Maps.Area])" methodname="IsFillComplete" classname="PlayersWorlds.Maps.Maze.MazeGeneratorTest" runstate="Runnable" seed="1382597718" result="Skipped" label="Ignored" start-time="2024-05-28T07:16:51.2629500Z" end-time="2024-05-28T07:16:51.2629990Z" duration="0.000049" asserts="0" />
                <test-case id="1-1528" name="IsFillComplete(PlayersWorlds.Maps.Maze.BinaryTreeMazeGenerator,FullHeight,Manual,null)" fullname="PlayersWorlds.Maps.Maze.MazeGeneratorTest.IsFillComplete(PlayersWorlds.Maps.Maze.BinaryTreeMazeGenerator,FullHeight,Manual,null)" methodname="IsFillComplete" classname="PlayersWorlds.Maps.Maze.MazeGeneratorTest" runstate="Runnable" seed="941854569" result="Skipped" label="Ignored" start-time="2024-05-28T07:16:51.2630040Z" end-time="2024-05-28T07:16:51.2630540Z" duration="0.000050" asserts="0" />
                <test-case id="1-1529" name="IsFillComplete(PlayersWorlds.Maps.Maze.BinaryTreeMazeGenerator,FullHeight,Manual,System.Collections.Generic.List`1[PlayersWorlds.Maps.Area])" fullname="PlayersWorlds.Maps.Maze.MazeGeneratorTest.IsFillComplete(PlayersWorlds.Maps.Maze.BinaryTreeMazeGenerator,FullHeight,Manual,System.Collections.Generic.List`1[PlayersWorlds.Maps.Area])" methodname="IsFillComplete" classname="PlayersWorlds.Maps.Maze.MazeGeneratorTest" runstate="Runnable" seed="1584122821" result="Skipped" label="Ignored" start-time="2024-05-28T07:16:51.2630590Z" end-time="2024-05-28T07:16:51.2631090Z" duration="0.000049" asserts="0" />
                <test-case id="1-1530" name="IsFillComplete(PlayersWorlds.Maps.Maze.BinaryTreeMazeGenerator,FullHeight,Manual,System.Collections.Generic.List`1[PlayersWorlds.Maps.Area])" fullname="PlayersWorlds.Maps.Maze.MazeGeneratorTest.IsFillComplete(PlayersWorlds.Maps.Maze.BinaryTreeMazeGenerator,FullHeight,Manual,System.Collections.Generic.List`1[PlayersWorlds.Maps.Area])" methodname="IsFillComplete" classname="PlayersWorlds.Maps.Maze.MazeGeneratorTest" runstate="Runnable" seed="1085882940" result="Skipped" label="Ignored" start-time="2024-05-28T07:16:51.2631140Z" end-time="2024-05-28T07:16:51.2631620Z" duration="0.000049" asserts="0" />
                <test-case id="1-1531" name="IsFillComplete(PlayersWorlds.Maps.Maze.BinaryTreeMazeGenerator,FullHeight,Manual,System.Collections.Generic.List`1[PlayersWorlds.Maps.Area])" fullname="PlayersWorlds.Maps.Maze.MazeGeneratorTest.IsFillComplete(PlayersWorlds.Maps.Maze.BinaryTreeMazeGenerator,FullHeight,Manual,System.Collections.Generic.List`1[PlayersWorlds.Maps.Area])" methodname="IsFillComplete" classname="PlayersWorlds.Maps.Maze.MazeGeneratorTest" runstate="Runnable" seed="1551585331" result="Skipped" label="Ignored" start-time="2024-05-28T07:16:51.2631680Z" end-time="2024-05-28T07:16:51.2632170Z" duration="0.000049" asserts="0" />
                <test-case id="1-1532" name="IsFillComplete(PlayersWorlds.Maps.Maze.BinaryTreeMazeGenerator,FullHeight,Manual,System.Collections.Generic.List`1[PlayersWorlds.Maps.Area])" fullname="PlayersWorlds.Maps.Maze.MazeGeneratorTest.IsFillComplete(PlayersWorlds.Maps.Maze.BinaryTreeMazeGenerator,FullHeight,Manual,System.Collections.Generic.List`1[PlayersWorlds.Maps.Area])" methodname="IsFillComplete" classname="PlayersWorlds.Maps.Maze.MazeGeneratorTest" runstate="Runnable" seed="1075632514" result="Skipped" label="Ignored" start-time="2024-05-28T07:16:51.2632220Z" end-time="2024-05-28T07:16:51.2632710Z" duration="0.000049" asserts="0" />
                <test-case id="1-1533" name="IsFillComplete(PlayersWorlds.Maps.Maze.BinaryTreeMazeGenerator,FullHeight,Manual,System.Collections.Generic.List`1[PlayersWorlds.Maps.Area])" fullname="PlayersWorlds.Maps.Maze.MazeGeneratorTest.IsFillComplete(PlayersWorlds.Maps.Maze.BinaryTreeMazeGenerator,FullHeight,Manual,System.Collections.Generic.List`1[PlayersWorlds.Maps.Area])" methodname="IsFillComplete" classname="PlayersWorlds.Maps.Maze.MazeGeneratorTest" runstate="Runnable" seed="1797313848" result="Skipped" label="Ignored" start-time="2024-05-28T07:16:51.2632760Z" end-time="2024-05-28T07:16:51.2633260Z" duration="0.000049" asserts="0" />
                <test-case id="1-1534" name="IsFillComplete(PlayersWorlds.Maps.Maze.BinaryTreeMazeGenerator,Full,Auto,null)" fullname="PlayersWorlds.Maps.Maze.MazeGeneratorTest.IsFillComplete(PlayersWorlds.Maps.Maze.BinaryTreeMazeGenerator,Full,Auto,null)" methodname="IsFillComplete" classname="PlayersWorlds.Maps.Maze.MazeGeneratorTest" runstate="Runnable" seed="1521426536" result="Passed" start-time="2024-05-28T07:16:51.2633320Z" end-time="2024-05-28T07:16:51.2812310Z" duration="0.017899" asserts="5" />
                <test-case id="1-1535" name="IsFillComplete(PlayersWorlds.Maps.Maze.BinaryTreeMazeGenerator,Full,Auto,System.Collections.Generic.List`1[PlayersWorlds.Maps.Area])" fullname="PlayersWorlds.Maps.Maze.MazeGeneratorTest.IsFillComplete(PlayersWorlds.Maps.Maze.BinaryTreeMazeGenerator,Full,Auto,System.Collections.Generic.List`1[PlayersWorlds.Maps.Area])" methodname="IsFillComplete" classname="PlayersWorlds.Maps.Maze.MazeGeneratorTest" runstate="Runnable" seed="220898082" result="Passed" start-time="2024-05-28T07:16:51.2812400Z" end-time="2024-05-28T07:16:51.2940250Z" duration="0.012785" asserts="5" />
                <test-case id="1-1536" name="IsFillComplete(PlayersWorlds.Maps.Maze.BinaryTreeMazeGenerator,Full,Auto,System.Collections.Generic.List`1[PlayersWorlds.Maps.Area])" fullname="PlayersWorlds.Maps.Maze.MazeGeneratorTest.IsFillComplete(PlayersWorlds.Maps.Maze.BinaryTreeMazeGenerator,Full,Auto,System.Collections.Generic.List`1[PlayersWorlds.Maps.Area])" methodname="IsFillComplete" classname="PlayersWorlds.Maps.Maze.MazeGeneratorTest" runstate="Runnable" seed="530477603" result="Passed" start-time="2024-05-28T07:16:51.2940330Z" end-time="2024-05-28T07:16:51.3174620Z" duration="0.023429" asserts="5" />
                <test-case id="1-1537" name="IsFillComplete(PlayersWorlds.Maps.Maze.BinaryTreeMazeGenerator,Full,Auto,System.Collections.Generic.List`1[PlayersWorlds.Maps.Area])" fullname="PlayersWorlds.Maps.Maze.MazeGeneratorTest.IsFillComplete(PlayersWorlds.Maps.Maze.BinaryTreeMazeGenerator,Full,Auto,System.Collections.Generic.List`1[PlayersWorlds.Maps.Area])" methodname="IsFillComplete" classname="PlayersWorlds.Maps.Maze.MazeGeneratorTest" runstate="Runnable" seed="278566080" result="Passed" start-time="2024-05-28T07:16:51.3174740Z" end-time="2024-05-28T07:16:51.3350530Z" duration="0.017579" asserts="5" />
                <test-case id="1-1538" name="IsFillComplete(PlayersWorlds.Maps.Maze.BinaryTreeMazeGenerator,Full,Auto,System.Collections.Generic.List`1[PlayersWorlds.Maps.Area])" fullname="PlayersWorlds.Maps.Maze.MazeGeneratorTest.IsFillComplete(PlayersWorlds.Maps.Maze.BinaryTreeMazeGenerator,Full,Auto,System.Collections.Generic.List`1[PlayersWorlds.Maps.Area])" methodname="IsFillComplete" classname="PlayersWorlds.Maps.Maze.MazeGeneratorTest" runstate="Runnable" seed="1556465407" result="Passed" start-time="2024-05-28T07:16:51.3350720Z" end-time="2024-05-28T07:16:51.3719430Z" duration="0.036871" asserts="5" />
                <test-case id="1-1539" name="IsFillComplete(PlayersWorlds.Maps.Maze.BinaryTreeMazeGenerator,Full,Auto,System.Collections.Generic.List`1[PlayersWorlds.Maps.Area])" fullname="PlayersWorlds.Maps.Maze.MazeGeneratorTest.IsFillComplete(PlayersWorlds.Maps.Maze.BinaryTreeMazeGenerator,Full,Auto,System.Collections.Generic.List`1[PlayersWorlds.Maps.Area])" methodname="IsFillComplete" classname="PlayersWorlds.Maps.Maze.MazeGeneratorTest" runstate="Runnable" seed="1232204001" result="Passed" start-time="2024-05-28T07:16:51.3719570Z" end-time="2024-05-28T07:16:51.3899520Z" duration="0.017996" asserts="5" />
                <test-case id="1-1540" name="IsFillComplete(PlayersWorlds.Maps.Maze.BinaryTreeMazeGenerator,Full,Manual,null)" fullname="PlayersWorlds.Maps.Maze.MazeGeneratorTest.IsFillComplete(PlayersWorlds.Maps.Maze.BinaryTreeMazeGenerator,Full,Manual,null)" methodname="IsFillComplete" classname="PlayersWorlds.Maps.Maze.MazeGeneratorTest" runstate="Runnable" seed="551515116" result="Passed" start-time="2024-05-28T07:16:51.3899630Z" end-time="2024-05-28T07:16:51.3932600Z" duration="0.003297" asserts="5" />
                <test-case id="1-1541" name="IsFillComplete(PlayersWorlds.Maps.Maze.BinaryTreeMazeGenerator,Full,Manual,System.Collections.Generic.List`1[PlayersWorlds.Maps.Area])" fullname="PlayersWorlds.Maps.Maze.MazeGeneratorTest.IsFillComplete(PlayersWorlds.Maps.Maze.BinaryTreeMazeGenerator,Full,Manual,System.Collections.Generic.List`1[PlayersWorlds.Maps.Area])" methodname="IsFillComplete" classname="PlayersWorlds.Maps.Maze.MazeGeneratorTest" runstate="Runnable" seed="1306497282" result="Passed" start-time="2024-05-28T07:16:51.3932700Z" end-time="2024-05-28T07:16:51.3971470Z" duration="0.003877" asserts="5" />
                <test-case id="1-1542" name="IsFillComplete(PlayersWorlds.Maps.Maze.BinaryTreeMazeGenerator,Full,Manual,System.Collections.Generic.List`1[PlayersWorlds.Maps.Area])" fullname="PlayersWorlds.Maps.Maze.MazeGeneratorTest.IsFillComplete(PlayersWorlds.Maps.Maze.BinaryTreeMazeGenerator,Full,Manual,System.Collections.Generic.List`1[PlayersWorlds.Maps.Area])" methodname="IsFillComplete" classname="PlayersWorlds.Maps.Maze.MazeGeneratorTest" runstate="Runnable" seed="1586411904" result="Passed" start-time="2024-05-28T07:16:51.3971570Z" end-time="2024-05-28T07:16:51.4027990Z" duration="0.005642" asserts="5" />
                <test-case id="1-1543" name="IsFillComplete(PlayersWorlds.Maps.Maze.BinaryTreeMazeGenerator,Full,Manual,System.Collections.Generic.List`1[PlayersWorlds.Maps.Area])" fullname="PlayersWorlds.Maps.Maze.MazeGeneratorTest.IsFillComplete(PlayersWorlds.Maps.Maze.BinaryTreeMazeGenerator,Full,Manual,System.Collections.Generic.List`1[PlayersWorlds.Maps.Area])" methodname="IsFillComplete" classname="PlayersWorlds.Maps.Maze.MazeGeneratorTest" runstate="Runnable" seed="1961415847" result="Passed" start-time="2024-05-28T07:16:51.4028180Z" end-time="2024-05-28T07:16:51.4086190Z" duration="0.005801" asserts="5" />
                <test-case id="1-1544" name="IsFillComplete(PlayersWorlds.Maps.Maze.BinaryTreeMazeGenerator,Full,Manual,System.Collections.Generic.List`1[PlayersWorlds.Maps.Area])" fullname="PlayersWorlds.Maps.Maze.MazeGeneratorTest.IsFillComplete(PlayersWorlds.Maps.Maze.BinaryTreeMazeGenerator,Full,Manual,System.Collections.Generic.List`1[PlayersWorlds.Maps.Area])" methodname="IsFillComplete" classname="PlayersWorlds.Maps.Maze.MazeGeneratorTest" runstate="Runnable" seed="1494888657" result="Passed" start-time="2024-05-28T07:16:51.4086290Z" end-time="2024-05-28T07:16:51.4206020Z" duration="0.011973" asserts="5" />
                <test-case id="1-1545" name="IsFillComplete(PlayersWorlds.Maps.Maze.BinaryTreeMazeGenerator,Full,Manual,System.Collections.Generic.List`1[PlayersWorlds.Maps.Area])" fullname="PlayersWorlds.Maps.Maze.MazeGeneratorTest.IsFillComplete(PlayersWorlds.Maps.Maze.BinaryTreeMazeGenerator,Full,Manual,System.Collections.Generic.List`1[PlayersWorlds.Maps.Area])" methodname="IsFillComplete" classname="PlayersWorlds.Maps.Maze.MazeGeneratorTest" runstate="Runnable" seed="950864109" result="Passed" start-time="2024-05-28T07:16:51.4206120Z" end-time="2024-05-28T07:16:51.4327930Z" duration="0.012181" asserts="5" />
                <test-case id="1-1546" name="IsFillComplete(PlayersWorlds.Maps.Maze.HuntAndKillMazeGenerator,Quarter,Auto,null)" fullname="PlayersWorlds.Maps.Maze.MazeGeneratorTest.IsFillComplete(PlayersWorlds.Maps.Maze.HuntAndKillMazeGenerator,Quarter,Auto,null)" methodname="IsFillComplete" classname="PlayersWorlds.Maps.Maze.MazeGeneratorTest" runstate="Runnable" seed="1061762993" result="Passed" start-time="2024-05-28T07:16:51.4328090Z" end-time="2024-05-28T07:16:51.4450190Z" duration="0.012210" asserts="5" />
                <test-case id="1-1547" name="IsFillComplete(PlayersWorlds.Maps.Maze.HuntAndKillMazeGenerator,Quarter,Auto,System.Collections.Generic.List`1[PlayersWorlds.Maps.Area])" fullname="PlayersWorlds.Maps.Maze.MazeGeneratorTest.IsFillComplete(PlayersWorlds.Maps.Maze.HuntAndKillMazeGenerator,Quarter,Auto,System.Collections.Generic.List`1[PlayersWorlds.Maps.Area])" methodname="IsFillComplete" classname="PlayersWorlds.Maps.Maze.MazeGeneratorTest" runstate="Runnable" seed="578693378" result="Passed" start-time="2024-05-28T07:16:51.4450290Z" end-time="2024-05-28T07:16:51.4671360Z" duration="0.022107" asserts="5" />
                <test-case id="1-1548" name="IsFillComplete(PlayersWorlds.Maps.Maze.HuntAndKillMazeGenerator,Quarter,Auto,System.Collections.Generic.List`1[PlayersWorlds.Maps.Area])" fullname="PlayersWorlds.Maps.Maze.MazeGeneratorTest.IsFillComplete(PlayersWorlds.Maps.Maze.HuntAndKillMazeGenerator,Quarter,Auto,System.Collections.Generic.List`1[PlayersWorlds.Maps.Area])" methodname="IsFillComplete" classname="PlayersWorlds.Maps.Maze.MazeGeneratorTest" runstate="Runnable" seed="798159063" result="Passed" start-time="2024-05-28T07:16:51.4671490Z" end-time="2024-05-28T07:16:51.4785210Z" duration="0.011372" asserts="5" />
                <test-case id="1-1549" name="IsFillComplete(PlayersWorlds.Maps.Maze.HuntAndKillMazeGenerator,Quarter,Auto,System.Collections.Generic.List`1[PlayersWorlds.Maps.Area])" fullname="PlayersWorlds.Maps.Maze.MazeGeneratorTest.IsFillComplete(PlayersWorlds.Maps.Maze.HuntAndKillMazeGenerator,Quarter,Auto,System.Collections.Generic.List`1[PlayersWorlds.Maps.Area])" methodname="IsFillComplete" classname="PlayersWorlds.Maps.Maze.MazeGeneratorTest" runstate="Runnable" seed="455570717" result="Passed" start-time="2024-05-28T07:16:51.4785390Z" end-time="2024-05-28T07:16:51.5003350Z" duration="0.021796" asserts="5" />
                <test-case id="1-1550" name="IsFillComplete(PlayersWorlds.Maps.Maze.HuntAndKillMazeGenerator,Quarter,Auto,System.Collections.Generic.List`1[PlayersWorlds.Maps.Area])" fullname="PlayersWorlds.Maps.Maze.MazeGeneratorTest.IsFillComplete(PlayersWorlds.Maps.Maze.HuntAndKillMazeGenerator,Quarter,Auto,System.Collections.Generic.List`1[PlayersWorlds.Maps.Area])" methodname="IsFillComplete" classname="PlayersWorlds.Maps.Maze.MazeGeneratorTest" runstate="Runnable" seed="1924505231" result="Passed" start-time="2024-05-28T07:16:51.5003450Z" end-time="2024-05-28T07:16:51.5289640Z" duration="0.028619" asserts="5" />
                <test-case id="1-1551" name="IsFillComplete(PlayersWorlds.Maps.Maze.HuntAndKillMazeGenerator,Quarter,Auto,System.Collections.Generic.List`1[PlayersWorlds.Maps.Area])" fullname="PlayersWorlds.Maps.Maze.MazeGeneratorTest.IsFillComplete(PlayersWorlds.Maps.Maze.HuntAndKillMazeGenerator,Quarter,Auto,System.Collections.Generic.List`1[PlayersWorlds.Maps.Area])" methodname="IsFillComplete" classname="PlayersWorlds.Maps.Maze.MazeGeneratorTest" runstate="Runnable" seed="1007092722" result="Passed" start-time="2024-05-28T07:16:51.5289820Z" end-time="2024-05-28T07:16:51.5460890Z" duration="0.017106" asserts="5" />
                <test-case id="1-1552" name="IsFillComplete(PlayersWorlds.Maps.Maze.HuntAndKillMazeGenerator,Quarter,Manual,null)" fullname="PlayersWorlds.Maps.Maze.MazeGeneratorTest.IsFillComplete(PlayersWorlds.Maps.Maze.HuntAndKillMazeGenerator,Quarter,Manual,null)" methodname="IsFillComplete" classname="PlayersWorlds.Maps.Maze.MazeGeneratorTest" runstate="Runnable" seed="329166755" result="Passed" start-time="2024-05-28T07:16:51.5460990Z" end-time="2024-05-28T07:16:51.5485940Z" duration="0.002495" asserts="5" />
                <test-case id="1-1553" name="IsFillComplete(PlayersWorlds.Maps.Maze.HuntAndKillMazeGenerator,Quarter,Manual,System.Collections.Generic.List`1[PlayersWorlds.Maps.Area])" fullname="PlayersWorlds.Maps.Maze.MazeGeneratorTest.IsFillComplete(PlayersWorlds.Maps.Maze.HuntAndKillMazeGenerator,Quarter,Manual,System.Collections.Generic.List`1[PlayersWorlds.Maps.Area])" methodname="IsFillComplete" classname="PlayersWorlds.Maps.Maze.MazeGeneratorTest" runstate="Runnable" seed="1408425392" result="Passed" start-time="2024-05-28T07:16:51.5486030Z" end-time="2024-05-28T07:16:51.5516730Z" duration="0.003071" asserts="5" />
                <test-case id="1-1554" name="IsFillComplete(PlayersWorlds.Maps.Maze.HuntAndKillMazeGenerator,Quarter,Manual,System.Collections.Generic.List`1[PlayersWorlds.Maps.Area])" fullname="PlayersWorlds.Maps.Maze.MazeGeneratorTest.IsFillComplete(PlayersWorlds.Maps.Maze.HuntAndKillMazeGenerator,Quarter,Manual,System.Collections.Generic.List`1[PlayersWorlds.Maps.Area])" methodname="IsFillComplete" classname="PlayersWorlds.Maps.Maze.MazeGeneratorTest" runstate="Runnable" seed="1065482318" result="Passed" start-time="2024-05-28T07:16:51.5516900Z" end-time="2024-05-28T07:16:51.5565460Z" duration="0.004856" asserts="5" />
                <test-case id="1-1555" name="IsFillComplete(PlayersWorlds.Maps.Maze.HuntAndKillMazeGenerator,Quarter,Manual,System.Collections.Generic.List`1[PlayersWorlds.Maps.Area])" fullname="PlayersWorlds.Maps.Maze.MazeGeneratorTest.IsFillComplete(PlayersWorlds.Maps.Maze.HuntAndKillMazeGenerator,Quarter,Manual,System.Collections.Generic.List`1[PlayersWorlds.Maps.Area])" methodname="IsFillComplete" classname="PlayersWorlds.Maps.Maze.MazeGeneratorTest" runstate="Runnable" seed="1789686494" result="Passed" start-time="2024-05-28T07:16:51.5565570Z" end-time="2024-05-28T07:16:51.5612450Z" duration="0.004687" asserts="5" />
                <test-case id="1-1556" name="IsFillComplete(PlayersWorlds.Maps.Maze.HuntAndKillMazeGenerator,Quarter,Manual,System.Collections.Generic.List`1[PlayersWorlds.Maps.Area])" fullname="PlayersWorlds.Maps.Maze.MazeGeneratorTest.IsFillComplete(PlayersWorlds.Maps.Maze.HuntAndKillMazeGenerator,Quarter,Manual,System.Collections.Generic.List`1[PlayersWorlds.Maps.Area])" methodname="IsFillComplete" classname="PlayersWorlds.Maps.Maze.MazeGeneratorTest" runstate="Runnable" seed="1208752473" result="Passed" start-time="2024-05-28T07:16:51.5612550Z" end-time="2024-05-28T07:16:51.5727010Z" duration="0.011446" asserts="5" />
                <test-case id="1-1557" name="IsFillComplete(PlayersWorlds.Maps.Maze.HuntAndKillMazeGenerator,Quarter,Manual,System.Collections.Generic.List`1[PlayersWorlds.Maps.Area])" fullname="PlayersWorlds.Maps.Maze.MazeGeneratorTest.IsFillComplete(PlayersWorlds.Maps.Maze.HuntAndKillMazeGenerator,Quarter,Manual,System.Collections.Generic.List`1[PlayersWorlds.Maps.Area])" methodname="IsFillComplete" classname="PlayersWorlds.Maps.Maze.MazeGeneratorTest" runstate="Runnable" seed="1418723813" result="Passed" start-time="2024-05-28T07:16:51.5727190Z" end-time="2024-05-28T07:16:51.5836730Z" duration="0.010954" asserts="5" />
                <test-case id="1-1558" name="IsFillComplete(PlayersWorlds.Maps.Maze.HuntAndKillMazeGenerator,Half,Auto,null)" fullname="PlayersWorlds.Maps.Maze.MazeGeneratorTest.IsFillComplete(PlayersWorlds.Maps.Maze.HuntAndKillMazeGenerator,Half,Auto,null)" methodname="IsFillComplete" classname="PlayersWorlds.Maps.Maze.MazeGeneratorTest" runstate="Runnable" seed="756815903" result="Passed" start-time="2024-05-28T07:16:51.5836850Z" end-time="2024-05-28T07:16:51.5895790Z" duration="0.005894" asserts="5" />
                <test-case id="1-1559" name="IsFillComplete(PlayersWorlds.Maps.Maze.HuntAndKillMazeGenerator,Half,Auto,System.Collections.Generic.List`1[PlayersWorlds.Maps.Area])" fullname="PlayersWorlds.Maps.Maze.MazeGeneratorTest.IsFillComplete(PlayersWorlds.Maps.Maze.HuntAndKillMazeGenerator,Half,Auto,System.Collections.Generic.List`1[PlayersWorlds.Maps.Area])" methodname="IsFillComplete" classname="PlayersWorlds.Maps.Maze.MazeGeneratorTest" runstate="Runnable" seed="24258514" result="Passed" start-time="2024-05-28T07:16:51.5895880Z" end-time="2024-05-28T07:16:51.6011910Z" duration="0.011602" asserts="5" />
                <test-case id="1-1560" name="IsFillComplete(PlayersWorlds.Maps.Maze.HuntAndKillMazeGenerator,Half,Auto,System.Collections.Generic.List`1[PlayersWorlds.Maps.Area])" fullname="PlayersWorlds.Maps.Maze.MazeGeneratorTest.IsFillComplete(PlayersWorlds.Maps.Maze.HuntAndKillMazeGenerator,Half,Auto,System.Collections.Generic.List`1[PlayersWorlds.Maps.Area])" methodname="IsFillComplete" classname="PlayersWorlds.Maps.Maze.MazeGeneratorTest" runstate="Runnable" seed="1954608648" result="Passed" start-time="2024-05-28T07:16:51.6012010Z" end-time="2024-05-28T07:16:51.6187990Z" duration="0.017598" asserts="5" />
                <test-case id="1-1561" name="IsFillComplete(PlayersWorlds.Maps.Maze.HuntAndKillMazeGenerator,Half,Auto,System.Collections.Generic.List`1[PlayersWorlds.Maps.Area])" fullname="PlayersWorlds.Maps.Maze.MazeGeneratorTest.IsFillComplete(PlayersWorlds.Maps.Maze.HuntAndKillMazeGenerator,Half,Auto,System.Collections.Generic.List`1[PlayersWorlds.Maps.Area])" methodname="IsFillComplete" classname="PlayersWorlds.Maps.Maze.MazeGeneratorTest" runstate="Runnable" seed="1773583686" result="Passed" start-time="2024-05-28T07:16:51.6188110Z" end-time="2024-05-28T07:16:51.6418120Z" duration="0.023001" asserts="5" />
                <test-case id="1-1562" name="IsFillComplete(PlayersWorlds.Maps.Maze.HuntAndKillMazeGenerator,Half,Auto,System.Collections.Generic.List`1[PlayersWorlds.Maps.Area])" fullname="PlayersWorlds.Maps.Maze.MazeGeneratorTest.IsFillComplete(PlayersWorlds.Maps.Maze.HuntAndKillMazeGenerator,Half,Auto,System.Collections.Generic.List`1[PlayersWorlds.Maps.Area])" methodname="IsFillComplete" classname="PlayersWorlds.Maps.Maze.MazeGeneratorTest" runstate="Runnable" seed="945527443" result="Passed" start-time="2024-05-28T07:16:51.6418230Z" end-time="2024-05-28T07:16:51.6583840Z" duration="0.016562" asserts="5" />
                <test-case id="1-1563" name="IsFillComplete(PlayersWorlds.Maps.Maze.HuntAndKillMazeGenerator,Half,Auto,System.Collections.Generic.List`1[PlayersWorlds.Maps.Area])" fullname="PlayersWorlds.Maps.Maze.MazeGeneratorTest.IsFillComplete(PlayersWorlds.Maps.Maze.HuntAndKillMazeGenerator,Half,Auto,System.Collections.Generic.List`1[PlayersWorlds.Maps.Area])" methodname="IsFillComplete" classname="PlayersWorlds.Maps.Maze.MazeGeneratorTest" runstate="Runnable" seed="1871413227" result="Passed" start-time="2024-05-28T07:16:51.6583950Z" end-time="2024-05-28T07:16:51.6808860Z" duration="0.022491" asserts="5" />
                <test-case id="1-1564" name="IsFillComplete(PlayersWorlds.Maps.Maze.HuntAndKillMazeGenerator,Half,Manual,null)" fullname="PlayersWorlds.Maps.Maze.MazeGeneratorTest.IsFillComplete(PlayersWorlds.Maps.Maze.HuntAndKillMazeGenerator,Half,Manual,null)" methodname="IsFillComplete" classname="PlayersWorlds.Maps.Maze.MazeGeneratorTest" runstate="Runnable" seed="1850404762" result="Passed" start-time="2024-05-28T07:16:51.6808960Z" end-time="2024-05-28T07:16:51.6840790Z" duration="0.003183" asserts="5" />
                <test-case id="1-1565" name="IsFillComplete(PlayersWorlds.Maps.Maze.HuntAndKillMazeGenerator,Half,Manual,System.Collections.Generic.List`1[PlayersWorlds.Maps.Area])" fullname="PlayersWorlds.Maps.Maze.MazeGeneratorTest.IsFillComplete(PlayersWorlds.Maps.Maze.HuntAndKillMazeGenerator,Half,Manual,System.Collections.Generic.List`1[PlayersWorlds.Maps.Area])" methodname="IsFillComplete" classname="PlayersWorlds.Maps.Maze.MazeGeneratorTest" runstate="Runnable" seed="831690652" result="Passed" start-time="2024-05-28T07:16:51.6840940Z" end-time="2024-05-28T07:16:51.6867210Z" duration="0.002627" asserts="5" />
                <test-case id="1-1566" name="IsFillComplete(PlayersWorlds.Maps.Maze.HuntAndKillMazeGenerator,Half,Manual,System.Collections.Generic.List`1[PlayersWorlds.Maps.Area])" fullname="PlayersWorlds.Maps.Maze.MazeGeneratorTest.IsFillComplete(PlayersWorlds.Maps.Maze.HuntAndKillMazeGenerator,Half,Manual,System.Collections.Generic.List`1[PlayersWorlds.Maps.Area])" methodname="IsFillComplete" classname="PlayersWorlds.Maps.Maze.MazeGeneratorTest" runstate="Runnable" seed="298723026" result="Passed" start-time="2024-05-28T07:16:51.6867310Z" end-time="2024-05-28T07:16:51.6918550Z" duration="0.005124" asserts="5" />
                <test-case id="1-1567" name="IsFillComplete(PlayersWorlds.Maps.Maze.HuntAndKillMazeGenerator,Half,Manual,System.Collections.Generic.List`1[PlayersWorlds.Maps.Area])" fullname="PlayersWorlds.Maps.Maze.MazeGeneratorTest.IsFillComplete(PlayersWorlds.Maps.Maze.HuntAndKillMazeGenerator,Half,Manual,System.Collections.Generic.List`1[PlayersWorlds.Maps.Area])" methodname="IsFillComplete" classname="PlayersWorlds.Maps.Maze.MazeGeneratorTest" runstate="Runnable" seed="1674648515" result="Passed" start-time="2024-05-28T07:16:51.6918650Z" end-time="2024-05-28T07:16:51.6969540Z" duration="0.005089" asserts="5" />
                <test-case id="1-1568" name="IsFillComplete(PlayersWorlds.Maps.Maze.HuntAndKillMazeGenerator,Half,Manual,System.Collections.Generic.List`1[PlayersWorlds.Maps.Area])" fullname="PlayersWorlds.Maps.Maze.MazeGeneratorTest.IsFillComplete(PlayersWorlds.Maps.Maze.HuntAndKillMazeGenerator,Half,Manual,System.Collections.Generic.List`1[PlayersWorlds.Maps.Area])" methodname="IsFillComplete" classname="PlayersWorlds.Maps.Maze.MazeGeneratorTest" runstate="Runnable" seed="1003231635" result="Passed" start-time="2024-05-28T07:16:51.6969710Z" end-time="2024-05-28T07:16:51.7081210Z" duration="0.011150" asserts="5" />
                <test-case id="1-1569" name="IsFillComplete(PlayersWorlds.Maps.Maze.HuntAndKillMazeGenerator,Half,Manual,System.Collections.Generic.List`1[PlayersWorlds.Maps.Area])" fullname="PlayersWorlds.Maps.Maze.MazeGeneratorTest.IsFillComplete(PlayersWorlds.Maps.Maze.HuntAndKillMazeGenerator,Half,Manual,System.Collections.Generic.List`1[PlayersWorlds.Maps.Area])" methodname="IsFillComplete" classname="PlayersWorlds.Maps.Maze.MazeGeneratorTest" runstate="Runnable" seed="1300842255" result="Passed" start-time="2024-05-28T07:16:51.7081390Z" end-time="2024-05-28T07:16:51.7198930Z" duration="0.011754" asserts="5" />
                <test-case id="1-1570" name="IsFillComplete(PlayersWorlds.Maps.Maze.HuntAndKillMazeGenerator,ThreeQuarters,Auto,null)" fullname="PlayersWorlds.Maps.Maze.MazeGeneratorTest.IsFillComplete(PlayersWorlds.Maps.Maze.HuntAndKillMazeGenerator,ThreeQuarters,Auto,null)" methodname="IsFillComplete" classname="PlayersWorlds.Maps.Maze.MazeGeneratorTest" runstate="Runnable" seed="1838352430" result="Passed" start-time="2024-05-28T07:16:51.7199110Z" end-time="2024-05-28T07:16:51.7325070Z" duration="0.012596" asserts="5" />
                <test-case id="1-1571" name="IsFillComplete(PlayersWorlds.Maps.Maze.HuntAndKillMazeGenerator,ThreeQuarters,Auto,System.Collections.Generic.List`1[PlayersWorlds.Maps.Area])" fullname="PlayersWorlds.Maps.Maze.MazeGeneratorTest.IsFillComplete(PlayersWorlds.Maps.Maze.HuntAndKillMazeGenerator,ThreeQuarters,Auto,System.Collections.Generic.List`1[PlayersWorlds.Maps.Area])" methodname="IsFillComplete" classname="PlayersWorlds.Maps.Maze.MazeGeneratorTest" runstate="Runnable" seed="1645251238" result="Passed" start-time="2024-05-28T07:16:51.7325190Z" end-time="2024-05-28T07:16:51.7491010Z" duration="0.016582" asserts="5" />
                <test-case id="1-1572" name="IsFillComplete(PlayersWorlds.Maps.Maze.HuntAndKillMazeGenerator,ThreeQuarters,Auto,System.Collections.Generic.List`1[PlayersWorlds.Maps.Area])" fullname="PlayersWorlds.Maps.Maze.MazeGeneratorTest.IsFillComplete(PlayersWorlds.Maps.Maze.HuntAndKillMazeGenerator,ThreeQuarters,Auto,System.Collections.Generic.List`1[PlayersWorlds.Maps.Area])" methodname="IsFillComplete" classname="PlayersWorlds.Maps.Maze.MazeGeneratorTest" runstate="Runnable" seed="2049920371" result="Passed" start-time="2024-05-28T07:16:51.7491120Z" end-time="2024-05-28T07:16:51.7714620Z" duration="0.022350" asserts="5" />
                <test-case id="1-1573" name="IsFillComplete(PlayersWorlds.Maps.Maze.HuntAndKillMazeGenerator,ThreeQuarters,Auto,System.Collections.Generic.List`1[PlayersWorlds.Maps.Area])" fullname="PlayersWorlds.Maps.Maze.MazeGeneratorTest.IsFillComplete(PlayersWorlds.Maps.Maze.HuntAndKillMazeGenerator,ThreeQuarters,Auto,System.Collections.Generic.List`1[PlayersWorlds.Maps.Area])" methodname="IsFillComplete" classname="PlayersWorlds.Maps.Maze.MazeGeneratorTest" runstate="Runnable" seed="510101263" result="Passed" start-time="2024-05-28T07:16:51.7714820Z" end-time="2024-05-28T07:16:51.7950220Z" duration="0.023540" asserts="5" />
                <test-case id="1-1574" name="IsFillComplete(PlayersWorlds.Maps.Maze.HuntAndKillMazeGenerator,ThreeQuarters,Auto,System.Collections.Generic.List`1[PlayersWorlds.Maps.Area])" fullname="PlayersWorlds.Maps.Maze.MazeGeneratorTest.IsFillComplete(PlayersWorlds.Maps.Maze.HuntAndKillMazeGenerator,ThreeQuarters,Auto,System.Collections.Generic.List`1[PlayersWorlds.Maps.Area])" methodname="IsFillComplete" classname="PlayersWorlds.Maps.Maze.MazeGeneratorTest" runstate="Runnable" seed="1927075991" result="Passed" start-time="2024-05-28T07:16:51.7950410Z" end-time="2024-05-28T07:16:51.8316980Z" duration="0.036657" asserts="5" />
                <test-case id="1-1575" name="IsFillComplete(PlayersWorlds.Maps.Maze.HuntAndKillMazeGenerator,ThreeQuarters,Auto,System.Collections.Generic.List`1[PlayersWorlds.Maps.Area])" fullname="PlayersWorlds.Maps.Maze.MazeGeneratorTest.IsFillComplete(PlayersWorlds.Maps.Maze.HuntAndKillMazeGenerator,ThreeQuarters,Auto,System.Collections.Generic.List`1[PlayersWorlds.Maps.Area])" methodname="IsFillComplete" classname="PlayersWorlds.Maps.Maze.MazeGeneratorTest" runstate="Runnable" seed="381643855" result="Passed" start-time="2024-05-28T07:16:51.8317160Z" end-time="2024-05-28T07:16:51.8611680Z" duration="0.029452" asserts="5" />
                <test-case id="1-1576" name="IsFillComplete(PlayersWorlds.Maps.Maze.HuntAndKillMazeGenerator,ThreeQuarters,Manual,null)" fullname="PlayersWorlds.Maps.Maze.MazeGeneratorTest.IsFillComplete(PlayersWorlds.Maps.Maze.HuntAndKillMazeGenerator,ThreeQuarters,Manual,null)" methodname="IsFillComplete" classname="PlayersWorlds.Maps.Maze.MazeGeneratorTest" runstate="Runnable" seed="1822995064" result="Passed" start-time="2024-05-28T07:16:51.8611790Z" end-time="2024-05-28T07:16:51.8641700Z" duration="0.002992" asserts="5" />
                <test-case id="1-1577" name="IsFillComplete(PlayersWorlds.Maps.Maze.HuntAndKillMazeGenerator,ThreeQuarters,Manual,System.Collections.Generic.List`1[PlayersWorlds.Maps.Area])" fullname="PlayersWorlds.Maps.Maze.MazeGeneratorTest.IsFillComplete(PlayersWorlds.Maps.Maze.HuntAndKillMazeGenerator,ThreeQuarters,Manual,System.Collections.Generic.List`1[PlayersWorlds.Maps.Area])" methodname="IsFillComplete" classname="PlayersWorlds.Maps.Maze.MazeGeneratorTest" runstate="Runnable" seed="1151688314" result="Passed" start-time="2024-05-28T07:16:51.8641790Z" end-time="2024-05-28T07:16:51.8676770Z" duration="0.003498" asserts="5" />
                <test-case id="1-1578" name="IsFillComplete(PlayersWorlds.Maps.Maze.HuntAndKillMazeGenerator,ThreeQuarters,Manual,System.Collections.Generic.List`1[PlayersWorlds.Maps.Area])" fullname="PlayersWorlds.Maps.Maze.MazeGeneratorTest.IsFillComplete(PlayersWorlds.Maps.Maze.HuntAndKillMazeGenerator,ThreeQuarters,Manual,System.Collections.Generic.List`1[PlayersWorlds.Maps.Area])" methodname="IsFillComplete" classname="PlayersWorlds.Maps.Maze.MazeGeneratorTest" runstate="Runnable" seed="1657717688" result="Passed" start-time="2024-05-28T07:16:51.8676870Z" end-time="2024-05-28T07:16:51.8731850Z" duration="0.005499" asserts="5" />
                <test-case id="1-1579" name="IsFillComplete(PlayersWorlds.Maps.Maze.HuntAndKillMazeGenerator,ThreeQuarters,Manual,System.Collections.Generic.List`1[PlayersWorlds.Maps.Area])" fullname="PlayersWorlds.Maps.Maze.MazeGeneratorTest.IsFillComplete(PlayersWorlds.Maps.Maze.HuntAndKillMazeGenerator,ThreeQuarters,Manual,System.Collections.Generic.List`1[PlayersWorlds.Maps.Area])" methodname="IsFillComplete" classname="PlayersWorlds.Maps.Maze.MazeGeneratorTest" runstate="Runnable" seed="1772632939" result="Passed" start-time="2024-05-28T07:16:51.8731950Z" end-time="2024-05-28T07:16:51.8788830Z" duration="0.005688" asserts="5" />
                <test-case id="1-1580" name="IsFillComplete(PlayersWorlds.Maps.Maze.HuntAndKillMazeGenerator,ThreeQuarters,Manual,System.Collections.Generic.List`1[PlayersWorlds.Maps.Area])" fullname="PlayersWorlds.Maps.Maze.MazeGeneratorTest.IsFillComplete(PlayersWorlds.Maps.Maze.HuntAndKillMazeGenerator,ThreeQuarters,Manual,System.Collections.Generic.List`1[PlayersWorlds.Maps.Area])" methodname="IsFillComplete" classname="PlayersWorlds.Maps.Maze.MazeGeneratorTest" runstate="Runnable" seed="1546743365" result="Passed" start-time="2024-05-28T07:16:51.8788940Z" end-time="2024-05-28T07:16:51.8909390Z" duration="0.012045" asserts="5" />
                <test-case id="1-1581" name="IsFillComplete(PlayersWorlds.Maps.Maze.HuntAndKillMazeGenerator,ThreeQuarters,Manual,System.Collections.Generic.List`1[PlayersWorlds.Maps.Area])" fullname="PlayersWorlds.Maps.Maze.MazeGeneratorTest.IsFillComplete(PlayersWorlds.Maps.Maze.HuntAndKillMazeGenerator,ThreeQuarters,Manual,System.Collections.Generic.List`1[PlayersWorlds.Maps.Area])" methodname="IsFillComplete" classname="PlayersWorlds.Maps.Maze.MazeGeneratorTest" runstate="Runnable" seed="439169329" result="Passed" start-time="2024-05-28T07:16:51.8909500Z" end-time="2024-05-28T07:16:51.9025370Z" duration="0.011587" asserts="5" />
                <test-case id="1-1582" name="IsFillComplete(PlayersWorlds.Maps.Maze.HuntAndKillMazeGenerator,NinetyPercent,Auto,null)" fullname="PlayersWorlds.Maps.Maze.MazeGeneratorTest.IsFillComplete(PlayersWorlds.Maps.Maze.HuntAndKillMazeGenerator,NinetyPercent,Auto,null)" methodname="IsFillComplete" classname="PlayersWorlds.Maps.Maze.MazeGeneratorTest" runstate="Runnable" seed="584438655" result="Passed" start-time="2024-05-28T07:16:51.9025480Z" end-time="2024-05-28T07:16:51.9150830Z" duration="0.012536" asserts="5" />
                <test-case id="1-1583" name="IsFillComplete(PlayersWorlds.Maps.Maze.HuntAndKillMazeGenerator,NinetyPercent,Auto,System.Collections.Generic.List`1[PlayersWorlds.Maps.Area])" fullname="PlayersWorlds.Maps.Maze.MazeGeneratorTest.IsFillComplete(PlayersWorlds.Maps.Maze.HuntAndKillMazeGenerator,NinetyPercent,Auto,System.Collections.Generic.List`1[PlayersWorlds.Maps.Area])" methodname="IsFillComplete" classname="PlayersWorlds.Maps.Maze.MazeGeneratorTest" runstate="Runnable" seed="486283852" result="Passed" start-time="2024-05-28T07:16:51.9151020Z" end-time="2024-05-28T07:16:51.9273980Z" duration="0.012296" asserts="5" />
                <test-case id="1-1584" name="IsFillComplete(PlayersWorlds.Maps.Maze.HuntAndKillMazeGenerator,NinetyPercent,Auto,System.Collections.Generic.List`1[PlayersWorlds.Maps.Area])" fullname="PlayersWorlds.Maps.Maze.MazeGeneratorTest.IsFillComplete(PlayersWorlds.Maps.Maze.HuntAndKillMazeGenerator,NinetyPercent,Auto,System.Collections.Generic.List`1[PlayersWorlds.Maps.Area])" methodname="IsFillComplete" classname="PlayersWorlds.Maps.Maze.MazeGeneratorTest" runstate="Runnable" seed="1807101237" result="Passed" start-time="2024-05-28T07:16:51.9274160Z" end-time="2024-05-28T07:16:51.9441180Z" duration="0.016702" asserts="5" />
                <test-case id="1-1585" name="IsFillComplete(PlayersWorlds.Maps.Maze.HuntAndKillMazeGenerator,NinetyPercent,Auto,System.Collections.Generic.List`1[PlayersWorlds.Maps.Area])" fullname="PlayersWorlds.Maps.Maze.MazeGeneratorTest.IsFillComplete(PlayersWorlds.Maps.Maze.HuntAndKillMazeGenerator,NinetyPercent,Auto,System.Collections.Generic.List`1[PlayersWorlds.Maps.Area])" methodname="IsFillComplete" classname="PlayersWorlds.Maps.Maze.MazeGeneratorTest" runstate="Runnable" seed="78790218" result="Passed" start-time="2024-05-28T07:16:51.9441290Z" end-time="2024-05-28T07:16:51.9616950Z" duration="0.017566" asserts="5" />
                <test-case id="1-1586" name="IsFillComplete(PlayersWorlds.Maps.Maze.HuntAndKillMazeGenerator,NinetyPercent,Auto,System.Collections.Generic.List`1[PlayersWorlds.Maps.Area])" fullname="PlayersWorlds.Maps.Maze.MazeGeneratorTest.IsFillComplete(PlayersWorlds.Maps.Maze.HuntAndKillMazeGenerator,NinetyPercent,Auto,System.Collections.Generic.List`1[PlayersWorlds.Maps.Area])" methodname="IsFillComplete" classname="PlayersWorlds.Maps.Maze.MazeGeneratorTest" runstate="Runnable" seed="1222418576" result="Passed" start-time="2024-05-28T07:16:51.9617050Z" end-time="2024-05-28T07:16:51.9786020Z" duration="0.016897" asserts="5" />
                <test-case id="1-1587" name="IsFillComplete(PlayersWorlds.Maps.Maze.HuntAndKillMazeGenerator,NinetyPercent,Auto,System.Collections.Generic.List`1[PlayersWorlds.Maps.Area])" fullname="PlayersWorlds.Maps.Maze.MazeGeneratorTest.IsFillComplete(PlayersWorlds.Maps.Maze.HuntAndKillMazeGenerator,NinetyPercent,Auto,System.Collections.Generic.List`1[PlayersWorlds.Maps.Area])" methodname="IsFillComplete" classname="PlayersWorlds.Maps.Maze.MazeGeneratorTest" runstate="Runnable" seed="1814690769" result="Passed" start-time="2024-05-28T07:16:51.9786130Z" end-time="2024-05-28T07:16:51.9954940Z" duration="0.016881" asserts="5" />
                <test-case id="1-1588" name="IsFillComplete(PlayersWorlds.Maps.Maze.HuntAndKillMazeGenerator,NinetyPercent,Manual,null)" fullname="PlayersWorlds.Maps.Maze.MazeGeneratorTest.IsFillComplete(PlayersWorlds.Maps.Maze.HuntAndKillMazeGenerator,NinetyPercent,Manual,null)" methodname="IsFillComplete" classname="PlayersWorlds.Maps.Maze.MazeGeneratorTest" runstate="Runnable" seed="731831530" result="Passed" start-time="2024-05-28T07:16:51.9955060Z" end-time="2024-05-28T07:16:51.9992530Z" duration="0.003747" asserts="5" />
                <test-case id="1-1589" name="IsFillComplete(PlayersWorlds.Maps.Maze.HuntAndKillMazeGenerator,NinetyPercent,Manual,System.Collections.Generic.List`1[PlayersWorlds.Maps.Area])" fullname="PlayersWorlds.Maps.Maze.MazeGeneratorTest.IsFillComplete(PlayersWorlds.Maps.Maze.HuntAndKillMazeGenerator,NinetyPercent,Manual,System.Collections.Generic.List`1[PlayersWorlds.Maps.Area])" methodname="IsFillComplete" classname="PlayersWorlds.Maps.Maze.MazeGeneratorTest" runstate="Runnable" seed="1879223689" result="Passed" start-time="2024-05-28T07:16:51.9992630Z" end-time="2024-05-28T07:16:52.0029310Z" duration="0.003668" asserts="5" />
                <test-case id="1-1590" name="IsFillComplete(PlayersWorlds.Maps.Maze.HuntAndKillMazeGenerator,NinetyPercent,Manual,System.Collections.Generic.List`1[PlayersWorlds.Maps.Area])" fullname="PlayersWorlds.Maps.Maze.MazeGeneratorTest.IsFillComplete(PlayersWorlds.Maps.Maze.HuntAndKillMazeGenerator,NinetyPercent,Manual,System.Collections.Generic.List`1[PlayersWorlds.Maps.Area])" methodname="IsFillComplete" classname="PlayersWorlds.Maps.Maze.MazeGeneratorTest" runstate="Runnable" seed="1159629256" result="Passed" start-time="2024-05-28T07:16:52.0029400Z" end-time="2024-05-28T07:16:52.0086500Z" duration="0.005710" asserts="5" />
                <test-case id="1-1591" name="IsFillComplete(PlayersWorlds.Maps.Maze.HuntAndKillMazeGenerator,NinetyPercent,Manual,System.Collections.Generic.List`1[PlayersWorlds.Maps.Area])" fullname="PlayersWorlds.Maps.Maze.MazeGeneratorTest.IsFillComplete(PlayersWorlds.Maps.Maze.HuntAndKillMazeGenerator,NinetyPercent,Manual,System.Collections.Generic.List`1[PlayersWorlds.Maps.Area])" methodname="IsFillComplete" classname="PlayersWorlds.Maps.Maze.MazeGeneratorTest" runstate="Runnable" seed="1259237437" result="Passed" start-time="2024-05-28T07:16:52.0086600Z" end-time="2024-05-28T07:16:52.0143000Z" duration="0.005640" asserts="5" />
                <test-case id="1-1592" name="IsFillComplete(PlayersWorlds.Maps.Maze.HuntAndKillMazeGenerator,NinetyPercent,Manual,System.Collections.Generic.List`1[PlayersWorlds.Maps.Area])" fullname="PlayersWorlds.Maps.Maze.MazeGeneratorTest.IsFillComplete(PlayersWorlds.Maps.Maze.HuntAndKillMazeGenerator,NinetyPercent,Manual,System.Collections.Generic.List`1[PlayersWorlds.Maps.Area])" methodname="IsFillComplete" classname="PlayersWorlds.Maps.Maze.MazeGeneratorTest" runstate="Runnable" seed="1669233824" result="Passed" start-time="2024-05-28T07:16:52.0143100Z" end-time="2024-05-28T07:16:52.0260240Z" duration="0.011714" asserts="5" />
                <test-case id="1-1593" name="IsFillComplete(PlayersWorlds.Maps.Maze.HuntAndKillMazeGenerator,NinetyPercent,Manual,System.Collections.Generic.List`1[PlayersWorlds.Maps.Area])" fullname="PlayersWorlds.Maps.Maze.MazeGeneratorTest.IsFillComplete(PlayersWorlds.Maps.Maze.HuntAndKillMazeGenerator,NinetyPercent,Manual,System.Collections.Generic.List`1[PlayersWorlds.Maps.Area])" methodname="IsFillComplete" classname="PlayersWorlds.Maps.Maze.MazeGeneratorTest" runstate="Runnable" seed="1532206893" result="Passed" start-time="2024-05-28T07:16:52.0260340Z" end-time="2024-05-28T07:16:52.0382750Z" duration="0.012241" asserts="5" />
                <test-case id="1-1594" name="IsFillComplete(PlayersWorlds.Maps.Maze.HuntAndKillMazeGenerator,FullWidth,Auto,null)" fullname="PlayersWorlds.Maps.Maze.MazeGeneratorTest.IsFillComplete(PlayersWorlds.Maps.Maze.HuntAndKillMazeGenerator,FullWidth,Auto,null)" methodname="IsFillComplete" classname="PlayersWorlds.Maps.Maze.MazeGeneratorTest" runstate="Runnable" seed="1425079000" result="Passed" start-time="2024-05-28T07:16:52.0382930Z" end-time="2024-05-28T07:16:52.0508550Z" duration="0.012562" asserts="5" />
                <test-case id="1-1595" name="IsFillComplete(PlayersWorlds.Maps.Maze.HuntAndKillMazeGenerator,FullWidth,Auto,System.Collections.Generic.List`1[PlayersWorlds.Maps.Area])" fullname="PlayersWorlds.Maps.Maze.MazeGeneratorTest.IsFillComplete(PlayersWorlds.Maps.Maze.HuntAndKillMazeGenerator,FullWidth,Auto,System.Collections.Generic.List`1[PlayersWorlds.Maps.Area])" methodname="IsFillComplete" classname="PlayersWorlds.Maps.Maze.MazeGeneratorTest" runstate="Runnable" seed="925415077" result="Passed" start-time="2024-05-28T07:16:52.0508660Z" end-time="2024-05-28T07:16:52.0585430Z" duration="0.007678" asserts="5" />
                <test-case id="1-1596" name="IsFillComplete(PlayersWorlds.Maps.Maze.HuntAndKillMazeGenerator,FullWidth,Auto,System.Collections.Generic.List`1[PlayersWorlds.Maps.Area])" fullname="PlayersWorlds.Maps.Maze.MazeGeneratorTest.IsFillComplete(PlayersWorlds.Maps.Maze.HuntAndKillMazeGenerator,FullWidth,Auto,System.Collections.Generic.List`1[PlayersWorlds.Maps.Area])" methodname="IsFillComplete" classname="PlayersWorlds.Maps.Maze.MazeGeneratorTest" runstate="Runnable" seed="360969839" result="Passed" start-time="2024-05-28T07:16:52.0585610Z" end-time="2024-05-28T07:16:52.0751950Z" duration="0.016634" asserts="5" />
                <test-case id="1-1597" name="IsFillComplete(PlayersWorlds.Maps.Maze.HuntAndKillMazeGenerator,FullWidth,Auto,System.Collections.Generic.List`1[PlayersWorlds.Maps.Area])" fullname="PlayersWorlds.Maps.Maze.MazeGeneratorTest.IsFillComplete(PlayersWorlds.Maps.Maze.HuntAndKillMazeGenerator,FullWidth,Auto,System.Collections.Generic.List`1[PlayersWorlds.Maps.Area])" methodname="IsFillComplete" classname="PlayersWorlds.Maps.Maze.MazeGeneratorTest" runstate="Runnable" seed="1862482324" result="Passed" start-time="2024-05-28T07:16:52.0752060Z" end-time="2024-05-28T07:16:52.1042680Z" duration="0.029062" asserts="5" />
                <test-case id="1-1598" name="IsFillComplete(PlayersWorlds.Maps.Maze.HuntAndKillMazeGenerator,FullWidth,Auto,System.Collections.Generic.List`1[PlayersWorlds.Maps.Area])" fullname="PlayersWorlds.Maps.Maze.MazeGeneratorTest.IsFillComplete(PlayersWorlds.Maps.Maze.HuntAndKillMazeGenerator,FullWidth,Auto,System.Collections.Generic.List`1[PlayersWorlds.Maps.Area])" methodname="IsFillComplete" classname="PlayersWorlds.Maps.Maze.MazeGeneratorTest" runstate="Runnable" seed="111011085" result="Passed" start-time="2024-05-28T07:16:52.1042780Z" end-time="2024-05-28T07:16:52.1331760Z" duration="0.028898" asserts="5" />
                <test-case id="1-1599" name="IsFillComplete(PlayersWorlds.Maps.Maze.HuntAndKillMazeGenerator,FullWidth,Auto,System.Collections.Generic.List`1[PlayersWorlds.Maps.Area])" fullname="PlayersWorlds.Maps.Maze.MazeGeneratorTest.IsFillComplete(PlayersWorlds.Maps.Maze.HuntAndKillMazeGenerator,FullWidth,Auto,System.Collections.Generic.List`1[PlayersWorlds.Maps.Area])" methodname="IsFillComplete" classname="PlayersWorlds.Maps.Maze.MazeGeneratorTest" runstate="Runnable" seed="663198005" result="Passed" start-time="2024-05-28T07:16:52.1331860Z" end-time="2024-05-28T07:16:52.1497730Z" duration="0.016587" asserts="5" />
                <test-case id="1-1600" name="IsFillComplete(PlayersWorlds.Maps.Maze.HuntAndKillMazeGenerator,FullWidth,Manual,null)" fullname="PlayersWorlds.Maps.Maze.MazeGeneratorTest.IsFillComplete(PlayersWorlds.Maps.Maze.HuntAndKillMazeGenerator,FullWidth,Manual,null)" methodname="IsFillComplete" classname="PlayersWorlds.Maps.Maze.MazeGeneratorTest" runstate="Runnable" seed="652141083" result="Passed" start-time="2024-05-28T07:16:52.1497830Z" end-time="2024-05-28T07:16:52.1526210Z" duration="0.002838" asserts="5" />
                <test-case id="1-1601" name="IsFillComplete(PlayersWorlds.Maps.Maze.HuntAndKillMazeGenerator,FullWidth,Manual,System.Collections.Generic.List`1[PlayersWorlds.Maps.Area])" fullname="PlayersWorlds.Maps.Maze.MazeGeneratorTest.IsFillComplete(PlayersWorlds.Maps.Maze.HuntAndKillMazeGenerator,FullWidth,Manual,System.Collections.Generic.List`1[PlayersWorlds.Maps.Area])" methodname="IsFillComplete" classname="PlayersWorlds.Maps.Maze.MazeGeneratorTest" runstate="Runnable" seed="1534598125" result="Passed" start-time="2024-05-28T07:16:52.1526300Z" end-time="2024-05-28T07:16:52.1560460Z" duration="0.003416" asserts="5" />
                <test-case id="1-1602" name="IsFillComplete(PlayersWorlds.Maps.Maze.HuntAndKillMazeGenerator,FullWidth,Manual,System.Collections.Generic.List`1[PlayersWorlds.Maps.Area])" fullname="PlayersWorlds.Maps.Maze.MazeGeneratorTest.IsFillComplete(PlayersWorlds.Maps.Maze.HuntAndKillMazeGenerator,FullWidth,Manual,System.Collections.Generic.List`1[PlayersWorlds.Maps.Area])" methodname="IsFillComplete" classname="PlayersWorlds.Maps.Maze.MazeGeneratorTest" runstate="Runnable" seed="1722945390" result="Passed" start-time="2024-05-28T07:16:52.1560560Z" end-time="2024-05-28T07:16:52.1609710Z" duration="0.004915" asserts="5" />
                <test-case id="1-1603" name="IsFillComplete(PlayersWorlds.Maps.Maze.HuntAndKillMazeGenerator,FullWidth,Manual,System.Collections.Generic.List`1[PlayersWorlds.Maps.Area])" fullname="PlayersWorlds.Maps.Maze.MazeGeneratorTest.IsFillComplete(PlayersWorlds.Maps.Maze.HuntAndKillMazeGenerator,FullWidth,Manual,System.Collections.Generic.List`1[PlayersWorlds.Maps.Area])" methodname="IsFillComplete" classname="PlayersWorlds.Maps.Maze.MazeGeneratorTest" runstate="Runnable" seed="1644800455" result="Passed" start-time="2024-05-28T07:16:52.1609820Z" end-time="2024-05-28T07:16:52.1664350Z" duration="0.005453" asserts="5" />
                <test-case id="1-1604" name="IsFillComplete(PlayersWorlds.Maps.Maze.HuntAndKillMazeGenerator,FullWidth,Manual,System.Collections.Generic.List`1[PlayersWorlds.Maps.Area])" fullname="PlayersWorlds.Maps.Maze.MazeGeneratorTest.IsFillComplete(PlayersWorlds.Maps.Maze.HuntAndKillMazeGenerator,FullWidth,Manual,System.Collections.Generic.List`1[PlayersWorlds.Maps.Area])" methodname="IsFillComplete" classname="PlayersWorlds.Maps.Maze.MazeGeneratorTest" runstate="Runnable" seed="764701934" result="Passed" start-time="2024-05-28T07:16:52.1664540Z" end-time="2024-05-28T07:16:52.1777550Z" duration="0.011301" asserts="5" />
                <test-case id="1-1605" name="IsFillComplete(PlayersWorlds.Maps.Maze.HuntAndKillMazeGenerator,FullWidth,Manual,System.Collections.Generic.List`1[PlayersWorlds.Maps.Area])" fullname="PlayersWorlds.Maps.Maze.MazeGeneratorTest.IsFillComplete(PlayersWorlds.Maps.Maze.HuntAndKillMazeGenerator,FullWidth,Manual,System.Collections.Generic.List`1[PlayersWorlds.Maps.Area])" methodname="IsFillComplete" classname="PlayersWorlds.Maps.Maze.MazeGeneratorTest" runstate="Runnable" seed="279253993" result="Passed" start-time="2024-05-28T07:16:52.1777650Z" end-time="2024-05-28T07:16:52.1891760Z" duration="0.011411" asserts="5" />
                <test-case id="1-1606" name="IsFillComplete(PlayersWorlds.Maps.Maze.HuntAndKillMazeGenerator,FullHeight,Auto,null)" fullname="PlayersWorlds.Maps.Maze.MazeGeneratorTest.IsFillComplete(PlayersWorlds.Maps.Maze.HuntAndKillMazeGenerator,FullHeight,Auto,null)" methodname="IsFillComplete" classname="PlayersWorlds.Maps.Maze.MazeGeneratorTest" runstate="Runnable" seed="1104655998" result="Passed" start-time="2024-05-28T07:16:52.1891950Z" end-time="2024-05-28T07:16:52.2023330Z" duration="0.013138" asserts="5" />
                <test-case id="1-1607" name="IsFillComplete(PlayersWorlds.Maps.Maze.HuntAndKillMazeGenerator,FullHeight,Auto,System.Collections.Generic.List`1[PlayersWorlds.Maps.Area])" fullname="PlayersWorlds.Maps.Maze.MazeGeneratorTest.IsFillComplete(PlayersWorlds.Maps.Maze.HuntAndKillMazeGenerator,FullHeight,Auto,System.Collections.Generic.List`1[PlayersWorlds.Maps.Area])" methodname="IsFillComplete" classname="PlayersWorlds.Maps.Maze.MazeGeneratorTest" runstate="Runnable" seed="1966549139" result="Passed" start-time="2024-05-28T07:16:52.2023520Z" end-time="2024-05-28T07:16:52.2151360Z" duration="0.012784" asserts="5" />
                <test-case id="1-1608" name="IsFillComplete(PlayersWorlds.Maps.Maze.HuntAndKillMazeGenerator,FullHeight,Auto,System.Collections.Generic.List`1[PlayersWorlds.Maps.Area])" fullname="PlayersWorlds.Maps.Maze.MazeGeneratorTest.IsFillComplete(PlayersWorlds.Maps.Maze.HuntAndKillMazeGenerator,FullHeight,Auto,System.Collections.Generic.List`1[PlayersWorlds.Maps.Area])" methodname="IsFillComplete" classname="PlayersWorlds.Maps.Maze.MazeGeneratorTest" runstate="Runnable" seed="1628833048" result="Passed" start-time="2024-05-28T07:16:52.2151470Z" end-time="2024-05-28T07:16:52.2323080Z" duration="0.017161" asserts="5" />
                <test-case id="1-1609" name="IsFillComplete(PlayersWorlds.Maps.Maze.HuntAndKillMazeGenerator,FullHeight,Auto,System.Collections.Generic.List`1[PlayersWorlds.Maps.Area])" fullname="PlayersWorlds.Maps.Maze.MazeGeneratorTest.IsFillComplete(PlayersWorlds.Maps.Maze.HuntAndKillMazeGenerator,FullHeight,Auto,System.Collections.Generic.List`1[PlayersWorlds.Maps.Area])" methodname="IsFillComplete" classname="PlayersWorlds.Maps.Maze.MazeGeneratorTest" runstate="Runnable" seed="683838463" result="Passed" start-time="2024-05-28T07:16:52.2323190Z" end-time="2024-05-28T07:16:52.2490230Z" duration="0.016704" asserts="5" />
                <test-case id="1-1610" name="IsFillComplete(PlayersWorlds.Maps.Maze.HuntAndKillMazeGenerator,FullHeight,Auto,System.Collections.Generic.List`1[PlayersWorlds.Maps.Area])" fullname="PlayersWorlds.Maps.Maze.MazeGeneratorTest.IsFillComplete(PlayersWorlds.Maps.Maze.HuntAndKillMazeGenerator,FullHeight,Auto,System.Collections.Generic.List`1[PlayersWorlds.Maps.Area])" methodname="IsFillComplete" classname="PlayersWorlds.Maps.Maze.MazeGeneratorTest" runstate="Runnable" seed="2114175077" result="Passed" start-time="2024-05-28T07:16:52.2490350Z" end-time="2024-05-28T07:16:52.2858100Z" duration="0.036775" asserts="5" />
                <test-case id="1-1611" name="IsFillComplete(PlayersWorlds.Maps.Maze.HuntAndKillMazeGenerator,FullHeight,Auto,System.Collections.Generic.List`1[PlayersWorlds.Maps.Area])" fullname="PlayersWorlds.Maps.Maze.MazeGeneratorTest.IsFillComplete(PlayersWorlds.Maps.Maze.HuntAndKillMazeGenerator,FullHeight,Auto,System.Collections.Generic.List`1[PlayersWorlds.Maps.Area])" methodname="IsFillComplete" classname="PlayersWorlds.Maps.Maze.MazeGeneratorTest" runstate="Runnable" seed="57064159" result="Passed" start-time="2024-05-28T07:16:52.2858210Z" end-time="2024-05-28T07:16:52.3098340Z" duration="0.024014" asserts="5" />
                <test-case id="1-1612" name="IsFillComplete(PlayersWorlds.Maps.Maze.HuntAndKillMazeGenerator,FullHeight,Manual,null)" fullname="PlayersWorlds.Maps.Maze.MazeGeneratorTest.IsFillComplete(PlayersWorlds.Maps.Maze.HuntAndKillMazeGenerator,FullHeight,Manual,null)" methodname="IsFillComplete" classname="PlayersWorlds.Maps.Maze.MazeGeneratorTest" runstate="Runnable" seed="1908489772" result="Passed" start-time="2024-05-28T07:16:52.3098470Z" end-time="2024-05-28T07:16:52.3124810Z" duration="0.002634" asserts="5" />
                <test-case id="1-1613" name="IsFillComplete(PlayersWorlds.Maps.Maze.HuntAndKillMazeGenerator,FullHeight,Manual,System.Collections.Generic.List`1[PlayersWorlds.Maps.Area])" fullname="PlayersWorlds.Maps.Maze.MazeGeneratorTest.IsFillComplete(PlayersWorlds.Maps.Maze.HuntAndKillMazeGenerator,FullHeight,Manual,System.Collections.Generic.List`1[PlayersWorlds.Maps.Area])" methodname="IsFillComplete" classname="PlayersWorlds.Maps.Maze.MazeGeneratorTest" runstate="Runnable" seed="1131666611" result="Passed" start-time="2024-05-28T07:16:52.3124900Z" end-time="2024-05-28T07:16:52.3156720Z" duration="0.003182" asserts="5" />
                <test-case id="1-1614" name="IsFillComplete(PlayersWorlds.Maps.Maze.HuntAndKillMazeGenerator,FullHeight,Manual,System.Collections.Generic.List`1[PlayersWorlds.Maps.Area])" fullname="PlayersWorlds.Maps.Maze.MazeGeneratorTest.IsFillComplete(PlayersWorlds.Maps.Maze.HuntAndKillMazeGenerator,FullHeight,Manual,System.Collections.Generic.List`1[PlayersWorlds.Maps.Area])" methodname="IsFillComplete" classname="PlayersWorlds.Maps.Maze.MazeGeneratorTest" runstate="Runnable" seed="624998796" result="Passed" start-time="2024-05-28T07:16:52.3156840Z" end-time="2024-05-28T07:16:52.3206900Z" duration="0.005006" asserts="5" />
                <test-case id="1-1615" name="IsFillComplete(PlayersWorlds.Maps.Maze.HuntAndKillMazeGenerator,FullHeight,Manual,System.Collections.Generic.List`1[PlayersWorlds.Maps.Area])" fullname="PlayersWorlds.Maps.Maze.MazeGeneratorTest.IsFillComplete(PlayersWorlds.Maps.Maze.HuntAndKillMazeGenerator,FullHeight,Manual,System.Collections.Generic.List`1[PlayersWorlds.Maps.Area])" methodname="IsFillComplete" classname="PlayersWorlds.Maps.Maze.MazeGeneratorTest" runstate="Runnable" seed="1515439319" result="Passed" start-time="2024-05-28T07:16:52.3207000Z" end-time="2024-05-28T07:16:52.3263900Z" duration="0.005691" asserts="5" />
                <test-case id="1-1616" name="IsFillComplete(PlayersWorlds.Maps.Maze.HuntAndKillMazeGenerator,FullHeight,Manual,System.Collections.Generic.List`1[PlayersWorlds.Maps.Area])" fullname="PlayersWorlds.Maps.Maze.MazeGeneratorTest.IsFillComplete(PlayersWorlds.Maps.Maze.HuntAndKillMazeGenerator,FullHeight,Manual,System.Collections.Generic.List`1[PlayersWorlds.Maps.Area])" methodname="IsFillComplete" classname="PlayersWorlds.Maps.Maze.MazeGeneratorTest" runstate="Runnable" seed="1189145031" result="Passed" start-time="2024-05-28T07:16:52.3264020Z" end-time="2024-05-28T07:16:52.3374680Z" duration="0.011066" asserts="5" />
                <test-case id="1-1617" name="IsFillComplete(PlayersWorlds.Maps.Maze.HuntAndKillMazeGenerator,FullHeight,Manual,System.Collections.Generic.List`1[PlayersWorlds.Maps.Area])" fullname="PlayersWorlds.Maps.Maze.MazeGeneratorTest.IsFillComplete(PlayersWorlds.Maps.Maze.HuntAndKillMazeGenerator,FullHeight,Manual,System.Collections.Generic.List`1[PlayersWorlds.Maps.Area])" methodname="IsFillComplete" classname="PlayersWorlds.Maps.Maze.MazeGeneratorTest" runstate="Runnable" seed="459243591" result="Passed" start-time="2024-05-28T07:16:52.3374780Z" end-time="2024-05-28T07:16:52.3496110Z" duration="0.012133" asserts="5" />
                <test-case id="1-1618" name="IsFillComplete(PlayersWorlds.Maps.Maze.HuntAndKillMazeGenerator,Full,Auto,null)" fullname="PlayersWorlds.Maps.Maze.MazeGeneratorTest.IsFillComplete(PlayersWorlds.Maps.Maze.HuntAndKillMazeGenerator,Full,Auto,null)" methodname="IsFillComplete" classname="PlayersWorlds.Maps.Maze.MazeGeneratorTest" runstate="Runnable" seed="64311990" result="Passed" start-time="2024-05-28T07:16:52.3496220Z" end-time="2024-05-28T07:16:52.3665510Z" duration="0.016929" asserts="5" />
                <test-case id="1-1619" name="IsFillComplete(PlayersWorlds.Maps.Maze.HuntAndKillMazeGenerator,Full,Auto,System.Collections.Generic.List`1[PlayersWorlds.Maps.Area])" fullname="PlayersWorlds.Maps.Maze.MazeGeneratorTest.IsFillComplete(PlayersWorlds.Maps.Maze.HuntAndKillMazeGenerator,Full,Auto,System.Collections.Generic.List`1[PlayersWorlds.Maps.Area])" methodname="IsFillComplete" classname="PlayersWorlds.Maps.Maze.MazeGeneratorTest" runstate="Runnable" seed="1771614544" result="Passed" start-time="2024-05-28T07:16:52.3665620Z" end-time="2024-05-28T07:16:52.3971130Z" duration="0.030551" asserts="5" />
                <test-case id="1-1620" name="IsFillComplete(PlayersWorlds.Maps.Maze.HuntAndKillMazeGenerator,Full,Auto,System.Collections.Generic.List`1[PlayersWorlds.Maps.Area])" fullname="PlayersWorlds.Maps.Maze.MazeGeneratorTest.IsFillComplete(PlayersWorlds.Maps.Maze.HuntAndKillMazeGenerator,Full,Auto,System.Collections.Generic.List`1[PlayersWorlds.Maps.Area])" methodname="IsFillComplete" classname="PlayersWorlds.Maps.Maze.MazeGeneratorTest" runstate="Runnable" seed="1756755723" result="Passed" start-time="2024-05-28T07:16:52.3971240Z" end-time="2024-05-28T07:16:52.4266190Z" duration="0.029496" asserts="5" />
                <test-case id="1-1621" name="IsFillComplete(PlayersWorlds.Maps.Maze.HuntAndKillMazeGenerator,Full,Auto,System.Collections.Generic.List`1[PlayersWorlds.Maps.Area])" fullname="PlayersWorlds.Maps.Maze.MazeGeneratorTest.IsFillComplete(PlayersWorlds.Maps.Maze.HuntAndKillMazeGenerator,Full,Auto,System.Collections.Generic.List`1[PlayersWorlds.Maps.Area])" methodname="IsFillComplete" classname="PlayersWorlds.Maps.Maze.MazeGeneratorTest" runstate="Runnable" seed="631515904" result="Passed" start-time="2024-05-28T07:16:52.4266310Z" end-time="2024-05-28T07:16:52.4565300Z" duration="0.029900" asserts="5" />
                <test-case id="1-1622" name="IsFillComplete(PlayersWorlds.Maps.Maze.HuntAndKillMazeGenerator,Full,Auto,System.Collections.Generic.List`1[PlayersWorlds.Maps.Area])" fullname="PlayersWorlds.Maps.Maze.MazeGeneratorTest.IsFillComplete(PlayersWorlds.Maps.Maze.HuntAndKillMazeGenerator,Full,Auto,System.Collections.Generic.List`1[PlayersWorlds.Maps.Area])" methodname="IsFillComplete" classname="PlayersWorlds.Maps.Maze.MazeGeneratorTest" runstate="Runnable" seed="942816985" result="Passed" start-time="2024-05-28T07:16:52.4565510Z" end-time="2024-05-28T07:16:52.4857060Z" duration="0.029155" asserts="5" />
                <test-case id="1-1623" name="IsFillComplete(PlayersWorlds.Maps.Maze.HuntAndKillMazeGenerator,Full,Auto,System.Collections.Generic.List`1[PlayersWorlds.Maps.Area])" fullname="PlayersWorlds.Maps.Maze.MazeGeneratorTest.IsFillComplete(PlayersWorlds.Maps.Maze.HuntAndKillMazeGenerator,Full,Auto,System.Collections.Generic.List`1[PlayersWorlds.Maps.Area])" methodname="IsFillComplete" classname="PlayersWorlds.Maps.Maze.MazeGeneratorTest" runstate="Runnable" seed="1271491593" result="Passed" start-time="2024-05-28T07:16:52.4857170Z" end-time="2024-05-28T07:16:52.5228330Z" duration="0.037116" asserts="5" />
                <test-case id="1-1624" name="IsFillComplete(PlayersWorlds.Maps.Maze.HuntAndKillMazeGenerator,Full,Manual,null)" fullname="PlayersWorlds.Maps.Maze.MazeGeneratorTest.IsFillComplete(PlayersWorlds.Maps.Maze.HuntAndKillMazeGenerator,Full,Manual,null)" methodname="IsFillComplete" classname="PlayersWorlds.Maps.Maze.MazeGeneratorTest" runstate="Runnable" seed="141212999" result="Passed" start-time="2024-05-28T07:16:52.5228440Z" end-time="2024-05-28T07:16:52.5266290Z" duration="0.003785" asserts="5" />
                <test-case id="1-1625" name="IsFillComplete(PlayersWorlds.Maps.Maze.HuntAndKillMazeGenerator,Full,Manual,System.Collections.Generic.List`1[PlayersWorlds.Maps.Area])" fullname="PlayersWorlds.Maps.Maze.MazeGeneratorTest.IsFillComplete(PlayersWorlds.Maps.Maze.HuntAndKillMazeGenerator,Full,Manual,System.Collections.Generic.List`1[PlayersWorlds.Maps.Area])" methodname="IsFillComplete" classname="PlayersWorlds.Maps.Maze.MazeGeneratorTest" runstate="Runnable" seed="579114993" result="Passed" start-time="2024-05-28T07:16:52.5266400Z" end-time="2024-05-28T07:16:52.5298890Z" duration="0.003249" asserts="5" />
                <test-case id="1-1626" name="IsFillComplete(PlayersWorlds.Maps.Maze.HuntAndKillMazeGenerator,Full,Manual,System.Collections.Generic.List`1[PlayersWorlds.Maps.Area])" fullname="PlayersWorlds.Maps.Maze.MazeGeneratorTest.IsFillComplete(PlayersWorlds.Maps.Maze.HuntAndKillMazeGenerator,Full,Manual,System.Collections.Generic.List`1[PlayersWorlds.Maps.Area])" methodname="IsFillComplete" classname="PlayersWorlds.Maps.Maze.MazeGeneratorTest" runstate="Runnable" seed="2123501061" result="Passed" start-time="2024-05-28T07:16:52.5299000Z" end-time="2024-05-28T07:16:52.5353130Z" duration="0.005413" asserts="5" />
                <test-case id="1-1627" name="IsFillComplete(PlayersWorlds.Maps.Maze.HuntAndKillMazeGenerator,Full,Manual,System.Collections.Generic.List`1[PlayersWorlds.Maps.Area])" fullname="PlayersWorlds.Maps.Maze.MazeGeneratorTest.IsFillComplete(PlayersWorlds.Maps.Maze.HuntAndKillMazeGenerator,Full,Manual,System.Collections.Generic.List`1[PlayersWorlds.Maps.Area])" methodname="IsFillComplete" classname="PlayersWorlds.Maps.Maze.MazeGeneratorTest" runstate="Runnable" seed="517713478" result="Passed" start-time="2024-05-28T07:16:52.5353240Z" end-time="2024-05-28T07:16:52.5410480Z" duration="0.005724" asserts="5" />
                <test-case id="1-1628" name="IsFillComplete(PlayersWorlds.Maps.Maze.HuntAndKillMazeGenerator,Full,Manual,System.Collections.Generic.List`1[PlayersWorlds.Maps.Area])" fullname="PlayersWorlds.Maps.Maze.MazeGeneratorTest.IsFillComplete(PlayersWorlds.Maps.Maze.HuntAndKillMazeGenerator,Full,Manual,System.Collections.Generic.List`1[PlayersWorlds.Maps.Area])" methodname="IsFillComplete" classname="PlayersWorlds.Maps.Maze.MazeGeneratorTest" runstate="Runnable" seed="1232505910" result="Passed" start-time="2024-05-28T07:16:52.5410580Z" end-time="2024-05-28T07:16:52.5529530Z" duration="0.011895" asserts="5" />
                <test-case id="1-1629" name="IsFillComplete(PlayersWorlds.Maps.Maze.HuntAndKillMazeGenerator,Full,Manual,System.Collections.Generic.List`1[PlayersWorlds.Maps.Area])" fullname="PlayersWorlds.Maps.Maze.MazeGeneratorTest.IsFillComplete(PlayersWorlds.Maps.Maze.HuntAndKillMazeGenerator,Full,Manual,System.Collections.Generic.List`1[PlayersWorlds.Maps.Area])" methodname="IsFillComplete" classname="PlayersWorlds.Maps.Maze.MazeGeneratorTest" runstate="Runnable" seed="1001660914" result="Passed" start-time="2024-05-28T07:16:52.5529640Z" end-time="2024-05-28T07:16:52.5651140Z" duration="0.012150" asserts="5" />
                <test-case id="1-1630" name="IsFillComplete(PlayersWorlds.Maps.Maze.RecursiveBacktrackerMazeGenerator,Quarter,Auto,null)" fullname="PlayersWorlds.Maps.Maze.MazeGeneratorTest.IsFillComplete(PlayersWorlds.Maps.Maze.RecursiveBacktrackerMazeGenerator,Quarter,Auto,null)" methodname="IsFillComplete" classname="PlayersWorlds.Maps.Maze.MazeGeneratorTest" runstate="Runnable" seed="20674016" result="Passed" start-time="2024-05-28T07:16:52.5651250Z" end-time="2024-05-28T07:16:52.5731100Z" duration="0.007985" asserts="5" />
                <test-case id="1-1631" name="IsFillComplete(PlayersWorlds.Maps.Maze.RecursiveBacktrackerMazeGenerator,Quarter,Auto,System.Collections.Generic.List`1[PlayersWorlds.Maps.Area])" fullname="PlayersWorlds.Maps.Maze.MazeGeneratorTest.IsFillComplete(PlayersWorlds.Maps.Maze.RecursiveBacktrackerMazeGenerator,Quarter,Auto,System.Collections.Generic.List`1[PlayersWorlds.Maps.Area])" methodname="IsFillComplete" classname="PlayersWorlds.Maps.Maze.MazeGeneratorTest" runstate="Runnable" seed="2107996387" result="Passed" start-time="2024-05-28T07:16:52.5731210Z" end-time="2024-05-28T07:16:52.5755130Z" duration="0.002392" asserts="5" />
                <test-case id="1-1632" name="IsFillComplete(PlayersWorlds.Maps.Maze.RecursiveBacktrackerMazeGenerator,Quarter,Auto,System.Collections.Generic.List`1[PlayersWorlds.Maps.Area])" fullname="PlayersWorlds.Maps.Maze.MazeGeneratorTest.IsFillComplete(PlayersWorlds.Maps.Maze.RecursiveBacktrackerMazeGenerator,Quarter,Auto,System.Collections.Generic.List`1[PlayersWorlds.Maps.Area])" methodname="IsFillComplete" classname="PlayersWorlds.Maps.Maze.MazeGeneratorTest" runstate="Runnable" seed="1040677229" result="Passed" start-time="2024-05-28T07:16:52.5755240Z" end-time="2024-05-28T07:16:52.5970150Z" duration="0.021491" asserts="5" />
                <test-case id="1-1633" name="IsFillComplete(PlayersWorlds.Maps.Maze.RecursiveBacktrackerMazeGenerator,Quarter,Auto,System.Collections.Generic.List`1[PlayersWorlds.Maps.Area])" fullname="PlayersWorlds.Maps.Maze.MazeGeneratorTest.IsFillComplete(PlayersWorlds.Maps.Maze.RecursiveBacktrackerMazeGenerator,Quarter,Auto,System.Collections.Generic.List`1[PlayersWorlds.Maps.Area])" methodname="IsFillComplete" classname="PlayersWorlds.Maps.Maze.MazeGeneratorTest" runstate="Runnable" seed="994519683" result="Passed" start-time="2024-05-28T07:16:52.5970270Z" end-time="2024-05-28T07:16:52.6259470Z" duration="0.028920" asserts="5" />
                <test-case id="1-1634" name="IsFillComplete(PlayersWorlds.Maps.Maze.RecursiveBacktrackerMazeGenerator,Quarter,Auto,System.Collections.Generic.List`1[PlayersWorlds.Maps.Area])" fullname="PlayersWorlds.Maps.Maze.MazeGeneratorTest.IsFillComplete(PlayersWorlds.Maps.Maze.RecursiveBacktrackerMazeGenerator,Quarter,Auto,System.Collections.Generic.List`1[PlayersWorlds.Maps.Area])" methodname="IsFillComplete" classname="PlayersWorlds.Maps.Maze.MazeGeneratorTest" runstate="Runnable" seed="1120491856" result="Passed" start-time="2024-05-28T07:16:52.6259580Z" end-time="2024-05-28T07:16:52.6543690Z" duration="0.028411" asserts="5" />
                <test-case id="1-1635" name="IsFillComplete(PlayersWorlds.Maps.Maze.RecursiveBacktrackerMazeGenerator,Quarter,Auto,System.Collections.Generic.List`1[PlayersWorlds.Maps.Area])" fullname="PlayersWorlds.Maps.Maze.MazeGeneratorTest.IsFillComplete(PlayersWorlds.Maps.Maze.RecursiveBacktrackerMazeGenerator,Quarter,Auto,System.Collections.Generic.List`1[PlayersWorlds.Maps.Area])" methodname="IsFillComplete" classname="PlayersWorlds.Maps.Maze.MazeGeneratorTest" runstate="Runnable" seed="12145240" result="Passed" start-time="2024-05-28T07:16:52.6543810Z" end-time="2024-05-28T07:16:52.6712270Z" duration="0.016847" asserts="5" />
                <test-case id="1-1636" name="IsFillComplete(PlayersWorlds.Maps.Maze.RecursiveBacktrackerMazeGenerator,Quarter,Manual,null)" fullname="PlayersWorlds.Maps.Maze.MazeGeneratorTest.IsFillComplete(PlayersWorlds.Maps.Maze.RecursiveBacktrackerMazeGenerator,Quarter,Manual,null)" methodname="IsFillComplete" classname="PlayersWorlds.Maps.Maze.MazeGeneratorTest" runstate="Runnable" seed="863707586" result="Passed" start-time="2024-05-28T07:16:52.6712390Z" end-time="2024-05-28T07:16:52.6737740Z" duration="0.002535" asserts="5" />
                <test-case id="1-1637" name="IsFillComplete(PlayersWorlds.Maps.Maze.RecursiveBacktrackerMazeGenerator,Quarter,Manual,System.Collections.Generic.List`1[PlayersWorlds.Maps.Area])" fullname="PlayersWorlds.Maps.Maze.MazeGeneratorTest.IsFillComplete(PlayersWorlds.Maps.Maze.RecursiveBacktrackerMazeGenerator,Quarter,Manual,System.Collections.Generic.List`1[PlayersWorlds.Maps.Area])" methodname="IsFillComplete" classname="PlayersWorlds.Maps.Maze.MazeGeneratorTest" runstate="Runnable" seed="1087121847" result="Passed" start-time="2024-05-28T07:16:52.6737840Z" end-time="2024-05-28T07:16:52.6768210Z" duration="0.003037" asserts="5" />
                <test-case id="1-1638" name="IsFillComplete(PlayersWorlds.Maps.Maze.RecursiveBacktrackerMazeGenerator,Quarter,Manual,System.Collections.Generic.List`1[PlayersWorlds.Maps.Area])" fullname="PlayersWorlds.Maps.Maze.MazeGeneratorTest.IsFillComplete(PlayersWorlds.Maps.Maze.RecursiveBacktrackerMazeGenerator,Quarter,Manual,System.Collections.Generic.List`1[PlayersWorlds.Maps.Area])" methodname="IsFillComplete" classname="PlayersWorlds.Maps.Maze.MazeGeneratorTest" runstate="Runnable" seed="1869065565" result="Passed" start-time="2024-05-28T07:16:52.6768310Z" end-time="2024-05-28T07:16:52.6816210Z" duration="0.004790" asserts="5" />
                <test-case id="1-1639" name="IsFillComplete(PlayersWorlds.Maps.Maze.RecursiveBacktrackerMazeGenerator,Quarter,Manual,System.Collections.Generic.List`1[PlayersWorlds.Maps.Area])" fullname="PlayersWorlds.Maps.Maze.MazeGeneratorTest.IsFillComplete(PlayersWorlds.Maps.Maze.RecursiveBacktrackerMazeGenerator,Quarter,Manual,System.Collections.Generic.List`1[PlayersWorlds.Maps.Area])" methodname="IsFillComplete" classname="PlayersWorlds.Maps.Maze.MazeGeneratorTest" runstate="Runnable" seed="1527847244" result="Passed" start-time="2024-05-28T07:16:52.6816320Z" end-time="2024-05-28T07:16:52.6860610Z" duration="0.004429" asserts="5" />
                <test-case id="1-1640" name="IsFillComplete(PlayersWorlds.Maps.Maze.RecursiveBacktrackerMazeGenerator,Quarter,Manual,System.Collections.Generic.List`1[PlayersWorlds.Maps.Area])" fullname="PlayersWorlds.Maps.Maze.MazeGeneratorTest.IsFillComplete(PlayersWorlds.Maps.Maze.RecursiveBacktrackerMazeGenerator,Quarter,Manual,System.Collections.Generic.List`1[PlayersWorlds.Maps.Area])" methodname="IsFillComplete" classname="PlayersWorlds.Maps.Maze.MazeGeneratorTest" runstate="Runnable" seed="1121617867" result="Passed" start-time="2024-05-28T07:16:52.6860710Z" end-time="2024-05-28T07:16:52.6975010Z" duration="0.011430" asserts="5" />
                <test-case id="1-1641" name="IsFillComplete(PlayersWorlds.Maps.Maze.RecursiveBacktrackerMazeGenerator,Quarter,Manual,System.Collections.Generic.List`1[PlayersWorlds.Maps.Area])" fullname="PlayersWorlds.Maps.Maze.MazeGeneratorTest.IsFillComplete(PlayersWorlds.Maps.Maze.RecursiveBacktrackerMazeGenerator,Quarter,Manual,System.Collections.Generic.List`1[PlayersWorlds.Maps.Area])" methodname="IsFillComplete" classname="PlayersWorlds.Maps.Maze.MazeGeneratorTest" runstate="Runnable" seed="1403353084" result="Passed" start-time="2024-05-28T07:16:52.6975120Z" end-time="2024-05-28T07:16:52.7084830Z" duration="0.010971" asserts="5" />
                <test-case id="1-1642" name="IsFillComplete(PlayersWorlds.Maps.Maze.RecursiveBacktrackerMazeGenerator,Half,Auto,null)" fullname="PlayersWorlds.Maps.Maze.MazeGeneratorTest.IsFillComplete(PlayersWorlds.Maps.Maze.RecursiveBacktrackerMazeGenerator,Half,Auto,null)" methodname="IsFillComplete" classname="PlayersWorlds.Maps.Maze.MazeGeneratorTest" runstate="Runnable" seed="185857721" result="Passed" start-time="2024-05-28T07:16:52.7084940Z" end-time="2024-05-28T07:16:52.7204680Z" duration="0.011974" asserts="5" />
                <test-case id="1-1643" name="IsFillComplete(PlayersWorlds.Maps.Maze.RecursiveBacktrackerMazeGenerator,Half,Auto,System.Collections.Generic.List`1[PlayersWorlds.Maps.Area])" fullname="PlayersWorlds.Maps.Maze.MazeGeneratorTest.IsFillComplete(PlayersWorlds.Maps.Maze.RecursiveBacktrackerMazeGenerator,Half,Auto,System.Collections.Generic.List`1[PlayersWorlds.Maps.Area])" methodname="IsFillComplete" classname="PlayersWorlds.Maps.Maze.MazeGeneratorTest" runstate="Runnable" seed="47993067" result="Passed" start-time="2024-05-28T07:16:52.7204790Z" end-time="2024-05-28T07:16:52.7328100Z" duration="0.012331" asserts="5" />
                <test-case id="1-1644" name="IsFillComplete(PlayersWorlds.Maps.Maze.RecursiveBacktrackerMazeGenerator,Half,Auto,System.Collections.Generic.List`1[PlayersWorlds.Maps.Area])" fullname="PlayersWorlds.Maps.Maze.MazeGeneratorTest.IsFillComplete(PlayersWorlds.Maps.Maze.RecursiveBacktrackerMazeGenerator,Half,Auto,System.Collections.Generic.List`1[PlayersWorlds.Maps.Area])" methodname="IsFillComplete" classname="PlayersWorlds.Maps.Maze.MazeGeneratorTest" runstate="Runnable" seed="1912532259" result="Passed" start-time="2024-05-28T07:16:52.7328210Z" end-time="2024-05-28T07:16:52.7682480Z" duration="0.035427" asserts="5" />
                <test-case id="1-1645" name="IsFillComplete(PlayersWorlds.Maps.Maze.RecursiveBacktrackerMazeGenerator,Half,Auto,System.Collections.Generic.List`1[PlayersWorlds.Maps.Area])" fullname="PlayersWorlds.Maps.Maze.MazeGeneratorTest.IsFillComplete(PlayersWorlds.Maps.Maze.RecursiveBacktrackerMazeGenerator,Half,Auto,System.Collections.Generic.List`1[PlayersWorlds.Maps.Area])" methodname="IsFillComplete" classname="PlayersWorlds.Maps.Maze.MazeGeneratorTest" runstate="Runnable" seed="1102565097" result="Passed" start-time="2024-05-28T07:16:52.7682590Z" end-time="2024-05-28T07:16:52.7850190Z" duration="0.016760" asserts="5" />
                <test-case id="1-1646" name="IsFillComplete(PlayersWorlds.Maps.Maze.RecursiveBacktrackerMazeGenerator,Half,Auto,System.Collections.Generic.List`1[PlayersWorlds.Maps.Area])" fullname="PlayersWorlds.Maps.Maze.MazeGeneratorTest.IsFillComplete(PlayersWorlds.Maps.Maze.RecursiveBacktrackerMazeGenerator,Half,Auto,System.Collections.Generic.List`1[PlayersWorlds.Maps.Area])" methodname="IsFillComplete" classname="PlayersWorlds.Maps.Maze.MazeGeneratorTest" runstate="Runnable" seed="1498231312" result="Passed" start-time="2024-05-28T07:16:52.7850300Z" end-time="2024-05-28T07:16:52.8068780Z" duration="0.021849" asserts="5" />
                <test-case id="1-1647" name="IsFillComplete(PlayersWorlds.Maps.Maze.RecursiveBacktrackerMazeGenerator,Half,Auto,System.Collections.Generic.List`1[PlayersWorlds.Maps.Area])" fullname="PlayersWorlds.Maps.Maze.MazeGeneratorTest.IsFillComplete(PlayersWorlds.Maps.Maze.RecursiveBacktrackerMazeGenerator,Half,Auto,System.Collections.Generic.List`1[PlayersWorlds.Maps.Area])" methodname="IsFillComplete" classname="PlayersWorlds.Maps.Maze.MazeGeneratorTest" runstate="Runnable" seed="537567213" result="Passed" start-time="2024-05-28T07:16:52.8068900Z" end-time="2024-05-28T07:16:52.8435090Z" duration="0.036619" asserts="5" />
                <test-case id="1-1648" name="IsFillComplete(PlayersWorlds.Maps.Maze.RecursiveBacktrackerMazeGenerator,Half,Manual,null)" fullname="PlayersWorlds.Maps.Maze.MazeGeneratorTest.IsFillComplete(PlayersWorlds.Maps.Maze.RecursiveBacktrackerMazeGenerator,Half,Manual,null)" methodname="IsFillComplete" classname="PlayersWorlds.Maps.Maze.MazeGeneratorTest" runstate="Runnable" seed="907208097" result="Passed" start-time="2024-05-28T07:16:52.8435210Z" end-time="2024-05-28T07:16:52.8469140Z" duration="0.003394" asserts="5" />
                <test-case id="1-1649" name="IsFillComplete(PlayersWorlds.Maps.Maze.RecursiveBacktrackerMazeGenerator,Half,Manual,System.Collections.Generic.List`1[PlayersWorlds.Maps.Area])" fullname="PlayersWorlds.Maps.Maze.MazeGeneratorTest.IsFillComplete(PlayersWorlds.Maps.Maze.RecursiveBacktrackerMazeGenerator,Half,Manual,System.Collections.Generic.List`1[PlayersWorlds.Maps.Area])" methodname="IsFillComplete" classname="PlayersWorlds.Maps.Maze.MazeGeneratorTest" runstate="Runnable" seed="2057123328" result="Passed" start-time="2024-05-28T07:16:52.8469250Z" end-time="2024-05-28T07:16:52.8496220Z" duration="0.002697" asserts="5" />
                <test-case id="1-1650" name="IsFillComplete(PlayersWorlds.Maps.Maze.RecursiveBacktrackerMazeGenerator,Half,Manual,System.Collections.Generic.List`1[PlayersWorlds.Maps.Area])" fullname="PlayersWorlds.Maps.Maze.MazeGeneratorTest.IsFillComplete(PlayersWorlds.Maps.Maze.RecursiveBacktrackerMazeGenerator,Half,Manual,System.Collections.Generic.List`1[PlayersWorlds.Maps.Area])" methodname="IsFillComplete" classname="PlayersWorlds.Maps.Maze.MazeGeneratorTest" runstate="Runnable" seed="1883753693" result="Passed" start-time="2024-05-28T07:16:52.8496320Z" end-time="2024-05-28T07:16:52.8545940Z" duration="0.004962" asserts="5" />
                <test-case id="1-1651" name="IsFillComplete(PlayersWorlds.Maps.Maze.RecursiveBacktrackerMazeGenerator,Half,Manual,System.Collections.Generic.List`1[PlayersWorlds.Maps.Area])" fullname="PlayersWorlds.Maps.Maze.MazeGeneratorTest.IsFillComplete(PlayersWorlds.Maps.Maze.RecursiveBacktrackerMazeGenerator,Half,Manual,System.Collections.Generic.List`1[PlayersWorlds.Maps.Area])" methodname="IsFillComplete" classname="PlayersWorlds.Maps.Maze.MazeGeneratorTest" runstate="Runnable" seed="2049209895" result="Passed" start-time="2024-05-28T07:16:52.8546050Z" end-time="2024-05-28T07:16:52.8599640Z" duration="0.005360" asserts="5" />
                <test-case id="1-1652" name="IsFillComplete(PlayersWorlds.Maps.Maze.RecursiveBacktrackerMazeGenerator,Half,Manual,System.Collections.Generic.List`1[PlayersWorlds.Maps.Area])" fullname="PlayersWorlds.Maps.Maze.MazeGeneratorTest.IsFillComplete(PlayersWorlds.Maps.Maze.RecursiveBacktrackerMazeGenerator,Half,Manual,System.Collections.Generic.List`1[PlayersWorlds.Maps.Area])" methodname="IsFillComplete" classname="PlayersWorlds.Maps.Maze.MazeGeneratorTest" runstate="Runnable" seed="1798170334" result="Passed" start-time="2024-05-28T07:16:52.8599750Z" end-time="2024-05-28T07:16:52.8716590Z" duration="0.011683" asserts="5" />
                <test-case id="1-1653" name="IsFillComplete(PlayersWorlds.Maps.Maze.RecursiveBacktrackerMazeGenerator,Half,Manual,System.Collections.Generic.List`1[PlayersWorlds.Maps.Area])" fullname="PlayersWorlds.Maps.Maze.MazeGeneratorTest.IsFillComplete(PlayersWorlds.Maps.Maze.RecursiveBacktrackerMazeGenerator,Half,Manual,System.Collections.Generic.List`1[PlayersWorlds.Maps.Area])" methodname="IsFillComplete" classname="PlayersWorlds.Maps.Maze.MazeGeneratorTest" runstate="Runnable" seed="486880188" result="Passed" start-time="2024-05-28T07:16:52.8716700Z" end-time="2024-05-28T07:16:52.8827210Z" duration="0.011051" asserts="5" />
                <test-case id="1-1654" name="IsFillComplete(PlayersWorlds.Maps.Maze.RecursiveBacktrackerMazeGenerator,ThreeQuarters,Auto,null)" fullname="PlayersWorlds.Maps.Maze.MazeGeneratorTest.IsFillComplete(PlayersWorlds.Maps.Maze.RecursiveBacktrackerMazeGenerator,ThreeQuarters,Auto,null)" methodname="IsFillComplete" classname="PlayersWorlds.Maps.Maze.MazeGeneratorTest" runstate="Runnable" seed="1053925929" result="Passed" start-time="2024-05-28T07:16:52.8827320Z" end-time="2024-05-28T07:16:52.8910190Z" duration="0.008287" asserts="5" />
                <test-case id="1-1655" name="IsFillComplete(PlayersWorlds.Maps.Maze.RecursiveBacktrackerMazeGenerator,ThreeQuarters,Auto,System.Collections.Generic.List`1[PlayersWorlds.Maps.Area])" fullname="PlayersWorlds.Maps.Maze.MazeGeneratorTest.IsFillComplete(PlayersWorlds.Maps.Maze.RecursiveBacktrackerMazeGenerator,ThreeQuarters,Auto,System.Collections.Generic.List`1[PlayersWorlds.Maps.Area])" methodname="IsFillComplete" classname="PlayersWorlds.Maps.Maze.MazeGeneratorTest" runstate="Runnable" seed="20625179" result="Passed" start-time="2024-05-28T07:16:52.8910300Z" end-time="2024-05-28T07:16:52.9152490Z" duration="0.024219" asserts="5" />
                <test-case id="1-1656" name="IsFillComplete(PlayersWorlds.Maps.Maze.RecursiveBacktrackerMazeGenerator,ThreeQuarters,Auto,System.Collections.Generic.List`1[PlayersWorlds.Maps.Area])" fullname="PlayersWorlds.Maps.Maze.MazeGeneratorTest.IsFillComplete(PlayersWorlds.Maps.Maze.RecursiveBacktrackerMazeGenerator,ThreeQuarters,Auto,System.Collections.Generic.List`1[PlayersWorlds.Maps.Area])" methodname="IsFillComplete" classname="PlayersWorlds.Maps.Maze.MazeGeneratorTest" runstate="Runnable" seed="591781140" result="Passed" start-time="2024-05-28T07:16:52.9152600Z" end-time="2024-05-28T07:16:52.9377660Z" duration="0.022506" asserts="5" />
                <test-case id="1-1657" name="IsFillComplete(PlayersWorlds.Maps.Maze.RecursiveBacktrackerMazeGenerator,ThreeQuarters,Auto,System.Collections.Generic.List`1[PlayersWorlds.Maps.Area])" fullname="PlayersWorlds.Maps.Maze.MazeGeneratorTest.IsFillComplete(PlayersWorlds.Maps.Maze.RecursiveBacktrackerMazeGenerator,ThreeQuarters,Auto,System.Collections.Generic.List`1[PlayersWorlds.Maps.Area])" methodname="IsFillComplete" classname="PlayersWorlds.Maps.Maze.MazeGeneratorTest" runstate="Runnable" seed="451453797" result="Passed" start-time="2024-05-28T07:16:52.9377770Z" end-time="2024-05-28T07:16:52.9509510Z" duration="0.013174" asserts="5" />
                <test-case id="1-1658" name="IsFillComplete(PlayersWorlds.Maps.Maze.RecursiveBacktrackerMazeGenerator,ThreeQuarters,Auto,System.Collections.Generic.List`1[PlayersWorlds.Maps.Area])" fullname="PlayersWorlds.Maps.Maze.MazeGeneratorTest.IsFillComplete(PlayersWorlds.Maps.Maze.RecursiveBacktrackerMazeGenerator,ThreeQuarters,Auto,System.Collections.Generic.List`1[PlayersWorlds.Maps.Area])" methodname="IsFillComplete" classname="PlayersWorlds.Maps.Maze.MazeGeneratorTest" runstate="Runnable" seed="1503587456" result="Passed" start-time="2024-05-28T07:16:52.9509760Z" end-time="2024-05-28T07:16:52.9725040Z" duration="0.021528" asserts="5" />
                <test-case id="1-1659" name="IsFillComplete(PlayersWorlds.Maps.Maze.RecursiveBacktrackerMazeGenerator,ThreeQuarters,Auto,System.Collections.Generic.List`1[PlayersWorlds.Maps.Area])" fullname="PlayersWorlds.Maps.Maze.MazeGeneratorTest.IsFillComplete(PlayersWorlds.Maps.Maze.RecursiveBacktrackerMazeGenerator,ThreeQuarters,Auto,System.Collections.Generic.List`1[PlayersWorlds.Maps.Area])" methodname="IsFillComplete" classname="PlayersWorlds.Maps.Maze.MazeGeneratorTest" runstate="Runnable" seed="185586941" result="Passed" start-time="2024-05-28T07:16:52.9725170Z" end-time="2024-05-28T07:16:53.0019680Z" duration="0.029451" asserts="5" />
                <test-case id="1-1660" name="IsFillComplete(PlayersWorlds.Maps.Maze.RecursiveBacktrackerMazeGenerator,ThreeQuarters,Manual,null)" fullname="PlayersWorlds.Maps.Maze.MazeGeneratorTest.IsFillComplete(PlayersWorlds.Maps.Maze.RecursiveBacktrackerMazeGenerator,ThreeQuarters,Manual,null)" methodname="IsFillComplete" classname="PlayersWorlds.Maps.Maze.MazeGeneratorTest" runstate="Runnable" seed="303236579" result="Passed" start-time="2024-05-28T07:16:53.0019800Z" end-time="2024-05-28T07:16:53.0055800Z" duration="0.003600" asserts="5" />
                <test-case id="1-1661" name="IsFillComplete(PlayersWorlds.Maps.Maze.RecursiveBacktrackerMazeGenerator,ThreeQuarters,Manual,System.Collections.Generic.List`1[PlayersWorlds.Maps.Area])" fullname="PlayersWorlds.Maps.Maze.MazeGeneratorTest.IsFillComplete(PlayersWorlds.Maps.Maze.RecursiveBacktrackerMazeGenerator,ThreeQuarters,Manual,System.Collections.Generic.List`1[PlayersWorlds.Maps.Area])" methodname="IsFillComplete" classname="PlayersWorlds.Maps.Maze.MazeGeneratorTest" runstate="Runnable" seed="586942520" result="Passed" start-time="2024-05-28T07:16:53.0055910Z" end-time="2024-05-28T07:16:53.0090030Z" duration="0.003412" asserts="5" />
                <test-case id="1-1662" name="IsFillComplete(PlayersWorlds.Maps.Maze.RecursiveBacktrackerMazeGenerator,ThreeQuarters,Manual,System.Collections.Generic.List`1[PlayersWorlds.Maps.Area])" fullname="PlayersWorlds.Maps.Maze.MazeGeneratorTest.IsFillComplete(PlayersWorlds.Maps.Maze.RecursiveBacktrackerMazeGenerator,ThreeQuarters,Manual,System.Collections.Generic.List`1[PlayersWorlds.Maps.Area])" methodname="IsFillComplete" classname="PlayersWorlds.Maps.Maze.MazeGeneratorTest" runstate="Runnable" seed="734043229" result="Passed" start-time="2024-05-28T07:16:53.0090130Z" end-time="2024-05-28T07:16:53.0145840Z" duration="0.005571" asserts="5" />
                <test-case id="1-1663" name="IsFillComplete(PlayersWorlds.Maps.Maze.RecursiveBacktrackerMazeGenerator,ThreeQuarters,Manual,System.Collections.Generic.List`1[PlayersWorlds.Maps.Area])" fullname="PlayersWorlds.Maps.Maze.MazeGeneratorTest.IsFillComplete(PlayersWorlds.Maps.Maze.RecursiveBacktrackerMazeGenerator,ThreeQuarters,Manual,System.Collections.Generic.List`1[PlayersWorlds.Maps.Area])" methodname="IsFillComplete" classname="PlayersWorlds.Maps.Maze.MazeGeneratorTest" runstate="Runnable" seed="627172134" result="Passed" start-time="2024-05-28T07:16:53.0145950Z" end-time="2024-05-28T07:16:53.0195850Z" duration="0.004990" asserts="5" />
                <test-case id="1-1664" name="IsFillComplete(PlayersWorlds.Maps.Maze.RecursiveBacktrackerMazeGenerator,ThreeQuarters,Manual,System.Collections.Generic.List`1[PlayersWorlds.Maps.Area])" fullname="PlayersWorlds.Maps.Maze.MazeGeneratorTest.IsFillComplete(PlayersWorlds.Maps.Maze.RecursiveBacktrackerMazeGenerator,ThreeQuarters,Manual,System.Collections.Generic.List`1[PlayersWorlds.Maps.Area])" methodname="IsFillComplete" classname="PlayersWorlds.Maps.Maze.MazeGeneratorTest" runstate="Runnable" seed="663164447" result="Passed" start-time="2024-05-28T07:16:53.0195950Z" end-time="2024-05-28T07:16:53.0318180Z" duration="0.012223" asserts="5" />
                <test-case id="1-1665" name="IsFillComplete(PlayersWorlds.Maps.Maze.RecursiveBacktrackerMazeGenerator,ThreeQuarters,Manual,System.Collections.Generic.List`1[PlayersWorlds.Maps.Area])" fullname="PlayersWorlds.Maps.Maze.MazeGeneratorTest.IsFillComplete(PlayersWorlds.Maps.Maze.RecursiveBacktrackerMazeGenerator,ThreeQuarters,Manual,System.Collections.Generic.List`1[PlayersWorlds.Maps.Area])" methodname="IsFillComplete" classname="PlayersWorlds.Maps.Maze.MazeGeneratorTest" runstate="Runnable" seed="6178690" result="Passed" start-time="2024-05-28T07:16:53.0318310Z" end-time="2024-05-28T07:16:53.0437450Z" duration="0.011914" asserts="5" />
                <test-case id="1-1666" name="IsFillComplete(PlayersWorlds.Maps.Maze.RecursiveBacktrackerMazeGenerator,NinetyPercent,Auto,null)" fullname="PlayersWorlds.Maps.Maze.MazeGeneratorTest.IsFillComplete(PlayersWorlds.Maps.Maze.RecursiveBacktrackerMazeGenerator,NinetyPercent,Auto,null)" methodname="IsFillComplete" classname="PlayersWorlds.Maps.Maze.MazeGeneratorTest" runstate="Runnable" seed="1163870577" result="Passed" start-time="2024-05-28T07:16:53.0437560Z" end-time="2024-05-28T07:16:53.0554530Z" duration="0.011697" asserts="5" />
                <test-case id="1-1667" name="IsFillComplete(PlayersWorlds.Maps.Maze.RecursiveBacktrackerMazeGenerator,NinetyPercent,Auto,System.Collections.Generic.List`1[PlayersWorlds.Maps.Area])" fullname="PlayersWorlds.Maps.Maze.MazeGeneratorTest.IsFillComplete(PlayersWorlds.Maps.Maze.RecursiveBacktrackerMazeGenerator,NinetyPercent,Auto,System.Collections.Generic.List`1[PlayersWorlds.Maps.Area])" methodname="IsFillComplete" classname="PlayersWorlds.Maps.Maze.MazeGeneratorTest" runstate="Runnable" seed="913970089" result="Passed" start-time="2024-05-28T07:16:53.0554650Z" end-time="2024-05-28T07:16:53.0682040Z" duration="0.012739" asserts="5" />
                <test-case id="1-1668" name="IsFillComplete(PlayersWorlds.Maps.Maze.RecursiveBacktrackerMazeGenerator,NinetyPercent,Auto,System.Collections.Generic.List`1[PlayersWorlds.Maps.Area])" fullname="PlayersWorlds.Maps.Maze.MazeGeneratorTest.IsFillComplete(PlayersWorlds.Maps.Maze.RecursiveBacktrackerMazeGenerator,NinetyPercent,Auto,System.Collections.Generic.List`1[PlayersWorlds.Maps.Area])" methodname="IsFillComplete" classname="PlayersWorlds.Maps.Maze.MazeGeneratorTest" runstate="Runnable" seed="11174755" result="Passed" start-time="2024-05-28T07:16:53.0682250Z" end-time="2024-05-28T07:16:53.0811350Z" duration="0.012910" asserts="5" />
                <test-case id="1-1669" name="IsFillComplete(PlayersWorlds.Maps.Maze.RecursiveBacktrackerMazeGenerator,NinetyPercent,Auto,System.Collections.Generic.List`1[PlayersWorlds.Maps.Area])" fullname="PlayersWorlds.Maps.Maze.MazeGeneratorTest.IsFillComplete(PlayersWorlds.Maps.Maze.RecursiveBacktrackerMazeGenerator,NinetyPercent,Auto,System.Collections.Generic.List`1[PlayersWorlds.Maps.Area])" methodname="IsFillComplete" classname="PlayersWorlds.Maps.Maze.MazeGeneratorTest" runstate="Runnable" seed="612853556" result="Passed" start-time="2024-05-28T07:16:53.0811460Z" end-time="2024-05-28T07:16:53.1034020Z" duration="0.022256" asserts="5" />
                <test-case id="1-1670" name="IsFillComplete(PlayersWorlds.Maps.Maze.RecursiveBacktrackerMazeGenerator,NinetyPercent,Auto,System.Collections.Generic.List`1[PlayersWorlds.Maps.Area])" fullname="PlayersWorlds.Maps.Maze.MazeGeneratorTest.IsFillComplete(PlayersWorlds.Maps.Maze.RecursiveBacktrackerMazeGenerator,NinetyPercent,Auto,System.Collections.Generic.List`1[PlayersWorlds.Maps.Area])" methodname="IsFillComplete" classname="PlayersWorlds.Maps.Maze.MazeGeneratorTest" runstate="Runnable" seed="651731733" result="Passed" start-time="2024-05-28T07:16:53.1034140Z" end-time="2024-05-28T07:16:53.1329080Z" duration="0.029494" asserts="5" />
                <test-case id="1-1671" name="IsFillComplete(PlayersWorlds.Maps.Maze.RecursiveBacktrackerMazeGenerator,NinetyPercent,Auto,System.Collections.Generic.List`1[PlayersWorlds.Maps.Area])" fullname="PlayersWorlds.Maps.Maze.MazeGeneratorTest.IsFillComplete(PlayersWorlds.Maps.Maze.RecursiveBacktrackerMazeGenerator,NinetyPercent,Auto,System.Collections.Generic.List`1[PlayersWorlds.Maps.Area])" methodname="IsFillComplete" classname="PlayersWorlds.Maps.Maze.MazeGeneratorTest" runstate="Runnable" seed="102023184" result="Passed" start-time="2024-05-28T07:16:53.1329200Z" end-time="2024-05-28T07:16:53.1621110Z" duration="0.029191" asserts="5" />
                <test-case id="1-1672" name="IsFillComplete(PlayersWorlds.Maps.Maze.RecursiveBacktrackerMazeGenerator,NinetyPercent,Manual,null)" fullname="PlayersWorlds.Maps.Maze.MazeGeneratorTest.IsFillComplete(PlayersWorlds.Maps.Maze.RecursiveBacktrackerMazeGenerator,NinetyPercent,Manual,null)" methodname="IsFillComplete" classname="PlayersWorlds.Maps.Maze.MazeGeneratorTest" runstate="Runnable" seed="737661673" result="Passed" start-time="2024-05-28T07:16:53.1621220Z" end-time="2024-05-28T07:16:53.1653460Z" duration="0.003224" asserts="5" />
                <test-case id="1-1673" name="IsFillComplete(PlayersWorlds.Maps.Maze.RecursiveBacktrackerMazeGenerator,NinetyPercent,Manual,System.Collections.Generic.List`1[PlayersWorlds.Maps.Area])" fullname="PlayersWorlds.Maps.Maze.MazeGeneratorTest.IsFillComplete(PlayersWorlds.Maps.Maze.RecursiveBacktrackerMazeGenerator,NinetyPercent,Manual,System.Collections.Generic.List`1[PlayersWorlds.Maps.Area])" methodname="IsFillComplete" classname="PlayersWorlds.Maps.Maze.MazeGeneratorTest" runstate="Runnable" seed="683948393" result="Passed" start-time="2024-05-28T07:16:53.1653560Z" end-time="2024-05-28T07:16:53.1690600Z" duration="0.003703" asserts="5" />
                <test-case id="1-1674" name="IsFillComplete(PlayersWorlds.Maps.Maze.RecursiveBacktrackerMazeGenerator,NinetyPercent,Manual,System.Collections.Generic.List`1[PlayersWorlds.Maps.Area])" fullname="PlayersWorlds.Maps.Maze.MazeGeneratorTest.IsFillComplete(PlayersWorlds.Maps.Maze.RecursiveBacktrackerMazeGenerator,NinetyPercent,Manual,System.Collections.Generic.List`1[PlayersWorlds.Maps.Area])" methodname="IsFillComplete" classname="PlayersWorlds.Maps.Maze.MazeGeneratorTest" runstate="Runnable" seed="649996677" result="Passed" start-time="2024-05-28T07:16:53.1690700Z" end-time="2024-05-28T07:16:53.1745410Z" duration="0.005470" asserts="5" />
                <test-case id="1-1675" name="IsFillComplete(PlayersWorlds.Maps.Maze.RecursiveBacktrackerMazeGenerator,NinetyPercent,Manual,System.Collections.Generic.List`1[PlayersWorlds.Maps.Area])" fullname="PlayersWorlds.Maps.Maze.MazeGeneratorTest.IsFillComplete(PlayersWorlds.Maps.Maze.RecursiveBacktrackerMazeGenerator,NinetyPercent,Manual,System.Collections.Generic.List`1[PlayersWorlds.Maps.Area])" methodname="IsFillComplete" classname="PlayersWorlds.Maps.Maze.MazeGeneratorTest" runstate="Runnable" seed="353402639" result="Passed" start-time="2024-05-28T07:16:53.1745520Z" end-time="2024-05-28T07:16:53.1799150Z" duration="0.005363" asserts="5" />
                <test-case id="1-1676" name="IsFillComplete(PlayersWorlds.Maps.Maze.RecursiveBacktrackerMazeGenerator,NinetyPercent,Manual,System.Collections.Generic.List`1[PlayersWorlds.Maps.Area])" fullname="PlayersWorlds.Maps.Maze.MazeGeneratorTest.IsFillComplete(PlayersWorlds.Maps.Maze.RecursiveBacktrackerMazeGenerator,NinetyPercent,Manual,System.Collections.Generic.List`1[PlayersWorlds.Maps.Area])" methodname="IsFillComplete" classname="PlayersWorlds.Maps.Maze.MazeGeneratorTest" runstate="Runnable" seed="445658183" result="Passed" start-time="2024-05-28T07:16:53.1799260Z" end-time="2024-05-28T07:16:53.1919970Z" duration="0.012071" asserts="5" />
                <test-case id="1-1677" name="IsFillComplete(PlayersWorlds.Maps.Maze.RecursiveBacktrackerMazeGenerator,NinetyPercent,Manual,System.Collections.Generic.List`1[PlayersWorlds.Maps.Area])" fullname="PlayersWorlds.Maps.Maze.MazeGeneratorTest.IsFillComplete(PlayersWorlds.Maps.Maze.RecursiveBacktrackerMazeGenerator,NinetyPercent,Manual,System.Collections.Generic.List`1[PlayersWorlds.Maps.Area])" methodname="IsFillComplete" classname="PlayersWorlds.Maps.Maze.MazeGeneratorTest" runstate="Runnable" seed="894823918" result="Passed" start-time="2024-05-28T07:16:53.1920080Z" end-time="2024-05-28T07:16:53.2037270Z" duration="0.011720" asserts="5" />
                <test-case id="1-1678" name="IsFillComplete(PlayersWorlds.Maps.Maze.RecursiveBacktrackerMazeGenerator,FullWidth,Auto,null)" fullname="PlayersWorlds.Maps.Maze.MazeGeneratorTest.IsFillComplete(PlayersWorlds.Maps.Maze.RecursiveBacktrackerMazeGenerator,FullWidth,Auto,null)" methodname="IsFillComplete" classname="PlayersWorlds.Maps.Maze.MazeGeneratorTest" runstate="Runnable" seed="1506442981" result="Passed" start-time="2024-05-28T07:16:53.2037390Z" end-time="2024-05-28T07:16:53.2164290Z" duration="0.012690" asserts="5" />
                <test-case id="1-1679" name="IsFillComplete(PlayersWorlds.Maps.Maze.RecursiveBacktrackerMazeGenerator,FullWidth,Auto,System.Collections.Generic.List`1[PlayersWorlds.Maps.Area])" fullname="PlayersWorlds.Maps.Maze.MazeGeneratorTest.IsFillComplete(PlayersWorlds.Maps.Maze.RecursiveBacktrackerMazeGenerator,FullWidth,Auto,System.Collections.Generic.List`1[PlayersWorlds.Maps.Area])" methodname="IsFillComplete" classname="PlayersWorlds.Maps.Maze.MazeGeneratorTest" runstate="Runnable" seed="1186131549" result="Passed" start-time="2024-05-28T07:16:53.2164410Z" end-time="2024-05-28T07:16:53.2329960Z" duration="0.016555" asserts="5" />
                <test-case id="1-1680" name="IsFillComplete(PlayersWorlds.Maps.Maze.RecursiveBacktrackerMazeGenerator,FullWidth,Auto,System.Collections.Generic.List`1[PlayersWorlds.Maps.Area])" fullname="PlayersWorlds.Maps.Maze.MazeGeneratorTest.IsFillComplete(PlayersWorlds.Maps.Maze.RecursiveBacktrackerMazeGenerator,FullWidth,Auto,System.Collections.Generic.List`1[PlayersWorlds.Maps.Area])" methodname="IsFillComplete" classname="PlayersWorlds.Maps.Maze.MazeGeneratorTest" runstate="Runnable" seed="1228367328" result="Passed" start-time="2024-05-28T07:16:53.2330080Z" end-time="2024-05-28T07:16:53.2693630Z" duration="0.036355" asserts="5" />
                <test-case id="1-1681" name="IsFillComplete(PlayersWorlds.Maps.Maze.RecursiveBacktrackerMazeGenerator,FullWidth,Auto,System.Collections.Generic.List`1[PlayersWorlds.Maps.Area])" fullname="PlayersWorlds.Maps.Maze.MazeGeneratorTest.IsFillComplete(PlayersWorlds.Maps.Maze.RecursiveBacktrackerMazeGenerator,FullWidth,Auto,System.Collections.Generic.List`1[PlayersWorlds.Maps.Area])" methodname="IsFillComplete" classname="PlayersWorlds.Maps.Maze.MazeGeneratorTest" runstate="Runnable" seed="1585933848" result="Passed" start-time="2024-05-28T07:16:53.2693740Z" end-time="2024-05-28T07:16:53.2821110Z" duration="0.012737" asserts="5" />
                <test-case id="1-1682" name="IsFillComplete(PlayersWorlds.Maps.Maze.RecursiveBacktrackerMazeGenerator,FullWidth,Auto,System.Collections.Generic.List`1[PlayersWorlds.Maps.Area])" fullname="PlayersWorlds.Maps.Maze.MazeGeneratorTest.IsFillComplete(PlayersWorlds.Maps.Maze.RecursiveBacktrackerMazeGenerator,FullWidth,Auto,System.Collections.Generic.List`1[PlayersWorlds.Maps.Area])" methodname="IsFillComplete" classname="PlayersWorlds.Maps.Maze.MazeGeneratorTest" runstate="Runnable" seed="1757989028" result="Passed" start-time="2024-05-28T07:16:53.2821220Z" end-time="2024-05-28T07:16:53.3044050Z" duration="0.022283" asserts="5" />
                <test-case id="1-1683" name="IsFillComplete(PlayersWorlds.Maps.Maze.RecursiveBacktrackerMazeGenerator,FullWidth,Auto,System.Collections.Generic.List`1[PlayersWorlds.Maps.Area])" fullname="PlayersWorlds.Maps.Maze.MazeGeneratorTest.IsFillComplete(PlayersWorlds.Maps.Maze.RecursiveBacktrackerMazeGenerator,FullWidth,Auto,System.Collections.Generic.List`1[PlayersWorlds.Maps.Area])" methodname="IsFillComplete" classname="PlayersWorlds.Maps.Maze.MazeGeneratorTest" runstate="Runnable" seed="1322866229" result="Passed" start-time="2024-05-28T07:16:53.3044170Z" end-time="2024-05-28T07:16:53.3405320Z" duration="0.036116" asserts="5" />
                <test-case id="1-1684" name="IsFillComplete(PlayersWorlds.Maps.Maze.RecursiveBacktrackerMazeGenerator,FullWidth,Manual,null)" fullname="PlayersWorlds.Maps.Maze.MazeGeneratorTest.IsFillComplete(PlayersWorlds.Maps.Maze.RecursiveBacktrackerMazeGenerator,FullWidth,Manual,null)" methodname="IsFillComplete" classname="PlayersWorlds.Maps.Maze.MazeGeneratorTest" runstate="Runnable" seed="1265390868" result="Passed" start-time="2024-05-28T07:16:53.3405450Z" end-time="2024-05-28T07:16:53.3439380Z" duration="0.003393" asserts="5" />
                <test-case id="1-1685" name="IsFillComplete(PlayersWorlds.Maps.Maze.RecursiveBacktrackerMazeGenerator,FullWidth,Manual,System.Collections.Generic.List`1[PlayersWorlds.Maps.Area])" fullname="PlayersWorlds.Maps.Maze.MazeGeneratorTest.IsFillComplete(PlayersWorlds.Maps.Maze.RecursiveBacktrackerMazeGenerator,FullWidth,Manual,System.Collections.Generic.List`1[PlayersWorlds.Maps.Area])" methodname="IsFillComplete" classname="PlayersWorlds.Maps.Maze.MazeGeneratorTest" runstate="Runnable" seed="118947768" result="Passed" start-time="2024-05-28T07:16:53.3439480Z" end-time="2024-05-28T07:16:53.3473230Z" duration="0.003375" asserts="5" />
                <test-case id="1-1686" name="IsFillComplete(PlayersWorlds.Maps.Maze.RecursiveBacktrackerMazeGenerator,FullWidth,Manual,System.Collections.Generic.List`1[PlayersWorlds.Maps.Area])" fullname="PlayersWorlds.Maps.Maze.MazeGeneratorTest.IsFillComplete(PlayersWorlds.Maps.Maze.RecursiveBacktrackerMazeGenerator,FullWidth,Manual,System.Collections.Generic.List`1[PlayersWorlds.Maps.Area])" methodname="IsFillComplete" classname="PlayersWorlds.Maps.Maze.MazeGeneratorTest" runstate="Runnable" seed="309826053" result="Passed" start-time="2024-05-28T07:16:53.3473340Z" end-time="2024-05-28T07:16:53.3518240Z" duration="0.004490" asserts="5" />
                <test-case id="1-1687" name="IsFillComplete(PlayersWorlds.Maps.Maze.RecursiveBacktrackerMazeGenerator,FullWidth,Manual,System.Collections.Generic.List`1[PlayersWorlds.Maps.Area])" fullname="PlayersWorlds.Maps.Maze.MazeGeneratorTest.IsFillComplete(PlayersWorlds.Maps.Maze.RecursiveBacktrackerMazeGenerator,FullWidth,Manual,System.Collections.Generic.List`1[PlayersWorlds.Maps.Area])" methodname="IsFillComplete" classname="PlayersWorlds.Maps.Maze.MazeGeneratorTest" runstate="Runnable" seed="553797041" result="Passed" start-time="2024-05-28T07:16:53.3518350Z" end-time="2024-05-28T07:16:53.3572570Z" duration="0.005422" asserts="5" />
                <test-case id="1-1688" name="IsFillComplete(PlayersWorlds.Maps.Maze.RecursiveBacktrackerMazeGenerator,FullWidth,Manual,System.Collections.Generic.List`1[PlayersWorlds.Maps.Area])" fullname="PlayersWorlds.Maps.Maze.MazeGeneratorTest.IsFillComplete(PlayersWorlds.Maps.Maze.RecursiveBacktrackerMazeGenerator,FullWidth,Manual,System.Collections.Generic.List`1[PlayersWorlds.Maps.Area])" methodname="IsFillComplete" classname="PlayersWorlds.Maps.Maze.MazeGeneratorTest" runstate="Runnable" seed="2088077401" result="Passed" start-time="2024-05-28T07:16:53.3572690Z" end-time="2024-05-28T07:16:53.3687000Z" duration="0.011432" asserts="5" />
                <test-case id="1-1689" name="IsFillComplete(PlayersWorlds.Maps.Maze.RecursiveBacktrackerMazeGenerator,FullWidth,Manual,System.Collections.Generic.List`1[PlayersWorlds.Maps.Area])" fullname="PlayersWorlds.Maps.Maze.MazeGeneratorTest.IsFillComplete(PlayersWorlds.Maps.Maze.RecursiveBacktrackerMazeGenerator,FullWidth,Manual,System.Collections.Generic.List`1[PlayersWorlds.Maps.Area])" methodname="IsFillComplete" classname="PlayersWorlds.Maps.Maze.MazeGeneratorTest" runstate="Runnable" seed="1099866677" result="Passed" start-time="2024-05-28T07:16:53.3687120Z" end-time="2024-05-28T07:16:53.3800930Z" duration="0.011381" asserts="5" />
                <test-case id="1-1690" name="IsFillComplete(PlayersWorlds.Maps.Maze.RecursiveBacktrackerMazeGenerator,FullHeight,Auto,null)" fullname="PlayersWorlds.Maps.Maze.MazeGeneratorTest.IsFillComplete(PlayersWorlds.Maps.Maze.RecursiveBacktrackerMazeGenerator,FullHeight,Auto,null)" methodname="IsFillComplete" classname="PlayersWorlds.Maps.Maze.MazeGeneratorTest" runstate="Runnable" seed="1567847747" result="Passed" start-time="2024-05-28T07:16:53.3801050Z" end-time="2024-05-28T07:16:53.3972370Z" duration="0.017133" asserts="5" />
                <test-case id="1-1691" name="IsFillComplete(PlayersWorlds.Maps.Maze.RecursiveBacktrackerMazeGenerator,FullHeight,Auto,System.Collections.Generic.List`1[PlayersWorlds.Maps.Area])" fullname="PlayersWorlds.Maps.Maze.MazeGeneratorTest.IsFillComplete(PlayersWorlds.Maps.Maze.RecursiveBacktrackerMazeGenerator,FullHeight,Auto,System.Collections.Generic.List`1[PlayersWorlds.Maps.Area])" methodname="IsFillComplete" classname="PlayersWorlds.Maps.Maze.MazeGeneratorTest" runstate="Runnable" seed="412253789" result="Passed" start-time="2024-05-28T07:16:53.3972490Z" end-time="2024-05-28T07:16:53.4045260Z" duration="0.007277" asserts="5" />
                <test-case id="1-1692" name="IsFillComplete(PlayersWorlds.Maps.Maze.RecursiveBacktrackerMazeGenerator,FullHeight,Auto,System.Collections.Generic.List`1[PlayersWorlds.Maps.Area])" fullname="PlayersWorlds.Maps.Maze.MazeGeneratorTest.IsFillComplete(PlayersWorlds.Maps.Maze.RecursiveBacktrackerMazeGenerator,FullHeight,Auto,System.Collections.Generic.List`1[PlayersWorlds.Maps.Area])" methodname="IsFillComplete" classname="PlayersWorlds.Maps.Maze.MazeGeneratorTest" runstate="Runnable" seed="1731018038" result="Passed" start-time="2024-05-28T07:16:53.4045370Z" end-time="2024-05-28T07:16:53.4265630Z" duration="0.022026" asserts="5" />
                <test-case id="1-1693" name="IsFillComplete(PlayersWorlds.Maps.Maze.RecursiveBacktrackerMazeGenerator,FullHeight,Auto,System.Collections.Generic.List`1[PlayersWorlds.Maps.Area])" fullname="PlayersWorlds.Maps.Maze.MazeGeneratorTest.IsFillComplete(PlayersWorlds.Maps.Maze.RecursiveBacktrackerMazeGenerator,FullHeight,Auto,System.Collections.Generic.List`1[PlayersWorlds.Maps.Area])" methodname="IsFillComplete" classname="PlayersWorlds.Maps.Maze.MazeGeneratorTest" runstate="Runnable" seed="1683478624" result="Passed" start-time="2024-05-28T07:16:53.4265740Z" end-time="2024-05-28T07:16:53.4555690Z" duration="0.028995" asserts="5" />
                <test-case id="1-1694" name="IsFillComplete(PlayersWorlds.Maps.Maze.RecursiveBacktrackerMazeGenerator,FullHeight,Auto,System.Collections.Generic.List`1[PlayersWorlds.Maps.Area])" fullname="PlayersWorlds.Maps.Maze.MazeGeneratorTest.IsFillComplete(PlayersWorlds.Maps.Maze.RecursiveBacktrackerMazeGenerator,FullHeight,Auto,System.Collections.Generic.List`1[PlayersWorlds.Maps.Area])" methodname="IsFillComplete" classname="PlayersWorlds.Maps.Maze.MazeGeneratorTest" runstate="Runnable" seed="1224610665" result="Passed" start-time="2024-05-28T07:16:53.4555800Z" end-time="2024-05-28T07:16:53.4925160Z" duration="0.036936" asserts="5" />
                <test-case id="1-1695" name="IsFillComplete(PlayersWorlds.Maps.Maze.RecursiveBacktrackerMazeGenerator,FullHeight,Auto,System.Collections.Generic.List`1[PlayersWorlds.Maps.Area])" fullname="PlayersWorlds.Maps.Maze.MazeGeneratorTest.IsFillComplete(PlayersWorlds.Maps.Maze.RecursiveBacktrackerMazeGenerator,FullHeight,Auto,System.Collections.Generic.List`1[PlayersWorlds.Maps.Area])" methodname="IsFillComplete" classname="PlayersWorlds.Maps.Maze.MazeGeneratorTest" runstate="Runnable" seed="534675347" result="Passed" start-time="2024-05-28T07:16:53.4925280Z" end-time="2024-05-28T07:16:53.5220830Z" duration="0.029555" asserts="5" />
                <test-case id="1-1696" name="IsFillComplete(PlayersWorlds.Maps.Maze.RecursiveBacktrackerMazeGenerator,FullHeight,Manual,null)" fullname="PlayersWorlds.Maps.Maze.MazeGeneratorTest.IsFillComplete(PlayersWorlds.Maps.Maze.RecursiveBacktrackerMazeGenerator,FullHeight,Manual,null)" methodname="IsFillComplete" classname="PlayersWorlds.Maps.Maze.MazeGeneratorTest" runstate="Runnable" seed="669309855" result="Passed" start-time="2024-05-28T07:16:53.5220950Z" end-time="2024-05-28T07:16:53.5253430Z" duration="0.003248" asserts="5" />
                <test-case id="1-1697" name="IsFillComplete(PlayersWorlds.Maps.Maze.RecursiveBacktrackerMazeGenerator,FullHeight,Manual,System.Collections.Generic.List`1[PlayersWorlds.Maps.Area])" fullname="PlayersWorlds.Maps.Maze.MazeGeneratorTest.IsFillComplete(PlayersWorlds.Maps.Maze.RecursiveBacktrackerMazeGenerator,FullHeight,Manual,System.Collections.Generic.List`1[PlayersWorlds.Maps.Area])" methodname="IsFillComplete" classname="PlayersWorlds.Maps.Maze.MazeGeneratorTest" runstate="Runnable" seed="1706169234" result="Passed" start-time="2024-05-28T07:16:53.5253610Z" end-time="2024-05-28T07:16:53.5279780Z" duration="0.002617" asserts="5" />
                <test-case id="1-1698" name="IsFillComplete(PlayersWorlds.Maps.Maze.RecursiveBacktrackerMazeGenerator,FullHeight,Manual,System.Collections.Generic.List`1[PlayersWorlds.Maps.Area])" fullname="PlayersWorlds.Maps.Maze.MazeGeneratorTest.IsFillComplete(PlayersWorlds.Maps.Maze.RecursiveBacktrackerMazeGenerator,FullHeight,Manual,System.Collections.Generic.List`1[PlayersWorlds.Maps.Area])" methodname="IsFillComplete" classname="PlayersWorlds.Maps.Maze.MazeGeneratorTest" runstate="Runnable" seed="1532312267" result="Passed" start-time="2024-05-28T07:16:53.5279880Z" end-time="2024-05-28T07:16:53.5335670Z" duration="0.005578" asserts="5" />
                <test-case id="1-1699" name="IsFillComplete(PlayersWorlds.Maps.Maze.RecursiveBacktrackerMazeGenerator,FullHeight,Manual,System.Collections.Generic.List`1[PlayersWorlds.Maps.Area])" fullname="PlayersWorlds.Maps.Maze.MazeGeneratorTest.IsFillComplete(PlayersWorlds.Maps.Maze.RecursiveBacktrackerMazeGenerator,FullHeight,Manual,System.Collections.Generic.List`1[PlayersWorlds.Maps.Area])" methodname="IsFillComplete" classname="PlayersWorlds.Maps.Maze.MazeGeneratorTest" runstate="Runnable" seed="1906353569" result="Passed" start-time="2024-05-28T07:16:53.5335790Z" end-time="2024-05-28T07:16:53.5388580Z" duration="0.005279" asserts="5" />
                <test-case id="1-1700" name="IsFillComplete(PlayersWorlds.Maps.Maze.RecursiveBacktrackerMazeGenerator,FullHeight,Manual,System.Collections.Generic.List`1[PlayersWorlds.Maps.Area])" fullname="PlayersWorlds.Maps.Maze.MazeGeneratorTest.IsFillComplete(PlayersWorlds.Maps.Maze.RecursiveBacktrackerMazeGenerator,FullHeight,Manual,System.Collections.Generic.List`1[PlayersWorlds.Maps.Area])" methodname="IsFillComplete" classname="PlayersWorlds.Maps.Maze.MazeGeneratorTest" runstate="Runnable" seed="2086178167" result="Passed" start-time="2024-05-28T07:16:53.5388690Z" end-time="2024-05-28T07:16:53.5507120Z" duration="0.011843" asserts="5" />
                <test-case id="1-1701" name="IsFillComplete(PlayersWorlds.Maps.Maze.RecursiveBacktrackerMazeGenerator,FullHeight,Manual,System.Collections.Generic.List`1[PlayersWorlds.Maps.Area])" fullname="PlayersWorlds.Maps.Maze.MazeGeneratorTest.IsFillComplete(PlayersWorlds.Maps.Maze.RecursiveBacktrackerMazeGenerator,FullHeight,Manual,System.Collections.Generic.List`1[PlayersWorlds.Maps.Area])" methodname="IsFillComplete" classname="PlayersWorlds.Maps.Maze.MazeGeneratorTest" runstate="Runnable" seed="584261223" result="Passed" start-time="2024-05-28T07:16:53.5507230Z" end-time="2024-05-28T07:16:53.5621650Z" duration="0.011442" asserts="5" />
                <test-case id="1-1702" name="IsFillComplete(PlayersWorlds.Maps.Maze.RecursiveBacktrackerMazeGenerator,Full,Auto,null)" fullname="PlayersWorlds.Maps.Maze.MazeGeneratorTest.IsFillComplete(PlayersWorlds.Maps.Maze.RecursiveBacktrackerMazeGenerator,Full,Auto,null)" methodname="IsFillComplete" classname="PlayersWorlds.Maps.Maze.MazeGeneratorTest" runstate="Runnable" seed="526392458" result="Passed" start-time="2024-05-28T07:16:53.5621770Z" end-time="2024-05-28T07:16:53.5693040Z" duration="0.007128" asserts="5" />
                <test-case id="1-1703" name="IsFillComplete(PlayersWorlds.Maps.Maze.RecursiveBacktrackerMazeGenerator,Full,Auto,System.Collections.Generic.List`1[PlayersWorlds.Maps.Area])" fullname="PlayersWorlds.Maps.Maze.MazeGeneratorTest.IsFillComplete(PlayersWorlds.Maps.Maze.RecursiveBacktrackerMazeGenerator,Full,Auto,System.Collections.Generic.List`1[PlayersWorlds.Maps.Area])" methodname="IsFillComplete" classname="PlayersWorlds.Maps.Maze.MazeGeneratorTest" runstate="Runnable" seed="294354541" result="Passed" start-time="2024-05-28T07:16:53.5693160Z" end-time="2024-05-28T07:16:53.5820390Z" duration="0.012723" asserts="5" />
                <test-case id="1-1704" name="IsFillComplete(PlayersWorlds.Maps.Maze.RecursiveBacktrackerMazeGenerator,Full,Auto,System.Collections.Generic.List`1[PlayersWorlds.Maps.Area])" fullname="PlayersWorlds.Maps.Maze.MazeGeneratorTest.IsFillComplete(PlayersWorlds.Maps.Maze.RecursiveBacktrackerMazeGenerator,Full,Auto,System.Collections.Generic.List`1[PlayersWorlds.Maps.Area])" methodname="IsFillComplete" classname="PlayersWorlds.Maps.Maze.MazeGeneratorTest" runstate="Runnable" seed="1405391595" result="Passed" start-time="2024-05-28T07:16:53.5820510Z" end-time="2024-05-28T07:16:53.6047080Z" duration="0.022658" asserts="5" />
                <test-case id="1-1705" name="IsFillComplete(PlayersWorlds.Maps.Maze.RecursiveBacktrackerMazeGenerator,Full,Auto,System.Collections.Generic.List`1[PlayersWorlds.Maps.Area])" fullname="PlayersWorlds.Maps.Maze.MazeGeneratorTest.IsFillComplete(PlayersWorlds.Maps.Maze.RecursiveBacktrackerMazeGenerator,Full,Auto,System.Collections.Generic.List`1[PlayersWorlds.Maps.Area])" methodname="IsFillComplete" classname="PlayersWorlds.Maps.Maze.MazeGeneratorTest" runstate="Runnable" seed="1781730509" result="Passed" start-time="2024-05-28T07:16:53.6047200Z" end-time="2024-05-28T07:16:53.6334860Z" duration="0.028766" asserts="5" />
                <test-case id="1-1706" name="IsFillComplete(PlayersWorlds.Maps.Maze.RecursiveBacktrackerMazeGenerator,Full,Auto,System.Collections.Generic.List`1[PlayersWorlds.Maps.Area])" fullname="PlayersWorlds.Maps.Maze.MazeGeneratorTest.IsFillComplete(PlayersWorlds.Maps.Maze.RecursiveBacktrackerMazeGenerator,Full,Auto,System.Collections.Generic.List`1[PlayersWorlds.Maps.Area])" methodname="IsFillComplete" classname="PlayersWorlds.Maps.Maze.MazeGeneratorTest" runstate="Runnable" seed="1311548222" result="Passed" start-time="2024-05-28T07:16:53.6334980Z" end-time="2024-05-28T07:16:53.6563080Z" duration="0.022810" asserts="5" />
                <test-case id="1-1707" name="IsFillComplete(PlayersWorlds.Maps.Maze.RecursiveBacktrackerMazeGenerator,Full,Auto,System.Collections.Generic.List`1[PlayersWorlds.Maps.Area])" fullname="PlayersWorlds.Maps.Maze.MazeGeneratorTest.IsFillComplete(PlayersWorlds.Maps.Maze.RecursiveBacktrackerMazeGenerator,Full,Auto,System.Collections.Generic.List`1[PlayersWorlds.Maps.Area])" methodname="IsFillComplete" classname="PlayersWorlds.Maps.Maze.MazeGeneratorTest" runstate="Runnable" seed="1114221941" result="Passed" start-time="2024-05-28T07:16:53.6563200Z" end-time="2024-05-28T07:16:53.6850530Z" duration="0.028733" asserts="5" />
                <test-case id="1-1708" name="IsFillComplete(PlayersWorlds.Maps.Maze.RecursiveBacktrackerMazeGenerator,Full,Manual,null)" fullname="PlayersWorlds.Maps.Maze.MazeGeneratorTest.IsFillComplete(PlayersWorlds.Maps.Maze.RecursiveBacktrackerMazeGenerator,Full,Manual,null)" methodname="IsFillComplete" classname="PlayersWorlds.Maps.Maze.MazeGeneratorTest" runstate="Runnable" seed="1984367158" result="Passed" start-time="2024-05-28T07:16:53.6850640Z" end-time="2024-05-28T07:16:53.6889410Z" duration="0.003877" asserts="5" />
                <test-case id="1-1709" name="IsFillComplete(PlayersWorlds.Maps.Maze.RecursiveBacktrackerMazeGenerator,Full,Manual,System.Collections.Generic.List`1[PlayersWorlds.Maps.Area])" fullname="PlayersWorlds.Maps.Maze.MazeGeneratorTest.IsFillComplete(PlayersWorlds.Maps.Maze.RecursiveBacktrackerMazeGenerator,Full,Manual,System.Collections.Generic.List`1[PlayersWorlds.Maps.Area])" methodname="IsFillComplete" classname="PlayersWorlds.Maps.Maze.MazeGeneratorTest" runstate="Runnable" seed="700523290" result="Passed" start-time="2024-05-28T07:16:53.6889510Z" end-time="2024-05-28T07:16:53.6922480Z" duration="0.003297" asserts="5" />
                <test-case id="1-1710" name="IsFillComplete(PlayersWorlds.Maps.Maze.RecursiveBacktrackerMazeGenerator,Full,Manual,System.Collections.Generic.List`1[PlayersWorlds.Maps.Area])" fullname="PlayersWorlds.Maps.Maze.MazeGeneratorTest.IsFillComplete(PlayersWorlds.Maps.Maze.RecursiveBacktrackerMazeGenerator,Full,Manual,System.Collections.Generic.List`1[PlayersWorlds.Maps.Area])" methodname="IsFillComplete" classname="PlayersWorlds.Maps.Maze.MazeGeneratorTest" runstate="Runnable" seed="1722450643" result="Passed" start-time="2024-05-28T07:16:53.6922580Z" end-time="2024-05-28T07:16:53.6980660Z" duration="0.005808" asserts="5" />
                <test-case id="1-1711" name="IsFillComplete(PlayersWorlds.Maps.Maze.RecursiveBacktrackerMazeGenerator,Full,Manual,System.Collections.Generic.List`1[PlayersWorlds.Maps.Area])" fullname="PlayersWorlds.Maps.Maze.MazeGeneratorTest.IsFillComplete(PlayersWorlds.Maps.Maze.RecursiveBacktrackerMazeGenerator,Full,Manual,System.Collections.Generic.List`1[PlayersWorlds.Maps.Area])" methodname="IsFillComplete" classname="PlayersWorlds.Maps.Maze.MazeGeneratorTest" runstate="Runnable" seed="1844440869" result="Passed" start-time="2024-05-28T07:16:53.6980780Z" end-time="2024-05-28T07:16:53.7040460Z" duration="0.005968" asserts="5" />
                <test-case id="1-1712" name="IsFillComplete(PlayersWorlds.Maps.Maze.RecursiveBacktrackerMazeGenerator,Full,Manual,System.Collections.Generic.List`1[PlayersWorlds.Maps.Area])" fullname="PlayersWorlds.Maps.Maze.MazeGeneratorTest.IsFillComplete(PlayersWorlds.Maps.Maze.RecursiveBacktrackerMazeGenerator,Full,Manual,System.Collections.Generic.List`1[PlayersWorlds.Maps.Area])" methodname="IsFillComplete" classname="PlayersWorlds.Maps.Maze.MazeGeneratorTest" runstate="Runnable" seed="1092494463" result="Passed" start-time="2024-05-28T07:16:53.7040570Z" end-time="2024-05-28T07:16:53.7162710Z" duration="0.012215" asserts="5" />
                <test-case id="1-1713" name="IsFillComplete(PlayersWorlds.Maps.Maze.RecursiveBacktrackerMazeGenerator,Full,Manual,System.Collections.Generic.List`1[PlayersWorlds.Maps.Area])" fullname="PlayersWorlds.Maps.Maze.MazeGeneratorTest.IsFillComplete(PlayersWorlds.Maps.Maze.RecursiveBacktrackerMazeGenerator,Full,Manual,System.Collections.Generic.List`1[PlayersWorlds.Maps.Area])" methodname="IsFillComplete" classname="PlayersWorlds.Maps.Maze.MazeGeneratorTest" runstate="Runnable" seed="317455907" result="Passed" start-time="2024-05-28T07:16:53.7162830Z" end-time="2024-05-28T07:16:53.7283690Z" duration="0.012086" asserts="5" />
                <test-case id="1-1714" name="IsFillComplete(PlayersWorlds.Maps.Maze.SidewinderMazeGenerator,Quarter,Auto,null)" fullname="PlayersWorlds.Maps.Maze.MazeGeneratorTest.IsFillComplete(PlayersWorlds.Maps.Maze.SidewinderMazeGenerator,Quarter,Auto,null)" methodname="IsFillComplete" classname="PlayersWorlds.Maps.Maze.MazeGeneratorTest" runstate="Runnable" seed="1104703260" result="Skipped" label="Ignored" start-time="2024-05-28T07:16:53.7283800Z" end-time="2024-05-28T07:16:53.7285130Z" duration="0.000133" asserts="0" />
                <test-case id="1-1715" name="IsFillComplete(PlayersWorlds.Maps.Maze.SidewinderMazeGenerator,Quarter,Auto,System.Collections.Generic.List`1[PlayersWorlds.Maps.Area])" fullname="PlayersWorlds.Maps.Maze.MazeGeneratorTest.IsFillComplete(PlayersWorlds.Maps.Maze.SidewinderMazeGenerator,Quarter,Auto,System.Collections.Generic.List`1[PlayersWorlds.Maps.Area])" methodname="IsFillComplete" classname="PlayersWorlds.Maps.Maze.MazeGeneratorTest" runstate="Runnable" seed="864786378" result="Skipped" label="Ignored" start-time="2024-05-28T07:16:53.7285200Z" end-time="2024-05-28T07:16:53.7285830Z" duration="0.000064" asserts="0" />
                <test-case id="1-1716" name="IsFillComplete(PlayersWorlds.Maps.Maze.SidewinderMazeGenerator,Quarter,Auto,System.Collections.Generic.List`1[PlayersWorlds.Maps.Area])" fullname="PlayersWorlds.Maps.Maze.MazeGeneratorTest.IsFillComplete(PlayersWorlds.Maps.Maze.SidewinderMazeGenerator,Quarter,Auto,System.Collections.Generic.List`1[PlayersWorlds.Maps.Area])" methodname="IsFillComplete" classname="PlayersWorlds.Maps.Maze.MazeGeneratorTest" runstate="Runnable" seed="976437139" result="Skipped" label="Ignored" start-time="2024-05-28T07:16:53.7285890Z" end-time="2024-05-28T07:16:53.7286440Z" duration="0.000055" asserts="0" />
                <test-case id="1-1717" name="IsFillComplete(PlayersWorlds.Maps.Maze.SidewinderMazeGenerator,Quarter,Auto,System.Collections.Generic.List`1[PlayersWorlds.Maps.Area])" fullname="PlayersWorlds.Maps.Maze.MazeGeneratorTest.IsFillComplete(PlayersWorlds.Maps.Maze.SidewinderMazeGenerator,Quarter,Auto,System.Collections.Generic.List`1[PlayersWorlds.Maps.Area])" methodname="IsFillComplete" classname="PlayersWorlds.Maps.Maze.MazeGeneratorTest" runstate="Runnable" seed="1558660647" result="Skipped" label="Ignored" start-time="2024-05-28T07:16:53.7286500Z" end-time="2024-05-28T07:16:53.7287020Z" duration="0.000052" asserts="0" />
                <test-case id="1-1718" name="IsFillComplete(PlayersWorlds.Maps.Maze.SidewinderMazeGenerator,Quarter,Auto,System.Collections.Generic.List`1[PlayersWorlds.Maps.Area])" fullname="PlayersWorlds.Maps.Maze.MazeGeneratorTest.IsFillComplete(PlayersWorlds.Maps.Maze.SidewinderMazeGenerator,Quarter,Auto,System.Collections.Generic.List`1[PlayersWorlds.Maps.Area])" methodname="IsFillComplete" classname="PlayersWorlds.Maps.Maze.MazeGeneratorTest" runstate="Runnable" seed="1509264913" result="Skipped" label="Ignored" start-time="2024-05-28T07:16:53.7287070Z" end-time="2024-05-28T07:16:53.7287610Z" duration="0.000054" asserts="0" />
                <test-case id="1-1719" name="IsFillComplete(PlayersWorlds.Maps.Maze.SidewinderMazeGenerator,Quarter,Auto,System.Collections.Generic.List`1[PlayersWorlds.Maps.Area])" fullname="PlayersWorlds.Maps.Maze.MazeGeneratorTest.IsFillComplete(PlayersWorlds.Maps.Maze.SidewinderMazeGenerator,Quarter,Auto,System.Collections.Generic.List`1[PlayersWorlds.Maps.Area])" methodname="IsFillComplete" classname="PlayersWorlds.Maps.Maze.MazeGeneratorTest" runstate="Runnable" seed="544216679" result="Skipped" label="Ignored" start-time="2024-05-28T07:16:53.7287670Z" end-time="2024-05-28T07:16:53.7288230Z" duration="0.000056" asserts="0" />
                <test-case id="1-1720" name="IsFillComplete(PlayersWorlds.Maps.Maze.SidewinderMazeGenerator,Quarter,Manual,null)" fullname="PlayersWorlds.Maps.Maze.MazeGeneratorTest.IsFillComplete(PlayersWorlds.Maps.Maze.SidewinderMazeGenerator,Quarter,Manual,null)" methodname="IsFillComplete" classname="PlayersWorlds.Maps.Maze.MazeGeneratorTest" runstate="Runnable" seed="1843836284" result="Skipped" label="Ignored" start-time="2024-05-28T07:16:53.7288280Z" end-time="2024-05-28T07:16:53.7288840Z" duration="0.000055" asserts="0" />
                <test-case id="1-1721" name="IsFillComplete(PlayersWorlds.Maps.Maze.SidewinderMazeGenerator,Quarter,Manual,System.Collections.Generic.List`1[PlayersWorlds.Maps.Area])" fullname="PlayersWorlds.Maps.Maze.MazeGeneratorTest.IsFillComplete(PlayersWorlds.Maps.Maze.SidewinderMazeGenerator,Quarter,Manual,System.Collections.Generic.List`1[PlayersWorlds.Maps.Area])" methodname="IsFillComplete" classname="PlayersWorlds.Maps.Maze.MazeGeneratorTest" runstate="Runnable" seed="610073536" result="Skipped" label="Ignored" start-time="2024-05-28T07:16:53.7288890Z" end-time="2024-05-28T07:16:53.7289410Z" duration="0.000052" asserts="0" />
                <test-case id="1-1722" name="IsFillComplete(PlayersWorlds.Maps.Maze.SidewinderMazeGenerator,Quarter,Manual,System.Collections.Generic.List`1[PlayersWorlds.Maps.Area])" fullname="PlayersWorlds.Maps.Maze.MazeGeneratorTest.IsFillComplete(PlayersWorlds.Maps.Maze.SidewinderMazeGenerator,Quarter,Manual,System.Collections.Generic.List`1[PlayersWorlds.Maps.Area])" methodname="IsFillComplete" classname="PlayersWorlds.Maps.Maze.MazeGeneratorTest" runstate="Runnable" seed="973376335" result="Skipped" label="Ignored" start-time="2024-05-28T07:16:53.7289460Z" end-time="2024-05-28T07:16:53.7289970Z" duration="0.000051" asserts="0" />
                <test-case id="1-1723" name="IsFillComplete(PlayersWorlds.Maps.Maze.SidewinderMazeGenerator,Quarter,Manual,System.Collections.Generic.List`1[PlayersWorlds.Maps.Area])" fullname="PlayersWorlds.Maps.Maze.MazeGeneratorTest.IsFillComplete(PlayersWorlds.Maps.Maze.SidewinderMazeGenerator,Quarter,Manual,System.Collections.Generic.List`1[PlayersWorlds.Maps.Area])" methodname="IsFillComplete" classname="PlayersWorlds.Maps.Maze.MazeGeneratorTest" runstate="Runnable" seed="1058791725" result="Skipped" label="Ignored" start-time="2024-05-28T07:16:53.7290020Z" end-time="2024-05-28T07:16:53.7290530Z" duration="0.000050" asserts="0" />
                <test-case id="1-1724" name="IsFillComplete(PlayersWorlds.Maps.Maze.SidewinderMazeGenerator,Quarter,Manual,System.Collections.Generic.List`1[PlayersWorlds.Maps.Area])" fullname="PlayersWorlds.Maps.Maze.MazeGeneratorTest.IsFillComplete(PlayersWorlds.Maps.Maze.SidewinderMazeGenerator,Quarter,Manual,System.Collections.Generic.List`1[PlayersWorlds.Maps.Area])" methodname="IsFillComplete" classname="PlayersWorlds.Maps.Maze.MazeGeneratorTest" runstate="Runnable" seed="1192489456" result="Skipped" label="Ignored" start-time="2024-05-28T07:16:53.7290580Z" end-time="2024-05-28T07:16:53.7291120Z" duration="0.000054" asserts="0" />
                <test-case id="1-1725" name="IsFillComplete(PlayersWorlds.Maps.Maze.SidewinderMazeGenerator,Quarter,Manual,System.Collections.Generic.List`1[PlayersWorlds.Maps.Area])" fullname="PlayersWorlds.Maps.Maze.MazeGeneratorTest.IsFillComplete(PlayersWorlds.Maps.Maze.SidewinderMazeGenerator,Quarter,Manual,System.Collections.Generic.List`1[PlayersWorlds.Maps.Area])" methodname="IsFillComplete" classname="PlayersWorlds.Maps.Maze.MazeGeneratorTest" runstate="Runnable" seed="239477944" result="Skipped" label="Ignored" start-time="2024-05-28T07:16:53.7291180Z" end-time="2024-05-28T07:16:53.7291700Z" duration="0.000052" asserts="0" />
                <test-case id="1-1726" name="IsFillComplete(PlayersWorlds.Maps.Maze.SidewinderMazeGenerator,Half,Auto,null)" fullname="PlayersWorlds.Maps.Maze.MazeGeneratorTest.IsFillComplete(PlayersWorlds.Maps.Maze.SidewinderMazeGenerator,Half,Auto,null)" methodname="IsFillComplete" classname="PlayersWorlds.Maps.Maze.MazeGeneratorTest" runstate="Runnable" seed="518488793" result="Skipped" label="Ignored" start-time="2024-05-28T07:16:53.7291750Z" end-time="2024-05-28T07:16:53.7292310Z" duration="0.000055" asserts="0" />
                <test-case id="1-1727" name="IsFillComplete(PlayersWorlds.Maps.Maze.SidewinderMazeGenerator,Half,Auto,System.Collections.Generic.List`1[PlayersWorlds.Maps.Area])" fullname="PlayersWorlds.Maps.Maze.MazeGeneratorTest.IsFillComplete(PlayersWorlds.Maps.Maze.SidewinderMazeGenerator,Half,Auto,System.Collections.Generic.List`1[PlayersWorlds.Maps.Area])" methodname="IsFillComplete" classname="PlayersWorlds.Maps.Maze.MazeGeneratorTest" runstate="Runnable" seed="1201666696" result="Skipped" label="Ignored" start-time="2024-05-28T07:16:53.7292360Z" end-time="2024-05-28T07:16:53.7292860Z" duration="0.000050" asserts="0" />
                <test-case id="1-1728" name="IsFillComplete(PlayersWorlds.Maps.Maze.SidewinderMazeGenerator,Half,Auto,System.Collections.Generic.List`1[PlayersWorlds.Maps.Area])" fullname="PlayersWorlds.Maps.Maze.MazeGeneratorTest.IsFillComplete(PlayersWorlds.Maps.Maze.SidewinderMazeGenerator,Half,Auto,System.Collections.Generic.List`1[PlayersWorlds.Maps.Area])" methodname="IsFillComplete" classname="PlayersWorlds.Maps.Maze.MazeGeneratorTest" runstate="Runnable" seed="1606821375" result="Skipped" label="Ignored" start-time="2024-05-28T07:16:53.7292910Z" end-time="2024-05-28T07:16:53.7293400Z" duration="0.000049" asserts="0" />
                <test-case id="1-1729" name="IsFillComplete(PlayersWorlds.Maps.Maze.SidewinderMazeGenerator,Half,Auto,System.Collections.Generic.List`1[PlayersWorlds.Maps.Area])" fullname="PlayersWorlds.Maps.Maze.MazeGeneratorTest.IsFillComplete(PlayersWorlds.Maps.Maze.SidewinderMazeGenerator,Half,Auto,System.Collections.Generic.List`1[PlayersWorlds.Maps.Area])" methodname="IsFillComplete" classname="PlayersWorlds.Maps.Maze.MazeGeneratorTest" runstate="Runnable" seed="115321330" result="Skipped" label="Ignored" start-time="2024-05-28T07:16:53.7293450Z" end-time="2024-05-28T07:16:53.7293960Z" duration="0.000050" asserts="0" />
                <test-case id="1-1730" name="IsFillComplete(PlayersWorlds.Maps.Maze.SidewinderMazeGenerator,Half,Auto,System.Collections.Generic.List`1[PlayersWorlds.Maps.Area])" fullname="PlayersWorlds.Maps.Maze.MazeGeneratorTest.IsFillComplete(PlayersWorlds.Maps.Maze.SidewinderMazeGenerator,Half,Auto,System.Collections.Generic.List`1[PlayersWorlds.Maps.Area])" methodname="IsFillComplete" classname="PlayersWorlds.Maps.Maze.MazeGeneratorTest" runstate="Runnable" seed="1831576431" result="Skipped" label="Ignored" start-time="2024-05-28T07:16:53.7294010Z" end-time="2024-05-28T07:16:53.7294540Z" duration="0.000053" asserts="0" />
                <test-case id="1-1731" name="IsFillComplete(PlayersWorlds.Maps.Maze.SidewinderMazeGenerator,Half,Auto,System.Collections.Generic.List`1[PlayersWorlds.Maps.Area])" fullname="PlayersWorlds.Maps.Maze.MazeGeneratorTest.IsFillComplete(PlayersWorlds.Maps.Maze.SidewinderMazeGenerator,Half,Auto,System.Collections.Generic.List`1[PlayersWorlds.Maps.Area])" methodname="IsFillComplete" classname="PlayersWorlds.Maps.Maze.MazeGeneratorTest" runstate="Runnable" seed="886972596" result="Skipped" label="Ignored" start-time="2024-05-28T07:16:53.7294590Z" end-time="2024-05-28T07:16:53.7295130Z" duration="0.000054" asserts="0" />
                <test-case id="1-1732" name="IsFillComplete(PlayersWorlds.Maps.Maze.SidewinderMazeGenerator,Half,Manual,null)" fullname="PlayersWorlds.Maps.Maze.MazeGeneratorTest.IsFillComplete(PlayersWorlds.Maps.Maze.SidewinderMazeGenerator,Half,Manual,null)" methodname="IsFillComplete" classname="PlayersWorlds.Maps.Maze.MazeGeneratorTest" runstate="Runnable" seed="1509995298" result="Skipped" label="Ignored" start-time="2024-05-28T07:16:53.7295180Z" end-time="2024-05-28T07:16:53.7295730Z" duration="0.000055" asserts="0" />
                <test-case id="1-1733" name="IsFillComplete(PlayersWorlds.Maps.Maze.SidewinderMazeGenerator,Half,Manual,System.Collections.Generic.List`1[PlayersWorlds.Maps.Area])" fullname="PlayersWorlds.Maps.Maze.MazeGeneratorTest.IsFillComplete(PlayersWorlds.Maps.Maze.SidewinderMazeGenerator,Half,Manual,System.Collections.Generic.List`1[PlayersWorlds.Maps.Area])" methodname="IsFillComplete" classname="PlayersWorlds.Maps.Maze.MazeGeneratorTest" runstate="Runnable" seed="1747573059" result="Skipped" label="Ignored" start-time="2024-05-28T07:16:53.7295780Z" end-time="2024-05-28T07:16:53.7296270Z" duration="0.000049" asserts="0" />
                <test-case id="1-1734" name="IsFillComplete(PlayersWorlds.Maps.Maze.SidewinderMazeGenerator,Half,Manual,System.Collections.Generic.List`1[PlayersWorlds.Maps.Area])" fullname="PlayersWorlds.Maps.Maze.MazeGeneratorTest.IsFillComplete(PlayersWorlds.Maps.Maze.SidewinderMazeGenerator,Half,Manual,System.Collections.Generic.List`1[PlayersWorlds.Maps.Area])" methodname="IsFillComplete" classname="PlayersWorlds.Maps.Maze.MazeGeneratorTest" runstate="Runnable" seed="1247437029" result="Skipped" label="Ignored" start-time="2024-05-28T07:16:53.7296330Z" end-time="2024-05-28T07:16:53.7296820Z" duration="0.000050" asserts="0" />
                <test-case id="1-1735" name="IsFillComplete(PlayersWorlds.Maps.Maze.SidewinderMazeGenerator,Half,Manual,System.Collections.Generic.List`1[PlayersWorlds.Maps.Area])" fullname="PlayersWorlds.Maps.Maze.MazeGeneratorTest.IsFillComplete(PlayersWorlds.Maps.Maze.SidewinderMazeGenerator,Half,Manual,System.Collections.Generic.List`1[PlayersWorlds.Maps.Area])" methodname="IsFillComplete" classname="PlayersWorlds.Maps.Maze.MazeGeneratorTest" runstate="Runnable" seed="644106105" result="Skipped" label="Ignored" start-time="2024-05-28T07:16:53.7296870Z" end-time="2024-05-28T07:16:53.7297380Z" duration="0.000051" asserts="0" />
                <test-case id="1-1736" name="IsFillComplete(PlayersWorlds.Maps.Maze.SidewinderMazeGenerator,Half,Manual,System.Collections.Generic.List`1[PlayersWorlds.Maps.Area])" fullname="PlayersWorlds.Maps.Maze.MazeGeneratorTest.IsFillComplete(PlayersWorlds.Maps.Maze.SidewinderMazeGenerator,Half,Manual,System.Collections.Generic.List`1[PlayersWorlds.Maps.Area])" methodname="IsFillComplete" classname="PlayersWorlds.Maps.Maze.MazeGeneratorTest" runstate="Runnable" seed="1059541390" result="Skipped" label="Ignored" start-time="2024-05-28T07:16:53.7297430Z" end-time="2024-05-28T07:16:53.7297960Z" duration="0.000053" asserts="0" />
                <test-case id="1-1737" name="IsFillComplete(PlayersWorlds.Maps.Maze.SidewinderMazeGenerator,Half,Manual,System.Collections.Generic.List`1[PlayersWorlds.Maps.Area])" fullname="PlayersWorlds.Maps.Maze.MazeGeneratorTest.IsFillComplete(PlayersWorlds.Maps.Maze.SidewinderMazeGenerator,Half,Manual,System.Collections.Generic.List`1[PlayersWorlds.Maps.Area])" methodname="IsFillComplete" classname="PlayersWorlds.Maps.Maze.MazeGeneratorTest" runstate="Runnable" seed="1463634487" result="Skipped" label="Ignored" start-time="2024-05-28T07:16:53.7298020Z" end-time="2024-05-28T07:16:53.7298540Z" duration="0.000053" asserts="0" />
                <test-case id="1-1738" name="IsFillComplete(PlayersWorlds.Maps.Maze.SidewinderMazeGenerator,ThreeQuarters,Auto,null)" fullname="PlayersWorlds.Maps.Maze.MazeGeneratorTest.IsFillComplete(PlayersWorlds.Maps.Maze.SidewinderMazeGenerator,ThreeQuarters,Auto,null)" methodname="IsFillComplete" classname="PlayersWorlds.Maps.Maze.MazeGeneratorTest" runstate="Runnable" seed="2064958281" result="Skipped" label="Ignored" start-time="2024-05-28T07:16:53.7298590Z" end-time="2024-05-28T07:16:53.7299120Z" duration="0.000053" asserts="0" />
                <test-case id="1-1739" name="IsFillComplete(PlayersWorlds.Maps.Maze.SidewinderMazeGenerator,ThreeQuarters,Auto,System.Collections.Generic.List`1[PlayersWorlds.Maps.Area])" fullname="PlayersWorlds.Maps.Maze.MazeGeneratorTest.IsFillComplete(PlayersWorlds.Maps.Maze.SidewinderMazeGenerator,ThreeQuarters,Auto,System.Collections.Generic.List`1[PlayersWorlds.Maps.Area])" methodname="IsFillComplete" classname="PlayersWorlds.Maps.Maze.MazeGeneratorTest" runstate="Runnable" seed="1631144006" result="Skipped" label="Ignored" start-time="2024-05-28T07:16:53.7299170Z" end-time="2024-05-28T07:16:53.7299670Z" duration="0.000049" asserts="0" />
                <test-case id="1-1740" name="IsFillComplete(PlayersWorlds.Maps.Maze.SidewinderMazeGenerator,ThreeQuarters,Auto,System.Collections.Generic.List`1[PlayersWorlds.Maps.Area])" fullname="PlayersWorlds.Maps.Maze.MazeGeneratorTest.IsFillComplete(PlayersWorlds.Maps.Maze.SidewinderMazeGenerator,ThreeQuarters,Auto,System.Collections.Generic.List`1[PlayersWorlds.Maps.Area])" methodname="IsFillComplete" classname="PlayersWorlds.Maps.Maze.MazeGeneratorTest" runstate="Runnable" seed="954883193" result="Skipped" label="Ignored" start-time="2024-05-28T07:16:53.7299720Z" end-time="2024-05-28T07:16:53.7300200Z" duration="0.000048" asserts="0" />
                <test-case id="1-1741" name="IsFillComplete(PlayersWorlds.Maps.Maze.SidewinderMazeGenerator,ThreeQuarters,Auto,System.Collections.Generic.List`1[PlayersWorlds.Maps.Area])" fullname="PlayersWorlds.Maps.Maze.MazeGeneratorTest.IsFillComplete(PlayersWorlds.Maps.Maze.SidewinderMazeGenerator,ThreeQuarters,Auto,System.Collections.Generic.List`1[PlayersWorlds.Maps.Area])" methodname="IsFillComplete" classname="PlayersWorlds.Maps.Maze.MazeGeneratorTest" runstate="Runnable" seed="1343087759" result="Skipped" label="Ignored" start-time="2024-05-28T07:16:53.7300250Z" end-time="2024-05-28T07:16:53.7300750Z" duration="0.000050" asserts="0" />
                <test-case id="1-1742" name="IsFillComplete(PlayersWorlds.Maps.Maze.SidewinderMazeGenerator,ThreeQuarters,Auto,System.Collections.Generic.List`1[PlayersWorlds.Maps.Area])" fullname="PlayersWorlds.Maps.Maze.MazeGeneratorTest.IsFillComplete(PlayersWorlds.Maps.Maze.SidewinderMazeGenerator,ThreeQuarters,Auto,System.Collections.Generic.List`1[PlayersWorlds.Maps.Area])" methodname="IsFillComplete" classname="PlayersWorlds.Maps.Maze.MazeGeneratorTest" runstate="Runnable" seed="716913530" result="Skipped" label="Ignored" start-time="2024-05-28T07:16:53.7300800Z" end-time="2024-05-28T07:16:53.7301340Z" duration="0.000054" asserts="0" />
                <test-case id="1-1743" name="IsFillComplete(PlayersWorlds.Maps.Maze.SidewinderMazeGenerator,ThreeQuarters,Auto,System.Collections.Generic.List`1[PlayersWorlds.Maps.Area])" fullname="PlayersWorlds.Maps.Maze.MazeGeneratorTest.IsFillComplete(PlayersWorlds.Maps.Maze.SidewinderMazeGenerator,ThreeQuarters,Auto,System.Collections.Generic.List`1[PlayersWorlds.Maps.Area])" methodname="IsFillComplete" classname="PlayersWorlds.Maps.Maze.MazeGeneratorTest" runstate="Runnable" seed="1387554111" result="Skipped" label="Ignored" start-time="2024-05-28T07:16:53.7301400Z" end-time="2024-05-28T07:16:53.7301940Z" duration="0.000054" asserts="0" />
                <test-case id="1-1744" name="IsFillComplete(PlayersWorlds.Maps.Maze.SidewinderMazeGenerator,ThreeQuarters,Manual,null)" fullname="PlayersWorlds.Maps.Maze.MazeGeneratorTest.IsFillComplete(PlayersWorlds.Maps.Maze.SidewinderMazeGenerator,ThreeQuarters,Manual,null)" methodname="IsFillComplete" classname="PlayersWorlds.Maps.Maze.MazeGeneratorTest" runstate="Runnable" seed="1524899681" result="Skipped" label="Ignored" start-time="2024-05-28T07:16:53.7301990Z" end-time="2024-05-28T07:16:53.7302520Z" duration="0.000053" asserts="0" />
                <test-case id="1-1745" name="IsFillComplete(PlayersWorlds.Maps.Maze.SidewinderMazeGenerator,ThreeQuarters,Manual,System.Collections.Generic.List`1[PlayersWorlds.Maps.Area])" fullname="PlayersWorlds.Maps.Maze.MazeGeneratorTest.IsFillComplete(PlayersWorlds.Maps.Maze.SidewinderMazeGenerator,ThreeQuarters,Manual,System.Collections.Generic.List`1[PlayersWorlds.Maps.Area])" methodname="IsFillComplete" classname="PlayersWorlds.Maps.Maze.MazeGeneratorTest" runstate="Runnable" seed="1870890525" result="Skipped" label="Ignored" start-time="2024-05-28T07:16:53.7302570Z" end-time="2024-05-28T07:16:53.7303060Z" duration="0.000049" asserts="0" />
                <test-case id="1-1746" name="IsFillComplete(PlayersWorlds.Maps.Maze.SidewinderMazeGenerator,ThreeQuarters,Manual,System.Collections.Generic.List`1[PlayersWorlds.Maps.Area])" fullname="PlayersWorlds.Maps.Maze.MazeGeneratorTest.IsFillComplete(PlayersWorlds.Maps.Maze.SidewinderMazeGenerator,ThreeQuarters,Manual,System.Collections.Generic.List`1[PlayersWorlds.Maps.Area])" methodname="IsFillComplete" classname="PlayersWorlds.Maps.Maze.MazeGeneratorTest" runstate="Runnable" seed="1467242973" result="Skipped" label="Ignored" start-time="2024-05-28T07:16:53.7303110Z" end-time="2024-05-28T07:16:53.7303600Z" duration="0.000049" asserts="0" />
                <test-case id="1-1747" name="IsFillComplete(PlayersWorlds.Maps.Maze.SidewinderMazeGenerator,ThreeQuarters,Manual,System.Collections.Generic.List`1[PlayersWorlds.Maps.Area])" fullname="PlayersWorlds.Maps.Maze.MazeGeneratorTest.IsFillComplete(PlayersWorlds.Maps.Maze.SidewinderMazeGenerator,ThreeQuarters,Manual,System.Collections.Generic.List`1[PlayersWorlds.Maps.Area])" methodname="IsFillComplete" classname="PlayersWorlds.Maps.Maze.MazeGeneratorTest" runstate="Runnable" seed="1413562131" result="Skipped" label="Ignored" start-time="2024-05-28T07:16:53.7303650Z" end-time="2024-05-28T07:16:53.7304170Z" duration="0.000052" asserts="0" />
                <test-case id="1-1748" name="IsFillComplete(PlayersWorlds.Maps.Maze.SidewinderMazeGenerator,ThreeQuarters,Manual,System.Collections.Generic.List`1[PlayersWorlds.Maps.Area])" fullname="PlayersWorlds.Maps.Maze.MazeGeneratorTest.IsFillComplete(PlayersWorlds.Maps.Maze.SidewinderMazeGenerator,ThreeQuarters,Manual,System.Collections.Generic.List`1[PlayersWorlds.Maps.Area])" methodname="IsFillComplete" classname="PlayersWorlds.Maps.Maze.MazeGeneratorTest" runstate="Runnable" seed="578775364" result="Skipped" label="Ignored" start-time="2024-05-28T07:16:53.7304220Z" end-time="2024-05-28T07:16:53.7304750Z" duration="0.000053" asserts="0" />
                <test-case id="1-1749" name="IsFillComplete(PlayersWorlds.Maps.Maze.SidewinderMazeGenerator,ThreeQuarters,Manual,System.Collections.Generic.List`1[PlayersWorlds.Maps.Area])" fullname="PlayersWorlds.Maps.Maze.MazeGeneratorTest.IsFillComplete(PlayersWorlds.Maps.Maze.SidewinderMazeGenerator,ThreeQuarters,Manual,System.Collections.Generic.List`1[PlayersWorlds.Maps.Area])" methodname="IsFillComplete" classname="PlayersWorlds.Maps.Maze.MazeGeneratorTest" runstate="Runnable" seed="359824287" result="Skipped" label="Ignored" start-time="2024-05-28T07:16:53.7304800Z" end-time="2024-05-28T07:16:53.7305330Z" duration="0.000053" asserts="0" />
                <test-case id="1-1750" name="IsFillComplete(PlayersWorlds.Maps.Maze.SidewinderMazeGenerator,NinetyPercent,Auto,null)" fullname="PlayersWorlds.Maps.Maze.MazeGeneratorTest.IsFillComplete(PlayersWorlds.Maps.Maze.SidewinderMazeGenerator,NinetyPercent,Auto,null)" methodname="IsFillComplete" classname="PlayersWorlds.Maps.Maze.MazeGeneratorTest" runstate="Runnable" seed="1705721855" result="Skipped" label="Ignored" start-time="2024-05-28T07:16:53.7305380Z" end-time="2024-05-28T07:16:53.7305890Z" duration="0.000051" asserts="0" />
                <test-case id="1-1751" name="IsFillComplete(PlayersWorlds.Maps.Maze.SidewinderMazeGenerator,NinetyPercent,Auto,System.Collections.Generic.List`1[PlayersWorlds.Maps.Area])" fullname="PlayersWorlds.Maps.Maze.MazeGeneratorTest.IsFillComplete(PlayersWorlds.Maps.Maze.SidewinderMazeGenerator,NinetyPercent,Auto,System.Collections.Generic.List`1[PlayersWorlds.Maps.Area])" methodname="IsFillComplete" classname="PlayersWorlds.Maps.Maze.MazeGeneratorTest" runstate="Runnable" seed="1258132855" result="Skipped" label="Ignored" start-time="2024-05-28T07:16:53.7305950Z" end-time="2024-05-28T07:16:53.7306440Z" duration="0.000049" asserts="0" />
                <test-case id="1-1752" name="IsFillComplete(PlayersWorlds.Maps.Maze.SidewinderMazeGenerator,NinetyPercent,Auto,System.Collections.Generic.List`1[PlayersWorlds.Maps.Area])" fullname="PlayersWorlds.Maps.Maze.MazeGeneratorTest.IsFillComplete(PlayersWorlds.Maps.Maze.SidewinderMazeGenerator,NinetyPercent,Auto,System.Collections.Generic.List`1[PlayersWorlds.Maps.Area])" methodname="IsFillComplete" classname="PlayersWorlds.Maps.Maze.MazeGeneratorTest" runstate="Runnable" seed="196904321" result="Skipped" label="Ignored" start-time="2024-05-28T07:16:53.7306490Z" end-time="2024-05-28T07:16:53.7306980Z" duration="0.000049" asserts="0" />
                <test-case id="1-1753" name="IsFillComplete(PlayersWorlds.Maps.Maze.SidewinderMazeGenerator,NinetyPercent,Auto,System.Collections.Generic.List`1[PlayersWorlds.Maps.Area])" fullname="PlayersWorlds.Maps.Maze.MazeGeneratorTest.IsFillComplete(PlayersWorlds.Maps.Maze.SidewinderMazeGenerator,NinetyPercent,Auto,System.Collections.Generic.List`1[PlayersWorlds.Maps.Area])" methodname="IsFillComplete" classname="PlayersWorlds.Maps.Maze.MazeGeneratorTest" runstate="Runnable" seed="988095588" result="Skipped" label="Ignored" start-time="2024-05-28T07:16:53.7307030Z" end-time="2024-05-28T07:16:53.7307540Z" duration="0.000051" asserts="0" />
                <test-case id="1-1754" name="IsFillComplete(PlayersWorlds.Maps.Maze.SidewinderMazeGenerator,NinetyPercent,Auto,System.Collections.Generic.List`1[PlayersWorlds.Maps.Area])" fullname="PlayersWorlds.Maps.Maze.MazeGeneratorTest.IsFillComplete(PlayersWorlds.Maps.Maze.SidewinderMazeGenerator,NinetyPercent,Auto,System.Collections.Generic.List`1[PlayersWorlds.Maps.Area])" methodname="IsFillComplete" classname="PlayersWorlds.Maps.Maze.MazeGeneratorTest" runstate="Runnable" seed="62517285" result="Skipped" label="Ignored" start-time="2024-05-28T07:16:53.7307590Z" end-time="2024-05-28T07:16:53.7308110Z" duration="0.000051" asserts="0" />
                <test-case id="1-1755" name="IsFillComplete(PlayersWorlds.Maps.Maze.SidewinderMazeGenerator,NinetyPercent,Auto,System.Collections.Generic.List`1[PlayersWorlds.Maps.Area])" fullname="PlayersWorlds.Maps.Maze.MazeGeneratorTest.IsFillComplete(PlayersWorlds.Maps.Maze.SidewinderMazeGenerator,NinetyPercent,Auto,System.Collections.Generic.List`1[PlayersWorlds.Maps.Area])" methodname="IsFillComplete" classname="PlayersWorlds.Maps.Maze.MazeGeneratorTest" runstate="Runnable" seed="1476104631" result="Skipped" label="Ignored" start-time="2024-05-28T07:16:53.7308160Z" end-time="2024-05-28T07:16:53.7308680Z" duration="0.000052" asserts="0" />
                <test-case id="1-1756" name="IsFillComplete(PlayersWorlds.Maps.Maze.SidewinderMazeGenerator,NinetyPercent,Manual,null)" fullname="PlayersWorlds.Maps.Maze.MazeGeneratorTest.IsFillComplete(PlayersWorlds.Maps.Maze.SidewinderMazeGenerator,NinetyPercent,Manual,null)" methodname="IsFillComplete" classname="PlayersWorlds.Maps.Maze.MazeGeneratorTest" runstate="Runnable" seed="1758368535" result="Skipped" label="Ignored" start-time="2024-05-28T07:16:53.7308730Z" end-time="2024-05-28T07:16:53.7309250Z" duration="0.000051" asserts="0" />
                <test-case id="1-1757" name="IsFillComplete(PlayersWorlds.Maps.Maze.SidewinderMazeGenerator,NinetyPercent,Manual,System.Collections.Generic.List`1[PlayersWorlds.Maps.Area])" fullname="PlayersWorlds.Maps.Maze.MazeGeneratorTest.IsFillComplete(PlayersWorlds.Maps.Maze.SidewinderMazeGenerator,NinetyPercent,Manual,System.Collections.Generic.List`1[PlayersWorlds.Maps.Area])" methodname="IsFillComplete" classname="PlayersWorlds.Maps.Maze.MazeGeneratorTest" runstate="Runnable" seed="1615084380" result="Skipped" label="Ignored" start-time="2024-05-28T07:16:53.7309300Z" end-time="2024-05-28T07:16:53.7309920Z" duration="0.000063" asserts="0" />
                <test-case id="1-1758" name="IsFillComplete(PlayersWorlds.Maps.Maze.SidewinderMazeGenerator,NinetyPercent,Manual,System.Collections.Generic.List`1[PlayersWorlds.Maps.Area])" fullname="PlayersWorlds.Maps.Maze.MazeGeneratorTest.IsFillComplete(PlayersWorlds.Maps.Maze.SidewinderMazeGenerator,NinetyPercent,Manual,System.Collections.Generic.List`1[PlayersWorlds.Maps.Area])" methodname="IsFillComplete" classname="PlayersWorlds.Maps.Maze.MazeGeneratorTest" runstate="Runnable" seed="1249348732" result="Skipped" label="Ignored" start-time="2024-05-28T07:16:53.7309980Z" end-time="2024-05-28T07:16:53.7310500Z" duration="0.000052" asserts="0" />
                <test-case id="1-1759" name="IsFillComplete(PlayersWorlds.Maps.Maze.SidewinderMazeGenerator,NinetyPercent,Manual,System.Collections.Generic.List`1[PlayersWorlds.Maps.Area])" fullname="PlayersWorlds.Maps.Maze.MazeGeneratorTest.IsFillComplete(PlayersWorlds.Maps.Maze.SidewinderMazeGenerator,NinetyPercent,Manual,System.Collections.Generic.List`1[PlayersWorlds.Maps.Area])" methodname="IsFillComplete" classname="PlayersWorlds.Maps.Maze.MazeGeneratorTest" runstate="Runnable" seed="1165913651" result="Skipped" label="Ignored" start-time="2024-05-28T07:16:53.7310560Z" end-time="2024-05-28T07:16:53.7311100Z" duration="0.000054" asserts="0" />
                <test-case id="1-1760" name="IsFillComplete(PlayersWorlds.Maps.Maze.SidewinderMazeGenerator,NinetyPercent,Manual,System.Collections.Generic.List`1[PlayersWorlds.Maps.Area])" fullname="PlayersWorlds.Maps.Maze.MazeGeneratorTest.IsFillComplete(PlayersWorlds.Maps.Maze.SidewinderMazeGenerator,NinetyPercent,Manual,System.Collections.Generic.List`1[PlayersWorlds.Maps.Area])" methodname="IsFillComplete" classname="PlayersWorlds.Maps.Maze.MazeGeneratorTest" runstate="Runnable" seed="1263241716" result="Skipped" label="Ignored" start-time="2024-05-28T07:16:53.7311150Z" end-time="2024-05-28T07:16:53.7311670Z" duration="0.000052" asserts="0" />
                <test-case id="1-1761" name="IsFillComplete(PlayersWorlds.Maps.Maze.SidewinderMazeGenerator,NinetyPercent,Manual,System.Collections.Generic.List`1[PlayersWorlds.Maps.Area])" fullname="PlayersWorlds.Maps.Maze.MazeGeneratorTest.IsFillComplete(PlayersWorlds.Maps.Maze.SidewinderMazeGenerator,NinetyPercent,Manual,System.Collections.Generic.List`1[PlayersWorlds.Maps.Area])" methodname="IsFillComplete" classname="PlayersWorlds.Maps.Maze.MazeGeneratorTest" runstate="Runnable" seed="109881526" result="Skipped" label="Ignored" start-time="2024-05-28T07:16:53.7311720Z" end-time="2024-05-28T07:16:53.7312260Z" duration="0.000054" asserts="0" />
                <test-case id="1-1762" name="IsFillComplete(PlayersWorlds.Maps.Maze.SidewinderMazeGenerator,FullWidth,Auto,null)" fullname="PlayersWorlds.Maps.Maze.MazeGeneratorTest.IsFillComplete(PlayersWorlds.Maps.Maze.SidewinderMazeGenerator,FullWidth,Auto,null)" methodname="IsFillComplete" classname="PlayersWorlds.Maps.Maze.MazeGeneratorTest" runstate="Runnable" seed="1654884213" result="Skipped" label="Ignored" start-time="2024-05-28T07:16:53.7312310Z" end-time="2024-05-28T07:16:53.7312810Z" duration="0.000050" asserts="0" />
                <test-case id="1-1763" name="IsFillComplete(PlayersWorlds.Maps.Maze.SidewinderMazeGenerator,FullWidth,Auto,System.Collections.Generic.List`1[PlayersWorlds.Maps.Area])" fullname="PlayersWorlds.Maps.Maze.MazeGeneratorTest.IsFillComplete(PlayersWorlds.Maps.Maze.SidewinderMazeGenerator,FullWidth,Auto,System.Collections.Generic.List`1[PlayersWorlds.Maps.Area])" methodname="IsFillComplete" classname="PlayersWorlds.Maps.Maze.MazeGeneratorTest" runstate="Runnable" seed="1869045828" result="Skipped" label="Ignored" start-time="2024-05-28T07:16:53.7312860Z" end-time="2024-05-28T07:16:53.7313350Z" duration="0.000049" asserts="0" />
                <test-case id="1-1764" name="IsFillComplete(PlayersWorlds.Maps.Maze.SidewinderMazeGenerator,FullWidth,Auto,System.Collections.Generic.List`1[PlayersWorlds.Maps.Area])" fullname="PlayersWorlds.Maps.Maze.MazeGeneratorTest.IsFillComplete(PlayersWorlds.Maps.Maze.SidewinderMazeGenerator,FullWidth,Auto,System.Collections.Generic.List`1[PlayersWorlds.Maps.Area])" methodname="IsFillComplete" classname="PlayersWorlds.Maps.Maze.MazeGeneratorTest" runstate="Runnable" seed="1016430506" result="Skipped" label="Ignored" start-time="2024-05-28T07:16:53.7313400Z" end-time="2024-05-28T07:16:53.7313880Z" duration="0.000048" asserts="0" />
                <test-case id="1-1765" name="IsFillComplete(PlayersWorlds.Maps.Maze.SidewinderMazeGenerator,FullWidth,Auto,System.Collections.Generic.List`1[PlayersWorlds.Maps.Area])" fullname="PlayersWorlds.Maps.Maze.MazeGeneratorTest.IsFillComplete(PlayersWorlds.Maps.Maze.SidewinderMazeGenerator,FullWidth,Auto,System.Collections.Generic.List`1[PlayersWorlds.Maps.Area])" methodname="IsFillComplete" classname="PlayersWorlds.Maps.Maze.MazeGeneratorTest" runstate="Runnable" seed="835478047" result="Skipped" label="Ignored" start-time="2024-05-28T07:16:53.7313930Z" end-time="2024-05-28T07:16:53.7314450Z" duration="0.000052" asserts="0" />
                <test-case id="1-1766" name="IsFillComplete(PlayersWorlds.Maps.Maze.SidewinderMazeGenerator,FullWidth,Auto,System.Collections.Generic.List`1[PlayersWorlds.Maps.Area])" fullname="PlayersWorlds.Maps.Maze.MazeGeneratorTest.IsFillComplete(PlayersWorlds.Maps.Maze.SidewinderMazeGenerator,FullWidth,Auto,System.Collections.Generic.List`1[PlayersWorlds.Maps.Area])" methodname="IsFillComplete" classname="PlayersWorlds.Maps.Maze.MazeGeneratorTest" runstate="Runnable" seed="334445571" result="Skipped" label="Ignored" start-time="2024-05-28T07:16:53.7314500Z" end-time="2024-05-28T07:16:53.7315040Z" duration="0.000054" asserts="0" />
                <test-case id="1-1767" name="IsFillComplete(PlayersWorlds.Maps.Maze.SidewinderMazeGenerator,FullWidth,Auto,System.Collections.Generic.List`1[PlayersWorlds.Maps.Area])" fullname="PlayersWorlds.Maps.Maze.MazeGeneratorTest.IsFillComplete(PlayersWorlds.Maps.Maze.SidewinderMazeGenerator,FullWidth,Auto,System.Collections.Generic.List`1[PlayersWorlds.Maps.Area])" methodname="IsFillComplete" classname="PlayersWorlds.Maps.Maze.MazeGeneratorTest" runstate="Runnable" seed="1492405051" result="Skipped" label="Ignored" start-time="2024-05-28T07:16:53.7315090Z" end-time="2024-05-28T07:16:53.7315630Z" duration="0.000054" asserts="0" />
                <test-case id="1-1768" name="IsFillComplete(PlayersWorlds.Maps.Maze.SidewinderMazeGenerator,FullWidth,Manual,null)" fullname="PlayersWorlds.Maps.Maze.MazeGeneratorTest.IsFillComplete(PlayersWorlds.Maps.Maze.SidewinderMazeGenerator,FullWidth,Manual,null)" methodname="IsFillComplete" classname="PlayersWorlds.Maps.Maze.MazeGeneratorTest" runstate="Runnable" seed="1217502525" result="Skipped" label="Ignored" start-time="2024-05-28T07:16:53.7315680Z" end-time="2024-05-28T07:16:53.7316180Z" duration="0.000050" asserts="0" />
                <test-case id="1-1769" name="IsFillComplete(PlayersWorlds.Maps.Maze.SidewinderMazeGenerator,FullWidth,Manual,System.Collections.Generic.List`1[PlayersWorlds.Maps.Area])" fullname="PlayersWorlds.Maps.Maze.MazeGeneratorTest.IsFillComplete(PlayersWorlds.Maps.Maze.SidewinderMazeGenerator,FullWidth,Manual,System.Collections.Generic.List`1[PlayersWorlds.Maps.Area])" methodname="IsFillComplete" classname="PlayersWorlds.Maps.Maze.MazeGeneratorTest" runstate="Runnable" seed="460597155" result="Skipped" label="Ignored" start-time="2024-05-28T07:16:53.7316230Z" end-time="2024-05-28T07:16:53.7316710Z" duration="0.000048" asserts="0" />
                <test-case id="1-1770" name="IsFillComplete(PlayersWorlds.Maps.Maze.SidewinderMazeGenerator,FullWidth,Manual,System.Collections.Generic.List`1[PlayersWorlds.Maps.Area])" fullname="PlayersWorlds.Maps.Maze.MazeGeneratorTest.IsFillComplete(PlayersWorlds.Maps.Maze.SidewinderMazeGenerator,FullWidth,Manual,System.Collections.Generic.List`1[PlayersWorlds.Maps.Area])" methodname="IsFillComplete" classname="PlayersWorlds.Maps.Maze.MazeGeneratorTest" runstate="Runnable" seed="1952728635" result="Skipped" label="Ignored" start-time="2024-05-28T07:16:53.7316760Z" end-time="2024-05-28T07:16:53.7317250Z" duration="0.000049" asserts="0" />
                <test-case id="1-1771" name="IsFillComplete(PlayersWorlds.Maps.Maze.SidewinderMazeGenerator,FullWidth,Manual,System.Collections.Generic.List`1[PlayersWorlds.Maps.Area])" fullname="PlayersWorlds.Maps.Maze.MazeGeneratorTest.IsFillComplete(PlayersWorlds.Maps.Maze.SidewinderMazeGenerator,FullWidth,Manual,System.Collections.Generic.List`1[PlayersWorlds.Maps.Area])" methodname="IsFillComplete" classname="PlayersWorlds.Maps.Maze.MazeGeneratorTest" runstate="Runnable" seed="1660286299" result="Skipped" label="Ignored" start-time="2024-05-28T07:16:53.7317300Z" end-time="2024-05-28T07:16:53.7317830Z" duration="0.000053" asserts="0" />
                <test-case id="1-1772" name="IsFillComplete(PlayersWorlds.Maps.Maze.SidewinderMazeGenerator,FullWidth,Manual,System.Collections.Generic.List`1[PlayersWorlds.Maps.Area])" fullname="PlayersWorlds.Maps.Maze.MazeGeneratorTest.IsFillComplete(PlayersWorlds.Maps.Maze.SidewinderMazeGenerator,FullWidth,Manual,System.Collections.Generic.List`1[PlayersWorlds.Maps.Area])" methodname="IsFillComplete" classname="PlayersWorlds.Maps.Maze.MazeGeneratorTest" runstate="Runnable" seed="1641186013" result="Skipped" label="Ignored" start-time="2024-05-28T07:16:53.7317890Z" end-time="2024-05-28T07:16:53.7318430Z" duration="0.000054" asserts="0" />
                <test-case id="1-1773" name="IsFillComplete(PlayersWorlds.Maps.Maze.SidewinderMazeGenerator,FullWidth,Manual,System.Collections.Generic.List`1[PlayersWorlds.Maps.Area])" fullname="PlayersWorlds.Maps.Maze.MazeGeneratorTest.IsFillComplete(PlayersWorlds.Maps.Maze.SidewinderMazeGenerator,FullWidth,Manual,System.Collections.Generic.List`1[PlayersWorlds.Maps.Area])" methodname="IsFillComplete" classname="PlayersWorlds.Maps.Maze.MazeGeneratorTest" runstate="Runnable" seed="2025604554" result="Skipped" label="Ignored" start-time="2024-05-28T07:16:53.7318480Z" end-time="2024-05-28T07:16:53.7319020Z" duration="0.000055" asserts="0" />
                <test-case id="1-1774" name="IsFillComplete(PlayersWorlds.Maps.Maze.SidewinderMazeGenerator,FullHeight,Auto,null)" fullname="PlayersWorlds.Maps.Maze.MazeGeneratorTest.IsFillComplete(PlayersWorlds.Maps.Maze.SidewinderMazeGenerator,FullHeight,Auto,null)" methodname="IsFillComplete" classname="PlayersWorlds.Maps.Maze.MazeGeneratorTest" runstate="Runnable" seed="1736817133" result="Skipped" label="Ignored" start-time="2024-05-28T07:16:53.7319070Z" end-time="2024-05-28T07:16:53.7319570Z" duration="0.000049" asserts="0" />
                <test-case id="1-1775" name="IsFillComplete(PlayersWorlds.Maps.Maze.SidewinderMazeGenerator,FullHeight,Auto,System.Collections.Generic.List`1[PlayersWorlds.Maps.Area])" fullname="PlayersWorlds.Maps.Maze.MazeGeneratorTest.IsFillComplete(PlayersWorlds.Maps.Maze.SidewinderMazeGenerator,FullHeight,Auto,System.Collections.Generic.List`1[PlayersWorlds.Maps.Area])" methodname="IsFillComplete" classname="PlayersWorlds.Maps.Maze.MazeGeneratorTest" runstate="Runnable" seed="500748525" result="Skipped" label="Ignored" start-time="2024-05-28T07:16:53.7319620Z" end-time="2024-05-28T07:16:53.7320100Z" duration="0.000049" asserts="0" />
                <test-case id="1-1776" name="IsFillComplete(PlayersWorlds.Maps.Maze.SidewinderMazeGenerator,FullHeight,Auto,System.Collections.Generic.List`1[PlayersWorlds.Maps.Area])" fullname="PlayersWorlds.Maps.Maze.MazeGeneratorTest.IsFillComplete(PlayersWorlds.Maps.Maze.SidewinderMazeGenerator,FullHeight,Auto,System.Collections.Generic.List`1[PlayersWorlds.Maps.Area])" methodname="IsFillComplete" classname="PlayersWorlds.Maps.Maze.MazeGeneratorTest" runstate="Runnable" seed="2040643653" result="Skipped" label="Ignored" start-time="2024-05-28T07:16:53.7320150Z" end-time="2024-05-28T07:16:53.7320650Z" duration="0.000050" asserts="0" />
                <test-case id="1-1777" name="IsFillComplete(PlayersWorlds.Maps.Maze.SidewinderMazeGenerator,FullHeight,Auto,System.Collections.Generic.List`1[PlayersWorlds.Maps.Area])" fullname="PlayersWorlds.Maps.Maze.MazeGeneratorTest.IsFillComplete(PlayersWorlds.Maps.Maze.SidewinderMazeGenerator,FullHeight,Auto,System.Collections.Generic.List`1[PlayersWorlds.Maps.Area])" methodname="IsFillComplete" classname="PlayersWorlds.Maps.Maze.MazeGeneratorTest" runstate="Runnable" seed="1733305871" result="Skipped" label="Ignored" start-time="2024-05-28T07:16:53.7320710Z" end-time="2024-05-28T07:16:53.7321230Z" duration="0.000052" asserts="0" />
                <test-case id="1-1778" name="IsFillComplete(PlayersWorlds.Maps.Maze.SidewinderMazeGenerator,FullHeight,Auto,System.Collections.Generic.List`1[PlayersWorlds.Maps.Area])" fullname="PlayersWorlds.Maps.Maze.MazeGeneratorTest.IsFillComplete(PlayersWorlds.Maps.Maze.SidewinderMazeGenerator,FullHeight,Auto,System.Collections.Generic.List`1[PlayersWorlds.Maps.Area])" methodname="IsFillComplete" classname="PlayersWorlds.Maps.Maze.MazeGeneratorTest" runstate="Runnable" seed="1681375691" result="Skipped" label="Ignored" start-time="2024-05-28T07:16:53.7321280Z" end-time="2024-05-28T07:16:53.7321780Z" duration="0.000051" asserts="0" />
                <test-case id="1-1779" name="IsFillComplete(PlayersWorlds.Maps.Maze.SidewinderMazeGenerator,FullHeight,Auto,System.Collections.Generic.List`1[PlayersWorlds.Maps.Area])" fullname="PlayersWorlds.Maps.Maze.MazeGeneratorTest.IsFillComplete(PlayersWorlds.Maps.Maze.SidewinderMazeGenerator,FullHeight,Auto,System.Collections.Generic.List`1[PlayersWorlds.Maps.Area])" methodname="IsFillComplete" classname="PlayersWorlds.Maps.Maze.MazeGeneratorTest" runstate="Runnable" seed="1469082578" result="Skipped" label="Ignored" start-time="2024-05-28T07:16:53.7321840Z" end-time="2024-05-28T07:16:53.7322370Z" duration="0.000053" asserts="0" />
                <test-case id="1-1780" name="IsFillComplete(PlayersWorlds.Maps.Maze.SidewinderMazeGenerator,FullHeight,Manual,null)" fullname="PlayersWorlds.Maps.Maze.MazeGeneratorTest.IsFillComplete(PlayersWorlds.Maps.Maze.SidewinderMazeGenerator,FullHeight,Manual,null)" methodname="IsFillComplete" classname="PlayersWorlds.Maps.Maze.MazeGeneratorTest" runstate="Runnable" seed="919718618" result="Skipped" label="Ignored" start-time="2024-05-28T07:16:53.7322420Z" end-time="2024-05-28T07:16:53.7322910Z" duration="0.000050" asserts="0" />
                <test-case id="1-1781" name="IsFillComplete(PlayersWorlds.Maps.Maze.SidewinderMazeGenerator,FullHeight,Manual,System.Collections.Generic.List`1[PlayersWorlds.Maps.Area])" fullname="PlayersWorlds.Maps.Maze.MazeGeneratorTest.IsFillComplete(PlayersWorlds.Maps.Maze.SidewinderMazeGenerator,FullHeight,Manual,System.Collections.Generic.List`1[PlayersWorlds.Maps.Area])" methodname="IsFillComplete" classname="PlayersWorlds.Maps.Maze.MazeGeneratorTest" runstate="Runnable" seed="1252410309" result="Skipped" label="Ignored" start-time="2024-05-28T07:16:53.7322970Z" end-time="2024-05-28T07:16:53.7323460Z" duration="0.000049" asserts="0" />
                <test-case id="1-1782" name="IsFillComplete(PlayersWorlds.Maps.Maze.SidewinderMazeGenerator,FullHeight,Manual,System.Collections.Generic.List`1[PlayersWorlds.Maps.Area])" fullname="PlayersWorlds.Maps.Maze.MazeGeneratorTest.IsFillComplete(PlayersWorlds.Maps.Maze.SidewinderMazeGenerator,FullHeight,Manual,System.Collections.Generic.List`1[PlayersWorlds.Maps.Area])" methodname="IsFillComplete" classname="PlayersWorlds.Maps.Maze.MazeGeneratorTest" runstate="Runnable" seed="622891332" result="Skipped" label="Ignored" start-time="2024-05-28T07:16:53.7323510Z" end-time="2024-05-28T07:16:53.7324030Z" duration="0.000052" asserts="0" />
                <test-case id="1-1783" name="IsFillComplete(PlayersWorlds.Maps.Maze.SidewinderMazeGenerator,FullHeight,Manual,System.Collections.Generic.List`1[PlayersWorlds.Maps.Area])" fullname="PlayersWorlds.Maps.Maze.MazeGeneratorTest.IsFillComplete(PlayersWorlds.Maps.Maze.SidewinderMazeGenerator,FullHeight,Manual,System.Collections.Generic.List`1[PlayersWorlds.Maps.Area])" methodname="IsFillComplete" classname="PlayersWorlds.Maps.Maze.MazeGeneratorTest" runstate="Runnable" seed="1246997088" result="Skipped" label="Ignored" start-time="2024-05-28T07:16:53.7324080Z" end-time="2024-05-28T07:16:53.7324610Z" duration="0.000053" asserts="0" />
                <test-case id="1-1784" name="IsFillComplete(PlayersWorlds.Maps.Maze.SidewinderMazeGenerator,FullHeight,Manual,System.Collections.Generic.List`1[PlayersWorlds.Maps.Area])" fullname="PlayersWorlds.Maps.Maze.MazeGeneratorTest.IsFillComplete(PlayersWorlds.Maps.Maze.SidewinderMazeGenerator,FullHeight,Manual,System.Collections.Generic.List`1[PlayersWorlds.Maps.Area])" methodname="IsFillComplete" classname="PlayersWorlds.Maps.Maze.MazeGeneratorTest" runstate="Runnable" seed="557083122" result="Skipped" label="Ignored" start-time="2024-05-28T07:16:53.7324660Z" end-time="2024-05-28T07:16:53.7325190Z" duration="0.000053" asserts="0" />
                <test-case id="1-1785" name="IsFillComplete(PlayersWorlds.Maps.Maze.SidewinderMazeGenerator,FullHeight,Manual,System.Collections.Generic.List`1[PlayersWorlds.Maps.Area])" fullname="PlayersWorlds.Maps.Maze.MazeGeneratorTest.IsFillComplete(PlayersWorlds.Maps.Maze.SidewinderMazeGenerator,FullHeight,Manual,System.Collections.Generic.List`1[PlayersWorlds.Maps.Area])" methodname="IsFillComplete" classname="PlayersWorlds.Maps.Maze.MazeGeneratorTest" runstate="Runnable" seed="573443576" result="Skipped" label="Ignored" start-time="2024-05-28T07:16:53.7325240Z" end-time="2024-05-28T07:16:53.7325760Z" duration="0.000053" asserts="0" />
                <test-case id="1-1786" name="IsFillComplete(PlayersWorlds.Maps.Maze.SidewinderMazeGenerator,Full,Auto,null)" fullname="PlayersWorlds.Maps.Maze.MazeGeneratorTest.IsFillComplete(PlayersWorlds.Maps.Maze.SidewinderMazeGenerator,Full,Auto,null)" methodname="IsFillComplete" classname="PlayersWorlds.Maps.Maze.MazeGeneratorTest" runstate="Runnable" seed="690068275" result="Passed" start-time="2024-05-28T07:16:53.7325810Z" end-time="2024-05-28T07:16:53.7520370Z" duration="0.019456" asserts="5" />
                <test-case id="1-1787" name="IsFillComplete(PlayersWorlds.Maps.Maze.SidewinderMazeGenerator,Full,Auto,System.Collections.Generic.List`1[PlayersWorlds.Maps.Area])" fullname="PlayersWorlds.Maps.Maze.MazeGeneratorTest.IsFillComplete(PlayersWorlds.Maps.Maze.SidewinderMazeGenerator,Full,Auto,System.Collections.Generic.List`1[PlayersWorlds.Maps.Area])" methodname="IsFillComplete" classname="PlayersWorlds.Maps.Maze.MazeGeneratorTest" runstate="Runnable" seed="521899710" result="Passed" start-time="2024-05-28T07:16:53.7520460Z" end-time="2024-05-28T07:16:53.7662190Z" duration="0.014173" asserts="5" />
                <test-case id="1-1788" name="IsFillComplete(PlayersWorlds.Maps.Maze.SidewinderMazeGenerator,Full,Auto,System.Collections.Generic.List`1[PlayersWorlds.Maps.Area])" fullname="PlayersWorlds.Maps.Maze.MazeGeneratorTest.IsFillComplete(PlayersWorlds.Maps.Maze.SidewinderMazeGenerator,Full,Auto,System.Collections.Generic.List`1[PlayersWorlds.Maps.Area])" methodname="IsFillComplete" classname="PlayersWorlds.Maps.Maze.MazeGeneratorTest" runstate="Runnable" seed="1685055774" result="Passed" start-time="2024-05-28T07:16:53.7662280Z" end-time="2024-05-28T07:16:53.7916690Z" duration="0.025441" asserts="5" />
                <test-case id="1-1789" name="IsFillComplete(PlayersWorlds.Maps.Maze.SidewinderMazeGenerator,Full,Auto,System.Collections.Generic.List`1[PlayersWorlds.Maps.Area])" fullname="PlayersWorlds.Maps.Maze.MazeGeneratorTest.IsFillComplete(PlayersWorlds.Maps.Maze.SidewinderMazeGenerator,Full,Auto,System.Collections.Generic.List`1[PlayersWorlds.Maps.Area])" methodname="IsFillComplete" classname="PlayersWorlds.Maps.Maze.MazeGeneratorTest" runstate="Runnable" seed="1918816045" result="Passed" start-time="2024-05-28T07:16:53.7916810Z" end-time="2024-05-28T07:16:53.8153090Z" duration="0.023628" asserts="5" />
                <test-case id="1-1790" name="IsFillComplete(PlayersWorlds.Maps.Maze.SidewinderMazeGenerator,Full,Auto,System.Collections.Generic.List`1[PlayersWorlds.Maps.Area])" fullname="PlayersWorlds.Maps.Maze.MazeGeneratorTest.IsFillComplete(PlayersWorlds.Maps.Maze.SidewinderMazeGenerator,Full,Auto,System.Collections.Generic.List`1[PlayersWorlds.Maps.Area])" methodname="IsFillComplete" classname="PlayersWorlds.Maps.Maze.MazeGeneratorTest" runstate="Runnable" seed="1033221217" result="Passed" start-time="2024-05-28T07:16:53.8153210Z" end-time="2024-05-28T07:16:53.8324060Z" duration="0.017086" asserts="5" />
                <test-case id="1-1791" name="IsFillComplete(PlayersWorlds.Maps.Maze.SidewinderMazeGenerator,Full,Auto,System.Collections.Generic.List`1[PlayersWorlds.Maps.Area])" fullname="PlayersWorlds.Maps.Maze.MazeGeneratorTest.IsFillComplete(PlayersWorlds.Maps.Maze.SidewinderMazeGenerator,Full,Auto,System.Collections.Generic.List`1[PlayersWorlds.Maps.Area])" methodname="IsFillComplete" classname="PlayersWorlds.Maps.Maze.MazeGeneratorTest" runstate="Runnable" seed="1591940657" result="Passed" start-time="2024-05-28T07:16:53.8324170Z" end-time="2024-05-28T07:16:53.8613230Z" duration="0.028906" asserts="5" />
                <test-case id="1-1792" name="IsFillComplete(PlayersWorlds.Maps.Maze.SidewinderMazeGenerator,Full,Manual,null)" fullname="PlayersWorlds.Maps.Maze.MazeGeneratorTest.IsFillComplete(PlayersWorlds.Maps.Maze.SidewinderMazeGenerator,Full,Manual,null)" methodname="IsFillComplete" classname="PlayersWorlds.Maps.Maze.MazeGeneratorTest" runstate="Runnable" seed="214285755" result="Passed" start-time="2024-05-28T07:16:53.8613350Z" end-time="2024-05-28T07:16:53.8654140Z" duration="0.004079" asserts="5" />
                <test-case id="1-1793" name="IsFillComplete(PlayersWorlds.Maps.Maze.SidewinderMazeGenerator,Full,Manual,System.Collections.Generic.List`1[PlayersWorlds.Maps.Area])" fullname="PlayersWorlds.Maps.Maze.MazeGeneratorTest.IsFillComplete(PlayersWorlds.Maps.Maze.SidewinderMazeGenerator,Full,Manual,System.Collections.Generic.List`1[PlayersWorlds.Maps.Area])" methodname="IsFillComplete" classname="PlayersWorlds.Maps.Maze.MazeGeneratorTest" runstate="Runnable" seed="899044630" result="Passed" start-time="2024-05-28T07:16:53.8654250Z" end-time="2024-05-28T07:16:53.8694610Z" duration="0.004036" asserts="5" />
                <test-case id="1-1794" name="IsFillComplete(PlayersWorlds.Maps.Maze.SidewinderMazeGenerator,Full,Manual,System.Collections.Generic.List`1[PlayersWorlds.Maps.Area])" fullname="PlayersWorlds.Maps.Maze.MazeGeneratorTest.IsFillComplete(PlayersWorlds.Maps.Maze.SidewinderMazeGenerator,Full,Manual,System.Collections.Generic.List`1[PlayersWorlds.Maps.Area])" methodname="IsFillComplete" classname="PlayersWorlds.Maps.Maze.MazeGeneratorTest" runstate="Runnable" seed="367902290" result="Passed" start-time="2024-05-28T07:16:53.8694720Z" end-time="2024-05-28T07:16:53.8752660Z" duration="0.005794" asserts="5" />
                <test-case id="1-1795" name="IsFillComplete(PlayersWorlds.Maps.Maze.SidewinderMazeGenerator,Full,Manual,System.Collections.Generic.List`1[PlayersWorlds.Maps.Area])" fullname="PlayersWorlds.Maps.Maze.MazeGeneratorTest.IsFillComplete(PlayersWorlds.Maps.Maze.SidewinderMazeGenerator,Full,Manual,System.Collections.Generic.List`1[PlayersWorlds.Maps.Area])" methodname="IsFillComplete" classname="PlayersWorlds.Maps.Maze.MazeGeneratorTest" runstate="Runnable" seed="845001667" result="Passed" start-time="2024-05-28T07:16:53.8752770Z" end-time="2024-05-28T07:16:53.8814260Z" duration="0.006149" asserts="5" />
                <test-case id="1-1796" name="IsFillComplete(PlayersWorlds.Maps.Maze.SidewinderMazeGenerator,Full,Manual,System.Collections.Generic.List`1[PlayersWorlds.Maps.Area])" fullname="PlayersWorlds.Maps.Maze.MazeGeneratorTest.IsFillComplete(PlayersWorlds.Maps.Maze.SidewinderMazeGenerator,Full,Manual,System.Collections.Generic.List`1[PlayersWorlds.Maps.Area])" methodname="IsFillComplete" classname="PlayersWorlds.Maps.Maze.MazeGeneratorTest" runstate="Runnable" seed="1835687193" result="Passed" start-time="2024-05-28T07:16:53.8814370Z" end-time="2024-05-28T07:16:53.8938660Z" duration="0.012429" asserts="5" />
                <test-case id="1-1797" name="IsFillComplete(PlayersWorlds.Maps.Maze.SidewinderMazeGenerator,Full,Manual,System.Collections.Generic.List`1[PlayersWorlds.Maps.Area])" fullname="PlayersWorlds.Maps.Maze.MazeGeneratorTest.IsFillComplete(PlayersWorlds.Maps.Maze.SidewinderMazeGenerator,Full,Manual,System.Collections.Generic.List`1[PlayersWorlds.Maps.Area])" methodname="IsFillComplete" classname="PlayersWorlds.Maps.Maze.MazeGeneratorTest" runstate="Runnable" seed="995351349" result="Passed" start-time="2024-05-28T07:16:53.8938770Z" end-time="2024-05-28T07:16:53.9062820Z" duration="0.012406" asserts="5" />
                <test-case id="1-1798" name="IsFillComplete(PlayersWorlds.Maps.Maze.WilsonsMazeGenerator,Quarter,Auto,null)" fullname="PlayersWorlds.Maps.Maze.MazeGeneratorTest.IsFillComplete(PlayersWorlds.Maps.Maze.WilsonsMazeGenerator,Quarter,Auto,null)" methodname="IsFillComplete" classname="PlayersWorlds.Maps.Maze.MazeGeneratorTest" runstate="Runnable" seed="371123605" result="Passed" start-time="2024-05-28T07:16:53.9062940Z" end-time="2024-05-28T07:16:53.9142520Z" duration="0.007958" asserts="5" />
                <test-case id="1-1799" name="IsFillComplete(PlayersWorlds.Maps.Maze.WilsonsMazeGenerator,Quarter,Auto,System.Collections.Generic.List`1[PlayersWorlds.Maps.Area])" fullname="PlayersWorlds.Maps.Maze.MazeGeneratorTest.IsFillComplete(PlayersWorlds.Maps.Maze.WilsonsMazeGenerator,Quarter,Auto,System.Collections.Generic.List`1[PlayersWorlds.Maps.Area])" methodname="IsFillComplete" classname="PlayersWorlds.Maps.Maze.MazeGeneratorTest" runstate="Runnable" seed="689421634" result="Passed" start-time="2024-05-28T07:16:53.9142630Z" end-time="2024-05-28T07:16:53.9367200Z" duration="0.022457" asserts="5" />
                <test-case id="1-1800" name="IsFillComplete(PlayersWorlds.Maps.Maze.WilsonsMazeGenerator,Quarter,Auto,System.Collections.Generic.List`1[PlayersWorlds.Maps.Area])" fullname="PlayersWorlds.Maps.Maze.MazeGeneratorTest.IsFillComplete(PlayersWorlds.Maps.Maze.WilsonsMazeGenerator,Quarter,Auto,System.Collections.Generic.List`1[PlayersWorlds.Maps.Area])" methodname="IsFillComplete" classname="PlayersWorlds.Maps.Maze.MazeGeneratorTest" runstate="Runnable" seed="1536444954" result="Passed" start-time="2024-05-28T07:16:53.9367320Z" end-time="2024-05-28T07:16:53.9531990Z" duration="0.016467" asserts="5" />
                <test-case id="1-1801" name="IsFillComplete(PlayersWorlds.Maps.Maze.WilsonsMazeGenerator,Quarter,Auto,System.Collections.Generic.List`1[PlayersWorlds.Maps.Area])" fullname="PlayersWorlds.Maps.Maze.MazeGeneratorTest.IsFillComplete(PlayersWorlds.Maps.Maze.WilsonsMazeGenerator,Quarter,Auto,System.Collections.Generic.List`1[PlayersWorlds.Maps.Area])" methodname="IsFillComplete" classname="PlayersWorlds.Maps.Maze.MazeGeneratorTest" runstate="Runnable" seed="2122321569" result="Passed" start-time="2024-05-28T07:16:53.9532100Z" end-time="2024-05-28T07:16:53.9757830Z" duration="0.022573" asserts="5" />
                <test-case id="1-1802" name="IsFillComplete(PlayersWorlds.Maps.Maze.WilsonsMazeGenerator,Quarter,Auto,System.Collections.Generic.List`1[PlayersWorlds.Maps.Area])" fullname="PlayersWorlds.Maps.Maze.MazeGeneratorTest.IsFillComplete(PlayersWorlds.Maps.Maze.WilsonsMazeGenerator,Quarter,Auto,System.Collections.Generic.List`1[PlayersWorlds.Maps.Area])" methodname="IsFillComplete" classname="PlayersWorlds.Maps.Maze.MazeGeneratorTest" runstate="Runnable" seed="196059606" result="Passed" start-time="2024-05-28T07:16:53.9757950Z" end-time="2024-05-28T07:16:53.9981280Z" duration="0.022334" asserts="5" />
                <test-case id="1-1803" name="IsFillComplete(PlayersWorlds.Maps.Maze.WilsonsMazeGenerator,Quarter,Auto,System.Collections.Generic.List`1[PlayersWorlds.Maps.Area])" fullname="PlayersWorlds.Maps.Maze.MazeGeneratorTest.IsFillComplete(PlayersWorlds.Maps.Maze.WilsonsMazeGenerator,Quarter,Auto,System.Collections.Generic.List`1[PlayersWorlds.Maps.Area])" methodname="IsFillComplete" classname="PlayersWorlds.Maps.Maze.MazeGeneratorTest" runstate="Runnable" seed="118178209" result="Passed" start-time="2024-05-28T07:16:53.9981400Z" end-time="2024-05-28T07:16:54.0201600Z" duration="0.022020" asserts="5" />
                <test-case id="1-1804" name="IsFillComplete(PlayersWorlds.Maps.Maze.WilsonsMazeGenerator,Quarter,Manual,null)" fullname="PlayersWorlds.Maps.Maze.MazeGeneratorTest.IsFillComplete(PlayersWorlds.Maps.Maze.WilsonsMazeGenerator,Quarter,Manual,null)" methodname="IsFillComplete" classname="PlayersWorlds.Maps.Maze.MazeGeneratorTest" runstate="Runnable" seed="554579299" result="Passed" start-time="2024-05-28T07:16:54.0201710Z" end-time="2024-05-28T07:16:54.0231890Z" duration="0.003018" asserts="5" />
                <test-case id="1-1805" name="IsFillComplete(PlayersWorlds.Maps.Maze.WilsonsMazeGenerator,Quarter,Manual,System.Collections.Generic.List`1[PlayersWorlds.Maps.Area])" fullname="PlayersWorlds.Maps.Maze.MazeGeneratorTest.IsFillComplete(PlayersWorlds.Maps.Maze.WilsonsMazeGenerator,Quarter,Manual,System.Collections.Generic.List`1[PlayersWorlds.Maps.Area])" methodname="IsFillComplete" classname="PlayersWorlds.Maps.Maze.MazeGeneratorTest" runstate="Runnable" seed="45435556" result="Passed" start-time="2024-05-28T07:16:54.0231990Z" end-time="2024-05-28T07:16:54.0265900Z" duration="0.003391" asserts="5" />
                <test-case id="1-1806" name="IsFillComplete(PlayersWorlds.Maps.Maze.WilsonsMazeGenerator,Quarter,Manual,System.Collections.Generic.List`1[PlayersWorlds.Maps.Area])" fullname="PlayersWorlds.Maps.Maze.MazeGeneratorTest.IsFillComplete(PlayersWorlds.Maps.Maze.WilsonsMazeGenerator,Quarter,Manual,System.Collections.Generic.List`1[PlayersWorlds.Maps.Area])" methodname="IsFillComplete" classname="PlayersWorlds.Maps.Maze.MazeGeneratorTest" runstate="Runnable" seed="1764430489" result="Passed" start-time="2024-05-28T07:16:54.0266000Z" end-time="2024-05-28T07:16:54.0316310Z" duration="0.005031" asserts="5" />
                <test-case id="1-1807" name="IsFillComplete(PlayersWorlds.Maps.Maze.WilsonsMazeGenerator,Quarter,Manual,System.Collections.Generic.List`1[PlayersWorlds.Maps.Area])" fullname="PlayersWorlds.Maps.Maze.MazeGeneratorTest.IsFillComplete(PlayersWorlds.Maps.Maze.WilsonsMazeGenerator,Quarter,Manual,System.Collections.Generic.List`1[PlayersWorlds.Maps.Area])" methodname="IsFillComplete" classname="PlayersWorlds.Maps.Maze.MazeGeneratorTest" runstate="Runnable" seed="318783414" result="Passed" start-time="2024-05-28T07:16:54.0316420Z" end-time="2024-05-28T07:16:54.0369750Z" duration="0.005333" asserts="5" />
                <test-case id="1-1808" name="IsFillComplete(PlayersWorlds.Maps.Maze.WilsonsMazeGenerator,Quarter,Manual,System.Collections.Generic.List`1[PlayersWorlds.Maps.Area])" fullname="PlayersWorlds.Maps.Maze.MazeGeneratorTest.IsFillComplete(PlayersWorlds.Maps.Maze.WilsonsMazeGenerator,Quarter,Manual,System.Collections.Generic.List`1[PlayersWorlds.Maps.Area])" methodname="IsFillComplete" classname="PlayersWorlds.Maps.Maze.MazeGeneratorTest" runstate="Runnable" seed="1398762102" result="Passed" start-time="2024-05-28T07:16:54.0369860Z" end-time="2024-05-28T07:16:54.0481590Z" duration="0.011173" asserts="5" />
                <test-case id="1-1809" name="IsFillComplete(PlayersWorlds.Maps.Maze.WilsonsMazeGenerator,Quarter,Manual,System.Collections.Generic.List`1[PlayersWorlds.Maps.Area])" fullname="PlayersWorlds.Maps.Maze.MazeGeneratorTest.IsFillComplete(PlayersWorlds.Maps.Maze.WilsonsMazeGenerator,Quarter,Manual,System.Collections.Generic.List`1[PlayersWorlds.Maps.Area])" methodname="IsFillComplete" classname="PlayersWorlds.Maps.Maze.MazeGeneratorTest" runstate="Runnable" seed="1709252407" result="Passed" start-time="2024-05-28T07:16:54.0481700Z" end-time="2024-05-28T07:16:54.0599140Z" duration="0.011744" asserts="5" />
                <test-case id="1-1810" name="IsFillComplete(PlayersWorlds.Maps.Maze.WilsonsMazeGenerator,Half,Auto,null)" fullname="PlayersWorlds.Maps.Maze.MazeGeneratorTest.IsFillComplete(PlayersWorlds.Maps.Maze.WilsonsMazeGenerator,Half,Auto,null)" methodname="IsFillComplete" classname="PlayersWorlds.Maps.Maze.MazeGeneratorTest" runstate="Runnable" seed="1582944625" result="Passed" start-time="2024-05-28T07:16:54.0599250Z" end-time="2024-05-28T07:16:54.0767990Z" duration="0.016874" asserts="5" />
                <test-case id="1-1811" name="IsFillComplete(PlayersWorlds.Maps.Maze.WilsonsMazeGenerator,Half,Auto,System.Collections.Generic.List`1[PlayersWorlds.Maps.Area])" fullname="PlayersWorlds.Maps.Maze.MazeGeneratorTest.IsFillComplete(PlayersWorlds.Maps.Maze.WilsonsMazeGenerator,Half,Auto,System.Collections.Generic.List`1[PlayersWorlds.Maps.Area])" methodname="IsFillComplete" classname="PlayersWorlds.Maps.Maze.MazeGeneratorTest" runstate="Runnable" seed="25062664" result="Passed" start-time="2024-05-28T07:16:54.0768100Z" end-time="2024-05-28T07:16:54.0991480Z" duration="0.022338" asserts="5" />
                <test-case id="1-1812" name="IsFillComplete(PlayersWorlds.Maps.Maze.WilsonsMazeGenerator,Half,Auto,System.Collections.Generic.List`1[PlayersWorlds.Maps.Area])" fullname="PlayersWorlds.Maps.Maze.MazeGeneratorTest.IsFillComplete(PlayersWorlds.Maps.Maze.WilsonsMazeGenerator,Half,Auto,System.Collections.Generic.List`1[PlayersWorlds.Maps.Area])" methodname="IsFillComplete" classname="PlayersWorlds.Maps.Maze.MazeGeneratorTest" runstate="Runnable" seed="2081192336" result="Passed" start-time="2024-05-28T07:16:54.0991600Z" end-time="2024-05-28T07:16:54.1168550Z" duration="0.017695" asserts="5" />
                <test-case id="1-1813" name="IsFillComplete(PlayersWorlds.Maps.Maze.WilsonsMazeGenerator,Half,Auto,System.Collections.Generic.List`1[PlayersWorlds.Maps.Area])" fullname="PlayersWorlds.Maps.Maze.MazeGeneratorTest.IsFillComplete(PlayersWorlds.Maps.Maze.WilsonsMazeGenerator,Half,Auto,System.Collections.Generic.List`1[PlayersWorlds.Maps.Area])" methodname="IsFillComplete" classname="PlayersWorlds.Maps.Maze.MazeGeneratorTest" runstate="Runnable" seed="1927749801" result="Passed" start-time="2024-05-28T07:16:54.1168660Z" end-time="2024-05-28T07:16:54.1404810Z" duration="0.023616" asserts="5" />
                <test-case id="1-1814" name="IsFillComplete(PlayersWorlds.Maps.Maze.WilsonsMazeGenerator,Half,Auto,System.Collections.Generic.List`1[PlayersWorlds.Maps.Area])" fullname="PlayersWorlds.Maps.Maze.MazeGeneratorTest.IsFillComplete(PlayersWorlds.Maps.Maze.WilsonsMazeGenerator,Half,Auto,System.Collections.Generic.List`1[PlayersWorlds.Maps.Area])" methodname="IsFillComplete" classname="PlayersWorlds.Maps.Maze.MazeGeneratorTest" runstate="Runnable" seed="246195033" result="Passed" start-time="2024-05-28T07:16:54.1404930Z" end-time="2024-05-28T07:16:54.1728800Z" duration="0.032387" asserts="5" />
                <test-case id="1-1815" name="IsFillComplete(PlayersWorlds.Maps.Maze.WilsonsMazeGenerator,Half,Auto,System.Collections.Generic.List`1[PlayersWorlds.Maps.Area])" fullname="PlayersWorlds.Maps.Maze.MazeGeneratorTest.IsFillComplete(PlayersWorlds.Maps.Maze.WilsonsMazeGenerator,Half,Auto,System.Collections.Generic.List`1[PlayersWorlds.Maps.Area])" methodname="IsFillComplete" classname="PlayersWorlds.Maps.Maze.MazeGeneratorTest" runstate="Runnable" seed="10831407" result="Passed" start-time="2024-05-28T07:16:54.1729020Z" end-time="2024-05-28T07:16:54.1950070Z" duration="0.022105" asserts="5" />
                <test-case id="1-1816" name="IsFillComplete(PlayersWorlds.Maps.Maze.WilsonsMazeGenerator,Half,Manual,null)" fullname="PlayersWorlds.Maps.Maze.MazeGeneratorTest.IsFillComplete(PlayersWorlds.Maps.Maze.WilsonsMazeGenerator,Half,Manual,null)" methodname="IsFillComplete" classname="PlayersWorlds.Maps.Maze.MazeGeneratorTest" runstate="Runnable" seed="1634473841" result="Passed" start-time="2024-05-28T07:16:54.1950190Z" end-time="2024-05-28T07:16:54.1985290Z" duration="0.003510" asserts="5" />
                <test-case id="1-1817" name="IsFillComplete(PlayersWorlds.Maps.Maze.WilsonsMazeGenerator,Half,Manual,System.Collections.Generic.List`1[PlayersWorlds.Maps.Area])" fullname="PlayersWorlds.Maps.Maze.MazeGeneratorTest.IsFillComplete(PlayersWorlds.Maps.Maze.WilsonsMazeGenerator,Half,Manual,System.Collections.Generic.List`1[PlayersWorlds.Maps.Area])" methodname="IsFillComplete" classname="PlayersWorlds.Maps.Maze.MazeGeneratorTest" runstate="Runnable" seed="407887125" result="Passed" start-time="2024-05-28T07:16:54.1985400Z" end-time="2024-05-28T07:16:54.2014250Z" duration="0.002885" asserts="5" />
                <test-case id="1-1818" name="IsFillComplete(PlayersWorlds.Maps.Maze.WilsonsMazeGenerator,Half,Manual,System.Collections.Generic.List`1[PlayersWorlds.Maps.Area])" fullname="PlayersWorlds.Maps.Maze.MazeGeneratorTest.IsFillComplete(PlayersWorlds.Maps.Maze.WilsonsMazeGenerator,Half,Manual,System.Collections.Generic.List`1[PlayersWorlds.Maps.Area])" methodname="IsFillComplete" classname="PlayersWorlds.Maps.Maze.MazeGeneratorTest" runstate="Runnable" seed="1311962706" result="Passed" start-time="2024-05-28T07:16:54.2014350Z" end-time="2024-05-28T07:16:54.2066240Z" duration="0.005190" asserts="5" />
                <test-case id="1-1819" name="IsFillComplete(PlayersWorlds.Maps.Maze.WilsonsMazeGenerator,Half,Manual,System.Collections.Generic.List`1[PlayersWorlds.Maps.Area])" fullname="PlayersWorlds.Maps.Maze.MazeGeneratorTest.IsFillComplete(PlayersWorlds.Maps.Maze.WilsonsMazeGenerator,Half,Manual,System.Collections.Generic.List`1[PlayersWorlds.Maps.Area])" methodname="IsFillComplete" classname="PlayersWorlds.Maps.Maze.MazeGeneratorTest" runstate="Runnable" seed="442986930" result="Passed" start-time="2024-05-28T07:16:54.2066360Z" end-time="2024-05-28T07:16:54.2123020Z" duration="0.005666" asserts="5" />
                <test-case id="1-1820" name="IsFillComplete(PlayersWorlds.Maps.Maze.WilsonsMazeGenerator,Half,Manual,System.Collections.Generic.List`1[PlayersWorlds.Maps.Area])" fullname="PlayersWorlds.Maps.Maze.MazeGeneratorTest.IsFillComplete(PlayersWorlds.Maps.Maze.WilsonsMazeGenerator,Half,Manual,System.Collections.Generic.List`1[PlayersWorlds.Maps.Area])" methodname="IsFillComplete" classname="PlayersWorlds.Maps.Maze.MazeGeneratorTest" runstate="Runnable" seed="145409772" result="Passed" start-time="2024-05-28T07:16:54.2123130Z" end-time="2024-05-28T07:16:54.2242010Z" duration="0.011888" asserts="5" />
                <test-case id="1-1821" name="IsFillComplete(PlayersWorlds.Maps.Maze.WilsonsMazeGenerator,Half,Manual,System.Collections.Generic.List`1[PlayersWorlds.Maps.Area])" fullname="PlayersWorlds.Maps.Maze.MazeGeneratorTest.IsFillComplete(PlayersWorlds.Maps.Maze.WilsonsMazeGenerator,Half,Manual,System.Collections.Generic.List`1[PlayersWorlds.Maps.Area])" methodname="IsFillComplete" classname="PlayersWorlds.Maps.Maze.MazeGeneratorTest" runstate="Runnable" seed="1960029508" result="Passed" start-time="2024-05-28T07:16:54.2242130Z" end-time="2024-05-28T07:16:54.2357190Z" duration="0.011506" asserts="5" />
                <test-case id="1-1822" name="IsFillComplete(PlayersWorlds.Maps.Maze.WilsonsMazeGenerator,ThreeQuarters,Auto,null)" fullname="PlayersWorlds.Maps.Maze.MazeGeneratorTest.IsFillComplete(PlayersWorlds.Maps.Maze.WilsonsMazeGenerator,ThreeQuarters,Auto,null)" methodname="IsFillComplete" classname="PlayersWorlds.Maps.Maze.MazeGeneratorTest" runstate="Runnable" seed="1954832924" result="Passed" start-time="2024-05-28T07:16:54.2357300Z" end-time="2024-05-28T07:16:54.2416640Z" duration="0.005934" asserts="5" />
                <test-case id="1-1823" name="IsFillComplete(PlayersWorlds.Maps.Maze.WilsonsMazeGenerator,ThreeQuarters,Auto,System.Collections.Generic.List`1[PlayersWorlds.Maps.Area])" fullname="PlayersWorlds.Maps.Maze.MazeGeneratorTest.IsFillComplete(PlayersWorlds.Maps.Maze.WilsonsMazeGenerator,ThreeQuarters,Auto,System.Collections.Generic.List`1[PlayersWorlds.Maps.Area])" methodname="IsFillComplete" classname="PlayersWorlds.Maps.Maze.MazeGeneratorTest" runstate="Runnable" seed="1446170127" result="Passed" start-time="2024-05-28T07:16:54.2416760Z" end-time="2024-05-28T07:16:54.2593360Z" duration="0.017660" asserts="5" />
                <test-case id="1-1824" name="IsFillComplete(PlayersWorlds.Maps.Maze.WilsonsMazeGenerator,ThreeQuarters,Auto,System.Collections.Generic.List`1[PlayersWorlds.Maps.Area])" fullname="PlayersWorlds.Maps.Maze.MazeGeneratorTest.IsFillComplete(PlayersWorlds.Maps.Maze.WilsonsMazeGenerator,ThreeQuarters,Auto,System.Collections.Generic.List`1[PlayersWorlds.Maps.Area])" methodname="IsFillComplete" classname="PlayersWorlds.Maps.Maze.MazeGeneratorTest" runstate="Runnable" seed="1574859585" result="Passed" start-time="2024-05-28T07:16:54.2593570Z" end-time="2024-05-28T07:16:54.2754720Z" duration="0.016115" asserts="5" />
                <test-case id="1-1825" name="IsFillComplete(PlayersWorlds.Maps.Maze.WilsonsMazeGenerator,ThreeQuarters,Auto,System.Collections.Generic.List`1[PlayersWorlds.Maps.Area])" fullname="PlayersWorlds.Maps.Maze.MazeGeneratorTest.IsFillComplete(PlayersWorlds.Maps.Maze.WilsonsMazeGenerator,ThreeQuarters,Auto,System.Collections.Generic.List`1[PlayersWorlds.Maps.Area])" methodname="IsFillComplete" classname="PlayersWorlds.Maps.Maze.MazeGeneratorTest" runstate="Runnable" seed="360787978" result="Passed" start-time="2024-05-28T07:16:54.2754840Z" end-time="2024-05-28T07:16:54.2878080Z" duration="0.012324" asserts="5" />
                <test-case id="1-1826" name="IsFillComplete(PlayersWorlds.Maps.Maze.WilsonsMazeGenerator,ThreeQuarters,Auto,System.Collections.Generic.List`1[PlayersWorlds.Maps.Area])" fullname="PlayersWorlds.Maps.Maze.MazeGeneratorTest.IsFillComplete(PlayersWorlds.Maps.Maze.WilsonsMazeGenerator,ThreeQuarters,Auto,System.Collections.Generic.List`1[PlayersWorlds.Maps.Area])" methodname="IsFillComplete" classname="PlayersWorlds.Maps.Maze.MazeGeneratorTest" runstate="Runnable" seed="1446000544" result="Passed" start-time="2024-05-28T07:16:54.2878200Z" end-time="2024-05-28T07:16:54.3242320Z" duration="0.036412" asserts="5" />
                <test-case id="1-1827" name="IsFillComplete(PlayersWorlds.Maps.Maze.WilsonsMazeGenerator,ThreeQuarters,Auto,System.Collections.Generic.List`1[PlayersWorlds.Maps.Area])" fullname="PlayersWorlds.Maps.Maze.MazeGeneratorTest.IsFillComplete(PlayersWorlds.Maps.Maze.WilsonsMazeGenerator,ThreeQuarters,Auto,System.Collections.Generic.List`1[PlayersWorlds.Maps.Area])" methodname="IsFillComplete" classname="PlayersWorlds.Maps.Maze.MazeGeneratorTest" runstate="Runnable" seed="742141383" result="Passed" start-time="2024-05-28T07:16:54.3242430Z" end-time="2024-05-28T07:16:54.3414970Z" duration="0.017254" asserts="5" />
                <test-case id="1-1828" name="IsFillComplete(PlayersWorlds.Maps.Maze.WilsonsMazeGenerator,ThreeQuarters,Manual,null)" fullname="PlayersWorlds.Maps.Maze.MazeGeneratorTest.IsFillComplete(PlayersWorlds.Maps.Maze.WilsonsMazeGenerator,ThreeQuarters,Manual,null)" methodname="IsFillComplete" classname="PlayersWorlds.Maps.Maze.MazeGeneratorTest" runstate="Runnable" seed="1657702264" result="Passed" start-time="2024-05-28T07:16:54.3415080Z" end-time="2024-05-28T07:16:54.3444060Z" duration="0.002898" asserts="5" />
                <test-case id="1-1829" name="IsFillComplete(PlayersWorlds.Maps.Maze.WilsonsMazeGenerator,ThreeQuarters,Manual,System.Collections.Generic.List`1[PlayersWorlds.Maps.Area])" fullname="PlayersWorlds.Maps.Maze.MazeGeneratorTest.IsFillComplete(PlayersWorlds.Maps.Maze.WilsonsMazeGenerator,ThreeQuarters,Manual,System.Collections.Generic.List`1[PlayersWorlds.Maps.Area])" methodname="IsFillComplete" classname="PlayersWorlds.Maps.Maze.MazeGeneratorTest" runstate="Runnable" seed="891815466" result="Passed" start-time="2024-05-28T07:16:54.3444160Z" end-time="2024-05-28T07:16:54.3481030Z" duration="0.003687" asserts="5" />
                <test-case id="1-1830" name="IsFillComplete(PlayersWorlds.Maps.Maze.WilsonsMazeGenerator,ThreeQuarters,Manual,System.Collections.Generic.List`1[PlayersWorlds.Maps.Area])" fullname="PlayersWorlds.Maps.Maze.MazeGeneratorTest.IsFillComplete(PlayersWorlds.Maps.Maze.WilsonsMazeGenerator,ThreeQuarters,Manual,System.Collections.Generic.List`1[PlayersWorlds.Maps.Area])" methodname="IsFillComplete" classname="PlayersWorlds.Maps.Maze.MazeGeneratorTest" runstate="Runnable" seed="812544979" result="Passed" start-time="2024-05-28T07:16:54.3481140Z" end-time="2024-05-28T07:16:54.3537670Z" duration="0.005653" asserts="5" />
                <test-case id="1-1831" name="IsFillComplete(PlayersWorlds.Maps.Maze.WilsonsMazeGenerator,ThreeQuarters,Manual,System.Collections.Generic.List`1[PlayersWorlds.Maps.Area])" fullname="PlayersWorlds.Maps.Maze.MazeGeneratorTest.IsFillComplete(PlayersWorlds.Maps.Maze.WilsonsMazeGenerator,ThreeQuarters,Manual,System.Collections.Generic.List`1[PlayersWorlds.Maps.Area])" methodname="IsFillComplete" classname="PlayersWorlds.Maps.Maze.MazeGeneratorTest" runstate="Runnable" seed="1045292304" result="Passed" start-time="2024-05-28T07:16:54.3537860Z" end-time="2024-05-28T07:16:54.3597080Z" duration="0.005922" asserts="5" />
                <test-case id="1-1832" name="IsFillComplete(PlayersWorlds.Maps.Maze.WilsonsMazeGenerator,ThreeQuarters,Manual,System.Collections.Generic.List`1[PlayersWorlds.Maps.Area])" fullname="PlayersWorlds.Maps.Maze.MazeGeneratorTest.IsFillComplete(PlayersWorlds.Maps.Maze.WilsonsMazeGenerator,ThreeQuarters,Manual,System.Collections.Generic.List`1[PlayersWorlds.Maps.Area])" methodname="IsFillComplete" classname="PlayersWorlds.Maps.Maze.MazeGeneratorTest" runstate="Runnable" seed="1362182266" result="Passed" start-time="2024-05-28T07:16:54.3597200Z" end-time="2024-05-28T07:16:54.3726110Z" duration="0.012891" asserts="5" />
                <test-case id="1-1833" name="IsFillComplete(PlayersWorlds.Maps.Maze.WilsonsMazeGenerator,ThreeQuarters,Manual,System.Collections.Generic.List`1[PlayersWorlds.Maps.Area])" fullname="PlayersWorlds.Maps.Maze.MazeGeneratorTest.IsFillComplete(PlayersWorlds.Maps.Maze.WilsonsMazeGenerator,ThreeQuarters,Manual,System.Collections.Generic.List`1[PlayersWorlds.Maps.Area])" methodname="IsFillComplete" classname="PlayersWorlds.Maps.Maze.MazeGeneratorTest" runstate="Runnable" seed="991954057" result="Passed" start-time="2024-05-28T07:16:54.3726220Z" end-time="2024-05-28T07:16:54.3838010Z" duration="0.011179" asserts="5" />
                <test-case id="1-1834" name="IsFillComplete(PlayersWorlds.Maps.Maze.WilsonsMazeGenerator,NinetyPercent,Auto,null)" fullname="PlayersWorlds.Maps.Maze.MazeGeneratorTest.IsFillComplete(PlayersWorlds.Maps.Maze.WilsonsMazeGenerator,NinetyPercent,Auto,null)" methodname="IsFillComplete" classname="PlayersWorlds.Maps.Maze.MazeGeneratorTest" runstate="Runnable" seed="2080121271" result="Passed" start-time="2024-05-28T07:16:54.3838120Z" end-time="2024-05-28T07:16:54.3960530Z" duration="0.012241" asserts="5" />
                <test-case id="1-1835" name="IsFillComplete(PlayersWorlds.Maps.Maze.WilsonsMazeGenerator,NinetyPercent,Auto,System.Collections.Generic.List`1[PlayersWorlds.Maps.Area])" fullname="PlayersWorlds.Maps.Maze.MazeGeneratorTest.IsFillComplete(PlayersWorlds.Maps.Maze.WilsonsMazeGenerator,NinetyPercent,Auto,System.Collections.Generic.List`1[PlayersWorlds.Maps.Area])" methodname="IsFillComplete" classname="PlayersWorlds.Maps.Maze.MazeGeneratorTest" runstate="Runnable" seed="944880696" result="Passed" start-time="2024-05-28T07:16:54.3960650Z" end-time="2024-05-28T07:16:54.4133860Z" duration="0.017322" asserts="5" />
                <test-case id="1-1836" name="IsFillComplete(PlayersWorlds.Maps.Maze.WilsonsMazeGenerator,NinetyPercent,Auto,System.Collections.Generic.List`1[PlayersWorlds.Maps.Area])" fullname="PlayersWorlds.Maps.Maze.MazeGeneratorTest.IsFillComplete(PlayersWorlds.Maps.Maze.WilsonsMazeGenerator,NinetyPercent,Auto,System.Collections.Generic.List`1[PlayersWorlds.Maps.Area])" methodname="IsFillComplete" classname="PlayersWorlds.Maps.Maze.MazeGeneratorTest" runstate="Runnable" seed="1056350703" result="Passed" start-time="2024-05-28T07:16:54.4133980Z" end-time="2024-05-28T07:16:54.4311110Z" duration="0.017713" asserts="5" />
                <test-case id="1-1837" name="IsFillComplete(PlayersWorlds.Maps.Maze.WilsonsMazeGenerator,NinetyPercent,Auto,System.Collections.Generic.List`1[PlayersWorlds.Maps.Area])" fullname="PlayersWorlds.Maps.Maze.MazeGeneratorTest.IsFillComplete(PlayersWorlds.Maps.Maze.WilsonsMazeGenerator,NinetyPercent,Auto,System.Collections.Generic.List`1[PlayersWorlds.Maps.Area])" methodname="IsFillComplete" classname="PlayersWorlds.Maps.Maze.MazeGeneratorTest" runstate="Runnable" seed="504713123" result="Passed" start-time="2024-05-28T07:16:54.4311220Z" end-time="2024-05-28T07:16:54.4689200Z" duration="0.037798" asserts="5" />
                <test-case id="1-1838" name="IsFillComplete(PlayersWorlds.Maps.Maze.WilsonsMazeGenerator,NinetyPercent,Auto,System.Collections.Generic.List`1[PlayersWorlds.Maps.Area])" fullname="PlayersWorlds.Maps.Maze.MazeGeneratorTest.IsFillComplete(PlayersWorlds.Maps.Maze.WilsonsMazeGenerator,NinetyPercent,Auto,System.Collections.Generic.List`1[PlayersWorlds.Maps.Area])" methodname="IsFillComplete" classname="PlayersWorlds.Maps.Maze.MazeGeneratorTest" runstate="Runnable" seed="692417789" result="Passed" start-time="2024-05-28T07:16:54.4689310Z" end-time="2024-05-28T07:16:54.4993190Z" duration="0.030388" asserts="5" />
                <test-case id="1-1839" name="IsFillComplete(PlayersWorlds.Maps.Maze.WilsonsMazeGenerator,NinetyPercent,Auto,System.Collections.Generic.List`1[PlayersWorlds.Maps.Area])" fullname="PlayersWorlds.Maps.Maze.MazeGeneratorTest.IsFillComplete(PlayersWorlds.Maps.Maze.WilsonsMazeGenerator,NinetyPercent,Auto,System.Collections.Generic.List`1[PlayersWorlds.Maps.Area])" methodname="IsFillComplete" classname="PlayersWorlds.Maps.Maze.MazeGeneratorTest" runstate="Runnable" seed="511647566" result="Passed" start-time="2024-05-28T07:16:54.4993390Z" end-time="2024-05-28T07:16:54.5281510Z" duration="0.028812" asserts="5" />
                <test-case id="1-1840" name="IsFillComplete(PlayersWorlds.Maps.Maze.WilsonsMazeGenerator,NinetyPercent,Manual,null)" fullname="PlayersWorlds.Maps.Maze.MazeGeneratorTest.IsFillComplete(PlayersWorlds.Maps.Maze.WilsonsMazeGenerator,NinetyPercent,Manual,null)" methodname="IsFillComplete" classname="PlayersWorlds.Maps.Maze.MazeGeneratorTest" runstate="Runnable" seed="956496734" result="Passed" start-time="2024-05-28T07:16:54.5281620Z" end-time="2024-05-28T07:16:54.5318310Z" duration="0.003669" asserts="5" />
                <test-case id="1-1841" name="IsFillComplete(PlayersWorlds.Maps.Maze.WilsonsMazeGenerator,NinetyPercent,Manual,System.Collections.Generic.List`1[PlayersWorlds.Maps.Area])" fullname="PlayersWorlds.Maps.Maze.MazeGeneratorTest.IsFillComplete(PlayersWorlds.Maps.Maze.WilsonsMazeGenerator,NinetyPercent,Manual,System.Collections.Generic.List`1[PlayersWorlds.Maps.Area])" methodname="IsFillComplete" classname="PlayersWorlds.Maps.Maze.MazeGeneratorTest" runstate="Runnable" seed="371284861" result="Passed" start-time="2024-05-28T07:16:54.5318410Z" end-time="2024-05-28T07:16:54.5356110Z" duration="0.003769" asserts="5" />
                <test-case id="1-1842" name="IsFillComplete(PlayersWorlds.Maps.Maze.WilsonsMazeGenerator,NinetyPercent,Manual,System.Collections.Generic.List`1[PlayersWorlds.Maps.Area])" fullname="PlayersWorlds.Maps.Maze.MazeGeneratorTest.IsFillComplete(PlayersWorlds.Maps.Maze.WilsonsMazeGenerator,NinetyPercent,Manual,System.Collections.Generic.List`1[PlayersWorlds.Maps.Area])" methodname="IsFillComplete" classname="PlayersWorlds.Maps.Maze.MazeGeneratorTest" runstate="Runnable" seed="1270621255" result="Passed" start-time="2024-05-28T07:16:54.5356210Z" end-time="2024-05-28T07:16:54.5413610Z" duration="0.005740" asserts="5" />
                <test-case id="1-1843" name="IsFillComplete(PlayersWorlds.Maps.Maze.WilsonsMazeGenerator,NinetyPercent,Manual,System.Collections.Generic.List`1[PlayersWorlds.Maps.Area])" fullname="PlayersWorlds.Maps.Maze.MazeGeneratorTest.IsFillComplete(PlayersWorlds.Maps.Maze.WilsonsMazeGenerator,NinetyPercent,Manual,System.Collections.Generic.List`1[PlayersWorlds.Maps.Area])" methodname="IsFillComplete" classname="PlayersWorlds.Maps.Maze.MazeGeneratorTest" runstate="Runnable" seed="2123287014" result="Passed" start-time="2024-05-28T07:16:54.5413730Z" end-time="2024-05-28T07:16:54.5471930Z" duration="0.005821" asserts="5" />
                <test-case id="1-1844" name="IsFillComplete(PlayersWorlds.Maps.Maze.WilsonsMazeGenerator,NinetyPercent,Manual,System.Collections.Generic.List`1[PlayersWorlds.Maps.Area])" fullname="PlayersWorlds.Maps.Maze.MazeGeneratorTest.IsFillComplete(PlayersWorlds.Maps.Maze.WilsonsMazeGenerator,NinetyPercent,Manual,System.Collections.Generic.List`1[PlayersWorlds.Maps.Area])" methodname="IsFillComplete" classname="PlayersWorlds.Maps.Maze.MazeGeneratorTest" runstate="Runnable" seed="335871420" result="Passed" start-time="2024-05-28T07:16:54.5472040Z" end-time="2024-05-28T07:16:54.5592570Z" duration="0.012053" asserts="5" />
                <test-case id="1-1845" name="IsFillComplete(PlayersWorlds.Maps.Maze.WilsonsMazeGenerator,NinetyPercent,Manual,System.Collections.Generic.List`1[PlayersWorlds.Maps.Area])" fullname="PlayersWorlds.Maps.Maze.MazeGeneratorTest.IsFillComplete(PlayersWorlds.Maps.Maze.WilsonsMazeGenerator,NinetyPercent,Manual,System.Collections.Generic.List`1[PlayersWorlds.Maps.Area])" methodname="IsFillComplete" classname="PlayersWorlds.Maps.Maze.MazeGeneratorTest" runstate="Runnable" seed="1008158553" result="Passed" start-time="2024-05-28T07:16:54.5592690Z" end-time="2024-05-28T07:16:54.5724220Z" duration="0.013154" asserts="5" />
                <test-case id="1-1846" name="IsFillComplete(PlayersWorlds.Maps.Maze.WilsonsMazeGenerator,FullWidth,Auto,null)" fullname="PlayersWorlds.Maps.Maze.MazeGeneratorTest.IsFillComplete(PlayersWorlds.Maps.Maze.WilsonsMazeGenerator,FullWidth,Auto,null)" methodname="IsFillComplete" classname="PlayersWorlds.Maps.Maze.MazeGeneratorTest" runstate="Runnable" seed="1658231968" result="Passed" start-time="2024-05-28T07:16:54.5724440Z" end-time="2024-05-28T07:16:54.5850560Z" duration="0.012612" asserts="5" />
                <test-case id="1-1847" name="IsFillComplete(PlayersWorlds.Maps.Maze.WilsonsMazeGenerator,FullWidth,Auto,System.Collections.Generic.List`1[PlayersWorlds.Maps.Area])" fullname="PlayersWorlds.Maps.Maze.MazeGeneratorTest.IsFillComplete(PlayersWorlds.Maps.Maze.WilsonsMazeGenerator,FullWidth,Auto,System.Collections.Generic.List`1[PlayersWorlds.Maps.Area])" methodname="IsFillComplete" classname="PlayersWorlds.Maps.Maze.MazeGeneratorTest" runstate="Runnable" seed="434019601" result="Passed" start-time="2024-05-28T07:16:54.5850760Z" end-time="2024-05-28T07:16:54.5945200Z" duration="0.009444" asserts="5" />
                <test-case id="1-1848" name="IsFillComplete(PlayersWorlds.Maps.Maze.WilsonsMazeGenerator,FullWidth,Auto,System.Collections.Generic.List`1[PlayersWorlds.Maps.Area])" fullname="PlayersWorlds.Maps.Maze.MazeGeneratorTest.IsFillComplete(PlayersWorlds.Maps.Maze.WilsonsMazeGenerator,FullWidth,Auto,System.Collections.Generic.List`1[PlayersWorlds.Maps.Area])" methodname="IsFillComplete" classname="PlayersWorlds.Maps.Maze.MazeGeneratorTest" runstate="Runnable" seed="652849597" result="Passed" start-time="2024-05-28T07:16:54.5945320Z" end-time="2024-05-28T07:16:54.6252200Z" duration="0.030688" asserts="5" />
                <test-case id="1-1849" name="IsFillComplete(PlayersWorlds.Maps.Maze.WilsonsMazeGenerator,FullWidth,Auto,System.Collections.Generic.List`1[PlayersWorlds.Maps.Area])" fullname="PlayersWorlds.Maps.Maze.MazeGeneratorTest.IsFillComplete(PlayersWorlds.Maps.Maze.WilsonsMazeGenerator,FullWidth,Auto,System.Collections.Generic.List`1[PlayersWorlds.Maps.Area])" methodname="IsFillComplete" classname="PlayersWorlds.Maps.Maze.MazeGeneratorTest" runstate="Runnable" seed="357070883" result="Passed" start-time="2024-05-28T07:16:54.6252330Z" end-time="2024-05-28T07:16:54.6426290Z" duration="0.017396" asserts="5" />
                <test-case id="1-1850" name="IsFillComplete(PlayersWorlds.Maps.Maze.WilsonsMazeGenerator,FullWidth,Auto,System.Collections.Generic.List`1[PlayersWorlds.Maps.Area])" fullname="PlayersWorlds.Maps.Maze.MazeGeneratorTest.IsFillComplete(PlayersWorlds.Maps.Maze.WilsonsMazeGenerator,FullWidth,Auto,System.Collections.Generic.List`1[PlayersWorlds.Maps.Area])" methodname="IsFillComplete" classname="PlayersWorlds.Maps.Maze.MazeGeneratorTest" runstate="Runnable" seed="1358011473" result="Passed" start-time="2024-05-28T07:16:54.6426480Z" end-time="2024-05-28T07:16:54.6710770Z" duration="0.028430" asserts="5" />
                <test-case id="1-1851" name="IsFillComplete(PlayersWorlds.Maps.Maze.WilsonsMazeGenerator,FullWidth,Auto,System.Collections.Generic.List`1[PlayersWorlds.Maps.Area])" fullname="PlayersWorlds.Maps.Maze.MazeGeneratorTest.IsFillComplete(PlayersWorlds.Maps.Maze.WilsonsMazeGenerator,FullWidth,Auto,System.Collections.Generic.List`1[PlayersWorlds.Maps.Area])" methodname="IsFillComplete" classname="PlayersWorlds.Maps.Maze.MazeGeneratorTest" runstate="Runnable" seed="1427800068" result="Passed" start-time="2024-05-28T07:16:54.6710890Z" end-time="2024-05-28T07:16:54.6890000Z" duration="0.017911" asserts="5" />
                <test-case id="1-1852" name="IsFillComplete(PlayersWorlds.Maps.Maze.WilsonsMazeGenerator,FullWidth,Manual,null)" fullname="PlayersWorlds.Maps.Maze.MazeGeneratorTest.IsFillComplete(PlayersWorlds.Maps.Maze.WilsonsMazeGenerator,FullWidth,Manual,null)" methodname="IsFillComplete" classname="PlayersWorlds.Maps.Maze.MazeGeneratorTest" runstate="Runnable" seed="1830872290" result="Passed" start-time="2024-05-28T07:16:54.6890120Z" end-time="2024-05-28T07:16:54.6917830Z" duration="0.002771" asserts="5" />
                <test-case id="1-1853" name="IsFillComplete(PlayersWorlds.Maps.Maze.WilsonsMazeGenerator,FullWidth,Manual,System.Collections.Generic.List`1[PlayersWorlds.Maps.Area])" fullname="PlayersWorlds.Maps.Maze.MazeGeneratorTest.IsFillComplete(PlayersWorlds.Maps.Maze.WilsonsMazeGenerator,FullWidth,Manual,System.Collections.Generic.List`1[PlayersWorlds.Maps.Area])" methodname="IsFillComplete" classname="PlayersWorlds.Maps.Maze.MazeGeneratorTest" runstate="Runnable" seed="2075620322" result="Passed" start-time="2024-05-28T07:16:54.6917930Z" end-time="2024-05-28T07:16:54.6952390Z" duration="0.003446" asserts="5" />
                <test-case id="1-1854" name="IsFillComplete(PlayersWorlds.Maps.Maze.WilsonsMazeGenerator,FullWidth,Manual,System.Collections.Generic.List`1[PlayersWorlds.Maps.Area])" fullname="PlayersWorlds.Maps.Maze.MazeGeneratorTest.IsFillComplete(PlayersWorlds.Maps.Maze.WilsonsMazeGenerator,FullWidth,Manual,System.Collections.Generic.List`1[PlayersWorlds.Maps.Area])" methodname="IsFillComplete" classname="PlayersWorlds.Maps.Maze.MazeGeneratorTest" runstate="Runnable" seed="544011862" result="Passed" start-time="2024-05-28T07:16:54.6952490Z" end-time="2024-05-28T07:16:54.7004140Z" duration="0.005165" asserts="5" />
                <test-case id="1-1855" name="IsFillComplete(PlayersWorlds.Maps.Maze.WilsonsMazeGenerator,FullWidth,Manual,System.Collections.Generic.List`1[PlayersWorlds.Maps.Area])" fullname="PlayersWorlds.Maps.Maze.MazeGeneratorTest.IsFillComplete(PlayersWorlds.Maps.Maze.WilsonsMazeGenerator,FullWidth,Manual,System.Collections.Generic.List`1[PlayersWorlds.Maps.Area])" methodname="IsFillComplete" classname="PlayersWorlds.Maps.Maze.MazeGeneratorTest" runstate="Runnable" seed="1723899093" result="Passed" start-time="2024-05-28T07:16:54.7004260Z" end-time="2024-05-28T07:16:54.7055740Z" duration="0.005148" asserts="5" />
                <test-case id="1-1856" name="IsFillComplete(PlayersWorlds.Maps.Maze.WilsonsMazeGenerator,FullWidth,Manual,System.Collections.Generic.List`1[PlayersWorlds.Maps.Area])" fullname="PlayersWorlds.Maps.Maze.MazeGeneratorTest.IsFillComplete(PlayersWorlds.Maps.Maze.WilsonsMazeGenerator,FullWidth,Manual,System.Collections.Generic.List`1[PlayersWorlds.Maps.Area])" methodname="IsFillComplete" classname="PlayersWorlds.Maps.Maze.MazeGeneratorTest" runstate="Runnable" seed="167488645" result="Passed" start-time="2024-05-28T07:16:54.7055940Z" end-time="2024-05-28T07:16:54.7181710Z" duration="0.012577" asserts="5" />
                <test-case id="1-1857" name="IsFillComplete(PlayersWorlds.Maps.Maze.WilsonsMazeGenerator,FullWidth,Manual,System.Collections.Generic.List`1[PlayersWorlds.Maps.Area])" fullname="PlayersWorlds.Maps.Maze.MazeGeneratorTest.IsFillComplete(PlayersWorlds.Maps.Maze.WilsonsMazeGenerator,FullWidth,Manual,System.Collections.Generic.List`1[PlayersWorlds.Maps.Area])" methodname="IsFillComplete" classname="PlayersWorlds.Maps.Maze.MazeGeneratorTest" runstate="Runnable" seed="897373126" result="Passed" start-time="2024-05-28T07:16:54.7181890Z" end-time="2024-05-28T07:16:54.7298360Z" duration="0.011647" asserts="5" />
                <test-case id="1-1858" name="IsFillComplete(PlayersWorlds.Maps.Maze.WilsonsMazeGenerator,FullHeight,Auto,null)" fullname="PlayersWorlds.Maps.Maze.MazeGeneratorTest.IsFillComplete(PlayersWorlds.Maps.Maze.WilsonsMazeGenerator,FullHeight,Auto,null)" methodname="IsFillComplete" classname="PlayersWorlds.Maps.Maze.MazeGeneratorTest" runstate="Runnable" seed="690802271" result="Passed" start-time="2024-05-28T07:16:54.7298470Z" end-time="2024-05-28T07:16:54.7364640Z" duration="0.006616" asserts="5" />
                <test-case id="1-1859" name="IsFillComplete(PlayersWorlds.Maps.Maze.WilsonsMazeGenerator,FullHeight,Auto,System.Collections.Generic.List`1[PlayersWorlds.Maps.Area])" fullname="PlayersWorlds.Maps.Maze.MazeGeneratorTest.IsFillComplete(PlayersWorlds.Maps.Maze.WilsonsMazeGenerator,FullHeight,Auto,System.Collections.Generic.List`1[PlayersWorlds.Maps.Area])" methodname="IsFillComplete" classname="PlayersWorlds.Maps.Maze.MazeGeneratorTest" runstate="Runnable" seed="193791321" result="Passed" start-time="2024-05-28T07:16:54.7364780Z" end-time="2024-05-28T07:16:54.7458280Z" duration="0.009351" asserts="5" />
                <test-case id="1-1860" name="IsFillComplete(PlayersWorlds.Maps.Maze.WilsonsMazeGenerator,FullHeight,Auto,System.Collections.Generic.List`1[PlayersWorlds.Maps.Area])" fullname="PlayersWorlds.Maps.Maze.MazeGeneratorTest.IsFillComplete(PlayersWorlds.Maps.Maze.WilsonsMazeGenerator,FullHeight,Auto,System.Collections.Generic.List`1[PlayersWorlds.Maps.Area])" methodname="IsFillComplete" classname="PlayersWorlds.Maps.Maze.MazeGeneratorTest" runstate="Runnable" seed="746918659" result="Passed" start-time="2024-05-28T07:16:54.7458470Z" end-time="2024-05-28T07:16:54.7684750Z" duration="0.022627" asserts="5" />
                <test-case id="1-1861" name="IsFillComplete(PlayersWorlds.Maps.Maze.WilsonsMazeGenerator,FullHeight,Auto,System.Collections.Generic.List`1[PlayersWorlds.Maps.Area])" fullname="PlayersWorlds.Maps.Maze.MazeGeneratorTest.IsFillComplete(PlayersWorlds.Maps.Maze.WilsonsMazeGenerator,FullHeight,Auto,System.Collections.Generic.List`1[PlayersWorlds.Maps.Area])" methodname="IsFillComplete" classname="PlayersWorlds.Maps.Maze.MazeGeneratorTest" runstate="Runnable" seed="1022289106" result="Passed" start-time="2024-05-28T07:16:54.7684950Z" end-time="2024-05-28T07:16:54.7849660Z" duration="0.016472" asserts="5" />
                <test-case id="1-1862" name="IsFillComplete(PlayersWorlds.Maps.Maze.WilsonsMazeGenerator,FullHeight,Auto,System.Collections.Generic.List`1[PlayersWorlds.Maps.Area])" fullname="PlayersWorlds.Maps.Maze.MazeGeneratorTest.IsFillComplete(PlayersWorlds.Maps.Maze.WilsonsMazeGenerator,FullHeight,Auto,System.Collections.Generic.List`1[PlayersWorlds.Maps.Area])" methodname="IsFillComplete" classname="PlayersWorlds.Maps.Maze.MazeGeneratorTest" runstate="Runnable" seed="808564797" result="Passed" start-time="2024-05-28T07:16:54.7849780Z" end-time="2024-05-28T07:16:54.8008270Z" duration="0.015849" asserts="5" />
                <test-case id="1-1863" name="IsFillComplete(PlayersWorlds.Maps.Maze.WilsonsMazeGenerator,FullHeight,Auto,System.Collections.Generic.List`1[PlayersWorlds.Maps.Area])" fullname="PlayersWorlds.Maps.Maze.MazeGeneratorTest.IsFillComplete(PlayersWorlds.Maps.Maze.WilsonsMazeGenerator,FullHeight,Auto,System.Collections.Generic.List`1[PlayersWorlds.Maps.Area])" methodname="IsFillComplete" classname="PlayersWorlds.Maps.Maze.MazeGeneratorTest" runstate="Runnable" seed="506946636" result="Passed" start-time="2024-05-28T07:16:54.8008470Z" end-time="2024-05-28T07:16:54.8243840Z" duration="0.023537" asserts="5" />
                <test-case id="1-1864" name="IsFillComplete(PlayersWorlds.Maps.Maze.WilsonsMazeGenerator,FullHeight,Manual,null)" fullname="PlayersWorlds.Maps.Maze.MazeGeneratorTest.IsFillComplete(PlayersWorlds.Maps.Maze.WilsonsMazeGenerator,FullHeight,Manual,null)" methodname="IsFillComplete" classname="PlayersWorlds.Maps.Maze.MazeGeneratorTest" runstate="Runnable" seed="896707428" result="Passed" start-time="2024-05-28T07:16:54.8243950Z" end-time="2024-05-28T07:16:54.8277160Z" duration="0.003320" asserts="5" />
                <test-case id="1-1865" name="IsFillComplete(PlayersWorlds.Maps.Maze.WilsonsMazeGenerator,FullHeight,Manual,System.Collections.Generic.List`1[PlayersWorlds.Maps.Area])" fullname="PlayersWorlds.Maps.Maze.MazeGeneratorTest.IsFillComplete(PlayersWorlds.Maps.Maze.WilsonsMazeGenerator,FullHeight,Manual,System.Collections.Generic.List`1[PlayersWorlds.Maps.Area])" methodname="IsFillComplete" classname="PlayersWorlds.Maps.Maze.MazeGeneratorTest" runstate="Runnable" seed="537652321" result="Passed" start-time="2024-05-28T07:16:54.8277260Z" end-time="2024-05-28T07:16:54.8304720Z" duration="0.002746" asserts="5" />
                <test-case id="1-1866" name="IsFillComplete(PlayersWorlds.Maps.Maze.WilsonsMazeGenerator,FullHeight,Manual,System.Collections.Generic.List`1[PlayersWorlds.Maps.Area])" fullname="PlayersWorlds.Maps.Maze.MazeGeneratorTest.IsFillComplete(PlayersWorlds.Maps.Maze.WilsonsMazeGenerator,FullHeight,Manual,System.Collections.Generic.List`1[PlayersWorlds.Maps.Area])" methodname="IsFillComplete" classname="PlayersWorlds.Maps.Maze.MazeGeneratorTest" runstate="Runnable" seed="810364045" result="Passed" start-time="2024-05-28T07:16:54.8304820Z" end-time="2024-05-28T07:16:54.8368500Z" duration="0.006368" asserts="5" />
                <test-case id="1-1867" name="IsFillComplete(PlayersWorlds.Maps.Maze.WilsonsMazeGenerator,FullHeight,Manual,System.Collections.Generic.List`1[PlayersWorlds.Maps.Area])" fullname="PlayersWorlds.Maps.Maze.MazeGeneratorTest.IsFillComplete(PlayersWorlds.Maps.Maze.WilsonsMazeGenerator,FullHeight,Manual,System.Collections.Generic.List`1[PlayersWorlds.Maps.Area])" methodname="IsFillComplete" classname="PlayersWorlds.Maps.Maze.MazeGeneratorTest" runstate="Runnable" seed="1089238279" result="Passed" start-time="2024-05-28T07:16:54.8368700Z" end-time="2024-05-28T07:16:54.8428750Z" duration="0.006005" asserts="5" />
                <test-case id="1-1868" name="IsFillComplete(PlayersWorlds.Maps.Maze.WilsonsMazeGenerator,FullHeight,Manual,System.Collections.Generic.List`1[PlayersWorlds.Maps.Area])" fullname="PlayersWorlds.Maps.Maze.MazeGeneratorTest.IsFillComplete(PlayersWorlds.Maps.Maze.WilsonsMazeGenerator,FullHeight,Manual,System.Collections.Generic.List`1[PlayersWorlds.Maps.Area])" methodname="IsFillComplete" classname="PlayersWorlds.Maps.Maze.MazeGeneratorTest" runstate="Runnable" seed="1995112177" result="Passed" start-time="2024-05-28T07:16:54.8428860Z" end-time="2024-05-28T07:16:54.8553560Z" duration="0.012470" asserts="5" />
                <test-case id="1-1869" name="IsFillComplete(PlayersWorlds.Maps.Maze.WilsonsMazeGenerator,FullHeight,Manual,System.Collections.Generic.List`1[PlayersWorlds.Maps.Area])" fullname="PlayersWorlds.Maps.Maze.MazeGeneratorTest.IsFillComplete(PlayersWorlds.Maps.Maze.WilsonsMazeGenerator,FullHeight,Manual,System.Collections.Generic.List`1[PlayersWorlds.Maps.Area])" methodname="IsFillComplete" classname="PlayersWorlds.Maps.Maze.MazeGeneratorTest" runstate="Runnable" seed="1448797984" result="Passed" start-time="2024-05-28T07:16:54.8553760Z" end-time="2024-05-28T07:16:54.8670900Z" duration="0.011713" asserts="5" />
                <test-case id="1-1870" name="IsFillComplete(PlayersWorlds.Maps.Maze.WilsonsMazeGenerator,Full,Auto,null)" fullname="PlayersWorlds.Maps.Maze.MazeGeneratorTest.IsFillComplete(PlayersWorlds.Maps.Maze.WilsonsMazeGenerator,Full,Auto,null)" methodname="IsFillComplete" classname="PlayersWorlds.Maps.Maze.MazeGeneratorTest" runstate="Runnable" seed="1101964351" result="Passed" start-time="2024-05-28T07:16:54.8671010Z" end-time="2024-05-28T07:16:54.8806130Z" duration="0.013512" asserts="5" />
                <test-case id="1-1871" name="IsFillComplete(PlayersWorlds.Maps.Maze.WilsonsMazeGenerator,Full,Auto,System.Collections.Generic.List`1[PlayersWorlds.Maps.Area])" fullname="PlayersWorlds.Maps.Maze.MazeGeneratorTest.IsFillComplete(PlayersWorlds.Maps.Maze.WilsonsMazeGenerator,Full,Auto,System.Collections.Generic.List`1[PlayersWorlds.Maps.Area])" methodname="IsFillComplete" classname="PlayersWorlds.Maps.Maze.MazeGeneratorTest" runstate="Runnable" seed="1129760718" result="Passed" start-time="2024-05-28T07:16:54.8806250Z" end-time="2024-05-28T07:16:54.8989010Z" duration="0.018276" asserts="5" />
                <test-case id="1-1872" name="IsFillComplete(PlayersWorlds.Maps.Maze.WilsonsMazeGenerator,Full,Auto,System.Collections.Generic.List`1[PlayersWorlds.Maps.Area])" fullname="PlayersWorlds.Maps.Maze.MazeGeneratorTest.IsFillComplete(PlayersWorlds.Maps.Maze.WilsonsMazeGenerator,Full,Auto,System.Collections.Generic.List`1[PlayersWorlds.Maps.Area])" methodname="IsFillComplete" classname="PlayersWorlds.Maps.Maze.MazeGeneratorTest" runstate="Runnable" seed="1862952983" result="Passed" start-time="2024-05-28T07:16:54.8989130Z" end-time="2024-05-28T07:16:54.9278360Z" duration="0.028923" asserts="5" />
                <test-case id="1-1873" name="IsFillComplete(PlayersWorlds.Maps.Maze.WilsonsMazeGenerator,Full,Auto,System.Collections.Generic.List`1[PlayersWorlds.Maps.Area])" fullname="PlayersWorlds.Maps.Maze.MazeGeneratorTest.IsFillComplete(PlayersWorlds.Maps.Maze.WilsonsMazeGenerator,Full,Auto,System.Collections.Generic.List`1[PlayersWorlds.Maps.Area])" methodname="IsFillComplete" classname="PlayersWorlds.Maps.Maze.MazeGeneratorTest" runstate="Runnable" seed="800315140" result="Passed" start-time="2024-05-28T07:16:54.9278470Z" end-time="2024-05-28T07:16:54.9456030Z" duration="0.017756" asserts="5" />
                <test-case id="1-1874" name="IsFillComplete(PlayersWorlds.Maps.Maze.WilsonsMazeGenerator,Full,Auto,System.Collections.Generic.List`1[PlayersWorlds.Maps.Area])" fullname="PlayersWorlds.Maps.Maze.MazeGeneratorTest.IsFillComplete(PlayersWorlds.Maps.Maze.WilsonsMazeGenerator,Full,Auto,System.Collections.Generic.List`1[PlayersWorlds.Maps.Area])" methodname="IsFillComplete" classname="PlayersWorlds.Maps.Maze.MazeGeneratorTest" runstate="Runnable" seed="1633973843" result="Passed" start-time="2024-05-28T07:16:54.9456140Z" end-time="2024-05-28T07:16:54.9836620Z" duration="0.038048" asserts="5" />
                <test-case id="1-1875" name="IsFillComplete(PlayersWorlds.Maps.Maze.WilsonsMazeGenerator,Full,Auto,System.Collections.Generic.List`1[PlayersWorlds.Maps.Area])" fullname="PlayersWorlds.Maps.Maze.MazeGeneratorTest.IsFillComplete(PlayersWorlds.Maps.Maze.WilsonsMazeGenerator,Full,Auto,System.Collections.Generic.List`1[PlayersWorlds.Maps.Area])" methodname="IsFillComplete" classname="PlayersWorlds.Maps.Maze.MazeGeneratorTest" runstate="Runnable" seed="1921608558" result="Passed" start-time="2024-05-28T07:16:54.9836730Z" end-time="2024-05-28T07:16:55.0131260Z" duration="0.029453" asserts="5" />
                <test-case id="1-1876" name="IsFillComplete(PlayersWorlds.Maps.Maze.WilsonsMazeGenerator,Full,Manual,null)" fullname="PlayersWorlds.Maps.Maze.MazeGeneratorTest.IsFillComplete(PlayersWorlds.Maps.Maze.WilsonsMazeGenerator,Full,Manual,null)" methodname="IsFillComplete" classname="PlayersWorlds.Maps.Maze.MazeGeneratorTest" runstate="Runnable" seed="689408253" result="Passed" start-time="2024-05-28T07:16:55.0131380Z" end-time="2024-05-28T07:16:55.0170760Z" duration="0.003938" asserts="5" />
                <test-case id="1-1877" name="IsFillComplete(PlayersWorlds.Maps.Maze.WilsonsMazeGenerator,Full,Manual,System.Collections.Generic.List`1[PlayersWorlds.Maps.Area])" fullname="PlayersWorlds.Maps.Maze.MazeGeneratorTest.IsFillComplete(PlayersWorlds.Maps.Maze.WilsonsMazeGenerator,Full,Manual,System.Collections.Generic.List`1[PlayersWorlds.Maps.Area])" methodname="IsFillComplete" classname="PlayersWorlds.Maps.Maze.MazeGeneratorTest" runstate="Runnable" seed="1979029557" result="Passed" start-time="2024-05-28T07:16:55.0170870Z" end-time="2024-05-28T07:16:55.0210970Z" duration="0.004010" asserts="5" />
                <test-case id="1-1878" name="IsFillComplete(PlayersWorlds.Maps.Maze.WilsonsMazeGenerator,Full,Manual,System.Collections.Generic.List`1[PlayersWorlds.Maps.Area])" fullname="PlayersWorlds.Maps.Maze.MazeGeneratorTest.IsFillComplete(PlayersWorlds.Maps.Maze.WilsonsMazeGenerator,Full,Manual,System.Collections.Generic.List`1[PlayersWorlds.Maps.Area])" methodname="IsFillComplete" classname="PlayersWorlds.Maps.Maze.MazeGeneratorTest" runstate="Runnable" seed="1110298707" result="Passed" start-time="2024-05-28T07:16:55.0211080Z" end-time="2024-05-28T07:16:55.0266470Z" duration="0.005539" asserts="5" />
                <test-case id="1-1879" name="IsFillComplete(PlayersWorlds.Maps.Maze.WilsonsMazeGenerator,Full,Manual,System.Collections.Generic.List`1[PlayersWorlds.Maps.Area])" fullname="PlayersWorlds.Maps.Maze.MazeGeneratorTest.IsFillComplete(PlayersWorlds.Maps.Maze.WilsonsMazeGenerator,Full,Manual,System.Collections.Generic.List`1[PlayersWorlds.Maps.Area])" methodname="IsFillComplete" classname="PlayersWorlds.Maps.Maze.MazeGeneratorTest" runstate="Runnable" seed="566701032" result="Passed" start-time="2024-05-28T07:16:55.0266580Z" end-time="2024-05-28T07:16:55.0326860Z" duration="0.006028" asserts="5" />
                <test-case id="1-1880" name="IsFillComplete(PlayersWorlds.Maps.Maze.WilsonsMazeGenerator,Full,Manual,System.Collections.Generic.List`1[PlayersWorlds.Maps.Area])" fullname="PlayersWorlds.Maps.Maze.MazeGeneratorTest.IsFillComplete(PlayersWorlds.Maps.Maze.WilsonsMazeGenerator,Full,Manual,System.Collections.Generic.List`1[PlayersWorlds.Maps.Area])" methodname="IsFillComplete" classname="PlayersWorlds.Maps.Maze.MazeGeneratorTest" runstate="Runnable" seed="850039657" result="Passed" start-time="2024-05-28T07:16:55.0327040Z" end-time="2024-05-28T07:16:55.0454200Z" duration="0.012716" asserts="5" />
                <test-case id="1-1881" name="IsFillComplete(PlayersWorlds.Maps.Maze.WilsonsMazeGenerator,Full,Manual,System.Collections.Generic.List`1[PlayersWorlds.Maps.Area])" fullname="PlayersWorlds.Maps.Maze.MazeGeneratorTest.IsFillComplete(PlayersWorlds.Maps.Maze.WilsonsMazeGenerator,Full,Manual,System.Collections.Generic.List`1[PlayersWorlds.Maps.Area])" methodname="IsFillComplete" classname="PlayersWorlds.Maps.Maze.MazeGeneratorTest" runstate="Runnable" seed="1011980943" result="Passed" start-time="2024-05-28T07:16:55.0454310Z" end-time="2024-05-28T07:16:55.0575760Z" duration="0.012145" asserts="5" />
              </test-suite>
              <test-case id="1-1883" name="IsFillComplete_Debug" fullname="PlayersWorlds.Maps.Maze.MazeGeneratorTest.IsFillComplete_Debug" methodname="IsFillComplete_Debug" classname="PlayersWorlds.Maps.Maze.MazeGeneratorTest" runstate="Ignored" seed="1158606424" result="Skipped" label="Ignored" start-time="2024-05-28T07:16:55.0576720Z" end-time="2024-05-28T07:16:55.0578950Z" duration="0.000223" asserts="0">
                <properties>
                  <property name="_SKIPREASON" value="Debugging only" />
                </properties>
                <reason>
                  <message><![CDATA[Debugging only]]></message>
                </reason>
              </test-case>
              <test-case id="1-1372" name="IsFillComplete_Full" fullname="PlayersWorlds.Maps.Maze.MazeGeneratorTest.IsFillComplete_Full" methodname="IsFillComplete_Full" classname="PlayersWorlds.Maps.Maze.MazeGeneratorTest" runstate="Runnable" seed="1252818509" result="Passed" start-time="2024-05-28T07:16:55.0579040Z" end-time="2024-05-28T07:16:55.0637680Z" duration="0.005864" asserts="3" />
              <test-case id="1-1377" name="IsFillComplete_FullHeight" fullname="PlayersWorlds.Maps.Maze.MazeGeneratorTest.IsFillComplete_FullHeight" methodname="IsFillComplete_FullHeight" classname="PlayersWorlds.Maps.Maze.MazeGeneratorTest" runstate="Runnable" seed="841734136" result="Passed" start-time="2024-05-28T07:16:55.0637790Z" end-time="2024-05-28T07:16:55.0675760Z" duration="0.003796" asserts="3" />
              <test-case id="1-1376" name="IsFillComplete_FullWidth" fullname="PlayersWorlds.Maps.Maze.MazeGeneratorTest.IsFillComplete_FullWidth" methodname="IsFillComplete_FullWidth" classname="PlayersWorlds.Maps.Maze.MazeGeneratorTest" runstate="Runnable" seed="29159240" result="Passed" start-time="2024-05-28T07:16:55.0675880Z" end-time="2024-05-28T07:16:55.0715260Z" duration="0.003937" asserts="3" />
              <test-case id="1-1371" name="IsFillComplete_Half" fullname="PlayersWorlds.Maps.Maze.MazeGeneratorTest.IsFillComplete_Half" methodname="IsFillComplete_Half" classname="PlayersWorlds.Maps.Maze.MazeGeneratorTest" runstate="Runnable" seed="1059081213" result="Passed" start-time="2024-05-28T07:16:55.0715470Z" end-time="2024-05-28T07:16:55.0746280Z" duration="0.003081" asserts="3" />
              <test-case id="1-1375" name="IsFillComplete_NinetyPercent" fullname="PlayersWorlds.Maps.Maze.MazeGeneratorTest.IsFillComplete_NinetyPercent" methodname="IsFillComplete_NinetyPercent" classname="PlayersWorlds.Maps.Maze.MazeGeneratorTest" runstate="Runnable" seed="1098807530" result="Passed" start-time="2024-05-28T07:16:55.0746480Z" end-time="2024-05-28T07:16:55.0791520Z" duration="0.004504" asserts="3" />
              <test-case id="1-1373" name="IsFillComplete_Quarter" fullname="PlayersWorlds.Maps.Maze.MazeGeneratorTest.IsFillComplete_Quarter" methodname="IsFillComplete_Quarter" classname="PlayersWorlds.Maps.Maze.MazeGeneratorTest" runstate="Runnable" seed="1872938657" result="Passed" start-time="2024-05-28T07:16:55.0791670Z" end-time="2024-05-28T07:16:55.0824580Z" duration="0.003291" asserts="3" />
              <test-case id="1-1374" name="IsFillComplete_ThreeQuarters" fullname="PlayersWorlds.Maps.Maze.MazeGeneratorTest.IsFillComplete_ThreeQuarters" methodname="IsFillComplete_ThreeQuarters" classname="PlayersWorlds.Maps.Maze.MazeGeneratorTest" runstate="Runnable" seed="1295487558" result="Passed" start-time="2024-05-28T07:16:55.0824790Z" end-time="2024-05-28T07:16:55.0866100Z" duration="0.004131" asserts="3" />
              <test-case id="1-1370" name="OnlyFullGenerators" fullname="PlayersWorlds.Maps.Maze.MazeGeneratorTest.OnlyFullGenerators" methodname="OnlyFullGenerators" classname="PlayersWorlds.Maps.Maze.MazeGeneratorTest" runstate="Runnable" seed="243490399" result="Passed" start-time="2024-05-28T07:16:55.0866300Z" end-time="2024-05-28T07:16:55.0903550Z" duration="0.003725" asserts="2" />
              <test-case id="1-1884" name="WrongGeneratorOptions" fullname="PlayersWorlds.Maps.Maze.MazeGeneratorTest.WrongGeneratorOptions" methodname="WrongGeneratorOptions" classname="PlayersWorlds.Maps.Maze.MazeGeneratorTest" runstate="Runnable" seed="919898975" result="Passed" start-time="2024-05-28T07:16:55.0903670Z" end-time="2024-05-28T07:16:55.0915700Z" duration="0.001203" asserts="4" />
            </test-suite>
            <test-suite type="TestSuite" id="1-2068" name="PostProcessing" fullname="PlayersWorlds.Maps.Maze.PostProcessing" runstate="Runnable" testcasecount="5" result="Passed" start-time="2024-05-28T07:13:37.1515700Z" end-time="2024-05-28T07:16:55.1011240Z" duration="197.949554" total="5" passed="5" failed="0" warnings="0" inconclusive="0" skipped="0" asserts="19">
              <test-suite type="TestFixture" id="1-1897" name="DeadEndTest" fullname="PlayersWorlds.Maps.Maze.PostProcessing.DeadEndTest" classname="PlayersWorlds.Maps.Maze.PostProcessing.DeadEndTest" runstate="Runnable" testcasecount="1" result="Passed" start-time="2024-05-28T07:16:55.0916080Z" end-time="2024-05-28T07:16:55.0929060Z" duration="0.001298" total="1" passed="1" failed="0" warnings="0" inconclusive="0" skipped="0" asserts="7">
                <test-case id="1-1898" name="DeadEnd_CanFindDeadEnds" fullname="PlayersWorlds.Maps.Maze.PostProcessing.DeadEndTest.DeadEnd_CanFindDeadEnds" methodname="DeadEnd_CanFindDeadEnds" classname="PlayersWorlds.Maps.Maze.PostProcessing.DeadEndTest" runstate="Runnable" seed="596397731" result="Passed" start-time="2024-05-28T07:16:55.0924170Z" end-time="2024-05-28T07:16:55.0928940Z" duration="0.000477" asserts="7" />
              </test-suite>
              <test-suite type="TestFixture" id="1-1899" name="DijkstraDistanceTest" fullname="PlayersWorlds.Maps.Maze.PostProcessing.DijkstraDistanceTest" classname="PlayersWorlds.Maps.Maze.PostProcessing.DijkstraDistanceTest" runstate="Runnable" testcasecount="4" result="Passed" start-time="2024-05-28T07:16:55.0929190Z" end-time="2024-05-28T07:16:55.1011170Z" duration="0.008198" total="4" passed="4" failed="0" warnings="0" inconclusive="0" skipped="0" asserts="12">
                <test-case id="1-1903" name="DijkstraDistance_CanFindLongestTrail" fullname="PlayersWorlds.Maps.Maze.PostProcessing.DijkstraDistanceTest.DijkstraDistance_CanFindLongestTrail" methodname="DijkstraDistance_CanFindLongestTrail" classname="PlayersWorlds.Maps.Maze.PostProcessing.DijkstraDistanceTest" runstate="Runnable" seed="421124592" result="Passed" start-time="2024-05-28T07:16:55.0929740Z" end-time="2024-05-28T07:16:55.0933290Z" duration="0.000355" asserts="4" />
                <test-case id="1-1901" name="DijkstraDistance_CanSolveAMaze" fullname="PlayersWorlds.Maps.Maze.PostProcessing.DijkstraDistanceTest.DijkstraDistance_CanSolveAMaze" methodname="DijkstraDistance_CanSolveAMaze" classname="PlayersWorlds.Maps.Maze.PostProcessing.DijkstraDistanceTest" runstate="Runnable" seed="1081115076" result="Passed" start-time="2024-05-28T07:16:55.0933370Z" end-time="2024-05-28T07:16:55.0936240Z" duration="0.000287" asserts="4" />
                <test-case id="1-1900" name="DijkstraDistance_FindsAllDistances" fullname="PlayersWorlds.Maps.Maze.PostProcessing.DijkstraDistanceTest.DijkstraDistance_FindsAllDistances" methodname="DijkstraDistance_FindsAllDistances" classname="PlayersWorlds.Maps.Maze.PostProcessing.DijkstraDistanceTest" runstate="Runnable" seed="837578176" result="Passed" start-time="2024-05-28T07:16:55.0936320Z" end-time="2024-05-28T07:16:55.1009250Z" duration="0.007293" asserts="3" />
                <test-case id="1-1902" name="DijkstraDistance_ReturnsEmptyIfNoSolutionFound" fullname="PlayersWorlds.Maps.Maze.PostProcessing.DijkstraDistanceTest.DijkstraDistance_ReturnsEmptyIfNoSolutionFound" methodname="DijkstraDistance_ReturnsEmptyIfNoSolutionFound" classname="PlayersWorlds.Maps.Maze.PostProcessing.DijkstraDistanceTest" runstate="Runnable" seed="203599273" result="Passed" start-time="2024-05-28T07:16:55.1009340Z" end-time="2024-05-28T07:16:55.1011050Z" duration="0.000171" asserts="1" />
              </test-suite>
            </test-suite>
            <test-suite type="TestFixture" id="1-1892" name="SidewinderMazeGeneratorTest" fullname="PlayersWorlds.Maps.Maze.SidewinderMazeGeneratorTest" classname="PlayersWorlds.Maps.Maze.SidewinderMazeGeneratorTest" runstate="Runnable" testcasecount="2" result="Passed" start-time="2024-05-28T07:16:55.1011360Z" end-time="2024-05-28T07:16:55.2034050Z" duration="0.102269" total="2" passed="2" failed="0" warnings="0" inconclusive="0" skipped="0" asserts="22">
              <test-case id="1-1893" name="ArchShapedAreas" fullname="PlayersWorlds.Maps.Maze.SidewinderMazeGeneratorTest.ArchShapedAreas" methodname="ArchShapedAreas" classname="PlayersWorlds.Maps.Maze.SidewinderMazeGeneratorTest" runstate="Runnable" seed="1112622830" result="Passed" start-time="2024-05-28T07:16:55.1011930Z" end-time="2024-05-28T07:16:55.1118930Z" duration="0.010700" asserts="2" />
              <test-case id="1-1894" name="ArchShapedAreasLeftExit" fullname="PlayersWorlds.Maps.Maze.SidewinderMazeGeneratorTest.ArchShapedAreasLeftExit" methodname="ArchShapedAreasLeftExit" classname="PlayersWorlds.Maps.Maze.SidewinderMazeGeneratorTest" runstate="Runnable" seed="2123053593" result="Passed" start-time="2024-05-28T07:16:55.1119050Z" end-time="2024-05-28T07:16:55.2033900Z" duration="0.091485" asserts="20">
                <properties>
                  <property name="Repeat" value="10" />
                  <property name="Category" value="Integration" />
                </properties>
              </test-case>
            </test-suite>
            <test-suite type="TestFixture" id="1-1895" name="WilsonsMazeGeneratorTest" fullname="PlayersWorlds.Maps.Maze.WilsonsMazeGeneratorTest" classname="PlayersWorlds.Maps.Maze.WilsonsMazeGeneratorTest" runstate="Runnable" testcasecount="1" result="Passed" start-time="2024-05-28T07:16:55.2034190Z" end-time="2024-05-28T07:16:55.2212830Z" duration="0.017864" total="1" passed="1" failed="0" warnings="0" inconclusive="0" skipped="0" asserts="1">
              <test-case id="1-1896" name="DuplicateRandom" fullname="PlayersWorlds.Maps.Maze.WilsonsMazeGeneratorTest.DuplicateRandom" methodname="DuplicateRandom" classname="PlayersWorlds.Maps.Maze.WilsonsMazeGeneratorTest" runstate="Runnable" seed="618338763" result="Passed" start-time="2024-05-28T07:16:55.2034900Z" end-time="2024-05-28T07:16:55.2212680Z" duration="0.017777" asserts="1">
                <properties>
                  <property name="Timeout" value="1000" />
                </properties>
              </test-case>
            </test-suite>
          </test-suite>
          <test-suite type="TestFixture" id="1-1056" name="Maze2DRendererTest" fullname="PlayersWorlds.Maps.Maze2DRendererTest" classname="PlayersWorlds.Maps.Maze2DRendererTest" runstate="Runnable" testcasecount="8" result="Passed" start-time="2024-05-28T07:16:55.2213060Z" end-time="2024-05-28T07:16:55.2452510Z" duration="0.023945" total="8" passed="8" failed="0" warnings="0" inconclusive="0" skipped="0" asserts="57">
            <test-case id="1-1059" name="CanRenderAMapWithFilledAreas" fullname="PlayersWorlds.Maps.Maze2DRendererTest.CanRenderAMapWithFilledAreas" methodname="CanRenderAMapWithFilledAreas" classname="PlayersWorlds.Maps.Maze2DRendererTest" runstate="Runnable" seed="2067015107" result="Passed" start-time="2024-05-28T07:16:55.2213660Z" end-time="2024-05-28T07:16:55.2262610Z" duration="0.004895" asserts="1" />
            <test-case id="1-1060" name="CanRenderAMapWithHallAreas" fullname="PlayersWorlds.Maps.Maze2DRendererTest.CanRenderAMapWithHallAreas" methodname="CanRenderAMapWithHallAreas" classname="PlayersWorlds.Maps.Maze2DRendererTest" runstate="Runnable" seed="53093366" result="Passed" start-time="2024-05-28T07:16:55.2262730Z" end-time="2024-05-28T07:16:55.2298970Z" duration="0.003625" asserts="1" />
            <test-case id="1-1057" name="CanRenderAMapWithSmoothCorners" fullname="PlayersWorlds.Maps.Maze2DRendererTest.CanRenderAMapWithSmoothCorners" methodname="CanRenderAMapWithSmoothCorners" classname="PlayersWorlds.Maps.Maze2DRendererTest" runstate="Runnable" seed="1545609606" result="Passed" start-time="2024-05-28T07:16:55.2299090Z" end-time="2024-05-28T07:16:55.2341850Z" duration="0.004276" asserts="1" />
            <test-case id="1-1058" name="CanRenderAMapWithVoids" fullname="PlayersWorlds.Maps.Maze2DRendererTest.CanRenderAMapWithVoids" methodname="CanRenderAMapWithVoids" classname="PlayersWorlds.Maps.Maze2DRendererTest" runstate="Runnable" seed="716410657" result="Passed" start-time="2024-05-28T07:16:55.2341980Z" end-time="2024-05-28T07:16:55.2379170Z" duration="0.003719" asserts="1" />
            <test-case id="1-1064" name="CellsMapping_ValidMapping" fullname="PlayersWorlds.Maps.Maze2DRendererTest.CellsMapping_ValidMapping" methodname="CellsMapping_ValidMapping" classname="PlayersWorlds.Maps.Maze2DRendererTest" runstate="Runnable" seed="1539521913" result="Passed" start-time="2024-05-28T07:16:55.2379280Z" end-time="2024-05-28T07:16:55.2436710Z" duration="0.005742" asserts="45" />
            <test-case id="1-1061" name="Maze2DStringBoxRenderer_CanConvertToAscii" fullname="PlayersWorlds.Maps.Maze2DRendererTest.Maze2DStringBoxRenderer_CanConvertToAscii" methodname="Maze2DStringBoxRenderer_CanConvertToAscii" classname="PlayersWorlds.Maps.Maze2DRendererTest" runstate="Runnable" seed="507223913" result="Passed" start-time="2024-05-28T07:16:55.2436840Z" end-time="2024-05-28T07:16:55.2441210Z" duration="0.000437" asserts="1" />
            <test-case id="1-1062" name="Maze2DStringBoxRenderer_CanConvertToAsciiWithData" fullname="PlayersWorlds.Maps.Maze2DRendererTest.Maze2DStringBoxRenderer_CanConvertToAsciiWithData" methodname="Maze2DStringBoxRenderer_CanConvertToAsciiWithData" classname="PlayersWorlds.Maps.Maze2DRendererTest" runstate="Runnable" seed="1289608622" result="Passed" start-time="2024-05-28T07:16:55.2441290Z" end-time="2024-05-28T07:16:55.2446120Z" duration="0.000482" asserts="1" />
            <test-case id="1-1063" name="Maze2DToMap2DConverter_ThrowsIfInvalidOptions" fullname="PlayersWorlds.Maps.Maze2DRendererTest.Maze2DToMap2DConverter_ThrowsIfInvalidOptions" methodname="Maze2DToMap2DConverter_ThrowsIfInvalidOptions" classname="PlayersWorlds.Maps.Maze2DRendererTest" runstate="Runnable" seed="1486293288" result="Passed" start-time="2024-05-28T07:16:55.2446200Z" end-time="2024-05-28T07:16:55.2452390Z" duration="0.000619" asserts="6" />
          </test-suite>
          <test-suite type="TestFixture" id="1-1023" name="NArrayTest" fullname="PlayersWorlds.Maps.NArrayTest" classname="PlayersWorlds.Maps.NArrayTest" runstate="Runnable" testcasecount="24" result="Passed" start-time="2024-05-28T07:16:55.2452640Z" end-time="2024-05-28T07:16:55.2590080Z" duration="0.013744" total="24" passed="24" failed="0" warnings="0" inconclusive="0" skipped="0" asserts="83">
            <test-case id="1-1043" name="CellsAt_AnyCellAt2x2" fullname="PlayersWorlds.Maps.NArrayTest.CellsAt_AnyCellAt2x2" methodname="CellsAt_AnyCellAt2x2" classname="PlayersWorlds.Maps.NArrayTest" runstate="Runnable" seed="1975605117" result="Passed" start-time="2024-05-28T07:16:55.2453260Z" end-time="2024-05-28T07:16:55.2465400Z" duration="0.001214" asserts="5" />
            <test-case id="1-1046" name="CellsAt_AnyCellAtCloseEdge2x2" fullname="PlayersWorlds.Maps.NArrayTest.CellsAt_AnyCellAtCloseEdge2x2" methodname="CellsAt_AnyCellAtCloseEdge2x2" classname="PlayersWorlds.Maps.NArrayTest" runstate="Runnable" seed="1150490083" result="Passed" start-time="2024-05-28T07:16:55.2465500Z" end-time="2024-05-28T07:16:55.2468850Z" duration="0.000336" asserts="5" />
            <test-case id="1-1047" name="CellsAt_AnyCellAtZeroSize" fullname="PlayersWorlds.Maps.NArrayTest.CellsAt_AnyCellAtZeroSize" methodname="CellsAt_AnyCellAtZeroSize" classname="PlayersWorlds.Maps.NArrayTest" runstate="Runnable" seed="1191350789" result="Passed" start-time="2024-05-28T07:16:55.2468940Z" end-time="2024-05-28T07:16:55.2476000Z" duration="0.000707" asserts="1" />
            <test-case id="1-1024" name="NArray_Constructor_CreatesCorrectSize" fullname="PlayersWorlds.Maps.NArrayTest.NArray_Constructor_CreatesCorrectSize" methodname="NArray_Constructor_CreatesCorrectSize" classname="PlayersWorlds.Maps.NArrayTest" runstate="Runnable" seed="869671276" result="Passed" start-time="2024-05-28T07:16:55.2476090Z" end-time="2024-05-28T07:16:55.2479730Z" duration="0.000364" asserts="2" />
            <test-case id="1-1025" name="NArray_Constructor_SetsInitialValues" fullname="PlayersWorlds.Maps.NArrayTest.NArray_Constructor_SetsInitialValues" methodname="NArray_Constructor_SetsInitialValues" classname="PlayersWorlds.Maps.NArrayTest" runstate="Runnable" seed="42546105" result="Passed" start-time="2024-05-28T07:16:55.2479810Z" end-time="2024-05-28T07:16:55.2488250Z" duration="0.000844" asserts="4" />
            <test-case id="1-1026" name="NArray_Constructor_ThrowsOnInvalidSize" fullname="PlayersWorlds.Maps.NArrayTest.NArray_Constructor_ThrowsOnInvalidSize" methodname="NArray_Constructor_ThrowsOnInvalidSize" classname="PlayersWorlds.Maps.NArrayTest" runstate="Runnable" seed="1744010324" result="Passed" start-time="2024-05-28T07:16:55.2488340Z" end-time="2024-05-28T07:16:55.2490520Z" duration="0.000219" asserts="1" />
            <test-case id="1-1027" name="NArray_Indexing_GetValuesCorrectly" fullname="PlayersWorlds.Maps.NArrayTest.NArray_Indexing_GetValuesCorrectly" methodname="NArray_Indexing_GetValuesCorrectly" classname="PlayersWorlds.Maps.NArrayTest" runstate="Runnable" seed="964620732" result="Passed" start-time="2024-05-28T07:16:55.2490600Z" end-time="2024-05-28T07:16:55.2493170Z" duration="0.000257" asserts="1" />
            <test-case id="1-1029" name="NArray_Indexing_SetsValuesCorrectly" fullname="PlayersWorlds.Maps.NArrayTest.NArray_Indexing_SetsValuesCorrectly" methodname="NArray_Indexing_SetsValuesCorrectly" classname="PlayersWorlds.Maps.NArrayTest" runstate="Runnable" seed="1844867730" result="Passed" start-time="2024-05-28T07:16:55.2493260Z" end-time="2024-05-28T07:16:55.2494770Z" duration="0.000151" asserts="1" />
            <test-case id="1-1028" name="NArray_Indexing_ThrowsOnOutOfBounds" fullname="PlayersWorlds.Maps.NArrayTest.NArray_Indexing_ThrowsOnOutOfBounds" methodname="NArray_Indexing_ThrowsOnOutOfBounds" classname="PlayersWorlds.Maps.NArrayTest" runstate="Runnable" seed="259501595" result="Passed" start-time="2024-05-28T07:16:55.2494840Z" end-time="2024-05-28T07:16:55.2501610Z" duration="0.000677" asserts="4" />
            <test-case id="1-1040" name="NArray_Iterate_FourCellsFar" fullname="PlayersWorlds.Maps.NArrayTest.NArray_Iterate_FourCellsFar" methodname="NArray_Iterate_FourCellsFar" classname="PlayersWorlds.Maps.NArrayTest" runstate="Runnable" seed="874837984" result="Passed" start-time="2024-05-28T07:16:55.2501700Z" end-time="2024-05-28T07:16:55.2513250Z" duration="0.001155" asserts="5" />
            <test-case id="1-1037" name="NArray_Iterate_OneCell" fullname="PlayersWorlds.Maps.NArrayTest.NArray_Iterate_OneCell" methodname="NArray_Iterate_OneCell" classname="PlayersWorlds.Maps.NArrayTest" runstate="Runnable" seed="2080518564" result="Passed" start-time="2024-05-28T07:16:55.2513340Z" end-time="2024-05-28T07:16:55.2516420Z" duration="0.000308" asserts="2" />
            <test-case id="1-1041" name="NArray_Iterate_OutOfBounds" fullname="PlayersWorlds.Maps.NArrayTest.NArray_Iterate_OutOfBounds" methodname="NArray_Iterate_OutOfBounds" classname="PlayersWorlds.Maps.NArrayTest" runstate="Runnable" seed="628750748" result="Passed" start-time="2024-05-28T07:16:55.2516500Z" end-time="2024-05-28T07:16:55.2520730Z" duration="0.000423" asserts="4" />
            <test-case id="1-1030" name="NArray_Iterate_TraversesAllCells" fullname="PlayersWorlds.Maps.NArrayTest.NArray_Iterate_TraversesAllCells" methodname="NArray_Iterate_TraversesAllCells" classname="PlayersWorlds.Maps.NArrayTest" runstate="Runnable" seed="513754790" result="Passed" start-time="2024-05-28T07:16:55.2520810Z" end-time="2024-05-28T07:16:55.2525690Z" duration="0.000488" asserts="13" />
            <test-case id="1-1039" name="NArray_Iterate_TreeByTwo" fullname="PlayersWorlds.Maps.NArrayTest.NArray_Iterate_TreeByTwo" methodname="NArray_Iterate_TreeByTwo" classname="PlayersWorlds.Maps.NArrayTest" runstate="Runnable" seed="1065636941" result="Passed" start-time="2024-05-28T07:16:55.2525780Z" end-time="2024-05-28T07:16:55.2530680Z" duration="0.000490" asserts="7" />
            <test-case id="1-1038" name="NArray_Iterate_TwoCells" fullname="PlayersWorlds.Maps.NArrayTest.NArray_Iterate_TwoCells" methodname="NArray_Iterate_TwoCells" classname="PlayersWorlds.Maps.NArrayTest" runstate="Runnable" seed="1983964192" result="Passed" start-time="2024-05-28T07:16:55.2530760Z" end-time="2024-05-28T07:16:55.2536190Z" duration="0.000543" asserts="3" />
            <test-case id="1-1035" name="NArray_IterateAdjacentCells_ReturnsCorrectNeighbors" fullname="PlayersWorlds.Maps.NArrayTest.NArray_IterateAdjacentCells_ReturnsCorrectNeighbors" methodname="NArray_IterateAdjacentCells_ReturnsCorrectNeighbors" classname="PlayersWorlds.Maps.NArrayTest" runstate="Runnable" seed="1632480223" result="Passed" start-time="2024-05-28T07:16:55.2536280Z" end-time="2024-05-28T07:16:55.2553130Z" duration="0.001685" asserts="6" />
            <test-case id="1-1036" name="NArray_IterateAdjacentCells_ReturnsCorrectNeighborsIn4DSpace" fullname="PlayersWorlds.Maps.NArrayTest.NArray_IterateAdjacentCells_ReturnsCorrectNeighborsIn4DSpace" methodname="NArray_IterateAdjacentCells_ReturnsCorrectNeighborsIn4DSpace" classname="PlayersWorlds.Maps.NArrayTest" runstate="Runnable" seed="1525343043" result="Passed" start-time="2024-05-28T07:16:55.2553220Z" end-time="2024-05-28T07:16:55.2558760Z" duration="0.000555" asserts="6" />
            <test-case id="1-1044" name="NArray_IterateIntersection_AnyCellAtEdge1x1" fullname="PlayersWorlds.Maps.NArrayTest.NArray_IterateIntersection_AnyCellAtEdge1x1" methodname="NArray_IterateIntersection_AnyCellAtEdge1x1" classname="PlayersWorlds.Maps.NArrayTest" runstate="Runnable" seed="1461375896" result="Passed" start-time="2024-05-28T07:16:55.2558850Z" end-time="2024-05-28T07:16:55.2561180Z" duration="0.000233" asserts="2" />
            <test-case id="1-1045" name="NArray_IterateIntersection_AnyCellAtFarEdge2x2" fullname="PlayersWorlds.Maps.NArrayTest.NArray_IterateIntersection_AnyCellAtFarEdge2x2" methodname="NArray_IterateIntersection_AnyCellAtFarEdge2x2" classname="PlayersWorlds.Maps.NArrayTest" runstate="Runnable" seed="201332226" result="Passed" start-time="2024-05-28T07:16:55.2561260Z" end-time="2024-05-28T07:16:55.2563480Z" duration="0.000222" asserts="2" />
            <test-case id="1-1042" name="NArray_IterateIntersection_AnyCellAtP1x1" fullname="PlayersWorlds.Maps.NArrayTest.NArray_IterateIntersection_AnyCellAtP1x1" methodname="NArray_IterateIntersection_AnyCellAtP1x1" classname="PlayersWorlds.Maps.NArrayTest" runstate="Runnable" seed="1360490228" result="Passed" start-time="2024-05-28T07:16:55.2563570Z" end-time="2024-05-28T07:16:55.2565830Z" duration="0.000226" asserts="2" />
            <test-case id="1-1034" name="NArray_IterateIntersection_HandlesOverlap" fullname="PlayersWorlds.Maps.NArrayTest.NArray_IterateIntersection_HandlesOverlap" methodname="NArray_IterateIntersection_HandlesOverlap" classname="PlayersWorlds.Maps.NArrayTest" runstate="Runnable" seed="103662452" result="Passed" start-time="2024-05-28T07:16:55.2565910Z" end-time="2024-05-28T07:16:55.2573460Z" duration="0.000755" asserts="1" />
            <test-case id="1-1033" name="NArray_IterateRegion_HandlesDimensionsMismatch" fullname="PlayersWorlds.Maps.NArrayTest.NArray_IterateRegion_HandlesDimensionsMismatch" methodname="NArray_IterateRegion_HandlesDimensionsMismatch" classname="PlayersWorlds.Maps.NArrayTest" runstate="Runnable" seed="153425162" result="Passed" start-time="2024-05-28T07:16:55.2573540Z" end-time="2024-05-28T07:16:55.2582880Z" duration="0.000934" asserts="3" />
            <test-case id="1-1032" name="NArray_IterateRegion_HandlesOutOfBounds" fullname="PlayersWorlds.Maps.NArrayTest.NArray_IterateRegion_HandlesOutOfBounds" methodname="NArray_IterateRegion_HandlesOutOfBounds" classname="PlayersWorlds.Maps.NArrayTest" runstate="Runnable" seed="60059309" result="Passed" start-time="2024-05-28T07:16:55.2582970Z" end-time="2024-05-28T07:16:55.2587450Z" duration="0.000448" asserts="2" />
            <test-case id="1-1031" name="NArray_IterateRegion_ReturnsCorrectCells" fullname="PlayersWorlds.Maps.NArrayTest.NArray_IterateRegion_ReturnsCorrectCells" methodname="NArray_IterateRegion_ReturnsCorrectCells" classname="PlayersWorlds.Maps.NArrayTest" runstate="Runnable" seed="862145930" result="Passed" start-time="2024-05-28T07:16:55.2587530Z" end-time="2024-05-28T07:16:55.2589950Z" duration="0.000242" asserts="1" />
          </test-suite>
          <test-suite type="TestFixture" id="1-1048" name="OptionalTest" fullname="PlayersWorlds.Maps.OptionalTest" classname="PlayersWorlds.Maps.OptionalTest" runstate="Runnable" testcasecount="7" result="Passed" start-time="2024-05-28T07:16:55.2590220Z" end-time="2024-05-28T07:16:55.2606920Z" duration="0.001670" total="7" passed="7" failed="0" warnings="0" inconclusive="0" skipped="0" asserts="25">
            <test-case id="1-1054" name="Optional_CanBeCastToT" fullname="PlayersWorlds.Maps.OptionalTest.Optional_CanBeCastToT" methodname="Optional_CanBeCastToT" classname="PlayersWorlds.Maps.OptionalTest" runstate="Runnable" seed="245270308" result="Passed" start-time="2024-05-28T07:16:55.2590800Z" end-time="2024-05-28T07:16:55.2592240Z" duration="0.000144" asserts="1" />
            <test-case id="1-1049" name="Optional_Equality" fullname="PlayersWorlds.Maps.OptionalTest.Optional_Equality" methodname="Optional_Equality" classname="PlayersWorlds.Maps.OptionalTest" runstate="Runnable" seed="1655751994" result="Passed" start-time="2024-05-28T07:16:55.2592320Z" end-time="2024-05-28T07:16:55.2594350Z" duration="0.000203" asserts="3" />
            <test-case id="1-1051" name="Optional_Equals" fullname="PlayersWorlds.Maps.OptionalTest.Optional_Equals" methodname="Optional_Equals" classname="PlayersWorlds.Maps.OptionalTest" runstate="Runnable" seed="982526118" result="Passed" start-time="2024-05-28T07:16:55.2594430Z" end-time="2024-05-28T07:16:55.2597200Z" duration="0.000277" asserts="5" />
            <test-case id="1-1053" name="Optional_GetHashCode" fullname="PlayersWorlds.Maps.OptionalTest.Optional_GetHashCode" methodname="Optional_GetHashCode" classname="PlayersWorlds.Maps.OptionalTest" runstate="Runnable" seed="471725201" result="Passed" start-time="2024-05-28T07:16:55.2597290Z" end-time="2024-05-28T07:16:55.2599410Z" duration="0.000212" asserts="3" />
            <test-case id="1-1052" name="Optional_Null" fullname="PlayersWorlds.Maps.OptionalTest.Optional_Null" methodname="Optional_Null" classname="PlayersWorlds.Maps.OptionalTest" runstate="Runnable" seed="153753207" result="Passed" start-time="2024-05-28T07:16:55.2599480Z" end-time="2024-05-28T07:16:55.2603470Z" duration="0.000398" asserts="9" />
            <test-case id="1-1050" name="Optional_ThrowsIfNoValue" fullname="PlayersWorlds.Maps.OptionalTest.Optional_ThrowsIfNoValue" methodname="Optional_ThrowsIfNoValue" classname="PlayersWorlds.Maps.OptionalTest" runstate="Runnable" seed="485891105" result="Passed" start-time="2024-05-28T07:16:55.2603540Z" end-time="2024-05-28T07:16:55.2605010Z" duration="0.000147" asserts="2" />
            <test-case id="1-1055" name="Optional_ToStringShowsValue" fullname="PlayersWorlds.Maps.OptionalTest.Optional_ToStringShowsValue" methodname="Optional_ToStringShowsValue" classname="PlayersWorlds.Maps.OptionalTest" runstate="Runnable" seed="519461727" result="Passed" start-time="2024-05-28T07:16:55.2605090Z" end-time="2024-05-28T07:16:55.2606810Z" duration="0.000173" asserts="2" />
          </test-suite>
          <test-suite type="TestSuite" id="1-2066" name="Renderers" fullname="PlayersWorlds.Maps.Renderers" runstate="Runnable" testcasecount="1" result="Passed" start-time="2024-05-28T07:13:37.1515790Z" end-time="2024-05-28T07:16:55.2616130Z" duration="198.110034" total="1" passed="1" failed="0" warnings="0" inconclusive="0" skipped="0" asserts="1">
            <test-suite type="TestFixture" id="1-1107" name="Map2DStringRendererTest" fullname="PlayersWorlds.Maps.Renderers.Map2DStringRendererTest" classname="PlayersWorlds.Maps.Renderers.Map2DStringRendererTest" runstate="Runnable" testcasecount="1" result="Passed" start-time="2024-05-28T07:16:55.2607040Z" end-time="2024-05-28T07:16:55.2616060Z" duration="0.000902" total="1" passed="1" failed="0" warnings="0" inconclusive="0" skipped="0" asserts="1">
              <test-case id="1-1108" name="TestRender" fullname="PlayersWorlds.Maps.Renderers.Map2DStringRendererTest.TestRender" methodname="TestRender" classname="PlayersWorlds.Maps.Renderers.Map2DStringRendererTest" runstate="Runnable" seed="316930488" result="Passed" start-time="2024-05-28T07:16:55.2607600Z" end-time="2024-05-28T07:16:55.2615940Z" duration="0.000834" asserts="1" />
            </test-suite>
          </test-suite>
          <test-suite type="TestFixture" id="1-1065" name="VectorDTest" fullname="PlayersWorlds.Maps.VectorDTest" classname="PlayersWorlds.Maps.VectorDTest" runstate="Runnable" testcasecount="11" result="Passed" start-time="2024-05-28T07:16:55.2616230Z" end-time="2024-05-28T07:16:55.2649320Z" duration="0.003309" total="11" passed="11" failed="0" warnings="0" inconclusive="0" skipped="0" asserts="33">
            <test-case id="1-1073" name="CanAddAndSubtract" fullname="PlayersWorlds.Maps.VectorDTest.CanAddAndSubtract" methodname="CanAddAndSubtract" classname="PlayersWorlds.Maps.VectorDTest" runstate="Runnable" seed="354026068" result="Passed" start-time="2024-05-28T07:16:55.2616790Z" end-time="2024-05-28T07:16:55.2619830Z" duration="0.000304" asserts="5" />
            <test-case id="1-1074" name="ConstructorChecksArguments" fullname="PlayersWorlds.Maps.VectorDTest.ConstructorChecksArguments" methodname="ConstructorChecksArguments" classname="PlayersWorlds.Maps.VectorDTest" runstate="Runnable" seed="1308176856" result="Passed" start-time="2024-05-28T07:16:55.2619910Z" end-time="2024-05-28T07:16:55.2621000Z" duration="0.000110" asserts="1" />
            <test-case id="1-1067" name="EqualityIsCheckedByValue" fullname="PlayersWorlds.Maps.VectorDTest.EqualityIsCheckedByValue" methodname="EqualityIsCheckedByValue" classname="PlayersWorlds.Maps.VectorDTest" runstate="Runnable" seed="1887807744" result="Passed" start-time="2024-05-28T07:16:55.2621070Z" end-time="2024-05-28T07:16:55.2623160Z" duration="0.000209" asserts="4" />
            <test-case id="1-1068" name="GetHashCodeIsDerivedFromValue" fullname="PlayersWorlds.Maps.VectorDTest.GetHashCodeIsDerivedFromValue" methodname="GetHashCodeIsDerivedFromValue" classname="PlayersWorlds.Maps.VectorDTest" runstate="Runnable" seed="2139341382" result="Passed" start-time="2024-05-28T07:16:55.2623240Z" end-time="2024-05-28T07:16:55.2624030Z" duration="0.000079" asserts="1" />
            <test-case id="1-1071" name="InitializedAsNull" fullname="PlayersWorlds.Maps.VectorDTest.InitializedAsNull" methodname="InitializedAsNull" classname="PlayersWorlds.Maps.VectorDTest" runstate="Runnable" seed="300876926" result="Passed" start-time="2024-05-28T07:16:55.2624100Z" end-time="2024-05-28T07:16:55.2625120Z" duration="0.000103" asserts="1" />
            <test-case id="1-1070" name="InitializedEmpty" fullname="PlayersWorlds.Maps.VectorDTest.InitializedEmpty" methodname="InitializedEmpty" classname="PlayersWorlds.Maps.VectorDTest" runstate="Runnable" seed="2034593087" result="Passed" start-time="2024-05-28T07:16:55.2625190Z" end-time="2024-05-28T07:16:55.2627700Z" duration="0.000251" asserts="4" />
            <test-case id="1-1066" name="IsInitialized" fullname="PlayersWorlds.Maps.VectorDTest.IsInitialized" methodname="IsInitialized" classname="PlayersWorlds.Maps.VectorDTest" runstate="Runnable" seed="1800370506" result="Passed" start-time="2024-05-28T07:16:55.2627780Z" end-time="2024-05-28T07:16:55.2629350Z" duration="0.000157" asserts="2" />
            <test-case id="1-1072" name="IsZero" fullname="PlayersWorlds.Maps.VectorDTest.IsZero" methodname="IsZero" classname="PlayersWorlds.Maps.VectorDTest" runstate="Runnable" seed="1142446708" result="Passed" start-time="2024-05-28T07:16:55.2629420Z" end-time="2024-05-28T07:16:55.2630530Z" duration="0.000111" asserts="3" />
            <test-case id="1-1075" name="SnappedForce" fullname="PlayersWorlds.Maps.VectorDTest.SnappedForce" methodname="SnappedForce" classname="PlayersWorlds.Maps.VectorDTest" runstate="Runnable" seed="2029046943" result="Passed" start-time="2024-05-28T07:16:55.2630610Z" end-time="2024-05-28T07:16:55.2644150Z" duration="0.001355" asserts="9" />
            <test-case id="1-1069" name="ToStringFormat" fullname="PlayersWorlds.Maps.VectorDTest.ToStringFormat" methodname="ToStringFormat" classname="PlayersWorlds.Maps.VectorDTest" runstate="Runnable" seed="1451907412" result="Passed" start-time="2024-05-28T07:16:55.2644250Z" end-time="2024-05-28T07:16:55.2645110Z" duration="0.000086" asserts="1" />
            <test-case id="1-1076" name="VectorD_Parse" fullname="PlayersWorlds.Maps.VectorDTest.VectorD_Parse" methodname="VectorD_Parse" classname="PlayersWorlds.Maps.VectorDTest" runstate="Runnable" seed="2056095317" result="Passed" start-time="2024-05-28T07:16:55.2645180Z" end-time="2024-05-28T07:16:55.2649190Z" duration="0.000401" asserts="2" />
          </test-suite>
          <test-suite type="TestFixture" id="1-1077" name="VectorTest" fullname="PlayersWorlds.Maps.VectorTest" classname="PlayersWorlds.Maps.VectorTest" runstate="Runnable" testcasecount="29" result="Passed" start-time="2024-05-28T07:16:55.2649460Z" end-time="2024-05-28T07:16:55.2728040Z" duration="0.007857" total="29" passed="29" failed="0" warnings="0" inconclusive="0" skipped="0" asserts="229">
            <test-case id="1-1094" name="FitsInto" fullname="PlayersWorlds.Maps.VectorTest.FitsInto" methodname="FitsInto" classname="PlayersWorlds.Maps.VectorTest" runstate="Runnable" seed="2027642009" result="Passed" start-time="2024-05-28T07:16:55.2650030Z" end-time="2024-05-28T07:16:55.2651410Z" duration="0.000138" asserts="3" />
            <test-case id="1-1097" name="FromIndex_Matches_FromIndex" fullname="PlayersWorlds.Maps.VectorTest.FromIndex_Matches_FromIndex" methodname="FromIndex_Matches_FromIndex" classname="PlayersWorlds.Maps.VectorTest" runstate="Runnable" seed="1758989916" result="Passed" start-time="2024-05-28T07:16:55.2651480Z" end-time="2024-05-28T07:16:55.2652500Z" duration="0.000102" asserts="1" />
            <test-case id="1-1105" name="FromIndex_ShouldThrowException_DimensionMismatch" fullname="PlayersWorlds.Maps.VectorTest.FromIndex_ShouldThrowException_DimensionMismatch" methodname="FromIndex_ShouldThrowException_DimensionMismatch" classname="PlayersWorlds.Maps.VectorTest" runstate="Runnable" seed="539404476" result="Passed" start-time="2024-05-28T07:16:55.2652570Z" end-time="2024-05-28T07:16:55.2656280Z" duration="0.000370" asserts="1" />
            <test-case id="1-1095" name="IsIn" fullname="PlayersWorlds.Maps.VectorTest.IsIn" methodname="IsIn" classname="PlayersWorlds.Maps.VectorTest" runstate="Runnable" seed="285149116" result="Passed" start-time="2024-05-28T07:16:55.2656360Z" end-time="2024-05-28T07:16:55.2658900Z" duration="0.000255" asserts="7" />
            <test-case id="1-1106" name="NorthEastComparer_ComparesCorrectly" fullname="PlayersWorlds.Maps.VectorTest.NorthEastComparer_ComparesCorrectly" methodname="NorthEastComparer_ComparesCorrectly" classname="PlayersWorlds.Maps.VectorTest" runstate="Runnable" seed="1706509998" result="Passed" start-time="2024-05-28T07:16:55.2658970Z" end-time="2024-05-28T07:16:55.2668200Z" duration="0.000923" asserts="1" />
            <test-case id="1-1079" name="Size_NotInitialized" fullname="PlayersWorlds.Maps.VectorTest.Size_NotInitialized" methodname="Size_NotInitialized" classname="PlayersWorlds.Maps.VectorTest" runstate="Runnable" seed="1538262738" result="Passed" start-time="2024-05-28T07:16:55.2668290Z" end-time="2024-05-28T07:16:55.2670140Z" duration="0.000186" asserts="2" />
            <test-case id="1-1101" name="ToIndex_FromIndex_RoundTripConversion" fullname="PlayersWorlds.Maps.VectorTest.ToIndex_FromIndex_RoundTripConversion" methodname="ToIndex_FromIndex_RoundTripConversion" classname="PlayersWorlds.Maps.VectorTest" runstate="Runnable" seed="623816664" result="Passed" start-time="2024-05-28T07:16:55.2670220Z" end-time="2024-05-28T07:16:55.2677280Z" duration="0.000706" asserts="150" />
            <test-case id="1-1102" name="ToIndex_FromIndex_Valid5D" fullname="PlayersWorlds.Maps.VectorTest.ToIndex_FromIndex_Valid5D" methodname="ToIndex_FromIndex_Valid5D" classname="PlayersWorlds.Maps.VectorTest" runstate="Runnable" seed="1346643388" result="Passed" start-time="2024-05-28T07:16:55.2677360Z" end-time="2024-05-28T07:16:55.2693830Z" duration="0.001647" asserts="13" />
            <test-case id="1-1096" name="ToIndex_Matches_ToIndex" fullname="PlayersWorlds.Maps.VectorTest.ToIndex_Matches_ToIndex" methodname="ToIndex_Matches_ToIndex" classname="PlayersWorlds.Maps.VectorTest" runstate="Runnable" seed="13190543" result="Passed" start-time="2024-05-28T07:16:55.2693920Z" end-time="2024-05-28T07:16:55.2694920Z" duration="0.000100" asserts="1" />
            <test-case id="1-1098" name="ToIndex_ShouldCalculateCorrectIndex_1D" fullname="PlayersWorlds.Maps.VectorTest.ToIndex_ShouldCalculateCorrectIndex_1D" methodname="ToIndex_ShouldCalculateCorrectIndex_1D" classname="PlayersWorlds.Maps.VectorTest" runstate="Runnable" seed="1219649521" result="Passed" start-time="2024-05-28T07:16:55.2694990Z" end-time="2024-05-28T07:16:55.2695990Z" duration="0.000100" asserts="2" />
            <test-case id="1-1099" name="ToIndex_ShouldCalculateCorrectIndex_2D" fullname="PlayersWorlds.Maps.VectorTest.ToIndex_ShouldCalculateCorrectIndex_2D" methodname="ToIndex_ShouldCalculateCorrectIndex_2D" classname="PlayersWorlds.Maps.VectorTest" runstate="Runnable" seed="1368673638" result="Passed" start-time="2024-05-28T07:16:55.2696060Z" end-time="2024-05-28T07:16:55.2697050Z" duration="0.000099" asserts="2" />
            <test-case id="1-1100" name="ToIndex_ShouldCalculateCorrectIndex_3D" fullname="PlayersWorlds.Maps.VectorTest.ToIndex_ShouldCalculateCorrectIndex_3D" methodname="ToIndex_ShouldCalculateCorrectIndex_3D" classname="PlayersWorlds.Maps.VectorTest" runstate="Runnable" seed="28789425" result="Passed" start-time="2024-05-28T07:16:55.2697120Z" end-time="2024-05-28T07:16:55.2698070Z" duration="0.000096" asserts="2" />
            <test-case id="1-1104" name="ToIndex_ShouldThrowException_DimensionMismatch" fullname="PlayersWorlds.Maps.VectorTest.ToIndex_ShouldThrowException_DimensionMismatch" methodname="ToIndex_ShouldThrowException_DimensionMismatch" classname="PlayersWorlds.Maps.VectorTest" runstate="Runnable" seed="808099380" result="Passed" start-time="2024-05-28T07:16:55.2698140Z" end-time="2024-05-28T07:16:55.2699860Z" duration="0.000172" asserts="1" />
            <test-case id="1-1103" name="ToIndex_ShouldThrowException_DimensionOverflow" fullname="PlayersWorlds.Maps.VectorTest.ToIndex_ShouldThrowException_DimensionOverflow" methodname="ToIndex_ShouldThrowException_DimensionOverflow" classname="PlayersWorlds.Maps.VectorTest" runstate="Runnable" seed="673465832" result="Passed" start-time="2024-05-28T07:16:55.2699940Z" end-time="2024-05-28T07:16:55.2701780Z" duration="0.000184" asserts="1" />
            <test-case id="1-1087" name="Vector_CanAddAndSubtract" fullname="PlayersWorlds.Maps.VectorTest.Vector_CanAddAndSubtract" methodname="Vector_CanAddAndSubtract" classname="PlayersWorlds.Maps.VectorTest" runstate="Runnable" seed="660107836" result="Passed" start-time="2024-05-28T07:16:55.2701860Z" end-time="2024-05-28T07:16:55.2705540Z" duration="0.000368" asserts="6" />
            <test-case id="1-1088" name="Vector_ConstructorChecksArguments" fullname="PlayersWorlds.Maps.VectorTest.Vector_ConstructorChecksArguments" methodname="Vector_ConstructorChecksArguments" classname="PlayersWorlds.Maps.VectorTest" runstate="Runnable" seed="1769139618" result="Passed" start-time="2024-05-28T07:16:55.2705610Z" end-time="2024-05-28T07:16:55.2706540Z" duration="0.000093" asserts="1" />
            <test-case id="1-1085" name="Vector_EmptyIsEmpty" fullname="PlayersWorlds.Maps.VectorTest.Vector_EmptyIsEmpty" methodname="Vector_EmptyIsEmpty" classname="PlayersWorlds.Maps.VectorTest" runstate="Runnable" seed="1521129014" result="Passed" start-time="2024-05-28T07:16:55.2706620Z" end-time="2024-05-28T07:16:55.2707280Z" duration="0.000066" asserts="1" />
            <test-case id="1-1084" name="Vector_EmptyVectorIsEmpty" fullname="PlayersWorlds.Maps.VectorTest.Vector_EmptyVectorIsEmpty" methodname="Vector_EmptyVectorIsEmpty" classname="PlayersWorlds.Maps.VectorTest" runstate="Runnable" seed="1289804950" result="Passed" start-time="2024-05-28T07:16:55.2707350Z" end-time="2024-05-28T07:16:55.2707990Z" duration="0.000064" asserts="1" />
            <test-case id="1-1080" name="Vector_EqualityIsCheckedByValue" fullname="PlayersWorlds.Maps.VectorTest.Vector_EqualityIsCheckedByValue" methodname="Vector_EqualityIsCheckedByValue" classname="PlayersWorlds.Maps.VectorTest" runstate="Runnable" seed="1252513042" result="Passed" start-time="2024-05-28T07:16:55.2708060Z" end-time="2024-05-28T07:16:55.2710690Z" duration="0.000263" asserts="5" />
            <test-case id="1-1092" name="Vector_FromIndex" fullname="PlayersWorlds.Maps.VectorTest.Vector_FromIndex" methodname="Vector_FromIndex" classname="PlayersWorlds.Maps.VectorTest" runstate="Runnable" seed="1994980000" result="Passed" start-time="2024-05-28T07:16:55.2710770Z" end-time="2024-05-28T07:16:55.2711940Z" duration="0.000117" asserts="2" />
            <test-case id="1-1081" name="Vector_GetHashCodeIsDerivedFromValue" fullname="PlayersWorlds.Maps.VectorTest.Vector_GetHashCodeIsDerivedFromValue" methodname="Vector_GetHashCodeIsDerivedFromValue" classname="PlayersWorlds.Maps.VectorTest" runstate="Runnable" seed="227055465" result="Passed" start-time="2024-05-28T07:16:55.2712010Z" end-time="2024-05-28T07:16:55.2714010Z" duration="0.000200" asserts="2" />
            <test-case id="1-1078" name="Vector_IsInitialized" fullname="PlayersWorlds.Maps.VectorTest.Vector_IsInitialized" methodname="Vector_IsInitialized" classname="PlayersWorlds.Maps.VectorTest" runstate="Runnable" seed="1014770527" result="Passed" start-time="2024-05-28T07:16:55.2714090Z" end-time="2024-05-28T07:16:55.2714880Z" duration="0.000079" asserts="2" />
            <test-case id="1-1086" name="Vector_NotEqualToNull" fullname="PlayersWorlds.Maps.VectorTest.Vector_NotEqualToNull" methodname="Vector_NotEqualToNull" classname="PlayersWorlds.Maps.VectorTest" runstate="Runnable" seed="767693010" result="Passed" start-time="2024-05-28T07:16:55.2714950Z" end-time="2024-05-28T07:16:55.2716840Z" duration="0.000188" asserts="3" />
            <test-case id="1-1090" name="Vector_SnappedForce" fullname="PlayersWorlds.Maps.VectorTest.Vector_SnappedForce" methodname="Vector_SnappedForce" classname="PlayersWorlds.Maps.VectorTest" runstate="Runnable" seed="213381781" result="Passed" start-time="2024-05-28T07:16:55.2716910Z" end-time="2024-05-28T07:16:55.2720880Z" duration="0.000397" asserts="9" />
            <test-case id="1-1089" name="Vector_ThrowsIfNotAValidSize" fullname="PlayersWorlds.Maps.VectorTest.Vector_ThrowsIfNotAValidSize" methodname="Vector_ThrowsIfNotAValidSize" classname="PlayersWorlds.Maps.VectorTest" runstate="Runnable" seed="525021657" result="Passed" start-time="2024-05-28T07:16:55.2720960Z" end-time="2024-05-28T07:16:55.2723330Z" duration="0.000237" asserts="3" />
            <test-case id="1-1091" name="Vector_ToIndex" fullname="PlayersWorlds.Maps.VectorTest.Vector_ToIndex" methodname="Vector_ToIndex" classname="PlayersWorlds.Maps.VectorTest" runstate="Runnable" seed="101519411" result="Passed" start-time="2024-05-28T07:16:55.2723410Z" end-time="2024-05-28T07:16:55.2725160Z" duration="0.000176" asserts="3" />
            <test-case id="1-1082" name="Vector_ToStringFormat" fullname="PlayersWorlds.Maps.VectorTest.Vector_ToStringFormat" methodname="Vector_ToStringFormat" classname="PlayersWorlds.Maps.VectorTest" runstate="Runnable" seed="491798834" result="Passed" start-time="2024-05-28T07:16:55.2725250Z" end-time="2024-05-28T07:16:55.2726120Z" duration="0.000088" asserts="2" />
            <test-case id="1-1083" name="Vector_ZeroVectorIsNotEmpty" fullname="PlayersWorlds.Maps.VectorTest.Vector_ZeroVectorIsNotEmpty" methodname="Vector_ZeroVectorIsNotEmpty" classname="PlayersWorlds.Maps.VectorTest" runstate="Runnable" seed="525769182" result="Passed" start-time="2024-05-28T07:16:55.2726190Z" end-time="2024-05-28T07:16:55.2727030Z" duration="0.000084" asserts="1" />
            <test-case id="1-1093" name="VectorD_Parse" fullname="PlayersWorlds.Maps.VectorTest.VectorD_Parse" methodname="VectorD_Parse" classname="PlayersWorlds.Maps.VectorTest" runstate="Runnable" seed="1779296539" result="Passed" start-time="2024-05-28T07:16:55.2727100Z" end-time="2024-05-28T07:16:55.2727920Z" duration="0.000081" asserts="1" />
          </test-suite>
        </test-suite>
      </test-suite>
      <test-suite type="TestFixture" id="1-1000" name="RandomAreaGeneratorTest" fullname="RandomAreaGeneratorTest" classname="RandomAreaGeneratorTest" runstate="Runnable" testcasecount="2" result="Passed" start-time="2024-05-28T07:16:55.2728310Z" end-time="2024-05-28T07:16:55.3085630Z" duration="0.035732" total="2" passed="2" failed="0" warnings="0" inconclusive="0" skipped="0" asserts="3042">
        <test-case id="1-1001" name="ZoneGenerator_CanGenerateZones" fullname="RandomAreaGeneratorTest.ZoneGenerator_CanGenerateZones" methodname="ZoneGenerator_CanGenerateZones" classname="RandomAreaGeneratorTest" runstate="Runnable" seed="1523657833" result="Passed" start-time="2024-05-28T07:16:55.2728860Z" end-time="2024-05-28T07:16:55.3078510Z" duration="0.034965" asserts="3006">
          <properties>
            <property name="Category" value="Integration" />
          </properties>
        </test-case>
        <test-case id="1-1002" name="ZoneGenerator_CustomSettings" fullname="RandomAreaGeneratorTest.ZoneGenerator_CustomSettings" methodname="ZoneGenerator_CustomSettings" classname="RandomAreaGeneratorTest" runstate="Runnable" seed="498194508" result="Passed" start-time="2024-05-28T07:16:55.3078650Z" end-time="2024-05-28T07:16:55.3085470Z" duration="0.000682" asserts="36">
          <properties>
            <property name="Category" value="Integration" />
          </properties>
        </test-case>
      </test-suite>
    </test-suite>
  </test-suite>
</test-run>