<?xml version="1.0" encoding="utf-8" standalone="no"?>
<test-run id="0" runstate="Runnable" testcasecount="762" result="Passed" total="207" passed="207" failed="0" warnings="0" inconclusive="0" skipped="0" asserts="5087" engine-version="3.17.0.0" clr-version="4.0.30319.42000" start-time="2024-01-30 14:19:15Z" end-time="2024-01-30 14:19:16Z" duration="0.858973">
  <command-line><![CDATA[/home/data/repos/github.com/aynurin/maze-gen/packages/NUnit.ConsoleRunner.3.17.0/tools/nunit3-console.exe build/Debug/tests/PlayersWorlds.Maps.Tests.dll --framework=mono-4.0 --where=Category!=Load]]></command-line>
  <filter>
    <not>
      <prop name="Category">Load</prop>
    </not>
  </filter>
  <test-suite type="Assembly" id="1-1796" name="PlayersWorlds.Maps.Tests.dll" fullname="/home/data/repos/github.com/aynurin/maze-gen/build/Debug/tests/PlayersWorlds.Maps.Tests.dll" runstate="Runnable" testcasecount="762" result="Passed" start-time="2024-01-30T14:19:15.5581920Z" end-time="2024-01-30T14:19:15.9787820Z" duration="0.420511" total="207" passed="207" failed="0" warnings="0" inconclusive="0" skipped="0" asserts="5087">
    <environment framework-version="4.0.1.0" clr-version="4.0.30319.42000" os-version="Unix 6.1.69.1" platform="Unix" cwd="/home/data/repos/github.com/aynurin/maze-gen" machine-name="lightview" user="shav" user-domain="lightview" culture="en-US" uiculture="en-US" os-architecture="x64" />
    <settings>
      <setting name="RequestedRuntimeFramework" value="mono-4.0" />
      <setting name="DisposeRunners" value="True" />
      <setting name="WorkDirectory" value="/home/data/repos/github.com/aynurin/maze-gen" />
      <setting name="ImageRuntimeVersion" value="4.0.30319" />
      <setting name="ImageTargetFrameworkName" value=".NETFramework,Version=v4.7" />
      <setting name="ImageRequiresX86" value="False" />
      <setting name="ImageRequiresDefaultAppDomainAssemblyResolver" value="False" />
      <setting name="TargetRuntimeFramework" value="mono-4.0" />
      <setting name="NumberOfTestWorkers" value="24" />
    </settings>
    <properties>
      <property name="_PID" value="290612" />
      <property name="_APPDOMAIN" value="domain-" />
    </properties>
    <test-suite type="SetUpFixture" id="1-1003" name="[default namespace]" fullname="SetUpTests" classname="SetUpTests" runstate="Runnable" testcasecount="762" result="Passed" start-time="2024-01-30T14:19:15.5631760Z" end-time="2024-01-30T14:19:15.9787720Z" duration="0.415597" total="207" passed="207" failed="0" warnings="0" inconclusive="0" skipped="0" asserts="5087">
      <test-suite type="TestSuite" id="1-1797" name="PlayersWorlds" fullname="PlayersWorlds" runstate="Runnable" testcasecount="760" result="Passed" start-time="2024-01-30T14:19:15.5660400Z" end-time="2024-01-30T14:19:15.9705810Z" duration="0.404542" total="205" passed="205" failed="0" warnings="0" inconclusive="0" skipped="0" asserts="2045">
        <test-suite type="TestSuite" id="1-1798" name="Maps" fullname="PlayersWorlds.Maps" runstate="Runnable" testcasecount="760" result="Passed" start-time="2024-01-30T14:19:15.5661000Z" end-time="2024-01-30T14:19:15.9705760Z" duration="0.404476" total="205" passed="205" failed="0" warnings="0" inconclusive="0" skipped="0" asserts="2045">
          <test-suite type="TestSuite" id="1-1803" name="Areas" fullname="PlayersWorlds.Maps.Areas" runstate="Runnable" testcasecount="113" result="Passed" start-time="2024-01-30T14:19:15.5661090Z" end-time="2024-01-30T14:19:15.7347470Z" duration="0.168638" total="62" passed="62" failed="0" warnings="0" inconclusive="0" skipped="0" asserts="201">
            <test-suite type="TestSuite" id="1-1804" name="Evolving" fullname="PlayersWorlds.Maps.Areas.Evolving" runstate="Runnable" testcasecount="109" result="Passed" start-time="2024-01-30T14:19:15.5661140Z" end-time="2024-01-30T14:19:15.7330650Z" duration="0.166951" total="58" passed="58" failed="0" warnings="0" inconclusive="0" skipped="0" asserts="175">
              <test-suite type="TestFixture" id="1-1680" name="AreaDistributorTest" fullname="PlayersWorlds.Maps.Areas.Evolving.AreaDistributorTest" classname="PlayersWorlds.Maps.Areas.Evolving.AreaDistributorTest" runstate="Runnable" testcasecount="73" result="Passed" start-time="2024-01-30T14:19:15.5661530Z" end-time="2024-01-30T14:19:15.6180570Z" duration="0.051904" total="23" passed="23" failed="0" warnings="0" inconclusive="0" skipped="0" asserts="46">
                <test-case id="1-1681" name="AreaDistributorTest_OneTest" fullname="PlayersWorlds.Maps.Areas.Evolving.AreaDistributorTest.AreaDistributorTest_OneTest" methodname="AreaDistributorTest_OneTest" classname="PlayersWorlds.Maps.Areas.Evolving.AreaDistributorTest" runstate="Runnable" seed="1660377701" result="Passed" start-time="2024-01-30T14:19:15.5662180Z" end-time="2024-01-30T14:19:15.5999280Z" duration="0.033781" asserts="2" />
                <test-suite type="ParameterizedMethod" id="1-1694" name="AreaDistributorTest_OverlapTwo" fullname="PlayersWorlds.Maps.Areas.Evolving.AreaDistributorTest.AreaDistributorTest_OverlapTwo" classname="PlayersWorlds.Maps.Areas.Evolving.AreaDistributorTest" runstate="Runnable" testcasecount="10" result="Passed" start-time="2024-01-30T14:19:15.6012430Z" end-time="2024-01-30T14:19:15.6126740Z" duration="0.011431" total="10" passed="10" failed="0" warnings="0" inconclusive="0" skipped="0" asserts="20">
                  <test-case id="1-1684" name="AreaDistributorTest_OverlapTwo(&quot;11x11: P2x2;S4x4 P5x5;S4x4&quot;)" fullname="PlayersWorlds.Maps.Areas.Evolving.AreaDistributorTest.AreaDistributorTest_OverlapTwo(&quot;11x11: P2x2;S4x4 P5x5;S4x4&quot;)" methodname="AreaDistributorTest_OverlapTwo" classname="PlayersWorlds.Maps.Areas.Evolving.AreaDistributorTest" runstate="Runnable" seed="1513217023" result="Passed" start-time="2024-01-30T14:19:15.6013130Z" end-time="2024-01-30T14:19:15.6066810Z" duration="0.005368" asserts="2" />
                  <test-case id="1-1685" name="AreaDistributorTest_OverlapTwo(&quot;11x11: P5x2;S4x4 P2x5;S4x4&quot;)" fullname="PlayersWorlds.Maps.Areas.Evolving.AreaDistributorTest.AreaDistributorTest_OverlapTwo(&quot;11x11: P5x2;S4x4 P2x5;S4x4&quot;)" methodname="AreaDistributorTest_OverlapTwo" classname="PlayersWorlds.Maps.Areas.Evolving.AreaDistributorTest" runstate="Runnable" seed="144770408" result="Passed" start-time="2024-01-30T14:19:15.6066900Z" end-time="2024-01-30T14:19:15.6070480Z" duration="0.000359" asserts="2" />
                  <test-case id="1-1686" name="AreaDistributorTest_OverlapTwo(&quot;11x11: P2x5;S4x4 P5x2;S4x4&quot;)" fullname="PlayersWorlds.Maps.Areas.Evolving.AreaDistributorTest.AreaDistributorTest_OverlapTwo(&quot;11x11: P2x5;S4x4 P5x2;S4x4&quot;)" methodname="AreaDistributorTest_OverlapTwo" classname="PlayersWorlds.Maps.Areas.Evolving.AreaDistributorTest" runstate="Runnable" seed="475469509" result="Passed" start-time="2024-01-30T14:19:15.6070550Z" end-time="2024-01-30T14:19:15.6074000Z" duration="0.000345" asserts="2" />
                  <test-case id="1-1687" name="AreaDistributorTest_OverlapTwo(&quot;11x11: P5x5;S4x4 P2x2;S4x4&quot;)" fullname="PlayersWorlds.Maps.Areas.Evolving.AreaDistributorTest.AreaDistributorTest_OverlapTwo(&quot;11x11: P5x5;S4x4 P2x2;S4x4&quot;)" methodname="AreaDistributorTest_OverlapTwo" classname="PlayersWorlds.Maps.Areas.Evolving.AreaDistributorTest" runstate="Runnable" seed="1512987421" result="Passed" start-time="2024-01-30T14:19:15.6074060Z" end-time="2024-01-30T14:19:15.6077320Z" duration="0.000326" asserts="2" />
                  <test-case id="1-1688" name="AreaDistributorTest_OverlapTwo(&quot;11x11: P4x4;S4x4 P3x3;S4x4&quot;)" fullname="PlayersWorlds.Maps.Areas.Evolving.AreaDistributorTest.AreaDistributorTest_OverlapTwo(&quot;11x11: P4x4;S4x4 P3x3;S4x4&quot;)" methodname="AreaDistributorTest_OverlapTwo" classname="PlayersWorlds.Maps.Areas.Evolving.AreaDistributorTest" runstate="Runnable" seed="440828938" result="Passed" start-time="2024-01-30T14:19:15.6077380Z" end-time="2024-01-30T14:19:15.6080690Z" duration="0.000331" asserts="2" />
                  <test-case id="1-1689" name="AreaDistributorTest_OverlapTwo(&quot;11x11: P4x3;S4x4 P3x4;S4x4&quot;)" fullname="PlayersWorlds.Maps.Areas.Evolving.AreaDistributorTest.AreaDistributorTest_OverlapTwo(&quot;11x11: P4x3;S4x4 P3x4;S4x4&quot;)" methodname="AreaDistributorTest_OverlapTwo" classname="PlayersWorlds.Maps.Areas.Evolving.AreaDistributorTest" runstate="Runnable" seed="1328212867" result="Passed" start-time="2024-01-30T14:19:15.6080760Z" end-time="2024-01-30T14:19:15.6083910Z" duration="0.000315" asserts="2" />
                  <test-case id="1-1690" name="AreaDistributorTest_OverlapTwo(&quot;11x11: P3.5x3.5;S4x4 P3.5x3.5;S4x4&quot;)" fullname="PlayersWorlds.Maps.Areas.Evolving.AreaDistributorTest.AreaDistributorTest_OverlapTwo(&quot;11x11: P3.5x3.5;S4x4 P3.5x3.5;S4x4&quot;)" methodname="AreaDistributorTest_OverlapTwo" classname="PlayersWorlds.Maps.Areas.Evolving.AreaDistributorTest" runstate="Runnable" seed="1239289906" result="Passed" start-time="2024-01-30T14:19:15.6083960Z" end-time="2024-01-30T14:19:15.6097090Z" duration="0.001313" asserts="2" />
                  <test-case id="1-1691" name="AreaDistributorTest_OverlapTwo(&quot;16x16: P4x4;S8x8 P5x9;S2x2&quot;)" fullname="PlayersWorlds.Maps.Areas.Evolving.AreaDistributorTest.AreaDistributorTest_OverlapTwo(&quot;16x16: P4x4;S8x8 P5x9;S2x2&quot;)" methodname="AreaDistributorTest_OverlapTwo" classname="PlayersWorlds.Maps.Areas.Evolving.AreaDistributorTest" runstate="Runnable" seed="942070231" result="Passed" start-time="2024-01-30T14:19:15.6097170Z" end-time="2024-01-30T14:19:15.6110130Z" duration="0.001296" asserts="2" />
                  <test-case id="1-1692" name="AreaDistributorTest_OverlapTwo(&quot;16x16: P4x4;S8x8 P5x7;S4x4&quot;)" fullname="PlayersWorlds.Maps.Areas.Evolving.AreaDistributorTest.AreaDistributorTest_OverlapTwo(&quot;16x16: P4x4;S8x8 P5x7;S4x4&quot;)" methodname="AreaDistributorTest_OverlapTwo" classname="PlayersWorlds.Maps.Areas.Evolving.AreaDistributorTest" runstate="Runnable" seed="599814574" result="Passed" start-time="2024-01-30T14:19:15.6110210Z" end-time="2024-01-30T14:19:15.6113940Z" duration="0.000374" asserts="2" />
                  <test-case id="1-1693" name="AreaDistributorTest_OverlapTwo(&quot;16x16: P5x5;S6x6 P6x6;S4x4&quot;)" fullname="PlayersWorlds.Maps.Areas.Evolving.AreaDistributorTest.AreaDistributorTest_OverlapTwo(&quot;16x16: P5x5;S6x6 P6x6;S4x4&quot;)" methodname="AreaDistributorTest_OverlapTwo" classname="PlayersWorlds.Maps.Areas.Evolving.AreaDistributorTest" runstate="Runnable" seed="964278354" result="Passed" start-time="2024-01-30T14:19:15.6114000Z" end-time="2024-01-30T14:19:15.6117120Z" duration="0.000312" asserts="2" />
                </test-suite>
                <test-case id="1-1682" name="AreaDistributorTest_SidePressure" fullname="PlayersWorlds.Maps.Areas.Evolving.AreaDistributorTest.AreaDistributorTest_SidePressure" methodname="AreaDistributorTest_SidePressure" classname="PlayersWorlds.Maps.Areas.Evolving.AreaDistributorTest" runstate="Runnable" seed="1002096170" result="Passed" start-time="2024-01-30T14:19:15.6134620Z" end-time="2024-01-30T14:19:15.6144260Z" duration="0.000964" asserts="2" />
                <test-suite type="ParameterizedMethod" id="1-1705" name="AreaDistributorTest_SingleMapForce" fullname="PlayersWorlds.Maps.Areas.Evolving.AreaDistributorTest.AreaDistributorTest_SingleMapForce" classname="PlayersWorlds.Maps.Areas.Evolving.AreaDistributorTest" runstate="Runnable" testcasecount="10" result="Passed" start-time="2024-01-30T14:19:15.6144340Z" end-time="2024-01-30T14:19:15.6176630Z" duration="0.003229" total="10" passed="10" failed="0" warnings="0" inconclusive="0" skipped="0" asserts="20">
                  <test-case id="1-1695" name="AreaDistributorTest_SingleMapForce(&quot;6x12: P1x2;S2x2&quot;)" fullname="PlayersWorlds.Maps.Areas.Evolving.AreaDistributorTest.AreaDistributorTest_SingleMapForce(&quot;6x12: P1x2;S2x2&quot;)" methodname="AreaDistributorTest_SingleMapForce" classname="PlayersWorlds.Maps.Areas.Evolving.AreaDistributorTest" runstate="Runnable" seed="1623907905" result="Passed" start-time="2024-01-30T14:19:15.6144490Z" end-time="2024-01-30T14:19:15.6150040Z" duration="0.000555" asserts="2" />
                  <test-case id="1-1696" name="AreaDistributorTest_SingleMapForce(&quot;6x12: P2x2;S2x2&quot;)" fullname="PlayersWorlds.Maps.Areas.Evolving.AreaDistributorTest.AreaDistributorTest_SingleMapForce(&quot;6x12: P2x2;S2x2&quot;)" methodname="AreaDistributorTest_SingleMapForce" classname="PlayersWorlds.Maps.Areas.Evolving.AreaDistributorTest" runstate="Runnable" seed="744522499" result="Passed" start-time="2024-01-30T14:19:15.6150110Z" end-time="2024-01-30T14:19:15.6152260Z" duration="0.000214" asserts="2" />
                  <test-case id="1-1697" name="AreaDistributorTest_SingleMapForce(&quot;6x12: P3x2;S2x2&quot;)" fullname="PlayersWorlds.Maps.Areas.Evolving.AreaDistributorTest.AreaDistributorTest_SingleMapForce(&quot;6x12: P3x2;S2x2&quot;)" methodname="AreaDistributorTest_SingleMapForce" classname="PlayersWorlds.Maps.Areas.Evolving.AreaDistributorTest" runstate="Runnable" seed="402258101" result="Passed" start-time="2024-01-30T14:19:15.6152310Z" end-time="2024-01-30T14:19:15.6154410Z" duration="0.000210" asserts="2" />
                  <test-case id="1-1698" name="AreaDistributorTest_SingleMapForce(&quot;6x12: P1x5;S2x2&quot;)" fullname="PlayersWorlds.Maps.Areas.Evolving.AreaDistributorTest.AreaDistributorTest_SingleMapForce(&quot;6x12: P1x5;S2x2&quot;)" methodname="AreaDistributorTest_SingleMapForce" classname="PlayersWorlds.Maps.Areas.Evolving.AreaDistributorTest" runstate="Runnable" seed="1128025802" result="Passed" start-time="2024-01-30T14:19:15.6154460Z" end-time="2024-01-30T14:19:15.6158160Z" duration="0.000369" asserts="2" />
                  <test-case id="1-1699" name="AreaDistributorTest_SingleMapForce(&quot;6x12: P2x5;S2x2&quot;)" fullname="PlayersWorlds.Maps.Areas.Evolving.AreaDistributorTest.AreaDistributorTest_SingleMapForce(&quot;6x12: P2x5;S2x2&quot;)" methodname="AreaDistributorTest_SingleMapForce" classname="PlayersWorlds.Maps.Areas.Evolving.AreaDistributorTest" runstate="Runnable" seed="1069938730" result="Passed" start-time="2024-01-30T14:19:15.6158210Z" end-time="2024-01-30T14:19:15.6160280Z" duration="0.000208" asserts="2" />
                  <test-case id="1-1700" name="AreaDistributorTest_SingleMapForce(&quot;6x12: P3x5;S2x2&quot;)" fullname="PlayersWorlds.Maps.Areas.Evolving.AreaDistributorTest.AreaDistributorTest_SingleMapForce(&quot;6x12: P3x5;S2x2&quot;)" methodname="AreaDistributorTest_SingleMapForce" classname="PlayersWorlds.Maps.Areas.Evolving.AreaDistributorTest" runstate="Runnable" seed="1076123023" result="Passed" start-time="2024-01-30T14:19:15.6160330Z" end-time="2024-01-30T14:19:15.6162400Z" duration="0.000207" asserts="2" />
                  <test-case id="1-1701" name="AreaDistributorTest_SingleMapForce(&quot;6x12: P1x8;S2x2&quot;)" fullname="PlayersWorlds.Maps.Areas.Evolving.AreaDistributorTest.AreaDistributorTest_SingleMapForce(&quot;6x12: P1x8;S2x2&quot;)" methodname="AreaDistributorTest_SingleMapForce" classname="PlayersWorlds.Maps.Areas.Evolving.AreaDistributorTest" runstate="Runnable" seed="228142893" result="Passed" start-time="2024-01-30T14:19:15.6162450Z" end-time="2024-01-30T14:19:15.6169500Z" duration="0.000705" asserts="2" />
                  <test-case id="1-1702" name="AreaDistributorTest_SingleMapForce(&quot;6x12: P2x8;S2x2&quot;)" fullname="PlayersWorlds.Maps.Areas.Evolving.AreaDistributorTest.AreaDistributorTest_SingleMapForce(&quot;6x12: P2x8;S2x2&quot;)" methodname="AreaDistributorTest_SingleMapForce" classname="PlayersWorlds.Maps.Areas.Evolving.AreaDistributorTest" runstate="Runnable" seed="238603433" result="Passed" start-time="2024-01-30T14:19:15.6169570Z" end-time="2024-01-30T14:19:15.6171450Z" duration="0.000188" asserts="2" />
                  <test-case id="1-1703" name="AreaDistributorTest_SingleMapForce(&quot;6x12: P3x8;S2x2&quot;)" fullname="PlayersWorlds.Maps.Areas.Evolving.AreaDistributorTest.AreaDistributorTest_SingleMapForce(&quot;6x12: P3x8;S2x2&quot;)" methodname="AreaDistributorTest_SingleMapForce" classname="PlayersWorlds.Maps.Areas.Evolving.AreaDistributorTest" runstate="Runnable" seed="210066888" result="Passed" start-time="2024-01-30T14:19:15.6171500Z" end-time="2024-01-30T14:19:15.6173290Z" duration="0.000179" asserts="2" />
                  <test-case id="1-1704" name="AreaDistributorTest_SingleMapForce(&quot;6x12: P-1x-4;S2x2&quot;)" fullname="PlayersWorlds.Maps.Areas.Evolving.AreaDistributorTest.AreaDistributorTest_SingleMapForce(&quot;6x12: P-1x-4;S2x2&quot;)" methodname="AreaDistributorTest_SingleMapForce" classname="PlayersWorlds.Maps.Areas.Evolving.AreaDistributorTest" runstate="Runnable" seed="43559814" result="Passed" start-time="2024-01-30T14:19:15.6173340Z" end-time="2024-01-30T14:19:15.6176540Z" duration="0.000320" asserts="2" />
                </test-suite>
                <test-case id="1-1683" name="AreaDistributorTest_TwoTest" fullname="PlayersWorlds.Maps.Areas.Evolving.AreaDistributorTest.AreaDistributorTest_TwoTest" methodname="AreaDistributorTest_TwoTest" classname="PlayersWorlds.Maps.Areas.Evolving.AreaDistributorTest" runstate="Runnable" seed="821089438" result="Passed" start-time="2024-01-30T14:19:15.6176700Z" end-time="2024-01-30T14:19:15.6180270Z" duration="0.000357" asserts="2" />
              </test-suite>
              <test-suite type="TestFixture" id="1-1757" name="EvolvingSimulatorTest" fullname="PlayersWorlds.Maps.Areas.Evolving.EvolvingSimulatorTest" classname="PlayersWorlds.Maps.Areas.Evolving.EvolvingSimulatorTest" runstate="Runnable" testcasecount="2" result="Passed" start-time="2024-01-30T14:19:15.6184470Z" end-time="2024-01-30T14:19:15.7222700Z" duration="0.103823" total="2" passed="2" failed="0" warnings="0" inconclusive="0" skipped="0" asserts="2">
                <test-case id="1-1759" name="EvolvingSimulator_ReturnsEpochsIfEvolitionIsNotComplete" fullname="PlayersWorlds.Maps.Areas.Evolving.EvolvingSimulatorTest.EvolvingSimulator_ReturnsEpochsIfEvolitionIsNotComplete" methodname="EvolvingSimulator_ReturnsEpochsIfEvolitionIsNotComplete" classname="PlayersWorlds.Maps.Areas.Evolving.EvolvingSimulatorTest" runstate="Runnable" seed="515733989" result="Passed" start-time="2024-01-30T14:19:15.6185010Z" end-time="2024-01-30T14:19:15.7197390Z" duration="0.101238" asserts="1" />
                <test-case id="1-1758" name="EvolvingSimulator_ThrowsIfMaxEpochsIsZero" fullname="PlayersWorlds.Maps.Areas.Evolving.EvolvingSimulatorTest.EvolvingSimulator_ThrowsIfMaxEpochsIsZero" methodname="EvolvingSimulator_ThrowsIfMaxEpochsIsZero" classname="PlayersWorlds.Maps.Areas.Evolving.EvolvingSimulatorTest" runstate="Runnable" seed="837995640" result="Passed" start-time="2024-01-30T14:19:15.7197550Z" end-time="2024-01-30T14:19:15.7222520Z" duration="0.002497" asserts="1" />
              </test-suite>
              <test-suite type="TestFixture" id="1-1760" name="FloatingAreaTest" fullname="PlayersWorlds.Maps.Areas.Evolving.FloatingAreaTest" classname="PlayersWorlds.Maps.Areas.Evolving.FloatingAreaTest" runstate="Runnable" testcasecount="3" result="Passed" start-time="2024-01-30T14:19:15.7222860Z" end-time="2024-01-30T14:19:15.7260680Z" duration="0.003782" total="3" passed="3" failed="0" warnings="0" inconclusive="0" skipped="0" asserts="6">
                <test-case id="1-1763" name="Contains" fullname="PlayersWorlds.Maps.Areas.Evolving.FloatingAreaTest.Contains" methodname="Contains" classname="PlayersWorlds.Maps.Areas.Evolving.FloatingAreaTest" runstate="Runnable" seed="740081063" result="Passed" start-time="2024-01-30T14:19:15.7223390Z" end-time="2024-01-30T14:19:15.7228110Z" duration="0.000472" asserts="2" />
                <test-case id="1-1762" name="Overlaps" fullname="PlayersWorlds.Maps.Areas.Evolving.FloatingAreaTest.Overlaps" methodname="Overlaps" classname="PlayersWorlds.Maps.Areas.Evolving.FloatingAreaTest" runstate="Runnable" seed="1749542717" result="Passed" start-time="2024-01-30T14:19:15.7228270Z" end-time="2024-01-30T14:19:15.7230600Z" duration="0.000233" asserts="2" />
                <test-case id="1-1761" name="Parse" fullname="PlayersWorlds.Maps.Areas.Evolving.FloatingAreaTest.Parse" methodname="Parse" classname="PlayersWorlds.Maps.Areas.Evolving.FloatingAreaTest" runstate="Runnable" seed="1435744301" result="Passed" start-time="2024-01-30T14:19:15.7230670Z" end-time="2024-01-30T14:19:15.7260530Z" duration="0.002987" asserts="2" />
              </test-suite>
              <test-suite type="TestFixture" id="1-1764" name="ForceFormulaTestTest" fullname="PlayersWorlds.Maps.Areas.Evolving.ForceFormulaTestTest" classname="PlayersWorlds.Maps.Areas.Evolving.ForceFormulaTestTest" runstate="Runnable" testcasecount="8" result="Passed" start-time="2024-01-30T14:19:15.7260820Z" end-time="2024-01-30T14:19:15.7294260Z" duration="0.003344" total="8" passed="8" failed="0" warnings="0" inconclusive="0" skipped="0" asserts="42">
                <test-case id="1-1770" name="CollideForce_Negative" fullname="PlayersWorlds.Maps.Areas.Evolving.ForceFormulaTestTest.CollideForce_Negative" methodname="CollideForce_Negative" classname="PlayersWorlds.Maps.Areas.Evolving.ForceFormulaTestTest" runstate="Runnable" seed="391723524" result="Passed" start-time="2024-01-30T14:19:15.7261310Z" end-time="2024-01-30T14:19:15.7271100Z" duration="0.000980" asserts="9" />
                <test-case id="1-1769" name="CollideForce_Positive" fullname="PlayersWorlds.Maps.Areas.Evolving.ForceFormulaTestTest.CollideForce_Positive" methodname="CollideForce_Positive" classname="PlayersWorlds.Maps.Areas.Evolving.ForceFormulaTestTest" runstate="Runnable" seed="777735924" result="Passed" start-time="2024-01-30T14:19:15.7271190Z" end-time="2024-01-30T14:19:15.7274430Z" duration="0.000324" asserts="9" />
                <test-case id="1-1766" name="NormalForce_Negative" fullname="PlayersWorlds.Maps.Areas.Evolving.ForceFormulaTestTest.NormalForce_Negative" methodname="NormalForce_Negative" classname="PlayersWorlds.Maps.Areas.Evolving.ForceFormulaTestTest" runstate="Runnable" seed="126266558" result="Passed" start-time="2024-01-30T14:19:15.7274500Z" end-time="2024-01-30T14:19:15.7278180Z" duration="0.000368" asserts="3" />
                <test-case id="1-1768" name="NormalForce_NegativeCapped" fullname="PlayersWorlds.Maps.Areas.Evolving.ForceFormulaTestTest.NormalForce_NegativeCapped" methodname="NormalForce_NegativeCapped" classname="PlayersWorlds.Maps.Areas.Evolving.ForceFormulaTestTest" runstate="Runnable" seed="1664324086" result="Passed" start-time="2024-01-30T14:19:15.7278260Z" end-time="2024-01-30T14:19:15.7279930Z" duration="0.000167" asserts="5" />
                <test-case id="1-1765" name="NormalForce_Positive" fullname="PlayersWorlds.Maps.Areas.Evolving.ForceFormulaTestTest.NormalForce_Positive" methodname="NormalForce_Positive" classname="PlayersWorlds.Maps.Areas.Evolving.ForceFormulaTestTest" runstate="Runnable" seed="2122927946" result="Passed" start-time="2024-01-30T14:19:15.7280000Z" end-time="2024-01-30T14:19:15.7281100Z" duration="0.000110" asserts="3" />
                <test-case id="1-1767" name="NormalForce_PositiveCapped" fullname="PlayersWorlds.Maps.Areas.Evolving.ForceFormulaTestTest.NormalForce_PositiveCapped" methodname="NormalForce_PositiveCapped" classname="PlayersWorlds.Maps.Areas.Evolving.ForceFormulaTestTest" runstate="Runnable" seed="1737803411" result="Passed" start-time="2024-01-30T14:19:15.7281170Z" end-time="2024-01-30T14:19:15.7288790Z" duration="0.000763" asserts="5" />
                <test-case id="1-1772" name="OverlapForce_Negative" fullname="PlayersWorlds.Maps.Areas.Evolving.ForceFormulaTestTest.OverlapForce_Negative" methodname="OverlapForce_Negative" classname="PlayersWorlds.Maps.Areas.Evolving.ForceFormulaTestTest" runstate="Runnable" seed="1047501373" result="Passed" start-time="2024-01-30T14:19:15.7288860Z" end-time="2024-01-30T14:19:15.7291590Z" duration="0.000273" asserts="4" />
                <test-case id="1-1771" name="OverlapForce_Positive" fullname="PlayersWorlds.Maps.Areas.Evolving.ForceFormulaTestTest.OverlapForce_Positive" methodname="OverlapForce_Positive" classname="PlayersWorlds.Maps.Areas.Evolving.ForceFormulaTestTest" runstate="Runnable" seed="1282765486" result="Passed" start-time="2024-01-30T14:19:15.7291650Z" end-time="2024-01-30T14:19:15.7294160Z" duration="0.000251" asserts="4" />
              </test-suite>
              <test-suite type="TestFixture" id="1-1773" name="SideToSideForceProducerTest" fullname="PlayersWorlds.Maps.Areas.Evolving.SideToSideForceProducerTest" classname="PlayersWorlds.Maps.Areas.Evolving.SideToSideForceProducerTest" runstate="Runnable" testcasecount="22" result="Passed" start-time="2024-01-30T14:19:15.7294370Z" end-time="2024-01-30T14:19:15.7330590Z" duration="0.003622" total="22" passed="22" failed="0" warnings="0" inconclusive="0" skipped="0" asserts="79">
                <test-case id="1-1791" name="GetAxisDistance_Collide" fullname="PlayersWorlds.Maps.Areas.Evolving.SideToSideForceProducerTest.GetAxisDistance_Collide" methodname="GetAxisDistance_Collide" classname="PlayersWorlds.Maps.Areas.Evolving.SideToSideForceProducerTest" runstate="Runnable" seed="107918568" result="Passed" start-time="2024-01-30T14:19:15.7294970Z" end-time="2024-01-30T14:19:15.7301540Z" duration="0.000656" asserts="6" />
                <test-case id="1-1794" name="GetAxisDistance_Contain1" fullname="PlayersWorlds.Maps.Areas.Evolving.SideToSideForceProducerTest.GetAxisDistance_Contain1" methodname="GetAxisDistance_Contain1" classname="PlayersWorlds.Maps.Areas.Evolving.SideToSideForceProducerTest" runstate="Runnable" seed="1890076785" result="Passed" start-time="2024-01-30T14:19:15.7301620Z" end-time="2024-01-30T14:19:15.7303980Z" duration="0.000236" asserts="6" />
                <test-case id="1-1795" name="GetAxisDistance_Contain2" fullname="PlayersWorlds.Maps.Areas.Evolving.SideToSideForceProducerTest.GetAxisDistance_Contain2" methodname="GetAxisDistance_Contain2" classname="PlayersWorlds.Maps.Areas.Evolving.SideToSideForceProducerTest" runstate="Runnable" seed="1993499870" result="Passed" start-time="2024-01-30T14:19:15.7304050Z" end-time="2024-01-30T14:19:15.7306260Z" duration="0.000222" asserts="6" />
                <test-case id="1-1789" name="GetAxisDistance_Normal1" fullname="PlayersWorlds.Maps.Areas.Evolving.SideToSideForceProducerTest.GetAxisDistance_Normal1" methodname="GetAxisDistance_Normal1" classname="PlayersWorlds.Maps.Areas.Evolving.SideToSideForceProducerTest" runstate="Runnable" seed="1445697073" result="Passed" start-time="2024-01-30T14:19:15.7306330Z" end-time="2024-01-30T14:19:15.7308680Z" duration="0.000236" asserts="6" />
                <test-case id="1-1790" name="GetAxisDistance_Normal2" fullname="PlayersWorlds.Maps.Areas.Evolving.SideToSideForceProducerTest.GetAxisDistance_Normal2" methodname="GetAxisDistance_Normal2" classname="PlayersWorlds.Maps.Areas.Evolving.SideToSideForceProducerTest" runstate="Runnable" seed="766578839" result="Passed" start-time="2024-01-30T14:19:15.7308790Z" end-time="2024-01-30T14:19:15.7310930Z" duration="0.000214" asserts="6" />
                <test-case id="1-1792" name="GetAxisDistance_Overlap1" fullname="PlayersWorlds.Maps.Areas.Evolving.SideToSideForceProducerTest.GetAxisDistance_Overlap1" methodname="GetAxisDistance_Overlap1" classname="PlayersWorlds.Maps.Areas.Evolving.SideToSideForceProducerTest" runstate="Runnable" seed="1912840271" result="Passed" start-time="2024-01-30T14:19:15.7310990Z" end-time="2024-01-30T14:19:15.7313140Z" duration="0.000215" asserts="6" />
                <test-case id="1-1793" name="GetAxisDistance_Overlap2" fullname="PlayersWorlds.Maps.Areas.Evolving.SideToSideForceProducerTest.GetAxisDistance_Overlap2" methodname="GetAxisDistance_Overlap2" classname="PlayersWorlds.Maps.Areas.Evolving.SideToSideForceProducerTest" runstate="Runnable" seed="238393230" result="Passed" start-time="2024-01-30T14:19:15.7313220Z" end-time="2024-01-30T14:19:15.7315390Z" duration="0.000218" asserts="6" />
                <test-case id="1-1783" name="GetOpposingForce_CentersInside_NoOpposingForce" fullname="PlayersWorlds.Maps.Areas.Evolving.SideToSideForceProducerTest.GetOpposingForce_CentersInside_NoOpposingForce" methodname="GetOpposingForce_CentersInside_NoOpposingForce" classname="PlayersWorlds.Maps.Areas.Evolving.SideToSideForceProducerTest" runstate="Runnable" seed="2099553915" result="Passed" start-time="2024-01-30T14:19:15.7315460Z" end-time="2024-01-30T14:19:15.7316650Z" duration="0.000119" asserts="2" />
                <test-case id="1-1784" name="GetOpposingForce_CentersInside_WithOpposingForce" fullname="PlayersWorlds.Maps.Areas.Evolving.SideToSideForceProducerTest.GetOpposingForce_CentersInside_WithOpposingForce" methodname="GetOpposingForce_CentersInside_WithOpposingForce" classname="PlayersWorlds.Maps.Areas.Evolving.SideToSideForceProducerTest" runstate="Runnable" seed="2116793206" result="Passed" start-time="2024-01-30T14:19:15.7316720Z" end-time="2024-01-30T14:19:15.7317560Z" duration="0.000085" asserts="2" />
                <test-case id="1-1785" name="GetOpposingForce_CentersOutside_NoOpposingForce" fullname="PlayersWorlds.Maps.Areas.Evolving.SideToSideForceProducerTest.GetOpposingForce_CentersOutside_NoOpposingForce" methodname="GetOpposingForce_CentersOutside_NoOpposingForce" classname="PlayersWorlds.Maps.Areas.Evolving.SideToSideForceProducerTest" runstate="Runnable" seed="931210476" result="Passed" start-time="2024-01-30T14:19:15.7317620Z" end-time="2024-01-30T14:19:15.7318350Z" duration="0.000073" asserts="2" />
                <test-case id="1-1786" name="GetOpposingForce_CentersOutside_WithOpposingForce" fullname="PlayersWorlds.Maps.Areas.Evolving.SideToSideForceProducerTest.GetOpposingForce_CentersOutside_WithOpposingForce" methodname="GetOpposingForce_CentersOutside_WithOpposingForce" classname="PlayersWorlds.Maps.Areas.Evolving.SideToSideForceProducerTest" runstate="Runnable" seed="162743577" result="Passed" start-time="2024-01-30T14:19:15.7318410Z" end-time="2024-01-30T14:19:15.7319160Z" duration="0.000075" asserts="2" />
                <test-case id="1-1787" name="GetOpposingForce_NoIntersection_NoOpposingForce" fullname="PlayersWorlds.Maps.Areas.Evolving.SideToSideForceProducerTest.GetOpposingForce_NoIntersection_NoOpposingForce" methodname="GetOpposingForce_NoIntersection_NoOpposingForce" classname="PlayersWorlds.Maps.Areas.Evolving.SideToSideForceProducerTest" runstate="Runnable" seed="985606335" result="Passed" start-time="2024-01-30T14:19:15.7319220Z" end-time="2024-01-30T14:19:15.7319920Z" duration="0.000071" asserts="2" />
                <test-case id="1-1788" name="GetOpposingForce_NoIntersection_WithOpposingForce" fullname="PlayersWorlds.Maps.Areas.Evolving.SideToSideForceProducerTest.GetOpposingForce_NoIntersection_WithOpposingForce" methodname="GetOpposingForce_NoIntersection_WithOpposingForce" classname="PlayersWorlds.Maps.Areas.Evolving.SideToSideForceProducerTest" runstate="Runnable" seed="1925263437" result="Passed" start-time="2024-01-30T14:19:15.7319980Z" end-time="2024-01-30T14:19:15.7320670Z" duration="0.000068" asserts="2" />
                <test-case id="1-1781" name="GetOpposingForce_WhenCenterMatches_NoOpposingForce" fullname="PlayersWorlds.Maps.Areas.Evolving.SideToSideForceProducerTest.GetOpposingForce_WhenCenterMatches_NoOpposingForce" methodname="GetOpposingForce_WhenCenterMatches_NoOpposingForce" classname="PlayersWorlds.Maps.Areas.Evolving.SideToSideForceProducerTest" runstate="Runnable" seed="2012140820" result="Passed" start-time="2024-01-30T14:19:15.7320720Z" end-time="2024-01-30T14:19:15.7321390Z" duration="0.000067" asserts="2" />
                <test-case id="1-1782" name="GetOpposingForce_WhenCenterMatches_WithOpposingForce" fullname="PlayersWorlds.Maps.Areas.Evolving.SideToSideForceProducerTest.GetOpposingForce_WhenCenterMatches_WithOpposingForce" methodname="GetOpposingForce_WhenCenterMatches_WithOpposingForce" classname="PlayersWorlds.Maps.Areas.Evolving.SideToSideForceProducerTest" runstate="Runnable" seed="616249595" result="Passed" start-time="2024-01-30T14:19:15.7321450Z" end-time="2024-01-30T14:19:15.7322150Z" duration="0.000070" asserts="2" />
                <test-case id="1-1777" name="MapAreaSystemTest_DistanceCentersMatch" fullname="PlayersWorlds.Maps.Areas.Evolving.SideToSideForceProducerTest.MapAreaSystemTest_DistanceCentersMatch" methodname="MapAreaSystemTest_DistanceCentersMatch" classname="PlayersWorlds.Maps.Areas.Evolving.SideToSideForceProducerTest" runstate="Runnable" seed="1943268966" result="Passed" start-time="2024-01-30T14:19:15.7322200Z" end-time="2024-01-30T14:19:15.7323210Z" duration="0.000101" asserts="3" />
                <test-case id="1-1780" name="MapAreaSystemTest_DistanceNegativeCollide" fullname="PlayersWorlds.Maps.Areas.Evolving.SideToSideForceProducerTest.MapAreaSystemTest_DistanceNegativeCollide" methodname="MapAreaSystemTest_DistanceNegativeCollide" classname="PlayersWorlds.Maps.Areas.Evolving.SideToSideForceProducerTest" runstate="Runnable" seed="1791582161" result="Passed" start-time="2024-01-30T14:19:15.7323270Z" end-time="2024-01-30T14:19:15.7324220Z" duration="0.000095" asserts="3" />
                <test-case id="1-1778" name="MapAreaSystemTest_DistanceNegativeNormal" fullname="PlayersWorlds.Maps.Areas.Evolving.SideToSideForceProducerTest.MapAreaSystemTest_DistanceNegativeNormal" methodname="MapAreaSystemTest_DistanceNegativeNormal" classname="PlayersWorlds.Maps.Areas.Evolving.SideToSideForceProducerTest" runstate="Runnable" seed="1303899087" result="Passed" start-time="2024-01-30T14:19:15.7325420Z" end-time="2024-01-30T14:19:15.7326510Z" duration="0.000109" asserts="3" />
                <test-case id="1-1779" name="MapAreaSystemTest_DistanceNegativeOverlap" fullname="PlayersWorlds.Maps.Areas.Evolving.SideToSideForceProducerTest.MapAreaSystemTest_DistanceNegativeOverlap" methodname="MapAreaSystemTest_DistanceNegativeOverlap" classname="PlayersWorlds.Maps.Areas.Evolving.SideToSideForceProducerTest" runstate="Runnable" seed="1539837645" result="Passed" start-time="2024-01-30T14:19:15.7326640Z" end-time="2024-01-30T14:19:15.7327610Z" duration="0.000097" asserts="3" />
                <test-case id="1-1776" name="MapAreaSystemTest_DistancePositiveCollide" fullname="PlayersWorlds.Maps.Areas.Evolving.SideToSideForceProducerTest.MapAreaSystemTest_DistancePositiveCollide" methodname="MapAreaSystemTest_DistancePositiveCollide" classname="PlayersWorlds.Maps.Areas.Evolving.SideToSideForceProducerTest" runstate="Runnable" seed="1296646615" result="Passed" start-time="2024-01-30T14:19:15.7327670Z" end-time="2024-01-30T14:19:15.7328570Z" duration="0.000091" asserts="3" />
                <test-case id="1-1774" name="MapAreaSystemTest_DistancePositiveNormal" fullname="PlayersWorlds.Maps.Areas.Evolving.SideToSideForceProducerTest.MapAreaSystemTest_DistancePositiveNormal" methodname="MapAreaSystemTest_DistancePositiveNormal" classname="PlayersWorlds.Maps.Areas.Evolving.SideToSideForceProducerTest" runstate="Runnable" seed="1018797821" result="Passed" start-time="2024-01-30T14:19:15.7328630Z" end-time="2024-01-30T14:19:15.7329550Z" duration="0.000092" asserts="3" />
                <test-case id="1-1775" name="MapAreaSystemTest_DistancePositiveOverlap" fullname="PlayersWorlds.Maps.Areas.Evolving.SideToSideForceProducerTest.MapAreaSystemTest_DistancePositiveOverlap" methodname="MapAreaSystemTest_DistancePositiveOverlap" classname="PlayersWorlds.Maps.Areas.Evolving.SideToSideForceProducerTest" runstate="Runnable" seed="440445349" result="Passed" start-time="2024-01-30T14:19:15.7329610Z" end-time="2024-01-30T14:19:15.7330490Z" duration="0.000088" asserts="3" />
              </test-suite>
            </test-suite>
            <test-suite type="TestFixture" id="1-1673" name="MapAreaTest" fullname="PlayersWorlds.Maps.Areas.MapAreaTest" classname="PlayersWorlds.Maps.Areas.MapAreaTest" runstate="Runnable" testcasecount="4" result="Passed" start-time="2024-01-30T14:19:15.7330780Z" end-time="2024-01-30T14:19:15.7347410Z" duration="0.001663" total="4" passed="4" failed="0" warnings="0" inconclusive="0" skipped="0" asserts="26">
              <test-case id="1-1676" name="Overlaps_ReturnsFalseIfDoesNotOverlap" fullname="PlayersWorlds.Maps.Areas.MapAreaTest.Overlaps_ReturnsFalseIfDoesNotOverlap" methodname="Overlaps_ReturnsFalseIfDoesNotOverlap" classname="PlayersWorlds.Maps.Areas.MapAreaTest" runstate="Runnable" seed="1271914313" result="Passed" start-time="2024-01-30T14:19:15.7331230Z" end-time="2024-01-30T14:19:15.7335890Z" duration="0.000466" asserts="15" />
              <test-case id="1-1675" name="Overlaps_ReturnsTrueIfOverlaps" fullname="PlayersWorlds.Maps.Areas.MapAreaTest.Overlaps_ReturnsTrueIfOverlaps" methodname="Overlaps_ReturnsTrueIfOverlaps" classname="PlayersWorlds.Maps.Areas.MapAreaTest" runstate="Runnable" seed="932422000" result="Passed" start-time="2024-01-30T14:19:15.7335960Z" end-time="2024-01-30T14:19:15.7337600Z" duration="0.000164" asserts="7" />
              <test-case id="1-1674" name="Overlaps_ThrowsIfSame" fullname="PlayersWorlds.Maps.Areas.MapAreaTest.Overlaps_ThrowsIfSame" methodname="Overlaps_ThrowsIfSame" classname="PlayersWorlds.Maps.Areas.MapAreaTest" runstate="Runnable" seed="965833536" result="Passed" start-time="2024-01-30T14:19:15.7337660Z" end-time="2024-01-30T14:19:15.7344910Z" duration="0.000725" asserts="2" />
              <test-case id="1-1677" name="Position_ThrowsIfNotInitialized" fullname="PlayersWorlds.Maps.Areas.MapAreaTest.Position_ThrowsIfNotInitialized" methodname="Position_ThrowsIfNotInitialized" classname="PlayersWorlds.Maps.Areas.MapAreaTest" runstate="Runnable" seed="1537305456" result="Passed" start-time="2024-01-30T14:19:15.7344990Z" end-time="2024-01-30T14:19:15.7347310Z" duration="0.000233" asserts="2" />
            </test-suite>
          </test-suite>
          <test-suite type="TestFixture" id="1-1004" name="AssemblyInfoTest" fullname="PlayersWorlds.Maps.AssemblyInfoTest" classname="PlayersWorlds.Maps.AssemblyInfoTest" runstate="Runnable" testcasecount="2" result="Passed" start-time="2024-01-30T14:19:15.7347570Z" end-time="2024-01-30T14:19:15.7355320Z" duration="0.000775" total="2" passed="2" failed="0" warnings="0" inconclusive="0" skipped="0" asserts="4">
            <test-case id="1-1006" name="TestAssemblyCompany" fullname="PlayersWorlds.Maps.AssemblyInfoTest.TestAssemblyCompany" methodname="TestAssemblyCompany" classname="PlayersWorlds.Maps.AssemblyInfoTest" runstate="Runnable" seed="1326311694" result="Passed" start-time="2024-01-30T14:19:15.7348020Z" end-time="2024-01-30T14:19:15.7352790Z" duration="0.000477" asserts="2" />
            <test-case id="1-1005" name="TestAssemblyTitle" fullname="PlayersWorlds.Maps.AssemblyInfoTest.TestAssemblyTitle" methodname="TestAssemblyTitle" classname="PlayersWorlds.Maps.AssemblyInfoTest" runstate="Runnable" seed="504416498" result="Passed" start-time="2024-01-30T14:19:15.7352870Z" end-time="2024-01-30T14:19:15.7355220Z" duration="0.000234" asserts="2" />
          </test-suite>
          <test-suite type="TestFixture" id="1-1007" name="CellTest" fullname="PlayersWorlds.Maps.CellTest" classname="PlayersWorlds.Maps.CellTest" runstate="Runnable" testcasecount="1" result="Passed" start-time="2024-01-30T14:19:15.7355430Z" end-time="2024-01-30T14:19:15.7359610Z" duration="0.000418" total="1" passed="1" failed="0" warnings="0" inconclusive="0" skipped="0" asserts="3">
            <test-case id="1-1008" name="CellTagEqualityTest" fullname="PlayersWorlds.Maps.CellTest.CellTagEqualityTest" methodname="CellTagEqualityTest" classname="PlayersWorlds.Maps.CellTest" runstate="Runnable" seed="1875102835" result="Passed" start-time="2024-01-30T14:19:15.7355860Z" end-time="2024-01-30T14:19:15.7359500Z" duration="0.000365" asserts="3" />
          </test-suite>
          <test-suite type="TestFixture" id="1-1009" name="ExtensionsTest" fullname="PlayersWorlds.Maps.ExtensionsTest" classname="PlayersWorlds.Maps.ExtensionsTest" runstate="Runnable" testcasecount="2" result="Passed" start-time="2024-01-30T14:19:15.7359710Z" end-time="2024-01-30T14:19:15.7365290Z" duration="0.000559" total="2" passed="2" failed="0" warnings="0" inconclusive="0" skipped="0" asserts="3">
            <test-case id="1-1011" name="TryDequeue_Dequeues" fullname="PlayersWorlds.Maps.ExtensionsTest.TryDequeue_Dequeues" methodname="TryDequeue_Dequeues" classname="PlayersWorlds.Maps.ExtensionsTest" runstate="Runnable" seed="1540241610" result="Passed" start-time="2024-01-30T14:19:15.7360140Z" end-time="2024-01-30T14:19:15.7364020Z" duration="0.000388" asserts="2" />
            <test-case id="1-1010" name="TryDequeue_DoesNotThrow" fullname="PlayersWorlds.Maps.ExtensionsTest.TryDequeue_DoesNotThrow" methodname="TryDequeue_DoesNotThrow" classname="PlayersWorlds.Maps.ExtensionsTest" runstate="Runnable" seed="175844304" result="Passed" start-time="2024-01-30T14:19:15.7364090Z" end-time="2024-01-30T14:19:15.7365200Z" duration="0.000111" asserts="1" />
          </test-suite>
          <test-suite type="TestFixture" id="1-1012" name="GlobalRandomTest" fullname="PlayersWorlds.Maps.GlobalRandomTest" classname="PlayersWorlds.Maps.GlobalRandomTest" runstate="Runnable" testcasecount="3" result="Passed" start-time="2024-01-30T14:19:15.7365400Z" end-time="2024-01-30T14:19:15.7412130Z" duration="0.004673" total="3" passed="3" failed="0" warnings="0" inconclusive="0" skipped="0" asserts="1002">
            <test-case id="1-1013" name="RandomCollectionItem" fullname="PlayersWorlds.Maps.GlobalRandomTest.RandomCollectionItem" methodname="RandomCollectionItem" classname="PlayersWorlds.Maps.GlobalRandomTest" runstate="Runnable" seed="426497478" result="Passed" start-time="2024-01-30T14:19:15.7365990Z" end-time="2024-01-30T14:19:15.7373630Z" duration="0.000764" asserts="1" />
            <test-case id="1-1015" name="RandomInRange" fullname="PlayersWorlds.Maps.GlobalRandomTest.RandomInRange" methodname="RandomInRange" classname="PlayersWorlds.Maps.GlobalRandomTest" runstate="Runnable" seed="1213464776" result="Passed" start-time="2024-01-30T14:19:15.7373710Z" end-time="2024-01-30T14:19:15.7399090Z" duration="0.002538" asserts="1000" />
            <test-case id="1-1014" name="ThrowsIfEmptyCollection" fullname="PlayersWorlds.Maps.GlobalRandomTest.ThrowsIfEmptyCollection" methodname="ThrowsIfEmptyCollection" classname="PlayersWorlds.Maps.GlobalRandomTest" runstate="Runnable" seed="656925909" result="Passed" start-time="2024-01-30T14:19:15.7399170Z" end-time="2024-01-30T14:19:15.7411960Z" duration="0.001279" asserts="1" />
          </test-suite>
          <test-suite type="TestFixture" id="1-1016" name="Map2DTest" fullname="PlayersWorlds.Maps.Map2DTest" classname="PlayersWorlds.Maps.Map2DTest" runstate="Runnable" testcasecount="12" result="Passed" start-time="2024-01-30T14:19:15.7412240Z" end-time="2024-01-30T14:19:15.7493970Z" duration="0.008173" total="12" passed="12" failed="0" warnings="0" inconclusive="0" skipped="0" asserts="44">
            <test-case id="1-1024" name="CellsAt_AnyCellAt2x2" fullname="PlayersWorlds.Maps.Map2DTest.CellsAt_AnyCellAt2x2" methodname="CellsAt_AnyCellAt2x2" classname="PlayersWorlds.Maps.Map2DTest" runstate="Runnable" seed="1689079867" result="Passed" start-time="2024-01-30T14:19:15.7420610Z" end-time="2024-01-30T14:19:15.7444740Z" duration="0.002414" asserts="5" />
            <test-case id="1-1027" name="CellsAt_AnyCellAtCloseEdge2x2" fullname="PlayersWorlds.Maps.Map2DTest.CellsAt_AnyCellAtCloseEdge2x2" methodname="CellsAt_AnyCellAtCloseEdge2x2" classname="PlayersWorlds.Maps.Map2DTest" runstate="Runnable" seed="1857945201" result="Passed" start-time="2024-01-30T14:19:15.7444830Z" end-time="2024-01-30T14:19:15.7447600Z" duration="0.000277" asserts="5" />
            <test-case id="1-1025" name="CellsAt_AnyCellAtEdge1x1" fullname="PlayersWorlds.Maps.Map2DTest.CellsAt_AnyCellAtEdge1x1" methodname="CellsAt_AnyCellAtEdge1x1" classname="PlayersWorlds.Maps.Map2DTest" runstate="Runnable" seed="1441162530" result="Passed" start-time="2024-01-30T14:19:15.7447660Z" end-time="2024-01-30T14:19:15.7449030Z" duration="0.000137" asserts="2" />
            <test-case id="1-1026" name="CellsAt_AnyCellAtFarEdge2x2" fullname="PlayersWorlds.Maps.Map2DTest.CellsAt_AnyCellAtFarEdge2x2" methodname="CellsAt_AnyCellAtFarEdge2x2" classname="PlayersWorlds.Maps.Map2DTest" runstate="Runnable" seed="194913042" result="Passed" start-time="2024-01-30T14:19:15.7449090Z" end-time="2024-01-30T14:19:15.7450380Z" duration="0.000128" asserts="2" />
            <test-case id="1-1023" name="CellsAt_AnyCellAtP1x1" fullname="PlayersWorlds.Maps.Map2DTest.CellsAt_AnyCellAtP1x1" methodname="CellsAt_AnyCellAtP1x1" classname="PlayersWorlds.Maps.Map2DTest" runstate="Runnable" seed="254221151" result="Passed" start-time="2024-01-30T14:19:15.7450440Z" end-time="2024-01-30T14:19:15.7453960Z" duration="0.000352" asserts="2" />
            <test-case id="1-1028" name="CellsAt_AnyCellAtZeroSize" fullname="PlayersWorlds.Maps.Map2DTest.CellsAt_AnyCellAtZeroSize" methodname="CellsAt_AnyCellAtZeroSize" classname="PlayersWorlds.Maps.Map2DTest" runstate="Runnable" seed="1541463593" result="Passed" start-time="2024-01-30T14:19:15.7454030Z" end-time="2024-01-30T14:19:15.7458460Z" duration="0.000443" asserts="1" />
            <test-case id="1-1021" name="CellsAt_FourCellsFar" fullname="PlayersWorlds.Maps.Map2DTest.CellsAt_FourCellsFar" methodname="CellsAt_FourCellsFar" classname="PlayersWorlds.Maps.Map2DTest" runstate="Runnable" seed="1867805441" result="Passed" start-time="2024-01-30T14:19:15.7458530Z" end-time="2024-01-30T14:19:15.7469290Z" duration="0.001076" asserts="5" />
            <test-case id="1-1018" name="CellsAt_OneCell" fullname="PlayersWorlds.Maps.Map2DTest.CellsAt_OneCell" methodname="CellsAt_OneCell" classname="PlayersWorlds.Maps.Map2DTest" runstate="Runnable" seed="1287470486" result="Passed" start-time="2024-01-30T14:19:15.7469370Z" end-time="2024-01-30T14:19:15.7471560Z" duration="0.000220" asserts="2" />
            <test-case id="1-1022" name="CellsAt_OutOfBounds" fullname="PlayersWorlds.Maps.Map2DTest.CellsAt_OutOfBounds" methodname="CellsAt_OutOfBounds" classname="PlayersWorlds.Maps.Map2DTest" runstate="Runnable" seed="1647494205" result="Passed" start-time="2024-01-30T14:19:15.7471630Z" end-time="2024-01-30T14:19:15.7475260Z" duration="0.000363" asserts="4" />
            <test-case id="1-1020" name="CellsAt_TreeByTwo" fullname="PlayersWorlds.Maps.Map2DTest.CellsAt_TreeByTwo" methodname="CellsAt_TreeByTwo" classname="PlayersWorlds.Maps.Map2DTest" runstate="Runnable" seed="13424821" result="Passed" start-time="2024-01-30T14:19:15.7475330Z" end-time="2024-01-30T14:19:15.7479800Z" duration="0.000448" asserts="7" />
            <test-case id="1-1019" name="CellsAt_TwoCells" fullname="PlayersWorlds.Maps.Map2DTest.CellsAt_TwoCells" methodname="CellsAt_TwoCells" classname="PlayersWorlds.Maps.Map2DTest" runstate="Runnable" seed="565370473" result="Passed" start-time="2024-01-30T14:19:15.7479870Z" end-time="2024-01-30T14:19:15.7484570Z" duration="0.000470" asserts="3" />
            <test-case id="1-1017" name="ParseMap" fullname="PlayersWorlds.Maps.Map2DTest.ParseMap" methodname="ParseMap" classname="PlayersWorlds.Maps.Map2DTest" runstate="Runnable" seed="2125019158" result="Passed" start-time="2024-01-30T14:19:15.7484640Z" end-time="2024-01-30T14:19:15.7493860Z" duration="0.000923" asserts="6" />
          </test-suite>
          <test-suite type="TestSuite" id="1-1802" name="MapFilters" fullname="PlayersWorlds.Maps.MapFilters" runstate="Runnable" testcasecount="5" result="Passed" start-time="2024-01-30T14:19:15.5661250Z" end-time="2024-01-30T14:19:15.7528260Z" duration="0.186701" total="5" passed="5" failed="0" warnings="0" inconclusive="0" skipped="0" asserts="10">
            <test-suite type="TestFixture" id="1-1667" name="Map2DEraseSpotsTest" fullname="PlayersWorlds.Maps.MapFilters.Map2DEraseSpotsTest" classname="PlayersWorlds.Maps.MapFilters.Map2DEraseSpotsTest" runstate="Runnable" testcasecount="5" result="Passed" start-time="2024-01-30T14:19:15.7494080Z" end-time="2024-01-30T14:19:15.7528210Z" duration="0.003413" total="5" passed="5" failed="0" warnings="0" inconclusive="0" skipped="0" asserts="10">
              <test-case id="1-1668" name="BackslashEraseSpots" fullname="PlayersWorlds.Maps.MapFilters.Map2DEraseSpotsTest.BackslashEraseSpots" methodname="BackslashEraseSpots" classname="PlayersWorlds.Maps.MapFilters.Map2DEraseSpotsTest" runstate="Runnable" seed="1470895290" result="Passed" start-time="2024-01-30T14:19:15.7494910Z" end-time="2024-01-30T14:19:15.7518220Z" duration="0.002331" asserts="1">
                <output><![CDATA[▓▓░░░
░▓▓░░
░░▓▓░
░░░▓▓
░░░░▓

▓▓░░░
░▓▓░░
░░▓▓░
░░░▓▓
░░░░▓

▓▓░░░
░▓▓░░
░░▓▓░
░░░▓▓
░░░░▓

]]></output>
              </test-case>
              <test-case id="1-1672" name="SmoothBoxEraseSpots" fullname="PlayersWorlds.Maps.MapFilters.Map2DEraseSpotsTest.SmoothBoxEraseSpots" methodname="SmoothBoxEraseSpots" classname="PlayersWorlds.Maps.MapFilters.Map2DEraseSpotsTest" runstate="Runnable" seed="263745881" result="Passed" start-time="2024-01-30T14:19:15.7518290Z" end-time="2024-01-30T14:19:15.7521630Z" duration="0.000333" asserts="1">
                <output><![CDATA[▒▓▓▓▒
▓▓░▓▓
▓░░░▓
▓▓░░▓
▒▓▓▓▓

▒▓▓▓▒
▓▓▓▓▓
▓▓▓▓▓
▓▓▓▓▓
▒▓▓▓▓

▒▓▓▓▒
▓▓▓▓▓
▓▓▓▓▓
▓▓▓▓▓
▒▓▓▓▓

]]></output>
              </test-case>
              <test-case id="1-1671" name="SmoothBoxVoidBgEraseSpots" fullname="PlayersWorlds.Maps.MapFilters.Map2DEraseSpotsTest.SmoothBoxVoidBgEraseSpots" methodname="SmoothBoxVoidBgEraseSpots" classname="PlayersWorlds.Maps.MapFilters.Map2DEraseSpotsTest" runstate="Runnable" seed="212455617" result="Passed" start-time="2024-01-30T14:19:15.7521700Z" end-time="2024-01-30T14:19:15.7523060Z" duration="0.000136" asserts="1">
                <output><![CDATA[▒▓▓▓▒
▓▓0▓▓
▓000▓
▓▓00▓
▒▓▓▓▓

▒▓▓▓▒
▓▓▓▓▓
▓▓▓▓▓
▓▓▓▓▓
▒▓▓▓▓

▒▓▓▓▒
▓▓▓▓▓
▓▓▓▓▓
▓▓▓▓▓
▒▓▓▓▓

]]></output>
              </test-case>
              <test-case id="1-1670" name="Spot1x3SpotsEraseSpots" fullname="PlayersWorlds.Maps.MapFilters.Map2DEraseSpotsTest.Spot1x3SpotsEraseSpots" methodname="Spot1x3SpotsEraseSpots" classname="PlayersWorlds.Maps.MapFilters.Map2DEraseSpotsTest" runstate="Runnable" seed="1740050369" result="Passed" start-time="2024-01-30T14:19:15.7523120Z" end-time="2024-01-30T14:19:15.7524350Z" duration="0.000123" asserts="1">
                <output><![CDATA[░░░░░
░░▓░░
░░▓░░
░░▓░░
░░░░░

░░░░░
░░▓░░
░░▓░░
░░▓░░
░░░░░

░░░░░
░░▓░░
░░▓░░
░░▓░░
░░░░░

]]></output>
              </test-case>
              <test-case id="1-1669" name="VariousSpotsEraseSpots" fullname="PlayersWorlds.Maps.MapFilters.Map2DEraseSpotsTest.VariousSpotsEraseSpots" methodname="VariousSpotsEraseSpots" classname="PlayersWorlds.Maps.MapFilters.Map2DEraseSpotsTest" runstate="Runnable" seed="1512767006" result="Passed" start-time="2024-01-30T14:19:15.7524410Z" end-time="2024-01-30T14:19:15.7528110Z" duration="0.000370" asserts="6">
                <output><![CDATA[░░░░░
░░░▓░
░░▓▓░
░░░░░
░░░░░

░░░░░
░░░░░
░░░░░
░░░░░
░░░░░

░░░░░
░░░░░
░░░░░
░░░░░
░░░░░

░░░░░
░░▓░░
░░▓▓░
░░░░░
░░░░░

░░░░░
░░░░░
░░░░░
░░░░░
░░░░░

░░░░░
░░░░░
░░░░░
░░░░░
░░░░░

░░░░░
░░▓▓░
░░▓░░
░░░░░
░░░░░

░░░░░
░░░░░
░░░░░
░░░░░
░░░░░

░░░░░
░░░░░
░░░░░
░░░░░
░░░░░

░░░░░
░░▓▓░
░░▓░░
░░░░░
░░░░░

░░░░░
░░░░░
░░░░░
░░░░░
░░░░░

░░░░░
░░░░░
░░░░░
░░░░░
░░░░░

░░░░░
░░▓▓░
░░▓▓░
░░░░░
░░░░░

░░░░░
░░░░░
░░░░░
░░░░░
░░░░░

░░░░░
░░░░░
░░░░░
░░░░░
░░░░░

░░░░░
░░▓░░
░░░▓░
░░░░░
░░░░░

░░░░░
░░░░░
░░░░░
░░░░░
░░░░░

░░░░░
░░░░░
░░░░░
░░░░░
░░░░░

]]></output>
              </test-case>
            </test-suite>
          </test-suite>
          <test-suite type="TestSuite" id="1-1800" name="Maze" fullname="PlayersWorlds.Maps.Maze" runstate="Runnable" testcasecount="555" result="Passed" start-time="2024-01-30T14:19:15.5661300Z" end-time="2024-01-30T14:19:15.9388870Z" duration="0.372757" total="51" passed="51" failed="0" warnings="0" inconclusive="0" skipped="0" asserts="397">
            <test-suite type="TestFixture" id="1-1102" name="Maze2DRendererTest" fullname="PlayersWorlds.Maps.Maze.Maze2DRendererTest" classname="PlayersWorlds.Maps.Maze.Maze2DRendererTest" runstate="Runnable" testcasecount="1" result="Passed" start-time="2024-01-30T14:19:15.7528360Z" end-time="2024-01-30T14:19:15.7553270Z" duration="0.002491" total="1" passed="1" failed="0" warnings="0" inconclusive="0" skipped="0" asserts="1">
              <test-case id="1-1103" name="ThrowsIfCantFit" fullname="PlayersWorlds.Maps.Maze.Maze2DRendererTest.ThrowsIfCantFit" methodname="ThrowsIfCantFit" classname="PlayersWorlds.Maps.Maze.Maze2DRendererTest" runstate="Runnable" seed="1059579118" result="Passed" start-time="2024-01-30T14:19:15.7528740Z" end-time="2024-01-30T14:19:15.7553160Z" duration="0.002442" asserts="1">
                <output><![CDATA[42x42
]]></output>
              </test-case>
            </test-suite>
            <test-suite type="TestFixture" id="1-1104" name="Maze2DTest" fullname="PlayersWorlds.Maps.Maze.Maze2DTest" classname="PlayersWorlds.Maps.Maze.Maze2DTest" runstate="Runnable" testcasecount="13" result="Passed" start-time="2024-01-30T14:19:15.7553380Z" end-time="2024-01-30T14:19:15.7866540Z" duration="0.031316" total="13" passed="13" failed="0" warnings="0" inconclusive="0" skipped="0" asserts="177">
              <test-case id="1-1111" name="Maze2D_AddsNoRoomsToASmallMaze" fullname="PlayersWorlds.Maps.Maze.Maze2DTest.Maze2D_AddsNoRoomsToASmallMaze" methodname="Maze2D_AddsNoRoomsToASmallMaze" classname="PlayersWorlds.Maps.Maze.Maze2DTest" runstate="Runnable" seed="1520187488" result="Passed" start-time="2024-01-30T14:19:15.7553780Z" end-time="2024-01-30T14:19:15.7668720Z" duration="0.011495" asserts="1">
                <output><![CDATA[AldousBroderMazeGenerator: Generating maze 3x3 with PlayersWorlds.Maps.Maze.GeneratorOptions(Full, Auto, <null>, PlayersWorlds.Maps.Areas.RandomAreaGenerator, PlayersWorlds.Maps.Maze.AldousBroderMazeGenerator)
]]></output>
              </test-case>
              <test-case id="1-1110" name="Maze2D_AddsNoRoomsWhenNoneRequested" fullname="PlayersWorlds.Maps.Maze.Maze2DTest.Maze2D_AddsNoRoomsWhenNoneRequested" methodname="Maze2D_AddsNoRoomsWhenNoneRequested" classname="PlayersWorlds.Maps.Maze.Maze2DTest" runstate="Runnable" seed="407422690" result="Passed" start-time="2024-01-30T14:19:15.7668840Z" end-time="2024-01-30T14:19:15.7686840Z" duration="0.001800" asserts="1">
                <output><![CDATA[AldousBroderMazeGenerator: Generating maze 10x10 with PlayersWorlds.Maps.Maze.GeneratorOptions(Full, Manual, <null>, PlayersWorlds.Maps.Areas.RandomAreaGenerator, PlayersWorlds.Maps.Maze.AldousBroderMazeGenerator)
]]></output>
              </test-case>
              <test-case id="1-1114" name="Maze2D_AddsOneFill" fullname="PlayersWorlds.Maps.Maze.Maze2DTest.Maze2D_AddsOneFill" methodname="Maze2D_AddsOneFill" classname="PlayersWorlds.Maps.Maze.Maze2DTest" runstate="Runnable" seed="1325124153" result="Passed" start-time="2024-01-30T14:19:15.7686940Z" end-time="2024-01-30T14:19:15.7706390Z" duration="0.001945" asserts="1">
                <output><![CDATA[AldousBroderMazeGenerator: Generating maze 5x5 with PlayersWorlds.Maps.Maze.GeneratorOptions(Full, Manual, List`1<MapArea>(P2x2;S2x1;Fill;), PlayersWorlds.Maps.Areas.RandomAreaGenerator, PlayersWorlds.Maps.Maze.AldousBroderMazeGenerator)
]]></output>
              </test-case>
              <test-case id="1-1113" name="Maze2D_AddsOneHall" fullname="PlayersWorlds.Maps.Maze.Maze2DTest.Maze2D_AddsOneHall" methodname="Maze2D_AddsOneHall" classname="PlayersWorlds.Maps.Maze.Maze2DTest" runstate="Runnable" seed="2120788775" result="Passed" start-time="2024-01-30T14:19:15.7706500Z" end-time="2024-01-30T14:19:15.7712900Z" duration="0.000641" asserts="1">
                <output><![CDATA[AldousBroderMazeGenerator: Generating maze 5x5 with PlayersWorlds.Maps.Maze.GeneratorOptions(Full, Manual, List`1<MapArea>(P2x2;S2x1;Hall;), PlayersWorlds.Maps.Areas.RandomAreaGenerator, PlayersWorlds.Maps.Maze.AldousBroderMazeGenerator)
]]></output>
              </test-case>
              <test-case id="1-1112" name="Maze2D_AddsRooms" fullname="PlayersWorlds.Maps.Maze.Maze2DTest.Maze2D_AddsRooms" methodname="Maze2D_AddsRooms" classname="PlayersWorlds.Maps.Maze.Maze2DTest" runstate="Runnable" seed="825847476" result="Passed" start-time="2024-01-30T14:19:15.7713010Z" end-time="2024-01-30T14:19:15.7736700Z" duration="0.002369" asserts="1">
                <output><![CDATA[AldousBroderMazeGenerator: Generating maze 5x5 with PlayersWorlds.Maps.Maze.GeneratorOptions(Full, Auto, <null>, PlayersWorlds.Maps.Areas.RandomAreaGenerator, PlayersWorlds.Maps.Maze.AldousBroderMazeGenerator)
]]></output>
              </test-case>
              <test-case id="1-1116" name="Maze2D_CanParse" fullname="PlayersWorlds.Maps.Maze.Maze2DTest.Maze2D_CanParse" methodname="Maze2D_CanParse" classname="PlayersWorlds.Maps.Maze.Maze2DTest" runstate="Runnable" seed="721981811" result="Passed" start-time="2024-01-30T14:19:15.7736810Z" end-time="2024-01-30T14:19:15.7787040Z" duration="0.005023" asserts="16">
                <output><![CDATA[┌───────────┐
│           │
├───╴   ┌───┤
│       │   │
│   ╷   ╵   │
│   │       │
└───┴───────┘

]]></output>
              </test-case>
              <test-case id="1-1117" name="Maze2D_CanParse2" fullname="PlayersWorlds.Maps.Maze.Maze2DTest.Maze2D_CanParse2" methodname="Maze2D_CanParse2" classname="PlayersWorlds.Maps.Maze.Maze2DTest" runstate="Runnable" seed="1292072739" result="Passed" start-time="2024-01-30T14:19:15.7787150Z" end-time="2024-01-30T14:19:15.7788320Z" duration="0.000117" asserts="1" />
              <test-case id="1-1109" name="Maze2D_CanRenderMap" fullname="PlayersWorlds.Maps.Maze.Maze2DTest.Maze2D_CanRenderMap" methodname="Maze2D_CanRenderMap" classname="PlayersWorlds.Maps.Maze.Maze2DTest" runstate="Runnable" seed="773751805" result="Passed" start-time="2024-01-30T14:19:15.7788390Z" end-time="2024-01-30T14:19:15.7825620Z" duration="0.003724" asserts="1">
                <output><![CDATA[AldousBroderMazeGenerator: Generating maze 3x3 with PlayersWorlds.Maps.Maze.GeneratorOptions(Full, None, <null>, PlayersWorlds.Maps.Areas.RandomAreaGenerator, PlayersWorlds.Maps.Maze.AldousBroderMazeGenerator)
]]></output>
              </test-case>
              <test-case id="1-1108" name="Maze2D_CellsNeighborsAreValid" fullname="PlayersWorlds.Maps.Maze.Maze2DTest.Maze2D_CellsNeighborsAreValid" methodname="Maze2D_CellsNeighborsAreValid" classname="PlayersWorlds.Maps.Maze.Maze2DTest" runstate="Runnable" seed="1308307233" result="Passed" start-time="2024-01-30T14:19:15.7825740Z" end-time="2024-01-30T14:19:15.7838740Z" duration="0.001300" asserts="136" />
              <test-case id="1-1115" name="Maze2D_HasAttributesSet" fullname="PlayersWorlds.Maps.Maze.Maze2DTest.Maze2D_HasAttributesSet" methodname="Maze2D_HasAttributesSet" classname="PlayersWorlds.Maps.Maze.Maze2DTest" runstate="Runnable" seed="254986247" result="Passed" start-time="2024-01-30T14:19:15.7838850Z" end-time="2024-01-30T14:19:15.7844100Z" duration="0.000526" asserts="2">
                <output><![CDATA[AldousBroderMazeGenerator: Generating maze 3x3 with PlayersWorlds.Maps.Maze.GeneratorOptions(Full, None, <null>, PlayersWorlds.Maps.Areas.RandomAreaGenerator, PlayersWorlds.Maps.Maze.AldousBroderMazeGenerator)
]]></output>
              </test-case>
              <test-case id="1-1105" name="Maze2D_IsInitialized" fullname="PlayersWorlds.Maps.Maze.Maze2DTest.Maze2D_IsInitialized" methodname="Maze2D_IsInitialized" classname="PlayersWorlds.Maps.Maze.Maze2DTest" runstate="Runnable" seed="840497492" result="Passed" start-time="2024-01-30T14:19:15.7844210Z" end-time="2024-01-30T14:19:15.7845810Z" duration="0.000160" asserts="4" />
              <test-case id="1-1107" name="Maze2D_ToMapWrongOptions" fullname="PlayersWorlds.Maps.Maze.Maze2DTest.Maze2D_ToMapWrongOptions" methodname="Maze2D_ToMapWrongOptions" classname="PlayersWorlds.Maps.Maze.Maze2DTest" runstate="Runnable" seed="403892746" result="Passed" start-time="2024-01-30T14:19:15.7845880Z" end-time="2024-01-30T14:19:15.7863650Z" duration="0.001778" asserts="7" />
              <test-case id="1-1106" name="Maze2D_WrongSize" fullname="PlayersWorlds.Maps.Maze.Maze2DTest.Maze2D_WrongSize" methodname="Maze2D_WrongSize" classname="PlayersWorlds.Maps.Maze.Maze2DTest" runstate="Runnable" seed="681228100" result="Passed" start-time="2024-01-30T14:19:15.7863750Z" end-time="2024-01-30T14:19:15.7866390Z" duration="0.000264" asserts="5" />
            </test-suite>
            <test-suite type="TestFixture" id="1-1118" name="MazeCellTest" fullname="PlayersWorlds.Maps.Maze.MazeCellTest" classname="PlayersWorlds.Maps.Maze.MazeCellTest" runstate="Runnable" testcasecount="4" result="Passed" start-time="2024-01-30T14:19:15.7866780Z" end-time="2024-01-30T14:19:15.7903810Z" duration="0.003703" total="4" passed="4" failed="0" warnings="0" inconclusive="0" skipped="0" asserts="22">
              <test-case id="1-1120" name="CanAssignMapAreaOnce" fullname="PlayersWorlds.Maps.Maze.MazeCellTest.CanAssignMapAreaOnce" methodname="CanAssignMapAreaOnce" classname="PlayersWorlds.Maps.Maze.MazeCellTest" runstate="Runnable" seed="1112238360" result="Passed" start-time="2024-01-30T14:19:15.7867240Z" end-time="2024-01-30T14:19:15.7887280Z" duration="0.002004" asserts="4" />
              <test-case id="1-1122" name="DoubleLinkingThrowsError" fullname="PlayersWorlds.Maps.Maze.MazeCellTest.DoubleLinkingThrowsError" methodname="DoubleLinkingThrowsError" classname="PlayersWorlds.Maps.Maze.MazeCellTest" runstate="Runnable" seed="785980334" result="Passed" start-time="2024-01-30T14:19:15.7887390Z" end-time="2024-01-30T14:19:15.7889300Z" duration="0.000191" asserts="1" />
              <test-case id="1-1119" name="LinksAreMutual" fullname="PlayersWorlds.Maps.Maze.MazeCellTest.LinksAreMutual" methodname="LinksAreMutual" classname="PlayersWorlds.Maps.Maze.MazeCellTest" runstate="Runnable" seed="2084308417" result="Passed" start-time="2024-01-30T14:19:15.7889370Z" end-time="2024-01-30T14:19:15.7900410Z" duration="0.001105" asserts="10" />
              <test-case id="1-1121" name="ToStringTest" fullname="PlayersWorlds.Maps.Maze.MazeCellTest.ToStringTest" methodname="ToStringTest" classname="PlayersWorlds.Maps.Maze.MazeCellTest" runstate="Runnable" seed="755763015" result="Passed" start-time="2024-01-30T14:19:15.7900520Z" end-time="2024-01-30T14:19:15.7903690Z" duration="0.000318" asserts="7" />
            </test-suite>
            <test-suite type="TestFixture" id="1-1123" name="MazeGeneratorTest" fullname="PlayersWorlds.Maps.Maze.MazeGeneratorTest" classname="PlayersWorlds.Maps.Maze.MazeGeneratorTest" runstate="Runnable" testcasecount="532" result="Passed" start-time="2024-01-30T14:19:15.7903960Z" end-time="2024-01-30T14:19:15.9348200Z" duration="0.144424" total="28" passed="28" failed="0" warnings="0" inconclusive="0" skipped="0" asserts="179">
              <test-suite type="ParameterizedMethod" id="1-1659" name="AreasAreAppliedProperly" fullname="PlayersWorlds.Maps.Maze.MazeGeneratorTest.AreasAreAppliedProperly" classname="PlayersWorlds.Maps.Maze.MazeGeneratorTest" runstate="Runnable" testcasecount="6" result="Passed" start-time="2024-01-30T14:19:15.7904390Z" end-time="2024-01-30T14:19:15.8259890Z" duration="0.035550" total="6" passed="6" failed="0" warnings="0" inconclusive="0" skipped="0" asserts="138">
                <test-case id="1-1653" name="AreasAreAppliedProperly(PlayersWorlds.Maps.Maze.AldousBroderMazeGenerator)" fullname="PlayersWorlds.Maps.Maze.MazeGeneratorTest.AreasAreAppliedProperly(PlayersWorlds.Maps.Maze.AldousBroderMazeGenerator)" methodname="AreasAreAppliedProperly" classname="PlayersWorlds.Maps.Maze.MazeGeneratorTest" runstate="Runnable" seed="1637406970" result="Passed" start-time="2024-01-30T14:19:15.7904540Z" end-time="2024-01-30T14:19:15.7992520Z" duration="0.008798" asserts="23">
                  <output><![CDATA[AldousBroderMazeGenerator: Generating maze 10x10 with PlayersWorlds.Maps.Maze.GeneratorOptions(Full, Manual, List`1<MapArea>(P2x1;S2x3;Fill;, P1x5;S3x4;Fill;, P5x6;S3x2;Hall;, P5x1;S4x3;Hall;), PlayersWorlds.Maps.Areas.RandomAreaGenerator, PlayersWorlds.Maps.Maze.AldousBroderMazeGenerator)
]]></output>
                </test-case>
                <test-case id="1-1654" name="AreasAreAppliedProperly(PlayersWorlds.Maps.Maze.BinaryTreeMazeGenerator)" fullname="PlayersWorlds.Maps.Maze.MazeGeneratorTest.AreasAreAppliedProperly(PlayersWorlds.Maps.Maze.BinaryTreeMazeGenerator)" methodname="AreasAreAppliedProperly" classname="PlayersWorlds.Maps.Maze.MazeGeneratorTest" runstate="Runnable" seed="934603336" result="Passed" start-time="2024-01-30T14:19:15.7992640Z" end-time="2024-01-30T14:19:15.8083060Z" duration="0.009042" asserts="23">
                  <output><![CDATA[BinaryTreeMazeGenerator: Generating maze 10x10 with PlayersWorlds.Maps.Maze.GeneratorOptions(Full, Manual, List`1<MapArea>(P2x1;S2x3;Fill;, P1x5;S3x4;Fill;, P5x6;S3x2;Hall;, P5x1;S4x3;Hall;), PlayersWorlds.Maps.Areas.RandomAreaGenerator, PlayersWorlds.Maps.Maze.BinaryTreeMazeGenerator)
]]></output>
                </test-case>
                <test-case id="1-1655" name="AreasAreAppliedProperly(PlayersWorlds.Maps.Maze.HuntAndKillMazeGenerator)" fullname="PlayersWorlds.Maps.Maze.MazeGeneratorTest.AreasAreAppliedProperly(PlayersWorlds.Maps.Maze.HuntAndKillMazeGenerator)" methodname="AreasAreAppliedProperly" classname="PlayersWorlds.Maps.Maze.MazeGeneratorTest" runstate="Runnable" seed="219403760" result="Passed" start-time="2024-01-30T14:19:15.8083190Z" end-time="2024-01-30T14:19:15.8122990Z" duration="0.003980" asserts="23">
                  <output><![CDATA[HuntAndKillMazeGenerator: Generating maze 10x10 with PlayersWorlds.Maps.Maze.GeneratorOptions(Full, Manual, List`1<MapArea>(P2x1;S2x3;Fill;, P1x5;S3x4;Fill;, P5x6;S3x2;Hall;, P5x1;S4x3;Hall;), PlayersWorlds.Maps.Areas.RandomAreaGenerator, PlayersWorlds.Maps.Maze.HuntAndKillMazeGenerator)
]]></output>
                </test-case>
                <test-case id="1-1656" name="AreasAreAppliedProperly(PlayersWorlds.Maps.Maze.RecursiveBacktrackerMazeGenerator)" fullname="PlayersWorlds.Maps.Maze.MazeGeneratorTest.AreasAreAppliedProperly(PlayersWorlds.Maps.Maze.RecursiveBacktrackerMazeGenerator)" methodname="AreasAreAppliedProperly" classname="PlayersWorlds.Maps.Maze.MazeGeneratorTest" runstate="Runnable" seed="1632568677" result="Passed" start-time="2024-01-30T14:19:15.8123120Z" end-time="2024-01-30T14:19:15.8171790Z" duration="0.004867" asserts="23">
                  <output><![CDATA[RecursiveBacktrackerMazeGenerator: Generating maze 10x10 with PlayersWorlds.Maps.Maze.GeneratorOptions(Full, Manual, List`1<MapArea>(P2x1;S2x3;Fill;, P1x5;S3x4;Fill;, P5x6;S3x2;Hall;, P5x1;S4x3;Hall;), PlayersWorlds.Maps.Areas.RandomAreaGenerator, PlayersWorlds.Maps.Maze.RecursiveBacktrackerMazeGenerator)
]]></output>
                </test-case>
                <test-case id="1-1657" name="AreasAreAppliedProperly(PlayersWorlds.Maps.Maze.SidewinderMazeGenerator)" fullname="PlayersWorlds.Maps.Maze.MazeGeneratorTest.AreasAreAppliedProperly(PlayersWorlds.Maps.Maze.SidewinderMazeGenerator)" methodname="AreasAreAppliedProperly" classname="PlayersWorlds.Maps.Maze.MazeGeneratorTest" runstate="Runnable" seed="1649632608" result="Passed" start-time="2024-01-30T14:19:15.8171920Z" end-time="2024-01-30T14:19:15.8211980Z" duration="0.004006" asserts="23">
                  <output><![CDATA[SidewinderMazeGenerator: Generating maze 10x10 with PlayersWorlds.Maps.Maze.GeneratorOptions(Full, Manual, List`1<MapArea>(P2x1;S2x3;Fill;, P1x5;S3x4;Fill;, P5x6;S3x2;Hall;, P5x1;S4x3;Hall;), PlayersWorlds.Maps.Areas.RandomAreaGenerator, PlayersWorlds.Maps.Maze.SidewinderMazeGenerator)
]]></output>
                </test-case>
                <test-case id="1-1658" name="AreasAreAppliedProperly(PlayersWorlds.Maps.Maze.WilsonsMazeGenerator)" fullname="PlayersWorlds.Maps.Maze.MazeGeneratorTest.AreasAreAppliedProperly(PlayersWorlds.Maps.Maze.WilsonsMazeGenerator)" methodname="AreasAreAppliedProperly" classname="PlayersWorlds.Maps.Maze.MazeGeneratorTest" runstate="Runnable" seed="621930247" result="Passed" start-time="2024-01-30T14:19:15.8212160Z" end-time="2024-01-30T14:19:15.8259750Z" duration="0.004759" asserts="23">
                  <output><![CDATA[WilsonsMazeGenerator: Generating maze 10x10 with PlayersWorlds.Maps.Maze.GeneratorOptions(Full, Manual, List`1<MapArea>(P2x1;S2x3;Fill;, P1x5;S3x4;Fill;, P5x6;S3x2;Hall;, P5x1;S4x3;Hall;), PlayersWorlds.Maps.Areas.RandomAreaGenerator, PlayersWorlds.Maps.Maze.WilsonsMazeGenerator)
]]></output>
                </test-case>
              </test-suite>
              <test-suite type="ParameterizedMethod" id="1-1652" name="CanFindPaths" fullname="PlayersWorlds.Maps.Maze.MazeGeneratorTest.CanFindPaths" classname="PlayersWorlds.Maps.Maze.MazeGeneratorTest" runstate="Runnable" testcasecount="6" result="Passed" start-time="2024-01-30T14:19:15.8260030Z" end-time="2024-01-30T14:19:15.8271580Z" duration="0.001155" total="6" passed="6" failed="0" warnings="0" inconclusive="0" skipped="0" asserts="12">
                <test-case id="1-1646" name="CanFindPaths(PlayersWorlds.Maps.Maze.AldousBroderMazeGenerator)" fullname="PlayersWorlds.Maps.Maze.MazeGeneratorTest.CanFindPaths(PlayersWorlds.Maps.Maze.AldousBroderMazeGenerator)" methodname="CanFindPaths" classname="PlayersWorlds.Maps.Maze.MazeGeneratorTest" runstate="Runnable" seed="696188812" result="Passed" start-time="2024-01-30T14:19:15.8260240Z" end-time="2024-01-30T14:19:15.8267070Z" duration="0.000683" asserts="2" />
                <test-case id="1-1647" name="CanFindPaths(PlayersWorlds.Maps.Maze.BinaryTreeMazeGenerator)" fullname="PlayersWorlds.Maps.Maze.MazeGeneratorTest.CanFindPaths(PlayersWorlds.Maps.Maze.BinaryTreeMazeGenerator)" methodname="CanFindPaths" classname="PlayersWorlds.Maps.Maze.MazeGeneratorTest" runstate="Runnable" seed="1232081408" result="Passed" start-time="2024-01-30T14:19:15.8267160Z" end-time="2024-01-30T14:19:15.8268350Z" duration="0.000120" asserts="2" />
                <test-case id="1-1648" name="CanFindPaths(PlayersWorlds.Maps.Maze.HuntAndKillMazeGenerator)" fullname="PlayersWorlds.Maps.Maze.MazeGeneratorTest.CanFindPaths(PlayersWorlds.Maps.Maze.HuntAndKillMazeGenerator)" methodname="CanFindPaths" classname="PlayersWorlds.Maps.Maze.MazeGeneratorTest" runstate="Runnable" seed="802294278" result="Passed" start-time="2024-01-30T14:19:15.8268410Z" end-time="2024-01-30T14:19:15.8269050Z" duration="0.000064" asserts="2" />
                <test-case id="1-1649" name="CanFindPaths(PlayersWorlds.Maps.Maze.RecursiveBacktrackerMazeGenerator)" fullname="PlayersWorlds.Maps.Maze.MazeGeneratorTest.CanFindPaths(PlayersWorlds.Maps.Maze.RecursiveBacktrackerMazeGenerator)" methodname="CanFindPaths" classname="PlayersWorlds.Maps.Maze.MazeGeneratorTest" runstate="Runnable" seed="2147179395" result="Passed" start-time="2024-01-30T14:19:15.8269100Z" end-time="2024-01-30T14:19:15.8269740Z" duration="0.000064" asserts="2" />
                <test-case id="1-1650" name="CanFindPaths(PlayersWorlds.Maps.Maze.SidewinderMazeGenerator)" fullname="PlayersWorlds.Maps.Maze.MazeGeneratorTest.CanFindPaths(PlayersWorlds.Maps.Maze.SidewinderMazeGenerator)" methodname="CanFindPaths" classname="PlayersWorlds.Maps.Maze.MazeGeneratorTest" runstate="Runnable" seed="1739271359" result="Passed" start-time="2024-01-30T14:19:15.8269790Z" end-time="2024-01-30T14:19:15.8270780Z" duration="0.000100" asserts="2" />
                <test-case id="1-1651" name="CanFindPaths(PlayersWorlds.Maps.Maze.WilsonsMazeGenerator)" fullname="PlayersWorlds.Maps.Maze.MazeGeneratorTest.CanFindPaths(PlayersWorlds.Maps.Maze.WilsonsMazeGenerator)" methodname="CanFindPaths" classname="PlayersWorlds.Maps.Maze.MazeGeneratorTest" runstate="Runnable" seed="1596427145" result="Passed" start-time="2024-01-30T14:19:15.8270830Z" end-time="2024-01-30T14:19:15.8271500Z" duration="0.000067" asserts="2" />
              </test-suite>
              <test-suite type="ParameterizedMethod" id="1-1131" name="CanGenerateMazes" fullname="PlayersWorlds.Maps.Maze.MazeGeneratorTest.CanGenerateMazes" classname="PlayersWorlds.Maps.Maze.MazeGeneratorTest" runstate="Runnable" testcasecount="6" result="Passed" start-time="2024-01-30T14:19:15.8271710Z" end-time="2024-01-30T14:19:15.9112650Z" duration="0.084094" total="6" passed="6" failed="0" warnings="0" inconclusive="0" skipped="0" asserts="12">
                <test-case id="1-1125" name="CanGenerateMazes(PlayersWorlds.Maps.Maze.AldousBroderMazeGenerator)" fullname="PlayersWorlds.Maps.Maze.MazeGeneratorTest.CanGenerateMazes(PlayersWorlds.Maps.Maze.AldousBroderMazeGenerator)" methodname="CanGenerateMazes" classname="PlayersWorlds.Maps.Maze.MazeGeneratorTest" runstate="Runnable" seed="1354427522" result="Passed" start-time="2024-01-30T14:19:15.8271910Z" end-time="2024-01-30T14:19:15.8853040Z" duration="0.058114" asserts="2">
                  <output><![CDATA[AldousBroderMazeGenerator: Generating maze 20x20 with PlayersWorlds.Maps.Maze.GeneratorOptions(Full, None, <null>, PlayersWorlds.Maps.Areas.RandomAreaGenerator, PlayersWorlds.Maps.Maze.AldousBroderMazeGenerator)
]]></output>
                </test-case>
                <test-case id="1-1126" name="CanGenerateMazes(PlayersWorlds.Maps.Maze.BinaryTreeMazeGenerator)" fullname="PlayersWorlds.Maps.Maze.MazeGeneratorTest.CanGenerateMazes(PlayersWorlds.Maps.Maze.BinaryTreeMazeGenerator)" methodname="CanGenerateMazes" classname="PlayersWorlds.Maps.Maze.MazeGeneratorTest" runstate="Runnable" seed="592411812" result="Passed" start-time="2024-01-30T14:19:15.8853300Z" end-time="2024-01-30T14:19:15.8871500Z" duration="0.001820" asserts="2">
                  <output><![CDATA[BinaryTreeMazeGenerator: Generating maze 20x20 with PlayersWorlds.Maps.Maze.GeneratorOptions(Full, None, <null>, PlayersWorlds.Maps.Areas.RandomAreaGenerator, PlayersWorlds.Maps.Maze.BinaryTreeMazeGenerator)
]]></output>
                </test-case>
                <test-case id="1-1127" name="CanGenerateMazes(PlayersWorlds.Maps.Maze.HuntAndKillMazeGenerator)" fullname="PlayersWorlds.Maps.Maze.MazeGeneratorTest.CanGenerateMazes(PlayersWorlds.Maps.Maze.HuntAndKillMazeGenerator)" methodname="CanGenerateMazes" classname="PlayersWorlds.Maps.Maze.MazeGeneratorTest" runstate="Runnable" seed="2143742826" result="Passed" start-time="2024-01-30T14:19:15.8871610Z" end-time="2024-01-30T14:19:15.8905300Z" duration="0.003368" asserts="2">
                  <output><![CDATA[HuntAndKillMazeGenerator: Generating maze 20x20 with PlayersWorlds.Maps.Maze.GeneratorOptions(Full, None, <null>, PlayersWorlds.Maps.Areas.RandomAreaGenerator, PlayersWorlds.Maps.Maze.HuntAndKillMazeGenerator)
]]></output>
                </test-case>
                <test-case id="1-1128" name="CanGenerateMazes(PlayersWorlds.Maps.Maze.RecursiveBacktrackerMazeGenerator)" fullname="PlayersWorlds.Maps.Maze.MazeGeneratorTest.CanGenerateMazes(PlayersWorlds.Maps.Maze.RecursiveBacktrackerMazeGenerator)" methodname="CanGenerateMazes" classname="PlayersWorlds.Maps.Maze.MazeGeneratorTest" runstate="Runnable" seed="1926798549" result="Passed" start-time="2024-01-30T14:19:15.8905420Z" end-time="2024-01-30T14:19:15.8959190Z" duration="0.005377" asserts="2">
                  <output><![CDATA[RecursiveBacktrackerMazeGenerator: Generating maze 20x20 with PlayersWorlds.Maps.Maze.GeneratorOptions(Full, None, <null>, PlayersWorlds.Maps.Areas.RandomAreaGenerator, PlayersWorlds.Maps.Maze.RecursiveBacktrackerMazeGenerator)
]]></output>
                </test-case>
                <test-case id="1-1129" name="CanGenerateMazes(PlayersWorlds.Maps.Maze.SidewinderMazeGenerator)" fullname="PlayersWorlds.Maps.Maze.MazeGeneratorTest.CanGenerateMazes(PlayersWorlds.Maps.Maze.SidewinderMazeGenerator)" methodname="CanGenerateMazes" classname="PlayersWorlds.Maps.Maze.MazeGeneratorTest" runstate="Runnable" seed="693902390" result="Passed" start-time="2024-01-30T14:19:15.8959290Z" end-time="2024-01-30T14:19:15.8980500Z" duration="0.002121" asserts="2">
                  <output><![CDATA[SidewinderMazeGenerator: Generating maze 20x20 with PlayersWorlds.Maps.Maze.GeneratorOptions(Full, None, <null>, PlayersWorlds.Maps.Areas.RandomAreaGenerator, PlayersWorlds.Maps.Maze.SidewinderMazeGenerator)
]]></output>
                </test-case>
                <test-case id="1-1130" name="CanGenerateMazes(PlayersWorlds.Maps.Maze.WilsonsMazeGenerator)" fullname="PlayersWorlds.Maps.Maze.MazeGeneratorTest.CanGenerateMazes(PlayersWorlds.Maps.Maze.WilsonsMazeGenerator)" methodname="CanGenerateMazes" classname="PlayersWorlds.Maps.Maze.MazeGeneratorTest" runstate="Runnable" seed="504090808" result="Passed" start-time="2024-01-30T14:19:15.8980590Z" end-time="2024-01-30T14:19:15.9112500Z" duration="0.013191" asserts="2">
                  <output><![CDATA[WilsonsMazeGenerator: Generating maze 20x20 with PlayersWorlds.Maps.Maze.GeneratorOptions(Full, None, <null>, PlayersWorlds.Maps.Areas.RandomAreaGenerator, PlayersWorlds.Maps.Maze.WilsonsMazeGenerator)
]]></output>
                </test-case>
              </test-suite>
              <test-case id="1-1124" name="CanUseCustomAreaGenerator" fullname="PlayersWorlds.Maps.Maze.MazeGeneratorTest.CanUseCustomAreaGenerator" methodname="CanUseCustomAreaGenerator" classname="PlayersWorlds.Maps.Maze.MazeGeneratorTest" runstate="Runnable" seed="472502309" result="Passed" start-time="2024-01-30T14:19:15.9112760Z" end-time="2024-01-30T14:19:15.9229850Z" duration="0.011709" asserts="4">
                <output><![CDATA[AldousBroderMazeGenerator: Generating maze 15x15 with PlayersWorlds.Maps.Maze.GeneratorOptions(Full, Auto, <null>, PlayersWorlds.Maps.Maze.MazeGeneratorTest+CustomAreaGenerator, PlayersWorlds.Maps.Maze.AldousBroderMazeGenerator)
┌───┬───────────┬───────────────────┬───┬───┬───────────────┐
│   │           │                   │   │   │               │
│   └───╴   ╷   │   ┌───────╴   ┌───┘   ╵   └───┐   ╷   ╷   │
│           │   │   │           │               │   │   │   │
│   ┌───────┴───┴───┴───────╴   │   ╶───┬───╴   ╵   │   ├───┤
│   │             21  20        │ 1b  1a│           │   │   │
│   └───────┬───╴   ╷   ╶───────┘   ╷   └───────────┤   ╵   │
│           │ 23  22│ 1f  1e  1d  1c│ 19            │       │
├───┬───╴   ╵   ┌───┴───────╴   ╷   │   ╶───────┐   │   ╷   │
│   │ 26  25  24│               │   │ 18        │   │   │   │
│   ╵   ┌───┬───┴───┬───────────┤   │   ╶───────┼───┴───┤   │
│ 28  27│   │       │           │   │ 17  16  15│       │   │
│   ┌───┘   ╵   ╶───┤   ╷   ┌───┘   ├───────┐   ╵   ╶───┼───┤
│ 29│               │   │   │       │ 3c  3b│ 14  13    │   │
│   └───╴   ╷   ╷   └───┤   ├───────┴───┐   └───┐   ╶───┘   │
│ 2a  2b    │   │       │   │           │ 3a    │ 12        │
│   ╷   ╶───┼───┴───┬───┘   └───╴   ┌───┘   ╷   │   ╷   ╷   │
│   │ 2c  2d│       │     33  34  35│ 38  39│   │ 11│   │   │
│   └───┐   ╵   ╶───┴───╴   ┌───╴   ╵   ╷   ├───┤   └───┤   │
│       │ 2e  2f  30  31  32│     36  37│   │   │ 10  f │   │
├───╴   └───┬───┬───────┬───┼───╴   ┌───┤   │   └───┐   │   │
│           │   │       │   │       │   │   │       │ e │   │
├───────┐   ╵   ╵   ╷   │   └───────┘   └───┴───╴   │   │   │
│       │           │   │             7   8   9   a │ d │   │
├───╴   ╵   ┌───┬───┼───┤   ┌───────╴   ┌───╴   ╷   ╵   │   │
│           │   │   │   │   │     5   6 │       │ b   c │   │
│   ┼   ╷   ╵   ╵   ╵   ├───┴───┐   ╶───┤   ┌───┴───┐   └───┤
│       │               │       │ 4   3 │   │       │       │
│   ┼   │   ╷   ╶───────┴───╴   ├───╴   └───┴───┐   ╵   ╷   │
│       │   │                   │     2   1   0 │       │   │
└───────┴───┴───────────────────┴───────────────┴───────┴───┘

]]></output>
              </test-case>
              <test-case id="1-1134" name="IsFillComplete_Full" fullname="PlayersWorlds.Maps.Maze.MazeGeneratorTest.IsFillComplete_Full" methodname="IsFillComplete_Full" classname="PlayersWorlds.Maps.Maze.MazeGeneratorTest" runstate="Runnable" seed="1633189007" result="Passed" start-time="2024-01-30T14:19:15.9230000Z" end-time="2024-01-30T14:19:15.9251160Z" duration="0.002117" asserts="1">
                <output><![CDATA[AldousBroderMazeGenerator: Generating maze 10x10 with PlayersWorlds.Maps.Maze.GeneratorOptions(Full, None, <null>, PlayersWorlds.Maps.Areas.RandomAreaGenerator, PlayersWorlds.Maps.Maze.AldousBroderMazeGenerator)
┌───────┬───┬───┬───────────────────────┐
│ 24  25│   │   │         4   3   2   1 │
│   ┌───┘   ╵   │   ┌───╴   ╶───────┐   │
│ 23│           │   │ 6   5         │ 0 │
│   └───╴   ╶───┴───┤   ╶───┬───╴   └───┤
│ 22  21  20  1f    │ 7   8 │           │
├───┬───────╴   ╶───┼───┐   └───┬───┐   │
│   │ 1c  1d  1e    │   │ 9   a │   │   │
│   ╵   ╶───┬───╴   ╵   ├───┐   │   └───┤
│ 1a  1b    │           │   │ b │       │
│   ╶───┐   ├───────────┘   │   ├───┐   │
│ 19  18│   │               │ c │   │   │
├───╴   │   ├───┐   ╷   ╷   ╵   ╵   ╵   │
│     17│   │   │   │   │ e   d         │
│   ╷   ├───┘   ├───┴───┤   ┌───┬───╴   │
│   │ 16│       │       │ f │   │       │
│   │   └───╴   ╵   ╶───┘   │   ╵   ┌───┤
│   │ 15  14  13  12  11  10│       │   │
├───┘   ┌───────────╴   ╶───┤   ╶───┘   │
│       │                   │           │
└───────┴───────────────────┴───────────┘

]]></output>
              </test-case>
              <test-case id="1-1139" name="IsFillComplete_FullHeight" fullname="PlayersWorlds.Maps.Maze.MazeGeneratorTest.IsFillComplete_FullHeight" methodname="IsFillComplete_FullHeight" classname="PlayersWorlds.Maps.Maze.MazeGeneratorTest" runstate="Runnable" seed="1379742344" result="Passed" start-time="2024-01-30T14:19:15.9251280Z" end-time="2024-01-30T14:19:15.9264490Z" duration="0.001321" asserts="1">
                <output><![CDATA[AldousBroderMazeGenerator: Generating maze 10x10 with PlayersWorlds.Maps.Maze.GeneratorOptions(FullHeight, None, <null>, PlayersWorlds.Maps.Areas.RandomAreaGenerator, PlayersWorlds.Maps.Maze.AldousBroderMazeGenerator)
                                         
                                         
┌───────────┐                            
│ 0   1   2 │                            
└───────┐   └───┐                        
        │ 3   4 │                        
        └───┐   │       ┌───────┐        
            │ 5 │       │       │        
            │   └───────┘   ╶───┼───┐    
            │ 6   7   8   9   a │   │    
            └───────┐   ┌───┐   ╵   └───┐
                    │   │   │ b   c   d │
                    └───┘   └───┬───╴   │
                                │ f   e │
                                │   ┌───┘
                                │ 10│    
                        ┌───────┘   └───┐
                        │     12  11    │
                        ├───╴   ╷   ╶───┤
                        │ 14  13│       │
                        └───────┴───────┘

]]></output>
              </test-case>
              <test-case id="1-1138" name="IsFillComplete_FullWidth" fullname="PlayersWorlds.Maps.Maze.MazeGeneratorTest.IsFillComplete_FullWidth" methodname="IsFillComplete_FullWidth" classname="PlayersWorlds.Maps.Maze.MazeGeneratorTest" runstate="Runnable" seed="1294050511" result="Passed" start-time="2024-01-30T14:19:15.9264590Z" end-time="2024-01-30T14:19:15.9274910Z" duration="0.001033" asserts="1">
                <output><![CDATA[AldousBroderMazeGenerator: Generating maze 10x10 with PlayersWorlds.Maps.Maze.GeneratorOptions(FullWidth, None, <null>, PlayersWorlds.Maps.Areas.RandomAreaGenerator, PlayersWorlds.Maps.Maze.AldousBroderMazeGenerator)
            ┌───┐                        
            │ 0 │                        
┌───────┬───┘   │                        
│       │ 2   1 │                        
│   ╶───┘   ┌───┘                        
│     4   3 │                            
│   ╷   ╶───┤                            
│   │ 5     │                            
├───┘   ╶───┤   ┌───┐                    
│     6     │   │   │                    
│   ╷   ┌───┘   │   │                    
│   │ 7 │       │   │                    
│   │   └───────┘   │                    
│   │ 8   9   a   b │                    
├───┘   ╶───┬───┐   │                    
│           │   │ c │                    
├───┐   ┌───┴───┘   │                    
│   │   │ f   e   d │                    
│   ╵   ├───────────┘                    
│       │                                
└───────┘                                

]]></output>
              </test-case>
              <test-case id="1-1133" name="IsFillComplete_Half" fullname="PlayersWorlds.Maps.Maze.MazeGeneratorTest.IsFillComplete_Half" methodname="IsFillComplete_Half" classname="PlayersWorlds.Maps.Maze.MazeGeneratorTest" runstate="Runnable" seed="1077499845" result="Passed" start-time="2024-01-30T14:19:15.9275020Z" end-time="2024-01-30T14:19:15.9286250Z" duration="0.001123" asserts="1">
                <output><![CDATA[AldousBroderMazeGenerator: Generating maze 10x10 with PlayersWorlds.Maps.Maze.GeneratorOptions(Half, None, <null>, PlayersWorlds.Maps.Areas.RandomAreaGenerator, PlayersWorlds.Maps.Maze.AldousBroderMazeGenerator)
                        ┌───────┬───────┐
                        │       │ 1   0 │
                        │   ╶───┘   ╶───┤
                        │     3   2     │
                        └───┐   ╶───────┤
                            │ 4         │
                    ┌───────┤   ╶───────┤
                    │       │ 5   6     │
                    │   ╶───┤   ╷   ╷   │
                    │       │   │ 7 │   │
                    └───┐   └───┤   └───┤
                        │       │ 8     │
                        ├───╴   │   ╷   │
                        │       │ 9 │   │
            ┌───┬───────┼───┐   │   │   │
            │   │ 12  11│   │   │ a │   │
        ┌───┘   ╵   ╷   │   ╵   ╵   │   │
        │ 15  14  13│ 10│ d   c   b │   │
        └───────┬───┘   ╵   ┌───────┘   │
                │     f   e │           │
                └───────────┴───────────┘

]]></output>
              </test-case>
              <test-case id="1-1137" name="IsFillComplete_NinetyPercent" fullname="PlayersWorlds.Maps.Maze.MazeGeneratorTest.IsFillComplete_NinetyPercent" methodname="IsFillComplete_NinetyPercent" classname="PlayersWorlds.Maps.Maze.MazeGeneratorTest" runstate="Runnable" seed="1326873670" result="Passed" start-time="2024-01-30T14:19:15.9286350Z" end-time="2024-01-30T14:19:15.9309150Z" duration="0.002280" asserts="1">
                <output><![CDATA[AldousBroderMazeGenerator: Generating maze 10x10 with PlayersWorlds.Maps.Maze.GeneratorOptions(NinetyPercent, None, <null>, PlayersWorlds.Maps.Areas.RandomAreaGenerator, PlayersWorlds.Maps.Maze.AldousBroderMazeGenerator)
┌───────┬───────────┬───┬───────────────┐
│       │           │   │               │
├───╴   │   ┌───╴   ╵   ├───╴   ┌───────┘
│       │   │           │       │        
├───╴   └───┴───╴   ╷   │   ╷   │   ┌───┐
│     5   6   7   8 │   │   │   │   │   │
├───┐   ┌───────┐   └───┼───┘   ├───┤   │
│   │ 4 │ 1   0 │ 9     │       │   │   │
│   ╵   ╵   ╶───┤   ╶───┼───╴   ╵   ╵   │
│     3   2     │ a     │               │
│   ┌───────────┤   ╶───┴───────╴   ┌───┤
│   │           │ b   c   d   e     │   │
├───┴───╴   ╶───┴───────┬───┐   ╶───┘   │
│ 1c  1b  1a  19        │   │ f         │
│   ╷   ╷   ╷   ╷   ┌───┘   ╵   ╷   ╷   │
│ 1d│   │   │ 18│   │     11  10│   │   │
└───┼───┼───┘   ├───┴───╴   ╷   ├───┴───┘
    │   │     17│ 14  13  12│   │        
    │   ╵   ╷   ╵   ┌───┬───┘   │        
    │       │ 16  15│   │       │        
    └───────┴───────┘   └───────┘        

]]></output>
              </test-case>
              <test-case id="1-1135" name="IsFillComplete_Quarter" fullname="PlayersWorlds.Maps.Maze.MazeGeneratorTest.IsFillComplete_Quarter" methodname="IsFillComplete_Quarter" classname="PlayersWorlds.Maps.Maze.MazeGeneratorTest" runstate="Runnable" seed="1926833491" result="Passed" start-time="2024-01-30T14:19:15.9309260Z" end-time="2024-01-30T14:19:15.9317270Z" duration="0.000802" asserts="1">
                <output><![CDATA[AldousBroderMazeGenerator: Generating maze 10x10 with PlayersWorlds.Maps.Maze.GeneratorOptions(Quarter, None, <null>, PlayersWorlds.Maps.Areas.RandomAreaGenerator, PlayersWorlds.Maps.Maze.AldousBroderMazeGenerator)
            ┌───────────┐                
            │     1   0 │                
            ├───╴   ╶───┤                
            │     2   3 │                
        ┌───┴───────╴   └───┐            
        │             4   5 │            
        ├───┐   ┌───┬───╴   │            
        │   │   │   │ 7   6 │            
        │   └───┴───┘   ╶───┤            
        │ b   a   9   8     │            
        │   ╶───┬───────────┘            
        │ c   d │                        
        └───┐   └───┐                    
            │ e     │                    
            │   ┌───┘                    
            │ f │                        
            └───┘                        
                                         
                                         
                                         
                                         

]]></output>
              </test-case>
              <test-case id="1-1136" name="IsFillComplete_ThreeQuarters" fullname="PlayersWorlds.Maps.Maze.MazeGeneratorTest.IsFillComplete_ThreeQuarters" methodname="IsFillComplete_ThreeQuarters" classname="PlayersWorlds.Maps.Maze.MazeGeneratorTest" runstate="Runnable" seed="767692537" result="Passed" start-time="2024-01-30T14:19:15.9317360Z" end-time="2024-01-30T14:19:15.9331000Z" duration="0.001364" asserts="1">
                <output><![CDATA[AldousBroderMazeGenerator: Generating maze 10x10 with PlayersWorlds.Maps.Maze.GeneratorOptions(ThreeQuarters, None, <null>, PlayersWorlds.Maps.Areas.RandomAreaGenerator, PlayersWorlds.Maps.Maze.AldousBroderMazeGenerator)
┌───────────┬───────┬───┬───────────────┐
│           │       │   │               │
└───┐   ╷   └───┐   │   │   ┌───────╴   │
    │   │       │   │   │   │           │
┌───┴───┴───╴   │   ╵   └───┘   ╷   ╶───┤
│               │ b   c   d     │       │
│   ╷   ┌───╴   ╵   ┌───╴   ╶───┴───┐   │
│   │   │ 8   9   a │     e   f     │   │
├───┴───┘   ╶───┬───┘   ┌───┐   ╶───┤   │
│     6   7     │       │   │ 10    │   │
├───╴   ╷   ╷   │   ┌───┘   ╵   ┌───┘   │
│ 4   5 │   │   │   │         11│       │
│   ╶───┤   ├───┴───┼───╴   ╷   └───┬───┘
│ 3   2 │   │       │       │ 12    │    
├───╴   ├───┘       └───┬───┘   ╶───┴───┐
│ 0   1 │               │ 14  13        │
└───────┘               │   ┌───────────┘
                        │ 15│            
                        │   └───┐        
                        │ 16  17│        
                        └───────┘        

]]></output>
              </test-case>
              <test-case id="1-1132" name="OnlyFullGenerators" fullname="PlayersWorlds.Maps.Maze.MazeGeneratorTest.OnlyFullGenerators" methodname="OnlyFullGenerators" classname="PlayersWorlds.Maps.Maze.MazeGeneratorTest" runstate="Runnable" seed="582764486" result="Passed" start-time="2024-01-30T14:19:15.9331100Z" end-time="2024-01-30T14:19:15.9334360Z" duration="0.000326" asserts="2">
                <output><![CDATA[BinaryTreeMazeGenerator: Generating maze 10x10 with PlayersWorlds.Maps.Maze.GeneratorOptions(Half, None, <null>, PlayersWorlds.Maps.Areas.RandomAreaGenerator, PlayersWorlds.Maps.Maze.BinaryTreeMazeGenerator)
SidewinderMazeGenerator: Generating maze 10x10 with PlayersWorlds.Maps.Maze.GeneratorOptions(Half, None, <null>, PlayersWorlds.Maps.Areas.RandomAreaGenerator, PlayersWorlds.Maps.Maze.SidewinderMazeGenerator)
]]></output>
              </test-case>
              <test-case id="1-1645" name="WrongGeneratorOptions" fullname="PlayersWorlds.Maps.Maze.MazeGeneratorTest.WrongGeneratorOptions" methodname="WrongGeneratorOptions" classname="PlayersWorlds.Maps.Maze.MazeGeneratorTest" runstate="Runnable" seed="791167100" result="Passed" start-time="2024-01-30T14:19:15.9334430Z" end-time="2024-01-30T14:19:15.9348020Z" duration="0.001359" asserts="4">
                <output><![CDATA[TestGeneratorB: Generating maze 3x4 with PlayersWorlds.Maps.Maze.GeneratorOptions(Full, None, <null>, PlayersWorlds.Maps.Areas.RandomAreaGenerator, PlayersWorlds.Maps.Maze.MazeGeneratorTest+TestGeneratorB)
]]></output>
              </test-case>
            </test-suite>
            <test-suite type="TestSuite" id="1-1801" name="PostProcessing" fullname="PlayersWorlds.Maps.Maze.PostProcessing" runstate="Runnable" testcasecount="5" result="Passed" start-time="2024-01-30T14:19:15.5661360Z" end-time="2024-01-30T14:19:15.9388830Z" duration="0.372747" total="5" passed="5" failed="0" warnings="0" inconclusive="0" skipped="0" asserts="18">
              <test-suite type="TestFixture" id="1-1660" name="DeadEndTest" fullname="PlayersWorlds.Maps.Maze.PostProcessing.DeadEndTest" classname="PlayersWorlds.Maps.Maze.PostProcessing.DeadEndTest" runstate="Runnable" testcasecount="1" result="Passed" start-time="2024-01-30T14:19:15.9348370Z" end-time="2024-01-30T14:19:15.9353950Z" duration="0.000558" total="1" passed="1" failed="0" warnings="0" inconclusive="0" skipped="0" asserts="7">
                <test-case id="1-1661" name="DeadEnd_CanFindDeadEnds" fullname="PlayersWorlds.Maps.Maze.PostProcessing.DeadEndTest.DeadEnd_CanFindDeadEnds" methodname="DeadEnd_CanFindDeadEnds" classname="PlayersWorlds.Maps.Maze.PostProcessing.DeadEndTest" runstate="Runnable" seed="1211255221" result="Passed" start-time="2024-01-30T14:19:15.9348900Z" end-time="2024-01-30T14:19:15.9353840Z" duration="0.000493" asserts="7" />
              </test-suite>
              <test-suite type="TestFixture" id="1-1662" name="DijkstraDistanceTest" fullname="PlayersWorlds.Maps.Maze.PostProcessing.DijkstraDistanceTest" classname="PlayersWorlds.Maps.Maze.PostProcessing.DijkstraDistanceTest" runstate="Runnable" testcasecount="4" result="Passed" start-time="2024-01-30T14:19:15.9354070Z" end-time="2024-01-30T14:19:15.9388770Z" duration="0.003470" total="4" passed="4" failed="0" warnings="0" inconclusive="0" skipped="0" asserts="11">
                <test-case id="1-1666" name="DijkstraDistance_CanFindLongestTrail" fullname="PlayersWorlds.Maps.Maze.PostProcessing.DijkstraDistanceTest.DijkstraDistance_CanFindLongestTrail" methodname="DijkstraDistance_CanFindLongestTrail" classname="PlayersWorlds.Maps.Maze.PostProcessing.DijkstraDistanceTest" runstate="Runnable" seed="1536973535" result="Passed" start-time="2024-01-30T14:19:15.9354480Z" end-time="2024-01-30T14:19:15.9357890Z" duration="0.000341" asserts="4" />
                <test-case id="1-1664" name="DijkstraDistance_CanSolveAMaze" fullname="PlayersWorlds.Maps.Maze.PostProcessing.DijkstraDistanceTest.DijkstraDistance_CanSolveAMaze" methodname="DijkstraDistance_CanSolveAMaze" classname="PlayersWorlds.Maps.Maze.PostProcessing.DijkstraDistanceTest" runstate="Runnable" seed="1627869780" result="Passed" start-time="2024-01-30T14:19:15.9357960Z" end-time="2024-01-30T14:19:15.9360700Z" duration="0.000274" asserts="4" />
                <test-case id="1-1663" name="DijkstraDistance_FindsAllDistances" fullname="PlayersWorlds.Maps.Maze.PostProcessing.DijkstraDistanceTest.DijkstraDistance_FindsAllDistances" methodname="DijkstraDistance_FindsAllDistances" classname="PlayersWorlds.Maps.Maze.PostProcessing.DijkstraDistanceTest" runstate="Runnable" seed="1662782383" result="Passed" start-time="2024-01-30T14:19:15.9360770Z" end-time="2024-01-30T14:19:15.9387290Z" duration="0.002652" asserts="2">
                  <output><![CDATA[AldousBroderMazeGenerator: Generating maze 10x10 with PlayersWorlds.Maps.Maze.GeneratorOptions(Full, None, <null>, PlayersWorlds.Maps.Areas.RandomAreaGenerator, PlayersWorlds.Maps.Maze.AldousBroderMazeGenerator)
]]></output>
                </test-case>
                <test-case id="1-1665" name="DijkstraDistance_ReturnsEmptyIfNoSolutionFound" fullname="PlayersWorlds.Maps.Maze.PostProcessing.DijkstraDistanceTest.DijkstraDistance_ReturnsEmptyIfNoSolutionFound" methodname="DijkstraDistance_ReturnsEmptyIfNoSolutionFound" classname="PlayersWorlds.Maps.Maze.PostProcessing.DijkstraDistanceTest" runstate="Runnable" seed="2056681695" result="Passed" start-time="2024-01-30T14:19:15.9387390Z" end-time="2024-01-30T14:19:15.9388670Z" duration="0.000127" asserts="1" />
              </test-suite>
            </test-suite>
          </test-suite>
          <test-suite type="TestFixture" id="1-1051" name="Maze2DRendererTest" fullname="PlayersWorlds.Maps.Maze2DRendererTest" classname="PlayersWorlds.Maps.Maze2DRendererTest" runstate="Runnable" testcasecount="8" result="Passed" start-time="2024-01-30T14:19:15.9388970Z" end-time="2024-01-30T14:19:15.9494480Z" duration="0.010551" total="8" passed="8" failed="0" warnings="0" inconclusive="0" skipped="0" asserts="57">
            <test-case id="1-1054" name="CanRenderAMapWithFilledAreas" fullname="PlayersWorlds.Maps.Maze2DRendererTest.CanRenderAMapWithFilledAreas" methodname="CanRenderAMapWithFilledAreas" classname="PlayersWorlds.Maps.Maze2DRendererTest" runstate="Runnable" seed="1876967805" result="Passed" start-time="2024-01-30T14:19:15.9389390Z" end-time="2024-01-30T14:19:15.9406020Z" duration="0.001664" asserts="1">
              <output><![CDATA[0▓▓▓▓▓▓▓▓▓▓▓▓▓▓00000
0▓░░░░░░░░░░░░▓00000
0▓░░▒▓▓▓▓▓▒░░░▓▓0000
0▓░░▓▓000▓▓░░░▒▓▓▓▓0
0▓░░▓00000▓░░░░░░░▓0
0▓░░▓00000▓▓▓▓▓▓▓▓▓0
0▓░░▓0000000000▓░░▓0
0▓░░▓0000000000▓░░▓0
0▓░░▓▓00000000▓▓░░▓0
0▓░░▒▓▓▓▓▓▓▓▓▓▓▒░░▓0
0▓░░░░░░░░░░░░░░░░▓0
0▓▓▓▓▓▓▓▓▓▓▓▓▓▓▓▓▓▓0

0▓▓▓▓▓▓▓▓▓▓▓▓▓▓00000
0▓░░░░░░░░░░░░▓00000
0▓░░▒▓▓▓▓▓▒░░░▓▓0000
0▓░░▓▓000▓▓░░░▒▓▓▓▓0
0▓░░▓00000▓░░░░░░░▓0
0▓░░▓00000▓▓▓▓▓▓▓▓▓0
0▓░░▓0000000000▓░░▓0
0▓░░▓0000000000▓░░▓0
0▓░░▓▓00000000▓▓░░▓0
0▓░░▒▓▓▓▓▓▓▓▓▓▓▒░░▓0
0▓░░░░░░░░░░░░░░░░▓0
0▓▓▓▓▓▓▓▓▓▓▓▓▓▓▓▓▓▓0

]]></output>
            </test-case>
            <test-case id="1-1055" name="CanRenderAMapWithHallAreas" fullname="PlayersWorlds.Maps.Maze2DRendererTest.CanRenderAMapWithHallAreas" methodname="CanRenderAMapWithHallAreas" classname="PlayersWorlds.Maps.Maze2DRendererTest" runstate="Runnable" seed="809026902" result="Passed" start-time="2024-01-30T14:19:15.9406100Z" end-time="2024-01-30T14:19:15.9417530Z" duration="0.001143" asserts="1">
              <output><![CDATA[0▓▓▓▓▓▓▓▓▓▓▓▓▓▓00000
0▓░░░░░░░░░░░░▓00000
0▓░░▒▓▓▓▓▓▒░░░▓▓0000
0▓░░▓▓▓▓▓▓▓░░░▒▓▓▓▓0
0▓░░▓▓▓▓▓▓▓░░░░░░░▓0
0▓░░▒▓▓▓▓▓▓▓▓▓▓▓▓▓▓0
0▓░░░░░░░░░░░░░░░░▓0
0▓░░░░░░░░░░░░░░░░▓0
0▓░░░░░░░░░░░░░░░░▓0
0▓░░░░░░░░░░░░░░░░▓0
0▓░░░░░░░░░░░░░░░░▓0
0▓▓▓▓▓▓▓▓▓▓▓▓▓▓▓▓▓▓0

0▓▓▓▓▓▓▓▓▓▓▓▓▓▓00000
0▓░░░░░░░░░░░░▓00000
0▓░░▒▓▓▓▓▓▒░░░▓▓0000
0▓░░▓▓▓▓▓▓▓░░░▒▓▓▓▓0
0▓░░▓▓▓▓▓▓▓░░░░░░░▓0
0▓░░▒▓▓▓▓▓▓▓▓▓▓▓▓▓▓0
0▓░░░░░░░░░░░░░░░░▓0
0▓░░░░░░░░░░░░░░░░▓0
0▓░░░░░░░░░░░░░░░░▓0
0▓░░░░░░░░░░░░░░░░▓0
0▓░░░░░░░░░░░░░░░░▓0
0▓▓▓▓▓▓▓▓▓▓▓▓▓▓▓▓▓▓0

]]></output>
            </test-case>
            <test-case id="1-1052" name="CanRenderAMapWithSmoothCorners" fullname="PlayersWorlds.Maps.Maze2DRendererTest.CanRenderAMapWithSmoothCorners" methodname="CanRenderAMapWithSmoothCorners" classname="PlayersWorlds.Maps.Maze2DRendererTest" runstate="Runnable" seed="1139723763" result="Passed" start-time="2024-01-30T14:19:15.9417620Z" end-time="2024-01-30T14:19:15.9430950Z" duration="0.001333" asserts="1">
              <output><![CDATA[0000000000000
▓▓▓▓▓▓▓▓▓0000
▓░░░░░░░▓▓000
▓░▒▓▓▓▒░▒▓▓▓▓
▓░▓▓▓▓▓░░░░░▓
▓░▓▓▓▓▓░░░░░▓
▓░▓▓▓▓▓▓▓▓▓▓▓
▓░▒▓▓▓▓▓▓▓▓▓▓
▓░░░░░▓▓▓▓░░▓
▓░░░░░▒▓▓▒░░▓
▓░░░░░░░░░░░▓
▓░░░░░░░░░░░▓
▓▓▓▓▓▓▓▓▓▓▓▓▓
0000000000000

0000000000000
▓▓▓▓▓▓▓▓▓0000
▓░░░░░░░▓▓000
▓░▒▓▓▓▒░▒▓▓▓▓
▓░▓▓▓▓▓░░░░░▓
▓░▓▓▓▓▓░░░░░▓
▓░▓▓▓▓▓▓▓▓▓▓▓
▓░▒▓▓▓▓▓▓▓▓▓▓
▓░░░░░▓▓▓▓░░▓
▓░░░░░▒▓▓▒░░▓
▓░░░░░░░░░░░▓
▓░░░░░░░░░░░▓
▓▓▓▓▓▓▓▓▓▓▓▓▓
0000000000000

]]></output>
            </test-case>
            <test-case id="1-1053" name="CanRenderAMapWithVoids" fullname="PlayersWorlds.Maps.Maze2DRendererTest.CanRenderAMapWithVoids" methodname="CanRenderAMapWithVoids" classname="PlayersWorlds.Maps.Maze2DRendererTest" runstate="Runnable" seed="1275324398" result="Passed" start-time="2024-01-30T14:19:15.9431040Z" end-time="2024-01-30T14:19:15.9442940Z" duration="0.001190" asserts="1">
              <output><![CDATA[0▓▓▓▓▓▓▓▓▓▓▓▓▓▓00000
0▓░░░░░░░░░░░░▓00000
0▓░░▒▓▓▓▓▓▒░░░▓▓0000
0▓░░▓▓▓▓▓▓▓░░░▒▓▓▓▓0
0▓░░▓▓▓▓▓▓▓░░░░░░░▓0
0▓░░▒▓▓▓▓▓▓▓▓▓▓▓▓▓▓0
0▓░░░░░░░▓00000▓░░▓0
0▓░░░░░░░▓00000▓░░▓0
0▓░░░░░░░▓▓000▓▓░░▓0
0▓░░░░░░░▒▓▓▓▓▓▒░░▓0
0▓░░░░░░░░░░░░░░░░▓0
0▓▓▓▓▓▓▓▓▓▓▓▓▓▓▓▓▓▓0

0▓▓▓▓▓▓▓▓▓▓▓▓▓▓00000
0▓░░░░░░░░░░░░▓00000
0▓░░▒▓▓▓▓▓▒░░░▓▓0000
0▓░░▓▓▓▓▓▓▓░░░▒▓▓▓▓0
0▓░░▓▓▓▓▓▓▓░░░░░░░▓0
0▓░░▒▓▓▓▓▓▓▓▓▓▓▓▓▓▓0
0▓░░░░░░░▓00000▓░░▓0
0▓░░░░░░░▓00000▓░░▓0
0▓░░░░░░░▓▓000▓▓░░▓0
0▓░░░░░░░▒▓▓▓▓▓▒░░▓0
0▓░░░░░░░░░░░░░░░░▓0
0▓▓▓▓▓▓▓▓▓▓▓▓▓▓▓▓▓▓0

]]></output>
            </test-case>
            <test-case id="1-1059" name="CellsMapping_ValidMapping" fullname="PlayersWorlds.Maps.Maze2DRendererTest.CellsMapping_ValidMapping" methodname="CellsMapping_ValidMapping" classname="PlayersWorlds.Maps.Maze2DRendererTest" runstate="Runnable" seed="955049860" result="Passed" start-time="2024-01-30T14:19:15.9443030Z" end-time="2024-01-30T14:19:15.9484430Z" duration="0.004140" asserts="45" />
            <test-case id="1-1056" name="Maze2DStringBoxRenderer_CanConvertToAscii" fullname="PlayersWorlds.Maps.Maze2DRendererTest.Maze2DStringBoxRenderer_CanConvertToAscii" methodname="Maze2DStringBoxRenderer_CanConvertToAscii" classname="PlayersWorlds.Maps.Maze2DRendererTest" runstate="Runnable" seed="1429263118" result="Passed" start-time="2024-01-30T14:19:15.9484530Z" end-time="2024-01-30T14:19:15.9486540Z" duration="0.000201" asserts="1">
              <output><![CDATA[┌───────────┐    
│           │    
│   ┌───┐   └───┐
│   │   │       │
│   └───┼───┬───┤
│       │   │   │
│   ┼   └───┘   │
│               │
└───────────────┘

]]></output>
            </test-case>
            <test-case id="1-1057" name="Maze2DStringBoxRenderer_CanConvertToAsciiWithData" fullname="PlayersWorlds.Maps.Maze2DRendererTest.Maze2DStringBoxRenderer_CanConvertToAsciiWithData" methodname="Maze2DStringBoxRenderer_CanConvertToAsciiWithData" classname="PlayersWorlds.Maps.Maze2DRendererTest" runstate="Runnable" seed="1146644502" result="Passed" start-time="2024-01-30T14:19:15.9486610Z" end-time="2024-01-30T14:19:15.9489350Z" duration="0.000275" asserts="1">
              <output><![CDATA[┌───────────┐    
│ 4   3   2 │    
│   ┌───┐   └───┐
│ 5 │   │ 1   0 │
│   └───┼───┬───┤
│ 6     │   │ b │
│   ┼   └───┘   │
│ 7   8   9   a │
└───────────────┘

]]></output>
            </test-case>
            <test-case id="1-1058" name="Maze2DToMap2DConverter_ThrowsIfInvalidOptions" fullname="PlayersWorlds.Maps.Maze2DRendererTest.Maze2DToMap2DConverter_ThrowsIfInvalidOptions" methodname="Maze2DToMap2DConverter_ThrowsIfInvalidOptions" classname="PlayersWorlds.Maps.Maze2DRendererTest" runstate="Runnable" seed="1892978075" result="Passed" start-time="2024-01-30T14:19:15.9489420Z" end-time="2024-01-30T14:19:15.9494370Z" duration="0.000495" asserts="6" />
          </test-suite>
          <test-suite type="TestFixture" id="1-1029" name="NArrayTest" fullname="PlayersWorlds.Maps.NArrayTest" classname="PlayersWorlds.Maps.NArrayTest" runstate="Runnable" testcasecount="13" result="Passed" start-time="2024-01-30T14:19:15.9494590Z" end-time="2024-01-30T14:19:15.9592340Z" duration="0.009776" total="13" passed="13" failed="0" warnings="0" inconclusive="0" skipped="0" asserts="45">
            <test-case id="1-1030" name="NArray_Constructor_CreatesCorrectSize" fullname="PlayersWorlds.Maps.NArrayTest.NArray_Constructor_CreatesCorrectSize" methodname="NArray_Constructor_CreatesCorrectSize" classname="PlayersWorlds.Maps.NArrayTest" runstate="Runnable" seed="555259367" result="Passed" start-time="2024-01-30T14:19:15.9494990Z" end-time="2024-01-30T14:19:15.9498870Z" duration="0.000388" asserts="2" />
            <test-case id="1-1031" name="NArray_Constructor_SetsInitialValues" fullname="PlayersWorlds.Maps.NArrayTest.NArray_Constructor_SetsInitialValues" methodname="NArray_Constructor_SetsInitialValues" classname="PlayersWorlds.Maps.NArrayTest" runstate="Runnable" seed="221697049" result="Passed" start-time="2024-01-30T14:19:15.9498950Z" end-time="2024-01-30T14:19:15.9510310Z" duration="0.001136" asserts="4" />
            <test-case id="1-1032" name="NArray_Constructor_ThrowsOnInvalidSize" fullname="PlayersWorlds.Maps.NArrayTest.NArray_Constructor_ThrowsOnInvalidSize" methodname="NArray_Constructor_ThrowsOnInvalidSize" classname="PlayersWorlds.Maps.NArrayTest" runstate="Runnable" seed="1867220836" result="Passed" start-time="2024-01-30T14:19:15.9510400Z" end-time="2024-01-30T14:19:15.9513210Z" duration="0.000282" asserts="1" />
            <test-case id="1-1033" name="NArray_Indexing_GetValuesCorrectly" fullname="PlayersWorlds.Maps.NArrayTest.NArray_Indexing_GetValuesCorrectly" methodname="NArray_Indexing_GetValuesCorrectly" classname="PlayersWorlds.Maps.NArrayTest" runstate="Runnable" seed="640844978" result="Passed" start-time="2024-01-30T14:19:15.9513290Z" end-time="2024-01-30T14:19:15.9516710Z" duration="0.000343" asserts="1" />
            <test-case id="1-1035" name="NArray_Indexing_SetsValuesCorrectly" fullname="PlayersWorlds.Maps.NArrayTest.NArray_Indexing_SetsValuesCorrectly" methodname="NArray_Indexing_SetsValuesCorrectly" classname="PlayersWorlds.Maps.NArrayTest" runstate="Runnable" seed="1973351015" result="Passed" start-time="2024-01-30T14:19:15.9516790Z" end-time="2024-01-30T14:19:15.9518160Z" duration="0.000138" asserts="1" />
            <test-case id="1-1034" name="NArray_Indexing_ThrowsOnOutOfBounds" fullname="PlayersWorlds.Maps.NArrayTest.NArray_Indexing_ThrowsOnOutOfBounds" methodname="NArray_Indexing_ThrowsOnOutOfBounds" classname="PlayersWorlds.Maps.NArrayTest" runstate="Runnable" seed="674092934" result="Passed" start-time="2024-01-30T14:19:15.9518230Z" end-time="2024-01-30T14:19:15.9526070Z" duration="0.000785" asserts="4" />
            <test-case id="1-1036" name="NArray_Iterate_TraversesAllCells" fullname="PlayersWorlds.Maps.NArrayTest.NArray_Iterate_TraversesAllCells" methodname="NArray_Iterate_TraversesAllCells" classname="PlayersWorlds.Maps.NArrayTest" runstate="Runnable" seed="1123790271" result="Passed" start-time="2024-01-30T14:19:15.9526150Z" end-time="2024-01-30T14:19:15.9531190Z" duration="0.000503" asserts="13" />
            <test-case id="1-1041" name="NArray_IterateAdjacentCells_ReturnsCorrectNeighbors" fullname="PlayersWorlds.Maps.NArrayTest.NArray_IterateAdjacentCells_ReturnsCorrectNeighbors" methodname="NArray_IterateAdjacentCells_ReturnsCorrectNeighbors" classname="PlayersWorlds.Maps.NArrayTest" runstate="Runnable" seed="97609055" result="Passed" start-time="2024-01-30T14:19:15.9531280Z" end-time="2024-01-30T14:19:15.9559430Z" duration="0.002815" asserts="6" />
            <test-case id="1-1042" name="NArray_IterateAdjacentCells_ReturnsCorrectNeighborsIn4DSpace" fullname="PlayersWorlds.Maps.NArrayTest.NArray_IterateAdjacentCells_ReturnsCorrectNeighborsIn4DSpace" methodname="NArray_IterateAdjacentCells_ReturnsCorrectNeighborsIn4DSpace" classname="PlayersWorlds.Maps.NArrayTest" runstate="Runnable" seed="49849220" result="Passed" start-time="2024-01-30T14:19:15.9559540Z" end-time="2024-01-30T14:19:15.9564730Z" duration="0.000519" asserts="6" />
            <test-case id="1-1040" name="NArray_IterateIntersection_HandlesOverlap" fullname="PlayersWorlds.Maps.NArrayTest.NArray_IterateIntersection_HandlesOverlap" methodname="NArray_IterateIntersection_HandlesOverlap" classname="PlayersWorlds.Maps.NArrayTest" runstate="Runnable" seed="1455882067" result="Passed" start-time="2024-01-30T14:19:15.9564810Z" end-time="2024-01-30T14:19:15.9572730Z" duration="0.000792" asserts="1" />
            <test-case id="1-1039" name="NArray_IterateRegion_HandlesDimensionsMismatch" fullname="PlayersWorlds.Maps.NArrayTest.NArray_IterateRegion_HandlesDimensionsMismatch" methodname="NArray_IterateRegion_HandlesDimensionsMismatch" classname="PlayersWorlds.Maps.NArrayTest" runstate="Runnable" seed="1954414637" result="Passed" start-time="2024-01-30T14:19:15.9572830Z" end-time="2024-01-30T14:19:15.9581730Z" duration="0.000889" asserts="3" />
            <test-case id="1-1038" name="NArray_IterateRegion_HandlesOutOfBounds" fullname="PlayersWorlds.Maps.NArrayTest.NArray_IterateRegion_HandlesOutOfBounds" methodname="NArray_IterateRegion_HandlesOutOfBounds" classname="PlayersWorlds.Maps.NArrayTest" runstate="Runnable" seed="1988277629" result="Passed" start-time="2024-01-30T14:19:15.9581820Z" end-time="2024-01-30T14:19:15.9585900Z" duration="0.000408" asserts="2" />
            <test-case id="1-1037" name="NArray_IterateRegion_ReturnsCorrectCells" fullname="PlayersWorlds.Maps.NArrayTest.NArray_IterateRegion_ReturnsCorrectCells" methodname="NArray_IterateRegion_ReturnsCorrectCells" classname="PlayersWorlds.Maps.NArrayTest" runstate="Runnable" seed="945481686" result="Passed" start-time="2024-01-30T14:19:15.9585970Z" end-time="2024-01-30T14:19:15.9592240Z" duration="0.000627" asserts="1" />
          </test-suite>
          <test-suite type="TestFixture" id="1-1043" name="OptionalTest" fullname="PlayersWorlds.Maps.OptionalTest" classname="PlayersWorlds.Maps.OptionalTest" runstate="Runnable" testcasecount="7" result="Passed" start-time="2024-01-30T14:19:15.9592450Z" end-time="2024-01-30T14:19:15.9607750Z" duration="0.001531" total="7" passed="7" failed="0" warnings="0" inconclusive="0" skipped="0" asserts="24">
            <test-case id="1-1049" name="Optional_CanBeCastToT" fullname="PlayersWorlds.Maps.OptionalTest.Optional_CanBeCastToT" methodname="Optional_CanBeCastToT" classname="PlayersWorlds.Maps.OptionalTest" runstate="Runnable" seed="1049657358" result="Passed" start-time="2024-01-30T14:19:15.9592840Z" end-time="2024-01-30T14:19:15.9594060Z" duration="0.000122" asserts="1" />
            <test-case id="1-1044" name="Optional_Equality" fullname="PlayersWorlds.Maps.OptionalTest.Optional_Equality" methodname="Optional_Equality" classname="PlayersWorlds.Maps.OptionalTest" runstate="Runnable" seed="430663633" result="Passed" start-time="2024-01-30T14:19:15.9594130Z" end-time="2024-01-30T14:19:15.9595890Z" duration="0.000176" asserts="2" />
            <test-case id="1-1046" name="Optional_Equals" fullname="PlayersWorlds.Maps.OptionalTest.Optional_Equals" methodname="Optional_Equals" classname="PlayersWorlds.Maps.OptionalTest" runstate="Runnable" seed="108792982" result="Passed" start-time="2024-01-30T14:19:15.9595960Z" end-time="2024-01-30T14:19:15.9598620Z" duration="0.000266" asserts="5" />
            <test-case id="1-1048" name="Optional_GetHashCode" fullname="PlayersWorlds.Maps.OptionalTest.Optional_GetHashCode" methodname="Optional_GetHashCode" classname="PlayersWorlds.Maps.OptionalTest" runstate="Runnable" seed="859254291" result="Passed" start-time="2024-01-30T14:19:15.9598680Z" end-time="2024-01-30T14:19:15.9601070Z" duration="0.000239" asserts="3" />
            <test-case id="1-1047" name="Optional_Null" fullname="PlayersWorlds.Maps.OptionalTest.Optional_Null" methodname="Optional_Null" classname="PlayersWorlds.Maps.OptionalTest" runstate="Runnable" seed="1532447919" result="Passed" start-time="2024-01-30T14:19:15.9601140Z" end-time="2024-01-30T14:19:15.9604700Z" duration="0.000357" asserts="9" />
            <test-case id="1-1045" name="Optional_ThrowsIfNoValue" fullname="PlayersWorlds.Maps.OptionalTest.Optional_ThrowsIfNoValue" methodname="Optional_ThrowsIfNoValue" classname="PlayersWorlds.Maps.OptionalTest" runstate="Runnable" seed="1102936170" result="Passed" start-time="2024-01-30T14:19:15.9604770Z" end-time="2024-01-30T14:19:15.9606190Z" duration="0.000142" asserts="2" />
            <test-case id="1-1050" name="Optional_ToStringShowsValue" fullname="PlayersWorlds.Maps.OptionalTest.Optional_ToStringShowsValue" methodname="Optional_ToStringShowsValue" classname="PlayersWorlds.Maps.OptionalTest" runstate="Runnable" seed="139793237" result="Passed" start-time="2024-01-30T14:19:15.9606250Z" end-time="2024-01-30T14:19:15.9607660Z" duration="0.000142" asserts="2" />
          </test-suite>
          <test-suite type="TestSuite" id="1-1799" name="Renderers" fullname="PlayersWorlds.Maps.Renderers" runstate="Runnable" testcasecount="1" result="Passed" start-time="2024-01-30T14:19:15.5661430Z" end-time="2024-01-30T14:19:15.9614530Z" duration="0.395310" total="1" passed="1" failed="0" warnings="0" inconclusive="0" skipped="0" asserts="1">
            <test-suite type="TestFixture" id="1-1100" name="Map2DStringRendererTest" fullname="PlayersWorlds.Maps.Renderers.Map2DStringRendererTest" classname="PlayersWorlds.Maps.Renderers.Map2DStringRendererTest" runstate="Runnable" testcasecount="1" result="Passed" start-time="2024-01-30T14:19:15.9607850Z" end-time="2024-01-30T14:19:15.9614480Z" duration="0.000663" total="1" passed="1" failed="0" warnings="0" inconclusive="0" skipped="0" asserts="1">
              <test-case id="1-1101" name="TestRender" fullname="PlayersWorlds.Maps.Renderers.Map2DStringRendererTest.TestRender" methodname="TestRender" classname="PlayersWorlds.Maps.Renderers.Map2DStringRendererTest" runstate="Runnable" seed="2018028316" result="Passed" start-time="2024-01-30T14:19:15.9608220Z" end-time="2024-01-30T14:19:15.9614380Z" duration="0.000616" asserts="1">
                <output><![CDATA[▓▓▓▓▓
▓░░░▓
▓░▒░▓
▓░░░▓
▓▓▓▓▓

]]></output>
              </test-case>
            </test-suite>
          </test-suite>
          <test-suite type="TestFixture" id="1-1060" name="VectorDTest" fullname="PlayersWorlds.Maps.VectorDTest" classname="PlayersWorlds.Maps.VectorDTest" runstate="Runnable" testcasecount="11" result="Passed" start-time="2024-01-30T14:19:15.9614610Z" end-time="2024-01-30T14:19:15.9650330Z" duration="0.003572" total="11" passed="11" failed="0" warnings="0" inconclusive="0" skipped="0" asserts="33">
            <test-case id="1-1068" name="CanAddAndSubtract" fullname="PlayersWorlds.Maps.VectorDTest.CanAddAndSubtract" methodname="CanAddAndSubtract" classname="PlayersWorlds.Maps.VectorDTest" runstate="Runnable" seed="1226733299" result="Passed" start-time="2024-01-30T14:19:15.9614990Z" end-time="2024-01-30T14:19:15.9619010Z" duration="0.000401" asserts="5" />
            <test-case id="1-1069" name="ConstructorChecksArguments" fullname="PlayersWorlds.Maps.VectorDTest.ConstructorChecksArguments" methodname="ConstructorChecksArguments" classname="PlayersWorlds.Maps.VectorDTest" runstate="Runnable" seed="1534410177" result="Passed" start-time="2024-01-30T14:19:15.9619080Z" end-time="2024-01-30T14:19:15.9620030Z" duration="0.000096" asserts="1" />
            <test-case id="1-1062" name="EqualityIsCheckedByValue" fullname="PlayersWorlds.Maps.VectorDTest.EqualityIsCheckedByValue" methodname="EqualityIsCheckedByValue" classname="PlayersWorlds.Maps.VectorDTest" runstate="Runnable" seed="1769776891" result="Passed" start-time="2024-01-30T14:19:15.9620100Z" end-time="2024-01-30T14:19:15.9621890Z" duration="0.000179" asserts="4" />
            <test-case id="1-1063" name="GetHashCodeIsDerivedFromValue" fullname="PlayersWorlds.Maps.VectorDTest.GetHashCodeIsDerivedFromValue" methodname="GetHashCodeIsDerivedFromValue" classname="PlayersWorlds.Maps.VectorDTest" runstate="Runnable" seed="1130752310" result="Passed" start-time="2024-01-30T14:19:15.9621950Z" end-time="2024-01-30T14:19:15.9624190Z" duration="0.000223" asserts="1" />
            <test-case id="1-1066" name="InitializedAsNull" fullname="PlayersWorlds.Maps.VectorDTest.InitializedAsNull" methodname="InitializedAsNull" classname="PlayersWorlds.Maps.VectorDTest" runstate="Runnable" seed="1645822941" result="Passed" start-time="2024-01-30T14:19:15.9624250Z" end-time="2024-01-30T14:19:15.9625190Z" duration="0.000094" asserts="1" />
            <test-case id="1-1065" name="InitializedEmpty" fullname="PlayersWorlds.Maps.VectorDTest.InitializedEmpty" methodname="InitializedEmpty" classname="PlayersWorlds.Maps.VectorDTest" runstate="Runnable" seed="1150937898" result="Passed" start-time="2024-01-30T14:19:15.9625260Z" end-time="2024-01-30T14:19:15.9627540Z" duration="0.000228" asserts="4" />
            <test-case id="1-1061" name="IsInitialized" fullname="PlayersWorlds.Maps.VectorDTest.IsInitialized" methodname="IsInitialized" classname="PlayersWorlds.Maps.VectorDTest" runstate="Runnable" seed="503973810" result="Passed" start-time="2024-01-30T14:19:15.9627600Z" end-time="2024-01-30T14:19:15.9628900Z" duration="0.000129" asserts="2" />
            <test-case id="1-1067" name="IsZero" fullname="PlayersWorlds.Maps.VectorDTest.IsZero" methodname="IsZero" classname="PlayersWorlds.Maps.VectorDTest" runstate="Runnable" seed="350732170" result="Passed" start-time="2024-01-30T14:19:15.9628960Z" end-time="2024-01-30T14:19:15.9631200Z" duration="0.000225" asserts="3" />
            <test-case id="1-1070" name="SnappedForce" fullname="PlayersWorlds.Maps.VectorDTest.SnappedForce" methodname="SnappedForce" classname="PlayersWorlds.Maps.VectorDTest" runstate="Runnable" seed="172477983" result="Passed" start-time="2024-01-30T14:19:15.9631270Z" end-time="2024-01-30T14:19:15.9635760Z" duration="0.000449" asserts="9" />
            <test-case id="1-1064" name="ToStringFormat" fullname="PlayersWorlds.Maps.VectorDTest.ToStringFormat" methodname="ToStringFormat" classname="PlayersWorlds.Maps.VectorDTest" runstate="Runnable" seed="1276669932" result="Passed" start-time="2024-01-30T14:19:15.9635830Z" end-time="2024-01-30T14:19:15.9646340Z" duration="0.001051" asserts="1" />
            <test-case id="1-1071" name="VectorD_Parse" fullname="PlayersWorlds.Maps.VectorDTest.VectorD_Parse" methodname="VectorD_Parse" classname="PlayersWorlds.Maps.VectorDTest" runstate="Runnable" seed="1737423309" result="Passed" start-time="2024-01-30T14:19:15.9646410Z" end-time="2024-01-30T14:19:15.9650220Z" duration="0.000381" asserts="2" />
          </test-suite>
          <test-suite type="TestFixture" id="1-1072" name="VectorTest" fullname="PlayersWorlds.Maps.VectorTest" classname="PlayersWorlds.Maps.VectorTest" runstate="Runnable" testcasecount="27" result="Passed" start-time="2024-01-30T14:19:15.9650430Z" end-time="2024-01-30T14:19:15.9705690Z" duration="0.005526" total="27" passed="27" failed="0" warnings="0" inconclusive="0" skipped="0" asserts="221">
            <test-case id="1-1089" name="FitsInto" fullname="PlayersWorlds.Maps.VectorTest.FitsInto" methodname="FitsInto" classname="PlayersWorlds.Maps.VectorTest" runstate="Runnable" seed="1605582690" result="Passed" start-time="2024-01-30T14:19:15.9650820Z" end-time="2024-01-30T14:19:15.9652030Z" duration="0.000121" asserts="3" />
            <test-case id="1-1091" name="FromIndex_Matches_FromIndex" fullname="PlayersWorlds.Maps.VectorTest.FromIndex_Matches_FromIndex" methodname="FromIndex_Matches_FromIndex" classname="PlayersWorlds.Maps.VectorTest" runstate="Runnable" seed="1457079258" result="Passed" start-time="2024-01-30T14:19:15.9652100Z" end-time="2024-01-30T14:19:15.9653020Z" duration="0.000092" asserts="1" />
            <test-case id="1-1099" name="FromIndex_ShouldThrowException_DimensionMismatch" fullname="PlayersWorlds.Maps.VectorTest.FromIndex_ShouldThrowException_DimensionMismatch" methodname="FromIndex_ShouldThrowException_DimensionMismatch" classname="PlayersWorlds.Maps.VectorTest" runstate="Runnable" seed="1887425433" result="Passed" start-time="2024-01-30T14:19:15.9653080Z" end-time="2024-01-30T14:19:15.9656700Z" duration="0.000363" asserts="1" />
            <test-case id="1-1074" name="Size_NotInitialized" fullname="PlayersWorlds.Maps.VectorTest.Size_NotInitialized" methodname="Size_NotInitialized" classname="PlayersWorlds.Maps.VectorTest" runstate="Runnable" seed="1233268598" result="Passed" start-time="2024-01-30T14:19:15.9656770Z" end-time="2024-01-30T14:19:15.9658490Z" duration="0.000172" asserts="2" />
            <test-case id="1-1095" name="ToIndex_FromIndex_RoundTripConversion" fullname="PlayersWorlds.Maps.VectorTest.ToIndex_FromIndex_RoundTripConversion" methodname="ToIndex_FromIndex_RoundTripConversion" classname="PlayersWorlds.Maps.VectorTest" runstate="Runnable" seed="198724722" result="Passed" start-time="2024-01-30T14:19:15.9658560Z" end-time="2024-01-30T14:19:15.9663390Z" duration="0.000484" asserts="150" />
            <test-case id="1-1096" name="ToIndex_FromIndex_Valid5D" fullname="PlayersWorlds.Maps.VectorTest.ToIndex_FromIndex_Valid5D" methodname="ToIndex_FromIndex_Valid5D" classname="PlayersWorlds.Maps.VectorTest" runstate="Runnable" seed="331476173" result="Passed" start-time="2024-01-30T14:19:15.9663460Z" end-time="2024-01-30T14:19:15.9674950Z" duration="0.001149" asserts="13" />
            <test-case id="1-1090" name="ToIndex_Matches_ToIndex" fullname="PlayersWorlds.Maps.VectorTest.ToIndex_Matches_ToIndex" methodname="ToIndex_Matches_ToIndex" classname="PlayersWorlds.Maps.VectorTest" runstate="Runnable" seed="656513" result="Passed" start-time="2024-01-30T14:19:15.9675030Z" end-time="2024-01-30T14:19:15.9675880Z" duration="0.000085" asserts="1" />
            <test-case id="1-1092" name="ToIndex_ShouldCalculateCorrectIndex_1D" fullname="PlayersWorlds.Maps.VectorTest.ToIndex_ShouldCalculateCorrectIndex_1D" methodname="ToIndex_ShouldCalculateCorrectIndex_1D" classname="PlayersWorlds.Maps.VectorTest" runstate="Runnable" seed="167037805" result="Passed" start-time="2024-01-30T14:19:15.9675940Z" end-time="2024-01-30T14:19:15.9676800Z" duration="0.000086" asserts="2" />
            <test-case id="1-1093" name="ToIndex_ShouldCalculateCorrectIndex_2D" fullname="PlayersWorlds.Maps.VectorTest.ToIndex_ShouldCalculateCorrectIndex_2D" methodname="ToIndex_ShouldCalculateCorrectIndex_2D" classname="PlayersWorlds.Maps.VectorTest" runstate="Runnable" seed="1511468054" result="Passed" start-time="2024-01-30T14:19:15.9676860Z" end-time="2024-01-30T14:19:15.9677670Z" duration="0.000081" asserts="2" />
            <test-case id="1-1094" name="ToIndex_ShouldCalculateCorrectIndex_3D" fullname="PlayersWorlds.Maps.VectorTest.ToIndex_ShouldCalculateCorrectIndex_3D" methodname="ToIndex_ShouldCalculateCorrectIndex_3D" classname="PlayersWorlds.Maps.VectorTest" runstate="Runnable" seed="1741618510" result="Passed" start-time="2024-01-30T14:19:15.9677730Z" end-time="2024-01-30T14:19:15.9678530Z" duration="0.000081" asserts="2" />
            <test-case id="1-1098" name="ToIndex_ShouldThrowException_DimensionMismatch" fullname="PlayersWorlds.Maps.VectorTest.ToIndex_ShouldThrowException_DimensionMismatch" methodname="ToIndex_ShouldThrowException_DimensionMismatch" classname="PlayersWorlds.Maps.VectorTest" runstate="Runnable" seed="481016151" result="Passed" start-time="2024-01-30T14:19:15.9678590Z" end-time="2024-01-30T14:19:15.9680250Z" duration="0.000166" asserts="1" />
            <test-case id="1-1097" name="ToIndex_ShouldThrowException_DimensionOverflow" fullname="PlayersWorlds.Maps.VectorTest.ToIndex_ShouldThrowException_DimensionOverflow" methodname="ToIndex_ShouldThrowException_DimensionOverflow" classname="PlayersWorlds.Maps.VectorTest" runstate="Runnable" seed="291656104" result="Passed" start-time="2024-01-30T14:19:15.9680320Z" end-time="2024-01-30T14:19:15.9681990Z" duration="0.000168" asserts="1" />
            <test-case id="1-1082" name="Vector_CanAddAndSubtract" fullname="PlayersWorlds.Maps.VectorTest.Vector_CanAddAndSubtract" methodname="Vector_CanAddAndSubtract" classname="PlayersWorlds.Maps.VectorTest" runstate="Runnable" seed="1409593422" result="Passed" start-time="2024-01-30T14:19:15.9682060Z" end-time="2024-01-30T14:19:15.9685560Z" duration="0.000350" asserts="6" />
            <test-case id="1-1083" name="Vector_ConstructorChecksArguments" fullname="PlayersWorlds.Maps.VectorTest.Vector_ConstructorChecksArguments" methodname="Vector_ConstructorChecksArguments" classname="PlayersWorlds.Maps.VectorTest" runstate="Runnable" seed="1771125398" result="Passed" start-time="2024-01-30T14:19:15.9685630Z" end-time="2024-01-30T14:19:15.9686470Z" duration="0.000084" asserts="1" />
            <test-case id="1-1080" name="Vector_EmptyIsEmpty" fullname="PlayersWorlds.Maps.VectorTest.Vector_EmptyIsEmpty" methodname="Vector_EmptyIsEmpty" classname="PlayersWorlds.Maps.VectorTest" runstate="Runnable" seed="654865972" result="Passed" start-time="2024-01-30T14:19:15.9686530Z" end-time="2024-01-30T14:19:15.9687120Z" duration="0.000059" asserts="1" />
            <test-case id="1-1079" name="Vector_EmptyVectorIsEmpty" fullname="PlayersWorlds.Maps.VectorTest.Vector_EmptyVectorIsEmpty" methodname="Vector_EmptyVectorIsEmpty" classname="PlayersWorlds.Maps.VectorTest" runstate="Runnable" seed="307369025" result="Passed" start-time="2024-01-30T14:19:15.9687170Z" end-time="2024-01-30T14:19:15.9687740Z" duration="0.000057" asserts="1" />
            <test-case id="1-1075" name="Vector_EqualityIsCheckedByValue" fullname="PlayersWorlds.Maps.VectorTest.Vector_EqualityIsCheckedByValue" methodname="Vector_EqualityIsCheckedByValue" classname="PlayersWorlds.Maps.VectorTest" runstate="Runnable" seed="521744026" result="Passed" start-time="2024-01-30T14:19:15.9687800Z" end-time="2024-01-30T14:19:15.9690150Z" duration="0.000236" asserts="5" />
            <test-case id="1-1087" name="Vector_FromIndex" fullname="PlayersWorlds.Maps.VectorTest.Vector_FromIndex" methodname="Vector_FromIndex" classname="PlayersWorlds.Maps.VectorTest" runstate="Runnable" seed="84556073" result="Passed" start-time="2024-01-30T14:19:15.9690220Z" end-time="2024-01-30T14:19:15.9691210Z" duration="0.000099" asserts="2" />
            <test-case id="1-1076" name="Vector_GetHashCodeIsDerivedFromValue" fullname="PlayersWorlds.Maps.VectorTest.Vector_GetHashCodeIsDerivedFromValue" methodname="Vector_GetHashCodeIsDerivedFromValue" classname="PlayersWorlds.Maps.VectorTest" runstate="Runnable" seed="1199065390" result="Passed" start-time="2024-01-30T14:19:15.9691270Z" end-time="2024-01-30T14:19:15.9693440Z" duration="0.000218" asserts="2" />
            <test-case id="1-1073" name="Vector_IsInitialized" fullname="PlayersWorlds.Maps.VectorTest.Vector_IsInitialized" methodname="Vector_IsInitialized" classname="PlayersWorlds.Maps.VectorTest" runstate="Runnable" seed="1181232277" result="Passed" start-time="2024-01-30T14:19:15.9693510Z" end-time="2024-01-30T14:19:15.9694230Z" duration="0.000072" asserts="2" />
            <test-case id="1-1081" name="Vector_NotEqualToNull" fullname="PlayersWorlds.Maps.VectorTest.Vector_NotEqualToNull" methodname="Vector_NotEqualToNull" classname="PlayersWorlds.Maps.VectorTest" runstate="Runnable" seed="1251057378" result="Passed" start-time="2024-01-30T14:19:15.9694280Z" end-time="2024-01-30T14:19:15.9695560Z" duration="0.000128" asserts="3" />
            <test-case id="1-1085" name="Vector_SnappedForce" fullname="PlayersWorlds.Maps.VectorTest.Vector_SnappedForce" methodname="Vector_SnappedForce" classname="PlayersWorlds.Maps.VectorTest" runstate="Runnable" seed="1449646526" result="Passed" start-time="2024-01-30T14:19:15.9695620Z" end-time="2024-01-30T14:19:15.9699040Z" duration="0.000341" asserts="9" />
            <test-case id="1-1084" name="Vector_ThrowsIfNotAValidSize" fullname="PlayersWorlds.Maps.VectorTest.Vector_ThrowsIfNotAValidSize" methodname="Vector_ThrowsIfNotAValidSize" classname="PlayersWorlds.Maps.VectorTest" runstate="Runnable" seed="28727843" result="Passed" start-time="2024-01-30T14:19:15.9699110Z" end-time="2024-01-30T14:19:15.9701380Z" duration="0.000227" asserts="3" />
            <test-case id="1-1086" name="Vector_ToIndex" fullname="PlayersWorlds.Maps.VectorTest.Vector_ToIndex" methodname="Vector_ToIndex" classname="PlayersWorlds.Maps.VectorTest" runstate="Runnable" seed="1617080148" result="Passed" start-time="2024-01-30T14:19:15.9701450Z" end-time="2024-01-30T14:19:15.9703100Z" duration="0.000165" asserts="3" />
            <test-case id="1-1077" name="Vector_ToStringFormat" fullname="PlayersWorlds.Maps.VectorTest.Vector_ToStringFormat" methodname="Vector_ToStringFormat" classname="PlayersWorlds.Maps.VectorTest" runstate="Runnable" seed="1463799977" result="Passed" start-time="2024-01-30T14:19:15.9703160Z" end-time="2024-01-30T14:19:15.9703930Z" duration="0.000077" asserts="2" />
            <test-case id="1-1078" name="Vector_ZeroVectorIsNotEmpty" fullname="PlayersWorlds.Maps.VectorTest.Vector_ZeroVectorIsNotEmpty" methodname="Vector_ZeroVectorIsNotEmpty" classname="PlayersWorlds.Maps.VectorTest" runstate="Runnable" seed="1711602994" result="Passed" start-time="2024-01-30T14:19:15.9704000Z" end-time="2024-01-30T14:19:15.9704770Z" duration="0.000077" asserts="1" />
            <test-case id="1-1088" name="VectorD_Parse" fullname="PlayersWorlds.Maps.VectorTest.VectorD_Parse" methodname="VectorD_Parse" classname="PlayersWorlds.Maps.VectorTest" runstate="Runnable" seed="315107032" result="Passed" start-time="2024-01-30T14:19:15.9704830Z" end-time="2024-01-30T14:19:15.9705590Z" duration="0.000076" asserts="1" />
          </test-suite>
        </test-suite>
      </test-suite>
      <test-suite type="TestFixture" id="1-1000" name="RandomAreaGeneratorTest" fullname="RandomAreaGeneratorTest" classname="RandomAreaGeneratorTest" runstate="Runnable" testcasecount="2" result="Passed" start-time="2024-01-30T14:19:15.9705940Z" end-time="2024-01-30T14:19:15.9785930Z" duration="0.007999" total="2" passed="2" failed="0" warnings="0" inconclusive="0" skipped="0" asserts="3042">
        <test-case id="1-1001" name="ZoneGenerator_CanGenerateZones" fullname="RandomAreaGeneratorTest.ZoneGenerator_CanGenerateZones" methodname="ZoneGenerator_CanGenerateZones" classname="RandomAreaGeneratorTest" runstate="Runnable" seed="906590875" result="Passed" start-time="2024-01-30T14:19:15.9706360Z" end-time="2024-01-30T14:19:15.9780050Z" duration="0.007370" asserts="3006" />
        <test-case id="1-1002" name="ZoneGenerator_CustomSettings" fullname="RandomAreaGeneratorTest.ZoneGenerator_CustomSettings" methodname="ZoneGenerator_CustomSettings" classname="RandomAreaGeneratorTest" runstate="Runnable" seed="1312446294" result="Passed" start-time="2024-01-30T14:19:15.9780130Z" end-time="2024-01-30T14:19:15.9785830Z" duration="0.000570" asserts="36" />
      </test-suite>
    </test-suite>
  </test-suite>
</test-run>