<?xml version="1.0" encoding="utf-8" standalone="no"?>
<test-run id="0" runstate="Runnable" testcasecount="793" result="Passed" total="238" passed="238" failed="0" warnings="0" inconclusive="0" skipped="0" asserts="12207" engine-version="3.17.0.0" clr-version="4.0.30319.42000" start-time="2024-02-07 16:20:50Z" end-time="2024-02-07 16:20:51Z" duration="0.937864">
  <command-line><![CDATA[/home/data/repos/github.com/aynurin/maze-gen/packages/NUnit.ConsoleRunner.3.17.0/tools/nunit3-console.exe build/Debug/tests/PlayersWorlds.Maps.Tests.dll --where=Category!=Load --framework=mono-4.0]]></command-line>
  <filter>
    <not>
      <prop name="Category">Load</prop>
    </not>
  </filter>
  <test-suite type="Assembly" id="1-1829" name="PlayersWorlds.Maps.Tests.dll" fullname="/home/data/repos/github.com/aynurin/maze-gen/build/Debug/tests/PlayersWorlds.Maps.Tests.dll" runstate="Runnable" testcasecount="793" result="Passed" start-time="2024-02-07T16:20:50.7635150Z" end-time="2024-02-07T16:20:51.2625690Z" duration="0.498999" total="238" passed="238" failed="0" warnings="0" inconclusive="0" skipped="0" asserts="12207">
    <environment framework-version="4.0.1.0" clr-version="4.0.30319.42000" os-version="Unix 6.1.71.1" platform="Unix" cwd="/home/data/repos/github.com/aynurin/maze-gen" machine-name="lightview" user="shav" user-domain="lightview" culture="en-US" uiculture="en-US" os-architecture="x64" />
    <settings>
      <setting name="RequestedRuntimeFramework" value="mono-4.0" />
      <setting name="DisposeRunners" value="True" />
      <setting name="WorkDirectory" value="/home/data/repos/github.com/aynurin/maze-gen" />
      <setting name="ImageRuntimeVersion" value="4.0.30319" />
      <setting name="ImageTargetFrameworkName" value=".NETFramework,Version=v4.7" />
      <setting name="ImageRequiresX86" value="False" />
      <setting name="ImageRequiresDefaultAppDomainAssemblyResolver" value="False" />
      <setting name="TargetRuntimeFramework" value="mono-4.0" />
      <setting name="NumberOfTestWorkers" value="24" />
    </settings>
    <properties>
      <property name="_PID" value="76881" />
      <property name="_APPDOMAIN" value="domain-" />
    </properties>
    <test-suite type="SetUpFixture" id="1-1003" name="[default namespace]" fullname="SetUpTests" classname="SetUpTests" runstate="Runnable" testcasecount="793" result="Passed" start-time="2024-02-07T16:20:50.7682700Z" end-time="2024-02-07T16:20:51.2625590Z" duration="0.494289" total="238" passed="238" failed="0" warnings="0" inconclusive="0" skipped="0" asserts="12207">
      <test-suite type="TestSuite" id="1-1830" name="PlayersWorlds" fullname="PlayersWorlds" runstate="Runnable" testcasecount="791" result="Passed" start-time="2024-02-07T16:20:50.7710920Z" end-time="2024-02-07T16:20:51.2536310Z" duration="0.482539" total="236" passed="236" failed="0" warnings="0" inconclusive="0" skipped="0" asserts="9165">
        <test-suite type="TestSuite" id="1-1831" name="Maps" fullname="PlayersWorlds.Maps" runstate="Runnable" testcasecount="791" result="Passed" start-time="2024-02-07T16:20:50.7711600Z" end-time="2024-02-07T16:20:51.2536270Z" duration="0.482466" total="236" passed="236" failed="0" warnings="0" inconclusive="0" skipped="0" asserts="9165">
          <test-suite type="TestSuite" id="1-1836" name="Areas" fullname="PlayersWorlds.Maps.Areas" runstate="Runnable" testcasecount="115" result="Passed" start-time="2024-02-07T16:20:50.7711700Z" end-time="2024-02-07T16:20:50.9388770Z" duration="0.167707" total="64" passed="64" failed="0" warnings="0" inconclusive="0" skipped="0" asserts="206">
            <test-suite type="TestSuite" id="1-1837" name="Evolving" fullname="PlayersWorlds.Maps.Areas.Evolving" runstate="Runnable" testcasecount="110" result="Passed" start-time="2024-02-07T16:20:50.7711750Z" end-time="2024-02-07T16:20:50.9353390Z" duration="0.164164" total="59" passed="59" failed="0" warnings="0" inconclusive="0" skipped="0" asserts="179">
              <test-suite type="TestFixture" id="1-1712" name="AreaDistributorTest" fullname="PlayersWorlds.Maps.Areas.Evolving.AreaDistributorTest" classname="PlayersWorlds.Maps.Areas.Evolving.AreaDistributorTest" runstate="Runnable" testcasecount="73" result="Passed" start-time="2024-02-07T16:20:50.7712190Z" end-time="2024-02-07T16:20:50.8221860Z" duration="0.050967" total="23" passed="23" failed="0" warnings="0" inconclusive="0" skipped="0" asserts="46">
                <test-case id="1-1713" name="AreaDistributorTest_OneTest" fullname="PlayersWorlds.Maps.Areas.Evolving.AreaDistributorTest.AreaDistributorTest_OneTest" methodname="AreaDistributorTest_OneTest" classname="PlayersWorlds.Maps.Areas.Evolving.AreaDistributorTest" runstate="Runnable" seed="894087209" result="Passed" start-time="2024-02-07T16:20:50.7712830Z" end-time="2024-02-07T16:20:50.8040360Z" duration="0.032822" asserts="2" />
                <test-suite type="ParameterizedMethod" id="1-1726" name="AreaDistributorTest_OverlapTwo" fullname="PlayersWorlds.Maps.Areas.Evolving.AreaDistributorTest.AreaDistributorTest_OverlapTwo" classname="PlayersWorlds.Maps.Areas.Evolving.AreaDistributorTest" runstate="Runnable" testcasecount="10" result="Passed" start-time="2024-02-07T16:20:50.8053550Z" end-time="2024-02-07T16:20:50.8166630Z" duration="0.011308" total="10" passed="10" failed="0" warnings="0" inconclusive="0" skipped="0" asserts="20">
                  <test-case id="1-1716" name="AreaDistributorTest_OverlapTwo(&quot;11x11: P2x2;S4x4 P5x5;S4x4&quot;)" fullname="PlayersWorlds.Maps.Areas.Evolving.AreaDistributorTest.AreaDistributorTest_OverlapTwo(&quot;11x11: P2x2;S4x4 P5x5;S4x4&quot;)" methodname="AreaDistributorTest_OverlapTwo" classname="PlayersWorlds.Maps.Areas.Evolving.AreaDistributorTest" runstate="Runnable" seed="449723009" result="Passed" start-time="2024-02-07T16:20:50.8054250Z" end-time="2024-02-07T16:20:50.8108520Z" duration="0.005427" asserts="2" />
                  <test-case id="1-1717" name="AreaDistributorTest_OverlapTwo(&quot;11x11: P5x2;S4x4 P2x5;S4x4&quot;)" fullname="PlayersWorlds.Maps.Areas.Evolving.AreaDistributorTest.AreaDistributorTest_OverlapTwo(&quot;11x11: P5x2;S4x4 P2x5;S4x4&quot;)" methodname="AreaDistributorTest_OverlapTwo" classname="PlayersWorlds.Maps.Areas.Evolving.AreaDistributorTest" runstate="Runnable" seed="2136315709" result="Passed" start-time="2024-02-07T16:20:50.8108600Z" end-time="2024-02-07T16:20:50.8112100Z" duration="0.000350" asserts="2" />
                  <test-case id="1-1718" name="AreaDistributorTest_OverlapTwo(&quot;11x11: P2x5;S4x4 P5x2;S4x4&quot;)" fullname="PlayersWorlds.Maps.Areas.Evolving.AreaDistributorTest.AreaDistributorTest_OverlapTwo(&quot;11x11: P2x5;S4x4 P5x2;S4x4&quot;)" methodname="AreaDistributorTest_OverlapTwo" classname="PlayersWorlds.Maps.Areas.Evolving.AreaDistributorTest" runstate="Runnable" seed="1605233453" result="Passed" start-time="2024-02-07T16:20:50.8112160Z" end-time="2024-02-07T16:20:50.8115540Z" duration="0.000338" asserts="2" />
                  <test-case id="1-1719" name="AreaDistributorTest_OverlapTwo(&quot;11x11: P5x5;S4x4 P2x2;S4x4&quot;)" fullname="PlayersWorlds.Maps.Areas.Evolving.AreaDistributorTest.AreaDistributorTest_OverlapTwo(&quot;11x11: P5x5;S4x4 P2x2;S4x4&quot;)" methodname="AreaDistributorTest_OverlapTwo" classname="PlayersWorlds.Maps.Areas.Evolving.AreaDistributorTest" runstate="Runnable" seed="937696395" result="Passed" start-time="2024-02-07T16:20:50.8115600Z" end-time="2024-02-07T16:20:50.8118840Z" duration="0.000324" asserts="2" />
                  <test-case id="1-1720" name="AreaDistributorTest_OverlapTwo(&quot;11x11: P4x4;S4x4 P3x3;S4x4&quot;)" fullname="PlayersWorlds.Maps.Areas.Evolving.AreaDistributorTest.AreaDistributorTest_OverlapTwo(&quot;11x11: P4x4;S4x4 P3x3;S4x4&quot;)" methodname="AreaDistributorTest_OverlapTwo" classname="PlayersWorlds.Maps.Areas.Evolving.AreaDistributorTest" runstate="Runnable" seed="1838656192" result="Passed" start-time="2024-02-07T16:20:50.8118900Z" end-time="2024-02-07T16:20:50.8122060Z" duration="0.000316" asserts="2" />
                  <test-case id="1-1721" name="AreaDistributorTest_OverlapTwo(&quot;11x11: P4x3;S4x4 P3x4;S4x4&quot;)" fullname="PlayersWorlds.Maps.Areas.Evolving.AreaDistributorTest.AreaDistributorTest_OverlapTwo(&quot;11x11: P4x3;S4x4 P3x4;S4x4&quot;)" methodname="AreaDistributorTest_OverlapTwo" classname="PlayersWorlds.Maps.Areas.Evolving.AreaDistributorTest" runstate="Runnable" seed="744482307" result="Passed" start-time="2024-02-07T16:20:50.8122110Z" end-time="2024-02-07T16:20:50.8134050Z" duration="0.001194" asserts="2" />
                  <test-case id="1-1722" name="AreaDistributorTest_OverlapTwo(&quot;11x11: P3.5x3.5;S4x4 P3.5x3.5;S4x4&quot;)" fullname="PlayersWorlds.Maps.Areas.Evolving.AreaDistributorTest.AreaDistributorTest_OverlapTwo(&quot;11x11: P3.5x3.5;S4x4 P3.5x3.5;S4x4&quot;)" methodname="AreaDistributorTest_OverlapTwo" classname="PlayersWorlds.Maps.Areas.Evolving.AreaDistributorTest" runstate="Runnable" seed="1271764487" result="Passed" start-time="2024-02-07T16:20:50.8134130Z" end-time="2024-02-07T16:20:50.8147380Z" duration="0.001326" asserts="2" />
                  <test-case id="1-1723" name="AreaDistributorTest_OverlapTwo(&quot;16x16: P4x4;S8x8 P5x9;S2x2&quot;)" fullname="PlayersWorlds.Maps.Areas.Evolving.AreaDistributorTest.AreaDistributorTest_OverlapTwo(&quot;16x16: P4x4;S8x8 P5x9;S2x2&quot;)" methodname="AreaDistributorTest_OverlapTwo" classname="PlayersWorlds.Maps.Areas.Evolving.AreaDistributorTest" runstate="Runnable" seed="1355895233" result="Passed" start-time="2024-02-07T16:20:50.8147460Z" end-time="2024-02-07T16:20:50.8150640Z" duration="0.000318" asserts="2" />
                  <test-case id="1-1724" name="AreaDistributorTest_OverlapTwo(&quot;16x16: P4x4;S8x8 P5x7;S4x4&quot;)" fullname="PlayersWorlds.Maps.Areas.Evolving.AreaDistributorTest.AreaDistributorTest_OverlapTwo(&quot;16x16: P4x4;S8x8 P5x7;S4x4&quot;)" methodname="AreaDistributorTest_OverlapTwo" classname="PlayersWorlds.Maps.Areas.Evolving.AreaDistributorTest" runstate="Runnable" seed="983535315" result="Passed" start-time="2024-02-07T16:20:50.8150700Z" end-time="2024-02-07T16:20:50.8154310Z" duration="0.000361" asserts="2" />
                  <test-case id="1-1725" name="AreaDistributorTest_OverlapTwo(&quot;16x16: P5x5;S6x6 P6x6;S4x4&quot;)" fullname="PlayersWorlds.Maps.Areas.Evolving.AreaDistributorTest.AreaDistributorTest_OverlapTwo(&quot;16x16: P5x5;S6x6 P6x6;S4x4&quot;)" methodname="AreaDistributorTest_OverlapTwo" classname="PlayersWorlds.Maps.Areas.Evolving.AreaDistributorTest" runstate="Runnable" seed="1504222971" result="Passed" start-time="2024-02-07T16:20:50.8154360Z" end-time="2024-02-07T16:20:50.8157440Z" duration="0.000308" asserts="2" />
                </test-suite>
                <test-case id="1-1714" name="AreaDistributorTest_SidePressure" fullname="PlayersWorlds.Maps.Areas.Evolving.AreaDistributorTest.AreaDistributorTest_SidePressure" methodname="AreaDistributorTest_SidePressure" classname="PlayersWorlds.Maps.Areas.Evolving.AreaDistributorTest" runstate="Runnable" seed="62059566" result="Passed" start-time="2024-02-07T16:20:50.8174790Z" end-time="2024-02-07T16:20:50.8184740Z" duration="0.000995" asserts="2" />
                <test-suite type="ParameterizedMethod" id="1-1737" name="AreaDistributorTest_SingleMapForce" fullname="PlayersWorlds.Maps.Areas.Evolving.AreaDistributorTest.AreaDistributorTest_SingleMapForce" classname="PlayersWorlds.Maps.Areas.Evolving.AreaDistributorTest" runstate="Runnable" testcasecount="10" result="Passed" start-time="2024-02-07T16:20:50.8184820Z" end-time="2024-02-07T16:20:50.8217790Z" duration="0.003296" total="10" passed="10" failed="0" warnings="0" inconclusive="0" skipped="0" asserts="20">
                  <test-case id="1-1727" name="AreaDistributorTest_SingleMapForce(&quot;6x12: P1x2;S2x2&quot;)" fullname="PlayersWorlds.Maps.Areas.Evolving.AreaDistributorTest.AreaDistributorTest_SingleMapForce(&quot;6x12: P1x2;S2x2&quot;)" methodname="AreaDistributorTest_SingleMapForce" classname="PlayersWorlds.Maps.Areas.Evolving.AreaDistributorTest" runstate="Runnable" seed="523787768" result="Passed" start-time="2024-02-07T16:20:50.8184970Z" end-time="2024-02-07T16:20:50.8190530Z" duration="0.000556" asserts="2" />
                  <test-case id="1-1728" name="AreaDistributorTest_SingleMapForce(&quot;6x12: P2x2;S2x2&quot;)" fullname="PlayersWorlds.Maps.Areas.Evolving.AreaDistributorTest.AreaDistributorTest_SingleMapForce(&quot;6x12: P2x2;S2x2&quot;)" methodname="AreaDistributorTest_SingleMapForce" classname="PlayersWorlds.Maps.Areas.Evolving.AreaDistributorTest" runstate="Runnable" seed="191777165" result="Passed" start-time="2024-02-07T16:20:50.8190600Z" end-time="2024-02-07T16:20:50.8192770Z" duration="0.000217" asserts="2" />
                  <test-case id="1-1729" name="AreaDistributorTest_SingleMapForce(&quot;6x12: P3x2;S2x2&quot;)" fullname="PlayersWorlds.Maps.Areas.Evolving.AreaDistributorTest.AreaDistributorTest_SingleMapForce(&quot;6x12: P3x2;S2x2&quot;)" methodname="AreaDistributorTest_SingleMapForce" classname="PlayersWorlds.Maps.Areas.Evolving.AreaDistributorTest" runstate="Runnable" seed="1828582249" result="Passed" start-time="2024-02-07T16:20:50.8192830Z" end-time="2024-02-07T16:20:50.8194950Z" duration="0.000213" asserts="2" />
                  <test-case id="1-1730" name="AreaDistributorTest_SingleMapForce(&quot;6x12: P1x5;S2x2&quot;)" fullname="PlayersWorlds.Maps.Areas.Evolving.AreaDistributorTest.AreaDistributorTest_SingleMapForce(&quot;6x12: P1x5;S2x2&quot;)" methodname="AreaDistributorTest_SingleMapForce" classname="PlayersWorlds.Maps.Areas.Evolving.AreaDistributorTest" runstate="Runnable" seed="1805766249" result="Passed" start-time="2024-02-07T16:20:50.8195010Z" end-time="2024-02-07T16:20:50.8198940Z" duration="0.000393" asserts="2" />
                  <test-case id="1-1731" name="AreaDistributorTest_SingleMapForce(&quot;6x12: P2x5;S2x2&quot;)" fullname="PlayersWorlds.Maps.Areas.Evolving.AreaDistributorTest.AreaDistributorTest_SingleMapForce(&quot;6x12: P2x5;S2x2&quot;)" methodname="AreaDistributorTest_SingleMapForce" classname="PlayersWorlds.Maps.Areas.Evolving.AreaDistributorTest" runstate="Runnable" seed="1334492955" result="Passed" start-time="2024-02-07T16:20:50.8199000Z" end-time="2024-02-07T16:20:50.8201250Z" duration="0.000226" asserts="2" />
                  <test-case id="1-1732" name="AreaDistributorTest_SingleMapForce(&quot;6x12: P3x5;S2x2&quot;)" fullname="PlayersWorlds.Maps.Areas.Evolving.AreaDistributorTest.AreaDistributorTest_SingleMapForce(&quot;6x12: P3x5;S2x2&quot;)" methodname="AreaDistributorTest_SingleMapForce" classname="PlayersWorlds.Maps.Areas.Evolving.AreaDistributorTest" runstate="Runnable" seed="1062464895" result="Passed" start-time="2024-02-07T16:20:50.8201300Z" end-time="2024-02-07T16:20:50.8206610Z" duration="0.000531" asserts="2" />
                  <test-case id="1-1733" name="AreaDistributorTest_SingleMapForce(&quot;6x12: P1x8;S2x2&quot;)" fullname="PlayersWorlds.Maps.Areas.Evolving.AreaDistributorTest.AreaDistributorTest_SingleMapForce(&quot;6x12: P1x8;S2x2&quot;)" methodname="AreaDistributorTest_SingleMapForce" classname="PlayersWorlds.Maps.Areas.Evolving.AreaDistributorTest" runstate="Runnable" seed="1182315097" result="Passed" start-time="2024-02-07T16:20:50.8206680Z" end-time="2024-02-07T16:20:50.8210520Z" duration="0.000385" asserts="2" />
                  <test-case id="1-1734" name="AreaDistributorTest_SingleMapForce(&quot;6x12: P2x8;S2x2&quot;)" fullname="PlayersWorlds.Maps.Areas.Evolving.AreaDistributorTest.AreaDistributorTest_SingleMapForce(&quot;6x12: P2x8;S2x2&quot;)" methodname="AreaDistributorTest_SingleMapForce" classname="PlayersWorlds.Maps.Areas.Evolving.AreaDistributorTest" runstate="Runnable" seed="1073100907" result="Passed" start-time="2024-02-07T16:20:50.8210580Z" end-time="2024-02-07T16:20:50.8212440Z" duration="0.000186" asserts="2" />
                  <test-case id="1-1735" name="AreaDistributorTest_SingleMapForce(&quot;6x12: P3x8;S2x2&quot;)" fullname="PlayersWorlds.Maps.Areas.Evolving.AreaDistributorTest.AreaDistributorTest_SingleMapForce(&quot;6x12: P3x8;S2x2&quot;)" methodname="AreaDistributorTest_SingleMapForce" classname="PlayersWorlds.Maps.Areas.Evolving.AreaDistributorTest" runstate="Runnable" seed="165394965" result="Passed" start-time="2024-02-07T16:20:50.8212490Z" end-time="2024-02-07T16:20:50.8214340Z" duration="0.000185" asserts="2" />
                  <test-case id="1-1736" name="AreaDistributorTest_SingleMapForce(&quot;6x12: P-1x-4;S2x2&quot;)" fullname="PlayersWorlds.Maps.Areas.Evolving.AreaDistributorTest.AreaDistributorTest_SingleMapForce(&quot;6x12: P-1x-4;S2x2&quot;)" methodname="AreaDistributorTest_SingleMapForce" classname="PlayersWorlds.Maps.Areas.Evolving.AreaDistributorTest" runstate="Runnable" seed="1823397149" result="Passed" start-time="2024-02-07T16:20:50.8214390Z" end-time="2024-02-07T16:20:50.8217700Z" duration="0.000331" asserts="2" />
                </test-suite>
                <test-case id="1-1715" name="AreaDistributorTest_TwoTest" fullname="PlayersWorlds.Maps.Areas.Evolving.AreaDistributorTest.AreaDistributorTest_TwoTest" methodname="AreaDistributorTest_TwoTest" classname="PlayersWorlds.Maps.Areas.Evolving.AreaDistributorTest" runstate="Runnable" seed="198311907" result="Passed" start-time="2024-02-07T16:20:50.8217850Z" end-time="2024-02-07T16:20:50.8221540Z" duration="0.000370" asserts="2" />
              </test-suite>
              <test-suite type="TestFixture" id="1-1789" name="EvolvingSimulatorTest" fullname="PlayersWorlds.Maps.Areas.Evolving.EvolvingSimulatorTest" classname="PlayersWorlds.Maps.Areas.Evolving.EvolvingSimulatorTest" runstate="Runnable" testcasecount="2" result="Passed" start-time="2024-02-07T16:20:50.8225580Z" end-time="2024-02-07T16:20:50.9241600Z" duration="0.101603" total="2" passed="2" failed="0" warnings="0" inconclusive="0" skipped="0" asserts="2">
                <test-case id="1-1791" name="EvolvingSimulator_ReturnsEpochsIfEvolitionIsNotComplete" fullname="PlayersWorlds.Maps.Areas.Evolving.EvolvingSimulatorTest.EvolvingSimulator_ReturnsEpochsIfEvolitionIsNotComplete" methodname="EvolvingSimulator_ReturnsEpochsIfEvolitionIsNotComplete" classname="PlayersWorlds.Maps.Areas.Evolving.EvolvingSimulatorTest" runstate="Runnable" seed="1820692662" result="Passed" start-time="2024-02-07T16:20:50.8226070Z" end-time="2024-02-07T16:20:50.9216440Z" duration="0.099037" asserts="1" />
                <test-case id="1-1790" name="EvolvingSimulator_ThrowsIfMaxEpochsIsZero" fullname="PlayersWorlds.Maps.Areas.Evolving.EvolvingSimulatorTest.EvolvingSimulator_ThrowsIfMaxEpochsIsZero" methodname="EvolvingSimulator_ThrowsIfMaxEpochsIsZero" classname="PlayersWorlds.Maps.Areas.Evolving.EvolvingSimulatorTest" runstate="Runnable" seed="114189986" result="Passed" start-time="2024-02-07T16:20:50.9216890Z" end-time="2024-02-07T16:20:50.9241440Z" duration="0.002455" asserts="1" />
              </test-suite>
              <test-suite type="TestFixture" id="1-1792" name="FloatingAreaTest" fullname="PlayersWorlds.Maps.Areas.Evolving.FloatingAreaTest" classname="PlayersWorlds.Maps.Areas.Evolving.FloatingAreaTest" runstate="Runnable" testcasecount="4" result="Passed" start-time="2024-02-07T16:20:50.9241750Z" end-time="2024-02-07T16:20:50.9281000Z" duration="0.003925" total="4" passed="4" failed="0" warnings="0" inconclusive="0" skipped="0" asserts="10">
                <test-case id="1-1796" name="CenterIsValid" fullname="PlayersWorlds.Maps.Areas.Evolving.FloatingAreaTest.CenterIsValid" methodname="CenterIsValid" classname="PlayersWorlds.Maps.Areas.Evolving.FloatingAreaTest" runstate="Runnable" seed="471524619" result="Passed" start-time="2024-02-07T16:20:50.9242240Z" end-time="2024-02-07T16:20:50.9267130Z" duration="0.002489" asserts="4" />
                <test-case id="1-1795" name="Contains" fullname="PlayersWorlds.Maps.Areas.Evolving.FloatingAreaTest.Contains" methodname="Contains" classname="PlayersWorlds.Maps.Areas.Evolving.FloatingAreaTest" runstate="Runnable" seed="1716620462" result="Passed" start-time="2024-02-07T16:20:50.9267240Z" end-time="2024-02-07T16:20:50.9271520Z" duration="0.000428" asserts="2" />
                <test-case id="1-1794" name="Overlaps" fullname="PlayersWorlds.Maps.Areas.Evolving.FloatingAreaTest.Overlaps" methodname="Overlaps" classname="PlayersWorlds.Maps.Areas.Evolving.FloatingAreaTest" runstate="Runnable" seed="1751805062" result="Passed" start-time="2024-02-07T16:20:50.9271600Z" end-time="2024-02-07T16:20:50.9273690Z" duration="0.000210" asserts="2" />
                <test-case id="1-1793" name="Parse" fullname="PlayersWorlds.Maps.Areas.Evolving.FloatingAreaTest.Parse" methodname="Parse" classname="PlayersWorlds.Maps.Areas.Evolving.FloatingAreaTest" runstate="Runnable" seed="569542426" result="Passed" start-time="2024-02-07T16:20:50.9273760Z" end-time="2024-02-07T16:20:50.9280890Z" duration="0.000713" asserts="2" />
              </test-suite>
              <test-suite type="TestFixture" id="1-1797" name="ForceFormulaTestTest" fullname="PlayersWorlds.Maps.Areas.Evolving.ForceFormulaTestTest" classname="PlayersWorlds.Maps.Areas.Evolving.ForceFormulaTestTest" runstate="Runnable" testcasecount="8" result="Passed" start-time="2024-02-07T16:20:50.9281130Z" end-time="2024-02-07T16:20:50.9317730Z" duration="0.003660" total="8" passed="8" failed="0" warnings="0" inconclusive="0" skipped="0" asserts="42">
                <test-case id="1-1803" name="CollideForce_Negative" fullname="PlayersWorlds.Maps.Areas.Evolving.ForceFormulaTestTest.CollideForce_Negative" methodname="CollideForce_Negative" classname="PlayersWorlds.Maps.Areas.Evolving.ForceFormulaTestTest" runstate="Runnable" seed="824746772" result="Passed" start-time="2024-02-07T16:20:50.9281600Z" end-time="2024-02-07T16:20:50.9300750Z" duration="0.001915" asserts="9" />
                <test-case id="1-1802" name="CollideForce_Positive" fullname="PlayersWorlds.Maps.Areas.Evolving.ForceFormulaTestTest.CollideForce_Positive" methodname="CollideForce_Positive" classname="PlayersWorlds.Maps.Areas.Evolving.ForceFormulaTestTest" runstate="Runnable" seed="277597345" result="Passed" start-time="2024-02-07T16:20:50.9300840Z" end-time="2024-02-07T16:20:50.9304250Z" duration="0.000341" asserts="9" />
                <test-case id="1-1799" name="NormalForce_Negative" fullname="PlayersWorlds.Maps.Areas.Evolving.ForceFormulaTestTest.NormalForce_Negative" methodname="NormalForce_Negative" classname="PlayersWorlds.Maps.Areas.Evolving.ForceFormulaTestTest" runstate="Runnable" seed="908913657" result="Passed" start-time="2024-02-07T16:20:50.9304330Z" end-time="2024-02-07T16:20:50.9308220Z" duration="0.000390" asserts="3" />
                <test-case id="1-1801" name="NormalForce_NegativeCapped" fullname="PlayersWorlds.Maps.Areas.Evolving.ForceFormulaTestTest.NormalForce_NegativeCapped" methodname="NormalForce_NegativeCapped" classname="PlayersWorlds.Maps.Areas.Evolving.ForceFormulaTestTest" runstate="Runnable" seed="363051056" result="Passed" start-time="2024-02-07T16:20:50.9308310Z" end-time="2024-02-07T16:20:50.9309940Z" duration="0.000163" asserts="5" />
                <test-case id="1-1798" name="NormalForce_Positive" fullname="PlayersWorlds.Maps.Areas.Evolving.ForceFormulaTestTest.NormalForce_Positive" methodname="NormalForce_Positive" classname="PlayersWorlds.Maps.Areas.Evolving.ForceFormulaTestTest" runstate="Runnable" seed="350562491" result="Passed" start-time="2024-02-07T16:20:50.9310000Z" end-time="2024-02-07T16:20:50.9311090Z" duration="0.000109" asserts="3" />
                <test-case id="1-1800" name="NormalForce_PositiveCapped" fullname="PlayersWorlds.Maps.Areas.Evolving.ForceFormulaTestTest.NormalForce_PositiveCapped" methodname="NormalForce_PositiveCapped" classname="PlayersWorlds.Maps.Areas.Evolving.ForceFormulaTestTest" runstate="Runnable" seed="645819131" result="Passed" start-time="2024-02-07T16:20:50.9311150Z" end-time="2024-02-07T16:20:50.9312520Z" duration="0.000137" asserts="5" />
                <test-case id="1-1805" name="OverlapForce_Negative" fullname="PlayersWorlds.Maps.Areas.Evolving.ForceFormulaTestTest.OverlapForce_Negative" methodname="OverlapForce_Negative" classname="PlayersWorlds.Maps.Areas.Evolving.ForceFormulaTestTest" runstate="Runnable" seed="823475559" result="Passed" start-time="2024-02-07T16:20:50.9312580Z" end-time="2024-02-07T16:20:50.9315160Z" duration="0.000257" asserts="4" />
                <test-case id="1-1804" name="OverlapForce_Positive" fullname="PlayersWorlds.Maps.Areas.Evolving.ForceFormulaTestTest.OverlapForce_Positive" methodname="OverlapForce_Positive" classname="PlayersWorlds.Maps.Areas.Evolving.ForceFormulaTestTest" runstate="Runnable" seed="55595953" result="Passed" start-time="2024-02-07T16:20:50.9315220Z" end-time="2024-02-07T16:20:50.9317610Z" duration="0.000239" asserts="4" />
              </test-suite>
              <test-suite type="TestFixture" id="1-1806" name="SideToSideForceProducerTest" fullname="PlayersWorlds.Maps.Areas.Evolving.SideToSideForceProducerTest" classname="PlayersWorlds.Maps.Areas.Evolving.SideToSideForceProducerTest" runstate="Runnable" testcasecount="22" result="Passed" start-time="2024-02-07T16:20:50.9317850Z" end-time="2024-02-07T16:20:50.9353330Z" duration="0.003548" total="22" passed="22" failed="0" warnings="0" inconclusive="0" skipped="0" asserts="79">
                <test-case id="1-1824" name="GetAxisDistance_Collide" fullname="PlayersWorlds.Maps.Areas.Evolving.SideToSideForceProducerTest.GetAxisDistance_Collide" methodname="GetAxisDistance_Collide" classname="PlayersWorlds.Maps.Areas.Evolving.SideToSideForceProducerTest" runstate="Runnable" seed="2028394116" result="Passed" start-time="2024-02-07T16:20:50.9318350Z" end-time="2024-02-07T16:20:50.9324440Z" duration="0.000609" asserts="6" />
                <test-case id="1-1827" name="GetAxisDistance_Contain1" fullname="PlayersWorlds.Maps.Areas.Evolving.SideToSideForceProducerTest.GetAxisDistance_Contain1" methodname="GetAxisDistance_Contain1" classname="PlayersWorlds.Maps.Areas.Evolving.SideToSideForceProducerTest" runstate="Runnable" seed="2075766432" result="Passed" start-time="2024-02-07T16:20:50.9324520Z" end-time="2024-02-07T16:20:50.9326930Z" duration="0.000241" asserts="6" />
                <test-case id="1-1828" name="GetAxisDistance_Contain2" fullname="PlayersWorlds.Maps.Areas.Evolving.SideToSideForceProducerTest.GetAxisDistance_Contain2" methodname="GetAxisDistance_Contain2" classname="PlayersWorlds.Maps.Areas.Evolving.SideToSideForceProducerTest" runstate="Runnable" seed="1262714211" result="Passed" start-time="2024-02-07T16:20:50.9327000Z" end-time="2024-02-07T16:20:50.9329180Z" duration="0.000218" asserts="6" />
                <test-case id="1-1822" name="GetAxisDistance_Normal1" fullname="PlayersWorlds.Maps.Areas.Evolving.SideToSideForceProducerTest.GetAxisDistance_Normal1" methodname="GetAxisDistance_Normal1" classname="PlayersWorlds.Maps.Areas.Evolving.SideToSideForceProducerTest" runstate="Runnable" seed="1984253485" result="Passed" start-time="2024-02-07T16:20:50.9329250Z" end-time="2024-02-07T16:20:50.9331520Z" duration="0.000227" asserts="6" />
                <test-case id="1-1823" name="GetAxisDistance_Normal2" fullname="PlayersWorlds.Maps.Areas.Evolving.SideToSideForceProducerTest.GetAxisDistance_Normal2" methodname="GetAxisDistance_Normal2" classname="PlayersWorlds.Maps.Areas.Evolving.SideToSideForceProducerTest" runstate="Runnable" seed="1952512127" result="Passed" start-time="2024-02-07T16:20:50.9331590Z" end-time="2024-02-07T16:20:50.9333690Z" duration="0.000210" asserts="6" />
                <test-case id="1-1825" name="GetAxisDistance_Overlap1" fullname="PlayersWorlds.Maps.Areas.Evolving.SideToSideForceProducerTest.GetAxisDistance_Overlap1" methodname="GetAxisDistance_Overlap1" classname="PlayersWorlds.Maps.Areas.Evolving.SideToSideForceProducerTest" runstate="Runnable" seed="1289441842" result="Passed" start-time="2024-02-07T16:20:50.9333760Z" end-time="2024-02-07T16:20:50.9335910Z" duration="0.000216" asserts="6" />
                <test-case id="1-1826" name="GetAxisDistance_Overlap2" fullname="PlayersWorlds.Maps.Areas.Evolving.SideToSideForceProducerTest.GetAxisDistance_Overlap2" methodname="GetAxisDistance_Overlap2" classname="PlayersWorlds.Maps.Areas.Evolving.SideToSideForceProducerTest" runstate="Runnable" seed="1723463877" result="Passed" start-time="2024-02-07T16:20:50.9335980Z" end-time="2024-02-07T16:20:50.9338110Z" duration="0.000213" asserts="6" />
                <test-case id="1-1816" name="GetOpposingForce_CentersInside_NoOpposingForce" fullname="PlayersWorlds.Maps.Areas.Evolving.SideToSideForceProducerTest.GetOpposingForce_CentersInside_NoOpposingForce" methodname="GetOpposingForce_CentersInside_NoOpposingForce" classname="PlayersWorlds.Maps.Areas.Evolving.SideToSideForceProducerTest" runstate="Runnable" seed="1469015851" result="Passed" start-time="2024-02-07T16:20:50.9338180Z" end-time="2024-02-07T16:20:50.9339360Z" duration="0.000119" asserts="2" />
                <test-case id="1-1817" name="GetOpposingForce_CentersInside_WithOpposingForce" fullname="PlayersWorlds.Maps.Areas.Evolving.SideToSideForceProducerTest.GetOpposingForce_CentersInside_WithOpposingForce" methodname="GetOpposingForce_CentersInside_WithOpposingForce" classname="PlayersWorlds.Maps.Areas.Evolving.SideToSideForceProducerTest" runstate="Runnable" seed="1465946727" result="Passed" start-time="2024-02-07T16:20:50.9339430Z" end-time="2024-02-07T16:20:50.9340260Z" duration="0.000083" asserts="2" />
                <test-case id="1-1818" name="GetOpposingForce_CentersOutside_NoOpposingForce" fullname="PlayersWorlds.Maps.Areas.Evolving.SideToSideForceProducerTest.GetOpposingForce_CentersOutside_NoOpposingForce" methodname="GetOpposingForce_CentersOutside_NoOpposingForce" classname="PlayersWorlds.Maps.Areas.Evolving.SideToSideForceProducerTest" runstate="Runnable" seed="256032907" result="Passed" start-time="2024-02-07T16:20:50.9340320Z" end-time="2024-02-07T16:20:50.9341050Z" duration="0.000074" asserts="2" />
                <test-case id="1-1819" name="GetOpposingForce_CentersOutside_WithOpposingForce" fullname="PlayersWorlds.Maps.Areas.Evolving.SideToSideForceProducerTest.GetOpposingForce_CentersOutside_WithOpposingForce" methodname="GetOpposingForce_CentersOutside_WithOpposingForce" classname="PlayersWorlds.Maps.Areas.Evolving.SideToSideForceProducerTest" runstate="Runnable" seed="30601014" result="Passed" start-time="2024-02-07T16:20:50.9341110Z" end-time="2024-02-07T16:20:50.9341830Z" duration="0.000072" asserts="2" />
                <test-case id="1-1820" name="GetOpposingForce_NoIntersection_NoOpposingForce" fullname="PlayersWorlds.Maps.Areas.Evolving.SideToSideForceProducerTest.GetOpposingForce_NoIntersection_NoOpposingForce" methodname="GetOpposingForce_NoIntersection_NoOpposingForce" classname="PlayersWorlds.Maps.Areas.Evolving.SideToSideForceProducerTest" runstate="Runnable" seed="1812900298" result="Passed" start-time="2024-02-07T16:20:50.9341900Z" end-time="2024-02-07T16:20:50.9342610Z" duration="0.000072" asserts="2" />
                <test-case id="1-1821" name="GetOpposingForce_NoIntersection_WithOpposingForce" fullname="PlayersWorlds.Maps.Areas.Evolving.SideToSideForceProducerTest.GetOpposingForce_NoIntersection_WithOpposingForce" methodname="GetOpposingForce_NoIntersection_WithOpposingForce" classname="PlayersWorlds.Maps.Areas.Evolving.SideToSideForceProducerTest" runstate="Runnable" seed="1930523182" result="Passed" start-time="2024-02-07T16:20:50.9342670Z" end-time="2024-02-07T16:20:50.9343370Z" duration="0.000070" asserts="2" />
                <test-case id="1-1814" name="GetOpposingForce_WhenCenterMatches_NoOpposingForce" fullname="PlayersWorlds.Maps.Areas.Evolving.SideToSideForceProducerTest.GetOpposingForce_WhenCenterMatches_NoOpposingForce" methodname="GetOpposingForce_WhenCenterMatches_NoOpposingForce" classname="PlayersWorlds.Maps.Areas.Evolving.SideToSideForceProducerTest" runstate="Runnable" seed="1100390791" result="Passed" start-time="2024-02-07T16:20:50.9343420Z" end-time="2024-02-07T16:20:50.9344080Z" duration="0.000066" asserts="2" />
                <test-case id="1-1815" name="GetOpposingForce_WhenCenterMatches_WithOpposingForce" fullname="PlayersWorlds.Maps.Areas.Evolving.SideToSideForceProducerTest.GetOpposingForce_WhenCenterMatches_WithOpposingForce" methodname="GetOpposingForce_WhenCenterMatches_WithOpposingForce" classname="PlayersWorlds.Maps.Areas.Evolving.SideToSideForceProducerTest" runstate="Runnable" seed="1558813902" result="Passed" start-time="2024-02-07T16:20:50.9344140Z" end-time="2024-02-07T16:20:50.9344880Z" duration="0.000075" asserts="2" />
                <test-case id="1-1810" name="MapAreaSystemTest_DistanceCentersMatch" fullname="PlayersWorlds.Maps.Areas.Evolving.SideToSideForceProducerTest.MapAreaSystemTest_DistanceCentersMatch" methodname="MapAreaSystemTest_DistanceCentersMatch" classname="PlayersWorlds.Maps.Areas.Evolving.SideToSideForceProducerTest" runstate="Runnable" seed="392742771" result="Passed" start-time="2024-02-07T16:20:50.9344940Z" end-time="2024-02-07T16:20:50.9345970Z" duration="0.000103" asserts="3" />
                <test-case id="1-1813" name="MapAreaSystemTest_DistanceNegativeCollide" fullname="PlayersWorlds.Maps.Areas.Evolving.SideToSideForceProducerTest.MapAreaSystemTest_DistanceNegativeCollide" methodname="MapAreaSystemTest_DistanceNegativeCollide" classname="PlayersWorlds.Maps.Areas.Evolving.SideToSideForceProducerTest" runstate="Runnable" seed="1717672017" result="Passed" start-time="2024-02-07T16:20:50.9346030Z" end-time="2024-02-07T16:20:50.9346980Z" duration="0.000096" asserts="3" />
                <test-case id="1-1811" name="MapAreaSystemTest_DistanceNegativeNormal" fullname="PlayersWorlds.Maps.Areas.Evolving.SideToSideForceProducerTest.MapAreaSystemTest_DistanceNegativeNormal" methodname="MapAreaSystemTest_DistanceNegativeNormal" classname="PlayersWorlds.Maps.Areas.Evolving.SideToSideForceProducerTest" runstate="Runnable" seed="942700466" result="Passed" start-time="2024-02-07T16:20:50.9347040Z" end-time="2024-02-07T16:20:50.9347940Z" duration="0.000090" asserts="3" />
                <test-case id="1-1812" name="MapAreaSystemTest_DistanceNegativeOverlap" fullname="PlayersWorlds.Maps.Areas.Evolving.SideToSideForceProducerTest.MapAreaSystemTest_DistanceNegativeOverlap" methodname="MapAreaSystemTest_DistanceNegativeOverlap" classname="PlayersWorlds.Maps.Areas.Evolving.SideToSideForceProducerTest" runstate="Runnable" seed="1503829618" result="Passed" start-time="2024-02-07T16:20:50.9348000Z" end-time="2024-02-07T16:20:50.9348940Z" duration="0.000094" asserts="3" />
                <test-case id="1-1809" name="MapAreaSystemTest_DistancePositiveCollide" fullname="PlayersWorlds.Maps.Areas.Evolving.SideToSideForceProducerTest.MapAreaSystemTest_DistancePositiveCollide" methodname="MapAreaSystemTest_DistancePositiveCollide" classname="PlayersWorlds.Maps.Areas.Evolving.SideToSideForceProducerTest" runstate="Runnable" seed="186694160" result="Passed" start-time="2024-02-07T16:20:50.9350130Z" end-time="2024-02-07T16:20:50.9351220Z" duration="0.000109" asserts="3" />
                <test-case id="1-1807" name="MapAreaSystemTest_DistancePositiveNormal" fullname="PlayersWorlds.Maps.Areas.Evolving.SideToSideForceProducerTest.MapAreaSystemTest_DistancePositiveNormal" methodname="MapAreaSystemTest_DistancePositiveNormal" classname="PlayersWorlds.Maps.Areas.Evolving.SideToSideForceProducerTest" runstate="Runnable" seed="1130006568" result="Passed" start-time="2024-02-07T16:20:50.9351280Z" end-time="2024-02-07T16:20:50.9352270Z" duration="0.000099" asserts="3" />
                <test-case id="1-1808" name="MapAreaSystemTest_DistancePositiveOverlap" fullname="PlayersWorlds.Maps.Areas.Evolving.SideToSideForceProducerTest.MapAreaSystemTest_DistancePositiveOverlap" methodname="MapAreaSystemTest_DistancePositiveOverlap" classname="PlayersWorlds.Maps.Areas.Evolving.SideToSideForceProducerTest" runstate="Runnable" seed="910723946" result="Passed" start-time="2024-02-07T16:20:50.9352320Z" end-time="2024-02-07T16:20:50.9353230Z" duration="0.000090" asserts="3" />
              </test-suite>
            </test-suite>
            <test-suite type="TestFixture" id="1-1704" name="MapAreaTest" fullname="PlayersWorlds.Maps.Areas.MapAreaTest" classname="PlayersWorlds.Maps.Areas.MapAreaTest" runstate="Runnable" testcasecount="5" result="Passed" start-time="2024-02-07T16:20:50.9353520Z" end-time="2024-02-07T16:20:50.9388700Z" duration="0.003518" total="5" passed="5" failed="0" warnings="0" inconclusive="0" skipped="0" asserts="27">
              <test-case id="1-1707" name="Overlaps_ReturnsFalseIfDoesNotOverlap" fullname="PlayersWorlds.Maps.Areas.MapAreaTest.Overlaps_ReturnsFalseIfDoesNotOverlap" methodname="Overlaps_ReturnsFalseIfDoesNotOverlap" classname="PlayersWorlds.Maps.Areas.MapAreaTest" runstate="Runnable" seed="513483343" result="Passed" start-time="2024-02-07T16:20:50.9353960Z" end-time="2024-02-07T16:20:50.9358410Z" duration="0.000445" asserts="15" />
              <test-case id="1-1706" name="Overlaps_ReturnsTrueIfOverlaps" fullname="PlayersWorlds.Maps.Areas.MapAreaTest.Overlaps_ReturnsTrueIfOverlaps" methodname="Overlaps_ReturnsTrueIfOverlaps" classname="PlayersWorlds.Maps.Areas.MapAreaTest" runstate="Runnable" seed="1930949518" result="Passed" start-time="2024-02-07T16:20:50.9358480Z" end-time="2024-02-07T16:20:50.9360100Z" duration="0.000162" asserts="7" />
              <test-case id="1-1705" name="Overlaps_ThrowsIfSame" fullname="PlayersWorlds.Maps.Areas.MapAreaTest.Overlaps_ThrowsIfSame" methodname="Overlaps_ThrowsIfSame" classname="PlayersWorlds.Maps.Areas.MapAreaTest" runstate="Runnable" seed="746634805" result="Passed" start-time="2024-02-07T16:20:50.9360160Z" end-time="2024-02-07T16:20:50.9367250Z" duration="0.000710" asserts="2" />
              <test-case id="1-1708" name="Position_ThrowsIfNotInitialized" fullname="PlayersWorlds.Maps.Areas.MapAreaTest.Position_ThrowsIfNotInitialized" methodname="Position_ThrowsIfNotInitialized" classname="PlayersWorlds.Maps.Areas.MapAreaTest" runstate="Runnable" seed="1294000312" result="Passed" start-time="2024-02-07T16:20:50.9367330Z" end-time="2024-02-07T16:20:50.9384150Z" duration="0.001682" asserts="2" />
              <test-case id="1-1709" name="ThrowsIfWrongParameters" fullname="PlayersWorlds.Maps.Areas.MapAreaTest.ThrowsIfWrongParameters" methodname="ThrowsIfWrongParameters" classname="PlayersWorlds.Maps.Areas.MapAreaTest" runstate="Runnable" seed="591861131" result="Passed" start-time="2024-02-07T16:20:50.9384230Z" end-time="2024-02-07T16:20:50.9388600Z" duration="0.000437" asserts="1" />
            </test-suite>
          </test-suite>
          <test-suite type="TestFixture" id="1-1004" name="AssemblyInfoTest" fullname="PlayersWorlds.Maps.AssemblyInfoTest" classname="PlayersWorlds.Maps.AssemblyInfoTest" runstate="Runnable" testcasecount="2" result="Passed" start-time="2024-02-07T16:20:50.9388880Z" end-time="2024-02-07T16:20:50.9396140Z" duration="0.000726" total="2" passed="2" failed="0" warnings="0" inconclusive="0" skipped="0" asserts="4">
            <test-case id="1-1006" name="TestAssemblyCompany" fullname="PlayersWorlds.Maps.AssemblyInfoTest.TestAssemblyCompany" methodname="TestAssemblyCompany" classname="PlayersWorlds.Maps.AssemblyInfoTest" runstate="Runnable" seed="421523833" result="Passed" start-time="2024-02-07T16:20:50.9389330Z" end-time="2024-02-07T16:20:50.9393710Z" duration="0.000438" asserts="2" />
            <test-case id="1-1005" name="TestAssemblyTitle" fullname="PlayersWorlds.Maps.AssemblyInfoTest.TestAssemblyTitle" methodname="TestAssemblyTitle" classname="PlayersWorlds.Maps.AssemblyInfoTest" runstate="Runnable" seed="835464122" result="Passed" start-time="2024-02-07T16:20:50.9393790Z" end-time="2024-02-07T16:20:50.9396040Z" duration="0.000225" asserts="2" />
          </test-suite>
          <test-suite type="TestFixture" id="1-1007" name="CellTest" fullname="PlayersWorlds.Maps.CellTest" classname="PlayersWorlds.Maps.CellTest" runstate="Runnable" testcasecount="1" result="Passed" start-time="2024-02-07T16:20:50.9396250Z" end-time="2024-02-07T16:20:50.9400340Z" duration="0.000409" total="1" passed="1" failed="0" warnings="0" inconclusive="0" skipped="0" asserts="3">
            <test-case id="1-1008" name="CellTagEqualityTest" fullname="PlayersWorlds.Maps.CellTest.CellTagEqualityTest" methodname="CellTagEqualityTest" classname="PlayersWorlds.Maps.CellTest" runstate="Runnable" seed="1306641801" result="Passed" start-time="2024-02-07T16:20:50.9396680Z" end-time="2024-02-07T16:20:50.9400240Z" duration="0.000356" asserts="3" />
          </test-suite>
          <test-suite type="TestFixture" id="1-1009" name="ExtensionsTest" fullname="PlayersWorlds.Maps.ExtensionsTest" classname="PlayersWorlds.Maps.ExtensionsTest" runstate="Runnable" testcasecount="7" result="Passed" start-time="2024-02-07T16:20:50.9400450Z" end-time="2024-02-07T16:20:50.9472130Z" duration="0.007169" total="7" passed="7" failed="0" warnings="0" inconclusive="0" skipped="0" asserts="13">
            <test-case id="1-1012" name="DebugString" fullname="PlayersWorlds.Maps.ExtensionsTest.DebugString" methodname="DebugString" classname="PlayersWorlds.Maps.ExtensionsTest" runstate="Runnable" seed="2049330278" result="Passed" start-time="2024-02-07T16:20:50.9400880Z" end-time="2024-02-07T16:20:50.9417850Z" duration="0.001698" asserts="2" />
            <test-case id="1-1015" name="GetAllDictionaryItems" fullname="PlayersWorlds.Maps.ExtensionsTest.GetAllDictionaryItems" methodname="GetAllDictionaryItems" classname="PlayersWorlds.Maps.ExtensionsTest" runstate="Runnable" seed="1537791732" result="Passed" start-time="2024-02-07T16:20:50.9417930Z" end-time="2024-02-07T16:20:50.9435730Z" duration="0.001780" asserts="1" />
            <test-case id="1-1016" name="GetAllHashSetKeys" fullname="PlayersWorlds.Maps.ExtensionsTest.GetAllHashSetKeys" methodname="GetAllHashSetKeys" classname="PlayersWorlds.Maps.ExtensionsTest" runstate="Runnable" seed="1584673866" result="Passed" start-time="2024-02-07T16:20:50.9435810Z" end-time="2024-02-07T16:20:50.9444130Z" duration="0.000832" asserts="1" />
            <test-case id="1-1013" name="Set" fullname="PlayersWorlds.Maps.ExtensionsTest.Set" methodname="Set" classname="PlayersWorlds.Maps.ExtensionsTest" runstate="Runnable" seed="84593220" result="Passed" start-time="2024-02-07T16:20:50.9444210Z" end-time="2024-02-07T16:20:50.9453630Z" duration="0.000942" asserts="3" />
            <test-case id="1-1014" name="SetList" fullname="PlayersWorlds.Maps.ExtensionsTest.SetList" methodname="SetList" classname="PlayersWorlds.Maps.ExtensionsTest" runstate="Runnable" seed="1316189680" result="Passed" start-time="2024-02-07T16:20:50.9453710Z" end-time="2024-02-07T16:20:50.9466990Z" duration="0.001329" asserts="3" />
            <test-case id="1-1011" name="TryDequeue_Dequeues" fullname="PlayersWorlds.Maps.ExtensionsTest.TryDequeue_Dequeues" methodname="TryDequeue_Dequeues" classname="PlayersWorlds.Maps.ExtensionsTest" runstate="Runnable" seed="1740717470" result="Passed" start-time="2024-02-07T16:20:50.9467070Z" end-time="2024-02-07T16:20:50.9470840Z" duration="0.000377" asserts="2" />
            <test-case id="1-1010" name="TryDequeue_DoesNotThrow" fullname="PlayersWorlds.Maps.ExtensionsTest.TryDequeue_DoesNotThrow" methodname="TryDequeue_DoesNotThrow" classname="PlayersWorlds.Maps.ExtensionsTest" runstate="Runnable" seed="1305812943" result="Passed" start-time="2024-02-07T16:20:50.9470920Z" end-time="2024-02-07T16:20:50.9472020Z" duration="0.000110" asserts="1" />
          </test-suite>
          <test-suite type="TestFixture" id="1-1017" name="GlobalRandomTest" fullname="PlayersWorlds.Maps.GlobalRandomTest" classname="PlayersWorlds.Maps.GlobalRandomTest" runstate="Runnable" testcasecount="3" result="Passed" start-time="2024-02-07T16:20:50.9472250Z" end-time="2024-02-07T16:20:50.9504020Z" duration="0.003177" total="3" passed="3" failed="0" warnings="0" inconclusive="0" skipped="0" asserts="1002">
            <test-case id="1-1018" name="RandomCollectionItem" fullname="PlayersWorlds.Maps.GlobalRandomTest.RandomCollectionItem" methodname="RandomCollectionItem" classname="PlayersWorlds.Maps.GlobalRandomTest" runstate="Runnable" seed="228639184" result="Passed" start-time="2024-02-07T16:20:50.9472810Z" end-time="2024-02-07T16:20:50.9478950Z" duration="0.000614" asserts="1" />
            <test-case id="1-1020" name="RandomInRange" fullname="PlayersWorlds.Maps.GlobalRandomTest.RandomInRange" methodname="RandomInRange" classname="PlayersWorlds.Maps.GlobalRandomTest" runstate="Runnable" seed="1911205509" result="Passed" start-time="2024-02-07T16:20:50.9479030Z" end-time="2024-02-07T16:20:50.9502130Z" duration="0.002310" asserts="1000" />
            <test-case id="1-1019" name="ThrowsIfEmptyCollection" fullname="PlayersWorlds.Maps.GlobalRandomTest.ThrowsIfEmptyCollection" methodname="ThrowsIfEmptyCollection" classname="PlayersWorlds.Maps.GlobalRandomTest" runstate="Runnable" seed="7918162" result="Passed" start-time="2024-02-07T16:20:50.9502210Z" end-time="2024-02-07T16:20:50.9503910Z" duration="0.000170" asserts="1" />
          </test-suite>
          <test-suite type="TestFixture" id="1-1021" name="Map2DTest" fullname="PlayersWorlds.Maps.Map2DTest" classname="PlayersWorlds.Maps.Map2DTest" runstate="Runnable" testcasecount="1" result="Passed" start-time="2024-02-07T16:20:50.9504140Z" end-time="2024-02-07T16:20:50.9529520Z" duration="0.002538" total="1" passed="1" failed="0" warnings="0" inconclusive="0" skipped="0" asserts="6">
            <test-case id="1-1022" name="ParseMap" fullname="PlayersWorlds.Maps.Map2DTest.ParseMap" methodname="ParseMap" classname="PlayersWorlds.Maps.Map2DTest" runstate="Runnable" seed="450402547" result="Passed" start-time="2024-02-07T16:20:50.9512120Z" end-time="2024-02-07T16:20:50.9529410Z" duration="0.001729" asserts="6" />
          </test-suite>
          <test-suite type="TestSuite" id="1-1835" name="MapFilters" fullname="PlayersWorlds.Maps.MapFilters" runstate="Runnable" testcasecount="5" result="Passed" start-time="2024-02-07T16:20:50.7711870Z" end-time="2024-02-07T16:20:50.9574490Z" duration="0.186262" total="5" passed="5" failed="0" warnings="0" inconclusive="0" skipped="0" asserts="10">
            <test-suite type="TestFixture" id="1-1698" name="Map2DEraseSpotsTest" fullname="PlayersWorlds.Maps.MapFilters.Map2DEraseSpotsTest" classname="PlayersWorlds.Maps.MapFilters.Map2DEraseSpotsTest" runstate="Runnable" testcasecount="5" result="Passed" start-time="2024-02-07T16:20:50.9529640Z" end-time="2024-02-07T16:20:50.9574430Z" duration="0.004480" total="5" passed="5" failed="0" warnings="0" inconclusive="0" skipped="0" asserts="10">
              <test-case id="1-1699" name="BackslashEraseSpots" fullname="PlayersWorlds.Maps.MapFilters.Map2DEraseSpotsTest.BackslashEraseSpots" methodname="BackslashEraseSpots" classname="PlayersWorlds.Maps.MapFilters.Map2DEraseSpotsTest" runstate="Runnable" seed="351931736" result="Passed" start-time="2024-02-07T16:20:50.9530030Z" end-time="2024-02-07T16:20:50.9563130Z" duration="0.003311" asserts="1">
                <output><![CDATA[▓▓░░░
░▓▓░░
░░▓▓░
░░░▓▓
░░░░▓

▓▓░░░
░▓▓░░
░░▓▓░
░░░▓▓
░░░░▓

▓▓░░░
░▓▓░░
░░▓▓░
░░░▓▓
░░░░▓

]]></output>
              </test-case>
              <test-case id="1-1703" name="SmoothBoxEraseSpots" fullname="PlayersWorlds.Maps.MapFilters.Map2DEraseSpotsTest.SmoothBoxEraseSpots" methodname="SmoothBoxEraseSpots" classname="PlayersWorlds.Maps.MapFilters.Map2DEraseSpotsTest" runstate="Runnable" seed="1368809902" result="Passed" start-time="2024-02-07T16:20:50.9563250Z" end-time="2024-02-07T16:20:50.9567160Z" duration="0.000391" asserts="1">
                <output><![CDATA[▒▓▓▓▒
▓▓░▓▓
▓░░░▓
▓▓░░▓
▒▓▓▓▓

▒▓▓▓▒
▓▓▓▓▓
▓▓▓▓▓
▓▓▓▓▓
▒▓▓▓▓

▒▓▓▓▒
▓▓▓▓▓
▓▓▓▓▓
▓▓▓▓▓
▒▓▓▓▓

]]></output>
              </test-case>
              <test-case id="1-1702" name="SmoothBoxVoidBgEraseSpots" fullname="PlayersWorlds.Maps.MapFilters.Map2DEraseSpotsTest.SmoothBoxVoidBgEraseSpots" methodname="SmoothBoxVoidBgEraseSpots" classname="PlayersWorlds.Maps.MapFilters.Map2DEraseSpotsTest" runstate="Runnable" seed="69851930" result="Passed" start-time="2024-02-07T16:20:50.9567230Z" end-time="2024-02-07T16:20:50.9568730Z" duration="0.000150" asserts="1">
                <output><![CDATA[▒▓▓▓▒
▓▓0▓▓
▓000▓
▓▓00▓
▒▓▓▓▓

▒▓▓▓▒
▓▓▓▓▓
▓▓▓▓▓
▓▓▓▓▓
▒▓▓▓▓

▒▓▓▓▒
▓▓▓▓▓
▓▓▓▓▓
▓▓▓▓▓
▒▓▓▓▓

]]></output>
              </test-case>
              <test-case id="1-1701" name="Spot1x3SpotsEraseSpots" fullname="PlayersWorlds.Maps.MapFilters.Map2DEraseSpotsTest.Spot1x3SpotsEraseSpots" methodname="Spot1x3SpotsEraseSpots" classname="PlayersWorlds.Maps.MapFilters.Map2DEraseSpotsTest" runstate="Runnable" seed="977676181" result="Passed" start-time="2024-02-07T16:20:50.9568800Z" end-time="2024-02-07T16:20:50.9570150Z" duration="0.000135" asserts="1">
                <output><![CDATA[░░░░░
░░▓░░
░░▓░░
░░▓░░
░░░░░

░░░░░
░░▓░░
░░▓░░
░░▓░░
░░░░░

░░░░░
░░▓░░
░░▓░░
░░▓░░
░░░░░

]]></output>
              </test-case>
              <test-case id="1-1700" name="VariousSpotsEraseSpots" fullname="PlayersWorlds.Maps.MapFilters.Map2DEraseSpotsTest.VariousSpotsEraseSpots" methodname="VariousSpotsEraseSpots" classname="PlayersWorlds.Maps.MapFilters.Map2DEraseSpotsTest" runstate="Runnable" seed="1653229591" result="Passed" start-time="2024-02-07T16:20:50.9570210Z" end-time="2024-02-07T16:20:50.9574330Z" duration="0.000412" asserts="6">
                <output><![CDATA[░░░░░
░░░▓░
░░▓▓░
░░░░░
░░░░░

░░░░░
░░░░░
░░░░░
░░░░░
░░░░░

░░░░░
░░░░░
░░░░░
░░░░░
░░░░░

░░░░░
░░▓░░
░░▓▓░
░░░░░
░░░░░

░░░░░
░░░░░
░░░░░
░░░░░
░░░░░

░░░░░
░░░░░
░░░░░
░░░░░
░░░░░

░░░░░
░░▓▓░
░░▓░░
░░░░░
░░░░░

░░░░░
░░░░░
░░░░░
░░░░░
░░░░░

░░░░░
░░░░░
░░░░░
░░░░░
░░░░░

░░░░░
░░▓▓░
░░▓░░
░░░░░
░░░░░

░░░░░
░░░░░
░░░░░
░░░░░
░░░░░

░░░░░
░░░░░
░░░░░
░░░░░
░░░░░

░░░░░
░░▓▓░
░░▓▓░
░░░░░
░░░░░

░░░░░
░░░░░
░░░░░
░░░░░
░░░░░

░░░░░
░░░░░
░░░░░
░░░░░
░░░░░

░░░░░
░░▓░░
░░░▓░
░░░░░
░░░░░

░░░░░
░░░░░
░░░░░
░░░░░
░░░░░

░░░░░
░░░░░
░░░░░
░░░░░
░░░░░

]]></output>
              </test-case>
            </test-suite>
          </test-suite>
          <test-suite type="TestSuite" id="1-1833" name="Maze" fullname="PlayersWorlds.Maps.Maze" runstate="Runnable" testcasecount="577" result="Passed" start-time="2024-02-07T16:20:50.7711930Z" end-time="2024-02-07T16:20:51.2155980Z" duration="0.444405" total="73" passed="73" failed="0" warnings="0" inconclusive="0" skipped="0" asserts="7493">
            <test-suite type="TestFixture" id="1-1109" name="Maze2DBuilderTest" fullname="PlayersWorlds.Maps.Maze.Maze2DBuilderTest" classname="PlayersWorlds.Maps.Maze.Maze2DBuilderTest" runstate="Runnable" testcasecount="19" result="Passed" start-time="2024-02-07T16:20:50.9574590Z" end-time="2024-02-07T16:20:51.0816070Z" duration="0.124149" total="19" passed="19" failed="0" warnings="0" inconclusive="0" skipped="0" asserts="7094">
              <test-case id="1-1110" name="BuildsCorrectCellsCollections" fullname="PlayersWorlds.Maps.Maze.Maze2DBuilderTest.BuildsCorrectCellsCollections" methodname="BuildsCorrectCellsCollections" classname="PlayersWorlds.Maps.Maze.Maze2DBuilderTest" runstate="Runnable" seed="1704459410" result="Passed" start-time="2024-02-07T16:20:50.9574990Z" end-time="2024-02-07T16:20:50.9636440Z" duration="0.006145" asserts="2" />
              <test-case id="1-1111" name="BuildsCorrectCellsCollectionsWithHallAreas" fullname="PlayersWorlds.Maps.Maze.Maze2DBuilderTest.BuildsCorrectCellsCollectionsWithHallAreas" methodname="BuildsCorrectCellsCollectionsWithHallAreas" classname="PlayersWorlds.Maps.Maze.Maze2DBuilderTest" runstate="Runnable" seed="1179882562" result="Passed" start-time="2024-02-07T16:20:50.9636570Z" end-time="2024-02-07T16:20:50.9678660Z" duration="0.004209" asserts="4" />
              <test-case id="1-1112" name="BuildsCorrectCellsCollectionsWithHallAreasAtTheEdge" fullname="PlayersWorlds.Maps.Maze.Maze2DBuilderTest.BuildsCorrectCellsCollectionsWithHallAreasAtTheEdge" methodname="BuildsCorrectCellsCollectionsWithHallAreasAtTheEdge" classname="PlayersWorlds.Maps.Maze.Maze2DBuilderTest" runstate="Runnable" seed="384502078" result="Passed" start-time="2024-02-07T16:20:50.9678780Z" end-time="2024-02-07T16:20:50.9683620Z" duration="0.000484" asserts="4" />
              <test-case id="1-1128" name="ConnectHalls" fullname="PlayersWorlds.Maps.Maze.Maze2DBuilderTest.ConnectHalls" methodname="ConnectHalls" classname="PlayersWorlds.Maps.Maze.Maze2DBuilderTest" runstate="Runnable" seed="1198066122" result="Passed" start-time="2024-02-07T16:20:50.9683700Z" end-time="2024-02-07T16:20:50.9714640Z" duration="0.003094" asserts="4" />
              <test-case id="1-1118" name="IsFillComplete_Full" fullname="PlayersWorlds.Maps.Maze.Maze2DBuilderTest.IsFillComplete_Full" methodname="IsFillComplete_Full" classname="PlayersWorlds.Maps.Maze.Maze2DBuilderTest" runstate="Runnable" seed="89819295" result="Passed" start-time="2024-02-07T16:20:50.9714750Z" end-time="2024-02-07T16:20:50.9719340Z" duration="0.000459" asserts="5" />
              <test-case id="1-1121" name="IsFillComplete_Full_WithCave" fullname="PlayersWorlds.Maps.Maze.Maze2DBuilderTest.IsFillComplete_Full_WithCave" methodname="IsFillComplete_Full_WithCave" classname="PlayersWorlds.Maps.Maze.Maze2DBuilderTest" runstate="Runnable" seed="1194384939" result="Passed" start-time="2024-02-07T16:20:50.9719410Z" end-time="2024-02-07T16:20:50.9726850Z" duration="0.000744" asserts="11" />
              <test-case id="1-1120" name="IsFillComplete_Full_WithFill" fullname="PlayersWorlds.Maps.Maze.Maze2DBuilderTest.IsFillComplete_Full_WithFill" methodname="IsFillComplete_Full_WithFill" classname="PlayersWorlds.Maps.Maze.Maze2DBuilderTest" runstate="Runnable" seed="934770465" result="Passed" start-time="2024-02-07T16:20:50.9726970Z" end-time="2024-02-07T16:20:50.9730290Z" duration="0.000332" asserts="2" />
              <test-case id="1-1119" name="IsFillComplete_Full_WithHall" fullname="PlayersWorlds.Maps.Maze.Maze2DBuilderTest.IsFillComplete_Full_WithHall" methodname="IsFillComplete_Full_WithHall" classname="PlayersWorlds.Maps.Maze.Maze2DBuilderTest" runstate="Runnable" seed="47932565" result="Passed" start-time="2024-02-07T16:20:50.9730360Z" end-time="2024-02-07T16:20:50.9733840Z" duration="0.000348" asserts="2" />
              <test-case id="1-1123" name="IsFillComplete_FullHeight" fullname="PlayersWorlds.Maps.Maze.Maze2DBuilderTest.IsFillComplete_FullHeight" methodname="IsFillComplete_FullHeight" classname="PlayersWorlds.Maps.Maze.Maze2DBuilderTest" runstate="Runnable" seed="263508746" result="Passed" start-time="2024-02-07T16:20:50.9733920Z" end-time="2024-02-07T16:20:50.9739240Z" duration="0.000533" asserts="4" />
              <test-case id="1-1122" name="IsFillComplete_FullWidth" fullname="PlayersWorlds.Maps.Maze.Maze2DBuilderTest.IsFillComplete_FullWidth" methodname="IsFillComplete_FullWidth" classname="PlayersWorlds.Maps.Maze.Maze2DBuilderTest" runstate="Runnable" seed="685474284" result="Passed" start-time="2024-02-07T16:20:50.9739320Z" end-time="2024-02-07T16:20:50.9741800Z" duration="0.000248" asserts="4" />
              <test-case id="1-1125" name="IsFillComplete_Half" fullname="PlayersWorlds.Maps.Maze.Maze2DBuilderTest.IsFillComplete_Half" methodname="IsFillComplete_Half" classname="PlayersWorlds.Maps.Maze.Maze2DBuilderTest" runstate="Runnable" seed="1621830078" result="Passed" start-time="2024-02-07T16:20:50.9741870Z" end-time="2024-02-07T16:20:50.9743320Z" duration="0.000145" asserts="3" />
              <test-case id="1-1127" name="IsFillComplete_NinetyPercent" fullname="PlayersWorlds.Maps.Maze.Maze2DBuilderTest.IsFillComplete_NinetyPercent" methodname="IsFillComplete_NinetyPercent" classname="PlayersWorlds.Maps.Maze.Maze2DBuilderTest" runstate="Runnable" seed="390635753" result="Passed" start-time="2024-02-07T16:20:50.9743390Z" end-time="2024-02-07T16:20:50.9745280Z" duration="0.000190" asserts="5" />
              <test-case id="1-1117" name="IsFillComplete_NoCells" fullname="PlayersWorlds.Maps.Maze.Maze2DBuilderTest.IsFillComplete_NoCells" methodname="IsFillComplete_NoCells" classname="PlayersWorlds.Maps.Maze.Maze2DBuilderTest" runstate="Runnable" seed="1844678692" result="Passed" start-time="2024-02-07T16:20:50.9745360Z" end-time="2024-02-07T16:20:50.9746640Z" duration="0.000129" asserts="1" />
              <test-case id="1-1124" name="IsFillComplete_Quarter" fullname="PlayersWorlds.Maps.Maze.Maze2DBuilderTest.IsFillComplete_Quarter" methodname="IsFillComplete_Quarter" classname="PlayersWorlds.Maps.Maze.Maze2DBuilderTest" runstate="Runnable" seed="2063147561" result="Passed" start-time="2024-02-07T16:20:50.9746710Z" end-time="2024-02-07T16:20:50.9747840Z" duration="0.000114" asserts="2" />
              <test-case id="1-1126" name="IsFillComplete_ThreeQuarters" fullname="PlayersWorlds.Maps.Maze.Maze2DBuilderTest.IsFillComplete_ThreeQuarters" methodname="IsFillComplete_ThreeQuarters" classname="PlayersWorlds.Maps.Maze.Maze2DBuilderTest" runstate="Runnable" seed="1887753798" result="Passed" start-time="2024-02-07T16:20:50.9747910Z" end-time="2024-02-07T16:20:50.9749590Z" duration="0.000169" asserts="4" />
              <test-case id="1-1116" name="IterateUnlinkedCells_IteratesAllAvailableCells" fullname="PlayersWorlds.Maps.Maze.Maze2DBuilderTest.IterateUnlinkedCells_IteratesAllAvailableCells" methodname="IterateUnlinkedCells_IteratesAllAvailableCells" classname="PlayersWorlds.Maps.Maze.Maze2DBuilderTest" runstate="Runnable" seed="850319855" result="Passed" start-time="2024-02-07T16:20:50.9749660Z" end-time="2024-02-07T16:20:50.9809100Z" duration="0.005944" asserts="28" />
              <test-case id="1-1115" name="MarkConnected" fullname="PlayersWorlds.Maps.Maze.Maze2DBuilderTest.MarkConnected" methodname="MarkConnected" classname="PlayersWorlds.Maps.Maze.Maze2DBuilderTest" runstate="Runnable" seed="1056475741" result="Passed" start-time="2024-02-07T16:20:50.9809220Z" end-time="2024-02-07T16:20:50.9813500Z" duration="0.000428" asserts="6" />
              <test-case id="1-1114" name="PickRandomNeighborToLink" fullname="PlayersWorlds.Maps.Maze.Maze2DBuilderTest.PickRandomNeighborToLink" methodname="PickRandomNeighborToLink" classname="PlayersWorlds.Maps.Maze.Maze2DBuilderTest" runstate="Runnable" seed="1767148263" result="Passed" start-time="2024-02-07T16:20:50.9813570Z" end-time="2024-02-07T16:20:50.9865930Z" duration="0.005236" asserts="5000" />
              <test-case id="1-1113" name="PicksPriorityCellsWhenAvailable" fullname="PlayersWorlds.Maps.Maze.Maze2DBuilderTest.PicksPriorityCellsWhenAvailable" methodname="PicksPriorityCellsWhenAvailable" classname="PlayersWorlds.Maps.Maze.Maze2DBuilderTest" runstate="Runnable" seed="1659972354" result="Passed" start-time="2024-02-07T16:20:50.9866040Z" end-time="2024-02-07T16:20:51.0815910Z" duration="0.094986" asserts="2003" />
            </test-suite>
            <test-suite type="TestFixture" id="1-1129" name="Maze2DRendererTest" fullname="PlayersWorlds.Maps.Maze.Maze2DRendererTest" classname="PlayersWorlds.Maps.Maze.Maze2DRendererTest" runstate="Runnable" testcasecount="1" result="Passed" start-time="2024-02-07T16:20:51.0816230Z" end-time="2024-02-07T16:20:51.0837840Z" duration="0.002161" total="1" passed="1" failed="0" warnings="0" inconclusive="0" skipped="0" asserts="1">
              <test-case id="1-1130" name="ThrowsIfCantFit" fullname="PlayersWorlds.Maps.Maze.Maze2DRendererTest.ThrowsIfCantFit" methodname="ThrowsIfCantFit" classname="PlayersWorlds.Maps.Maze.Maze2DRendererTest" runstate="Runnable" seed="1968329175" result="Passed" start-time="2024-02-07T16:20:51.0816670Z" end-time="2024-02-07T16:20:51.0837680Z" duration="0.002101" asserts="1">
                <output><![CDATA[42x42
]]></output>
              </test-case>
            </test-suite>
            <test-suite type="TestFixture" id="1-1131" name="Maze2DTest" fullname="PlayersWorlds.Maps.Maze.Maze2DTest" classname="PlayersWorlds.Maps.Maze.Maze2DTest" runstate="Runnable" testcasecount="14" result="Passed" start-time="2024-02-07T16:20:51.0837950Z" end-time="2024-02-07T16:20:51.1135610Z" duration="0.029766" total="14" passed="14" failed="0" warnings="0" inconclusive="0" skipped="0" asserts="178">
              <test-case id="1-1139" name="Maze2D_AddsNoRoomsToASmallMaze" fullname="PlayersWorlds.Maps.Maze.Maze2DTest.Maze2D_AddsNoRoomsToASmallMaze" methodname="Maze2D_AddsNoRoomsToASmallMaze" classname="PlayersWorlds.Maps.Maze.Maze2DTest" runstate="Runnable" seed="748985055" result="Passed" start-time="2024-02-07T16:20:51.0838360Z" end-time="2024-02-07T16:20:51.0897370Z" duration="0.005902" asserts="1">
                <output><![CDATA[AldousBroderMazeGenerator: Generating maze 3x3 with PlayersWorlds.Maps.Maze.GeneratorOptions(Full, Auto, <null>, PlayersWorlds.Maps.Areas.RandomAreaGenerator, PlayersWorlds.Maps.Maze.AldousBroderMazeGenerator)
]]></output>
              </test-case>
              <test-case id="1-1138" name="Maze2D_AddsNoRoomsWhenNoneRequested" fullname="PlayersWorlds.Maps.Maze.Maze2DTest.Maze2D_AddsNoRoomsWhenNoneRequested" methodname="Maze2D_AddsNoRoomsWhenNoneRequested" classname="PlayersWorlds.Maps.Maze.Maze2DTest" runstate="Runnable" seed="638093174" result="Passed" start-time="2024-02-07T16:20:51.0897490Z" end-time="2024-02-07T16:20:51.0907550Z" duration="0.001006" asserts="1">
                <output><![CDATA[AldousBroderMazeGenerator: Generating maze 10x10 with PlayersWorlds.Maps.Maze.GeneratorOptions(Full, Manual, <null>, PlayersWorlds.Maps.Areas.RandomAreaGenerator, PlayersWorlds.Maps.Maze.AldousBroderMazeGenerator)
]]></output>
              </test-case>
              <test-case id="1-1142" name="Maze2D_AddsOneFill" fullname="PlayersWorlds.Maps.Maze.Maze2DTest.Maze2D_AddsOneFill" methodname="Maze2D_AddsOneFill" classname="PlayersWorlds.Maps.Maze.Maze2DTest" runstate="Runnable" seed="288689641" result="Passed" start-time="2024-02-07T16:20:51.0907670Z" end-time="2024-02-07T16:20:51.0922800Z" duration="0.001514" asserts="1">
                <output><![CDATA[AldousBroderMazeGenerator: Generating maze 5x5 with PlayersWorlds.Maps.Maze.GeneratorOptions(Full, Manual, List`1<MapArea>(P2x2;S2x1;Fill;), PlayersWorlds.Maps.Areas.RandomAreaGenerator, PlayersWorlds.Maps.Maze.AldousBroderMazeGenerator)
]]></output>
              </test-case>
              <test-case id="1-1141" name="Maze2D_AddsOneHall" fullname="PlayersWorlds.Maps.Maze.Maze2DTest.Maze2D_AddsOneHall" methodname="Maze2D_AddsOneHall" classname="PlayersWorlds.Maps.Maze.Maze2DTest" runstate="Runnable" seed="1834876183" result="Passed" start-time="2024-02-07T16:20:51.0922920Z" end-time="2024-02-07T16:20:51.0929610Z" duration="0.000669" asserts="1">
                <output><![CDATA[AldousBroderMazeGenerator: Generating maze 5x5 with PlayersWorlds.Maps.Maze.GeneratorOptions(Full, Manual, List`1<MapArea>(P2x2;S2x1;Hall;), PlayersWorlds.Maps.Areas.RandomAreaGenerator, PlayersWorlds.Maps.Maze.AldousBroderMazeGenerator)
]]></output>
              </test-case>
              <test-case id="1-1140" name="Maze2D_AddsRooms" fullname="PlayersWorlds.Maps.Maze.Maze2DTest.Maze2D_AddsRooms" methodname="Maze2D_AddsRooms" classname="PlayersWorlds.Maps.Maze.Maze2DTest" runstate="Runnable" seed="621654862" result="Passed" start-time="2024-02-07T16:20:51.0929690Z" end-time="2024-02-07T16:20:51.1006920Z" duration="0.007723" asserts="1">
                <output><![CDATA[AldousBroderMazeGenerator: Generating maze 5x5 with PlayersWorlds.Maps.Maze.GeneratorOptions(Full, Auto, <null>, PlayersWorlds.Maps.Areas.RandomAreaGenerator, PlayersWorlds.Maps.Maze.AldousBroderMazeGenerator)
]]></output>
              </test-case>
              <test-case id="1-1134" name="Maze2D_AllowsOnly2D" fullname="PlayersWorlds.Maps.Maze.Maze2DTest.Maze2D_AllowsOnly2D" methodname="Maze2D_AllowsOnly2D" classname="PlayersWorlds.Maps.Maze.Maze2DTest" runstate="Runnable" seed="1040788092" result="Passed" start-time="2024-02-07T16:20:51.1007030Z" end-time="2024-02-07T16:20:51.1009200Z" duration="0.000217" asserts="1" />
              <test-case id="1-1144" name="Maze2D_CanParse" fullname="PlayersWorlds.Maps.Maze.Maze2DTest.Maze2D_CanParse" methodname="Maze2D_CanParse" classname="PlayersWorlds.Maps.Maze.Maze2DTest" runstate="Runnable" seed="776882688" result="Passed" start-time="2024-02-07T16:20:51.1009270Z" end-time="2024-02-07T16:20:51.1053370Z" duration="0.004410" asserts="16">
                <output><![CDATA[┌───────────┐
│           │
├───╴   ┌───┤
│       │   │
│   ╷   ╵   │
│   │       │
└───┴───────┘

]]></output>
              </test-case>
              <test-case id="1-1145" name="Maze2D_CanParse2" fullname="PlayersWorlds.Maps.Maze.Maze2DTest.Maze2D_CanParse2" methodname="Maze2D_CanParse2" classname="PlayersWorlds.Maps.Maze.Maze2DTest" runstate="Runnable" seed="1046498312" result="Passed" start-time="2024-02-07T16:20:51.1053500Z" end-time="2024-02-07T16:20:51.1058510Z" duration="0.000502" asserts="1" />
              <test-case id="1-1137" name="Maze2D_CanRenderMap" fullname="PlayersWorlds.Maps.Maze.Maze2DTest.Maze2D_CanRenderMap" methodname="Maze2D_CanRenderMap" classname="PlayersWorlds.Maps.Maze.Maze2DTest" runstate="Runnable" seed="88771285" result="Passed" start-time="2024-02-07T16:20:51.1058590Z" end-time="2024-02-07T16:20:51.1097150Z" duration="0.003856" asserts="1">
                <output><![CDATA[AldousBroderMazeGenerator: Generating maze 3x3 with PlayersWorlds.Maps.Maze.GeneratorOptions(Full, None, <null>, PlayersWorlds.Maps.Areas.RandomAreaGenerator, PlayersWorlds.Maps.Maze.AldousBroderMazeGenerator)
]]></output>
              </test-case>
              <test-case id="1-1136" name="Maze2D_CellsNeighborsAreValid" fullname="PlayersWorlds.Maps.Maze.Maze2DTest.Maze2D_CellsNeighborsAreValid" methodname="Maze2D_CellsNeighborsAreValid" classname="PlayersWorlds.Maps.Maze.Maze2DTest" runstate="Runnable" seed="1341078931" result="Passed" start-time="2024-02-07T16:20:51.1097270Z" end-time="2024-02-07T16:20:51.1107230Z" duration="0.000996" asserts="136" />
              <test-case id="1-1143" name="Maze2D_HasAttributesSet" fullname="PlayersWorlds.Maps.Maze.Maze2DTest.Maze2D_HasAttributesSet" methodname="Maze2D_HasAttributesSet" classname="PlayersWorlds.Maps.Maze.Maze2DTest" runstate="Runnable" seed="1016052952" result="Passed" start-time="2024-02-07T16:20:51.1107340Z" end-time="2024-02-07T16:20:51.1110450Z" duration="0.000311" asserts="2">
                <output><![CDATA[AldousBroderMazeGenerator: Generating maze 3x3 with PlayersWorlds.Maps.Maze.GeneratorOptions(Full, None, <null>, PlayersWorlds.Maps.Areas.RandomAreaGenerator, PlayersWorlds.Maps.Maze.AldousBroderMazeGenerator)
]]></output>
              </test-case>
              <test-case id="1-1132" name="Maze2D_IsInitialized" fullname="PlayersWorlds.Maps.Maze.Maze2DTest.Maze2D_IsInitialized" methodname="Maze2D_IsInitialized" classname="PlayersWorlds.Maps.Maze.Maze2DTest" runstate="Runnable" seed="732816284" result="Passed" start-time="2024-02-07T16:20:51.1110520Z" end-time="2024-02-07T16:20:51.1112180Z" duration="0.000165" asserts="4" />
              <test-case id="1-1135" name="Maze2D_ToMapWrongOptions" fullname="PlayersWorlds.Maps.Maze.Maze2DTest.Maze2D_ToMapWrongOptions" methodname="Maze2D_ToMapWrongOptions" classname="PlayersWorlds.Maps.Maze.Maze2DTest" runstate="Runnable" seed="1673350223" result="Passed" start-time="2024-02-07T16:20:51.1112240Z" end-time="2024-02-07T16:20:51.1132680Z" duration="0.002044" asserts="7" />
              <test-case id="1-1133" name="Maze2D_WrongSize" fullname="PlayersWorlds.Maps.Maze.Maze2DTest.Maze2D_WrongSize" methodname="Maze2D_WrongSize" classname="PlayersWorlds.Maps.Maze.Maze2DTest" runstate="Runnable" seed="1589864691" result="Passed" start-time="2024-02-07T16:20:51.1132790Z" end-time="2024-02-07T16:20:51.1135490Z" duration="0.000270" asserts="5" />
            </test-suite>
            <test-suite type="TestFixture" id="1-1146" name="MazeCellTest" fullname="PlayersWorlds.Maps.Maze.MazeCellTest" classname="PlayersWorlds.Maps.Maze.MazeCellTest" runstate="Runnable" testcasecount="5" result="Passed" start-time="2024-02-07T16:20:51.1135730Z" end-time="2024-02-07T16:20:51.1169340Z" duration="0.003361" total="5" passed="5" failed="0" warnings="0" inconclusive="0" skipped="0" asserts="23">
              <test-case id="1-1149" name="CanAssignMapAreaOnce" fullname="PlayersWorlds.Maps.Maze.MazeCellTest.CanAssignMapAreaOnce" methodname="CanAssignMapAreaOnce" classname="PlayersWorlds.Maps.Maze.MazeCellTest" runstate="Runnable" seed="517934452" result="Passed" start-time="2024-02-07T16:20:51.1136130Z" end-time="2024-02-07T16:20:51.1147270Z" duration="0.001114" asserts="4" />
              <test-case id="1-1151" name="DoubleLinkingThrowsError" fullname="PlayersWorlds.Maps.Maze.MazeCellTest.DoubleLinkingThrowsError" methodname="DoubleLinkingThrowsError" classname="PlayersWorlds.Maps.Maze.MazeCellTest" runstate="Runnable" seed="1418498522" result="Passed" start-time="2024-02-07T16:20:51.1147380Z" end-time="2024-02-07T16:20:51.1149200Z" duration="0.000181" asserts="1" />
              <test-case id="1-1147" name="LinksAreMutual" fullname="PlayersWorlds.Maps.Maze.MazeCellTest.LinksAreMutual" methodname="LinksAreMutual" classname="PlayersWorlds.Maps.Maze.MazeCellTest" runstate="Runnable" seed="1763587681" result="Passed" start-time="2024-02-07T16:20:51.1149280Z" end-time="2024-02-07T16:20:51.1162500Z" duration="0.001322" asserts="10" />
              <test-case id="1-1148" name="LinksOnlyWithNeighbors" fullname="PlayersWorlds.Maps.Maze.MazeCellTest.LinksOnlyWithNeighbors" methodname="LinksOnlyWithNeighbors" classname="PlayersWorlds.Maps.Maze.MazeCellTest" runstate="Runnable" seed="1786682583" result="Passed" start-time="2024-02-07T16:20:51.1162620Z" end-time="2024-02-07T16:20:51.1166000Z" duration="0.000339" asserts="1" />
              <test-case id="1-1150" name="ToStringTest" fullname="PlayersWorlds.Maps.Maze.MazeCellTest.ToStringTest" methodname="ToStringTest" classname="PlayersWorlds.Maps.Maze.MazeCellTest" runstate="Runnable" seed="1977631555" result="Passed" start-time="2024-02-07T16:20:51.1166080Z" end-time="2024-02-07T16:20:51.1169220Z" duration="0.000315" asserts="7" />
            </test-suite>
            <test-suite type="TestFixture" id="1-1152" name="MazeGeneratorAreasTest" fullname="PlayersWorlds.Maps.Maze.MazeGeneratorAreasTest" classname="PlayersWorlds.Maps.Maze.MazeGeneratorAreasTest" runstate="Runnable" testcasecount="1" result="Passed" start-time="2024-02-07T16:20:51.1169470Z" end-time="2024-02-07T16:20:51.1230480Z" duration="0.006100" total="1" passed="1" failed="0" warnings="0" inconclusive="0" skipped="0" asserts="0">
              <test-case id="1-1153" name="AldousBroderAllAreaTypes" fullname="PlayersWorlds.Maps.Maze.MazeGeneratorAreasTest.AldousBroderAllAreaTypes" methodname="AldousBroderAllAreaTypes" classname="PlayersWorlds.Maps.Maze.MazeGeneratorAreasTest" runstate="Runnable" seed="1863282224" result="Passed" start-time="2024-02-07T16:20:51.1169870Z" end-time="2024-02-07T16:20:51.1230330Z" duration="0.006046" asserts="0">
                <output><![CDATA[AldousBroderMazeGenerator: Generating maze 15x15 with PlayersWorlds.Maps.Maze.GeneratorOptions(Full, Manual, List`1<MapArea>(P2x4;S3x4;Fill;, P8x2;S4x5;Hall;, P5x10;S7x3;Cave;), PlayersWorlds.Maps.Areas.RandomAreaGenerator, PlayersWorlds.Maps.Maze.AldousBroderMazeGenerator)
┌───────┬───────────┬───────────────────┬───────┬───────────┐
│ 35  34│           │                   │       │           │
│   ╷   │   ╷   ┌───┴───╴   ╶───────────┴───╴   ╵   ┌───╴   │
│ 36│ 33│   │   │                                   │       │
├───┤   ├───┘   └───┬───╴   ╶───────────────╴   ╷   └───────┤
│   │ 32│           │                           │           │
│   ╵   ├───────┐   ╵   ┼   ┼   ┼   ┼   ┼   ┼   ├───┐   ╶───┤
│ 30  31│       │                               │   │       │
│   ╷   └───┐   └───┐   ┼   ┼   ┼   ┼   ┼   ┼   │   └───────┤
│ 2f│       │       │                           │           │
│   └───────┤   ┌───┴───┐   ╶───┬───────┐   ╷   │   ┌───┬───┤
│ 2e  2d    │   │       │       │       │   │   │   │   │   │
├───┐   ╶───┘   ╵   ╷   │   ┌───┘   ╶───┴───┤   ╵   ╵   ╵   │
│   │ 2c            │   │   │ 14  13  12    │               │
│   │   ┌───────────┤   │   ╵   ╶───┐   ╶───┴───────────╴   │
│   │ 2b│           │   │     15    │ 11  10  f   e         │
│   ╵   │           │   ├───┐   ╷   └───────────┐   ╶───────┤
│     2a│           │   │   │ 16│               │ d   c   b │
├───╴   │           │   │   ╵   │   ┼   ┼   ┼   ├───╴   ╷   │
│     29│           │   │ 18  17│               │       │ a │
├───╴   │           │   │   ╶───┤   ┼   ┼   ┼   │   ┌───┘   │
│ 27  28│           │   │ 19    │               │   │ 8   9 │
│   ╶───┴───────┬───┴───┘   ╶───┤   ┼   ┼   ┼   ├───┘   ╷   │
│ 26  25  24    │         1a    │               │ 6   7 │   │
├───┬───┐   ┌───┴───────┐   ╷   │   ┼   ┼   ┼   │   ┌───┘   │
│   │   │ 23│ 20  1f  1e│ 1b│   │               │ 5 │       │
│   ╵   ╵   ╵   ┌───╴   ╵   └───┴───────────────┤   └───────┤
│         22  21│     1d  1c                    │ 4   3   2 │
├───────╴   ┌───┴───╴   ╷   ╶───────┬───────╴   │   ┌───╴   │
│           │           │           │           │   │ 0   1 │
└───────────┴───────────┴───────────┴───────────┴───┴───────┘

]]></output>
              </test-case>
            </test-suite>
            <test-suite type="TestFixture" id="1-1154" name="MazeGeneratorTest" fullname="PlayersWorlds.Maps.Maze.MazeGeneratorTest" classname="PlayersWorlds.Maps.Maze.MazeGeneratorTest" runstate="Runnable" testcasecount="532" result="Passed" start-time="2024-02-07T16:20:51.1230590Z" end-time="2024-02-07T16:20:51.2128960Z" duration="0.089837" total="28" passed="28" failed="0" warnings="0" inconclusive="0" skipped="0" asserts="179">
              <test-suite type="ParameterizedMethod" id="1-1690" name="AreasAreAppliedProperly" fullname="PlayersWorlds.Maps.Maze.MazeGeneratorTest.AreasAreAppliedProperly" classname="PlayersWorlds.Maps.Maze.MazeGeneratorTest" runstate="Runnable" testcasecount="6" result="Passed" start-time="2024-02-07T16:20:51.1231010Z" end-time="2024-02-07T16:20:51.1557920Z" duration="0.032691" total="6" passed="6" failed="0" warnings="0" inconclusive="0" skipped="0" asserts="138">
                <test-case id="1-1684" name="AreasAreAppliedProperly(PlayersWorlds.Maps.Maze.AldousBroderMazeGenerator)" fullname="PlayersWorlds.Maps.Maze.MazeGeneratorTest.AreasAreAppliedProperly(PlayersWorlds.Maps.Maze.AldousBroderMazeGenerator)" methodname="AreasAreAppliedProperly" classname="PlayersWorlds.Maps.Maze.MazeGeneratorTest" runstate="Runnable" seed="330949046" result="Passed" start-time="2024-02-07T16:20:51.1231220Z" end-time="2024-02-07T16:20:51.1293070Z" duration="0.006185" asserts="23">
                  <output><![CDATA[AldousBroderMazeGenerator: Generating maze 10x10 with PlayersWorlds.Maps.Maze.GeneratorOptions(Full, Manual, List`1<MapArea>(P2x1;S2x3;Fill;, P1x5;S3x4;Fill;, P5x6;S3x2;Hall;, P5x1;S4x3;Hall;), PlayersWorlds.Maps.Areas.RandomAreaGenerator, PlayersWorlds.Maps.Maze.AldousBroderMazeGenerator)
]]></output>
                </test-case>
                <test-case id="1-1685" name="AreasAreAppliedProperly(PlayersWorlds.Maps.Maze.BinaryTreeMazeGenerator)" fullname="PlayersWorlds.Maps.Maze.MazeGeneratorTest.AreasAreAppliedProperly(PlayersWorlds.Maps.Maze.BinaryTreeMazeGenerator)" methodname="AreasAreAppliedProperly" classname="PlayersWorlds.Maps.Maze.MazeGeneratorTest" runstate="Runnable" seed="1325277305" result="Passed" start-time="2024-02-07T16:20:51.1293190Z" end-time="2024-02-07T16:20:51.1381710Z" duration="0.008852" asserts="23">
                  <output><![CDATA[BinaryTreeMazeGenerator: Generating maze 10x10 with PlayersWorlds.Maps.Maze.GeneratorOptions(Full, Manual, List`1<MapArea>(P2x1;S2x3;Fill;, P1x5;S3x4;Fill;, P5x6;S3x2;Hall;, P5x1;S4x3;Hall;), PlayersWorlds.Maps.Areas.RandomAreaGenerator, PlayersWorlds.Maps.Maze.BinaryTreeMazeGenerator)
]]></output>
                </test-case>
                <test-case id="1-1686" name="AreasAreAppliedProperly(PlayersWorlds.Maps.Maze.HuntAndKillMazeGenerator)" fullname="PlayersWorlds.Maps.Maze.MazeGeneratorTest.AreasAreAppliedProperly(PlayersWorlds.Maps.Maze.HuntAndKillMazeGenerator)" methodname="AreasAreAppliedProperly" classname="PlayersWorlds.Maps.Maze.MazeGeneratorTest" runstate="Runnable" seed="96912251" result="Passed" start-time="2024-02-07T16:20:51.1381830Z" end-time="2024-02-07T16:20:51.1424860Z" duration="0.004303" asserts="23">
                  <output><![CDATA[HuntAndKillMazeGenerator: Generating maze 10x10 with PlayersWorlds.Maps.Maze.GeneratorOptions(Full, Manual, List`1<MapArea>(P2x1;S2x3;Fill;, P1x5;S3x4;Fill;, P5x6;S3x2;Hall;, P5x1;S4x3;Hall;), PlayersWorlds.Maps.Areas.RandomAreaGenerator, PlayersWorlds.Maps.Maze.HuntAndKillMazeGenerator)
]]></output>
                </test-case>
                <test-case id="1-1687" name="AreasAreAppliedProperly(PlayersWorlds.Maps.Maze.RecursiveBacktrackerMazeGenerator)" fullname="PlayersWorlds.Maps.Maze.MazeGeneratorTest.AreasAreAppliedProperly(PlayersWorlds.Maps.Maze.RecursiveBacktrackerMazeGenerator)" methodname="AreasAreAppliedProperly" classname="PlayersWorlds.Maps.Maze.MazeGeneratorTest" runstate="Runnable" seed="1922729852" result="Passed" start-time="2024-02-07T16:20:51.1424970Z" end-time="2024-02-07T16:20:51.1470970Z" duration="0.004600" asserts="23">
                  <output><![CDATA[RecursiveBacktrackerMazeGenerator: Generating maze 10x10 with PlayersWorlds.Maps.Maze.GeneratorOptions(Full, Manual, List`1<MapArea>(P2x1;S2x3;Fill;, P1x5;S3x4;Fill;, P5x6;S3x2;Hall;, P5x1;S4x3;Hall;), PlayersWorlds.Maps.Areas.RandomAreaGenerator, PlayersWorlds.Maps.Maze.RecursiveBacktrackerMazeGenerator)
]]></output>
                </test-case>
                <test-case id="1-1688" name="AreasAreAppliedProperly(PlayersWorlds.Maps.Maze.SidewinderMazeGenerator)" fullname="PlayersWorlds.Maps.Maze.MazeGeneratorTest.AreasAreAppliedProperly(PlayersWorlds.Maps.Maze.SidewinderMazeGenerator)" methodname="AreasAreAppliedProperly" classname="PlayersWorlds.Maps.Maze.MazeGeneratorTest" runstate="Runnable" seed="1325840543" result="Passed" start-time="2024-02-07T16:20:51.1471080Z" end-time="2024-02-07T16:20:51.1511480Z" duration="0.004040" asserts="23">
                  <output><![CDATA[SidewinderMazeGenerator: Generating maze 10x10 with PlayersWorlds.Maps.Maze.GeneratorOptions(Full, Manual, List`1<MapArea>(P2x1;S2x3;Fill;, P1x5;S3x4;Fill;, P5x6;S3x2;Hall;, P5x1;S4x3;Hall;), PlayersWorlds.Maps.Areas.RandomAreaGenerator, PlayersWorlds.Maps.Maze.SidewinderMazeGenerator)
]]></output>
                </test-case>
                <test-case id="1-1689" name="AreasAreAppliedProperly(PlayersWorlds.Maps.Maze.WilsonsMazeGenerator)" fullname="PlayersWorlds.Maps.Maze.MazeGeneratorTest.AreasAreAppliedProperly(PlayersWorlds.Maps.Maze.WilsonsMazeGenerator)" methodname="AreasAreAppliedProperly" classname="PlayersWorlds.Maps.Maze.MazeGeneratorTest" runstate="Runnable" seed="553598881" result="Passed" start-time="2024-02-07T16:20:51.1511680Z" end-time="2024-02-07T16:20:51.1557790Z" duration="0.004611" asserts="23">
                  <output><![CDATA[WilsonsMazeGenerator: Generating maze 10x10 with PlayersWorlds.Maps.Maze.GeneratorOptions(Full, Manual, List`1<MapArea>(P2x1;S2x3;Fill;, P1x5;S3x4;Fill;, P5x6;S3x2;Hall;, P5x1;S4x3;Hall;), PlayersWorlds.Maps.Areas.RandomAreaGenerator, PlayersWorlds.Maps.Maze.WilsonsMazeGenerator)
]]></output>
                </test-case>
              </test-suite>
              <test-suite type="ParameterizedMethod" id="1-1683" name="CanFindPaths" fullname="PlayersWorlds.Maps.Maze.MazeGeneratorTest.CanFindPaths" classname="PlayersWorlds.Maps.Maze.MazeGeneratorTest" runstate="Runnable" testcasecount="6" result="Passed" start-time="2024-02-07T16:20:51.1558010Z" end-time="2024-02-07T16:20:51.1569320Z" duration="0.001131" total="6" passed="6" failed="0" warnings="0" inconclusive="0" skipped="0" asserts="12">
                <test-case id="1-1677" name="CanFindPaths(PlayersWorlds.Maps.Maze.AldousBroderMazeGenerator)" fullname="PlayersWorlds.Maps.Maze.MazeGeneratorTest.CanFindPaths(PlayersWorlds.Maps.Maze.AldousBroderMazeGenerator)" methodname="CanFindPaths" classname="PlayersWorlds.Maps.Maze.MazeGeneratorTest" runstate="Runnable" seed="1679754268" result="Passed" start-time="2024-02-07T16:20:51.1558140Z" end-time="2024-02-07T16:20:51.1564010Z" duration="0.000586" asserts="2" />
                <test-case id="1-1678" name="CanFindPaths(PlayersWorlds.Maps.Maze.BinaryTreeMazeGenerator)" fullname="PlayersWorlds.Maps.Maze.MazeGeneratorTest.CanFindPaths(PlayersWorlds.Maps.Maze.BinaryTreeMazeGenerator)" methodname="CanFindPaths" classname="PlayersWorlds.Maps.Maze.MazeGeneratorTest" runstate="Runnable" seed="40380999" result="Passed" start-time="2024-02-07T16:20:51.1564080Z" end-time="2024-02-07T16:20:51.1565420Z" duration="0.000133" asserts="2" />
                <test-case id="1-1679" name="CanFindPaths(PlayersWorlds.Maps.Maze.HuntAndKillMazeGenerator)" fullname="PlayersWorlds.Maps.Maze.MazeGeneratorTest.CanFindPaths(PlayersWorlds.Maps.Maze.HuntAndKillMazeGenerator)" methodname="CanFindPaths" classname="PlayersWorlds.Maps.Maze.MazeGeneratorTest" runstate="Runnable" seed="1125420212" result="Passed" start-time="2024-02-07T16:20:51.1565480Z" end-time="2024-02-07T16:20:51.1566370Z" duration="0.000089" asserts="2" />
                <test-case id="1-1680" name="CanFindPaths(PlayersWorlds.Maps.Maze.RecursiveBacktrackerMazeGenerator)" fullname="PlayersWorlds.Maps.Maze.MazeGeneratorTest.CanFindPaths(PlayersWorlds.Maps.Maze.RecursiveBacktrackerMazeGenerator)" methodname="CanFindPaths" classname="PlayersWorlds.Maps.Maze.MazeGeneratorTest" runstate="Runnable" seed="399598901" result="Passed" start-time="2024-02-07T16:20:51.1566430Z" end-time="2024-02-07T16:20:51.1567170Z" duration="0.000074" asserts="2" />
                <test-case id="1-1681" name="CanFindPaths(PlayersWorlds.Maps.Maze.SidewinderMazeGenerator)" fullname="PlayersWorlds.Maps.Maze.MazeGeneratorTest.CanFindPaths(PlayersWorlds.Maps.Maze.SidewinderMazeGenerator)" methodname="CanFindPaths" classname="PlayersWorlds.Maps.Maze.MazeGeneratorTest" runstate="Runnable" seed="1272327779" result="Passed" start-time="2024-02-07T16:20:51.1567220Z" end-time="2024-02-07T16:20:51.1568240Z" duration="0.000103" asserts="2" />
                <test-case id="1-1682" name="CanFindPaths(PlayersWorlds.Maps.Maze.WilsonsMazeGenerator)" fullname="PlayersWorlds.Maps.Maze.MazeGeneratorTest.CanFindPaths(PlayersWorlds.Maps.Maze.WilsonsMazeGenerator)" methodname="CanFindPaths" classname="PlayersWorlds.Maps.Maze.MazeGeneratorTest" runstate="Runnable" seed="215520371" result="Passed" start-time="2024-02-07T16:20:51.1568290Z" end-time="2024-02-07T16:20:51.1569260Z" duration="0.000097" asserts="2" />
              </test-suite>
              <test-suite type="ParameterizedMethod" id="1-1162" name="CanGenerateMazes" fullname="PlayersWorlds.Maps.Maze.MazeGeneratorTest.CanGenerateMazes" classname="PlayersWorlds.Maps.Maze.MazeGeneratorTest" runstate="Runnable" testcasecount="6" result="Passed" start-time="2024-02-07T16:20:51.1569380Z" end-time="2024-02-07T16:20:51.1967540Z" duration="0.039816" total="6" passed="6" failed="0" warnings="0" inconclusive="0" skipped="0" asserts="12">
                <test-case id="1-1156" name="CanGenerateMazes(PlayersWorlds.Maps.Maze.AldousBroderMazeGenerator)" fullname="PlayersWorlds.Maps.Maze.MazeGeneratorTest.CanGenerateMazes(PlayersWorlds.Maps.Maze.AldousBroderMazeGenerator)" methodname="CanGenerateMazes" classname="PlayersWorlds.Maps.Maze.MazeGeneratorTest" runstate="Runnable" seed="1513394076" result="Passed" start-time="2024-02-07T16:20:51.1569480Z" end-time="2024-02-07T16:20:51.1640060Z" duration="0.007058" asserts="2">
                  <output><![CDATA[AldousBroderMazeGenerator: Generating maze 20x20 with PlayersWorlds.Maps.Maze.GeneratorOptions(Full, None, <null>, PlayersWorlds.Maps.Areas.RandomAreaGenerator, PlayersWorlds.Maps.Maze.AldousBroderMazeGenerator)
]]></output>
                </test-case>
                <test-case id="1-1157" name="CanGenerateMazes(PlayersWorlds.Maps.Maze.BinaryTreeMazeGenerator)" fullname="PlayersWorlds.Maps.Maze.MazeGeneratorTest.CanGenerateMazes(PlayersWorlds.Maps.Maze.BinaryTreeMazeGenerator)" methodname="CanGenerateMazes" classname="PlayersWorlds.Maps.Maze.MazeGeneratorTest" runstate="Runnable" seed="1736447356" result="Passed" start-time="2024-02-07T16:20:51.1640190Z" end-time="2024-02-07T16:20:51.1663650Z" duration="0.002346" asserts="2">
                  <output><![CDATA[BinaryTreeMazeGenerator: Generating maze 20x20 with PlayersWorlds.Maps.Maze.GeneratorOptions(Full, None, <null>, PlayersWorlds.Maps.Areas.RandomAreaGenerator, PlayersWorlds.Maps.Maze.BinaryTreeMazeGenerator)
]]></output>
                </test-case>
                <test-case id="1-1158" name="CanGenerateMazes(PlayersWorlds.Maps.Maze.HuntAndKillMazeGenerator)" fullname="PlayersWorlds.Maps.Maze.MazeGeneratorTest.CanGenerateMazes(PlayersWorlds.Maps.Maze.HuntAndKillMazeGenerator)" methodname="CanGenerateMazes" classname="PlayersWorlds.Maps.Maze.MazeGeneratorTest" runstate="Runnable" seed="692366422" result="Passed" start-time="2024-02-07T16:20:51.1663750Z" end-time="2024-02-07T16:20:51.1703820Z" duration="0.004007" asserts="2">
                  <output><![CDATA[HuntAndKillMazeGenerator: Generating maze 20x20 with PlayersWorlds.Maps.Maze.GeneratorOptions(Full, None, <null>, PlayersWorlds.Maps.Areas.RandomAreaGenerator, PlayersWorlds.Maps.Maze.HuntAndKillMazeGenerator)
]]></output>
                </test-case>
                <test-case id="1-1159" name="CanGenerateMazes(PlayersWorlds.Maps.Maze.RecursiveBacktrackerMazeGenerator)" fullname="PlayersWorlds.Maps.Maze.MazeGeneratorTest.CanGenerateMazes(PlayersWorlds.Maps.Maze.RecursiveBacktrackerMazeGenerator)" methodname="CanGenerateMazes" classname="PlayersWorlds.Maps.Maze.MazeGeneratorTest" runstate="Runnable" seed="1562835227" result="Passed" start-time="2024-02-07T16:20:51.1703980Z" end-time="2024-02-07T16:20:51.1773370Z" duration="0.006939" asserts="2">
                  <output><![CDATA[RecursiveBacktrackerMazeGenerator: Generating maze 20x20 with PlayersWorlds.Maps.Maze.GeneratorOptions(Full, None, <null>, PlayersWorlds.Maps.Areas.RandomAreaGenerator, PlayersWorlds.Maps.Maze.RecursiveBacktrackerMazeGenerator)
]]></output>
                </test-case>
                <test-case id="1-1160" name="CanGenerateMazes(PlayersWorlds.Maps.Maze.SidewinderMazeGenerator)" fullname="PlayersWorlds.Maps.Maze.MazeGeneratorTest.CanGenerateMazes(PlayersWorlds.Maps.Maze.SidewinderMazeGenerator)" methodname="CanGenerateMazes" classname="PlayersWorlds.Maps.Maze.MazeGeneratorTest" runstate="Runnable" seed="865939544" result="Passed" start-time="2024-02-07T16:20:51.1773470Z" end-time="2024-02-07T16:20:51.1796020Z" duration="0.002255" asserts="2">
                  <output><![CDATA[SidewinderMazeGenerator: Generating maze 20x20 with PlayersWorlds.Maps.Maze.GeneratorOptions(Full, None, <null>, PlayersWorlds.Maps.Areas.RandomAreaGenerator, PlayersWorlds.Maps.Maze.SidewinderMazeGenerator)
]]></output>
                </test-case>
                <test-case id="1-1161" name="CanGenerateMazes(PlayersWorlds.Maps.Maze.WilsonsMazeGenerator)" fullname="PlayersWorlds.Maps.Maze.MazeGeneratorTest.CanGenerateMazes(PlayersWorlds.Maps.Maze.WilsonsMazeGenerator)" methodname="CanGenerateMazes" classname="PlayersWorlds.Maps.Maze.MazeGeneratorTest" runstate="Runnable" seed="1529160833" result="Passed" start-time="2024-02-07T16:20:51.1796170Z" end-time="2024-02-07T16:20:51.1967420Z" duration="0.017124" asserts="2">
                  <output><![CDATA[WilsonsMazeGenerator: Generating maze 20x20 with PlayersWorlds.Maps.Maze.GeneratorOptions(Full, None, <null>, PlayersWorlds.Maps.Areas.RandomAreaGenerator, PlayersWorlds.Maps.Maze.WilsonsMazeGenerator)
]]></output>
                </test-case>
              </test-suite>
              <test-case id="1-1155" name="CanUseCustomAreaGenerator" fullname="PlayersWorlds.Maps.Maze.MazeGeneratorTest.CanUseCustomAreaGenerator" methodname="CanUseCustomAreaGenerator" classname="PlayersWorlds.Maps.Maze.MazeGeneratorTest" runstate="Runnable" seed="1905704641" result="Passed" start-time="2024-02-07T16:20:51.1967620Z" end-time="2024-02-07T16:20:51.2019690Z" duration="0.005206" asserts="4">
                <output><![CDATA[AldousBroderMazeGenerator: Generating maze 15x15 with PlayersWorlds.Maps.Maze.GeneratorOptions(Full, Auto, <null>, PlayersWorlds.Maps.Maze.MazeGeneratorTest+CustomAreaGenerator, PlayersWorlds.Maps.Maze.AldousBroderMazeGenerator)
┌───────┬───────┬───────┬───────────────┬───────┬───────────┐
│       │       │       │               │       │ 15  14    │
│   ╷   ╵   ╶───┤   ╶───┴───────┬───╴   │   ╶───┘   ╷   ┌───┤
│   │           │               │       │         16│ 13│   │
│   │   ┌───╴   └───┐   ╷   ╶───┼───╴   ├───────╴   │   │   │
│   │   │           │   │       │ 1d  1c│ 19  18  17│ 12│   │
│   ├───┤   ┌───╴   └───┘   ╶───┤   ╷   ╵   ┌───┬───┤   ╵   │
│   │   │   │                   │ 1e│ 1b  1a│   │   │ 11  10│
│   │   ├───┘   ╶───┬───┐   ┌───┘   ├───┐   ╵   │   ├───╴   │
│   │   │           │   │   │     1f│   │       │   │     f │
│   ╵   └───────────┘   ├───┴───╴   │   ├───────┘   └───╴   │
│         28  27  26  25│     21  20│   │     b   c   d   e │
│   ╶───┐   ┌───────┐   └───╴   ╷   ╵   ├───╴   ┌───────╴   │
│       │ 29│       │ 24  23  22│       │     a │           │
├───────┤   ╵   ╶───┴───┐   ┌───┴───────┴───┐   └───────┐   │
│       │ 2a  2b  2c    │   │               │ 9         │   │
│   ╷   └───┐   ╷   ╶───┴───┴───┐   ╷   ┌───┤   ╶───┬───┘   │
│   │       │   │ 2d  2e        │   │   │   │ 8   7 │       │
├───┘   ┌───┴───┼───╴   ╶───┬───┘   ├───┘   └───╴   └───┬───┤
│       │       │ 30  2f    │       │     4   5   6     │   │
│   ╶───┼───┐   │   ╶───────┴───╴   ├───┐   ┌───┐   ┌───┘   │
│       │   │   │ 31                │ 0 │ 3 │   │   │ 42  41│
│   ╶───┘   ╵   ╵   ╶───────────┐   │   ╵   │   └───┴───╴   │
│                 32  33  34    │   │ 1   2 │         3f  40│
│   ╶───┐   ┌───┬───┬───┐   ╶───┤   └───┐   ├───────╴   ╶───┤
│       │   │   │   │   │ 35  36│       │   │     3d  3e    │
│   ┼   │   ╵   ╵   │   ╵   ╷   └───────┴───┴───╴   ╶───────┤
│       │           │       │ 37  38  39  3a  3b  3c        │
│   ┼   │   ╷   ╷   │   ╷   │   ╷   ╷   ╷   ┌───╴   ╶───────┤
│       │   │   │   │   │   │   │   │   │   │               │
└───────┴───┴───┴───┴───┴───┴───┴───┴───┴───┴───────────────┘

]]></output>
              </test-case>
              <test-case id="1-1165" name="IsFillComplete_Full" fullname="PlayersWorlds.Maps.Maze.MazeGeneratorTest.IsFillComplete_Full" methodname="IsFillComplete_Full" classname="PlayersWorlds.Maps.Maze.MazeGeneratorTest" runstate="Runnable" seed="373991575" result="Passed" start-time="2024-02-07T16:20:51.2019810Z" end-time="2024-02-07T16:20:51.2035240Z" duration="0.001543" asserts="1">
                <output><![CDATA[AldousBroderMazeGenerator: Generating maze 10x10 with PlayersWorlds.Maps.Maze.GeneratorOptions(Full, None, <null>, PlayersWorlds.Maps.Areas.RandomAreaGenerator, PlayersWorlds.Maps.Maze.AldousBroderMazeGenerator)
┌───┬───────────────────────┬───────────┐
│   │                       │           │
│   └───┬───╴   ┌───────┬───┘   ┌───────┤
│       │       │       │       │       │
│   ╷   ╵   ╷   │   ╶───┼───╴   ├───┐   │
│   │       │   │ 16  15│       │   │   │
│   ├───────┘   ╵   ╷   ╵   ┌───┘   ╵   │
│   │ 1a  19  18  17│ 14  13│           │
├───┘   ┌───┬───╴   ├───┐   ├───┐   ╷   │
│ 1c  1b│   │       │   │ 12│   │   │   │
│   ╶───┘   ├───────┘   │   ╵   ╵   ├───┤
│ 1d        │ c   d   e │ 11        │   │
│   ╶───┐   │   ╷   ╷   ╵   ╷   ╷   ╵   │
│ 1e  1f│   │ b │   │ f   10│   │       │
├───┐   ├───┤   ├───┴───────┴───┤   ╶───┤
│ 25│ 20│   │ a │ 5   4   3     │       │
│   │   ╵   │   │   ┌───╴   ╶───┤   ╷   │
│ 24│ 21    │ 9 │ 6 │ 1   2     │   │   │
│   ╵   ╶───┤   ╵   │   ╷   ┌───┘   │   │
│ 23  22    │ 8   7 │ 0 │   │       │   │
└───────────┴───────┴───┴───┴───────┴───┘

]]></output>
              </test-case>
              <test-case id="1-1170" name="IsFillComplete_FullHeight" fullname="PlayersWorlds.Maps.Maze.MazeGeneratorTest.IsFillComplete_FullHeight" methodname="IsFillComplete_FullHeight" classname="PlayersWorlds.Maps.Maze.MazeGeneratorTest" runstate="Runnable" seed="528759318" result="Passed" start-time="2024-02-07T16:20:51.2035350Z" end-time="2024-02-07T16:20:51.2050390Z" duration="0.001504" asserts="1">
                <output><![CDATA[AldousBroderMazeGenerator: Generating maze 10x10 with PlayersWorlds.Maps.Maze.GeneratorOptions(FullHeight, None, <null>, PlayersWorlds.Maps.Areas.RandomAreaGenerator, PlayersWorlds.Maps.Maze.AldousBroderMazeGenerator)
                    ┌───────────┬───┬───┐
                    │     b   c │   │   │
                    └───┐   ╷   ╵   │   │
                        │ a │ d   e │   │
                        │   │   ╷   ╵   │
                        │ 9 │   │ f     │
                ┌───────┘   ├───┤   ╶───┤
                │ 6   7   8 │   │ 10  11│
            ┌───┘   ╶───┐   ╵   ├───╴   │
            │     5   4 │       │ 13  12│
            └───────┐   ├───┬───┤   ╷   │
                    │ 3 │ 0 │   │ 14│   │
                ┌───┘   ╵   ├───┘   ├───┘
                │     2   1 │ 16  15│    
                └───┐   ┌───┤   ┌───┘    
                    │   │   │ 17│        
                    └───┘   │   │        
                            │ 18│        
                            │   │        
                            │ 19│        
                            └───┘        

]]></output>
              </test-case>
              <test-case id="1-1169" name="IsFillComplete_FullWidth" fullname="PlayersWorlds.Maps.Maze.MazeGeneratorTest.IsFillComplete_FullWidth" methodname="IsFillComplete_FullWidth" classname="PlayersWorlds.Maps.Maze.MazeGeneratorTest" runstate="Runnable" seed="683124899" result="Passed" start-time="2024-02-07T16:20:51.2050500Z" end-time="2024-02-07T16:20:51.2060260Z" duration="0.000976" asserts="1">
                <output><![CDATA[AldousBroderMazeGenerator: Generating maze 10x10 with PlayersWorlds.Maps.Maze.GeneratorOptions(FullWidth, None, <null>, PlayersWorlds.Maps.Areas.RandomAreaGenerator, PlayersWorlds.Maps.Maze.AldousBroderMazeGenerator)
┌───┐                                    
│   │                                    
│   ├───┐                                
│   │   │                                
│   ╵   │                                
│ 2   1 │                                
│   ╷   │                                
│ 3 │ 0 │                                
│   └───┤                                
│ 4   5 │                                
└───┐   └───┐                            
    │ 6   7 │                            
    └───┐   └───┐               ┌───┐    
        │ 8   9 │               │   │    
        └───┐   └───────────────┘   │    
            │ a   b   c   d   e   f │    
            └───────────────┬───╴   └───┐
                            │ 11  10    │
                            └───────────┘
                                         
                                         

]]></output>
              </test-case>
              <test-case id="1-1164" name="IsFillComplete_Half" fullname="PlayersWorlds.Maps.Maze.MazeGeneratorTest.IsFillComplete_Half" methodname="IsFillComplete_Half" classname="PlayersWorlds.Maps.Maze.MazeGeneratorTest" runstate="Runnable" seed="2086915924" result="Passed" start-time="2024-02-07T16:20:51.2060370Z" end-time="2024-02-07T16:20:51.2071420Z" duration="0.001105" asserts="1">
                <output><![CDATA[AldousBroderMazeGenerator: Generating maze 10x10 with PlayersWorlds.Maps.Maze.GeneratorOptions(Half, None, <null>, PlayersWorlds.Maps.Areas.RandomAreaGenerator, PlayersWorlds.Maps.Maze.AldousBroderMazeGenerator)
                                         
                                         
                            ┌───────────┐
                            │     b   a │
            ┌───┐   ┌───────┴───╴   ╷   │
            │   │   │ f   e   d   c │ 9 │
            │   └───┘   ┌───────────┤   │
            │     11  10│           │ 8 │
┌───────────┴───╴   ┌───┴───┬───┐   │   │
│ 16  15  14  13  12│ 1   0 │   │   │ 7 │
│   ╶───┬───────┐   │   ╶───┘   └───┘   │
│ 17  18│       │   │ 2   3   4   5   6 │
└───┐   └───╴   │   ├───────────┐   ┌───┘
    │ 19  1a  1b│   │           │   │    
    └───┐   ╷   └───┤           └───┘    
        │   │ 1c  1d│                    
┌───┬───┼───┼───╴   │                    
│ 24│   │   │ 1f  1e│                    
│   ╵   ╵   ╵   ╷   │                    
│ 23  22  21  20│   │                    
└───────────────┴───┘                    

]]></output>
              </test-case>
              <test-case id="1-1168" name="IsFillComplete_NinetyPercent" fullname="PlayersWorlds.Maps.Maze.MazeGeneratorTest.IsFillComplete_NinetyPercent" methodname="IsFillComplete_NinetyPercent" classname="PlayersWorlds.Maps.Maze.MazeGeneratorTest" runstate="Runnable" seed="25620381" result="Passed" start-time="2024-02-07T16:20:51.2071530Z" end-time="2024-02-07T16:20:51.2090670Z" duration="0.001914" asserts="1">
                <output><![CDATA[AldousBroderMazeGenerator: Generating maze 10x10 with PlayersWorlds.Maps.Maze.GeneratorOptions(NinetyPercent, None, <null>, PlayersWorlds.Maps.Areas.RandomAreaGenerator, PlayersWorlds.Maps.Maze.AldousBroderMazeGenerator)
┌───────────┬───┐       ┌───────────┬───┐
│           │   │       │           │   │
│   ╶───┬───┤   └───┐   ├───┬───╴   │   │
│       │   │       │   │   │       │   │
├───╴   ╵   └───╴   ├───┘   ╵   ╷   │   │
│                   │           │   │   │
├───────╴   ╶───┐   ╵   ╷   ╶───┤   ╵   │
│ 13  12  11    │       │       │       │
│   ┌───┐   ╷   ├───────┼───┬───┴───┐   │
│ 14│   │ 10│   │       │   │       │   │
│   ╵   │   └───┘   ╶───┘   ├───╴   └───┤
│ 15  16│ f   e   d   c     │           │
├───╴   └───┬───╴   ╷   ╶───┴───╴   ┌───┘
│ 18  17    │       │ b   a   9   8 │    
│   ┌───┬───┴───────┼───────────╴   ├───┐
│ 19│   │ 23  22  21│     5   6   7 │   │
│   │   └───┬───╴   ├───╴   ╷   ╷   ╵   │
│ 1a│       │ 1f  20│ 3   4 │   │       │
│   └───────┘   ┌───┤   ╶───┴───┤   ┌───┘
│ 1b  1c  1d  1e│   │ 2   1   0 │   │    
└───────────────┘   └───────────┴───┘    

]]></output>
              </test-case>
              <test-case id="1-1166" name="IsFillComplete_Quarter" fullname="PlayersWorlds.Maps.Maze.MazeGeneratorTest.IsFillComplete_Quarter" methodname="IsFillComplete_Quarter" classname="PlayersWorlds.Maps.Maze.MazeGeneratorTest" runstate="Runnable" seed="1075287909" result="Passed" start-time="2024-02-07T16:20:51.2090780Z" end-time="2024-02-07T16:20:51.2099620Z" duration="0.000885" asserts="1">
                <output><![CDATA[AldousBroderMazeGenerator: Generating maze 10x10 with PlayersWorlds.Maps.Maze.GeneratorOptions(Quarter, None, <null>, PlayersWorlds.Maps.Areas.RandomAreaGenerator, PlayersWorlds.Maps.Maze.AldousBroderMazeGenerator)
                                         
                                         
                                         
                                         
                                         
                                         
                                         
                                         
        ┌───┐               ┌───────┐    
        │ 11│               │ 0   1 │    
    ┌───┘   │       ┌───────┴───╴   │    
    │ f   10│       │ 5   4   3   2 │    
┌───┘   ┌───┤   ┌───┘   ╷   ╷   ┌───┘    
│     e │   │   │     6 │   │   │        
├───╴   ╵   │   │   ╷   ├───┴───┘        
│     d   c │   │   │ 7 │                
└───────┐   └───┴───┘   │                
        │ b   a   9   8 │                
        └───────────────┘                
                                         
                                         

]]></output>
              </test-case>
              <test-case id="1-1167" name="IsFillComplete_ThreeQuarters" fullname="PlayersWorlds.Maps.Maze.MazeGeneratorTest.IsFillComplete_ThreeQuarters" methodname="IsFillComplete_ThreeQuarters" classname="PlayersWorlds.Maps.Maze.MazeGeneratorTest" runstate="Runnable" seed="255592174" result="Passed" start-time="2024-02-07T16:20:51.2099740Z" end-time="2024-02-07T16:20:51.2115790Z" duration="0.001606" asserts="1">
                <output><![CDATA[AldousBroderMazeGenerator: Generating maze 10x10 with PlayersWorlds.Maps.Maze.GeneratorOptions(ThreeQuarters, None, <null>, PlayersWorlds.Maps.Areas.RandomAreaGenerator, PlayersWorlds.Maps.Maze.AldousBroderMazeGenerator)
┌───┬───┬───────────────────────┬───┬───┐
│   │   │ d   c   b   a   9   8 │   │   │
│   ╵   │   ╷   ╶───┬───┬───╴   │   ╵   │
│       │ e │       │   │     7 │       │
│   ╷   ╵   └───┐   ├───┴───╴   └───╴   │
│   │ 10  f     │   │         6   5     │
├───┘   ╶───┬───┤   └───┬───────┐   ╷   │
│     11  12│   │       │       │ 4 │   │
├───╴   ╷   ╵   └───┐   └───┐   │   ├───┤
│       │ 13  14  15│       │   │ 3 │ 0 │
└───┐   ├───┬───╴   │   ┌───┼───┘   ╵   │
    │   │   │ 17  16│   │   │     2   1 │
┌───┘   │   ╵   ┌───┴───┤   └───────┐   │
│       │ 19  18│       │           │   │
├───────┘   ╷   ╵   ┌───┘           └───┘
│ 1c  1b  1a│       │                    
│   ╷   ┌───┤   ╶───┴───────┐            
│ 1d│   │   │               │            
│   │   └───┼───────────────┘            
│ 1e│       │                            
└───┴───────┘                            

]]></output>
              </test-case>
              <test-case id="1-1163" name="OnlyFullGenerators" fullname="PlayersWorlds.Maps.Maze.MazeGeneratorTest.OnlyFullGenerators" methodname="OnlyFullGenerators" classname="PlayersWorlds.Maps.Maze.MazeGeneratorTest" runstate="Runnable" seed="1443059735" result="Passed" start-time="2024-02-07T16:20:51.2115890Z" end-time="2024-02-07T16:20:51.2120310Z" duration="0.000442" asserts="2">
                <output><![CDATA[BinaryTreeMazeGenerator: Generating maze 10x10 with PlayersWorlds.Maps.Maze.GeneratorOptions(Half, None, <null>, PlayersWorlds.Maps.Areas.RandomAreaGenerator, PlayersWorlds.Maps.Maze.BinaryTreeMazeGenerator)
SidewinderMazeGenerator: Generating maze 10x10 with PlayersWorlds.Maps.Maze.GeneratorOptions(Half, None, <null>, PlayersWorlds.Maps.Areas.RandomAreaGenerator, PlayersWorlds.Maps.Maze.SidewinderMazeGenerator)
]]></output>
              </test-case>
              <test-case id="1-1676" name="WrongGeneratorOptions" fullname="PlayersWorlds.Maps.Maze.MazeGeneratorTest.WrongGeneratorOptions" methodname="WrongGeneratorOptions" classname="PlayersWorlds.Maps.Maze.MazeGeneratorTest" runstate="Runnable" seed="2009167895" result="Passed" start-time="2024-02-07T16:20:51.2120380Z" end-time="2024-02-07T16:20:51.2128800Z" duration="0.000842" asserts="4">
                <output><![CDATA[TestGeneratorB: Generating maze 3x4 with PlayersWorlds.Maps.Maze.GeneratorOptions(Full, None, <null>, PlayersWorlds.Maps.Areas.RandomAreaGenerator, PlayersWorlds.Maps.Maze.MazeGeneratorTest+TestGeneratorB)
]]></output>
              </test-case>
            </test-suite>
            <test-suite type="TestSuite" id="1-1834" name="PostProcessing" fullname="PlayersWorlds.Maps.Maze.PostProcessing" runstate="Runnable" testcasecount="5" result="Passed" start-time="2024-02-07T16:20:50.7712010Z" end-time="2024-02-07T16:20:51.2155930Z" duration="0.444392" total="5" passed="5" failed="0" warnings="0" inconclusive="0" skipped="0" asserts="18">
              <test-suite type="TestFixture" id="1-1691" name="DeadEndTest" fullname="PlayersWorlds.Maps.Maze.PostProcessing.DeadEndTest" classname="PlayersWorlds.Maps.Maze.PostProcessing.DeadEndTest" runstate="Runnable" testcasecount="1" result="Passed" start-time="2024-02-07T16:20:51.2129090Z" end-time="2024-02-07T16:20:51.2133780Z" duration="0.000469" total="1" passed="1" failed="0" warnings="0" inconclusive="0" skipped="0" asserts="7">
                <test-case id="1-1692" name="DeadEnd_CanFindDeadEnds" fullname="PlayersWorlds.Maps.Maze.PostProcessing.DeadEndTest.DeadEnd_CanFindDeadEnds" methodname="DeadEnd_CanFindDeadEnds" classname="PlayersWorlds.Maps.Maze.PostProcessing.DeadEndTest" runstate="Runnable" seed="1980939775" result="Passed" start-time="2024-02-07T16:20:51.2129510Z" end-time="2024-02-07T16:20:51.2133670Z" duration="0.000416" asserts="7" />
              </test-suite>
              <test-suite type="TestFixture" id="1-1693" name="DijkstraDistanceTest" fullname="PlayersWorlds.Maps.Maze.PostProcessing.DijkstraDistanceTest" classname="PlayersWorlds.Maps.Maze.PostProcessing.DijkstraDistanceTest" runstate="Runnable" testcasecount="4" result="Passed" start-time="2024-02-07T16:20:51.2133890Z" end-time="2024-02-07T16:20:51.2155860Z" duration="0.002198" total="4" passed="4" failed="0" warnings="0" inconclusive="0" skipped="0" asserts="11">
                <test-case id="1-1697" name="DijkstraDistance_CanFindLongestTrail" fullname="PlayersWorlds.Maps.Maze.PostProcessing.DijkstraDistanceTest.DijkstraDistance_CanFindLongestTrail" methodname="DijkstraDistance_CanFindLongestTrail" classname="PlayersWorlds.Maps.Maze.PostProcessing.DijkstraDistanceTest" runstate="Runnable" seed="1163034123" result="Passed" start-time="2024-02-07T16:20:51.2134270Z" end-time="2024-02-07T16:20:51.2137680Z" duration="0.000340" asserts="4" />
                <test-case id="1-1695" name="DijkstraDistance_CanSolveAMaze" fullname="PlayersWorlds.Maps.Maze.PostProcessing.DijkstraDistanceTest.DijkstraDistance_CanSolveAMaze" methodname="DijkstraDistance_CanSolveAMaze" classname="PlayersWorlds.Maps.Maze.PostProcessing.DijkstraDistanceTest" runstate="Runnable" seed="669943857" result="Passed" start-time="2024-02-07T16:20:51.2137750Z" end-time="2024-02-07T16:20:51.2140340Z" duration="0.000259" asserts="4" />
                <test-case id="1-1694" name="DijkstraDistance_FindsAllDistances" fullname="PlayersWorlds.Maps.Maze.PostProcessing.DijkstraDistanceTest.DijkstraDistance_FindsAllDistances" methodname="DijkstraDistance_FindsAllDistances" classname="PlayersWorlds.Maps.Maze.PostProcessing.DijkstraDistanceTest" runstate="Runnable" seed="1765362154" result="Passed" start-time="2024-02-07T16:20:51.2140420Z" end-time="2024-02-07T16:20:51.2154310Z" duration="0.001389" asserts="2">
                  <output><![CDATA[AldousBroderMazeGenerator: Generating maze 10x10 with PlayersWorlds.Maps.Maze.GeneratorOptions(Full, None, <null>, PlayersWorlds.Maps.Areas.RandomAreaGenerator, PlayersWorlds.Maps.Maze.AldousBroderMazeGenerator)
]]></output>
                </test-case>
                <test-case id="1-1696" name="DijkstraDistance_ReturnsEmptyIfNoSolutionFound" fullname="PlayersWorlds.Maps.Maze.PostProcessing.DijkstraDistanceTest.DijkstraDistance_ReturnsEmptyIfNoSolutionFound" methodname="DijkstraDistance_ReturnsEmptyIfNoSolutionFound" classname="PlayersWorlds.Maps.Maze.PostProcessing.DijkstraDistanceTest" runstate="Runnable" seed="823084158" result="Passed" start-time="2024-02-07T16:20:51.2154390Z" end-time="2024-02-07T16:20:51.2155750Z" duration="0.000137" asserts="1" />
              </test-suite>
            </test-suite>
          </test-suite>
          <test-suite type="TestFixture" id="1-1056" name="Maze2DRendererTest" fullname="PlayersWorlds.Maps.Maze2DRendererTest" classname="PlayersWorlds.Maps.Maze2DRendererTest" runstate="Runnable" testcasecount="8" result="Passed" start-time="2024-02-07T16:20:51.2156090Z" end-time="2024-02-07T16:20:51.2274360Z" duration="0.011827" total="8" passed="8" failed="0" warnings="0" inconclusive="0" skipped="0" asserts="57">
            <test-case id="1-1059" name="CanRenderAMapWithFilledAreas" fullname="PlayersWorlds.Maps.Maze2DRendererTest.CanRenderAMapWithFilledAreas" methodname="CanRenderAMapWithFilledAreas" classname="PlayersWorlds.Maps.Maze2DRendererTest" runstate="Runnable" seed="1692051358" result="Passed" start-time="2024-02-07T16:20:51.2156510Z" end-time="2024-02-07T16:20:51.2175690Z" duration="0.001918" asserts="1">
              <output><![CDATA[0▓▓▓▓▓▓▓▓▓▓▓▓▓▓00000
0▓░░░░░░░░░░░░▓00000
0▓░░▒▓▓▓▓▓▒░░░▓▓0000
0▓░░▓▓000▓▓░░░▒▓▓▓▓0
0▓░░▓00000▓░░░░░░░▓0
0▓░░▓00000▓▓▓▓▓▓▓▓▓0
0▓░░▓0000000000▓░░▓0
0▓░░▓0000000000▓░░▓0
0▓░░▓▓00000000▓▓░░▓0
0▓░░▒▓▓▓▓▓▓▓▓▓▓▒░░▓0
0▓░░░░░░░░░░░░░░░░▓0
0▓▓▓▓▓▓▓▓▓▓▓▓▓▓▓▓▓▓0

0▓▓▓▓▓▓▓▓▓▓▓▓▓▓00000
0▓░░░░░░░░░░░░▓00000
0▓░░▒▓▓▓▓▓▒░░░▓▓0000
0▓░░▓▓000▓▓░░░▒▓▓▓▓0
0▓░░▓00000▓░░░░░░░▓0
0▓░░▓00000▓▓▓▓▓▓▓▓▓0
0▓░░▓0000000000▓░░▓0
0▓░░▓0000000000▓░░▓0
0▓░░▓▓00000000▓▓░░▓0
0▓░░▒▓▓▓▓▓▓▓▓▓▓▒░░▓0
0▓░░░░░░░░░░░░░░░░▓0
0▓▓▓▓▓▓▓▓▓▓▓▓▓▓▓▓▓▓0

]]></output>
            </test-case>
            <test-case id="1-1060" name="CanRenderAMapWithHallAreas" fullname="PlayersWorlds.Maps.Maze2DRendererTest.CanRenderAMapWithHallAreas" methodname="CanRenderAMapWithHallAreas" classname="PlayersWorlds.Maps.Maze2DRendererTest" runstate="Runnable" seed="1410885536" result="Passed" start-time="2024-02-07T16:20:51.2175760Z" end-time="2024-02-07T16:20:51.2189810Z" duration="0.001405" asserts="1">
              <output><![CDATA[0▓▓▓▓▓▓▓▓▓▓▓▓▓▓00000
0▓░░░░░░░░░░░░▓00000
0▓░░▒▓▓▓▓▓▒░░░▓▓0000
0▓░░▓▓▓▓▓▓▓░░░▒▓▓▓▓0
0▓░░▓▓▓▓▓▓▓░░░░░░░▓0
0▓░░▒▓▓▓▓▓▓▓▓▓▓▓▓▓▓0
0▓░░░░░░░░░░░░░░░░▓0
0▓░░░░░░░░░░░░░░░░▓0
0▓░░░░░░░░░░░░░░░░▓0
0▓░░░░░░░░░░░░░░░░▓0
0▓░░░░░░░░░░░░░░░░▓0
0▓▓▓▓▓▓▓▓▓▓▓▓▓▓▓▓▓▓0

0▓▓▓▓▓▓▓▓▓▓▓▓▓▓00000
0▓░░░░░░░░░░░░▓00000
0▓░░▒▓▓▓▓▓▒░░░▓▓0000
0▓░░▓▓▓▓▓▓▓░░░▒▓▓▓▓0
0▓░░▓▓▓▓▓▓▓░░░░░░░▓0
0▓░░▒▓▓▓▓▓▓▓▓▓▓▓▓▓▓0
0▓░░░░░░░░░░░░░░░░▓0
0▓░░░░░░░░░░░░░░░░▓0
0▓░░░░░░░░░░░░░░░░▓0
0▓░░░░░░░░░░░░░░░░▓0
0▓░░░░░░░░░░░░░░░░▓0
0▓▓▓▓▓▓▓▓▓▓▓▓▓▓▓▓▓▓0

]]></output>
            </test-case>
            <test-case id="1-1057" name="CanRenderAMapWithSmoothCorners" fullname="PlayersWorlds.Maps.Maze2DRendererTest.CanRenderAMapWithSmoothCorners" methodname="CanRenderAMapWithSmoothCorners" classname="PlayersWorlds.Maps.Maze2DRendererTest" runstate="Runnable" seed="1944738531" result="Passed" start-time="2024-02-07T16:20:51.2189890Z" end-time="2024-02-07T16:20:51.2202190Z" duration="0.001230" asserts="1">
              <output><![CDATA[0000000000000
▓▓▓▓▓▓▓▓▓0000
▓░░░░░░░▓▓000
▓░▒▓▓▓▒░▒▓▓▓▓
▓░▓▓▓▓▓░░░░░▓
▓░▓▓▓▓▓░░░░░▓
▓░▓▓▓▓▓▓▓▓▓▓▓
▓░▒▓▓▓▓▓▓▓▓▓▓
▓░░░░░▓▓▓▓░░▓
▓░░░░░▒▓▓▒░░▓
▓░░░░░░░░░░░▓
▓░░░░░░░░░░░▓
▓▓▓▓▓▓▓▓▓▓▓▓▓
0000000000000

0000000000000
▓▓▓▓▓▓▓▓▓0000
▓░░░░░░░▓▓000
▓░▒▓▓▓▒░▒▓▓▓▓
▓░▓▓▓▓▓░░░░░▓
▓░▓▓▓▓▓░░░░░▓
▓░▓▓▓▓▓▓▓▓▓▓▓
▓░▒▓▓▓▓▓▓▓▓▓▓
▓░░░░░▓▓▓▓░░▓
▓░░░░░▒▓▓▒░░▓
▓░░░░░░░░░░░▓
▓░░░░░░░░░░░▓
▓▓▓▓▓▓▓▓▓▓▓▓▓
0000000000000

]]></output>
            </test-case>
            <test-case id="1-1058" name="CanRenderAMapWithVoids" fullname="PlayersWorlds.Maps.Maze2DRendererTest.CanRenderAMapWithVoids" methodname="CanRenderAMapWithVoids" classname="PlayersWorlds.Maps.Maze2DRendererTest" runstate="Runnable" seed="882935799" result="Passed" start-time="2024-02-07T16:20:51.2202300Z" end-time="2024-02-07T16:20:51.2219000Z" duration="0.001670" asserts="1">
              <output><![CDATA[0▓▓▓▓▓▓▓▓▓▓▓▓▓▓00000
0▓░░░░░░░░░░░░▓00000
0▓░░▒▓▓▓▓▓▒░░░▓▓0000
0▓░░▓▓▓▓▓▓▓░░░▒▓▓▓▓0
0▓░░▓▓▓▓▓▓▓░░░░░░░▓0
0▓░░▒▓▓▓▓▓▓▓▓▓▓▓▓▓▓0
0▓░░░░░░░▓00000▓░░▓0
0▓░░░░░░░▓00000▓░░▓0
0▓░░░░░░░▓▓000▓▓░░▓0
0▓░░░░░░░▒▓▓▓▓▓▒░░▓0
0▓░░░░░░░░░░░░░░░░▓0
0▓▓▓▓▓▓▓▓▓▓▓▓▓▓▓▓▓▓0

0▓▓▓▓▓▓▓▓▓▓▓▓▓▓00000
0▓░░░░░░░░░░░░▓00000
0▓░░▒▓▓▓▓▓▒░░░▓▓0000
0▓░░▓▓▓▓▓▓▓░░░▒▓▓▓▓0
0▓░░▓▓▓▓▓▓▓░░░░░░░▓0
0▓░░▒▓▓▓▓▓▓▓▓▓▓▓▓▓▓0
0▓░░░░░░░▓00000▓░░▓0
0▓░░░░░░░▓00000▓░░▓0
0▓░░░░░░░▓▓000▓▓░░▓0
0▓░░░░░░░▒▓▓▓▓▓▒░░▓0
0▓░░░░░░░░░░░░░░░░▓0
0▓▓▓▓▓▓▓▓▓▓▓▓▓▓▓▓▓▓0

]]></output>
            </test-case>
            <test-case id="1-1064" name="CellsMapping_ValidMapping" fullname="PlayersWorlds.Maps.Maze2DRendererTest.CellsMapping_ValidMapping" methodname="CellsMapping_ValidMapping" classname="PlayersWorlds.Maps.Maze2DRendererTest" runstate="Runnable" seed="469116805" result="Passed" start-time="2024-02-07T16:20:51.2219100Z" end-time="2024-02-07T16:20:51.2263290Z" duration="0.004420" asserts="45" />
            <test-case id="1-1061" name="Maze2DStringBoxRenderer_CanConvertToAscii" fullname="PlayersWorlds.Maps.Maze2DRendererTest.Maze2DStringBoxRenderer_CanConvertToAscii" methodname="Maze2DStringBoxRenderer_CanConvertToAscii" classname="PlayersWorlds.Maps.Maze2DRendererTest" runstate="Runnable" seed="2129298461" result="Passed" start-time="2024-02-07T16:20:51.2263410Z" end-time="2024-02-07T16:20:51.2265880Z" duration="0.000247" asserts="1">
              <output><![CDATA[┌───────────┐    
│           │    
│   ┌───┐   └───┐
│   │   │       │
│   └───┼───┬───┤
│       │   │   │
│   ┼   └───┘   │
│               │
└───────────────┘

]]></output>
            </test-case>
            <test-case id="1-1062" name="Maze2DStringBoxRenderer_CanConvertToAsciiWithData" fullname="PlayersWorlds.Maps.Maze2DRendererTest.Maze2DStringBoxRenderer_CanConvertToAsciiWithData" methodname="Maze2DStringBoxRenderer_CanConvertToAsciiWithData" classname="PlayersWorlds.Maps.Maze2DRendererTest" runstate="Runnable" seed="1395240901" result="Passed" start-time="2024-02-07T16:20:51.2265960Z" end-time="2024-02-07T16:20:51.2269080Z" duration="0.000313" asserts="1">
              <output><![CDATA[┌───────────┐    
│ 4   3   2 │    
│   ┌───┐   └───┐
│ 5 │   │ 1   0 │
│   └───┼───┬───┤
│ 6     │   │ b │
│   ┼   └───┘   │
│ 7   8   9   a │
└───────────────┘

]]></output>
            </test-case>
            <test-case id="1-1063" name="Maze2DToMap2DConverter_ThrowsIfInvalidOptions" fullname="PlayersWorlds.Maps.Maze2DRendererTest.Maze2DToMap2DConverter_ThrowsIfInvalidOptions" methodname="Maze2DToMap2DConverter_ThrowsIfInvalidOptions" classname="PlayersWorlds.Maps.Maze2DRendererTest" runstate="Runnable" seed="1212820635" result="Passed" start-time="2024-02-07T16:20:51.2269150Z" end-time="2024-02-07T16:20:51.2274250Z" duration="0.000511" asserts="6" />
          </test-suite>
          <test-suite type="TestFixture" id="1-1023" name="NArrayTest" fullname="PlayersWorlds.Maps.NArrayTest" classname="PlayersWorlds.Maps.NArrayTest" runstate="Runnable" testcasecount="24" result="Passed" start-time="2024-02-07T16:20:51.2274470Z" end-time="2024-02-07T16:20:51.2405590Z" duration="0.013112" total="24" passed="24" failed="0" warnings="0" inconclusive="0" skipped="0" asserts="83">
            <test-case id="1-1043" name="CellsAt_AnyCellAt2x2" fullname="PlayersWorlds.Maps.NArrayTest.CellsAt_AnyCellAt2x2" methodname="CellsAt_AnyCellAt2x2" classname="PlayersWorlds.Maps.NArrayTest" runstate="Runnable" seed="11530334" result="Passed" start-time="2024-02-07T16:20:51.2274870Z" end-time="2024-02-07T16:20:51.2285490Z" duration="0.001062" asserts="5" />
            <test-case id="1-1046" name="CellsAt_AnyCellAtCloseEdge2x2" fullname="PlayersWorlds.Maps.NArrayTest.CellsAt_AnyCellAtCloseEdge2x2" methodname="CellsAt_AnyCellAtCloseEdge2x2" classname="PlayersWorlds.Maps.NArrayTest" runstate="Runnable" seed="923215567" result="Passed" start-time="2024-02-07T16:20:51.2285580Z" end-time="2024-02-07T16:20:51.2288940Z" duration="0.000336" asserts="5" />
            <test-case id="1-1047" name="CellsAt_AnyCellAtZeroSize" fullname="PlayersWorlds.Maps.NArrayTest.CellsAt_AnyCellAtZeroSize" methodname="CellsAt_AnyCellAtZeroSize" classname="PlayersWorlds.Maps.NArrayTest" runstate="Runnable" seed="252340378" result="Passed" start-time="2024-02-07T16:20:51.2289010Z" end-time="2024-02-07T16:20:51.2295410Z" duration="0.000640" asserts="1" />
            <test-case id="1-1024" name="NArray_Constructor_CreatesCorrectSize" fullname="PlayersWorlds.Maps.NArrayTest.NArray_Constructor_CreatesCorrectSize" methodname="NArray_Constructor_CreatesCorrectSize" classname="PlayersWorlds.Maps.NArrayTest" runstate="Runnable" seed="1462777760" result="Passed" start-time="2024-02-07T16:20:51.2295490Z" end-time="2024-02-07T16:20:51.2299050Z" duration="0.000356" asserts="2" />
            <test-case id="1-1025" name="NArray_Constructor_SetsInitialValues" fullname="PlayersWorlds.Maps.NArrayTest.NArray_Constructor_SetsInitialValues" methodname="NArray_Constructor_SetsInitialValues" classname="PlayersWorlds.Maps.NArrayTest" runstate="Runnable" seed="231638996" result="Passed" start-time="2024-02-07T16:20:51.2299120Z" end-time="2024-02-07T16:20:51.2307130Z" duration="0.000801" asserts="4" />
            <test-case id="1-1026" name="NArray_Constructor_ThrowsOnInvalidSize" fullname="PlayersWorlds.Maps.NArrayTest.NArray_Constructor_ThrowsOnInvalidSize" methodname="NArray_Constructor_ThrowsOnInvalidSize" classname="PlayersWorlds.Maps.NArrayTest" runstate="Runnable" seed="716771245" result="Passed" start-time="2024-02-07T16:20:51.2307220Z" end-time="2024-02-07T16:20:51.2309290Z" duration="0.000208" asserts="1" />
            <test-case id="1-1027" name="NArray_Indexing_GetValuesCorrectly" fullname="PlayersWorlds.Maps.NArrayTest.NArray_Indexing_GetValuesCorrectly" methodname="NArray_Indexing_GetValuesCorrectly" classname="PlayersWorlds.Maps.NArrayTest" runstate="Runnable" seed="1969922715" result="Passed" start-time="2024-02-07T16:20:51.2309370Z" end-time="2024-02-07T16:20:51.2311590Z" duration="0.000222" asserts="1" />
            <test-case id="1-1029" name="NArray_Indexing_SetsValuesCorrectly" fullname="PlayersWorlds.Maps.NArrayTest.NArray_Indexing_SetsValuesCorrectly" methodname="NArray_Indexing_SetsValuesCorrectly" classname="PlayersWorlds.Maps.NArrayTest" runstate="Runnable" seed="188061418" result="Passed" start-time="2024-02-07T16:20:51.2311660Z" end-time="2024-02-07T16:20:51.2313020Z" duration="0.000136" asserts="1" />
            <test-case id="1-1028" name="NArray_Indexing_ThrowsOnOutOfBounds" fullname="PlayersWorlds.Maps.NArrayTest.NArray_Indexing_ThrowsOnOutOfBounds" methodname="NArray_Indexing_ThrowsOnOutOfBounds" classname="PlayersWorlds.Maps.NArrayTest" runstate="Runnable" seed="613755066" result="Passed" start-time="2024-02-07T16:20:51.2313090Z" end-time="2024-02-07T16:20:51.2319810Z" duration="0.000673" asserts="4" />
            <test-case id="1-1040" name="NArray_Iterate_FourCellsFar" fullname="PlayersWorlds.Maps.NArrayTest.NArray_Iterate_FourCellsFar" methodname="NArray_Iterate_FourCellsFar" classname="PlayersWorlds.Maps.NArrayTest" runstate="Runnable" seed="1165329559" result="Passed" start-time="2024-02-07T16:20:51.2319890Z" end-time="2024-02-07T16:20:51.2331990Z" duration="0.001210" asserts="5" />
            <test-case id="1-1037" name="NArray_Iterate_OneCell" fullname="PlayersWorlds.Maps.NArrayTest.NArray_Iterate_OneCell" methodname="NArray_Iterate_OneCell" classname="PlayersWorlds.Maps.NArrayTest" runstate="Runnable" seed="2116255350" result="Passed" start-time="2024-02-07T16:20:51.2332100Z" end-time="2024-02-07T16:20:51.2334960Z" duration="0.000286" asserts="2" />
            <test-case id="1-1041" name="NArray_Iterate_OutOfBounds" fullname="PlayersWorlds.Maps.NArrayTest.NArray_Iterate_OutOfBounds" methodname="NArray_Iterate_OutOfBounds" classname="PlayersWorlds.Maps.NArrayTest" runstate="Runnable" seed="2146148064" result="Passed" start-time="2024-02-07T16:20:51.2335040Z" end-time="2024-02-07T16:20:51.2339530Z" duration="0.000449" asserts="4" />
            <test-case id="1-1030" name="NArray_Iterate_TraversesAllCells" fullname="PlayersWorlds.Maps.NArrayTest.NArray_Iterate_TraversesAllCells" methodname="NArray_Iterate_TraversesAllCells" classname="PlayersWorlds.Maps.NArrayTest" runstate="Runnable" seed="1911866021" result="Passed" start-time="2024-02-07T16:20:51.2339610Z" end-time="2024-02-07T16:20:51.2344330Z" duration="0.000473" asserts="13" />
            <test-case id="1-1039" name="NArray_Iterate_TreeByTwo" fullname="PlayersWorlds.Maps.NArrayTest.NArray_Iterate_TreeByTwo" methodname="NArray_Iterate_TreeByTwo" classname="PlayersWorlds.Maps.NArrayTest" runstate="Runnable" seed="1915920833" result="Passed" start-time="2024-02-07T16:20:51.2344410Z" end-time="2024-02-07T16:20:51.2348950Z" duration="0.000454" asserts="7" />
            <test-case id="1-1038" name="NArray_Iterate_TwoCells" fullname="PlayersWorlds.Maps.NArrayTest.NArray_Iterate_TwoCells" methodname="NArray_Iterate_TwoCells" classname="PlayersWorlds.Maps.NArrayTest" runstate="Runnable" seed="1671832585" result="Passed" start-time="2024-02-07T16:20:51.2349020Z" end-time="2024-02-07T16:20:51.2354230Z" duration="0.000521" asserts="3" />
            <test-case id="1-1035" name="NArray_IterateAdjacentCells_ReturnsCorrectNeighbors" fullname="PlayersWorlds.Maps.NArrayTest.NArray_IterateAdjacentCells_ReturnsCorrectNeighbors" methodname="NArray_IterateAdjacentCells_ReturnsCorrectNeighbors" classname="PlayersWorlds.Maps.NArrayTest" runstate="Runnable" seed="2078490952" result="Passed" start-time="2024-02-07T16:20:51.2354310Z" end-time="2024-02-07T16:20:51.2371020Z" duration="0.001672" asserts="6" />
            <test-case id="1-1036" name="NArray_IterateAdjacentCells_ReturnsCorrectNeighborsIn4DSpace" fullname="PlayersWorlds.Maps.NArrayTest.NArray_IterateAdjacentCells_ReturnsCorrectNeighborsIn4DSpace" methodname="NArray_IterateAdjacentCells_ReturnsCorrectNeighborsIn4DSpace" classname="PlayersWorlds.Maps.NArrayTest" runstate="Runnable" seed="1752480195" result="Passed" start-time="2024-02-07T16:20:51.2371140Z" end-time="2024-02-07T16:20:51.2376320Z" duration="0.000519" asserts="6" />
            <test-case id="1-1044" name="NArray_IterateIntersection_AnyCellAtEdge1x1" fullname="PlayersWorlds.Maps.NArrayTest.NArray_IterateIntersection_AnyCellAtEdge1x1" methodname="NArray_IterateIntersection_AnyCellAtEdge1x1" classname="PlayersWorlds.Maps.NArrayTest" runstate="Runnable" seed="1127464563" result="Passed" start-time="2024-02-07T16:20:51.2376410Z" end-time="2024-02-07T16:20:51.2378550Z" duration="0.000214" asserts="2" />
            <test-case id="1-1045" name="NArray_IterateIntersection_AnyCellAtFarEdge2x2" fullname="PlayersWorlds.Maps.NArrayTest.NArray_IterateIntersection_AnyCellAtFarEdge2x2" methodname="NArray_IterateIntersection_AnyCellAtFarEdge2x2" classname="PlayersWorlds.Maps.NArrayTest" runstate="Runnable" seed="383030699" result="Passed" start-time="2024-02-07T16:20:51.2378620Z" end-time="2024-02-07T16:20:51.2380650Z" duration="0.000203" asserts="2" />
            <test-case id="1-1042" name="NArray_IterateIntersection_AnyCellAtP1x1" fullname="PlayersWorlds.Maps.NArrayTest.NArray_IterateIntersection_AnyCellAtP1x1" methodname="NArray_IterateIntersection_AnyCellAtP1x1" classname="PlayersWorlds.Maps.NArrayTest" runstate="Runnable" seed="1412549770" result="Passed" start-time="2024-02-07T16:20:51.2380720Z" end-time="2024-02-07T16:20:51.2382820Z" duration="0.000210" asserts="2" />
            <test-case id="1-1034" name="NArray_IterateIntersection_HandlesOverlap" fullname="PlayersWorlds.Maps.NArrayTest.NArray_IterateIntersection_HandlesOverlap" methodname="NArray_IterateIntersection_HandlesOverlap" classname="PlayersWorlds.Maps.NArrayTest" runstate="Runnable" seed="1473151590" result="Passed" start-time="2024-02-07T16:20:51.2382900Z" end-time="2024-02-07T16:20:51.2390090Z" duration="0.000720" asserts="1" />
            <test-case id="1-1033" name="NArray_IterateRegion_HandlesDimensionsMismatch" fullname="PlayersWorlds.Maps.NArrayTest.NArray_IterateRegion_HandlesDimensionsMismatch" methodname="NArray_IterateRegion_HandlesDimensionsMismatch" classname="PlayersWorlds.Maps.NArrayTest" runstate="Runnable" seed="1961729701" result="Passed" start-time="2024-02-07T16:20:51.2390170Z" end-time="2024-02-07T16:20:51.2398910Z" duration="0.000874" asserts="3" />
            <test-case id="1-1032" name="NArray_IterateRegion_HandlesOutOfBounds" fullname="PlayersWorlds.Maps.NArrayTest.NArray_IterateRegion_HandlesOutOfBounds" methodname="NArray_IterateRegion_HandlesOutOfBounds" classname="PlayersWorlds.Maps.NArrayTest" runstate="Runnable" seed="168650039" result="Passed" start-time="2024-02-07T16:20:51.2398990Z" end-time="2024-02-07T16:20:51.2403140Z" duration="0.000416" asserts="2" />
            <test-case id="1-1031" name="NArray_IterateRegion_ReturnsCorrectCells" fullname="PlayersWorlds.Maps.NArrayTest.NArray_IterateRegion_ReturnsCorrectCells" methodname="NArray_IterateRegion_ReturnsCorrectCells" classname="PlayersWorlds.Maps.NArrayTest" runstate="Runnable" seed="1477416735" result="Passed" start-time="2024-02-07T16:20:51.2403220Z" end-time="2024-02-07T16:20:51.2405460Z" duration="0.000224" asserts="1" />
          </test-suite>
          <test-suite type="TestFixture" id="1-1048" name="OptionalTest" fullname="PlayersWorlds.Maps.OptionalTest" classname="PlayersWorlds.Maps.OptionalTest" runstate="Runnable" testcasecount="7" result="Passed" start-time="2024-02-07T16:20:51.2405710Z" end-time="2024-02-07T16:20:51.2425050Z" duration="0.001934" total="7" passed="7" failed="0" warnings="0" inconclusive="0" skipped="0" asserts="25">
            <test-case id="1-1054" name="Optional_CanBeCastToT" fullname="PlayersWorlds.Maps.OptionalTest.Optional_CanBeCastToT" methodname="Optional_CanBeCastToT" classname="PlayersWorlds.Maps.OptionalTest" runstate="Runnable" seed="928671777" result="Passed" start-time="2024-02-07T16:20:51.2406110Z" end-time="2024-02-07T16:20:51.2407370Z" duration="0.000126" asserts="1" />
            <test-case id="1-1049" name="Optional_Equality" fullname="PlayersWorlds.Maps.OptionalTest.Optional_Equality" methodname="Optional_Equality" classname="PlayersWorlds.Maps.OptionalTest" runstate="Runnable" seed="59477648" result="Passed" start-time="2024-02-07T16:20:51.2407450Z" end-time="2024-02-07T16:20:51.2413190Z" duration="0.000574" asserts="3" />
            <test-case id="1-1051" name="Optional_Equals" fullname="PlayersWorlds.Maps.OptionalTest.Optional_Equals" methodname="Optional_Equals" classname="PlayersWorlds.Maps.OptionalTest" runstate="Runnable" seed="583985438" result="Passed" start-time="2024-02-07T16:20:51.2413280Z" end-time="2024-02-07T16:20:51.2416080Z" duration="0.000280" asserts="5" />
            <test-case id="1-1053" name="Optional_GetHashCode" fullname="PlayersWorlds.Maps.OptionalTest.Optional_GetHashCode" methodname="Optional_GetHashCode" classname="PlayersWorlds.Maps.OptionalTest" runstate="Runnable" seed="1958497716" result="Passed" start-time="2024-02-07T16:20:51.2416150Z" end-time="2024-02-07T16:20:51.2418150Z" duration="0.000200" asserts="3" />
            <test-case id="1-1052" name="Optional_Null" fullname="PlayersWorlds.Maps.OptionalTest.Optional_Null" methodname="Optional_Null" classname="PlayersWorlds.Maps.OptionalTest" runstate="Runnable" seed="838633871" result="Passed" start-time="2024-02-07T16:20:51.2418220Z" end-time="2024-02-07T16:20:51.2421990Z" duration="0.000377" asserts="9" />
            <test-case id="1-1050" name="Optional_ThrowsIfNoValue" fullname="PlayersWorlds.Maps.OptionalTest.Optional_ThrowsIfNoValue" methodname="Optional_ThrowsIfNoValue" classname="PlayersWorlds.Maps.OptionalTest" runstate="Runnable" seed="1927849953" result="Passed" start-time="2024-02-07T16:20:51.2422060Z" end-time="2024-02-07T16:20:51.2423420Z" duration="0.000136" asserts="2" />
            <test-case id="1-1055" name="Optional_ToStringShowsValue" fullname="PlayersWorlds.Maps.OptionalTest.Optional_ToStringShowsValue" methodname="Optional_ToStringShowsValue" classname="PlayersWorlds.Maps.OptionalTest" runstate="Runnable" seed="1315567340" result="Passed" start-time="2024-02-07T16:20:51.2423490Z" end-time="2024-02-07T16:20:51.2424940Z" duration="0.000145" asserts="2" />
          </test-suite>
          <test-suite type="TestSuite" id="1-1832" name="Renderers" fullname="PlayersWorlds.Maps.Renderers" runstate="Runnable" testcasecount="1" result="Passed" start-time="2024-02-07T16:20:50.7712080Z" end-time="2024-02-07T16:20:51.2432680Z" duration="0.472060" total="1" passed="1" failed="0" warnings="0" inconclusive="0" skipped="0" asserts="1">
            <test-suite type="TestFixture" id="1-1107" name="Map2DStringRendererTest" fullname="PlayersWorlds.Maps.Renderers.Map2DStringRendererTest" classname="PlayersWorlds.Maps.Renderers.Map2DStringRendererTest" runstate="Runnable" testcasecount="1" result="Passed" start-time="2024-02-07T16:20:51.2425200Z" end-time="2024-02-07T16:20:51.2432620Z" duration="0.000742" total="1" passed="1" failed="0" warnings="0" inconclusive="0" skipped="0" asserts="1">
              <test-case id="1-1108" name="TestRender" fullname="PlayersWorlds.Maps.Renderers.Map2DStringRendererTest.TestRender" methodname="TestRender" classname="PlayersWorlds.Maps.Renderers.Map2DStringRendererTest" runstate="Runnable" seed="724591951" result="Passed" start-time="2024-02-07T16:20:51.2425600Z" end-time="2024-02-07T16:20:51.2432520Z" duration="0.000692" asserts="1">
                <output><![CDATA[▓▓▓▓▓
▓░░░▓
▓░▒░▓
▓░░░▓
▓▓▓▓▓

]]></output>
              </test-case>
            </test-suite>
          </test-suite>
          <test-suite type="TestFixture" id="1-1065" name="VectorDTest" fullname="PlayersWorlds.Maps.VectorDTest" classname="PlayersWorlds.Maps.VectorDTest" runstate="Runnable" testcasecount="11" result="Passed" start-time="2024-02-07T16:20:51.2432780Z" end-time="2024-02-07T16:20:51.2470030Z" duration="0.003726" total="11" passed="11" failed="0" warnings="0" inconclusive="0" skipped="0" asserts="33">
            <test-case id="1-1073" name="CanAddAndSubtract" fullname="PlayersWorlds.Maps.VectorDTest.CanAddAndSubtract" methodname="CanAddAndSubtract" classname="PlayersWorlds.Maps.VectorDTest" runstate="Runnable" seed="1371492769" result="Passed" start-time="2024-02-07T16:20:51.2433690Z" end-time="2024-02-07T16:20:51.2437850Z" duration="0.000416" asserts="5" />
            <test-case id="1-1074" name="ConstructorChecksArguments" fullname="PlayersWorlds.Maps.VectorDTest.ConstructorChecksArguments" methodname="ConstructorChecksArguments" classname="PlayersWorlds.Maps.VectorDTest" runstate="Runnable" seed="40679946" result="Passed" start-time="2024-02-07T16:20:51.2437930Z" end-time="2024-02-07T16:20:51.2438910Z" duration="0.000099" asserts="1" />
            <test-case id="1-1067" name="EqualityIsCheckedByValue" fullname="PlayersWorlds.Maps.VectorDTest.EqualityIsCheckedByValue" methodname="EqualityIsCheckedByValue" classname="PlayersWorlds.Maps.VectorDTest" runstate="Runnable" seed="1024466836" result="Passed" start-time="2024-02-07T16:20:51.2438980Z" end-time="2024-02-07T16:20:51.2440930Z" duration="0.000195" asserts="4" />
            <test-case id="1-1068" name="GetHashCodeIsDerivedFromValue" fullname="PlayersWorlds.Maps.VectorDTest.GetHashCodeIsDerivedFromValue" methodname="GetHashCodeIsDerivedFromValue" classname="PlayersWorlds.Maps.VectorDTest" runstate="Runnable" seed="1547666426" result="Passed" start-time="2024-02-07T16:20:51.2441000Z" end-time="2024-02-07T16:20:51.2443170Z" duration="0.000218" asserts="1" />
            <test-case id="1-1071" name="InitializedAsNull" fullname="PlayersWorlds.Maps.VectorDTest.InitializedAsNull" methodname="InitializedAsNull" classname="PlayersWorlds.Maps.VectorDTest" runstate="Runnable" seed="1013647600" result="Passed" start-time="2024-02-07T16:20:51.2443240Z" end-time="2024-02-07T16:20:51.2444190Z" duration="0.000094" asserts="1" />
            <test-case id="1-1070" name="InitializedEmpty" fullname="PlayersWorlds.Maps.VectorDTest.InitializedEmpty" methodname="InitializedEmpty" classname="PlayersWorlds.Maps.VectorDTest" runstate="Runnable" seed="719626092" result="Passed" start-time="2024-02-07T16:20:51.2444250Z" end-time="2024-02-07T16:20:51.2446580Z" duration="0.000233" asserts="4" />
            <test-case id="1-1066" name="IsInitialized" fullname="PlayersWorlds.Maps.VectorDTest.IsInitialized" methodname="IsInitialized" classname="PlayersWorlds.Maps.VectorDTest" runstate="Runnable" seed="91973770" result="Passed" start-time="2024-02-07T16:20:51.2446650Z" end-time="2024-02-07T16:20:51.2448010Z" duration="0.000136" asserts="2" />
            <test-case id="1-1072" name="IsZero" fullname="PlayersWorlds.Maps.VectorDTest.IsZero" methodname="IsZero" classname="PlayersWorlds.Maps.VectorDTest" runstate="Runnable" seed="642454103" result="Passed" start-time="2024-02-07T16:20:51.2448070Z" end-time="2024-02-07T16:20:51.2450420Z" duration="0.000235" asserts="3" />
            <test-case id="1-1075" name="SnappedForce" fullname="PlayersWorlds.Maps.VectorDTest.SnappedForce" methodname="SnappedForce" classname="PlayersWorlds.Maps.VectorDTest" runstate="Runnable" seed="2098882090" result="Passed" start-time="2024-02-07T16:20:51.2450490Z" end-time="2024-02-07T16:20:51.2455290Z" duration="0.000481" asserts="9" />
            <test-case id="1-1069" name="ToStringFormat" fullname="PlayersWorlds.Maps.VectorDTest.ToStringFormat" methodname="ToStringFormat" classname="PlayersWorlds.Maps.VectorDTest" runstate="Runnable" seed="2140939667" result="Passed" start-time="2024-02-07T16:20:51.2455370Z" end-time="2024-02-07T16:20:51.2465990Z" duration="0.001062" asserts="1" />
            <test-case id="1-1076" name="VectorD_Parse" fullname="PlayersWorlds.Maps.VectorDTest.VectorD_Parse" methodname="VectorD_Parse" classname="PlayersWorlds.Maps.VectorDTest" runstate="Runnable" seed="421682994" result="Passed" start-time="2024-02-07T16:20:51.2466070Z" end-time="2024-02-07T16:20:51.2469920Z" duration="0.000385" asserts="2" />
          </test-suite>
          <test-suite type="TestFixture" id="1-1077" name="VectorTest" fullname="PlayersWorlds.Maps.VectorTest" classname="PlayersWorlds.Maps.VectorTest" runstate="Runnable" testcasecount="29" result="Passed" start-time="2024-02-07T16:20:51.2470140Z" end-time="2024-02-07T16:20:51.2536190Z" duration="0.006605" total="29" passed="29" failed="0" warnings="0" inconclusive="0" skipped="0" asserts="229">
            <test-case id="1-1094" name="FitsInto" fullname="PlayersWorlds.Maps.VectorTest.FitsInto" methodname="FitsInto" classname="PlayersWorlds.Maps.VectorTest" runstate="Runnable" seed="347631649" result="Passed" start-time="2024-02-07T16:20:51.2470540Z" end-time="2024-02-07T16:20:51.2471820Z" duration="0.000128" asserts="3" />
            <test-case id="1-1097" name="FromIndex_Matches_FromIndex" fullname="PlayersWorlds.Maps.VectorTest.FromIndex_Matches_FromIndex" methodname="FromIndex_Matches_FromIndex" classname="PlayersWorlds.Maps.VectorTest" runstate="Runnable" seed="804711483" result="Passed" start-time="2024-02-07T16:20:51.2471890Z" end-time="2024-02-07T16:20:51.2472810Z" duration="0.000093" asserts="1" />
            <test-case id="1-1105" name="FromIndex_ShouldThrowException_DimensionMismatch" fullname="PlayersWorlds.Maps.VectorTest.FromIndex_ShouldThrowException_DimensionMismatch" methodname="FromIndex_ShouldThrowException_DimensionMismatch" classname="PlayersWorlds.Maps.VectorTest" runstate="Runnable" seed="5490972" result="Passed" start-time="2024-02-07T16:20:51.2472870Z" end-time="2024-02-07T16:20:51.2476390Z" duration="0.000352" asserts="1" />
            <test-case id="1-1095" name="IsIn" fullname="PlayersWorlds.Maps.VectorTest.IsIn" methodname="IsIn" classname="PlayersWorlds.Maps.VectorTest" runstate="Runnable" seed="228391077" result="Passed" start-time="2024-02-07T16:20:51.2476460Z" end-time="2024-02-07T16:20:51.2478860Z" duration="0.000239" asserts="7" />
            <test-case id="1-1106" name="NorthEastComparer_ComparesCorrectly" fullname="PlayersWorlds.Maps.VectorTest.NorthEastComparer_ComparesCorrectly" methodname="NorthEastComparer_ComparesCorrectly" classname="PlayersWorlds.Maps.VectorTest" runstate="Runnable" seed="654999698" result="Passed" start-time="2024-02-07T16:20:51.2478920Z" end-time="2024-02-07T16:20:51.2487110Z" duration="0.000820" asserts="1" />
            <test-case id="1-1079" name="Size_NotInitialized" fullname="PlayersWorlds.Maps.VectorTest.Size_NotInitialized" methodname="Size_NotInitialized" classname="PlayersWorlds.Maps.VectorTest" runstate="Runnable" seed="1358147038" result="Passed" start-time="2024-02-07T16:20:51.2487200Z" end-time="2024-02-07T16:20:51.2488910Z" duration="0.000171" asserts="2" />
            <test-case id="1-1101" name="ToIndex_FromIndex_RoundTripConversion" fullname="PlayersWorlds.Maps.VectorTest.ToIndex_FromIndex_RoundTripConversion" methodname="ToIndex_FromIndex_RoundTripConversion" classname="PlayersWorlds.Maps.VectorTest" runstate="Runnable" seed="947523012" result="Passed" start-time="2024-02-07T16:20:51.2488990Z" end-time="2024-02-07T16:20:51.2494100Z" duration="0.000511" asserts="150" />
            <test-case id="1-1102" name="ToIndex_FromIndex_Valid5D" fullname="PlayersWorlds.Maps.VectorTest.ToIndex_FromIndex_Valid5D" methodname="ToIndex_FromIndex_Valid5D" classname="PlayersWorlds.Maps.VectorTest" runstate="Runnable" seed="1209077669" result="Passed" start-time="2024-02-07T16:20:51.2494160Z" end-time="2024-02-07T16:20:51.2505680Z" duration="0.001152" asserts="13" />
            <test-case id="1-1096" name="ToIndex_Matches_ToIndex" fullname="PlayersWorlds.Maps.VectorTest.ToIndex_Matches_ToIndex" methodname="ToIndex_Matches_ToIndex" classname="PlayersWorlds.Maps.VectorTest" runstate="Runnable" seed="1749114934" result="Passed" start-time="2024-02-07T16:20:51.2505770Z" end-time="2024-02-07T16:20:51.2506660Z" duration="0.000089" asserts="1" />
            <test-case id="1-1098" name="ToIndex_ShouldCalculateCorrectIndex_1D" fullname="PlayersWorlds.Maps.VectorTest.ToIndex_ShouldCalculateCorrectIndex_1D" methodname="ToIndex_ShouldCalculateCorrectIndex_1D" classname="PlayersWorlds.Maps.VectorTest" runstate="Runnable" seed="1093812856" result="Passed" start-time="2024-02-07T16:20:51.2506720Z" end-time="2024-02-07T16:20:51.2507600Z" duration="0.000089" asserts="2" />
            <test-case id="1-1099" name="ToIndex_ShouldCalculateCorrectIndex_2D" fullname="PlayersWorlds.Maps.VectorTest.ToIndex_ShouldCalculateCorrectIndex_2D" methodname="ToIndex_ShouldCalculateCorrectIndex_2D" classname="PlayersWorlds.Maps.VectorTest" runstate="Runnable" seed="1671750336" result="Passed" start-time="2024-02-07T16:20:51.2507660Z" end-time="2024-02-07T16:20:51.2508470Z" duration="0.000081" asserts="2" />
            <test-case id="1-1100" name="ToIndex_ShouldCalculateCorrectIndex_3D" fullname="PlayersWorlds.Maps.VectorTest.ToIndex_ShouldCalculateCorrectIndex_3D" methodname="ToIndex_ShouldCalculateCorrectIndex_3D" classname="PlayersWorlds.Maps.VectorTest" runstate="Runnable" seed="221248861" result="Passed" start-time="2024-02-07T16:20:51.2508530Z" end-time="2024-02-07T16:20:51.2509360Z" duration="0.000083" asserts="2" />
            <test-case id="1-1104" name="ToIndex_ShouldThrowException_DimensionMismatch" fullname="PlayersWorlds.Maps.VectorTest.ToIndex_ShouldThrowException_DimensionMismatch" methodname="ToIndex_ShouldThrowException_DimensionMismatch" classname="PlayersWorlds.Maps.VectorTest" runstate="Runnable" seed="372016702" result="Passed" start-time="2024-02-07T16:20:51.2509420Z" end-time="2024-02-07T16:20:51.2511030Z" duration="0.000161" asserts="1" />
            <test-case id="1-1103" name="ToIndex_ShouldThrowException_DimensionOverflow" fullname="PlayersWorlds.Maps.VectorTest.ToIndex_ShouldThrowException_DimensionOverflow" methodname="ToIndex_ShouldThrowException_DimensionOverflow" classname="PlayersWorlds.Maps.VectorTest" runstate="Runnable" seed="295040868" result="Passed" start-time="2024-02-07T16:20:51.2511090Z" end-time="2024-02-07T16:20:51.2512740Z" duration="0.000165" asserts="1" />
            <test-case id="1-1087" name="Vector_CanAddAndSubtract" fullname="PlayersWorlds.Maps.VectorTest.Vector_CanAddAndSubtract" methodname="Vector_CanAddAndSubtract" classname="PlayersWorlds.Maps.VectorTest" runstate="Runnable" seed="1609261838" result="Passed" start-time="2024-02-07T16:20:51.2512810Z" end-time="2024-02-07T16:20:51.2516400Z" duration="0.000360" asserts="6" />
            <test-case id="1-1088" name="Vector_ConstructorChecksArguments" fullname="PlayersWorlds.Maps.VectorTest.Vector_ConstructorChecksArguments" methodname="Vector_ConstructorChecksArguments" classname="PlayersWorlds.Maps.VectorTest" runstate="Runnable" seed="1000926237" result="Passed" start-time="2024-02-07T16:20:51.2516470Z" end-time="2024-02-07T16:20:51.2517310Z" duration="0.000084" asserts="1" />
            <test-case id="1-1085" name="Vector_EmptyIsEmpty" fullname="PlayersWorlds.Maps.VectorTest.Vector_EmptyIsEmpty" methodname="Vector_EmptyIsEmpty" classname="PlayersWorlds.Maps.VectorTest" runstate="Runnable" seed="391197823" result="Passed" start-time="2024-02-07T16:20:51.2517370Z" end-time="2024-02-07T16:20:51.2517960Z" duration="0.000058" asserts="1" />
            <test-case id="1-1084" name="Vector_EmptyVectorIsEmpty" fullname="PlayersWorlds.Maps.VectorTest.Vector_EmptyVectorIsEmpty" methodname="Vector_EmptyVectorIsEmpty" classname="PlayersWorlds.Maps.VectorTest" runstate="Runnable" seed="1983565303" result="Passed" start-time="2024-02-07T16:20:51.2518020Z" end-time="2024-02-07T16:20:51.2518560Z" duration="0.000054" asserts="1" />
            <test-case id="1-1080" name="Vector_EqualityIsCheckedByValue" fullname="PlayersWorlds.Maps.VectorTest.Vector_EqualityIsCheckedByValue" methodname="Vector_EqualityIsCheckedByValue" classname="PlayersWorlds.Maps.VectorTest" runstate="Runnable" seed="748340083" result="Passed" start-time="2024-02-07T16:20:51.2518620Z" end-time="2024-02-07T16:20:51.2521000Z" duration="0.000238" asserts="5" />
            <test-case id="1-1092" name="Vector_FromIndex" fullname="PlayersWorlds.Maps.VectorTest.Vector_FromIndex" methodname="Vector_FromIndex" classname="PlayersWorlds.Maps.VectorTest" runstate="Runnable" seed="2137656847" result="Passed" start-time="2024-02-07T16:20:51.2521070Z" end-time="2024-02-07T16:20:51.2522080Z" duration="0.000100" asserts="2" />
            <test-case id="1-1081" name="Vector_GetHashCodeIsDerivedFromValue" fullname="PlayersWorlds.Maps.VectorTest.Vector_GetHashCodeIsDerivedFromValue" methodname="Vector_GetHashCodeIsDerivedFromValue" classname="PlayersWorlds.Maps.VectorTest" runstate="Runnable" seed="1185408782" result="Passed" start-time="2024-02-07T16:20:51.2522130Z" end-time="2024-02-07T16:20:51.2524230Z" duration="0.000210" asserts="2" />
            <test-case id="1-1078" name="Vector_IsInitialized" fullname="PlayersWorlds.Maps.VectorTest.Vector_IsInitialized" methodname="Vector_IsInitialized" classname="PlayersWorlds.Maps.VectorTest" runstate="Runnable" seed="208187658" result="Passed" start-time="2024-02-07T16:20:51.2524300Z" end-time="2024-02-07T16:20:51.2524980Z" duration="0.000068" asserts="2" />
            <test-case id="1-1086" name="Vector_NotEqualToNull" fullname="PlayersWorlds.Maps.VectorTest.Vector_NotEqualToNull" methodname="Vector_NotEqualToNull" classname="PlayersWorlds.Maps.VectorTest" runstate="Runnable" seed="1215953121" result="Passed" start-time="2024-02-07T16:20:51.2525030Z" end-time="2024-02-07T16:20:51.2526200Z" duration="0.000117" asserts="3" />
            <test-case id="1-1090" name="Vector_SnappedForce" fullname="PlayersWorlds.Maps.VectorTest.Vector_SnappedForce" methodname="Vector_SnappedForce" classname="PlayersWorlds.Maps.VectorTest" runstate="Runnable" seed="514474706" result="Passed" start-time="2024-02-07T16:20:51.2526260Z" end-time="2024-02-07T16:20:51.2529760Z" duration="0.000350" asserts="9" />
            <test-case id="1-1089" name="Vector_ThrowsIfNotAValidSize" fullname="PlayersWorlds.Maps.VectorTest.Vector_ThrowsIfNotAValidSize" methodname="Vector_ThrowsIfNotAValidSize" classname="PlayersWorlds.Maps.VectorTest" runstate="Runnable" seed="81016409" result="Passed" start-time="2024-02-07T16:20:51.2529820Z" end-time="2024-02-07T16:20:51.2532090Z" duration="0.000226" asserts="3" />
            <test-case id="1-1091" name="Vector_ToIndex" fullname="PlayersWorlds.Maps.VectorTest.Vector_ToIndex" methodname="Vector_ToIndex" classname="PlayersWorlds.Maps.VectorTest" runstate="Runnable" seed="660303094" result="Passed" start-time="2024-02-07T16:20:51.2532150Z" end-time="2024-02-07T16:20:51.2533750Z" duration="0.000159" asserts="3" />
            <test-case id="1-1082" name="Vector_ToStringFormat" fullname="PlayersWorlds.Maps.VectorTest.Vector_ToStringFormat" methodname="Vector_ToStringFormat" classname="PlayersWorlds.Maps.VectorTest" runstate="Runnable" seed="901492810" result="Passed" start-time="2024-02-07T16:20:51.2533810Z" end-time="2024-02-07T16:20:51.2534550Z" duration="0.000074" asserts="2" />
            <test-case id="1-1083" name="Vector_ZeroVectorIsNotEmpty" fullname="PlayersWorlds.Maps.VectorTest.Vector_ZeroVectorIsNotEmpty" methodname="Vector_ZeroVectorIsNotEmpty" classname="PlayersWorlds.Maps.VectorTest" runstate="Runnable" seed="1980800788" result="Passed" start-time="2024-02-07T16:20:51.2534620Z" end-time="2024-02-07T16:20:51.2535360Z" duration="0.000074" asserts="1" />
            <test-case id="1-1093" name="VectorD_Parse" fullname="PlayersWorlds.Maps.VectorTest.VectorD_Parse" methodname="VectorD_Parse" classname="PlayersWorlds.Maps.VectorTest" runstate="Runnable" seed="1595881704" result="Passed" start-time="2024-02-07T16:20:51.2535410Z" end-time="2024-02-07T16:20:51.2536080Z" duration="0.000067" asserts="1" />
          </test-suite>
        </test-suite>
      </test-suite>
      <test-suite type="TestFixture" id="1-1000" name="RandomAreaGeneratorTest" fullname="RandomAreaGeneratorTest" classname="RandomAreaGeneratorTest" runstate="Runnable" testcasecount="2" result="Passed" start-time="2024-02-07T16:20:51.2536430Z" end-time="2024-02-07T16:20:51.2623800Z" duration="0.008737" total="2" passed="2" failed="0" warnings="0" inconclusive="0" skipped="0" asserts="3042">
        <test-case id="1-1001" name="ZoneGenerator_CanGenerateZones" fullname="RandomAreaGeneratorTest.ZoneGenerator_CanGenerateZones" methodname="ZoneGenerator_CanGenerateZones" classname="RandomAreaGeneratorTest" runstate="Runnable" seed="337827383" result="Passed" start-time="2024-02-07T16:20:51.2536820Z" end-time="2024-02-07T16:20:51.2617760Z" duration="0.008094" asserts="3006" />
        <test-case id="1-1002" name="ZoneGenerator_CustomSettings" fullname="RandomAreaGeneratorTest.ZoneGenerator_CustomSettings" methodname="ZoneGenerator_CustomSettings" classname="RandomAreaGeneratorTest" runstate="Runnable" seed="941306104" result="Passed" start-time="2024-02-07T16:20:51.2617850Z" end-time="2024-02-07T16:20:51.2623690Z" duration="0.000584" asserts="36" />
      </test-suite>
    </test-suite>
  </test-suite>
</test-run>