<?xml version="1.0" encoding="utf-8" standalone="no"?>
<test-run id="0" runstate="Runnable" testcasecount="1021" result="Skipped" label="Ignored" total="1021" passed="771" failed="0" warnings="0" inconclusive="0" skipped="250" asserts="19161" engine-version="3.17.0.0" clr-version="4.0.30319.42000" start-time="2024-06-19 14:41:53Z" end-time="2024-06-19 14:46:14Z" duration="260.040272">
  <command-line><![CDATA[/home/data/repos/github.com/aynurin/maze-gen/packages/NUnit.ConsoleRunner.3.17.0/tools/nunit3-console.exe build/Debug/tests/PlayersWorlds.Maps.Tests.dll --framework=mono-4.0]]></command-line>
  <test-suite type="Assembly" id="1-2070" name="PlayersWorlds.Maps.Tests.dll" fullname="/home/data/repos/github.com/aynurin/maze-gen/build/Debug/tests/PlayersWorlds.Maps.Tests.dll" runstate="Runnable" testcasecount="1021" result="Skipped" label="Ignored" site="Child" start-time="2024-06-19T14:41:54.4213430Z" end-time="2024-06-19T14:46:13.9713600Z" duration="259.549907" total="1021" passed="771" failed="0" warnings="0" inconclusive="0" skipped="250" asserts="19161">
    <environment framework-version="4.0.1.0" clr-version="4.0.30319.42000" os-version="Unix 6.1.84.1" platform="Unix" cwd="/home/data/repos/github.com/aynurin/maze-gen" machine-name="lightview" user="shav" user-domain="lightview" culture="en-US" uiculture="en-US" os-architecture="x64" />
    <settings>
      <setting name="RequestedRuntimeFramework" value="mono-4.0" />
      <setting name="DisposeRunners" value="True" />
      <setting name="WorkDirectory" value="/home/data/repos/github.com/aynurin/maze-gen" />
      <setting name="ImageRuntimeVersion" value="4.0.30319" />
      <setting name="ImageTargetFrameworkName" value=".NETFramework,Version=v4.7" />
      <setting name="ImageRequiresX86" value="False" />
      <setting name="ImageRequiresDefaultAppDomainAssemblyResolver" value="False" />
      <setting name="TargetRuntimeFramework" value="mono-4.0" />
      <setting name="NumberOfTestWorkers" value="24" />
    </settings>
    <properties>
      <property name="_PID" value="1338478" />
      <property name="_APPDOMAIN" value="domain-" />
    </properties>
    <reason>
      <message><![CDATA[One or more child tests were ignored]]></message>
    </reason>
    <test-suite type="SetUpFixture" id="1-1003" name="[default namespace]" fullname="TestsSetup" classname="TestsSetup" runstate="Runnable" testcasecount="1021" result="Skipped" label="Ignored" site="Child" start-time="2024-06-19T14:41:54.4265420Z" end-time="2024-06-19T14:46:13.9713500Z" duration="259.544808" total="1021" passed="771" failed="0" warnings="0" inconclusive="0" skipped="250" asserts="19161">
      <reason>
        <message><![CDATA[One or more child tests were ignored]]></message>
      </reason>
      <test-suite type="TestSuite" id="1-2071" name="PlayersWorlds" fullname="PlayersWorlds" runstate="Runnable" testcasecount="1019" result="Skipped" label="Ignored" site="Child" start-time="2024-06-19T14:41:54.4293110Z" end-time="2024-06-19T14:46:13.8340490Z" duration="259.404738" total="1019" passed="769" failed="0" warnings="0" inconclusive="0" skipped="250" asserts="16119">
        <reason>
          <message><![CDATA[One or more child tests were ignored]]></message>
        </reason>
        <test-suite type="TestSuite" id="1-2072" name="Maps" fullname="PlayersWorlds.Maps" runstate="Runnable" testcasecount="1019" result="Skipped" label="Ignored" site="Child" start-time="2024-06-19T14:41:54.4293810Z" end-time="2024-06-19T14:46:13.8340440Z" duration="259.404663" total="1019" passed="769" failed="0" warnings="0" inconclusive="0" skipped="250" asserts="16119">
          <reason>
            <message><![CDATA[One or more child tests were ignored]]></message>
          </reason>
          <test-suite type="TestSuite" id="1-2078" name="Areas" fullname="PlayersWorlds.Maps.Areas" runstate="Runnable" testcasecount="114" result="Skipped" label="Ignored" site="Child" start-time="2024-06-19T14:41:54.4293890Z" end-time="2024-06-19T14:44:58.5354680Z" duration="184.106079" total="114" passed="112" failed="0" warnings="0" inconclusive="0" skipped="2" asserts="234">
            <reason>
              <message><![CDATA[One or more child tests were ignored]]></message>
            </reason>
            <test-suite type="TestSuite" id="1-2079" name="Evolving" fullname="PlayersWorlds.Maps.Areas.Evolving" runstate="Runnable" testcasecount="105" result="Skipped" label="Ignored" site="Child" start-time="2024-06-19T14:41:54.4293950Z" end-time="2024-06-19T14:44:58.5165030Z" duration="184.087108" total="105" passed="103" failed="0" warnings="0" inconclusive="0" skipped="2" asserts="203">
              <reason>
                <message><![CDATA[One or more child tests were ignored]]></message>
              </reason>
              <test-suite type="TestFixture" id="1-1955" name="AreaDistributorIntegrationTest" fullname="PlayersWorlds.Maps.Areas.Evolving.AreaDistributorIntegrationTest" classname="PlayersWorlds.Maps.Areas.Evolving.AreaDistributorIntegrationTest" runstate="Runnable" testcasecount="80" result="Skipped" label="Ignored" site="Child" start-time="2024-06-19T14:41:54.4294530Z" end-time="2024-06-19T14:42:01.8036290Z" duration="7.374176" total="80" passed="78" failed="0" warnings="0" inconclusive="0" skipped="2" asserts="156">
                <properties>
                  <property name="Category" value="Integration" />
                </properties>
                <reason>
                  <message><![CDATA[One or more child tests were ignored]]></message>
                </reason>
                <test-suite type="ParameterizedMethod" id="1-2038" name="AreaDistributorTest_CanLayout" fullname="PlayersWorlds.Maps.Areas.Evolving.AreaDistributorIntegrationTest.AreaDistributorTest_CanLayout" classname="PlayersWorlds.Maps.Areas.Evolving.AreaDistributorIntegrationTest" runstate="Runnable" testcasecount="55" result="Passed" start-time="2024-06-19T14:41:54.4295920Z" end-time="2024-06-19T14:42:01.6159190Z" duration="7.186327" total="55" passed="55" failed="0" warnings="0" inconclusive="0" skipped="0" asserts="110">
                  <properties>
                    <property name="Category" value="Integration" />
                    <property name="Category" value="Smoke" />
                  </properties>
                  <test-case id="1-1983" name="AreaDistributorTest_CanLayout(&quot;13x8: P9x6;S3x1 P1x4;S2x1&quot;)" fullname="PlayersWorlds.Maps.Areas.Evolving.AreaDistributorIntegrationTest.AreaDistributorTest_CanLayout(&quot;13x8: P9x6;S3x1 P1x4;S2x1&quot;)" methodname="AreaDistributorTest_CanLayout" classname="PlayersWorlds.Maps.Areas.Evolving.AreaDistributorIntegrationTest" runstate="Runnable" seed="402577566" result="Passed" start-time="2024-06-19T14:41:54.4296580Z" end-time="2024-06-19T14:41:54.4867520Z" duration="0.057162" asserts="2" />
                  <test-case id="1-1984" name="AreaDistributorTest_CanLayout(&quot;20x20: P14x14;S5x3 P-2x14;S1x4 P7x-3;S2x4 P2x4;S1x3&quot;)" fullname="PlayersWorlds.Maps.Areas.Evolving.AreaDistributorIntegrationTest.AreaDistributorTest_CanLayout(&quot;20x20: P14x14;S5x3 P-2x14;S1x4 P7x-3;S2x4 P2x4;S1x3&quot;)" methodname="AreaDistributorTest_CanLayout" classname="PlayersWorlds.Maps.Areas.Evolving.AreaDistributorIntegrationTest" runstate="Runnable" seed="269903031" result="Passed" start-time="2024-06-19T14:41:54.4881130Z" end-time="2024-06-19T14:41:54.5105110Z" duration="0.022398" asserts="2" />
                  <test-case id="1-1985" name="AreaDistributorTest_CanLayout(&quot;6x14: P0x10;S1x3&quot;)" fullname="PlayersWorlds.Maps.Areas.Evolving.AreaDistributorIntegrationTest.AreaDistributorTest_CanLayout(&quot;6x14: P0x10;S1x3&quot;)" methodname="AreaDistributorTest_CanLayout" classname="PlayersWorlds.Maps.Areas.Evolving.AreaDistributorIntegrationTest" runstate="Runnable" seed="1977326859" result="Passed" start-time="2024-06-19T14:41:54.5105240Z" end-time="2024-06-19T14:41:54.5141230Z" duration="0.003600" asserts="2" />
                  <test-case id="1-1986" name="AreaDistributorTest_CanLayout(&quot;23x22: P11x10;S6x2 P-1x14;S5x1 P5x-3;S5x3 P11x22;S2x1&quot;)" fullname="PlayersWorlds.Maps.Areas.Evolving.AreaDistributorIntegrationTest.AreaDistributorTest_CanLayout(&quot;23x22: P11x10;S6x2 P-1x14;S5x1 P5x-3;S5x3 P11x22;S2x1&quot;)" methodname="AreaDistributorTest_CanLayout" classname="PlayersWorlds.Maps.Areas.Evolving.AreaDistributorIntegrationTest" runstate="Runnable" seed="578371685" result="Passed" start-time="2024-06-19T14:41:54.5141350Z" end-time="2024-06-19T14:41:54.5488710Z" duration="0.034736" asserts="2" />
                  <test-case id="1-1987" name="AreaDistributorTest_CanLayout(&quot;18x23: P-3x-8;S5x5 P30x8;S3x6 P9x3;S4x4 P12x15;S1x3&quot;)" fullname="PlayersWorlds.Maps.Areas.Evolving.AreaDistributorIntegrationTest.AreaDistributorTest_CanLayout(&quot;18x23: P-3x-8;S5x5 P30x8;S3x6 P9x3;S4x4 P12x15;S1x3&quot;)" methodname="AreaDistributorTest_CanLayout" classname="PlayersWorlds.Maps.Areas.Evolving.AreaDistributorIntegrationTest" runstate="Runnable" seed="1089596867" result="Passed" start-time="2024-06-19T14:41:54.5488820Z" end-time="2024-06-19T14:41:54.6056470Z" duration="0.056765" asserts="2" />
                  <test-case id="1-1988" name="AreaDistributorTest_CanLayout(&quot;23x8: P4x7;S4x1 P2x-1;S1x1&quot;)" fullname="PlayersWorlds.Maps.Areas.Evolving.AreaDistributorIntegrationTest.AreaDistributorTest_CanLayout(&quot;23x8: P4x7;S4x1 P2x-1;S1x1&quot;)" methodname="AreaDistributorTest_CanLayout" classname="PlayersWorlds.Maps.Areas.Evolving.AreaDistributorIntegrationTest" runstate="Runnable" seed="1055629195" result="Passed" start-time="2024-06-19T14:41:54.6056580Z" end-time="2024-06-19T14:41:54.6198420Z" duration="0.014185" asserts="2" />
                  <test-case id="1-1989" name="AreaDistributorTest_CanLayout(&quot;21x13: P8x-3;S6x3 P8x4;S6x3 P7x2;S4x2&quot;)" fullname="PlayersWorlds.Maps.Areas.Evolving.AreaDistributorIntegrationTest.AreaDistributorTest_CanLayout(&quot;21x13: P8x-3;S6x3 P8x4;S6x3 P7x2;S4x2&quot;)" methodname="AreaDistributorTest_CanLayout" classname="PlayersWorlds.Maps.Areas.Evolving.AreaDistributorIntegrationTest" runstate="Runnable" seed="144169873" result="Passed" start-time="2024-06-19T14:41:54.6198530Z" end-time="2024-06-19T14:41:54.6342700Z" duration="0.014417" asserts="2" />
                  <test-case id="1-1990" name="AreaDistributorTest_CanLayout(&quot;16x14: P2x13;S3x1 P11x-1;S4x3&quot;)" fullname="PlayersWorlds.Maps.Areas.Evolving.AreaDistributorIntegrationTest.AreaDistributorTest_CanLayout(&quot;16x14: P2x13;S3x1 P11x-1;S4x3&quot;)" methodname="AreaDistributorTest_CanLayout" classname="PlayersWorlds.Maps.Areas.Evolving.AreaDistributorIntegrationTest" runstate="Runnable" seed="13841576" result="Passed" start-time="2024-06-19T14:41:54.6342820Z" end-time="2024-06-19T14:41:54.6442330Z" duration="0.009951" asserts="2" />
                  <test-case id="1-1991" name="AreaDistributorTest_CanLayout(&quot;24x12: P12x7;S2x1 P14x-1;S5x2 P16x11;S1x1&quot;)" fullname="PlayersWorlds.Maps.Areas.Evolving.AreaDistributorIntegrationTest.AreaDistributorTest_CanLayout(&quot;24x12: P12x7;S2x1 P14x-1;S5x2 P16x11;S1x1&quot;)" methodname="AreaDistributorTest_CanLayout" classname="PlayersWorlds.Maps.Areas.Evolving.AreaDistributorIntegrationTest" runstate="Runnable" seed="1791307224" result="Passed" start-time="2024-06-19T14:41:54.6442440Z" end-time="2024-06-19T14:41:54.6585570Z" duration="0.014313" asserts="2" />
                  <test-case id="1-1992" name="AreaDistributorTest_CanLayout(&quot;9x18: P2x10;S2x2 P2x8;S2x5&quot;)" fullname="PlayersWorlds.Maps.Areas.Evolving.AreaDistributorIntegrationTest.AreaDistributorTest_CanLayout(&quot;9x18: P2x10;S2x2 P2x8;S2x5&quot;)" methodname="AreaDistributorTest_CanLayout" classname="PlayersWorlds.Maps.Areas.Evolving.AreaDistributorIntegrationTest" runstate="Runnable" seed="1357991839" result="Passed" start-time="2024-06-19T14:41:54.6586100Z" end-time="2024-06-19T14:41:54.6718210Z" duration="0.013211" asserts="2" />
                  <test-case id="1-1993" name="AreaDistributorTest_CanLayout(&quot;9x18: P2x8;S2x5 P2x10;S2x2&quot;)" fullname="PlayersWorlds.Maps.Areas.Evolving.AreaDistributorIntegrationTest.AreaDistributorTest_CanLayout(&quot;9x18: P2x8;S2x5 P2x10;S2x2&quot;)" methodname="AreaDistributorTest_CanLayout" classname="PlayersWorlds.Maps.Areas.Evolving.AreaDistributorIntegrationTest" runstate="Runnable" seed="749586925" result="Passed" start-time="2024-06-19T14:41:54.6718320Z" end-time="2024-06-19T14:41:54.6847770Z" duration="0.012945" asserts="2" />
                  <test-case id="1-1994" name="AreaDistributorTest_CanLayout(&quot;21x21: P-3x-3;S6x6 P6x10;S4x2 P9x16;S2x2 P3x14;S4x2&quot;)" fullname="PlayersWorlds.Maps.Areas.Evolving.AreaDistributorIntegrationTest.AreaDistributorTest_CanLayout(&quot;21x21: P-3x-3;S6x6 P6x10;S4x2 P9x16;S2x2 P3x14;S4x2&quot;)" methodname="AreaDistributorTest_CanLayout" classname="PlayersWorlds.Maps.Areas.Evolving.AreaDistributorIntegrationTest" runstate="Runnable" seed="1139637920" result="Passed" start-time="2024-06-19T14:41:54.6847890Z" end-time="2024-06-19T14:41:54.7170170Z" duration="0.032228" asserts="2" />
                  <test-case id="1-1995" name="AreaDistributorTest_CanLayout(&quot;14x24: P-9x5;S2x7 P26x5;S1x7 P3x11;S3x7 P5x19;S3x2 P3x6;S2x5 P2x19;S2x2&quot;)" fullname="PlayersWorlds.Maps.Areas.Evolving.AreaDistributorIntegrationTest.AreaDistributorTest_CanLayout(&quot;14x24: P-9x5;S2x7 P26x5;S1x7 P3x11;S3x7 P5x19;S3x2 P3x6;S2x5 P2x19;S2x2&quot;)" methodname="AreaDistributorTest_CanLayout" classname="PlayersWorlds.Maps.Areas.Evolving.AreaDistributorIntegrationTest" runstate="Runnable" seed="1634638614" result="Passed" start-time="2024-06-19T14:41:54.7170290Z" end-time="2024-06-19T14:41:54.7731940Z" duration="0.056165" asserts="2" />
                  <test-case id="1-1996" name="AreaDistributorTest_CanLayout(&quot;33x10: P13x11;S10x1 P13x-1;S10x1 P19x3;S8x1 P4x6;S9x1 P9x3;S9x2 P2x3;S3x2&quot;)" fullname="PlayersWorlds.Maps.Areas.Evolving.AreaDistributorIntegrationTest.AreaDistributorTest_CanLayout(&quot;33x10: P13x11;S10x1 P13x-1;S10x1 P19x3;S8x1 P4x6;S9x1 P9x3;S9x2 P2x3;S3x2&quot;)" methodname="AreaDistributorTest_CanLayout" classname="PlayersWorlds.Maps.Areas.Evolving.AreaDistributorIntegrationTest" runstate="Runnable" seed="1735850293" result="Passed" start-time="2024-06-19T14:41:54.7732060Z" end-time="2024-06-19T14:41:54.8424150Z" duration="0.069210" asserts="2" />
                  <test-case id="1-1997" name="AreaDistributorTest_CanLayout(&quot;6x49: P-1x5;S1x11 P5x17;S1x11 P2x23;S1x9 P2x14;S1x13 P0x12;S1x9&quot;)" fullname="PlayersWorlds.Maps.Areas.Evolving.AreaDistributorIntegrationTest.AreaDistributorTest_CanLayout(&quot;6x49: P-1x5;S1x11 P5x17;S1x11 P2x23;S1x9 P2x14;S1x13 P0x12;S1x9&quot;)" methodname="AreaDistributorTest_CanLayout" classname="PlayersWorlds.Maps.Areas.Evolving.AreaDistributorIntegrationTest" runstate="Runnable" seed="1548370636" result="Passed" start-time="2024-06-19T14:41:54.8424270Z" end-time="2024-06-19T14:41:54.8861860Z" duration="0.043759" asserts="2" />
                  <test-case id="1-1998" name="AreaDistributorTest_CanLayout(&quot;35x5: P5x-1;S10x1 P23x4;S8x1 P4x2;S3x1 P12x2;S2x1&quot;)" fullname="PlayersWorlds.Maps.Areas.Evolving.AreaDistributorIntegrationTest.AreaDistributorTest_CanLayout(&quot;35x5: P5x-1;S10x1 P23x4;S8x1 P4x2;S3x1 P12x2;S2x1&quot;)" methodname="AreaDistributorTest_CanLayout" classname="PlayersWorlds.Maps.Areas.Evolving.AreaDistributorIntegrationTest" runstate="Runnable" seed="830553202" result="Passed" start-time="2024-06-19T14:41:54.8861970Z" end-time="2024-06-19T14:41:54.9478890Z" duration="0.061692" asserts="2" />
                  <test-case id="1-1999" name="AreaDistributorTest_CanLayout(&quot;42x5: P4x5;S10x1 P30x1;S3x1 P10x1;S3x1 P2x2;S1x1&quot;)" fullname="PlayersWorlds.Maps.Areas.Evolving.AreaDistributorIntegrationTest.AreaDistributorTest_CanLayout(&quot;42x5: P4x5;S10x1 P30x1;S3x1 P10x1;S3x1 P2x2;S1x1&quot;)" methodname="AreaDistributorTest_CanLayout" classname="PlayersWorlds.Maps.Areas.Evolving.AreaDistributorIntegrationTest" runstate="Runnable" seed="747257438" result="Passed" start-time="2024-06-19T14:41:54.9479000Z" end-time="2024-06-19T14:41:54.9826090Z" duration="0.034709" asserts="2" />
                  <test-case id="1-2000" name="AreaDistributorTest_CanLayout(&quot;39x5: P14x5;S10x1 P5x-1;S9x1 P2x2;S1x1 P10x4;S8x1&quot;)" fullname="PlayersWorlds.Maps.Areas.Evolving.AreaDistributorIntegrationTest.AreaDistributorTest_CanLayout(&quot;39x5: P14x5;S10x1 P5x-1;S9x1 P2x2;S1x1 P10x4;S8x1&quot;)" methodname="AreaDistributorTest_CanLayout" classname="PlayersWorlds.Maps.Areas.Evolving.AreaDistributorIntegrationTest" runstate="Runnable" seed="517300791" result="Passed" start-time="2024-06-19T14:41:54.9826200Z" end-time="2024-06-19T14:41:55.0165580Z" duration="0.033938" asserts="2" />
                  <test-case id="1-2001" name="AreaDistributorTest_CanLayout(&quot;6x47: P6x12;S1x12 P3x13;S1x5 P3x18;S1x4 P3x38;S1x6 P2x2;S1x2&quot;)" fullname="PlayersWorlds.Maps.Areas.Evolving.AreaDistributorIntegrationTest.AreaDistributorTest_CanLayout(&quot;6x47: P6x12;S1x12 P3x13;S1x5 P3x18;S1x4 P3x38;S1x6 P2x2;S1x2&quot;)" methodname="AreaDistributorTest_CanLayout" classname="PlayersWorlds.Maps.Areas.Evolving.AreaDistributorIntegrationTest" runstate="Runnable" seed="2025300008" result="Passed" start-time="2024-06-19T14:41:55.0165700Z" end-time="2024-06-19T14:41:55.0874200Z" duration="0.070851" asserts="2" />
                  <test-case id="1-2002" name="AreaDistributorTest_CanLayout(&quot;6x47: P-1x28;S1x11 P6x11;S1x11 P6x6;S1x11 P-1x6;S1x11 P1x35;S1x5&quot;)" fullname="PlayersWorlds.Maps.Areas.Evolving.AreaDistributorIntegrationTest.AreaDistributorTest_CanLayout(&quot;6x47: P-1x28;S1x11 P6x11;S1x11 P6x6;S1x11 P-1x6;S1x11 P1x35;S1x5&quot;)" methodname="AreaDistributorTest_CanLayout" classname="PlayersWorlds.Maps.Areas.Evolving.AreaDistributorIntegrationTest" runstate="Runnable" seed="115514640" result="Passed" start-time="2024-06-19T14:41:55.0874400Z" end-time="2024-06-19T14:41:55.1501430Z" duration="0.062703" asserts="2" />
                  <test-case id="1-2003" name="AreaDistributorTest_CanLayout(&quot;6x47: P7x10;S1x14 P2x41;S1x3 P3x4;S1x3 P3x10;S1x4 P0x25;S1x9&quot;)" fullname="PlayersWorlds.Maps.Areas.Evolving.AreaDistributorIntegrationTest.AreaDistributorTest_CanLayout(&quot;6x47: P7x10;S1x14 P2x41;S1x3 P3x4;S1x3 P3x10;S1x4 P0x25;S1x9&quot;)" methodname="AreaDistributorTest_CanLayout" classname="PlayersWorlds.Maps.Areas.Evolving.AreaDistributorIntegrationTest" runstate="Runnable" seed="1463837424" result="Passed" start-time="2024-06-19T14:41:55.1501550Z" end-time="2024-06-19T14:41:55.2526060Z" duration="0.102451" asserts="2" />
                  <test-case id="1-2004" name="AreaDistributorTest_CanLayout(&quot;5x45: P-1x5;S1x10 P-2x21;S1x12 P7x17;S1x14 P2x40;S1x1 P1x29;S1x4&quot;)" fullname="PlayersWorlds.Maps.Areas.Evolving.AreaDistributorIntegrationTest.AreaDistributorTest_CanLayout(&quot;5x45: P-1x5;S1x10 P-2x21;S1x12 P7x17;S1x14 P2x40;S1x1 P1x29;S1x4&quot;)" methodname="AreaDistributorTest_CanLayout" classname="PlayersWorlds.Maps.Areas.Evolving.AreaDistributorIntegrationTest" runstate="Runnable" seed="685507775" result="Passed" start-time="2024-06-19T14:41:55.2526180Z" end-time="2024-06-19T14:41:55.3008750Z" duration="0.048257" asserts="2" />
                  <test-case id="1-2005" name="AreaDistributorTest_CanLayout(&quot;46x5: P4x-1;S10x1 P29x0;S7x1 P29x2;S2x1 P32x2;S10x1 P17x0;S5x1&quot;)" fullname="PlayersWorlds.Maps.Areas.Evolving.AreaDistributorIntegrationTest.AreaDistributorTest_CanLayout(&quot;46x5: P4x-1;S10x1 P29x0;S7x1 P29x2;S2x1 P32x2;S10x1 P17x0;S5x1&quot;)" methodname="AreaDistributorTest_CanLayout" classname="PlayersWorlds.Maps.Areas.Evolving.AreaDistributorIntegrationTest" runstate="Runnable" seed="1591644960" result="Passed" start-time="2024-06-19T14:41:55.3008870Z" end-time="2024-06-19T14:41:55.3841730Z" duration="0.083287" asserts="2" />
                  <test-case id="1-2006" name="AreaDistributorTest_CanLayout(&quot;6x48: P-2x28;S1x14 P6x6;S1x12 P3x22;S1x2 P1x14;S1x7 P2x23;S1x12&quot;)" fullname="PlayersWorlds.Maps.Areas.Evolving.AreaDistributorIntegrationTest.AreaDistributorTest_CanLayout(&quot;6x48: P-2x28;S1x14 P6x6;S1x12 P3x22;S1x2 P1x14;S1x7 P2x23;S1x12&quot;)" methodname="AreaDistributorTest_CanLayout" classname="PlayersWorlds.Maps.Areas.Evolving.AreaDistributorIntegrationTest" runstate="Runnable" seed="1914727147" result="Passed" start-time="2024-06-19T14:41:55.3841960Z" end-time="2024-06-19T14:41:55.4857050Z" duration="0.101510" asserts="2" />
                  <test-case id="1-2007" name="AreaDistributorTest_CanLayout(&quot;47x5: P30x-3;S13x1 P24x-2;S11x1 P17x7;S14x1 P27x2;S2x1 P4x1;S4x1&quot;)" fullname="PlayersWorlds.Maps.Areas.Evolving.AreaDistributorIntegrationTest.AreaDistributorTest_CanLayout(&quot;47x5: P30x-3;S13x1 P24x-2;S11x1 P17x7;S14x1 P27x2;S2x1 P4x1;S4x1&quot;)" methodname="AreaDistributorTest_CanLayout" classname="PlayersWorlds.Maps.Areas.Evolving.AreaDistributorIntegrationTest" runstate="Runnable" seed="1452740617" result="Passed" start-time="2024-06-19T14:41:55.4857170Z" end-time="2024-06-19T14:41:55.5615020Z" duration="0.075785" asserts="2" />
                  <test-case id="1-2008" name="AreaDistributorTest_CanLayout(&quot;5x45: P-2x13;S1x10 P-2x7;S1x12 P2x3;S1x2 P0x3;S1x8 P2x10;S1x1&quot;)" fullname="PlayersWorlds.Maps.Areas.Evolving.AreaDistributorIntegrationTest.AreaDistributorTest_CanLayout(&quot;5x45: P-2x13;S1x10 P-2x7;S1x12 P2x3;S1x2 P0x3;S1x8 P2x10;S1x1&quot;)" methodname="AreaDistributorTest_CanLayout" classname="PlayersWorlds.Maps.Areas.Evolving.AreaDistributorIntegrationTest" runstate="Runnable" seed="709521646" result="Passed" start-time="2024-06-19T14:41:55.5615140Z" end-time="2024-06-19T14:41:55.6532810Z" duration="0.091768" asserts="2" />
                  <test-case id="1-2009" name="AreaDistributorTest_CanLayout(&quot;5x47: P7x28;S1x13 P6x15;S1x11 P1x2;S1x3 P2x40;S1x2 P2x43;S1x1&quot;)" fullname="PlayersWorlds.Maps.Areas.Evolving.AreaDistributorIntegrationTest.AreaDistributorTest_CanLayout(&quot;5x47: P7x28;S1x13 P6x15;S1x11 P1x2;S1x3 P2x40;S1x2 P2x43;S1x1&quot;)" methodname="AreaDistributorTest_CanLayout" classname="PlayersWorlds.Maps.Areas.Evolving.AreaDistributorIntegrationTest" runstate="Runnable" seed="1567857801" result="Passed" start-time="2024-06-19T14:41:55.6532930Z" end-time="2024-06-19T14:41:55.7459610Z" duration="0.092669" asserts="2" />
                  <test-case id="1-2010" name="AreaDistributorTest_CanLayout(&quot;5x36: P-2x21;S1x11 P2x12;S1x1 P2x15;S1x2 P2x8;S1x3&quot;)" fullname="PlayersWorlds.Maps.Areas.Evolving.AreaDistributorIntegrationTest.AreaDistributorTest_CanLayout(&quot;5x36: P-2x21;S1x11 P2x12;S1x1 P2x15;S1x2 P2x8;S1x3&quot;)" methodname="AreaDistributorTest_CanLayout" classname="PlayersWorlds.Maps.Areas.Evolving.AreaDistributorIntegrationTest" runstate="Runnable" seed="394830457" result="Passed" start-time="2024-06-19T14:41:55.7459730Z" end-time="2024-06-19T14:41:55.7845790Z" duration="0.038606" asserts="2" />
                  <test-case id="1-2011" name="AreaDistributorTest_CanLayout(&quot;6x39: P-1x20;S1x11 P3x19;S1x2 P2x11;S1x11 P2x20;S1x5 P3x10;S1x5&quot;)" fullname="PlayersWorlds.Maps.Areas.Evolving.AreaDistributorIntegrationTest.AreaDistributorTest_CanLayout(&quot;6x39: P-1x20;S1x11 P3x19;S1x2 P2x11;S1x11 P2x20;S1x5 P3x10;S1x5&quot;)" methodname="AreaDistributorTest_CanLayout" classname="PlayersWorlds.Maps.Areas.Evolving.AreaDistributorIntegrationTest" runstate="Runnable" seed="1734860489" result="Passed" start-time="2024-06-19T14:41:55.7845900Z" end-time="2024-06-19T14:41:55.8609690Z" duration="0.076379" asserts="2" />
                  <test-case id="1-2012" name="AreaDistributorTest_CanLayout(&quot;44x6: P23x-2;S13x1 P7x-2;S13x1 P6x2;S8x1 P37x3;S2x1 P29x2;S10x1&quot;)" fullname="PlayersWorlds.Maps.Areas.Evolving.AreaDistributorIntegrationTest.AreaDistributorTest_CanLayout(&quot;44x6: P23x-2;S13x1 P7x-2;S13x1 P6x2;S8x1 P37x3;S2x1 P29x2;S10x1&quot;)" methodname="AreaDistributorTest_CanLayout" classname="PlayersWorlds.Maps.Areas.Evolving.AreaDistributorIntegrationTest" runstate="Runnable" seed="627945286" result="Passed" start-time="2024-06-19T14:41:55.8609920Z" end-time="2024-06-19T14:41:55.9599010Z" duration="0.098909" asserts="2" />
                  <test-case id="1-2013" name="AreaDistributorTest_CanLayout(&quot;6x42: P-1x6;S1x11 P-2x21;S1x13 P3x36;S1x3 P5x7;S1x9 P0x27;S1x10&quot;)" fullname="PlayersWorlds.Maps.Areas.Evolving.AreaDistributorIntegrationTest.AreaDistributorTest_CanLayout(&quot;6x42: P-1x6;S1x11 P-2x21;S1x13 P3x36;S1x3 P5x7;S1x9 P0x27;S1x10&quot;)" methodname="AreaDistributorTest_CanLayout" classname="PlayersWorlds.Maps.Areas.Evolving.AreaDistributorIntegrationTest" runstate="Runnable" seed="820042179" result="Passed" start-time="2024-06-19T14:41:55.9599220Z" end-time="2024-06-19T14:41:56.0194670Z" duration="0.059545" asserts="2" />
                  <test-case id="1-2014" name="AreaDistributorTest_CanLayout(&quot;40x5: P8x6;S12x1 P24x-1;S9x1 P3x0;S8x1 P23x2;S2x1&quot;)" fullname="PlayersWorlds.Maps.Areas.Evolving.AreaDistributorIntegrationTest.AreaDistributorTest_CanLayout(&quot;40x5: P8x6;S12x1 P24x-1;S9x1 P3x0;S8x1 P23x2;S2x1&quot;)" methodname="AreaDistributorTest_CanLayout" classname="PlayersWorlds.Maps.Areas.Evolving.AreaDistributorIntegrationTest" runstate="Runnable" seed="507695576" result="Passed" start-time="2024-06-19T14:41:56.0194860Z" end-time="2024-06-19T14:41:56.0538690Z" duration="0.034383" asserts="2" />
                  <test-case id="1-2015" name="AreaDistributorTest_CanLayout(&quot;47x7: P19x7;S14x1 P9x2;S8x1 P7x4;S8x1 P14x2;S4x1 P28x5;S10x1 P35x3;S2x1&quot;)" fullname="PlayersWorlds.Maps.Areas.Evolving.AreaDistributorIntegrationTest.AreaDistributorTest_CanLayout(&quot;47x7: P19x7;S14x1 P9x2;S8x1 P7x4;S8x1 P14x2;S4x1 P28x5;S10x1 P35x3;S2x1&quot;)" methodname="AreaDistributorTest_CanLayout" classname="PlayersWorlds.Maps.Areas.Evolving.AreaDistributorIntegrationTest" runstate="Runnable" seed="1752265595" result="Passed" start-time="2024-06-19T14:41:56.0538810Z" end-time="2024-06-19T14:41:56.1886110Z" duration="0.134730" asserts="2" />
                  <test-case id="1-2016" name="AreaDistributorTest_CanLayout(&quot;48x6: P32x-1;S11x1 P9x7;S14x1 P5x7;S13x1 P27x2;S15x1 P5x3;S3x1&quot;)" fullname="PlayersWorlds.Maps.Areas.Evolving.AreaDistributorIntegrationTest.AreaDistributorTest_CanLayout(&quot;48x6: P32x-1;S11x1 P9x7;S14x1 P5x7;S13x1 P27x2;S15x1 P5x3;S3x1&quot;)" methodname="AreaDistributorTest_CanLayout" classname="PlayersWorlds.Maps.Areas.Evolving.AreaDistributorIntegrationTest" runstate="Runnable" seed="1701955395" result="Passed" start-time="2024-06-19T14:41:56.1888750Z" end-time="2024-06-19T14:41:56.2910670Z" duration="0.102193" asserts="2" />
                  <test-case id="1-2017" name="AreaDistributorTest_CanLayout(&quot;46x6: P20x-2;S13x1 P10x7;S14x1 P22x2;S4x1 P35x3;S6x1 P17x3;S7x1&quot;)" fullname="PlayersWorlds.Maps.Areas.Evolving.AreaDistributorIntegrationTest.AreaDistributorTest_CanLayout(&quot;46x6: P20x-2;S13x1 P10x7;S14x1 P22x2;S4x1 P35x3;S6x1 P17x3;S7x1&quot;)" methodname="AreaDistributorTest_CanLayout" classname="PlayersWorlds.Maps.Areas.Evolving.AreaDistributorIntegrationTest" runstate="Runnable" seed="1273821453" result="Passed" start-time="2024-06-19T14:41:56.2910780Z" end-time="2024-06-19T14:41:56.3908010Z" duration="0.099723" asserts="2" />
                  <test-case id="1-2018" name="AreaDistributorTest_CanLayout(&quot;6x39: P-1x10;S1x11 P0x3;S1x7 P0x11;S1x10 P2x20;S1x7 P3x26;S1x6&quot;)" fullname="PlayersWorlds.Maps.Areas.Evolving.AreaDistributorIntegrationTest.AreaDistributorTest_CanLayout(&quot;6x39: P-1x10;S1x11 P0x3;S1x7 P0x11;S1x10 P2x20;S1x7 P3x26;S1x6&quot;)" methodname="AreaDistributorTest_CanLayout" classname="PlayersWorlds.Maps.Areas.Evolving.AreaDistributorIntegrationTest" runstate="Runnable" seed="763303535" result="Passed" start-time="2024-06-19T14:41:56.3908130Z" end-time="2024-06-19T14:41:56.4404510Z" duration="0.049639" asserts="2" />
                  <test-case id="1-2019" name="AreaDistributorTest_CanLayout(&quot;43x42: P3.20x34.43;S6.00x7.00 P10.77x25.44;S9.00x11.00&quot;)" fullname="PlayersWorlds.Maps.Areas.Evolving.AreaDistributorIntegrationTest.AreaDistributorTest_CanLayout(&quot;43x42: P3.20x34.43;S6.00x7.00 P10.77x25.44;S9.00x11.00&quot;)" methodname="AreaDistributorTest_CanLayout" classname="PlayersWorlds.Maps.Areas.Evolving.AreaDistributorIntegrationTest" runstate="Runnable" seed="156524145" result="Passed" start-time="2024-06-19T14:41:56.4404630Z" end-time="2024-06-19T14:41:56.5032510Z" duration="0.062788" asserts="2" />
                  <test-case id="1-2020" name="AreaDistributorTest_CanLayout(&quot;43x42: P35x26;S2x11 P34x35;S12x2&quot;)" fullname="PlayersWorlds.Maps.Areas.Evolving.AreaDistributorIntegrationTest.AreaDistributorTest_CanLayout(&quot;43x42: P35x26;S2x11 P34x35;S12x2&quot;)" methodname="AreaDistributorTest_CanLayout" classname="PlayersWorlds.Maps.Areas.Evolving.AreaDistributorIntegrationTest" runstate="Runnable" seed="479895667" result="Passed" start-time="2024-06-19T14:41:56.5032700Z" end-time="2024-06-19T14:41:56.5664650Z" duration="0.063194" asserts="2" />
                  <test-case id="1-2021" name="AreaDistributorTest_CanLayout(&quot;43x42: P32x32;S4x4 P34x34;S2x2&quot;)" fullname="PlayersWorlds.Maps.Areas.Evolving.AreaDistributorIntegrationTest.AreaDistributorTest_CanLayout(&quot;43x42: P32x32;S4x4 P34x34;S2x2&quot;)" methodname="AreaDistributorTest_CanLayout" classname="PlayersWorlds.Maps.Areas.Evolving.AreaDistributorIntegrationTest" runstate="Runnable" seed="663882299" result="Passed" start-time="2024-06-19T14:41:56.5664770Z" end-time="2024-06-19T14:41:56.6262230Z" duration="0.059745" asserts="2" />
                  <test-case id="1-2022" name="AreaDistributorTest_CanLayout(&quot;43x42: P32x32;S4x4 P34x34;S4x2&quot;)" fullname="PlayersWorlds.Maps.Areas.Evolving.AreaDistributorIntegrationTest.AreaDistributorTest_CanLayout(&quot;43x42: P32x32;S4x4 P34x34;S4x2&quot;)" methodname="AreaDistributorTest_CanLayout" classname="PlayersWorlds.Maps.Areas.Evolving.AreaDistributorIntegrationTest" runstate="Runnable" seed="530894148" result="Passed" start-time="2024-06-19T14:41:56.6262340Z" end-time="2024-06-19T14:41:56.6863000Z" duration="0.060066" asserts="2" />
                  <test-case id="1-2023" name="AreaDistributorTest_CanLayout(&quot;43x42: P32x26;S4x10 P34x34;S4x2&quot;)" fullname="PlayersWorlds.Maps.Areas.Evolving.AreaDistributorIntegrationTest.AreaDistributorTest_CanLayout(&quot;43x42: P32x26;S4x10 P34x34;S4x2&quot;)" methodname="AreaDistributorTest_CanLayout" classname="PlayersWorlds.Maps.Areas.Evolving.AreaDistributorIntegrationTest" runstate="Runnable" seed="246651185" result="Passed" start-time="2024-06-19T14:41:56.6863120Z" end-time="2024-06-19T14:41:56.7469250Z" duration="0.060614" asserts="2" />
                  <test-case id="1-2024" name="AreaDistributorTest_CanLayout(&quot;43x42: P30x26;S2x11 P29x35;S12x2&quot;)" fullname="PlayersWorlds.Maps.Areas.Evolving.AreaDistributorIntegrationTest.AreaDistributorTest_CanLayout(&quot;43x42: P30x26;S2x11 P29x35;S12x2&quot;)" methodname="AreaDistributorTest_CanLayout" classname="PlayersWorlds.Maps.Areas.Evolving.AreaDistributorIntegrationTest" runstate="Runnable" seed="829740154" result="Passed" start-time="2024-06-19T14:41:56.7469370Z" end-time="2024-06-19T14:41:56.8083550Z" duration="0.061418" asserts="2" />
                  <test-case id="1-2025" name="AreaDistributorTest_CanLayout(&quot;49x26: P37.95x4.74;S12.00x2.00 P0.62x11.59;S4.00x1.00 P20.55x10.45;S7.00x7.00 P19.55x3.18;S8.00x6.00 P29.30x-0.27;S12.00x4.00 P17.11x22.28;S15.00x3.00 P9.50x0.67;S9.00x2.00 P32.27x17.54;S3.00x5.00 P0.57x21.40;S7.00x4.00 P35.67x10.30;S13.00x7.00 P6.23x9.47;S10.00x7.00&quot;)" fullname="PlayersWorlds.Maps.Areas.Evolving.AreaDistributorIntegrationTest.AreaDistributorTest_CanLayout(&quot;49x26: P37.95x4.74;S12.00x2.00 P0.62x11.59;S4.00x1.00 P20.55x10.45;S7.00x7.00 P19.55x3.18;S8.00x6.00 P29.30x-0.27;S12.00x4.00 P17.11x22.28;S15.00x3.00 P9.50x0.67;S9.00x2.00 P32.27x17.54;S3.00x5.00 P0.57x21.40;S7.00x4.00 P35.67x10.30;S13.00x7.00 P6.23x9.47;S10.00x7.00&quot;)" methodname="AreaDistributorTest_CanLayout" classname="PlayersWorlds.Maps.Areas.Evolving.AreaDistributorIntegrationTest" runstate="Runnable" seed="1811457999" result="Passed" start-time="2024-06-19T14:41:56.8083670Z" end-time="2024-06-19T14:41:57.2384110Z" duration="0.430045" asserts="2" />
                  <test-case id="1-2026" name="AreaDistributorTest_CanLayout(&quot;26x29: P10.00x15.00;S7.00x3.00 P20.00x0.00;S5.00x6.00 P17.00x5.00;S7.00x7.00 P5.00x4.00;S6.00x4.00 P21.00x18.00;S4.00x2.00 P20.00x8.00;S3.00x8.00 P10.00x11.00;S4.00x5.00 P0.00x5.00;S1.00x8.00 P21.00x9.00;S3.00x6.00&quot;)" fullname="PlayersWorlds.Maps.Areas.Evolving.AreaDistributorIntegrationTest.AreaDistributorTest_CanLayout(&quot;26x29: P10.00x15.00;S7.00x3.00 P20.00x0.00;S5.00x6.00 P17.00x5.00;S7.00x7.00 P5.00x4.00;S6.00x4.00 P21.00x18.00;S4.00x2.00 P20.00x8.00;S3.00x8.00 P10.00x11.00;S4.00x5.00 P0.00x5.00;S1.00x8.00 P21.00x9.00;S3.00x6.00&quot;)" methodname="AreaDistributorTest_CanLayout" classname="PlayersWorlds.Maps.Areas.Evolving.AreaDistributorIntegrationTest" runstate="Runnable" seed="2072480954" result="Passed" start-time="2024-06-19T14:41:57.2384240Z" end-time="2024-06-19T14:41:57.3393170Z" duration="0.100893" asserts="2" />
                  <test-case id="1-2027" name="AreaDistributorTest_CanLayout(&quot;8x45: P2.00x9.00;S1.00x6.00 P2.00x22.00;S1.00x8.00 P5.00x32.00;S1.00x10.00 P6.00x14.00;S1.00x9.00 P4.00x3.00;S1.00x14.00 P2.00x36.00;S1.00x8.00&quot;)" fullname="PlayersWorlds.Maps.Areas.Evolving.AreaDistributorIntegrationTest.AreaDistributorTest_CanLayout(&quot;8x45: P2.00x9.00;S1.00x6.00 P2.00x22.00;S1.00x8.00 P5.00x32.00;S1.00x10.00 P6.00x14.00;S1.00x9.00 P4.00x3.00;S1.00x14.00 P2.00x36.00;S1.00x8.00&quot;)" methodname="AreaDistributorTest_CanLayout" classname="PlayersWorlds.Maps.Areas.Evolving.AreaDistributorIntegrationTest" runstate="Runnable" seed="1585916675" result="Passed" start-time="2024-06-19T14:41:57.3393290Z" end-time="2024-06-19T14:41:57.4773550Z" duration="0.138026" asserts="2" />
                  <test-case id="1-2028" name="AreaDistributorTest_CanLayout(&quot;31x47: P2.00x15.00;S9.00x1.00 P3.00x11.00;S5.00x4.00 P2.00x11.00;S5.00x7.00 P13.00x14.00;S5.00x10.00 P8.00x37.00;S2.00x9.00 P27.00x19.00;S3.00x8.00 P20.00x12.00;S7.00x7.00 P4.00x13.00;S4.00x2.00 P20.00x31.00;S6.00x2.00 P9.00x3.00;S9.00x3.00 P6.00x34.00;S6.00x1.00 P23.00x6.00;S5.00x2.00&quot;)" fullname="PlayersWorlds.Maps.Areas.Evolving.AreaDistributorIntegrationTest.AreaDistributorTest_CanLayout(&quot;31x47: P2.00x15.00;S9.00x1.00 P3.00x11.00;S5.00x4.00 P2.00x11.00;S5.00x7.00 P13.00x14.00;S5.00x10.00 P8.00x37.00;S2.00x9.00 P27.00x19.00;S3.00x8.00 P20.00x12.00;S7.00x7.00 P4.00x13.00;S4.00x2.00 P20.00x31.00;S6.00x2.00 P9.00x3.00;S9.00x3.00 P6.00x34.00;S6.00x1.00 P23.00x6.00;S5.00x2.00&quot;)" methodname="AreaDistributorTest_CanLayout" classname="PlayersWorlds.Maps.Areas.Evolving.AreaDistributorIntegrationTest" runstate="Runnable" seed="659446000" result="Passed" start-time="2024-06-19T14:41:57.4773780Z" end-time="2024-06-19T14:41:57.9214440Z" duration="0.444066" asserts="2" />
                  <test-case id="1-2029" name="AreaDistributorTest_CanLayout(&quot;7x47: P4.00x40.00;S1.00x5.00 P0.00x12.00;S1.00x7.00 P1.00x9.00;S1.00x3.00 P5.00x0.00;S1.00x14.00 P2.00x37.00;S1.00x9.00 P0.00x29.00;S1.00x6.00&quot;)" fullname="PlayersWorlds.Maps.Areas.Evolving.AreaDistributorIntegrationTest.AreaDistributorTest_CanLayout(&quot;7x47: P4.00x40.00;S1.00x5.00 P0.00x12.00;S1.00x7.00 P1.00x9.00;S1.00x3.00 P5.00x0.00;S1.00x14.00 P2.00x37.00;S1.00x9.00 P0.00x29.00;S1.00x6.00&quot;)" methodname="AreaDistributorTest_CanLayout" classname="PlayersWorlds.Maps.Areas.Evolving.AreaDistributorIntegrationTest" runstate="Runnable" seed="2065860056" result="Passed" start-time="2024-06-19T14:41:57.9214580Z" end-time="2024-06-19T14:41:58.0420550Z" duration="0.120597" asserts="2" />
                  <test-case id="1-2030" name="AreaDistributorTest_CanLayout(&quot;48x38: P8x15;S1x3 P45x11;S2x7 P6x8;S1x3 P4x7;S10x11 P4x9;S2x8 P26x13;S1x10 P18x13;S10x7 P35x22;S10x5 P31x10;S5x9 P32x10;S13x6 P22x22;S14x6 P26x1;S3x3 P28x14;S13x10 P24x4;S12x8&quot;)" fullname="PlayersWorlds.Maps.Areas.Evolving.AreaDistributorIntegrationTest.AreaDistributorTest_CanLayout(&quot;48x38: P8x15;S1x3 P45x11;S2x7 P6x8;S1x3 P4x7;S10x11 P4x9;S2x8 P26x13;S1x10 P18x13;S10x7 P35x22;S10x5 P31x10;S5x9 P32x10;S13x6 P22x22;S14x6 P26x1;S3x3 P28x14;S13x10 P24x4;S12x8&quot;)" methodname="AreaDistributorTest_CanLayout" classname="PlayersWorlds.Maps.Areas.Evolving.AreaDistributorIntegrationTest" runstate="Runnable" seed="1629438338" result="Passed" start-time="2024-06-19T14:41:58.0420660Z" end-time="2024-06-19T14:41:58.7832770Z" duration="0.741210" asserts="2" />
                  <test-case id="1-2031" name="AreaDistributorTest_CanLayout(&quot;31x32: P24.45x15.67;S8.00x7.00 P14.09x8.51;S1.00x6.00 P16.22x5.85;S9.00x9.00 P18.23x27.41;S1.00x4.00 P13.75x0.80;S3.00x3.00 P8.52x18.43;S4.00x7.00 P1.71x14.65;S9.00x6.00 P0.38x4.06;S7.00x7.00 P25.06x24.29;S5.00x7.00 P11.40x19.76;S6.00x9.00&quot;)" fullname="PlayersWorlds.Maps.Areas.Evolving.AreaDistributorIntegrationTest.AreaDistributorTest_CanLayout(&quot;31x32: P24.45x15.67;S8.00x7.00 P14.09x8.51;S1.00x6.00 P16.22x5.85;S9.00x9.00 P18.23x27.41;S1.00x4.00 P13.75x0.80;S3.00x3.00 P8.52x18.43;S4.00x7.00 P1.71x14.65;S9.00x6.00 P0.38x4.06;S7.00x7.00 P25.06x24.29;S5.00x7.00 P11.40x19.76;S6.00x9.00&quot;)" methodname="AreaDistributorTest_CanLayout" classname="PlayersWorlds.Maps.Areas.Evolving.AreaDistributorIntegrationTest" runstate="Runnable" seed="615726959" result="Passed" start-time="2024-06-19T14:41:58.7832940Z" end-time="2024-06-19T14:41:59.1643950Z" duration="0.381101" asserts="2" />
                  <test-case id="1-2032" name="AreaDistributorTest_CanLayout(&quot;45x43: P38.00x15.09;S8.00x10.00 P0.42x0.08;S10.00x4.00 P17.64x33.27;S8.00x2.00 P-0.03x22.54;S1.00x12.00 P17.50x0.62;S12.00x7.00 P23.05x19.66;S14.00x7.00 P21.76x17.00;S1.00x7.00 P11.34x8.71;S8.00x9.00 P9.60x23.72;S12.00x7.00 P0.45x8.22;S8.00x5.00 P0.65x19.15;S12.00x3.00 P19.87x38.89;S7.00x2.00 P33.99x38.13;S10.00x4.00 P34.00x0.58;S11.00x12.00&quot;)" fullname="PlayersWorlds.Maps.Areas.Evolving.AreaDistributorIntegrationTest.AreaDistributorTest_CanLayout(&quot;45x43: P38.00x15.09;S8.00x10.00 P0.42x0.08;S10.00x4.00 P17.64x33.27;S8.00x2.00 P-0.03x22.54;S1.00x12.00 P17.50x0.62;S12.00x7.00 P23.05x19.66;S14.00x7.00 P21.76x17.00;S1.00x7.00 P11.34x8.71;S8.00x9.00 P9.60x23.72;S12.00x7.00 P0.45x8.22;S8.00x5.00 P0.65x19.15;S12.00x3.00 P19.87x38.89;S7.00x2.00 P33.99x38.13;S10.00x4.00 P34.00x0.58;S11.00x12.00&quot;)" methodname="AreaDistributorTest_CanLayout" classname="PlayersWorlds.Maps.Areas.Evolving.AreaDistributorIntegrationTest" runstate="Runnable" seed="942068451" result="Passed" start-time="2024-06-19T14:41:59.1644090Z" end-time="2024-06-19T14:41:59.9159110Z" duration="0.751501" asserts="2" />
                  <test-case id="1-2033" name="AreaDistributorTest_CanLayout(&quot;49x10: P4.00x1.00;S13.00x7.00 P8.00x1.00;S10.00x7.00&quot;)" fullname="PlayersWorlds.Maps.Areas.Evolving.AreaDistributorIntegrationTest.AreaDistributorTest_CanLayout(&quot;49x10: P4.00x1.00;S13.00x7.00 P8.00x1.00;S10.00x7.00&quot;)" methodname="AreaDistributorTest_CanLayout" classname="PlayersWorlds.Maps.Areas.Evolving.AreaDistributorIntegrationTest" runstate="Runnable" seed="1033741166" result="Passed" start-time="2024-06-19T14:41:59.9159270Z" end-time="2024-06-19T14:41:59.9491020Z" duration="0.033175" asserts="2" />
                  <test-case id="1-2034" name="AreaDistributorTest_CanLayout(&quot;49x16: P2x7;S12x4 P7x-1;S11x3 P19x4;S13x4 P27x11;S15x4 P17x10;S3x4 P14x3;S13x4 P24x9;S6x4 P1x13;S14x2 P9x4;S4x3&quot;)" fullname="PlayersWorlds.Maps.Areas.Evolving.AreaDistributorIntegrationTest.AreaDistributorTest_CanLayout(&quot;49x16: P2x7;S12x4 P7x-1;S11x3 P19x4;S13x4 P27x11;S15x4 P17x10;S3x4 P14x3;S13x4 P24x9;S6x4 P1x13;S14x2 P9x4;S4x3&quot;)" methodname="AreaDistributorTest_CanLayout" classname="PlayersWorlds.Maps.Areas.Evolving.AreaDistributorIntegrationTest" runstate="Runnable" seed="581155270" result="Passed" start-time="2024-06-19T14:41:59.9491130Z" end-time="2024-06-19T14:42:00.2554580Z" duration="0.306345" asserts="2" />
                  <test-case id="1-2035" name="AreaDistributorTest_CanLayout(&quot;49x42: P19x1;S11x2 P34x31;S6x8 P15x29;S13x12 P15x11;S5x12 P23x5;S12x6 P3x17;S9x2 P16x6;S15x4 P15x29;S9x11 P39x37;S6x4 P28x22;S12x9 P31x8;S6x3 P27x23;S9x5 P0x27;S13x9 P11x17;S5x11 P4x2;S1x1&quot;)" fullname="PlayersWorlds.Maps.Areas.Evolving.AreaDistributorIntegrationTest.AreaDistributorTest_CanLayout(&quot;49x42: P19x1;S11x2 P34x31;S6x8 P15x29;S13x12 P15x11;S5x12 P23x5;S12x6 P3x17;S9x2 P16x6;S15x4 P15x29;S9x11 P39x37;S6x4 P28x22;S12x9 P31x8;S6x3 P27x23;S9x5 P0x27;S13x9 P11x17;S5x11 P4x2;S1x1&quot;)" methodname="AreaDistributorTest_CanLayout" classname="PlayersWorlds.Maps.Areas.Evolving.AreaDistributorIntegrationTest" runstate="Runnable" seed="2005382553" result="Passed" start-time="2024-06-19T14:42:00.2554700Z" end-time="2024-06-19T14:42:01.1059260Z" duration="0.850456" asserts="2" />
                  <test-case id="1-2036" name="AreaDistributorTest_CanLayout(&quot;24x46: P11x20;S3x9 P5x15;S6x10 P5x14;S7x13 P10x26;S5x11 P10x18;S1x4 P11x13;S1x5 P10x29;S6x9 P13x8;S2x10 P3x17;S7x13 P5x28;S5x5 P18x8;S5x12&quot;)" fullname="PlayersWorlds.Maps.Areas.Evolving.AreaDistributorIntegrationTest.AreaDistributorTest_CanLayout(&quot;24x46: P11x20;S3x9 P5x15;S6x10 P5x14;S7x13 P10x26;S5x11 P10x18;S1x4 P11x13;S1x5 P10x29;S6x9 P13x8;S2x10 P3x17;S7x13 P5x28;S5x5 P18x8;S5x12&quot;)" methodname="AreaDistributorTest_CanLayout" classname="PlayersWorlds.Maps.Areas.Evolving.AreaDistributorIntegrationTest" runstate="Runnable" seed="1255310316" result="Passed" start-time="2024-06-19T14:42:01.1059420Z" end-time="2024-06-19T14:42:01.5606660Z" duration="0.454724" asserts="2" />
                  <test-case id="1-2037" name="AreaDistributorTest_CanLayout(&quot;10x10: P7x9;S2x3 P7x2;S3x2 P3x9;S2x2 P0x5;S2x3 P7x1;S2x3 P0x0;S6x5&quot;)" fullname="PlayersWorlds.Maps.Areas.Evolving.AreaDistributorIntegrationTest.AreaDistributorTest_CanLayout(&quot;10x10: P7x9;S2x3 P7x2;S3x2 P3x9;S2x2 P0x5;S2x3 P7x1;S2x3 P0x0;S6x5&quot;)" methodname="AreaDistributorTest_CanLayout" classname="PlayersWorlds.Maps.Areas.Evolving.AreaDistributorIntegrationTest" runstate="Runnable" seed="1290092168" result="Passed" start-time="2024-06-19T14:42:01.5606840Z" end-time="2024-06-19T14:42:01.6148520Z" duration="0.054168" asserts="2" />
                </test-suite>
                <test-case id="1-2039" name="AreaDistributorTest_CanLayout_Debug" fullname="PlayersWorlds.Maps.Areas.Evolving.AreaDistributorIntegrationTest.AreaDistributorTest_CanLayout_Debug" methodname="AreaDistributorTest_CanLayout_Debug" classname="PlayersWorlds.Maps.Areas.Evolving.AreaDistributorIntegrationTest" runstate="Ignored" seed="1645056260" result="Skipped" label="Ignored" start-time="2024-06-19T14:42:01.6168000Z" end-time="2024-06-19T14:42:01.6169630Z" duration="0.000163" asserts="0">
                  <properties>
                    <property name="_SKIPREASON" value="Debugging only" />
                  </properties>
                  <reason>
                    <message><![CDATA[Debugging only]]></message>
                  </reason>
                </test-case>
                <test-case id="1-1956" name="AreaDistributorTest_OneTest" fullname="PlayersWorlds.Maps.Areas.Evolving.AreaDistributorIntegrationTest.AreaDistributorTest_OneTest" methodname="AreaDistributorTest_OneTest" classname="PlayersWorlds.Maps.Areas.Evolving.AreaDistributorIntegrationTest" runstate="Runnable" seed="495220615" result="Passed" start-time="2024-06-19T14:42:01.6169730Z" end-time="2024-06-19T14:42:01.6213750Z" duration="0.004402" asserts="2">
                  <properties>
                    <property name="Category" value="Integration" />
                  </properties>
                </test-case>
                <test-suite type="ParameterizedMethod" id="1-1969" name="AreaDistributorTest_OverlapTwo" fullname="PlayersWorlds.Maps.Areas.Evolving.AreaDistributorIntegrationTest.AreaDistributorTest_OverlapTwo" classname="PlayersWorlds.Maps.Areas.Evolving.AreaDistributorIntegrationTest" runstate="Runnable" testcasecount="10" result="Passed" start-time="2024-06-19T14:42:01.6213970Z" end-time="2024-06-19T14:42:01.7130420Z" duration="0.091645" total="10" passed="10" failed="0" warnings="0" inconclusive="0" skipped="0" asserts="20">
                  <properties>
                    <property name="Category" value="Integration" />
                  </properties>
                  <test-case id="1-1959" name="AreaDistributorTest_OverlapTwo(&quot;11x11: P3.5x3.5;S4x4 P3.5x3.5;S4x4&quot;)" fullname="PlayersWorlds.Maps.Areas.Evolving.AreaDistributorIntegrationTest.AreaDistributorTest_OverlapTwo(&quot;11x11: P3.5x3.5;S4x4 P3.5x3.5;S4x4&quot;)" methodname="AreaDistributorTest_OverlapTwo" classname="PlayersWorlds.Maps.Areas.Evolving.AreaDistributorIntegrationTest" runstate="Runnable" seed="1506699107" result="Passed" start-time="2024-06-19T14:42:01.6214180Z" end-time="2024-06-19T14:42:01.6295680Z" duration="0.008150" asserts="2" />
                  <test-case id="1-1960" name="AreaDistributorTest_OverlapTwo(&quot;16x16: P4x4;S8x8 P5x9;S2x2&quot;)" fullname="PlayersWorlds.Maps.Areas.Evolving.AreaDistributorIntegrationTest.AreaDistributorTest_OverlapTwo(&quot;16x16: P4x4;S8x8 P5x9;S2x2&quot;)" methodname="AreaDistributorTest_OverlapTwo" classname="PlayersWorlds.Maps.Areas.Evolving.AreaDistributorIntegrationTest" runstate="Runnable" seed="1431853472" result="Passed" start-time="2024-06-19T14:42:01.6295870Z" end-time="2024-06-19T14:42:01.6448430Z" duration="0.015256" asserts="2" />
                  <test-case id="1-1961" name="AreaDistributorTest_OverlapTwo(&quot;16x16: P4x4;S8x8 P5x7;S4x4&quot;)" fullname="PlayersWorlds.Maps.Areas.Evolving.AreaDistributorIntegrationTest.AreaDistributorTest_OverlapTwo(&quot;16x16: P4x4;S8x8 P5x7;S4x4&quot;)" methodname="AreaDistributorTest_OverlapTwo" classname="PlayersWorlds.Maps.Areas.Evolving.AreaDistributorIntegrationTest" runstate="Runnable" seed="180397194" result="Passed" start-time="2024-06-19T14:42:01.6448540Z" end-time="2024-06-19T14:42:01.6567270Z" duration="0.011873" asserts="2" />
                  <test-case id="1-1962" name="AreaDistributorTest_OverlapTwo(&quot;16x16: P5x5;S6x6 P6x6;S4x4&quot;)" fullname="PlayersWorlds.Maps.Areas.Evolving.AreaDistributorIntegrationTest.AreaDistributorTest_OverlapTwo(&quot;16x16: P5x5;S6x6 P6x6;S4x4&quot;)" methodname="AreaDistributorTest_OverlapTwo" classname="PlayersWorlds.Maps.Areas.Evolving.AreaDistributorIntegrationTest" runstate="Runnable" seed="1075818737" result="Passed" start-time="2024-06-19T14:42:01.6567380Z" end-time="2024-06-19T14:42:01.6719100Z" duration="0.015171" asserts="2" />
                  <test-case id="1-1963" name="AreaDistributorTest_OverlapTwo(&quot;11x11: P2x2;S4x4 P5x5;S4x4&quot;)" fullname="PlayersWorlds.Maps.Areas.Evolving.AreaDistributorIntegrationTest.AreaDistributorTest_OverlapTwo(&quot;11x11: P2x2;S4x4 P5x5;S4x4&quot;)" methodname="AreaDistributorTest_OverlapTwo" classname="PlayersWorlds.Maps.Areas.Evolving.AreaDistributorIntegrationTest" runstate="Runnable" seed="334703485" result="Passed" start-time="2024-06-19T14:42:01.6719210Z" end-time="2024-06-19T14:42:01.6789450Z" duration="0.007024" asserts="2" />
                  <test-case id="1-1964" name="AreaDistributorTest_OverlapTwo(&quot;11x11: P5x2;S4x4 P2x5;S4x4&quot;)" fullname="PlayersWorlds.Maps.Areas.Evolving.AreaDistributorIntegrationTest.AreaDistributorTest_OverlapTwo(&quot;11x11: P5x2;S4x4 P2x5;S4x4&quot;)" methodname="AreaDistributorTest_OverlapTwo" classname="PlayersWorlds.Maps.Areas.Evolving.AreaDistributorIntegrationTest" runstate="Runnable" seed="94586762" result="Passed" start-time="2024-06-19T14:42:01.6789560Z" end-time="2024-06-19T14:42:01.6855720Z" duration="0.006615" asserts="2" />
                  <test-case id="1-1965" name="AreaDistributorTest_OverlapTwo(&quot;11x11: P2x5;S4x4 P5x2;S4x4&quot;)" fullname="PlayersWorlds.Maps.Areas.Evolving.AreaDistributorIntegrationTest.AreaDistributorTest_OverlapTwo(&quot;11x11: P2x5;S4x4 P5x2;S4x4&quot;)" methodname="AreaDistributorTest_OverlapTwo" classname="PlayersWorlds.Maps.Areas.Evolving.AreaDistributorIntegrationTest" runstate="Runnable" seed="1622225035" result="Passed" start-time="2024-06-19T14:42:01.6855830Z" end-time="2024-06-19T14:42:01.6923630Z" duration="0.006780" asserts="2" />
                  <test-case id="1-1966" name="AreaDistributorTest_OverlapTwo(&quot;11x11: P5x5;S4x4 P2x2;S4x4&quot;)" fullname="PlayersWorlds.Maps.Areas.Evolving.AreaDistributorIntegrationTest.AreaDistributorTest_OverlapTwo(&quot;11x11: P5x5;S4x4 P2x2;S4x4&quot;)" methodname="AreaDistributorTest_OverlapTwo" classname="PlayersWorlds.Maps.Areas.Evolving.AreaDistributorIntegrationTest" runstate="Runnable" seed="1877226993" result="Passed" start-time="2024-06-19T14:42:01.6923740Z" end-time="2024-06-19T14:42:01.6994040Z" duration="0.007030" asserts="2" />
                  <test-case id="1-1967" name="AreaDistributorTest_OverlapTwo(&quot;11x11: P4x4;S4x4 P3x3;S4x4&quot;)" fullname="PlayersWorlds.Maps.Areas.Evolving.AreaDistributorIntegrationTest.AreaDistributorTest_OverlapTwo(&quot;11x11: P4x4;S4x4 P3x3;S4x4&quot;)" methodname="AreaDistributorTest_OverlapTwo" classname="PlayersWorlds.Maps.Areas.Evolving.AreaDistributorIntegrationTest" runstate="Runnable" seed="1297091647" result="Passed" start-time="2024-06-19T14:42:01.6994150Z" end-time="2024-06-19T14:42:01.7062290Z" duration="0.006813" asserts="2" />
                  <test-case id="1-1968" name="AreaDistributorTest_OverlapTwo(&quot;11x11: P4x3;S4x4 P3x4;S4x4&quot;)" fullname="PlayersWorlds.Maps.Areas.Evolving.AreaDistributorIntegrationTest.AreaDistributorTest_OverlapTwo(&quot;11x11: P4x3;S4x4 P3x4;S4x4&quot;)" methodname="AreaDistributorTest_OverlapTwo" classname="PlayersWorlds.Maps.Areas.Evolving.AreaDistributorIntegrationTest" runstate="Runnable" seed="2081650894" result="Passed" start-time="2024-06-19T14:42:01.7062400Z" end-time="2024-06-19T14:42:01.7130250Z" duration="0.006785" asserts="2" />
                </test-suite>
                <test-case id="1-1957" name="AreaDistributorTest_SidePressure" fullname="PlayersWorlds.Maps.Areas.Evolving.AreaDistributorIntegrationTest.AreaDistributorTest_SidePressure" methodname="AreaDistributorTest_SidePressure" classname="PlayersWorlds.Maps.Areas.Evolving.AreaDistributorIntegrationTest" runstate="Runnable" seed="501056543" result="Passed" start-time="2024-06-19T14:42:01.7130510Z" end-time="2024-06-19T14:42:01.7669760Z" duration="0.053925" asserts="2">
                  <properties>
                    <property name="Category" value="Integration" />
                  </properties>
                </test-case>
                <test-suite type="ParameterizedMethod" id="1-1981" name="AreaDistributorTest_SingleMapForce" fullname="PlayersWorlds.Maps.Areas.Evolving.AreaDistributorIntegrationTest.AreaDistributorTest_SingleMapForce" classname="PlayersWorlds.Maps.Areas.Evolving.AreaDistributorIntegrationTest" runstate="Runnable" testcasecount="10" result="Passed" start-time="2024-06-19T14:42:01.7669880Z" end-time="2024-06-19T14:42:01.7977950Z" duration="0.030807" total="10" passed="10" failed="0" warnings="0" inconclusive="0" skipped="0" asserts="20">
                  <properties>
                    <property name="Category" value="Integration" />
                  </properties>
                  <test-case id="1-1971" name="AreaDistributorTest_SingleMapForce(&quot;6x12: P1x2;S2x2&quot;)" fullname="PlayersWorlds.Maps.Areas.Evolving.AreaDistributorIntegrationTest.AreaDistributorTest_SingleMapForce(&quot;6x12: P1x2;S2x2&quot;)" methodname="AreaDistributorTest_SingleMapForce" classname="PlayersWorlds.Maps.Areas.Evolving.AreaDistributorIntegrationTest" runstate="Runnable" seed="1458136305" result="Passed" start-time="2024-06-19T14:42:01.7670060Z" end-time="2024-06-19T14:42:01.7704740Z" duration="0.003469" asserts="2" />
                  <test-case id="1-1972" name="AreaDistributorTest_SingleMapForce(&quot;6x12: P2x2;S2x2&quot;)" fullname="PlayersWorlds.Maps.Areas.Evolving.AreaDistributorIntegrationTest.AreaDistributorTest_SingleMapForce(&quot;6x12: P2x2;S2x2&quot;)" methodname="AreaDistributorTest_SingleMapForce" classname="PlayersWorlds.Maps.Areas.Evolving.AreaDistributorIntegrationTest" runstate="Runnable" seed="1268704800" result="Passed" start-time="2024-06-19T14:42:01.7704860Z" end-time="2024-06-19T14:42:01.7733460Z" duration="0.002861" asserts="2" />
                  <test-case id="1-1973" name="AreaDistributorTest_SingleMapForce(&quot;6x12: P3x2;S2x2&quot;)" fullname="PlayersWorlds.Maps.Areas.Evolving.AreaDistributorIntegrationTest.AreaDistributorTest_SingleMapForce(&quot;6x12: P3x2;S2x2&quot;)" methodname="AreaDistributorTest_SingleMapForce" classname="PlayersWorlds.Maps.Areas.Evolving.AreaDistributorIntegrationTest" runstate="Runnable" seed="1034293084" result="Passed" start-time="2024-06-19T14:42:01.7733570Z" end-time="2024-06-19T14:42:01.7765230Z" duration="0.003166" asserts="2" />
                  <test-case id="1-1974" name="AreaDistributorTest_SingleMapForce(&quot;6x12: P1x5;S2x2&quot;)" fullname="PlayersWorlds.Maps.Areas.Evolving.AreaDistributorIntegrationTest.AreaDistributorTest_SingleMapForce(&quot;6x12: P1x5;S2x2&quot;)" methodname="AreaDistributorTest_SingleMapForce" classname="PlayersWorlds.Maps.Areas.Evolving.AreaDistributorIntegrationTest" runstate="Runnable" seed="1227999937" result="Passed" start-time="2024-06-19T14:42:01.7765330Z" end-time="2024-06-19T14:42:01.7793750Z" duration="0.002841" asserts="2" />
                  <test-case id="1-1975" name="AreaDistributorTest_SingleMapForce(&quot;6x12: P2x5;S2x2&quot;)" fullname="PlayersWorlds.Maps.Areas.Evolving.AreaDistributorIntegrationTest.AreaDistributorTest_SingleMapForce(&quot;6x12: P2x5;S2x2&quot;)" methodname="AreaDistributorTest_SingleMapForce" classname="PlayersWorlds.Maps.Areas.Evolving.AreaDistributorIntegrationTest" runstate="Runnable" seed="1772172193" result="Passed" start-time="2024-06-19T14:42:01.7793860Z" end-time="2024-06-19T14:42:01.7825320Z" duration="0.003147" asserts="2" />
                  <test-case id="1-1976" name="AreaDistributorTest_SingleMapForce(&quot;6x12: P3x5;S2x2&quot;)" fullname="PlayersWorlds.Maps.Areas.Evolving.AreaDistributorIntegrationTest.AreaDistributorTest_SingleMapForce(&quot;6x12: P3x5;S2x2&quot;)" methodname="AreaDistributorTest_SingleMapForce" classname="PlayersWorlds.Maps.Areas.Evolving.AreaDistributorIntegrationTest" runstate="Runnable" seed="1251716184" result="Passed" start-time="2024-06-19T14:42:01.7825440Z" end-time="2024-06-19T14:42:01.7857320Z" duration="0.003189" asserts="2" />
                  <test-case id="1-1977" name="AreaDistributorTest_SingleMapForce(&quot;6x12: P1x8;S2x2&quot;)" fullname="PlayersWorlds.Maps.Areas.Evolving.AreaDistributorIntegrationTest.AreaDistributorTest_SingleMapForce(&quot;6x12: P1x8;S2x2&quot;)" methodname="AreaDistributorTest_SingleMapForce" classname="PlayersWorlds.Maps.Areas.Evolving.AreaDistributorIntegrationTest" runstate="Runnable" seed="186850243" result="Passed" start-time="2024-06-19T14:42:01.7857440Z" end-time="2024-06-19T14:42:01.7886050Z" duration="0.002861" asserts="2" />
                  <test-case id="1-1978" name="AreaDistributorTest_SingleMapForce(&quot;6x12: P2x8;S2x2&quot;)" fullname="PlayersWorlds.Maps.Areas.Evolving.AreaDistributorIntegrationTest.AreaDistributorTest_SingleMapForce(&quot;6x12: P2x8;S2x2&quot;)" methodname="AreaDistributorTest_SingleMapForce" classname="PlayersWorlds.Maps.Areas.Evolving.AreaDistributorIntegrationTest" runstate="Runnable" seed="460728720" result="Passed" start-time="2024-06-19T14:42:01.7886160Z" end-time="2024-06-19T14:42:01.7917470Z" duration="0.003132" asserts="2" />
                  <test-case id="1-1979" name="AreaDistributorTest_SingleMapForce(&quot;6x12: P3x8;S2x2&quot;)" fullname="PlayersWorlds.Maps.Areas.Evolving.AreaDistributorIntegrationTest.AreaDistributorTest_SingleMapForce(&quot;6x12: P3x8;S2x2&quot;)" methodname="AreaDistributorTest_SingleMapForce" classname="PlayersWorlds.Maps.Areas.Evolving.AreaDistributorIntegrationTest" runstate="Runnable" seed="146570548" result="Passed" start-time="2024-06-19T14:42:01.7917590Z" end-time="2024-06-19T14:42:01.7949180Z" duration="0.003160" asserts="2" />
                  <test-case id="1-1980" name="AreaDistributorTest_SingleMapForce(&quot;6x12: P-1x-4;S2x2&quot;)" fullname="PlayersWorlds.Maps.Areas.Evolving.AreaDistributorIntegrationTest.AreaDistributorTest_SingleMapForce(&quot;6x12: P-1x-4;S2x2&quot;)" methodname="AreaDistributorTest_SingleMapForce" classname="PlayersWorlds.Maps.Areas.Evolving.AreaDistributorIntegrationTest" runstate="Runnable" seed="635185740" result="Passed" start-time="2024-06-19T14:42:01.7949370Z" end-time="2024-06-19T14:42:01.7977830Z" duration="0.002846" asserts="2" />
                </test-suite>
                <test-case id="1-1982" name="AreaDistributorTest_SingleMapForce_Debug" fullname="PlayersWorlds.Maps.Areas.Evolving.AreaDistributorIntegrationTest.AreaDistributorTest_SingleMapForce_Debug" methodname="AreaDistributorTest_SingleMapForce_Debug" classname="PlayersWorlds.Maps.Areas.Evolving.AreaDistributorIntegrationTest" runstate="Ignored" seed="1631292391" result="Skipped" label="Ignored" start-time="2024-06-19T14:42:01.7978030Z" end-time="2024-06-19T14:42:01.7978080Z" duration="0.000005" asserts="0">
                  <properties>
                    <property name="_SKIPREASON" value="Debugging only" />
                  </properties>
                  <reason>
                    <message><![CDATA[Debugging only]]></message>
                  </reason>
                </test-case>
                <test-case id="1-1958" name="AreaDistributorTest_TwoTest" fullname="PlayersWorlds.Maps.Areas.Evolving.AreaDistributorIntegrationTest.AreaDistributorTest_TwoTest" methodname="AreaDistributorTest_TwoTest" classname="PlayersWorlds.Maps.Areas.Evolving.AreaDistributorIntegrationTest" runstate="Runnable" seed="1626571101" result="Passed" start-time="2024-06-19T14:42:01.7978120Z" end-time="2024-06-19T14:42:01.8035910Z" duration="0.005780" asserts="2">
                  <properties>
                    <property name="Category" value="Integration" />
                  </properties>
                </test-case>
              </test-suite>
              <test-suite type="TestFixture" id="1-2041" name="AreaDistributorLoadTest" fullname="PlayersWorlds.Maps.Areas.Evolving.AreaDistributorLoadTest" classname="PlayersWorlds.Maps.Areas.Evolving.AreaDistributorLoadTest" runstate="Runnable" testcasecount="1" result="Passed" start-time="2024-06-19T14:42:01.8040800Z" end-time="2024-06-19T14:44:58.3869380Z" duration="176.582857" total="1" passed="1" failed="0" warnings="0" inconclusive="0" skipped="0" asserts="0">
                <test-case id="1-2042" name="AreaDistributor_LoadTest" fullname="PlayersWorlds.Maps.Areas.Evolving.AreaDistributorLoadTest.AreaDistributor_LoadTest" methodname="AreaDistributor_LoadTest" classname="PlayersWorlds.Maps.Areas.Evolving.AreaDistributorLoadTest" runstate="Runnable" seed="1679619546" result="Passed" start-time="2024-06-19T14:42:01.8041660Z" end-time="2024-06-19T14:44:58.3869070Z" duration="176.582741" asserts="0">
                  <properties>
                    <property name="Category" value="Load" />
                  </properties>
                  <reason>
                    <message><![CDATA[Passed: 1000, Failed: 0
]]></message>
                  </reason>
                </test-case>
              </test-suite>
              <test-suite type="TestFixture" id="1-2043" name="EvolvingSimulatorTest" fullname="PlayersWorlds.Maps.Areas.Evolving.EvolvingSimulatorTest" classname="PlayersWorlds.Maps.Areas.Evolving.EvolvingSimulatorTest" runstate="Runnable" testcasecount="2" result="Passed" start-time="2024-06-19T14:44:58.3869650Z" end-time="2024-06-19T14:44:58.5042240Z" duration="0.117259" total="2" passed="2" failed="0" warnings="0" inconclusive="0" skipped="0" asserts="2">
                <test-case id="1-2045" name="EvolvingSimulator_ReturnsEpochsIfEvolitionIsNotComplete" fullname="PlayersWorlds.Maps.Areas.Evolving.EvolvingSimulatorTest.EvolvingSimulator_ReturnsEpochsIfEvolitionIsNotComplete" methodname="EvolvingSimulator_ReturnsEpochsIfEvolitionIsNotComplete" classname="PlayersWorlds.Maps.Areas.Evolving.EvolvingSimulatorTest" runstate="Runnable" seed="393101261" result="Passed" start-time="2024-06-19T14:44:58.3870940Z" end-time="2024-06-19T14:44:58.5019180Z" duration="0.114824" asserts="1" />
                <test-case id="1-2044" name="EvolvingSimulator_ThrowsIfMaxEpochsIsZero" fullname="PlayersWorlds.Maps.Areas.Evolving.EvolvingSimulatorTest.EvolvingSimulator_ThrowsIfMaxEpochsIsZero" methodname="EvolvingSimulator_ThrowsIfMaxEpochsIsZero" classname="PlayersWorlds.Maps.Areas.Evolving.EvolvingSimulatorTest" runstate="Runnable" seed="1139031757" result="Passed" start-time="2024-06-19T14:44:58.5019330Z" end-time="2024-06-19T14:44:58.5042070Z" duration="0.002274" asserts="1" />
              </test-suite>
              <test-suite type="TestFixture" id="1-2046" name="FloatingAreaTest" fullname="PlayersWorlds.Maps.Areas.Evolving.FloatingAreaTest" classname="PlayersWorlds.Maps.Areas.Evolving.FloatingAreaTest" runstate="Runnable" testcasecount="22" result="Passed" start-time="2024-06-19T14:44:58.5042440Z" end-time="2024-06-19T14:44:58.5164940Z" duration="0.012250" total="22" passed="22" failed="0" warnings="0" inconclusive="0" skipped="0" asserts="45">
                <test-case id="1-2051" name="CenterIsValid" fullname="PlayersWorlds.Maps.Areas.Evolving.FloatingAreaTest.CenterIsValid" methodname="CenterIsValid" classname="PlayersWorlds.Maps.Areas.Evolving.FloatingAreaTest" runstate="Runnable" seed="1039193904" result="Passed" start-time="2024-06-19T14:44:58.5043230Z" end-time="2024-06-19T14:44:58.5068850Z" duration="0.002562" asserts="4" />
                <test-case id="1-2050" name="Contains" fullname="PlayersWorlds.Maps.Areas.Evolving.FloatingAreaTest.Contains" methodname="Contains" classname="PlayersWorlds.Maps.Areas.Evolving.FloatingAreaTest" runstate="Runnable" seed="161071717" result="Passed" start-time="2024-06-19T14:44:58.5068970Z" end-time="2024-06-19T14:44:58.5111400Z" duration="0.004244" asserts="2" />
                <test-suite type="ParameterizedMethod" id="1-2068" name="DistanceTo" fullname="PlayersWorlds.Maps.Areas.Evolving.FloatingAreaTest.DistanceTo" classname="PlayersWorlds.Maps.Areas.Evolving.FloatingAreaTest" runstate="Runnable" testcasecount="16" result="Passed" start-time="2024-06-19T14:44:58.5111530Z" end-time="2024-06-19T14:44:58.5120100Z" duration="0.000857" total="16" passed="16" failed="0" warnings="0" inconclusive="0" skipped="0" asserts="32">
                  <properties>
                    <property name="Category" value="Integration" />
                  </properties>
                  <test-case id="1-2052" name="DistanceTo((PlayersWorlds.Maps.Areas.Evolving.FloatingArea[], -1.00x0.00, False))" fullname="PlayersWorlds.Maps.Areas.Evolving.FloatingAreaTest.DistanceTo((PlayersWorlds.Maps.Areas.Evolving.FloatingArea[], -1.00x0.00, False))" methodname="DistanceTo" classname="PlayersWorlds.Maps.Areas.Evolving.FloatingAreaTest" runstate="Runnable" seed="415922626" result="Passed" start-time="2024-06-19T14:44:58.5111700Z" end-time="2024-06-19T14:44:58.5115920Z" duration="0.000422" asserts="2" />
                  <test-case id="1-2053" name="DistanceTo((PlayersWorlds.Maps.Areas.Evolving.FloatingArea[], 0.00x0.00, False))" fullname="PlayersWorlds.Maps.Areas.Evolving.FloatingAreaTest.DistanceTo((PlayersWorlds.Maps.Areas.Evolving.FloatingArea[], 0.00x0.00, False))" methodname="DistanceTo" classname="PlayersWorlds.Maps.Areas.Evolving.FloatingAreaTest" runstate="Runnable" seed="918064075" result="Passed" start-time="2024-06-19T14:44:58.5116000Z" end-time="2024-06-19T14:44:58.5116380Z" duration="0.000037" asserts="2" />
                  <test-case id="1-2054" name="DistanceTo((PlayersWorlds.Maps.Areas.Evolving.FloatingArea[], 1.00x0.00, True))" fullname="PlayersWorlds.Maps.Areas.Evolving.FloatingAreaTest.DistanceTo((PlayersWorlds.Maps.Areas.Evolving.FloatingArea[], 1.00x0.00, True))" methodname="DistanceTo" classname="PlayersWorlds.Maps.Areas.Evolving.FloatingAreaTest" runstate="Runnable" seed="964681166" result="Passed" start-time="2024-06-19T14:44:58.5116430Z" end-time="2024-06-19T14:44:58.5116700Z" duration="0.000027" asserts="2" />
                  <test-case id="1-2055" name="DistanceTo((PlayersWorlds.Maps.Areas.Evolving.FloatingArea[], 0.00x0.00, True))" fullname="PlayersWorlds.Maps.Areas.Evolving.FloatingAreaTest.DistanceTo((PlayersWorlds.Maps.Areas.Evolving.FloatingArea[], 0.00x0.00, True))" methodname="DistanceTo" classname="PlayersWorlds.Maps.Areas.Evolving.FloatingAreaTest" runstate="Runnable" seed="303322750" result="Passed" start-time="2024-06-19T14:44:58.5116750Z" end-time="2024-06-19T14:44:58.5116990Z" duration="0.000024" asserts="2" />
                  <test-case id="1-2056" name="DistanceTo((PlayersWorlds.Maps.Areas.Evolving.FloatingArea[], -1.00x0.00, True))" fullname="PlayersWorlds.Maps.Areas.Evolving.FloatingAreaTest.DistanceTo((PlayersWorlds.Maps.Areas.Evolving.FloatingArea[], -1.00x0.00, True))" methodname="DistanceTo" classname="PlayersWorlds.Maps.Areas.Evolving.FloatingAreaTest" runstate="Runnable" seed="386905677" result="Passed" start-time="2024-06-19T14:44:58.5117050Z" end-time="2024-06-19T14:44:58.5117280Z" duration="0.000023" asserts="2" />
                  <test-case id="1-2057" name="DistanceTo((PlayersWorlds.Maps.Areas.Evolving.FloatingArea[], 0.00x0.00, False))" fullname="PlayersWorlds.Maps.Areas.Evolving.FloatingAreaTest.DistanceTo((PlayersWorlds.Maps.Areas.Evolving.FloatingArea[], 0.00x0.00, False))" methodname="DistanceTo" classname="PlayersWorlds.Maps.Areas.Evolving.FloatingAreaTest" runstate="Runnable" seed="280940794" result="Passed" start-time="2024-06-19T14:44:58.5117320Z" end-time="2024-06-19T14:44:58.5117570Z" duration="0.000025" asserts="2" />
                  <test-case id="1-2058" name="DistanceTo((PlayersWorlds.Maps.Areas.Evolving.FloatingArea[], 1.00x0.00, False))" fullname="PlayersWorlds.Maps.Areas.Evolving.FloatingAreaTest.DistanceTo((PlayersWorlds.Maps.Areas.Evolving.FloatingArea[], 1.00x0.00, False))" methodname="DistanceTo" classname="PlayersWorlds.Maps.Areas.Evolving.FloatingAreaTest" runstate="Runnable" seed="987158910" result="Passed" start-time="2024-06-19T14:44:58.5117620Z" end-time="2024-06-19T14:44:58.5117830Z" duration="0.000021" asserts="2" />
                  <test-case id="1-2059" name="DistanceTo((PlayersWorlds.Maps.Areas.Evolving.FloatingArea[], -1.00x1.00, False))" fullname="PlayersWorlds.Maps.Areas.Evolving.FloatingAreaTest.DistanceTo((PlayersWorlds.Maps.Areas.Evolving.FloatingArea[], -1.00x1.00, False))" methodname="DistanceTo" classname="PlayersWorlds.Maps.Areas.Evolving.FloatingAreaTest" runstate="Runnable" seed="1463782731" result="Passed" start-time="2024-06-19T14:44:58.5117880Z" end-time="2024-06-19T14:44:58.5118080Z" duration="0.000020" asserts="2" />
                  <test-case id="1-2060" name="DistanceTo((PlayersWorlds.Maps.Areas.Evolving.FloatingArea[], 0.00x1.00, False))" fullname="PlayersWorlds.Maps.Areas.Evolving.FloatingAreaTest.DistanceTo((PlayersWorlds.Maps.Areas.Evolving.FloatingArea[], 0.00x1.00, False))" methodname="DistanceTo" classname="PlayersWorlds.Maps.Areas.Evolving.FloatingAreaTest" runstate="Runnable" seed="1765084572" result="Passed" start-time="2024-06-19T14:44:58.5118120Z" end-time="2024-06-19T14:44:58.5118330Z" duration="0.000020" asserts="2" />
                  <test-case id="1-2061" name="DistanceTo((PlayersWorlds.Maps.Areas.Evolving.FloatingArea[], 1.00x1.00, True))" fullname="PlayersWorlds.Maps.Areas.Evolving.FloatingAreaTest.DistanceTo((PlayersWorlds.Maps.Areas.Evolving.FloatingArea[], 1.00x1.00, True))" methodname="DistanceTo" classname="PlayersWorlds.Maps.Areas.Evolving.FloatingAreaTest" runstate="Runnable" seed="1899404755" result="Passed" start-time="2024-06-19T14:44:58.5118370Z" end-time="2024-06-19T14:44:58.5118580Z" duration="0.000021" asserts="2" />
                  <test-case id="1-2062" name="DistanceTo((PlayersWorlds.Maps.Areas.Evolving.FloatingArea[], 0.00x1.00, True))" fullname="PlayersWorlds.Maps.Areas.Evolving.FloatingAreaTest.DistanceTo((PlayersWorlds.Maps.Areas.Evolving.FloatingArea[], 0.00x1.00, True))" methodname="DistanceTo" classname="PlayersWorlds.Maps.Areas.Evolving.FloatingAreaTest" runstate="Runnable" seed="980943465" result="Passed" start-time="2024-06-19T14:44:58.5118630Z" end-time="2024-06-19T14:44:58.5118890Z" duration="0.000026" asserts="2" />
                  <test-case id="1-2063" name="DistanceTo((PlayersWorlds.Maps.Areas.Evolving.FloatingArea[], -1.00x1.00, True))" fullname="PlayersWorlds.Maps.Areas.Evolving.FloatingAreaTest.DistanceTo((PlayersWorlds.Maps.Areas.Evolving.FloatingArea[], -1.00x1.00, True))" methodname="DistanceTo" classname="PlayersWorlds.Maps.Areas.Evolving.FloatingAreaTest" runstate="Runnable" seed="2032109635" result="Passed" start-time="2024-06-19T14:44:58.5118930Z" end-time="2024-06-19T14:44:58.5119140Z" duration="0.000020" asserts="2" />
                  <test-case id="1-2064" name="DistanceTo((PlayersWorlds.Maps.Areas.Evolving.FloatingArea[], 0.00x1.00, False))" fullname="PlayersWorlds.Maps.Areas.Evolving.FloatingAreaTest.DistanceTo((PlayersWorlds.Maps.Areas.Evolving.FloatingArea[], 0.00x1.00, False))" methodname="DistanceTo" classname="PlayersWorlds.Maps.Areas.Evolving.FloatingAreaTest" runstate="Runnable" seed="2029809706" result="Passed" start-time="2024-06-19T14:44:58.5119180Z" end-time="2024-06-19T14:44:58.5119360Z" duration="0.000018" asserts="2" />
                  <test-case id="1-2065" name="DistanceTo((PlayersWorlds.Maps.Areas.Evolving.FloatingArea[], 1.00x1.00, False))" fullname="PlayersWorlds.Maps.Areas.Evolving.FloatingAreaTest.DistanceTo((PlayersWorlds.Maps.Areas.Evolving.FloatingArea[], 1.00x1.00, False))" methodname="DistanceTo" classname="PlayersWorlds.Maps.Areas.Evolving.FloatingAreaTest" runstate="Runnable" seed="1259383804" result="Passed" start-time="2024-06-19T14:44:58.5119400Z" end-time="2024-06-19T14:44:58.5119590Z" duration="0.000019" asserts="2" />
                  <test-case id="1-2066" name="DistanceTo((PlayersWorlds.Maps.Areas.Evolving.FloatingArea[], -1.00x-1.00, True))" fullname="PlayersWorlds.Maps.Areas.Evolving.FloatingAreaTest.DistanceTo((PlayersWorlds.Maps.Areas.Evolving.FloatingArea[], -1.00x-1.00, True))" methodname="DistanceTo" classname="PlayersWorlds.Maps.Areas.Evolving.FloatingAreaTest" runstate="Runnable" seed="1644122942" result="Passed" start-time="2024-06-19T14:44:58.5119630Z" end-time="2024-06-19T14:44:58.5119810Z" duration="0.000019" asserts="2" />
                  <test-case id="1-2067" name="DistanceTo((PlayersWorlds.Maps.Areas.Evolving.FloatingArea[], 1.00x1.00, False))" fullname="PlayersWorlds.Maps.Areas.Evolving.FloatingAreaTest.DistanceTo((PlayersWorlds.Maps.Areas.Evolving.FloatingArea[], 1.00x1.00, False))" methodname="DistanceTo" classname="PlayersWorlds.Maps.Areas.Evolving.FloatingAreaTest" runstate="Runnable" seed="315581190" result="Passed" start-time="2024-06-19T14:44:58.5119860Z" end-time="2024-06-19T14:44:58.5120030Z" duration="0.000018" asserts="2" />
                </test-suite>
                <test-case id="1-2069" name="DistanceToDebug" fullname="PlayersWorlds.Maps.Areas.Evolving.FloatingAreaTest.DistanceToDebug" methodname="DistanceToDebug" classname="PlayersWorlds.Maps.Areas.Evolving.FloatingAreaTest" runstate="Runnable" seed="710462980" result="Passed" start-time="2024-06-19T14:44:58.5120180Z" end-time="2024-06-19T14:44:58.5123650Z" duration="0.000347" asserts="2" />
                <test-case id="1-2049" name="Overlaps" fullname="PlayersWorlds.Maps.Areas.Evolving.FloatingAreaTest.Overlaps" methodname="Overlaps" classname="PlayersWorlds.Maps.Areas.Evolving.FloatingAreaTest" runstate="Runnable" seed="1494690790" result="Passed" start-time="2024-06-19T14:44:58.5123740Z" end-time="2024-06-19T14:44:58.5160470Z" duration="0.003673" asserts="2" />
                <test-case id="1-2047" name="Parse" fullname="PlayersWorlds.Maps.Areas.Evolving.FloatingAreaTest.Parse" methodname="Parse" classname="PlayersWorlds.Maps.Areas.Evolving.FloatingAreaTest" runstate="Runnable" seed="1531180700" result="Passed" start-time="2024-06-19T14:44:58.5160570Z" end-time="2024-06-19T14:44:58.5162530Z" duration="0.000196" asserts="2" />
                <test-case id="1-2048" name="ToStringIsValid" fullname="PlayersWorlds.Maps.Areas.Evolving.FloatingAreaTest.ToStringIsValid" methodname="ToStringIsValid" classname="PlayersWorlds.Maps.Areas.Evolving.FloatingAreaTest" runstate="Runnable" seed="1975621102" result="Passed" start-time="2024-06-19T14:44:58.5162620Z" end-time="2024-06-19T14:44:58.5164800Z" duration="0.000218" asserts="1" />
              </test-suite>
            </test-suite>
            <test-suite type="TestFixture" id="1-1945" name="MapAreaTest" fullname="PlayersWorlds.Maps.Areas.MapAreaTest" classname="PlayersWorlds.Maps.Areas.MapAreaTest" runstate="Runnable" testcasecount="9" result="Passed" start-time="2024-06-19T14:44:58.5165270Z" end-time="2024-06-19T14:44:58.5354620Z" duration="0.018935" total="9" passed="9" failed="0" warnings="0" inconclusive="0" skipped="0" asserts="31">
              <test-case id="1-1953" name="BakeCreatesLinks" fullname="PlayersWorlds.Maps.Areas.MapAreaTest.BakeCreatesLinks" methodname="BakeCreatesLinks" classname="PlayersWorlds.Maps.Areas.MapAreaTest" runstate="Runnable" seed="1692147893" result="Passed" start-time="2024-06-19T14:44:58.5166100Z" end-time="2024-06-19T14:44:58.5190610Z" duration="0.002452" asserts="1" />
              <test-case id="1-1952" name="BakeCreatesNeighbors" fullname="PlayersWorlds.Maps.Areas.MapAreaTest.BakeCreatesNeighbors" methodname="BakeCreatesNeighbors" classname="PlayersWorlds.Maps.Areas.MapAreaTest" runstate="Runnable" seed="557744895" result="Passed" start-time="2024-06-19T14:44:58.5190700Z" end-time="2024-06-19T14:44:58.5193650Z" duration="0.000295" asserts="1" />
              <test-case id="1-1954" name="BakeCreatesProperLinks" fullname="PlayersWorlds.Maps.Areas.MapAreaTest.BakeCreatesProperLinks" methodname="BakeCreatesProperLinks" classname="PlayersWorlds.Maps.Areas.MapAreaTest" runstate="Runnable" seed="1626432632" result="Passed" start-time="2024-06-19T14:44:58.5193730Z" end-time="2024-06-19T14:44:58.5202430Z" duration="0.000871" asserts="2" />
              <test-case id="1-1948" name="Overlaps_ReturnsFalseIfDoesNotOverlap" fullname="PlayersWorlds.Maps.Areas.MapAreaTest.Overlaps_ReturnsFalseIfDoesNotOverlap" methodname="Overlaps_ReturnsFalseIfDoesNotOverlap" classname="PlayersWorlds.Maps.Areas.MapAreaTest" runstate="Runnable" seed="1842014534" result="Passed" start-time="2024-06-19T14:44:58.5202520Z" end-time="2024-06-19T14:44:58.5252520Z" duration="0.005000" asserts="15" />
              <test-case id="1-1947" name="Overlaps_ReturnsTrueIfOverlaps" fullname="PlayersWorlds.Maps.Areas.MapAreaTest.Overlaps_ReturnsTrueIfOverlaps" methodname="Overlaps_ReturnsTrueIfOverlaps" classname="PlayersWorlds.Maps.Areas.MapAreaTest" runstate="Runnable" seed="1499741767" result="Passed" start-time="2024-06-19T14:44:58.5252600Z" end-time="2024-06-19T14:44:58.5282860Z" duration="0.003026" asserts="7" />
              <test-case id="1-1946" name="Overlaps_ThrowsIfSame" fullname="PlayersWorlds.Maps.Areas.MapAreaTest.Overlaps_ThrowsIfSame" methodname="Overlaps_ThrowsIfSame" classname="PlayersWorlds.Maps.Areas.MapAreaTest" runstate="Runnable" seed="31684055" result="Passed" start-time="2024-06-19T14:44:58.5282940Z" end-time="2024-06-19T14:44:58.5310380Z" duration="0.002744" asserts="2" />
              <test-case id="1-1950" name="Position_DoesNotThrowIfInitialized" fullname="PlayersWorlds.Maps.Areas.MapAreaTest.Position_DoesNotThrowIfInitialized" methodname="Position_DoesNotThrowIfInitialized" classname="PlayersWorlds.Maps.Areas.MapAreaTest" runstate="Runnable" seed="93846723" result="Passed" start-time="2024-06-19T14:44:58.5310500Z" end-time="2024-06-19T14:44:58.5322430Z" duration="0.001194" asserts="1" />
              <test-case id="1-1949" name="Position_UnpositionedThrowsIfNotInitialized" fullname="PlayersWorlds.Maps.Areas.MapAreaTest.Position_UnpositionedThrowsIfNotInitialized" methodname="Position_UnpositionedThrowsIfNotInitialized" classname="PlayersWorlds.Maps.Areas.MapAreaTest" runstate="Runnable" seed="1263814293" result="Passed" start-time="2024-06-19T14:44:58.5322560Z" end-time="2024-06-19T14:44:58.5349860Z" duration="0.002730" asserts="1" />
              <test-case id="1-1951" name="ThrowsIfWrongParameters" fullname="PlayersWorlds.Maps.Areas.MapAreaTest.ThrowsIfWrongParameters" methodname="ThrowsIfWrongParameters" classname="PlayersWorlds.Maps.Areas.MapAreaTest" runstate="Runnable" seed="503131894" result="Passed" start-time="2024-06-19T14:44:58.5349970Z" end-time="2024-06-19T14:44:58.5354500Z" duration="0.000453" asserts="1" />
            </test-suite>
          </test-suite>
          <test-suite type="TestFixture" id="1-1004" name="AssemblyInfoTest" fullname="PlayersWorlds.Maps.AssemblyInfoTest" classname="PlayersWorlds.Maps.AssemblyInfoTest" runstate="Runnable" testcasecount="2" result="Passed" start-time="2024-06-19T14:44:58.5354820Z" end-time="2024-06-19T14:44:58.5363000Z" duration="0.000819" total="2" passed="2" failed="0" warnings="0" inconclusive="0" skipped="0" asserts="4">
            <test-case id="1-1006" name="TestAssemblyCompany" fullname="PlayersWorlds.Maps.AssemblyInfoTest.TestAssemblyCompany" methodname="TestAssemblyCompany" classname="PlayersWorlds.Maps.AssemblyInfoTest" runstate="Runnable" seed="865946660" result="Passed" start-time="2024-06-19T14:44:58.5355490Z" end-time="2024-06-19T14:44:58.5360120Z" duration="0.000463" asserts="2" />
            <test-case id="1-1005" name="TestAssemblyTitle" fullname="PlayersWorlds.Maps.AssemblyInfoTest.TestAssemblyTitle" methodname="TestAssemblyTitle" classname="PlayersWorlds.Maps.AssemblyInfoTest" runstate="Runnable" seed="979743431" result="Passed" start-time="2024-06-19T14:44:58.5360200Z" end-time="2024-06-19T14:44:58.5362890Z" duration="0.000270" asserts="2" />
          </test-suite>
          <test-suite type="TestFixture" id="1-1007" name="CellTest" fullname="PlayersWorlds.Maps.CellTest" classname="PlayersWorlds.Maps.CellTest" runstate="Runnable" testcasecount="2" result="Passed" start-time="2024-06-19T14:44:58.5363130Z" end-time="2024-06-19T14:44:58.5379330Z" duration="0.001620" total="2" passed="2" failed="0" warnings="0" inconclusive="0" skipped="0" asserts="4">
            <test-case id="1-1008" name="CellTagEqualityTest" fullname="PlayersWorlds.Maps.CellTest.CellTagEqualityTest" methodname="CellTagEqualityTest" classname="PlayersWorlds.Maps.CellTest" runstate="Runnable" seed="1053695918" result="Passed" start-time="2024-06-19T14:44:58.5363760Z" end-time="2024-06-19T14:44:58.5367570Z" duration="0.000381" asserts="3" />
            <test-case id="1-1009" name="Serialize" fullname="PlayersWorlds.Maps.CellTest.Serialize" methodname="Serialize" classname="PlayersWorlds.Maps.CellTest" runstate="Runnable" seed="2088346571" result="Passed" start-time="2024-06-19T14:44:58.5367650Z" end-time="2024-06-19T14:44:58.5379210Z" duration="0.001156" asserts="1" />
          </test-suite>
          <test-suite type="TestFixture" id="1-1010" name="ExtensionsTest" fullname="PlayersWorlds.Maps.ExtensionsTest" classname="PlayersWorlds.Maps.ExtensionsTest" runstate="Runnable" testcasecount="7" result="Passed" start-time="2024-06-19T14:44:58.5379450Z" end-time="2024-06-19T14:44:58.5450390Z" duration="0.007094" total="7" passed="7" failed="0" warnings="0" inconclusive="0" skipped="0" asserts="12">
            <test-case id="1-1013" name="DebugString" fullname="PlayersWorlds.Maps.ExtensionsTest.DebugString" methodname="DebugString" classname="PlayersWorlds.Maps.ExtensionsTest" runstate="Runnable" seed="1647749415" result="Passed" start-time="2024-06-19T14:44:58.5380070Z" end-time="2024-06-19T14:44:58.5395700Z" duration="0.001562" asserts="1" />
            <test-case id="1-1016" name="GetAllDictionaryItems" fullname="PlayersWorlds.Maps.ExtensionsTest.GetAllDictionaryItems" methodname="GetAllDictionaryItems" classname="PlayersWorlds.Maps.ExtensionsTest" runstate="Runnable" seed="1135761814" result="Passed" start-time="2024-06-19T14:44:58.5395780Z" end-time="2024-06-19T14:44:58.5413760Z" duration="0.001798" asserts="1" />
            <test-case id="1-1017" name="GetAllHashSetKeys" fullname="PlayersWorlds.Maps.ExtensionsTest.GetAllHashSetKeys" methodname="GetAllHashSetKeys" classname="PlayersWorlds.Maps.ExtensionsTest" runstate="Runnable" seed="1373590199" result="Passed" start-time="2024-06-19T14:44:58.5413870Z" end-time="2024-06-19T14:44:58.5422580Z" duration="0.000871" asserts="1" />
            <test-case id="1-1014" name="Set" fullname="PlayersWorlds.Maps.ExtensionsTest.Set" methodname="Set" classname="PlayersWorlds.Maps.ExtensionsTest" runstate="Runnable" seed="1342322723" result="Passed" start-time="2024-06-19T14:44:58.5422680Z" end-time="2024-06-19T14:44:58.5431280Z" duration="0.000860" asserts="3" />
            <test-case id="1-1015" name="SetList" fullname="PlayersWorlds.Maps.ExtensionsTest.SetList" methodname="SetList" classname="PlayersWorlds.Maps.ExtensionsTest" runstate="Runnable" seed="2036099680" result="Passed" start-time="2024-06-19T14:44:58.5431390Z" end-time="2024-06-19T14:44:58.5444540Z" duration="0.001316" asserts="3" />
            <test-case id="1-1012" name="TryDequeue_Dequeues" fullname="PlayersWorlds.Maps.ExtensionsTest.TryDequeue_Dequeues" methodname="TryDequeue_Dequeues" classname="PlayersWorlds.Maps.ExtensionsTest" runstate="Runnable" seed="803327477" result="Passed" start-time="2024-06-19T14:44:58.5444650Z" end-time="2024-06-19T14:44:58.5448900Z" duration="0.000425" asserts="2" />
            <test-case id="1-1011" name="TryDequeue_DoesNotThrow" fullname="PlayersWorlds.Maps.ExtensionsTest.TryDequeue_DoesNotThrow" methodname="TryDequeue_DoesNotThrow" classname="PlayersWorlds.Maps.ExtensionsTest" runstate="Runnable" seed="1598086794" result="Passed" start-time="2024-06-19T14:44:58.5448980Z" end-time="2024-06-19T14:44:58.5450280Z" duration="0.000130" asserts="1" />
          </test-suite>
          <test-suite type="TestFixture" id="1-1018" name="GlobalRandomTest" fullname="PlayersWorlds.Maps.GlobalRandomTest" classname="PlayersWorlds.Maps.GlobalRandomTest" runstate="Runnable" testcasecount="3" result="Passed" start-time="2024-06-19T14:44:58.5450510Z" end-time="2024-06-19T14:44:58.5492330Z" duration="0.004182" total="3" passed="3" failed="0" warnings="0" inconclusive="0" skipped="0" asserts="1002">
            <test-case id="1-1019" name="RandomCollectionItem" fullname="PlayersWorlds.Maps.GlobalRandomTest.RandomCollectionItem" methodname="RandomCollectionItem" classname="PlayersWorlds.Maps.GlobalRandomTest" runstate="Runnable" seed="1023704882" result="Passed" start-time="2024-06-19T14:44:58.5451610Z" end-time="2024-06-19T14:44:58.5457600Z" duration="0.000599" asserts="1" />
            <test-case id="1-1021" name="RandomInRange" fullname="PlayersWorlds.Maps.GlobalRandomTest.RandomInRange" methodname="RandomInRange" classname="PlayersWorlds.Maps.GlobalRandomTest" runstate="Runnable" seed="530171392" result="Passed" start-time="2024-06-19T14:44:58.5457670Z" end-time="2024-06-19T14:44:58.5490130Z" duration="0.003246" asserts="1000" />
            <test-case id="1-1020" name="ThrowsIfEmptyCollection" fullname="PlayersWorlds.Maps.GlobalRandomTest.ThrowsIfEmptyCollection" methodname="ThrowsIfEmptyCollection" classname="PlayersWorlds.Maps.GlobalRandomTest" runstate="Runnable" seed="1721568582" result="Passed" start-time="2024-06-19T14:44:58.5490230Z" end-time="2024-06-19T14:44:58.5492230Z" duration="0.000200" asserts="1" />
          </test-suite>
          <test-suite type="TestFixture" id="1-1022" name="Map2DTest" fullname="PlayersWorlds.Maps.Map2DTest" classname="PlayersWorlds.Maps.Map2DTest" runstate="Runnable" testcasecount="1" result="Passed" start-time="2024-06-19T14:44:58.5492450Z" end-time="2024-06-19T14:44:58.5531330Z" duration="0.003888" total="1" passed="1" failed="0" warnings="0" inconclusive="0" skipped="0" asserts="6">
            <test-case id="1-1023" name="ParseMap" fullname="PlayersWorlds.Maps.Map2DTest.ParseMap" methodname="ParseMap" classname="PlayersWorlds.Maps.Map2DTest" runstate="Runnable" seed="338042829" result="Passed" start-time="2024-06-19T14:44:58.5501210Z" end-time="2024-06-19T14:44:58.5531190Z" duration="0.002998" asserts="6" />
          </test-suite>
          <test-suite type="TestSuite" id="1-2077" name="MapFilters" fullname="PlayersWorlds.Maps.MapFilters" runstate="Runnable" testcasecount="5" result="Passed" start-time="2024-06-19T14:41:54.4294090Z" end-time="2024-06-19T14:44:58.5630820Z" duration="184.133673" total="5" passed="5" failed="0" warnings="0" inconclusive="0" skipped="0" asserts="10">
            <test-suite type="TestFixture" id="1-1939" name="Map2DEraseSpotsTest" fullname="PlayersWorlds.Maps.MapFilters.Map2DEraseSpotsTest" classname="PlayersWorlds.Maps.MapFilters.Map2DEraseSpotsTest" runstate="Runnable" testcasecount="5" result="Passed" start-time="2024-06-19T14:44:58.5531450Z" end-time="2024-06-19T14:44:58.5630750Z" duration="0.009930" total="5" passed="5" failed="0" warnings="0" inconclusive="0" skipped="0" asserts="10">
              <test-case id="1-1940" name="BackslashEraseSpots" fullname="PlayersWorlds.Maps.MapFilters.Map2DEraseSpotsTest.BackslashEraseSpots" methodname="BackslashEraseSpots" classname="PlayersWorlds.Maps.MapFilters.Map2DEraseSpotsTest" runstate="Runnable" seed="1630766630" result="Passed" start-time="2024-06-19T14:44:58.5532040Z" end-time="2024-06-19T14:44:58.5557590Z" duration="0.002555" asserts="1" />
              <test-case id="1-1944" name="SmoothBoxEraseSpots" fullname="PlayersWorlds.Maps.MapFilters.Map2DEraseSpotsTest.SmoothBoxEraseSpots" methodname="SmoothBoxEraseSpots" classname="PlayersWorlds.Maps.MapFilters.Map2DEraseSpotsTest" runstate="Runnable" seed="1718611782" result="Passed" start-time="2024-06-19T14:44:58.5557710Z" end-time="2024-06-19T14:44:58.5569520Z" duration="0.001181" asserts="1" />
              <test-case id="1-1943" name="SmoothBoxVoidBgEraseSpots" fullname="PlayersWorlds.Maps.MapFilters.Map2DEraseSpotsTest.SmoothBoxVoidBgEraseSpots" methodname="SmoothBoxVoidBgEraseSpots" classname="PlayersWorlds.Maps.MapFilters.Map2DEraseSpotsTest" runstate="Runnable" seed="2042458188" result="Passed" start-time="2024-06-19T14:44:58.5569630Z" end-time="2024-06-19T14:44:58.5586900Z" duration="0.001727" asserts="1" />
              <test-case id="1-1942" name="Spot1x3SpotsEraseSpots" fullname="PlayersWorlds.Maps.MapFilters.Map2DEraseSpotsTest.Spot1x3SpotsEraseSpots" methodname="Spot1x3SpotsEraseSpots" classname="PlayersWorlds.Maps.MapFilters.Map2DEraseSpotsTest" runstate="Runnable" seed="1663733047" result="Passed" start-time="2024-06-19T14:44:58.5587000Z" end-time="2024-06-19T14:44:58.5595050Z" duration="0.000805" asserts="1" />
              <test-case id="1-1941" name="VariousSpotsEraseSpots" fullname="PlayersWorlds.Maps.MapFilters.Map2DEraseSpotsTest.VariousSpotsEraseSpots" methodname="VariousSpotsEraseSpots" classname="PlayersWorlds.Maps.MapFilters.Map2DEraseSpotsTest" runstate="Runnable" seed="1377965315" result="Passed" start-time="2024-06-19T14:44:58.5595150Z" end-time="2024-06-19T14:44:58.5630610Z" duration="0.003547" asserts="6" />
            </test-suite>
          </test-suite>
          <test-suite type="TestSuite" id="1-2075" name="Maze" fullname="PlayersWorlds.Maps.Maze" runstate="Runnable" testcasecount="776" result="Skipped" label="Ignored" site="Child" start-time="2024-06-19T14:41:54.4294150Z" end-time="2024-06-19T14:46:13.7439330Z" duration="259.314519" total="776" passed="528" failed="0" warnings="0" inconclusive="0" skipped="248" asserts="14283">
            <reason>
              <message><![CDATA[One or more child tests were ignored]]></message>
            </reason>
            <test-suite type="TestFixture" id="1-1143" name="Maze2DBuilderTest" fullname="PlayersWorlds.Maps.Maze.Maze2DBuilderTest" classname="PlayersWorlds.Maps.Maze.Maze2DBuilderTest" runstate="Runnable" testcasecount="25" result="Passed" start-time="2024-06-19T14:44:58.5630930Z" end-time="2024-06-19T14:44:58.6540230Z" duration="0.090931" total="25" passed="25" failed="0" warnings="0" inconclusive="0" skipped="0" asserts="7184">
              <test-case id="1-1162" name="ApplyAreas" fullname="PlayersWorlds.Maps.Maze.Maze2DBuilderTest.ApplyAreas" methodname="ApplyAreas" classname="PlayersWorlds.Maps.Maze.Maze2DBuilderTest" runstate="Runnable" seed="1169674595" result="Passed" start-time="2024-06-19T14:44:58.5631530Z" end-time="2024-06-19T14:44:58.5761070Z" duration="0.012953" asserts="4" />
              <test-case id="1-1144" name="BuildsCorrectCellsCollections" fullname="PlayersWorlds.Maps.Maze.Maze2DBuilderTest.BuildsCorrectCellsCollections" methodname="BuildsCorrectCellsCollections" classname="PlayersWorlds.Maps.Maze.Maze2DBuilderTest" runstate="Runnable" seed="305594411" result="Passed" start-time="2024-06-19T14:44:58.5761180Z" end-time="2024-06-19T14:44:58.5773050Z" duration="0.001187" asserts="2" />
              <test-case id="1-1145" name="BuildsCorrectCellsCollectionsWithHallAreas" fullname="PlayersWorlds.Maps.Maze.Maze2DBuilderTest.BuildsCorrectCellsCollectionsWithHallAreas" methodname="BuildsCorrectCellsCollectionsWithHallAreas" classname="PlayersWorlds.Maps.Maze.Maze2DBuilderTest" runstate="Runnable" seed="1497902864" result="Passed" start-time="2024-06-19T14:44:58.5773160Z" end-time="2024-06-19T14:44:58.5805080Z" duration="0.003192" asserts="4" />
              <test-case id="1-1146" name="BuildsCorrectCellsCollectionsWithHallAreasAtTheEdge" fullname="PlayersWorlds.Maps.Maze.Maze2DBuilderTest.BuildsCorrectCellsCollectionsWithHallAreasAtTheEdge" methodname="BuildsCorrectCellsCollectionsWithHallAreasAtTheEdge" classname="PlayersWorlds.Maps.Maze.Maze2DBuilderTest" runstate="Runnable" seed="620907265" result="Passed" start-time="2024-06-19T14:44:58.5805190Z" end-time="2024-06-19T14:44:58.5822460Z" duration="0.001727" asserts="4" />
              <test-case id="1-1168" name="CanConnect" fullname="PlayersWorlds.Maps.Maze.Maze2DBuilderTest.CanConnect" methodname="CanConnect" classname="PlayersWorlds.Maps.Maze.Maze2DBuilderTest" runstate="Runnable" seed="305680722" result="Passed" start-time="2024-06-19T14:44:58.5822570Z" end-time="2024-06-19T14:44:58.5877620Z" duration="0.005505" asserts="11" />
              <test-case id="1-1167" name="DoubleLinkingThrowsError" fullname="PlayersWorlds.Maps.Maze.Maze2DBuilderTest.DoubleLinkingThrowsError" methodname="DoubleLinkingThrowsError" classname="PlayersWorlds.Maps.Maze.Maze2DBuilderTest" runstate="Runnable" seed="391952304" result="Passed" start-time="2024-06-19T14:44:58.5877740Z" end-time="2024-06-19T14:44:58.5889950Z" duration="0.001222" asserts="1" />
              <test-case id="1-1152" name="IsFillComplete_Full" fullname="PlayersWorlds.Maps.Maze.Maze2DBuilderTest.IsFillComplete_Full" methodname="IsFillComplete_Full" classname="PlayersWorlds.Maps.Maze.Maze2DBuilderTest" runstate="Runnable" seed="1099754126" result="Passed" start-time="2024-06-19T14:44:58.5890070Z" end-time="2024-06-19T14:44:58.5905300Z" duration="0.001524" asserts="4" />
              <test-case id="1-1155" name="IsFillComplete_Full_WithCave" fullname="PlayersWorlds.Maps.Maze.Maze2DBuilderTest.IsFillComplete_Full_WithCave" methodname="IsFillComplete_Full_WithCave" classname="PlayersWorlds.Maps.Maze.Maze2DBuilderTest" runstate="Runnable" seed="1241580045" result="Passed" start-time="2024-06-19T14:44:58.5905410Z" end-time="2024-06-19T14:44:58.5919300Z" duration="0.001389" asserts="3" />
              <test-case id="1-1154" name="IsFillComplete_Full_WithFill" fullname="PlayersWorlds.Maps.Maze.Maze2DBuilderTest.IsFillComplete_Full_WithFill" methodname="IsFillComplete_Full_WithFill" classname="PlayersWorlds.Maps.Maze.Maze2DBuilderTest" runstate="Runnable" seed="1559995526" result="Passed" start-time="2024-06-19T14:44:58.5919410Z" end-time="2024-06-19T14:44:58.5932330Z" duration="0.001292" asserts="2" />
              <test-case id="1-1153" name="IsFillComplete_Full_WithHall" fullname="PlayersWorlds.Maps.Maze.Maze2DBuilderTest.IsFillComplete_Full_WithHall" methodname="IsFillComplete_Full_WithHall" classname="PlayersWorlds.Maps.Maze.Maze2DBuilderTest" runstate="Runnable" seed="437433940" result="Passed" start-time="2024-06-19T14:44:58.5932440Z" end-time="2024-06-19T14:44:58.5945570Z" duration="0.001313" asserts="2" />
              <test-case id="1-1157" name="IsFillComplete_FullHeight" fullname="PlayersWorlds.Maps.Maze.Maze2DBuilderTest.IsFillComplete_FullHeight" methodname="IsFillComplete_FullHeight" classname="PlayersWorlds.Maps.Maze.Maze2DBuilderTest" runstate="Runnable" seed="1380063011" result="Passed" start-time="2024-06-19T14:44:58.5945680Z" end-time="2024-06-19T14:44:58.5951240Z" duration="0.000556" asserts="3" />
              <test-case id="1-1156" name="IsFillComplete_FullWidth" fullname="PlayersWorlds.Maps.Maze.Maze2DBuilderTest.IsFillComplete_FullWidth" methodname="IsFillComplete_FullWidth" classname="PlayersWorlds.Maps.Maze.Maze2DBuilderTest" runstate="Runnable" seed="1958403242" result="Passed" start-time="2024-06-19T14:44:58.5951340Z" end-time="2024-06-19T14:44:58.5954730Z" duration="0.000339" asserts="3" />
              <test-case id="1-1159" name="IsFillComplete_Half" fullname="PlayersWorlds.Maps.Maze.Maze2DBuilderTest.IsFillComplete_Half" methodname="IsFillComplete_Half" classname="PlayersWorlds.Maps.Maze.Maze2DBuilderTest" runstate="Runnable" seed="2099711041" result="Passed" start-time="2024-06-19T14:44:58.5954810Z" end-time="2024-06-19T14:44:58.5957420Z" duration="0.000262" asserts="2" />
              <test-case id="1-1161" name="IsFillComplete_NinetyPercent" fullname="PlayersWorlds.Maps.Maze.Maze2DBuilderTest.IsFillComplete_NinetyPercent" methodname="IsFillComplete_NinetyPercent" classname="PlayersWorlds.Maps.Maze.Maze2DBuilderTest" runstate="Runnable" seed="1820286822" result="Passed" start-time="2024-06-19T14:44:58.5957500Z" end-time="2024-06-19T14:44:58.5960640Z" duration="0.000314" asserts="4" />
              <test-case id="1-1151" name="IsFillComplete_NoCells" fullname="PlayersWorlds.Maps.Maze.Maze2DBuilderTest.IsFillComplete_NoCells" methodname="IsFillComplete_NoCells" classname="PlayersWorlds.Maps.Maze.Maze2DBuilderTest" runstate="Runnable" seed="1050392813" result="Passed" start-time="2024-06-19T14:44:58.5960710Z" end-time="2024-06-19T14:44:58.5978490Z" duration="0.001778" asserts="1" />
              <test-case id="1-1158" name="IsFillComplete_Quarter" fullname="PlayersWorlds.Maps.Maze.Maze2DBuilderTest.IsFillComplete_Quarter" methodname="IsFillComplete_Quarter" classname="PlayersWorlds.Maps.Maze.Maze2DBuilderTest" runstate="Runnable" seed="935821175" result="Passed" start-time="2024-06-19T14:44:58.5978570Z" end-time="2024-06-19T14:44:58.5981390Z" duration="0.000283" asserts="2" />
              <test-case id="1-1160" name="IsFillComplete_ThreeQuarters" fullname="PlayersWorlds.Maps.Maze.Maze2DBuilderTest.IsFillComplete_ThreeQuarters" methodname="IsFillComplete_ThreeQuarters" classname="PlayersWorlds.Maps.Maze.Maze2DBuilderTest" runstate="Runnable" seed="1592253814" result="Passed" start-time="2024-06-19T14:44:58.5981470Z" end-time="2024-06-19T14:44:58.5984340Z" duration="0.000287" asserts="3" />
              <test-case id="1-1150" name="IterateUnlinkedCells_IteratesAllAvailableCells" fullname="PlayersWorlds.Maps.Maze.Maze2DBuilderTest.IterateUnlinkedCells_IteratesAllAvailableCells" methodname="IterateUnlinkedCells_IteratesAllAvailableCells" classname="PlayersWorlds.Maps.Maze.Maze2DBuilderTest" runstate="Runnable" seed="837484611" result="Passed" start-time="2024-06-19T14:44:58.5984420Z" end-time="2024-06-19T14:44:58.6030000Z" duration="0.004558" asserts="28" />
              <test-case id="1-1165" name="LinksAreMutual" fullname="PlayersWorlds.Maps.Maze.Maze2DBuilderTest.LinksAreMutual" methodname="LinksAreMutual" classname="PlayersWorlds.Maps.Maze.Maze2DBuilderTest" runstate="Runnable" seed="536868360" result="Passed" start-time="2024-06-19T14:44:58.6030130Z" end-time="2024-06-19T14:44:58.6049740Z" duration="0.001962" asserts="10" />
              <test-case id="1-1166" name="LinksOnlyWithNeighbors" fullname="PlayersWorlds.Maps.Maze.Maze2DBuilderTest.LinksOnlyWithNeighbors" methodname="LinksOnlyWithNeighbors" classname="PlayersWorlds.Maps.Maze.Maze2DBuilderTest" runstate="Runnable" seed="504992053" result="Passed" start-time="2024-06-19T14:44:58.6049850Z" end-time="2024-06-19T14:44:58.6062060Z" duration="0.001221" asserts="1" />
              <test-case id="1-1149" name="MarkConnected" fullname="PlayersWorlds.Maps.Maze.Maze2DBuilderTest.MarkConnected" methodname="MarkConnected" classname="PlayersWorlds.Maps.Maze.Maze2DBuilderTest" runstate="Runnable" seed="96376333" result="Passed" start-time="2024-06-19T14:44:58.6062170Z" end-time="2024-06-19T14:44:58.6078290Z" duration="0.001612" asserts="7" />
              <test-case id="1-1164" name="Maze2DBuilder_CellsNeighborsAreValid" fullname="PlayersWorlds.Maps.Maze.Maze2DBuilderTest.Maze2DBuilder_CellsNeighborsAreValid" methodname="Maze2DBuilder_CellsNeighborsAreValid" classname="PlayersWorlds.Maps.Maze.Maze2DBuilderTest" runstate="Runnable" seed="385541662" result="Passed" start-time="2024-06-19T14:44:58.6078400Z" end-time="2024-06-19T14:44:58.6107740Z" duration="0.002935" asserts="76" />
              <test-case id="1-1163" name="OverlappingAreas_ProduceValidPriorityCells" fullname="PlayersWorlds.Maps.Maze.Maze2DBuilderTest.OverlappingAreas_ProduceValidPriorityCells" methodname="OverlappingAreas_ProduceValidPriorityCells" classname="PlayersWorlds.Maps.Maze.Maze2DBuilderTest" runstate="Runnable" seed="275394364" result="Passed" start-time="2024-06-19T14:44:58.6107860Z" end-time="2024-06-19T14:44:58.6244220Z" duration="0.013637" asserts="4" />
              <test-case id="1-1148" name="PickRandomNeighborToLink" fullname="PlayersWorlds.Maps.Maze.Maze2DBuilderTest.PickRandomNeighborToLink" methodname="PickRandomNeighborToLink" classname="PlayersWorlds.Maps.Maze.Maze2DBuilderTest" runstate="Runnable" seed="190063948" result="Passed" start-time="2024-06-19T14:44:58.6244340Z" end-time="2024-06-19T14:44:58.6342460Z" duration="0.009812" asserts="5000" />
              <test-case id="1-1147" name="PicksPriorityCellsWhenAvailable" fullname="PlayersWorlds.Maps.Maze.Maze2DBuilderTest.PicksPriorityCellsWhenAvailable" methodname="PicksPriorityCellsWhenAvailable" classname="PlayersWorlds.Maps.Maze.Maze2DBuilderTest" runstate="Runnable" seed="329477325" result="Passed" start-time="2024-06-19T14:44:58.6342570Z" end-time="2024-06-19T14:44:58.6540070Z" duration="0.019750" asserts="2003" />
            </test-suite>
            <test-suite type="TestFixture" id="1-1169" name="Maze2DRendererTest" fullname="PlayersWorlds.Maps.Maze.Maze2DRendererTest" classname="PlayersWorlds.Maps.Maze.Maze2DRendererTest" runstate="Runnable" testcasecount="1" result="Passed" start-time="2024-06-19T14:44:58.6540400Z" end-time="2024-06-19T14:44:58.6590050Z" duration="0.004965" total="1" passed="1" failed="0" warnings="0" inconclusive="0" skipped="0" asserts="1">
              <test-case id="1-1170" name="ThrowsIfCantFit" fullname="PlayersWorlds.Maps.Maze.Maze2DRendererTest.ThrowsIfCantFit" methodname="ThrowsIfCantFit" classname="PlayersWorlds.Maps.Maze.Maze2DRendererTest" runstate="Runnable" seed="967452087" result="Passed" start-time="2024-06-19T14:44:58.6541090Z" end-time="2024-06-19T14:44:58.6589910Z" duration="0.004881" asserts="1" />
            </test-suite>
            <test-suite type="TestFixture" id="1-1171" name="Maze2DTest" fullname="PlayersWorlds.Maps.Maze.Maze2DTest" classname="PlayersWorlds.Maps.Maze.Maze2DTest" runstate="Runnable" testcasecount="12" result="Passed" start-time="2024-06-19T14:44:58.6590180Z" end-time="2024-06-19T14:44:58.7189160Z" duration="0.059898" total="12" passed="12" failed="0" warnings="0" inconclusive="0" skipped="0" asserts="44">
              <test-case id="1-1177" name="Maze2D_AddsNoRoomsToASmallMaze" fullname="PlayersWorlds.Maps.Maze.Maze2DTest.Maze2D_AddsNoRoomsToASmallMaze" methodname="Maze2D_AddsNoRoomsToASmallMaze" classname="PlayersWorlds.Maps.Maze.Maze2DTest" runstate="Runnable" seed="594366834" result="Passed" start-time="2024-06-19T14:44:58.6590800Z" end-time="2024-06-19T14:44:58.6713870Z" duration="0.012308" asserts="2" />
              <test-case id="1-1176" name="Maze2D_AddsNoRoomsWhenNoneRequested" fullname="PlayersWorlds.Maps.Maze.Maze2DTest.Maze2D_AddsNoRoomsWhenNoneRequested" methodname="Maze2D_AddsNoRoomsWhenNoneRequested" classname="PlayersWorlds.Maps.Maze.Maze2DTest" runstate="Runnable" seed="10563351" result="Passed" start-time="2024-06-19T14:44:58.6714010Z" end-time="2024-06-19T14:44:58.6797740Z" duration="0.008374" asserts="2" />
              <test-case id="1-1180" name="Maze2D_AddsOneFill" fullname="PlayersWorlds.Maps.Maze.Maze2DTest.Maze2D_AddsOneFill" methodname="Maze2D_AddsOneFill" classname="PlayersWorlds.Maps.Maze.Maze2DTest" runstate="Runnable" seed="624795566" result="Passed" start-time="2024-06-19T14:44:58.6797850Z" end-time="2024-06-19T14:44:58.6822820Z" duration="0.002497" asserts="2" />
              <test-case id="1-1179" name="Maze2D_AddsOneHall" fullname="PlayersWorlds.Maps.Maze.Maze2DTest.Maze2D_AddsOneHall" methodname="Maze2D_AddsOneHall" classname="PlayersWorlds.Maps.Maze.Maze2DTest" runstate="Runnable" seed="2092770046" result="Passed" start-time="2024-06-19T14:44:58.6822920Z" end-time="2024-06-19T14:44:58.6843440Z" duration="0.002052" asserts="2" />
              <test-case id="1-1178" name="Maze2D_AddsRooms" fullname="PlayersWorlds.Maps.Maze.Maze2DTest.Maze2D_AddsRooms" methodname="Maze2D_AddsRooms" classname="PlayersWorlds.Maps.Maze.Maze2DTest" runstate="Runnable" seed="239022369" result="Passed" start-time="2024-06-19T14:44:58.6843540Z" end-time="2024-06-19T14:44:58.6907450Z" duration="0.006391" asserts="2" />
              <test-case id="1-1182" name="Maze2D_CanParse" fullname="PlayersWorlds.Maps.Maze.Maze2DTest.Maze2D_CanParse" methodname="Maze2D_CanParse" classname="PlayersWorlds.Maps.Maze.Maze2DTest" runstate="Runnable" seed="186070703" result="Passed" start-time="2024-06-19T14:44:58.6907550Z" end-time="2024-06-19T14:44:58.6927310Z" duration="0.001976" asserts="12" />
              <test-case id="1-1183" name="Maze2D_CanParse2" fullname="PlayersWorlds.Maps.Maze.Maze2DTest.Maze2D_CanParse2" methodname="Maze2D_CanParse2" classname="PlayersWorlds.Maps.Maze.Maze2DTest" runstate="Runnable" seed="2073089279" result="Passed" start-time="2024-06-19T14:44:58.6927420Z" end-time="2024-06-19T14:44:58.6929810Z" duration="0.000239" asserts="1" />
              <test-case id="1-1175" name="Maze2D_CanRenderMap" fullname="PlayersWorlds.Maps.Maze.Maze2DTest.Maze2D_CanRenderMap" methodname="Maze2D_CanRenderMap" classname="PlayersWorlds.Maps.Maze.Maze2DTest" runstate="Runnable" seed="246334406" result="Passed" start-time="2024-06-19T14:44:58.6929890Z" end-time="2024-06-19T14:44:58.7034550Z" duration="0.010466" asserts="2" />
              <test-case id="1-1181" name="Maze2D_HasExtensionsSet" fullname="PlayersWorlds.Maps.Maze.Maze2DTest.Maze2D_HasExtensionsSet" methodname="Maze2D_HasExtensionsSet" classname="PlayersWorlds.Maps.Maze.Maze2DTest" runstate="Runnable" seed="1737889576" result="Passed" start-time="2024-06-19T14:44:58.7034650Z" end-time="2024-06-19T14:44:58.7041800Z" duration="0.000715" asserts="3" />
              <test-case id="1-1172" name="Maze2D_IsInitialized" fullname="PlayersWorlds.Maps.Maze.Maze2DTest.Maze2D_IsInitialized" methodname="Maze2D_IsInitialized" classname="PlayersWorlds.Maps.Maze.Maze2DTest" runstate="Runnable" seed="1108349830" result="Passed" start-time="2024-06-19T14:44:58.7041910Z" end-time="2024-06-19T14:44:58.7044200Z" duration="0.000228" asserts="4" />
              <test-case id="1-1174" name="Maze2D_ToMapWrongOptions" fullname="PlayersWorlds.Maps.Maze.Maze2DTest.Maze2D_ToMapWrongOptions" methodname="Maze2D_ToMapWrongOptions" classname="PlayersWorlds.Maps.Maze.Maze2DTest" runstate="Runnable" seed="914959333" result="Passed" start-time="2024-06-19T14:44:58.7044270Z" end-time="2024-06-19T14:44:58.7184410Z" duration="0.014014" asserts="7" />
              <test-case id="1-1173" name="Maze2D_WrongSize" fullname="PlayersWorlds.Maps.Maze.Maze2DTest.Maze2D_WrongSize" methodname="Maze2D_WrongSize" classname="PlayersWorlds.Maps.Maze.Maze2DTest" runstate="Runnable" seed="1338053609" result="Passed" start-time="2024-06-19T14:44:58.7184520Z" end-time="2024-06-19T14:44:58.7189030Z" duration="0.000451" asserts="5" />
            </test-suite>
            <test-suite type="TestFixture" id="1-1184" name="MazeCellTest" fullname="PlayersWorlds.Maps.Maze.MazeCellTest" classname="PlayersWorlds.Maps.Maze.MazeCellTest" runstate="Runnable" testcasecount="1" result="Passed" start-time="2024-06-19T14:44:58.7189320Z" end-time="2024-06-19T14:44:58.7195890Z" duration="0.000657" total="1" passed="1" failed="0" warnings="0" inconclusive="0" skipped="0" asserts="5">
              <test-case id="1-1185" name="ToStringTest" fullname="PlayersWorlds.Maps.Maze.MazeCellTest.ToStringTest" methodname="ToStringTest" classname="PlayersWorlds.Maps.Maze.MazeCellTest" runstate="Runnable" seed="259729478" result="Passed" start-time="2024-06-19T14:44:58.7189950Z" end-time="2024-06-19T14:44:58.7195780Z" duration="0.000583" asserts="5" />
            </test-suite>
            <test-suite type="TestFixture" id="1-1186" name="MazeGeneratorAreasTest" fullname="PlayersWorlds.Maps.Maze.MazeGeneratorAreasTest" classname="PlayersWorlds.Maps.Maze.MazeGeneratorAreasTest" runstate="Runnable" testcasecount="201" result="Skipped" label="Ignored" site="Child" start-time="2024-06-19T14:44:58.7196000Z" end-time="2024-06-19T14:46:06.9159220Z" duration="68.196322" total="201" passed="98" failed="0" warnings="0" inconclusive="0" skipped="103" asserts="5130">
              <reason>
                <message><![CDATA[One or more child tests were ignored]]></message>
              </reason>
              <test-suite type="ParameterizedMethod" id="1-1207" name="CaveAreasAreAppliedProperly" fullname="PlayersWorlds.Maps.Maze.MazeGeneratorAreasTest.CaveAreasAreAppliedProperly" classname="PlayersWorlds.Maps.Maze.MazeGeneratorAreasTest" runstate="Runnable" testcasecount="6" result="Passed" start-time="2024-06-19T14:44:58.7196540Z" end-time="2024-06-19T14:45:00.1555460Z" duration="1.435892" total="6" passed="6" failed="0" warnings="0" inconclusive="0" skipped="0" asserts="600">
                <properties>
                  <property name="Repeat" value="10" />
                  <property name="Category" value="Integration" />
                </properties>
                <test-case id="1-1201" name="CaveAreasAreAppliedProperly(PlayersWorlds.Maps.Maze.AldousBroderMazeGenerator)" fullname="PlayersWorlds.Maps.Maze.MazeGeneratorAreasTest.CaveAreasAreAppliedProperly(PlayersWorlds.Maps.Maze.AldousBroderMazeGenerator)" methodname="CaveAreasAreAppliedProperly" classname="PlayersWorlds.Maps.Maze.MazeGeneratorAreasTest" runstate="Runnable" seed="2085322111" result="Passed" start-time="2024-06-19T14:44:58.7196690Z" end-time="2024-06-19T14:44:58.9921700Z" duration="0.272501" asserts="100" />
                <test-case id="1-1202" name="CaveAreasAreAppliedProperly(PlayersWorlds.Maps.Maze.BinaryTreeMazeGenerator)" fullname="PlayersWorlds.Maps.Maze.MazeGeneratorAreasTest.CaveAreasAreAppliedProperly(PlayersWorlds.Maps.Maze.BinaryTreeMazeGenerator)" methodname="CaveAreasAreAppliedProperly" classname="PlayersWorlds.Maps.Maze.MazeGeneratorAreasTest" runstate="Runnable" seed="53803702" result="Passed" start-time="2024-06-19T14:44:58.9921870Z" end-time="2024-06-19T14:44:59.2199810Z" duration="0.227793" asserts="100" />
                <test-case id="1-1203" name="CaveAreasAreAppliedProperly(PlayersWorlds.Maps.Maze.HuntAndKillMazeGenerator)" fullname="PlayersWorlds.Maps.Maze.MazeGeneratorAreasTest.CaveAreasAreAppliedProperly(PlayersWorlds.Maps.Maze.HuntAndKillMazeGenerator)" methodname="CaveAreasAreAppliedProperly" classname="PlayersWorlds.Maps.Maze.MazeGeneratorAreasTest" runstate="Runnable" seed="1302409776" result="Passed" start-time="2024-06-19T14:44:59.2199970Z" end-time="2024-06-19T14:44:59.4510190Z" duration="0.231022" asserts="100" />
                <test-case id="1-1204" name="CaveAreasAreAppliedProperly(PlayersWorlds.Maps.Maze.RecursiveBacktrackerMazeGenerator)" fullname="PlayersWorlds.Maps.Maze.MazeGeneratorAreasTest.CaveAreasAreAppliedProperly(PlayersWorlds.Maps.Maze.RecursiveBacktrackerMazeGenerator)" methodname="CaveAreasAreAppliedProperly" classname="PlayersWorlds.Maps.Maze.MazeGeneratorAreasTest" runstate="Runnable" seed="1976353508" result="Passed" start-time="2024-06-19T14:44:59.4510340Z" end-time="2024-06-19T14:44:59.6816840Z" duration="0.230649" asserts="100" />
                <test-case id="1-1205" name="CaveAreasAreAppliedProperly(PlayersWorlds.Maps.Maze.SidewinderMazeGenerator)" fullname="PlayersWorlds.Maps.Maze.MazeGeneratorAreasTest.CaveAreasAreAppliedProperly(PlayersWorlds.Maps.Maze.SidewinderMazeGenerator)" methodname="CaveAreasAreAppliedProperly" classname="PlayersWorlds.Maps.Maze.MazeGeneratorAreasTest" runstate="Runnable" seed="1011606978" result="Passed" start-time="2024-06-19T14:44:59.6816990Z" end-time="2024-06-19T14:44:59.9179210Z" duration="0.236222" asserts="100" />
                <test-case id="1-1206" name="CaveAreasAreAppliedProperly(PlayersWorlds.Maps.Maze.WilsonsMazeGenerator)" fullname="PlayersWorlds.Maps.Maze.MazeGeneratorAreasTest.CaveAreasAreAppliedProperly(PlayersWorlds.Maps.Maze.WilsonsMazeGenerator)" methodname="CaveAreasAreAppliedProperly" classname="PlayersWorlds.Maps.Maze.MazeGeneratorAreasTest" runstate="Runnable" seed="1633340839" result="Passed" start-time="2024-06-19T14:44:59.9179370Z" end-time="2024-06-19T14:45:00.1555290Z" duration="0.237593" asserts="100" />
              </test-suite>
              <test-suite type="ParameterizedMethod" id="1-1265" name="DenseWalkways" fullname="PlayersWorlds.Maps.Maze.MazeGeneratorAreasTest.DenseWalkways" classname="PlayersWorlds.Maps.Maze.MazeGeneratorAreasTest" runstate="Runnable" testcasecount="18" result="Passed" start-time="2024-06-19T14:45:00.1555610Z" end-time="2024-06-19T14:45:01.2695090Z" duration="1.113947" total="18" passed="18" failed="0" warnings="0" inconclusive="0" skipped="0" asserts="540">
                <properties>
                  <property name="Repeat" value="10" />
                  <property name="Category" value="Integration" />
                </properties>
                <test-case id="1-1247" name="DenseWalkways(PlayersWorlds.Maps.Maze.AldousBroderMazeGenerator,Cave)" fullname="PlayersWorlds.Maps.Maze.MazeGeneratorAreasTest.DenseWalkways(PlayersWorlds.Maps.Maze.AldousBroderMazeGenerator,Cave)" methodname="DenseWalkways" classname="PlayersWorlds.Maps.Maze.MazeGeneratorAreasTest" runstate="Runnable" seed="1587146689" result="Passed" start-time="2024-06-19T14:45:00.1555860Z" end-time="2024-06-19T14:45:00.2302750Z" duration="0.074688" asserts="30" />
                <test-case id="1-1248" name="DenseWalkways(PlayersWorlds.Maps.Maze.AldousBroderMazeGenerator,Hall)" fullname="PlayersWorlds.Maps.Maze.MazeGeneratorAreasTest.DenseWalkways(PlayersWorlds.Maps.Maze.AldousBroderMazeGenerator,Hall)" methodname="DenseWalkways" classname="PlayersWorlds.Maps.Maze.MazeGeneratorAreasTest" runstate="Runnable" seed="523604293" result="Passed" start-time="2024-06-19T14:45:00.2302920Z" end-time="2024-06-19T14:45:00.2973250Z" duration="0.067034" asserts="30" />
                <test-case id="1-1249" name="DenseWalkways(PlayersWorlds.Maps.Maze.AldousBroderMazeGenerator,Fill)" fullname="PlayersWorlds.Maps.Maze.MazeGeneratorAreasTest.DenseWalkways(PlayersWorlds.Maps.Maze.AldousBroderMazeGenerator,Fill)" methodname="DenseWalkways" classname="PlayersWorlds.Maps.Maze.MazeGeneratorAreasTest" runstate="Runnable" seed="245683773" result="Passed" start-time="2024-06-19T14:45:00.2973390Z" end-time="2024-06-19T14:45:00.3535270Z" duration="0.056188" asserts="30" />
                <test-case id="1-1250" name="DenseWalkways(PlayersWorlds.Maps.Maze.BinaryTreeMazeGenerator,Cave)" fullname="PlayersWorlds.Maps.Maze.MazeGeneratorAreasTest.DenseWalkways(PlayersWorlds.Maps.Maze.BinaryTreeMazeGenerator,Cave)" methodname="DenseWalkways" classname="PlayersWorlds.Maps.Maze.MazeGeneratorAreasTest" runstate="Runnable" seed="1891931680" result="Passed" start-time="2024-06-19T14:45:00.3535440Z" end-time="2024-06-19T14:45:00.4173280Z" duration="0.063784" asserts="30" />
                <test-case id="1-1251" name="DenseWalkways(PlayersWorlds.Maps.Maze.BinaryTreeMazeGenerator,Hall)" fullname="PlayersWorlds.Maps.Maze.MazeGeneratorAreasTest.DenseWalkways(PlayersWorlds.Maps.Maze.BinaryTreeMazeGenerator,Hall)" methodname="DenseWalkways" classname="PlayersWorlds.Maps.Maze.MazeGeneratorAreasTest" runstate="Runnable" seed="78203403" result="Passed" start-time="2024-06-19T14:45:00.4173420Z" end-time="2024-06-19T14:45:00.4760130Z" duration="0.058672" asserts="30" />
                <test-case id="1-1252" name="DenseWalkways(PlayersWorlds.Maps.Maze.BinaryTreeMazeGenerator,Fill)" fullname="PlayersWorlds.Maps.Maze.MazeGeneratorAreasTest.DenseWalkways(PlayersWorlds.Maps.Maze.BinaryTreeMazeGenerator,Fill)" methodname="DenseWalkways" classname="PlayersWorlds.Maps.Maze.MazeGeneratorAreasTest" runstate="Runnable" seed="1524272484" result="Passed" start-time="2024-06-19T14:45:00.4760270Z" end-time="2024-06-19T14:45:00.5217390Z" duration="0.045712" asserts="30" />
                <test-case id="1-1253" name="DenseWalkways(PlayersWorlds.Maps.Maze.HuntAndKillMazeGenerator,Cave)" fullname="PlayersWorlds.Maps.Maze.MazeGeneratorAreasTest.DenseWalkways(PlayersWorlds.Maps.Maze.HuntAndKillMazeGenerator,Cave)" methodname="DenseWalkways" classname="PlayersWorlds.Maps.Maze.MazeGeneratorAreasTest" runstate="Runnable" seed="366951894" result="Passed" start-time="2024-06-19T14:45:00.5217530Z" end-time="2024-06-19T14:45:00.5878360Z" duration="0.066083" asserts="30" />
                <test-case id="1-1254" name="DenseWalkways(PlayersWorlds.Maps.Maze.HuntAndKillMazeGenerator,Hall)" fullname="PlayersWorlds.Maps.Maze.MazeGeneratorAreasTest.DenseWalkways(PlayersWorlds.Maps.Maze.HuntAndKillMazeGenerator,Hall)" methodname="DenseWalkways" classname="PlayersWorlds.Maps.Maze.MazeGeneratorAreasTest" runstate="Runnable" seed="1723974475" result="Passed" start-time="2024-06-19T14:45:00.5878480Z" end-time="2024-06-19T14:45:00.6465400Z" duration="0.058692" asserts="30" />
                <test-case id="1-1255" name="DenseWalkways(PlayersWorlds.Maps.Maze.HuntAndKillMazeGenerator,Fill)" fullname="PlayersWorlds.Maps.Maze.MazeGeneratorAreasTest.DenseWalkways(PlayersWorlds.Maps.Maze.HuntAndKillMazeGenerator,Fill)" methodname="DenseWalkways" classname="PlayersWorlds.Maps.Maze.MazeGeneratorAreasTest" runstate="Runnable" seed="1933599514" result="Passed" start-time="2024-06-19T14:45:00.6465520Z" end-time="2024-06-19T14:45:00.6930220Z" duration="0.046470" asserts="30" />
                <test-case id="1-1256" name="DenseWalkways(PlayersWorlds.Maps.Maze.RecursiveBacktrackerMazeGenerator,Cave)" fullname="PlayersWorlds.Maps.Maze.MazeGeneratorAreasTest.DenseWalkways(PlayersWorlds.Maps.Maze.RecursiveBacktrackerMazeGenerator,Cave)" methodname="DenseWalkways" classname="PlayersWorlds.Maps.Maze.MazeGeneratorAreasTest" runstate="Runnable" seed="1236122024" result="Passed" start-time="2024-06-19T14:45:00.6930370Z" end-time="2024-06-19T14:45:00.7590260Z" duration="0.065989" asserts="30" />
                <test-case id="1-1257" name="DenseWalkways(PlayersWorlds.Maps.Maze.RecursiveBacktrackerMazeGenerator,Hall)" fullname="PlayersWorlds.Maps.Maze.MazeGeneratorAreasTest.DenseWalkways(PlayersWorlds.Maps.Maze.RecursiveBacktrackerMazeGenerator,Hall)" methodname="DenseWalkways" classname="PlayersWorlds.Maps.Maze.MazeGeneratorAreasTest" runstate="Runnable" seed="953571107" result="Passed" start-time="2024-06-19T14:45:00.7590370Z" end-time="2024-06-19T14:45:00.8171330Z" duration="0.058096" asserts="30" />
                <test-case id="1-1258" name="DenseWalkways(PlayersWorlds.Maps.Maze.RecursiveBacktrackerMazeGenerator,Fill)" fullname="PlayersWorlds.Maps.Maze.MazeGeneratorAreasTest.DenseWalkways(PlayersWorlds.Maps.Maze.RecursiveBacktrackerMazeGenerator,Fill)" methodname="DenseWalkways" classname="PlayersWorlds.Maps.Maze.MazeGeneratorAreasTest" runstate="Runnable" seed="1812669879" result="Passed" start-time="2024-06-19T14:45:00.8171470Z" end-time="2024-06-19T14:45:00.8640480Z" duration="0.046902" asserts="30" />
                <test-case id="1-1259" name="DenseWalkways(PlayersWorlds.Maps.Maze.SidewinderMazeGenerator,Cave)" fullname="PlayersWorlds.Maps.Maze.MazeGeneratorAreasTest.DenseWalkways(PlayersWorlds.Maps.Maze.SidewinderMazeGenerator,Cave)" methodname="DenseWalkways" classname="PlayersWorlds.Maps.Maze.MazeGeneratorAreasTest" runstate="Runnable" seed="1614594846" result="Passed" start-time="2024-06-19T14:45:00.8640600Z" end-time="2024-06-19T14:45:00.9322470Z" duration="0.068187" asserts="30" />
                <test-case id="1-1260" name="DenseWalkways(PlayersWorlds.Maps.Maze.SidewinderMazeGenerator,Hall)" fullname="PlayersWorlds.Maps.Maze.MazeGeneratorAreasTest.DenseWalkways(PlayersWorlds.Maps.Maze.SidewinderMazeGenerator,Hall)" methodname="DenseWalkways" classname="PlayersWorlds.Maps.Maze.MazeGeneratorAreasTest" runstate="Runnable" seed="875177805" result="Passed" start-time="2024-06-19T14:45:00.9322600Z" end-time="2024-06-19T14:45:00.9930600Z" duration="0.060800" asserts="30" />
                <test-case id="1-1261" name="DenseWalkways(PlayersWorlds.Maps.Maze.SidewinderMazeGenerator,Fill)" fullname="PlayersWorlds.Maps.Maze.MazeGeneratorAreasTest.DenseWalkways(PlayersWorlds.Maps.Maze.SidewinderMazeGenerator,Fill)" methodname="DenseWalkways" classname="PlayersWorlds.Maps.Maze.MazeGeneratorAreasTest" runstate="Runnable" seed="1155125002" result="Passed" start-time="2024-06-19T14:45:00.9930760Z" end-time="2024-06-19T14:45:01.0403860Z" duration="0.047310" asserts="30" />
                <test-case id="1-1262" name="DenseWalkways(PlayersWorlds.Maps.Maze.WilsonsMazeGenerator,Cave)" fullname="PlayersWorlds.Maps.Maze.MazeGeneratorAreasTest.DenseWalkways(PlayersWorlds.Maps.Maze.WilsonsMazeGenerator,Cave)" methodname="DenseWalkways" classname="PlayersWorlds.Maps.Maze.MazeGeneratorAreasTest" runstate="Runnable" seed="433621346" result="Passed" start-time="2024-06-19T14:45:01.0403980Z" end-time="2024-06-19T14:45:01.1050770Z" duration="0.064679" asserts="30" />
                <test-case id="1-1263" name="DenseWalkways(PlayersWorlds.Maps.Maze.WilsonsMazeGenerator,Hall)" fullname="PlayersWorlds.Maps.Maze.MazeGeneratorAreasTest.DenseWalkways(PlayersWorlds.Maps.Maze.WilsonsMazeGenerator,Hall)" methodname="DenseWalkways" classname="PlayersWorlds.Maps.Maze.MazeGeneratorAreasTest" runstate="Runnable" seed="1770029285" result="Passed" start-time="2024-06-19T14:45:01.1050890Z" end-time="2024-06-19T14:45:01.2229640Z" duration="0.117875" asserts="30" />
                <test-case id="1-1264" name="DenseWalkways(PlayersWorlds.Maps.Maze.WilsonsMazeGenerator,Fill)" fullname="PlayersWorlds.Maps.Maze.MazeGeneratorAreasTest.DenseWalkways(PlayersWorlds.Maps.Maze.WilsonsMazeGenerator,Fill)" methodname="DenseWalkways" classname="PlayersWorlds.Maps.Maze.MazeGeneratorAreasTest" runstate="Runnable" seed="745081551" result="Passed" start-time="2024-06-19T14:45:01.2229790Z" end-time="2024-06-19T14:45:01.2694930Z" duration="0.046515" asserts="30" />
              </test-suite>
              <test-case id="1-1246" name="DenseWalkwaysDebug" fullname="PlayersWorlds.Maps.Maze.MazeGeneratorAreasTest.DenseWalkwaysDebug" methodname="DenseWalkwaysDebug" classname="PlayersWorlds.Maps.Maze.MazeGeneratorAreasTest" runstate="Ignored" seed="1101496851" result="Skipped" label="Ignored" start-time="2024-06-19T14:45:01.2695220Z" end-time="2024-06-19T14:45:01.2695270Z" duration="0.000005" asserts="0">
                <properties>
                  <property name="_SKIPREASON" value="Debug only" />
                </properties>
                <reason>
                  <message><![CDATA[Debug only]]></message>
                </reason>
              </test-case>
              <test-suite type="ParameterizedMethod" id="1-1193" name="FillAreasAreAppliedProperly" fullname="PlayersWorlds.Maps.Maze.MazeGeneratorAreasTest.FillAreasAreAppliedProperly" classname="PlayersWorlds.Maps.Maze.MazeGeneratorAreasTest" runstate="Runnable" testcasecount="6" result="Passed" start-time="2024-06-19T14:45:01.2695330Z" end-time="2024-06-19T14:45:02.4449230Z" duration="1.175390" total="6" passed="6" failed="0" warnings="0" inconclusive="0" skipped="0" asserts="300">
                <properties>
                  <property name="Repeat" value="10" />
                  <property name="Category" value="Integration" />
                </properties>
                <test-case id="1-1187" name="FillAreasAreAppliedProperly(PlayersWorlds.Maps.Maze.AldousBroderMazeGenerator)" fullname="PlayersWorlds.Maps.Maze.MazeGeneratorAreasTest.FillAreasAreAppliedProperly(PlayersWorlds.Maps.Maze.AldousBroderMazeGenerator)" methodname="FillAreasAreAppliedProperly" classname="PlayersWorlds.Maps.Maze.MazeGeneratorAreasTest" runstate="Runnable" seed="476569727" result="Passed" start-time="2024-06-19T14:45:01.2695570Z" end-time="2024-06-19T14:45:01.4902090Z" duration="0.220652" asserts="50" />
                <test-case id="1-1188" name="FillAreasAreAppliedProperly(PlayersWorlds.Maps.Maze.BinaryTreeMazeGenerator)" fullname="PlayersWorlds.Maps.Maze.MazeGeneratorAreasTest.FillAreasAreAppliedProperly(PlayersWorlds.Maps.Maze.BinaryTreeMazeGenerator)" methodname="FillAreasAreAppliedProperly" classname="PlayersWorlds.Maps.Maze.MazeGeneratorAreasTest" runstate="Runnable" seed="1925600083" result="Passed" start-time="2024-06-19T14:45:01.4902240Z" end-time="2024-06-19T14:45:01.6779610Z" duration="0.187736" asserts="50" />
                <test-case id="1-1189" name="FillAreasAreAppliedProperly(PlayersWorlds.Maps.Maze.HuntAndKillMazeGenerator)" fullname="PlayersWorlds.Maps.Maze.MazeGeneratorAreasTest.FillAreasAreAppliedProperly(PlayersWorlds.Maps.Maze.HuntAndKillMazeGenerator)" methodname="FillAreasAreAppliedProperly" classname="PlayersWorlds.Maps.Maze.MazeGeneratorAreasTest" runstate="Runnable" seed="582195009" result="Passed" start-time="2024-06-19T14:45:01.6779740Z" end-time="2024-06-19T14:45:01.8687680Z" duration="0.190794" asserts="50" />
                <test-case id="1-1190" name="FillAreasAreAppliedProperly(PlayersWorlds.Maps.Maze.RecursiveBacktrackerMazeGenerator)" fullname="PlayersWorlds.Maps.Maze.MazeGeneratorAreasTest.FillAreasAreAppliedProperly(PlayersWorlds.Maps.Maze.RecursiveBacktrackerMazeGenerator)" methodname="FillAreasAreAppliedProperly" classname="PlayersWorlds.Maps.Maze.MazeGeneratorAreasTest" runstate="Runnable" seed="1414928356" result="Passed" start-time="2024-06-19T14:45:01.8687820Z" end-time="2024-06-19T14:45:02.0570620Z" duration="0.188280" asserts="50" />
                <test-case id="1-1191" name="FillAreasAreAppliedProperly(PlayersWorlds.Maps.Maze.SidewinderMazeGenerator)" fullname="PlayersWorlds.Maps.Maze.MazeGeneratorAreasTest.FillAreasAreAppliedProperly(PlayersWorlds.Maps.Maze.SidewinderMazeGenerator)" methodname="FillAreasAreAppliedProperly" classname="PlayersWorlds.Maps.Maze.MazeGeneratorAreasTest" runstate="Runnable" seed="630258667" result="Passed" start-time="2024-06-19T14:45:02.0570760Z" end-time="2024-06-19T14:45:02.2464200Z" duration="0.189343" asserts="50" />
                <test-case id="1-1192" name="FillAreasAreAppliedProperly(PlayersWorlds.Maps.Maze.WilsonsMazeGenerator)" fullname="PlayersWorlds.Maps.Maze.MazeGeneratorAreasTest.FillAreasAreAppliedProperly(PlayersWorlds.Maps.Maze.WilsonsMazeGenerator)" methodname="FillAreasAreAppliedProperly" classname="PlayersWorlds.Maps.Maze.MazeGeneratorAreasTest" runstate="Runnable" seed="867063331" result="Passed" start-time="2024-06-19T14:45:02.2464320Z" end-time="2024-06-19T14:45:02.4449060Z" duration="0.198474" asserts="50" />
              </test-suite>
              <test-suite type="ParameterizedMethod" id="1-1200" name="HallAreasAreAppliedProperly" fullname="PlayersWorlds.Maps.Maze.MazeGeneratorAreasTest.HallAreasAreAppliedProperly" classname="PlayersWorlds.Maps.Maze.MazeGeneratorAreasTest" runstate="Runnable" testcasecount="6" result="Passed" start-time="2024-06-19T14:45:02.4449390Z" end-time="2024-06-19T14:45:05.8481130Z" duration="3.403174" total="6" passed="6" failed="0" warnings="0" inconclusive="0" skipped="0" asserts="600">
                <properties>
                  <property name="Repeat" value="10" />
                  <property name="Category" value="Integration" />
                </properties>
                <test-case id="1-1194" name="HallAreasAreAppliedProperly(PlayersWorlds.Maps.Maze.AldousBroderMazeGenerator)" fullname="PlayersWorlds.Maps.Maze.MazeGeneratorAreasTest.HallAreasAreAppliedProperly(PlayersWorlds.Maps.Maze.AldousBroderMazeGenerator)" methodname="HallAreasAreAppliedProperly" classname="PlayersWorlds.Maps.Maze.MazeGeneratorAreasTest" runstate="Runnable" seed="1377370125" result="Passed" start-time="2024-06-19T14:45:02.4449640Z" end-time="2024-06-19T14:45:03.0561870Z" duration="0.611223" asserts="100" />
                <test-case id="1-1195" name="HallAreasAreAppliedProperly(PlayersWorlds.Maps.Maze.BinaryTreeMazeGenerator)" fullname="PlayersWorlds.Maps.Maze.MazeGeneratorAreasTest.HallAreasAreAppliedProperly(PlayersWorlds.Maps.Maze.BinaryTreeMazeGenerator)" methodname="HallAreasAreAppliedProperly" classname="PlayersWorlds.Maps.Maze.MazeGeneratorAreasTest" runstate="Runnable" seed="874243576" result="Passed" start-time="2024-06-19T14:45:03.0562010Z" end-time="2024-06-19T14:45:03.6083030Z" duration="0.552102" asserts="100" />
                <test-case id="1-1196" name="HallAreasAreAppliedProperly(PlayersWorlds.Maps.Maze.HuntAndKillMazeGenerator)" fullname="PlayersWorlds.Maps.Maze.MazeGeneratorAreasTest.HallAreasAreAppliedProperly(PlayersWorlds.Maps.Maze.HuntAndKillMazeGenerator)" methodname="HallAreasAreAppliedProperly" classname="PlayersWorlds.Maps.Maze.MazeGeneratorAreasTest" runstate="Runnable" seed="1155192706" result="Passed" start-time="2024-06-19T14:45:03.6083160Z" end-time="2024-06-19T14:45:04.1643800Z" duration="0.556065" asserts="100" />
                <test-case id="1-1197" name="HallAreasAreAppliedProperly(PlayersWorlds.Maps.Maze.RecursiveBacktrackerMazeGenerator)" fullname="PlayersWorlds.Maps.Maze.MazeGeneratorAreasTest.HallAreasAreAppliedProperly(PlayersWorlds.Maps.Maze.RecursiveBacktrackerMazeGenerator)" methodname="HallAreasAreAppliedProperly" classname="PlayersWorlds.Maps.Maze.MazeGeneratorAreasTest" runstate="Runnable" seed="531887409" result="Passed" start-time="2024-06-19T14:45:04.1643950Z" end-time="2024-06-19T14:45:04.7233320Z" duration="0.558937" asserts="100" />
                <test-case id="1-1198" name="HallAreasAreAppliedProperly(PlayersWorlds.Maps.Maze.SidewinderMazeGenerator)" fullname="PlayersWorlds.Maps.Maze.MazeGeneratorAreasTest.HallAreasAreAppliedProperly(PlayersWorlds.Maps.Maze.SidewinderMazeGenerator)" methodname="HallAreasAreAppliedProperly" classname="PlayersWorlds.Maps.Maze.MazeGeneratorAreasTest" runstate="Runnable" seed="1058556393" result="Passed" start-time="2024-06-19T14:45:04.7233470Z" end-time="2024-06-19T14:45:05.2805680Z" duration="0.557221" asserts="100" />
                <test-case id="1-1199" name="HallAreasAreAppliedProperly(PlayersWorlds.Maps.Maze.WilsonsMazeGenerator)" fullname="PlayersWorlds.Maps.Maze.MazeGeneratorAreasTest.HallAreasAreAppliedProperly(PlayersWorlds.Maps.Maze.WilsonsMazeGenerator)" methodname="HallAreasAreAppliedProperly" classname="PlayersWorlds.Maps.Maze.MazeGeneratorAreasTest" runstate="Runnable" seed="504248081" result="Passed" start-time="2024-06-19T14:45:05.2805820Z" end-time="2024-06-19T14:45:05.8480960Z" duration="0.567514" asserts="100" />
              </test-suite>
              <test-case id="1-1394" name="ManualAndAutoAreasGeneration" fullname="PlayersWorlds.Maps.Maze.MazeGeneratorAreasTest.ManualAndAutoAreasGeneration" methodname="ManualAndAutoAreasGeneration" classname="PlayersWorlds.Maps.Maze.MazeGeneratorAreasTest" runstate="Runnable" seed="283875193" result="Passed" start-time="2024-06-19T14:45:05.8481260Z" end-time="2024-06-19T14:45:18.3720350Z" duration="12.523909" asserts="200">
                <properties>
                  <property name="Repeat" value="100" />
                  <property name="Category" value="Integration" />
                </properties>
              </test-case>
              <test-suite type="ParameterizedMethod" id="1-1226" name="OverlappingAreasAreAppliedProperly" fullname="PlayersWorlds.Maps.Maze.MazeGeneratorAreasTest.OverlappingAreasAreAppliedProperly" classname="PlayersWorlds.Maps.Maze.MazeGeneratorAreasTest" runstate="Runnable" testcasecount="18" result="Passed" start-time="2024-06-19T14:45:18.3720520Z" end-time="2024-06-19T14:45:21.9839610Z" duration="3.611910" total="18" passed="18" failed="0" warnings="0" inconclusive="0" skipped="0" asserts="1320">
                <properties>
                  <property name="Repeat" value="10" />
                  <property name="Category" value="Integration" />
                </properties>
                <test-case id="1-1208" name="OverlappingAreasAreAppliedProperly(PlayersWorlds.Maps.Maze.AldousBroderMazeGenerator,Cave)" fullname="PlayersWorlds.Maps.Maze.MazeGeneratorAreasTest.OverlappingAreasAreAppliedProperly(PlayersWorlds.Maps.Maze.AldousBroderMazeGenerator,Cave)" methodname="OverlappingAreasAreAppliedProperly" classname="PlayersWorlds.Maps.Maze.MazeGeneratorAreasTest" runstate="Runnable" seed="1707689737" result="Passed" start-time="2024-06-19T14:45:18.3720810Z" end-time="2024-06-19T14:45:18.6512760Z" duration="0.279195" asserts="80" />
                <test-case id="1-1209" name="OverlappingAreasAreAppliedProperly(PlayersWorlds.Maps.Maze.AldousBroderMazeGenerator,Hall)" fullname="PlayersWorlds.Maps.Maze.MazeGeneratorAreasTest.OverlappingAreasAreAppliedProperly(PlayersWorlds.Maps.Maze.AldousBroderMazeGenerator,Hall)" methodname="OverlappingAreasAreAppliedProperly" classname="PlayersWorlds.Maps.Maze.MazeGeneratorAreasTest" runstate="Runnable" seed="1688841769" result="Passed" start-time="2024-06-19T14:45:18.6512900Z" end-time="2024-06-19T14:45:18.8605680Z" duration="0.209277" asserts="80" />
                <test-case id="1-1210" name="OverlappingAreasAreAppliedProperly(PlayersWorlds.Maps.Maze.AldousBroderMazeGenerator,Fill)" fullname="PlayersWorlds.Maps.Maze.MazeGeneratorAreasTest.OverlappingAreasAreAppliedProperly(PlayersWorlds.Maps.Maze.AldousBroderMazeGenerator,Fill)" methodname="OverlappingAreasAreAppliedProperly" classname="PlayersWorlds.Maps.Maze.MazeGeneratorAreasTest" runstate="Runnable" seed="1687664702" result="Passed" start-time="2024-06-19T14:45:18.8605810Z" end-time="2024-06-19T14:45:19.0592860Z" duration="0.198705" asserts="60" />
                <test-case id="1-1211" name="OverlappingAreasAreAppliedProperly(PlayersWorlds.Maps.Maze.BinaryTreeMazeGenerator,Cave)" fullname="PlayersWorlds.Maps.Maze.MazeGeneratorAreasTest.OverlappingAreasAreAppliedProperly(PlayersWorlds.Maps.Maze.BinaryTreeMazeGenerator,Cave)" methodname="OverlappingAreasAreAppliedProperly" classname="PlayersWorlds.Maps.Maze.MazeGeneratorAreasTest" runstate="Runnable" seed="1640830847" result="Passed" start-time="2024-06-19T14:45:19.0592990Z" end-time="2024-06-19T14:45:19.3011530Z" duration="0.241854" asserts="80" />
                <test-case id="1-1212" name="OverlappingAreasAreAppliedProperly(PlayersWorlds.Maps.Maze.BinaryTreeMazeGenerator,Hall)" fullname="PlayersWorlds.Maps.Maze.MazeGeneratorAreasTest.OverlappingAreasAreAppliedProperly(PlayersWorlds.Maps.Maze.BinaryTreeMazeGenerator,Hall)" methodname="OverlappingAreasAreAppliedProperly" classname="PlayersWorlds.Maps.Maze.MazeGeneratorAreasTest" runstate="Runnable" seed="6638506" result="Passed" start-time="2024-06-19T14:45:19.3011660Z" end-time="2024-06-19T14:45:19.4690360Z" duration="0.167871" asserts="80" />
                <test-case id="1-1213" name="OverlappingAreasAreAppliedProperly(PlayersWorlds.Maps.Maze.BinaryTreeMazeGenerator,Fill)" fullname="PlayersWorlds.Maps.Maze.MazeGeneratorAreasTest.OverlappingAreasAreAppliedProperly(PlayersWorlds.Maps.Maze.BinaryTreeMazeGenerator,Fill)" methodname="OverlappingAreasAreAppliedProperly" classname="PlayersWorlds.Maps.Maze.MazeGeneratorAreasTest" runstate="Runnable" seed="293156567" result="Passed" start-time="2024-06-19T14:45:19.4690490Z" end-time="2024-06-19T14:45:19.6269680Z" duration="0.157919" asserts="60" />
                <test-case id="1-1214" name="OverlappingAreasAreAppliedProperly(PlayersWorlds.Maps.Maze.HuntAndKillMazeGenerator,Cave)" fullname="PlayersWorlds.Maps.Maze.MazeGeneratorAreasTest.OverlappingAreasAreAppliedProperly(PlayersWorlds.Maps.Maze.HuntAndKillMazeGenerator,Cave)" methodname="OverlappingAreasAreAppliedProperly" classname="PlayersWorlds.Maps.Maze.MazeGeneratorAreasTest" runstate="Runnable" seed="1403105649" result="Passed" start-time="2024-06-19T14:45:19.6269810Z" end-time="2024-06-19T14:45:19.8729530Z" duration="0.245973" asserts="80" />
                <test-case id="1-1215" name="OverlappingAreasAreAppliedProperly(PlayersWorlds.Maps.Maze.HuntAndKillMazeGenerator,Hall)" fullname="PlayersWorlds.Maps.Maze.MazeGeneratorAreasTest.OverlappingAreasAreAppliedProperly(PlayersWorlds.Maps.Maze.HuntAndKillMazeGenerator,Hall)" methodname="OverlappingAreasAreAppliedProperly" classname="PlayersWorlds.Maps.Maze.MazeGeneratorAreasTest" runstate="Runnable" seed="1423342881" result="Passed" start-time="2024-06-19T14:45:19.8729760Z" end-time="2024-06-19T14:45:20.0409050Z" duration="0.167930" asserts="80" />
                <test-case id="1-1216" name="OverlappingAreasAreAppliedProperly(PlayersWorlds.Maps.Maze.HuntAndKillMazeGenerator,Fill)" fullname="PlayersWorlds.Maps.Maze.MazeGeneratorAreasTest.OverlappingAreasAreAppliedProperly(PlayersWorlds.Maps.Maze.HuntAndKillMazeGenerator,Fill)" methodname="OverlappingAreasAreAppliedProperly" classname="PlayersWorlds.Maps.Maze.MazeGeneratorAreasTest" runstate="Runnable" seed="693473440" result="Passed" start-time="2024-06-19T14:45:20.0409180Z" end-time="2024-06-19T14:45:20.1983200Z" duration="0.157401" asserts="60" />
                <test-case id="1-1217" name="OverlappingAreasAreAppliedProperly(PlayersWorlds.Maps.Maze.RecursiveBacktrackerMazeGenerator,Cave)" fullname="PlayersWorlds.Maps.Maze.MazeGeneratorAreasTest.OverlappingAreasAreAppliedProperly(PlayersWorlds.Maps.Maze.RecursiveBacktrackerMazeGenerator,Cave)" methodname="OverlappingAreasAreAppliedProperly" classname="PlayersWorlds.Maps.Maze.MazeGeneratorAreasTest" runstate="Runnable" seed="616029096" result="Passed" start-time="2024-06-19T14:45:20.1983320Z" end-time="2024-06-19T14:45:20.4410420Z" duration="0.242710" asserts="80" />
                <test-case id="1-1218" name="OverlappingAreasAreAppliedProperly(PlayersWorlds.Maps.Maze.RecursiveBacktrackerMazeGenerator,Hall)" fullname="PlayersWorlds.Maps.Maze.MazeGeneratorAreasTest.OverlappingAreasAreAppliedProperly(PlayersWorlds.Maps.Maze.RecursiveBacktrackerMazeGenerator,Hall)" methodname="OverlappingAreasAreAppliedProperly" classname="PlayersWorlds.Maps.Maze.MazeGeneratorAreasTest" runstate="Runnable" seed="1835604207" result="Passed" start-time="2024-06-19T14:45:20.4410560Z" end-time="2024-06-19T14:45:20.6140280Z" duration="0.172973" asserts="80" />
                <test-case id="1-1219" name="OverlappingAreasAreAppliedProperly(PlayersWorlds.Maps.Maze.RecursiveBacktrackerMazeGenerator,Fill)" fullname="PlayersWorlds.Maps.Maze.MazeGeneratorAreasTest.OverlappingAreasAreAppliedProperly(PlayersWorlds.Maps.Maze.RecursiveBacktrackerMazeGenerator,Fill)" methodname="OverlappingAreasAreAppliedProperly" classname="PlayersWorlds.Maps.Maze.MazeGeneratorAreasTest" runstate="Runnable" seed="1719328125" result="Passed" start-time="2024-06-19T14:45:20.6140410Z" end-time="2024-06-19T14:45:20.7730890Z" duration="0.159048" asserts="60" />
                <test-case id="1-1220" name="OverlappingAreasAreAppliedProperly(PlayersWorlds.Maps.Maze.SidewinderMazeGenerator,Cave)" fullname="PlayersWorlds.Maps.Maze.MazeGeneratorAreasTest.OverlappingAreasAreAppliedProperly(PlayersWorlds.Maps.Maze.SidewinderMazeGenerator,Cave)" methodname="OverlappingAreasAreAppliedProperly" classname="PlayersWorlds.Maps.Maze.MazeGeneratorAreasTest" runstate="Runnable" seed="143278960" result="Passed" start-time="2024-06-19T14:45:20.7731010Z" end-time="2024-06-19T14:45:21.0250850Z" duration="0.251984" asserts="80" />
                <test-case id="1-1221" name="OverlappingAreasAreAppliedProperly(PlayersWorlds.Maps.Maze.SidewinderMazeGenerator,Hall)" fullname="PlayersWorlds.Maps.Maze.MazeGeneratorAreasTest.OverlappingAreasAreAppliedProperly(PlayersWorlds.Maps.Maze.SidewinderMazeGenerator,Hall)" methodname="OverlappingAreasAreAppliedProperly" classname="PlayersWorlds.Maps.Maze.MazeGeneratorAreasTest" runstate="Runnable" seed="1097753790" result="Passed" start-time="2024-06-19T14:45:21.0250970Z" end-time="2024-06-19T14:45:21.1980070Z" duration="0.172910" asserts="80" />
                <test-case id="1-1222" name="OverlappingAreasAreAppliedProperly(PlayersWorlds.Maps.Maze.SidewinderMazeGenerator,Fill)" fullname="PlayersWorlds.Maps.Maze.MazeGeneratorAreasTest.OverlappingAreasAreAppliedProperly(PlayersWorlds.Maps.Maze.SidewinderMazeGenerator,Fill)" methodname="OverlappingAreasAreAppliedProperly" classname="PlayersWorlds.Maps.Maze.MazeGeneratorAreasTest" runstate="Runnable" seed="1799384346" result="Passed" start-time="2024-06-19T14:45:21.1980190Z" end-time="2024-06-19T14:45:21.3628320Z" duration="0.164813" asserts="60" />
                <test-case id="1-1223" name="OverlappingAreasAreAppliedProperly(PlayersWorlds.Maps.Maze.WilsonsMazeGenerator,Cave)" fullname="PlayersWorlds.Maps.Maze.MazeGeneratorAreasTest.OverlappingAreasAreAppliedProperly(PlayersWorlds.Maps.Maze.WilsonsMazeGenerator,Cave)" methodname="OverlappingAreasAreAppliedProperly" classname="PlayersWorlds.Maps.Maze.MazeGeneratorAreasTest" runstate="Runnable" seed="1046931566" result="Passed" start-time="2024-06-19T14:45:21.3628450Z" end-time="2024-06-19T14:45:21.6121410Z" duration="0.249296" asserts="80" />
                <test-case id="1-1224" name="OverlappingAreasAreAppliedProperly(PlayersWorlds.Maps.Maze.WilsonsMazeGenerator,Hall)" fullname="PlayersWorlds.Maps.Maze.MazeGeneratorAreasTest.OverlappingAreasAreAppliedProperly(PlayersWorlds.Maps.Maze.WilsonsMazeGenerator,Hall)" methodname="OverlappingAreasAreAppliedProperly" classname="PlayersWorlds.Maps.Maze.MazeGeneratorAreasTest" runstate="Runnable" seed="188482528" result="Passed" start-time="2024-06-19T14:45:21.6121540Z" end-time="2024-06-19T14:45:21.8048820Z" duration="0.192728" asserts="80" />
                <test-case id="1-1225" name="OverlappingAreasAreAppliedProperly(PlayersWorlds.Maps.Maze.WilsonsMazeGenerator,Fill)" fullname="PlayersWorlds.Maps.Maze.MazeGeneratorAreasTest.OverlappingAreasAreAppliedProperly(PlayersWorlds.Maps.Maze.WilsonsMazeGenerator,Fill)" methodname="OverlappingAreasAreAppliedProperly" classname="PlayersWorlds.Maps.Maze.MazeGeneratorAreasTest" runstate="Runnable" seed="477488807" result="Passed" start-time="2024-06-19T14:45:21.8048940Z" end-time="2024-06-19T14:45:21.9839450Z" duration="0.179051" asserts="60" />
              </test-suite>
              <test-suite type="ParameterizedMethod" id="1-1393" name="ScatteredAreas" fullname="PlayersWorlds.Maps.Maze.MazeGeneratorAreasTest.ScatteredAreas" classname="PlayersWorlds.Maps.Maze.MazeGeneratorAreasTest" runstate="Runnable" testcasecount="126" result="Skipped" label="Ignored" site="Child" start-time="2024-06-19T14:45:21.9839750Z" end-time="2024-06-19T14:46:06.2831390Z" duration="44.299165" total="126" passed="24" failed="0" warnings="0" inconclusive="0" skipped="102" asserts="480">
                <properties>
                  <property name="Repeat" value="10" />
                  <property name="Category" value="Integration" />
                </properties>
                <reason>
                  <message><![CDATA[One or more child tests were ignored]]></message>
                </reason>
                <test-case id="1-1267" name="ScatteredAreas(PlayersWorlds.Maps.Maze.AldousBroderMazeGenerator,Cave,Quarter)" fullname="PlayersWorlds.Maps.Maze.MazeGeneratorAreasTest.ScatteredAreas(PlayersWorlds.Maps.Maze.AldousBroderMazeGenerator,Cave,Quarter)" methodname="ScatteredAreas" classname="PlayersWorlds.Maps.Maze.MazeGeneratorAreasTest" runstate="Runnable" seed="1483810923" result="Skipped" label="Ignored" start-time="2024-06-19T14:45:21.9840030Z" end-time="2024-06-19T14:45:21.9847800Z" duration="0.000778" asserts="0" />
                <test-case id="1-1268" name="ScatteredAreas(PlayersWorlds.Maps.Maze.AldousBroderMazeGenerator,Cave,Half)" fullname="PlayersWorlds.Maps.Maze.MazeGeneratorAreasTest.ScatteredAreas(PlayersWorlds.Maps.Maze.AldousBroderMazeGenerator,Cave,Half)" methodname="ScatteredAreas" classname="PlayersWorlds.Maps.Maze.MazeGeneratorAreasTest" runstate="Runnable" seed="1316946484" result="Skipped" label="Ignored" start-time="2024-06-19T14:45:21.9847890Z" end-time="2024-06-19T14:45:21.9848640Z" duration="0.000075" asserts="0" />
                <test-case id="1-1269" name="ScatteredAreas(PlayersWorlds.Maps.Maze.AldousBroderMazeGenerator,Cave,ThreeQuarters)" fullname="PlayersWorlds.Maps.Maze.MazeGeneratorAreasTest.ScatteredAreas(PlayersWorlds.Maps.Maze.AldousBroderMazeGenerator,Cave,ThreeQuarters)" methodname="ScatteredAreas" classname="PlayersWorlds.Maps.Maze.MazeGeneratorAreasTest" runstate="Runnable" seed="1630510155" result="Skipped" label="Ignored" start-time="2024-06-19T14:45:21.9848700Z" end-time="2024-06-19T14:45:21.9849290Z" duration="0.000059" asserts="0" />
                <test-case id="1-1270" name="ScatteredAreas(PlayersWorlds.Maps.Maze.AldousBroderMazeGenerator,Cave,NinetyPercent)" fullname="PlayersWorlds.Maps.Maze.MazeGeneratorAreasTest.ScatteredAreas(PlayersWorlds.Maps.Maze.AldousBroderMazeGenerator,Cave,NinetyPercent)" methodname="ScatteredAreas" classname="PlayersWorlds.Maps.Maze.MazeGeneratorAreasTest" runstate="Runnable" seed="756291728" result="Skipped" label="Ignored" start-time="2024-06-19T14:45:21.9849340Z" end-time="2024-06-19T14:45:21.9849890Z" duration="0.000055" asserts="0" />
                <test-case id="1-1271" name="ScatteredAreas(PlayersWorlds.Maps.Maze.AldousBroderMazeGenerator,Cave,FullWidth)" fullname="PlayersWorlds.Maps.Maze.MazeGeneratorAreasTest.ScatteredAreas(PlayersWorlds.Maps.Maze.AldousBroderMazeGenerator,Cave,FullWidth)" methodname="ScatteredAreas" classname="PlayersWorlds.Maps.Maze.MazeGeneratorAreasTest" runstate="Runnable" seed="963098619" result="Skipped" label="Ignored" start-time="2024-06-19T14:45:21.9849940Z" end-time="2024-06-19T14:45:21.9850480Z" duration="0.000054" asserts="0" />
                <test-case id="1-1272" name="ScatteredAreas(PlayersWorlds.Maps.Maze.AldousBroderMazeGenerator,Cave,FullHeight)" fullname="PlayersWorlds.Maps.Maze.MazeGeneratorAreasTest.ScatteredAreas(PlayersWorlds.Maps.Maze.AldousBroderMazeGenerator,Cave,FullHeight)" methodname="ScatteredAreas" classname="PlayersWorlds.Maps.Maze.MazeGeneratorAreasTest" runstate="Runnable" seed="881339875" result="Skipped" label="Ignored" start-time="2024-06-19T14:45:21.9850540Z" end-time="2024-06-19T14:45:21.9851060Z" duration="0.000052" asserts="0" />
                <test-case id="1-1273" name="ScatteredAreas(PlayersWorlds.Maps.Maze.AldousBroderMazeGenerator,Cave,Full)" fullname="PlayersWorlds.Maps.Maze.MazeGeneratorAreasTest.ScatteredAreas(PlayersWorlds.Maps.Maze.AldousBroderMazeGenerator,Cave,Full)" methodname="ScatteredAreas" classname="PlayersWorlds.Maps.Maze.MazeGeneratorAreasTest" runstate="Runnable" seed="727380554" result="Passed" start-time="2024-06-19T14:45:21.9851110Z" end-time="2024-06-19T14:45:24.0049600Z" duration="2.019849" asserts="20" />
                <test-case id="1-1274" name="ScatteredAreas(PlayersWorlds.Maps.Maze.AldousBroderMazeGenerator,Hall,Quarter)" fullname="PlayersWorlds.Maps.Maze.MazeGeneratorAreasTest.ScatteredAreas(PlayersWorlds.Maps.Maze.AldousBroderMazeGenerator,Hall,Quarter)" methodname="ScatteredAreas" classname="PlayersWorlds.Maps.Maze.MazeGeneratorAreasTest" runstate="Runnable" seed="1435940381" result="Skipped" label="Ignored" start-time="2024-06-19T14:45:24.0049740Z" end-time="2024-06-19T14:45:24.0051180Z" duration="0.000145" asserts="0" />
                <test-case id="1-1275" name="ScatteredAreas(PlayersWorlds.Maps.Maze.AldousBroderMazeGenerator,Hall,Half)" fullname="PlayersWorlds.Maps.Maze.MazeGeneratorAreasTest.ScatteredAreas(PlayersWorlds.Maps.Maze.AldousBroderMazeGenerator,Hall,Half)" methodname="ScatteredAreas" classname="PlayersWorlds.Maps.Maze.MazeGeneratorAreasTest" runstate="Runnable" seed="1414051453" result="Skipped" label="Ignored" start-time="2024-06-19T14:45:24.0051260Z" end-time="2024-06-19T14:45:24.0051950Z" duration="0.000069" asserts="0" />
                <test-case id="1-1276" name="ScatteredAreas(PlayersWorlds.Maps.Maze.AldousBroderMazeGenerator,Hall,ThreeQuarters)" fullname="PlayersWorlds.Maps.Maze.MazeGeneratorAreasTest.ScatteredAreas(PlayersWorlds.Maps.Maze.AldousBroderMazeGenerator,Hall,ThreeQuarters)" methodname="ScatteredAreas" classname="PlayersWorlds.Maps.Maze.MazeGeneratorAreasTest" runstate="Runnable" seed="4392116" result="Skipped" label="Ignored" start-time="2024-06-19T14:45:24.0052000Z" end-time="2024-06-19T14:45:24.0052570Z" duration="0.000057" asserts="0" />
                <test-case id="1-1277" name="ScatteredAreas(PlayersWorlds.Maps.Maze.AldousBroderMazeGenerator,Hall,NinetyPercent)" fullname="PlayersWorlds.Maps.Maze.MazeGeneratorAreasTest.ScatteredAreas(PlayersWorlds.Maps.Maze.AldousBroderMazeGenerator,Hall,NinetyPercent)" methodname="ScatteredAreas" classname="PlayersWorlds.Maps.Maze.MazeGeneratorAreasTest" runstate="Runnable" seed="252451323" result="Skipped" label="Ignored" start-time="2024-06-19T14:45:24.0052620Z" end-time="2024-06-19T14:45:24.0053160Z" duration="0.000054" asserts="0" />
                <test-case id="1-1278" name="ScatteredAreas(PlayersWorlds.Maps.Maze.AldousBroderMazeGenerator,Hall,FullWidth)" fullname="PlayersWorlds.Maps.Maze.MazeGeneratorAreasTest.ScatteredAreas(PlayersWorlds.Maps.Maze.AldousBroderMazeGenerator,Hall,FullWidth)" methodname="ScatteredAreas" classname="PlayersWorlds.Maps.Maze.MazeGeneratorAreasTest" runstate="Runnable" seed="1734827816" result="Skipped" label="Ignored" start-time="2024-06-19T14:45:24.0053220Z" end-time="2024-06-19T14:45:24.0053740Z" duration="0.000052" asserts="0" />
                <test-case id="1-1279" name="ScatteredAreas(PlayersWorlds.Maps.Maze.AldousBroderMazeGenerator,Hall,FullHeight)" fullname="PlayersWorlds.Maps.Maze.MazeGeneratorAreasTest.ScatteredAreas(PlayersWorlds.Maps.Maze.AldousBroderMazeGenerator,Hall,FullHeight)" methodname="ScatteredAreas" classname="PlayersWorlds.Maps.Maze.MazeGeneratorAreasTest" runstate="Runnable" seed="1821662946" result="Skipped" label="Ignored" start-time="2024-06-19T14:45:24.0053790Z" end-time="2024-06-19T14:45:24.0054310Z" duration="0.000052" asserts="0" />
                <test-case id="1-1280" name="ScatteredAreas(PlayersWorlds.Maps.Maze.AldousBroderMazeGenerator,Hall,Full)" fullname="PlayersWorlds.Maps.Maze.MazeGeneratorAreasTest.ScatteredAreas(PlayersWorlds.Maps.Maze.AldousBroderMazeGenerator,Hall,Full)" methodname="ScatteredAreas" classname="PlayersWorlds.Maps.Maze.MazeGeneratorAreasTest" runstate="Runnable" seed="1410443694" result="Passed" start-time="2024-06-19T14:45:24.0054360Z" end-time="2024-06-19T14:45:26.0240150Z" duration="2.018579" asserts="20" />
                <test-case id="1-1281" name="ScatteredAreas(PlayersWorlds.Maps.Maze.AldousBroderMazeGenerator,Fill,Quarter)" fullname="PlayersWorlds.Maps.Maze.MazeGeneratorAreasTest.ScatteredAreas(PlayersWorlds.Maps.Maze.AldousBroderMazeGenerator,Fill,Quarter)" methodname="ScatteredAreas" classname="PlayersWorlds.Maps.Maze.MazeGeneratorAreasTest" runstate="Runnable" seed="300627992" result="Skipped" label="Ignored" start-time="2024-06-19T14:45:26.0240320Z" end-time="2024-06-19T14:45:26.0241810Z" duration="0.000149" asserts="0" />
                <test-case id="1-1282" name="ScatteredAreas(PlayersWorlds.Maps.Maze.AldousBroderMazeGenerator,Fill,Half)" fullname="PlayersWorlds.Maps.Maze.MazeGeneratorAreasTest.ScatteredAreas(PlayersWorlds.Maps.Maze.AldousBroderMazeGenerator,Fill,Half)" methodname="ScatteredAreas" classname="PlayersWorlds.Maps.Maze.MazeGeneratorAreasTest" runstate="Runnable" seed="666382446" result="Skipped" label="Ignored" start-time="2024-06-19T14:45:26.0241880Z" end-time="2024-06-19T14:45:26.0242540Z" duration="0.000066" asserts="0" />
                <test-case id="1-1283" name="ScatteredAreas(PlayersWorlds.Maps.Maze.AldousBroderMazeGenerator,Fill,ThreeQuarters)" fullname="PlayersWorlds.Maps.Maze.MazeGeneratorAreasTest.ScatteredAreas(PlayersWorlds.Maps.Maze.AldousBroderMazeGenerator,Fill,ThreeQuarters)" methodname="ScatteredAreas" classname="PlayersWorlds.Maps.Maze.MazeGeneratorAreasTest" runstate="Runnable" seed="1437700265" result="Skipped" label="Ignored" start-time="2024-06-19T14:45:26.0242590Z" end-time="2024-06-19T14:45:26.0243180Z" duration="0.000059" asserts="0" />
                <test-case id="1-1284" name="ScatteredAreas(PlayersWorlds.Maps.Maze.AldousBroderMazeGenerator,Fill,NinetyPercent)" fullname="PlayersWorlds.Maps.Maze.MazeGeneratorAreasTest.ScatteredAreas(PlayersWorlds.Maps.Maze.AldousBroderMazeGenerator,Fill,NinetyPercent)" methodname="ScatteredAreas" classname="PlayersWorlds.Maps.Maze.MazeGeneratorAreasTest" runstate="Runnable" seed="932869204" result="Skipped" label="Ignored" start-time="2024-06-19T14:45:26.0243230Z" end-time="2024-06-19T14:45:26.0243770Z" duration="0.000054" asserts="0" />
                <test-case id="1-1285" name="ScatteredAreas(PlayersWorlds.Maps.Maze.AldousBroderMazeGenerator,Fill,FullWidth)" fullname="PlayersWorlds.Maps.Maze.MazeGeneratorAreasTest.ScatteredAreas(PlayersWorlds.Maps.Maze.AldousBroderMazeGenerator,Fill,FullWidth)" methodname="ScatteredAreas" classname="PlayersWorlds.Maps.Maze.MazeGeneratorAreasTest" runstate="Runnable" seed="705054100" result="Skipped" label="Ignored" start-time="2024-06-19T14:45:26.0243820Z" end-time="2024-06-19T14:45:26.0244340Z" duration="0.000052" asserts="0" />
                <test-case id="1-1286" name="ScatteredAreas(PlayersWorlds.Maps.Maze.AldousBroderMazeGenerator,Fill,FullHeight)" fullname="PlayersWorlds.Maps.Maze.MazeGeneratorAreasTest.ScatteredAreas(PlayersWorlds.Maps.Maze.AldousBroderMazeGenerator,Fill,FullHeight)" methodname="ScatteredAreas" classname="PlayersWorlds.Maps.Maze.MazeGeneratorAreasTest" runstate="Runnable" seed="1829432513" result="Skipped" label="Ignored" start-time="2024-06-19T14:45:26.0244390Z" end-time="2024-06-19T14:45:26.0244910Z" duration="0.000051" asserts="0" />
                <test-case id="1-1287" name="ScatteredAreas(PlayersWorlds.Maps.Maze.AldousBroderMazeGenerator,Fill,Full)" fullname="PlayersWorlds.Maps.Maze.MazeGeneratorAreasTest.ScatteredAreas(PlayersWorlds.Maps.Maze.AldousBroderMazeGenerator,Fill,Full)" methodname="ScatteredAreas" classname="PlayersWorlds.Maps.Maze.MazeGeneratorAreasTest" runstate="Runnable" seed="1868382061" result="Skipped" label="Ignored" start-time="2024-06-19T14:45:26.0244960Z" end-time="2024-06-19T14:45:26.0245460Z" duration="0.000050" asserts="0" />
                <test-case id="1-1288" name="ScatteredAreas(PlayersWorlds.Maps.Maze.BinaryTreeMazeGenerator,Cave,Quarter)" fullname="PlayersWorlds.Maps.Maze.MazeGeneratorAreasTest.ScatteredAreas(PlayersWorlds.Maps.Maze.BinaryTreeMazeGenerator,Cave,Quarter)" methodname="ScatteredAreas" classname="PlayersWorlds.Maps.Maze.MazeGeneratorAreasTest" runstate="Runnable" seed="482828768" result="Skipped" label="Ignored" start-time="2024-06-19T14:45:26.0245510Z" end-time="2024-06-19T14:45:26.0246030Z" duration="0.000052" asserts="0" />
                <test-case id="1-1289" name="ScatteredAreas(PlayersWorlds.Maps.Maze.BinaryTreeMazeGenerator,Cave,Half)" fullname="PlayersWorlds.Maps.Maze.MazeGeneratorAreasTest.ScatteredAreas(PlayersWorlds.Maps.Maze.BinaryTreeMazeGenerator,Cave,Half)" methodname="ScatteredAreas" classname="PlayersWorlds.Maps.Maze.MazeGeneratorAreasTest" runstate="Runnable" seed="1690846745" result="Skipped" label="Ignored" start-time="2024-06-19T14:45:26.0246080Z" end-time="2024-06-19T14:45:26.0246620Z" duration="0.000054" asserts="0" />
                <test-case id="1-1290" name="ScatteredAreas(PlayersWorlds.Maps.Maze.BinaryTreeMazeGenerator,Cave,ThreeQuarters)" fullname="PlayersWorlds.Maps.Maze.MazeGeneratorAreasTest.ScatteredAreas(PlayersWorlds.Maps.Maze.BinaryTreeMazeGenerator,Cave,ThreeQuarters)" methodname="ScatteredAreas" classname="PlayersWorlds.Maps.Maze.MazeGeneratorAreasTest" runstate="Runnable" seed="696531323" result="Skipped" label="Ignored" start-time="2024-06-19T14:45:26.0246670Z" end-time="2024-06-19T14:45:26.0247200Z" duration="0.000053" asserts="0" />
                <test-case id="1-1291" name="ScatteredAreas(PlayersWorlds.Maps.Maze.BinaryTreeMazeGenerator,Cave,NinetyPercent)" fullname="PlayersWorlds.Maps.Maze.MazeGeneratorAreasTest.ScatteredAreas(PlayersWorlds.Maps.Maze.BinaryTreeMazeGenerator,Cave,NinetyPercent)" methodname="ScatteredAreas" classname="PlayersWorlds.Maps.Maze.MazeGeneratorAreasTest" runstate="Runnable" seed="1690570020" result="Skipped" label="Ignored" start-time="2024-06-19T14:45:26.0247260Z" end-time="2024-06-19T14:45:26.0247780Z" duration="0.000052" asserts="0" />
                <test-case id="1-1292" name="ScatteredAreas(PlayersWorlds.Maps.Maze.BinaryTreeMazeGenerator,Cave,FullWidth)" fullname="PlayersWorlds.Maps.Maze.MazeGeneratorAreasTest.ScatteredAreas(PlayersWorlds.Maps.Maze.BinaryTreeMazeGenerator,Cave,FullWidth)" methodname="ScatteredAreas" classname="PlayersWorlds.Maps.Maze.MazeGeneratorAreasTest" runstate="Runnable" seed="1727928919" result="Skipped" label="Ignored" start-time="2024-06-19T14:45:26.0247830Z" end-time="2024-06-19T14:45:26.0248370Z" duration="0.000054" asserts="0" />
                <test-case id="1-1293" name="ScatteredAreas(PlayersWorlds.Maps.Maze.BinaryTreeMazeGenerator,Cave,FullHeight)" fullname="PlayersWorlds.Maps.Maze.MazeGeneratorAreasTest.ScatteredAreas(PlayersWorlds.Maps.Maze.BinaryTreeMazeGenerator,Cave,FullHeight)" methodname="ScatteredAreas" classname="PlayersWorlds.Maps.Maze.MazeGeneratorAreasTest" runstate="Runnable" seed="1975952046" result="Skipped" label="Ignored" start-time="2024-06-19T14:45:26.0248420Z" end-time="2024-06-19T14:45:26.0248930Z" duration="0.000051" asserts="0" />
                <test-case id="1-1294" name="ScatteredAreas(PlayersWorlds.Maps.Maze.BinaryTreeMazeGenerator,Cave,Full)" fullname="PlayersWorlds.Maps.Maze.MazeGeneratorAreasTest.ScatteredAreas(PlayersWorlds.Maps.Maze.BinaryTreeMazeGenerator,Cave,Full)" methodname="ScatteredAreas" classname="PlayersWorlds.Maps.Maze.MazeGeneratorAreasTest" runstate="Runnable" seed="137286096" result="Passed" start-time="2024-06-19T14:45:26.0248990Z" end-time="2024-06-19T14:45:27.7972780Z" duration="1.772380" asserts="20" />
                <test-case id="1-1295" name="ScatteredAreas(PlayersWorlds.Maps.Maze.BinaryTreeMazeGenerator,Hall,Quarter)" fullname="PlayersWorlds.Maps.Maze.MazeGeneratorAreasTest.ScatteredAreas(PlayersWorlds.Maps.Maze.BinaryTreeMazeGenerator,Hall,Quarter)" methodname="ScatteredAreas" classname="PlayersWorlds.Maps.Maze.MazeGeneratorAreasTest" runstate="Runnable" seed="999648311" result="Skipped" label="Ignored" start-time="2024-06-19T14:45:27.7973040Z" end-time="2024-06-19T14:45:27.7974530Z" duration="0.000149" asserts="0" />
                <test-case id="1-1296" name="ScatteredAreas(PlayersWorlds.Maps.Maze.BinaryTreeMazeGenerator,Hall,Half)" fullname="PlayersWorlds.Maps.Maze.MazeGeneratorAreasTest.ScatteredAreas(PlayersWorlds.Maps.Maze.BinaryTreeMazeGenerator,Hall,Half)" methodname="ScatteredAreas" classname="PlayersWorlds.Maps.Maze.MazeGeneratorAreasTest" runstate="Runnable" seed="645680971" result="Skipped" label="Ignored" start-time="2024-06-19T14:45:27.7974600Z" end-time="2024-06-19T14:45:27.7975260Z" duration="0.000066" asserts="0" />
                <test-case id="1-1297" name="ScatteredAreas(PlayersWorlds.Maps.Maze.BinaryTreeMazeGenerator,Hall,ThreeQuarters)" fullname="PlayersWorlds.Maps.Maze.MazeGeneratorAreasTest.ScatteredAreas(PlayersWorlds.Maps.Maze.BinaryTreeMazeGenerator,Hall,ThreeQuarters)" methodname="ScatteredAreas" classname="PlayersWorlds.Maps.Maze.MazeGeneratorAreasTest" runstate="Runnable" seed="1876907970" result="Skipped" label="Ignored" start-time="2024-06-19T14:45:27.7975320Z" end-time="2024-06-19T14:45:27.7975920Z" duration="0.000060" asserts="0" />
                <test-case id="1-1298" name="ScatteredAreas(PlayersWorlds.Maps.Maze.BinaryTreeMazeGenerator,Hall,NinetyPercent)" fullname="PlayersWorlds.Maps.Maze.MazeGeneratorAreasTest.ScatteredAreas(PlayersWorlds.Maps.Maze.BinaryTreeMazeGenerator,Hall,NinetyPercent)" methodname="ScatteredAreas" classname="PlayersWorlds.Maps.Maze.MazeGeneratorAreasTest" runstate="Runnable" seed="1326276171" result="Skipped" label="Ignored" start-time="2024-06-19T14:45:27.7975970Z" end-time="2024-06-19T14:45:27.7976510Z" duration="0.000054" asserts="0" />
                <test-case id="1-1299" name="ScatteredAreas(PlayersWorlds.Maps.Maze.BinaryTreeMazeGenerator,Hall,FullWidth)" fullname="PlayersWorlds.Maps.Maze.MazeGeneratorAreasTest.ScatteredAreas(PlayersWorlds.Maps.Maze.BinaryTreeMazeGenerator,Hall,FullWidth)" methodname="ScatteredAreas" classname="PlayersWorlds.Maps.Maze.MazeGeneratorAreasTest" runstate="Runnable" seed="2011330490" result="Skipped" label="Ignored" start-time="2024-06-19T14:45:27.7976570Z" end-time="2024-06-19T14:45:27.7977090Z" duration="0.000052" asserts="0" />
                <test-case id="1-1300" name="ScatteredAreas(PlayersWorlds.Maps.Maze.BinaryTreeMazeGenerator,Hall,FullHeight)" fullname="PlayersWorlds.Maps.Maze.MazeGeneratorAreasTest.ScatteredAreas(PlayersWorlds.Maps.Maze.BinaryTreeMazeGenerator,Hall,FullHeight)" methodname="ScatteredAreas" classname="PlayersWorlds.Maps.Maze.MazeGeneratorAreasTest" runstate="Runnable" seed="1010185718" result="Skipped" label="Ignored" start-time="2024-06-19T14:45:27.7977150Z" end-time="2024-06-19T14:45:27.7977670Z" duration="0.000052" asserts="0" />
                <test-case id="1-1301" name="ScatteredAreas(PlayersWorlds.Maps.Maze.BinaryTreeMazeGenerator,Hall,Full)" fullname="PlayersWorlds.Maps.Maze.MazeGeneratorAreasTest.ScatteredAreas(PlayersWorlds.Maps.Maze.BinaryTreeMazeGenerator,Hall,Full)" methodname="ScatteredAreas" classname="PlayersWorlds.Maps.Maze.MazeGeneratorAreasTest" runstate="Runnable" seed="1839348774" result="Passed" start-time="2024-06-19T14:45:27.7977730Z" end-time="2024-06-19T14:45:29.5618790Z" duration="1.764106" asserts="20" />
                <test-case id="1-1302" name="ScatteredAreas(PlayersWorlds.Maps.Maze.BinaryTreeMazeGenerator,Fill,Quarter)" fullname="PlayersWorlds.Maps.Maze.MazeGeneratorAreasTest.ScatteredAreas(PlayersWorlds.Maps.Maze.BinaryTreeMazeGenerator,Fill,Quarter)" methodname="ScatteredAreas" classname="PlayersWorlds.Maps.Maze.MazeGeneratorAreasTest" runstate="Runnable" seed="681049847" result="Skipped" label="Ignored" start-time="2024-06-19T14:45:29.5618950Z" end-time="2024-06-19T14:45:29.5620430Z" duration="0.000148" asserts="0" />
                <test-case id="1-1303" name="ScatteredAreas(PlayersWorlds.Maps.Maze.BinaryTreeMazeGenerator,Fill,Half)" fullname="PlayersWorlds.Maps.Maze.MazeGeneratorAreasTest.ScatteredAreas(PlayersWorlds.Maps.Maze.BinaryTreeMazeGenerator,Fill,Half)" methodname="ScatteredAreas" classname="PlayersWorlds.Maps.Maze.MazeGeneratorAreasTest" runstate="Runnable" seed="1550166986" result="Skipped" label="Ignored" start-time="2024-06-19T14:45:29.5620490Z" end-time="2024-06-19T14:45:29.5621160Z" duration="0.000067" asserts="0" />
                <test-case id="1-1304" name="ScatteredAreas(PlayersWorlds.Maps.Maze.BinaryTreeMazeGenerator,Fill,ThreeQuarters)" fullname="PlayersWorlds.Maps.Maze.MazeGeneratorAreasTest.ScatteredAreas(PlayersWorlds.Maps.Maze.BinaryTreeMazeGenerator,Fill,ThreeQuarters)" methodname="ScatteredAreas" classname="PlayersWorlds.Maps.Maze.MazeGeneratorAreasTest" runstate="Runnable" seed="1222128823" result="Skipped" label="Ignored" start-time="2024-06-19T14:45:29.5621220Z" end-time="2024-06-19T14:45:29.5621780Z" duration="0.000056" asserts="0" />
                <test-case id="1-1305" name="ScatteredAreas(PlayersWorlds.Maps.Maze.BinaryTreeMazeGenerator,Fill,NinetyPercent)" fullname="PlayersWorlds.Maps.Maze.MazeGeneratorAreasTest.ScatteredAreas(PlayersWorlds.Maps.Maze.BinaryTreeMazeGenerator,Fill,NinetyPercent)" methodname="ScatteredAreas" classname="PlayersWorlds.Maps.Maze.MazeGeneratorAreasTest" runstate="Runnable" seed="391604839" result="Skipped" label="Ignored" start-time="2024-06-19T14:45:29.5621840Z" end-time="2024-06-19T14:45:29.5622380Z" duration="0.000054" asserts="0" />
                <test-case id="1-1306" name="ScatteredAreas(PlayersWorlds.Maps.Maze.BinaryTreeMazeGenerator,Fill,FullWidth)" fullname="PlayersWorlds.Maps.Maze.MazeGeneratorAreasTest.ScatteredAreas(PlayersWorlds.Maps.Maze.BinaryTreeMazeGenerator,Fill,FullWidth)" methodname="ScatteredAreas" classname="PlayersWorlds.Maps.Maze.MazeGeneratorAreasTest" runstate="Runnable" seed="542234691" result="Skipped" label="Ignored" start-time="2024-06-19T14:45:29.5622430Z" end-time="2024-06-19T14:45:29.5622940Z" duration="0.000052" asserts="0" />
                <test-case id="1-1307" name="ScatteredAreas(PlayersWorlds.Maps.Maze.BinaryTreeMazeGenerator,Fill,FullHeight)" fullname="PlayersWorlds.Maps.Maze.MazeGeneratorAreasTest.ScatteredAreas(PlayersWorlds.Maps.Maze.BinaryTreeMazeGenerator,Fill,FullHeight)" methodname="ScatteredAreas" classname="PlayersWorlds.Maps.Maze.MazeGeneratorAreasTest" runstate="Runnable" seed="697607317" result="Skipped" label="Ignored" start-time="2024-06-19T14:45:29.5623000Z" end-time="2024-06-19T14:45:29.5623510Z" duration="0.000051" asserts="0" />
                <test-case id="1-1308" name="ScatteredAreas(PlayersWorlds.Maps.Maze.BinaryTreeMazeGenerator,Fill,Full)" fullname="PlayersWorlds.Maps.Maze.MazeGeneratorAreasTest.ScatteredAreas(PlayersWorlds.Maps.Maze.BinaryTreeMazeGenerator,Fill,Full)" methodname="ScatteredAreas" classname="PlayersWorlds.Maps.Maze.MazeGeneratorAreasTest" runstate="Runnable" seed="1664181265" result="Skipped" label="Ignored" start-time="2024-06-19T14:45:29.5623560Z" end-time="2024-06-19T14:45:29.5624080Z" duration="0.000052" asserts="0" />
                <test-case id="1-1309" name="ScatteredAreas(PlayersWorlds.Maps.Maze.HuntAndKillMazeGenerator,Cave,Quarter)" fullname="PlayersWorlds.Maps.Maze.MazeGeneratorAreasTest.ScatteredAreas(PlayersWorlds.Maps.Maze.HuntAndKillMazeGenerator,Cave,Quarter)" methodname="ScatteredAreas" classname="PlayersWorlds.Maps.Maze.MazeGeneratorAreasTest" runstate="Runnable" seed="798160542" result="Skipped" label="Ignored" start-time="2024-06-19T14:45:29.5624130Z" end-time="2024-06-19T14:45:29.5624660Z" duration="0.000053" asserts="0" />
                <test-case id="1-1310" name="ScatteredAreas(PlayersWorlds.Maps.Maze.HuntAndKillMazeGenerator,Cave,Half)" fullname="PlayersWorlds.Maps.Maze.MazeGeneratorAreasTest.ScatteredAreas(PlayersWorlds.Maps.Maze.HuntAndKillMazeGenerator,Cave,Half)" methodname="ScatteredAreas" classname="PlayersWorlds.Maps.Maze.MazeGeneratorAreasTest" runstate="Runnable" seed="714581414" result="Skipped" label="Ignored" start-time="2024-06-19T14:45:29.5624720Z" end-time="2024-06-19T14:45:29.5625260Z" duration="0.000055" asserts="0" />
                <test-case id="1-1311" name="ScatteredAreas(PlayersWorlds.Maps.Maze.HuntAndKillMazeGenerator,Cave,ThreeQuarters)" fullname="PlayersWorlds.Maps.Maze.MazeGeneratorAreasTest.ScatteredAreas(PlayersWorlds.Maps.Maze.HuntAndKillMazeGenerator,Cave,ThreeQuarters)" methodname="ScatteredAreas" classname="PlayersWorlds.Maps.Maze.MazeGeneratorAreasTest" runstate="Runnable" seed="996052542" result="Skipped" label="Ignored" start-time="2024-06-19T14:45:29.5625320Z" end-time="2024-06-19T14:45:29.5625880Z" duration="0.000057" asserts="0" />
                <test-case id="1-1312" name="ScatteredAreas(PlayersWorlds.Maps.Maze.HuntAndKillMazeGenerator,Cave,NinetyPercent)" fullname="PlayersWorlds.Maps.Maze.MazeGeneratorAreasTest.ScatteredAreas(PlayersWorlds.Maps.Maze.HuntAndKillMazeGenerator,Cave,NinetyPercent)" methodname="ScatteredAreas" classname="PlayersWorlds.Maps.Maze.MazeGeneratorAreasTest" runstate="Runnable" seed="1998434490" result="Skipped" label="Ignored" start-time="2024-06-19T14:45:29.5625930Z" end-time="2024-06-19T14:45:29.5626460Z" duration="0.000053" asserts="0" />
                <test-case id="1-1313" name="ScatteredAreas(PlayersWorlds.Maps.Maze.HuntAndKillMazeGenerator,Cave,FullWidth)" fullname="PlayersWorlds.Maps.Maze.MazeGeneratorAreasTest.ScatteredAreas(PlayersWorlds.Maps.Maze.HuntAndKillMazeGenerator,Cave,FullWidth)" methodname="ScatteredAreas" classname="PlayersWorlds.Maps.Maze.MazeGeneratorAreasTest" runstate="Runnable" seed="1930442968" result="Skipped" label="Ignored" start-time="2024-06-19T14:45:29.5626510Z" end-time="2024-06-19T14:45:29.5627030Z" duration="0.000052" asserts="0" />
                <test-case id="1-1314" name="ScatteredAreas(PlayersWorlds.Maps.Maze.HuntAndKillMazeGenerator,Cave,FullHeight)" fullname="PlayersWorlds.Maps.Maze.MazeGeneratorAreasTest.ScatteredAreas(PlayersWorlds.Maps.Maze.HuntAndKillMazeGenerator,Cave,FullHeight)" methodname="ScatteredAreas" classname="PlayersWorlds.Maps.Maze.MazeGeneratorAreasTest" runstate="Runnable" seed="2018236565" result="Skipped" label="Ignored" start-time="2024-06-19T14:45:29.5627080Z" end-time="2024-06-19T14:45:29.5627590Z" duration="0.000051" asserts="0" />
                <test-case id="1-1315" name="ScatteredAreas(PlayersWorlds.Maps.Maze.HuntAndKillMazeGenerator,Cave,Full)" fullname="PlayersWorlds.Maps.Maze.MazeGeneratorAreasTest.ScatteredAreas(PlayersWorlds.Maps.Maze.HuntAndKillMazeGenerator,Cave,Full)" methodname="ScatteredAreas" classname="PlayersWorlds.Maps.Maze.MazeGeneratorAreasTest" runstate="Runnable" seed="1966433952" result="Passed" start-time="2024-06-19T14:45:29.5627640Z" end-time="2024-06-19T14:45:31.3381340Z" duration="1.775370" asserts="20" />
                <test-case id="1-1316" name="ScatteredAreas(PlayersWorlds.Maps.Maze.HuntAndKillMazeGenerator,Hall,Quarter)" fullname="PlayersWorlds.Maps.Maze.MazeGeneratorAreasTest.ScatteredAreas(PlayersWorlds.Maps.Maze.HuntAndKillMazeGenerator,Hall,Quarter)" methodname="ScatteredAreas" classname="PlayersWorlds.Maps.Maze.MazeGeneratorAreasTest" runstate="Runnable" seed="1050306902" result="Skipped" label="Ignored" start-time="2024-06-19T14:45:31.3381510Z" end-time="2024-06-19T14:45:31.3382980Z" duration="0.000148" asserts="0" />
                <test-case id="1-1317" name="ScatteredAreas(PlayersWorlds.Maps.Maze.HuntAndKillMazeGenerator,Hall,Half)" fullname="PlayersWorlds.Maps.Maze.MazeGeneratorAreasTest.ScatteredAreas(PlayersWorlds.Maps.Maze.HuntAndKillMazeGenerator,Hall,Half)" methodname="ScatteredAreas" classname="PlayersWorlds.Maps.Maze.MazeGeneratorAreasTest" runstate="Runnable" seed="1623087107" result="Skipped" label="Ignored" start-time="2024-06-19T14:45:31.3383050Z" end-time="2024-06-19T14:45:31.3383720Z" duration="0.000067" asserts="0" />
                <test-case id="1-1318" name="ScatteredAreas(PlayersWorlds.Maps.Maze.HuntAndKillMazeGenerator,Hall,ThreeQuarters)" fullname="PlayersWorlds.Maps.Maze.MazeGeneratorAreasTest.ScatteredAreas(PlayersWorlds.Maps.Maze.HuntAndKillMazeGenerator,Hall,ThreeQuarters)" methodname="ScatteredAreas" classname="PlayersWorlds.Maps.Maze.MazeGeneratorAreasTest" runstate="Runnable" seed="1612303969" result="Skipped" label="Ignored" start-time="2024-06-19T14:45:31.3383780Z" end-time="2024-06-19T14:45:31.3384350Z" duration="0.000058" asserts="0" />
                <test-case id="1-1319" name="ScatteredAreas(PlayersWorlds.Maps.Maze.HuntAndKillMazeGenerator,Hall,NinetyPercent)" fullname="PlayersWorlds.Maps.Maze.MazeGeneratorAreasTest.ScatteredAreas(PlayersWorlds.Maps.Maze.HuntAndKillMazeGenerator,Hall,NinetyPercent)" methodname="ScatteredAreas" classname="PlayersWorlds.Maps.Maze.MazeGeneratorAreasTest" runstate="Runnable" seed="1196884109" result="Skipped" label="Ignored" start-time="2024-06-19T14:45:31.3384410Z" end-time="2024-06-19T14:45:31.3384940Z" duration="0.000054" asserts="0" />
                <test-case id="1-1320" name="ScatteredAreas(PlayersWorlds.Maps.Maze.HuntAndKillMazeGenerator,Hall,FullWidth)" fullname="PlayersWorlds.Maps.Maze.MazeGeneratorAreasTest.ScatteredAreas(PlayersWorlds.Maps.Maze.HuntAndKillMazeGenerator,Hall,FullWidth)" methodname="ScatteredAreas" classname="PlayersWorlds.Maps.Maze.MazeGeneratorAreasTest" runstate="Runnable" seed="357005646" result="Skipped" label="Ignored" start-time="2024-06-19T14:45:31.3385000Z" end-time="2024-06-19T14:45:31.3385520Z" duration="0.000053" asserts="0" />
                <test-case id="1-1321" name="ScatteredAreas(PlayersWorlds.Maps.Maze.HuntAndKillMazeGenerator,Hall,FullHeight)" fullname="PlayersWorlds.Maps.Maze.MazeGeneratorAreasTest.ScatteredAreas(PlayersWorlds.Maps.Maze.HuntAndKillMazeGenerator,Hall,FullHeight)" methodname="ScatteredAreas" classname="PlayersWorlds.Maps.Maze.MazeGeneratorAreasTest" runstate="Runnable" seed="7818438" result="Skipped" label="Ignored" start-time="2024-06-19T14:45:31.3385580Z" end-time="2024-06-19T14:45:31.3386090Z" duration="0.000051" asserts="0" />
                <test-case id="1-1322" name="ScatteredAreas(PlayersWorlds.Maps.Maze.HuntAndKillMazeGenerator,Hall,Full)" fullname="PlayersWorlds.Maps.Maze.MazeGeneratorAreasTest.ScatteredAreas(PlayersWorlds.Maps.Maze.HuntAndKillMazeGenerator,Hall,Full)" methodname="ScatteredAreas" classname="PlayersWorlds.Maps.Maze.MazeGeneratorAreasTest" runstate="Runnable" seed="1000982155" result="Passed" start-time="2024-06-19T14:45:31.3386140Z" end-time="2024-06-19T14:45:33.0792420Z" duration="1.740628" asserts="20" />
                <test-case id="1-1323" name="ScatteredAreas(PlayersWorlds.Maps.Maze.HuntAndKillMazeGenerator,Fill,Quarter)" fullname="PlayersWorlds.Maps.Maze.MazeGeneratorAreasTest.ScatteredAreas(PlayersWorlds.Maps.Maze.HuntAndKillMazeGenerator,Fill,Quarter)" methodname="ScatteredAreas" classname="PlayersWorlds.Maps.Maze.MazeGeneratorAreasTest" runstate="Runnable" seed="1773583386" result="Skipped" label="Ignored" start-time="2024-06-19T14:45:33.0792590Z" end-time="2024-06-19T14:45:33.0794010Z" duration="0.000142" asserts="0" />
                <test-case id="1-1324" name="ScatteredAreas(PlayersWorlds.Maps.Maze.HuntAndKillMazeGenerator,Fill,Half)" fullname="PlayersWorlds.Maps.Maze.MazeGeneratorAreasTest.ScatteredAreas(PlayersWorlds.Maps.Maze.HuntAndKillMazeGenerator,Fill,Half)" methodname="ScatteredAreas" classname="PlayersWorlds.Maps.Maze.MazeGeneratorAreasTest" runstate="Runnable" seed="933978832" result="Skipped" label="Ignored" start-time="2024-06-19T14:45:33.0794070Z" end-time="2024-06-19T14:45:33.0794860Z" duration="0.000078" asserts="0" />
                <test-case id="1-1325" name="ScatteredAreas(PlayersWorlds.Maps.Maze.HuntAndKillMazeGenerator,Fill,ThreeQuarters)" fullname="PlayersWorlds.Maps.Maze.MazeGeneratorAreasTest.ScatteredAreas(PlayersWorlds.Maps.Maze.HuntAndKillMazeGenerator,Fill,ThreeQuarters)" methodname="ScatteredAreas" classname="PlayersWorlds.Maps.Maze.MazeGeneratorAreasTest" runstate="Runnable" seed="1213205355" result="Skipped" label="Ignored" start-time="2024-06-19T14:45:33.0794920Z" end-time="2024-06-19T14:45:33.0795510Z" duration="0.000060" asserts="0" />
                <test-case id="1-1326" name="ScatteredAreas(PlayersWorlds.Maps.Maze.HuntAndKillMazeGenerator,Fill,NinetyPercent)" fullname="PlayersWorlds.Maps.Maze.MazeGeneratorAreasTest.ScatteredAreas(PlayersWorlds.Maps.Maze.HuntAndKillMazeGenerator,Fill,NinetyPercent)" methodname="ScatteredAreas" classname="PlayersWorlds.Maps.Maze.MazeGeneratorAreasTest" runstate="Runnable" seed="1382653347" result="Skipped" label="Ignored" start-time="2024-06-19T14:45:33.0795570Z" end-time="2024-06-19T14:45:33.0796090Z" duration="0.000053" asserts="0" />
                <test-case id="1-1327" name="ScatteredAreas(PlayersWorlds.Maps.Maze.HuntAndKillMazeGenerator,Fill,FullWidth)" fullname="PlayersWorlds.Maps.Maze.MazeGeneratorAreasTest.ScatteredAreas(PlayersWorlds.Maps.Maze.HuntAndKillMazeGenerator,Fill,FullWidth)" methodname="ScatteredAreas" classname="PlayersWorlds.Maps.Maze.MazeGeneratorAreasTest" runstate="Runnable" seed="1052871476" result="Skipped" label="Ignored" start-time="2024-06-19T14:45:33.0796150Z" end-time="2024-06-19T14:45:33.0796660Z" duration="0.000052" asserts="0" />
                <test-case id="1-1328" name="ScatteredAreas(PlayersWorlds.Maps.Maze.HuntAndKillMazeGenerator,Fill,FullHeight)" fullname="PlayersWorlds.Maps.Maze.MazeGeneratorAreasTest.ScatteredAreas(PlayersWorlds.Maps.Maze.HuntAndKillMazeGenerator,Fill,FullHeight)" methodname="ScatteredAreas" classname="PlayersWorlds.Maps.Maze.MazeGeneratorAreasTest" runstate="Runnable" seed="590094458" result="Skipped" label="Ignored" start-time="2024-06-19T14:45:33.0796720Z" end-time="2024-06-19T14:45:33.0797240Z" duration="0.000052" asserts="0" />
                <test-case id="1-1329" name="ScatteredAreas(PlayersWorlds.Maps.Maze.HuntAndKillMazeGenerator,Fill,Full)" fullname="PlayersWorlds.Maps.Maze.MazeGeneratorAreasTest.ScatteredAreas(PlayersWorlds.Maps.Maze.HuntAndKillMazeGenerator,Fill,Full)" methodname="ScatteredAreas" classname="PlayersWorlds.Maps.Maze.MazeGeneratorAreasTest" runstate="Runnable" seed="436292070" result="Skipped" label="Ignored" start-time="2024-06-19T14:45:33.0797290Z" end-time="2024-06-19T14:45:33.0797790Z" duration="0.000051" asserts="0" />
                <test-case id="1-1330" name="ScatteredAreas(PlayersWorlds.Maps.Maze.RecursiveBacktrackerMazeGenerator,Cave,Quarter)" fullname="PlayersWorlds.Maps.Maze.MazeGeneratorAreasTest.ScatteredAreas(PlayersWorlds.Maps.Maze.RecursiveBacktrackerMazeGenerator,Cave,Quarter)" methodname="ScatteredAreas" classname="PlayersWorlds.Maps.Maze.MazeGeneratorAreasTest" runstate="Runnable" seed="768370482" result="Skipped" label="Ignored" start-time="2024-06-19T14:45:33.0797850Z" end-time="2024-06-19T14:45:33.0798380Z" duration="0.000054" asserts="0" />
                <test-case id="1-1331" name="ScatteredAreas(PlayersWorlds.Maps.Maze.RecursiveBacktrackerMazeGenerator,Cave,Half)" fullname="PlayersWorlds.Maps.Maze.MazeGeneratorAreasTest.ScatteredAreas(PlayersWorlds.Maps.Maze.RecursiveBacktrackerMazeGenerator,Cave,Half)" methodname="ScatteredAreas" classname="PlayersWorlds.Maps.Maze.MazeGeneratorAreasTest" runstate="Runnable" seed="274967793" result="Skipped" label="Ignored" start-time="2024-06-19T14:45:33.0798430Z" end-time="2024-06-19T14:45:33.0798980Z" duration="0.000055" asserts="0" />
                <test-case id="1-1332" name="ScatteredAreas(PlayersWorlds.Maps.Maze.RecursiveBacktrackerMazeGenerator,Cave,ThreeQuarters)" fullname="PlayersWorlds.Maps.Maze.MazeGeneratorAreasTest.ScatteredAreas(PlayersWorlds.Maps.Maze.RecursiveBacktrackerMazeGenerator,Cave,ThreeQuarters)" methodname="ScatteredAreas" classname="PlayersWorlds.Maps.Maze.MazeGeneratorAreasTest" runstate="Runnable" seed="1073658799" result="Skipped" label="Ignored" start-time="2024-06-19T14:45:33.0799030Z" end-time="2024-06-19T14:45:33.0799570Z" duration="0.000054" asserts="0" />
                <test-case id="1-1333" name="ScatteredAreas(PlayersWorlds.Maps.Maze.RecursiveBacktrackerMazeGenerator,Cave,NinetyPercent)" fullname="PlayersWorlds.Maps.Maze.MazeGeneratorAreasTest.ScatteredAreas(PlayersWorlds.Maps.Maze.RecursiveBacktrackerMazeGenerator,Cave,NinetyPercent)" methodname="ScatteredAreas" classname="PlayersWorlds.Maps.Maze.MazeGeneratorAreasTest" runstate="Runnable" seed="1870980973" result="Skipped" label="Ignored" start-time="2024-06-19T14:45:33.0799630Z" end-time="2024-06-19T14:45:33.0800140Z" duration="0.000052" asserts="0" />
                <test-case id="1-1334" name="ScatteredAreas(PlayersWorlds.Maps.Maze.RecursiveBacktrackerMazeGenerator,Cave,FullWidth)" fullname="PlayersWorlds.Maps.Maze.MazeGeneratorAreasTest.ScatteredAreas(PlayersWorlds.Maps.Maze.RecursiveBacktrackerMazeGenerator,Cave,FullWidth)" methodname="ScatteredAreas" classname="PlayersWorlds.Maps.Maze.MazeGeneratorAreasTest" runstate="Runnable" seed="811477228" result="Skipped" label="Ignored" start-time="2024-06-19T14:45:33.0800190Z" end-time="2024-06-19T14:45:33.0800700Z" duration="0.000051" asserts="0" />
                <test-case id="1-1335" name="ScatteredAreas(PlayersWorlds.Maps.Maze.RecursiveBacktrackerMazeGenerator,Cave,FullHeight)" fullname="PlayersWorlds.Maps.Maze.MazeGeneratorAreasTest.ScatteredAreas(PlayersWorlds.Maps.Maze.RecursiveBacktrackerMazeGenerator,Cave,FullHeight)" methodname="ScatteredAreas" classname="PlayersWorlds.Maps.Maze.MazeGeneratorAreasTest" runstate="Runnable" seed="1718578567" result="Skipped" label="Ignored" start-time="2024-06-19T14:45:33.0800750Z" end-time="2024-06-19T14:45:33.0801250Z" duration="0.000050" asserts="0" />
                <test-case id="1-1336" name="ScatteredAreas(PlayersWorlds.Maps.Maze.RecursiveBacktrackerMazeGenerator,Cave,Full)" fullname="PlayersWorlds.Maps.Maze.MazeGeneratorAreasTest.ScatteredAreas(PlayersWorlds.Maps.Maze.RecursiveBacktrackerMazeGenerator,Cave,Full)" methodname="ScatteredAreas" classname="PlayersWorlds.Maps.Maze.MazeGeneratorAreasTest" runstate="Runnable" seed="1767061792" result="Passed" start-time="2024-06-19T14:45:33.0801310Z" end-time="2024-06-19T14:45:34.8656960Z" duration="1.785566" asserts="20" />
                <test-case id="1-1337" name="ScatteredAreas(PlayersWorlds.Maps.Maze.RecursiveBacktrackerMazeGenerator,Hall,Quarter)" fullname="PlayersWorlds.Maps.Maze.MazeGeneratorAreasTest.ScatteredAreas(PlayersWorlds.Maps.Maze.RecursiveBacktrackerMazeGenerator,Hall,Quarter)" methodname="ScatteredAreas" classname="PlayersWorlds.Maps.Maze.MazeGeneratorAreasTest" runstate="Runnable" seed="1263699107" result="Skipped" label="Ignored" start-time="2024-06-19T14:45:34.8657140Z" end-time="2024-06-19T14:45:34.8658610Z" duration="0.000147" asserts="0" />
                <test-case id="1-1338" name="ScatteredAreas(PlayersWorlds.Maps.Maze.RecursiveBacktrackerMazeGenerator,Hall,Half)" fullname="PlayersWorlds.Maps.Maze.MazeGeneratorAreasTest.ScatteredAreas(PlayersWorlds.Maps.Maze.RecursiveBacktrackerMazeGenerator,Hall,Half)" methodname="ScatteredAreas" classname="PlayersWorlds.Maps.Maze.MazeGeneratorAreasTest" runstate="Runnable" seed="215571442" result="Skipped" label="Ignored" start-time="2024-06-19T14:45:34.8658670Z" end-time="2024-06-19T14:45:34.8659340Z" duration="0.000066" asserts="0" />
                <test-case id="1-1339" name="ScatteredAreas(PlayersWorlds.Maps.Maze.RecursiveBacktrackerMazeGenerator,Hall,ThreeQuarters)" fullname="PlayersWorlds.Maps.Maze.MazeGeneratorAreasTest.ScatteredAreas(PlayersWorlds.Maps.Maze.RecursiveBacktrackerMazeGenerator,Hall,ThreeQuarters)" methodname="ScatteredAreas" classname="PlayersWorlds.Maps.Maze.MazeGeneratorAreasTest" runstate="Runnable" seed="541264365" result="Skipped" label="Ignored" start-time="2024-06-19T14:45:34.8659400Z" end-time="2024-06-19T14:45:34.8659990Z" duration="0.000059" asserts="0" />
                <test-case id="1-1340" name="ScatteredAreas(PlayersWorlds.Maps.Maze.RecursiveBacktrackerMazeGenerator,Hall,NinetyPercent)" fullname="PlayersWorlds.Maps.Maze.MazeGeneratorAreasTest.ScatteredAreas(PlayersWorlds.Maps.Maze.RecursiveBacktrackerMazeGenerator,Hall,NinetyPercent)" methodname="ScatteredAreas" classname="PlayersWorlds.Maps.Maze.MazeGeneratorAreasTest" runstate="Runnable" seed="162819409" result="Skipped" label="Ignored" start-time="2024-06-19T14:45:34.8660040Z" end-time="2024-06-19T14:45:34.8660600Z" duration="0.000056" asserts="0" />
                <test-case id="1-1341" name="ScatteredAreas(PlayersWorlds.Maps.Maze.RecursiveBacktrackerMazeGenerator,Hall,FullWidth)" fullname="PlayersWorlds.Maps.Maze.MazeGeneratorAreasTest.ScatteredAreas(PlayersWorlds.Maps.Maze.RecursiveBacktrackerMazeGenerator,Hall,FullWidth)" methodname="ScatteredAreas" classname="PlayersWorlds.Maps.Maze.MazeGeneratorAreasTest" runstate="Runnable" seed="1131825196" result="Skipped" label="Ignored" start-time="2024-06-19T14:45:34.8660650Z" end-time="2024-06-19T14:45:34.8661180Z" duration="0.000053" asserts="0" />
                <test-case id="1-1342" name="ScatteredAreas(PlayersWorlds.Maps.Maze.RecursiveBacktrackerMazeGenerator,Hall,FullHeight)" fullname="PlayersWorlds.Maps.Maze.MazeGeneratorAreasTest.ScatteredAreas(PlayersWorlds.Maps.Maze.RecursiveBacktrackerMazeGenerator,Hall,FullHeight)" methodname="ScatteredAreas" classname="PlayersWorlds.Maps.Maze.MazeGeneratorAreasTest" runstate="Runnable" seed="204200796" result="Skipped" label="Ignored" start-time="2024-06-19T14:45:34.8661300Z" end-time="2024-06-19T14:45:34.8661870Z" duration="0.000057" asserts="0" />
                <test-case id="1-1343" name="ScatteredAreas(PlayersWorlds.Maps.Maze.RecursiveBacktrackerMazeGenerator,Hall,Full)" fullname="PlayersWorlds.Maps.Maze.MazeGeneratorAreasTest.ScatteredAreas(PlayersWorlds.Maps.Maze.RecursiveBacktrackerMazeGenerator,Hall,Full)" methodname="ScatteredAreas" classname="PlayersWorlds.Maps.Maze.MazeGeneratorAreasTest" runstate="Runnable" seed="1832151873" result="Passed" start-time="2024-06-19T14:45:34.8661930Z" end-time="2024-06-19T14:45:36.6353490Z" duration="1.769157" asserts="20" />
                <test-case id="1-1344" name="ScatteredAreas(PlayersWorlds.Maps.Maze.RecursiveBacktrackerMazeGenerator,Fill,Quarter)" fullname="PlayersWorlds.Maps.Maze.MazeGeneratorAreasTest.ScatteredAreas(PlayersWorlds.Maps.Maze.RecursiveBacktrackerMazeGenerator,Fill,Quarter)" methodname="ScatteredAreas" classname="PlayersWorlds.Maps.Maze.MazeGeneratorAreasTest" runstate="Runnable" seed="976265331" result="Skipped" label="Ignored" start-time="2024-06-19T14:45:36.6353760Z" end-time="2024-06-19T14:45:36.6355290Z" duration="0.000153" asserts="0" />
                <test-case id="1-1345" name="ScatteredAreas(PlayersWorlds.Maps.Maze.RecursiveBacktrackerMazeGenerator,Fill,Half)" fullname="PlayersWorlds.Maps.Maze.MazeGeneratorAreasTest.ScatteredAreas(PlayersWorlds.Maps.Maze.RecursiveBacktrackerMazeGenerator,Fill,Half)" methodname="ScatteredAreas" classname="PlayersWorlds.Maps.Maze.MazeGeneratorAreasTest" runstate="Runnable" seed="1847962428" result="Skipped" label="Ignored" start-time="2024-06-19T14:45:36.6355350Z" end-time="2024-06-19T14:45:36.6356030Z" duration="0.000068" asserts="0" />
                <test-case id="1-1346" name="ScatteredAreas(PlayersWorlds.Maps.Maze.RecursiveBacktrackerMazeGenerator,Fill,ThreeQuarters)" fullname="PlayersWorlds.Maps.Maze.MazeGeneratorAreasTest.ScatteredAreas(PlayersWorlds.Maps.Maze.RecursiveBacktrackerMazeGenerator,Fill,ThreeQuarters)" methodname="ScatteredAreas" classname="PlayersWorlds.Maps.Maze.MazeGeneratorAreasTest" runstate="Runnable" seed="1839619177" result="Skipped" label="Ignored" start-time="2024-06-19T14:45:36.6356090Z" end-time="2024-06-19T14:45:36.6356680Z" duration="0.000059" asserts="0" />
                <test-case id="1-1347" name="ScatteredAreas(PlayersWorlds.Maps.Maze.RecursiveBacktrackerMazeGenerator,Fill,NinetyPercent)" fullname="PlayersWorlds.Maps.Maze.MazeGeneratorAreasTest.ScatteredAreas(PlayersWorlds.Maps.Maze.RecursiveBacktrackerMazeGenerator,Fill,NinetyPercent)" methodname="ScatteredAreas" classname="PlayersWorlds.Maps.Maze.MazeGeneratorAreasTest" runstate="Runnable" seed="1944969598" result="Skipped" label="Ignored" start-time="2024-06-19T14:45:36.6356730Z" end-time="2024-06-19T14:45:36.6357290Z" duration="0.000056" asserts="0" />
                <test-case id="1-1348" name="ScatteredAreas(PlayersWorlds.Maps.Maze.RecursiveBacktrackerMazeGenerator,Fill,FullWidth)" fullname="PlayersWorlds.Maps.Maze.MazeGeneratorAreasTest.ScatteredAreas(PlayersWorlds.Maps.Maze.RecursiveBacktrackerMazeGenerator,Fill,FullWidth)" methodname="ScatteredAreas" classname="PlayersWorlds.Maps.Maze.MazeGeneratorAreasTest" runstate="Runnable" seed="2105199128" result="Skipped" label="Ignored" start-time="2024-06-19T14:45:36.6357340Z" end-time="2024-06-19T14:45:36.6357860Z" duration="0.000052" asserts="0" />
                <test-case id="1-1349" name="ScatteredAreas(PlayersWorlds.Maps.Maze.RecursiveBacktrackerMazeGenerator,Fill,FullHeight)" fullname="PlayersWorlds.Maps.Maze.MazeGeneratorAreasTest.ScatteredAreas(PlayersWorlds.Maps.Maze.RecursiveBacktrackerMazeGenerator,Fill,FullHeight)" methodname="ScatteredAreas" classname="PlayersWorlds.Maps.Maze.MazeGeneratorAreasTest" runstate="Runnable" seed="318335791" result="Skipped" label="Ignored" start-time="2024-06-19T14:45:36.6357910Z" end-time="2024-06-19T14:45:36.6358420Z" duration="0.000051" asserts="0" />
                <test-case id="1-1350" name="ScatteredAreas(PlayersWorlds.Maps.Maze.RecursiveBacktrackerMazeGenerator,Fill,Full)" fullname="PlayersWorlds.Maps.Maze.MazeGeneratorAreasTest.ScatteredAreas(PlayersWorlds.Maps.Maze.RecursiveBacktrackerMazeGenerator,Fill,Full)" methodname="ScatteredAreas" classname="PlayersWorlds.Maps.Maze.MazeGeneratorAreasTest" runstate="Runnable" seed="2096825056" result="Skipped" label="Ignored" start-time="2024-06-19T14:45:36.6358470Z" end-time="2024-06-19T14:45:36.6358980Z" duration="0.000051" asserts="0" />
                <test-case id="1-1351" name="ScatteredAreas(PlayersWorlds.Maps.Maze.SidewinderMazeGenerator,Cave,Quarter)" fullname="PlayersWorlds.Maps.Maze.MazeGeneratorAreasTest.ScatteredAreas(PlayersWorlds.Maps.Maze.SidewinderMazeGenerator,Cave,Quarter)" methodname="ScatteredAreas" classname="PlayersWorlds.Maps.Maze.MazeGeneratorAreasTest" runstate="Runnable" seed="1170077511" result="Skipped" label="Ignored" start-time="2024-06-19T14:45:36.6359030Z" end-time="2024-06-19T14:45:36.6359540Z" duration="0.000051" asserts="0" />
                <test-case id="1-1352" name="ScatteredAreas(PlayersWorlds.Maps.Maze.SidewinderMazeGenerator,Cave,Half)" fullname="PlayersWorlds.Maps.Maze.MazeGeneratorAreasTest.ScatteredAreas(PlayersWorlds.Maps.Maze.SidewinderMazeGenerator,Cave,Half)" methodname="ScatteredAreas" classname="PlayersWorlds.Maps.Maze.MazeGeneratorAreasTest" runstate="Runnable" seed="264604001" result="Skipped" label="Ignored" start-time="2024-06-19T14:45:36.6359590Z" end-time="2024-06-19T14:45:36.6360130Z" duration="0.000054" asserts="0" />
                <test-case id="1-1353" name="ScatteredAreas(PlayersWorlds.Maps.Maze.SidewinderMazeGenerator,Cave,ThreeQuarters)" fullname="PlayersWorlds.Maps.Maze.MazeGeneratorAreasTest.ScatteredAreas(PlayersWorlds.Maps.Maze.SidewinderMazeGenerator,Cave,ThreeQuarters)" methodname="ScatteredAreas" classname="PlayersWorlds.Maps.Maze.MazeGeneratorAreasTest" runstate="Runnable" seed="129392062" result="Skipped" label="Ignored" start-time="2024-06-19T14:45:36.6360180Z" end-time="2024-06-19T14:45:36.6360700Z" duration="0.000052" asserts="0" />
                <test-case id="1-1354" name="ScatteredAreas(PlayersWorlds.Maps.Maze.SidewinderMazeGenerator,Cave,NinetyPercent)" fullname="PlayersWorlds.Maps.Maze.MazeGeneratorAreasTest.ScatteredAreas(PlayersWorlds.Maps.Maze.SidewinderMazeGenerator,Cave,NinetyPercent)" methodname="ScatteredAreas" classname="PlayersWorlds.Maps.Maze.MazeGeneratorAreasTest" runstate="Runnable" seed="1654324844" result="Skipped" label="Ignored" start-time="2024-06-19T14:45:36.6360750Z" end-time="2024-06-19T14:45:36.6361370Z" duration="0.000061" asserts="0" />
                <test-case id="1-1355" name="ScatteredAreas(PlayersWorlds.Maps.Maze.SidewinderMazeGenerator,Cave,FullWidth)" fullname="PlayersWorlds.Maps.Maze.MazeGeneratorAreasTest.ScatteredAreas(PlayersWorlds.Maps.Maze.SidewinderMazeGenerator,Cave,FullWidth)" methodname="ScatteredAreas" classname="PlayersWorlds.Maps.Maze.MazeGeneratorAreasTest" runstate="Runnable" seed="1002367280" result="Skipped" label="Ignored" start-time="2024-06-19T14:45:36.6361430Z" end-time="2024-06-19T14:45:36.6361980Z" duration="0.000056" asserts="0" />
                <test-case id="1-1356" name="ScatteredAreas(PlayersWorlds.Maps.Maze.SidewinderMazeGenerator,Cave,FullHeight)" fullname="PlayersWorlds.Maps.Maze.MazeGeneratorAreasTest.ScatteredAreas(PlayersWorlds.Maps.Maze.SidewinderMazeGenerator,Cave,FullHeight)" methodname="ScatteredAreas" classname="PlayersWorlds.Maps.Maze.MazeGeneratorAreasTest" runstate="Runnable" seed="838366619" result="Skipped" label="Ignored" start-time="2024-06-19T14:45:36.6362040Z" end-time="2024-06-19T14:45:36.6362560Z" duration="0.000052" asserts="0" />
                <test-case id="1-1357" name="ScatteredAreas(PlayersWorlds.Maps.Maze.SidewinderMazeGenerator,Cave,Full)" fullname="PlayersWorlds.Maps.Maze.MazeGeneratorAreasTest.ScatteredAreas(PlayersWorlds.Maps.Maze.SidewinderMazeGenerator,Cave,Full)" methodname="ScatteredAreas" classname="PlayersWorlds.Maps.Maze.MazeGeneratorAreasTest" runstate="Runnable" seed="1054950108" result="Passed" start-time="2024-06-19T14:45:36.6362620Z" end-time="2024-06-19T14:45:38.4349320Z" duration="1.798670" asserts="20" />
                <test-case id="1-1358" name="ScatteredAreas(PlayersWorlds.Maps.Maze.SidewinderMazeGenerator,Hall,Quarter)" fullname="PlayersWorlds.Maps.Maze.MazeGeneratorAreasTest.ScatteredAreas(PlayersWorlds.Maps.Maze.SidewinderMazeGenerator,Hall,Quarter)" methodname="ScatteredAreas" classname="PlayersWorlds.Maps.Maze.MazeGeneratorAreasTest" runstate="Runnable" seed="616188154" result="Skipped" label="Ignored" start-time="2024-06-19T14:45:38.4349490Z" end-time="2024-06-19T14:45:38.4350980Z" duration="0.000149" asserts="0" />
                <test-case id="1-1359" name="ScatteredAreas(PlayersWorlds.Maps.Maze.SidewinderMazeGenerator,Hall,Half)" fullname="PlayersWorlds.Maps.Maze.MazeGeneratorAreasTest.ScatteredAreas(PlayersWorlds.Maps.Maze.SidewinderMazeGenerator,Hall,Half)" methodname="ScatteredAreas" classname="PlayersWorlds.Maps.Maze.MazeGeneratorAreasTest" runstate="Runnable" seed="8923468" result="Skipped" label="Ignored" start-time="2024-06-19T14:45:38.4351050Z" end-time="2024-06-19T14:45:38.4351740Z" duration="0.000069" asserts="0" />
                <test-case id="1-1360" name="ScatteredAreas(PlayersWorlds.Maps.Maze.SidewinderMazeGenerator,Hall,ThreeQuarters)" fullname="PlayersWorlds.Maps.Maze.MazeGeneratorAreasTest.ScatteredAreas(PlayersWorlds.Maps.Maze.SidewinderMazeGenerator,Hall,ThreeQuarters)" methodname="ScatteredAreas" classname="PlayersWorlds.Maps.Maze.MazeGeneratorAreasTest" runstate="Runnable" seed="1156435139" result="Skipped" label="Ignored" start-time="2024-06-19T14:45:38.4351800Z" end-time="2024-06-19T14:45:38.4352370Z" duration="0.000057" asserts="0" />
                <test-case id="1-1361" name="ScatteredAreas(PlayersWorlds.Maps.Maze.SidewinderMazeGenerator,Hall,NinetyPercent)" fullname="PlayersWorlds.Maps.Maze.MazeGeneratorAreasTest.ScatteredAreas(PlayersWorlds.Maps.Maze.SidewinderMazeGenerator,Hall,NinetyPercent)" methodname="ScatteredAreas" classname="PlayersWorlds.Maps.Maze.MazeGeneratorAreasTest" runstate="Runnable" seed="1636846862" result="Skipped" label="Ignored" start-time="2024-06-19T14:45:38.4352420Z" end-time="2024-06-19T14:45:38.4352950Z" duration="0.000053" asserts="0" />
                <test-case id="1-1362" name="ScatteredAreas(PlayersWorlds.Maps.Maze.SidewinderMazeGenerator,Hall,FullWidth)" fullname="PlayersWorlds.Maps.Maze.MazeGeneratorAreasTest.ScatteredAreas(PlayersWorlds.Maps.Maze.SidewinderMazeGenerator,Hall,FullWidth)" methodname="ScatteredAreas" classname="PlayersWorlds.Maps.Maze.MazeGeneratorAreasTest" runstate="Runnable" seed="107512859" result="Skipped" label="Ignored" start-time="2024-06-19T14:45:38.4353000Z" end-time="2024-06-19T14:45:38.4353520Z" duration="0.000051" asserts="0" />
                <test-case id="1-1363" name="ScatteredAreas(PlayersWorlds.Maps.Maze.SidewinderMazeGenerator,Hall,FullHeight)" fullname="PlayersWorlds.Maps.Maze.MazeGeneratorAreasTest.ScatteredAreas(PlayersWorlds.Maps.Maze.SidewinderMazeGenerator,Hall,FullHeight)" methodname="ScatteredAreas" classname="PlayersWorlds.Maps.Maze.MazeGeneratorAreasTest" runstate="Runnable" seed="1227889195" result="Skipped" label="Ignored" start-time="2024-06-19T14:45:38.4353570Z" end-time="2024-06-19T14:45:38.4354070Z" duration="0.000051" asserts="0" />
                <test-case id="1-1364" name="ScatteredAreas(PlayersWorlds.Maps.Maze.SidewinderMazeGenerator,Hall,Full)" fullname="PlayersWorlds.Maps.Maze.MazeGeneratorAreasTest.ScatteredAreas(PlayersWorlds.Maps.Maze.SidewinderMazeGenerator,Hall,Full)" methodname="ScatteredAreas" classname="PlayersWorlds.Maps.Maze.MazeGeneratorAreasTest" runstate="Runnable" seed="29790060" result="Passed" start-time="2024-06-19T14:45:38.4354130Z" end-time="2024-06-19T14:45:40.1994400Z" duration="1.764027" asserts="20" />
                <test-case id="1-1365" name="ScatteredAreas(PlayersWorlds.Maps.Maze.SidewinderMazeGenerator,Fill,Quarter)" fullname="PlayersWorlds.Maps.Maze.MazeGeneratorAreasTest.ScatteredAreas(PlayersWorlds.Maps.Maze.SidewinderMazeGenerator,Fill,Quarter)" methodname="ScatteredAreas" classname="PlayersWorlds.Maps.Maze.MazeGeneratorAreasTest" runstate="Runnable" seed="439613621" result="Skipped" label="Ignored" start-time="2024-06-19T14:45:40.1994630Z" end-time="2024-06-19T14:45:40.1996410Z" duration="0.000178" asserts="0" />
                <test-case id="1-1366" name="ScatteredAreas(PlayersWorlds.Maps.Maze.SidewinderMazeGenerator,Fill,Half)" fullname="PlayersWorlds.Maps.Maze.MazeGeneratorAreasTest.ScatteredAreas(PlayersWorlds.Maps.Maze.SidewinderMazeGenerator,Fill,Half)" methodname="ScatteredAreas" classname="PlayersWorlds.Maps.Maze.MazeGeneratorAreasTest" runstate="Runnable" seed="2069877390" result="Skipped" label="Ignored" start-time="2024-06-19T14:45:40.1996510Z" end-time="2024-06-19T14:45:40.1997530Z" duration="0.000102" asserts="0" />
                <test-case id="1-1367" name="ScatteredAreas(PlayersWorlds.Maps.Maze.SidewinderMazeGenerator,Fill,ThreeQuarters)" fullname="PlayersWorlds.Maps.Maze.MazeGeneratorAreasTest.ScatteredAreas(PlayersWorlds.Maps.Maze.SidewinderMazeGenerator,Fill,ThreeQuarters)" methodname="ScatteredAreas" classname="PlayersWorlds.Maps.Maze.MazeGeneratorAreasTest" runstate="Runnable" seed="127453517" result="Skipped" label="Ignored" start-time="2024-06-19T14:45:40.1997590Z" end-time="2024-06-19T14:45:40.1998290Z" duration="0.000070" asserts="0" />
                <test-case id="1-1368" name="ScatteredAreas(PlayersWorlds.Maps.Maze.SidewinderMazeGenerator,Fill,NinetyPercent)" fullname="PlayersWorlds.Maps.Maze.MazeGeneratorAreasTest.ScatteredAreas(PlayersWorlds.Maps.Maze.SidewinderMazeGenerator,Fill,NinetyPercent)" methodname="ScatteredAreas" classname="PlayersWorlds.Maps.Maze.MazeGeneratorAreasTest" runstate="Runnable" seed="1118965740" result="Skipped" label="Ignored" start-time="2024-06-19T14:45:40.1998340Z" end-time="2024-06-19T14:45:40.1998930Z" duration="0.000059" asserts="0" />
                <test-case id="1-1369" name="ScatteredAreas(PlayersWorlds.Maps.Maze.SidewinderMazeGenerator,Fill,FullWidth)" fullname="PlayersWorlds.Maps.Maze.MazeGeneratorAreasTest.ScatteredAreas(PlayersWorlds.Maps.Maze.SidewinderMazeGenerator,Fill,FullWidth)" methodname="ScatteredAreas" classname="PlayersWorlds.Maps.Maze.MazeGeneratorAreasTest" runstate="Runnable" seed="299657998" result="Skipped" label="Ignored" start-time="2024-06-19T14:45:40.1998990Z" end-time="2024-06-19T14:45:40.1999530Z" duration="0.000054" asserts="0" />
                <test-case id="1-1370" name="ScatteredAreas(PlayersWorlds.Maps.Maze.SidewinderMazeGenerator,Fill,FullHeight)" fullname="PlayersWorlds.Maps.Maze.MazeGeneratorAreasTest.ScatteredAreas(PlayersWorlds.Maps.Maze.SidewinderMazeGenerator,Fill,FullHeight)" methodname="ScatteredAreas" classname="PlayersWorlds.Maps.Maze.MazeGeneratorAreasTest" runstate="Runnable" seed="199372160" result="Skipped" label="Ignored" start-time="2024-06-19T14:45:40.1999580Z" end-time="2024-06-19T14:45:40.2000470Z" duration="0.000089" asserts="0" />
                <test-case id="1-1371" name="ScatteredAreas(PlayersWorlds.Maps.Maze.SidewinderMazeGenerator,Fill,Full)" fullname="PlayersWorlds.Maps.Maze.MazeGeneratorAreasTest.ScatteredAreas(PlayersWorlds.Maps.Maze.SidewinderMazeGenerator,Fill,Full)" methodname="ScatteredAreas" classname="PlayersWorlds.Maps.Maze.MazeGeneratorAreasTest" runstate="Runnable" seed="1934091442" result="Skipped" label="Ignored" start-time="2024-06-19T14:45:40.2000570Z" end-time="2024-06-19T14:45:40.2001630Z" duration="0.000106" asserts="0" />
                <test-case id="1-1372" name="ScatteredAreas(PlayersWorlds.Maps.Maze.WilsonsMazeGenerator,Cave,Quarter)" fullname="PlayersWorlds.Maps.Maze.MazeGeneratorAreasTest.ScatteredAreas(PlayersWorlds.Maps.Maze.WilsonsMazeGenerator,Cave,Quarter)" methodname="ScatteredAreas" classname="PlayersWorlds.Maps.Maze.MazeGeneratorAreasTest" runstate="Runnable" seed="1407515665" result="Passed" start-time="2024-06-19T14:45:40.2001730Z" end-time="2024-06-19T14:45:42.0884560Z" duration="1.888283" asserts="20" />
                <test-case id="1-1373" name="ScatteredAreas(PlayersWorlds.Maps.Maze.WilsonsMazeGenerator,Cave,Half)" fullname="PlayersWorlds.Maps.Maze.MazeGeneratorAreasTest.ScatteredAreas(PlayersWorlds.Maps.Maze.WilsonsMazeGenerator,Cave,Half)" methodname="ScatteredAreas" classname="PlayersWorlds.Maps.Maze.MazeGeneratorAreasTest" runstate="Runnable" seed="1071039604" result="Passed" start-time="2024-06-19T14:45:42.0885110Z" end-time="2024-06-19T14:45:43.9425600Z" duration="1.854049" asserts="20" />
                <test-case id="1-1374" name="ScatteredAreas(PlayersWorlds.Maps.Maze.WilsonsMazeGenerator,Cave,ThreeQuarters)" fullname="PlayersWorlds.Maps.Maze.MazeGeneratorAreasTest.ScatteredAreas(PlayersWorlds.Maps.Maze.WilsonsMazeGenerator,Cave,ThreeQuarters)" methodname="ScatteredAreas" classname="PlayersWorlds.Maps.Maze.MazeGeneratorAreasTest" runstate="Runnable" seed="1034064700" result="Passed" start-time="2024-06-19T14:45:43.9425790Z" end-time="2024-06-19T14:45:45.8614390Z" duration="1.918860" asserts="20" />
                <test-case id="1-1375" name="ScatteredAreas(PlayersWorlds.Maps.Maze.WilsonsMazeGenerator,Cave,NinetyPercent)" fullname="PlayersWorlds.Maps.Maze.MazeGeneratorAreasTest.ScatteredAreas(PlayersWorlds.Maps.Maze.WilsonsMazeGenerator,Cave,NinetyPercent)" methodname="ScatteredAreas" classname="PlayersWorlds.Maps.Maze.MazeGeneratorAreasTest" runstate="Runnable" seed="1372664097" result="Passed" start-time="2024-06-19T14:45:45.8614550Z" end-time="2024-06-19T14:45:47.7248090Z" duration="1.863354" asserts="20" />
                <test-case id="1-1376" name="ScatteredAreas(PlayersWorlds.Maps.Maze.WilsonsMazeGenerator,Cave,FullWidth)" fullname="PlayersWorlds.Maps.Maze.MazeGeneratorAreasTest.ScatteredAreas(PlayersWorlds.Maps.Maze.WilsonsMazeGenerator,Cave,FullWidth)" methodname="ScatteredAreas" classname="PlayersWorlds.Maps.Maze.MazeGeneratorAreasTest" runstate="Runnable" seed="1951101289" result="Passed" start-time="2024-06-19T14:45:47.7248650Z" end-time="2024-06-19T14:45:49.6197370Z" duration="1.894872" asserts="20" />
                <test-case id="1-1377" name="ScatteredAreas(PlayersWorlds.Maps.Maze.WilsonsMazeGenerator,Cave,FullHeight)" fullname="PlayersWorlds.Maps.Maze.MazeGeneratorAreasTest.ScatteredAreas(PlayersWorlds.Maps.Maze.WilsonsMazeGenerator,Cave,FullHeight)" methodname="ScatteredAreas" classname="PlayersWorlds.Maps.Maze.MazeGeneratorAreasTest" runstate="Runnable" seed="1316313929" result="Passed" start-time="2024-06-19T14:45:49.6197530Z" end-time="2024-06-19T14:45:51.4662120Z" duration="1.846459" asserts="20" />
                <test-case id="1-1378" name="ScatteredAreas(PlayersWorlds.Maps.Maze.WilsonsMazeGenerator,Cave,Full)" fullname="PlayersWorlds.Maps.Maze.MazeGeneratorAreasTest.ScatteredAreas(PlayersWorlds.Maps.Maze.WilsonsMazeGenerator,Cave,Full)" methodname="ScatteredAreas" classname="PlayersWorlds.Maps.Maze.MazeGeneratorAreasTest" runstate="Runnable" seed="797318055" result="Passed" start-time="2024-06-19T14:45:51.4662300Z" end-time="2024-06-19T14:45:53.3536290Z" duration="1.887399" asserts="20" />
                <test-case id="1-1379" name="ScatteredAreas(PlayersWorlds.Maps.Maze.WilsonsMazeGenerator,Hall,Quarter)" fullname="PlayersWorlds.Maps.Maze.MazeGeneratorAreasTest.ScatteredAreas(PlayersWorlds.Maps.Maze.WilsonsMazeGenerator,Hall,Quarter)" methodname="ScatteredAreas" classname="PlayersWorlds.Maps.Maze.MazeGeneratorAreasTest" runstate="Runnable" seed="1233500051" result="Passed" start-time="2024-06-19T14:45:53.3536460Z" end-time="2024-06-19T14:45:55.2018020Z" duration="1.848156" asserts="20" />
                <test-case id="1-1380" name="ScatteredAreas(PlayersWorlds.Maps.Maze.WilsonsMazeGenerator,Hall,Half)" fullname="PlayersWorlds.Maps.Maze.MazeGeneratorAreasTest.ScatteredAreas(PlayersWorlds.Maps.Maze.WilsonsMazeGenerator,Hall,Half)" methodname="ScatteredAreas" classname="PlayersWorlds.Maps.Maze.MazeGeneratorAreasTest" runstate="Runnable" seed="1521069825" result="Passed" start-time="2024-06-19T14:45:55.2018290Z" end-time="2024-06-19T14:45:57.0556380Z" duration="1.853809" asserts="20" />
                <test-case id="1-1381" name="ScatteredAreas(PlayersWorlds.Maps.Maze.WilsonsMazeGenerator,Hall,ThreeQuarters)" fullname="PlayersWorlds.Maps.Maze.MazeGeneratorAreasTest.ScatteredAreas(PlayersWorlds.Maps.Maze.WilsonsMazeGenerator,Hall,ThreeQuarters)" methodname="ScatteredAreas" classname="PlayersWorlds.Maps.Maze.MazeGeneratorAreasTest" runstate="Runnable" seed="1585167396" result="Passed" start-time="2024-06-19T14:45:57.0556550Z" end-time="2024-06-19T14:45:58.8735940Z" duration="1.817939" asserts="20" />
                <test-case id="1-1382" name="ScatteredAreas(PlayersWorlds.Maps.Maze.WilsonsMazeGenerator,Hall,NinetyPercent)" fullname="PlayersWorlds.Maps.Maze.MazeGeneratorAreasTest.ScatteredAreas(PlayersWorlds.Maps.Maze.WilsonsMazeGenerator,Hall,NinetyPercent)" methodname="ScatteredAreas" classname="PlayersWorlds.Maps.Maze.MazeGeneratorAreasTest" runstate="Runnable" seed="1095155995" result="Passed" start-time="2024-06-19T14:45:58.8736130Z" end-time="2024-06-19T14:46:00.7813770Z" duration="1.907764" asserts="20" />
                <test-case id="1-1383" name="ScatteredAreas(PlayersWorlds.Maps.Maze.WilsonsMazeGenerator,Hall,FullWidth)" fullname="PlayersWorlds.Maps.Maze.MazeGeneratorAreasTest.ScatteredAreas(PlayersWorlds.Maps.Maze.WilsonsMazeGenerator,Hall,FullWidth)" methodname="ScatteredAreas" classname="PlayersWorlds.Maps.Maze.MazeGeneratorAreasTest" runstate="Runnable" seed="271758667" result="Passed" start-time="2024-06-19T14:46:00.7813930Z" end-time="2024-06-19T14:46:02.6048320Z" duration="1.823439" asserts="20" />
                <test-case id="1-1384" name="ScatteredAreas(PlayersWorlds.Maps.Maze.WilsonsMazeGenerator,Hall,FullHeight)" fullname="PlayersWorlds.Maps.Maze.MazeGeneratorAreasTest.ScatteredAreas(PlayersWorlds.Maps.Maze.WilsonsMazeGenerator,Hall,FullHeight)" methodname="ScatteredAreas" classname="PlayersWorlds.Maps.Maze.MazeGeneratorAreasTest" runstate="Runnable" seed="486950661" result="Passed" start-time="2024-06-19T14:46:02.6048480Z" end-time="2024-06-19T14:46:04.4376880Z" duration="1.832840" asserts="20" />
                <test-case id="1-1385" name="ScatteredAreas(PlayersWorlds.Maps.Maze.WilsonsMazeGenerator,Hall,Full)" fullname="PlayersWorlds.Maps.Maze.MazeGeneratorAreasTest.ScatteredAreas(PlayersWorlds.Maps.Maze.WilsonsMazeGenerator,Hall,Full)" methodname="ScatteredAreas" classname="PlayersWorlds.Maps.Maze.MazeGeneratorAreasTest" runstate="Runnable" seed="1745776618" result="Passed" start-time="2024-06-19T14:46:04.4377050Z" end-time="2024-06-19T14:46:06.2825840Z" duration="1.844880" asserts="20" />
                <test-case id="1-1386" name="ScatteredAreas(PlayersWorlds.Maps.Maze.WilsonsMazeGenerator,Fill,Quarter)" fullname="PlayersWorlds.Maps.Maze.MazeGeneratorAreasTest.ScatteredAreas(PlayersWorlds.Maps.Maze.WilsonsMazeGenerator,Fill,Quarter)" methodname="ScatteredAreas" classname="PlayersWorlds.Maps.Maze.MazeGeneratorAreasTest" runstate="Runnable" seed="10363792" result="Skipped" label="Ignored" start-time="2024-06-19T14:46:06.2826000Z" end-time="2024-06-19T14:46:06.2827410Z" duration="0.000141" asserts="0" />
                <test-case id="1-1387" name="ScatteredAreas(PlayersWorlds.Maps.Maze.WilsonsMazeGenerator,Fill,Half)" fullname="PlayersWorlds.Maps.Maze.MazeGeneratorAreasTest.ScatteredAreas(PlayersWorlds.Maps.Maze.WilsonsMazeGenerator,Fill,Half)" methodname="ScatteredAreas" classname="PlayersWorlds.Maps.Maze.MazeGeneratorAreasTest" runstate="Runnable" seed="944266737" result="Skipped" label="Ignored" start-time="2024-06-19T14:46:06.2827470Z" end-time="2024-06-19T14:46:06.2828240Z" duration="0.000077" asserts="0" />
                <test-case id="1-1388" name="ScatteredAreas(PlayersWorlds.Maps.Maze.WilsonsMazeGenerator,Fill,ThreeQuarters)" fullname="PlayersWorlds.Maps.Maze.MazeGeneratorAreasTest.ScatteredAreas(PlayersWorlds.Maps.Maze.WilsonsMazeGenerator,Fill,ThreeQuarters)" methodname="ScatteredAreas" classname="PlayersWorlds.Maps.Maze.MazeGeneratorAreasTest" runstate="Runnable" seed="216656129" result="Skipped" label="Ignored" start-time="2024-06-19T14:46:06.2828300Z" end-time="2024-06-19T14:46:06.2828870Z" duration="0.000057" asserts="0" />
                <test-case id="1-1389" name="ScatteredAreas(PlayersWorlds.Maps.Maze.WilsonsMazeGenerator,Fill,NinetyPercent)" fullname="PlayersWorlds.Maps.Maze.MazeGeneratorAreasTest.ScatteredAreas(PlayersWorlds.Maps.Maze.WilsonsMazeGenerator,Fill,NinetyPercent)" methodname="ScatteredAreas" classname="PlayersWorlds.Maps.Maze.MazeGeneratorAreasTest" runstate="Runnable" seed="1956593595" result="Skipped" label="Ignored" start-time="2024-06-19T14:46:06.2828920Z" end-time="2024-06-19T14:46:06.2829450Z" duration="0.000053" asserts="0" />
                <test-case id="1-1390" name="ScatteredAreas(PlayersWorlds.Maps.Maze.WilsonsMazeGenerator,Fill,FullWidth)" fullname="PlayersWorlds.Maps.Maze.MazeGeneratorAreasTest.ScatteredAreas(PlayersWorlds.Maps.Maze.WilsonsMazeGenerator,Fill,FullWidth)" methodname="ScatteredAreas" classname="PlayersWorlds.Maps.Maze.MazeGeneratorAreasTest" runstate="Runnable" seed="880211948" result="Skipped" label="Ignored" start-time="2024-06-19T14:46:06.2829500Z" end-time="2024-06-19T14:46:06.2830010Z" duration="0.000051" asserts="0" />
                <test-case id="1-1391" name="ScatteredAreas(PlayersWorlds.Maps.Maze.WilsonsMazeGenerator,Fill,FullHeight)" fullname="PlayersWorlds.Maps.Maze.MazeGeneratorAreasTest.ScatteredAreas(PlayersWorlds.Maps.Maze.WilsonsMazeGenerator,Fill,FullHeight)" methodname="ScatteredAreas" classname="PlayersWorlds.Maps.Maze.MazeGeneratorAreasTest" runstate="Runnable" seed="712111684" result="Skipped" label="Ignored" start-time="2024-06-19T14:46:06.2830060Z" end-time="2024-06-19T14:46:06.2830580Z" duration="0.000052" asserts="0" />
                <test-case id="1-1392" name="ScatteredAreas(PlayersWorlds.Maps.Maze.WilsonsMazeGenerator,Fill,Full)" fullname="PlayersWorlds.Maps.Maze.MazeGeneratorAreasTest.ScatteredAreas(PlayersWorlds.Maps.Maze.WilsonsMazeGenerator,Fill,Full)" methodname="ScatteredAreas" classname="PlayersWorlds.Maps.Maze.MazeGeneratorAreasTest" runstate="Runnable" seed="647510953" result="Skipped" label="Ignored" start-time="2024-06-19T14:46:06.2830630Z" end-time="2024-06-19T14:46:06.2831130Z" duration="0.000050" asserts="0" />
              </test-suite>
              <test-suite type="ParameterizedMethod" id="1-1245" name="TwoMatchingAreas" fullname="PlayersWorlds.Maps.Maze.MazeGeneratorAreasTest.TwoMatchingAreas" classname="PlayersWorlds.Maps.Maze.MazeGeneratorAreasTest" runstate="Runnable" testcasecount="18" result="Passed" start-time="2024-06-19T14:46:06.2831530Z" end-time="2024-06-19T14:46:06.7188680Z" duration="0.435715" total="18" passed="18" failed="0" warnings="0" inconclusive="0" skipped="0" asserts="1080">
                <properties>
                  <property name="Repeat" value="10" />
                  <property name="Category" value="Integration" />
                </properties>
                <test-case id="1-1227" name="TwoMatchingAreas(PlayersWorlds.Maps.Maze.AldousBroderMazeGenerator,Cave)" fullname="PlayersWorlds.Maps.Maze.MazeGeneratorAreasTest.TwoMatchingAreas(PlayersWorlds.Maps.Maze.AldousBroderMazeGenerator,Cave)" methodname="TwoMatchingAreas" classname="PlayersWorlds.Maps.Maze.MazeGeneratorAreasTest" runstate="Runnable" seed="1104677908" result="Passed" start-time="2024-06-19T14:46:06.2831640Z" end-time="2024-06-19T14:46:06.3113000Z" duration="0.028135" asserts="60" />
                <test-case id="1-1228" name="TwoMatchingAreas(PlayersWorlds.Maps.Maze.AldousBroderMazeGenerator,Hall)" fullname="PlayersWorlds.Maps.Maze.MazeGeneratorAreasTest.TwoMatchingAreas(PlayersWorlds.Maps.Maze.AldousBroderMazeGenerator,Hall)" methodname="TwoMatchingAreas" classname="PlayersWorlds.Maps.Maze.MazeGeneratorAreasTest" runstate="Runnable" seed="1753979418" result="Passed" start-time="2024-06-19T14:46:06.3113130Z" end-time="2024-06-19T14:46:06.3383520Z" duration="0.027039" asserts="60" />
                <test-case id="1-1229" name="TwoMatchingAreas(PlayersWorlds.Maps.Maze.AldousBroderMazeGenerator,Fill)" fullname="PlayersWorlds.Maps.Maze.MazeGeneratorAreasTest.TwoMatchingAreas(PlayersWorlds.Maps.Maze.AldousBroderMazeGenerator,Fill)" methodname="TwoMatchingAreas" classname="PlayersWorlds.Maps.Maze.MazeGeneratorAreasTest" runstate="Runnable" seed="749875117" result="Passed" start-time="2024-06-19T14:46:06.3383660Z" end-time="2024-06-19T14:46:06.3635720Z" duration="0.025206" asserts="60" />
                <test-case id="1-1230" name="TwoMatchingAreas(PlayersWorlds.Maps.Maze.BinaryTreeMazeGenerator,Cave)" fullname="PlayersWorlds.Maps.Maze.MazeGeneratorAreasTest.TwoMatchingAreas(PlayersWorlds.Maps.Maze.BinaryTreeMazeGenerator,Cave)" methodname="TwoMatchingAreas" classname="PlayersWorlds.Maps.Maze.MazeGeneratorAreasTest" runstate="Runnable" seed="1619189346" result="Passed" start-time="2024-06-19T14:46:06.3635830Z" end-time="2024-06-19T14:46:06.3879680Z" duration="0.024385" asserts="60" />
                <test-case id="1-1231" name="TwoMatchingAreas(PlayersWorlds.Maps.Maze.BinaryTreeMazeGenerator,Hall)" fullname="PlayersWorlds.Maps.Maze.MazeGeneratorAreasTest.TwoMatchingAreas(PlayersWorlds.Maps.Maze.BinaryTreeMazeGenerator,Hall)" methodname="TwoMatchingAreas" classname="PlayersWorlds.Maps.Maze.MazeGeneratorAreasTest" runstate="Runnable" seed="1847444434" result="Passed" start-time="2024-06-19T14:46:06.3879900Z" end-time="2024-06-19T14:46:06.4123590Z" duration="0.024369" asserts="60" />
                <test-case id="1-1232" name="TwoMatchingAreas(PlayersWorlds.Maps.Maze.BinaryTreeMazeGenerator,Fill)" fullname="PlayersWorlds.Maps.Maze.MazeGeneratorAreasTest.TwoMatchingAreas(PlayersWorlds.Maps.Maze.BinaryTreeMazeGenerator,Fill)" methodname="TwoMatchingAreas" classname="PlayersWorlds.Maps.Maze.MazeGeneratorAreasTest" runstate="Runnable" seed="853960738" result="Passed" start-time="2024-06-19T14:46:06.4123720Z" end-time="2024-06-19T14:46:06.4342820Z" duration="0.021910" asserts="60" />
                <test-case id="1-1233" name="TwoMatchingAreas(PlayersWorlds.Maps.Maze.HuntAndKillMazeGenerator,Cave)" fullname="PlayersWorlds.Maps.Maze.MazeGeneratorAreasTest.TwoMatchingAreas(PlayersWorlds.Maps.Maze.HuntAndKillMazeGenerator,Cave)" methodname="TwoMatchingAreas" classname="PlayersWorlds.Maps.Maze.MazeGeneratorAreasTest" runstate="Runnable" seed="1422508913" result="Passed" start-time="2024-06-19T14:46:06.4342940Z" end-time="2024-06-19T14:46:06.4587090Z" duration="0.024415" asserts="60" />
                <test-case id="1-1234" name="TwoMatchingAreas(PlayersWorlds.Maps.Maze.HuntAndKillMazeGenerator,Hall)" fullname="PlayersWorlds.Maps.Maze.MazeGeneratorAreasTest.TwoMatchingAreas(PlayersWorlds.Maps.Maze.HuntAndKillMazeGenerator,Hall)" methodname="TwoMatchingAreas" classname="PlayersWorlds.Maps.Maze.MazeGeneratorAreasTest" runstate="Runnable" seed="1499988125" result="Passed" start-time="2024-06-19T14:46:06.4587230Z" end-time="2024-06-19T14:46:06.4828150Z" duration="0.024091" asserts="60" />
                <test-case id="1-1235" name="TwoMatchingAreas(PlayersWorlds.Maps.Maze.HuntAndKillMazeGenerator,Fill)" fullname="PlayersWorlds.Maps.Maze.MazeGeneratorAreasTest.TwoMatchingAreas(PlayersWorlds.Maps.Maze.HuntAndKillMazeGenerator,Fill)" methodname="TwoMatchingAreas" classname="PlayersWorlds.Maps.Maze.MazeGeneratorAreasTest" runstate="Runnable" seed="493832768" result="Passed" start-time="2024-06-19T14:46:06.4828270Z" end-time="2024-06-19T14:46:06.5044930Z" duration="0.021666" asserts="60" />
                <test-case id="1-1236" name="TwoMatchingAreas(PlayersWorlds.Maps.Maze.RecursiveBacktrackerMazeGenerator,Cave)" fullname="PlayersWorlds.Maps.Maze.MazeGeneratorAreasTest.TwoMatchingAreas(PlayersWorlds.Maps.Maze.RecursiveBacktrackerMazeGenerator,Cave)" methodname="TwoMatchingAreas" classname="PlayersWorlds.Maps.Maze.MazeGeneratorAreasTest" runstate="Runnable" seed="2036460618" result="Passed" start-time="2024-06-19T14:46:06.5045040Z" end-time="2024-06-19T14:46:06.5290910Z" duration="0.024587" asserts="60" />
                <test-case id="1-1237" name="TwoMatchingAreas(PlayersWorlds.Maps.Maze.RecursiveBacktrackerMazeGenerator,Hall)" fullname="PlayersWorlds.Maps.Maze.MazeGeneratorAreasTest.TwoMatchingAreas(PlayersWorlds.Maps.Maze.RecursiveBacktrackerMazeGenerator,Hall)" methodname="TwoMatchingAreas" classname="PlayersWorlds.Maps.Maze.MazeGeneratorAreasTest" runstate="Runnable" seed="1012118927" result="Passed" start-time="2024-06-19T14:46:06.5291020Z" end-time="2024-06-19T14:46:06.5527490Z" duration="0.023647" asserts="60" />
                <test-case id="1-1238" name="TwoMatchingAreas(PlayersWorlds.Maps.Maze.RecursiveBacktrackerMazeGenerator,Fill)" fullname="PlayersWorlds.Maps.Maze.MazeGeneratorAreasTest.TwoMatchingAreas(PlayersWorlds.Maps.Maze.RecursiveBacktrackerMazeGenerator,Fill)" methodname="TwoMatchingAreas" classname="PlayersWorlds.Maps.Maze.MazeGeneratorAreasTest" runstate="Runnable" seed="1343011457" result="Passed" start-time="2024-06-19T14:46:06.5527620Z" end-time="2024-06-19T14:46:06.5749260Z" duration="0.022163" asserts="60" />
                <test-case id="1-1239" name="TwoMatchingAreas(PlayersWorlds.Maps.Maze.SidewinderMazeGenerator,Cave)" fullname="PlayersWorlds.Maps.Maze.MazeGeneratorAreasTest.TwoMatchingAreas(PlayersWorlds.Maps.Maze.SidewinderMazeGenerator,Cave)" methodname="TwoMatchingAreas" classname="PlayersWorlds.Maps.Maze.MazeGeneratorAreasTest" runstate="Runnable" seed="1337067124" result="Passed" start-time="2024-06-19T14:46:06.5749370Z" end-time="2024-06-19T14:46:06.5991930Z" duration="0.024257" asserts="60" />
                <test-case id="1-1240" name="TwoMatchingAreas(PlayersWorlds.Maps.Maze.SidewinderMazeGenerator,Hall)" fullname="PlayersWorlds.Maps.Maze.MazeGeneratorAreasTest.TwoMatchingAreas(PlayersWorlds.Maps.Maze.SidewinderMazeGenerator,Hall)" methodname="TwoMatchingAreas" classname="PlayersWorlds.Maps.Maze.MazeGeneratorAreasTest" runstate="Runnable" seed="133908366" result="Passed" start-time="2024-06-19T14:46:06.5992050Z" end-time="2024-06-19T14:46:06.6237610Z" duration="0.024555" asserts="60" />
                <test-case id="1-1241" name="TwoMatchingAreas(PlayersWorlds.Maps.Maze.SidewinderMazeGenerator,Fill)" fullname="PlayersWorlds.Maps.Maze.MazeGeneratorAreasTest.TwoMatchingAreas(PlayersWorlds.Maps.Maze.SidewinderMazeGenerator,Fill)" methodname="TwoMatchingAreas" classname="PlayersWorlds.Maps.Maze.MazeGeneratorAreasTest" runstate="Runnable" seed="1312338996" result="Passed" start-time="2024-06-19T14:46:06.6237710Z" end-time="2024-06-19T14:46:06.6459110Z" duration="0.022140" asserts="60" />
                <test-case id="1-1242" name="TwoMatchingAreas(PlayersWorlds.Maps.Maze.WilsonsMazeGenerator,Cave)" fullname="PlayersWorlds.Maps.Maze.MazeGeneratorAreasTest.TwoMatchingAreas(PlayersWorlds.Maps.Maze.WilsonsMazeGenerator,Cave)" methodname="TwoMatchingAreas" classname="PlayersWorlds.Maps.Maze.MazeGeneratorAreasTest" runstate="Runnable" seed="1119068396" result="Passed" start-time="2024-06-19T14:46:06.6459230Z" end-time="2024-06-19T14:46:06.6707610Z" duration="0.024838" asserts="60" />
                <test-case id="1-1243" name="TwoMatchingAreas(PlayersWorlds.Maps.Maze.WilsonsMazeGenerator,Hall)" fullname="PlayersWorlds.Maps.Maze.MazeGeneratorAreasTest.TwoMatchingAreas(PlayersWorlds.Maps.Maze.WilsonsMazeGenerator,Hall)" methodname="TwoMatchingAreas" classname="PlayersWorlds.Maps.Maze.MazeGeneratorAreasTest" runstate="Runnable" seed="2015781777" result="Passed" start-time="2024-06-19T14:46:06.6707720Z" end-time="2024-06-19T14:46:06.6962540Z" duration="0.025482" asserts="60" />
                <test-case id="1-1244" name="TwoMatchingAreas(PlayersWorlds.Maps.Maze.WilsonsMazeGenerator,Fill)" fullname="PlayersWorlds.Maps.Maze.MazeGeneratorAreasTest.TwoMatchingAreas(PlayersWorlds.Maps.Maze.WilsonsMazeGenerator,Fill)" methodname="TwoMatchingAreas" classname="PlayersWorlds.Maps.Maze.MazeGeneratorAreasTest" runstate="Runnable" seed="1111482168" result="Passed" start-time="2024-06-19T14:46:06.6962640Z" end-time="2024-06-19T14:46:06.7188550Z" duration="0.022591" asserts="60" />
              </test-suite>
              <test-case id="1-1266" name="WilsonsHalls" fullname="PlayersWorlds.Maps.Maze.MazeGeneratorAreasTest.WilsonsHalls" methodname="WilsonsHalls" classname="PlayersWorlds.Maps.Maze.MazeGeneratorAreasTest" runstate="Runnable" seed="1126086931" result="Passed" start-time="2024-06-19T14:46:06.7188810Z" end-time="2024-06-19T14:46:06.9159020Z" duration="0.197021" asserts="10">
                <properties>
                  <property name="Repeat" value="10" />
                  <property name="Category" value="Integration" />
                </properties>
              </test-case>
            </test-suite>
            <test-suite type="TestFixture" id="1-1395" name="MazeGeneratorTest" fullname="PlayersWorlds.Maps.Maze.MazeGeneratorTest" classname="PlayersWorlds.Maps.Maze.MazeGeneratorTest" runstate="Runnable" testcasecount="528" result="Skipped" label="Ignored" site="Child" start-time="2024-06-19T14:46:06.9159420Z" end-time="2024-06-19T14:46:13.5533740Z" duration="6.637431" total="528" passed="383" failed="0" warnings="0" inconclusive="0" skipped="145" asserts="1877">
              <reason>
                <message><![CDATA[One or more child tests were ignored]]></message>
              </reason>
              <test-suite type="ParameterizedMethod" id="1-1926" name="CanFindPaths" fullname="PlayersWorlds.Maps.Maze.MazeGeneratorTest.CanFindPaths" classname="PlayersWorlds.Maps.Maze.MazeGeneratorTest" runstate="Runnable" testcasecount="6" result="Passed" start-time="2024-06-19T14:46:06.9160360Z" end-time="2024-06-19T14:46:06.9221490Z" duration="0.006113" total="6" passed="6" failed="0" warnings="0" inconclusive="0" skipped="0" asserts="24">
                <properties>
                  <property name="Category" value="Integration" />
                </properties>
                <test-case id="1-1920" name="CanFindPaths(PlayersWorlds.Maps.Maze.AldousBroderMazeGenerator)" fullname="PlayersWorlds.Maps.Maze.MazeGeneratorTest.CanFindPaths(PlayersWorlds.Maps.Maze.AldousBroderMazeGenerator)" methodname="CanFindPaths" classname="PlayersWorlds.Maps.Maze.MazeGeneratorTest" runstate="Runnable" seed="1829245622" result="Passed" start-time="2024-06-19T14:46:06.9160470Z" end-time="2024-06-19T14:46:06.9178560Z" duration="0.001809" asserts="4" />
                <test-case id="1-1921" name="CanFindPaths(PlayersWorlds.Maps.Maze.BinaryTreeMazeGenerator)" fullname="PlayersWorlds.Maps.Maze.MazeGeneratorTest.CanFindPaths(PlayersWorlds.Maps.Maze.BinaryTreeMazeGenerator)" methodname="CanFindPaths" classname="PlayersWorlds.Maps.Maze.MazeGeneratorTest" runstate="Runnable" seed="865399894" result="Passed" start-time="2024-06-19T14:46:06.9178670Z" end-time="2024-06-19T14:46:06.9186090Z" duration="0.000742" asserts="4" />
                <test-case id="1-1922" name="CanFindPaths(PlayersWorlds.Maps.Maze.HuntAndKillMazeGenerator)" fullname="PlayersWorlds.Maps.Maze.MazeGeneratorTest.CanFindPaths(PlayersWorlds.Maps.Maze.HuntAndKillMazeGenerator)" methodname="CanFindPaths" classname="PlayersWorlds.Maps.Maze.MazeGeneratorTest" runstate="Runnable" seed="465052798" result="Passed" start-time="2024-06-19T14:46:06.9186190Z" end-time="2024-06-19T14:46:06.9193460Z" duration="0.000727" asserts="4" />
                <test-case id="1-1923" name="CanFindPaths(PlayersWorlds.Maps.Maze.RecursiveBacktrackerMazeGenerator)" fullname="PlayersWorlds.Maps.Maze.MazeGeneratorTest.CanFindPaths(PlayersWorlds.Maps.Maze.RecursiveBacktrackerMazeGenerator)" methodname="CanFindPaths" classname="PlayersWorlds.Maps.Maze.MazeGeneratorTest" runstate="Runnable" seed="1953647705" result="Passed" start-time="2024-06-19T14:46:06.9193570Z" end-time="2024-06-19T14:46:06.9206710Z" duration="0.001314" asserts="4" />
                <test-case id="1-1924" name="CanFindPaths(PlayersWorlds.Maps.Maze.SidewinderMazeGenerator)" fullname="PlayersWorlds.Maps.Maze.MazeGeneratorTest.CanFindPaths(PlayersWorlds.Maps.Maze.SidewinderMazeGenerator)" methodname="CanFindPaths" classname="PlayersWorlds.Maps.Maze.MazeGeneratorTest" runstate="Runnable" seed="1655999797" result="Passed" start-time="2024-06-19T14:46:06.9206800Z" end-time="2024-06-19T14:46:06.9214170Z" duration="0.000736" asserts="4" />
                <test-case id="1-1925" name="CanFindPaths(PlayersWorlds.Maps.Maze.WilsonsMazeGenerator)" fullname="PlayersWorlds.Maps.Maze.MazeGeneratorTest.CanFindPaths(PlayersWorlds.Maps.Maze.WilsonsMazeGenerator)" methodname="CanFindPaths" classname="PlayersWorlds.Maps.Maze.MazeGeneratorTest" runstate="Runnable" seed="1637908709" result="Passed" start-time="2024-06-19T14:46:06.9214280Z" end-time="2024-06-19T14:46:06.9221390Z" duration="0.000711" asserts="4" />
              </test-suite>
              <test-suite type="ParameterizedMethod" id="1-1403" name="CanGenerateMazes" fullname="PlayersWorlds.Maps.Maze.MazeGeneratorTest.CanGenerateMazes" classname="PlayersWorlds.Maps.Maze.MazeGeneratorTest" runstate="Runnable" testcasecount="6" result="Passed" start-time="2024-06-19T14:46:06.9221600Z" end-time="2024-06-19T14:46:07.2323990Z" duration="0.310240" total="6" passed="6" failed="0" warnings="0" inconclusive="0" skipped="0" asserts="18">
                <test-case id="1-1397" name="CanGenerateMazes(PlayersWorlds.Maps.Maze.AldousBroderMazeGenerator)" fullname="PlayersWorlds.Maps.Maze.MazeGeneratorTest.CanGenerateMazes(PlayersWorlds.Maps.Maze.AldousBroderMazeGenerator)" methodname="CanGenerateMazes" classname="PlayersWorlds.Maps.Maze.MazeGeneratorTest" runstate="Runnable" seed="995966724" result="Passed" start-time="2024-06-19T14:46:06.9221680Z" end-time="2024-06-19T14:46:06.9904760Z" duration="0.068308" asserts="3" />
                <test-case id="1-1398" name="CanGenerateMazes(PlayersWorlds.Maps.Maze.BinaryTreeMazeGenerator)" fullname="PlayersWorlds.Maps.Maze.MazeGeneratorTest.CanGenerateMazes(PlayersWorlds.Maps.Maze.BinaryTreeMazeGenerator)" methodname="CanGenerateMazes" classname="PlayersWorlds.Maps.Maze.MazeGeneratorTest" runstate="Runnable" seed="1651872183" result="Passed" start-time="2024-06-19T14:46:06.9904870Z" end-time="2024-06-19T14:46:07.0383890Z" duration="0.047902" asserts="3" />
                <test-case id="1-1399" name="CanGenerateMazes(PlayersWorlds.Maps.Maze.HuntAndKillMazeGenerator)" fullname="PlayersWorlds.Maps.Maze.MazeGeneratorTest.CanGenerateMazes(PlayersWorlds.Maps.Maze.HuntAndKillMazeGenerator)" methodname="CanGenerateMazes" classname="PlayersWorlds.Maps.Maze.MazeGeneratorTest" runstate="Runnable" seed="799028317" result="Passed" start-time="2024-06-19T14:46:07.0384000Z" end-time="2024-06-19T14:46:07.0862460Z" duration="0.047846" asserts="3" />
                <test-case id="1-1400" name="CanGenerateMazes(PlayersWorlds.Maps.Maze.RecursiveBacktrackerMazeGenerator)" fullname="PlayersWorlds.Maps.Maze.MazeGeneratorTest.CanGenerateMazes(PlayersWorlds.Maps.Maze.RecursiveBacktrackerMazeGenerator)" methodname="CanGenerateMazes" classname="PlayersWorlds.Maps.Maze.MazeGeneratorTest" runstate="Runnable" seed="960581753" result="Passed" start-time="2024-06-19T14:46:07.0862570Z" end-time="2024-06-19T14:46:07.1348470Z" duration="0.048590" asserts="3" />
                <test-case id="1-1401" name="CanGenerateMazes(PlayersWorlds.Maps.Maze.SidewinderMazeGenerator)" fullname="PlayersWorlds.Maps.Maze.MazeGeneratorTest.CanGenerateMazes(PlayersWorlds.Maps.Maze.SidewinderMazeGenerator)" methodname="CanGenerateMazes" classname="PlayersWorlds.Maps.Maze.MazeGeneratorTest" runstate="Runnable" seed="742538562" result="Passed" start-time="2024-06-19T14:46:07.1348570Z" end-time="2024-06-19T14:46:07.1836460Z" duration="0.048788" asserts="3" />
                <test-case id="1-1402" name="CanGenerateMazes(PlayersWorlds.Maps.Maze.WilsonsMazeGenerator)" fullname="PlayersWorlds.Maps.Maze.MazeGeneratorTest.CanGenerateMazes(PlayersWorlds.Maps.Maze.WilsonsMazeGenerator)" methodname="CanGenerateMazes" classname="PlayersWorlds.Maps.Maze.MazeGeneratorTest" runstate="Runnable" seed="1565470178" result="Passed" start-time="2024-06-19T14:46:07.1836630Z" end-time="2024-06-19T14:46:07.2323870Z" duration="0.048724" asserts="3" />
              </test-suite>
              <test-case id="1-1404" name="CanGenerateMazes_Debug" fullname="PlayersWorlds.Maps.Maze.MazeGeneratorTest.CanGenerateMazes_Debug" methodname="CanGenerateMazes_Debug" classname="PlayersWorlds.Maps.Maze.MazeGeneratorTest" runstate="Runnable" seed="1854609030" result="Passed" start-time="2024-06-19T14:46:07.2324100Z" end-time="2024-06-19T14:46:07.2805160Z" duration="0.048106" asserts="3" />
              <test-case id="1-1396" name="CanUseCustomAreaGenerator" fullname="PlayersWorlds.Maps.Maze.MazeGeneratorTest.CanUseCustomAreaGenerator" methodname="CanUseCustomAreaGenerator" classname="PlayersWorlds.Maps.Maze.MazeGeneratorTest" runstate="Runnable" seed="138423880" result="Passed" start-time="2024-06-19T14:46:07.2805270Z" end-time="2024-06-19T14:46:07.3054080Z" duration="0.024881" asserts="5" />
              <test-suite type="ParameterizedMethod" id="1-1917" name="IsFillComplete" fullname="PlayersWorlds.Maps.Maze.MazeGeneratorTest.IsFillComplete" classname="PlayersWorlds.Maps.Maze.MazeGeneratorTest" runstate="Runnable" testcasecount="504" result="Skipped" label="Ignored" site="Child" start-time="2024-06-19T14:46:07.3054220Z" end-time="2024-06-19T14:46:13.4892090Z" duration="6.183787" total="504" passed="360" failed="0" warnings="0" inconclusive="0" skipped="144" asserts="1800">
                <properties>
                  <property name="Category" value="Integration" />
                </properties>
                <reason>
                  <message><![CDATA[One or more child tests were ignored]]></message>
                </reason>
                <test-case id="1-1413" name="IsFillComplete(PlayersWorlds.Maps.Maze.AldousBroderMazeGenerator,Quarter,Auto,null)" fullname="PlayersWorlds.Maps.Maze.MazeGeneratorTest.IsFillComplete(PlayersWorlds.Maps.Maze.AldousBroderMazeGenerator,Quarter,Auto,null)" methodname="IsFillComplete" classname="PlayersWorlds.Maps.Maze.MazeGeneratorTest" runstate="Runnable" seed="476576529" result="Passed" start-time="2024-06-19T14:46:07.3054350Z" end-time="2024-06-19T14:46:07.3232500Z" duration="0.017815" asserts="5" />
                <test-case id="1-1414" name="IsFillComplete(PlayersWorlds.Maps.Maze.AldousBroderMazeGenerator,Quarter,Auto,System.Collections.Generic.List`1[PlayersWorlds.Maps.Area])" fullname="PlayersWorlds.Maps.Maze.MazeGeneratorTest.IsFillComplete(PlayersWorlds.Maps.Maze.AldousBroderMazeGenerator,Quarter,Auto,System.Collections.Generic.List`1[PlayersWorlds.Maps.Area])" methodname="IsFillComplete" classname="PlayersWorlds.Maps.Maze.MazeGeneratorTest" runstate="Runnable" seed="335901122" result="Passed" start-time="2024-06-19T14:46:07.3232610Z" end-time="2024-06-19T14:46:07.3383210Z" duration="0.015060" asserts="5" />
                <test-case id="1-1415" name="IsFillComplete(PlayersWorlds.Maps.Maze.AldousBroderMazeGenerator,Quarter,Auto,System.Collections.Generic.List`1[PlayersWorlds.Maps.Area])" fullname="PlayersWorlds.Maps.Maze.MazeGeneratorTest.IsFillComplete(PlayersWorlds.Maps.Maze.AldousBroderMazeGenerator,Quarter,Auto,System.Collections.Generic.List`1[PlayersWorlds.Maps.Area])" methodname="IsFillComplete" classname="PlayersWorlds.Maps.Maze.MazeGeneratorTest" runstate="Runnable" seed="170802156" result="Passed" start-time="2024-06-19T14:46:07.3383380Z" end-time="2024-06-19T14:46:07.3609070Z" duration="0.022569" asserts="5" />
                <test-case id="1-1416" name="IsFillComplete(PlayersWorlds.Maps.Maze.AldousBroderMazeGenerator,Quarter,Auto,System.Collections.Generic.List`1[PlayersWorlds.Maps.Area])" fullname="PlayersWorlds.Maps.Maze.MazeGeneratorTest.IsFillComplete(PlayersWorlds.Maps.Maze.AldousBroderMazeGenerator,Quarter,Auto,System.Collections.Generic.List`1[PlayersWorlds.Maps.Area])" methodname="IsFillComplete" classname="PlayersWorlds.Maps.Maze.MazeGeneratorTest" runstate="Runnable" seed="1977011176" result="Passed" start-time="2024-06-19T14:46:07.3609170Z" end-time="2024-06-19T14:46:07.4032680Z" duration="0.042351" asserts="5" />
                <test-case id="1-1417" name="IsFillComplete(PlayersWorlds.Maps.Maze.AldousBroderMazeGenerator,Quarter,Auto,System.Collections.Generic.List`1[PlayersWorlds.Maps.Area])" fullname="PlayersWorlds.Maps.Maze.MazeGeneratorTest.IsFillComplete(PlayersWorlds.Maps.Maze.AldousBroderMazeGenerator,Quarter,Auto,System.Collections.Generic.List`1[PlayersWorlds.Maps.Area])" methodname="IsFillComplete" classname="PlayersWorlds.Maps.Maze.MazeGeneratorTest" runstate="Runnable" seed="637772698" result="Passed" start-time="2024-06-19T14:46:07.4032790Z" end-time="2024-06-19T14:46:07.4386990Z" duration="0.035421" asserts="5" />
                <test-case id="1-1418" name="IsFillComplete(PlayersWorlds.Maps.Maze.AldousBroderMazeGenerator,Quarter,Auto,System.Collections.Generic.List`1[PlayersWorlds.Maps.Area])" fullname="PlayersWorlds.Maps.Maze.MazeGeneratorTest.IsFillComplete(PlayersWorlds.Maps.Maze.AldousBroderMazeGenerator,Quarter,Auto,System.Collections.Generic.List`1[PlayersWorlds.Maps.Area])" methodname="IsFillComplete" classname="PlayersWorlds.Maps.Maze.MazeGeneratorTest" runstate="Runnable" seed="1584817567" result="Passed" start-time="2024-06-19T14:46:07.4387180Z" end-time="2024-06-19T14:46:07.4738210Z" duration="0.035103" asserts="5" />
                <test-case id="1-1419" name="IsFillComplete(PlayersWorlds.Maps.Maze.AldousBroderMazeGenerator,Quarter,Manual,null)" fullname="PlayersWorlds.Maps.Maze.MazeGeneratorTest.IsFillComplete(PlayersWorlds.Maps.Maze.AldousBroderMazeGenerator,Quarter,Manual,null)" methodname="IsFillComplete" classname="PlayersWorlds.Maps.Maze.MazeGeneratorTest" runstate="Runnable" seed="475835861" result="Passed" start-time="2024-06-19T14:46:07.4738320Z" end-time="2024-06-19T14:46:07.4798600Z" duration="0.006028" asserts="5" />
                <test-case id="1-1420" name="IsFillComplete(PlayersWorlds.Maps.Maze.AldousBroderMazeGenerator,Quarter,Manual,System.Collections.Generic.List`1[PlayersWorlds.Maps.Area])" fullname="PlayersWorlds.Maps.Maze.MazeGeneratorTest.IsFillComplete(PlayersWorlds.Maps.Maze.AldousBroderMazeGenerator,Quarter,Manual,System.Collections.Generic.List`1[PlayersWorlds.Maps.Area])" methodname="IsFillComplete" classname="PlayersWorlds.Maps.Maze.MazeGeneratorTest" runstate="Runnable" seed="1878752284" result="Passed" start-time="2024-06-19T14:46:07.4798690Z" end-time="2024-06-19T14:46:07.4859250Z" duration="0.006055" asserts="5" />
                <test-case id="1-1421" name="IsFillComplete(PlayersWorlds.Maps.Maze.AldousBroderMazeGenerator,Quarter,Manual,System.Collections.Generic.List`1[PlayersWorlds.Maps.Area])" fullname="PlayersWorlds.Maps.Maze.MazeGeneratorTest.IsFillComplete(PlayersWorlds.Maps.Maze.AldousBroderMazeGenerator,Quarter,Manual,System.Collections.Generic.List`1[PlayersWorlds.Maps.Area])" methodname="IsFillComplete" classname="PlayersWorlds.Maps.Maze.MazeGeneratorTest" runstate="Runnable" seed="1155451519" result="Passed" start-time="2024-06-19T14:46:07.4859420Z" end-time="2024-06-19T14:46:07.4917020Z" duration="0.005760" asserts="5" />
                <test-case id="1-1422" name="IsFillComplete(PlayersWorlds.Maps.Maze.AldousBroderMazeGenerator,Quarter,Manual,System.Collections.Generic.List`1[PlayersWorlds.Maps.Area])" fullname="PlayersWorlds.Maps.Maze.MazeGeneratorTest.IsFillComplete(PlayersWorlds.Maps.Maze.AldousBroderMazeGenerator,Quarter,Manual,System.Collections.Generic.List`1[PlayersWorlds.Maps.Area])" methodname="IsFillComplete" classname="PlayersWorlds.Maps.Maze.MazeGeneratorTest" runstate="Runnable" seed="1963329581" result="Passed" start-time="2024-06-19T14:46:07.4917120Z" end-time="2024-06-19T14:46:07.4976300Z" duration="0.005918" asserts="5" />
                <test-case id="1-1423" name="IsFillComplete(PlayersWorlds.Maps.Maze.AldousBroderMazeGenerator,Quarter,Manual,System.Collections.Generic.List`1[PlayersWorlds.Maps.Area])" fullname="PlayersWorlds.Maps.Maze.MazeGeneratorTest.IsFillComplete(PlayersWorlds.Maps.Maze.AldousBroderMazeGenerator,Quarter,Manual,System.Collections.Generic.List`1[PlayersWorlds.Maps.Area])" methodname="IsFillComplete" classname="PlayersWorlds.Maps.Maze.MazeGeneratorTest" runstate="Runnable" seed="1129091734" result="Passed" start-time="2024-06-19T14:46:07.4976410Z" end-time="2024-06-19T14:46:07.5033160Z" duration="0.005676" asserts="5" />
                <test-case id="1-1424" name="IsFillComplete(PlayersWorlds.Maps.Maze.AldousBroderMazeGenerator,Quarter,Manual,System.Collections.Generic.List`1[PlayersWorlds.Maps.Area])" fullname="PlayersWorlds.Maps.Maze.MazeGeneratorTest.IsFillComplete(PlayersWorlds.Maps.Maze.AldousBroderMazeGenerator,Quarter,Manual,System.Collections.Generic.List`1[PlayersWorlds.Maps.Area])" methodname="IsFillComplete" classname="PlayersWorlds.Maps.Maze.MazeGeneratorTest" runstate="Runnable" seed="748934290" result="Passed" start-time="2024-06-19T14:46:07.5033340Z" end-time="2024-06-19T14:46:07.5086510Z" duration="0.005318" asserts="5" />
                <test-case id="1-1425" name="IsFillComplete(PlayersWorlds.Maps.Maze.AldousBroderMazeGenerator,Half,Auto,null)" fullname="PlayersWorlds.Maps.Maze.MazeGeneratorTest.IsFillComplete(PlayersWorlds.Maps.Maze.AldousBroderMazeGenerator,Half,Auto,null)" methodname="IsFillComplete" classname="PlayersWorlds.Maps.Maze.MazeGeneratorTest" runstate="Runnable" seed="1039239408" result="Passed" start-time="2024-06-19T14:46:07.5086690Z" end-time="2024-06-19T14:46:07.5184560Z" duration="0.009788" asserts="5" />
                <test-case id="1-1426" name="IsFillComplete(PlayersWorlds.Maps.Maze.AldousBroderMazeGenerator,Half,Auto,System.Collections.Generic.List`1[PlayersWorlds.Maps.Area])" fullname="PlayersWorlds.Maps.Maze.MazeGeneratorTest.IsFillComplete(PlayersWorlds.Maps.Maze.AldousBroderMazeGenerator,Half,Auto,System.Collections.Generic.List`1[PlayersWorlds.Maps.Area])" methodname="IsFillComplete" classname="PlayersWorlds.Maps.Maze.MazeGeneratorTest" runstate="Runnable" seed="1840294155" result="Passed" start-time="2024-06-19T14:46:07.5184660Z" end-time="2024-06-19T14:46:07.5294990Z" duration="0.011032" asserts="5" />
                <test-case id="1-1427" name="IsFillComplete(PlayersWorlds.Maps.Maze.AldousBroderMazeGenerator,Half,Auto,System.Collections.Generic.List`1[PlayersWorlds.Maps.Area])" fullname="PlayersWorlds.Maps.Maze.MazeGeneratorTest.IsFillComplete(PlayersWorlds.Maps.Maze.AldousBroderMazeGenerator,Half,Auto,System.Collections.Generic.List`1[PlayersWorlds.Maps.Area])" methodname="IsFillComplete" classname="PlayersWorlds.Maps.Maze.MazeGeneratorTest" runstate="Runnable" seed="1249227634" result="Passed" start-time="2024-06-19T14:46:07.5295100Z" end-time="2024-06-19T14:46:07.5579870Z" duration="0.028476" asserts="5" />
                <test-case id="1-1428" name="IsFillComplete(PlayersWorlds.Maps.Maze.AldousBroderMazeGenerator,Half,Auto,System.Collections.Generic.List`1[PlayersWorlds.Maps.Area])" fullname="PlayersWorlds.Maps.Maze.MazeGeneratorTest.IsFillComplete(PlayersWorlds.Maps.Maze.AldousBroderMazeGenerator,Half,Auto,System.Collections.Generic.List`1[PlayersWorlds.Maps.Area])" methodname="IsFillComplete" classname="PlayersWorlds.Maps.Maze.MazeGeneratorTest" runstate="Runnable" seed="405481998" result="Passed" start-time="2024-06-19T14:46:07.5580040Z" end-time="2024-06-19T14:46:07.5882350Z" duration="0.030230" asserts="5" />
                <test-case id="1-1429" name="IsFillComplete(PlayersWorlds.Maps.Maze.AldousBroderMazeGenerator,Half,Auto,System.Collections.Generic.List`1[PlayersWorlds.Maps.Area])" fullname="PlayersWorlds.Maps.Maze.MazeGeneratorTest.IsFillComplete(PlayersWorlds.Maps.Maze.AldousBroderMazeGenerator,Half,Auto,System.Collections.Generic.List`1[PlayersWorlds.Maps.Area])" methodname="IsFillComplete" classname="PlayersWorlds.Maps.Maze.MazeGeneratorTest" runstate="Runnable" seed="3654213" result="Passed" start-time="2024-06-19T14:46:07.5882450Z" end-time="2024-06-19T14:46:07.6310470Z" duration="0.042802" asserts="5" />
                <test-case id="1-1430" name="IsFillComplete(PlayersWorlds.Maps.Maze.AldousBroderMazeGenerator,Half,Auto,System.Collections.Generic.List`1[PlayersWorlds.Maps.Area])" fullname="PlayersWorlds.Maps.Maze.MazeGeneratorTest.IsFillComplete(PlayersWorlds.Maps.Maze.AldousBroderMazeGenerator,Half,Auto,System.Collections.Generic.List`1[PlayersWorlds.Maps.Area])" methodname="IsFillComplete" classname="PlayersWorlds.Maps.Maze.MazeGeneratorTest" runstate="Runnable" seed="1804724415" result="Passed" start-time="2024-06-19T14:46:07.6310660Z" end-time="2024-06-19T14:46:07.6551720Z" duration="0.024106" asserts="5" />
                <test-case id="1-1431" name="IsFillComplete(PlayersWorlds.Maps.Maze.AldousBroderMazeGenerator,Half,Manual,null)" fullname="PlayersWorlds.Maps.Maze.MazeGeneratorTest.IsFillComplete(PlayersWorlds.Maps.Maze.AldousBroderMazeGenerator,Half,Manual,null)" methodname="IsFillComplete" classname="PlayersWorlds.Maps.Maze.MazeGeneratorTest" runstate="Runnable" seed="1926190918" result="Passed" start-time="2024-06-19T14:46:07.6551820Z" end-time="2024-06-19T14:46:07.6614670Z" duration="0.006285" asserts="5" />
                <test-case id="1-1432" name="IsFillComplete(PlayersWorlds.Maps.Maze.AldousBroderMazeGenerator,Half,Manual,System.Collections.Generic.List`1[PlayersWorlds.Maps.Area])" fullname="PlayersWorlds.Maps.Maze.MazeGeneratorTest.IsFillComplete(PlayersWorlds.Maps.Maze.AldousBroderMazeGenerator,Half,Manual,System.Collections.Generic.List`1[PlayersWorlds.Maps.Area])" methodname="IsFillComplete" classname="PlayersWorlds.Maps.Maze.MazeGeneratorTest" runstate="Runnable" seed="1822852334" result="Passed" start-time="2024-06-19T14:46:07.6614780Z" end-time="2024-06-19T14:46:07.6677360Z" duration="0.006258" asserts="5" />
                <test-case id="1-1433" name="IsFillComplete(PlayersWorlds.Maps.Maze.AldousBroderMazeGenerator,Half,Manual,System.Collections.Generic.List`1[PlayersWorlds.Maps.Area])" fullname="PlayersWorlds.Maps.Maze.MazeGeneratorTest.IsFillComplete(PlayersWorlds.Maps.Maze.AldousBroderMazeGenerator,Half,Manual,System.Collections.Generic.List`1[PlayersWorlds.Maps.Area])" methodname="IsFillComplete" classname="PlayersWorlds.Maps.Maze.MazeGeneratorTest" runstate="Runnable" seed="441852079" result="Passed" start-time="2024-06-19T14:46:07.6677470Z" end-time="2024-06-19T14:46:07.6737330Z" duration="0.005986" asserts="5" />
                <test-case id="1-1434" name="IsFillComplete(PlayersWorlds.Maps.Maze.AldousBroderMazeGenerator,Half,Manual,System.Collections.Generic.List`1[PlayersWorlds.Maps.Area])" fullname="PlayersWorlds.Maps.Maze.MazeGeneratorTest.IsFillComplete(PlayersWorlds.Maps.Maze.AldousBroderMazeGenerator,Half,Manual,System.Collections.Generic.List`1[PlayersWorlds.Maps.Area])" methodname="IsFillComplete" classname="PlayersWorlds.Maps.Maze.MazeGeneratorTest" runstate="Runnable" seed="428664716" result="Passed" start-time="2024-06-19T14:46:07.6737430Z" end-time="2024-06-19T14:46:07.6799260Z" duration="0.006183" asserts="5" />
                <test-case id="1-1435" name="IsFillComplete(PlayersWorlds.Maps.Maze.AldousBroderMazeGenerator,Half,Manual,System.Collections.Generic.List`1[PlayersWorlds.Maps.Area])" fullname="PlayersWorlds.Maps.Maze.MazeGeneratorTest.IsFillComplete(PlayersWorlds.Maps.Maze.AldousBroderMazeGenerator,Half,Manual,System.Collections.Generic.List`1[PlayersWorlds.Maps.Area])" methodname="IsFillComplete" classname="PlayersWorlds.Maps.Maze.MazeGeneratorTest" runstate="Runnable" seed="231704237" result="Passed" start-time="2024-06-19T14:46:07.6799380Z" end-time="2024-06-19T14:46:07.6858310Z" duration="0.005893" asserts="5" />
                <test-case id="1-1436" name="IsFillComplete(PlayersWorlds.Maps.Maze.AldousBroderMazeGenerator,Half,Manual,System.Collections.Generic.List`1[PlayersWorlds.Maps.Area])" fullname="PlayersWorlds.Maps.Maze.MazeGeneratorTest.IsFillComplete(PlayersWorlds.Maps.Maze.AldousBroderMazeGenerator,Half,Manual,System.Collections.Generic.List`1[PlayersWorlds.Maps.Area])" methodname="IsFillComplete" classname="PlayersWorlds.Maps.Maze.MazeGeneratorTest" runstate="Runnable" seed="324477581" result="Passed" start-time="2024-06-19T14:46:07.6858490Z" end-time="2024-06-19T14:46:07.6916920Z" duration="0.005843" asserts="5" />
                <test-case id="1-1437" name="IsFillComplete(PlayersWorlds.Maps.Maze.AldousBroderMazeGenerator,ThreeQuarters,Auto,null)" fullname="PlayersWorlds.Maps.Maze.MazeGeneratorTest.IsFillComplete(PlayersWorlds.Maps.Maze.AldousBroderMazeGenerator,ThreeQuarters,Auto,null)" methodname="IsFillComplete" classname="PlayersWorlds.Maps.Maze.MazeGeneratorTest" runstate="Runnable" seed="2132446798" result="Passed" start-time="2024-06-19T14:46:07.6917020Z" end-time="2024-06-19T14:46:07.7102040Z" duration="0.018502" asserts="5" />
                <test-case id="1-1438" name="IsFillComplete(PlayersWorlds.Maps.Maze.AldousBroderMazeGenerator,ThreeQuarters,Auto,System.Collections.Generic.List`1[PlayersWorlds.Maps.Area])" fullname="PlayersWorlds.Maps.Maze.MazeGeneratorTest.IsFillComplete(PlayersWorlds.Maps.Maze.AldousBroderMazeGenerator,ThreeQuarters,Auto,System.Collections.Generic.List`1[PlayersWorlds.Maps.Area])" methodname="IsFillComplete" classname="PlayersWorlds.Maps.Maze.MazeGeneratorTest" runstate="Runnable" seed="871604561" result="Passed" start-time="2024-06-19T14:46:07.7102140Z" end-time="2024-06-19T14:46:07.7462840Z" duration="0.036070" asserts="5" />
                <test-case id="1-1439" name="IsFillComplete(PlayersWorlds.Maps.Maze.AldousBroderMazeGenerator,ThreeQuarters,Auto,System.Collections.Generic.List`1[PlayersWorlds.Maps.Area])" fullname="PlayersWorlds.Maps.Maze.MazeGeneratorTest.IsFillComplete(PlayersWorlds.Maps.Maze.AldousBroderMazeGenerator,ThreeQuarters,Auto,System.Collections.Generic.List`1[PlayersWorlds.Maps.Area])" methodname="IsFillComplete" classname="PlayersWorlds.Maps.Maze.MazeGeneratorTest" runstate="Runnable" seed="594244101" result="Passed" start-time="2024-06-19T14:46:07.7462940Z" end-time="2024-06-19T14:46:07.7651150Z" duration="0.018821" asserts="5" />
                <test-case id="1-1440" name="IsFillComplete(PlayersWorlds.Maps.Maze.AldousBroderMazeGenerator,ThreeQuarters,Auto,System.Collections.Generic.List`1[PlayersWorlds.Maps.Area])" fullname="PlayersWorlds.Maps.Maze.MazeGeneratorTest.IsFillComplete(PlayersWorlds.Maps.Maze.AldousBroderMazeGenerator,ThreeQuarters,Auto,System.Collections.Generic.List`1[PlayersWorlds.Maps.Area])" methodname="IsFillComplete" classname="PlayersWorlds.Maps.Maze.MazeGeneratorTest" runstate="Runnable" seed="1014267976" result="Passed" start-time="2024-06-19T14:46:07.7651260Z" end-time="2024-06-19T14:46:07.8006890Z" duration="0.035563" asserts="5" />
                <test-case id="1-1441" name="IsFillComplete(PlayersWorlds.Maps.Maze.AldousBroderMazeGenerator,ThreeQuarters,Auto,System.Collections.Generic.List`1[PlayersWorlds.Maps.Area])" fullname="PlayersWorlds.Maps.Maze.MazeGeneratorTest.IsFillComplete(PlayersWorlds.Maps.Maze.AldousBroderMazeGenerator,ThreeQuarters,Auto,System.Collections.Generic.List`1[PlayersWorlds.Maps.Area])" methodname="IsFillComplete" classname="PlayersWorlds.Maps.Maze.MazeGeneratorTest" runstate="Runnable" seed="1130551911" result="Passed" start-time="2024-06-19T14:46:07.8006990Z" end-time="2024-06-19T14:46:07.8300980Z" duration="0.029398" asserts="5" />
                <test-case id="1-1442" name="IsFillComplete(PlayersWorlds.Maps.Maze.AldousBroderMazeGenerator,ThreeQuarters,Auto,System.Collections.Generic.List`1[PlayersWorlds.Maps.Area])" fullname="PlayersWorlds.Maps.Maze.MazeGeneratorTest.IsFillComplete(PlayersWorlds.Maps.Maze.AldousBroderMazeGenerator,ThreeQuarters,Auto,System.Collections.Generic.List`1[PlayersWorlds.Maps.Area])" methodname="IsFillComplete" classname="PlayersWorlds.Maps.Maze.MazeGeneratorTest" runstate="Runnable" seed="958622125" result="Passed" start-time="2024-06-19T14:46:07.8301090Z" end-time="2024-06-19T14:46:07.8705850Z" duration="0.040476" asserts="5" />
                <test-case id="1-1443" name="IsFillComplete(PlayersWorlds.Maps.Maze.AldousBroderMazeGenerator,ThreeQuarters,Manual,null)" fullname="PlayersWorlds.Maps.Maze.MazeGeneratorTest.IsFillComplete(PlayersWorlds.Maps.Maze.AldousBroderMazeGenerator,ThreeQuarters,Manual,null)" methodname="IsFillComplete" classname="PlayersWorlds.Maps.Maze.MazeGeneratorTest" runstate="Runnable" seed="1927445952" result="Passed" start-time="2024-06-19T14:46:07.8705960Z" end-time="2024-06-19T14:46:07.8777940Z" duration="0.007198" asserts="5" />
                <test-case id="1-1444" name="IsFillComplete(PlayersWorlds.Maps.Maze.AldousBroderMazeGenerator,ThreeQuarters,Manual,System.Collections.Generic.List`1[PlayersWorlds.Maps.Area])" fullname="PlayersWorlds.Maps.Maze.MazeGeneratorTest.IsFillComplete(PlayersWorlds.Maps.Maze.AldousBroderMazeGenerator,ThreeQuarters,Manual,System.Collections.Generic.List`1[PlayersWorlds.Maps.Area])" methodname="IsFillComplete" classname="PlayersWorlds.Maps.Maze.MazeGeneratorTest" runstate="Runnable" seed="1938875577" result="Passed" start-time="2024-06-19T14:46:07.8778040Z" end-time="2024-06-19T14:46:07.8844300Z" duration="0.006627" asserts="5" />
                <test-case id="1-1445" name="IsFillComplete(PlayersWorlds.Maps.Maze.AldousBroderMazeGenerator,ThreeQuarters,Manual,System.Collections.Generic.List`1[PlayersWorlds.Maps.Area])" fullname="PlayersWorlds.Maps.Maze.MazeGeneratorTest.IsFillComplete(PlayersWorlds.Maps.Maze.AldousBroderMazeGenerator,ThreeQuarters,Manual,System.Collections.Generic.List`1[PlayersWorlds.Maps.Area])" methodname="IsFillComplete" classname="PlayersWorlds.Maps.Maze.MazeGeneratorTest" runstate="Runnable" seed="1614433636" result="Passed" start-time="2024-06-19T14:46:07.8844400Z" end-time="2024-06-19T14:46:07.8912420Z" duration="0.006802" asserts="5" />
                <test-case id="1-1446" name="IsFillComplete(PlayersWorlds.Maps.Maze.AldousBroderMazeGenerator,ThreeQuarters,Manual,System.Collections.Generic.List`1[PlayersWorlds.Maps.Area])" fullname="PlayersWorlds.Maps.Maze.MazeGeneratorTest.IsFillComplete(PlayersWorlds.Maps.Maze.AldousBroderMazeGenerator,ThreeQuarters,Manual,System.Collections.Generic.List`1[PlayersWorlds.Maps.Area])" methodname="IsFillComplete" classname="PlayersWorlds.Maps.Maze.MazeGeneratorTest" runstate="Runnable" seed="1352164192" result="Passed" start-time="2024-06-19T14:46:07.8912540Z" end-time="2024-06-19T14:46:07.8988850Z" duration="0.007632" asserts="5" />
                <test-case id="1-1447" name="IsFillComplete(PlayersWorlds.Maps.Maze.AldousBroderMazeGenerator,ThreeQuarters,Manual,System.Collections.Generic.List`1[PlayersWorlds.Maps.Area])" fullname="PlayersWorlds.Maps.Maze.MazeGeneratorTest.IsFillComplete(PlayersWorlds.Maps.Maze.AldousBroderMazeGenerator,ThreeQuarters,Manual,System.Collections.Generic.List`1[PlayersWorlds.Maps.Area])" methodname="IsFillComplete" classname="PlayersWorlds.Maps.Maze.MazeGeneratorTest" runstate="Runnable" seed="848169470" result="Passed" start-time="2024-06-19T14:46:07.8988960Z" end-time="2024-06-19T14:46:07.9060340Z" duration="0.007138" asserts="5" />
                <test-case id="1-1448" name="IsFillComplete(PlayersWorlds.Maps.Maze.AldousBroderMazeGenerator,ThreeQuarters,Manual,System.Collections.Generic.List`1[PlayersWorlds.Maps.Area])" fullname="PlayersWorlds.Maps.Maze.MazeGeneratorTest.IsFillComplete(PlayersWorlds.Maps.Maze.AldousBroderMazeGenerator,ThreeQuarters,Manual,System.Collections.Generic.List`1[PlayersWorlds.Maps.Area])" methodname="IsFillComplete" classname="PlayersWorlds.Maps.Maze.MazeGeneratorTest" runstate="Runnable" seed="687602089" result="Passed" start-time="2024-06-19T14:46:07.9060430Z" end-time="2024-06-19T14:46:07.9128520Z" duration="0.006808" asserts="5" />
                <test-case id="1-1449" name="IsFillComplete(PlayersWorlds.Maps.Maze.AldousBroderMazeGenerator,NinetyPercent,Auto,null)" fullname="PlayersWorlds.Maps.Maze.MazeGeneratorTest.IsFillComplete(PlayersWorlds.Maps.Maze.AldousBroderMazeGenerator,NinetyPercent,Auto,null)" methodname="IsFillComplete" classname="PlayersWorlds.Maps.Maze.MazeGeneratorTest" runstate="Runnable" seed="563652138" result="Passed" start-time="2024-06-19T14:46:07.9128620Z" end-time="2024-06-19T14:46:07.9289320Z" duration="0.016070" asserts="5" />
                <test-case id="1-1450" name="IsFillComplete(PlayersWorlds.Maps.Maze.AldousBroderMazeGenerator,NinetyPercent,Auto,System.Collections.Generic.List`1[PlayersWorlds.Maps.Area])" fullname="PlayersWorlds.Maps.Maze.MazeGeneratorTest.IsFillComplete(PlayersWorlds.Maps.Maze.AldousBroderMazeGenerator,NinetyPercent,Auto,System.Collections.Generic.List`1[PlayersWorlds.Maps.Area])" methodname="IsFillComplete" classname="PlayersWorlds.Maps.Maze.MazeGeneratorTest" runstate="Runnable" seed="1553595242" result="Passed" start-time="2024-06-19T14:46:07.9289420Z" end-time="2024-06-19T14:46:07.9479380Z" duration="0.018995" asserts="5" />
                <test-case id="1-1451" name="IsFillComplete(PlayersWorlds.Maps.Maze.AldousBroderMazeGenerator,NinetyPercent,Auto,System.Collections.Generic.List`1[PlayersWorlds.Maps.Area])" fullname="PlayersWorlds.Maps.Maze.MazeGeneratorTest.IsFillComplete(PlayersWorlds.Maps.Maze.AldousBroderMazeGenerator,NinetyPercent,Auto,System.Collections.Generic.List`1[PlayersWorlds.Maps.Area])" methodname="IsFillComplete" classname="PlayersWorlds.Maps.Maze.MazeGeneratorTest" runstate="Runnable" seed="758117642" result="Passed" start-time="2024-06-19T14:46:07.9479480Z" end-time="2024-06-19T14:46:07.9730680Z" duration="0.025120" asserts="5" />
                <test-case id="1-1452" name="IsFillComplete(PlayersWorlds.Maps.Maze.AldousBroderMazeGenerator,NinetyPercent,Auto,System.Collections.Generic.List`1[PlayersWorlds.Maps.Area])" fullname="PlayersWorlds.Maps.Maze.MazeGeneratorTest.IsFillComplete(PlayersWorlds.Maps.Maze.AldousBroderMazeGenerator,NinetyPercent,Auto,System.Collections.Generic.List`1[PlayersWorlds.Maps.Area])" methodname="IsFillComplete" classname="PlayersWorlds.Maps.Maze.MazeGeneratorTest" runstate="Runnable" seed="703383948" result="Passed" start-time="2024-06-19T14:46:07.9730780Z" end-time="2024-06-19T14:46:08.0026290Z" duration="0.029552" asserts="5" />
                <test-case id="1-1453" name="IsFillComplete(PlayersWorlds.Maps.Maze.AldousBroderMazeGenerator,NinetyPercent,Auto,System.Collections.Generic.List`1[PlayersWorlds.Maps.Area])" fullname="PlayersWorlds.Maps.Maze.MazeGeneratorTest.IsFillComplete(PlayersWorlds.Maps.Maze.AldousBroderMazeGenerator,NinetyPercent,Auto,System.Collections.Generic.List`1[PlayersWorlds.Maps.Area])" methodname="IsFillComplete" classname="PlayersWorlds.Maps.Maze.MazeGeneratorTest" runstate="Runnable" seed="1437909207" result="Passed" start-time="2024-06-19T14:46:08.0026400Z" end-time="2024-06-19T14:46:08.0458850Z" duration="0.043246" asserts="5" />
                <test-case id="1-1454" name="IsFillComplete(PlayersWorlds.Maps.Maze.AldousBroderMazeGenerator,NinetyPercent,Auto,System.Collections.Generic.List`1[PlayersWorlds.Maps.Area])" fullname="PlayersWorlds.Maps.Maze.MazeGeneratorTest.IsFillComplete(PlayersWorlds.Maps.Maze.AldousBroderMazeGenerator,NinetyPercent,Auto,System.Collections.Generic.List`1[PlayersWorlds.Maps.Area])" methodname="IsFillComplete" classname="PlayersWorlds.Maps.Maze.MazeGeneratorTest" runstate="Runnable" seed="1423308198" result="Passed" start-time="2024-06-19T14:46:08.0458960Z" end-time="2024-06-19T14:46:08.0904300Z" duration="0.044534" asserts="5" />
                <test-case id="1-1455" name="IsFillComplete(PlayersWorlds.Maps.Maze.AldousBroderMazeGenerator,NinetyPercent,Manual,null)" fullname="PlayersWorlds.Maps.Maze.MazeGeneratorTest.IsFillComplete(PlayersWorlds.Maps.Maze.AldousBroderMazeGenerator,NinetyPercent,Manual,null)" methodname="IsFillComplete" classname="PlayersWorlds.Maps.Maze.MazeGeneratorTest" runstate="Runnable" seed="2091845994" result="Passed" start-time="2024-06-19T14:46:08.0904400Z" end-time="2024-06-19T14:46:08.0987450Z" duration="0.008305" asserts="5" />
                <test-case id="1-1456" name="IsFillComplete(PlayersWorlds.Maps.Maze.AldousBroderMazeGenerator,NinetyPercent,Manual,System.Collections.Generic.List`1[PlayersWorlds.Maps.Area])" fullname="PlayersWorlds.Maps.Maze.MazeGeneratorTest.IsFillComplete(PlayersWorlds.Maps.Maze.AldousBroderMazeGenerator,NinetyPercent,Manual,System.Collections.Generic.List`1[PlayersWorlds.Maps.Area])" methodname="IsFillComplete" classname="PlayersWorlds.Maps.Maze.MazeGeneratorTest" runstate="Runnable" seed="68711569" result="Passed" start-time="2024-06-19T14:46:08.0987550Z" end-time="2024-06-19T14:46:08.1068180Z" duration="0.008063" asserts="5" />
                <test-case id="1-1457" name="IsFillComplete(PlayersWorlds.Maps.Maze.AldousBroderMazeGenerator,NinetyPercent,Manual,System.Collections.Generic.List`1[PlayersWorlds.Maps.Area])" fullname="PlayersWorlds.Maps.Maze.MazeGeneratorTest.IsFillComplete(PlayersWorlds.Maps.Maze.AldousBroderMazeGenerator,NinetyPercent,Manual,System.Collections.Generic.List`1[PlayersWorlds.Maps.Area])" methodname="IsFillComplete" classname="PlayersWorlds.Maps.Maze.MazeGeneratorTest" runstate="Runnable" seed="136823136" result="Passed" start-time="2024-06-19T14:46:08.1068280Z" end-time="2024-06-19T14:46:08.1146030Z" duration="0.007775" asserts="5" />
                <test-case id="1-1458" name="IsFillComplete(PlayersWorlds.Maps.Maze.AldousBroderMazeGenerator,NinetyPercent,Manual,System.Collections.Generic.List`1[PlayersWorlds.Maps.Area])" fullname="PlayersWorlds.Maps.Maze.MazeGeneratorTest.IsFillComplete(PlayersWorlds.Maps.Maze.AldousBroderMazeGenerator,NinetyPercent,Manual,System.Collections.Generic.List`1[PlayersWorlds.Maps.Area])" methodname="IsFillComplete" classname="PlayersWorlds.Maps.Maze.MazeGeneratorTest" runstate="Runnable" seed="2128106875" result="Passed" start-time="2024-06-19T14:46:08.1146130Z" end-time="2024-06-19T14:46:08.1218020Z" duration="0.007189" asserts="5" />
                <test-case id="1-1459" name="IsFillComplete(PlayersWorlds.Maps.Maze.AldousBroderMazeGenerator,NinetyPercent,Manual,System.Collections.Generic.List`1[PlayersWorlds.Maps.Area])" fullname="PlayersWorlds.Maps.Maze.MazeGeneratorTest.IsFillComplete(PlayersWorlds.Maps.Maze.AldousBroderMazeGenerator,NinetyPercent,Manual,System.Collections.Generic.List`1[PlayersWorlds.Maps.Area])" methodname="IsFillComplete" classname="PlayersWorlds.Maps.Maze.MazeGeneratorTest" runstate="Runnable" seed="589597447" result="Passed" start-time="2024-06-19T14:46:08.1218120Z" end-time="2024-06-19T14:46:08.1292780Z" duration="0.007467" asserts="5" />
                <test-case id="1-1460" name="IsFillComplete(PlayersWorlds.Maps.Maze.AldousBroderMazeGenerator,NinetyPercent,Manual,System.Collections.Generic.List`1[PlayersWorlds.Maps.Area])" fullname="PlayersWorlds.Maps.Maze.MazeGeneratorTest.IsFillComplete(PlayersWorlds.Maps.Maze.AldousBroderMazeGenerator,NinetyPercent,Manual,System.Collections.Generic.List`1[PlayersWorlds.Maps.Area])" methodname="IsFillComplete" classname="PlayersWorlds.Maps.Maze.MazeGeneratorTest" runstate="Runnable" seed="2085199591" result="Passed" start-time="2024-06-19T14:46:08.1292880Z" end-time="2024-06-19T14:46:08.1370090Z" duration="0.007721" asserts="5" />
                <test-case id="1-1461" name="IsFillComplete(PlayersWorlds.Maps.Maze.AldousBroderMazeGenerator,FullWidth,Auto,null)" fullname="PlayersWorlds.Maps.Maze.MazeGeneratorTest.IsFillComplete(PlayersWorlds.Maps.Maze.AldousBroderMazeGenerator,FullWidth,Auto,null)" methodname="IsFillComplete" classname="PlayersWorlds.Maps.Maze.MazeGeneratorTest" runstate="Runnable" seed="203825759" result="Passed" start-time="2024-06-19T14:46:08.1370180Z" end-time="2024-06-19T14:46:08.1511100Z" duration="0.014092" asserts="5" />
                <test-case id="1-1462" name="IsFillComplete(PlayersWorlds.Maps.Maze.AldousBroderMazeGenerator,FullWidth,Auto,System.Collections.Generic.List`1[PlayersWorlds.Maps.Area])" fullname="PlayersWorlds.Maps.Maze.MazeGeneratorTest.IsFillComplete(PlayersWorlds.Maps.Maze.AldousBroderMazeGenerator,FullWidth,Auto,System.Collections.Generic.List`1[PlayersWorlds.Maps.Area])" methodname="IsFillComplete" classname="PlayersWorlds.Maps.Maze.MazeGeneratorTest" runstate="Runnable" seed="1047336247" result="Passed" start-time="2024-06-19T14:46:08.1511210Z" end-time="2024-06-19T14:46:08.1699640Z" duration="0.018844" asserts="5" />
                <test-case id="1-1463" name="IsFillComplete(PlayersWorlds.Maps.Maze.AldousBroderMazeGenerator,FullWidth,Auto,System.Collections.Generic.List`1[PlayersWorlds.Maps.Area])" fullname="PlayersWorlds.Maps.Maze.MazeGeneratorTest.IsFillComplete(PlayersWorlds.Maps.Maze.AldousBroderMazeGenerator,FullWidth,Auto,System.Collections.Generic.List`1[PlayersWorlds.Maps.Area])" methodname="IsFillComplete" classname="PlayersWorlds.Maps.Maze.MazeGeneratorTest" runstate="Runnable" seed="352725264" result="Passed" start-time="2024-06-19T14:46:08.1699740Z" end-time="2024-06-19T14:46:08.1979720Z" duration="0.027997" asserts="5" />
                <test-case id="1-1464" name="IsFillComplete(PlayersWorlds.Maps.Maze.AldousBroderMazeGenerator,FullWidth,Auto,System.Collections.Generic.List`1[PlayersWorlds.Maps.Area])" fullname="PlayersWorlds.Maps.Maze.MazeGeneratorTest.IsFillComplete(PlayersWorlds.Maps.Maze.AldousBroderMazeGenerator,FullWidth,Auto,System.Collections.Generic.List`1[PlayersWorlds.Maps.Area])" methodname="IsFillComplete" classname="PlayersWorlds.Maps.Maze.MazeGeneratorTest" runstate="Runnable" seed="907257824" result="Passed" start-time="2024-06-19T14:46:08.1979820Z" end-time="2024-06-19T14:46:08.2265750Z" duration="0.028593" asserts="5" />
                <test-case id="1-1465" name="IsFillComplete(PlayersWorlds.Maps.Maze.AldousBroderMazeGenerator,FullWidth,Auto,System.Collections.Generic.List`1[PlayersWorlds.Maps.Area])" fullname="PlayersWorlds.Maps.Maze.MazeGeneratorTest.IsFillComplete(PlayersWorlds.Maps.Maze.AldousBroderMazeGenerator,FullWidth,Auto,System.Collections.Generic.List`1[PlayersWorlds.Maps.Area])" methodname="IsFillComplete" classname="PlayersWorlds.Maps.Maze.MazeGeneratorTest" runstate="Runnable" seed="1831225995" result="Passed" start-time="2024-06-19T14:46:08.2265850Z" end-time="2024-06-19T14:46:08.2640520Z" duration="0.037467" asserts="5" />
                <test-case id="1-1466" name="IsFillComplete(PlayersWorlds.Maps.Maze.AldousBroderMazeGenerator,FullWidth,Auto,System.Collections.Generic.List`1[PlayersWorlds.Maps.Area])" fullname="PlayersWorlds.Maps.Maze.MazeGeneratorTest.IsFillComplete(PlayersWorlds.Maps.Maze.AldousBroderMazeGenerator,FullWidth,Auto,System.Collections.Generic.List`1[PlayersWorlds.Maps.Area])" methodname="IsFillComplete" classname="PlayersWorlds.Maps.Maze.MazeGeneratorTest" runstate="Runnable" seed="1501527659" result="Passed" start-time="2024-06-19T14:46:08.2640620Z" end-time="2024-06-19T14:46:08.3036450Z" duration="0.039583" asserts="5" />
                <test-case id="1-1467" name="IsFillComplete(PlayersWorlds.Maps.Maze.AldousBroderMazeGenerator,FullWidth,Manual,null)" fullname="PlayersWorlds.Maps.Maze.MazeGeneratorTest.IsFillComplete(PlayersWorlds.Maps.Maze.AldousBroderMazeGenerator,FullWidth,Manual,null)" methodname="IsFillComplete" classname="PlayersWorlds.Maps.Maze.MazeGeneratorTest" runstate="Runnable" seed="2010611412" result="Passed" start-time="2024-06-19T14:46:08.3036550Z" end-time="2024-06-19T14:46:08.3100490Z" duration="0.006394" asserts="5" />
                <test-case id="1-1468" name="IsFillComplete(PlayersWorlds.Maps.Maze.AldousBroderMazeGenerator,FullWidth,Manual,System.Collections.Generic.List`1[PlayersWorlds.Maps.Area])" fullname="PlayersWorlds.Maps.Maze.MazeGeneratorTest.IsFillComplete(PlayersWorlds.Maps.Maze.AldousBroderMazeGenerator,FullWidth,Manual,System.Collections.Generic.List`1[PlayersWorlds.Maps.Area])" methodname="IsFillComplete" classname="PlayersWorlds.Maps.Maze.MazeGeneratorTest" runstate="Runnable" seed="47911813" result="Passed" start-time="2024-06-19T14:46:08.3100590Z" end-time="2024-06-19T14:46:08.3163490Z" duration="0.006290" asserts="5" />
                <test-case id="1-1469" name="IsFillComplete(PlayersWorlds.Maps.Maze.AldousBroderMazeGenerator,FullWidth,Manual,System.Collections.Generic.List`1[PlayersWorlds.Maps.Area])" fullname="PlayersWorlds.Maps.Maze.MazeGeneratorTest.IsFillComplete(PlayersWorlds.Maps.Maze.AldousBroderMazeGenerator,FullWidth,Manual,System.Collections.Generic.List`1[PlayersWorlds.Maps.Area])" methodname="IsFillComplete" classname="PlayersWorlds.Maps.Maze.MazeGeneratorTest" runstate="Runnable" seed="104196885" result="Passed" start-time="2024-06-19T14:46:08.3163590Z" end-time="2024-06-19T14:46:08.3227250Z" duration="0.006366" asserts="5" />
                <test-case id="1-1470" name="IsFillComplete(PlayersWorlds.Maps.Maze.AldousBroderMazeGenerator,FullWidth,Manual,System.Collections.Generic.List`1[PlayersWorlds.Maps.Area])" fullname="PlayersWorlds.Maps.Maze.MazeGeneratorTest.IsFillComplete(PlayersWorlds.Maps.Maze.AldousBroderMazeGenerator,FullWidth,Manual,System.Collections.Generic.List`1[PlayersWorlds.Maps.Area])" methodname="IsFillComplete" classname="PlayersWorlds.Maps.Maze.MazeGeneratorTest" runstate="Runnable" seed="1993808222" result="Passed" start-time="2024-06-19T14:46:08.3227350Z" end-time="2024-06-19T14:46:08.3284050Z" duration="0.005670" asserts="5" />
                <test-case id="1-1471" name="IsFillComplete(PlayersWorlds.Maps.Maze.AldousBroderMazeGenerator,FullWidth,Manual,System.Collections.Generic.List`1[PlayersWorlds.Maps.Area])" fullname="PlayersWorlds.Maps.Maze.MazeGeneratorTest.IsFillComplete(PlayersWorlds.Maps.Maze.AldousBroderMazeGenerator,FullWidth,Manual,System.Collections.Generic.List`1[PlayersWorlds.Maps.Area])" methodname="IsFillComplete" classname="PlayersWorlds.Maps.Maze.MazeGeneratorTest" runstate="Runnable" seed="1992048025" result="Passed" start-time="2024-06-19T14:46:08.3284150Z" end-time="2024-06-19T14:46:08.3349160Z" duration="0.006501" asserts="5" />
                <test-case id="1-1472" name="IsFillComplete(PlayersWorlds.Maps.Maze.AldousBroderMazeGenerator,FullWidth,Manual,System.Collections.Generic.List`1[PlayersWorlds.Maps.Area])" fullname="PlayersWorlds.Maps.Maze.MazeGeneratorTest.IsFillComplete(PlayersWorlds.Maps.Maze.AldousBroderMazeGenerator,FullWidth,Manual,System.Collections.Generic.List`1[PlayersWorlds.Maps.Area])" methodname="IsFillComplete" classname="PlayersWorlds.Maps.Maze.MazeGeneratorTest" runstate="Runnable" seed="1913651784" result="Passed" start-time="2024-06-19T14:46:08.3349260Z" end-time="2024-06-19T14:46:08.3409180Z" duration="0.005992" asserts="5" />
                <test-case id="1-1473" name="IsFillComplete(PlayersWorlds.Maps.Maze.AldousBroderMazeGenerator,FullHeight,Auto,null)" fullname="PlayersWorlds.Maps.Maze.MazeGeneratorTest.IsFillComplete(PlayersWorlds.Maps.Maze.AldousBroderMazeGenerator,FullHeight,Auto,null)" methodname="IsFillComplete" classname="PlayersWorlds.Maps.Maze.MazeGeneratorTest" runstate="Runnable" seed="990573466" result="Passed" start-time="2024-06-19T14:46:08.3409280Z" end-time="2024-06-19T14:46:08.3528630Z" duration="0.011935" asserts="5" />
                <test-case id="1-1474" name="IsFillComplete(PlayersWorlds.Maps.Maze.AldousBroderMazeGenerator,FullHeight,Auto,System.Collections.Generic.List`1[PlayersWorlds.Maps.Area])" fullname="PlayersWorlds.Maps.Maze.MazeGeneratorTest.IsFillComplete(PlayersWorlds.Maps.Maze.AldousBroderMazeGenerator,FullHeight,Auto,System.Collections.Generic.List`1[PlayersWorlds.Maps.Area])" methodname="IsFillComplete" classname="PlayersWorlds.Maps.Maze.MazeGeneratorTest" runstate="Runnable" seed="1609051532" result="Passed" start-time="2024-06-19T14:46:08.3528750Z" end-time="2024-06-19T14:46:08.3819320Z" duration="0.029057" asserts="5" />
                <test-case id="1-1475" name="IsFillComplete(PlayersWorlds.Maps.Maze.AldousBroderMazeGenerator,FullHeight,Auto,System.Collections.Generic.List`1[PlayersWorlds.Maps.Area])" fullname="PlayersWorlds.Maps.Maze.MazeGeneratorTest.IsFillComplete(PlayersWorlds.Maps.Maze.AldousBroderMazeGenerator,FullHeight,Auto,System.Collections.Generic.List`1[PlayersWorlds.Maps.Area])" methodname="IsFillComplete" classname="PlayersWorlds.Maps.Maze.MazeGeneratorTest" runstate="Runnable" seed="748200373" result="Passed" start-time="2024-06-19T14:46:08.3819420Z" end-time="2024-06-19T14:46:08.3998140Z" duration="0.017871" asserts="5" />
                <test-case id="1-1476" name="IsFillComplete(PlayersWorlds.Maps.Maze.AldousBroderMazeGenerator,FullHeight,Auto,System.Collections.Generic.List`1[PlayersWorlds.Maps.Area])" fullname="PlayersWorlds.Maps.Maze.MazeGeneratorTest.IsFillComplete(PlayersWorlds.Maps.Maze.AldousBroderMazeGenerator,FullHeight,Auto,System.Collections.Generic.List`1[PlayersWorlds.Maps.Area])" methodname="IsFillComplete" classname="PlayersWorlds.Maps.Maze.MazeGeneratorTest" runstate="Runnable" seed="196829394" result="Passed" start-time="2024-06-19T14:46:08.3998240Z" end-time="2024-06-19T14:46:08.4353320Z" duration="0.035508" asserts="5" />
                <test-case id="1-1477" name="IsFillComplete(PlayersWorlds.Maps.Maze.AldousBroderMazeGenerator,FullHeight,Auto,System.Collections.Generic.List`1[PlayersWorlds.Maps.Area])" fullname="PlayersWorlds.Maps.Maze.MazeGeneratorTest.IsFillComplete(PlayersWorlds.Maps.Maze.AldousBroderMazeGenerator,FullHeight,Auto,System.Collections.Generic.List`1[PlayersWorlds.Maps.Area])" methodname="IsFillComplete" classname="PlayersWorlds.Maps.Maze.MazeGeneratorTest" runstate="Runnable" seed="35883629" result="Passed" start-time="2024-06-19T14:46:08.4353420Z" end-time="2024-06-19T14:46:08.4651680Z" duration="0.029827" asserts="5" />
                <test-case id="1-1478" name="IsFillComplete(PlayersWorlds.Maps.Maze.AldousBroderMazeGenerator,FullHeight,Auto,System.Collections.Generic.List`1[PlayersWorlds.Maps.Area])" fullname="PlayersWorlds.Maps.Maze.MazeGeneratorTest.IsFillComplete(PlayersWorlds.Maps.Maze.AldousBroderMazeGenerator,FullHeight,Auto,System.Collections.Generic.List`1[PlayersWorlds.Maps.Area])" methodname="IsFillComplete" classname="PlayersWorlds.Maps.Maze.MazeGeneratorTest" runstate="Runnable" seed="1337699804" result="Passed" start-time="2024-06-19T14:46:08.4651780Z" end-time="2024-06-19T14:46:08.5012000Z" duration="0.036021" asserts="5" />
                <test-case id="1-1479" name="IsFillComplete(PlayersWorlds.Maps.Maze.AldousBroderMazeGenerator,FullHeight,Manual,null)" fullname="PlayersWorlds.Maps.Maze.MazeGeneratorTest.IsFillComplete(PlayersWorlds.Maps.Maze.AldousBroderMazeGenerator,FullHeight,Manual,null)" methodname="IsFillComplete" classname="PlayersWorlds.Maps.Maze.MazeGeneratorTest" runstate="Runnable" seed="1281984301" result="Passed" start-time="2024-06-19T14:46:08.5012090Z" end-time="2024-06-19T14:46:08.5076760Z" duration="0.006467" asserts="5" />
                <test-case id="1-1480" name="IsFillComplete(PlayersWorlds.Maps.Maze.AldousBroderMazeGenerator,FullHeight,Manual,System.Collections.Generic.List`1[PlayersWorlds.Maps.Area])" fullname="PlayersWorlds.Maps.Maze.MazeGeneratorTest.IsFillComplete(PlayersWorlds.Maps.Maze.AldousBroderMazeGenerator,FullHeight,Manual,System.Collections.Generic.List`1[PlayersWorlds.Maps.Area])" methodname="IsFillComplete" classname="PlayersWorlds.Maps.Maze.MazeGeneratorTest" runstate="Runnable" seed="1834558863" result="Passed" start-time="2024-06-19T14:46:08.5076860Z" end-time="2024-06-19T14:46:08.5145590Z" duration="0.006873" asserts="5" />
                <test-case id="1-1481" name="IsFillComplete(PlayersWorlds.Maps.Maze.AldousBroderMazeGenerator,FullHeight,Manual,System.Collections.Generic.List`1[PlayersWorlds.Maps.Area])" fullname="PlayersWorlds.Maps.Maze.MazeGeneratorTest.IsFillComplete(PlayersWorlds.Maps.Maze.AldousBroderMazeGenerator,FullHeight,Manual,System.Collections.Generic.List`1[PlayersWorlds.Maps.Area])" methodname="IsFillComplete" classname="PlayersWorlds.Maps.Maze.MazeGeneratorTest" runstate="Runnable" seed="992124685" result="Passed" start-time="2024-06-19T14:46:08.5145690Z" end-time="2024-06-19T14:46:08.5206090Z" duration="0.006040" asserts="5" />
                <test-case id="1-1482" name="IsFillComplete(PlayersWorlds.Maps.Maze.AldousBroderMazeGenerator,FullHeight,Manual,System.Collections.Generic.List`1[PlayersWorlds.Maps.Area])" fullname="PlayersWorlds.Maps.Maze.MazeGeneratorTest.IsFillComplete(PlayersWorlds.Maps.Maze.AldousBroderMazeGenerator,FullHeight,Manual,System.Collections.Generic.List`1[PlayersWorlds.Maps.Area])" methodname="IsFillComplete" classname="PlayersWorlds.Maps.Maze.MazeGeneratorTest" runstate="Runnable" seed="561625545" result="Passed" start-time="2024-06-19T14:46:08.5206190Z" end-time="2024-06-19T14:46:08.5273320Z" duration="0.006713" asserts="5" />
                <test-case id="1-1483" name="IsFillComplete(PlayersWorlds.Maps.Maze.AldousBroderMazeGenerator,FullHeight,Manual,System.Collections.Generic.List`1[PlayersWorlds.Maps.Area])" fullname="PlayersWorlds.Maps.Maze.MazeGeneratorTest.IsFillComplete(PlayersWorlds.Maps.Maze.AldousBroderMazeGenerator,FullHeight,Manual,System.Collections.Generic.List`1[PlayersWorlds.Maps.Area])" methodname="IsFillComplete" classname="PlayersWorlds.Maps.Maze.MazeGeneratorTest" runstate="Runnable" seed="1989313507" result="Passed" start-time="2024-06-19T14:46:08.5273420Z" end-time="2024-06-19T14:46:08.5338250Z" duration="0.006482" asserts="5" />
                <test-case id="1-1484" name="IsFillComplete(PlayersWorlds.Maps.Maze.AldousBroderMazeGenerator,FullHeight,Manual,System.Collections.Generic.List`1[PlayersWorlds.Maps.Area])" fullname="PlayersWorlds.Maps.Maze.MazeGeneratorTest.IsFillComplete(PlayersWorlds.Maps.Maze.AldousBroderMazeGenerator,FullHeight,Manual,System.Collections.Generic.List`1[PlayersWorlds.Maps.Area])" methodname="IsFillComplete" classname="PlayersWorlds.Maps.Maze.MazeGeneratorTest" runstate="Runnable" seed="597542618" result="Passed" start-time="2024-06-19T14:46:08.5338420Z" end-time="2024-06-19T14:46:08.5399280Z" duration="0.006086" asserts="5" />
                <test-case id="1-1485" name="IsFillComplete(PlayersWorlds.Maps.Maze.AldousBroderMazeGenerator,Full,Auto,null)" fullname="PlayersWorlds.Maps.Maze.MazeGeneratorTest.IsFillComplete(PlayersWorlds.Maps.Maze.AldousBroderMazeGenerator,Full,Auto,null)" methodname="IsFillComplete" classname="PlayersWorlds.Maps.Maze.MazeGeneratorTest" runstate="Runnable" seed="1046606773" result="Passed" start-time="2024-06-19T14:46:08.5399370Z" end-time="2024-06-19T14:46:08.5742770Z" duration="0.034340" asserts="5" />
                <test-case id="1-1486" name="IsFillComplete(PlayersWorlds.Maps.Maze.AldousBroderMazeGenerator,Full,Auto,System.Collections.Generic.List`1[PlayersWorlds.Maps.Area])" fullname="PlayersWorlds.Maps.Maze.MazeGeneratorTest.IsFillComplete(PlayersWorlds.Maps.Maze.AldousBroderMazeGenerator,Full,Auto,System.Collections.Generic.List`1[PlayersWorlds.Maps.Area])" methodname="IsFillComplete" classname="PlayersWorlds.Maps.Maze.MazeGeneratorTest" runstate="Runnable" seed="1222806970" result="Passed" start-time="2024-06-19T14:46:08.5742890Z" end-time="2024-06-19T14:46:08.5954870Z" duration="0.021198" asserts="5" />
                <test-case id="1-1487" name="IsFillComplete(PlayersWorlds.Maps.Maze.AldousBroderMazeGenerator,Full,Auto,System.Collections.Generic.List`1[PlayersWorlds.Maps.Area])" fullname="PlayersWorlds.Maps.Maze.MazeGeneratorTest.IsFillComplete(PlayersWorlds.Maps.Maze.AldousBroderMazeGenerator,Full,Auto,System.Collections.Generic.List`1[PlayersWorlds.Maps.Area])" methodname="IsFillComplete" classname="PlayersWorlds.Maps.Maze.MazeGeneratorTest" runstate="Runnable" seed="384943127" result="Passed" start-time="2024-06-19T14:46:08.5954970Z" end-time="2024-06-19T14:46:08.6267290Z" duration="0.031232" asserts="5" />
                <test-case id="1-1488" name="IsFillComplete(PlayersWorlds.Maps.Maze.AldousBroderMazeGenerator,Full,Auto,System.Collections.Generic.List`1[PlayersWorlds.Maps.Area])" fullname="PlayersWorlds.Maps.Maze.MazeGeneratorTest.IsFillComplete(PlayersWorlds.Maps.Maze.AldousBroderMazeGenerator,Full,Auto,System.Collections.Generic.List`1[PlayersWorlds.Maps.Area])" methodname="IsFillComplete" classname="PlayersWorlds.Maps.Maze.MazeGeneratorTest" runstate="Runnable" seed="1166027528" result="Passed" start-time="2024-06-19T14:46:08.6267390Z" end-time="2024-06-19T14:46:08.6577070Z" duration="0.030968" asserts="5" />
                <test-case id="1-1489" name="IsFillComplete(PlayersWorlds.Maps.Maze.AldousBroderMazeGenerator,Full,Auto,System.Collections.Generic.List`1[PlayersWorlds.Maps.Area])" fullname="PlayersWorlds.Maps.Maze.MazeGeneratorTest.IsFillComplete(PlayersWorlds.Maps.Maze.AldousBroderMazeGenerator,Full,Auto,System.Collections.Generic.List`1[PlayersWorlds.Maps.Area])" methodname="IsFillComplete" classname="PlayersWorlds.Maps.Maze.MazeGeneratorTest" runstate="Runnable" seed="484302369" result="Passed" start-time="2024-06-19T14:46:08.6577240Z" end-time="2024-06-19T14:46:08.6880350Z" duration="0.030311" asserts="5" />
                <test-case id="1-1490" name="IsFillComplete(PlayersWorlds.Maps.Maze.AldousBroderMazeGenerator,Full,Auto,System.Collections.Generic.List`1[PlayersWorlds.Maps.Area])" fullname="PlayersWorlds.Maps.Maze.MazeGeneratorTest.IsFillComplete(PlayersWorlds.Maps.Maze.AldousBroderMazeGenerator,Full,Auto,System.Collections.Generic.List`1[PlayersWorlds.Maps.Area])" methodname="IsFillComplete" classname="PlayersWorlds.Maps.Maze.MazeGeneratorTest" runstate="Runnable" seed="162992668" result="Passed" start-time="2024-06-19T14:46:08.6880450Z" end-time="2024-06-19T14:46:08.7122340Z" duration="0.024189" asserts="5" />
                <test-case id="1-1491" name="IsFillComplete(PlayersWorlds.Maps.Maze.AldousBroderMazeGenerator,Full,Manual,null)" fullname="PlayersWorlds.Maps.Maze.MazeGeneratorTest.IsFillComplete(PlayersWorlds.Maps.Maze.AldousBroderMazeGenerator,Full,Manual,null)" methodname="IsFillComplete" classname="PlayersWorlds.Maps.Maze.MazeGeneratorTest" runstate="Runnable" seed="187654445" result="Passed" start-time="2024-06-19T14:46:08.7122440Z" end-time="2024-06-19T14:46:08.7206290Z" duration="0.008384" asserts="5" />
                <test-case id="1-1492" name="IsFillComplete(PlayersWorlds.Maps.Maze.AldousBroderMazeGenerator,Full,Manual,System.Collections.Generic.List`1[PlayersWorlds.Maps.Area])" fullname="PlayersWorlds.Maps.Maze.MazeGeneratorTest.IsFillComplete(PlayersWorlds.Maps.Maze.AldousBroderMazeGenerator,Full,Manual,System.Collections.Generic.List`1[PlayersWorlds.Maps.Area])" methodname="IsFillComplete" classname="PlayersWorlds.Maps.Maze.MazeGeneratorTest" runstate="Runnable" seed="4339923" result="Passed" start-time="2024-06-19T14:46:08.7206380Z" end-time="2024-06-19T14:46:08.7289140Z" duration="0.008275" asserts="5" />
                <test-case id="1-1493" name="IsFillComplete(PlayersWorlds.Maps.Maze.AldousBroderMazeGenerator,Full,Manual,System.Collections.Generic.List`1[PlayersWorlds.Maps.Area])" fullname="PlayersWorlds.Maps.Maze.MazeGeneratorTest.IsFillComplete(PlayersWorlds.Maps.Maze.AldousBroderMazeGenerator,Full,Manual,System.Collections.Generic.List`1[PlayersWorlds.Maps.Area])" methodname="IsFillComplete" classname="PlayersWorlds.Maps.Maze.MazeGeneratorTest" runstate="Runnable" seed="282007114" result="Passed" start-time="2024-06-19T14:46:08.7289320Z" end-time="2024-06-19T14:46:08.7401970Z" duration="0.011266" asserts="5" />
                <test-case id="1-1494" name="IsFillComplete(PlayersWorlds.Maps.Maze.AldousBroderMazeGenerator,Full,Manual,System.Collections.Generic.List`1[PlayersWorlds.Maps.Area])" fullname="PlayersWorlds.Maps.Maze.MazeGeneratorTest.IsFillComplete(PlayersWorlds.Maps.Maze.AldousBroderMazeGenerator,Full,Manual,System.Collections.Generic.List`1[PlayersWorlds.Maps.Area])" methodname="IsFillComplete" classname="PlayersWorlds.Maps.Maze.MazeGeneratorTest" runstate="Runnable" seed="656528157" result="Passed" start-time="2024-06-19T14:46:08.7402070Z" end-time="2024-06-19T14:46:08.7488420Z" duration="0.008635" asserts="5" />
                <test-case id="1-1495" name="IsFillComplete(PlayersWorlds.Maps.Maze.AldousBroderMazeGenerator,Full,Manual,System.Collections.Generic.List`1[PlayersWorlds.Maps.Area])" fullname="PlayersWorlds.Maps.Maze.MazeGeneratorTest.IsFillComplete(PlayersWorlds.Maps.Maze.AldousBroderMazeGenerator,Full,Manual,System.Collections.Generic.List`1[PlayersWorlds.Maps.Area])" methodname="IsFillComplete" classname="PlayersWorlds.Maps.Maze.MazeGeneratorTest" runstate="Runnable" seed="810442217" result="Passed" start-time="2024-06-19T14:46:08.7488520Z" end-time="2024-06-19T14:46:08.7565120Z" duration="0.007660" asserts="5" />
                <test-case id="1-1496" name="IsFillComplete(PlayersWorlds.Maps.Maze.AldousBroderMazeGenerator,Full,Manual,System.Collections.Generic.List`1[PlayersWorlds.Maps.Area])" fullname="PlayersWorlds.Maps.Maze.MazeGeneratorTest.IsFillComplete(PlayersWorlds.Maps.Maze.AldousBroderMazeGenerator,Full,Manual,System.Collections.Generic.List`1[PlayersWorlds.Maps.Area])" methodname="IsFillComplete" classname="PlayersWorlds.Maps.Maze.MazeGeneratorTest" runstate="Runnable" seed="83215664" result="Passed" start-time="2024-06-19T14:46:08.7565220Z" end-time="2024-06-19T14:46:08.7649430Z" duration="0.008422" asserts="5" />
                <test-case id="1-1497" name="IsFillComplete(PlayersWorlds.Maps.Maze.BinaryTreeMazeGenerator,Quarter,Auto,null)" fullname="PlayersWorlds.Maps.Maze.MazeGeneratorTest.IsFillComplete(PlayersWorlds.Maps.Maze.BinaryTreeMazeGenerator,Quarter,Auto,null)" methodname="IsFillComplete" classname="PlayersWorlds.Maps.Maze.MazeGeneratorTest" runstate="Runnable" seed="605896861" result="Skipped" label="Ignored" start-time="2024-06-19T14:46:08.7649530Z" end-time="2024-06-19T14:46:08.7651800Z" duration="0.000227" asserts="0" />
                <test-case id="1-1498" name="IsFillComplete(PlayersWorlds.Maps.Maze.BinaryTreeMazeGenerator,Quarter,Auto,System.Collections.Generic.List`1[PlayersWorlds.Maps.Area])" fullname="PlayersWorlds.Maps.Maze.MazeGeneratorTest.IsFillComplete(PlayersWorlds.Maps.Maze.BinaryTreeMazeGenerator,Quarter,Auto,System.Collections.Generic.List`1[PlayersWorlds.Maps.Area])" methodname="IsFillComplete" classname="PlayersWorlds.Maps.Maze.MazeGeneratorTest" runstate="Runnable" seed="1020188128" result="Skipped" label="Ignored" start-time="2024-06-19T14:46:08.7651880Z" end-time="2024-06-19T14:46:08.7652630Z" duration="0.000076" asserts="0" />
                <test-case id="1-1499" name="IsFillComplete(PlayersWorlds.Maps.Maze.BinaryTreeMazeGenerator,Quarter,Auto,System.Collections.Generic.List`1[PlayersWorlds.Maps.Area])" fullname="PlayersWorlds.Maps.Maze.MazeGeneratorTest.IsFillComplete(PlayersWorlds.Maps.Maze.BinaryTreeMazeGenerator,Quarter,Auto,System.Collections.Generic.List`1[PlayersWorlds.Maps.Area])" methodname="IsFillComplete" classname="PlayersWorlds.Maps.Maze.MazeGeneratorTest" runstate="Runnable" seed="107649582" result="Skipped" label="Ignored" start-time="2024-06-19T14:46:08.7652690Z" end-time="2024-06-19T14:46:08.7653280Z" duration="0.000060" asserts="0" />
                <test-case id="1-1500" name="IsFillComplete(PlayersWorlds.Maps.Maze.BinaryTreeMazeGenerator,Quarter,Auto,System.Collections.Generic.List`1[PlayersWorlds.Maps.Area])" fullname="PlayersWorlds.Maps.Maze.MazeGeneratorTest.IsFillComplete(PlayersWorlds.Maps.Maze.BinaryTreeMazeGenerator,Quarter,Auto,System.Collections.Generic.List`1[PlayersWorlds.Maps.Area])" methodname="IsFillComplete" classname="PlayersWorlds.Maps.Maze.MazeGeneratorTest" runstate="Runnable" seed="112905977" result="Skipped" label="Ignored" start-time="2024-06-19T14:46:08.7653340Z" end-time="2024-06-19T14:46:08.7653880Z" duration="0.000055" asserts="0" />
                <test-case id="1-1501" name="IsFillComplete(PlayersWorlds.Maps.Maze.BinaryTreeMazeGenerator,Quarter,Auto,System.Collections.Generic.List`1[PlayersWorlds.Maps.Area])" fullname="PlayersWorlds.Maps.Maze.MazeGeneratorTest.IsFillComplete(PlayersWorlds.Maps.Maze.BinaryTreeMazeGenerator,Quarter,Auto,System.Collections.Generic.List`1[PlayersWorlds.Maps.Area])" methodname="IsFillComplete" classname="PlayersWorlds.Maps.Maze.MazeGeneratorTest" runstate="Runnable" seed="1489036427" result="Skipped" label="Ignored" start-time="2024-06-19T14:46:08.7653940Z" end-time="2024-06-19T14:46:08.7654460Z" duration="0.000053" asserts="0" />
                <test-case id="1-1502" name="IsFillComplete(PlayersWorlds.Maps.Maze.BinaryTreeMazeGenerator,Quarter,Auto,System.Collections.Generic.List`1[PlayersWorlds.Maps.Area])" fullname="PlayersWorlds.Maps.Maze.MazeGeneratorTest.IsFillComplete(PlayersWorlds.Maps.Maze.BinaryTreeMazeGenerator,Quarter,Auto,System.Collections.Generic.List`1[PlayersWorlds.Maps.Area])" methodname="IsFillComplete" classname="PlayersWorlds.Maps.Maze.MazeGeneratorTest" runstate="Runnable" seed="800257657" result="Skipped" label="Ignored" start-time="2024-06-19T14:46:08.7654520Z" end-time="2024-06-19T14:46:08.7655040Z" duration="0.000052" asserts="0" />
                <test-case id="1-1503" name="IsFillComplete(PlayersWorlds.Maps.Maze.BinaryTreeMazeGenerator,Quarter,Manual,null)" fullname="PlayersWorlds.Maps.Maze.MazeGeneratorTest.IsFillComplete(PlayersWorlds.Maps.Maze.BinaryTreeMazeGenerator,Quarter,Manual,null)" methodname="IsFillComplete" classname="PlayersWorlds.Maps.Maze.MazeGeneratorTest" runstate="Runnable" seed="583405204" result="Skipped" label="Ignored" start-time="2024-06-19T14:46:08.7655090Z" end-time="2024-06-19T14:46:08.7655610Z" duration="0.000052" asserts="0" />
                <test-case id="1-1504" name="IsFillComplete(PlayersWorlds.Maps.Maze.BinaryTreeMazeGenerator,Quarter,Manual,System.Collections.Generic.List`1[PlayersWorlds.Maps.Area])" fullname="PlayersWorlds.Maps.Maze.MazeGeneratorTest.IsFillComplete(PlayersWorlds.Maps.Maze.BinaryTreeMazeGenerator,Quarter,Manual,System.Collections.Generic.List`1[PlayersWorlds.Maps.Area])" methodname="IsFillComplete" classname="PlayersWorlds.Maps.Maze.MazeGeneratorTest" runstate="Runnable" seed="717327563" result="Skipped" label="Ignored" start-time="2024-06-19T14:46:08.7655660Z" end-time="2024-06-19T14:46:08.7656170Z" duration="0.000051" asserts="0" />
                <test-case id="1-1505" name="IsFillComplete(PlayersWorlds.Maps.Maze.BinaryTreeMazeGenerator,Quarter,Manual,System.Collections.Generic.List`1[PlayersWorlds.Maps.Area])" fullname="PlayersWorlds.Maps.Maze.MazeGeneratorTest.IsFillComplete(PlayersWorlds.Maps.Maze.BinaryTreeMazeGenerator,Quarter,Manual,System.Collections.Generic.List`1[PlayersWorlds.Maps.Area])" methodname="IsFillComplete" classname="PlayersWorlds.Maps.Maze.MazeGeneratorTest" runstate="Runnable" seed="1709030864" result="Skipped" label="Ignored" start-time="2024-06-19T14:46:08.7656220Z" end-time="2024-06-19T14:46:08.7656740Z" duration="0.000052" asserts="0" />
                <test-case id="1-1506" name="IsFillComplete(PlayersWorlds.Maps.Maze.BinaryTreeMazeGenerator,Quarter,Manual,System.Collections.Generic.List`1[PlayersWorlds.Maps.Area])" fullname="PlayersWorlds.Maps.Maze.MazeGeneratorTest.IsFillComplete(PlayersWorlds.Maps.Maze.BinaryTreeMazeGenerator,Quarter,Manual,System.Collections.Generic.List`1[PlayersWorlds.Maps.Area])" methodname="IsFillComplete" classname="PlayersWorlds.Maps.Maze.MazeGeneratorTest" runstate="Runnable" seed="991949505" result="Skipped" label="Ignored" start-time="2024-06-19T14:46:08.7656790Z" end-time="2024-06-19T14:46:08.7657310Z" duration="0.000052" asserts="0" />
                <test-case id="1-1507" name="IsFillComplete(PlayersWorlds.Maps.Maze.BinaryTreeMazeGenerator,Quarter,Manual,System.Collections.Generic.List`1[PlayersWorlds.Maps.Area])" fullname="PlayersWorlds.Maps.Maze.MazeGeneratorTest.IsFillComplete(PlayersWorlds.Maps.Maze.BinaryTreeMazeGenerator,Quarter,Manual,System.Collections.Generic.List`1[PlayersWorlds.Maps.Area])" methodname="IsFillComplete" classname="PlayersWorlds.Maps.Maze.MazeGeneratorTest" runstate="Runnable" seed="1860294129" result="Skipped" label="Ignored" start-time="2024-06-19T14:46:08.7657360Z" end-time="2024-06-19T14:46:08.7657870Z" duration="0.000051" asserts="0" />
                <test-case id="1-1508" name="IsFillComplete(PlayersWorlds.Maps.Maze.BinaryTreeMazeGenerator,Quarter,Manual,System.Collections.Generic.List`1[PlayersWorlds.Maps.Area])" fullname="PlayersWorlds.Maps.Maze.MazeGeneratorTest.IsFillComplete(PlayersWorlds.Maps.Maze.BinaryTreeMazeGenerator,Quarter,Manual,System.Collections.Generic.List`1[PlayersWorlds.Maps.Area])" methodname="IsFillComplete" classname="PlayersWorlds.Maps.Maze.MazeGeneratorTest" runstate="Runnable" seed="1976341322" result="Skipped" label="Ignored" start-time="2024-06-19T14:46:08.7657930Z" end-time="2024-06-19T14:46:08.7658440Z" duration="0.000052" asserts="0" />
                <test-case id="1-1509" name="IsFillComplete(PlayersWorlds.Maps.Maze.BinaryTreeMazeGenerator,Half,Auto,null)" fullname="PlayersWorlds.Maps.Maze.MazeGeneratorTest.IsFillComplete(PlayersWorlds.Maps.Maze.BinaryTreeMazeGenerator,Half,Auto,null)" methodname="IsFillComplete" classname="PlayersWorlds.Maps.Maze.MazeGeneratorTest" runstate="Runnable" seed="675107825" result="Skipped" label="Ignored" start-time="2024-06-19T14:46:08.7658490Z" end-time="2024-06-19T14:46:08.7659000Z" duration="0.000051" asserts="0" />
                <test-case id="1-1510" name="IsFillComplete(PlayersWorlds.Maps.Maze.BinaryTreeMazeGenerator,Half,Auto,System.Collections.Generic.List`1[PlayersWorlds.Maps.Area])" fullname="PlayersWorlds.Maps.Maze.MazeGeneratorTest.IsFillComplete(PlayersWorlds.Maps.Maze.BinaryTreeMazeGenerator,Half,Auto,System.Collections.Generic.List`1[PlayersWorlds.Maps.Area])" methodname="IsFillComplete" classname="PlayersWorlds.Maps.Maze.MazeGeneratorTest" runstate="Runnable" seed="1895016600" result="Skipped" label="Ignored" start-time="2024-06-19T14:46:08.7659060Z" end-time="2024-06-19T14:46:08.7659570Z" duration="0.000051" asserts="0" />
                <test-case id="1-1511" name="IsFillComplete(PlayersWorlds.Maps.Maze.BinaryTreeMazeGenerator,Half,Auto,System.Collections.Generic.List`1[PlayersWorlds.Maps.Area])" fullname="PlayersWorlds.Maps.Maze.MazeGeneratorTest.IsFillComplete(PlayersWorlds.Maps.Maze.BinaryTreeMazeGenerator,Half,Auto,System.Collections.Generic.List`1[PlayersWorlds.Maps.Area])" methodname="IsFillComplete" classname="PlayersWorlds.Maps.Maze.MazeGeneratorTest" runstate="Runnable" seed="32827940" result="Skipped" label="Ignored" start-time="2024-06-19T14:46:08.7659630Z" end-time="2024-06-19T14:46:08.7660140Z" duration="0.000052" asserts="0" />
                <test-case id="1-1512" name="IsFillComplete(PlayersWorlds.Maps.Maze.BinaryTreeMazeGenerator,Half,Auto,System.Collections.Generic.List`1[PlayersWorlds.Maps.Area])" fullname="PlayersWorlds.Maps.Maze.MazeGeneratorTest.IsFillComplete(PlayersWorlds.Maps.Maze.BinaryTreeMazeGenerator,Half,Auto,System.Collections.Generic.List`1[PlayersWorlds.Maps.Area])" methodname="IsFillComplete" classname="PlayersWorlds.Maps.Maze.MazeGeneratorTest" runstate="Runnable" seed="946606979" result="Skipped" label="Ignored" start-time="2024-06-19T14:46:08.7660200Z" end-time="2024-06-19T14:46:08.7660740Z" duration="0.000054" asserts="0" />
                <test-case id="1-1513" name="IsFillComplete(PlayersWorlds.Maps.Maze.BinaryTreeMazeGenerator,Half,Auto,System.Collections.Generic.List`1[PlayersWorlds.Maps.Area])" fullname="PlayersWorlds.Maps.Maze.MazeGeneratorTest.IsFillComplete(PlayersWorlds.Maps.Maze.BinaryTreeMazeGenerator,Half,Auto,System.Collections.Generic.List`1[PlayersWorlds.Maps.Area])" methodname="IsFillComplete" classname="PlayersWorlds.Maps.Maze.MazeGeneratorTest" runstate="Runnable" seed="846122574" result="Skipped" label="Ignored" start-time="2024-06-19T14:46:08.7660790Z" end-time="2024-06-19T14:46:08.7661400Z" duration="0.000061" asserts="0" />
                <test-case id="1-1514" name="IsFillComplete(PlayersWorlds.Maps.Maze.BinaryTreeMazeGenerator,Half,Auto,System.Collections.Generic.List`1[PlayersWorlds.Maps.Area])" fullname="PlayersWorlds.Maps.Maze.MazeGeneratorTest.IsFillComplete(PlayersWorlds.Maps.Maze.BinaryTreeMazeGenerator,Half,Auto,System.Collections.Generic.List`1[PlayersWorlds.Maps.Area])" methodname="IsFillComplete" classname="PlayersWorlds.Maps.Maze.MazeGeneratorTest" runstate="Runnable" seed="902522231" result="Skipped" label="Ignored" start-time="2024-06-19T14:46:08.7661460Z" end-time="2024-06-19T14:46:08.7662000Z" duration="0.000054" asserts="0" />
                <test-case id="1-1515" name="IsFillComplete(PlayersWorlds.Maps.Maze.BinaryTreeMazeGenerator,Half,Manual,null)" fullname="PlayersWorlds.Maps.Maze.MazeGeneratorTest.IsFillComplete(PlayersWorlds.Maps.Maze.BinaryTreeMazeGenerator,Half,Manual,null)" methodname="IsFillComplete" classname="PlayersWorlds.Maps.Maze.MazeGeneratorTest" runstate="Runnable" seed="1093074906" result="Skipped" label="Ignored" start-time="2024-06-19T14:46:08.7662050Z" end-time="2024-06-19T14:46:08.7662570Z" duration="0.000052" asserts="0" />
                <test-case id="1-1516" name="IsFillComplete(PlayersWorlds.Maps.Maze.BinaryTreeMazeGenerator,Half,Manual,System.Collections.Generic.List`1[PlayersWorlds.Maps.Area])" fullname="PlayersWorlds.Maps.Maze.MazeGeneratorTest.IsFillComplete(PlayersWorlds.Maps.Maze.BinaryTreeMazeGenerator,Half,Manual,System.Collections.Generic.List`1[PlayersWorlds.Maps.Area])" methodname="IsFillComplete" classname="PlayersWorlds.Maps.Maze.MazeGeneratorTest" runstate="Runnable" seed="1789683861" result="Skipped" label="Ignored" start-time="2024-06-19T14:46:08.7662620Z" end-time="2024-06-19T14:46:08.7663130Z" duration="0.000051" asserts="0" />
                <test-case id="1-1517" name="IsFillComplete(PlayersWorlds.Maps.Maze.BinaryTreeMazeGenerator,Half,Manual,System.Collections.Generic.List`1[PlayersWorlds.Maps.Area])" fullname="PlayersWorlds.Maps.Maze.MazeGeneratorTest.IsFillComplete(PlayersWorlds.Maps.Maze.BinaryTreeMazeGenerator,Half,Manual,System.Collections.Generic.List`1[PlayersWorlds.Maps.Area])" methodname="IsFillComplete" classname="PlayersWorlds.Maps.Maze.MazeGeneratorTest" runstate="Runnable" seed="1205506387" result="Skipped" label="Ignored" start-time="2024-06-19T14:46:08.7663180Z" end-time="2024-06-19T14:46:08.7663700Z" duration="0.000052" asserts="0" />
                <test-case id="1-1518" name="IsFillComplete(PlayersWorlds.Maps.Maze.BinaryTreeMazeGenerator,Half,Manual,System.Collections.Generic.List`1[PlayersWorlds.Maps.Area])" fullname="PlayersWorlds.Maps.Maze.MazeGeneratorTest.IsFillComplete(PlayersWorlds.Maps.Maze.BinaryTreeMazeGenerator,Half,Manual,System.Collections.Generic.List`1[PlayersWorlds.Maps.Area])" methodname="IsFillComplete" classname="PlayersWorlds.Maps.Maze.MazeGeneratorTest" runstate="Runnable" seed="1902666293" result="Skipped" label="Ignored" start-time="2024-06-19T14:46:08.7663750Z" end-time="2024-06-19T14:46:08.7664260Z" duration="0.000052" asserts="0" />
                <test-case id="1-1519" name="IsFillComplete(PlayersWorlds.Maps.Maze.BinaryTreeMazeGenerator,Half,Manual,System.Collections.Generic.List`1[PlayersWorlds.Maps.Area])" fullname="PlayersWorlds.Maps.Maze.MazeGeneratorTest.IsFillComplete(PlayersWorlds.Maps.Maze.BinaryTreeMazeGenerator,Half,Manual,System.Collections.Generic.List`1[PlayersWorlds.Maps.Area])" methodname="IsFillComplete" classname="PlayersWorlds.Maps.Maze.MazeGeneratorTest" runstate="Runnable" seed="2008134698" result="Skipped" label="Ignored" start-time="2024-06-19T14:46:08.7664310Z" end-time="2024-06-19T14:46:08.7664830Z" duration="0.000052" asserts="0" />
                <test-case id="1-1520" name="IsFillComplete(PlayersWorlds.Maps.Maze.BinaryTreeMazeGenerator,Half,Manual,System.Collections.Generic.List`1[PlayersWorlds.Maps.Area])" fullname="PlayersWorlds.Maps.Maze.MazeGeneratorTest.IsFillComplete(PlayersWorlds.Maps.Maze.BinaryTreeMazeGenerator,Half,Manual,System.Collections.Generic.List`1[PlayersWorlds.Maps.Area])" methodname="IsFillComplete" classname="PlayersWorlds.Maps.Maze.MazeGeneratorTest" runstate="Runnable" seed="608419025" result="Skipped" label="Ignored" start-time="2024-06-19T14:46:08.7664880Z" end-time="2024-06-19T14:46:08.7665400Z" duration="0.000051" asserts="0" />
                <test-case id="1-1521" name="IsFillComplete(PlayersWorlds.Maps.Maze.BinaryTreeMazeGenerator,ThreeQuarters,Auto,null)" fullname="PlayersWorlds.Maps.Maze.MazeGeneratorTest.IsFillComplete(PlayersWorlds.Maps.Maze.BinaryTreeMazeGenerator,ThreeQuarters,Auto,null)" methodname="IsFillComplete" classname="PlayersWorlds.Maps.Maze.MazeGeneratorTest" runstate="Runnable" seed="1116584532" result="Skipped" label="Ignored" start-time="2024-06-19T14:46:08.7665450Z" end-time="2024-06-19T14:46:08.7665960Z" duration="0.000051" asserts="0" />
                <test-case id="1-1522" name="IsFillComplete(PlayersWorlds.Maps.Maze.BinaryTreeMazeGenerator,ThreeQuarters,Auto,System.Collections.Generic.List`1[PlayersWorlds.Maps.Area])" fullname="PlayersWorlds.Maps.Maze.MazeGeneratorTest.IsFillComplete(PlayersWorlds.Maps.Maze.BinaryTreeMazeGenerator,ThreeQuarters,Auto,System.Collections.Generic.List`1[PlayersWorlds.Maps.Area])" methodname="IsFillComplete" classname="PlayersWorlds.Maps.Maze.MazeGeneratorTest" runstate="Runnable" seed="844583884" result="Skipped" label="Ignored" start-time="2024-06-19T14:46:08.7666010Z" end-time="2024-06-19T14:46:08.7666520Z" duration="0.000051" asserts="0" />
                <test-case id="1-1523" name="IsFillComplete(PlayersWorlds.Maps.Maze.BinaryTreeMazeGenerator,ThreeQuarters,Auto,System.Collections.Generic.List`1[PlayersWorlds.Maps.Area])" fullname="PlayersWorlds.Maps.Maze.MazeGeneratorTest.IsFillComplete(PlayersWorlds.Maps.Maze.BinaryTreeMazeGenerator,ThreeQuarters,Auto,System.Collections.Generic.List`1[PlayersWorlds.Maps.Area])" methodname="IsFillComplete" classname="PlayersWorlds.Maps.Maze.MazeGeneratorTest" runstate="Runnable" seed="1711093091" result="Skipped" label="Ignored" start-time="2024-06-19T14:46:08.7666570Z" end-time="2024-06-19T14:46:08.7667080Z" duration="0.000051" asserts="0" />
                <test-case id="1-1524" name="IsFillComplete(PlayersWorlds.Maps.Maze.BinaryTreeMazeGenerator,ThreeQuarters,Auto,System.Collections.Generic.List`1[PlayersWorlds.Maps.Area])" fullname="PlayersWorlds.Maps.Maze.MazeGeneratorTest.IsFillComplete(PlayersWorlds.Maps.Maze.BinaryTreeMazeGenerator,ThreeQuarters,Auto,System.Collections.Generic.List`1[PlayersWorlds.Maps.Area])" methodname="IsFillComplete" classname="PlayersWorlds.Maps.Maze.MazeGeneratorTest" runstate="Runnable" seed="2088687864" result="Skipped" label="Ignored" start-time="2024-06-19T14:46:08.7667130Z" end-time="2024-06-19T14:46:08.7667650Z" duration="0.000052" asserts="0" />
                <test-case id="1-1525" name="IsFillComplete(PlayersWorlds.Maps.Maze.BinaryTreeMazeGenerator,ThreeQuarters,Auto,System.Collections.Generic.List`1[PlayersWorlds.Maps.Area])" fullname="PlayersWorlds.Maps.Maze.MazeGeneratorTest.IsFillComplete(PlayersWorlds.Maps.Maze.BinaryTreeMazeGenerator,ThreeQuarters,Auto,System.Collections.Generic.List`1[PlayersWorlds.Maps.Area])" methodname="IsFillComplete" classname="PlayersWorlds.Maps.Maze.MazeGeneratorTest" runstate="Runnable" seed="1806153777" result="Skipped" label="Ignored" start-time="2024-06-19T14:46:08.7667700Z" end-time="2024-06-19T14:46:08.7668220Z" duration="0.000052" asserts="0" />
                <test-case id="1-1526" name="IsFillComplete(PlayersWorlds.Maps.Maze.BinaryTreeMazeGenerator,ThreeQuarters,Auto,System.Collections.Generic.List`1[PlayersWorlds.Maps.Area])" fullname="PlayersWorlds.Maps.Maze.MazeGeneratorTest.IsFillComplete(PlayersWorlds.Maps.Maze.BinaryTreeMazeGenerator,ThreeQuarters,Auto,System.Collections.Generic.List`1[PlayersWorlds.Maps.Area])" methodname="IsFillComplete" classname="PlayersWorlds.Maps.Maze.MazeGeneratorTest" runstate="Runnable" seed="1987708102" result="Skipped" label="Ignored" start-time="2024-06-19T14:46:08.7668270Z" end-time="2024-06-19T14:46:08.7668790Z" duration="0.000051" asserts="0" />
                <test-case id="1-1527" name="IsFillComplete(PlayersWorlds.Maps.Maze.BinaryTreeMazeGenerator,ThreeQuarters,Manual,null)" fullname="PlayersWorlds.Maps.Maze.MazeGeneratorTest.IsFillComplete(PlayersWorlds.Maps.Maze.BinaryTreeMazeGenerator,ThreeQuarters,Manual,null)" methodname="IsFillComplete" classname="PlayersWorlds.Maps.Maze.MazeGeneratorTest" runstate="Runnable" seed="1631644670" result="Skipped" label="Ignored" start-time="2024-06-19T14:46:08.7668840Z" end-time="2024-06-19T14:46:08.7669350Z" duration="0.000051" asserts="0" />
                <test-case id="1-1528" name="IsFillComplete(PlayersWorlds.Maps.Maze.BinaryTreeMazeGenerator,ThreeQuarters,Manual,System.Collections.Generic.List`1[PlayersWorlds.Maps.Area])" fullname="PlayersWorlds.Maps.Maze.MazeGeneratorTest.IsFillComplete(PlayersWorlds.Maps.Maze.BinaryTreeMazeGenerator,ThreeQuarters,Manual,System.Collections.Generic.List`1[PlayersWorlds.Maps.Area])" methodname="IsFillComplete" classname="PlayersWorlds.Maps.Maze.MazeGeneratorTest" runstate="Runnable" seed="334045309" result="Skipped" label="Ignored" start-time="2024-06-19T14:46:08.7669400Z" end-time="2024-06-19T14:46:08.7669930Z" duration="0.000053" asserts="0" />
                <test-case id="1-1529" name="IsFillComplete(PlayersWorlds.Maps.Maze.BinaryTreeMazeGenerator,ThreeQuarters,Manual,System.Collections.Generic.List`1[PlayersWorlds.Maps.Area])" fullname="PlayersWorlds.Maps.Maze.MazeGeneratorTest.IsFillComplete(PlayersWorlds.Maps.Maze.BinaryTreeMazeGenerator,ThreeQuarters,Manual,System.Collections.Generic.List`1[PlayersWorlds.Maps.Area])" methodname="IsFillComplete" classname="PlayersWorlds.Maps.Maze.MazeGeneratorTest" runstate="Runnable" seed="798609315" result="Skipped" label="Ignored" start-time="2024-06-19T14:46:08.7669980Z" end-time="2024-06-19T14:46:08.7670500Z" duration="0.000053" asserts="0" />
                <test-case id="1-1530" name="IsFillComplete(PlayersWorlds.Maps.Maze.BinaryTreeMazeGenerator,ThreeQuarters,Manual,System.Collections.Generic.List`1[PlayersWorlds.Maps.Area])" fullname="PlayersWorlds.Maps.Maze.MazeGeneratorTest.IsFillComplete(PlayersWorlds.Maps.Maze.BinaryTreeMazeGenerator,ThreeQuarters,Manual,System.Collections.Generic.List`1[PlayersWorlds.Maps.Area])" methodname="IsFillComplete" classname="PlayersWorlds.Maps.Maze.MazeGeneratorTest" runstate="Runnable" seed="664984709" result="Skipped" label="Ignored" start-time="2024-06-19T14:46:08.7670560Z" end-time="2024-06-19T14:46:08.7671080Z" duration="0.000052" asserts="0" />
                <test-case id="1-1531" name="IsFillComplete(PlayersWorlds.Maps.Maze.BinaryTreeMazeGenerator,ThreeQuarters,Manual,System.Collections.Generic.List`1[PlayersWorlds.Maps.Area])" fullname="PlayersWorlds.Maps.Maze.MazeGeneratorTest.IsFillComplete(PlayersWorlds.Maps.Maze.BinaryTreeMazeGenerator,ThreeQuarters,Manual,System.Collections.Generic.List`1[PlayersWorlds.Maps.Area])" methodname="IsFillComplete" classname="PlayersWorlds.Maps.Maze.MazeGeneratorTest" runstate="Runnable" seed="1738416180" result="Skipped" label="Ignored" start-time="2024-06-19T14:46:08.7671130Z" end-time="2024-06-19T14:46:08.7671640Z" duration="0.000052" asserts="0" />
                <test-case id="1-1532" name="IsFillComplete(PlayersWorlds.Maps.Maze.BinaryTreeMazeGenerator,ThreeQuarters,Manual,System.Collections.Generic.List`1[PlayersWorlds.Maps.Area])" fullname="PlayersWorlds.Maps.Maze.MazeGeneratorTest.IsFillComplete(PlayersWorlds.Maps.Maze.BinaryTreeMazeGenerator,ThreeQuarters,Manual,System.Collections.Generic.List`1[PlayersWorlds.Maps.Area])" methodname="IsFillComplete" classname="PlayersWorlds.Maps.Maze.MazeGeneratorTest" runstate="Runnable" seed="1163179148" result="Skipped" label="Ignored" start-time="2024-06-19T14:46:08.7671690Z" end-time="2024-06-19T14:46:08.7672200Z" duration="0.000051" asserts="0" />
                <test-case id="1-1533" name="IsFillComplete(PlayersWorlds.Maps.Maze.BinaryTreeMazeGenerator,NinetyPercent,Auto,null)" fullname="PlayersWorlds.Maps.Maze.MazeGeneratorTest.IsFillComplete(PlayersWorlds.Maps.Maze.BinaryTreeMazeGenerator,NinetyPercent,Auto,null)" methodname="IsFillComplete" classname="PlayersWorlds.Maps.Maze.MazeGeneratorTest" runstate="Runnable" seed="1230050222" result="Skipped" label="Ignored" start-time="2024-06-19T14:46:08.7672260Z" end-time="2024-06-19T14:46:08.7672780Z" duration="0.000052" asserts="0" />
                <test-case id="1-1534" name="IsFillComplete(PlayersWorlds.Maps.Maze.BinaryTreeMazeGenerator,NinetyPercent,Auto,System.Collections.Generic.List`1[PlayersWorlds.Maps.Area])" fullname="PlayersWorlds.Maps.Maze.MazeGeneratorTest.IsFillComplete(PlayersWorlds.Maps.Maze.BinaryTreeMazeGenerator,NinetyPercent,Auto,System.Collections.Generic.List`1[PlayersWorlds.Maps.Area])" methodname="IsFillComplete" classname="PlayersWorlds.Maps.Maze.MazeGeneratorTest" runstate="Runnable" seed="1169078324" result="Skipped" label="Ignored" start-time="2024-06-19T14:46:08.7672830Z" end-time="2024-06-19T14:46:08.7673350Z" duration="0.000051" asserts="0" />
                <test-case id="1-1535" name="IsFillComplete(PlayersWorlds.Maps.Maze.BinaryTreeMazeGenerator,NinetyPercent,Auto,System.Collections.Generic.List`1[PlayersWorlds.Maps.Area])" fullname="PlayersWorlds.Maps.Maze.MazeGeneratorTest.IsFillComplete(PlayersWorlds.Maps.Maze.BinaryTreeMazeGenerator,NinetyPercent,Auto,System.Collections.Generic.List`1[PlayersWorlds.Maps.Area])" methodname="IsFillComplete" classname="PlayersWorlds.Maps.Maze.MazeGeneratorTest" runstate="Runnable" seed="345522436" result="Skipped" label="Ignored" start-time="2024-06-19T14:46:08.7673400Z" end-time="2024-06-19T14:46:08.7673910Z" duration="0.000052" asserts="0" />
                <test-case id="1-1536" name="IsFillComplete(PlayersWorlds.Maps.Maze.BinaryTreeMazeGenerator,NinetyPercent,Auto,System.Collections.Generic.List`1[PlayersWorlds.Maps.Area])" fullname="PlayersWorlds.Maps.Maze.MazeGeneratorTest.IsFillComplete(PlayersWorlds.Maps.Maze.BinaryTreeMazeGenerator,NinetyPercent,Auto,System.Collections.Generic.List`1[PlayersWorlds.Maps.Area])" methodname="IsFillComplete" classname="PlayersWorlds.Maps.Maze.MazeGeneratorTest" runstate="Runnable" seed="191867028" result="Skipped" label="Ignored" start-time="2024-06-19T14:46:08.7673960Z" end-time="2024-06-19T14:46:08.7674470Z" duration="0.000051" asserts="0" />
                <test-case id="1-1537" name="IsFillComplete(PlayersWorlds.Maps.Maze.BinaryTreeMazeGenerator,NinetyPercent,Auto,System.Collections.Generic.List`1[PlayersWorlds.Maps.Area])" fullname="PlayersWorlds.Maps.Maze.MazeGeneratorTest.IsFillComplete(PlayersWorlds.Maps.Maze.BinaryTreeMazeGenerator,NinetyPercent,Auto,System.Collections.Generic.List`1[PlayersWorlds.Maps.Area])" methodname="IsFillComplete" classname="PlayersWorlds.Maps.Maze.MazeGeneratorTest" runstate="Runnable" seed="2125703988" result="Skipped" label="Ignored" start-time="2024-06-19T14:46:08.7674520Z" end-time="2024-06-19T14:46:08.7675040Z" duration="0.000051" asserts="0" />
                <test-case id="1-1538" name="IsFillComplete(PlayersWorlds.Maps.Maze.BinaryTreeMazeGenerator,NinetyPercent,Auto,System.Collections.Generic.List`1[PlayersWorlds.Maps.Area])" fullname="PlayersWorlds.Maps.Maze.MazeGeneratorTest.IsFillComplete(PlayersWorlds.Maps.Maze.BinaryTreeMazeGenerator,NinetyPercent,Auto,System.Collections.Generic.List`1[PlayersWorlds.Maps.Area])" methodname="IsFillComplete" classname="PlayersWorlds.Maps.Maze.MazeGeneratorTest" runstate="Runnable" seed="1271985944" result="Skipped" label="Ignored" start-time="2024-06-19T14:46:08.7675090Z" end-time="2024-06-19T14:46:08.7675600Z" duration="0.000051" asserts="0" />
                <test-case id="1-1539" name="IsFillComplete(PlayersWorlds.Maps.Maze.BinaryTreeMazeGenerator,NinetyPercent,Manual,null)" fullname="PlayersWorlds.Maps.Maze.MazeGeneratorTest.IsFillComplete(PlayersWorlds.Maps.Maze.BinaryTreeMazeGenerator,NinetyPercent,Manual,null)" methodname="IsFillComplete" classname="PlayersWorlds.Maps.Maze.MazeGeneratorTest" runstate="Runnable" seed="1035995401" result="Skipped" label="Ignored" start-time="2024-06-19T14:46:08.7675650Z" end-time="2024-06-19T14:46:08.7676160Z" duration="0.000051" asserts="0" />
                <test-case id="1-1540" name="IsFillComplete(PlayersWorlds.Maps.Maze.BinaryTreeMazeGenerator,NinetyPercent,Manual,System.Collections.Generic.List`1[PlayersWorlds.Maps.Area])" fullname="PlayersWorlds.Maps.Maze.MazeGeneratorTest.IsFillComplete(PlayersWorlds.Maps.Maze.BinaryTreeMazeGenerator,NinetyPercent,Manual,System.Collections.Generic.List`1[PlayersWorlds.Maps.Area])" methodname="IsFillComplete" classname="PlayersWorlds.Maps.Maze.MazeGeneratorTest" runstate="Runnable" seed="54657268" result="Skipped" label="Ignored" start-time="2024-06-19T14:46:08.7676210Z" end-time="2024-06-19T14:46:08.7676720Z" duration="0.000051" asserts="0" />
                <test-case id="1-1541" name="IsFillComplete(PlayersWorlds.Maps.Maze.BinaryTreeMazeGenerator,NinetyPercent,Manual,System.Collections.Generic.List`1[PlayersWorlds.Maps.Area])" fullname="PlayersWorlds.Maps.Maze.MazeGeneratorTest.IsFillComplete(PlayersWorlds.Maps.Maze.BinaryTreeMazeGenerator,NinetyPercent,Manual,System.Collections.Generic.List`1[PlayersWorlds.Maps.Area])" methodname="IsFillComplete" classname="PlayersWorlds.Maps.Maze.MazeGeneratorTest" runstate="Runnable" seed="1509996488" result="Skipped" label="Ignored" start-time="2024-06-19T14:46:08.7676780Z" end-time="2024-06-19T14:46:08.7677290Z" duration="0.000051" asserts="0" />
                <test-case id="1-1542" name="IsFillComplete(PlayersWorlds.Maps.Maze.BinaryTreeMazeGenerator,NinetyPercent,Manual,System.Collections.Generic.List`1[PlayersWorlds.Maps.Area])" fullname="PlayersWorlds.Maps.Maze.MazeGeneratorTest.IsFillComplete(PlayersWorlds.Maps.Maze.BinaryTreeMazeGenerator,NinetyPercent,Manual,System.Collections.Generic.List`1[PlayersWorlds.Maps.Area])" methodname="IsFillComplete" classname="PlayersWorlds.Maps.Maze.MazeGeneratorTest" runstate="Runnable" seed="556085452" result="Skipped" label="Ignored" start-time="2024-06-19T14:46:08.7677340Z" end-time="2024-06-19T14:46:08.7677850Z" duration="0.000051" asserts="0" />
                <test-case id="1-1543" name="IsFillComplete(PlayersWorlds.Maps.Maze.BinaryTreeMazeGenerator,NinetyPercent,Manual,System.Collections.Generic.List`1[PlayersWorlds.Maps.Area])" fullname="PlayersWorlds.Maps.Maze.MazeGeneratorTest.IsFillComplete(PlayersWorlds.Maps.Maze.BinaryTreeMazeGenerator,NinetyPercent,Manual,System.Collections.Generic.List`1[PlayersWorlds.Maps.Area])" methodname="IsFillComplete" classname="PlayersWorlds.Maps.Maze.MazeGeneratorTest" runstate="Runnable" seed="490919703" result="Skipped" label="Ignored" start-time="2024-06-19T14:46:08.7677910Z" end-time="2024-06-19T14:46:08.7678420Z" duration="0.000051" asserts="0" />
                <test-case id="1-1544" name="IsFillComplete(PlayersWorlds.Maps.Maze.BinaryTreeMazeGenerator,NinetyPercent,Manual,System.Collections.Generic.List`1[PlayersWorlds.Maps.Area])" fullname="PlayersWorlds.Maps.Maze.MazeGeneratorTest.IsFillComplete(PlayersWorlds.Maps.Maze.BinaryTreeMazeGenerator,NinetyPercent,Manual,System.Collections.Generic.List`1[PlayersWorlds.Maps.Area])" methodname="IsFillComplete" classname="PlayersWorlds.Maps.Maze.MazeGeneratorTest" runstate="Runnable" seed="736769416" result="Skipped" label="Ignored" start-time="2024-06-19T14:46:08.7678470Z" end-time="2024-06-19T14:46:08.7678980Z" duration="0.000051" asserts="0" />
                <test-case id="1-1545" name="IsFillComplete(PlayersWorlds.Maps.Maze.BinaryTreeMazeGenerator,FullWidth,Auto,null)" fullname="PlayersWorlds.Maps.Maze.MazeGeneratorTest.IsFillComplete(PlayersWorlds.Maps.Maze.BinaryTreeMazeGenerator,FullWidth,Auto,null)" methodname="IsFillComplete" classname="PlayersWorlds.Maps.Maze.MazeGeneratorTest" runstate="Runnable" seed="130164728" result="Skipped" label="Ignored" start-time="2024-06-19T14:46:08.7679040Z" end-time="2024-06-19T14:46:08.7679550Z" duration="0.000051" asserts="0" />
                <test-case id="1-1546" name="IsFillComplete(PlayersWorlds.Maps.Maze.BinaryTreeMazeGenerator,FullWidth,Auto,System.Collections.Generic.List`1[PlayersWorlds.Maps.Area])" fullname="PlayersWorlds.Maps.Maze.MazeGeneratorTest.IsFillComplete(PlayersWorlds.Maps.Maze.BinaryTreeMazeGenerator,FullWidth,Auto,System.Collections.Generic.List`1[PlayersWorlds.Maps.Area])" methodname="IsFillComplete" classname="PlayersWorlds.Maps.Maze.MazeGeneratorTest" runstate="Runnable" seed="1388531113" result="Skipped" label="Ignored" start-time="2024-06-19T14:46:08.7679600Z" end-time="2024-06-19T14:46:08.7680110Z" duration="0.000051" asserts="0" />
                <test-case id="1-1547" name="IsFillComplete(PlayersWorlds.Maps.Maze.BinaryTreeMazeGenerator,FullWidth,Auto,System.Collections.Generic.List`1[PlayersWorlds.Maps.Area])" fullname="PlayersWorlds.Maps.Maze.MazeGeneratorTest.IsFillComplete(PlayersWorlds.Maps.Maze.BinaryTreeMazeGenerator,FullWidth,Auto,System.Collections.Generic.List`1[PlayersWorlds.Maps.Area])" methodname="IsFillComplete" classname="PlayersWorlds.Maps.Maze.MazeGeneratorTest" runstate="Runnable" seed="1305700996" result="Skipped" label="Ignored" start-time="2024-06-19T14:46:08.7680160Z" end-time="2024-06-19T14:46:08.7680690Z" duration="0.000053" asserts="0" />
                <test-case id="1-1548" name="IsFillComplete(PlayersWorlds.Maps.Maze.BinaryTreeMazeGenerator,FullWidth,Auto,System.Collections.Generic.List`1[PlayersWorlds.Maps.Area])" fullname="PlayersWorlds.Maps.Maze.MazeGeneratorTest.IsFillComplete(PlayersWorlds.Maps.Maze.BinaryTreeMazeGenerator,FullWidth,Auto,System.Collections.Generic.List`1[PlayersWorlds.Maps.Area])" methodname="IsFillComplete" classname="PlayersWorlds.Maps.Maze.MazeGeneratorTest" runstate="Runnable" seed="1526968530" result="Skipped" label="Ignored" start-time="2024-06-19T14:46:08.7680740Z" end-time="2024-06-19T14:46:08.7681260Z" duration="0.000052" asserts="0" />
                <test-case id="1-1549" name="IsFillComplete(PlayersWorlds.Maps.Maze.BinaryTreeMazeGenerator,FullWidth,Auto,System.Collections.Generic.List`1[PlayersWorlds.Maps.Area])" fullname="PlayersWorlds.Maps.Maze.MazeGeneratorTest.IsFillComplete(PlayersWorlds.Maps.Maze.BinaryTreeMazeGenerator,FullWidth,Auto,System.Collections.Generic.List`1[PlayersWorlds.Maps.Area])" methodname="IsFillComplete" classname="PlayersWorlds.Maps.Maze.MazeGeneratorTest" runstate="Runnable" seed="1710936898" result="Skipped" label="Ignored" start-time="2024-06-19T14:46:08.7681310Z" end-time="2024-06-19T14:46:08.7681820Z" duration="0.000051" asserts="0" />
                <test-case id="1-1550" name="IsFillComplete(PlayersWorlds.Maps.Maze.BinaryTreeMazeGenerator,FullWidth,Auto,System.Collections.Generic.List`1[PlayersWorlds.Maps.Area])" fullname="PlayersWorlds.Maps.Maze.MazeGeneratorTest.IsFillComplete(PlayersWorlds.Maps.Maze.BinaryTreeMazeGenerator,FullWidth,Auto,System.Collections.Generic.List`1[PlayersWorlds.Maps.Area])" methodname="IsFillComplete" classname="PlayersWorlds.Maps.Maze.MazeGeneratorTest" runstate="Runnable" seed="1168242003" result="Skipped" label="Ignored" start-time="2024-06-19T14:46:08.7681870Z" end-time="2024-06-19T14:46:08.7682380Z" duration="0.000051" asserts="0" />
                <test-case id="1-1551" name="IsFillComplete(PlayersWorlds.Maps.Maze.BinaryTreeMazeGenerator,FullWidth,Manual,null)" fullname="PlayersWorlds.Maps.Maze.MazeGeneratorTest.IsFillComplete(PlayersWorlds.Maps.Maze.BinaryTreeMazeGenerator,FullWidth,Manual,null)" methodname="IsFillComplete" classname="PlayersWorlds.Maps.Maze.MazeGeneratorTest" runstate="Runnable" seed="1025192924" result="Skipped" label="Ignored" start-time="2024-06-19T14:46:08.7682430Z" end-time="2024-06-19T14:46:08.7682940Z" duration="0.000051" asserts="0" />
                <test-case id="1-1552" name="IsFillComplete(PlayersWorlds.Maps.Maze.BinaryTreeMazeGenerator,FullWidth,Manual,System.Collections.Generic.List`1[PlayersWorlds.Maps.Area])" fullname="PlayersWorlds.Maps.Maze.MazeGeneratorTest.IsFillComplete(PlayersWorlds.Maps.Maze.BinaryTreeMazeGenerator,FullWidth,Manual,System.Collections.Generic.List`1[PlayersWorlds.Maps.Area])" methodname="IsFillComplete" classname="PlayersWorlds.Maps.Maze.MazeGeneratorTest" runstate="Runnable" seed="850714215" result="Skipped" label="Ignored" start-time="2024-06-19T14:46:08.7682990Z" end-time="2024-06-19T14:46:08.7683510Z" duration="0.000051" asserts="0" />
                <test-case id="1-1553" name="IsFillComplete(PlayersWorlds.Maps.Maze.BinaryTreeMazeGenerator,FullWidth,Manual,System.Collections.Generic.List`1[PlayersWorlds.Maps.Area])" fullname="PlayersWorlds.Maps.Maze.MazeGeneratorTest.IsFillComplete(PlayersWorlds.Maps.Maze.BinaryTreeMazeGenerator,FullWidth,Manual,System.Collections.Generic.List`1[PlayersWorlds.Maps.Area])" methodname="IsFillComplete" classname="PlayersWorlds.Maps.Maze.MazeGeneratorTest" runstate="Runnable" seed="1159537077" result="Skipped" label="Ignored" start-time="2024-06-19T14:46:08.7683560Z" end-time="2024-06-19T14:46:08.7684070Z" duration="0.000051" asserts="0" />
                <test-case id="1-1554" name="IsFillComplete(PlayersWorlds.Maps.Maze.BinaryTreeMazeGenerator,FullWidth,Manual,System.Collections.Generic.List`1[PlayersWorlds.Maps.Area])" fullname="PlayersWorlds.Maps.Maze.MazeGeneratorTest.IsFillComplete(PlayersWorlds.Maps.Maze.BinaryTreeMazeGenerator,FullWidth,Manual,System.Collections.Generic.List`1[PlayersWorlds.Maps.Area])" methodname="IsFillComplete" classname="PlayersWorlds.Maps.Maze.MazeGeneratorTest" runstate="Runnable" seed="1646714204" result="Skipped" label="Ignored" start-time="2024-06-19T14:46:08.7684120Z" end-time="2024-06-19T14:46:08.7684620Z" duration="0.000050" asserts="0" />
                <test-case id="1-1555" name="IsFillComplete(PlayersWorlds.Maps.Maze.BinaryTreeMazeGenerator,FullWidth,Manual,System.Collections.Generic.List`1[PlayersWorlds.Maps.Area])" fullname="PlayersWorlds.Maps.Maze.MazeGeneratorTest.IsFillComplete(PlayersWorlds.Maps.Maze.BinaryTreeMazeGenerator,FullWidth,Manual,System.Collections.Generic.List`1[PlayersWorlds.Maps.Area])" methodname="IsFillComplete" classname="PlayersWorlds.Maps.Maze.MazeGeneratorTest" runstate="Runnable" seed="1143805092" result="Skipped" label="Ignored" start-time="2024-06-19T14:46:08.7684670Z" end-time="2024-06-19T14:46:08.7685190Z" duration="0.000051" asserts="0" />
                <test-case id="1-1556" name="IsFillComplete(PlayersWorlds.Maps.Maze.BinaryTreeMazeGenerator,FullWidth,Manual,System.Collections.Generic.List`1[PlayersWorlds.Maps.Area])" fullname="PlayersWorlds.Maps.Maze.MazeGeneratorTest.IsFillComplete(PlayersWorlds.Maps.Maze.BinaryTreeMazeGenerator,FullWidth,Manual,System.Collections.Generic.List`1[PlayersWorlds.Maps.Area])" methodname="IsFillComplete" classname="PlayersWorlds.Maps.Maze.MazeGeneratorTest" runstate="Runnable" seed="644452543" result="Skipped" label="Ignored" start-time="2024-06-19T14:46:08.7685240Z" end-time="2024-06-19T14:46:08.7685750Z" duration="0.000052" asserts="0" />
                <test-case id="1-1557" name="IsFillComplete(PlayersWorlds.Maps.Maze.BinaryTreeMazeGenerator,FullHeight,Auto,null)" fullname="PlayersWorlds.Maps.Maze.MazeGeneratorTest.IsFillComplete(PlayersWorlds.Maps.Maze.BinaryTreeMazeGenerator,FullHeight,Auto,null)" methodname="IsFillComplete" classname="PlayersWorlds.Maps.Maze.MazeGeneratorTest" runstate="Runnable" seed="1236648213" result="Skipped" label="Ignored" start-time="2024-06-19T14:46:08.7685800Z" end-time="2024-06-19T14:46:08.7686320Z" duration="0.000051" asserts="0" />
                <test-case id="1-1558" name="IsFillComplete(PlayersWorlds.Maps.Maze.BinaryTreeMazeGenerator,FullHeight,Auto,System.Collections.Generic.List`1[PlayersWorlds.Maps.Area])" fullname="PlayersWorlds.Maps.Maze.MazeGeneratorTest.IsFillComplete(PlayersWorlds.Maps.Maze.BinaryTreeMazeGenerator,FullHeight,Auto,System.Collections.Generic.List`1[PlayersWorlds.Maps.Area])" methodname="IsFillComplete" classname="PlayersWorlds.Maps.Maze.MazeGeneratorTest" runstate="Runnable" seed="642200987" result="Skipped" label="Ignored" start-time="2024-06-19T14:46:08.7686370Z" end-time="2024-06-19T14:46:08.7686870Z" duration="0.000050" asserts="0" />
                <test-case id="1-1559" name="IsFillComplete(PlayersWorlds.Maps.Maze.BinaryTreeMazeGenerator,FullHeight,Auto,System.Collections.Generic.List`1[PlayersWorlds.Maps.Area])" fullname="PlayersWorlds.Maps.Maze.MazeGeneratorTest.IsFillComplete(PlayersWorlds.Maps.Maze.BinaryTreeMazeGenerator,FullHeight,Auto,System.Collections.Generic.List`1[PlayersWorlds.Maps.Area])" methodname="IsFillComplete" classname="PlayersWorlds.Maps.Maze.MazeGeneratorTest" runstate="Runnable" seed="1058657433" result="Skipped" label="Ignored" start-time="2024-06-19T14:46:08.7686920Z" end-time="2024-06-19T14:46:08.7687430Z" duration="0.000051" asserts="0" />
                <test-case id="1-1560" name="IsFillComplete(PlayersWorlds.Maps.Maze.BinaryTreeMazeGenerator,FullHeight,Auto,System.Collections.Generic.List`1[PlayersWorlds.Maps.Area])" fullname="PlayersWorlds.Maps.Maze.MazeGeneratorTest.IsFillComplete(PlayersWorlds.Maps.Maze.BinaryTreeMazeGenerator,FullHeight,Auto,System.Collections.Generic.List`1[PlayersWorlds.Maps.Area])" methodname="IsFillComplete" classname="PlayersWorlds.Maps.Maze.MazeGeneratorTest" runstate="Runnable" seed="1868806409" result="Skipped" label="Ignored" start-time="2024-06-19T14:46:08.7687480Z" end-time="2024-06-19T14:46:08.7687990Z" duration="0.000051" asserts="0" />
                <test-case id="1-1561" name="IsFillComplete(PlayersWorlds.Maps.Maze.BinaryTreeMazeGenerator,FullHeight,Auto,System.Collections.Generic.List`1[PlayersWorlds.Maps.Area])" fullname="PlayersWorlds.Maps.Maze.MazeGeneratorTest.IsFillComplete(PlayersWorlds.Maps.Maze.BinaryTreeMazeGenerator,FullHeight,Auto,System.Collections.Generic.List`1[PlayersWorlds.Maps.Area])" methodname="IsFillComplete" classname="PlayersWorlds.Maps.Maze.MazeGeneratorTest" runstate="Runnable" seed="1507788482" result="Skipped" label="Ignored" start-time="2024-06-19T14:46:08.7688040Z" end-time="2024-06-19T14:46:08.7688550Z" duration="0.000051" asserts="0" />
                <test-case id="1-1562" name="IsFillComplete(PlayersWorlds.Maps.Maze.BinaryTreeMazeGenerator,FullHeight,Auto,System.Collections.Generic.List`1[PlayersWorlds.Maps.Area])" fullname="PlayersWorlds.Maps.Maze.MazeGeneratorTest.IsFillComplete(PlayersWorlds.Maps.Maze.BinaryTreeMazeGenerator,FullHeight,Auto,System.Collections.Generic.List`1[PlayersWorlds.Maps.Area])" methodname="IsFillComplete" classname="PlayersWorlds.Maps.Maze.MazeGeneratorTest" runstate="Runnable" seed="1526248820" result="Skipped" label="Ignored" start-time="2024-06-19T14:46:08.7688600Z" end-time="2024-06-19T14:46:08.7689110Z" duration="0.000051" asserts="0" />
                <test-case id="1-1563" name="IsFillComplete(PlayersWorlds.Maps.Maze.BinaryTreeMazeGenerator,FullHeight,Manual,null)" fullname="PlayersWorlds.Maps.Maze.MazeGeneratorTest.IsFillComplete(PlayersWorlds.Maps.Maze.BinaryTreeMazeGenerator,FullHeight,Manual,null)" methodname="IsFillComplete" classname="PlayersWorlds.Maps.Maze.MazeGeneratorTest" runstate="Runnable" seed="1177732007" result="Skipped" label="Ignored" start-time="2024-06-19T14:46:08.7689160Z" end-time="2024-06-19T14:46:08.7689670Z" duration="0.000051" asserts="0" />
                <test-case id="1-1564" name="IsFillComplete(PlayersWorlds.Maps.Maze.BinaryTreeMazeGenerator,FullHeight,Manual,System.Collections.Generic.List`1[PlayersWorlds.Maps.Area])" fullname="PlayersWorlds.Maps.Maze.MazeGeneratorTest.IsFillComplete(PlayersWorlds.Maps.Maze.BinaryTreeMazeGenerator,FullHeight,Manual,System.Collections.Generic.List`1[PlayersWorlds.Maps.Area])" methodname="IsFillComplete" classname="PlayersWorlds.Maps.Maze.MazeGeneratorTest" runstate="Runnable" seed="10123116" result="Skipped" label="Ignored" start-time="2024-06-19T14:46:08.7689720Z" end-time="2024-06-19T14:46:08.7690230Z" duration="0.000051" asserts="0" />
                <test-case id="1-1565" name="IsFillComplete(PlayersWorlds.Maps.Maze.BinaryTreeMazeGenerator,FullHeight,Manual,System.Collections.Generic.List`1[PlayersWorlds.Maps.Area])" fullname="PlayersWorlds.Maps.Maze.MazeGeneratorTest.IsFillComplete(PlayersWorlds.Maps.Maze.BinaryTreeMazeGenerator,FullHeight,Manual,System.Collections.Generic.List`1[PlayersWorlds.Maps.Area])" methodname="IsFillComplete" classname="PlayersWorlds.Maps.Maze.MazeGeneratorTest" runstate="Runnable" seed="156600420" result="Skipped" label="Ignored" start-time="2024-06-19T14:46:08.7690290Z" end-time="2024-06-19T14:46:08.7690810Z" duration="0.000052" asserts="0" />
                <test-case id="1-1566" name="IsFillComplete(PlayersWorlds.Maps.Maze.BinaryTreeMazeGenerator,FullHeight,Manual,System.Collections.Generic.List`1[PlayersWorlds.Maps.Area])" fullname="PlayersWorlds.Maps.Maze.MazeGeneratorTest.IsFillComplete(PlayersWorlds.Maps.Maze.BinaryTreeMazeGenerator,FullHeight,Manual,System.Collections.Generic.List`1[PlayersWorlds.Maps.Area])" methodname="IsFillComplete" classname="PlayersWorlds.Maps.Maze.MazeGeneratorTest" runstate="Runnable" seed="1017132439" result="Skipped" label="Ignored" start-time="2024-06-19T14:46:08.7690860Z" end-time="2024-06-19T14:46:08.7691370Z" duration="0.000051" asserts="0" />
                <test-case id="1-1567" name="IsFillComplete(PlayersWorlds.Maps.Maze.BinaryTreeMazeGenerator,FullHeight,Manual,System.Collections.Generic.List`1[PlayersWorlds.Maps.Area])" fullname="PlayersWorlds.Maps.Maze.MazeGeneratorTest.IsFillComplete(PlayersWorlds.Maps.Maze.BinaryTreeMazeGenerator,FullHeight,Manual,System.Collections.Generic.List`1[PlayersWorlds.Maps.Area])" methodname="IsFillComplete" classname="PlayersWorlds.Maps.Maze.MazeGeneratorTest" runstate="Runnable" seed="1864040404" result="Skipped" label="Ignored" start-time="2024-06-19T14:46:08.7691420Z" end-time="2024-06-19T14:46:08.7691930Z" duration="0.000051" asserts="0" />
                <test-case id="1-1568" name="IsFillComplete(PlayersWorlds.Maps.Maze.BinaryTreeMazeGenerator,FullHeight,Manual,System.Collections.Generic.List`1[PlayersWorlds.Maps.Area])" fullname="PlayersWorlds.Maps.Maze.MazeGeneratorTest.IsFillComplete(PlayersWorlds.Maps.Maze.BinaryTreeMazeGenerator,FullHeight,Manual,System.Collections.Generic.List`1[PlayersWorlds.Maps.Area])" methodname="IsFillComplete" classname="PlayersWorlds.Maps.Maze.MazeGeneratorTest" runstate="Runnable" seed="1824527897" result="Skipped" label="Ignored" start-time="2024-06-19T14:46:08.7691980Z" end-time="2024-06-19T14:46:08.7692480Z" duration="0.000050" asserts="0" />
                <test-case id="1-1569" name="IsFillComplete(PlayersWorlds.Maps.Maze.BinaryTreeMazeGenerator,Full,Auto,null)" fullname="PlayersWorlds.Maps.Maze.MazeGeneratorTest.IsFillComplete(PlayersWorlds.Maps.Maze.BinaryTreeMazeGenerator,Full,Auto,null)" methodname="IsFillComplete" classname="PlayersWorlds.Maps.Maze.MazeGeneratorTest" runstate="Runnable" seed="556999795" result="Passed" start-time="2024-06-19T14:46:08.7692530Z" end-time="2024-06-19T14:46:08.7887180Z" duration="0.019465" asserts="5" />
                <test-case id="1-1570" name="IsFillComplete(PlayersWorlds.Maps.Maze.BinaryTreeMazeGenerator,Full,Auto,System.Collections.Generic.List`1[PlayersWorlds.Maps.Area])" fullname="PlayersWorlds.Maps.Maze.MazeGeneratorTest.IsFillComplete(PlayersWorlds.Maps.Maze.BinaryTreeMazeGenerator,Full,Auto,System.Collections.Generic.List`1[PlayersWorlds.Maps.Area])" methodname="IsFillComplete" classname="PlayersWorlds.Maps.Maze.MazeGeneratorTest" runstate="Runnable" seed="901207878" result="Passed" start-time="2024-06-19T14:46:08.7887260Z" end-time="2024-06-19T14:46:08.8132550Z" duration="0.024529" asserts="5" />
                <test-case id="1-1571" name="IsFillComplete(PlayersWorlds.Maps.Maze.BinaryTreeMazeGenerator,Full,Auto,System.Collections.Generic.List`1[PlayersWorlds.Maps.Area])" fullname="PlayersWorlds.Maps.Maze.MazeGeneratorTest.IsFillComplete(PlayersWorlds.Maps.Maze.BinaryTreeMazeGenerator,Full,Auto,System.Collections.Generic.List`1[PlayersWorlds.Maps.Area])" methodname="IsFillComplete" classname="PlayersWorlds.Maps.Maze.MazeGeneratorTest" runstate="Runnable" seed="1811463520" result="Passed" start-time="2024-06-19T14:46:08.8132650Z" end-time="2024-06-19T14:46:08.8494670Z" duration="0.036202" asserts="5" />
                <test-case id="1-1572" name="IsFillComplete(PlayersWorlds.Maps.Maze.BinaryTreeMazeGenerator,Full,Auto,System.Collections.Generic.List`1[PlayersWorlds.Maps.Area])" fullname="PlayersWorlds.Maps.Maze.MazeGeneratorTest.IsFillComplete(PlayersWorlds.Maps.Maze.BinaryTreeMazeGenerator,Full,Auto,System.Collections.Generic.List`1[PlayersWorlds.Maps.Area])" methodname="IsFillComplete" classname="PlayersWorlds.Maps.Maze.MazeGeneratorTest" runstate="Runnable" seed="2081004090" result="Passed" start-time="2024-06-19T14:46:08.8494770Z" end-time="2024-06-19T14:46:08.8866100Z" duration="0.037133" asserts="5" />
                <test-case id="1-1573" name="IsFillComplete(PlayersWorlds.Maps.Maze.BinaryTreeMazeGenerator,Full,Auto,System.Collections.Generic.List`1[PlayersWorlds.Maps.Area])" fullname="PlayersWorlds.Maps.Maze.MazeGeneratorTest.IsFillComplete(PlayersWorlds.Maps.Maze.BinaryTreeMazeGenerator,Full,Auto,System.Collections.Generic.List`1[PlayersWorlds.Maps.Area])" methodname="IsFillComplete" classname="PlayersWorlds.Maps.Maze.MazeGeneratorTest" runstate="Runnable" seed="866670892" result="Passed" start-time="2024-06-19T14:46:08.8866270Z" end-time="2024-06-19T14:46:08.9109830Z" duration="0.024357" asserts="5" />
                <test-case id="1-1574" name="IsFillComplete(PlayersWorlds.Maps.Maze.BinaryTreeMazeGenerator,Full,Auto,System.Collections.Generic.List`1[PlayersWorlds.Maps.Area])" fullname="PlayersWorlds.Maps.Maze.MazeGeneratorTest.IsFillComplete(PlayersWorlds.Maps.Maze.BinaryTreeMazeGenerator,Full,Auto,System.Collections.Generic.List`1[PlayersWorlds.Maps.Area])" methodname="IsFillComplete" classname="PlayersWorlds.Maps.Maze.MazeGeneratorTest" runstate="Runnable" seed="1953477430" result="Passed" start-time="2024-06-19T14:46:08.9109940Z" end-time="2024-06-19T14:46:08.9547510Z" duration="0.043757" asserts="5" />
                <test-case id="1-1575" name="IsFillComplete(PlayersWorlds.Maps.Maze.BinaryTreeMazeGenerator,Full,Manual,null)" fullname="PlayersWorlds.Maps.Maze.MazeGeneratorTest.IsFillComplete(PlayersWorlds.Maps.Maze.BinaryTreeMazeGenerator,Full,Manual,null)" methodname="IsFillComplete" classname="PlayersWorlds.Maps.Maze.MazeGeneratorTest" runstate="Runnable" seed="1245906184" result="Passed" start-time="2024-06-19T14:46:08.9547620Z" end-time="2024-06-19T14:46:08.9628570Z" duration="0.008096" asserts="5" />
                <test-case id="1-1576" name="IsFillComplete(PlayersWorlds.Maps.Maze.BinaryTreeMazeGenerator,Full,Manual,System.Collections.Generic.List`1[PlayersWorlds.Maps.Area])" fullname="PlayersWorlds.Maps.Maze.MazeGeneratorTest.IsFillComplete(PlayersWorlds.Maps.Maze.BinaryTreeMazeGenerator,Full,Manual,System.Collections.Generic.List`1[PlayersWorlds.Maps.Area])" methodname="IsFillComplete" classname="PlayersWorlds.Maps.Maze.MazeGeneratorTest" runstate="Runnable" seed="560499080" result="Passed" start-time="2024-06-19T14:46:08.9628670Z" end-time="2024-06-19T14:46:08.9702190Z" duration="0.007352" asserts="5" />
                <test-case id="1-1577" name="IsFillComplete(PlayersWorlds.Maps.Maze.BinaryTreeMazeGenerator,Full,Manual,System.Collections.Generic.List`1[PlayersWorlds.Maps.Area])" fullname="PlayersWorlds.Maps.Maze.MazeGeneratorTest.IsFillComplete(PlayersWorlds.Maps.Maze.BinaryTreeMazeGenerator,Full,Manual,System.Collections.Generic.List`1[PlayersWorlds.Maps.Area])" methodname="IsFillComplete" classname="PlayersWorlds.Maps.Maze.MazeGeneratorTest" runstate="Runnable" seed="353664181" result="Passed" start-time="2024-06-19T14:46:08.9702290Z" end-time="2024-06-19T14:46:08.9772990Z" duration="0.007070" asserts="5" />
                <test-case id="1-1578" name="IsFillComplete(PlayersWorlds.Maps.Maze.BinaryTreeMazeGenerator,Full,Manual,System.Collections.Generic.List`1[PlayersWorlds.Maps.Area])" fullname="PlayersWorlds.Maps.Maze.MazeGeneratorTest.IsFillComplete(PlayersWorlds.Maps.Maze.BinaryTreeMazeGenerator,Full,Manual,System.Collections.Generic.List`1[PlayersWorlds.Maps.Area])" methodname="IsFillComplete" classname="PlayersWorlds.Maps.Maze.MazeGeneratorTest" runstate="Runnable" seed="974323675" result="Passed" start-time="2024-06-19T14:46:08.9773100Z" end-time="2024-06-19T14:46:08.9849960Z" duration="0.007686" asserts="5" />
                <test-case id="1-1579" name="IsFillComplete(PlayersWorlds.Maps.Maze.BinaryTreeMazeGenerator,Full,Manual,System.Collections.Generic.List`1[PlayersWorlds.Maps.Area])" fullname="PlayersWorlds.Maps.Maze.MazeGeneratorTest.IsFillComplete(PlayersWorlds.Maps.Maze.BinaryTreeMazeGenerator,Full,Manual,System.Collections.Generic.List`1[PlayersWorlds.Maps.Area])" methodname="IsFillComplete" classname="PlayersWorlds.Maps.Maze.MazeGeneratorTest" runstate="Runnable" seed="1958523136" result="Passed" start-time="2024-06-19T14:46:08.9850120Z" end-time="2024-06-19T14:46:08.9916510Z" duration="0.006638" asserts="5" />
                <test-case id="1-1580" name="IsFillComplete(PlayersWorlds.Maps.Maze.BinaryTreeMazeGenerator,Full,Manual,System.Collections.Generic.List`1[PlayersWorlds.Maps.Area])" fullname="PlayersWorlds.Maps.Maze.MazeGeneratorTest.IsFillComplete(PlayersWorlds.Maps.Maze.BinaryTreeMazeGenerator,Full,Manual,System.Collections.Generic.List`1[PlayersWorlds.Maps.Area])" methodname="IsFillComplete" classname="PlayersWorlds.Maps.Maze.MazeGeneratorTest" runstate="Runnable" seed="417622664" result="Passed" start-time="2024-06-19T14:46:08.9916680Z" end-time="2024-06-19T14:46:08.9984160Z" duration="0.006748" asserts="5" />
                <test-case id="1-1581" name="IsFillComplete(PlayersWorlds.Maps.Maze.HuntAndKillMazeGenerator,Quarter,Auto,null)" fullname="PlayersWorlds.Maps.Maze.MazeGeneratorTest.IsFillComplete(PlayersWorlds.Maps.Maze.HuntAndKillMazeGenerator,Quarter,Auto,null)" methodname="IsFillComplete" classname="PlayersWorlds.Maps.Maze.MazeGeneratorTest" runstate="Runnable" seed="682007106" result="Passed" start-time="2024-06-19T14:46:08.9984270Z" end-time="2024-06-19T14:46:09.0092800Z" duration="0.010853" asserts="5" />
                <test-case id="1-1582" name="IsFillComplete(PlayersWorlds.Maps.Maze.HuntAndKillMazeGenerator,Quarter,Auto,System.Collections.Generic.List`1[PlayersWorlds.Maps.Area])" fullname="PlayersWorlds.Maps.Maze.MazeGeneratorTest.IsFillComplete(PlayersWorlds.Maps.Maze.HuntAndKillMazeGenerator,Quarter,Auto,System.Collections.Generic.List`1[PlayersWorlds.Maps.Area])" methodname="IsFillComplete" classname="PlayersWorlds.Maps.Maze.MazeGeneratorTest" runstate="Runnable" seed="104676140" result="Passed" start-time="2024-06-19T14:46:09.0092910Z" end-time="2024-06-19T14:46:09.0311650Z" duration="0.021875" asserts="5" />
                <test-case id="1-1583" name="IsFillComplete(PlayersWorlds.Maps.Maze.HuntAndKillMazeGenerator,Quarter,Auto,System.Collections.Generic.List`1[PlayersWorlds.Maps.Area])" fullname="PlayersWorlds.Maps.Maze.MazeGeneratorTest.IsFillComplete(PlayersWorlds.Maps.Maze.HuntAndKillMazeGenerator,Quarter,Auto,System.Collections.Generic.List`1[PlayersWorlds.Maps.Area])" methodname="IsFillComplete" classname="PlayersWorlds.Maps.Maze.MazeGeneratorTest" runstate="Runnable" seed="770592058" result="Passed" start-time="2024-06-19T14:46:09.0311760Z" end-time="2024-06-19T14:46:09.0625070Z" duration="0.031332" asserts="5" />
                <test-case id="1-1584" name="IsFillComplete(PlayersWorlds.Maps.Maze.HuntAndKillMazeGenerator,Quarter,Auto,System.Collections.Generic.List`1[PlayersWorlds.Maps.Area])" fullname="PlayersWorlds.Maps.Maze.MazeGeneratorTest.IsFillComplete(PlayersWorlds.Maps.Maze.HuntAndKillMazeGenerator,Quarter,Auto,System.Collections.Generic.List`1[PlayersWorlds.Maps.Area])" methodname="IsFillComplete" classname="PlayersWorlds.Maps.Maze.MazeGeneratorTest" runstate="Runnable" seed="1777850959" result="Passed" start-time="2024-06-19T14:46:09.0625190Z" end-time="2024-06-19T14:46:09.0868200Z" duration="0.024301" asserts="5" />
                <test-case id="1-1585" name="IsFillComplete(PlayersWorlds.Maps.Maze.HuntAndKillMazeGenerator,Quarter,Auto,System.Collections.Generic.List`1[PlayersWorlds.Maps.Area])" fullname="PlayersWorlds.Maps.Maze.MazeGeneratorTest.IsFillComplete(PlayersWorlds.Maps.Maze.HuntAndKillMazeGenerator,Quarter,Auto,System.Collections.Generic.List`1[PlayersWorlds.Maps.Area])" methodname="IsFillComplete" classname="PlayersWorlds.Maps.Maze.MazeGeneratorTest" runstate="Runnable" seed="1787275432" result="Passed" start-time="2024-06-19T14:46:09.0868310Z" end-time="2024-06-19T14:46:09.1298600Z" duration="0.043028" asserts="5" />
                <test-case id="1-1586" name="IsFillComplete(PlayersWorlds.Maps.Maze.HuntAndKillMazeGenerator,Quarter,Auto,System.Collections.Generic.List`1[PlayersWorlds.Maps.Area])" fullname="PlayersWorlds.Maps.Maze.MazeGeneratorTest.IsFillComplete(PlayersWorlds.Maps.Maze.HuntAndKillMazeGenerator,Quarter,Auto,System.Collections.Generic.List`1[PlayersWorlds.Maps.Area])" methodname="IsFillComplete" classname="PlayersWorlds.Maps.Maze.MazeGeneratorTest" runstate="Runnable" seed="887701965" result="Passed" start-time="2024-06-19T14:46:09.1298700Z" end-time="2024-06-19T14:46:09.1519170Z" duration="0.022047" asserts="5" />
                <test-case id="1-1587" name="IsFillComplete(PlayersWorlds.Maps.Maze.HuntAndKillMazeGenerator,Quarter,Manual,null)" fullname="PlayersWorlds.Maps.Maze.MazeGeneratorTest.IsFillComplete(PlayersWorlds.Maps.Maze.HuntAndKillMazeGenerator,Quarter,Manual,null)" methodname="IsFillComplete" classname="PlayersWorlds.Maps.Maze.MazeGeneratorTest" runstate="Runnable" seed="3642071" result="Passed" start-time="2024-06-19T14:46:09.1519270Z" end-time="2024-06-19T14:46:09.1581110Z" duration="0.006183" asserts="5" />
                <test-case id="1-1588" name="IsFillComplete(PlayersWorlds.Maps.Maze.HuntAndKillMazeGenerator,Quarter,Manual,System.Collections.Generic.List`1[PlayersWorlds.Maps.Area])" fullname="PlayersWorlds.Maps.Maze.MazeGeneratorTest.IsFillComplete(PlayersWorlds.Maps.Maze.HuntAndKillMazeGenerator,Quarter,Manual,System.Collections.Generic.List`1[PlayersWorlds.Maps.Area])" methodname="IsFillComplete" classname="PlayersWorlds.Maps.Maze.MazeGeneratorTest" runstate="Runnable" seed="1730819665" result="Passed" start-time="2024-06-19T14:46:09.1581210Z" end-time="2024-06-19T14:46:09.1639970Z" duration="0.005876" asserts="5" />
                <test-case id="1-1589" name="IsFillComplete(PlayersWorlds.Maps.Maze.HuntAndKillMazeGenerator,Quarter,Manual,System.Collections.Generic.List`1[PlayersWorlds.Maps.Area])" fullname="PlayersWorlds.Maps.Maze.MazeGeneratorTest.IsFillComplete(PlayersWorlds.Maps.Maze.HuntAndKillMazeGenerator,Quarter,Manual,System.Collections.Generic.List`1[PlayersWorlds.Maps.Area])" methodname="IsFillComplete" classname="PlayersWorlds.Maps.Maze.MazeGeneratorTest" runstate="Runnable" seed="25273232" result="Passed" start-time="2024-06-19T14:46:09.1640070Z" end-time="2024-06-19T14:46:09.1695990Z" duration="0.005592" asserts="5" />
                <test-case id="1-1590" name="IsFillComplete(PlayersWorlds.Maps.Maze.HuntAndKillMazeGenerator,Quarter,Manual,System.Collections.Generic.List`1[PlayersWorlds.Maps.Area])" fullname="PlayersWorlds.Maps.Maze.MazeGeneratorTest.IsFillComplete(PlayersWorlds.Maps.Maze.HuntAndKillMazeGenerator,Quarter,Manual,System.Collections.Generic.List`1[PlayersWorlds.Maps.Area])" methodname="IsFillComplete" classname="PlayersWorlds.Maps.Maze.MazeGeneratorTest" runstate="Runnable" seed="1848553540" result="Passed" start-time="2024-06-19T14:46:09.1696090Z" end-time="2024-06-19T14:46:09.1753350Z" duration="0.005726" asserts="5" />
                <test-case id="1-1591" name="IsFillComplete(PlayersWorlds.Maps.Maze.HuntAndKillMazeGenerator,Quarter,Manual,System.Collections.Generic.List`1[PlayersWorlds.Maps.Area])" fullname="PlayersWorlds.Maps.Maze.MazeGeneratorTest.IsFillComplete(PlayersWorlds.Maps.Maze.HuntAndKillMazeGenerator,Quarter,Manual,System.Collections.Generic.List`1[PlayersWorlds.Maps.Area])" methodname="IsFillComplete" classname="PlayersWorlds.Maps.Maze.MazeGeneratorTest" runstate="Runnable" seed="1102702462" result="Passed" start-time="2024-06-19T14:46:09.1753460Z" end-time="2024-06-19T14:46:09.1808610Z" duration="0.005515" asserts="5" />
                <test-case id="1-1592" name="IsFillComplete(PlayersWorlds.Maps.Maze.HuntAndKillMazeGenerator,Quarter,Manual,System.Collections.Generic.List`1[PlayersWorlds.Maps.Area])" fullname="PlayersWorlds.Maps.Maze.MazeGeneratorTest.IsFillComplete(PlayersWorlds.Maps.Maze.HuntAndKillMazeGenerator,Quarter,Manual,System.Collections.Generic.List`1[PlayersWorlds.Maps.Area])" methodname="IsFillComplete" classname="PlayersWorlds.Maps.Maze.MazeGeneratorTest" runstate="Runnable" seed="1483503001" result="Passed" start-time="2024-06-19T14:46:09.1808710Z" end-time="2024-06-19T14:46:09.1863870Z" duration="0.005516" asserts="5" />
                <test-case id="1-1593" name="IsFillComplete(PlayersWorlds.Maps.Maze.HuntAndKillMazeGenerator,Half,Auto,null)" fullname="PlayersWorlds.Maps.Maze.MazeGeneratorTest.IsFillComplete(PlayersWorlds.Maps.Maze.HuntAndKillMazeGenerator,Half,Auto,null)" methodname="IsFillComplete" classname="PlayersWorlds.Maps.Maze.MazeGeneratorTest" runstate="Runnable" seed="213328511" result="Passed" start-time="2024-06-19T14:46:09.1863970Z" end-time="2024-06-19T14:46:09.2148590Z" duration="0.028462" asserts="5" />
                <test-case id="1-1594" name="IsFillComplete(PlayersWorlds.Maps.Maze.HuntAndKillMazeGenerator,Half,Auto,System.Collections.Generic.List`1[PlayersWorlds.Maps.Area])" fullname="PlayersWorlds.Maps.Maze.MazeGeneratorTest.IsFillComplete(PlayersWorlds.Maps.Maze.HuntAndKillMazeGenerator,Half,Auto,System.Collections.Generic.List`1[PlayersWorlds.Maps.Area])" methodname="IsFillComplete" classname="PlayersWorlds.Maps.Maze.MazeGeneratorTest" runstate="Runnable" seed="1314672639" result="Passed" start-time="2024-06-19T14:46:09.2148780Z" end-time="2024-06-19T14:46:09.2340430Z" duration="0.019165" asserts="5" />
                <test-case id="1-1595" name="IsFillComplete(PlayersWorlds.Maps.Maze.HuntAndKillMazeGenerator,Half,Auto,System.Collections.Generic.List`1[PlayersWorlds.Maps.Area])" fullname="PlayersWorlds.Maps.Maze.MazeGeneratorTest.IsFillComplete(PlayersWorlds.Maps.Maze.HuntAndKillMazeGenerator,Half,Auto,System.Collections.Generic.List`1[PlayersWorlds.Maps.Area])" methodname="IsFillComplete" classname="PlayersWorlds.Maps.Maze.MazeGeneratorTest" runstate="Runnable" seed="694352433" result="Passed" start-time="2024-06-19T14:46:09.2340530Z" end-time="2024-06-19T14:46:09.2626010Z" duration="0.028548" asserts="5" />
                <test-case id="1-1596" name="IsFillComplete(PlayersWorlds.Maps.Maze.HuntAndKillMazeGenerator,Half,Auto,System.Collections.Generic.List`1[PlayersWorlds.Maps.Area])" fullname="PlayersWorlds.Maps.Maze.MazeGeneratorTest.IsFillComplete(PlayersWorlds.Maps.Maze.HuntAndKillMazeGenerator,Half,Auto,System.Collections.Generic.List`1[PlayersWorlds.Maps.Area])" methodname="IsFillComplete" classname="PlayersWorlds.Maps.Maze.MazeGeneratorTest" runstate="Runnable" seed="2131231315" result="Passed" start-time="2024-06-19T14:46:09.2626110Z" end-time="2024-06-19T14:46:09.2799360Z" duration="0.017325" asserts="5" />
                <test-case id="1-1597" name="IsFillComplete(PlayersWorlds.Maps.Maze.HuntAndKillMazeGenerator,Half,Auto,System.Collections.Generic.List`1[PlayersWorlds.Maps.Area])" fullname="PlayersWorlds.Maps.Maze.MazeGeneratorTest.IsFillComplete(PlayersWorlds.Maps.Maze.HuntAndKillMazeGenerator,Half,Auto,System.Collections.Generic.List`1[PlayersWorlds.Maps.Area])" methodname="IsFillComplete" classname="PlayersWorlds.Maps.Maze.MazeGeneratorTest" runstate="Runnable" seed="1525837092" result="Passed" start-time="2024-06-19T14:46:09.2799460Z" end-time="2024-06-19T14:46:09.3036460Z" duration="0.023700" asserts="5" />
                <test-case id="1-1598" name="IsFillComplete(PlayersWorlds.Maps.Maze.HuntAndKillMazeGenerator,Half,Auto,System.Collections.Generic.List`1[PlayersWorlds.Maps.Area])" fullname="PlayersWorlds.Maps.Maze.MazeGeneratorTest.IsFillComplete(PlayersWorlds.Maps.Maze.HuntAndKillMazeGenerator,Half,Auto,System.Collections.Generic.List`1[PlayersWorlds.Maps.Area])" methodname="IsFillComplete" classname="PlayersWorlds.Maps.Maze.MazeGeneratorTest" runstate="Runnable" seed="480796587" result="Passed" start-time="2024-06-19T14:46:09.3036570Z" end-time="2024-06-19T14:46:09.3255820Z" duration="0.021925" asserts="5" />
                <test-case id="1-1599" name="IsFillComplete(PlayersWorlds.Maps.Maze.HuntAndKillMazeGenerator,Half,Manual,null)" fullname="PlayersWorlds.Maps.Maze.MazeGeneratorTest.IsFillComplete(PlayersWorlds.Maps.Maze.HuntAndKillMazeGenerator,Half,Manual,null)" methodname="IsFillComplete" classname="PlayersWorlds.Maps.Maze.MazeGeneratorTest" runstate="Runnable" seed="580168996" result="Passed" start-time="2024-06-19T14:46:09.3255930Z" end-time="2024-06-19T14:46:09.3322740Z" duration="0.006681" asserts="5" />
                <test-case id="1-1600" name="IsFillComplete(PlayersWorlds.Maps.Maze.HuntAndKillMazeGenerator,Half,Manual,System.Collections.Generic.List`1[PlayersWorlds.Maps.Area])" fullname="PlayersWorlds.Maps.Maze.MazeGeneratorTest.IsFillComplete(PlayersWorlds.Maps.Maze.HuntAndKillMazeGenerator,Half,Manual,System.Collections.Generic.List`1[PlayersWorlds.Maps.Area])" methodname="IsFillComplete" classname="PlayersWorlds.Maps.Maze.MazeGeneratorTest" runstate="Runnable" seed="1260515936" result="Passed" start-time="2024-06-19T14:46:09.3322840Z" end-time="2024-06-19T14:46:09.3388080Z" duration="0.006524" asserts="5" />
                <test-case id="1-1601" name="IsFillComplete(PlayersWorlds.Maps.Maze.HuntAndKillMazeGenerator,Half,Manual,System.Collections.Generic.List`1[PlayersWorlds.Maps.Area])" fullname="PlayersWorlds.Maps.Maze.MazeGeneratorTest.IsFillComplete(PlayersWorlds.Maps.Maze.HuntAndKillMazeGenerator,Half,Manual,System.Collections.Generic.List`1[PlayersWorlds.Maps.Area])" methodname="IsFillComplete" classname="PlayersWorlds.Maps.Maze.MazeGeneratorTest" runstate="Runnable" seed="1671974356" result="Passed" start-time="2024-06-19T14:46:09.3388180Z" end-time="2024-06-19T14:46:09.3446980Z" duration="0.005880" asserts="5" />
                <test-case id="1-1602" name="IsFillComplete(PlayersWorlds.Maps.Maze.HuntAndKillMazeGenerator,Half,Manual,System.Collections.Generic.List`1[PlayersWorlds.Maps.Area])" fullname="PlayersWorlds.Maps.Maze.MazeGeneratorTest.IsFillComplete(PlayersWorlds.Maps.Maze.HuntAndKillMazeGenerator,Half,Manual,System.Collections.Generic.List`1[PlayersWorlds.Maps.Area])" methodname="IsFillComplete" classname="PlayersWorlds.Maps.Maze.MazeGeneratorTest" runstate="Runnable" seed="1628656746" result="Passed" start-time="2024-06-19T14:46:09.3447080Z" end-time="2024-06-19T14:46:09.3506590Z" duration="0.005951" asserts="5" />
                <test-case id="1-1603" name="IsFillComplete(PlayersWorlds.Maps.Maze.HuntAndKillMazeGenerator,Half,Manual,System.Collections.Generic.List`1[PlayersWorlds.Maps.Area])" fullname="PlayersWorlds.Maps.Maze.MazeGeneratorTest.IsFillComplete(PlayersWorlds.Maps.Maze.HuntAndKillMazeGenerator,Half,Manual,System.Collections.Generic.List`1[PlayersWorlds.Maps.Area])" methodname="IsFillComplete" classname="PlayersWorlds.Maps.Maze.MazeGeneratorTest" runstate="Runnable" seed="969968735" result="Passed" start-time="2024-06-19T14:46:09.3506680Z" end-time="2024-06-19T14:46:09.3563650Z" duration="0.005697" asserts="5" />
                <test-case id="1-1604" name="IsFillComplete(PlayersWorlds.Maps.Maze.HuntAndKillMazeGenerator,Half,Manual,System.Collections.Generic.List`1[PlayersWorlds.Maps.Area])" fullname="PlayersWorlds.Maps.Maze.MazeGeneratorTest.IsFillComplete(PlayersWorlds.Maps.Maze.HuntAndKillMazeGenerator,Half,Manual,System.Collections.Generic.List`1[PlayersWorlds.Maps.Area])" methodname="IsFillComplete" classname="PlayersWorlds.Maps.Maze.MazeGeneratorTest" runstate="Runnable" seed="809729020" result="Passed" start-time="2024-06-19T14:46:09.3563740Z" end-time="2024-06-19T14:46:09.3622770Z" duration="0.005902" asserts="5" />
                <test-case id="1-1605" name="IsFillComplete(PlayersWorlds.Maps.Maze.HuntAndKillMazeGenerator,ThreeQuarters,Auto,null)" fullname="PlayersWorlds.Maps.Maze.MazeGeneratorTest.IsFillComplete(PlayersWorlds.Maps.Maze.HuntAndKillMazeGenerator,ThreeQuarters,Auto,null)" methodname="IsFillComplete" classname="PlayersWorlds.Maps.Maze.MazeGeneratorTest" runstate="Runnable" seed="1504262130" result="Passed" start-time="2024-06-19T14:46:09.3622860Z" end-time="2024-06-19T14:46:09.3811380Z" duration="0.018852" asserts="5" />
                <test-case id="1-1606" name="IsFillComplete(PlayersWorlds.Maps.Maze.HuntAndKillMazeGenerator,ThreeQuarters,Auto,System.Collections.Generic.List`1[PlayersWorlds.Maps.Area])" fullname="PlayersWorlds.Maps.Maze.MazeGeneratorTest.IsFillComplete(PlayersWorlds.Maps.Maze.HuntAndKillMazeGenerator,ThreeQuarters,Auto,System.Collections.Generic.List`1[PlayersWorlds.Maps.Area])" methodname="IsFillComplete" classname="PlayersWorlds.Maps.Maze.MazeGeneratorTest" runstate="Runnable" seed="1091672481" result="Passed" start-time="2024-06-19T14:46:09.3811480Z" end-time="2024-06-19T14:46:09.4001960Z" duration="0.019047" asserts="5" />
                <test-case id="1-1607" name="IsFillComplete(PlayersWorlds.Maps.Maze.HuntAndKillMazeGenerator,ThreeQuarters,Auto,System.Collections.Generic.List`1[PlayersWorlds.Maps.Area])" fullname="PlayersWorlds.Maps.Maze.MazeGeneratorTest.IsFillComplete(PlayersWorlds.Maps.Maze.HuntAndKillMazeGenerator,ThreeQuarters,Auto,System.Collections.Generic.List`1[PlayersWorlds.Maps.Area])" methodname="IsFillComplete" classname="PlayersWorlds.Maps.Maze.MazeGeneratorTest" runstate="Runnable" seed="2131526970" result="Passed" start-time="2024-06-19T14:46:09.4002130Z" end-time="2024-06-19T14:46:09.4256830Z" duration="0.025470" asserts="5" />
                <test-case id="1-1608" name="IsFillComplete(PlayersWorlds.Maps.Maze.HuntAndKillMazeGenerator,ThreeQuarters,Auto,System.Collections.Generic.List`1[PlayersWorlds.Maps.Area])" fullname="PlayersWorlds.Maps.Maze.MazeGeneratorTest.IsFillComplete(PlayersWorlds.Maps.Maze.HuntAndKillMazeGenerator,ThreeQuarters,Auto,System.Collections.Generic.List`1[PlayersWorlds.Maps.Area])" methodname="IsFillComplete" classname="PlayersWorlds.Maps.Maze.MazeGeneratorTest" runstate="Runnable" seed="1353543294" result="Passed" start-time="2024-06-19T14:46:09.4256930Z" end-time="2024-06-19T14:46:09.4451450Z" duration="0.019451" asserts="5" />
                <test-case id="1-1609" name="IsFillComplete(PlayersWorlds.Maps.Maze.HuntAndKillMazeGenerator,ThreeQuarters,Auto,System.Collections.Generic.List`1[PlayersWorlds.Maps.Area])" fullname="PlayersWorlds.Maps.Maze.MazeGeneratorTest.IsFillComplete(PlayersWorlds.Maps.Maze.HuntAndKillMazeGenerator,ThreeQuarters,Auto,System.Collections.Generic.List`1[PlayersWorlds.Maps.Area])" methodname="IsFillComplete" classname="PlayersWorlds.Maps.Maze.MazeGeneratorTest" runstate="Runnable" seed="400808020" result="Passed" start-time="2024-06-19T14:46:09.4451630Z" end-time="2024-06-19T14:46:09.4809310Z" duration="0.035768" asserts="5" />
                <test-case id="1-1610" name="IsFillComplete(PlayersWorlds.Maps.Maze.HuntAndKillMazeGenerator,ThreeQuarters,Auto,System.Collections.Generic.List`1[PlayersWorlds.Maps.Area])" fullname="PlayersWorlds.Maps.Maze.MazeGeneratorTest.IsFillComplete(PlayersWorlds.Maps.Maze.HuntAndKillMazeGenerator,ThreeQuarters,Auto,System.Collections.Generic.List`1[PlayersWorlds.Maps.Area])" methodname="IsFillComplete" classname="PlayersWorlds.Maps.Maze.MazeGeneratorTest" runstate="Runnable" seed="583306012" result="Passed" start-time="2024-06-19T14:46:09.4809410Z" end-time="2024-06-19T14:46:09.5049660Z" duration="0.024025" asserts="5" />
                <test-case id="1-1611" name="IsFillComplete(PlayersWorlds.Maps.Maze.HuntAndKillMazeGenerator,ThreeQuarters,Manual,null)" fullname="PlayersWorlds.Maps.Maze.MazeGeneratorTest.IsFillComplete(PlayersWorlds.Maps.Maze.HuntAndKillMazeGenerator,ThreeQuarters,Manual,null)" methodname="IsFillComplete" classname="PlayersWorlds.Maps.Maze.MazeGeneratorTest" runstate="Runnable" seed="290788362" result="Passed" start-time="2024-06-19T14:46:09.5049760Z" end-time="2024-06-19T14:46:09.5120050Z" duration="0.007029" asserts="5" />
                <test-case id="1-1612" name="IsFillComplete(PlayersWorlds.Maps.Maze.HuntAndKillMazeGenerator,ThreeQuarters,Manual,System.Collections.Generic.List`1[PlayersWorlds.Maps.Area])" fullname="PlayersWorlds.Maps.Maze.MazeGeneratorTest.IsFillComplete(PlayersWorlds.Maps.Maze.HuntAndKillMazeGenerator,ThreeQuarters,Manual,System.Collections.Generic.List`1[PlayersWorlds.Maps.Area])" methodname="IsFillComplete" classname="PlayersWorlds.Maps.Maze.MazeGeneratorTest" runstate="Runnable" seed="262324538" result="Passed" start-time="2024-06-19T14:46:09.5120150Z" end-time="2024-06-19T14:46:09.5190730Z" duration="0.007058" asserts="5" />
                <test-case id="1-1613" name="IsFillComplete(PlayersWorlds.Maps.Maze.HuntAndKillMazeGenerator,ThreeQuarters,Manual,System.Collections.Generic.List`1[PlayersWorlds.Maps.Area])" fullname="PlayersWorlds.Maps.Maze.MazeGeneratorTest.IsFillComplete(PlayersWorlds.Maps.Maze.HuntAndKillMazeGenerator,ThreeQuarters,Manual,System.Collections.Generic.List`1[PlayersWorlds.Maps.Area])" methodname="IsFillComplete" classname="PlayersWorlds.Maps.Maze.MazeGeneratorTest" runstate="Runnable" seed="831161498" result="Passed" start-time="2024-06-19T14:46:09.5190830Z" end-time="2024-06-19T14:46:09.5257560Z" duration="0.006673" asserts="5" />
                <test-case id="1-1614" name="IsFillComplete(PlayersWorlds.Maps.Maze.HuntAndKillMazeGenerator,ThreeQuarters,Manual,System.Collections.Generic.List`1[PlayersWorlds.Maps.Area])" fullname="PlayersWorlds.Maps.Maze.MazeGeneratorTest.IsFillComplete(PlayersWorlds.Maps.Maze.HuntAndKillMazeGenerator,ThreeQuarters,Manual,System.Collections.Generic.List`1[PlayersWorlds.Maps.Area])" methodname="IsFillComplete" classname="PlayersWorlds.Maps.Maze.MazeGeneratorTest" runstate="Runnable" seed="641034769" result="Passed" start-time="2024-06-19T14:46:09.5257660Z" end-time="2024-06-19T14:46:09.5331520Z" duration="0.007386" asserts="5" />
                <test-case id="1-1615" name="IsFillComplete(PlayersWorlds.Maps.Maze.HuntAndKillMazeGenerator,ThreeQuarters,Manual,System.Collections.Generic.List`1[PlayersWorlds.Maps.Area])" fullname="PlayersWorlds.Maps.Maze.MazeGeneratorTest.IsFillComplete(PlayersWorlds.Maps.Maze.HuntAndKillMazeGenerator,ThreeQuarters,Manual,System.Collections.Generic.List`1[PlayersWorlds.Maps.Area])" methodname="IsFillComplete" classname="PlayersWorlds.Maps.Maze.MazeGeneratorTest" runstate="Runnable" seed="1186799303" result="Passed" start-time="2024-06-19T14:46:09.5331620Z" end-time="2024-06-19T14:46:09.5398060Z" duration="0.006644" asserts="5" />
                <test-case id="1-1616" name="IsFillComplete(PlayersWorlds.Maps.Maze.HuntAndKillMazeGenerator,ThreeQuarters,Manual,System.Collections.Generic.List`1[PlayersWorlds.Maps.Area])" fullname="PlayersWorlds.Maps.Maze.MazeGeneratorTest.IsFillComplete(PlayersWorlds.Maps.Maze.HuntAndKillMazeGenerator,ThreeQuarters,Manual,System.Collections.Generic.List`1[PlayersWorlds.Maps.Area])" methodname="IsFillComplete" classname="PlayersWorlds.Maps.Maze.MazeGeneratorTest" runstate="Runnable" seed="1403112342" result="Passed" start-time="2024-06-19T14:46:09.5398160Z" end-time="2024-06-19T14:46:09.5462910Z" duration="0.006476" asserts="5" />
                <test-case id="1-1617" name="IsFillComplete(PlayersWorlds.Maps.Maze.HuntAndKillMazeGenerator,NinetyPercent,Auto,null)" fullname="PlayersWorlds.Maps.Maze.MazeGeneratorTest.IsFillComplete(PlayersWorlds.Maps.Maze.HuntAndKillMazeGenerator,NinetyPercent,Auto,null)" methodname="IsFillComplete" classname="PlayersWorlds.Maps.Maze.MazeGeneratorTest" runstate="Runnable" seed="755656762" result="Passed" start-time="2024-06-19T14:46:09.5463010Z" end-time="2024-06-19T14:46:09.5624790Z" duration="0.016178" asserts="5" />
                <test-case id="1-1618" name="IsFillComplete(PlayersWorlds.Maps.Maze.HuntAndKillMazeGenerator,NinetyPercent,Auto,System.Collections.Generic.List`1[PlayersWorlds.Maps.Area])" fullname="PlayersWorlds.Maps.Maze.MazeGeneratorTest.IsFillComplete(PlayersWorlds.Maps.Maze.HuntAndKillMazeGenerator,NinetyPercent,Auto,System.Collections.Generic.List`1[PlayersWorlds.Maps.Area])" methodname="IsFillComplete" classname="PlayersWorlds.Maps.Maze.MazeGeneratorTest" runstate="Runnable" seed="1547364695" result="Passed" start-time="2024-06-19T14:46:09.5624890Z" end-time="2024-06-19T14:46:09.5778650Z" duration="0.015376" asserts="5" />
                <test-case id="1-1619" name="IsFillComplete(PlayersWorlds.Maps.Maze.HuntAndKillMazeGenerator,NinetyPercent,Auto,System.Collections.Generic.List`1[PlayersWorlds.Maps.Area])" fullname="PlayersWorlds.Maps.Maze.MazeGeneratorTest.IsFillComplete(PlayersWorlds.Maps.Maze.HuntAndKillMazeGenerator,NinetyPercent,Auto,System.Collections.Generic.List`1[PlayersWorlds.Maps.Area])" methodname="IsFillComplete" classname="PlayersWorlds.Maps.Maze.MazeGeneratorTest" runstate="Runnable" seed="370331331" result="Passed" start-time="2024-06-19T14:46:09.5778820Z" end-time="2024-06-19T14:46:09.6022460Z" duration="0.024365" asserts="5" />
                <test-case id="1-1620" name="IsFillComplete(PlayersWorlds.Maps.Maze.HuntAndKillMazeGenerator,NinetyPercent,Auto,System.Collections.Generic.List`1[PlayersWorlds.Maps.Area])" fullname="PlayersWorlds.Maps.Maze.MazeGeneratorTest.IsFillComplete(PlayersWorlds.Maps.Maze.HuntAndKillMazeGenerator,NinetyPercent,Auto,System.Collections.Generic.List`1[PlayersWorlds.Maps.Area])" methodname="IsFillComplete" classname="PlayersWorlds.Maps.Maze.MazeGeneratorTest" runstate="Runnable" seed="1416382102" result="Passed" start-time="2024-06-19T14:46:09.6022570Z" end-time="2024-06-19T14:46:09.6260570Z" duration="0.023801" asserts="5" />
                <test-case id="1-1621" name="IsFillComplete(PlayersWorlds.Maps.Maze.HuntAndKillMazeGenerator,NinetyPercent,Auto,System.Collections.Generic.List`1[PlayersWorlds.Maps.Area])" fullname="PlayersWorlds.Maps.Maze.MazeGeneratorTest.IsFillComplete(PlayersWorlds.Maps.Maze.HuntAndKillMazeGenerator,NinetyPercent,Auto,System.Collections.Generic.List`1[PlayersWorlds.Maps.Area])" methodname="IsFillComplete" classname="PlayersWorlds.Maps.Maze.MazeGeneratorTest" runstate="Runnable" seed="1013490368" result="Passed" start-time="2024-06-19T14:46:09.6260680Z" end-time="2024-06-19T14:46:09.6554610Z" duration="0.029393" asserts="5" />
                <test-case id="1-1622" name="IsFillComplete(PlayersWorlds.Maps.Maze.HuntAndKillMazeGenerator,NinetyPercent,Auto,System.Collections.Generic.List`1[PlayersWorlds.Maps.Area])" fullname="PlayersWorlds.Maps.Maze.MazeGeneratorTest.IsFillComplete(PlayersWorlds.Maps.Maze.HuntAndKillMazeGenerator,NinetyPercent,Auto,System.Collections.Generic.List`1[PlayersWorlds.Maps.Area])" methodname="IsFillComplete" classname="PlayersWorlds.Maps.Maze.MazeGeneratorTest" runstate="Runnable" seed="133220739" result="Passed" start-time="2024-06-19T14:46:09.6554710Z" end-time="2024-06-19T14:46:09.6996350Z" duration="0.044164" asserts="5" />
                <test-case id="1-1623" name="IsFillComplete(PlayersWorlds.Maps.Maze.HuntAndKillMazeGenerator,NinetyPercent,Manual,null)" fullname="PlayersWorlds.Maps.Maze.MazeGeneratorTest.IsFillComplete(PlayersWorlds.Maps.Maze.HuntAndKillMazeGenerator,NinetyPercent,Manual,null)" methodname="IsFillComplete" classname="PlayersWorlds.Maps.Maze.MazeGeneratorTest" runstate="Runnable" seed="1799254665" result="Passed" start-time="2024-06-19T14:46:09.6996450Z" end-time="2024-06-19T14:46:09.7068560Z" duration="0.007211" asserts="5" />
                <test-case id="1-1624" name="IsFillComplete(PlayersWorlds.Maps.Maze.HuntAndKillMazeGenerator,NinetyPercent,Manual,System.Collections.Generic.List`1[PlayersWorlds.Maps.Area])" fullname="PlayersWorlds.Maps.Maze.MazeGeneratorTest.IsFillComplete(PlayersWorlds.Maps.Maze.HuntAndKillMazeGenerator,NinetyPercent,Manual,System.Collections.Generic.List`1[PlayersWorlds.Maps.Area])" methodname="IsFillComplete" classname="PlayersWorlds.Maps.Maze.MazeGeneratorTest" runstate="Runnable" seed="855929902" result="Passed" start-time="2024-06-19T14:46:09.7068660Z" end-time="2024-06-19T14:46:09.7141310Z" duration="0.007266" asserts="5" />
                <test-case id="1-1625" name="IsFillComplete(PlayersWorlds.Maps.Maze.HuntAndKillMazeGenerator,NinetyPercent,Manual,System.Collections.Generic.List`1[PlayersWorlds.Maps.Area])" fullname="PlayersWorlds.Maps.Maze.MazeGeneratorTest.IsFillComplete(PlayersWorlds.Maps.Maze.HuntAndKillMazeGenerator,NinetyPercent,Manual,System.Collections.Generic.List`1[PlayersWorlds.Maps.Area])" methodname="IsFillComplete" classname="PlayersWorlds.Maps.Maze.MazeGeneratorTest" runstate="Runnable" seed="1945989063" result="Passed" start-time="2024-06-19T14:46:09.7141410Z" end-time="2024-06-19T14:46:09.7214760Z" duration="0.007334" asserts="5" />
                <test-case id="1-1626" name="IsFillComplete(PlayersWorlds.Maps.Maze.HuntAndKillMazeGenerator,NinetyPercent,Manual,System.Collections.Generic.List`1[PlayersWorlds.Maps.Area])" fullname="PlayersWorlds.Maps.Maze.MazeGeneratorTest.IsFillComplete(PlayersWorlds.Maps.Maze.HuntAndKillMazeGenerator,NinetyPercent,Manual,System.Collections.Generic.List`1[PlayersWorlds.Maps.Area])" methodname="IsFillComplete" classname="PlayersWorlds.Maps.Maze.MazeGeneratorTest" runstate="Runnable" seed="327960519" result="Passed" start-time="2024-06-19T14:46:09.7214930Z" end-time="2024-06-19T14:46:09.7285580Z" duration="0.007066" asserts="5" />
                <test-case id="1-1627" name="IsFillComplete(PlayersWorlds.Maps.Maze.HuntAndKillMazeGenerator,NinetyPercent,Manual,System.Collections.Generic.List`1[PlayersWorlds.Maps.Area])" fullname="PlayersWorlds.Maps.Maze.MazeGeneratorTest.IsFillComplete(PlayersWorlds.Maps.Maze.HuntAndKillMazeGenerator,NinetyPercent,Manual,System.Collections.Generic.List`1[PlayersWorlds.Maps.Area])" methodname="IsFillComplete" classname="PlayersWorlds.Maps.Maze.MazeGeneratorTest" runstate="Runnable" seed="1867675579" result="Passed" start-time="2024-06-19T14:46:09.7285690Z" end-time="2024-06-19T14:46:09.7353230Z" duration="0.006754" asserts="5" />
                <test-case id="1-1628" name="IsFillComplete(PlayersWorlds.Maps.Maze.HuntAndKillMazeGenerator,NinetyPercent,Manual,System.Collections.Generic.List`1[PlayersWorlds.Maps.Area])" fullname="PlayersWorlds.Maps.Maze.MazeGeneratorTest.IsFillComplete(PlayersWorlds.Maps.Maze.HuntAndKillMazeGenerator,NinetyPercent,Manual,System.Collections.Generic.List`1[PlayersWorlds.Maps.Area])" methodname="IsFillComplete" classname="PlayersWorlds.Maps.Maze.MazeGeneratorTest" runstate="Runnable" seed="1699481900" result="Passed" start-time="2024-06-19T14:46:09.7353330Z" end-time="2024-06-19T14:46:09.7425590Z" duration="0.007226" asserts="5" />
                <test-case id="1-1629" name="IsFillComplete(PlayersWorlds.Maps.Maze.HuntAndKillMazeGenerator,FullWidth,Auto,null)" fullname="PlayersWorlds.Maps.Maze.MazeGeneratorTest.IsFillComplete(PlayersWorlds.Maps.Maze.HuntAndKillMazeGenerator,FullWidth,Auto,null)" methodname="IsFillComplete" classname="PlayersWorlds.Maps.Maze.MazeGeneratorTest" runstate="Runnable" seed="1259124997" result="Passed" start-time="2024-06-19T14:46:09.7425750Z" end-time="2024-06-19T14:46:09.7615300Z" duration="0.018955" asserts="5" />
                <test-case id="1-1630" name="IsFillComplete(PlayersWorlds.Maps.Maze.HuntAndKillMazeGenerator,FullWidth,Auto,System.Collections.Generic.List`1[PlayersWorlds.Maps.Area])" fullname="PlayersWorlds.Maps.Maze.MazeGeneratorTest.IsFillComplete(PlayersWorlds.Maps.Maze.HuntAndKillMazeGenerator,FullWidth,Auto,System.Collections.Generic.List`1[PlayersWorlds.Maps.Area])" methodname="IsFillComplete" classname="PlayersWorlds.Maps.Maze.MazeGeneratorTest" runstate="Runnable" seed="1262158516" result="Passed" start-time="2024-06-19T14:46:09.7615400Z" end-time="2024-06-19T14:46:09.7852120Z" duration="0.023672" asserts="5" />
                <test-case id="1-1631" name="IsFillComplete(PlayersWorlds.Maps.Maze.HuntAndKillMazeGenerator,FullWidth,Auto,System.Collections.Generic.List`1[PlayersWorlds.Maps.Area])" fullname="PlayersWorlds.Maps.Maze.MazeGeneratorTest.IsFillComplete(PlayersWorlds.Maps.Maze.HuntAndKillMazeGenerator,FullWidth,Auto,System.Collections.Generic.List`1[PlayersWorlds.Maps.Area])" methodname="IsFillComplete" classname="PlayersWorlds.Maps.Maze.MazeGeneratorTest" runstate="Runnable" seed="1182145635" result="Passed" start-time="2024-06-19T14:46:09.7852220Z" end-time="2024-06-19T14:46:09.8083530Z" duration="0.023131" asserts="5" />
                <test-case id="1-1632" name="IsFillComplete(PlayersWorlds.Maps.Maze.HuntAndKillMazeGenerator,FullWidth,Auto,System.Collections.Generic.List`1[PlayersWorlds.Maps.Area])" fullname="PlayersWorlds.Maps.Maze.MazeGeneratorTest.IsFillComplete(PlayersWorlds.Maps.Maze.HuntAndKillMazeGenerator,FullWidth,Auto,System.Collections.Generic.List`1[PlayersWorlds.Maps.Area])" methodname="IsFillComplete" classname="PlayersWorlds.Maps.Maze.MazeGeneratorTest" runstate="Runnable" seed="2020351241" result="Passed" start-time="2024-06-19T14:46:09.8083630Z" end-time="2024-06-19T14:46:09.8313350Z" duration="0.022972" asserts="5" />
                <test-case id="1-1633" name="IsFillComplete(PlayersWorlds.Maps.Maze.HuntAndKillMazeGenerator,FullWidth,Auto,System.Collections.Generic.List`1[PlayersWorlds.Maps.Area])" fullname="PlayersWorlds.Maps.Maze.MazeGeneratorTest.IsFillComplete(PlayersWorlds.Maps.Maze.HuntAndKillMazeGenerator,FullWidth,Auto,System.Collections.Generic.List`1[PlayersWorlds.Maps.Area])" methodname="IsFillComplete" classname="PlayersWorlds.Maps.Maze.MazeGeneratorTest" runstate="Runnable" seed="394154679" result="Passed" start-time="2024-06-19T14:46:09.8313530Z" end-time="2024-06-19T14:46:09.8666110Z" duration="0.035258" asserts="5" />
                <test-case id="1-1634" name="IsFillComplete(PlayersWorlds.Maps.Maze.HuntAndKillMazeGenerator,FullWidth,Auto,System.Collections.Generic.List`1[PlayersWorlds.Maps.Area])" fullname="PlayersWorlds.Maps.Maze.MazeGeneratorTest.IsFillComplete(PlayersWorlds.Maps.Maze.HuntAndKillMazeGenerator,FullWidth,Auto,System.Collections.Generic.List`1[PlayersWorlds.Maps.Area])" methodname="IsFillComplete" classname="PlayersWorlds.Maps.Maze.MazeGeneratorTest" runstate="Runnable" seed="698007200" result="Passed" start-time="2024-06-19T14:46:09.8666220Z" end-time="2024-06-19T14:46:09.8944350Z" duration="0.027813" asserts="5" />
                <test-case id="1-1635" name="IsFillComplete(PlayersWorlds.Maps.Maze.HuntAndKillMazeGenerator,FullWidth,Manual,null)" fullname="PlayersWorlds.Maps.Maze.MazeGeneratorTest.IsFillComplete(PlayersWorlds.Maps.Maze.HuntAndKillMazeGenerator,FullWidth,Manual,null)" methodname="IsFillComplete" classname="PlayersWorlds.Maps.Maze.MazeGeneratorTest" runstate="Runnable" seed="893131955" result="Passed" start-time="2024-06-19T14:46:09.8944460Z" end-time="2024-06-19T14:46:09.9017130Z" duration="0.007267" asserts="5" />
                <test-case id="1-1636" name="IsFillComplete(PlayersWorlds.Maps.Maze.HuntAndKillMazeGenerator,FullWidth,Manual,System.Collections.Generic.List`1[PlayersWorlds.Maps.Area])" fullname="PlayersWorlds.Maps.Maze.MazeGeneratorTest.IsFillComplete(PlayersWorlds.Maps.Maze.HuntAndKillMazeGenerator,FullWidth,Manual,System.Collections.Generic.List`1[PlayersWorlds.Maps.Area])" methodname="IsFillComplete" classname="PlayersWorlds.Maps.Maze.MazeGeneratorTest" runstate="Runnable" seed="1200834007" result="Passed" start-time="2024-06-19T14:46:09.9017230Z" end-time="2024-06-19T14:46:09.9087740Z" duration="0.007051" asserts="5" />
                <test-case id="1-1637" name="IsFillComplete(PlayersWorlds.Maps.Maze.HuntAndKillMazeGenerator,FullWidth,Manual,System.Collections.Generic.List`1[PlayersWorlds.Maps.Area])" fullname="PlayersWorlds.Maps.Maze.MazeGeneratorTest.IsFillComplete(PlayersWorlds.Maps.Maze.HuntAndKillMazeGenerator,FullWidth,Manual,System.Collections.Generic.List`1[PlayersWorlds.Maps.Area])" methodname="IsFillComplete" classname="PlayersWorlds.Maps.Maze.MazeGeneratorTest" runstate="Runnable" seed="1282191052" result="Passed" start-time="2024-06-19T14:46:09.9087840Z" end-time="2024-06-19T14:46:09.9150010Z" duration="0.006218" asserts="5" />
                <test-case id="1-1638" name="IsFillComplete(PlayersWorlds.Maps.Maze.HuntAndKillMazeGenerator,FullWidth,Manual,System.Collections.Generic.List`1[PlayersWorlds.Maps.Area])" fullname="PlayersWorlds.Maps.Maze.MazeGeneratorTest.IsFillComplete(PlayersWorlds.Maps.Maze.HuntAndKillMazeGenerator,FullWidth,Manual,System.Collections.Generic.List`1[PlayersWorlds.Maps.Area])" methodname="IsFillComplete" classname="PlayersWorlds.Maps.Maze.MazeGeneratorTest" runstate="Runnable" seed="2108346685" result="Passed" start-time="2024-06-19T14:46:09.9150130Z" end-time="2024-06-19T14:46:09.9209070Z" duration="0.005894" asserts="5" />
                <test-case id="1-1639" name="IsFillComplete(PlayersWorlds.Maps.Maze.HuntAndKillMazeGenerator,FullWidth,Manual,System.Collections.Generic.List`1[PlayersWorlds.Maps.Area])" fullname="PlayersWorlds.Maps.Maze.MazeGeneratorTest.IsFillComplete(PlayersWorlds.Maps.Maze.HuntAndKillMazeGenerator,FullWidth,Manual,System.Collections.Generic.List`1[PlayersWorlds.Maps.Area])" methodname="IsFillComplete" classname="PlayersWorlds.Maps.Maze.MazeGeneratorTest" runstate="Runnable" seed="273588829" result="Passed" start-time="2024-06-19T14:46:09.9209180Z" end-time="2024-06-19T14:46:09.9273100Z" duration="0.006392" asserts="5" />
                <test-case id="1-1640" name="IsFillComplete(PlayersWorlds.Maps.Maze.HuntAndKillMazeGenerator,FullWidth,Manual,System.Collections.Generic.List`1[PlayersWorlds.Maps.Area])" fullname="PlayersWorlds.Maps.Maze.MazeGeneratorTest.IsFillComplete(PlayersWorlds.Maps.Maze.HuntAndKillMazeGenerator,FullWidth,Manual,System.Collections.Generic.List`1[PlayersWorlds.Maps.Area])" methodname="IsFillComplete" classname="PlayersWorlds.Maps.Maze.MazeGeneratorTest" runstate="Runnable" seed="695602951" result="Passed" start-time="2024-06-19T14:46:09.9273270Z" end-time="2024-06-19T14:46:09.9328140Z" duration="0.005487" asserts="5" />
                <test-case id="1-1641" name="IsFillComplete(PlayersWorlds.Maps.Maze.HuntAndKillMazeGenerator,FullHeight,Auto,null)" fullname="PlayersWorlds.Maps.Maze.MazeGeneratorTest.IsFillComplete(PlayersWorlds.Maps.Maze.HuntAndKillMazeGenerator,FullHeight,Auto,null)" methodname="IsFillComplete" classname="PlayersWorlds.Maps.Maze.MazeGeneratorTest" runstate="Runnable" seed="903658642" result="Passed" start-time="2024-06-19T14:46:09.9328240Z" end-time="2024-06-19T14:46:09.9524820Z" duration="0.019658" asserts="5" />
                <test-case id="1-1642" name="IsFillComplete(PlayersWorlds.Maps.Maze.HuntAndKillMazeGenerator,FullHeight,Auto,System.Collections.Generic.List`1[PlayersWorlds.Maps.Area])" fullname="PlayersWorlds.Maps.Maze.MazeGeneratorTest.IsFillComplete(PlayersWorlds.Maps.Maze.HuntAndKillMazeGenerator,FullHeight,Auto,System.Collections.Generic.List`1[PlayersWorlds.Maps.Area])" methodname="IsFillComplete" classname="PlayersWorlds.Maps.Maze.MazeGeneratorTest" runstate="Runnable" seed="797582424" result="Passed" start-time="2024-06-19T14:46:09.9524920Z" end-time="2024-06-19T14:46:09.9762950Z" duration="0.023803" asserts="5" />
                <test-case id="1-1643" name="IsFillComplete(PlayersWorlds.Maps.Maze.HuntAndKillMazeGenerator,FullHeight,Auto,System.Collections.Generic.List`1[PlayersWorlds.Maps.Area])" fullname="PlayersWorlds.Maps.Maze.MazeGeneratorTest.IsFillComplete(PlayersWorlds.Maps.Maze.HuntAndKillMazeGenerator,FullHeight,Auto,System.Collections.Generic.List`1[PlayersWorlds.Maps.Area])" methodname="IsFillComplete" classname="PlayersWorlds.Maps.Maze.MazeGeneratorTest" runstate="Runnable" seed="1330011645" result="Passed" start-time="2024-06-19T14:46:09.9763050Z" end-time="2024-06-19T14:46:10.0184550Z" duration="0.042149" asserts="5" />
                <test-case id="1-1644" name="IsFillComplete(PlayersWorlds.Maps.Maze.HuntAndKillMazeGenerator,FullHeight,Auto,System.Collections.Generic.List`1[PlayersWorlds.Maps.Area])" fullname="PlayersWorlds.Maps.Maze.MazeGeneratorTest.IsFillComplete(PlayersWorlds.Maps.Maze.HuntAndKillMazeGenerator,FullHeight,Auto,System.Collections.Generic.List`1[PlayersWorlds.Maps.Area])" methodname="IsFillComplete" classname="PlayersWorlds.Maps.Maze.MazeGeneratorTest" runstate="Runnable" seed="1589450867" result="Passed" start-time="2024-06-19T14:46:10.0184650Z" end-time="2024-06-19T14:46:10.0536840Z" duration="0.035219" asserts="5" />
                <test-case id="1-1645" name="IsFillComplete(PlayersWorlds.Maps.Maze.HuntAndKillMazeGenerator,FullHeight,Auto,System.Collections.Generic.List`1[PlayersWorlds.Maps.Area])" fullname="PlayersWorlds.Maps.Maze.MazeGeneratorTest.IsFillComplete(PlayersWorlds.Maps.Maze.HuntAndKillMazeGenerator,FullHeight,Auto,System.Collections.Generic.List`1[PlayersWorlds.Maps.Area])" methodname="IsFillComplete" classname="PlayersWorlds.Maps.Maze.MazeGeneratorTest" runstate="Runnable" seed="1557765178" result="Passed" start-time="2024-06-19T14:46:10.0536940Z" end-time="2024-06-19T14:46:10.0892890Z" duration="0.035596" asserts="5" />
                <test-case id="1-1646" name="IsFillComplete(PlayersWorlds.Maps.Maze.HuntAndKillMazeGenerator,FullHeight,Auto,System.Collections.Generic.List`1[PlayersWorlds.Maps.Area])" fullname="PlayersWorlds.Maps.Maze.MazeGeneratorTest.IsFillComplete(PlayersWorlds.Maps.Maze.HuntAndKillMazeGenerator,FullHeight,Auto,System.Collections.Generic.List`1[PlayersWorlds.Maps.Area])" methodname="IsFillComplete" classname="PlayersWorlds.Maps.Maze.MazeGeneratorTest" runstate="Runnable" seed="840377924" result="Passed" start-time="2024-06-19T14:46:10.0892990Z" end-time="2024-06-19T14:46:10.1316900Z" duration="0.042392" asserts="5" />
                <test-case id="1-1647" name="IsFillComplete(PlayersWorlds.Maps.Maze.HuntAndKillMazeGenerator,FullHeight,Manual,null)" fullname="PlayersWorlds.Maps.Maze.MazeGeneratorTest.IsFillComplete(PlayersWorlds.Maps.Maze.HuntAndKillMazeGenerator,FullHeight,Manual,null)" methodname="IsFillComplete" classname="PlayersWorlds.Maps.Maze.MazeGeneratorTest" runstate="Runnable" seed="652341503" result="Passed" start-time="2024-06-19T14:46:10.1317090Z" end-time="2024-06-19T14:46:10.1377090Z" duration="0.006000" asserts="5" />
                <test-case id="1-1648" name="IsFillComplete(PlayersWorlds.Maps.Maze.HuntAndKillMazeGenerator,FullHeight,Manual,System.Collections.Generic.List`1[PlayersWorlds.Maps.Area])" fullname="PlayersWorlds.Maps.Maze.MazeGeneratorTest.IsFillComplete(PlayersWorlds.Maps.Maze.HuntAndKillMazeGenerator,FullHeight,Manual,System.Collections.Generic.List`1[PlayersWorlds.Maps.Area])" methodname="IsFillComplete" classname="PlayersWorlds.Maps.Maze.MazeGeneratorTest" runstate="Runnable" seed="1719777389" result="Passed" start-time="2024-06-19T14:46:10.1377190Z" end-time="2024-06-19T14:46:10.1437280Z" duration="0.006009" asserts="5" />
                <test-case id="1-1649" name="IsFillComplete(PlayersWorlds.Maps.Maze.HuntAndKillMazeGenerator,FullHeight,Manual,System.Collections.Generic.List`1[PlayersWorlds.Maps.Area])" fullname="PlayersWorlds.Maps.Maze.MazeGeneratorTest.IsFillComplete(PlayersWorlds.Maps.Maze.HuntAndKillMazeGenerator,FullHeight,Manual,System.Collections.Generic.List`1[PlayersWorlds.Maps.Area])" methodname="IsFillComplete" classname="PlayersWorlds.Maps.Maze.MazeGeneratorTest" runstate="Runnable" seed="127873336" result="Passed" start-time="2024-06-19T14:46:10.1437380Z" end-time="2024-06-19T14:46:10.1494430Z" duration="0.005705" asserts="5" />
                <test-case id="1-1650" name="IsFillComplete(PlayersWorlds.Maps.Maze.HuntAndKillMazeGenerator,FullHeight,Manual,System.Collections.Generic.List`1[PlayersWorlds.Maps.Area])" fullname="PlayersWorlds.Maps.Maze.MazeGeneratorTest.IsFillComplete(PlayersWorlds.Maps.Maze.HuntAndKillMazeGenerator,FullHeight,Manual,System.Collections.Generic.List`1[PlayersWorlds.Maps.Area])" methodname="IsFillComplete" classname="PlayersWorlds.Maps.Maze.MazeGeneratorTest" runstate="Runnable" seed="1438723738" result="Passed" start-time="2024-06-19T14:46:10.1494580Z" end-time="2024-06-19T14:46:10.1556420Z" duration="0.006184" asserts="5" />
                <test-case id="1-1651" name="IsFillComplete(PlayersWorlds.Maps.Maze.HuntAndKillMazeGenerator,FullHeight,Manual,System.Collections.Generic.List`1[PlayersWorlds.Maps.Area])" fullname="PlayersWorlds.Maps.Maze.MazeGeneratorTest.IsFillComplete(PlayersWorlds.Maps.Maze.HuntAndKillMazeGenerator,FullHeight,Manual,System.Collections.Generic.List`1[PlayersWorlds.Maps.Area])" methodname="IsFillComplete" classname="PlayersWorlds.Maps.Maze.MazeGeneratorTest" runstate="Runnable" seed="1375574553" result="Passed" start-time="2024-06-19T14:46:10.1556520Z" end-time="2024-06-19T14:46:10.1629440Z" duration="0.007293" asserts="5" />
                <test-case id="1-1652" name="IsFillComplete(PlayersWorlds.Maps.Maze.HuntAndKillMazeGenerator,FullHeight,Manual,System.Collections.Generic.List`1[PlayersWorlds.Maps.Area])" fullname="PlayersWorlds.Maps.Maze.MazeGeneratorTest.IsFillComplete(PlayersWorlds.Maps.Maze.HuntAndKillMazeGenerator,FullHeight,Manual,System.Collections.Generic.List`1[PlayersWorlds.Maps.Area])" methodname="IsFillComplete" classname="PlayersWorlds.Maps.Maze.MazeGeneratorTest" runstate="Runnable" seed="2125956044" result="Passed" start-time="2024-06-19T14:46:10.1629550Z" end-time="2024-06-19T14:46:10.1690640Z" duration="0.006110" asserts="5" />
                <test-case id="1-1653" name="IsFillComplete(PlayersWorlds.Maps.Maze.HuntAndKillMazeGenerator,Full,Auto,null)" fullname="PlayersWorlds.Maps.Maze.MazeGeneratorTest.IsFillComplete(PlayersWorlds.Maps.Maze.HuntAndKillMazeGenerator,Full,Auto,null)" methodname="IsFillComplete" classname="PlayersWorlds.Maps.Maze.MazeGeneratorTest" runstate="Runnable" seed="110465256" result="Passed" start-time="2024-06-19T14:46:10.1690740Z" end-time="2024-06-19T14:46:10.1925700Z" duration="0.023496" asserts="5" />
                <test-case id="1-1654" name="IsFillComplete(PlayersWorlds.Maps.Maze.HuntAndKillMazeGenerator,Full,Auto,System.Collections.Generic.List`1[PlayersWorlds.Maps.Area])" fullname="PlayersWorlds.Maps.Maze.MazeGeneratorTest.IsFillComplete(PlayersWorlds.Maps.Maze.HuntAndKillMazeGenerator,Full,Auto,System.Collections.Generic.List`1[PlayersWorlds.Maps.Area])" methodname="IsFillComplete" classname="PlayersWorlds.Maps.Maze.MazeGeneratorTest" runstate="Runnable" seed="1311270541" result="Passed" start-time="2024-06-19T14:46:10.1925800Z" end-time="2024-06-19T14:46:10.2294650Z" duration="0.036885" asserts="5" />
                <test-case id="1-1655" name="IsFillComplete(PlayersWorlds.Maps.Maze.HuntAndKillMazeGenerator,Full,Auto,System.Collections.Generic.List`1[PlayersWorlds.Maps.Area])" fullname="PlayersWorlds.Maps.Maze.MazeGeneratorTest.IsFillComplete(PlayersWorlds.Maps.Maze.HuntAndKillMazeGenerator,Full,Auto,System.Collections.Generic.List`1[PlayersWorlds.Maps.Area])" methodname="IsFillComplete" classname="PlayersWorlds.Maps.Maze.MazeGeneratorTest" runstate="Runnable" seed="247025568" result="Passed" start-time="2024-06-19T14:46:10.2294750Z" end-time="2024-06-19T14:46:10.2550230Z" duration="0.025547" asserts="5" />
                <test-case id="1-1656" name="IsFillComplete(PlayersWorlds.Maps.Maze.HuntAndKillMazeGenerator,Full,Auto,System.Collections.Generic.List`1[PlayersWorlds.Maps.Area])" fullname="PlayersWorlds.Maps.Maze.MazeGeneratorTest.IsFillComplete(PlayersWorlds.Maps.Maze.HuntAndKillMazeGenerator,Full,Auto,System.Collections.Generic.List`1[PlayersWorlds.Maps.Area])" methodname="IsFillComplete" classname="PlayersWorlds.Maps.Maze.MazeGeneratorTest" runstate="Runnable" seed="1538753617" result="Passed" start-time="2024-06-19T14:46:10.2550330Z" end-time="2024-06-19T14:46:10.2789620Z" duration="0.023929" asserts="5" />
                <test-case id="1-1657" name="IsFillComplete(PlayersWorlds.Maps.Maze.HuntAndKillMazeGenerator,Full,Auto,System.Collections.Generic.List`1[PlayersWorlds.Maps.Area])" fullname="PlayersWorlds.Maps.Maze.MazeGeneratorTest.IsFillComplete(PlayersWorlds.Maps.Maze.HuntAndKillMazeGenerator,Full,Auto,System.Collections.Generic.List`1[PlayersWorlds.Maps.Area])" methodname="IsFillComplete" classname="PlayersWorlds.Maps.Maze.MazeGeneratorTest" runstate="Runnable" seed="1976885728" result="Passed" start-time="2024-06-19T14:46:10.2789720Z" end-time="2024-06-19T14:46:10.3095250Z" duration="0.030553" asserts="5" />
                <test-case id="1-1658" name="IsFillComplete(PlayersWorlds.Maps.Maze.HuntAndKillMazeGenerator,Full,Auto,System.Collections.Generic.List`1[PlayersWorlds.Maps.Area])" fullname="PlayersWorlds.Maps.Maze.MazeGeneratorTest.IsFillComplete(PlayersWorlds.Maps.Maze.HuntAndKillMazeGenerator,Full,Auto,System.Collections.Generic.List`1[PlayersWorlds.Maps.Area])" methodname="IsFillComplete" classname="PlayersWorlds.Maps.Maze.MazeGeneratorTest" runstate="Runnable" seed="114038833" result="Passed" start-time="2024-06-19T14:46:10.3095350Z" end-time="2024-06-19T14:46:10.3389530Z" duration="0.029419" asserts="5" />
                <test-case id="1-1659" name="IsFillComplete(PlayersWorlds.Maps.Maze.HuntAndKillMazeGenerator,Full,Manual,null)" fullname="PlayersWorlds.Maps.Maze.MazeGeneratorTest.IsFillComplete(PlayersWorlds.Maps.Maze.HuntAndKillMazeGenerator,Full,Manual,null)" methodname="IsFillComplete" classname="PlayersWorlds.Maps.Maze.MazeGeneratorTest" runstate="Runnable" seed="1011223604" result="Passed" start-time="2024-06-19T14:46:10.3389640Z" end-time="2024-06-19T14:46:10.3463740Z" duration="0.007411" asserts="5" />
                <test-case id="1-1660" name="IsFillComplete(PlayersWorlds.Maps.Maze.HuntAndKillMazeGenerator,Full,Manual,System.Collections.Generic.List`1[PlayersWorlds.Maps.Area])" fullname="PlayersWorlds.Maps.Maze.MazeGeneratorTest.IsFillComplete(PlayersWorlds.Maps.Maze.HuntAndKillMazeGenerator,Full,Manual,System.Collections.Generic.List`1[PlayersWorlds.Maps.Area])" methodname="IsFillComplete" classname="PlayersWorlds.Maps.Maze.MazeGeneratorTest" runstate="Runnable" seed="1176301611" result="Passed" start-time="2024-06-19T14:46:10.3463840Z" end-time="2024-06-19T14:46:10.3543620Z" duration="0.007977" asserts="5" />
                <test-case id="1-1661" name="IsFillComplete(PlayersWorlds.Maps.Maze.HuntAndKillMazeGenerator,Full,Manual,System.Collections.Generic.List`1[PlayersWorlds.Maps.Area])" fullname="PlayersWorlds.Maps.Maze.MazeGeneratorTest.IsFillComplete(PlayersWorlds.Maps.Maze.HuntAndKillMazeGenerator,Full,Manual,System.Collections.Generic.List`1[PlayersWorlds.Maps.Area])" methodname="IsFillComplete" classname="PlayersWorlds.Maps.Maze.MazeGeneratorTest" runstate="Runnable" seed="1371480549" result="Passed" start-time="2024-06-19T14:46:10.3543730Z" end-time="2024-06-19T14:46:10.3614350Z" duration="0.007062" asserts="5" />
                <test-case id="1-1662" name="IsFillComplete(PlayersWorlds.Maps.Maze.HuntAndKillMazeGenerator,Full,Manual,System.Collections.Generic.List`1[PlayersWorlds.Maps.Area])" fullname="PlayersWorlds.Maps.Maze.MazeGeneratorTest.IsFillComplete(PlayersWorlds.Maps.Maze.HuntAndKillMazeGenerator,Full,Manual,System.Collections.Generic.List`1[PlayersWorlds.Maps.Area])" methodname="IsFillComplete" classname="PlayersWorlds.Maps.Maze.MazeGeneratorTest" runstate="Runnable" seed="432045070" result="Passed" start-time="2024-06-19T14:46:10.3614450Z" end-time="2024-06-19T14:46:10.3687590Z" duration="0.007314" asserts="5" />
                <test-case id="1-1663" name="IsFillComplete(PlayersWorlds.Maps.Maze.HuntAndKillMazeGenerator,Full,Manual,System.Collections.Generic.List`1[PlayersWorlds.Maps.Area])" fullname="PlayersWorlds.Maps.Maze.MazeGeneratorTest.IsFillComplete(PlayersWorlds.Maps.Maze.HuntAndKillMazeGenerator,Full,Manual,System.Collections.Generic.List`1[PlayersWorlds.Maps.Area])" methodname="IsFillComplete" classname="PlayersWorlds.Maps.Maze.MazeGeneratorTest" runstate="Runnable" seed="94418297" result="Passed" start-time="2024-06-19T14:46:10.3687690Z" end-time="2024-06-19T14:46:10.3763660Z" duration="0.007597" asserts="5" />
                <test-case id="1-1664" name="IsFillComplete(PlayersWorlds.Maps.Maze.HuntAndKillMazeGenerator,Full,Manual,System.Collections.Generic.List`1[PlayersWorlds.Maps.Area])" fullname="PlayersWorlds.Maps.Maze.MazeGeneratorTest.IsFillComplete(PlayersWorlds.Maps.Maze.HuntAndKillMazeGenerator,Full,Manual,System.Collections.Generic.List`1[PlayersWorlds.Maps.Area])" methodname="IsFillComplete" classname="PlayersWorlds.Maps.Maze.MazeGeneratorTest" runstate="Runnable" seed="1286133151" result="Passed" start-time="2024-06-19T14:46:10.3763820Z" end-time="2024-06-19T14:46:10.3829020Z" duration="0.006520" asserts="5" />
                <test-case id="1-1665" name="IsFillComplete(PlayersWorlds.Maps.Maze.RecursiveBacktrackerMazeGenerator,Quarter,Auto,null)" fullname="PlayersWorlds.Maps.Maze.MazeGeneratorTest.IsFillComplete(PlayersWorlds.Maps.Maze.RecursiveBacktrackerMazeGenerator,Quarter,Auto,null)" methodname="IsFillComplete" classname="PlayersWorlds.Maps.Maze.MazeGeneratorTest" runstate="Runnable" seed="1548644024" result="Passed" start-time="2024-06-19T14:46:10.3829110Z" end-time="2024-06-19T14:46:10.3947890Z" duration="0.011878" asserts="5" />
                <test-case id="1-1666" name="IsFillComplete(PlayersWorlds.Maps.Maze.RecursiveBacktrackerMazeGenerator,Quarter,Auto,System.Collections.Generic.List`1[PlayersWorlds.Maps.Area])" fullname="PlayersWorlds.Maps.Maze.MazeGeneratorTest.IsFillComplete(PlayersWorlds.Maps.Maze.RecursiveBacktrackerMazeGenerator,Quarter,Auto,System.Collections.Generic.List`1[PlayersWorlds.Maps.Area])" methodname="IsFillComplete" classname="PlayersWorlds.Maps.Maze.MazeGeneratorTest" runstate="Runnable" seed="417920768" result="Passed" start-time="2024-06-19T14:46:10.3948010Z" end-time="2024-06-19T14:46:10.4139880Z" duration="0.019187" asserts="5" />
                <test-case id="1-1667" name="IsFillComplete(PlayersWorlds.Maps.Maze.RecursiveBacktrackerMazeGenerator,Quarter,Auto,System.Collections.Generic.List`1[PlayersWorlds.Maps.Area])" fullname="PlayersWorlds.Maps.Maze.MazeGeneratorTest.IsFillComplete(PlayersWorlds.Maps.Maze.RecursiveBacktrackerMazeGenerator,Quarter,Auto,System.Collections.Generic.List`1[PlayersWorlds.Maps.Area])" methodname="IsFillComplete" classname="PlayersWorlds.Maps.Maze.MazeGeneratorTest" runstate="Runnable" seed="2015653506" result="Passed" start-time="2024-06-19T14:46:10.4140060Z" end-time="2024-06-19T14:46:10.4416240Z" duration="0.027618" asserts="5" />
                <test-case id="1-1668" name="IsFillComplete(PlayersWorlds.Maps.Maze.RecursiveBacktrackerMazeGenerator,Quarter,Auto,System.Collections.Generic.List`1[PlayersWorlds.Maps.Area])" fullname="PlayersWorlds.Maps.Maze.MazeGeneratorTest.IsFillComplete(PlayersWorlds.Maps.Maze.RecursiveBacktrackerMazeGenerator,Quarter,Auto,System.Collections.Generic.List`1[PlayersWorlds.Maps.Area])" methodname="IsFillComplete" classname="PlayersWorlds.Maps.Maze.MazeGeneratorTest" runstate="Runnable" seed="133154298" result="Passed" start-time="2024-06-19T14:46:10.4416350Z" end-time="2024-06-19T14:46:10.4847470Z" duration="0.043112" asserts="5" />
                <test-case id="1-1669" name="IsFillComplete(PlayersWorlds.Maps.Maze.RecursiveBacktrackerMazeGenerator,Quarter,Auto,System.Collections.Generic.List`1[PlayersWorlds.Maps.Area])" fullname="PlayersWorlds.Maps.Maze.MazeGeneratorTest.IsFillComplete(PlayersWorlds.Maps.Maze.RecursiveBacktrackerMazeGenerator,Quarter,Auto,System.Collections.Generic.List`1[PlayersWorlds.Maps.Area])" methodname="IsFillComplete" classname="PlayersWorlds.Maps.Maze.MazeGeneratorTest" runstate="Runnable" seed="1895386461" result="Passed" start-time="2024-06-19T14:46:10.4847580Z" end-time="2024-06-19T14:46:10.5129790Z" duration="0.028221" asserts="5" />
                <test-case id="1-1670" name="IsFillComplete(PlayersWorlds.Maps.Maze.RecursiveBacktrackerMazeGenerator,Quarter,Auto,System.Collections.Generic.List`1[PlayersWorlds.Maps.Area])" fullname="PlayersWorlds.Maps.Maze.MazeGeneratorTest.IsFillComplete(PlayersWorlds.Maps.Maze.RecursiveBacktrackerMazeGenerator,Quarter,Auto,System.Collections.Generic.List`1[PlayersWorlds.Maps.Area])" methodname="IsFillComplete" classname="PlayersWorlds.Maps.Maze.MazeGeneratorTest" runstate="Runnable" seed="2133448943" result="Passed" start-time="2024-06-19T14:46:10.5129890Z" end-time="2024-06-19T14:46:10.5483410Z" duration="0.035351" asserts="5" />
                <test-case id="1-1671" name="IsFillComplete(PlayersWorlds.Maps.Maze.RecursiveBacktrackerMazeGenerator,Quarter,Manual,null)" fullname="PlayersWorlds.Maps.Maze.MazeGeneratorTest.IsFillComplete(PlayersWorlds.Maps.Maze.RecursiveBacktrackerMazeGenerator,Quarter,Manual,null)" methodname="IsFillComplete" classname="PlayersWorlds.Maps.Maze.MazeGeneratorTest" runstate="Runnable" seed="120921290" result="Passed" start-time="2024-06-19T14:46:10.5483510Z" end-time="2024-06-19T14:46:10.5543460Z" duration="0.005995" asserts="5" />
                <test-case id="1-1672" name="IsFillComplete(PlayersWorlds.Maps.Maze.RecursiveBacktrackerMazeGenerator,Quarter,Manual,System.Collections.Generic.List`1[PlayersWorlds.Maps.Area])" fullname="PlayersWorlds.Maps.Maze.MazeGeneratorTest.IsFillComplete(PlayersWorlds.Maps.Maze.RecursiveBacktrackerMazeGenerator,Quarter,Manual,System.Collections.Generic.List`1[PlayersWorlds.Maps.Area])" methodname="IsFillComplete" classname="PlayersWorlds.Maps.Maze.MazeGeneratorTest" runstate="Runnable" seed="794793724" result="Passed" start-time="2024-06-19T14:46:10.5543560Z" end-time="2024-06-19T14:46:10.5602450Z" duration="0.005889" asserts="5" />
                <test-case id="1-1673" name="IsFillComplete(PlayersWorlds.Maps.Maze.RecursiveBacktrackerMazeGenerator,Quarter,Manual,System.Collections.Generic.List`1[PlayersWorlds.Maps.Area])" fullname="PlayersWorlds.Maps.Maze.MazeGeneratorTest.IsFillComplete(PlayersWorlds.Maps.Maze.RecursiveBacktrackerMazeGenerator,Quarter,Manual,System.Collections.Generic.List`1[PlayersWorlds.Maps.Area])" methodname="IsFillComplete" classname="PlayersWorlds.Maps.Maze.MazeGeneratorTest" runstate="Runnable" seed="1273775866" result="Passed" start-time="2024-06-19T14:46:10.5602550Z" end-time="2024-06-19T14:46:10.5661060Z" duration="0.005850" asserts="5" />
                <test-case id="1-1674" name="IsFillComplete(PlayersWorlds.Maps.Maze.RecursiveBacktrackerMazeGenerator,Quarter,Manual,System.Collections.Generic.List`1[PlayersWorlds.Maps.Area])" fullname="PlayersWorlds.Maps.Maze.MazeGeneratorTest.IsFillComplete(PlayersWorlds.Maps.Maze.RecursiveBacktrackerMazeGenerator,Quarter,Manual,System.Collections.Generic.List`1[PlayersWorlds.Maps.Area])" methodname="IsFillComplete" classname="PlayersWorlds.Maps.Maze.MazeGeneratorTest" runstate="Runnable" seed="1822212027" result="Passed" start-time="2024-06-19T14:46:10.5661210Z" end-time="2024-06-19T14:46:10.5722650Z" duration="0.006145" asserts="5" />
                <test-case id="1-1675" name="IsFillComplete(PlayersWorlds.Maps.Maze.RecursiveBacktrackerMazeGenerator,Quarter,Manual,System.Collections.Generic.List`1[PlayersWorlds.Maps.Area])" fullname="PlayersWorlds.Maps.Maze.MazeGeneratorTest.IsFillComplete(PlayersWorlds.Maps.Maze.RecursiveBacktrackerMazeGenerator,Quarter,Manual,System.Collections.Generic.List`1[PlayersWorlds.Maps.Area])" methodname="IsFillComplete" classname="PlayersWorlds.Maps.Maze.MazeGeneratorTest" runstate="Runnable" seed="512723460" result="Passed" start-time="2024-06-19T14:46:10.5722750Z" end-time="2024-06-19T14:46:10.5777520Z" duration="0.005477" asserts="5" />
                <test-case id="1-1676" name="IsFillComplete(PlayersWorlds.Maps.Maze.RecursiveBacktrackerMazeGenerator,Quarter,Manual,System.Collections.Generic.List`1[PlayersWorlds.Maps.Area])" fullname="PlayersWorlds.Maps.Maze.MazeGeneratorTest.IsFillComplete(PlayersWorlds.Maps.Maze.RecursiveBacktrackerMazeGenerator,Quarter,Manual,System.Collections.Generic.List`1[PlayersWorlds.Maps.Area])" methodname="IsFillComplete" classname="PlayersWorlds.Maps.Maze.MazeGeneratorTest" runstate="Runnable" seed="215907944" result="Passed" start-time="2024-06-19T14:46:10.5777640Z" end-time="2024-06-19T14:46:10.5832620Z" duration="0.005499" asserts="5" />
                <test-case id="1-1677" name="IsFillComplete(PlayersWorlds.Maps.Maze.RecursiveBacktrackerMazeGenerator,Half,Auto,null)" fullname="PlayersWorlds.Maps.Maze.MazeGeneratorTest.IsFillComplete(PlayersWorlds.Maps.Maze.RecursiveBacktrackerMazeGenerator,Half,Auto,null)" methodname="IsFillComplete" classname="PlayersWorlds.Maps.Maze.MazeGeneratorTest" runstate="Runnable" seed="950692741" result="Passed" start-time="2024-06-19T14:46:10.5832720Z" end-time="2024-06-19T14:46:10.5957190Z" duration="0.012447" asserts="5" />
                <test-case id="1-1678" name="IsFillComplete(PlayersWorlds.Maps.Maze.RecursiveBacktrackerMazeGenerator,Half,Auto,System.Collections.Generic.List`1[PlayersWorlds.Maps.Area])" fullname="PlayersWorlds.Maps.Maze.MazeGeneratorTest.IsFillComplete(PlayersWorlds.Maps.Maze.RecursiveBacktrackerMazeGenerator,Half,Auto,System.Collections.Generic.List`1[PlayersWorlds.Maps.Area])" methodname="IsFillComplete" classname="PlayersWorlds.Maps.Maze.MazeGeneratorTest" runstate="Runnable" seed="209803798" result="Passed" start-time="2024-06-19T14:46:10.5957300Z" end-time="2024-06-19T14:46:10.6185670Z" duration="0.022837" asserts="5" />
                <test-case id="1-1679" name="IsFillComplete(PlayersWorlds.Maps.Maze.RecursiveBacktrackerMazeGenerator,Half,Auto,System.Collections.Generic.List`1[PlayersWorlds.Maps.Area])" fullname="PlayersWorlds.Maps.Maze.MazeGeneratorTest.IsFillComplete(PlayersWorlds.Maps.Maze.RecursiveBacktrackerMazeGenerator,Half,Auto,System.Collections.Generic.List`1[PlayersWorlds.Maps.Area])" methodname="IsFillComplete" classname="PlayersWorlds.Maps.Maze.MazeGeneratorTest" runstate="Runnable" seed="1445648371" result="Passed" start-time="2024-06-19T14:46:10.6185770Z" end-time="2024-06-19T14:46:10.6476810Z" duration="0.029104" asserts="5" />
                <test-case id="1-1680" name="IsFillComplete(PlayersWorlds.Maps.Maze.RecursiveBacktrackerMazeGenerator,Half,Auto,System.Collections.Generic.List`1[PlayersWorlds.Maps.Area])" fullname="PlayersWorlds.Maps.Maze.MazeGeneratorTest.IsFillComplete(PlayersWorlds.Maps.Maze.RecursiveBacktrackerMazeGenerator,Half,Auto,System.Collections.Generic.List`1[PlayersWorlds.Maps.Area])" methodname="IsFillComplete" classname="PlayersWorlds.Maps.Maze.MazeGeneratorTest" runstate="Runnable" seed="1105611139" result="Passed" start-time="2024-06-19T14:46:10.6476920Z" end-time="2024-06-19T14:46:10.6706800Z" duration="0.022988" asserts="5" />
                <test-case id="1-1681" name="IsFillComplete(PlayersWorlds.Maps.Maze.RecursiveBacktrackerMazeGenerator,Half,Auto,System.Collections.Generic.List`1[PlayersWorlds.Maps.Area])" fullname="PlayersWorlds.Maps.Maze.MazeGeneratorTest.IsFillComplete(PlayersWorlds.Maps.Maze.RecursiveBacktrackerMazeGenerator,Half,Auto,System.Collections.Generic.List`1[PlayersWorlds.Maps.Area])" methodname="IsFillComplete" classname="PlayersWorlds.Maps.Maze.MazeGeneratorTest" runstate="Runnable" seed="1823102663" result="Passed" start-time="2024-06-19T14:46:10.6706910Z" end-time="2024-06-19T14:46:10.7138020Z" duration="0.043112" asserts="5" />
                <test-case id="1-1682" name="IsFillComplete(PlayersWorlds.Maps.Maze.RecursiveBacktrackerMazeGenerator,Half,Auto,System.Collections.Generic.List`1[PlayersWorlds.Maps.Area])" fullname="PlayersWorlds.Maps.Maze.MazeGeneratorTest.IsFillComplete(PlayersWorlds.Maps.Maze.RecursiveBacktrackerMazeGenerator,Half,Auto,System.Collections.Generic.List`1[PlayersWorlds.Maps.Area])" methodname="IsFillComplete" classname="PlayersWorlds.Maps.Maze.MazeGeneratorTest" runstate="Runnable" seed="147898190" result="Passed" start-time="2024-06-19T14:46:10.7138130Z" end-time="2024-06-19T14:46:10.7479640Z" duration="0.034152" asserts="5" />
                <test-case id="1-1683" name="IsFillComplete(PlayersWorlds.Maps.Maze.RecursiveBacktrackerMazeGenerator,Half,Manual,null)" fullname="PlayersWorlds.Maps.Maze.MazeGeneratorTest.IsFillComplete(PlayersWorlds.Maps.Maze.RecursiveBacktrackerMazeGenerator,Half,Manual,null)" methodname="IsFillComplete" classname="PlayersWorlds.Maps.Maze.MazeGeneratorTest" runstate="Runnable" seed="1571608564" result="Passed" start-time="2024-06-19T14:46:10.7479750Z" end-time="2024-06-19T14:46:10.7540470Z" duration="0.006072" asserts="5" />
                <test-case id="1-1684" name="IsFillComplete(PlayersWorlds.Maps.Maze.RecursiveBacktrackerMazeGenerator,Half,Manual,System.Collections.Generic.List`1[PlayersWorlds.Maps.Area])" fullname="PlayersWorlds.Maps.Maze.MazeGeneratorTest.IsFillComplete(PlayersWorlds.Maps.Maze.RecursiveBacktrackerMazeGenerator,Half,Manual,System.Collections.Generic.List`1[PlayersWorlds.Maps.Area])" methodname="IsFillComplete" classname="PlayersWorlds.Maps.Maze.MazeGeneratorTest" runstate="Runnable" seed="1967884906" result="Passed" start-time="2024-06-19T14:46:10.7540560Z" end-time="2024-06-19T14:46:10.7601200Z" duration="0.006064" asserts="5" />
                <test-case id="1-1685" name="IsFillComplete(PlayersWorlds.Maps.Maze.RecursiveBacktrackerMazeGenerator,Half,Manual,System.Collections.Generic.List`1[PlayersWorlds.Maps.Area])" fullname="PlayersWorlds.Maps.Maze.MazeGeneratorTest.IsFillComplete(PlayersWorlds.Maps.Maze.RecursiveBacktrackerMazeGenerator,Half,Manual,System.Collections.Generic.List`1[PlayersWorlds.Maps.Area])" methodname="IsFillComplete" classname="PlayersWorlds.Maps.Maze.MazeGeneratorTest" runstate="Runnable" seed="2034067610" result="Passed" start-time="2024-06-19T14:46:10.7601300Z" end-time="2024-06-19T14:46:10.7659230Z" duration="0.005793" asserts="5" />
                <test-case id="1-1686" name="IsFillComplete(PlayersWorlds.Maps.Maze.RecursiveBacktrackerMazeGenerator,Half,Manual,System.Collections.Generic.List`1[PlayersWorlds.Maps.Area])" fullname="PlayersWorlds.Maps.Maze.MazeGeneratorTest.IsFillComplete(PlayersWorlds.Maps.Maze.RecursiveBacktrackerMazeGenerator,Half,Manual,System.Collections.Generic.List`1[PlayersWorlds.Maps.Area])" methodname="IsFillComplete" classname="PlayersWorlds.Maps.Maze.MazeGeneratorTest" runstate="Runnable" seed="1203673238" result="Passed" start-time="2024-06-19T14:46:10.7659320Z" end-time="2024-06-19T14:46:10.7718350Z" duration="0.005903" asserts="5" />
                <test-case id="1-1687" name="IsFillComplete(PlayersWorlds.Maps.Maze.RecursiveBacktrackerMazeGenerator,Half,Manual,System.Collections.Generic.List`1[PlayersWorlds.Maps.Area])" fullname="PlayersWorlds.Maps.Maze.MazeGeneratorTest.IsFillComplete(PlayersWorlds.Maps.Maze.RecursiveBacktrackerMazeGenerator,Half,Manual,System.Collections.Generic.List`1[PlayersWorlds.Maps.Area])" methodname="IsFillComplete" classname="PlayersWorlds.Maps.Maze.MazeGeneratorTest" runstate="Runnable" seed="1909885985" result="Passed" start-time="2024-06-19T14:46:10.7718450Z" end-time="2024-06-19T14:46:10.7775010Z" duration="0.005657" asserts="5" />
                <test-case id="1-1688" name="IsFillComplete(PlayersWorlds.Maps.Maze.RecursiveBacktrackerMazeGenerator,Half,Manual,System.Collections.Generic.List`1[PlayersWorlds.Maps.Area])" fullname="PlayersWorlds.Maps.Maze.MazeGeneratorTest.IsFillComplete(PlayersWorlds.Maps.Maze.RecursiveBacktrackerMazeGenerator,Half,Manual,System.Collections.Generic.List`1[PlayersWorlds.Maps.Area])" methodname="IsFillComplete" classname="PlayersWorlds.Maps.Maze.MazeGeneratorTest" runstate="Runnable" seed="1230367785" result="Passed" start-time="2024-06-19T14:46:10.7775110Z" end-time="2024-06-19T14:46:10.7837370Z" duration="0.006227" asserts="5" />
                <test-case id="1-1689" name="IsFillComplete(PlayersWorlds.Maps.Maze.RecursiveBacktrackerMazeGenerator,ThreeQuarters,Auto,null)" fullname="PlayersWorlds.Maps.Maze.MazeGeneratorTest.IsFillComplete(PlayersWorlds.Maps.Maze.RecursiveBacktrackerMazeGenerator,ThreeQuarters,Auto,null)" methodname="IsFillComplete" classname="PlayersWorlds.Maps.Maze.MazeGeneratorTest" runstate="Runnable" seed="450981632" result="Passed" start-time="2024-06-19T14:46:10.7837550Z" end-time="2024-06-19T14:46:10.8034580Z" duration="0.019703" asserts="5" />
                <test-case id="1-1690" name="IsFillComplete(PlayersWorlds.Maps.Maze.RecursiveBacktrackerMazeGenerator,ThreeQuarters,Auto,System.Collections.Generic.List`1[PlayersWorlds.Maps.Area])" fullname="PlayersWorlds.Maps.Maze.MazeGeneratorTest.IsFillComplete(PlayersWorlds.Maps.Maze.RecursiveBacktrackerMazeGenerator,ThreeQuarters,Auto,System.Collections.Generic.List`1[PlayersWorlds.Maps.Area])" methodname="IsFillComplete" classname="PlayersWorlds.Maps.Maze.MazeGeneratorTest" runstate="Runnable" seed="1501861985" result="Passed" start-time="2024-06-19T14:46:10.8034690Z" end-time="2024-06-19T14:46:10.8338770Z" duration="0.030409" asserts="5" />
                <test-case id="1-1691" name="IsFillComplete(PlayersWorlds.Maps.Maze.RecursiveBacktrackerMazeGenerator,ThreeQuarters,Auto,System.Collections.Generic.List`1[PlayersWorlds.Maps.Area])" fullname="PlayersWorlds.Maps.Maze.MazeGeneratorTest.IsFillComplete(PlayersWorlds.Maps.Maze.RecursiveBacktrackerMazeGenerator,ThreeQuarters,Auto,System.Collections.Generic.List`1[PlayersWorlds.Maps.Area])" methodname="IsFillComplete" classname="PlayersWorlds.Maps.Maze.MazeGeneratorTest" runstate="Runnable" seed="1371431926" result="Passed" start-time="2024-06-19T14:46:10.8338870Z" end-time="2024-06-19T14:46:10.8622400Z" duration="0.028352" asserts="5" />
                <test-case id="1-1692" name="IsFillComplete(PlayersWorlds.Maps.Maze.RecursiveBacktrackerMazeGenerator,ThreeQuarters,Auto,System.Collections.Generic.List`1[PlayersWorlds.Maps.Area])" fullname="PlayersWorlds.Maps.Maze.MazeGeneratorTest.IsFillComplete(PlayersWorlds.Maps.Maze.RecursiveBacktrackerMazeGenerator,ThreeQuarters,Auto,System.Collections.Generic.List`1[PlayersWorlds.Maps.Area])" methodname="IsFillComplete" classname="PlayersWorlds.Maps.Maze.MazeGeneratorTest" runstate="Runnable" seed="1168152219" result="Passed" start-time="2024-06-19T14:46:10.8622500Z" end-time="2024-06-19T14:46:10.8810500Z" duration="0.018800" asserts="5" />
                <test-case id="1-1693" name="IsFillComplete(PlayersWorlds.Maps.Maze.RecursiveBacktrackerMazeGenerator,ThreeQuarters,Auto,System.Collections.Generic.List`1[PlayersWorlds.Maps.Area])" fullname="PlayersWorlds.Maps.Maze.MazeGeneratorTest.IsFillComplete(PlayersWorlds.Maps.Maze.RecursiveBacktrackerMazeGenerator,ThreeQuarters,Auto,System.Collections.Generic.List`1[PlayersWorlds.Maps.Area])" methodname="IsFillComplete" classname="PlayersWorlds.Maps.Maze.MazeGeneratorTest" runstate="Runnable" seed="1097123081" result="Passed" start-time="2024-06-19T14:46:10.8810600Z" end-time="2024-06-19T14:46:10.9244790Z" duration="0.043419" asserts="5" />
                <test-case id="1-1694" name="IsFillComplete(PlayersWorlds.Maps.Maze.RecursiveBacktrackerMazeGenerator,ThreeQuarters,Auto,System.Collections.Generic.List`1[PlayersWorlds.Maps.Area])" fullname="PlayersWorlds.Maps.Maze.MazeGeneratorTest.IsFillComplete(PlayersWorlds.Maps.Maze.RecursiveBacktrackerMazeGenerator,ThreeQuarters,Auto,System.Collections.Generic.List`1[PlayersWorlds.Maps.Area])" methodname="IsFillComplete" classname="PlayersWorlds.Maps.Maze.MazeGeneratorTest" runstate="Runnable" seed="1244770865" result="Passed" start-time="2024-06-19T14:46:10.9244890Z" end-time="2024-06-19T14:46:10.9602550Z" duration="0.035765" asserts="5" />
                <test-case id="1-1695" name="IsFillComplete(PlayersWorlds.Maps.Maze.RecursiveBacktrackerMazeGenerator,ThreeQuarters,Manual,null)" fullname="PlayersWorlds.Maps.Maze.MazeGeneratorTest.IsFillComplete(PlayersWorlds.Maps.Maze.RecursiveBacktrackerMazeGenerator,ThreeQuarters,Manual,null)" methodname="IsFillComplete" classname="PlayersWorlds.Maps.Maze.MazeGeneratorTest" runstate="Runnable" seed="1471606049" result="Passed" start-time="2024-06-19T14:46:10.9602650Z" end-time="2024-06-19T14:46:10.9673270Z" duration="0.007063" asserts="5" />
                <test-case id="1-1696" name="IsFillComplete(PlayersWorlds.Maps.Maze.RecursiveBacktrackerMazeGenerator,ThreeQuarters,Manual,System.Collections.Generic.List`1[PlayersWorlds.Maps.Area])" fullname="PlayersWorlds.Maps.Maze.MazeGeneratorTest.IsFillComplete(PlayersWorlds.Maps.Maze.RecursiveBacktrackerMazeGenerator,ThreeQuarters,Manual,System.Collections.Generic.List`1[PlayersWorlds.Maps.Area])" methodname="IsFillComplete" classname="PlayersWorlds.Maps.Maze.MazeGeneratorTest" runstate="Runnable" seed="471613572" result="Passed" start-time="2024-06-19T14:46:10.9673370Z" end-time="2024-06-19T14:46:10.9735980Z" duration="0.006260" asserts="5" />
                <test-case id="1-1697" name="IsFillComplete(PlayersWorlds.Maps.Maze.RecursiveBacktrackerMazeGenerator,ThreeQuarters,Manual,System.Collections.Generic.List`1[PlayersWorlds.Maps.Area])" fullname="PlayersWorlds.Maps.Maze.MazeGeneratorTest.IsFillComplete(PlayersWorlds.Maps.Maze.RecursiveBacktrackerMazeGenerator,ThreeQuarters,Manual,System.Collections.Generic.List`1[PlayersWorlds.Maps.Area])" methodname="IsFillComplete" classname="PlayersWorlds.Maps.Maze.MazeGeneratorTest" runstate="Runnable" seed="703164127" result="Passed" start-time="2024-06-19T14:46:10.9736070Z" end-time="2024-06-19T14:46:10.9808690Z" duration="0.007262" asserts="5" />
                <test-case id="1-1698" name="IsFillComplete(PlayersWorlds.Maps.Maze.RecursiveBacktrackerMazeGenerator,ThreeQuarters,Manual,System.Collections.Generic.List`1[PlayersWorlds.Maps.Area])" fullname="PlayersWorlds.Maps.Maze.MazeGeneratorTest.IsFillComplete(PlayersWorlds.Maps.Maze.RecursiveBacktrackerMazeGenerator,ThreeQuarters,Manual,System.Collections.Generic.List`1[PlayersWorlds.Maps.Area])" methodname="IsFillComplete" classname="PlayersWorlds.Maps.Maze.MazeGeneratorTest" runstate="Runnable" seed="43878494" result="Passed" start-time="2024-06-19T14:46:10.9808790Z" end-time="2024-06-19T14:46:10.9869620Z" duration="0.006083" asserts="5" />
                <test-case id="1-1699" name="IsFillComplete(PlayersWorlds.Maps.Maze.RecursiveBacktrackerMazeGenerator,ThreeQuarters,Manual,System.Collections.Generic.List`1[PlayersWorlds.Maps.Area])" fullname="PlayersWorlds.Maps.Maze.MazeGeneratorTest.IsFillComplete(PlayersWorlds.Maps.Maze.RecursiveBacktrackerMazeGenerator,ThreeQuarters,Manual,System.Collections.Generic.List`1[PlayersWorlds.Maps.Area])" methodname="IsFillComplete" classname="PlayersWorlds.Maps.Maze.MazeGeneratorTest" runstate="Runnable" seed="40806843" result="Passed" start-time="2024-06-19T14:46:10.9869710Z" end-time="2024-06-19T14:46:10.9934730Z" duration="0.006502" asserts="5" />
                <test-case id="1-1700" name="IsFillComplete(PlayersWorlds.Maps.Maze.RecursiveBacktrackerMazeGenerator,ThreeQuarters,Manual,System.Collections.Generic.List`1[PlayersWorlds.Maps.Area])" fullname="PlayersWorlds.Maps.Maze.MazeGeneratorTest.IsFillComplete(PlayersWorlds.Maps.Maze.RecursiveBacktrackerMazeGenerator,ThreeQuarters,Manual,System.Collections.Generic.List`1[PlayersWorlds.Maps.Area])" methodname="IsFillComplete" classname="PlayersWorlds.Maps.Maze.MazeGeneratorTest" runstate="Runnable" seed="1139844410" result="Passed" start-time="2024-06-19T14:46:10.9934830Z" end-time="2024-06-19T14:46:11.0000400Z" duration="0.006557" asserts="5" />
                <test-case id="1-1701" name="IsFillComplete(PlayersWorlds.Maps.Maze.RecursiveBacktrackerMazeGenerator,NinetyPercent,Auto,null)" fullname="PlayersWorlds.Maps.Maze.MazeGeneratorTest.IsFillComplete(PlayersWorlds.Maps.Maze.RecursiveBacktrackerMazeGenerator,NinetyPercent,Auto,null)" methodname="IsFillComplete" classname="PlayersWorlds.Maps.Maze.MazeGeneratorTest" runstate="Runnable" seed="972208065" result="Passed" start-time="2024-06-19T14:46:11.0000500Z" end-time="2024-06-19T14:46:11.0125730Z" duration="0.012523" asserts="5" />
                <test-case id="1-1702" name="IsFillComplete(PlayersWorlds.Maps.Maze.RecursiveBacktrackerMazeGenerator,NinetyPercent,Auto,System.Collections.Generic.List`1[PlayersWorlds.Maps.Area])" fullname="PlayersWorlds.Maps.Maze.MazeGeneratorTest.IsFillComplete(PlayersWorlds.Maps.Maze.RecursiveBacktrackerMazeGenerator,NinetyPercent,Auto,System.Collections.Generic.List`1[PlayersWorlds.Maps.Area])" methodname="IsFillComplete" classname="PlayersWorlds.Maps.Maze.MazeGeneratorTest" runstate="Runnable" seed="519187205" result="Passed" start-time="2024-06-19T14:46:11.0125830Z" end-time="2024-06-19T14:46:11.0326340Z" duration="0.020051" asserts="5" />
                <test-case id="1-1703" name="IsFillComplete(PlayersWorlds.Maps.Maze.RecursiveBacktrackerMazeGenerator,NinetyPercent,Auto,System.Collections.Generic.List`1[PlayersWorlds.Maps.Area])" fullname="PlayersWorlds.Maps.Maze.MazeGeneratorTest.IsFillComplete(PlayersWorlds.Maps.Maze.RecursiveBacktrackerMazeGenerator,NinetyPercent,Auto,System.Collections.Generic.List`1[PlayersWorlds.Maps.Area])" methodname="IsFillComplete" classname="PlayersWorlds.Maps.Maze.MazeGeneratorTest" runstate="Runnable" seed="1971874575" result="Passed" start-time="2024-06-19T14:46:11.0326440Z" end-time="2024-06-19T14:46:11.0618590Z" duration="0.029215" asserts="5" />
                <test-case id="1-1704" name="IsFillComplete(PlayersWorlds.Maps.Maze.RecursiveBacktrackerMazeGenerator,NinetyPercent,Auto,System.Collections.Generic.List`1[PlayersWorlds.Maps.Area])" fullname="PlayersWorlds.Maps.Maze.MazeGeneratorTest.IsFillComplete(PlayersWorlds.Maps.Maze.RecursiveBacktrackerMazeGenerator,NinetyPercent,Auto,System.Collections.Generic.List`1[PlayersWorlds.Maps.Area])" methodname="IsFillComplete" classname="PlayersWorlds.Maps.Maze.MazeGeneratorTest" runstate="Runnable" seed="141908040" result="Passed" start-time="2024-06-19T14:46:11.0618690Z" end-time="2024-06-19T14:46:11.0877260Z" duration="0.025857" asserts="5" />
                <test-case id="1-1705" name="IsFillComplete(PlayersWorlds.Maps.Maze.RecursiveBacktrackerMazeGenerator,NinetyPercent,Auto,System.Collections.Generic.List`1[PlayersWorlds.Maps.Area])" fullname="PlayersWorlds.Maps.Maze.MazeGeneratorTest.IsFillComplete(PlayersWorlds.Maps.Maze.RecursiveBacktrackerMazeGenerator,NinetyPercent,Auto,System.Collections.Generic.List`1[PlayersWorlds.Maps.Area])" methodname="IsFillComplete" classname="PlayersWorlds.Maps.Maze.MazeGeneratorTest" runstate="Runnable" seed="1317802448" result="Passed" start-time="2024-06-19T14:46:11.0877370Z" end-time="2024-06-19T14:46:11.1160610Z" duration="0.028324" asserts="5" />
                <test-case id="1-1706" name="IsFillComplete(PlayersWorlds.Maps.Maze.RecursiveBacktrackerMazeGenerator,NinetyPercent,Auto,System.Collections.Generic.List`1[PlayersWorlds.Maps.Area])" fullname="PlayersWorlds.Maps.Maze.MazeGeneratorTest.IsFillComplete(PlayersWorlds.Maps.Maze.RecursiveBacktrackerMazeGenerator,NinetyPercent,Auto,System.Collections.Generic.List`1[PlayersWorlds.Maps.Area])" methodname="IsFillComplete" classname="PlayersWorlds.Maps.Maze.MazeGeneratorTest" runstate="Runnable" seed="580780829" result="Passed" start-time="2024-06-19T14:46:11.1160710Z" end-time="2024-06-19T14:46:11.1608090Z" duration="0.044738" asserts="5" />
                <test-case id="1-1707" name="IsFillComplete(PlayersWorlds.Maps.Maze.RecursiveBacktrackerMazeGenerator,NinetyPercent,Manual,null)" fullname="PlayersWorlds.Maps.Maze.MazeGeneratorTest.IsFillComplete(PlayersWorlds.Maps.Maze.RecursiveBacktrackerMazeGenerator,NinetyPercent,Manual,null)" methodname="IsFillComplete" classname="PlayersWorlds.Maps.Maze.MazeGeneratorTest" runstate="Runnable" seed="852180178" result="Passed" start-time="2024-06-19T14:46:11.1608190Z" end-time="2024-06-19T14:46:11.1680990Z" duration="0.007279" asserts="5" />
                <test-case id="1-1708" name="IsFillComplete(PlayersWorlds.Maps.Maze.RecursiveBacktrackerMazeGenerator,NinetyPercent,Manual,System.Collections.Generic.List`1[PlayersWorlds.Maps.Area])" fullname="PlayersWorlds.Maps.Maze.MazeGeneratorTest.IsFillComplete(PlayersWorlds.Maps.Maze.RecursiveBacktrackerMazeGenerator,NinetyPercent,Manual,System.Collections.Generic.List`1[PlayersWorlds.Maps.Area])" methodname="IsFillComplete" classname="PlayersWorlds.Maps.Maze.MazeGeneratorTest" runstate="Runnable" seed="435736876" result="Passed" start-time="2024-06-19T14:46:11.1681080Z" end-time="2024-06-19T14:46:11.1754140Z" duration="0.007305" asserts="5" />
                <test-case id="1-1709" name="IsFillComplete(PlayersWorlds.Maps.Maze.RecursiveBacktrackerMazeGenerator,NinetyPercent,Manual,System.Collections.Generic.List`1[PlayersWorlds.Maps.Area])" fullname="PlayersWorlds.Maps.Maze.MazeGeneratorTest.IsFillComplete(PlayersWorlds.Maps.Maze.RecursiveBacktrackerMazeGenerator,NinetyPercent,Manual,System.Collections.Generic.List`1[PlayersWorlds.Maps.Area])" methodname="IsFillComplete" classname="PlayersWorlds.Maps.Maze.MazeGeneratorTest" runstate="Runnable" seed="798547081" result="Passed" start-time="2024-06-19T14:46:11.1754240Z" end-time="2024-06-19T14:46:11.1822660Z" duration="0.006842" asserts="5" />
                <test-case id="1-1710" name="IsFillComplete(PlayersWorlds.Maps.Maze.RecursiveBacktrackerMazeGenerator,NinetyPercent,Manual,System.Collections.Generic.List`1[PlayersWorlds.Maps.Area])" fullname="PlayersWorlds.Maps.Maze.MazeGeneratorTest.IsFillComplete(PlayersWorlds.Maps.Maze.RecursiveBacktrackerMazeGenerator,NinetyPercent,Manual,System.Collections.Generic.List`1[PlayersWorlds.Maps.Area])" methodname="IsFillComplete" classname="PlayersWorlds.Maps.Maze.MazeGeneratorTest" runstate="Runnable" seed="31117624" result="Passed" start-time="2024-06-19T14:46:11.1822760Z" end-time="2024-06-19T14:46:11.1899950Z" duration="0.007719" asserts="5" />
                <test-case id="1-1711" name="IsFillComplete(PlayersWorlds.Maps.Maze.RecursiveBacktrackerMazeGenerator,NinetyPercent,Manual,System.Collections.Generic.List`1[PlayersWorlds.Maps.Area])" fullname="PlayersWorlds.Maps.Maze.MazeGeneratorTest.IsFillComplete(PlayersWorlds.Maps.Maze.RecursiveBacktrackerMazeGenerator,NinetyPercent,Manual,System.Collections.Generic.List`1[PlayersWorlds.Maps.Area])" methodname="IsFillComplete" classname="PlayersWorlds.Maps.Maze.MazeGeneratorTest" runstate="Runnable" seed="588060876" result="Passed" start-time="2024-06-19T14:46:11.1900070Z" end-time="2024-06-19T14:46:11.1969410Z" duration="0.006934" asserts="5" />
                <test-case id="1-1712" name="IsFillComplete(PlayersWorlds.Maps.Maze.RecursiveBacktrackerMazeGenerator,NinetyPercent,Manual,System.Collections.Generic.List`1[PlayersWorlds.Maps.Area])" fullname="PlayersWorlds.Maps.Maze.MazeGeneratorTest.IsFillComplete(PlayersWorlds.Maps.Maze.RecursiveBacktrackerMazeGenerator,NinetyPercent,Manual,System.Collections.Generic.List`1[PlayersWorlds.Maps.Area])" methodname="IsFillComplete" classname="PlayersWorlds.Maps.Maze.MazeGeneratorTest" runstate="Runnable" seed="1767081930" result="Passed" start-time="2024-06-19T14:46:11.1969590Z" end-time="2024-06-19T14:46:11.2037080Z" duration="0.006749" asserts="5" />
                <test-case id="1-1713" name="IsFillComplete(PlayersWorlds.Maps.Maze.RecursiveBacktrackerMazeGenerator,FullWidth,Auto,null)" fullname="PlayersWorlds.Maps.Maze.MazeGeneratorTest.IsFillComplete(PlayersWorlds.Maps.Maze.RecursiveBacktrackerMazeGenerator,FullWidth,Auto,null)" methodname="IsFillComplete" classname="PlayersWorlds.Maps.Maze.MazeGeneratorTest" runstate="Runnable" seed="815874109" result="Passed" start-time="2024-06-19T14:46:11.2037250Z" end-time="2024-06-19T14:46:11.2224200Z" duration="0.018695" asserts="5" />
                <test-case id="1-1714" name="IsFillComplete(PlayersWorlds.Maps.Maze.RecursiveBacktrackerMazeGenerator,FullWidth,Auto,System.Collections.Generic.List`1[PlayersWorlds.Maps.Area])" fullname="PlayersWorlds.Maps.Maze.MazeGeneratorTest.IsFillComplete(PlayersWorlds.Maps.Maze.RecursiveBacktrackerMazeGenerator,FullWidth,Auto,System.Collections.Generic.List`1[PlayersWorlds.Maps.Area])" methodname="IsFillComplete" classname="PlayersWorlds.Maps.Maze.MazeGeneratorTest" runstate="Runnable" seed="2053096112" result="Passed" start-time="2024-06-19T14:46:11.2224320Z" end-time="2024-06-19T14:46:11.2378480Z" duration="0.015417" asserts="5" />
                <test-case id="1-1715" name="IsFillComplete(PlayersWorlds.Maps.Maze.RecursiveBacktrackerMazeGenerator,FullWidth,Auto,System.Collections.Generic.List`1[PlayersWorlds.Maps.Area])" fullname="PlayersWorlds.Maps.Maze.MazeGeneratorTest.IsFillComplete(PlayersWorlds.Maps.Maze.RecursiveBacktrackerMazeGenerator,FullWidth,Auto,System.Collections.Generic.List`1[PlayersWorlds.Maps.Area])" methodname="IsFillComplete" classname="PlayersWorlds.Maps.Maze.MazeGeneratorTest" runstate="Runnable" seed="1500682595" result="Passed" start-time="2024-06-19T14:46:11.2378590Z" end-time="2024-06-19T14:46:11.2585030Z" duration="0.020645" asserts="5" />
                <test-case id="1-1716" name="IsFillComplete(PlayersWorlds.Maps.Maze.RecursiveBacktrackerMazeGenerator,FullWidth,Auto,System.Collections.Generic.List`1[PlayersWorlds.Maps.Area])" fullname="PlayersWorlds.Maps.Maze.MazeGeneratorTest.IsFillComplete(PlayersWorlds.Maps.Maze.RecursiveBacktrackerMazeGenerator,FullWidth,Auto,System.Collections.Generic.List`1[PlayersWorlds.Maps.Area])" methodname="IsFillComplete" classname="PlayersWorlds.Maps.Maze.MazeGeneratorTest" runstate="Runnable" seed="1223582359" result="Passed" start-time="2024-06-19T14:46:11.2585140Z" end-time="2024-06-19T14:46:11.2872730Z" duration="0.028759" asserts="5" />
                <test-case id="1-1717" name="IsFillComplete(PlayersWorlds.Maps.Maze.RecursiveBacktrackerMazeGenerator,FullWidth,Auto,System.Collections.Generic.List`1[PlayersWorlds.Maps.Area])" fullname="PlayersWorlds.Maps.Maze.MazeGeneratorTest.IsFillComplete(PlayersWorlds.Maps.Maze.RecursiveBacktrackerMazeGenerator,FullWidth,Auto,System.Collections.Generic.List`1[PlayersWorlds.Maps.Area])" methodname="IsFillComplete" classname="PlayersWorlds.Maps.Maze.MazeGeneratorTest" runstate="Runnable" seed="1007920153" result="Passed" start-time="2024-06-19T14:46:11.2872830Z" end-time="2024-06-19T14:46:11.3306630Z" duration="0.043380" asserts="5" />
                <test-case id="1-1718" name="IsFillComplete(PlayersWorlds.Maps.Maze.RecursiveBacktrackerMazeGenerator,FullWidth,Auto,System.Collections.Generic.List`1[PlayersWorlds.Maps.Area])" fullname="PlayersWorlds.Maps.Maze.MazeGeneratorTest.IsFillComplete(PlayersWorlds.Maps.Maze.RecursiveBacktrackerMazeGenerator,FullWidth,Auto,System.Collections.Generic.List`1[PlayersWorlds.Maps.Area])" methodname="IsFillComplete" classname="PlayersWorlds.Maps.Maze.MazeGeneratorTest" runstate="Runnable" seed="274017038" result="Passed" start-time="2024-06-19T14:46:11.3306750Z" end-time="2024-06-19T14:46:11.3606500Z" duration="0.029975" asserts="5" />
                <test-case id="1-1719" name="IsFillComplete(PlayersWorlds.Maps.Maze.RecursiveBacktrackerMazeGenerator,FullWidth,Manual,null)" fullname="PlayersWorlds.Maps.Maze.MazeGeneratorTest.IsFillComplete(PlayersWorlds.Maps.Maze.RecursiveBacktrackerMazeGenerator,FullWidth,Manual,null)" methodname="IsFillComplete" classname="PlayersWorlds.Maps.Maze.MazeGeneratorTest" runstate="Runnable" seed="1399549188" result="Passed" start-time="2024-06-19T14:46:11.3606600Z" end-time="2024-06-19T14:46:11.3670130Z" duration="0.006352" asserts="5" />
                <test-case id="1-1720" name="IsFillComplete(PlayersWorlds.Maps.Maze.RecursiveBacktrackerMazeGenerator,FullWidth,Manual,System.Collections.Generic.List`1[PlayersWorlds.Maps.Area])" fullname="PlayersWorlds.Maps.Maze.MazeGeneratorTest.IsFillComplete(PlayersWorlds.Maps.Maze.RecursiveBacktrackerMazeGenerator,FullWidth,Manual,System.Collections.Generic.List`1[PlayersWorlds.Maps.Area])" methodname="IsFillComplete" classname="PlayersWorlds.Maps.Maze.MazeGeneratorTest" runstate="Runnable" seed="344970786" result="Passed" start-time="2024-06-19T14:46:11.3670230Z" end-time="2024-06-19T14:46:11.3729380Z" duration="0.005915" asserts="5" />
                <test-case id="1-1721" name="IsFillComplete(PlayersWorlds.Maps.Maze.RecursiveBacktrackerMazeGenerator,FullWidth,Manual,System.Collections.Generic.List`1[PlayersWorlds.Maps.Area])" fullname="PlayersWorlds.Maps.Maze.MazeGeneratorTest.IsFillComplete(PlayersWorlds.Maps.Maze.RecursiveBacktrackerMazeGenerator,FullWidth,Manual,System.Collections.Generic.List`1[PlayersWorlds.Maps.Area])" methodname="IsFillComplete" classname="PlayersWorlds.Maps.Maze.MazeGeneratorTest" runstate="Runnable" seed="655518430" result="Passed" start-time="2024-06-19T14:46:11.3729480Z" end-time="2024-06-19T14:46:11.3800300Z" duration="0.007083" asserts="5" />
                <test-case id="1-1722" name="IsFillComplete(PlayersWorlds.Maps.Maze.RecursiveBacktrackerMazeGenerator,FullWidth,Manual,System.Collections.Generic.List`1[PlayersWorlds.Maps.Area])" fullname="PlayersWorlds.Maps.Maze.MazeGeneratorTest.IsFillComplete(PlayersWorlds.Maps.Maze.RecursiveBacktrackerMazeGenerator,FullWidth,Manual,System.Collections.Generic.List`1[PlayersWorlds.Maps.Area])" methodname="IsFillComplete" classname="PlayersWorlds.Maps.Maze.MazeGeneratorTest" runstate="Runnable" seed="785285721" result="Passed" start-time="2024-06-19T14:46:11.3800400Z" end-time="2024-06-19T14:46:11.3864580Z" duration="0.006418" asserts="5" />
                <test-case id="1-1723" name="IsFillComplete(PlayersWorlds.Maps.Maze.RecursiveBacktrackerMazeGenerator,FullWidth,Manual,System.Collections.Generic.List`1[PlayersWorlds.Maps.Area])" fullname="PlayersWorlds.Maps.Maze.MazeGeneratorTest.IsFillComplete(PlayersWorlds.Maps.Maze.RecursiveBacktrackerMazeGenerator,FullWidth,Manual,System.Collections.Generic.List`1[PlayersWorlds.Maps.Area])" methodname="IsFillComplete" classname="PlayersWorlds.Maps.Maze.MazeGeneratorTest" runstate="Runnable" seed="1829656313" result="Passed" start-time="2024-06-19T14:46:11.3864680Z" end-time="2024-06-19T14:46:11.3928540Z" duration="0.006386" asserts="5" />
                <test-case id="1-1724" name="IsFillComplete(PlayersWorlds.Maps.Maze.RecursiveBacktrackerMazeGenerator,FullWidth,Manual,System.Collections.Generic.List`1[PlayersWorlds.Maps.Area])" fullname="PlayersWorlds.Maps.Maze.MazeGeneratorTest.IsFillComplete(PlayersWorlds.Maps.Maze.RecursiveBacktrackerMazeGenerator,FullWidth,Manual,System.Collections.Generic.List`1[PlayersWorlds.Maps.Area])" methodname="IsFillComplete" classname="PlayersWorlds.Maps.Maze.MazeGeneratorTest" runstate="Runnable" seed="393524476" result="Passed" start-time="2024-06-19T14:46:11.3928640Z" end-time="2024-06-19T14:46:11.3991670Z" duration="0.006303" asserts="5" />
                <test-case id="1-1725" name="IsFillComplete(PlayersWorlds.Maps.Maze.RecursiveBacktrackerMazeGenerator,FullHeight,Auto,null)" fullname="PlayersWorlds.Maps.Maze.MazeGeneratorTest.IsFillComplete(PlayersWorlds.Maps.Maze.RecursiveBacktrackerMazeGenerator,FullHeight,Auto,null)" methodname="IsFillComplete" classname="PlayersWorlds.Maps.Maze.MazeGeneratorTest" runstate="Runnable" seed="762017017" result="Passed" start-time="2024-06-19T14:46:11.3991790Z" end-time="2024-06-19T14:46:11.4090610Z" duration="0.009882" asserts="5" />
                <test-case id="1-1726" name="IsFillComplete(PlayersWorlds.Maps.Maze.RecursiveBacktrackerMazeGenerator,FullHeight,Auto,System.Collections.Generic.List`1[PlayersWorlds.Maps.Area])" fullname="PlayersWorlds.Maps.Maze.MazeGeneratorTest.IsFillComplete(PlayersWorlds.Maps.Maze.RecursiveBacktrackerMazeGenerator,FullHeight,Auto,System.Collections.Generic.List`1[PlayersWorlds.Maps.Area])" methodname="IsFillComplete" classname="PlayersWorlds.Maps.Maze.MazeGeneratorTest" runstate="Runnable" seed="1100252718" result="Passed" start-time="2024-06-19T14:46:11.4090720Z" end-time="2024-06-19T14:46:11.4197680Z" duration="0.010697" asserts="5" />
                <test-case id="1-1727" name="IsFillComplete(PlayersWorlds.Maps.Maze.RecursiveBacktrackerMazeGenerator,FullHeight,Auto,System.Collections.Generic.List`1[PlayersWorlds.Maps.Area])" fullname="PlayersWorlds.Maps.Maze.MazeGeneratorTest.IsFillComplete(PlayersWorlds.Maps.Maze.RecursiveBacktrackerMazeGenerator,FullHeight,Auto,System.Collections.Generic.List`1[PlayersWorlds.Maps.Area])" methodname="IsFillComplete" classname="PlayersWorlds.Maps.Maze.MazeGeneratorTest" runstate="Runnable" seed="1845154290" result="Passed" start-time="2024-06-19T14:46:11.4197780Z" end-time="2024-06-19T14:46:11.4386140Z" duration="0.018836" asserts="5" />
                <test-case id="1-1728" name="IsFillComplete(PlayersWorlds.Maps.Maze.RecursiveBacktrackerMazeGenerator,FullHeight,Auto,System.Collections.Generic.List`1[PlayersWorlds.Maps.Area])" fullname="PlayersWorlds.Maps.Maze.MazeGeneratorTest.IsFillComplete(PlayersWorlds.Maps.Maze.RecursiveBacktrackerMazeGenerator,FullHeight,Auto,System.Collections.Generic.List`1[PlayersWorlds.Maps.Area])" methodname="IsFillComplete" classname="PlayersWorlds.Maps.Maze.MazeGeneratorTest" runstate="Runnable" seed="29005001" result="Passed" start-time="2024-06-19T14:46:11.4386240Z" end-time="2024-06-19T14:46:11.4684620Z" duration="0.029838" asserts="5" />
                <test-case id="1-1729" name="IsFillComplete(PlayersWorlds.Maps.Maze.RecursiveBacktrackerMazeGenerator,FullHeight,Auto,System.Collections.Generic.List`1[PlayersWorlds.Maps.Area])" fullname="PlayersWorlds.Maps.Maze.MazeGeneratorTest.IsFillComplete(PlayersWorlds.Maps.Maze.RecursiveBacktrackerMazeGenerator,FullHeight,Auto,System.Collections.Generic.List`1[PlayersWorlds.Maps.Area])" methodname="IsFillComplete" classname="PlayersWorlds.Maps.Maze.MazeGeneratorTest" runstate="Runnable" seed="350605978" result="Passed" start-time="2024-06-19T14:46:11.4684720Z" end-time="2024-06-19T14:46:11.5044960Z" duration="0.036024" asserts="5" />
                <test-case id="1-1730" name="IsFillComplete(PlayersWorlds.Maps.Maze.RecursiveBacktrackerMazeGenerator,FullHeight,Auto,System.Collections.Generic.List`1[PlayersWorlds.Maps.Area])" fullname="PlayersWorlds.Maps.Maze.MazeGeneratorTest.IsFillComplete(PlayersWorlds.Maps.Maze.RecursiveBacktrackerMazeGenerator,FullHeight,Auto,System.Collections.Generic.List`1[PlayersWorlds.Maps.Area])" methodname="IsFillComplete" classname="PlayersWorlds.Maps.Maze.MazeGeneratorTest" runstate="Runnable" seed="41109888" result="Passed" start-time="2024-06-19T14:46:11.5045060Z" end-time="2024-06-19T14:46:11.5278280Z" duration="0.023322" asserts="5" />
                <test-case id="1-1731" name="IsFillComplete(PlayersWorlds.Maps.Maze.RecursiveBacktrackerMazeGenerator,FullHeight,Manual,null)" fullname="PlayersWorlds.Maps.Maze.MazeGeneratorTest.IsFillComplete(PlayersWorlds.Maps.Maze.RecursiveBacktrackerMazeGenerator,FullHeight,Manual,null)" methodname="IsFillComplete" classname="PlayersWorlds.Maps.Maze.MazeGeneratorTest" runstate="Runnable" seed="1660227464" result="Passed" start-time="2024-06-19T14:46:11.5278380Z" end-time="2024-06-19T14:46:11.5339660Z" duration="0.006128" asserts="5" />
                <test-case id="1-1732" name="IsFillComplete(PlayersWorlds.Maps.Maze.RecursiveBacktrackerMazeGenerator,FullHeight,Manual,System.Collections.Generic.List`1[PlayersWorlds.Maps.Area])" fullname="PlayersWorlds.Maps.Maze.MazeGeneratorTest.IsFillComplete(PlayersWorlds.Maps.Maze.RecursiveBacktrackerMazeGenerator,FullHeight,Manual,System.Collections.Generic.List`1[PlayersWorlds.Maps.Area])" methodname="IsFillComplete" classname="PlayersWorlds.Maps.Maze.MazeGeneratorTest" runstate="Runnable" seed="906814247" result="Passed" start-time="2024-06-19T14:46:11.5339760Z" end-time="2024-06-19T14:46:11.5399810Z" duration="0.006005" asserts="5" />
                <test-case id="1-1733" name="IsFillComplete(PlayersWorlds.Maps.Maze.RecursiveBacktrackerMazeGenerator,FullHeight,Manual,System.Collections.Generic.List`1[PlayersWorlds.Maps.Area])" fullname="PlayersWorlds.Maps.Maze.MazeGeneratorTest.IsFillComplete(PlayersWorlds.Maps.Maze.RecursiveBacktrackerMazeGenerator,FullHeight,Manual,System.Collections.Generic.List`1[PlayersWorlds.Maps.Area])" methodname="IsFillComplete" classname="PlayersWorlds.Maps.Maze.MazeGeneratorTest" runstate="Runnable" seed="168996955" result="Passed" start-time="2024-06-19T14:46:11.5399910Z" end-time="2024-06-19T14:46:11.5459840Z" duration="0.005993" asserts="5" />
                <test-case id="1-1734" name="IsFillComplete(PlayersWorlds.Maps.Maze.RecursiveBacktrackerMazeGenerator,FullHeight,Manual,System.Collections.Generic.List`1[PlayersWorlds.Maps.Area])" fullname="PlayersWorlds.Maps.Maze.MazeGeneratorTest.IsFillComplete(PlayersWorlds.Maps.Maze.RecursiveBacktrackerMazeGenerator,FullHeight,Manual,System.Collections.Generic.List`1[PlayersWorlds.Maps.Area])" methodname="IsFillComplete" classname="PlayersWorlds.Maps.Maze.MazeGeneratorTest" runstate="Runnable" seed="305803961" result="Passed" start-time="2024-06-19T14:46:11.5459960Z" end-time="2024-06-19T14:46:11.5527620Z" duration="0.006766" asserts="5" />
                <test-case id="1-1735" name="IsFillComplete(PlayersWorlds.Maps.Maze.RecursiveBacktrackerMazeGenerator,FullHeight,Manual,System.Collections.Generic.List`1[PlayersWorlds.Maps.Area])" fullname="PlayersWorlds.Maps.Maze.MazeGeneratorTest.IsFillComplete(PlayersWorlds.Maps.Maze.RecursiveBacktrackerMazeGenerator,FullHeight,Manual,System.Collections.Generic.List`1[PlayersWorlds.Maps.Area])" methodname="IsFillComplete" classname="PlayersWorlds.Maps.Maze.MazeGeneratorTest" runstate="Runnable" seed="133403074" result="Passed" start-time="2024-06-19T14:46:11.5527790Z" end-time="2024-06-19T14:46:11.5585170Z" duration="0.005738" asserts="5" />
                <test-case id="1-1736" name="IsFillComplete(PlayersWorlds.Maps.Maze.RecursiveBacktrackerMazeGenerator,FullHeight,Manual,System.Collections.Generic.List`1[PlayersWorlds.Maps.Area])" fullname="PlayersWorlds.Maps.Maze.MazeGeneratorTest.IsFillComplete(PlayersWorlds.Maps.Maze.RecursiveBacktrackerMazeGenerator,FullHeight,Manual,System.Collections.Generic.List`1[PlayersWorlds.Maps.Area])" methodname="IsFillComplete" classname="PlayersWorlds.Maps.Maze.MazeGeneratorTest" runstate="Runnable" seed="1303915458" result="Passed" start-time="2024-06-19T14:46:11.5585270Z" end-time="2024-06-19T14:46:11.5642950Z" duration="0.005768" asserts="5" />
                <test-case id="1-1737" name="IsFillComplete(PlayersWorlds.Maps.Maze.RecursiveBacktrackerMazeGenerator,Full,Auto,null)" fullname="PlayersWorlds.Maps.Maze.MazeGeneratorTest.IsFillComplete(PlayersWorlds.Maps.Maze.RecursiveBacktrackerMazeGenerator,Full,Auto,null)" methodname="IsFillComplete" classname="PlayersWorlds.Maps.Maze.MazeGeneratorTest" runstate="Runnable" seed="323507262" result="Passed" start-time="2024-06-19T14:46:11.5643050Z" end-time="2024-06-19T14:46:11.5950020Z" duration="0.030697" asserts="5" />
                <test-case id="1-1738" name="IsFillComplete(PlayersWorlds.Maps.Maze.RecursiveBacktrackerMazeGenerator,Full,Auto,System.Collections.Generic.List`1[PlayersWorlds.Maps.Area])" fullname="PlayersWorlds.Maps.Maze.MazeGeneratorTest.IsFillComplete(PlayersWorlds.Maps.Maze.RecursiveBacktrackerMazeGenerator,Full,Auto,System.Collections.Generic.List`1[PlayersWorlds.Maps.Area])" methodname="IsFillComplete" classname="PlayersWorlds.Maps.Maze.MazeGeneratorTest" runstate="Runnable" seed="1429700524" result="Passed" start-time="2024-06-19T14:46:11.5950120Z" end-time="2024-06-19T14:46:11.6196190Z" duration="0.024606" asserts="5" />
                <test-case id="1-1739" name="IsFillComplete(PlayersWorlds.Maps.Maze.RecursiveBacktrackerMazeGenerator,Full,Auto,System.Collections.Generic.List`1[PlayersWorlds.Maps.Area])" fullname="PlayersWorlds.Maps.Maze.MazeGeneratorTest.IsFillComplete(PlayersWorlds.Maps.Maze.RecursiveBacktrackerMazeGenerator,Full,Auto,System.Collections.Generic.List`1[PlayersWorlds.Maps.Area])" methodname="IsFillComplete" classname="PlayersWorlds.Maps.Maze.MazeGeneratorTest" runstate="Runnable" seed="650082458" result="Passed" start-time="2024-06-19T14:46:11.6196290Z" end-time="2024-06-19T14:46:11.6428880Z" duration="0.023259" asserts="5" />
                <test-case id="1-1740" name="IsFillComplete(PlayersWorlds.Maps.Maze.RecursiveBacktrackerMazeGenerator,Full,Auto,System.Collections.Generic.List`1[PlayersWorlds.Maps.Area])" fullname="PlayersWorlds.Maps.Maze.MazeGeneratorTest.IsFillComplete(PlayersWorlds.Maps.Maze.RecursiveBacktrackerMazeGenerator,Full,Auto,System.Collections.Generic.List`1[PlayersWorlds.Maps.Area])" methodname="IsFillComplete" classname="PlayersWorlds.Maps.Maze.MazeGeneratorTest" runstate="Runnable" seed="1453286781" result="Passed" start-time="2024-06-19T14:46:11.6428980Z" end-time="2024-06-19T14:46:11.6718410Z" duration="0.028943" asserts="5" />
                <test-case id="1-1741" name="IsFillComplete(PlayersWorlds.Maps.Maze.RecursiveBacktrackerMazeGenerator,Full,Auto,System.Collections.Generic.List`1[PlayersWorlds.Maps.Area])" fullname="PlayersWorlds.Maps.Maze.MazeGeneratorTest.IsFillComplete(PlayersWorlds.Maps.Maze.RecursiveBacktrackerMazeGenerator,Full,Auto,System.Collections.Generic.List`1[PlayersWorlds.Maps.Area])" methodname="IsFillComplete" classname="PlayersWorlds.Maps.Maze.MazeGeneratorTest" runstate="Runnable" seed="351493060" result="Passed" start-time="2024-06-19T14:46:11.6718590Z" end-time="2024-06-19T14:46:11.6971900Z" duration="0.025332" asserts="5" />
                <test-case id="1-1742" name="IsFillComplete(PlayersWorlds.Maps.Maze.RecursiveBacktrackerMazeGenerator,Full,Auto,System.Collections.Generic.List`1[PlayersWorlds.Maps.Area])" fullname="PlayersWorlds.Maps.Maze.MazeGeneratorTest.IsFillComplete(PlayersWorlds.Maps.Maze.RecursiveBacktrackerMazeGenerator,Full,Auto,System.Collections.Generic.List`1[PlayersWorlds.Maps.Area])" methodname="IsFillComplete" classname="PlayersWorlds.Maps.Maze.MazeGeneratorTest" runstate="Runnable" seed="1474149109" result="Passed" start-time="2024-06-19T14:46:11.6972010Z" end-time="2024-06-19T14:46:11.7422820Z" duration="0.045081" asserts="5" />
                <test-case id="1-1743" name="IsFillComplete(PlayersWorlds.Maps.Maze.RecursiveBacktrackerMazeGenerator,Full,Manual,null)" fullname="PlayersWorlds.Maps.Maze.MazeGeneratorTest.IsFillComplete(PlayersWorlds.Maps.Maze.RecursiveBacktrackerMazeGenerator,Full,Manual,null)" methodname="IsFillComplete" classname="PlayersWorlds.Maps.Maze.MazeGeneratorTest" runstate="Runnable" seed="431820704" result="Passed" start-time="2024-06-19T14:46:11.7422920Z" end-time="2024-06-19T14:46:11.7498320Z" duration="0.007540" asserts="5" />
                <test-case id="1-1744" name="IsFillComplete(PlayersWorlds.Maps.Maze.RecursiveBacktrackerMazeGenerator,Full,Manual,System.Collections.Generic.List`1[PlayersWorlds.Maps.Area])" fullname="PlayersWorlds.Maps.Maze.MazeGeneratorTest.IsFillComplete(PlayersWorlds.Maps.Maze.RecursiveBacktrackerMazeGenerator,Full,Manual,System.Collections.Generic.List`1[PlayersWorlds.Maps.Area])" methodname="IsFillComplete" classname="PlayersWorlds.Maps.Maze.MazeGeneratorTest" runstate="Runnable" seed="419864008" result="Passed" start-time="2024-06-19T14:46:11.7498420Z" end-time="2024-06-19T14:46:11.7572710Z" duration="0.007429" asserts="5" />
                <test-case id="1-1745" name="IsFillComplete(PlayersWorlds.Maps.Maze.RecursiveBacktrackerMazeGenerator,Full,Manual,System.Collections.Generic.List`1[PlayersWorlds.Maps.Area])" fullname="PlayersWorlds.Maps.Maze.MazeGeneratorTest.IsFillComplete(PlayersWorlds.Maps.Maze.RecursiveBacktrackerMazeGenerator,Full,Manual,System.Collections.Generic.List`1[PlayersWorlds.Maps.Area])" methodname="IsFillComplete" classname="PlayersWorlds.Maps.Maze.MazeGeneratorTest" runstate="Runnable" seed="913801109" result="Passed" start-time="2024-06-19T14:46:11.7572810Z" end-time="2024-06-19T14:46:11.7666710Z" duration="0.009390" asserts="5" />
                <test-case id="1-1746" name="IsFillComplete(PlayersWorlds.Maps.Maze.RecursiveBacktrackerMazeGenerator,Full,Manual,System.Collections.Generic.List`1[PlayersWorlds.Maps.Area])" fullname="PlayersWorlds.Maps.Maze.MazeGeneratorTest.IsFillComplete(PlayersWorlds.Maps.Maze.RecursiveBacktrackerMazeGenerator,Full,Manual,System.Collections.Generic.List`1[PlayersWorlds.Maps.Area])" methodname="IsFillComplete" classname="PlayersWorlds.Maps.Maze.MazeGeneratorTest" runstate="Runnable" seed="1751833643" result="Passed" start-time="2024-06-19T14:46:11.7666820Z" end-time="2024-06-19T14:46:11.7740120Z" duration="0.007331" asserts="5" />
                <test-case id="1-1747" name="IsFillComplete(PlayersWorlds.Maps.Maze.RecursiveBacktrackerMazeGenerator,Full,Manual,System.Collections.Generic.List`1[PlayersWorlds.Maps.Area])" fullname="PlayersWorlds.Maps.Maze.MazeGeneratorTest.IsFillComplete(PlayersWorlds.Maps.Maze.RecursiveBacktrackerMazeGenerator,Full,Manual,System.Collections.Generic.List`1[PlayersWorlds.Maps.Area])" methodname="IsFillComplete" classname="PlayersWorlds.Maps.Maze.MazeGeneratorTest" runstate="Runnable" seed="352278110" result="Passed" start-time="2024-06-19T14:46:11.7740230Z" end-time="2024-06-19T14:46:11.7809570Z" duration="0.006935" asserts="5" />
                <test-case id="1-1748" name="IsFillComplete(PlayersWorlds.Maps.Maze.RecursiveBacktrackerMazeGenerator,Full,Manual,System.Collections.Generic.List`1[PlayersWorlds.Maps.Area])" fullname="PlayersWorlds.Maps.Maze.MazeGeneratorTest.IsFillComplete(PlayersWorlds.Maps.Maze.RecursiveBacktrackerMazeGenerator,Full,Manual,System.Collections.Generic.List`1[PlayersWorlds.Maps.Area])" methodname="IsFillComplete" classname="PlayersWorlds.Maps.Maze.MazeGeneratorTest" runstate="Runnable" seed="1191510616" result="Passed" start-time="2024-06-19T14:46:11.7809680Z" end-time="2024-06-19T14:46:11.7881700Z" duration="0.007202" asserts="5" />
                <test-case id="1-1749" name="IsFillComplete(PlayersWorlds.Maps.Maze.SidewinderMazeGenerator,Quarter,Auto,null)" fullname="PlayersWorlds.Maps.Maze.MazeGeneratorTest.IsFillComplete(PlayersWorlds.Maps.Maze.SidewinderMazeGenerator,Quarter,Auto,null)" methodname="IsFillComplete" classname="PlayersWorlds.Maps.Maze.MazeGeneratorTest" runstate="Runnable" seed="1891571917" result="Skipped" label="Ignored" start-time="2024-06-19T14:46:11.7881790Z" end-time="2024-06-19T14:46:11.7883030Z" duration="0.000123" asserts="0" />
                <test-case id="1-1750" name="IsFillComplete(PlayersWorlds.Maps.Maze.SidewinderMazeGenerator,Quarter,Auto,System.Collections.Generic.List`1[PlayersWorlds.Maps.Area])" fullname="PlayersWorlds.Maps.Maze.MazeGeneratorTest.IsFillComplete(PlayersWorlds.Maps.Maze.SidewinderMazeGenerator,Quarter,Auto,System.Collections.Generic.List`1[PlayersWorlds.Maps.Area])" methodname="IsFillComplete" classname="PlayersWorlds.Maps.Maze.MazeGeneratorTest" runstate="Runnable" seed="248023690" result="Skipped" label="Ignored" start-time="2024-06-19T14:46:11.7883090Z" end-time="2024-06-19T14:46:11.7883710Z" duration="0.000063" asserts="0" />
                <test-case id="1-1751" name="IsFillComplete(PlayersWorlds.Maps.Maze.SidewinderMazeGenerator,Quarter,Auto,System.Collections.Generic.List`1[PlayersWorlds.Maps.Area])" fullname="PlayersWorlds.Maps.Maze.MazeGeneratorTest.IsFillComplete(PlayersWorlds.Maps.Maze.SidewinderMazeGenerator,Quarter,Auto,System.Collections.Generic.List`1[PlayersWorlds.Maps.Area])" methodname="IsFillComplete" classname="PlayersWorlds.Maps.Maze.MazeGeneratorTest" runstate="Runnable" seed="1611177066" result="Skipped" label="Ignored" start-time="2024-06-19T14:46:11.7883770Z" end-time="2024-06-19T14:46:11.7884330Z" duration="0.000056" asserts="0" />
                <test-case id="1-1752" name="IsFillComplete(PlayersWorlds.Maps.Maze.SidewinderMazeGenerator,Quarter,Auto,System.Collections.Generic.List`1[PlayersWorlds.Maps.Area])" fullname="PlayersWorlds.Maps.Maze.MazeGeneratorTest.IsFillComplete(PlayersWorlds.Maps.Maze.SidewinderMazeGenerator,Quarter,Auto,System.Collections.Generic.List`1[PlayersWorlds.Maps.Area])" methodname="IsFillComplete" classname="PlayersWorlds.Maps.Maze.MazeGeneratorTest" runstate="Runnable" seed="429147089" result="Skipped" label="Ignored" start-time="2024-06-19T14:46:11.7884380Z" end-time="2024-06-19T14:46:11.7884930Z" duration="0.000055" asserts="0" />
                <test-case id="1-1753" name="IsFillComplete(PlayersWorlds.Maps.Maze.SidewinderMazeGenerator,Quarter,Auto,System.Collections.Generic.List`1[PlayersWorlds.Maps.Area])" fullname="PlayersWorlds.Maps.Maze.MazeGeneratorTest.IsFillComplete(PlayersWorlds.Maps.Maze.SidewinderMazeGenerator,Quarter,Auto,System.Collections.Generic.List`1[PlayersWorlds.Maps.Area])" methodname="IsFillComplete" classname="PlayersWorlds.Maps.Maze.MazeGeneratorTest" runstate="Runnable" seed="791812953" result="Skipped" label="Ignored" start-time="2024-06-19T14:46:11.7884980Z" end-time="2024-06-19T14:46:11.7885510Z" duration="0.000053" asserts="0" />
                <test-case id="1-1754" name="IsFillComplete(PlayersWorlds.Maps.Maze.SidewinderMazeGenerator,Quarter,Auto,System.Collections.Generic.List`1[PlayersWorlds.Maps.Area])" fullname="PlayersWorlds.Maps.Maze.MazeGeneratorTest.IsFillComplete(PlayersWorlds.Maps.Maze.SidewinderMazeGenerator,Quarter,Auto,System.Collections.Generic.List`1[PlayersWorlds.Maps.Area])" methodname="IsFillComplete" classname="PlayersWorlds.Maps.Maze.MazeGeneratorTest" runstate="Runnable" seed="1843319704" result="Skipped" label="Ignored" start-time="2024-06-19T14:46:11.7885570Z" end-time="2024-06-19T14:46:11.7886090Z" duration="0.000052" asserts="0" />
                <test-case id="1-1755" name="IsFillComplete(PlayersWorlds.Maps.Maze.SidewinderMazeGenerator,Quarter,Manual,null)" fullname="PlayersWorlds.Maps.Maze.MazeGeneratorTest.IsFillComplete(PlayersWorlds.Maps.Maze.SidewinderMazeGenerator,Quarter,Manual,null)" methodname="IsFillComplete" classname="PlayersWorlds.Maps.Maze.MazeGeneratorTest" runstate="Runnable" seed="484325980" result="Skipped" label="Ignored" start-time="2024-06-19T14:46:11.7886140Z" end-time="2024-06-19T14:46:11.7886670Z" duration="0.000053" asserts="0" />
                <test-case id="1-1756" name="IsFillComplete(PlayersWorlds.Maps.Maze.SidewinderMazeGenerator,Quarter,Manual,System.Collections.Generic.List`1[PlayersWorlds.Maps.Area])" fullname="PlayersWorlds.Maps.Maze.MazeGeneratorTest.IsFillComplete(PlayersWorlds.Maps.Maze.SidewinderMazeGenerator,Quarter,Manual,System.Collections.Generic.List`1[PlayersWorlds.Maps.Area])" methodname="IsFillComplete" classname="PlayersWorlds.Maps.Maze.MazeGeneratorTest" runstate="Runnable" seed="186922344" result="Skipped" label="Ignored" start-time="2024-06-19T14:46:11.7886720Z" end-time="2024-06-19T14:46:11.7887240Z" duration="0.000052" asserts="0" />
                <test-case id="1-1757" name="IsFillComplete(PlayersWorlds.Maps.Maze.SidewinderMazeGenerator,Quarter,Manual,System.Collections.Generic.List`1[PlayersWorlds.Maps.Area])" fullname="PlayersWorlds.Maps.Maze.MazeGeneratorTest.IsFillComplete(PlayersWorlds.Maps.Maze.SidewinderMazeGenerator,Quarter,Manual,System.Collections.Generic.List`1[PlayersWorlds.Maps.Area])" methodname="IsFillComplete" classname="PlayersWorlds.Maps.Maze.MazeGeneratorTest" runstate="Runnable" seed="837014539" result="Skipped" label="Ignored" start-time="2024-06-19T14:46:11.7887300Z" end-time="2024-06-19T14:46:11.7887810Z" duration="0.000052" asserts="0" />
                <test-case id="1-1758" name="IsFillComplete(PlayersWorlds.Maps.Maze.SidewinderMazeGenerator,Quarter,Manual,System.Collections.Generic.List`1[PlayersWorlds.Maps.Area])" fullname="PlayersWorlds.Maps.Maze.MazeGeneratorTest.IsFillComplete(PlayersWorlds.Maps.Maze.SidewinderMazeGenerator,Quarter,Manual,System.Collections.Generic.List`1[PlayersWorlds.Maps.Area])" methodname="IsFillComplete" classname="PlayersWorlds.Maps.Maze.MazeGeneratorTest" runstate="Runnable" seed="1578350099" result="Skipped" label="Ignored" start-time="2024-06-19T14:46:11.7887860Z" end-time="2024-06-19T14:46:11.7888380Z" duration="0.000051" asserts="0" />
                <test-case id="1-1759" name="IsFillComplete(PlayersWorlds.Maps.Maze.SidewinderMazeGenerator,Quarter,Manual,System.Collections.Generic.List`1[PlayersWorlds.Maps.Area])" fullname="PlayersWorlds.Maps.Maze.MazeGeneratorTest.IsFillComplete(PlayersWorlds.Maps.Maze.SidewinderMazeGenerator,Quarter,Manual,System.Collections.Generic.List`1[PlayersWorlds.Maps.Area])" methodname="IsFillComplete" classname="PlayersWorlds.Maps.Maze.MazeGeneratorTest" runstate="Runnable" seed="1527374670" result="Skipped" label="Ignored" start-time="2024-06-19T14:46:11.7888430Z" end-time="2024-06-19T14:46:11.7888940Z" duration="0.000051" asserts="0" />
                <test-case id="1-1760" name="IsFillComplete(PlayersWorlds.Maps.Maze.SidewinderMazeGenerator,Quarter,Manual,System.Collections.Generic.List`1[PlayersWorlds.Maps.Area])" fullname="PlayersWorlds.Maps.Maze.MazeGeneratorTest.IsFillComplete(PlayersWorlds.Maps.Maze.SidewinderMazeGenerator,Quarter,Manual,System.Collections.Generic.List`1[PlayersWorlds.Maps.Area])" methodname="IsFillComplete" classname="PlayersWorlds.Maps.Maze.MazeGeneratorTest" runstate="Runnable" seed="217549730" result="Skipped" label="Ignored" start-time="2024-06-19T14:46:11.7889000Z" end-time="2024-06-19T14:46:11.7889520Z" duration="0.000052" asserts="0" />
                <test-case id="1-1761" name="IsFillComplete(PlayersWorlds.Maps.Maze.SidewinderMazeGenerator,Half,Auto,null)" fullname="PlayersWorlds.Maps.Maze.MazeGeneratorTest.IsFillComplete(PlayersWorlds.Maps.Maze.SidewinderMazeGenerator,Half,Auto,null)" methodname="IsFillComplete" classname="PlayersWorlds.Maps.Maze.MazeGeneratorTest" runstate="Runnable" seed="883110186" result="Skipped" label="Ignored" start-time="2024-06-19T14:46:11.7889570Z" end-time="2024-06-19T14:46:11.7890090Z" duration="0.000051" asserts="0" />
                <test-case id="1-1762" name="IsFillComplete(PlayersWorlds.Maps.Maze.SidewinderMazeGenerator,Half,Auto,System.Collections.Generic.List`1[PlayersWorlds.Maps.Area])" fullname="PlayersWorlds.Maps.Maze.MazeGeneratorTest.IsFillComplete(PlayersWorlds.Maps.Maze.SidewinderMazeGenerator,Half,Auto,System.Collections.Generic.List`1[PlayersWorlds.Maps.Area])" methodname="IsFillComplete" classname="PlayersWorlds.Maps.Maze.MazeGeneratorTest" runstate="Runnable" seed="823175177" result="Skipped" label="Ignored" start-time="2024-06-19T14:46:11.7890140Z" end-time="2024-06-19T14:46:11.7890670Z" duration="0.000053" asserts="0" />
                <test-case id="1-1763" name="IsFillComplete(PlayersWorlds.Maps.Maze.SidewinderMazeGenerator,Half,Auto,System.Collections.Generic.List`1[PlayersWorlds.Maps.Area])" fullname="PlayersWorlds.Maps.Maze.MazeGeneratorTest.IsFillComplete(PlayersWorlds.Maps.Maze.SidewinderMazeGenerator,Half,Auto,System.Collections.Generic.List`1[PlayersWorlds.Maps.Area])" methodname="IsFillComplete" classname="PlayersWorlds.Maps.Maze.MazeGeneratorTest" runstate="Runnable" seed="85130898" result="Skipped" label="Ignored" start-time="2024-06-19T14:46:11.7890720Z" end-time="2024-06-19T14:46:11.7891230Z" duration="0.000051" asserts="0" />
                <test-case id="1-1764" name="IsFillComplete(PlayersWorlds.Maps.Maze.SidewinderMazeGenerator,Half,Auto,System.Collections.Generic.List`1[PlayersWorlds.Maps.Area])" fullname="PlayersWorlds.Maps.Maze.MazeGeneratorTest.IsFillComplete(PlayersWorlds.Maps.Maze.SidewinderMazeGenerator,Half,Auto,System.Collections.Generic.List`1[PlayersWorlds.Maps.Area])" methodname="IsFillComplete" classname="PlayersWorlds.Maps.Maze.MazeGeneratorTest" runstate="Runnable" seed="757437193" result="Skipped" label="Ignored" start-time="2024-06-19T14:46:11.7891280Z" end-time="2024-06-19T14:46:11.7891800Z" duration="0.000051" asserts="0" />
                <test-case id="1-1765" name="IsFillComplete(PlayersWorlds.Maps.Maze.SidewinderMazeGenerator,Half,Auto,System.Collections.Generic.List`1[PlayersWorlds.Maps.Area])" fullname="PlayersWorlds.Maps.Maze.MazeGeneratorTest.IsFillComplete(PlayersWorlds.Maps.Maze.SidewinderMazeGenerator,Half,Auto,System.Collections.Generic.List`1[PlayersWorlds.Maps.Area])" methodname="IsFillComplete" classname="PlayersWorlds.Maps.Maze.MazeGeneratorTest" runstate="Runnable" seed="518373807" result="Skipped" label="Ignored" start-time="2024-06-19T14:46:11.7891850Z" end-time="2024-06-19T14:46:11.7892360Z" duration="0.000051" asserts="0" />
                <test-case id="1-1766" name="IsFillComplete(PlayersWorlds.Maps.Maze.SidewinderMazeGenerator,Half,Auto,System.Collections.Generic.List`1[PlayersWorlds.Maps.Area])" fullname="PlayersWorlds.Maps.Maze.MazeGeneratorTest.IsFillComplete(PlayersWorlds.Maps.Maze.SidewinderMazeGenerator,Half,Auto,System.Collections.Generic.List`1[PlayersWorlds.Maps.Area])" methodname="IsFillComplete" classname="PlayersWorlds.Maps.Maze.MazeGeneratorTest" runstate="Runnable" seed="1828730276" result="Skipped" label="Ignored" start-time="2024-06-19T14:46:11.7892410Z" end-time="2024-06-19T14:46:11.7892930Z" duration="0.000052" asserts="0" />
                <test-case id="1-1767" name="IsFillComplete(PlayersWorlds.Maps.Maze.SidewinderMazeGenerator,Half,Manual,null)" fullname="PlayersWorlds.Maps.Maze.MazeGeneratorTest.IsFillComplete(PlayersWorlds.Maps.Maze.SidewinderMazeGenerator,Half,Manual,null)" methodname="IsFillComplete" classname="PlayersWorlds.Maps.Maze.MazeGeneratorTest" runstate="Runnable" seed="1598084975" result="Skipped" label="Ignored" start-time="2024-06-19T14:46:11.7892980Z" end-time="2024-06-19T14:46:11.7893490Z" duration="0.000051" asserts="0" />
                <test-case id="1-1768" name="IsFillComplete(PlayersWorlds.Maps.Maze.SidewinderMazeGenerator,Half,Manual,System.Collections.Generic.List`1[PlayersWorlds.Maps.Area])" fullname="PlayersWorlds.Maps.Maze.MazeGeneratorTest.IsFillComplete(PlayersWorlds.Maps.Maze.SidewinderMazeGenerator,Half,Manual,System.Collections.Generic.List`1[PlayersWorlds.Maps.Area])" methodname="IsFillComplete" classname="PlayersWorlds.Maps.Maze.MazeGeneratorTest" runstate="Runnable" seed="510070148" result="Skipped" label="Ignored" start-time="2024-06-19T14:46:11.7893540Z" end-time="2024-06-19T14:46:11.7894050Z" duration="0.000051" asserts="0" />
                <test-case id="1-1769" name="IsFillComplete(PlayersWorlds.Maps.Maze.SidewinderMazeGenerator,Half,Manual,System.Collections.Generic.List`1[PlayersWorlds.Maps.Area])" fullname="PlayersWorlds.Maps.Maze.MazeGeneratorTest.IsFillComplete(PlayersWorlds.Maps.Maze.SidewinderMazeGenerator,Half,Manual,System.Collections.Generic.List`1[PlayersWorlds.Maps.Area])" methodname="IsFillComplete" classname="PlayersWorlds.Maps.Maze.MazeGeneratorTest" runstate="Runnable" seed="1919693038" result="Skipped" label="Ignored" start-time="2024-06-19T14:46:11.7894100Z" end-time="2024-06-19T14:46:11.7894710Z" duration="0.000062" asserts="0" />
                <test-case id="1-1770" name="IsFillComplete(PlayersWorlds.Maps.Maze.SidewinderMazeGenerator,Half,Manual,System.Collections.Generic.List`1[PlayersWorlds.Maps.Area])" fullname="PlayersWorlds.Maps.Maze.MazeGeneratorTest.IsFillComplete(PlayersWorlds.Maps.Maze.SidewinderMazeGenerator,Half,Manual,System.Collections.Generic.List`1[PlayersWorlds.Maps.Area])" methodname="IsFillComplete" classname="PlayersWorlds.Maps.Maze.MazeGeneratorTest" runstate="Runnable" seed="196767137" result="Skipped" label="Ignored" start-time="2024-06-19T14:46:11.7894770Z" end-time="2024-06-19T14:46:11.7895320Z" duration="0.000054" asserts="0" />
                <test-case id="1-1771" name="IsFillComplete(PlayersWorlds.Maps.Maze.SidewinderMazeGenerator,Half,Manual,System.Collections.Generic.List`1[PlayersWorlds.Maps.Area])" fullname="PlayersWorlds.Maps.Maze.MazeGeneratorTest.IsFillComplete(PlayersWorlds.Maps.Maze.SidewinderMazeGenerator,Half,Manual,System.Collections.Generic.List`1[PlayersWorlds.Maps.Area])" methodname="IsFillComplete" classname="PlayersWorlds.Maps.Maze.MazeGeneratorTest" runstate="Runnable" seed="900075097" result="Skipped" label="Ignored" start-time="2024-06-19T14:46:11.7895370Z" end-time="2024-06-19T14:46:11.7895880Z" duration="0.000052" asserts="0" />
                <test-case id="1-1772" name="IsFillComplete(PlayersWorlds.Maps.Maze.SidewinderMazeGenerator,Half,Manual,System.Collections.Generic.List`1[PlayersWorlds.Maps.Area])" fullname="PlayersWorlds.Maps.Maze.MazeGeneratorTest.IsFillComplete(PlayersWorlds.Maps.Maze.SidewinderMazeGenerator,Half,Manual,System.Collections.Generic.List`1[PlayersWorlds.Maps.Area])" methodname="IsFillComplete" classname="PlayersWorlds.Maps.Maze.MazeGeneratorTest" runstate="Runnable" seed="1725703276" result="Skipped" label="Ignored" start-time="2024-06-19T14:46:11.7895940Z" end-time="2024-06-19T14:46:11.7896440Z" duration="0.000051" asserts="0" />
                <test-case id="1-1773" name="IsFillComplete(PlayersWorlds.Maps.Maze.SidewinderMazeGenerator,ThreeQuarters,Auto,null)" fullname="PlayersWorlds.Maps.Maze.MazeGeneratorTest.IsFillComplete(PlayersWorlds.Maps.Maze.SidewinderMazeGenerator,ThreeQuarters,Auto,null)" methodname="IsFillComplete" classname="PlayersWorlds.Maps.Maze.MazeGeneratorTest" runstate="Runnable" seed="1771418227" result="Skipped" label="Ignored" start-time="2024-06-19T14:46:11.7896500Z" end-time="2024-06-19T14:46:11.7897010Z" duration="0.000051" asserts="0" />
                <test-case id="1-1774" name="IsFillComplete(PlayersWorlds.Maps.Maze.SidewinderMazeGenerator,ThreeQuarters,Auto,System.Collections.Generic.List`1[PlayersWorlds.Maps.Area])" fullname="PlayersWorlds.Maps.Maze.MazeGeneratorTest.IsFillComplete(PlayersWorlds.Maps.Maze.SidewinderMazeGenerator,ThreeQuarters,Auto,System.Collections.Generic.List`1[PlayersWorlds.Maps.Area])" methodname="IsFillComplete" classname="PlayersWorlds.Maps.Maze.MazeGeneratorTest" runstate="Runnable" seed="2093746054" result="Skipped" label="Ignored" start-time="2024-06-19T14:46:11.7897070Z" end-time="2024-06-19T14:46:11.7897580Z" duration="0.000052" asserts="0" />
                <test-case id="1-1775" name="IsFillComplete(PlayersWorlds.Maps.Maze.SidewinderMazeGenerator,ThreeQuarters,Auto,System.Collections.Generic.List`1[PlayersWorlds.Maps.Area])" fullname="PlayersWorlds.Maps.Maze.MazeGeneratorTest.IsFillComplete(PlayersWorlds.Maps.Maze.SidewinderMazeGenerator,ThreeQuarters,Auto,System.Collections.Generic.List`1[PlayersWorlds.Maps.Area])" methodname="IsFillComplete" classname="PlayersWorlds.Maps.Maze.MazeGeneratorTest" runstate="Runnable" seed="2140961373" result="Skipped" label="Ignored" start-time="2024-06-19T14:46:11.7897640Z" end-time="2024-06-19T14:46:11.7898150Z" duration="0.000051" asserts="0" />
                <test-case id="1-1776" name="IsFillComplete(PlayersWorlds.Maps.Maze.SidewinderMazeGenerator,ThreeQuarters,Auto,System.Collections.Generic.List`1[PlayersWorlds.Maps.Area])" fullname="PlayersWorlds.Maps.Maze.MazeGeneratorTest.IsFillComplete(PlayersWorlds.Maps.Maze.SidewinderMazeGenerator,ThreeQuarters,Auto,System.Collections.Generic.List`1[PlayersWorlds.Maps.Area])" methodname="IsFillComplete" classname="PlayersWorlds.Maps.Maze.MazeGeneratorTest" runstate="Runnable" seed="1328852968" result="Skipped" label="Ignored" start-time="2024-06-19T14:46:11.7898200Z" end-time="2024-06-19T14:46:11.7898710Z" duration="0.000051" asserts="0" />
                <test-case id="1-1777" name="IsFillComplete(PlayersWorlds.Maps.Maze.SidewinderMazeGenerator,ThreeQuarters,Auto,System.Collections.Generic.List`1[PlayersWorlds.Maps.Area])" fullname="PlayersWorlds.Maps.Maze.MazeGeneratorTest.IsFillComplete(PlayersWorlds.Maps.Maze.SidewinderMazeGenerator,ThreeQuarters,Auto,System.Collections.Generic.List`1[PlayersWorlds.Maps.Area])" methodname="IsFillComplete" classname="PlayersWorlds.Maps.Maze.MazeGeneratorTest" runstate="Runnable" seed="353465017" result="Skipped" label="Ignored" start-time="2024-06-19T14:46:11.7898760Z" end-time="2024-06-19T14:46:11.7899270Z" duration="0.000051" asserts="0" />
                <test-case id="1-1778" name="IsFillComplete(PlayersWorlds.Maps.Maze.SidewinderMazeGenerator,ThreeQuarters,Auto,System.Collections.Generic.List`1[PlayersWorlds.Maps.Area])" fullname="PlayersWorlds.Maps.Maze.MazeGeneratorTest.IsFillComplete(PlayersWorlds.Maps.Maze.SidewinderMazeGenerator,ThreeQuarters,Auto,System.Collections.Generic.List`1[PlayersWorlds.Maps.Area])" methodname="IsFillComplete" classname="PlayersWorlds.Maps.Maze.MazeGeneratorTest" runstate="Runnable" seed="1409792305" result="Skipped" label="Ignored" start-time="2024-06-19T14:46:11.7899320Z" end-time="2024-06-19T14:46:11.7899830Z" duration="0.000051" asserts="0" />
                <test-case id="1-1779" name="IsFillComplete(PlayersWorlds.Maps.Maze.SidewinderMazeGenerator,ThreeQuarters,Manual,null)" fullname="PlayersWorlds.Maps.Maze.MazeGeneratorTest.IsFillComplete(PlayersWorlds.Maps.Maze.SidewinderMazeGenerator,ThreeQuarters,Manual,null)" methodname="IsFillComplete" classname="PlayersWorlds.Maps.Maze.MazeGeneratorTest" runstate="Runnable" seed="1627207014" result="Skipped" label="Ignored" start-time="2024-06-19T14:46:11.7899880Z" end-time="2024-06-19T14:46:11.7900400Z" duration="0.000052" asserts="0" />
                <test-case id="1-1780" name="IsFillComplete(PlayersWorlds.Maps.Maze.SidewinderMazeGenerator,ThreeQuarters,Manual,System.Collections.Generic.List`1[PlayersWorlds.Maps.Area])" fullname="PlayersWorlds.Maps.Maze.MazeGeneratorTest.IsFillComplete(PlayersWorlds.Maps.Maze.SidewinderMazeGenerator,ThreeQuarters,Manual,System.Collections.Generic.List`1[PlayersWorlds.Maps.Area])" methodname="IsFillComplete" classname="PlayersWorlds.Maps.Maze.MazeGeneratorTest" runstate="Runnable" seed="1157667021" result="Skipped" label="Ignored" start-time="2024-06-19T14:46:11.7900450Z" end-time="2024-06-19T14:46:11.7900970Z" duration="0.000052" asserts="0" />
                <test-case id="1-1781" name="IsFillComplete(PlayersWorlds.Maps.Maze.SidewinderMazeGenerator,ThreeQuarters,Manual,System.Collections.Generic.List`1[PlayersWorlds.Maps.Area])" fullname="PlayersWorlds.Maps.Maze.MazeGeneratorTest.IsFillComplete(PlayersWorlds.Maps.Maze.SidewinderMazeGenerator,ThreeQuarters,Manual,System.Collections.Generic.List`1[PlayersWorlds.Maps.Area])" methodname="IsFillComplete" classname="PlayersWorlds.Maps.Maze.MazeGeneratorTest" runstate="Runnable" seed="747974608" result="Skipped" label="Ignored" start-time="2024-06-19T14:46:11.7901020Z" end-time="2024-06-19T14:46:11.7901540Z" duration="0.000051" asserts="0" />
                <test-case id="1-1782" name="IsFillComplete(PlayersWorlds.Maps.Maze.SidewinderMazeGenerator,ThreeQuarters,Manual,System.Collections.Generic.List`1[PlayersWorlds.Maps.Area])" fullname="PlayersWorlds.Maps.Maze.MazeGeneratorTest.IsFillComplete(PlayersWorlds.Maps.Maze.SidewinderMazeGenerator,ThreeQuarters,Manual,System.Collections.Generic.List`1[PlayersWorlds.Maps.Area])" methodname="IsFillComplete" classname="PlayersWorlds.Maps.Maze.MazeGeneratorTest" runstate="Runnable" seed="653643674" result="Skipped" label="Ignored" start-time="2024-06-19T14:46:11.7901590Z" end-time="2024-06-19T14:46:11.7902110Z" duration="0.000052" asserts="0" />
                <test-case id="1-1783" name="IsFillComplete(PlayersWorlds.Maps.Maze.SidewinderMazeGenerator,ThreeQuarters,Manual,System.Collections.Generic.List`1[PlayersWorlds.Maps.Area])" fullname="PlayersWorlds.Maps.Maze.MazeGeneratorTest.IsFillComplete(PlayersWorlds.Maps.Maze.SidewinderMazeGenerator,ThreeQuarters,Manual,System.Collections.Generic.List`1[PlayersWorlds.Maps.Area])" methodname="IsFillComplete" classname="PlayersWorlds.Maps.Maze.MazeGeneratorTest" runstate="Runnable" seed="284916731" result="Skipped" label="Ignored" start-time="2024-06-19T14:46:11.7902160Z" end-time="2024-06-19T14:46:11.7902670Z" duration="0.000051" asserts="0" />
                <test-case id="1-1784" name="IsFillComplete(PlayersWorlds.Maps.Maze.SidewinderMazeGenerator,ThreeQuarters,Manual,System.Collections.Generic.List`1[PlayersWorlds.Maps.Area])" fullname="PlayersWorlds.Maps.Maze.MazeGeneratorTest.IsFillComplete(PlayersWorlds.Maps.Maze.SidewinderMazeGenerator,ThreeQuarters,Manual,System.Collections.Generic.List`1[PlayersWorlds.Maps.Area])" methodname="IsFillComplete" classname="PlayersWorlds.Maps.Maze.MazeGeneratorTest" runstate="Runnable" seed="102582288" result="Skipped" label="Ignored" start-time="2024-06-19T14:46:11.7902730Z" end-time="2024-06-19T14:46:11.7903240Z" duration="0.000051" asserts="0" />
                <test-case id="1-1785" name="IsFillComplete(PlayersWorlds.Maps.Maze.SidewinderMazeGenerator,NinetyPercent,Auto,null)" fullname="PlayersWorlds.Maps.Maze.MazeGeneratorTest.IsFillComplete(PlayersWorlds.Maps.Maze.SidewinderMazeGenerator,NinetyPercent,Auto,null)" methodname="IsFillComplete" classname="PlayersWorlds.Maps.Maze.MazeGeneratorTest" runstate="Runnable" seed="577416469" result="Skipped" label="Ignored" start-time="2024-06-19T14:46:11.7903290Z" end-time="2024-06-19T14:46:11.7903810Z" duration="0.000052" asserts="0" />
                <test-case id="1-1786" name="IsFillComplete(PlayersWorlds.Maps.Maze.SidewinderMazeGenerator,NinetyPercent,Auto,System.Collections.Generic.List`1[PlayersWorlds.Maps.Area])" fullname="PlayersWorlds.Maps.Maze.MazeGeneratorTest.IsFillComplete(PlayersWorlds.Maps.Maze.SidewinderMazeGenerator,NinetyPercent,Auto,System.Collections.Generic.List`1[PlayersWorlds.Maps.Area])" methodname="IsFillComplete" classname="PlayersWorlds.Maps.Maze.MazeGeneratorTest" runstate="Runnable" seed="1231080375" result="Skipped" label="Ignored" start-time="2024-06-19T14:46:11.7903870Z" end-time="2024-06-19T14:46:11.7904380Z" duration="0.000052" asserts="0" />
                <test-case id="1-1787" name="IsFillComplete(PlayersWorlds.Maps.Maze.SidewinderMazeGenerator,NinetyPercent,Auto,System.Collections.Generic.List`1[PlayersWorlds.Maps.Area])" fullname="PlayersWorlds.Maps.Maze.MazeGeneratorTest.IsFillComplete(PlayersWorlds.Maps.Maze.SidewinderMazeGenerator,NinetyPercent,Auto,System.Collections.Generic.List`1[PlayersWorlds.Maps.Area])" methodname="IsFillComplete" classname="PlayersWorlds.Maps.Maze.MazeGeneratorTest" runstate="Runnable" seed="115001294" result="Skipped" label="Ignored" start-time="2024-06-19T14:46:11.7904440Z" end-time="2024-06-19T14:46:11.7904960Z" duration="0.000052" asserts="0" />
                <test-case id="1-1788" name="IsFillComplete(PlayersWorlds.Maps.Maze.SidewinderMazeGenerator,NinetyPercent,Auto,System.Collections.Generic.List`1[PlayersWorlds.Maps.Area])" fullname="PlayersWorlds.Maps.Maze.MazeGeneratorTest.IsFillComplete(PlayersWorlds.Maps.Maze.SidewinderMazeGenerator,NinetyPercent,Auto,System.Collections.Generic.List`1[PlayersWorlds.Maps.Area])" methodname="IsFillComplete" classname="PlayersWorlds.Maps.Maze.MazeGeneratorTest" runstate="Runnable" seed="473160898" result="Skipped" label="Ignored" start-time="2024-06-19T14:46:11.7905010Z" end-time="2024-06-19T14:46:11.7905520Z" duration="0.000051" asserts="0" />
                <test-case id="1-1789" name="IsFillComplete(PlayersWorlds.Maps.Maze.SidewinderMazeGenerator,NinetyPercent,Auto,System.Collections.Generic.List`1[PlayersWorlds.Maps.Area])" fullname="PlayersWorlds.Maps.Maze.MazeGeneratorTest.IsFillComplete(PlayersWorlds.Maps.Maze.SidewinderMazeGenerator,NinetyPercent,Auto,System.Collections.Generic.List`1[PlayersWorlds.Maps.Area])" methodname="IsFillComplete" classname="PlayersWorlds.Maps.Maze.MazeGeneratorTest" runstate="Runnable" seed="1968961628" result="Skipped" label="Ignored" start-time="2024-06-19T14:46:11.7905570Z" end-time="2024-06-19T14:46:11.7906080Z" duration="0.000051" asserts="0" />
                <test-case id="1-1790" name="IsFillComplete(PlayersWorlds.Maps.Maze.SidewinderMazeGenerator,NinetyPercent,Auto,System.Collections.Generic.List`1[PlayersWorlds.Maps.Area])" fullname="PlayersWorlds.Maps.Maze.MazeGeneratorTest.IsFillComplete(PlayersWorlds.Maps.Maze.SidewinderMazeGenerator,NinetyPercent,Auto,System.Collections.Generic.List`1[PlayersWorlds.Maps.Area])" methodname="IsFillComplete" classname="PlayersWorlds.Maps.Maze.MazeGeneratorTest" runstate="Runnable" seed="2093964377" result="Skipped" label="Ignored" start-time="2024-06-19T14:46:11.7906140Z" end-time="2024-06-19T14:46:11.7906650Z" duration="0.000051" asserts="0" />
                <test-case id="1-1791" name="IsFillComplete(PlayersWorlds.Maps.Maze.SidewinderMazeGenerator,NinetyPercent,Manual,null)" fullname="PlayersWorlds.Maps.Maze.MazeGeneratorTest.IsFillComplete(PlayersWorlds.Maps.Maze.SidewinderMazeGenerator,NinetyPercent,Manual,null)" methodname="IsFillComplete" classname="PlayersWorlds.Maps.Maze.MazeGeneratorTest" runstate="Runnable" seed="466900919" result="Skipped" label="Ignored" start-time="2024-06-19T14:46:11.7906700Z" end-time="2024-06-19T14:46:11.7907210Z" duration="0.000051" asserts="0" />
                <test-case id="1-1792" name="IsFillComplete(PlayersWorlds.Maps.Maze.SidewinderMazeGenerator,NinetyPercent,Manual,System.Collections.Generic.List`1[PlayersWorlds.Maps.Area])" fullname="PlayersWorlds.Maps.Maze.MazeGeneratorTest.IsFillComplete(PlayersWorlds.Maps.Maze.SidewinderMazeGenerator,NinetyPercent,Manual,System.Collections.Generic.List`1[PlayersWorlds.Maps.Area])" methodname="IsFillComplete" classname="PlayersWorlds.Maps.Maze.MazeGeneratorTest" runstate="Runnable" seed="892640810" result="Skipped" label="Ignored" start-time="2024-06-19T14:46:11.7907270Z" end-time="2024-06-19T14:46:11.7907780Z" duration="0.000052" asserts="0" />
                <test-case id="1-1793" name="IsFillComplete(PlayersWorlds.Maps.Maze.SidewinderMazeGenerator,NinetyPercent,Manual,System.Collections.Generic.List`1[PlayersWorlds.Maps.Area])" fullname="PlayersWorlds.Maps.Maze.MazeGeneratorTest.IsFillComplete(PlayersWorlds.Maps.Maze.SidewinderMazeGenerator,NinetyPercent,Manual,System.Collections.Generic.List`1[PlayersWorlds.Maps.Area])" methodname="IsFillComplete" classname="PlayersWorlds.Maps.Maze.MazeGeneratorTest" runstate="Runnable" seed="2049809501" result="Skipped" label="Ignored" start-time="2024-06-19T14:46:11.7907830Z" end-time="2024-06-19T14:46:11.7908340Z" duration="0.000051" asserts="0" />
                <test-case id="1-1794" name="IsFillComplete(PlayersWorlds.Maps.Maze.SidewinderMazeGenerator,NinetyPercent,Manual,System.Collections.Generic.List`1[PlayersWorlds.Maps.Area])" fullname="PlayersWorlds.Maps.Maze.MazeGeneratorTest.IsFillComplete(PlayersWorlds.Maps.Maze.SidewinderMazeGenerator,NinetyPercent,Manual,System.Collections.Generic.List`1[PlayersWorlds.Maps.Area])" methodname="IsFillComplete" classname="PlayersWorlds.Maps.Maze.MazeGeneratorTest" runstate="Runnable" seed="432532728" result="Skipped" label="Ignored" start-time="2024-06-19T14:46:11.7908400Z" end-time="2024-06-19T14:46:11.7908900Z" duration="0.000051" asserts="0" />
                <test-case id="1-1795" name="IsFillComplete(PlayersWorlds.Maps.Maze.SidewinderMazeGenerator,NinetyPercent,Manual,System.Collections.Generic.List`1[PlayersWorlds.Maps.Area])" fullname="PlayersWorlds.Maps.Maze.MazeGeneratorTest.IsFillComplete(PlayersWorlds.Maps.Maze.SidewinderMazeGenerator,NinetyPercent,Manual,System.Collections.Generic.List`1[PlayersWorlds.Maps.Area])" methodname="IsFillComplete" classname="PlayersWorlds.Maps.Maze.MazeGeneratorTest" runstate="Runnable" seed="570176595" result="Skipped" label="Ignored" start-time="2024-06-19T14:46:11.7908960Z" end-time="2024-06-19T14:46:11.7909470Z" duration="0.000052" asserts="0" />
                <test-case id="1-1796" name="IsFillComplete(PlayersWorlds.Maps.Maze.SidewinderMazeGenerator,NinetyPercent,Manual,System.Collections.Generic.List`1[PlayersWorlds.Maps.Area])" fullname="PlayersWorlds.Maps.Maze.MazeGeneratorTest.IsFillComplete(PlayersWorlds.Maps.Maze.SidewinderMazeGenerator,NinetyPercent,Manual,System.Collections.Generic.List`1[PlayersWorlds.Maps.Area])" methodname="IsFillComplete" classname="PlayersWorlds.Maps.Maze.MazeGeneratorTest" runstate="Runnable" seed="1675801530" result="Skipped" label="Ignored" start-time="2024-06-19T14:46:11.7909520Z" end-time="2024-06-19T14:46:11.7910030Z" duration="0.000051" asserts="0" />
                <test-case id="1-1797" name="IsFillComplete(PlayersWorlds.Maps.Maze.SidewinderMazeGenerator,FullWidth,Auto,null)" fullname="PlayersWorlds.Maps.Maze.MazeGeneratorTest.IsFillComplete(PlayersWorlds.Maps.Maze.SidewinderMazeGenerator,FullWidth,Auto,null)" methodname="IsFillComplete" classname="PlayersWorlds.Maps.Maze.MazeGeneratorTest" runstate="Runnable" seed="1389018211" result="Skipped" label="Ignored" start-time="2024-06-19T14:46:11.7910080Z" end-time="2024-06-19T14:46:11.7910600Z" duration="0.000052" asserts="0" />
                <test-case id="1-1798" name="IsFillComplete(PlayersWorlds.Maps.Maze.SidewinderMazeGenerator,FullWidth,Auto,System.Collections.Generic.List`1[PlayersWorlds.Maps.Area])" fullname="PlayersWorlds.Maps.Maze.MazeGeneratorTest.IsFillComplete(PlayersWorlds.Maps.Maze.SidewinderMazeGenerator,FullWidth,Auto,System.Collections.Generic.List`1[PlayersWorlds.Maps.Area])" methodname="IsFillComplete" classname="PlayersWorlds.Maps.Maze.MazeGeneratorTest" runstate="Runnable" seed="1821867158" result="Skipped" label="Ignored" start-time="2024-06-19T14:46:11.7910650Z" end-time="2024-06-19T14:46:11.7911160Z" duration="0.000050" asserts="0" />
                <test-case id="1-1799" name="IsFillComplete(PlayersWorlds.Maps.Maze.SidewinderMazeGenerator,FullWidth,Auto,System.Collections.Generic.List`1[PlayersWorlds.Maps.Area])" fullname="PlayersWorlds.Maps.Maze.MazeGeneratorTest.IsFillComplete(PlayersWorlds.Maps.Maze.SidewinderMazeGenerator,FullWidth,Auto,System.Collections.Generic.List`1[PlayersWorlds.Maps.Area])" methodname="IsFillComplete" classname="PlayersWorlds.Maps.Maze.MazeGeneratorTest" runstate="Runnable" seed="2048973848" result="Skipped" label="Ignored" start-time="2024-06-19T14:46:11.7911210Z" end-time="2024-06-19T14:46:11.7911720Z" duration="0.000051" asserts="0" />
                <test-case id="1-1800" name="IsFillComplete(PlayersWorlds.Maps.Maze.SidewinderMazeGenerator,FullWidth,Auto,System.Collections.Generic.List`1[PlayersWorlds.Maps.Area])" fullname="PlayersWorlds.Maps.Maze.MazeGeneratorTest.IsFillComplete(PlayersWorlds.Maps.Maze.SidewinderMazeGenerator,FullWidth,Auto,System.Collections.Generic.List`1[PlayersWorlds.Maps.Area])" methodname="IsFillComplete" classname="PlayersWorlds.Maps.Maze.MazeGeneratorTest" runstate="Runnable" seed="1232554480" result="Skipped" label="Ignored" start-time="2024-06-19T14:46:11.7911770Z" end-time="2024-06-19T14:46:11.7912280Z" duration="0.000051" asserts="0" />
                <test-case id="1-1801" name="IsFillComplete(PlayersWorlds.Maps.Maze.SidewinderMazeGenerator,FullWidth,Auto,System.Collections.Generic.List`1[PlayersWorlds.Maps.Area])" fullname="PlayersWorlds.Maps.Maze.MazeGeneratorTest.IsFillComplete(PlayersWorlds.Maps.Maze.SidewinderMazeGenerator,FullWidth,Auto,System.Collections.Generic.List`1[PlayersWorlds.Maps.Area])" methodname="IsFillComplete" classname="PlayersWorlds.Maps.Maze.MazeGeneratorTest" runstate="Runnable" seed="153748668" result="Skipped" label="Ignored" start-time="2024-06-19T14:46:11.7912330Z" end-time="2024-06-19T14:46:11.7912840Z" duration="0.000051" asserts="0" />
                <test-case id="1-1802" name="IsFillComplete(PlayersWorlds.Maps.Maze.SidewinderMazeGenerator,FullWidth,Auto,System.Collections.Generic.List`1[PlayersWorlds.Maps.Area])" fullname="PlayersWorlds.Maps.Maze.MazeGeneratorTest.IsFillComplete(PlayersWorlds.Maps.Maze.SidewinderMazeGenerator,FullWidth,Auto,System.Collections.Generic.List`1[PlayersWorlds.Maps.Area])" methodname="IsFillComplete" classname="PlayersWorlds.Maps.Maze.MazeGeneratorTest" runstate="Runnable" seed="1989691609" result="Skipped" label="Ignored" start-time="2024-06-19T14:46:11.7912890Z" end-time="2024-06-19T14:46:11.7913400Z" duration="0.000050" asserts="0" />
                <test-case id="1-1803" name="IsFillComplete(PlayersWorlds.Maps.Maze.SidewinderMazeGenerator,FullWidth,Manual,null)" fullname="PlayersWorlds.Maps.Maze.MazeGeneratorTest.IsFillComplete(PlayersWorlds.Maps.Maze.SidewinderMazeGenerator,FullWidth,Manual,null)" methodname="IsFillComplete" classname="PlayersWorlds.Maps.Maze.MazeGeneratorTest" runstate="Runnable" seed="1419301225" result="Skipped" label="Ignored" start-time="2024-06-19T14:46:11.7913450Z" end-time="2024-06-19T14:46:11.7913950Z" duration="0.000051" asserts="0" />
                <test-case id="1-1804" name="IsFillComplete(PlayersWorlds.Maps.Maze.SidewinderMazeGenerator,FullWidth,Manual,System.Collections.Generic.List`1[PlayersWorlds.Maps.Area])" fullname="PlayersWorlds.Maps.Maze.MazeGeneratorTest.IsFillComplete(PlayersWorlds.Maps.Maze.SidewinderMazeGenerator,FullWidth,Manual,System.Collections.Generic.List`1[PlayersWorlds.Maps.Area])" methodname="IsFillComplete" classname="PlayersWorlds.Maps.Maze.MazeGeneratorTest" runstate="Runnable" seed="1694804780" result="Skipped" label="Ignored" start-time="2024-06-19T14:46:11.7914000Z" end-time="2024-06-19T14:46:11.7914510Z" duration="0.000051" asserts="0" />
                <test-case id="1-1805" name="IsFillComplete(PlayersWorlds.Maps.Maze.SidewinderMazeGenerator,FullWidth,Manual,System.Collections.Generic.List`1[PlayersWorlds.Maps.Area])" fullname="PlayersWorlds.Maps.Maze.MazeGeneratorTest.IsFillComplete(PlayersWorlds.Maps.Maze.SidewinderMazeGenerator,FullWidth,Manual,System.Collections.Generic.List`1[PlayersWorlds.Maps.Area])" methodname="IsFillComplete" classname="PlayersWorlds.Maps.Maze.MazeGeneratorTest" runstate="Runnable" seed="1495432240" result="Skipped" label="Ignored" start-time="2024-06-19T14:46:11.7914560Z" end-time="2024-06-19T14:46:11.7915070Z" duration="0.000050" asserts="0" />
                <test-case id="1-1806" name="IsFillComplete(PlayersWorlds.Maps.Maze.SidewinderMazeGenerator,FullWidth,Manual,System.Collections.Generic.List`1[PlayersWorlds.Maps.Area])" fullname="PlayersWorlds.Maps.Maze.MazeGeneratorTest.IsFillComplete(PlayersWorlds.Maps.Maze.SidewinderMazeGenerator,FullWidth,Manual,System.Collections.Generic.List`1[PlayersWorlds.Maps.Area])" methodname="IsFillComplete" classname="PlayersWorlds.Maps.Maze.MazeGeneratorTest" runstate="Runnable" seed="2032957437" result="Skipped" label="Ignored" start-time="2024-06-19T14:46:11.7915120Z" end-time="2024-06-19T14:46:11.7915630Z" duration="0.000050" asserts="0" />
                <test-case id="1-1807" name="IsFillComplete(PlayersWorlds.Maps.Maze.SidewinderMazeGenerator,FullWidth,Manual,System.Collections.Generic.List`1[PlayersWorlds.Maps.Area])" fullname="PlayersWorlds.Maps.Maze.MazeGeneratorTest.IsFillComplete(PlayersWorlds.Maps.Maze.SidewinderMazeGenerator,FullWidth,Manual,System.Collections.Generic.List`1[PlayersWorlds.Maps.Area])" methodname="IsFillComplete" classname="PlayersWorlds.Maps.Maze.MazeGeneratorTest" runstate="Runnable" seed="805212509" result="Skipped" label="Ignored" start-time="2024-06-19T14:46:11.7915680Z" end-time="2024-06-19T14:46:11.7916190Z" duration="0.000051" asserts="0" />
                <test-case id="1-1808" name="IsFillComplete(PlayersWorlds.Maps.Maze.SidewinderMazeGenerator,FullWidth,Manual,System.Collections.Generic.List`1[PlayersWorlds.Maps.Area])" fullname="PlayersWorlds.Maps.Maze.MazeGeneratorTest.IsFillComplete(PlayersWorlds.Maps.Maze.SidewinderMazeGenerator,FullWidth,Manual,System.Collections.Generic.List`1[PlayersWorlds.Maps.Area])" methodname="IsFillComplete" classname="PlayersWorlds.Maps.Maze.MazeGeneratorTest" runstate="Runnable" seed="845550546" result="Skipped" label="Ignored" start-time="2024-06-19T14:46:11.7916240Z" end-time="2024-06-19T14:46:11.7916750Z" duration="0.000051" asserts="0" />
                <test-case id="1-1809" name="IsFillComplete(PlayersWorlds.Maps.Maze.SidewinderMazeGenerator,FullHeight,Auto,null)" fullname="PlayersWorlds.Maps.Maze.MazeGeneratorTest.IsFillComplete(PlayersWorlds.Maps.Maze.SidewinderMazeGenerator,FullHeight,Auto,null)" methodname="IsFillComplete" classname="PlayersWorlds.Maps.Maze.MazeGeneratorTest" runstate="Runnable" seed="1849841978" result="Skipped" label="Ignored" start-time="2024-06-19T14:46:11.7916800Z" end-time="2024-06-19T14:46:11.7917320Z" duration="0.000052" asserts="0" />
                <test-case id="1-1810" name="IsFillComplete(PlayersWorlds.Maps.Maze.SidewinderMazeGenerator,FullHeight,Auto,System.Collections.Generic.List`1[PlayersWorlds.Maps.Area])" fullname="PlayersWorlds.Maps.Maze.MazeGeneratorTest.IsFillComplete(PlayersWorlds.Maps.Maze.SidewinderMazeGenerator,FullHeight,Auto,System.Collections.Generic.List`1[PlayersWorlds.Maps.Area])" methodname="IsFillComplete" classname="PlayersWorlds.Maps.Maze.MazeGeneratorTest" runstate="Runnable" seed="1302956659" result="Skipped" label="Ignored" start-time="2024-06-19T14:46:11.7917370Z" end-time="2024-06-19T14:46:11.7917880Z" duration="0.000051" asserts="0" />
                <test-case id="1-1811" name="IsFillComplete(PlayersWorlds.Maps.Maze.SidewinderMazeGenerator,FullHeight,Auto,System.Collections.Generic.List`1[PlayersWorlds.Maps.Area])" fullname="PlayersWorlds.Maps.Maze.MazeGeneratorTest.IsFillComplete(PlayersWorlds.Maps.Maze.SidewinderMazeGenerator,FullHeight,Auto,System.Collections.Generic.List`1[PlayersWorlds.Maps.Area])" methodname="IsFillComplete" classname="PlayersWorlds.Maps.Maze.MazeGeneratorTest" runstate="Runnable" seed="1980940974" result="Skipped" label="Ignored" start-time="2024-06-19T14:46:11.7917930Z" end-time="2024-06-19T14:46:11.7918440Z" duration="0.000051" asserts="0" />
                <test-case id="1-1812" name="IsFillComplete(PlayersWorlds.Maps.Maze.SidewinderMazeGenerator,FullHeight,Auto,System.Collections.Generic.List`1[PlayersWorlds.Maps.Area])" fullname="PlayersWorlds.Maps.Maze.MazeGeneratorTest.IsFillComplete(PlayersWorlds.Maps.Maze.SidewinderMazeGenerator,FullHeight,Auto,System.Collections.Generic.List`1[PlayersWorlds.Maps.Area])" methodname="IsFillComplete" classname="PlayersWorlds.Maps.Maze.MazeGeneratorTest" runstate="Runnable" seed="1574705881" result="Skipped" label="Ignored" start-time="2024-06-19T14:46:11.7918500Z" end-time="2024-06-19T14:46:11.7919020Z" duration="0.000052" asserts="0" />
                <test-case id="1-1813" name="IsFillComplete(PlayersWorlds.Maps.Maze.SidewinderMazeGenerator,FullHeight,Auto,System.Collections.Generic.List`1[PlayersWorlds.Maps.Area])" fullname="PlayersWorlds.Maps.Maze.MazeGeneratorTest.IsFillComplete(PlayersWorlds.Maps.Maze.SidewinderMazeGenerator,FullHeight,Auto,System.Collections.Generic.List`1[PlayersWorlds.Maps.Area])" methodname="IsFillComplete" classname="PlayersWorlds.Maps.Maze.MazeGeneratorTest" runstate="Runnable" seed="2098626732" result="Skipped" label="Ignored" start-time="2024-06-19T14:46:11.7919070Z" end-time="2024-06-19T14:46:11.7919590Z" duration="0.000052" asserts="0" />
                <test-case id="1-1814" name="IsFillComplete(PlayersWorlds.Maps.Maze.SidewinderMazeGenerator,FullHeight,Auto,System.Collections.Generic.List`1[PlayersWorlds.Maps.Area])" fullname="PlayersWorlds.Maps.Maze.MazeGeneratorTest.IsFillComplete(PlayersWorlds.Maps.Maze.SidewinderMazeGenerator,FullHeight,Auto,System.Collections.Generic.List`1[PlayersWorlds.Maps.Area])" methodname="IsFillComplete" classname="PlayersWorlds.Maps.Maze.MazeGeneratorTest" runstate="Runnable" seed="369707649" result="Skipped" label="Ignored" start-time="2024-06-19T14:46:11.7919640Z" end-time="2024-06-19T14:46:11.7920150Z" duration="0.000051" asserts="0" />
                <test-case id="1-1815" name="IsFillComplete(PlayersWorlds.Maps.Maze.SidewinderMazeGenerator,FullHeight,Manual,null)" fullname="PlayersWorlds.Maps.Maze.MazeGeneratorTest.IsFillComplete(PlayersWorlds.Maps.Maze.SidewinderMazeGenerator,FullHeight,Manual,null)" methodname="IsFillComplete" classname="PlayersWorlds.Maps.Maze.MazeGeneratorTest" runstate="Runnable" seed="1617058769" result="Skipped" label="Ignored" start-time="2024-06-19T14:46:11.7920210Z" end-time="2024-06-19T14:46:11.7920730Z" duration="0.000052" asserts="0" />
                <test-case id="1-1816" name="IsFillComplete(PlayersWorlds.Maps.Maze.SidewinderMazeGenerator,FullHeight,Manual,System.Collections.Generic.List`1[PlayersWorlds.Maps.Area])" fullname="PlayersWorlds.Maps.Maze.MazeGeneratorTest.IsFillComplete(PlayersWorlds.Maps.Maze.SidewinderMazeGenerator,FullHeight,Manual,System.Collections.Generic.List`1[PlayersWorlds.Maps.Area])" methodname="IsFillComplete" classname="PlayersWorlds.Maps.Maze.MazeGeneratorTest" runstate="Runnable" seed="229466512" result="Skipped" label="Ignored" start-time="2024-06-19T14:46:11.7920780Z" end-time="2024-06-19T14:46:11.7921290Z" duration="0.000052" asserts="0" />
                <test-case id="1-1817" name="IsFillComplete(PlayersWorlds.Maps.Maze.SidewinderMazeGenerator,FullHeight,Manual,System.Collections.Generic.List`1[PlayersWorlds.Maps.Area])" fullname="PlayersWorlds.Maps.Maze.MazeGeneratorTest.IsFillComplete(PlayersWorlds.Maps.Maze.SidewinderMazeGenerator,FullHeight,Manual,System.Collections.Generic.List`1[PlayersWorlds.Maps.Area])" methodname="IsFillComplete" classname="PlayersWorlds.Maps.Maze.MazeGeneratorTest" runstate="Runnable" seed="538258446" result="Skipped" label="Ignored" start-time="2024-06-19T14:46:11.7921350Z" end-time="2024-06-19T14:46:11.7921860Z" duration="0.000052" asserts="0" />
                <test-case id="1-1818" name="IsFillComplete(PlayersWorlds.Maps.Maze.SidewinderMazeGenerator,FullHeight,Manual,System.Collections.Generic.List`1[PlayersWorlds.Maps.Area])" fullname="PlayersWorlds.Maps.Maze.MazeGeneratorTest.IsFillComplete(PlayersWorlds.Maps.Maze.SidewinderMazeGenerator,FullHeight,Manual,System.Collections.Generic.List`1[PlayersWorlds.Maps.Area])" methodname="IsFillComplete" classname="PlayersWorlds.Maps.Maze.MazeGeneratorTest" runstate="Runnable" seed="2130032257" result="Skipped" label="Ignored" start-time="2024-06-19T14:46:11.7921910Z" end-time="2024-06-19T14:46:11.7922430Z" duration="0.000052" asserts="0" />
                <test-case id="1-1819" name="IsFillComplete(PlayersWorlds.Maps.Maze.SidewinderMazeGenerator,FullHeight,Manual,System.Collections.Generic.List`1[PlayersWorlds.Maps.Area])" fullname="PlayersWorlds.Maps.Maze.MazeGeneratorTest.IsFillComplete(PlayersWorlds.Maps.Maze.SidewinderMazeGenerator,FullHeight,Manual,System.Collections.Generic.List`1[PlayersWorlds.Maps.Area])" methodname="IsFillComplete" classname="PlayersWorlds.Maps.Maze.MazeGeneratorTest" runstate="Runnable" seed="180020724" result="Skipped" label="Ignored" start-time="2024-06-19T14:46:11.7922480Z" end-time="2024-06-19T14:46:11.7922990Z" duration="0.000051" asserts="0" />
                <test-case id="1-1820" name="IsFillComplete(PlayersWorlds.Maps.Maze.SidewinderMazeGenerator,FullHeight,Manual,System.Collections.Generic.List`1[PlayersWorlds.Maps.Area])" fullname="PlayersWorlds.Maps.Maze.MazeGeneratorTest.IsFillComplete(PlayersWorlds.Maps.Maze.SidewinderMazeGenerator,FullHeight,Manual,System.Collections.Generic.List`1[PlayersWorlds.Maps.Area])" methodname="IsFillComplete" classname="PlayersWorlds.Maps.Maze.MazeGeneratorTest" runstate="Runnable" seed="1434777079" result="Skipped" label="Ignored" start-time="2024-06-19T14:46:11.7923050Z" end-time="2024-06-19T14:46:11.7923560Z" duration="0.000051" asserts="0" />
                <test-case id="1-1821" name="IsFillComplete(PlayersWorlds.Maps.Maze.SidewinderMazeGenerator,Full,Auto,null)" fullname="PlayersWorlds.Maps.Maze.MazeGeneratorTest.IsFillComplete(PlayersWorlds.Maps.Maze.SidewinderMazeGenerator,Full,Auto,null)" methodname="IsFillComplete" classname="PlayersWorlds.Maps.Maze.MazeGeneratorTest" runstate="Runnable" seed="1713728982" result="Passed" start-time="2024-06-19T14:46:11.7923620Z" end-time="2024-06-19T14:46:11.8120150Z" duration="0.019654" asserts="5" />
                <test-case id="1-1822" name="IsFillComplete(PlayersWorlds.Maps.Maze.SidewinderMazeGenerator,Full,Auto,System.Collections.Generic.List`1[PlayersWorlds.Maps.Area])" fullname="PlayersWorlds.Maps.Maze.MazeGeneratorTest.IsFillComplete(PlayersWorlds.Maps.Maze.SidewinderMazeGenerator,Full,Auto,System.Collections.Generic.List`1[PlayersWorlds.Maps.Area])" methodname="IsFillComplete" classname="PlayersWorlds.Maps.Maze.MazeGeneratorTest" runstate="Runnable" seed="1124924077" result="Passed" start-time="2024-06-19T14:46:11.8120230Z" end-time="2024-06-19T14:46:11.8324730Z" duration="0.020450" asserts="5" />
                <test-case id="1-1823" name="IsFillComplete(PlayersWorlds.Maps.Maze.SidewinderMazeGenerator,Full,Auto,System.Collections.Generic.List`1[PlayersWorlds.Maps.Area])" fullname="PlayersWorlds.Maps.Maze.MazeGeneratorTest.IsFillComplete(PlayersWorlds.Maps.Maze.SidewinderMazeGenerator,Full,Auto,System.Collections.Generic.List`1[PlayersWorlds.Maps.Area])" methodname="IsFillComplete" classname="PlayersWorlds.Maps.Maze.MazeGeneratorTest" runstate="Runnable" seed="688592167" result="Passed" start-time="2024-06-19T14:46:11.8324840Z" end-time="2024-06-19T14:46:11.8632360Z" duration="0.030753" asserts="5" />
                <test-case id="1-1824" name="IsFillComplete(PlayersWorlds.Maps.Maze.SidewinderMazeGenerator,Full,Auto,System.Collections.Generic.List`1[PlayersWorlds.Maps.Area])" fullname="PlayersWorlds.Maps.Maze.MazeGeneratorTest.IsFillComplete(PlayersWorlds.Maps.Maze.SidewinderMazeGenerator,Full,Auto,System.Collections.Generic.List`1[PlayersWorlds.Maps.Area])" methodname="IsFillComplete" classname="PlayersWorlds.Maps.Maze.MazeGeneratorTest" runstate="Runnable" seed="1973212308" result="Passed" start-time="2024-06-19T14:46:11.8632470Z" end-time="2024-06-19T14:46:11.8870420Z" duration="0.023795" asserts="5" />
                <test-case id="1-1825" name="IsFillComplete(PlayersWorlds.Maps.Maze.SidewinderMazeGenerator,Full,Auto,System.Collections.Generic.List`1[PlayersWorlds.Maps.Area])" fullname="PlayersWorlds.Maps.Maze.MazeGeneratorTest.IsFillComplete(PlayersWorlds.Maps.Maze.SidewinderMazeGenerator,Full,Auto,System.Collections.Generic.List`1[PlayersWorlds.Maps.Area])" methodname="IsFillComplete" classname="PlayersWorlds.Maps.Maze.MazeGeneratorTest" runstate="Runnable" seed="1877349865" result="Passed" start-time="2024-06-19T14:46:11.8870520Z" end-time="2024-06-19T14:46:11.9303480Z" duration="0.043296" asserts="5" />
                <test-case id="1-1826" name="IsFillComplete(PlayersWorlds.Maps.Maze.SidewinderMazeGenerator,Full,Auto,System.Collections.Generic.List`1[PlayersWorlds.Maps.Area])" fullname="PlayersWorlds.Maps.Maze.MazeGeneratorTest.IsFillComplete(PlayersWorlds.Maps.Maze.SidewinderMazeGenerator,Full,Auto,System.Collections.Generic.List`1[PlayersWorlds.Maps.Area])" methodname="IsFillComplete" classname="PlayersWorlds.Maps.Maze.MazeGeneratorTest" runstate="Runnable" seed="7434287" result="Passed" start-time="2024-06-19T14:46:11.9303590Z" end-time="2024-06-19T14:46:11.9551600Z" duration="0.024801" asserts="5" />
                <test-case id="1-1827" name="IsFillComplete(PlayersWorlds.Maps.Maze.SidewinderMazeGenerator,Full,Manual,null)" fullname="PlayersWorlds.Maps.Maze.MazeGeneratorTest.IsFillComplete(PlayersWorlds.Maps.Maze.SidewinderMazeGenerator,Full,Manual,null)" methodname="IsFillComplete" classname="PlayersWorlds.Maps.Maze.MazeGeneratorTest" runstate="Runnable" seed="1823377422" result="Passed" start-time="2024-06-19T14:46:11.9551700Z" end-time="2024-06-19T14:46:11.9626640Z" duration="0.007494" asserts="5" />
                <test-case id="1-1828" name="IsFillComplete(PlayersWorlds.Maps.Maze.SidewinderMazeGenerator,Full,Manual,System.Collections.Generic.List`1[PlayersWorlds.Maps.Area])" fullname="PlayersWorlds.Maps.Maze.MazeGeneratorTest.IsFillComplete(PlayersWorlds.Maps.Maze.SidewinderMazeGenerator,Full,Manual,System.Collections.Generic.List`1[PlayersWorlds.Maps.Area])" methodname="IsFillComplete" classname="PlayersWorlds.Maps.Maze.MazeGeneratorTest" runstate="Runnable" seed="1338885499" result="Passed" start-time="2024-06-19T14:46:11.9626750Z" end-time="2024-06-19T14:46:11.9706720Z" duration="0.007997" asserts="5" />
                <test-case id="1-1829" name="IsFillComplete(PlayersWorlds.Maps.Maze.SidewinderMazeGenerator,Full,Manual,System.Collections.Generic.List`1[PlayersWorlds.Maps.Area])" fullname="PlayersWorlds.Maps.Maze.MazeGeneratorTest.IsFillComplete(PlayersWorlds.Maps.Maze.SidewinderMazeGenerator,Full,Manual,System.Collections.Generic.List`1[PlayersWorlds.Maps.Area])" methodname="IsFillComplete" classname="PlayersWorlds.Maps.Maze.MazeGeneratorTest" runstate="Runnable" seed="1523569459" result="Passed" start-time="2024-06-19T14:46:11.9706830Z" end-time="2024-06-19T14:46:11.9778080Z" duration="0.007126" asserts="5" />
                <test-case id="1-1830" name="IsFillComplete(PlayersWorlds.Maps.Maze.SidewinderMazeGenerator,Full,Manual,System.Collections.Generic.List`1[PlayersWorlds.Maps.Area])" fullname="PlayersWorlds.Maps.Maze.MazeGeneratorTest.IsFillComplete(PlayersWorlds.Maps.Maze.SidewinderMazeGenerator,Full,Manual,System.Collections.Generic.List`1[PlayersWorlds.Maps.Area])" methodname="IsFillComplete" classname="PlayersWorlds.Maps.Maze.MazeGeneratorTest" runstate="Runnable" seed="465159843" result="Passed" start-time="2024-06-19T14:46:11.9778180Z" end-time="2024-06-19T14:46:11.9857080Z" duration="0.007890" asserts="5" />
                <test-case id="1-1831" name="IsFillComplete(PlayersWorlds.Maps.Maze.SidewinderMazeGenerator,Full,Manual,System.Collections.Generic.List`1[PlayersWorlds.Maps.Area])" fullname="PlayersWorlds.Maps.Maze.MazeGeneratorTest.IsFillComplete(PlayersWorlds.Maps.Maze.SidewinderMazeGenerator,Full,Manual,System.Collections.Generic.List`1[PlayersWorlds.Maps.Area])" methodname="IsFillComplete" classname="PlayersWorlds.Maps.Maze.MazeGeneratorTest" runstate="Runnable" seed="2087318404" result="Passed" start-time="2024-06-19T14:46:11.9857180Z" end-time="2024-06-19T14:46:11.9927480Z" duration="0.007031" asserts="5" />
                <test-case id="1-1832" name="IsFillComplete(PlayersWorlds.Maps.Maze.SidewinderMazeGenerator,Full,Manual,System.Collections.Generic.List`1[PlayersWorlds.Maps.Area])" fullname="PlayersWorlds.Maps.Maze.MazeGeneratorTest.IsFillComplete(PlayersWorlds.Maps.Maze.SidewinderMazeGenerator,Full,Manual,System.Collections.Generic.List`1[PlayersWorlds.Maps.Area])" methodname="IsFillComplete" classname="PlayersWorlds.Maps.Maze.MazeGeneratorTest" runstate="Runnable" seed="679081506" result="Passed" start-time="2024-06-19T14:46:11.9927580Z" end-time="2024-06-19T14:46:11.9998500Z" duration="0.007092" asserts="5" />
                <test-case id="1-1833" name="IsFillComplete(PlayersWorlds.Maps.Maze.WilsonsMazeGenerator,Quarter,Auto,null)" fullname="PlayersWorlds.Maps.Maze.MazeGeneratorTest.IsFillComplete(PlayersWorlds.Maps.Maze.WilsonsMazeGenerator,Quarter,Auto,null)" methodname="IsFillComplete" classname="PlayersWorlds.Maps.Maze.MazeGeneratorTest" runstate="Runnable" seed="1508302104" result="Passed" start-time="2024-06-19T14:46:11.9998600Z" end-time="2024-06-19T14:46:12.0095960Z" duration="0.009736" asserts="5" />
                <test-case id="1-1834" name="IsFillComplete(PlayersWorlds.Maps.Maze.WilsonsMazeGenerator,Quarter,Auto,System.Collections.Generic.List`1[PlayersWorlds.Maps.Area])" fullname="PlayersWorlds.Maps.Maze.MazeGeneratorTest.IsFillComplete(PlayersWorlds.Maps.Maze.WilsonsMazeGenerator,Quarter,Auto,System.Collections.Generic.List`1[PlayersWorlds.Maps.Area])" methodname="IsFillComplete" classname="PlayersWorlds.Maps.Maze.MazeGeneratorTest" runstate="Runnable" seed="394652534" result="Passed" start-time="2024-06-19T14:46:12.0096060Z" end-time="2024-06-19T14:46:12.0316210Z" duration="0.022015" asserts="5" />
                <test-case id="1-1835" name="IsFillComplete(PlayersWorlds.Maps.Maze.WilsonsMazeGenerator,Quarter,Auto,System.Collections.Generic.List`1[PlayersWorlds.Maps.Area])" fullname="PlayersWorlds.Maps.Maze.MazeGeneratorTest.IsFillComplete(PlayersWorlds.Maps.Maze.WilsonsMazeGenerator,Quarter,Auto,System.Collections.Generic.List`1[PlayersWorlds.Maps.Area])" methodname="IsFillComplete" classname="PlayersWorlds.Maps.Maze.MazeGeneratorTest" runstate="Runnable" seed="1003918353" result="Passed" start-time="2024-06-19T14:46:12.0316310Z" end-time="2024-06-19T14:46:12.0624730Z" duration="0.030842" asserts="5" />
                <test-case id="1-1836" name="IsFillComplete(PlayersWorlds.Maps.Maze.WilsonsMazeGenerator,Quarter,Auto,System.Collections.Generic.List`1[PlayersWorlds.Maps.Area])" fullname="PlayersWorlds.Maps.Maze.MazeGeneratorTest.IsFillComplete(PlayersWorlds.Maps.Maze.WilsonsMazeGenerator,Quarter,Auto,System.Collections.Generic.List`1[PlayersWorlds.Maps.Area])" methodname="IsFillComplete" classname="PlayersWorlds.Maps.Maze.MazeGeneratorTest" runstate="Runnable" seed="905766646" result="Passed" start-time="2024-06-19T14:46:12.0624830Z" end-time="2024-06-19T14:46:12.0842440Z" duration="0.021761" asserts="5" />
                <test-case id="1-1837" name="IsFillComplete(PlayersWorlds.Maps.Maze.WilsonsMazeGenerator,Quarter,Auto,System.Collections.Generic.List`1[PlayersWorlds.Maps.Area])" fullname="PlayersWorlds.Maps.Maze.MazeGeneratorTest.IsFillComplete(PlayersWorlds.Maps.Maze.WilsonsMazeGenerator,Quarter,Auto,System.Collections.Generic.List`1[PlayersWorlds.Maps.Area])" methodname="IsFillComplete" classname="PlayersWorlds.Maps.Maze.MazeGeneratorTest" runstate="Runnable" seed="1381826096" result="Passed" start-time="2024-06-19T14:46:12.0842540Z" end-time="2024-06-19T14:46:12.1303490Z" duration="0.046095" asserts="5" />
                <test-case id="1-1838" name="IsFillComplete(PlayersWorlds.Maps.Maze.WilsonsMazeGenerator,Quarter,Auto,System.Collections.Generic.List`1[PlayersWorlds.Maps.Area])" fullname="PlayersWorlds.Maps.Maze.MazeGeneratorTest.IsFillComplete(PlayersWorlds.Maps.Maze.WilsonsMazeGenerator,Quarter,Auto,System.Collections.Generic.List`1[PlayersWorlds.Maps.Area])" methodname="IsFillComplete" classname="PlayersWorlds.Maps.Maze.MazeGeneratorTest" runstate="Runnable" seed="737595598" result="Passed" start-time="2024-06-19T14:46:12.1303590Z" end-time="2024-06-19T14:46:12.1838500Z" duration="0.053491" asserts="5" />
                <test-case id="1-1839" name="IsFillComplete(PlayersWorlds.Maps.Maze.WilsonsMazeGenerator,Quarter,Manual,null)" fullname="PlayersWorlds.Maps.Maze.MazeGeneratorTest.IsFillComplete(PlayersWorlds.Maps.Maze.WilsonsMazeGenerator,Quarter,Manual,null)" methodname="IsFillComplete" classname="PlayersWorlds.Maps.Maze.MazeGeneratorTest" runstate="Runnable" seed="754633695" result="Passed" start-time="2024-06-19T14:46:12.1838620Z" end-time="2024-06-19T14:46:12.1898900Z" duration="0.006028" asserts="5" />
                <test-case id="1-1840" name="IsFillComplete(PlayersWorlds.Maps.Maze.WilsonsMazeGenerator,Quarter,Manual,System.Collections.Generic.List`1[PlayersWorlds.Maps.Area])" fullname="PlayersWorlds.Maps.Maze.MazeGeneratorTest.IsFillComplete(PlayersWorlds.Maps.Maze.WilsonsMazeGenerator,Quarter,Manual,System.Collections.Generic.List`1[PlayersWorlds.Maps.Area])" methodname="IsFillComplete" classname="PlayersWorlds.Maps.Maze.MazeGeneratorTest" runstate="Runnable" seed="691942679" result="Passed" start-time="2024-06-19T14:46:12.1899000Z" end-time="2024-06-19T14:46:12.1967960Z" duration="0.006896" asserts="5" />
                <test-case id="1-1841" name="IsFillComplete(PlayersWorlds.Maps.Maze.WilsonsMazeGenerator,Quarter,Manual,System.Collections.Generic.List`1[PlayersWorlds.Maps.Area])" fullname="PlayersWorlds.Maps.Maze.MazeGeneratorTest.IsFillComplete(PlayersWorlds.Maps.Maze.WilsonsMazeGenerator,Quarter,Manual,System.Collections.Generic.List`1[PlayersWorlds.Maps.Area])" methodname="IsFillComplete" classname="PlayersWorlds.Maps.Maze.MazeGeneratorTest" runstate="Runnable" seed="425867866" result="Passed" start-time="2024-06-19T14:46:12.1968060Z" end-time="2024-06-19T14:46:12.2027640Z" duration="0.005958" asserts="5" />
                <test-case id="1-1842" name="IsFillComplete(PlayersWorlds.Maps.Maze.WilsonsMazeGenerator,Quarter,Manual,System.Collections.Generic.List`1[PlayersWorlds.Maps.Area])" fullname="PlayersWorlds.Maps.Maze.MazeGeneratorTest.IsFillComplete(PlayersWorlds.Maps.Maze.WilsonsMazeGenerator,Quarter,Manual,System.Collections.Generic.List`1[PlayersWorlds.Maps.Area])" methodname="IsFillComplete" classname="PlayersWorlds.Maps.Maze.MazeGeneratorTest" runstate="Runnable" seed="1416934395" result="Passed" start-time="2024-06-19T14:46:12.2027740Z" end-time="2024-06-19T14:46:12.2094120Z" duration="0.006638" asserts="5" />
                <test-case id="1-1843" name="IsFillComplete(PlayersWorlds.Maps.Maze.WilsonsMazeGenerator,Quarter,Manual,System.Collections.Generic.List`1[PlayersWorlds.Maps.Area])" fullname="PlayersWorlds.Maps.Maze.MazeGeneratorTest.IsFillComplete(PlayersWorlds.Maps.Maze.WilsonsMazeGenerator,Quarter,Manual,System.Collections.Generic.List`1[PlayersWorlds.Maps.Area])" methodname="IsFillComplete" classname="PlayersWorlds.Maps.Maze.MazeGeneratorTest" runstate="Runnable" seed="770802567" result="Passed" start-time="2024-06-19T14:46:12.2094220Z" end-time="2024-06-19T14:46:12.2154400Z" duration="0.006018" asserts="5" />
                <test-case id="1-1844" name="IsFillComplete(PlayersWorlds.Maps.Maze.WilsonsMazeGenerator,Quarter,Manual,System.Collections.Generic.List`1[PlayersWorlds.Maps.Area])" fullname="PlayersWorlds.Maps.Maze.MazeGeneratorTest.IsFillComplete(PlayersWorlds.Maps.Maze.WilsonsMazeGenerator,Quarter,Manual,System.Collections.Generic.List`1[PlayersWorlds.Maps.Area])" methodname="IsFillComplete" classname="PlayersWorlds.Maps.Maze.MazeGeneratorTest" runstate="Runnable" seed="666004969" result="Passed" start-time="2024-06-19T14:46:12.2154500Z" end-time="2024-06-19T14:46:12.2211770Z" duration="0.005727" asserts="5" />
                <test-case id="1-1845" name="IsFillComplete(PlayersWorlds.Maps.Maze.WilsonsMazeGenerator,Half,Auto,null)" fullname="PlayersWorlds.Maps.Maze.MazeGeneratorTest.IsFillComplete(PlayersWorlds.Maps.Maze.WilsonsMazeGenerator,Half,Auto,null)" methodname="IsFillComplete" classname="PlayersWorlds.Maps.Maze.MazeGeneratorTest" runstate="Runnable" seed="113023403" result="Passed" start-time="2024-06-19T14:46:12.2211940Z" end-time="2024-06-19T14:46:12.2397950Z" duration="0.018601" asserts="5" />
                <test-case id="1-1846" name="IsFillComplete(PlayersWorlds.Maps.Maze.WilsonsMazeGenerator,Half,Auto,System.Collections.Generic.List`1[PlayersWorlds.Maps.Area])" fullname="PlayersWorlds.Maps.Maze.MazeGeneratorTest.IsFillComplete(PlayersWorlds.Maps.Maze.WilsonsMazeGenerator,Half,Auto,System.Collections.Generic.List`1[PlayersWorlds.Maps.Area])" methodname="IsFillComplete" classname="PlayersWorlds.Maps.Maze.MazeGeneratorTest" runstate="Runnable" seed="1039678685" result="Passed" start-time="2024-06-19T14:46:12.2398060Z" end-time="2024-06-19T14:46:12.2520420Z" duration="0.012236" asserts="5" />
                <test-case id="1-1847" name="IsFillComplete(PlayersWorlds.Maps.Maze.WilsonsMazeGenerator,Half,Auto,System.Collections.Generic.List`1[PlayersWorlds.Maps.Area])" fullname="PlayersWorlds.Maps.Maze.MazeGeneratorTest.IsFillComplete(PlayersWorlds.Maps.Maze.WilsonsMazeGenerator,Half,Auto,System.Collections.Generic.List`1[PlayersWorlds.Maps.Area])" methodname="IsFillComplete" classname="PlayersWorlds.Maps.Maze.MazeGeneratorTest" runstate="Runnable" seed="941497725" result="Passed" start-time="2024-06-19T14:46:12.2520520Z" end-time="2024-06-19T14:46:12.2748610Z" duration="0.022809" asserts="5" />
                <test-case id="1-1848" name="IsFillComplete(PlayersWorlds.Maps.Maze.WilsonsMazeGenerator,Half,Auto,System.Collections.Generic.List`1[PlayersWorlds.Maps.Area])" fullname="PlayersWorlds.Maps.Maze.MazeGeneratorTest.IsFillComplete(PlayersWorlds.Maps.Maze.WilsonsMazeGenerator,Half,Auto,System.Collections.Generic.List`1[PlayersWorlds.Maps.Area])" methodname="IsFillComplete" classname="PlayersWorlds.Maps.Maze.MazeGeneratorTest" runstate="Runnable" seed="1680101852" result="Passed" start-time="2024-06-19T14:46:12.2748720Z" end-time="2024-06-19T14:46:12.3195760Z" duration="0.044705" asserts="5" />
                <test-case id="1-1849" name="IsFillComplete(PlayersWorlds.Maps.Maze.WilsonsMazeGenerator,Half,Auto,System.Collections.Generic.List`1[PlayersWorlds.Maps.Area])" fullname="PlayersWorlds.Maps.Maze.MazeGeneratorTest.IsFillComplete(PlayersWorlds.Maps.Maze.WilsonsMazeGenerator,Half,Auto,System.Collections.Generic.List`1[PlayersWorlds.Maps.Area])" methodname="IsFillComplete" classname="PlayersWorlds.Maps.Maze.MazeGeneratorTest" runstate="Runnable" seed="962957606" result="Passed" start-time="2024-06-19T14:46:12.3195960Z" end-time="2024-06-19T14:46:12.3562710Z" duration="0.036675" asserts="5" />
                <test-case id="1-1850" name="IsFillComplete(PlayersWorlds.Maps.Maze.WilsonsMazeGenerator,Half,Auto,System.Collections.Generic.List`1[PlayersWorlds.Maps.Area])" fullname="PlayersWorlds.Maps.Maze.MazeGeneratorTest.IsFillComplete(PlayersWorlds.Maps.Maze.WilsonsMazeGenerator,Half,Auto,System.Collections.Generic.List`1[PlayersWorlds.Maps.Area])" methodname="IsFillComplete" classname="PlayersWorlds.Maps.Maze.MazeGeneratorTest" runstate="Runnable" seed="340710083" result="Passed" start-time="2024-06-19T14:46:12.3562810Z" end-time="2024-06-19T14:46:12.3854160Z" duration="0.029135" asserts="5" />
                <test-case id="1-1851" name="IsFillComplete(PlayersWorlds.Maps.Maze.WilsonsMazeGenerator,Half,Manual,null)" fullname="PlayersWorlds.Maps.Maze.MazeGeneratorTest.IsFillComplete(PlayersWorlds.Maps.Maze.WilsonsMazeGenerator,Half,Manual,null)" methodname="IsFillComplete" classname="PlayersWorlds.Maps.Maze.MazeGeneratorTest" runstate="Runnable" seed="1137543084" result="Passed" start-time="2024-06-19T14:46:12.3854260Z" end-time="2024-06-19T14:46:12.3920850Z" duration="0.006659" asserts="5" />
                <test-case id="1-1852" name="IsFillComplete(PlayersWorlds.Maps.Maze.WilsonsMazeGenerator,Half,Manual,System.Collections.Generic.List`1[PlayersWorlds.Maps.Area])" fullname="PlayersWorlds.Maps.Maze.MazeGeneratorTest.IsFillComplete(PlayersWorlds.Maps.Maze.WilsonsMazeGenerator,Half,Manual,System.Collections.Generic.List`1[PlayersWorlds.Maps.Area])" methodname="IsFillComplete" classname="PlayersWorlds.Maps.Maze.MazeGeneratorTest" runstate="Runnable" seed="1406469601" result="Passed" start-time="2024-06-19T14:46:12.3921120Z" end-time="2024-06-19T14:46:12.3985330Z" duration="0.006420" asserts="5" />
                <test-case id="1-1853" name="IsFillComplete(PlayersWorlds.Maps.Maze.WilsonsMazeGenerator,Half,Manual,System.Collections.Generic.List`1[PlayersWorlds.Maps.Area])" fullname="PlayersWorlds.Maps.Maze.MazeGeneratorTest.IsFillComplete(PlayersWorlds.Maps.Maze.WilsonsMazeGenerator,Half,Manual,System.Collections.Generic.List`1[PlayersWorlds.Maps.Area])" methodname="IsFillComplete" classname="PlayersWorlds.Maps.Maze.MazeGeneratorTest" runstate="Runnable" seed="1641846434" result="Passed" start-time="2024-06-19T14:46:12.3985420Z" end-time="2024-06-19T14:46:12.4046570Z" duration="0.006115" asserts="5" />
                <test-case id="1-1854" name="IsFillComplete(PlayersWorlds.Maps.Maze.WilsonsMazeGenerator,Half,Manual,System.Collections.Generic.List`1[PlayersWorlds.Maps.Area])" fullname="PlayersWorlds.Maps.Maze.MazeGeneratorTest.IsFillComplete(PlayersWorlds.Maps.Maze.WilsonsMazeGenerator,Half,Manual,System.Collections.Generic.List`1[PlayersWorlds.Maps.Area])" methodname="IsFillComplete" classname="PlayersWorlds.Maps.Maze.MazeGeneratorTest" runstate="Runnable" seed="614196769" result="Passed" start-time="2024-06-19T14:46:12.4046670Z" end-time="2024-06-19T14:46:12.4109730Z" duration="0.006307" asserts="5" />
                <test-case id="1-1855" name="IsFillComplete(PlayersWorlds.Maps.Maze.WilsonsMazeGenerator,Half,Manual,System.Collections.Generic.List`1[PlayersWorlds.Maps.Area])" fullname="PlayersWorlds.Maps.Maze.MazeGeneratorTest.IsFillComplete(PlayersWorlds.Maps.Maze.WilsonsMazeGenerator,Half,Manual,System.Collections.Generic.List`1[PlayersWorlds.Maps.Area])" methodname="IsFillComplete" classname="PlayersWorlds.Maps.Maze.MazeGeneratorTest" runstate="Runnable" seed="1666309145" result="Passed" start-time="2024-06-19T14:46:12.4109830Z" end-time="2024-06-19T14:46:12.4180180Z" duration="0.007035" asserts="5" />
                <test-case id="1-1856" name="IsFillComplete(PlayersWorlds.Maps.Maze.WilsonsMazeGenerator,Half,Manual,System.Collections.Generic.List`1[PlayersWorlds.Maps.Area])" fullname="PlayersWorlds.Maps.Maze.MazeGeneratorTest.IsFillComplete(PlayersWorlds.Maps.Maze.WilsonsMazeGenerator,Half,Manual,System.Collections.Generic.List`1[PlayersWorlds.Maps.Area])" methodname="IsFillComplete" classname="PlayersWorlds.Maps.Maze.MazeGeneratorTest" runstate="Runnable" seed="1176308238" result="Passed" start-time="2024-06-19T14:46:12.4180280Z" end-time="2024-06-19T14:46:12.4247180Z" duration="0.006690" asserts="5" />
                <test-case id="1-1857" name="IsFillComplete(PlayersWorlds.Maps.Maze.WilsonsMazeGenerator,ThreeQuarters,Auto,null)" fullname="PlayersWorlds.Maps.Maze.MazeGeneratorTest.IsFillComplete(PlayersWorlds.Maps.Maze.WilsonsMazeGenerator,ThreeQuarters,Auto,null)" methodname="IsFillComplete" classname="PlayersWorlds.Maps.Maze.MazeGeneratorTest" runstate="Runnable" seed="1301099442" result="Passed" start-time="2024-06-19T14:46:12.4247280Z" end-time="2024-06-19T14:46:12.4483620Z" duration="0.023634" asserts="5" />
                <test-case id="1-1858" name="IsFillComplete(PlayersWorlds.Maps.Maze.WilsonsMazeGenerator,ThreeQuarters,Auto,System.Collections.Generic.List`1[PlayersWorlds.Maps.Area])" fullname="PlayersWorlds.Maps.Maze.MazeGeneratorTest.IsFillComplete(PlayersWorlds.Maps.Maze.WilsonsMazeGenerator,ThreeQuarters,Auto,System.Collections.Generic.List`1[PlayersWorlds.Maps.Area])" methodname="IsFillComplete" classname="PlayersWorlds.Maps.Maze.MazeGeneratorTest" runstate="Runnable" seed="1593572564" result="Passed" start-time="2024-06-19T14:46:12.4483720Z" end-time="2024-06-19T14:46:12.4722910Z" duration="0.023919" asserts="5" />
                <test-case id="1-1859" name="IsFillComplete(PlayersWorlds.Maps.Maze.WilsonsMazeGenerator,ThreeQuarters,Auto,System.Collections.Generic.List`1[PlayersWorlds.Maps.Area])" fullname="PlayersWorlds.Maps.Maze.MazeGeneratorTest.IsFillComplete(PlayersWorlds.Maps.Maze.WilsonsMazeGenerator,ThreeQuarters,Auto,System.Collections.Generic.List`1[PlayersWorlds.Maps.Area])" methodname="IsFillComplete" classname="PlayersWorlds.Maps.Maze.MazeGeneratorTest" runstate="Runnable" seed="1964938562" result="Passed" start-time="2024-06-19T14:46:12.4723010Z" end-time="2024-06-19T14:46:12.5082130Z" duration="0.035912" asserts="5" />
                <test-case id="1-1860" name="IsFillComplete(PlayersWorlds.Maps.Maze.WilsonsMazeGenerator,ThreeQuarters,Auto,System.Collections.Generic.List`1[PlayersWorlds.Maps.Area])" fullname="PlayersWorlds.Maps.Maze.MazeGeneratorTest.IsFillComplete(PlayersWorlds.Maps.Maze.WilsonsMazeGenerator,ThreeQuarters,Auto,System.Collections.Generic.List`1[PlayersWorlds.Maps.Area])" methodname="IsFillComplete" classname="PlayersWorlds.Maps.Maze.MazeGeneratorTest" runstate="Runnable" seed="1487997953" result="Passed" start-time="2024-06-19T14:46:12.5082230Z" end-time="2024-06-19T14:46:12.5318760Z" duration="0.023653" asserts="5" />
                <test-case id="1-1861" name="IsFillComplete(PlayersWorlds.Maps.Maze.WilsonsMazeGenerator,ThreeQuarters,Auto,System.Collections.Generic.List`1[PlayersWorlds.Maps.Area])" fullname="PlayersWorlds.Maps.Maze.MazeGeneratorTest.IsFillComplete(PlayersWorlds.Maps.Maze.WilsonsMazeGenerator,ThreeQuarters,Auto,System.Collections.Generic.List`1[PlayersWorlds.Maps.Area])" methodname="IsFillComplete" classname="PlayersWorlds.Maps.Maze.MazeGeneratorTest" runstate="Runnable" seed="209580015" result="Passed" start-time="2024-06-19T14:46:12.5318870Z" end-time="2024-06-19T14:46:12.5672000Z" duration="0.035313" asserts="5" />
                <test-case id="1-1862" name="IsFillComplete(PlayersWorlds.Maps.Maze.WilsonsMazeGenerator,ThreeQuarters,Auto,System.Collections.Generic.List`1[PlayersWorlds.Maps.Area])" fullname="PlayersWorlds.Maps.Maze.MazeGeneratorTest.IsFillComplete(PlayersWorlds.Maps.Maze.WilsonsMazeGenerator,ThreeQuarters,Auto,System.Collections.Generic.List`1[PlayersWorlds.Maps.Area])" methodname="IsFillComplete" classname="PlayersWorlds.Maps.Maze.MazeGeneratorTest" runstate="Runnable" seed="1613810657" result="Passed" start-time="2024-06-19T14:46:12.5672130Z" end-time="2024-06-19T14:46:12.6136610Z" duration="0.046449" asserts="5" />
                <test-case id="1-1863" name="IsFillComplete(PlayersWorlds.Maps.Maze.WilsonsMazeGenerator,ThreeQuarters,Manual,null)" fullname="PlayersWorlds.Maps.Maze.MazeGeneratorTest.IsFillComplete(PlayersWorlds.Maps.Maze.WilsonsMazeGenerator,ThreeQuarters,Manual,null)" methodname="IsFillComplete" classname="PlayersWorlds.Maps.Maze.MazeGeneratorTest" runstate="Runnable" seed="1469464734" result="Passed" start-time="2024-06-19T14:46:12.6136720Z" end-time="2024-06-19T14:46:12.6209360Z" duration="0.007263" asserts="5" />
                <test-case id="1-1864" name="IsFillComplete(PlayersWorlds.Maps.Maze.WilsonsMazeGenerator,ThreeQuarters,Manual,System.Collections.Generic.List`1[PlayersWorlds.Maps.Area])" fullname="PlayersWorlds.Maps.Maze.MazeGeneratorTest.IsFillComplete(PlayersWorlds.Maps.Maze.WilsonsMazeGenerator,ThreeQuarters,Manual,System.Collections.Generic.List`1[PlayersWorlds.Maps.Area])" methodname="IsFillComplete" classname="PlayersWorlds.Maps.Maze.MazeGeneratorTest" runstate="Runnable" seed="1384682135" result="Passed" start-time="2024-06-19T14:46:12.6209460Z" end-time="2024-06-19T14:46:12.6287950Z" duration="0.007850" asserts="5" />
                <test-case id="1-1865" name="IsFillComplete(PlayersWorlds.Maps.Maze.WilsonsMazeGenerator,ThreeQuarters,Manual,System.Collections.Generic.List`1[PlayersWorlds.Maps.Area])" fullname="PlayersWorlds.Maps.Maze.MazeGeneratorTest.IsFillComplete(PlayersWorlds.Maps.Maze.WilsonsMazeGenerator,ThreeQuarters,Manual,System.Collections.Generic.List`1[PlayersWorlds.Maps.Area])" methodname="IsFillComplete" classname="PlayersWorlds.Maps.Maze.MazeGeneratorTest" runstate="Runnable" seed="1363121902" result="Passed" start-time="2024-06-19T14:46:12.6288060Z" end-time="2024-06-19T14:46:12.6358580Z" duration="0.007052" asserts="5" />
                <test-case id="1-1866" name="IsFillComplete(PlayersWorlds.Maps.Maze.WilsonsMazeGenerator,ThreeQuarters,Manual,System.Collections.Generic.List`1[PlayersWorlds.Maps.Area])" fullname="PlayersWorlds.Maps.Maze.MazeGeneratorTest.IsFillComplete(PlayersWorlds.Maps.Maze.WilsonsMazeGenerator,ThreeQuarters,Manual,System.Collections.Generic.List`1[PlayersWorlds.Maps.Area])" methodname="IsFillComplete" classname="PlayersWorlds.Maps.Maze.MazeGeneratorTest" runstate="Runnable" seed="1301859468" result="Passed" start-time="2024-06-19T14:46:12.6358680Z" end-time="2024-06-19T14:46:12.6425600Z" duration="0.006692" asserts="5" />
                <test-case id="1-1867" name="IsFillComplete(PlayersWorlds.Maps.Maze.WilsonsMazeGenerator,ThreeQuarters,Manual,System.Collections.Generic.List`1[PlayersWorlds.Maps.Area])" fullname="PlayersWorlds.Maps.Maze.MazeGeneratorTest.IsFillComplete(PlayersWorlds.Maps.Maze.WilsonsMazeGenerator,ThreeQuarters,Manual,System.Collections.Generic.List`1[PlayersWorlds.Maps.Area])" methodname="IsFillComplete" classname="PlayersWorlds.Maps.Maze.MazeGeneratorTest" runstate="Runnable" seed="66403777" result="Passed" start-time="2024-06-19T14:46:12.6425870Z" end-time="2024-06-19T14:46:12.6497160Z" duration="0.007129" asserts="5" />
                <test-case id="1-1868" name="IsFillComplete(PlayersWorlds.Maps.Maze.WilsonsMazeGenerator,ThreeQuarters,Manual,System.Collections.Generic.List`1[PlayersWorlds.Maps.Area])" fullname="PlayersWorlds.Maps.Maze.MazeGeneratorTest.IsFillComplete(PlayersWorlds.Maps.Maze.WilsonsMazeGenerator,ThreeQuarters,Manual,System.Collections.Generic.List`1[PlayersWorlds.Maps.Area])" methodname="IsFillComplete" classname="PlayersWorlds.Maps.Maze.MazeGeneratorTest" runstate="Runnable" seed="1703974198" result="Passed" start-time="2024-06-19T14:46:12.6497340Z" end-time="2024-06-19T14:46:12.6582960Z" duration="0.008562" asserts="5" />
                <test-case id="1-1869" name="IsFillComplete(PlayersWorlds.Maps.Maze.WilsonsMazeGenerator,NinetyPercent,Auto,null)" fullname="PlayersWorlds.Maps.Maze.MazeGeneratorTest.IsFillComplete(PlayersWorlds.Maps.Maze.WilsonsMazeGenerator,NinetyPercent,Auto,null)" methodname="IsFillComplete" classname="PlayersWorlds.Maps.Maze.MazeGeneratorTest" runstate="Runnable" seed="1513272943" result="Passed" start-time="2024-06-19T14:46:12.6583060Z" end-time="2024-06-19T14:46:12.6720370Z" duration="0.013731" asserts="5" />
                <test-case id="1-1870" name="IsFillComplete(PlayersWorlds.Maps.Maze.WilsonsMazeGenerator,NinetyPercent,Auto,System.Collections.Generic.List`1[PlayersWorlds.Maps.Area])" fullname="PlayersWorlds.Maps.Maze.MazeGeneratorTest.IsFillComplete(PlayersWorlds.Maps.Maze.WilsonsMazeGenerator,NinetyPercent,Auto,System.Collections.Generic.List`1[PlayersWorlds.Maps.Area])" methodname="IsFillComplete" classname="PlayersWorlds.Maps.Maze.MazeGeneratorTest" runstate="Runnable" seed="711292123" result="Passed" start-time="2024-06-19T14:46:12.6720480Z" end-time="2024-06-19T14:46:12.6857440Z" duration="0.013696" asserts="5" />
                <test-case id="1-1871" name="IsFillComplete(PlayersWorlds.Maps.Maze.WilsonsMazeGenerator,NinetyPercent,Auto,System.Collections.Generic.List`1[PlayersWorlds.Maps.Area])" fullname="PlayersWorlds.Maps.Maze.MazeGeneratorTest.IsFillComplete(PlayersWorlds.Maps.Maze.WilsonsMazeGenerator,NinetyPercent,Auto,System.Collections.Generic.List`1[PlayersWorlds.Maps.Area])" methodname="IsFillComplete" classname="PlayersWorlds.Maps.Maze.MazeGeneratorTest" runstate="Runnable" seed="995124063" result="Passed" start-time="2024-06-19T14:46:12.6857540Z" end-time="2024-06-19T14:46:12.7107530Z" duration="0.024999" asserts="5" />
                <test-case id="1-1872" name="IsFillComplete(PlayersWorlds.Maps.Maze.WilsonsMazeGenerator,NinetyPercent,Auto,System.Collections.Generic.List`1[PlayersWorlds.Maps.Area])" fullname="PlayersWorlds.Maps.Maze.MazeGeneratorTest.IsFillComplete(PlayersWorlds.Maps.Maze.WilsonsMazeGenerator,NinetyPercent,Auto,System.Collections.Generic.List`1[PlayersWorlds.Maps.Area])" methodname="IsFillComplete" classname="PlayersWorlds.Maps.Maze.MazeGeneratorTest" runstate="Runnable" seed="1948146495" result="Passed" start-time="2024-06-19T14:46:12.7107640Z" end-time="2024-06-19T14:46:12.7556720Z" duration="0.044908" asserts="5" />
                <test-case id="1-1873" name="IsFillComplete(PlayersWorlds.Maps.Maze.WilsonsMazeGenerator,NinetyPercent,Auto,System.Collections.Generic.List`1[PlayersWorlds.Maps.Area])" fullname="PlayersWorlds.Maps.Maze.MazeGeneratorTest.IsFillComplete(PlayersWorlds.Maps.Maze.WilsonsMazeGenerator,NinetyPercent,Auto,System.Collections.Generic.List`1[PlayersWorlds.Maps.Area])" methodname="IsFillComplete" classname="PlayersWorlds.Maps.Maze.MazeGeneratorTest" runstate="Runnable" seed="1375398562" result="Passed" start-time="2024-06-19T14:46:12.7556820Z" end-time="2024-06-19T14:46:12.7921940Z" duration="0.036512" asserts="5" />
                <test-case id="1-1874" name="IsFillComplete(PlayersWorlds.Maps.Maze.WilsonsMazeGenerator,NinetyPercent,Auto,System.Collections.Generic.List`1[PlayersWorlds.Maps.Area])" fullname="PlayersWorlds.Maps.Maze.MazeGeneratorTest.IsFillComplete(PlayersWorlds.Maps.Maze.WilsonsMazeGenerator,NinetyPercent,Auto,System.Collections.Generic.List`1[PlayersWorlds.Maps.Area])" methodname="IsFillComplete" classname="PlayersWorlds.Maps.Maze.MazeGeneratorTest" runstate="Runnable" seed="1635561692" result="Passed" start-time="2024-06-19T14:46:12.7922040Z" end-time="2024-06-19T14:46:12.8363910Z" duration="0.044187" asserts="5" />
                <test-case id="1-1875" name="IsFillComplete(PlayersWorlds.Maps.Maze.WilsonsMazeGenerator,NinetyPercent,Manual,null)" fullname="PlayersWorlds.Maps.Maze.MazeGeneratorTest.IsFillComplete(PlayersWorlds.Maps.Maze.WilsonsMazeGenerator,NinetyPercent,Manual,null)" methodname="IsFillComplete" classname="PlayersWorlds.Maps.Maze.MazeGeneratorTest" runstate="Runnable" seed="1008909213" result="Passed" start-time="2024-06-19T14:46:12.8364020Z" end-time="2024-06-19T14:46:12.8437940Z" duration="0.007393" asserts="5" />
                <test-case id="1-1876" name="IsFillComplete(PlayersWorlds.Maps.Maze.WilsonsMazeGenerator,NinetyPercent,Manual,System.Collections.Generic.List`1[PlayersWorlds.Maps.Area])" fullname="PlayersWorlds.Maps.Maze.MazeGeneratorTest.IsFillComplete(PlayersWorlds.Maps.Maze.WilsonsMazeGenerator,NinetyPercent,Manual,System.Collections.Generic.List`1[PlayersWorlds.Maps.Area])" methodname="IsFillComplete" classname="PlayersWorlds.Maps.Maze.MazeGeneratorTest" runstate="Runnable" seed="296794587" result="Passed" start-time="2024-06-19T14:46:12.8438040Z" end-time="2024-06-19T14:46:12.8520480Z" duration="0.008244" asserts="5" />
                <test-case id="1-1877" name="IsFillComplete(PlayersWorlds.Maps.Maze.WilsonsMazeGenerator,NinetyPercent,Manual,System.Collections.Generic.List`1[PlayersWorlds.Maps.Area])" fullname="PlayersWorlds.Maps.Maze.MazeGeneratorTest.IsFillComplete(PlayersWorlds.Maps.Maze.WilsonsMazeGenerator,NinetyPercent,Manual,System.Collections.Generic.List`1[PlayersWorlds.Maps.Area])" methodname="IsFillComplete" classname="PlayersWorlds.Maps.Maze.MazeGeneratorTest" runstate="Runnable" seed="354121510" result="Passed" start-time="2024-06-19T14:46:12.8520580Z" end-time="2024-06-19T14:46:12.8591050Z" duration="0.007048" asserts="5" />
                <test-case id="1-1878" name="IsFillComplete(PlayersWorlds.Maps.Maze.WilsonsMazeGenerator,NinetyPercent,Manual,System.Collections.Generic.List`1[PlayersWorlds.Maps.Area])" fullname="PlayersWorlds.Maps.Maze.MazeGeneratorTest.IsFillComplete(PlayersWorlds.Maps.Maze.WilsonsMazeGenerator,NinetyPercent,Manual,System.Collections.Generic.List`1[PlayersWorlds.Maps.Area])" methodname="IsFillComplete" classname="PlayersWorlds.Maps.Maze.MazeGeneratorTest" runstate="Runnable" seed="22587198" result="Passed" start-time="2024-06-19T14:46:12.8591240Z" end-time="2024-06-19T14:46:12.8666350Z" duration="0.007512" asserts="5" />
                <test-case id="1-1879" name="IsFillComplete(PlayersWorlds.Maps.Maze.WilsonsMazeGenerator,NinetyPercent,Manual,System.Collections.Generic.List`1[PlayersWorlds.Maps.Area])" fullname="PlayersWorlds.Maps.Maze.MazeGeneratorTest.IsFillComplete(PlayersWorlds.Maps.Maze.WilsonsMazeGenerator,NinetyPercent,Manual,System.Collections.Generic.List`1[PlayersWorlds.Maps.Area])" methodname="IsFillComplete" classname="PlayersWorlds.Maps.Maze.MazeGeneratorTest" runstate="Runnable" seed="1860188905" result="Passed" start-time="2024-06-19T14:46:12.8666460Z" end-time="2024-06-19T14:46:12.8748060Z" duration="0.008160" asserts="5" />
                <test-case id="1-1880" name="IsFillComplete(PlayersWorlds.Maps.Maze.WilsonsMazeGenerator,NinetyPercent,Manual,System.Collections.Generic.List`1[PlayersWorlds.Maps.Area])" fullname="PlayersWorlds.Maps.Maze.MazeGeneratorTest.IsFillComplete(PlayersWorlds.Maps.Maze.WilsonsMazeGenerator,NinetyPercent,Manual,System.Collections.Generic.List`1[PlayersWorlds.Maps.Area])" methodname="IsFillComplete" classname="PlayersWorlds.Maps.Maze.MazeGeneratorTest" runstate="Runnable" seed="837671180" result="Passed" start-time="2024-06-19T14:46:12.8748220Z" end-time="2024-06-19T14:46:12.8816280Z" duration="0.006806" asserts="5" />
                <test-case id="1-1881" name="IsFillComplete(PlayersWorlds.Maps.Maze.WilsonsMazeGenerator,FullWidth,Auto,null)" fullname="PlayersWorlds.Maps.Maze.MazeGeneratorTest.IsFillComplete(PlayersWorlds.Maps.Maze.WilsonsMazeGenerator,FullWidth,Auto,null)" methodname="IsFillComplete" classname="PlayersWorlds.Maps.Maze.MazeGeneratorTest" runstate="Runnable" seed="1213420209" result="Passed" start-time="2024-06-19T14:46:12.8816390Z" end-time="2024-06-19T14:46:12.9111940Z" duration="0.029555" asserts="5" />
                <test-case id="1-1882" name="IsFillComplete(PlayersWorlds.Maps.Maze.WilsonsMazeGenerator,FullWidth,Auto,System.Collections.Generic.List`1[PlayersWorlds.Maps.Area])" fullname="PlayersWorlds.Maps.Maze.MazeGeneratorTest.IsFillComplete(PlayersWorlds.Maps.Maze.WilsonsMazeGenerator,FullWidth,Auto,System.Collections.Generic.List`1[PlayersWorlds.Maps.Area])" methodname="IsFillComplete" classname="PlayersWorlds.Maps.Maze.MazeGeneratorTest" runstate="Runnable" seed="143275570" result="Passed" start-time="2024-06-19T14:46:12.9112120Z" end-time="2024-06-19T14:46:12.9307110Z" duration="0.019500" asserts="5" />
                <test-case id="1-1883" name="IsFillComplete(PlayersWorlds.Maps.Maze.WilsonsMazeGenerator,FullWidth,Auto,System.Collections.Generic.List`1[PlayersWorlds.Maps.Area])" fullname="PlayersWorlds.Maps.Maze.MazeGeneratorTest.IsFillComplete(PlayersWorlds.Maps.Maze.WilsonsMazeGenerator,FullWidth,Auto,System.Collections.Generic.List`1[PlayersWorlds.Maps.Area])" methodname="IsFillComplete" classname="PlayersWorlds.Maps.Maze.MazeGeneratorTest" runstate="Runnable" seed="375927893" result="Passed" start-time="2024-06-19T14:46:12.9307220Z" end-time="2024-06-19T14:46:12.9483540Z" duration="0.017633" asserts="5" />
                <test-case id="1-1884" name="IsFillComplete(PlayersWorlds.Maps.Maze.WilsonsMazeGenerator,FullWidth,Auto,System.Collections.Generic.List`1[PlayersWorlds.Maps.Area])" fullname="PlayersWorlds.Maps.Maze.MazeGeneratorTest.IsFillComplete(PlayersWorlds.Maps.Maze.WilsonsMazeGenerator,FullWidth,Auto,System.Collections.Generic.List`1[PlayersWorlds.Maps.Area])" methodname="IsFillComplete" classname="PlayersWorlds.Maps.Maze.MazeGeneratorTest" runstate="Runnable" seed="1182859376" result="Passed" start-time="2024-06-19T14:46:12.9483640Z" end-time="2024-06-19T14:46:12.9678080Z" duration="0.019444" asserts="5" />
                <test-case id="1-1885" name="IsFillComplete(PlayersWorlds.Maps.Maze.WilsonsMazeGenerator,FullWidth,Auto,System.Collections.Generic.List`1[PlayersWorlds.Maps.Area])" fullname="PlayersWorlds.Maps.Maze.MazeGeneratorTest.IsFillComplete(PlayersWorlds.Maps.Maze.WilsonsMazeGenerator,FullWidth,Auto,System.Collections.Generic.List`1[PlayersWorlds.Maps.Area])" methodname="IsFillComplete" classname="PlayersWorlds.Maps.Maze.MazeGeneratorTest" runstate="Runnable" seed="1475100406" result="Passed" start-time="2024-06-19T14:46:12.9678190Z" end-time="2024-06-19T14:46:13.0047960Z" duration="0.036977" asserts="5" />
                <test-case id="1-1886" name="IsFillComplete(PlayersWorlds.Maps.Maze.WilsonsMazeGenerator,FullWidth,Auto,System.Collections.Generic.List`1[PlayersWorlds.Maps.Area])" fullname="PlayersWorlds.Maps.Maze.MazeGeneratorTest.IsFillComplete(PlayersWorlds.Maps.Maze.WilsonsMazeGenerator,FullWidth,Auto,System.Collections.Generic.List`1[PlayersWorlds.Maps.Area])" methodname="IsFillComplete" classname="PlayersWorlds.Maps.Maze.MazeGeneratorTest" runstate="Runnable" seed="680848803" result="Passed" start-time="2024-06-19T14:46:13.0048070Z" end-time="2024-06-19T14:46:13.0409280Z" duration="0.036121" asserts="5" />
                <test-case id="1-1887" name="IsFillComplete(PlayersWorlds.Maps.Maze.WilsonsMazeGenerator,FullWidth,Manual,null)" fullname="PlayersWorlds.Maps.Maze.MazeGeneratorTest.IsFillComplete(PlayersWorlds.Maps.Maze.WilsonsMazeGenerator,FullWidth,Manual,null)" methodname="IsFillComplete" classname="PlayersWorlds.Maps.Maze.MazeGeneratorTest" runstate="Runnable" seed="1184718719" result="Passed" start-time="2024-06-19T14:46:13.0409410Z" end-time="2024-06-19T14:46:13.0472470Z" duration="0.006306" asserts="5" />
                <test-case id="1-1888" name="IsFillComplete(PlayersWorlds.Maps.Maze.WilsonsMazeGenerator,FullWidth,Manual,System.Collections.Generic.List`1[PlayersWorlds.Maps.Area])" fullname="PlayersWorlds.Maps.Maze.MazeGeneratorTest.IsFillComplete(PlayersWorlds.Maps.Maze.WilsonsMazeGenerator,FullWidth,Manual,System.Collections.Generic.List`1[PlayersWorlds.Maps.Area])" methodname="IsFillComplete" classname="PlayersWorlds.Maps.Maze.MazeGeneratorTest" runstate="Runnable" seed="894105335" result="Passed" start-time="2024-06-19T14:46:13.0472570Z" end-time="2024-06-19T14:46:13.0535230Z" duration="0.006266" asserts="5" />
                <test-case id="1-1889" name="IsFillComplete(PlayersWorlds.Maps.Maze.WilsonsMazeGenerator,FullWidth,Manual,System.Collections.Generic.List`1[PlayersWorlds.Maps.Area])" fullname="PlayersWorlds.Maps.Maze.MazeGeneratorTest.IsFillComplete(PlayersWorlds.Maps.Maze.WilsonsMazeGenerator,FullWidth,Manual,System.Collections.Generic.List`1[PlayersWorlds.Maps.Area])" methodname="IsFillComplete" classname="PlayersWorlds.Maps.Maze.MazeGeneratorTest" runstate="Runnable" seed="875827036" result="Passed" start-time="2024-06-19T14:46:13.0535330Z" end-time="2024-06-19T14:46:13.0601860Z" duration="0.006653" asserts="5" />
                <test-case id="1-1890" name="IsFillComplete(PlayersWorlds.Maps.Maze.WilsonsMazeGenerator,FullWidth,Manual,System.Collections.Generic.List`1[PlayersWorlds.Maps.Area])" fullname="PlayersWorlds.Maps.Maze.MazeGeneratorTest.IsFillComplete(PlayersWorlds.Maps.Maze.WilsonsMazeGenerator,FullWidth,Manual,System.Collections.Generic.List`1[PlayersWorlds.Maps.Area])" methodname="IsFillComplete" classname="PlayersWorlds.Maps.Maze.MazeGeneratorTest" runstate="Runnable" seed="1975093762" result="Passed" start-time="2024-06-19T14:46:13.0601960Z" end-time="2024-06-19T14:46:13.0691150Z" duration="0.008920" asserts="5" />
                <test-case id="1-1891" name="IsFillComplete(PlayersWorlds.Maps.Maze.WilsonsMazeGenerator,FullWidth,Manual,System.Collections.Generic.List`1[PlayersWorlds.Maps.Area])" fullname="PlayersWorlds.Maps.Maze.MazeGeneratorTest.IsFillComplete(PlayersWorlds.Maps.Maze.WilsonsMazeGenerator,FullWidth,Manual,System.Collections.Generic.List`1[PlayersWorlds.Maps.Area])" methodname="IsFillComplete" classname="PlayersWorlds.Maps.Maze.MazeGeneratorTest" runstate="Runnable" seed="1752150851" result="Passed" start-time="2024-06-19T14:46:13.0691260Z" end-time="2024-06-19T14:46:13.0767410Z" duration="0.007615" asserts="5" />
                <test-case id="1-1892" name="IsFillComplete(PlayersWorlds.Maps.Maze.WilsonsMazeGenerator,FullWidth,Manual,System.Collections.Generic.List`1[PlayersWorlds.Maps.Area])" fullname="PlayersWorlds.Maps.Maze.MazeGeneratorTest.IsFillComplete(PlayersWorlds.Maps.Maze.WilsonsMazeGenerator,FullWidth,Manual,System.Collections.Generic.List`1[PlayersWorlds.Maps.Area])" methodname="IsFillComplete" classname="PlayersWorlds.Maps.Maze.MazeGeneratorTest" runstate="Runnable" seed="1935737179" result="Passed" start-time="2024-06-19T14:46:13.0767510Z" end-time="2024-06-19T14:46:13.0832090Z" duration="0.006458" asserts="5" />
                <test-case id="1-1893" name="IsFillComplete(PlayersWorlds.Maps.Maze.WilsonsMazeGenerator,FullHeight,Auto,null)" fullname="PlayersWorlds.Maps.Maze.MazeGeneratorTest.IsFillComplete(PlayersWorlds.Maps.Maze.WilsonsMazeGenerator,FullHeight,Auto,null)" methodname="IsFillComplete" classname="PlayersWorlds.Maps.Maze.MazeGeneratorTest" runstate="Runnable" seed="920140683" result="Passed" start-time="2024-06-19T14:46:13.0832190Z" end-time="2024-06-19T14:46:13.1044910Z" duration="0.021273" asserts="5" />
                <test-case id="1-1894" name="IsFillComplete(PlayersWorlds.Maps.Maze.WilsonsMazeGenerator,FullHeight,Auto,System.Collections.Generic.List`1[PlayersWorlds.Maps.Area])" fullname="PlayersWorlds.Maps.Maze.MazeGeneratorTest.IsFillComplete(PlayersWorlds.Maps.Maze.WilsonsMazeGenerator,FullHeight,Auto,System.Collections.Generic.List`1[PlayersWorlds.Maps.Area])" methodname="IsFillComplete" classname="PlayersWorlds.Maps.Maze.MazeGeneratorTest" runstate="Runnable" seed="1414119389" result="Passed" start-time="2024-06-19T14:46:13.1045100Z" end-time="2024-06-19T14:46:13.1234080Z" duration="0.018898" asserts="5" />
                <test-case id="1-1895" name="IsFillComplete(PlayersWorlds.Maps.Maze.WilsonsMazeGenerator,FullHeight,Auto,System.Collections.Generic.List`1[PlayersWorlds.Maps.Area])" fullname="PlayersWorlds.Maps.Maze.MazeGeneratorTest.IsFillComplete(PlayersWorlds.Maps.Maze.WilsonsMazeGenerator,FullHeight,Auto,System.Collections.Generic.List`1[PlayersWorlds.Maps.Area])" methodname="IsFillComplete" classname="PlayersWorlds.Maps.Maze.MazeGeneratorTest" runstate="Runnable" seed="482362664" result="Passed" start-time="2024-06-19T14:46:13.1234190Z" end-time="2024-06-19T14:46:13.1514530Z" duration="0.028034" asserts="5" />
                <test-case id="1-1896" name="IsFillComplete(PlayersWorlds.Maps.Maze.WilsonsMazeGenerator,FullHeight,Auto,System.Collections.Generic.List`1[PlayersWorlds.Maps.Area])" fullname="PlayersWorlds.Maps.Maze.MazeGeneratorTest.IsFillComplete(PlayersWorlds.Maps.Maze.WilsonsMazeGenerator,FullHeight,Auto,System.Collections.Generic.List`1[PlayersWorlds.Maps.Area])" methodname="IsFillComplete" classname="PlayersWorlds.Maps.Maze.MazeGeneratorTest" runstate="Runnable" seed="959540856" result="Passed" start-time="2024-06-19T14:46:13.1514630Z" end-time="2024-06-19T14:46:13.1810030Z" duration="0.029539" asserts="5" />
                <test-case id="1-1897" name="IsFillComplete(PlayersWorlds.Maps.Maze.WilsonsMazeGenerator,FullHeight,Auto,System.Collections.Generic.List`1[PlayersWorlds.Maps.Area])" fullname="PlayersWorlds.Maps.Maze.MazeGeneratorTest.IsFillComplete(PlayersWorlds.Maps.Maze.WilsonsMazeGenerator,FullHeight,Auto,System.Collections.Generic.List`1[PlayersWorlds.Maps.Area])" methodname="IsFillComplete" classname="PlayersWorlds.Maps.Maze.MazeGeneratorTest" runstate="Runnable" seed="2094953308" result="Passed" start-time="2024-06-19T14:46:13.1810150Z" end-time="2024-06-19T14:46:13.2048740Z" duration="0.023859" asserts="5" />
                <test-case id="1-1898" name="IsFillComplete(PlayersWorlds.Maps.Maze.WilsonsMazeGenerator,FullHeight,Auto,System.Collections.Generic.List`1[PlayersWorlds.Maps.Area])" fullname="PlayersWorlds.Maps.Maze.MazeGeneratorTest.IsFillComplete(PlayersWorlds.Maps.Maze.WilsonsMazeGenerator,FullHeight,Auto,System.Collections.Generic.List`1[PlayersWorlds.Maps.Area])" methodname="IsFillComplete" classname="PlayersWorlds.Maps.Maze.MazeGeneratorTest" runstate="Runnable" seed="1533604079" result="Passed" start-time="2024-06-19T14:46:13.2048840Z" end-time="2024-06-19T14:46:13.2279650Z" duration="0.023081" asserts="5" />
                <test-case id="1-1899" name="IsFillComplete(PlayersWorlds.Maps.Maze.WilsonsMazeGenerator,FullHeight,Manual,null)" fullname="PlayersWorlds.Maps.Maze.MazeGeneratorTest.IsFillComplete(PlayersWorlds.Maps.Maze.WilsonsMazeGenerator,FullHeight,Manual,null)" methodname="IsFillComplete" classname="PlayersWorlds.Maps.Maze.MazeGeneratorTest" runstate="Runnable" seed="1450366714" result="Passed" start-time="2024-06-19T14:46:13.2279830Z" end-time="2024-06-19T14:46:13.2353230Z" duration="0.007340" asserts="5" />
                <test-case id="1-1900" name="IsFillComplete(PlayersWorlds.Maps.Maze.WilsonsMazeGenerator,FullHeight,Manual,System.Collections.Generic.List`1[PlayersWorlds.Maps.Area])" fullname="PlayersWorlds.Maps.Maze.MazeGeneratorTest.IsFillComplete(PlayersWorlds.Maps.Maze.WilsonsMazeGenerator,FullHeight,Manual,System.Collections.Generic.List`1[PlayersWorlds.Maps.Area])" methodname="IsFillComplete" classname="PlayersWorlds.Maps.Maze.MazeGeneratorTest" runstate="Runnable" seed="958647582" result="Passed" start-time="2024-06-19T14:46:13.2353330Z" end-time="2024-06-19T14:46:13.2417050Z" duration="0.006372" asserts="5" />
                <test-case id="1-1901" name="IsFillComplete(PlayersWorlds.Maps.Maze.WilsonsMazeGenerator,FullHeight,Manual,System.Collections.Generic.List`1[PlayersWorlds.Maps.Area])" fullname="PlayersWorlds.Maps.Maze.MazeGeneratorTest.IsFillComplete(PlayersWorlds.Maps.Maze.WilsonsMazeGenerator,FullHeight,Manual,System.Collections.Generic.List`1[PlayersWorlds.Maps.Area])" methodname="IsFillComplete" classname="PlayersWorlds.Maps.Maze.MazeGeneratorTest" runstate="Runnable" seed="973274908" result="Passed" start-time="2024-06-19T14:46:13.2417150Z" end-time="2024-06-19T14:46:13.2475550Z" duration="0.005841" asserts="5" />
                <test-case id="1-1902" name="IsFillComplete(PlayersWorlds.Maps.Maze.WilsonsMazeGenerator,FullHeight,Manual,System.Collections.Generic.List`1[PlayersWorlds.Maps.Area])" fullname="PlayersWorlds.Maps.Maze.MazeGeneratorTest.IsFillComplete(PlayersWorlds.Maps.Maze.WilsonsMazeGenerator,FullHeight,Manual,System.Collections.Generic.List`1[PlayersWorlds.Maps.Area])" methodname="IsFillComplete" classname="PlayersWorlds.Maps.Maze.MazeGeneratorTest" runstate="Runnable" seed="1385007174" result="Passed" start-time="2024-06-19T14:46:13.2475650Z" end-time="2024-06-19T14:46:13.2549800Z" duration="0.007415" asserts="5" />
                <test-case id="1-1903" name="IsFillComplete(PlayersWorlds.Maps.Maze.WilsonsMazeGenerator,FullHeight,Manual,System.Collections.Generic.List`1[PlayersWorlds.Maps.Area])" fullname="PlayersWorlds.Maps.Maze.MazeGeneratorTest.IsFillComplete(PlayersWorlds.Maps.Maze.WilsonsMazeGenerator,FullHeight,Manual,System.Collections.Generic.List`1[PlayersWorlds.Maps.Area])" methodname="IsFillComplete" classname="PlayersWorlds.Maps.Maze.MazeGeneratorTest" runstate="Runnable" seed="166828909" result="Passed" start-time="2024-06-19T14:46:13.2549900Z" end-time="2024-06-19T14:46:13.2607800Z" duration="0.005791" asserts="5" />
                <test-case id="1-1904" name="IsFillComplete(PlayersWorlds.Maps.Maze.WilsonsMazeGenerator,FullHeight,Manual,System.Collections.Generic.List`1[PlayersWorlds.Maps.Area])" fullname="PlayersWorlds.Maps.Maze.MazeGeneratorTest.IsFillComplete(PlayersWorlds.Maps.Maze.WilsonsMazeGenerator,FullHeight,Manual,System.Collections.Generic.List`1[PlayersWorlds.Maps.Area])" methodname="IsFillComplete" classname="PlayersWorlds.Maps.Maze.MazeGeneratorTest" runstate="Runnable" seed="251665483" result="Passed" start-time="2024-06-19T14:46:13.2607980Z" end-time="2024-06-19T14:46:13.2672340Z" duration="0.006436" asserts="5" />
                <test-case id="1-1905" name="IsFillComplete(PlayersWorlds.Maps.Maze.WilsonsMazeGenerator,Full,Auto,null)" fullname="PlayersWorlds.Maps.Maze.MazeGeneratorTest.IsFillComplete(PlayersWorlds.Maps.Maze.WilsonsMazeGenerator,Full,Auto,null)" methodname="IsFillComplete" classname="PlayersWorlds.Maps.Maze.MazeGeneratorTest" runstate="Runnable" seed="1493069667" result="Passed" start-time="2024-06-19T14:46:13.2672440Z" end-time="2024-06-19T14:46:13.2857550Z" duration="0.018511" asserts="5" />
                <test-case id="1-1906" name="IsFillComplete(PlayersWorlds.Maps.Maze.WilsonsMazeGenerator,Full,Auto,System.Collections.Generic.List`1[PlayersWorlds.Maps.Area])" fullname="PlayersWorlds.Maps.Maze.MazeGeneratorTest.IsFillComplete(PlayersWorlds.Maps.Maze.WilsonsMazeGenerator,Full,Auto,System.Collections.Generic.List`1[PlayersWorlds.Maps.Area])" methodname="IsFillComplete" classname="PlayersWorlds.Maps.Maze.MazeGeneratorTest" runstate="Runnable" seed="1336880236" result="Passed" start-time="2024-06-19T14:46:13.2857650Z" end-time="2024-06-19T14:46:13.3063580Z" duration="0.020593" asserts="5" />
                <test-case id="1-1907" name="IsFillComplete(PlayersWorlds.Maps.Maze.WilsonsMazeGenerator,Full,Auto,System.Collections.Generic.List`1[PlayersWorlds.Maps.Area])" fullname="PlayersWorlds.Maps.Maze.MazeGeneratorTest.IsFillComplete(PlayersWorlds.Maps.Maze.WilsonsMazeGenerator,Full,Auto,System.Collections.Generic.List`1[PlayersWorlds.Maps.Area])" methodname="IsFillComplete" classname="PlayersWorlds.Maps.Maze.MazeGeneratorTest" runstate="Runnable" seed="31071039" result="Passed" start-time="2024-06-19T14:46:13.3063750Z" end-time="2024-06-19T14:46:13.3325320Z" duration="0.026157" asserts="5" />
                <test-case id="1-1908" name="IsFillComplete(PlayersWorlds.Maps.Maze.WilsonsMazeGenerator,Full,Auto,System.Collections.Generic.List`1[PlayersWorlds.Maps.Area])" fullname="PlayersWorlds.Maps.Maze.MazeGeneratorTest.IsFillComplete(PlayersWorlds.Maps.Maze.WilsonsMazeGenerator,Full,Auto,System.Collections.Generic.List`1[PlayersWorlds.Maps.Area])" methodname="IsFillComplete" classname="PlayersWorlds.Maps.Maze.MazeGeneratorTest" runstate="Runnable" seed="6284742" result="Passed" start-time="2024-06-19T14:46:13.3325430Z" end-time="2024-06-19T14:46:13.3880710Z" duration="0.055529" asserts="5" />
                <test-case id="1-1909" name="IsFillComplete(PlayersWorlds.Maps.Maze.WilsonsMazeGenerator,Full,Auto,System.Collections.Generic.List`1[PlayersWorlds.Maps.Area])" fullname="PlayersWorlds.Maps.Maze.MazeGeneratorTest.IsFillComplete(PlayersWorlds.Maps.Maze.WilsonsMazeGenerator,Full,Auto,System.Collections.Generic.List`1[PlayersWorlds.Maps.Area])" methodname="IsFillComplete" classname="PlayersWorlds.Maps.Maze.MazeGeneratorTest" runstate="Runnable" seed="1752771203" result="Passed" start-time="2024-06-19T14:46:13.3880830Z" end-time="2024-06-19T14:46:13.4136350Z" duration="0.025552" asserts="5" />
                <test-case id="1-1910" name="IsFillComplete(PlayersWorlds.Maps.Maze.WilsonsMazeGenerator,Full,Auto,System.Collections.Generic.List`1[PlayersWorlds.Maps.Area])" fullname="PlayersWorlds.Maps.Maze.MazeGeneratorTest.IsFillComplete(PlayersWorlds.Maps.Maze.WilsonsMazeGenerator,Full,Auto,System.Collections.Generic.List`1[PlayersWorlds.Maps.Area])" methodname="IsFillComplete" classname="PlayersWorlds.Maps.Maze.MazeGeneratorTest" runstate="Runnable" seed="1369514558" result="Passed" start-time="2024-06-19T14:46:13.4136450Z" end-time="2024-06-19T14:46:13.4433320Z" duration="0.029686" asserts="5" />
                <test-case id="1-1911" name="IsFillComplete(PlayersWorlds.Maps.Maze.WilsonsMazeGenerator,Full,Manual,null)" fullname="PlayersWorlds.Maps.Maze.MazeGeneratorTest.IsFillComplete(PlayersWorlds.Maps.Maze.WilsonsMazeGenerator,Full,Manual,null)" methodname="IsFillComplete" classname="PlayersWorlds.Maps.Maze.MazeGeneratorTest" runstate="Runnable" seed="822186728" result="Passed" start-time="2024-06-19T14:46:13.4433500Z" end-time="2024-06-19T14:46:13.4511320Z" duration="0.007782" asserts="5" />
                <test-case id="1-1912" name="IsFillComplete(PlayersWorlds.Maps.Maze.WilsonsMazeGenerator,Full,Manual,System.Collections.Generic.List`1[PlayersWorlds.Maps.Area])" fullname="PlayersWorlds.Maps.Maze.MazeGeneratorTest.IsFillComplete(PlayersWorlds.Maps.Maze.WilsonsMazeGenerator,Full,Manual,System.Collections.Generic.List`1[PlayersWorlds.Maps.Area])" methodname="IsFillComplete" classname="PlayersWorlds.Maps.Maze.MazeGeneratorTest" runstate="Runnable" seed="1278512244" result="Passed" start-time="2024-06-19T14:46:13.4511420Z" end-time="2024-06-19T14:46:13.4591800Z" duration="0.008038" asserts="5" />
                <test-case id="1-1913" name="IsFillComplete(PlayersWorlds.Maps.Maze.WilsonsMazeGenerator,Full,Manual,System.Collections.Generic.List`1[PlayersWorlds.Maps.Area])" fullname="PlayersWorlds.Maps.Maze.MazeGeneratorTest.IsFillComplete(PlayersWorlds.Maps.Maze.WilsonsMazeGenerator,Full,Manual,System.Collections.Generic.List`1[PlayersWorlds.Maps.Area])" methodname="IsFillComplete" classname="PlayersWorlds.Maps.Maze.MazeGeneratorTest" runstate="Runnable" seed="1880867306" result="Passed" start-time="2024-06-19T14:46:13.4591990Z" end-time="2024-06-19T14:46:13.4666650Z" duration="0.007466" asserts="5" />
                <test-case id="1-1914" name="IsFillComplete(PlayersWorlds.Maps.Maze.WilsonsMazeGenerator,Full,Manual,System.Collections.Generic.List`1[PlayersWorlds.Maps.Area])" fullname="PlayersWorlds.Maps.Maze.MazeGeneratorTest.IsFillComplete(PlayersWorlds.Maps.Maze.WilsonsMazeGenerator,Full,Manual,System.Collections.Generic.List`1[PlayersWorlds.Maps.Area])" methodname="IsFillComplete" classname="PlayersWorlds.Maps.Maze.MazeGeneratorTest" runstate="Runnable" seed="1127267382" result="Passed" start-time="2024-06-19T14:46:13.4666760Z" end-time="2024-06-19T14:46:13.4740290Z" duration="0.007353" asserts="5" />
                <test-case id="1-1915" name="IsFillComplete(PlayersWorlds.Maps.Maze.WilsonsMazeGenerator,Full,Manual,System.Collections.Generic.List`1[PlayersWorlds.Maps.Area])" fullname="PlayersWorlds.Maps.Maze.MazeGeneratorTest.IsFillComplete(PlayersWorlds.Maps.Maze.WilsonsMazeGenerator,Full,Manual,System.Collections.Generic.List`1[PlayersWorlds.Maps.Area])" methodname="IsFillComplete" classname="PlayersWorlds.Maps.Maze.MazeGeneratorTest" runstate="Runnable" seed="274577744" result="Passed" start-time="2024-06-19T14:46:13.4740400Z" end-time="2024-06-19T14:46:13.4818570Z" duration="0.007818" asserts="5" />
                <test-case id="1-1916" name="IsFillComplete(PlayersWorlds.Maps.Maze.WilsonsMazeGenerator,Full,Manual,System.Collections.Generic.List`1[PlayersWorlds.Maps.Area])" fullname="PlayersWorlds.Maps.Maze.MazeGeneratorTest.IsFillComplete(PlayersWorlds.Maps.Maze.WilsonsMazeGenerator,Full,Manual,System.Collections.Generic.List`1[PlayersWorlds.Maps.Area])" methodname="IsFillComplete" classname="PlayersWorlds.Maps.Maze.MazeGeneratorTest" runstate="Runnable" seed="66304445" result="Passed" start-time="2024-06-19T14:46:13.4818670Z" end-time="2024-06-19T14:46:13.4891410Z" duration="0.007274" asserts="5" />
              </test-suite>
              <test-case id="1-1918" name="IsFillComplete_Debug" fullname="PlayersWorlds.Maps.Maze.MazeGeneratorTest.IsFillComplete_Debug" methodname="IsFillComplete_Debug" classname="PlayersWorlds.Maps.Maze.MazeGeneratorTest" runstate="Ignored" seed="2086772574" result="Skipped" label="Ignored" start-time="2024-06-19T14:46:13.4892220Z" end-time="2024-06-19T14:46:13.4892260Z" duration="0.000004" asserts="0">
                <properties>
                  <property name="_SKIPREASON" value="Debugging only" />
                </properties>
                <reason>
                  <message><![CDATA[Debugging only]]></message>
                </reason>
              </test-case>
              <test-case id="1-1407" name="IsFillComplete_Full" fullname="PlayersWorlds.Maps.Maze.MazeGeneratorTest.IsFillComplete_Full" methodname="IsFillComplete_Full" classname="PlayersWorlds.Maps.Maze.MazeGeneratorTest" runstate="Runnable" seed="67341754" result="Passed" start-time="2024-06-19T14:46:13.4892300Z" end-time="2024-06-19T14:46:13.4984260Z" duration="0.009196" asserts="3" />
              <test-case id="1-1412" name="IsFillComplete_FullHeight" fullname="PlayersWorlds.Maps.Maze.MazeGeneratorTest.IsFillComplete_FullHeight" methodname="IsFillComplete_FullHeight" classname="PlayersWorlds.Maps.Maze.MazeGeneratorTest" runstate="Runnable" seed="1087311088" result="Passed" start-time="2024-06-19T14:46:13.4984360Z" end-time="2024-06-19T14:46:13.5050850Z" duration="0.006648" asserts="3" />
              <test-case id="1-1411" name="IsFillComplete_FullWidth" fullname="PlayersWorlds.Maps.Maze.MazeGeneratorTest.IsFillComplete_FullWidth" methodname="IsFillComplete_FullWidth" classname="PlayersWorlds.Maps.Maze.MazeGeneratorTest" runstate="Runnable" seed="2131069398" result="Passed" start-time="2024-06-19T14:46:13.5050960Z" end-time="2024-06-19T14:46:13.5124720Z" duration="0.007376" asserts="3" />
              <test-case id="1-1406" name="IsFillComplete_Half" fullname="PlayersWorlds.Maps.Maze.MazeGeneratorTest.IsFillComplete_Half" methodname="IsFillComplete_Half" classname="PlayersWorlds.Maps.Maze.MazeGeneratorTest" runstate="Runnable" seed="615055775" result="Passed" start-time="2024-06-19T14:46:13.5124830Z" end-time="2024-06-19T14:46:13.5195660Z" duration="0.007083" asserts="3" />
              <test-case id="1-1410" name="IsFillComplete_NinetyPercent" fullname="PlayersWorlds.Maps.Maze.MazeGeneratorTest.IsFillComplete_NinetyPercent" methodname="IsFillComplete_NinetyPercent" classname="PlayersWorlds.Maps.Maze.MazeGeneratorTest" runstate="Runnable" seed="1609591527" result="Passed" start-time="2024-06-19T14:46:13.5195770Z" end-time="2024-06-19T14:46:13.5274370Z" duration="0.007861" asserts="3" />
              <test-case id="1-1408" name="IsFillComplete_Quarter" fullname="PlayersWorlds.Maps.Maze.MazeGeneratorTest.IsFillComplete_Quarter" methodname="IsFillComplete_Quarter" classname="PlayersWorlds.Maps.Maze.MazeGeneratorTest" runstate="Runnable" seed="1675070433" result="Passed" start-time="2024-06-19T14:46:13.5274500Z" end-time="2024-06-19T14:46:13.5341410Z" duration="0.006691" asserts="3" />
              <test-case id="1-1409" name="IsFillComplete_ThreeQuarters" fullname="PlayersWorlds.Maps.Maze.MazeGeneratorTest.IsFillComplete_ThreeQuarters" methodname="IsFillComplete_ThreeQuarters" classname="PlayersWorlds.Maps.Maze.MazeGeneratorTest" runstate="Runnable" seed="1699976385" result="Passed" start-time="2024-06-19T14:46:13.5341520Z" end-time="2024-06-19T14:46:13.5422460Z" duration="0.008093" asserts="3" />
              <test-case id="1-1405" name="OnlyFullGenerators" fullname="PlayersWorlds.Maps.Maze.MazeGeneratorTest.OnlyFullGenerators" methodname="OnlyFullGenerators" classname="PlayersWorlds.Maps.Maze.MazeGeneratorTest" runstate="Runnable" seed="1272892687" result="Passed" start-time="2024-06-19T14:46:13.5422560Z" end-time="2024-06-19T14:46:13.5515060Z" duration="0.009250" asserts="2" />
              <test-case id="1-1919" name="WrongGeneratorOptions" fullname="PlayersWorlds.Maps.Maze.MazeGeneratorTest.WrongGeneratorOptions" methodname="WrongGeneratorOptions" classname="PlayersWorlds.Maps.Maze.MazeGeneratorTest" runstate="Runnable" seed="319463362" result="Passed" start-time="2024-06-19T14:46:13.5515160Z" end-time="2024-06-19T14:46:13.5533560Z" duration="0.001840" asserts="4" />
            </test-suite>
            <test-suite type="TestSuite" id="1-2076" name="PostProcessing" fullname="PlayersWorlds.Maps.Maze.PostProcessing" runstate="Runnable" testcasecount="5" result="Passed" start-time="2024-06-19T14:41:54.4294230Z" end-time="2024-06-19T14:46:13.5649090Z" duration="259.135486" total="5" passed="5" failed="0" warnings="0" inconclusive="0" skipped="0" asserts="19">
              <test-suite type="TestFixture" id="1-1932" name="DeadEndTest" fullname="PlayersWorlds.Maps.Maze.PostProcessing.DeadEndTest" classname="PlayersWorlds.Maps.Maze.PostProcessing.DeadEndTest" runstate="Runnable" testcasecount="1" result="Passed" start-time="2024-06-19T14:46:13.5533920Z" end-time="2024-06-19T14:46:13.5541000Z" duration="0.000708" total="1" passed="1" failed="0" warnings="0" inconclusive="0" skipped="0" asserts="7">
                <test-case id="1-1933" name="DeadEnd_CanFindDeadEnds" fullname="PlayersWorlds.Maps.Maze.PostProcessing.DeadEndTest.DeadEnd_CanFindDeadEnds" methodname="DeadEnd_CanFindDeadEnds" classname="PlayersWorlds.Maps.Maze.PostProcessing.DeadEndTest" runstate="Runnable" seed="664285671" result="Passed" start-time="2024-06-19T14:46:13.5534630Z" end-time="2024-06-19T14:46:13.5540890Z" duration="0.000626" asserts="7" />
              </test-suite>
              <test-suite type="TestFixture" id="1-1934" name="DijkstraDistanceTest" fullname="PlayersWorlds.Maps.Maze.PostProcessing.DijkstraDistanceTest" classname="PlayersWorlds.Maps.Maze.PostProcessing.DijkstraDistanceTest" runstate="Runnable" testcasecount="4" result="Passed" start-time="2024-06-19T14:46:13.5541130Z" end-time="2024-06-19T14:46:13.5649020Z" duration="0.010790" total="4" passed="4" failed="0" warnings="0" inconclusive="0" skipped="0" asserts="12">
                <test-case id="1-1938" name="DijkstraDistance_CanFindLongestTrail" fullname="PlayersWorlds.Maps.Maze.PostProcessing.DijkstraDistanceTest.DijkstraDistance_CanFindLongestTrail" methodname="DijkstraDistance_CanFindLongestTrail" classname="PlayersWorlds.Maps.Maze.PostProcessing.DijkstraDistanceTest" runstate="Runnable" seed="985706092" result="Passed" start-time="2024-06-19T14:46:13.5541700Z" end-time="2024-06-19T14:46:13.5546350Z" duration="0.000465" asserts="4" />
                <test-case id="1-1936" name="DijkstraDistance_CanSolveAMaze" fullname="PlayersWorlds.Maps.Maze.PostProcessing.DijkstraDistanceTest.DijkstraDistance_CanSolveAMaze" methodname="DijkstraDistance_CanSolveAMaze" classname="PlayersWorlds.Maps.Maze.PostProcessing.DijkstraDistanceTest" runstate="Runnable" seed="446266996" result="Passed" start-time="2024-06-19T14:46:13.5546430Z" end-time="2024-06-19T14:46:13.5555630Z" duration="0.000920" asserts="4" />
                <test-case id="1-1935" name="DijkstraDistance_FindsAllDistances" fullname="PlayersWorlds.Maps.Maze.PostProcessing.DijkstraDistanceTest.DijkstraDistance_FindsAllDistances" methodname="DijkstraDistance_FindsAllDistances" classname="PlayersWorlds.Maps.Maze.PostProcessing.DijkstraDistanceTest" runstate="Runnable" seed="2049217679" result="Passed" start-time="2024-06-19T14:46:13.5555710Z" end-time="2024-06-19T14:46:13.5646060Z" duration="0.009035" asserts="3" />
                <test-case id="1-1937" name="DijkstraDistance_ReturnsEmptyIfNoSolutionFound" fullname="PlayersWorlds.Maps.Maze.PostProcessing.DijkstraDistanceTest.DijkstraDistance_ReturnsEmptyIfNoSolutionFound" methodname="DijkstraDistance_ReturnsEmptyIfNoSolutionFound" classname="PlayersWorlds.Maps.Maze.PostProcessing.DijkstraDistanceTest" runstate="Runnable" seed="1471671802" result="Passed" start-time="2024-06-19T14:46:13.5646190Z" end-time="2024-06-19T14:46:13.5648920Z" duration="0.000273" asserts="1" />
              </test-suite>
            </test-suite>
            <test-suite type="TestFixture" id="1-1927" name="SidewinderMazeGeneratorTest" fullname="PlayersWorlds.Maps.Maze.SidewinderMazeGeneratorTest" classname="PlayersWorlds.Maps.Maze.SidewinderMazeGeneratorTest" runstate="Runnable" testcasecount="2" result="Passed" start-time="2024-06-19T14:46:13.5649200Z" end-time="2024-06-19T14:46:13.7260550Z" duration="0.161135" total="2" passed="2" failed="0" warnings="0" inconclusive="0" skipped="0" asserts="22">
              <test-case id="1-1928" name="ArchShapedAreas" fullname="PlayersWorlds.Maps.Maze.SidewinderMazeGeneratorTest.ArchShapedAreas" methodname="ArchShapedAreas" classname="PlayersWorlds.Maps.Maze.SidewinderMazeGeneratorTest" runstate="Runnable" seed="1535449831" result="Passed" start-time="2024-06-19T14:46:13.5649800Z" end-time="2024-06-19T14:46:13.5796720Z" duration="0.014693" asserts="2" />
              <test-case id="1-1929" name="ArchShapedAreasLeftExit" fullname="PlayersWorlds.Maps.Maze.SidewinderMazeGeneratorTest.ArchShapedAreasLeftExit" methodname="ArchShapedAreasLeftExit" classname="PlayersWorlds.Maps.Maze.SidewinderMazeGeneratorTest" runstate="Runnable" seed="1562314174" result="Passed" start-time="2024-06-19T14:46:13.5796830Z" end-time="2024-06-19T14:46:13.7260410Z" duration="0.146358" asserts="20">
                <properties>
                  <property name="Repeat" value="10" />
                  <property name="Category" value="Integration" />
                </properties>
              </test-case>
            </test-suite>
            <test-suite type="TestFixture" id="1-1930" name="WilsonsMazeGeneratorTest" fullname="PlayersWorlds.Maps.Maze.WilsonsMazeGeneratorTest" classname="PlayersWorlds.Maps.Maze.WilsonsMazeGeneratorTest" runstate="Runnable" testcasecount="1" result="Passed" start-time="2024-06-19T14:46:13.7260680Z" end-time="2024-06-19T14:46:13.7439260Z" duration="0.017857" total="1" passed="1" failed="0" warnings="0" inconclusive="0" skipped="0" asserts="1">
              <test-case id="1-1931" name="DuplicateRandom" fullname="PlayersWorlds.Maps.Maze.WilsonsMazeGeneratorTest.DuplicateRandom" methodname="DuplicateRandom" classname="PlayersWorlds.Maps.Maze.WilsonsMazeGeneratorTest" runstate="Runnable" seed="1940998947" result="Passed" start-time="2024-06-19T14:46:13.7261420Z" end-time="2024-06-19T14:46:13.7439110Z" duration="0.017769" asserts="1">
                <properties>
                  <property name="Timeout" value="1000" />
                </properties>
              </test-case>
            </test-suite>
          </test-suite>
          <test-suite type="TestFixture" id="1-1053" name="Maze2DRendererTest" fullname="PlayersWorlds.Maps.Maze2DRendererTest" classname="PlayersWorlds.Maps.Maze2DRendererTest" runstate="Runnable" testcasecount="8" result="Passed" start-time="2024-06-19T14:46:13.7439440Z" end-time="2024-06-19T14:46:13.7970980Z" duration="0.053154" total="8" passed="8" failed="0" warnings="0" inconclusive="0" skipped="0" asserts="57">
            <test-case id="1-1056" name="CanRenderAMapWithFilledAreas" fullname="PlayersWorlds.Maps.Maze2DRendererTest.CanRenderAMapWithFilledAreas" methodname="CanRenderAMapWithFilledAreas" classname="PlayersWorlds.Maps.Maze2DRendererTest" runstate="Runnable" seed="1081008644" result="Passed" start-time="2024-06-19T14:46:13.7440050Z" end-time="2024-06-19T14:46:13.7570830Z" duration="0.013077" asserts="1" />
            <test-case id="1-1057" name="CanRenderAMapWithHallAreas" fullname="PlayersWorlds.Maps.Maze2DRendererTest.CanRenderAMapWithHallAreas" methodname="CanRenderAMapWithHallAreas" classname="PlayersWorlds.Maps.Maze2DRendererTest" runstate="Runnable" seed="1839128496" result="Passed" start-time="2024-06-19T14:46:13.7570930Z" end-time="2024-06-19T14:46:13.7682400Z" duration="0.011146" asserts="1" />
            <test-case id="1-1054" name="CanRenderAMapWithSmoothCorners" fullname="PlayersWorlds.Maps.Maze2DRendererTest.CanRenderAMapWithSmoothCorners" methodname="CanRenderAMapWithSmoothCorners" classname="PlayersWorlds.Maps.Maze2DRendererTest" runstate="Runnable" seed="466972927" result="Passed" start-time="2024-06-19T14:46:13.7682500Z" end-time="2024-06-19T14:46:13.7767250Z" duration="0.008475" asserts="1" />
            <test-case id="1-1055" name="CanRenderAMapWithVoids" fullname="PlayersWorlds.Maps.Maze2DRendererTest.CanRenderAMapWithVoids" methodname="CanRenderAMapWithVoids" classname="PlayersWorlds.Maps.Maze2DRendererTest" runstate="Runnable" seed="1895196041" result="Passed" start-time="2024-06-19T14:46:13.7767360Z" end-time="2024-06-19T14:46:13.7883450Z" duration="0.011610" asserts="1" />
            <test-case id="1-1061" name="CellsMapping_ValidMapping" fullname="PlayersWorlds.Maps.Maze2DRendererTest.CellsMapping_ValidMapping" methodname="CellsMapping_ValidMapping" classname="PlayersWorlds.Maps.Maze2DRendererTest" runstate="Runnable" seed="1333337817" result="Passed" start-time="2024-06-19T14:46:13.7883550Z" end-time="2024-06-19T14:46:13.7940470Z" duration="0.005692" asserts="45" />
            <test-case id="1-1058" name="Maze2DStringBoxRenderer_CanConvertToAscii" fullname="PlayersWorlds.Maps.Maze2DRendererTest.Maze2DStringBoxRenderer_CanConvertToAscii" methodname="Maze2DStringBoxRenderer_CanConvertToAscii" classname="PlayersWorlds.Maps.Maze2DRendererTest" runstate="Runnable" seed="227093089" result="Passed" start-time="2024-06-19T14:46:13.7940580Z" end-time="2024-06-19T14:46:13.7948190Z" duration="0.000761" asserts="1" />
            <test-case id="1-1059" name="Maze2DStringBoxRenderer_CanConvertToAsciiWithData" fullname="PlayersWorlds.Maps.Maze2DRendererTest.Maze2DStringBoxRenderer_CanConvertToAsciiWithData" methodname="Maze2DStringBoxRenderer_CanConvertToAsciiWithData" classname="PlayersWorlds.Maps.Maze2DRendererTest" runstate="Runnable" seed="2034801774" result="Passed" start-time="2024-06-19T14:46:13.7948290Z" end-time="2024-06-19T14:46:13.7957320Z" duration="0.000903" asserts="1" />
            <test-case id="1-1060" name="Maze2DToMap2DConverter_ThrowsIfInvalidOptions" fullname="PlayersWorlds.Maps.Maze2DRendererTest.Maze2DToMap2DConverter_ThrowsIfInvalidOptions" methodname="Maze2DToMap2DConverter_ThrowsIfInvalidOptions" classname="PlayersWorlds.Maps.Maze2DRendererTest" runstate="Runnable" seed="1545073017" result="Passed" start-time="2024-06-19T14:46:13.7957430Z" end-time="2024-06-19T14:46:13.7970850Z" duration="0.001341" asserts="6" />
          </test-suite>
          <test-suite type="TestFixture" id="1-1024" name="NArrayTest" fullname="PlayersWorlds.Maps.NArrayTest" classname="PlayersWorlds.Maps.NArrayTest" runstate="Runnable" testcasecount="20" result="Passed" start-time="2024-06-19T14:46:13.7971110Z" end-time="2024-06-19T14:46:13.8043360Z" duration="0.007225" total="20" passed="20" failed="0" warnings="0" inconclusive="0" skipped="0" asserts="74">
            <test-case id="1-1040" name="CellsAt_AnyCellAt2x2" fullname="PlayersWorlds.Maps.NArrayTest.CellsAt_AnyCellAt2x2" methodname="CellsAt_AnyCellAt2x2" classname="PlayersWorlds.Maps.NArrayTest" runstate="Runnable" seed="1416399787" result="Passed" start-time="2024-06-19T14:46:13.7971690Z" end-time="2024-06-19T14:46:13.7974100Z" duration="0.000241" asserts="5" />
            <test-case id="1-1043" name="CellsAt_AnyCellAtCloseEdge2x2" fullname="PlayersWorlds.Maps.NArrayTest.CellsAt_AnyCellAtCloseEdge2x2" methodname="CellsAt_AnyCellAtCloseEdge2x2" classname="PlayersWorlds.Maps.NArrayTest" runstate="Runnable" seed="1282732225" result="Passed" start-time="2024-06-19T14:46:13.7974180Z" end-time="2024-06-19T14:46:13.7976340Z" duration="0.000217" asserts="5" />
            <test-case id="1-1032" name="NArray_AdjacentRegion_ReturnsCorrectNeighbors" fullname="PlayersWorlds.Maps.NArrayTest.NArray_AdjacentRegion_ReturnsCorrectNeighbors" methodname="NArray_AdjacentRegion_ReturnsCorrectNeighbors" classname="PlayersWorlds.Maps.NArrayTest" runstate="Runnable" seed="2109703125" result="Passed" start-time="2024-06-19T14:46:13.7976420Z" end-time="2024-06-19T14:46:13.7985190Z" duration="0.000877" asserts="6" />
            <test-case id="1-1033" name="NArray_AdjacentRegion_ReturnsCorrectNeighborsIn4DSpace" fullname="PlayersWorlds.Maps.NArrayTest.NArray_AdjacentRegion_ReturnsCorrectNeighborsIn4DSpace" methodname="NArray_AdjacentRegion_ReturnsCorrectNeighborsIn4DSpace" classname="PlayersWorlds.Maps.NArrayTest" runstate="Runnable" seed="1787498763" result="Passed" start-time="2024-06-19T14:46:13.7985270Z" end-time="2024-06-19T14:46:13.7992770Z" duration="0.000750" asserts="5" />
            <test-case id="1-1025" name="NArray_Constructor_CreatesCorrectSize" fullname="PlayersWorlds.Maps.NArrayTest.NArray_Constructor_CreatesCorrectSize" methodname="NArray_Constructor_CreatesCorrectSize" classname="PlayersWorlds.Maps.NArrayTest" runstate="Runnable" seed="979392036" result="Passed" start-time="2024-06-19T14:46:13.7992850Z" end-time="2024-06-19T14:46:13.7994230Z" duration="0.000138" asserts="2" />
            <test-case id="1-1026" name="NArray_Constructor_ThrowsOnInvalidSize" fullname="PlayersWorlds.Maps.NArrayTest.NArray_Constructor_ThrowsOnInvalidSize" methodname="NArray_Constructor_ThrowsOnInvalidSize" classname="PlayersWorlds.Maps.NArrayTest" runstate="Runnable" seed="1619186044" result="Passed" start-time="2024-06-19T14:46:13.7994300Z" end-time="2024-06-19T14:46:13.7997150Z" duration="0.000285" asserts="1" />
            <test-case id="1-1037" name="NArray_Iterate_FourCellsFar" fullname="PlayersWorlds.Maps.NArrayTest.NArray_Iterate_FourCellsFar" methodname="NArray_Iterate_FourCellsFar" classname="PlayersWorlds.Maps.NArrayTest" runstate="Runnable" seed="1978754788" result="Passed" start-time="2024-06-19T14:46:13.7997230Z" end-time="2024-06-19T14:46:13.8001670Z" duration="0.000445" asserts="5" />
            <test-case id="1-1034" name="NArray_Iterate_OneCell" fullname="PlayersWorlds.Maps.NArrayTest.NArray_Iterate_OneCell" methodname="NArray_Iterate_OneCell" classname="PlayersWorlds.Maps.NArrayTest" runstate="Runnable" seed="1969589437" result="Passed" start-time="2024-06-19T14:46:13.8001750Z" end-time="2024-06-19T14:46:13.8003860Z" duration="0.000211" asserts="2" />
            <test-case id="1-1038" name="NArray_Iterate_OutOfBounds" fullname="PlayersWorlds.Maps.NArrayTest.NArray_Iterate_OutOfBounds" methodname="NArray_Iterate_OutOfBounds" classname="PlayersWorlds.Maps.NArrayTest" runstate="Runnable" seed="724419496" result="Passed" start-time="2024-06-19T14:46:13.8003940Z" end-time="2024-06-19T14:46:13.8007930Z" duration="0.000399" asserts="4" />
            <test-case id="1-1027" name="NArray_Iterate_TraversesAllCells" fullname="PlayersWorlds.Maps.NArrayTest.NArray_Iterate_TraversesAllCells" methodname="NArray_Iterate_TraversesAllCells" classname="PlayersWorlds.Maps.NArrayTest" runstate="Runnable" seed="735998771" result="Passed" start-time="2024-06-19T14:46:13.8008000Z" end-time="2024-06-19T14:46:13.8013170Z" duration="0.000517" asserts="13" />
            <test-case id="1-1036" name="NArray_Iterate_TreeByTwo" fullname="PlayersWorlds.Maps.NArrayTest.NArray_Iterate_TreeByTwo" methodname="NArray_Iterate_TreeByTwo" classname="PlayersWorlds.Maps.NArrayTest" runstate="Runnable" seed="1485978384" result="Passed" start-time="2024-06-19T14:46:13.8013240Z" end-time="2024-06-19T14:46:13.8017020Z" duration="0.000378" asserts="7" />
            <test-case id="1-1035" name="NArray_Iterate_TwoCells" fullname="PlayersWorlds.Maps.NArrayTest.NArray_Iterate_TwoCells" methodname="NArray_Iterate_TwoCells" classname="PlayersWorlds.Maps.NArrayTest" runstate="Runnable" seed="1732270784" result="Passed" start-time="2024-06-19T14:46:13.8017100Z" end-time="2024-06-19T14:46:13.8019720Z" duration="0.000262" asserts="3" />
            <test-case id="1-1041" name="NArray_IterateIntersection_AnyCellAtEdge1x1" fullname="PlayersWorlds.Maps.NArrayTest.NArray_IterateIntersection_AnyCellAtEdge1x1" methodname="NArray_IterateIntersection_AnyCellAtEdge1x1" classname="PlayersWorlds.Maps.NArrayTest" runstate="Runnable" seed="952184448" result="Passed" start-time="2024-06-19T14:46:13.8019790Z" end-time="2024-06-19T14:46:13.8021260Z" duration="0.000147" asserts="2" />
            <test-case id="1-1042" name="NArray_IterateIntersection_AnyCellAtFarEdge2x2" fullname="PlayersWorlds.Maps.NArrayTest.NArray_IterateIntersection_AnyCellAtFarEdge2x2" methodname="NArray_IterateIntersection_AnyCellAtFarEdge2x2" classname="PlayersWorlds.Maps.NArrayTest" runstate="Runnable" seed="80469278" result="Passed" start-time="2024-06-19T14:46:13.8021330Z" end-time="2024-06-19T14:46:13.8022760Z" duration="0.000142" asserts="2" />
            <test-case id="1-1039" name="NArray_IterateIntersection_AnyCellAtP1x1" fullname="PlayersWorlds.Maps.NArrayTest.NArray_IterateIntersection_AnyCellAtP1x1" methodname="NArray_IterateIntersection_AnyCellAtP1x1" classname="PlayersWorlds.Maps.NArrayTest" runstate="Runnable" seed="104707325" result="Passed" start-time="2024-06-19T14:46:13.8022830Z" end-time="2024-06-19T14:46:13.8024300Z" duration="0.000147" asserts="2" />
            <test-case id="1-1031" name="NArray_IterateIntersection_HandlesOverlap" fullname="PlayersWorlds.Maps.NArrayTest.NArray_IterateIntersection_HandlesOverlap" methodname="NArray_IterateIntersection_HandlesOverlap" classname="PlayersWorlds.Maps.NArrayTest" runstate="Runnable" seed="1487511365" result="Passed" start-time="2024-06-19T14:46:13.8024370Z" end-time="2024-06-19T14:46:13.8027970Z" duration="0.000360" asserts="1" />
            <test-case id="1-1030" name="NArray_IterateRegion_HandlesDimensionsMismatch" fullname="PlayersWorlds.Maps.NArrayTest.NArray_IterateRegion_HandlesDimensionsMismatch" methodname="NArray_IterateRegion_HandlesDimensionsMismatch" classname="PlayersWorlds.Maps.NArrayTest" runstate="Runnable" seed="1281580644" result="Passed" start-time="2024-06-19T14:46:13.8028050Z" end-time="2024-06-19T14:46:13.8032910Z" duration="0.000486" asserts="3" />
            <test-case id="1-1029" name="NArray_IterateRegion_HandlesOutOfBounds" fullname="PlayersWorlds.Maps.NArrayTest.NArray_IterateRegion_HandlesOutOfBounds" methodname="NArray_IterateRegion_HandlesOutOfBounds" classname="PlayersWorlds.Maps.NArrayTest" runstate="Runnable" seed="2095083724" result="Passed" start-time="2024-06-19T14:46:13.8032980Z" end-time="2024-06-19T14:46:13.8038250Z" duration="0.000527" asserts="4" />
            <test-case id="1-1028" name="NArray_IterateRegion_ReturnsCorrectCells" fullname="PlayersWorlds.Maps.NArrayTest.NArray_IterateRegion_ReturnsCorrectCells" methodname="NArray_IterateRegion_ReturnsCorrectCells" classname="PlayersWorlds.Maps.NArrayTest" runstate="Runnable" seed="1999140641" result="Passed" start-time="2024-06-19T14:46:13.8038320Z" end-time="2024-06-19T14:46:13.8039590Z" duration="0.000127" asserts="1" />
            <test-case id="1-1044" name="SaveRegion_Empty" fullname="PlayersWorlds.Maps.NArrayTest.SaveRegion_Empty" methodname="SaveRegion_Empty" classname="PlayersWorlds.Maps.NArrayTest" runstate="Runnable" seed="712212808" result="Passed" start-time="2024-06-19T14:46:13.8039660Z" end-time="2024-06-19T14:46:13.8043240Z" duration="0.000358" asserts="1" />
          </test-suite>
          <test-suite type="TestFixture" id="1-1045" name="OptionalTest" fullname="PlayersWorlds.Maps.OptionalTest" classname="PlayersWorlds.Maps.OptionalTest" runstate="Runnable" testcasecount="7" result="Passed" start-time="2024-06-19T14:46:13.8043470Z" end-time="2024-06-19T14:46:13.8060250Z" duration="0.001678" total="7" passed="7" failed="0" warnings="0" inconclusive="0" skipped="0" asserts="25">
            <test-case id="1-1051" name="Optional_CanBeCastToT" fullname="PlayersWorlds.Maps.OptionalTest.Optional_CanBeCastToT" methodname="Optional_CanBeCastToT" classname="PlayersWorlds.Maps.OptionalTest" runstate="Runnable" seed="2034336756" result="Passed" start-time="2024-06-19T14:46:13.8044040Z" end-time="2024-06-19T14:46:13.8045500Z" duration="0.000147" asserts="1" />
            <test-case id="1-1046" name="Optional_Equality" fullname="PlayersWorlds.Maps.OptionalTest.Optional_Equality" methodname="Optional_Equality" classname="PlayersWorlds.Maps.OptionalTest" runstate="Runnable" seed="1982423464" result="Passed" start-time="2024-06-19T14:46:13.8045580Z" end-time="2024-06-19T14:46:13.8047660Z" duration="0.000208" asserts="3" />
            <test-case id="1-1048" name="Optional_Equals" fullname="PlayersWorlds.Maps.OptionalTest.Optional_Equals" methodname="Optional_Equals" classname="PlayersWorlds.Maps.OptionalTest" runstate="Runnable" seed="1155909752" result="Passed" start-time="2024-06-19T14:46:13.8047730Z" end-time="2024-06-19T14:46:13.8050640Z" duration="0.000291" asserts="5" />
            <test-case id="1-1050" name="Optional_GetHashCode" fullname="PlayersWorlds.Maps.OptionalTest.Optional_GetHashCode" methodname="Optional_GetHashCode" classname="PlayersWorlds.Maps.OptionalTest" runstate="Runnable" seed="1033292442" result="Passed" start-time="2024-06-19T14:46:13.8050720Z" end-time="2024-06-19T14:46:13.8052930Z" duration="0.000221" asserts="3" />
            <test-case id="1-1049" name="Optional_Null" fullname="PlayersWorlds.Maps.OptionalTest.Optional_Null" methodname="Optional_Null" classname="PlayersWorlds.Maps.OptionalTest" runstate="Runnable" seed="1067733732" result="Passed" start-time="2024-06-19T14:46:13.8053000Z" end-time="2024-06-19T14:46:13.8056870Z" duration="0.000388" asserts="9" />
            <test-case id="1-1047" name="Optional_ThrowsIfNoValue" fullname="PlayersWorlds.Maps.OptionalTest.Optional_ThrowsIfNoValue" methodname="Optional_ThrowsIfNoValue" classname="PlayersWorlds.Maps.OptionalTest" runstate="Runnable" seed="267778391" result="Passed" start-time="2024-06-19T14:46:13.8056950Z" end-time="2024-06-19T14:46:13.8058440Z" duration="0.000149" asserts="2" />
            <test-case id="1-1052" name="Optional_ToStringShowsValue" fullname="PlayersWorlds.Maps.OptionalTest.Optional_ToStringShowsValue" methodname="Optional_ToStringShowsValue" classname="PlayersWorlds.Maps.OptionalTest" runstate="Runnable" seed="382911589" result="Passed" start-time="2024-06-19T14:46:13.8058510Z" end-time="2024-06-19T14:46:13.8060150Z" duration="0.000164" asserts="2" />
          </test-suite>
          <test-suite type="TestSuite" id="1-2074" name="Renderers" fullname="PlayersWorlds.Maps.Renderers" runstate="Runnable" testcasecount="1" result="Passed" start-time="2024-06-19T14:41:54.4294320Z" end-time="2024-06-19T14:46:13.8071290Z" duration="259.377696" total="1" passed="1" failed="0" warnings="0" inconclusive="0" skipped="0" asserts="1">
            <test-suite type="TestFixture" id="1-1141" name="Map2DStringRendererTest" fullname="PlayersWorlds.Maps.Renderers.Map2DStringRendererTest" classname="PlayersWorlds.Maps.Renderers.Map2DStringRendererTest" runstate="Runnable" testcasecount="1" result="Passed" start-time="2024-06-19T14:46:13.8060360Z" end-time="2024-06-19T14:46:13.8071220Z" duration="0.001086" total="1" passed="1" failed="0" warnings="0" inconclusive="0" skipped="0" asserts="1">
              <test-case id="1-1142" name="TestRender" fullname="PlayersWorlds.Maps.Renderers.Map2DStringRendererTest.TestRender" methodname="TestRender" classname="PlayersWorlds.Maps.Renderers.Map2DStringRendererTest" runstate="Runnable" seed="895995815" result="Passed" start-time="2024-06-19T14:46:13.8060910Z" end-time="2024-06-19T14:46:13.8071110Z" duration="0.001020" asserts="1" />
            </test-suite>
          </test-suite>
          <test-suite type="TestSuite" id="1-2073" name="Serializer" fullname="PlayersWorlds.Maps.Serializer" runstate="Runnable" testcasecount="33" result="Passed" start-time="2024-06-19T14:41:54.4294380Z" end-time="2024-06-19T14:46:13.8229650Z" duration="259.393527" total="33" passed="33" failed="0" warnings="0" inconclusive="0" skipped="0" asserts="145">
            <test-suite type="TestFixture" id="1-1104" name="AreaSerializerTest" fullname="PlayersWorlds.Maps.Serializer.AreaSerializerTest" classname="PlayersWorlds.Maps.Serializer.AreaSerializerTest" runstate="Runnable" testcasecount="9" result="Passed" start-time="2024-06-19T14:46:13.8071390Z" end-time="2024-06-19T14:46:13.8152180Z" duration="0.008080" total="9" passed="9" failed="0" warnings="0" inconclusive="0" skipped="0" asserts="75">
              <test-case id="1-1106" name="CanSerializeAndDeserializeAnAreaWithCells" fullname="PlayersWorlds.Maps.Serializer.AreaSerializerTest.CanSerializeAndDeserializeAnAreaWithCells" methodname="CanSerializeAndDeserializeAnAreaWithCells" classname="PlayersWorlds.Maps.Serializer.AreaSerializerTest" runstate="Runnable" seed="1299318579" result="Passed" start-time="2024-06-19T14:46:13.8071810Z" end-time="2024-06-19T14:46:13.8099390Z" duration="0.002758" asserts="7" />
              <test-case id="1-1107" name="CanSerializeAndDeserializeAnAreaWithChildAreas" fullname="PlayersWorlds.Maps.Serializer.AreaSerializerTest.CanSerializeAndDeserializeAnAreaWithChildAreas" methodname="CanSerializeAndDeserializeAnAreaWithChildAreas" classname="PlayersWorlds.Maps.Serializer.AreaSerializerTest" runstate="Runnable" seed="791035906" result="Passed" start-time="2024-06-19T14:46:13.8099480Z" end-time="2024-06-19T14:46:13.8106020Z" duration="0.000654" asserts="13" />
              <test-case id="1-1113" name="CanSerializeAndDeserializeAnAreaWithLinkedCells" fullname="PlayersWorlds.Maps.Serializer.AreaSerializerTest.CanSerializeAndDeserializeAnAreaWithLinkedCells" methodname="CanSerializeAndDeserializeAnAreaWithLinkedCells" classname="PlayersWorlds.Maps.Serializer.AreaSerializerTest" runstate="Runnable" seed="279938578" result="Passed" start-time="2024-06-19T14:46:13.8106100Z" end-time="2024-06-19T14:46:13.8113490Z" duration="0.000739" asserts="1" />
              <test-case id="1-1112" name="CanSerializeAndDeserializeAnAreaWithMixedChildAreas" fullname="PlayersWorlds.Maps.Serializer.AreaSerializerTest.CanSerializeAndDeserializeAnAreaWithMixedChildAreas" methodname="CanSerializeAndDeserializeAnAreaWithMixedChildAreas" classname="PlayersWorlds.Maps.Serializer.AreaSerializerTest" runstate="Runnable" seed="827715614" result="Passed" start-time="2024-06-19T14:46:13.8113570Z" end-time="2024-06-19T14:46:13.8120760Z" duration="0.000719" asserts="13" />
              <test-case id="1-1108" name="CanSerializeAndDeserializeAnAreaWithPosition" fullname="PlayersWorlds.Maps.Serializer.AreaSerializerTest.CanSerializeAndDeserializeAnAreaWithPosition" methodname="CanSerializeAndDeserializeAnAreaWithPosition" classname="PlayersWorlds.Maps.Serializer.AreaSerializerTest" runstate="Runnable" seed="657904308" result="Passed" start-time="2024-06-19T14:46:13.8120840Z" end-time="2024-06-19T14:46:13.8129840Z" duration="0.000900" asserts="5" />
              <test-case id="1-1111" name="CanSerializeAndDeserializeAnAreaWithPositionedChildAreas" fullname="PlayersWorlds.Maps.Serializer.AreaSerializerTest.CanSerializeAndDeserializeAnAreaWithPositionedChildAreas" methodname="CanSerializeAndDeserializeAnAreaWithPositionedChildAreas" classname="PlayersWorlds.Maps.Serializer.AreaSerializerTest" runstate="Runnable" seed="1671662361" result="Passed" start-time="2024-06-19T14:46:13.8129920Z" end-time="2024-06-19T14:46:13.8137270Z" duration="0.000735" asserts="13" />
              <test-case id="1-1109" name="CanSerializeAndDeserializeAnAreaWithTags" fullname="PlayersWorlds.Maps.Serializer.AreaSerializerTest.CanSerializeAndDeserializeAnAreaWithTags" methodname="CanSerializeAndDeserializeAnAreaWithTags" classname="PlayersWorlds.Maps.Serializer.AreaSerializerTest" runstate="Runnable" seed="92224330" result="Passed" start-time="2024-06-19T14:46:13.8137350Z" end-time="2024-06-19T14:46:13.8143590Z" duration="0.000624" asserts="5" />
              <test-case id="1-1110" name="CanSerializeAndDeserializeAnAreaWithUnpositionedChildAreas" fullname="PlayersWorlds.Maps.Serializer.AreaSerializerTest.CanSerializeAndDeserializeAnAreaWithUnpositionedChildAreas" methodname="CanSerializeAndDeserializeAnAreaWithUnpositionedChildAreas" classname="PlayersWorlds.Maps.Serializer.AreaSerializerTest" runstate="Runnable" seed="1255737084" result="Passed" start-time="2024-06-19T14:46:13.8143680Z" end-time="2024-06-19T14:46:13.8149430Z" duration="0.000576" asserts="13" />
              <test-case id="1-1105" name="CanSerializeAndDeserializeAnEmptyArea" fullname="PlayersWorlds.Maps.Serializer.AreaSerializerTest.CanSerializeAndDeserializeAnEmptyArea" methodname="CanSerializeAndDeserializeAnEmptyArea" classname="PlayersWorlds.Maps.Serializer.AreaSerializerTest" runstate="Runnable" seed="774770155" result="Passed" start-time="2024-06-19T14:46:13.8149510Z" end-time="2024-06-19T14:46:13.8152070Z" duration="0.000256" asserts="5" />
            </test-suite>
            <test-suite type="TestFixture" id="1-1114" name="BasicStringReaderTest" fullname="PlayersWorlds.Maps.Serializer.BasicStringReaderTest" classname="PlayersWorlds.Maps.Serializer.BasicStringReaderTest" runstate="Runnable" testcasecount="13" result="Passed" start-time="2024-06-19T14:46:13.8152300Z" end-time="2024-06-19T14:46:13.8199870Z" duration="0.004757" total="13" passed="13" failed="0" warnings="0" inconclusive="0" skipped="0" asserts="46">
              <test-case id="1-1118" name="CanReadEmptyEnumerables" fullname="PlayersWorlds.Maps.Serializer.BasicStringReaderTest.CanReadEmptyEnumerables" methodname="CanReadEmptyEnumerables" classname="PlayersWorlds.Maps.Serializer.BasicStringReaderTest" runstate="Runnable" seed="651415988" result="Passed" start-time="2024-06-19T14:46:13.8152880Z" end-time="2024-06-19T14:46:13.8155360Z" duration="0.000248" asserts="3" />
              <test-case id="1-1119" name="CanReadEmptyEnumerables2" fullname="PlayersWorlds.Maps.Serializer.BasicStringReaderTest.CanReadEmptyEnumerables2" methodname="CanReadEmptyEnumerables2" classname="PlayersWorlds.Maps.Serializer.BasicStringReaderTest" runstate="Runnable" seed="2124030860" result="Passed" start-time="2024-06-19T14:46:13.8155440Z" end-time="2024-06-19T14:46:13.8156810Z" duration="0.000137" asserts="3" />
              <test-case id="1-1115" name="CanReadEmptyObject" fullname="PlayersWorlds.Maps.Serializer.BasicStringReaderTest.CanReadEmptyObject" methodname="CanReadEmptyObject" classname="PlayersWorlds.Maps.Serializer.BasicStringReaderTest" runstate="Runnable" seed="1383379702" result="Passed" start-time="2024-06-19T14:46:13.8156880Z" end-time="2024-06-19T14:46:13.8159660Z" duration="0.000278" asserts="1" />
              <test-case id="1-1120" name="CanReadObjectsInArray" fullname="PlayersWorlds.Maps.Serializer.BasicStringReaderTest.CanReadObjectsInArray" methodname="CanReadObjectsInArray" classname="PlayersWorlds.Maps.Serializer.BasicStringReaderTest" runstate="Runnable" seed="1828949122" result="Passed" start-time="2024-06-19T14:46:13.8159730Z" end-time="2024-06-19T14:46:13.8163970Z" duration="0.000424" asserts="14" />
              <test-case id="1-1121" name="CanReadObjectsInObject" fullname="PlayersWorlds.Maps.Serializer.BasicStringReaderTest.CanReadObjectsInObject" methodname="CanReadObjectsInObject" classname="PlayersWorlds.Maps.Serializer.BasicStringReaderTest" runstate="Runnable" seed="1360151463" result="Passed" start-time="2024-06-19T14:46:13.8164050Z" end-time="2024-06-19T14:46:13.8167360Z" duration="0.000331" asserts="13" />
              <test-case id="1-1116" name="CanReadSimpleObject" fullname="PlayersWorlds.Maps.Serializer.BasicStringReaderTest.CanReadSimpleObject" methodname="CanReadSimpleObject" classname="PlayersWorlds.Maps.Serializer.BasicStringReaderTest" runstate="Runnable" seed="2123333580" result="Passed" start-time="2024-06-19T14:46:13.8167430Z" end-time="2024-06-19T14:46:13.8169140Z" duration="0.000171" asserts="3" />
              <test-case id="1-1117" name="CanReadTwoEnumerables" fullname="PlayersWorlds.Maps.Serializer.BasicStringReaderTest.CanReadTwoEnumerables" methodname="CanReadTwoEnumerables" classname="PlayersWorlds.Maps.Serializer.BasicStringReaderTest" runstate="Runnable" seed="1930338604" result="Passed" start-time="2024-06-19T14:46:13.8169210Z" end-time="2024-06-19T14:46:13.8171150Z" duration="0.000194" asserts="3" />
              <test-case id="1-1124" name="ThrowsIfFinishReadingWhenNotFinished" fullname="PlayersWorlds.Maps.Serializer.BasicStringReaderTest.ThrowsIfFinishReadingWhenNotFinished" methodname="ThrowsIfFinishReadingWhenNotFinished" classname="PlayersWorlds.Maps.Serializer.BasicStringReaderTest" runstate="Runnable" seed="902812008" result="Passed" start-time="2024-06-19T14:46:13.8171230Z" end-time="2024-06-19T14:46:13.8183660Z" duration="0.001243" asserts="1" />
              <test-case id="1-1127" name="ThrowsIfNoOpeningBrace" fullname="PlayersWorlds.Maps.Serializer.BasicStringReaderTest.ThrowsIfNoOpeningBrace" methodname="ThrowsIfNoOpeningBrace" classname="PlayersWorlds.Maps.Serializer.BasicStringReaderTest" runstate="Runnable" seed="1813954919" result="Passed" start-time="2024-06-19T14:46:13.8183740Z" end-time="2024-06-19T14:46:13.8190320Z" duration="0.000658" asserts="1" />
              <test-case id="1-1126" name="ThrowsIfNoSemicolon" fullname="PlayersWorlds.Maps.Serializer.BasicStringReaderTest.ThrowsIfNoSemicolon" methodname="ThrowsIfNoSemicolon" classname="PlayersWorlds.Maps.Serializer.BasicStringReaderTest" runstate="Runnable" seed="1665703793" result="Passed" start-time="2024-06-19T14:46:13.8190400Z" end-time="2024-06-19T14:46:13.8192330Z" duration="0.000193" asserts="1" />
              <test-case id="1-1123" name="ThrowsIfUnclosedEnumerable1" fullname="PlayersWorlds.Maps.Serializer.BasicStringReaderTest.ThrowsIfUnclosedEnumerable1" methodname="ThrowsIfUnclosedEnumerable1" classname="PlayersWorlds.Maps.Serializer.BasicStringReaderTest" runstate="Runnable" seed="378282578" result="Passed" start-time="2024-06-19T14:46:13.8192400Z" end-time="2024-06-19T14:46:13.8195780Z" duration="0.000338" asserts="1" />
              <test-case id="1-1125" name="ThrowsIfUnclosedEnumerable2" fullname="PlayersWorlds.Maps.Serializer.BasicStringReaderTest.ThrowsIfUnclosedEnumerable2" methodname="ThrowsIfUnclosedEnumerable2" classname="PlayersWorlds.Maps.Serializer.BasicStringReaderTest" runstate="Runnable" seed="805586956" result="Passed" start-time="2024-06-19T14:46:13.8195860Z" end-time="2024-06-19T14:46:13.8197920Z" duration="0.000206" asserts="1" />
              <test-case id="1-1122" name="ThrowsIfWrongType" fullname="PlayersWorlds.Maps.Serializer.BasicStringReaderTest.ThrowsIfWrongType" methodname="ThrowsIfWrongType" classname="PlayersWorlds.Maps.Serializer.BasicStringReaderTest" runstate="Runnable" seed="1930744629" result="Passed" start-time="2024-06-19T14:46:13.8197990Z" end-time="2024-06-19T14:46:13.8199760Z" duration="0.000178" asserts="1" />
            </test-suite>
            <test-suite type="TestFixture" id="1-1128" name="BasicStringWriterTest" fullname="PlayersWorlds.Maps.Serializer.BasicStringWriterTest" classname="PlayersWorlds.Maps.Serializer.BasicStringWriterTest" runstate="Runnable" testcasecount="3" result="Passed" start-time="2024-06-19T14:46:13.8199980Z" end-time="2024-06-19T14:46:13.8203370Z" duration="0.000338" total="3" passed="3" failed="0" warnings="0" inconclusive="0" skipped="0" asserts="3">
              <test-case id="1-1129" name="CanWriteEmptyObject" fullname="PlayersWorlds.Maps.Serializer.BasicStringWriterTest.CanWriteEmptyObject" methodname="CanWriteEmptyObject" classname="PlayersWorlds.Maps.Serializer.BasicStringWriterTest" runstate="Runnable" seed="676738907" result="Passed" start-time="2024-06-19T14:46:13.8200530Z" end-time="2024-06-19T14:46:13.8201470Z" duration="0.000094" asserts="1" />
              <test-case id="1-1131" name="CanWriteOnlyEnumerable" fullname="PlayersWorlds.Maps.Serializer.BasicStringWriterTest.CanWriteOnlyEnumerable" methodname="CanWriteOnlyEnumerable" classname="PlayersWorlds.Maps.Serializer.BasicStringWriterTest" runstate="Runnable" seed="969380384" result="Passed" start-time="2024-06-19T14:46:13.8201550Z" end-time="2024-06-19T14:46:13.8202380Z" duration="0.000084" asserts="1" />
              <test-case id="1-1130" name="CanWriteSimpleObject" fullname="PlayersWorlds.Maps.Serializer.BasicStringWriterTest.CanWriteSimpleObject" methodname="CanWriteSimpleObject" classname="PlayersWorlds.Maps.Serializer.BasicStringWriterTest" runstate="Runnable" seed="401660430" result="Passed" start-time="2024-06-19T14:46:13.8202450Z" end-time="2024-06-19T14:46:13.8203270Z" duration="0.000082" asserts="1" />
            </test-suite>
            <test-suite type="TestFixture" id="1-1132" name="CellSerializerTest" fullname="PlayersWorlds.Maps.Serializer.CellSerializerTest" classname="PlayersWorlds.Maps.Serializer.CellSerializerTest" runstate="Runnable" testcasecount="8" result="Passed" start-time="2024-06-19T14:46:13.8203470Z" end-time="2024-06-19T14:46:13.8229590Z" duration="0.002612" total="8" passed="8" failed="0" warnings="0" inconclusive="0" skipped="0" asserts="21">
              <test-case id="1-1136" name="CanDeserializeCellWithLinks" fullname="PlayersWorlds.Maps.Serializer.CellSerializerTest.CanDeserializeCellWithLinks" methodname="CanDeserializeCellWithLinks" classname="PlayersWorlds.Maps.Serializer.CellSerializerTest" runstate="Runnable" seed="1699215464" result="Passed" start-time="2024-06-19T14:46:13.8203990Z" end-time="2024-06-19T14:46:13.8205930Z" duration="0.000194" asserts="4" />
              <test-case id="1-1140" name="CanDeserializeCellWithLinksAndTags" fullname="PlayersWorlds.Maps.Serializer.CellSerializerTest.CanDeserializeCellWithLinksAndTags" methodname="CanDeserializeCellWithLinksAndTags" classname="PlayersWorlds.Maps.Serializer.CellSerializerTest" runstate="Runnable" seed="1300513278" result="Passed" start-time="2024-06-19T14:46:13.8206000Z" end-time="2024-06-19T14:46:13.8208270Z" duration="0.000226" asserts="6" />
              <test-case id="1-1138" name="CanDeserializeCellWithTags" fullname="PlayersWorlds.Maps.Serializer.CellSerializerTest.CanDeserializeCellWithTags" methodname="CanDeserializeCellWithTags" classname="PlayersWorlds.Maps.Serializer.CellSerializerTest" runstate="Runnable" seed="1970354401" result="Passed" start-time="2024-06-19T14:46:13.8208340Z" end-time="2024-06-19T14:46:13.8209810Z" duration="0.000147" asserts="4" />
              <test-case id="1-1134" name="CanDeserializeEmptyCell" fullname="PlayersWorlds.Maps.Serializer.CellSerializerTest.CanDeserializeEmptyCell" methodname="CanDeserializeEmptyCell" classname="PlayersWorlds.Maps.Serializer.CellSerializerTest" runstate="Runnable" seed="211032121" result="Passed" start-time="2024-06-19T14:46:13.8209880Z" end-time="2024-06-19T14:46:13.8211000Z" duration="0.000112" asserts="3" />
              <test-case id="1-1135" name="CanSerializeCellWithLinks" fullname="PlayersWorlds.Maps.Serializer.CellSerializerTest.CanSerializeCellWithLinks" methodname="CanSerializeCellWithLinks" classname="PlayersWorlds.Maps.Serializer.CellSerializerTest" runstate="Runnable" seed="928575521" result="Passed" start-time="2024-06-19T14:46:13.8211070Z" end-time="2024-06-19T14:46:13.8216120Z" duration="0.000505" asserts="1" />
              <test-case id="1-1139" name="CanSerializeCellWithLinksAndTags" fullname="PlayersWorlds.Maps.Serializer.CellSerializerTest.CanSerializeCellWithLinksAndTags" methodname="CanSerializeCellWithLinksAndTags" classname="PlayersWorlds.Maps.Serializer.CellSerializerTest" runstate="Runnable" seed="1455181167" result="Passed" start-time="2024-06-19T14:46:13.8216190Z" end-time="2024-06-19T14:46:13.8221220Z" duration="0.000503" asserts="1" />
              <test-case id="1-1137" name="CanSerializeCellWithTags" fullname="PlayersWorlds.Maps.Serializer.CellSerializerTest.CanSerializeCellWithTags" methodname="CanSerializeCellWithTags" classname="PlayersWorlds.Maps.Serializer.CellSerializerTest" runstate="Runnable" seed="93468994" result="Passed" start-time="2024-06-19T14:46:13.8221290Z" end-time="2024-06-19T14:46:13.8225710Z" duration="0.000442" asserts="1" />
              <test-case id="1-1133" name="CanSerializeEmptyCell" fullname="PlayersWorlds.Maps.Serializer.CellSerializerTest.CanSerializeEmptyCell" methodname="CanSerializeEmptyCell" classname="PlayersWorlds.Maps.Serializer.CellSerializerTest" runstate="Runnable" seed="343578533" result="Passed" start-time="2024-06-19T14:46:13.8225780Z" end-time="2024-06-19T14:46:13.8229490Z" duration="0.000370" asserts="1" />
            </test-suite>
          </test-suite>
          <test-suite type="TestFixture" id="1-1062" name="VectorDTest" fullname="PlayersWorlds.Maps.VectorDTest" classname="PlayersWorlds.Maps.VectorDTest" runstate="Runnable" testcasecount="11" result="Passed" start-time="2024-06-19T14:46:13.8229750Z" end-time="2024-06-19T14:46:13.8262740Z" duration="0.003299" total="11" passed="11" failed="0" warnings="0" inconclusive="0" skipped="0" asserts="33">
            <test-case id="1-1070" name="CanAddAndSubtract" fullname="PlayersWorlds.Maps.VectorDTest.CanAddAndSubtract" methodname="CanAddAndSubtract" classname="PlayersWorlds.Maps.VectorDTest" runstate="Runnable" seed="2128868405" result="Passed" start-time="2024-06-19T14:46:13.8230320Z" end-time="2024-06-19T14:46:13.8233520Z" duration="0.000321" asserts="5" />
            <test-case id="1-1071" name="ConstructorChecksArguments" fullname="PlayersWorlds.Maps.VectorDTest.ConstructorChecksArguments" methodname="ConstructorChecksArguments" classname="PlayersWorlds.Maps.VectorDTest" runstate="Runnable" seed="1762135335" result="Passed" start-time="2024-06-19T14:46:13.8233600Z" end-time="2024-06-19T14:46:13.8234740Z" duration="0.000114" asserts="1" />
            <test-case id="1-1064" name="EqualityIsCheckedByValue" fullname="PlayersWorlds.Maps.VectorDTest.EqualityIsCheckedByValue" methodname="EqualityIsCheckedByValue" classname="PlayersWorlds.Maps.VectorDTest" runstate="Runnable" seed="1309442866" result="Passed" start-time="2024-06-19T14:46:13.8234810Z" end-time="2024-06-19T14:46:13.8236900Z" duration="0.000209" asserts="4" />
            <test-case id="1-1065" name="GetHashCodeIsDerivedFromValue" fullname="PlayersWorlds.Maps.VectorDTest.GetHashCodeIsDerivedFromValue" methodname="GetHashCodeIsDerivedFromValue" classname="PlayersWorlds.Maps.VectorDTest" runstate="Runnable" seed="630311892" result="Passed" start-time="2024-06-19T14:46:13.8236970Z" end-time="2024-06-19T14:46:13.8237790Z" duration="0.000082" asserts="1" />
            <test-case id="1-1068" name="InitializedAsNull" fullname="PlayersWorlds.Maps.VectorDTest.InitializedAsNull" methodname="InitializedAsNull" classname="PlayersWorlds.Maps.VectorDTest" runstate="Runnable" seed="631010429" result="Passed" start-time="2024-06-19T14:46:13.8237860Z" end-time="2024-06-19T14:46:13.8238900Z" duration="0.000104" asserts="1" />
            <test-case id="1-1067" name="InitializedEmpty" fullname="PlayersWorlds.Maps.VectorDTest.InitializedEmpty" methodname="InitializedEmpty" classname="PlayersWorlds.Maps.VectorDTest" runstate="Runnable" seed="1216281310" result="Passed" start-time="2024-06-19T14:46:13.8238960Z" end-time="2024-06-19T14:46:13.8241550Z" duration="0.000258" asserts="4" />
            <test-case id="1-1063" name="IsInitialized" fullname="PlayersWorlds.Maps.VectorDTest.IsInitialized" methodname="IsInitialized" classname="PlayersWorlds.Maps.VectorDTest" runstate="Runnable" seed="384574364" result="Passed" start-time="2024-06-19T14:46:13.8241620Z" end-time="2024-06-19T14:46:13.8246350Z" duration="0.000473" asserts="2" />
            <test-case id="1-1069" name="IsZero" fullname="PlayersWorlds.Maps.VectorDTest.IsZero" methodname="IsZero" classname="PlayersWorlds.Maps.VectorDTest" runstate="Runnable" seed="941658577" result="Passed" start-time="2024-06-19T14:46:13.8246420Z" end-time="2024-06-19T14:46:13.8247600Z" duration="0.000118" asserts="3" />
            <test-case id="1-1072" name="SnappedForce" fullname="PlayersWorlds.Maps.VectorDTest.SnappedForce" methodname="SnappedForce" classname="PlayersWorlds.Maps.VectorDTest" runstate="Runnable" seed="864823552" result="Passed" start-time="2024-06-19T14:46:13.8247670Z" end-time="2024-06-19T14:46:13.8257460Z" duration="0.000979" asserts="9" />
            <test-case id="1-1066" name="ToStringFormat" fullname="PlayersWorlds.Maps.VectorDTest.ToStringFormat" methodname="ToStringFormat" classname="PlayersWorlds.Maps.VectorDTest" runstate="Runnable" seed="234956935" result="Passed" start-time="2024-06-19T14:46:13.8257530Z" end-time="2024-06-19T14:46:13.8258390Z" duration="0.000086" asserts="1" />
            <test-case id="1-1073" name="VectorD_Parse" fullname="PlayersWorlds.Maps.VectorDTest.VectorD_Parse" methodname="VectorD_Parse" classname="PlayersWorlds.Maps.VectorDTest" runstate="Runnable" seed="1291820168" result="Passed" start-time="2024-06-19T14:46:13.8258460Z" end-time="2024-06-19T14:46:13.8262640Z" duration="0.000418" asserts="2" />
          </test-suite>
          <test-suite type="TestFixture" id="1-1074" name="VectorTest" fullname="PlayersWorlds.Maps.VectorTest" classname="PlayersWorlds.Maps.VectorTest" runstate="Runnable" testcasecount="29" result="Passed" start-time="2024-06-19T14:46:13.8262850Z" end-time="2024-06-19T14:46:13.8340370Z" duration="0.007751" total="29" passed="29" failed="0" warnings="0" inconclusive="0" skipped="0" asserts="229">
            <test-case id="1-1091" name="FitsInto" fullname="PlayersWorlds.Maps.VectorTest.FitsInto" methodname="FitsInto" classname="PlayersWorlds.Maps.VectorTest" runstate="Runnable" seed="468456036" result="Passed" start-time="2024-06-19T14:46:13.8263410Z" end-time="2024-06-19T14:46:13.8264850Z" duration="0.000144" asserts="3" />
            <test-case id="1-1094" name="FromIndex_Matches_FromIndex" fullname="PlayersWorlds.Maps.VectorTest.FromIndex_Matches_FromIndex" methodname="FromIndex_Matches_FromIndex" classname="PlayersWorlds.Maps.VectorTest" runstate="Runnable" seed="1113848957" result="Passed" start-time="2024-06-19T14:46:13.8264920Z" end-time="2024-06-19T14:46:13.8265960Z" duration="0.000104" asserts="1" />
            <test-case id="1-1102" name="FromIndex_ShouldThrowException_DimensionMismatch" fullname="PlayersWorlds.Maps.VectorTest.FromIndex_ShouldThrowException_DimensionMismatch" methodname="FromIndex_ShouldThrowException_DimensionMismatch" classname="PlayersWorlds.Maps.VectorTest" runstate="Runnable" seed="1837207063" result="Passed" start-time="2024-06-19T14:46:13.8266030Z" end-time="2024-06-19T14:46:13.8269810Z" duration="0.000378" asserts="1" />
            <test-case id="1-1092" name="IsIn" fullname="PlayersWorlds.Maps.VectorTest.IsIn" methodname="IsIn" classname="PlayersWorlds.Maps.VectorTest" runstate="Runnable" seed="1166147898" result="Passed" start-time="2024-06-19T14:46:13.8269890Z" end-time="2024-06-19T14:46:13.8280960Z" duration="0.001108" asserts="7" />
            <test-case id="1-1103" name="NorthEastComparer_ComparesCorrectly" fullname="PlayersWorlds.Maps.VectorTest.NorthEastComparer_ComparesCorrectly" methodname="NorthEastComparer_ComparesCorrectly" classname="PlayersWorlds.Maps.VectorTest" runstate="Runnable" seed="705759609" result="Passed" start-time="2024-06-19T14:46:13.8281040Z" end-time="2024-06-19T14:46:13.8288340Z" duration="0.000730" asserts="1" />
            <test-case id="1-1076" name="Size_NotInitialized" fullname="PlayersWorlds.Maps.VectorTest.Size_NotInitialized" methodname="Size_NotInitialized" classname="PlayersWorlds.Maps.VectorTest" runstate="Runnable" seed="1600280848" result="Passed" start-time="2024-06-19T14:46:13.8288430Z" end-time="2024-06-19T14:46:13.8290310Z" duration="0.000188" asserts="2" />
            <test-case id="1-1098" name="ToIndex_FromIndex_RoundTripConversion" fullname="PlayersWorlds.Maps.VectorTest.ToIndex_FromIndex_RoundTripConversion" methodname="ToIndex_FromIndex_RoundTripConversion" classname="PlayersWorlds.Maps.VectorTest" runstate="Runnable" seed="901790881" result="Passed" start-time="2024-06-19T14:46:13.8290380Z" end-time="2024-06-19T14:46:13.8297400Z" duration="0.000702" asserts="150" />
            <test-case id="1-1099" name="ToIndex_FromIndex_Valid5D" fullname="PlayersWorlds.Maps.VectorTest.ToIndex_FromIndex_Valid5D" methodname="ToIndex_FromIndex_Valid5D" classname="PlayersWorlds.Maps.VectorTest" runstate="Runnable" seed="971790170" result="Passed" start-time="2024-06-19T14:46:13.8297470Z" end-time="2024-06-19T14:46:13.8300620Z" duration="0.000314" asserts="13" />
            <test-case id="1-1093" name="ToIndex_Matches_ToIndex" fullname="PlayersWorlds.Maps.VectorTest.ToIndex_Matches_ToIndex" methodname="ToIndex_Matches_ToIndex" classname="PlayersWorlds.Maps.VectorTest" runstate="Runnable" seed="589626590" result="Passed" start-time="2024-06-19T14:46:13.8300700Z" end-time="2024-06-19T14:46:13.8301690Z" duration="0.000099" asserts="1" />
            <test-case id="1-1095" name="ToIndex_ShouldCalculateCorrectIndex_1D" fullname="PlayersWorlds.Maps.VectorTest.ToIndex_ShouldCalculateCorrectIndex_1D" methodname="ToIndex_ShouldCalculateCorrectIndex_1D" classname="PlayersWorlds.Maps.VectorTest" runstate="Runnable" seed="1693620595" result="Passed" start-time="2024-06-19T14:46:13.8301750Z" end-time="2024-06-19T14:46:13.8305450Z" duration="0.000370" asserts="2" />
            <test-case id="1-1096" name="ToIndex_ShouldCalculateCorrectIndex_2D" fullname="PlayersWorlds.Maps.VectorTest.ToIndex_ShouldCalculateCorrectIndex_2D" methodname="ToIndex_ShouldCalculateCorrectIndex_2D" classname="PlayersWorlds.Maps.VectorTest" runstate="Runnable" seed="931055804" result="Passed" start-time="2024-06-19T14:46:13.8305520Z" end-time="2024-06-19T14:46:13.8306540Z" duration="0.000102" asserts="2" />
            <test-case id="1-1097" name="ToIndex_ShouldCalculateCorrectIndex_3D" fullname="PlayersWorlds.Maps.VectorTest.ToIndex_ShouldCalculateCorrectIndex_3D" methodname="ToIndex_ShouldCalculateCorrectIndex_3D" classname="PlayersWorlds.Maps.VectorTest" runstate="Runnable" seed="1021245902" result="Passed" start-time="2024-06-19T14:46:13.8306600Z" end-time="2024-06-19T14:46:13.8307580Z" duration="0.000098" asserts="2" />
            <test-case id="1-1101" name="ToIndex_ShouldThrowException_DimensionMismatch" fullname="PlayersWorlds.Maps.VectorTest.ToIndex_ShouldThrowException_DimensionMismatch" methodname="ToIndex_ShouldThrowException_DimensionMismatch" classname="PlayersWorlds.Maps.VectorTest" runstate="Runnable" seed="1817264145" result="Passed" start-time="2024-06-19T14:46:13.8307650Z" end-time="2024-06-19T14:46:13.8312600Z" duration="0.000495" asserts="1" />
            <test-case id="1-1100" name="ToIndex_ShouldThrowException_DimensionOverflow" fullname="PlayersWorlds.Maps.VectorTest.ToIndex_ShouldThrowException_DimensionOverflow" methodname="ToIndex_ShouldThrowException_DimensionOverflow" classname="PlayersWorlds.Maps.VectorTest" runstate="Runnable" seed="788805722" result="Passed" start-time="2024-06-19T14:46:13.8312670Z" end-time="2024-06-19T14:46:13.8314590Z" duration="0.000192" asserts="1" />
            <test-case id="1-1084" name="Vector_CanAddAndSubtract" fullname="PlayersWorlds.Maps.VectorTest.Vector_CanAddAndSubtract" methodname="Vector_CanAddAndSubtract" classname="PlayersWorlds.Maps.VectorTest" runstate="Runnable" seed="1034151569" result="Passed" start-time="2024-06-19T14:46:13.8314660Z" end-time="2024-06-19T14:46:13.8318400Z" duration="0.000374" asserts="6" />
            <test-case id="1-1085" name="Vector_ConstructorChecksArguments" fullname="PlayersWorlds.Maps.VectorTest.Vector_ConstructorChecksArguments" methodname="Vector_ConstructorChecksArguments" classname="PlayersWorlds.Maps.VectorTest" runstate="Runnable" seed="478741102" result="Passed" start-time="2024-06-19T14:46:13.8318470Z" end-time="2024-06-19T14:46:13.8319440Z" duration="0.000097" asserts="1" />
            <test-case id="1-1082" name="Vector_EmptyIsEmpty" fullname="PlayersWorlds.Maps.VectorTest.Vector_EmptyIsEmpty" methodname="Vector_EmptyIsEmpty" classname="PlayersWorlds.Maps.VectorTest" runstate="Runnable" seed="202457064" result="Passed" start-time="2024-06-19T14:46:13.8319500Z" end-time="2024-06-19T14:46:13.8320190Z" duration="0.000069" asserts="1" />
            <test-case id="1-1081" name="Vector_EmptyVectorIsEmpty" fullname="PlayersWorlds.Maps.VectorTest.Vector_EmptyVectorIsEmpty" methodname="Vector_EmptyVectorIsEmpty" classname="PlayersWorlds.Maps.VectorTest" runstate="Runnable" seed="639189423" result="Passed" start-time="2024-06-19T14:46:13.8320260Z" end-time="2024-06-19T14:46:13.8320930Z" duration="0.000067" asserts="1" />
            <test-case id="1-1077" name="Vector_EqualityIsCheckedByValue" fullname="PlayersWorlds.Maps.VectorTest.Vector_EqualityIsCheckedByValue" methodname="Vector_EqualityIsCheckedByValue" classname="PlayersWorlds.Maps.VectorTest" runstate="Runnable" seed="680703524" result="Passed" start-time="2024-06-19T14:46:13.8321000Z" end-time="2024-06-19T14:46:13.8323020Z" duration="0.000202" asserts="5" />
            <test-case id="1-1089" name="Vector_FromIndex" fullname="PlayersWorlds.Maps.VectorTest.Vector_FromIndex" methodname="Vector_FromIndex" classname="PlayersWorlds.Maps.VectorTest" runstate="Runnable" seed="1525925504" result="Passed" start-time="2024-06-19T14:46:13.8323090Z" end-time="2024-06-19T14:46:13.8324240Z" duration="0.000115" asserts="2" />
            <test-case id="1-1078" name="Vector_GetHashCodeIsDerivedFromValue" fullname="PlayersWorlds.Maps.VectorTest.Vector_GetHashCodeIsDerivedFromValue" methodname="Vector_GetHashCodeIsDerivedFromValue" classname="PlayersWorlds.Maps.VectorTest" runstate="Runnable" seed="1082256261" result="Passed" start-time="2024-06-19T14:46:13.8324310Z" end-time="2024-06-19T14:46:13.8326340Z" duration="0.000203" asserts="2" />
            <test-case id="1-1075" name="Vector_IsInitialized" fullname="PlayersWorlds.Maps.VectorTest.Vector_IsInitialized" methodname="Vector_IsInitialized" classname="PlayersWorlds.Maps.VectorTest" runstate="Runnable" seed="1702890514" result="Passed" start-time="2024-06-19T14:46:13.8326410Z" end-time="2024-06-19T14:46:13.8327210Z" duration="0.000080" asserts="2" />
            <test-case id="1-1083" name="Vector_NotEqualToNull" fullname="PlayersWorlds.Maps.VectorTest.Vector_NotEqualToNull" methodname="Vector_NotEqualToNull" classname="PlayersWorlds.Maps.VectorTest" runstate="Runnable" seed="1635613376" result="Passed" start-time="2024-06-19T14:46:13.8327280Z" end-time="2024-06-19T14:46:13.8329250Z" duration="0.000197" asserts="3" />
            <test-case id="1-1087" name="Vector_SnappedForce" fullname="PlayersWorlds.Maps.VectorTest.Vector_SnappedForce" methodname="Vector_SnappedForce" classname="PlayersWorlds.Maps.VectorTest" runstate="Runnable" seed="197249795" result="Passed" start-time="2024-06-19T14:46:13.8329320Z" end-time="2024-06-19T14:46:13.8333150Z" duration="0.000383" asserts="9" />
            <test-case id="1-1086" name="Vector_ThrowsIfNotAValidSize" fullname="PlayersWorlds.Maps.VectorTest.Vector_ThrowsIfNotAValidSize" methodname="Vector_ThrowsIfNotAValidSize" classname="PlayersWorlds.Maps.VectorTest" runstate="Runnable" seed="994700281" result="Passed" start-time="2024-06-19T14:46:13.8333230Z" end-time="2024-06-19T14:46:13.8335600Z" duration="0.000237" asserts="3" />
            <test-case id="1-1088" name="Vector_ToIndex" fullname="PlayersWorlds.Maps.VectorTest.Vector_ToIndex" methodname="Vector_ToIndex" classname="PlayersWorlds.Maps.VectorTest" runstate="Runnable" seed="2058730932" result="Passed" start-time="2024-06-19T14:46:13.8335670Z" end-time="2024-06-19T14:46:13.8337460Z" duration="0.000179" asserts="3" />
            <test-case id="1-1079" name="Vector_ToStringFormat" fullname="PlayersWorlds.Maps.VectorTest.Vector_ToStringFormat" methodname="Vector_ToStringFormat" classname="PlayersWorlds.Maps.VectorTest" runstate="Runnable" seed="1259550171" result="Passed" start-time="2024-06-19T14:46:13.8337530Z" end-time="2024-06-19T14:46:13.8338440Z" duration="0.000091" asserts="2" />
            <test-case id="1-1080" name="Vector_ZeroVectorIsNotEmpty" fullname="PlayersWorlds.Maps.VectorTest.Vector_ZeroVectorIsNotEmpty" methodname="Vector_ZeroVectorIsNotEmpty" classname="PlayersWorlds.Maps.VectorTest" runstate="Runnable" seed="1480008221" result="Passed" start-time="2024-06-19T14:46:13.8338510Z" end-time="2024-06-19T14:46:13.8339360Z" duration="0.000085" asserts="1" />
            <test-case id="1-1090" name="VectorD_Parse" fullname="PlayersWorlds.Maps.VectorTest.VectorD_Parse" methodname="VectorD_Parse" classname="PlayersWorlds.Maps.VectorTest" runstate="Runnable" seed="1328974625" result="Passed" start-time="2024-06-19T14:46:13.8339420Z" end-time="2024-06-19T14:46:13.8340260Z" duration="0.000084" asserts="1" />
          </test-suite>
        </test-suite>
      </test-suite>
      <test-suite type="TestFixture" id="1-1000" name="RandomAreaGeneratorTest" fullname="RandomAreaGeneratorTest" classname="RandomAreaGeneratorTest" runstate="Runnable" testcasecount="2" result="Passed" start-time="2024-06-19T14:46:13.8340590Z" end-time="2024-06-19T14:46:13.9711740Z" duration="0.137115" total="2" passed="2" failed="0" warnings="0" inconclusive="0" skipped="0" asserts="3042">
        <test-case id="1-1001" name="ZoneGenerator_CanGenerateZones" fullname="RandomAreaGeneratorTest.ZoneGenerator_CanGenerateZones" methodname="ZoneGenerator_CanGenerateZones" classname="RandomAreaGeneratorTest" runstate="Runnable" seed="839201673" result="Passed" start-time="2024-06-19T14:46:13.8341140Z" end-time="2024-06-19T14:46:13.9703470Z" duration="0.136233" asserts="3006">
          <properties>
            <property name="Category" value="Integration" />
          </properties>
        </test-case>
        <test-case id="1-1002" name="ZoneGenerator_CustomSettings" fullname="RandomAreaGeneratorTest.ZoneGenerator_CustomSettings" methodname="ZoneGenerator_CustomSettings" classname="RandomAreaGeneratorTest" runstate="Runnable" seed="1743045477" result="Passed" start-time="2024-06-19T14:46:13.9703590Z" end-time="2024-06-19T14:46:13.9711600Z" duration="0.000801" asserts="36">
          <properties>
            <property name="Category" value="Integration" />
          </properties>
        </test-case>
      </test-suite>
    </test-suite>
  </test-suite>
</test-run>