<?xml version="1.0" encoding="utf-8" standalone="no"?>
<test-run id="0" runstate="Runnable" testcasecount="806" result="Passed" total="1" passed="1" failed="0" warnings="0" inconclusive="0" skipped="0" asserts="100" engine-version="3.17.0.0" clr-version="4.0.30319.42000" start-time="2024-02-21 14:15:18Z" end-time="2024-02-21 14:15:20Z" duration="2.197356">
  <command-line><![CDATA[/home/data/repos/github.com/aynurin/maze-gen/packages/NUnit.ConsoleRunner.3.17.0/tools/nunit3-console.exe --framework=mono-4.0 build/Debug/tests/PlayersWorlds.Maps.Tests.dll --where=test='PlayersWorlds.Maps.Maze.MazeGeneratorAreasTest.ManualAndAutoAreasGeneration' --testparam=DEBUG=5 --testparam=MAZEGEN=WilsonsMazeGenerator --testparam=MAZEGEN_AREATYPE=Hall --testparam=MAZEGEN_FILLFACTOR=Full]]></command-line>
  <filter>
    <test>PlayersWorlds.Maps.Maze.MazeGeneratorAreasTest.ManualAndAutoAreasGeneration</test>
  </filter>
  <test-suite type="Assembly" id="1-1851" name="PlayersWorlds.Maps.Tests.dll" fullname="/home/data/repos/github.com/aynurin/maze-gen/build/Debug/tests/PlayersWorlds.Maps.Tests.dll" runstate="Runnable" testcasecount="806" result="Passed" start-time="2024-02-21T14:15:18.4795560Z" end-time="2024-02-21T14:15:20.1272150Z" duration="1.647595" total="1" passed="1" failed="0" warnings="0" inconclusive="0" skipped="0" asserts="100">
    <environment framework-version="4.0.1.0" clr-version="4.0.30319.42000" os-version="Unix 6.1.71.1" platform="Unix" cwd="/home/data/repos/github.com/aynurin/maze-gen" machine-name="lightview" user="shav" user-domain="lightview" culture="en-US" uiculture="en-US" os-architecture="x64" />
    <settings>
      <setting name="RequestedRuntimeFramework" value="mono-4.0" />
      <setting name="DisposeRunners" value="True" />
      <setting name="WorkDirectory" value="/home/data/repos/github.com/aynurin/maze-gen" />
      <setting name="TestParametersDictionary" value="[DEBUG, 5], [MAZEGEN, WilsonsMazeGenerator], [MAZEGEN_AREATYPE, Hall], [MAZEGEN_FILLFACTOR, Full]">
        <item key="DEBUG" value="5" />
        <item key="MAZEGEN" value="WilsonsMazeGenerator" />
        <item key="MAZEGEN_AREATYPE" value="Hall" />
        <item key="MAZEGEN_FILLFACTOR" value="Full" />
      </setting>
      <setting name="TestParameters" value="DEBUG=5;MAZEGEN=WilsonsMazeGenerator;MAZEGEN_AREATYPE=Hall;MAZEGEN_FILLFACTOR=Full" />
      <setting name="ImageRuntimeVersion" value="4.0.30319" />
      <setting name="ImageTargetFrameworkName" value=".NETFramework,Version=v4.7" />
      <setting name="ImageRequiresX86" value="False" />
      <setting name="ImageRequiresDefaultAppDomainAssemblyResolver" value="False" />
      <setting name="TargetRuntimeFramework" value="mono-4.0" />
      <setting name="NumberOfTestWorkers" value="24" />
    </settings>
    <properties>
      <property name="_PID" value="1284317" />
      <property name="_APPDOMAIN" value="domain-" />
    </properties>
    <test-suite type="SetUpFixture" id="1-1003" name="[default namespace]" fullname="SetUpTests" classname="SetUpTests" runstate="Runnable" testcasecount="806" result="Passed" start-time="2024-02-21T14:15:18.4842080Z" end-time="2024-02-21T14:15:20.1272050Z" duration="1.642997" total="1" passed="1" failed="0" warnings="0" inconclusive="0" skipped="0" asserts="100">
      <test-suite type="TestSuite" id="1-1852" name="PlayersWorlds" fullname="PlayersWorlds" runstate="Runnable" testcasecount="804" result="Passed" start-time="2024-02-21T14:15:18.5165340Z" end-time="2024-02-21T14:15:20.1267880Z" duration="1.610254" total="1" passed="1" failed="0" warnings="0" inconclusive="0" skipped="0" asserts="100">
        <test-suite type="TestSuite" id="1-1853" name="Maps" fullname="PlayersWorlds.Maps" runstate="Runnable" testcasecount="804" result="Passed" start-time="2024-02-21T14:15:18.5166030Z" end-time="2024-02-21T14:15:20.1267830Z" duration="1.610180" total="1" passed="1" failed="0" warnings="0" inconclusive="0" skipped="0" asserts="100">
          <test-suite type="TestSuite" id="1-1855" name="Maze" fullname="PlayersWorlds.Maps.Maze" runstate="Runnable" testcasecount="590" result="Passed" start-time="2024-02-21T14:15:18.5166130Z" end-time="2024-02-21T14:15:20.1267750Z" duration="1.610163" total="1" passed="1" failed="0" warnings="0" inconclusive="0" skipped="0" asserts="100">
            <test-suite type="TestFixture" id="1-1154" name="MazeGeneratorAreasTest" fullname="PlayersWorlds.Maps.Maze.MazeGeneratorAreasTest" classname="PlayersWorlds.Maps.Maze.MazeGeneratorAreasTest" runstate="Runnable" testcasecount="9" result="Passed" start-time="2024-02-21T14:15:18.5166230Z" end-time="2024-02-21T14:15:20.1262450Z" duration="1.609622" total="1" passed="1" failed="0" warnings="0" inconclusive="0" skipped="0" asserts="100">
              <test-case id="1-1170" name="ManualAndAutoAreasGeneration" fullname="PlayersWorlds.Maps.Maze.MazeGeneratorAreasTest.ManualAndAutoAreasGeneration" methodname="ManualAndAutoAreasGeneration" classname="PlayersWorlds.Maps.Maze.MazeGeneratorAreasTest" runstate="Runnable" seed="1454707438" result="Passed" start-time="2024-02-21T14:15:18.5166900Z" end-time="2024-02-21T14:15:20.1238750Z" duration="1.607267" asserts="100">
                <properties>
                  <property name="Repeat" value="100" />
                </properties>
                <output><![CDATA[AldousBroderMazeGenerator: Generating maze 20x20 with PlayersWorlds.Maps.Maze.GeneratorOptions(Full, Auto, List`1<MapArea>(P2x3;S4x7;Hall;fixed, P<empty>;S2x5;Hall;auto), PlayersWorlds.Maps.Areas.RandomAreaGenerator, PlayersWorlds.Maps.Maze.AldousBroderMazeGenerator)
┌───────────┬───────┬───────────────────────────────────┬───────────────────────┐
│           │       │                                   │                       │
├───╴   ┌───┘   ┌───┴───╴   ┌───────┬───╴   ╶───────────┴───────────┬───────╴   │
│       │       │           │       │                               │           │
│   ╶───┘   ╶───┴───────┐   └───╴   │   ┼   ┼   ┼   ┼   ┼   ┼   ┼   ├───────╴   │
│                       │           │                               │           │
│   ╶───┐   ╷   ╶───────┼───────┐   │   ┼   ┼   ┼   ┼   ┼   ┼   ┼   ├───────┐   │
│       │   │           │       │   │                               │       │   │
│   ┌───┴───┼───╴   ╶───┘   ╶───┘   │   ┼   ┼   ┼   ┼   ┼   ┼   ┼   │   ╶───┴───┤
│   │       │                       │                               │           │
│   │   ┼   ├───────╴   ┌───┐   ╶───┼───┬───────────────┬───┬───┬───┘   ┌───╴   │
│   │       │           │   │       │   │               │   │   │       │       │
│   │   ┼   │   ┌───╴   │   ├───────┘   ╵   ┼   ┼   ┼   ╵   │   │   ╷   ├───┐   │
│   │       │   │       │   │                               │   │   │   │   │   │
├───┤   ┼   └───┘   ┌───┘   └───────┬───╴   ┼   ┼   ┼   ╶───┤   ╵   ├───┤   ╵   │
│   │               │               │                       │       │   │       │
│   │   ┼   ╷   ╶───┘   ╶───┬───────┘   ┌───────────╴   ╷   │   ╶───┤   └───╴   │
│   │       │               │           │               │   │       │           │
│   └───────┘   ╶───┐   ╷   └───╴   ╶───┤   ╶───────────┤   └───────┴───╴   ┌───┤
│                   │   │               │               │                   │   │
│   ╶───┬───╴   ╶───┴───┼───╴   ╶───────┤   ┼   ┼   ┼   ├───╴   ╶───┬───╴   ╵   │
│       │               │               │               │           │           │
├───╴   │   ┼   ┼   ┼   ├───────┬───┐   │   ┼   ┼   ┼   │   ┌───╴   └───────┐   │
│       │               │       │   │   │               │   │               │   │
├───┐   │   ┼   ┼   ┼   │   ╶───┤   ╵   └───────────────┘   └───┐   ╶───────┤   │
│   │   │               │       │                               │           │   │
│   ╵   │   ┼   ┼   ┼   ├───╴   └───╴   ┼   ┼   ┼   ┼   ┼   ┌───┤   ┌───────┘   │
│       │               │                                   │   │   │           │
│   ┌───┤   ┼   ┼   ┼   │   ╷   ╷   ╷   ┼   ┼   ┼   ┼   ┼   ╵   │   ├───────────┤
│   │   │               │   │   │   │                           │   │           │
│   ╵   │   ┼   ┼   ┼   │   ├───┴───┤   ╶───┐   ╶───┐   ┌───┬───┘   │   ╷   ╷   │
│       │               │   │       │       │       │   │   │       │   │   │   │
├───────┤   ┼   ┼   ┼   ├───┘   ╷   │   ╶───┤   ┌───┴───┘   └───╴   │   ├───┤   │
│ 4   3 │               │       │   │       │   │                   │   │   │   │
│   ╷   └───┬───┬───────┼───┬───┘   ╵   ┌───┴───┴───╴   ┌───╴   ╶───┴───┤   ╵   │
│ 5 │ 2     │ c │       │   │           │               │               │       │
│   │   ┼   │   │       │   ╵   ╶───────┤   ┼   ┼   ╷   │   ┌───────┐   ╵   ┌───┤
│ 6 │ 1   0 │ b │       │               │           │   │   │       │       │   │
│   └───────┘   └───┬───┘   ╶───┐   ┌───┴───────────┘   │   └───╴   │   ╷   ╵   │
│ 7   8   9   a     │           │   │                   │           │   │       │
└───────────────────┴───────────┴───┴───────────────────┴───────────┴───┴───────┘

AldousBroderMazeGenerator: Generating maze 20x20 with PlayersWorlds.Maps.Maze.GeneratorOptions(Full, Auto, List`1<MapArea>(P2x3;S4x7;Hall;fixed, P<empty>;S2x5;Hall;auto), PlayersWorlds.Maps.Areas.RandomAreaGenerator, PlayersWorlds.Maps.Maze.AldousBroderMazeGenerator)
┌───────────┬───────────────────────────────────────────────────────┬───┬───────┐
│           │             1c  1d  1e  1f  20  21  22                │   │       │
├───┬───╴   ├───┐   ╶───┐   ╶───────┬───────┐   ╷   ╶───┬───────┐   ╵   └───┬───┤
│   │       │   │       │ 1b        │       │   │ 23    │       │           │   │
│   │   ╷   ╵   ├───────┤   ╶───┬───┤   ╷   └───┘   ╷   └───╴   ├───┐   ╷   ╵   │
│   │   │       │ 14  15│ 1a  19│   │   │ 26  25  24│           │   │   │       │
│   ╵   └───────┘   ╷   └───╴   │   └───┘   ╶───┬───┴───────────┘   ├───┘   ╷   │
│ f   10  11  12  13│ 16  17  18│         27  28│                   │       │   │
│   ╷   ┌───────┐   │   ╷   ╶───┤   ╷   ┌───┐   ├───╴   ╶───┐   ┌───┴───╴   │   │
│ e │   │ 0     │   │   │       │   │   │   │ 29│           │   │           │   │
│   │   │   ┼   ├───┤   ├───┬───┼───┘   │   ╵   ╵   ╶───────┘   └───────┬───┴───┤
│ d │   │ 1     │   │   │   │   │       │     2a                        │       │
│   ├───┤   ┼   │   ╵   │   │   ╵   ╷   ╵   ┼   ┼   ┼   ┼   ┼   ┼   ┌───┴───╴   │
│ c │   │ 2     │       │   │       │         2b                    │           │
│   ╵   │   ┼   ├───╴   │   ├───╴   ├───┐   ┼   ┼   ┼   ┼   ┼   ┼   ├───┐   ╶───┤
│ b   a │ 3     │       │   │       │   │     2c                    │   │       │
├───╴   │   ┼   ├───╴   │   │   ┌───┘   │   ┼   ┼   ┼   ┼   ┼   ┼   ╵   │   ╷   │
│     9 │ 4   5 │       │   │   │       │     2d                        │   │   │
│   ╷   └───╴   ├───╴   ╵   ├───┘   ╷   ╵   ┼   ┼   ┼   ┼   ┼   ┼   ┌───┴───┤   │
│   │ 8   7   6 │           │       │     2f  2e                    │       │   │
│   │   ┌───────┴───────────┤   ╶───┼───╴   ┼   ┼   ┼   ┼   ┼   ┼   │   ╷   ╵   │
│   │   │                   │       │     30                        │   │       │
│   ├───┤   ┼   ┼   ┼   ╷   ├───────┘   ╷   ┼   ┼   ┼   ┼   ┼   ┼   ├───┼───┐   │
│   │   │               │   │           │ 31                        │   │   │   │
│   ╵   │   ┼   ┼   ┼   │   └───────┐   │   ╶───┐   ╷   ╶───┐   ╷   ╵   ╵   └───┤
│       │               │           │   │ 32    │   │       │   │               │
├───╴   │   ┼   ┼   ┼   │   ╶───────┼───┘   ┌───┘   └───────┼───┴───╴   ╷   ╶───┤
│       │               │           │ 34  33│               │           │       │
├───────┤   ┼   ┼   ┼   │   ┌───┐   │   ╶───┘   ┼   ╶───────┘   ┼   ╶───┤   ╶───┤
│ 4a  4b│               │   │   │   │ 35  36                            │       │
│   ╶───┤   ┼   ┼   ┼   │   ╵   └───┴───╴   ┼   ┼   ┼   ┼   ┼   ┼   ┼   ╵   ┌───┤
│ 49  48│               │                 37                                │   │
│   ╷   │   ┼   ┼   ┼   ├───╴   ┼   ╶───╴   ┼   ┼   ┼   ┼   ┼   ┼   ┼   ┼   ╵   │
│   │ 47│               │ 3c  3b  3a  39  38                                    │
├───┘   ├───────┬───────┘   ╷   ┼   ┼   ╷   ┼   ┼   ┼   ┼   ┼   ┼   ┼   ┌───╴   │
│     46│       │ 3f  3e  3d│           │                               │       │
│   ╷   ╵   ┌───┘   ┌───╴   └───────┬───┼───╴   ┌───┬───┐   ╶───╴   ┌───┘   ╶───┤
│   │ 45    │ 41  40│               │   │       │   │   │           │           │
│   │   ╶───┘   ╶───┴───┬───╴   ╶───┤   └───╴   ╵   ╵   │   ╷   ╶───┤   ╶───┐   │
│   │ 44  43  42        │           │                   │   │       │       │   │
└───┴───────────────────┴───────────┴───────────────────┴───┴───────┴───────┴───┘

AldousBroderMazeGenerator: Generating maze 20x20 with PlayersWorlds.Maps.Maze.GeneratorOptions(Full, Auto, List`1<MapArea>(P2x3;S4x7;Hall;fixed, P<empty>;S2x5;Hall;auto), PlayersWorlds.Maps.Areas.RandomAreaGenerator, PlayersWorlds.Maps.Maze.AldousBroderMazeGenerator)
┌───────────────────┬───────────┬───────┬───────────────────────┬───────┬───────┐
│         37  36  35│           │       │                       │       │       │
├───────╴   ┌───╴   ╵   ╶───┐   ├───╴   ├───┬───╴   ╷   ╶───┬───┘   ╷   └───┐   │
│ 3a  39  38│ 33  34        │   │       │   │       │       │       │       │   │
│   ╷   ┌───┘   ┌───┬───────┴───┴───┐   ╵   ╵   ╶───┴───╴   └───────┘   ╶───┘   │
│ 3b│   │     32│   │ 2e  2d  2c    │ 28  27  26                                │
│   ├───┴───┐   ╵   ╵   ╷   ╷   ╶───┘   ╶───┐   ┼   ┼   ╷   ┼   ┼   ┼   ┼   ┌───┤
│ 3c│       │ 31  30  2f│   │ 2b  2a  29    │ 25        │                   │   │
│   │   ┼   ├───┬───────┤   ├───╴   ╶───┬───┘   ┼   ┼   ╵   ┼   ┼   ┼   ┼   ╵   │
│ 3d│       │   │       │   │           │     24                                │
│   │   ┼   ╵   ╵   ╶───┼───┼───────┬───┴───┐   ┼   ┼   ╷   ┼   ┼   ┼   ┼   ┌───┤
│ 3e│                   │   │     52│       │ 23        │                   │   │
│   │   ┼   ╷   ╷   ┼   │   │   ┼   │   ┼   ╵   ┼   ┼   ╵   ┼   ┼   ┼   ┼   │   │
│ 3f│       │   │       │   │     51│         22                            │   │
│   │   ┼   ├───┤   ┼   ╵   │   ┼   │   ┼   ╷   ┼   ┼   ╷   ┼   ┼   ┼   ┼   ╵   │
│ 40│       │   │ 4a  4b    │ 4f  50│       │ 21  20  1f│                       │
│   ├───────┘   ╵   ╷   ╶───┘   ┌───┴───────┘   ┼   ╷   └───┬───────────────┐   │
│ 41│ 46  47  48  49│ 4c  4d  4e│                   │ 1e  1d│               │   │
│   │   ┌───────────┴───╴   ┌───┘   ┌───────────────┴───╴   ├───────┬───╴   ╵   │
│ 42│ 45│                   │       │             1a  1b  1c│       │           │
│   ╵   ├───────────────┬───┴───┐   ├───────────┐   ╷   ╷   ├───┐   ╵   ╷   ╶───┤
│ 43  44│               │       │   │           │ 19│   │   │   │       │       │
├───╴   │   ┼   ┼   ┼   ├───╴   └───┴───╴   ╶───┘   ├───┴───┘   ╵   ┌───┴───┬───┤
│       │               │                     17  18│               │       │   │
├───╴   │   ┼   ┼   ┼   │   ╷   ┌───┬───╴   ╷   ┌───┘   ┼   ┼   ╶───┘   ╶───┘   │
│       │               │   │   │   │       │ 16│                               │
├───╴   │   ┼   ┼   ┼   └───┼───┘   └───┬───┘   ╵   ╷   ┼   ╶───┬───┬───────╴   │
│       │                   │           │ 14  15    │           │   │           │
│   ╶───┤   ┼   ┼   ┼   ╷   └───╴   ╶───┘   ┌───╴   │   ┼   ┼   ╵   ├───────╴   │
│       │               │ f   10  11  12  13│       │               │           │
│   ╷   │   ┼   ┼   ┼   │   ┌───┬───╴   ┌───┘   ╷   ╵   ┼   ╶───┐   └───╴   ╷   │
│   │   │               │ e │   │       │       │               │           │   │
│   │   │   ┼   ┼   ┼   │   ╵   └───────┤   ┌───┘   ╶───┐   ┌───┘   ╶───┐   └───┤
│   │   │               │ d   c   b     │   │           │   │           │       │
│   │   └───┬───┬───┬───┴───┬───╴   ┌───┘   ├───╴   ┌───┴───┴───┐   ┌───┴───┐   │
│   │       │   │ 0 │       │     a │       │       │           │   │       │   │
│   │   ┼   │   ╵   │       ├───╴   └───┬───┴───┬───┤           │   ╵   ╷   ├───┤
│   │       │ 2   1 │       │ 8   9     │       │   │           │       │   │   │
│   └───┬───┘   ╶───┴───────┘   ╶───────┤   ╶───┘   └───────────┘   ╶───┼───┘   │
│       │     3   4   5   6   7         │                               │       │
└───────┴───────────────────────────────┴───────────────────────────────┴───────┘

AldousBroderMazeGenerator: Generating maze 20x20 with PlayersWorlds.Maps.Maze.GeneratorOptions(Full, Auto, List`1<MapArea>(P2x3;S4x7;Hall;fixed, P<empty>;S2x5;Hall;auto), PlayersWorlds.Maps.Areas.RandomAreaGenerator, PlayersWorlds.Maps.Maze.AldousBroderMazeGenerator)
┌───┬───────────┬───────────────────────────────┬───────────────────────────────┐
│   │ 13  12  11│ e   d   c   b                 │                               │
│   │   ╶───┐   ╵   ╷   ╶───┐   ╶───────────────┴───┬───────────────────────────┤
│   │ 14    │ 10  f │       │ a   9                 │                           │
│   │   ╷   └───┬───┴───┬───┴───┐   ┼   ┼   ┼   ┼   │   ┼   ┼   ┼   ┼   ┼   ┼   │
│   │ 15│       │       │       │ 8                 │                           │
│   │   └───────┤   ┼   ├───╴   │   ┼   ┼   ┼   ┼   │   ┼   ┼   ┼   ┼   ┼   ┼   │
│   │ 16  17    │       │       │ 7                 │                           │
│   └───┐   ╶───┤   ┼   │   ╷   │   ┼   ┼   ┼   ┼   │   ┼   ┼   ┼   ┼   ┼   ┼   │
│       │ 18  19│       │   │   │ 6                 │                           │
├───┐   ╵   ╷   │   ┼   │   ├───┤   ┼   ┼   ┼   ┼   │   ┼   ┼   ┼   ┼   ┼   ┼   │
│   │       │ 1a│       │   │   │ 5                 │                           │
│   ╵   ╶───┤   │   ┼   ╵   ╵   │   ┼   ┼   ┼   ┼   │   ┼   ┼   ┼   ┼   ┼   ┼   │
│           │ 1b│               │ 4   3   2   1   0 │                           │
├───┬───────┤   ├───────┐   ┌───┴───┬───────────┬───┘   ┼   ┼   ┼   ┼   ┼   ┼   │
│   │       │ 1c│       │   │       │           │                               │
│   ╵   ╶───┘   ├───╴   ╵   ╵   ╷   └───╴   ╷   ╵   ╶───────────────┬───────────┤
│             1d│               │           │                       │           │
├───────────┐   └───╴   ╶───────┼───╴   ┌───┴───────────────────┐   │   ╶───┬───┤
│           │ 1e  1f  20  21  22│       │                       │   │       │   │
│   ┼   ┌───┴───────────┬───╴   │   ╷   │   ┼   ┼   ┼   ┼   ┼   │   ├───╴   ╵   │
│       │               │ 24  23│   │   │                       │   │           │
│   ┼   │   ┼   ┼   ┼   │   ┌───┤   └───┤   ┼   ┼   ┼   ┼   ┼   │   │   ╶───┬───┤
│       │               │ 25│   │       │                       │   │       │   │
│   ╶───┤   ┼   ┼   ┼   │   │   ╵   ╶───┘   ┌───────────────────┤   │   ┌───┘   │
│       │               │ 26│               │                   │   │   │       │
│   ╷   │   ┼   ┼   ┼   │   └───────────┐   ├───┐   ┌───╴   ┌───┴───┤   │   ╶───┤
│   │   │               │ 27  28  29  2a│   │   │   │       │       │   │       │
│   └───┤   ┼   ┼   ┼   ╵   ┌───────╴   └───┘   ├───┴───┐   ╵   ╷   ╵   │   ╷   │
│       │                   │         2b  2c  2d│       │       │       │   │   │
│   ┼   │   ┼   ┼   ┼   ╷   │   ╶───┐   ┼   ┼   │   ┌───┴───────┘   ╶───┼───┤   │
│       │               │   │       │         2e│   │     33  34  35  36│   │   │
├───────┤   ┼   ┼   ┼   │   └───┬───┤   ┌───┐   ╵   └───╴   ┌───╴   ╷   ╵   ╵   │
│       │               │       │   │   │   │ 2f  30  31  32│       │ 37  38  39│
│   ┌───┴───────┬───────┤   ╷   │   ╵   │   └───────┬───────┤   ┌───┴───────╴   │
│   │           │       │   │   │       │           │ 46  47│   │         3b  3a│
│   │   ┌───────┤   ┼   └───┘   └───╴   ╵   ╶───┬───┤   ╶───┼───┴───┬───╴   ┌───┤
│   │   │       │                               │   │ 45  44│ 41  40│     3c│   │
│   ╵   ╵   ╷   ╵   ┼   ╷   ╶───┐   ┼   ┼   ┼   ╵   └───┐   ╵   ╷   └───╴   ╵   │
│           │           │       │                       │ 43  42│ 3f  3e  3d    │
└───────────┴───────────┴───────┴───────────────────────┴───────┴───────────────┘

AldousBroderMazeGenerator: Generating maze 20x20 with PlayersWorlds.Maps.Maze.GeneratorOptions(Full, Auto, List`1<MapArea>(P2x3;S4x7;Hall;fixed, P<empty>;S2x5;Hall;auto), PlayersWorlds.Maps.Areas.RandomAreaGenerator, PlayersWorlds.Maps.Maze.AldousBroderMazeGenerator)
┌───────────────────────────────┬───────────────┬───┬───────┬───────┬───────────┐
│                               │               │   │       │       │           │
├───────┬───╴   ╶───────┬───╴   ├───╴   ╶───┐   │   │   ┌───┴───╴   ╵   ╷   ╷   │
│       │               │       │           │   │   │   │               │   │   │
├───╴   └───────────┐   │   ┌───┼───╴   ╶───┤   │   ╵   │   ┌───┐   ┌───┴───┴───┤
│                   │   │   │   │           │   │       │   │   │   │           │
│   ┌───┐   ┌───╴   └───┘   ╵   └───╴   ┼   └───┘   ╶───┴───┘   ╵   └───╴   ┌───┤
│   │   │   │                             f   e   d   c   b   a   9         │   │
│   │   ├───┴───┐   ┌───┬───┬───╴   ┼   ┼   ┼   ┼   ┼   ┼   ┼   ╷   ╶───┐   │   │
│   │   │       │   │   │   │             10                    │ 8     │   │   │
│   ╵   │   ┼   │   ╵   │   └───╴   ┼   ┼   ┼   ┼   ┼   ┼   ┼   │   ╶───┴───┘   │
│       │       │       │         13  12  11                    │ 7   6   5     │
├───╴   │   ┼   ├───╴   └───┐   ┼   ┼   ┼   ┼   ┼   ┼   ┼   ┼   ├───────╴   ╷   │
│       │       │           │ 15  14                            │ 2   3   4 │   │
├───╴   │   ┼   │   ┌───┐   ╵   ╷   ╶───╴   ╷   ┌───╴   ╷   ┌───┘   ┌───────┤   │
│       │       │   │   │     16│           │   │       │   │ 0   1 │       │   │
├───╴   │   ┼   ╵   │   └───┐   ├───────────┴───┴───────┴───┴───┬───┴───┐   └───┤
│       │           │       │ 17│                               │       │ 3a  3b│
│   ┌───┴───────╴   └───╴   │   │                               │   ┌───┘   ╷   │
│   │                       │ 18│                               │   │ 38  39│ 3c│
├───┘   ┌───────╴   ╶───┬───┘   │                               ├───┘   ╶───┴───┤
│       │               │ 1a  19│                               │     37        │
├───╴   │   ┼   ┼   ┼   │   ╶───┤                               ├───┐   ╶───────┤
│       │               │ 1b  1c│                               │   │ 36  35    │
├───────┤   ┼   ┼   ┼   ├───╴   └───┬───────────────────────────┤   └───┐   ┌───┤
│       │               │     1d    │                           │       │ 34│   │
├───╴   │   ┼   ┼   ┼   │   ╷   ╶───┴───╴   ╶───────────────────┴───┐   ╵   ╵   │
│       │               │   │ 1e  1f                                │     33    │
├───╴   │   ┼   ┼   ┼   │   ├───┐   ┼   ┼   ┼   ┼   ╶───┬───────────┼───╴   ┌───┤
│       │               │   │   │ 20  21  22            │     2d  2e│ 31  32│   │
│   ╷   │   ┼   ┼   ┼   │   │   └───┐   ┼   ┼   ┼   ╶───┤   ╷   ╷   ╵   ╶───┘   │
│   │   │               │   │       │     23            │   │ 2c│ 2f  30        │
├───┘   │   ┼   ┼   ┼   ├───┘   ┌───┴───╴   ╶───────┬───┴───┘   │   ╷   ┌───┬───┤
│       │               │       │         24  25  26│ 29  2a  2b│   │   │   │   │
├───┐   └───────┬───────┘   ╷   │   ┌───────────┐   ╵   ╶───┬───┤   └───┘   ╵   │
│   │           │           │   │   │           │ 27  28    │   │               │
│   └───╴   ┼   ╵   ╶───────┴───┤   │           ├───╴   ╶───┘   ├───┬───┐   ╶───┤
│                               │   │           │               │   │   │       │
│   ┌───────╴   ┌───────╴   ╶───┘   └───┬───────┘   ┌───╴   ╷   │   ╵   ╵   ╷   │
│   │           │                       │           │       │   │           │   │
└───┴───────────┴───────────────────────┴───────────┴───────┴───┴───────────┴───┘

AldousBroderMazeGenerator: Generating maze 20x20 with PlayersWorlds.Maps.Maze.GeneratorOptions(Full, Auto, List`1<MapArea>(P2x3;S4x7;Hall;fixed, P<empty>;S2x5;Hall;auto), PlayersWorlds.Maps.Areas.RandomAreaGenerator, PlayersWorlds.Maps.Maze.AldousBroderMazeGenerator)
┌───┬───────┬───────────────────┬───────────────────┬───┬───────┬───┬───────────┐
│   │       │                   │                   │   │       │   │           │
│   └───╴   ╵   ┌───────┐   ╷   └───┐   ╶───────╴   ╵   └───╴   │   └───╴   ╷   │
│               │       │   │       │                           │           │   │
│   ╷   ╶───┬───┘   ┌───┴───┘   ╶───┤   ┼   ┼   ┼   ┼   ┼   ┼   └───────┬───┘   │
│   │       │       │               │                                   │       │
│   ├───────┴───┐   └───╴   ╶───┬───┘   ┼   ┼   ┼   ┼   ┼   ┼   ╶───╴   │   ╶───┤
│   │           │               │                                       │       │
│   │   ┼   ╷   ├───────────────┴───╴   ┼   ┼   ┼   ┼   ┼   ┼   ╷   ┌───┤   ╷   │
│   │       │   │                                               │   │   │   │   │
│   │   ┼   │   ╵   ┌───┬───┬───────┐   ┼   ┼   ┼   ┼   ┼   ┼   │   │   ╵   │   │
│   │       │       │   │   │       │                           │   │       │   │
│   │   ┼   │   ╶───┘   │   └───┐   ╵   ┼   ┼   ┼   ┼   ┼   ┼   └───┘   ╶───┴───┤
│   │       │           │       │                                               │
│   │   ┼   ├───╴   ╷   ├───╴   │   ┼   ┼   ┼   ┼   ┼   ┼   ┼   ╶───╴   ╷   ┌───┤
│   │       │       │   │       │                                       │   │   │
│   ├───┬───┼───╴   │   ╵   ╶───┴───┐   ┌───┐   ┌───╴   ╶───┐   ╶───────┼───┘   │
│   │   │   │       │               │   │   │   │           │           │       │
│   ╵   ╵   ╵   ╷   │   ┌───╴   ╷   ╵   ╵   └───┤   ╷   ╶───┤   ╶───┬───┘   ┌───┤
│               │   │   │       │               │   │       │       │       │   │
│   ╷   ┌───────┴───┴───┘   ┌───┼───┐   ╶───╴   └───┘   ┼   ├───╴   ╵   ╷   ╵   │
│   │   │                   │   │   │                       │           │       │
├───┴───┤   ┼   ┼   ┼   ╷   ╵   ╵   │   ┼   ┼   ┼   ┼   ┼   │   ╷   ╷   ├───┐   │
│ 1   0 │               │           │                       │   │   │   │   │   │
│   ╶───┤   ┼   ┼   ┼   │   ╷   ╶───┤   ┼   ┼   ┼   ┼   ┼   │   │   │   ╵   │   │
│ 2     │               │   │       │                       │   │   │       │   │
│   ┼   │   ┼   ┼   ┼   ├───┘   ╷   │   ┼   ┼   ┼   ┼   ┼   └───┴───┘   ╷   │   │
│ 3     │               │       │   │                                   │   │   │
│   ╶───┤   ┼   ┼   ┼   │   ┌───┘   ╵   ┼   ┼   ┼   ┼   ┼   ┌───────╴   ├───┼───┤
│ 4     │               │   │                               │           │   │   │
│   ╷   │   ┼   ┼   ┼   ├───┘   ╶───┬───╴   ╷   ╶───────┐   ├───╴   ╷   │   ╵   │
│ 5 │   │               │           │       │           │   │       │   │       │
│   └───┤   ┼   ┼   ┼   │   ┌───────┴───┬───┘   ╶───┐   ╵   ├───────┘   └───┐   │
│ 6     │               │   │           │           │       │               │   │
│   ┌───┴───────────────┘   └───────┐   ├───────────┤   ┌───┴───╴   ┌───┐   ╵   │
│ 7 │                               │   │           │   │           │   │       │
│   └───────┐   ╶───┐   ┼   ╷   ╷   ╵   │           │   ╵   ┌───────┘   ├───╴   │
│ 8   9   a │       │       │   │       │           │       │           │       │
│   ╶───┐   ├───────┘   ┼   └───┘   ╷   └───┬───────┴───╴   └───┐   ╶───┘   ╶───┤
│       │ b │                       │       │                   │               │
└───────┴───┴───────────────────────┴───────┴───────────────────┴───────────────┘

AldousBroderMazeGenerator: Generating maze 20x20 with PlayersWorlds.Maps.Maze.GeneratorOptions(Full, Auto, List`1<MapArea>(P2x3;S4x7;Hall;fixed, P<empty>;S2x5;Hall;auto), PlayersWorlds.Maps.Areas.RandomAreaGenerator, PlayersWorlds.Maps.Maze.AldousBroderMazeGenerator)
┌───┬───┬───┬───────────┬───────┬───────────────────┬───────┬───────────────────┐
│   │   │   │           │       │                   │       │                   │
│   │   │   └───┐   ╶───┼───┐   ├───────┐   ┌───────┘   ╶───┴───╴   ╷   ╶───┐   │
│   │   │       │       │   │   │       │   │                       │       │   │
│   ╵   │   ╶───┤   ╷   ╵   ╵   ╵   ┌───┘   ╵   ╷   ┌───┐   ┌───────┘   ┌───┘   │
│       │       │   │               │           │   │   │   │           │       │
├───╴   └───╴   └───┘   ╷   ┌───────┤   ┌───╴   ├───┘   ├───┴───┬───┐   ├───────┤
│                       │   │       │   │       │       │       │   │   │       │
│   ┌───────┐   ╶───┐   │   ╵   ╶───┘   └───┬───┤   ╶───┘   ┌───┘   │   │   ┌───┤
│   │       │       │   │                   │   │           │       │   │   │   │
│   │   ┼   │   ╷   ├───┴───────┐   ╶───────┘   ╵   ╶───╴   ╵   ╶───┴───┴───┘   │
│   │       │   │   │           │                                               │
│   │   ┼   ╵   │   │   ┼   ┼   │   ╷   ┌───╴   ┼   ┼   ┼   ┼   ┼   ┼   ┌───┬───┤
│   │           │   │           │   │   │                               │   │   │
│   │   ┼   ┌───┘   │   ┼   ┼   ├───┴───┘   ┼   ┼   ┼   ┼   ┼   ┼   ┼   ╵   ╵   │
│   │       │       │           │ 23  22  21  20                                │
│   │   ┼   │   ╷   │   ┼   ┼   │   ┌───────┐   ┼   ┼   ┼   ┼   ┼   ┼   ╷   ╷   │
│   │       │   │   │           │ 24│       │ 1f                        │   │   │
├───┴───────┤   └───┘   ╶───────┤   ╵   ┌───┘   ┼   ┼   ┼   ┼   ┼   ┼   └───┘   │
│ 43  44  45│                   │ 25    │     1e                                │
│   ╶───┬───┴───────────┐   ╶───┤   ┌───┘   ┼   ┼   ┼   ┼   ┼   ┼   ┼   ╷   ╶───┤
│ 42  41│               │       │ 26│         1d  1c                    │       │
├───╴   │   ┼   ┼   ┼   │   ╶───┤   └───┐   ┼   ┼   ┼   ┼   ┼   ┼   ┼   └───╴   │
│     40│               │       │ 27  28│         1b  1a  19  18  17  16  15  14│
│   ╷   │   ┼   ┼   ┼   │   ╶───┴───┐   └───┬───┬───╴   ┼   ┼   ╷   ┼   ┌───╴   │
│   │ 3f│               │           │ 29    │   │               │       │ 12  13│
├───┘   │   ┼   ┼   ┼   ├───╴   ┌───┘   ┌───┘   ╵   ╷   ┌───────┼───╴   │   ╶───┤
│ 3d  3e│               │       │ 2b  2a│           │   │       │       │ 11    │
│   ╷   │   ┼   ┼   ┼   │   ╶───┤   ┌───┤   ╶───────┤   └───╴   ╵   ┌───┘   ┌───┤
│ 3c│   │               │       │ 2c│   │           │               │ f   10│   │
│   └───┤   ┼   ┼   ┼   │   ╷   │   │   ├───┐   ╷   └───────────┬───┘   ╷   │   │
│ 3b    │               │   │   │ 2d│   │   │   │               │ d   e │   │   │
│   ┌───┤   ┼   ┼   ┼   │   └───┘   ╵   ╵   └───┤   ┼   ┼   ┼   │   ╶───┴───┘   │
│ 3a│   │               │         2e            │               │ c             │
│   ╵   ├───╴   ╶───────┤   ╷   ┼   ┼   ╶───┐   │   ┼   ┼   ┼   │   ┌───────────┤
│ 39  38│               │   │     2f        │   │               │ b │ 4   3   2 │
├───┐   ╵   ┼   ┼   ╶───┴───┴───╴   ╷   ╶───┤   └───────┬───────┘   │   ┌───╴   │
│   │ 37  36  35  34  33  32  31  30│       │           │     9   a │ 5 │ 0   1 │
│   ╵   ╷   ┼   ┼   ╶───┐   ┌───╴   │   ╶───┼───╴   ╶───┤   ╷   ╶───┘   └───────┤
│       │               │   │       │       │           │   │ 8   7   6         │
└───────┴───────────────┴───┴───────┴───────┴───────────┴───┴───────────────────┘

AldousBroderMazeGenerator: Generating maze 20x20 with PlayersWorlds.Maps.Maze.GeneratorOptions(Full, Auto, List`1<MapArea>(P2x3;S4x7;Hall;fixed, P<empty>;S2x5;Hall;auto), PlayersWorlds.Maps.Areas.RandomAreaGenerator, PlayersWorlds.Maps.Maze.AldousBroderMazeGenerator)
┌───┬───────────────────┬───────────┬───┬───────────┬───────┬───────┬───────────┐
│   │ 26  25  24  23  22│ 1f  1e  1d│   │           │ 10  f │       │ 2   3   4 │
│   ╵   ╶───────┬───┐   ╵   ╶───┐   ╵   ├───────┐   ╵   ╷   ╵   ┌───┘   ┌───┐   │
│ 28  27        │   │ 21  20    │ 1c  1b│       │     11│ e   d │ 0   1 │   │ 5 │
│   ╶───────────┤   ├───────┬───┼───┐   │   ╷   ╵   ╷   ├───╴   └───┐   │   ╵   │
│ 29  2a        │   │       │   │   │ 1a│   │       │ 12│     c     │   │ 7   6 │
├───╴   ╶───┐   ╵   │   ┼   │   ╵   │   └───┤   ┌───┘   ├───┐   ╶───┴───┘   ╶───┤
│ 2c  2b    │       │       │       │ 19    │   │     13│   │ b   a   9   8     │
│   ┌───────┼───╴   │   ┼   ╵   ╶───┘   ╶───┴───┴───╴   │   ├───╴   ╶───┬───┐   │
│ 2d│       │       │                 18  17  16  15  14│   │           │   │   │
│   ╵   ┼   ├───╴   │   ┼   ╷   ╷   ╶───────┬───────╴   ╵   │   ╷   ╷   ╵   │   │
│ 2e        │       │       │   │           │               │   │   │       │   │
│   ╷   ┼   │   ╶───┤   ┼   ├───┴───────────┤   ╶───┬───────┴───┴───┴───────┴───┤
│ 2f│       │       │       │               │       │                           │
│   └───┬───┼───╴   ├───┬───┘   ╷   ┌───────┘   ╷   │   ┼   ┼   ┼   ┼   ┼   ┼   │
│ 30    │   │       │   │       │   │           │   │                           │
│   ┌───┘   ╵   ╷   │   ╵   ╶───┤   ├───┐   ┌───┴───┤   ┼   ┼   ┼   ┼   ┼   ┼   │
│ 31│           │   │           │   │   │   │       │                           │
│   └───┬───╴   └───┼───╴   ╶───┴───┘   │   └───╴   │   ┼   ┼   ┼   ┼   ┼   ┼   │
│ 32  33│           │                   │           │                           │
├───╴   ├───────────┴───────╴   ┌───┬───┴───────┐   │   ┼   ┼   ┼   ┼   ┼   ┼   │
│ 35  34│                       │   │           │   │                           │
│   ╶───┤   ┼   ┼   ┼   ╷   ┌───┘   │   ┼   ┼   │   │   ┼   ┼   ┼   ┼   ┼   ┼   │
│ 36    │               │   │       │           │   │                           │
│   ┼   │   ┼   ┼   ┼   │   ╵   ╶───┤   ┼   ┼   ├───┘   ┼   ┼   ┼   ┼   ┼   ┼   │
│ 37    │               │           │           │                               │
│   ┼   │   ┼   ┼   ┼   │   ╶───┐   ╵   ┼   ┼   │   ╶───────────┬───┬───────────┤
│ 38    │               │       │               │               │   │           │
│   ╶───┤   ┼   ┼   ┼   ├───┐   └───┬───┬───┬───┘   ┌───────╴   │   └───╴   ╶───┤
│ 39    │               │   │       │   │   │       │           │     54  55  56│
│   ╶───┤   ┼   ┼   ┼   │   └───╴   ╵   ╵   ╵   ╶───┼───────┐   ├───┐   ╷   ╷   │
│ 3a  3b│               │                           │       │   │   │ 53│   │ 57│
├───╴   │   ┼   ┼   ┼   │   ╷   ╷   ╶───┬───╴   ╶───┘   ╶───┼───┘   ╵   └───┤   │
│     3c│               │   │   │       │     4a  4b  4c  4d│ 50  51  52    │ 58│
├───╴   └───┬───────────┘   │   └───┬───┴───╴   ╶───┬───╴   ╵   ┌───────────┤   │
│     3d  3e│               │       │         49    │     4e  4f│ 5e  5d  5c│ 59│
├───╴   ╷   └───────╴   ┼   └───────┘   ┼   ┼   ┌───┘   ╶───────┼───────╴   ╵   │
│       │ 3f  40  41  42  43  44  45  46  47  48│               │         5b  5a│
│   ╶───┴───────┐   ╷   ┼   ╶───────┬───╴   ┼   │   ╶───┐   ╶───┴───────────────┤
│               │   │               │           │       │                       │
└───────────────┴───┴───────────────┴───────────┴───────┴───────────────────────┘

AldousBroderMazeGenerator: Generating maze 20x20 with PlayersWorlds.Maps.Maze.GeneratorOptions(Full, Auto, List`1<MapArea>(P2x3;S4x7;Hall;fixed, P<empty>;S2x5;Hall;auto), PlayersWorlds.Maps.Areas.RandomAreaGenerator, PlayersWorlds.Maps.Maze.AldousBroderMazeGenerator)
┌───────────────┬───────┬───────────┬───┬───────────────────────────────────┬───┐
│               │       │           │   │                                   │   │
├───┬───┐   ┌───┴───╴   ╵   ┌───────┘   ├───────┐   ╷   ┌───────────┬───╴   │   │
│   │   │   │               │           │       │   │   │           │       │   │
│   │   ╵   ╵   ┌───╴   ┌───┼───╴   ╶───┼───╴   └───┘   │   ┼   ┼   ├───────┘   │
│   │           │       │   │           │               │           │           │
│   ╵   ┌───────┘   ┼   ╵   └───╴   ╷   │   ┌───┐   ┌───┘   ┼   ┼   ├───────╴   │
│       │                           │   │   │   │   │               │           │
├───╴   ├───┬───╴   ┼   ┌───────┐   ├───┴───┘   │   ╵   ╷   ┼   ┼   ├───┐   ╶───┤
│       │   │           │       │   │           │       │           │   │       │
├───────┘   │   ╷   ╷   └───┐   ├───┘   ┌───┐   ╵   ╶───┴───┬───┬───┘   └───╴   │
│           │   │   │       │   │       │   │               │   │               │
│   ╷   ╶───┴───┤   ╵   ╶───┤   └───╴   │   └───┐   ╷   ┌───┘   │   ╷   ╶───────┤
│   │           │           │           │       │   │   │       │   │           │
│   │   ╶───────┴───┐   ╷   ╵   ╶───┬───┴───┐   └───┤   ├───╴   └───┘   ╷   ╷   │
│   │               │   │           │       │       │   │               │   │   │
├───┴───┐   ╶───────┼───┘   ┌───╴   │   ┼   │   ╶───┘   └───────────╴   └───┘   │
│       │           │       │       │       │                                   │
│   ┼   └───╴   ╷   └───╴   ├───╴   │   ┼   │   ╷   ┼   ┼   ┼   ┼   ┼   ┼   ┼   │
│               │           │       │       │   │                               │
│   ┼   ┌───────┴───────┐   │   ┼   │   ┼   │   ╵   ┼   ┼   ┼   ┼   ┼   ┼   ┼   │
│       │               │   │       │       │                                   │
├───────┤   ┼   ┼   ┼   │   │   ┼   │   ┼   │   ╷   ┼   ┼   ┼   ┼   ┼   ┼   ┼   │
│       │               │   │       │       │   │                               │
│   ╷   │   ┼   ┼   ┼   ├───┤   ┼   ├───╴   ├───┴───╴   ┌───────╴   ╷   ╷   ┼   │
│   │   │               │   │       │       │           │           │   │       │
│   └───┤   ┼   ┼   ┼   ╵   ╵   ╷   ╵   ┌───┼───────┬───┴───╴   ┌───┼───┴───╴   │
│       │                       │       │   │       │           │   │           │
├───╴   │   ┼   ┼   ┼   ╷   ╷   └───┐   ╵   └───┐   ╵   ╶───┐   │   ├───╴   ╶───┤
│       │               │   │       │           │           │   │   │           │
│   ┼   │   ┼   ┼   ┼   ├───┘   ╷   ├───────╴   ├───┐   ┌───┘   ╵   └───────┐   │
│       │               │       │   │           │   │   │                   │   │
├───────┤   ┼   ┼   ┼   │   ┌───┤   └───┬───────┘   ╵   ├───────────────┬───┘   │
│ 8   7 │               │   │   │       │               │               │       │
│   ╷   └───────┬───────┤   ╵   │   ╶───┤   ╷   ┌───╴   │   ┼   ┼   ┼   │   ╶───┤
│ 9 │ 6   5   4 │       │       │       │   │   │       │               │       │
│   │   ┌───┐   │   ┼   │   ╶───┤   ┼   │   ├───┘   ╷   │   ┼   ┼   ┼   │   ╶───┤
│ a │   │ 0 │ 3 │       │       │       │   │       │   │               │       │
│   ├───┘   ╵   └───┐   └───╴   └───┬───┘   └───┬───┘   └───────────╴   └───┐   │
│ b │     1   2     │               │           │                           │   │
└───┴───────────────┴───────────────┴───────────┴───────────────────────────┴───┘

AldousBroderMazeGenerator: Generating maze 20x20 with PlayersWorlds.Maps.Maze.GeneratorOptions(Full, Auto, List`1<MapArea>(P2x3;S4x7;Hall;fixed, P<empty>;S2x5;Hall;auto), PlayersWorlds.Maps.Areas.RandomAreaGenerator, PlayersWorlds.Maps.Maze.AldousBroderMazeGenerator)
┌───┬───────┬───────────────────────┬───────────────────────────────────────────┐
│   │       │                       │                                           │
│   └───╴   │   ╷   ╶───┬───────────┘   ╷   ┌───────────────────────────┐   ┌───┤
│           │   │       │               │   │                           │   │   │
├───╴   ┌───┴───┴───────┤   ┌───────╴   └───┤   ┼   ┼   ┼   ┼   ┼   ┼   │   ╵   │
│       │               │   │               │                           │       │
│   ╷   ├───╴   ┌───────┘   │   ┼   ╷   ┌───┤   ┼   ┼   ┼   ┼   ┼   ┼   │   ╶───┤
│   │   │       │           │       │   │   │                           │       │
├───┤   │   ╶───┼───────╴   │   ┼   │   ╵   │   ┼   ┼   ┼   ┼   ┼   ┼   │   ╷   │
│   │   │       │           │       │       │                           │   │   │
│   ╵   └───┐   ╵   ╷   ╶───┤   ┼   ├───────┤   ┼   ┼   ┼   ┼   ┼   ┼   ├───┘   │
│           │       │       │       │       │                           │       │
│   ┌───┬───┤   ╷   └───┬───┤   ┼   ├───╴   │   ┼   ┼   ┼   ┼   ┼   ┼   │   ╷   │
│   │   │   │   │       │   │       │       │                           │   │   │
│   ╵   ╵   │   ├───╴   ╵   └───────┼───╴   ╵   ┼   ┼   ┼   ┼   ┼   ┼   │   │   │
│           │   │                   │                                   │   │   │
├───╴   ╶───┴───┴───┐   ┌───────╴   ╵   ╶───────┬───────────────────────┘   │   │
│                   │   │                       │                           │   │
├───╴   ┌───╴   ╶───┘   ├───────╴   ╶───┬───────┼───────────╴   ╷   ┌───╴   ├───┤
│       │               │               │       │               │   │       │   │
│   ┼   ├───────────────┤   ╶───────┐   └───╴   │   ┼   ┼   ┼   │   └───┐   ╵   │
│       │               │           │           │               │       │       │
├───────┤   ┼   ┼   ┼   ├───┐   ╷   ├───┬───╴   │   ┼   ┼   ┼   │   ┌───┘   ╷   │
│       │               │   │   │   │   │       │               │   │       │   │
│   ╶───┤   ┼   ┼   ┼   │   └───┘   ╵   └───┬───┼───────────────┤   │   ╷   ├───┤
│       │               │                   │   │               │   │   │   │   │
├───────┤   ┼   ┼   ┼   ├───╴   ╷   ╷   ╶───┤   └───┬───────╴   └───┘   └───┘   │
│ 10    │               │       │   │       │       │                           │
│   ┼   │   ┼   ┼   ┼   │   ┌───┴───┴───┐   └───┐   └───────╴   ╷   ╷   ╷   ╷   │
│ f   e │               │   │           │       │               │   │   │   │   │
├───╴   │   ┼   ┼   ┼   │   └───┬───┐   └───────┘   ┌───╴   ╶───┼───┘   │   │   │
│ c   d │               │       │   │               │           │       │   │   │
│   ╷   │   ┼   ┼   ┼   ╵   ╷   │   ╵   ┌───┐   ╷   └───┬───┬───┴───┐   │   └───┤
│ b │   │                   │   │       │   │   │       │   │       │   │       │
│   ├───┼───────┬───────╴   └───┴───┬───┘   ├───┤   ╶───┘   └───╴   │   ├───────┤
│ a │   │       │                   │       │   │                   │   │       │
│   ╵   └───╴   │   ┼   ┌───┐   ┼   │   ╷   │   ╵   ┼   ┼   ╶───┬───┤   └───╴   │
│ 9   8   7     │       │   │       │   │   │                   │   │           │
│   ╷   ╷   ╶───┴───────┘   └───────┤   └───┴───╴   ┌───╴   ╶───┤   └───╴   ╶───┤
│   │   │ 6   5   4   3   2   1   0 │               │           │               │
└───┴───┴───────────────────────────┴───────────────┴───────────┴───────────────┘

AldousBroderMazeGenerator: Generating maze 20x20 with PlayersWorlds.Maps.Maze.GeneratorOptions(Full, Auto, List`1<MapArea>(P2x3;S4x7;Hall;fixed, P<empty>;S2x5;Hall;auto), PlayersWorlds.Maps.Areas.RandomAreaGenerator, PlayersWorlds.Maps.Maze.AldousBroderMazeGenerator)
┌───────────┬───────┬───┬───────────┬───────┬───────────┬───┬───────────┬───────┐
│           │       │   │           │       │           │   │           │       │
│   ╷   ╶───┤   ╷   ╵   ╵   ╷   ╷   ╵   ╶───┘   ╶───────┘   └───╴   ╷   ╵   ╶───┤
│   │       │   │           │   │                                   │           │
│   ├───╴   │   ├───────╴   │   │   ┼   ┼   ┼   ┼   ┼   ┼   ┼   ╶───┼───┐   ╶───┤
│   │       │   │           │   │                                   │   │       │
│   │   ┌───┼───┘   ┌───┬───┴───┴───╴   ┼   ┼   ┼   ┼   ┼   ┼   ╷   ╵   └───╴   │
│   │   │   │       │   │                                       │               │
│   └───┘   ╵   ╶───┘   └───┬───────┐   ┼   ┼   ┼   ┼   ┼   ┼   └───╴   ┌───╴   │
│                           │       │                                   │       │
│   ┌───────────┬───╴   ╶───┘   ╷   ╵   ┼   ┼   ┼   ┼   ┼   ┼   ╶───────┴───╴   │
│   │           │               │                                               │
│   ╵   ╷   ╶───┼───┐   ┌───────┤   ╷   ┼   ┼   ┼   ┼   ┼   ┼   ╶───╴   ╷   ╷   │
│       │       │   │   │       │   │                                   │   │   │
│   ╶───┤   ╶───┘   │   └───╴   └───┤   ┼   ┼   ┼   ┼   ┼   ┼   ╶───╴   └───┤   │
│       │           │               │                                       │   │
│   ┼   │   ┌───┐   └───────────────┤   ╷   ╶───┐   ╷   ╶───┐   ┌───╴   ╷   └───┤
│       │   │   │                   │   │       │   │       │   │       │       │
│   ┼   │   ╵   └───┬───╴   ╷   ╷   │   ├───╴   └───┘   ╶───┴───┴───┐   ├───────┤
│       │           │       │   │   │   │                           │   │       │
│   ┼   ├───────────┴───┬───┘   ├───┘   ╵   ┼   ┼   ┼   ┼   ┼   ╶───┴───┘   ╷   │
│       │               │       │                                           │   │
│   ┼   │   ┼   ┼   ┼   ├───╴   ╵   ┌───╴   ┼   ┼   ┼   ┼   ┼   ╷   ╶───────┴───┤
│       │               │           │                           │               │
├───────┤   ┼   ┼   ┼   ├───╴   ╶───┴───╴   ┼   ┼   ┼   ┼   ┼   └───┬───────╴   │
│       │               │                                           │           │
│   ╷   │   ┼   ┼   ┼   │   ╶───┬───┐   ╷   ┼   ┼   ┼   ┼   ┼   ╶───┴───┬───┐   │
│   │   │               │       │   │   │                               │   │   │
│   ├───┤   ┼   ┼   ┼   │   ╶───┤   ├───┤   ┌───┐   ╶───┬───────┬───╴   ╵   │   │
│   │   │               │       │   │   │   │   │       │       │           │   │
├───┘   │   ┼   ┼   ┼   ├───╴   │   ╵   └───┘   └───╴   ╵   ┌───┴───╴   ╶───┤   │
│ 1   2 │               │       │                           │               │   │
│   ╷   │   ┼   ┼   ┼   ╵   ╶───┴───────────────────╴   ╶───┼───╴   ┌───────┘   │
│ 0 │ 3 │                                                   │       │           │
├───┘   ├───────────────╴   ╶───────┐   ┼   ┼   ┼   ┼   ┼   ├───────┘   ╷   ╶───┤
│     4 │                           │                       │           │       │
├───╴   └───┐   ┼   ┼   ╶───┬───╴   │   ┼   ┼   ┼   ┼   ┼   ╵   ╷   ╶───┴───┐   │
│     5     │               │       │                           │           │   │
├───╴   ╶───┴───────┐   ┌───┴───────┘   ┌───────╴   ┌───────╴   ├───╴   ┌───┴───┤
│     6   7   8   9 │   │               │           │           │       │       │
└───────────────────┴───┴───────────────┴───────────┴───────────┴───────┴───────┘

AldousBroderMazeGenerator: Generating maze 20x20 with PlayersWorlds.Maps.Maze.GeneratorOptions(Full, Auto, List`1<MapArea>(P2x3;S4x7;Hall;fixed, P<empty>;S2x5;Hall;auto), PlayersWorlds.Maps.Areas.RandomAreaGenerator, PlayersWorlds.Maps.Maze.AldousBroderMazeGenerator)
┌───────────────────────────┬───┬───────────────┬───────────────┬───────┬───────┐
│             15  16  17    │   │               │               │       │       │
├───╴   ┌───╴   ┌───┐   ╶───┤   └───────┬───╴   ╵   ┌───╴   ┌───┼───╴   └───┐   │
│       │     14│   │ 18    │           │           │       │   │           │   │
├───────┼───╴   │   ╵   ╶───┴───╴   ╷   │   ┌───────┘   ╷   ╵   ╵   ┌───╴   ╵   │
│       │ 12  13│     19  1a  1b  1c│   │   │           │           │           │
├───╴   ╵   ┌───┴───┐   ╶───┬───╴   └───┴───┴───╴   ╷   │   ╶───────┼───╴   ╷   │
│ f   10  11│       │       │     1d  1e  1f        │   │           │       │   │
│   ╶───────┤   ┼   │   ┌───┼───────────┐   ╶───┐   └───┼───╴   ╷   └───────┼───┤
│ e   d   c │       │   │   │           │ 20    │       │       │           │   │
├───┬───╴   ╵   ┼   │   ╵   │   ┼   ┼   │   ┌───┴───────┴───────┴───────┐   ╵   │
│   │ a   b         │       │           │ 21│                           │       │
│   ╵   ┌───┐   ┼   ├───┐   ╵   ┼   ┼   │   │   ┼   ┼   ┼   ┼   ┼   ┼   │   ╷   │
│     9 │ 0 │       │   │               │ 22│                           │   │   │
├───╴   │   │   ┼   │   ╵   ╷   ┼   ┼   │   │   ┼   ┼   ┼   ┼   ┼   ┼   ╵   ├───┤
│ 7   8 │ 1 │       │       │           │ 23│                               │   │
│   ╶───┤   └───┬───┘   ╷   └───────┬───┘   │   ┼   ┼   ┼   ┼   ┼   ┼   ╷   ╵   │
│ 6   5 │ 2     │       │           │ 25  24│                           │       │
│   ╷   ╵   ╶───┴───┬───┴───────┬───┘   ╶───┤   ┼   ┼   ┼   ┼   ┼   ┼   ├───╴   │
│   │ 4   3         │           │ 27  26    │                           │       │
│   └───┬───────────┴───┬───╴   ╵   ┌───────┤   ┼   ┼   ┼   ┼   ┼   ┼   ├───╴   │
│       │               │         28│       │                           │       │
│   ┼   │   ┼   ┼   ┼   ├───────┐   ╵   ┌───┤   ┼   ┼   ┼   ┼   ┼   ┼   │   ╷   │
│       │               │ 2f  2e│ 29  2a│   │                           │   │   │
│   ┼   │   ┼   ┼   ┼   │   ╷   └───╴   │   └───────┬───────────┬───┬───┴───┘   │
│       │               │ 30│ 2d  2c  2b│           │           │   │           │
├───────┤   ┼   ┼   ┼   │   └───────────┘   ┌───────┤   ┌───╴   ╵   ╵   ┌───┐   │
│       │               │ 31                │       │   │               │   │   │
│   ╶───┤   ┼   ┼   ┼   ╵   ┌───────┬───╴   │   ╷   └───┴───────────────┤   ╵   │
│       │                 32│       │       │   │                       │       │
│   ╶───┤   ┼   ┼   ┼   ╷   │   ╷   └───┐   ╵   ├───────╴   ┌───────────┴───╴   │
│       │               │ 33│   │       │       │           │                   │
│   ┌───┤   ┼   ┼   ┼   │   ╵   ├───────┤   ┌───┴───────┬───┤   ┼   ┼   ┼   ╷   │
│   │   │               │ 34  35│       │   │           │   │               │   │
│   ╵   └───┬───────┬───┼───╴   │   ┼   ├───┤   ┼   ┼   │   │   ┼   ┼   ┼   ├───┤
│           │       │   │     36│       │   │           │   │               │   │
│   ┌───┬───┤   ┼   ╵   └───┐   ├───╴   ╵   ╵   ┌───────┘   ├───────────────┘   │
│   │   │   │               │ 37│ 3a  3b  3c  3d│           │ 43  44  45  46    │
│   ╵   ╵   └───────╴   ╶───┘   ╵   ╶───────┐   ╵   ╶───────┘   ╷   ┌───╴   ╷   │
│                             38  39        │ 3e  3f  40  41  42│   │ 48  47│   │
└───────────────────────────────────────────┴───────────────────┴───┴───────┴───┘

AldousBroderMazeGenerator: Generating maze 20x20 with PlayersWorlds.Maps.Maze.GeneratorOptions(Full, Auto, List`1<MapArea>(P2x3;S4x7;Hall;fixed, P<empty>;S2x5;Hall;auto), PlayersWorlds.Maps.Areas.RandomAreaGenerator, PlayersWorlds.Maps.Maze.AldousBroderMazeGenerator)
┌───────────────┬───┬───────────────────────────┬───┬───┬───┬───────────────────┐
│               │   │     15  16  17  18  19  1a│   │   │   │                   │
├───╴   ╷   ┌───┘   │   ╷   ╶───┬───╴   ┌───╴   ╵   ╵   ╵   └───┐   ┌───╴   ╶───┤
│       │   │       │   │ 14    │       │     1b  1c  1d  1e  1f│   │           │
│   ╶───┴───┘   ╷   ├───┤   ╶───┴───┐   ├───────┬───┐   ╷   ╷   │   │   ╷   ╷   │
│               │   │   │ 13        │   │       │   │   │   │ 20│   │   │   │   │
├───────╴   ┼   └───┘   ╵   ╶───────┴───┴───┐   │   │   ├───┘   ╵   │   └───┼───┤
│             f   10  11  12                │   │   │   │     21    │       │   │
│   ╷   ┼   ┼   ┌───┬───┐   ╷   ╶───┐   ╷   │   │   └───┴───╴   ╶───┴───╴   │   │
│   │     d   e │   │   │   │       │   │   │   │ 25  24  23  22            │   │
│   │   ╷   ╶───┤   ╵   │   │   ┌───┤   ├───┘   │   ┼   ┼   ┼   ┼   ┼   ┼   ╵   │
│   │   │ c   b │       │   │   │ 0 │   │       │ 26                            │
├───┘   ├───╴   └───╴   ├───┤   │   ├───┴───╴   ╵   ┼   ┼   ┼   ┼   ┼   ┼   ┼   │
│       │     a   9   8 │   │   │ 1 │             27                            │
├───┬───┤   ┼   ┌───╴   ╵   ├───┘   │   ┼   ╷   ╷   ┼   ┼   ┼   ┼   ┼   ┼   ╷   │
│   │   │       │     7   6 │ 3   2 │       │   │ 28                        │   │
│   ╵   ╵   ┼   ├───────┐   ╵   ╷   │   ┼   │   │   ┼   ┼   ┼   ┼   ┼   ┼   ╵   │
│               │       │ 5   4 │   │       │   │ 29                            │
├───┬───╴   ╷   │   ╶───┴───┬───┴───┤   ┼   │   ╵   ┼   ┼   ┼   ┼   ┼   ┼   ╶───┤
│   │       │   │           │       │       │     2a                            │
│   │   ┌───┴───┴───────┐   └───╴   │   ┼   ├───╴   ┼   ┼   ┼   ┼   ┼   ┼   ╶───┤
│   │   │               │           │       │ 2c  2b                            │
│   ╵   │   ┼   ┼   ┼   │   ╶───────┼───┬───┘   ╶───┬───╴   ╷   ┼   ╷   ╶───┐   │
│       │               │           │   │     2d    │       │       │       │   │
├───╴   │   ┼   ┼   ┼   │   ╶───────┤   └───┐   ╶───┴───┐   ├───────┴───╴   ├───┤
│       │               │           │       │ 2e        │   │               │   │
└───────┤   ┼   ┼   ┼   │   ╶───────┘   ╷   │   ┌───┐   │   └───────╴   ┌───┘   │
        │               │               │   │ 2f│   │   │               │       │
        │   ┼   ┼   ┼   ╵   ╶───────────┴───┘   │   └───┘   ╷   ╷   ╷   ╵   ╶───┤
        │                                     30│           │   │   │           │
┌───┬───┤   ┼   ┼   ┼   ┌───┬───────┬───┐   ╷   └───┬───────┴───┴───┼───┐   ╷   │
│   │   │               │   │       │   │   │ 31    │               │   │   │   │
│   ╵   │   ┼   ┼   ┼   │   └───╴   │   ├───┘   ╶───┤               │   ╵   └───┤
│       │               │           │   │ 33  32    │               │           │
│   ╶───┴───────────┬───┼───╴   ╶───┘   ╵   ┌───┐   │               │   ╶───────┤
│     41  40  3f  3e│   │ 38  37  36  35  34│   │   │               │           │
├───╴   ╷   ╷   ╷   ╵   │   ┼   ╶───┐   ┼   ╵   │   └───────────┬───┘   ╶───────┤
│ 43  42│   │   │ 3d  3c│ 39        │           │               │               │
│   ╶───┴───┴───┤   ╷   ╵   ╷   ╶───┴───────────┴───┬───╴   ╷   └───╴   ╷   ╶───┤
│ 44  45  46  47│   │ 3b  3a│                       │       │           │       │
└───────────────┴───┴───────┴───────────────────────┴───────┴───────────┴───────┘

AldousBroderMazeGenerator: Generating maze 20x20 with PlayersWorlds.Maps.Maze.GeneratorOptions(Full, Auto, List`1<MapArea>(P2x3;S4x7;Hall;fixed, P<empty>;S2x5;Hall;auto), PlayersWorlds.Maps.Areas.RandomAreaGenerator, PlayersWorlds.Maps.Maze.AldousBroderMazeGenerator)
┌───┬───────────┬───────────────┬───────┬───────────────┬───────────────┬───┬───┐
│   │           │               │       │               │               │   │   │
│   ╵   ┌───────┘   ╷   ┌───────┤   ┌───┼───┐   ╶───┐   │   ╶───┐   ╷   ╵   ╵   │
│       │           │   │       │   │   │   │       │   │       │   │           │
│   ╶───┴───────╴   │   ├───╴   ╵   ╵   ╵   ╵   ╷   └───┤   ┌───┼───┴───╴   ┌───┤
│             19  1a│   │                       │       │   │   │           │   │
│   ╶───┬───╴   ╷   └───┴───┐   ╷   ╷   ╶───┐   └───────┤   │   └───╴   ╷   ╵   │
│       │     18│ 1b  1c  1d│   │   │       │           │   │           │       │
└───────┴───┐   ├───────┐   │   │   │   ┌───┴───────────┼───┼───┬───╴   ├───╴   │
            │ 17│       │ 1e│   │   │   │               │   │   │       │       │
            │   │       │   ╵   └───┼───┤   ┼   ┼   ┼   │   ╵   ├───┐   ├───╴   │
            │ 16│       │ 1f  20    │   │               │       │   │   │       │
            │   │       │   ╷   ╶───┘   │   ┼   ┼   ┼   │   ╶───┘   └───┘   ╶───┤
            │ 15│       │   │ 21  22  23│               │                       │
            │   ├───────┴───┼───────┐   │   ┼   ┼   ┼   ├───────────────╴   ╶───┤
            │ 14│           │       │ 24│               │                       │
┌───────────┘   ├───╴   ╷   │   ┼   │   │   ┼   ┼   ┼   │   ┼   ┼   ┼   ┼   ┼   │
│     11  12  13│       │   │       │ 25│               │                       │
│   ╷   ╶───────┘   ╶───┴───┘   ┼   │   │   ┼   ┼   ┼   │   ┼   ┼   ┼   ┼   ┼   │
│   │ 10  f   e   d   c   b         │ 26│               │                       │
└───┴───┬───────────────┐   ╷   ┼   │   │   ┼   ┼   ┼   │   ┼   ┼   ┼   ┼   ┼   │
        │               │ a │       │ 27│               │                       │
        │   ┼   ┼   ┼   │   │   ┼   │   ╵   ┼   ┼   ┼   │   ┼   ┼   ┼   ┼   ┼   │
        │               │ 9 │       │ 28                │                       │
        │   ┼   ┼   ┼   ╵   └───────┤   ╶───┬───┬───────┼───────────────┬───────┤
        │             7   8         │ 29  2a│   │       │ 32  33        │ 42  41│
┌───┬───┤   ┼   ┼   ┼   ╷   ╷   ╶───┼───┐   ╵   └───╴   │   ╷   ╷   ╷   │   ╷   │
│   │   │             6 │   │       │   │ 2b  2c  2d  2e│ 31│ 34│   │   │ 43│ 40│
│   ╵   │   ┼   ┼   ┼   │   ├───┬───┘   ╵   ╶───────┐   ╵   │   └───┴───┼───┘   │
│       │             5 │   │   │                   │ 2f  30│ 35        │ 3e  3f│
├───╴   │   ┼   ┼   ┼   ├───┘   │   ┌───┐   ┼   ┼   ╵   ┌───┤   ╷   ╷   │   ╷   │
│       │             4 │       │   │   │               │   │ 36│   │   │ 3d│   │
├───╴   │   ┼   ┼   ┼   ├───╴   ├───┘   ╵   ╶───────────┘   │   ├───┴───┘   │   │
│       │ 0   1   2   3 │       │                           │ 37│ 3a  3b  3c│   │
├───┐   ├───────────────┘   ╶───┼───╴   ┌───────────┬───┐   │   ╵   ╶───┐   └───┤
│   │   │                       │       │           │   │   │ 38  39    │       │
│   └───┤   ╶───╴   ┼   ╶───┐   └───╴   │           │   ╵   ├───╴   ╶───┤   ╷   │
│       │                   │           │           │       │           │   │   │
│   ╷   ╵   ┌───╴   ┌───╴   └───┐   ╷   └───────────┴───┐   │   ╶───────┤   └───┤
│   │       │       │           │   │                   │   │           │       │
└───┴───────┴───────┴───────────┴───┴───────────────────┴───┴───────────┴───────┘

AldousBroderMazeGenerator: Generating maze 20x20 with PlayersWorlds.Maps.Maze.GeneratorOptions(Full, Auto, List`1<MapArea>(P2x3;S4x7;Hall;fixed, P<empty>;S2x5;Hall;auto), PlayersWorlds.Maps.Areas.RandomAreaGenerator, PlayersWorlds.Maps.Maze.AldousBroderMazeGenerator)
┌───────────────────────────────┬───────┬───────┬───┬───┬───┬───────────────┬───┐
│         a   9   8   7   6     │       │       │   │   │   │ 49  48  47    │   │
├───────╴   ┌───────────┐   ╶───┘   ┌───┼───╴   ╵   ╵   │   └───┬───╴   ╶───┘   │
│ d   c   b │ 0   1   2 │ 5         │   │               │       │     46  45    │
│   ┌───┬───┼───────┐   ╵   ╷   ╷   │   └───────┐   ╷   │   ┌───┴───────┐   ╶───┤
│ e │   │   │       │ 3   4 │   │   │           │   │   │   │           │ 44  43│
│   ╵   │   ╵   ┌───┴───╴   ├───┴───┴───┬───╴   ╵   └───┤   ╵   ╶───┬───┼───╴   │
│ f   10│       │           │           │               │           │   │     42│
│   ╷   ╵   ┌───┴───┬───────┤   ┼   ┼   ╵   ┌───────╴   ├───────┐   │   └───╴   │
│   │ 11    │       │       │               │           │       │   │         41│
│   │   ╶───┤   ┼   │   ╶───┤   ┼   ┼   ╷   │   ╶───────┘   ┼   ╵   └───────╴   │
│   │ 12    │       │       │           │   │                 3c  3d  3e  3f  40│
├───┘   ╶───┘   ┼   │   ╶───┤   ┼   ┼   │   │   ┼   ┼   ╷   ┼   ┼   ┼   ┼   ╶───┤
│     13            │       │           │   │           │     3b                │
├───┐   ╷   ╷   ┼   │   ╶───┤   ┼   ┼   ├───┘   ┼   ┼   ╵   ┼   ┼   ┼   ┼   ╷   │
│   │ 14│   │       │       │           │             38  39  3a            │   │
│   ╵   │   │   ┼   │   ┌───┤   ┼   ┼   ├───╴   ┼   ┼   ╷   ┼   ┼   ┼   ┼   ╵   │
│     15│   │       │   │   │           │         36  37│                       │
│   ╷   └───┴───────┘   ╵   ├───────────┤   ╷   ┼   ┼   │   ┼   ┼   ┼   ┼   ┼   │
│   │ 16  17  18  19  1a  1b│     1f  20│   │ 34  35    │                       │
│   └───┬───────────────┐   └───╴   ╷   │   ╵   ┼   ┼   │   ┼   ┼   ┼   ┼   ╷   │
│       │               │ 1c  1d  1e│ 21│     33        │                   │   │
├───╴   │   ┼   ┼   ┼   │   ┌───────┤   ├───╴   ┌───────┼───╴   ╷   ╶───╴   │   │
│       │               │   │       │ 22│     32│       │       │           │   │
│   ╶───┤   ┼   ┼   ┼   │   │   ┌───┘   ├───╴   ├───┐   └───────┴───┬───────┘   │
│       │               │   │   │ 24  23│     31│   │               │           │
├───────┤   ┼   ┼   ┼   ├───┤   ╵   ╶───┼───╴   │   ╵   ╷   ┌───────┴───┐   ╷   │
│       │               │   │ 26  25    │ 2f  30│       │   │           │   │   │
│   ┼   │   ┼   ┼   ┼   │   ╵   ╷   ╶───┤   ╷   ├───┐   │   └───────┐   ╵   └───┤
│       │               │     27│       │ 2e│   │   │   │           │           │
│   ╶───┤   ┼   ┼   ┼   ├───╴   ├───────┘   │   ╵   ╵   │   ┌───╴   ╵   ╶───┬───┤
│       │               │     28│ 2b  2c  2d│           │   │               │   │
│   ╶───┤   ┼   ┼   ┼   ├───╴   ╵   ╶───┬───┴───┬───╴   │   └───────────┐   │   │
│       │               │     29  2a    │       │       │               │   │   │
├───┬───┘   ┌───────────┼───╴   ╶───────┤   ╷   │   ┌───┴───────┬───┬───┤   ╵   │
│   │       │           │               │   │   │   │           │   │   │       │
│   ╵   ┌───┘   ┼   ╶───┴───┐   ╷   ┼   │   └───┘   │   ┼   ┼   │   │   └───╴   │
│       │                   │   │       │           │           │   │           │
│   ╶───┘   ╶───────────┐   ╵   └───────┴───────────┴───╴   ╶───┘   │   ╶───────┤
│                       │                                           │           │
└───────────────────────┴───────────────────────────────────────────┴───────────┘

AldousBroderMazeGenerator: Generating maze 20x20 with PlayersWorlds.Maps.Maze.GeneratorOptions(Full, Auto, List`1<MapArea>(P2x3;S4x7;Hall;fixed, P<empty>;S2x5;Hall;auto), PlayersWorlds.Maps.Areas.RandomAreaGenerator, PlayersWorlds.Maps.Maze.AldousBroderMazeGenerator)
┌───────────┬───────┬───┬───┬───────┬───────────┬───────────────┬───────────┬───┐
│           │       │   │   │       │           │ 54  55  56    │           │   │
├───┐   ╷   ╵   ╶───┤   ╵   └───╴   └───────╴   ╵   ╷   ╷   ┌───┘   ╷   ╷   ╵   │
│   │   │           │ 4c  4d  4e  4f  50  51  52  53│   │ 57│       │   │       │
│   ╵   │   ┌───┬───┤   ╷   ╷   ╶───────┬───────────┴───┴───┼───────┴───┴───────┤
│       │   │   │   │ 4b│   │           │                   │                   │
│   ╶───┴───┘   │   ╵   └───┼───────┐   │                   │   ┼   ┼   ┼   ┼   │
│ 41  42  43  44│ 49  4a    │       │   │                   │                   │
│   ┌───────╴   │   ┌───┐   │   ┼   │   │                   │   ┼   ┼   ┼   ┼   │
│ 40│         45│ 48│   │   │       │   │                   │                   │
│   │   ┼   ╷   ╵   │   └───┤   ┼   ├───┤                   │   ┼   ┼   ┼   ┼   │
│ 3f│       │ 46  47│       │       │   │                   │                   │
│   │   ┼   ├───┬───┴───╴   │   ┼   ╵   │                   │   ┼   ┼   ┼   ┼   │
│ 3e│       │   │           │           │                   │                   │
│   ├───────┤   ├───┐   ╷   │   ┼   ╷   │                   │   ┼   ┼   ┼   ┼   │
│ 3d│ 3a  39│   │   │   │   │       │   │                   │                   │
│   ╵   ╷   ╵   ╵   │   │   └───────┤   └───────────┬───┬───┴───┐   ╶───┬───────┤
│ 3c  3b│ 38  37    │   │ 32  31  30│               │   │ 24  23│ 20  1f│       │
│   ┌───┤   ╷   ╶───┴───┘   ╷   ╷   └───┬───╴   ╷   ╵   │   ╷   ╵   ╷   ╵   ╷   │
│   │   │   │ 36  35  34  33│   │ 2f  2e│       │ 29  28│ 25│ 22  21│ 1e  1d│   │
│   ╵   ├───┴───────────┬───┼───┴───┐   └───────┘   ╷   ╵   │   ┌───┘   ╷   └───┤
│       │               │   │       │ 2d  2c  2b  2a│ 27  26│   │       │ 1c  1b│
├───────┤   ┼   ┼   ┼   │   │   ╷   ╵   ╶───────┬───┴───────┴───┴───────┼───╴   │
│       │               │   │   │               │ 5   4   3   2   1   0 │ 19  1a│
│   ┼   │   ┼   ┼   ┼   │   ├───┘   ┌───┬───╴   │   ┼   ┼   ┼   ┼   ┼   │   ╷   │
│       │               │   │       │   │       │ 6                     │ 18│   │
│   ┌───┤   ┼   ┼   ┼   │   ╵   ╶───┤   ├───┬───┤   ┼   ┼   ┼   ┼   ┼   │   │   │
│   │   │               │           │   │   │   │ 7                     │ 17│   │
│   ╵   │   ┼   ┼   ┼   │   ╶───┐   ╵   ╵   │   │   ╶───┬───┬───┬───┬───┘   └───┤
│       │               │       │           │   │ 8     │   │   │   │     16  15│
│   ┌───┤   ┼   ┼   ┼   │   ╷   └───┬───┐   ╵   │   ╶───┘   ╵   ╵   ├───────┐   │
│   │   │               │   │       │   │       │ 9   a   b         │       │ 14│
├───┘   │   ┼   ┼   ┼   │   ├───────┤   ╵   ╶───┴───┬───╴   ╶───────┴───┐   │   │
│       │               │   │       │               │     c   d   e   f │   │ 13│
├───┬───┴───┬───┐   ╶───┴───┤       │   ╷   ╷   ┼   │   ┌───╴   ╶───┐   ╵   ╵   │
│   │       │   │           │       │   │   │       │   │           │ 10  11  12│
│   │   ┼   ╵   ╵   ┼   ╶───┼───────┤   │   └───┬───┤   │   ╶───┐   │   ╶───────┤
│   │                       │       │   │       │   │   │       │   │           │
│   └───────────╴   ╶───┐   ╵   ╶───┘   │   ╷   ╵   ├───┴───╴   │   │   ╶───────┤
│                       │               │   │       │           │   │           │
└───────────────────────┴───────────────┴───┴───────┴───────────┴───┴───────────┘

AldousBroderMazeGenerator: Generating maze 20x20 with PlayersWorlds.Maps.Maze.GeneratorOptions(Full, Auto, List`1<MapArea>(P2x3;S4x7;Hall;fixed, P<empty>;S2x5;Hall;auto), PlayersWorlds.Maps.Areas.RandomAreaGenerator, PlayersWorlds.Maps.Maze.AldousBroderMazeGenerator)
┌───────────────┬───────────────────┬───────┬───────┬───┬───────┬───────────────┐
│               │                   │ 28  27│ 24  23│   │       │ 1b  1a        │
├───┐   ╶───┬───┴───╴   ┌───────┬───┘   ╷   ╵   ╷   ╵   │   ╶───┘   ╷   ╷   ┌───┤
│   │       │           │       │ 2a  29│ 26  25│ 22  21│ 1e  1d  1c│ 19│   │   │
│   │   ┼   ├───────╴   ╵   ╶───┘   ┌───┴───┐   │   ╷   ╵   ╶───┬───┘   └───┘   │
│   │       │                 2c  2b│       │   │   │ 20  1f    │     18  17    │
│   │   ┼   │   ┌───┐   ┼   ┼   ┌───┼───╴   ├───┼───┤   ╷   ┌───┴───┐   ╷   ┌───┤
│   │       │   │   │         2d│   │       │   │   │   │   │       │   │ 16│   │
├───┤   ┼   ├───┘   ╵   ┼   ┼   ╵   └───┐   ╵   ╵   ╵   └───┴───────┼───┤   │   │
│   │       │                 2e        │                           │   │ 15│   │
│   │   ┼   │   ╶───╴   ┼   ┼   ╶───┬───┴───┬───────────┬───────────┘   ╵   ╵   │
│   │       │                 2f  30│       │           │                 14  13│
│   └───┬───┴───────╴   ┌───╴   ╷   ╵   ╷   ╵   ┌───────┼───────────┬───────╴   │
│       │               │       │ 31    │       │       │           │         12│
│   ╶───┘   ╷   ╶───┬───┘   ╷   │   ╷   │   ┌───┼───╴   └───╴   ╷   ╵   ┌───╴   │
│           │       │       │   │ 32│   │   │   │               │       │     11│
├───╴   ╷   ├───────┴───┬───┴───┘   │   └───┘   └───┬───────────┴───────┴───┐   │
│       │   │           │     34  33│               │ 0                     │ 10│
├───────┘   ╵   ╶───┬───┴───┐   ╶───┼───────────┐   │   ┼   ┼   ┼   ┼   ┼   │   │
│                   │       │ 35  36│           │   │ 1                     │ f │
│   ┼   ┌───────────┴───┐   └───╴   │   ┼   ┼   ├───┤   ┼   ┼   ┼   ┼   ┼   │   │
│       │               │         37│           │   │ 2                     │ e │
│   ┼   │   ┼   ┼   ┼   ├───┬───╴   │   ┼   ┼   │   │   ┼   ┼   ┼   ┼   ┼   │   │
│       │               │   │     38│           │   │ 3                     │ d │
│   ╷   │   ┼   ┼   ┼   │   ├───╴   │   ┼   ┼   │   │   ┼   ┼   ┼   ┼   ┼   │   │
│   │   │               │   │ 3a  39│           │   │ 4   5   6   7         │ c │
├───┴───┤   ┼   ┼   ┼   │   ╵   ╶───┤   ╶───────┼───┴───┬───────╴   ╶───────┘   │
│       │               │ 3c  3b    │           │       │         8   9   a   b │
│   ╷   │   ┼   ┼   ┼   │   ╶───┐   ╵   ╷   ╶───┘   ┌───┴───┬───┬───╴   ╶───┐   │
│   │   │               │ 3d    │       │           │       │   │           │   │
├───┘   │   ┼   ┼   ┼   │   ┌───┼───╴   │   ┌───────┘   ╶───┘   ├───┐   ╷   └───┤
│       │               │ 3e│   │       │   │                   │   │   │       │
│   ╶───┤   ┼   ┼   ┼   ╵   ╵   └───────┴───┴───┬───────┬───╴   ╵   └───┼───────┤
│       │                 3f                    │       │               │ 53  52│
│   ╶───┴───┬───────────╴   ╷   ╷   ╷   ╷   ┼   ├───╴   ╵   ┼   ┼   ┼   └───╴   │
│           │             40│   │   │   │       │                 4e  4f  50  51│
│   ╷   ┼   └───╴   ╷   ┼   │   ├───┤   ├───┬───┴───╴   ╷   ┼   ┼   ┼   ╶───┬───┤
│   │               │     41│   │   │   │   │           │         4d        │   │
│   │   ┼   ╶───────┼───╴   └───┘   └───┘   └───────╴   ╵   ┼   ┼   ╷   ╷   ╵   │
│   │               │     42  43  44  45  46  47  48  49  4a  4b  4c│   │       │
└───┴───────────────┴───────────────────────────────────────────────┴───┴───────┘

AldousBroderMazeGenerator: Generating maze 20x20 with PlayersWorlds.Maps.Maze.GeneratorOptions(Full, Auto, List`1<MapArea>(P2x3;S4x7;Hall;fixed, P<empty>;S2x5;Hall;auto), PlayersWorlds.Maps.Areas.RandomAreaGenerator, PlayersWorlds.Maps.Maze.AldousBroderMazeGenerator)
┌───────────────────────┬───────┬───────────────────────────────────┬───────┬───┐
│                       │       │ 9   8   7   6   5   4             │       │   │
│   ╷   ╷   ┌───┬───┐   └───╴   │   ┌───────╴   ╷   ╷   ╶───────────┼───╴   ╵   │
│   │   │   │   │   │ f   e   d │ a │           │   │ 3   2   1   0 │           │
│   │   ├───┘   ╵   │   ┌───╴   ╵   └───┬───────┴───┴───────────────┴───┬───╴   │
│   │   │           │ 10│     c   b     │                               │       │
├───┴───┘   ┼   ┼   │   ├───┐   ╶───────┤                               ├───╴   │
│                   │ 11│   │           │                               │       │
├───────╴   ┼   ┼   ╵   │   ├───╴   ┌───┤                               ├───╴   │
│                 13  12│   │       │   │                               │       │
│   ╷   ┼   ┼   ┼   ╶───┘   └───────┘   │                               ├───────┤
│   │             14  15                │                               │       │
├───┘   ╶───┬───╴   ╷   ┌───────┬───╴   ├───────────────┬───────┬───────┘   ╷   │
│           │       │ 16│       │       │     22  23  24│       │           │   │
│   ╶───┐   │   ┌───┤   ╵   ╷   ├───────┴───╴   ┌───┐   ╵   ┌───┤   ╶───┐   └───┤
│       │   │   │   │ 17  18│   │         20  21│   │ 25    │   │       │       │
│   ┼   │   └───┤   └───╴   ├───┴───┬───╴   ╶───┘   │   ╶───┘   ╵   ╶───┼───┬───┤
│       │       │         19│       │     1f        │ 26  27  28        │   │   │
│   ┼   │   ╷   └───────╴   ╵   ╶───┴───╴   ┌───────┴───────┐   ╶───┬───┤   ╵   │
│       │   │             1a  1b  1c  1d  1e│               │ 29  2a│   │       │
│   ┼   ├───┴───────────┐   ╶───┬───────┬───┤               ├───╴   ╵   ╵   ╶───┤
│       │               │       │       │   │               │ 2c  2b            │
│   ┼   │   ┼   ┼   ┼   ├───╴   └───┐   ╵   │               │   ╶───────────────┤
│       │               │           │       │               │ 2d  2e  2f  30    │
├───┬───┤   ┼   ┼   ┼   ├───────┐   ╵   ╷   ├───┬───────┬───┴───┬───╴   ╷   ╷   │
│   │   │               │       │       │   │   │       │       │       │ 31│   │
│   ╵   │   ┼   ┼   ┼   ╵   ╷   └───╴   └───┘   ╵   ╶───┘   ┌───┘   ╷   │   └───┤
│       │                   │                               │       │   │ 32    │
│   ╷   │   ┼   ┼   ┼   ┌───┴───╴   ╶───┬───────────╴   ╶───┴───┐   ├───┘   ╷   │
│   │   │               │               │                       │   │     33│   │
├───┤   │   ┼   ┼   ┼   │   ┌───────┐   │   ╷   ╷   ╶───┐   ╶───┴───┴───┐   ├───┤
│   │   │               │   │       │   │   │   │       │               │ 34│   │
│   ╵   │   ┼   ┼   ┼   │   │   ┼   ├───┼───┴───┴───┬───┤   ┼   ┼   ┼   ├───┘   │
│       │               │   │       │   │           │   │               │       │
├───┬───┼───────┬───────┘   │   ┼   ╵   │   ┼   ┼   ╵   │   ┼   ┼   ┼   │   ╶───┤
│   │   │       │           │           │               │               │       │
│   │   │   ┼   ╵   ╶───┐   └───────╴   ├───┬───────┬───┴───┬───────┬───┘   ╷   │
│   │   │               │               │   │       │       │       │       │   │
│   ╵   ╵   ┼   ╶───┬───┴───────╴   ╶───┘   ╵   ╷   └───┐   └───╴   ╵   ╶───┴───┤
│                   │                           │       │                       │
└───────────────────┴───────────────────────────┴───────┴───────────────────────┘

AldousBroderMazeGenerator: Generating maze 20x20 with PlayersWorlds.Maps.Maze.GeneratorOptions(Full, Auto, List`1<MapArea>(P2x3;S4x7;Hall;fixed, P<empty>;S2x5;Hall;auto), PlayersWorlds.Maps.Areas.RandomAreaGenerator, PlayersWorlds.Maps.Maze.AldousBroderMazeGenerator)
┌───┬───┬───────┬───────┬───────┬───────┬───────────────┬───┬───────────────────┐
│   │   │       │       │       │       │         2d  2e│   │                   │
│   ╵   ╵   ╶───┘   ┌───┘   ╷   ╵   ┌───┼───────╴   ╷   ╵   └───┬───────┐   ╷   │
│                   │       │       │   │     2b  2c│ 2f  30  31│       │   │   │
├───┬───╴   ╶───────┴───────┴───┐   ╵   └───╴   ┌───┴───┬───╴   └───╴   ╵   │   │
│   │ 12  13  14  15  16  17  18│             2a│       │     32            │   │
│   ╵   ╶───────┬───╴   ╶───┐   │   ┌───┐   ╷   │   ╷   ├───╴   ╶───────────┴───┤
│     11  10  f │           │ 19│   │   │   │ 29│   │   │     33  34  35        │
│   ┌───────┐   │   ┼   ┼   │   ├───┘   └───┘   ╵   └───┤   ╶───────┐   ╶───────┤
│   │       │ e │           │ 1a│ 25  26  27  28        │           │ 36  37  38│
│   ╵   ┼   │   │   ┼   ┼   │   │   ╶───────┬───────────┴───────────┴───┬───╴   │
│           │ d │           │ 1b│ 24  23  22│                           │ 3a  39│
│   ╷   ┼   │   │   ┼   ┼   │   └───┬───┐   │                           │   ╶───┤
│   │       │ c │           │ 1c    │   │ 21│                           │ 3b  3c│
│   │   ┼   │   │   ┼   ┼   │   ╶───┘   ╵   │                           ├───┐   │
│   │       │ b │           │ 1d  1e  1f  20│                           │   │ 3d│
│   │   ┼   │   │   ┼   ┼   │   ╷   ╷   ╷   │                           │   ╵   │
│   │       │ a │           │   │   │   │   │                           │ 3f  3e│
├───┼───────┘   └───────────┼───┼───┼───┤   │                           │   ╶───┤
│   │ 7   8   9             │   │   │   │   │                           │ 40  41│
│   ╵   ┌───────────────┬───┘   ╵   ╵   │   │                           ├───╴   │
│     6 │ 61            │               │   │                           │ 43  42│
├───┐   │   ┼   ┼   ┼   ├───╴   ╷   ╶───┴───┤                           │   ┌───┤
│ 0 │ 5 │ 60            │       │           │                           │ 44│   │
│   │   │   ┼   ┼   ┼   │   ╶───┼───────┬───┴───────────────────────────┘   ╵   │
│ 1 │ 4 │ 5f            │       │       │             4a  49  48  47  46  45    │
│   ╵   │   ┼   ┼   ┼   ├───╴   │   ╶───┼───────────╴   ╷   ╶───┐   ╷   ┌───┐   │
│ 2   3 │ 5e            │       │       │ 4e  4d  4c  4b│       │   │   │   │   │
├───┐   │   ┼   ┼   ┼   ├───┐   └───╴   │   ╷   ╶───┐   └───────┼───┴───┘   ╵   │
│   │   │ 5d            │   │           │ 4f│       │           │               │
│   │   │   ┼   ┼   ┼   │   └───────┐   │   │   ╷   ├───────────┴───────────┐   │
│   │   │ 5c            │ 56  55    │   │ 50│   │   │                       │   │
├───┼───┤   ┼   ┼   ┼   ╵   ╷   ╶───┘   ╵   └───┼───┤   ┼   ┼   ┼   ┼   ┼   │   │
│   │   │ 5b  5a  59  58  57│ 54  53  52  51    │   │                       │   │
│   │   └───────┬───────┐   │   ╷   ╷   ┼   ┼   ╵   │   ┼   ┼   ┼   ┼   ┼   │   │
│   │           │       │   │   │   │               │                       │   │
│   ╵   ╷   ╷   ╵   ┼   └───┘   ├───┼───╴   ┌───┐   └───╴   ╶───────────┬───┴───┤
│       │   │                   │   │       │   │                       │       │
├───────┘   │   ╶───╴   ╶───────┘   └───────┤   ╵   ╷   ┌───────────┐   └───╴   │
│           │                               │       │   │           │           │
└───────────┴───────────────────────────────┴───────┴───┴───────────┴───────────┘

AldousBroderMazeGenerator: Generating maze 20x20 with PlayersWorlds.Maps.Maze.GeneratorOptions(Full, Auto, List`1<MapArea>(P2x3;S4x7;Hall;fixed, P<empty>;S2x5;Hall;auto), PlayersWorlds.Maps.Areas.RandomAreaGenerator, PlayersWorlds.Maps.Maze.AldousBroderMazeGenerator)
┌───────┬───────┬───────────────┬───────────────────┬───────────┬───────────────┐
│       │       │               │                   │           │               │
│   ╷   ╵   ┌───┘   ╶───────┬───┘   ┌───────────┐   ╵   ╷   ┌───┼───╴   ╷   ╶───┤
│   │       │               │       │           │       │   │   │       │       │
│   │   ╷   ╵   ┌───────┐   ╵   ╷   │           ├───╴   └───┤   ├───┬───┘   ╷   │
│   │   │       │       │       │   │           │           │   │   │       │   │
│   │   │   ┌───┤   ┼   ├───┬───┴───┤           │   ╶───────┤   ╵   ╵   ╷   │   │
│   │   │   │   │       │   │       │           │           │           │   │   │
│   ├───┤   ╵   │   ┼   ╵   │   ┼   │           │   ╷   ╷   ╵   ╷   ╷   ├───┤   │
│   │   │       │           │       │           │   │   │       │   │   │   │   │
│   │   ╵   ╶───┤   ┼   ╷   │   ┼   │           ├───┴───┴───────┼───┘   │   ╵   │
│   │           │       │   │       │           │               │       │       │
│   │   ┌───┬───┤   ┼   │   │   ╶───┤           ├───╴   ┌───┐   ╵   ╷   ├───┐   │
│   │   │   │   │       │   │       │           │       │   │       │   │   │   │
│   │   │   ╵   ├───────┘   └───╴   └───────────┼───╴   ╵   ├───╴   │   │   ╵   │
│   │   │       │                               │           │       │   │       │
│   │   │   ╷   └───╴   ┌───╴   ╶───┐   ╶───────┤   ┌───────┴───────┴───┴───┐   │
│   │   │   │           │           │           │   │                       │   │
│   ╵   │   │   ╷   ╷   │   ╷   ┌───┘   ╶───┐   │   │   ┼   ┼   ┼   ┼   ┼   │   │
│       │   │   │   │   │   │   │           │   │   │                       │   │
│   ┼   ├───┴───┴───┴───┼───┘   ├───╴   ╶───┼───┤   ╵   ┼   ┼   ┼   ┼   ┼   │   │
│       │               │       │           │   │                           │   │
│   ┼   │   ┼   ┼   ┼   │   ╷   │   ╶───┬───┤   ╵   ╶───────┬───┬───────┬───┘   │
│       │               │   │   │       │   │               │   │       │       │
├───╴   │   ┼   ┼   ┼   │   └───┴───┬───┘   ╵   ┌───────────┘   ╵   ╶───┴───╴   │
│       │               │           │           │                               │
└───────┤   ┼   ┼   ┼   │   ╶───┐   └───┬───┐   └───╴   ┼   ┼   ┼   ┼   ┼   ┌───┤
        │               │       │       │   │                               │   │
        │   ┼   ┼   ┼   │   ╶───┴───┐   ╵   ├───╴   ╷   ┼   ┼   ┼   ┼   ┼   │   │
        │               │           │       │       │                       │   │
┌───────┤   ┼   ┼   ┼   ├───┬───┐   └───┐   └───┬───┘   ╶───────────┬───┐   ╵   │
│ f   e │               │   │   │       │       │                   │   │       │
├───╴   │   ┼   ┼   ┼   ╵   │   └───╴   ├───╴   ╵   ╷   ╷   ╶───┐   ╵   └───┐   │
│ c   d │                   │           │           │   │       │           │   │
│   ┌───┼───────────────┐   ╵   ╷   ┌───┴───╴   ╶───┴───┼───────┴───┐   ┌───┴───┤
│ b │   │               │       │   │                   │           │   │       │
│   │   └───────┐   ┼   ├───┐   │   │   ┼   ┌───╴   ╶───┤   ┼   ┼   │   └───┐   │
│ a │ 7   6   5 │       │   │   │   │       │           │           │       │   │
│   ╵   ┌───╴   └───────┘   └───┤   └───┬───┴───╴   ╷   ├───────╴   ╵   ╷   ╵   │
│ 9   8 │     4   3   2   1   0 │       │           │   │               │       │
└───────┴───────────────────────┴───────┴───────────┴───┴───────────────┴───────┘

AldousBroderMazeGenerator: Generating maze 20x20 with PlayersWorlds.Maps.Maze.GeneratorOptions(Full, Auto, List`1<MapArea>(P2x3;S4x7;Hall;fixed, P<empty>;S2x5;Hall;auto), PlayersWorlds.Maps.Areas.RandomAreaGenerator, PlayersWorlds.Maps.Maze.AldousBroderMazeGenerator)
┌───┬───────────┬───────┬───────────────────────────┬───────────┬───────┬───────┐
│   │           │       │                           │           │       │       │
│   └───────┐   └───╴   ╵   ┌───╴   ╷   ╶───┐   ┌───┴───╴   ┌───┴───╴   └───╴   │
│           │               │       │       │   │ 1c  1b    │             14  13│
│   ╷   ╶───┴───────┬───╴   └───┐   │   ┌───┴───┘   ╷   ╶───┴───────────╴   ╷   │
│   │               │           │   │   │ 1f  1e  1d│ 1a  19  18  17  16  15│ 12│
│   ├───────┬───┐   ├───────────┘   └───┤   ┌───────┴───╴   ┌───╴   ╷   ╶───┤   │
│   │       │   │   │                   │ 20│               │       │       │ 11│
│   │   ┼   │   ╵   │   ┼   ┼   ╷   ┌───┘   ├───────────────┴───────┴───┐   │   │
│   │       │       │           │   │ 22  21│ 0                         │   │ 10│
├───┘   ┼   │   ╶───┤   ┼   ┼   │   ╵   ╷   │   ┼   ┼   ┼   ┼   ┼   ┼   ├───┘   │
│           │       │           │     23│   │ 1                         │ e   f │
│   ╷   ┼   ├───╴   │   ┼   ┼   │   ╷   └───┤   ┼   ┼   ┼   ┼   ┼   ┼   │   ┌───┤
│   │       │       │           │   │ 24  25│ 2                         │ d │   │
├───┤   ┼   │   ╶───┤   ┼   ┼   │   ├───┐   │   ┼   ┼   ┼   ┼   ┼   ┼   │   ╵   │
│   │       │ 37  36│           │   │   │ 26│ 3                         │ c     │
│   └───────┘   ╷   │   ┼   ┼   ├───┤   ╵   │   ┼   ┼   ┼   ┼   ┼   ┼   ╵   ┌───┤
│ 3b  3a  39  38│ 35│           │   │     27│ 4   5   6   7   8   9   a   b │   │
│   ╷   ╶───┐   │   └───────────┘   │   ╷   │   ┼   ┼   ┼   ┼   ┼   ┼   ╷   ╵   │
│ 3c│       │   │ 34  33  32  31    │   │ 28│                           │       │
│   └───┬───┴───┴───────┐   ╷   ┌───┴───┘   │   ┼   ┼   ┼   ┼   ┼   ┼   │   ╷   │
│ 3d  3e│ 59            │   │ 30│ 2b  2a  29│                           │   │   │
├───╴   │   ┼   ┼   ┼   │   │   │   ╷   ╶───┼───────────┬───┬───┬───────┴───┤   │
│ 40  3f│ 58            │   │ 2f│ 2c│       │           │   │   │           │   │
│   ╷   │   ┼   ┼   ┼   ├───┤   ╵   └───┐   ╵   ╷   ╷   ╵   ╵   ╵   ╶───┐   │   │
│ 41│   │ 57            │   │ 2e  2d    │       │   │                   │   │   │
│   └───┤   ┼   ┼   ┼   │   ╵   ╷   ╶───┤   ╷   ├───┴───────────┐   ┌───┤   └───┤
│ 42  43│ 56            │       │       │   │   │               │   │   │       │
├───╴   │   ┼   ┼   ┼   │   ╶───┴───────┤   │   │   ┼   ┼   ┼   ├───┤   └───┐   │
│     44│ 55            │               │   │   │               │   │       │   │
├───╴   │   ┼   ┼   ┼   ├───┐   ┼   ┼   │   │   │   ┼   ┼   ┼   ╵   │   ╷   ╵   │
│ 46  45│ 54            │   │           │   │   │                   │   │       │
│   ┌───┤   ┼   ┼   ┼   │   ├───────┬───┴───┘   └───────┬───┬───╴   └───┤   ╶───┤
│ 47│   │ 53  52  51  50│   │       │                   │   │           │       │
│   │   └───────────╴   ╵   │   ╶───┴───────────┬───╴   │   ├───┬───╴   ├───────┤
│ 48│ 4b  4c  4d  4e  4f    │                   │       │   │   │       │       │
│   ╵   ┌───╴   ╶───┐   ╶───┘   ╷   ┌───┬───┐   │   ╷   │   ╵   ╵   ┌───┘   ╷   │
│ 49  4a│           │           │   │   │   │   │   │   │           │       │   │
├───╴   │   ┼   ┼   ├───╴   ┌───┴───┘   ╵   └───┴───┘   ╵   ╶───┬───┘   ╶───┤   │
│       │           │       │                                   │           │   │
└───────┴───────────┴───────┴───────────────────────────────────┴───────────┴───┘

AldousBroderMazeGenerator: Generating maze 20x20 with PlayersWorlds.Maps.Maze.GeneratorOptions(Full, Auto, List`1<MapArea>(P2x3;S4x7;Hall;fixed, P<empty>;S2x5;Hall;auto), PlayersWorlds.Maps.Areas.RandomAreaGenerator, PlayersWorlds.Maps.Maze.AldousBroderMazeGenerator)
┌───────────────────┬───────────┬───┬───┬───┬───────────────────────┬───────────┐
│                   │           │   │   │   │         a   9   8     │ 4   3   2 │
├───╴   ╷   ╶───────┼───┐   ╷   ╵   ╵   ╵   └───┬───╴   ╷   ╷   ╶───┘   ┌───╴   │
│       │           │   │   │                   │ c   b │   │ 7   6   5 │ 0   1 │
│   ┌───┴───┐   ╶───┘   ╵   ├───────────┐   ┌───┘   ┌───┼───┤   ╷   ╷   ├───────┤
│   │       │               │           │   │ e   d │   │   │   │   │   │       │
│   │   ┼   │   ┌───────┐   │   ┼   ┼   │   │   ╶───┘   ╵   └───┴───┴───┘   ╷   │
│   │       │   │       │   │           │   │ f   10                        │   │
│   │   ┼   └───┤   ┼   │   │   ┼   ┼   ├───┘   ╷   ┼   ┼   ┼   ┼   ┼   ╶───┤   │
│   │           │       │   │           │       │ 11                        │   │
│   │   ┼   ╷   │   ┼   ╵   │   ┼   ┼   ╵   ╷   │   ┼   ┼   ┼   ┼   ┼   ╶───┴───┤
│   │       │   │           │               │   │ 12                            │
│   │   ┼   │   └───────╴   └───┬───────╴   └───┘   ┼   ┌───╴   ┌───────╴   ╶───┤
│   │       │                   │                 13    │       │               │
│   └───┬───┤   ╶───────┐   ┌───┘   ┌───────┐   ╷   ╶───┼───╴   │   ┌───┬───────┤
│       │   │           │   │       │       │   │ 14  15│       │   │   │       │
│   ╷   │   ├───────╴   │   ╵   ╷   ╵   ┌───┴───┘   ╷   │   ╷   │   ╵   └───┐   │
│   │   │   │           │       │       │           │ 16│   │   │           │   │
│   ├───┘   ╵   ╷   ╷   └───────┤   ┌───┴───┬───────┘   ├───┘   │   ┌───╴   │   │
│   │           │   │           │   │       │         17│       │   │       │   │
│   └───┬───────┴───┴───┬───────┼───┴───┐   ╵   ╶───╴   └───────┘   └───╴   ╵   │
│       │ 39            │       │       │             18                        │
│   ┼   │   ┼   ┼   ┼   │   ╶───┤       ├───┬───╴   ┼   ┼   ┼   ┼   ┼   ╷   ╶───┤
│       │ 38            │       │       │   │         19                │       │
│   ┼   │   ┼   ┼   ┼   ├───╴   │       │   ├───╴   ┼   ┼   ┼   ┼   ┼   │   ╶───┤
│       │ 37            │       │       │   │         1a                │       │
│   ┌───┤   ┼   ┼   ┼   └───┐   └───┬───┘   ╵   ╷   ╷   ╶───┬───────────┼───╴   │
│   │   │ 36  35  34  33  32│       │           │   │ 1b    │           │       │
│   ╵   │   ┼   ┼   ┼   ╷   ╵   ╶───┼───────────┤   │   ╶───┘   ┌───┐   ├───╴   │
│       │               │ 31  30  2f│           │   │ 1c  1d    │   │   │       │
│   ╷   │   ┼   ┼   ┼   ├───────╴   │   ╶───┐   └───┼───╴   ┌───┘   ╵   ╵   ┌───┤
│   │   │               │ 2c  2d  2e│       │       │     1e│               │   │
├───┘   │   ┼   ┼   ┼   │   ┌───────┴───────┼───┐   └───╴   ├───────────────┤   │
│       │               │ 2b│               │   │     20  1f│               │   │
│   ┌───┼───────────┬───┘   └───┐   ┼   ╶───┘   ╵   ┼   ┼   │   ┼   ┼   ┼   │   │
│   │   │           │     2a    │ 26  25  24  23  22  21    │               │   │
│   ╵   ╵   ┼   ╷   ├───╴   ╶───┘   ╷   ╶───┬───┬───┐   ╶───┤   ┼   ┼   ┼   │   │
│               │   │     29  28  27│       │   │   │       │               │   │
├───╴   ╶───╴   │   ╵   ╷   ┌───────┘   ┌───┘   ╵   ╵   ╷   ╵   ╶───────────┘   │
│               │       │   │           │               │                       │
└───────────────┴───────┴───┴───────────┴───────────────┴───────────────────────┘

AldousBroderMazeGenerator: Generating maze 20x20 with PlayersWorlds.Maps.Maze.GeneratorOptions(Full, Auto, List`1<MapArea>(P2x3;S4x7;Hall;fixed, P<empty>;S2x5;Hall;auto), PlayersWorlds.Maps.Areas.RandomAreaGenerator, PlayersWorlds.Maps.Maze.AldousBroderMazeGenerator)
┌───────────────────────────┬───────┬───────┬───────┬───────┬───┬───────────────┐
│                           │       │ 19  1a│ 1d  1e│ 21  22│   │ 26  27  28  29│
│   ╶───┐   ╷   ╷   ╶───┐   ├───╴   ╵   ╷   ╵   ╷   ╵   ╷   ╵   ╵   ╶───────┐   │
│       │   │   │       │   │ 16  17  18│ 1b  1c│ 1f  20│ 23  24  25        │ 2a│
├───────┘   └───┼───┐   └───┘   ╶───────┴───┬───┴───────┴───────────────┬───┘   │
│               │   │         15            │                           │ 2c  2b│
│   ┌───────┬───┘   │   ┼   ┼   ╷   ╷   ╶───┤                           │   ╶───┤
│   │       │       │         14│   │       │                           │ 2d    │
│   │   ┼   │   ╷   │   ┼   ┼   │   ├───────┤                           │   ╷   │
│   │       │   │   │         13│   │       │                           │ 2e│   │
│   │   ┼   │   │   ╵   ┼   ┼   ├───┤   ╶───┤                           │   │   │
│   │       │   │             12│   │       │                           │ 2f│   │
│   │   ┼   │   └───┐   ┼   ┼   │   └───────┤                           │   └───┤
│   │       │       │         11│           │                           │ 30  31│
│   │   ┼   └───────┤   ┼   ┼   │   ┌───────┤                           ├───╴   │
│   │               │         10│   │       │                           │ 33  32│
│   ├───────╴   ╷   ╵   ╶───╴   │   └───┐   │                           │   ╶───┤
│   │           │             f │       │   │                           │ 34  35│
│   ├───╴   ┌───┘   ╷   ╶───┐   ╵   ╷   ╵   ├───────┬───┬───────────┬───┴───╴   │
│   │       │       │       │ e   d │       │       │   │           │ 38  37  36│
│   ╵   ┌───┴───────┴───┐   ├───╴   └───────┤   ╶───┘   ├───╴   ╷   │   ╷   ┌───┤
│       │ 0             │   │ b   c         │           │ 3e  3d│   │ 39│   │   │
├───╴   │   ┼   ┼   ┼   ├───┘   ╷   ┌───╴   └───┬───╴   ╵   ╷   └───┘   │   ╵   │
│       │ 1             │     a │   │           │     40  3f│ 3c  3b  3a│       │
│   ┼   │   ┼   ┼   ┼   ├───╴   └───┴───────┬───┘   ╷   ╶───┤   ┌───────┼───┬───┤
│       │ 2             │ 8   9             │       │ 41  42│   │       │   │   │
│   ┼   │   ┼   ┼   ┼   ╵   ╷   ┌───╴   ╷   ├───────┴───╴   └───┴───╴   │   ╵   │
│       │ 3   4   5   6   7 │   │       │   │             43            │       │
├───────┤   ┼   ┼   ┼   ┌───┴───┴───────┤   ├───╴   ┼   ┼   ┼   ┼   ┼   └───╴   │
│ 5e  5f│               │               │   │             44                    │
│   ╷   │   ┼   ┼   ┼   │   ╷   ┌───┐   │   │   ╷   ┼   ┼   ┼   ┼   ┼   ┌───┐   │
│ 5d│ 60│               │   │   │   │   │   │   │ 47  46  45            │   │   │
│   └───┤   ┼   ┼   ┼   ├───┘   │   ╵   │   ├───┘   ┼   ┼   ┼   ┼   ┼   │   ╵   │
│ 5c  5b│               │       │       │   │     48                    │       │
│   ╷   ├───┬───────────┴───┐   ╵   ┼   │   └───┐   ┼   ┼   ┼   ┼   ┼   ╵   ╶───┤
│   │ 5a│   │     55  54  53│           │       │ 49                            │
├───┤   ╵   └───╴   ╷   ┼   │   ╶───────┴───────┘   ╷   ╷   ╷   ╶───┬───────╴   │
│   │ 59  58  57  56│     52│ 4f  4e  4d  4c  4b  4a│   │   │       │           │
│   ╵   ╶───────┐   └───┐   ╵   ╷   ╷   ┌───╴   ╶───┘   └───┼───╴   └───╴   ╷   │
│               │       │ 51  50│   │   │                   │               │   │
└───────────────┴───────┴───────┴───┴───┴───────────────────┴───────────────┴───┘

AldousBroderMazeGenerator: Generating maze 20x20 with PlayersWorlds.Maps.Maze.GeneratorOptions(Full, Auto, List`1<MapArea>(P2x3;S4x7;Hall;fixed, P<empty>;S2x5;Hall;auto), PlayersWorlds.Maps.Areas.RandomAreaGenerator, PlayersWorlds.Maps.Maze.AldousBroderMazeGenerator)
┌───────────────────────────────────────────────────────────────────┬───────────┐
│ a   b   c   d   e   f   10  11  12  13  14  15  16  17  18        │           │
│   ╶───────┬───────┬───┬───────╴   ┌───╴   ┌───┐   ╶───┐   ╶───────┤   ╶───────┤
│ 9   8   7 │       │   │           │       │   │       │ 19  1a  1b│           │
├───────╴   │   ┼   │   └───┐   ┌───┴───────┘   ├───────┴───┬───╴   └───╴   ╷   │
│     5   6 │       │       │   │               │           │     1c        │   │
│   ╷   ╶───┤   ┼   ├───╴   ╵   │   ┼   ┼   ╷   │   ┼   ┼   │   ┼   ┼   ┼   ╵   │
│   │ 4     │       │           │           │   │           │     1d            │
├───┘   ╶───┤   ┼   ╵   ┌───╴   │   ┼   ┼   │   │   ┼   ┼   │   ╷   ┼   ┼   ┼   │
│     3     │           │       │           │   │           │   │ 1e  1f        │
├───╴   ╶───┤   ┼   ╷   │   ╶───┤   ┼   ┼   │   │   ┼   ┼   │   │   ┼   ┼   ╶───┤
│     2     │       │   │       │           │   │           │   │     20        │
├───┐   ╶───┼───────┤   │   ╷   │   ┼   ┼   │   │   ┼   ┼   │   ╵   ┼   ┼   ╶───┤
│   │ 1   0 │       │   │   │   │           │   │           │         21        │
│   ├───────┤       │   └───┤   │   ┼   ┼   │   ╵   ┼   ┼   │   ╷   ┼   ┼   ╶───┤
│   │       │       │       │   │           │               │   │     22        │
│   ╵   ╶───┤       ├───────┼───┴───┬───┬───┘   ┌───┬───────┴───┴───┐   ╷   ╷   │
│           │       │       │       │   │       │   │               │ 23│   │   │
├───╴   ╶───┴───────┘   ╶───┘   ╷   │   │   ╷   ╵   ╵   ╷   ╷   ╶───┤   └───┼───┤
│     44  43  42  41  40  3f    │   │   │   │           │   │       │ 24  25│   │
├───╴   ┌───────────────╴   ╶───┴───┘   └───┴───────┬───┤   ├───┐   └───╴   │   │
│     45│                 3e  3d  3c  3b  3a  39  38│   │   │   │         26│   │
├───╴   │   ┼   ┼   ┼   ╷   ╶───┬───────────┐   ╷   ╵   └───┤   └───────╴   ╵   │
│ 47  46│               │       │           │   │ 37  36    │         28  27    │
│   ╶───┤   ┼   ┼   ┼   │   ╶───┴───╴   ┌───┼───┘   ┼   ╶───┴───────┐   ╶───────┤
│ 48  49│               │               │   │         35  34  33    │ 29  2a  2b│
│   ┼   │   ┼   ┼   ┼   ├───────┬───╴   │   ├───╴   ┼   ┼   ┼   ╶───┼───────╴   │
│     4a│               │       │       │   │                 32  31│ 2e  2d  2c│
├───╴   │   ┼   ┼   ┼   ├───┐   │   ┌───┤   └───╴   ╶───────────┐   ╵   ┌───────┤
│     4b│               │   │   │   │   │                       │ 30  2f│       │
├───╴   │   ┼   ┼   ┼   │   ╵   │   │   ╵   ╶───────┬───┐   ╷   └───┐   └───┐   │
│     4c│               │       │   │               │   │   │       │       │   │
├───┐   │   ┼   ┼   ┼   │   ╶───┤   │   ╶───────┬───┘   │   ├───╴   │   ┌───┤   │
│   │ 4d│               │       │   │           │       │   │       │   │   │   │
│   ╵   ├───┬───────┬───┼───╴   └───┘   ┌───┬───┼───╴   ╵   └───────┼───┤   ╵   │
│     4e│   │     53│   │               │   │   │                   │   │       │
├───┐   ╵   ╵   ┼   │   ╵   ┌───╴   ┼   │   ╵   │   ┼   ┼   ╷   ╶───┘   └───╴   │
│   │ 4f  50  51  52│       │           │       │           │                   │
│   ╵   ╶───────┬───┴───┬───┘   ┌───╴   ╵   ╶───┘   ┼   ┌───┘   ╷   ╶───┐   ╶───┤
│               │       │       │                       │       │       │       │
└───────────────┴───────┴───────┴───────────────────────┴───────┴───────┴───────┘

AldousBroderMazeGenerator: Generating maze 20x20 with PlayersWorlds.Maps.Maze.GeneratorOptions(Full, Auto, List`1<MapArea>(P2x3;S4x7;Hall;fixed, P<empty>;S2x5;Hall;auto), PlayersWorlds.Maps.Areas.RandomAreaGenerator, PlayersWorlds.Maps.Maze.AldousBroderMazeGenerator)
┌───────────┬───────┬───┬───┬───┬───┬───────────┬───────────────────────────────┐
│           │       │   │   │   │   │           │                               │
│   ╷   ╷   ├───┐   │   ╵   │   │   └───┬───┐   ├───╴   ┌───╴   ┌───────┐   ╶───┤
│   │   │   │   │   │       │   │       │   │   │       │       │       │       │
├───┘   │   ╵   ╵   └───╴   ╵   ╵   ╷   │   ├───┤   ╷   └───╴   └───╴   ├───┐   │
│       │                           │   │   │   │   │                   │   │   │
│   ┌───┴───┬───╴   ╷   ┼   ┼   ╶───┴───┤   ╵   ╵   ╵   ┼   ┼   ┼   ┼   ╵   │   │
│   │       │       │         2c  2b  2a│                                   │   │
│   │   ┼   ├───┬───┘   ┼   ┼   ┌───┐   ╵   ┼   ┼   ╷   ┼   ┼   ┼   ┼   ╷   └───┤
│   │       │   │             2d│   │ 29  28        │                   │       │
│   │   ┼   ╵   └───┐   ┼   ┼   │   └───┐   ┼   ┼   ╵   ┼   ┼   ┼   ┼   │   ╷   │
│   │               │         2e│       │ 27  26  25  24                │   │   │
│   │   ┼   ╷   ╶───┘   ┼   ┼   └───┐   ╵   ┼   ┼   ╷   ┼   ┼   ┼   ┼   ├───┘   │
│   │       │                 2f    │               │ 23  22            │       │
│   │   ┼   ├───┬───╴   ┼   ┼   ╷   ├───────┐   ╶───┤   ┼   ┼   ┼   ┼   ├───╴   │
│   │       │   │             30│   │       │       │     21  20  1f  1e│       │
├───┴───────┘   ╵   ╶───╴   ╷   ╵   ├───┐   └───┐   ╵   ┌───────────┐   ╵   ╶───┤
│                           │ 31    │   │       │       │           │ 1d  1c  1b│
│   ╶───┬───────╴   ╶───┬───┘   ┌───┤   │   ╶───┼───╴   │   ╶───────┼───┬───┐   │
│       │               │ 33  32│   │   │       │       │           │   │   │ 1a│
├───────┼───────────────┤   ╷   │   │   ╵   ╶───┼───┬───┤   ╶───┐   │   ╵   ╵   │
│       │               │ 34│   │   │           │   │   │       │   │ 17  18  19│
│   ╶───┤   ┼   ┼   ┼   │   └───┤   ├───╴   ┌───┘   ╵   │   ┌───┤   ╵   ╷   ╶───┤
│       │               │ 35  36│   │       │           │   │   │ 15  16│       │
│   ┼   │   ┼   ┼   ┼   ├───╴   ╵   └───╴   ╵   ┼   ┼   ├───┘   ╵   ╷   └───┐   │
│ 52  53│               │     37                        │         14│       │   │
│   ╷   │   ┼   ┼   ┼   │   ╷   ╶───┐   ┌───╴   ┼   ╶───┼───────╴   │   ╷   └───┤
│ 51│ 54│               │   │ 38    │   │               │ 11  12  13│   │       │
│   │   │   ┼   ┼   ┼   ├───┘   ╷   ├───┤   ┌───╴   ╶───┤   ┌───┬───┴───┼───────┤
│ 50│ 55│               │ 3a  39│   │   │   │           │ 10│   │       │ 0   1 │
│   └───┤   ┼   ┼   ┼   ╵   ┌───┴───┤   ╵   │   ┼   ┼   │   ╵   ╵   ╷   ├───╴   │
│ 4f    │                 3b│       │       │           │ f         │   │     2 │
│   ╷   │   ┼   ┼   ┼   ╷   └───╴   ├───────┴───────────┘   ┌───────┴───┼───╴   │
│ 4e│   │               │ 3c  3d  3e│                     e │           │     3 │
│   ├───┴───┬───┬───┬───┴───┐   ╷   └───┐   ┌───────────┐   └───┐   ╶───┴───╴   │
│ 4d│       │   │   │       │   │ 3f    │   │           │ d     │ 7   6   5   4 │
│   │       │   ╵   │       ├───┘   ╶───┼───┤   ┼   ┼   │   ╶───┤   ╷   ╶───┬───┤
│ 4c│       │ 47  46│       │ 41  40    │   │           │ c   b │ 8 │       │   │
│   └───────┘   ╷   └───────┘   ╶───┐   ╵   ╵   ╶───┬───┴───╴   ╵   └───┐   ╵   │
│ 4b  4a  49  48│ 45  44  43  42    │               │         a   9     │       │
└───────────────┴───────────────────┴───────────────┴───────────────────┴───────┘

AldousBroderMazeGenerator: Generating maze 20x20 with PlayersWorlds.Maps.Maze.GeneratorOptions(Full, Auto, List`1<MapArea>(P2x3;S4x7;Hall;fixed, P<empty>;S2x5;Hall;auto), PlayersWorlds.Maps.Areas.RandomAreaGenerator, PlayersWorlds.Maps.Maze.AldousBroderMazeGenerator)
┌───────┬───────────────────┬───────────────────────────┬───┬───┬───┬───────────┐
│       │                   │                           │   │   │   │           │
│   ╷   ╵   ╶───────────┐   ├───────╴   ╷   ┌───╴   ╷   ╵   │   │   │   ╶───────┤
│   │                   │   │           │   │       │       │   │   │     f   e │
├───┴───────────┬───────┼───┤   ╶───┬───┤   ├───┐   └───┐   ╵   │   ├───╴   ╷   │
│               │       │   │       │   │   │   │       │       │   │ 11  10│ d │
│   ╷   ╷   ┌───┤   ┼   │   ├───╴   ╵   │   │   ╵   ┌───┴───────┘   ╵   ┌───┘   │
│   │   │   │   │       │   │           │   │       │ 16  15  14  13  12│ b   c │
│   │   ├───┘   │   ┼   │   ╵   ╶───────┴───┴───────┘   ╶───────────┐   │   ╷   │
│   │   │       │       │         1c  1b  1a  19  18  17            │   │ a │   │
├───┴───┤   ╶───┘   ┼   ├───────╴   ┌───────┬───────────────────────┴───┤   └───┤
│       │               │ 1f  1e  1d│       │                           │ 9     │
│   ╷   ╵   ╶───┐   ┼   │   ╶───────┤   ╶───┤                           │   ┌───┤
│   │           │       │ 20        │       │                           │ 8 │   │
│   └───────┐   ├───┬───┤   ╷   ╶───┘   ┌───┤                           │   ╵   │
│           │   │   │   │ 21│           │   │                           │ 7   6 │
└───────┐   └───┘   ╵   ╵   └───┬───────┘   │                           │   ╷   │
        │             23  22    │           │                           │   │ 5 │
        │   ╶───┬───╴   ╶───┐   ╵   ╷   ╶───┤                           │   │   │
        │       │     24  25│       │       │                           │   │ 4 │
        ├───────┴───────┐   ├───────┤   ╷   │                           ├───┤   │
        │               │ 26│       │   │   │                           │ 0 │ 3 │
┌───────┤   ┼   ┼   ┼   │   ╵   ┌───┼───┤   │                           │   ╵   │
│       │               │ 27  28│   │   │   │                           │ 1   2 │
│   ┌───┘   ┼   ┼   ┼   ├───╴   ╵   │   └───┼───────────────────────────┤   ╷   │
│   │                   │     29    │       │     38  39  3a  3b  3c  3d│   │   │
│   ╵   ╷   ┼   ┼   ┼   ├───╴   ╷   ╵   ┌───┴───╴   ╷   ╷   ┌───┬───╴   ├───┴───┤
│       │               │ 2b  2a│       │ 35  36  37│   │   │   │     3e│ 47  46│
├───╴   │   ┼   ┼   ┼   │   ╶───┼───┬───┘   ╷   ┌───┴───┘   ╵   │   ╷   └───┐   │
│       │               │ 2c    │   │ 33  34│   │               │   │ 3f    │ 45│
├───────┤   ┼   ┼   ┼   │   ┌───┘   ╵   ╶───┼───┴───────────────┴───┤   ╷   │   │
│       │               │ 2d│ 30  31  32    │                       │ 40│   │ 44│
│   ┼   │   ┼   ┼   ┼   │   ╵   ╶───────┐   │                       │   └───┘   │
│       │               │ 2e  2f        │   │                       │ 41  42  43│
│   ┼   ├───────────────┤   ╶───┐   ┼   ├───┤                       ├───╴   ╷   │
│       │               │       │       │   │                       │       │   │
│   ╶───┴───┐   ╶───────┘   ╷   └───────┘   ├───────────────┬───────┴───┐   │   │
│           │               │               │               │           │   │   │
│   ╶───┐   ╵   ╶───────┐   │   ╶───────────┴───╴   ┌───╴   ╵   ┌───╴   │   │   │
│       │               │   │                       │           │       │   │   │
└───────┴───────────────┴───┴───────────────────────┴───────────┴───────┴───┴───┘

AldousBroderMazeGenerator: Generating maze 20x20 with PlayersWorlds.Maps.Maze.GeneratorOptions(Full, Auto, List`1<MapArea>(P2x3;S4x7;Hall;fixed, P<empty>;S2x5;Hall;auto), PlayersWorlds.Maps.Areas.RandomAreaGenerator, PlayersWorlds.Maps.Maze.AldousBroderMazeGenerator)
┌───────┬───────┬───────────────────┬───┬───────────┬───────┬───────────┬───┬───┐
│       │ 26  25│                   │   │           │       │           │   │   │
├───╴   ╵   ╷   ├───────┐   ┌───╴   ╵   └───────┐   │   ╷   ├───────╴   ╵   │   │
│     28  27│ 24│       │   │                   │   │   │   │               │   │
├───╴   ┌───┘   │   ╷   │   ├───────┐   ╷   ╷   │   └───┘   │   ╶───┬───╴   │   │
│     29│     23│   │   │   │       │   │   │   │           │       │       │   │
├───╴   ├───╴   └───┘   └───┤   ╶───┤   │   │   │   ╷   ┌───┘   ╷   │   ╷   ╵   │
│ 2b  2a│     22            │       │   │   │   │   │   │       │   │   │       │
│   ╶───┴───┐   ╶───────────┤   ╶───┘   └───┴───┴───┤   ├───────┴───┴───┘   ╷   │
│ 2c        │ 21            │                       │   │                   │   │
│   ╷   ┼   │   ╶───┬───╴   ╵   ╷   ┼   ┼   ┼   ┼   ╵   │   ┼   ┼   ┼   ┌───┤   │
│ 2d│       │ 20  1f│           │                       │               │   │   │
│   │   ┼   ├───┐   │   ┼   ┼   ╵   ┼   ┼   ┼   ┼   ┼   │   ┼   ┼   ┼   │   ╵   │
│ 2e│       │   │ 1e│                                   │               │       │
│   │   ┼   │   ╵   ╵   ┼   ┼   ╶───╴   ┼   ┼   ┼   ╷   │   ┼   ┼   ┼   ├───────┤
│ 2f│       │     1d  1c  1b  1a  19  18            │   │               │       │
│   │   ┼   │   ┌───┐   ┼   ┼   ╷   ╷   ┼   ┼   ┼   ├───┤   ┼   ┼   ┼   │   ╶───┤
│ 30│       │   │   │           │   │ 17            │   │               │       │
│   ├───────┘   ╵   ├───╴   ┼   │   │   ┼   ┼   ┼   ╵   │   ┼   ┼   ┼   │   ╷   │
│ 31│               │           │   │ 16                │               │   │   │
│   ├───┬───────────┴───┬───┐   └───┤   ┼   ┼   ┼   ╷   │   ┼   ┼   ┼   ├───┘   │
│ 32│   │               │   │       │ 15            │   │               │       │
│   ╵   │   ┼   ┼   ┼   │   ╵   ╶───┤   ┼   ┼   ┼   ╵   │   ┼   ┼   ┼   ├───────┤
│ 33  34│               │           │ 14                │               │       │
│   ╷   ╵   ┼   ┼   ┼   ├───────────┘   ┌───╴   ╷   ╷   ├───────────────┴───╴   │
│   │ 35  36            │         12  13│       │   │   │                       │
│   └───┐   ┼   ┼   ┼   ├───────╴   ┌───┴───┬───┤   │   ╵   ╷   ╶───┬───────┐   │
│       │ 37            │         11│       │   │   │       │       │       │   │
│   ┌───┤   ┼   ┼   ┼   ├───┬───┐   ├───┐   ╵   └───┴───────┤   ╶───┘   ┌───┤   │
│   │   │ 38            │   │   │ 10│   │                   │           │   │   │
│   ╵   │   ┼   ┼   ┼   │   ╵   ╵   ╵   ╵   ╷   ┌───────────┘   ╶───┬───┤   └───┤
│       │ 39            │         f         │   │                   │   │       │
│   ╷   │   ┼   ┼   ┼   │   ┌───╴   ╶───┬───┘   ╵   ┼   ┼   ┼   ╷   │   ╵   ╶───┤
│   │   │ 3a  3b  3c  3d│   │     e   d │                       │   │ 3   2   1 │
│   ├───┴───┬───────────┴───┘   ┼   ┼   └───────╴   ┼   ┼   ┼   ╵   ╵   ╶───┐   │
│   │       │                         c   b   a   9   8   7   6   5   4     │ 0 │
│   │       ├───────╴   ┌───╴   ╷   ╷   ╶───┐   ╷   ╷   ┌───╴   ╶───┐   ╷   └───┤
│   │       │           │       │   │       │   │   │   │           │   │       │
│   │       │   ╶───┐   └───┐   └───┤   ┌───┘   │   └───┘   ╶───┐   └───┼───────┤
│   │       │       │       │       │   │       │               │       │       │
└───┘       └───────┴───────┴───────┴───┴───────┴───────────────┴───────┴───────┘

AldousBroderMazeGenerator: Generating maze 20x20 with PlayersWorlds.Maps.Maze.GeneratorOptions(Full, Auto, List`1<MapArea>(P2x3;S4x7;Hall;fixed, P<empty>;S2x5;Hall;auto), PlayersWorlds.Maps.Areas.RandomAreaGenerator, PlayersWorlds.Maps.Maze.AldousBroderMazeGenerator)
┌───────┬───┬───────────┬───────┬───────────────────────────────────┬───────────┐
│       │   │           │       │                                   │           │
├───╴   ╵   ╵   ╶───────┴───────┘   ╶───┬───────────────────┐   ╷   ╵   ╶───┐   │
│                                       │                   │   │           │   │
│   ╷   ╶───────┐   ┌───────┐   ┌───────┤   ┼   ┼   ┼   ┼   │   └───────────┤   │
│   │           │   │       │   │       │                   │               │   │
│   │   ┼   ┼   │   │   ┼   ├───┘   ╶───┤   ┼   ┼   ┼   ┼   │   ┌───╴   ╷   │   │
│   │           │   │       │           │                   │   │       │   │   │
│   │   ┼   ┼   │   │   ┼   └───────┐   │   ┼   ┼   ┼   ┼   │   ├───╴   │   │   │
│   │           │   │               │   │                   │   │       │   │   │
│   │   ┼   ┼   │   │   ┼   ╷   ╷   │   │   ┼   ┼   ┼   ┼   ├───┴───┬───┼───┤   │
│   │           │   │       │   │   │   │                   │       │   │   │   │
│   ├───────┬───┘   │   ┼   ├───┘   │   │   ┼   ┼   ┼   ┼   │   ╷   ╵   │   ├───┤
│   │       │       │       │       │   │                   │   │       │   │   │
│   ├───┐   └───╴   └───────┼───╴   ╵   ├───────┐   ╶───┬───┴───┼───╴   │   ╵   │
│   │   │                   │           │       │       │       │       │       │
│   ╵   │   ╶───┐   ╶───────┼───┬───╴   ╵   ┼   └───╴   └───╴   ╵   ╶───┘   ┌───┤
│       │       │           │   │                                           │   │
├───────┴───╴   │   ╷   ╶───┘   └───╴   ┼   ┼   ┼   ┼   ┼   ┼   ┼   ╷   ╶───┘   │
│               │   │                                               │           │
│   ┼   ┌───────┴───┴───┬───────┐   ╷   ┼   ┼   ┼   ┼   ┼   ┼   ┼   │   ╶───────┤
│       │ 3   2   1   0 │       │   │                               │           │
│   ┼   │   ┼   ┼   ┼   │   ┌───┘   │   ┼   ┼   ┼   ┼   ┼   ┼   ┼   │   ╷   ╷   │
│       │ 4             │   │       │                               │   │   │   │
├───────┤   ┼   ┼   ┼   │   ├───────┘   ┌───────────┐   ┌───╴   ╷   └───┼───┘   │
│       │ 5             │   │           │           │   │       │       │       │
│   ╶───┤   ┼   ┼   ┼   │   │   ╶───────┘   ╶───────┘   └───┐   └───┐   └───╴   │
│       │ 6             │   │                               │       │           │
├───────┤   ┼   ┼   ┼   │   │   ╶───┬───────────┬───────┐   └───╴   │   ┌───┬───┤
│     10│ 7             │   │       │           │       │           │   │   │   │
│   ┼   │   ┼   ┼   ┼   │   └───────┘   ┼   ┼   ├───┐   ╵   ╶───────┘   ╵   ╵   │
│ e   f │ 8             │                       │   │                           │
│   ┌───┘   ┼   ┼   ┼   │   ╷   ╶───────────────┘   └───╴   ┼   ┼   ┼   ┌───╴   │
│ d │ a   9             │   │                                           │       │
│   ╵   ╶───┬───────────┤   └───┬───┬───────╴   ┌───┐   ╷   ┼   ┼   ┼   ╵   ╶───┤
│ c   b     │           │       │   │           │   │   │                       │
│   ┌───────┘   ┌───┬───┴───┐   │   ├───────────┤   └───┼───╴   ╶───┐   ┌───╴   │
│   │           │   │       │   │   │           │       │           │   │       │
│   │   ┼   ╷   ╵   ╵   ╶───┘   ╵   │           │   ╶───┴───╴   ╶───┤   │   ╷   │
│   │       │                       │           │                   │   │   │   │
└───┴───────┴───────────────────────┘           └───────────────────┴───┴───┴───┘

AldousBroderMazeGenerator: Generating maze 20x20 with PlayersWorlds.Maps.Maze.GeneratorOptions(Full, Auto, List`1<MapArea>(P2x3;S4x7;Hall;fixed, P<empty>;S2x5;Hall;auto), PlayersWorlds.Maps.Areas.RandomAreaGenerator, PlayersWorlds.Maps.Maze.AldousBroderMazeGenerator)
┌───────────┬───┬───┬───────┬───────┬───────┬───────────────────────────────────┐
│           │   │   │       │       │       │                                   │
├───╴   ╷   │   ╵   └───╴   ╵   ┼   └───╴   └───────────────┐   ╶───┐   ╷   ╷   │
│       │   │                     18  17  16  15  14  13  12│       │   │   │   │
├───╴   │   └───┐   ╷   ┼   ┼   ┼   ┌───────────╴   ╷   ╷   └───────┼───┘   └───┤
│       │       │   │             19│               │   │ 11  10    │           │
│   ╶───┼───┐   └───┘   ┼   ┼   ┼   ├───┐   ╷   ╷   └───┼───┐   ╷   ╵   ╷   ╷   │
│       │   │                     1a│   │   │   │       │   │ f │       │   │   │
├───┐   ╵   └───┬───╴   ┼   ┼   ┼   ╵   │   └───┼───┬───┤   │   └───────┤   │   │
│   │           │                 1b    │       │   │   │   │ e         │   │   │
│   ├───╴   ╶───┤   ┼   ┼   ┼   ┼   ╶───┴───┐   ╵   ╵   ╵   │   ╶───────┤   └───┤
│   │           │                 1c        │               │ d   c     │       │
│   └───╴   ╷   │   ┼   ┼   ┼   ┼   ┼   ╷   ├───────────────┴───╴   ╶───┼───┐   │
│           │   │                 1d    │   │                     b     │ 4f│   │
│   ╶───┐   ├───┤   ╷   ┼   ┼   ┼   ┌───┘   │   ┼   ┼   ┼   ┼   ┼   ┼   │   └───┤
│       │   │   │   │             1e│       │                     a     │ 4e  4d│
│   ┼   │   ╵   ╵   ╵   ┼   ┼   ┼   ╵   ╶───┤   ┼   ┼   ┼   ┼   ┼   ┼   ├───╴   │
│       │                 21  20  1f        │                     9     │     4c│
│   ┼   ├───────╴   ╷   ╷   ╶───────────────┤   ┼   ┼   ┼   ┼   ┼   ┼   ├───╴   │
│       │           │   │ 22                │                     8     │     4b│
│   ┼   │   ╶───────┴───┤   ╶───┐   ╷   ╶───┤   ┼   ┼   ┼   ┼   ┼   ┼   │   ╷   │
│       │               │ 23  24│   │       │                     7     │   │ 4a│
│   ┼   │   ┼   ┼   ┼   ├───╴   └───┴───────┤   ┼   ┼   ┼   ┼   ┼   ┼   ├───┤   │
│       │               │     25            │                     6     │   │ 49│
├───────┤   ┼   ┼   ┼   ├───╴   ╷   ┌───────┤   ┼   ┼   ┼   ┼   ┼   ┼   │   │   │
│       │               │ 27  26│   │       │ 0   1   2   3   4   5     │   │ 48│
├───┐   │   ┼   ┼   ┼   │   ╶───┼───┴───╴   └───┬───────────────────┬───┘   │   │
│   │   │               │ 28  29│ 2e  2f  30    │                   │       │ 47│
│   ╵   │   ┼   ┼   ┼   ├───╴   │   ┌───╴   ╷   ├───╴   ╷   ┌───┬───┘   ╶───┘   │
│       │               │     2a│ 2d│ 32  31│   │       │   │   │     44  45  46│
│   ╶───┤   ┼   ┼   ┼   ├───┐   ╵   │   ╶───┴───┤   ╷   │   │   ├───╴   ╶───┐   │
│       │               │   │ 2b  2c│ 33  34  35│   │   │   │   │ 42  43    │   │
└───────┤   ┼   ┼   ┼   │   ╵   ┌───┴───┬───┐   │   │   │   ╵   ╵   ╷   ┌───┘   │
        │               │       │       │   │ 36│   │   │     40  41│   │       │
        ├───────┬───────┘   ╷   │       │   ╵   └───┼───┘   ╷   ╶───┤   │   ╷   │
        │       │           │   │       │     37  38│       │ 3f    │   │   │   │
        │   ╶───┼───╴   ┌───┤   ├───┬───┴───┐   ╷   ├───────┘   ╶───┴───┴───┤   │
        │       │       │   │   │   │       │   │ 39│ 3c  3d  3e            │   │
┌───────┘   ╷   └───╴   │   ╵   ╵   ├───────┘   │   ╵   ╷   ┌───╴   ╶───────┴───┤
│           │           │           │           │ 3a  3b│   │                   │
└───────────┴───────────┴───────────┴───────────┴───────┴───┴───────────────────┘

AldousBroderMazeGenerator: Generating maze 20x20 with PlayersWorlds.Maps.Maze.GeneratorOptions(Full, Auto, List`1<MapArea>(P2x3;S4x7;Hall;fixed, P<empty>;S2x5;Hall;auto), PlayersWorlds.Maps.Areas.RandomAreaGenerator, PlayersWorlds.Maps.Maze.AldousBroderMazeGenerator)
┌───────┬───────────┬───────┬───────────┬───────────┬───────────┬───────────────┐
│       │           │       │           │           │           │               │
├───────┤   ┌───┐   ╵   ╶───┤   ╷   ╷   └───────╴   ╵   ╶───────┘   ╶───────┐   │
│       │   │   │           │   │   │                             9   8   7 │   │
│   ╶───┴───┤   ╵   ┌───╴   ├───┤   │   ┼   ┼   ┼   ┼   ┼   ┼   ┼   ┌───┐   └───┤
│           │       │       │   │   │                             a │   │ 6   5 │
│   ╷   ┼   │   ╶───┼───╴   │   │   │   ╷   ┼   ┼   ┼   ┼   ┼   ┼   ╵   ├───╴   │
│   │       │       │       │   │   │   │                         b     │ 3   4 │
├───┤   ┼   │   ╶───┴───────┘   ╵   ├───┤   ┼   ┼   ┼   ┼   ┼   ┼   ╷   │   ╶───┤
│   │       │                       │   │                         c │   │ 2   1 │
│   │   ┼   ├───╴   ╶───────┬───╴   ╵   ╵   ┼   ┼   ┼   ┼   ┼   ┼   │   ├───┐   │
│   │       │               │                                     d │   │   │ 0 │
│   │   ┼   │   ╶───┬───┐   │   ╷   ╷   ┼   ┼   ┼   ┼   ┼   ┼   ┼   │   ╵   └───┤
│   │       │       │   │   │   │   │                             e │           │
│   └───┬───┘   ╷   ╵   ├───┴───┤   └───┐   ┼   ┼   ┼   ┼   ┼   ┼   ├───────┐   │
│       │       │       │       │       │                         f │       │   │
│   ╶───┘   ┌───┴───┐   ├───┐   ├───────┘   ┌───────────────┐   ╷   ╵   ╷   ╵   │
│           │       │   │   │   │           │               │   │ 10  11│       │
│   ┌───╴   └───╴   └───┘   │   ├───┬───╴   │   ┼   ┼   ┼   ├───┴───╴   ├───╴   │
│   │                       │   │   │       │               │         12│       │
│   └───┬───────────────┐   ╵   ╵   ├───────┘   ┼   ┼   ┼   ├───────╴   └───────┤
│       │               │           │                       │     14  13        │
│   ╷   ╵   ┼   ┼   ┼   ├───────────┼───┐   ╶───────────────┴───╴   ╷   ╷   ╷   │
│   │                   │ 39  38    │   │                     16  15│   │   │   │
│   └───┐   ┼   ┼   ┼   │   ╷   ╶───┤   └───┐   ┼   ┼   ┼   ┼   ╷   ├───┘   ├───┤
│       │               │ 3a│ 37  36│       │             18  17│   │       │   │
│   ╶───┤   ┼   ┼   ┼   ├───┴───┐   ╵   ┌───┘   ┼   ┼   ┼   ╷   └───┴───────┤   │
│       │               │       │ 35    │                 19│               │   │
├───╴   │   ┼   ┼   ┼   │   ╶───┤   ┌───┤   ╶───┐   ┌───┐   └───────┐   ╶───┘   │
│       │               │ 30  31│ 34│   │       │   │   │ 1a        │           │
│   ╶───┤   ┼   ┼   ┼   │   ╷   ╵   │   └───┐   └───┤   ╵   ╶───────┼───╴   ╷   │
│       │               │ 2f│ 32  33│       │       │     1b        │       │   │
├───╴   │   ┼   ┼   ┼   │   ├───────┤   ┌───┼───────┴───┐   ╶───┬───┴───╴   │   │
│       │               │ 2e│       │   │   │           │ 1c    │           │   │
├───╴   └───────┬───────┘   │       │   │   │   ┼   ┼   │   ╶───┘   ┌───────┤   │
│               │     2c  2d│       │   │   │           │ 1d        │       │   │
│   ╷   ┼   ╶───┤   ┼   ╶───┼───┬───┘   ╵   ├───╴   ╶───┘   ┌───────┘   ╷   │   │
│   │           │     2b  2a│   │     25  24│ 21  20  1f  1e│           │   │   │
│   ╵   ╷   ╶───┴───╴   ╷   ╵   └───╴   ╷   ╵   ╶───────┐   ╵   ╶───┬───┴───┘   │
│       │               │ 29  28  27  26│ 23  22        │           │           │
└───────┴───────────────┴───────────────┴───────────────┴───────────┴───────────┘

AldousBroderMazeGenerator: Generating maze 20x20 with PlayersWorlds.Maps.Maze.GeneratorOptions(Full, Auto, List`1<MapArea>(P2x3;S4x7;Hall;fixed, P<empty>;S2x5;Hall;auto), PlayersWorlds.Maps.Areas.RandomAreaGenerator, PlayersWorlds.Maps.Maze.AldousBroderMazeGenerator)
┌───┬───┬───────┬───────────────────────┬───────────────────────────┬───────────┐
│   │   │       │ 16  15  14  13  12  11│     d   c   b   a   9   8 │           │
│   │   ╵   ╷   │   ╷   ┌───╴   ╶───┐   └───╴   ┌───────────╴   ╷   └───╴   ╶───┤
│   │       │   │ 17│   │           │ 10  f   e │               │ 7   6   5   4 │
│   ╵   ╶───┴───┤   ├───┴───┬───╴   │   ╶───┐   │   ╶───┐   ┌───┘   ┌───────╴   │
│               │ 18│       │       │       │   │       │   │       │ 1   2   3 │
│   ┌───╴   ╶───┤   │   ╷   ╵   ╷   └───────┴───┤   ╷   └───┤   ╷   │   ╷   ╷   │
│   │           │ 19│   │       │               │   │       │   │   │ 0 │   │   │
│   ├───────┬───┤   ├───┴───┐   │   ┼   ┼   ┼   │   ├───────┴───┴───┴───┴───┴───┤
│   │       │   │ 1a│       │   │               │   │                         45│
│   │   ╶───┘   ╵   │   ┼   │   │   ┼   ┼   ┼   ├───┤   ┼   ┼   ┼   ┼   ┼   ┼   │
│   │     1d  1c  1b│       │   │               │   │                         44│
│   └───┐   ╶───────┤   ┼   └───┤   ┼   ┼   ┼   │   │   ┼   ┼   ┼   ┼   ┼   ┼   │
│       │ 1e  1f    │           │               │   │                         43│
├───╴   ╵   ╷   ╶───┤   ┼   ╷   │   ┼   ┼   ┼   │   │   ┼   ┼   ┼   ┼   ┼   ┼   │
│           │ 20  21│       │   │               │   │                         42│
├───────╴   ├───┐   │   ┼   │   │   ┼   ┼   ┼   │   │   ┼   ┼   ┼   ┼   ┼   ┼   │
│           │   │ 22│       │   │               │   │                         41│
│   ╶───────┤   ╵   └───────┘   │   ┼   ┼   ┼   │   │   ┼   ┼   ┼   ┼   ┼   ┼   │
│           │     23  24  25  26│               │   │                         40│
├───╴   ┌───┴───────────┬───┐   │   ┼   ┼   ┼   │   │   ┼   ┼   ┼   ┼   ┼   ┼   │
│       │               │   │ 27│               │   │         3b  3c  3d  3e  3f│
│   ╶───┤   ┼   ┼   ┼   │   ╵   └───────────┬───┤   └───────┐   ╶───────────────┤
│       │               │     28  29  2a  2b│   │ 2f  30    │ 3a  39  38        │
├───┐   │   ┼   ┼   ┼   ├───────╴   ┌───╴   ╵   ╵   ╷   ╶───┴───────┐   ┌───────┤
│   │   │               │           │     2c  2d  2e│ 31  32  33  34│ 37│       │
│   └───┤   ┼   ┼   ┼   ├───╴   ┌───┴───┬───┬───╴   │   ┌───┬───╴   ╵   └───╴   │
│       │               │       │       │   │       │   │   │     35  36        │
│   ┼   │   ┼   ┼   ┼   │   ╷   │   ╷   │   │   ╶───┼───┘   └───╴   ┌───┐   ╶───┤
│       │               │   │   │   │   │   │       │               │   │       │
│   ╶───┤   ┼   ┼   ┼   │   │   │   │   ╵   ├───────┴───────┐   ┌───┘   └───┐   │
│       │               │   │   │   │       │               │   │           │   │
├───┐   │   ┼   ┼   ┼   │   │   ╵   └───────┘   ┌───┐   ╶───┼───┤   ╶───┐   ╵   │
│   │   │               │   │                   │   │       │   │       │       │
│   ╵   └───╴   ┌───────┘   ├───────────┐   ┼   ╵   ├───╴   ╵   ├───────┘   ┌───┤
│               │           │           │           │           │           │   │
│   ╷   ┼   ╶───┴───╴   ┼   ╵   ╷   ┌───┘   ╶───┐   └───────┐   ├───╴   ╶───┘   │
│   │                           │   │           │           │   │               │
├───┴───────────────────────────┘   └───╴   ╷   ├───────────┼───┴───╴   ╷   ╶───┤
│                                           │   │           │           │       │
└───────────────────────────────────────────┴───┴───────────┴───────────┴───────┘

AldousBroderMazeGenerator: Generating maze 20x20 with PlayersWorlds.Maps.Maze.GeneratorOptions(Full, Auto, List`1<MapArea>(P2x3;S4x7;Hall;fixed, P<empty>;S2x5;Hall;auto), PlayersWorlds.Maps.Areas.RandomAreaGenerator, PlayersWorlds.Maps.Maze.AldousBroderMazeGenerator)
┌───────┬───────────────────────┬───────────────────────────┬───────┬───┬───────┐
│ 1   0 │                       │                           │       │   │       │
│   ┌───┴───┬───┐   ╶───┐   ╷   ╵   ┌───────╴   ╷   ╶───┐   │   ┌───┘   ├───┐   │
│ 2 │       │   │       │   │       │           │       │   │   │       │   │   │
│   │   ╷   │   ├───────┴───┤   ╷   └───┬───────┴───────┴───┤   └───┬───┤   ╵   │
│ 3 │   │   │   │           │   │       │                   │       │   │       │
│   └───┘   │   │           │   │   ┌───┤   ┼   ┼   ┼   ┼   │   ╷   │   │   ╷   │
│ 4   5   6 │   │           │   │   │   │                   │   │   │   │   │   │
│   ╷   ╷   ╵   │           │   └───┘   │   ┼   ┼   ┼   ┼   │   ├───┼───┘   │   │
│   │   │ 7     │           │           │                   │   │   │       │   │
│   │   │   ╶───┤           │   ╶───┐   │   ┼   ┼   ┼   ┼   │   ╵   ╵   ╶───┤   │
│   │   │ 8   9 │           │       │   │                   │               │   │
├───┼───┴───╴   │           ├───┐   ├───┘   ┼   ┼   ┼   ┼   ├───────╴   ┌───┴───┤
│   │ c   b   a │           │   │   │                       │           │       │
│   ╵   ┌───┐   │           │   ╵   ╵   ╷   ┼   ┼   ┼   ┼   ├───────┬───┤   ╶───┤
│     d │   │   │           │           │                   │       │   │       │
│   ╷   ╵   ├───┴───────┬───┴───────┐   └───────────────────┴───┐   │   │   ╷   │
│   │ e   f │ 12  13  14│ 17  18    │                           │   │   │   │   │
├───┴───┐   ╵   ╷   ╷   ╵   ╷   ╶───┘   ╷   ╷   ╷   ╷   ╷   ┌───┘   ╵   ├───┤   │
│       │ 10  11│   │ 15  16│ 19  1a  1b│   │   │   │   │   │           │   │   │
│   ┼   ├───────┴───┴───┬───┤   ╶───┐   └───┴───┤   │   └───┼───────┐   │   ╵   │
│       │             42│   │       │ 1c        │   │       │       │   │       │
│   ┼   │   ┼   ┼   ┼   │   └───────┤   ┌───────┴───┴───╴   └───┐   ╵   ├───╴   │
│       │             41│           │ 1d│                       │       │       │
│   ┼   │   ┼   ┼   ┼   │   ╶───────┘   │   ┼   ┼   ┼   ┼   ┼   │   ┌───┴───┐   │
│       │             40│     20  1f  1e│                       │   │       │   │
│   ┼   │   ┼   ┼   ┼   ├───┐   ┌───────┤   ┼   ┼   ┼   ┼   ┼   │   ├───╴   ╵   │
│       │             3f│   │ 21│       │                       │   │           │
│   ╶───┤   ┼   ┼   ┼   │   │   └───┐   └───┬───────────────┬───┤   │   ╶───────┤
│       │             3e│   │ 22    │       │               │   │   │           │
├───┐   ╵   ┼   ┼   ┼   │   ╵   ┌───┘   ╶───┘   ╶───┬───────┘   ╵   └───╴   ╶───┤
│   │ 39  3a  3b  3c  3d│ 24  23│                   │                           │
│   ╵   ╷   ┼   ┼   ┼   │   ╷   └───╴   ╷   ╶───────┴───╴   ╶───╴   ╶───────┐   │
│ 37  38│               │ 25│           │                                   │   │
│   ┌───┴───────────────┤   └───────────┘   ┼   ┼   ┼   ┼   ┼   ┼   ╶───┬───┘   │
│ 36│                   │ 26  27  28  29                                │       │
│   ╵   ╶───────┐   ┼   ├───┐   ┌───╴   ╷   ┼   ┼   ┼   ┼   ┼   ╶───┐   ├───┐   │
│ 35  34  33    │       │   │   │     2a│                           │   │   │   │
│   ┌───╴   ╶───┴───────┘   └───┴───╴   └───┬───╴   ╶───┐   ╶───┐   └───┘   └───┤
│   │     32  31  30  2f  2e  2d  2c  2b    │           │       │               │
└───┴───────────────────────────────────────┴───────────┴───────┴───────────────┘

AldousBroderMazeGenerator: Generating maze 20x20 with PlayersWorlds.Maps.Maze.GeneratorOptions(Full, Auto, List`1<MapArea>(P2x3;S4x7;Hall;fixed, P<empty>;S2x5;Hall;auto), PlayersWorlds.Maps.Areas.RandomAreaGenerator, PlayersWorlds.Maps.Maze.AldousBroderMazeGenerator)
┌───┬───┬───┬───┬───────────┬───────────┬───┬───────────────────┬───────┬───┬───┐
│   │   │   │   │           │           │   │                   │       │   │   │
│   ╵   │   │   ╵   ╶───┐   ├───────┐   │   ├───╴   ┌───┐   ╶───┼───┐   ╵   │   │
│       │   │           │   │       │   │   │       │   │       │   │       │   │
│   ╶───┤   ╵   ╷   ╶───┴───┘   ╶───┤   ╵   ├───┬───┤   ╵   ╷   │   └───╴   ╵   │
│       │       │                   │       │   │   │       │   │               │
│   ╶───┴───┬───┴───────────╴   ╷   └───────┘   │   └───────┘   ╵   ╶───────╴   │
│           │                   │               │                               │
│   ╷   ┼   │   ┼   ┼   ┼   ╶───┴───┬───────────┤   ╷   ┼   ┼   ┼   ┼   ┼   ┌───┤
│   │       │                       │           │   │                       │   │
│   │   ┼   │   ┼   ┼   ┼   ┌───┐   │   ┼   ┼   │   │   ┼   ┼   ┼   ┼   ┼   ╵   │
│   │       │               │   │   │           │   │                           │
│   │   ┼   │   ┼   ┼   ┼   ╵   └───┘   ┼   ┼   │   ╵   ┼   ┼   ┼   ┼   ┼   ┼   │
│   │       │                                   │                               │
│   │   ┼   ├───╴   ┼   ┼   ╷   ┌───┐   ┼   ┼   ├───╴   ┼   ┼   ┼   ┼   ┼   ┼   │
│   │       │               │   │   │           │                               │
│   └───┬───┤   ╷   ┼   ┼   ╵   ╵   ├───┬───┬───┼───────┬───────┐   ┼   ╷   ╶───┤
│       │   │   │                   │   │   │   │       │       │       │       │
│   ╶───┤   └───┴───╴   ╷   ┌───────┘   ╵   ╵   └───┐   └───╴   └───────┤   ╷   │
│       │               │   │                       │                   │   │   │
│   ┌───┼───────────────┤   ├───┐   ┌───┐   ┌───────┤   ┌───╴   ╶───┐   ├───┘   │
│   │   │               │   │   │   │   │   │       │   │           │   │       │
├───┘   │   ┼   ┼   ┼   │   ╵   ╵   │   │   ╵   ╷   └───┼───╴   ╷   └───┴───╴   │
│       │               │           │   │       │       │       │               │
└───────┤   ┼   ┼   ┼   │   ┌───────┤   └───────┴───┐   └───────┴───┬───┐   ╶───┤
        │               │   │       │               │               │   │       │
        │   ┼   ┼   ┼   ├───┘   ╷   └───╴   ╷   ┌───┤   ┌───┐   ╶───┤   │   ┌───┤
        │               │       │           │   │   │   │   │       │   │   │   │
        │   ┼   ┼   ┼   ├───────┴───┬───╴   │   ╵   ╵   │   ├───┐   │   ╵   │   │
        │               │           │       │           │   │   │   │       │   │
┌───────┤   ┼   ┼   ┼   ╵   ┌───╴   └───────┴───────┐   ╵   ╵   ╵   ╵   ╶───┘   │
│       │                   │                       │                           │
│   ╶───┤   ┼   ┼   ┼   ┌───┘   ┌───┬───────────┐   │   ┼   ┼   ┼   ┼   ╶───────┤
│       │               │       │   │           │   │                           │
│   ╶───┼───────┬───┬───┴───┐   ╵   │           ├───┘   ╷   ┼   ┼   ┼   ╷   ╷   │
│       │       │   │       │       │           │       │               │   │   │
│   ╶───┘   ╷   ╵   │       │   ╷   └───────────┴───╴   │   ╷   ╷   ╶───┴───┼───┤
│           │       │       │   │                       │   │   │           │   │
├───────┐   ├───────┴───────┴───┘   ╷   ┌───────╴   ╷   └───┴───┘   ╶───┐   ╵   │
│ 1   0 │   │                       │   │           │                   │       │
└───────┴───┴───────────────────────┴───┴───────────┴───────────────────┴───────┘

AldousBroderMazeGenerator: Generating maze 20x20 with PlayersWorlds.Maps.Maze.GeneratorOptions(Full, Auto, List`1<MapArea>(P2x3;S4x7;Hall;fixed, P<empty>;S2x5;Hall;auto), PlayersWorlds.Maps.Areas.RandomAreaGenerator, PlayersWorlds.Maps.Maze.AldousBroderMazeGenerator)
┌───────┬───────┬───────────┬───────────────────────┬───┬───────┬───────────┬───┐
│       │       │           │                       │   │       │ 8   7     │   │
├───╴   ╵   ╶───┘   ┌───┐   ╵   ╷   ╷   ┌───┬───╴   │   ╵   ╷   ╵   ╷   ╶───┘   │
│                   │   │       │   │   │   │       │       │ a   9 │ 6   5     │
│   ╷   ╷   ┌───────┘   ╵   ╷   ├───┘   │   └───────┤   ┌───┘   ╶───┴───┐   ╶───┤
│   │   │   │               │   │       │           │   │     b   c     │ 4   3 │
├───┘   └───┴───┐   ╶───────┤   │   ╷   │   ╷   ┌───┼───┘   ┌───╴   ╶───┼───╴   │
│               │           │   │   │   │   │   │   │       │     d   e │     2 │
├───────╴   ╷   └───┬───────┤   │   │   └───┘   ╵   └───────┴───────╴   ├───╴   │
│           │       │       │   │   │                 13  12  11  10  f │ 0   1 │
│   ┌───────┤   ╷   ╵   ┼   │   ├───┴───────┬───────╴   ╶───┬───────╴   └───────┤
│   │       │   │           │   │           │     15  14    │                   │
│   │       │   │   ╷   ┼   │   │   ┼   ┼   ├───┐   ┼   ┼   │   ┼   ┼   ┼   ┼   │
│   │       │   │   │       │   │           │   │ 16        │                   │
│   │       │   │   │   ┼   │   │   ┼   ┼   │   │   ┼   ┼   │   ┼   ┼   ┼   ┼   │
│   │       │   │   │       │   │           │   │ 17        │                   │
│   └───┬───┤   └───┤   ┼   ├───┤   ┼   ┼   │   ╵   ┼   ┼   │   ┼   ┼   ┼   ┼   │
│       │   │       │       │   │           │ 19  18        │                   │
├───╴   ╵   │   ╶───┴───────┘   │   ┼   ┼   │   ╷   ┼   ┼   │   ┼   ┼   ┼   ┼   │
│           │                   │           │ 1a│           │                   │
│   ┌───┬───┴───────────┬───╴   │   ┼   ┼   │   │   ┼   ┼   │   ┼   ┼   ┼   ┼   │
│   │   │ 3c            │       │           │ 1b│           │                   │
│   ╵   │   ┼   ┼   ┼   │   ╶───┴───┬───╴   │   ╵   ╶───────┼───────────────────┤
│       │ 3b            │           │       │ 1c            │                   │
├───╴   │   ┼   ┼   ┼   │   ┌───┬───┴───┐   ╵   ┌───┐   ╷   ├───┬───┬───╴   ╶───┤
│       │ 3a            │   │   │       │ 1e  1d│   │   │   │   │   │           │
└───────┤   ┼   ┼   ┼   │   ╵   └───╴   │   ┌───┤   └───┘   │   ╵   ╵   ╷   ┌───┤
        │ 39            │               │ 1f│   │           │           │   │   │
        │   ┼   ┼   ┼   ╵   ┌───────────┘   │   ├───┐   ╷   └───╴   ┌───┘   ╵   │
        │ 38  37  36  35  34│     22  21  20│   │   │   │           │           │
┌───────┤   ┼   ┼   ┼   ╷   ├───╴   ╶───┬───┤   │   └───┼───────╴   └───┐   ╶───┤
│       │               │ 33│     23    │   │   │       │               │       │
│   ╶───┤   ┼   ┼   ┼   │   ├───╴   ╶───┘   ╵   ├───┐   └───────────┐   ├───┐   │
│       │               │ 32│     24  25  26  27│   │               │   │   │   │
│   ┌───┴───┬───┬───────┘   └───────┬───────┐   │   └───┐   ╶───┐   ╵   ╵   └───┤
│   │       │   │         31        │       │ 28│       │       │               │
│   ╵   ┼   │   ╵   ┼   ┼   ╶───────┤       │   ├───┐   ╵   ╷   └───┬───────┐   │
│           │             30  2f  2e│       │ 29│   │       │       │       │   │
│   ╶───────┴───────────╴   ╶───┐   └───────┘   ╵   └───────┤   ╷   └───╴   └───┤
│                               │ 2d  2c  2b  2a            │   │               │
└───────────────────────────────┴───────────────────────────┴───┴───────────────┘

AldousBroderMazeGenerator: Generating maze 20x20 with PlayersWorlds.Maps.Maze.GeneratorOptions(Full, Auto, List`1<MapArea>(P2x3;S4x7;Hall;fixed, P<empty>;S2x5;Hall;auto), PlayersWorlds.Maps.Areas.RandomAreaGenerator, PlayersWorlds.Maps.Maze.AldousBroderMazeGenerator)
┌───────────┬───────┬───────┬───┬───────┬───┬───────────────────────────────┬───┐
│           │       │       │   │       │   │ 0                             │   │
│   ┌───┬───┴───┐   └───╴   ╵   │   ┌───┤   │   ┼   ┼   ┼   ┼   ┼   ┼   ┼   │   │
│   │   │       │               │   │   │   │ 1                             │   │
│   │   ╵   ╶───┘   ┌───╴   ╶───┤   │   ╵   │   ┼   ┼   ┼   ┼   ┼   ┼   ┼   │   │
│   │               │           │   │       │ 2                             │   │
│   ├───┐   ╶───────┼───────┐   ╵   ╵   ╷   │   ┼   ┼   ┼   ┼   ┼   ┼   ┼   ╵   │
│   │   │           │       │           │   │ 3   4   5   6   7   8   9   a   b │
│   │   └───╴   ┌───┤   ┼   ├───┐   ╷   ├───┴───┬───────────────────────┬───╴   │
│   │           │   │       │   │   │   │       │                       │ d   c │
│   └───────╴   ╵   ╵   ┼   │   └───┘   └───╴   ├───────────────┬───╴   ╵   ┌───┤
│                           │                   │               │     f   e │   │
├───┐   ┼   ╷   ╶───┐   ┼   ├───────────┐   ╶───┤               │   ╷   ╶───┤   │
│   │       │       │       │           │       │               │   │ 10  11│   │
│   ╵   ┼   └───────┤   ┼   ├───╴   ╶───┘   ╷   │               ├───┼───╴   ╵   │
│                   │       │               │   │               │   │ 13  12    │
│   ┌───╴   ╶───┐   ├───────┴───╴   ╷   ┌───┘   ├───┬───────────┘   │   ╷   ╶───┤
│   │           │   │ 30  2f        │   │       │   │               │ 14│       │
│   └───────╴   └───┘   ╷   ╶───────┤   ├───────┤   ├───┬───╴   ╶───┤   └───────┤
│     35  34  33  32  31│ 2e  2d    │   │       │   │   │           │ 15  16    │
│   ╷   ┌───────────────┤   ╷   ╶───┼───┘   ╶───┘   ╵   ╵   ╶───────┴───╴   ╶───┤
│   │ 36│               │   │ 2c  2b│     1f  1e  1d  1c  1b  1a  19  18  17    │
│   ╵   │   ┼   ┼   ┼   │   │   ╷   ├───┐   ╷   ┌───────────────┐   ╶───────┬───┤
│     37│               │   │   │ 2a│   │ 20│   │               │           │   │
│   ┼   │   ┼   ┼   ┼   ├───┴───┘   ╵   │   └───┤               ├───┬───────┘   │
│     38│               │         29  28│ 21  22│               │   │           │
│   ┼   │   ┼   ┼   ┼   │   ╶───┬───╴   ├───╴   │               │   │   ╷   ╶───┤
│ 3a  39│               │       │     27│ 24  23│               │   │   │       │
│   ╷   ╵   ┼   ┼   ┼   │   ┌───┤   ╷   ╵   ╷   ├───┬───────┬───┤   ├───┘   ┌───┤
│ 3b│                   │   │   │   │ 26  25│   │   │       │   │   │       │   │
│   └───┐   ┼   ┼   ┼   │   ╵   └───┴───────┼───┘   ╵   ╶───┤   ╵   │   ╷   ╵   │
│ 3c    │               │                   │               │       │   │       │
│   ╷   │   ┼   ┼   ┼   │   ╷   ┌───────╴   ╵   ╶───────╴   └───╴   └───┴───╴   │
│ 3d│   │               │   │   │                                               │
│   └───┼───────┬───┬───┴───┘   ╵   ┼   ╷   ╶───┐   ┼   ┼   ┼   ┼   ╶───────────┤
│ 3e  3f│       │   │                   │       │                               │
├───┐   │   ┼   │   │   ┼   ┌───────╴   ├───╴   │   ┼   ┼   ┼   ╶───┬───┐   ╶───┤
│ 43│ 40│       │   │       │           │       │                   │   │       │
│   ╵   ├───╴   └───┴───┬───┴───╴   ╷   └───────┘   ╶───┬───────╴   │   └───╴   │
│ 42  41│               │           │                   │           │           │
└───────┴───────────────┴───────────┴───────────────────┴───────────┴───────────┘

AldousBroderMazeGenerator: Generating maze 20x20 with PlayersWorlds.Maps.Maze.GeneratorOptions(Full, Auto, List`1<MapArea>(P2x3;S4x7;Hall;fixed, P<empty>;S2x5;Hall;auto), PlayersWorlds.Maps.Areas.RandomAreaGenerator, PlayersWorlds.Maps.Maze.AldousBroderMazeGenerator)
┌───────┬───────┬───────┬───────┬───────────────┬───────────────────────────┬───┐
│       │       │ 12  11│       │ c   b   a   9 │ 6   5   4   3   2   1   0 │   │
│   ╶───┘   ╶───┘   ╷   ╵   ╶───┘   ╶───┐   ╷   ╵   ╷   ┌───┐   ┌───┐   ┌───┤   │
│             14  13│ 10  f   e   d     │   │ 8   7 │   │   │   │   │   │   │   │
├───╴   ┌───╴   ╶───┴───────────┐   ╶───┤   │   ╶───┴───┤   ├───┘   │   │   ├───┤
│       │     15  16            │       │   │           │   │       │   │   │   │
├───╴   └───────┐   ┼   ┼   ┌───┴───┬───┴───┤   ┌───┬───┤   ╵   ╷   ╵   ╵   ╵   │
│               │ 17  18  19│       │       │   │   │   │       │               │
├───────┬───┬───┘   ┼   ┼   └───┐   └───╴   └───┤   ╵   ╵   ╷   │   ┌───────────┤
│       │   │             1a    │               │           │   │   │           │
├───┐   ╵   ├───╴   ┼   ┼   ╶───┘   ╷   ┌───╴   │   ╷   ╶───┴───┤   │   ╶───────┤
│   │       │             1b        │   │       │   │           │   │           │
│   └───╴   │   ┼   ┼   ┼   ╷   ╷   │   │   ┌───┘   │   ┌───╴   └───┘   ╶───┐   │
│           │             1c│   │   │   │   │       │   │                   │   │
├───╴   ┌───┘   ╷   ┼   ┼   └───┤   ├───┘   ╵   ┌───┴───┴───────────────────┼───┤
│       │       │         1d  1e│   │           │ 53                        │   │
├───╴   ╵   ╷   └───┐   ┼   ╷   │   ├───────┐   │   ┼   ┼   ┼   ┼   ┼   ┼   │   │
│           │       │       │ 1f│   │       │   │ 52                        │   │
├───────┐   │   ╷   │   ╷   │   └───┘   ╷   │   │   ┼   ┼   ┼   ┼   ┼   ┼   │   │
│       │   │   │   │   │   │ 20  21    │   │   │ 51                        │   │
│   ┼   ├───┴───┴───┴───┼───┴───┐   ┌───┴───┴───┤   ┼   ┼   ┼   ┼   ┼   ┼   │   │
│       │               │       │ 22│           │ 50                        │   │
│   ┼   │   ┼   ┼   ┼   │   ╷   │   │   ┼   ┼   │   ┼   ┼   ┼   ┼   ┼   ┼   │   │
│       │               │   │   │ 23│           │ 4f                        │   │
│   ┼   │   ┼   ┼   ┼   ├───┘   │   │   ┼   ┼   │   ┼   ┼   ┼   ┼   ┼   ┼   │   │
│       │               │       │ 24│           │ 4e                        │   │
│   ┼   │   ┼   ┼   ┼   ╵   ╶───┤   │   ┼   ┼   │   ┼   ┼   ┼   ┼   ┼   ┼   │   │
│       │                       │ 25│           │ 4d  4c  4b  4a  49  48    │   │
│   ┌───┤   ┼   ┼   ┼   ╷   ┌───┘   ╵   ╶───┬───┴───────────────┬───╴   ┌───┘   │
│   │   │               │   │     26  27  28│     3c  3d        │     47│       │
│   ╵   │   ┼   ┼   ┼   │   ├───┬───┬───╴   ├───╴   ╷   ┌───┐   └───┐   └───────┤
│       │               │   │   │   │ 2a  29│ 3a  3b│ 3e│   │       │ 46  45    │
│   ╶───┤   ┼   ┼   ┼   │   ╵   ╵   ╵   ╷   │   ╷   │   ╵   └───────┴───╴   ╶───┤
│       │               │ 2e  2d  2c  2b│   │ 39│   │ 3f  40  41  42  43  44    │
│   ╷   └───────────────┘   ╷   ┌───────┤   │   └───┼───╴   ┌───────╴   ╷   ╶───┤
│   │                     2f│   │       │   │ 38    │       │           │       │
├───┘   ╶───┐   ╷   ╷   ┼   └───┘   ╶───┴───┤   ╶───┼───────┴───╴   ┌───┘   ╷   │
│           │   │   │     30  31  32  33  34│ 37    │               │       │   │
│   ╷   ╷   │   └───┘   ┼   ╶───┬───────╴   ╵   ┌───┘   ╷   ╶───┐   │   ╷   └───┤
│   │   │   │                   │         35  36│       │       │   │   │       │
└───┴───┴───┴───────────────────┴───────────────┴───────┴───────┴───┴───┴───────┘

AldousBroderMazeGenerator: Generating maze 20x20 with PlayersWorlds.Maps.Maze.GeneratorOptions(Full, Auto, List`1<MapArea>(P2x3;S4x7;Hall;fixed, P<empty>;S2x5;Hall;auto), PlayersWorlds.Maps.Areas.RandomAreaGenerator, PlayersWorlds.Maps.Maze.AldousBroderMazeGenerator)
┌───────┬───────────┬───────────────────────┬───────┬───┬───────────────┬───────┐
│       │           │ 3   4   5             │       │   │               │       │
├───╴   └───╴   ╶───┤   ╶───┐   ╷   ╷   ┌───┴───╴   ╵   └───────╴   ╷   ╵   ┌───┤
│                   │ 2   1 │ 6 │   │   │ b   c   d   e             │       │   │
│   ╷   ┌───────────┼───┐   │   └───┴───┘   ┌───╴   ╷   ┼   ┼   ┼   ╵   ╷   │   │
│   │   │           │   │ 0 │ 7   8   9   a │       │ f                 │   │   │
│   ├───┤           │   └───┴───┬───────────┼───────┘   ┼   ┼   ┼   ╶───┼───┤   │
│   │   │           │           │           │         10                │   │   │
│   │   │           │   ╷   ╷   │           │   ┌───┐   ┼   ┼   ┼   ┼   │   ╵   │
│   │   │           │   │   │   │           │   │   │ 11                │       │
│   ╵   │           │   └───┤   │           │   ╵   ╵   ┼   ┼   ┼   ╷   ╵   ╶───┤
│       │           │       │   │           │         12            │           │
│   ╶───┤           ├───────┤   │           │   ┌───┐   ┼   ┼   ┼   └───╴   ╶───┤
│       │           │       │   │           │   │   │ 13  14                    │
│   ╶───┤           │   ┌───┘   └───────────┴───┤   ╵   ┼   ┼   ┼   ┌───┐   ╷   │
│       │           │   │                       │         15        │   │   │   │
│   ╷   └───────┬───┘   │   ╶───┬───┬───┐   ╷   │   ┼   ┼   ┼   ┼   │   ╵   ├───┤
│   │           │       │       │   │   │   │   │         16        │       │   │
├───┴───┬───╴   ╵   ╷   ╵   ╷   │   ╵   └───┤   └───────╴   ╷   ╷   │   ╶───┘   │
│       │           │       │   │           │             17│   │   │           │
│   ┼   ├───────────┴───┐   │   └───┐   ╶───┼───────────┐   ├───┴───┤   ╶───┐   │
│       │             3f│   │       │       │           │ 18│       │       │   │
│   ┼   │   ┼   ┼   ┼   │   └───┬───┼───╴   ╵   ┌───────┘   └───╴   ╵   ┌───┘   │
│       │             3e│       │   │           │         19            │       │
│   ┼   │   ┼   ┼   ┼   │   ┌───┤   ├───┬───┐   │   ┼   ┼   ┼   ┼   ┼   ╵   ┌───┤
│       │             3d│   │   │   │   │   │   │ 1c  1b  1a                │   │
│   ┼   │   ┼   ┼   ┼   │   ╵   │   ╵   ╵   │   ╵   ┼   ┼   ┼   ┼   ┼   ┼   │   │
│       │             3c│       │           │ 1e  1d                        │   │
│   ╶───┘   ┼   ┼   ┼   ├───╴   ├───┬───┐   ╵   ╶───╴   ╷   ╶───╴   ╷   ╷   ╵   │
│ 36  37  38  39  3a  3b│       │   │   │     1f        │           │   │       │
│   ┌───┐   ┼   ┼   ┼   │   ╷   │   ╵   ├───╴   ┌───┐   │   ╷   ╶───┼───┘   ╷   │
│ 35│   │               │   │   │       │     20│   │   │   │       │       │   │
│   ╵   │   ┼   ┼   ┼   ├───┤   └───╴   ├───╴   ╵   ├───┴───┴───────┴───────┘   │
│ 34  33│               │   │           │ 22  21    │                           │
├───╴   └───┬───────┬───┘   └───╴   ┼   ╵   ┌───╴   │   ┼   ┼   ┼   ╷   ┌───┬───┤
│     32  31│       │ 28  27  26  25  24  23│       │               │   │   │   │
│   ┌───╴   │       │   ┌───┐   ╶───┐   ╶───┴───────┤   ┼   ┼   ┼   │   ╵   ╵   │
│   │ 2f  30│       │ 29│   │       │               │               │           │
├───┘   ╶───┴───────┘   ╵   ├───╴   ╵   ╷   ┌───╴   ├───────────────┘   ╷   ╶───┤
│     2e  2d  2c  2b  2a    │           │   │       │                   │       │
└───────────────────────────┴───────────┴───┴───────┴───────────────────┴───────┘

AldousBroderMazeGenerator: Generating maze 20x20 with PlayersWorlds.Maps.Maze.GeneratorOptions(Full, Auto, List`1<MapArea>(P2x3;S4x7;Hall;fixed, P<empty>;S2x5;Hall;auto), PlayersWorlds.Maps.Areas.RandomAreaGenerator, PlayersWorlds.Maps.Maze.AldousBroderMazeGenerator)
┌───────┬───────────────────────┬───────┬───────────┬───────────────────────┬───┐
│       │                       │       │           │                       │   │
│   ╷   ╵   ╶───┬───────────────┤   ╶───┼───┐   ╶───┘   ╶───┐   ╷   ╶───┬───┤   │
│   │           │               │       │   │               │   │       │   │   │
│   │   ╶───────┤               ├───┐   ╵   └───────┬───┬───┴───┘   ╶───┘   │   │
│   │           │               │   │ 8   9   a   b │   │ f   10  11  12  13│   │
│   ├───────┐   │               │   ╵   ╶───┐   ╷   ╵   ╵   ╷   ╷   ╶───┐   ╵   │
│   │       │   │               │ 6   7     │   │ c   d   e │   │       │ 14  15│
│   │   ┼   ├───┤               │   ╶───┬───┴───┴───────────┴───┴───────┤   ╷   │
│   │       │   │               │ 5   4 │                               │   │ 16│
│   ╵   ┼   │   │               ├───┐   │                               ├───┘   │
│           │   │               │ 0 │ 3 │                               │ 18  17│
│   ╷   ┼   │   │               │   ╵   │                               │   ┌───┤
│   │       │   │               │ 1   2 │                               │ 19│   │
│   │   ┼   ├───┤               ├───┐   │                               │   ╵   │
│   │       │   │               │   │   │                               │ 1a    │
│   └───────┘   │               │   └───┴───────┬───────┬───────┬───────┤   ╶───┤
│               │               │     48  49  4a│       │       │ 21  20│ 1b  1c│
├───╴   ╶───┬───┴───────────────┴───╴   ┌───┐   │   ╶───┤   ╶───┘   ╷   └───╴   │
│           │                         47│   │ 4b│ 4e  4f│ 24  23  22│ 1f  1e  1d│
│   ╷   ┌───┴───────────┐   ╶───┬───╴   ╵   │   ╵   ╷   │   ╶───────┤   ╶───┬───┤
│   │   │               │       │ 45  46    │ 4c  4d│ 50│ 25  26  27│       │   │
│   └───┤   ┼   ┼   ┼   │   ┌───┤   ╷   ┌───┴───────┘   ├───────╴   ├───────┘   │
│       │               │   │   │ 44│   │ 54  53  52  51│     29  28│           │
│   ╷   ╵   ┼   ┼   ┼   ├───┘   ╵   │   └───┬───────────┴───┐   ╶───┘   ╶───┐   │
│   │                   │     42  43│       │               │ 2a  2b  2c    │   │
│   └───┐   ┼   ┼   ┼   ├───╴   ╶───┴───────┘   ┼   ┼   ┼   │   ╶───┐   ┌───┘   │
│       │               │     41  40  3f                    │       │ 2d│       │
│   ┼   │   ┼   ┼   ┼   ├───────────╴   ╷   ╷   ┼   ┼   ┼   │   ╷   │   └───┬───┤
│       │               │             3e│   │               │   │   │ 2e    │   │
├───────┤   ┼   ┼   ┼   │   ╷   ╶───┐   └───┴───────┬───────┘   ├───┘   ╶───┘   │
│       │               │   │       │ 3d  3c        │           │ 30  2f        │
│   ╶───┤   ┼   ┼   ┼   ├───┴───┐   │   ╷   ╶───┬───┼───┐   ╶───┤   ╷   ╷   ╶───┤
│       │               │       │   │   │ 3b  3a│   │   │       │ 31│   │       │
├───┐   └───────────────┴───────┘   ├───┴───╴   ╵   ╵   ├───────┘   │   │   ╷   │
│   │                               │         39        │ 34  33  32│   │   │   │
│   ╵   ╶───────┬───┐   ┼   ╷   ╷   └───┐   ┼   ┼   ┼   ╵   ╶───┐   │   │   ├───┤
│               │   │       │   │       │     38  37  36  35    │   │   │   │   │
├───╴   ╶───────┤   └───┐   └───┤   ╶───┴───┬───────╴   ╶───────┴───┼───┘   ╵   │
│               │       │       │           │                       │           │
└───────────────┴───────┴───────┴───────────┴───────────────────────┴───────────┘

AldousBroderMazeGenerator: Generating maze 20x20 with PlayersWorlds.Maps.Maze.GeneratorOptions(Full, Auto, List`1<MapArea>(P2x3;S4x7;Hall;fixed, P<empty>;S2x5;Hall;auto), PlayersWorlds.Maps.Areas.RandomAreaGenerator, PlayersWorlds.Maps.Maze.AldousBroderMazeGenerator)
┌───────┬───────┬───────────┬───────────────┬───────────────┬───────────────┬───┐
│       │       │           │               │               │               │   │
│   ╷   └───╴   │   ╷   ╷   ╵   ┌───╴   ╶───┘   ╶───┐   ┌───┴───────────┐   ╵   │
│   │           │   │   │       │                   │   │               │       │
├───┘   ┌───╴   │   │   ├───╴   │   ┌───────────┐   └───┤   ┼   ┼   ┼   │   ╶───┤
│       │       │   │   │       │   │           │       │               │       │
├───╴   ├───╴   │   ├───┴───┬───┘   │   ┼   ┼   │   ┌───┤   ┼   ┼   ┼   ├───╴   │
│       │       │   │       │       │           │   │   │               │       │
│   ╷   └───────┤   │   ┼   │   ┌───┤   ┼   ┼   ╵   ╵   │   ┼   ┼   ┼   ├───┐   │
│   │           │   │       │   │   │                   │               │   │   │
├───┘   ┼   ┼   ╵   │   ┼   └───┘   │   ┼   ┼   ┌───╴   │   ┼   ┼   ┼   │   │   │
│                   │               │           │       │               │   │   │
│   ╷   ┼   ┌───┐   │   ┼   ╷   ╷   │   ┼   ┼   │   ╶───┤   ┼   ┼   ┼   │   ╵   │
│   │       │   │   │       │   │   │           │       │               │       │
│   ╵   ╷   │   ╵   │   ┼   │   └───┤   ┼   ┼   │   ╷   │   ┼   ┼   ┼   │   ╷   │
│       │   │       │       │       │           │   │   │               │   │   │
│   ┌───┘   ├───┐   └───────┤   ╷   ├───────┬───┴───┴───┤   ┼   ┼   ┼   │   └───┤
│   │       │   │           │   │   │       │           │               │       │
├───┘   ╶───┘   │   ┌───╴   └───┘   │   ╷   ├───╴   ╷   ╵   ╶───────────┴───────┤
│               │   │               │   │   │       │                           │
│   ╷   ┌───────┴───┴───┬───╴   ╶───┤   │   ╵   ┌───┴───┐   ╶───┐   ╷   ╶───┐   │
│   │   │ 3   2   1   0 │           │   │       │       │       │   │       │   │
│   └───┤   ┼   ┼   ┼   │   ╶───┐   ╵   │   ╶───┘   ┌───┴───────┴───┴───────┤   │
│       │ 4             │       │       │           │                       │   │
│   ┼   │   ┼   ┼   ┼   ├───┬───┴───┐   └───┬───┐   │                       │   │
│       │ 5             │   │       │       │   │   │                       │   │
├───┬───┤   ┼   ┼   ┼   │   ╵   ┌───┼───────┘   │   │                       │   │
│   │   │ 6             │       │   │           │   │                       │   │
│   ╵   │   ┼   ┼   ┼   │   ╶───┘   └───────╴   ╵   └───────┬───────────────┼───┤
│       │ 7             │                                   │               │   │
│   ╶───┤   ┼   ┼   ┼   │   ┌───────────┐   ╶───────┬───────┘   ┌───╴   ╶───┘   │
│       │ 8             │   │           │           │           │               │
├───╴   ╵   ┼   ┼   ┼   │   │   ╷   ╶───┴───┬───╴   ╵   ┌───────┴───┬───┐   ╶───┤
│ b   a   9             │   │   │           │           │           │   │       │
│   ╶───────┬───────┬───┘   │   │   ╷   ┼   │   ╷   ╶───┤   ┼   ┼   ╵   └───────┤
│ c   d     │       │       │   │   │       │   │       │                       │
│   ╷   ┼   │   ╶───┤   ┼   │   │   └───────┴───┼───╴   ├───────────────────╴   │
│   │ e   f │       │       │   │               │       │                       │
│   └───┬───┴───╴   ╵   ╷   ╵   │   ╷   ╷   ╶───┴───────┴───┬───╴   ╷   ┌───╴   │
│       │               │       │   │   │                   │       │   │       │
└───────┴───────────────┴───────┴───┴───┴───────────────────┴───────┴───┴───────┘

AldousBroderMazeGenerator: Generating maze 20x20 with PlayersWorlds.Maps.Maze.GeneratorOptions(Full, Auto, List`1<MapArea>(P2x3;S4x7;Hall;fixed, P<empty>;S2x5;Hall;auto), PlayersWorlds.Maps.Areas.RandomAreaGenerator, PlayersWorlds.Maps.Maze.AldousBroderMazeGenerator)
┌───────────────────────────┬───────────────────────────────────────┬───────┬───┐
│                           │ 1a  19  18  17  16  15  14  13  12    │       │   │
├───╴   ╶───────┬───┬───────┤   ┌───╴   ╷   ╶───┬───────────┐   ╶───┴───┐   ╵   │
│     23  22    │   │       │ 1b│       │       │           │ 11        │       │
│   ╷   ╷   ╶───┘   └───╴   ╵   └───┐   │   ╶───┘   ╷   ╷   │   ╶───────┤   ╷   │
│   │ 24│ 21  20  1f  1e  1d  1c    │   │           │   │   │ 10  f     │   │   │
├───┘   │   ╷   ┌───┬───────────┐   ├───┴───╴   ┌───┘   │   └───┐   ╶───┘   └───┤
│ 26  25│   │   │   │           │   │           │       │       │ e   d   c     │
│   ┌───┘   │   ╵   │           │   │   ┼   ┼   │   ╶───┼───╴   └───────┐   ╷   │
│ 27│       │       │           │   │           │       │               │ b │   │
│   │   ┼   ├───┐   │           │   │   ┼   ┼   ├───┬───┴───────────────┤   └───┤
│ 28│       │   │   │           │   │           │   │                   │ a   9 │
│   │   ┼   │   ╵   │           ├───┤   ┼   ┼   │   │                   ├───┐   │
│ 29│       │       │           │   │           │   │                   │   │ 8 │
│   │   ┼   ├───╴   │           │   │   ┼   ┼   │   │                   │   ╵   │
│ 2a│       │       │           │   │           │   │                   │     7 │
│   │   ┼   ├───────┤           │   │   ┼   ┼   │   │                   ├───╴   │
│ 2b│       │       │           │   │           │   │                   │ 5   6 │
│   ├───────┘   ╶───┴───────────┤   └───────────┴───┤                   │   ╶───┤
│ 2c│ 2f  30  31  32  33  34  35│                   │                   │ 4   3 │
│   ╵   ┌───────────────┬───┐   ╵   ╷   ┌───────────┤                   │   ╷   │
│ 2d  2e│               │   │ 36  37│   │           │                   │   │ 2 │
│   ┌───┤   ┼   ┼   ┼   │   └───┐   └───┴───┐   ╶───┼───────────┬───┬───┴───┤   │
│   │   │               │       │ 38        │       │           │   │       │ 1 │
├───┤   │   ┼   ┼   ┼   │   ╶───┘   ╶───┐   ├───╴   ├───╴   ╶───┘   └───┐   │   │
│   │   │               │         39    │   │       │                   │   │ 0 │
│   ╵   │   ┼   ┼   ┼   │   ┌───╴   ╶───┴───┼───┐   ╵   ┌───┐   ┌───┐   ╵   └───┤
│       │               │   │     3a  3b    │   │       │   │   │   │           │
├───────┤   ┼   ┼   ┼   │   └───────┐   ╶───┘   └───╴   │   ╵   │   └───┐   ╷   │
│       │               │           │ 3c                │       │       │   │   │
│   ┼   │   ┼   ┼   ┼   ├───╴   ┌───┤   ╶───┐   ╶───┬───┴───────┴───╴   │   │   │
│       │               │       │   │ 3d    │       │                   │   │   │
│   ╶───┤   ┼   ┼   ┼   ╵   ╷   │   ╵   ╷   ├───┬───┘   ┼   ┼   ┼   ┼   ├───┘   │
│       │                   │   │ 3f  3e│   │   │                       │       │
│   ╷   └───┬───────┬───────┼───┤   ╶───┤   │   └───┐   ┼   ┼   ┼   ╶───┤   ╶───┤
│   │       │       │       │   │ 40    │   │ 47  48│                   │       │
│   ├───┬───┼───┐   │   ┼   │   ╵   ┌───┴───┘   ╷   ╵   ╶───┬───────────┴───────┤
│   │   │   │   │   │       │     41│ 44  45  46│ 49  4a  4b│     4f  50  51  52│
│   ╵   ╵   ╵   ╵   └───╴   └───╴   ╵   ╷   ╷   ├───╴   ╷   └───╴   ┌───────╴   │
│                                 42  43│   │   │       │ 4c  4d  4e│ 55  54  53│
└───────────────────────────────────────┴───┴───┴───────┴───────────┴───────────┘

AldousBroderMazeGenerator: Generating maze 20x20 with PlayersWorlds.Maps.Maze.GeneratorOptions(Full, Auto, List`1<MapArea>(P2x3;S4x7;Hall;fixed, P<empty>;S2x5;Hall;auto), PlayersWorlds.Maps.Areas.RandomAreaGenerator, PlayersWorlds.Maps.Maze.AldousBroderMazeGenerator)
┌───┬───────────┬───────────────────┬───────────┬───────────┬───┬───┬───────────┐
│   │           │ 7   6   5   4   3 │           │           │   │   │           │
│   ├───╴   ╶───┘   ╶───┬───────╴   │   ┼   ┼   └───╴   ┼   ╵   ╵   ├───╴   ╷   │
│   │ b   a   9   8     │ 0   1   2 │                               │       │   │
│   ╵   ╷   ┌───╴   ┌───┴───┬───────┤   ┼   ┼   ┼   ┼   ┼   ┼   ┼   └───────┘   │
│ d   c │   │       │       │       │                                           │
│   ╶───┼───┴───┬───┴───┐   ├───┐   ╵   ┼   ┼   ┼   ┼   ┼   ┼   ╶───╴   ╷   ╷   │
│ e   f │       │       │   │   │                                       │   │   │
├───┐   │   ┼   ├───╴   │   │   ├───╴   ┼   ┼   ┼   ┼   ┼   ┼   ╷   ╷   └───┤   │
│   │ 10│       │       │   │   │                               │   │       │   │
│   ╵   │   ┼   ├───╴   │   ╵   ╵   ╷   ┼   ┼   ┼   ┼   ┼   ┼   │   ├───────┴───┤
│     11│       │       │           │                           │   │           │
│   ╷   │   ┼   │   ╶───┴───┐   ╶───┤   ┼   ┼   ┼   ┼   ┼   ┼   └───┤   ╶───────┤
│   │ 12│       │ 1b  1c  1d│       │                               │           │
├───┤   │   ┼   ╵   ╶───┐   │   ╷   │   ┼   ┼   ┼   ┼   ┼   ┼   ┼   └───╴   ╷   │
│   │ 13│         1a    │ 1e│   │   │                                       │   │
│   ╵   └───┬───╴   ┌───┘   └───┤   ╵   ╶───╴   ╶───┐   ╷   ╷   ┌───┐   ┌───┘   │
│     14  15│ 18  19│     1f    │                   │   │   │   │   │   │       │
│   ╶───┐   ╵   ╷   ├───╴   ┌───┴───────╴   ╷   ┌───┼───┼───┘   │   │   └───┬───┤
│       │ 16  17│   │     20│               │   │   │   │       │   │       │   │
├───┬───┼───────┴───┘   ╷   └───┐   ╷   ┌───┴───┘   ╵   └───╴   ╵   ╵   ┌───┘   │
│   │ 4e│               │ 21  22│   │   │                               │       │
│   ╵   │   ┼   ┼   ┼   ├───╴   │   └───┤   ┼   ┼   ┼   ┼   ┼   ┼   ┼   ├───╴   │
│     4d│               │     23│       │                               │       │
│   ┼   │   ┼   ┼   ┼   │   ╷   ╵   ╶───┘   ┼   ┼   ┼   ┼   ┼   ┼   ┼   │   ╶───┤
│ 4b  4c│               │   │ 24  25  26  27  28  29  2a  2b            │       │
│   ┼   │   ┼   ┼   ┼   │   ├───┬───────┐   ┼   ┼   ┼   ┼   ┼   ┼   ┼   ├───┐   │
│ 4a    │               │   │   │       │                 2c            │   │   │
│   ╶───┤   ┼   ┼   ┼   │   ╵   ╵   ╷   │   ┼   ┼   ╷   ┼   ╶───┬───╴   ╵   ╵   │
│ 49  48│               │           │   │           │     2d    │               │
├───╴   │   ┼   ┼   ┼   ├───┬───┬───┤   │   ╶───────┘   ╷   ┌───┴───╴   ╶───────┤
│     47│               │   │   │   │   │               │ 2e│                   │
├───╴   │   ┼   ┼   ┼   │   ╵   ╵   └───┤   ╶───────┬───┘   │   ╷   ┌───╴   ┌───┤
│     46│               │               │           │     2f│   │   │       │   │
│   ╷   └───────────┬───┴───┬───╴   ╶───┤   ┼   ┼   ├───╴   └───┼───┴───┬───┘   │
│   │ 45  44  43    │       │ 3b  3a  39│           │ 31  30    │       │       │
├───┘   ┌───╴   ╶───┤       │   ┌───╴   └───────┬───┤   ╷   ┌───┼───┐   ╵   ┌───┤
│       │     42    │       │ 3c│     38  37  36│   │ 32│   │   │   │       │   │
├───────┘   ╷   ╶───┴───────┘   │   ╶───┬───╴   ╵   ╵   └───┘   ╵   ╵   ╷   ╵   │
│           │ 41  40  3f  3e  3d│       │     35  34  33                │       │
└───────────┴───────────────────┴───────┴───────────────────────────────┴───────┘

AldousBroderMazeGenerator: Generating maze 20x20 with PlayersWorlds.Maps.Maze.GeneratorOptions(Full, Auto, List`1<MapArea>(P2x3;S4x7;Hall;fixed, P<empty>;S2x5;Hall;auto), PlayersWorlds.Maps.Areas.RandomAreaGenerator, PlayersWorlds.Maps.Maze.AldousBroderMazeGenerator)
┌───┬───────────────────────────────────┬───────────────────────────────────┬───┐
│   │                                   │                                   │   │
│   ╵   ╷   ┌───╴   ╶───┬───╴   ┌───┬───┴───────────────────┬───────────┐   ╵   │
│       │   │           │       │   │                       │           │       │
│   ┌───┴───┴───┬───┐   │   ╷   ╵   │                       ├───────┐   ├───────┤
│   │           │   │   │   │       │                       │       │   │       │
│   ╵   ╶───┐   │   ├───┼───┘   ╶───┤                       │   ╶───┴───┼───╴   │
│           │   │   │   │           │                       │           │       │
│   ┌───┐   └───┘   ╵   └───┬───╴   │                       │   ╷   ╷   │   ╶───┤
│   │   │                   │       │                       │   │   │   │       │
├───┤   ├───┐   ┌───┐   ╷   ├───╴   │                       ├───┘   └───┤   ╶───┤
│   │   │   │   │   │   │   │       │                       │           │       │
│   ╵   ╵   ╵   ╵   └───┼───┴───╴   ├───────────────────────┤   ┌───╴   └───╴   │
│                       │           │                       │   │               │
│   ╶───┬───┬───╴   ╷   ├───────┐   │   ┼   ┼   ┼   ┼   ┼   │   ├───┬───┐   ┌───┤
│       │   │       │   │       │   │                       │   │   │   │   │   │
│   ┼   │   ╵   ╷   │   │   ╶───┼───┤   ┼   ┼   ┼   ┼   ┼   │   ╵   ╵   │   ╵   │
│       │       │   │   │       │   │                       │           │       │
│   ┼   │   ╶───┴───┤   └───┐   │   ├───┬───────╴   ╶───────┼───────┬───┘   ╷   │
│       │           │       │   │   │   │                   │       │       │   │
│   ┼   ├───────────┴───┐   │   │   ╵   └───╴   ┌───╴   ┌───┤   ╷   └───────┘   │
│       │               │   │   │               │       │   │   │               │
│   ┼   │   ┼   ┼   ┼   ╵   │   ╵   ┌───────────┴───────┘   ├───┴───┐   ╶───┐   │
│       │                   │       │                       │       │       │   │
├───────┤   ┼   ┼   ┼   ╷   └───╴   │   ┼   ┼   ┼   ╷   ╷   └───╴   ╵   ┌───┘   │
│       │               │           │               │   │               │       │
├───────┤   ┼   ┼   ┼   ├───╴   ╶───┤   ┼   ┼   ┼   ├───┼───┐   ┌───┬───┴───╴   │
│ 1   0 │               │           │               │   │   │   │   │           │
│   ┼   │   ┼   ┼   ┼   ├───┐   ╶───┼───────┬───┬───┤   ╵   └───┘   │   ╶───────┤
│ 2     │               │   │       │       │   │   │               │           │
│   ┼   │   ┼   ┼   ┼   │   │   ╷   │   ╷   ╵   │   ╵   ┌───────╴   ╵   ┌───╴   │
│ 3     │               │   │   │   │   │       │       │               │       │
│   ╶───┤   ┼   ┼   ┼   │   │   │   └───┘   ╶───┘   ╶───┘   ┌───┐   ╶───┤   ╷   │
│ 4   5 │               │   │   │                           │   │       │   │   │
├───╴   └───────────────┤   └───┘   ╷   ┼   ┼   ┼   ┼   ┼   ╵   │   ╶───┴───┴───┤
│     6   7   8   9     │           │                           │               │
│   ╶───────┐   ╷   ┼   ├───┬───┐   │   ┼   ┼   ┼   ┼   ┼   ┌───┘   ╶───────────┤
│           │   │ a   b │   │   │   │                       │                   │
│   ┌───────┴───┴───────┘   ╵   ╵   ╵   ╶───────┐   ╷   ╶───┤   ┌───────────╴   │
│   │                                           │   │       │   │               │
└───┴───────────────────────────────────────────┴───┴───────┴───┴───────────────┘

AldousBroderMazeGenerator: Generating maze 20x20 with PlayersWorlds.Maps.Maze.GeneratorOptions(Full, Auto, List`1<MapArea>(P2x3;S4x7;Hall;fixed, P<empty>;S2x5;Hall;auto), PlayersWorlds.Maps.Areas.RandomAreaGenerator, PlayersWorlds.Maps.Maze.AldousBroderMazeGenerator)
┌───┬───────┬───┬───┬───────────┬───┬───────┬───┬───┬───────────────────┬───────┐
│   │       │   │   │           │   │       │   │   │                   │       │
│   │   ╶───┘   ╵   └───────┐   ╵   ├───╴   │   ╵   ├───┬───────╴   ╶───┘   ┌───┤
│   │                       │       │       │       │   │                   │   │
│   ╵   ╶───┐   ╷   ╷   ╷   │   ╶───┤   ╶───┤   ╷   ╵   └───┬───┬───╴   ╶───┤   │
│           │   │   │   │   │       │       │   │           │   │           │   │
│   ┌───────┘   │   ├───┴───┼───┐   └───╴   ╵   ├───────────┘   ╵   ┌───╴   ╵   │
│   │           │   │       │   │               │                   │           │
├───┴───────╴   └───┤   ╶───┘   │   ╷   ╷   ╷   ╵   ┌───────────────┘   ╶───────┤
│                   │           │   │   │   │       │                           │
├───────┬───┐   ╷   └───╴   ╷   ╵   ├───┼───┴───────┤   ┼   ┼   ┼   ┼   ┼   ┼   │
│       │   │   │           │       │   │           │                           │
├───╴   │   ╵   └───────┐   ├───────┤   │   ┼   ┼   │   ┼   ┼   ┼   ┼   ┼   ┼   │
│       │               │   │       │   │           │                           │
├───┐   └───────╴   ┌───┘   │   ┼   │   │   ┼   ┼   │   ┼   ┼   ┼   ┼   ┼   ┼   │
│   │               │       │       │   │           │                           │
│   ├───────╴   ╶───┴───┐   ╵   ┼   │   │   ┼   ┼   │   ┼   ┼   ┼   ┼   ┼   ┼   │
│   │                   │           │   │           │                           │
│   │   ┌───╴   ╶───┐   │   ╷   ┼   │   ╵   ┼   ┼   │   ┼   ┼   ┼   ┼   ┼   ┼   │
│   │   │           │   │   │       │               │                           │
│   ╵   ├───────────┴───┤   │   ┼   │   ╷   ┼   ┼   │   ┼   ┼   ┼   ┼   ┼   ┼   │
│       │     2   1   0 │   │       │   │           │                           │
├───╴   │   ┼   ┼   ┼   │   ├───────┘   └───────────┴───┬───┬───────┬───────────┤
│       │     3         │   │                           │   │       │           │
│   ╶───┤   ┼   ┼   ┼   │   ├───┐   ╶───┐   ┌───┬───╴   ╵   ╵   ╷   └───╴   ╷   │
│       │     4         │   │   │       │   │   │               │           │   │
├───────┤   ┼   ┼   ┼   │   │   ╵   ╷   │   ╵   └───────┬───╴   ├───╴   ╷   │   │
│     11│     5         │   │       │   │               │       │       │   │   │
│   ┼   │   ┼   ┼   ┼   │   ╵   ╶───┼───┴───╴   ┌───╴   ├───────┴───────┴───┘   │
│ f   10│     6         │           │           │       │                       │
│   ╶───┤   ┼   ┼   ┼   ├───┐   ┌───┴───┐   ┌───┴───────┼───────────────╴   ╶───┤
│ e   d │     7         │   │   │       │   │           │                       │
│   ╷   │   ┼   ┼   ┼   │   ╵   │   ╶───┤   ╵   ╶───┐   └───┬───┬───┬───┬───────┤
│   │ c │     8         │       │       │           │       │   │   │   │       │
├───┘   └───╴   ┌───────┤   ┌───┴───┐   └───────────┘   ┌───┤   ╵   ╵   │   ┌───┤
│     b   a   9 │       │   │       │                   │   │           │   │   │
│   ┼   ┼   ┌───┤       ├───┤   ┼   │   ╷   ╶───┬───────┘   ╵   ╷   ╶───┘   │   │
│           │   │       │   │       │   │       │               │           │   │
│   ╷   ╷   ╵   └───────┤   │   ╶───┼───┴───╴   └───╴   ┌───╴   ├───╴   ╶───┘   │
│   │   │               │   │       │                   │       │               │
└───┴───┴───────────────┴───┴───────┴───────────────────┴───────┴───────────────┘

AldousBroderMazeGenerator: Generating maze 20x20 with PlayersWorlds.Maps.Maze.GeneratorOptions(Full, Auto, List`1<MapArea>(P2x3;S4x7;Hall;fixed, P<empty>;S2x5;Hall;auto), PlayersWorlds.Maps.Areas.RandomAreaGenerator, PlayersWorlds.Maps.Maze.AldousBroderMazeGenerator)
┌───────────┬───┬───┬───────────────┬───────────┬───────────────┬───────────┬───┐
│           │   │   │               │           │               │           │   │
│   ┌───╴   │   │   ╵   ┌───╴   ╶───┘   ╷   ╷   │   ╶───┬───────┴───────┐   ╵   │
│   │       │   │       │               │   │   │       │               │       │
├───┘   ╶───┘   └───────┼───╴   ╷   ┼   └───┼───┘   ╶───┤               ├───╴   │
│                       │       │           │           │               │       │
│   ╶───────┐   ╶───────┤   ╶───┤   ┼   ┼   ├───╴   ╷   │               ├───╴   │
│           │           │       │           │       │   │               │       │
│   ╷   ┼   │   ┌───────┴───┐   │   ┼   ┼   ╵   ╷   └───┤               │   ╷   │
│   │       │   │           │   │               │       │               │   │   │
│   │   ┼   │   │   ┼   ┼   │   ╵   ┼   ┼   ╶───┤   ╶───┤               │   └───┤
│   │       │   │           │                   │       │               │       │
│   │   ┼   │   ╵   ┼   ┼   ├───╴   ┼   ┼   ╶───┴───┐   │               │   ╶───┤
│   │       │               │                       │   │               │       │
│   │   ┼   │   ╷   ┼   ┼   │   ┼   ┼   ┼   ╶───┐   │   │               │   ╷   │
│   │       │   │           │                   │   │   │               │   │   │
│   └───────┴───┼───────────┴───╴   ┌───────────┘   └───┤               │   └───┤
│               │                   │                   │               │       │
│   ┌───╴   ╶───┘   ┌───────┐   ┌───┴───┬───╴   ┌───╴   └───┬───────────┘   ╶───┤
│   │               │       │   │       │       │           │                   │
│   ├───┬───╴   ╶───┴───┐   ╵   │   ┌───┴───╴   ├───╴   ╶───┴───────────╴   ╶───┤
│   │   │               │       │   │           │                               │
│   ╵   │   ┼   ┼   ┼   │   ┌───┘   │   ╷   ┌───┴───────╴   ╷   ╶───────────┬───┤
│       │               │   │       │   │   │               │               │   │
│   ╶───┤   ┼   ┼   ┼   ├───┘   ╷   └───┘   │   ╷   ┌───────┴───────┐   ╷   ╵   │
│       │               │       │           │   │   │               │   │       │
│   ╶───┤   ┼   ┼   ┼   │   ┌───┴───╴   ┼   ├───┘   ╵   ╶───────┐   ├───┘   ╷   │
│       │               │   │               │                   │   │       │   │
│   ┼   │   ┼   ┼   ┼   │   │   ╶───┐   ┼   │   ┌───────────────┘   └───────┴───┤
│       │               │   │       │       │   │                               │
├───────┤   ┼   ┼   ┼   │   ├───╴   ├───┐   ├───┤   ┼   ┼   ┼   ┼   ┼   ┼   ┼   │
│       │               │   │       │   │   │   │                               │
│   ╶───┤   ┼   ┼   ┼   │   ├───╴   ╵   ├───┘   │   ┼   ┼   ┼   ┼   ┼   ┼   ┼   │
│       │               │   │           │       │                               │
│   ╶───┴───┬───┬───────┼───┘   ╷   ╶───┴───╴   │   ┼   ┼   ┼   ┼   ┼   ┼   ┼   │
│           │   │       │       │               │                               │
├───┬───╴   ╵   │   ┼   │   ╶───┘   ┼   ┼   ┼   ├───────────┬───────────┬───────┤
│ 0 │           │       │                       │           │           │       │
│   ├───────╴   └───┐   ╵   ╷   ╶───────╴   ╶───┴───────┐   └───╴   ╶───┘   ╶───┤
│ 1 │               │       │                           │                       │
└───┴───────────────┴───────┴───────────────────────────┴───────────────────────┘

AldousBroderMazeGenerator: Generating maze 20x20 with PlayersWorlds.Maps.Maze.GeneratorOptions(Full, Auto, List`1<MapArea>(P2x3;S4x7;Hall;fixed, P<empty>;S2x5;Hall;auto), PlayersWorlds.Maps.Areas.RandomAreaGenerator, PlayersWorlds.Maps.Maze.AldousBroderMazeGenerator)
┌───┬───────────────────────────┬───┬───┬───┬───┬───────────────┬───┬───────────┐
│   │                           │   │   │   │   │               │   │           │
│   ╵   ╶───┐   ┌───────╴   ╷   ╵   ╵   ╵   ╵   ╵   ┼   ┼   ╶───┘   ╵   ┌───╴   │
│           │   │           │                                           │       │
│   ╷   ╶───┴───┼───────┬───┼───────┬───────┐   ┼   ┼   ┼   ┼   ┼   ┼   │   ╶───┤
│   │           │       │   │       │       │                           │       │
├───┘   ╶───┬───┤   ┼   │   │   ╷   └───╴   ╵   ┼   ┼   ┼   ┼   ┼   ┼   ├───╴   │
│           │   │       │   │   │                                       │       │
├───┬───╴   ╵   │   ┼   ╵   ╵   └───┐   ┌───╴   ┼   ┼   ┼   ┼   ┼   ┼   ╵   ╷   │
│   │           │                   │   │                                   │   │
│   └───┬───╴   │   ┼   ┌───╴   ╶───┼───┤   ╷   ┼   ┼   ┼   ┼   ┼   ┼   ┼   │   │
│       │       │       │           │   │   │                               │   │
├───╴   └───┐   │   ┼   ├───────┐   │   │   ╵   ┼   ┼   ┼   ┼   ┼   ┼   ╶───┴───┤
│           │   │       │       │   │   │                                       │
├───┐   ╶───┘   ├───┬───┴───╴   └───┘   ╵   ╷   ┼   ┼   ┼   ┼   ┼   ┼   ╶───┬───┤
│   │           │   │                       │                               │   │
│   └───╴   ┌───┘   ╵   ┌───╴   ╶───┬───╴   │   ┌───────┐   ╷   ╶───┬───╴   │   │
│           │           │           │       │   │       │   │       │       │   │
├───╴   ╶───┤   ╷   ╷   └───┬───────┴───┬───┤   ╵   ┼   ╵   ╵   ╶───┴───┬───┘   │
│           │   │   │       │           │   │                           │       │
│   ┼   ┌───┴───┴───┴───┐   └───────╴   ╵   ╵   ┼   ┼   ┼   ┼   ┼   ╷   └───╴   │
│       │               │                                           │           │
│   ┼   │   ┼   ┼   ┼   │   ╶───┬───────────┐   ┼   ┼   ┼   ┼   ┼   ╵   ╶───┬───┤
│       │               │       │           │                               │   │
│   ╷   │   ┼   ┼   ┼   │   ╷   │   ╶───┐   ╵   ┼   ┼   ┼   ┼   ┼   ┌───┬───┘   │
│   │   │               │   │   │       │                           │   │       │
└───┴───┤   ┼   ┼   ┼   │   │   │   ┌───┼───╴   ┼   ┼   ┼   ┼   ┼   │   ├───╴   │
        │               │   │   │   │   │                           │   │       │
        │   ┼   ┼   ┼   │   ├───┴───┤   └───╴   ╷   ╷   ┌───╴   ┼   │   └───╴   │
        │               │   │       │           │   │   │           │           │
        │   ┼   ┼   ┼   ╵   ╵   ┌───┴───╴   ╶───┘   └───┘   ╶───╴   ╵   ╶───┐   │
        │                       │                                           │   │
┌───┬───┤   ┼   ┼   ┼   ╷   ╷   └───┐   ┼   ┼   ┼   ┼   ┼   ┼   ┼   ┼   ╷   └───┤
│ 8 │   │               │   │       │                                   │       │
│   │   └───────┬───────┤   │   ╶───┴───┐   ┼   ┼   ┼   ┼   ┼   ┼   ┼   │   ╶───┤
│ 7 │           │       │   │           │                               │       │
│   └───╴   ╶───┤       │   │   ┼   ┌───┘   ┼   ┼   ┼   ┼   ┼   ┼   ┼   └───┐   │
│ 6   5   4     │       │   │       │                                       │   │
│   ╷   ╷   ╶───┴───────┼───┴───────┘   ╶───╴   ╶───────────╴   ╷   ╶───────┘   │
│   │   │ 3   2   1   0 │                                       │               │
└───┴───┴───────────────┴───────────────────────────────────────┴───────────────┘

AldousBroderMazeGenerator: Generating maze 20x20 with PlayersWorlds.Maps.Maze.GeneratorOptions(Full, Auto, List`1<MapArea>(P2x3;S4x7;Hall;fixed, P<empty>;S2x5;Hall;auto), PlayersWorlds.Maps.Areas.RandomAreaGenerator, PlayersWorlds.Maps.Maze.AldousBroderMazeGenerator)
┌───────┬───────┬───┬───┬───────────────────────────────────┬───────────────────┐
│       │       │   │   │         44  43  42  41  40  3f  3e│ 39  38  37  36  35│
├───╴   ├───┐   ╵   ╵   └───────┐   ╶───┬───────┐   ┌───┐   │   ╷   ╷   ╷   ╷   │
│       │   │ 4c  4b  4a  49  48│ 45    │       │   │   │ 3d│ 3a│   │   │   │ 34│
│   ┌───┘   ╵   ╷   ╶───┬───┐   ╵   ╶───┤   ╶───┴───┘   │   ╵   │   ├───┴───┘   │
│   │     4e  4d│       │   │ 47  46    │               │ 3c  3b│   │     32  33│
│   ├───╴   ╷   │   ┼   │   └───┬───┬───┘   ╷   ┌───╴   └───────┴───┼───╴   ╷   │
│   │ 50  4f│   │       │       │   │       │   │                   │     31│   │
│   ╵   ╷   └───┤   ┼   ├───┬───┤   ├───┬───┘   ├───╴   ╶───┬───╴   │   ╷   │   │
│ 52  51│       │       │   │   │   │   │       │           │       │   │ 30│   │
│   ╶───┴───┐   │   ┼   │   ╵   ╵   ╵   ╵   ┌───┴───────────┴───────┴───┤   │   │
│ 53        │   │       │                   │                           │ 2f│   │
│   ┌───────┴───┤   ┼   │   ┌───╴   ┌───┐   │                           │   └───┤
│ 54│ 57  58  59│       │   │       │   │   │                           │ 2e    │
│   ╵   ╷   ╷   └───────┴───┘   ╶───┤   └───┤                           │   ┌───┤
│ 55  56│   │ 5a  5b                │       │                           │ 2d│   │
├───────┼───┘   ╷   ╷   ┌───╴   ╷   ╵   ╶───┤                           │   ╵   │
│       │       │ 5c│   │       │           │                           │ 2c    │
│   ┼   │   ┌───┘   └───┴───┬───┴───────────┤                           │   ┌───┤
│       │   │     5d  5e  5f│               │                           │ 2b│   │
│   ┼   ├───┴───────────┐   ├───┬───────╴   │                           │   ╵   │
│       │               │ 60│   │           │                           │ 2a  29│
├───╴   │   ┼   ┼   ┼   │   ╵   └───────╴   │                           ├───╴   │
│       │               │ 61                │                           │     28│
├───╴   ╵   ┼   ┼   ┼   │   ┌───┬───┬───┬───┴───┬───────────────┬───────┴───┐   │
│                       │ 62│   │   │   │       │               │     23  24│ 27│
├───╴   ╷   ┼   ┼   ┼   │   │   ╵   ╵   │   ╶───┴───────┬───╴   ├───╴   ╷   ╵   │
│       │               │ 63│           │         1b  1c│       │ 21  22│ 25  26│
│   ╶───┤   ┼   ┼   ┼   │   │   ╶───┐   ├───────╴   ╷   ╵   ╶───┘   ╶───┼───────┤
│       │               │ 64│       │   │ 18  19  1a│ 1d  1e  1f  20    │       │
├───────┤   ┼   ┼   ┼   │   ├───╴   │   ╵   ┌───────┴───────────────┐   ╵   ┌───┤
│ 75    │               │ 65│       │     17│                       │       │   │
│   ┼   │   ┼   ┼   ┼   │   └───┐   └───┐   │   ┼   ┼   ┼   ┼   ┼   ├───────┘   │
│ 74    │               │ 66  67│       │ 16│                       │ 1   2   3 │
│   ┼   └───┬───┬───────┼───╴   │   ┼   │   │   ┼   ┼   ┼   ┼   ┼   │   ╷   ╷   │
│ 73  72  71│   │       │ 69  68│       │ 15│                       │ 0 │   │ 4 │
├───────╴   ╵   ╵   ╶───┤   ╷   └───┬───┘   ├───╴   ╶───┬───────────┼───┴───┘   │
│         70  6f  6e  6d│ 6a│       │     14│     10  f │ c   b     │ 7   6   5 │
│   ┌───╴   ╶───┐   ╷   ╵   └───┬───┘   ╷   └───╴   ╷   ╵   ╷   ╶───┘   ╷   ╷   │
│   │           │   │ 6c  6b    │       │ 13  12  11│ e   d │ a   9   8 │   │   │
└───┴───────────┴───┴───────────┴───────┴───────────┴───────┴───────────┴───┴───┘

AldousBroderMazeGenerator: Generating maze 20x20 with PlayersWorlds.Maps.Maze.GeneratorOptions(Full, Auto, List`1<MapArea>(P2x3;S4x7;Hall;fixed, P<empty>;S2x5;Hall;auto), PlayersWorlds.Maps.Areas.RandomAreaGenerator, PlayersWorlds.Maps.Maze.AldousBroderMazeGenerator)
┌───────┬───────────────────┬───────┬───┬───────────┬───┬───────┬───┬───────────┐
│       │                   │       │   │           │   │       │   │           │
│   ╷   └───╴   ┌───┬───────┤   ╶───┘   ╵   ╶───┬───┘   ╵   ╷   ╵   │   ┌───╴   │
│   │           │   │       │                   │           │       │   │       │
├───┘   ╶───┐   │   │   ┼   ├───╴   ┼   ┼   ┌───┤   ┼   ┼   └───┐   └───┼───╴   │
│           │   │   │       │               │   │               │       │       │
│   ╷   ┼   └───┘   │   ┼   ├───┐   ┼   ┼   ╵   ╵   ┼   ┼   ┼   └───┐   └───╴   │
│   │               │       │   │                                   │           │
│   ╵   ┼   ┼   ╶───┤   ┼   │   │   ┼   ┼   ╷   ╷   ┼   ┼   ┼   ╶───┴───────┐   │
│                   │       │   │           │   │                           │   │
├───┐   ╷   ┌───┬───┤   ┼   ╵   │   ╶───────┤   │   ┌───╴   ┌───╴   ╶───┐   └───┤
│   │   │   │   │   │           │           │   │   │       │           │       │
│   └───┘   ╵   │   └───────╴   ╵   ╷   ┌───┤   ├───┼───╴   │   ┌───────┴───────┤
│               │                   │   │   │   │   │       │   │               │
│   ╷   ╶───┬───┼───╴   ╷   ╷   ╷   ├───┘   │   ╵   └───╴   └───┤   ┼   ┼   ┼   │
│   │       │   │       │   │   │   │       │                   │               │
│   └───────┘   ╵   ┌───┘   └───┴───┤   ╶───┴───┐   ┼   ┼   ┼   │   ┼   ┼   ┼   │
│                   │               │           │               │               │
├───────────╴   ╷   │   ┌───╴   ┌───┘   ╷   ╷   ╵   ╷   ┌───┐   └───────┐   ┌───┤
│               │   │   │       │       │   │       │   │   │           │   │   │
│   ╶───┬───────┴───┴───┼───┐   ├───╴   └───┤   ╷   ╵   ╵   └───┐   ╷   │   ╵   │
│       │               │   │   │           │   │               │   │   │       │
│   ┼   │   ┼   ┼   ┼   │   ╵   └───┬───┬───┴───┼───────────┬───┘   └───┤   ╶───┤
│       │               │           │   │       │           │           │       │
├───────┤   ┼   ┼   ┼   ├───────╴   ╵   │   ╷   │   ┼   ┼   │   ┌───┐   └───┐   │
│       │               │               │   │   │           │   │   │       │   │
├───╴   │   ┼   ┼   ┼   ╵   ╷   ╶───┬───┘   ├───┴───────╴   ╵   ╵   ├───┐   ╵   │
│       │                   │       │       │                       │   │       │
│   ┼   │   ┼   ┼   ┼   ┌───┼───╴   ├───╴   ├───╴   ╶───────╴   ╷   │   └───╴   │
│ d   c │               │   │       │       │                   │   │           │
│   ╷   │   ┼   ┼   ┼   │   └───┐   └───╴   └───┐   ┼   ┼   ╶───┼───┤   ┌───╴   │
│ e │ b │               │       │               │               │   │   │       │
│   │   │   ┼   ┼   ┼   │   ┌───┘   ┌───┬───┬───┘   ┌───────┬───┘   ╵   ├───────┤
│ f │ a │               │   │       │   │   │       │       │           │       │
│   │   └───────────┬───┘   ╵   ╷   ╵   ╵   ╵   ╶───┼───╴   └───╴   ┌───┘   ╶───┤
│ 10│ 9   8   7     │           │                   │               │           │
│   ├───────┐   ╶───┴───────┐   ├───────╴   ╶───┬───┴───────┐   ╷   └───┐   ╷   │
│ 11│ 0     │ 6   5         │   │               │           │   │       │   │   │
│   │   ┼   └───╴   ╷   ┼   │   │   ┼   ╷   ╶───┤           │   └───┐   └───┘   │
│ 12│ 1   2   3   4 │       │   │       │       │           │       │           │
└───┴───────────────┴───────┴───┴───────┴───────┘           └───────┴───────────┘

AldousBroderMazeGenerator: Generating maze 20x20 with PlayersWorlds.Maps.Maze.GeneratorOptions(Full, Auto, List`1<MapArea>(P2x3;S4x7;Hall;fixed, P<empty>;S2x5;Hall;auto), PlayersWorlds.Maps.Areas.RandomAreaGenerator, PlayersWorlds.Maps.Maze.AldousBroderMazeGenerator)
┌───┬───────────────────────────────┬───────────┬───────┬───────────┬───┬───┬───┐
│   │ 4   5   6   7   8             │ e   f   10│       │           │   │   │   │
│   ╵   ╶───────────┐   ╶───────────┘   ┌───╴   └───┐   │   ╶───────┘   ╵   │   │
│ 2   3             │ 9   a   b   c   d │     11    │   │                   │   │
│   ╷   ╶───────┬───┴───┬───────────────┼───╴   ╶───┤   ├───────────┐   ╶───┤   │
│ 1 │           │       │               │     12  13│   │           │       │   │
│   ├───────────┼───╴   └───╴   ╶───────┤   ┌───╴   ╵   │   ╶───┬───┴───╴   ╵   │
│ 0 │           │                       │   │     14  15│       │               │
├───┤           │   ┌───────┐   ╶───────┘   │   ┌───╴   │   ╶───┘   ┌───┬───────┤
│   │           │   │       │               │   │ 17  16│           │   │       │
│   │           ├───┤   ┼   │   ╶───┬───╴   ├───┘   ╶───┘   ╷   ┌───┘   │   ╷   │
│   │           │   │       │       │       │     18        │   │       │   │   │
│   │           │   │   ┼   │   ┌───┘   ┌───┼───╴   ╶───────┴───┘   ┌───┴───┘   │
│   │           │   │       │   │       │   │     19                │           │
├───┤           │   │   ┼   ╵   ├───╴   ╵   └───╴   ╶───┬───────┐   └───────╴   │
│   │           │   │           │                 1a    │       │               │
│   │           │   │   ┼   ┌───┤   ┼   ┼   ┼   ┼   ╷   ╵   ┼   ╵   ┼   ╶───────┤
│   │           │   │       │   │                 1b│                           │
│   └───────────┼───┴───┬───┤   ╵   ┼   ┼   ┼   ┼   ╵   ┼   ┼   ┼   ┼   ┼   ┼   │
│ 48  49  4a  4b│       │   │                     1c                            │
│   ╶───┬───────┴───────┤   ╵   ╷   ┼   ┼   ┼   ┼   ╷   ┼   ┼   ┼   ┼   ┼   ╷   │
│ 47    │               │       │                 1d│                       │   │
│   ┌───┤   ┼   ┼   ┼   ├───────┘   ┼   ┼   ┼   ┼   ╵   ┼   ┼   ┼   ┼   ┼   ╵   │
│ 46│   │               │                         1e  1f                        │
│   ╵   │   ┼   ┼   ┼   │   ╶───╴   ┼   ┼   ┼   ┼   ╷   ┼   ┼   ┼   ┼   ┼   ╷   │
│ 45  44│               │                           │ 20  21                │   │
├───┐   ╵   ┼   ┼   ┼   │   ╶───────────┐   ╷   ╷   ├───┐   ┼   ┌───┐   ╶───┤   │
│   │ 43                │               │   │   │   │   │ 22    │   │       │   │
│   ╵   ╷   ┼   ┼   ┼   │   ┌───╴   ┌───┴───┴───┴───┤   ╵   ┌───┘   ├───────┘   │
│ 41  42│               │   │       │               │     23│       │           │
│   ╷   │   ┼   ┼   ┼   ├───┴───╴   └───────┐   ╷   └───┐   └───┐   ╵   ┌───┐   │
│ 40│   │               │                   │   │       │ 24    │       │   │   │
│   │   │   ┼   ┼   ┼   ├───────┬───────┬───┘   └───┬───┘   ┌───┴───┐   ╵   └───┤
│ 3f│   │               │       │       │           │     25│       │           │
│   └───┴───────┬───────┤   ┌───┤   ╷   ╵   ┼   ┌───┴───╴   └───┐   ╵   ┌───┐   │
│ 3e  3d        │       │   │   │   │     2e  2d│         26    │       │   │   │
│   ╷   ╶───────┤       │   │   └───┴───┐   ╷   └───┬───┐   ╶───┤   ┌───┤   ╵   │
│   │ 3c  3b    │       │   │ 34  33  32│ 2f│ 2c  2b│   │ 27    │   │   │       │
│   ├───╴   ╶───┴───────┘   ╵   ┌───╴   ╵   ├───╴   ╵   ╵   ╶───┘   │   └───╴   │
│   │     3a  39  38  37  36  35│     31  30│     2a  29  28        │           │
└───┴───────────────────────────┴───────────┴───────────────────────┴───────────┘

AldousBroderMazeGenerator: Generating maze 20x20 with PlayersWorlds.Maps.Maze.GeneratorOptions(Full, Auto, List`1<MapArea>(P2x3;S4x7;Hall;fixed, P<empty>;S2x5;Hall;auto), PlayersWorlds.Maps.Areas.RandomAreaGenerator, PlayersWorlds.Maps.Maze.AldousBroderMazeGenerator)
┌───┬───────────────────┬───────────┬───────────┬───────┬───────────┬───────┬───┐
│   │                   │           │           │       │           │       │   │
│   ├───┬───────┐   ╶───┼───────┐   ╵   ╶───┐   └───╴   │   ╷   ╶───┼───╴   ╵   │
│   │   │       │       │       │           │           │   │       │           │
│   ╵   ╵   ╶───┘   ╶───┼───╴   ├───╴   ┌───┤   ╶───┬───┴───┴───╴   └───┐   ╷   │
│                       │       │       │   │       │                   │   │   │
│   ╷   ┌───────╴   ╷   └───┐   ├───╴   ╵   ├───────┤   ╶───┐   ╷   ╷   ╵   └───┤
│   │   │           │       │   │           │       │       │   │   │           │
├───┴───┴───────╴   ├───────┤   ╵   ╷   ╶───┴───┐   ╵   ╷   └───┤   ├───┬───────┤
│ e   f   10  11  12│       │       │           │       │       │   │   │       │
│   ┌───────────┐   │   ┼   ├───────┴───╴   ╶───┘   ╶───┴───────┘   ╵   │   ╶───┤
│ d │ 2   1   0 │ 13│       │                                           │       │
│   │   ┼   ┼   │   │   ┼   ├───╴   ┌───┐   ┼   ┼   ┼   ┼   ┼   ┼   ╷   └───╴   │
│ c │ 3         │ 14│       │       │   │                           │           │
│   │   ┼   ┼   │   │   ┼   ├───╴   ╵   ╵   ┼   ┼   ┼   ┼   ┼   ┼   └───────┐   │
│ b │ 4         │ 15│       │                                               │   │
│   │   ┼   ┼   │   │   ┼   ╵   ╶───┬───┐   ┼   ┼   ┼   ┼   ┼   ┼   ╶───────┤   │
│ a │ 5         │ 16│               │   │                                   │   │
│   │   ╶───────┤   └───────────╴   │   ╵   ┼   ┼   ┼   ┼   ┼   ┼   ┌───────┘   │
│ 9 │ 6         │ 17  18  19  1a  1b│                               │           │
│   ╵   ┌───────┴───────┬───────╴   └───╴   ┼   ┼   ┼   ┼   ┼   ┼   └───┐   ╶───┤
│ 8   7 │               │         1c  1d  1e                            │       │
│   ╷   │   ┼   ┼   ┼   │   ┌───╴   ┌───╴   ┼   ┼   ┼   ┼   ┼   ┼   ╶───┤   ╷   │
│   │   │               │   │       │     1f                            │   │   │
├───┤   │   ┼   ┼   ┼   ╵   └───────┼───┐   ╷   ┼   ┌───────────┐   ╶───┘   │   │
│ 3c│   │                           │   │ 20│       │           │           │   │
│   └───┤   ┼   ┼   ┼   ╷   ┌───────┘   │   │   ┌───┤   ╷   ╶───┘   ╷   ┌───┘   │
│ 3b  3a│               │   │           │ 21│   │   │   │           │   │       │
├───┐   │   ┼   ┼   ┼   ├───┤   ╶───────┘   └───┘   └───┘   ╶───╴   └───┤   ╶───┤
│   │ 39│               │   │             22                            │       │
│   ╵   │   ┼   ┼   ┼   │   ├───────────┐   ┼   ┼   ┼   ┼   ┼   ┼   ┼   ├───┐   │
│ 37  38│               │   │           │ 23                            │   │   │
│   ╶───┤   ┼   ┼   ┼   │   ├───────┐   ╵   ┼   ┼   ┼   ┼   ┼   ┼   ┼   ╵   │   │
│ 36  35│               │   │ 29  28│     24                                │   │
│   ╷   └───────────┬───┘   ╵   ╷   └───╴   ┼   ┼   ┼   ┼   ┼   ┼   ┼   ╷   │   │
│   │ 34  33  32  31│ 2c  2b  2a│ 27  26  25                            │   │   │
├───┘   ┌───────┐   │   ┼   ╶───┼───┬───┐   ╶───╴   ┌───╴   ╷   ┌───────┘   └───┤
│       │       │ 30│ 2d        │   │   │           │       │   │               │
├───╴   ╵   ╶───┤   ╵   ╷   ╷   ╵   ╵   ╵   ╶───┐   │   ╶───┴───┼───────╴   ╶───┤
│               │ 2f  2e│   │                   │   │           │               │
└───────────────┴───────┴───┴───────────────────┴───┴───────────┴───────────────┘

AldousBroderMazeGenerator: Generating maze 20x20 with PlayersWorlds.Maps.Maze.GeneratorOptions(Full, Auto, List`1<MapArea>(P2x3;S4x7;Hall;fixed, P<empty>;S2x5;Hall;auto), PlayersWorlds.Maps.Areas.RandomAreaGenerator, PlayersWorlds.Maps.Maze.AldousBroderMazeGenerator)
┌───────┬───────┬───────────────────┬───────────┬───────────────┬───────────────┐
│       │       │                   │           │               │               │
├───╴   └───┬───┼───────────┬───╴   └───╴   ╶───┼───┐   ╷   ╶───┼───┐   ╷   ┌───┤
│           │ 0 │           │ 8   9   a         │   │   │       │   │   │   │   │
│   ╶───────┤   ├───────╴   ╵   ┌───╴   ┌───────┘   ╵   │   ┌───┤   └───┴───┤   │
│           │ 1 │ 4   5   6   7 │ c   b │ 10  11        │   │   │           │   │
├───┬───────┤   ╵   ┌───────╴   │   ╶───┘   ╷   ╶───────┴───┘   └───┐   ╷   ╵   │
│   │       │ 2   3 │           │ d   e   f │ 12                    │   │       │
│   │   ┼   │   ╷   │   ┼   ┼   │   ╶───┬───┘   ┼   ┼   ┼   ┼   ┼   └───┤   ╷   │
│   │       │   │   │           │       │     13                        │   │   │
│   │   ┼   └───┴───┤   ┼   ┼   │   ┌───┤   ┼   ┼   ┼   ┼   ┼   ┼   ╶───┤   │   │
│   │               │           │   │   │     14                        │   │   │
│   │   ┼   ╷   ┌───┤   ┼   ┼   │   ╵   ├───╴   ┼   ┼   ┼   ┼   ┼   ┌───┤   ├───┤
│   │       │   │   │           │       │     15                    │   │   │   │
│   │   ┼   │   ╵   └───────────┴───────┴───┐   ┼   ┼   ┼   ┼   ┼   ╵   │   ╵   │
│   │       │ 24  23  22  21                │ 16                        │       │
│   └───┬───┘   ┌───╴   ╷   ┌───┐   ┌───────┘   ┌───────┬───╴   ┌───╴   ╵   ┌───┤
│       │ 26  25│       │ 20│   │   │ 19  18  17│       │       │           │   │
├───┐   ╵   ╷   └───┐   │   ╵   └───┤   ┌───╴   ╵   ╷   ╵   ╷   │   ╷   ╶───┤   │
│   │ 28  27│       │   │ 1f  1e    │ 1a│           │       │   │   │       │   │
│   ╵   ╷   └───────┴───┼───╴   ╶───┘   ├───────────┴───────┴───┴───┘   ┌───┘   │
│     29│               │     1d  1c  1b│                               │       │
│   ┼   │   ┼   ┼   ┼   │   ┌───┬───╴   │   ┼   ┼   ┼   ┼   ┼   ┼   ┼   ├───────┤
│     2a│               │   │   │       │                               │       │
│   ┼   │   ┼   ┼   ┼   ├───┤   ╵   ┌───┤   ┼   ┼   ┼   ┼   ┼   ┼   ┼   ├───╴   │
│     2b│               │   │       │   │                               │       │
├───╴   │   ┼   ┼   ┼   │   └───╴   │   │   ┼   ┼   ┼   ┼   ┼   ┼   ┼   │   ╷   │
│     2c│               │           │   │                               │   │   │
├───╴   │   ┼   ┼   ┼   │   ┌───┐   ╵   └───┬───────────────┬───┬───┬───┘   └───┤
│     2d│               │   │   │           │               │   │   │           │
├───╴   │   ┼   ┼   ┼   │   │   │   ┌───╴   ╵   ┌───────╴   │   ╵   ╵   ╶───┐   │
│ 2f  2e│               │   │   │   │           │           │               │   │
│   ╷   │   ┼   ┼   ┼   │   ╵   ├───┘   ┌───╴   └───┬───╴   ╵   ╶───────┬───┤   │
│ 30│   │               │       │       │           │                   │   │   │
│   ├───┴───────────┬───┘   ╷   └───┐   │   ┼   ┼   ├───╴   ┼   ┼   ┼   ╵   ╵   │
│ 31│ 3a  39  38    │       │       │   │           │                           │
│   │   ┼   ╷   ┌───┤   ┼   │   ╶───┼───┴───┬───┐   └───╴   ┼   ┼   ┼   ╶───┬───┤
│ 32│ 3b    │ 37│   │       │       │       │   │                           │   │
│   └───────┘   ╵   ├───────┘   ┌───┘   ╷   ╵   ╵   ╷   ╶───────────────╴   ╵   │
│ 33  34  35  36    │           │       │           │                           │
└───────────────────┴───────────┴───────┴───────────┴───────────────────────────┘

AldousBroderMazeGenerator: Generating maze 20x20 with PlayersWorlds.Maps.Maze.GeneratorOptions(Full, Auto, List`1<MapArea>(P2x3;S4x7;Hall;fixed, P<empty>;S2x5;Hall;auto), PlayersWorlds.Maps.Areas.RandomAreaGenerator, PlayersWorlds.Maps.Maze.AldousBroderMazeGenerator)
┌───────┬───┬───┬───────┬───┬───────┬───────────────┬───────────────────────────┐
│       │   │   │       │   │       │               │                           │
├───┐   │   ╵   ├───╴   ╵   ╵   ┌───┴───╴   ╶───┬───┴───────┬───────┐   ╶───┬───┤
│   │   │       │               │               │           │       │       │   │
│   ╵   ╵   ╶───┘   ╷   ┌───────┤   ┌───────────┤   ╷   ┌───┘   ╶───┘   ┌───┘   │
│                   │   │       │   │           │   │   │               │       │
├───────────┐   ╷   │   │   ┼   ├───┤           │   └───┘   ╷   ╶───┬───┤   ╷   │
│           │   │   │   │       │   │           │           │       │   │   │   │
├───╴   ╷   └───┼───┘   │   ┼   │   │           │   ╶───────┴───╴   ╵   └───┘   │
│       │       │       │       │   │           │                               │
│   ┌───┴───┐   ╵   ┼   │   ┼   │   │           │   ┼   ┼   ┼   ┼   ┼   ┼   ┼   │
│   │       │           │       │   │           │                               │
│   │       │   ┼   ┼   │   ┼   │   │           │   ┼   ┼   ┼   ┼   ┼   ┼   ┼   │
│   │       │           │       │   │           │                               │
│   │       ├───╴   ┼   │   ╶───┘   │           │   ┼   ┼   ┼   ┼   ┼   ┼   ┼   │
│   │       │           │           │           │                               │
│   └───────┼───┬───╴   ├───╴   ╷   └───────────┘   ┌───┐   ┼   ╷   ╷   ┼   ┼   │
│           │   │       │       │                   │   │       │   │           │
├───╴   ╷   ╵   └───┐   └───────┤   ╷   ╷   ╶───┐   ╵   ╵   ╷   └───┤   ╶───┐   │
│       │           │           │   │   │       │           │       │       │   │
├───╴   ├───────────┴───┐   ╷   ╵   ├───┴───┬───┼───┬───────┴───╴   ├───────┼───┤
│       │               │   │       │       │   │   │               │       │   │
│   ╶───┤   ┼   ┼   ┼   │   ├───┐   ╵   ┌───┘   ╵   ╵   ┌───────┐   ├───┐   ╵   │
│       │               │   │   │       │               │       │   │   │       │
└───────┤   ┼   ┼   ┼   │   │   ├───────┴───┬───╴   ╶───┴───╴   ╵   ╵   ╵   ╷   │
        │               │   │   │           │                               │   │
        │   ┼   ┼   ┼   │   ╵   │   ╷   ╶───┴───────╴   ┼   ┼   ┼   ╶───╴   └───┤
        │               │       │   │                                           │
┌───────┤   ┼   ┼   ┼   │   ╷   └───┼───────┐   ┌───┐   ┼   ┼   ┼   ╶───╴   ╶───┤
│       │               │   │       │       │   │   │                           │
├───┐   ╵   ┼   ┼   ┼   ├───┼───────┘   ╶───┴───┘   ├───┐   ╶───────────╴   ┌───┤
│   │                   │   │                       │   │                   │   │
│   └───┐   ┼   ┼   ┼   │   ╵   ┌───────────╴   ╶───┘   ╵   ╷   ╶───┐   ╷   ╵   │
│       │               │       │                           │       │   │       │
│   ╶───┴───┬───────────┘   ┌───┴───┬───────┐   ╷   ╶───┬───┴───────┼───┴───╴   │
│ 3   2     │               │       │       │   │       │           │           │
│   ╷   ┼   ├───────┐   ╷   ╵   ╷   ╵   ┼   │   └───┐   │           ├───┐   ╷   │
│ 4 │ 1   0 │       │   │       │           │       │   │           │   │   │   │
│   └───────┤   ╷   ╵   │   ╶───┤   ╶───────┤   ╶───┤   └───┬───────┘   ├───┘   │
│ 5   6   7 │   │       │       │           │       │       │           │       │
└───────────┴───┴───────┴───────┴───────────┴───────┴───────┴───────────┴───────┘

AldousBroderMazeGenerator: Generating maze 20x20 with PlayersWorlds.Maps.Maze.GeneratorOptions(Full, Auto, List`1<MapArea>(P2x3;S4x7;Hall;fixed, P<empty>;S2x5;Hall;auto), PlayersWorlds.Maps.Areas.RandomAreaGenerator, PlayersWorlds.Maps.Maze.AldousBroderMazeGenerator)
┌───────────┬───────────────┬───────────┬───────┬───┬───────────────────────────┐
│           │               │           │ 15  14│   │ 10  f   e   d   c   b   a │
│   ┌───────┼───┐   ┌───╴   ├───╴   ╶───┤   ╷   ╵   ╵   ┌───────────┐   ╷   ╷   │
│   │       │   │   │       │           │ 16│ 13  12  11│ 0   1   2 │   │   │ 9 │
│   │   ┼   │   └───┘   ╶───┘   ┼   ┼   ╵   ├───╴   ╶───┼───┬───╴   └───┼───┘   │
│   │       │                     19  18  17│           │   │     3   4 │ 7   8 │
│   │   ┼   ├───────╴   ╶───╴   ┼   ┼   ╷   ├───────────┘   └───┐   ╷   ╵   ╶───┤
│   │       │                     1a    │   │                   │   │ 5   6     │
├───┤   ┼   ├───────────╴   ┼   ┼   ┼   ╵   └───┬───┬───────┐   └───┴───────────┤
│   │       │     1f  1e  1d  1c  1b            │   │       │                   │
│   ╵   ┼   ├───┐   ┌───────╴   ┌───────┐   ╷   │   │   ╶───┤   ╶───────┬───────┤
│           │   │ 20│           │       │   │   │   │       │           │       │
│   ╶───┬───┘   ╵   ├───────┐   ╵   ┌───┴───┼───┘   ╵   ╶───┘   ┌───╴   ╵   ╷   │
│       │ 23  22  21│       │       │       │                   │           │   │
│   ╷   │   ╷   ╶───┴───╴   └───────┘   ╶───┼───┐   ╷   ╷   ╶───┴───────────┘   │
│   │   │ 24│                               │   │   │   │                       │
│   └───┘   ├───╴   ╶───┬───┐   ┌───╴   ┌───┘   ╵   └───┘   ┼   ┼   ┼   ┼   ┼   │
│         25│           │   │   │       │                                       │
│   ┼   ┼   └───────────┘   └───┴───────┴───╴   ┼   ┼   ┼   ┼   ┼   ┼   ┼   ┼   │
│         26  27  28  29  2a  2b  2c  2d  2e  2f                                │
│   ┼   ┌───────────────┬───────┐   ┼   ╷   ╷   ┼   ┼   ┼   ┼   ┼   ┼   ┼   ┼   │
│       │               │       │       │   │ 30                                │
│   ┼   │   ┼   ┼   ┼   │   ╷   ╵   ┼   └───┤   ┼   ┼   ┼   ┼   ┼   ┼   ┼   ┼   │
│       │               │   │               │ 31  32                            │
│   ╶───┤   ┼   ┼   ┼   ╵   │   ┌───╴   ╷   ├───╴   ┌───┐   ╶───┬───────┬───╴   │
│       │                   │   │       │   │     33│   │       │       │       │
├───╴   │   ┼   ┼   ┼   ╷   ├───┘   ╶───┴───┤   ╷   ╵   └───┬───┼───┐   └───╴   │
│       │               │   │               │   │ 34        │   │   │           │
└───────┤   ┼   ┼   ┼   ├───┼───────┐   ╶───┴───┤   ╶───────┤   ╵   │   ╶───┐   │
        │               │   │       │           │ 35        │       │       │   │
        │   ┼   ┼   ┼   │   ╵   ╶───┴───────╴   ╵   ┌───┬───┤   ╷   ╵   ┌───┤   │
        │               │     3b  3a  39  38  37  36│   │   │   │       │   │   │
        │   ┼   ┼   ┼   ├───┐   ┌───╴   ┌───────┐   │   ╵   └───┘   ╶───┤   │   │
        │               │   │ 3c│       │       │   │                   │   │   │
┌───────┴───────┬───────┘   ╵   ├───┐   │   ┌───┴───┴───╴   ┼   ┼   ┼   │   │   │
│ 46  45  44  43│ 40  3f  3e  3d│   │   │   │                           │   │   │
│   ┌───────╴   ╵   ┌───────┬───┘   ╵   ╵   ╵   ╷   ┌───╴   ┼   ┼   ┼   │   ╵   │
│ 47│         42  41│       │                   │   │                   │       │
│   │   ┼   ╷   ╶───┤       │   ╶───┬───╴   ╷   │   └───┐   ┼   ╷   ┌───┴───╴   │
│ 48│       │       │       │       │       │   │       │       │   │           │
└───┴───────┴───────┘       └───────┴───────┴───┴───────┴───────┴───┴───────────┘

AldousBroderMazeGenerator: Generating maze 20x20 with PlayersWorlds.Maps.Maze.GeneratorOptions(Full, Auto, List`1<MapArea>(P2x3;S4x7;Hall;fixed, P<empty>;S2x5;Hall;auto), PlayersWorlds.Maps.Areas.RandomAreaGenerator, PlayersWorlds.Maps.Maze.AldousBroderMazeGenerator)
┌───────┬───────┬───────────┬───┬───────┬───┬───┬───────┬───────┬───────────┬───┐
│       │       │           │   │       │   │   │       │       │ 7   6   5 │   │
│   ╶───┘   ╷   ├───╴   ╷   ╵   └───╴   ╵   │   ╵   ╷   ╵   ╶───┤   ╷   ╷   ╵   │
│           │   │       │                   │       │           │ 8 │   │ 4   3 │
│   ╷   ╷   │   ├───────┴───────┬───────╴   ├───────┘   ╶───╴   ╵   │   ├───┐   │
│   │   │   │   │               │           │                     9 │   │   │ 2 │
│   ├───┴───┤   ╵   ╶───┬───────┘   ┌───┐   │   ╷   ┼   ┼   ┼   ┼   └───┘   │   │
│   │       │           │           │   │   │   │                 a   b   c │ 1 │
│   │   ┼   │   ┌───────┘   ╶───┐   ╵   └───┴───┤   ┼   ┼   ┼   ┼   ┼   ╷   │   │
│   │       │   │               │               │                       │ d │ 0 │
│   │   ┼   ├───┴───┐   ┼   ┼   └───────╴   ┌───┤   ┼   ┼   ┼   ┼   ┼   │   └───┤
│   │       │       │                       │   │                       │ e     │
│   │   ┼   ├───╴   │   ┼   ┼   ┌───┬───┬───┘   ╵   ┼   ┼   ┼   ┼   ╷   │   ╶───┤
│   │       │       │           │   │   │                           │   │ f     │
│   ╵   ┼   │   ╶───┘   ┼   ┼   ╵   ╵   └───┐   ╷   ┼   ┼   ┼   ┼   │   │   ╶───┤
│           │                               │   │                   │   │ 10    │
│   ╶───────┘   ┌───────┬───┐   ╷   ╶───────┤   ╵   ╷   ╶───┐   ╷   │   │   ╶───┤
│               │       │   │   │           │       │       │   │   │   │ 11    │
├───╴   ╷   ╷   └───╴   ╵   │   │   ┌───╴   └───╴   │   ╶───┴───┼───┴───┤   ╷   │
│       │   │               │   │   │               │           │       │ 12│   │
│   ┌───┼───┴───────╴   ╷   │   ├───┘   ┌───────────┴───────────┴───────┤   └───┤
│   │   │               │   │   │       │                               │ 13    │
│   ╵   │   ┼   ┼   ┼   │   │   │   ╷   │                               │   ┌───┤
│       │               │   │   │   │   │                               │ 14│   │
│   ╷   │   ┼   ┼   ┼   ├───┼───┘   └───┤                               │   ╵   │
│   │   │               │   │           │                               │ 15  16│
├───┤   │   ┼   ┼   ┼   │   └───────────┤                               │   ╷   │
│   │   │               │     29  28    │                               │   │ 17│
│   ╵   │   ┼   ┼   ┼   │   ╷   ╷   ┌───┴───────────────────────────────┼───┘   │
│       │               │   │ 2a│ 27│     23  22  21  20  1f  1e  1d  1c│ 19  18│
│   ╷   │   ┼   ┼   ┼   │   │   │   └───╴   ╷   ┌───┬───╴   ╶───────┐   ╵   ┌───┤
│   │   │               │   │ 2b│ 26  25  24│   │   │               │ 1b  1a│   │
│   │   │   ┼   ┼   ┼   ├───┘   │   ╷   ╶───┼───┘   ├───────────╴   └───┬───┘   │
│   │   │               │     2c│   │       │       │                   │       │
│   │   └───┬───┬───┬───┴───┐   ├───┤   ┼   │   ╶───┤   ┼   ┼   ╷   ╷   └───┐   │
│   │       │   │   │       │ 2d│   │       │       │           │   │       │   │
│   │   ┼   │   ╵   │   ┼   │   │   └───┬───┴───────┴───────┬───┴───┘   ╷   ╵   │
│   │       │       │       │ 2e│       │ 33  34  35        │           │       │
│   └───────┘   ╷   └───╴   ╵   └───╴   ╵   ╶───┐   ╶───┬───┴───╴   ┌───┴───────┤
│               │             2f  30  31  32    │ 36  37│           │           │
└───────────────┴───────────────────────────────┴───────┴───────────┴───────────┘

AldousBroderMazeGenerator: Generating maze 20x20 with PlayersWorlds.Maps.Maze.GeneratorOptions(Full, Auto, List`1<MapArea>(P2x3;S4x7;Hall;fixed, P<empty>;S2x5;Hall;auto), PlayersWorlds.Maps.Areas.RandomAreaGenerator, PlayersWorlds.Maps.Maze.AldousBroderMazeGenerator)
┌───────────────────┬───────┬───────────────┬───────────┬───────┬───────┬───────┐
│                   │       │               │ 2b  2c  2d│       │       │ 0   1 │
├───────╴   ┌───────┴───────┤   ╷   ┌───╴   ╵   ╷   ╷   │   ╷   │   ╶───┴───╴   │
│           │               │   │   │         2a│   │ 2e│   │   │     4   3   2 │
│   ╶───┐   │   ┼   ┼   ┼   └───┼───┴───────╴   ├───┘   ╵   └───┴───┐   ╶───────┤
│       │   │                   │ 26  27  28  29│     2f  30  31  32│ 5   6     │
│   ╷   │   │   ┼   ┼   ┼   ╷   │   ╷   ┌───────┘   ╷   ╶───┐   ╷   └───┐   ╶───┤
│   │   │   │               │   │ 25│   │           │       │   │ 33  34│ 7     │
│   │   │   │   ┼   ┼   ┼   │   ╵   ├───┴───────────┴───────┴───┴───┬───┘   ╷   │
│   │   │   │               │     24│                               │ 9   8 │   │
│   │   └───┤   ┼   ┼   ┼   ├───╴   │   ┼   ┼   ┼   ┼   ┼   ┼   ┼   │   ┌───┴───┤
│   │       │               │     23│                               │ a │       │
│   └───┐   │   ┼   ┼   ┼   ├───╴   │   ┼   ┼   ┼   ┼   ┼   ┼   ┼   │   ├───╴   │
│       │   │               │ 21  22│                               │ b │       │
│   ┌───┘   │   ┼   ┼   ┼   │   ╶───┤   ┼   ┼   ┼   ┼   ┼   ┼   ┼   ╵   │   ╷   │
│   │       │               │ 20  1f│                                 c │   │   │
│   └───┐   │   ┼   ┼   ┼   ├───╴   └───┬───┬───┬───────────────────╴   ╵   │   │
│       │   │               │     1e  1d│   │   │ 12  11  10  f   e   d     │   │
│   ╶───┤   ├───────────────┼───┐   ╷   │   │   ╵   ┌───────────┐   ╷   ┌───┼───┤
│       │   │               │   │   │ 1c│   │ 14  13│           │   │   │   │   │
│   ╶───┼───┴───────────┐   │   │   │   ╵   │   ╶───┼───┐   ╶───┼───┘   ╵   │   │
│       │               │   │   │   │ 1b  1a│ 15  16│   │       │           │   │
│   ╷   │   ┼   ┼   ┼   │   ╵   │   └───┐   └───╴   ╵   ├───╴   └───────╴   ╵   │
│   │   │               │       │       │ 19  18  17    │                       │
│   └───┤   ┼   ┼   ┼   │   ╶───┴───╴   │   ┌───────╴   │   ╶───────────┐   ╷   │
│       │               │               │   │           │               │   │   │
│   ╶───┤   ┼   ┼   ┼   │   ╶───┐   ╶───┼───┤   ╶───┬───┴───╴   ╶───┬───┘   ├───┤
│       │               │       │       │   │       │               │       │   │
│   ┼   │   ┼   ┼   ┼   │   ┌───┘   ╷   ╵   ╵   ┼   ╵   ┼   ╶───────┼───╴   ╵   │
│       │               │   │       │                               │           │
│   ┼   │   ┼   ┼   ┼   ├───┘   ╶───┤   ┼   ┼   ┼   ┼   ┼   ┼   ┼   └───┐   ╷   │
│       │               │           │                                   │   │   │
│   ┼   │   ┼   ┼   ┼   ├───╴   ╶───┘   ┼   ┼   ┼   ┼   ┼   ┼   ┼   ╷   └───┤   │
│       │               │                                           │       │   │
│   ┼   ├───────┐   ╶───┘   ┌───┬───╴   ┼   ┼   ┼   ┼   ┼   ┼   ┼   ╵   ╶───┤   │
│       │       │           │   │                                           │   │
├───────┤   ┌───┘   ╷   ┌───┤   ├───╴   ╷   ┼   ┼   ╶───┬───────╴   ┌───╴   ╵   │
│       │   │       │   │   │   │       │               │           │           │
├───╴   ╵   ╵   ╶───┤   ╵   ╵   │   ┌───┴───╴   ╶───────┴───┐   ╷   └───────┐   │
│                   │           │   │                       │   │           │   │
└───────────────────┴───────────┴───┴───────────────────────┴───┴───────────┴───┘

AldousBroderMazeGenerator: Generating maze 20x20 with PlayersWorlds.Maps.Maze.GeneratorOptions(Full, Auto, List`1<MapArea>(P2x3;S4x7;Hall;fixed, P<empty>;S2x5;Hall;auto), PlayersWorlds.Maps.Areas.RandomAreaGenerator, PlayersWorlds.Maps.Maze.AldousBroderMazeGenerator)
┌───────────────────────┬───────┬───────┬───────┬───────────────────────────────┐
│                       │       │       │       │                               │
│   ┌───╴   ╶───┐   ╷   │   ┌───┤   ╶───┴───╴   ├───┬───────────────────┐   ╶───┤
│   │           │   │   │   │   │               │   │                   │       │
│   ├───┐   ┌───┼───┘   │   ╵   └───────────┐   ╵   │   ┼   ┼   ┼   ┼   │   ╶───┤
│   │   │   │   │       │                   │       │                   │       │
├───┘   ╵   ╵   │   ┼   │   ╶───┐   ╶───╴   ├───┐   │   ┼   ┼   ┼   ┼   │   ╷   │
│               │       │       │           │   │   │                   │   │   │
├───────╴   ╶───┤   ┼   ├───╴   │   ┼   ┼   ╵   ╵   │   ┼   ┼   ┼   ┼   ├───┘   │
│               │       │       │                   │                   │       │
│   ┌───╴   ╷   │   ┼   │   ┌───┘   ┼   ┼   ┌───╴   │   ┼   ┼   ┼   ┼   │   ┌───┤
│   │       │   │       │   │               │       │                   │   │   │
├───┼───────┤   │   ┼   ├───┘   ╷   ┼   ┼   │   ╶───┤   ┼   ┼   ┼   ┼   │   │   │
│   │       │   │       │       │           │       │                   │   │   │
│   └───╴   ╵   └───────┤   ┌───┤   ╷   ╷   ╵   ┌───┴───┐   ╶───┬───────┤   ╵   │
│                       │   │   │   │   │       │       │       │       │       │
├───╴   ┌───┐   ╷   ╷   └───┘   ╵   ╵   │   ┌───┘   ╷   └───┐   └───╴   ╵   ┌───┤
│       │   │   │   │                   │   │       │       │               │   │
└───────┤   ╵   │   └───┬───╴   ╷   ╶───┤   └───────┴───╴   ╵   ┼   ╶───────┘   │
        │       │       │       │       │                                       │
        ├───────┴───────┼───┬───┼───────┴───╴   ┼   ┼   ┼   ┼   ┼   ┼   ┼   ╶───┤
        │               │   │   │                                               │
        │   ┼   ┼   ┼   │   ╵   ├───┬───┐   ╷   ╷   ┼   ┼   ┼   ┼   ┼   ┼   ╶───┤
        │               │       │   │   │   │   │                               │
┌───────┤   ┼   ┼   ┼   ├───╴   │   ╵   └───┼───┼───────╴   ┌───┐   ╶───┐   ╷   │
│       │               │       │           │   │           │   │       │   │   │
│   ╶───┘   ┼   ┼   ┼   ├───╴   └───┐   ╶───┘   └───╴   ╶───┤   ├───╴   ├───┘   │
│                       │           │                       │   │       │       │
│   ╶───┐   ┼   ┼   ┼   ├───┐   ╶───┤   ╶───┐   ┌───╴   ╷   ╵   ╵   ╷   │   ╶───┤
│       │               │   │       │       │   │       │           │   │       │
│   ┼   │   ┼   ┼   ┼   │   ╵   ╶───┴───┬───┴───┘   ╷   └───╴   ┼   └───┤   ╷   │
│       │               │               │           │                   │   │   │
│   ╶───┤   ┼   ┼   ┼   ├───╴   ┌───╴   ╵   ╶───┬───┘   ┼   ┼   ┼   ╶───┘   └───┤
│       │               │       │               │                               │
├───╴   └───────────────┴───╴   ├───────┬───────┘   ╷   ┼   ┼   ┼   ╷   ╶───┬───┤
│                               │       │           │               │       │   │
├───┬───┐   ┌───╴   ┼   ┌───┐   │       │   ╶───┐   │   ┼   ╶───┬───┼───╴   ╵   │
│ 0 │   │   │           │   │   │       │       │   │           │   │           │
│   │   ╵   │   ╶───┐   │   ╵   └───────┴───╴   └───┤   ┌───────┤   └───────╴   │
│ 1 │       │       │   │                           │   │       │               │
└───┴───────┴───────┴───┴───────────────────────────┴───┴───────┴───────────────┘

AldousBroderMazeGenerator: Generating maze 20x20 with PlayersWorlds.Maps.Maze.GeneratorOptions(Full, Auto, List`1<MapArea>(P2x3;S4x7;Hall;fixed, P<empty>;S2x5;Hall;auto), PlayersWorlds.Maps.Areas.RandomAreaGenerator, PlayersWorlds.Maps.Maze.AldousBroderMazeGenerator)
┌───────────┬───────────┬───────────────────────────┬───┬───┬───────┬───────────┐
│           │           │                           │   │   │       │           │
│   ╷   ╷   └───┬───┐   └───────╴   ╷   ┌───────┐   │   │   └───╴   │   ╶───────┤
│   │   │       │   │               │   │       │   │   │           │           │
│   │   │   ╶───┘   ╵   ╶───────╴   ╵   └───┐   └───┤   └───┬───╴   │   ╶───┬───┤
│   │   │                                   │       │       │       │       │   │
│   └───┤   ╶───┐   ┼   ┼   ┼   ┼   ┼   ┼   ╵   ┌───┤   ┌───┘   ╷   ├───╴   │   │
│       │       │                               │   │   │       │   │       │   │
├───────┼───────┘   ┼   ┼   ┼   ┼   ┼   ┼   ╷   ╵   ╵   ╵   ╶───┤   ├───╴   ╵   │
│       │                                   │                   │   │           │
├───┐   └───╴   ┼   ┼   ┼   ┼   ┼   ┼   ┼   └───────┐   ╷   ╶───┤   │   ┌───╴   │
│   │                                               │   │       │   │   │       │
│   │   ┌───────┐   ┼   ┼   ┼   ┼   ┼   ┼   ╶───────┘   ╵   ┼   └───┴───┴───╴   │
│   │   │       │                                                               │
│   ├───┘   ╷   ╵   ┼   ┼   ┼   ┼   ┼   ┼   ┼   ╷   ┼   ┼   ┼   ┼   ┼   ┼   ┼   │
│   │       │                                   │                               │
│   └───┐   └───╴   ┼   ┼   ┼   ┼   ┼   ┼   ┌───┤   ┼   ┼   ┼   ┼   ┼   ┼   ┼   │
│       │                                   │   │                               │
│   ╷   ╵   ┌───╴   ┌───────┐   ┌───────╴   │   ╵   ┼   ┼   ┼   ┼   ┼   ┼   ╶───┤
│   │       │       │       │   │           │                                   │
│   ├───┬───┴───────┴───┐   ╵   │   ┌───╴   └───╴   ┼   ┼   ┼   ┼   ┼   ┼   ╷   │
│   │   │               │       │   │                                       │   │
│   ╵   │   ┼   ┼   ┼   ├───────┘   │   ┌───╴   ╷   ┼   ┼   ┼   ┼   ┼   ┼   │   │
│       │               │           │   │       │                           │   │
├───────┤   ┼   ┼   ┼   ├───╴   ╶───┤   ├───┐   │   ┼   ┼   ┼   ┼   ┼   ┼   └───┤
│ 1   0 │               │           │   │   │   │                               │
│   ┼   │   ┼   ┼   ┼   │   ┌───┐   └───┘   └───┘   ╷   ╶───┬───╴   ╷   ╷   ╷   │
│ 2     │               │   │   │                   │       │       │   │   │   │
│   ┼   │   ┼   ┼   ┼   │   ╵   ├───────────╴   ╶───┴───┐   └───┐   ├───┘   │   │
│ 3     │               │       │                       │       │   │       │   │
│   ┼   │   ┼   ┼   ┼   ├───┐   │   ┼   ┼   ┼   ┼   ┼   ├───╴   │   └───────┤   │
│ 4     │               │   │   │                       │       │           │   │
│   ┼   │   ┼   ┼   ┼   ╵   ╵   │   ┼   ┼   ┼   ┼   ┼   │   ┌───┘   ┌───────┘   │
│ 5     │                       │                       │   │       │           │
│   ┌───┼───────┬───────┬───────┤   ┼   ┼   ┼   ┼   ┼   ├───┤   ┌───┴───────────┤
│ 6 │   │       │       │       │                       │   │   │               │
│   │   ╵   ╷   ├───╴   ╵   ╷   │   ┼   ┼   ┼   ┼   ┼   │   ╵   └───╴   ┌───────┤
│ 7 │       │   │           │   │                       │               │       │
│   ├───────┘   └───────────┤   └───────┬───────────────┴───┬───╴   ╶───┼───╴   │
│ 8 │                       │           │                   │           │       │
└───┴───────────────────────┴───────────┴───────────────────┴───────────┴───────┘

AldousBroderMazeGenerator: Generating maze 20x20 with PlayersWorlds.Maps.Maze.GeneratorOptions(Full, Auto, List`1<MapArea>(P2x3;S4x7;Hall;fixed, P<empty>;S2x5;Hall;auto), PlayersWorlds.Maps.Areas.RandomAreaGenerator, PlayersWorlds.Maps.Maze.AldousBroderMazeGenerator)
┌───┬───────┬───────────────────┬───┬───────┬───────────────────┬───────────┬───┐
│   │       │ 4b  4a  49  48  47│   │       │                   │ 0   1     │   │
│   ╵   ┌───┴───────┐   ┌───╴   ╵   └───┐   │   ┌───────────────┴───┐   ╶───┘   │
│       │           │   │ 45  46        │   │   │                   │ 2   3   4 │
├───────┘   ┌───────┤   │   ╷   ┌───────┤   ╵   │                   ├───────┐   │
│           │       │   │ 44│   │       │       │                   │       │ 5 │
├───╴   ┌───┼───╴   ├───┘   └───┤   ┼   ├───┐   │                   │   ╷   ╵   │
│       │   │       │ 42  43    │       │   │   │                   │   │ 7   6 │
│   ┌───┘   │   ╶───┘   ┌───┐   │   ┼   │   │   │                   ├───┤   ╶───┤
│   │       │     40  41│   │   │       │   │   │                   │   │ 8     │
│   ╵   ┌───┘   ┼   ╶───┘   ├───┤   ┼   │   ╵   │                   │   ╵   ╷   │
│       │         3f        │   │       │       │                   │ a   9 │   │
│   ╷   └───┬───╴   ╶───┐   ╵   │   ┼   │   ╶───┤                   │   ╶───┴───┤
│   │ 39  3a│ 3d  3e    │       │       │       │                   │ b   c     │
│   │   ╷   ╵   ┌───╴   └───┐   ├───┐   ╵   ╷   ├───────┬───────────┼───╴   ╷   │
│   │ 38│ 3b  3c│           │   │   │       │   │       │           │     d │   │
├───┤   ├───┬───┤   ╶───────┼───┤   └───────┘   ╵   ╶───┼───╴   ╶───┴───╴   └───┤
│   │ 37│   │   │           │   │                       │                 e   f │
│   │   ╵   ╵   └───────────┘   ├───────╴   ┌───────────┴───────────────────┐   │
│   │ 36  35  34  33  32  31    │           │                               │ 10│
│   ╵   ┌───────────────┐   ┌───┘   ╷   ╶───┤   ┼   ┼   ┼   ┼   ┼   ┼   ┼   │   │
│       │               │ 30│       │       │                               │ 11│
│   ┼   │   ┼   ┼   ┼   │   ╵   ╶───┼───┬───┤   ┼   ┼   ┼   ┼   ┼   ┼   ┼   │   │
│       │               │ 2f  2e  2d│   │   │                               │ 12│
│   ┼   │   ┼   ┼   ┼   │   ╶───┐   ╵   │   ╵   ┼   ┼   ┼   ┼   ┼   ┼   ┼   │   │
│       │               │       │ 2c  2b│                                   │ 13│
│   ┼   │   ┼   ┼   ┼   ├───╴   ├───╴   │   ┌───────────────┬───────────────┤   │
│       │               │       │ 29  2a│   │     21  20  1f│ 1c  1b  1a  19│ 14│
├───╴   │   ┼   ┼   ┼   ├───┐   │   ╶───┤   └───╴   ╶───┐   ╵   ┌───┬───┐   │   │
│       │               │   │   │ 28  27│ 24  23  22    │ 1e  1d│   │   │ 18│ 15│
│   ╶───┤   ┼   ┼   ┼   │   └───┘   ╷   ╵   ╷   ╷   ╶───┴───┬───┘   │   │   ╵   │
│       │               │           │ 26  25│   │           │       │   │ 17  16│
│   ╶───┤   ┼   ┼   ┼   ├───────────┴───┬───┘   │   ┌───────┴───┐   │   ╵   ╶───┤
│       │               │               │       │   │           │   │           │
│   ╷   └───┬───────┐   └───┐   ╷   ┼   │   ┌───┘   │           │   ╵   ╷   ╷   │
│   │       │       │       │   │       │   │       │           │       │   │   │
├───┼───╴   │       │   ╶───┘   └───────┼───┘   ╶───┼───────────┴───┬───┼───┘   │
│   │       │       │                   │           │               │   │       │
│   ╵   ╷   └───┬───┴───╴   ┌───╴   ╶───┘   ╷   ╷   │   ╶───────────┘   ╵   ╷   │
│       │       │           │               │   │   │                       │   │
└───────┴───────┴───────────┴───────────────┴───┴───┴───────────────────────┴───┘

AldousBroderMazeGenerator: Generating maze 20x20 with PlayersWorlds.Maps.Maze.GeneratorOptions(Full, Auto, List`1<MapArea>(P2x3;S4x7;Hall;fixed, P<empty>;S2x5;Hall;auto), PlayersWorlds.Maps.Areas.RandomAreaGenerator, PlayersWorlds.Maps.Maze.AldousBroderMazeGenerator)
┌───────┬───────────┬───────────────┬───────────┬───────────┬───────────┬───┬───┐
│       │           │               │           │           │           │   │   │
│   ┌───┼───╴   ╶───┴───┐   ╷   ╷   ╵   ╷   ╶───┼───────╴   ╵   ╷   ╶───┘   │   │
│   │   │               │   │   │       │       │               │           │   │
│   ╵   ╵   ╷   ┌───────┴───┤   │   ╷   ├───────┴───────────────┴───┐   ╶───┘   │
│           │   │           │   │   │   │                           │           │
│   ╷   ┌───┤   │   ┼   ┼   │   ├───┘   │                           ├───────┬───┤
│   │   │   │   │           │   │       │                           │       │   │
├───┴───┘   │   ╵   ┼   ┼   ├───┘   ╶───┤                           │   ╷   ╵   │
│           │               │           │                           │   │       │
├───┐   ╷   │   ╷   ┼   ┼   │   ┌───┐   │                           │   └───┬───┤
│   │   │   │   │           │   │   │   │                           │       │   │
│   │   │   ╵   │   ┼   ┼   │   │   │   │                           ├───┐   ╵   │
│   │   │       │           │   │   │   │                           │   │       │
│   │   │   ╷   │   ┼   ┼   │   │   ╵   │                           │   ├───┐   │
│   │   │   │   │           │   │       │                           │   │   │   │
│   ├───┘   │   ├───┬───────┘   │   ╶───┤                           │   │   │   │
│   │       │   │   │           │       │                           │   │   │   │
│   └───┐   │   ╵   ╵   ╶───────┤   ╷   └───────┬───┬───────┬───────┘   ╵   ╵   │
│       │   │                   │   │           │   │       │                   │
│   ╶───┼───┴───────────┐   ╷   ├───┘   ╶───┬───┤   │   ╷   ╵   ╷   ╷   ╷   ╷   │
│       │               │   │   │           │   │   │   │       │   │   │   │   │
├───╴   │   ┼   ┼   ┼   ├───┤   ├───┐   ╶───┘   ╵   └───┴───────┤   └───┼───┘   │
│       │               │   │   │   │                           │       │       │
├───╴   │   ┼   ┼   ┼   │   ╵   │   ╵   ╷   ┼   ┼   ┼   ┼   ┼   ╵   ╷   │   ╶───┤
│       │               │       │       │                           │   │       │
│   ╶───┤   ┼   ┼   ┼   │   ╷   ├───┬───┤   ┼   ┼   ┼   ┼   ┼   ┼   └───┴───┐   │
│       │               │   │   │   │   │                                   │   │
│   ┼   │   ┼   ┼   ┼   │   │   ╵   │   └───╴   ╶───────┐   ╶───────────┐   │   │
│       │               │   │       │                   │               │   │   │
│   ┼   │   ┼   ┼   ┼   ╵   ├───┐   │   ╶───────────────┘   ╶───┬───┐   ╵   │   │
│       │                   │   │   │                           │   │       │   │
│   ┼   │   ┼   ┼   ┼   ╷   │   ╵   ├───╴   ┼   ┼   ┼   ┼   ┼   │   └───────┴───┤
│       │               │   │       │                           │               │
│   ┼   ├───────┬───────┼───┤   ╶───┘   ┼   ┼   ┼   ┼   ┼   ┼   │   ╷   ╷   ╶───┤
│       │       │       │   │                                   │   │   │       │
├───────┘   ╶───┤       │   ╵   ╷   ╶───┐   ╷   ┼   ╶───┐   ╶───┴───┘   └───┐   │
│ 5   4   3   2 │       │       │       │   │           │                   │   │
│   ╷   ┌───╴   │       ├───────┘   ╶───┤   ╵   ╷   ╷   ├───╴   ╷   ╶───┬───┘   │
│ 6 │   │ 0   1 │       │               │       │   │   │       │       │       │
└───┴───┴───────┘       └───────────────┴───────┴───┴───┴───────┴───────┴───────┘

AldousBroderMazeGenerator: Generating maze 20x20 with PlayersWorlds.Maps.Maze.GeneratorOptions(Full, Auto, List`1<MapArea>(P2x3;S4x7;Hall;fixed, P<empty>;S2x5;Hall;auto), PlayersWorlds.Maps.Areas.RandomAreaGenerator, PlayersWorlds.Maps.Maze.AldousBroderMazeGenerator)
┌───┬───┬───┬───────────────┬───────┬───────┬───────────┬───────────────┬───────┐
│   │   │   │               │       │       │           │               │       │
│   │   ╵   │   ╶───┐   ┌───┤   ╷   └───╴   ╵   ╶───────┘   ╶───────────┘   ┌───┤
│   │       │       │   │   │   │                                           │   │
│   ├───╴   ╵   ╶───┤   │   ╵   │   ┼   ┼   ┼   ┼   ┼   ┼   ╶───╴   ╶───────┘   │
│   │ 2a  29  28  27│   │       │                                               │
│   ╵   ┌───────┐   ├───┴───────┤   ┼   ┼   ┼   ┼   ┼   ┼   ╶───────┬───┐   ╷   │
│     2b│       │ 26│           │                                   │   │   │   │
│   ╷   │   ┼   │   │   ┌───╴   │   ┼   ┼   ┼   ┼   ┼   ┼   ┌───╴   │   ├───┘   │
│   │ 2c│       │ 25│   │ 1f  1e│                           │       │   │       │
│   │   │   ┼   ╵   ├───┘   ╷   │   ┼   ┼   ┼   ┼   ┼   ┼   │   ╷   │   └───┐   │
│   │ 2d│         24│     20│ 1d│                           │   │   │       │   │
├───┘   │   ┼   ╷   └───╴   │   ╵   ┼   ┼   ┼   ┼   ┼   ┼   │   └───┘   ╷   ├───┤
│ 2f  2e│       │ 23  22  21│ 1c  1b  1a                    │           │   │   │
│   ╷   │   ┼   ├───┐   ╷   └───┐   ┼   ┼   ┼   ┼   ┼   ┼   ├───────┬───┘   ╵   │
│ 30│   │       │   │   │       │     19                    │       │           │
│   │   ├───────┤   ╵   └───┬───┴───╴   ╶───┐   ┼   ╷   ╶───┼───╴   │   ┌───┐   │
│ 31│   │       │           │         18  17│       │       │       │   │   │   │
│   └───┘   ╷   ├───╴   ┌───┘   ╷   ┌───╴   └───╴   ├───╴   ├───╴   │   │   ╵   │
│ 32  33    │   │       │       │   │ 15  16        │       │       │   │       │
│   ╷   ┌───┴───┴───────┼───────┼───┘   ┼   ┼   ┼   │   ┌───┘   ╶───┼───┴───┐   │
│   │ 34│               │       │ 13  14            │   │           │       │   │
├───┘   │   ┼   ┼   ┼   ├───╴   ╵   ┼   ┼   ┼   ┼   │   ├───────┐   │   ╶───┘   │
│     35│               │ 10  11  12                │   │       │   │           │
├───╴   │   ┼   ┼   ┼   │   ╶───┐   ╷   ╶───┬───╴   │   │   ╶───┼───┴───╴   ╶───┤
│     36│               │ f     │   │       │       │   │       │               │
├───╴   │   ┼   ┼   ┼   │   ╷   └───┼───────┴───────┤   └───────┴───╴   ┌───┬───┤
│     37│               │ e │       │               │                   │   │   │
├───╴   │   ┼   ┼   ┼   │   └───┬───┘   ┼   ┼   ┼   │   ┌───╴   ┌───╴   │   ╵   │
│     38│               │ d     │ 5   4             │   │       │       │       │
├───┐   │   ┼   ┼   ┼   │   ┌───┘   ╷   ┼   ┼   ┼   │   └───────┴───┬───┴───┐   │
│   │ 39│               │ c │     6 │ 3   2   1   0 │               │       │   │
│   ╵   ╵   ┼   ┼   ┼   │   └───┐   └───┬───┬───────┤   ╶───────────┘   ╶───┤   │
│     3a                │ b   a │ 7     │   │       │                       │   │
│   ╷   ╶───────┬───────┴───┐   ╵   ╶───┘   ╵   ╷   │   ╷   ╶───────┐   ╶───┴───┤
│   │ 3b        │     43  44│ 9   8             │   │   │           │           │
├───┤   ╷   ┼   ├───╴   ╷   ├───╴   ╷   ┼   ┼   └───┴───┼───┐   ╶───┤   ╶───┬───┤
│   │ 3c│       │ 41  42│ 45│       │                   │   │       │       │   │
│   ╵   └───────┘   ┌───┴───┘   ╶───┤   ╷   ╶───────┐   ╵   └───╴   ├───╴   ╵   │
│     3d  3e  3f  40│               │   │           │               │           │
└───────────────────┴───────────────┴───┴───────────┴───────────────┴───────────┘

AldousBroderMazeGenerator: Generating maze 20x20 with PlayersWorlds.Maps.Maze.GeneratorOptions(Full, Auto, List`1<MapArea>(P2x3;S4x7;Hall;fixed, P<empty>;S2x5;Hall;auto), PlayersWorlds.Maps.Areas.RandomAreaGenerator, PlayersWorlds.Maps.Maze.AldousBroderMazeGenerator)
┌───────────────────────────┬───────┬───────────────────────────────────┬───────┐
│                           │       │                                   │       │
├───────┬───┐   ╶───┐   ╶───┴───╴   ├───╴   ╶───────────────┐   ╶───┐   ╵   ┌───┤
│       │   │       │               │                       │       │       │   │
├───┐   ╵   └───┐   ├───┐   ┌───────┤   ┼   ┼   ┼   ┼   ┼   ├───────┤   ╷   ╵   │
│   │           │   │   │   │       │                       │       │   │       │
│   └───────╴   ╵   │   ╵   ╵   ┌───┤   ┼   ┼   ┼   ┼   ┼   │   ┌───┴───┤   ╶───┤
│                   │           │   │                       │   │       │       │
├───┐   ╷   ┼   ┼   ├───┐   ╷   ╵   └───────┬───────┬───────┘   ╵   ┌───┘   ╶───┤
│   │   │           │   │   │               │       │               │           │
│   ╵   │   ┼   ┼   ╵   │   └───┐   ┌───────┴───────┴───────┐   ╷   └───┐   ╷   │
│       │               │       │   │                       │   │       │   │   │
│   ┌───┤   ┼   ┼   ╶───┼───┐   └───┤   ┼   ┼   ┼   ┼   ┼   ├───┴───╴   └───┘   │
│   │   │               │   │       │                       │                   │
│   ╵   │   ┼   ╶───┬───┘   └───╴   ╵   ┼   ┼   ┼   ┼   ┼   │   ╷   ┌───╴   ╷   │
│       │           │                                       │   │   │       │   │
├───┐   │   ╶───┬───┴───────────────────────────────────────┘   └───┼───┐   │   │
│   │   │       │                                                   │   │   │   │
│   ╵   └───┐   ╵   ╷   ╶───┐   ┌───────┬───────────────┐   ┌───────┘   ╵   ├───┤
│           │       │       │   │       │               │   │               │   │
├───────┬───┴───────┴───┐   ├───┘   ╷   │               ├───┘   ┌───────╴   ╵   │
│     17│               │   │       │   │               │       │               │
│   ┼   │   ┼   ┼   ┼   ╵   │   ╷   ├───┤               ├───────┤   ╶───────┐   │
│     16│                   │   │   │   │               │       │           │   │
│   ┼   │   ┼   ┼   ┼   ╷   ╵   └───┤   └───────────────┴───╴   ╵   ╷   ╶───┤   │
│     15│               │           │                               │       │   │
│   ┼   │   ┼   ┼   ┼   ├───╴   ╷   ╵   ┼   ┼   ┼   ┼   ┼   ╷   ╶───┴───┬───┼───┤
│     14│               │       │                           │           │   │   │
│   ┼   │   ┼   ┼   ┼   │   ╷   └───╴   ┼   ┼   ┼   ┼   ┼   ├───┬───╴   ╵   │   │
│ 12  13│               │   │                               │   │           │   │
│   ╶───┤   ┼   ┼   ┼   ├───┴───┬───────╴   ┼   ╷   ┼   ╷   ╵   │   ┌───────┴───┤
│ 11    │               │       │               │       │       │   │           │
│   ╷   │   ┼   ┼   ┼   │   ╶───┘   ╷   ┌───────┴───────┤   ╶───┘   └───┬───╴   │
│ 10│   │               │           │   │               │               │       │
│   ├───┴───────────────┼───────┐   └───┤               │   ╶───┐   ╷   ├───╴   │
│ f │ c   b   a   9   8 │       │       │               │       │   │   │       │
│   ╵   ┌───╴   ┼   ╷   ╵   ╶───┤   ┌───┤               ├───────┤   └───┘   ╷   │
│ e   d │           │ 7   6     │   │   │               │       │           │   │
│   ╶───┤   ╶───────┴───┐   ╶───┴───┘   └───────┬───────┘   ╶───┘   ╷   ┌───┘   │
│       │               │ 5   4   3   2   1   0 │                   │   │       │
└───────┴───────────────┴───────────────────────┴───────────────────┴───┴───────┘

AldousBroderMazeGenerator: Generating maze 20x20 with PlayersWorlds.Maps.Maze.GeneratorOptions(Full, Auto, List`1<MapArea>(P2x3;S4x7;Hall;fixed, P<empty>;S2x5;Hall;auto), PlayersWorlds.Maps.Areas.RandomAreaGenerator, PlayersWorlds.Maps.Maze.AldousBroderMazeGenerator)
┌───────────────────────────────┬───┬───┐                           ┌───┬───────┐
│                               │   │   │                           │   │       │
│   ┌───────┐   ╷   ╷   ╶───┐   ╵   ╵   │                           │   └───╴   │
│   │       │   │   │       │           │                           │           │
├───┤       ├───┴───┤   ┼   ├───┐   ╶───┤                           │   ┌───╴   │
│   │       │       │       │   │       │                           │   │       │
│   │       │   ╷   │   ┼   │   └───╴   │                           │   ├───┬───┤
│   │       │   │   │       │           │                           │   │   │   │
│   ├───────┴───┘   │   ┼   │   ╷   ╷   │                           │   │   │   │
│   │               │       │   │   │   │                           │   │   │   │
│   │   ┼   ┌───────┤   ┼   │   │   ├───┤                           │   │   ╵   │
│   │       │ 28  27│       │   │   │   │                           │   │       │
│   ╵   ╷   ╵   ╷   └───────┤   │   │   │                           ├───┘   ╷   │
│       │ 2a  29│ 26  25    │   │   │   │                           │       │   │
│   ╶───┘   ┌───┼───╴   ╶───┤   │   ╵   └───────┬───────┬───────┬───┘   ╶───┴───┤
│         2b│   │     24    │   │               │       │       │               │
│   ╷   ╷   │   │   ╷   ╶───┴───┘   ┌───────────┼───────┘   ┌───┴───────╴   ╷   │
│   │   │ 2c│   │   │ 23  22  21    │           │           │               │   │
├───┴───┘   ╵   └───┴───┬───╴   ╷   │   ┼   ┼   │   ╶───┐   │   ┼   ┼   ╷   └───┤
│     2e  2d            │ 1f  20│   │           │       │   │           │       │
├───╴   ┌───────╴   ╶───┤   ┌───┼───┴───────╴   ╵   ╶───┤   ├───────────┘   ╷   │
│ 30  2f│               │ 1e│   │                       │   │               │   │
│   ┌───┤   ┼   ┼   ┼   │   │   └───────╴   ╶───────┬───┘   ├───────────┬───┤   │
│ 31│   │               │ 1d│                       │       │           │   │   │
│   │   │   ┼   ┼   ┼   │   ╵   ╶───╴   ┼   ┼   ┼   ╵   ┌───┤           │   ╵   │
│ 32│   │               │ 1c  1b  1a  19  18  17  16  15│   │           │       │
│   ╵   │   ┼   ┼   ┼   ├───────────────╴   ┌───────┐   ╵   └───────────┘   ╷   │
│ 33    │               │                   │       │ 14                    │   │
│   ╶───┤   ┼   ┼   ┼   │   ╶───────┬───────┴───┐   ╵   ╷   ┌───────╴   ┌───┴───┤
│ 34    │               │           │           │     13│   │           │       │
│   ╶───┤   ┼   ┼   ┼   │   ┌───╴   │           ├───╴   └───┤   ┼   ┼   │   ┌───┤
│ 35    │               │   │       │           │ 11  12    │           │   │   │
│   ╶───┤   ┼   ┼   ┼   ├───┴───┐   └───┬───────┤   ╶───────┴───────┬───┤   ╵   │
│ 36  37│               │       │       │       │ 10  f   e         │   │       │
├───╴   └───────────────┘   ╶───┤   ╷   │   ╶───┘   ╶───┐   ┌───────┤   ╵   ╶───┤
│     38  39  3a  3b  3c        │   │   │               │ d │ a   9 │           │
│   ╷   ╶───┬───╴   ╷   ╶───┬───┤   ├───┤   ╶───────┬───┘   ╵   ╷   └───────────┤
│   │       │       │ 3d    │   │   │   │           │     c   b │ 8   7   6   5 │
│   │   ┼   │   ╶───┤   ┼   │   ╵   ╵   │   ┼   ┼   │   ╶───┬───┴───────────╴   │
│   │       │       │ 3e  3f│           │           │       │ 0   1   2   3   4 │
└───┴───────┴───────┴───────┴───────────┴───────────┴───────┴───────────────────┘

AldousBroderMazeGenerator: Generating maze 20x20 with PlayersWorlds.Maps.Maze.GeneratorOptions(Full, Auto, List`1<MapArea>(P2x3;S4x7;Hall;fixed, P<empty>;S2x5;Hall;auto), PlayersWorlds.Maps.Areas.RandomAreaGenerator, PlayersWorlds.Maps.Maze.AldousBroderMazeGenerator)
┌───────┬───────┬───────┬───┬───┬───────┬───────────┬───┬───────┬───┬───────────┐
│       │       │       │   │   │       │           │   │       │   │           │
│   ┌───┼───────┴───────┤   ╵   ╵   ╶───┘   ┌───╴   ╵   ╵   ┌───┘   │   ╶───┐   │
│   │   │               │                   │               │       │       │   │
│   │   │               │   ╷   ┌───╴   ╷   │   ┌───┐   ╶───┼───┐   ╵   ╷   └───┤
│   │   │               │   │   │       │   │   │   │       │   │       │       │
│   ╵   │               ├───┼───┼───┬───┘   ├───┤   └───╴   ╵   │   ┌───┘   ┌───┤
│       │               │   │   │   │       │   │               │   │       │   │
│   ╷   │               │   │   ╵   └───╴   │   ╵   ╷   ┌───────┼───┤   ┌───┤   │
│   │   │               │   │               │       │   │       │   │   │   │   │
│   ├───┤               │   │   ╷   ╶───┬───┘   ╷   │   │   ╷   │   ╵   ╵   │   │
│   │   │               │   │   │       │       │   │   │   │   │           │   │
│   │   │               │   └───┤   ╷   │   ╶───┴───┴───┴───┘   ╵   ╷   ╶───┤   │
│   │   │               │       │   │   │                           │       │   │
│   │   │               │   ╶───┼───┴───┘   ┼   ┼   ┼   ┼   ┼   ╶───┘   ┌───┘   │
│   │   │               │       │                                       │       │
│   ╵   │               ├───┐   │   ╷   ╷   ┼   ┼   ┼   ┼   ┼   ┼   ╷   │   ╷   │
│       │               │   │   │   │   │                           │   │   │   │
│   ╶───┼───────────────┘   │   └───┘   │   ┼   ┼   ┼   ┼   ┼   ╶───┴───┴───┤   │
│       │                   │           │                                   │   │
│   ┼   ├───────────────────┼───┐   ╷   ╵   ┼   ┼   ┼   ┼   ┼   ╷   ╷   ╷   ╵   │
│       │                   │   │   │                           │   │   │       │
│   ┼   │   ┼   ┼   ┼   ╷   ╵   ╵   ├───┐   ╷   ╶───────────┐   ├───┤   └───┐   │
│       │               │           │   │   │               │   │   │       │   │
│   ┼   │   ┼   ┼   ┼   ├───┬───────┘   │   │   ┌───────┬───┘   │   │   ┌───┘   │
│       │               │ 0 │           │   │   │       │       │   │   │       │
│   ┼   │   ┼   ┼   ┼   │   │   ╷   ╷   ╵   ├───┼───┐   ╵   ┌───┘   └───┼───┬───┤
│       │               │ 1 │   │   │       │   │   │       │           │   │   │
├───────┤   ┼   ┼   ┼   │   │   ├───┼───────┘   ╵   ╵   ┼   └───╴   ┼   ╵   ╵   │
│       │               │ 2 │   │   │                                           │
├───┬───┤   ┼   ┼   ┼   │   │   ╵   ╵   ╶───┬───╴   ┼   ┼   ┼   ┼   ┼   ┼   ┼   │
│   │ 12│               │ 3 │               │                                   │
│   ╵   │   ┼   ┼   ┼   │   │   ╶───────────┤   ╷   ┼   ┼   ┼   ┼   ┼   ┼   ┼   │
│ 10  11│               │ 4 │               │   │                               │
│   ╶───┴───┬───────────┤   │   ┼   ┼   ┼   ├───┤   ┼   ┼   ┼   ┼   ┼   ┼   ┼   │
│ f   e     │           │ 5 │               │   │                               │
├───╴   ╶───┤   ┼   ┼   │   │   ┼   ┼   ┼   │   └───╴   ╷   ╶───╴   ┌───╴   ╷   │
│     d   c │           │ 6 │               │           │           │       │   │
│   ╶───┐   └───╴   ╶───┘   └───┬───────┬───┴───────╴   └───┬───╴   ╵   ╶───┘   │
│       │ b   a   9   8   7     │       │                   │                   │
└───────┴───────────────────────┴───────┴───────────────────┴───────────────────┘

AldousBroderMazeGenerator: Generating maze 20x20 with PlayersWorlds.Maps.Maze.GeneratorOptions(Full, Auto, List`1<MapArea>(P2x3;S4x7;Hall;fixed, P<empty>;S2x5;Hall;auto), PlayersWorlds.Maps.Areas.RandomAreaGenerator, PlayersWorlds.Maps.Maze.AldousBroderMazeGenerator)
┌───┬───────────────────────────────────────────────┬───┬───────────┬───────────┐
│   │ 15  14  13  12  11  10                        │   │ 58  59  5a│           │
│   ╵   ╷   ╶───┬───╴   ╷   ┌───────────┐   ╷   ╷   │   ╵   ╶───┐   ├───╴   ╶───┤
│     16│       │       │ f │ c   b     │   │   │   │     57    │ 5b│           │
├───╴   └───┐   │   ┼   │   ╵   ╷   ┌───┴───┴───┼───┴───┐   ╶───┴───┴───┬───┬───┤
│     17  18│   │       │ e   d │ a │           │       │ 56  55        │   │   │
│   ┼   ┼   └───┤   ┼   ├───────┘   │   ┼   ┼   │   ┌───┼───╴   ┌───┬───┘   │   │
│         19    │       │     8   9 │           │   │   │ 53  54│   │       │   │
│   ┼   ┼   ╶───┤   ┼   │   ╷   ╶───┘   ┼   ┼   │   ╵   ╵   ╶───┘   └───╴   └───┤
│         1a  1b│       │   │ 7   6   5         │         52  51                │
│   ┼   ┼   ╷   │   ┼   ├───┼───┬───┐   ┼   ┼   ├───╴   ┼   ┼   ┼   ┼   ┼   ┼   │
│           │ 1c│       │   │   │   │ 4         │             50  4f            │
│   ┼   ┼   │   └───────┘   ╵   ╵   │   ┼   ┼   ├───╴   ┼   ┼   ┼   ┼   ┼   ┼   │
│           │ 1d  1e                │ 3         │                 4e            │
│   ┼   ┼   ╵   ╷   ┼   ┌───────┐   │   ┼   ┼   │   ┼   ┼   ┼   ┼   ┼   ┼   ┼   │
│               │ 1f  20│       │   │ 2   1   0 │                 4d            │
│   ╷   ┌───╴   │   ┼   ╵   ╶───┼───┴───────────┤   ╷   ┼   ┼   ┼   ┼   ┼   ┼   │
│   │   │       │     21  22  23│               │   │             4c  4b        │
│   └───┘   ╷   ╵   ┼   ╶───┐   └───╴   ╷   ╶───┤   ╵   ┼   ┼   ┼   ┼   ┼   ┼   │
│           │               │ 24  25    │       │                     4a        │
│   ┌───┬───┴───────────┬───┤   ╷   ┌───┴───────┤   ╷   ┼   ┼   ┼   ┼   ┼   ┼   │
│   │   │               │   │   │ 26│           │   │                 49        │
│   ╵   │   ┼   ┼   ┼   │   └───┘   │   ┼   ┼   ╵   ╵   ╶───┬───┐   ┼   ╷   ╶───┤
│       │               │ 29  28  27│                       │   │     48│       │
├───┐   │   ┼   ┼   ┼   │   ╶───────┴───────────────┐   ╷   │   └───╴   ╵   ╷   │
│   │   │               │ 2a  2b                    │   │   │ 45  46  47    │   │
│   └───┘   ┼   ┼   ┼   ├───╴   ╷   ┌───────────┬───┼───┼───┘   ┌───────┬───┴───┤
│                       │ 2d  2c│   │           │   │   │     44│       │       │
│   ╶───┐   ┼   ┼   ┼   │   ╶───┴───┤           │   ╵   ├───┐   └───┐   ╵   ╷   │
│       │               │ 2e  2f  30│           │       │   │ 43  42│       │   │
├───╴   │   ┼   ┼   ┼   ├───────╴   ├───────────┤   ╷   │   └───┐   │   ╶───┤   │
│       │               │         31│           │   │   │       │ 41│       │   │
│   ┌───┤   ┼   ┼   ┼   ├───────╴   ╵   ┼   ┼   └───┘   ╵   ╷   │   └───╴   ├───┤
│   │   │               │         32  33  34  35  36  37  38│   │ 40  3f    │   │
│   │   ├───┬───────┬───┤   ┌───────────┬───╴   ┌───╴   ╷   ├───┼───╴   ┌───┘   │
│   │   │   │       │   │   │           │       │       │ 39│   │ 3d  3e│       │
│   ╵   ╵   │   ┌───┘   ╵   ├───╴   ┌───┴───╴   ├───┬───┤   ╵   ╵   ╶───┘   ╶───┤
│           │   │           │       │           │   │   │ 3a  3b  3c            │
├───╴   ┼   ╵   ╵   ╷   ╷   ╵   ╶───┘   ┼   ┼   ╵   │   └───╴   ╷   ┌───╴   ╶───┤
│                   │   │                           │           │   │           │
└───────────────────┴───┴───────────────────────────┴───────────┴───┴───────────┘

AldousBroderMazeGenerator: Generating maze 20x20 with PlayersWorlds.Maps.Maze.GeneratorOptions(Full, Auto, List`1<MapArea>(P2x3;S4x7;Hall;fixed, P<empty>;S2x5;Hall;auto), PlayersWorlds.Maps.Areas.RandomAreaGenerator, PlayersWorlds.Maps.Maze.AldousBroderMazeGenerator)
┌───────┬───────┬───┬───────────┬───────────┬───┬───────┬───────────┬───────────┐
│       │       │   │           │           │   │       │           │           │
├───┐   └───┐   ╵   ╵   ╷   ╷   ╵   ┌───╴   │   ╵   ╷   ├───╴   ┌───┘   ╶───────┤
│   │       │           │   │       │       │       │   │       │               │
│   │   ┌───┤   ╷   ╷   └───┤   ╷   │   ╷   │   ╶───┴───┴───╴   └───╴   ┌───┐   │
│   │   │   │   │   │       │   │   │   │   │                           │   │   │
│   ├───┘   ╵   │   │   ╶───┴───┼───┼───┤   ├───────────────┬───────╴   ╵   │   │
│   │           │   │           │   │   │   │               │               │   │
├───┴───────┬───┘   │   ┼   ┼   │   │   │   ╵   ┌───┐   ╶───┴───────────┬───┤   │
│           │       │           │   │   │       │   │                   │   │   │
│   ╷   ┼   │   ╶───┤   ┼   ┼   │   │   └───╴   ╵   ╵   ╶───────╴   ╷   ╵   ╵   │
│   │       │       │           │   │                               │           │
│   │   ┼   │   ╷   │   ┼   ┼   │   ├───┐   ┼   ┼   ┼   ┼   ┼   ┼   │   ╶───┐   │
│   │       │   │   │           │   │   │                           │       │   │
├───┤   ┼   │   │   │   ┼   ┼   │   ╵   ╵   ┼   ┼   ┼   ┼   ┼   ┼   │   ╶───┼───┤
│   │       │   │   │           │                                   │       │   │
│   │   ┼   │   │   │   ┼   ┼   ├───────╴   ┼   ┼   ┼   ┼   ┼   ┼   │   ╷   │   │
│   │       │   │   │           │                                   │   │   │   │
│   └───────┘   └───┴───────────┘   ┌───╴   ┼   ┼   ┼   ┼   ┼   ┼   │   │   │   │
│                                   │                               │   │   │   │
│   ┌───┬───────────────┬───────┐   ├───╴   ┼   ┼   ┼   ┼   ┼   ┼   └───┴───┤   │
│   │   │               │       │   │                                       │   │
│   ╵   │   ┼   ┼   ┼   │   ┌───┴───┤   ╷   ┼   ┼   ┼   ┼   ┼   ┼   ┌───┬───┤   │
│       │               │   │       │   │                           │   │   │   │
│   ╷   │   ┼   ┼   ┼   │   └───╴   ╵   │   ╷   ╷   ┌───┐   ┌───┬───┘   ╵   ╵   │
│   │   │               │               │   │   │   │   │   │   │               │
│   └───┤   ┼   ┼   ┼   │   ╷   ╷   ╷   ╵   ├───┘   │   └───┘   └───┐   ╶───────┤
│       │               │   │   │   │       │       │               │           │
├───────┤   ┼   ┼   ┼   │   └───┼───┼───┐   ├───╴   │   ╶───┬───────┼───╴   ╶───┤
│       │               │       │   │   │   │       │       │       │           │
│   ┼   │   ┼   ┼   ┼   │   ╶───┘   ╵   ├───┘   ┼   └───╴   │   ╷   ╵   ╶───┬───┤
│       │               │               │                   │   │           │   │
├───╴   │   ┼   ┼   ┼   │   ┌───┬───────┴───╴   ┼   ┼   ┼   ├───┼───╴   ╷   ╵   │
│       │               │   │   │                           │   │       │       │
│   ╶───┴───────╴   ┌───┴───┤   ╵   ╷   ╶───┐   ┼   ┼   ┼   ╵   └───╴   └───────┤
│                   │       │       │       │                                   │
├───┬───┬───┐   ╷   │   ┼   ╵   ╶───┼───┐   └───────────────┬───────┐   ┌───┐   │
│ 4 │   │ 0 │   │   │               │   │                   │       │   │   │   │
│   ╵   ╵   │   └───┴───────────╴   ╵   └───┬───╴   ╶───┐   │   ╶───┘   │   ╵   │
│ 3   2   1 │                               │           │   │           │       │
└───────────┴───────────────────────────────┴───────────┴───┴───────────┴───────┘

AldousBroderMazeGenerator: Generating maze 20x20 with PlayersWorlds.Maps.Maze.GeneratorOptions(Full, Auto, List`1<MapArea>(P2x3;S4x7;Hall;fixed, P<empty>;S2x5;Hall;auto), PlayersWorlds.Maps.Areas.RandomAreaGenerator, PlayersWorlds.Maps.Maze.AldousBroderMazeGenerator)
┌───────────┬───┬───────────┬───────┬───────────────┬───┬───┬───────┬───────┬───┐
│           │   │           │       │               │   │   │       │       │   │
│   ╶───┬───┘   ╵   ╶───────┤   ╶───┴───┬───┬───╴   │   ╵   ╵   ┌───┘   ┌───┘   │
│       │                   │           │   │       │           │       │       │
│   ┌───┘   ┌───╴   ┌───╴   ╵   ╶───╴   │   ├───┐   └───┬───╴   │   ╷   └───┐   │
│   │       │       │                   │   │   │       │       │   │       │   │
│   │   ┼   ├───────┼───╴   ┼   ┼   ╶───┤   ╵   └───╴   ╵   ┌───┼───┼───╴   ╵   │
│   │       │       │                   │                   │   │   │           │
│   │   ┼   ├───╴   │   ┼   ┼   ┼   ╷   ├───┬───╴   ╶───┬───┘   ╵   ╵   ╷   ╷   │
│   │       │       │               │   │   │           │               │   │   │
│   │   ┼   │   ╶───┤   ┼   ┼   ┼   ╵   │   ╵   ╶───┐   │   ╶───╴   ┼   └───┴───┤
│   │       │       │                   │           │   │                       │
│   │   ┼   ├───╴   │   ┼   ┼   ┼   ┼   ╵   ┼   ┼   ├───┤   ┼   ┼   ┼   ┼   ╷   │
│   │       │       │                               │   │                   │   │
│   ├───────┴───┐   └───╴   ┼   ┼   ╶───╴   ┼   ┼   ╵   ╵   ┼   ┼   ┼   ┼   └───┤
│   │           │                                                               │
│   ╵   ╶───┬───┴───────┐   ╷   ╷   ╶───┐   ┼   ┼   ╶───┐   ┼   ┼   ┼   ┼   ┼   │
│           │           │   │   │       │               │                       │
├───────┐   └───────╴   ╵   └───┼───┐   │   ┼   ┼   ┌───┘   ┼   ┼   ┼   ┼   ╶───┤
│       │                       │   │   │           │                           │
│   ┼   ├───────────────┬───────┤   │   ╵   ┼   ┼   └───╴   ┼   ┼   ┼   ┼   ╶───┤
│       │               │       │   │                                           │
│   ┼   │   ┼   ┼   ┼   │   ╷   │   └───────┐   ╷   ╷   ╷   ╷   ╶───┬───╴   ┌───┤
│       │               │   │   │           │   │   │   │   │       │       │   │
│   ╶───┤   ┼   ┼   ┼   └───┘   ╵   ╷   ╶───┴───┼───┼───┼───┤   ╶───┤   ╶───┤   │
│       │                           │           │   │   │   │       │       │   │
├───────┤   ┼   ┼   ┼   ┌───┐   ╶───┼───────┐   │   ╵   ╵   ├───┐   └───╴   ╵   │
│       │               │   │       │       │   │           │   │               │
│   ┼   │   ┼   ┼   ┼   │   └───┐   └───╴   └───┘   ╷   ╷   ╵   └───┬───╴   ╷   │
│       │               │       │                   │   │           │       │   │
│   ╶───┤   ┼   ┼   ┼   ├───┐   └───┐   ┌───╴   ╶───┤   │   ╷   ╶───┴───┐   ├───┤
│       │               │   │       │   │           │   │   │           │   │   │
│   ╷   │   ┼   ┼   ┼   │   ├───╴   ╵   │   ┌───╴   │   ├───┴───────────┤   ╵   │
│   │   │               │   │           │   │       │   │               │       │
├───┘   └───┬───────────┤   └───────┬───┴───┴───┐   └───┤               │   ╶───┤
│           │           │           │           │       │               │       │
│   ╷   ┼   └───────╴   │   ╷   ┼   │   ╷   ┼   │   ╶───┤               │   ╶───┤
│   │                   │   │       │   │       │       │               │       │
├───┴───────┐   ╷   ╷   ╵   └───────┤   └───────┼───╴   └───────────────┘   ╶───┤
│ 2   1   0 │   │   │               │           │                               │
└───────────┴───┴───┴───────────────┴───────────┴───────────────────────────────┘

AldousBroderMazeGenerator: Generating maze 20x20 with PlayersWorlds.Maps.Maze.GeneratorOptions(Full, Auto, List`1<MapArea>(P2x3;S4x7;Hall;fixed, P<empty>;S2x5;Hall;auto), PlayersWorlds.Maps.Areas.RandomAreaGenerator, PlayersWorlds.Maps.Maze.AldousBroderMazeGenerator)
┌───┬───────┬───┬───┬───────────────────────────┬───────┬───────┬───┬───────────┐
│   │       │   │   │             f   10        │       │       │   │           │
│   ├───╴   ╵   ╵   └───────────╴   ╷   ╶───────┴───╴   ╵   ╶───┘   ╵   ╶───────┤
│   │     8   9   a   b   c   d   e │ 11  12                                    │
│   └───╴   ╶───┬───────┬───┬───────┴───┐   ┌───────────────────────────────┐   │
│     6   7     │       │   │           │ 13│                               │   │
│   ╷   ╶───┬───┤   ┼   │   │   ┼   ┼   │   │                               │   │
│   │ 5     │   │       │   │           │ 14│                               │   │
│   │   ╷   │   │   ┼   ╵   │   ┼   ┼   │   │                               │   │
│   │ 4 │   │   │           │           │ 15│                               │   │
├───┘   ├───┘   │   ┼   ╷   ╵   ┼   ┼   │   │                               │   │
│     3 │       │       │               │ 16│                               │   │
├───╴   │   ╷   │   ┼   │   ╶───────┬───┤   ├───┬───────────────┬───────────┤   │
│     2 │   │   │       │           │   │ 17│   │ 1d  1e  1f  20│           │   │
├───╴   └───┤   └───────┘   ╷   ╷   ╵   ╵   ╵   │   ╶───────┐   ╵   ┌───╴   └───┤
│     1   0 │               │   │         18    │ 1c        │ 21  22│           │
├───────┬───┘   ┌───┬───┬───┘   ├───┬───╴   ╶───┘   ╶───┐   ├───╴   └───────┐   │
│       │       │   │   │       │   │     19  1a  1b    │   │     23  24    │   │
│   ┼   ╵   ╷   ╵   │   ╵   ╷   ╵   └───────────────┐   └───┼───╴   ╷   ╶───┴───┤
│           │       │       │                       │       │       │ 25        │
│   ┼   ┌───┴───────┘   ┌───┘   ┌───────╴   ┌───────┼───────┴───────┤   ╶───┐   │
│       │               │       │           │ 50  4f│               │ 26    │   │
├───┬───┤   ┼   ┼   ┼   │   ╷   ├───┐   ┌───┤   ╷   │               │   ╶───┴───┤
│   │   │               │   │   │   │   │   │ 51│ 4e│               │ 27  28  29│
│   ╵   │   ┼   ┼   ┼   ├───┤   │   ├───┘   ├───┘   │               │   ┌───┐   │
│       │               │   │   │   │       │ 4c  4d│               │   │   │ 2a│
│   ┼   │   ┼   ┼   ┼   │   └───┘   ╵   ╷   │   ╷   └───┬───────┬───┼───┘   ╵   │
│       │               │               │   │ 4b│       │       │   │         2b│
│   ┼   │   ┼   ┼   ┼   ├───╴   ┌───╴   └───┤   └───┬───┼───┐   ╵   └───────╴   │
│       │               │       │           │ 4a    │   │   │             2d  2c│
├───╴   │   ┼   ┼   ┼   │   ╶───┤   ┼   ┼   │   ╷   │   ╵   └───╴   ┌───╴   ╶───┤
│       │               │       │           │ 49│   │               │ 2f  2e    │
├───╴   │   ┼   ┼   ┼   │   ╶───┴───────────┤   └───┼───────────────┤   ╷   ╷   │
│       │               │         41  42  43│ 48  47│               │ 30│   │   │
├───────┼───────────┬───┴───┬───╴   ╷   ╷   └───╴   │   ┼   ┼   ┼   │   ├───┤   │
│       │           │       │     40│   │ 44  45  46│               │ 31│   │   │
│   ┌───┤   ╶───┬───┤   ╶───┘   ╷   └───┴───┬───╴   │   ┼   ┼   ┼   │   ╵   ├───┤
│   │   │       │   │           │ 3f        │       │               │ 32  33│   │
│   ╵   ╵   ╷   ╵   ╵   ╶───────┤   ┼   ┼   └───────┴───╴   ╶───────┴───╴   ╵   │
│           │                   │ 3e  3d  3c  3b  3a  39  38  37  36  35  34    │
└───────────┴───────────────────┴───────────────────────────────────────────────┘

AldousBroderMazeGenerator: Generating maze 20x20 with PlayersWorlds.Maps.Maze.GeneratorOptions(Full, Auto, List`1<MapArea>(P2x3;S4x7;Hall;fixed, P<empty>;S2x5;Hall;auto), PlayersWorlds.Maps.Areas.RandomAreaGenerator, PlayersWorlds.Maps.Maze.AldousBroderMazeGenerator)
┌───────────────────────┬───────────────────┬───────────────────────┬───────────┐
│ b   a   9   8   7   6 │                   │                       │           │
│   ╶───────┬───┬───╴   │   ╷   ┌───────────┼───┬───╴   ╶───────────┴───╴   ╶───┤
│ c   d     │   │     5 │   │   │           │   │                               │
├───┐   ╶───┤   │   ┼   │   │   │           │   └───╴   ┼   ┼   ┼   ╷   ┌───┐   │
│   │ e   f │   │     4 │   │   │           │                       │   │   │   │
│   └───┐   │   │   ┼   │   └───┤           │   ╶───┐   ┼   ┼   ┼   │   │   │   │
│       │ 10│   │     3 │       │           │       │               │   │   │   │
│   ╶───┤   └───┤   ┼   │   ╶───┤           │   ┌───┘   ╶───╴   ┼   ╵   ╵   └───┤
│       │ 11    │     2 │       │           │   │                               │
├───┐   │   ╶───┤   ┼   ├───╴   └───────┬───┴───┤   ┼   ┼   ┼   ┼   ┼   ┼   ┌───┤
│   │   │ 12  13│ 0   1 │               │       │                           │   │
│   ╵   └───╴   ├───────┤   ╷   ╶───┬───┘   ╷   ╵   ┼   ┼   ┼   ┼   ┼   ┼   │   │
│         15  14│       │   │       │ 26  27│                               │   │
├───┬───┐   ╶───┤       ├───┴───┐   ╵   ╷   ├───────────╴   ╷   ╷   ╷   ╶───┤   │
│   │   │ 16  17│       │       │     25│ 28│               │   │   │       │   │
│   │   └───┐   └───────┘   ╶───┤   ╷   │   │   ╶───────┐   ├───┤   └───────┤   │
│   │       │ 18  19  1a  1b    │   │ 24│ 29│           │   │   │           │   │
│   ╵   ╶───┘   ┌───────╴   ╷   ├───┘   │   ├───────────┘   ╵   └───┐   ╷   ╵   │
│               │         1c│   │ 22  23│ 2a│                       │   │       │
├───────┬───────┴───────┐   │   │   ┌───┤   ╵   ┌───╴   ┼   ┼   ┼   └───┴───┐   │
│       │               │ 1d│   │ 21│   │ 2b  2c│                           │   │
│   ┼   │   ┼   ┼   ┼   │   └───┘   │   ╵   ╷   ├───┬───╴   ╶───┐   ╷   ┌───┤   │
│       │               │ 1e  1f  20│       │ 2d│   │           │   │   │   │   │
├───╴   │   ┼   ┼   ┼   └───────┐   └───┬───┘   ╵   │   ┼   ┼   │   ├───┘   │   │
│       │                       │       │     2e  2f│           │   │       │   │
│   ╶───┤   ┼   ┼   ┼   ╷   ╷   │   ╶───┴───┬───┐   └───────────┤   │   ┌───┼───┤
│       │               │   │   │           │   │ 30            │   │   │   │   │
│   ╶───┤   ┼   ┼   ┼   │   └───┼───┬───╴   ╵   │   ┌───────────┼───┤   │   ╵   │
│       │               │       │   │           │ 31│           │   │   │       │
│   ┼   │   ┼   ┼   ┼   ├───╴   ╵   └───╴   ╶───┤   │   ┼   ┼   ╵   ╵   ├───┬───┤
│       │               │                       │ 32│                   │   │   │
├───────┤   ┼   ┼   ┼   ├───╴   ╶───────┐   ┌───┘   └───────────┐   ╷   │   │   │
│       │               │               │   │     33            │   │   │   │   │
│   ╶───┴───────────────┴───┬───────┐   │   ├───╴   ╶───────────┘   └───┤   ├───┤
│             3f  3e  3d  3c│       │   │   │     34                    │   │   │
├───┐   ┌───╴   ╶───────┐   └───╴   └───┴───┴───╴   ┌───╴   ┼   ┌───╴   └───┘   │
│ 45│   │ 41  40        │ 3b  3a  39  38  37  36  35│           │               │
│   └───┘   ╷   ╷   ┼   │   ╶───┐   ┼   ┼   ╷   ╶───┘   ┼   ┼   ╵   ╷   ┌───╴   │
│ 44  43  42│   │       │       │           │                       │   │       │
└───────────┴───┴───────┴───────┴───────────┴───────────────────────┴───┴───────┘

AldousBroderMazeGenerator: Generating maze 20x20 with PlayersWorlds.Maps.Maze.GeneratorOptions(Full, Auto, List`1<MapArea>(P2x3;S4x7;Hall;fixed, P<empty>;S2x5;Hall;auto), PlayersWorlds.Maps.Areas.RandomAreaGenerator, PlayersWorlds.Maps.Maze.AldousBroderMazeGenerator)
┌───────┬───┬───────────┬───────────────┬───────────┬───┬───────┬───┬───────────┐
│       │   │           │               │           │   │       │   │           │
│   ╶───┘   ╵   ╷   ╷   ╵   ┌───╴   ╶───┴───────╴   ╵   ╵   ╷   ╵   ├───╴   ╷   │
│               │   │       │                               │       │       │   │
│   ╶───┬───────┤   │   ┌───┤   ┼   ┼   ┌───┬───────────────┴───────┤   ╶───┴───┤
│       │       │   │   │   │           │   │                       │           │
│   ┌───┤   ┼   ├───┘   ╵   │   ┼   ┼   │   ╵   ┼   ┼   ┼   ┼   ┼   ├───────╴   │
│   │   │       │           │           │                           │           │
│   │   │   ┼   ├───────┐   │   ┼   ┼   │   ╷   ┼   ┼   ┼   ┼   ┼   ├───────┐   │
│   │   │       │       │   │           │   │                       │       │   │
│   ╵   ╵   ┼   │   ┌───┤   │   ┼   ┼   ╵   │   ┼   ┼   ┼   ┼   ┼   │   ╷   ╵   │
│               │   │   │   │               │                       │   │       │
├───╴   ╷   ┼   │   ╵   │   ╵   ┼   ┼   ┼   │   ┼   ┼   ┼   ┼   ┼   │   ├───────┤
│       │       │       │                   │                       │   │       │
│   ╶───┴───┬───┼───╴   ╵   ╷   ╶───╴   ╶───┼───┬───────────────────┘   │   ╶───┤
│           │   │           │               │   │                       │       │
├───╴   ╶───┤   └───┐   ┌───┤   ╷   ╷   ╷   │   ├───╴   ┌───┬───╴   ╶───┘   ╶───┤
│           │       │   │   │   │   │   │   │   │       │   │                   │
├───╴   ╷   │   ╷   └───┘   ├───┴───┘   │   │   ╵   ┼   ╵   └───────────┐   ┌───┤
│       │   │   │           │           │   │                           │   │   │
│   ╶───┼───┴───┴───────┐   ╵   ┌───╴   └───┤   ┼   ┼   ┼   ┼   ┼   ╷   │   ╵   │
│       │ 3   2   1   0 │       │           │                       │   │       │
│   ┼   │   ┼   ┼   ┼   ├───┐   ├───╴   ╶───┘   ┼   ┼   ┼   ┼   ┼   ├───┤   ╷   │
│       │ 4             │   │   │                                   │   │   │   │
│   ┼   │   ┼   ┼   ┼   │   └───┤   ┌───────┐   ┼   ┼   ┼   ┼   ┼   ╵   └───┼───┤
│       │ 5             │       │   │       │                               │   │
├───────┤   ┼   ┼   ┼   │   ╶───┼───┘   ╷   │   ┼   ┼   ┼   ┼   ┼   ┼   ┌───┤   │
│       │ 6             │       │       │   │                           │   │   │
├───┐   ╵   ┼   ┼   ┼   ├───╴   ╵   ╷   ├───┤   ╷   ╶───────┬───────────┘   ╵   │
│   │ 8   7             │           │   │   │   │           │                   │
│   ╵   ╷   ┼   ┼   ┼   │   ╶───┐   ├───┘   ╵   │   ┌───╴   ╵   ╶───────────┐   │
│     9 │               │       │   │           │   │                       │   │
├───┐   │   ┼   ┼   ┼   ├───╴   └───┘   ╷   ┌───┘   └───╴   ╶───┬───┬───╴   │   │
│   │ a │               │               │   │                   │   │       │   │
│   ╵   ├───────┬───────┤   ╷   ┼   ╶───┴───┘   ╷   ┼   ┼   ┼   ╵   ├───╴   └───┤
│     b │       │       │   │                   │                   │           │
├───╴   │   ┼   │   ╶───┼───┘   ╷   ╶───┬───┬───┤   ┼   ┼   ┼   ╷   ├───╴   ╷   │
│ d   c │       │       │       │       │   │   │               │   │       │   │
│   ╶───┤   ╶───┴───╴   ╵   ┌───┘   ╷   ╵   │   ╵   ┼   ╶───────┤   │   ╶───┴───┤
│ e   f │                   │       │       │                   │   │           │
└───────┴───────────────────┴───────┴───────┴───────────────────┴───┴───────────┘

AldousBroderMazeGenerator: Generating maze 20x20 with PlayersWorlds.Maps.Maze.GeneratorOptions(Full, Auto, List`1<MapArea>(P2x3;S4x7;Hall;fixed, P<empty>;S2x5;Hall;auto), PlayersWorlds.Maps.Areas.RandomAreaGenerator, PlayersWorlds.Maps.Maze.AldousBroderMazeGenerator)
┌───────┬───────┬───────┬───────┬───────────────────┬───┬───────────────────────┐
│ 1   0 │       │       │       │                   │   │                       │
│   ╶───┘   ╷   │   ┼   │   ╷   └───╴   ╶───────┐   ╵   └───┬───╴   ╷   ╷   ┌───┤
│ 2   3   4 │   │       │   │                   │           │       │   │   │   │
├───────╴   ├───┤   ┼   ├───┘   ╶───┬───╴   ╶───┼───────╴   ├───╴   └───┼───┤   │
│ 7   6   5 │   │       │           │           │           │           │   │   │
│   ┌───╴   ╵   │   ┼   ├───────────┤   ╶───────┼───┬───┐   ├───────╴   │   ╵   │
│ 8 │           │       │           │           │   │   │   │           │       │
│   └───┐   ╶───┤   ┼   ╵   ╶───────┼───╴   ╶───┘   ╵   └───┼───╴   ┌───┴───┐   │
│ 9   a │       │         15  16    │ 1a  1b  1c  1d  1e  1f│       │       │   │
├───╴   │   ┌───┴───────╴   ╷   ╶───┘   ╶───┐   ╷   ┌───┐   ╵   ╶───┘   ╶───┘   │
│     b │   │ 11  12  13  14│ 17  18  19    │   │   │   │ 20  21                │
│   ╷   │   │   ┌───╴   ┌───┘   ┌───────────┴───┤   │   ╵   ╷   ╶───┐   ╶───────┤
│   │ c │   │ 10│       │       │               │   │       │ 22  23│           │
├───┤   └───┘   │   ┼   ├───╴   │   ┼   ┼   ┼   │   └───┬───┼───╴   └───────────┤
│   │ d   e   f │       │       │               │       │   │     24  25        │
│   └───┬───╴   │   ┼   │   ┌───┤   ┼   ┼   ┼   ├───┬───┘   ├───────┐   ╶───────┤
│       │       │       │   │   │               │   │       │       │ 26  27  28│
├───╴   ╵   ╷   └───┬───┴───┘   │   ┼   ┼   ┼   │   ╵   ┼   ╵   ╶───┴───────┐   │
│           │       │           │               │                           │ 29│
├───╴   ┌───┘   ╶───┴───┐   ╶───┘   ┼   ┼   ┼   │   ┼   ┼   ┼   ┼   ┼   ┼   ╵   │
│       │               │                       │                         2b  2a│
├───────┤   ┼   ┼   ┼   ├───╴   ╷   ┼   ┼   ┼   ├───┐   ┼   ┼   ┼   ┼   ┼   ╶───┤
│     4f│               │       │               │   │                     2c    │
│   ┼   │   ┼   ┼   ┼   │   ┌───┤   ┼   ┼   ┼   │   │   ┼   ┼   ┼   ┼   ┼   ╶───┤
│     4e│               │   │   │               │   │                     2d    │
│   ┼   │   ┼   ┼   ┼   │   │   │   ┼   ┼   ┼   │   ╵   ┼   ┼   ┼   ┼   ┼   ╷   │
│ 4c  4d│               │   │   │               │                     2f  2e│   │
│   ╶───┤   ┼   ┼   ┼   ├───┘   └───┬───┬───┬───┼───┐   ╶───┐   ╶───┐   ┌───┴───┤
│ 4b  4a│               │           │   │   │   │   │       │       │ 30│       │
├───┐   │   ┼   ┼   ┼   │   ╷   ╷   │   ╵   │   ╵   └───┐   │   ╶───┤   ╵   ╷   │
│   │ 49│               │   │   │   │       │           │   │       │ 31    │   │
│   ╵   │   ┼   ┼   ┼   ├───┴───┘   ╵   ╷   └───┬───┐   ╵   └───╴   ╵   ┌───┘   │
│     48│               │               │       │   │ 36  35  34  33  32│       │
├───┐   └───────┬───────┼───┬───────┐   └───────┘   ╵   ┌───╴   ╶───┬───┤   ╷   │
│   │ 47  46  45│       │   │       │ 3b  3a  39  38  37│           │   │   │   │
│   └───┐   ╷   ├───┐   │   └───╴   ╵   ┼   ┌───────────┤   ┼   ┼   │   │   │   │
│       │   │ 44│   │   │ 3f  3e  3d  3c    │           │           │   │   │   │
│   ╶───┘   │   ╵   ╵   ╵   ╷   ╶───┐   ╶───┴───╴   ╶───┴───────────┘   └───┴───┤
│           │ 43  42  41  40│       │                                           │
└───────────┴───────────────┴───────┴───────────────────────────────────────────┘

AldousBroderMazeGenerator: Generating maze 20x20 with PlayersWorlds.Maps.Maze.GeneratorOptions(Full, Auto, List`1<MapArea>(P2x3;S4x7;Hall;fixed, P<empty>;S2x5;Hall;auto), PlayersWorlds.Maps.Areas.RandomAreaGenerator, PlayersWorlds.Maps.Maze.AldousBroderMazeGenerator)
┌───┬───────┬───┬───────┬───────────────────────────────────┬───────────────┬───┐
│   │       │   │       │                                   │               │   │
│   └───┐   ╵   └───╴   ╵   ╶───────────────────╴   ╷   ╶───┴───────┬───╴   ╵   │
│       │                                           │               │           │
├───╴   │   ┌───────┬───╴   ╷   ┼   ┼   ┼   ┼   ╶───┤   ╶───────┐   └───╴   ┌───┤
│       │   │       │       │                       │           │           │   │
├───╴   └───┘   ┌───┘   ╶───┤   ┼   ┼   ┼   ┼   ╶───┴───┬───┬───┤   ╷   ╶───┘   │
│               │           │                           │   │   │   │           │
│   ╷   ┼   ┼   ╵   ┌───────┤   ┼   ┼   ┼   ┼   ┌───┐   ╵   ╵   │   ├───┬───╴   │
│   │               │       │                   │   │           │   │   │       │
│   ╵   ┼   ┼   ╶───┼───╴   │   ┼   ┼   ┼   ┼   │   └───┬───────┤   ╵   └───────┤
│ 7   8   9         │       │                   │       │       │               │
│   ╷   ┼   ┼   ╶───┴───╴   ╵   ┼   ┼   ┼   ┼   │   ╶───┼───╴   ╵   ╷   ╶───────┤
│ 6 │     a   b   c   d   e   f   10  11  12  13│       │           │           │
│   │   ┌───────┐   ┌───┐   ╷   ┌───────┬───╴   ╵   ╶───┤   ┌───╴   ├───╴   ╷   │
│ 5 │   │       │   │   │   │   │       │     14  15    │   │       │       │   │
│   └───┼───╴   └───┤   ├───┤   │   ╷   ╵   ┌───╴   ╷   ├───┘   ╷   ├───┐   └───┤
│ 4     │           │   │   │   │   │       │ 17  16│   │       │   │   │       │
│   ┌───┤   ╷   ╶───┘   │   ├───┴───┴───────┤   ╷   ├───┴───────┤   ╵   ├───╴   │
│ 3 │ 0 │   │           │   │               │ 18│   │           │       │       │
│   ╵   │   └───────────┼───┘   ╷   ╷   ╷   │   └───┤   ┌───────┘   ╷   │   ╶───┤
│ 2   1 │               │       │   │   │   │ 19    │   │           │   │       │
├───────┤   ┼   ┼   ┼   │   ╷   └───┘   └───┘   ╶───┘   ╵   ┌───┐   │   │   ╷   │
│       │               │   │ 1e  1d  1c  1b  1a            │   │   │   │   │   │
│   ╶───┤   ┼   ┼   ┼   │   │   ┼   ┼   ┼   ┼   ┼   ╷   ┌───┘   ╵   ╵   ╵   ╵   │
│       │               │   │ 1f                    │   │                       │
├───╴   │   ┼   ┼   ┼   │   ╵   ┼   ┼   ┼   ┼   ┼   │   │   ┼   ┼   ┼   ┼   ┼   │
│       │               │     20                    │   │                       │
│   ┼   │   ┼   ┼   ┼   ├───╴   ┌───╴   ╶───────╴   │   ╵   ┼   ┼   ┼   ┼   ┼   │
│       │               │ 22  21│                   │                           │
│   ┼   │   ┼   ┼   ┼   │   ┌───┴───────────────────┼───┐   ┼   ┼   ┼   ┼   ┼   │
│       │               │ 23│                       │   │                       │
│   ┼   │   ┼   ┼   ┼   │   │                       │   │   ┼   ┼   ┼   ┼   ┼   │
│       │               │ 24│                       │   │                       │
│   ┼   ├───────────┬───┤   │                       │   ╵   ╶───┐   ┌───╴   ┼   │
│       │           │   │ 25│                       │           │   │           │
├───────┴───────╴   │   ╵   ├───────────────────────┴───────────┘   └───┐   ╷   │
│ 2e  2d  2c  2b  2a│ 27  26│                                           │   │   │
│   ╷   ╷   ╷   ╷   ╵   ╷   └───────╴   ╶───┬───╴   ╶───┐   ╷   ╷   ┌───┘   │   │
│ 2f│   │   │   │ 29  28│                   │           │   │   │   │       │   │
└───┴───┴───┴───┴───────┴───────────────────┴───────────┴───┴───┴───┴───────┴───┘

AldousBroderMazeGenerator: Generating maze 20x20 with PlayersWorlds.Maps.Maze.GeneratorOptions(Full, Auto, List`1<MapArea>(P2x3;S4x7;Hall;fixed, P<empty>;S2x5;Hall;auto), PlayersWorlds.Maps.Areas.RandomAreaGenerator, PlayersWorlds.Maps.Maze.AldousBroderMazeGenerator)
┌───┬───────────────────┬───┬───────┬───┬───────────┬───┬───────┬───┬───┬───┬───┐
│   │ 26  25  24  23  22│   │       │   │           │   │       │   │   │   │   │
│   ╵   ╶───────────┐   ╵   ╵   ╶───┘   ├───────╴   │   ╵   ┌───┘   ╵   │   ╵   │
│ 28  27            │ 21  20  1f  1e    │           │       │           │       │
│   ┌───╴   ┌───────┼───────────╴   ╶───┤   ╶───┐   ╵   ╷   ├───────┐   ╵   ╶───┤
│ 29│       │       │             1d    │       │       │   │       │           │
│   ├───────┘   ╶───┤   ┼   ┼   ┼   ┼   └───────┘   ╶───┴───┘   ╶───┴───╴   ╶───┤
│ 2a│               │             1c                                            │
│   │   ┼   ┌───┐   ╵   ┼   ┼   ┼   ┼   ╷   ╷   ┼   ┼   ┼   ┼   ┼   ┼   ┌───┐   │
│ 2b│       │   │                 1b    │   │                           │   │   │
│   │   ┼   │   │   ╷   ┼   ┼   ┼   ┼   ╵   │   ╷   ┼   ┼   ┼   ┼   ┼   │   ╵   │
│ 2c│       │   │   │             1a        │   │                       │       │
│   │   ┼   │   └───┘   ┼   ┼   ┼   ┼   ┼   │   │   ┼   ┼   ┼   ┼   ┼   │   ╶───┤
│ 2d│       │                     19        │   │                       │       │
│   │   ┼   │   ┌───┐   ┼   ┼   ┼   ┼   ╶───┴───┘   ┼   ┼   ┼   ┼   ┼   ├───┐   │
│ 2e│       │   │   │             18                                    │   │   │
│   ├───┬───┘   │   │   ┼   ╶───┐   ╷   ╶───┐   ┌───┬───────╴   ╷   ╶───┤   │   │
│ 2f│   │       │   │           │ 17│       │   │   │           │       │   │   │
│   │   ├───╴   ╵   └───╴   ╷   │   │   ╶───┤   ╵   ├───╴   ╶───┤   ╶───┘   └───┤
│ 30│   │                   │   │ 16│       │       │           │               │
│   ╵   ├───────╴   ╶───┬───┴───┤   └───────┼───╴   ╵   ┌───┐   └───╴   ╷   ╶───┤
│ 31    │               │       │ 15        │           │   │           │       │
│   ╷   │   ┼   ┼   ┼   ├───╴   ╵   ╶───┐   ├───────────┘   ├───╴   ┌───┼───┐   │
│ 32│   │               │         14  13│   │               │       │   │   │   │
│   ├───┤   ┼   ┼   ┼   ├───┬───┬───╴   ├───┼───┬───┐   ╷   ├───┬───┘   │   │   │
│ 33│   │               │   │   │     12│   │   │   │   │   │   │       │   │   │
│   ╵   │   ┼   ┼   ┼   │   │   └───╴   ╵   ╵   ╵   ╵   └───┘   └───╴   ╵   ╵   │
│ 34    │               │   │         11  10  f   e                             │
│   ┼   │   ┼   ┼   ┼   │   │   ┼   ┼   ┼   ╶───┐   ┼   ┼   ┼   ┼   ┼   ╷   ┌───┤
│ 35    │               │   │                   │ d                     │   │   │
│   ┼   │   ┼   ┼   ┼   │   │   ┼   ┼   ┼   ╷   ╵   ┼   ┼   ┼   ┼   ┼   │   ╵   │
│ 36    │               │   │               │     c   b   a             │       │
│   ┼   │   ┼   ┼   ┼   │   │   ┌───╴   ╶───┼───┐   ┼   ┼   ┼   ┼   ┼   ╵   ╶───┤
│ 37    │               │   │   │           │   │         9   8   7             │
│   ╶───┴───────┬───────┤   ╵   ╵   ┌───┐   │   ╵   ┼   ┼   ┼   ┼   ┼   ╶───┬───┤
│ 38  39        │       │           │   │   │                     6   5     │   │
├───╴   ╷   ┌───┤       │   ╶───────┘   └───┤   ┌───╴   ╷   ┼   ╷   ╷   ╶───┤   │
│ 3b  3a│   │   │       │                   │   │       │       │   │ 4     │   │
│   ┌───┴───┘   └───────┤   ╶───────────────┤   ├───╴   ├───────┴───┘   ╷   └───┤
│ 3c│                   │                   │   │       │ 0   1   2   3 │       │
└───┴───────────────────┴───────────────────┴───┴───────┴───────────────┴───────┘

AldousBroderMazeGenerator: Generating maze 20x20 with PlayersWorlds.Maps.Maze.GeneratorOptions(Full, Auto, List`1<MapArea>(P2x3;S4x7;Hall;fixed, P<empty>;S2x5;Hall;auto), PlayersWorlds.Maps.Areas.RandomAreaGenerator, PlayersWorlds.Maps.Maze.AldousBroderMazeGenerator)
┌───────┬───────────────────────┬───────────┬───────────────────┬───────────────┐
│       │                       │ 17  16    │ 12  11  10  f   e │               │
│   ╶───┤   ┌───────────────┐   ╵   ╷   ╶───┘   ╶───┬───────╴   └───╴   ┌───┐   │
│       │   │               │     18│ 15  14  13    │         d   c     │   │   │
├───╴   ╵   │               ├───┐   ├───╴   ╶───┐   └───┐   ╶───┐   ╶───┘   └───┤
│           │               │   │ 19│           │       │       │ b   a         │
│   ╷   ┌───┤               │   ╵   ├───────────┴───────┴───────┴───┐   ╶───────┤
│   │   │   │               │ 1b  1a│                               │ 9   8   7 │
│   └───┤   │               │   ╶───┤   ┼   ┼   ┼   ┼   ┼   ┼   ┼   ├───┬───╴   │
│       │   │               │ 1c    │                               │   │ 5   6 │
├───────┘   │               │   ╷   │   ┼   ┼   ┼   ┼   ┼   ┼   ┼   │   ╵   ╷   │
│           │               │ 1d│   │                               │ 3   4 │   │
│   ┌───┐   │               │   └───┤   ┼   ┼   ┼   ┼   ┼   ┼   ┼   │   ┌───┘   │
│   │   │   │               │ 1e  1f│                               │ 2 │       │
│   │   └───┤               │   ╷   └───────────┐   ┌───────────┬───┤   └───┐   │
│   │       │               │   │ 20  21  22  23│   │           │   │ 1   0 │   │
│   └───╴   │               │   │   ┌───┬───╴   ╵   ├───╴   ┌───┤   ├───────┴───┤
│           │               │   │   │   │     24    │       │   │   │           │
├───────╴   ├───────────────┼───┴───┘   │   ╷   ┌───┤   ┌───┘   ╵   ╵   ┌───┐   │
│           │               │           │   │ 25│   │   │               │   │   │
├───────┬───┴───────────┐   ╵   ╷   ╶───┴───┤   │   ╵   ╵   ╷   ┌───╴   ╵   └───┤
│       │             4a│       │           │ 26│           │   │               │
│   ┼   │   ┼   ┼   ┼   │   ╷   ├───╴   ╷   ╵   └───────────┼───┤   ┌───────╴   │
│       │             49│   │   │       │ 28  27            │   │   │           │
│   ┼   │   ┼   ┼   ┼   ├───┴───┘   ┌───┘   ┼   ┼   ┼   ╶───┘   ╵   ├───────────┤
│       │             48│           │     29                        │           │
│   ┼   │   ┼   ┼   ┼   ├───────┐   ├───╴   ┼   ┼   ┼   ╷   ┌───╴   ╵   ╷   ┌───┤
│       │             47│       │   │     2a            │   │           │   │   │
│   ┼   │   ┼   ┼   ┼   ├───╴   │   └───╴   ╶───┐   ┼   ├───┘   ╷   ╷   │   ╵   │
│       │             46│       │         2b    │       │       │   │   │       │
├───┐   │   ┼   ┼   ┼   │   ╶───┼───┬───╴   ╷   ├───╴   ╵   ╶───┴───┼───┼───╴   │
│   │   │             45│ 32  31│   │ 2d  2c│   │                   │   │       │
│   ╵   ╵   ┼   ┼   ┼   │   ╷   ╵   ╵   ┌───┘   │   ┌───────────┬───┘   └───────┤
│ 3f  40  41  42  43  44│ 33│ 30  2f  2e│       │   │           │               │
│   ╶───┬───┬───┬───────┘   ├───┐   ╷   │   ╷   ╵   └───╴   ╷   ├───┬───╴   ╶───┤
│ 3e  3d│   │   │         34│   │   │   │   │               │   │   │           │
├───┐   ╵   ╵   │   ┼   ╷   ╵   └───┴───┤   │   ┼   ┼   ╶───┤   ╵   └───╴   ┌───┤
│   │ 3c        │       │ 35            │   │               │               │   │
│   ╵   ╶───────┴───────┘   ╶───┐   ╷   └───┤   ╶───┐   ╶───┴───┐   ╷   ┌───┘   │
│     3b  3a  39  38  37  36    │   │       │       │           │   │   │       │
└───────────────────────────────┴───┴───────┴───────┴───────────┴───┴───┴───────┘

AldousBroderMazeGenerator: Generating maze 20x20 with PlayersWorlds.Maps.Maze.GeneratorOptions(Full, Auto, List`1<MapArea>(P2x3;S4x7;Hall;fixed, P<empty>;S2x5;Hall;auto), PlayersWorlds.Maps.Areas.RandomAreaGenerator, PlayersWorlds.Maps.Maze.AldousBroderMazeGenerator)
┌───┬───────────────────────┬───────┬───┬───┬───────────────┬───┬───────────────┐
│   │                       │       │   │   │               │   │ 7   6   5   4 │
│   ╵   ╶───┐   ╶───────────┴───┐   │   │   ╵   ┌───┐   ╶───┘   │   ┌───┬───╴   │
│           │                   │   │   │       │   │           │ 8 │   │     3 │
│   ╶───────┤   ╷   ╶───┬───╴   │   ╵   └───────┘   ├───╴   ┌───┘   ╵   ├───╴   │
│           │   │       │       │                   │       │     9   a │     2 │
├───────╴   ├───┘   ╷   └───┐   └───┬───────╴   ╶───┘   ╷   └───┐   ╷   └───┐   │
│           │       │       │       │                   │       │   │ b   c │ 1 │
│   ┌───────┤   ┌───┴───────┤   ┌───┴───────────┬───────┴───╴   └───┴───╴   │   │
│   │ 3c    │   │           │   │               │             10  f   e   d │ 0 │
├───┤   ┼   │   │   ┼   ┼   │   │   ┼   ┼   ┼   │   ┼   ┼   ┼   ┼   ┼   ┼   └───┤
│   │ 3b    │   │           │   │               │             11                │
│   │   ┼   │   │   ┼   ┼   │   │   ┼   ┼   ┼   │   ┼   ┼   ┼   ┼   ┼   ┼   ╷   │
│   │ 3a    │   │           │   │               │ 15  14  13  12            │   │
├───┤   ┼   │   │   ┼   ┼   │   │   ┼   ┼   ┼   │   ┼   ┼   ┼   ┼   ┼   ┼   └───┤
│   │ 39    │   │           │   │               │ 16                            │
│   │   ┼   ├───┴───╴   ╶───┴───┤   ┼   ┼   ┼   │   ┼   ┼   ┼   ┼   ┼   ┼   ┼   │
│   │ 38  37│ 34  33  32  31    │               │ 17                            │
│   └───┐   ╵   ┌───╴   ╷   ╶───┤   ┼   ┼   ┼   │   ┼   ┼   ┼   ┼   ┼   ┼   ╶───┤
│       │ 36  35│       │ 30  2f│               │ 18                            │
├───┬───┼───────┴───────┼───╴   │   ┼   ┼   ┼   │   ┼   ┼   ┼   ┼   ┼   ┼   ╷   │
│   │   │               │ 2d  2e│               │ 19                        │   │
│   ╵   ╵   ┼   ┼   ┼   │   ╷   │   ┼   ┼   ┼   │   ╶───┐   ╶───────╴   ╷   └───┤
│                       │ 2c│   │               │ 1a    │               │       │
├───┐   ╷   ┼   ┼   ┼   │   ├───┤   ┌───────┬───┤   ╷   │   ╶───────┬───┘   ╶───┤
│   │   │               │ 2b│   │   │       │   │ 1b│   │           │           │
│   ╵   │   ┼   ┼   ┼   │   │   ╵   ╵   ┌───┘   ╵   │   │   ┌───┐   └───┬───╴   │
│       │               │ 2a│           │     1d  1c│   │   │   │       │       │
├───────┤   ┼   ┼   ┼   │   │   ┌───╴   ├───╴   ╶───┤   └───┘   └───┐   │   ╶───┤
│       │               │ 29│   │       │     1e    │               │   │       │
│   ┼   │   ┼   ┼   ┼   │   └───┤   ╷   └───╴   ╷   ├───────────────┤   │   ╶───┤
│       │               │ 28    │   │         1f│   │               │   │       │
│   ╶───┤   ┼   ┼   ┼   │   ╶───┼───┴───────┐   └───┤               │   ╵   ╶───┤
│       │               │ 27    │           │ 20    │               │           │
│   ╷   ├───────────────┘   ╶───┘   ╶───────┘   ┌───┤               │   ╷   ┌───┤
│   │   │                 26  25  24  23  22  21│   │               │   │   │   │
├───┤   └───┬───┐   ┼   ╷   ┌───┐   ┼   ┼   ┌───┘   └───────────┬───┤   ├───┘   │
│   │       │   │       │   │   │           │                   │   │   │       │
│   ╵   ╷   ╵   └───────┘   ╵   ├───╴   ╶───┘   ╷   ╷   ╷   ╷   ╵   ╵   ╵   ╷   │
│       │                       │               │   │   │   │               │   │
└───────┴───────────────────────┴───────────────┴───┴───┴───┴───────────────┴───┘

AldousBroderMazeGenerator: Generating maze 20x20 with PlayersWorlds.Maps.Maze.GeneratorOptions(Full, Auto, List`1<MapArea>(P2x3;S4x7;Hall;fixed, P<empty>;S2x5;Hall;auto), PlayersWorlds.Maps.Areas.RandomAreaGenerator, PlayersWorlds.Maps.Maze.AldousBroderMazeGenerator)
┌───────────────────┬───────┬───┬───────┬───────┬───────────┬───┬───────────────┐
│ 3c  3b  3a  39  38│ 35  34│   │ 30  2f│ 2c  2b│           │   │               │
│   ┌───╴   ┌───╴   ╵   ╷   ╵   ╵   ╷   ╵   ╷   │   ╶───────┘   └───┐   ╶───┐   │
│ 3d│       │     37  36│ 33  32  31│ 2e  2d│ 2a│                   │       │   │
│   ├───╴   ├───╴   ╶───┼───┐   ╶───┴───┬───┘   │   ╶───┐   ┌───╴   └───────┘   │
│ 3e│       │           │   │           │ 28  29│       │   │                   │
│   ├───────┴───┬───╴   ╵   │   ╶───┬───┤   ╶───┘   ┌───┴───┤   ╷   ┌───╴   ┌───┤
│ 3f│           │           │       │   │ 27  26    │       │   │   │       │   │
│   │   ┼   ┼   ├───┬───────┤   ╷   │   └───╴   ╷   │   ╷   │   └───┴───┬───┘   │
│ 40│           │   │       │   │   │         25│   │   │   │           │       │
│   │   ┼   ┼   │   │   ┼   ├───┴───┴───╴   ╷   └───┤   │   └───┬───┐   ├───┐   │
│ 41│           │   │       │               │ 24  23│   │       │   │   │   │   │
│   │   ┼   ┼   ╵   │   ┼   ├───┬───────────┴───┐   └───┘   ┼   ╵   └───┘   │   │
│ 42│               │       │   │               │ 22  21                    │   │
│   │   ┼   ┼   ╷   │   ┼   │   │   ┼   ┼   ┼   │   ┼   ┼   ┼   ┼   ┼   ┼   │   │
│ 43│           │   │       │   │               │     20                    │   │
│   │   ┼   ┼   ├───┤   ┼   ╵   │   ┼   ┼   ┼   │   ┼   ┼   ┼   ┼   ┼   ┼   ╵   │
│ 44│           │   │           │               │     1f                        │
│   └───────┬───┘   └───────╴   ╵   ┼   ┼   ┼   │   ┼   ┼   ┼   ┼   ┼   ┼   ╶───┤
│ 45  46    │                                   │     1e                        │
├───╴   ┌───┴───────────┬───┬───┐   ┼   ┼   ┼   │   ┼   ┼   ┼   ┼   ┼   ┼   ╶───┤
│     47│               │   │   │               │     1d                        │
├───╴   │   ┼   ┼   ┼   │   ╵   │   ┼   ┼   ┼   │   ┼   ┼   ┼   ┼   ┼   ┼   ╷   │
│ 49  48│               │       │               │     1c                    │   │
│   ┌───┤   ┼   ┼   ┼   ├───╴   │   ┼   ┼   ┼   │   ┼   ┼   ┼   ┼   ┼   ┼   └───┤
│ 4a│   │               │       │               │     1b                        │
│   ╵   ╵   ┼   ┼   ┼   │   ┌───┤   ┼   ┼   ┼   │   ╷   ╶───┬───────────╴   ╷   │
│ 4b                    │   │   │               │   │ 1a    │               │   │
│   ╷   ╷   ┼   ┼   ┼   │   │   ├───────────────┼───┘   ╷   └───┐   ╷   ╶───┤   │
│ 4c│   │               │   │   │               │ 18  19│       │   │       │   │
│   └───┤   ┼   ┼   ┼   │   ╵   ├───┐   ╷   ┌───┘   ╷   ├───┐   ╵   │   ╶───┴───┤
│ 4d    │               │       │   │   │   │ 16  17│   │   │       │           │
│   ╶───┤   ┼   ┼   ┼   │   ╶───┘   ╵   └───┘   ╷   └───┤   │   ┌───┴───┬───╴   │
│ 4e    │               │     11  12  13  14  15│       │   │   │       │       │
│   ╶───┴───┬───────────┼───╴   ╶───┐   ┼   ╶───┼───────┘   └───┤   ╷   └───┐   │
│ 4f  50    │           │ f   10    │           │     4   3   2 │   │       │   │
│   ╷   ┼   ├───┬───╴   │   ╶───────┤   ┌───────┴───╴   ┌───┐   └───┤   ╷   ╵   │
│   │ 51    │   │       │ e   d     │   │     7   6   5 │   │ 1   0 │   │       │
│   │   ┼   │   └───╴   └───╴   ╶───┴───┴───╴   ╷   ╷   ╵   ├───────┘   └───────┤
│   │ 52  53│                 c   b   a   9   8 │   │       │                   │
└───┴───────┴───────────────────────────────────┴───┴───────┴───────────────────┘

AldousBroderMazeGenerator: Generating maze 20x20 with PlayersWorlds.Maps.Maze.GeneratorOptions(Full, Auto, List`1<MapArea>(P2x3;S4x7;Hall;fixed, P<empty>;S2x5;Hall;auto), PlayersWorlds.Maps.Areas.RandomAreaGenerator, PlayersWorlds.Maps.Maze.AldousBroderMazeGenerator)
┌───┬───┬───┬───┬───────┬───┬───────────┬───────┬───────┬───┬───────────┬───────┐
│   │   │   │   │       │   │           │       │       │   │           │       │
│   ╵   │   ╵   ├───╴   ╵   └───┬───╴   ╵   ╶───┘   ╷   ╵   ╵   ╶───┬───┤   ╷   │
│       │       │               │                   │               │   │   │   │
├───╴   └───╴   └───┐   ┌───╴   │   ╶───────┐   ╶───┤   ╷   ┌───┐   │   ╵   └───┤
│                   │   │       │           │       │   │   │   │   │           │
│   ┌───────╴   ╷   └───┘   ┌───┼───╴   ┌───┼───────┴───┼───┘   ╵   ╵   ╶───┬───┤
│   │           │           │   │       │   │           │                   │   │
│   │   ┼   ┌───┘   ┼   ┼   ╵   ╵   ┌───┘   └───╴   ┌───┼───────╴   ┌───╴   ╵   │
│   │       │                       │               │   │           │           │
│   │   ┼   ├───╴   ┼   ┼   ╶───────┘   ╷   ╷   ┌───┘   │   ╷   ┌───┘   ╷   ╷   │
│   │       │                           │   │   │       │   │   │       │   │   │
│   │   ┼   │   ╷   ┼   ┼   ╷   ╷   ┌───┘   │   │   ┌───┴───┴───┴───────┴───┴───┤
│   │       │   │           │   │   │       │   │   │                           │
│   │   ┼   │   ╵   ┼   ┼   │   ├───┴───╴   └───┘   │   ┼   ┼   ┼   ┼   ┼   ┼   │
│   │       │               │   │                   │                           │
│   └───┬───┤   ╶───┐   ┌───┼───┘   ┼   ┼   ┼   ┼   │   ┼   ┼   ┼   ┼   ┼   ┼   │
│       │   │       │   │   │                       │                           │
│   ┌───┘   ╵   ┌───┘   ╵   │   ╷   ┼   ┼   ┼   ┼   │   ┼   ┼   ┼   ┼   ┼   ┼   │
│   │           │           │   │                   │                           │
└───┴───┬───────┴───────┐   └───┤   ┼   ┼   ┼   ┼   │   ┼   ┼   ┼   ┼   ┼   ┼   │
        │               │       │                   │                           │
        │   ┼   ┼   ┼   │   ╶───┘   ┼   ┼   ┼   ┼   │   ┼   ┼   ┼   ┼   ┼   ┼   │
        │               │                           │                           │
        │   ┼   ┼   ┼   └───╴   ╷   ┼   ┼   ┼   ┼   │   ┼   ┼   ┼   ┼   ┼   ┼   │
        │                       │                   │                           │
┌───────┤   ┼   ┼   ┼   ╷   ┌───┴───┐   ╶───┬───┬───┴───────┬───────────╴   ┌───┤
│ 0   1 │               │   │       │       │   │           │               │   │
├───╴   │   ┼   ┼   ┼   │   ╵   ╷   └───┐   │   ├───┐   ╷   │   ┌───────┐   ╵   │
│     2 │               │       │       │   │   │   │   │   │   │       │       │
│   ╷   │   ┼   ┼   ┼   ├───┬───┘   ╷   │   ╵   ╵   ╵   └───┴───┘   ╷   └───┐   │
│   │ 3 │               │   │       │   │                           │       │   │
├───┘   │   ┼   ┼   ┼   │   │   ┌───┘   ├───┬───────────╴   ┌───╴   └───┐   ╵   │
│ 5   4 │               │   │   │       │   │               │           │       │
│   ┌───┴───┬───────────┘   │   │   ╷   │   ╵   ┼   ┼   ┼   ├───╴   ┌───┤   ╷   │
│ 6 │       │               │   │   │   │                   │       │   │   │   │
│   │       ├───╴   ┼   ┼   └───┘   └───┘   ┼   ┼   ┼   ┼   ├───┬───┘   ╵   │   │
│ 7 │       │                                               │   │           │   │
│   └───────┤   ╶───────╴   ╷   ╶───┐   ┌───╴   ╶───╴   ┌───┘   └───────┐   │   │
│ 8   9   a │               │       │   │               │               │   │   │
└───────────┴───────────────┴───────┴───┴───────────────┴───────────────┴───┴───┘

AldousBroderMazeGenerator: Generating maze 20x20 with PlayersWorlds.Maps.Maze.GeneratorOptions(Full, Auto, List`1<MapArea>(P2x3;S4x7;Hall;fixed, P<empty>;S2x5;Hall;auto), PlayersWorlds.Maps.Areas.RandomAreaGenerator, PlayersWorlds.Maps.Maze.AldousBroderMazeGenerator)
┌───────┬───────┬───────┬───┬───┬───────┬───────────────┬───────┬───────────┬───┐
│       │       │       │   │   │       │               │       │           │   │
│   ┌───┴───┐   ├───╴   ╵   ╵   │   ╶───┼───┬───┬───╴   ╵   ╶───┴───╴   ╶───┤   │
│   │       │   │               │       │   │   │                           │   │
│   │   ┼   ╵   ╵   ╷   ┌───────┤   ┌───┘   ╵   ╵   ╶───────┬───────╴   ┌───┘   │
│   │               │   │       │   │                       │           │       │
│   │   ┼   ┌───╴   └───┘   ╷   ╵   ╵   ╷   ┌───╴   ┌───────┘   ╷   ╶───┘   ╶───┤
│   │       │               │           │   │       │           │               │
│   │   ┼   ├───╴   ╶───────┼───┬───────┴───┴───┐   └───────────┴───────────┬───┤
│   │       │               │   │               │                           │   │
│   │   ┼   ├───╴   ┌───┬───┘   │   ┼   ┼   ┼   │   ┼   ┼   ┼   ┼   ┼   ┼   │   │
│   │       │       │   │       │               │                           │   │
│   └───────┴───┐   │   ├───╴   │   ┼   ┼   ┼   │   ┼   ┼   ┼   ┼   ┼   ┼   │   │
│               │   │   │       │               │                           │   │
│   ╷   ┼   ╶───┘   ╵   ╵   ╷   │   ┼   ┼   ┼   │   ┼   ┼   ┼   ┼   ┼   ┼   │   │
│   │                       │   │               │                           │   │
├───┤   ┼   ╶───────────┬───┘   ╵   ┼   ┼   ┼   │   ┼   ┼   ┼   ┼   ┼   ┼   │   │
│   │                   │                       │                           │   │
│   ╵   ┼   ╶───╴   ╷   └───┐   ╷   ┼   ┼   ┼   │   ┼   ┼   ┼   ┼   ┼   ┼   │   │
│                   │       │   │               │                           │   │
│   ╷   ┌───────────┴───╴   │   │   ┼   ┼   ┼   │   ┼   ┼   ┼   ┼   ┼   ┼   │   │
│   │   │                   │   │               │                           │   │
│   └───┤   ┼   ┼   ┼   ╷   ├───┤   ┼   ┼   ┼   ├───────────────┬───────────┴───┤
│       │               │   │   │               │               │               │
├───╴   │   ┼   ┼   ┼   │   ╵   └───┬───────────┴───╴   ╶───────┴───┬───┐   ╶───┤
│       │               │           │                               │   │       │
│   ╷   │   ┼   ┼   ┼   ├───╴   ╶───┘   ┌───┬───────────┬───────────┤   ╵   ╷   │
│   │   │               │               │   │           │           │       │   │
└───┴───┤   ┼   ┼   ┼   │   ╷   ╶───────┘   └───┐   ╶───┴───╴   ┌───┤   ╶───┴───┤
        │               │   │                   │               │   │           │
        │   ┼   ┼   ┼   │   ├───╴   ┌───────╴   └───┐   ┼   ┼   ╵   ╵   ┌───╴   │
        │               │   │       │               │                   │       │
┌───────┤   ┼   ┼   ┼   │   │   ┌───┼───╴   ┌───────┘   ┼   ┼   ┼   ╶───┤   ╷   │
│ 7   6 │               │   │   │   │       │                           │   │   │
├───┐   ├───────────┬───┴───┤   ╵   ├───╴   ╵   ┌───┐   ┼   ┼   ┼   ╶───┤   │   │
│   │ 5 │ 2   1   0 │       │       │           │   │                   │   │   │
│   ╵   ╵   ╶───┬───┘   ┼   ├───╴   ╵   ┼   ╷   │   │   ╷   ╷   ┌───┐   │   └───┤
│     4   3     │           │               │   │   │   │   │   │   │   │       │
│   ╷   ╷   ╷   │   ╶───────┼───╴   ╶───────┼───┘   ╵   └───┤   ╵   └───┴───╴   │
│   │   │   │   │           │               │               │                   │
└───┴───┴───┴───┴───────────┴───────────────┴───────────────┴───────────────────┘

AldousBroderMazeGenerator: Generating maze 20x20 with PlayersWorlds.Maps.Maze.GeneratorOptions(Full, Auto, List`1<MapArea>(P2x3;S4x7;Hall;fixed, P<empty>;S2x5;Hall;auto), PlayersWorlds.Maps.Areas.RandomAreaGenerator, PlayersWorlds.Maps.Maze.AldousBroderMazeGenerator)
┌───────────┬───┬───────┬───────────────────────────┬───────────┬───┬───────┬───┐
│           │   │       │                           │           │   │       │   │
├───╴   ╶───┘   └───╴   ├───────┐   ╷   ╷   ┌───────┘   ╶───────┤   │   ╷   ╵   │
│                       │       │   │   │   │                   │   │   │       │
│   ╷   ┌───╴   ┌───────┤   ┼   ├───┘   ╵   ╵   ╷   ╶───────────┘   ╵   └───────┤
│   │   │       │       │       │               │                               │
│   └───┤   ┌───┤   ┼   │   ┼   ├───╴   ┼   ┼   ╵   ┼   ┼   ┼   ┼   ┼   ┼   ┼   │
│       │   │   │       │       │                                               │
├───╴   │   ╵   │   ┼   │   ┼   ╵   ┼   ┼   ┼   ╷   ┼   ┼   ┼   ┼   ┼   ┼   ┼   │
│       │       │       │                       │                               │
│   ╷   ├───────┴───┐   │   ┼   ┌───╴   ┼   ┼   │   ┼   ┼   ┼   ┼   ┼   ┼   ┼   │
│   │   │           │   │       │               │                               │
│   └───┘   ╶───┐   ╵   ├───────┘   ┼   ┼   ┼   │   ╷   ┼   ╷   ╷   ╷   ┼   ╷   │
│               │       │                       │   │       │   │   │       │   │
│   ┌───┬───╴   ├───────┘   ╷   ┌───╴   ┼   ┼   │   ├───────┘   │   ╵   ┌───┤   │
│   │   │       │           │   │               │   │           │       │   │   │
│   ╵   │   ╶───┤   ┼   ╶───┴───┼───╴   ┼   ┌───┤   └───┐   ┌───┴───┬───┘   │   │
│       │       │               │           │   │       │   │       │       │   │
│   ┌───┘   ╶───┘   ╷   ╷   ┌───┘   ┌───╴   │   ├───╴   │   ╵   ╶───┘   ╶───┤   │
│   │               │   │   │       │       │   │       │                   │   │
├───┴───┬───────────┴───┤   └───╴   ├───┐   ╵   │   ╶───┼───┬───┐   ┌───╴   ╵   │
│       │               │           │   │       │       │   │   │   │           │
│   ┼   │   ┼   ┼   ┼   │   ╷   ┌───┘   └───┐   └───╴   ╵   ╵   │   ├───────╴   │
│       │               │   │   │           │                   │   │           │
├───╴   │   ┼   ┼   ┼   │   │   │   ╶───────┴───────╴   ┌───────┴───┼───────╴   │
│       │               │   │   │                       │           │           │
├───╴   │   ┼   ┼   ┼   │   │   │   ╷   ╷   ╶───────────┤   ┼   ┼   │   ┌───╴   │
│       │               │   │   │   │   │               │           │   │       │
│   ┼   │   ┼   ┼   ┼   ├───┘   ├───┤   └───┬───╴   ╶───┼───╴   ┌───┴───┼───┐   │
│       │               │       │   │       │           │       │       │   │   │
│   ╶───┤   ┼   ┼   ┼   ├───╴   ╵   └───┐   │   ╷   ╶───┤   ┌───┘   ╷   ╵   ╵   │
│       │               │               │   │   │       │   │       │           │
│   ╶───┤   ┼   ┼   ┼   ├───┐   ┌───╴   │   └───┼───┐   ╵   ├───╴   │   ┌───╴   │
│       │               │   │   │       │       │   │       │       │   │       │
│   ╷   └───╴   ┌───────┘   └───┴───────┼───────┤   ╵   ╷   └───────┼───┘   ╶───┤
│   │           │                       │       │       │           │           │
├───┴───┐   ╷   ╵   ┼   ┌───╴   ╷   ╶───┤       ├───╴   │   ┼   ┼   ├───╴   ╷   │
│ 0   1 │   │           │       │       │       │       │           │       │   │
├───╴   └───┴───┐   ┼   │   ╷   └───┬───┴───────┘   ╷   └───────┬───┘   ┌───┘   │
│     2   3   4 │       │   │       │               │           │       │       │
└───────────────┴───────┴───┴───────┴───────────────┴───────────┴───────┴───────┘

AldousBroderMazeGenerator: Generating maze 20x20 with PlayersWorlds.Maps.Maze.GeneratorOptions(Full, Auto, List`1<MapArea>(P2x3;S4x7;Hall;fixed, P<empty>;S2x5;Hall;auto), PlayersWorlds.Maps.Areas.RandomAreaGenerator, PlayersWorlds.Maps.Maze.AldousBroderMazeGenerator)
┌───────────┬───────────┬───────────────┬───────────┬───────────┬───────┬───────┐
│           │           │               │           │           │       │       │
│   ┌───────┴───┐   ┌───┴───┐   ╶───────┼───────╴   └───╴   ┌───┤   ╶───┘   ┌───┤
│   │           │   │       │           │                   │   │           │   │
│   └───────╴   └───┤   ┼   ├───╴   ╷   │   ╷   ╷   ┌───────┘   ╵   ╶───┬───┤   │
│                   │       │       │   │   │   │   │                   │   │   │
│   ┌───────┐   ╶───┤   ┼   │   ┌───┼───┴───┴───┤   ╵   ┌───╴   ╷   ╶───┘   ╵   │
│   │       │       │       │   │   │           │       │       │               │
│   │   ┼   │   ╶───┤   ┼   │   ╵   ╵   ╷   ╶───┼───╴   ├───────┴───────┐   ╷   │
│   │       │       │       │           │       │       │               │   │   │
│   │   ┼   ╵   ╶───┤   ┼   │   ╷   ╷   ├───┐   ╵   ╷   │               │   │   │
│   │               │       │   │   │   │   │       │   │               │   │   │
│   └───────┐   ┌───┤   ╶───┘   └───┤   ╵   └───┐   └───┤               │   ├───┤
│           │   │   │               │           │       │               │   │   │
├───┐   ╷   └───┘   ╵   ╷   ┌───┐   └───────┐   │   ╶───┤               │   ╵   │
│   │   │               │   │   │           │   │       │               │       │
│   ╵   ├───┬───╴   ┌───┘   ╵   │   ╶───────┴───┤   ╶───┤               │   ╷   │
│       │   │       │           │               │       │               │   │   │
│   ┼   │   ╵   ┌───┘   ┌───────┤   ╷   ┼   ┼   │   ┌───┤               ├───┘   │
│       │       │       │       │   │           │   │   │               │       │
│   ┼   ├───────┴───────┼───╴   ├───┤   ┼   ┼   │   ╵   │               ├───╴   │
│       │               │       │   │           │       │               │       │
├───╴   │   ┼   ┼   ┼   │   ╶───┘   │   ┼   ┼   │   ╷   │               │   ┌───┤
│       │               │           │           │   │   │               │   │   │
│   ╷   │   ┼   ┼   ┼   └───────╴   └───────┬───┴───┘   └───────┬───┬───┤   ╵   │
│   │   │                                   │                   │   │   │       │
│   │   │   ┼   ┼   ┼   ╷   ╶───────┐   ╷   └───┬───┐   ╶───┐   ╵   │   └───╴   │
│   │   │               │           │   │       │   │       │       │           │
├───┴───┤   ┼   ┼   ┼   ├───┬───┐   │   │   ╶───┘   └───╴   │   ╶───┼───────╴   │
│     f │               │   │   │   │   │                   │       │           │
│   ┼   │   ┼   ┼   ┼   │   │   ╵   ├───┤   ╶───────┬───────┴───────┴───────┬───┤
│ d   e │               │   │       │   │           │                       │   │
│   ┌───┤   ┼   ┼   ┼   │   │   ┌───┘   ├───╴   ╷   │                       │   │
│ c │   │               │   │   │       │       │   │                       │   │
│   ╵   └───────────┬───┴───┤   └───╴   └───────┴───┤                       │   │
│ b   a   9   8     │ 0     │                       │                       │   │
├───┐   ╷   ╷   ┌───┤   ┼   ├───────╴   ┼   ┼   ╷   └───┬───┬───────┬───────┘   │
│   │   │   │ 7 │   │ 1   2 │                   │       │   │       │           │
│   └───┘   │   ╵   └───╴   └───┬───╴   ╷   ╶───┘   ╷   ╵   └───╴   └───────┐   │
│           │ 6   5   4   3     │       │           │                       │   │
└───────────┴───────────────────┴───────┴───────────┴───────────────────────┴───┘

AldousBroderMazeGenerator: Generating maze 20x20 with PlayersWorlds.Maps.Maze.GeneratorOptions(Full, Auto, List`1<MapArea>(P2x3;S4x7;Hall;fixed, P<empty>;S2x5;Hall;auto), PlayersWorlds.Maps.Areas.RandomAreaGenerator, PlayersWorlds.Maps.Maze.AldousBroderMazeGenerator)
┌───┬───────────────────────┬───────┬───────┬───┬───┬───┬───────┬───────┬───────┐
│   │                       │       │       │   │ 0 │   │       │       │       │
│   └───┐   ╶───┐   ╷   ╶───┴───┐   ╵   ╷   ╵   │   ╵   ╵   ╶───┘   ╶───┘   ╶───┤
│       │       │   │           │       │       │ 1   2   3   4   5   6   7     │
├───┬───┼───────┤   └───┐   ╶───┼───╴   │   ╷   ├───────────────────────┐   ╷   │
│   │   │       │       │       │       │   │   │                       │ 8 │   │
│   │   │   ╷   │   ┼   ├───╴   ╵   ╶───┴───┼───┤                       │   ├───┤
│   │   │   │   │       │                   │   │                       │ 9 │   │
├───┤   └───┘   │   ┼   ├───────╴   ┼   ┼   │   │                       │   ╵   │
│   │           │       │                   │   │                       │ a     │
│   ╵   ╶───────┤   ┼   │   ╶───╴   ┼   ┼   │   │                       │   ╷   │
│               │       │ 29  28  27  26  25│   │                       │ b │   │
│   ╶───┐   ╶───┤   ┼   │   ┌───╴   ┼   ┼   ╵   │                       │   └───┤
│       │       │       │ 2a│             24  23│                       │ c     │
│   ╷   ├───┐   └───────┘   ├───╴   ╶───────┐   └───┬───────────────┬───┘   ┌───┤
│   │   │   │         2c  2b│               │ 22  21│               │ e   d │   │
├───┴───┤   └───────╴   ┌───┴───────────────┼───╴   ├───────╴   ┌───┘   ╷   ╵   │
│       │         2e  2d│                   │     20│           │ 10  f │       │
│   ┼   └───╴   ╷   ╶───┴───┬───╴   ╶───────┴───┐   │   ╶───┬───┘   ┌───┤   ╷   │
│               │ 2f  30  31│                   │ 1f│       │     11│   │   │   │
│   ┼   ┌───────┴───────┐   ├───┐   ╶───┬───┐   ╵   ╵   ╷   │   ╷   │   │   └───┤
│       │               │ 32│   │       │   │     1e    │   │   │ 12│   │       │
│   ╶───┤   ┼   ┼   ┼   ╵   │   └───────┘   ├───╴   ┌───┘   ├───┘   ╵   ├───┬───┤
│       │ 37  36  35  34  33│               │ 1c  1d│       │     13  14│   │   │
├───╴   │   ┼   ┼   ┼   ┌───┘   ╶───┐   ┌───┤   ╶───┘   ╶───┴───────╴   ╵   │   │
│       │ 38            │           │   │   │ 1b  1a  19  18  17  16  15    │   │
│   ╶───┤   ┼   ┼   ┼   │   ╶───┐   │   ╵   └───┐   ┼   ┼   ┼   ┼   ┼   ┌───┘   │
│       │ 39            │       │   │           │                       │       │
│   ┼   │   ┼   ┼   ┼   ├───┬───┘   │   ╶───────┘   ┼   ┼   ┼   ┼   ┼   ╵   ╷   │
│       │ 3a            │   │       │                                       │   │
│   ╷   │   ┼   ┼   ┼   │   └───────┴───────╴   ╶───┬───┐   ╷   ╶───────┬───┼───┤
│   │   │ 3b            │                           │   │   │           │   │   │
├───┘   │   ┼   ┼   ┼   │   ╷   ┌───╴   ╶───┐   ┌───┘   ╵   └───╴   ┌───┤   ╵   │
│       │ 3c            │   │   │           │   │                   │   │       │
│   ╶───┼───────┬───────┼───┘   └───────┐   │   ╵   ┌───────────╴   ╵   └───╴   │
│       │       │       │               │   │       │                           │
│   ╷   ╵   ╶───┤       ├───╴   ╷   ┼   ├───┤   ╶───┤   ┼   ┼   ┌───────────╴   │
│   │           │       │       │       │   │       │           │               │
│   ├───────╴   └───────┘   ╷   └───────┘   ├───╴   └───┬───────┴───╴   ╶───────┤
│   │                       │               │           │                       │
└───┴───────────────────────┴───────────────┴───────────┴───────────────────────┘

AldousBroderMazeGenerator: Generating maze 20x20 with PlayersWorlds.Maps.Maze.GeneratorOptions(Full, Auto, List`1<MapArea>(P2x3;S4x7;Hall;fixed, P<empty>;S2x5;Hall;auto), PlayersWorlds.Maps.Areas.RandomAreaGenerator, PlayersWorlds.Maps.Maze.AldousBroderMazeGenerator)
┌───┬───────────────────┬───────┬───────────────────────────────────────┬───┬───┐
│   │                   │       │                                       │   │   │
│   ╵   ╷   ╶───┐   ╷   ╵   ┌───┤   ╶───────────────────────────┐   ╶───┘   ╵   │
│       │       │   │       │   │                               │               │
│   ╷   └───────┼───┘   ╷   ╵   │   ╷   ┼   ┼   ┼   ┼   ┼   ┼   │   ╷   ╷   ╶───┤
│   │           │       │       │   │                           │   │   │       │
│   └───┐   ╷   │   ┼   │   ╷   ╵   │   ┼   ┼   ┼   ┼   ┼   ┼   │   ├───┼───────┤
│       │   │   │       │   │       │                           │   │   │       │
├───────┤   └───┤   ┼   ├───┴───╴   │   ┼   ┼   ┼   ┼   ┼   ┼   ├───┘   ╵   ╶───┤
│       │       │       │           │                           │               │
├───┐   │   ╷   │   ┼   │   ╶───────┤   ┼   ┼   ┼   ┼   ┼   ┼   │   ╷   ┌───╴   │
│   │   │   │   │       │           │                           │   │   │       │
│   ╵   ╵   ├───┤   ┼   │   ╶───────┤   ┼   ┼   ┼   ┼   ┼   ┼   │   │   └───┐   │
│           │   │       │           │                           │   │       │   │
├───────┐   ╵   ├───────┤   ╷   ╶───┤   ┼   ┼   ┼   ┼   ┼   ┼   │   ├───╴   ├───┤
│       │       │       │   │       │                           │   │       │   │
├───╴   ╵   ┌───┤   ╷   └───┤   ╶───┼───────────┬───────────┬───┴───┼───╴   ╵   │
│           │   │   │       │       │           │           │       │           │
│   ╷   ╶───┘   │   └───────┴───╴   │   ┌───────┴───────┐   ╵   ╶───┤   ╶───────┤
│   │           │                   │   │               │           │           │
├───┤   ┌───────┴───────╴   ╶───┐   ╵   │               │   ╶───────┤   ╷   ┌───┤
│   │   │                       │       │               │           │   │   │   │
│   ╵   │   ┼   ┼   ┼   ┌───┬───┘   ╷   │               │   ╶───┐   │   │   │   │
│       │               │   │       │   │               │       │   │   │   │   │
│   ╶───┤   ┼   ┼   ┼   │   ╵   ╶───┴───┴───────────┬───┴───────┘   │   └───┴───┤
│       │               │                           │               │           │
└───────┤   ┼   ┼   ┼   ├───┬───────────┐   ╶───╴   └───╴   ┌───┬───┘   ╷   ╷   │
        │               │   │           │                   │   │       │   │   │
        │   ┼   ┼   ┼   │   │   ╷   ╶───┤   ┼   ┼   ┼   ╶───┘   ├───────┤   └───┤
        │               │   │   │       │                       │       │       │
        │   ┼   ┼   ┼   │   │   ├───────┤   ┼   ┼   ┼   ╶───┬───┘   ╶───┴───╴   │
        │               │   │   │       │                   │                   │
┌───┬───┤   ┼   ┼   ┼   │   ╵   │   ╶───┴───╴   ┌───┬───────┴───────┐   ╶───────┤
│ 0 │   │               │       │               │   │               │           │
│   ╵   ├───┬───────────┴───╴   └───╴   ┌───╴   ╵   ├───┐   ╶───┐   └───╴   ╶───┤
│ 1   2 │   │                           │           │   │       │               │
├───╴   ╵   │   ┌───────┬───╴   ╶───┐   ╵   ┼   ┼   │   ╵   ╷   ├───╴   ┌───────┤
│ 4   3     │   │       │           │               │       │   │       │       │
│   ╶───────┤   │       ├───╴   ╷   └───┬───╴   ╷   └───────┴───┘   ╷   └───╴   │
│ 5   6   7 │   │       │       │       │       │                   │           │
└───────────┴───┘       └───────┴───────┴───────┴───────────────────┴───────────┘

AldousBroderMazeGenerator: Generating maze 20x20 with PlayersWorlds.Maps.Maze.GeneratorOptions(Full, Auto, List`1<MapArea>(P2x3;S4x7;Hall;fixed, P<empty>;S2x5;Hall;auto), PlayersWorlds.Maps.Areas.RandomAreaGenerator, PlayersWorlds.Maps.Maze.AldousBroderMazeGenerator)
┌───────────────┐           ┌───┬───────────────────────┬───────────────────────┐
│               │           │   │                       │                       │
├───╴   ┌───╴   │           │   └───┐   ╷   ╷   ╷   ╷   ╵   ╶───┬───────┐   ╶───┤
│       │       │           │       │   │   │   │   │           │       │       │
├───╴   │   ╶───┤           │   ╶───┴───┘   ├───┴───┼───╴   ╶───┼───╴   └───╴   │
│       │       │           │               │       │           │               │
│   ╷   └───┬───┤           │   ╷   ╶───────┤   ╶───┤   ┌───╴   └───────┬───╴   │
│   │       │   │           │   │           │       │   │               │       │
├───┤   ╶───┘   │           ├───┼───╴   ╷   ╵   ╶───┤   │   ┌───────────┴───┬───┤
│   │           │           │   │       │           │   │   │               │   │
│   ├───────╴   │           │   ╵   ┌───┼───╴   ╶───┴───┼───┤   ┼   ┼   ┼   ╵   │
│   │           │           │       │   │               │   │                   │
│   └───╴   ┌───┴───┬───────┤   ┌───┘   ╵   ╷   ╷   ╷   │   │   ┼   ┼   ┼   ╷   │
│           │       │       │   │           │   │   │   │   │               │   │
├───╴   ╷   ╵   ╷   └───╴   ├───┴───╴   ╷   └───┼───┘   ╵   │   ┼   ┼   ┼   │   │
│       │       │           │           │       │           │               │   │
│   ┼   ├───┐   ├───┐   ╶───┘   ╶───────┴───┬───┴───────┐   │   ┼   ┼   ┼   │   │
│       │   │   │   │                       │           │   │               │   │
│   ┼   │   ╵   │   ╵   ╶───┬───┐   ┼   ┼   │   ┼   ┼   │   │   ┼   ┼   ┼   │   │
│       │       │           │   │           │           │   │               │   │
│   ┼   ├───────┴───────┐   ╵   │   ┼   ┼   │   ┼   ┼   ├───┤   ┼   ┼   ┼   │   │
│       │               │       │           │           │   │               │   │
│   ┼   │   ┼   ┼   ┼   │   ╶───┤   ┼   ┼   │   ┼   ┼   ╵   │   ┼   ┼   ┼   │   │
│       │               │       │           │               │               │   │
├───────┤   ┼   ┼   ┼   │   ╶───┴───┬───────┴───────────╴   └───┬───────┬───┴───┤
│       │               │           │                           │       │       │
│   ╶───┤   ┼   ┼   ┼   └───╴   ╷   ╵   ╷   ╶───┐   ┌───┬───┐   │   ╷   ╵   ┌───┤
│       │                       │       │       │   │   │   │   │   │       │   │
│   ╷   │   ┼   ┼   ┼   ┌───╴   ├───╴   │   ╶───┤   │   ╵   └───┼───┴───╴   ╵   │
│   │   │               │       │       │       │   │           │               │
│   └───┤   ┼   ┼   ┼   ├───────┴───╴   │   ╷   │   ╵   ┌───╴   └───────╴   ╶───┤
│       │               │               │   │   │       │                       │
├───────┤   ┼   ┼   ┼   │   ╷   ┌───────┤   └───┼───────┤   ┌───────────────┐   │
│ a     │               │   │   │       │       │       │   │               │   │
│   ┼   ├───────────────┼───┴───┘   ┼   │   ╶───┤       │   │   ┼   ┼   ┼   │   │
│ 9     │ 5   4   3     │               │       │       │   │               │   │
│   ┼   ╵   ╶───┐   ┼   ├───────┐   ┼   │   ╶───┤       ├───┤   ┼   ┼   ┼   │   │
│ 8   7   6     │ 2     │       │       │       │       │   │               │   │
├───────╴   ╷   │   ┼   │   ╶───┴───────┴───╴   ├───────┘   ├───────╴   ╶───┘   │
│           │   │ 1   0 │                       │           │                   │
└───────────┴───┴───────┴───────────────────────┴───────────┴───────────────────┘

AldousBroderMazeGenerator: Generating maze 20x20 with PlayersWorlds.Maps.Maze.GeneratorOptions(Full, Auto, List`1<MapArea>(P2x3;S4x7;Hall;fixed, P<empty>;S2x5;Hall;auto), PlayersWorlds.Maps.Areas.RandomAreaGenerator, PlayersWorlds.Maps.Maze.AldousBroderMazeGenerator)
┌───────────────────┬───┬───┬───────────────┬───────────────────────┬───────────┐
│                   │   │   │               │                       │           │
│   ╷   ┌───┐   ┌───┘   ╵   ╵   ┌───┐   ╶───┤   ╶───┬───╴   ╷   ╶───┴───────╴   │
│   │   │   │   │               │   │       │       │       │                   │
│   └───┘   └───┤   ╶───┐   ╶───┘   └───┐   └───────┴───╴   └───────────┐   ╶───┤
│               │       │               │                               │       │
├───┬───┬───╴   ├───────┴───┐   ┌───╴   ╵   ┼   ┼   ┼   ┼   ┼   ┼   ╷   │   ┌───┤
│   │   │       │           │   │                                   │   │   │   │
│   ╵   ╵   ╷   │   ┼   ┼   ├───┘   ┌───╴   ┼   ┼   ┼   ┼   ┼   ┼   └───┤   │   │
│           │   │           │       │                                   │   │   │
│   ╶───┬───┴───┤   ┼   ┼   │   ╷   └───╴   ┼   ┼   ┼   ┼   ┼   ┼   ┌───┘   └───┤
│       │       │           │   │                                   │           │
│   ╶───┼───┐   │   ┼   ┼   ├───┤   ╷   ╷   ┼   ┼   ┼   ┼   ┼   ┼   │   ┌───────┤
│       │   │   │           │   │   │   │                           │   │       │
│   ╶───┘   ╵   ╵   ┌───────┘   └───┤   ╵   ┼   ┼   ┼   ┼   ┼   ┼   ╵   │   ╷   │
│                   │               │                                   │   │   │
│   ╶───┬───╴   ╷   │   ╶───────────┤   ╷   ┼   ┼   ┼   ┼   ┼   ┼   ╷   └───┘   │
│       │       │   │               │   │                           │           │
│   ┼   │   ╶───┴───┘   ╶───────────┤   └───┬───╴   ╶───────────────┴───────┐   │
│       │                           │       │                               │   │
│   ┼   ├───────╴   ╶───┐   ╶───┐   ╵   ╷   ├───────────────────┐   ┌───────┼───┤
│       │               │       │       │   │                   │   │       │   │
│   ┼   │   ┼   ┼   ┼   │   ┌───┤   ┌───┘   ├───────────────╴   └───┴───╴   ╵   │
│       │               │   │   │   │       │                                   │
│   ┼   │   ┼   ┼   ┼   │   ╵   └───┴───────┘   ┼   ┼   ┼   ┼   ┼   ╷   ┌───╴   │
│       │               │                                           │   │       │
├───────┤   ┼   ┼   ┼   ├───┬───┬───╴   ╷   ╷   ┼   ┼   ┼   ┼   ┼   ╵   ├───┐   │
│ 11  10│               │   │   │       │   │                           │   │   │
│   ╷   │   ┼   ┼   ┼   │   ╵   ╵   ╶───┤   ╵   ╷   ╷   ╷   ┌───╴   ╶───┘   │   │
│ 12│ f │               │               │       │   │   │   │               │   │
├───┘   │   ┼   ┼   ┼   ├───┬───────────┴───────┘   ├───┘   └───┬───┬───────┘   │
│     e │               │   │                       │           │   │           │
├───╴   │   ┼   ┼   ┼   │   ╵   ╶───┬───────┐   ╶───┴───────┐   ╵   │   ╷   ╶───┤
│ c   d │               │           │       │               │       │   │       │
│   ┌───┴───────┬───┬───┴───────┐   │   ╶───┤   ┼   ┼   ┼   ├───╴   │   ├───┐   │
│ b │           │   │     1   0 │   │       │               │       │   │   │   │
│   │           │   │   ┼   ┼   │   ╵   ╷   │   ┼   ┼   ┼   ├───┐   ╵   ╵   └───┤
│ a │           │   │     2     │       │   │               │   │               │
│   └───────────┘   └───╴   ╶───┴───┐   ├───┴───┬───────┬───┘   ╵   ╷   ┌───╴   │
│ 9   8   7   6   5   4   3         │   │       │       │           │   │       │
└───────────────────────────────────┴───┴───────┴───────┴───────────┴───┴───────┘

AldousBroderMazeGenerator: Generating maze 20x20 with PlayersWorlds.Maps.Maze.GeneratorOptions(Full, Auto, List`1<MapArea>(P2x3;S4x7;Hall;fixed, P<empty>;S2x5;Hall;auto), PlayersWorlds.Maps.Areas.RandomAreaGenerator, PlayersWorlds.Maps.Maze.AldousBroderMazeGenerator)
┌───────────┬───────────┬───────────────┬───────┬───────┬───────┬───────────┬───┐
│           │           │               │       │       │       │           │   │
├───╴   ┌───┤   ╷   ╷   │   ╶───┐   ┌───┘   ╷   │   ╶───┼───┐   ╵   ┌───┬───┘   │
│       │   │   │   │   │       │   │       │   │       │   │       │   │       │
├───╴   │   └───┴───┘   ╵   ╷   │   ╵   ╷   │   ├───┐   ╵   └───╴   ╵   ├───╴   │
│       │                   │   │       │   │   │   │                   │       │
├───╴   ╵   ╶───┬───╴   ╶───┤   └───────┼───┘   │   ├───╴   ┌───┐   ┌───┘   ╷   │
│               │           │           │       │   │       │   │   │       │   │
│   ╶───────┬───┤   ┼   ┼   ├───────────┘   ╶───┘   ├───╴   ╵   ├───┴───────┘   │
│           │   │           │                       │           │               │
│   ╷   ┼   │   │   ┼   ┼   ├───┐   ┼   ┼   ┼   ┼   ╵   ╷   ╶───┴───────╴   ╷   │
│   │       │   │           │   │                       │                   │   │
├───┤   ┼   ├───┤   ┼   ┼   │   ╵   ╷   ┼   ┼   ╶───┬───┴───────────────────┤   │
│   │       │ 0 │           │       │               │                       │   │
│   │   ┼   │   │   ┼   ┼   ├───╴   ╵   ┼   ┼   ┌───┤   ┼   ┼   ┼   ┼   ┼   │   │
│   │       │ 1 │           │                   │   │                       │   │
│   │   ┼   │   │   ┼   ┼   ├───╴   ╷   ╷   ╷   ╵   │   ┼   ┼   ┼   ┼   ┼   │   │
│   │       │ 2 │           │       │   │   │       │                       │   │
│   └───────┘   ├───────────┤   ╶───┼───┤   ╵   ╷   │   ┼   ┼   ┼   ┼   ┼   │   │
│ 6   5   4   3 │           │       │   │       │   │                       │   │
│   ┌───┬───────┴───────┐   └───┐   ╵   ├───────┼───┤   ┼   ┼   ┼   ┼   ┼   └───┤
│ 7 │   │             18│       │       │       │   │                           │
│   ╵   │   ┼   ┼   ┼   │   ╶───┘   ╷   ╵   ┌───┘   └───────┬───────┬───────╴   │
│ 8     │             17│           │       │               │       │           │
│   ╶───┤   ┼   ┼   ┼   ├───────╴   ├───────┴───┬───╴   ┌───┘   ┌───┴───┐   ╷   │
│ 9   a │             16│           │           │       │       │       │   │   │
├───╴   │   ┼   ┼   ┼   │   ╶───────┼───╴   ╶───┤   ╷   ├───╴   ╵   ╷   ╵   └───┤
│     b │             15│           │           │   │   │           │           │
│   ╷   │   ┼   ┼   ┼   │   ╷   ╶───┘   ╷   ╶───┴───┤   └───╴   ╶───┤   ╷   ╶───┤
│   │ c │             14│   │           │           │               │   │       │
├───┘   │   ┼   ┼   ┼   ├───┴───────╴   │   ┼   ┼   │   ┌───────────┴───┼───╴   │
│     d │             13│               │           │   │               │       │
│   ┼   ╵   ┼   ┼   ┼   ├───╴   ╶───────┴───────┬───┘   │   ┼   ┼   ┼   ╵   ╶───┤
│     e   f   10  11  12│                       │       │                       │
│   ┼   ╶───────┬───────┴───┬───┬───╴   ╶───────┤   ╶───┤   ┼   ┼   ┼   ┌───╴   │
│               │           │   │               │       │               │       │
│   ╷   ╶───────┤           │   ├───╴   ┌───┐   │   ╶───┴───────┬───┬───┤   ╷   │
│   │           │           │   │       │   │   │               │   │   │   │   │
│   ╵   ┌───╴   └───┬───────┘   ╵   ╶───┘   └───┘   ┌───────╴   ╵   ╵   └───┴───┤
│       │           │                               │                           │
└───────┴───────────┴───────────────────────────────┴───────────────────────────┘

AldousBroderMazeGenerator: Generating maze 20x20 with PlayersWorlds.Maps.Maze.GeneratorOptions(Full, Auto, List`1<MapArea>(P2x3;S4x7;Hall;fixed, P<empty>;S2x5;Hall;auto), PlayersWorlds.Maps.Areas.RandomAreaGenerator, PlayersWorlds.Maps.Maze.AldousBroderMazeGenerator)
┌───────┬───┬───────────────────────────┬───────────────┬───────────┬───────┬───┐
│       │   │                           │               │           │       │   │
│   ╶───┘   ├───╴   ╶───────────┬───────┤   ╷   ╶───────┴───╴   ╷   └───┐   ╵   │
│           │                   │       │   │                   │       │       │
├───────╴   └───┐   ┌───╴   ╶───┤   ╶───┘   └───────────╴   ┼   └───┬───┼───╴   │
│               │   │           │                                   │   │       │
│   ┌───────┐   ╵   │   ┌───╴   ╵   ╷   ┼   ┼   ┼   ┼   ┼   ┼   ┼   │   ╵   ╷   │
│   │       │       │   │           │                               │       │   │
│   │   ┼   │   ┌───┘   └───╴   ╶───┴───╴   ┼   ┼   ┼   ┼   ┼   ┼   ╵   ╷   └───┤
│   │       │   │                                                       │       │
│   │   ┼   ├───┤   ╷   ┼   ┼   ┌───┐   ╷   ┼   ┼   ┼   ┼   ┼   ┼   ╶───┴───╴   │
│   │       │   │   │           │   │   │                                       │
│   │   ┼   │   │   ╵   ┼   ┼   ╵   └───┘   ┼   ┼   ┼   ┼   ┼   ┼   ╶───┐   ╶───┤
│   │       │   │             2d  2c  2b  2a  29  28                    │       │
├───┤   ┼   │   └───╴   ┼   ┼   ┌───┐   ╷   ┼   ┼   ┼   ┼   ┼   ┼   ┼   └───┐   │
│   │       │                 2e│   │   │         27                        │   │
│   ╵   ┌───┴───────┬───────╴   │   │   │   ┼   ┼   ┼   ┼   ┼   ┼   ╶───┬───┼───┤
│       │ 36  35  34│ 31  30  2f│   │   │         26  25  24            │   │   │
│   ╷   ╵   ╶───┐   ╵   ╷   ╷   ╵   │   │   ╶───────╴   ╷   ╶───╴   ╶───┤   ╵   │
│   │ 38  37    │ 33  32│   │       │   │               │ 23  22  21  20│       │
├───┘   ╶───────┴───────┼───┴───┐   └───┴───────────────┼───────┬───┐   ╵   ┌───┤
│     39                │       │                       │       │   │ 1f  1e│   │
├───┐   ╷   ┼   ┼   ┼   │   ╷   └───┐   ┌───────────┐   ╵   ┌───┤   ├───┐   │   │
│   │ 3a│               │   │       │   │           │       │   │   │   │ 1d│   │
│   ╵   │   ┼   ┼   ┼   ├───┘   ╶───┴───┤           │   ╶───┤   │   │   ╵   ╵   │
│     3b│               │     5   6   7 │           │       │   │   │ 1b  1c    │
│   ╷   │   ┼   ┼   ┼   ├───╴   ┌───┐   ├───┬───────┼───╴   │   ╵   ╵   ╷   ╶───┤
│   │ 3c│               │ 3   4 │   │ 8 │   │       │       │ 18  19  1a│       │
│   │   │   ┼   ┼   ┼   │   ┌───┘   ╵   │   └───╴   └───────┘   ╶───────┼───╴   │
│   │ 3d│               │ 2 │ b   a   9 │ 12  13  14  15  16  17        │       │
├───┘   │   ┼   ┼   ┼   │   │   ╶───┬───┘   ┌───┬───╴   ┌───────────────┤   ╷   │
│ 3f  3e│               │ 1 │ c   d │ 10  11│   │       │               │   │   │
│   ╷   │   ┼   ┼   ┼   │   ├───╴   ╵   ┌───┘   └───────┤   ┼   ┼   ┼   │   └───┤
│ 40│   │               │ 0 │     e   f │               │               │       │
│   ├───┴───┬───────┬───┴───┴───╴   ╷   └───────────╴   ╵   ┼   ┼   ┼   ├───╴   │
│ 41│       │       │               │                                   │       │
│   │       ├───╴   │   ┼   ┼   ╷   │   ╷   ┌───────────┬───┬───┬───────┴───╴   │
│ 42│       │       │           │   │   │   │           │   │   │               │
│   └───────┴───┐   └───────────┘   └───┤   ╵   ╶───┐   ╵   │   └───╴   ╶───────┤
│ 43  44  45  46│                       │           │       │                   │
└───────────────┴───────────────────────┴───────────┴───────┴───────────────────┘

AldousBroderMazeGenerator: Generating maze 20x20 with PlayersWorlds.Maps.Maze.GeneratorOptions(Full, Auto, List`1<MapArea>(P2x3;S4x7;Hall;fixed, P<empty>;S2x5;Hall;auto), PlayersWorlds.Maps.Areas.RandomAreaGenerator, PlayersWorlds.Maps.Maze.AldousBroderMazeGenerator)
┌───────────────────────────────┬───────┬───────────────────────────────┬───────┐
│                               │       │                               │       │
│   ╶───┬───╴   ┌───╴   ╷   ╶───┴───┐   └───┐   ┌───────────────────┐   │   ┌───┤
│       │       │       │           │       │   │                   │   │   │   │
│   ╶───┼───┬───┤   ┼   │   ╷   ┌───┘   ┌───┤   │   ┼   ┼   ┼   ┼   │   │   ╵   │
│       │   │   │       │   │   │       │   │   │                   │   │       │
├───╴   │   ╵   │   ┼   ├───┤   │   ╶───┘   ╵   │   ┼   ┼   ┼   ┼   │   ╵   ╷   │
│       │       │       │   │   │               │                   │       │   │
│   ┌───┘   ╶───┤   ┼   │   │   │   ╶───┐   ╷   │   ┼   ┼   ┼   ┼   ├───────┤   │
│   │           │       │   │   │       │   │   │                   │       │   │
│   └───────┐   │   ┼   │   ╵   ╵   ╶───┤   ├───┤   ┼   ┼   ┼   ┼   ├───┐   ╵   │
│           │   │       │               │   │   │                   │   │       │
│   ╷   ┼   │   └───────┘   ┌───╴   ╷   └───┤   │   ┼   ┼   ┼   ┼   │   └───┐   │
│   │       │               │       │       │   │                   │       │   │
│   │   ┼   │   ┌───────┐   └───┬───┴───────┤   └───────────┬───╴   └───┐   ╵   │
│   │       │   │       │       │           │               │           │       │
├───┴───────┤   ╵   ┌───┴───┐   ├───╴   ╷   ╵   ┌───────────┴───┬───╴   ╵   ╶───┤
│           │       │       │   │       │       │               │               │
├───╴   ╶───┘   ╶───┴───┐   ╵   ╵   ╶───┴───────┤   ┼   ┼   ┼   │   ╶───┬───╴   │
│                       │                       │               │       │       │
├───┐   ┌───╴   ╶───────┤   ╶───────────┐   ╶───┘   ┼   ┼   ┼   ├───────┤   ╶───┤
│   │   │               │               │                       │       │       │
│   ╵   │   ┼   ┼   ┼   ├───────╴   ╷   │   ╷   ╶───┬───────────┘   ╶───┘   ╶───┤
│       │               │           │   │   │       │                           │
├───╴   │   ┼   ┼   ┼   │   ┌───────┼───┤   ├───────┴───────────────┐   ┌───┐   │
│       │               │   │       │   │   │                       │   │   │   │
│   ┼   │   ┼   ┼   ┼   ├───┤   ╷   │   └───┤   ┼   ┼   ┼   ┼   ┼   ├───┤   ╵   │
│       │               │   │   │   │       │                       │   │       │
│   ┼   │   ┼   ┼   ┼   │   ╵   ├───┴───╴   ╵   ┼   ┼   ┼   ┼   ┼   │   ╵   ╶───┤
│       │               │       │                                   │           │
├───────┤   ┼   ┼   ┼   │   ╶───┘   ╷   ┌───────────────────┬───────┴───┐   ╷   │
│ 1   0 │               │           │   │                   │           │   │   │
│   ╶───┤   ┼   ┼   ┼   │   ┌───┬───┤   │   ╶───┐   ┌───────┴───┐   ╶───┤   └───┤
│ 2   3 │               │   │   │   │   │       │   │           │       │       │
│   ╷   └───────┬───────┤   ╵   ╵   └───┴───────┘   └───╴   ╶───┘   ╷   │   ╶───┤
│   │ 4   5   6 │       │                                           │   │       │
├───┴───┐   ╷   │       │   ╶───╴   ┼   ╶───────┐   ┼   ┼   ╶───┐   └───┘   ╶───┤
│ c   b │   │ 7 │       │                       │               │               │
├───╴   └───┘   ├───────┘   ╷   ╷   ╶───╴   ╶───┴───┬───╴   ╶───┴───┐   ┌───╴   │
│     a   9   8 │           │   │                   │               │   │       │
└───────────────┴───────────┴───┴───────────────────┴───────────────┴───┴───────┘

AldousBroderMazeGenerator: Generating maze 20x20 with PlayersWorlds.Maps.Maze.GeneratorOptions(Full, Auto, List`1<MapArea>(P2x3;S4x7;Hall;fixed, P<empty>;S2x5;Hall;auto), PlayersWorlds.Maps.Areas.RandomAreaGenerator, PlayersWorlds.Maps.Maze.AldousBroderMazeGenerator)
┌───────┬───────┬───────┬───────────┬───┬───────────┬───┬───────┬───────┬───────┐
│       │       │       │           │   │           │   │       │       │       │
├───╴   │   ┌───┤   ┼   ├───┬───╴   ╵   │   ╶───┬───┘   ╵   ┌───┘   ╶───┴───┐   │
│       │   │ 0 │       │   │ 1a  1b  1c│       │     24  25│               │   │
│   ╶───┼───┤   │   ┼   │   ╵   ╷   ╷   ╵   ┌───┼───┐   ╷   ╵   ┌───┬───╴   │   │
│       │   │ 1 │       │     19│   │ 1d  1e│   │   │ 23│ 26  27│   │       │   │
├───────┤   │   │   ┼   │   ╷   │   ├───╴   ╵   ╵   ╵   ├───┐   ╵   └───────┴───┤
│       │   │ 2 │       │   │ 18│   │     1f  20  21  22│   │ 28                │
├───╴   ╵   ╵   │   ┼   ├───┤   └───┤   ╶───────┬───┐   │   ╵   ╶───┐   ╶───────┤
│ 6   5   4   3 │       │   │ 17    │           │   │   │     29    │           │
│   ╶───────────┘   ╶───┤   ╵   ╷   │   ╶───┬───┘   ├───┘   ╷   ╶───┼───╴   ╷   │
│ 7   8   9   a         │     16│   │       │       │       │ 2a  2b│       │   │
├───────────┐   ╶───╴   └───┐   └───┤   ╶───┘   ╷   │   ╶───┴───┐   │   ╶───┤   │
│           │ b   c         │ 15    │           │   │           │ 2c│       │   │
├───────╴   ╵   ╷   ┼   ╷   │   ┌───┴───────────┴───┼───╴   ╶───┘   └───────┴───┤
│               │ d   e │   │ 14│                   │             2d            │
├───────────────┤   ┼   │   │   │   ┼   ┼   ┼   ┼   ├───┐   ┼   ┼   ┼   ┼   ┼   │
│               │     f │   │ 13│                   │   │         2e            │
│   ╷   ╷   ╷   ├───╴   └───┘   │   ┼   ┼   ┼   ┼   │   ╵   ┼   ┼   ┼   ┼   ┼   │
│   │   │   │   │     10  11  12│                   │ 32  31  30  2f            │
│   ├───┼───┴───┴───────┬───┬───┤   ┼   ┼   ┼   ┼   │   ╷   ┼   ┼   ┼   ┼   ╷   │
│   │   │               │   │   │                   │ 33│                   │   │
│   ╵   │   ┼   ┼   ┼   │   │   │   ┼   ┼   ┼   ┼   │   ╵   ┼   ┼   ┼   ┼   │   │
│       │               │   │   │                   │ 34                    │   │
│   ┼   ╵   ┼   ┼   ┼   │   │   │   ┼   ┼   ┼   ┼   │   ╷   ┼   ┼   ┼   ┼   └───┤
│     55  56            │   │   │                   │ 35│                       │
│   ┼   ╷   ┼   ┼   ┼   │   ╵   └───────┬───────┐   ╵   ╵   ╶───╴   ┌───────────┤
│ 53  54│ 57            │               │       │ 37  36            │           │
│   ┌───┤   ┼   ┼   ┼   │   ╶───┐   ╶───┤   ┌───┘   ╷   ╷   ┌───╴   ├───┬───┐   │
│ 52│   │ 58            │       │       │   │     38│   │   │       │   │   │   │
│   ╵   │   ┼   ┼   ┼   ├───┐   └───────┤   ├───╴   │   │   │   ┌───┘   ╵   │   │
│ 51  50│ 59            │   │           │   │ 3a  39│   │   │   │           │   │
├───╴   │   ┼   ┼   ┼   │   └───┬───╴   ╵   ╵   ╶───┴───┴───┴───┼───╴   ╷   │   │
│ 4e  4f│ 5a  5b  5c  5d│       │ 3e  3d  3c  3b                │       │   │   │
│   ╷   ├───┬───────┬───┘   ╶───┤   ┌───────────┐   ┼   ┼   ┼   │   ┌───┼───┘   │
│ 4d│   │   │       │ 44  43  42│ 3f│           │               │   │   │       │
│   └───┘   └───┐   ╵   ┌───╴   ╵   │   ┼   ╷   │   ┼   ┼   ┼   │   ╵   ╵   ╶───┤
│ 4c  4b  4a    │     45│     41  40│       │   │               │               │
│   ┌───╴   ╶───┴───╴   │   ┌───╴   └───────┘   └───────────────┘   ╶───┬───╴   │
│   │     49  48  47  46│   │                                           │       │
└───┴───────────────────┴───┴───────────────────────────────────────────┴───────┘

AldousBroderMazeGenerator: Generating maze 20x20 with PlayersWorlds.Maps.Maze.GeneratorOptions(Full, Auto, List`1<MapArea>(P2x3;S4x7;Hall;fixed, P<empty>;S2x5;Hall;auto), PlayersWorlds.Maps.Areas.RandomAreaGenerator, PlayersWorlds.Maps.Maze.AldousBroderMazeGenerator)
┌───────────────────────────┬───────┬───┬───────┬───────┬───────┬───────────────┐
│ 4   5   6   7   8   9   a │       │   │       │       │       │               │
│   ╶───┐   ╷   ╶───────┐   ╵   ╷   │   ├───┐   ├───╴   ╵   ╷   │   ┌───╴   ╷   │
│ 3   2 │   │           │ b     │   │   │   │   │           │   │   │       │   │
├───╴   ├───┼───╴   ┌───┘   ┌───┴───┤   ╵   ╵   └───╴   ┌───┴───┤   ├───────┘   │
│ 0   1 │   │       │ d   c │ 13  14│     1a  1b  1c    │       │   │           │
├───────┤   └───┬───┘   ┌───┘   ╷   │   ╷   ╷   ╷   ╶───┼───╴   └───┴───╴   ╷   │
│       │       │     e │ 11  12│ 15│   │ 19│   │ 1d  1e│                   │   │
├───┐   │   ╷   ╵   ╷   ╵   ┌───┘   └───┘   ├───┴───┐   ├───╴   ╷   ╶───┐   │   │
│   │   │   │       │ f   10│     16  17  18│       │ 1f│       │       │   │   │
│   │   ╵   ├───┐   │   ╷   ├───┐   ╶───────┤   ╶───┘   ╵   ╶───┼───╴   ├───┤   │
│   │       │   │   │   │   │   │           │ 22  21  20        │       │   │   │
│   └───┬───┤   └───┼───┴───┘   └───────┬───┤   ╶───────┐   ╶───┤   ╷   ╵   └───┤
│       │   │       │                   │   │ 23        │       │   │           │
│   ╷   │   │   ╶───┤   ╶───────┬───────┘   │   ┌───────┴───────┴───┴───────┐   │
│   │   │   │       │           │           │ 24│                           │   │
├───┴───┤   ├───╴   ╵   ╷   ┌───┘   ╶───╴   ╵   │                           │   │
│       │   │           │   │         27  26  25│                           │   │
│   ┼   │   └───┐   ╶───┴───┘   ┼   ┼   ┼   ┼   │                           ├───┤
│       │       │                     28        │                           │   │
│   ┼   ├───╴   └───────┬───╴   ┼   ┼   ┼   ┼   │                           │   │
│       │               │             29        │                           │   │
│   ┼   │   ┼   ┼   ┼   ├───┐   ┼   ┼   ┼   ┼   │                           │   │
│       │               │   │         2a        │                           │   │
│   ┼   │   ┼   ┼   ┼   │   ╵   ┼   ┼   ┼   ┼   │                           ├───┤
│       │               │             2b        │                           │ 4d│
│   ╶───┤   ┼   ┼   ┼   │   ┼   ┼   ┼   ┼   ┼   │                           │   │
│       │               │         2d  2c        │                           │ 4c│
│   ╷   │   ┼   ┼   ┼   │   ┌───╴   ┌───┐   ╶───┼───────────┬───────┬───────┘   │
│   │   │               │   │ 2f  2e│   │       │           │       │     4a  4b│
├───┘   │   ┼   ┼   ┼   │   ╵   ┌───┘   ╵   ╷   │   ┌───╴   └───╴   ├───╴   ╶───┤
│       │               │ 31  30│           │   │   │               │     49  48│
├───┐   │   ┼   ┼   ┼   │   ╷   │   ╷   ╷   └───┼───┘   ╷   ┌───╴   │   ┌───╴   │
│   │   │               │ 32│   │   │   │       │       │   │       │   │ 46  47│
│   ╵   └───────────────┤   │   └───┴───┼───────┘   ┌───┴───┴───────┴───┘   ╷   │
│                       │ 33│           │           │ 40  41  42  43  44  45│   │
│   ┌───┐   ┌───╴   ┼   ╵   ├───────┬───┴───┬───╴   ╵   ╶───┬───────┐   ╶───┴───┤
│   │   │   │         35  34│       │       │ 3d  3e  3f    │       │           │
│   ╵   │   │   ╷   ┼   ╶───┘   ╶───┘   ╶───┘   ┌───╴   ╷   ╵   ┌───┴───╴   ╷   │
│       │   │   │     36  37  38  39  3a  3b  3c│       │       │           │   │
└───────┴───┴───┴───────────────────────────────┴───────┴───────┴───────────┴───┘

AldousBroderMazeGenerator: Generating maze 20x20 with PlayersWorlds.Maps.Maze.GeneratorOptions(Full, Auto, List`1<MapArea>(P2x3;S4x7;Hall;fixed, P<empty>;S2x5;Hall;auto), PlayersWorlds.Maps.Areas.RandomAreaGenerator, PlayersWorlds.Maps.Maze.AldousBroderMazeGenerator)
┌───────────────────────────┬───┬───┬───┬───────┬───────┬───┬───────┬───────┬───┐
│     1d  1e  1f  20  21    │   │   │   │       │       │   │       │       │   │
├───┐   ┌───────╴   ╷   ┌───┘   │   ╵   │   ╶───┼───┐   │   ╵   ╷   └───╴   ╵   │
│   │ 1c│           │ 22│       │ 29  2a│       │   │   │       │               │
│   │   └───────┬───┘   │   ╶───┘   ╷   └───╴   ╵   ╵   ╵   ┌───┘   ╷   ╶───┐   │
│   │ 1b  1a  19│     23│         28│ 2b  2c  2d  2e  2f    │       │       │   │
│   ├───────┐   └───┐   └───────╴   │   ╷   ╷   ┌───┐   ┌───┘   ┌───┴───────┴───┤
│   │       │ 18    │ 24  25  26  27│   │   │   │   │ 30│       │               │
│   ├───┐   ╵   ╶───┤   ╷   ┌───╴   │   └───┼───┤   │   └───┐   │   ╷   ┌───────┤
│   │   │ 16  17    │   │   │       │       │   │   │ 31    │   │   │   │       │
│   │   ╵   ╶───┬───┴───┴───┘   ╶───┴───────┤   ╵   ╵   ╶───┴───┤   │   │   ╶───┤
│   │ 14  15    │                           │     33  32        │   │   │       │
│   ╵   ┌───────┼───────────┬───────┬───╴   ├───╴   ┌───────┐   └───┤   └───────┤
│ 12  13│       │           │       │       │     34│       │       │           │
│   ┌───┴───┐   ╵   ╶───┬───┘   ╶───┤   ┌───┴───╴   ╵   ╶───┘   ┼   ╵   ╶───╴   │
│ 11│       │           │           │   │         35                            │
│   ╵   ╶───┴───┐   ╶───┘   ┌───────┴───┴───────┐   ┼   ┼   ┼   ┼   ┼   ┼   ╷   │
│ 10  f   e   d │           │                   │ 36                        │   │
├───╴   ╷   ╷   ╵   ╶───────┘   ┼   ┼   ┼   ┼   │   ┼   ┼   ┼   ┼   ┼   ┼   │   │
│       │   │ c   b   a   9   8                 │ 37                        │   │
│   ┼   ├───┴───────────┐   ╷   ┼   ┼   ┼   ┼   │   ┼   ┼   ┼   ┼   ┼   ┼   └───┤
│       │             5b│   │ 7                 │ 38                            │
│   ┼   │   ┼   ┼   ┼   │   │   ┼   ┼   ┼   ┼   │   ┼   ┼   ┼   ┼   ┼   ┼   ╶───┤
│       │             5a│   │ 6                 │ 39                            │
│   ┼   │   ┼   ┼   ┼   │   │   ┼   ┼   ┼   ┼   │   ┼   ┼   ┼   ┼   ┼   ┼   ┌───┤
│       │             59│   │ 5                 │ 3a                        │   │
│   ┼   │   ┼   ┼   ┼   ├───┤   ┼   ┼   ┼   ┼   │   ┼   ┼   ┼   ┼   ┼   ┼   ╵   │
│       │             58│   │ 4   3   2   1   0 │ 3b                            │
├───────┤   ┼   ┼   ┼   │   ├───────┬───┬───────┘   ┼   ╷   ┼   ┌───╴   ┼   ┌───┤
│       │             57│   │       │   │         3c    │       │           │   │
├───┐   │   ┼   ┼   ┼   │   ╵   ┌───┘   ├───────╴   ╶───┼───────┘   ┌───┐   │   │
│   │   │             56│       │       │         3d    │           │   │   │   │
│   │   │   ┼   ┼   ┼   │   ╶───┘   ╶───┼───┬───╴   ┌───┴───╴   ╷   ╵   └───┘   │
│   │   │ 52  53  54  55│ 4a  49  48  47│   │ 3f  3e│           │               │
│   │   ╵   ┌───────────┤   ╷   ╷   ╷   │   │   ╶───┼───┐   ┌───┴───╴   ┌───┐   │
│   │     51│           │ 4b│   │   │ 46│   │ 40    │   │   │           │   │   │
│   └───╴   ╵   ┼   ┼   ╵   └───┼───┘   │   ╵   ╷   │   ├───┘   ╶───┐   │   └───┤
│         50  4f  4e  4d  4c    │     45│ 42  41│   │   │           │   │       │
├───╴   ╶───┬───╴   ╶───┐   ╶───┴───┐   ╵   ┌───┘   ╵   └───────┬───┘   │   ╶───┤
│           │           │           │ 44  43│                   │       │       │
└───────────┴───────────┴───────────┴───────┴───────────────────┴───────┴───────┘

AldousBroderMazeGenerator: Generating maze 20x20 with PlayersWorlds.Maps.Maze.GeneratorOptions(Full, Auto, List`1<MapArea>(P2x3;S4x7;Hall;fixed, P<empty>;S2x5;Hall;auto), PlayersWorlds.Maps.Areas.RandomAreaGenerator, PlayersWorlds.Maps.Maze.AldousBroderMazeGenerator)
┌───────────────┬───────┬───┬───────────────────────────────────────────────────┐
│               │       │   │     18  17  16  15  14  13  12  11  10  f   e     │
│   ╷   ┌───────┘   ╷   │   └───┐   ┌───────────────────────────────┬───╴   ╷   │
│   │   │           │   │       │ 19│                               │ c   d │   │
│   ├───┘   ┌───╴   ├───┴───╴   │   │                               │   ╶───┤   │
│   │       │       │           │ 1a│                               │ b     │   │
│   │   ┼   ├───┐   ╵   ╷   ┌───┘   │                               │   ╶───┴───┤
│   │       │   │ 25  24│   │ 1c  1b│                               │ a         │
│   │   ┼   │   │   ╷   └───┤   ╶───┤                               │   ╶───┬───┤
│   │       │   │ 26│ 23  22│ 1d  1e│                               │ 9   8 │ 67│
│   │   ┼   │   ╵   └───┐   └───╴   ├───┬───────────────┬───┬───────┴───╴   │   │
│   │       │ 28  27    │ 21  20  1f│   │               │   │         6   7 │ 66│
│   │   ┼   │   ╶───┐   ├───────────┘   │   ┼   ┼   ┼   │   ├───────┐   ┌───┤   │
│   │       │ 29    │   │ 2e  2f  30    │               │   │ 1   0 │ 5 │   │ 65│
│   ├───┬───┘   ╶───┴───┘   ╷   ╷   ╶───┤   ┼   ┼   ┼   ╵   │   ╶───┘   │   │   │
│   │   │     2a  2b  2c  2d│   │ 31  32│                   │ 2   3   4 │   │ 64│
│   ╵   │   ╶───────┬───────┼───┴───╴   ├───────────────╴   │   ┌───────┤   │   │
│       │           │       │ 35  34  33│                   │   │       │   │ 63│
├───╴   └───────╴   ╵   ╶───┤   ╷   ╶───┼───────────────┬───┴───┘   ╷   │   ╵   │
│                           │ 36│       │               │           │   │ 61  62│
│   ┼   ┌───────╴   ╶───┬───┘   ├───────┘   ┼   ┼   ┼   ├───╴   ╶───┤   ╵   ╷   │
│       │               │ 38  37│                       │           │ 5f  60│   │
│   ┼   │   ┼   ┼   ┼   │   ╶───┤   ╶───┐   ┼   ┼   ┼   ├───┬───────┘   ╶───┴───┤
│       │               │ 39  3a│       │               │   │         5e  5d    │
│   ┌───┤   ┼   ┼   ┼   ├───╴   └───╴   └───────────────┤   ╵   ┌───┬───╴   ┌───┤
│   │   │               │ 3c  3b                        │       │   │     5c│   │
│   ╵   │   ┼   ┼   ┼   │   ╶───────────┬───────────────┴───────┘   ├───╴   ╵   │
│       │               │ 3d  3e        │                           │     5b  5a│
├───────┤   ┼   ┼   ┼   ├───╴   ╶───────┤   ┼   ┼   ┼   ┼   ┼   ╷   └───────┐   │
│       │               │ 40  3f        │                       │           │ 59│
│   ┼   │   ┼   ┼   ┼   │   ┌───┐   ╶───┤   ┼   ┼   ┼   ┼   ┼   │   ╷   ╷   │   │
│       │               │ 41│   │       │                       │   │   │   │ 58│
│   ╶───┤   ┼   ┼   ┼   │   │   └───────┴───────────────┬───────┴───┴───┘   │   │
│       │               │ 42│                           │                   │ 57│
│   ┌───┴───────┬───────┘   │   ┌───────────────╴   ╶───┴───╴   ╷   ╷   ╶───┤   │
│   │           │         43│   │ 47  48  49  4a  4b  4c  4d    │   │       │ 56│
│   ├───┐   ╷   └───────╴   └───┘   ╷   ┌───────────┬───╴   ╶───┼───┴───────┘   │
│   │   │   │             44  45  46│   │           │     4e    │     53  54  55│
│   ╵   ╵   └───┐   ┼   ┼   ╶───────┤   │           │   ╷   ╶───┴───╴   ╶───┐   │
│               │                   │   │           │   │ 4f  50  51  52    │   │
└───────────────┴───────────────────┴───┘           └───┴───────────────────┴───┘

AldousBroderMazeGenerator: Generating maze 20x20 with PlayersWorlds.Maps.Maze.GeneratorOptions(Full, Auto, List`1<MapArea>(P2x3;S4x7;Hall;fixed, P<empty>;S2x5;Hall;auto), PlayersWorlds.Maps.Areas.RandomAreaGenerator, PlayersWorlds.Maps.Maze.AldousBroderMazeGenerator)
┌───┬───┬───────┬───────┬───┬───────────────┬───────────────────────────────────┐
│   │   │       │       │   │ 47  48  49    │                     a   b   c   d │
│   ╵   ╵   ╷   ╵   ┌───┘   ╵   ╷   ╷   ╷   ├───────╴   ┌───────╴   ╶───┬───┐   │
│           │       │ 44  45  46│   │ 4a│   │           │         9     │   │ e │
│   ╷   ╷   ├───────┘   ╷   ╶───┴───┤   ├───┴───────┐   │   ┼   ┼   ┼   │   ╵   │
│   │   │   │     42  43│           │ 4b│           │   │         8     │     f │
├───┘   └───┴───╴   ┌───┤   ╷   ┼   │   │   ┼   ┼   ├───┤   ┼   ┼   ┼   ├───╴   │
│     3e  3f  40  41│   │   │       │ 4c│           │   │         7     │     10│
├───┐   ╷   ┌───────┘   │   │   ┼   │   │   ┼   ┼   │   │   ┼   ┼   ┼   ├───╴   │
│   │ 3d│   │ 39  38  37│   │       │ 4d│           │   │         6     │ 12  11│
│   │   └───┘   ╷   ┼   │   │   ┼   │   │   ┼   ┼   └───┤   ┼   ┼   ┼   │   ╶───┤
│   │ 3c  3b  3a│     36│   │       │ 4e│               │         5     │ 13    │
│   │   ┌───╴   │   ┼   └───┤   ┼   │   │   ┼   ┼   ╷   │   ┼   ┼   ┼   │   ╷   │
│   │   │       │     35  34│       │ 4f│           │   │         4     │ 14│   │
│   ├───┘   ╶───┼───┬───╴   ├───────┴───┤   ┼   ┼   │   │   ┼   ┼   ┼   │   └───┤
│   │           │   │     33│ 2e  2d    │           │   │         3     │ 15    │
│   ╵   ┌───╴   │   └───┐   │   ╷   ╷   ├───┬───┬───┘   │   ┼   ┼   ┼   │   ╷   │
│       │       │       │ 32│ 2f│ 2c│   │   │   │       │ 0   1   2     │ 16│   │
│   ╷   │   ╶───┘   ╶───┤   ╵   │   │   ╵   ╵   └───┐   ├───────┬───┬───┘   ├───┤
│   │   │               │ 31  30│ 2b│               │   │       │   │ 18  17│   │
├───┘   ├───────────────┤   ╷   │   └───┐   ┌───┐   │   └───╴   ╵   ╵   ╶───┘   │
│       │               │   │   │ 2a    │   │   │   │             1a  19        │
│   ┼   │   ┼   ┼   ┼   ├───┴───┘   ╶───┼───┘   └───┼───────────╴   ╶───────╴   │
│       │               │         29    │           │     1d  1c  1b            │
├───┐   │   ┼   ┼   ┼   ├───────┐   ┌───┘   ╶───┐   ╵   ┼   ┼   ┼   ┼   ┌───┐   │
│   │   │               │       │ 28│           │ 20  1f  1e            │   │   │
│   ╵   │   ┼   ┼   ┼   ├───╴   │   ├───┬───────┘   ┌───╴   ┼   ┼   ┼   │   │   │
│       │               │       │ 27│   │ 23  22  21│                   │   │   │
│   ┼   │   ┼   ┼   ┼   │   ╶───┘   ╵   ╵   ┌───╴   │   ╷   ╶───┐   ┼   ╵   ╵   │
│       │               │         26  25  24│       │   │       │               │
├───╴   ╵   ┼   ┼   ┼   ├───┐   ╷   ╶───────┴───┬───┤   ├───╴   ╵   ╶───┬───┐   │
│                       │   │   │               │   │   │               │   │   │
│   ┌───┐   ┼   ┼   ┼   │   ╵   ├───╴   ╷   ┌───┘   │   │   ┌───┬───┬───┘   ╵   │
│   │   │               │       │       │   │       │   │   │   │   │           │
│   ╵   ├───────────────┼───┬───┴───────┘   ╵   ╷   │   └───┘   ╵   └───┬───╴   │
│       │               │   │                   │   │                   │       │
│   ╶───┘   ┌───┐   ┼   ╵   ├───────╴   ╷   ┼   │   ├───┐   ┼   ┼   ╷   │   ╶───┤
│           │   │           │           │       │   │   │           │   │       │
├───╴   ╷   │   ╵   ╷   ╷   └───────────┘   ╶───┤   ╵   ╵   ┼   ╶───┴───┴───┐   │
│       │   │       │   │                       │                           │   │
└───────┴───┴───────┴───┴───────────────────────┴───────────────────────────┴───┘

AldousBroderMazeGenerator: Generating maze 20x20 with PlayersWorlds.Maps.Maze.GeneratorOptions(Full, Auto, List`1<MapArea>(P2x3;S4x7;Hall;fixed, P<empty>;S2x5;Hall;auto), PlayersWorlds.Maps.Areas.RandomAreaGenerator, PlayersWorlds.Maps.Maze.AldousBroderMazeGenerator)
┌───────┬───────────────────────┬───────────────────┬───────┬───┬───┬───┬───────┐
│ 15  16│     1c  1d  1e  1f  20│                   │       │   │   │   │       │
│   ╷   └───┐   ╶───────┬───╴   └───────────────┐   │   ┌───┤   ╵   │   │   ╶───┤
│ 14│ 17  18│ 1b        │     21  22  23        │   │   │   │       │   │       │
│   │   ╷   ╵   ╷   ┌───┴───────┬───╴   ┌───────┘   ╵   ╵   └───╴   ╵   ╵   ╶───┤
│ 13│   │ 19  1a│   │           │     24│                                       │
│   ├───┴───┐   ├───┤           ├───╴   ╵   ┼   ┼   ┼   ┼   ┼   ┼   ┌───╴   ╶───┤
│ 12│       │   │   │           │     25  26                        │           │
│   ╵   ┼   │   ╵   │           │   ┌───┐   ┼   ┼   ┼   ┼   ┼   ┼   │   ╷   ╶───┤
│ 11        │       │           │   │   │ 27                        │   │       │
│   ╷   ┼   ├───╴   │           │   ╵   ╵   ┼   ┼   ┼   ┼   ┼   ┼   ╵   │   ┌───┤
│ 10│       │       │           │         28                            │   │   │
│   │   ┼   │   ┌───┤           ├───────┐   ┼   ┼   ┼   ┼   ┼   ┼   ┼   │   ╵   │
│ f │       │   │   │           │       │ 29                            │       │
│   │   ┼   ├───┘   │           │   ╷   ╵   ┼   ┼   ┼   ┼   ┼   ┼   ╶───┤   ╷   │
│ e │       │       │           │   │     2a                            │   │   │
│   └───────┘   ╶───┼───────────┴───┤   ┼   ┼   ┼   ┼   ┼   ┼   ┼   ╷   └───┼───┤
│ d   c   b   a   9 │               │     2b                        │       │   │
│   ╶───────┐   ╷   └───╴   ╶───────┼───╴   ╷   ┼   ╷   ┌───────┐   │   ╶───┤   │
│           │   │ 8   7   6   5     │ 2d  2c│       │   │       │   │       │   │
│   ╶───┬───┴───┴───────┐   ╷   ╶───┤   ╶───┤   ╶───┼───┼───╴   └───┘   ╷   └───┤
│       │               │   │ 4     │ 2e    │       │   │               │       │
└───────┤   ┼   ┼   ┼   │   │   ╶───┤   ╶───┴───────┤   └───┐   ╷   ┌───┼───┐   │
        │               │   │ 3   2 │ 2f  30  31  32│       │   │   │   │   │   │
        │   ┼   ┼   ┼   ├───┤   ╷   └───┐   ╶───┐   ╵   ┌───┴───┘   │   ╵   │   │
        │               │   │   │ 1   0 │       │ 33  34│           │       │   │
┌───────┤   ┼   ┼   ┼   │   ├───┼───────┴───┐   ├───╴   │   ╷   ╶───┘   ╶───┼───┤
│       │               │   │   │           │   │ 36  35│   │               │   │
│   ┌───┤   ┼   ┼   ┼   │   ╵   ╵   ┌───┐   ├───┘   ╷   └───┼───────╴   ╶───┘   │
│   │   │               │           │   │   │ 38  37│       │                   │
│   │   │   ┼   ┼   ┼   ╵   ┌───────┘   ╵   ╵   ╶───┼───────┴───────────────┐   │
│   │   │                   │     3c  3b  3a  39    │                       │   │
│   ╵   │   ┼   ┼   ┼   ╷   ├───┐   ┌───────────┐   │                       │   │
│ 4b  4a│               │   │   │ 3d│           │   │                       │   │
│   ╷   ├───┬───┬───┬───┘   │   ╵   │   ┼   ┼   ├───┤                       │   │
│ 4c│ 49│   │   │   │       │ 3f  3e│           │   │                       │   │
│   │   ╵   ╵   ╵   │   ┼   │   ┌───┴───────┐   │   └───────┬───────┬───┬───┘   │
│ 4d│ 48  47  46  45│       │ 40│           │   │           │       │   │       │
│   └───────┐   ╷   └───────┘   └───────╴   ╵   ╵   ╶───────┘   ┌───┘   │   ╶───┤
│ 4e  4f  50│   │ 44  43  42  41                                │       │       │
└───────────┴───┴───────────────────────────────────────────────┴───────┴───────┘

AldousBroderMazeGenerator: Generating maze 20x20 with PlayersWorlds.Maps.Maze.GeneratorOptions(Full, Auto, List`1<MapArea>(P2x3;S4x7;Hall;fixed, P<empty>;S2x5;Hall;auto), PlayersWorlds.Maps.Areas.RandomAreaGenerator, PlayersWorlds.Maps.Maze.AldousBroderMazeGenerator)
┌───────┬───────┬───────┬───────────────────────────────┬───────────────────┬───┐
│       │       │       │ b   c   d   e   f   10  11    │ 15  16  17  18    │   │
│   ╶───┘   ┌───┴───────┘   ╷   ┌───────────────┐   ╶───┘   ╶───┬───┐   ╷   ╵   │
│           │             a │   │               │ 12  13  14    │   │ 19│       │
├───┐   ╶───┤   ┼   ┼   ┼   │   ├───╴   ┌───╴   │   ╷   ╷   ┌───┘   ╵   │   ╶───┤
│   │       │             9 │   │       │       │   │   │   │ 1c  1b  1a│       │
│   ├───╴   │   ┼   ┼   ┼   ├───┴───╴   │   ┌───┴───┴───┴───┘   ╷   ╶───┤   ╷   │
│   │       │             8 │           │   │ 21  20  1f  1e  1d│       │   │   │
│   ╵   ╷   │   ┼   ┼   ┼   ├───┬───╴   ├───┘   ┼   ┼   ╶───╴   └───┐   │   └───┤
│       │   │             7 │   │       │     22                    │   │       │
├───╴   │   │   ┼   ┼   ┼   │   │   ┌───┘   ┼   ┼   ┼   ┼   ┼   ┼   │   │   ╷   │
│       │   │             6 │   │   │         23                    │   │   │   │
│   ╶───┴───┤   ┼   ┼   ┼   │   ╵   ╵   ╷   ┼   ┼   ┼   ┼   ┼   ┼   └───┤   │   │
│           │             5 │           │     24                        │   │   │
│   ┌───┐   │   ┼   ┼   ┼   ├───┬───────┤   ┼   ┼   ┼   ┼   ┼   ┼   ┌───┤   │   │
│   │   │   │             4 │   │       │     25                    │   │   │   │
├───┤   ╵   │   ┼   ┼   ┼   │   └───╴   ╵   ┼   ┼   ┼   ┼   ┼   ┼   ╵   │   │   │
│   │       │ 0   1   2   3 │     29  28  27  26                        │   │   │
│   └───╴   ├───────────────┴───╴   ╶───┐   ┼   ┼   ┼   ┼   ┼   ┼   ╷   ╵   │   │
│           │             2c  2b  2a    │                           │       │   │
├───────┐   └───────────┐   ╶───────┐   ╵   ┼   ┼   ┼   ┼   ┼   ┼   └───────┴───┤
│       │               │ 2d  2e    │                                           │
│   ┼   │   ┼   ┼   ┼   │   ╷   ╷   └───┬───────────────────┐   ┌───╴   ╷   ╶───┤
│       │               │   │ 2f│       │                   │   │       │       │
│   ┼   │   ┼   ┼   ┼   │   │   └───┐   ╵   ╶───╴   ┼   ╶───┴───┘   ╷   ├───┬───┤
│       │               │   │ 30    │                               │   │   │   │
│   ┼   │   ┼   ┼   ┼   ├───┘   ╶───┴───╴   ┼   ┼   ┼   ┼   ┼   ╷   │   ╵   ╵   │
│       │               │     31                                │   │           │
│   ┼   │   ┼   ┼   ┼   │   ╷   ┌───────╴   ┼   ┼   ┼   ┼   ┼   ╵   └───┐   ╷   │
│       │               │   │ 32│                                       │   │   │
│   ╶───┤   ┼   ┼   ┼   │   │   └───────┐   ┌───╴   ╷   ┼   ╶───┐   ╶───┴───┴───┤
│       │               │   │ 33  34  35│   │       │           │               │
│   ╶───┤   ┼   ┼   ┼   ├───┘   ┌───┐   ├───┴───────┴───────────┴───┬───────┐   │
│       │               │       │   │ 36│ 51  50  4f  4e  4d  4c  4b│ 48  47│   │
│   ┌───┴───────┬───────┤   ╷   │   ╵   │   ┼   ┼   ┼   ┼   ┼   ╷   ╵   ╷   └───┤
│   │           │       │   │   │ 38  37│ 52                    │ 4a  49│ 46    │
│   ╵   ┌───╴   │   ┼   │   ├───┘   ╷   │   ┼   ┼   ┼   ┼   ┼   │   ┌───┘   ╶───┤
│       │       │       │   │     39│   │ 53                    │   │ 44  45    │
│   ╶───┼───╴   └───╴   └───┘   ╷   └───┴───────────────────────┴───┘   ╷   ╶───┤
│       │                       │ 3a  3b  3c  3d  3e  3f  40  41  42  43│       │
└───────┴───────────────────────┴───────────────────────────────────────┴───────┘

AldousBroderMazeGenerator: Generating maze 20x20 with PlayersWorlds.Maps.Maze.GeneratorOptions(Full, Auto, List`1<MapArea>(P2x3;S4x7;Hall;fixed, P<empty>;S2x5;Hall;auto), PlayersWorlds.Maps.Areas.RandomAreaGenerator, PlayersWorlds.Maps.Maze.AldousBroderMazeGenerator)
┌───┬───────────────┬───┬───────┬───────────────────────┬───────────┬───────┬───┐
│   │               │   │       │                       │           │       │   │
│   └───────┐   ┌───┤   ╵   ╶───┘   ╶───────────────────┼───┐   ╶───┴───╴   │   │
│           │   │   │                                   │   │               │   │
│   ╶───┐   │   │   └───────╴   ╷   ┌───╴   ╷   ╶───┐   ╵   ╵   ╷   ╷   ╶───┘   │
│       │   │   │               │   │       │       │           │   │           │
│   ┌───┘   │   └───╴   ┼   ╷   │   │   ┌───┼───────┼───┬───┬───┴───┼───┬───┐   │
│   │       │               │   │   │   │   │       │   │   │       │   │   │   │
├───┘   ┌───┘   ╷   ┼   ┼   │   └───┼───┤   ╵   ╶───┘   │   └───┬───┘   ╵   │   │
│       │       │           │       │   │               │       │           │   │
│   ╷   ├───╴   ╵   ┼   ┼   ├───┐   ╵   ╵   ╷   ╶───────┴───┐   ╵   ╶───┐   ╵   │
│   │   │                   │   │           │               │           │       │
│   │   ╵   ┌───╴   ┼   ┼   ╵   └───┬───╴   │   ┌───────────┴───────────┴───╴   │
│   │       │                       │       │   │                               │
├───┤   ┌───┼───┐   ┼   ┼   ╷   ╶───┤   ╷   ├───┤   ┼   ┼   ┼   ┼   ┼   ┼   ╷   │
│   │   │   │   │           │       │   │   │   │                           │   │
│   ╵   │   │   │   ┼   ┼   ├───╴   ├───┴───┤   │   ┼   ┼   ┼   ┼   ┼   ┼   │   │
│       │   │   │           │       │       │   │                           │   │
├───┐   ╵   ╵   ├───╴   ┼   │   ┌───┘   ┼   ├───┤   ┼   ┼   ┼   ┼   ┼   ┼   │   │
│   │           │           │   │           │   │                           │   │
│   ╵   ┌───────┴───────┐   └───┘   ╷   ┼   │   │   ┼   ┼   ┼   ┼   ┼   ┼   │   │
│       │ 3   2   1   0 │           │       │   │                           │   │
├───────┤   ┼   ┼   ┼   │   ┌───┐   │   ┼   ├───┤   ┼   ┼   ┼   ┼   ┼   ┼   │   │
│       │ 4             │   │   │   │       │   │                           │   │
│   ┼   │   ┼   ┼   ┼   ├───┘   │   │   ┼   │   │   ┼   ┼   ┼   ┼   ┼   ┼   ├───┤
│       │ 5             │       │   │       │   │                           │   │
│   ┼   │   ┼   ┼   ┼   │   ╶───┘   └───┬───┘   ├───────────────────┬───┬───┘   │
│       │ 6             │               │       │                   │   │       │
├───╴   │   ┼   ┼   ┼   ├───┬───┬───╴   ├───┐   │   ┌───┐   ╷   ╷   │   └───┐   │
│       │ 7             │   │   │       │   │   │   │   │   │   │   │       │   │
├───┐   ╵   ┼   ┼   ┼   │   ╵   ╵   ┌───┘   ╵   └───┤   ╵   └───┴───┴───┐   ╵   │
│   │ 9   8             │           │               │                   │       │
│   ╵   ╷   ┼   ┼   ┼   │   ╷   ╷   └───┬───╴   ┌───┘   ┌───┬───┐   ╶───┴───╴   │
│     a │               │   │   │       │       │       │   │   │               │
│   ╷   ├───────┬───────┤   ├───┴───┐   ╵   ╶───┴───╴   │   ╵   ╵   ╶───┬───────┤
│   │ b │ 10  f │       │   │       │                   │               │       │
│   │   └───╴   │   ┼   │   └───┐   ├───┐   ┼   ┼   ╷   │   ╶───┐   ╶───┘   ╶───┤
│   │ c   d   e │       │       │   │   │           │   │       │               │
│   └───────┐   ├───╴   ╵   ╷   ╵   ╵   │   ╷   ╷   └───┘   ╷   └───────┐   ╷   │
│           │   │           │           │   │   │           │           │   │   │
└───────────┴───┴───────────┴───────────┴───┴───┴───────────┴───────────┴───┴───┘

AldousBroderMazeGenerator: Generating maze 20x20 with PlayersWorlds.Maps.Maze.GeneratorOptions(Full, Auto, List`1<MapArea>(P2x3;S4x7;Hall;fixed, P<empty>;S2x5;Hall;auto), PlayersWorlds.Maps.Areas.RandomAreaGenerator, PlayersWorlds.Maps.Maze.AldousBroderMazeGenerator)
┌───────┬───────────────────┬───┬───┬───────┬───────────────┬───────┬───────────┐
│       │     6   5   4   3 │ 0 │   │ 16  17│ 1a  1b  1c    │       │           │
│   ╷   └───╴   ┌───┬───┐   ╵   │   ╵   ╷   ╵   ┌───╴   ╷   │   ╷   │   ╶───┐   │
│   │         7 │   │   │ 2   1 │     15│ 18  19│     1d│   │   │   │       │   │
├───┘   ╶───┐   ╵   │   ├───────┴───┐   ├───────┴───┐   └───┘   └───┘   ╶───┤   │
│           │ 8     │   │ d   e   f │ 14│           │ 1e  1f                │   │
├───┬───────┤   ╶───┘   ╵   ┌───╴   │   │   ┼   ┼   │   ╷   ┼   ┼   ┼   ┼   └───┤
│   │       │ 9   a   b   c │     10│ 13│           │   │ 20                    │
│   │   ┼   │   ┌───┬───────┴───┐   ╵   │   ┼   ┼   │   │   ┼   ┼   ┼   ┼   ╷   │
│   │       │   │   │           │ 11  12│           │   │ 21                │   │
│   │   ┼   │   │   │           │   ╷   │   ┼   ┼   │   │   ┼   ┼   ┼   ┼   └───┤
│   │       │   │   │           │   │   │           │   │ 22                    │
│   │   ┼   └───┘   │           │   ├───┤   ┼   ┼   └───┤   ┼   ┼   ┼   ┼   ┌───┤
│   │               │           │   │   │               │ 23                │   │
│   │   ┼   ┌───╴   │           │   │   │   ┼   ┼   ╷   ╵   ┼   ┼   ┼   ┼   ╵   │
│   │       │       │           │   │   │           │     24                    │
│   └───────┤   ╷   └───┬───────┴───┘   └───────┬───┼───╴   ┌───╴   ┼   ╷   ╶───┤
│           │   │       │                       │   │     25│           │       │
│   ┌───╴   ╵   │   ╶───┘   ╶───┐   ╷   ┌───╴   ╵   └───╴   │   ┌───┐   └───────┤
│   │           │               │   │   │         28  27  26│   │   │           │
├───┘   ┌───────┴───────┬───────┴───┼───┤   ╷   ╷   ╶───────┼───┤   └───────────┤
│       │               │           │   │   │   │ 29        │   │               │
├───┐   │   ┼   ┼   ┼   ├───╴   ╶───┤   └───┼───┘   ┌───╴   ╵   │   ╶───┐   ╶───┤
│   │   │               │     31  30│       │ 2b  2a│           │       │       │
│   ╵   │   ┼   ┼   ┼   ├───┐   ╷   └───╴   ╵   ┌───┴───────╴   └───┐   │   ╶───┤
│       │               │   │ 32│ 2f  2e  2d  2c│                   │   │       │
│   ┼   │   ┼   ┼   ┼   │   ╵   ├───╴   ╶───┐   │   ┼   ┼   ╷   ╷   └───┴───╴   │
│       │               │     33│           │   │           │   │               │
├───╴   │   ┼   ┼   ┼   ├───┐   │   ┌───────┴───┴───────┬───┴───┴───────────────┤
│       │               │   │ 34│   │     39  3a  3b    │     42  43            │
│   ╶───┤   ┼   ┼   ┼   │   ╵   └───┴───╴   ╶───┐   ┌───┘   ╷   ╷   ╶───┐   ╶───┤
│       │               │     35  36  37  38    │ 3c│       │ 41│ 44  45│       │
├───╴   │   ┼   ┼   ┼   ├───┬───────┐   ╶───────┤   └───────┘   │   ╷   ├───╴   │
│       │               │   │       │           │ 3d  3e  3f  40│   │ 46│       │
│   ┌───┴───┬───╴   ┌───┤   ╵   ┼   ├───────────┤   ┼   ┼   ┌───┴───┘   └───┐   │
│   │       │       │   │           │           │           │         47  48│   │
│   │       │   ┌───┘   ╵   ╶───────┼───┐   ╷   ╵   ╶───┬───┤   ╷   ┌───┐   └───┤
│   │       │   │                   │   │   │           │   │   │   │ 4e│ 49  4a│
│   └───────┤   ├───╴   ╷   ╶───┐   ╵   └───┘   ╷   ╷   │   └───┘   │   └───╴   │
│           │   │       │       │               │   │   │           │ 4d  4c  4b│
└───────────┴───┴───────┴───────┴───────────────┴───┴───┴───────────┴───────────┘

AldousBroderMazeGenerator: Generating maze 20x20 with PlayersWorlds.Maps.Maze.GeneratorOptions(Full, Auto, List`1<MapArea>(P2x3;S4x7;Hall;fixed, P<empty>;S2x5;Hall;auto), PlayersWorlds.Maps.Areas.RandomAreaGenerator, PlayersWorlds.Maps.Maze.AldousBroderMazeGenerator)
┌───┬───────┬───────────────┬───┬───┬───────┬───────┬───────────────┬───────────┐
│   │       │               │   │   │       │ 47  48│ 3   2   1   0 │           │
│   │   ╶───┘   ╷   ╷   ╶───┘   ╵   ╵   ┌───┤   ╶───┤   ┼   ┼   ┼   │   ┌───╴   │
│   │           │   │                   │   │ 46    │ 4             │   │       │
│   ├───────╴   ├───┴───┐   ╶───┬───┐   │   ╵   ╶───┤   ┼   ┼   ┼   ├───┘   ╶───┤
│   │           │       │       │   │   │     45  44│ 5             │           │
│   ╵   ┌───────┤   ┼   ├───╴   ╵   │   └───┬───╴   │   ┼   ┼   ┼   │   ┌───╴   │
│       │       │       │ 39  3a  3b│       │     43│ 6             │   │       │
│   ╶───┴───╴   │   ┼   │   ╶───┐   └───┬───┴───╴   │   ┼   ┼   ┼   │   │   ╷   │
│               │       │ 38    │ 3c  3d│ 40  41  42│ 7             │   │   │   │
│   ┌───┐   ╶───┤   ┼   │   ╷   ├───┐   ╵   ┌───────┤   ┼   ┼   ┼   │   └───┴───┤
│   │   │       │       │ 37│   │   │ 3e  3f│       │ 8             │           │
│   ╵   │   ╷   ╵   ┼   │   └───┘   └───┐   ╵   ╶───┤   ┼   ┼   ┼   │   ╷   ╶───┤
│       │   │           │ 36  35  34    │           │ 9             │   │       │
│   ╶───┤   └───┬───┬───┼───┐   ╷   ╶───┴───┬───┬───┤   ┼   ┼   ┼   │   └───┐   │
│       │       │   │   │   │   │ 33  32  31│   │   │ a             │       │   │
│   ╶───┴───┬───┘   │   ╵   └───┴───┬───╴   ╵   │   │   ┌───────┬───┴───╴   ├───┤
│           │       │               │     30  2f│   │ b │       │           │   │
├───────╴   └───╴   ╵   ╶───────┬───┘   ┌───╴   │   ╵   ╵   ╶───┴───────╴   ╵   │
│                               │       │ 2d  2e│     c   d   e   f   10  11  12│
└───────┬───╴   ╶───────┐   ╷   └───────┘   ┌───┴───────────────────────────╴   │
        │               │   │             2c│                                 13│
        │   ┼   ┼   ┼   ├───┴───┐   ┼   ┼   │   ┼   ┼   ┼   ┼   ┼   ┼   ┼   ╷   │
        │               │       │     2a  2b│                               │ 14│
        │   ┼   ┼   ┼   │   ╷   │   ┼   ┼   │   ┼   ┼   ┼   ┼   ┼   ┼   ┼   │   │
        │               │   │   │     29    │                               │ 15│
┌───────┤   ┼   ┼   ┼   ├───┘   ╵   ┼   ┼   │   ┼   ┼   ┼   ┼   ┼   ┼   ┼   │   │
│       │               │             28    │                               │ 16│
│   ╷   │   ┼   ┼   ┼   │   ┌───╴   ┼   ╶───┴───────────┬───────────┬───────┤   │
│   │   │               │   │         27  26  25  24  23│           │       │ 17│
│   └───┤   ┼   ┼   ┼   ├───┘   ┌───┬───┬───────╴   ╷   │   ╷   ┌───┴───┐   ╵   │
│       │               │       │   │   │           │ 22│   │   │ 1d  1c│ 19  18│
│   ┼   │   ┼   ┼   ┼   ├───────┤   ╵   ├───┬───┐   │   ╵   └───┘   ╷   ╵   ┌───┤
│       │               │       │       │   │   │   │ 21  20  1f  1e│ 1b  1a│   │
│   ╷   ├───────────┬───┘   ╶───┘   ╷   ╵   │   ╵   ├───────╴   ╶───┼───╴   │   │
│   │   │           │               │       │       │               │       │   │
├───┘   └───────╴   ╵   ╶───┐   ┌───┴───┐   └───╴   └───┬───╴   ╷   └───┐   ╵   │
│                           │   │       │               │       │       │       │
├───────────╴   ╷   ┼   ┌───┘   ╵   ┼   │   ╶───────┬───┴───╴   └───┐   └───────┤
│               │       │               │           │               │           │
└───────────────┴───────┴───────────────┴───────────┴───────────────┴───────────┘

AldousBroderMazeGenerator: Generating maze 20x20 with PlayersWorlds.Maps.Maze.GeneratorOptions(Full, Auto, List`1<MapArea>(P2x3;S4x7;Hall;fixed, P<empty>;S2x5;Hall;auto), PlayersWorlds.Maps.Areas.RandomAreaGenerator, PlayersWorlds.Maps.Maze.AldousBroderMazeGenerator)
┌───────┬───────────────────┬───────┬───────┐                   ┌───────┬───┬───┐
│       │                   │       │       │                   │       │   │   │
│   ╶───┴───────┬───╴   ╶───┘   ╷   └───╴   │                   ├───╴   ╵   │   │
│               │               │           │                   │           │   │
│   ┌───────┐   ╵   ┌───┬───┬───┘   ╶───────┤                   │   ╶───────┘   │
│   │       │       │   │   │               │                   │               │
│   │   ┼   │   ╶───┘   │   └───╴   ┌───────┤                   │   ┌───────────┤
│   │       │           │           │       │                   │   │           │
├───┤   ┼   │   ┌───┐   ├───────╴   └───╴   │                   │   └───────╴   │
│   │       │   │   │   │                   │                   │               │
│   │   ┼   ├───┘   │   │   ╷   ╶───┐   ╶───┤                   ├───╴   ╷   ╷   │
│   │       │       │   │   │       │       │                   │       │   │   │
│   ╵   ┼   │   ┌───┤   │   │   ╶───┤   ╶───┼───────────────┬───┘   ╷   ├───┘   │
│           │   │   │   │   │       │       │               │       │   │       │
│   ╶───────┘   ╵   │   ├───┘   ╷   └───┐   │   ┼   ┼   ┼   │   ╷   └───┴───────┤
│                   │   │       │       │   │               │   │               │
├───╴   ┌───────╴   ├───┘   ┌───┴───┐   ├───┤   ┼   ┼   ┼   ╵   └───────┐   ╶───┤
│       │           │       │       │   │   │                           │       │
├───╴   │   ┌───────┘   ┌───┘   ╶───┤   ╵   ├───────────────────────┐   └───┐   │
│       │   │           │           │       │                       │       │   │
├───────┼───┴───────────┤   ╷   ┌───┘   ┌───┘   ┼   ┼   ┼   ┼   ┼   ├───┐   └───┤
│ 1   0 │               │   │   │       │                           │   │       │
│   ┼   │   ┼   ┼   ┼   ├───┘   ╵   ┌───┤   ╷   ┼   ┼   ┼   ┼   ┼   │   ├───┐   │
│ 2     │               │           │   │   │                       │   │   │   │
│   ┼   │   ┼   ┼   ┼   └───┬───╴   │   ╵   └───────────────────────┘   ╵   ╵   │
│ 3     │                   │       │                                           │
│   ┌───┤   ┼   ┼   ┼   ╷   │   ┌───┴───┬───┐   ┼   ┼   ┼   ┼   ┼   ╶───┐   ╶───┤
│ 4 │   │               │   │   │       │   │                           │       │
│   │   │   ┼   ┼   ┼   │   ╵   ├───┐   │   ╵   ┼   ┼   ┼   ┼   ┼   ┌───┼───╴   │
│ 5 │   │               │       │   │   │                           │   │       │
│   ╵   │   ┼   ┼   ┼   │   ╶───┘   ╵   ├───┐   ╶───╴   ┌───╴   ┼   │   ╵   ╶───┤
│ 6   7 │               │               │   │           │           │           │
│   ╷   │   ┼   ┼   ┼   ├───┐   ╷   ┌───┘   ╵   ┼   ┼   │   ╶───┬───┘   ╶───┐   │
│   │ 8 │               │   │   │   │                   │       │           │   │
├───┘   └───┬───────────┘   ╵   │   └───────┐   ┌───┬───┤   ╷   ├───┐   ┌───┘   │
│ a   9     │                   │           │   │   │   │   │   │   │   │       │
│   ┌───────┤   ┌───────┐   ╷   └───┐   ┌───┤   ╵   ╵   │   ├───┘   ├───┼───┐   │
│ b │       │   │       │   │       │   │   │           │   │       │   │   │   │
│   │   ┼   ╵   │       │   │   ┼   │   ╵   ╵   ┼   ┼   ╵   ├───╴   ╵   ╵   ╵   │
│ c │           │       │   │       │                       │                   │
└───┴───────────┘       └───┴───────┴───────────────────────┴───────────────────┘

AldousBroderMazeGenerator: Generating maze 20x20 with PlayersWorlds.Maps.Maze.GeneratorOptions(Full, Auto, List`1<MapArea>(P2x3;S4x7;Hall;fixed, P<empty>;S2x5;Hall;auto), PlayersWorlds.Maps.Areas.RandomAreaGenerator, PlayersWorlds.Maps.Maze.AldousBroderMazeGenerator)
┌───────────────┬───────────────────────┬───────┬───┬───────────────────────┬───┐
│               │                       │       │   │                       │   │
├───╴   ╷   ┌───┴───────╴   ┌───┐   ╶───┘   ┌───┘   │   ┼   ┼   ┼   ┼   ┼   │   │
│       │   │               │   │           │       │                       │   │
│   ╶───┴───┘   ╷   ╶───┐   ╵   │   ┌───────┼───╴   │   ┼   ┼   ┼   ┼   ┼   └───┤
│               │       │       │   │       │       │                           │
├───╴   ╷   ╷   │   ╷   │   ┌───┴───┤   ┼   │   ╷   └───────────────────┬───╴   │
│       │   │   │   │   │   │       │       │   │                       │       │
│   ╶───┴───┤   ├───┴───┴───┴───╴   │   ┼   │   │   ┌───────────────╴   └───╴   │
│           │   │                   │       │   │   │                           │
│   ╷   ┼   │   │   ┼   ┌───╴   ┼   │   ┼   ├───┘   │   ┼   ┼   ┼   ┌───────┐   │
│   │       │   │       │           │       │       │               │       │   │
│   │   ┼   ├───┤   ┼   ├───╴   ┼   │   ┼   │   ╶───┤   ┼   ┼   ┼   │   ╶───┴───┤
│   │       │   │       │           │       │       │               │           │
│   ├───────┤   ├───────┴───┐   ╶───┴───╴   ├───╴   ├───────────────┘   ╶───┐   │
│   │       │   │           │               │       │                       │   │
├───┼───┐   ╵   ╵   ┌───────┴───────╴   ╷   └───╴   ├───────────────────────┘   │
│   │   │           │                   │           │                           │
│   ╵   └───────┐   ╵   ┌───╴   ╷   ╷   ├───────────┤   ┼   ┼   ┼   ┼   ┼   ╷   │
│               │       │       │   │   │           │                       │   │
│   ┌───┬───────┴───────┼───╴   └───┴───┴───╴   ┌───┤   ┼   ┼   ┼   ┼   ┼   │   │
│   │   │               │                       │   │                       │   │
│   ╵   │   ┼   ┼   ┼   ├───┐   ╷   ╶───┬───────┘   └───────────────────────┤   │
│       │               │   │   │       │                                   │   │
│   ╶───┘   ┼   ┼   ┼   │   ╵   │   ╷   ╵   ╶───┬───╴   ┌───────╴   ┌───────┘   │
│                       │       │   │           │       │           │           │
├───────┐   ┼   ┼   ┼   ├───────┤   └───┐   ╷   ├───╴   │   ┼   ┼   ├───╴   ┌───┤
│ 0     │               │       │       │   │   │       │           │       │   │
│   ┼   │   ┼   ┼   ┼   │   ╶───┤   ┼   │   ├───┴───┬───┴───────────┤   ╷   │   │
│ 1   2 │               │       │       │   │       │               │   │   │   │
├───╴   │   ┼   ┼   ┼   ├───╴   └───────┘   ├───╴   ╵   ╷   ┼   ┼   └───┘   ╵   │
│ 4   3 │               │                   │           │                       │
│   ╶───┤   ┼   ┼   ┼   │   ╷   ╷   ┌───╴   ╵   ┌───╴   ├───╴   ╶───┐   ╶───────┤
│ 5   6 │               │   │   │   │           │       │           │           │
├───╴   └───────────┬───┴───┴───┘   └───────┬───┴───────┘   ╶───────┼───┐   ╶───┤
│     7   8   9     │                       │                       │   │       │
│   ┌───────┐   ┌───┴───┬───┬───╴   ┌───────┴───────┐   ┌───────────┤   ╵   ╶───┤
│   │       │ a │       │   │       │               │   │           │           │
│   │       │   │       │   └───╴   ╵   ╶───┐   ╶───┘   │           ├───────╴   │
│   │       │ b │       │                   │           │           │           │
└───┘       └───┘       └───────────────────┴───────────┘           └───────────┘

AldousBroderMazeGenerator: Generating maze 20x20 with PlayersWorlds.Maps.Maze.GeneratorOptions(Full, Auto, List`1<MapArea>(P2x3;S4x7;Hall;fixed, P<empty>;S2x5;Hall;auto), PlayersWorlds.Maps.Areas.RandomAreaGenerator, PlayersWorlds.Maps.Maze.AldousBroderMazeGenerator)
┌───┬───┬───────┬───────────────┬───────┬───┬───────┬───┬───────────────────────┐
│   │   │       │               │       │   │       │   │                       │
│   │   ╵   ╷   ╵   ┌───╴   ╷   ╵   ╶───┘   │   ╶───┘   ╵   ╷   ┌───┬───┐   ╷   │
│   │       │       │       │               │               │   │   │   │   │   │
│   │   ┌───┴───┐   └───┐   │   ╷   ╶───────┴───┐   ╷   ╶───┴───┘   │   ╵   └───┤
│   │   │       │       │   │   │               │   │               │           │
│   ├───┴───┐   └───╴   └───┤   │   ╶───────┐   ╵   │   ┌───────────┴───┐   ╷   │
│   │       │               │   │           │       │   │               │   │   │
│   │   ┼   │   ┌───────────┤   └───┬───────┴───╴   │   │               │   ├───┤
│   │       │   │           │       │               │   │               │   │   │
│   │   ┼   ╵   │           │   ╶───┤   ┼   ┼   ╷   │   │               │   ╵   │
│   │           │           │       │           │   │   │               │       │
│   │   ┼   ╷   │           │   ╶───┤   ┼   ┼   │   │   │               ├───╴   │
│   │       │   │           │       │           │   │   │               │       │
│   │   ┼   │   │           ├───────┤   ┼   ┼   ├───┘   │               │   ╶───┤
│   │       │   │           │       │           │       │               │       │
│   └───────┴───┴───────┬───┴───┐   └───────┬───┘   ╷   │               ├───╴   │
│                       │       │           │       │   │               │       │
├───────┐   ╶───┐   ╷   ╵   ╶───┼───┬───╴   ╵   ╷   │   │               │   ╶───┤
│ 1   0 │       │   │           │   │           │   │   │               │       │
│   ╶───┼───────┴───┴───┬───╴   ╵   ├───────╴   ├───┘   │               │   ╷   │
│ 2   3 │               │           │           │       │               │   │   │
├───┐   │   ┼   ┼   ┼   │   ╶───────┴───┐   ╶───┴───────┼───────────┬───┤   │   │
│   │ 4 │               │               │               │           │   │   │   │
│   │   │   ┼   ┼   ┼   │   ┌───╴   ┌───┴───────┬───╴   ╵   ╶───┐   ╵   └───┤   │
│   │ 5 │               │   │       │           │               │           │   │
│   ╵   │   ┼   ┼   ┼   ├───┘   ╶───┤   ┼   ┼   │   ┌───┬───┬───┼───────┐   │   │
│     6 │               │           │           │   │   │   │   │       │   │   │
├───╴   │   ┼   ┼   ┼   └───────╴   ├───╴   ╶───┘   ╵   ╵   │   ╵   ╶───┘   ├───┤
│ 8   7 │                           │                       │               │   │
│   ╶───┤   ┼   ┼   ┼   ╷   ╶───────┴───╴   ╷   ╶───┬───┬───┴───────╴   ╷   ╵   │
│ 9   a │               │                   │       │   │               │       │
├───╴   │   ┼   ┼   ┼   ├───────────────────┘   ╶───┘   │   ┼   ┼   ┼   ├───╴   │
│ c   b │               │                               │               │       │
│   ┌───┴───┬───┬───┬───┴───┬───╴   ┼   ┼   ┼   ┌───┬───┤   ┼   ┼   ┼   │   ╶───┤
│ d │ 14    │   │   │       │                   │   │   │               │       │
│   │   ┼   │   ╵   ╵   ╷   │   ╶───┐   ╶───┐   ╵   ╵   ├───────────────┼───╴   │
│ e │ 13  12│           │   │       │       │           │               │       │
│   └───╴   │   ╷   ╷   │   ╵   ╷   └───────┤   ╶───┬───┘   ╶───┐   ╷   ╵   ╷   │
│ f   10  11│   │   │   │       │           │       │           │   │       │   │
└───────────┴───┴───┴───┴───────┴───────────┴───────┴───────────┴───┴───────┴───┘

AldousBroderMazeGenerator: Generating maze 20x20 with PlayersWorlds.Maps.Maze.GeneratorOptions(Full, Auto, List`1<MapArea>(P2x3;S4x7;Hall;fixed, P<empty>;S2x5;Hall;auto), PlayersWorlds.Maps.Areas.RandomAreaGenerator, PlayersWorlds.Maps.Maze.AldousBroderMazeGenerator)
┌───────────────────┬───┬───────┬───────────────┬───────────┬───────────────┬───┐
│                   │   │       │               │           │               │   │
│   ┌───┐   ╷   ╶───┘   └───┐   ╵   ╶───┐   ╷   │   ┌───┬───┴───┐   ┌───╴   ╵   │
│   │   │   │               │           │   │   │   │   │       │   │           │
│   ╵   ├───┴───────┬───╴   │   ┌───╴   └───┤   ╵   │   ╵   ╶───┘   └───┐   ┌───┤
│       │           │       │   │           │       │                   │   │   │
├───────┘   ┼   ┼   ╵   ╷   └───┤   ╷   ┌───┴───────┴───╴   ╶───────────┼───┘   │
│                       │       │   │   │                               │       │
│   ╶───┐   ┼   ┼   ╶───┼───┐   ╵   │   │   ┼   ┼   ┼   ┼   ┼   ┼   ┼   ├───────┤
│       │               │   │       │   │                               │       │
│   ╷   │   ┼   ┼   ╶───┤   └───────┤   │   ┼   ┼   ┼   ┼   ┼   ┼   ┼   │   ╶───┤
│   │   │               │           │   │                               │       │
│   │   ╵   ┼   ┼   ╶───┴───╴   ╷   └───┤   ┼   ┼   ┼   ┼   ┼   ┼   ┼   ├───╴   │
│   │                           │       │                               │       │
│   └───┐   ┼   ┼   ┼   ╷   ┌───┴───╴   ├───────┬───┬───┬───────────────┘   ╶───┤
│       │               │   │           │       │   │   │                       │
├───╴   ├───╴   ┌───╴   ├───┤   ╷   ┌───┤   ╶───┘   ╵   └───────╴   ╶───┐   ╷   │
│       │       │       │   │   │   │   │                               │   │   │
├───╴   │   ╶───┤   ╶───┤   └───┘   │   └───╴   ╶───┬───╴   ┌───┬───────┘   ├───┤
│       │       │       │           │               │       │   │           │   │
│   ╷   ├───────┴───────┤   ╶───┐   ├───────┬───────┴───────┤   ╵   ┌───────┘   │
│   │   │ 3   2   1   0 │       │   │       │               │       │           │
├───┘   │   ┼   ┼   ┼   │   ╶───┤   │   ╶───┤               ├───╴   │   ╶───────┤
│       │ 4             │       │   │       │               │       │           │
│   ╶───┤   ┼   ┼   ┼   ├───┬───┘   └───╴   │               ├───╴   │   ╷   ┌───┤
│       │ 5             │   │               │               │       │   │   │   │
├───────┤   ┼   ┼   ┼   │   ╵   ╷   ╶───┬───┴───────────┬───┤   ╷   ╵   ├───┘   │
│       │ 6             │       │       │               │   │   │       │       │
│   ┼   │   ┼   ┼   ┼   ├───────┘   ╷   ├───────╴   ╶───┘   ╵   └───┐   ╵   ╷   │
│       │ 7             │           │   │                           │       │   │
│   ┼   │   ┼   ┼   ┼   │   ╶───────┴───┘   ┌───────╴   ╶───┬───┐   └───────┴───┤
│       │ 8             │                   │               │   │               │
│   ┼   │   ┼   ┼   ┼   │   ┼   ┼   ╶───┬───┤   ┼   ┼   ┼   │   ╵   ╷   ╶───┐   │
│       │ 9             │               │   │               │       │       │   │
│   ┼   │   ┌───────────┤   ╷   ┼   ╷   │   │   ┼   ┼   ┼   ├───╴   ├───────┴───┤
│       │ a │ f   10    │   │       │   │   │               │       │           │
├───╴   ╵   │   ╷   ┼   │   ╵   ╶───┴───┤   ├───┬───────────┤   ╷   ╵   ╷   ╷   │
│         b │ e │ 11    │               │   │   │           │   │       │   │   │
│   ┌───╴   ╵   │   ┼   │   ╶───────────┘   ╵   ╵   ╶───────┤   └───────┴───┤   │
│   │     c   d │ 12  13│                                   │               │   │
└───┴───────────┴───────┴───────────────────────────────────┴───────────────┴───┘

AldousBroderMazeGenerator: Generating maze 20x20 with PlayersWorlds.Maps.Maze.GeneratorOptions(Full, Auto, List`1<MapArea>(P2x3;S4x7;Hall;fixed, P<empty>;S2x5;Hall;auto), PlayersWorlds.Maps.Areas.RandomAreaGenerator, PlayersWorlds.Maps.Maze.AldousBroderMazeGenerator)
┌───────────────┬───┬───────────────────────────────────┬───┬───────┬───────┬───┐
│               │   │                                   │   │       │       │   │
├───┐   ╶───────┘   ├───────────────────────────┬───╴   ╵   └───╴   ╵   ┼   ╵   │
│   │               │                           │                               │
│   ╵   ╷   ┌───╴   │   ┼   ┼   ┼   ┼   ┼   ┼   │   ┼   ┼   ┼   ┼   ┼   ┼   ┼   │
│       │   │       │                           │                               │
│   ╶───┴───┼───╴   │   ┼   ┼   ┼   ┼   ┼   ┼   ├───┐   ┼   ┼   ┼   ┼   ┼   ┼   │
│           │       │                           │   │                           │
├───┐   ┼   │   ╶───┘   ┼   ┼   ┼   ┼   ┼   ┼   │   │   ┼   ┼   ┼   ┼   ┼   ┼   │
│   │       │                                   │   │                           │
│   │   ┼   ├───╴   ╷   ┼   ┼   ┼   ┼   ┼   ┼   │   ╵   ┼   ┼   ┼   ┼   ┼   ┼   │
│   │       │       │                           │                               │
│   │   ┼   ├───╴   │   ┼   ┼   ┼   ┼   ┼   ┼   │   ┼   ┼   ┼   ┼   ┼   ┼   ┼   │
│   │       │       │                           │                               │
├───┤   ┼   │   ┌───┤   ┼   ┼   ┼   ┼   ┼   ┼   │   ╷   ┼   ┼   ┼   ┼   ┼   ┼   │
│   │       │   │   │                           │   │                           │
│   └───────┴───┘   └───────────────┬───┬───────┴───┤   ┼   ╶───────────┬───╴   │
│                                   │   │           │                   │       │
├───╴   ╷   ╶───┐   ╶───┐   ┌───┐   ╵   ╵   ╶───────┴───┐   ┌───────────┼───────┤
│       │       │       │   │   │                       │   │           │       │
│   ╶───┼───────┴───────┤   ╵   │   ┌───╴   ╷   ╶───┬───┘   ├───╴   ╶───┘   ╶───┤
│       │ 3   2   1   0 │       │   │       │       │       │                   │
│   ┼   │   ┼   ┼   ┼   ├───╴   ├───┴───────┤   ┌───┼───╴   ╵   ╶───┬───┐   ┌───┤
│       │ 4             │       │           │   │   │               │   │   │   │
│   ┼   │   ┼   ┼   ┼   │   ╷   │   ┼   ┼   ├───┤   ├───┐   ┌───┬───┤   ╵   ╵   │
│       │ 5             │   │   │           │   │   │   │   │   │   │           │
├───┬───┤   ┼   ┼   ┼   ├───┘   └───────╴   ╵   ╵   ╵   ╵   │   ╵   └───────┐   │
│   │   │ 6             │                                   │               │   │
│   ╵   │   ┼   ┼   ┼   │   ┌───┬───────────┬───┐   ╶───────┼───╴   ┌───────┤   │
│       │ 7             │   │   │           │   │           │       │       │   │
│   ╷   │   ┼   ┼   ┼   ├───┤   │           │   └───┐   ╶───┤   ╶───┘   ╷   └───┤
│   │   │ 8             │   │   │           │       │       │           │       │
│   │   ╵   ┼   ┼   ┼   │   ╵   ├───────────┘   ╷   └───╴   ├───────╴   │   ╶───┤
│   │ a   9             │       │               │           │           │       │
├───┤   ┌───────────┬───┘   ╶───┼───────────┐   ├───┬───────┘   ╷   ╷   └───────┤
│ 10│ b │           │           │           │   │   │           │   │           │
│   │   │   ┼   ┌───┤   ╶───┐   │   ┼   ┼   ╵   ╵   ╵   ┌───╴   └───┴───────┐   │
│ f │ c │       │   │       │   │                       │                   │   │
│   ╵   │   ╶───┘   └───┬───┘   └───────────╴   ┌───────┘   ╶───┐   ╷   ╶───┤   │
│ e   d │               │                       │               │   │       │   │
└───────┴───────────────┴───────────────────────┴───────────────┴───┴───────┴───┘

]]></output>
              </test-case>
            </test-suite>
          </test-suite>
        </test-suite>
      </test-suite>
    </test-suite>
  </test-suite>
</test-run>