<?xml version="1.0" encoding="utf-8" standalone="no"?>
<test-run id="0" runstate="Runnable" testcasecount="1021" result="Passed" total="10" passed="10" failed="0" warnings="0" inconclusive="0" skipped="0" asserts="20" engine-version="3.17.0.0" clr-version="4.0.30319.42000" start-time="2024-06-22 14:40:38Z" end-time="2024-06-22 14:40:39Z" duration="0.633675">
  <command-line><![CDATA[/home/data/repos/github.com/aynurin/maze-gen/packages/NUnit.ConsoleRunner.3.17.0/tools/nunit3-console.exe build/Debug/tests/PlayersWorlds.Maps.Tests.dll --framework=mono-4.0 --where=test=PlayersWorlds.Maps.Areas.Evolving.AreaDistributorIntegrationTest.AreaDistributorTest_OverlapTwo]]></command-line>
  <filter>
    <test>PlayersWorlds.Maps.Areas.Evolving.AreaDistributorIntegrationTest.AreaDistributorTest_OverlapTwo</test>
  </filter>
  <test-suite type="Assembly" id="1-2070" name="PlayersWorlds.Maps.Tests.dll" fullname="/home/data/repos/github.com/aynurin/maze-gen/build/Debug/tests/PlayersWorlds.Maps.Tests.dll" runstate="Runnable" testcasecount="1021" result="Passed" start-time="2024-06-22T14:40:38.8912610Z" end-time="2024-06-22T14:40:39.0397200Z" duration="0.148398" total="10" passed="10" failed="0" warnings="0" inconclusive="0" skipped="0" asserts="20">
    <environment framework-version="4.0.1.0" clr-version="4.0.30319.42000" os-version="Unix 6.1.84.1" platform="Unix" cwd="/home/data/repos/github.com/aynurin/maze-gen" machine-name="lightview" user="shav" user-domain="lightview" culture="en-US" uiculture="en-US" os-architecture="x64" />
    <settings>
      <setting name="RequestedRuntimeFramework" value="mono-4.0" />
      <setting name="DisposeRunners" value="True" />
      <setting name="WorkDirectory" value="/home/data/repos/github.com/aynurin/maze-gen" />
      <setting name="ImageRuntimeVersion" value="4.0.30319" />
      <setting name="ImageTargetFrameworkName" value=".NETFramework,Version=v4.7" />
      <setting name="ImageRequiresX86" value="False" />
      <setting name="ImageRequiresDefaultAppDomainAssemblyResolver" value="False" />
      <setting name="TargetRuntimeFramework" value="mono-4.0" />
      <setting name="NumberOfTestWorkers" value="24" />
    </settings>
    <properties>
      <property name="_PID" value="1967762" />
      <property name="_APPDOMAIN" value="domain-" />
    </properties>
    <test-suite type="SetUpFixture" id="1-1003" name="[default namespace]" fullname="TestsSetup" classname="TestsSetup" runstate="Runnable" testcasecount="1021" result="Passed" start-time="2024-06-22T14:40:38.8959780Z" end-time="2024-06-22T14:40:39.0397100Z" duration="0.143732" total="10" passed="10" failed="0" warnings="0" inconclusive="0" skipped="0" asserts="20">
      <test-suite type="TestSuite" id="1-2071" name="PlayersWorlds" fullname="PlayersWorlds" runstate="Runnable" testcasecount="1019" result="Passed" start-time="2024-06-22T14:40:38.8986720Z" end-time="2024-06-22T14:40:39.0395240Z" duration="0.140852" total="10" passed="10" failed="0" warnings="0" inconclusive="0" skipped="0" asserts="20">
        <test-suite type="TestSuite" id="1-2072" name="Maps" fullname="PlayersWorlds.Maps" runstate="Runnable" testcasecount="1019" result="Passed" start-time="2024-06-22T14:40:38.8987380Z" end-time="2024-06-22T14:40:39.0395200Z" duration="0.140781" total="10" passed="10" failed="0" warnings="0" inconclusive="0" skipped="0" asserts="20">
          <test-suite type="TestSuite" id="1-2078" name="Areas" fullname="PlayersWorlds.Maps.Areas" runstate="Runnable" testcasecount="114" result="Passed" start-time="2024-06-22T14:40:38.8987480Z" end-time="2024-06-22T14:40:39.0395150Z" duration="0.140767" total="10" passed="10" failed="0" warnings="0" inconclusive="0" skipped="0" asserts="20">
            <test-suite type="TestSuite" id="1-2079" name="Evolving" fullname="PlayersWorlds.Maps.Areas.Evolving" runstate="Runnable" testcasecount="105" result="Passed" start-time="2024-06-22T14:40:38.8987530Z" end-time="2024-06-22T14:40:39.0395100Z" duration="0.140757" total="10" passed="10" failed="0" warnings="0" inconclusive="0" skipped="0" asserts="20">
              <test-suite type="TestFixture" id="1-1955" name="AreaDistributorIntegrationTest" fullname="PlayersWorlds.Maps.Areas.Evolving.AreaDistributorIntegrationTest" classname="PlayersWorlds.Maps.Areas.Evolving.AreaDistributorIntegrationTest" runstate="Runnable" testcasecount="80" result="Passed" start-time="2024-06-22T14:40:38.8987640Z" end-time="2024-06-22T14:40:39.0395010Z" duration="0.140737" total="10" passed="10" failed="0" warnings="0" inconclusive="0" skipped="0" asserts="20">
                <properties>
                  <property name="Category" value="Integration" />
                </properties>
                <test-suite type="ParameterizedMethod" id="1-1969" name="AreaDistributorTest_OverlapTwo" fullname="PlayersWorlds.Maps.Areas.Evolving.AreaDistributorIntegrationTest.AreaDistributorTest_OverlapTwo" classname="PlayersWorlds.Maps.Areas.Evolving.AreaDistributorIntegrationTest" runstate="Runnable" testcasecount="10" result="Passed" start-time="2024-06-22T14:40:38.8988880Z" end-time="2024-06-22T14:40:39.0384700Z" duration="0.139582" total="10" passed="10" failed="0" warnings="0" inconclusive="0" skipped="0" asserts="20">
                  <properties>
                    <property name="Category" value="Integration" />
                  </properties>
                  <test-case id="1-1959" name="AreaDistributorTest_OverlapTwo(&quot;11x11: P3.5x3.5;S4x4 P3.5x3.5;S4x4&quot;)" fullname="PlayersWorlds.Maps.Areas.Evolving.AreaDistributorIntegrationTest.AreaDistributorTest_OverlapTwo(&quot;11x11: P3.5x3.5;S4x4 P3.5x3.5;S4x4&quot;)" methodname="AreaDistributorTest_OverlapTwo" classname="PlayersWorlds.Maps.Areas.Evolving.AreaDistributorIntegrationTest" runstate="Runnable" seed="1896714714" result="Passed" start-time="2024-06-22T14:40:38.8989490Z" end-time="2024-06-22T14:40:38.9509690Z" duration="0.052085" asserts="2">
                    <output><![CDATA[P3.5x3.5;S4x4
Area:{4x4;4x4;False;Maze;;[Cell:{Maze;;},Cell:{Maze;;},Cell:{Maze;;},Cell:{Maze;;},Cell:{Maze;;},Cell:{Maze;;},Cell:{Maze;;},Cell:{Maze;;},Cell:{Maze;;},Cell:{Maze;;},Cell:{Maze;;},Cell:{Maze;;},Cell:{Maze;;},Cell:{Maze;;},Cell:{Maze;;},Cell:{Maze;;}];}

P3.5x3.5;S4x4
Area:{4x4;4x4;False;Maze;;[Cell:{Maze;;},Cell:{Maze;;},Cell:{Maze;;},Cell:{Maze;;},Cell:{Maze;;},Cell:{Maze;;},Cell:{Maze;;},Cell:{Maze;;},Cell:{Maze;;},Cell:{Maze;;},Cell:{Maze;;},Cell:{Maze;;},Cell:{Maze;;},Cell:{Maze;;},Cell:{Maze;;},Cell:{Maze;;}];}


]]></output>
                  </test-case>
                  <test-case id="1-1960" name="AreaDistributorTest_OverlapTwo(&quot;16x16: P4x4;S8x8 P5x9;S2x2&quot;)" fullname="PlayersWorlds.Maps.Areas.Evolving.AreaDistributorIntegrationTest.AreaDistributorTest_OverlapTwo(&quot;16x16: P4x4;S8x8 P5x9;S2x2&quot;)" methodname="AreaDistributorTest_OverlapTwo" classname="PlayersWorlds.Maps.Areas.Evolving.AreaDistributorIntegrationTest" runstate="Runnable" seed="1606888132" result="Passed" start-time="2024-06-22T14:40:38.9522320Z" end-time="2024-06-22T14:40:38.9680730Z" duration="0.015841" asserts="2">
                    <output><![CDATA[P4x4;S8x8
Area:{8x8;4x4;False;Maze;;[Cell:{Maze;;},Cell:{Maze;;},Cell:{Maze;;},Cell:{Maze;;},Cell:{Maze;;},Cell:{Maze;;},Cell:{Maze;;},Cell:{Maze;;},Cell:{Maze;;},Cell:{Maze;;},Cell:{Maze;;},Cell:{Maze;;},Cell:{Maze;;},Cell:{Maze;;},Cell:{Maze;;},Cell:{Maze;;},Cell:{Maze;;},Cell:{Maze;;},Cell:{Maze;;},Cell:{Maze;;},Cell:{Maze;;},Cell:{Maze;;},Cell:{Maze;;},Cell:{Maze;;},Cell:{Maze;;},Cell:{Maze;;},Cell:{Maze;;},Cell:{Maze;;},Cell:{Maze;;},Cell:{Maze;;},Cell:{Maze;;},Cell:{Maze;;},Cell:{Maze;;},Cell:{Maze;;},Cell:{Maze;;},Cell:{Maze;;},Cell:{Maze;;},Cell:{Maze;;},Cell:{Maze;;},Cell:{Maze;;},Cell:{Maze;;},Cell:{Maze;;},Cell:{Maze;;},Cell:{Maze;;},Cell:{Maze;;},Cell:{Maze;;},Cell:{Maze;;},Cell:{Maze;;},Cell:{Maze;;},Cell:{Maze;;},Cell:{Maze;;},Cell:{Maze;;},Cell:{Maze;;},Cell:{Maze;;},Cell:{Maze;;},Cell:{Maze;;},Cell:{Maze;;},Cell:{Maze;;},Cell:{Maze;;},Cell:{Maze;;},Cell:{Maze;;},Cell:{Maze;;},Cell:{Maze;;},Cell:{Maze;;}];}

P5x9;S2x2
Area:{2x2;5x9;False;Maze;;[Cell:{Maze;;},Cell:{Maze;;},Cell:{Maze;;},Cell:{Maze;;}];}


]]></output>
                  </test-case>
                  <test-case id="1-1961" name="AreaDistributorTest_OverlapTwo(&quot;16x16: P4x4;S8x8 P5x7;S4x4&quot;)" fullname="PlayersWorlds.Maps.Areas.Evolving.AreaDistributorIntegrationTest.AreaDistributorTest_OverlapTwo(&quot;16x16: P4x4;S8x8 P5x7;S4x4&quot;)" methodname="AreaDistributorTest_OverlapTwo" classname="PlayersWorlds.Maps.Areas.Evolving.AreaDistributorIntegrationTest" runstate="Runnable" seed="1054982104" result="Passed" start-time="2024-06-22T14:40:38.9680810Z" end-time="2024-06-22T14:40:38.9804230Z" duration="0.012342" asserts="2">
                    <output><![CDATA[P4x4;S8x8
Area:{8x8;4x4;False;Maze;;[Cell:{Maze;;},Cell:{Maze;;},Cell:{Maze;;},Cell:{Maze;;},Cell:{Maze;;},Cell:{Maze;;},Cell:{Maze;;},Cell:{Maze;;},Cell:{Maze;;},Cell:{Maze;;},Cell:{Maze;;},Cell:{Maze;;},Cell:{Maze;;},Cell:{Maze;;},Cell:{Maze;;},Cell:{Maze;;},Cell:{Maze;;},Cell:{Maze;;},Cell:{Maze;;},Cell:{Maze;;},Cell:{Maze;;},Cell:{Maze;;},Cell:{Maze;;},Cell:{Maze;;},Cell:{Maze;;},Cell:{Maze;;},Cell:{Maze;;},Cell:{Maze;;},Cell:{Maze;;},Cell:{Maze;;},Cell:{Maze;;},Cell:{Maze;;},Cell:{Maze;;},Cell:{Maze;;},Cell:{Maze;;},Cell:{Maze;;},Cell:{Maze;;},Cell:{Maze;;},Cell:{Maze;;},Cell:{Maze;;},Cell:{Maze;;},Cell:{Maze;;},Cell:{Maze;;},Cell:{Maze;;},Cell:{Maze;;},Cell:{Maze;;},Cell:{Maze;;},Cell:{Maze;;},Cell:{Maze;;},Cell:{Maze;;},Cell:{Maze;;},Cell:{Maze;;},Cell:{Maze;;},Cell:{Maze;;},Cell:{Maze;;},Cell:{Maze;;},Cell:{Maze;;},Cell:{Maze;;},Cell:{Maze;;},Cell:{Maze;;},Cell:{Maze;;},Cell:{Maze;;},Cell:{Maze;;},Cell:{Maze;;}];}

P5x7;S4x4
Area:{4x4;5x7;False;Maze;;[Cell:{Maze;;},Cell:{Maze;;},Cell:{Maze;;},Cell:{Maze;;},Cell:{Maze;;},Cell:{Maze;;},Cell:{Maze;;},Cell:{Maze;;},Cell:{Maze;;},Cell:{Maze;;},Cell:{Maze;;},Cell:{Maze;;},Cell:{Maze;;},Cell:{Maze;;},Cell:{Maze;;},Cell:{Maze;;}];}


]]></output>
                  </test-case>
                  <test-case id="1-1962" name="AreaDistributorTest_OverlapTwo(&quot;16x16: P5x5;S6x6 P6x6;S4x4&quot;)" fullname="PlayersWorlds.Maps.Areas.Evolving.AreaDistributorIntegrationTest.AreaDistributorTest_OverlapTwo(&quot;16x16: P5x5;S6x6 P6x6;S4x4&quot;)" methodname="AreaDistributorTest_OverlapTwo" classname="PlayersWorlds.Maps.Areas.Evolving.AreaDistributorIntegrationTest" runstate="Runnable" seed="107444908" result="Passed" start-time="2024-06-22T14:40:38.9804330Z" end-time="2024-06-22T14:40:38.9953170Z" duration="0.014884" asserts="2">
                    <output><![CDATA[P5x5;S6x6
Area:{6x6;5x5;False;Maze;;[Cell:{Maze;;},Cell:{Maze;;},Cell:{Maze;;},Cell:{Maze;;},Cell:{Maze;;},Cell:{Maze;;},Cell:{Maze;;},Cell:{Maze;;},Cell:{Maze;;},Cell:{Maze;;},Cell:{Maze;;},Cell:{Maze;;},Cell:{Maze;;},Cell:{Maze;;},Cell:{Maze;;},Cell:{Maze;;},Cell:{Maze;;},Cell:{Maze;;},Cell:{Maze;;},Cell:{Maze;;},Cell:{Maze;;},Cell:{Maze;;},Cell:{Maze;;},Cell:{Maze;;},Cell:{Maze;;},Cell:{Maze;;},Cell:{Maze;;},Cell:{Maze;;},Cell:{Maze;;},Cell:{Maze;;},Cell:{Maze;;},Cell:{Maze;;},Cell:{Maze;;},Cell:{Maze;;},Cell:{Maze;;},Cell:{Maze;;}];}

P6x6;S4x4
Area:{4x4;6x6;False;Maze;;[Cell:{Maze;;},Cell:{Maze;;},Cell:{Maze;;},Cell:{Maze;;},Cell:{Maze;;},Cell:{Maze;;},Cell:{Maze;;},Cell:{Maze;;},Cell:{Maze;;},Cell:{Maze;;},Cell:{Maze;;},Cell:{Maze;;},Cell:{Maze;;},Cell:{Maze;;},Cell:{Maze;;},Cell:{Maze;;}];}


]]></output>
                  </test-case>
                  <test-case id="1-1963" name="AreaDistributorTest_OverlapTwo(&quot;11x11: P2x2;S4x4 P5x5;S4x4&quot;)" fullname="PlayersWorlds.Maps.Areas.Evolving.AreaDistributorIntegrationTest.AreaDistributorTest_OverlapTwo(&quot;11x11: P2x2;S4x4 P5x5;S4x4&quot;)" methodname="AreaDistributorTest_OverlapTwo" classname="PlayersWorlds.Maps.Areas.Evolving.AreaDistributorIntegrationTest" runstate="Runnable" seed="638740467" result="Passed" start-time="2024-06-22T14:40:38.9953280Z" end-time="2024-06-22T14:40:39.0020060Z" duration="0.006678" asserts="2">
                    <output><![CDATA[P2x2;S4x4
Area:{4x4;2x2;False;Maze;;[Cell:{Maze;;},Cell:{Maze;;},Cell:{Maze;;},Cell:{Maze;;},Cell:{Maze;;},Cell:{Maze;;},Cell:{Maze;;},Cell:{Maze;;},Cell:{Maze;;},Cell:{Maze;;},Cell:{Maze;;},Cell:{Maze;;},Cell:{Maze;;},Cell:{Maze;;},Cell:{Maze;;},Cell:{Maze;;}];}

P5x5;S4x4
Area:{4x4;5x5;False;Maze;;[Cell:{Maze;;},Cell:{Maze;;},Cell:{Maze;;},Cell:{Maze;;},Cell:{Maze;;},Cell:{Maze;;},Cell:{Maze;;},Cell:{Maze;;},Cell:{Maze;;},Cell:{Maze;;},Cell:{Maze;;},Cell:{Maze;;},Cell:{Maze;;},Cell:{Maze;;},Cell:{Maze;;},Cell:{Maze;;}];}


]]></output>
                  </test-case>
                  <test-case id="1-1964" name="AreaDistributorTest_OverlapTwo(&quot;11x11: P5x2;S4x4 P2x5;S4x4&quot;)" fullname="PlayersWorlds.Maps.Areas.Evolving.AreaDistributorIntegrationTest.AreaDistributorTest_OverlapTwo(&quot;11x11: P5x2;S4x4 P2x5;S4x4&quot;)" methodname="AreaDistributorTest_OverlapTwo" classname="PlayersWorlds.Maps.Areas.Evolving.AreaDistributorIntegrationTest" runstate="Runnable" seed="988492279" result="Passed" start-time="2024-06-22T14:40:39.0020160Z" end-time="2024-06-22T14:40:39.0087690Z" duration="0.006753" asserts="2">
                    <output><![CDATA[P5x2;S4x4
Area:{4x4;5x2;False;Maze;;[Cell:{Maze;;},Cell:{Maze;;},Cell:{Maze;;},Cell:{Maze;;},Cell:{Maze;;},Cell:{Maze;;},Cell:{Maze;;},Cell:{Maze;;},Cell:{Maze;;},Cell:{Maze;;},Cell:{Maze;;},Cell:{Maze;;},Cell:{Maze;;},Cell:{Maze;;},Cell:{Maze;;},Cell:{Maze;;}];}

P2x5;S4x4
Area:{4x4;2x5;False;Maze;;[Cell:{Maze;;},Cell:{Maze;;},Cell:{Maze;;},Cell:{Maze;;},Cell:{Maze;;},Cell:{Maze;;},Cell:{Maze;;},Cell:{Maze;;},Cell:{Maze;;},Cell:{Maze;;},Cell:{Maze;;},Cell:{Maze;;},Cell:{Maze;;},Cell:{Maze;;},Cell:{Maze;;},Cell:{Maze;;}];}


]]></output>
                  </test-case>
                  <test-case id="1-1965" name="AreaDistributorTest_OverlapTwo(&quot;11x11: P2x5;S4x4 P5x2;S4x4&quot;)" fullname="PlayersWorlds.Maps.Areas.Evolving.AreaDistributorIntegrationTest.AreaDistributorTest_OverlapTwo(&quot;11x11: P2x5;S4x4 P5x2;S4x4&quot;)" methodname="AreaDistributorTest_OverlapTwo" classname="PlayersWorlds.Maps.Areas.Evolving.AreaDistributorIntegrationTest" runstate="Runnable" seed="2034813608" result="Passed" start-time="2024-06-22T14:40:39.0087800Z" end-time="2024-06-22T14:40:39.0163350Z" duration="0.007555" asserts="2">
                    <output><![CDATA[P2x5;S4x4
Area:{4x4;2x5;False;Maze;;[Cell:{Maze;;},Cell:{Maze;;},Cell:{Maze;;},Cell:{Maze;;},Cell:{Maze;;},Cell:{Maze;;},Cell:{Maze;;},Cell:{Maze;;},Cell:{Maze;;},Cell:{Maze;;},Cell:{Maze;;},Cell:{Maze;;},Cell:{Maze;;},Cell:{Maze;;},Cell:{Maze;;},Cell:{Maze;;}];}

P5x2;S4x4
Area:{4x4;5x2;False;Maze;;[Cell:{Maze;;},Cell:{Maze;;},Cell:{Maze;;},Cell:{Maze;;},Cell:{Maze;;},Cell:{Maze;;},Cell:{Maze;;},Cell:{Maze;;},Cell:{Maze;;},Cell:{Maze;;},Cell:{Maze;;},Cell:{Maze;;},Cell:{Maze;;},Cell:{Maze;;},Cell:{Maze;;},Cell:{Maze;;}];}


]]></output>
                  </test-case>
                  <test-case id="1-1966" name="AreaDistributorTest_OverlapTwo(&quot;11x11: P5x5;S4x4 P2x2;S4x4&quot;)" fullname="PlayersWorlds.Maps.Areas.Evolving.AreaDistributorIntegrationTest.AreaDistributorTest_OverlapTwo(&quot;11x11: P5x5;S4x4 P2x2;S4x4&quot;)" methodname="AreaDistributorTest_OverlapTwo" classname="PlayersWorlds.Maps.Areas.Evolving.AreaDistributorIntegrationTest" runstate="Runnable" seed="1889491320" result="Passed" start-time="2024-06-22T14:40:39.0163450Z" end-time="2024-06-22T14:40:39.0230520Z" duration="0.006707" asserts="2">
                    <output><![CDATA[P5x5;S4x4
Area:{4x4;5x5;False;Maze;;[Cell:{Maze;;},Cell:{Maze;;},Cell:{Maze;;},Cell:{Maze;;},Cell:{Maze;;},Cell:{Maze;;},Cell:{Maze;;},Cell:{Maze;;},Cell:{Maze;;},Cell:{Maze;;},Cell:{Maze;;},Cell:{Maze;;},Cell:{Maze;;},Cell:{Maze;;},Cell:{Maze;;},Cell:{Maze;;}];}

P2x2;S4x4
Area:{4x4;2x2;False;Maze;;[Cell:{Maze;;},Cell:{Maze;;},Cell:{Maze;;},Cell:{Maze;;},Cell:{Maze;;},Cell:{Maze;;},Cell:{Maze;;},Cell:{Maze;;},Cell:{Maze;;},Cell:{Maze;;},Cell:{Maze;;},Cell:{Maze;;},Cell:{Maze;;},Cell:{Maze;;},Cell:{Maze;;},Cell:{Maze;;}];}


]]></output>
                  </test-case>
                  <test-case id="1-1967" name="AreaDistributorTest_OverlapTwo(&quot;11x11: P4x4;S4x4 P3x3;S4x4&quot;)" fullname="PlayersWorlds.Maps.Areas.Evolving.AreaDistributorIntegrationTest.AreaDistributorTest_OverlapTwo(&quot;11x11: P4x4;S4x4 P3x3;S4x4&quot;)" methodname="AreaDistributorTest_OverlapTwo" classname="PlayersWorlds.Maps.Areas.Evolving.AreaDistributorIntegrationTest" runstate="Runnable" seed="1090824816" result="Passed" start-time="2024-06-22T14:40:39.0230640Z" end-time="2024-06-22T14:40:39.0298260Z" duration="0.006763" asserts="2">
                    <output><![CDATA[P4x4;S4x4
Area:{4x4;4x4;False;Maze;;[Cell:{Maze;;},Cell:{Maze;;},Cell:{Maze;;},Cell:{Maze;;},Cell:{Maze;;},Cell:{Maze;;},Cell:{Maze;;},Cell:{Maze;;},Cell:{Maze;;},Cell:{Maze;;},Cell:{Maze;;},Cell:{Maze;;},Cell:{Maze;;},Cell:{Maze;;},Cell:{Maze;;},Cell:{Maze;;}];}

P3x3;S4x4
Area:{4x4;3x3;False;Maze;;[Cell:{Maze;;},Cell:{Maze;;},Cell:{Maze;;},Cell:{Maze;;},Cell:{Maze;;},Cell:{Maze;;},Cell:{Maze;;},Cell:{Maze;;},Cell:{Maze;;},Cell:{Maze;;},Cell:{Maze;;},Cell:{Maze;;},Cell:{Maze;;},Cell:{Maze;;},Cell:{Maze;;},Cell:{Maze;;}];}


]]></output>
                  </test-case>
                  <test-case id="1-1968" name="AreaDistributorTest_OverlapTwo(&quot;11x11: P4x3;S4x4 P3x4;S4x4&quot;)" fullname="PlayersWorlds.Maps.Areas.Evolving.AreaDistributorIntegrationTest.AreaDistributorTest_OverlapTwo(&quot;11x11: P4x3;S4x4 P3x4;S4x4&quot;)" methodname="AreaDistributorTest_OverlapTwo" classname="PlayersWorlds.Maps.Areas.Evolving.AreaDistributorIntegrationTest" runstate="Runnable" seed="1431009058" result="Passed" start-time="2024-06-22T14:40:39.0298390Z" end-time="2024-06-22T14:40:39.0374120Z" duration="0.007573" asserts="2">
                    <output><![CDATA[P4x3;S4x4
Area:{4x4;4x3;False;Maze;;[Cell:{Maze;;},Cell:{Maze;;},Cell:{Maze;;},Cell:{Maze;;},Cell:{Maze;;},Cell:{Maze;;},Cell:{Maze;;},Cell:{Maze;;},Cell:{Maze;;},Cell:{Maze;;},Cell:{Maze;;},Cell:{Maze;;},Cell:{Maze;;},Cell:{Maze;;},Cell:{Maze;;},Cell:{Maze;;}];}

P3x4;S4x4
Area:{4x4;3x4;False;Maze;;[Cell:{Maze;;},Cell:{Maze;;},Cell:{Maze;;},Cell:{Maze;;},Cell:{Maze;;},Cell:{Maze;;},Cell:{Maze;;},Cell:{Maze;;},Cell:{Maze;;},Cell:{Maze;;},Cell:{Maze;;},Cell:{Maze;;},Cell:{Maze;;},Cell:{Maze;;},Cell:{Maze;;},Cell:{Maze;;}];}


]]></output>
                  </test-case>
                </test-suite>
              </test-suite>
            </test-suite>
          </test-suite>
        </test-suite>
      </test-suite>
    </test-suite>
  </test-suite>
</test-run>