<?xml version="1.0" encoding="utf-8" standalone="no"?>
<test-run id="2" testcasecount="30" result="Passed" total="30" passed="0" failed="0" inconclusive="0" skipped="0" asserts="0" engine-version="3.4.1.0" clr-version="4.0.30319.42000" start-time="2023-08-12 22:14:52Z" end-time="2023-08-12 22:14:53Z" duration="0.154608">
  <command-line><![CDATA[/usr/lib/nunit3/nunit3-console.exe --debug build/Debug/tests/tests.dll]]></command-line>
  <test-suite type="Assembly" id="1-1033" name="/home/data/repos/github.com/aynurin/maze-gen/build/Debug/tests/tests.dll" fullname="/home/data/repos/github.com/aynurin/maze-gen/build/Debug/tests/tests.dll" runstate="Runnable" testcasecount="30" result="Passed" duration="0.080200" total="30" passed="0" failed="0" inconclusive="0" skipped="0" asserts="0">
    <properties>
      <property name="_PID" value="346508" />
      <property name="_APPDOMAIN" value="test-domain-" />
    </properties>
    <test-suite type="Namespace" id="1-1034" name="Nour" fullname="Nour" runstate="Runnable" testcasecount="29" result="Passed" duration="0.059255" total="29" passed="0" failed="0" inconclusive="0" skipped="0" asserts="0">
      <test-suite type="Namespace" id="1-1035" name="Play" fullname="Nour.Play" runstate="Runnable" testcasecount="29" result="Passed" duration="0.059006" total="29" passed="0" failed="0" inconclusive="0" skipped="0" asserts="0">
        <test-suite type="Namespace" id="1-1036" name="Maze" fullname="Nour.Play.Maze" runstate="Runnable" testcasecount="29" result="Passed" duration="0.058768" total="29" passed="0" failed="0" inconclusive="0" skipped="0" asserts="0">
          <test-suite type="TestFixture" id="1-1002" name="PointTest" fullname="Nour.Play.Maze.PointTest" runstate="Runnable" testcasecount="14" result="Passed" duration="0.044294" total="14" passed="0" failed="0" inconclusive="0" skipped="0" asserts="0">
            <test-case id="1-1016" name="Point_CanAddOrSubtract" fullname="Nour.Play.Maze.PointTest.Point_CanAddOrSubtract" runstate="Runnable" result="Passed" duration="0.018268" asserts="6" />
            <test-case id="1-1010" name="Point_EmptyIsEmpty" fullname="Nour.Play.Maze.PointTest.Point_EmptyIsEmpty" runstate="Runnable" result="Passed" duration="0.000154" asserts="1" />
            <test-case id="1-1009" name="Point_EmptyPointIsEmpty" fullname="Nour.Play.Maze.PointTest.Point_EmptyPointIsEmpty" runstate="Runnable" result="Passed" duration="0.000082" asserts="1" />
            <test-case id="1-1005" name="Point_EqualityIsCheckedByValue" fullname="Nour.Play.Maze.PointTest.Point_EqualityIsCheckedByValue" runstate="Runnable" result="Passed" duration="0.001451" asserts="3" />
            <test-case id="1-1006" name="Point_GetHashCodeIsDerivedFromValue" fullname="Nour.Play.Maze.PointTest.Point_GetHashCodeIsDerivedFromValue" runstate="Runnable" result="Passed" duration="0.000638" asserts="2" />
            <test-case id="1-1012" name="Point_GreaterThanChecksAllComponents" fullname="Nour.Play.Maze.PointTest.Point_GreaterThanChecksAllComponents" runstate="Runnable" result="Passed" duration="0.000818" asserts="5" />
            <test-case id="1-1014" name="Point_GreaterThanOrEqualsChecksAllComponents" fullname="Nour.Play.Maze.PointTest.Point_GreaterThanOrEqualsChecksAllComponents" runstate="Runnable" result="Passed" duration="0.000299" asserts="5" />
            <test-case id="1-1003" name="Point_IsInitialized" fullname="Nour.Play.Maze.PointTest.Point_IsInitialized" runstate="Runnable" result="Passed" duration="0.000118" asserts="2" />
            <test-case id="1-1011" name="Point_LessThanChecksAllComponents" fullname="Nour.Play.Maze.PointTest.Point_LessThanChecksAllComponents" runstate="Runnable" result="Passed" duration="0.000284" asserts="5" />
            <test-case id="1-1013" name="Point_LessThanOrEqualsChecksAllComponents" fullname="Nour.Play.Maze.PointTest.Point_LessThanOrEqualsChecksAllComponents" runstate="Runnable" result="Passed" duration="0.000298" asserts="5" />
            <test-case id="1-1015" name="Point_NotEqualToNull" fullname="Nour.Play.Maze.PointTest.Point_NotEqualToNull" runstate="Runnable" result="Passed" duration="0.000175" asserts="3" />
            <test-case id="1-1007" name="Point_ToStringFormat" fullname="Nour.Play.Maze.PointTest.Point_ToStringFormat" runstate="Runnable" result="Passed" duration="0.000436" asserts="2" />
            <test-case id="1-1008" name="Point_ZeroPointIsNotEmpty" fullname="Nour.Play.Maze.PointTest.Point_ZeroPointIsNotEmpty" runstate="Runnable" result="Passed" duration="0.000093" asserts="1" />
            <test-case id="1-1004" name="Size_NotInitialized" fullname="Nour.Play.Maze.PointTest.Size_NotInitialized" runstate="Runnable" result="Passed" duration="0.000154" asserts="2" />
          </test-suite>
          <test-suite type="TestFixture" id="1-1017" name="SizeTest" fullname="Nour.Play.Maze.SizeTest" runstate="Runnable" testcasecount="15" result="Passed" duration="0.012376" total="15" passed="0" failed="0" inconclusive="0" skipped="0" asserts="0">
            <test-case id="1-1031" name="Size_CanAddOrSubtract" fullname="Nour.Play.Maze.SizeTest.Size_CanAddOrSubtract" runstate="Runnable" result="Passed" duration="0.000655" asserts="3" />
            <test-case id="1-1025" name="Size_EmptyIsEmpty" fullname="Nour.Play.Maze.SizeTest.Size_EmptyIsEmpty" runstate="Runnable" result="Passed" duration="0.000081" asserts="1" />
            <test-case id="1-1024" name="Size_EmptySizeIsEmpty" fullname="Nour.Play.Maze.SizeTest.Size_EmptySizeIsEmpty" runstate="Runnable" result="Passed" duration="0.000094" asserts="1" />
            <test-case id="1-1020" name="Size_EqualityIsCheckedByValue" fullname="Nour.Play.Maze.SizeTest.Size_EqualityIsCheckedByValue" runstate="Runnable" result="Passed" duration="0.000161" asserts="3" />
            <test-case id="1-1021" name="Size_GetHashCodeIsDerivedFromValue" fullname="Nour.Play.Maze.SizeTest.Size_GetHashCodeIsDerivedFromValue" runstate="Runnable" result="Passed" duration="0.000228" asserts="2" />
            <test-case id="1-1027" name="Size_GreaterThanChecksAllComponents" fullname="Nour.Play.Maze.SizeTest.Size_GreaterThanChecksAllComponents" runstate="Runnable" result="Passed" duration="0.000318" asserts="5" />
            <test-case id="1-1029" name="Size_GreaterThanOrEqualsChecksAllComponents" fullname="Nour.Play.Maze.SizeTest.Size_GreaterThanOrEqualsChecksAllComponents" runstate="Runnable" result="Passed" duration="0.000288" asserts="5" />
            <test-case id="1-1018" name="Size_IsInitialized" fullname="Nour.Play.Maze.SizeTest.Size_IsInitialized" runstate="Runnable" result="Passed" duration="0.000131" asserts="3" />
            <test-case id="1-1026" name="Size_LessThanChecksAllComponents" fullname="Nour.Play.Maze.SizeTest.Size_LessThanChecksAllComponents" runstate="Runnable" result="Passed" duration="0.000352" asserts="5" />
            <test-case id="1-1028" name="Size_LessThanOrEqualsChecksAllComponents" fullname="Nour.Play.Maze.SizeTest.Size_LessThanOrEqualsChecksAllComponents" runstate="Runnable" result="Passed" duration="0.000295" asserts="5" />
            <test-case id="1-1030" name="Size_NotEqualToNull" fullname="Nour.Play.Maze.SizeTest.Size_NotEqualToNull" runstate="Runnable" result="Passed" duration="0.000114" asserts="3" />
            <test-case id="1-1019" name="Size_NotInitialized" fullname="Nour.Play.Maze.SizeTest.Size_NotInitialized" runstate="Runnable" result="Passed" duration="0.000189" asserts="3" />
            <test-case id="1-1032" name="Size_Rotate2d" fullname="Nour.Play.Maze.SizeTest.Size_Rotate2d" runstate="Runnable" result="Passed" duration="0.000115" asserts="1" />
            <test-case id="1-1022" name="Size_ToStringFormat" fullname="Nour.Play.Maze.SizeTest.Size_ToStringFormat" runstate="Runnable" result="Passed" duration="0.000177" asserts="2" />
            <test-case id="1-1023" name="Size_ZeroSizeIsNotEmpty" fullname="Nour.Play.Maze.SizeTest.Size_ZeroSizeIsNotEmpty" runstate="Runnable" result="Passed" duration="0.000092" asserts="1" />
          </test-suite>
        </test-suite>
      </test-suite>
    </test-suite>
    <test-suite type="TestFixture" id="1-1000" name="RandomZoneGeneratorTest" fullname="RandomZoneGeneratorTest" runstate="Runnable" testcasecount="1" result="Passed" duration="0.010254" total="1" passed="0" failed="0" inconclusive="0" skipped="0" asserts="0">
      <test-case id="1-1001" name="ZoneGenerator_CanGenerateZones" fullname="RandomZoneGeneratorTest.ZoneGenerator_CanGenerateZones" runstate="Runnable" result="Passed" duration="0.009976" asserts="6006" />
    </test-suite>
  </test-suite>
</test-run>