<?xml version="1.0" encoding="utf-8" standalone="no"?>
<test-run id="0" runstate="Runnable" testcasecount="1038" result="Passed" total="22" passed="22" failed="0" warnings="0" inconclusive="0" skipped="0" asserts="48" engine-version="3.17.0.0" clr-version="4.0.30319.42000" start-time="2024-07-02 13:25:17Z" end-time="2024-07-02 13:25:18Z" duration="0.683274">
  <command-line><![CDATA[/home/data/repos/github.com/aynurin/maze-gen/packages/NUnit.ConsoleRunner.3.17.0/tools/nunit3-console.exe build/Debug/tests/PlayersWorlds.Maps.Tests.dll --framework=mono-4.0 --where=class=PlayersWorlds.Maps.AreaTest]]></command-line>
  <filter>
    <class>PlayersWorlds.Maps.AreaTest</class>
  </filter>
  <test-suite type="Assembly" id="1-2086" name="PlayersWorlds.Maps.Tests.dll" fullname="/home/data/repos/github.com/aynurin/maze-gen/build/Debug/tests/PlayersWorlds.Maps.Tests.dll" runstate="Runnable" testcasecount="1038" result="Passed" start-time="2024-07-02T13:25:18.3086920Z" end-time="2024-07-02T13:25:18.4739490Z" duration="0.165201" total="22" passed="22" failed="0" warnings="0" inconclusive="0" skipped="0" asserts="48">
    <environment framework-version="4.0.1.0" clr-version="4.0.30319.42000" os-version="Unix 6.1.84.1" platform="Unix" cwd="/home/data/repos/github.com/aynurin/maze-gen" machine-name="lightview" user="shav" user-domain="lightview" culture="en-US" uiculture="en-US" os-architecture="x64" />
    <settings>
      <setting name="RequestedRuntimeFramework" value="mono-4.0" />
      <setting name="DisposeRunners" value="True" />
      <setting name="WorkDirectory" value="/home/data/repos/github.com/aynurin/maze-gen" />
      <setting name="ImageRuntimeVersion" value="4.0.30319" />
      <setting name="ImageTargetFrameworkName" value=".NETFramework,Version=v4.7" />
      <setting name="ImageRequiresX86" value="False" />
      <setting name="ImageRequiresDefaultAppDomainAssemblyResolver" value="False" />
      <setting name="TargetRuntimeFramework" value="mono-4.0" />
      <setting name="NumberOfTestWorkers" value="24" />
    </settings>
    <properties>
      <property name="_PID" value="674808" />
      <property name="_APPDOMAIN" value="domain-" />
    </properties>
    <test-suite type="SetUpFixture" id="1-1003" name="[default namespace]" fullname="TestsSetup" classname="TestsSetup" runstate="Runnable" testcasecount="1038" result="Passed" start-time="2024-07-02T13:25:18.3139030Z" end-time="2024-07-02T13:25:18.4739380Z" duration="0.160035" total="22" passed="22" failed="0" warnings="0" inconclusive="0" skipped="0" asserts="48">
      <test-suite type="TestSuite" id="1-2087" name="PlayersWorlds" fullname="PlayersWorlds" runstate="Runnable" testcasecount="1036" result="Passed" start-time="2024-07-02T13:25:18.3169680Z" end-time="2024-07-02T13:25:18.4735930Z" duration="0.156625" total="22" passed="22" failed="0" warnings="0" inconclusive="0" skipped="0" asserts="48">
        <test-suite type="TestSuite" id="1-2088" name="Maps" fullname="PlayersWorlds.Maps" runstate="Runnable" testcasecount="1036" result="Passed" start-time="2024-07-02T13:25:18.3170270Z" end-time="2024-07-02T13:25:18.4735860Z" duration="0.156559" total="22" passed="22" failed="0" warnings="0" inconclusive="0" skipped="0" asserts="48">
          <test-suite type="TestFixture" id="1-1004" name="AreaTest" fullname="PlayersWorlds.Maps.AreaTest" classname="PlayersWorlds.Maps.AreaTest" runstate="Runnable" testcasecount="22" result="Passed" start-time="2024-07-02T13:25:18.3170420Z" end-time="2024-07-02T13:25:18.4731860Z" duration="0.156144" total="22" passed="22" failed="0" warnings="0" inconclusive="0" skipped="0" asserts="48">
            <test-case id="1-1024" name="BakeFillAreas" fullname="PlayersWorlds.Maps.AreaTest.BakeFillAreas" methodname="BakeFillAreas" classname="PlayersWorlds.Maps.AreaTest" runstate="Runnable" seed="1127303986" result="Passed" start-time="2024-07-02T13:25:18.3171870Z" end-time="2024-07-02T13:25:18.3484650Z" duration="0.031345" asserts="5" />
            <test-case id="1-1021" name="CanAddChildArea" fullname="PlayersWorlds.Maps.AreaTest.CanAddChildArea" methodname="CanAddChildArea" classname="PlayersWorlds.Maps.AreaTest" runstate="Runnable" seed="762494242" result="Passed" start-time="2024-07-02T13:25:18.3498340Z" end-time="2024-07-02T13:25:18.3505590Z" duration="0.000725" asserts="2" />
            <test-case id="1-1016" name="ClearChildAreas" fullname="PlayersWorlds.Maps.AreaTest.ClearChildAreas" methodname="ClearChildAreas" classname="PlayersWorlds.Maps.AreaTest" runstate="Runnable" seed="1022434962" result="Passed" start-time="2024-07-02T13:25:18.3505670Z" end-time="2024-07-02T13:25:18.3513940Z" duration="0.000827" asserts="2" />
            <test-case id="1-1013" name="CopyConstructorChecksGridPosition" fullname="PlayersWorlds.Maps.AreaTest.CopyConstructorChecksGridPosition" methodname="CopyConstructorChecksGridPosition" classname="PlayersWorlds.Maps.AreaTest" runstate="Runnable" seed="171369133" result="Passed" start-time="2024-07-02T13:25:18.3514020Z" end-time="2024-07-02T13:25:18.3538370Z" duration="0.002435" asserts="1" />
            <test-case id="1-1011" name="CopyConstructorWithNulls" fullname="PlayersWorlds.Maps.AreaTest.CopyConstructorWithNulls" methodname="CopyConstructorWithNulls" classname="PlayersWorlds.Maps.AreaTest" runstate="Runnable" seed="1171760989" result="Passed" start-time="2024-07-02T13:25:18.3538460Z" end-time="2024-07-02T13:25:18.3539970Z" duration="0.000151" asserts="1" />
            <test-case id="1-1012" name="CopyConstructorWithWrongNumberOfCells" fullname="PlayersWorlds.Maps.AreaTest.CopyConstructorWithWrongNumberOfCells" methodname="CopyConstructorWithWrongNumberOfCells" classname="PlayersWorlds.Maps.AreaTest" runstate="Runnable" seed="677211512" result="Passed" start-time="2024-07-02T13:25:18.3540040Z" end-time="2024-07-02T13:25:18.3541900Z" duration="0.000186" asserts="1" />
            <test-case id="1-1023" name="EnumeratorEnumeratesCells" fullname="PlayersWorlds.Maps.AreaTest.EnumeratorEnumeratesCells" methodname="EnumeratorEnumeratesCells" classname="PlayersWorlds.Maps.AreaTest" runstate="Runnable" seed="538683685" result="Passed" start-time="2024-07-02T13:25:18.3541970Z" end-time="2024-07-02T13:25:18.3565500Z" duration="0.002353" asserts="1" />
            <test-case id="1-1010" name="FixedPositionArea" fullname="PlayersWorlds.Maps.AreaTest.FixedPositionArea" methodname="FixedPositionArea" classname="PlayersWorlds.Maps.AreaTest" runstate="Runnable" seed="35830627" result="Passed" start-time="2024-07-02T13:25:18.3565590Z" end-time="2024-07-02T13:25:18.3570300Z" duration="0.000472" asserts="3" />
            <test-case id="1-1009" name="FloatingArea" fullname="PlayersWorlds.Maps.AreaTest.FloatingArea" methodname="FloatingArea" classname="PlayersWorlds.Maps.AreaTest" runstate="Runnable" seed="1157226370" result="Passed" start-time="2024-07-02T13:25:18.3570380Z" end-time="2024-07-02T13:25:18.3608290Z" duration="0.003791" asserts="5" />
            <test-case id="1-1022" name="IsHollow" fullname="PlayersWorlds.Maps.AreaTest.IsHollow" methodname="IsHollow" classname="PlayersWorlds.Maps.AreaTest" runstate="Runnable" seed="1365947883" result="Passed" start-time="2024-07-02T13:25:18.3608370Z" end-time="2024-07-02T13:25:18.3611960Z" duration="0.000358" asserts="4" />
            <test-case id="1-1005" name="IsInitialized" fullname="PlayersWorlds.Maps.AreaTest.IsInitialized" methodname="IsInitialized" classname="PlayersWorlds.Maps.AreaTest" runstate="Runnable" seed="504319255" result="Passed" start-time="2024-07-02T13:25:18.3612040Z" end-time="2024-07-02T13:25:18.3620680Z" duration="0.000863" asserts="5" />
            <test-case id="1-1025" name="RenderCallsFactory" fullname="PlayersWorlds.Maps.AreaTest.RenderCallsFactory" methodname="RenderCallsFactory" classname="PlayersWorlds.Maps.AreaTest" runstate="Runnable" seed="1818427398" result="Passed" start-time="2024-07-02T13:25:18.3620760Z" end-time="2024-07-02T13:25:18.4664320Z" duration="0.104357" asserts="1" />
            <test-case id="1-1015" name="RepositionThrowsWhenPositionIsFixed" fullname="PlayersWorlds.Maps.AreaTest.RepositionThrowsWhenPositionIsFixed" methodname="RepositionThrowsWhenPositionIsFixed" classname="PlayersWorlds.Maps.AreaTest" runstate="Runnable" seed="1351676211" result="Passed" start-time="2024-07-02T13:25:18.4664550Z" end-time="2024-07-02T13:25:18.4667270Z" duration="0.000271" asserts="1" />
            <test-case id="1-1017" name="ShallowCopyWithAreaType" fullname="PlayersWorlds.Maps.AreaTest.ShallowCopyWithAreaType" methodname="ShallowCopyWithAreaType" classname="PlayersWorlds.Maps.AreaTest" runstate="Runnable" seed="511676387" result="Passed" start-time="2024-07-02T13:25:18.4667350Z" end-time="2024-07-02T13:25:18.4676840Z" duration="0.000949" asserts="2" />
            <test-case id="1-1018" name="ShallowCopyWithCells" fullname="PlayersWorlds.Maps.AreaTest.ShallowCopyWithCells" methodname="ShallowCopyWithCells" classname="PlayersWorlds.Maps.AreaTest" runstate="Runnable" seed="1875883450" result="Passed" start-time="2024-07-02T13:25:18.4676930Z" end-time="2024-07-02T13:25:18.4679270Z" duration="0.000234" asserts="2" />
            <test-case id="1-1020" name="ShallowCopyWithChildAreas" fullname="PlayersWorlds.Maps.AreaTest.ShallowCopyWithChildAreas" methodname="ShallowCopyWithChildAreas" classname="PlayersWorlds.Maps.AreaTest" runstate="Runnable" seed="1458039529" result="Passed" start-time="2024-07-02T13:25:18.4679350Z" end-time="2024-07-02T13:25:18.4685730Z" duration="0.000638" asserts="3" />
            <test-case id="1-1019" name="ShallowCopyWithTags" fullname="PlayersWorlds.Maps.AreaTest.ShallowCopyWithTags" methodname="ShallowCopyWithTags" classname="PlayersWorlds.Maps.AreaTest" runstate="Runnable" seed="57964415" result="Passed" start-time="2024-07-02T13:25:18.4685810Z" end-time="2024-07-02T13:25:18.4694870Z" duration="0.000906" asserts="2" />
            <test-case id="1-1014" name="TagsNotNull" fullname="PlayersWorlds.Maps.AreaTest.TagsNotNull" methodname="TagsNotNull" classname="PlayersWorlds.Maps.AreaTest" runstate="Runnable" seed="1034157477" result="Passed" start-time="2024-07-02T13:25:18.4694960Z" end-time="2024-07-02T13:25:18.4698700Z" duration="0.000374" asserts="1" />
            <test-case id="1-1008" name="ThrowsIfPositionIsEmpty" fullname="PlayersWorlds.Maps.AreaTest.ThrowsIfPositionIsEmpty" methodname="ThrowsIfPositionIsEmpty" classname="PlayersWorlds.Maps.AreaTest" runstate="Runnable" seed="285295996" result="Passed" start-time="2024-07-02T13:25:18.4698780Z" end-time="2024-07-02T13:25:18.4700440Z" duration="0.000166" asserts="1" />
            <test-case id="1-1007" name="ThrowsIfPositionIsFixedAndEmpty" fullname="PlayersWorlds.Maps.AreaTest.ThrowsIfPositionIsFixedAndEmpty" methodname="ThrowsIfPositionIsFixedAndEmpty" classname="PlayersWorlds.Maps.AreaTest" runstate="Runnable" seed="259570987" result="Passed" start-time="2024-07-02T13:25:18.4700510Z" end-time="2024-07-02T13:25:18.4701890Z" duration="0.000138" asserts="1" />
            <test-case id="1-1026" name="ToString" fullname="PlayersWorlds.Maps.AreaTest.ToString" methodname="ToString" classname="PlayersWorlds.Maps.AreaTest" runstate="Runnable" seed="1890806665" result="Passed" start-time="2024-07-02T13:25:18.4701960Z" end-time="2024-07-02T13:25:18.4717910Z" duration="0.001595" asserts="1" />
            <test-case id="1-1006" name="WrongSize" fullname="PlayersWorlds.Maps.AreaTest.WrongSize" methodname="WrongSize" classname="PlayersWorlds.Maps.AreaTest" runstate="Runnable" seed="863371383" result="Passed" start-time="2024-07-02T13:25:18.4718030Z" end-time="2024-07-02T13:25:18.4721940Z" duration="0.000391" asserts="3" />
          </test-suite>
        </test-suite>
      </test-suite>
    </test-suite>
  </test-suite>
</test-run>