<?xml version="1.0" encoding="utf-8" standalone="no"?>
<test-run id="0" runstate="Runnable" testcasecount="1015" result="Failed" total="1015" passed="767" failed="2" warnings="0" inconclusive="0" skipped="246" asserts="19123" engine-version="3.17.0.0" clr-version="4.0.30319.42000" start-time="2024-05-23 04:58:38Z" end-time="2024-05-23 05:00:59Z" duration="141.407411">
  <command-line><![CDATA[/home/data/repos/github.com/aynurin/maze-gen/packages/NUnit.ConsoleRunner.3.17.0/tools/nunit3-console.exe build/Debug/tests/PlayersWorlds.Maps.Tests.dll --framework=mono-4.0]]></command-line>
  <test-suite type="Assembly" id="1-2062" name="PlayersWorlds.Maps.Tests.dll" fullname="/home/data/repos/github.com/aynurin/maze-gen/build/Debug/tests/PlayersWorlds.Maps.Tests.dll" runstate="Runnable" testcasecount="1015" result="Failed" site="Child" start-time="2024-05-23T04:58:38.7531830Z" end-time="2024-05-23T05:00:59.6877890Z" duration="140.934503" total="1015" passed="767" failed="2" warnings="0" inconclusive="0" skipped="246" asserts="19123">
    <environment framework-version="4.0.1.0" clr-version="4.0.30319.42000" os-version="Unix 6.1.84.1" platform="Unix" cwd="/home/data/repos/github.com/aynurin/maze-gen" machine-name="lightview" user="shav" user-domain="lightview" culture="en-US" uiculture="en-US" os-architecture="x64" />
    <settings>
      <setting name="RequestedRuntimeFramework" value="mono-4.0" />
      <setting name="DisposeRunners" value="True" />
      <setting name="WorkDirectory" value="/home/data/repos/github.com/aynurin/maze-gen" />
      <setting name="ImageRuntimeVersion" value="4.0.30319" />
      <setting name="ImageTargetFrameworkName" value=".NETFramework,Version=v4.7" />
      <setting name="ImageRequiresX86" value="False" />
      <setting name="ImageRequiresDefaultAppDomainAssemblyResolver" value="False" />
      <setting name="TargetRuntimeFramework" value="mono-4.0" />
      <setting name="NumberOfTestWorkers" value="24" />
    </settings>
    <properties>
      <property name="_PID" value="178617" />
      <property name="_APPDOMAIN" value="domain-" />
    </properties>
    <failure>
      <message><![CDATA[One or more child tests had errors]]></message>
    </failure>
    <test-suite type="SetUpFixture" id="1-1003" name="[default namespace]" fullname="TestsSetup" classname="TestsSetup" runstate="Runnable" testcasecount="1015" result="Failed" site="Child" start-time="2024-05-23T04:58:38.7583420Z" end-time="2024-05-23T05:00:59.6877790Z" duration="140.929437" total="1015" passed="767" failed="2" warnings="0" inconclusive="0" skipped="246" asserts="19123">
      <failure>
        <message><![CDATA[One or more child tests had errors]]></message>
      </failure>
      <test-suite type="TestSuite" id="1-2063" name="PlayersWorlds" fullname="PlayersWorlds" runstate="Runnable" testcasecount="1013" result="Failed" site="Child" start-time="2024-05-23T04:58:38.7612470Z" end-time="2024-05-23T05:00:59.6531460Z" duration="140.891899" total="1013" passed="765" failed="2" warnings="0" inconclusive="0" skipped="246" asserts="16081">
        <failure>
          <message><![CDATA[One or more child tests had errors]]></message>
        </failure>
        <test-suite type="TestSuite" id="1-2064" name="Maps" fullname="PlayersWorlds.Maps" runstate="Runnable" testcasecount="1013" result="Failed" site="Child" start-time="2024-05-23T04:58:38.7613330Z" end-time="2024-05-23T05:00:59.6531410Z" duration="140.891808" total="1013" passed="765" failed="2" warnings="0" inconclusive="0" skipped="246" asserts="16081">
          <failure>
            <message><![CDATA[One or more child tests had errors]]></message>
          </failure>
          <test-suite type="TestSuite" id="1-2069" name="Areas" fullname="PlayersWorlds.Maps.Areas" runstate="Runnable" testcasecount="140" result="Failed" site="Child" start-time="2024-05-23T04:58:38.7613440Z" end-time="2024-05-23T05:00:22.7277930Z" duration="103.966449" total="140" passed="139" failed="1" warnings="0" inconclusive="0" skipped="0" asserts="354">
            <failure>
              <message><![CDATA[One or more child tests had errors]]></message>
            </failure>
            <test-suite type="TestSuite" id="1-2070" name="Evolving" fullname="PlayersWorlds.Maps.Areas.Evolving" runstate="Runnable" testcasecount="134" result="Failed" site="Child" start-time="2024-05-23T04:58:38.7613500Z" end-time="2024-05-23T05:00:22.7195070Z" duration="103.958157" total="134" passed="133" failed="1" warnings="0" inconclusive="0" skipped="0" asserts="327">
              <failure>
                <message><![CDATA[One or more child tests had errors]]></message>
              </failure>
              <test-suite type="TestFixture" id="1-1916" name="AreaDistributorLoadTest" fullname="PlayersWorlds.Maps.Areas.Evolving.AreaDistributorLoadTest" classname="PlayersWorlds.Maps.Areas.Evolving.AreaDistributorLoadTest" runstate="Runnable" testcasecount="1" result="Failed" site="Child" start-time="2024-05-23T04:58:38.7613930Z" end-time="2024-05-23T05:00:17.5591360Z" duration="98.797743" total="1" passed="0" failed="1" warnings="0" inconclusive="0" skipped="0" asserts="1">
                <failure>
                  <message><![CDATA[One or more child tests had errors]]></message>
                </failure>
                <test-case id="1-1917" name="AreaDistributor_LoadTest" fullname="PlayersWorlds.Maps.Areas.Evolving.AreaDistributorLoadTest.AreaDistributor_LoadTest" methodname="AreaDistributor_LoadTest" classname="PlayersWorlds.Maps.Areas.Evolving.AreaDistributorLoadTest" runstate="Runnable" seed="704351012" result="Failed" start-time="2024-05-23T04:58:38.7615280Z" end-time="2024-05-23T05:00:17.5558370Z" duration="98.794419" asserts="1">
                  <properties>
                    <property name="Category" value="Load" />
                  </properties>
                  <failure>
                    <message><![CDATA[  Passed: 999, Failed: 1
yield return "49x34: P26x27;S12x4; // Random(865) P26x10;S10x9; // Random(865) P7x22;S15x10; // Random(865) P1x20;S12x4; // Random(865) P36x16;S11x5; // Random(865) P19x2;S9x5; // Random(865) P14x21;S12x1; // Random(865) P23x9;S11x9; // Random(865) P10x3;S14x1; // Random(865) P15x27;S12x2; // Random(865) P2x19;S13x4; // Random(865) P29x25;S5x3; // Random(865) P6x9;S15x6; // Random(865)"
Assert.That(, )
  Expected: True
  But was:  False
]]></message>
                    <stack-trace><![CDATA[  at PlayersWorlds.Maps.Areas.Evolving.AreaDistributorLoadTest.AreaDistributor_LoadTest () [0x00043] in /home/data/repos/github.com/aynurin/maze-gen/tests/areas/evolving/AreaDistributorLoadTest.cs:53 
]]></stack-trace>
                  </failure>
                  <output><![CDATA[PlayersWorlds.Maps.Areas.Evolving.AreaDistributorHelper+DistributeResult(	Log = TestLog
, 	OriginalOutOfBounds = List`1<Area>()
, 	OriginalOverlapping = List`1<Area>(P26x27;S12x4;None;, P26x10;S10x9;None;, P7x22;S15x10;None;, P1x20;S12x4;None;, P19x2;S9x5;None;...(11))
, 	OriginalAreas = List`1<Area>(P26x27;S12x4;None;, P26x10;S10x9;None;, P7x22;S15x10;None;, P1x20;S12x4;None;, P36x16;S11x5;None;...(13))
, 	PlacedOutOfBounds = List`1<Area>()
, 	PlacedOverlapping = List`1<Area>(P5x14;S10x9;None;, P3x15;S14x1;None;)
, 	PlacedAreas = List`1<Area>(P20x10;S12x4;None;, P5x14;S10x9;None;, P3x0;S15x10;None;, P34x4;S12x4;None;, P20x16;S11x5;None;...(13))
, 	MaxEpochs = 100
, 	TestString = yield return "49x34: P26x27;S12x4; // Random(865) P26x10;S10x9; // Random(865) P7x22;S15x10; // Random(865) P1x20;S12x4; // Random(865) P36x16;S11x5; // Random(865) P19x2;S9x5; // Random(865) P14x21;S12x1; // Random(865) P23x9;S11x9; // Random(865) P10x3;S14x1; // Random(865) P15x27;S12x2; // Random(865) P2x19;S13x4; // Random(865) P29x25;S5x3; // Random(865) P6x9;S15x6; // Random(865)"
)
]]></output>
                  <assertions>
                    <assertion result="Failed">
                      <message><![CDATA[  Passed: 999, Failed: 1
yield return "49x34: P26x27;S12x4; // Random(865) P26x10;S10x9; // Random(865) P7x22;S15x10; // Random(865) P1x20;S12x4; // Random(865) P36x16;S11x5; // Random(865) P19x2;S9x5; // Random(865) P14x21;S12x1; // Random(865) P23x9;S11x9; // Random(865) P10x3;S14x1; // Random(865) P15x27;S12x2; // Random(865) P2x19;S13x4; // Random(865) P29x25;S5x3; // Random(865) P6x9;S15x6; // Random(865)"
Assert.That(, )
  Expected: True
  But was:  False
]]></message>
                      <stack-trace><![CDATA[  at PlayersWorlds.Maps.Areas.Evolving.AreaDistributorLoadTest.AreaDistributor_LoadTest () [0x00043] in /home/data/repos/github.com/aynurin/maze-gen/tests/areas/evolving/AreaDistributorLoadTest.cs:53 
]]></stack-trace>
                    </assertion>
                  </assertions>
                </test-case>
              </test-suite>
              <test-suite type="TestFixture" id="1-1918" name="AreaDistributorTest" fullname="PlayersWorlds.Maps.Areas.Evolving.AreaDistributorTest" classname="PlayersWorlds.Maps.Areas.Evolving.AreaDistributorTest" runstate="Runnable" testcasecount="79" result="Passed" start-time="2024-05-23T05:00:17.5616520Z" end-time="2024-05-23T05:00:22.6078450Z" duration="5.046194" total="79" passed="79" failed="0" warnings="0" inconclusive="0" skipped="0" asserts="158">
                <test-suite type="ParameterizedMethod" id="1-2000" name="AreaDistributorTest_CanLayout" fullname="PlayersWorlds.Maps.Areas.Evolving.AreaDistributorTest.AreaDistributorTest_CanLayout" classname="PlayersWorlds.Maps.Areas.Evolving.AreaDistributorTest" runstate="Runnable" testcasecount="55" result="Passed" start-time="2024-05-23T05:00:17.5617990Z" end-time="2024-05-23T05:00:22.4703680Z" duration="4.908569" total="55" passed="55" failed="0" warnings="0" inconclusive="0" skipped="0" asserts="110">
                  <properties>
                    <property name="Category" value="Integration" />
                    <property name="Category" value="Smoke" />
                  </properties>
                  <test-case id="1-1945" name="AreaDistributorTest_CanLayout(&quot;13x8: P9x6;S3x1 P1x4;S2x1&quot;)" fullname="PlayersWorlds.Maps.Areas.Evolving.AreaDistributorTest.AreaDistributorTest_CanLayout(&quot;13x8: P9x6;S3x1 P1x4;S2x1&quot;)" methodname="AreaDistributorTest_CanLayout" classname="PlayersWorlds.Maps.Areas.Evolving.AreaDistributorTest" runstate="Runnable" seed="110341882" result="Passed" start-time="2024-05-23T05:00:17.5619060Z" end-time="2024-05-23T05:00:17.5682510Z" duration="0.006345" asserts="2" />
                  <test-case id="1-1946" name="AreaDistributorTest_CanLayout(&quot;20x20: P14x14;S5x3 P-2x14;S1x4 P7x-3;S2x4 P2x4;S1x3&quot;)" fullname="PlayersWorlds.Maps.Areas.Evolving.AreaDistributorTest.AreaDistributorTest_CanLayout(&quot;20x20: P14x14;S5x3 P-2x14;S1x4 P7x-3;S2x4 P2x4;S1x3&quot;)" methodname="AreaDistributorTest_CanLayout" classname="PlayersWorlds.Maps.Areas.Evolving.AreaDistributorTest" runstate="Runnable" seed="1542576932" result="Passed" start-time="2024-05-23T05:00:17.5682670Z" end-time="2024-05-23T05:00:17.5808260Z" duration="0.012559" asserts="2" />
                  <test-case id="1-1947" name="AreaDistributorTest_CanLayout(&quot;6x14: P0x10;S1x3&quot;)" fullname="PlayersWorlds.Maps.Areas.Evolving.AreaDistributorTest.AreaDistributorTest_CanLayout(&quot;6x14: P0x10;S1x3&quot;)" methodname="AreaDistributorTest_CanLayout" classname="PlayersWorlds.Maps.Areas.Evolving.AreaDistributorTest" runstate="Runnable" seed="2077028020" result="Passed" start-time="2024-05-23T05:00:17.5808380Z" end-time="2024-05-23T05:00:17.5818190Z" duration="0.000981" asserts="2" />
                  <test-case id="1-1948" name="AreaDistributorTest_CanLayout(&quot;23x22: P11x10;S6x2 P-1x14;S5x1 P5x-3;S5x3 P11x22;S2x1&quot;)" fullname="PlayersWorlds.Maps.Areas.Evolving.AreaDistributorTest.AreaDistributorTest_CanLayout(&quot;23x22: P11x10;S6x2 P-1x14;S5x1 P5x-3;S5x3 P11x22;S2x1&quot;)" methodname="AreaDistributorTest_CanLayout" classname="PlayersWorlds.Maps.Areas.Evolving.AreaDistributorTest" runstate="Runnable" seed="769946891" result="Passed" start-time="2024-05-23T05:00:17.5818310Z" end-time="2024-05-23T05:00:17.5953410Z" duration="0.013510" asserts="2" />
                  <test-case id="1-1949" name="AreaDistributorTest_CanLayout(&quot;18x23: P-3x-8;S5x5 P30x8;S3x6 P9x3;S4x4 P12x15;S1x3&quot;)" fullname="PlayersWorlds.Maps.Areas.Evolving.AreaDistributorTest.AreaDistributorTest_CanLayout(&quot;18x23: P-3x-8;S5x5 P30x8;S3x6 P9x3;S4x4 P12x15;S1x3&quot;)" methodname="AreaDistributorTest_CanLayout" classname="PlayersWorlds.Maps.Areas.Evolving.AreaDistributorTest" runstate="Runnable" seed="1131676769" result="Passed" start-time="2024-05-23T05:00:17.5953520Z" end-time="2024-05-23T05:00:17.6091330Z" duration="0.013781" asserts="2" />
                  <test-case id="1-1950" name="AreaDistributorTest_CanLayout(&quot;23x8: P4x7;S4x1 P2x-1;S1x1&quot;)" fullname="PlayersWorlds.Maps.Areas.Evolving.AreaDistributorTest.AreaDistributorTest_CanLayout(&quot;23x8: P4x7;S4x1 P2x-1;S1x1&quot;)" methodname="AreaDistributorTest_CanLayout" classname="PlayersWorlds.Maps.Areas.Evolving.AreaDistributorTest" runstate="Runnable" seed="944386306" result="Passed" start-time="2024-05-23T05:00:17.6091450Z" end-time="2024-05-23T05:00:17.6117110Z" duration="0.002566" asserts="2" />
                  <test-case id="1-1951" name="AreaDistributorTest_CanLayout(&quot;21x13: P8x-3;S6x3 P8x4;S6x3 P7x2;S4x2&quot;)" fullname="PlayersWorlds.Maps.Areas.Evolving.AreaDistributorTest.AreaDistributorTest_CanLayout(&quot;21x13: P8x-3;S6x3 P8x4;S6x3 P7x2;S4x2&quot;)" methodname="AreaDistributorTest_CanLayout" classname="PlayersWorlds.Maps.Areas.Evolving.AreaDistributorTest" runstate="Runnable" seed="266716317" result="Passed" start-time="2024-05-23T05:00:17.6117220Z" end-time="2024-05-23T05:00:17.6197620Z" duration="0.008040" asserts="2" />
                  <test-case id="1-1952" name="AreaDistributorTest_CanLayout(&quot;16x14: P2x13;S3x1 P11x-1;S4x3&quot;)" fullname="PlayersWorlds.Maps.Areas.Evolving.AreaDistributorTest.AreaDistributorTest_CanLayout(&quot;16x14: P2x13;S3x1 P11x-1;S4x3&quot;)" methodname="AreaDistributorTest_CanLayout" classname="PlayersWorlds.Maps.Areas.Evolving.AreaDistributorTest" runstate="Runnable" seed="1443897165" result="Passed" start-time="2024-05-23T05:00:17.6197750Z" end-time="2024-05-23T05:00:17.6221330Z" duration="0.002358" asserts="2" />
                  <test-case id="1-1953" name="AreaDistributorTest_CanLayout(&quot;24x12: P12x7;S2x1 P14x-1;S5x2 P16x11;S1x1&quot;)" fullname="PlayersWorlds.Maps.Areas.Evolving.AreaDistributorTest.AreaDistributorTest_CanLayout(&quot;24x12: P12x7;S2x1 P14x-1;S5x2 P16x11;S1x1&quot;)" methodname="AreaDistributorTest_CanLayout" classname="PlayersWorlds.Maps.Areas.Evolving.AreaDistributorTest" runstate="Runnable" seed="75209035" result="Passed" start-time="2024-05-23T05:00:17.6221430Z" end-time="2024-05-23T05:00:17.6313170Z" duration="0.009174" asserts="2" />
                  <test-case id="1-1954" name="AreaDistributorTest_CanLayout(&quot;9x18: P2x10;S2x2 P2x8;S2x5&quot;)" fullname="PlayersWorlds.Maps.Areas.Evolving.AreaDistributorTest.AreaDistributorTest_CanLayout(&quot;9x18: P2x10;S2x2 P2x8;S2x5&quot;)" methodname="AreaDistributorTest_CanLayout" classname="PlayersWorlds.Maps.Areas.Evolving.AreaDistributorTest" runstate="Runnable" seed="1333539050" result="Passed" start-time="2024-05-23T05:00:17.6313300Z" end-time="2024-05-23T05:00:17.6366000Z" duration="0.005270" asserts="2" />
                  <test-case id="1-1955" name="AreaDistributorTest_CanLayout(&quot;9x18: P2x8;S2x5 P2x10;S2x2&quot;)" fullname="PlayersWorlds.Maps.Areas.Evolving.AreaDistributorTest.AreaDistributorTest_CanLayout(&quot;9x18: P2x8;S2x5 P2x10;S2x2&quot;)" methodname="AreaDistributorTest_CanLayout" classname="PlayersWorlds.Maps.Areas.Evolving.AreaDistributorTest" runstate="Runnable" seed="1307518829" result="Passed" start-time="2024-05-23T05:00:17.6366130Z" end-time="2024-05-23T05:00:17.6389410Z" duration="0.002328" asserts="2" />
                  <test-case id="1-1956" name="AreaDistributorTest_CanLayout(&quot;21x21: P-3x-3;S6x6 P6x10;S4x2 P9x16;S2x2 P3x14;S4x2&quot;)" fullname="PlayersWorlds.Maps.Areas.Evolving.AreaDistributorTest.AreaDistributorTest_CanLayout(&quot;21x21: P-3x-3;S6x6 P6x10;S4x2 P9x16;S2x2 P3x14;S4x2&quot;)" methodname="AreaDistributorTest_CanLayout" classname="PlayersWorlds.Maps.Areas.Evolving.AreaDistributorTest" runstate="Runnable" seed="469875469" result="Passed" start-time="2024-05-23T05:00:17.6389520Z" end-time="2024-05-23T05:00:17.6483030Z" duration="0.009351" asserts="2" />
                  <test-case id="1-1957" name="AreaDistributorTest_CanLayout(&quot;14x24: P-9x5;S2x7 P26x5;S1x7 P3x11;S3x7 P5x19;S3x2 P3x6;S2x5 P2x19;S2x2&quot;)" fullname="PlayersWorlds.Maps.Areas.Evolving.AreaDistributorTest.AreaDistributorTest_CanLayout(&quot;14x24: P-9x5;S2x7 P26x5;S1x7 P3x11;S3x7 P5x19;S3x2 P3x6;S2x5 P2x19;S2x2&quot;)" methodname="AreaDistributorTest_CanLayout" classname="PlayersWorlds.Maps.Areas.Evolving.AreaDistributorTest" runstate="Runnable" seed="1779430227" result="Passed" start-time="2024-05-23T05:00:17.6483140Z" end-time="2024-05-23T05:00:17.6782730Z" duration="0.029959" asserts="2" />
                  <test-case id="1-1958" name="AreaDistributorTest_CanLayout(&quot;33x10: P13x11;S10x1 P13x-1;S10x1 P19x3;S8x1 P4x6;S9x1 P9x3;S9x2 P2x3;S3x2&quot;)" fullname="PlayersWorlds.Maps.Areas.Evolving.AreaDistributorTest.AreaDistributorTest_CanLayout(&quot;33x10: P13x11;S10x1 P13x-1;S10x1 P19x3;S8x1 P4x6;S9x1 P9x3;S9x2 P2x3;S3x2&quot;)" methodname="AreaDistributorTest_CanLayout" classname="PlayersWorlds.Maps.Areas.Evolving.AreaDistributorTest" runstate="Runnable" seed="884730848" result="Passed" start-time="2024-05-23T05:00:17.6782860Z" end-time="2024-05-23T05:00:17.7381750Z" duration="0.059889" asserts="2" />
                  <test-case id="1-1959" name="AreaDistributorTest_CanLayout(&quot;6x49: P-1x5;S1x11 P5x17;S1x11 P2x23;S1x9 P2x14;S1x13 P0x12;S1x9&quot;)" fullname="PlayersWorlds.Maps.Areas.Evolving.AreaDistributorTest.AreaDistributorTest_CanLayout(&quot;6x49: P-1x5;S1x11 P5x17;S1x11 P2x23;S1x9 P2x14;S1x13 P0x12;S1x9&quot;)" methodname="AreaDistributorTest_CanLayout" classname="PlayersWorlds.Maps.Areas.Evolving.AreaDistributorTest" runstate="Runnable" seed="263337293" result="Passed" start-time="2024-05-23T05:00:17.7381900Z" end-time="2024-05-23T05:00:17.7821700Z" duration="0.043980" asserts="2" />
                  <test-case id="1-1960" name="AreaDistributorTest_CanLayout(&quot;35x5: P5x-1;S10x1 P23x4;S8x1 P4x2;S3x1 P12x2;S2x1&quot;)" fullname="PlayersWorlds.Maps.Areas.Evolving.AreaDistributorTest.AreaDistributorTest_CanLayout(&quot;35x5: P5x-1;S10x1 P23x4;S8x1 P4x2;S3x1 P12x2;S2x1&quot;)" methodname="AreaDistributorTest_CanLayout" classname="PlayersWorlds.Maps.Areas.Evolving.AreaDistributorTest" runstate="Runnable" seed="701523313" result="Passed" start-time="2024-05-23T05:00:17.7821870Z" end-time="2024-05-23T05:00:17.8090500Z" duration="0.026863" asserts="2" />
                  <test-case id="1-1961" name="AreaDistributorTest_CanLayout(&quot;42x5: P4x5;S10x1 P30x1;S3x1 P10x1;S3x1 P2x2;S1x1&quot;)" fullname="PlayersWorlds.Maps.Areas.Evolving.AreaDistributorTest.AreaDistributorTest_CanLayout(&quot;42x5: P4x5;S10x1 P30x1;S3x1 P10x1;S3x1 P2x2;S1x1&quot;)" methodname="AreaDistributorTest_CanLayout" classname="PlayersWorlds.Maps.Areas.Evolving.AreaDistributorTest" runstate="Runnable" seed="1577300683" result="Passed" start-time="2024-05-23T05:00:17.8090700Z" end-time="2024-05-23T05:00:17.8324460Z" duration="0.023376" asserts="2" />
                  <test-case id="1-1962" name="AreaDistributorTest_CanLayout(&quot;39x5: P14x5;S10x1 P5x-1;S9x1 P2x2;S1x1 P10x4;S8x1&quot;)" fullname="PlayersWorlds.Maps.Areas.Evolving.AreaDistributorTest.AreaDistributorTest_CanLayout(&quot;39x5: P14x5;S10x1 P5x-1;S9x1 P2x2;S1x1 P10x4;S8x1&quot;)" methodname="AreaDistributorTest_CanLayout" classname="PlayersWorlds.Maps.Areas.Evolving.AreaDistributorTest" runstate="Runnable" seed="1288634001" result="Passed" start-time="2024-05-23T05:00:17.8324600Z" end-time="2024-05-23T05:00:17.8640720Z" duration="0.031611" asserts="2" />
                  <test-case id="1-1963" name="AreaDistributorTest_CanLayout(&quot;6x47: P6x12;S1x12 P3x13;S1x5 P3x18;S1x4 P3x38;S1x6 P2x2;S1x2&quot;)" fullname="PlayersWorlds.Maps.Areas.Evolving.AreaDistributorTest.AreaDistributorTest_CanLayout(&quot;6x47: P6x12;S1x12 P3x13;S1x5 P3x18;S1x4 P3x38;S1x6 P2x2;S1x2&quot;)" methodname="AreaDistributorTest_CanLayout" classname="PlayersWorlds.Maps.Areas.Evolving.AreaDistributorTest" runstate="Runnable" seed="703146431" result="Passed" start-time="2024-05-23T05:00:17.8640860Z" end-time="2024-05-23T05:00:17.9348870Z" duration="0.070801" asserts="2" />
                  <test-case id="1-1964" name="AreaDistributorTest_CanLayout(&quot;6x47: P-1x28;S1x11 P6x11;S1x11 P6x6;S1x11 P-1x6;S1x11 P1x35;S1x5&quot;)" fullname="PlayersWorlds.Maps.Areas.Evolving.AreaDistributorTest.AreaDistributorTest_CanLayout(&quot;6x47: P-1x28;S1x11 P6x11;S1x11 P6x6;S1x11 P-1x6;S1x11 P1x35;S1x5&quot;)" methodname="AreaDistributorTest_CanLayout" classname="PlayersWorlds.Maps.Areas.Evolving.AreaDistributorTest" runstate="Runnable" seed="1517333551" result="Passed" start-time="2024-05-23T05:00:17.9349030Z" end-time="2024-05-23T05:00:17.9792960Z" duration="0.044392" asserts="2" />
                  <test-case id="1-1965" name="AreaDistributorTest_CanLayout(&quot;6x47: P7x10;S1x14 P2x41;S1x3 P3x4;S1x3 P3x10;S1x4 P0x25;S1x9&quot;)" fullname="PlayersWorlds.Maps.Areas.Evolving.AreaDistributorTest.AreaDistributorTest_CanLayout(&quot;6x47: P7x10;S1x14 P2x41;S1x3 P3x4;S1x3 P3x10;S1x4 P0x25;S1x9&quot;)" methodname="AreaDistributorTest_CanLayout" classname="PlayersWorlds.Maps.Areas.Evolving.AreaDistributorTest" runstate="Runnable" seed="1857745456" result="Passed" start-time="2024-05-23T05:00:17.9793120Z" end-time="2024-05-23T05:00:18.0363670Z" duration="0.057055" asserts="2" />
                  <test-case id="1-1966" name="AreaDistributorTest_CanLayout(&quot;5x45: P-1x5;S1x10 P-2x21;S1x12 P7x17;S1x14 P2x40;S1x1 P1x29;S1x4&quot;)" fullname="PlayersWorlds.Maps.Areas.Evolving.AreaDistributorTest.AreaDistributorTest_CanLayout(&quot;5x45: P-1x5;S1x10 P-2x21;S1x12 P7x17;S1x14 P2x40;S1x1 P1x29;S1x4&quot;)" methodname="AreaDistributorTest_CanLayout" classname="PlayersWorlds.Maps.Areas.Evolving.AreaDistributorTest" runstate="Runnable" seed="947114450" result="Passed" start-time="2024-05-23T05:00:18.0363830Z" end-time="2024-05-23T05:00:18.1081480Z" duration="0.071765" asserts="2" />
                  <test-case id="1-1967" name="AreaDistributorTest_CanLayout(&quot;46x5: P4x-1;S10x1 P29x0;S7x1 P29x2;S2x1 P32x2;S10x1 P17x0;S5x1&quot;)" fullname="PlayersWorlds.Maps.Areas.Evolving.AreaDistributorTest.AreaDistributorTest_CanLayout(&quot;46x5: P4x-1;S10x1 P29x0;S7x1 P29x2;S2x1 P32x2;S10x1 P17x0;S5x1&quot;)" methodname="AreaDistributorTest_CanLayout" classname="PlayersWorlds.Maps.Areas.Evolving.AreaDistributorTest" runstate="Runnable" seed="85366385" result="Passed" start-time="2024-05-23T05:00:18.1081650Z" end-time="2024-05-23T05:00:18.1713100Z" duration="0.063145" asserts="2" />
                  <test-case id="1-1968" name="AreaDistributorTest_CanLayout(&quot;6x48: P-2x28;S1x14 P6x6;S1x12 P3x22;S1x2 P1x14;S1x7 P2x23;S1x12&quot;)" fullname="PlayersWorlds.Maps.Areas.Evolving.AreaDistributorTest.AreaDistributorTest_CanLayout(&quot;6x48: P-2x28;S1x14 P6x6;S1x12 P3x22;S1x2 P1x14;S1x7 P2x23;S1x12&quot;)" methodname="AreaDistributorTest_CanLayout" classname="PlayersWorlds.Maps.Areas.Evolving.AreaDistributorTest" runstate="Runnable" seed="1102208461" result="Passed" start-time="2024-05-23T05:00:18.1713280Z" end-time="2024-05-23T05:00:18.2204720Z" duration="0.049144" asserts="2" />
                  <test-case id="1-1969" name="AreaDistributorTest_CanLayout(&quot;47x5: P30x-3;S13x1 P24x-2;S11x1 P17x7;S14x1 P27x2;S2x1 P4x1;S4x1&quot;)" fullname="PlayersWorlds.Maps.Areas.Evolving.AreaDistributorTest.AreaDistributorTest_CanLayout(&quot;47x5: P30x-3;S13x1 P24x-2;S11x1 P17x7;S14x1 P27x2;S2x1 P4x1;S4x1&quot;)" methodname="AreaDistributorTest_CanLayout" classname="PlayersWorlds.Maps.Areas.Evolving.AreaDistributorTest" runstate="Runnable" seed="1467076148" result="Passed" start-time="2024-05-23T05:00:18.2204870Z" end-time="2024-05-23T05:00:18.2646750Z" duration="0.044188" asserts="2" />
                  <test-case id="1-1970" name="AreaDistributorTest_CanLayout(&quot;5x45: P-2x13;S1x10 P-2x7;S1x12 P2x3;S1x2 P0x3;S1x8 P2x10;S1x1&quot;)" fullname="PlayersWorlds.Maps.Areas.Evolving.AreaDistributorTest.AreaDistributorTest_CanLayout(&quot;5x45: P-2x13;S1x10 P-2x7;S1x12 P2x3;S1x2 P0x3;S1x8 P2x10;S1x1&quot;)" methodname="AreaDistributorTest_CanLayout" classname="PlayersWorlds.Maps.Areas.Evolving.AreaDistributorTest" runstate="Runnable" seed="987584506" result="Passed" start-time="2024-05-23T05:00:18.2646980Z" end-time="2024-05-23T05:00:18.3087020Z" duration="0.044004" asserts="2" />
                  <test-case id="1-1971" name="AreaDistributorTest_CanLayout(&quot;5x47: P7x28;S1x13 P6x15;S1x11 P1x2;S1x3 P2x40;S1x2 P2x43;S1x1&quot;)" fullname="PlayersWorlds.Maps.Areas.Evolving.AreaDistributorTest.AreaDistributorTest_CanLayout(&quot;5x47: P7x28;S1x13 P6x15;S1x11 P1x2;S1x3 P2x40;S1x2 P2x43;S1x1&quot;)" methodname="AreaDistributorTest_CanLayout" classname="PlayersWorlds.Maps.Areas.Evolving.AreaDistributorTest" runstate="Runnable" seed="227891341" result="Passed" start-time="2024-05-23T05:00:18.3087520Z" end-time="2024-05-23T05:00:18.3720660Z" duration="0.063314" asserts="2" />
                  <test-case id="1-1972" name="AreaDistributorTest_CanLayout(&quot;5x36: P-2x21;S1x11 P2x12;S1x1 P2x15;S1x2 P2x8;S1x3&quot;)" fullname="PlayersWorlds.Maps.Areas.Evolving.AreaDistributorTest.AreaDistributorTest_CanLayout(&quot;5x36: P-2x21;S1x11 P2x12;S1x1 P2x15;S1x2 P2x8;S1x3&quot;)" methodname="AreaDistributorTest_CanLayout" classname="PlayersWorlds.Maps.Areas.Evolving.AreaDistributorTest" runstate="Runnable" seed="1429959191" result="Passed" start-time="2024-05-23T05:00:18.3720850Z" end-time="2024-05-23T05:00:18.3908500Z" duration="0.018765" asserts="2" />
                  <test-case id="1-1973" name="AreaDistributorTest_CanLayout(&quot;6x39: P-1x20;S1x11 P3x19;S1x2 P2x11;S1x11 P2x20;S1x5 P3x10;S1x5&quot;)" fullname="PlayersWorlds.Maps.Areas.Evolving.AreaDistributorTest.AreaDistributorTest_CanLayout(&quot;6x39: P-1x20;S1x11 P3x19;S1x2 P2x11;S1x11 P2x20;S1x5 P3x10;S1x5&quot;)" methodname="AreaDistributorTest_CanLayout" classname="PlayersWorlds.Maps.Areas.Evolving.AreaDistributorTest" runstate="Runnable" seed="1467099232" result="Passed" start-time="2024-05-23T05:00:18.3908610Z" end-time="2024-05-23T05:00:18.4191040Z" duration="0.028243" asserts="2" />
                  <test-case id="1-1974" name="AreaDistributorTest_CanLayout(&quot;44x6: P23x-2;S13x1 P7x-2;S13x1 P6x2;S8x1 P37x3;S2x1 P29x2;S10x1&quot;)" fullname="PlayersWorlds.Maps.Areas.Evolving.AreaDistributorTest.AreaDistributorTest_CanLayout(&quot;44x6: P23x-2;S13x1 P7x-2;S13x1 P6x2;S8x1 P37x3;S2x1 P29x2;S10x1&quot;)" methodname="AreaDistributorTest_CanLayout" classname="PlayersWorlds.Maps.Areas.Evolving.AreaDistributorTest" runstate="Runnable" seed="2132546395" result="Passed" start-time="2024-05-23T05:00:18.4191170Z" end-time="2024-05-23T05:00:18.4918400Z" duration="0.072723" asserts="2" />
                  <test-case id="1-1975" name="AreaDistributorTest_CanLayout(&quot;6x42: P-1x6;S1x11 P-2x21;S1x13 P3x36;S1x3 P5x7;S1x9 P0x27;S1x10&quot;)" fullname="PlayersWorlds.Maps.Areas.Evolving.AreaDistributorTest.AreaDistributorTest_CanLayout(&quot;6x42: P-1x6;S1x11 P-2x21;S1x13 P3x36;S1x3 P5x7;S1x9 P0x27;S1x10&quot;)" methodname="AreaDistributorTest_CanLayout" classname="PlayersWorlds.Maps.Areas.Evolving.AreaDistributorTest" runstate="Runnable" seed="2093641488" result="Passed" start-time="2024-05-23T05:00:18.4918610Z" end-time="2024-05-23T05:00:18.5624390Z" duration="0.070579" asserts="2" />
                  <test-case id="1-1976" name="AreaDistributorTest_CanLayout(&quot;40x5: P8x6;S12x1 P24x-1;S9x1 P3x0;S8x1 P23x2;S2x1&quot;)" fullname="PlayersWorlds.Maps.Areas.Evolving.AreaDistributorTest.AreaDistributorTest_CanLayout(&quot;40x5: P8x6;S12x1 P24x-1;S9x1 P3x0;S8x1 P23x2;S2x1&quot;)" methodname="AreaDistributorTest_CanLayout" classname="PlayersWorlds.Maps.Areas.Evolving.AreaDistributorTest" runstate="Runnable" seed="155278180" result="Passed" start-time="2024-05-23T05:00:18.5624570Z" end-time="2024-05-23T05:00:18.5856820Z" duration="0.023225" asserts="2" />
                  <test-case id="1-1977" name="AreaDistributorTest_CanLayout(&quot;47x7: P19x7;S14x1 P9x2;S8x1 P7x4;S8x1 P14x2;S4x1 P28x5;S10x1 P35x3;S2x1&quot;)" fullname="PlayersWorlds.Maps.Areas.Evolving.AreaDistributorTest.AreaDistributorTest_CanLayout(&quot;47x7: P19x7;S14x1 P9x2;S8x1 P7x4;S8x1 P14x2;S4x1 P28x5;S10x1 P35x3;S2x1&quot;)" methodname="AreaDistributorTest_CanLayout" classname="PlayersWorlds.Maps.Areas.Evolving.AreaDistributorTest" runstate="Runnable" seed="106347947" result="Passed" start-time="2024-05-23T05:00:18.5856960Z" end-time="2024-05-23T05:00:18.6852940Z" duration="0.099598" asserts="2" />
                  <test-case id="1-1978" name="AreaDistributorTest_CanLayout(&quot;48x6: P32x-1;S11x1 P9x7;S14x1 P5x7;S13x1 P27x2;S15x1 P5x3;S3x1&quot;)" fullname="PlayersWorlds.Maps.Areas.Evolving.AreaDistributorTest.AreaDistributorTest_CanLayout(&quot;48x6: P32x-1;S11x1 P9x7;S14x1 P5x7;S13x1 P27x2;S15x1 P5x3;S3x1&quot;)" methodname="AreaDistributorTest_CanLayout" classname="PlayersWorlds.Maps.Areas.Evolving.AreaDistributorTest" runstate="Runnable" seed="1154681164" result="Passed" start-time="2024-05-23T05:00:18.6855490Z" end-time="2024-05-23T05:00:18.7423400Z" duration="0.056792" asserts="2" />
                  <test-case id="1-1979" name="AreaDistributorTest_CanLayout(&quot;46x6: P20x-2;S13x1 P10x7;S14x1 P22x2;S4x1 P35x3;S6x1 P17x3;S7x1&quot;)" fullname="PlayersWorlds.Maps.Areas.Evolving.AreaDistributorTest.AreaDistributorTest_CanLayout(&quot;46x6: P20x-2;S13x1 P10x7;S14x1 P22x2;S4x1 P35x3;S6x1 P17x3;S7x1&quot;)" methodname="AreaDistributorTest_CanLayout" classname="PlayersWorlds.Maps.Areas.Evolving.AreaDistributorTest" runstate="Runnable" seed="1623148046" result="Passed" start-time="2024-05-23T05:00:18.7423550Z" end-time="2024-05-23T05:00:18.8129100Z" duration="0.070555" asserts="2" />
                  <test-case id="1-1980" name="AreaDistributorTest_CanLayout(&quot;6x39: P-1x10;S1x11 P0x3;S1x7 P0x11;S1x10 P2x20;S1x7 P3x26;S1x6&quot;)" fullname="PlayersWorlds.Maps.Areas.Evolving.AreaDistributorTest.AreaDistributorTest_CanLayout(&quot;6x39: P-1x10;S1x11 P0x3;S1x7 P0x11;S1x10 P2x20;S1x7 P3x26;S1x6&quot;)" methodname="AreaDistributorTest_CanLayout" classname="PlayersWorlds.Maps.Areas.Evolving.AreaDistributorTest" runstate="Runnable" seed="1718120506" result="Passed" start-time="2024-05-23T05:00:18.8129250Z" end-time="2024-05-23T05:00:18.8685140Z" duration="0.055589" asserts="2" />
                  <test-case id="1-1981" name="AreaDistributorTest_CanLayout(&quot;43x42: P3.20x34.43;S6.00x7.00 P10.77x25.44;S9.00x11.00&quot;)" fullname="PlayersWorlds.Maps.Areas.Evolving.AreaDistributorTest.AreaDistributorTest_CanLayout(&quot;43x42: P3.20x34.43;S6.00x7.00 P10.77x25.44;S9.00x11.00&quot;)" methodname="AreaDistributorTest_CanLayout" classname="PlayersWorlds.Maps.Areas.Evolving.AreaDistributorTest" runstate="Runnable" seed="269062214" result="Passed" start-time="2024-05-23T05:00:18.8685290Z" end-time="2024-05-23T05:00:18.8722770Z" duration="0.003749" asserts="2" />
                  <test-case id="1-1982" name="AreaDistributorTest_CanLayout(&quot;43x42: P35x26;S2x11 P34x35;S12x2&quot;)" fullname="PlayersWorlds.Maps.Areas.Evolving.AreaDistributorTest.AreaDistributorTest_CanLayout(&quot;43x42: P35x26;S2x11 P34x35;S12x2&quot;)" methodname="AreaDistributorTest_CanLayout" classname="PlayersWorlds.Maps.Areas.Evolving.AreaDistributorTest" runstate="Runnable" seed="571015206" result="Passed" start-time="2024-05-23T05:00:18.8722920Z" end-time="2024-05-23T05:00:18.8751400Z" duration="0.002848" asserts="2" />
                  <test-case id="1-1983" name="AreaDistributorTest_CanLayout(&quot;43x42: P32x32;S4x4 P34x34;S2x2&quot;)" fullname="PlayersWorlds.Maps.Areas.Evolving.AreaDistributorTest.AreaDistributorTest_CanLayout(&quot;43x42: P32x32;S4x4 P34x34;S2x2&quot;)" methodname="AreaDistributorTest_CanLayout" classname="PlayersWorlds.Maps.Areas.Evolving.AreaDistributorTest" runstate="Runnable" seed="1134925521" result="Passed" start-time="2024-05-23T05:00:18.8751530Z" end-time="2024-05-23T05:00:18.8779000Z" duration="0.002747" asserts="2" />
                  <test-case id="1-1984" name="AreaDistributorTest_CanLayout(&quot;43x42: P32x32;S4x4 P34x34;S4x2&quot;)" fullname="PlayersWorlds.Maps.Areas.Evolving.AreaDistributorTest.AreaDistributorTest_CanLayout(&quot;43x42: P32x32;S4x4 P34x34;S4x2&quot;)" methodname="AreaDistributorTest_CanLayout" classname="PlayersWorlds.Maps.Areas.Evolving.AreaDistributorTest" runstate="Runnable" seed="603885295" result="Passed" start-time="2024-05-23T05:00:18.8779120Z" end-time="2024-05-23T05:00:18.8813630Z" duration="0.003451" asserts="2" />
                  <test-case id="1-1985" name="AreaDistributorTest_CanLayout(&quot;43x42: P32x26;S4x10 P34x34;S4x2&quot;)" fullname="PlayersWorlds.Maps.Areas.Evolving.AreaDistributorTest.AreaDistributorTest_CanLayout(&quot;43x42: P32x26;S4x10 P34x34;S4x2&quot;)" methodname="AreaDistributorTest_CanLayout" classname="PlayersWorlds.Maps.Areas.Evolving.AreaDistributorTest" runstate="Runnable" seed="1387979768" result="Passed" start-time="2024-05-23T05:00:18.8813760Z" end-time="2024-05-23T05:00:18.8840300Z" duration="0.002654" asserts="2" />
                  <test-case id="1-1986" name="AreaDistributorTest_CanLayout(&quot;43x42: P30x26;S2x11 P29x35;S12x2&quot;)" fullname="PlayersWorlds.Maps.Areas.Evolving.AreaDistributorTest.AreaDistributorTest_CanLayout(&quot;43x42: P30x26;S2x11 P29x35;S12x2&quot;)" methodname="AreaDistributorTest_CanLayout" classname="PlayersWorlds.Maps.Areas.Evolving.AreaDistributorTest" runstate="Runnable" seed="2067710492" result="Passed" start-time="2024-05-23T05:00:18.8840420Z" end-time="2024-05-23T05:00:18.8867200Z" duration="0.002678" asserts="2" />
                  <test-case id="1-1987" name="AreaDistributorTest_CanLayout(&quot;49x26: P37.95x4.74;S12.00x2.00 P0.62x11.59;S4.00x1.00 P20.55x10.45;S7.00x7.00 P19.55x3.18;S8.00x6.00 P29.30x-0.27;S12.00x4.00 P17.11x22.28;S15.00x3.00 P9.50x0.67;S9.00x2.00 P32.27x17.54;S3.00x5.00 P0.57x21.40;S7.00x4.00 P35.67x10.30;S13.00x7.00 P6.23x9.47;S10.00x7.00&quot;)" fullname="PlayersWorlds.Maps.Areas.Evolving.AreaDistributorTest.AreaDistributorTest_CanLayout(&quot;49x26: P37.95x4.74;S12.00x2.00 P0.62x11.59;S4.00x1.00 P20.55x10.45;S7.00x7.00 P19.55x3.18;S8.00x6.00 P29.30x-0.27;S12.00x4.00 P17.11x22.28;S15.00x3.00 P9.50x0.67;S9.00x2.00 P32.27x17.54;S3.00x5.00 P0.57x21.40;S7.00x4.00 P35.67x10.30;S13.00x7.00 P6.23x9.47;S10.00x7.00&quot;)" methodname="AreaDistributorTest_CanLayout" classname="PlayersWorlds.Maps.Areas.Evolving.AreaDistributorTest" runstate="Runnable" seed="2066742011" result="Passed" start-time="2024-05-23T05:00:18.8867350Z" end-time="2024-05-23T05:00:19.0840830Z" duration="0.197348" asserts="2" />
                  <test-case id="1-1988" name="AreaDistributorTest_CanLayout(&quot;26x29: P10.00x15.00;S7.00x3.00 P20.00x0.00;S5.00x6.00 P17.00x5.00;S7.00x7.00 P5.00x4.00;S6.00x4.00 P21.00x18.00;S4.00x2.00 P20.00x8.00;S3.00x8.00 P10.00x11.00;S4.00x5.00 P0.00x5.00;S1.00x8.00 P21.00x9.00;S3.00x6.00&quot;)" fullname="PlayersWorlds.Maps.Areas.Evolving.AreaDistributorTest.AreaDistributorTest_CanLayout(&quot;26x29: P10.00x15.00;S7.00x3.00 P20.00x0.00;S5.00x6.00 P17.00x5.00;S7.00x7.00 P5.00x4.00;S6.00x4.00 P21.00x18.00;S4.00x2.00 P20.00x8.00;S3.00x8.00 P10.00x11.00;S4.00x5.00 P0.00x5.00;S1.00x8.00 P21.00x9.00;S3.00x6.00&quot;)" methodname="AreaDistributorTest_CanLayout" classname="PlayersWorlds.Maps.Areas.Evolving.AreaDistributorTest" runstate="Runnable" seed="1565425698" result="Passed" start-time="2024-05-23T05:00:19.0841020Z" end-time="2024-05-23T05:00:19.3006980Z" duration="0.216596" asserts="2" />
                  <test-case id="1-1989" name="AreaDistributorTest_CanLayout(&quot;8x45: P2.00x9.00;S1.00x6.00 P2.00x22.00;S1.00x8.00 P5.00x32.00;S1.00x10.00 P6.00x14.00;S1.00x9.00 P4.00x3.00;S1.00x14.00 P2.00x36.00;S1.00x8.00&quot;)" fullname="PlayersWorlds.Maps.Areas.Evolving.AreaDistributorTest.AreaDistributorTest_CanLayout(&quot;8x45: P2.00x9.00;S1.00x6.00 P2.00x22.00;S1.00x8.00 P5.00x32.00;S1.00x10.00 P6.00x14.00;S1.00x9.00 P4.00x3.00;S1.00x14.00 P2.00x36.00;S1.00x8.00&quot;)" methodname="AreaDistributorTest_CanLayout" classname="PlayersWorlds.Maps.Areas.Evolving.AreaDistributorTest" runstate="Runnable" seed="2074176655" result="Passed" start-time="2024-05-23T05:00:19.3007160Z" end-time="2024-05-23T05:00:19.3987370Z" duration="0.098021" asserts="2" />
                  <test-case id="1-1990" name="AreaDistributorTest_CanLayout(&quot;31x47: P2.00x15.00;S9.00x1.00 P3.00x11.00;S5.00x4.00 P2.00x11.00;S5.00x7.00 P13.00x14.00;S5.00x10.00 P8.00x37.00;S2.00x9.00 P27.00x19.00;S3.00x8.00 P20.00x12.00;S7.00x7.00 P4.00x13.00;S4.00x2.00 P20.00x31.00;S6.00x2.00 P9.00x3.00;S9.00x3.00 P6.00x34.00;S6.00x1.00 P23.00x6.00;S5.00x2.00&quot;)" fullname="PlayersWorlds.Maps.Areas.Evolving.AreaDistributorTest.AreaDistributorTest_CanLayout(&quot;31x47: P2.00x15.00;S9.00x1.00 P3.00x11.00;S5.00x4.00 P2.00x11.00;S5.00x7.00 P13.00x14.00;S5.00x10.00 P8.00x37.00;S2.00x9.00 P27.00x19.00;S3.00x8.00 P20.00x12.00;S7.00x7.00 P4.00x13.00;S4.00x2.00 P20.00x31.00;S6.00x2.00 P9.00x3.00;S9.00x3.00 P6.00x34.00;S6.00x1.00 P23.00x6.00;S5.00x2.00&quot;)" methodname="AreaDistributorTest_CanLayout" classname="PlayersWorlds.Maps.Areas.Evolving.AreaDistributorTest" runstate="Runnable" seed="1712064602" result="Passed" start-time="2024-05-23T05:00:19.3987520Z" end-time="2024-05-23T05:00:19.7844210Z" duration="0.385669" asserts="2" />
                  <test-case id="1-1991" name="AreaDistributorTest_CanLayout(&quot;7x47: P4.00x40.00;S1.00x5.00 P0.00x12.00;S1.00x7.00 P1.00x9.00;S1.00x3.00 P5.00x0.00;S1.00x14.00 P2.00x37.00;S1.00x9.00 P0.00x29.00;S1.00x6.00&quot;)" fullname="PlayersWorlds.Maps.Areas.Evolving.AreaDistributorTest.AreaDistributorTest_CanLayout(&quot;7x47: P4.00x40.00;S1.00x5.00 P0.00x12.00;S1.00x7.00 P1.00x9.00;S1.00x3.00 P5.00x0.00;S1.00x14.00 P2.00x37.00;S1.00x9.00 P0.00x29.00;S1.00x6.00&quot;)" methodname="AreaDistributorTest_CanLayout" classname="PlayersWorlds.Maps.Areas.Evolving.AreaDistributorTest" runstate="Runnable" seed="551831918" result="Passed" start-time="2024-05-23T05:00:19.7844420Z" end-time="2024-05-23T05:00:19.8832900Z" duration="0.098848" asserts="2" />
                  <test-case id="1-1992" name="AreaDistributorTest_CanLayout(&quot;48x38: P8x15;S1x3 P45x11;S2x7 P6x8;S1x3 P4x7;S10x11 P4x9;S2x8 P26x13;S1x10 P18x13;S10x7 P35x22;S10x5 P31x10;S5x9 P32x10;S13x6 P22x22;S14x6 P26x1;S3x3 P28x14;S13x10 P24x4;S12x8&quot;)" fullname="PlayersWorlds.Maps.Areas.Evolving.AreaDistributorTest.AreaDistributorTest_CanLayout(&quot;48x38: P8x15;S1x3 P45x11;S2x7 P6x8;S1x3 P4x7;S10x11 P4x9;S2x8 P26x13;S1x10 P18x13;S10x7 P35x22;S10x5 P31x10;S5x9 P32x10;S13x6 P22x22;S14x6 P26x1;S3x3 P28x14;S13x10 P24x4;S12x8&quot;)" methodname="AreaDistributorTest_CanLayout" classname="PlayersWorlds.Maps.Areas.Evolving.AreaDistributorTest" runstate="Runnable" seed="70412179" result="Passed" start-time="2024-05-23T05:00:19.8833130Z" end-time="2024-05-23T05:00:20.4193220Z" duration="0.536009" asserts="2" />
                  <test-case id="1-1993" name="AreaDistributorTest_CanLayout(&quot;31x32: P24.45x15.67;S8.00x7.00 P14.09x8.51;S1.00x6.00 P16.22x5.85;S9.00x9.00 P18.23x27.41;S1.00x4.00 P13.75x0.80;S3.00x3.00 P8.52x18.43;S4.00x7.00 P1.71x14.65;S9.00x6.00 P0.38x4.06;S7.00x7.00 P25.06x24.29;S5.00x7.00 P11.40x19.76;S6.00x9.00&quot;)" fullname="PlayersWorlds.Maps.Areas.Evolving.AreaDistributorTest.AreaDistributorTest_CanLayout(&quot;31x32: P24.45x15.67;S8.00x7.00 P14.09x8.51;S1.00x6.00 P16.22x5.85;S9.00x9.00 P18.23x27.41;S1.00x4.00 P13.75x0.80;S3.00x3.00 P8.52x18.43;S4.00x7.00 P1.71x14.65;S9.00x6.00 P0.38x4.06;S7.00x7.00 P25.06x24.29;S5.00x7.00 P11.40x19.76;S6.00x9.00&quot;)" methodname="AreaDistributorTest_CanLayout" classname="PlayersWorlds.Maps.Areas.Evolving.AreaDistributorTest" runstate="Runnable" seed="1809906217" result="Passed" start-time="2024-05-23T05:00:20.4193400Z" end-time="2024-05-23T05:00:20.6883590Z" duration="0.269020" asserts="2" />
                  <test-case id="1-1994" name="AreaDistributorTest_CanLayout(&quot;45x43: P38.00x15.09;S8.00x10.00 P0.42x0.08;S10.00x4.00 P17.64x33.27;S8.00x2.00 P-0.03x22.54;S1.00x12.00 P17.50x0.62;S12.00x7.00 P23.05x19.66;S14.00x7.00 P21.76x17.00;S1.00x7.00 P11.34x8.71;S8.00x9.00 P9.60x23.72;S12.00x7.00 P0.45x8.22;S8.00x5.00 P0.65x19.15;S12.00x3.00 P19.87x38.89;S7.00x2.00 P33.99x38.13;S10.00x4.00 P34.00x0.58;S11.00x12.00&quot;)" fullname="PlayersWorlds.Maps.Areas.Evolving.AreaDistributorTest.AreaDistributorTest_CanLayout(&quot;45x43: P38.00x15.09;S8.00x10.00 P0.42x0.08;S10.00x4.00 P17.64x33.27;S8.00x2.00 P-0.03x22.54;S1.00x12.00 P17.50x0.62;S12.00x7.00 P23.05x19.66;S14.00x7.00 P21.76x17.00;S1.00x7.00 P11.34x8.71;S8.00x9.00 P9.60x23.72;S12.00x7.00 P0.45x8.22;S8.00x5.00 P0.65x19.15;S12.00x3.00 P19.87x38.89;S7.00x2.00 P33.99x38.13;S10.00x4.00 P34.00x0.58;S11.00x12.00&quot;)" methodname="AreaDistributorTest_CanLayout" classname="PlayersWorlds.Maps.Areas.Evolving.AreaDistributorTest" runstate="Runnable" seed="672583796" result="Passed" start-time="2024-05-23T05:00:20.6883780Z" end-time="2024-05-23T05:00:21.2268090Z" duration="0.538431" asserts="2" />
                  <test-case id="1-1995" name="AreaDistributorTest_CanLayout(&quot;49x10: P4.00x1.00;S13.00x7.00 P8.00x1.00;S10.00x7.00&quot;)" fullname="PlayersWorlds.Maps.Areas.Evolving.AreaDistributorTest.AreaDistributorTest_CanLayout(&quot;49x10: P4.00x1.00;S13.00x7.00 P8.00x1.00;S10.00x7.00&quot;)" methodname="AreaDistributorTest_CanLayout" classname="PlayersWorlds.Maps.Areas.Evolving.AreaDistributorTest" runstate="Runnable" seed="2110627323" result="Passed" start-time="2024-05-23T05:00:21.2268270Z" end-time="2024-05-23T05:00:21.2297950Z" duration="0.002968" asserts="2" />
                  <test-case id="1-1996" name="AreaDistributorTest_CanLayout(&quot;49x16: P2x7;S12x4 P7x-1;S11x3 P19x4;S13x4 P27x11;S15x4 P17x10;S3x4 P14x3;S13x4 P24x9;S6x4 P1x13;S14x2 P9x4;S4x3&quot;)" fullname="PlayersWorlds.Maps.Areas.Evolving.AreaDistributorTest.AreaDistributorTest_CanLayout(&quot;49x16: P2x7;S12x4 P7x-1;S11x3 P19x4;S13x4 P27x11;S15x4 P17x10;S3x4 P14x3;S13x4 P24x9;S6x4 P1x13;S14x2 P9x4;S4x3&quot;)" methodname="AreaDistributorTest_CanLayout" classname="PlayersWorlds.Maps.Areas.Evolving.AreaDistributorTest" runstate="Runnable" seed="238491353" result="Passed" start-time="2024-05-23T05:00:21.2298070Z" end-time="2024-05-23T05:00:21.4528800Z" duration="0.223074" asserts="2" />
                  <test-case id="1-1997" name="AreaDistributorTest_CanLayout(&quot;49x42: P19x1;S11x2 P34x31;S6x8 P15x29;S13x12 P15x11;S5x12 P23x5;S12x6 P3x17;S9x2 P16x6;S15x4 P15x29;S9x11 P39x37;S6x4 P28x22;S12x9 P31x8;S6x3 P27x23;S9x5 P0x27;S13x9 P11x17;S5x11 P4x2;S1x1&quot;)" fullname="PlayersWorlds.Maps.Areas.Evolving.AreaDistributorTest.AreaDistributorTest_CanLayout(&quot;49x42: P19x1;S11x2 P34x31;S6x8 P15x29;S13x12 P15x11;S5x12 P23x5;S12x6 P3x17;S9x2 P16x6;S15x4 P15x29;S9x11 P39x37;S6x4 P28x22;S12x9 P31x8;S6x3 P27x23;S9x5 P0x27;S13x9 P11x17;S5x11 P4x2;S1x1&quot;)" methodname="AreaDistributorTest_CanLayout" classname="PlayersWorlds.Maps.Areas.Evolving.AreaDistributorTest" runstate="Runnable" seed="138269561" result="Passed" start-time="2024-05-23T05:00:21.4528990Z" end-time="2024-05-23T05:00:22.0778800Z" duration="0.624981" asserts="2" />
                  <test-case id="1-1998" name="AreaDistributorTest_CanLayout(&quot;24x46: P11x20;S3x9 P5x15;S6x10 P5x14;S7x13 P10x26;S5x11 P10x18;S1x4 P11x13;S1x5 P10x29;S6x9 P13x8;S2x10 P3x17;S7x13 P5x28;S5x5 P18x8;S5x12&quot;)" fullname="PlayersWorlds.Maps.Areas.Evolving.AreaDistributorTest.AreaDistributorTest_CanLayout(&quot;24x46: P11x20;S3x9 P5x15;S6x10 P5x14;S7x13 P10x26;S5x11 P10x18;S1x4 P11x13;S1x5 P10x29;S6x9 P13x8;S2x10 P3x17;S7x13 P5x28;S5x5 P18x8;S5x12&quot;)" methodname="AreaDistributorTest_CanLayout" classname="PlayersWorlds.Maps.Areas.Evolving.AreaDistributorTest" runstate="Runnable" seed="422337119" result="Passed" start-time="2024-05-23T05:00:22.0779010Z" end-time="2024-05-23T05:00:22.4114800Z" duration="0.333579" asserts="2" />
                  <test-case id="1-1999" name="AreaDistributorTest_CanLayout(&quot;10x10: P7x9;S2x3 P7x2;S3x2 P3x9;S2x2 P0x5;S2x3 P7x1;S2x3 P0x0;S6x5&quot;)" fullname="PlayersWorlds.Maps.Areas.Evolving.AreaDistributorTest.AreaDistributorTest_CanLayout(&quot;10x10: P7x9;S2x3 P7x2;S3x2 P3x9;S2x2 P0x5;S2x3 P7x1;S2x3 P0x0;S6x5&quot;)" methodname="AreaDistributorTest_CanLayout" classname="PlayersWorlds.Maps.Areas.Evolving.AreaDistributorTest" runstate="Runnable" seed="299846373" result="Passed" start-time="2024-05-23T05:00:22.4114990Z" end-time="2024-05-23T05:00:22.4703390Z" duration="0.058840" asserts="2" />
                </test-suite>
                <test-case id="1-2001" name="AreaDistributorTest_CanLayout_Debug" fullname="PlayersWorlds.Maps.Areas.Evolving.AreaDistributorTest.AreaDistributorTest_CanLayout_Debug" methodname="AreaDistributorTest_CanLayout_Debug" classname="PlayersWorlds.Maps.Areas.Evolving.AreaDistributorTest" runstate="Runnable" seed="130003137" result="Passed" start-time="2024-05-23T05:00:22.4703900Z" end-time="2024-05-23T05:00:22.5139910Z" duration="0.043601" asserts="2" />
                <test-case id="1-1919" name="AreaDistributorTest_OneTest" fullname="PlayersWorlds.Maps.Areas.Evolving.AreaDistributorTest.AreaDistributorTest_OneTest" methodname="AreaDistributorTest_OneTest" classname="PlayersWorlds.Maps.Areas.Evolving.AreaDistributorTest" runstate="Runnable" seed="1281208689" result="Passed" start-time="2024-05-23T05:00:22.5140060Z" end-time="2024-05-23T05:00:22.5150430Z" duration="0.001037" asserts="2">
                  <properties>
                    <property name="Category" value="Integration" />
                  </properties>
                </test-case>
                <test-suite type="ParameterizedMethod" id="1-1932" name="AreaDistributorTest_OverlapTwo" fullname="PlayersWorlds.Maps.Areas.Evolving.AreaDistributorTest.AreaDistributorTest_OverlapTwo" classname="PlayersWorlds.Maps.Areas.Evolving.AreaDistributorTest" runstate="Runnable" testcasecount="10" result="Passed" start-time="2024-05-23T05:00:22.5150570Z" end-time="2024-05-23T05:00:22.5436400Z" duration="0.028583" total="10" passed="10" failed="0" warnings="0" inconclusive="0" skipped="0" asserts="20">
                  <properties>
                    <property name="Category" value="Integration" />
                  </properties>
                  <test-case id="1-1922" name="AreaDistributorTest_OverlapTwo(&quot;11x11: P3.5x3.5;S4x4 P3.5x3.5;S4x4&quot;)" fullname="PlayersWorlds.Maps.Areas.Evolving.AreaDistributorTest.AreaDistributorTest_OverlapTwo(&quot;11x11: P3.5x3.5;S4x4 P3.5x3.5;S4x4&quot;)" methodname="AreaDistributorTest_OverlapTwo" classname="PlayersWorlds.Maps.Areas.Evolving.AreaDistributorTest" runstate="Runnable" seed="1762874169" result="Passed" start-time="2024-05-23T05:00:22.5150790Z" end-time="2024-05-23T05:00:22.5183440Z" duration="0.003266" asserts="2" />
                  <test-case id="1-1923" name="AreaDistributorTest_OverlapTwo(&quot;16x16: P4x4;S8x8 P5x9;S2x2&quot;)" fullname="PlayersWorlds.Maps.Areas.Evolving.AreaDistributorTest.AreaDistributorTest_OverlapTwo(&quot;16x16: P4x4;S8x8 P5x9;S2x2&quot;)" methodname="AreaDistributorTest_OverlapTwo" classname="PlayersWorlds.Maps.Areas.Evolving.AreaDistributorTest" runstate="Runnable" seed="1557050873" result="Passed" start-time="2024-05-23T05:00:22.5183560Z" end-time="2024-05-23T05:00:22.5218840Z" duration="0.003528" asserts="2" />
                  <test-case id="1-1924" name="AreaDistributorTest_OverlapTwo(&quot;16x16: P4x4;S8x8 P5x7;S4x4&quot;)" fullname="PlayersWorlds.Maps.Areas.Evolving.AreaDistributorTest.AreaDistributorTest_OverlapTwo(&quot;16x16: P4x4;S8x8 P5x7;S4x4&quot;)" methodname="AreaDistributorTest_OverlapTwo" classname="PlayersWorlds.Maps.Areas.Evolving.AreaDistributorTest" runstate="Runnable" seed="521893649" result="Passed" start-time="2024-05-23T05:00:22.5218940Z" end-time="2024-05-23T05:00:22.5252390Z" duration="0.003345" asserts="2" />
                  <test-case id="1-1925" name="AreaDistributorTest_OverlapTwo(&quot;16x16: P5x5;S6x6 P6x6;S4x4&quot;)" fullname="PlayersWorlds.Maps.Areas.Evolving.AreaDistributorTest.AreaDistributorTest_OverlapTwo(&quot;16x16: P5x5;S6x6 P6x6;S4x4&quot;)" methodname="AreaDistributorTest_OverlapTwo" classname="PlayersWorlds.Maps.Areas.Evolving.AreaDistributorTest" runstate="Runnable" seed="635220472" result="Passed" start-time="2024-05-23T05:00:22.5252490Z" end-time="2024-05-23T05:00:22.5276520Z" duration="0.002403" asserts="2" />
                  <test-case id="1-1926" name="AreaDistributorTest_OverlapTwo(&quot;11x11: P2x2;S4x4 P5x5;S4x4&quot;)" fullname="PlayersWorlds.Maps.Areas.Evolving.AreaDistributorTest.AreaDistributorTest_OverlapTwo(&quot;11x11: P2x2;S4x4 P5x5;S4x4&quot;)" methodname="AreaDistributorTest_OverlapTwo" classname="PlayersWorlds.Maps.Areas.Evolving.AreaDistributorTest" runstate="Runnable" seed="638053187" result="Passed" start-time="2024-05-23T05:00:22.5276620Z" end-time="2024-05-23T05:00:22.5302830Z" duration="0.002621" asserts="2" />
                  <test-case id="1-1927" name="AreaDistributorTest_OverlapTwo(&quot;11x11: P5x2;S4x4 P2x5;S4x4&quot;)" fullname="PlayersWorlds.Maps.Areas.Evolving.AreaDistributorTest.AreaDistributorTest_OverlapTwo(&quot;11x11: P5x2;S4x4 P2x5;S4x4&quot;)" methodname="AreaDistributorTest_OverlapTwo" classname="PlayersWorlds.Maps.Areas.Evolving.AreaDistributorTest" runstate="Runnable" seed="2061362611" result="Passed" start-time="2024-05-23T05:00:22.5302940Z" end-time="2024-05-23T05:00:22.5334820Z" duration="0.003189" asserts="2" />
                  <test-case id="1-1928" name="AreaDistributorTest_OverlapTwo(&quot;11x11: P2x5;S4x4 P5x2;S4x4&quot;)" fullname="PlayersWorlds.Maps.Areas.Evolving.AreaDistributorTest.AreaDistributorTest_OverlapTwo(&quot;11x11: P2x5;S4x4 P5x2;S4x4&quot;)" methodname="AreaDistributorTest_OverlapTwo" classname="PlayersWorlds.Maps.Areas.Evolving.AreaDistributorTest" runstate="Runnable" seed="2081442092" result="Passed" start-time="2024-05-23T05:00:22.5334930Z" end-time="2024-05-23T05:00:22.5358100Z" duration="0.002317" asserts="2" />
                  <test-case id="1-1929" name="AreaDistributorTest_OverlapTwo(&quot;11x11: P5x5;S4x4 P2x2;S4x4&quot;)" fullname="PlayersWorlds.Maps.Areas.Evolving.AreaDistributorTest.AreaDistributorTest_OverlapTwo(&quot;11x11: P5x5;S4x4 P2x2;S4x4&quot;)" methodname="AreaDistributorTest_OverlapTwo" classname="PlayersWorlds.Maps.Areas.Evolving.AreaDistributorTest" runstate="Runnable" seed="1038043990" result="Passed" start-time="2024-05-23T05:00:22.5358190Z" end-time="2024-05-23T05:00:22.5381450Z" duration="0.002325" asserts="2" />
                  <test-case id="1-1930" name="AreaDistributorTest_OverlapTwo(&quot;11x11: P4x4;S4x4 P3x3;S4x4&quot;)" fullname="PlayersWorlds.Maps.Areas.Evolving.AreaDistributorTest.AreaDistributorTest_OverlapTwo(&quot;11x11: P4x4;S4x4 P3x3;S4x4&quot;)" methodname="AreaDistributorTest_OverlapTwo" classname="PlayersWorlds.Maps.Areas.Evolving.AreaDistributorTest" runstate="Runnable" seed="1789906856" result="Passed" start-time="2024-05-23T05:00:22.5381540Z" end-time="2024-05-23T05:00:22.5411470Z" duration="0.002992" asserts="2" />
                  <test-case id="1-1931" name="AreaDistributorTest_OverlapTwo(&quot;11x11: P4x3;S4x4 P3x4;S4x4&quot;)" fullname="PlayersWorlds.Maps.Areas.Evolving.AreaDistributorTest.AreaDistributorTest_OverlapTwo(&quot;11x11: P4x3;S4x4 P3x4;S4x4&quot;)" methodname="AreaDistributorTest_OverlapTwo" classname="PlayersWorlds.Maps.Areas.Evolving.AreaDistributorTest" runstate="Runnable" seed="251212572" result="Passed" start-time="2024-05-23T05:00:22.5411570Z" end-time="2024-05-23T05:00:22.5436290Z" duration="0.002472" asserts="2" />
                </test-suite>
                <test-case id="1-1920" name="AreaDistributorTest_SidePressure" fullname="PlayersWorlds.Maps.Areas.Evolving.AreaDistributorTest.AreaDistributorTest_SidePressure" methodname="AreaDistributorTest_SidePressure" classname="PlayersWorlds.Maps.Areas.Evolving.AreaDistributorTest" runstate="Runnable" seed="466045561" result="Passed" start-time="2024-05-23T05:00:22.5436500Z" end-time="2024-05-23T05:00:22.5932680Z" duration="0.049618" asserts="2">
                  <properties>
                    <property name="Category" value="Integration" />
                  </properties>
                </test-case>
                <test-suite type="ParameterizedMethod" id="1-1944" name="AreaDistributorTest_SingleMapForce" fullname="PlayersWorlds.Maps.Areas.Evolving.AreaDistributorTest.AreaDistributorTest_SingleMapForce" classname="PlayersWorlds.Maps.Areas.Evolving.AreaDistributorTest" runstate="Runnable" testcasecount="10" result="Passed" start-time="2024-05-23T05:00:22.5932970Z" end-time="2024-05-23T05:00:22.6045160Z" duration="0.011219" total="10" passed="10" failed="0" warnings="0" inconclusive="0" skipped="0" asserts="20">
                  <properties>
                    <property name="Category" value="Integration" />
                  </properties>
                  <test-case id="1-1934" name="AreaDistributorTest_SingleMapForce(&quot;6x12: P1x2;S2x2&quot;)" fullname="PlayersWorlds.Maps.Areas.Evolving.AreaDistributorTest.AreaDistributorTest_SingleMapForce(&quot;6x12: P1x2;S2x2&quot;)" methodname="AreaDistributorTest_SingleMapForce" classname="PlayersWorlds.Maps.Areas.Evolving.AreaDistributorTest" runstate="Runnable" seed="1834866384" result="Passed" start-time="2024-05-23T05:00:22.5933330Z" end-time="2024-05-23T05:00:22.5949710Z" duration="0.001638" asserts="2" />
                  <test-case id="1-1935" name="AreaDistributorTest_SingleMapForce(&quot;6x12: P2x2;S2x2&quot;)" fullname="PlayersWorlds.Maps.Areas.Evolving.AreaDistributorTest.AreaDistributorTest_SingleMapForce(&quot;6x12: P2x2;S2x2&quot;)" methodname="AreaDistributorTest_SingleMapForce" classname="PlayersWorlds.Maps.Areas.Evolving.AreaDistributorTest" runstate="Runnable" seed="1737278212" result="Passed" start-time="2024-05-23T05:00:22.5949880Z" end-time="2024-05-23T05:00:22.5961860Z" duration="0.001198" asserts="2" />
                  <test-case id="1-1936" name="AreaDistributorTest_SingleMapForce(&quot;6x12: P3x2;S2x2&quot;)" fullname="PlayersWorlds.Maps.Areas.Evolving.AreaDistributorTest.AreaDistributorTest_SingleMapForce(&quot;6x12: P3x2;S2x2&quot;)" methodname="AreaDistributorTest_SingleMapForce" classname="PlayersWorlds.Maps.Areas.Evolving.AreaDistributorTest" runstate="Runnable" seed="1174829281" result="Passed" start-time="2024-05-23T05:00:22.5962000Z" end-time="2024-05-23T05:00:22.5981070Z" duration="0.001907" asserts="2" />
                  <test-case id="1-1937" name="AreaDistributorTest_SingleMapForce(&quot;6x12: P1x5;S2x2&quot;)" fullname="PlayersWorlds.Maps.Areas.Evolving.AreaDistributorTest.AreaDistributorTest_SingleMapForce(&quot;6x12: P1x5;S2x2&quot;)" methodname="AreaDistributorTest_SingleMapForce" classname="PlayersWorlds.Maps.Areas.Evolving.AreaDistributorTest" runstate="Runnable" seed="128641565" result="Passed" start-time="2024-05-23T05:00:22.5981190Z" end-time="2024-05-23T05:00:22.5988920Z" duration="0.000774" asserts="2" />
                  <test-case id="1-1938" name="AreaDistributorTest_SingleMapForce(&quot;6x12: P2x5;S2x2&quot;)" fullname="PlayersWorlds.Maps.Areas.Evolving.AreaDistributorTest.AreaDistributorTest_SingleMapForce(&quot;6x12: P2x5;S2x2&quot;)" methodname="AreaDistributorTest_SingleMapForce" classname="PlayersWorlds.Maps.Areas.Evolving.AreaDistributorTest" runstate="Runnable" seed="374521247" result="Passed" start-time="2024-05-23T05:00:22.5989010Z" end-time="2024-05-23T05:00:22.5996490Z" duration="0.000748" asserts="2" />
                  <test-case id="1-1939" name="AreaDistributorTest_SingleMapForce(&quot;6x12: P3x5;S2x2&quot;)" fullname="PlayersWorlds.Maps.Areas.Evolving.AreaDistributorTest.AreaDistributorTest_SingleMapForce(&quot;6x12: P3x5;S2x2&quot;)" methodname="AreaDistributorTest_SingleMapForce" classname="PlayersWorlds.Maps.Areas.Evolving.AreaDistributorTest" runstate="Runnable" seed="283281603" result="Passed" start-time="2024-05-23T05:00:22.5996580Z" end-time="2024-05-23T05:00:22.6007510Z" duration="0.001093" asserts="2" />
                  <test-case id="1-1940" name="AreaDistributorTest_SingleMapForce(&quot;6x12: P1x8;S2x2&quot;)" fullname="PlayersWorlds.Maps.Areas.Evolving.AreaDistributorTest.AreaDistributorTest_SingleMapForce(&quot;6x12: P1x8;S2x2&quot;)" methodname="AreaDistributorTest_SingleMapForce" classname="PlayersWorlds.Maps.Areas.Evolving.AreaDistributorTest" runstate="Runnable" seed="855125655" result="Passed" start-time="2024-05-23T05:00:22.6007640Z" end-time="2024-05-23T05:00:22.6019360Z" duration="0.001172" asserts="2" />
                  <test-case id="1-1941" name="AreaDistributorTest_SingleMapForce(&quot;6x12: P2x8;S2x2&quot;)" fullname="PlayersWorlds.Maps.Areas.Evolving.AreaDistributorTest.AreaDistributorTest_SingleMapForce(&quot;6x12: P2x8;S2x2&quot;)" methodname="AreaDistributorTest_SingleMapForce" classname="PlayersWorlds.Maps.Areas.Evolving.AreaDistributorTest" runstate="Runnable" seed="827630835" result="Passed" start-time="2024-05-23T05:00:22.6019460Z" end-time="2024-05-23T05:00:22.6027100Z" duration="0.000764" asserts="2" />
                  <test-case id="1-1942" name="AreaDistributorTest_SingleMapForce(&quot;6x12: P3x8;S2x2&quot;)" fullname="PlayersWorlds.Maps.Areas.Evolving.AreaDistributorTest.AreaDistributorTest_SingleMapForce(&quot;6x12: P3x8;S2x2&quot;)" methodname="AreaDistributorTest_SingleMapForce" classname="PlayersWorlds.Maps.Areas.Evolving.AreaDistributorTest" runstate="Runnable" seed="94950795" result="Passed" start-time="2024-05-23T05:00:22.6027200Z" end-time="2024-05-23T05:00:22.6037230Z" duration="0.001003" asserts="2" />
                  <test-case id="1-1943" name="AreaDistributorTest_SingleMapForce(&quot;6x12: P-1x-4;S2x2&quot;)" fullname="PlayersWorlds.Maps.Areas.Evolving.AreaDistributorTest.AreaDistributorTest_SingleMapForce(&quot;6x12: P-1x-4;S2x2&quot;)" methodname="AreaDistributorTest_SingleMapForce" classname="PlayersWorlds.Maps.Areas.Evolving.AreaDistributorTest" runstate="Runnable" seed="1780147988" result="Passed" start-time="2024-05-23T05:00:22.6037330Z" end-time="2024-05-23T05:00:22.6045030Z" duration="0.000771" asserts="2" />
                </test-suite>
                <test-case id="1-1921" name="AreaDistributorTest_TwoTest" fullname="PlayersWorlds.Maps.Areas.Evolving.AreaDistributorTest.AreaDistributorTest_TwoTest" methodname="AreaDistributorTest_TwoTest" classname="PlayersWorlds.Maps.Areas.Evolving.AreaDistributorTest" runstate="Runnable" seed="1288939298" result="Passed" start-time="2024-05-23T05:00:22.6045280Z" end-time="2024-05-23T05:00:22.6078290Z" duration="0.003301" asserts="2">
                  <properties>
                    <property name="Category" value="Integration" />
                  </properties>
                </test-case>
              </test-suite>
              <test-suite type="TestFixture" id="1-2003" name="EvolvingSimulatorTest" fullname="PlayersWorlds.Maps.Areas.Evolving.EvolvingSimulatorTest" classname="PlayersWorlds.Maps.Areas.Evolving.EvolvingSimulatorTest" runstate="Runnable" testcasecount="2" result="Passed" start-time="2024-05-23T05:00:22.6078640Z" end-time="2024-05-23T05:00:22.7079000Z" duration="0.100036" total="2" passed="2" failed="0" warnings="0" inconclusive="0" skipped="0" asserts="2">
                <test-case id="1-2005" name="EvolvingSimulator_ReturnsEpochsIfEvolitionIsNotComplete" fullname="PlayersWorlds.Maps.Areas.Evolving.EvolvingSimulatorTest.EvolvingSimulator_ReturnsEpochsIfEvolitionIsNotComplete" methodname="EvolvingSimulator_ReturnsEpochsIfEvolitionIsNotComplete" classname="PlayersWorlds.Maps.Areas.Evolving.EvolvingSimulatorTest" runstate="Runnable" seed="1821129967" result="Passed" start-time="2024-05-23T05:00:22.6079690Z" end-time="2024-05-23T05:00:22.7068960Z" duration="0.098927" asserts="1" />
                <test-case id="1-2004" name="EvolvingSimulator_ThrowsIfMaxEpochsIsZero" fullname="PlayersWorlds.Maps.Areas.Evolving.EvolvingSimulatorTest.EvolvingSimulator_ThrowsIfMaxEpochsIsZero" methodname="EvolvingSimulator_ThrowsIfMaxEpochsIsZero" classname="PlayersWorlds.Maps.Areas.Evolving.EvolvingSimulatorTest" runstate="Runnable" seed="670752442" result="Passed" start-time="2024-05-23T05:00:22.7069210Z" end-time="2024-05-23T05:00:22.7078830Z" duration="0.000962" asserts="1" />
              </test-suite>
              <test-suite type="TestFixture" id="1-2006" name="FloatingAreaTest" fullname="PlayersWorlds.Maps.Areas.Evolving.FloatingAreaTest" classname="PlayersWorlds.Maps.Areas.Evolving.FloatingAreaTest" runstate="Runnable" testcasecount="22" result="Passed" start-time="2024-05-23T05:00:22.7079190Z" end-time="2024-05-23T05:00:22.7131720Z" duration="0.005252" total="22" passed="22" failed="0" warnings="0" inconclusive="0" skipped="0" asserts="45">
                <test-case id="1-2011" name="CenterIsValid" fullname="PlayersWorlds.Maps.Areas.Evolving.FloatingAreaTest.CenterIsValid" methodname="CenterIsValid" classname="PlayersWorlds.Maps.Areas.Evolving.FloatingAreaTest" runstate="Runnable" seed="1811288216" result="Passed" start-time="2024-05-23T05:00:22.7079930Z" end-time="2024-05-23T05:00:22.7104050Z" duration="0.002412" asserts="4" />
                <test-case id="1-2010" name="Contains" fullname="PlayersWorlds.Maps.Areas.Evolving.FloatingAreaTest.Contains" methodname="Contains" classname="PlayersWorlds.Maps.Areas.Evolving.FloatingAreaTest" runstate="Runnable" seed="1529889068" result="Passed" start-time="2024-05-23T05:00:22.7104180Z" end-time="2024-05-23T05:00:22.7111990Z" duration="0.000781" asserts="2" />
                <test-suite type="ParameterizedMethod" id="1-2028" name="DistanceTo" fullname="PlayersWorlds.Maps.Areas.Evolving.FloatingAreaTest.DistanceTo" classname="PlayersWorlds.Maps.Areas.Evolving.FloatingAreaTest" runstate="Runnable" testcasecount="16" result="Passed" start-time="2024-05-23T05:00:22.7112100Z" end-time="2024-05-23T05:00:22.7119730Z" duration="0.000762" total="16" passed="16" failed="0" warnings="0" inconclusive="0" skipped="0" asserts="32">
                  <properties>
                    <property name="Category" value="Integration" />
                  </properties>
                  <test-case id="1-2012" name="DistanceTo((PlayersWorlds.Maps.Areas.Evolving.FloatingArea[], -1.00x0.00, False))" fullname="PlayersWorlds.Maps.Areas.Evolving.FloatingAreaTest.DistanceTo((PlayersWorlds.Maps.Areas.Evolving.FloatingArea[], -1.00x0.00, False))" methodname="DistanceTo" classname="PlayersWorlds.Maps.Areas.Evolving.FloatingAreaTest" runstate="Runnable" seed="392181695" result="Passed" start-time="2024-05-23T05:00:22.7112250Z" end-time="2024-05-23T05:00:22.7116160Z" duration="0.000391" asserts="2" />
                  <test-case id="1-2013" name="DistanceTo((PlayersWorlds.Maps.Areas.Evolving.FloatingArea[], 0.00x0.00, False))" fullname="PlayersWorlds.Maps.Areas.Evolving.FloatingAreaTest.DistanceTo((PlayersWorlds.Maps.Areas.Evolving.FloatingArea[], 0.00x0.00, False))" methodname="DistanceTo" classname="PlayersWorlds.Maps.Areas.Evolving.FloatingAreaTest" runstate="Runnable" seed="836172172" result="Passed" start-time="2024-05-23T05:00:22.7116240Z" end-time="2024-05-23T05:00:22.7116580Z" duration="0.000033" asserts="2" />
                  <test-case id="1-2014" name="DistanceTo((PlayersWorlds.Maps.Areas.Evolving.FloatingArea[], 1.00x0.00, True))" fullname="PlayersWorlds.Maps.Areas.Evolving.FloatingAreaTest.DistanceTo((PlayersWorlds.Maps.Areas.Evolving.FloatingArea[], 1.00x0.00, True))" methodname="DistanceTo" classname="PlayersWorlds.Maps.Areas.Evolving.FloatingAreaTest" runstate="Runnable" seed="1954328670" result="Passed" start-time="2024-05-23T05:00:22.7116640Z" end-time="2024-05-23T05:00:22.7116860Z" duration="0.000022" asserts="2" />
                  <test-case id="1-2015" name="DistanceTo((PlayersWorlds.Maps.Areas.Evolving.FloatingArea[], 0.00x0.00, True))" fullname="PlayersWorlds.Maps.Areas.Evolving.FloatingAreaTest.DistanceTo((PlayersWorlds.Maps.Areas.Evolving.FloatingArea[], 0.00x0.00, True))" methodname="DistanceTo" classname="PlayersWorlds.Maps.Areas.Evolving.FloatingAreaTest" runstate="Runnable" seed="1303422054" result="Passed" start-time="2024-05-23T05:00:22.7116900Z" end-time="2024-05-23T05:00:22.7117110Z" duration="0.000021" asserts="2" />
                  <test-case id="1-2016" name="DistanceTo((PlayersWorlds.Maps.Areas.Evolving.FloatingArea[], -1.00x0.00, True))" fullname="PlayersWorlds.Maps.Areas.Evolving.FloatingAreaTest.DistanceTo((PlayersWorlds.Maps.Areas.Evolving.FloatingArea[], -1.00x0.00, True))" methodname="DistanceTo" classname="PlayersWorlds.Maps.Areas.Evolving.FloatingAreaTest" runstate="Runnable" seed="950656539" result="Passed" start-time="2024-05-23T05:00:22.7117160Z" end-time="2024-05-23T05:00:22.7117360Z" duration="0.000020" asserts="2" />
                  <test-case id="1-2017" name="DistanceTo((PlayersWorlds.Maps.Areas.Evolving.FloatingArea[], 0.00x0.00, False))" fullname="PlayersWorlds.Maps.Areas.Evolving.FloatingAreaTest.DistanceTo((PlayersWorlds.Maps.Areas.Evolving.FloatingArea[], 0.00x0.00, False))" methodname="DistanceTo" classname="PlayersWorlds.Maps.Areas.Evolving.FloatingAreaTest" runstate="Runnable" seed="541103190" result="Passed" start-time="2024-05-23T05:00:22.7117400Z" end-time="2024-05-23T05:00:22.7117620Z" duration="0.000022" asserts="2" />
                  <test-case id="1-2018" name="DistanceTo((PlayersWorlds.Maps.Areas.Evolving.FloatingArea[], 1.00x0.00, False))" fullname="PlayersWorlds.Maps.Areas.Evolving.FloatingAreaTest.DistanceTo((PlayersWorlds.Maps.Areas.Evolving.FloatingArea[], 1.00x0.00, False))" methodname="DistanceTo" classname="PlayersWorlds.Maps.Areas.Evolving.FloatingAreaTest" runstate="Runnable" seed="1165313353" result="Passed" start-time="2024-05-23T05:00:22.7117660Z" end-time="2024-05-23T05:00:22.7117840Z" duration="0.000018" asserts="2" />
                  <test-case id="1-2019" name="DistanceTo((PlayersWorlds.Maps.Areas.Evolving.FloatingArea[], -1.00x1.00, False))" fullname="PlayersWorlds.Maps.Areas.Evolving.FloatingAreaTest.DistanceTo((PlayersWorlds.Maps.Areas.Evolving.FloatingArea[], -1.00x1.00, False))" methodname="DistanceTo" classname="PlayersWorlds.Maps.Areas.Evolving.FloatingAreaTest" runstate="Runnable" seed="146377586" result="Passed" start-time="2024-05-23T05:00:22.7117880Z" end-time="2024-05-23T05:00:22.7118050Z" duration="0.000017" asserts="2" />
                  <test-case id="1-2020" name="DistanceTo((PlayersWorlds.Maps.Areas.Evolving.FloatingArea[], 0.00x1.00, False))" fullname="PlayersWorlds.Maps.Areas.Evolving.FloatingAreaTest.DistanceTo((PlayersWorlds.Maps.Areas.Evolving.FloatingArea[], 0.00x1.00, False))" methodname="DistanceTo" classname="PlayersWorlds.Maps.Areas.Evolving.FloatingAreaTest" runstate="Runnable" seed="1311870447" result="Passed" start-time="2024-05-23T05:00:22.7118090Z" end-time="2024-05-23T05:00:22.7118260Z" duration="0.000017" asserts="2" />
                  <test-case id="1-2021" name="DistanceTo((PlayersWorlds.Maps.Areas.Evolving.FloatingArea[], 1.00x1.00, True))" fullname="PlayersWorlds.Maps.Areas.Evolving.FloatingAreaTest.DistanceTo((PlayersWorlds.Maps.Areas.Evolving.FloatingArea[], 1.00x1.00, True))" methodname="DistanceTo" classname="PlayersWorlds.Maps.Areas.Evolving.FloatingAreaTest" runstate="Runnable" seed="2070451575" result="Passed" start-time="2024-05-23T05:00:22.7118300Z" end-time="2024-05-23T05:00:22.7118470Z" duration="0.000017" asserts="2" />
                  <test-case id="1-2022" name="DistanceTo((PlayersWorlds.Maps.Areas.Evolving.FloatingArea[], 0.00x1.00, True))" fullname="PlayersWorlds.Maps.Areas.Evolving.FloatingAreaTest.DistanceTo((PlayersWorlds.Maps.Areas.Evolving.FloatingArea[], 0.00x1.00, True))" methodname="DistanceTo" classname="PlayersWorlds.Maps.Areas.Evolving.FloatingAreaTest" runstate="Runnable" seed="63781326" result="Passed" start-time="2024-05-23T05:00:22.7118520Z" end-time="2024-05-23T05:00:22.7118710Z" duration="0.000019" asserts="2" />
                  <test-case id="1-2023" name="DistanceTo((PlayersWorlds.Maps.Areas.Evolving.FloatingArea[], -1.00x1.00, True))" fullname="PlayersWorlds.Maps.Areas.Evolving.FloatingAreaTest.DistanceTo((PlayersWorlds.Maps.Areas.Evolving.FloatingArea[], -1.00x1.00, True))" methodname="DistanceTo" classname="PlayersWorlds.Maps.Areas.Evolving.FloatingAreaTest" runstate="Runnable" seed="527409077" result="Passed" start-time="2024-05-23T05:00:22.7118750Z" end-time="2024-05-23T05:00:22.7118910Z" duration="0.000016" asserts="2" />
                  <test-case id="1-2024" name="DistanceTo((PlayersWorlds.Maps.Areas.Evolving.FloatingArea[], 0.00x1.00, False))" fullname="PlayersWorlds.Maps.Areas.Evolving.FloatingAreaTest.DistanceTo((PlayersWorlds.Maps.Areas.Evolving.FloatingArea[], 0.00x1.00, False))" methodname="DistanceTo" classname="PlayersWorlds.Maps.Areas.Evolving.FloatingAreaTest" runstate="Runnable" seed="567263548" result="Passed" start-time="2024-05-23T05:00:22.7118950Z" end-time="2024-05-23T05:00:22.7119100Z" duration="0.000015" asserts="2" />
                  <test-case id="1-2025" name="DistanceTo((PlayersWorlds.Maps.Areas.Evolving.FloatingArea[], 1.00x1.00, False))" fullname="PlayersWorlds.Maps.Areas.Evolving.FloatingAreaTest.DistanceTo((PlayersWorlds.Maps.Areas.Evolving.FloatingArea[], 1.00x1.00, False))" methodname="DistanceTo" classname="PlayersWorlds.Maps.Areas.Evolving.FloatingAreaTest" runstate="Runnable" seed="318388027" result="Passed" start-time="2024-05-23T05:00:22.7119150Z" end-time="2024-05-23T05:00:22.7119290Z" duration="0.000015" asserts="2" />
                  <test-case id="1-2026" name="DistanceTo((PlayersWorlds.Maps.Areas.Evolving.FloatingArea[], -1.00x-1.00, True))" fullname="PlayersWorlds.Maps.Areas.Evolving.FloatingAreaTest.DistanceTo((PlayersWorlds.Maps.Areas.Evolving.FloatingArea[], -1.00x-1.00, True))" methodname="DistanceTo" classname="PlayersWorlds.Maps.Areas.Evolving.FloatingAreaTest" runstate="Runnable" seed="50926389" result="Passed" start-time="2024-05-23T05:00:22.7119330Z" end-time="2024-05-23T05:00:22.7119490Z" duration="0.000015" asserts="2" />
                  <test-case id="1-2027" name="DistanceTo((PlayersWorlds.Maps.Areas.Evolving.FloatingArea[], 1.00x1.00, False))" fullname="PlayersWorlds.Maps.Areas.Evolving.FloatingAreaTest.DistanceTo((PlayersWorlds.Maps.Areas.Evolving.FloatingArea[], 1.00x1.00, False))" methodname="DistanceTo" classname="PlayersWorlds.Maps.Areas.Evolving.FloatingAreaTest" runstate="Runnable" seed="2138611902" result="Passed" start-time="2024-05-23T05:00:22.7119530Z" end-time="2024-05-23T05:00:22.7119670Z" duration="0.000014" asserts="2" />
                </test-suite>
                <test-case id="1-2029" name="DistanceToDebug" fullname="PlayersWorlds.Maps.Areas.Evolving.FloatingAreaTest.DistanceToDebug" methodname="DistanceToDebug" classname="PlayersWorlds.Maps.Areas.Evolving.FloatingAreaTest" runstate="Runnable" seed="1402278901" result="Passed" start-time="2024-05-23T05:00:22.7119790Z" end-time="2024-05-23T05:00:22.7122980Z" duration="0.000319" asserts="2" />
                <test-case id="1-2009" name="Overlaps" fullname="PlayersWorlds.Maps.Areas.Evolving.FloatingAreaTest.Overlaps" methodname="Overlaps" classname="PlayersWorlds.Maps.Areas.Evolving.FloatingAreaTest" runstate="Runnable" seed="1383594534" result="Passed" start-time="2024-05-23T05:00:22.7123070Z" end-time="2024-05-23T05:00:22.7128650Z" duration="0.000558" asserts="2" />
                <test-case id="1-2007" name="Parse" fullname="PlayersWorlds.Maps.Areas.Evolving.FloatingAreaTest.Parse" methodname="Parse" classname="PlayersWorlds.Maps.Areas.Evolving.FloatingAreaTest" runstate="Runnable" seed="675965750" result="Passed" start-time="2024-05-23T05:00:22.7128730Z" end-time="2024-05-23T05:00:22.7129970Z" duration="0.000124" asserts="2" />
                <test-case id="1-2008" name="ToStringIsValid" fullname="PlayersWorlds.Maps.Areas.Evolving.FloatingAreaTest.ToStringIsValid" methodname="ToStringIsValid" classname="PlayersWorlds.Maps.Areas.Evolving.FloatingAreaTest" runstate="Runnable" seed="973190443" result="Passed" start-time="2024-05-23T05:00:22.7130040Z" end-time="2024-05-23T05:00:22.7131610Z" duration="0.000157" asserts="1" />
              </test-suite>
              <test-suite type="TestFixture" id="1-2030" name="ForceFormulaTestTest" fullname="PlayersWorlds.Maps.Areas.Evolving.ForceFormulaTestTest" classname="PlayersWorlds.Maps.Areas.Evolving.ForceFormulaTestTest" runstate="Runnable" testcasecount="8" result="Passed" start-time="2024-05-23T05:00:22.7131840Z" end-time="2024-05-23T05:00:22.7159320Z" duration="0.002748" total="8" passed="8" failed="0" warnings="0" inconclusive="0" skipped="0" asserts="42">
                <test-case id="1-2036" name="CollideForce_Negative" fullname="PlayersWorlds.Maps.Areas.Evolving.ForceFormulaTestTest.CollideForce_Negative" methodname="CollideForce_Negative" classname="PlayersWorlds.Maps.Areas.Evolving.ForceFormulaTestTest" runstate="Runnable" seed="1912752465" result="Passed" start-time="2024-05-23T05:00:22.7132420Z" end-time="2024-05-23T05:00:22.7141910Z" duration="0.000949" asserts="9" />
                <test-case id="1-2035" name="CollideForce_Positive" fullname="PlayersWorlds.Maps.Areas.Evolving.ForceFormulaTestTest.CollideForce_Positive" methodname="CollideForce_Positive" classname="PlayersWorlds.Maps.Areas.Evolving.ForceFormulaTestTest" runstate="Runnable" seed="1962000323" result="Passed" start-time="2024-05-23T05:00:22.7142000Z" end-time="2024-05-23T05:00:22.7145210Z" duration="0.000322" asserts="9" />
                <test-case id="1-2032" name="NormalForce_Negative" fullname="PlayersWorlds.Maps.Areas.Evolving.ForceFormulaTestTest.NormalForce_Negative" methodname="NormalForce_Negative" classname="PlayersWorlds.Maps.Areas.Evolving.ForceFormulaTestTest" runstate="Runnable" seed="1273690614" result="Passed" start-time="2024-05-23T05:00:22.7145290Z" end-time="2024-05-23T05:00:22.7149470Z" duration="0.000418" asserts="3" />
                <test-case id="1-2034" name="NormalForce_NegativeCapped" fullname="PlayersWorlds.Maps.Areas.Evolving.ForceFormulaTestTest.NormalForce_NegativeCapped" methodname="NormalForce_NegativeCapped" classname="PlayersWorlds.Maps.Areas.Evolving.ForceFormulaTestTest" runstate="Runnable" seed="1776671358" result="Passed" start-time="2024-05-23T05:00:22.7149550Z" end-time="2024-05-23T05:00:22.7151150Z" duration="0.000161" asserts="5" />
                <test-case id="1-2031" name="NormalForce_Positive" fullname="PlayersWorlds.Maps.Areas.Evolving.ForceFormulaTestTest.NormalForce_Positive" methodname="NormalForce_Positive" classname="PlayersWorlds.Maps.Areas.Evolving.ForceFormulaTestTest" runstate="Runnable" seed="423690537" result="Passed" start-time="2024-05-23T05:00:22.7151230Z" end-time="2024-05-23T05:00:22.7152410Z" duration="0.000118" asserts="3" />
                <test-case id="1-2033" name="NormalForce_PositiveCapped" fullname="PlayersWorlds.Maps.Areas.Evolving.ForceFormulaTestTest.NormalForce_PositiveCapped" methodname="NormalForce_PositiveCapped" classname="PlayersWorlds.Maps.Areas.Evolving.ForceFormulaTestTest" runstate="Runnable" seed="331093873" result="Passed" start-time="2024-05-23T05:00:22.7152470Z" end-time="2024-05-23T05:00:22.7153910Z" duration="0.000144" asserts="5" />
                <test-case id="1-2038" name="OverlapForce_Negative" fullname="PlayersWorlds.Maps.Areas.Evolving.ForceFormulaTestTest.OverlapForce_Negative" methodname="OverlapForce_Negative" classname="PlayersWorlds.Maps.Areas.Evolving.ForceFormulaTestTest" runstate="Runnable" seed="439208965" result="Passed" start-time="2024-05-23T05:00:22.7153980Z" end-time="2024-05-23T05:00:22.7156660Z" duration="0.000268" asserts="4" />
                <test-case id="1-2037" name="OverlapForce_Positive" fullname="PlayersWorlds.Maps.Areas.Evolving.ForceFormulaTestTest.OverlapForce_Positive" methodname="OverlapForce_Positive" classname="PlayersWorlds.Maps.Areas.Evolving.ForceFormulaTestTest" runstate="Runnable" seed="713178785" result="Passed" start-time="2024-05-23T05:00:22.7156730Z" end-time="2024-05-23T05:00:22.7159220Z" duration="0.000248" asserts="4" />
              </test-suite>
              <test-suite type="TestFixture" id="1-2039" name="SideToSideForceProducerTest" fullname="PlayersWorlds.Maps.Areas.Evolving.SideToSideForceProducerTest" classname="PlayersWorlds.Maps.Areas.Evolving.SideToSideForceProducerTest" runstate="Runnable" testcasecount="22" result="Passed" start-time="2024-05-23T05:00:22.7159440Z" end-time="2024-05-23T05:00:22.7195010Z" duration="0.003557" total="22" passed="22" failed="0" warnings="0" inconclusive="0" skipped="0" asserts="79">
                <test-case id="1-2057" name="GetAxisDistance_Collide" fullname="PlayersWorlds.Maps.Areas.Evolving.SideToSideForceProducerTest.GetAxisDistance_Collide" methodname="GetAxisDistance_Collide" classname="PlayersWorlds.Maps.Areas.Evolving.SideToSideForceProducerTest" runstate="Runnable" seed="285349589" result="Passed" start-time="2024-05-23T05:00:22.7160510Z" end-time="2024-05-23T05:00:22.7165330Z" duration="0.000482" asserts="6" />
                <test-case id="1-2060" name="GetAxisDistance_Contain1" fullname="PlayersWorlds.Maps.Areas.Evolving.SideToSideForceProducerTest.GetAxisDistance_Contain1" methodname="GetAxisDistance_Contain1" classname="PlayersWorlds.Maps.Areas.Evolving.SideToSideForceProducerTest" runstate="Runnable" seed="1492181603" result="Passed" start-time="2024-05-23T05:00:22.7165410Z" end-time="2024-05-23T05:00:22.7167810Z" duration="0.000240" asserts="6" />
                <test-case id="1-2061" name="GetAxisDistance_Contain2" fullname="PlayersWorlds.Maps.Areas.Evolving.SideToSideForceProducerTest.GetAxisDistance_Contain2" methodname="GetAxisDistance_Contain2" classname="PlayersWorlds.Maps.Areas.Evolving.SideToSideForceProducerTest" runstate="Runnable" seed="1213237235" result="Passed" start-time="2024-05-23T05:00:22.7167880Z" end-time="2024-05-23T05:00:22.7170190Z" duration="0.000232" asserts="6" />
                <test-case id="1-2055" name="GetAxisDistance_Normal1" fullname="PlayersWorlds.Maps.Areas.Evolving.SideToSideForceProducerTest.GetAxisDistance_Normal1" methodname="GetAxisDistance_Normal1" classname="PlayersWorlds.Maps.Areas.Evolving.SideToSideForceProducerTest" runstate="Runnable" seed="471301864" result="Passed" start-time="2024-05-23T05:00:22.7170270Z" end-time="2024-05-23T05:00:22.7172570Z" duration="0.000230" asserts="6" />
                <test-case id="1-2056" name="GetAxisDistance_Normal2" fullname="PlayersWorlds.Maps.Areas.Evolving.SideToSideForceProducerTest.GetAxisDistance_Normal2" methodname="GetAxisDistance_Normal2" classname="PlayersWorlds.Maps.Areas.Evolving.SideToSideForceProducerTest" runstate="Runnable" seed="995296863" result="Passed" start-time="2024-05-23T05:00:22.7172640Z" end-time="2024-05-23T05:00:22.7174850Z" duration="0.000221" asserts="6" />
                <test-case id="1-2058" name="GetAxisDistance_Overlap1" fullname="PlayersWorlds.Maps.Areas.Evolving.SideToSideForceProducerTest.GetAxisDistance_Overlap1" methodname="GetAxisDistance_Overlap1" classname="PlayersWorlds.Maps.Areas.Evolving.SideToSideForceProducerTest" runstate="Runnable" seed="1460972989" result="Passed" start-time="2024-05-23T05:00:22.7174920Z" end-time="2024-05-23T05:00:22.7177070Z" duration="0.000215" asserts="6" />
                <test-case id="1-2059" name="GetAxisDistance_Overlap2" fullname="PlayersWorlds.Maps.Areas.Evolving.SideToSideForceProducerTest.GetAxisDistance_Overlap2" methodname="GetAxisDistance_Overlap2" classname="PlayersWorlds.Maps.Areas.Evolving.SideToSideForceProducerTest" runstate="Runnable" seed="1536259472" result="Passed" start-time="2024-05-23T05:00:22.7177140Z" end-time="2024-05-23T05:00:22.7179320Z" duration="0.000217" asserts="6" />
                <test-case id="1-2049" name="GetOpposingForce_CentersInside_NoOpposingForce" fullname="PlayersWorlds.Maps.Areas.Evolving.SideToSideForceProducerTest.GetOpposingForce_CentersInside_NoOpposingForce" methodname="GetOpposingForce_CentersInside_NoOpposingForce" classname="PlayersWorlds.Maps.Areas.Evolving.SideToSideForceProducerTest" runstate="Runnable" seed="966823343" result="Passed" start-time="2024-05-23T05:00:22.7179390Z" end-time="2024-05-23T05:00:22.7181260Z" duration="0.000188" asserts="2" />
                <test-case id="1-2050" name="GetOpposingForce_CentersInside_WithOpposingForce" fullname="PlayersWorlds.Maps.Areas.Evolving.SideToSideForceProducerTest.GetOpposingForce_CentersInside_WithOpposingForce" methodname="GetOpposingForce_CentersInside_WithOpposingForce" classname="PlayersWorlds.Maps.Areas.Evolving.SideToSideForceProducerTest" runstate="Runnable" seed="1194300086" result="Passed" start-time="2024-05-23T05:00:22.7181340Z" end-time="2024-05-23T05:00:22.7182190Z" duration="0.000085" asserts="2" />
                <test-case id="1-2051" name="GetOpposingForce_CentersOutside_NoOpposingForce" fullname="PlayersWorlds.Maps.Areas.Evolving.SideToSideForceProducerTest.GetOpposingForce_CentersOutside_NoOpposingForce" methodname="GetOpposingForce_CentersOutside_NoOpposingForce" classname="PlayersWorlds.Maps.Areas.Evolving.SideToSideForceProducerTest" runstate="Runnable" seed="1493075317" result="Passed" start-time="2024-05-23T05:00:22.7182250Z" end-time="2024-05-23T05:00:22.7183030Z" duration="0.000078" asserts="2" />
                <test-case id="1-2052" name="GetOpposingForce_CentersOutside_WithOpposingForce" fullname="PlayersWorlds.Maps.Areas.Evolving.SideToSideForceProducerTest.GetOpposingForce_CentersOutside_WithOpposingForce" methodname="GetOpposingForce_CentersOutside_WithOpposingForce" classname="PlayersWorlds.Maps.Areas.Evolving.SideToSideForceProducerTest" runstate="Runnable" seed="1746196030" result="Passed" start-time="2024-05-23T05:00:22.7183100Z" end-time="2024-05-23T05:00:22.7183850Z" duration="0.000075" asserts="2" />
                <test-case id="1-2053" name="GetOpposingForce_NoIntersection_NoOpposingForce" fullname="PlayersWorlds.Maps.Areas.Evolving.SideToSideForceProducerTest.GetOpposingForce_NoIntersection_NoOpposingForce" methodname="GetOpposingForce_NoIntersection_NoOpposingForce" classname="PlayersWorlds.Maps.Areas.Evolving.SideToSideForceProducerTest" runstate="Runnable" seed="1956894760" result="Passed" start-time="2024-05-23T05:00:22.7183910Z" end-time="2024-05-23T05:00:22.7184740Z" duration="0.000083" asserts="2" />
                <test-case id="1-2054" name="GetOpposingForce_NoIntersection_WithOpposingForce" fullname="PlayersWorlds.Maps.Areas.Evolving.SideToSideForceProducerTest.GetOpposingForce_NoIntersection_WithOpposingForce" methodname="GetOpposingForce_NoIntersection_WithOpposingForce" classname="PlayersWorlds.Maps.Areas.Evolving.SideToSideForceProducerTest" runstate="Runnable" seed="1796590727" result="Passed" start-time="2024-05-23T05:00:22.7184810Z" end-time="2024-05-23T05:00:22.7185560Z" duration="0.000075" asserts="2" />
                <test-case id="1-2047" name="GetOpposingForce_WhenCenterMatches_NoOpposingForce" fullname="PlayersWorlds.Maps.Areas.Evolving.SideToSideForceProducerTest.GetOpposingForce_WhenCenterMatches_NoOpposingForce" methodname="GetOpposingForce_WhenCenterMatches_NoOpposingForce" classname="PlayersWorlds.Maps.Areas.Evolving.SideToSideForceProducerTest" runstate="Runnable" seed="589759547" result="Passed" start-time="2024-05-23T05:00:22.7185630Z" end-time="2024-05-23T05:00:22.7186340Z" duration="0.000072" asserts="2" />
                <test-case id="1-2048" name="GetOpposingForce_WhenCenterMatches_WithOpposingForce" fullname="PlayersWorlds.Maps.Areas.Evolving.SideToSideForceProducerTest.GetOpposingForce_WhenCenterMatches_WithOpposingForce" methodname="GetOpposingForce_WhenCenterMatches_WithOpposingForce" classname="PlayersWorlds.Maps.Areas.Evolving.SideToSideForceProducerTest" runstate="Runnable" seed="1491305033" result="Passed" start-time="2024-05-23T05:00:22.7186410Z" end-time="2024-05-23T05:00:22.7187140Z" duration="0.000074" asserts="2" />
                <test-case id="1-2043" name="MapAreaSystemTest_DistanceCentersMatch" fullname="PlayersWorlds.Maps.Areas.Evolving.SideToSideForceProducerTest.MapAreaSystemTest_DistanceCentersMatch" methodname="MapAreaSystemTest_DistanceCentersMatch" classname="PlayersWorlds.Maps.Areas.Evolving.SideToSideForceProducerTest" runstate="Runnable" seed="1341104557" result="Passed" start-time="2024-05-23T05:00:22.7187210Z" end-time="2024-05-23T05:00:22.7188290Z" duration="0.000108" asserts="3" />
                <test-case id="1-2046" name="MapAreaSystemTest_DistanceNegativeCollide" fullname="PlayersWorlds.Maps.Areas.Evolving.SideToSideForceProducerTest.MapAreaSystemTest_DistanceNegativeCollide" methodname="MapAreaSystemTest_DistanceNegativeCollide" classname="PlayersWorlds.Maps.Areas.Evolving.SideToSideForceProducerTest" runstate="Runnable" seed="824829889" result="Passed" start-time="2024-05-23T05:00:22.7188350Z" end-time="2024-05-23T05:00:22.7189500Z" duration="0.000115" asserts="3" />
                <test-case id="1-2044" name="MapAreaSystemTest_DistanceNegativeNormal" fullname="PlayersWorlds.Maps.Areas.Evolving.SideToSideForceProducerTest.MapAreaSystemTest_DistanceNegativeNormal" methodname="MapAreaSystemTest_DistanceNegativeNormal" classname="PlayersWorlds.Maps.Areas.Evolving.SideToSideForceProducerTest" runstate="Runnable" seed="677452184" result="Passed" start-time="2024-05-23T05:00:22.7189570Z" end-time="2024-05-23T05:00:22.7190600Z" duration="0.000103" asserts="3" />
                <test-case id="1-2045" name="MapAreaSystemTest_DistanceNegativeOverlap" fullname="PlayersWorlds.Maps.Areas.Evolving.SideToSideForceProducerTest.MapAreaSystemTest_DistanceNegativeOverlap" methodname="MapAreaSystemTest_DistanceNegativeOverlap" classname="PlayersWorlds.Maps.Areas.Evolving.SideToSideForceProducerTest" runstate="Runnable" seed="1744865539" result="Passed" start-time="2024-05-23T05:00:22.7190670Z" end-time="2024-05-23T05:00:22.7191680Z" duration="0.000101" asserts="3" />
                <test-case id="1-2042" name="MapAreaSystemTest_DistancePositiveCollide" fullname="PlayersWorlds.Maps.Areas.Evolving.SideToSideForceProducerTest.MapAreaSystemTest_DistancePositiveCollide" methodname="MapAreaSystemTest_DistancePositiveCollide" classname="PlayersWorlds.Maps.Areas.Evolving.SideToSideForceProducerTest" runstate="Runnable" seed="447026611" result="Passed" start-time="2024-05-23T05:00:22.7191760Z" end-time="2024-05-23T05:00:22.7192760Z" duration="0.000100" asserts="3" />
                <test-case id="1-2040" name="MapAreaSystemTest_DistancePositiveNormal" fullname="PlayersWorlds.Maps.Areas.Evolving.SideToSideForceProducerTest.MapAreaSystemTest_DistancePositiveNormal" methodname="MapAreaSystemTest_DistancePositiveNormal" classname="PlayersWorlds.Maps.Areas.Evolving.SideToSideForceProducerTest" runstate="Runnable" seed="1495958064" result="Passed" start-time="2024-05-23T05:00:22.7192830Z" end-time="2024-05-23T05:00:22.7193850Z" duration="0.000102" asserts="3" />
                <test-case id="1-2041" name="MapAreaSystemTest_DistancePositiveOverlap" fullname="PlayersWorlds.Maps.Areas.Evolving.SideToSideForceProducerTest.MapAreaSystemTest_DistancePositiveOverlap" methodname="MapAreaSystemTest_DistancePositiveOverlap" classname="PlayersWorlds.Maps.Areas.Evolving.SideToSideForceProducerTest" runstate="Runnable" seed="1492729837" result="Passed" start-time="2024-05-23T05:00:22.7193920Z" end-time="2024-05-23T05:00:22.7194900Z" duration="0.000098" asserts="3" />
              </test-suite>
            </test-suite>
            <test-suite type="TestFixture" id="1-1909" name="MapAreaTest" fullname="PlayersWorlds.Maps.Areas.MapAreaTest" classname="PlayersWorlds.Maps.Areas.MapAreaTest" runstate="Runnable" testcasecount="6" result="Passed" start-time="2024-05-23T05:00:22.7195230Z" end-time="2024-05-23T05:00:22.7277870Z" duration="0.008264" total="6" passed="6" failed="0" warnings="0" inconclusive="0" skipped="0" asserts="27">
              <test-case id="1-1912" name="Overlaps_ReturnsFalseIfDoesNotOverlap" fullname="PlayersWorlds.Maps.Areas.MapAreaTest.Overlaps_ReturnsFalseIfDoesNotOverlap" methodname="Overlaps_ReturnsFalseIfDoesNotOverlap" classname="PlayersWorlds.Maps.Areas.MapAreaTest" runstate="Runnable" seed="1566727680" result="Passed" start-time="2024-05-23T05:00:22.7210330Z" end-time="2024-05-23T05:00:22.7241830Z" duration="0.003151" asserts="15" />
              <test-case id="1-1911" name="Overlaps_ReturnsTrueIfOverlaps" fullname="PlayersWorlds.Maps.Areas.MapAreaTest.Overlaps_ReturnsTrueIfOverlaps" methodname="Overlaps_ReturnsTrueIfOverlaps" classname="PlayersWorlds.Maps.Areas.MapAreaTest" runstate="Runnable" seed="879198613" result="Passed" start-time="2024-05-23T05:00:22.7241920Z" end-time="2024-05-23T05:00:22.7247790Z" duration="0.000588" asserts="7" />
              <test-case id="1-1910" name="Overlaps_ThrowsIfSame" fullname="PlayersWorlds.Maps.Areas.MapAreaTest.Overlaps_ThrowsIfSame" methodname="Overlaps_ThrowsIfSame" classname="PlayersWorlds.Maps.Areas.MapAreaTest" runstate="Runnable" seed="872200146" result="Passed" start-time="2024-05-23T05:00:22.7247860Z" end-time="2024-05-23T05:00:22.7258340Z" duration="0.001048" asserts="2" />
              <test-case id="1-1914" name="Position_DoesNotThrowIfInitialized" fullname="PlayersWorlds.Maps.Areas.MapAreaTest.Position_DoesNotThrowIfInitialized" methodname="Position_DoesNotThrowIfInitialized" classname="PlayersWorlds.Maps.Areas.MapAreaTest" runstate="Runnable" seed="59820815" result="Passed" start-time="2024-05-23T05:00:22.7258430Z" end-time="2024-05-23T05:00:22.7262020Z" duration="0.000359" asserts="1" />
              <test-case id="1-1913" name="Position_UnpositionedThrowsIfNotInitialized" fullname="PlayersWorlds.Maps.Areas.MapAreaTest.Position_UnpositionedThrowsIfNotInitialized" methodname="Position_UnpositionedThrowsIfNotInitialized" classname="PlayersWorlds.Maps.Areas.MapAreaTest" runstate="Runnable" seed="66150374" result="Passed" start-time="2024-05-23T05:00:22.7262090Z" end-time="2024-05-23T05:00:22.7272520Z" duration="0.001043" asserts="1" />
              <test-case id="1-1915" name="ThrowsIfWrongParameters" fullname="PlayersWorlds.Maps.Areas.MapAreaTest.ThrowsIfWrongParameters" methodname="ThrowsIfWrongParameters" classname="PlayersWorlds.Maps.Areas.MapAreaTest" runstate="Runnable" seed="785599821" result="Passed" start-time="2024-05-23T05:00:22.7272600Z" end-time="2024-05-23T05:00:22.7277760Z" duration="0.000516" asserts="1" />
            </test-suite>
          </test-suite>
          <test-suite type="TestFixture" id="1-1004" name="AssemblyInfoTest" fullname="PlayersWorlds.Maps.AssemblyInfoTest" classname="PlayersWorlds.Maps.AssemblyInfoTest" runstate="Runnable" testcasecount="2" result="Passed" start-time="2024-05-23T05:00:22.7278050Z" end-time="2024-05-23T05:00:22.7285570Z" duration="0.000752" total="2" passed="2" failed="0" warnings="0" inconclusive="0" skipped="0" asserts="4">
            <test-case id="1-1006" name="TestAssemblyCompany" fullname="PlayersWorlds.Maps.AssemblyInfoTest.TestAssemblyCompany" methodname="TestAssemblyCompany" classname="PlayersWorlds.Maps.AssemblyInfoTest" runstate="Runnable" seed="1461367360" result="Passed" start-time="2024-05-23T05:00:22.7278640Z" end-time="2024-05-23T05:00:22.7282970Z" duration="0.000433" asserts="2" />
            <test-case id="1-1005" name="TestAssemblyTitle" fullname="PlayersWorlds.Maps.AssemblyInfoTest.TestAssemblyTitle" methodname="TestAssemblyTitle" classname="PlayersWorlds.Maps.AssemblyInfoTest" runstate="Runnable" seed="781248713" result="Passed" start-time="2024-05-23T05:00:22.7283050Z" end-time="2024-05-23T05:00:22.7285450Z" duration="0.000240" asserts="2" />
          </test-suite>
          <test-suite type="TestFixture" id="1-1007" name="CellTest" fullname="PlayersWorlds.Maps.CellTest" classname="PlayersWorlds.Maps.CellTest" runstate="Runnable" testcasecount="1" result="Passed" start-time="2024-05-23T05:00:22.7285680Z" end-time="2024-05-23T05:00:22.7290040Z" duration="0.000436" total="1" passed="1" failed="0" warnings="0" inconclusive="0" skipped="0" asserts="3">
            <test-case id="1-1008" name="CellTagEqualityTest" fullname="PlayersWorlds.Maps.CellTest.CellTagEqualityTest" methodname="CellTagEqualityTest" classname="PlayersWorlds.Maps.CellTest" runstate="Runnable" seed="1719327642" result="Passed" start-time="2024-05-23T05:00:22.7286240Z" end-time="2024-05-23T05:00:22.7289930Z" duration="0.000370" asserts="3" />
          </test-suite>
          <test-suite type="TestFixture" id="1-1009" name="ExtensionsTest" fullname="PlayersWorlds.Maps.ExtensionsTest" classname="PlayersWorlds.Maps.ExtensionsTest" runstate="Runnable" testcasecount="7" result="Passed" start-time="2024-05-23T05:00:22.7290150Z" end-time="2024-05-23T05:00:22.7354480Z" duration="0.006434" total="7" passed="7" failed="0" warnings="0" inconclusive="0" skipped="0" asserts="12">
            <test-case id="1-1012" name="DebugString" fullname="PlayersWorlds.Maps.ExtensionsTest.DebugString" methodname="DebugString" classname="PlayersWorlds.Maps.ExtensionsTest" runstate="Runnable" seed="1459259748" result="Passed" start-time="2024-05-23T05:00:22.7290770Z" end-time="2024-05-23T05:00:22.7292890Z" duration="0.000212" asserts="1" />
            <test-case id="1-1015" name="GetAllDictionaryItems" fullname="PlayersWorlds.Maps.ExtensionsTest.GetAllDictionaryItems" methodname="GetAllDictionaryItems" classname="PlayersWorlds.Maps.ExtensionsTest" runstate="Runnable" seed="494541591" result="Passed" start-time="2024-05-23T05:00:22.7292960Z" end-time="2024-05-23T05:00:22.7310350Z" duration="0.001739" asserts="1" />
            <test-case id="1-1016" name="GetAllHashSetKeys" fullname="PlayersWorlds.Maps.ExtensionsTest.GetAllHashSetKeys" methodname="GetAllHashSetKeys" classname="PlayersWorlds.Maps.ExtensionsTest" runstate="Runnable" seed="1033303703" result="Passed" start-time="2024-05-23T05:00:22.7310430Z" end-time="2024-05-23T05:00:22.7318800Z" duration="0.000837" asserts="1" />
            <test-case id="1-1013" name="Set" fullname="PlayersWorlds.Maps.ExtensionsTest.Set" methodname="Set" classname="PlayersWorlds.Maps.ExtensionsTest" runstate="Runnable" seed="1035743435" result="Passed" start-time="2024-05-23T05:00:22.7318890Z" end-time="2024-05-23T05:00:22.7327420Z" duration="0.000853" asserts="3" />
            <test-case id="1-1014" name="SetList" fullname="PlayersWorlds.Maps.ExtensionsTest.SetList" methodname="SetList" classname="PlayersWorlds.Maps.ExtensionsTest" runstate="Runnable" seed="1547625748" result="Passed" start-time="2024-05-23T05:00:22.7327500Z" end-time="2024-05-23T05:00:22.7340460Z" duration="0.001296" asserts="3" />
            <test-case id="1-1011" name="TryDequeue_Dequeues" fullname="PlayersWorlds.Maps.ExtensionsTest.TryDequeue_Dequeues" methodname="TryDequeue_Dequeues" classname="PlayersWorlds.Maps.ExtensionsTest" runstate="Runnable" seed="195180041" result="Passed" start-time="2024-05-23T05:00:22.7340540Z" end-time="2024-05-23T05:00:22.7353100Z" duration="0.001256" asserts="2" />
            <test-case id="1-1010" name="TryDequeue_DoesNotThrow" fullname="PlayersWorlds.Maps.ExtensionsTest.TryDequeue_DoesNotThrow" methodname="TryDequeue_DoesNotThrow" classname="PlayersWorlds.Maps.ExtensionsTest" runstate="Runnable" seed="79494450" result="Passed" start-time="2024-05-23T05:00:22.7353180Z" end-time="2024-05-23T05:00:22.7354380Z" duration="0.000120" asserts="1" />
          </test-suite>
          <test-suite type="TestFixture" id="1-1017" name="GlobalRandomTest" fullname="PlayersWorlds.Maps.GlobalRandomTest" classname="PlayersWorlds.Maps.GlobalRandomTest" runstate="Runnable" testcasecount="3" result="Passed" start-time="2024-05-23T05:00:22.7354600Z" end-time="2024-05-23T05:00:22.7378480Z" duration="0.002389" total="3" passed="3" failed="0" warnings="0" inconclusive="0" skipped="0" asserts="1002">
            <test-case id="1-1018" name="RandomCollectionItem" fullname="PlayersWorlds.Maps.GlobalRandomTest.RandomCollectionItem" methodname="RandomCollectionItem" classname="PlayersWorlds.Maps.GlobalRandomTest" runstate="Runnable" seed="253354913" result="Passed" start-time="2024-05-23T05:00:22.7355130Z" end-time="2024-05-23T05:00:22.7360660Z" duration="0.000553" asserts="1" />
            <test-case id="1-1020" name="RandomInRange" fullname="PlayersWorlds.Maps.GlobalRandomTest.RandomInRange" methodname="RandomInRange" classname="PlayersWorlds.Maps.GlobalRandomTest" runstate="Runnable" seed="1898032359" result="Passed" start-time="2024-05-23T05:00:22.7360740Z" end-time="2024-05-23T05:00:22.7376520Z" duration="0.001578" asserts="1000" />
            <test-case id="1-1019" name="ThrowsIfEmptyCollection" fullname="PlayersWorlds.Maps.GlobalRandomTest.ThrowsIfEmptyCollection" methodname="ThrowsIfEmptyCollection" classname="PlayersWorlds.Maps.GlobalRandomTest" runstate="Runnable" seed="1568093476" result="Passed" start-time="2024-05-23T05:00:22.7376590Z" end-time="2024-05-23T05:00:22.7378390Z" duration="0.000179" asserts="1" />
          </test-suite>
          <test-suite type="TestFixture" id="1-1021" name="Map2DTest" fullname="PlayersWorlds.Maps.Map2DTest" classname="PlayersWorlds.Maps.Map2DTest" runstate="Runnable" testcasecount="1" result="Passed" start-time="2024-05-23T05:00:22.7378590Z" end-time="2024-05-23T05:00:22.7400590Z" duration="0.002199" total="1" passed="1" failed="0" warnings="0" inconclusive="0" skipped="0" asserts="6">
            <test-case id="1-1022" name="ParseMap" fullname="PlayersWorlds.Maps.Map2DTest.ParseMap" methodname="ParseMap" classname="PlayersWorlds.Maps.Map2DTest" runstate="Runnable" seed="1792030471" result="Passed" start-time="2024-05-23T05:00:22.7386960Z" end-time="2024-05-23T05:00:22.7400470Z" duration="0.001351" asserts="6" />
          </test-suite>
          <test-suite type="TestSuite" id="1-2068" name="MapFilters" fullname="PlayersWorlds.Maps.MapFilters" runstate="Runnable" testcasecount="5" result="Passed" start-time="2024-05-23T04:58:38.7613620Z" end-time="2024-05-23T05:00:22.7457320Z" duration="103.984369" total="5" passed="5" failed="0" warnings="0" inconclusive="0" skipped="0" asserts="10">
            <test-suite type="TestFixture" id="1-1903" name="Map2DEraseSpotsTest" fullname="PlayersWorlds.Maps.MapFilters.Map2DEraseSpotsTest" classname="PlayersWorlds.Maps.MapFilters.Map2DEraseSpotsTest" runstate="Runnable" testcasecount="5" result="Passed" start-time="2024-05-23T05:00:22.7400700Z" end-time="2024-05-23T05:00:22.7457250Z" duration="0.005656" total="5" passed="5" failed="0" warnings="0" inconclusive="0" skipped="0" asserts="10">
              <test-case id="1-1904" name="BackslashEraseSpots" fullname="PlayersWorlds.Maps.MapFilters.Map2DEraseSpotsTest.BackslashEraseSpots" methodname="BackslashEraseSpots" classname="PlayersWorlds.Maps.MapFilters.Map2DEraseSpotsTest" runstate="Runnable" seed="609598809" result="Passed" start-time="2024-05-23T05:00:22.7401250Z" end-time="2024-05-23T05:00:22.7427220Z" duration="0.002597" asserts="1" />
              <test-case id="1-1908" name="SmoothBoxEraseSpots" fullname="PlayersWorlds.Maps.MapFilters.Map2DEraseSpotsTest.SmoothBoxEraseSpots" methodname="SmoothBoxEraseSpots" classname="PlayersWorlds.Maps.MapFilters.Map2DEraseSpotsTest" runstate="Runnable" seed="308728916" result="Passed" start-time="2024-05-23T05:00:22.7427310Z" end-time="2024-05-23T05:00:22.7432940Z" duration="0.000563" asserts="1" />
              <test-case id="1-1907" name="SmoothBoxVoidBgEraseSpots" fullname="PlayersWorlds.Maps.MapFilters.Map2DEraseSpotsTest.SmoothBoxVoidBgEraseSpots" methodname="SmoothBoxVoidBgEraseSpots" classname="PlayersWorlds.Maps.MapFilters.Map2DEraseSpotsTest" runstate="Runnable" seed="113794838" result="Passed" start-time="2024-05-23T05:00:22.7433030Z" end-time="2024-05-23T05:00:22.7436520Z" duration="0.000349" asserts="1" />
              <test-case id="1-1906" name="Spot1x3SpotsEraseSpots" fullname="PlayersWorlds.Maps.MapFilters.Map2DEraseSpotsTest.Spot1x3SpotsEraseSpots" methodname="Spot1x3SpotsEraseSpots" classname="PlayersWorlds.Maps.MapFilters.Map2DEraseSpotsTest" runstate="Runnable" seed="1949542178" result="Passed" start-time="2024-05-23T05:00:22.7436590Z" end-time="2024-05-23T05:00:22.7447700Z" duration="0.001111" asserts="1" />
              <test-case id="1-1905" name="VariousSpotsEraseSpots" fullname="PlayersWorlds.Maps.MapFilters.Map2DEraseSpotsTest.VariousSpotsEraseSpots" methodname="VariousSpotsEraseSpots" classname="PlayersWorlds.Maps.MapFilters.Map2DEraseSpotsTest" runstate="Runnable" seed="2025540202" result="Passed" start-time="2024-05-23T05:00:22.7447770Z" end-time="2024-05-23T05:00:22.7457150Z" duration="0.000937" asserts="6" />
            </test-suite>
          </test-suite>
          <test-suite type="TestSuite" id="1-2066" name="Maze" fullname="PlayersWorlds.Maps.Maze" runstate="Runnable" testcasecount="774" result="Failed" site="Child" start-time="2024-05-23T04:58:38.7613680Z" end-time="2024-05-23T05:00:59.6009800Z" duration="140.839612" total="774" passed="527" failed="1" warnings="0" inconclusive="0" skipped="246" asserts="14262">
            <failure>
              <message><![CDATA[One or more child tests had errors]]></message>
            </failure>
            <test-suite type="TestFixture" id="1-1109" name="Maze2DBuilderTest" fullname="PlayersWorlds.Maps.Maze.Maze2DBuilderTest" classname="PlayersWorlds.Maps.Maze.Maze2DBuilderTest" runstate="Runnable" testcasecount="21" result="Passed" start-time="2024-05-23T05:00:22.7457420Z" end-time="2024-05-23T05:00:22.8527430Z" duration="0.107001" total="21" passed="21" failed="0" warnings="0" inconclusive="0" skipped="0" asserts="7097">
              <test-case id="1-1128" name="ApplyAreas" fullname="PlayersWorlds.Maps.Maze.Maze2DBuilderTest.ApplyAreas" methodname="ApplyAreas" classname="PlayersWorlds.Maps.Maze.Maze2DBuilderTest" runstate="Runnable" seed="370406978" result="Passed" start-time="2024-05-23T05:00:22.7457980Z" end-time="2024-05-23T05:00:22.7581850Z" duration="0.012386" asserts="5" />
              <test-case id="1-1110" name="BuildsCorrectCellsCollections" fullname="PlayersWorlds.Maps.Maze.Maze2DBuilderTest.BuildsCorrectCellsCollections" methodname="BuildsCorrectCellsCollections" classname="PlayersWorlds.Maps.Maze.Maze2DBuilderTest" runstate="Runnable" seed="609682034" result="Passed" start-time="2024-05-23T05:00:22.7581940Z" end-time="2024-05-23T05:00:22.7591980Z" duration="0.001004" asserts="2" />
              <test-case id="1-1111" name="BuildsCorrectCellsCollectionsWithHallAreas" fullname="PlayersWorlds.Maps.Maze.Maze2DBuilderTest.BuildsCorrectCellsCollectionsWithHallAreas" methodname="BuildsCorrectCellsCollectionsWithHallAreas" classname="PlayersWorlds.Maps.Maze.Maze2DBuilderTest" runstate="Runnable" seed="1701650491" result="Passed" start-time="2024-05-23T05:00:22.7592070Z" end-time="2024-05-23T05:00:22.7616050Z" duration="0.002398" asserts="4" />
              <test-case id="1-1112" name="BuildsCorrectCellsCollectionsWithHallAreasAtTheEdge" fullname="PlayersWorlds.Maps.Maze.Maze2DBuilderTest.BuildsCorrectCellsCollectionsWithHallAreasAtTheEdge" methodname="BuildsCorrectCellsCollectionsWithHallAreasAtTheEdge" classname="PlayersWorlds.Maps.Maze.Maze2DBuilderTest" runstate="Runnable" seed="684568583" result="Passed" start-time="2024-05-23T05:00:22.7616160Z" end-time="2024-05-23T05:00:22.7622140Z" duration="0.000598" asserts="4" />
              <test-case id="1-1130" name="CanConnect" fullname="PlayersWorlds.Maps.Maze.Maze2DBuilderTest.CanConnect" methodname="CanConnect" classname="PlayersWorlds.Maps.Maze.Maze2DBuilderTest" runstate="Runnable" seed="1667808893" result="Passed" start-time="2024-05-23T05:00:22.7622250Z" end-time="2024-05-23T05:00:22.7644710Z" duration="0.002246" asserts="11" />
              <test-case id="1-1118" name="IsFillComplete_Full" fullname="PlayersWorlds.Maps.Maze.Maze2DBuilderTest.IsFillComplete_Full" methodname="IsFillComplete_Full" classname="PlayersWorlds.Maps.Maze.Maze2DBuilderTest" runstate="Runnable" seed="1194232379" result="Passed" start-time="2024-05-23T05:00:22.7644830Z" end-time="2024-05-23T05:00:22.7650430Z" duration="0.000560" asserts="4" />
              <test-case id="1-1121" name="IsFillComplete_Full_WithCave" fullname="PlayersWorlds.Maps.Maze.Maze2DBuilderTest.IsFillComplete_Full_WithCave" methodname="IsFillComplete_Full_WithCave" classname="PlayersWorlds.Maps.Maze.Maze2DBuilderTest" runstate="Runnable" seed="1115149049" result="Passed" start-time="2024-05-23T05:00:22.7650530Z" end-time="2024-05-23T05:00:22.7658550Z" duration="0.000801" asserts="3" />
              <test-case id="1-1120" name="IsFillComplete_Full_WithFill" fullname="PlayersWorlds.Maps.Maze.Maze2DBuilderTest.IsFillComplete_Full_WithFill" methodname="IsFillComplete_Full_WithFill" classname="PlayersWorlds.Maps.Maze.Maze2DBuilderTest" runstate="Runnable" seed="1022469415" result="Passed" start-time="2024-05-23T05:00:22.7658650Z" end-time="2024-05-23T05:00:22.7667310Z" duration="0.000866" asserts="2" />
              <test-case id="1-1119" name="IsFillComplete_Full_WithHall" fullname="PlayersWorlds.Maps.Maze.Maze2DBuilderTest.IsFillComplete_Full_WithHall" methodname="IsFillComplete_Full_WithHall" classname="PlayersWorlds.Maps.Maze.Maze2DBuilderTest" runstate="Runnable" seed="1556061205" result="Passed" start-time="2024-05-23T05:00:22.7667420Z" end-time="2024-05-23T05:00:22.7673780Z" duration="0.000637" asserts="2" />
              <test-case id="1-1123" name="IsFillComplete_FullHeight" fullname="PlayersWorlds.Maps.Maze.Maze2DBuilderTest.IsFillComplete_FullHeight" methodname="IsFillComplete_FullHeight" classname="PlayersWorlds.Maps.Maze.Maze2DBuilderTest" runstate="Runnable" seed="1950750881" result="Passed" start-time="2024-05-23T05:00:22.7673880Z" end-time="2024-05-23T05:00:22.7678890Z" duration="0.000501" asserts="3" />
              <test-case id="1-1122" name="IsFillComplete_FullWidth" fullname="PlayersWorlds.Maps.Maze.Maze2DBuilderTest.IsFillComplete_FullWidth" methodname="IsFillComplete_FullWidth" classname="PlayersWorlds.Maps.Maze.Maze2DBuilderTest" runstate="Runnable" seed="1705848204" result="Passed" start-time="2024-05-23T05:00:22.7678980Z" end-time="2024-05-23T05:00:22.7681660Z" duration="0.000269" asserts="3" />
              <test-case id="1-1125" name="IsFillComplete_Half" fullname="PlayersWorlds.Maps.Maze.Maze2DBuilderTest.IsFillComplete_Half" methodname="IsFillComplete_Half" classname="PlayersWorlds.Maps.Maze.Maze2DBuilderTest" runstate="Runnable" seed="819991985" result="Passed" start-time="2024-05-23T05:00:22.7681740Z" end-time="2024-05-23T05:00:22.7683400Z" duration="0.000167" asserts="2" />
              <test-case id="1-1127" name="IsFillComplete_NinetyPercent" fullname="PlayersWorlds.Maps.Maze.Maze2DBuilderTest.IsFillComplete_NinetyPercent" methodname="IsFillComplete_NinetyPercent" classname="PlayersWorlds.Maps.Maze.Maze2DBuilderTest" runstate="Runnable" seed="1987056976" result="Passed" start-time="2024-05-23T05:00:22.7683480Z" end-time="2024-05-23T05:00:22.7685800Z" duration="0.000233" asserts="4" />
              <test-case id="1-1117" name="IsFillComplete_NoCells" fullname="PlayersWorlds.Maps.Maze.Maze2DBuilderTest.IsFillComplete_NoCells" methodname="IsFillComplete_NoCells" classname="PlayersWorlds.Maps.Maze.Maze2DBuilderTest" runstate="Runnable" seed="1131093201" result="Passed" start-time="2024-05-23T05:00:22.7685880Z" end-time="2024-05-23T05:00:22.7688510Z" duration="0.000263" asserts="1" />
              <test-case id="1-1124" name="IsFillComplete_Quarter" fullname="PlayersWorlds.Maps.Maze.Maze2DBuilderTest.IsFillComplete_Quarter" methodname="IsFillComplete_Quarter" classname="PlayersWorlds.Maps.Maze.Maze2DBuilderTest" runstate="Runnable" seed="1351437387" result="Passed" start-time="2024-05-23T05:00:22.7688580Z" end-time="2024-05-23T05:00:22.7690170Z" duration="0.000159" asserts="2" />
              <test-case id="1-1126" name="IsFillComplete_ThreeQuarters" fullname="PlayersWorlds.Maps.Maze.Maze2DBuilderTest.IsFillComplete_ThreeQuarters" methodname="IsFillComplete_ThreeQuarters" classname="PlayersWorlds.Maps.Maze.Maze2DBuilderTest" runstate="Runnable" seed="1654923042" result="Passed" start-time="2024-05-23T05:00:22.7690240Z" end-time="2024-05-23T05:00:22.7692190Z" duration="0.000195" asserts="3" />
              <test-case id="1-1116" name="IterateUnlinkedCells_IteratesAllAvailableCells" fullname="PlayersWorlds.Maps.Maze.Maze2DBuilderTest.IterateUnlinkedCells_IteratesAllAvailableCells" methodname="IterateUnlinkedCells_IteratesAllAvailableCells" classname="PlayersWorlds.Maps.Maze.Maze2DBuilderTest" runstate="Runnable" seed="1914702617" result="Passed" start-time="2024-05-23T05:00:22.7692270Z" end-time="2024-05-23T05:00:22.7733910Z" duration="0.004164" asserts="28" />
              <test-case id="1-1115" name="MarkConnected" fullname="PlayersWorlds.Maps.Maze.Maze2DBuilderTest.MarkConnected" methodname="MarkConnected" classname="PlayersWorlds.Maps.Maze.Maze2DBuilderTest" runstate="Runnable" seed="1811408111" result="Passed" start-time="2024-05-23T05:00:22.7734030Z" end-time="2024-05-23T05:00:22.7739250Z" duration="0.000522" asserts="7" />
              <test-case id="1-1129" name="OverlappingAreas_ProduceValidPriorityCells" fullname="PlayersWorlds.Maps.Maze.Maze2DBuilderTest.OverlappingAreas_ProduceValidPriorityCells" methodname="OverlappingAreas_ProduceValidPriorityCells" classname="PlayersWorlds.Maps.Maze.Maze2DBuilderTest" runstate="Runnable" seed="1330399155" result="Passed" start-time="2024-05-23T05:00:22.7739330Z" end-time="2024-05-23T05:00:22.7767220Z" duration="0.002789" asserts="4" />
              <test-case id="1-1114" name="PickRandomNeighborToLink" fullname="PlayersWorlds.Maps.Maze.Maze2DBuilderTest.PickRandomNeighborToLink" methodname="PickRandomNeighborToLink" classname="PlayersWorlds.Maps.Maze.Maze2DBuilderTest" runstate="Runnable" seed="931760641" result="Passed" start-time="2024-05-23T05:00:22.7767330Z" end-time="2024-05-23T05:00:22.7847610Z" duration="0.008028" asserts="5000" />
              <test-case id="1-1113" name="PicksPriorityCellsWhenAvailable" fullname="PlayersWorlds.Maps.Maze.Maze2DBuilderTest.PicksPriorityCellsWhenAvailable" methodname="PicksPriorityCellsWhenAvailable" classname="PlayersWorlds.Maps.Maze.Maze2DBuilderTest" runstate="Runnable" seed="2108577184" result="Passed" start-time="2024-05-23T05:00:22.7847720Z" end-time="2024-05-23T05:00:22.8527260Z" duration="0.067954" asserts="2003" />
            </test-suite>
            <test-suite type="TestFixture" id="1-1131" name="Maze2DRendererTest" fullname="PlayersWorlds.Maps.Maze.Maze2DRendererTest" classname="PlayersWorlds.Maps.Maze.Maze2DRendererTest" runstate="Runnable" testcasecount="1" result="Passed" start-time="2024-05-23T05:00:22.8527610Z" end-time="2024-05-23T05:00:22.8559040Z" duration="0.003144" total="1" passed="1" failed="0" warnings="0" inconclusive="0" skipped="0" asserts="1">
              <test-case id="1-1132" name="ThrowsIfCantFit" fullname="PlayersWorlds.Maps.Maze.Maze2DRendererTest.ThrowsIfCantFit" methodname="ThrowsIfCantFit" classname="PlayersWorlds.Maps.Maze.Maze2DRendererTest" runstate="Runnable" seed="1822258917" result="Passed" start-time="2024-05-23T05:00:22.8528420Z" end-time="2024-05-23T05:00:22.8558910Z" duration="0.003048" asserts="1" />
            </test-suite>
            <test-suite type="TestFixture" id="1-1133" name="Maze2DTest" fullname="PlayersWorlds.Maps.Maze.Maze2DTest" classname="PlayersWorlds.Maps.Maze.Maze2DTest" runstate="Runnable" testcasecount="13" result="Passed" start-time="2024-05-23T05:00:22.8559170Z" end-time="2024-05-23T05:00:22.8859160Z" duration="0.030000" total="13" passed="13" failed="0" warnings="0" inconclusive="0" skipped="0" asserts="179">
              <test-case id="1-1140" name="Maze2D_AddsNoRoomsToASmallMaze" fullname="PlayersWorlds.Maps.Maze.Maze2DTest.Maze2D_AddsNoRoomsToASmallMaze" methodname="Maze2D_AddsNoRoomsToASmallMaze" classname="PlayersWorlds.Maps.Maze.Maze2DTest" runstate="Runnable" seed="1673587337" result="Passed" start-time="2024-05-23T05:00:22.8559750Z" end-time="2024-05-23T05:00:22.8637970Z" duration="0.007822" asserts="1" />
              <test-case id="1-1139" name="Maze2D_AddsNoRoomsWhenNoneRequested" fullname="PlayersWorlds.Maps.Maze.Maze2DTest.Maze2D_AddsNoRoomsWhenNoneRequested" methodname="Maze2D_AddsNoRoomsWhenNoneRequested" classname="PlayersWorlds.Maps.Maze.Maze2DTest" runstate="Runnable" seed="2110097425" result="Passed" start-time="2024-05-23T05:00:22.8638120Z" end-time="2024-05-23T05:00:22.8656070Z" duration="0.001795" asserts="1" />
              <test-case id="1-1143" name="Maze2D_AddsOneFill" fullname="PlayersWorlds.Maps.Maze.Maze2DTest.Maze2D_AddsOneFill" methodname="Maze2D_AddsOneFill" classname="PlayersWorlds.Maps.Maze.Maze2DTest" runstate="Runnable" seed="1868714307" result="Passed" start-time="2024-05-23T05:00:22.8656260Z" end-time="2024-05-23T05:00:22.8669850Z" duration="0.001360" asserts="2" />
              <test-case id="1-1142" name="Maze2D_AddsOneHall" fullname="PlayersWorlds.Maps.Maze.Maze2DTest.Maze2D_AddsOneHall" methodname="Maze2D_AddsOneHall" classname="PlayersWorlds.Maps.Maze.Maze2DTest" runstate="Runnable" seed="661704676" result="Passed" start-time="2024-05-23T05:00:22.8669960Z" end-time="2024-05-23T05:00:22.8679260Z" duration="0.000930" asserts="2" />
              <test-case id="1-1141" name="Maze2D_AddsRooms" fullname="PlayersWorlds.Maps.Maze.Maze2DTest.Maze2D_AddsRooms" methodname="Maze2D_AddsRooms" classname="PlayersWorlds.Maps.Maze.Maze2DTest" runstate="Runnable" seed="1175159536" result="Passed" start-time="2024-05-23T05:00:22.8679370Z" end-time="2024-05-23T05:00:22.8710470Z" duration="0.003111" asserts="1" />
              <test-case id="1-1145" name="Maze2D_CanParse" fullname="PlayersWorlds.Maps.Maze.Maze2DTest.Maze2D_CanParse" methodname="Maze2D_CanParse" classname="PlayersWorlds.Maps.Maze.Maze2DTest" runstate="Runnable" seed="267660781" result="Passed" start-time="2024-05-23T05:00:22.8710580Z" end-time="2024-05-23T05:00:22.8727430Z" duration="0.001685" asserts="16" />
              <test-case id="1-1146" name="Maze2D_CanParse2" fullname="PlayersWorlds.Maps.Maze.Maze2DTest.Maze2D_CanParse2" methodname="Maze2D_CanParse2" classname="PlayersWorlds.Maps.Maze.Maze2DTest" runstate="Runnable" seed="1630865169" result="Passed" start-time="2024-05-23T05:00:22.8727540Z" end-time="2024-05-23T05:00:22.8728990Z" duration="0.000145" asserts="1" />
              <test-case id="1-1138" name="Maze2D_CanRenderMap" fullname="PlayersWorlds.Maps.Maze.Maze2DTest.Maze2D_CanRenderMap" methodname="Maze2D_CanRenderMap" classname="PlayersWorlds.Maps.Maze.Maze2DTest" runstate="Runnable" seed="427095484" result="Passed" start-time="2024-05-23T05:00:22.8729060Z" end-time="2024-05-23T05:00:22.8788950Z" duration="0.005989" asserts="1" />
              <test-case id="1-1137" name="Maze2D_CellsNeighborsAreValid" fullname="PlayersWorlds.Maps.Maze.Maze2DTest.Maze2D_CellsNeighborsAreValid" methodname="Maze2D_CellsNeighborsAreValid" classname="PlayersWorlds.Maps.Maze.Maze2DTest" runstate="Runnable" seed="2085357146" result="Passed" start-time="2024-05-23T05:00:22.8789060Z" end-time="2024-05-23T05:00:22.8798500Z" duration="0.000944" asserts="136" />
              <test-case id="1-1144" name="Maze2D_HasExtensionsSet" fullname="PlayersWorlds.Maps.Maze.Maze2DTest.Maze2D_HasExtensionsSet" methodname="Maze2D_HasExtensionsSet" classname="PlayersWorlds.Maps.Maze.Maze2DTest" runstate="Runnable" seed="1766688970" result="Passed" start-time="2024-05-23T05:00:22.8798610Z" end-time="2024-05-23T05:00:22.8801630Z" duration="0.000302" asserts="2" />
              <test-case id="1-1134" name="Maze2D_IsInitialized" fullname="PlayersWorlds.Maps.Maze.Maze2DTest.Maze2D_IsInitialized" methodname="Maze2D_IsInitialized" classname="PlayersWorlds.Maps.Maze.Maze2DTest" runstate="Runnable" seed="1754689679" result="Passed" start-time="2024-05-23T05:00:22.8801710Z" end-time="2024-05-23T05:00:22.8803490Z" duration="0.000179" asserts="4" />
              <test-case id="1-1136" name="Maze2D_ToMapWrongOptions" fullname="PlayersWorlds.Maps.Maze.Maze2DTest.Maze2D_ToMapWrongOptions" methodname="Maze2D_ToMapWrongOptions" classname="PlayersWorlds.Maps.Maze.Maze2DTest" runstate="Runnable" seed="185716971" result="Passed" start-time="2024-05-23T05:00:22.8803560Z" end-time="2024-05-23T05:00:22.8855220Z" duration="0.005166" asserts="7" />
              <test-case id="1-1135" name="Maze2D_WrongSize" fullname="PlayersWorlds.Maps.Maze.Maze2DTest.Maze2D_WrongSize" methodname="Maze2D_WrongSize" classname="PlayersWorlds.Maps.Maze.Maze2DTest" runstate="Runnable" seed="1273530254" result="Passed" start-time="2024-05-23T05:00:22.8855410Z" end-time="2024-05-23T05:00:22.8859050Z" duration="0.000365" asserts="5" />
            </test-suite>
            <test-suite type="TestFixture" id="1-1147" name="MazeCellTest" fullname="PlayersWorlds.Maps.Maze.MazeCellTest" classname="PlayersWorlds.Maps.Maze.MazeCellTest" runstate="Runnable" testcasecount="4" result="Passed" start-time="2024-05-23T05:00:22.8859300Z" end-time="2024-05-23T05:00:22.8879630Z" duration="0.002033" total="4" passed="4" failed="0" warnings="0" inconclusive="0" skipped="0" asserts="19">
              <test-case id="1-1151" name="DoubleLinkingThrowsError" fullname="PlayersWorlds.Maps.Maze.MazeCellTest.DoubleLinkingThrowsError" methodname="DoubleLinkingThrowsError" classname="PlayersWorlds.Maps.Maze.MazeCellTest" runstate="Runnable" seed="2057501455" result="Passed" start-time="2024-05-23T05:00:22.8859900Z" end-time="2024-05-23T05:00:22.8861520Z" duration="0.000162" asserts="1" />
              <test-case id="1-1148" name="LinksAreMutual" fullname="PlayersWorlds.Maps.Maze.MazeCellTest.LinksAreMutual" methodname="LinksAreMutual" classname="PlayersWorlds.Maps.Maze.MazeCellTest" runstate="Runnable" seed="1892747395" result="Passed" start-time="2024-05-23T05:00:22.8861600Z" end-time="2024-05-23T05:00:22.8871530Z" duration="0.000993" asserts="10" />
              <test-case id="1-1149" name="LinksOnlyWithNeighbors" fullname="PlayersWorlds.Maps.Maze.MazeCellTest.LinksOnlyWithNeighbors" methodname="LinksOnlyWithNeighbors" classname="PlayersWorlds.Maps.Maze.MazeCellTest" runstate="Runnable" seed="858770049" result="Passed" start-time="2024-05-23T05:00:22.8871620Z" end-time="2024-05-23T05:00:22.8875580Z" duration="0.000397" asserts="1" />
              <test-case id="1-1150" name="ToStringTest" fullname="PlayersWorlds.Maps.Maze.MazeCellTest.ToStringTest" methodname="ToStringTest" classname="PlayersWorlds.Maps.Maze.MazeCellTest" runstate="Runnable" seed="852485678" result="Passed" start-time="2024-05-23T05:00:22.8875660Z" end-time="2024-05-23T05:00:22.8879520Z" duration="0.000387" asserts="7" />
            </test-suite>
            <test-suite type="TestFixture" id="1-1152" name="MazeGeneratorAreasTest" fullname="PlayersWorlds.Maps.Maze.MazeGeneratorAreasTest" classname="PlayersWorlds.Maps.Maze.MazeGeneratorAreasTest" runstate="Runnable" testcasecount="200" result="Skipped" label="Ignored" site="Child" start-time="2024-05-23T05:00:22.8879740Z" end-time="2024-05-23T05:00:57.7385060Z" duration="34.850532" total="200" passed="98" failed="0" warnings="0" inconclusive="0" skipped="102" asserts="5130">
              <reason>
                <message><![CDATA[One or more child tests were ignored]]></message>
              </reason>
              <test-suite type="ParameterizedMethod" id="1-1173" name="CaveAreasAreAppliedProperly" fullname="PlayersWorlds.Maps.Maze.MazeGeneratorAreasTest.CaveAreasAreAppliedProperly" classname="PlayersWorlds.Maps.Maze.MazeGeneratorAreasTest" runstate="Runnable" testcasecount="6" result="Passed" start-time="2024-05-23T05:00:22.8880260Z" end-time="2024-05-23T05:00:23.3510420Z" duration="0.463017" total="6" passed="6" failed="0" warnings="0" inconclusive="0" skipped="0" asserts="600">
                <properties>
                  <property name="Repeat" value="10" />
                  <property name="Category" value="Integration" />
                </properties>
                <test-case id="1-1167" name="CaveAreasAreAppliedProperly(PlayersWorlds.Maps.Maze.AldousBroderMazeGenerator)" fullname="PlayersWorlds.Maps.Maze.MazeGeneratorAreasTest.CaveAreasAreAppliedProperly(PlayersWorlds.Maps.Maze.AldousBroderMazeGenerator)" methodname="CaveAreasAreAppliedProperly" classname="PlayersWorlds.Maps.Maze.MazeGeneratorAreasTest" runstate="Runnable" seed="770569915" result="Passed" start-time="2024-05-23T05:00:22.8880420Z" end-time="2024-05-23T05:00:23.0269900Z" duration="0.138948" asserts="100" />
                <test-case id="1-1168" name="CaveAreasAreAppliedProperly(PlayersWorlds.Maps.Maze.BinaryTreeMazeGenerator)" fullname="PlayersWorlds.Maps.Maze.MazeGeneratorAreasTest.CaveAreasAreAppliedProperly(PlayersWorlds.Maps.Maze.BinaryTreeMazeGenerator)" methodname="CaveAreasAreAppliedProperly" classname="PlayersWorlds.Maps.Maze.MazeGeneratorAreasTest" runstate="Runnable" seed="1595658540" result="Passed" start-time="2024-05-23T05:00:23.0270070Z" end-time="2024-05-23T05:00:23.0954110Z" duration="0.068404" asserts="100" />
                <test-case id="1-1169" name="CaveAreasAreAppliedProperly(PlayersWorlds.Maps.Maze.HuntAndKillMazeGenerator)" fullname="PlayersWorlds.Maps.Maze.MazeGeneratorAreasTest.CaveAreasAreAppliedProperly(PlayersWorlds.Maps.Maze.HuntAndKillMazeGenerator)" methodname="CaveAreasAreAppliedProperly" classname="PlayersWorlds.Maps.Maze.MazeGeneratorAreasTest" runstate="Runnable" seed="1668456957" result="Passed" start-time="2024-05-23T05:00:23.0954280Z" end-time="2024-05-23T05:00:23.1481460Z" duration="0.052719" asserts="100" />
                <test-case id="1-1170" name="CaveAreasAreAppliedProperly(PlayersWorlds.Maps.Maze.RecursiveBacktrackerMazeGenerator)" fullname="PlayersWorlds.Maps.Maze.MazeGeneratorAreasTest.CaveAreasAreAppliedProperly(PlayersWorlds.Maps.Maze.RecursiveBacktrackerMazeGenerator)" methodname="CaveAreasAreAppliedProperly" classname="PlayersWorlds.Maps.Maze.MazeGeneratorAreasTest" runstate="Runnable" seed="872799618" result="Passed" start-time="2024-05-23T05:00:23.1481610Z" end-time="2024-05-23T05:00:23.2000470Z" duration="0.051887" asserts="100" />
                <test-case id="1-1171" name="CaveAreasAreAppliedProperly(PlayersWorlds.Maps.Maze.SidewinderMazeGenerator)" fullname="PlayersWorlds.Maps.Maze.MazeGeneratorAreasTest.CaveAreasAreAppliedProperly(PlayersWorlds.Maps.Maze.SidewinderMazeGenerator)" methodname="CaveAreasAreAppliedProperly" classname="PlayersWorlds.Maps.Maze.MazeGeneratorAreasTest" runstate="Runnable" seed="1338310324" result="Passed" start-time="2024-05-23T05:00:23.2000610Z" end-time="2024-05-23T05:00:23.2846070Z" duration="0.084546" asserts="100" />
                <test-case id="1-1172" name="CaveAreasAreAppliedProperly(PlayersWorlds.Maps.Maze.WilsonsMazeGenerator)" fullname="PlayersWorlds.Maps.Maze.MazeGeneratorAreasTest.CaveAreasAreAppliedProperly(PlayersWorlds.Maps.Maze.WilsonsMazeGenerator)" methodname="CaveAreasAreAppliedProperly" classname="PlayersWorlds.Maps.Maze.MazeGeneratorAreasTest" runstate="Runnable" seed="445006054" result="Passed" start-time="2024-05-23T05:00:23.2846350Z" end-time="2024-05-23T05:00:23.3510210Z" duration="0.066386" asserts="100" />
              </test-suite>
              <test-suite type="ParameterizedMethod" id="1-1230" name="DenseWalkways" fullname="PlayersWorlds.Maps.Maze.MazeGeneratorAreasTest.DenseWalkways" classname="PlayersWorlds.Maps.Maze.MazeGeneratorAreasTest" runstate="Runnable" testcasecount="18" result="Passed" start-time="2024-05-23T05:00:23.3510590Z" end-time="2024-05-23T05:00:23.6587860Z" duration="0.307726" total="18" passed="18" failed="0" warnings="0" inconclusive="0" skipped="0" asserts="540">
                <properties>
                  <property name="Repeat" value="10" />
                  <property name="Category" value="Integration" />
                </properties>
                <test-case id="1-1212" name="DenseWalkways(PlayersWorlds.Maps.Maze.AldousBroderMazeGenerator,Cave)" fullname="PlayersWorlds.Maps.Maze.MazeGeneratorAreasTest.DenseWalkways(PlayersWorlds.Maps.Maze.AldousBroderMazeGenerator,Cave)" methodname="DenseWalkways" classname="PlayersWorlds.Maps.Maze.MazeGeneratorAreasTest" runstate="Runnable" seed="2077885819" result="Passed" start-time="2024-05-23T05:00:23.3510840Z" end-time="2024-05-23T05:00:23.3789840Z" duration="0.027900" asserts="30" />
                <test-case id="1-1213" name="DenseWalkways(PlayersWorlds.Maps.Maze.AldousBroderMazeGenerator,Hall)" fullname="PlayersWorlds.Maps.Maze.MazeGeneratorAreasTest.DenseWalkways(PlayersWorlds.Maps.Maze.AldousBroderMazeGenerator,Hall)" methodname="DenseWalkways" classname="PlayersWorlds.Maps.Maze.MazeGeneratorAreasTest" runstate="Runnable" seed="1931327786" result="Passed" start-time="2024-05-23T05:00:23.3790070Z" end-time="2024-05-23T05:00:23.4012820Z" duration="0.022275" asserts="30" />
                <test-case id="1-1214" name="DenseWalkways(PlayersWorlds.Maps.Maze.AldousBroderMazeGenerator,Fill)" fullname="PlayersWorlds.Maps.Maze.MazeGeneratorAreasTest.DenseWalkways(PlayersWorlds.Maps.Maze.AldousBroderMazeGenerator,Fill)" methodname="DenseWalkways" classname="PlayersWorlds.Maps.Maze.MazeGeneratorAreasTest" runstate="Runnable" seed="1975011621" result="Passed" start-time="2024-05-23T05:00:23.4012960Z" end-time="2024-05-23T05:00:23.4169330Z" duration="0.015637" asserts="30" />
                <test-case id="1-1215" name="DenseWalkways(PlayersWorlds.Maps.Maze.BinaryTreeMazeGenerator,Cave)" fullname="PlayersWorlds.Maps.Maze.MazeGeneratorAreasTest.DenseWalkways(PlayersWorlds.Maps.Maze.BinaryTreeMazeGenerator,Cave)" methodname="DenseWalkways" classname="PlayersWorlds.Maps.Maze.MazeGeneratorAreasTest" runstate="Runnable" seed="1235491493" result="Passed" start-time="2024-05-23T05:00:23.4169560Z" end-time="2024-05-23T05:00:23.4379180Z" duration="0.020963" asserts="30" />
                <test-case id="1-1216" name="DenseWalkways(PlayersWorlds.Maps.Maze.BinaryTreeMazeGenerator,Hall)" fullname="PlayersWorlds.Maps.Maze.MazeGeneratorAreasTest.DenseWalkways(PlayersWorlds.Maps.Maze.BinaryTreeMazeGenerator,Hall)" methodname="DenseWalkways" classname="PlayersWorlds.Maps.Maze.MazeGeneratorAreasTest" runstate="Runnable" seed="1287055614" result="Passed" start-time="2024-05-23T05:00:23.4379310Z" end-time="2024-05-23T05:00:23.4564130Z" duration="0.018482" asserts="30" />
                <test-case id="1-1217" name="DenseWalkways(PlayersWorlds.Maps.Maze.BinaryTreeMazeGenerator,Fill)" fullname="PlayersWorlds.Maps.Maze.MazeGeneratorAreasTest.DenseWalkways(PlayersWorlds.Maps.Maze.BinaryTreeMazeGenerator,Fill)" methodname="DenseWalkways" classname="PlayersWorlds.Maps.Maze.MazeGeneratorAreasTest" runstate="Runnable" seed="1274511986" result="Passed" start-time="2024-05-23T05:00:23.4564250Z" end-time="2024-05-23T05:00:23.4687720Z" duration="0.012347" asserts="30" />
                <test-case id="1-1218" name="DenseWalkways(PlayersWorlds.Maps.Maze.HuntAndKillMazeGenerator,Cave)" fullname="PlayersWorlds.Maps.Maze.MazeGeneratorAreasTest.DenseWalkways(PlayersWorlds.Maps.Maze.HuntAndKillMazeGenerator,Cave)" methodname="DenseWalkways" classname="PlayersWorlds.Maps.Maze.MazeGeneratorAreasTest" runstate="Runnable" seed="628629943" result="Passed" start-time="2024-05-23T05:00:23.4687840Z" end-time="2024-05-23T05:00:23.4852140Z" duration="0.016430" asserts="30" />
                <test-case id="1-1219" name="DenseWalkways(PlayersWorlds.Maps.Maze.HuntAndKillMazeGenerator,Hall)" fullname="PlayersWorlds.Maps.Maze.MazeGeneratorAreasTest.DenseWalkways(PlayersWorlds.Maps.Maze.HuntAndKillMazeGenerator,Hall)" methodname="DenseWalkways" classname="PlayersWorlds.Maps.Maze.MazeGeneratorAreasTest" runstate="Runnable" seed="2131924495" result="Passed" start-time="2024-05-23T05:00:23.4852270Z" end-time="2024-05-23T05:00:23.5009980Z" duration="0.015771" asserts="30" />
                <test-case id="1-1220" name="DenseWalkways(PlayersWorlds.Maps.Maze.HuntAndKillMazeGenerator,Fill)" fullname="PlayersWorlds.Maps.Maze.MazeGeneratorAreasTest.DenseWalkways(PlayersWorlds.Maps.Maze.HuntAndKillMazeGenerator,Fill)" methodname="DenseWalkways" classname="PlayersWorlds.Maps.Maze.MazeGeneratorAreasTest" runstate="Runnable" seed="474406042" result="Passed" start-time="2024-05-23T05:00:23.5010200Z" end-time="2024-05-23T05:00:23.5123050Z" duration="0.011286" asserts="30" />
                <test-case id="1-1221" name="DenseWalkways(PlayersWorlds.Maps.Maze.RecursiveBacktrackerMazeGenerator,Cave)" fullname="PlayersWorlds.Maps.Maze.MazeGeneratorAreasTest.DenseWalkways(PlayersWorlds.Maps.Maze.RecursiveBacktrackerMazeGenerator,Cave)" methodname="DenseWalkways" classname="PlayersWorlds.Maps.Maze.MazeGeneratorAreasTest" runstate="Runnable" seed="2134821934" result="Passed" start-time="2024-05-23T05:00:23.5123220Z" end-time="2024-05-23T05:00:23.5292770Z" duration="0.016955" asserts="30" />
                <test-case id="1-1222" name="DenseWalkways(PlayersWorlds.Maps.Maze.RecursiveBacktrackerMazeGenerator,Hall)" fullname="PlayersWorlds.Maps.Maze.MazeGeneratorAreasTest.DenseWalkways(PlayersWorlds.Maps.Maze.RecursiveBacktrackerMazeGenerator,Hall)" methodname="DenseWalkways" classname="PlayersWorlds.Maps.Maze.MazeGeneratorAreasTest" runstate="Runnable" seed="1887891030" result="Passed" start-time="2024-05-23T05:00:23.5293000Z" end-time="2024-05-23T05:00:23.5448210Z" duration="0.015522" asserts="30" />
                <test-case id="1-1223" name="DenseWalkways(PlayersWorlds.Maps.Maze.RecursiveBacktrackerMazeGenerator,Fill)" fullname="PlayersWorlds.Maps.Maze.MazeGeneratorAreasTest.DenseWalkways(PlayersWorlds.Maps.Maze.RecursiveBacktrackerMazeGenerator,Fill)" methodname="DenseWalkways" classname="PlayersWorlds.Maps.Maze.MazeGeneratorAreasTest" runstate="Runnable" seed="2115996091" result="Passed" start-time="2024-05-23T05:00:23.5448350Z" end-time="2024-05-23T05:00:23.5545640Z" duration="0.009729" asserts="30" />
                <test-case id="1-1224" name="DenseWalkways(PlayersWorlds.Maps.Maze.SidewinderMazeGenerator,Cave)" fullname="PlayersWorlds.Maps.Maze.MazeGeneratorAreasTest.DenseWalkways(PlayersWorlds.Maps.Maze.SidewinderMazeGenerator,Cave)" methodname="DenseWalkways" classname="PlayersWorlds.Maps.Maze.MazeGeneratorAreasTest" runstate="Runnable" seed="515530670" result="Passed" start-time="2024-05-23T05:00:23.5545780Z" end-time="2024-05-23T05:00:23.5774060Z" duration="0.022829" asserts="30" />
                <test-case id="1-1225" name="DenseWalkways(PlayersWorlds.Maps.Maze.SidewinderMazeGenerator,Hall)" fullname="PlayersWorlds.Maps.Maze.MazeGeneratorAreasTest.DenseWalkways(PlayersWorlds.Maps.Maze.SidewinderMazeGenerator,Hall)" methodname="DenseWalkways" classname="PlayersWorlds.Maps.Maze.MazeGeneratorAreasTest" runstate="Runnable" seed="1045301897" result="Passed" start-time="2024-05-23T05:00:23.5774210Z" end-time="2024-05-23T05:00:23.5965160Z" duration="0.019096" asserts="30" />
                <test-case id="1-1226" name="DenseWalkways(PlayersWorlds.Maps.Maze.SidewinderMazeGenerator,Fill)" fullname="PlayersWorlds.Maps.Maze.MazeGeneratorAreasTest.DenseWalkways(PlayersWorlds.Maps.Maze.SidewinderMazeGenerator,Fill)" methodname="DenseWalkways" classname="PlayersWorlds.Maps.Maze.MazeGeneratorAreasTest" runstate="Runnable" seed="1995297619" result="Passed" start-time="2024-05-23T05:00:23.5965310Z" end-time="2024-05-23T05:00:23.6103950Z" duration="0.013865" asserts="30" />
                <test-case id="1-1227" name="DenseWalkways(PlayersWorlds.Maps.Maze.WilsonsMazeGenerator,Cave)" fullname="PlayersWorlds.Maps.Maze.MazeGeneratorAreasTest.DenseWalkways(PlayersWorlds.Maps.Maze.WilsonsMazeGenerator,Cave)" methodname="DenseWalkways" classname="PlayersWorlds.Maps.Maze.MazeGeneratorAreasTest" runstate="Runnable" seed="901150328" result="Passed" start-time="2024-05-23T05:00:23.6104180Z" end-time="2024-05-23T05:00:23.6278190Z" duration="0.017401" asserts="30" />
                <test-case id="1-1228" name="DenseWalkways(PlayersWorlds.Maps.Maze.WilsonsMazeGenerator,Hall)" fullname="PlayersWorlds.Maps.Maze.MazeGeneratorAreasTest.DenseWalkways(PlayersWorlds.Maps.Maze.WilsonsMazeGenerator,Hall)" methodname="DenseWalkways" classname="PlayersWorlds.Maps.Maze.MazeGeneratorAreasTest" runstate="Runnable" seed="298943268" result="Passed" start-time="2024-05-23T05:00:23.6278310Z" end-time="2024-05-23T05:00:23.6463220Z" duration="0.018491" asserts="30" />
                <test-case id="1-1229" name="DenseWalkways(PlayersWorlds.Maps.Maze.WilsonsMazeGenerator,Fill)" fullname="PlayersWorlds.Maps.Maze.MazeGeneratorAreasTest.DenseWalkways(PlayersWorlds.Maps.Maze.WilsonsMazeGenerator,Fill)" methodname="DenseWalkways" classname="PlayersWorlds.Maps.Maze.MazeGeneratorAreasTest" runstate="Runnable" seed="1624619010" result="Passed" start-time="2024-05-23T05:00:23.6463370Z" end-time="2024-05-23T05:00:23.6587700Z" duration="0.012433" asserts="30" />
              </test-suite>
              <test-suite type="ParameterizedMethod" id="1-1159" name="FillAreasAreAppliedProperly" fullname="PlayersWorlds.Maps.Maze.MazeGeneratorAreasTest.FillAreasAreAppliedProperly" classname="PlayersWorlds.Maps.Maze.MazeGeneratorAreasTest" runstate="Runnable" testcasecount="6" result="Passed" start-time="2024-05-23T05:00:23.6587990Z" end-time="2024-05-23T05:00:23.9602660Z" duration="0.301467" total="6" passed="6" failed="0" warnings="0" inconclusive="0" skipped="0" asserts="300">
                <properties>
                  <property name="Repeat" value="10" />
                  <property name="Category" value="Integration" />
                </properties>
                <test-case id="1-1153" name="FillAreasAreAppliedProperly(PlayersWorlds.Maps.Maze.AldousBroderMazeGenerator)" fullname="PlayersWorlds.Maps.Maze.MazeGeneratorAreasTest.FillAreasAreAppliedProperly(PlayersWorlds.Maps.Maze.AldousBroderMazeGenerator)" methodname="FillAreasAreAppliedProperly" classname="PlayersWorlds.Maps.Maze.MazeGeneratorAreasTest" runstate="Runnable" seed="331901040" result="Passed" start-time="2024-05-23T05:00:23.6588230Z" end-time="2024-05-23T05:00:23.7333680Z" duration="0.074545" asserts="50" />
                <test-case id="1-1154" name="FillAreasAreAppliedProperly(PlayersWorlds.Maps.Maze.BinaryTreeMazeGenerator)" fullname="PlayersWorlds.Maps.Maze.MazeGeneratorAreasTest.FillAreasAreAppliedProperly(PlayersWorlds.Maps.Maze.BinaryTreeMazeGenerator)" methodname="FillAreasAreAppliedProperly" classname="PlayersWorlds.Maps.Maze.MazeGeneratorAreasTest" runstate="Runnable" seed="710809471" result="Passed" start-time="2024-05-23T05:00:23.7333860Z" end-time="2024-05-23T05:00:23.7851120Z" duration="0.051726" asserts="50" />
                <test-case id="1-1155" name="FillAreasAreAppliedProperly(PlayersWorlds.Maps.Maze.HuntAndKillMazeGenerator)" fullname="PlayersWorlds.Maps.Maze.MazeGeneratorAreasTest.FillAreasAreAppliedProperly(PlayersWorlds.Maps.Maze.HuntAndKillMazeGenerator)" methodname="FillAreasAreAppliedProperly" classname="PlayersWorlds.Maps.Maze.MazeGeneratorAreasTest" runstate="Runnable" seed="2071628168" result="Passed" start-time="2024-05-23T05:00:23.7851450Z" end-time="2024-05-23T05:00:23.8224230Z" duration="0.037277" asserts="50" />
                <test-case id="1-1156" name="FillAreasAreAppliedProperly(PlayersWorlds.Maps.Maze.RecursiveBacktrackerMazeGenerator)" fullname="PlayersWorlds.Maps.Maze.MazeGeneratorAreasTest.FillAreasAreAppliedProperly(PlayersWorlds.Maps.Maze.RecursiveBacktrackerMazeGenerator)" methodname="FillAreasAreAppliedProperly" classname="PlayersWorlds.Maps.Maze.MazeGeneratorAreasTest" runstate="Runnable" seed="576877399" result="Passed" start-time="2024-05-23T05:00:23.8224470Z" end-time="2024-05-23T05:00:23.8606330Z" duration="0.038186" asserts="50" />
                <test-case id="1-1157" name="FillAreasAreAppliedProperly(PlayersWorlds.Maps.Maze.SidewinderMazeGenerator)" fullname="PlayersWorlds.Maps.Maze.MazeGeneratorAreasTest.FillAreasAreAppliedProperly(PlayersWorlds.Maps.Maze.SidewinderMazeGenerator)" methodname="FillAreasAreAppliedProperly" classname="PlayersWorlds.Maps.Maze.MazeGeneratorAreasTest" runstate="Runnable" seed="1484650992" result="Passed" start-time="2024-05-23T05:00:23.8606500Z" end-time="2024-05-23T05:00:23.9172350Z" duration="0.056585" asserts="50" />
                <test-case id="1-1158" name="FillAreasAreAppliedProperly(PlayersWorlds.Maps.Maze.WilsonsMazeGenerator)" fullname="PlayersWorlds.Maps.Maze.MazeGeneratorAreasTest.FillAreasAreAppliedProperly(PlayersWorlds.Maps.Maze.WilsonsMazeGenerator)" methodname="FillAreasAreAppliedProperly" classname="PlayersWorlds.Maps.Maze.MazeGeneratorAreasTest" runstate="Runnable" seed="49498698" result="Passed" start-time="2024-05-23T05:00:23.9172500Z" end-time="2024-05-23T05:00:23.9602490Z" duration="0.042999" asserts="50" />
              </test-suite>
              <test-suite type="ParameterizedMethod" id="1-1166" name="HallAreasAreAppliedProperly" fullname="PlayersWorlds.Maps.Maze.MazeGeneratorAreasTest.HallAreasAreAppliedProperly" classname="PlayersWorlds.Maps.Maze.MazeGeneratorAreasTest" runstate="Runnable" testcasecount="6" result="Passed" start-time="2024-05-23T05:00:23.9602800Z" end-time="2024-05-23T05:00:35.6188590Z" duration="11.658579" total="6" passed="6" failed="0" warnings="0" inconclusive="0" skipped="0" asserts="600">
                <properties>
                  <property name="Repeat" value="10" />
                  <property name="Category" value="Integration" />
                </properties>
                <test-case id="1-1160" name="HallAreasAreAppliedProperly(PlayersWorlds.Maps.Maze.AldousBroderMazeGenerator)" fullname="PlayersWorlds.Maps.Maze.MazeGeneratorAreasTest.HallAreasAreAppliedProperly(PlayersWorlds.Maps.Maze.AldousBroderMazeGenerator)" methodname="HallAreasAreAppliedProperly" classname="PlayersWorlds.Maps.Maze.MazeGeneratorAreasTest" runstate="Runnable" seed="1517648610" result="Passed" start-time="2024-05-23T05:00:23.9603030Z" end-time="2024-05-23T05:00:25.8759690Z" duration="1.915666" asserts="100" />
                <test-case id="1-1161" name="HallAreasAreAppliedProperly(PlayersWorlds.Maps.Maze.BinaryTreeMazeGenerator)" fullname="PlayersWorlds.Maps.Maze.MazeGeneratorAreasTest.HallAreasAreAppliedProperly(PlayersWorlds.Maps.Maze.BinaryTreeMazeGenerator)" methodname="HallAreasAreAppliedProperly" classname="PlayersWorlds.Maps.Maze.MazeGeneratorAreasTest" runstate="Runnable" seed="605965290" result="Passed" start-time="2024-05-23T05:00:25.8759960Z" end-time="2024-05-23T05:00:27.7861340Z" duration="1.910139" asserts="100" />
                <test-case id="1-1162" name="HallAreasAreAppliedProperly(PlayersWorlds.Maps.Maze.HuntAndKillMazeGenerator)" fullname="PlayersWorlds.Maps.Maze.MazeGeneratorAreasTest.HallAreasAreAppliedProperly(PlayersWorlds.Maps.Maze.HuntAndKillMazeGenerator)" methodname="HallAreasAreAppliedProperly" classname="PlayersWorlds.Maps.Maze.MazeGeneratorAreasTest" runstate="Runnable" seed="1811283395" result="Passed" start-time="2024-05-23T05:00:27.7861530Z" end-time="2024-05-23T05:00:29.7573180Z" duration="1.971165" asserts="100" />
                <test-case id="1-1163" name="HallAreasAreAppliedProperly(PlayersWorlds.Maps.Maze.RecursiveBacktrackerMazeGenerator)" fullname="PlayersWorlds.Maps.Maze.MazeGeneratorAreasTest.HallAreasAreAppliedProperly(PlayersWorlds.Maps.Maze.RecursiveBacktrackerMazeGenerator)" methodname="HallAreasAreAppliedProperly" classname="PlayersWorlds.Maps.Maze.MazeGeneratorAreasTest" runstate="Runnable" seed="525596569" result="Passed" start-time="2024-05-23T05:00:29.7573380Z" end-time="2024-05-23T05:00:31.7157070Z" duration="1.958369" asserts="100" />
                <test-case id="1-1164" name="HallAreasAreAppliedProperly(PlayersWorlds.Maps.Maze.SidewinderMazeGenerator)" fullname="PlayersWorlds.Maps.Maze.MazeGeneratorAreasTest.HallAreasAreAppliedProperly(PlayersWorlds.Maps.Maze.SidewinderMazeGenerator)" methodname="HallAreasAreAppliedProperly" classname="PlayersWorlds.Maps.Maze.MazeGeneratorAreasTest" runstate="Runnable" seed="319940145" result="Passed" start-time="2024-05-23T05:00:31.7157250Z" end-time="2024-05-23T05:00:33.6685720Z" duration="1.952847" asserts="100" />
                <test-case id="1-1165" name="HallAreasAreAppliedProperly(PlayersWorlds.Maps.Maze.WilsonsMazeGenerator)" fullname="PlayersWorlds.Maps.Maze.MazeGeneratorAreasTest.HallAreasAreAppliedProperly(PlayersWorlds.Maps.Maze.WilsonsMazeGenerator)" methodname="HallAreasAreAppliedProperly" classname="PlayersWorlds.Maps.Maze.MazeGeneratorAreasTest" runstate="Runnable" seed="1636641576" result="Passed" start-time="2024-05-23T05:00:33.6685910Z" end-time="2024-05-23T05:00:35.6188390Z" duration="1.950249" asserts="100" />
              </test-suite>
              <test-case id="1-1359" name="ManualAndAutoAreasGeneration" fullname="PlayersWorlds.Maps.Maze.MazeGeneratorAreasTest.ManualAndAutoAreasGeneration" methodname="ManualAndAutoAreasGeneration" classname="PlayersWorlds.Maps.Maze.MazeGeneratorAreasTest" runstate="Runnable" seed="1513140156" result="Passed" start-time="2024-05-23T05:00:35.6188720Z" end-time="2024-05-23T05:00:39.9169260Z" duration="4.298054" asserts="200">
                <properties>
                  <property name="Repeat" value="100" />
                  <property name="Category" value="Integration" />
                </properties>
              </test-case>
              <test-suite type="ParameterizedMethod" id="1-1192" name="OverlappingAreasAreAppliedProperly" fullname="PlayersWorlds.Maps.Maze.MazeGeneratorAreasTest.OverlappingAreasAreAppliedProperly" classname="PlayersWorlds.Maps.Maze.MazeGeneratorAreasTest" runstate="Runnable" testcasecount="18" result="Passed" start-time="2024-05-23T05:00:39.9169460Z" end-time="2024-05-23T05:00:41.0419780Z" duration="1.125032" total="18" passed="18" failed="0" warnings="0" inconclusive="0" skipped="0" asserts="1320">
                <properties>
                  <property name="Repeat" value="10" />
                  <property name="Category" value="Integration" />
                </properties>
                <test-case id="1-1174" name="OverlappingAreasAreAppliedProperly(PlayersWorlds.Maps.Maze.AldousBroderMazeGenerator,Cave)" fullname="PlayersWorlds.Maps.Maze.MazeGeneratorAreasTest.OverlappingAreasAreAppliedProperly(PlayersWorlds.Maps.Maze.AldousBroderMazeGenerator,Cave)" methodname="OverlappingAreasAreAppliedProperly" classname="PlayersWorlds.Maps.Maze.MazeGeneratorAreasTest" runstate="Runnable" seed="572712923" result="Passed" start-time="2024-05-23T05:00:39.9169730Z" end-time="2024-05-23T05:00:40.0278190Z" duration="0.110847" asserts="80" />
                <test-case id="1-1175" name="OverlappingAreasAreAppliedProperly(PlayersWorlds.Maps.Maze.AldousBroderMazeGenerator,Hall)" fullname="PlayersWorlds.Maps.Maze.MazeGeneratorAreasTest.OverlappingAreasAreAppliedProperly(PlayersWorlds.Maps.Maze.AldousBroderMazeGenerator,Hall)" methodname="OverlappingAreasAreAppliedProperly" classname="PlayersWorlds.Maps.Maze.MazeGeneratorAreasTest" runstate="Runnable" seed="331282004" result="Passed" start-time="2024-05-23T05:00:40.0278360Z" end-time="2024-05-23T05:00:40.1145870Z" duration="0.086751" asserts="80" />
                <test-case id="1-1176" name="OverlappingAreasAreAppliedProperly(PlayersWorlds.Maps.Maze.AldousBroderMazeGenerator,Fill)" fullname="PlayersWorlds.Maps.Maze.MazeGeneratorAreasTest.OverlappingAreasAreAppliedProperly(PlayersWorlds.Maps.Maze.AldousBroderMazeGenerator,Fill)" methodname="OverlappingAreasAreAppliedProperly" classname="PlayersWorlds.Maps.Maze.MazeGeneratorAreasTest" runstate="Runnable" seed="1084913082" result="Passed" start-time="2024-05-23T05:00:40.1146050Z" end-time="2024-05-23T05:00:40.1887540Z" duration="0.074150" asserts="60" />
                <test-case id="1-1177" name="OverlappingAreasAreAppliedProperly(PlayersWorlds.Maps.Maze.BinaryTreeMazeGenerator,Cave)" fullname="PlayersWorlds.Maps.Maze.MazeGeneratorAreasTest.OverlappingAreasAreAppliedProperly(PlayersWorlds.Maps.Maze.BinaryTreeMazeGenerator,Cave)" methodname="OverlappingAreasAreAppliedProperly" classname="PlayersWorlds.Maps.Maze.MazeGeneratorAreasTest" runstate="Runnable" seed="2079908917" result="Passed" start-time="2024-05-23T05:00:40.1887700Z" end-time="2024-05-23T05:00:40.2687450Z" duration="0.079975" asserts="80" />
                <test-case id="1-1178" name="OverlappingAreasAreAppliedProperly(PlayersWorlds.Maps.Maze.BinaryTreeMazeGenerator,Hall)" fullname="PlayersWorlds.Maps.Maze.MazeGeneratorAreasTest.OverlappingAreasAreAppliedProperly(PlayersWorlds.Maps.Maze.BinaryTreeMazeGenerator,Hall)" methodname="OverlappingAreasAreAppliedProperly" classname="PlayersWorlds.Maps.Maze.MazeGeneratorAreasTest" runstate="Runnable" seed="1295278802" result="Passed" start-time="2024-05-23T05:00:40.2687590Z" end-time="2024-05-23T05:00:40.3307780Z" duration="0.062019" asserts="80" />
                <test-case id="1-1179" name="OverlappingAreasAreAppliedProperly(PlayersWorlds.Maps.Maze.BinaryTreeMazeGenerator,Fill)" fullname="PlayersWorlds.Maps.Maze.MazeGeneratorAreasTest.OverlappingAreasAreAppliedProperly(PlayersWorlds.Maps.Maze.BinaryTreeMazeGenerator,Fill)" methodname="OverlappingAreasAreAppliedProperly" classname="PlayersWorlds.Maps.Maze.MazeGeneratorAreasTest" runstate="Runnable" seed="161497322" result="Passed" start-time="2024-05-23T05:00:40.3307920Z" end-time="2024-05-23T05:00:40.3788110Z" duration="0.048020" asserts="60" />
                <test-case id="1-1180" name="OverlappingAreasAreAppliedProperly(PlayersWorlds.Maps.Maze.HuntAndKillMazeGenerator,Cave)" fullname="PlayersWorlds.Maps.Maze.MazeGeneratorAreasTest.OverlappingAreasAreAppliedProperly(PlayersWorlds.Maps.Maze.HuntAndKillMazeGenerator,Cave)" methodname="OverlappingAreasAreAppliedProperly" classname="PlayersWorlds.Maps.Maze.MazeGeneratorAreasTest" runstate="Runnable" seed="618960086" result="Passed" start-time="2024-05-23T05:00:40.3788250Z" end-time="2024-05-23T05:00:40.4405900Z" duration="0.061765" asserts="80" />
                <test-case id="1-1181" name="OverlappingAreasAreAppliedProperly(PlayersWorlds.Maps.Maze.HuntAndKillMazeGenerator,Hall)" fullname="PlayersWorlds.Maps.Maze.MazeGeneratorAreasTest.OverlappingAreasAreAppliedProperly(PlayersWorlds.Maps.Maze.HuntAndKillMazeGenerator,Hall)" methodname="OverlappingAreasAreAppliedProperly" classname="PlayersWorlds.Maps.Maze.MazeGeneratorAreasTest" runstate="Runnable" seed="839645434" result="Passed" start-time="2024-05-23T05:00:40.4406030Z" end-time="2024-05-23T05:00:40.4890030Z" duration="0.048400" asserts="80" />
                <test-case id="1-1182" name="OverlappingAreasAreAppliedProperly(PlayersWorlds.Maps.Maze.HuntAndKillMazeGenerator,Fill)" fullname="PlayersWorlds.Maps.Maze.MazeGeneratorAreasTest.OverlappingAreasAreAppliedProperly(PlayersWorlds.Maps.Maze.HuntAndKillMazeGenerator,Fill)" methodname="OverlappingAreasAreAppliedProperly" classname="PlayersWorlds.Maps.Maze.MazeGeneratorAreasTest" runstate="Runnable" seed="563710131" result="Passed" start-time="2024-05-23T05:00:40.4890170Z" end-time="2024-05-23T05:00:40.5201510Z" duration="0.031134" asserts="60" />
                <test-case id="1-1183" name="OverlappingAreasAreAppliedProperly(PlayersWorlds.Maps.Maze.RecursiveBacktrackerMazeGenerator,Cave)" fullname="PlayersWorlds.Maps.Maze.MazeGeneratorAreasTest.OverlappingAreasAreAppliedProperly(PlayersWorlds.Maps.Maze.RecursiveBacktrackerMazeGenerator,Cave)" methodname="OverlappingAreasAreAppliedProperly" classname="PlayersWorlds.Maps.Maze.MazeGeneratorAreasTest" runstate="Runnable" seed="533010184" result="Passed" start-time="2024-05-23T05:00:40.5201630Z" end-time="2024-05-23T05:00:40.5842170Z" duration="0.064054" asserts="80" />
                <test-case id="1-1184" name="OverlappingAreasAreAppliedProperly(PlayersWorlds.Maps.Maze.RecursiveBacktrackerMazeGenerator,Hall)" fullname="PlayersWorlds.Maps.Maze.MazeGeneratorAreasTest.OverlappingAreasAreAppliedProperly(PlayersWorlds.Maps.Maze.RecursiveBacktrackerMazeGenerator,Hall)" methodname="OverlappingAreasAreAppliedProperly" classname="PlayersWorlds.Maps.Maze.MazeGeneratorAreasTest" runstate="Runnable" seed="604454349" result="Passed" start-time="2024-05-23T05:00:40.5842300Z" end-time="2024-05-23T05:00:40.6342340Z" duration="0.050004" asserts="80" />
                <test-case id="1-1185" name="OverlappingAreasAreAppliedProperly(PlayersWorlds.Maps.Maze.RecursiveBacktrackerMazeGenerator,Fill)" fullname="PlayersWorlds.Maps.Maze.MazeGeneratorAreasTest.OverlappingAreasAreAppliedProperly(PlayersWorlds.Maps.Maze.RecursiveBacktrackerMazeGenerator,Fill)" methodname="OverlappingAreasAreAppliedProperly" classname="PlayersWorlds.Maps.Maze.MazeGeneratorAreasTest" runstate="Runnable" seed="2105984753" result="Passed" start-time="2024-05-23T05:00:40.6342470Z" end-time="2024-05-23T05:00:40.6662250Z" duration="0.031979" asserts="60" />
                <test-case id="1-1186" name="OverlappingAreasAreAppliedProperly(PlayersWorlds.Maps.Maze.SidewinderMazeGenerator,Cave)" fullname="PlayersWorlds.Maps.Maze.MazeGeneratorAreasTest.OverlappingAreasAreAppliedProperly(PlayersWorlds.Maps.Maze.SidewinderMazeGenerator,Cave)" methodname="OverlappingAreasAreAppliedProperly" classname="PlayersWorlds.Maps.Maze.MazeGeneratorAreasTest" runstate="Runnable" seed="1774755686" result="Passed" start-time="2024-05-23T05:00:40.6662460Z" end-time="2024-05-23T05:00:40.7518740Z" duration="0.085628" asserts="80" />
                <test-case id="1-1187" name="OverlappingAreasAreAppliedProperly(PlayersWorlds.Maps.Maze.SidewinderMazeGenerator,Hall)" fullname="PlayersWorlds.Maps.Maze.MazeGeneratorAreasTest.OverlappingAreasAreAppliedProperly(PlayersWorlds.Maps.Maze.SidewinderMazeGenerator,Hall)" methodname="OverlappingAreasAreAppliedProperly" classname="PlayersWorlds.Maps.Maze.MazeGeneratorAreasTest" runstate="Runnable" seed="871580483" result="Passed" start-time="2024-05-23T05:00:40.7518910Z" end-time="2024-05-23T05:00:40.8172070Z" duration="0.065316" asserts="80" />
                <test-case id="1-1188" name="OverlappingAreasAreAppliedProperly(PlayersWorlds.Maps.Maze.SidewinderMazeGenerator,Fill)" fullname="PlayersWorlds.Maps.Maze.MazeGeneratorAreasTest.OverlappingAreasAreAppliedProperly(PlayersWorlds.Maps.Maze.SidewinderMazeGenerator,Fill)" methodname="OverlappingAreasAreAppliedProperly" classname="PlayersWorlds.Maps.Maze.MazeGeneratorAreasTest" runstate="Runnable" seed="1581094225" result="Passed" start-time="2024-05-23T05:00:40.8172310Z" end-time="2024-05-23T05:00:40.8678500Z" duration="0.050618" asserts="60" />
                <test-case id="1-1189" name="OverlappingAreasAreAppliedProperly(PlayersWorlds.Maps.Maze.WilsonsMazeGenerator,Cave)" fullname="PlayersWorlds.Maps.Maze.MazeGeneratorAreasTest.OverlappingAreasAreAppliedProperly(PlayersWorlds.Maps.Maze.WilsonsMazeGenerator,Cave)" methodname="OverlappingAreasAreAppliedProperly" classname="PlayersWorlds.Maps.Maze.MazeGeneratorAreasTest" runstate="Runnable" seed="1964165687" result="Passed" start-time="2024-05-23T05:00:40.8678640Z" end-time="2024-05-23T05:00:40.9406710Z" duration="0.072807" asserts="80" />
                <test-case id="1-1190" name="OverlappingAreasAreAppliedProperly(PlayersWorlds.Maps.Maze.WilsonsMazeGenerator,Hall)" fullname="PlayersWorlds.Maps.Maze.MazeGeneratorAreasTest.OverlappingAreasAreAppliedProperly(PlayersWorlds.Maps.Maze.WilsonsMazeGenerator,Hall)" methodname="OverlappingAreasAreAppliedProperly" classname="PlayersWorlds.Maps.Maze.MazeGeneratorAreasTest" runstate="Runnable" seed="1099082950" result="Passed" start-time="2024-05-23T05:00:40.9406860Z" end-time="2024-05-23T05:00:40.9989880Z" duration="0.058303" asserts="80" />
                <test-case id="1-1191" name="OverlappingAreasAreAppliedProperly(PlayersWorlds.Maps.Maze.WilsonsMazeGenerator,Fill)" fullname="PlayersWorlds.Maps.Maze.MazeGeneratorAreasTest.OverlappingAreasAreAppliedProperly(PlayersWorlds.Maps.Maze.WilsonsMazeGenerator,Fill)" methodname="OverlappingAreasAreAppliedProperly" classname="PlayersWorlds.Maps.Maze.MazeGeneratorAreasTest" runstate="Runnable" seed="1298193121" result="Passed" start-time="2024-05-23T05:00:40.9990050Z" end-time="2024-05-23T05:00:41.0419440Z" duration="0.042939" asserts="60" />
              </test-suite>
              <test-suite type="ParameterizedMethod" id="1-1358" name="ScatteredAreas" fullname="PlayersWorlds.Maps.Maze.MazeGeneratorAreasTest.ScatteredAreas" classname="PlayersWorlds.Maps.Maze.MazeGeneratorAreasTest" runstate="Runnable" testcasecount="126" result="Skipped" label="Ignored" site="Child" start-time="2024-05-23T05:00:41.0419990Z" end-time="2024-05-23T05:00:57.5619170Z" duration="16.519918" total="126" passed="24" failed="0" warnings="0" inconclusive="0" skipped="102" asserts="480">
                <properties>
                  <property name="Repeat" value="10" />
                  <property name="Category" value="Integration" />
                </properties>
                <reason>
                  <message><![CDATA[One or more child tests were ignored]]></message>
                </reason>
                <test-case id="1-1232" name="ScatteredAreas(PlayersWorlds.Maps.Maze.AldousBroderMazeGenerator,Cave,Quarter)" fullname="PlayersWorlds.Maps.Maze.MazeGeneratorAreasTest.ScatteredAreas(PlayersWorlds.Maps.Maze.AldousBroderMazeGenerator,Cave,Quarter)" methodname="ScatteredAreas" classname="PlayersWorlds.Maps.Maze.MazeGeneratorAreasTest" runstate="Runnable" seed="473702135" result="Skipped" label="Ignored" start-time="2024-05-23T05:00:41.0420360Z" end-time="2024-05-23T05:00:41.0428840Z" duration="0.000848" asserts="0" />
                <test-case id="1-1233" name="ScatteredAreas(PlayersWorlds.Maps.Maze.AldousBroderMazeGenerator,Cave,Half)" fullname="PlayersWorlds.Maps.Maze.MazeGeneratorAreasTest.ScatteredAreas(PlayersWorlds.Maps.Maze.AldousBroderMazeGenerator,Cave,Half)" methodname="ScatteredAreas" classname="PlayersWorlds.Maps.Maze.MazeGeneratorAreasTest" runstate="Runnable" seed="965603951" result="Skipped" label="Ignored" start-time="2024-05-23T05:00:41.0429010Z" end-time="2024-05-23T05:00:41.0435540Z" duration="0.000654" asserts="0" />
                <test-case id="1-1234" name="ScatteredAreas(PlayersWorlds.Maps.Maze.AldousBroderMazeGenerator,Cave,ThreeQuarters)" fullname="PlayersWorlds.Maps.Maze.MazeGeneratorAreasTest.ScatteredAreas(PlayersWorlds.Maps.Maze.AldousBroderMazeGenerator,Cave,ThreeQuarters)" methodname="ScatteredAreas" classname="PlayersWorlds.Maps.Maze.MazeGeneratorAreasTest" runstate="Runnable" seed="1561479310" result="Skipped" label="Ignored" start-time="2024-05-23T05:00:41.0435620Z" end-time="2024-05-23T05:00:41.0436360Z" duration="0.000074" asserts="0" />
                <test-case id="1-1235" name="ScatteredAreas(PlayersWorlds.Maps.Maze.AldousBroderMazeGenerator,Cave,NinetyPercent)" fullname="PlayersWorlds.Maps.Maze.MazeGeneratorAreasTest.ScatteredAreas(PlayersWorlds.Maps.Maze.AldousBroderMazeGenerator,Cave,NinetyPercent)" methodname="ScatteredAreas" classname="PlayersWorlds.Maps.Maze.MazeGeneratorAreasTest" runstate="Runnable" seed="1332801380" result="Skipped" label="Ignored" start-time="2024-05-23T05:00:41.0436410Z" end-time="2024-05-23T05:00:41.0436980Z" duration="0.000056" asserts="0" />
                <test-case id="1-1236" name="ScatteredAreas(PlayersWorlds.Maps.Maze.AldousBroderMazeGenerator,Cave,FullWidth)" fullname="PlayersWorlds.Maps.Maze.MazeGeneratorAreasTest.ScatteredAreas(PlayersWorlds.Maps.Maze.AldousBroderMazeGenerator,Cave,FullWidth)" methodname="ScatteredAreas" classname="PlayersWorlds.Maps.Maze.MazeGeneratorAreasTest" runstate="Runnable" seed="1755561144" result="Skipped" label="Ignored" start-time="2024-05-23T05:00:41.0437030Z" end-time="2024-05-23T05:00:41.0437540Z" duration="0.000051" asserts="0" />
                <test-case id="1-1237" name="ScatteredAreas(PlayersWorlds.Maps.Maze.AldousBroderMazeGenerator,Cave,FullHeight)" fullname="PlayersWorlds.Maps.Maze.MazeGeneratorAreasTest.ScatteredAreas(PlayersWorlds.Maps.Maze.AldousBroderMazeGenerator,Cave,FullHeight)" methodname="ScatteredAreas" classname="PlayersWorlds.Maps.Maze.MazeGeneratorAreasTest" runstate="Runnable" seed="1678348914" result="Skipped" label="Ignored" start-time="2024-05-23T05:00:41.0437590Z" end-time="2024-05-23T05:00:41.0438090Z" duration="0.000051" asserts="0" />
                <test-case id="1-1238" name="ScatteredAreas(PlayersWorlds.Maps.Maze.AldousBroderMazeGenerator,Cave,Full)" fullname="PlayersWorlds.Maps.Maze.MazeGeneratorAreasTest.ScatteredAreas(PlayersWorlds.Maps.Maze.AldousBroderMazeGenerator,Cave,Full)" methodname="ScatteredAreas" classname="PlayersWorlds.Maps.Maze.MazeGeneratorAreasTest" runstate="Runnable" seed="1527462198" result="Passed" start-time="2024-05-23T05:00:41.0438150Z" end-time="2024-05-23T05:00:41.9308640Z" duration="0.887049" asserts="20" />
                <test-case id="1-1239" name="ScatteredAreas(PlayersWorlds.Maps.Maze.AldousBroderMazeGenerator,Hall,Quarter)" fullname="PlayersWorlds.Maps.Maze.MazeGeneratorAreasTest.ScatteredAreas(PlayersWorlds.Maps.Maze.AldousBroderMazeGenerator,Hall,Quarter)" methodname="ScatteredAreas" classname="PlayersWorlds.Maps.Maze.MazeGeneratorAreasTest" runstate="Runnable" seed="696138992" result="Skipped" label="Ignored" start-time="2024-05-23T05:00:41.9308830Z" end-time="2024-05-23T05:00:41.9310260Z" duration="0.000143" asserts="0" />
                <test-case id="1-1240" name="ScatteredAreas(PlayersWorlds.Maps.Maze.AldousBroderMazeGenerator,Hall,Half)" fullname="PlayersWorlds.Maps.Maze.MazeGeneratorAreasTest.ScatteredAreas(PlayersWorlds.Maps.Maze.AldousBroderMazeGenerator,Hall,Half)" methodname="ScatteredAreas" classname="PlayersWorlds.Maps.Maze.MazeGeneratorAreasTest" runstate="Runnable" seed="1377684078" result="Skipped" label="Ignored" start-time="2024-05-23T05:00:41.9310320Z" end-time="2024-05-23T05:00:41.9310900Z" duration="0.000058" asserts="0" />
                <test-case id="1-1241" name="ScatteredAreas(PlayersWorlds.Maps.Maze.AldousBroderMazeGenerator,Hall,ThreeQuarters)" fullname="PlayersWorlds.Maps.Maze.MazeGeneratorAreasTest.ScatteredAreas(PlayersWorlds.Maps.Maze.AldousBroderMazeGenerator,Hall,ThreeQuarters)" methodname="ScatteredAreas" classname="PlayersWorlds.Maps.Maze.MazeGeneratorAreasTest" runstate="Runnable" seed="1411875962" result="Skipped" label="Ignored" start-time="2024-05-23T05:00:41.9310950Z" end-time="2024-05-23T05:00:41.9311480Z" duration="0.000053" asserts="0" />
                <test-case id="1-1242" name="ScatteredAreas(PlayersWorlds.Maps.Maze.AldousBroderMazeGenerator,Hall,NinetyPercent)" fullname="PlayersWorlds.Maps.Maze.MazeGeneratorAreasTest.ScatteredAreas(PlayersWorlds.Maps.Maze.AldousBroderMazeGenerator,Hall,NinetyPercent)" methodname="ScatteredAreas" classname="PlayersWorlds.Maps.Maze.MazeGeneratorAreasTest" runstate="Runnable" seed="332588989" result="Skipped" label="Ignored" start-time="2024-05-23T05:00:41.9311530Z" end-time="2024-05-23T05:00:41.9312030Z" duration="0.000050" asserts="0" />
                <test-case id="1-1243" name="ScatteredAreas(PlayersWorlds.Maps.Maze.AldousBroderMazeGenerator,Hall,FullWidth)" fullname="PlayersWorlds.Maps.Maze.MazeGeneratorAreasTest.ScatteredAreas(PlayersWorlds.Maps.Maze.AldousBroderMazeGenerator,Hall,FullWidth)" methodname="ScatteredAreas" classname="PlayersWorlds.Maps.Maze.MazeGeneratorAreasTest" runstate="Runnable" seed="80992147" result="Skipped" label="Ignored" start-time="2024-05-23T05:00:41.9312090Z" end-time="2024-05-23T05:00:41.9312580Z" duration="0.000049" asserts="0" />
                <test-case id="1-1244" name="ScatteredAreas(PlayersWorlds.Maps.Maze.AldousBroderMazeGenerator,Hall,FullHeight)" fullname="PlayersWorlds.Maps.Maze.MazeGeneratorAreasTest.ScatteredAreas(PlayersWorlds.Maps.Maze.AldousBroderMazeGenerator,Hall,FullHeight)" methodname="ScatteredAreas" classname="PlayersWorlds.Maps.Maze.MazeGeneratorAreasTest" runstate="Runnable" seed="1373811801" result="Skipped" label="Ignored" start-time="2024-05-23T05:00:41.9312630Z" end-time="2024-05-23T05:00:41.9313110Z" duration="0.000048" asserts="0" />
                <test-case id="1-1245" name="ScatteredAreas(PlayersWorlds.Maps.Maze.AldousBroderMazeGenerator,Hall,Full)" fullname="PlayersWorlds.Maps.Maze.MazeGeneratorAreasTest.ScatteredAreas(PlayersWorlds.Maps.Maze.AldousBroderMazeGenerator,Hall,Full)" methodname="ScatteredAreas" classname="PlayersWorlds.Maps.Maze.MazeGeneratorAreasTest" runstate="Runnable" seed="310859725" result="Passed" start-time="2024-05-23T05:00:41.9313160Z" end-time="2024-05-23T05:00:42.8187290Z" duration="0.887413" asserts="20" />
                <test-case id="1-1246" name="ScatteredAreas(PlayersWorlds.Maps.Maze.AldousBroderMazeGenerator,Fill,Quarter)" fullname="PlayersWorlds.Maps.Maze.MazeGeneratorAreasTest.ScatteredAreas(PlayersWorlds.Maps.Maze.AldousBroderMazeGenerator,Fill,Quarter)" methodname="ScatteredAreas" classname="PlayersWorlds.Maps.Maze.MazeGeneratorAreasTest" runstate="Runnable" seed="76098254" result="Skipped" label="Ignored" start-time="2024-05-23T05:00:42.8187470Z" end-time="2024-05-23T05:00:42.8188820Z" duration="0.000135" asserts="0" />
                <test-case id="1-1247" name="ScatteredAreas(PlayersWorlds.Maps.Maze.AldousBroderMazeGenerator,Fill,Half)" fullname="PlayersWorlds.Maps.Maze.MazeGeneratorAreasTest.ScatteredAreas(PlayersWorlds.Maps.Maze.AldousBroderMazeGenerator,Fill,Half)" methodname="ScatteredAreas" classname="PlayersWorlds.Maps.Maze.MazeGeneratorAreasTest" runstate="Runnable" seed="2028181086" result="Skipped" label="Ignored" start-time="2024-05-23T05:00:42.8188880Z" end-time="2024-05-23T05:00:42.8189460Z" duration="0.000058" asserts="0" />
                <test-case id="1-1248" name="ScatteredAreas(PlayersWorlds.Maps.Maze.AldousBroderMazeGenerator,Fill,ThreeQuarters)" fullname="PlayersWorlds.Maps.Maze.MazeGeneratorAreasTest.ScatteredAreas(PlayersWorlds.Maps.Maze.AldousBroderMazeGenerator,Fill,ThreeQuarters)" methodname="ScatteredAreas" classname="PlayersWorlds.Maps.Maze.MazeGeneratorAreasTest" runstate="Runnable" seed="1546922363" result="Skipped" label="Ignored" start-time="2024-05-23T05:00:42.8189520Z" end-time="2024-05-23T05:00:42.8190050Z" duration="0.000053" asserts="0" />
                <test-case id="1-1249" name="ScatteredAreas(PlayersWorlds.Maps.Maze.AldousBroderMazeGenerator,Fill,NinetyPercent)" fullname="PlayersWorlds.Maps.Maze.MazeGeneratorAreasTest.ScatteredAreas(PlayersWorlds.Maps.Maze.AldousBroderMazeGenerator,Fill,NinetyPercent)" methodname="ScatteredAreas" classname="PlayersWorlds.Maps.Maze.MazeGeneratorAreasTest" runstate="Runnable" seed="1225482504" result="Skipped" label="Ignored" start-time="2024-05-23T05:00:42.8190100Z" end-time="2024-05-23T05:00:42.8190610Z" duration="0.000052" asserts="0" />
                <test-case id="1-1250" name="ScatteredAreas(PlayersWorlds.Maps.Maze.AldousBroderMazeGenerator,Fill,FullWidth)" fullname="PlayersWorlds.Maps.Maze.MazeGeneratorAreasTest.ScatteredAreas(PlayersWorlds.Maps.Maze.AldousBroderMazeGenerator,Fill,FullWidth)" methodname="ScatteredAreas" classname="PlayersWorlds.Maps.Maze.MazeGeneratorAreasTest" runstate="Runnable" seed="2098715437" result="Skipped" label="Ignored" start-time="2024-05-23T05:00:42.8190660Z" end-time="2024-05-23T05:00:42.8191160Z" duration="0.000049" asserts="0" />
                <test-case id="1-1251" name="ScatteredAreas(PlayersWorlds.Maps.Maze.AldousBroderMazeGenerator,Fill,FullHeight)" fullname="PlayersWorlds.Maps.Maze.MazeGeneratorAreasTest.ScatteredAreas(PlayersWorlds.Maps.Maze.AldousBroderMazeGenerator,Fill,FullHeight)" methodname="ScatteredAreas" classname="PlayersWorlds.Maps.Maze.MazeGeneratorAreasTest" runstate="Runnable" seed="217480586" result="Skipped" label="Ignored" start-time="2024-05-23T05:00:42.8191210Z" end-time="2024-05-23T05:00:42.8191700Z" duration="0.000049" asserts="0" />
                <test-case id="1-1252" name="ScatteredAreas(PlayersWorlds.Maps.Maze.AldousBroderMazeGenerator,Fill,Full)" fullname="PlayersWorlds.Maps.Maze.MazeGeneratorAreasTest.ScatteredAreas(PlayersWorlds.Maps.Maze.AldousBroderMazeGenerator,Fill,Full)" methodname="ScatteredAreas" classname="PlayersWorlds.Maps.Maze.MazeGeneratorAreasTest" runstate="Runnable" seed="1150728467" result="Skipped" label="Ignored" start-time="2024-05-23T05:00:42.8191760Z" end-time="2024-05-23T05:00:42.8192240Z" duration="0.000048" asserts="0" />
                <test-case id="1-1253" name="ScatteredAreas(PlayersWorlds.Maps.Maze.BinaryTreeMazeGenerator,Cave,Quarter)" fullname="PlayersWorlds.Maps.Maze.MazeGeneratorAreasTest.ScatteredAreas(PlayersWorlds.Maps.Maze.BinaryTreeMazeGenerator,Cave,Quarter)" methodname="ScatteredAreas" classname="PlayersWorlds.Maps.Maze.MazeGeneratorAreasTest" runstate="Runnable" seed="1275698720" result="Skipped" label="Ignored" start-time="2024-05-23T05:00:42.8192290Z" end-time="2024-05-23T05:00:42.8192790Z" duration="0.000050" asserts="0" />
                <test-case id="1-1254" name="ScatteredAreas(PlayersWorlds.Maps.Maze.BinaryTreeMazeGenerator,Cave,Half)" fullname="PlayersWorlds.Maps.Maze.MazeGeneratorAreasTest.ScatteredAreas(PlayersWorlds.Maps.Maze.BinaryTreeMazeGenerator,Cave,Half)" methodname="ScatteredAreas" classname="PlayersWorlds.Maps.Maze.MazeGeneratorAreasTest" runstate="Runnable" seed="855598551" result="Skipped" label="Ignored" start-time="2024-05-23T05:00:42.8192840Z" end-time="2024-05-23T05:00:42.8193330Z" duration="0.000049" asserts="0" />
                <test-case id="1-1255" name="ScatteredAreas(PlayersWorlds.Maps.Maze.BinaryTreeMazeGenerator,Cave,ThreeQuarters)" fullname="PlayersWorlds.Maps.Maze.MazeGeneratorAreasTest.ScatteredAreas(PlayersWorlds.Maps.Maze.BinaryTreeMazeGenerator,Cave,ThreeQuarters)" methodname="ScatteredAreas" classname="PlayersWorlds.Maps.Maze.MazeGeneratorAreasTest" runstate="Runnable" seed="777175174" result="Skipped" label="Ignored" start-time="2024-05-23T05:00:42.8193380Z" end-time="2024-05-23T05:00:42.8193860Z" duration="0.000048" asserts="0" />
                <test-case id="1-1256" name="ScatteredAreas(PlayersWorlds.Maps.Maze.BinaryTreeMazeGenerator,Cave,NinetyPercent)" fullname="PlayersWorlds.Maps.Maze.MazeGeneratorAreasTest.ScatteredAreas(PlayersWorlds.Maps.Maze.BinaryTreeMazeGenerator,Cave,NinetyPercent)" methodname="ScatteredAreas" classname="PlayersWorlds.Maps.Maze.MazeGeneratorAreasTest" runstate="Runnable" seed="335574090" result="Skipped" label="Ignored" start-time="2024-05-23T05:00:42.8193910Z" end-time="2024-05-23T05:00:42.8194390Z" duration="0.000048" asserts="0" />
                <test-case id="1-1257" name="ScatteredAreas(PlayersWorlds.Maps.Maze.BinaryTreeMazeGenerator,Cave,FullWidth)" fullname="PlayersWorlds.Maps.Maze.MazeGeneratorAreasTest.ScatteredAreas(PlayersWorlds.Maps.Maze.BinaryTreeMazeGenerator,Cave,FullWidth)" methodname="ScatteredAreas" classname="PlayersWorlds.Maps.Maze.MazeGeneratorAreasTest" runstate="Runnable" seed="1879566921" result="Skipped" label="Ignored" start-time="2024-05-23T05:00:42.8194440Z" end-time="2024-05-23T05:00:42.8194920Z" duration="0.000048" asserts="0" />
                <test-case id="1-1258" name="ScatteredAreas(PlayersWorlds.Maps.Maze.BinaryTreeMazeGenerator,Cave,FullHeight)" fullname="PlayersWorlds.Maps.Maze.MazeGeneratorAreasTest.ScatteredAreas(PlayersWorlds.Maps.Maze.BinaryTreeMazeGenerator,Cave,FullHeight)" methodname="ScatteredAreas" classname="PlayersWorlds.Maps.Maze.MazeGeneratorAreasTest" runstate="Runnable" seed="202349017" result="Skipped" label="Ignored" start-time="2024-05-23T05:00:42.8194970Z" end-time="2024-05-23T05:00:42.8195450Z" duration="0.000048" asserts="0" />
                <test-case id="1-1259" name="ScatteredAreas(PlayersWorlds.Maps.Maze.BinaryTreeMazeGenerator,Cave,Full)" fullname="PlayersWorlds.Maps.Maze.MazeGeneratorAreasTest.ScatteredAreas(PlayersWorlds.Maps.Maze.BinaryTreeMazeGenerator,Cave,Full)" methodname="ScatteredAreas" classname="PlayersWorlds.Maps.Maze.MazeGeneratorAreasTest" runstate="Runnable" seed="1230370995" result="Passed" start-time="2024-05-23T05:00:42.8195500Z" end-time="2024-05-23T05:00:43.5229790Z" duration="0.703429" asserts="20" />
                <test-case id="1-1260" name="ScatteredAreas(PlayersWorlds.Maps.Maze.BinaryTreeMazeGenerator,Hall,Quarter)" fullname="PlayersWorlds.Maps.Maze.MazeGeneratorAreasTest.ScatteredAreas(PlayersWorlds.Maps.Maze.BinaryTreeMazeGenerator,Hall,Quarter)" methodname="ScatteredAreas" classname="PlayersWorlds.Maps.Maze.MazeGeneratorAreasTest" runstate="Runnable" seed="1439887957" result="Skipped" label="Ignored" start-time="2024-05-23T05:00:43.5229970Z" end-time="2024-05-23T05:00:43.5231330Z" duration="0.000136" asserts="0" />
                <test-case id="1-1261" name="ScatteredAreas(PlayersWorlds.Maps.Maze.BinaryTreeMazeGenerator,Hall,Half)" fullname="PlayersWorlds.Maps.Maze.MazeGeneratorAreasTest.ScatteredAreas(PlayersWorlds.Maps.Maze.BinaryTreeMazeGenerator,Hall,Half)" methodname="ScatteredAreas" classname="PlayersWorlds.Maps.Maze.MazeGeneratorAreasTest" runstate="Runnable" seed="949801012" result="Skipped" label="Ignored" start-time="2024-05-23T05:00:43.5231390Z" end-time="2024-05-23T05:00:43.5231970Z" duration="0.000058" asserts="0" />
                <test-case id="1-1262" name="ScatteredAreas(PlayersWorlds.Maps.Maze.BinaryTreeMazeGenerator,Hall,ThreeQuarters)" fullname="PlayersWorlds.Maps.Maze.MazeGeneratorAreasTest.ScatteredAreas(PlayersWorlds.Maps.Maze.BinaryTreeMazeGenerator,Hall,ThreeQuarters)" methodname="ScatteredAreas" classname="PlayersWorlds.Maps.Maze.MazeGeneratorAreasTest" runstate="Runnable" seed="295641288" result="Skipped" label="Ignored" start-time="2024-05-23T05:00:43.5232030Z" end-time="2024-05-23T05:00:43.5232560Z" duration="0.000053" asserts="0" />
                <test-case id="1-1263" name="ScatteredAreas(PlayersWorlds.Maps.Maze.BinaryTreeMazeGenerator,Hall,NinetyPercent)" fullname="PlayersWorlds.Maps.Maze.MazeGeneratorAreasTest.ScatteredAreas(PlayersWorlds.Maps.Maze.BinaryTreeMazeGenerator,Hall,NinetyPercent)" methodname="ScatteredAreas" classname="PlayersWorlds.Maps.Maze.MazeGeneratorAreasTest" runstate="Runnable" seed="1869348837" result="Skipped" label="Ignored" start-time="2024-05-23T05:00:43.5232610Z" end-time="2024-05-23T05:00:43.5233120Z" duration="0.000051" asserts="0" />
                <test-case id="1-1264" name="ScatteredAreas(PlayersWorlds.Maps.Maze.BinaryTreeMazeGenerator,Hall,FullWidth)" fullname="PlayersWorlds.Maps.Maze.MazeGeneratorAreasTest.ScatteredAreas(PlayersWorlds.Maps.Maze.BinaryTreeMazeGenerator,Hall,FullWidth)" methodname="ScatteredAreas" classname="PlayersWorlds.Maps.Maze.MazeGeneratorAreasTest" runstate="Runnable" seed="1521469979" result="Skipped" label="Ignored" start-time="2024-05-23T05:00:43.5233180Z" end-time="2024-05-23T05:00:43.5233680Z" duration="0.000050" asserts="0" />
                <test-case id="1-1265" name="ScatteredAreas(PlayersWorlds.Maps.Maze.BinaryTreeMazeGenerator,Hall,FullHeight)" fullname="PlayersWorlds.Maps.Maze.MazeGeneratorAreasTest.ScatteredAreas(PlayersWorlds.Maps.Maze.BinaryTreeMazeGenerator,Hall,FullHeight)" methodname="ScatteredAreas" classname="PlayersWorlds.Maps.Maze.MazeGeneratorAreasTest" runstate="Runnable" seed="134041924" result="Skipped" label="Ignored" start-time="2024-05-23T05:00:43.5233740Z" end-time="2024-05-23T05:00:43.5234240Z" duration="0.000049" asserts="0" />
                <test-case id="1-1266" name="ScatteredAreas(PlayersWorlds.Maps.Maze.BinaryTreeMazeGenerator,Hall,Full)" fullname="PlayersWorlds.Maps.Maze.MazeGeneratorAreasTest.ScatteredAreas(PlayersWorlds.Maps.Maze.BinaryTreeMazeGenerator,Hall,Full)" methodname="ScatteredAreas" classname="PlayersWorlds.Maps.Maze.MazeGeneratorAreasTest" runstate="Runnable" seed="1160375065" result="Passed" start-time="2024-05-23T05:00:43.5234290Z" end-time="2024-05-23T05:00:44.2019380Z" duration="0.678510" asserts="20" />
                <test-case id="1-1267" name="ScatteredAreas(PlayersWorlds.Maps.Maze.BinaryTreeMazeGenerator,Fill,Quarter)" fullname="PlayersWorlds.Maps.Maze.MazeGeneratorAreasTest.ScatteredAreas(PlayersWorlds.Maps.Maze.BinaryTreeMazeGenerator,Fill,Quarter)" methodname="ScatteredAreas" classname="PlayersWorlds.Maps.Maze.MazeGeneratorAreasTest" runstate="Runnable" seed="1884593076" result="Skipped" label="Ignored" start-time="2024-05-23T05:00:44.2019560Z" end-time="2024-05-23T05:00:44.2020890Z" duration="0.000133" asserts="0" />
                <test-case id="1-1268" name="ScatteredAreas(PlayersWorlds.Maps.Maze.BinaryTreeMazeGenerator,Fill,Half)" fullname="PlayersWorlds.Maps.Maze.MazeGeneratorAreasTest.ScatteredAreas(PlayersWorlds.Maps.Maze.BinaryTreeMazeGenerator,Fill,Half)" methodname="ScatteredAreas" classname="PlayersWorlds.Maps.Maze.MazeGeneratorAreasTest" runstate="Runnable" seed="1580673774" result="Skipped" label="Ignored" start-time="2024-05-23T05:00:44.2020950Z" end-time="2024-05-23T05:00:44.2021530Z" duration="0.000059" asserts="0" />
                <test-case id="1-1269" name="ScatteredAreas(PlayersWorlds.Maps.Maze.BinaryTreeMazeGenerator,Fill,ThreeQuarters)" fullname="PlayersWorlds.Maps.Maze.MazeGeneratorAreasTest.ScatteredAreas(PlayersWorlds.Maps.Maze.BinaryTreeMazeGenerator,Fill,ThreeQuarters)" methodname="ScatteredAreas" classname="PlayersWorlds.Maps.Maze.MazeGeneratorAreasTest" runstate="Runnable" seed="527411911" result="Skipped" label="Ignored" start-time="2024-05-23T05:00:44.2021590Z" end-time="2024-05-23T05:00:44.2022110Z" duration="0.000052" asserts="0" />
                <test-case id="1-1270" name="ScatteredAreas(PlayersWorlds.Maps.Maze.BinaryTreeMazeGenerator,Fill,NinetyPercent)" fullname="PlayersWorlds.Maps.Maze.MazeGeneratorAreasTest.ScatteredAreas(PlayersWorlds.Maps.Maze.BinaryTreeMazeGenerator,Fill,NinetyPercent)" methodname="ScatteredAreas" classname="PlayersWorlds.Maps.Maze.MazeGeneratorAreasTest" runstate="Runnable" seed="1164251307" result="Skipped" label="Ignored" start-time="2024-05-23T05:00:44.2022160Z" end-time="2024-05-23T05:00:44.2022660Z" duration="0.000050" asserts="0" />
                <test-case id="1-1271" name="ScatteredAreas(PlayersWorlds.Maps.Maze.BinaryTreeMazeGenerator,Fill,FullWidth)" fullname="PlayersWorlds.Maps.Maze.MazeGeneratorAreasTest.ScatteredAreas(PlayersWorlds.Maps.Maze.BinaryTreeMazeGenerator,Fill,FullWidth)" methodname="ScatteredAreas" classname="PlayersWorlds.Maps.Maze.MazeGeneratorAreasTest" runstate="Runnable" seed="1304201050" result="Skipped" label="Ignored" start-time="2024-05-23T05:00:44.2022710Z" end-time="2024-05-23T05:00:44.2023200Z" duration="0.000049" asserts="0" />
                <test-case id="1-1272" name="ScatteredAreas(PlayersWorlds.Maps.Maze.BinaryTreeMazeGenerator,Fill,FullHeight)" fullname="PlayersWorlds.Maps.Maze.MazeGeneratorAreasTest.ScatteredAreas(PlayersWorlds.Maps.Maze.BinaryTreeMazeGenerator,Fill,FullHeight)" methodname="ScatteredAreas" classname="PlayersWorlds.Maps.Maze.MazeGeneratorAreasTest" runstate="Runnable" seed="1963366698" result="Skipped" label="Ignored" start-time="2024-05-23T05:00:44.2023250Z" end-time="2024-05-23T05:00:44.2023730Z" duration="0.000048" asserts="0" />
                <test-case id="1-1273" name="ScatteredAreas(PlayersWorlds.Maps.Maze.BinaryTreeMazeGenerator,Fill,Full)" fullname="PlayersWorlds.Maps.Maze.MazeGeneratorAreasTest.ScatteredAreas(PlayersWorlds.Maps.Maze.BinaryTreeMazeGenerator,Fill,Full)" methodname="ScatteredAreas" classname="PlayersWorlds.Maps.Maze.MazeGeneratorAreasTest" runstate="Runnable" seed="370050528" result="Skipped" label="Ignored" start-time="2024-05-23T05:00:44.2023780Z" end-time="2024-05-23T05:00:44.2024260Z" duration="0.000047" asserts="0" />
                <test-case id="1-1274" name="ScatteredAreas(PlayersWorlds.Maps.Maze.HuntAndKillMazeGenerator,Cave,Quarter)" fullname="PlayersWorlds.Maps.Maze.MazeGeneratorAreasTest.ScatteredAreas(PlayersWorlds.Maps.Maze.HuntAndKillMazeGenerator,Cave,Quarter)" methodname="ScatteredAreas" classname="PlayersWorlds.Maps.Maze.MazeGeneratorAreasTest" runstate="Runnable" seed="1490413683" result="Skipped" label="Ignored" start-time="2024-05-23T05:00:44.2024310Z" end-time="2024-05-23T05:00:44.2024790Z" duration="0.000049" asserts="0" />
                <test-case id="1-1275" name="ScatteredAreas(PlayersWorlds.Maps.Maze.HuntAndKillMazeGenerator,Cave,Half)" fullname="PlayersWorlds.Maps.Maze.MazeGeneratorAreasTest.ScatteredAreas(PlayersWorlds.Maps.Maze.HuntAndKillMazeGenerator,Cave,Half)" methodname="ScatteredAreas" classname="PlayersWorlds.Maps.Maze.MazeGeneratorAreasTest" runstate="Runnable" seed="604297278" result="Skipped" label="Ignored" start-time="2024-05-23T05:00:44.2024840Z" end-time="2024-05-23T05:00:44.2025330Z" duration="0.000048" asserts="0" />
                <test-case id="1-1276" name="ScatteredAreas(PlayersWorlds.Maps.Maze.HuntAndKillMazeGenerator,Cave,ThreeQuarters)" fullname="PlayersWorlds.Maps.Maze.MazeGeneratorAreasTest.ScatteredAreas(PlayersWorlds.Maps.Maze.HuntAndKillMazeGenerator,Cave,ThreeQuarters)" methodname="ScatteredAreas" classname="PlayersWorlds.Maps.Maze.MazeGeneratorAreasTest" runstate="Runnable" seed="2080235866" result="Skipped" label="Ignored" start-time="2024-05-23T05:00:44.2025380Z" end-time="2024-05-23T05:00:44.2025860Z" duration="0.000049" asserts="0" />
                <test-case id="1-1277" name="ScatteredAreas(PlayersWorlds.Maps.Maze.HuntAndKillMazeGenerator,Cave,NinetyPercent)" fullname="PlayersWorlds.Maps.Maze.MazeGeneratorAreasTest.ScatteredAreas(PlayersWorlds.Maps.Maze.HuntAndKillMazeGenerator,Cave,NinetyPercent)" methodname="ScatteredAreas" classname="PlayersWorlds.Maps.Maze.MazeGeneratorAreasTest" runstate="Runnable" seed="1384448904" result="Skipped" label="Ignored" start-time="2024-05-23T05:00:44.2025910Z" end-time="2024-05-23T05:00:44.2026390Z" duration="0.000048" asserts="0" />
                <test-case id="1-1278" name="ScatteredAreas(PlayersWorlds.Maps.Maze.HuntAndKillMazeGenerator,Cave,FullWidth)" fullname="PlayersWorlds.Maps.Maze.MazeGeneratorAreasTest.ScatteredAreas(PlayersWorlds.Maps.Maze.HuntAndKillMazeGenerator,Cave,FullWidth)" methodname="ScatteredAreas" classname="PlayersWorlds.Maps.Maze.MazeGeneratorAreasTest" runstate="Runnable" seed="714548098" result="Skipped" label="Ignored" start-time="2024-05-23T05:00:44.2026440Z" end-time="2024-05-23T05:00:44.2026920Z" duration="0.000048" asserts="0" />
                <test-case id="1-1279" name="ScatteredAreas(PlayersWorlds.Maps.Maze.HuntAndKillMazeGenerator,Cave,FullHeight)" fullname="PlayersWorlds.Maps.Maze.MazeGeneratorAreasTest.ScatteredAreas(PlayersWorlds.Maps.Maze.HuntAndKillMazeGenerator,Cave,FullHeight)" methodname="ScatteredAreas" classname="PlayersWorlds.Maps.Maze.MazeGeneratorAreasTest" runstate="Runnable" seed="1226926587" result="Skipped" label="Ignored" start-time="2024-05-23T05:00:44.2026970Z" end-time="2024-05-23T05:00:44.2027460Z" duration="0.000048" asserts="0" />
                <test-case id="1-1280" name="ScatteredAreas(PlayersWorlds.Maps.Maze.HuntAndKillMazeGenerator,Cave,Full)" fullname="PlayersWorlds.Maps.Maze.MazeGeneratorAreasTest.ScatteredAreas(PlayersWorlds.Maps.Maze.HuntAndKillMazeGenerator,Cave,Full)" methodname="ScatteredAreas" classname="PlayersWorlds.Maps.Maze.MazeGeneratorAreasTest" runstate="Runnable" seed="635258434" result="Passed" start-time="2024-05-23T05:00:44.2027510Z" end-time="2024-05-23T05:00:44.8327320Z" duration="0.629981" asserts="20" />
                <test-case id="1-1281" name="ScatteredAreas(PlayersWorlds.Maps.Maze.HuntAndKillMazeGenerator,Hall,Quarter)" fullname="PlayersWorlds.Maps.Maze.MazeGeneratorAreasTest.ScatteredAreas(PlayersWorlds.Maps.Maze.HuntAndKillMazeGenerator,Hall,Quarter)" methodname="ScatteredAreas" classname="PlayersWorlds.Maps.Maze.MazeGeneratorAreasTest" runstate="Runnable" seed="54971473" result="Skipped" label="Ignored" start-time="2024-05-23T05:00:44.8327500Z" end-time="2024-05-23T05:00:44.8328860Z" duration="0.000137" asserts="0" />
                <test-case id="1-1282" name="ScatteredAreas(PlayersWorlds.Maps.Maze.HuntAndKillMazeGenerator,Hall,Half)" fullname="PlayersWorlds.Maps.Maze.MazeGeneratorAreasTest.ScatteredAreas(PlayersWorlds.Maps.Maze.HuntAndKillMazeGenerator,Hall,Half)" methodname="ScatteredAreas" classname="PlayersWorlds.Maps.Maze.MazeGeneratorAreasTest" runstate="Runnable" seed="317770300" result="Skipped" label="Ignored" start-time="2024-05-23T05:00:44.8328920Z" end-time="2024-05-23T05:00:44.8329510Z" duration="0.000058" asserts="0" />
                <test-case id="1-1283" name="ScatteredAreas(PlayersWorlds.Maps.Maze.HuntAndKillMazeGenerator,Hall,ThreeQuarters)" fullname="PlayersWorlds.Maps.Maze.MazeGeneratorAreasTest.ScatteredAreas(PlayersWorlds.Maps.Maze.HuntAndKillMazeGenerator,Hall,ThreeQuarters)" methodname="ScatteredAreas" classname="PlayersWorlds.Maps.Maze.MazeGeneratorAreasTest" runstate="Runnable" seed="1105661792" result="Skipped" label="Ignored" start-time="2024-05-23T05:00:44.8329560Z" end-time="2024-05-23T05:00:44.8330090Z" duration="0.000053" asserts="0" />
                <test-case id="1-1284" name="ScatteredAreas(PlayersWorlds.Maps.Maze.HuntAndKillMazeGenerator,Hall,NinetyPercent)" fullname="PlayersWorlds.Maps.Maze.MazeGeneratorAreasTest.ScatteredAreas(PlayersWorlds.Maps.Maze.HuntAndKillMazeGenerator,Hall,NinetyPercent)" methodname="ScatteredAreas" classname="PlayersWorlds.Maps.Maze.MazeGeneratorAreasTest" runstate="Runnable" seed="623995240" result="Skipped" label="Ignored" start-time="2024-05-23T05:00:44.8330140Z" end-time="2024-05-23T05:00:44.8330640Z" duration="0.000050" asserts="0" />
                <test-case id="1-1285" name="ScatteredAreas(PlayersWorlds.Maps.Maze.HuntAndKillMazeGenerator,Hall,FullWidth)" fullname="PlayersWorlds.Maps.Maze.MazeGeneratorAreasTest.ScatteredAreas(PlayersWorlds.Maps.Maze.HuntAndKillMazeGenerator,Hall,FullWidth)" methodname="ScatteredAreas" classname="PlayersWorlds.Maps.Maze.MazeGeneratorAreasTest" runstate="Runnable" seed="2031460548" result="Skipped" label="Ignored" start-time="2024-05-23T05:00:44.8330690Z" end-time="2024-05-23T05:00:44.8331190Z" duration="0.000049" asserts="0" />
                <test-case id="1-1286" name="ScatteredAreas(PlayersWorlds.Maps.Maze.HuntAndKillMazeGenerator,Hall,FullHeight)" fullname="PlayersWorlds.Maps.Maze.MazeGeneratorAreasTest.ScatteredAreas(PlayersWorlds.Maps.Maze.HuntAndKillMazeGenerator,Hall,FullHeight)" methodname="ScatteredAreas" classname="PlayersWorlds.Maps.Maze.MazeGeneratorAreasTest" runstate="Runnable" seed="376233087" result="Skipped" label="Ignored" start-time="2024-05-23T05:00:44.8331240Z" end-time="2024-05-23T05:00:44.8331730Z" duration="0.000049" asserts="0" />
                <test-case id="1-1287" name="ScatteredAreas(PlayersWorlds.Maps.Maze.HuntAndKillMazeGenerator,Hall,Full)" fullname="PlayersWorlds.Maps.Maze.MazeGeneratorAreasTest.ScatteredAreas(PlayersWorlds.Maps.Maze.HuntAndKillMazeGenerator,Hall,Full)" methodname="ScatteredAreas" classname="PlayersWorlds.Maps.Maze.MazeGeneratorAreasTest" runstate="Runnable" seed="1345487062" result="Passed" start-time="2024-05-23T05:00:44.8331780Z" end-time="2024-05-23T05:00:45.4376600Z" duration="0.604483" asserts="20" />
                <test-case id="1-1288" name="ScatteredAreas(PlayersWorlds.Maps.Maze.HuntAndKillMazeGenerator,Fill,Quarter)" fullname="PlayersWorlds.Maps.Maze.MazeGeneratorAreasTest.ScatteredAreas(PlayersWorlds.Maps.Maze.HuntAndKillMazeGenerator,Fill,Quarter)" methodname="ScatteredAreas" classname="PlayersWorlds.Maps.Maze.MazeGeneratorAreasTest" runstate="Runnable" seed="110005400" result="Skipped" label="Ignored" start-time="2024-05-23T05:00:45.4376770Z" end-time="2024-05-23T05:00:45.4378100Z" duration="0.000133" asserts="0" />
                <test-case id="1-1289" name="ScatteredAreas(PlayersWorlds.Maps.Maze.HuntAndKillMazeGenerator,Fill,Half)" fullname="PlayersWorlds.Maps.Maze.MazeGeneratorAreasTest.ScatteredAreas(PlayersWorlds.Maps.Maze.HuntAndKillMazeGenerator,Fill,Half)" methodname="ScatteredAreas" classname="PlayersWorlds.Maps.Maze.MazeGeneratorAreasTest" runstate="Runnable" seed="784304136" result="Skipped" label="Ignored" start-time="2024-05-23T05:00:45.4378160Z" end-time="2024-05-23T05:00:45.4378740Z" duration="0.000058" asserts="0" />
                <test-case id="1-1290" name="ScatteredAreas(PlayersWorlds.Maps.Maze.HuntAndKillMazeGenerator,Fill,ThreeQuarters)" fullname="PlayersWorlds.Maps.Maze.MazeGeneratorAreasTest.ScatteredAreas(PlayersWorlds.Maps.Maze.HuntAndKillMazeGenerator,Fill,ThreeQuarters)" methodname="ScatteredAreas" classname="PlayersWorlds.Maps.Maze.MazeGeneratorAreasTest" runstate="Runnable" seed="997227290" result="Skipped" label="Ignored" start-time="2024-05-23T05:00:45.4378800Z" end-time="2024-05-23T05:00:45.4379330Z" duration="0.000053" asserts="0" />
                <test-case id="1-1291" name="ScatteredAreas(PlayersWorlds.Maps.Maze.HuntAndKillMazeGenerator,Fill,NinetyPercent)" fullname="PlayersWorlds.Maps.Maze.MazeGeneratorAreasTest.ScatteredAreas(PlayersWorlds.Maps.Maze.HuntAndKillMazeGenerator,Fill,NinetyPercent)" methodname="ScatteredAreas" classname="PlayersWorlds.Maps.Maze.MazeGeneratorAreasTest" runstate="Runnable" seed="2023477870" result="Skipped" label="Ignored" start-time="2024-05-23T05:00:45.4379380Z" end-time="2024-05-23T05:00:45.4379870Z" duration="0.000050" asserts="0" />
                <test-case id="1-1292" name="ScatteredAreas(PlayersWorlds.Maps.Maze.HuntAndKillMazeGenerator,Fill,FullWidth)" fullname="PlayersWorlds.Maps.Maze.MazeGeneratorAreasTest.ScatteredAreas(PlayersWorlds.Maps.Maze.HuntAndKillMazeGenerator,Fill,FullWidth)" methodname="ScatteredAreas" classname="PlayersWorlds.Maps.Maze.MazeGeneratorAreasTest" runstate="Runnable" seed="1475999897" result="Skipped" label="Ignored" start-time="2024-05-23T05:00:45.4379930Z" end-time="2024-05-23T05:00:45.4380410Z" duration="0.000048" asserts="0" />
                <test-case id="1-1293" name="ScatteredAreas(PlayersWorlds.Maps.Maze.HuntAndKillMazeGenerator,Fill,FullHeight)" fullname="PlayersWorlds.Maps.Maze.MazeGeneratorAreasTest.ScatteredAreas(PlayersWorlds.Maps.Maze.HuntAndKillMazeGenerator,Fill,FullHeight)" methodname="ScatteredAreas" classname="PlayersWorlds.Maps.Maze.MazeGeneratorAreasTest" runstate="Runnable" seed="297091203" result="Skipped" label="Ignored" start-time="2024-05-23T05:00:45.4380460Z" end-time="2024-05-23T05:00:45.4380940Z" duration="0.000048" asserts="0" />
                <test-case id="1-1294" name="ScatteredAreas(PlayersWorlds.Maps.Maze.HuntAndKillMazeGenerator,Fill,Full)" fullname="PlayersWorlds.Maps.Maze.MazeGeneratorAreasTest.ScatteredAreas(PlayersWorlds.Maps.Maze.HuntAndKillMazeGenerator,Fill,Full)" methodname="ScatteredAreas" classname="PlayersWorlds.Maps.Maze.MazeGeneratorAreasTest" runstate="Runnable" seed="1403734682" result="Skipped" label="Ignored" start-time="2024-05-23T05:00:45.4380990Z" end-time="2024-05-23T05:00:45.4381490Z" duration="0.000049" asserts="0" />
                <test-case id="1-1295" name="ScatteredAreas(PlayersWorlds.Maps.Maze.RecursiveBacktrackerMazeGenerator,Cave,Quarter)" fullname="PlayersWorlds.Maps.Maze.MazeGeneratorAreasTest.ScatteredAreas(PlayersWorlds.Maps.Maze.RecursiveBacktrackerMazeGenerator,Cave,Quarter)" methodname="ScatteredAreas" classname="PlayersWorlds.Maps.Maze.MazeGeneratorAreasTest" runstate="Runnable" seed="427883066" result="Skipped" label="Ignored" start-time="2024-05-23T05:00:45.4381540Z" end-time="2024-05-23T05:00:45.4382050Z" duration="0.000051" asserts="0" />
                <test-case id="1-1296" name="ScatteredAreas(PlayersWorlds.Maps.Maze.RecursiveBacktrackerMazeGenerator,Cave,Half)" fullname="PlayersWorlds.Maps.Maze.MazeGeneratorAreasTest.ScatteredAreas(PlayersWorlds.Maps.Maze.RecursiveBacktrackerMazeGenerator,Cave,Half)" methodname="ScatteredAreas" classname="PlayersWorlds.Maps.Maze.MazeGeneratorAreasTest" runstate="Runnable" seed="1116234674" result="Skipped" label="Ignored" start-time="2024-05-23T05:00:45.4382100Z" end-time="2024-05-23T05:00:45.4382600Z" duration="0.000050" asserts="0" />
                <test-case id="1-1297" name="ScatteredAreas(PlayersWorlds.Maps.Maze.RecursiveBacktrackerMazeGenerator,Cave,ThreeQuarters)" fullname="PlayersWorlds.Maps.Maze.MazeGeneratorAreasTest.ScatteredAreas(PlayersWorlds.Maps.Maze.RecursiveBacktrackerMazeGenerator,Cave,ThreeQuarters)" methodname="ScatteredAreas" classname="PlayersWorlds.Maps.Maze.MazeGeneratorAreasTest" runstate="Runnable" seed="610723799" result="Skipped" label="Ignored" start-time="2024-05-23T05:00:45.4382650Z" end-time="2024-05-23T05:00:45.4383150Z" duration="0.000050" asserts="0" />
                <test-case id="1-1298" name="ScatteredAreas(PlayersWorlds.Maps.Maze.RecursiveBacktrackerMazeGenerator,Cave,NinetyPercent)" fullname="PlayersWorlds.Maps.Maze.MazeGeneratorAreasTest.ScatteredAreas(PlayersWorlds.Maps.Maze.RecursiveBacktrackerMazeGenerator,Cave,NinetyPercent)" methodname="ScatteredAreas" classname="PlayersWorlds.Maps.Maze.MazeGeneratorAreasTest" runstate="Runnable" seed="707005815" result="Skipped" label="Ignored" start-time="2024-05-23T05:00:45.4383200Z" end-time="2024-05-23T05:00:45.4383680Z" duration="0.000048" asserts="0" />
                <test-case id="1-1299" name="ScatteredAreas(PlayersWorlds.Maps.Maze.RecursiveBacktrackerMazeGenerator,Cave,FullWidth)" fullname="PlayersWorlds.Maps.Maze.MazeGeneratorAreasTest.ScatteredAreas(PlayersWorlds.Maps.Maze.RecursiveBacktrackerMazeGenerator,Cave,FullWidth)" methodname="ScatteredAreas" classname="PlayersWorlds.Maps.Maze.MazeGeneratorAreasTest" runstate="Runnable" seed="1239769877" result="Skipped" label="Ignored" start-time="2024-05-23T05:00:45.4383730Z" end-time="2024-05-23T05:00:45.4384210Z" duration="0.000048" asserts="0" />
                <test-case id="1-1300" name="ScatteredAreas(PlayersWorlds.Maps.Maze.RecursiveBacktrackerMazeGenerator,Cave,FullHeight)" fullname="PlayersWorlds.Maps.Maze.MazeGeneratorAreasTest.ScatteredAreas(PlayersWorlds.Maps.Maze.RecursiveBacktrackerMazeGenerator,Cave,FullHeight)" methodname="ScatteredAreas" classname="PlayersWorlds.Maps.Maze.MazeGeneratorAreasTest" runstate="Runnable" seed="1297968307" result="Skipped" label="Ignored" start-time="2024-05-23T05:00:45.4384270Z" end-time="2024-05-23T05:00:45.4384750Z" duration="0.000048" asserts="0" />
                <test-case id="1-1301" name="ScatteredAreas(PlayersWorlds.Maps.Maze.RecursiveBacktrackerMazeGenerator,Cave,Full)" fullname="PlayersWorlds.Maps.Maze.MazeGeneratorAreasTest.ScatteredAreas(PlayersWorlds.Maps.Maze.RecursiveBacktrackerMazeGenerator,Cave,Full)" methodname="ScatteredAreas" classname="PlayersWorlds.Maps.Maze.MazeGeneratorAreasTest" runstate="Runnable" seed="338988825" result="Passed" start-time="2024-05-23T05:00:45.4384800Z" end-time="2024-05-23T05:00:46.0672980Z" duration="0.628818" asserts="20" />
                <test-case id="1-1302" name="ScatteredAreas(PlayersWorlds.Maps.Maze.RecursiveBacktrackerMazeGenerator,Hall,Quarter)" fullname="PlayersWorlds.Maps.Maze.MazeGeneratorAreasTest.ScatteredAreas(PlayersWorlds.Maps.Maze.RecursiveBacktrackerMazeGenerator,Hall,Quarter)" methodname="ScatteredAreas" classname="PlayersWorlds.Maps.Maze.MazeGeneratorAreasTest" runstate="Runnable" seed="447507312" result="Skipped" label="Ignored" start-time="2024-05-23T05:00:46.0673150Z" end-time="2024-05-23T05:00:46.0674490Z" duration="0.000134" asserts="0" />
                <test-case id="1-1303" name="ScatteredAreas(PlayersWorlds.Maps.Maze.RecursiveBacktrackerMazeGenerator,Hall,Half)" fullname="PlayersWorlds.Maps.Maze.MazeGeneratorAreasTest.ScatteredAreas(PlayersWorlds.Maps.Maze.RecursiveBacktrackerMazeGenerator,Hall,Half)" methodname="ScatteredAreas" classname="PlayersWorlds.Maps.Maze.MazeGeneratorAreasTest" runstate="Runnable" seed="1019510452" result="Skipped" label="Ignored" start-time="2024-05-23T05:00:46.0674550Z" end-time="2024-05-23T05:00:46.0675140Z" duration="0.000059" asserts="0" />
                <test-case id="1-1304" name="ScatteredAreas(PlayersWorlds.Maps.Maze.RecursiveBacktrackerMazeGenerator,Hall,ThreeQuarters)" fullname="PlayersWorlds.Maps.Maze.MazeGeneratorAreasTest.ScatteredAreas(PlayersWorlds.Maps.Maze.RecursiveBacktrackerMazeGenerator,Hall,ThreeQuarters)" methodname="ScatteredAreas" classname="PlayersWorlds.Maps.Maze.MazeGeneratorAreasTest" runstate="Runnable" seed="61231197" result="Skipped" label="Ignored" start-time="2024-05-23T05:00:46.0675190Z" end-time="2024-05-23T05:00:46.0675710Z" duration="0.000051" asserts="0" />
                <test-case id="1-1305" name="ScatteredAreas(PlayersWorlds.Maps.Maze.RecursiveBacktrackerMazeGenerator,Hall,NinetyPercent)" fullname="PlayersWorlds.Maps.Maze.MazeGeneratorAreasTest.ScatteredAreas(PlayersWorlds.Maps.Maze.RecursiveBacktrackerMazeGenerator,Hall,NinetyPercent)" methodname="ScatteredAreas" classname="PlayersWorlds.Maps.Maze.MazeGeneratorAreasTest" runstate="Runnable" seed="794514387" result="Skipped" label="Ignored" start-time="2024-05-23T05:00:46.0675760Z" end-time="2024-05-23T05:00:46.0676260Z" duration="0.000050" asserts="0" />
                <test-case id="1-1306" name="ScatteredAreas(PlayersWorlds.Maps.Maze.RecursiveBacktrackerMazeGenerator,Hall,FullWidth)" fullname="PlayersWorlds.Maps.Maze.MazeGeneratorAreasTest.ScatteredAreas(PlayersWorlds.Maps.Maze.RecursiveBacktrackerMazeGenerator,Hall,FullWidth)" methodname="ScatteredAreas" classname="PlayersWorlds.Maps.Maze.MazeGeneratorAreasTest" runstate="Runnable" seed="401597535" result="Skipped" label="Ignored" start-time="2024-05-23T05:00:46.0676310Z" end-time="2024-05-23T05:00:46.0676790Z" duration="0.000049" asserts="0" />
                <test-case id="1-1307" name="ScatteredAreas(PlayersWorlds.Maps.Maze.RecursiveBacktrackerMazeGenerator,Hall,FullHeight)" fullname="PlayersWorlds.Maps.Maze.MazeGeneratorAreasTest.ScatteredAreas(PlayersWorlds.Maps.Maze.RecursiveBacktrackerMazeGenerator,Hall,FullHeight)" methodname="ScatteredAreas" classname="PlayersWorlds.Maps.Maze.MazeGeneratorAreasTest" runstate="Runnable" seed="780677939" result="Skipped" label="Ignored" start-time="2024-05-23T05:00:46.0676840Z" end-time="2024-05-23T05:00:46.0677330Z" duration="0.000049" asserts="0" />
                <test-case id="1-1308" name="ScatteredAreas(PlayersWorlds.Maps.Maze.RecursiveBacktrackerMazeGenerator,Hall,Full)" fullname="PlayersWorlds.Maps.Maze.MazeGeneratorAreasTest.ScatteredAreas(PlayersWorlds.Maps.Maze.RecursiveBacktrackerMazeGenerator,Hall,Full)" methodname="ScatteredAreas" classname="PlayersWorlds.Maps.Maze.MazeGeneratorAreasTest" runstate="Runnable" seed="1932768684" result="Passed" start-time="2024-05-23T05:00:46.0677390Z" end-time="2024-05-23T05:00:46.6901900Z" duration="0.622452" asserts="20" />
                <test-case id="1-1309" name="ScatteredAreas(PlayersWorlds.Maps.Maze.RecursiveBacktrackerMazeGenerator,Fill,Quarter)" fullname="PlayersWorlds.Maps.Maze.MazeGeneratorAreasTest.ScatteredAreas(PlayersWorlds.Maps.Maze.RecursiveBacktrackerMazeGenerator,Fill,Quarter)" methodname="ScatteredAreas" classname="PlayersWorlds.Maps.Maze.MazeGeneratorAreasTest" runstate="Runnable" seed="251301273" result="Skipped" label="Ignored" start-time="2024-05-23T05:00:46.6902180Z" end-time="2024-05-23T05:00:46.6903540Z" duration="0.000136" asserts="0" />
                <test-case id="1-1310" name="ScatteredAreas(PlayersWorlds.Maps.Maze.RecursiveBacktrackerMazeGenerator,Fill,Half)" fullname="PlayersWorlds.Maps.Maze.MazeGeneratorAreasTest.ScatteredAreas(PlayersWorlds.Maps.Maze.RecursiveBacktrackerMazeGenerator,Fill,Half)" methodname="ScatteredAreas" classname="PlayersWorlds.Maps.Maze.MazeGeneratorAreasTest" runstate="Runnable" seed="844422955" result="Skipped" label="Ignored" start-time="2024-05-23T05:00:46.6903610Z" end-time="2024-05-23T05:00:46.6904210Z" duration="0.000060" asserts="0" />
                <test-case id="1-1311" name="ScatteredAreas(PlayersWorlds.Maps.Maze.RecursiveBacktrackerMazeGenerator,Fill,ThreeQuarters)" fullname="PlayersWorlds.Maps.Maze.MazeGeneratorAreasTest.ScatteredAreas(PlayersWorlds.Maps.Maze.RecursiveBacktrackerMazeGenerator,Fill,ThreeQuarters)" methodname="ScatteredAreas" classname="PlayersWorlds.Maps.Maze.MazeGeneratorAreasTest" runstate="Runnable" seed="1098608833" result="Skipped" label="Ignored" start-time="2024-05-23T05:00:46.6904270Z" end-time="2024-05-23T05:00:46.6904810Z" duration="0.000054" asserts="0" />
                <test-case id="1-1312" name="ScatteredAreas(PlayersWorlds.Maps.Maze.RecursiveBacktrackerMazeGenerator,Fill,NinetyPercent)" fullname="PlayersWorlds.Maps.Maze.MazeGeneratorAreasTest.ScatteredAreas(PlayersWorlds.Maps.Maze.RecursiveBacktrackerMazeGenerator,Fill,NinetyPercent)" methodname="ScatteredAreas" classname="PlayersWorlds.Maps.Maze.MazeGeneratorAreasTest" runstate="Runnable" seed="1165018823" result="Skipped" label="Ignored" start-time="2024-05-23T05:00:46.6904860Z" end-time="2024-05-23T05:00:46.6905370Z" duration="0.000051" asserts="0" />
                <test-case id="1-1313" name="ScatteredAreas(PlayersWorlds.Maps.Maze.RecursiveBacktrackerMazeGenerator,Fill,FullWidth)" fullname="PlayersWorlds.Maps.Maze.MazeGeneratorAreasTest.ScatteredAreas(PlayersWorlds.Maps.Maze.RecursiveBacktrackerMazeGenerator,Fill,FullWidth)" methodname="ScatteredAreas" classname="PlayersWorlds.Maps.Maze.MazeGeneratorAreasTest" runstate="Runnable" seed="1122906077" result="Skipped" label="Ignored" start-time="2024-05-23T05:00:46.6905430Z" end-time="2024-05-23T05:00:46.6906020Z" duration="0.000060" asserts="0" />
                <test-case id="1-1314" name="ScatteredAreas(PlayersWorlds.Maps.Maze.RecursiveBacktrackerMazeGenerator,Fill,FullHeight)" fullname="PlayersWorlds.Maps.Maze.MazeGeneratorAreasTest.ScatteredAreas(PlayersWorlds.Maps.Maze.RecursiveBacktrackerMazeGenerator,Fill,FullHeight)" methodname="ScatteredAreas" classname="PlayersWorlds.Maps.Maze.MazeGeneratorAreasTest" runstate="Runnable" seed="595112561" result="Skipped" label="Ignored" start-time="2024-05-23T05:00:46.6906080Z" end-time="2024-05-23T05:00:46.6906580Z" duration="0.000050" asserts="0" />
                <test-case id="1-1315" name="ScatteredAreas(PlayersWorlds.Maps.Maze.RecursiveBacktrackerMazeGenerator,Fill,Full)" fullname="PlayersWorlds.Maps.Maze.MazeGeneratorAreasTest.ScatteredAreas(PlayersWorlds.Maps.Maze.RecursiveBacktrackerMazeGenerator,Fill,Full)" methodname="ScatteredAreas" classname="PlayersWorlds.Maps.Maze.MazeGeneratorAreasTest" runstate="Runnable" seed="1384916484" result="Skipped" label="Ignored" start-time="2024-05-23T05:00:46.6906640Z" end-time="2024-05-23T05:00:46.6907140Z" duration="0.000050" asserts="0" />
                <test-case id="1-1316" name="ScatteredAreas(PlayersWorlds.Maps.Maze.SidewinderMazeGenerator,Cave,Quarter)" fullname="PlayersWorlds.Maps.Maze.MazeGeneratorAreasTest.ScatteredAreas(PlayersWorlds.Maps.Maze.SidewinderMazeGenerator,Cave,Quarter)" methodname="ScatteredAreas" classname="PlayersWorlds.Maps.Maze.MazeGeneratorAreasTest" runstate="Runnable" seed="632030712" result="Skipped" label="Ignored" start-time="2024-05-23T05:00:46.6907190Z" end-time="2024-05-23T05:00:46.6907670Z" duration="0.000048" asserts="0" />
                <test-case id="1-1317" name="ScatteredAreas(PlayersWorlds.Maps.Maze.SidewinderMazeGenerator,Cave,Half)" fullname="PlayersWorlds.Maps.Maze.MazeGeneratorAreasTest.ScatteredAreas(PlayersWorlds.Maps.Maze.SidewinderMazeGenerator,Cave,Half)" methodname="ScatteredAreas" classname="PlayersWorlds.Maps.Maze.MazeGeneratorAreasTest" runstate="Runnable" seed="1337463143" result="Skipped" label="Ignored" start-time="2024-05-23T05:00:46.6907720Z" end-time="2024-05-23T05:00:46.6908220Z" duration="0.000049" asserts="0" />
                <test-case id="1-1318" name="ScatteredAreas(PlayersWorlds.Maps.Maze.SidewinderMazeGenerator,Cave,ThreeQuarters)" fullname="PlayersWorlds.Maps.Maze.MazeGeneratorAreasTest.ScatteredAreas(PlayersWorlds.Maps.Maze.SidewinderMazeGenerator,Cave,ThreeQuarters)" methodname="ScatteredAreas" classname="PlayersWorlds.Maps.Maze.MazeGeneratorAreasTest" runstate="Runnable" seed="1245353597" result="Skipped" label="Ignored" start-time="2024-05-23T05:00:46.6908270Z" end-time="2024-05-23T05:00:46.6908780Z" duration="0.000051" asserts="0" />
                <test-case id="1-1319" name="ScatteredAreas(PlayersWorlds.Maps.Maze.SidewinderMazeGenerator,Cave,NinetyPercent)" fullname="PlayersWorlds.Maps.Maze.MazeGeneratorAreasTest.ScatteredAreas(PlayersWorlds.Maps.Maze.SidewinderMazeGenerator,Cave,NinetyPercent)" methodname="ScatteredAreas" classname="PlayersWorlds.Maps.Maze.MazeGeneratorAreasTest" runstate="Runnable" seed="1637493078" result="Skipped" label="Ignored" start-time="2024-05-23T05:00:46.6908830Z" end-time="2024-05-23T05:00:46.6909340Z" duration="0.000051" asserts="0" />
                <test-case id="1-1320" name="ScatteredAreas(PlayersWorlds.Maps.Maze.SidewinderMazeGenerator,Cave,FullWidth)" fullname="PlayersWorlds.Maps.Maze.MazeGeneratorAreasTest.ScatteredAreas(PlayersWorlds.Maps.Maze.SidewinderMazeGenerator,Cave,FullWidth)" methodname="ScatteredAreas" classname="PlayersWorlds.Maps.Maze.MazeGeneratorAreasTest" runstate="Runnable" seed="1905292484" result="Skipped" label="Ignored" start-time="2024-05-23T05:00:46.6909400Z" end-time="2024-05-23T05:00:46.6909930Z" duration="0.000053" asserts="0" />
                <test-case id="1-1321" name="ScatteredAreas(PlayersWorlds.Maps.Maze.SidewinderMazeGenerator,Cave,FullHeight)" fullname="PlayersWorlds.Maps.Maze.MazeGeneratorAreasTest.ScatteredAreas(PlayersWorlds.Maps.Maze.SidewinderMazeGenerator,Cave,FullHeight)" methodname="ScatteredAreas" classname="PlayersWorlds.Maps.Maze.MazeGeneratorAreasTest" runstate="Runnable" seed="1962371650" result="Skipped" label="Ignored" start-time="2024-05-23T05:00:46.6909980Z" end-time="2024-05-23T05:00:46.6910480Z" duration="0.000050" asserts="0" />
                <test-case id="1-1322" name="ScatteredAreas(PlayersWorlds.Maps.Maze.SidewinderMazeGenerator,Cave,Full)" fullname="PlayersWorlds.Maps.Maze.MazeGeneratorAreasTest.ScatteredAreas(PlayersWorlds.Maps.Maze.SidewinderMazeGenerator,Cave,Full)" methodname="ScatteredAreas" classname="PlayersWorlds.Maps.Maze.MazeGeneratorAreasTest" runstate="Runnable" seed="1774587676" result="Passed" start-time="2024-05-23T05:00:46.6910530Z" end-time="2024-05-23T05:00:47.4334720Z" duration="0.742419" asserts="20" />
                <test-case id="1-1323" name="ScatteredAreas(PlayersWorlds.Maps.Maze.SidewinderMazeGenerator,Hall,Quarter)" fullname="PlayersWorlds.Maps.Maze.MazeGeneratorAreasTest.ScatteredAreas(PlayersWorlds.Maps.Maze.SidewinderMazeGenerator,Hall,Quarter)" methodname="ScatteredAreas" classname="PlayersWorlds.Maps.Maze.MazeGeneratorAreasTest" runstate="Runnable" seed="796369638" result="Skipped" label="Ignored" start-time="2024-05-23T05:00:47.4334910Z" end-time="2024-05-23T05:00:47.4336270Z" duration="0.000137" asserts="0" />
                <test-case id="1-1324" name="ScatteredAreas(PlayersWorlds.Maps.Maze.SidewinderMazeGenerator,Hall,Half)" fullname="PlayersWorlds.Maps.Maze.MazeGeneratorAreasTest.ScatteredAreas(PlayersWorlds.Maps.Maze.SidewinderMazeGenerator,Hall,Half)" methodname="ScatteredAreas" classname="PlayersWorlds.Maps.Maze.MazeGeneratorAreasTest" runstate="Runnable" seed="1677668268" result="Skipped" label="Ignored" start-time="2024-05-23T05:00:47.4336330Z" end-time="2024-05-23T05:00:47.4336950Z" duration="0.000062" asserts="0" />
                <test-case id="1-1325" name="ScatteredAreas(PlayersWorlds.Maps.Maze.SidewinderMazeGenerator,Hall,ThreeQuarters)" fullname="PlayersWorlds.Maps.Maze.MazeGeneratorAreasTest.ScatteredAreas(PlayersWorlds.Maps.Maze.SidewinderMazeGenerator,Hall,ThreeQuarters)" methodname="ScatteredAreas" classname="PlayersWorlds.Maps.Maze.MazeGeneratorAreasTest" runstate="Runnable" seed="1288257084" result="Skipped" label="Ignored" start-time="2024-05-23T05:00:47.4337010Z" end-time="2024-05-23T05:00:47.4337560Z" duration="0.000055" asserts="0" />
                <test-case id="1-1326" name="ScatteredAreas(PlayersWorlds.Maps.Maze.SidewinderMazeGenerator,Hall,NinetyPercent)" fullname="PlayersWorlds.Maps.Maze.MazeGeneratorAreasTest.ScatteredAreas(PlayersWorlds.Maps.Maze.SidewinderMazeGenerator,Hall,NinetyPercent)" methodname="ScatteredAreas" classname="PlayersWorlds.Maps.Maze.MazeGeneratorAreasTest" runstate="Runnable" seed="1975684800" result="Skipped" label="Ignored" start-time="2024-05-23T05:00:47.4337610Z" end-time="2024-05-23T05:00:47.4338120Z" duration="0.000051" asserts="0" />
                <test-case id="1-1327" name="ScatteredAreas(PlayersWorlds.Maps.Maze.SidewinderMazeGenerator,Hall,FullWidth)" fullname="PlayersWorlds.Maps.Maze.MazeGeneratorAreasTest.ScatteredAreas(PlayersWorlds.Maps.Maze.SidewinderMazeGenerator,Hall,FullWidth)" methodname="ScatteredAreas" classname="PlayersWorlds.Maps.Maze.MazeGeneratorAreasTest" runstate="Runnable" seed="1666275495" result="Skipped" label="Ignored" start-time="2024-05-23T05:00:47.4338170Z" end-time="2024-05-23T05:00:47.4338670Z" duration="0.000050" asserts="0" />
                <test-case id="1-1328" name="ScatteredAreas(PlayersWorlds.Maps.Maze.SidewinderMazeGenerator,Hall,FullHeight)" fullname="PlayersWorlds.Maps.Maze.MazeGeneratorAreasTest.ScatteredAreas(PlayersWorlds.Maps.Maze.SidewinderMazeGenerator,Hall,FullHeight)" methodname="ScatteredAreas" classname="PlayersWorlds.Maps.Maze.MazeGeneratorAreasTest" runstate="Runnable" seed="1113799493" result="Skipped" label="Ignored" start-time="2024-05-23T05:00:47.4338720Z" end-time="2024-05-23T05:00:47.4339310Z" duration="0.000059" asserts="0" />
                <test-case id="1-1329" name="ScatteredAreas(PlayersWorlds.Maps.Maze.SidewinderMazeGenerator,Hall,Full)" fullname="PlayersWorlds.Maps.Maze.MazeGeneratorAreasTest.ScatteredAreas(PlayersWorlds.Maps.Maze.SidewinderMazeGenerator,Hall,Full)" methodname="ScatteredAreas" classname="PlayersWorlds.Maps.Maze.MazeGeneratorAreasTest" runstate="Runnable" seed="1062530617" result="Passed" start-time="2024-05-23T05:00:47.4339380Z" end-time="2024-05-23T05:00:48.1406760Z" duration="0.706738" asserts="20" />
                <test-case id="1-1330" name="ScatteredAreas(PlayersWorlds.Maps.Maze.SidewinderMazeGenerator,Fill,Quarter)" fullname="PlayersWorlds.Maps.Maze.MazeGeneratorAreasTest.ScatteredAreas(PlayersWorlds.Maps.Maze.SidewinderMazeGenerator,Fill,Quarter)" methodname="ScatteredAreas" classname="PlayersWorlds.Maps.Maze.MazeGeneratorAreasTest" runstate="Runnable" seed="1635546251" result="Skipped" label="Ignored" start-time="2024-05-23T05:00:48.1407050Z" end-time="2024-05-23T05:00:48.1408460Z" duration="0.000141" asserts="0" />
                <test-case id="1-1331" name="ScatteredAreas(PlayersWorlds.Maps.Maze.SidewinderMazeGenerator,Fill,Half)" fullname="PlayersWorlds.Maps.Maze.MazeGeneratorAreasTest.ScatteredAreas(PlayersWorlds.Maps.Maze.SidewinderMazeGenerator,Fill,Half)" methodname="ScatteredAreas" classname="PlayersWorlds.Maps.Maze.MazeGeneratorAreasTest" runstate="Runnable" seed="1469512067" result="Skipped" label="Ignored" start-time="2024-05-23T05:00:48.1408540Z" end-time="2024-05-23T05:00:48.1409140Z" duration="0.000061" asserts="0" />
                <test-case id="1-1332" name="ScatteredAreas(PlayersWorlds.Maps.Maze.SidewinderMazeGenerator,Fill,ThreeQuarters)" fullname="PlayersWorlds.Maps.Maze.MazeGeneratorAreasTest.ScatteredAreas(PlayersWorlds.Maps.Maze.SidewinderMazeGenerator,Fill,ThreeQuarters)" methodname="ScatteredAreas" classname="PlayersWorlds.Maps.Maze.MazeGeneratorAreasTest" runstate="Runnable" seed="677443089" result="Skipped" label="Ignored" start-time="2024-05-23T05:00:48.1409200Z" end-time="2024-05-23T05:00:48.1409770Z" duration="0.000057" asserts="0" />
                <test-case id="1-1333" name="ScatteredAreas(PlayersWorlds.Maps.Maze.SidewinderMazeGenerator,Fill,NinetyPercent)" fullname="PlayersWorlds.Maps.Maze.MazeGeneratorAreasTest.ScatteredAreas(PlayersWorlds.Maps.Maze.SidewinderMazeGenerator,Fill,NinetyPercent)" methodname="ScatteredAreas" classname="PlayersWorlds.Maps.Maze.MazeGeneratorAreasTest" runstate="Runnable" seed="1622261868" result="Skipped" label="Ignored" start-time="2024-05-23T05:00:48.1409830Z" end-time="2024-05-23T05:00:48.1410350Z" duration="0.000053" asserts="0" />
                <test-case id="1-1334" name="ScatteredAreas(PlayersWorlds.Maps.Maze.SidewinderMazeGenerator,Fill,FullWidth)" fullname="PlayersWorlds.Maps.Maze.MazeGeneratorAreasTest.ScatteredAreas(PlayersWorlds.Maps.Maze.SidewinderMazeGenerator,Fill,FullWidth)" methodname="ScatteredAreas" classname="PlayersWorlds.Maps.Maze.MazeGeneratorAreasTest" runstate="Runnable" seed="2076441927" result="Skipped" label="Ignored" start-time="2024-05-23T05:00:48.1410410Z" end-time="2024-05-23T05:00:48.1410890Z" duration="0.000049" asserts="0" />
                <test-case id="1-1335" name="ScatteredAreas(PlayersWorlds.Maps.Maze.SidewinderMazeGenerator,Fill,FullHeight)" fullname="PlayersWorlds.Maps.Maze.MazeGeneratorAreasTest.ScatteredAreas(PlayersWorlds.Maps.Maze.SidewinderMazeGenerator,Fill,FullHeight)" methodname="ScatteredAreas" classname="PlayersWorlds.Maps.Maze.MazeGeneratorAreasTest" runstate="Runnable" seed="296269609" result="Skipped" label="Ignored" start-time="2024-05-23T05:00:48.1410950Z" end-time="2024-05-23T05:00:48.1411440Z" duration="0.000049" asserts="0" />
                <test-case id="1-1336" name="ScatteredAreas(PlayersWorlds.Maps.Maze.SidewinderMazeGenerator,Fill,Full)" fullname="PlayersWorlds.Maps.Maze.MazeGeneratorAreasTest.ScatteredAreas(PlayersWorlds.Maps.Maze.SidewinderMazeGenerator,Fill,Full)" methodname="ScatteredAreas" classname="PlayersWorlds.Maps.Maze.MazeGeneratorAreasTest" runstate="Runnable" seed="1754947808" result="Skipped" label="Ignored" start-time="2024-05-23T05:00:48.1411490Z" end-time="2024-05-23T05:00:48.1411970Z" duration="0.000048" asserts="0" />
                <test-case id="1-1337" name="ScatteredAreas(PlayersWorlds.Maps.Maze.WilsonsMazeGenerator,Cave,Quarter)" fullname="PlayersWorlds.Maps.Maze.MazeGeneratorAreasTest.ScatteredAreas(PlayersWorlds.Maps.Maze.WilsonsMazeGenerator,Cave,Quarter)" methodname="ScatteredAreas" classname="PlayersWorlds.Maps.Maze.MazeGeneratorAreasTest" runstate="Runnable" seed="1445743495" result="Passed" start-time="2024-05-23T05:00:48.1412020Z" end-time="2024-05-23T05:00:48.8315200Z" duration="0.690318" asserts="20" />
                <test-case id="1-1338" name="ScatteredAreas(PlayersWorlds.Maps.Maze.WilsonsMazeGenerator,Cave,Half)" fullname="PlayersWorlds.Maps.Maze.MazeGeneratorAreasTest.ScatteredAreas(PlayersWorlds.Maps.Maze.WilsonsMazeGenerator,Cave,Half)" methodname="ScatteredAreas" classname="PlayersWorlds.Maps.Maze.MazeGeneratorAreasTest" runstate="Runnable" seed="1044430595" result="Passed" start-time="2024-05-23T05:00:48.8315400Z" end-time="2024-05-23T05:00:49.5389970Z" duration="0.707457" asserts="20" />
                <test-case id="1-1339" name="ScatteredAreas(PlayersWorlds.Maps.Maze.WilsonsMazeGenerator,Cave,ThreeQuarters)" fullname="PlayersWorlds.Maps.Maze.MazeGeneratorAreasTest.ScatteredAreas(PlayersWorlds.Maps.Maze.WilsonsMazeGenerator,Cave,ThreeQuarters)" methodname="ScatteredAreas" classname="PlayersWorlds.Maps.Maze.MazeGeneratorAreasTest" runstate="Runnable" seed="1976964500" result="Passed" start-time="2024-05-23T05:00:49.5390150Z" end-time="2024-05-23T05:00:50.2153610Z" duration="0.676346" asserts="20" />
                <test-case id="1-1340" name="ScatteredAreas(PlayersWorlds.Maps.Maze.WilsonsMazeGenerator,Cave,NinetyPercent)" fullname="PlayersWorlds.Maps.Maze.MazeGeneratorAreasTest.ScatteredAreas(PlayersWorlds.Maps.Maze.WilsonsMazeGenerator,Cave,NinetyPercent)" methodname="ScatteredAreas" classname="PlayersWorlds.Maps.Maze.MazeGeneratorAreasTest" runstate="Runnable" seed="1629863013" result="Passed" start-time="2024-05-23T05:00:50.2153800Z" end-time="2024-05-23T05:00:50.8895370Z" duration="0.674157" asserts="20" />
                <test-case id="1-1341" name="ScatteredAreas(PlayersWorlds.Maps.Maze.WilsonsMazeGenerator,Cave,FullWidth)" fullname="PlayersWorlds.Maps.Maze.MazeGeneratorAreasTest.ScatteredAreas(PlayersWorlds.Maps.Maze.WilsonsMazeGenerator,Cave,FullWidth)" methodname="ScatteredAreas" classname="PlayersWorlds.Maps.Maze.MazeGeneratorAreasTest" runstate="Runnable" seed="1743038795" result="Passed" start-time="2024-05-23T05:00:50.8895550Z" end-time="2024-05-23T05:00:51.5616360Z" duration="0.672081" asserts="20" />
                <test-case id="1-1342" name="ScatteredAreas(PlayersWorlds.Maps.Maze.WilsonsMazeGenerator,Cave,FullHeight)" fullname="PlayersWorlds.Maps.Maze.MazeGeneratorAreasTest.ScatteredAreas(PlayersWorlds.Maps.Maze.WilsonsMazeGenerator,Cave,FullHeight)" methodname="ScatteredAreas" classname="PlayersWorlds.Maps.Maze.MazeGeneratorAreasTest" runstate="Runnable" seed="1560202025" result="Passed" start-time="2024-05-23T05:00:51.5616510Z" end-time="2024-05-23T05:00:52.2445430Z" duration="0.682891" asserts="20" />
                <test-case id="1-1343" name="ScatteredAreas(PlayersWorlds.Maps.Maze.WilsonsMazeGenerator,Cave,Full)" fullname="PlayersWorlds.Maps.Maze.MazeGeneratorAreasTest.ScatteredAreas(PlayersWorlds.Maps.Maze.WilsonsMazeGenerator,Cave,Full)" methodname="ScatteredAreas" classname="PlayersWorlds.Maps.Maze.MazeGeneratorAreasTest" runstate="Runnable" seed="2006187774" result="Passed" start-time="2024-05-23T05:00:52.2445600Z" end-time="2024-05-23T05:00:52.9175910Z" duration="0.673031" asserts="20" />
                <test-case id="1-1344" name="ScatteredAreas(PlayersWorlds.Maps.Maze.WilsonsMazeGenerator,Hall,Quarter)" fullname="PlayersWorlds.Maps.Maze.MazeGeneratorAreasTest.ScatteredAreas(PlayersWorlds.Maps.Maze.WilsonsMazeGenerator,Hall,Quarter)" methodname="ScatteredAreas" classname="PlayersWorlds.Maps.Maze.MazeGeneratorAreasTest" runstate="Runnable" seed="2087364828" result="Passed" start-time="2024-05-23T05:00:52.9176090Z" end-time="2024-05-23T05:00:53.5726890Z" duration="0.655080" asserts="20" />
                <test-case id="1-1345" name="ScatteredAreas(PlayersWorlds.Maps.Maze.WilsonsMazeGenerator,Hall,Half)" fullname="PlayersWorlds.Maps.Maze.MazeGeneratorAreasTest.ScatteredAreas(PlayersWorlds.Maps.Maze.WilsonsMazeGenerator,Hall,Half)" methodname="ScatteredAreas" classname="PlayersWorlds.Maps.Maze.MazeGeneratorAreasTest" runstate="Runnable" seed="2046102104" result="Passed" start-time="2024-05-23T05:00:53.5727100Z" end-time="2024-05-23T05:00:54.2152650Z" duration="0.642555" asserts="20" />
                <test-case id="1-1346" name="ScatteredAreas(PlayersWorlds.Maps.Maze.WilsonsMazeGenerator,Hall,ThreeQuarters)" fullname="PlayersWorlds.Maps.Maze.MazeGeneratorAreasTest.ScatteredAreas(PlayersWorlds.Maps.Maze.WilsonsMazeGenerator,Hall,ThreeQuarters)" methodname="ScatteredAreas" classname="PlayersWorlds.Maps.Maze.MazeGeneratorAreasTest" runstate="Runnable" seed="858459047" result="Passed" start-time="2024-05-23T05:00:54.2152830Z" end-time="2024-05-23T05:00:54.8920770Z" duration="0.676794" asserts="20" />
                <test-case id="1-1347" name="ScatteredAreas(PlayersWorlds.Maps.Maze.WilsonsMazeGenerator,Hall,NinetyPercent)" fullname="PlayersWorlds.Maps.Maze.MazeGeneratorAreasTest.ScatteredAreas(PlayersWorlds.Maps.Maze.WilsonsMazeGenerator,Hall,NinetyPercent)" methodname="ScatteredAreas" classname="PlayersWorlds.Maps.Maze.MazeGeneratorAreasTest" runstate="Runnable" seed="353093820" result="Passed" start-time="2024-05-23T05:00:54.8920950Z" end-time="2024-05-23T05:00:55.5714050Z" duration="0.679310" asserts="20" />
                <test-case id="1-1348" name="ScatteredAreas(PlayersWorlds.Maps.Maze.WilsonsMazeGenerator,Hall,FullWidth)" fullname="PlayersWorlds.Maps.Maze.MazeGeneratorAreasTest.ScatteredAreas(PlayersWorlds.Maps.Maze.WilsonsMazeGenerator,Hall,FullWidth)" methodname="ScatteredAreas" classname="PlayersWorlds.Maps.Maze.MazeGeneratorAreasTest" runstate="Runnable" seed="1849462289" result="Passed" start-time="2024-05-23T05:00:55.5714220Z" end-time="2024-05-23T05:00:56.2299780Z" duration="0.658556" asserts="20" />
                <test-case id="1-1349" name="ScatteredAreas(PlayersWorlds.Maps.Maze.WilsonsMazeGenerator,Hall,FullHeight)" fullname="PlayersWorlds.Maps.Maze.MazeGeneratorAreasTest.ScatteredAreas(PlayersWorlds.Maps.Maze.WilsonsMazeGenerator,Hall,FullHeight)" methodname="ScatteredAreas" classname="PlayersWorlds.Maps.Maze.MazeGeneratorAreasTest" runstate="Runnable" seed="18818198" result="Passed" start-time="2024-05-23T05:00:56.2299960Z" end-time="2024-05-23T05:00:56.8914230Z" duration="0.661428" asserts="20" />
                <test-case id="1-1350" name="ScatteredAreas(PlayersWorlds.Maps.Maze.WilsonsMazeGenerator,Hall,Full)" fullname="PlayersWorlds.Maps.Maze.MazeGeneratorAreasTest.ScatteredAreas(PlayersWorlds.Maps.Maze.WilsonsMazeGenerator,Hall,Full)" methodname="ScatteredAreas" classname="PlayersWorlds.Maps.Maze.MazeGeneratorAreasTest" runstate="Runnable" seed="1943336001" result="Passed" start-time="2024-05-23T05:00:56.8914420Z" end-time="2024-05-23T05:00:57.5613910Z" duration="0.669950" asserts="20" />
                <test-case id="1-1351" name="ScatteredAreas(PlayersWorlds.Maps.Maze.WilsonsMazeGenerator,Fill,Quarter)" fullname="PlayersWorlds.Maps.Maze.MazeGeneratorAreasTest.ScatteredAreas(PlayersWorlds.Maps.Maze.WilsonsMazeGenerator,Fill,Quarter)" methodname="ScatteredAreas" classname="PlayersWorlds.Maps.Maze.MazeGeneratorAreasTest" runstate="Runnable" seed="1926255178" result="Skipped" label="Ignored" start-time="2024-05-23T05:00:57.5614090Z" end-time="2024-05-23T05:00:57.5615460Z" duration="0.000137" asserts="0" />
                <test-case id="1-1352" name="ScatteredAreas(PlayersWorlds.Maps.Maze.WilsonsMazeGenerator,Fill,Half)" fullname="PlayersWorlds.Maps.Maze.MazeGeneratorAreasTest.ScatteredAreas(PlayersWorlds.Maps.Maze.WilsonsMazeGenerator,Fill,Half)" methodname="ScatteredAreas" classname="PlayersWorlds.Maps.Maze.MazeGeneratorAreasTest" runstate="Runnable" seed="1512853849" result="Skipped" label="Ignored" start-time="2024-05-23T05:00:57.5615520Z" end-time="2024-05-23T05:00:57.5616100Z" duration="0.000059" asserts="0" />
                <test-case id="1-1353" name="ScatteredAreas(PlayersWorlds.Maps.Maze.WilsonsMazeGenerator,Fill,ThreeQuarters)" fullname="PlayersWorlds.Maps.Maze.MazeGeneratorAreasTest.ScatteredAreas(PlayersWorlds.Maps.Maze.WilsonsMazeGenerator,Fill,ThreeQuarters)" methodname="ScatteredAreas" classname="PlayersWorlds.Maps.Maze.MazeGeneratorAreasTest" runstate="Runnable" seed="1216996384" result="Skipped" label="Ignored" start-time="2024-05-23T05:00:57.5616160Z" end-time="2024-05-23T05:00:57.5616690Z" duration="0.000054" asserts="0" />
                <test-case id="1-1354" name="ScatteredAreas(PlayersWorlds.Maps.Maze.WilsonsMazeGenerator,Fill,NinetyPercent)" fullname="PlayersWorlds.Maps.Maze.MazeGeneratorAreasTest.ScatteredAreas(PlayersWorlds.Maps.Maze.WilsonsMazeGenerator,Fill,NinetyPercent)" methodname="ScatteredAreas" classname="PlayersWorlds.Maps.Maze.MazeGeneratorAreasTest" runstate="Runnable" seed="1481961040" result="Skipped" label="Ignored" start-time="2024-05-23T05:00:57.5616750Z" end-time="2024-05-23T05:00:57.5617260Z" duration="0.000052" asserts="0" />
                <test-case id="1-1355" name="ScatteredAreas(PlayersWorlds.Maps.Maze.WilsonsMazeGenerator,Fill,FullWidth)" fullname="PlayersWorlds.Maps.Maze.MazeGeneratorAreasTest.ScatteredAreas(PlayersWorlds.Maps.Maze.WilsonsMazeGenerator,Fill,FullWidth)" methodname="ScatteredAreas" classname="PlayersWorlds.Maps.Maze.MazeGeneratorAreasTest" runstate="Runnable" seed="1483080304" result="Skipped" label="Ignored" start-time="2024-05-23T05:00:57.5617310Z" end-time="2024-05-23T05:00:57.5617810Z" duration="0.000050" asserts="0" />
                <test-case id="1-1356" name="ScatteredAreas(PlayersWorlds.Maps.Maze.WilsonsMazeGenerator,Fill,FullHeight)" fullname="PlayersWorlds.Maps.Maze.MazeGeneratorAreasTest.ScatteredAreas(PlayersWorlds.Maps.Maze.WilsonsMazeGenerator,Fill,FullHeight)" methodname="ScatteredAreas" classname="PlayersWorlds.Maps.Maze.MazeGeneratorAreasTest" runstate="Runnable" seed="711884796" result="Skipped" label="Ignored" start-time="2024-05-23T05:00:57.5617860Z" end-time="2024-05-23T05:00:57.5618350Z" duration="0.000049" asserts="0" />
                <test-case id="1-1357" name="ScatteredAreas(PlayersWorlds.Maps.Maze.WilsonsMazeGenerator,Fill,Full)" fullname="PlayersWorlds.Maps.Maze.MazeGeneratorAreasTest.ScatteredAreas(PlayersWorlds.Maps.Maze.WilsonsMazeGenerator,Fill,Full)" methodname="ScatteredAreas" classname="PlayersWorlds.Maps.Maze.MazeGeneratorAreasTest" runstate="Runnable" seed="1798621321" result="Skipped" label="Ignored" start-time="2024-05-23T05:00:57.5618400Z" end-time="2024-05-23T05:00:57.5618890Z" duration="0.000049" asserts="0" />
              </test-suite>
              <test-suite type="ParameterizedMethod" id="1-1211" name="TwoMatchingAreas" fullname="PlayersWorlds.Maps.Maze.MazeGeneratorAreasTest.TwoMatchingAreas" classname="PlayersWorlds.Maps.Maze.MazeGeneratorAreasTest" runstate="Runnable" testcasecount="18" result="Passed" start-time="2024-05-23T05:00:57.5619300Z" end-time="2024-05-23T05:00:57.6846920Z" duration="0.122761" total="18" passed="18" failed="0" warnings="0" inconclusive="0" skipped="0" asserts="1080">
                <properties>
                  <property name="Repeat" value="10" />
                  <property name="Category" value="Integration" />
                </properties>
                <test-case id="1-1193" name="TwoMatchingAreas(PlayersWorlds.Maps.Maze.AldousBroderMazeGenerator,Cave)" fullname="PlayersWorlds.Maps.Maze.MazeGeneratorAreasTest.TwoMatchingAreas(PlayersWorlds.Maps.Maze.AldousBroderMazeGenerator,Cave)" methodname="TwoMatchingAreas" classname="PlayersWorlds.Maps.Maze.MazeGeneratorAreasTest" runstate="Runnable" seed="2016981382" result="Passed" start-time="2024-05-23T05:00:57.5619440Z" end-time="2024-05-23T05:00:57.5716350Z" duration="0.009691" asserts="60" />
                <test-case id="1-1194" name="TwoMatchingAreas(PlayersWorlds.Maps.Maze.AldousBroderMazeGenerator,Hall)" fullname="PlayersWorlds.Maps.Maze.MazeGeneratorAreasTest.TwoMatchingAreas(PlayersWorlds.Maps.Maze.AldousBroderMazeGenerator,Hall)" methodname="TwoMatchingAreas" classname="PlayersWorlds.Maps.Maze.MazeGeneratorAreasTest" runstate="Runnable" seed="1056351340" result="Passed" start-time="2024-05-23T05:00:57.5716450Z" end-time="2024-05-23T05:00:57.5801270Z" duration="0.008482" asserts="60" />
                <test-case id="1-1195" name="TwoMatchingAreas(PlayersWorlds.Maps.Maze.AldousBroderMazeGenerator,Fill)" fullname="PlayersWorlds.Maps.Maze.MazeGeneratorAreasTest.TwoMatchingAreas(PlayersWorlds.Maps.Maze.AldousBroderMazeGenerator,Fill)" methodname="TwoMatchingAreas" classname="PlayersWorlds.Maps.Maze.MazeGeneratorAreasTest" runstate="Runnable" seed="909568108" result="Passed" start-time="2024-05-23T05:00:57.5801370Z" end-time="2024-05-23T05:00:57.5872040Z" duration="0.007067" asserts="60" />
                <test-case id="1-1196" name="TwoMatchingAreas(PlayersWorlds.Maps.Maze.BinaryTreeMazeGenerator,Cave)" fullname="PlayersWorlds.Maps.Maze.MazeGeneratorAreasTest.TwoMatchingAreas(PlayersWorlds.Maps.Maze.BinaryTreeMazeGenerator,Cave)" methodname="TwoMatchingAreas" classname="PlayersWorlds.Maps.Maze.MazeGeneratorAreasTest" runstate="Runnable" seed="105833830" result="Passed" start-time="2024-05-23T05:00:57.5872150Z" end-time="2024-05-23T05:00:57.5952250Z" duration="0.008010" asserts="60" />
                <test-case id="1-1197" name="TwoMatchingAreas(PlayersWorlds.Maps.Maze.BinaryTreeMazeGenerator,Hall)" fullname="PlayersWorlds.Maps.Maze.MazeGeneratorAreasTest.TwoMatchingAreas(PlayersWorlds.Maps.Maze.BinaryTreeMazeGenerator,Hall)" methodname="TwoMatchingAreas" classname="PlayersWorlds.Maps.Maze.MazeGeneratorAreasTest" runstate="Runnable" seed="939385511" result="Passed" start-time="2024-05-23T05:00:57.5952380Z" end-time="2024-05-23T05:00:57.6029140Z" duration="0.007676" asserts="60" />
                <test-case id="1-1198" name="TwoMatchingAreas(PlayersWorlds.Maps.Maze.BinaryTreeMazeGenerator,Fill)" fullname="PlayersWorlds.Maps.Maze.MazeGeneratorAreasTest.TwoMatchingAreas(PlayersWorlds.Maps.Maze.BinaryTreeMazeGenerator,Fill)" methodname="TwoMatchingAreas" classname="PlayersWorlds.Maps.Maze.MazeGeneratorAreasTest" runstate="Runnable" seed="1727243551" result="Passed" start-time="2024-05-23T05:00:57.6029260Z" end-time="2024-05-23T05:00:57.6094220Z" duration="0.006496" asserts="60" />
                <test-case id="1-1199" name="TwoMatchingAreas(PlayersWorlds.Maps.Maze.HuntAndKillMazeGenerator,Cave)" fullname="PlayersWorlds.Maps.Maze.MazeGeneratorAreasTest.TwoMatchingAreas(PlayersWorlds.Maps.Maze.HuntAndKillMazeGenerator,Cave)" methodname="TwoMatchingAreas" classname="PlayersWorlds.Maps.Maze.MazeGeneratorAreasTest" runstate="Runnable" seed="200910254" result="Passed" start-time="2024-05-23T05:00:57.6094340Z" end-time="2024-05-23T05:00:57.6150180Z" duration="0.005583" asserts="60" />
                <test-case id="1-1200" name="TwoMatchingAreas(PlayersWorlds.Maps.Maze.HuntAndKillMazeGenerator,Hall)" fullname="PlayersWorlds.Maps.Maze.MazeGeneratorAreasTest.TwoMatchingAreas(PlayersWorlds.Maps.Maze.HuntAndKillMazeGenerator,Hall)" methodname="TwoMatchingAreas" classname="PlayersWorlds.Maps.Maze.MazeGeneratorAreasTest" runstate="Runnable" seed="306965533" result="Passed" start-time="2024-05-23T05:00:57.6150310Z" end-time="2024-05-23T05:00:57.6209720Z" duration="0.005941" asserts="60" />
                <test-case id="1-1201" name="TwoMatchingAreas(PlayersWorlds.Maps.Maze.HuntAndKillMazeGenerator,Fill)" fullname="PlayersWorlds.Maps.Maze.MazeGeneratorAreasTest.TwoMatchingAreas(PlayersWorlds.Maps.Maze.HuntAndKillMazeGenerator,Fill)" methodname="TwoMatchingAreas" classname="PlayersWorlds.Maps.Maze.MazeGeneratorAreasTest" runstate="Runnable" seed="116765836" result="Passed" start-time="2024-05-23T05:00:57.6209840Z" end-time="2024-05-23T05:00:57.6256970Z" duration="0.004714" asserts="60" />
                <test-case id="1-1202" name="TwoMatchingAreas(PlayersWorlds.Maps.Maze.RecursiveBacktrackerMazeGenerator,Cave)" fullname="PlayersWorlds.Maps.Maze.MazeGeneratorAreasTest.TwoMatchingAreas(PlayersWorlds.Maps.Maze.RecursiveBacktrackerMazeGenerator,Cave)" methodname="TwoMatchingAreas" classname="PlayersWorlds.Maps.Maze.MazeGeneratorAreasTest" runstate="Runnable" seed="161576069" result="Passed" start-time="2024-05-23T05:00:57.6257090Z" end-time="2024-05-23T05:00:57.6312970Z" duration="0.005589" asserts="60" />
                <test-case id="1-1203" name="TwoMatchingAreas(PlayersWorlds.Maps.Maze.RecursiveBacktrackerMazeGenerator,Hall)" fullname="PlayersWorlds.Maps.Maze.MazeGeneratorAreasTest.TwoMatchingAreas(PlayersWorlds.Maps.Maze.RecursiveBacktrackerMazeGenerator,Hall)" methodname="TwoMatchingAreas" classname="PlayersWorlds.Maps.Maze.MazeGeneratorAreasTest" runstate="Runnable" seed="252568991" result="Passed" start-time="2024-05-23T05:00:57.6313080Z" end-time="2024-05-23T05:00:57.6371050Z" duration="0.005797" asserts="60" />
                <test-case id="1-1204" name="TwoMatchingAreas(PlayersWorlds.Maps.Maze.RecursiveBacktrackerMazeGenerator,Fill)" fullname="PlayersWorlds.Maps.Maze.MazeGeneratorAreasTest.TwoMatchingAreas(PlayersWorlds.Maps.Maze.RecursiveBacktrackerMazeGenerator,Fill)" methodname="TwoMatchingAreas" classname="PlayersWorlds.Maps.Maze.MazeGeneratorAreasTest" runstate="Runnable" seed="1381709445" result="Passed" start-time="2024-05-23T05:00:57.6371160Z" end-time="2024-05-23T05:00:57.6417690Z" duration="0.004654" asserts="60" />
                <test-case id="1-1205" name="TwoMatchingAreas(PlayersWorlds.Maps.Maze.SidewinderMazeGenerator,Cave)" fullname="PlayersWorlds.Maps.Maze.MazeGeneratorAreasTest.TwoMatchingAreas(PlayersWorlds.Maps.Maze.SidewinderMazeGenerator,Cave)" methodname="TwoMatchingAreas" classname="PlayersWorlds.Maps.Maze.MazeGeneratorAreasTest" runstate="Runnable" seed="996023639" result="Passed" start-time="2024-05-23T05:00:57.6417800Z" end-time="2024-05-23T05:00:57.6504110Z" duration="0.008631" asserts="60" />
                <test-case id="1-1206" name="TwoMatchingAreas(PlayersWorlds.Maps.Maze.SidewinderMazeGenerator,Hall)" fullname="PlayersWorlds.Maps.Maze.MazeGeneratorAreasTest.TwoMatchingAreas(PlayersWorlds.Maps.Maze.SidewinderMazeGenerator,Hall)" methodname="TwoMatchingAreas" classname="PlayersWorlds.Maps.Maze.MazeGeneratorAreasTest" runstate="Runnable" seed="1021200974" result="Passed" start-time="2024-05-23T05:00:57.6504210Z" end-time="2024-05-23T05:00:57.6584700Z" duration="0.008049" asserts="60" />
                <test-case id="1-1207" name="TwoMatchingAreas(PlayersWorlds.Maps.Maze.SidewinderMazeGenerator,Fill)" fullname="PlayersWorlds.Maps.Maze.MazeGeneratorAreasTest.TwoMatchingAreas(PlayersWorlds.Maps.Maze.SidewinderMazeGenerator,Fill)" methodname="TwoMatchingAreas" classname="PlayersWorlds.Maps.Maze.MazeGeneratorAreasTest" runstate="Runnable" seed="768186455" result="Passed" start-time="2024-05-23T05:00:57.6584810Z" end-time="2024-05-23T05:00:57.6658680Z" duration="0.007387" asserts="60" />
                <test-case id="1-1208" name="TwoMatchingAreas(PlayersWorlds.Maps.Maze.WilsonsMazeGenerator,Cave)" fullname="PlayersWorlds.Maps.Maze.MazeGeneratorAreasTest.TwoMatchingAreas(PlayersWorlds.Maps.Maze.WilsonsMazeGenerator,Cave)" methodname="TwoMatchingAreas" classname="PlayersWorlds.Maps.Maze.MazeGeneratorAreasTest" runstate="Runnable" seed="243816680" result="Passed" start-time="2024-05-23T05:00:57.6658780Z" end-time="2024-05-23T05:00:57.6726770Z" duration="0.006799" asserts="60" />
                <test-case id="1-1209" name="TwoMatchingAreas(PlayersWorlds.Maps.Maze.WilsonsMazeGenerator,Hall)" fullname="PlayersWorlds.Maps.Maze.MazeGeneratorAreasTest.TwoMatchingAreas(PlayersWorlds.Maps.Maze.WilsonsMazeGenerator,Hall)" methodname="TwoMatchingAreas" classname="PlayersWorlds.Maps.Maze.MazeGeneratorAreasTest" runstate="Runnable" seed="341494957" result="Passed" start-time="2024-05-23T05:00:57.6726870Z" end-time="2024-05-23T05:00:57.6794400Z" duration="0.006752" asserts="60" />
                <test-case id="1-1210" name="TwoMatchingAreas(PlayersWorlds.Maps.Maze.WilsonsMazeGenerator,Fill)" fullname="PlayersWorlds.Maps.Maze.MazeGeneratorAreasTest.TwoMatchingAreas(PlayersWorlds.Maps.Maze.WilsonsMazeGenerator,Fill)" methodname="TwoMatchingAreas" classname="PlayersWorlds.Maps.Maze.MazeGeneratorAreasTest" runstate="Runnable" seed="592241347" result="Passed" start-time="2024-05-23T05:00:57.6794500Z" end-time="2024-05-23T05:00:57.6846770Z" duration="0.005227" asserts="60" />
              </test-suite>
              <test-case id="1-1231" name="WilsonsHalls" fullname="PlayersWorlds.Maps.Maze.MazeGeneratorAreasTest.WilsonsHalls" methodname="WilsonsHalls" classname="PlayersWorlds.Maps.Maze.MazeGeneratorAreasTest" runstate="Runnable" seed="1607345366" result="Passed" start-time="2024-05-23T05:00:57.6847030Z" end-time="2024-05-23T05:00:57.7384870Z" duration="0.053784" asserts="10">
                <properties>
                  <property name="Repeat" value="10" />
                  <property name="Category" value="Integration" />
                </properties>
              </test-case>
            </test-suite>
            <test-suite type="TestFixture" id="1-1360" name="MazeGeneratorTest" fullname="PlayersWorlds.Maps.Maze.MazeGeneratorTest" classname="PlayersWorlds.Maps.Maze.MazeGeneratorTest" runstate="Runnable" testcasecount="527" result="Failed" site="Child" start-time="2024-05-23T05:00:57.7385250Z" end-time="2024-05-23T05:00:59.5005240Z" duration="1.761999" total="527" passed="382" failed="1" warnings="0" inconclusive="0" skipped="144" asserts="1795">
              <failure>
                <message><![CDATA[One or more child tests had errors]]></message>
              </failure>
              <test-suite type="ParameterizedMethod" id="1-1890" name="CanFindPaths" fullname="PlayersWorlds.Maps.Maze.MazeGeneratorTest.CanFindPaths" classname="PlayersWorlds.Maps.Maze.MazeGeneratorTest" runstate="Runnable" testcasecount="6" result="Passed" start-time="2024-05-23T05:00:57.7386030Z" end-time="2024-05-23T05:00:57.7415600Z" duration="0.002957" total="6" passed="6" failed="0" warnings="0" inconclusive="0" skipped="0" asserts="18">
                <properties>
                  <property name="Category" value="Integration" />
                </properties>
                <test-case id="1-1884" name="CanFindPaths(PlayersWorlds.Maps.Maze.AldousBroderMazeGenerator)" fullname="PlayersWorlds.Maps.Maze.MazeGeneratorTest.CanFindPaths(PlayersWorlds.Maps.Maze.AldousBroderMazeGenerator)" methodname="CanFindPaths" classname="PlayersWorlds.Maps.Maze.MazeGeneratorTest" runstate="Runnable" seed="2069408968" result="Passed" start-time="2024-05-23T05:00:57.7386140Z" end-time="2024-05-23T05:00:57.7397750Z" duration="0.001162" asserts="3" />
                <test-case id="1-1885" name="CanFindPaths(PlayersWorlds.Maps.Maze.BinaryTreeMazeGenerator)" fullname="PlayersWorlds.Maps.Maze.MazeGeneratorTest.CanFindPaths(PlayersWorlds.Maps.Maze.BinaryTreeMazeGenerator)" methodname="CanFindPaths" classname="PlayersWorlds.Maps.Maze.MazeGeneratorTest" runstate="Runnable" seed="53288016" result="Passed" start-time="2024-05-23T05:00:57.7397850Z" end-time="2024-05-23T05:00:57.7400440Z" duration="0.000259" asserts="3" />
                <test-case id="1-1886" name="CanFindPaths(PlayersWorlds.Maps.Maze.HuntAndKillMazeGenerator)" fullname="PlayersWorlds.Maps.Maze.MazeGeneratorTest.CanFindPaths(PlayersWorlds.Maps.Maze.HuntAndKillMazeGenerator)" methodname="CanFindPaths" classname="PlayersWorlds.Maps.Maze.MazeGeneratorTest" runstate="Runnable" seed="365194508" result="Passed" start-time="2024-05-23T05:00:57.7400510Z" end-time="2024-05-23T05:00:57.7402430Z" duration="0.000192" asserts="3" />
                <test-case id="1-1887" name="CanFindPaths(PlayersWorlds.Maps.Maze.RecursiveBacktrackerMazeGenerator)" fullname="PlayersWorlds.Maps.Maze.MazeGeneratorTest.CanFindPaths(PlayersWorlds.Maps.Maze.RecursiveBacktrackerMazeGenerator)" methodname="CanFindPaths" classname="PlayersWorlds.Maps.Maze.MazeGeneratorTest" runstate="Runnable" seed="994047031" result="Passed" start-time="2024-05-23T05:00:57.7402500Z" end-time="2024-05-23T05:00:57.7410870Z" duration="0.000837" asserts="3" />
                <test-case id="1-1888" name="CanFindPaths(PlayersWorlds.Maps.Maze.SidewinderMazeGenerator)" fullname="PlayersWorlds.Maps.Maze.MazeGeneratorTest.CanFindPaths(PlayersWorlds.Maps.Maze.SidewinderMazeGenerator)" methodname="CanFindPaths" classname="PlayersWorlds.Maps.Maze.MazeGeneratorTest" runstate="Runnable" seed="1029608481" result="Passed" start-time="2024-05-23T05:00:57.7410940Z" end-time="2024-05-23T05:00:57.7413540Z" duration="0.000260" asserts="3" />
                <test-case id="1-1889" name="CanFindPaths(PlayersWorlds.Maps.Maze.WilsonsMazeGenerator)" fullname="PlayersWorlds.Maps.Maze.MazeGeneratorTest.CanFindPaths(PlayersWorlds.Maps.Maze.WilsonsMazeGenerator)" methodname="CanFindPaths" classname="PlayersWorlds.Maps.Maze.MazeGeneratorTest" runstate="Runnable" seed="485551533" result="Passed" start-time="2024-05-23T05:00:57.7413610Z" end-time="2024-05-23T05:00:57.7415530Z" duration="0.000192" asserts="3" />
              </test-suite>
              <test-suite type="ParameterizedMethod" id="1-1368" name="CanGenerateMazes" fullname="PlayersWorlds.Maps.Maze.MazeGeneratorTest.CanGenerateMazes" classname="PlayersWorlds.Maps.Maze.MazeGeneratorTest" runstate="Runnable" testcasecount="6" result="Passed" start-time="2024-05-23T05:00:57.7415680Z" end-time="2024-05-23T05:00:57.8323220Z" duration="0.090754" total="6" passed="6" failed="0" warnings="0" inconclusive="0" skipped="0" asserts="12">
                <test-case id="1-1362" name="CanGenerateMazes(PlayersWorlds.Maps.Maze.AldousBroderMazeGenerator)" fullname="PlayersWorlds.Maps.Maze.MazeGeneratorTest.CanGenerateMazes(PlayersWorlds.Maps.Maze.AldousBroderMazeGenerator)" methodname="CanGenerateMazes" classname="PlayersWorlds.Maps.Maze.MazeGeneratorTest" runstate="Runnable" seed="562436667" result="Passed" start-time="2024-05-23T05:00:57.7415760Z" end-time="2024-05-23T05:00:57.7595250Z" duration="0.017949" asserts="2" />
                <test-case id="1-1363" name="CanGenerateMazes(PlayersWorlds.Maps.Maze.BinaryTreeMazeGenerator)" fullname="PlayersWorlds.Maps.Maze.MazeGeneratorTest.CanGenerateMazes(PlayersWorlds.Maps.Maze.BinaryTreeMazeGenerator)" methodname="CanGenerateMazes" classname="PlayersWorlds.Maps.Maze.MazeGeneratorTest" runstate="Runnable" seed="1278506533" result="Passed" start-time="2024-05-23T05:00:57.7595370Z" end-time="2024-05-23T05:00:57.7751870Z" duration="0.015650" asserts="2" />
                <test-case id="1-1364" name="CanGenerateMazes(PlayersWorlds.Maps.Maze.HuntAndKillMazeGenerator)" fullname="PlayersWorlds.Maps.Maze.MazeGeneratorTest.CanGenerateMazes(PlayersWorlds.Maps.Maze.HuntAndKillMazeGenerator)" methodname="CanGenerateMazes" classname="PlayersWorlds.Maps.Maze.MazeGeneratorTest" runstate="Runnable" seed="336527401" result="Passed" start-time="2024-05-23T05:00:57.7751970Z" end-time="2024-05-23T05:00:57.7882360Z" duration="0.013039" asserts="2" />
                <test-case id="1-1365" name="CanGenerateMazes(PlayersWorlds.Maps.Maze.RecursiveBacktrackerMazeGenerator)" fullname="PlayersWorlds.Maps.Maze.MazeGeneratorTest.CanGenerateMazes(PlayersWorlds.Maps.Maze.RecursiveBacktrackerMazeGenerator)" methodname="CanGenerateMazes" classname="PlayersWorlds.Maps.Maze.MazeGeneratorTest" runstate="Runnable" seed="1534545334" result="Passed" start-time="2024-05-23T05:00:57.7882470Z" end-time="2024-05-23T05:00:57.8015570Z" duration="0.013310" asserts="2" />
                <test-case id="1-1366" name="CanGenerateMazes(PlayersWorlds.Maps.Maze.SidewinderMazeGenerator)" fullname="PlayersWorlds.Maps.Maze.MazeGeneratorTest.CanGenerateMazes(PlayersWorlds.Maps.Maze.SidewinderMazeGenerator)" methodname="CanGenerateMazes" classname="PlayersWorlds.Maps.Maze.MazeGeneratorTest" runstate="Runnable" seed="193264385" result="Passed" start-time="2024-05-23T05:00:57.8015710Z" end-time="2024-05-23T05:00:57.8183420Z" duration="0.016772" asserts="2" />
                <test-case id="1-1367" name="CanGenerateMazes(PlayersWorlds.Maps.Maze.WilsonsMazeGenerator)" fullname="PlayersWorlds.Maps.Maze.MazeGeneratorTest.CanGenerateMazes(PlayersWorlds.Maps.Maze.WilsonsMazeGenerator)" methodname="CanGenerateMazes" classname="PlayersWorlds.Maps.Maze.MazeGeneratorTest" runstate="Runnable" seed="1257415054" result="Passed" start-time="2024-05-23T05:00:57.8183530Z" end-time="2024-05-23T05:00:57.8323100Z" duration="0.013957" asserts="2" />
              </test-suite>
              <test-case id="1-1361" name="CanUseCustomAreaGenerator" fullname="PlayersWorlds.Maps.Maze.MazeGeneratorTest.CanUseCustomAreaGenerator" methodname="CanUseCustomAreaGenerator" classname="PlayersWorlds.Maps.Maze.MazeGeneratorTest" runstate="Runnable" seed="1427683570" result="Passed" start-time="2024-05-23T05:00:57.8323300Z" end-time="2024-05-23T05:00:57.8416000Z" duration="0.009270" asserts="4" />
              <test-suite type="ParameterizedMethod" id="1-1881" name="IsFillComplete" fullname="PlayersWorlds.Maps.Maze.MazeGeneratorTest.IsFillComplete" classname="PlayersWorlds.Maps.Maze.MazeGeneratorTest" runstate="Runnable" testcasecount="504" result="Failed" site="Child" start-time="2024-05-23T05:00:57.8416230Z" end-time="2024-05-23T05:00:59.4767050Z" duration="1.635082" total="504" passed="359" failed="1" warnings="0" inconclusive="0" skipped="144" asserts="1736">
                <properties>
                  <property name="Category" value="Integration" />
                </properties>
                <failure>
                  <message><![CDATA[One or more child tests had errors]]></message>
                </failure>
                <test-case id="1-1377" name="IsFillComplete(PlayersWorlds.Maps.Maze.AldousBroderMazeGenerator,Quarter,Auto,null)" fullname="PlayersWorlds.Maps.Maze.MazeGeneratorTest.IsFillComplete(PlayersWorlds.Maps.Maze.AldousBroderMazeGenerator,Quarter,Auto,null)" methodname="IsFillComplete" classname="PlayersWorlds.Maps.Maze.MazeGeneratorTest" runstate="Runnable" seed="642426270" result="Passed" start-time="2024-05-23T05:00:57.8416450Z" end-time="2024-05-23T05:00:57.8450080Z" duration="0.003363" asserts="4" />
                <test-case id="1-1378" name="IsFillComplete(PlayersWorlds.Maps.Maze.AldousBroderMazeGenerator,Quarter,Auto,System.Collections.Generic.List`1[PlayersWorlds.Maps.Area])" fullname="PlayersWorlds.Maps.Maze.MazeGeneratorTest.IsFillComplete(PlayersWorlds.Maps.Maze.AldousBroderMazeGenerator,Quarter,Auto,System.Collections.Generic.List`1[PlayersWorlds.Maps.Area])" methodname="IsFillComplete" classname="PlayersWorlds.Maps.Maze.MazeGeneratorTest" runstate="Runnable" seed="510154410" result="Passed" start-time="2024-05-23T05:00:57.8450220Z" end-time="2024-05-23T05:00:57.8496810Z" duration="0.004659" asserts="5" />
                <test-case id="1-1379" name="IsFillComplete(PlayersWorlds.Maps.Maze.AldousBroderMazeGenerator,Quarter,Auto,System.Collections.Generic.List`1[PlayersWorlds.Maps.Area])" fullname="PlayersWorlds.Maps.Maze.MazeGeneratorTest.IsFillComplete(PlayersWorlds.Maps.Maze.AldousBroderMazeGenerator,Quarter,Auto,System.Collections.Generic.List`1[PlayersWorlds.Maps.Area])" methodname="IsFillComplete" classname="PlayersWorlds.Maps.Maze.MazeGeneratorTest" runstate="Runnable" seed="1397546582" result="Passed" start-time="2024-05-23T05:00:57.8497010Z" end-time="2024-05-23T05:00:57.8522720Z" duration="0.002572" asserts="5" />
                <test-case id="1-1380" name="IsFillComplete(PlayersWorlds.Maps.Maze.AldousBroderMazeGenerator,Quarter,Auto,System.Collections.Generic.List`1[PlayersWorlds.Maps.Area])" fullname="PlayersWorlds.Maps.Maze.MazeGeneratorTest.IsFillComplete(PlayersWorlds.Maps.Maze.AldousBroderMazeGenerator,Quarter,Auto,System.Collections.Generic.List`1[PlayersWorlds.Maps.Area])" methodname="IsFillComplete" classname="PlayersWorlds.Maps.Maze.MazeGeneratorTest" runstate="Runnable" seed="2017416463" result="Passed" start-time="2024-05-23T05:00:57.8522830Z" end-time="2024-05-23T05:00:57.8569160Z" duration="0.004633" asserts="5" />
                <test-case id="1-1381" name="IsFillComplete(PlayersWorlds.Maps.Maze.AldousBroderMazeGenerator,Quarter,Auto,System.Collections.Generic.List`1[PlayersWorlds.Maps.Area])" fullname="PlayersWorlds.Maps.Maze.MazeGeneratorTest.IsFillComplete(PlayersWorlds.Maps.Maze.AldousBroderMazeGenerator,Quarter,Auto,System.Collections.Generic.List`1[PlayersWorlds.Maps.Area])" methodname="IsFillComplete" classname="PlayersWorlds.Maps.Maze.MazeGeneratorTest" runstate="Runnable" seed="1365221213" result="Passed" start-time="2024-05-23T05:00:57.8569270Z" end-time="2024-05-23T05:00:57.8638280Z" duration="0.006902" asserts="5" />
                <test-case id="1-1382" name="IsFillComplete(PlayersWorlds.Maps.Maze.AldousBroderMazeGenerator,Quarter,Auto,System.Collections.Generic.List`1[PlayersWorlds.Maps.Area])" fullname="PlayersWorlds.Maps.Maze.MazeGeneratorTest.IsFillComplete(PlayersWorlds.Maps.Maze.AldousBroderMazeGenerator,Quarter,Auto,System.Collections.Generic.List`1[PlayersWorlds.Maps.Area])" methodname="IsFillComplete" classname="PlayersWorlds.Maps.Maze.MazeGeneratorTest" runstate="Runnable" seed="1222036155" result="Passed" start-time="2024-05-23T05:00:57.8638390Z" end-time="2024-05-23T05:00:57.8693130Z" duration="0.005474" asserts="5" />
                <test-case id="1-1383" name="IsFillComplete(PlayersWorlds.Maps.Maze.AldousBroderMazeGenerator,Quarter,Manual,null)" fullname="PlayersWorlds.Maps.Maze.MazeGeneratorTest.IsFillComplete(PlayersWorlds.Maps.Maze.AldousBroderMazeGenerator,Quarter,Manual,null)" methodname="IsFillComplete" classname="PlayersWorlds.Maps.Maze.MazeGeneratorTest" runstate="Runnable" seed="727280532" result="Passed" start-time="2024-05-23T05:00:57.8693230Z" end-time="2024-05-23T05:00:57.8708890Z" duration="0.001566" asserts="4" />
                <test-case id="1-1384" name="IsFillComplete(PlayersWorlds.Maps.Maze.AldousBroderMazeGenerator,Quarter,Manual,System.Collections.Generic.List`1[PlayersWorlds.Maps.Area])" fullname="PlayersWorlds.Maps.Maze.MazeGeneratorTest.IsFillComplete(PlayersWorlds.Maps.Maze.AldousBroderMazeGenerator,Quarter,Manual,System.Collections.Generic.List`1[PlayersWorlds.Maps.Area])" methodname="IsFillComplete" classname="PlayersWorlds.Maps.Maze.MazeGeneratorTest" runstate="Runnable" seed="117425513" result="Passed" start-time="2024-05-23T05:00:57.8708990Z" end-time="2024-05-23T05:00:57.8718130Z" duration="0.000914" asserts="5" />
                <test-case id="1-1385" name="IsFillComplete(PlayersWorlds.Maps.Maze.AldousBroderMazeGenerator,Quarter,Manual,System.Collections.Generic.List`1[PlayersWorlds.Maps.Area])" fullname="PlayersWorlds.Maps.Maze.MazeGeneratorTest.IsFillComplete(PlayersWorlds.Maps.Maze.AldousBroderMazeGenerator,Quarter,Manual,System.Collections.Generic.List`1[PlayersWorlds.Maps.Area])" methodname="IsFillComplete" classname="PlayersWorlds.Maps.Maze.MazeGeneratorTest" runstate="Runnable" seed="953993794" result="Passed" start-time="2024-05-23T05:00:57.8718220Z" end-time="2024-05-23T05:00:57.8729390Z" duration="0.001117" asserts="5" />
                <test-case id="1-1386" name="IsFillComplete(PlayersWorlds.Maps.Maze.AldousBroderMazeGenerator,Quarter,Manual,System.Collections.Generic.List`1[PlayersWorlds.Maps.Area])" fullname="PlayersWorlds.Maps.Maze.MazeGeneratorTest.IsFillComplete(PlayersWorlds.Maps.Maze.AldousBroderMazeGenerator,Quarter,Manual,System.Collections.Generic.List`1[PlayersWorlds.Maps.Area])" methodname="IsFillComplete" classname="PlayersWorlds.Maps.Maze.MazeGeneratorTest" runstate="Runnable" seed="66792956" result="Passed" start-time="2024-05-23T05:00:57.8729480Z" end-time="2024-05-23T05:00:57.8741580Z" duration="0.001211" asserts="5" />
                <test-case id="1-1387" name="IsFillComplete(PlayersWorlds.Maps.Maze.AldousBroderMazeGenerator,Quarter,Manual,System.Collections.Generic.List`1[PlayersWorlds.Maps.Area])" fullname="PlayersWorlds.Maps.Maze.MazeGeneratorTest.IsFillComplete(PlayersWorlds.Maps.Maze.AldousBroderMazeGenerator,Quarter,Manual,System.Collections.Generic.List`1[PlayersWorlds.Maps.Area])" methodname="IsFillComplete" classname="PlayersWorlds.Maps.Maze.MazeGeneratorTest" runstate="Runnable" seed="1037055331" result="Passed" start-time="2024-05-23T05:00:57.8741690Z" end-time="2024-05-23T05:00:57.8761980Z" duration="0.002029" asserts="5" />
                <test-case id="1-1388" name="IsFillComplete(PlayersWorlds.Maps.Maze.AldousBroderMazeGenerator,Quarter,Manual,System.Collections.Generic.List`1[PlayersWorlds.Maps.Area])" fullname="PlayersWorlds.Maps.Maze.MazeGeneratorTest.IsFillComplete(PlayersWorlds.Maps.Maze.AldousBroderMazeGenerator,Quarter,Manual,System.Collections.Generic.List`1[PlayersWorlds.Maps.Area])" methodname="IsFillComplete" classname="PlayersWorlds.Maps.Maze.MazeGeneratorTest" runstate="Runnable" seed="544201017" result="Passed" start-time="2024-05-23T05:00:57.8762080Z" end-time="2024-05-23T05:00:57.8786900Z" duration="0.002482" asserts="5" />
                <test-case id="1-1389" name="IsFillComplete(PlayersWorlds.Maps.Maze.AldousBroderMazeGenerator,Half,Auto,null)" fullname="PlayersWorlds.Maps.Maze.MazeGeneratorTest.IsFillComplete(PlayersWorlds.Maps.Maze.AldousBroderMazeGenerator,Half,Auto,null)" methodname="IsFillComplete" classname="PlayersWorlds.Maps.Maze.MazeGeneratorTest" runstate="Runnable" seed="1761425490" result="Passed" start-time="2024-05-23T05:00:57.8787020Z" end-time="2024-05-23T05:00:57.8815200Z" duration="0.002819" asserts="4" />
                <test-case id="1-1390" name="IsFillComplete(PlayersWorlds.Maps.Maze.AldousBroderMazeGenerator,Half,Auto,System.Collections.Generic.List`1[PlayersWorlds.Maps.Area])" fullname="PlayersWorlds.Maps.Maze.MazeGeneratorTest.IsFillComplete(PlayersWorlds.Maps.Maze.AldousBroderMazeGenerator,Half,Auto,System.Collections.Generic.List`1[PlayersWorlds.Maps.Area])" methodname="IsFillComplete" classname="PlayersWorlds.Maps.Maze.MazeGeneratorTest" runstate="Runnable" seed="1005718252" result="Passed" start-time="2024-05-23T05:00:57.8815280Z" end-time="2024-05-23T05:00:57.8880770Z" duration="0.006549" asserts="5" />
                <test-case id="1-1391" name="IsFillComplete(PlayersWorlds.Maps.Maze.AldousBroderMazeGenerator,Half,Auto,System.Collections.Generic.List`1[PlayersWorlds.Maps.Area])" fullname="PlayersWorlds.Maps.Maze.MazeGeneratorTest.IsFillComplete(PlayersWorlds.Maps.Maze.AldousBroderMazeGenerator,Half,Auto,System.Collections.Generic.List`1[PlayersWorlds.Maps.Area])" methodname="IsFillComplete" classname="PlayersWorlds.Maps.Maze.MazeGeneratorTest" runstate="Runnable" seed="360811258" result="Passed" start-time="2024-05-23T05:00:57.8880880Z" end-time="2024-05-23T05:00:57.8999530Z" duration="0.011865" asserts="5" />
                <test-case id="1-1392" name="IsFillComplete(PlayersWorlds.Maps.Maze.AldousBroderMazeGenerator,Half,Auto,System.Collections.Generic.List`1[PlayersWorlds.Maps.Area])" fullname="PlayersWorlds.Maps.Maze.MazeGeneratorTest.IsFillComplete(PlayersWorlds.Maps.Maze.AldousBroderMazeGenerator,Half,Auto,System.Collections.Generic.List`1[PlayersWorlds.Maps.Area])" methodname="IsFillComplete" classname="PlayersWorlds.Maps.Maze.MazeGeneratorTest" runstate="Runnable" seed="1731349415" result="Passed" start-time="2024-05-23T05:00:57.8999640Z" end-time="2024-05-23T05:00:57.9057620Z" duration="0.005798" asserts="5" />
                <test-case id="1-1393" name="IsFillComplete(PlayersWorlds.Maps.Maze.AldousBroderMazeGenerator,Half,Auto,System.Collections.Generic.List`1[PlayersWorlds.Maps.Area])" fullname="PlayersWorlds.Maps.Maze.MazeGeneratorTest.IsFillComplete(PlayersWorlds.Maps.Maze.AldousBroderMazeGenerator,Half,Auto,System.Collections.Generic.List`1[PlayersWorlds.Maps.Area])" methodname="IsFillComplete" classname="PlayersWorlds.Maps.Maze.MazeGeneratorTest" runstate="Runnable" seed="772599321" result="Passed" start-time="2024-05-23T05:00:57.9057730Z" end-time="2024-05-23T05:00:57.9173010Z" duration="0.011528" asserts="5" />
                <test-case id="1-1394" name="IsFillComplete(PlayersWorlds.Maps.Maze.AldousBroderMazeGenerator,Half,Auto,System.Collections.Generic.List`1[PlayersWorlds.Maps.Area])" fullname="PlayersWorlds.Maps.Maze.MazeGeneratorTest.IsFillComplete(PlayersWorlds.Maps.Maze.AldousBroderMazeGenerator,Half,Auto,System.Collections.Generic.List`1[PlayersWorlds.Maps.Area])" methodname="IsFillComplete" classname="PlayersWorlds.Maps.Maze.MazeGeneratorTest" runstate="Runnable" seed="1228088450" result="Passed" start-time="2024-05-23T05:00:57.9173200Z" end-time="2024-05-23T05:00:57.9216620Z" duration="0.004342" asserts="5" />
                <test-case id="1-1395" name="IsFillComplete(PlayersWorlds.Maps.Maze.AldousBroderMazeGenerator,Half,Manual,null)" fullname="PlayersWorlds.Maps.Maze.MazeGeneratorTest.IsFillComplete(PlayersWorlds.Maps.Maze.AldousBroderMazeGenerator,Half,Manual,null)" methodname="IsFillComplete" classname="PlayersWorlds.Maps.Maze.MazeGeneratorTest" runstate="Runnable" seed="1050896919" result="Passed" start-time="2024-05-23T05:00:57.9216730Z" end-time="2024-05-23T05:00:57.9227650Z" duration="0.001092" asserts="4" />
                <test-case id="1-1396" name="IsFillComplete(PlayersWorlds.Maps.Maze.AldousBroderMazeGenerator,Half,Manual,System.Collections.Generic.List`1[PlayersWorlds.Maps.Area])" fullname="PlayersWorlds.Maps.Maze.MazeGeneratorTest.IsFillComplete(PlayersWorlds.Maps.Maze.AldousBroderMazeGenerator,Half,Manual,System.Collections.Generic.List`1[PlayersWorlds.Maps.Area])" methodname="IsFillComplete" classname="PlayersWorlds.Maps.Maze.MazeGeneratorTest" runstate="Runnable" seed="1914921301" result="Passed" start-time="2024-05-23T05:00:57.9227740Z" end-time="2024-05-23T05:00:57.9245430Z" duration="0.001769" asserts="5" />
                <test-case id="1-1397" name="IsFillComplete(PlayersWorlds.Maps.Maze.AldousBroderMazeGenerator,Half,Manual,System.Collections.Generic.List`1[PlayersWorlds.Maps.Area])" fullname="PlayersWorlds.Maps.Maze.MazeGeneratorTest.IsFillComplete(PlayersWorlds.Maps.Maze.AldousBroderMazeGenerator,Half,Manual,System.Collections.Generic.List`1[PlayersWorlds.Maps.Area])" methodname="IsFillComplete" classname="PlayersWorlds.Maps.Maze.MazeGeneratorTest" runstate="Runnable" seed="1137759223" result="Passed" start-time="2024-05-23T05:00:57.9245530Z" end-time="2024-05-23T05:00:57.9258080Z" duration="0.001256" asserts="5" />
                <test-case id="1-1398" name="IsFillComplete(PlayersWorlds.Maps.Maze.AldousBroderMazeGenerator,Half,Manual,System.Collections.Generic.List`1[PlayersWorlds.Maps.Area])" fullname="PlayersWorlds.Maps.Maze.MazeGeneratorTest.IsFillComplete(PlayersWorlds.Maps.Maze.AldousBroderMazeGenerator,Half,Manual,System.Collections.Generic.List`1[PlayersWorlds.Maps.Area])" methodname="IsFillComplete" classname="PlayersWorlds.Maps.Maze.MazeGeneratorTest" runstate="Runnable" seed="1112497398" result="Passed" start-time="2024-05-23T05:00:57.9258180Z" end-time="2024-05-23T05:00:57.9271030Z" duration="0.001285" asserts="5" />
                <test-case id="1-1399" name="IsFillComplete(PlayersWorlds.Maps.Maze.AldousBroderMazeGenerator,Half,Manual,System.Collections.Generic.List`1[PlayersWorlds.Maps.Area])" fullname="PlayersWorlds.Maps.Maze.MazeGeneratorTest.IsFillComplete(PlayersWorlds.Maps.Maze.AldousBroderMazeGenerator,Half,Manual,System.Collections.Generic.List`1[PlayersWorlds.Maps.Area])" methodname="IsFillComplete" classname="PlayersWorlds.Maps.Maze.MazeGeneratorTest" runstate="Runnable" seed="996039713" result="Passed" start-time="2024-05-23T05:00:57.9271130Z" end-time="2024-05-23T05:00:57.9292400Z" duration="0.002127" asserts="5" />
                <test-case id="1-1400" name="IsFillComplete(PlayersWorlds.Maps.Maze.AldousBroderMazeGenerator,Half,Manual,System.Collections.Generic.List`1[PlayersWorlds.Maps.Area])" fullname="PlayersWorlds.Maps.Maze.MazeGeneratorTest.IsFillComplete(PlayersWorlds.Maps.Maze.AldousBroderMazeGenerator,Half,Manual,System.Collections.Generic.List`1[PlayersWorlds.Maps.Area])" methodname="IsFillComplete" classname="PlayersWorlds.Maps.Maze.MazeGeneratorTest" runstate="Runnable" seed="265221803" result="Passed" start-time="2024-05-23T05:00:57.9292500Z" end-time="2024-05-23T05:00:57.9313920Z" duration="0.002142" asserts="5" />
                <test-case id="1-1401" name="IsFillComplete(PlayersWorlds.Maps.Maze.AldousBroderMazeGenerator,ThreeQuarters,Auto,null)" fullname="PlayersWorlds.Maps.Maze.MazeGeneratorTest.IsFillComplete(PlayersWorlds.Maps.Maze.AldousBroderMazeGenerator,ThreeQuarters,Auto,null)" methodname="IsFillComplete" classname="PlayersWorlds.Maps.Maze.MazeGeneratorTest" runstate="Runnable" seed="891938390" result="Passed" start-time="2024-05-23T05:00:57.9314020Z" end-time="2024-05-23T05:00:57.9332000Z" duration="0.001798" asserts="4" />
                <test-case id="1-1402" name="IsFillComplete(PlayersWorlds.Maps.Maze.AldousBroderMazeGenerator,ThreeQuarters,Auto,System.Collections.Generic.List`1[PlayersWorlds.Maps.Area])" fullname="PlayersWorlds.Maps.Maze.MazeGeneratorTest.IsFillComplete(PlayersWorlds.Maps.Maze.AldousBroderMazeGenerator,ThreeQuarters,Auto,System.Collections.Generic.List`1[PlayersWorlds.Maps.Area])" methodname="IsFillComplete" classname="PlayersWorlds.Maps.Maze.MazeGeneratorTest" runstate="Runnable" seed="1487033963" result="Passed" start-time="2024-05-23T05:00:57.9332100Z" end-time="2024-05-23T05:00:57.9360580Z" duration="0.002848" asserts="5" />
                <test-case id="1-1403" name="IsFillComplete(PlayersWorlds.Maps.Maze.AldousBroderMazeGenerator,ThreeQuarters,Auto,System.Collections.Generic.List`1[PlayersWorlds.Maps.Area])" fullname="PlayersWorlds.Maps.Maze.MazeGeneratorTest.IsFillComplete(PlayersWorlds.Maps.Maze.AldousBroderMazeGenerator,ThreeQuarters,Auto,System.Collections.Generic.List`1[PlayersWorlds.Maps.Area])" methodname="IsFillComplete" classname="PlayersWorlds.Maps.Maze.MazeGeneratorTest" runstate="Runnable" seed="1675293411" result="Passed" start-time="2024-05-23T05:00:57.9360690Z" end-time="2024-05-23T05:00:57.9448500Z" duration="0.008782" asserts="5" />
                <test-case id="1-1404" name="IsFillComplete(PlayersWorlds.Maps.Maze.AldousBroderMazeGenerator,ThreeQuarters,Auto,System.Collections.Generic.List`1[PlayersWorlds.Maps.Area])" fullname="PlayersWorlds.Maps.Maze.MazeGeneratorTest.IsFillComplete(PlayersWorlds.Maps.Maze.AldousBroderMazeGenerator,ThreeQuarters,Auto,System.Collections.Generic.List`1[PlayersWorlds.Maps.Area])" methodname="IsFillComplete" classname="PlayersWorlds.Maps.Maze.MazeGeneratorTest" runstate="Runnable" seed="1709601094" result="Passed" start-time="2024-05-23T05:00:57.9448610Z" end-time="2024-05-23T05:00:57.9486750Z" duration="0.003813" asserts="5" />
                <test-case id="1-1405" name="IsFillComplete(PlayersWorlds.Maps.Maze.AldousBroderMazeGenerator,ThreeQuarters,Auto,System.Collections.Generic.List`1[PlayersWorlds.Maps.Area])" fullname="PlayersWorlds.Maps.Maze.MazeGeneratorTest.IsFillComplete(PlayersWorlds.Maps.Maze.AldousBroderMazeGenerator,ThreeQuarters,Auto,System.Collections.Generic.List`1[PlayersWorlds.Maps.Area])" methodname="IsFillComplete" classname="PlayersWorlds.Maps.Maze.MazeGeneratorTest" runstate="Runnable" seed="1039005606" result="Passed" start-time="2024-05-23T05:00:57.9486850Z" end-time="2024-05-23T05:00:57.9555530Z" duration="0.006868" asserts="5" />
                <test-case id="1-1406" name="IsFillComplete(PlayersWorlds.Maps.Maze.AldousBroderMazeGenerator,ThreeQuarters,Auto,System.Collections.Generic.List`1[PlayersWorlds.Maps.Area])" fullname="PlayersWorlds.Maps.Maze.MazeGeneratorTest.IsFillComplete(PlayersWorlds.Maps.Maze.AldousBroderMazeGenerator,ThreeQuarters,Auto,System.Collections.Generic.List`1[PlayersWorlds.Maps.Area])" methodname="IsFillComplete" classname="PlayersWorlds.Maps.Maze.MazeGeneratorTest" runstate="Runnable" seed="497901337" result="Passed" start-time="2024-05-23T05:00:57.9555630Z" end-time="2024-05-23T05:00:57.9665340Z" duration="0.010971" asserts="5" />
                <test-case id="1-1407" name="IsFillComplete(PlayersWorlds.Maps.Maze.AldousBroderMazeGenerator,ThreeQuarters,Manual,null)" fullname="PlayersWorlds.Maps.Maze.MazeGeneratorTest.IsFillComplete(PlayersWorlds.Maps.Maze.AldousBroderMazeGenerator,ThreeQuarters,Manual,null)" methodname="IsFillComplete" classname="PlayersWorlds.Maps.Maze.MazeGeneratorTest" runstate="Runnable" seed="1987398594" result="Passed" start-time="2024-05-23T05:00:57.9665540Z" end-time="2024-05-23T05:00:57.9677020Z" duration="0.001148" asserts="4" />
                <test-case id="1-1408" name="IsFillComplete(PlayersWorlds.Maps.Maze.AldousBroderMazeGenerator,ThreeQuarters,Manual,System.Collections.Generic.List`1[PlayersWorlds.Maps.Area])" fullname="PlayersWorlds.Maps.Maze.MazeGeneratorTest.IsFillComplete(PlayersWorlds.Maps.Maze.AldousBroderMazeGenerator,ThreeQuarters,Manual,System.Collections.Generic.List`1[PlayersWorlds.Maps.Area])" methodname="IsFillComplete" classname="PlayersWorlds.Maps.Maze.MazeGeneratorTest" runstate="Runnable" seed="1818446572" result="Passed" start-time="2024-05-23T05:00:57.9677110Z" end-time="2024-05-23T05:00:57.9692290Z" duration="0.001518" asserts="5" />
                <test-case id="1-1409" name="IsFillComplete(PlayersWorlds.Maps.Maze.AldousBroderMazeGenerator,ThreeQuarters,Manual,System.Collections.Generic.List`1[PlayersWorlds.Maps.Area])" fullname="PlayersWorlds.Maps.Maze.MazeGeneratorTest.IsFillComplete(PlayersWorlds.Maps.Maze.AldousBroderMazeGenerator,ThreeQuarters,Manual,System.Collections.Generic.List`1[PlayersWorlds.Maps.Area])" methodname="IsFillComplete" classname="PlayersWorlds.Maps.Maze.MazeGeneratorTest" runstate="Runnable" seed="1885240976" result="Passed" start-time="2024-05-23T05:00:57.9692380Z" end-time="2024-05-23T05:00:57.9713280Z" duration="0.002089" asserts="5" />
                <test-case id="1-1410" name="IsFillComplete(PlayersWorlds.Maps.Maze.AldousBroderMazeGenerator,ThreeQuarters,Manual,System.Collections.Generic.List`1[PlayersWorlds.Maps.Area])" fullname="PlayersWorlds.Maps.Maze.MazeGeneratorTest.IsFillComplete(PlayersWorlds.Maps.Maze.AldousBroderMazeGenerator,ThreeQuarters,Manual,System.Collections.Generic.List`1[PlayersWorlds.Maps.Area])" methodname="IsFillComplete" classname="PlayersWorlds.Maps.Maze.MazeGeneratorTest" runstate="Runnable" seed="800171332" result="Passed" start-time="2024-05-23T05:00:57.9713390Z" end-time="2024-05-23T05:00:57.9730470Z" duration="0.001708" asserts="5" />
                <test-case id="1-1411" name="IsFillComplete(PlayersWorlds.Maps.Maze.AldousBroderMazeGenerator,ThreeQuarters,Manual,System.Collections.Generic.List`1[PlayersWorlds.Maps.Area])" fullname="PlayersWorlds.Maps.Maze.MazeGeneratorTest.IsFillComplete(PlayersWorlds.Maps.Maze.AldousBroderMazeGenerator,ThreeQuarters,Manual,System.Collections.Generic.List`1[PlayersWorlds.Maps.Area])" methodname="IsFillComplete" classname="PlayersWorlds.Maps.Maze.MazeGeneratorTest" runstate="Runnable" seed="162259873" result="Passed" start-time="2024-05-23T05:00:57.9730560Z" end-time="2024-05-23T05:00:57.9757640Z" duration="0.002708" asserts="5" />
                <test-case id="1-1412" name="IsFillComplete(PlayersWorlds.Maps.Maze.AldousBroderMazeGenerator,ThreeQuarters,Manual,System.Collections.Generic.List`1[PlayersWorlds.Maps.Area])" fullname="PlayersWorlds.Maps.Maze.MazeGeneratorTest.IsFillComplete(PlayersWorlds.Maps.Maze.AldousBroderMazeGenerator,ThreeQuarters,Manual,System.Collections.Generic.List`1[PlayersWorlds.Maps.Area])" methodname="IsFillComplete" classname="PlayersWorlds.Maps.Maze.MazeGeneratorTest" runstate="Runnable" seed="379670766" result="Passed" start-time="2024-05-23T05:00:57.9757740Z" end-time="2024-05-23T05:00:57.9790070Z" duration="0.003233" asserts="5" />
                <test-case id="1-1413" name="IsFillComplete(PlayersWorlds.Maps.Maze.AldousBroderMazeGenerator,NinetyPercent,Auto,null)" fullname="PlayersWorlds.Maps.Maze.MazeGeneratorTest.IsFillComplete(PlayersWorlds.Maps.Maze.AldousBroderMazeGenerator,NinetyPercent,Auto,null)" methodname="IsFillComplete" classname="PlayersWorlds.Maps.Maze.MazeGeneratorTest" runstate="Runnable" seed="509620114" result="Passed" start-time="2024-05-23T05:00:57.9790170Z" end-time="2024-05-23T05:00:57.9846810Z" duration="0.005664" asserts="4" />
                <test-case id="1-1414" name="IsFillComplete(PlayersWorlds.Maps.Maze.AldousBroderMazeGenerator,NinetyPercent,Auto,System.Collections.Generic.List`1[PlayersWorlds.Maps.Area])" fullname="PlayersWorlds.Maps.Maze.MazeGeneratorTest.IsFillComplete(PlayersWorlds.Maps.Maze.AldousBroderMazeGenerator,NinetyPercent,Auto,System.Collections.Generic.List`1[PlayersWorlds.Maps.Area])" methodname="IsFillComplete" classname="PlayersWorlds.Maps.Maze.MazeGeneratorTest" runstate="Runnable" seed="705853271" result="Passed" start-time="2024-05-23T05:00:57.9846910Z" end-time="2024-05-23T05:00:57.9933980Z" duration="0.008707" asserts="5" />
                <test-case id="1-1415" name="IsFillComplete(PlayersWorlds.Maps.Maze.AldousBroderMazeGenerator,NinetyPercent,Auto,System.Collections.Generic.List`1[PlayersWorlds.Maps.Area])" fullname="PlayersWorlds.Maps.Maze.MazeGeneratorTest.IsFillComplete(PlayersWorlds.Maps.Maze.AldousBroderMazeGenerator,NinetyPercent,Auto,System.Collections.Generic.List`1[PlayersWorlds.Maps.Area])" methodname="IsFillComplete" classname="PlayersWorlds.Maps.Maze.MazeGeneratorTest" runstate="Runnable" seed="1322618997" result="Passed" start-time="2024-05-23T05:00:57.9934090Z" end-time="2024-05-23T05:00:58.0070710Z" duration="0.013662" asserts="5" />
                <test-case id="1-1416" name="IsFillComplete(PlayersWorlds.Maps.Maze.AldousBroderMazeGenerator,NinetyPercent,Auto,System.Collections.Generic.List`1[PlayersWorlds.Maps.Area])" fullname="PlayersWorlds.Maps.Maze.MazeGeneratorTest.IsFillComplete(PlayersWorlds.Maps.Maze.AldousBroderMazeGenerator,NinetyPercent,Auto,System.Collections.Generic.List`1[PlayersWorlds.Maps.Area])" methodname="IsFillComplete" classname="PlayersWorlds.Maps.Maze.MazeGeneratorTest" runstate="Runnable" seed="352799766" result="Passed" start-time="2024-05-23T05:00:58.0070820Z" end-time="2024-05-23T05:00:58.0116380Z" duration="0.004556" asserts="5" />
                <test-case id="1-1417" name="IsFillComplete(PlayersWorlds.Maps.Maze.AldousBroderMazeGenerator,NinetyPercent,Auto,System.Collections.Generic.List`1[PlayersWorlds.Maps.Area])" fullname="PlayersWorlds.Maps.Maze.MazeGeneratorTest.IsFillComplete(PlayersWorlds.Maps.Maze.AldousBroderMazeGenerator,NinetyPercent,Auto,System.Collections.Generic.List`1[PlayersWorlds.Maps.Area])" methodname="IsFillComplete" classname="PlayersWorlds.Maps.Maze.MazeGeneratorTest" runstate="Runnable" seed="1795598942" result="Passed" start-time="2024-05-23T05:00:58.0116510Z" end-time="2024-05-23T05:00:58.0269630Z" duration="0.015312" asserts="5" />
                <test-case id="1-1418" name="IsFillComplete(PlayersWorlds.Maps.Maze.AldousBroderMazeGenerator,NinetyPercent,Auto,System.Collections.Generic.List`1[PlayersWorlds.Maps.Area])" fullname="PlayersWorlds.Maps.Maze.MazeGeneratorTest.IsFillComplete(PlayersWorlds.Maps.Maze.AldousBroderMazeGenerator,NinetyPercent,Auto,System.Collections.Generic.List`1[PlayersWorlds.Maps.Area])" methodname="IsFillComplete" classname="PlayersWorlds.Maps.Maze.MazeGeneratorTest" runstate="Runnable" seed="271768747" result="Passed" start-time="2024-05-23T05:00:58.0269750Z" end-time="2024-05-23T05:00:58.0449290Z" duration="0.017954" asserts="5" />
                <test-case id="1-1419" name="IsFillComplete(PlayersWorlds.Maps.Maze.AldousBroderMazeGenerator,NinetyPercent,Manual,null)" fullname="PlayersWorlds.Maps.Maze.MazeGeneratorTest.IsFillComplete(PlayersWorlds.Maps.Maze.AldousBroderMazeGenerator,NinetyPercent,Manual,null)" methodname="IsFillComplete" classname="PlayersWorlds.Maps.Maze.MazeGeneratorTest" runstate="Runnable" seed="925433943" result="Passed" start-time="2024-05-23T05:00:58.0449420Z" end-time="2024-05-23T05:00:58.0468200Z" duration="0.001879" asserts="4" />
                <test-case id="1-1420" name="IsFillComplete(PlayersWorlds.Maps.Maze.AldousBroderMazeGenerator,NinetyPercent,Manual,System.Collections.Generic.List`1[PlayersWorlds.Maps.Area])" fullname="PlayersWorlds.Maps.Maze.MazeGeneratorTest.IsFillComplete(PlayersWorlds.Maps.Maze.AldousBroderMazeGenerator,NinetyPercent,Manual,System.Collections.Generic.List`1[PlayersWorlds.Maps.Area])" methodname="IsFillComplete" classname="PlayersWorlds.Maps.Maze.MazeGeneratorTest" runstate="Runnable" seed="1758156926" result="Passed" start-time="2024-05-23T05:00:58.0468300Z" end-time="2024-05-23T05:00:58.0488840Z" duration="0.002055" asserts="5" />
                <test-case id="1-1421" name="IsFillComplete(PlayersWorlds.Maps.Maze.AldousBroderMazeGenerator,NinetyPercent,Manual,System.Collections.Generic.List`1[PlayersWorlds.Maps.Area])" fullname="PlayersWorlds.Maps.Maze.MazeGeneratorTest.IsFillComplete(PlayersWorlds.Maps.Maze.AldousBroderMazeGenerator,NinetyPercent,Manual,System.Collections.Generic.List`1[PlayersWorlds.Maps.Area])" methodname="IsFillComplete" classname="PlayersWorlds.Maps.Maze.MazeGeneratorTest" runstate="Runnable" seed="1343316325" result="Passed" start-time="2024-05-23T05:00:58.0488940Z" end-time="2024-05-23T05:00:58.0508530Z" duration="0.001959" asserts="5" />
                <test-case id="1-1422" name="IsFillComplete(PlayersWorlds.Maps.Maze.AldousBroderMazeGenerator,NinetyPercent,Manual,System.Collections.Generic.List`1[PlayersWorlds.Maps.Area])" fullname="PlayersWorlds.Maps.Maze.MazeGeneratorTest.IsFillComplete(PlayersWorlds.Maps.Maze.AldousBroderMazeGenerator,NinetyPercent,Manual,System.Collections.Generic.List`1[PlayersWorlds.Maps.Area])" methodname="IsFillComplete" classname="PlayersWorlds.Maps.Maze.MazeGeneratorTest" runstate="Runnable" seed="227209532" result="Passed" start-time="2024-05-23T05:00:58.0508630Z" end-time="2024-05-23T05:00:58.0527950Z" duration="0.001931" asserts="5" />
                <test-case id="1-1423" name="IsFillComplete(PlayersWorlds.Maps.Maze.AldousBroderMazeGenerator,NinetyPercent,Manual,System.Collections.Generic.List`1[PlayersWorlds.Maps.Area])" fullname="PlayersWorlds.Maps.Maze.MazeGeneratorTest.IsFillComplete(PlayersWorlds.Maps.Maze.AldousBroderMazeGenerator,NinetyPercent,Manual,System.Collections.Generic.List`1[PlayersWorlds.Maps.Area])" methodname="IsFillComplete" classname="PlayersWorlds.Maps.Maze.MazeGeneratorTest" runstate="Runnable" seed="1161321832" result="Passed" start-time="2024-05-23T05:00:58.0528040Z" end-time="2024-05-23T05:00:58.0553960Z" duration="0.002592" asserts="5" />
                <test-case id="1-1424" name="IsFillComplete(PlayersWorlds.Maps.Maze.AldousBroderMazeGenerator,NinetyPercent,Manual,System.Collections.Generic.List`1[PlayersWorlds.Maps.Area])" fullname="PlayersWorlds.Maps.Maze.MazeGeneratorTest.IsFillComplete(PlayersWorlds.Maps.Maze.AldousBroderMazeGenerator,NinetyPercent,Manual,System.Collections.Generic.List`1[PlayersWorlds.Maps.Area])" methodname="IsFillComplete" classname="PlayersWorlds.Maps.Maze.MazeGeneratorTest" runstate="Runnable" seed="1628718240" result="Passed" start-time="2024-05-23T05:00:58.0554060Z" end-time="2024-05-23T05:00:58.0584830Z" duration="0.003077" asserts="5" />
                <test-case id="1-1425" name="IsFillComplete(PlayersWorlds.Maps.Maze.AldousBroderMazeGenerator,FullWidth,Auto,null)" fullname="PlayersWorlds.Maps.Maze.MazeGeneratorTest.IsFillComplete(PlayersWorlds.Maps.Maze.AldousBroderMazeGenerator,FullWidth,Auto,null)" methodname="IsFillComplete" classname="PlayersWorlds.Maps.Maze.MazeGeneratorTest" runstate="Runnable" seed="2026855284" result="Passed" start-time="2024-05-23T05:00:58.0584930Z" end-time="2024-05-23T05:00:58.0601380Z" duration="0.001645" asserts="4" />
                <test-case id="1-1426" name="IsFillComplete(PlayersWorlds.Maps.Maze.AldousBroderMazeGenerator,FullWidth,Auto,System.Collections.Generic.List`1[PlayersWorlds.Maps.Area])" fullname="PlayersWorlds.Maps.Maze.MazeGeneratorTest.IsFillComplete(PlayersWorlds.Maps.Maze.AldousBroderMazeGenerator,FullWidth,Auto,System.Collections.Generic.List`1[PlayersWorlds.Maps.Area])" methodname="IsFillComplete" classname="PlayersWorlds.Maps.Maze.MazeGeneratorTest" runstate="Runnable" seed="1109255779" result="Passed" start-time="2024-05-23T05:00:58.0601480Z" end-time="2024-05-23T05:00:58.0642310Z" duration="0.004083" asserts="5" />
                <test-case id="1-1427" name="IsFillComplete(PlayersWorlds.Maps.Maze.AldousBroderMazeGenerator,FullWidth,Auto,System.Collections.Generic.List`1[PlayersWorlds.Maps.Area])" fullname="PlayersWorlds.Maps.Maze.MazeGeneratorTest.IsFillComplete(PlayersWorlds.Maps.Maze.AldousBroderMazeGenerator,FullWidth,Auto,System.Collections.Generic.List`1[PlayersWorlds.Maps.Area])" methodname="IsFillComplete" classname="PlayersWorlds.Maps.Maze.MazeGeneratorTest" runstate="Runnable" seed="1146372298" result="Passed" start-time="2024-05-23T05:00:58.0642430Z" end-time="2024-05-23T05:00:58.0752440Z" duration="0.011002" asserts="5" />
                <test-case id="1-1428" name="IsFillComplete(PlayersWorlds.Maps.Maze.AldousBroderMazeGenerator,FullWidth,Auto,System.Collections.Generic.List`1[PlayersWorlds.Maps.Area])" fullname="PlayersWorlds.Maps.Maze.MazeGeneratorTest.IsFillComplete(PlayersWorlds.Maps.Maze.AldousBroderMazeGenerator,FullWidth,Auto,System.Collections.Generic.List`1[PlayersWorlds.Maps.Area])" methodname="IsFillComplete" classname="PlayersWorlds.Maps.Maze.MazeGeneratorTest" runstate="Runnable" seed="993549172" result="Passed" start-time="2024-05-23T05:00:58.0752540Z" end-time="2024-05-23T05:00:58.0817400Z" duration="0.006486" asserts="5" />
                <test-case id="1-1429" name="IsFillComplete(PlayersWorlds.Maps.Maze.AldousBroderMazeGenerator,FullWidth,Auto,System.Collections.Generic.List`1[PlayersWorlds.Maps.Area])" fullname="PlayersWorlds.Maps.Maze.MazeGeneratorTest.IsFillComplete(PlayersWorlds.Maps.Maze.AldousBroderMazeGenerator,FullWidth,Auto,System.Collections.Generic.List`1[PlayersWorlds.Maps.Area])" methodname="IsFillComplete" classname="PlayersWorlds.Maps.Maze.MazeGeneratorTest" runstate="Runnable" seed="1839286925" result="Passed" start-time="2024-05-23T05:00:58.0817500Z" end-time="2024-05-23T05:00:58.0905440Z" duration="0.008794" asserts="5" />
                <test-case id="1-1430" name="IsFillComplete(PlayersWorlds.Maps.Maze.AldousBroderMazeGenerator,FullWidth,Auto,System.Collections.Generic.List`1[PlayersWorlds.Maps.Area])" fullname="PlayersWorlds.Maps.Maze.MazeGeneratorTest.IsFillComplete(PlayersWorlds.Maps.Maze.AldousBroderMazeGenerator,FullWidth,Auto,System.Collections.Generic.List`1[PlayersWorlds.Maps.Area])" methodname="IsFillComplete" classname="PlayersWorlds.Maps.Maze.MazeGeneratorTest" runstate="Runnable" seed="310829360" result="Passed" start-time="2024-05-23T05:00:58.0905610Z" end-time="2024-05-23T05:00:58.1013510Z" duration="0.010791" asserts="5" />
                <test-case id="1-1431" name="IsFillComplete(PlayersWorlds.Maps.Maze.AldousBroderMazeGenerator,FullWidth,Manual,null)" fullname="PlayersWorlds.Maps.Maze.MazeGeneratorTest.IsFillComplete(PlayersWorlds.Maps.Maze.AldousBroderMazeGenerator,FullWidth,Manual,null)" methodname="IsFillComplete" classname="PlayersWorlds.Maps.Maze.MazeGeneratorTest" runstate="Runnable" seed="968718507" result="Passed" start-time="2024-05-23T05:00:58.1013620Z" end-time="2024-05-23T05:00:58.1024290Z" duration="0.001067" asserts="4" />
                <test-case id="1-1432" name="IsFillComplete(PlayersWorlds.Maps.Maze.AldousBroderMazeGenerator,FullWidth,Manual,System.Collections.Generic.List`1[PlayersWorlds.Maps.Area])" fullname="PlayersWorlds.Maps.Maze.MazeGeneratorTest.IsFillComplete(PlayersWorlds.Maps.Maze.AldousBroderMazeGenerator,FullWidth,Manual,System.Collections.Generic.List`1[PlayersWorlds.Maps.Area])" methodname="IsFillComplete" classname="PlayersWorlds.Maps.Maze.MazeGeneratorTest" runstate="Runnable" seed="1677412519" result="Passed" start-time="2024-05-23T05:00:58.1024380Z" end-time="2024-05-23T05:00:58.1038920Z" duration="0.001454" asserts="5" />
                <test-case id="1-1433" name="IsFillComplete(PlayersWorlds.Maps.Maze.AldousBroderMazeGenerator,FullWidth,Manual,System.Collections.Generic.List`1[PlayersWorlds.Maps.Area])" fullname="PlayersWorlds.Maps.Maze.MazeGeneratorTest.IsFillComplete(PlayersWorlds.Maps.Maze.AldousBroderMazeGenerator,FullWidth,Manual,System.Collections.Generic.List`1[PlayersWorlds.Maps.Area])" methodname="IsFillComplete" classname="PlayersWorlds.Maps.Maze.MazeGeneratorTest" runstate="Runnable" seed="1661598344" result="Passed" start-time="2024-05-23T05:00:58.1039010Z" end-time="2024-05-23T05:00:58.1058960Z" duration="0.001995" asserts="5" />
                <test-case id="1-1434" name="IsFillComplete(PlayersWorlds.Maps.Maze.AldousBroderMazeGenerator,FullWidth,Manual,System.Collections.Generic.List`1[PlayersWorlds.Maps.Area])" fullname="PlayersWorlds.Maps.Maze.MazeGeneratorTest.IsFillComplete(PlayersWorlds.Maps.Maze.AldousBroderMazeGenerator,FullWidth,Manual,System.Collections.Generic.List`1[PlayersWorlds.Maps.Area])" methodname="IsFillComplete" classname="PlayersWorlds.Maps.Maze.MazeGeneratorTest" runstate="Runnable" seed="1132324779" result="Passed" start-time="2024-05-23T05:00:58.1059050Z" end-time="2024-05-23T05:00:58.1077320Z" duration="0.001827" asserts="5" />
                <test-case id="1-1435" name="IsFillComplete(PlayersWorlds.Maps.Maze.AldousBroderMazeGenerator,FullWidth,Manual,System.Collections.Generic.List`1[PlayersWorlds.Maps.Area])" fullname="PlayersWorlds.Maps.Maze.MazeGeneratorTest.IsFillComplete(PlayersWorlds.Maps.Maze.AldousBroderMazeGenerator,FullWidth,Manual,System.Collections.Generic.List`1[PlayersWorlds.Maps.Area])" methodname="IsFillComplete" classname="PlayersWorlds.Maps.Maze.MazeGeneratorTest" runstate="Runnable" seed="1125478073" result="Passed" start-time="2024-05-23T05:00:58.1077420Z" end-time="2024-05-23T05:00:58.1102070Z" duration="0.002465" asserts="5" />
                <test-case id="1-1436" name="IsFillComplete(PlayersWorlds.Maps.Maze.AldousBroderMazeGenerator,FullWidth,Manual,System.Collections.Generic.List`1[PlayersWorlds.Maps.Area])" fullname="PlayersWorlds.Maps.Maze.MazeGeneratorTest.IsFillComplete(PlayersWorlds.Maps.Maze.AldousBroderMazeGenerator,FullWidth,Manual,System.Collections.Generic.List`1[PlayersWorlds.Maps.Area])" methodname="IsFillComplete" classname="PlayersWorlds.Maps.Maze.MazeGeneratorTest" runstate="Runnable" seed="2025670897" result="Passed" start-time="2024-05-23T05:00:58.1102160Z" end-time="2024-05-23T05:00:58.1136970Z" duration="0.003481" asserts="5" />
                <test-case id="1-1437" name="IsFillComplete(PlayersWorlds.Maps.Maze.AldousBroderMazeGenerator,FullHeight,Auto,null)" fullname="PlayersWorlds.Maps.Maze.MazeGeneratorTest.IsFillComplete(PlayersWorlds.Maps.Maze.AldousBroderMazeGenerator,FullHeight,Auto,null)" methodname="IsFillComplete" classname="PlayersWorlds.Maps.Maze.MazeGeneratorTest" runstate="Runnable" seed="1694226391" result="Passed" start-time="2024-05-23T05:00:58.1137060Z" end-time="2024-05-23T05:00:58.1167180Z" duration="0.003012" asserts="4" />
                <test-case id="1-1438" name="IsFillComplete(PlayersWorlds.Maps.Maze.AldousBroderMazeGenerator,FullHeight,Auto,System.Collections.Generic.List`1[PlayersWorlds.Maps.Area])" fullname="PlayersWorlds.Maps.Maze.MazeGeneratorTest.IsFillComplete(PlayersWorlds.Maps.Maze.AldousBroderMazeGenerator,FullHeight,Auto,System.Collections.Generic.List`1[PlayersWorlds.Maps.Area])" methodname="IsFillComplete" classname="PlayersWorlds.Maps.Maze.MazeGeneratorTest" runstate="Runnable" seed="1165163085" result="Passed" start-time="2024-05-23T05:00:58.1167280Z" end-time="2024-05-23T05:00:58.1191540Z" duration="0.002426" asserts="5" />
                <test-case id="1-1439" name="IsFillComplete(PlayersWorlds.Maps.Maze.AldousBroderMazeGenerator,FullHeight,Auto,System.Collections.Generic.List`1[PlayersWorlds.Maps.Area])" fullname="PlayersWorlds.Maps.Maze.MazeGeneratorTest.IsFillComplete(PlayersWorlds.Maps.Maze.AldousBroderMazeGenerator,FullHeight,Auto,System.Collections.Generic.List`1[PlayersWorlds.Maps.Area])" methodname="IsFillComplete" classname="PlayersWorlds.Maps.Maze.MazeGeneratorTest" runstate="Runnable" seed="1225903554" result="Passed" start-time="2024-05-23T05:00:58.1191640Z" end-time="2024-05-23T05:00:58.1233910Z" duration="0.004227" asserts="5" />
                <test-case id="1-1440" name="IsFillComplete(PlayersWorlds.Maps.Maze.AldousBroderMazeGenerator,FullHeight,Auto,System.Collections.Generic.List`1[PlayersWorlds.Maps.Area])" fullname="PlayersWorlds.Maps.Maze.MazeGeneratorTest.IsFillComplete(PlayersWorlds.Maps.Maze.AldousBroderMazeGenerator,FullHeight,Auto,System.Collections.Generic.List`1[PlayersWorlds.Maps.Area])" methodname="IsFillComplete" classname="PlayersWorlds.Maps.Maze.MazeGeneratorTest" runstate="Runnable" seed="456092457" result="Passed" start-time="2024-05-23T05:00:58.1234020Z" end-time="2024-05-23T05:00:58.1270860Z" duration="0.003684" asserts="5" />
                <test-case id="1-1441" name="IsFillComplete(PlayersWorlds.Maps.Maze.AldousBroderMazeGenerator,FullHeight,Auto,System.Collections.Generic.List`1[PlayersWorlds.Maps.Area])" fullname="PlayersWorlds.Maps.Maze.MazeGeneratorTest.IsFillComplete(PlayersWorlds.Maps.Maze.AldousBroderMazeGenerator,FullHeight,Auto,System.Collections.Generic.List`1[PlayersWorlds.Maps.Area])" methodname="IsFillComplete" classname="PlayersWorlds.Maps.Maze.MazeGeneratorTest" runstate="Runnable" seed="226878009" result="Passed" start-time="2024-05-23T05:00:58.1270960Z" end-time="2024-05-23T05:00:58.1402430Z" duration="0.013147" asserts="5" />
                <test-case id="1-1442" name="IsFillComplete(PlayersWorlds.Maps.Maze.AldousBroderMazeGenerator,FullHeight,Auto,System.Collections.Generic.List`1[PlayersWorlds.Maps.Area])" fullname="PlayersWorlds.Maps.Maze.MazeGeneratorTest.IsFillComplete(PlayersWorlds.Maps.Maze.AldousBroderMazeGenerator,FullHeight,Auto,System.Collections.Generic.List`1[PlayersWorlds.Maps.Area])" methodname="IsFillComplete" classname="PlayersWorlds.Maps.Maze.MazeGeneratorTest" runstate="Runnable" seed="1366092406" result="Passed" start-time="2024-05-23T05:00:58.1402560Z" end-time="2024-05-23T05:00:58.1456300Z" duration="0.005374" asserts="5" />
                <test-case id="1-1443" name="IsFillComplete(PlayersWorlds.Maps.Maze.AldousBroderMazeGenerator,FullHeight,Manual,null)" fullname="PlayersWorlds.Maps.Maze.MazeGeneratorTest.IsFillComplete(PlayersWorlds.Maps.Maze.AldousBroderMazeGenerator,FullHeight,Manual,null)" methodname="IsFillComplete" classname="PlayersWorlds.Maps.Maze.MazeGeneratorTest" runstate="Runnable" seed="806443688" result="Passed" start-time="2024-05-23T05:00:58.1456400Z" end-time="2024-05-23T05:00:58.1469160Z" duration="0.001275" asserts="4" />
                <test-case id="1-1444" name="IsFillComplete(PlayersWorlds.Maps.Maze.AldousBroderMazeGenerator,FullHeight,Manual,System.Collections.Generic.List`1[PlayersWorlds.Maps.Area])" fullname="PlayersWorlds.Maps.Maze.MazeGeneratorTest.IsFillComplete(PlayersWorlds.Maps.Maze.AldousBroderMazeGenerator,FullHeight,Manual,System.Collections.Generic.List`1[PlayersWorlds.Maps.Area])" methodname="IsFillComplete" classname="PlayersWorlds.Maps.Maze.MazeGeneratorTest" runstate="Runnable" seed="961254158" result="Passed" start-time="2024-05-23T05:00:58.1469250Z" end-time="2024-05-23T05:00:58.1480760Z" duration="0.001151" asserts="5" />
                <test-case id="1-1445" name="IsFillComplete(PlayersWorlds.Maps.Maze.AldousBroderMazeGenerator,FullHeight,Manual,System.Collections.Generic.List`1[PlayersWorlds.Maps.Area])" fullname="PlayersWorlds.Maps.Maze.MazeGeneratorTest.IsFillComplete(PlayersWorlds.Maps.Maze.AldousBroderMazeGenerator,FullHeight,Manual,System.Collections.Generic.List`1[PlayersWorlds.Maps.Area])" methodname="IsFillComplete" classname="PlayersWorlds.Maps.Maze.MazeGeneratorTest" runstate="Runnable" seed="843458379" result="Passed" start-time="2024-05-23T05:00:58.1480850Z" end-time="2024-05-23T05:00:58.1498700Z" duration="0.001785" asserts="5" />
                <test-case id="1-1446" name="IsFillComplete(PlayersWorlds.Maps.Maze.AldousBroderMazeGenerator,FullHeight,Manual,System.Collections.Generic.List`1[PlayersWorlds.Maps.Area])" fullname="PlayersWorlds.Maps.Maze.MazeGeneratorTest.IsFillComplete(PlayersWorlds.Maps.Maze.AldousBroderMazeGenerator,FullHeight,Manual,System.Collections.Generic.List`1[PlayersWorlds.Maps.Area])" methodname="IsFillComplete" classname="PlayersWorlds.Maps.Maze.MazeGeneratorTest" runstate="Runnable" seed="2128624139" result="Passed" start-time="2024-05-23T05:00:58.1498800Z" end-time="2024-05-23T05:00:58.1530040Z" duration="0.003124" asserts="5" />
                <test-case id="1-1447" name="IsFillComplete(PlayersWorlds.Maps.Maze.AldousBroderMazeGenerator,FullHeight,Manual,System.Collections.Generic.List`1[PlayersWorlds.Maps.Area])" fullname="PlayersWorlds.Maps.Maze.MazeGeneratorTest.IsFillComplete(PlayersWorlds.Maps.Maze.AldousBroderMazeGenerator,FullHeight,Manual,System.Collections.Generic.List`1[PlayersWorlds.Maps.Area])" methodname="IsFillComplete" classname="PlayersWorlds.Maps.Maze.MazeGeneratorTest" runstate="Runnable" seed="1221729301" result="Passed" start-time="2024-05-23T05:00:58.1530140Z" end-time="2024-05-23T05:00:58.1552050Z" duration="0.002191" asserts="5" />
                <test-case id="1-1448" name="IsFillComplete(PlayersWorlds.Maps.Maze.AldousBroderMazeGenerator,FullHeight,Manual,System.Collections.Generic.List`1[PlayersWorlds.Maps.Area])" fullname="PlayersWorlds.Maps.Maze.MazeGeneratorTest.IsFillComplete(PlayersWorlds.Maps.Maze.AldousBroderMazeGenerator,FullHeight,Manual,System.Collections.Generic.List`1[PlayersWorlds.Maps.Area])" methodname="IsFillComplete" classname="PlayersWorlds.Maps.Maze.MazeGeneratorTest" runstate="Runnable" seed="66746050" result="Passed" start-time="2024-05-23T05:00:58.1552150Z" end-time="2024-05-23T05:00:58.1572900Z" duration="0.002075" asserts="5" />
                <test-case id="1-1449" name="IsFillComplete(PlayersWorlds.Maps.Maze.AldousBroderMazeGenerator,Full,Auto,null)" fullname="PlayersWorlds.Maps.Maze.MazeGeneratorTest.IsFillComplete(PlayersWorlds.Maps.Maze.AldousBroderMazeGenerator,Full,Auto,null)" methodname="IsFillComplete" classname="PlayersWorlds.Maps.Maze.MazeGeneratorTest" runstate="Runnable" seed="2052953100" result="Passed" start-time="2024-05-23T05:00:58.1572990Z" end-time="2024-05-23T05:00:58.1616790Z" duration="0.004379" asserts="4" />
                <test-case id="1-1450" name="IsFillComplete(PlayersWorlds.Maps.Maze.AldousBroderMazeGenerator,Full,Auto,System.Collections.Generic.List`1[PlayersWorlds.Maps.Area])" fullname="PlayersWorlds.Maps.Maze.MazeGeneratorTest.IsFillComplete(PlayersWorlds.Maps.Maze.AldousBroderMazeGenerator,Full,Auto,System.Collections.Generic.List`1[PlayersWorlds.Maps.Area])" methodname="IsFillComplete" classname="PlayersWorlds.Maps.Maze.MazeGeneratorTest" runstate="Runnable" seed="698097153" result="Passed" start-time="2024-05-23T05:00:58.1616890Z" end-time="2024-05-23T05:00:58.1760260Z" duration="0.014336" asserts="5" />
                <test-case id="1-1451" name="IsFillComplete(PlayersWorlds.Maps.Maze.AldousBroderMazeGenerator,Full,Auto,System.Collections.Generic.List`1[PlayersWorlds.Maps.Area])" fullname="PlayersWorlds.Maps.Maze.MazeGeneratorTest.IsFillComplete(PlayersWorlds.Maps.Maze.AldousBroderMazeGenerator,Full,Auto,System.Collections.Generic.List`1[PlayersWorlds.Maps.Area])" methodname="IsFillComplete" classname="PlayersWorlds.Maps.Maze.MazeGeneratorTest" runstate="Runnable" seed="119322359" result="Passed" start-time="2024-05-23T05:00:58.1760360Z" end-time="2024-05-23T05:00:58.1921680Z" duration="0.016132" asserts="5" />
                <test-case id="1-1452" name="IsFillComplete(PlayersWorlds.Maps.Maze.AldousBroderMazeGenerator,Full,Auto,System.Collections.Generic.List`1[PlayersWorlds.Maps.Area])" fullname="PlayersWorlds.Maps.Maze.MazeGeneratorTest.IsFillComplete(PlayersWorlds.Maps.Maze.AldousBroderMazeGenerator,Full,Auto,System.Collections.Generic.List`1[PlayersWorlds.Maps.Area])" methodname="IsFillComplete" classname="PlayersWorlds.Maps.Maze.MazeGeneratorTest" runstate="Runnable" seed="865990476" result="Passed" start-time="2024-05-23T05:00:58.1921790Z" end-time="2024-05-23T05:00:58.2078170Z" duration="0.015638" asserts="5" />
                <test-case id="1-1453" name="IsFillComplete(PlayersWorlds.Maps.Maze.AldousBroderMazeGenerator,Full,Auto,System.Collections.Generic.List`1[PlayersWorlds.Maps.Area])" fullname="PlayersWorlds.Maps.Maze.MazeGeneratorTest.IsFillComplete(PlayersWorlds.Maps.Maze.AldousBroderMazeGenerator,Full,Auto,System.Collections.Generic.List`1[PlayersWorlds.Maps.Area])" methodname="IsFillComplete" classname="PlayersWorlds.Maps.Maze.MazeGeneratorTest" runstate="Runnable" seed="187063455" result="Passed" start-time="2024-05-23T05:00:58.2078350Z" end-time="2024-05-23T05:00:58.2176370Z" duration="0.009802" asserts="5" />
                <test-case id="1-1454" name="IsFillComplete(PlayersWorlds.Maps.Maze.AldousBroderMazeGenerator,Full,Auto,System.Collections.Generic.List`1[PlayersWorlds.Maps.Area])" fullname="PlayersWorlds.Maps.Maze.MazeGeneratorTest.IsFillComplete(PlayersWorlds.Maps.Maze.AldousBroderMazeGenerator,Full,Auto,System.Collections.Generic.List`1[PlayersWorlds.Maps.Area])" methodname="IsFillComplete" classname="PlayersWorlds.Maps.Maze.MazeGeneratorTest" runstate="Runnable" seed="1385366434" result="Passed" start-time="2024-05-23T05:00:58.2176480Z" end-time="2024-05-23T05:00:58.2305380Z" duration="0.012890" asserts="5" />
                <test-case id="1-1455" name="IsFillComplete(PlayersWorlds.Maps.Maze.AldousBroderMazeGenerator,Full,Manual,null)" fullname="PlayersWorlds.Maps.Maze.MazeGeneratorTest.IsFillComplete(PlayersWorlds.Maps.Maze.AldousBroderMazeGenerator,Full,Manual,null)" methodname="IsFillComplete" classname="PlayersWorlds.Maps.Maze.MazeGeneratorTest" runstate="Runnable" seed="1069389125" result="Passed" start-time="2024-05-23T05:00:58.2305500Z" end-time="2024-05-23T05:00:58.2324400Z" duration="0.001890" asserts="4" />
                <test-case id="1-1456" name="IsFillComplete(PlayersWorlds.Maps.Maze.AldousBroderMazeGenerator,Full,Manual,System.Collections.Generic.List`1[PlayersWorlds.Maps.Area])" fullname="PlayersWorlds.Maps.Maze.MazeGeneratorTest.IsFillComplete(PlayersWorlds.Maps.Maze.AldousBroderMazeGenerator,Full,Manual,System.Collections.Generic.List`1[PlayersWorlds.Maps.Area])" methodname="IsFillComplete" classname="PlayersWorlds.Maps.Maze.MazeGeneratorTest" runstate="Runnable" seed="664728858" result="Passed" start-time="2024-05-23T05:00:58.2324490Z" end-time="2024-05-23T05:00:58.2344040Z" duration="0.001955" asserts="5" />
                <test-case id="1-1457" name="IsFillComplete(PlayersWorlds.Maps.Maze.AldousBroderMazeGenerator,Full,Manual,System.Collections.Generic.List`1[PlayersWorlds.Maps.Area])" fullname="PlayersWorlds.Maps.Maze.MazeGeneratorTest.IsFillComplete(PlayersWorlds.Maps.Maze.AldousBroderMazeGenerator,Full,Manual,System.Collections.Generic.List`1[PlayersWorlds.Maps.Area])" methodname="IsFillComplete" classname="PlayersWorlds.Maps.Maze.MazeGeneratorTest" runstate="Runnable" seed="325712131" result="Passed" start-time="2024-05-23T05:00:58.2344130Z" end-time="2024-05-23T05:00:58.2369510Z" duration="0.002539" asserts="5" />
                <test-case id="1-1458" name="IsFillComplete(PlayersWorlds.Maps.Maze.AldousBroderMazeGenerator,Full,Manual,System.Collections.Generic.List`1[PlayersWorlds.Maps.Area])" fullname="PlayersWorlds.Maps.Maze.MazeGeneratorTest.IsFillComplete(PlayersWorlds.Maps.Maze.AldousBroderMazeGenerator,Full,Manual,System.Collections.Generic.List`1[PlayersWorlds.Maps.Area])" methodname="IsFillComplete" classname="PlayersWorlds.Maps.Maze.MazeGeneratorTest" runstate="Runnable" seed="46575171" result="Passed" start-time="2024-05-23T05:00:58.2369610Z" end-time="2024-05-23T05:00:58.2392780Z" duration="0.002317" asserts="5" />
                <test-case id="1-1459" name="IsFillComplete(PlayersWorlds.Maps.Maze.AldousBroderMazeGenerator,Full,Manual,System.Collections.Generic.List`1[PlayersWorlds.Maps.Area])" fullname="PlayersWorlds.Maps.Maze.MazeGeneratorTest.IsFillComplete(PlayersWorlds.Maps.Maze.AldousBroderMazeGenerator,Full,Manual,System.Collections.Generic.List`1[PlayersWorlds.Maps.Area])" methodname="IsFillComplete" classname="PlayersWorlds.Maps.Maze.MazeGeneratorTest" runstate="Runnable" seed="1830229457" result="Passed" start-time="2024-05-23T05:00:58.2392880Z" end-time="2024-05-23T05:00:58.2425830Z" duration="0.003295" asserts="5" />
                <test-case id="1-1460" name="IsFillComplete(PlayersWorlds.Maps.Maze.AldousBroderMazeGenerator,Full,Manual,System.Collections.Generic.List`1[PlayersWorlds.Maps.Area])" fullname="PlayersWorlds.Maps.Maze.MazeGeneratorTest.IsFillComplete(PlayersWorlds.Maps.Maze.AldousBroderMazeGenerator,Full,Manual,System.Collections.Generic.List`1[PlayersWorlds.Maps.Area])" methodname="IsFillComplete" classname="PlayersWorlds.Maps.Maze.MazeGeneratorTest" runstate="Runnable" seed="2077233474" result="Passed" start-time="2024-05-23T05:00:58.2425930Z" end-time="2024-05-23T05:00:58.2465640Z" duration="0.003971" asserts="5" />
                <test-case id="1-1461" name="IsFillComplete(PlayersWorlds.Maps.Maze.BinaryTreeMazeGenerator,Quarter,Auto,null)" fullname="PlayersWorlds.Maps.Maze.MazeGeneratorTest.IsFillComplete(PlayersWorlds.Maps.Maze.BinaryTreeMazeGenerator,Quarter,Auto,null)" methodname="IsFillComplete" classname="PlayersWorlds.Maps.Maze.MazeGeneratorTest" runstate="Runnable" seed="1499012686" result="Skipped" label="Ignored" start-time="2024-05-23T05:00:58.2465820Z" end-time="2024-05-23T05:00:58.2467100Z" duration="0.000128" asserts="0" />
                <test-case id="1-1462" name="IsFillComplete(PlayersWorlds.Maps.Maze.BinaryTreeMazeGenerator,Quarter,Auto,System.Collections.Generic.List`1[PlayersWorlds.Maps.Area])" fullname="PlayersWorlds.Maps.Maze.MazeGeneratorTest.IsFillComplete(PlayersWorlds.Maps.Maze.BinaryTreeMazeGenerator,Quarter,Auto,System.Collections.Generic.List`1[PlayersWorlds.Maps.Area])" methodname="IsFillComplete" classname="PlayersWorlds.Maps.Maze.MazeGeneratorTest" runstate="Runnable" seed="993849422" result="Skipped" label="Ignored" start-time="2024-05-23T05:00:58.2467170Z" end-time="2024-05-23T05:00:58.2467760Z" duration="0.000059" asserts="0" />
                <test-case id="1-1463" name="IsFillComplete(PlayersWorlds.Maps.Maze.BinaryTreeMazeGenerator,Quarter,Auto,System.Collections.Generic.List`1[PlayersWorlds.Maps.Area])" fullname="PlayersWorlds.Maps.Maze.MazeGeneratorTest.IsFillComplete(PlayersWorlds.Maps.Maze.BinaryTreeMazeGenerator,Quarter,Auto,System.Collections.Generic.List`1[PlayersWorlds.Maps.Area])" methodname="IsFillComplete" classname="PlayersWorlds.Maps.Maze.MazeGeneratorTest" runstate="Runnable" seed="2126643294" result="Skipped" label="Ignored" start-time="2024-05-23T05:00:58.2467810Z" end-time="2024-05-23T05:00:58.2468350Z" duration="0.000054" asserts="0" />
                <test-case id="1-1464" name="IsFillComplete(PlayersWorlds.Maps.Maze.BinaryTreeMazeGenerator,Quarter,Auto,System.Collections.Generic.List`1[PlayersWorlds.Maps.Area])" fullname="PlayersWorlds.Maps.Maze.MazeGeneratorTest.IsFillComplete(PlayersWorlds.Maps.Maze.BinaryTreeMazeGenerator,Quarter,Auto,System.Collections.Generic.List`1[PlayersWorlds.Maps.Area])" methodname="IsFillComplete" classname="PlayersWorlds.Maps.Maze.MazeGeneratorTest" runstate="Runnable" seed="1574411616" result="Skipped" label="Ignored" start-time="2024-05-23T05:00:58.2468410Z" end-time="2024-05-23T05:00:58.2468910Z" duration="0.000050" asserts="0" />
                <test-case id="1-1465" name="IsFillComplete(PlayersWorlds.Maps.Maze.BinaryTreeMazeGenerator,Quarter,Auto,System.Collections.Generic.List`1[PlayersWorlds.Maps.Area])" fullname="PlayersWorlds.Maps.Maze.MazeGeneratorTest.IsFillComplete(PlayersWorlds.Maps.Maze.BinaryTreeMazeGenerator,Quarter,Auto,System.Collections.Generic.List`1[PlayersWorlds.Maps.Area])" methodname="IsFillComplete" classname="PlayersWorlds.Maps.Maze.MazeGeneratorTest" runstate="Runnable" seed="1978936472" result="Skipped" label="Ignored" start-time="2024-05-23T05:00:58.2468960Z" end-time="2024-05-23T05:00:58.2469450Z" duration="0.000050" asserts="0" />
                <test-case id="1-1466" name="IsFillComplete(PlayersWorlds.Maps.Maze.BinaryTreeMazeGenerator,Quarter,Auto,System.Collections.Generic.List`1[PlayersWorlds.Maps.Area])" fullname="PlayersWorlds.Maps.Maze.MazeGeneratorTest.IsFillComplete(PlayersWorlds.Maps.Maze.BinaryTreeMazeGenerator,Quarter,Auto,System.Collections.Generic.List`1[PlayersWorlds.Maps.Area])" methodname="IsFillComplete" classname="PlayersWorlds.Maps.Maze.MazeGeneratorTest" runstate="Runnable" seed="632331001" result="Skipped" label="Ignored" start-time="2024-05-23T05:00:58.2469510Z" end-time="2024-05-23T05:00:58.2469990Z" duration="0.000049" asserts="0" />
                <test-case id="1-1467" name="IsFillComplete(PlayersWorlds.Maps.Maze.BinaryTreeMazeGenerator,Quarter,Manual,null)" fullname="PlayersWorlds.Maps.Maze.MazeGeneratorTest.IsFillComplete(PlayersWorlds.Maps.Maze.BinaryTreeMazeGenerator,Quarter,Manual,null)" methodname="IsFillComplete" classname="PlayersWorlds.Maps.Maze.MazeGeneratorTest" runstate="Runnable" seed="865556069" result="Skipped" label="Ignored" start-time="2024-05-23T05:00:58.2470050Z" end-time="2024-05-23T05:00:58.2470540Z" duration="0.000049" asserts="0" />
                <test-case id="1-1468" name="IsFillComplete(PlayersWorlds.Maps.Maze.BinaryTreeMazeGenerator,Quarter,Manual,System.Collections.Generic.List`1[PlayersWorlds.Maps.Area])" fullname="PlayersWorlds.Maps.Maze.MazeGeneratorTest.IsFillComplete(PlayersWorlds.Maps.Maze.BinaryTreeMazeGenerator,Quarter,Manual,System.Collections.Generic.List`1[PlayersWorlds.Maps.Area])" methodname="IsFillComplete" classname="PlayersWorlds.Maps.Maze.MazeGeneratorTest" runstate="Runnable" seed="1524778982" result="Skipped" label="Ignored" start-time="2024-05-23T05:00:58.2470590Z" end-time="2024-05-23T05:00:58.2471080Z" duration="0.000049" asserts="0" />
                <test-case id="1-1469" name="IsFillComplete(PlayersWorlds.Maps.Maze.BinaryTreeMazeGenerator,Quarter,Manual,System.Collections.Generic.List`1[PlayersWorlds.Maps.Area])" fullname="PlayersWorlds.Maps.Maze.MazeGeneratorTest.IsFillComplete(PlayersWorlds.Maps.Maze.BinaryTreeMazeGenerator,Quarter,Manual,System.Collections.Generic.List`1[PlayersWorlds.Maps.Area])" methodname="IsFillComplete" classname="PlayersWorlds.Maps.Maze.MazeGeneratorTest" runstate="Runnable" seed="1727858845" result="Skipped" label="Ignored" start-time="2024-05-23T05:00:58.2471130Z" end-time="2024-05-23T05:00:58.2471620Z" duration="0.000049" asserts="0" />
                <test-case id="1-1470" name="IsFillComplete(PlayersWorlds.Maps.Maze.BinaryTreeMazeGenerator,Quarter,Manual,System.Collections.Generic.List`1[PlayersWorlds.Maps.Area])" fullname="PlayersWorlds.Maps.Maze.MazeGeneratorTest.IsFillComplete(PlayersWorlds.Maps.Maze.BinaryTreeMazeGenerator,Quarter,Manual,System.Collections.Generic.List`1[PlayersWorlds.Maps.Area])" methodname="IsFillComplete" classname="PlayersWorlds.Maps.Maze.MazeGeneratorTest" runstate="Runnable" seed="1444431747" result="Skipped" label="Ignored" start-time="2024-05-23T05:00:58.2471670Z" end-time="2024-05-23T05:00:58.2472160Z" duration="0.000049" asserts="0" />
                <test-case id="1-1471" name="IsFillComplete(PlayersWorlds.Maps.Maze.BinaryTreeMazeGenerator,Quarter,Manual,System.Collections.Generic.List`1[PlayersWorlds.Maps.Area])" fullname="PlayersWorlds.Maps.Maze.MazeGeneratorTest.IsFillComplete(PlayersWorlds.Maps.Maze.BinaryTreeMazeGenerator,Quarter,Manual,System.Collections.Generic.List`1[PlayersWorlds.Maps.Area])" methodname="IsFillComplete" classname="PlayersWorlds.Maps.Maze.MazeGeneratorTest" runstate="Runnable" seed="806057022" result="Skipped" label="Ignored" start-time="2024-05-23T05:00:58.2472290Z" end-time="2024-05-23T05:00:58.2472840Z" duration="0.000055" asserts="0" />
                <test-case id="1-1472" name="IsFillComplete(PlayersWorlds.Maps.Maze.BinaryTreeMazeGenerator,Quarter,Manual,System.Collections.Generic.List`1[PlayersWorlds.Maps.Area])" fullname="PlayersWorlds.Maps.Maze.MazeGeneratorTest.IsFillComplete(PlayersWorlds.Maps.Maze.BinaryTreeMazeGenerator,Quarter,Manual,System.Collections.Generic.List`1[PlayersWorlds.Maps.Area])" methodname="IsFillComplete" classname="PlayersWorlds.Maps.Maze.MazeGeneratorTest" runstate="Runnable" seed="630435857" result="Skipped" label="Ignored" start-time="2024-05-23T05:00:58.2472900Z" end-time="2024-05-23T05:00:58.2473400Z" duration="0.000050" asserts="0" />
                <test-case id="1-1473" name="IsFillComplete(PlayersWorlds.Maps.Maze.BinaryTreeMazeGenerator,Half,Auto,null)" fullname="PlayersWorlds.Maps.Maze.MazeGeneratorTest.IsFillComplete(PlayersWorlds.Maps.Maze.BinaryTreeMazeGenerator,Half,Auto,null)" methodname="IsFillComplete" classname="PlayersWorlds.Maps.Maze.MazeGeneratorTest" runstate="Runnable" seed="1193348840" result="Skipped" label="Ignored" start-time="2024-05-23T05:00:58.2473460Z" end-time="2024-05-23T05:00:58.2473950Z" duration="0.000049" asserts="0" />
                <test-case id="1-1474" name="IsFillComplete(PlayersWorlds.Maps.Maze.BinaryTreeMazeGenerator,Half,Auto,System.Collections.Generic.List`1[PlayersWorlds.Maps.Area])" fullname="PlayersWorlds.Maps.Maze.MazeGeneratorTest.IsFillComplete(PlayersWorlds.Maps.Maze.BinaryTreeMazeGenerator,Half,Auto,System.Collections.Generic.List`1[PlayersWorlds.Maps.Area])" methodname="IsFillComplete" classname="PlayersWorlds.Maps.Maze.MazeGeneratorTest" runstate="Runnable" seed="469341486" result="Skipped" label="Ignored" start-time="2024-05-23T05:00:58.2474020Z" end-time="2024-05-23T05:00:58.2474510Z" duration="0.000049" asserts="0" />
                <test-case id="1-1475" name="IsFillComplete(PlayersWorlds.Maps.Maze.BinaryTreeMazeGenerator,Half,Auto,System.Collections.Generic.List`1[PlayersWorlds.Maps.Area])" fullname="PlayersWorlds.Maps.Maze.MazeGeneratorTest.IsFillComplete(PlayersWorlds.Maps.Maze.BinaryTreeMazeGenerator,Half,Auto,System.Collections.Generic.List`1[PlayersWorlds.Maps.Area])" methodname="IsFillComplete" classname="PlayersWorlds.Maps.Maze.MazeGeneratorTest" runstate="Runnable" seed="1531278917" result="Skipped" label="Ignored" start-time="2024-05-23T05:00:58.2474560Z" end-time="2024-05-23T05:00:58.2475050Z" duration="0.000049" asserts="0" />
                <test-case id="1-1476" name="IsFillComplete(PlayersWorlds.Maps.Maze.BinaryTreeMazeGenerator,Half,Auto,System.Collections.Generic.List`1[PlayersWorlds.Maps.Area])" fullname="PlayersWorlds.Maps.Maze.MazeGeneratorTest.IsFillComplete(PlayersWorlds.Maps.Maze.BinaryTreeMazeGenerator,Half,Auto,System.Collections.Generic.List`1[PlayersWorlds.Maps.Area])" methodname="IsFillComplete" classname="PlayersWorlds.Maps.Maze.MazeGeneratorTest" runstate="Runnable" seed="2124707566" result="Skipped" label="Ignored" start-time="2024-05-23T05:00:58.2475100Z" end-time="2024-05-23T05:00:58.2475580Z" duration="0.000048" asserts="0" />
                <test-case id="1-1477" name="IsFillComplete(PlayersWorlds.Maps.Maze.BinaryTreeMazeGenerator,Half,Auto,System.Collections.Generic.List`1[PlayersWorlds.Maps.Area])" fullname="PlayersWorlds.Maps.Maze.MazeGeneratorTest.IsFillComplete(PlayersWorlds.Maps.Maze.BinaryTreeMazeGenerator,Half,Auto,System.Collections.Generic.List`1[PlayersWorlds.Maps.Area])" methodname="IsFillComplete" classname="PlayersWorlds.Maps.Maze.MazeGeneratorTest" runstate="Runnable" seed="1568249491" result="Skipped" label="Ignored" start-time="2024-05-23T05:00:58.2475630Z" end-time="2024-05-23T05:00:58.2476110Z" duration="0.000048" asserts="0" />
                <test-case id="1-1478" name="IsFillComplete(PlayersWorlds.Maps.Maze.BinaryTreeMazeGenerator,Half,Auto,System.Collections.Generic.List`1[PlayersWorlds.Maps.Area])" fullname="PlayersWorlds.Maps.Maze.MazeGeneratorTest.IsFillComplete(PlayersWorlds.Maps.Maze.BinaryTreeMazeGenerator,Half,Auto,System.Collections.Generic.List`1[PlayersWorlds.Maps.Area])" methodname="IsFillComplete" classname="PlayersWorlds.Maps.Maze.MazeGeneratorTest" runstate="Runnable" seed="200067674" result="Skipped" label="Ignored" start-time="2024-05-23T05:00:58.2476160Z" end-time="2024-05-23T05:00:58.2476650Z" duration="0.000049" asserts="0" />
                <test-case id="1-1479" name="IsFillComplete(PlayersWorlds.Maps.Maze.BinaryTreeMazeGenerator,Half,Manual,null)" fullname="PlayersWorlds.Maps.Maze.MazeGeneratorTest.IsFillComplete(PlayersWorlds.Maps.Maze.BinaryTreeMazeGenerator,Half,Manual,null)" methodname="IsFillComplete" classname="PlayersWorlds.Maps.Maze.MazeGeneratorTest" runstate="Runnable" seed="785259861" result="Skipped" label="Ignored" start-time="2024-05-23T05:00:58.2476700Z" end-time="2024-05-23T05:00:58.2477190Z" duration="0.000049" asserts="0" />
                <test-case id="1-1480" name="IsFillComplete(PlayersWorlds.Maps.Maze.BinaryTreeMazeGenerator,Half,Manual,System.Collections.Generic.List`1[PlayersWorlds.Maps.Area])" fullname="PlayersWorlds.Maps.Maze.MazeGeneratorTest.IsFillComplete(PlayersWorlds.Maps.Maze.BinaryTreeMazeGenerator,Half,Manual,System.Collections.Generic.List`1[PlayersWorlds.Maps.Area])" methodname="IsFillComplete" classname="PlayersWorlds.Maps.Maze.MazeGeneratorTest" runstate="Runnable" seed="2045714792" result="Skipped" label="Ignored" start-time="2024-05-23T05:00:58.2477240Z" end-time="2024-05-23T05:00:58.2477720Z" duration="0.000048" asserts="0" />
                <test-case id="1-1481" name="IsFillComplete(PlayersWorlds.Maps.Maze.BinaryTreeMazeGenerator,Half,Manual,System.Collections.Generic.List`1[PlayersWorlds.Maps.Area])" fullname="PlayersWorlds.Maps.Maze.MazeGeneratorTest.IsFillComplete(PlayersWorlds.Maps.Maze.BinaryTreeMazeGenerator,Half,Manual,System.Collections.Generic.List`1[PlayersWorlds.Maps.Area])" methodname="IsFillComplete" classname="PlayersWorlds.Maps.Maze.MazeGeneratorTest" runstate="Runnable" seed="2035010125" result="Skipped" label="Ignored" start-time="2024-05-23T05:00:58.2477770Z" end-time="2024-05-23T05:00:58.2478240Z" duration="0.000047" asserts="0" />
                <test-case id="1-1482" name="IsFillComplete(PlayersWorlds.Maps.Maze.BinaryTreeMazeGenerator,Half,Manual,System.Collections.Generic.List`1[PlayersWorlds.Maps.Area])" fullname="PlayersWorlds.Maps.Maze.MazeGeneratorTest.IsFillComplete(PlayersWorlds.Maps.Maze.BinaryTreeMazeGenerator,Half,Manual,System.Collections.Generic.List`1[PlayersWorlds.Maps.Area])" methodname="IsFillComplete" classname="PlayersWorlds.Maps.Maze.MazeGeneratorTest" runstate="Runnable" seed="1079626248" result="Skipped" label="Ignored" start-time="2024-05-23T05:00:58.2478300Z" end-time="2024-05-23T05:00:58.2478770Z" duration="0.000048" asserts="0" />
                <test-case id="1-1483" name="IsFillComplete(PlayersWorlds.Maps.Maze.BinaryTreeMazeGenerator,Half,Manual,System.Collections.Generic.List`1[PlayersWorlds.Maps.Area])" fullname="PlayersWorlds.Maps.Maze.MazeGeneratorTest.IsFillComplete(PlayersWorlds.Maps.Maze.BinaryTreeMazeGenerator,Half,Manual,System.Collections.Generic.List`1[PlayersWorlds.Maps.Area])" methodname="IsFillComplete" classname="PlayersWorlds.Maps.Maze.MazeGeneratorTest" runstate="Runnable" seed="1088079719" result="Skipped" label="Ignored" start-time="2024-05-23T05:00:58.2478830Z" end-time="2024-05-23T05:00:58.2479310Z" duration="0.000048" asserts="0" />
                <test-case id="1-1484" name="IsFillComplete(PlayersWorlds.Maps.Maze.BinaryTreeMazeGenerator,Half,Manual,System.Collections.Generic.List`1[PlayersWorlds.Maps.Area])" fullname="PlayersWorlds.Maps.Maze.MazeGeneratorTest.IsFillComplete(PlayersWorlds.Maps.Maze.BinaryTreeMazeGenerator,Half,Manual,System.Collections.Generic.List`1[PlayersWorlds.Maps.Area])" methodname="IsFillComplete" classname="PlayersWorlds.Maps.Maze.MazeGeneratorTest" runstate="Runnable" seed="1141189772" result="Skipped" label="Ignored" start-time="2024-05-23T05:00:58.2479360Z" end-time="2024-05-23T05:00:58.2479840Z" duration="0.000048" asserts="0" />
                <test-case id="1-1485" name="IsFillComplete(PlayersWorlds.Maps.Maze.BinaryTreeMazeGenerator,ThreeQuarters,Auto,null)" fullname="PlayersWorlds.Maps.Maze.MazeGeneratorTest.IsFillComplete(PlayersWorlds.Maps.Maze.BinaryTreeMazeGenerator,ThreeQuarters,Auto,null)" methodname="IsFillComplete" classname="PlayersWorlds.Maps.Maze.MazeGeneratorTest" runstate="Runnable" seed="191507001" result="Skipped" label="Ignored" start-time="2024-05-23T05:00:58.2479890Z" end-time="2024-05-23T05:00:58.2480360Z" duration="0.000047" asserts="0" />
                <test-case id="1-1486" name="IsFillComplete(PlayersWorlds.Maps.Maze.BinaryTreeMazeGenerator,ThreeQuarters,Auto,System.Collections.Generic.List`1[PlayersWorlds.Maps.Area])" fullname="PlayersWorlds.Maps.Maze.MazeGeneratorTest.IsFillComplete(PlayersWorlds.Maps.Maze.BinaryTreeMazeGenerator,ThreeQuarters,Auto,System.Collections.Generic.List`1[PlayersWorlds.Maps.Area])" methodname="IsFillComplete" classname="PlayersWorlds.Maps.Maze.MazeGeneratorTest" runstate="Runnable" seed="102728031" result="Skipped" label="Ignored" start-time="2024-05-23T05:00:58.2480420Z" end-time="2024-05-23T05:00:58.2480900Z" duration="0.000048" asserts="0" />
                <test-case id="1-1487" name="IsFillComplete(PlayersWorlds.Maps.Maze.BinaryTreeMazeGenerator,ThreeQuarters,Auto,System.Collections.Generic.List`1[PlayersWorlds.Maps.Area])" fullname="PlayersWorlds.Maps.Maze.MazeGeneratorTest.IsFillComplete(PlayersWorlds.Maps.Maze.BinaryTreeMazeGenerator,ThreeQuarters,Auto,System.Collections.Generic.List`1[PlayersWorlds.Maps.Area])" methodname="IsFillComplete" classname="PlayersWorlds.Maps.Maze.MazeGeneratorTest" runstate="Runnable" seed="1490349064" result="Skipped" label="Ignored" start-time="2024-05-23T05:00:58.2480950Z" end-time="2024-05-23T05:00:58.2481430Z" duration="0.000048" asserts="0" />
                <test-case id="1-1488" name="IsFillComplete(PlayersWorlds.Maps.Maze.BinaryTreeMazeGenerator,ThreeQuarters,Auto,System.Collections.Generic.List`1[PlayersWorlds.Maps.Area])" fullname="PlayersWorlds.Maps.Maze.MazeGeneratorTest.IsFillComplete(PlayersWorlds.Maps.Maze.BinaryTreeMazeGenerator,ThreeQuarters,Auto,System.Collections.Generic.List`1[PlayersWorlds.Maps.Area])" methodname="IsFillComplete" classname="PlayersWorlds.Maps.Maze.MazeGeneratorTest" runstate="Runnable" seed="276231910" result="Skipped" label="Ignored" start-time="2024-05-23T05:00:58.2481480Z" end-time="2024-05-23T05:00:58.2481950Z" duration="0.000048" asserts="0" />
                <test-case id="1-1489" name="IsFillComplete(PlayersWorlds.Maps.Maze.BinaryTreeMazeGenerator,ThreeQuarters,Auto,System.Collections.Generic.List`1[PlayersWorlds.Maps.Area])" fullname="PlayersWorlds.Maps.Maze.MazeGeneratorTest.IsFillComplete(PlayersWorlds.Maps.Maze.BinaryTreeMazeGenerator,ThreeQuarters,Auto,System.Collections.Generic.List`1[PlayersWorlds.Maps.Area])" methodname="IsFillComplete" classname="PlayersWorlds.Maps.Maze.MazeGeneratorTest" runstate="Runnable" seed="62935654" result="Skipped" label="Ignored" start-time="2024-05-23T05:00:58.2482000Z" end-time="2024-05-23T05:00:58.2482480Z" duration="0.000048" asserts="0" />
                <test-case id="1-1490" name="IsFillComplete(PlayersWorlds.Maps.Maze.BinaryTreeMazeGenerator,ThreeQuarters,Auto,System.Collections.Generic.List`1[PlayersWorlds.Maps.Area])" fullname="PlayersWorlds.Maps.Maze.MazeGeneratorTest.IsFillComplete(PlayersWorlds.Maps.Maze.BinaryTreeMazeGenerator,ThreeQuarters,Auto,System.Collections.Generic.List`1[PlayersWorlds.Maps.Area])" methodname="IsFillComplete" classname="PlayersWorlds.Maps.Maze.MazeGeneratorTest" runstate="Runnable" seed="460749215" result="Skipped" label="Ignored" start-time="2024-05-23T05:00:58.2482530Z" end-time="2024-05-23T05:00:58.2483010Z" duration="0.000048" asserts="0" />
                <test-case id="1-1491" name="IsFillComplete(PlayersWorlds.Maps.Maze.BinaryTreeMazeGenerator,ThreeQuarters,Manual,null)" fullname="PlayersWorlds.Maps.Maze.MazeGeneratorTest.IsFillComplete(PlayersWorlds.Maps.Maze.BinaryTreeMazeGenerator,ThreeQuarters,Manual,null)" methodname="IsFillComplete" classname="PlayersWorlds.Maps.Maze.MazeGeneratorTest" runstate="Runnable" seed="1699958766" result="Skipped" label="Ignored" start-time="2024-05-23T05:00:58.2483060Z" end-time="2024-05-23T05:00:58.2483540Z" duration="0.000048" asserts="0" />
                <test-case id="1-1492" name="IsFillComplete(PlayersWorlds.Maps.Maze.BinaryTreeMazeGenerator,ThreeQuarters,Manual,System.Collections.Generic.List`1[PlayersWorlds.Maps.Area])" fullname="PlayersWorlds.Maps.Maze.MazeGeneratorTest.IsFillComplete(PlayersWorlds.Maps.Maze.BinaryTreeMazeGenerator,ThreeQuarters,Manual,System.Collections.Generic.List`1[PlayersWorlds.Maps.Area])" methodname="IsFillComplete" classname="PlayersWorlds.Maps.Maze.MazeGeneratorTest" runstate="Runnable" seed="1647651220" result="Skipped" label="Ignored" start-time="2024-05-23T05:00:58.2483590Z" end-time="2024-05-23T05:00:58.2484070Z" duration="0.000048" asserts="0" />
                <test-case id="1-1493" name="IsFillComplete(PlayersWorlds.Maps.Maze.BinaryTreeMazeGenerator,ThreeQuarters,Manual,System.Collections.Generic.List`1[PlayersWorlds.Maps.Area])" fullname="PlayersWorlds.Maps.Maze.MazeGeneratorTest.IsFillComplete(PlayersWorlds.Maps.Maze.BinaryTreeMazeGenerator,ThreeQuarters,Manual,System.Collections.Generic.List`1[PlayersWorlds.Maps.Area])" methodname="IsFillComplete" classname="PlayersWorlds.Maps.Maze.MazeGeneratorTest" runstate="Runnable" seed="1482417275" result="Skipped" label="Ignored" start-time="2024-05-23T05:00:58.2484120Z" end-time="2024-05-23T05:00:58.2484600Z" duration="0.000047" asserts="0" />
                <test-case id="1-1494" name="IsFillComplete(PlayersWorlds.Maps.Maze.BinaryTreeMazeGenerator,ThreeQuarters,Manual,System.Collections.Generic.List`1[PlayersWorlds.Maps.Area])" fullname="PlayersWorlds.Maps.Maze.MazeGeneratorTest.IsFillComplete(PlayersWorlds.Maps.Maze.BinaryTreeMazeGenerator,ThreeQuarters,Manual,System.Collections.Generic.List`1[PlayersWorlds.Maps.Area])" methodname="IsFillComplete" classname="PlayersWorlds.Maps.Maze.MazeGeneratorTest" runstate="Runnable" seed="1296153727" result="Skipped" label="Ignored" start-time="2024-05-23T05:00:58.2484650Z" end-time="2024-05-23T05:00:58.2485120Z" duration="0.000047" asserts="0" />
                <test-case id="1-1495" name="IsFillComplete(PlayersWorlds.Maps.Maze.BinaryTreeMazeGenerator,ThreeQuarters,Manual,System.Collections.Generic.List`1[PlayersWorlds.Maps.Area])" fullname="PlayersWorlds.Maps.Maze.MazeGeneratorTest.IsFillComplete(PlayersWorlds.Maps.Maze.BinaryTreeMazeGenerator,ThreeQuarters,Manual,System.Collections.Generic.List`1[PlayersWorlds.Maps.Area])" methodname="IsFillComplete" classname="PlayersWorlds.Maps.Maze.MazeGeneratorTest" runstate="Runnable" seed="1104563418" result="Skipped" label="Ignored" start-time="2024-05-23T05:00:58.2485170Z" end-time="2024-05-23T05:00:58.2485650Z" duration="0.000048" asserts="0" />
                <test-case id="1-1496" name="IsFillComplete(PlayersWorlds.Maps.Maze.BinaryTreeMazeGenerator,ThreeQuarters,Manual,System.Collections.Generic.List`1[PlayersWorlds.Maps.Area])" fullname="PlayersWorlds.Maps.Maze.MazeGeneratorTest.IsFillComplete(PlayersWorlds.Maps.Maze.BinaryTreeMazeGenerator,ThreeQuarters,Manual,System.Collections.Generic.List`1[PlayersWorlds.Maps.Area])" methodname="IsFillComplete" classname="PlayersWorlds.Maps.Maze.MazeGeneratorTest" runstate="Runnable" seed="1380512234" result="Skipped" label="Ignored" start-time="2024-05-23T05:00:58.2485700Z" end-time="2024-05-23T05:00:58.2486190Z" duration="0.000049" asserts="0" />
                <test-case id="1-1497" name="IsFillComplete(PlayersWorlds.Maps.Maze.BinaryTreeMazeGenerator,NinetyPercent,Auto,null)" fullname="PlayersWorlds.Maps.Maze.MazeGeneratorTest.IsFillComplete(PlayersWorlds.Maps.Maze.BinaryTreeMazeGenerator,NinetyPercent,Auto,null)" methodname="IsFillComplete" classname="PlayersWorlds.Maps.Maze.MazeGeneratorTest" runstate="Runnable" seed="1386932759" result="Skipped" label="Ignored" start-time="2024-05-23T05:00:58.2486240Z" end-time="2024-05-23T05:00:58.2486720Z" duration="0.000048" asserts="0" />
                <test-case id="1-1498" name="IsFillComplete(PlayersWorlds.Maps.Maze.BinaryTreeMazeGenerator,NinetyPercent,Auto,System.Collections.Generic.List`1[PlayersWorlds.Maps.Area])" fullname="PlayersWorlds.Maps.Maze.MazeGeneratorTest.IsFillComplete(PlayersWorlds.Maps.Maze.BinaryTreeMazeGenerator,NinetyPercent,Auto,System.Collections.Generic.List`1[PlayersWorlds.Maps.Area])" methodname="IsFillComplete" classname="PlayersWorlds.Maps.Maze.MazeGeneratorTest" runstate="Runnable" seed="1379515719" result="Skipped" label="Ignored" start-time="2024-05-23T05:00:58.2486770Z" end-time="2024-05-23T05:00:58.2487240Z" duration="0.000048" asserts="0" />
                <test-case id="1-1499" name="IsFillComplete(PlayersWorlds.Maps.Maze.BinaryTreeMazeGenerator,NinetyPercent,Auto,System.Collections.Generic.List`1[PlayersWorlds.Maps.Area])" fullname="PlayersWorlds.Maps.Maze.MazeGeneratorTest.IsFillComplete(PlayersWorlds.Maps.Maze.BinaryTreeMazeGenerator,NinetyPercent,Auto,System.Collections.Generic.List`1[PlayersWorlds.Maps.Area])" methodname="IsFillComplete" classname="PlayersWorlds.Maps.Maze.MazeGeneratorTest" runstate="Runnable" seed="1129801333" result="Skipped" label="Ignored" start-time="2024-05-23T05:00:58.2487300Z" end-time="2024-05-23T05:00:58.2487800Z" duration="0.000050" asserts="0" />
                <test-case id="1-1500" name="IsFillComplete(PlayersWorlds.Maps.Maze.BinaryTreeMazeGenerator,NinetyPercent,Auto,System.Collections.Generic.List`1[PlayersWorlds.Maps.Area])" fullname="PlayersWorlds.Maps.Maze.MazeGeneratorTest.IsFillComplete(PlayersWorlds.Maps.Maze.BinaryTreeMazeGenerator,NinetyPercent,Auto,System.Collections.Generic.List`1[PlayersWorlds.Maps.Area])" methodname="IsFillComplete" classname="PlayersWorlds.Maps.Maze.MazeGeneratorTest" runstate="Runnable" seed="211127378" result="Skipped" label="Ignored" start-time="2024-05-23T05:00:58.2487850Z" end-time="2024-05-23T05:00:58.2488330Z" duration="0.000048" asserts="0" />
                <test-case id="1-1501" name="IsFillComplete(PlayersWorlds.Maps.Maze.BinaryTreeMazeGenerator,NinetyPercent,Auto,System.Collections.Generic.List`1[PlayersWorlds.Maps.Area])" fullname="PlayersWorlds.Maps.Maze.MazeGeneratorTest.IsFillComplete(PlayersWorlds.Maps.Maze.BinaryTreeMazeGenerator,NinetyPercent,Auto,System.Collections.Generic.List`1[PlayersWorlds.Maps.Area])" methodname="IsFillComplete" classname="PlayersWorlds.Maps.Maze.MazeGeneratorTest" runstate="Runnable" seed="1263068070" result="Skipped" label="Ignored" start-time="2024-05-23T05:00:58.2488390Z" end-time="2024-05-23T05:00:58.2488860Z" duration="0.000048" asserts="0" />
                <test-case id="1-1502" name="IsFillComplete(PlayersWorlds.Maps.Maze.BinaryTreeMazeGenerator,NinetyPercent,Auto,System.Collections.Generic.List`1[PlayersWorlds.Maps.Area])" fullname="PlayersWorlds.Maps.Maze.MazeGeneratorTest.IsFillComplete(PlayersWorlds.Maps.Maze.BinaryTreeMazeGenerator,NinetyPercent,Auto,System.Collections.Generic.List`1[PlayersWorlds.Maps.Area])" methodname="IsFillComplete" classname="PlayersWorlds.Maps.Maze.MazeGeneratorTest" runstate="Runnable" seed="1844433966" result="Skipped" label="Ignored" start-time="2024-05-23T05:00:58.2488920Z" end-time="2024-05-23T05:00:58.2489390Z" duration="0.000047" asserts="0" />
                <test-case id="1-1503" name="IsFillComplete(PlayersWorlds.Maps.Maze.BinaryTreeMazeGenerator,NinetyPercent,Manual,null)" fullname="PlayersWorlds.Maps.Maze.MazeGeneratorTest.IsFillComplete(PlayersWorlds.Maps.Maze.BinaryTreeMazeGenerator,NinetyPercent,Manual,null)" methodname="IsFillComplete" classname="PlayersWorlds.Maps.Maze.MazeGeneratorTest" runstate="Runnable" seed="486370852" result="Skipped" label="Ignored" start-time="2024-05-23T05:00:58.2489440Z" end-time="2024-05-23T05:00:58.2489930Z" duration="0.000049" asserts="0" />
                <test-case id="1-1504" name="IsFillComplete(PlayersWorlds.Maps.Maze.BinaryTreeMazeGenerator,NinetyPercent,Manual,System.Collections.Generic.List`1[PlayersWorlds.Maps.Area])" fullname="PlayersWorlds.Maps.Maze.MazeGeneratorTest.IsFillComplete(PlayersWorlds.Maps.Maze.BinaryTreeMazeGenerator,NinetyPercent,Manual,System.Collections.Generic.List`1[PlayersWorlds.Maps.Area])" methodname="IsFillComplete" classname="PlayersWorlds.Maps.Maze.MazeGeneratorTest" runstate="Runnable" seed="608521353" result="Skipped" label="Ignored" start-time="2024-05-23T05:00:58.2489980Z" end-time="2024-05-23T05:00:58.2490460Z" duration="0.000048" asserts="0" />
                <test-case id="1-1505" name="IsFillComplete(PlayersWorlds.Maps.Maze.BinaryTreeMazeGenerator,NinetyPercent,Manual,System.Collections.Generic.List`1[PlayersWorlds.Maps.Area])" fullname="PlayersWorlds.Maps.Maze.MazeGeneratorTest.IsFillComplete(PlayersWorlds.Maps.Maze.BinaryTreeMazeGenerator,NinetyPercent,Manual,System.Collections.Generic.List`1[PlayersWorlds.Maps.Area])" methodname="IsFillComplete" classname="PlayersWorlds.Maps.Maze.MazeGeneratorTest" runstate="Runnable" seed="2039523778" result="Skipped" label="Ignored" start-time="2024-05-23T05:00:58.2490510Z" end-time="2024-05-23T05:00:58.2490990Z" duration="0.000048" asserts="0" />
                <test-case id="1-1506" name="IsFillComplete(PlayersWorlds.Maps.Maze.BinaryTreeMazeGenerator,NinetyPercent,Manual,System.Collections.Generic.List`1[PlayersWorlds.Maps.Area])" fullname="PlayersWorlds.Maps.Maze.MazeGeneratorTest.IsFillComplete(PlayersWorlds.Maps.Maze.BinaryTreeMazeGenerator,NinetyPercent,Manual,System.Collections.Generic.List`1[PlayersWorlds.Maps.Area])" methodname="IsFillComplete" classname="PlayersWorlds.Maps.Maze.MazeGeneratorTest" runstate="Runnable" seed="1636370149" result="Skipped" label="Ignored" start-time="2024-05-23T05:00:58.2491040Z" end-time="2024-05-23T05:00:58.2491520Z" duration="0.000048" asserts="0" />
                <test-case id="1-1507" name="IsFillComplete(PlayersWorlds.Maps.Maze.BinaryTreeMazeGenerator,NinetyPercent,Manual,System.Collections.Generic.List`1[PlayersWorlds.Maps.Area])" fullname="PlayersWorlds.Maps.Maze.MazeGeneratorTest.IsFillComplete(PlayersWorlds.Maps.Maze.BinaryTreeMazeGenerator,NinetyPercent,Manual,System.Collections.Generic.List`1[PlayersWorlds.Maps.Area])" methodname="IsFillComplete" classname="PlayersWorlds.Maps.Maze.MazeGeneratorTest" runstate="Runnable" seed="1820125283" result="Skipped" label="Ignored" start-time="2024-05-23T05:00:58.2491570Z" end-time="2024-05-23T05:00:58.2492050Z" duration="0.000048" asserts="0" />
                <test-case id="1-1508" name="IsFillComplete(PlayersWorlds.Maps.Maze.BinaryTreeMazeGenerator,NinetyPercent,Manual,System.Collections.Generic.List`1[PlayersWorlds.Maps.Area])" fullname="PlayersWorlds.Maps.Maze.MazeGeneratorTest.IsFillComplete(PlayersWorlds.Maps.Maze.BinaryTreeMazeGenerator,NinetyPercent,Manual,System.Collections.Generic.List`1[PlayersWorlds.Maps.Area])" methodname="IsFillComplete" classname="PlayersWorlds.Maps.Maze.MazeGeneratorTest" runstate="Runnable" seed="1865205616" result="Skipped" label="Ignored" start-time="2024-05-23T05:00:58.2492100Z" end-time="2024-05-23T05:00:58.2492580Z" duration="0.000048" asserts="0" />
                <test-case id="1-1509" name="IsFillComplete(PlayersWorlds.Maps.Maze.BinaryTreeMazeGenerator,FullWidth,Auto,null)" fullname="PlayersWorlds.Maps.Maze.MazeGeneratorTest.IsFillComplete(PlayersWorlds.Maps.Maze.BinaryTreeMazeGenerator,FullWidth,Auto,null)" methodname="IsFillComplete" classname="PlayersWorlds.Maps.Maze.MazeGeneratorTest" runstate="Runnable" seed="2001571164" result="Skipped" label="Ignored" start-time="2024-05-23T05:00:58.2492630Z" end-time="2024-05-23T05:00:58.2493110Z" duration="0.000049" asserts="0" />
                <test-case id="1-1510" name="IsFillComplete(PlayersWorlds.Maps.Maze.BinaryTreeMazeGenerator,FullWidth,Auto,System.Collections.Generic.List`1[PlayersWorlds.Maps.Area])" fullname="PlayersWorlds.Maps.Maze.MazeGeneratorTest.IsFillComplete(PlayersWorlds.Maps.Maze.BinaryTreeMazeGenerator,FullWidth,Auto,System.Collections.Generic.List`1[PlayersWorlds.Maps.Area])" methodname="IsFillComplete" classname="PlayersWorlds.Maps.Maze.MazeGeneratorTest" runstate="Runnable" seed="1092165206" result="Skipped" label="Ignored" start-time="2024-05-23T05:00:58.2493170Z" end-time="2024-05-23T05:00:58.2493650Z" duration="0.000048" asserts="0" />
                <test-case id="1-1511" name="IsFillComplete(PlayersWorlds.Maps.Maze.BinaryTreeMazeGenerator,FullWidth,Auto,System.Collections.Generic.List`1[PlayersWorlds.Maps.Area])" fullname="PlayersWorlds.Maps.Maze.MazeGeneratorTest.IsFillComplete(PlayersWorlds.Maps.Maze.BinaryTreeMazeGenerator,FullWidth,Auto,System.Collections.Generic.List`1[PlayersWorlds.Maps.Area])" methodname="IsFillComplete" classname="PlayersWorlds.Maps.Maze.MazeGeneratorTest" runstate="Runnable" seed="1243963014" result="Skipped" label="Ignored" start-time="2024-05-23T05:00:58.2493700Z" end-time="2024-05-23T05:00:58.2494180Z" duration="0.000048" asserts="0" />
                <test-case id="1-1512" name="IsFillComplete(PlayersWorlds.Maps.Maze.BinaryTreeMazeGenerator,FullWidth,Auto,System.Collections.Generic.List`1[PlayersWorlds.Maps.Area])" fullname="PlayersWorlds.Maps.Maze.MazeGeneratorTest.IsFillComplete(PlayersWorlds.Maps.Maze.BinaryTreeMazeGenerator,FullWidth,Auto,System.Collections.Generic.List`1[PlayersWorlds.Maps.Area])" methodname="IsFillComplete" classname="PlayersWorlds.Maps.Maze.MazeGeneratorTest" runstate="Runnable" seed="125644457" result="Skipped" label="Ignored" start-time="2024-05-23T05:00:58.2494230Z" end-time="2024-05-23T05:00:58.2494710Z" duration="0.000048" asserts="0" />
                <test-case id="1-1513" name="IsFillComplete(PlayersWorlds.Maps.Maze.BinaryTreeMazeGenerator,FullWidth,Auto,System.Collections.Generic.List`1[PlayersWorlds.Maps.Area])" fullname="PlayersWorlds.Maps.Maze.MazeGeneratorTest.IsFillComplete(PlayersWorlds.Maps.Maze.BinaryTreeMazeGenerator,FullWidth,Auto,System.Collections.Generic.List`1[PlayersWorlds.Maps.Area])" methodname="IsFillComplete" classname="PlayersWorlds.Maps.Maze.MazeGeneratorTest" runstate="Runnable" seed="1408798957" result="Skipped" label="Ignored" start-time="2024-05-23T05:00:58.2494760Z" end-time="2024-05-23T05:00:58.2495240Z" duration="0.000048" asserts="0" />
                <test-case id="1-1514" name="IsFillComplete(PlayersWorlds.Maps.Maze.BinaryTreeMazeGenerator,FullWidth,Auto,System.Collections.Generic.List`1[PlayersWorlds.Maps.Area])" fullname="PlayersWorlds.Maps.Maze.MazeGeneratorTest.IsFillComplete(PlayersWorlds.Maps.Maze.BinaryTreeMazeGenerator,FullWidth,Auto,System.Collections.Generic.List`1[PlayersWorlds.Maps.Area])" methodname="IsFillComplete" classname="PlayersWorlds.Maps.Maze.MazeGeneratorTest" runstate="Runnable" seed="1931998312" result="Skipped" label="Ignored" start-time="2024-05-23T05:00:58.2495290Z" end-time="2024-05-23T05:00:58.2495760Z" duration="0.000047" asserts="0" />
                <test-case id="1-1515" name="IsFillComplete(PlayersWorlds.Maps.Maze.BinaryTreeMazeGenerator,FullWidth,Manual,null)" fullname="PlayersWorlds.Maps.Maze.MazeGeneratorTest.IsFillComplete(PlayersWorlds.Maps.Maze.BinaryTreeMazeGenerator,FullWidth,Manual,null)" methodname="IsFillComplete" classname="PlayersWorlds.Maps.Maze.MazeGeneratorTest" runstate="Runnable" seed="42223349" result="Skipped" label="Ignored" start-time="2024-05-23T05:00:58.2495810Z" end-time="2024-05-23T05:00:58.2496280Z" duration="0.000047" asserts="0" />
                <test-case id="1-1516" name="IsFillComplete(PlayersWorlds.Maps.Maze.BinaryTreeMazeGenerator,FullWidth,Manual,System.Collections.Generic.List`1[PlayersWorlds.Maps.Area])" fullname="PlayersWorlds.Maps.Maze.MazeGeneratorTest.IsFillComplete(PlayersWorlds.Maps.Maze.BinaryTreeMazeGenerator,FullWidth,Manual,System.Collections.Generic.List`1[PlayersWorlds.Maps.Area])" methodname="IsFillComplete" classname="PlayersWorlds.Maps.Maze.MazeGeneratorTest" runstate="Runnable" seed="419386438" result="Skipped" label="Ignored" start-time="2024-05-23T05:00:58.2496330Z" end-time="2024-05-23T05:00:58.2496810Z" duration="0.000048" asserts="0" />
                <test-case id="1-1517" name="IsFillComplete(PlayersWorlds.Maps.Maze.BinaryTreeMazeGenerator,FullWidth,Manual,System.Collections.Generic.List`1[PlayersWorlds.Maps.Area])" fullname="PlayersWorlds.Maps.Maze.MazeGeneratorTest.IsFillComplete(PlayersWorlds.Maps.Maze.BinaryTreeMazeGenerator,FullWidth,Manual,System.Collections.Generic.List`1[PlayersWorlds.Maps.Area])" methodname="IsFillComplete" classname="PlayersWorlds.Maps.Maze.MazeGeneratorTest" runstate="Runnable" seed="2053253350" result="Skipped" label="Ignored" start-time="2024-05-23T05:00:58.2496860Z" end-time="2024-05-23T05:00:58.2497330Z" duration="0.000047" asserts="0" />
                <test-case id="1-1518" name="IsFillComplete(PlayersWorlds.Maps.Maze.BinaryTreeMazeGenerator,FullWidth,Manual,System.Collections.Generic.List`1[PlayersWorlds.Maps.Area])" fullname="PlayersWorlds.Maps.Maze.MazeGeneratorTest.IsFillComplete(PlayersWorlds.Maps.Maze.BinaryTreeMazeGenerator,FullWidth,Manual,System.Collections.Generic.List`1[PlayersWorlds.Maps.Area])" methodname="IsFillComplete" classname="PlayersWorlds.Maps.Maze.MazeGeneratorTest" runstate="Runnable" seed="985453522" result="Skipped" label="Ignored" start-time="2024-05-23T05:00:58.2497380Z" end-time="2024-05-23T05:00:58.2497850Z" duration="0.000047" asserts="0" />
                <test-case id="1-1519" name="IsFillComplete(PlayersWorlds.Maps.Maze.BinaryTreeMazeGenerator,FullWidth,Manual,System.Collections.Generic.List`1[PlayersWorlds.Maps.Area])" fullname="PlayersWorlds.Maps.Maze.MazeGeneratorTest.IsFillComplete(PlayersWorlds.Maps.Maze.BinaryTreeMazeGenerator,FullWidth,Manual,System.Collections.Generic.List`1[PlayersWorlds.Maps.Area])" methodname="IsFillComplete" classname="PlayersWorlds.Maps.Maze.MazeGeneratorTest" runstate="Runnable" seed="1382904615" result="Skipped" label="Ignored" start-time="2024-05-23T05:00:58.2497900Z" end-time="2024-05-23T05:00:58.2498370Z" duration="0.000047" asserts="0" />
                <test-case id="1-1520" name="IsFillComplete(PlayersWorlds.Maps.Maze.BinaryTreeMazeGenerator,FullWidth,Manual,System.Collections.Generic.List`1[PlayersWorlds.Maps.Area])" fullname="PlayersWorlds.Maps.Maze.MazeGeneratorTest.IsFillComplete(PlayersWorlds.Maps.Maze.BinaryTreeMazeGenerator,FullWidth,Manual,System.Collections.Generic.List`1[PlayersWorlds.Maps.Area])" methodname="IsFillComplete" classname="PlayersWorlds.Maps.Maze.MazeGeneratorTest" runstate="Runnable" seed="1876208441" result="Skipped" label="Ignored" start-time="2024-05-23T05:00:58.2498420Z" end-time="2024-05-23T05:00:58.2498890Z" duration="0.000047" asserts="0" />
                <test-case id="1-1521" name="IsFillComplete(PlayersWorlds.Maps.Maze.BinaryTreeMazeGenerator,FullHeight,Auto,null)" fullname="PlayersWorlds.Maps.Maze.MazeGeneratorTest.IsFillComplete(PlayersWorlds.Maps.Maze.BinaryTreeMazeGenerator,FullHeight,Auto,null)" methodname="IsFillComplete" classname="PlayersWorlds.Maps.Maze.MazeGeneratorTest" runstate="Runnable" seed="1289465584" result="Skipped" label="Ignored" start-time="2024-05-23T05:00:58.2498940Z" end-time="2024-05-23T05:00:58.2499410Z" duration="0.000047" asserts="0" />
                <test-case id="1-1522" name="IsFillComplete(PlayersWorlds.Maps.Maze.BinaryTreeMazeGenerator,FullHeight,Auto,System.Collections.Generic.List`1[PlayersWorlds.Maps.Area])" fullname="PlayersWorlds.Maps.Maze.MazeGeneratorTest.IsFillComplete(PlayersWorlds.Maps.Maze.BinaryTreeMazeGenerator,FullHeight,Auto,System.Collections.Generic.List`1[PlayersWorlds.Maps.Area])" methodname="IsFillComplete" classname="PlayersWorlds.Maps.Maze.MazeGeneratorTest" runstate="Runnable" seed="589324159" result="Skipped" label="Ignored" start-time="2024-05-23T05:00:58.2499460Z" end-time="2024-05-23T05:00:58.2499930Z" duration="0.000047" asserts="0" />
                <test-case id="1-1523" name="IsFillComplete(PlayersWorlds.Maps.Maze.BinaryTreeMazeGenerator,FullHeight,Auto,System.Collections.Generic.List`1[PlayersWorlds.Maps.Area])" fullname="PlayersWorlds.Maps.Maze.MazeGeneratorTest.IsFillComplete(PlayersWorlds.Maps.Maze.BinaryTreeMazeGenerator,FullHeight,Auto,System.Collections.Generic.List`1[PlayersWorlds.Maps.Area])" methodname="IsFillComplete" classname="PlayersWorlds.Maps.Maze.MazeGeneratorTest" runstate="Runnable" seed="1461843328" result="Skipped" label="Ignored" start-time="2024-05-23T05:00:58.2499990Z" end-time="2024-05-23T05:00:58.2500460Z" duration="0.000047" asserts="0" />
                <test-case id="1-1524" name="IsFillComplete(PlayersWorlds.Maps.Maze.BinaryTreeMazeGenerator,FullHeight,Auto,System.Collections.Generic.List`1[PlayersWorlds.Maps.Area])" fullname="PlayersWorlds.Maps.Maze.MazeGeneratorTest.IsFillComplete(PlayersWorlds.Maps.Maze.BinaryTreeMazeGenerator,FullHeight,Auto,System.Collections.Generic.List`1[PlayersWorlds.Maps.Area])" methodname="IsFillComplete" classname="PlayersWorlds.Maps.Maze.MazeGeneratorTest" runstate="Runnable" seed="1267109630" result="Skipped" label="Ignored" start-time="2024-05-23T05:00:58.2500510Z" end-time="2024-05-23T05:00:58.2500970Z" duration="0.000047" asserts="0" />
                <test-case id="1-1525" name="IsFillComplete(PlayersWorlds.Maps.Maze.BinaryTreeMazeGenerator,FullHeight,Auto,System.Collections.Generic.List`1[PlayersWorlds.Maps.Area])" fullname="PlayersWorlds.Maps.Maze.MazeGeneratorTest.IsFillComplete(PlayersWorlds.Maps.Maze.BinaryTreeMazeGenerator,FullHeight,Auto,System.Collections.Generic.List`1[PlayersWorlds.Maps.Area])" methodname="IsFillComplete" classname="PlayersWorlds.Maps.Maze.MazeGeneratorTest" runstate="Runnable" seed="1891956628" result="Skipped" label="Ignored" start-time="2024-05-23T05:00:58.2501020Z" end-time="2024-05-23T05:00:58.2501500Z" duration="0.000048" asserts="0" />
                <test-case id="1-1526" name="IsFillComplete(PlayersWorlds.Maps.Maze.BinaryTreeMazeGenerator,FullHeight,Auto,System.Collections.Generic.List`1[PlayersWorlds.Maps.Area])" fullname="PlayersWorlds.Maps.Maze.MazeGeneratorTest.IsFillComplete(PlayersWorlds.Maps.Maze.BinaryTreeMazeGenerator,FullHeight,Auto,System.Collections.Generic.List`1[PlayersWorlds.Maps.Area])" methodname="IsFillComplete" classname="PlayersWorlds.Maps.Maze.MazeGeneratorTest" runstate="Runnable" seed="1305889449" result="Skipped" label="Ignored" start-time="2024-05-23T05:00:58.2501550Z" end-time="2024-05-23T05:00:58.2502030Z" duration="0.000048" asserts="0" />
                <test-case id="1-1527" name="IsFillComplete(PlayersWorlds.Maps.Maze.BinaryTreeMazeGenerator,FullHeight,Manual,null)" fullname="PlayersWorlds.Maps.Maze.MazeGeneratorTest.IsFillComplete(PlayersWorlds.Maps.Maze.BinaryTreeMazeGenerator,FullHeight,Manual,null)" methodname="IsFillComplete" classname="PlayersWorlds.Maps.Maze.MazeGeneratorTest" runstate="Runnable" seed="1295502229" result="Skipped" label="Ignored" start-time="2024-05-23T05:00:58.2502080Z" end-time="2024-05-23T05:00:58.2502570Z" duration="0.000048" asserts="0" />
                <test-case id="1-1528" name="IsFillComplete(PlayersWorlds.Maps.Maze.BinaryTreeMazeGenerator,FullHeight,Manual,System.Collections.Generic.List`1[PlayersWorlds.Maps.Area])" fullname="PlayersWorlds.Maps.Maze.MazeGeneratorTest.IsFillComplete(PlayersWorlds.Maps.Maze.BinaryTreeMazeGenerator,FullHeight,Manual,System.Collections.Generic.List`1[PlayersWorlds.Maps.Area])" methodname="IsFillComplete" classname="PlayersWorlds.Maps.Maze.MazeGeneratorTest" runstate="Runnable" seed="2044678760" result="Skipped" label="Ignored" start-time="2024-05-23T05:00:58.2502620Z" end-time="2024-05-23T05:00:58.2503100Z" duration="0.000049" asserts="0" />
                <test-case id="1-1529" name="IsFillComplete(PlayersWorlds.Maps.Maze.BinaryTreeMazeGenerator,FullHeight,Manual,System.Collections.Generic.List`1[PlayersWorlds.Maps.Area])" fullname="PlayersWorlds.Maps.Maze.MazeGeneratorTest.IsFillComplete(PlayersWorlds.Maps.Maze.BinaryTreeMazeGenerator,FullHeight,Manual,System.Collections.Generic.List`1[PlayersWorlds.Maps.Area])" methodname="IsFillComplete" classname="PlayersWorlds.Maps.Maze.MazeGeneratorTest" runstate="Runnable" seed="1512261715" result="Skipped" label="Ignored" start-time="2024-05-23T05:00:58.2503150Z" end-time="2024-05-23T05:00:58.2503630Z" duration="0.000048" asserts="0" />
                <test-case id="1-1530" name="IsFillComplete(PlayersWorlds.Maps.Maze.BinaryTreeMazeGenerator,FullHeight,Manual,System.Collections.Generic.List`1[PlayersWorlds.Maps.Area])" fullname="PlayersWorlds.Maps.Maze.MazeGeneratorTest.IsFillComplete(PlayersWorlds.Maps.Maze.BinaryTreeMazeGenerator,FullHeight,Manual,System.Collections.Generic.List`1[PlayersWorlds.Maps.Area])" methodname="IsFillComplete" classname="PlayersWorlds.Maps.Maze.MazeGeneratorTest" runstate="Runnable" seed="150766683" result="Skipped" label="Ignored" start-time="2024-05-23T05:00:58.2503690Z" end-time="2024-05-23T05:00:58.2504170Z" duration="0.000048" asserts="0" />
                <test-case id="1-1531" name="IsFillComplete(PlayersWorlds.Maps.Maze.BinaryTreeMazeGenerator,FullHeight,Manual,System.Collections.Generic.List`1[PlayersWorlds.Maps.Area])" fullname="PlayersWorlds.Maps.Maze.MazeGeneratorTest.IsFillComplete(PlayersWorlds.Maps.Maze.BinaryTreeMazeGenerator,FullHeight,Manual,System.Collections.Generic.List`1[PlayersWorlds.Maps.Area])" methodname="IsFillComplete" classname="PlayersWorlds.Maps.Maze.MazeGeneratorTest" runstate="Runnable" seed="737774807" result="Skipped" label="Ignored" start-time="2024-05-23T05:00:58.2504220Z" end-time="2024-05-23T05:00:58.2504690Z" duration="0.000048" asserts="0" />
                <test-case id="1-1532" name="IsFillComplete(PlayersWorlds.Maps.Maze.BinaryTreeMazeGenerator,FullHeight,Manual,System.Collections.Generic.List`1[PlayersWorlds.Maps.Area])" fullname="PlayersWorlds.Maps.Maze.MazeGeneratorTest.IsFillComplete(PlayersWorlds.Maps.Maze.BinaryTreeMazeGenerator,FullHeight,Manual,System.Collections.Generic.List`1[PlayersWorlds.Maps.Area])" methodname="IsFillComplete" classname="PlayersWorlds.Maps.Maze.MazeGeneratorTest" runstate="Runnable" seed="188733772" result="Skipped" label="Ignored" start-time="2024-05-23T05:00:58.2504750Z" end-time="2024-05-23T05:00:58.2505220Z" duration="0.000048" asserts="0" />
                <test-case id="1-1533" name="IsFillComplete(PlayersWorlds.Maps.Maze.BinaryTreeMazeGenerator,Full,Auto,null)" fullname="PlayersWorlds.Maps.Maze.MazeGeneratorTest.IsFillComplete(PlayersWorlds.Maps.Maze.BinaryTreeMazeGenerator,Full,Auto,null)" methodname="IsFillComplete" classname="PlayersWorlds.Maps.Maze.MazeGeneratorTest" runstate="Runnable" seed="1217749988" result="Passed" start-time="2024-05-23T05:00:58.2505280Z" end-time="2024-05-23T05:00:58.2627140Z" duration="0.012186" asserts="4" />
                <test-case id="1-1534" name="IsFillComplete(PlayersWorlds.Maps.Maze.BinaryTreeMazeGenerator,Full,Auto,System.Collections.Generic.List`1[PlayersWorlds.Maps.Area])" fullname="PlayersWorlds.Maps.Maze.MazeGeneratorTest.IsFillComplete(PlayersWorlds.Maps.Maze.BinaryTreeMazeGenerator,Full,Auto,System.Collections.Generic.List`1[PlayersWorlds.Maps.Area])" methodname="IsFillComplete" classname="PlayersWorlds.Maps.Maze.MazeGeneratorTest" runstate="Runnable" seed="574132483" result="Passed" start-time="2024-05-23T05:00:58.2627220Z" end-time="2024-05-23T05:00:58.2709100Z" duration="0.008188" asserts="5" />
                <test-case id="1-1535" name="IsFillComplete(PlayersWorlds.Maps.Maze.BinaryTreeMazeGenerator,Full,Auto,System.Collections.Generic.List`1[PlayersWorlds.Maps.Area])" fullname="PlayersWorlds.Maps.Maze.MazeGeneratorTest.IsFillComplete(PlayersWorlds.Maps.Maze.BinaryTreeMazeGenerator,Full,Auto,System.Collections.Generic.List`1[PlayersWorlds.Maps.Area])" methodname="IsFillComplete" classname="PlayersWorlds.Maps.Maze.MazeGeneratorTest" runstate="Runnable" seed="782646722" result="Passed" start-time="2024-05-23T05:00:58.2709180Z" end-time="2024-05-23T05:00:58.2819300Z" duration="0.011013" asserts="5" />
                <test-case id="1-1536" name="IsFillComplete(PlayersWorlds.Maps.Maze.BinaryTreeMazeGenerator,Full,Auto,System.Collections.Generic.List`1[PlayersWorlds.Maps.Area])" fullname="PlayersWorlds.Maps.Maze.MazeGeneratorTest.IsFillComplete(PlayersWorlds.Maps.Maze.BinaryTreeMazeGenerator,Full,Auto,System.Collections.Generic.List`1[PlayersWorlds.Maps.Area])" methodname="IsFillComplete" classname="PlayersWorlds.Maps.Maze.MazeGeneratorTest" runstate="Runnable" seed="190576159" result="Passed" start-time="2024-05-23T05:00:58.2819380Z" end-time="2024-05-23T05:00:58.2889270Z" duration="0.006989" asserts="5" />
                <test-case id="1-1537" name="IsFillComplete(PlayersWorlds.Maps.Maze.BinaryTreeMazeGenerator,Full,Auto,System.Collections.Generic.List`1[PlayersWorlds.Maps.Area])" fullname="PlayersWorlds.Maps.Maze.MazeGeneratorTest.IsFillComplete(PlayersWorlds.Maps.Maze.BinaryTreeMazeGenerator,Full,Auto,System.Collections.Generic.List`1[PlayersWorlds.Maps.Area])" methodname="IsFillComplete" classname="PlayersWorlds.Maps.Maze.MazeGeneratorTest" runstate="Runnable" seed="593255396" result="Passed" start-time="2024-05-23T05:00:58.2889460Z" end-time="2024-05-23T05:00:58.3001820Z" duration="0.011236" asserts="5" />
                <test-case id="1-1538" name="IsFillComplete(PlayersWorlds.Maps.Maze.BinaryTreeMazeGenerator,Full,Auto,System.Collections.Generic.List`1[PlayersWorlds.Maps.Area])" fullname="PlayersWorlds.Maps.Maze.MazeGeneratorTest.IsFillComplete(PlayersWorlds.Maps.Maze.BinaryTreeMazeGenerator,Full,Auto,System.Collections.Generic.List`1[PlayersWorlds.Maps.Area])" methodname="IsFillComplete" classname="PlayersWorlds.Maps.Maze.MazeGeneratorTest" runstate="Runnable" seed="479558366" result="Passed" start-time="2024-05-23T05:00:58.3001930Z" end-time="2024-05-23T05:00:58.3056710Z" duration="0.005478" asserts="5" />
                <test-case id="1-1539" name="IsFillComplete(PlayersWorlds.Maps.Maze.BinaryTreeMazeGenerator,Full,Manual,null)" fullname="PlayersWorlds.Maps.Maze.MazeGeneratorTest.IsFillComplete(PlayersWorlds.Maps.Maze.BinaryTreeMazeGenerator,Full,Manual,null)" methodname="IsFillComplete" classname="PlayersWorlds.Maps.Maze.MazeGeneratorTest" runstate="Runnable" seed="1249149641" result="Passed" start-time="2024-05-23T05:00:58.3056820Z" end-time="2024-05-23T05:00:58.3075810Z" duration="0.001899" asserts="4" />
                <test-case id="1-1540" name="IsFillComplete(PlayersWorlds.Maps.Maze.BinaryTreeMazeGenerator,Full,Manual,System.Collections.Generic.List`1[PlayersWorlds.Maps.Area])" fullname="PlayersWorlds.Maps.Maze.MazeGeneratorTest.IsFillComplete(PlayersWorlds.Maps.Maze.BinaryTreeMazeGenerator,Full,Manual,System.Collections.Generic.List`1[PlayersWorlds.Maps.Area])" methodname="IsFillComplete" classname="PlayersWorlds.Maps.Maze.MazeGeneratorTest" runstate="Runnable" seed="702620499" result="Passed" start-time="2024-05-23T05:00:58.3075910Z" end-time="2024-05-23T05:00:58.3099870Z" duration="0.002396" asserts="5" />
                <test-case id="1-1541" name="IsFillComplete(PlayersWorlds.Maps.Maze.BinaryTreeMazeGenerator,Full,Manual,System.Collections.Generic.List`1[PlayersWorlds.Maps.Area])" fullname="PlayersWorlds.Maps.Maze.MazeGeneratorTest.IsFillComplete(PlayersWorlds.Maps.Maze.BinaryTreeMazeGenerator,Full,Manual,System.Collections.Generic.List`1[PlayersWorlds.Maps.Area])" methodname="IsFillComplete" classname="PlayersWorlds.Maps.Maze.MazeGeneratorTest" runstate="Runnable" seed="430086395" result="Passed" start-time="2024-05-23T05:00:58.3099980Z" end-time="2024-05-23T05:00:58.3119890Z" duration="0.001991" asserts="5" />
                <test-case id="1-1542" name="IsFillComplete(PlayersWorlds.Maps.Maze.BinaryTreeMazeGenerator,Full,Manual,System.Collections.Generic.List`1[PlayersWorlds.Maps.Area])" fullname="PlayersWorlds.Maps.Maze.MazeGeneratorTest.IsFillComplete(PlayersWorlds.Maps.Maze.BinaryTreeMazeGenerator,Full,Manual,System.Collections.Generic.List`1[PlayersWorlds.Maps.Area])" methodname="IsFillComplete" classname="PlayersWorlds.Maps.Maze.MazeGeneratorTest" runstate="Runnable" seed="1772627095" result="Passed" start-time="2024-05-23T05:00:58.3119990Z" end-time="2024-05-23T05:00:58.3140830Z" duration="0.002085" asserts="5" />
                <test-case id="1-1543" name="IsFillComplete(PlayersWorlds.Maps.Maze.BinaryTreeMazeGenerator,Full,Manual,System.Collections.Generic.List`1[PlayersWorlds.Maps.Area])" fullname="PlayersWorlds.Maps.Maze.MazeGeneratorTest.IsFillComplete(PlayersWorlds.Maps.Maze.BinaryTreeMazeGenerator,Full,Manual,System.Collections.Generic.List`1[PlayersWorlds.Maps.Area])" methodname="IsFillComplete" classname="PlayersWorlds.Maps.Maze.MazeGeneratorTest" runstate="Runnable" seed="422144393" result="Passed" start-time="2024-05-23T05:00:58.3140930Z" end-time="2024-05-23T05:00:58.3174630Z" duration="0.003370" asserts="5" />
                <test-case id="1-1544" name="IsFillComplete(PlayersWorlds.Maps.Maze.BinaryTreeMazeGenerator,Full,Manual,System.Collections.Generic.List`1[PlayersWorlds.Maps.Area])" fullname="PlayersWorlds.Maps.Maze.MazeGeneratorTest.IsFillComplete(PlayersWorlds.Maps.Maze.BinaryTreeMazeGenerator,Full,Manual,System.Collections.Generic.List`1[PlayersWorlds.Maps.Area])" methodname="IsFillComplete" classname="PlayersWorlds.Maps.Maze.MazeGeneratorTest" runstate="Runnable" seed="1118254095" result="Passed" start-time="2024-05-23T05:00:58.3174740Z" end-time="2024-05-23T05:00:58.3202260Z" duration="0.002752" asserts="5" />
                <test-case id="1-1545" name="IsFillComplete(PlayersWorlds.Maps.Maze.HuntAndKillMazeGenerator,Quarter,Auto,null)" fullname="PlayersWorlds.Maps.Maze.MazeGeneratorTest.IsFillComplete(PlayersWorlds.Maps.Maze.HuntAndKillMazeGenerator,Quarter,Auto,null)" methodname="IsFillComplete" classname="PlayersWorlds.Maps.Maze.MazeGeneratorTest" runstate="Runnable" seed="1364269848" result="Passed" start-time="2024-05-23T05:00:58.3202350Z" end-time="2024-05-23T05:00:58.3262710Z" duration="0.006036" asserts="4" />
                <test-case id="1-1546" name="IsFillComplete(PlayersWorlds.Maps.Maze.HuntAndKillMazeGenerator,Quarter,Auto,System.Collections.Generic.List`1[PlayersWorlds.Maps.Area])" fullname="PlayersWorlds.Maps.Maze.MazeGeneratorTest.IsFillComplete(PlayersWorlds.Maps.Maze.HuntAndKillMazeGenerator,Quarter,Auto,System.Collections.Generic.List`1[PlayersWorlds.Maps.Area])" methodname="IsFillComplete" classname="PlayersWorlds.Maps.Maze.MazeGeneratorTest" runstate="Runnable" seed="1574314309" result="Passed" start-time="2024-05-23T05:00:58.3262810Z" end-time="2024-05-23T05:00:58.3421670Z" duration="0.015885" asserts="5" />
                <test-case id="1-1547" name="IsFillComplete(PlayersWorlds.Maps.Maze.HuntAndKillMazeGenerator,Quarter,Auto,System.Collections.Generic.List`1[PlayersWorlds.Maps.Area])" fullname="PlayersWorlds.Maps.Maze.MazeGeneratorTest.IsFillComplete(PlayersWorlds.Maps.Maze.HuntAndKillMazeGenerator,Quarter,Auto,System.Collections.Generic.List`1[PlayersWorlds.Maps.Area])" methodname="IsFillComplete" classname="PlayersWorlds.Maps.Maze.MazeGeneratorTest" runstate="Runnable" seed="238852263" result="Passed" start-time="2024-05-23T05:00:58.3421780Z" end-time="2024-05-23T05:00:58.3529090Z" duration="0.010731" asserts="5" />
                <test-case id="1-1548" name="IsFillComplete(PlayersWorlds.Maps.Maze.HuntAndKillMazeGenerator,Quarter,Auto,System.Collections.Generic.List`1[PlayersWorlds.Maps.Area])" fullname="PlayersWorlds.Maps.Maze.MazeGeneratorTest.IsFillComplete(PlayersWorlds.Maps.Maze.HuntAndKillMazeGenerator,Quarter,Auto,System.Collections.Generic.List`1[PlayersWorlds.Maps.Area])" methodname="IsFillComplete" classname="PlayersWorlds.Maps.Maze.MazeGeneratorTest" runstate="Runnable" seed="1697902610" result="Passed" start-time="2024-05-23T05:00:58.3529200Z" end-time="2024-05-23T05:00:58.3641160Z" duration="0.011197" asserts="5" />
                <test-case id="1-1549" name="IsFillComplete(PlayersWorlds.Maps.Maze.HuntAndKillMazeGenerator,Quarter,Auto,System.Collections.Generic.List`1[PlayersWorlds.Maps.Area])" fullname="PlayersWorlds.Maps.Maze.MazeGeneratorTest.IsFillComplete(PlayersWorlds.Maps.Maze.HuntAndKillMazeGenerator,Quarter,Auto,System.Collections.Generic.List`1[PlayersWorlds.Maps.Area])" methodname="IsFillComplete" classname="PlayersWorlds.Maps.Maze.MazeGeneratorTest" runstate="Runnable" seed="1253930378" result="Passed" start-time="2024-05-23T05:00:58.3641270Z" end-time="2024-05-23T05:00:58.3700910Z" duration="0.005964" asserts="5" />
                <test-case id="1-1550" name="IsFillComplete(PlayersWorlds.Maps.Maze.HuntAndKillMazeGenerator,Quarter,Auto,System.Collections.Generic.List`1[PlayersWorlds.Maps.Area])" fullname="PlayersWorlds.Maps.Maze.MazeGeneratorTest.IsFillComplete(PlayersWorlds.Maps.Maze.HuntAndKillMazeGenerator,Quarter,Auto,System.Collections.Generic.List`1[PlayersWorlds.Maps.Area])" methodname="IsFillComplete" classname="PlayersWorlds.Maps.Maze.MazeGeneratorTest" runstate="Runnable" seed="685176980" result="Passed" start-time="2024-05-23T05:00:58.3701010Z" end-time="2024-05-23T05:00:58.3756290Z" duration="0.005527" asserts="5" />
                <test-case id="1-1551" name="IsFillComplete(PlayersWorlds.Maps.Maze.HuntAndKillMazeGenerator,Quarter,Manual,null)" fullname="PlayersWorlds.Maps.Maze.MazeGeneratorTest.IsFillComplete(PlayersWorlds.Maps.Maze.HuntAndKillMazeGenerator,Quarter,Manual,null)" methodname="IsFillComplete" classname="PlayersWorlds.Maps.Maze.MazeGeneratorTest" runstate="Runnable" seed="1474742531" result="Passed" start-time="2024-05-23T05:00:58.3756390Z" end-time="2024-05-23T05:00:58.3770660Z" duration="0.001428" asserts="4" />
                <test-case id="1-1552" name="IsFillComplete(PlayersWorlds.Maps.Maze.HuntAndKillMazeGenerator,Quarter,Manual,System.Collections.Generic.List`1[PlayersWorlds.Maps.Area])" fullname="PlayersWorlds.Maps.Maze.MazeGeneratorTest.IsFillComplete(PlayersWorlds.Maps.Maze.HuntAndKillMazeGenerator,Quarter,Manual,System.Collections.Generic.List`1[PlayersWorlds.Maps.Area])" methodname="IsFillComplete" classname="PlayersWorlds.Maps.Maze.MazeGeneratorTest" runstate="Runnable" seed="401479237" result="Passed" start-time="2024-05-23T05:00:58.3770770Z" end-time="2024-05-23T05:00:58.3779670Z" duration="0.000890" asserts="5" />
                <test-case id="1-1553" name="IsFillComplete(PlayersWorlds.Maps.Maze.HuntAndKillMazeGenerator,Quarter,Manual,System.Collections.Generic.List`1[PlayersWorlds.Maps.Area])" fullname="PlayersWorlds.Maps.Maze.MazeGeneratorTest.IsFillComplete(PlayersWorlds.Maps.Maze.HuntAndKillMazeGenerator,Quarter,Manual,System.Collections.Generic.List`1[PlayersWorlds.Maps.Area])" methodname="IsFillComplete" classname="PlayersWorlds.Maps.Maze.MazeGeneratorTest" runstate="Runnable" seed="2144094751" result="Passed" start-time="2024-05-23T05:00:58.3779770Z" end-time="2024-05-23T05:00:58.3790560Z" duration="0.001079" asserts="5" />
                <test-case id="1-1554" name="IsFillComplete(PlayersWorlds.Maps.Maze.HuntAndKillMazeGenerator,Quarter,Manual,System.Collections.Generic.List`1[PlayersWorlds.Maps.Area])" fullname="PlayersWorlds.Maps.Maze.MazeGeneratorTest.IsFillComplete(PlayersWorlds.Maps.Maze.HuntAndKillMazeGenerator,Quarter,Manual,System.Collections.Generic.List`1[PlayersWorlds.Maps.Area])" methodname="IsFillComplete" classname="PlayersWorlds.Maps.Maze.MazeGeneratorTest" runstate="Runnable" seed="1401076539" result="Passed" start-time="2024-05-23T05:00:58.3790650Z" end-time="2024-05-23T05:00:58.3802120Z" duration="0.001147" asserts="5" />
                <test-case id="1-1555" name="IsFillComplete(PlayersWorlds.Maps.Maze.HuntAndKillMazeGenerator,Quarter,Manual,System.Collections.Generic.List`1[PlayersWorlds.Maps.Area])" fullname="PlayersWorlds.Maps.Maze.MazeGeneratorTest.IsFillComplete(PlayersWorlds.Maps.Maze.HuntAndKillMazeGenerator,Quarter,Manual,System.Collections.Generic.List`1[PlayersWorlds.Maps.Area])" methodname="IsFillComplete" classname="PlayersWorlds.Maps.Maze.MazeGeneratorTest" runstate="Runnable" seed="1069145441" result="Passed" start-time="2024-05-23T05:00:58.3802220Z" end-time="2024-05-23T05:00:58.3821420Z" duration="0.001920" asserts="5" />
                <test-case id="1-1556" name="IsFillComplete(PlayersWorlds.Maps.Maze.HuntAndKillMazeGenerator,Quarter,Manual,System.Collections.Generic.List`1[PlayersWorlds.Maps.Area])" fullname="PlayersWorlds.Maps.Maze.MazeGeneratorTest.IsFillComplete(PlayersWorlds.Maps.Maze.HuntAndKillMazeGenerator,Quarter,Manual,System.Collections.Generic.List`1[PlayersWorlds.Maps.Area])" methodname="IsFillComplete" classname="PlayersWorlds.Maps.Maze.MazeGeneratorTest" runstate="Runnable" seed="673743911" result="Passed" start-time="2024-05-23T05:00:58.3821520Z" end-time="2024-05-23T05:00:58.3840370Z" duration="0.001886" asserts="5" />
                <test-case id="1-1557" name="IsFillComplete(PlayersWorlds.Maps.Maze.HuntAndKillMazeGenerator,Half,Auto,null)" fullname="PlayersWorlds.Maps.Maze.MazeGeneratorTest.IsFillComplete(PlayersWorlds.Maps.Maze.HuntAndKillMazeGenerator,Half,Auto,null)" methodname="IsFillComplete" classname="PlayersWorlds.Maps.Maze.MazeGeneratorTest" runstate="Runnable" seed="382590638" result="Passed" start-time="2024-05-23T05:00:58.3840480Z" end-time="2024-05-23T05:00:58.3893580Z" duration="0.005310" asserts="4" />
                <test-case id="1-1558" name="IsFillComplete(PlayersWorlds.Maps.Maze.HuntAndKillMazeGenerator,Half,Auto,System.Collections.Generic.List`1[PlayersWorlds.Maps.Area])" fullname="PlayersWorlds.Maps.Maze.MazeGeneratorTest.IsFillComplete(PlayersWorlds.Maps.Maze.HuntAndKillMazeGenerator,Half,Auto,System.Collections.Generic.List`1[PlayersWorlds.Maps.Area])" methodname="IsFillComplete" classname="PlayersWorlds.Maps.Maze.MazeGeneratorTest" runstate="Runnable" seed="1366744869" result="Passed" start-time="2024-05-23T05:00:58.3893680Z" end-time="2024-05-23T05:00:58.3928030Z" duration="0.003435" asserts="5" />
                <test-case id="1-1559" name="IsFillComplete(PlayersWorlds.Maps.Maze.HuntAndKillMazeGenerator,Half,Auto,System.Collections.Generic.List`1[PlayersWorlds.Maps.Area])" fullname="PlayersWorlds.Maps.Maze.MazeGeneratorTest.IsFillComplete(PlayersWorlds.Maps.Maze.HuntAndKillMazeGenerator,Half,Auto,System.Collections.Generic.List`1[PlayersWorlds.Maps.Area])" methodname="IsFillComplete" classname="PlayersWorlds.Maps.Maze.MazeGeneratorTest" runstate="Runnable" seed="864048372" result="Passed" start-time="2024-05-23T05:00:58.3928130Z" end-time="2024-05-23T05:00:58.4003720Z" duration="0.007559" asserts="5" />
                <test-case id="1-1560" name="IsFillComplete(PlayersWorlds.Maps.Maze.HuntAndKillMazeGenerator,Half,Auto,System.Collections.Generic.List`1[PlayersWorlds.Maps.Area])" fullname="PlayersWorlds.Maps.Maze.MazeGeneratorTest.IsFillComplete(PlayersWorlds.Maps.Maze.HuntAndKillMazeGenerator,Half,Auto,System.Collections.Generic.List`1[PlayersWorlds.Maps.Area])" methodname="IsFillComplete" classname="PlayersWorlds.Maps.Maze.MazeGeneratorTest" runstate="Runnable" seed="733634329" result="Passed" start-time="2024-05-23T05:00:58.4003830Z" end-time="2024-05-23T05:00:58.4065710Z" duration="0.006188" asserts="5" />
                <test-case id="1-1561" name="IsFillComplete(PlayersWorlds.Maps.Maze.HuntAndKillMazeGenerator,Half,Auto,System.Collections.Generic.List`1[PlayersWorlds.Maps.Area])" fullname="PlayersWorlds.Maps.Maze.MazeGeneratorTest.IsFillComplete(PlayersWorlds.Maps.Maze.HuntAndKillMazeGenerator,Half,Auto,System.Collections.Generic.List`1[PlayersWorlds.Maps.Area])" methodname="IsFillComplete" classname="PlayersWorlds.Maps.Maze.MazeGeneratorTest" runstate="Runnable" seed="340867920" result="Passed" start-time="2024-05-23T05:00:58.4065810Z" end-time="2024-05-23T05:00:58.4103980Z" duration="0.003817" asserts="5" />
                <test-case id="1-1562" name="IsFillComplete(PlayersWorlds.Maps.Maze.HuntAndKillMazeGenerator,Half,Auto,System.Collections.Generic.List`1[PlayersWorlds.Maps.Area])" fullname="PlayersWorlds.Maps.Maze.MazeGeneratorTest.IsFillComplete(PlayersWorlds.Maps.Maze.HuntAndKillMazeGenerator,Half,Auto,System.Collections.Generic.List`1[PlayersWorlds.Maps.Area])" methodname="IsFillComplete" classname="PlayersWorlds.Maps.Maze.MazeGeneratorTest" runstate="Runnable" seed="1922930170" result="Passed" start-time="2024-05-23T05:00:58.4104080Z" end-time="2024-05-23T05:00:58.4166240Z" duration="0.006216" asserts="5" />
                <test-case id="1-1563" name="IsFillComplete(PlayersWorlds.Maps.Maze.HuntAndKillMazeGenerator,Half,Manual,null)" fullname="PlayersWorlds.Maps.Maze.MazeGeneratorTest.IsFillComplete(PlayersWorlds.Maps.Maze.HuntAndKillMazeGenerator,Half,Manual,null)" methodname="IsFillComplete" classname="PlayersWorlds.Maps.Maze.MazeGeneratorTest" runstate="Runnable" seed="352943901" result="Passed" start-time="2024-05-23T05:00:58.4166440Z" end-time="2024-05-23T05:00:58.4177000Z" duration="0.001056" asserts="4" />
                <test-case id="1-1564" name="IsFillComplete(PlayersWorlds.Maps.Maze.HuntAndKillMazeGenerator,Half,Manual,System.Collections.Generic.List`1[PlayersWorlds.Maps.Area])" fullname="PlayersWorlds.Maps.Maze.MazeGeneratorTest.IsFillComplete(PlayersWorlds.Maps.Maze.HuntAndKillMazeGenerator,Half,Manual,System.Collections.Generic.List`1[PlayersWorlds.Maps.Area])" methodname="IsFillComplete" classname="PlayersWorlds.Maps.Maze.MazeGeneratorTest" runstate="Runnable" seed="1850804481" result="Passed" start-time="2024-05-23T05:00:58.4177090Z" end-time="2024-05-23T05:00:58.4187550Z" duration="0.001046" asserts="5" />
                <test-case id="1-1565" name="IsFillComplete(PlayersWorlds.Maps.Maze.HuntAndKillMazeGenerator,Half,Manual,System.Collections.Generic.List`1[PlayersWorlds.Maps.Area])" fullname="PlayersWorlds.Maps.Maze.MazeGeneratorTest.IsFillComplete(PlayersWorlds.Maps.Maze.HuntAndKillMazeGenerator,Half,Manual,System.Collections.Generic.List`1[PlayersWorlds.Maps.Area])" methodname="IsFillComplete" classname="PlayersWorlds.Maps.Maze.MazeGeneratorTest" runstate="Runnable" seed="354390399" result="Passed" start-time="2024-05-23T05:00:58.4187640Z" end-time="2024-05-23T05:00:58.4199060Z" duration="0.001142" asserts="5" />
                <test-case id="1-1566" name="IsFillComplete(PlayersWorlds.Maps.Maze.HuntAndKillMazeGenerator,Half,Manual,System.Collections.Generic.List`1[PlayersWorlds.Maps.Area])" fullname="PlayersWorlds.Maps.Maze.MazeGeneratorTest.IsFillComplete(PlayersWorlds.Maps.Maze.HuntAndKillMazeGenerator,Half,Manual,System.Collections.Generic.List`1[PlayersWorlds.Maps.Area])" methodname="IsFillComplete" classname="PlayersWorlds.Maps.Maze.MazeGeneratorTest" runstate="Runnable" seed="1055229242" result="Passed" start-time="2024-05-23T05:00:58.4199160Z" end-time="2024-05-23T05:00:58.4217780Z" duration="0.001862" asserts="5" />
                <test-case id="1-1567" name="IsFillComplete(PlayersWorlds.Maps.Maze.HuntAndKillMazeGenerator,Half,Manual,System.Collections.Generic.List`1[PlayersWorlds.Maps.Area])" fullname="PlayersWorlds.Maps.Maze.MazeGeneratorTest.IsFillComplete(PlayersWorlds.Maps.Maze.HuntAndKillMazeGenerator,Half,Manual,System.Collections.Generic.List`1[PlayersWorlds.Maps.Area])" methodname="IsFillComplete" classname="PlayersWorlds.Maps.Maze.MazeGeneratorTest" runstate="Runnable" seed="1055378116" result="Passed" start-time="2024-05-23T05:00:58.4217880Z" end-time="2024-05-23T05:00:58.4238320Z" duration="0.002045" asserts="5" />
                <test-case id="1-1568" name="IsFillComplete(PlayersWorlds.Maps.Maze.HuntAndKillMazeGenerator,Half,Manual,System.Collections.Generic.List`1[PlayersWorlds.Maps.Area])" fullname="PlayersWorlds.Maps.Maze.MazeGeneratorTest.IsFillComplete(PlayersWorlds.Maps.Maze.HuntAndKillMazeGenerator,Half,Manual,System.Collections.Generic.List`1[PlayersWorlds.Maps.Area])" methodname="IsFillComplete" classname="PlayersWorlds.Maps.Maze.MazeGeneratorTest" runstate="Runnable" seed="834666474" result="Passed" start-time="2024-05-23T05:00:58.4238420Z" end-time="2024-05-23T05:00:58.4258750Z" duration="0.002033" asserts="5" />
                <test-case id="1-1569" name="IsFillComplete(PlayersWorlds.Maps.Maze.HuntAndKillMazeGenerator,ThreeQuarters,Auto,null)" fullname="PlayersWorlds.Maps.Maze.MazeGeneratorTest.IsFillComplete(PlayersWorlds.Maps.Maze.HuntAndKillMazeGenerator,ThreeQuarters,Auto,null)" methodname="IsFillComplete" classname="PlayersWorlds.Maps.Maze.MazeGeneratorTest" runstate="Runnable" seed="1149351590" result="Passed" start-time="2024-05-23T05:00:58.4258850Z" end-time="2024-05-23T05:00:58.4323250Z" duration="0.006441" asserts="4" />
                <test-case id="1-1570" name="IsFillComplete(PlayersWorlds.Maps.Maze.HuntAndKillMazeGenerator,ThreeQuarters,Auto,System.Collections.Generic.List`1[PlayersWorlds.Maps.Area])" fullname="PlayersWorlds.Maps.Maze.MazeGeneratorTest.IsFillComplete(PlayersWorlds.Maps.Maze.HuntAndKillMazeGenerator,ThreeQuarters,Auto,System.Collections.Generic.List`1[PlayersWorlds.Maps.Area])" methodname="IsFillComplete" classname="PlayersWorlds.Maps.Maze.MazeGeneratorTest" runstate="Runnable" seed="1999130837" result="Passed" start-time="2024-05-23T05:00:58.4323360Z" end-time="2024-05-23T05:00:58.4388210Z" duration="0.006485" asserts="5" />
                <test-case id="1-1571" name="IsFillComplete(PlayersWorlds.Maps.Maze.HuntAndKillMazeGenerator,ThreeQuarters,Auto,System.Collections.Generic.List`1[PlayersWorlds.Maps.Area])" fullname="PlayersWorlds.Maps.Maze.MazeGeneratorTest.IsFillComplete(PlayersWorlds.Maps.Maze.HuntAndKillMazeGenerator,ThreeQuarters,Auto,System.Collections.Generic.List`1[PlayersWorlds.Maps.Area])" methodname="IsFillComplete" classname="PlayersWorlds.Maps.Maze.MazeGeneratorTest" runstate="Runnable" seed="1973614689" result="Passed" start-time="2024-05-23T05:00:58.4388320Z" end-time="2024-05-23T05:00:58.4439910Z" duration="0.005159" asserts="5" />
                <test-case id="1-1572" name="IsFillComplete(PlayersWorlds.Maps.Maze.HuntAndKillMazeGenerator,ThreeQuarters,Auto,System.Collections.Generic.List`1[PlayersWorlds.Maps.Area])" fullname="PlayersWorlds.Maps.Maze.MazeGeneratorTest.IsFillComplete(PlayersWorlds.Maps.Maze.HuntAndKillMazeGenerator,ThreeQuarters,Auto,System.Collections.Generic.List`1[PlayersWorlds.Maps.Area])" methodname="IsFillComplete" classname="PlayersWorlds.Maps.Maze.MazeGeneratorTest" runstate="Runnable" seed="1573694984" result="Passed" start-time="2024-05-23T05:00:58.4440010Z" end-time="2024-05-23T05:00:58.4530480Z" duration="0.009047" asserts="5" />
                <test-case id="1-1573" name="IsFillComplete(PlayersWorlds.Maps.Maze.HuntAndKillMazeGenerator,ThreeQuarters,Auto,System.Collections.Generic.List`1[PlayersWorlds.Maps.Area])" fullname="PlayersWorlds.Maps.Maze.MazeGeneratorTest.IsFillComplete(PlayersWorlds.Maps.Maze.HuntAndKillMazeGenerator,ThreeQuarters,Auto,System.Collections.Generic.List`1[PlayersWorlds.Maps.Area])" methodname="IsFillComplete" classname="PlayersWorlds.Maps.Maze.MazeGeneratorTest" runstate="Runnable" seed="1883787528" result="Passed" start-time="2024-05-23T05:00:58.4530580Z" end-time="2024-05-23T05:00:58.4586290Z" duration="0.005571" asserts="5" />
                <test-case id="1-1574" name="IsFillComplete(PlayersWorlds.Maps.Maze.HuntAndKillMazeGenerator,ThreeQuarters,Auto,System.Collections.Generic.List`1[PlayersWorlds.Maps.Area])" fullname="PlayersWorlds.Maps.Maze.MazeGeneratorTest.IsFillComplete(PlayersWorlds.Maps.Maze.HuntAndKillMazeGenerator,ThreeQuarters,Auto,System.Collections.Generic.List`1[PlayersWorlds.Maps.Area])" methodname="IsFillComplete" classname="PlayersWorlds.Maps.Maze.MazeGeneratorTest" runstate="Runnable" seed="680284116" result="Passed" start-time="2024-05-23T05:00:58.4586390Z" end-time="2024-05-23T05:00:58.4651460Z" duration="0.006506" asserts="5" />
                <test-case id="1-1575" name="IsFillComplete(PlayersWorlds.Maps.Maze.HuntAndKillMazeGenerator,ThreeQuarters,Manual,null)" fullname="PlayersWorlds.Maps.Maze.MazeGeneratorTest.IsFillComplete(PlayersWorlds.Maps.Maze.HuntAndKillMazeGenerator,ThreeQuarters,Manual,null)" methodname="IsFillComplete" classname="PlayersWorlds.Maps.Maze.MazeGeneratorTest" runstate="Runnable" seed="1446122046" result="Passed" start-time="2024-05-23T05:00:58.4651560Z" end-time="2024-05-23T05:00:58.4663330Z" duration="0.001177" asserts="4" />
                <test-case id="1-1576" name="IsFillComplete(PlayersWorlds.Maps.Maze.HuntAndKillMazeGenerator,ThreeQuarters,Manual,System.Collections.Generic.List`1[PlayersWorlds.Maps.Area])" fullname="PlayersWorlds.Maps.Maze.MazeGeneratorTest.IsFillComplete(PlayersWorlds.Maps.Maze.HuntAndKillMazeGenerator,ThreeQuarters,Manual,System.Collections.Generic.List`1[PlayersWorlds.Maps.Area])" methodname="IsFillComplete" classname="PlayersWorlds.Maps.Maze.MazeGeneratorTest" runstate="Runnable" seed="1664322136" result="Passed" start-time="2024-05-23T05:00:58.4663420Z" end-time="2024-05-23T05:00:58.4681750Z" duration="0.001832" asserts="5" />
                <test-case id="1-1577" name="IsFillComplete(PlayersWorlds.Maps.Maze.HuntAndKillMazeGenerator,ThreeQuarters,Manual,System.Collections.Generic.List`1[PlayersWorlds.Maps.Area])" fullname="PlayersWorlds.Maps.Maze.MazeGeneratorTest.IsFillComplete(PlayersWorlds.Maps.Maze.HuntAndKillMazeGenerator,ThreeQuarters,Manual,System.Collections.Generic.List`1[PlayersWorlds.Maps.Area])" methodname="IsFillComplete" classname="PlayersWorlds.Maps.Maze.MazeGeneratorTest" runstate="Runnable" seed="167179766" result="Passed" start-time="2024-05-23T05:00:58.4681850Z" end-time="2024-05-23T05:00:58.4695080Z" duration="0.001323" asserts="5" />
                <test-case id="1-1578" name="IsFillComplete(PlayersWorlds.Maps.Maze.HuntAndKillMazeGenerator,ThreeQuarters,Manual,System.Collections.Generic.List`1[PlayersWorlds.Maps.Area])" fullname="PlayersWorlds.Maps.Maze.MazeGeneratorTest.IsFillComplete(PlayersWorlds.Maps.Maze.HuntAndKillMazeGenerator,ThreeQuarters,Manual,System.Collections.Generic.List`1[PlayersWorlds.Maps.Area])" methodname="IsFillComplete" classname="PlayersWorlds.Maps.Maze.MazeGeneratorTest" runstate="Runnable" seed="343589233" result="Passed" start-time="2024-05-23T05:00:58.4695170Z" end-time="2024-05-23T05:00:58.4709320Z" duration="0.001415" asserts="5" />
                <test-case id="1-1579" name="IsFillComplete(PlayersWorlds.Maps.Maze.HuntAndKillMazeGenerator,ThreeQuarters,Manual,System.Collections.Generic.List`1[PlayersWorlds.Maps.Area])" fullname="PlayersWorlds.Maps.Maze.MazeGeneratorTest.IsFillComplete(PlayersWorlds.Maps.Maze.HuntAndKillMazeGenerator,ThreeQuarters,Manual,System.Collections.Generic.List`1[PlayersWorlds.Maps.Area])" methodname="IsFillComplete" classname="PlayersWorlds.Maps.Maze.MazeGeneratorTest" runstate="Runnable" seed="2050323429" result="Passed" start-time="2024-05-23T05:00:58.4709420Z" end-time="2024-05-23T05:00:58.4731590Z" duration="0.002218" asserts="5" />
                <test-case id="1-1580" name="IsFillComplete(PlayersWorlds.Maps.Maze.HuntAndKillMazeGenerator,ThreeQuarters,Manual,System.Collections.Generic.List`1[PlayersWorlds.Maps.Area])" fullname="PlayersWorlds.Maps.Maze.MazeGeneratorTest.IsFillComplete(PlayersWorlds.Maps.Maze.HuntAndKillMazeGenerator,ThreeQuarters,Manual,System.Collections.Generic.List`1[PlayersWorlds.Maps.Area])" methodname="IsFillComplete" classname="PlayersWorlds.Maps.Maze.MazeGeneratorTest" runstate="Runnable" seed="317642319" result="Passed" start-time="2024-05-23T05:00:58.4731690Z" end-time="2024-05-23T05:00:58.4758950Z" duration="0.002726" asserts="5" />
                <test-case id="1-1581" name="IsFillComplete(PlayersWorlds.Maps.Maze.HuntAndKillMazeGenerator,NinetyPercent,Auto,null)" fullname="PlayersWorlds.Maps.Maze.MazeGeneratorTest.IsFillComplete(PlayersWorlds.Maps.Maze.HuntAndKillMazeGenerator,NinetyPercent,Auto,null)" methodname="IsFillComplete" classname="PlayersWorlds.Maps.Maze.MazeGeneratorTest" runstate="Runnable" seed="1067037186" result="Passed" start-time="2024-05-23T05:00:58.4759050Z" end-time="2024-05-23T05:00:58.4814580Z" duration="0.005553" asserts="4" />
                <test-case id="1-1582" name="IsFillComplete(PlayersWorlds.Maps.Maze.HuntAndKillMazeGenerator,NinetyPercent,Auto,System.Collections.Generic.List`1[PlayersWorlds.Maps.Area])" fullname="PlayersWorlds.Maps.Maze.MazeGeneratorTest.IsFillComplete(PlayersWorlds.Maps.Maze.HuntAndKillMazeGenerator,NinetyPercent,Auto,System.Collections.Generic.List`1[PlayersWorlds.Maps.Area])" methodname="IsFillComplete" classname="PlayersWorlds.Maps.Maze.MazeGeneratorTest" runstate="Runnable" seed="1745083266" result="Passed" start-time="2024-05-23T05:00:58.4814680Z" end-time="2024-05-23T05:00:58.4830910Z" duration="0.001623" asserts="5" />
                <test-case id="1-1583" name="IsFillComplete(PlayersWorlds.Maps.Maze.HuntAndKillMazeGenerator,NinetyPercent,Auto,System.Collections.Generic.List`1[PlayersWorlds.Maps.Area])" fullname="PlayersWorlds.Maps.Maze.MazeGeneratorTest.IsFillComplete(PlayersWorlds.Maps.Maze.HuntAndKillMazeGenerator,NinetyPercent,Auto,System.Collections.Generic.List`1[PlayersWorlds.Maps.Area])" methodname="IsFillComplete" classname="PlayersWorlds.Maps.Maze.MazeGeneratorTest" runstate="Runnable" seed="790748382" result="Passed" start-time="2024-05-23T05:00:58.4831010Z" end-time="2024-05-23T05:00:58.4869370Z" duration="0.003836" asserts="5" />
                <test-case id="1-1584" name="IsFillComplete(PlayersWorlds.Maps.Maze.HuntAndKillMazeGenerator,NinetyPercent,Auto,System.Collections.Generic.List`1[PlayersWorlds.Maps.Area])" fullname="PlayersWorlds.Maps.Maze.MazeGeneratorTest.IsFillComplete(PlayersWorlds.Maps.Maze.HuntAndKillMazeGenerator,NinetyPercent,Auto,System.Collections.Generic.List`1[PlayersWorlds.Maps.Area])" methodname="IsFillComplete" classname="PlayersWorlds.Maps.Maze.MazeGeneratorTest" runstate="Runnable" seed="827084735" result="Passed" start-time="2024-05-23T05:00:58.4869470Z" end-time="2024-05-23T05:00:58.4984950Z" duration="0.011548" asserts="5" />
                <test-case id="1-1585" name="IsFillComplete(PlayersWorlds.Maps.Maze.HuntAndKillMazeGenerator,NinetyPercent,Auto,System.Collections.Generic.List`1[PlayersWorlds.Maps.Area])" fullname="PlayersWorlds.Maps.Maze.MazeGeneratorTest.IsFillComplete(PlayersWorlds.Maps.Maze.HuntAndKillMazeGenerator,NinetyPercent,Auto,System.Collections.Generic.List`1[PlayersWorlds.Maps.Area])" methodname="IsFillComplete" classname="PlayersWorlds.Maps.Maze.MazeGeneratorTest" runstate="Runnable" seed="823507799" result="Passed" start-time="2024-05-23T05:00:58.4985050Z" end-time="2024-05-23T05:00:58.5027650Z" duration="0.004260" asserts="5" />
                <test-case id="1-1586" name="IsFillComplete(PlayersWorlds.Maps.Maze.HuntAndKillMazeGenerator,NinetyPercent,Auto,System.Collections.Generic.List`1[PlayersWorlds.Maps.Area])" fullname="PlayersWorlds.Maps.Maze.MazeGeneratorTest.IsFillComplete(PlayersWorlds.Maps.Maze.HuntAndKillMazeGenerator,NinetyPercent,Auto,System.Collections.Generic.List`1[PlayersWorlds.Maps.Area])" methodname="IsFillComplete" classname="PlayersWorlds.Maps.Maze.MazeGeneratorTest" runstate="Runnable" seed="336295570" result="Passed" start-time="2024-05-23T05:00:58.5027750Z" end-time="2024-05-23T05:00:58.5141590Z" duration="0.011384" asserts="5" />
                <test-case id="1-1587" name="IsFillComplete(PlayersWorlds.Maps.Maze.HuntAndKillMazeGenerator,NinetyPercent,Manual,null)" fullname="PlayersWorlds.Maps.Maze.MazeGeneratorTest.IsFillComplete(PlayersWorlds.Maps.Maze.HuntAndKillMazeGenerator,NinetyPercent,Manual,null)" methodname="IsFillComplete" classname="PlayersWorlds.Maps.Maze.MazeGeneratorTest" runstate="Runnable" seed="192122668" result="Passed" start-time="2024-05-23T05:00:58.5141690Z" end-time="2024-05-23T05:00:58.5153790Z" duration="0.001210" asserts="4" />
                <test-case id="1-1588" name="IsFillComplete(PlayersWorlds.Maps.Maze.HuntAndKillMazeGenerator,NinetyPercent,Manual,System.Collections.Generic.List`1[PlayersWorlds.Maps.Area])" fullname="PlayersWorlds.Maps.Maze.MazeGeneratorTest.IsFillComplete(PlayersWorlds.Maps.Maze.HuntAndKillMazeGenerator,NinetyPercent,Manual,System.Collections.Generic.List`1[PlayersWorlds.Maps.Area])" methodname="IsFillComplete" classname="PlayersWorlds.Maps.Maze.MazeGeneratorTest" runstate="Runnable" seed="1964157096" result="Passed" start-time="2024-05-23T05:00:58.5153880Z" end-time="2024-05-23T05:00:58.5165960Z" duration="0.001208" asserts="5" />
                <test-case id="1-1589" name="IsFillComplete(PlayersWorlds.Maps.Maze.HuntAndKillMazeGenerator,NinetyPercent,Manual,System.Collections.Generic.List`1[PlayersWorlds.Maps.Area])" fullname="PlayersWorlds.Maps.Maze.MazeGeneratorTest.IsFillComplete(PlayersWorlds.Maps.Maze.HuntAndKillMazeGenerator,NinetyPercent,Manual,System.Collections.Generic.List`1[PlayersWorlds.Maps.Area])" methodname="IsFillComplete" classname="PlayersWorlds.Maps.Maze.MazeGeneratorTest" runstate="Runnable" seed="1652470689" result="Passed" start-time="2024-05-23T05:00:58.5166050Z" end-time="2024-05-23T05:00:58.5179970Z" duration="0.001392" asserts="5" />
                <test-case id="1-1590" name="IsFillComplete(PlayersWorlds.Maps.Maze.HuntAndKillMazeGenerator,NinetyPercent,Manual,System.Collections.Generic.List`1[PlayersWorlds.Maps.Area])" fullname="PlayersWorlds.Maps.Maze.MazeGeneratorTest.IsFillComplete(PlayersWorlds.Maps.Maze.HuntAndKillMazeGenerator,NinetyPercent,Manual,System.Collections.Generic.List`1[PlayersWorlds.Maps.Area])" methodname="IsFillComplete" classname="PlayersWorlds.Maps.Maze.MazeGeneratorTest" runstate="Runnable" seed="108902811" result="Passed" start-time="2024-05-23T05:00:58.5180070Z" end-time="2024-05-23T05:00:58.5194770Z" duration="0.001471" asserts="5" />
                <test-case id="1-1591" name="IsFillComplete(PlayersWorlds.Maps.Maze.HuntAndKillMazeGenerator,NinetyPercent,Manual,System.Collections.Generic.List`1[PlayersWorlds.Maps.Area])" fullname="PlayersWorlds.Maps.Maze.MazeGeneratorTest.IsFillComplete(PlayersWorlds.Maps.Maze.HuntAndKillMazeGenerator,NinetyPercent,Manual,System.Collections.Generic.List`1[PlayersWorlds.Maps.Area])" methodname="IsFillComplete" classname="PlayersWorlds.Maps.Maze.MazeGeneratorTest" runstate="Runnable" seed="1955469168" result="Passed" start-time="2024-05-23T05:00:58.5194870Z" end-time="2024-05-23T05:00:58.5222390Z" duration="0.002752" asserts="5" />
                <test-case id="1-1592" name="IsFillComplete(PlayersWorlds.Maps.Maze.HuntAndKillMazeGenerator,NinetyPercent,Manual,System.Collections.Generic.List`1[PlayersWorlds.Maps.Area])" fullname="PlayersWorlds.Maps.Maze.MazeGeneratorTest.IsFillComplete(PlayersWorlds.Maps.Maze.HuntAndKillMazeGenerator,NinetyPercent,Manual,System.Collections.Generic.List`1[PlayersWorlds.Maps.Area])" methodname="IsFillComplete" classname="PlayersWorlds.Maps.Maze.MazeGeneratorTest" runstate="Runnable" seed="1373994174" result="Passed" start-time="2024-05-23T05:00:58.5222500Z" end-time="2024-05-23T05:00:58.5244860Z" duration="0.002236" asserts="5" />
                <test-case id="1-1593" name="IsFillComplete(PlayersWorlds.Maps.Maze.HuntAndKillMazeGenerator,FullWidth,Auto,null)" fullname="PlayersWorlds.Maps.Maze.MazeGeneratorTest.IsFillComplete(PlayersWorlds.Maps.Maze.HuntAndKillMazeGenerator,FullWidth,Auto,null)" methodname="IsFillComplete" classname="PlayersWorlds.Maps.Maze.MazeGeneratorTest" runstate="Runnable" seed="1762993641" result="Failed" label="Error" start-time="2024-05-23T05:00:58.5244960Z" end-time="2024-05-23T05:00:58.5382860Z" duration="0.013790" asserts="0">
                  <failure>
                    <message><![CDATA[PlayersWorlds.Maps.Maze.MazeGenerationException : Could not generate rooms for maze of size 10x10. Last set of rooms had 2 errors (P5x4;S6x3, P-1x4;S6x3) Random(524).
10x10||
  ----> System.InvalidOperationException : Could not generate rooms for maze of size 10x10. Last set of rooms had 2 errors (P5x4;S6x3, P-1x4;S6x3) Random(524).]]></message>
                    <stack-trace><![CDATA[  at PlayersWorlds.Maps.Maze.MazeGenerator.Generate (PlayersWorlds.Maps.Vector size, PlayersWorlds.Maps.Maze.GeneratorOptions options, PlayersWorlds.Maps.Maze.Maze2DBuilder& builder) [0x0024c] in /home/data/repos/github.com/aynurin/maze-gen/src/maze/MazeGenerator.cs:88 
  at PlayersWorlds.Maps.Maze.MazeTestHelper.GenerateMaze (PlayersWorlds.Maps.Vector size, PlayersWorlds.Maps.Maze.GeneratorOptions options, PlayersWorlds.Maps.Maze.Maze2DBuilder& builder) [0x0004a] in /home/data/repos/github.com/aynurin/maze-gen/tests/maze/MazeTestHelper.cs:41 
  at PlayersWorlds.Maps.Maze.MazeTestHelper.GenerateMaze (PlayersWorlds.Maps.Vector size, PlayersWorlds.Maps.Maze.GeneratorOptions options) [0x00001] in /home/data/repos/github.com/aynurin/maze-gen/tests/maze/MazeTestHelper.cs:55 
  at PlayersWorlds.Maps.Maze.MazeGeneratorTest.IsFillComplete (System.Type generatorType, PlayersWorlds.Maps.Maze.GeneratorOptions+FillFactorOption fillFactor, PlayersWorlds.Maps.Maze.GeneratorOptions+MapAreaOptions mapAreaOptions, System.Collections.Generic.List`1[T] mapAreas) [0x0004f] in /home/data/repos/github.com/aynurin/maze-gen/tests/maze/MazeGeneratorTest.cs:193 
  at (wrapper managed-to-native) System.Reflection.RuntimeMethodInfo.InternalInvoke(System.Reflection.RuntimeMethodInfo,object,object[],System.Exception&)
  at System.Reflection.RuntimeMethodInfo.Invoke (System.Object obj, System.Reflection.BindingFlags invokeAttr, System.Reflection.Binder binder, System.Object[] parameters, System.Globalization.CultureInfo culture) [0x0006a] in /build/mono/src/mono/mcs/class/corlib/System.Reflection/RuntimeMethodInfo.cs:395 
--InvalidOperationException
  at PlayersWorlds.Maps.Maze.MazeGenerator.GenerateMazeAreas (PlayersWorlds.Maps.Vector mazeSize, PlayersWorlds.Maps.Maze.GeneratorOptions options) [0x002b8] in /home/data/repos/github.com/aynurin/maze-gen/src/maze/MazeGenerator.cs:148 
  at PlayersWorlds.Maps.Maze.MazeGenerator.Generate (PlayersWorlds.Maps.Vector size, PlayersWorlds.Maps.Maze.GeneratorOptions options, PlayersWorlds.Maps.Maze.Maze2DBuilder& builder) [0x00152] in /home/data/repos/github.com/aynurin/maze-gen/src/maze/MazeGenerator.cs:75 ]]></stack-trace>
                  </failure>
                </test-case>
                <test-case id="1-1594" name="IsFillComplete(PlayersWorlds.Maps.Maze.HuntAndKillMazeGenerator,FullWidth,Auto,System.Collections.Generic.List`1[PlayersWorlds.Maps.Area])" fullname="PlayersWorlds.Maps.Maze.MazeGeneratorTest.IsFillComplete(PlayersWorlds.Maps.Maze.HuntAndKillMazeGenerator,FullWidth,Auto,System.Collections.Generic.List`1[PlayersWorlds.Maps.Area])" methodname="IsFillComplete" classname="PlayersWorlds.Maps.Maze.MazeGeneratorTest" runstate="Runnable" seed="515515312" result="Passed" start-time="2024-05-23T05:00:58.5382980Z" end-time="2024-05-23T05:00:58.5410960Z" duration="0.002799" asserts="5" />
                <test-case id="1-1595" name="IsFillComplete(PlayersWorlds.Maps.Maze.HuntAndKillMazeGenerator,FullWidth,Auto,System.Collections.Generic.List`1[PlayersWorlds.Maps.Area])" fullname="PlayersWorlds.Maps.Maze.MazeGeneratorTest.IsFillComplete(PlayersWorlds.Maps.Maze.HuntAndKillMazeGenerator,FullWidth,Auto,System.Collections.Generic.List`1[PlayersWorlds.Maps.Area])" methodname="IsFillComplete" classname="PlayersWorlds.Maps.Maze.MazeGeneratorTest" runstate="Runnable" seed="361752579" result="Passed" start-time="2024-05-23T05:00:58.5411070Z" end-time="2024-05-23T05:00:58.5471100Z" duration="0.006003" asserts="5" />
                <test-case id="1-1596" name="IsFillComplete(PlayersWorlds.Maps.Maze.HuntAndKillMazeGenerator,FullWidth,Auto,System.Collections.Generic.List`1[PlayersWorlds.Maps.Area])" fullname="PlayersWorlds.Maps.Maze.MazeGeneratorTest.IsFillComplete(PlayersWorlds.Maps.Maze.HuntAndKillMazeGenerator,FullWidth,Auto,System.Collections.Generic.List`1[PlayersWorlds.Maps.Area])" methodname="IsFillComplete" classname="PlayersWorlds.Maps.Maze.MazeGeneratorTest" runstate="Runnable" seed="654639872" result="Passed" start-time="2024-05-23T05:00:58.5471200Z" end-time="2024-05-23T05:00:58.5553900Z" duration="0.008270" asserts="5" />
                <test-case id="1-1597" name="IsFillComplete(PlayersWorlds.Maps.Maze.HuntAndKillMazeGenerator,FullWidth,Auto,System.Collections.Generic.List`1[PlayersWorlds.Maps.Area])" fullname="PlayersWorlds.Maps.Maze.MazeGeneratorTest.IsFillComplete(PlayersWorlds.Maps.Maze.HuntAndKillMazeGenerator,FullWidth,Auto,System.Collections.Generic.List`1[PlayersWorlds.Maps.Area])" methodname="IsFillComplete" classname="PlayersWorlds.Maps.Maze.MazeGeneratorTest" runstate="Runnable" seed="1419683194" result="Passed" start-time="2024-05-23T05:00:58.5554090Z" end-time="2024-05-23T05:00:58.5608400Z" duration="0.005431" asserts="5" />
                <test-case id="1-1598" name="IsFillComplete(PlayersWorlds.Maps.Maze.HuntAndKillMazeGenerator,FullWidth,Auto,System.Collections.Generic.List`1[PlayersWorlds.Maps.Area])" fullname="PlayersWorlds.Maps.Maze.MazeGeneratorTest.IsFillComplete(PlayersWorlds.Maps.Maze.HuntAndKillMazeGenerator,FullWidth,Auto,System.Collections.Generic.List`1[PlayersWorlds.Maps.Area])" methodname="IsFillComplete" classname="PlayersWorlds.Maps.Maze.MazeGeneratorTest" runstate="Runnable" seed="718823559" result="Passed" start-time="2024-05-23T05:00:58.5608500Z" end-time="2024-05-23T05:00:58.5844010Z" duration="0.023550" asserts="5" />
                <test-case id="1-1599" name="IsFillComplete(PlayersWorlds.Maps.Maze.HuntAndKillMazeGenerator,FullWidth,Manual,null)" fullname="PlayersWorlds.Maps.Maze.MazeGeneratorTest.IsFillComplete(PlayersWorlds.Maps.Maze.HuntAndKillMazeGenerator,FullWidth,Manual,null)" methodname="IsFillComplete" classname="PlayersWorlds.Maps.Maze.MazeGeneratorTest" runstate="Runnable" seed="763863696" result="Passed" start-time="2024-05-23T05:00:58.5844110Z" end-time="2024-05-23T05:00:58.5856050Z" duration="0.001193" asserts="4" />
                <test-case id="1-1600" name="IsFillComplete(PlayersWorlds.Maps.Maze.HuntAndKillMazeGenerator,FullWidth,Manual,System.Collections.Generic.List`1[PlayersWorlds.Maps.Area])" fullname="PlayersWorlds.Maps.Maze.MazeGeneratorTest.IsFillComplete(PlayersWorlds.Maps.Maze.HuntAndKillMazeGenerator,FullWidth,Manual,System.Collections.Generic.List`1[PlayersWorlds.Maps.Area])" methodname="IsFillComplete" classname="PlayersWorlds.Maps.Maze.MazeGeneratorTest" runstate="Runnable" seed="309040606" result="Passed" start-time="2024-05-23T05:00:58.5856140Z" end-time="2024-05-23T05:00:58.5871920Z" duration="0.001578" asserts="5" />
                <test-case id="1-1601" name="IsFillComplete(PlayersWorlds.Maps.Maze.HuntAndKillMazeGenerator,FullWidth,Manual,System.Collections.Generic.List`1[PlayersWorlds.Maps.Area])" fullname="PlayersWorlds.Maps.Maze.MazeGeneratorTest.IsFillComplete(PlayersWorlds.Maps.Maze.HuntAndKillMazeGenerator,FullWidth,Manual,System.Collections.Generic.List`1[PlayersWorlds.Maps.Area])" methodname="IsFillComplete" classname="PlayersWorlds.Maps.Maze.MazeGeneratorTest" runstate="Runnable" seed="518936193" result="Passed" start-time="2024-05-23T05:00:58.5872030Z" end-time="2024-05-23T05:00:58.5884590Z" duration="0.001256" asserts="5" />
                <test-case id="1-1602" name="IsFillComplete(PlayersWorlds.Maps.Maze.HuntAndKillMazeGenerator,FullWidth,Manual,System.Collections.Generic.List`1[PlayersWorlds.Maps.Area])" fullname="PlayersWorlds.Maps.Maze.MazeGeneratorTest.IsFillComplete(PlayersWorlds.Maps.Maze.HuntAndKillMazeGenerator,FullWidth,Manual,System.Collections.Generic.List`1[PlayersWorlds.Maps.Area])" methodname="IsFillComplete" classname="PlayersWorlds.Maps.Maze.MazeGeneratorTest" runstate="Runnable" seed="1551669436" result="Passed" start-time="2024-05-23T05:00:58.5884700Z" end-time="2024-05-23T05:00:58.5896920Z" duration="0.001222" asserts="5" />
                <test-case id="1-1603" name="IsFillComplete(PlayersWorlds.Maps.Maze.HuntAndKillMazeGenerator,FullWidth,Manual,System.Collections.Generic.List`1[PlayersWorlds.Maps.Area])" fullname="PlayersWorlds.Maps.Maze.MazeGeneratorTest.IsFillComplete(PlayersWorlds.Maps.Maze.HuntAndKillMazeGenerator,FullWidth,Manual,System.Collections.Generic.List`1[PlayersWorlds.Maps.Area])" methodname="IsFillComplete" classname="PlayersWorlds.Maps.Maze.MazeGeneratorTest" runstate="Runnable" seed="548551020" result="Passed" start-time="2024-05-23T05:00:58.5897010Z" end-time="2024-05-23T05:00:58.5917090Z" duration="0.002007" asserts="5" />
                <test-case id="1-1604" name="IsFillComplete(PlayersWorlds.Maps.Maze.HuntAndKillMazeGenerator,FullWidth,Manual,System.Collections.Generic.List`1[PlayersWorlds.Maps.Area])" fullname="PlayersWorlds.Maps.Maze.MazeGeneratorTest.IsFillComplete(PlayersWorlds.Maps.Maze.HuntAndKillMazeGenerator,FullWidth,Manual,System.Collections.Generic.List`1[PlayersWorlds.Maps.Area])" methodname="IsFillComplete" classname="PlayersWorlds.Maps.Maze.MazeGeneratorTest" runstate="Runnable" seed="1402283188" result="Passed" start-time="2024-05-23T05:00:58.5917190Z" end-time="2024-05-23T05:00:58.5944200Z" duration="0.002701" asserts="5" />
                <test-case id="1-1605" name="IsFillComplete(PlayersWorlds.Maps.Maze.HuntAndKillMazeGenerator,FullHeight,Auto,null)" fullname="PlayersWorlds.Maps.Maze.MazeGeneratorTest.IsFillComplete(PlayersWorlds.Maps.Maze.HuntAndKillMazeGenerator,FullHeight,Auto,null)" methodname="IsFillComplete" classname="PlayersWorlds.Maps.Maze.MazeGeneratorTest" runstate="Runnable" seed="859045938" result="Passed" start-time="2024-05-23T05:00:58.5944290Z" end-time="2024-05-23T05:00:58.6002760Z" duration="0.005847" asserts="4" />
                <test-case id="1-1606" name="IsFillComplete(PlayersWorlds.Maps.Maze.HuntAndKillMazeGenerator,FullHeight,Auto,System.Collections.Generic.List`1[PlayersWorlds.Maps.Area])" fullname="PlayersWorlds.Maps.Maze.MazeGeneratorTest.IsFillComplete(PlayersWorlds.Maps.Maze.HuntAndKillMazeGenerator,FullHeight,Auto,System.Collections.Generic.List`1[PlayersWorlds.Maps.Area])" methodname="IsFillComplete" classname="PlayersWorlds.Maps.Maze.MazeGeneratorTest" runstate="Runnable" seed="2048531194" result="Passed" start-time="2024-05-23T05:00:58.6002860Z" end-time="2024-05-23T05:00:58.6019650Z" duration="0.001679" asserts="5" />
                <test-case id="1-1607" name="IsFillComplete(PlayersWorlds.Maps.Maze.HuntAndKillMazeGenerator,FullHeight,Auto,System.Collections.Generic.List`1[PlayersWorlds.Maps.Area])" fullname="PlayersWorlds.Maps.Maze.MazeGeneratorTest.IsFillComplete(PlayersWorlds.Maps.Maze.HuntAndKillMazeGenerator,FullHeight,Auto,System.Collections.Generic.List`1[PlayersWorlds.Maps.Area])" methodname="IsFillComplete" classname="PlayersWorlds.Maps.Maze.MazeGeneratorTest" runstate="Runnable" seed="665175356" result="Passed" start-time="2024-05-23T05:00:58.6019750Z" end-time="2024-05-23T05:00:58.6080530Z" duration="0.006078" asserts="5" />
                <test-case id="1-1608" name="IsFillComplete(PlayersWorlds.Maps.Maze.HuntAndKillMazeGenerator,FullHeight,Auto,System.Collections.Generic.List`1[PlayersWorlds.Maps.Area])" fullname="PlayersWorlds.Maps.Maze.MazeGeneratorTest.IsFillComplete(PlayersWorlds.Maps.Maze.HuntAndKillMazeGenerator,FullHeight,Auto,System.Collections.Generic.List`1[PlayersWorlds.Maps.Area])" methodname="IsFillComplete" classname="PlayersWorlds.Maps.Maze.MazeGeneratorTest" runstate="Runnable" seed="1463810635" result="Passed" start-time="2024-05-23T05:00:58.6080620Z" end-time="2024-05-23T05:00:58.6131780Z" duration="0.005115" asserts="5" />
                <test-case id="1-1609" name="IsFillComplete(PlayersWorlds.Maps.Maze.HuntAndKillMazeGenerator,FullHeight,Auto,System.Collections.Generic.List`1[PlayersWorlds.Maps.Area])" fullname="PlayersWorlds.Maps.Maze.MazeGeneratorTest.IsFillComplete(PlayersWorlds.Maps.Maze.HuntAndKillMazeGenerator,FullHeight,Auto,System.Collections.Generic.List`1[PlayersWorlds.Maps.Area])" methodname="IsFillComplete" classname="PlayersWorlds.Maps.Maze.MazeGeneratorTest" runstate="Runnable" seed="2102438140" result="Passed" start-time="2024-05-23T05:00:58.6131880Z" end-time="2024-05-23T05:00:58.6190350Z" duration="0.005846" asserts="5" />
                <test-case id="1-1610" name="IsFillComplete(PlayersWorlds.Maps.Maze.HuntAndKillMazeGenerator,FullHeight,Auto,System.Collections.Generic.List`1[PlayersWorlds.Maps.Area])" fullname="PlayersWorlds.Maps.Maze.MazeGeneratorTest.IsFillComplete(PlayersWorlds.Maps.Maze.HuntAndKillMazeGenerator,FullHeight,Auto,System.Collections.Generic.List`1[PlayersWorlds.Maps.Area])" methodname="IsFillComplete" classname="PlayersWorlds.Maps.Maze.MazeGeneratorTest" runstate="Runnable" seed="1552306952" result="Passed" start-time="2024-05-23T05:00:58.6190450Z" end-time="2024-05-23T05:00:58.6271960Z" duration="0.008151" asserts="5" />
                <test-case id="1-1611" name="IsFillComplete(PlayersWorlds.Maps.Maze.HuntAndKillMazeGenerator,FullHeight,Manual,null)" fullname="PlayersWorlds.Maps.Maze.MazeGeneratorTest.IsFillComplete(PlayersWorlds.Maps.Maze.HuntAndKillMazeGenerator,FullHeight,Manual,null)" methodname="IsFillComplete" classname="PlayersWorlds.Maps.Maze.MazeGeneratorTest" runstate="Runnable" seed="506564145" result="Passed" start-time="2024-05-23T05:00:58.6272070Z" end-time="2024-05-23T05:00:58.6281770Z" duration="0.000970" asserts="4" />
                <test-case id="1-1612" name="IsFillComplete(PlayersWorlds.Maps.Maze.HuntAndKillMazeGenerator,FullHeight,Manual,System.Collections.Generic.List`1[PlayersWorlds.Maps.Area])" fullname="PlayersWorlds.Maps.Maze.MazeGeneratorTest.IsFillComplete(PlayersWorlds.Maps.Maze.HuntAndKillMazeGenerator,FullHeight,Manual,System.Collections.Generic.List`1[PlayersWorlds.Maps.Area])" methodname="IsFillComplete" classname="PlayersWorlds.Maps.Maze.MazeGeneratorTest" runstate="Runnable" seed="39001405" result="Passed" start-time="2024-05-23T05:00:58.6281890Z" end-time="2024-05-23T05:00:58.6291430Z" duration="0.000954" asserts="5" />
                <test-case id="1-1613" name="IsFillComplete(PlayersWorlds.Maps.Maze.HuntAndKillMazeGenerator,FullHeight,Manual,System.Collections.Generic.List`1[PlayersWorlds.Maps.Area])" fullname="PlayersWorlds.Maps.Maze.MazeGeneratorTest.IsFillComplete(PlayersWorlds.Maps.Maze.HuntAndKillMazeGenerator,FullHeight,Manual,System.Collections.Generic.List`1[PlayersWorlds.Maps.Area])" methodname="IsFillComplete" classname="PlayersWorlds.Maps.Maze.MazeGeneratorTest" runstate="Runnable" seed="1463905087" result="Passed" start-time="2024-05-23T05:00:58.6291520Z" end-time="2024-05-23T05:00:58.6302820Z" duration="0.001130" asserts="5" />
                <test-case id="1-1614" name="IsFillComplete(PlayersWorlds.Maps.Maze.HuntAndKillMazeGenerator,FullHeight,Manual,System.Collections.Generic.List`1[PlayersWorlds.Maps.Area])" fullname="PlayersWorlds.Maps.Maze.MazeGeneratorTest.IsFillComplete(PlayersWorlds.Maps.Maze.HuntAndKillMazeGenerator,FullHeight,Manual,System.Collections.Generic.List`1[PlayersWorlds.Maps.Area])" methodname="IsFillComplete" classname="PlayersWorlds.Maps.Maze.MazeGeneratorTest" runstate="Runnable" seed="546406053" result="Passed" start-time="2024-05-23T05:00:58.6302910Z" end-time="2024-05-23T05:00:58.6315030Z" duration="0.001211" asserts="5" />
                <test-case id="1-1615" name="IsFillComplete(PlayersWorlds.Maps.Maze.HuntAndKillMazeGenerator,FullHeight,Manual,System.Collections.Generic.List`1[PlayersWorlds.Maps.Area])" fullname="PlayersWorlds.Maps.Maze.MazeGeneratorTest.IsFillComplete(PlayersWorlds.Maps.Maze.HuntAndKillMazeGenerator,FullHeight,Manual,System.Collections.Generic.List`1[PlayersWorlds.Maps.Area])" methodname="IsFillComplete" classname="PlayersWorlds.Maps.Maze.MazeGeneratorTest" runstate="Runnable" seed="1814080790" result="Passed" start-time="2024-05-23T05:00:58.6315130Z" end-time="2024-05-23T05:00:58.6339860Z" duration="0.002473" asserts="5" />
                <test-case id="1-1616" name="IsFillComplete(PlayersWorlds.Maps.Maze.HuntAndKillMazeGenerator,FullHeight,Manual,System.Collections.Generic.List`1[PlayersWorlds.Maps.Area])" fullname="PlayersWorlds.Maps.Maze.MazeGeneratorTest.IsFillComplete(PlayersWorlds.Maps.Maze.HuntAndKillMazeGenerator,FullHeight,Manual,System.Collections.Generic.List`1[PlayersWorlds.Maps.Area])" methodname="IsFillComplete" classname="PlayersWorlds.Maps.Maze.MazeGeneratorTest" runstate="Runnable" seed="743268301" result="Passed" start-time="2024-05-23T05:00:58.6339980Z" end-time="2024-05-23T05:00:58.6359620Z" duration="0.001964" asserts="5" />
                <test-case id="1-1617" name="IsFillComplete(PlayersWorlds.Maps.Maze.HuntAndKillMazeGenerator,Full,Auto,null)" fullname="PlayersWorlds.Maps.Maze.MazeGeneratorTest.IsFillComplete(PlayersWorlds.Maps.Maze.HuntAndKillMazeGenerator,Full,Auto,null)" methodname="IsFillComplete" classname="PlayersWorlds.Maps.Maze.MazeGeneratorTest" runstate="Runnable" seed="1132181788" result="Passed" start-time="2024-05-23T05:00:58.6359710Z" end-time="2024-05-23T05:00:58.6417300Z" duration="0.005759" asserts="4" />
                <test-case id="1-1618" name="IsFillComplete(PlayersWorlds.Maps.Maze.HuntAndKillMazeGenerator,Full,Auto,System.Collections.Generic.List`1[PlayersWorlds.Maps.Area])" fullname="PlayersWorlds.Maps.Maze.MazeGeneratorTest.IsFillComplete(PlayersWorlds.Maps.Maze.HuntAndKillMazeGenerator,Full,Auto,System.Collections.Generic.List`1[PlayersWorlds.Maps.Area])" methodname="IsFillComplete" classname="PlayersWorlds.Maps.Maze.MazeGeneratorTest" runstate="Runnable" seed="1673342813" result="Passed" start-time="2024-05-23T05:00:58.6417410Z" end-time="2024-05-23T05:00:58.6467320Z" duration="0.004991" asserts="5" />
                <test-case id="1-1619" name="IsFillComplete(PlayersWorlds.Maps.Maze.HuntAndKillMazeGenerator,Full,Auto,System.Collections.Generic.List`1[PlayersWorlds.Maps.Area])" fullname="PlayersWorlds.Maps.Maze.MazeGeneratorTest.IsFillComplete(PlayersWorlds.Maps.Maze.HuntAndKillMazeGenerator,Full,Auto,System.Collections.Generic.List`1[PlayersWorlds.Maps.Area])" methodname="IsFillComplete" classname="PlayersWorlds.Maps.Maze.MazeGeneratorTest" runstate="Runnable" seed="1027296682" result="Passed" start-time="2024-05-23T05:00:58.6467430Z" end-time="2024-05-23T05:00:58.6579390Z" duration="0.011196" asserts="5" />
                <test-case id="1-1620" name="IsFillComplete(PlayersWorlds.Maps.Maze.HuntAndKillMazeGenerator,Full,Auto,System.Collections.Generic.List`1[PlayersWorlds.Maps.Area])" fullname="PlayersWorlds.Maps.Maze.MazeGeneratorTest.IsFillComplete(PlayersWorlds.Maps.Maze.HuntAndKillMazeGenerator,Full,Auto,System.Collections.Generic.List`1[PlayersWorlds.Maps.Area])" methodname="IsFillComplete" classname="PlayersWorlds.Maps.Maze.MazeGeneratorTest" runstate="Runnable" seed="18094829" result="Passed" start-time="2024-05-23T05:00:58.6579500Z" end-time="2024-05-23T05:00:58.6618410Z" duration="0.003891" asserts="5" />
                <test-case id="1-1621" name="IsFillComplete(PlayersWorlds.Maps.Maze.HuntAndKillMazeGenerator,Full,Auto,System.Collections.Generic.List`1[PlayersWorlds.Maps.Area])" fullname="PlayersWorlds.Maps.Maze.MazeGeneratorTest.IsFillComplete(PlayersWorlds.Maps.Maze.HuntAndKillMazeGenerator,Full,Auto,System.Collections.Generic.List`1[PlayersWorlds.Maps.Area])" methodname="IsFillComplete" classname="PlayersWorlds.Maps.Maze.MazeGeneratorTest" runstate="Runnable" seed="863106574" result="Passed" start-time="2024-05-23T05:00:58.6618510Z" end-time="2024-05-23T05:00:58.6676220Z" duration="0.005771" asserts="5" />
                <test-case id="1-1622" name="IsFillComplete(PlayersWorlds.Maps.Maze.HuntAndKillMazeGenerator,Full,Auto,System.Collections.Generic.List`1[PlayersWorlds.Maps.Area])" fullname="PlayersWorlds.Maps.Maze.MazeGeneratorTest.IsFillComplete(PlayersWorlds.Maps.Maze.HuntAndKillMazeGenerator,Full,Auto,System.Collections.Generic.List`1[PlayersWorlds.Maps.Area])" methodname="IsFillComplete" classname="PlayersWorlds.Maps.Maze.MazeGeneratorTest" runstate="Runnable" seed="1238704667" result="Passed" start-time="2024-05-23T05:00:58.6676330Z" end-time="2024-05-23T05:00:58.6757150Z" duration="0.008082" asserts="5" />
                <test-case id="1-1623" name="IsFillComplete(PlayersWorlds.Maps.Maze.HuntAndKillMazeGenerator,Full,Manual,null)" fullname="PlayersWorlds.Maps.Maze.MazeGeneratorTest.IsFillComplete(PlayersWorlds.Maps.Maze.HuntAndKillMazeGenerator,Full,Manual,null)" methodname="IsFillComplete" classname="PlayersWorlds.Maps.Maze.MazeGeneratorTest" runstate="Runnable" seed="1329679432" result="Passed" start-time="2024-05-23T05:00:58.6757270Z" end-time="2024-05-23T05:00:58.6769910Z" duration="0.001264" asserts="4" />
                <test-case id="1-1624" name="IsFillComplete(PlayersWorlds.Maps.Maze.HuntAndKillMazeGenerator,Full,Manual,System.Collections.Generic.List`1[PlayersWorlds.Maps.Area])" fullname="PlayersWorlds.Maps.Maze.MazeGeneratorTest.IsFillComplete(PlayersWorlds.Maps.Maze.HuntAndKillMazeGenerator,Full,Manual,System.Collections.Generic.List`1[PlayersWorlds.Maps.Area])" methodname="IsFillComplete" classname="PlayersWorlds.Maps.Maze.MazeGeneratorTest" runstate="Runnable" seed="1040448779" result="Passed" start-time="2024-05-23T05:00:58.6770010Z" end-time="2024-05-23T05:00:58.6782720Z" duration="0.001271" asserts="5" />
                <test-case id="1-1625" name="IsFillComplete(PlayersWorlds.Maps.Maze.HuntAndKillMazeGenerator,Full,Manual,System.Collections.Generic.List`1[PlayersWorlds.Maps.Area])" fullname="PlayersWorlds.Maps.Maze.MazeGeneratorTest.IsFillComplete(PlayersWorlds.Maps.Maze.HuntAndKillMazeGenerator,Full,Manual,System.Collections.Generic.List`1[PlayersWorlds.Maps.Area])" methodname="IsFillComplete" classname="PlayersWorlds.Maps.Maze.MazeGeneratorTest" runstate="Runnable" seed="43661669" result="Passed" start-time="2024-05-23T05:00:58.6782810Z" end-time="2024-05-23T05:00:58.6802530Z" duration="0.001972" asserts="5" />
                <test-case id="1-1626" name="IsFillComplete(PlayersWorlds.Maps.Maze.HuntAndKillMazeGenerator,Full,Manual,System.Collections.Generic.List`1[PlayersWorlds.Maps.Area])" fullname="PlayersWorlds.Maps.Maze.MazeGeneratorTest.IsFillComplete(PlayersWorlds.Maps.Maze.HuntAndKillMazeGenerator,Full,Manual,System.Collections.Generic.List`1[PlayersWorlds.Maps.Area])" methodname="IsFillComplete" classname="PlayersWorlds.Maps.Maze.MazeGeneratorTest" runstate="Runnable" seed="599620515" result="Passed" start-time="2024-05-23T05:00:58.6802710Z" end-time="2024-05-23T05:00:58.6818020Z" duration="0.001530" asserts="5" />
                <test-case id="1-1627" name="IsFillComplete(PlayersWorlds.Maps.Maze.HuntAndKillMazeGenerator,Full,Manual,System.Collections.Generic.List`1[PlayersWorlds.Maps.Area])" fullname="PlayersWorlds.Maps.Maze.MazeGeneratorTest.IsFillComplete(PlayersWorlds.Maps.Maze.HuntAndKillMazeGenerator,Full,Manual,System.Collections.Generic.List`1[PlayersWorlds.Maps.Area])" methodname="IsFillComplete" classname="PlayersWorlds.Maps.Maze.MazeGeneratorTest" runstate="Runnable" seed="1958184990" result="Passed" start-time="2024-05-23T05:00:58.6818110Z" end-time="2024-05-23T05:00:58.6840350Z" duration="0.002224" asserts="5" />
                <test-case id="1-1628" name="IsFillComplete(PlayersWorlds.Maps.Maze.HuntAndKillMazeGenerator,Full,Manual,System.Collections.Generic.List`1[PlayersWorlds.Maps.Area])" fullname="PlayersWorlds.Maps.Maze.MazeGeneratorTest.IsFillComplete(PlayersWorlds.Maps.Maze.HuntAndKillMazeGenerator,Full,Manual,System.Collections.Generic.List`1[PlayersWorlds.Maps.Area])" methodname="IsFillComplete" classname="PlayersWorlds.Maps.Maze.MazeGeneratorTest" runstate="Runnable" seed="1368272216" result="Passed" start-time="2024-05-23T05:00:58.6840450Z" end-time="2024-05-23T05:00:58.6862610Z" duration="0.002217" asserts="5" />
                <test-case id="1-1629" name="IsFillComplete(PlayersWorlds.Maps.Maze.RecursiveBacktrackerMazeGenerator,Quarter,Auto,null)" fullname="PlayersWorlds.Maps.Maze.MazeGeneratorTest.IsFillComplete(PlayersWorlds.Maps.Maze.RecursiveBacktrackerMazeGenerator,Quarter,Auto,null)" methodname="IsFillComplete" classname="PlayersWorlds.Maps.Maze.MazeGeneratorTest" runstate="Runnable" seed="318531537" result="Passed" start-time="2024-05-23T05:00:58.6862710Z" end-time="2024-05-23T05:00:58.7055110Z" duration="0.019239" asserts="4" />
                <test-case id="1-1630" name="IsFillComplete(PlayersWorlds.Maps.Maze.RecursiveBacktrackerMazeGenerator,Quarter,Auto,System.Collections.Generic.List`1[PlayersWorlds.Maps.Area])" fullname="PlayersWorlds.Maps.Maze.MazeGeneratorTest.IsFillComplete(PlayersWorlds.Maps.Maze.RecursiveBacktrackerMazeGenerator,Quarter,Auto,System.Collections.Generic.List`1[PlayersWorlds.Maps.Area])" methodname="IsFillComplete" classname="PlayersWorlds.Maps.Maze.MazeGeneratorTest" runstate="Runnable" seed="791482174" result="Passed" start-time="2024-05-23T05:00:58.7055300Z" end-time="2024-05-23T05:00:58.7077380Z" duration="0.002208" asserts="5" />
                <test-case id="1-1631" name="IsFillComplete(PlayersWorlds.Maps.Maze.RecursiveBacktrackerMazeGenerator,Quarter,Auto,System.Collections.Generic.List`1[PlayersWorlds.Maps.Area])" fullname="PlayersWorlds.Maps.Maze.MazeGeneratorTest.IsFillComplete(PlayersWorlds.Maps.Maze.RecursiveBacktrackerMazeGenerator,Quarter,Auto,System.Collections.Generic.List`1[PlayersWorlds.Maps.Area])" methodname="IsFillComplete" classname="PlayersWorlds.Maps.Maze.MazeGeneratorTest" runstate="Runnable" seed="244638942" result="Passed" start-time="2024-05-23T05:00:58.7077480Z" end-time="2024-05-23T05:00:58.7184080Z" duration="0.010660" asserts="5" />
                <test-case id="1-1632" name="IsFillComplete(PlayersWorlds.Maps.Maze.RecursiveBacktrackerMazeGenerator,Quarter,Auto,System.Collections.Generic.List`1[PlayersWorlds.Maps.Area])" fullname="PlayersWorlds.Maps.Maze.MazeGeneratorTest.IsFillComplete(PlayersWorlds.Maps.Maze.RecursiveBacktrackerMazeGenerator,Quarter,Auto,System.Collections.Generic.List`1[PlayersWorlds.Maps.Area])" methodname="IsFillComplete" classname="PlayersWorlds.Maps.Maze.MazeGeneratorTest" runstate="Runnable" seed="1595839854" result="Passed" start-time="2024-05-23T05:00:58.7184190Z" end-time="2024-05-23T05:00:58.7329250Z" duration="0.014506" asserts="5" />
                <test-case id="1-1633" name="IsFillComplete(PlayersWorlds.Maps.Maze.RecursiveBacktrackerMazeGenerator,Quarter,Auto,System.Collections.Generic.List`1[PlayersWorlds.Maps.Area])" fullname="PlayersWorlds.Maps.Maze.MazeGeneratorTest.IsFillComplete(PlayersWorlds.Maps.Maze.RecursiveBacktrackerMazeGenerator,Quarter,Auto,System.Collections.Generic.List`1[PlayersWorlds.Maps.Area])" methodname="IsFillComplete" classname="PlayersWorlds.Maps.Maze.MazeGeneratorTest" runstate="Runnable" seed="1727209184" result="Passed" start-time="2024-05-23T05:00:58.7329440Z" end-time="2024-05-23T05:00:58.7407130Z" duration="0.007769" asserts="5" />
                <test-case id="1-1634" name="IsFillComplete(PlayersWorlds.Maps.Maze.RecursiveBacktrackerMazeGenerator,Quarter,Auto,System.Collections.Generic.List`1[PlayersWorlds.Maps.Area])" fullname="PlayersWorlds.Maps.Maze.MazeGeneratorTest.IsFillComplete(PlayersWorlds.Maps.Maze.RecursiveBacktrackerMazeGenerator,Quarter,Auto,System.Collections.Generic.List`1[PlayersWorlds.Maps.Area])" methodname="IsFillComplete" classname="PlayersWorlds.Maps.Maze.MazeGeneratorTest" runstate="Runnable" seed="1741282823" result="Passed" start-time="2024-05-23T05:00:58.7407250Z" end-time="2024-05-23T05:00:58.7452350Z" duration="0.004510" asserts="5" />
                <test-case id="1-1635" name="IsFillComplete(PlayersWorlds.Maps.Maze.RecursiveBacktrackerMazeGenerator,Quarter,Manual,null)" fullname="PlayersWorlds.Maps.Maze.MazeGeneratorTest.IsFillComplete(PlayersWorlds.Maps.Maze.RecursiveBacktrackerMazeGenerator,Quarter,Manual,null)" methodname="IsFillComplete" classname="PlayersWorlds.Maps.Maze.MazeGeneratorTest" runstate="Runnable" seed="1946189773" result="Passed" start-time="2024-05-23T05:00:58.7452460Z" end-time="2024-05-23T05:00:58.7461320Z" duration="0.000887" asserts="4" />
                <test-case id="1-1636" name="IsFillComplete(PlayersWorlds.Maps.Maze.RecursiveBacktrackerMazeGenerator,Quarter,Manual,System.Collections.Generic.List`1[PlayersWorlds.Maps.Area])" fullname="PlayersWorlds.Maps.Maze.MazeGeneratorTest.IsFillComplete(PlayersWorlds.Maps.Maze.RecursiveBacktrackerMazeGenerator,Quarter,Manual,System.Collections.Generic.List`1[PlayersWorlds.Maps.Area])" methodname="IsFillComplete" classname="PlayersWorlds.Maps.Maze.MazeGeneratorTest" runstate="Runnable" seed="1662851397" result="Passed" start-time="2024-05-23T05:00:58.7461420Z" end-time="2024-05-23T05:00:58.7470770Z" duration="0.000936" asserts="5" />
                <test-case id="1-1637" name="IsFillComplete(PlayersWorlds.Maps.Maze.RecursiveBacktrackerMazeGenerator,Quarter,Manual,System.Collections.Generic.List`1[PlayersWorlds.Maps.Area])" fullname="PlayersWorlds.Maps.Maze.MazeGeneratorTest.IsFillComplete(PlayersWorlds.Maps.Maze.RecursiveBacktrackerMazeGenerator,Quarter,Manual,System.Collections.Generic.List`1[PlayersWorlds.Maps.Area])" methodname="IsFillComplete" classname="PlayersWorlds.Maps.Maze.MazeGeneratorTest" runstate="Runnable" seed="1196532246" result="Passed" start-time="2024-05-23T05:00:58.7470860Z" end-time="2024-05-23T05:00:58.7481650Z" duration="0.001079" asserts="5" />
                <test-case id="1-1638" name="IsFillComplete(PlayersWorlds.Maps.Maze.RecursiveBacktrackerMazeGenerator,Quarter,Manual,System.Collections.Generic.List`1[PlayersWorlds.Maps.Area])" fullname="PlayersWorlds.Maps.Maze.MazeGeneratorTest.IsFillComplete(PlayersWorlds.Maps.Maze.RecursiveBacktrackerMazeGenerator,Quarter,Manual,System.Collections.Generic.List`1[PlayersWorlds.Maps.Area])" methodname="IsFillComplete" classname="PlayersWorlds.Maps.Maze.MazeGeneratorTest" runstate="Runnable" seed="1535948841" result="Passed" start-time="2024-05-23T05:00:58.7481760Z" end-time="2024-05-23T05:00:58.7493260Z" duration="0.001150" asserts="5" />
                <test-case id="1-1639" name="IsFillComplete(PlayersWorlds.Maps.Maze.RecursiveBacktrackerMazeGenerator,Quarter,Manual,System.Collections.Generic.List`1[PlayersWorlds.Maps.Area])" fullname="PlayersWorlds.Maps.Maze.MazeGeneratorTest.IsFillComplete(PlayersWorlds.Maps.Maze.RecursiveBacktrackerMazeGenerator,Quarter,Manual,System.Collections.Generic.List`1[PlayersWorlds.Maps.Area])" methodname="IsFillComplete" classname="PlayersWorlds.Maps.Maze.MazeGeneratorTest" runstate="Runnable" seed="2115522444" result="Passed" start-time="2024-05-23T05:00:58.7493350Z" end-time="2024-05-23T05:00:58.7518660Z" duration="0.002531" asserts="5" />
                <test-case id="1-1640" name="IsFillComplete(PlayersWorlds.Maps.Maze.RecursiveBacktrackerMazeGenerator,Quarter,Manual,System.Collections.Generic.List`1[PlayersWorlds.Maps.Area])" fullname="PlayersWorlds.Maps.Maze.MazeGeneratorTest.IsFillComplete(PlayersWorlds.Maps.Maze.RecursiveBacktrackerMazeGenerator,Quarter,Manual,System.Collections.Generic.List`1[PlayersWorlds.Maps.Area])" methodname="IsFillComplete" classname="PlayersWorlds.Maps.Maze.MazeGeneratorTest" runstate="Runnable" seed="922460252" result="Passed" start-time="2024-05-23T05:00:58.7518770Z" end-time="2024-05-23T05:00:58.7538120Z" duration="0.001934" asserts="5" />
                <test-case id="1-1641" name="IsFillComplete(PlayersWorlds.Maps.Maze.RecursiveBacktrackerMazeGenerator,Half,Auto,null)" fullname="PlayersWorlds.Maps.Maze.MazeGeneratorTest.IsFillComplete(PlayersWorlds.Maps.Maze.RecursiveBacktrackerMazeGenerator,Half,Auto,null)" methodname="IsFillComplete" classname="PlayersWorlds.Maps.Maze.MazeGeneratorTest" runstate="Runnable" seed="1818603861" result="Passed" start-time="2024-05-23T05:00:58.7538220Z" end-time="2024-05-23T05:00:58.7588270Z" duration="0.005005" asserts="4" />
                <test-case id="1-1642" name="IsFillComplete(PlayersWorlds.Maps.Maze.RecursiveBacktrackerMazeGenerator,Half,Auto,System.Collections.Generic.List`1[PlayersWorlds.Maps.Area])" fullname="PlayersWorlds.Maps.Maze.MazeGeneratorTest.IsFillComplete(PlayersWorlds.Maps.Maze.RecursiveBacktrackerMazeGenerator,Half,Auto,System.Collections.Generic.List`1[PlayersWorlds.Maps.Area])" methodname="IsFillComplete" classname="PlayersWorlds.Maps.Maze.MazeGeneratorTest" runstate="Runnable" seed="875795680" result="Passed" start-time="2024-05-23T05:00:58.7588370Z" end-time="2024-05-23T05:00:58.7627970Z" duration="0.003960" asserts="5" />
                <test-case id="1-1643" name="IsFillComplete(PlayersWorlds.Maps.Maze.RecursiveBacktrackerMazeGenerator,Half,Auto,System.Collections.Generic.List`1[PlayersWorlds.Maps.Area])" fullname="PlayersWorlds.Maps.Maze.MazeGeneratorTest.IsFillComplete(PlayersWorlds.Maps.Maze.RecursiveBacktrackerMazeGenerator,Half,Auto,System.Collections.Generic.List`1[PlayersWorlds.Maps.Area])" methodname="IsFillComplete" classname="PlayersWorlds.Maps.Maze.MazeGeneratorTest" runstate="Runnable" seed="2009202603" result="Passed" start-time="2024-05-23T05:00:58.7628080Z" end-time="2024-05-23T05:00:58.7714710Z" duration="0.008663" asserts="5" />
                <test-case id="1-1644" name="IsFillComplete(PlayersWorlds.Maps.Maze.RecursiveBacktrackerMazeGenerator,Half,Auto,System.Collections.Generic.List`1[PlayersWorlds.Maps.Area])" fullname="PlayersWorlds.Maps.Maze.MazeGeneratorTest.IsFillComplete(PlayersWorlds.Maps.Maze.RecursiveBacktrackerMazeGenerator,Half,Auto,System.Collections.Generic.List`1[PlayersWorlds.Maps.Area])" methodname="IsFillComplete" classname="PlayersWorlds.Maps.Maze.MazeGeneratorTest" runstate="Runnable" seed="100163737" result="Passed" start-time="2024-05-23T05:00:58.7714810Z" end-time="2024-05-23T05:00:58.7798140Z" duration="0.008332" asserts="5" />
                <test-case id="1-1645" name="IsFillComplete(PlayersWorlds.Maps.Maze.RecursiveBacktrackerMazeGenerator,Half,Auto,System.Collections.Generic.List`1[PlayersWorlds.Maps.Area])" fullname="PlayersWorlds.Maps.Maze.MazeGeneratorTest.IsFillComplete(PlayersWorlds.Maps.Maze.RecursiveBacktrackerMazeGenerator,Half,Auto,System.Collections.Generic.List`1[PlayersWorlds.Maps.Area])" methodname="IsFillComplete" classname="PlayersWorlds.Maps.Maze.MazeGeneratorTest" runstate="Runnable" seed="1749822313" result="Passed" start-time="2024-05-23T05:00:58.7798250Z" end-time="2024-05-23T05:00:58.7880420Z" duration="0.008217" asserts="5" />
                <test-case id="1-1646" name="IsFillComplete(PlayersWorlds.Maps.Maze.RecursiveBacktrackerMazeGenerator,Half,Auto,System.Collections.Generic.List`1[PlayersWorlds.Maps.Area])" fullname="PlayersWorlds.Maps.Maze.MazeGeneratorTest.IsFillComplete(PlayersWorlds.Maps.Maze.RecursiveBacktrackerMazeGenerator,Half,Auto,System.Collections.Generic.List`1[PlayersWorlds.Maps.Area])" methodname="IsFillComplete" classname="PlayersWorlds.Maps.Maze.MazeGeneratorTest" runstate="Runnable" seed="1916467763" result="Passed" start-time="2024-05-23T05:00:58.7880520Z" end-time="2024-05-23T05:00:58.7974560Z" duration="0.009404" asserts="5" />
                <test-case id="1-1647" name="IsFillComplete(PlayersWorlds.Maps.Maze.RecursiveBacktrackerMazeGenerator,Half,Manual,null)" fullname="PlayersWorlds.Maps.Maze.MazeGeneratorTest.IsFillComplete(PlayersWorlds.Maps.Maze.RecursiveBacktrackerMazeGenerator,Half,Manual,null)" methodname="IsFillComplete" classname="PlayersWorlds.Maps.Maze.MazeGeneratorTest" runstate="Runnable" seed="2057572734" result="Passed" start-time="2024-05-23T05:00:58.7974660Z" end-time="2024-05-23T05:00:58.7985150Z" duration="0.001049" asserts="4" />
                <test-case id="1-1648" name="IsFillComplete(PlayersWorlds.Maps.Maze.RecursiveBacktrackerMazeGenerator,Half,Manual,System.Collections.Generic.List`1[PlayersWorlds.Maps.Area])" fullname="PlayersWorlds.Maps.Maze.MazeGeneratorTest.IsFillComplete(PlayersWorlds.Maps.Maze.RecursiveBacktrackerMazeGenerator,Half,Manual,System.Collections.Generic.List`1[PlayersWorlds.Maps.Area])" methodname="IsFillComplete" classname="PlayersWorlds.Maps.Maze.MazeGeneratorTest" runstate="Runnable" seed="1216587588" result="Passed" start-time="2024-05-23T05:00:58.7985250Z" end-time="2024-05-23T05:00:58.7994770Z" duration="0.000952" asserts="5" />
                <test-case id="1-1649" name="IsFillComplete(PlayersWorlds.Maps.Maze.RecursiveBacktrackerMazeGenerator,Half,Manual,System.Collections.Generic.List`1[PlayersWorlds.Maps.Area])" fullname="PlayersWorlds.Maps.Maze.MazeGeneratorTest.IsFillComplete(PlayersWorlds.Maps.Maze.RecursiveBacktrackerMazeGenerator,Half,Manual,System.Collections.Generic.List`1[PlayersWorlds.Maps.Area])" methodname="IsFillComplete" classname="PlayersWorlds.Maps.Maze.MazeGeneratorTest" runstate="Runnable" seed="848918169" result="Passed" start-time="2024-05-23T05:00:58.7994850Z" end-time="2024-05-23T05:00:58.8007190Z" duration="0.001234" asserts="5" />
                <test-case id="1-1650" name="IsFillComplete(PlayersWorlds.Maps.Maze.RecursiveBacktrackerMazeGenerator,Half,Manual,System.Collections.Generic.List`1[PlayersWorlds.Maps.Area])" fullname="PlayersWorlds.Maps.Maze.MazeGeneratorTest.IsFillComplete(PlayersWorlds.Maps.Maze.RecursiveBacktrackerMazeGenerator,Half,Manual,System.Collections.Generic.List`1[PlayersWorlds.Maps.Area])" methodname="IsFillComplete" classname="PlayersWorlds.Maps.Maze.MazeGeneratorTest" runstate="Runnable" seed="1765967925" result="Passed" start-time="2024-05-23T05:00:58.8007290Z" end-time="2024-05-23T05:00:58.8020410Z" duration="0.001312" asserts="5" />
                <test-case id="1-1651" name="IsFillComplete(PlayersWorlds.Maps.Maze.RecursiveBacktrackerMazeGenerator,Half,Manual,System.Collections.Generic.List`1[PlayersWorlds.Maps.Area])" fullname="PlayersWorlds.Maps.Maze.MazeGeneratorTest.IsFillComplete(PlayersWorlds.Maps.Maze.RecursiveBacktrackerMazeGenerator,Half,Manual,System.Collections.Generic.List`1[PlayersWorlds.Maps.Area])" methodname="IsFillComplete" classname="PlayersWorlds.Maps.Maze.MazeGeneratorTest" runstate="Runnable" seed="1669941731" result="Passed" start-time="2024-05-23T05:00:58.8020500Z" end-time="2024-05-23T05:00:58.8040080Z" duration="0.001958" asserts="5" />
                <test-case id="1-1652" name="IsFillComplete(PlayersWorlds.Maps.Maze.RecursiveBacktrackerMazeGenerator,Half,Manual,System.Collections.Generic.List`1[PlayersWorlds.Maps.Area])" fullname="PlayersWorlds.Maps.Maze.MazeGeneratorTest.IsFillComplete(PlayersWorlds.Maps.Maze.RecursiveBacktrackerMazeGenerator,Half,Manual,System.Collections.Generic.List`1[PlayersWorlds.Maps.Area])" methodname="IsFillComplete" classname="PlayersWorlds.Maps.Maze.MazeGeneratorTest" runstate="Runnable" seed="1893824028" result="Passed" start-time="2024-05-23T05:00:58.8040190Z" end-time="2024-05-23T05:00:58.8064950Z" duration="0.002477" asserts="5" />
                <test-case id="1-1653" name="IsFillComplete(PlayersWorlds.Maps.Maze.RecursiveBacktrackerMazeGenerator,ThreeQuarters,Auto,null)" fullname="PlayersWorlds.Maps.Maze.MazeGeneratorTest.IsFillComplete(PlayersWorlds.Maps.Maze.RecursiveBacktrackerMazeGenerator,ThreeQuarters,Auto,null)" methodname="IsFillComplete" classname="PlayersWorlds.Maps.Maze.MazeGeneratorTest" runstate="Runnable" seed="1839010524" result="Passed" start-time="2024-05-23T05:00:58.8065060Z" end-time="2024-05-23T05:00:58.8084480Z" duration="0.001942" asserts="4" />
                <test-case id="1-1654" name="IsFillComplete(PlayersWorlds.Maps.Maze.RecursiveBacktrackerMazeGenerator,ThreeQuarters,Auto,System.Collections.Generic.List`1[PlayersWorlds.Maps.Area])" fullname="PlayersWorlds.Maps.Maze.MazeGeneratorTest.IsFillComplete(PlayersWorlds.Maps.Maze.RecursiveBacktrackerMazeGenerator,ThreeQuarters,Auto,System.Collections.Generic.List`1[PlayersWorlds.Maps.Area])" methodname="IsFillComplete" classname="PlayersWorlds.Maps.Maze.MazeGeneratorTest" runstate="Runnable" seed="745768867" result="Passed" start-time="2024-05-23T05:00:58.8084580Z" end-time="2024-05-23T05:00:58.8110160Z" duration="0.002558" asserts="5" />
                <test-case id="1-1655" name="IsFillComplete(PlayersWorlds.Maps.Maze.RecursiveBacktrackerMazeGenerator,ThreeQuarters,Auto,System.Collections.Generic.List`1[PlayersWorlds.Maps.Area])" fullname="PlayersWorlds.Maps.Maze.MazeGeneratorTest.IsFillComplete(PlayersWorlds.Maps.Maze.RecursiveBacktrackerMazeGenerator,ThreeQuarters,Auto,System.Collections.Generic.List`1[PlayersWorlds.Maps.Area])" methodname="IsFillComplete" classname="PlayersWorlds.Maps.Maze.MazeGeneratorTest" runstate="Runnable" seed="1593417679" result="Passed" start-time="2024-05-23T05:00:58.8114960Z" end-time="2024-05-23T05:00:58.8172850Z" duration="0.005790" asserts="5" />
                <test-case id="1-1656" name="IsFillComplete(PlayersWorlds.Maps.Maze.RecursiveBacktrackerMazeGenerator,ThreeQuarters,Auto,System.Collections.Generic.List`1[PlayersWorlds.Maps.Area])" fullname="PlayersWorlds.Maps.Maze.MazeGeneratorTest.IsFillComplete(PlayersWorlds.Maps.Maze.RecursiveBacktrackerMazeGenerator,ThreeQuarters,Auto,System.Collections.Generic.List`1[PlayersWorlds.Maps.Area])" methodname="IsFillComplete" classname="PlayersWorlds.Maps.Maze.MazeGeneratorTest" runstate="Runnable" seed="1427715173" result="Passed" start-time="2024-05-23T05:00:58.8172960Z" end-time="2024-05-23T05:00:58.8231080Z" duration="0.005812" asserts="5" />
                <test-case id="1-1657" name="IsFillComplete(PlayersWorlds.Maps.Maze.RecursiveBacktrackerMazeGenerator,ThreeQuarters,Auto,System.Collections.Generic.List`1[PlayersWorlds.Maps.Area])" fullname="PlayersWorlds.Maps.Maze.MazeGeneratorTest.IsFillComplete(PlayersWorlds.Maps.Maze.RecursiveBacktrackerMazeGenerator,ThreeQuarters,Auto,System.Collections.Generic.List`1[PlayersWorlds.Maps.Area])" methodname="IsFillComplete" classname="PlayersWorlds.Maps.Maze.MazeGeneratorTest" runstate="Runnable" seed="221990004" result="Passed" start-time="2024-05-23T05:00:58.8231180Z" end-time="2024-05-23T05:00:58.8292010Z" duration="0.006083" asserts="5" />
                <test-case id="1-1658" name="IsFillComplete(PlayersWorlds.Maps.Maze.RecursiveBacktrackerMazeGenerator,ThreeQuarters,Auto,System.Collections.Generic.List`1[PlayersWorlds.Maps.Area])" fullname="PlayersWorlds.Maps.Maze.MazeGeneratorTest.IsFillComplete(PlayersWorlds.Maps.Maze.RecursiveBacktrackerMazeGenerator,ThreeQuarters,Auto,System.Collections.Generic.List`1[PlayersWorlds.Maps.Area])" methodname="IsFillComplete" classname="PlayersWorlds.Maps.Maze.MazeGeneratorTest" runstate="Runnable" seed="1655585888" result="Passed" start-time="2024-05-23T05:00:58.8292120Z" end-time="2024-05-23T05:00:58.8376980Z" duration="0.008486" asserts="5" />
                <test-case id="1-1659" name="IsFillComplete(PlayersWorlds.Maps.Maze.RecursiveBacktrackerMazeGenerator,ThreeQuarters,Manual,null)" fullname="PlayersWorlds.Maps.Maze.MazeGeneratorTest.IsFillComplete(PlayersWorlds.Maps.Maze.RecursiveBacktrackerMazeGenerator,ThreeQuarters,Manual,null)" methodname="IsFillComplete" classname="PlayersWorlds.Maps.Maze.MazeGeneratorTest" runstate="Runnable" seed="1358621519" result="Passed" start-time="2024-05-23T05:00:58.8377170Z" end-time="2024-05-23T05:00:58.8388740Z" duration="0.001157" asserts="4" />
                <test-case id="1-1660" name="IsFillComplete(PlayersWorlds.Maps.Maze.RecursiveBacktrackerMazeGenerator,ThreeQuarters,Manual,System.Collections.Generic.List`1[PlayersWorlds.Maps.Area])" fullname="PlayersWorlds.Maps.Maze.MazeGeneratorTest.IsFillComplete(PlayersWorlds.Maps.Maze.RecursiveBacktrackerMazeGenerator,ThreeQuarters,Manual,System.Collections.Generic.List`1[PlayersWorlds.Maps.Area])" methodname="IsFillComplete" classname="PlayersWorlds.Maps.Maze.MazeGeneratorTest" runstate="Runnable" seed="259425423" result="Passed" start-time="2024-05-23T05:00:58.8388840Z" end-time="2024-05-23T05:00:58.8400440Z" duration="0.001160" asserts="5" />
                <test-case id="1-1661" name="IsFillComplete(PlayersWorlds.Maps.Maze.RecursiveBacktrackerMazeGenerator,ThreeQuarters,Manual,System.Collections.Generic.List`1[PlayersWorlds.Maps.Area])" fullname="PlayersWorlds.Maps.Maze.MazeGeneratorTest.IsFillComplete(PlayersWorlds.Maps.Maze.RecursiveBacktrackerMazeGenerator,ThreeQuarters,Manual,System.Collections.Generic.List`1[PlayersWorlds.Maps.Area])" methodname="IsFillComplete" classname="PlayersWorlds.Maps.Maze.MazeGeneratorTest" runstate="Runnable" seed="90346204" result="Passed" start-time="2024-05-23T05:00:58.8400530Z" end-time="2024-05-23T05:00:58.8414070Z" duration="0.001355" asserts="5" />
                <test-case id="1-1662" name="IsFillComplete(PlayersWorlds.Maps.Maze.RecursiveBacktrackerMazeGenerator,ThreeQuarters,Manual,System.Collections.Generic.List`1[PlayersWorlds.Maps.Area])" fullname="PlayersWorlds.Maps.Maze.MazeGeneratorTest.IsFillComplete(PlayersWorlds.Maps.Maze.RecursiveBacktrackerMazeGenerator,ThreeQuarters,Manual,System.Collections.Generic.List`1[PlayersWorlds.Maps.Area])" methodname="IsFillComplete" classname="PlayersWorlds.Maps.Maze.MazeGeneratorTest" runstate="Runnable" seed="1444386787" result="Passed" start-time="2024-05-23T05:00:58.8414170Z" end-time="2024-05-23T05:00:58.8433820Z" duration="0.001965" asserts="5" />
                <test-case id="1-1663" name="IsFillComplete(PlayersWorlds.Maps.Maze.RecursiveBacktrackerMazeGenerator,ThreeQuarters,Manual,System.Collections.Generic.List`1[PlayersWorlds.Maps.Area])" fullname="PlayersWorlds.Maps.Maze.MazeGeneratorTest.IsFillComplete(PlayersWorlds.Maps.Maze.RecursiveBacktrackerMazeGenerator,ThreeQuarters,Manual,System.Collections.Generic.List`1[PlayersWorlds.Maps.Area])" methodname="IsFillComplete" classname="PlayersWorlds.Maps.Maze.MazeGeneratorTest" runstate="Runnable" seed="1145279098" result="Passed" start-time="2024-05-23T05:00:58.8433940Z" end-time="2024-05-23T05:00:58.8453970Z" duration="0.002003" asserts="5" />
                <test-case id="1-1664" name="IsFillComplete(PlayersWorlds.Maps.Maze.RecursiveBacktrackerMazeGenerator,ThreeQuarters,Manual,System.Collections.Generic.List`1[PlayersWorlds.Maps.Area])" fullname="PlayersWorlds.Maps.Maze.MazeGeneratorTest.IsFillComplete(PlayersWorlds.Maps.Maze.RecursiveBacktrackerMazeGenerator,ThreeQuarters,Manual,System.Collections.Generic.List`1[PlayersWorlds.Maps.Area])" methodname="IsFillComplete" classname="PlayersWorlds.Maps.Maze.MazeGeneratorTest" runstate="Runnable" seed="1310955966" result="Passed" start-time="2024-05-23T05:00:58.8454070Z" end-time="2024-05-23T05:00:58.8474730Z" duration="0.002066" asserts="5" />
                <test-case id="1-1665" name="IsFillComplete(PlayersWorlds.Maps.Maze.RecursiveBacktrackerMazeGenerator,NinetyPercent,Auto,null)" fullname="PlayersWorlds.Maps.Maze.MazeGeneratorTest.IsFillComplete(PlayersWorlds.Maps.Maze.RecursiveBacktrackerMazeGenerator,NinetyPercent,Auto,null)" methodname="IsFillComplete" classname="PlayersWorlds.Maps.Maze.MazeGeneratorTest" runstate="Runnable" seed="1307668010" result="Passed" start-time="2024-05-23T05:00:58.8474830Z" end-time="2024-05-23T05:00:58.8517840Z" duration="0.004301" asserts="4" />
                <test-case id="1-1666" name="IsFillComplete(PlayersWorlds.Maps.Maze.RecursiveBacktrackerMazeGenerator,NinetyPercent,Auto,System.Collections.Generic.List`1[PlayersWorlds.Maps.Area])" fullname="PlayersWorlds.Maps.Maze.MazeGeneratorTest.IsFillComplete(PlayersWorlds.Maps.Maze.RecursiveBacktrackerMazeGenerator,NinetyPercent,Auto,System.Collections.Generic.List`1[PlayersWorlds.Maps.Area])" methodname="IsFillComplete" classname="PlayersWorlds.Maps.Maze.MazeGeneratorTest" runstate="Runnable" seed="1058207938" result="Passed" start-time="2024-05-23T05:00:58.8517950Z" end-time="2024-05-23T05:00:58.8605100Z" duration="0.008715" asserts="5" />
                <test-case id="1-1667" name="IsFillComplete(PlayersWorlds.Maps.Maze.RecursiveBacktrackerMazeGenerator,NinetyPercent,Auto,System.Collections.Generic.List`1[PlayersWorlds.Maps.Area])" fullname="PlayersWorlds.Maps.Maze.MazeGeneratorTest.IsFillComplete(PlayersWorlds.Maps.Maze.RecursiveBacktrackerMazeGenerator,NinetyPercent,Auto,System.Collections.Generic.List`1[PlayersWorlds.Maps.Area])" methodname="IsFillComplete" classname="PlayersWorlds.Maps.Maze.MazeGeneratorTest" runstate="Runnable" seed="459275868" result="Passed" start-time="2024-05-23T05:00:58.8605200Z" end-time="2024-05-23T05:00:58.8691910Z" duration="0.008670" asserts="5" />
                <test-case id="1-1668" name="IsFillComplete(PlayersWorlds.Maps.Maze.RecursiveBacktrackerMazeGenerator,NinetyPercent,Auto,System.Collections.Generic.List`1[PlayersWorlds.Maps.Area])" fullname="PlayersWorlds.Maps.Maze.MazeGeneratorTest.IsFillComplete(PlayersWorlds.Maps.Maze.RecursiveBacktrackerMazeGenerator,NinetyPercent,Auto,System.Collections.Generic.List`1[PlayersWorlds.Maps.Area])" methodname="IsFillComplete" classname="PlayersWorlds.Maps.Maze.MazeGeneratorTest" runstate="Runnable" seed="1870105911" result="Passed" start-time="2024-05-23T05:00:58.8692020Z" end-time="2024-05-23T05:00:58.8736820Z" duration="0.004480" asserts="5" />
                <test-case id="1-1669" name="IsFillComplete(PlayersWorlds.Maps.Maze.RecursiveBacktrackerMazeGenerator,NinetyPercent,Auto,System.Collections.Generic.List`1[PlayersWorlds.Maps.Area])" fullname="PlayersWorlds.Maps.Maze.MazeGeneratorTest.IsFillComplete(PlayersWorlds.Maps.Maze.RecursiveBacktrackerMazeGenerator,NinetyPercent,Auto,System.Collections.Generic.List`1[PlayersWorlds.Maps.Area])" methodname="IsFillComplete" classname="PlayersWorlds.Maps.Maze.MazeGeneratorTest" runstate="Runnable" seed="747699927" result="Passed" start-time="2024-05-23T05:00:58.8736920Z" end-time="2024-05-23T05:00:58.8822670Z" duration="0.008575" asserts="5" />
                <test-case id="1-1670" name="IsFillComplete(PlayersWorlds.Maps.Maze.RecursiveBacktrackerMazeGenerator,NinetyPercent,Auto,System.Collections.Generic.List`1[PlayersWorlds.Maps.Area])" fullname="PlayersWorlds.Maps.Maze.MazeGeneratorTest.IsFillComplete(PlayersWorlds.Maps.Maze.RecursiveBacktrackerMazeGenerator,NinetyPercent,Auto,System.Collections.Generic.List`1[PlayersWorlds.Maps.Area])" methodname="IsFillComplete" classname="PlayersWorlds.Maps.Maze.MazeGeneratorTest" runstate="Runnable" seed="151229393" result="Passed" start-time="2024-05-23T05:00:58.8822780Z" end-time="2024-05-23T05:00:58.8905860Z" duration="0.008308" asserts="5" />
                <test-case id="1-1671" name="IsFillComplete(PlayersWorlds.Maps.Maze.RecursiveBacktrackerMazeGenerator,NinetyPercent,Manual,null)" fullname="PlayersWorlds.Maps.Maze.MazeGeneratorTest.IsFillComplete(PlayersWorlds.Maps.Maze.RecursiveBacktrackerMazeGenerator,NinetyPercent,Manual,null)" methodname="IsFillComplete" classname="PlayersWorlds.Maps.Maze.MazeGeneratorTest" runstate="Runnable" seed="1694219702" result="Passed" start-time="2024-05-23T05:00:58.8905960Z" end-time="2024-05-23T05:00:58.8916730Z" duration="0.001077" asserts="4" />
                <test-case id="1-1672" name="IsFillComplete(PlayersWorlds.Maps.Maze.RecursiveBacktrackerMazeGenerator,NinetyPercent,Manual,System.Collections.Generic.List`1[PlayersWorlds.Maps.Area])" fullname="PlayersWorlds.Maps.Maze.MazeGeneratorTest.IsFillComplete(PlayersWorlds.Maps.Maze.RecursiveBacktrackerMazeGenerator,NinetyPercent,Manual,System.Collections.Generic.List`1[PlayersWorlds.Maps.Area])" methodname="IsFillComplete" classname="PlayersWorlds.Maps.Maze.MazeGeneratorTest" runstate="Runnable" seed="1743716594" result="Passed" start-time="2024-05-23T05:00:58.8916820Z" end-time="2024-05-23T05:00:58.8927530Z" duration="0.001071" asserts="5" />
                <test-case id="1-1673" name="IsFillComplete(PlayersWorlds.Maps.Maze.RecursiveBacktrackerMazeGenerator,NinetyPercent,Manual,System.Collections.Generic.List`1[PlayersWorlds.Maps.Area])" fullname="PlayersWorlds.Maps.Maze.MazeGeneratorTest.IsFillComplete(PlayersWorlds.Maps.Maze.RecursiveBacktrackerMazeGenerator,NinetyPercent,Manual,System.Collections.Generic.List`1[PlayersWorlds.Maps.Area])" methodname="IsFillComplete" classname="PlayersWorlds.Maps.Maze.MazeGeneratorTest" runstate="Runnable" seed="1705304016" result="Passed" start-time="2024-05-23T05:00:58.8927620Z" end-time="2024-05-23T05:00:58.8941610Z" duration="0.001399" asserts="5" />
                <test-case id="1-1674" name="IsFillComplete(PlayersWorlds.Maps.Maze.RecursiveBacktrackerMazeGenerator,NinetyPercent,Manual,System.Collections.Generic.List`1[PlayersWorlds.Maps.Area])" fullname="PlayersWorlds.Maps.Maze.MazeGeneratorTest.IsFillComplete(PlayersWorlds.Maps.Maze.RecursiveBacktrackerMazeGenerator,NinetyPercent,Manual,System.Collections.Generic.List`1[PlayersWorlds.Maps.Area])" methodname="IsFillComplete" classname="PlayersWorlds.Maps.Maze.MazeGeneratorTest" runstate="Runnable" seed="104836430" result="Passed" start-time="2024-05-23T05:00:58.8941710Z" end-time="2024-05-23T05:00:58.8961910Z" duration="0.002020" asserts="5" />
                <test-case id="1-1675" name="IsFillComplete(PlayersWorlds.Maps.Maze.RecursiveBacktrackerMazeGenerator,NinetyPercent,Manual,System.Collections.Generic.List`1[PlayersWorlds.Maps.Area])" fullname="PlayersWorlds.Maps.Maze.MazeGeneratorTest.IsFillComplete(PlayersWorlds.Maps.Maze.RecursiveBacktrackerMazeGenerator,NinetyPercent,Manual,System.Collections.Generic.List`1[PlayersWorlds.Maps.Area])" methodname="IsFillComplete" classname="PlayersWorlds.Maps.Maze.MazeGeneratorTest" runstate="Runnable" seed="346974615" result="Passed" start-time="2024-05-23T05:00:58.8962000Z" end-time="2024-05-23T05:00:58.8984440Z" duration="0.002244" asserts="5" />
                <test-case id="1-1676" name="IsFillComplete(PlayersWorlds.Maps.Maze.RecursiveBacktrackerMazeGenerator,NinetyPercent,Manual,System.Collections.Generic.List`1[PlayersWorlds.Maps.Area])" fullname="PlayersWorlds.Maps.Maze.MazeGeneratorTest.IsFillComplete(PlayersWorlds.Maps.Maze.RecursiveBacktrackerMazeGenerator,NinetyPercent,Manual,System.Collections.Generic.List`1[PlayersWorlds.Maps.Area])" methodname="IsFillComplete" classname="PlayersWorlds.Maps.Maze.MazeGeneratorTest" runstate="Runnable" seed="2134794541" result="Passed" start-time="2024-05-23T05:00:58.8984540Z" end-time="2024-05-23T05:00:58.9007390Z" duration="0.002284" asserts="5" />
                <test-case id="1-1677" name="IsFillComplete(PlayersWorlds.Maps.Maze.RecursiveBacktrackerMazeGenerator,FullWidth,Auto,null)" fullname="PlayersWorlds.Maps.Maze.MazeGeneratorTest.IsFillComplete(PlayersWorlds.Maps.Maze.RecursiveBacktrackerMazeGenerator,FullWidth,Auto,null)" methodname="IsFillComplete" classname="PlayersWorlds.Maps.Maze.MazeGeneratorTest" runstate="Runnable" seed="1376985711" result="Passed" start-time="2024-05-23T05:00:58.9007480Z" end-time="2024-05-23T05:00:58.9040010Z" duration="0.003253" asserts="4" />
                <test-case id="1-1678" name="IsFillComplete(PlayersWorlds.Maps.Maze.RecursiveBacktrackerMazeGenerator,FullWidth,Auto,System.Collections.Generic.List`1[PlayersWorlds.Maps.Area])" fullname="PlayersWorlds.Maps.Maze.MazeGeneratorTest.IsFillComplete(PlayersWorlds.Maps.Maze.RecursiveBacktrackerMazeGenerator,FullWidth,Auto,System.Collections.Generic.List`1[PlayersWorlds.Maps.Area])" methodname="IsFillComplete" classname="PlayersWorlds.Maps.Maze.MazeGeneratorTest" runstate="Runnable" seed="1229515695" result="Passed" start-time="2024-05-23T05:00:58.9040130Z" end-time="2024-05-23T05:00:58.9092830Z" duration="0.005270" asserts="5" />
                <test-case id="1-1679" name="IsFillComplete(PlayersWorlds.Maps.Maze.RecursiveBacktrackerMazeGenerator,FullWidth,Auto,System.Collections.Generic.List`1[PlayersWorlds.Maps.Area])" fullname="PlayersWorlds.Maps.Maze.MazeGeneratorTest.IsFillComplete(PlayersWorlds.Maps.Maze.RecursiveBacktrackerMazeGenerator,FullWidth,Auto,System.Collections.Generic.List`1[PlayersWorlds.Maps.Area])" methodname="IsFillComplete" classname="PlayersWorlds.Maps.Maze.MazeGeneratorTest" runstate="Runnable" seed="1438110113" result="Passed" start-time="2024-05-23T05:00:58.9092930Z" end-time="2024-05-23T05:00:58.9141140Z" duration="0.004822" asserts="5" />
                <test-case id="1-1680" name="IsFillComplete(PlayersWorlds.Maps.Maze.RecursiveBacktrackerMazeGenerator,FullWidth,Auto,System.Collections.Generic.List`1[PlayersWorlds.Maps.Area])" fullname="PlayersWorlds.Maps.Maze.MazeGeneratorTest.IsFillComplete(PlayersWorlds.Maps.Maze.RecursiveBacktrackerMazeGenerator,FullWidth,Auto,System.Collections.Generic.List`1[PlayersWorlds.Maps.Area])" methodname="IsFillComplete" classname="PlayersWorlds.Maps.Maze.MazeGeneratorTest" runstate="Runnable" seed="274677553" result="Passed" start-time="2024-05-23T05:00:58.9141270Z" end-time="2024-05-23T05:00:58.9221490Z" duration="0.008022" asserts="5" />
                <test-case id="1-1681" name="IsFillComplete(PlayersWorlds.Maps.Maze.RecursiveBacktrackerMazeGenerator,FullWidth,Auto,System.Collections.Generic.List`1[PlayersWorlds.Maps.Area])" fullname="PlayersWorlds.Maps.Maze.MazeGeneratorTest.IsFillComplete(PlayersWorlds.Maps.Maze.RecursiveBacktrackerMazeGenerator,FullWidth,Auto,System.Collections.Generic.List`1[PlayersWorlds.Maps.Area])" methodname="IsFillComplete" classname="PlayersWorlds.Maps.Maze.MazeGeneratorTest" runstate="Runnable" seed="689531428" result="Passed" start-time="2024-05-23T05:00:58.9221600Z" end-time="2024-05-23T05:00:58.9328200Z" duration="0.010660" asserts="5" />
                <test-case id="1-1682" name="IsFillComplete(PlayersWorlds.Maps.Maze.RecursiveBacktrackerMazeGenerator,FullWidth,Auto,System.Collections.Generic.List`1[PlayersWorlds.Maps.Area])" fullname="PlayersWorlds.Maps.Maze.MazeGeneratorTest.IsFillComplete(PlayersWorlds.Maps.Maze.RecursiveBacktrackerMazeGenerator,FullWidth,Auto,System.Collections.Generic.List`1[PlayersWorlds.Maps.Area])" methodname="IsFillComplete" classname="PlayersWorlds.Maps.Maze.MazeGeneratorTest" runstate="Runnable" seed="741597402" result="Passed" start-time="2024-05-23T05:00:58.9328310Z" end-time="2024-05-23T05:00:58.9412600Z" duration="0.008429" asserts="5" />
                <test-case id="1-1683" name="IsFillComplete(PlayersWorlds.Maps.Maze.RecursiveBacktrackerMazeGenerator,FullWidth,Manual,null)" fullname="PlayersWorlds.Maps.Maze.MazeGeneratorTest.IsFillComplete(PlayersWorlds.Maps.Maze.RecursiveBacktrackerMazeGenerator,FullWidth,Manual,null)" methodname="IsFillComplete" classname="PlayersWorlds.Maps.Maze.MazeGeneratorTest" runstate="Runnable" seed="519354047" result="Passed" start-time="2024-05-23T05:00:58.9412700Z" end-time="2024-05-23T05:00:58.9427760Z" duration="0.001506" asserts="4" />
                <test-case id="1-1684" name="IsFillComplete(PlayersWorlds.Maps.Maze.RecursiveBacktrackerMazeGenerator,FullWidth,Manual,System.Collections.Generic.List`1[PlayersWorlds.Maps.Area])" fullname="PlayersWorlds.Maps.Maze.MazeGeneratorTest.IsFillComplete(PlayersWorlds.Maps.Maze.RecursiveBacktrackerMazeGenerator,FullWidth,Manual,System.Collections.Generic.List`1[PlayersWorlds.Maps.Area])" methodname="IsFillComplete" classname="PlayersWorlds.Maps.Maze.MazeGeneratorTest" runstate="Runnable" seed="700047259" result="Passed" start-time="2024-05-23T05:00:58.9427870Z" end-time="2024-05-23T05:00:58.9440000Z" duration="0.001213" asserts="5" />
                <test-case id="1-1685" name="IsFillComplete(PlayersWorlds.Maps.Maze.RecursiveBacktrackerMazeGenerator,FullWidth,Manual,System.Collections.Generic.List`1[PlayersWorlds.Maps.Area])" fullname="PlayersWorlds.Maps.Maze.MazeGeneratorTest.IsFillComplete(PlayersWorlds.Maps.Maze.RecursiveBacktrackerMazeGenerator,FullWidth,Manual,System.Collections.Generic.List`1[PlayersWorlds.Maps.Area])" methodname="IsFillComplete" classname="PlayersWorlds.Maps.Maze.MazeGeneratorTest" runstate="Runnable" seed="1269024090" result="Passed" start-time="2024-05-23T05:00:58.9440090Z" end-time="2024-05-23T05:00:58.9451030Z" duration="0.001094" asserts="5" />
                <test-case id="1-1686" name="IsFillComplete(PlayersWorlds.Maps.Maze.RecursiveBacktrackerMazeGenerator,FullWidth,Manual,System.Collections.Generic.List`1[PlayersWorlds.Maps.Area])" fullname="PlayersWorlds.Maps.Maze.MazeGeneratorTest.IsFillComplete(PlayersWorlds.Maps.Maze.RecursiveBacktrackerMazeGenerator,FullWidth,Manual,System.Collections.Generic.List`1[PlayersWorlds.Maps.Area])" methodname="IsFillComplete" classname="PlayersWorlds.Maps.Maze.MazeGeneratorTest" runstate="Runnable" seed="498298561" result="Passed" start-time="2024-05-23T05:00:58.9451130Z" end-time="2024-05-23T05:00:58.9463960Z" duration="0.001283" asserts="5" />
                <test-case id="1-1687" name="IsFillComplete(PlayersWorlds.Maps.Maze.RecursiveBacktrackerMazeGenerator,FullWidth,Manual,System.Collections.Generic.List`1[PlayersWorlds.Maps.Area])" fullname="PlayersWorlds.Maps.Maze.MazeGeneratorTest.IsFillComplete(PlayersWorlds.Maps.Maze.RecursiveBacktrackerMazeGenerator,FullWidth,Manual,System.Collections.Generic.List`1[PlayersWorlds.Maps.Area])" methodname="IsFillComplete" classname="PlayersWorlds.Maps.Maze.MazeGeneratorTest" runstate="Runnable" seed="1904312977" result="Passed" start-time="2024-05-23T05:00:58.9464050Z" end-time="2024-05-23T05:00:58.9483510Z" duration="0.001945" asserts="5" />
                <test-case id="1-1688" name="IsFillComplete(PlayersWorlds.Maps.Maze.RecursiveBacktrackerMazeGenerator,FullWidth,Manual,System.Collections.Generic.List`1[PlayersWorlds.Maps.Area])" fullname="PlayersWorlds.Maps.Maze.MazeGeneratorTest.IsFillComplete(PlayersWorlds.Maps.Maze.RecursiveBacktrackerMazeGenerator,FullWidth,Manual,System.Collections.Generic.List`1[PlayersWorlds.Maps.Area])" methodname="IsFillComplete" classname="PlayersWorlds.Maps.Maze.MazeGeneratorTest" runstate="Runnable" seed="981440317" result="Passed" start-time="2024-05-23T05:00:58.9483600Z" end-time="2024-05-23T05:00:58.9509920Z" duration="0.002631" asserts="5" />
                <test-case id="1-1689" name="IsFillComplete(PlayersWorlds.Maps.Maze.RecursiveBacktrackerMazeGenerator,FullHeight,Auto,null)" fullname="PlayersWorlds.Maps.Maze.MazeGeneratorTest.IsFillComplete(PlayersWorlds.Maps.Maze.RecursiveBacktrackerMazeGenerator,FullHeight,Auto,null)" methodname="IsFillComplete" classname="PlayersWorlds.Maps.Maze.MazeGeneratorTest" runstate="Runnable" seed="147865144" result="Passed" start-time="2024-05-23T05:00:58.9510020Z" end-time="2024-05-23T05:00:58.9531560Z" duration="0.002154" asserts="4" />
                <test-case id="1-1690" name="IsFillComplete(PlayersWorlds.Maps.Maze.RecursiveBacktrackerMazeGenerator,FullHeight,Auto,System.Collections.Generic.List`1[PlayersWorlds.Maps.Area])" fullname="PlayersWorlds.Maps.Maze.MazeGeneratorTest.IsFillComplete(PlayersWorlds.Maps.Maze.RecursiveBacktrackerMazeGenerator,FullHeight,Auto,System.Collections.Generic.List`1[PlayersWorlds.Maps.Area])" methodname="IsFillComplete" classname="PlayersWorlds.Maps.Maze.MazeGeneratorTest" runstate="Runnable" seed="518474600" result="Passed" start-time="2024-05-23T05:00:58.9531660Z" end-time="2024-05-23T05:00:58.9592810Z" duration="0.006116" asserts="5" />
                <test-case id="1-1691" name="IsFillComplete(PlayersWorlds.Maps.Maze.RecursiveBacktrackerMazeGenerator,FullHeight,Auto,System.Collections.Generic.List`1[PlayersWorlds.Maps.Area])" fullname="PlayersWorlds.Maps.Maze.MazeGeneratorTest.IsFillComplete(PlayersWorlds.Maps.Maze.RecursiveBacktrackerMazeGenerator,FullHeight,Auto,System.Collections.Generic.List`1[PlayersWorlds.Maps.Area])" methodname="IsFillComplete" classname="PlayersWorlds.Maps.Maze.MazeGeneratorTest" runstate="Runnable" seed="1440861393" result="Passed" start-time="2024-05-23T05:00:58.9592910Z" end-time="2024-05-23T05:00:58.9656490Z" duration="0.006358" asserts="5" />
                <test-case id="1-1692" name="IsFillComplete(PlayersWorlds.Maps.Maze.RecursiveBacktrackerMazeGenerator,FullHeight,Auto,System.Collections.Generic.List`1[PlayersWorlds.Maps.Area])" fullname="PlayersWorlds.Maps.Maze.MazeGeneratorTest.IsFillComplete(PlayersWorlds.Maps.Maze.RecursiveBacktrackerMazeGenerator,FullHeight,Auto,System.Collections.Generic.List`1[PlayersWorlds.Maps.Area])" methodname="IsFillComplete" classname="PlayersWorlds.Maps.Maze.MazeGeneratorTest" runstate="Runnable" seed="1688430005" result="Passed" start-time="2024-05-23T05:00:58.9656590Z" end-time="2024-05-23T05:00:58.9698220Z" duration="0.004163" asserts="5" />
                <test-case id="1-1693" name="IsFillComplete(PlayersWorlds.Maps.Maze.RecursiveBacktrackerMazeGenerator,FullHeight,Auto,System.Collections.Generic.List`1[PlayersWorlds.Maps.Area])" fullname="PlayersWorlds.Maps.Maze.MazeGeneratorTest.IsFillComplete(PlayersWorlds.Maps.Maze.RecursiveBacktrackerMazeGenerator,FullHeight,Auto,System.Collections.Generic.List`1[PlayersWorlds.Maps.Area])" methodname="IsFillComplete" classname="PlayersWorlds.Maps.Maze.MazeGeneratorTest" runstate="Runnable" seed="177327322" result="Passed" start-time="2024-05-23T05:00:58.9698320Z" end-time="2024-05-23T05:00:58.9779770Z" duration="0.008146" asserts="5" />
                <test-case id="1-1694" name="IsFillComplete(PlayersWorlds.Maps.Maze.RecursiveBacktrackerMazeGenerator,FullHeight,Auto,System.Collections.Generic.List`1[PlayersWorlds.Maps.Area])" fullname="PlayersWorlds.Maps.Maze.MazeGeneratorTest.IsFillComplete(PlayersWorlds.Maps.Maze.RecursiveBacktrackerMazeGenerator,FullHeight,Auto,System.Collections.Generic.List`1[PlayersWorlds.Maps.Area])" methodname="IsFillComplete" classname="PlayersWorlds.Maps.Maze.MazeGeneratorTest" runstate="Runnable" seed="1856097021" result="Passed" start-time="2024-05-23T05:00:58.9779880Z" end-time="2024-05-23T05:00:58.9860390Z" duration="0.008051" asserts="5" />
                <test-case id="1-1695" name="IsFillComplete(PlayersWorlds.Maps.Maze.RecursiveBacktrackerMazeGenerator,FullHeight,Manual,null)" fullname="PlayersWorlds.Maps.Maze.MazeGeneratorTest.IsFillComplete(PlayersWorlds.Maps.Maze.RecursiveBacktrackerMazeGenerator,FullHeight,Manual,null)" methodname="IsFillComplete" classname="PlayersWorlds.Maps.Maze.MazeGeneratorTest" runstate="Runnable" seed="832114048" result="Passed" start-time="2024-05-23T05:00:58.9860500Z" end-time="2024-05-23T05:00:58.9877200Z" duration="0.001670" asserts="4" />
                <test-case id="1-1696" name="IsFillComplete(PlayersWorlds.Maps.Maze.RecursiveBacktrackerMazeGenerator,FullHeight,Manual,System.Collections.Generic.List`1[PlayersWorlds.Maps.Area])" fullname="PlayersWorlds.Maps.Maze.MazeGeneratorTest.IsFillComplete(PlayersWorlds.Maps.Maze.RecursiveBacktrackerMazeGenerator,FullHeight,Manual,System.Collections.Generic.List`1[PlayersWorlds.Maps.Area])" methodname="IsFillComplete" classname="PlayersWorlds.Maps.Maze.MazeGeneratorTest" runstate="Runnable" seed="374217074" result="Passed" start-time="2024-05-23T05:00:58.9877320Z" end-time="2024-05-23T05:00:58.9886940Z" duration="0.000962" asserts="5" />
                <test-case id="1-1697" name="IsFillComplete(PlayersWorlds.Maps.Maze.RecursiveBacktrackerMazeGenerator,FullHeight,Manual,System.Collections.Generic.List`1[PlayersWorlds.Maps.Area])" fullname="PlayersWorlds.Maps.Maze.MazeGeneratorTest.IsFillComplete(PlayersWorlds.Maps.Maze.RecursiveBacktrackerMazeGenerator,FullHeight,Manual,System.Collections.Generic.List`1[PlayersWorlds.Maps.Area])" methodname="IsFillComplete" classname="PlayersWorlds.Maps.Maze.MazeGeneratorTest" runstate="Runnable" seed="1878000229" result="Passed" start-time="2024-05-23T05:00:58.9887030Z" end-time="2024-05-23T05:00:58.9899310Z" duration="0.001228" asserts="5" />
                <test-case id="1-1698" name="IsFillComplete(PlayersWorlds.Maps.Maze.RecursiveBacktrackerMazeGenerator,FullHeight,Manual,System.Collections.Generic.List`1[PlayersWorlds.Maps.Area])" fullname="PlayersWorlds.Maps.Maze.MazeGeneratorTest.IsFillComplete(PlayersWorlds.Maps.Maze.RecursiveBacktrackerMazeGenerator,FullHeight,Manual,System.Collections.Generic.List`1[PlayersWorlds.Maps.Area])" methodname="IsFillComplete" classname="PlayersWorlds.Maps.Maze.MazeGeneratorTest" runstate="Runnable" seed="698246637" result="Passed" start-time="2024-05-23T05:00:58.9899400Z" end-time="2024-05-23T05:00:58.9911320Z" duration="0.001191" asserts="5" />
                <test-case id="1-1699" name="IsFillComplete(PlayersWorlds.Maps.Maze.RecursiveBacktrackerMazeGenerator,FullHeight,Manual,System.Collections.Generic.List`1[PlayersWorlds.Maps.Area])" fullname="PlayersWorlds.Maps.Maze.MazeGeneratorTest.IsFillComplete(PlayersWorlds.Maps.Maze.RecursiveBacktrackerMazeGenerator,FullHeight,Manual,System.Collections.Generic.List`1[PlayersWorlds.Maps.Area])" methodname="IsFillComplete" classname="PlayersWorlds.Maps.Maze.MazeGeneratorTest" runstate="Runnable" seed="939979374" result="Passed" start-time="2024-05-23T05:00:58.9911410Z" end-time="2024-05-23T05:00:58.9932230Z" duration="0.002082" asserts="5" />
                <test-case id="1-1700" name="IsFillComplete(PlayersWorlds.Maps.Maze.RecursiveBacktrackerMazeGenerator,FullHeight,Manual,System.Collections.Generic.List`1[PlayersWorlds.Maps.Area])" fullname="PlayersWorlds.Maps.Maze.MazeGeneratorTest.IsFillComplete(PlayersWorlds.Maps.Maze.RecursiveBacktrackerMazeGenerator,FullHeight,Manual,System.Collections.Generic.List`1[PlayersWorlds.Maps.Area])" methodname="IsFillComplete" classname="PlayersWorlds.Maps.Maze.MazeGeneratorTest" runstate="Runnable" seed="691614375" result="Passed" start-time="2024-05-23T05:00:58.9932330Z" end-time="2024-05-23T05:00:58.9957940Z" duration="0.002561" asserts="5" />
                <test-case id="1-1701" name="IsFillComplete(PlayersWorlds.Maps.Maze.RecursiveBacktrackerMazeGenerator,Full,Auto,null)" fullname="PlayersWorlds.Maps.Maze.MazeGeneratorTest.IsFillComplete(PlayersWorlds.Maps.Maze.RecursiveBacktrackerMazeGenerator,Full,Auto,null)" methodname="IsFillComplete" classname="PlayersWorlds.Maps.Maze.MazeGeneratorTest" runstate="Runnable" seed="1457191895" result="Passed" start-time="2024-05-23T05:00:58.9958050Z" end-time="2024-05-23T05:00:59.0040990Z" duration="0.008295" asserts="4" />
                <test-case id="1-1702" name="IsFillComplete(PlayersWorlds.Maps.Maze.RecursiveBacktrackerMazeGenerator,Full,Auto,System.Collections.Generic.List`1[PlayersWorlds.Maps.Area])" fullname="PlayersWorlds.Maps.Maze.MazeGeneratorTest.IsFillComplete(PlayersWorlds.Maps.Maze.RecursiveBacktrackerMazeGenerator,Full,Auto,System.Collections.Generic.List`1[PlayersWorlds.Maps.Area])" methodname="IsFillComplete" classname="PlayersWorlds.Maps.Maze.MazeGeneratorTest" runstate="Runnable" seed="187466823" result="Passed" start-time="2024-05-23T05:00:59.0041170Z" end-time="2024-05-23T05:00:59.0076210Z" duration="0.003504" asserts="5" />
                <test-case id="1-1703" name="IsFillComplete(PlayersWorlds.Maps.Maze.RecursiveBacktrackerMazeGenerator,Full,Auto,System.Collections.Generic.List`1[PlayersWorlds.Maps.Area])" fullname="PlayersWorlds.Maps.Maze.MazeGeneratorTest.IsFillComplete(PlayersWorlds.Maps.Maze.RecursiveBacktrackerMazeGenerator,Full,Auto,System.Collections.Generic.List`1[PlayersWorlds.Maps.Area])" methodname="IsFillComplete" classname="PlayersWorlds.Maps.Maze.MazeGeneratorTest" runstate="Runnable" seed="468887661" result="Passed" start-time="2024-05-23T05:00:59.0076320Z" end-time="2024-05-23T05:00:59.0115490Z" duration="0.003917" asserts="5" />
                <test-case id="1-1704" name="IsFillComplete(PlayersWorlds.Maps.Maze.RecursiveBacktrackerMazeGenerator,Full,Auto,System.Collections.Generic.List`1[PlayersWorlds.Maps.Area])" fullname="PlayersWorlds.Maps.Maze.MazeGeneratorTest.IsFillComplete(PlayersWorlds.Maps.Maze.RecursiveBacktrackerMazeGenerator,Full,Auto,System.Collections.Generic.List`1[PlayersWorlds.Maps.Area])" methodname="IsFillComplete" classname="PlayersWorlds.Maps.Maze.MazeGeneratorTest" runstate="Runnable" seed="697688776" result="Passed" start-time="2024-05-23T05:00:59.0115670Z" end-time="2024-05-23T05:00:59.0233420Z" duration="0.011775" asserts="5" />
                <test-case id="1-1705" name="IsFillComplete(PlayersWorlds.Maps.Maze.RecursiveBacktrackerMazeGenerator,Full,Auto,System.Collections.Generic.List`1[PlayersWorlds.Maps.Area])" fullname="PlayersWorlds.Maps.Maze.MazeGeneratorTest.IsFillComplete(PlayersWorlds.Maps.Maze.RecursiveBacktrackerMazeGenerator,Full,Auto,System.Collections.Generic.List`1[PlayersWorlds.Maps.Area])" methodname="IsFillComplete" classname="PlayersWorlds.Maps.Maze.MazeGeneratorTest" runstate="Runnable" seed="71748223" result="Passed" start-time="2024-05-23T05:00:59.0233530Z" end-time="2024-05-23T05:00:59.0299670Z" duration="0.006614" asserts="5" />
                <test-case id="1-1706" name="IsFillComplete(PlayersWorlds.Maps.Maze.RecursiveBacktrackerMazeGenerator,Full,Auto,System.Collections.Generic.List`1[PlayersWorlds.Maps.Area])" fullname="PlayersWorlds.Maps.Maze.MazeGeneratorTest.IsFillComplete(PlayersWorlds.Maps.Maze.RecursiveBacktrackerMazeGenerator,Full,Auto,System.Collections.Generic.List`1[PlayersWorlds.Maps.Area])" methodname="IsFillComplete" classname="PlayersWorlds.Maps.Maze.MazeGeneratorTest" runstate="Runnable" seed="2073708784" result="Passed" start-time="2024-05-23T05:00:59.0299780Z" end-time="2024-05-23T05:00:59.0367870Z" duration="0.006809" asserts="5" />
                <test-case id="1-1707" name="IsFillComplete(PlayersWorlds.Maps.Maze.RecursiveBacktrackerMazeGenerator,Full,Manual,null)" fullname="PlayersWorlds.Maps.Maze.MazeGeneratorTest.IsFillComplete(PlayersWorlds.Maps.Maze.RecursiveBacktrackerMazeGenerator,Full,Manual,null)" methodname="IsFillComplete" classname="PlayersWorlds.Maps.Maze.MazeGeneratorTest" runstate="Runnable" seed="188520012" result="Passed" start-time="2024-05-23T05:00:59.0367980Z" end-time="2024-05-23T05:00:59.0381040Z" duration="0.001306" asserts="4" />
                <test-case id="1-1708" name="IsFillComplete(PlayersWorlds.Maps.Maze.RecursiveBacktrackerMazeGenerator,Full,Manual,System.Collections.Generic.List`1[PlayersWorlds.Maps.Area])" fullname="PlayersWorlds.Maps.Maze.MazeGeneratorTest.IsFillComplete(PlayersWorlds.Maps.Maze.RecursiveBacktrackerMazeGenerator,Full,Manual,System.Collections.Generic.List`1[PlayersWorlds.Maps.Area])" methodname="IsFillComplete" classname="PlayersWorlds.Maps.Maze.MazeGeneratorTest" runstate="Runnable" seed="1734174094" result="Passed" start-time="2024-05-23T05:00:59.0381140Z" end-time="2024-05-23T05:00:59.0393960Z" duration="0.001282" asserts="5" />
                <test-case id="1-1709" name="IsFillComplete(PlayersWorlds.Maps.Maze.RecursiveBacktrackerMazeGenerator,Full,Manual,System.Collections.Generic.List`1[PlayersWorlds.Maps.Area])" fullname="PlayersWorlds.Maps.Maze.MazeGeneratorTest.IsFillComplete(PlayersWorlds.Maps.Maze.RecursiveBacktrackerMazeGenerator,Full,Manual,System.Collections.Generic.List`1[PlayersWorlds.Maps.Area])" methodname="IsFillComplete" classname="PlayersWorlds.Maps.Maze.MazeGeneratorTest" runstate="Runnable" seed="398794252" result="Passed" start-time="2024-05-23T05:00:59.0394050Z" end-time="2024-05-23T05:00:59.0414970Z" duration="0.002092" asserts="5" />
                <test-case id="1-1710" name="IsFillComplete(PlayersWorlds.Maps.Maze.RecursiveBacktrackerMazeGenerator,Full,Manual,System.Collections.Generic.List`1[PlayersWorlds.Maps.Area])" fullname="PlayersWorlds.Maps.Maze.MazeGeneratorTest.IsFillComplete(PlayersWorlds.Maps.Maze.RecursiveBacktrackerMazeGenerator,Full,Manual,System.Collections.Generic.List`1[PlayersWorlds.Maps.Area])" methodname="IsFillComplete" classname="PlayersWorlds.Maps.Maze.MazeGeneratorTest" runstate="Runnable" seed="1606106785" result="Passed" start-time="2024-05-23T05:00:59.0415070Z" end-time="2024-05-23T05:00:59.0430480Z" duration="0.001540" asserts="5" />
                <test-case id="1-1711" name="IsFillComplete(PlayersWorlds.Maps.Maze.RecursiveBacktrackerMazeGenerator,Full,Manual,System.Collections.Generic.List`1[PlayersWorlds.Maps.Area])" fullname="PlayersWorlds.Maps.Maze.MazeGeneratorTest.IsFillComplete(PlayersWorlds.Maps.Maze.RecursiveBacktrackerMazeGenerator,Full,Manual,System.Collections.Generic.List`1[PlayersWorlds.Maps.Area])" methodname="IsFillComplete" classname="PlayersWorlds.Maps.Maze.MazeGeneratorTest" runstate="Runnable" seed="50729462" result="Passed" start-time="2024-05-23T05:00:59.0430570Z" end-time="2024-05-23T05:00:59.0452850Z" duration="0.002228" asserts="5" />
                <test-case id="1-1712" name="IsFillComplete(PlayersWorlds.Maps.Maze.RecursiveBacktrackerMazeGenerator,Full,Manual,System.Collections.Generic.List`1[PlayersWorlds.Maps.Area])" fullname="PlayersWorlds.Maps.Maze.MazeGeneratorTest.IsFillComplete(PlayersWorlds.Maps.Maze.RecursiveBacktrackerMazeGenerator,Full,Manual,System.Collections.Generic.List`1[PlayersWorlds.Maps.Area])" methodname="IsFillComplete" classname="PlayersWorlds.Maps.Maze.MazeGeneratorTest" runstate="Runnable" seed="1139957956" result="Passed" start-time="2024-05-23T05:00:59.0452960Z" end-time="2024-05-23T05:00:59.0480940Z" duration="0.002798" asserts="5" />
                <test-case id="1-1713" name="IsFillComplete(PlayersWorlds.Maps.Maze.SidewinderMazeGenerator,Quarter,Auto,null)" fullname="PlayersWorlds.Maps.Maze.MazeGeneratorTest.IsFillComplete(PlayersWorlds.Maps.Maze.SidewinderMazeGenerator,Quarter,Auto,null)" methodname="IsFillComplete" classname="PlayersWorlds.Maps.Maze.MazeGeneratorTest" runstate="Runnable" seed="217475775" result="Skipped" label="Ignored" start-time="2024-05-23T05:00:59.0481040Z" end-time="2024-05-23T05:00:59.0482230Z" duration="0.000119" asserts="0" />
                <test-case id="1-1714" name="IsFillComplete(PlayersWorlds.Maps.Maze.SidewinderMazeGenerator,Quarter,Auto,System.Collections.Generic.List`1[PlayersWorlds.Maps.Area])" fullname="PlayersWorlds.Maps.Maze.MazeGeneratorTest.IsFillComplete(PlayersWorlds.Maps.Maze.SidewinderMazeGenerator,Quarter,Auto,System.Collections.Generic.List`1[PlayersWorlds.Maps.Area])" methodname="IsFillComplete" classname="PlayersWorlds.Maps.Maze.MazeGeneratorTest" runstate="Runnable" seed="1083943966" result="Skipped" label="Ignored" start-time="2024-05-23T05:00:59.0482290Z" end-time="2024-05-23T05:00:59.0482920Z" duration="0.000062" asserts="0" />
                <test-case id="1-1715" name="IsFillComplete(PlayersWorlds.Maps.Maze.SidewinderMazeGenerator,Quarter,Auto,System.Collections.Generic.List`1[PlayersWorlds.Maps.Area])" fullname="PlayersWorlds.Maps.Maze.MazeGeneratorTest.IsFillComplete(PlayersWorlds.Maps.Maze.SidewinderMazeGenerator,Quarter,Auto,System.Collections.Generic.List`1[PlayersWorlds.Maps.Area])" methodname="IsFillComplete" classname="PlayersWorlds.Maps.Maze.MazeGeneratorTest" runstate="Runnable" seed="1717377642" result="Skipped" label="Ignored" start-time="2024-05-23T05:00:59.0482970Z" end-time="2024-05-23T05:00:59.0483500Z" duration="0.000053" asserts="0" />
                <test-case id="1-1716" name="IsFillComplete(PlayersWorlds.Maps.Maze.SidewinderMazeGenerator,Quarter,Auto,System.Collections.Generic.List`1[PlayersWorlds.Maps.Area])" fullname="PlayersWorlds.Maps.Maze.MazeGeneratorTest.IsFillComplete(PlayersWorlds.Maps.Maze.SidewinderMazeGenerator,Quarter,Auto,System.Collections.Generic.List`1[PlayersWorlds.Maps.Area])" methodname="IsFillComplete" classname="PlayersWorlds.Maps.Maze.MazeGeneratorTest" runstate="Runnable" seed="1496232449" result="Skipped" label="Ignored" start-time="2024-05-23T05:00:59.0483560Z" end-time="2024-05-23T05:00:59.0484070Z" duration="0.000051" asserts="0" />
                <test-case id="1-1717" name="IsFillComplete(PlayersWorlds.Maps.Maze.SidewinderMazeGenerator,Quarter,Auto,System.Collections.Generic.List`1[PlayersWorlds.Maps.Area])" fullname="PlayersWorlds.Maps.Maze.MazeGeneratorTest.IsFillComplete(PlayersWorlds.Maps.Maze.SidewinderMazeGenerator,Quarter,Auto,System.Collections.Generic.List`1[PlayersWorlds.Maps.Area])" methodname="IsFillComplete" classname="PlayersWorlds.Maps.Maze.MazeGeneratorTest" runstate="Runnable" seed="925032740" result="Skipped" label="Ignored" start-time="2024-05-23T05:00:59.0484130Z" end-time="2024-05-23T05:00:59.0484630Z" duration="0.000051" asserts="0" />
                <test-case id="1-1718" name="IsFillComplete(PlayersWorlds.Maps.Maze.SidewinderMazeGenerator,Quarter,Auto,System.Collections.Generic.List`1[PlayersWorlds.Maps.Area])" fullname="PlayersWorlds.Maps.Maze.MazeGeneratorTest.IsFillComplete(PlayersWorlds.Maps.Maze.SidewinderMazeGenerator,Quarter,Auto,System.Collections.Generic.List`1[PlayersWorlds.Maps.Area])" methodname="IsFillComplete" classname="PlayersWorlds.Maps.Maze.MazeGeneratorTest" runstate="Runnable" seed="445231839" result="Skipped" label="Ignored" start-time="2024-05-23T05:00:59.0484690Z" end-time="2024-05-23T05:00:59.0485180Z" duration="0.000049" asserts="0" />
                <test-case id="1-1719" name="IsFillComplete(PlayersWorlds.Maps.Maze.SidewinderMazeGenerator,Quarter,Manual,null)" fullname="PlayersWorlds.Maps.Maze.MazeGeneratorTest.IsFillComplete(PlayersWorlds.Maps.Maze.SidewinderMazeGenerator,Quarter,Manual,null)" methodname="IsFillComplete" classname="PlayersWorlds.Maps.Maze.MazeGeneratorTest" runstate="Runnable" seed="41931876" result="Skipped" label="Ignored" start-time="2024-05-23T05:00:59.0485230Z" end-time="2024-05-23T05:00:59.0485720Z" duration="0.000049" asserts="0" />
                <test-case id="1-1720" name="IsFillComplete(PlayersWorlds.Maps.Maze.SidewinderMazeGenerator,Quarter,Manual,System.Collections.Generic.List`1[PlayersWorlds.Maps.Area])" fullname="PlayersWorlds.Maps.Maze.MazeGeneratorTest.IsFillComplete(PlayersWorlds.Maps.Maze.SidewinderMazeGenerator,Quarter,Manual,System.Collections.Generic.List`1[PlayersWorlds.Maps.Area])" methodname="IsFillComplete" classname="PlayersWorlds.Maps.Maze.MazeGeneratorTest" runstate="Runnable" seed="809369449" result="Skipped" label="Ignored" start-time="2024-05-23T05:00:59.0485770Z" end-time="2024-05-23T05:00:59.0486260Z" duration="0.000049" asserts="0" />
                <test-case id="1-1721" name="IsFillComplete(PlayersWorlds.Maps.Maze.SidewinderMazeGenerator,Quarter,Manual,System.Collections.Generic.List`1[PlayersWorlds.Maps.Area])" fullname="PlayersWorlds.Maps.Maze.MazeGeneratorTest.IsFillComplete(PlayersWorlds.Maps.Maze.SidewinderMazeGenerator,Quarter,Manual,System.Collections.Generic.List`1[PlayersWorlds.Maps.Area])" methodname="IsFillComplete" classname="PlayersWorlds.Maps.Maze.MazeGeneratorTest" runstate="Runnable" seed="1301378608" result="Skipped" label="Ignored" start-time="2024-05-23T05:00:59.0486310Z" end-time="2024-05-23T05:00:59.0486810Z" duration="0.000050" asserts="0" />
                <test-case id="1-1722" name="IsFillComplete(PlayersWorlds.Maps.Maze.SidewinderMazeGenerator,Quarter,Manual,System.Collections.Generic.List`1[PlayersWorlds.Maps.Area])" fullname="PlayersWorlds.Maps.Maze.MazeGeneratorTest.IsFillComplete(PlayersWorlds.Maps.Maze.SidewinderMazeGenerator,Quarter,Manual,System.Collections.Generic.List`1[PlayersWorlds.Maps.Area])" methodname="IsFillComplete" classname="PlayersWorlds.Maps.Maze.MazeGeneratorTest" runstate="Runnable" seed="1625319198" result="Skipped" label="Ignored" start-time="2024-05-23T05:00:59.0486860Z" end-time="2024-05-23T05:00:59.0487360Z" duration="0.000050" asserts="0" />
                <test-case id="1-1723" name="IsFillComplete(PlayersWorlds.Maps.Maze.SidewinderMazeGenerator,Quarter,Manual,System.Collections.Generic.List`1[PlayersWorlds.Maps.Area])" fullname="PlayersWorlds.Maps.Maze.MazeGeneratorTest.IsFillComplete(PlayersWorlds.Maps.Maze.SidewinderMazeGenerator,Quarter,Manual,System.Collections.Generic.List`1[PlayersWorlds.Maps.Area])" methodname="IsFillComplete" classname="PlayersWorlds.Maps.Maze.MazeGeneratorTest" runstate="Runnable" seed="1722240767" result="Skipped" label="Ignored" start-time="2024-05-23T05:00:59.0487410Z" end-time="2024-05-23T05:00:59.0487890Z" duration="0.000048" asserts="0" />
                <test-case id="1-1724" name="IsFillComplete(PlayersWorlds.Maps.Maze.SidewinderMazeGenerator,Quarter,Manual,System.Collections.Generic.List`1[PlayersWorlds.Maps.Area])" fullname="PlayersWorlds.Maps.Maze.MazeGeneratorTest.IsFillComplete(PlayersWorlds.Maps.Maze.SidewinderMazeGenerator,Quarter,Manual,System.Collections.Generic.List`1[PlayersWorlds.Maps.Area])" methodname="IsFillComplete" classname="PlayersWorlds.Maps.Maze.MazeGeneratorTest" runstate="Runnable" seed="229225327" result="Skipped" label="Ignored" start-time="2024-05-23T05:00:59.0487950Z" end-time="2024-05-23T05:00:59.0488440Z" duration="0.000049" asserts="0" />
                <test-case id="1-1725" name="IsFillComplete(PlayersWorlds.Maps.Maze.SidewinderMazeGenerator,Half,Auto,null)" fullname="PlayersWorlds.Maps.Maze.MazeGeneratorTest.IsFillComplete(PlayersWorlds.Maps.Maze.SidewinderMazeGenerator,Half,Auto,null)" methodname="IsFillComplete" classname="PlayersWorlds.Maps.Maze.MazeGeneratorTest" runstate="Runnable" seed="857851647" result="Skipped" label="Ignored" start-time="2024-05-23T05:00:59.0488490Z" end-time="2024-05-23T05:00:59.0488980Z" duration="0.000048" asserts="0" />
                <test-case id="1-1726" name="IsFillComplete(PlayersWorlds.Maps.Maze.SidewinderMazeGenerator,Half,Auto,System.Collections.Generic.List`1[PlayersWorlds.Maps.Area])" fullname="PlayersWorlds.Maps.Maze.MazeGeneratorTest.IsFillComplete(PlayersWorlds.Maps.Maze.SidewinderMazeGenerator,Half,Auto,System.Collections.Generic.List`1[PlayersWorlds.Maps.Area])" methodname="IsFillComplete" classname="PlayersWorlds.Maps.Maze.MazeGeneratorTest" runstate="Runnable" seed="5789697" result="Skipped" label="Ignored" start-time="2024-05-23T05:00:59.0489030Z" end-time="2024-05-23T05:00:59.0489510Z" duration="0.000048" asserts="0" />
                <test-case id="1-1727" name="IsFillComplete(PlayersWorlds.Maps.Maze.SidewinderMazeGenerator,Half,Auto,System.Collections.Generic.List`1[PlayersWorlds.Maps.Area])" fullname="PlayersWorlds.Maps.Maze.MazeGeneratorTest.IsFillComplete(PlayersWorlds.Maps.Maze.SidewinderMazeGenerator,Half,Auto,System.Collections.Generic.List`1[PlayersWorlds.Maps.Area])" methodname="IsFillComplete" classname="PlayersWorlds.Maps.Maze.MazeGeneratorTest" runstate="Runnable" seed="1566389272" result="Skipped" label="Ignored" start-time="2024-05-23T05:00:59.0489560Z" end-time="2024-05-23T05:00:59.0490050Z" duration="0.000048" asserts="0" />
                <test-case id="1-1728" name="IsFillComplete(PlayersWorlds.Maps.Maze.SidewinderMazeGenerator,Half,Auto,System.Collections.Generic.List`1[PlayersWorlds.Maps.Area])" fullname="PlayersWorlds.Maps.Maze.MazeGeneratorTest.IsFillComplete(PlayersWorlds.Maps.Maze.SidewinderMazeGenerator,Half,Auto,System.Collections.Generic.List`1[PlayersWorlds.Maps.Area])" methodname="IsFillComplete" classname="PlayersWorlds.Maps.Maze.MazeGeneratorTest" runstate="Runnable" seed="1996690642" result="Skipped" label="Ignored" start-time="2024-05-23T05:00:59.0490100Z" end-time="2024-05-23T05:00:59.0490590Z" duration="0.000049" asserts="0" />
                <test-case id="1-1729" name="IsFillComplete(PlayersWorlds.Maps.Maze.SidewinderMazeGenerator,Half,Auto,System.Collections.Generic.List`1[PlayersWorlds.Maps.Area])" fullname="PlayersWorlds.Maps.Maze.MazeGeneratorTest.IsFillComplete(PlayersWorlds.Maps.Maze.SidewinderMazeGenerator,Half,Auto,System.Collections.Generic.List`1[PlayersWorlds.Maps.Area])" methodname="IsFillComplete" classname="PlayersWorlds.Maps.Maze.MazeGeneratorTest" runstate="Runnable" seed="1420206029" result="Skipped" label="Ignored" start-time="2024-05-23T05:00:59.0490640Z" end-time="2024-05-23T05:00:59.0491120Z" duration="0.000048" asserts="0" />
                <test-case id="1-1730" name="IsFillComplete(PlayersWorlds.Maps.Maze.SidewinderMazeGenerator,Half,Auto,System.Collections.Generic.List`1[PlayersWorlds.Maps.Area])" fullname="PlayersWorlds.Maps.Maze.MazeGeneratorTest.IsFillComplete(PlayersWorlds.Maps.Maze.SidewinderMazeGenerator,Half,Auto,System.Collections.Generic.List`1[PlayersWorlds.Maps.Area])" methodname="IsFillComplete" classname="PlayersWorlds.Maps.Maze.MazeGeneratorTest" runstate="Runnable" seed="2120241188" result="Skipped" label="Ignored" start-time="2024-05-23T05:00:59.0491170Z" end-time="2024-05-23T05:00:59.0491650Z" duration="0.000048" asserts="0" />
                <test-case id="1-1731" name="IsFillComplete(PlayersWorlds.Maps.Maze.SidewinderMazeGenerator,Half,Manual,null)" fullname="PlayersWorlds.Maps.Maze.MazeGeneratorTest.IsFillComplete(PlayersWorlds.Maps.Maze.SidewinderMazeGenerator,Half,Manual,null)" methodname="IsFillComplete" classname="PlayersWorlds.Maps.Maze.MazeGeneratorTest" runstate="Runnable" seed="256794312" result="Skipped" label="Ignored" start-time="2024-05-23T05:00:59.0491700Z" end-time="2024-05-23T05:00:59.0492190Z" duration="0.000049" asserts="0" />
                <test-case id="1-1732" name="IsFillComplete(PlayersWorlds.Maps.Maze.SidewinderMazeGenerator,Half,Manual,System.Collections.Generic.List`1[PlayersWorlds.Maps.Area])" fullname="PlayersWorlds.Maps.Maze.MazeGeneratorTest.IsFillComplete(PlayersWorlds.Maps.Maze.SidewinderMazeGenerator,Half,Manual,System.Collections.Generic.List`1[PlayersWorlds.Maps.Area])" methodname="IsFillComplete" classname="PlayersWorlds.Maps.Maze.MazeGeneratorTest" runstate="Runnable" seed="678739074" result="Skipped" label="Ignored" start-time="2024-05-23T05:00:59.0492240Z" end-time="2024-05-23T05:00:59.0492730Z" duration="0.000049" asserts="0" />
                <test-case id="1-1733" name="IsFillComplete(PlayersWorlds.Maps.Maze.SidewinderMazeGenerator,Half,Manual,System.Collections.Generic.List`1[PlayersWorlds.Maps.Area])" fullname="PlayersWorlds.Maps.Maze.MazeGeneratorTest.IsFillComplete(PlayersWorlds.Maps.Maze.SidewinderMazeGenerator,Half,Manual,System.Collections.Generic.List`1[PlayersWorlds.Maps.Area])" methodname="IsFillComplete" classname="PlayersWorlds.Maps.Maze.MazeGeneratorTest" runstate="Runnable" seed="289536321" result="Skipped" label="Ignored" start-time="2024-05-23T05:00:59.0492780Z" end-time="2024-05-23T05:00:59.0493270Z" duration="0.000049" asserts="0" />
                <test-case id="1-1734" name="IsFillComplete(PlayersWorlds.Maps.Maze.SidewinderMazeGenerator,Half,Manual,System.Collections.Generic.List`1[PlayersWorlds.Maps.Area])" fullname="PlayersWorlds.Maps.Maze.MazeGeneratorTest.IsFillComplete(PlayersWorlds.Maps.Maze.SidewinderMazeGenerator,Half,Manual,System.Collections.Generic.List`1[PlayersWorlds.Maps.Area])" methodname="IsFillComplete" classname="PlayersWorlds.Maps.Maze.MazeGeneratorTest" runstate="Runnable" seed="746495738" result="Skipped" label="Ignored" start-time="2024-05-23T05:00:59.0493320Z" end-time="2024-05-23T05:00:59.0493800Z" duration="0.000048" asserts="0" />
                <test-case id="1-1735" name="IsFillComplete(PlayersWorlds.Maps.Maze.SidewinderMazeGenerator,Half,Manual,System.Collections.Generic.List`1[PlayersWorlds.Maps.Area])" fullname="PlayersWorlds.Maps.Maze.MazeGeneratorTest.IsFillComplete(PlayersWorlds.Maps.Maze.SidewinderMazeGenerator,Half,Manual,System.Collections.Generic.List`1[PlayersWorlds.Maps.Area])" methodname="IsFillComplete" classname="PlayersWorlds.Maps.Maze.MazeGeneratorTest" runstate="Runnable" seed="964969305" result="Skipped" label="Ignored" start-time="2024-05-23T05:00:59.0493850Z" end-time="2024-05-23T05:00:59.0494330Z" duration="0.000048" asserts="0" />
                <test-case id="1-1736" name="IsFillComplete(PlayersWorlds.Maps.Maze.SidewinderMazeGenerator,Half,Manual,System.Collections.Generic.List`1[PlayersWorlds.Maps.Area])" fullname="PlayersWorlds.Maps.Maze.MazeGeneratorTest.IsFillComplete(PlayersWorlds.Maps.Maze.SidewinderMazeGenerator,Half,Manual,System.Collections.Generic.List`1[PlayersWorlds.Maps.Area])" methodname="IsFillComplete" classname="PlayersWorlds.Maps.Maze.MazeGeneratorTest" runstate="Runnable" seed="502064605" result="Skipped" label="Ignored" start-time="2024-05-23T05:00:59.0494380Z" end-time="2024-05-23T05:00:59.0494860Z" duration="0.000048" asserts="0" />
                <test-case id="1-1737" name="IsFillComplete(PlayersWorlds.Maps.Maze.SidewinderMazeGenerator,ThreeQuarters,Auto,null)" fullname="PlayersWorlds.Maps.Maze.MazeGeneratorTest.IsFillComplete(PlayersWorlds.Maps.Maze.SidewinderMazeGenerator,ThreeQuarters,Auto,null)" methodname="IsFillComplete" classname="PlayersWorlds.Maps.Maze.MazeGeneratorTest" runstate="Runnable" seed="272709741" result="Skipped" label="Ignored" start-time="2024-05-23T05:00:59.0494920Z" end-time="2024-05-23T05:00:59.0495410Z" duration="0.000049" asserts="0" />
                <test-case id="1-1738" name="IsFillComplete(PlayersWorlds.Maps.Maze.SidewinderMazeGenerator,ThreeQuarters,Auto,System.Collections.Generic.List`1[PlayersWorlds.Maps.Area])" fullname="PlayersWorlds.Maps.Maze.MazeGeneratorTest.IsFillComplete(PlayersWorlds.Maps.Maze.SidewinderMazeGenerator,ThreeQuarters,Auto,System.Collections.Generic.List`1[PlayersWorlds.Maps.Area])" methodname="IsFillComplete" classname="PlayersWorlds.Maps.Maze.MazeGeneratorTest" runstate="Runnable" seed="1969148918" result="Skipped" label="Ignored" start-time="2024-05-23T05:00:59.0495460Z" end-time="2024-05-23T05:00:59.0495950Z" duration="0.000049" asserts="0" />
                <test-case id="1-1739" name="IsFillComplete(PlayersWorlds.Maps.Maze.SidewinderMazeGenerator,ThreeQuarters,Auto,System.Collections.Generic.List`1[PlayersWorlds.Maps.Area])" fullname="PlayersWorlds.Maps.Maze.MazeGeneratorTest.IsFillComplete(PlayersWorlds.Maps.Maze.SidewinderMazeGenerator,ThreeQuarters,Auto,System.Collections.Generic.List`1[PlayersWorlds.Maps.Area])" methodname="IsFillComplete" classname="PlayersWorlds.Maps.Maze.MazeGeneratorTest" runstate="Runnable" seed="628299036" result="Skipped" label="Ignored" start-time="2024-05-23T05:00:59.0496000Z" end-time="2024-05-23T05:00:59.0496490Z" duration="0.000048" asserts="0" />
                <test-case id="1-1740" name="IsFillComplete(PlayersWorlds.Maps.Maze.SidewinderMazeGenerator,ThreeQuarters,Auto,System.Collections.Generic.List`1[PlayersWorlds.Maps.Area])" fullname="PlayersWorlds.Maps.Maze.MazeGeneratorTest.IsFillComplete(PlayersWorlds.Maps.Maze.SidewinderMazeGenerator,ThreeQuarters,Auto,System.Collections.Generic.List`1[PlayersWorlds.Maps.Area])" methodname="IsFillComplete" classname="PlayersWorlds.Maps.Maze.MazeGeneratorTest" runstate="Runnable" seed="1342798953" result="Skipped" label="Ignored" start-time="2024-05-23T05:00:59.0496540Z" end-time="2024-05-23T05:00:59.0497020Z" duration="0.000048" asserts="0" />
                <test-case id="1-1741" name="IsFillComplete(PlayersWorlds.Maps.Maze.SidewinderMazeGenerator,ThreeQuarters,Auto,System.Collections.Generic.List`1[PlayersWorlds.Maps.Area])" fullname="PlayersWorlds.Maps.Maze.MazeGeneratorTest.IsFillComplete(PlayersWorlds.Maps.Maze.SidewinderMazeGenerator,ThreeQuarters,Auto,System.Collections.Generic.List`1[PlayersWorlds.Maps.Area])" methodname="IsFillComplete" classname="PlayersWorlds.Maps.Maze.MazeGeneratorTest" runstate="Runnable" seed="309778549" result="Skipped" label="Ignored" start-time="2024-05-23T05:00:59.0497080Z" end-time="2024-05-23T05:00:59.0497550Z" duration="0.000048" asserts="0" />
                <test-case id="1-1742" name="IsFillComplete(PlayersWorlds.Maps.Maze.SidewinderMazeGenerator,ThreeQuarters,Auto,System.Collections.Generic.List`1[PlayersWorlds.Maps.Area])" fullname="PlayersWorlds.Maps.Maze.MazeGeneratorTest.IsFillComplete(PlayersWorlds.Maps.Maze.SidewinderMazeGenerator,ThreeQuarters,Auto,System.Collections.Generic.List`1[PlayersWorlds.Maps.Area])" methodname="IsFillComplete" classname="PlayersWorlds.Maps.Maze.MazeGeneratorTest" runstate="Runnable" seed="170138883" result="Skipped" label="Ignored" start-time="2024-05-23T05:00:59.0497610Z" end-time="2024-05-23T05:00:59.0498090Z" duration="0.000049" asserts="0" />
                <test-case id="1-1743" name="IsFillComplete(PlayersWorlds.Maps.Maze.SidewinderMazeGenerator,ThreeQuarters,Manual,null)" fullname="PlayersWorlds.Maps.Maze.MazeGeneratorTest.IsFillComplete(PlayersWorlds.Maps.Maze.SidewinderMazeGenerator,ThreeQuarters,Manual,null)" methodname="IsFillComplete" classname="PlayersWorlds.Maps.Maze.MazeGeneratorTest" runstate="Runnable" seed="582646065" result="Skipped" label="Ignored" start-time="2024-05-23T05:00:59.0498150Z" end-time="2024-05-23T05:00:59.0498630Z" duration="0.000048" asserts="0" />
                <test-case id="1-1744" name="IsFillComplete(PlayersWorlds.Maps.Maze.SidewinderMazeGenerator,ThreeQuarters,Manual,System.Collections.Generic.List`1[PlayersWorlds.Maps.Area])" fullname="PlayersWorlds.Maps.Maze.MazeGeneratorTest.IsFillComplete(PlayersWorlds.Maps.Maze.SidewinderMazeGenerator,ThreeQuarters,Manual,System.Collections.Generic.List`1[PlayersWorlds.Maps.Area])" methodname="IsFillComplete" classname="PlayersWorlds.Maps.Maze.MazeGeneratorTest" runstate="Runnable" seed="689242006" result="Skipped" label="Ignored" start-time="2024-05-23T05:00:59.0498680Z" end-time="2024-05-23T05:00:59.0499160Z" duration="0.000048" asserts="0" />
                <test-case id="1-1745" name="IsFillComplete(PlayersWorlds.Maps.Maze.SidewinderMazeGenerator,ThreeQuarters,Manual,System.Collections.Generic.List`1[PlayersWorlds.Maps.Area])" fullname="PlayersWorlds.Maps.Maze.MazeGeneratorTest.IsFillComplete(PlayersWorlds.Maps.Maze.SidewinderMazeGenerator,ThreeQuarters,Manual,System.Collections.Generic.List`1[PlayersWorlds.Maps.Area])" methodname="IsFillComplete" classname="PlayersWorlds.Maps.Maze.MazeGeneratorTest" runstate="Runnable" seed="467745138" result="Skipped" label="Ignored" start-time="2024-05-23T05:00:59.0499220Z" end-time="2024-05-23T05:00:59.0499700Z" duration="0.000049" asserts="0" />
                <test-case id="1-1746" name="IsFillComplete(PlayersWorlds.Maps.Maze.SidewinderMazeGenerator,ThreeQuarters,Manual,System.Collections.Generic.List`1[PlayersWorlds.Maps.Area])" fullname="PlayersWorlds.Maps.Maze.MazeGeneratorTest.IsFillComplete(PlayersWorlds.Maps.Maze.SidewinderMazeGenerator,ThreeQuarters,Manual,System.Collections.Generic.List`1[PlayersWorlds.Maps.Area])" methodname="IsFillComplete" classname="PlayersWorlds.Maps.Maze.MazeGeneratorTest" runstate="Runnable" seed="300903437" result="Skipped" label="Ignored" start-time="2024-05-23T05:00:59.0499760Z" end-time="2024-05-23T05:00:59.0500250Z" duration="0.000049" asserts="0" />
                <test-case id="1-1747" name="IsFillComplete(PlayersWorlds.Maps.Maze.SidewinderMazeGenerator,ThreeQuarters,Manual,System.Collections.Generic.List`1[PlayersWorlds.Maps.Area])" fullname="PlayersWorlds.Maps.Maze.MazeGeneratorTest.IsFillComplete(PlayersWorlds.Maps.Maze.SidewinderMazeGenerator,ThreeQuarters,Manual,System.Collections.Generic.List`1[PlayersWorlds.Maps.Area])" methodname="IsFillComplete" classname="PlayersWorlds.Maps.Maze.MazeGeneratorTest" runstate="Runnable" seed="1470954230" result="Skipped" label="Ignored" start-time="2024-05-23T05:00:59.0500300Z" end-time="2024-05-23T05:00:59.0500780Z" duration="0.000049" asserts="0" />
                <test-case id="1-1748" name="IsFillComplete(PlayersWorlds.Maps.Maze.SidewinderMazeGenerator,ThreeQuarters,Manual,System.Collections.Generic.List`1[PlayersWorlds.Maps.Area])" fullname="PlayersWorlds.Maps.Maze.MazeGeneratorTest.IsFillComplete(PlayersWorlds.Maps.Maze.SidewinderMazeGenerator,ThreeQuarters,Manual,System.Collections.Generic.List`1[PlayersWorlds.Maps.Area])" methodname="IsFillComplete" classname="PlayersWorlds.Maps.Maze.MazeGeneratorTest" runstate="Runnable" seed="1240867003" result="Skipped" label="Ignored" start-time="2024-05-23T05:00:59.0500840Z" end-time="2024-05-23T05:00:59.0501320Z" duration="0.000048" asserts="0" />
                <test-case id="1-1749" name="IsFillComplete(PlayersWorlds.Maps.Maze.SidewinderMazeGenerator,NinetyPercent,Auto,null)" fullname="PlayersWorlds.Maps.Maze.MazeGeneratorTest.IsFillComplete(PlayersWorlds.Maps.Maze.SidewinderMazeGenerator,NinetyPercent,Auto,null)" methodname="IsFillComplete" classname="PlayersWorlds.Maps.Maze.MazeGeneratorTest" runstate="Runnable" seed="138719379" result="Skipped" label="Ignored" start-time="2024-05-23T05:00:59.0501370Z" end-time="2024-05-23T05:00:59.0501850Z" duration="0.000048" asserts="0" />
                <test-case id="1-1750" name="IsFillComplete(PlayersWorlds.Maps.Maze.SidewinderMazeGenerator,NinetyPercent,Auto,System.Collections.Generic.List`1[PlayersWorlds.Maps.Area])" fullname="PlayersWorlds.Maps.Maze.MazeGeneratorTest.IsFillComplete(PlayersWorlds.Maps.Maze.SidewinderMazeGenerator,NinetyPercent,Auto,System.Collections.Generic.List`1[PlayersWorlds.Maps.Area])" methodname="IsFillComplete" classname="PlayersWorlds.Maps.Maze.MazeGeneratorTest" runstate="Runnable" seed="1483365246" result="Skipped" label="Ignored" start-time="2024-05-23T05:00:59.0501900Z" end-time="2024-05-23T05:00:59.0502380Z" duration="0.000048" asserts="0" />
                <test-case id="1-1751" name="IsFillComplete(PlayersWorlds.Maps.Maze.SidewinderMazeGenerator,NinetyPercent,Auto,System.Collections.Generic.List`1[PlayersWorlds.Maps.Area])" fullname="PlayersWorlds.Maps.Maze.MazeGeneratorTest.IsFillComplete(PlayersWorlds.Maps.Maze.SidewinderMazeGenerator,NinetyPercent,Auto,System.Collections.Generic.List`1[PlayersWorlds.Maps.Area])" methodname="IsFillComplete" classname="PlayersWorlds.Maps.Maze.MazeGeneratorTest" runstate="Runnable" seed="1596667981" result="Skipped" label="Ignored" start-time="2024-05-23T05:00:59.0502440Z" end-time="2024-05-23T05:00:59.0502920Z" duration="0.000048" asserts="0" />
                <test-case id="1-1752" name="IsFillComplete(PlayersWorlds.Maps.Maze.SidewinderMazeGenerator,NinetyPercent,Auto,System.Collections.Generic.List`1[PlayersWorlds.Maps.Area])" fullname="PlayersWorlds.Maps.Maze.MazeGeneratorTest.IsFillComplete(PlayersWorlds.Maps.Maze.SidewinderMazeGenerator,NinetyPercent,Auto,System.Collections.Generic.List`1[PlayersWorlds.Maps.Area])" methodname="IsFillComplete" classname="PlayersWorlds.Maps.Maze.MazeGeneratorTest" runstate="Runnable" seed="1432768390" result="Skipped" label="Ignored" start-time="2024-05-23T05:00:59.0502970Z" end-time="2024-05-23T05:00:59.0503450Z" duration="0.000048" asserts="0" />
                <test-case id="1-1753" name="IsFillComplete(PlayersWorlds.Maps.Maze.SidewinderMazeGenerator,NinetyPercent,Auto,System.Collections.Generic.List`1[PlayersWorlds.Maps.Area])" fullname="PlayersWorlds.Maps.Maze.MazeGeneratorTest.IsFillComplete(PlayersWorlds.Maps.Maze.SidewinderMazeGenerator,NinetyPercent,Auto,System.Collections.Generic.List`1[PlayersWorlds.Maps.Area])" methodname="IsFillComplete" classname="PlayersWorlds.Maps.Maze.MazeGeneratorTest" runstate="Runnable" seed="656314761" result="Skipped" label="Ignored" start-time="2024-05-23T05:00:59.0503500Z" end-time="2024-05-23T05:00:59.0503990Z" duration="0.000048" asserts="0" />
                <test-case id="1-1754" name="IsFillComplete(PlayersWorlds.Maps.Maze.SidewinderMazeGenerator,NinetyPercent,Auto,System.Collections.Generic.List`1[PlayersWorlds.Maps.Area])" fullname="PlayersWorlds.Maps.Maze.MazeGeneratorTest.IsFillComplete(PlayersWorlds.Maps.Maze.SidewinderMazeGenerator,NinetyPercent,Auto,System.Collections.Generic.List`1[PlayersWorlds.Maps.Area])" methodname="IsFillComplete" classname="PlayersWorlds.Maps.Maze.MazeGeneratorTest" runstate="Runnable" seed="130609925" result="Skipped" label="Ignored" start-time="2024-05-23T05:00:59.0504040Z" end-time="2024-05-23T05:00:59.0504510Z" duration="0.000048" asserts="0" />
                <test-case id="1-1755" name="IsFillComplete(PlayersWorlds.Maps.Maze.SidewinderMazeGenerator,NinetyPercent,Manual,null)" fullname="PlayersWorlds.Maps.Maze.MazeGeneratorTest.IsFillComplete(PlayersWorlds.Maps.Maze.SidewinderMazeGenerator,NinetyPercent,Manual,null)" methodname="IsFillComplete" classname="PlayersWorlds.Maps.Maze.MazeGeneratorTest" runstate="Runnable" seed="1537719414" result="Skipped" label="Ignored" start-time="2024-05-23T05:00:59.0504570Z" end-time="2024-05-23T05:00:59.0505050Z" duration="0.000049" asserts="0" />
                <test-case id="1-1756" name="IsFillComplete(PlayersWorlds.Maps.Maze.SidewinderMazeGenerator,NinetyPercent,Manual,System.Collections.Generic.List`1[PlayersWorlds.Maps.Area])" fullname="PlayersWorlds.Maps.Maze.MazeGeneratorTest.IsFillComplete(PlayersWorlds.Maps.Maze.SidewinderMazeGenerator,NinetyPercent,Manual,System.Collections.Generic.List`1[PlayersWorlds.Maps.Area])" methodname="IsFillComplete" classname="PlayersWorlds.Maps.Maze.MazeGeneratorTest" runstate="Runnable" seed="1979356344" result="Skipped" label="Ignored" start-time="2024-05-23T05:00:59.0505100Z" end-time="2024-05-23T05:00:59.0505680Z" duration="0.000057" asserts="0" />
                <test-case id="1-1757" name="IsFillComplete(PlayersWorlds.Maps.Maze.SidewinderMazeGenerator,NinetyPercent,Manual,System.Collections.Generic.List`1[PlayersWorlds.Maps.Area])" fullname="PlayersWorlds.Maps.Maze.MazeGeneratorTest.IsFillComplete(PlayersWorlds.Maps.Maze.SidewinderMazeGenerator,NinetyPercent,Manual,System.Collections.Generic.List`1[PlayersWorlds.Maps.Area])" methodname="IsFillComplete" classname="PlayersWorlds.Maps.Maze.MazeGeneratorTest" runstate="Runnable" seed="612709703" result="Skipped" label="Ignored" start-time="2024-05-23T05:00:59.0505730Z" end-time="2024-05-23T05:00:59.0506260Z" duration="0.000052" asserts="0" />
                <test-case id="1-1758" name="IsFillComplete(PlayersWorlds.Maps.Maze.SidewinderMazeGenerator,NinetyPercent,Manual,System.Collections.Generic.List`1[PlayersWorlds.Maps.Area])" fullname="PlayersWorlds.Maps.Maze.MazeGeneratorTest.IsFillComplete(PlayersWorlds.Maps.Maze.SidewinderMazeGenerator,NinetyPercent,Manual,System.Collections.Generic.List`1[PlayersWorlds.Maps.Area])" methodname="IsFillComplete" classname="PlayersWorlds.Maps.Maze.MazeGeneratorTest" runstate="Runnable" seed="239662334" result="Skipped" label="Ignored" start-time="2024-05-23T05:00:59.0506310Z" end-time="2024-05-23T05:00:59.0506800Z" duration="0.000049" asserts="0" />
                <test-case id="1-1759" name="IsFillComplete(PlayersWorlds.Maps.Maze.SidewinderMazeGenerator,NinetyPercent,Manual,System.Collections.Generic.List`1[PlayersWorlds.Maps.Area])" fullname="PlayersWorlds.Maps.Maze.MazeGeneratorTest.IsFillComplete(PlayersWorlds.Maps.Maze.SidewinderMazeGenerator,NinetyPercent,Manual,System.Collections.Generic.List`1[PlayersWorlds.Maps.Area])" methodname="IsFillComplete" classname="PlayersWorlds.Maps.Maze.MazeGeneratorTest" runstate="Runnable" seed="1987320776" result="Skipped" label="Ignored" start-time="2024-05-23T05:00:59.0506860Z" end-time="2024-05-23T05:00:59.0507340Z" duration="0.000048" asserts="0" />
                <test-case id="1-1760" name="IsFillComplete(PlayersWorlds.Maps.Maze.SidewinderMazeGenerator,NinetyPercent,Manual,System.Collections.Generic.List`1[PlayersWorlds.Maps.Area])" fullname="PlayersWorlds.Maps.Maze.MazeGeneratorTest.IsFillComplete(PlayersWorlds.Maps.Maze.SidewinderMazeGenerator,NinetyPercent,Manual,System.Collections.Generic.List`1[PlayersWorlds.Maps.Area])" methodname="IsFillComplete" classname="PlayersWorlds.Maps.Maze.MazeGeneratorTest" runstate="Runnable" seed="65958526" result="Skipped" label="Ignored" start-time="2024-05-23T05:00:59.0507390Z" end-time="2024-05-23T05:00:59.0507880Z" duration="0.000048" asserts="0" />
                <test-case id="1-1761" name="IsFillComplete(PlayersWorlds.Maps.Maze.SidewinderMazeGenerator,FullWidth,Auto,null)" fullname="PlayersWorlds.Maps.Maze.MazeGeneratorTest.IsFillComplete(PlayersWorlds.Maps.Maze.SidewinderMazeGenerator,FullWidth,Auto,null)" methodname="IsFillComplete" classname="PlayersWorlds.Maps.Maze.MazeGeneratorTest" runstate="Runnable" seed="507319512" result="Skipped" label="Ignored" start-time="2024-05-23T05:00:59.0507930Z" end-time="2024-05-23T05:00:59.0508410Z" duration="0.000048" asserts="0" />
                <test-case id="1-1762" name="IsFillComplete(PlayersWorlds.Maps.Maze.SidewinderMazeGenerator,FullWidth,Auto,System.Collections.Generic.List`1[PlayersWorlds.Maps.Area])" fullname="PlayersWorlds.Maps.Maze.MazeGeneratorTest.IsFillComplete(PlayersWorlds.Maps.Maze.SidewinderMazeGenerator,FullWidth,Auto,System.Collections.Generic.List`1[PlayersWorlds.Maps.Area])" methodname="IsFillComplete" classname="PlayersWorlds.Maps.Maze.MazeGeneratorTest" runstate="Runnable" seed="339313017" result="Skipped" label="Ignored" start-time="2024-05-23T05:00:59.0508470Z" end-time="2024-05-23T05:00:59.0508950Z" duration="0.000048" asserts="0" />
                <test-case id="1-1763" name="IsFillComplete(PlayersWorlds.Maps.Maze.SidewinderMazeGenerator,FullWidth,Auto,System.Collections.Generic.List`1[PlayersWorlds.Maps.Area])" fullname="PlayersWorlds.Maps.Maze.MazeGeneratorTest.IsFillComplete(PlayersWorlds.Maps.Maze.SidewinderMazeGenerator,FullWidth,Auto,System.Collections.Generic.List`1[PlayersWorlds.Maps.Area])" methodname="IsFillComplete" classname="PlayersWorlds.Maps.Maze.MazeGeneratorTest" runstate="Runnable" seed="313968065" result="Skipped" label="Ignored" start-time="2024-05-23T05:00:59.0509000Z" end-time="2024-05-23T05:00:59.0509470Z" duration="0.000048" asserts="0" />
                <test-case id="1-1764" name="IsFillComplete(PlayersWorlds.Maps.Maze.SidewinderMazeGenerator,FullWidth,Auto,System.Collections.Generic.List`1[PlayersWorlds.Maps.Area])" fullname="PlayersWorlds.Maps.Maze.MazeGeneratorTest.IsFillComplete(PlayersWorlds.Maps.Maze.SidewinderMazeGenerator,FullWidth,Auto,System.Collections.Generic.List`1[PlayersWorlds.Maps.Area])" methodname="IsFillComplete" classname="PlayersWorlds.Maps.Maze.MazeGeneratorTest" runstate="Runnable" seed="426036711" result="Skipped" label="Ignored" start-time="2024-05-23T05:00:59.0509520Z" end-time="2024-05-23T05:00:59.0510000Z" duration="0.000048" asserts="0" />
                <test-case id="1-1765" name="IsFillComplete(PlayersWorlds.Maps.Maze.SidewinderMazeGenerator,FullWidth,Auto,System.Collections.Generic.List`1[PlayersWorlds.Maps.Area])" fullname="PlayersWorlds.Maps.Maze.MazeGeneratorTest.IsFillComplete(PlayersWorlds.Maps.Maze.SidewinderMazeGenerator,FullWidth,Auto,System.Collections.Generic.List`1[PlayersWorlds.Maps.Area])" methodname="IsFillComplete" classname="PlayersWorlds.Maps.Maze.MazeGeneratorTest" runstate="Runnable" seed="1349312473" result="Skipped" label="Ignored" start-time="2024-05-23T05:00:59.0510060Z" end-time="2024-05-23T05:00:59.0510530Z" duration="0.000048" asserts="0" />
                <test-case id="1-1766" name="IsFillComplete(PlayersWorlds.Maps.Maze.SidewinderMazeGenerator,FullWidth,Auto,System.Collections.Generic.List`1[PlayersWorlds.Maps.Area])" fullname="PlayersWorlds.Maps.Maze.MazeGeneratorTest.IsFillComplete(PlayersWorlds.Maps.Maze.SidewinderMazeGenerator,FullWidth,Auto,System.Collections.Generic.List`1[PlayersWorlds.Maps.Area])" methodname="IsFillComplete" classname="PlayersWorlds.Maps.Maze.MazeGeneratorTest" runstate="Runnable" seed="1519474035" result="Skipped" label="Ignored" start-time="2024-05-23T05:00:59.0510590Z" end-time="2024-05-23T05:00:59.0511070Z" duration="0.000049" asserts="0" />
                <test-case id="1-1767" name="IsFillComplete(PlayersWorlds.Maps.Maze.SidewinderMazeGenerator,FullWidth,Manual,null)" fullname="PlayersWorlds.Maps.Maze.MazeGeneratorTest.IsFillComplete(PlayersWorlds.Maps.Maze.SidewinderMazeGenerator,FullWidth,Manual,null)" methodname="IsFillComplete" classname="PlayersWorlds.Maps.Maze.MazeGeneratorTest" runstate="Runnable" seed="850421635" result="Skipped" label="Ignored" start-time="2024-05-23T05:00:59.0511130Z" end-time="2024-05-23T05:00:59.0511600Z" duration="0.000048" asserts="0" />
                <test-case id="1-1768" name="IsFillComplete(PlayersWorlds.Maps.Maze.SidewinderMazeGenerator,FullWidth,Manual,System.Collections.Generic.List`1[PlayersWorlds.Maps.Area])" fullname="PlayersWorlds.Maps.Maze.MazeGeneratorTest.IsFillComplete(PlayersWorlds.Maps.Maze.SidewinderMazeGenerator,FullWidth,Manual,System.Collections.Generic.List`1[PlayersWorlds.Maps.Area])" methodname="IsFillComplete" classname="PlayersWorlds.Maps.Maze.MazeGeneratorTest" runstate="Runnable" seed="1618463684" result="Skipped" label="Ignored" start-time="2024-05-23T05:00:59.0511650Z" end-time="2024-05-23T05:00:59.0512130Z" duration="0.000048" asserts="0" />
                <test-case id="1-1769" name="IsFillComplete(PlayersWorlds.Maps.Maze.SidewinderMazeGenerator,FullWidth,Manual,System.Collections.Generic.List`1[PlayersWorlds.Maps.Area])" fullname="PlayersWorlds.Maps.Maze.MazeGeneratorTest.IsFillComplete(PlayersWorlds.Maps.Maze.SidewinderMazeGenerator,FullWidth,Manual,System.Collections.Generic.List`1[PlayersWorlds.Maps.Area])" methodname="IsFillComplete" classname="PlayersWorlds.Maps.Maze.MazeGeneratorTest" runstate="Runnable" seed="118974661" result="Skipped" label="Ignored" start-time="2024-05-23T05:00:59.0512190Z" end-time="2024-05-23T05:00:59.0512670Z" duration="0.000048" asserts="0" />
                <test-case id="1-1770" name="IsFillComplete(PlayersWorlds.Maps.Maze.SidewinderMazeGenerator,FullWidth,Manual,System.Collections.Generic.List`1[PlayersWorlds.Maps.Area])" fullname="PlayersWorlds.Maps.Maze.MazeGeneratorTest.IsFillComplete(PlayersWorlds.Maps.Maze.SidewinderMazeGenerator,FullWidth,Manual,System.Collections.Generic.List`1[PlayersWorlds.Maps.Area])" methodname="IsFillComplete" classname="PlayersWorlds.Maps.Maze.MazeGeneratorTest" runstate="Runnable" seed="1215313037" result="Skipped" label="Ignored" start-time="2024-05-23T05:00:59.0512720Z" end-time="2024-05-23T05:00:59.0513200Z" duration="0.000048" asserts="0" />
                <test-case id="1-1771" name="IsFillComplete(PlayersWorlds.Maps.Maze.SidewinderMazeGenerator,FullWidth,Manual,System.Collections.Generic.List`1[PlayersWorlds.Maps.Area])" fullname="PlayersWorlds.Maps.Maze.MazeGeneratorTest.IsFillComplete(PlayersWorlds.Maps.Maze.SidewinderMazeGenerator,FullWidth,Manual,System.Collections.Generic.List`1[PlayersWorlds.Maps.Area])" methodname="IsFillComplete" classname="PlayersWorlds.Maps.Maze.MazeGeneratorTest" runstate="Runnable" seed="1223522708" result="Skipped" label="Ignored" start-time="2024-05-23T05:00:59.0513250Z" end-time="2024-05-23T05:00:59.0513740Z" duration="0.000048" asserts="0" />
                <test-case id="1-1772" name="IsFillComplete(PlayersWorlds.Maps.Maze.SidewinderMazeGenerator,FullWidth,Manual,System.Collections.Generic.List`1[PlayersWorlds.Maps.Area])" fullname="PlayersWorlds.Maps.Maze.MazeGeneratorTest.IsFillComplete(PlayersWorlds.Maps.Maze.SidewinderMazeGenerator,FullWidth,Manual,System.Collections.Generic.List`1[PlayersWorlds.Maps.Area])" methodname="IsFillComplete" classname="PlayersWorlds.Maps.Maze.MazeGeneratorTest" runstate="Runnable" seed="1103367469" result="Skipped" label="Ignored" start-time="2024-05-23T05:00:59.0513790Z" end-time="2024-05-23T05:00:59.0514270Z" duration="0.000048" asserts="0" />
                <test-case id="1-1773" name="IsFillComplete(PlayersWorlds.Maps.Maze.SidewinderMazeGenerator,FullHeight,Auto,null)" fullname="PlayersWorlds.Maps.Maze.MazeGeneratorTest.IsFillComplete(PlayersWorlds.Maps.Maze.SidewinderMazeGenerator,FullHeight,Auto,null)" methodname="IsFillComplete" classname="PlayersWorlds.Maps.Maze.MazeGeneratorTest" runstate="Runnable" seed="1964416450" result="Skipped" label="Ignored" start-time="2024-05-23T05:00:59.0514320Z" end-time="2024-05-23T05:00:59.0514800Z" duration="0.000048" asserts="0" />
                <test-case id="1-1774" name="IsFillComplete(PlayersWorlds.Maps.Maze.SidewinderMazeGenerator,FullHeight,Auto,System.Collections.Generic.List`1[PlayersWorlds.Maps.Area])" fullname="PlayersWorlds.Maps.Maze.MazeGeneratorTest.IsFillComplete(PlayersWorlds.Maps.Maze.SidewinderMazeGenerator,FullHeight,Auto,System.Collections.Generic.List`1[PlayersWorlds.Maps.Area])" methodname="IsFillComplete" classname="PlayersWorlds.Maps.Maze.MazeGeneratorTest" runstate="Runnable" seed="846616570" result="Skipped" label="Ignored" start-time="2024-05-23T05:00:59.0514860Z" end-time="2024-05-23T05:00:59.0515340Z" duration="0.000048" asserts="0" />
                <test-case id="1-1775" name="IsFillComplete(PlayersWorlds.Maps.Maze.SidewinderMazeGenerator,FullHeight,Auto,System.Collections.Generic.List`1[PlayersWorlds.Maps.Area])" fullname="PlayersWorlds.Maps.Maze.MazeGeneratorTest.IsFillComplete(PlayersWorlds.Maps.Maze.SidewinderMazeGenerator,FullHeight,Auto,System.Collections.Generic.List`1[PlayersWorlds.Maps.Area])" methodname="IsFillComplete" classname="PlayersWorlds.Maps.Maze.MazeGeneratorTest" runstate="Runnable" seed="499590900" result="Skipped" label="Ignored" start-time="2024-05-23T05:00:59.0515400Z" end-time="2024-05-23T05:00:59.0515880Z" duration="0.000048" asserts="0" />
                <test-case id="1-1776" name="IsFillComplete(PlayersWorlds.Maps.Maze.SidewinderMazeGenerator,FullHeight,Auto,System.Collections.Generic.List`1[PlayersWorlds.Maps.Area])" fullname="PlayersWorlds.Maps.Maze.MazeGeneratorTest.IsFillComplete(PlayersWorlds.Maps.Maze.SidewinderMazeGenerator,FullHeight,Auto,System.Collections.Generic.List`1[PlayersWorlds.Maps.Area])" methodname="IsFillComplete" classname="PlayersWorlds.Maps.Maze.MazeGeneratorTest" runstate="Runnable" seed="1131239725" result="Skipped" label="Ignored" start-time="2024-05-23T05:00:59.0515930Z" end-time="2024-05-23T05:00:59.0516410Z" duration="0.000048" asserts="0" />
                <test-case id="1-1777" name="IsFillComplete(PlayersWorlds.Maps.Maze.SidewinderMazeGenerator,FullHeight,Auto,System.Collections.Generic.List`1[PlayersWorlds.Maps.Area])" fullname="PlayersWorlds.Maps.Maze.MazeGeneratorTest.IsFillComplete(PlayersWorlds.Maps.Maze.SidewinderMazeGenerator,FullHeight,Auto,System.Collections.Generic.List`1[PlayersWorlds.Maps.Area])" methodname="IsFillComplete" classname="PlayersWorlds.Maps.Maze.MazeGeneratorTest" runstate="Runnable" seed="1042673133" result="Skipped" label="Ignored" start-time="2024-05-23T05:00:59.0516460Z" end-time="2024-05-23T05:00:59.0516940Z" duration="0.000048" asserts="0" />
                <test-case id="1-1778" name="IsFillComplete(PlayersWorlds.Maps.Maze.SidewinderMazeGenerator,FullHeight,Auto,System.Collections.Generic.List`1[PlayersWorlds.Maps.Area])" fullname="PlayersWorlds.Maps.Maze.MazeGeneratorTest.IsFillComplete(PlayersWorlds.Maps.Maze.SidewinderMazeGenerator,FullHeight,Auto,System.Collections.Generic.List`1[PlayersWorlds.Maps.Area])" methodname="IsFillComplete" classname="PlayersWorlds.Maps.Maze.MazeGeneratorTest" runstate="Runnable" seed="1032998761" result="Skipped" label="Ignored" start-time="2024-05-23T05:00:59.0516990Z" end-time="2024-05-23T05:00:59.0517460Z" duration="0.000048" asserts="0" />
                <test-case id="1-1779" name="IsFillComplete(PlayersWorlds.Maps.Maze.SidewinderMazeGenerator,FullHeight,Manual,null)" fullname="PlayersWorlds.Maps.Maze.MazeGeneratorTest.IsFillComplete(PlayersWorlds.Maps.Maze.SidewinderMazeGenerator,FullHeight,Manual,null)" methodname="IsFillComplete" classname="PlayersWorlds.Maps.Maze.MazeGeneratorTest" runstate="Runnable" seed="1908963836" result="Skipped" label="Ignored" start-time="2024-05-23T05:00:59.0517520Z" end-time="2024-05-23T05:00:59.0518000Z" duration="0.000048" asserts="0" />
                <test-case id="1-1780" name="IsFillComplete(PlayersWorlds.Maps.Maze.SidewinderMazeGenerator,FullHeight,Manual,System.Collections.Generic.List`1[PlayersWorlds.Maps.Area])" fullname="PlayersWorlds.Maps.Maze.MazeGeneratorTest.IsFillComplete(PlayersWorlds.Maps.Maze.SidewinderMazeGenerator,FullHeight,Manual,System.Collections.Generic.List`1[PlayersWorlds.Maps.Area])" methodname="IsFillComplete" classname="PlayersWorlds.Maps.Maze.MazeGeneratorTest" runstate="Runnable" seed="556948210" result="Skipped" label="Ignored" start-time="2024-05-23T05:00:59.0518050Z" end-time="2024-05-23T05:00:59.0518530Z" duration="0.000048" asserts="0" />
                <test-case id="1-1781" name="IsFillComplete(PlayersWorlds.Maps.Maze.SidewinderMazeGenerator,FullHeight,Manual,System.Collections.Generic.List`1[PlayersWorlds.Maps.Area])" fullname="PlayersWorlds.Maps.Maze.MazeGeneratorTest.IsFillComplete(PlayersWorlds.Maps.Maze.SidewinderMazeGenerator,FullHeight,Manual,System.Collections.Generic.List`1[PlayersWorlds.Maps.Area])" methodname="IsFillComplete" classname="PlayersWorlds.Maps.Maze.MazeGeneratorTest" runstate="Runnable" seed="682319114" result="Skipped" label="Ignored" start-time="2024-05-23T05:00:59.0518580Z" end-time="2024-05-23T05:00:59.0519060Z" duration="0.000048" asserts="0" />
                <test-case id="1-1782" name="IsFillComplete(PlayersWorlds.Maps.Maze.SidewinderMazeGenerator,FullHeight,Manual,System.Collections.Generic.List`1[PlayersWorlds.Maps.Area])" fullname="PlayersWorlds.Maps.Maze.MazeGeneratorTest.IsFillComplete(PlayersWorlds.Maps.Maze.SidewinderMazeGenerator,FullHeight,Manual,System.Collections.Generic.List`1[PlayersWorlds.Maps.Area])" methodname="IsFillComplete" classname="PlayersWorlds.Maps.Maze.MazeGeneratorTest" runstate="Runnable" seed="325522269" result="Skipped" label="Ignored" start-time="2024-05-23T05:00:59.0519110Z" end-time="2024-05-23T05:00:59.0519590Z" duration="0.000048" asserts="0" />
                <test-case id="1-1783" name="IsFillComplete(PlayersWorlds.Maps.Maze.SidewinderMazeGenerator,FullHeight,Manual,System.Collections.Generic.List`1[PlayersWorlds.Maps.Area])" fullname="PlayersWorlds.Maps.Maze.MazeGeneratorTest.IsFillComplete(PlayersWorlds.Maps.Maze.SidewinderMazeGenerator,FullHeight,Manual,System.Collections.Generic.List`1[PlayersWorlds.Maps.Area])" methodname="IsFillComplete" classname="PlayersWorlds.Maps.Maze.MazeGeneratorTest" runstate="Runnable" seed="1857971263" result="Skipped" label="Ignored" start-time="2024-05-23T05:00:59.0519640Z" end-time="2024-05-23T05:00:59.0520130Z" duration="0.000049" asserts="0" />
                <test-case id="1-1784" name="IsFillComplete(PlayersWorlds.Maps.Maze.SidewinderMazeGenerator,FullHeight,Manual,System.Collections.Generic.List`1[PlayersWorlds.Maps.Area])" fullname="PlayersWorlds.Maps.Maze.MazeGeneratorTest.IsFillComplete(PlayersWorlds.Maps.Maze.SidewinderMazeGenerator,FullHeight,Manual,System.Collections.Generic.List`1[PlayersWorlds.Maps.Area])" methodname="IsFillComplete" classname="PlayersWorlds.Maps.Maze.MazeGeneratorTest" runstate="Runnable" seed="2084324430" result="Skipped" label="Ignored" start-time="2024-05-23T05:00:59.0520180Z" end-time="2024-05-23T05:00:59.0520680Z" duration="0.000050" asserts="0" />
                <test-case id="1-1785" name="IsFillComplete(PlayersWorlds.Maps.Maze.SidewinderMazeGenerator,Full,Auto,null)" fullname="PlayersWorlds.Maps.Maze.MazeGeneratorTest.IsFillComplete(PlayersWorlds.Maps.Maze.SidewinderMazeGenerator,Full,Auto,null)" methodname="IsFillComplete" classname="PlayersWorlds.Maps.Maze.MazeGeneratorTest" runstate="Runnable" seed="523573207" result="Passed" start-time="2024-05-23T05:00:59.0520740Z" end-time="2024-05-23T05:00:59.0646750Z" duration="0.012601" asserts="4" />
                <test-case id="1-1786" name="IsFillComplete(PlayersWorlds.Maps.Maze.SidewinderMazeGenerator,Full,Auto,System.Collections.Generic.List`1[PlayersWorlds.Maps.Area])" fullname="PlayersWorlds.Maps.Maze.MazeGeneratorTest.IsFillComplete(PlayersWorlds.Maps.Maze.SidewinderMazeGenerator,Full,Auto,System.Collections.Generic.List`1[PlayersWorlds.Maps.Area])" methodname="IsFillComplete" classname="PlayersWorlds.Maps.Maze.MazeGeneratorTest" runstate="Runnable" seed="971509569" result="Passed" start-time="2024-05-23T05:00:59.0646830Z" end-time="2024-05-23T05:00:59.0696760Z" duration="0.004993" asserts="5" />
                <test-case id="1-1787" name="IsFillComplete(PlayersWorlds.Maps.Maze.SidewinderMazeGenerator,Full,Auto,System.Collections.Generic.List`1[PlayersWorlds.Maps.Area])" fullname="PlayersWorlds.Maps.Maze.MazeGeneratorTest.IsFillComplete(PlayersWorlds.Maps.Maze.SidewinderMazeGenerator,Full,Auto,System.Collections.Generic.List`1[PlayersWorlds.Maps.Area])" methodname="IsFillComplete" classname="PlayersWorlds.Maps.Maze.MazeGeneratorTest" runstate="Runnable" seed="22424313" result="Passed" start-time="2024-05-23T05:00:59.0696850Z" end-time="2024-05-23T05:00:59.0750810Z" duration="0.005397" asserts="5" />
                <test-case id="1-1788" name="IsFillComplete(PlayersWorlds.Maps.Maze.SidewinderMazeGenerator,Full,Auto,System.Collections.Generic.List`1[PlayersWorlds.Maps.Area])" fullname="PlayersWorlds.Maps.Maze.MazeGeneratorTest.IsFillComplete(PlayersWorlds.Maps.Maze.SidewinderMazeGenerator,Full,Auto,System.Collections.Generic.List`1[PlayersWorlds.Maps.Area])" methodname="IsFillComplete" classname="PlayersWorlds.Maps.Maze.MazeGeneratorTest" runstate="Runnable" seed="158926396" result="Passed" start-time="2024-05-23T05:00:59.0750890Z" end-time="2024-05-23T05:00:59.0793320Z" duration="0.004243" asserts="5" />
                <test-case id="1-1789" name="IsFillComplete(PlayersWorlds.Maps.Maze.SidewinderMazeGenerator,Full,Auto,System.Collections.Generic.List`1[PlayersWorlds.Maps.Area])" fullname="PlayersWorlds.Maps.Maze.MazeGeneratorTest.IsFillComplete(PlayersWorlds.Maps.Maze.SidewinderMazeGenerator,Full,Auto,System.Collections.Generic.List`1[PlayersWorlds.Maps.Area])" methodname="IsFillComplete" classname="PlayersWorlds.Maps.Maze.MazeGeneratorTest" runstate="Runnable" seed="1356259971" result="Passed" start-time="2024-05-23T05:00:59.0793390Z" end-time="2024-05-23T05:00:59.0882880Z" duration="0.008949" asserts="5" />
                <test-case id="1-1790" name="IsFillComplete(PlayersWorlds.Maps.Maze.SidewinderMazeGenerator,Full,Auto,System.Collections.Generic.List`1[PlayersWorlds.Maps.Area])" fullname="PlayersWorlds.Maps.Maze.MazeGeneratorTest.IsFillComplete(PlayersWorlds.Maps.Maze.SidewinderMazeGenerator,Full,Auto,System.Collections.Generic.List`1[PlayersWorlds.Maps.Area])" methodname="IsFillComplete" classname="PlayersWorlds.Maps.Maze.MazeGeneratorTest" runstate="Runnable" seed="1133096608" result="Passed" start-time="2024-05-23T05:00:59.0882970Z" end-time="2024-05-23T05:00:59.0978340Z" duration="0.009537" asserts="5" />
                <test-case id="1-1791" name="IsFillComplete(PlayersWorlds.Maps.Maze.SidewinderMazeGenerator,Full,Manual,null)" fullname="PlayersWorlds.Maps.Maze.MazeGeneratorTest.IsFillComplete(PlayersWorlds.Maps.Maze.SidewinderMazeGenerator,Full,Manual,null)" methodname="IsFillComplete" classname="PlayersWorlds.Maps.Maze.MazeGeneratorTest" runstate="Runnable" seed="2036838549" result="Passed" start-time="2024-05-23T05:00:59.0978460Z" end-time="2024-05-23T05:00:59.0999130Z" duration="0.002068" asserts="4" />
                <test-case id="1-1792" name="IsFillComplete(PlayersWorlds.Maps.Maze.SidewinderMazeGenerator,Full,Manual,System.Collections.Generic.List`1[PlayersWorlds.Maps.Area])" fullname="PlayersWorlds.Maps.Maze.MazeGeneratorTest.IsFillComplete(PlayersWorlds.Maps.Maze.SidewinderMazeGenerator,Full,Manual,System.Collections.Generic.List`1[PlayersWorlds.Maps.Area])" methodname="IsFillComplete" classname="PlayersWorlds.Maps.Maze.MazeGeneratorTest" runstate="Runnable" seed="33047407" result="Passed" start-time="2024-05-23T05:00:59.0999230Z" end-time="2024-05-23T05:00:59.1025170Z" duration="0.002594" asserts="5" />
                <test-case id="1-1793" name="IsFillComplete(PlayersWorlds.Maps.Maze.SidewinderMazeGenerator,Full,Manual,System.Collections.Generic.List`1[PlayersWorlds.Maps.Area])" fullname="PlayersWorlds.Maps.Maze.MazeGeneratorTest.IsFillComplete(PlayersWorlds.Maps.Maze.SidewinderMazeGenerator,Full,Manual,System.Collections.Generic.List`1[PlayersWorlds.Maps.Area])" methodname="IsFillComplete" classname="PlayersWorlds.Maps.Maze.MazeGeneratorTest" runstate="Runnable" seed="2129311789" result="Passed" start-time="2024-05-23T05:00:59.1025270Z" end-time="2024-05-23T05:00:59.1046980Z" duration="0.002172" asserts="5" />
                <test-case id="1-1794" name="IsFillComplete(PlayersWorlds.Maps.Maze.SidewinderMazeGenerator,Full,Manual,System.Collections.Generic.List`1[PlayersWorlds.Maps.Area])" fullname="PlayersWorlds.Maps.Maze.MazeGeneratorTest.IsFillComplete(PlayersWorlds.Maps.Maze.SidewinderMazeGenerator,Full,Manual,System.Collections.Generic.List`1[PlayersWorlds.Maps.Area])" methodname="IsFillComplete" classname="PlayersWorlds.Maps.Maze.MazeGeneratorTest" runstate="Runnable" seed="562340510" result="Passed" start-time="2024-05-23T05:00:59.1047080Z" end-time="2024-05-23T05:00:59.1069640Z" duration="0.002256" asserts="5" />
                <test-case id="1-1795" name="IsFillComplete(PlayersWorlds.Maps.Maze.SidewinderMazeGenerator,Full,Manual,System.Collections.Generic.List`1[PlayersWorlds.Maps.Area])" fullname="PlayersWorlds.Maps.Maze.MazeGeneratorTest.IsFillComplete(PlayersWorlds.Maps.Maze.SidewinderMazeGenerator,Full,Manual,System.Collections.Generic.List`1[PlayersWorlds.Maps.Area])" methodname="IsFillComplete" classname="PlayersWorlds.Maps.Maze.MazeGeneratorTest" runstate="Runnable" seed="835479441" result="Passed" start-time="2024-05-23T05:00:59.1069740Z" end-time="2024-05-23T05:00:59.1105350Z" duration="0.003561" asserts="5" />
                <test-case id="1-1796" name="IsFillComplete(PlayersWorlds.Maps.Maze.SidewinderMazeGenerator,Full,Manual,System.Collections.Generic.List`1[PlayersWorlds.Maps.Area])" fullname="PlayersWorlds.Maps.Maze.MazeGeneratorTest.IsFillComplete(PlayersWorlds.Maps.Maze.SidewinderMazeGenerator,Full,Manual,System.Collections.Generic.List`1[PlayersWorlds.Maps.Area])" methodname="IsFillComplete" classname="PlayersWorlds.Maps.Maze.MazeGeneratorTest" runstate="Runnable" seed="2117949179" result="Passed" start-time="2024-05-23T05:00:59.1105450Z" end-time="2024-05-23T05:00:59.1134770Z" duration="0.002932" asserts="5" />
                <test-case id="1-1797" name="IsFillComplete(PlayersWorlds.Maps.Maze.WilsonsMazeGenerator,Quarter,Auto,null)" fullname="PlayersWorlds.Maps.Maze.MazeGeneratorTest.IsFillComplete(PlayersWorlds.Maps.Maze.WilsonsMazeGenerator,Quarter,Auto,null)" methodname="IsFillComplete" classname="PlayersWorlds.Maps.Maze.MazeGeneratorTest" runstate="Runnable" seed="2003654465" result="Passed" start-time="2024-05-23T05:00:59.1134870Z" end-time="2024-05-23T05:00:59.1171120Z" duration="0.003625" asserts="4" />
                <test-case id="1-1798" name="IsFillComplete(PlayersWorlds.Maps.Maze.WilsonsMazeGenerator,Quarter,Auto,System.Collections.Generic.List`1[PlayersWorlds.Maps.Area])" fullname="PlayersWorlds.Maps.Maze.MazeGeneratorTest.IsFillComplete(PlayersWorlds.Maps.Maze.WilsonsMazeGenerator,Quarter,Auto,System.Collections.Generic.List`1[PlayersWorlds.Maps.Area])" methodname="IsFillComplete" classname="PlayersWorlds.Maps.Maze.MazeGeneratorTest" runstate="Runnable" seed="156609354" result="Passed" start-time="2024-05-23T05:00:59.1171230Z" end-time="2024-05-23T05:00:59.1190050Z" duration="0.001882" asserts="5" />
                <test-case id="1-1799" name="IsFillComplete(PlayersWorlds.Maps.Maze.WilsonsMazeGenerator,Quarter,Auto,System.Collections.Generic.List`1[PlayersWorlds.Maps.Area])" fullname="PlayersWorlds.Maps.Maze.MazeGeneratorTest.IsFillComplete(PlayersWorlds.Maps.Maze.WilsonsMazeGenerator,Quarter,Auto,System.Collections.Generic.List`1[PlayersWorlds.Maps.Area])" methodname="IsFillComplete" classname="PlayersWorlds.Maps.Maze.MazeGeneratorTest" runstate="Runnable" seed="1487413180" result="Passed" start-time="2024-05-23T05:00:59.1190150Z" end-time="2024-05-23T05:00:59.1231510Z" duration="0.004137" asserts="5" />
                <test-case id="1-1800" name="IsFillComplete(PlayersWorlds.Maps.Maze.WilsonsMazeGenerator,Quarter,Auto,System.Collections.Generic.List`1[PlayersWorlds.Maps.Area])" fullname="PlayersWorlds.Maps.Maze.MazeGeneratorTest.IsFillComplete(PlayersWorlds.Maps.Maze.WilsonsMazeGenerator,Quarter,Auto,System.Collections.Generic.List`1[PlayersWorlds.Maps.Area])" methodname="IsFillComplete" classname="PlayersWorlds.Maps.Maze.MazeGeneratorTest" runstate="Runnable" seed="1095754750" result="Passed" start-time="2024-05-23T05:00:59.1231620Z" end-time="2024-05-23T05:00:59.1260590Z" duration="0.002897" asserts="5" />
                <test-case id="1-1801" name="IsFillComplete(PlayersWorlds.Maps.Maze.WilsonsMazeGenerator,Quarter,Auto,System.Collections.Generic.List`1[PlayersWorlds.Maps.Area])" fullname="PlayersWorlds.Maps.Maze.MazeGeneratorTest.IsFillComplete(PlayersWorlds.Maps.Maze.WilsonsMazeGenerator,Quarter,Auto,System.Collections.Generic.List`1[PlayersWorlds.Maps.Area])" methodname="IsFillComplete" classname="PlayersWorlds.Maps.Maze.MazeGeneratorTest" runstate="Runnable" seed="1597965449" result="Passed" start-time="2024-05-23T05:00:59.1260690Z" end-time="2024-05-23T05:00:59.1318940Z" duration="0.005824" asserts="5" />
                <test-case id="1-1802" name="IsFillComplete(PlayersWorlds.Maps.Maze.WilsonsMazeGenerator,Quarter,Auto,System.Collections.Generic.List`1[PlayersWorlds.Maps.Area])" fullname="PlayersWorlds.Maps.Maze.MazeGeneratorTest.IsFillComplete(PlayersWorlds.Maps.Maze.WilsonsMazeGenerator,Quarter,Auto,System.Collections.Generic.List`1[PlayersWorlds.Maps.Area])" methodname="IsFillComplete" classname="PlayersWorlds.Maps.Maze.MazeGeneratorTest" runstate="Runnable" seed="1999974193" result="Passed" start-time="2024-05-23T05:00:59.1319040Z" end-time="2024-05-23T05:00:59.1397560Z" duration="0.007852" asserts="5" />
                <test-case id="1-1803" name="IsFillComplete(PlayersWorlds.Maps.Maze.WilsonsMazeGenerator,Quarter,Manual,null)" fullname="PlayersWorlds.Maps.Maze.MazeGeneratorTest.IsFillComplete(PlayersWorlds.Maps.Maze.WilsonsMazeGenerator,Quarter,Manual,null)" methodname="IsFillComplete" classname="PlayersWorlds.Maps.Maze.MazeGeneratorTest" runstate="Runnable" seed="1121892342" result="Passed" start-time="2024-05-23T05:00:59.1397690Z" end-time="2024-05-23T05:00:59.1408040Z" duration="0.001035" asserts="4" />
                <test-case id="1-1804" name="IsFillComplete(PlayersWorlds.Maps.Maze.WilsonsMazeGenerator,Quarter,Manual,System.Collections.Generic.List`1[PlayersWorlds.Maps.Area])" fullname="PlayersWorlds.Maps.Maze.MazeGeneratorTest.IsFillComplete(PlayersWorlds.Maps.Maze.WilsonsMazeGenerator,Quarter,Manual,System.Collections.Generic.List`1[PlayersWorlds.Maps.Area])" methodname="IsFillComplete" classname="PlayersWorlds.Maps.Maze.MazeGeneratorTest" runstate="Runnable" seed="1070889989" result="Passed" start-time="2024-05-23T05:00:59.1408130Z" end-time="2024-05-23T05:00:59.1418180Z" duration="0.001005" asserts="5" />
                <test-case id="1-1805" name="IsFillComplete(PlayersWorlds.Maps.Maze.WilsonsMazeGenerator,Quarter,Manual,System.Collections.Generic.List`1[PlayersWorlds.Maps.Area])" fullname="PlayersWorlds.Maps.Maze.MazeGeneratorTest.IsFillComplete(PlayersWorlds.Maps.Maze.WilsonsMazeGenerator,Quarter,Manual,System.Collections.Generic.List`1[PlayersWorlds.Maps.Area])" methodname="IsFillComplete" classname="PlayersWorlds.Maps.Maze.MazeGeneratorTest" runstate="Runnable" seed="259842538" result="Passed" start-time="2024-05-23T05:00:59.1418270Z" end-time="2024-05-23T05:00:59.1436670Z" duration="0.001840" asserts="5" />
                <test-case id="1-1806" name="IsFillComplete(PlayersWorlds.Maps.Maze.WilsonsMazeGenerator,Quarter,Manual,System.Collections.Generic.List`1[PlayersWorlds.Maps.Area])" fullname="PlayersWorlds.Maps.Maze.MazeGeneratorTest.IsFillComplete(PlayersWorlds.Maps.Maze.WilsonsMazeGenerator,Quarter,Manual,System.Collections.Generic.List`1[PlayersWorlds.Maps.Area])" methodname="IsFillComplete" classname="PlayersWorlds.Maps.Maze.MazeGeneratorTest" runstate="Runnable" seed="493300512" result="Passed" start-time="2024-05-23T05:00:59.1436770Z" end-time="2024-05-23T05:00:59.1448840Z" duration="0.001207" asserts="5" />
                <test-case id="1-1807" name="IsFillComplete(PlayersWorlds.Maps.Maze.WilsonsMazeGenerator,Quarter,Manual,System.Collections.Generic.List`1[PlayersWorlds.Maps.Area])" fullname="PlayersWorlds.Maps.Maze.MazeGeneratorTest.IsFillComplete(PlayersWorlds.Maps.Maze.WilsonsMazeGenerator,Quarter,Manual,System.Collections.Generic.List`1[PlayersWorlds.Maps.Area])" methodname="IsFillComplete" classname="PlayersWorlds.Maps.Maze.MazeGeneratorTest" runstate="Runnable" seed="1615835587" result="Passed" start-time="2024-05-23T05:00:59.1448940Z" end-time="2024-05-23T05:00:59.1469060Z" duration="0.002013" asserts="5" />
                <test-case id="1-1808" name="IsFillComplete(PlayersWorlds.Maps.Maze.WilsonsMazeGenerator,Quarter,Manual,System.Collections.Generic.List`1[PlayersWorlds.Maps.Area])" fullname="PlayersWorlds.Maps.Maze.MazeGeneratorTest.IsFillComplete(PlayersWorlds.Maps.Maze.WilsonsMazeGenerator,Quarter,Manual,System.Collections.Generic.List`1[PlayersWorlds.Maps.Area])" methodname="IsFillComplete" classname="PlayersWorlds.Maps.Maze.MazeGeneratorTest" runstate="Runnable" seed="1957181838" result="Passed" start-time="2024-05-23T05:00:59.1469160Z" end-time="2024-05-23T05:00:59.1492360Z" duration="0.002320" asserts="5" />
                <test-case id="1-1809" name="IsFillComplete(PlayersWorlds.Maps.Maze.WilsonsMazeGenerator,Half,Auto,null)" fullname="PlayersWorlds.Maps.Maze.MazeGeneratorTest.IsFillComplete(PlayersWorlds.Maps.Maze.WilsonsMazeGenerator,Half,Auto,null)" methodname="IsFillComplete" classname="PlayersWorlds.Maps.Maze.MazeGeneratorTest" runstate="Runnable" seed="1778502672" result="Passed" start-time="2024-05-23T05:00:59.1492460Z" end-time="2024-05-23T05:00:59.1539200Z" duration="0.004674" asserts="4" />
                <test-case id="1-1810" name="IsFillComplete(PlayersWorlds.Maps.Maze.WilsonsMazeGenerator,Half,Auto,System.Collections.Generic.List`1[PlayersWorlds.Maps.Area])" fullname="PlayersWorlds.Maps.Maze.MazeGeneratorTest.IsFillComplete(PlayersWorlds.Maps.Maze.WilsonsMazeGenerator,Half,Auto,System.Collections.Generic.List`1[PlayersWorlds.Maps.Area])" methodname="IsFillComplete" classname="PlayersWorlds.Maps.Maze.MazeGeneratorTest" runstate="Runnable" seed="406479689" result="Passed" start-time="2024-05-23T05:00:59.1539310Z" end-time="2024-05-23T05:00:59.1579290Z" duration="0.003998" asserts="5" />
                <test-case id="1-1811" name="IsFillComplete(PlayersWorlds.Maps.Maze.WilsonsMazeGenerator,Half,Auto,System.Collections.Generic.List`1[PlayersWorlds.Maps.Area])" fullname="PlayersWorlds.Maps.Maze.MazeGeneratorTest.IsFillComplete(PlayersWorlds.Maps.Maze.WilsonsMazeGenerator,Half,Auto,System.Collections.Generic.List`1[PlayersWorlds.Maps.Area])" methodname="IsFillComplete" classname="PlayersWorlds.Maps.Maze.MazeGeneratorTest" runstate="Runnable" seed="936683211" result="Passed" start-time="2024-05-23T05:00:59.1579390Z" end-time="2024-05-23T05:00:59.1622110Z" duration="0.004272" asserts="5" />
                <test-case id="1-1812" name="IsFillComplete(PlayersWorlds.Maps.Maze.WilsonsMazeGenerator,Half,Auto,System.Collections.Generic.List`1[PlayersWorlds.Maps.Area])" fullname="PlayersWorlds.Maps.Maze.MazeGeneratorTest.IsFillComplete(PlayersWorlds.Maps.Maze.WilsonsMazeGenerator,Half,Auto,System.Collections.Generic.List`1[PlayersWorlds.Maps.Area])" methodname="IsFillComplete" classname="PlayersWorlds.Maps.Maze.MazeGeneratorTest" runstate="Runnable" seed="1727194589" result="Passed" start-time="2024-05-23T05:00:59.1622220Z" end-time="2024-05-23T05:00:59.1705140Z" duration="0.008293" asserts="5" />
                <test-case id="1-1813" name="IsFillComplete(PlayersWorlds.Maps.Maze.WilsonsMazeGenerator,Half,Auto,System.Collections.Generic.List`1[PlayersWorlds.Maps.Area])" fullname="PlayersWorlds.Maps.Maze.MazeGeneratorTest.IsFillComplete(PlayersWorlds.Maps.Maze.WilsonsMazeGenerator,Half,Auto,System.Collections.Generic.List`1[PlayersWorlds.Maps.Area])" methodname="IsFillComplete" classname="PlayersWorlds.Maps.Maze.MazeGeneratorTest" runstate="Runnable" seed="478182145" result="Passed" start-time="2024-05-23T05:00:59.1705340Z" end-time="2024-05-23T05:00:59.1766680Z" duration="0.006134" asserts="5" />
                <test-case id="1-1814" name="IsFillComplete(PlayersWorlds.Maps.Maze.WilsonsMazeGenerator,Half,Auto,System.Collections.Generic.List`1[PlayersWorlds.Maps.Area])" fullname="PlayersWorlds.Maps.Maze.MazeGeneratorTest.IsFillComplete(PlayersWorlds.Maps.Maze.WilsonsMazeGenerator,Half,Auto,System.Collections.Generic.List`1[PlayersWorlds.Maps.Area])" methodname="IsFillComplete" classname="PlayersWorlds.Maps.Maze.MazeGeneratorTest" runstate="Runnable" seed="1430372566" result="Passed" start-time="2024-05-23T05:00:59.1766780Z" end-time="2024-05-23T05:00:59.1892200Z" duration="0.012541" asserts="5" />
                <test-case id="1-1815" name="IsFillComplete(PlayersWorlds.Maps.Maze.WilsonsMazeGenerator,Half,Manual,null)" fullname="PlayersWorlds.Maps.Maze.MazeGeneratorTest.IsFillComplete(PlayersWorlds.Maps.Maze.WilsonsMazeGenerator,Half,Manual,null)" methodname="IsFillComplete" classname="PlayersWorlds.Maps.Maze.MazeGeneratorTest" runstate="Runnable" seed="1531123059" result="Passed" start-time="2024-05-23T05:00:59.1892300Z" end-time="2024-05-23T05:00:59.1906200Z" duration="0.001390" asserts="4" />
                <test-case id="1-1816" name="IsFillComplete(PlayersWorlds.Maps.Maze.WilsonsMazeGenerator,Half,Manual,System.Collections.Generic.List`1[PlayersWorlds.Maps.Area])" fullname="PlayersWorlds.Maps.Maze.MazeGeneratorTest.IsFillComplete(PlayersWorlds.Maps.Maze.WilsonsMazeGenerator,Half,Manual,System.Collections.Generic.List`1[PlayersWorlds.Maps.Area])" methodname="IsFillComplete" classname="PlayersWorlds.Maps.Maze.MazeGeneratorTest" runstate="Runnable" seed="181797243" result="Passed" start-time="2024-05-23T05:00:59.1906290Z" end-time="2024-05-23T05:00:59.1916870Z" duration="0.001058" asserts="5" />
                <test-case id="1-1817" name="IsFillComplete(PlayersWorlds.Maps.Maze.WilsonsMazeGenerator,Half,Manual,System.Collections.Generic.List`1[PlayersWorlds.Maps.Area])" fullname="PlayersWorlds.Maps.Maze.MazeGeneratorTest.IsFillComplete(PlayersWorlds.Maps.Maze.WilsonsMazeGenerator,Half,Manual,System.Collections.Generic.List`1[PlayersWorlds.Maps.Area])" methodname="IsFillComplete" classname="PlayersWorlds.Maps.Maze.MazeGeneratorTest" runstate="Runnable" seed="628825401" result="Passed" start-time="2024-05-23T05:00:59.1916960Z" end-time="2024-05-23T05:00:59.1930680Z" duration="0.001372" asserts="5" />
                <test-case id="1-1818" name="IsFillComplete(PlayersWorlds.Maps.Maze.WilsonsMazeGenerator,Half,Manual,System.Collections.Generic.List`1[PlayersWorlds.Maps.Area])" fullname="PlayersWorlds.Maps.Maze.MazeGeneratorTest.IsFillComplete(PlayersWorlds.Maps.Maze.WilsonsMazeGenerator,Half,Manual,System.Collections.Generic.List`1[PlayersWorlds.Maps.Area])" methodname="IsFillComplete" classname="PlayersWorlds.Maps.Maze.MazeGeneratorTest" runstate="Runnable" seed="377127282" result="Passed" start-time="2024-05-23T05:00:59.1930780Z" end-time="2024-05-23T05:00:59.1944420Z" duration="0.001365" asserts="5" />
                <test-case id="1-1819" name="IsFillComplete(PlayersWorlds.Maps.Maze.WilsonsMazeGenerator,Half,Manual,System.Collections.Generic.List`1[PlayersWorlds.Maps.Area])" fullname="PlayersWorlds.Maps.Maze.MazeGeneratorTest.IsFillComplete(PlayersWorlds.Maps.Maze.WilsonsMazeGenerator,Half,Manual,System.Collections.Generic.List`1[PlayersWorlds.Maps.Area])" methodname="IsFillComplete" classname="PlayersWorlds.Maps.Maze.MazeGeneratorTest" runstate="Runnable" seed="2049947151" result="Passed" start-time="2024-05-23T05:00:59.1944520Z" end-time="2024-05-23T05:00:59.1971320Z" duration="0.002680" asserts="5" />
                <test-case id="1-1820" name="IsFillComplete(PlayersWorlds.Maps.Maze.WilsonsMazeGenerator,Half,Manual,System.Collections.Generic.List`1[PlayersWorlds.Maps.Area])" fullname="PlayersWorlds.Maps.Maze.MazeGeneratorTest.IsFillComplete(PlayersWorlds.Maps.Maze.WilsonsMazeGenerator,Half,Manual,System.Collections.Generic.List`1[PlayersWorlds.Maps.Area])" methodname="IsFillComplete" classname="PlayersWorlds.Maps.Maze.MazeGeneratorTest" runstate="Runnable" seed="377802904" result="Passed" start-time="2024-05-23T05:00:59.1971420Z" end-time="2024-05-23T05:00:59.1993690Z" duration="0.002228" asserts="5" />
                <test-case id="1-1821" name="IsFillComplete(PlayersWorlds.Maps.Maze.WilsonsMazeGenerator,ThreeQuarters,Auto,null)" fullname="PlayersWorlds.Maps.Maze.MazeGeneratorTest.IsFillComplete(PlayersWorlds.Maps.Maze.WilsonsMazeGenerator,ThreeQuarters,Auto,null)" methodname="IsFillComplete" classname="PlayersWorlds.Maps.Maze.MazeGeneratorTest" runstate="Runnable" seed="1497049722" result="Passed" start-time="2024-05-23T05:00:59.1993800Z" end-time="2024-05-23T05:00:59.2054580Z" duration="0.006078" asserts="4" />
                <test-case id="1-1822" name="IsFillComplete(PlayersWorlds.Maps.Maze.WilsonsMazeGenerator,ThreeQuarters,Auto,System.Collections.Generic.List`1[PlayersWorlds.Maps.Area])" fullname="PlayersWorlds.Maps.Maze.MazeGeneratorTest.IsFillComplete(PlayersWorlds.Maps.Maze.WilsonsMazeGenerator,ThreeQuarters,Auto,System.Collections.Generic.List`1[PlayersWorlds.Maps.Area])" methodname="IsFillComplete" classname="PlayersWorlds.Maps.Maze.MazeGeneratorTest" runstate="Runnable" seed="691495239" result="Passed" start-time="2024-05-23T05:00:59.2054680Z" end-time="2024-05-23T05:00:59.2089890Z" duration="0.003521" asserts="5" />
                <test-case id="1-1823" name="IsFillComplete(PlayersWorlds.Maps.Maze.WilsonsMazeGenerator,ThreeQuarters,Auto,System.Collections.Generic.List`1[PlayersWorlds.Maps.Area])" fullname="PlayersWorlds.Maps.Maze.MazeGeneratorTest.IsFillComplete(PlayersWorlds.Maps.Maze.WilsonsMazeGenerator,ThreeQuarters,Auto,System.Collections.Generic.List`1[PlayersWorlds.Maps.Area])" methodname="IsFillComplete" classname="PlayersWorlds.Maps.Maze.MazeGeneratorTest" runstate="Runnable" seed="262203713" result="Passed" start-time="2024-05-23T05:00:59.2089990Z" end-time="2024-05-23T05:00:59.2208280Z" duration="0.011829" asserts="5" />
                <test-case id="1-1824" name="IsFillComplete(PlayersWorlds.Maps.Maze.WilsonsMazeGenerator,ThreeQuarters,Auto,System.Collections.Generic.List`1[PlayersWorlds.Maps.Area])" fullname="PlayersWorlds.Maps.Maze.MazeGeneratorTest.IsFillComplete(PlayersWorlds.Maps.Maze.WilsonsMazeGenerator,ThreeQuarters,Auto,System.Collections.Generic.List`1[PlayersWorlds.Maps.Area])" methodname="IsFillComplete" classname="PlayersWorlds.Maps.Maze.MazeGeneratorTest" runstate="Runnable" seed="1133361700" result="Passed" start-time="2024-05-23T05:00:59.2208470Z" end-time="2024-05-23T05:00:59.2264080Z" duration="0.005561" asserts="5" />
                <test-case id="1-1825" name="IsFillComplete(PlayersWorlds.Maps.Maze.WilsonsMazeGenerator,ThreeQuarters,Auto,System.Collections.Generic.List`1[PlayersWorlds.Maps.Area])" fullname="PlayersWorlds.Maps.Maze.MazeGeneratorTest.IsFillComplete(PlayersWorlds.Maps.Maze.WilsonsMazeGenerator,ThreeQuarters,Auto,System.Collections.Generic.List`1[PlayersWorlds.Maps.Area])" methodname="IsFillComplete" classname="PlayersWorlds.Maps.Maze.MazeGeneratorTest" runstate="Runnable" seed="1325958135" result="Passed" start-time="2024-05-23T05:00:59.2264180Z" end-time="2024-05-23T05:00:59.2349380Z" duration="0.008521" asserts="5" />
                <test-case id="1-1826" name="IsFillComplete(PlayersWorlds.Maps.Maze.WilsonsMazeGenerator,ThreeQuarters,Auto,System.Collections.Generic.List`1[PlayersWorlds.Maps.Area])" fullname="PlayersWorlds.Maps.Maze.MazeGeneratorTest.IsFillComplete(PlayersWorlds.Maps.Maze.WilsonsMazeGenerator,ThreeQuarters,Auto,System.Collections.Generic.List`1[PlayersWorlds.Maps.Area])" methodname="IsFillComplete" classname="PlayersWorlds.Maps.Maze.MazeGeneratorTest" runstate="Runnable" seed="1190475301" result="Passed" start-time="2024-05-23T05:00:59.2349490Z" end-time="2024-05-23T05:00:59.2431430Z" duration="0.008194" asserts="5" />
                <test-case id="1-1827" name="IsFillComplete(PlayersWorlds.Maps.Maze.WilsonsMazeGenerator,ThreeQuarters,Manual,null)" fullname="PlayersWorlds.Maps.Maze.MazeGeneratorTest.IsFillComplete(PlayersWorlds.Maps.Maze.WilsonsMazeGenerator,ThreeQuarters,Manual,null)" methodname="IsFillComplete" classname="PlayersWorlds.Maps.Maze.MazeGeneratorTest" runstate="Runnable" seed="1121539327" result="Passed" start-time="2024-05-23T05:00:59.2431530Z" end-time="2024-05-23T05:00:59.2444820Z" duration="0.001330" asserts="4" />
                <test-case id="1-1828" name="IsFillComplete(PlayersWorlds.Maps.Maze.WilsonsMazeGenerator,ThreeQuarters,Manual,System.Collections.Generic.List`1[PlayersWorlds.Maps.Area])" fullname="PlayersWorlds.Maps.Maze.MazeGeneratorTest.IsFillComplete(PlayersWorlds.Maps.Maze.WilsonsMazeGenerator,ThreeQuarters,Manual,System.Collections.Generic.List`1[PlayersWorlds.Maps.Area])" methodname="IsFillComplete" classname="PlayersWorlds.Maps.Maze.MazeGeneratorTest" runstate="Runnable" seed="1402075940" result="Passed" start-time="2024-05-23T05:00:59.2444920Z" end-time="2024-05-23T05:00:59.2457030Z" duration="0.001211" asserts="5" />
                <test-case id="1-1829" name="IsFillComplete(PlayersWorlds.Maps.Maze.WilsonsMazeGenerator,ThreeQuarters,Manual,System.Collections.Generic.List`1[PlayersWorlds.Maps.Area])" fullname="PlayersWorlds.Maps.Maze.MazeGeneratorTest.IsFillComplete(PlayersWorlds.Maps.Maze.WilsonsMazeGenerator,ThreeQuarters,Manual,System.Collections.Generic.List`1[PlayersWorlds.Maps.Area])" methodname="IsFillComplete" classname="PlayersWorlds.Maps.Maze.MazeGeneratorTest" runstate="Runnable" seed="11137129" result="Passed" start-time="2024-05-23T05:00:59.2457120Z" end-time="2024-05-23T05:00:59.2473420Z" duration="0.001631" asserts="5" />
                <test-case id="1-1830" name="IsFillComplete(PlayersWorlds.Maps.Maze.WilsonsMazeGenerator,ThreeQuarters,Manual,System.Collections.Generic.List`1[PlayersWorlds.Maps.Area])" fullname="PlayersWorlds.Maps.Maze.MazeGeneratorTest.IsFillComplete(PlayersWorlds.Maps.Maze.WilsonsMazeGenerator,ThreeQuarters,Manual,System.Collections.Generic.List`1[PlayersWorlds.Maps.Area])" methodname="IsFillComplete" classname="PlayersWorlds.Maps.Maze.MazeGeneratorTest" runstate="Runnable" seed="529125368" result="Passed" start-time="2024-05-23T05:00:59.2473520Z" end-time="2024-05-23T05:00:59.2497480Z" duration="0.002396" asserts="5" />
                <test-case id="1-1831" name="IsFillComplete(PlayersWorlds.Maps.Maze.WilsonsMazeGenerator,ThreeQuarters,Manual,System.Collections.Generic.List`1[PlayersWorlds.Maps.Area])" fullname="PlayersWorlds.Maps.Maze.MazeGeneratorTest.IsFillComplete(PlayersWorlds.Maps.Maze.WilsonsMazeGenerator,ThreeQuarters,Manual,System.Collections.Generic.List`1[PlayersWorlds.Maps.Area])" methodname="IsFillComplete" classname="PlayersWorlds.Maps.Maze.MazeGeneratorTest" runstate="Runnable" seed="1275068907" result="Passed" start-time="2024-05-23T05:00:59.2497570Z" end-time="2024-05-23T05:00:59.2523300Z" duration="0.002573" asserts="5" />
                <test-case id="1-1832" name="IsFillComplete(PlayersWorlds.Maps.Maze.WilsonsMazeGenerator,ThreeQuarters,Manual,System.Collections.Generic.List`1[PlayersWorlds.Maps.Area])" fullname="PlayersWorlds.Maps.Maze.MazeGeneratorTest.IsFillComplete(PlayersWorlds.Maps.Maze.WilsonsMazeGenerator,ThreeQuarters,Manual,System.Collections.Generic.List`1[PlayersWorlds.Maps.Area])" methodname="IsFillComplete" classname="PlayersWorlds.Maps.Maze.MazeGeneratorTest" runstate="Runnable" seed="886063779" result="Passed" start-time="2024-05-23T05:00:59.2523400Z" end-time="2024-05-23T05:00:59.2547790Z" duration="0.002439" asserts="5" />
                <test-case id="1-1833" name="IsFillComplete(PlayersWorlds.Maps.Maze.WilsonsMazeGenerator,NinetyPercent,Auto,null)" fullname="PlayersWorlds.Maps.Maze.MazeGeneratorTest.IsFillComplete(PlayersWorlds.Maps.Maze.WilsonsMazeGenerator,NinetyPercent,Auto,null)" methodname="IsFillComplete" classname="PlayersWorlds.Maps.Maze.MazeGeneratorTest" runstate="Runnable" seed="1693069228" result="Passed" start-time="2024-05-23T05:00:59.2547890Z" end-time="2024-05-23T05:00:59.2601650Z" duration="0.005377" asserts="4" />
                <test-case id="1-1834" name="IsFillComplete(PlayersWorlds.Maps.Maze.WilsonsMazeGenerator,NinetyPercent,Auto,System.Collections.Generic.List`1[PlayersWorlds.Maps.Area])" fullname="PlayersWorlds.Maps.Maze.MazeGeneratorTest.IsFillComplete(PlayersWorlds.Maps.Maze.WilsonsMazeGenerator,NinetyPercent,Auto,System.Collections.Generic.List`1[PlayersWorlds.Maps.Area])" methodname="IsFillComplete" classname="PlayersWorlds.Maps.Maze.MazeGeneratorTest" runstate="Runnable" seed="813209086" result="Passed" start-time="2024-05-23T05:00:59.2601760Z" end-time="2024-05-23T05:00:59.2675230Z" duration="0.007347" asserts="5" />
                <test-case id="1-1835" name="IsFillComplete(PlayersWorlds.Maps.Maze.WilsonsMazeGenerator,NinetyPercent,Auto,System.Collections.Generic.List`1[PlayersWorlds.Maps.Area])" fullname="PlayersWorlds.Maps.Maze.MazeGeneratorTest.IsFillComplete(PlayersWorlds.Maps.Maze.WilsonsMazeGenerator,NinetyPercent,Auto,System.Collections.Generic.List`1[PlayersWorlds.Maps.Area])" methodname="IsFillComplete" classname="PlayersWorlds.Maps.Maze.MazeGeneratorTest" runstate="Runnable" seed="1106466408" result="Passed" start-time="2024-05-23T05:00:59.2675330Z" end-time="2024-05-23T05:00:59.2731430Z" duration="0.005610" asserts="5" />
                <test-case id="1-1836" name="IsFillComplete(PlayersWorlds.Maps.Maze.WilsonsMazeGenerator,NinetyPercent,Auto,System.Collections.Generic.List`1[PlayersWorlds.Maps.Area])" fullname="PlayersWorlds.Maps.Maze.MazeGeneratorTest.IsFillComplete(PlayersWorlds.Maps.Maze.WilsonsMazeGenerator,NinetyPercent,Auto,System.Collections.Generic.List`1[PlayersWorlds.Maps.Area])" methodname="IsFillComplete" classname="PlayersWorlds.Maps.Maze.MazeGeneratorTest" runstate="Runnable" seed="829828568" result="Passed" start-time="2024-05-23T05:00:59.2731540Z" end-time="2024-05-23T05:00:59.2763970Z" duration="0.003244" asserts="5" />
                <test-case id="1-1837" name="IsFillComplete(PlayersWorlds.Maps.Maze.WilsonsMazeGenerator,NinetyPercent,Auto,System.Collections.Generic.List`1[PlayersWorlds.Maps.Area])" fullname="PlayersWorlds.Maps.Maze.MazeGeneratorTest.IsFillComplete(PlayersWorlds.Maps.Maze.WilsonsMazeGenerator,NinetyPercent,Auto,System.Collections.Generic.List`1[PlayersWorlds.Maps.Area])" methodname="IsFillComplete" classname="PlayersWorlds.Maps.Maze.MazeGeneratorTest" runstate="Runnable" seed="1351113574" result="Passed" start-time="2024-05-23T05:00:59.2764070Z" end-time="2024-05-23T05:00:59.2811850Z" duration="0.004778" asserts="5" />
                <test-case id="1-1838" name="IsFillComplete(PlayersWorlds.Maps.Maze.WilsonsMazeGenerator,NinetyPercent,Auto,System.Collections.Generic.List`1[PlayersWorlds.Maps.Area])" fullname="PlayersWorlds.Maps.Maze.MazeGeneratorTest.IsFillComplete(PlayersWorlds.Maps.Maze.WilsonsMazeGenerator,NinetyPercent,Auto,System.Collections.Generic.List`1[PlayersWorlds.Maps.Area])" methodname="IsFillComplete" classname="PlayersWorlds.Maps.Maze.MazeGeneratorTest" runstate="Runnable" seed="787081274" result="Passed" start-time="2024-05-23T05:00:59.2811960Z" end-time="2024-05-23T05:00:59.2899240Z" duration="0.008728" asserts="5" />
                <test-case id="1-1839" name="IsFillComplete(PlayersWorlds.Maps.Maze.WilsonsMazeGenerator,NinetyPercent,Manual,null)" fullname="PlayersWorlds.Maps.Maze.MazeGeneratorTest.IsFillComplete(PlayersWorlds.Maps.Maze.WilsonsMazeGenerator,NinetyPercent,Manual,null)" methodname="IsFillComplete" classname="PlayersWorlds.Maps.Maze.MazeGeneratorTest" runstate="Runnable" seed="1824481892" result="Passed" start-time="2024-05-23T05:00:59.2899420Z" end-time="2024-05-23T05:00:59.2912780Z" duration="0.001336" asserts="4" />
                <test-case id="1-1840" name="IsFillComplete(PlayersWorlds.Maps.Maze.WilsonsMazeGenerator,NinetyPercent,Manual,System.Collections.Generic.List`1[PlayersWorlds.Maps.Area])" fullname="PlayersWorlds.Maps.Maze.MazeGeneratorTest.IsFillComplete(PlayersWorlds.Maps.Maze.WilsonsMazeGenerator,NinetyPercent,Manual,System.Collections.Generic.List`1[PlayersWorlds.Maps.Area])" methodname="IsFillComplete" classname="PlayersWorlds.Maps.Maze.MazeGeneratorTest" runstate="Runnable" seed="30272695" result="Passed" start-time="2024-05-23T05:00:59.2912880Z" end-time="2024-05-23T05:00:59.2926960Z" duration="0.001408" asserts="5" />
                <test-case id="1-1841" name="IsFillComplete(PlayersWorlds.Maps.Maze.WilsonsMazeGenerator,NinetyPercent,Manual,System.Collections.Generic.List`1[PlayersWorlds.Maps.Area])" fullname="PlayersWorlds.Maps.Maze.MazeGeneratorTest.IsFillComplete(PlayersWorlds.Maps.Maze.WilsonsMazeGenerator,NinetyPercent,Manual,System.Collections.Generic.List`1[PlayersWorlds.Maps.Area])" methodname="IsFillComplete" classname="PlayersWorlds.Maps.Maze.MazeGeneratorTest" runstate="Runnable" seed="1503157629" result="Passed" start-time="2024-05-23T05:00:59.2927050Z" end-time="2024-05-23T05:00:59.2948220Z" duration="0.002117" asserts="5" />
                <test-case id="1-1842" name="IsFillComplete(PlayersWorlds.Maps.Maze.WilsonsMazeGenerator,NinetyPercent,Manual,System.Collections.Generic.List`1[PlayersWorlds.Maps.Area])" fullname="PlayersWorlds.Maps.Maze.MazeGeneratorTest.IsFillComplete(PlayersWorlds.Maps.Maze.WilsonsMazeGenerator,NinetyPercent,Manual,System.Collections.Generic.List`1[PlayersWorlds.Maps.Area])" methodname="IsFillComplete" classname="PlayersWorlds.Maps.Maze.MazeGeneratorTest" runstate="Runnable" seed="212726122" result="Passed" start-time="2024-05-23T05:00:59.2948310Z" end-time="2024-05-23T05:00:59.2964950Z" duration="0.001664" asserts="5" />
                <test-case id="1-1843" name="IsFillComplete(PlayersWorlds.Maps.Maze.WilsonsMazeGenerator,NinetyPercent,Manual,System.Collections.Generic.List`1[PlayersWorlds.Maps.Area])" fullname="PlayersWorlds.Maps.Maze.MazeGeneratorTest.IsFillComplete(PlayersWorlds.Maps.Maze.WilsonsMazeGenerator,NinetyPercent,Manual,System.Collections.Generic.List`1[PlayersWorlds.Maps.Area])" methodname="IsFillComplete" classname="PlayersWorlds.Maps.Maze.MazeGeneratorTest" runstate="Runnable" seed="527907371" result="Passed" start-time="2024-05-23T05:00:59.2965050Z" end-time="2024-05-23T05:00:59.2989230Z" duration="0.002418" asserts="5" />
                <test-case id="1-1844" name="IsFillComplete(PlayersWorlds.Maps.Maze.WilsonsMazeGenerator,NinetyPercent,Manual,System.Collections.Generic.List`1[PlayersWorlds.Maps.Area])" fullname="PlayersWorlds.Maps.Maze.MazeGeneratorTest.IsFillComplete(PlayersWorlds.Maps.Maze.WilsonsMazeGenerator,NinetyPercent,Manual,System.Collections.Generic.List`1[PlayersWorlds.Maps.Area])" methodname="IsFillComplete" classname="PlayersWorlds.Maps.Maze.MazeGeneratorTest" runstate="Runnable" seed="949780282" result="Passed" start-time="2024-05-23T05:00:59.2989330Z" end-time="2024-05-23T05:00:59.3012530Z" duration="0.002320" asserts="5" />
                <test-case id="1-1845" name="IsFillComplete(PlayersWorlds.Maps.Maze.WilsonsMazeGenerator,FullWidth,Auto,null)" fullname="PlayersWorlds.Maps.Maze.MazeGeneratorTest.IsFillComplete(PlayersWorlds.Maps.Maze.WilsonsMazeGenerator,FullWidth,Auto,null)" methodname="IsFillComplete" classname="PlayersWorlds.Maps.Maze.MazeGeneratorTest" runstate="Runnable" seed="196413397" result="Passed" start-time="2024-05-23T05:00:59.3012630Z" end-time="2024-05-23T05:00:59.3103350Z" duration="0.009072" asserts="4" />
                <test-case id="1-1846" name="IsFillComplete(PlayersWorlds.Maps.Maze.WilsonsMazeGenerator,FullWidth,Auto,System.Collections.Generic.List`1[PlayersWorlds.Maps.Area])" fullname="PlayersWorlds.Maps.Maze.MazeGeneratorTest.IsFillComplete(PlayersWorlds.Maps.Maze.WilsonsMazeGenerator,FullWidth,Auto,System.Collections.Generic.List`1[PlayersWorlds.Maps.Area])" methodname="IsFillComplete" classname="PlayersWorlds.Maps.Maze.MazeGeneratorTest" runstate="Runnable" seed="309643960" result="Passed" start-time="2024-05-23T05:00:59.3103450Z" end-time="2024-05-23T05:00:59.3145650Z" duration="0.004220" asserts="5" />
                <test-case id="1-1847" name="IsFillComplete(PlayersWorlds.Maps.Maze.WilsonsMazeGenerator,FullWidth,Auto,System.Collections.Generic.List`1[PlayersWorlds.Maps.Area])" fullname="PlayersWorlds.Maps.Maze.MazeGeneratorTest.IsFillComplete(PlayersWorlds.Maps.Maze.WilsonsMazeGenerator,FullWidth,Auto,System.Collections.Generic.List`1[PlayersWorlds.Maps.Area])" methodname="IsFillComplete" classname="PlayersWorlds.Maps.Maze.MazeGeneratorTest" runstate="Runnable" seed="1702348909" result="Passed" start-time="2024-05-23T05:00:59.3145750Z" end-time="2024-05-23T05:00:59.3197390Z" duration="0.005164" asserts="5" />
                <test-case id="1-1848" name="IsFillComplete(PlayersWorlds.Maps.Maze.WilsonsMazeGenerator,FullWidth,Auto,System.Collections.Generic.List`1[PlayersWorlds.Maps.Area])" fullname="PlayersWorlds.Maps.Maze.MazeGeneratorTest.IsFillComplete(PlayersWorlds.Maps.Maze.WilsonsMazeGenerator,FullWidth,Auto,System.Collections.Generic.List`1[PlayersWorlds.Maps.Area])" methodname="IsFillComplete" classname="PlayersWorlds.Maps.Maze.MazeGeneratorTest" runstate="Runnable" seed="698939223" result="Passed" start-time="2024-05-23T05:00:59.3197490Z" end-time="2024-05-23T05:00:59.3265990Z" duration="0.006850" asserts="5" />
                <test-case id="1-1849" name="IsFillComplete(PlayersWorlds.Maps.Maze.WilsonsMazeGenerator,FullWidth,Auto,System.Collections.Generic.List`1[PlayersWorlds.Maps.Area])" fullname="PlayersWorlds.Maps.Maze.MazeGeneratorTest.IsFillComplete(PlayersWorlds.Maps.Maze.WilsonsMazeGenerator,FullWidth,Auto,System.Collections.Generic.List`1[PlayersWorlds.Maps.Area])" methodname="IsFillComplete" classname="PlayersWorlds.Maps.Maze.MazeGeneratorTest" runstate="Runnable" seed="1178701098" result="Passed" start-time="2024-05-23T05:00:59.3266100Z" end-time="2024-05-23T05:00:59.3384130Z" duration="0.011803" asserts="5" />
                <test-case id="1-1850" name="IsFillComplete(PlayersWorlds.Maps.Maze.WilsonsMazeGenerator,FullWidth,Auto,System.Collections.Generic.List`1[PlayersWorlds.Maps.Area])" fullname="PlayersWorlds.Maps.Maze.MazeGeneratorTest.IsFillComplete(PlayersWorlds.Maps.Maze.WilsonsMazeGenerator,FullWidth,Auto,System.Collections.Generic.List`1[PlayersWorlds.Maps.Area])" methodname="IsFillComplete" classname="PlayersWorlds.Maps.Maze.MazeGeneratorTest" runstate="Runnable" seed="653682198" result="Passed" start-time="2024-05-23T05:00:59.3384230Z" end-time="2024-05-23T05:00:59.3566660Z" duration="0.018243" asserts="5" />
                <test-case id="1-1851" name="IsFillComplete(PlayersWorlds.Maps.Maze.WilsonsMazeGenerator,FullWidth,Manual,null)" fullname="PlayersWorlds.Maps.Maze.MazeGeneratorTest.IsFillComplete(PlayersWorlds.Maps.Maze.WilsonsMazeGenerator,FullWidth,Manual,null)" methodname="IsFillComplete" classname="PlayersWorlds.Maps.Maze.MazeGeneratorTest" runstate="Runnable" seed="1489123778" result="Passed" start-time="2024-05-23T05:00:59.3566760Z" end-time="2024-05-23T05:00:59.3577510Z" duration="0.001075" asserts="4" />
                <test-case id="1-1852" name="IsFillComplete(PlayersWorlds.Maps.Maze.WilsonsMazeGenerator,FullWidth,Manual,System.Collections.Generic.List`1[PlayersWorlds.Maps.Area])" fullname="PlayersWorlds.Maps.Maze.MazeGeneratorTest.IsFillComplete(PlayersWorlds.Maps.Maze.WilsonsMazeGenerator,FullWidth,Manual,System.Collections.Generic.List`1[PlayersWorlds.Maps.Area])" methodname="IsFillComplete" classname="PlayersWorlds.Maps.Maze.MazeGeneratorTest" runstate="Runnable" seed="1626527183" result="Passed" start-time="2024-05-23T05:00:59.3577600Z" end-time="2024-05-23T05:00:59.3588420Z" duration="0.001082" asserts="5" />
                <test-case id="1-1853" name="IsFillComplete(PlayersWorlds.Maps.Maze.WilsonsMazeGenerator,FullWidth,Manual,System.Collections.Generic.List`1[PlayersWorlds.Maps.Area])" fullname="PlayersWorlds.Maps.Maze.MazeGeneratorTest.IsFillComplete(PlayersWorlds.Maps.Maze.WilsonsMazeGenerator,FullWidth,Manual,System.Collections.Generic.List`1[PlayersWorlds.Maps.Area])" methodname="IsFillComplete" classname="PlayersWorlds.Maps.Maze.MazeGeneratorTest" runstate="Runnable" seed="254145850" result="Passed" start-time="2024-05-23T05:00:59.3588510Z" end-time="2024-05-23T05:00:59.3605220Z" duration="0.001671" asserts="5" />
                <test-case id="1-1854" name="IsFillComplete(PlayersWorlds.Maps.Maze.WilsonsMazeGenerator,FullWidth,Manual,System.Collections.Generic.List`1[PlayersWorlds.Maps.Area])" fullname="PlayersWorlds.Maps.Maze.MazeGeneratorTest.IsFillComplete(PlayersWorlds.Maps.Maze.WilsonsMazeGenerator,FullWidth,Manual,System.Collections.Generic.List`1[PlayersWorlds.Maps.Area])" methodname="IsFillComplete" classname="PlayersWorlds.Maps.Maze.MazeGeneratorTest" runstate="Runnable" seed="1109610276" result="Passed" start-time="2024-05-23T05:00:59.3605310Z" end-time="2024-05-23T05:00:59.3620510Z" duration="0.001520" asserts="5" />
                <test-case id="1-1855" name="IsFillComplete(PlayersWorlds.Maps.Maze.WilsonsMazeGenerator,FullWidth,Manual,System.Collections.Generic.List`1[PlayersWorlds.Maps.Area])" fullname="PlayersWorlds.Maps.Maze.MazeGeneratorTest.IsFillComplete(PlayersWorlds.Maps.Maze.WilsonsMazeGenerator,FullWidth,Manual,System.Collections.Generic.List`1[PlayersWorlds.Maps.Area])" methodname="IsFillComplete" classname="PlayersWorlds.Maps.Maze.MazeGeneratorTest" runstate="Runnable" seed="1746188675" result="Passed" start-time="2024-05-23T05:00:59.3620610Z" end-time="2024-05-23T05:00:59.3648150Z" duration="0.002754" asserts="5" />
                <test-case id="1-1856" name="IsFillComplete(PlayersWorlds.Maps.Maze.WilsonsMazeGenerator,FullWidth,Manual,System.Collections.Generic.List`1[PlayersWorlds.Maps.Area])" fullname="PlayersWorlds.Maps.Maze.MazeGeneratorTest.IsFillComplete(PlayersWorlds.Maps.Maze.WilsonsMazeGenerator,FullWidth,Manual,System.Collections.Generic.List`1[PlayersWorlds.Maps.Area])" methodname="IsFillComplete" classname="PlayersWorlds.Maps.Maze.MazeGeneratorTest" runstate="Runnable" seed="906470210" result="Passed" start-time="2024-05-23T05:00:59.3648250Z" end-time="2024-05-23T05:00:59.3668020Z" duration="0.001978" asserts="5" />
                <test-case id="1-1857" name="IsFillComplete(PlayersWorlds.Maps.Maze.WilsonsMazeGenerator,FullHeight,Auto,null)" fullname="PlayersWorlds.Maps.Maze.MazeGeneratorTest.IsFillComplete(PlayersWorlds.Maps.Maze.WilsonsMazeGenerator,FullHeight,Auto,null)" methodname="IsFillComplete" classname="PlayersWorlds.Maps.Maze.MazeGeneratorTest" runstate="Runnable" seed="1737770480" result="Passed" start-time="2024-05-23T05:00:59.3668120Z" end-time="2024-05-23T05:00:59.3734220Z" duration="0.006610" asserts="4" />
                <test-case id="1-1858" name="IsFillComplete(PlayersWorlds.Maps.Maze.WilsonsMazeGenerator,FullHeight,Auto,System.Collections.Generic.List`1[PlayersWorlds.Maps.Area])" fullname="PlayersWorlds.Maps.Maze.MazeGeneratorTest.IsFillComplete(PlayersWorlds.Maps.Maze.WilsonsMazeGenerator,FullHeight,Auto,System.Collections.Generic.List`1[PlayersWorlds.Maps.Area])" methodname="IsFillComplete" classname="PlayersWorlds.Maps.Maze.MazeGeneratorTest" runstate="Runnable" seed="2136014289" result="Passed" start-time="2024-05-23T05:00:59.3734390Z" end-time="2024-05-23T05:00:59.3847000Z" duration="0.011261" asserts="5" />
                <test-case id="1-1859" name="IsFillComplete(PlayersWorlds.Maps.Maze.WilsonsMazeGenerator,FullHeight,Auto,System.Collections.Generic.List`1[PlayersWorlds.Maps.Area])" fullname="PlayersWorlds.Maps.Maze.MazeGeneratorTest.IsFillComplete(PlayersWorlds.Maps.Maze.WilsonsMazeGenerator,FullHeight,Auto,System.Collections.Generic.List`1[PlayersWorlds.Maps.Area])" methodname="IsFillComplete" classname="PlayersWorlds.Maps.Maze.MazeGeneratorTest" runstate="Runnable" seed="1892415501" result="Passed" start-time="2024-05-23T05:00:59.3847100Z" end-time="2024-05-23T05:00:59.3952840Z" duration="0.010573" asserts="5" />
                <test-case id="1-1860" name="IsFillComplete(PlayersWorlds.Maps.Maze.WilsonsMazeGenerator,FullHeight,Auto,System.Collections.Generic.List`1[PlayersWorlds.Maps.Area])" fullname="PlayersWorlds.Maps.Maze.MazeGeneratorTest.IsFillComplete(PlayersWorlds.Maps.Maze.WilsonsMazeGenerator,FullHeight,Auto,System.Collections.Generic.List`1[PlayersWorlds.Maps.Area])" methodname="IsFillComplete" classname="PlayersWorlds.Maps.Maze.MazeGeneratorTest" runstate="Runnable" seed="1216850884" result="Passed" start-time="2024-05-23T05:00:59.3952950Z" end-time="2024-05-23T05:00:59.3997760Z" duration="0.004481" asserts="5" />
                <test-case id="1-1861" name="IsFillComplete(PlayersWorlds.Maps.Maze.WilsonsMazeGenerator,FullHeight,Auto,System.Collections.Generic.List`1[PlayersWorlds.Maps.Area])" fullname="PlayersWorlds.Maps.Maze.MazeGeneratorTest.IsFillComplete(PlayersWorlds.Maps.Maze.WilsonsMazeGenerator,FullHeight,Auto,System.Collections.Generic.List`1[PlayersWorlds.Maps.Area])" methodname="IsFillComplete" classname="PlayersWorlds.Maps.Maze.MazeGeneratorTest" runstate="Runnable" seed="1519244832" result="Passed" start-time="2024-05-23T05:00:59.3997860Z" end-time="2024-05-23T05:00:59.4029220Z" duration="0.003136" asserts="5" />
                <test-case id="1-1862" name="IsFillComplete(PlayersWorlds.Maps.Maze.WilsonsMazeGenerator,FullHeight,Auto,System.Collections.Generic.List`1[PlayersWorlds.Maps.Area])" fullname="PlayersWorlds.Maps.Maze.MazeGeneratorTest.IsFillComplete(PlayersWorlds.Maps.Maze.WilsonsMazeGenerator,FullHeight,Auto,System.Collections.Generic.List`1[PlayersWorlds.Maps.Area])" methodname="IsFillComplete" classname="PlayersWorlds.Maps.Maze.MazeGeneratorTest" runstate="Runnable" seed="213759647" result="Passed" start-time="2024-05-23T05:00:59.4029320Z" end-time="2024-05-23T05:00:59.4089190Z" duration="0.005987" asserts="5" />
                <test-case id="1-1863" name="IsFillComplete(PlayersWorlds.Maps.Maze.WilsonsMazeGenerator,FullHeight,Manual,null)" fullname="PlayersWorlds.Maps.Maze.MazeGeneratorTest.IsFillComplete(PlayersWorlds.Maps.Maze.WilsonsMazeGenerator,FullHeight,Manual,null)" methodname="IsFillComplete" classname="PlayersWorlds.Maps.Maze.MazeGeneratorTest" runstate="Runnable" seed="1946044709" result="Passed" start-time="2024-05-23T05:00:59.4089300Z" end-time="2024-05-23T05:00:59.4101170Z" duration="0.001187" asserts="4" />
                <test-case id="1-1864" name="IsFillComplete(PlayersWorlds.Maps.Maze.WilsonsMazeGenerator,FullHeight,Manual,System.Collections.Generic.List`1[PlayersWorlds.Maps.Area])" fullname="PlayersWorlds.Maps.Maze.MazeGeneratorTest.IsFillComplete(PlayersWorlds.Maps.Maze.WilsonsMazeGenerator,FullHeight,Manual,System.Collections.Generic.List`1[PlayersWorlds.Maps.Area])" methodname="IsFillComplete" classname="PlayersWorlds.Maps.Maze.MazeGeneratorTest" runstate="Runnable" seed="1249377304" result="Passed" start-time="2024-05-23T05:00:59.4101260Z" end-time="2024-05-23T05:00:59.4111620Z" duration="0.001036" asserts="5" />
                <test-case id="1-1865" name="IsFillComplete(PlayersWorlds.Maps.Maze.WilsonsMazeGenerator,FullHeight,Manual,System.Collections.Generic.List`1[PlayersWorlds.Maps.Area])" fullname="PlayersWorlds.Maps.Maze.MazeGeneratorTest.IsFillComplete(PlayersWorlds.Maps.Maze.WilsonsMazeGenerator,FullHeight,Manual,System.Collections.Generic.List`1[PlayersWorlds.Maps.Area])" methodname="IsFillComplete" classname="PlayersWorlds.Maps.Maze.MazeGeneratorTest" runstate="Runnable" seed="1278894429" result="Passed" start-time="2024-05-23T05:00:59.4111720Z" end-time="2024-05-23T05:00:59.4131410Z" duration="0.001970" asserts="5" />
                <test-case id="1-1866" name="IsFillComplete(PlayersWorlds.Maps.Maze.WilsonsMazeGenerator,FullHeight,Manual,System.Collections.Generic.List`1[PlayersWorlds.Maps.Area])" fullname="PlayersWorlds.Maps.Maze.MazeGeneratorTest.IsFillComplete(PlayersWorlds.Maps.Maze.WilsonsMazeGenerator,FullHeight,Manual,System.Collections.Generic.List`1[PlayersWorlds.Maps.Area])" methodname="IsFillComplete" classname="PlayersWorlds.Maps.Maze.MazeGeneratorTest" runstate="Runnable" seed="50619432" result="Passed" start-time="2024-05-23T05:00:59.4131510Z" end-time="2024-05-23T05:00:59.4144340Z" duration="0.001283" asserts="5" />
                <test-case id="1-1867" name="IsFillComplete(PlayersWorlds.Maps.Maze.WilsonsMazeGenerator,FullHeight,Manual,System.Collections.Generic.List`1[PlayersWorlds.Maps.Area])" fullname="PlayersWorlds.Maps.Maze.MazeGeneratorTest.IsFillComplete(PlayersWorlds.Maps.Maze.WilsonsMazeGenerator,FullHeight,Manual,System.Collections.Generic.List`1[PlayersWorlds.Maps.Area])" methodname="IsFillComplete" classname="PlayersWorlds.Maps.Maze.MazeGeneratorTest" runstate="Runnable" seed="34125361" result="Passed" start-time="2024-05-23T05:00:59.4144440Z" end-time="2024-05-23T05:00:59.4168970Z" duration="0.002453" asserts="5" />
                <test-case id="1-1868" name="IsFillComplete(PlayersWorlds.Maps.Maze.WilsonsMazeGenerator,FullHeight,Manual,System.Collections.Generic.List`1[PlayersWorlds.Maps.Area])" fullname="PlayersWorlds.Maps.Maze.MazeGeneratorTest.IsFillComplete(PlayersWorlds.Maps.Maze.WilsonsMazeGenerator,FullHeight,Manual,System.Collections.Generic.List`1[PlayersWorlds.Maps.Area])" methodname="IsFillComplete" classname="PlayersWorlds.Maps.Maze.MazeGeneratorTest" runstate="Runnable" seed="1812456706" result="Passed" start-time="2024-05-23T05:00:59.4169070Z" end-time="2024-05-23T05:00:59.4199820Z" duration="0.003075" asserts="5" />
                <test-case id="1-1869" name="IsFillComplete(PlayersWorlds.Maps.Maze.WilsonsMazeGenerator,Full,Auto,null)" fullname="PlayersWorlds.Maps.Maze.MazeGeneratorTest.IsFillComplete(PlayersWorlds.Maps.Maze.WilsonsMazeGenerator,Full,Auto,null)" methodname="IsFillComplete" classname="PlayersWorlds.Maps.Maze.MazeGeneratorTest" runstate="Runnable" seed="323906158" result="Passed" start-time="2024-05-23T05:00:59.4199920Z" end-time="2024-05-23T05:00:59.4291570Z" duration="0.009166" asserts="4" />
                <test-case id="1-1870" name="IsFillComplete(PlayersWorlds.Maps.Maze.WilsonsMazeGenerator,Full,Auto,System.Collections.Generic.List`1[PlayersWorlds.Maps.Area])" fullname="PlayersWorlds.Maps.Maze.MazeGeneratorTest.IsFillComplete(PlayersWorlds.Maps.Maze.WilsonsMazeGenerator,Full,Auto,System.Collections.Generic.List`1[PlayersWorlds.Maps.Area])" methodname="IsFillComplete" classname="PlayersWorlds.Maps.Maze.MazeGeneratorTest" runstate="Runnable" seed="701294491" result="Passed" start-time="2024-05-23T05:00:59.4291680Z" end-time="2024-05-23T05:00:59.4360560Z" duration="0.006889" asserts="5" />
                <test-case id="1-1871" name="IsFillComplete(PlayersWorlds.Maps.Maze.WilsonsMazeGenerator,Full,Auto,System.Collections.Generic.List`1[PlayersWorlds.Maps.Area])" fullname="PlayersWorlds.Maps.Maze.MazeGeneratorTest.IsFillComplete(PlayersWorlds.Maps.Maze.WilsonsMazeGenerator,Full,Auto,System.Collections.Generic.List`1[PlayersWorlds.Maps.Area])" methodname="IsFillComplete" classname="PlayersWorlds.Maps.Maze.MazeGeneratorTest" runstate="Runnable" seed="978167316" result="Passed" start-time="2024-05-23T05:00:59.4360750Z" end-time="2024-05-23T05:00:59.4400210Z" duration="0.003947" asserts="5" />
                <test-case id="1-1872" name="IsFillComplete(PlayersWorlds.Maps.Maze.WilsonsMazeGenerator,Full,Auto,System.Collections.Generic.List`1[PlayersWorlds.Maps.Area])" fullname="PlayersWorlds.Maps.Maze.MazeGeneratorTest.IsFillComplete(PlayersWorlds.Maps.Maze.WilsonsMazeGenerator,Full,Auto,System.Collections.Generic.List`1[PlayersWorlds.Maps.Area])" methodname="IsFillComplete" classname="PlayersWorlds.Maps.Maze.MazeGeneratorTest" runstate="Runnable" seed="1989227774" result="Passed" start-time="2024-05-23T05:00:59.4400310Z" end-time="2024-05-23T05:00:59.4441820Z" duration="0.004151" asserts="5" />
                <test-case id="1-1873" name="IsFillComplete(PlayersWorlds.Maps.Maze.WilsonsMazeGenerator,Full,Auto,System.Collections.Generic.List`1[PlayersWorlds.Maps.Area])" fullname="PlayersWorlds.Maps.Maze.MazeGeneratorTest.IsFillComplete(PlayersWorlds.Maps.Maze.WilsonsMazeGenerator,Full,Auto,System.Collections.Generic.List`1[PlayersWorlds.Maps.Area])" methodname="IsFillComplete" classname="PlayersWorlds.Maps.Maze.MazeGeneratorTest" runstate="Runnable" seed="700129037" result="Passed" start-time="2024-05-23T05:00:59.4441930Z" end-time="2024-05-23T05:00:59.4527880Z" duration="0.008595" asserts="5" />
                <test-case id="1-1874" name="IsFillComplete(PlayersWorlds.Maps.Maze.WilsonsMazeGenerator,Full,Auto,System.Collections.Generic.List`1[PlayersWorlds.Maps.Area])" fullname="PlayersWorlds.Maps.Maze.MazeGeneratorTest.IsFillComplete(PlayersWorlds.Maps.Maze.WilsonsMazeGenerator,Full,Auto,System.Collections.Generic.List`1[PlayersWorlds.Maps.Area])" methodname="IsFillComplete" classname="PlayersWorlds.Maps.Maze.MazeGeneratorTest" runstate="Runnable" seed="2019674456" result="Passed" start-time="2024-05-23T05:00:59.4527980Z" end-time="2024-05-23T05:00:59.4621620Z" duration="0.009363" asserts="5" />
                <test-case id="1-1875" name="IsFillComplete(PlayersWorlds.Maps.Maze.WilsonsMazeGenerator,Full,Manual,null)" fullname="PlayersWorlds.Maps.Maze.MazeGeneratorTest.IsFillComplete(PlayersWorlds.Maps.Maze.WilsonsMazeGenerator,Full,Manual,null)" methodname="IsFillComplete" classname="PlayersWorlds.Maps.Maze.MazeGeneratorTest" runstate="Runnable" seed="1022128922" result="Passed" start-time="2024-05-23T05:00:59.4621720Z" end-time="2024-05-23T05:00:59.4639940Z" duration="0.001822" asserts="4" />
                <test-case id="1-1876" name="IsFillComplete(PlayersWorlds.Maps.Maze.WilsonsMazeGenerator,Full,Manual,System.Collections.Generic.List`1[PlayersWorlds.Maps.Area])" fullname="PlayersWorlds.Maps.Maze.MazeGeneratorTest.IsFillComplete(PlayersWorlds.Maps.Maze.WilsonsMazeGenerator,Full,Manual,System.Collections.Generic.List`1[PlayersWorlds.Maps.Area])" methodname="IsFillComplete" classname="PlayersWorlds.Maps.Maze.MazeGeneratorTest" runstate="Runnable" seed="1284323600" result="Passed" start-time="2024-05-23T05:00:59.4640040Z" end-time="2024-05-23T05:00:59.4660750Z" duration="0.002071" asserts="5" />
                <test-case id="1-1877" name="IsFillComplete(PlayersWorlds.Maps.Maze.WilsonsMazeGenerator,Full,Manual,System.Collections.Generic.List`1[PlayersWorlds.Maps.Area])" fullname="PlayersWorlds.Maps.Maze.MazeGeneratorTest.IsFillComplete(PlayersWorlds.Maps.Maze.WilsonsMazeGenerator,Full,Manual,System.Collections.Generic.List`1[PlayersWorlds.Maps.Area])" methodname="IsFillComplete" classname="PlayersWorlds.Maps.Maze.MazeGeneratorTest" runstate="Runnable" seed="163587868" result="Passed" start-time="2024-05-23T05:00:59.4660850Z" end-time="2024-05-23T05:00:59.4681930Z" duration="0.002108" asserts="5" />
                <test-case id="1-1878" name="IsFillComplete(PlayersWorlds.Maps.Maze.WilsonsMazeGenerator,Full,Manual,System.Collections.Generic.List`1[PlayersWorlds.Maps.Area])" fullname="PlayersWorlds.Maps.Maze.MazeGeneratorTest.IsFillComplete(PlayersWorlds.Maps.Maze.WilsonsMazeGenerator,Full,Manual,System.Collections.Generic.List`1[PlayersWorlds.Maps.Area])" methodname="IsFillComplete" classname="PlayersWorlds.Maps.Maze.MazeGeneratorTest" runstate="Runnable" seed="1459907078" result="Passed" start-time="2024-05-23T05:00:59.4682030Z" end-time="2024-05-23T05:00:59.4709090Z" duration="0.002706" asserts="5" />
                <test-case id="1-1879" name="IsFillComplete(PlayersWorlds.Maps.Maze.WilsonsMazeGenerator,Full,Manual,System.Collections.Generic.List`1[PlayersWorlds.Maps.Area])" fullname="PlayersWorlds.Maps.Maze.MazeGeneratorTest.IsFillComplete(PlayersWorlds.Maps.Maze.WilsonsMazeGenerator,Full,Manual,System.Collections.Generic.List`1[PlayersWorlds.Maps.Area])" methodname="IsFillComplete" classname="PlayersWorlds.Maps.Maze.MazeGeneratorTest" runstate="Runnable" seed="936948303" result="Passed" start-time="2024-05-23T05:00:59.4709190Z" end-time="2024-05-23T05:00:59.4740310Z" duration="0.003113" asserts="5" />
                <test-case id="1-1880" name="IsFillComplete(PlayersWorlds.Maps.Maze.WilsonsMazeGenerator,Full,Manual,System.Collections.Generic.List`1[PlayersWorlds.Maps.Area])" fullname="PlayersWorlds.Maps.Maze.MazeGeneratorTest.IsFillComplete(PlayersWorlds.Maps.Maze.WilsonsMazeGenerator,Full,Manual,System.Collections.Generic.List`1[PlayersWorlds.Maps.Area])" methodname="IsFillComplete" classname="PlayersWorlds.Maps.Maze.MazeGeneratorTest" runstate="Runnable" seed="1016314175" result="Passed" start-time="2024-05-23T05:00:59.4740420Z" end-time="2024-05-23T05:00:59.4766660Z" duration="0.002624" asserts="5" />
              </test-suite>
              <test-case id="1-1882" name="IsFillComplete_Debug" fullname="PlayersWorlds.Maps.Maze.MazeGeneratorTest.IsFillComplete_Debug" methodname="IsFillComplete_Debug" classname="PlayersWorlds.Maps.Maze.MazeGeneratorTest" runstate="Runnable" seed="251403315" result="Passed" start-time="2024-05-23T05:00:59.4767170Z" end-time="2024-05-23T05:00:59.4853820Z" duration="0.008665" asserts="5">
                <properties>
                  <property name="Category" value="Integration" />
                </properties>
              </test-case>
              <test-case id="1-1371" name="IsFillComplete_Full" fullname="PlayersWorlds.Maps.Maze.MazeGeneratorTest.IsFillComplete_Full" methodname="IsFillComplete_Full" classname="PlayersWorlds.Maps.Maze.MazeGeneratorTest" runstate="Runnable" seed="1127920981" result="Passed" start-time="2024-05-23T05:00:59.4853940Z" end-time="2024-05-23T05:00:59.4874620Z" duration="0.002069" asserts="2" />
              <test-case id="1-1376" name="IsFillComplete_FullHeight" fullname="PlayersWorlds.Maps.Maze.MazeGeneratorTest.IsFillComplete_FullHeight" methodname="IsFillComplete_FullHeight" classname="PlayersWorlds.Maps.Maze.MazeGeneratorTest" runstate="Runnable" seed="301581825" result="Passed" start-time="2024-05-23T05:00:59.4874740Z" end-time="2024-05-23T05:00:59.4894660Z" duration="0.001992" asserts="2" />
              <test-case id="1-1375" name="IsFillComplete_FullWidth" fullname="PlayersWorlds.Maps.Maze.MazeGeneratorTest.IsFillComplete_FullWidth" methodname="IsFillComplete_FullWidth" classname="PlayersWorlds.Maps.Maze.MazeGeneratorTest" runstate="Runnable" seed="792545508" result="Passed" start-time="2024-05-23T05:00:59.4894780Z" end-time="2024-05-23T05:00:59.4908990Z" duration="0.001421" asserts="2" />
              <test-case id="1-1370" name="IsFillComplete_Half" fullname="PlayersWorlds.Maps.Maze.MazeGeneratorTest.IsFillComplete_Half" methodname="IsFillComplete_Half" classname="PlayersWorlds.Maps.Maze.MazeGeneratorTest" runstate="Runnable" seed="1752205297" result="Passed" start-time="2024-05-23T05:00:59.4909100Z" end-time="2024-05-23T05:00:59.4921860Z" duration="0.001276" asserts="2" />
              <test-case id="1-1374" name="IsFillComplete_NinetyPercent" fullname="PlayersWorlds.Maps.Maze.MazeGeneratorTest.IsFillComplete_NinetyPercent" methodname="IsFillComplete_NinetyPercent" classname="PlayersWorlds.Maps.Maze.MazeGeneratorTest" runstate="Runnable" seed="1525221960" result="Passed" start-time="2024-05-23T05:00:59.4921970Z" end-time="2024-05-23T05:00:59.4942910Z" duration="0.002094" asserts="2" />
              <test-case id="1-1372" name="IsFillComplete_Quarter" fullname="PlayersWorlds.Maps.Maze.MazeGeneratorTest.IsFillComplete_Quarter" methodname="IsFillComplete_Quarter" classname="PlayersWorlds.Maps.Maze.MazeGeneratorTest" runstate="Runnable" seed="669723646" result="Passed" start-time="2024-05-23T05:00:59.4943020Z" end-time="2024-05-23T05:00:59.4954430Z" duration="0.001141" asserts="2" />
              <test-case id="1-1373" name="IsFillComplete_ThreeQuarters" fullname="PlayersWorlds.Maps.Maze.MazeGeneratorTest.IsFillComplete_ThreeQuarters" methodname="IsFillComplete_ThreeQuarters" classname="PlayersWorlds.Maps.Maze.MazeGeneratorTest" runstate="Runnable" seed="1175681428" result="Passed" start-time="2024-05-23T05:00:59.4954560Z" end-time="2024-05-23T05:00:59.4968880Z" duration="0.001432" asserts="2" />
              <test-case id="1-1369" name="OnlyFullGenerators" fullname="PlayersWorlds.Maps.Maze.MazeGeneratorTest.OnlyFullGenerators" methodname="OnlyFullGenerators" classname="PlayersWorlds.Maps.Maze.MazeGeneratorTest" runstate="Runnable" seed="1183362202" result="Passed" start-time="2024-05-23T05:00:59.4968990Z" end-time="2024-05-23T05:00:59.4994300Z" duration="0.002531" asserts="2" />
              <test-case id="1-1883" name="WrongGeneratorOptions" fullname="PlayersWorlds.Maps.Maze.MazeGeneratorTest.WrongGeneratorOptions" methodname="WrongGeneratorOptions" classname="PlayersWorlds.Maps.Maze.MazeGeneratorTest" runstate="Runnable" seed="379508720" result="Passed" start-time="2024-05-23T05:00:59.4994400Z" end-time="2024-05-23T05:00:59.5004340Z" duration="0.000994" asserts="4" />
            </test-suite>
            <test-suite type="TestSuite" id="1-2067" name="PostProcessing" fullname="PlayersWorlds.Maps.Maze.PostProcessing" runstate="Runnable" testcasecount="5" result="Passed" start-time="2024-05-23T04:58:38.7613750Z" end-time="2024-05-23T05:00:59.5048960Z" duration="140.743521" total="5" passed="5" failed="0" warnings="0" inconclusive="0" skipped="0" asserts="18">
              <test-suite type="TestFixture" id="1-1896" name="DeadEndTest" fullname="PlayersWorlds.Maps.Maze.PostProcessing.DeadEndTest" classname="PlayersWorlds.Maps.Maze.PostProcessing.DeadEndTest" runstate="Runnable" testcasecount="1" result="Passed" start-time="2024-05-23T05:00:59.5005450Z" end-time="2024-05-23T05:00:59.5011220Z" duration="0.000578" total="1" passed="1" failed="0" warnings="0" inconclusive="0" skipped="0" asserts="7">
                <test-case id="1-1897" name="DeadEnd_CanFindDeadEnds" fullname="PlayersWorlds.Maps.Maze.PostProcessing.DeadEndTest.DeadEnd_CanFindDeadEnds" methodname="DeadEnd_CanFindDeadEnds" classname="PlayersWorlds.Maps.Maze.PostProcessing.DeadEndTest" runstate="Runnable" seed="1577341664" result="Passed" start-time="2024-05-23T05:00:59.5006280Z" end-time="2024-05-23T05:00:59.5011110Z" duration="0.000483" asserts="7" />
              </test-suite>
              <test-suite type="TestFixture" id="1-1898" name="DijkstraDistanceTest" fullname="PlayersWorlds.Maps.Maze.PostProcessing.DijkstraDistanceTest" classname="PlayersWorlds.Maps.Maze.PostProcessing.DijkstraDistanceTest" runstate="Runnable" testcasecount="4" result="Passed" start-time="2024-05-23T05:00:59.5011350Z" end-time="2024-05-23T05:00:59.5048900Z" duration="0.003755" total="4" passed="4" failed="0" warnings="0" inconclusive="0" skipped="0" asserts="11">
                <test-case id="1-1902" name="DijkstraDistance_CanFindLongestTrail" fullname="PlayersWorlds.Maps.Maze.PostProcessing.DijkstraDistanceTest.DijkstraDistance_CanFindLongestTrail" methodname="DijkstraDistance_CanFindLongestTrail" classname="PlayersWorlds.Maps.Maze.PostProcessing.DijkstraDistanceTest" runstate="Runnable" seed="314316290" result="Passed" start-time="2024-05-23T05:00:59.5011910Z" end-time="2024-05-23T05:00:59.5015380Z" duration="0.000346" asserts="4" />
                <test-case id="1-1900" name="DijkstraDistance_CanSolveAMaze" fullname="PlayersWorlds.Maps.Maze.PostProcessing.DijkstraDistanceTest.DijkstraDistance_CanSolveAMaze" methodname="DijkstraDistance_CanSolveAMaze" classname="PlayersWorlds.Maps.Maze.PostProcessing.DijkstraDistanceTest" runstate="Runnable" seed="1004387488" result="Passed" start-time="2024-05-23T05:00:59.5015460Z" end-time="2024-05-23T05:00:59.5018280Z" duration="0.000282" asserts="4" />
                <test-case id="1-1899" name="DijkstraDistance_FindsAllDistances" fullname="PlayersWorlds.Maps.Maze.PostProcessing.DijkstraDistanceTest.DijkstraDistance_FindsAllDistances" methodname="DijkstraDistance_FindsAllDistances" classname="PlayersWorlds.Maps.Maze.PostProcessing.DijkstraDistanceTest" runstate="Runnable" seed="577960164" result="Passed" start-time="2024-05-23T05:00:59.5018360Z" end-time="2024-05-23T05:00:59.5046710Z" duration="0.002835" asserts="2" />
                <test-case id="1-1901" name="DijkstraDistance_ReturnsEmptyIfNoSolutionFound" fullname="PlayersWorlds.Maps.Maze.PostProcessing.DijkstraDistanceTest.DijkstraDistance_ReturnsEmptyIfNoSolutionFound" methodname="DijkstraDistance_ReturnsEmptyIfNoSolutionFound" classname="PlayersWorlds.Maps.Maze.PostProcessing.DijkstraDistanceTest" runstate="Runnable" seed="759369635" result="Passed" start-time="2024-05-23T05:00:59.5046830Z" end-time="2024-05-23T05:00:59.5048790Z" duration="0.000196" asserts="1" />
              </test-suite>
            </test-suite>
            <test-suite type="TestFixture" id="1-1891" name="SidewinderMazeGeneratorTest" fullname="PlayersWorlds.Maps.Maze.SidewinderMazeGeneratorTest" classname="PlayersWorlds.Maps.Maze.SidewinderMazeGeneratorTest" runstate="Runnable" testcasecount="2" result="Passed" start-time="2024-05-23T05:00:59.5049070Z" end-time="2024-05-23T05:00:59.5801680Z" duration="0.075261" total="2" passed="2" failed="0" warnings="0" inconclusive="0" skipped="0" asserts="22">
              <test-case id="1-1892" name="ArchShapedAreas" fullname="PlayersWorlds.Maps.Maze.SidewinderMazeGeneratorTest.ArchShapedAreas" methodname="ArchShapedAreas" classname="PlayersWorlds.Maps.Maze.SidewinderMazeGeneratorTest" runstate="Runnable" seed="1944663460" result="Passed" start-time="2024-05-23T05:00:59.5049610Z" end-time="2024-05-23T05:00:59.5129590Z" duration="0.007998" asserts="2" />
              <test-case id="1-1893" name="ArchShapedAreasLeftExit" fullname="PlayersWorlds.Maps.Maze.SidewinderMazeGeneratorTest.ArchShapedAreasLeftExit" methodname="ArchShapedAreasLeftExit" classname="PlayersWorlds.Maps.Maze.SidewinderMazeGeneratorTest" runstate="Runnable" seed="898941068" result="Passed" start-time="2024-05-23T05:00:59.5129700Z" end-time="2024-05-23T05:00:59.5801520Z" duration="0.067182" asserts="20">
                <properties>
                  <property name="Repeat" value="10" />
                  <property name="Category" value="Integration" />
                </properties>
              </test-case>
            </test-suite>
            <test-suite type="TestFixture" id="1-1894" name="WilsonsMazeGeneratorTest" fullname="PlayersWorlds.Maps.Maze.WilsonsMazeGeneratorTest" classname="PlayersWorlds.Maps.Maze.WilsonsMazeGeneratorTest" runstate="Runnable" testcasecount="1" result="Passed" start-time="2024-05-23T05:00:59.5801830Z" end-time="2024-05-23T05:00:59.6009720Z" duration="0.020789" total="1" passed="1" failed="0" warnings="0" inconclusive="0" skipped="0" asserts="1">
              <test-case id="1-1895" name="DuplicateRandom" fullname="PlayersWorlds.Maps.Maze.WilsonsMazeGeneratorTest.DuplicateRandom" methodname="DuplicateRandom" classname="PlayersWorlds.Maps.Maze.WilsonsMazeGeneratorTest" runstate="Runnable" seed="359098977" result="Passed" start-time="2024-05-23T05:00:59.5823270Z" end-time="2024-05-23T05:00:59.6009560Z" duration="0.018629" asserts="1">
                <properties>
                  <property name="Timeout" value="1000" />
                </properties>
              </test-case>
            </test-suite>
          </test-suite>
          <test-suite type="TestFixture" id="1-1056" name="Maze2DRendererTest" fullname="PlayersWorlds.Maps.Maze2DRendererTest" classname="PlayersWorlds.Maps.Maze2DRendererTest" runstate="Runnable" testcasecount="8" result="Passed" start-time="2024-05-23T05:00:59.6009940Z" end-time="2024-05-23T05:00:59.6262340Z" duration="0.025240" total="8" passed="8" failed="0" warnings="0" inconclusive="0" skipped="0" asserts="57">
            <test-case id="1-1059" name="CanRenderAMapWithFilledAreas" fullname="PlayersWorlds.Maps.Maze2DRendererTest.CanRenderAMapWithFilledAreas" methodname="CanRenderAMapWithFilledAreas" classname="PlayersWorlds.Maps.Maze2DRendererTest" runstate="Runnable" seed="1925001109" result="Passed" start-time="2024-05-23T05:00:59.6010540Z" end-time="2024-05-23T05:00:59.6051130Z" duration="0.004059" asserts="1" />
            <test-case id="1-1060" name="CanRenderAMapWithHallAreas" fullname="PlayersWorlds.Maps.Maze2DRendererTest.CanRenderAMapWithHallAreas" methodname="CanRenderAMapWithHallAreas" classname="PlayersWorlds.Maps.Maze2DRendererTest" runstate="Runnable" seed="705283204" result="Passed" start-time="2024-05-23T05:00:59.6051240Z" end-time="2024-05-23T05:00:59.6092580Z" duration="0.004133" asserts="1" />
            <test-case id="1-1057" name="CanRenderAMapWithSmoothCorners" fullname="PlayersWorlds.Maps.Maze2DRendererTest.CanRenderAMapWithSmoothCorners" methodname="CanRenderAMapWithSmoothCorners" classname="PlayersWorlds.Maps.Maze2DRendererTest" runstate="Runnable" seed="1999482327" result="Passed" start-time="2024-05-23T05:00:59.6092690Z" end-time="2024-05-23T05:00:59.6122020Z" duration="0.002933" asserts="1" />
            <test-case id="1-1058" name="CanRenderAMapWithVoids" fullname="PlayersWorlds.Maps.Maze2DRendererTest.CanRenderAMapWithVoids" methodname="CanRenderAMapWithVoids" classname="PlayersWorlds.Maps.Maze2DRendererTest" runstate="Runnable" seed="370576973" result="Passed" start-time="2024-05-23T05:00:59.6122130Z" end-time="2024-05-23T05:00:59.6163500Z" duration="0.004137" asserts="1" />
            <test-case id="1-1064" name="CellsMapping_ValidMapping" fullname="PlayersWorlds.Maps.Maze2DRendererTest.CellsMapping_ValidMapping" methodname="CellsMapping_ValidMapping" classname="PlayersWorlds.Maps.Maze2DRendererTest" runstate="Runnable" seed="1386782272" result="Passed" start-time="2024-05-23T05:00:59.6163600Z" end-time="2024-05-23T05:00:59.6214950Z" duration="0.005135" asserts="45" />
            <test-case id="1-1061" name="Maze2DStringBoxRenderer_CanConvertToAscii" fullname="PlayersWorlds.Maps.Maze2DRendererTest.Maze2DStringBoxRenderer_CanConvertToAscii" methodname="Maze2DStringBoxRenderer_CanConvertToAscii" classname="PlayersWorlds.Maps.Maze2DRendererTest" runstate="Runnable" seed="1189066534" result="Passed" start-time="2024-05-23T05:00:59.6215170Z" end-time="2024-05-23T05:00:59.6247900Z" duration="0.003274" asserts="1" />
            <test-case id="1-1062" name="Maze2DStringBoxRenderer_CanConvertToAsciiWithData" fullname="PlayersWorlds.Maps.Maze2DRendererTest.Maze2DStringBoxRenderer_CanConvertToAsciiWithData" methodname="Maze2DStringBoxRenderer_CanConvertToAsciiWithData" classname="PlayersWorlds.Maps.Maze2DRendererTest" runstate="Runnable" seed="1170746559" result="Passed" start-time="2024-05-23T05:00:59.6248030Z" end-time="2024-05-23T05:00:59.6256700Z" duration="0.000867" asserts="1" />
            <test-case id="1-1063" name="Maze2DToMap2DConverter_ThrowsIfInvalidOptions" fullname="PlayersWorlds.Maps.Maze2DRendererTest.Maze2DToMap2DConverter_ThrowsIfInvalidOptions" methodname="Maze2DToMap2DConverter_ThrowsIfInvalidOptions" classname="PlayersWorlds.Maps.Maze2DRendererTest" runstate="Runnable" seed="923293923" result="Passed" start-time="2024-05-23T05:00:59.6256810Z" end-time="2024-05-23T05:00:59.6262200Z" duration="0.000539" asserts="6" />
          </test-suite>
          <test-suite type="TestFixture" id="1-1023" name="NArrayTest" fullname="PlayersWorlds.Maps.NArrayTest" classname="PlayersWorlds.Maps.NArrayTest" runstate="Runnable" testcasecount="24" result="Passed" start-time="2024-05-23T05:00:59.6262480Z" end-time="2024-05-23T05:00:59.6402220Z" duration="0.013975" total="24" passed="24" failed="0" warnings="0" inconclusive="0" skipped="0" asserts="83">
            <test-case id="1-1043" name="CellsAt_AnyCellAt2x2" fullname="PlayersWorlds.Maps.NArrayTest.CellsAt_AnyCellAt2x2" methodname="CellsAt_AnyCellAt2x2" classname="PlayersWorlds.Maps.NArrayTest" runstate="Runnable" seed="1539932986" result="Passed" start-time="2024-05-23T05:00:59.6263080Z" end-time="2024-05-23T05:00:59.6272980Z" duration="0.000991" asserts="5" />
            <test-case id="1-1046" name="CellsAt_AnyCellAtCloseEdge2x2" fullname="PlayersWorlds.Maps.NArrayTest.CellsAt_AnyCellAtCloseEdge2x2" methodname="CellsAt_AnyCellAtCloseEdge2x2" classname="PlayersWorlds.Maps.NArrayTest" runstate="Runnable" seed="1958877792" result="Passed" start-time="2024-05-23T05:00:59.6273100Z" end-time="2024-05-23T05:00:59.6276300Z" duration="0.000320" asserts="5" />
            <test-case id="1-1047" name="CellsAt_AnyCellAtZeroSize" fullname="PlayersWorlds.Maps.NArrayTest.CellsAt_AnyCellAtZeroSize" methodname="CellsAt_AnyCellAtZeroSize" classname="PlayersWorlds.Maps.NArrayTest" runstate="Runnable" seed="168493488" result="Passed" start-time="2024-05-23T05:00:59.6276380Z" end-time="2024-05-23T05:00:59.6283220Z" duration="0.000684" asserts="1" />
            <test-case id="1-1024" name="NArray_Constructor_CreatesCorrectSize" fullname="PlayersWorlds.Maps.NArrayTest.NArray_Constructor_CreatesCorrectSize" methodname="NArray_Constructor_CreatesCorrectSize" classname="PlayersWorlds.Maps.NArrayTest" runstate="Runnable" seed="1445355988" result="Passed" start-time="2024-05-23T05:00:59.6283330Z" end-time="2024-05-23T05:00:59.6286910Z" duration="0.000359" asserts="2" />
            <test-case id="1-1025" name="NArray_Constructor_SetsInitialValues" fullname="PlayersWorlds.Maps.NArrayTest.NArray_Constructor_SetsInitialValues" methodname="NArray_Constructor_SetsInitialValues" classname="PlayersWorlds.Maps.NArrayTest" runstate="Runnable" seed="1107038700" result="Passed" start-time="2024-05-23T05:00:59.6287000Z" end-time="2024-05-23T05:00:59.6295440Z" duration="0.000844" asserts="4" />
            <test-case id="1-1026" name="NArray_Constructor_ThrowsOnInvalidSize" fullname="PlayersWorlds.Maps.NArrayTest.NArray_Constructor_ThrowsOnInvalidSize" methodname="NArray_Constructor_ThrowsOnInvalidSize" classname="PlayersWorlds.Maps.NArrayTest" runstate="Runnable" seed="1567288308" result="Passed" start-time="2024-05-23T05:00:59.6295550Z" end-time="2024-05-23T05:00:59.6297730Z" duration="0.000219" asserts="1" />
            <test-case id="1-1027" name="NArray_Indexing_GetValuesCorrectly" fullname="PlayersWorlds.Maps.NArrayTest.NArray_Indexing_GetValuesCorrectly" methodname="NArray_Indexing_GetValuesCorrectly" classname="PlayersWorlds.Maps.NArrayTest" runstate="Runnable" seed="1517551522" result="Passed" start-time="2024-05-23T05:00:59.6297810Z" end-time="2024-05-23T05:00:59.6300170Z" duration="0.000235" asserts="1" />
            <test-case id="1-1029" name="NArray_Indexing_SetsValuesCorrectly" fullname="PlayersWorlds.Maps.NArrayTest.NArray_Indexing_SetsValuesCorrectly" methodname="NArray_Indexing_SetsValuesCorrectly" classname="PlayersWorlds.Maps.NArrayTest" runstate="Runnable" seed="1747762538" result="Passed" start-time="2024-05-23T05:00:59.6300250Z" end-time="2024-05-23T05:00:59.6301740Z" duration="0.000149" asserts="1" />
            <test-case id="1-1028" name="NArray_Indexing_ThrowsOnOutOfBounds" fullname="PlayersWorlds.Maps.NArrayTest.NArray_Indexing_ThrowsOnOutOfBounds" methodname="NArray_Indexing_ThrowsOnOutOfBounds" classname="PlayersWorlds.Maps.NArrayTest" runstate="Runnable" seed="1020805322" result="Passed" start-time="2024-05-23T05:00:59.6301810Z" end-time="2024-05-23T05:00:59.6315020Z" duration="0.001320" asserts="4" />
            <test-case id="1-1040" name="NArray_Iterate_FourCellsFar" fullname="PlayersWorlds.Maps.NArrayTest.NArray_Iterate_FourCellsFar" methodname="NArray_Iterate_FourCellsFar" classname="PlayersWorlds.Maps.NArrayTest" runstate="Runnable" seed="1807161893" result="Passed" start-time="2024-05-23T05:00:59.6315100Z" end-time="2024-05-23T05:00:59.6327100Z" duration="0.001200" asserts="5" />
            <test-case id="1-1037" name="NArray_Iterate_OneCell" fullname="PlayersWorlds.Maps.NArrayTest.NArray_Iterate_OneCell" methodname="NArray_Iterate_OneCell" classname="PlayersWorlds.Maps.NArrayTest" runstate="Runnable" seed="2012937636" result="Passed" start-time="2024-05-23T05:00:59.6327210Z" end-time="2024-05-23T05:00:59.6330160Z" duration="0.000294" asserts="2" />
            <test-case id="1-1041" name="NArray_Iterate_OutOfBounds" fullname="PlayersWorlds.Maps.NArrayTest.NArray_Iterate_OutOfBounds" methodname="NArray_Iterate_OutOfBounds" classname="PlayersWorlds.Maps.NArrayTest" runstate="Runnable" seed="1573499306" result="Passed" start-time="2024-05-23T05:00:59.6330240Z" end-time="2024-05-23T05:00:59.6334180Z" duration="0.000394" asserts="4" />
            <test-case id="1-1030" name="NArray_Iterate_TraversesAllCells" fullname="PlayersWorlds.Maps.NArrayTest.NArray_Iterate_TraversesAllCells" methodname="NArray_Iterate_TraversesAllCells" classname="PlayersWorlds.Maps.NArrayTest" runstate="Runnable" seed="32720410" result="Passed" start-time="2024-05-23T05:00:59.6334250Z" end-time="2024-05-23T05:00:59.6339100Z" duration="0.000485" asserts="13" />
            <test-case id="1-1039" name="NArray_Iterate_TreeByTwo" fullname="PlayersWorlds.Maps.NArrayTest.NArray_Iterate_TreeByTwo" methodname="NArray_Iterate_TreeByTwo" classname="PlayersWorlds.Maps.NArrayTest" runstate="Runnable" seed="2052293430" result="Passed" start-time="2024-05-23T05:00:59.6339180Z" end-time="2024-05-23T05:00:59.6343800Z" duration="0.000462" asserts="7" />
            <test-case id="1-1038" name="NArray_Iterate_TwoCells" fullname="PlayersWorlds.Maps.NArrayTest.NArray_Iterate_TwoCells" methodname="NArray_Iterate_TwoCells" classname="PlayersWorlds.Maps.NArrayTest" runstate="Runnable" seed="566185646" result="Passed" start-time="2024-05-23T05:00:59.6343880Z" end-time="2024-05-23T05:00:59.6349230Z" duration="0.000536" asserts="3" />
            <test-case id="1-1035" name="NArray_IterateAdjacentCells_ReturnsCorrectNeighbors" fullname="PlayersWorlds.Maps.NArrayTest.NArray_IterateAdjacentCells_ReturnsCorrectNeighbors" methodname="NArray_IterateAdjacentCells_ReturnsCorrectNeighbors" classname="PlayersWorlds.Maps.NArrayTest" runstate="Runnable" seed="1735641526" result="Passed" start-time="2024-05-23T05:00:59.6349320Z" end-time="2024-05-23T05:00:59.6366230Z" duration="0.001691" asserts="6" />
            <test-case id="1-1036" name="NArray_IterateAdjacentCells_ReturnsCorrectNeighborsIn4DSpace" fullname="PlayersWorlds.Maps.NArrayTest.NArray_IterateAdjacentCells_ReturnsCorrectNeighborsIn4DSpace" methodname="NArray_IterateAdjacentCells_ReturnsCorrectNeighborsIn4DSpace" classname="PlayersWorlds.Maps.NArrayTest" runstate="Runnable" seed="620124346" result="Passed" start-time="2024-05-23T05:00:59.6366350Z" end-time="2024-05-23T05:00:59.6371820Z" duration="0.000548" asserts="6" />
            <test-case id="1-1044" name="NArray_IterateIntersection_AnyCellAtEdge1x1" fullname="PlayersWorlds.Maps.NArrayTest.NArray_IterateIntersection_AnyCellAtEdge1x1" methodname="NArray_IterateIntersection_AnyCellAtEdge1x1" classname="PlayersWorlds.Maps.NArrayTest" runstate="Runnable" seed="536585615" result="Passed" start-time="2024-05-23T05:00:59.6371930Z" end-time="2024-05-23T05:00:59.6374240Z" duration="0.000231" asserts="2" />
            <test-case id="1-1045" name="NArray_IterateIntersection_AnyCellAtFarEdge2x2" fullname="PlayersWorlds.Maps.NArrayTest.NArray_IterateIntersection_AnyCellAtFarEdge2x2" methodname="NArray_IterateIntersection_AnyCellAtFarEdge2x2" classname="PlayersWorlds.Maps.NArrayTest" runstate="Runnable" seed="1572093927" result="Passed" start-time="2024-05-23T05:00:59.6374320Z" end-time="2024-05-23T05:00:59.6376440Z" duration="0.000212" asserts="2" />
            <test-case id="1-1042" name="NArray_IterateIntersection_AnyCellAtP1x1" fullname="PlayersWorlds.Maps.NArrayTest.NArray_IterateIntersection_AnyCellAtP1x1" methodname="NArray_IterateIntersection_AnyCellAtP1x1" classname="PlayersWorlds.Maps.NArrayTest" runstate="Runnable" seed="1488300281" result="Passed" start-time="2024-05-23T05:00:59.6376520Z" end-time="2024-05-23T05:00:59.6378620Z" duration="0.000211" asserts="2" />
            <test-case id="1-1034" name="NArray_IterateIntersection_HandlesOverlap" fullname="PlayersWorlds.Maps.NArrayTest.NArray_IterateIntersection_HandlesOverlap" methodname="NArray_IterateIntersection_HandlesOverlap" classname="PlayersWorlds.Maps.NArrayTest" runstate="Runnable" seed="1634819898" result="Passed" start-time="2024-05-23T05:00:59.6378700Z" end-time="2024-05-23T05:00:59.6386080Z" duration="0.000738" asserts="1" />
            <test-case id="1-1033" name="NArray_IterateRegion_HandlesDimensionsMismatch" fullname="PlayersWorlds.Maps.NArrayTest.NArray_IterateRegion_HandlesDimensionsMismatch" methodname="NArray_IterateRegion_HandlesDimensionsMismatch" classname="PlayersWorlds.Maps.NArrayTest" runstate="Runnable" seed="916242586" result="Passed" start-time="2024-05-23T05:00:59.6386170Z" end-time="2024-05-23T05:00:59.6395140Z" duration="0.000896" asserts="3" />
            <test-case id="1-1032" name="NArray_IterateRegion_HandlesOutOfBounds" fullname="PlayersWorlds.Maps.NArrayTest.NArray_IterateRegion_HandlesOutOfBounds" methodname="NArray_IterateRegion_HandlesOutOfBounds" classname="PlayersWorlds.Maps.NArrayTest" runstate="Runnable" seed="1544953485" result="Passed" start-time="2024-05-23T05:00:59.6395220Z" end-time="2024-05-23T05:00:59.6399680Z" duration="0.000446" asserts="2" />
            <test-case id="1-1031" name="NArray_IterateRegion_ReturnsCorrectCells" fullname="PlayersWorlds.Maps.NArrayTest.NArray_IterateRegion_ReturnsCorrectCells" methodname="NArray_IterateRegion_ReturnsCorrectCells" classname="PlayersWorlds.Maps.NArrayTest" runstate="Runnable" seed="773293803" result="Passed" start-time="2024-05-23T05:00:59.6399760Z" end-time="2024-05-23T05:00:59.6402100Z" duration="0.000235" asserts="1" />
          </test-suite>
          <test-suite type="TestFixture" id="1-1048" name="OptionalTest" fullname="PlayersWorlds.Maps.OptionalTest" classname="PlayersWorlds.Maps.OptionalTest" runstate="Runnable" testcasecount="7" result="Passed" start-time="2024-05-23T05:00:59.6402350Z" end-time="2024-05-23T05:00:59.6417590Z" duration="0.001524" total="7" passed="7" failed="0" warnings="0" inconclusive="0" skipped="0" asserts="25">
            <test-case id="1-1054" name="Optional_CanBeCastToT" fullname="PlayersWorlds.Maps.OptionalTest.Optional_CanBeCastToT" methodname="Optional_CanBeCastToT" classname="PlayersWorlds.Maps.OptionalTest" runstate="Runnable" seed="290141697" result="Passed" start-time="2024-05-23T05:00:59.6402910Z" end-time="2024-05-23T05:00:59.6404240Z" duration="0.000133" asserts="1" />
            <test-case id="1-1049" name="Optional_Equality" fullname="PlayersWorlds.Maps.OptionalTest.Optional_Equality" methodname="Optional_Equality" classname="PlayersWorlds.Maps.OptionalTest" runstate="Runnable" seed="676156319" result="Passed" start-time="2024-05-23T05:00:59.6404320Z" end-time="2024-05-23T05:00:59.6405700Z" duration="0.000138" asserts="3" />
            <test-case id="1-1051" name="Optional_Equals" fullname="PlayersWorlds.Maps.OptionalTest.Optional_Equals" methodname="Optional_Equals" classname="PlayersWorlds.Maps.OptionalTest" runstate="Runnable" seed="1359472612" result="Passed" start-time="2024-05-23T05:00:59.6405780Z" end-time="2024-05-23T05:00:59.6408150Z" duration="0.000237" asserts="5" />
            <test-case id="1-1053" name="Optional_GetHashCode" fullname="PlayersWorlds.Maps.OptionalTest.Optional_GetHashCode" methodname="Optional_GetHashCode" classname="PlayersWorlds.Maps.OptionalTest" runstate="Runnable" seed="880569728" result="Passed" start-time="2024-05-23T05:00:59.6408220Z" end-time="2024-05-23T05:00:59.6410430Z" duration="0.000221" asserts="3" />
            <test-case id="1-1052" name="Optional_Null" fullname="PlayersWorlds.Maps.OptionalTest.Optional_Null" methodname="Optional_Null" classname="PlayersWorlds.Maps.OptionalTest" runstate="Runnable" seed="2069159230" result="Passed" start-time="2024-05-23T05:00:59.6410500Z" end-time="2024-05-23T05:00:59.6414320Z" duration="0.000382" asserts="9" />
            <test-case id="1-1050" name="Optional_ThrowsIfNoValue" fullname="PlayersWorlds.Maps.OptionalTest.Optional_ThrowsIfNoValue" methodname="Optional_ThrowsIfNoValue" classname="PlayersWorlds.Maps.OptionalTest" runstate="Runnable" seed="2124471785" result="Passed" start-time="2024-05-23T05:00:59.6414400Z" end-time="2024-05-23T05:00:59.6415840Z" duration="0.000145" asserts="2" />
            <test-case id="1-1055" name="Optional_ToStringShowsValue" fullname="PlayersWorlds.Maps.OptionalTest.Optional_ToStringShowsValue" methodname="Optional_ToStringShowsValue" classname="PlayersWorlds.Maps.OptionalTest" runstate="Runnable" seed="591933396" result="Passed" start-time="2024-05-23T05:00:59.6415910Z" end-time="2024-05-23T05:00:59.6417480Z" duration="0.000157" asserts="2" />
          </test-suite>
          <test-suite type="TestSuite" id="1-2065" name="Renderers" fullname="PlayersWorlds.Maps.Renderers" runstate="Runnable" testcasecount="1" result="Passed" start-time="2024-05-23T04:58:38.7613830Z" end-time="2024-05-23T05:00:59.6426220Z" duration="140.881239" total="1" passed="1" failed="0" warnings="0" inconclusive="0" skipped="0" asserts="1">
            <test-suite type="TestFixture" id="1-1107" name="Map2DStringRendererTest" fullname="PlayersWorlds.Maps.Renderers.Map2DStringRendererTest" classname="PlayersWorlds.Maps.Renderers.Map2DStringRendererTest" runstate="Runnable" testcasecount="1" result="Passed" start-time="2024-05-23T05:00:59.6417700Z" end-time="2024-05-23T05:00:59.6426150Z" duration="0.000846" total="1" passed="1" failed="0" warnings="0" inconclusive="0" skipped="0" asserts="1">
              <test-case id="1-1108" name="TestRender" fullname="PlayersWorlds.Maps.Renderers.Map2DStringRendererTest.TestRender" methodname="TestRender" classname="PlayersWorlds.Maps.Renderers.Map2DStringRendererTest" runstate="Runnable" seed="2081822805" result="Passed" start-time="2024-05-23T05:00:59.6418230Z" end-time="2024-05-23T05:00:59.6426040Z" duration="0.000781" asserts="1" />
            </test-suite>
          </test-suite>
          <test-suite type="TestFixture" id="1-1065" name="VectorDTest" fullname="PlayersWorlds.Maps.VectorDTest" classname="PlayersWorlds.Maps.VectorDTest" runstate="Runnable" testcasecount="11" result="Passed" start-time="2024-05-23T05:00:59.6426320Z" end-time="2024-05-23T05:00:59.6448830Z" duration="0.002251" total="11" passed="11" failed="0" warnings="0" inconclusive="0" skipped="0" asserts="33">
            <test-case id="1-1073" name="CanAddAndSubtract" fullname="PlayersWorlds.Maps.VectorDTest.CanAddAndSubtract" methodname="CanAddAndSubtract" classname="PlayersWorlds.Maps.VectorDTest" runstate="Runnable" seed="1504247765" result="Passed" start-time="2024-05-23T05:00:59.6426860Z" end-time="2024-05-23T05:00:59.6429760Z" duration="0.000291" asserts="5" />
            <test-case id="1-1074" name="ConstructorChecksArguments" fullname="PlayersWorlds.Maps.VectorDTest.ConstructorChecksArguments" methodname="ConstructorChecksArguments" classname="PlayersWorlds.Maps.VectorDTest" runstate="Runnable" seed="255286070" result="Passed" start-time="2024-05-23T05:00:59.6429840Z" end-time="2024-05-23T05:00:59.6430930Z" duration="0.000109" asserts="1" />
            <test-case id="1-1067" name="EqualityIsCheckedByValue" fullname="PlayersWorlds.Maps.VectorDTest.EqualityIsCheckedByValue" methodname="EqualityIsCheckedByValue" classname="PlayersWorlds.Maps.VectorDTest" runstate="Runnable" seed="1449624873" result="Passed" start-time="2024-05-23T05:00:59.6431000Z" end-time="2024-05-23T05:00:59.6432980Z" duration="0.000198" asserts="4" />
            <test-case id="1-1068" name="GetHashCodeIsDerivedFromValue" fullname="PlayersWorlds.Maps.VectorDTest.GetHashCodeIsDerivedFromValue" methodname="GetHashCodeIsDerivedFromValue" classname="PlayersWorlds.Maps.VectorDTest" runstate="Runnable" seed="1487417191" result="Passed" start-time="2024-05-23T05:00:59.6433060Z" end-time="2024-05-23T05:00:59.6433800Z" duration="0.000074" asserts="1" />
            <test-case id="1-1071" name="InitializedAsNull" fullname="PlayersWorlds.Maps.VectorDTest.InitializedAsNull" methodname="InitializedAsNull" classname="PlayersWorlds.Maps.VectorDTest" runstate="Runnable" seed="19842452" result="Passed" start-time="2024-05-23T05:00:59.6433870Z" end-time="2024-05-23T05:00:59.6434840Z" duration="0.000097" asserts="1" />
            <test-case id="1-1070" name="InitializedEmpty" fullname="PlayersWorlds.Maps.VectorDTest.InitializedEmpty" methodname="InitializedEmpty" classname="PlayersWorlds.Maps.VectorDTest" runstate="Runnable" seed="1063935622" result="Passed" start-time="2024-05-23T05:00:59.6434900Z" end-time="2024-05-23T05:00:59.6437340Z" duration="0.000244" asserts="4" />
            <test-case id="1-1066" name="IsInitialized" fullname="PlayersWorlds.Maps.VectorDTest.IsInitialized" methodname="IsInitialized" classname="PlayersWorlds.Maps.VectorDTest" runstate="Runnable" seed="236265382" result="Passed" start-time="2024-05-23T05:00:59.6437420Z" end-time="2024-05-23T05:00:59.6439060Z" duration="0.000164" asserts="2" />
            <test-case id="1-1072" name="IsZero" fullname="PlayersWorlds.Maps.VectorDTest.IsZero" methodname="IsZero" classname="PlayersWorlds.Maps.VectorDTest" runstate="Runnable" seed="661903188" result="Passed" start-time="2024-05-23T05:00:59.6439130Z" end-time="2024-05-23T05:00:59.6440170Z" duration="0.000104" asserts="3" />
            <test-case id="1-1075" name="SnappedForce" fullname="PlayersWorlds.Maps.VectorDTest.SnappedForce" methodname="SnappedForce" classname="PlayersWorlds.Maps.VectorDTest" runstate="Runnable" seed="1999050198" result="Passed" start-time="2024-05-23T05:00:59.6440240Z" end-time="2024-05-23T05:00:59.6443880Z" duration="0.000364" asserts="9" />
            <test-case id="1-1069" name="ToStringFormat" fullname="PlayersWorlds.Maps.VectorDTest.ToStringFormat" methodname="ToStringFormat" classname="PlayersWorlds.Maps.VectorDTest" runstate="Runnable" seed="2007284827" result="Passed" start-time="2024-05-23T05:00:59.6443950Z" end-time="2024-05-23T05:00:59.6444720Z" duration="0.000077" asserts="1" />
            <test-case id="1-1076" name="VectorD_Parse" fullname="PlayersWorlds.Maps.VectorDTest.VectorD_Parse" methodname="VectorD_Parse" classname="PlayersWorlds.Maps.VectorDTest" runstate="Runnable" seed="1983340241" result="Passed" start-time="2024-05-23T05:00:59.6444790Z" end-time="2024-05-23T05:00:59.6448720Z" duration="0.000393" asserts="2" />
          </test-suite>
          <test-suite type="TestFixture" id="1-1077" name="VectorTest" fullname="PlayersWorlds.Maps.VectorTest" classname="PlayersWorlds.Maps.VectorTest" runstate="Runnable" testcasecount="29" result="Passed" start-time="2024-05-23T05:00:59.6448950Z" end-time="2024-05-23T05:00:59.6531340Z" duration="0.008240" total="29" passed="29" failed="0" warnings="0" inconclusive="0" skipped="0" asserts="229">
            <test-case id="1-1094" name="FitsInto" fullname="PlayersWorlds.Maps.VectorTest.FitsInto" methodname="FitsInto" classname="PlayersWorlds.Maps.VectorTest" runstate="Runnable" seed="972482338" result="Passed" start-time="2024-05-23T05:00:59.6449500Z" end-time="2024-05-23T05:00:59.6450870Z" duration="0.000137" asserts="3" />
            <test-case id="1-1097" name="FromIndex_Matches_FromIndex" fullname="PlayersWorlds.Maps.VectorTest.FromIndex_Matches_FromIndex" methodname="FromIndex_Matches_FromIndex" classname="PlayersWorlds.Maps.VectorTest" runstate="Runnable" seed="1818558774" result="Passed" start-time="2024-05-23T05:00:59.6450950Z" end-time="2024-05-23T05:00:59.6451940Z" duration="0.000099" asserts="1" />
            <test-case id="1-1105" name="FromIndex_ShouldThrowException_DimensionMismatch" fullname="PlayersWorlds.Maps.VectorTest.FromIndex_ShouldThrowException_DimensionMismatch" methodname="FromIndex_ShouldThrowException_DimensionMismatch" classname="PlayersWorlds.Maps.VectorTest" runstate="Runnable" seed="1436339970" result="Passed" start-time="2024-05-23T05:00:59.6452010Z" end-time="2024-05-23T05:00:59.6455610Z" duration="0.000360" asserts="1" />
            <test-case id="1-1095" name="IsIn" fullname="PlayersWorlds.Maps.VectorTest.IsIn" methodname="IsIn" classname="PlayersWorlds.Maps.VectorTest" runstate="Runnable" seed="1478751758" result="Passed" start-time="2024-05-23T05:00:59.6455680Z" end-time="2024-05-23T05:00:59.6458220Z" duration="0.000254" asserts="7" />
            <test-case id="1-1106" name="NorthEastComparer_ComparesCorrectly" fullname="PlayersWorlds.Maps.VectorTest.NorthEastComparer_ComparesCorrectly" methodname="NorthEastComparer_ComparesCorrectly" classname="PlayersWorlds.Maps.VectorTest" runstate="Runnable" seed="364359274" result="Passed" start-time="2024-05-23T05:00:59.6458290Z" end-time="2024-05-23T05:00:59.6471120Z" duration="0.001283" asserts="1" />
            <test-case id="1-1079" name="Size_NotInitialized" fullname="PlayersWorlds.Maps.VectorTest.Size_NotInitialized" methodname="Size_NotInitialized" classname="PlayersWorlds.Maps.VectorTest" runstate="Runnable" seed="347517150" result="Passed" start-time="2024-05-23T05:00:59.6471200Z" end-time="2024-05-23T05:00:59.6473060Z" duration="0.000186" asserts="2" />
            <test-case id="1-1101" name="ToIndex_FromIndex_RoundTripConversion" fullname="PlayersWorlds.Maps.VectorTest.ToIndex_FromIndex_RoundTripConversion" methodname="ToIndex_FromIndex_RoundTripConversion" classname="PlayersWorlds.Maps.VectorTest" runstate="Runnable" seed="1229628681" result="Passed" start-time="2024-05-23T05:00:59.6473140Z" end-time="2024-05-23T05:00:59.6479870Z" duration="0.000673" asserts="150" />
            <test-case id="1-1102" name="ToIndex_FromIndex_Valid5D" fullname="PlayersWorlds.Maps.VectorTest.ToIndex_FromIndex_Valid5D" methodname="ToIndex_FromIndex_Valid5D" classname="PlayersWorlds.Maps.VectorTest" runstate="Runnable" seed="617245883" result="Passed" start-time="2024-05-23T05:00:59.6479950Z" end-time="2024-05-23T05:00:59.6492130Z" duration="0.001218" asserts="13" />
            <test-case id="1-1096" name="ToIndex_Matches_ToIndex" fullname="PlayersWorlds.Maps.VectorTest.ToIndex_Matches_ToIndex" methodname="ToIndex_Matches_ToIndex" classname="PlayersWorlds.Maps.VectorTest" runstate="Runnable" seed="552011940" result="Passed" start-time="2024-05-23T05:00:59.6492210Z" end-time="2024-05-23T05:00:59.6493180Z" duration="0.000097" asserts="1" />
            <test-case id="1-1098" name="ToIndex_ShouldCalculateCorrectIndex_1D" fullname="PlayersWorlds.Maps.VectorTest.ToIndex_ShouldCalculateCorrectIndex_1D" methodname="ToIndex_ShouldCalculateCorrectIndex_1D" classname="PlayersWorlds.Maps.VectorTest" runstate="Runnable" seed="2065553962" result="Passed" start-time="2024-05-23T05:00:59.6493250Z" end-time="2024-05-23T05:00:59.6494260Z" duration="0.000101" asserts="2" />
            <test-case id="1-1099" name="ToIndex_ShouldCalculateCorrectIndex_2D" fullname="PlayersWorlds.Maps.VectorTest.ToIndex_ShouldCalculateCorrectIndex_2D" methodname="ToIndex_ShouldCalculateCorrectIndex_2D" classname="PlayersWorlds.Maps.VectorTest" runstate="Runnable" seed="526054996" result="Passed" start-time="2024-05-23T05:00:59.6494320Z" end-time="2024-05-23T05:00:59.6495230Z" duration="0.000091" asserts="2" />
            <test-case id="1-1100" name="ToIndex_ShouldCalculateCorrectIndex_3D" fullname="PlayersWorlds.Maps.VectorTest.ToIndex_ShouldCalculateCorrectIndex_3D" methodname="ToIndex_ShouldCalculateCorrectIndex_3D" classname="PlayersWorlds.Maps.VectorTest" runstate="Runnable" seed="304638412" result="Passed" start-time="2024-05-23T05:00:59.6495300Z" end-time="2024-05-23T05:00:59.6496210Z" duration="0.000092" asserts="2" />
            <test-case id="1-1104" name="ToIndex_ShouldThrowException_DimensionMismatch" fullname="PlayersWorlds.Maps.VectorTest.ToIndex_ShouldThrowException_DimensionMismatch" methodname="ToIndex_ShouldThrowException_DimensionMismatch" classname="PlayersWorlds.Maps.VectorTest" runstate="Runnable" seed="1510363215" result="Passed" start-time="2024-05-23T05:00:59.6496280Z" end-time="2024-05-23T05:00:59.6497960Z" duration="0.000168" asserts="1" />
            <test-case id="1-1103" name="ToIndex_ShouldThrowException_DimensionOverflow" fullname="PlayersWorlds.Maps.VectorTest.ToIndex_ShouldThrowException_DimensionOverflow" methodname="ToIndex_ShouldThrowException_DimensionOverflow" classname="PlayersWorlds.Maps.VectorTest" runstate="Runnable" seed="1391774117" result="Passed" start-time="2024-05-23T05:00:59.6498030Z" end-time="2024-05-23T05:00:59.6506050Z" duration="0.000802" asserts="1" />
            <test-case id="1-1087" name="Vector_CanAddAndSubtract" fullname="PlayersWorlds.Maps.VectorTest.Vector_CanAddAndSubtract" methodname="Vector_CanAddAndSubtract" classname="PlayersWorlds.Maps.VectorTest" runstate="Runnable" seed="2032572572" result="Passed" start-time="2024-05-23T05:00:59.6506130Z" end-time="2024-05-23T05:00:59.6509830Z" duration="0.000370" asserts="6" />
            <test-case id="1-1088" name="Vector_ConstructorChecksArguments" fullname="PlayersWorlds.Maps.VectorTest.Vector_ConstructorChecksArguments" methodname="Vector_ConstructorChecksArguments" classname="PlayersWorlds.Maps.VectorTest" runstate="Runnable" seed="172670129" result="Passed" start-time="2024-05-23T05:00:59.6509900Z" end-time="2024-05-23T05:00:59.6510830Z" duration="0.000092" asserts="1" />
            <test-case id="1-1085" name="Vector_EmptyIsEmpty" fullname="PlayersWorlds.Maps.VectorTest.Vector_EmptyIsEmpty" methodname="Vector_EmptyIsEmpty" classname="PlayersWorlds.Maps.VectorTest" runstate="Runnable" seed="1197635733" result="Passed" start-time="2024-05-23T05:00:59.6510890Z" end-time="2024-05-23T05:00:59.6511550Z" duration="0.000066" asserts="1" />
            <test-case id="1-1084" name="Vector_EmptyVectorIsEmpty" fullname="PlayersWorlds.Maps.VectorTest.Vector_EmptyVectorIsEmpty" methodname="Vector_EmptyVectorIsEmpty" classname="PlayersWorlds.Maps.VectorTest" runstate="Runnable" seed="1834214630" result="Passed" start-time="2024-05-23T05:00:59.6511610Z" end-time="2024-05-23T05:00:59.6512230Z" duration="0.000061" asserts="1" />
            <test-case id="1-1080" name="Vector_EqualityIsCheckedByValue" fullname="PlayersWorlds.Maps.VectorTest.Vector_EqualityIsCheckedByValue" methodname="Vector_EqualityIsCheckedByValue" classname="PlayersWorlds.Maps.VectorTest" runstate="Runnable" seed="1748321599" result="Passed" start-time="2024-05-23T05:00:59.6512290Z" end-time="2024-05-23T05:00:59.6514800Z" duration="0.000251" asserts="5" />
            <test-case id="1-1092" name="Vector_FromIndex" fullname="PlayersWorlds.Maps.VectorTest.Vector_FromIndex" methodname="Vector_FromIndex" classname="PlayersWorlds.Maps.VectorTest" runstate="Runnable" seed="1654515969" result="Passed" start-time="2024-05-23T05:00:59.6514880Z" end-time="2024-05-23T05:00:59.6515990Z" duration="0.000111" asserts="2" />
            <test-case id="1-1081" name="Vector_GetHashCodeIsDerivedFromValue" fullname="PlayersWorlds.Maps.VectorTest.Vector_GetHashCodeIsDerivedFromValue" methodname="Vector_GetHashCodeIsDerivedFromValue" classname="PlayersWorlds.Maps.VectorTest" runstate="Runnable" seed="557977206" result="Passed" start-time="2024-05-23T05:00:59.6516060Z" end-time="2024-05-23T05:00:59.6518060Z" duration="0.000200" asserts="2" />
            <test-case id="1-1078" name="Vector_IsInitialized" fullname="PlayersWorlds.Maps.VectorTest.Vector_IsInitialized" methodname="Vector_IsInitialized" classname="PlayersWorlds.Maps.VectorTest" runstate="Runnable" seed="1530468661" result="Passed" start-time="2024-05-23T05:00:59.6518130Z" end-time="2024-05-23T05:00:59.6518890Z" duration="0.000076" asserts="2" />
            <test-case id="1-1086" name="Vector_NotEqualToNull" fullname="PlayersWorlds.Maps.VectorTest.Vector_NotEqualToNull" methodname="Vector_NotEqualToNull" classname="PlayersWorlds.Maps.VectorTest" runstate="Runnable" seed="19387980" result="Passed" start-time="2024-05-23T05:00:59.6518950Z" end-time="2024-05-23T05:00:59.6520790Z" duration="0.000184" asserts="3" />
            <test-case id="1-1090" name="Vector_SnappedForce" fullname="PlayersWorlds.Maps.VectorTest.Vector_SnappedForce" methodname="Vector_SnappedForce" classname="PlayersWorlds.Maps.VectorTest" runstate="Runnable" seed="244505383" result="Passed" start-time="2024-05-23T05:00:59.6520870Z" end-time="2024-05-23T05:00:59.6524490Z" duration="0.000363" asserts="9" />
            <test-case id="1-1089" name="Vector_ThrowsIfNotAValidSize" fullname="PlayersWorlds.Maps.VectorTest.Vector_ThrowsIfNotAValidSize" methodname="Vector_ThrowsIfNotAValidSize" classname="PlayersWorlds.Maps.VectorTest" runstate="Runnable" seed="1542026625" result="Passed" start-time="2024-05-23T05:00:59.6524560Z" end-time="2024-05-23T05:00:59.6526860Z" duration="0.000229" asserts="3" />
            <test-case id="1-1091" name="Vector_ToIndex" fullname="PlayersWorlds.Maps.VectorTest.Vector_ToIndex" methodname="Vector_ToIndex" classname="PlayersWorlds.Maps.VectorTest" runstate="Runnable" seed="1173470698" result="Passed" start-time="2024-05-23T05:00:59.6526930Z" end-time="2024-05-23T05:00:59.6528610Z" duration="0.000169" asserts="3" />
            <test-case id="1-1082" name="Vector_ToStringFormat" fullname="PlayersWorlds.Maps.VectorTest.Vector_ToStringFormat" methodname="Vector_ToStringFormat" classname="PlayersWorlds.Maps.VectorTest" runstate="Runnable" seed="1053383002" result="Passed" start-time="2024-05-23T05:00:59.6528690Z" end-time="2024-05-23T05:00:59.6529510Z" duration="0.000083" asserts="2" />
            <test-case id="1-1083" name="Vector_ZeroVectorIsNotEmpty" fullname="PlayersWorlds.Maps.VectorTest.Vector_ZeroVectorIsNotEmpty" methodname="Vector_ZeroVectorIsNotEmpty" classname="PlayersWorlds.Maps.VectorTest" runstate="Runnable" seed="1916860322" result="Passed" start-time="2024-05-23T05:00:59.6529590Z" end-time="2024-05-23T05:00:59.6530390Z" duration="0.000081" asserts="1" />
            <test-case id="1-1093" name="VectorD_Parse" fullname="PlayersWorlds.Maps.VectorTest.VectorD_Parse" methodname="VectorD_Parse" classname="PlayersWorlds.Maps.VectorTest" runstate="Runnable" seed="160682587" result="Passed" start-time="2024-05-23T05:00:59.6530460Z" end-time="2024-05-23T05:00:59.6531230Z" duration="0.000077" asserts="1" />
          </test-suite>
        </test-suite>
      </test-suite>
      <test-suite type="TestFixture" id="1-1000" name="RandomAreaGeneratorTest" fullname="RandomAreaGeneratorTest" classname="RandomAreaGeneratorTest" runstate="Runnable" testcasecount="2" result="Passed" start-time="2024-05-23T05:00:59.6531570Z" end-time="2024-05-23T05:00:59.6875970Z" duration="0.034440" total="2" passed="2" failed="0" warnings="0" inconclusive="0" skipped="0" asserts="3042">
        <test-case id="1-1001" name="ZoneGenerator_CanGenerateZones" fullname="RandomAreaGeneratorTest.ZoneGenerator_CanGenerateZones" methodname="ZoneGenerator_CanGenerateZones" classname="RandomAreaGeneratorTest" runstate="Runnable" seed="1157434176" result="Passed" start-time="2024-05-23T05:00:59.6532110Z" end-time="2024-05-23T05:00:59.6868850Z" duration="0.033675" asserts="3006">
          <properties>
            <property name="Category" value="Integration" />
          </properties>
        </test-case>
        <test-case id="1-1002" name="ZoneGenerator_CustomSettings" fullname="RandomAreaGeneratorTest.ZoneGenerator_CustomSettings" methodname="ZoneGenerator_CustomSettings" classname="RandomAreaGeneratorTest" runstate="Runnable" seed="1230166320" result="Passed" start-time="2024-05-23T05:00:59.6868980Z" end-time="2024-05-23T05:00:59.6875830Z" duration="0.000685" asserts="36">
          <properties>
            <property name="Category" value="Integration" />
          </properties>
        </test-case>
      </test-suite>
    </test-suite>
  </test-suite>
</test-run>