<?xml version="1.0" encoding="utf-8" standalone="no"?>
<test-run id="0" runstate="Runnable" testcasecount="992" result="Skipped" label="Ignored" total="437" passed="335" failed="0" warnings="0" inconclusive="0" skipped="102" asserts="17286" engine-version="3.17.0.0" clr-version="4.0.30319.42000" start-time="2024-02-25 18:58:04Z" end-time="2024-02-25 18:58:21Z" duration="17.068708">
  <command-line><![CDATA[/home/data/repos/github.com/aynurin/maze-gen/packages/NUnit.ConsoleRunner.3.17.0/tools/nunit3-console.exe build/Debug/tests/PlayersWorlds.Maps.Tests.dll --where=Category!=Load --framework=mono-4.0]]></command-line>
  <filter>
    <not>
      <prop name="Category">Load</prop>
    </not>
  </filter>
  <test-suite type="Assembly" id="1-2036" name="PlayersWorlds.Maps.Tests.dll" fullname="/home/data/repos/github.com/aynurin/maze-gen/build/Debug/tests/PlayersWorlds.Maps.Tests.dll" runstate="Runnable" testcasecount="992" result="Skipped" label="Ignored" site="Child" start-time="2024-02-25T18:58:04.9894380Z" end-time="2024-02-25T18:58:21.6170870Z" duration="16.627570" total="437" passed="335" failed="0" warnings="0" inconclusive="0" skipped="102" asserts="17286">
    <environment framework-version="4.0.1.0" clr-version="4.0.30319.42000" os-version="Unix 6.1.71.1" platform="Unix" cwd="/home/data/repos/github.com/aynurin/maze-gen" machine-name="lightview" user="shav" user-domain="lightview" culture="en-US" uiculture="en-US" os-architecture="x64" />
    <settings>
      <setting name="RequestedRuntimeFramework" value="mono-4.0" />
      <setting name="DisposeRunners" value="True" />
      <setting name="WorkDirectory" value="/home/data/repos/github.com/aynurin/maze-gen" />
      <setting name="ImageRuntimeVersion" value="4.0.30319" />
      <setting name="ImageTargetFrameworkName" value=".NETFramework,Version=v4.7" />
      <setting name="ImageRequiresX86" value="False" />
      <setting name="ImageRequiresDefaultAppDomainAssemblyResolver" value="False" />
      <setting name="TargetRuntimeFramework" value="mono-4.0" />
      <setting name="NumberOfTestWorkers" value="24" />
    </settings>
    <properties>
      <property name="_PID" value="1706271" />
      <property name="_APPDOMAIN" value="domain-" />
    </properties>
    <reason>
      <message><![CDATA[One or more child tests were ignored]]></message>
    </reason>
    <test-suite type="SetUpFixture" id="1-1003" name="[default namespace]" fullname="SetUpTests" classname="SetUpTests" runstate="Runnable" testcasecount="992" result="Skipped" label="Ignored" site="Child" start-time="2024-02-25T18:58:04.9943550Z" end-time="2024-02-25T18:58:21.6170770Z" duration="16.622721" total="437" passed="335" failed="0" warnings="0" inconclusive="0" skipped="102" asserts="17286">
      <reason>
        <message><![CDATA[One or more child tests were ignored]]></message>
      </reason>
      <test-suite type="TestSuite" id="1-2037" name="PlayersWorlds" fullname="PlayersWorlds" runstate="Runnable" testcasecount="990" result="Skipped" label="Ignored" site="Child" start-time="2024-02-25T18:58:04.9971880Z" end-time="2024-02-25T18:58:21.6085440Z" duration="16.611356" total="435" passed="333" failed="0" warnings="0" inconclusive="0" skipped="102" asserts="14244">
        <reason>
          <message><![CDATA[One or more child tests were ignored]]></message>
        </reason>
        <test-suite type="TestSuite" id="1-2038" name="Maps" fullname="PlayersWorlds.Maps" runstate="Runnable" testcasecount="990" result="Skipped" label="Ignored" site="Child" start-time="2024-02-25T18:58:04.9972610Z" end-time="2024-02-25T18:58:21.6085390Z" duration="16.611279" total="435" passed="333" failed="0" warnings="0" inconclusive="0" skipped="102" asserts="14244">
          <reason>
            <message><![CDATA[One or more child tests were ignored]]></message>
          </reason>
          <test-suite type="TestSuite" id="1-2043" name="Areas" fullname="PlayersWorlds.Maps.Areas" runstate="Runnable" testcasecount="116" result="Passed" start-time="2024-02-25T18:58:04.9972700Z" end-time="2024-02-25T18:58:05.1697500Z" duration="0.172481" total="65" passed="65" failed="0" warnings="0" inconclusive="0" skipped="0" asserts="207">
            <test-suite type="TestSuite" id="1-2044" name="Evolving" fullname="PlayersWorlds.Maps.Areas.Evolving" runstate="Runnable" testcasecount="111" result="Passed" start-time="2024-02-25T18:58:04.9972750Z" end-time="2024-02-25T18:58:05.1630540Z" duration="0.165779" total="60" passed="60" failed="0" warnings="0" inconclusive="0" skipped="0" asserts="180">
              <test-suite type="TestFixture" id="1-1918" name="AreaDistributorTest" fullname="PlayersWorlds.Maps.Areas.Evolving.AreaDistributorTest" classname="PlayersWorlds.Maps.Areas.Evolving.AreaDistributorTest" runstate="Runnable" testcasecount="73" result="Passed" start-time="2024-02-25T18:58:04.9973200Z" end-time="2024-02-25T18:58:05.0477550Z" duration="0.050435" total="23" passed="23" failed="0" warnings="0" inconclusive="0" skipped="0" asserts="46">
                <test-case id="1-1919" name="AreaDistributorTest_OneTest" fullname="PlayersWorlds.Maps.Areas.Evolving.AreaDistributorTest.AreaDistributorTest_OneTest" methodname="AreaDistributorTest_OneTest" classname="PlayersWorlds.Maps.Areas.Evolving.AreaDistributorTest" runstate="Runnable" seed="1942738541" result="Passed" start-time="2024-02-25T18:58:04.9973870Z" end-time="2024-02-25T18:58:05.0307970Z" duration="0.033479" asserts="2" />
                <test-suite type="ParameterizedMethod" id="1-1932" name="AreaDistributorTest_OverlapTwo" fullname="PlayersWorlds.Maps.Areas.Evolving.AreaDistributorTest.AreaDistributorTest_OverlapTwo" classname="PlayersWorlds.Maps.Areas.Evolving.AreaDistributorTest" runstate="Runnable" testcasecount="10" result="Passed" start-time="2024-02-25T18:58:05.0321350Z" end-time="2024-02-25T18:58:05.0434470Z" duration="0.011312" total="10" passed="10" failed="0" warnings="0" inconclusive="0" skipped="0" asserts="20">
                  <test-case id="1-1922" name="AreaDistributorTest_OverlapTwo(&quot;11x11: P2x2;S4x4 P5x5;S4x4&quot;)" fullname="PlayersWorlds.Maps.Areas.Evolving.AreaDistributorTest.AreaDistributorTest_OverlapTwo(&quot;11x11: P2x2;S4x4 P5x5;S4x4&quot;)" methodname="AreaDistributorTest_OverlapTwo" classname="PlayersWorlds.Maps.Areas.Evolving.AreaDistributorTest" runstate="Runnable" seed="1119596931" result="Passed" start-time="2024-02-25T18:58:05.0322090Z" end-time="2024-02-25T18:58:05.0387100Z" duration="0.006501" asserts="2" />
                  <test-case id="1-1923" name="AreaDistributorTest_OverlapTwo(&quot;11x11: P5x2;S4x4 P2x5;S4x4&quot;)" fullname="PlayersWorlds.Maps.Areas.Evolving.AreaDistributorTest.AreaDistributorTest_OverlapTwo(&quot;11x11: P5x2;S4x4 P2x5;S4x4&quot;)" methodname="AreaDistributorTest_OverlapTwo" classname="PlayersWorlds.Maps.Areas.Evolving.AreaDistributorTest" runstate="Runnable" seed="1338551553" result="Passed" start-time="2024-02-25T18:58:05.0387190Z" end-time="2024-02-25T18:58:05.0390170Z" duration="0.000298" asserts="2" />
                  <test-case id="1-1924" name="AreaDistributorTest_OverlapTwo(&quot;11x11: P2x5;S4x4 P5x2;S4x4&quot;)" fullname="PlayersWorlds.Maps.Areas.Evolving.AreaDistributorTest.AreaDistributorTest_OverlapTwo(&quot;11x11: P2x5;S4x4 P5x2;S4x4&quot;)" methodname="AreaDistributorTest_OverlapTwo" classname="PlayersWorlds.Maps.Areas.Evolving.AreaDistributorTest" runstate="Runnable" seed="1320640271" result="Passed" start-time="2024-02-25T18:58:05.0390230Z" end-time="2024-02-25T18:58:05.0393180Z" duration="0.000295" asserts="2" />
                  <test-case id="1-1925" name="AreaDistributorTest_OverlapTwo(&quot;11x11: P5x5;S4x4 P2x2;S4x4&quot;)" fullname="PlayersWorlds.Maps.Areas.Evolving.AreaDistributorTest.AreaDistributorTest_OverlapTwo(&quot;11x11: P5x5;S4x4 P2x2;S4x4&quot;)" methodname="AreaDistributorTest_OverlapTwo" classname="PlayersWorlds.Maps.Areas.Evolving.AreaDistributorTest" runstate="Runnable" seed="175181149" result="Passed" start-time="2024-02-25T18:58:05.0393250Z" end-time="2024-02-25T18:58:05.0396080Z" duration="0.000283" asserts="2" />
                  <test-case id="1-1926" name="AreaDistributorTest_OverlapTwo(&quot;11x11: P4x4;S4x4 P3x3;S4x4&quot;)" fullname="PlayersWorlds.Maps.Areas.Evolving.AreaDistributorTest.AreaDistributorTest_OverlapTwo(&quot;11x11: P4x4;S4x4 P3x3;S4x4&quot;)" methodname="AreaDistributorTest_OverlapTwo" classname="PlayersWorlds.Maps.Areas.Evolving.AreaDistributorTest" runstate="Runnable" seed="1021083844" result="Passed" start-time="2024-02-25T18:58:05.0396140Z" end-time="2024-02-25T18:58:05.0410920Z" duration="0.001478" asserts="2" />
                  <test-case id="1-1927" name="AreaDistributorTest_OverlapTwo(&quot;11x11: P4x3;S4x4 P3x4;S4x4&quot;)" fullname="PlayersWorlds.Maps.Areas.Evolving.AreaDistributorTest.AreaDistributorTest_OverlapTwo(&quot;11x11: P4x3;S4x4 P3x4;S4x4&quot;)" methodname="AreaDistributorTest_OverlapTwo" classname="PlayersWorlds.Maps.Areas.Evolving.AreaDistributorTest" runstate="Runnable" seed="1732418864" result="Passed" start-time="2024-02-25T18:58:05.0411000Z" end-time="2024-02-25T18:58:05.0413690Z" duration="0.000269" asserts="2" />
                  <test-case id="1-1928" name="AreaDistributorTest_OverlapTwo(&quot;11x11: P3.5x3.5;S4x4 P3.5x3.5;S4x4&quot;)" fullname="PlayersWorlds.Maps.Areas.Evolving.AreaDistributorTest.AreaDistributorTest_OverlapTwo(&quot;11x11: P3.5x3.5;S4x4 P3.5x3.5;S4x4&quot;)" methodname="AreaDistributorTest_OverlapTwo" classname="PlayersWorlds.Maps.Areas.Evolving.AreaDistributorTest" runstate="Runnable" seed="1169769987" result="Passed" start-time="2024-02-25T18:58:05.0413750Z" end-time="2024-02-25T18:58:05.0416850Z" duration="0.000311" asserts="2" />
                  <test-case id="1-1929" name="AreaDistributorTest_OverlapTwo(&quot;16x16: P4x4;S8x8 P5x9;S2x2&quot;)" fullname="PlayersWorlds.Maps.Areas.Evolving.AreaDistributorTest.AreaDistributorTest_OverlapTwo(&quot;16x16: P4x4;S8x8 P5x9;S2x2&quot;)" methodname="AreaDistributorTest_OverlapTwo" classname="PlayersWorlds.Maps.Areas.Evolving.AreaDistributorTest" runstate="Runnable" seed="433262854" result="Passed" start-time="2024-02-25T18:58:05.0416930Z" end-time="2024-02-25T18:58:05.0419720Z" duration="0.000279" asserts="2" />
                  <test-case id="1-1930" name="AreaDistributorTest_OverlapTwo(&quot;16x16: P4x4;S8x8 P5x7;S4x4&quot;)" fullname="PlayersWorlds.Maps.Areas.Evolving.AreaDistributorTest.AreaDistributorTest_OverlapTwo(&quot;16x16: P4x4;S8x8 P5x7;S4x4&quot;)" methodname="AreaDistributorTest_OverlapTwo" classname="PlayersWorlds.Maps.Areas.Evolving.AreaDistributorTest" runstate="Runnable" seed="361288596" result="Passed" start-time="2024-02-25T18:58:05.0419780Z" end-time="2024-02-25T18:58:05.0422460Z" duration="0.000268" asserts="2" />
                  <test-case id="1-1931" name="AreaDistributorTest_OverlapTwo(&quot;16x16: P5x5;S6x6 P6x6;S4x4&quot;)" fullname="PlayersWorlds.Maps.Areas.Evolving.AreaDistributorTest.AreaDistributorTest_OverlapTwo(&quot;16x16: P5x5;S6x6 P6x6;S4x4&quot;)" methodname="AreaDistributorTest_OverlapTwo" classname="PlayersWorlds.Maps.Areas.Evolving.AreaDistributorTest" runstate="Runnable" seed="823524172" result="Passed" start-time="2024-02-25T18:58:05.0422520Z" end-time="2024-02-25T18:58:05.0425080Z" duration="0.000257" asserts="2" />
                </test-suite>
                <test-case id="1-1920" name="AreaDistributorTest_SidePressure" fullname="PlayersWorlds.Maps.Areas.Evolving.AreaDistributorTest.AreaDistributorTest_SidePressure" methodname="AreaDistributorTest_SidePressure" classname="PlayersWorlds.Maps.Areas.Evolving.AreaDistributorTest" runstate="Runnable" seed="1229106218" result="Passed" start-time="2024-02-25T18:58:05.0442410Z" end-time="2024-02-25T18:58:05.0450410Z" duration="0.000800" asserts="2" />
                <test-suite type="ParameterizedMethod" id="1-1943" name="AreaDistributorTest_SingleMapForce" fullname="PlayersWorlds.Maps.Areas.Evolving.AreaDistributorTest.AreaDistributorTest_SingleMapForce" classname="PlayersWorlds.Maps.Areas.Evolving.AreaDistributorTest" runstate="Runnable" testcasecount="10" result="Passed" start-time="2024-02-25T18:58:05.0450500Z" end-time="2024-02-25T18:58:05.0473490Z" duration="0.002300" total="10" passed="10" failed="0" warnings="0" inconclusive="0" skipped="0" asserts="20">
                  <test-case id="1-1933" name="AreaDistributorTest_SingleMapForce(&quot;6x12: P1x2;S2x2&quot;)" fullname="PlayersWorlds.Maps.Areas.Evolving.AreaDistributorTest.AreaDistributorTest_SingleMapForce(&quot;6x12: P1x2;S2x2&quot;)" methodname="AreaDistributorTest_SingleMapForce" classname="PlayersWorlds.Maps.Areas.Evolving.AreaDistributorTest" runstate="Runnable" seed="359493302" result="Passed" start-time="2024-02-25T18:58:05.0450640Z" end-time="2024-02-25T18:58:05.0454290Z" duration="0.000365" asserts="2" />
                  <test-case id="1-1934" name="AreaDistributorTest_SingleMapForce(&quot;6x12: P2x2;S2x2&quot;)" fullname="PlayersWorlds.Maps.Areas.Evolving.AreaDistributorTest.AreaDistributorTest_SingleMapForce(&quot;6x12: P2x2;S2x2&quot;)" methodname="AreaDistributorTest_SingleMapForce" classname="PlayersWorlds.Maps.Areas.Evolving.AreaDistributorTest" runstate="Runnable" seed="2070660045" result="Passed" start-time="2024-02-25T18:58:05.0454370Z" end-time="2024-02-25T18:58:05.0456330Z" duration="0.000196" asserts="2" />
                  <test-case id="1-1935" name="AreaDistributorTest_SingleMapForce(&quot;6x12: P3x2;S2x2&quot;)" fullname="PlayersWorlds.Maps.Areas.Evolving.AreaDistributorTest.AreaDistributorTest_SingleMapForce(&quot;6x12: P3x2;S2x2&quot;)" methodname="AreaDistributorTest_SingleMapForce" classname="PlayersWorlds.Maps.Areas.Evolving.AreaDistributorTest" runstate="Runnable" seed="1406084980" result="Passed" start-time="2024-02-25T18:58:05.0456390Z" end-time="2024-02-25T18:58:05.0458320Z" duration="0.000193" asserts="2" />
                  <test-case id="1-1936" name="AreaDistributorTest_SingleMapForce(&quot;6x12: P1x5;S2x2&quot;)" fullname="PlayersWorlds.Maps.Areas.Evolving.AreaDistributorTest.AreaDistributorTest_SingleMapForce(&quot;6x12: P1x5;S2x2&quot;)" methodname="AreaDistributorTest_SingleMapForce" classname="PlayersWorlds.Maps.Areas.Evolving.AreaDistributorTest" runstate="Runnable" seed="400216965" result="Passed" start-time="2024-02-25T18:58:05.0458370Z" end-time="2024-02-25T18:58:05.0460410Z" duration="0.000204" asserts="2" />
                  <test-case id="1-1937" name="AreaDistributorTest_SingleMapForce(&quot;6x12: P2x5;S2x2&quot;)" fullname="PlayersWorlds.Maps.Areas.Evolving.AreaDistributorTest.AreaDistributorTest_SingleMapForce(&quot;6x12: P2x5;S2x2&quot;)" methodname="AreaDistributorTest_SingleMapForce" classname="PlayersWorlds.Maps.Areas.Evolving.AreaDistributorTest" runstate="Runnable" seed="2146746925" result="Passed" start-time="2024-02-25T18:58:05.0460470Z" end-time="2024-02-25T18:58:05.0462320Z" duration="0.000185" asserts="2" />
                  <test-case id="1-1938" name="AreaDistributorTest_SingleMapForce(&quot;6x12: P3x5;S2x2&quot;)" fullname="PlayersWorlds.Maps.Areas.Evolving.AreaDistributorTest.AreaDistributorTest_SingleMapForce(&quot;6x12: P3x5;S2x2&quot;)" methodname="AreaDistributorTest_SingleMapForce" classname="PlayersWorlds.Maps.Areas.Evolving.AreaDistributorTest" runstate="Runnable" seed="116968999" result="Passed" start-time="2024-02-25T18:58:05.0462380Z" end-time="2024-02-25T18:58:05.0464340Z" duration="0.000196" asserts="2" />
                  <test-case id="1-1939" name="AreaDistributorTest_SingleMapForce(&quot;6x12: P1x8;S2x2&quot;)" fullname="PlayersWorlds.Maps.Areas.Evolving.AreaDistributorTest.AreaDistributorTest_SingleMapForce(&quot;6x12: P1x8;S2x2&quot;)" methodname="AreaDistributorTest_SingleMapForce" classname="PlayersWorlds.Maps.Areas.Evolving.AreaDistributorTest" runstate="Runnable" seed="137396744" result="Passed" start-time="2024-02-25T18:58:05.0464390Z" end-time="2024-02-25T18:58:05.0466350Z" duration="0.000196" asserts="2" />
                  <test-case id="1-1940" name="AreaDistributorTest_SingleMapForce(&quot;6x12: P2x8;S2x2&quot;)" fullname="PlayersWorlds.Maps.Areas.Evolving.AreaDistributorTest.AreaDistributorTest_SingleMapForce(&quot;6x12: P2x8;S2x2&quot;)" methodname="AreaDistributorTest_SingleMapForce" classname="PlayersWorlds.Maps.Areas.Evolving.AreaDistributorTest" runstate="Runnable" seed="1234444151" result="Passed" start-time="2024-02-25T18:58:05.0466410Z" end-time="2024-02-25T18:58:05.0468330Z" duration="0.000192" asserts="2" />
                  <test-case id="1-1941" name="AreaDistributorTest_SingleMapForce(&quot;6x12: P3x8;S2x2&quot;)" fullname="PlayersWorlds.Maps.Areas.Evolving.AreaDistributorTest.AreaDistributorTest_SingleMapForce(&quot;6x12: P3x8;S2x2&quot;)" methodname="AreaDistributorTest_SingleMapForce" classname="PlayersWorlds.Maps.Areas.Evolving.AreaDistributorTest" runstate="Runnable" seed="1297205162" result="Passed" start-time="2024-02-25T18:58:05.0468390Z" end-time="2024-02-25T18:58:05.0470240Z" duration="0.000186" asserts="2" />
                  <test-case id="1-1942" name="AreaDistributorTest_SingleMapForce(&quot;6x12: P-1x-4;S2x2&quot;)" fullname="PlayersWorlds.Maps.Areas.Evolving.AreaDistributorTest.AreaDistributorTest_SingleMapForce(&quot;6x12: P-1x-4;S2x2&quot;)" methodname="AreaDistributorTest_SingleMapForce" classname="PlayersWorlds.Maps.Areas.Evolving.AreaDistributorTest" runstate="Runnable" seed="1248264117" result="Passed" start-time="2024-02-25T18:58:05.0470290Z" end-time="2024-02-25T18:58:05.0473400Z" duration="0.000311" asserts="2" />
                </test-suite>
                <test-case id="1-1921" name="AreaDistributorTest_TwoTest" fullname="PlayersWorlds.Maps.Areas.Evolving.AreaDistributorTest.AreaDistributorTest_TwoTest" methodname="AreaDistributorTest_TwoTest" classname="PlayersWorlds.Maps.Areas.Evolving.AreaDistributorTest" runstate="Runnable" seed="1200561016" result="Passed" start-time="2024-02-25T18:58:05.0473560Z" end-time="2024-02-25T18:58:05.0477240Z" duration="0.000368" asserts="2" />
              </test-suite>
              <test-suite type="TestFixture" id="1-1995" name="EvolvingSimulatorTest" fullname="PlayersWorlds.Maps.Areas.Evolving.EvolvingSimulatorTest" classname="PlayersWorlds.Maps.Areas.Evolving.EvolvingSimulatorTest" runstate="Runnable" testcasecount="2" result="Passed" start-time="2024-02-25T18:58:05.0481740Z" end-time="2024-02-25T18:58:05.1514110Z" duration="0.103237" total="2" passed="2" failed="0" warnings="0" inconclusive="0" skipped="0" asserts="2">
                <test-case id="1-1997" name="EvolvingSimulator_ReturnsEpochsIfEvolitionIsNotComplete" fullname="PlayersWorlds.Maps.Areas.Evolving.EvolvingSimulatorTest.EvolvingSimulator_ReturnsEpochsIfEvolitionIsNotComplete" methodname="EvolvingSimulator_ReturnsEpochsIfEvolitionIsNotComplete" classname="PlayersWorlds.Maps.Areas.Evolving.EvolvingSimulatorTest" runstate="Runnable" seed="1745038654" result="Passed" start-time="2024-02-25T18:58:05.0482230Z" end-time="2024-02-25T18:58:05.1490660Z" duration="0.100843" asserts="1" />
                <test-case id="1-1996" name="EvolvingSimulator_ThrowsIfMaxEpochsIsZero" fullname="PlayersWorlds.Maps.Areas.Evolving.EvolvingSimulatorTest.EvolvingSimulator_ThrowsIfMaxEpochsIsZero" methodname="EvolvingSimulator_ThrowsIfMaxEpochsIsZero" classname="PlayersWorlds.Maps.Areas.Evolving.EvolvingSimulatorTest" runstate="Runnable" seed="1387530512" result="Passed" start-time="2024-02-25T18:58:05.1490800Z" end-time="2024-02-25T18:58:05.1513940Z" duration="0.002314" asserts="1" />
              </test-suite>
              <test-suite type="TestFixture" id="1-1998" name="FloatingAreaTest" fullname="PlayersWorlds.Maps.Areas.Evolving.FloatingAreaTest" classname="PlayersWorlds.Maps.Areas.Evolving.FloatingAreaTest" runstate="Runnable" testcasecount="5" result="Passed" start-time="2024-02-25T18:58:05.1514260Z" end-time="2024-02-25T18:58:05.1567210Z" duration="0.005296" total="5" passed="5" failed="0" warnings="0" inconclusive="0" skipped="0" asserts="11">
                <test-case id="1-2003" name="CenterIsValid" fullname="PlayersWorlds.Maps.Areas.Evolving.FloatingAreaTest.CenterIsValid" methodname="CenterIsValid" classname="PlayersWorlds.Maps.Areas.Evolving.FloatingAreaTest" runstate="Runnable" seed="1746684548" result="Passed" start-time="2024-02-25T18:58:05.1514760Z" end-time="2024-02-25T18:58:05.1540030Z" duration="0.002527" asserts="4" />
                <test-case id="1-2002" name="Contains" fullname="PlayersWorlds.Maps.Areas.Evolving.FloatingAreaTest.Contains" methodname="Contains" classname="PlayersWorlds.Maps.Areas.Evolving.FloatingAreaTest" runstate="Runnable" seed="736681745" result="Passed" start-time="2024-02-25T18:58:05.1540150Z" end-time="2024-02-25T18:58:05.1544500Z" duration="0.000436" asserts="2" />
                <test-case id="1-2001" name="Overlaps" fullname="PlayersWorlds.Maps.Areas.Evolving.FloatingAreaTest.Overlaps" methodname="Overlaps" classname="PlayersWorlds.Maps.Areas.Evolving.FloatingAreaTest" runstate="Runnable" seed="550379748" result="Passed" start-time="2024-02-25T18:58:05.1544580Z" end-time="2024-02-25T18:58:05.1546750Z" duration="0.000217" asserts="2" />
                <test-case id="1-1999" name="Parse" fullname="PlayersWorlds.Maps.Areas.Evolving.FloatingAreaTest.Parse" methodname="Parse" classname="PlayersWorlds.Maps.Areas.Evolving.FloatingAreaTest" runstate="Runnable" seed="2123829368" result="Passed" start-time="2024-02-25T18:58:05.1546820Z" end-time="2024-02-25T18:58:05.1554050Z" duration="0.000722" asserts="2" />
                <test-case id="1-2000" name="ToStringIsValid" fullname="PlayersWorlds.Maps.Areas.Evolving.FloatingAreaTest.ToStringIsValid" methodname="ToStringIsValid" classname="PlayersWorlds.Maps.Areas.Evolving.FloatingAreaTest" runstate="Runnable" seed="975489659" result="Passed" start-time="2024-02-25T18:58:05.1554130Z" end-time="2024-02-25T18:58:05.1567060Z" duration="0.001293" asserts="1" />
              </test-suite>
              <test-suite type="TestFixture" id="1-2004" name="ForceFormulaTestTest" fullname="PlayersWorlds.Maps.Areas.Evolving.ForceFormulaTestTest" classname="PlayersWorlds.Maps.Areas.Evolving.ForceFormulaTestTest" runstate="Runnable" testcasecount="8" result="Passed" start-time="2024-02-25T18:58:05.1567340Z" end-time="2024-02-25T18:58:05.1594100Z" duration="0.002676" total="8" passed="8" failed="0" warnings="0" inconclusive="0" skipped="0" asserts="42">
                <test-case id="1-2010" name="CollideForce_Negative" fullname="PlayersWorlds.Maps.Areas.Evolving.ForceFormulaTestTest.CollideForce_Negative" methodname="CollideForce_Negative" classname="PlayersWorlds.Maps.Areas.Evolving.ForceFormulaTestTest" runstate="Runnable" seed="971831966" result="Passed" start-time="2024-02-25T18:58:05.1567810Z" end-time="2024-02-25T18:58:05.1577140Z" duration="0.000933" asserts="9" />
                <test-case id="1-2009" name="CollideForce_Positive" fullname="PlayersWorlds.Maps.Areas.Evolving.ForceFormulaTestTest.CollideForce_Positive" methodname="CollideForce_Positive" classname="PlayersWorlds.Maps.Areas.Evolving.ForceFormulaTestTest" runstate="Runnable" seed="2049141866" result="Passed" start-time="2024-02-25T18:58:05.1577260Z" end-time="2024-02-25T18:58:05.1580500Z" duration="0.000324" asserts="9" />
                <test-case id="1-2006" name="NormalForce_Negative" fullname="PlayersWorlds.Maps.Areas.Evolving.ForceFormulaTestTest.NormalForce_Negative" methodname="NormalForce_Negative" classname="PlayersWorlds.Maps.Areas.Evolving.ForceFormulaTestTest" runstate="Runnable" seed="1537950851" result="Passed" start-time="2024-02-25T18:58:05.1580570Z" end-time="2024-02-25T18:58:05.1584340Z" duration="0.000378" asserts="3" />
                <test-case id="1-2008" name="NormalForce_NegativeCapped" fullname="PlayersWorlds.Maps.Areas.Evolving.ForceFormulaTestTest.NormalForce_NegativeCapped" methodname="NormalForce_NegativeCapped" classname="PlayersWorlds.Maps.Areas.Evolving.ForceFormulaTestTest" runstate="Runnable" seed="1657519456" result="Passed" start-time="2024-02-25T18:58:05.1584420Z" end-time="2024-02-25T18:58:05.1586050Z" duration="0.000164" asserts="5" />
                <test-case id="1-2005" name="NormalForce_Positive" fullname="PlayersWorlds.Maps.Areas.Evolving.ForceFormulaTestTest.NormalForce_Positive" methodname="NormalForce_Positive" classname="PlayersWorlds.Maps.Areas.Evolving.ForceFormulaTestTest" runstate="Runnable" seed="807834427" result="Passed" start-time="2024-02-25T18:58:05.1586130Z" end-time="2024-02-25T18:58:05.1587250Z" duration="0.000112" asserts="3" />
                <test-case id="1-2007" name="NormalForce_PositiveCapped" fullname="PlayersWorlds.Maps.Areas.Evolving.ForceFormulaTestTest.NormalForce_PositiveCapped" methodname="NormalForce_PositiveCapped" classname="PlayersWorlds.Maps.Areas.Evolving.ForceFormulaTestTest" runstate="Runnable" seed="1849561669" result="Passed" start-time="2024-02-25T18:58:05.1587310Z" end-time="2024-02-25T18:58:05.1588740Z" duration="0.000143" asserts="5" />
                <test-case id="1-2012" name="OverlapForce_Negative" fullname="PlayersWorlds.Maps.Areas.Evolving.ForceFormulaTestTest.OverlapForce_Negative" methodname="OverlapForce_Negative" classname="PlayersWorlds.Maps.Areas.Evolving.ForceFormulaTestTest" runstate="Runnable" seed="153719925" result="Passed" start-time="2024-02-25T18:58:05.1588800Z" end-time="2024-02-25T18:58:05.1591380Z" duration="0.000258" asserts="4" />
                <test-case id="1-2011" name="OverlapForce_Positive" fullname="PlayersWorlds.Maps.Areas.Evolving.ForceFormulaTestTest.OverlapForce_Positive" methodname="OverlapForce_Positive" classname="PlayersWorlds.Maps.Areas.Evolving.ForceFormulaTestTest" runstate="Runnable" seed="38672220" result="Passed" start-time="2024-02-25T18:58:05.1591450Z" end-time="2024-02-25T18:58:05.1593990Z" duration="0.000253" asserts="4" />
              </test-suite>
              <test-suite type="TestFixture" id="1-2013" name="SideToSideForceProducerTest" fullname="PlayersWorlds.Maps.Areas.Evolving.SideToSideForceProducerTest" classname="PlayersWorlds.Maps.Areas.Evolving.SideToSideForceProducerTest" runstate="Runnable" testcasecount="22" result="Passed" start-time="2024-02-25T18:58:05.1594210Z" end-time="2024-02-25T18:58:05.1630480Z" duration="0.003627" total="22" passed="22" failed="0" warnings="0" inconclusive="0" skipped="0" asserts="79">
                <test-case id="1-2031" name="GetAxisDistance_Collide" fullname="PlayersWorlds.Maps.Areas.Evolving.SideToSideForceProducerTest.GetAxisDistance_Collide" methodname="GetAxisDistance_Collide" classname="PlayersWorlds.Maps.Areas.Evolving.SideToSideForceProducerTest" runstate="Runnable" seed="1150198674" result="Passed" start-time="2024-02-25T18:58:05.1594710Z" end-time="2024-02-25T18:58:05.1601060Z" duration="0.000635" asserts="6" />
                <test-case id="1-2034" name="GetAxisDistance_Contain1" fullname="PlayersWorlds.Maps.Areas.Evolving.SideToSideForceProducerTest.GetAxisDistance_Contain1" methodname="GetAxisDistance_Contain1" classname="PlayersWorlds.Maps.Areas.Evolving.SideToSideForceProducerTest" runstate="Runnable" seed="1614231634" result="Passed" start-time="2024-02-25T18:58:05.1601150Z" end-time="2024-02-25T18:58:05.1603590Z" duration="0.000245" asserts="6" />
                <test-case id="1-2035" name="GetAxisDistance_Contain2" fullname="PlayersWorlds.Maps.Areas.Evolving.SideToSideForceProducerTest.GetAxisDistance_Contain2" methodname="GetAxisDistance_Contain2" classname="PlayersWorlds.Maps.Areas.Evolving.SideToSideForceProducerTest" runstate="Runnable" seed="1003893801" result="Passed" start-time="2024-02-25T18:58:05.1603670Z" end-time="2024-02-25T18:58:05.1605950Z" duration="0.000229" asserts="6" />
                <test-case id="1-2029" name="GetAxisDistance_Normal1" fullname="PlayersWorlds.Maps.Areas.Evolving.SideToSideForceProducerTest.GetAxisDistance_Normal1" methodname="GetAxisDistance_Normal1" classname="PlayersWorlds.Maps.Areas.Evolving.SideToSideForceProducerTest" runstate="Runnable" seed="364094519" result="Passed" start-time="2024-02-25T18:58:05.1606020Z" end-time="2024-02-25T18:58:05.1608200Z" duration="0.000218" asserts="6" />
                <test-case id="1-2030" name="GetAxisDistance_Normal2" fullname="PlayersWorlds.Maps.Areas.Evolving.SideToSideForceProducerTest.GetAxisDistance_Normal2" methodname="GetAxisDistance_Normal2" classname="PlayersWorlds.Maps.Areas.Evolving.SideToSideForceProducerTest" runstate="Runnable" seed="1912079588" result="Passed" start-time="2024-02-25T18:58:05.1608270Z" end-time="2024-02-25T18:58:05.1610450Z" duration="0.000219" asserts="6" />
                <test-case id="1-2032" name="GetAxisDistance_Overlap1" fullname="PlayersWorlds.Maps.Areas.Evolving.SideToSideForceProducerTest.GetAxisDistance_Overlap1" methodname="GetAxisDistance_Overlap1" classname="PlayersWorlds.Maps.Areas.Evolving.SideToSideForceProducerTest" runstate="Runnable" seed="1718882420" result="Passed" start-time="2024-02-25T18:58:05.1610530Z" end-time="2024-02-25T18:58:05.1612650Z" duration="0.000212" asserts="6" />
                <test-case id="1-2033" name="GetAxisDistance_Overlap2" fullname="PlayersWorlds.Maps.Areas.Evolving.SideToSideForceProducerTest.GetAxisDistance_Overlap2" methodname="GetAxisDistance_Overlap2" classname="PlayersWorlds.Maps.Areas.Evolving.SideToSideForceProducerTest" runstate="Runnable" seed="1329556669" result="Passed" start-time="2024-02-25T18:58:05.1612710Z" end-time="2024-02-25T18:58:05.1614880Z" duration="0.000216" asserts="6" />
                <test-case id="1-2023" name="GetOpposingForce_CentersInside_NoOpposingForce" fullname="PlayersWorlds.Maps.Areas.Evolving.SideToSideForceProducerTest.GetOpposingForce_CentersInside_NoOpposingForce" methodname="GetOpposingForce_CentersInside_NoOpposingForce" classname="PlayersWorlds.Maps.Areas.Evolving.SideToSideForceProducerTest" runstate="Runnable" seed="1024073778" result="Passed" start-time="2024-02-25T18:58:05.1614940Z" end-time="2024-02-25T18:58:05.1616150Z" duration="0.000121" asserts="2" />
                <test-case id="1-2024" name="GetOpposingForce_CentersInside_WithOpposingForce" fullname="PlayersWorlds.Maps.Areas.Evolving.SideToSideForceProducerTest.GetOpposingForce_CentersInside_WithOpposingForce" methodname="GetOpposingForce_CentersInside_WithOpposingForce" classname="PlayersWorlds.Maps.Areas.Evolving.SideToSideForceProducerTest" runstate="Runnable" seed="1776700054" result="Passed" start-time="2024-02-25T18:58:05.1616220Z" end-time="2024-02-25T18:58:05.1617100Z" duration="0.000088" asserts="2" />
                <test-case id="1-2025" name="GetOpposingForce_CentersOutside_NoOpposingForce" fullname="PlayersWorlds.Maps.Areas.Evolving.SideToSideForceProducerTest.GetOpposingForce_CentersOutside_NoOpposingForce" methodname="GetOpposingForce_CentersOutside_NoOpposingForce" classname="PlayersWorlds.Maps.Areas.Evolving.SideToSideForceProducerTest" runstate="Runnable" seed="1124984224" result="Passed" start-time="2024-02-25T18:58:05.1617160Z" end-time="2024-02-25T18:58:05.1617920Z" duration="0.000076" asserts="2" />
                <test-case id="1-2026" name="GetOpposingForce_CentersOutside_WithOpposingForce" fullname="PlayersWorlds.Maps.Areas.Evolving.SideToSideForceProducerTest.GetOpposingForce_CentersOutside_WithOpposingForce" methodname="GetOpposingForce_CentersOutside_WithOpposingForce" classname="PlayersWorlds.Maps.Areas.Evolving.SideToSideForceProducerTest" runstate="Runnable" seed="531676479" result="Passed" start-time="2024-02-25T18:58:05.1617990Z" end-time="2024-02-25T18:58:05.1618700Z" duration="0.000072" asserts="2" />
                <test-case id="1-2027" name="GetOpposingForce_NoIntersection_NoOpposingForce" fullname="PlayersWorlds.Maps.Areas.Evolving.SideToSideForceProducerTest.GetOpposingForce_NoIntersection_NoOpposingForce" methodname="GetOpposingForce_NoIntersection_NoOpposingForce" classname="PlayersWorlds.Maps.Areas.Evolving.SideToSideForceProducerTest" runstate="Runnable" seed="1960480219" result="Passed" start-time="2024-02-25T18:58:05.1618760Z" end-time="2024-02-25T18:58:05.1619470Z" duration="0.000071" asserts="2" />
                <test-case id="1-2028" name="GetOpposingForce_NoIntersection_WithOpposingForce" fullname="PlayersWorlds.Maps.Areas.Evolving.SideToSideForceProducerTest.GetOpposingForce_NoIntersection_WithOpposingForce" methodname="GetOpposingForce_NoIntersection_WithOpposingForce" classname="PlayersWorlds.Maps.Areas.Evolving.SideToSideForceProducerTest" runstate="Runnable" seed="672595786" result="Passed" start-time="2024-02-25T18:58:05.1619540Z" end-time="2024-02-25T18:58:05.1620240Z" duration="0.000071" asserts="2" />
                <test-case id="1-2021" name="GetOpposingForce_WhenCenterMatches_NoOpposingForce" fullname="PlayersWorlds.Maps.Areas.Evolving.SideToSideForceProducerTest.GetOpposingForce_WhenCenterMatches_NoOpposingForce" methodname="GetOpposingForce_WhenCenterMatches_NoOpposingForce" classname="PlayersWorlds.Maps.Areas.Evolving.SideToSideForceProducerTest" runstate="Runnable" seed="361845109" result="Passed" start-time="2024-02-25T18:58:05.1620310Z" end-time="2024-02-25T18:58:05.1621020Z" duration="0.000071" asserts="2" />
                <test-case id="1-2022" name="GetOpposingForce_WhenCenterMatches_WithOpposingForce" fullname="PlayersWorlds.Maps.Areas.Evolving.SideToSideForceProducerTest.GetOpposingForce_WhenCenterMatches_WithOpposingForce" methodname="GetOpposingForce_WhenCenterMatches_WithOpposingForce" classname="PlayersWorlds.Maps.Areas.Evolving.SideToSideForceProducerTest" runstate="Runnable" seed="703972277" result="Passed" start-time="2024-02-25T18:58:05.1621070Z" end-time="2024-02-25T18:58:05.1621800Z" duration="0.000073" asserts="2" />
                <test-case id="1-2017" name="MapAreaSystemTest_DistanceCentersMatch" fullname="PlayersWorlds.Maps.Areas.Evolving.SideToSideForceProducerTest.MapAreaSystemTest_DistanceCentersMatch" methodname="MapAreaSystemTest_DistanceCentersMatch" classname="PlayersWorlds.Maps.Areas.Evolving.SideToSideForceProducerTest" runstate="Runnable" seed="1483314763" result="Passed" start-time="2024-02-25T18:58:05.1621860Z" end-time="2024-02-25T18:58:05.1622930Z" duration="0.000107" asserts="3" />
                <test-case id="1-2020" name="MapAreaSystemTest_DistanceNegativeCollide" fullname="PlayersWorlds.Maps.Areas.Evolving.SideToSideForceProducerTest.MapAreaSystemTest_DistanceNegativeCollide" methodname="MapAreaSystemTest_DistanceNegativeCollide" classname="PlayersWorlds.Maps.Areas.Evolving.SideToSideForceProducerTest" runstate="Runnable" seed="387559291" result="Passed" start-time="2024-02-25T18:58:05.1622990Z" end-time="2024-02-25T18:58:05.1623970Z" duration="0.000098" asserts="3" />
                <test-case id="1-2018" name="MapAreaSystemTest_DistanceNegativeNormal" fullname="PlayersWorlds.Maps.Areas.Evolving.SideToSideForceProducerTest.MapAreaSystemTest_DistanceNegativeNormal" methodname="MapAreaSystemTest_DistanceNegativeNormal" classname="PlayersWorlds.Maps.Areas.Evolving.SideToSideForceProducerTest" runstate="Runnable" seed="257779767" result="Passed" start-time="2024-02-25T18:58:05.1624040Z" end-time="2024-02-25T18:58:05.1624980Z" duration="0.000094" asserts="3" />
                <test-case id="1-2019" name="MapAreaSystemTest_DistanceNegativeOverlap" fullname="PlayersWorlds.Maps.Areas.Evolving.SideToSideForceProducerTest.MapAreaSystemTest_DistanceNegativeOverlap" methodname="MapAreaSystemTest_DistanceNegativeOverlap" classname="PlayersWorlds.Maps.Areas.Evolving.SideToSideForceProducerTest" runstate="Runnable" seed="1209446073" result="Passed" start-time="2024-02-25T18:58:05.1626260Z" end-time="2024-02-25T18:58:05.1627350Z" duration="0.000109" asserts="3" />
                <test-case id="1-2016" name="MapAreaSystemTest_DistancePositiveCollide" fullname="PlayersWorlds.Maps.Areas.Evolving.SideToSideForceProducerTest.MapAreaSystemTest_DistancePositiveCollide" methodname="MapAreaSystemTest_DistancePositiveCollide" classname="PlayersWorlds.Maps.Areas.Evolving.SideToSideForceProducerTest" runstate="Runnable" seed="1037873304" result="Passed" start-time="2024-02-25T18:58:05.1627420Z" end-time="2024-02-25T18:58:05.1628400Z" duration="0.000098" asserts="3" />
                <test-case id="1-2014" name="MapAreaSystemTest_DistancePositiveNormal" fullname="PlayersWorlds.Maps.Areas.Evolving.SideToSideForceProducerTest.MapAreaSystemTest_DistancePositiveNormal" methodname="MapAreaSystemTest_DistancePositiveNormal" classname="PlayersWorlds.Maps.Areas.Evolving.SideToSideForceProducerTest" runstate="Runnable" seed="1390778198" result="Passed" start-time="2024-02-25T18:58:05.1628460Z" end-time="2024-02-25T18:58:05.1629410Z" duration="0.000095" asserts="3" />
                <test-case id="1-2015" name="MapAreaSystemTest_DistancePositiveOverlap" fullname="PlayersWorlds.Maps.Areas.Evolving.SideToSideForceProducerTest.MapAreaSystemTest_DistancePositiveOverlap" methodname="MapAreaSystemTest_DistancePositiveOverlap" classname="PlayersWorlds.Maps.Areas.Evolving.SideToSideForceProducerTest" runstate="Runnable" seed="294632829" result="Passed" start-time="2024-02-25T18:58:05.1629470Z" end-time="2024-02-25T18:58:05.1630370Z" duration="0.000090" asserts="3" />
              </test-suite>
            </test-suite>
            <test-suite type="TestFixture" id="1-1910" name="MapAreaTest" fullname="PlayersWorlds.Maps.Areas.MapAreaTest" classname="PlayersWorlds.Maps.Areas.MapAreaTest" runstate="Runnable" testcasecount="5" result="Passed" start-time="2024-02-25T18:58:05.1630670Z" end-time="2024-02-25T18:58:05.1697440Z" duration="0.006677" total="5" passed="5" failed="0" warnings="0" inconclusive="0" skipped="0" asserts="27">
              <test-case id="1-1913" name="Overlaps_ReturnsFalseIfDoesNotOverlap" fullname="PlayersWorlds.Maps.Areas.MapAreaTest.Overlaps_ReturnsFalseIfDoesNotOverlap" methodname="Overlaps_ReturnsFalseIfDoesNotOverlap" classname="PlayersWorlds.Maps.Areas.MapAreaTest" runstate="Runnable" seed="904886044" result="Passed" start-time="2024-02-25T18:58:05.1631130Z" end-time="2024-02-25T18:58:05.1663620Z" duration="0.003249" asserts="15" />
              <test-case id="1-1912" name="Overlaps_ReturnsTrueIfOverlaps" fullname="PlayersWorlds.Maps.Areas.MapAreaTest.Overlaps_ReturnsTrueIfOverlaps" methodname="Overlaps_ReturnsTrueIfOverlaps" classname="PlayersWorlds.Maps.Areas.MapAreaTest" runstate="Runnable" seed="269486296" result="Passed" start-time="2024-02-25T18:58:05.1663710Z" end-time="2024-02-25T18:58:05.1665860Z" duration="0.000215" asserts="7" />
              <test-case id="1-1911" name="Overlaps_ThrowsIfSame" fullname="PlayersWorlds.Maps.Areas.MapAreaTest.Overlaps_ThrowsIfSame" methodname="Overlaps_ThrowsIfSame" classname="PlayersWorlds.Maps.Areas.MapAreaTest" runstate="Runnable" seed="1151201467" result="Passed" start-time="2024-02-25T18:58:05.1665930Z" end-time="2024-02-25T18:58:05.1680990Z" duration="0.001506" asserts="2" />
              <test-case id="1-1914" name="Position_ThrowsIfNotInitialized" fullname="PlayersWorlds.Maps.Areas.MapAreaTest.Position_ThrowsIfNotInitialized" methodname="Position_ThrowsIfNotInitialized" classname="PlayersWorlds.Maps.Areas.MapAreaTest" runstate="Runnable" seed="845010520" result="Passed" start-time="2024-02-25T18:58:05.1681090Z" end-time="2024-02-25T18:58:05.1693100Z" duration="0.001202" asserts="2" />
              <test-case id="1-1915" name="ThrowsIfWrongParameters" fullname="PlayersWorlds.Maps.Areas.MapAreaTest.ThrowsIfWrongParameters" methodname="ThrowsIfWrongParameters" classname="PlayersWorlds.Maps.Areas.MapAreaTest" runstate="Runnable" seed="1839877575" result="Passed" start-time="2024-02-25T18:58:05.1693180Z" end-time="2024-02-25T18:58:05.1697320Z" duration="0.000414" asserts="1" />
            </test-suite>
          </test-suite>
          <test-suite type="TestFixture" id="1-1004" name="AssemblyInfoTest" fullname="PlayersWorlds.Maps.AssemblyInfoTest" classname="PlayersWorlds.Maps.AssemblyInfoTest" runstate="Runnable" testcasecount="2" result="Passed" start-time="2024-02-25T18:58:05.1697630Z" end-time="2024-02-25T18:58:05.1704910Z" duration="0.000729" total="2" passed="2" failed="0" warnings="0" inconclusive="0" skipped="0" asserts="4">
            <test-case id="1-1006" name="TestAssemblyCompany" fullname="PlayersWorlds.Maps.AssemblyInfoTest.TestAssemblyCompany" methodname="TestAssemblyCompany" classname="PlayersWorlds.Maps.AssemblyInfoTest" runstate="Runnable" seed="140689165" result="Passed" start-time="2024-02-25T18:58:05.1698090Z" end-time="2024-02-25T18:58:05.1702250Z" duration="0.000416" asserts="2" />
            <test-case id="1-1005" name="TestAssemblyTitle" fullname="PlayersWorlds.Maps.AssemblyInfoTest.TestAssemblyTitle" methodname="TestAssemblyTitle" classname="PlayersWorlds.Maps.AssemblyInfoTest" runstate="Runnable" seed="396036212" result="Passed" start-time="2024-02-25T18:58:05.1702330Z" end-time="2024-02-25T18:58:05.1704810Z" duration="0.000248" asserts="2" />
          </test-suite>
          <test-suite type="TestFixture" id="1-1007" name="CellTest" fullname="PlayersWorlds.Maps.CellTest" classname="PlayersWorlds.Maps.CellTest" runstate="Runnable" testcasecount="1" result="Passed" start-time="2024-02-25T18:58:05.1705040Z" end-time="2024-02-25T18:58:05.1709210Z" duration="0.000417" total="1" passed="1" failed="0" warnings="0" inconclusive="0" skipped="0" asserts="3">
            <test-case id="1-1008" name="CellTagEqualityTest" fullname="PlayersWorlds.Maps.CellTest.CellTagEqualityTest" methodname="CellTagEqualityTest" classname="PlayersWorlds.Maps.CellTest" runstate="Runnable" seed="158959675" result="Passed" start-time="2024-02-25T18:58:05.1705470Z" end-time="2024-02-25T18:58:05.1709100Z" duration="0.000363" asserts="3" />
          </test-suite>
          <test-suite type="TestFixture" id="1-1009" name="ExtensionsTest" fullname="PlayersWorlds.Maps.ExtensionsTest" classname="PlayersWorlds.Maps.ExtensionsTest" runstate="Runnable" testcasecount="7" result="Passed" start-time="2024-02-25T18:58:05.1709330Z" end-time="2024-02-25T18:58:05.1781410Z" duration="0.007208" total="7" passed="7" failed="0" warnings="0" inconclusive="0" skipped="0" asserts="13">
            <test-case id="1-1012" name="DebugString" fullname="PlayersWorlds.Maps.ExtensionsTest.DebugString" methodname="DebugString" classname="PlayersWorlds.Maps.ExtensionsTest" runstate="Runnable" seed="1112988865" result="Passed" start-time="2024-02-25T18:58:05.1709760Z" end-time="2024-02-25T18:58:05.1726270Z" duration="0.001650" asserts="2" />
            <test-case id="1-1015" name="GetAllDictionaryItems" fullname="PlayersWorlds.Maps.ExtensionsTest.GetAllDictionaryItems" methodname="GetAllDictionaryItems" classname="PlayersWorlds.Maps.ExtensionsTest" runstate="Runnable" seed="1383467877" result="Passed" start-time="2024-02-25T18:58:05.1726350Z" end-time="2024-02-25T18:58:05.1744560Z" duration="0.001821" asserts="1" />
            <test-case id="1-1016" name="GetAllHashSetKeys" fullname="PlayersWorlds.Maps.ExtensionsTest.GetAllHashSetKeys" methodname="GetAllHashSetKeys" classname="PlayersWorlds.Maps.ExtensionsTest" runstate="Runnable" seed="1006386867" result="Passed" start-time="2024-02-25T18:58:05.1744650Z" end-time="2024-02-25T18:58:05.1753820Z" duration="0.000917" asserts="1" />
            <test-case id="1-1013" name="Set" fullname="PlayersWorlds.Maps.ExtensionsTest.Set" methodname="Set" classname="PlayersWorlds.Maps.ExtensionsTest" runstate="Runnable" seed="1357670675" result="Passed" start-time="2024-02-25T18:58:05.1753900Z" end-time="2024-02-25T18:58:05.1762540Z" duration="0.000864" asserts="3" />
            <test-case id="1-1014" name="SetList" fullname="PlayersWorlds.Maps.ExtensionsTest.SetList" methodname="SetList" classname="PlayersWorlds.Maps.ExtensionsTest" runstate="Runnable" seed="2015820828" result="Passed" start-time="2024-02-25T18:58:05.1762620Z" end-time="2024-02-25T18:58:05.1776060Z" duration="0.001344" asserts="3" />
            <test-case id="1-1011" name="TryDequeue_Dequeues" fullname="PlayersWorlds.Maps.ExtensionsTest.TryDequeue_Dequeues" methodname="TryDequeue_Dequeues" classname="PlayersWorlds.Maps.ExtensionsTest" runstate="Runnable" seed="833122223" result="Passed" start-time="2024-02-25T18:58:05.1776140Z" end-time="2024-02-25T18:58:05.1780080Z" duration="0.000394" asserts="2" />
            <test-case id="1-1010" name="TryDequeue_DoesNotThrow" fullname="PlayersWorlds.Maps.ExtensionsTest.TryDequeue_DoesNotThrow" methodname="TryDequeue_DoesNotThrow" classname="PlayersWorlds.Maps.ExtensionsTest" runstate="Runnable" seed="1130417125" result="Passed" start-time="2024-02-25T18:58:05.1780160Z" end-time="2024-02-25T18:58:05.1781290Z" duration="0.000113" asserts="1" />
          </test-suite>
          <test-suite type="TestFixture" id="1-1017" name="GlobalRandomTest" fullname="PlayersWorlds.Maps.GlobalRandomTest" classname="PlayersWorlds.Maps.GlobalRandomTest" runstate="Runnable" testcasecount="3" result="Passed" start-time="2024-02-25T18:58:05.1781520Z" end-time="2024-02-25T18:58:05.1808450Z" duration="0.002693" total="3" passed="3" failed="0" warnings="0" inconclusive="0" skipped="0" asserts="1002">
            <test-case id="1-1018" name="RandomCollectionItem" fullname="PlayersWorlds.Maps.GlobalRandomTest.RandomCollectionItem" methodname="RandomCollectionItem" classname="PlayersWorlds.Maps.GlobalRandomTest" runstate="Runnable" seed="2089721074" result="Passed" start-time="2024-02-25T18:58:05.1782540Z" end-time="2024-02-25T18:58:05.1788980Z" duration="0.000644" asserts="1" />
            <test-case id="1-1020" name="RandomInRange" fullname="PlayersWorlds.Maps.GlobalRandomTest.RandomInRange" methodname="RandomInRange" classname="PlayersWorlds.Maps.GlobalRandomTest" runstate="Runnable" seed="2139495455" result="Passed" start-time="2024-02-25T18:58:05.1789060Z" end-time="2024-02-25T18:58:05.1806490Z" duration="0.001744" asserts="1000" />
            <test-case id="1-1019" name="ThrowsIfEmptyCollection" fullname="PlayersWorlds.Maps.GlobalRandomTest.ThrowsIfEmptyCollection" methodname="ThrowsIfEmptyCollection" classname="PlayersWorlds.Maps.GlobalRandomTest" runstate="Runnable" seed="591958011" result="Passed" start-time="2024-02-25T18:58:05.1806580Z" end-time="2024-02-25T18:58:05.1808350Z" duration="0.000177" asserts="1" />
          </test-suite>
          <test-suite type="TestFixture" id="1-1021" name="Map2DTest" fullname="PlayersWorlds.Maps.Map2DTest" classname="PlayersWorlds.Maps.Map2DTest" runstate="Runnable" testcasecount="1" result="Passed" start-time="2024-02-25T18:58:05.1808590Z" end-time="2024-02-25T18:58:05.1834160Z" duration="0.002558" total="1" passed="1" failed="0" warnings="0" inconclusive="0" skipped="0" asserts="6">
            <test-case id="1-1022" name="ParseMap" fullname="PlayersWorlds.Maps.Map2DTest.ParseMap" methodname="ParseMap" classname="PlayersWorlds.Maps.Map2DTest" runstate="Runnable" seed="542250387" result="Passed" start-time="2024-02-25T18:58:05.1817280Z" end-time="2024-02-25T18:58:05.1834050Z" duration="0.001677" asserts="6" />
          </test-suite>
          <test-suite type="TestSuite" id="1-2042" name="MapFilters" fullname="PlayersWorlds.Maps.MapFilters" runstate="Runnable" testcasecount="5" result="Passed" start-time="2024-02-25T18:58:04.9972880Z" end-time="2024-02-25T18:58:05.1884640Z" duration="0.191176" total="5" passed="5" failed="0" warnings="0" inconclusive="0" skipped="0" asserts="10">
            <test-suite type="TestFixture" id="1-1904" name="Map2DEraseSpotsTest" fullname="PlayersWorlds.Maps.MapFilters.Map2DEraseSpotsTest" classname="PlayersWorlds.Maps.MapFilters.Map2DEraseSpotsTest" runstate="Runnable" testcasecount="5" result="Passed" start-time="2024-02-25T18:58:05.1834280Z" end-time="2024-02-25T18:58:05.1884590Z" duration="0.005030" total="5" passed="5" failed="0" warnings="0" inconclusive="0" skipped="0" asserts="10">
              <test-case id="1-1905" name="BackslashEraseSpots" fullname="PlayersWorlds.Maps.MapFilters.Map2DEraseSpotsTest.BackslashEraseSpots" methodname="BackslashEraseSpots" classname="PlayersWorlds.Maps.MapFilters.Map2DEraseSpotsTest" runstate="Runnable" seed="1911882605" result="Passed" start-time="2024-02-25T18:58:05.1834690Z" end-time="2024-02-25T18:58:05.1869390Z" duration="0.003470" asserts="1" />
              <test-case id="1-1909" name="SmoothBoxEraseSpots" fullname="PlayersWorlds.Maps.MapFilters.Map2DEraseSpotsTest.SmoothBoxEraseSpots" methodname="SmoothBoxEraseSpots" classname="PlayersWorlds.Maps.MapFilters.Map2DEraseSpotsTest" runstate="Runnable" seed="761176320" result="Passed" start-time="2024-02-25T18:58:05.1869480Z" end-time="2024-02-25T18:58:05.1874060Z" duration="0.000458" asserts="1" />
              <test-case id="1-1908" name="SmoothBoxVoidBgEraseSpots" fullname="PlayersWorlds.Maps.MapFilters.Map2DEraseSpotsTest.SmoothBoxVoidBgEraseSpots" methodname="SmoothBoxVoidBgEraseSpots" classname="PlayersWorlds.Maps.MapFilters.Map2DEraseSpotsTest" runstate="Runnable" seed="294984746" result="Passed" start-time="2024-02-25T18:58:05.1874140Z" end-time="2024-02-25T18:58:05.1876680Z" duration="0.000255" asserts="1" />
              <test-case id="1-1907" name="Spot1x3SpotsEraseSpots" fullname="PlayersWorlds.Maps.MapFilters.Map2DEraseSpotsTest.Spot1x3SpotsEraseSpots" methodname="Spot1x3SpotsEraseSpots" classname="PlayersWorlds.Maps.MapFilters.Map2DEraseSpotsTest" runstate="Runnable" seed="57801182" result="Passed" start-time="2024-02-25T18:58:05.1876750Z" end-time="2024-02-25T18:58:05.1879100Z" duration="0.000235" asserts="1" />
              <test-case id="1-1906" name="VariousSpotsEraseSpots" fullname="PlayersWorlds.Maps.MapFilters.Map2DEraseSpotsTest.VariousSpotsEraseSpots" methodname="VariousSpotsEraseSpots" classname="PlayersWorlds.Maps.MapFilters.Map2DEraseSpotsTest" runstate="Runnable" seed="2091057561" result="Passed" start-time="2024-02-25T18:58:05.1879170Z" end-time="2024-02-25T18:58:05.1884480Z" duration="0.000531" asserts="6" />
            </test-suite>
          </test-suite>
          <test-suite type="TestSuite" id="1-2040" name="Maze" fullname="PlayersWorlds.Maps.Maze" runstate="Runnable" testcasecount="775" result="Skipped" label="Ignored" site="Child" start-time="2024-02-25T18:58:04.9972940Z" end-time="2024-02-25T18:58:21.5699950Z" duration="16.572702" total="271" passed="169" failed="0" warnings="0" inconclusive="0" skipped="102" asserts="12571">
            <reason>
              <message><![CDATA[One or more child tests were ignored]]></message>
            </reason>
            <test-suite type="TestFixture" id="1-1109" name="Maze2DBuilderTest" fullname="PlayersWorlds.Maps.Maze.Maze2DBuilderTest" classname="PlayersWorlds.Maps.Maze.Maze2DBuilderTest" runstate="Runnable" testcasecount="21" result="Passed" start-time="2024-02-25T18:58:05.1884740Z" end-time="2024-02-25T18:58:05.3220010Z" duration="0.133527" total="21" passed="21" failed="0" warnings="0" inconclusive="0" skipped="0" asserts="7097">
              <test-case id="1-1128" name="ApplyAreas" fullname="PlayersWorlds.Maps.Maze.Maze2DBuilderTest.ApplyAreas" methodname="ApplyAreas" classname="PlayersWorlds.Maps.Maze.Maze2DBuilderTest" runstate="Runnable" seed="617512382" result="Passed" start-time="2024-02-25T18:58:05.1885140Z" end-time="2024-02-25T18:58:05.2047410Z" duration="0.016226" asserts="5" />
              <test-case id="1-1110" name="BuildsCorrectCellsCollections" fullname="PlayersWorlds.Maps.Maze.Maze2DBuilderTest.BuildsCorrectCellsCollections" methodname="BuildsCorrectCellsCollections" classname="PlayersWorlds.Maps.Maze.Maze2DBuilderTest" runstate="Runnable" seed="1124216162" result="Passed" start-time="2024-02-25T18:58:05.2047530Z" end-time="2024-02-25T18:58:05.2056670Z" duration="0.000915" asserts="2" />
              <test-case id="1-1111" name="BuildsCorrectCellsCollectionsWithHallAreas" fullname="PlayersWorlds.Maps.Maze.Maze2DBuilderTest.BuildsCorrectCellsCollectionsWithHallAreas" methodname="BuildsCorrectCellsCollectionsWithHallAreas" classname="PlayersWorlds.Maps.Maze.Maze2DBuilderTest" runstate="Runnable" seed="620672006" result="Passed" start-time="2024-02-25T18:58:05.2056790Z" end-time="2024-02-25T18:58:05.2076790Z" duration="0.002000" asserts="4" />
              <test-case id="1-1112" name="BuildsCorrectCellsCollectionsWithHallAreasAtTheEdge" fullname="PlayersWorlds.Maps.Maze.Maze2DBuilderTest.BuildsCorrectCellsCollectionsWithHallAreasAtTheEdge" methodname="BuildsCorrectCellsCollectionsWithHallAreasAtTheEdge" classname="PlayersWorlds.Maps.Maze.Maze2DBuilderTest" runstate="Runnable" seed="476471360" result="Passed" start-time="2024-02-25T18:58:05.2076910Z" end-time="2024-02-25T18:58:05.2081660Z" duration="0.000475" asserts="4" />
              <test-case id="1-1130" name="CanConnect" fullname="PlayersWorlds.Maps.Maze.Maze2DBuilderTest.CanConnect" methodname="CanConnect" classname="PlayersWorlds.Maps.Maze.Maze2DBuilderTest" runstate="Runnable" seed="1507674669" result="Passed" start-time="2024-02-25T18:58:05.2081750Z" end-time="2024-02-25T18:58:05.2091380Z" duration="0.000964" asserts="11" />
              <test-case id="1-1118" name="IsFillComplete_Full" fullname="PlayersWorlds.Maps.Maze.Maze2DBuilderTest.IsFillComplete_Full" methodname="IsFillComplete_Full" classname="PlayersWorlds.Maps.Maze.Maze2DBuilderTest" runstate="Runnable" seed="1433084861" result="Passed" start-time="2024-02-25T18:58:05.2091500Z" end-time="2024-02-25T18:58:05.2097100Z" duration="0.000560" asserts="4" />
              <test-case id="1-1121" name="IsFillComplete_Full_WithCave" fullname="PlayersWorlds.Maps.Maze.Maze2DBuilderTest.IsFillComplete_Full_WithCave" methodname="IsFillComplete_Full_WithCave" classname="PlayersWorlds.Maps.Maze.Maze2DBuilderTest" runstate="Runnable" seed="1404213631" result="Passed" start-time="2024-02-25T18:58:05.2097210Z" end-time="2024-02-25T18:58:05.2103790Z" duration="0.000657" asserts="3" />
              <test-case id="1-1120" name="IsFillComplete_Full_WithFill" fullname="PlayersWorlds.Maps.Maze.Maze2DBuilderTest.IsFillComplete_Full_WithFill" methodname="IsFillComplete_Full_WithFill" classname="PlayersWorlds.Maps.Maze.Maze2DBuilderTest" runstate="Runnable" seed="1271992117" result="Passed" start-time="2024-02-25T18:58:05.2103900Z" end-time="2024-02-25T18:58:05.2115190Z" duration="0.001130" asserts="2" />
              <test-case id="1-1119" name="IsFillComplete_Full_WithHall" fullname="PlayersWorlds.Maps.Maze.Maze2DBuilderTest.IsFillComplete_Full_WithHall" methodname="IsFillComplete_Full_WithHall" classname="PlayersWorlds.Maps.Maze.Maze2DBuilderTest" runstate="Runnable" seed="1716185126" result="Passed" start-time="2024-02-25T18:58:05.2115320Z" end-time="2024-02-25T18:58:05.2120340Z" duration="0.000502" asserts="2" />
              <test-case id="1-1123" name="IsFillComplete_FullHeight" fullname="PlayersWorlds.Maps.Maze.Maze2DBuilderTest.IsFillComplete_FullHeight" methodname="IsFillComplete_FullHeight" classname="PlayersWorlds.Maps.Maze.Maze2DBuilderTest" runstate="Runnable" seed="857134082" result="Passed" start-time="2024-02-25T18:58:05.2120450Z" end-time="2024-02-25T18:58:05.2125380Z" duration="0.000493" asserts="3" />
              <test-case id="1-1122" name="IsFillComplete_FullWidth" fullname="PlayersWorlds.Maps.Maze.Maze2DBuilderTest.IsFillComplete_FullWidth" methodname="IsFillComplete_FullWidth" classname="PlayersWorlds.Maps.Maze.Maze2DBuilderTest" runstate="Runnable" seed="70295350" result="Passed" start-time="2024-02-25T18:58:05.2125490Z" end-time="2024-02-25T18:58:05.2128120Z" duration="0.000264" asserts="3" />
              <test-case id="1-1125" name="IsFillComplete_Half" fullname="PlayersWorlds.Maps.Maze.Maze2DBuilderTest.IsFillComplete_Half" methodname="IsFillComplete_Half" classname="PlayersWorlds.Maps.Maze.Maze2DBuilderTest" runstate="Runnable" seed="535559733" result="Passed" start-time="2024-02-25T18:58:05.2128200Z" end-time="2024-02-25T18:58:05.2129560Z" duration="0.000136" asserts="2" />
              <test-case id="1-1127" name="IsFillComplete_NinetyPercent" fullname="PlayersWorlds.Maps.Maze.Maze2DBuilderTest.IsFillComplete_NinetyPercent" methodname="IsFillComplete_NinetyPercent" classname="PlayersWorlds.Maps.Maze.Maze2DBuilderTest" runstate="Runnable" seed="1595546312" result="Passed" start-time="2024-02-25T18:58:05.2129630Z" end-time="2024-02-25T18:58:05.2131770Z" duration="0.000214" asserts="4" />
              <test-case id="1-1117" name="IsFillComplete_NoCells" fullname="PlayersWorlds.Maps.Maze.Maze2DBuilderTest.IsFillComplete_NoCells" methodname="IsFillComplete_NoCells" classname="PlayersWorlds.Maps.Maze.Maze2DBuilderTest" runstate="Runnable" seed="402018628" result="Passed" start-time="2024-02-25T18:58:05.2131830Z" end-time="2024-02-25T18:58:05.2133170Z" duration="0.000133" asserts="1" />
              <test-case id="1-1124" name="IsFillComplete_Quarter" fullname="PlayersWorlds.Maps.Maze.Maze2DBuilderTest.IsFillComplete_Quarter" methodname="IsFillComplete_Quarter" classname="PlayersWorlds.Maps.Maze.Maze2DBuilderTest" runstate="Runnable" seed="2121596584" result="Passed" start-time="2024-02-25T18:58:05.2133230Z" end-time="2024-02-25T18:58:05.2134530Z" duration="0.000130" asserts="2" />
              <test-case id="1-1126" name="IsFillComplete_ThreeQuarters" fullname="PlayersWorlds.Maps.Maze.Maze2DBuilderTest.IsFillComplete_ThreeQuarters" methodname="IsFillComplete_ThreeQuarters" classname="PlayersWorlds.Maps.Maze.Maze2DBuilderTest" runstate="Runnable" seed="545329445" result="Passed" start-time="2024-02-25T18:58:05.2134600Z" end-time="2024-02-25T18:58:05.2136240Z" duration="0.000165" asserts="3" />
              <test-case id="1-1116" name="IterateUnlinkedCells_IteratesAllAvailableCells" fullname="PlayersWorlds.Maps.Maze.Maze2DBuilderTest.IterateUnlinkedCells_IteratesAllAvailableCells" methodname="IterateUnlinkedCells_IteratesAllAvailableCells" classname="PlayersWorlds.Maps.Maze.Maze2DBuilderTest" runstate="Runnable" seed="827122681" result="Passed" start-time="2024-02-25T18:58:05.2136310Z" end-time="2024-02-25T18:58:05.2175660Z" duration="0.003935" asserts="28" />
              <test-case id="1-1115" name="MarkConnected" fullname="PlayersWorlds.Maps.Maze.Maze2DBuilderTest.MarkConnected" methodname="MarkConnected" classname="PlayersWorlds.Maps.Maze.Maze2DBuilderTest" runstate="Runnable" seed="1404749961" result="Passed" start-time="2024-02-25T18:58:05.2175770Z" end-time="2024-02-25T18:58:05.2180520Z" duration="0.000475" asserts="7" />
              <test-case id="1-1129" name="OverlappingAreas_ProduceValidPriorityCells" fullname="PlayersWorlds.Maps.Maze.Maze2DBuilderTest.OverlappingAreas_ProduceValidPriorityCells" methodname="OverlappingAreas_ProduceValidPriorityCells" classname="PlayersWorlds.Maps.Maze.Maze2DBuilderTest" runstate="Runnable" seed="997829681" result="Passed" start-time="2024-02-25T18:58:05.2180600Z" end-time="2024-02-25T18:58:05.2189990Z" duration="0.000939" asserts="4" />
              <test-case id="1-1114" name="PickRandomNeighborToLink" fullname="PlayersWorlds.Maps.Maze.Maze2DBuilderTest.PickRandomNeighborToLink" methodname="PickRandomNeighborToLink" classname="PlayersWorlds.Maps.Maze.Maze2DBuilderTest" runstate="Runnable" seed="1252782795" result="Passed" start-time="2024-02-25T18:58:05.2190110Z" end-time="2024-02-25T18:58:05.2247630Z" duration="0.005752" asserts="5000" />
              <test-case id="1-1113" name="PicksPriorityCellsWhenAvailable" fullname="PlayersWorlds.Maps.Maze.Maze2DBuilderTest.PicksPriorityCellsWhenAvailable" methodname="PicksPriorityCellsWhenAvailable" classname="PlayersWorlds.Maps.Maze.Maze2DBuilderTest" runstate="Runnable" seed="266265130" result="Passed" start-time="2024-02-25T18:58:05.2247740Z" end-time="2024-02-25T18:58:05.3219820Z" duration="0.097208" asserts="2003" />
            </test-suite>
            <test-suite type="TestFixture" id="1-1131" name="Maze2DRendererTest" fullname="PlayersWorlds.Maps.Maze.Maze2DRendererTest" classname="PlayersWorlds.Maps.Maze.Maze2DRendererTest" runstate="Runnable" testcasecount="1" result="Passed" start-time="2024-02-25T18:58:05.3220170Z" end-time="2024-02-25T18:58:05.3240850Z" duration="0.002068" total="1" passed="1" failed="0" warnings="0" inconclusive="0" skipped="0" asserts="1">
              <test-case id="1-1132" name="ThrowsIfCantFit" fullname="PlayersWorlds.Maps.Maze.Maze2DRendererTest.ThrowsIfCantFit" methodname="ThrowsIfCantFit" classname="PlayersWorlds.Maps.Maze.Maze2DRendererTest" runstate="Runnable" seed="1057621209" result="Passed" start-time="2024-02-25T18:58:05.3220670Z" end-time="2024-02-25T18:58:05.3240700Z" duration="0.002003" asserts="1" />
            </test-suite>
            <test-suite type="TestFixture" id="1-1133" name="Maze2DTest" fullname="PlayersWorlds.Maps.Maze.Maze2DTest" classname="PlayersWorlds.Maps.Maze.Maze2DTest" runstate="Runnable" testcasecount="14" result="Passed" start-time="2024-02-25T18:58:05.3240960Z" end-time="2024-02-25T18:58:05.3502300Z" duration="0.026134" total="14" passed="14" failed="0" warnings="0" inconclusive="0" skipped="0" asserts="180">
              <test-case id="1-1141" name="Maze2D_AddsNoRoomsToASmallMaze" fullname="PlayersWorlds.Maps.Maze.Maze2DTest.Maze2D_AddsNoRoomsToASmallMaze" methodname="Maze2D_AddsNoRoomsToASmallMaze" classname="PlayersWorlds.Maps.Maze.Maze2DTest" runstate="Runnable" seed="1439888819" result="Passed" start-time="2024-02-25T18:58:05.3241370Z" end-time="2024-02-25T18:58:05.3333630Z" duration="0.009226" asserts="1" />
              <test-case id="1-1140" name="Maze2D_AddsNoRoomsWhenNoneRequested" fullname="PlayersWorlds.Maps.Maze.Maze2DTest.Maze2D_AddsNoRoomsWhenNoneRequested" methodname="Maze2D_AddsNoRoomsWhenNoneRequested" classname="PlayersWorlds.Maps.Maze.Maze2DTest" runstate="Runnable" seed="23454566" result="Passed" start-time="2024-02-25T18:58:05.3334100Z" end-time="2024-02-25T18:58:05.3356480Z" duration="0.002238" asserts="1" />
              <test-case id="1-1144" name="Maze2D_AddsOneFill" fullname="PlayersWorlds.Maps.Maze.Maze2DTest.Maze2D_AddsOneFill" methodname="Maze2D_AddsOneFill" classname="PlayersWorlds.Maps.Maze.Maze2DTest" runstate="Runnable" seed="641243661" result="Passed" start-time="2024-02-25T18:58:05.3356590Z" end-time="2024-02-25T18:58:05.3366610Z" duration="0.001002" asserts="2" />
              <test-case id="1-1143" name="Maze2D_AddsOneHall" fullname="PlayersWorlds.Maps.Maze.Maze2DTest.Maze2D_AddsOneHall" methodname="Maze2D_AddsOneHall" classname="PlayersWorlds.Maps.Maze.Maze2DTest" runstate="Runnable" seed="1137551019" result="Passed" start-time="2024-02-25T18:58:05.3366730Z" end-time="2024-02-25T18:58:05.3374280Z" duration="0.000755" asserts="2" />
              <test-case id="1-1142" name="Maze2D_AddsRooms" fullname="PlayersWorlds.Maps.Maze.Maze2DTest.Maze2D_AddsRooms" methodname="Maze2D_AddsRooms" classname="PlayersWorlds.Maps.Maze.Maze2DTest" runstate="Runnable" seed="1030129777" result="Passed" start-time="2024-02-25T18:58:05.3374390Z" end-time="2024-02-25T18:58:05.3397760Z" duration="0.002337" asserts="1" />
              <test-case id="1-1136" name="Maze2D_AllowsOnly2D" fullname="PlayersWorlds.Maps.Maze.Maze2DTest.Maze2D_AllowsOnly2D" methodname="Maze2D_AllowsOnly2D" classname="PlayersWorlds.Maps.Maze.Maze2DTest" runstate="Runnable" seed="808890988" result="Passed" start-time="2024-02-25T18:58:05.3397880Z" end-time="2024-02-25T18:58:05.3399940Z" duration="0.000206" asserts="1" />
              <test-case id="1-1146" name="Maze2D_CanParse" fullname="PlayersWorlds.Maps.Maze.Maze2DTest.Maze2D_CanParse" methodname="Maze2D_CanParse" classname="PlayersWorlds.Maps.Maze.Maze2DTest" runstate="Runnable" seed="901017144" result="Passed" start-time="2024-02-25T18:58:05.3400010Z" end-time="2024-02-25T18:58:05.3415030Z" duration="0.001502" asserts="16" />
              <test-case id="1-1147" name="Maze2D_CanParse2" fullname="PlayersWorlds.Maps.Maze.Maze2DTest.Maze2D_CanParse2" methodname="Maze2D_CanParse2" classname="PlayersWorlds.Maps.Maze.Maze2DTest" runstate="Runnable" seed="1400464933" result="Passed" start-time="2024-02-25T18:58:05.3415150Z" end-time="2024-02-25T18:58:05.3416350Z" duration="0.000120" asserts="1" />
              <test-case id="1-1139" name="Maze2D_CanRenderMap" fullname="PlayersWorlds.Maps.Maze.Maze2DTest.Maze2D_CanRenderMap" methodname="Maze2D_CanRenderMap" classname="PlayersWorlds.Maps.Maze.Maze2DTest" runstate="Runnable" seed="974933338" result="Passed" start-time="2024-02-25T18:58:05.3416420Z" end-time="2024-02-25T18:58:05.3457890Z" duration="0.004148" asserts="1" />
              <test-case id="1-1138" name="Maze2D_CellsNeighborsAreValid" fullname="PlayersWorlds.Maps.Maze.Maze2DTest.Maze2D_CellsNeighborsAreValid" methodname="Maze2D_CellsNeighborsAreValid" classname="PlayersWorlds.Maps.Maze.Maze2DTest" runstate="Runnable" seed="1430965813" result="Passed" start-time="2024-02-25T18:58:05.3458020Z" end-time="2024-02-25T18:58:05.3468170Z" duration="0.001015" asserts="136" />
              <test-case id="1-1145" name="Maze2D_HasAttributesSet" fullname="PlayersWorlds.Maps.Maze.Maze2DTest.Maze2D_HasAttributesSet" methodname="Maze2D_HasAttributesSet" classname="PlayersWorlds.Maps.Maze.Maze2DTest" runstate="Runnable" seed="1221975300" result="Passed" start-time="2024-02-25T18:58:05.3468290Z" end-time="2024-02-25T18:58:05.3476980Z" duration="0.000870" asserts="2" />
              <test-case id="1-1134" name="Maze2D_IsInitialized" fullname="PlayersWorlds.Maps.Maze.Maze2DTest.Maze2D_IsInitialized" methodname="Maze2D_IsInitialized" classname="PlayersWorlds.Maps.Maze.Maze2DTest" runstate="Runnable" seed="1969612358" result="Passed" start-time="2024-02-25T18:58:05.3477100Z" end-time="2024-02-25T18:58:05.3478650Z" duration="0.000156" asserts="4" />
              <test-case id="1-1137" name="Maze2D_ToMapWrongOptions" fullname="PlayersWorlds.Maps.Maze.Maze2DTest.Maze2D_ToMapWrongOptions" methodname="Maze2D_ToMapWrongOptions" classname="PlayersWorlds.Maps.Maze.Maze2DTest" runstate="Runnable" seed="291055709" result="Passed" start-time="2024-02-25T18:58:05.3478720Z" end-time="2024-02-25T18:58:05.3499280Z" duration="0.002056" asserts="7" />
              <test-case id="1-1135" name="Maze2D_WrongSize" fullname="PlayersWorlds.Maps.Maze.Maze2DTest.Maze2D_WrongSize" methodname="Maze2D_WrongSize" classname="PlayersWorlds.Maps.Maze.Maze2DTest" runstate="Runnable" seed="322835338" result="Passed" start-time="2024-02-25T18:58:05.3499390Z" end-time="2024-02-25T18:58:05.3502170Z" duration="0.000279" asserts="5" />
            </test-suite>
            <test-suite type="TestFixture" id="1-1148" name="MazeCellTest" fullname="PlayersWorlds.Maps.Maze.MazeCellTest" classname="PlayersWorlds.Maps.Maze.MazeCellTest" runstate="Runnable" testcasecount="5" result="Passed" start-time="2024-02-25T18:58:05.3502420Z" end-time="2024-02-25T18:58:05.3534210Z" duration="0.003180" total="5" passed="5" failed="0" warnings="0" inconclusive="0" skipped="0" asserts="23">
              <test-case id="1-1151" name="CanAssignMapAreaOnce" fullname="PlayersWorlds.Maps.Maze.MazeCellTest.CanAssignMapAreaOnce" methodname="CanAssignMapAreaOnce" classname="PlayersWorlds.Maps.Maze.MazeCellTest" runstate="Runnable" seed="1168057116" result="Passed" start-time="2024-02-25T18:58:05.3502810Z" end-time="2024-02-25T18:58:05.3515740Z" duration="0.001293" asserts="4" />
              <test-case id="1-1153" name="DoubleLinkingThrowsError" fullname="PlayersWorlds.Maps.Maze.MazeCellTest.DoubleLinkingThrowsError" methodname="DoubleLinkingThrowsError" classname="PlayersWorlds.Maps.Maze.MazeCellTest" runstate="Runnable" seed="1315701140" result="Passed" start-time="2024-02-25T18:58:05.3515860Z" end-time="2024-02-25T18:58:05.3517300Z" duration="0.000144" asserts="1" />
              <test-case id="1-1149" name="LinksAreMutual" fullname="PlayersWorlds.Maps.Maze.MazeCellTest.LinksAreMutual" methodname="LinksAreMutual" classname="PlayersWorlds.Maps.Maze.MazeCellTest" runstate="Runnable" seed="1415993479" result="Passed" start-time="2024-02-25T18:58:05.3517370Z" end-time="2024-02-25T18:58:05.3527360Z" duration="0.000999" asserts="10" />
              <test-case id="1-1150" name="LinksOnlyWithNeighbors" fullname="PlayersWorlds.Maps.Maze.MazeCellTest.LinksOnlyWithNeighbors" methodname="LinksOnlyWithNeighbors" classname="PlayersWorlds.Maps.Maze.MazeCellTest" runstate="Runnable" seed="1906187968" result="Passed" start-time="2024-02-25T18:58:05.3527480Z" end-time="2024-02-25T18:58:05.3530780Z" duration="0.000330" asserts="1" />
              <test-case id="1-1152" name="ToStringTest" fullname="PlayersWorlds.Maps.Maze.MazeCellTest.ToStringTest" methodname="ToStringTest" classname="PlayersWorlds.Maps.Maze.MazeCellTest" runstate="Runnable" seed="1819918714" result="Passed" start-time="2024-02-25T18:58:05.3530860Z" end-time="2024-02-25T18:58:05.3534090Z" duration="0.000324" asserts="7" />
            </test-suite>
            <test-suite type="TestFixture" id="1-1154" name="MazeGeneratorAreasTest" fullname="PlayersWorlds.Maps.Maze.MazeGeneratorAreasTest" classname="PlayersWorlds.Maps.Maze.MazeGeneratorAreasTest" runstate="Runnable" testcasecount="200" result="Skipped" label="Ignored" site="Child" start-time="2024-02-25T18:58:05.3534340Z" end-time="2024-02-25T18:58:21.4418070Z" duration="16.088373" total="200" passed="98" failed="0" warnings="0" inconclusive="0" skipped="102" asserts="5181">
              <reason>
                <message><![CDATA[One or more child tests were ignored]]></message>
              </reason>
              <test-suite type="ParameterizedMethod" id="1-1175" name="CaveAreasAreAppliedProperly" fullname="PlayersWorlds.Maps.Maze.MazeGeneratorAreasTest.CaveAreasAreAppliedProperly" classname="PlayersWorlds.Maps.Maze.MazeGeneratorAreasTest" runstate="Runnable" testcasecount="6" result="Passed" start-time="2024-02-25T18:58:05.3534710Z" end-time="2024-02-25T18:58:05.5901960Z" duration="0.236725" total="6" passed="6" failed="0" warnings="0" inconclusive="0" skipped="0" asserts="540">
                <properties>
                  <property name="Repeat" value="10" />
                </properties>
                <test-case id="1-1169" name="CaveAreasAreAppliedProperly(PlayersWorlds.Maps.Maze.AldousBroderMazeGenerator)" fullname="PlayersWorlds.Maps.Maze.MazeGeneratorAreasTest.CaveAreasAreAppliedProperly(PlayersWorlds.Maps.Maze.AldousBroderMazeGenerator)" methodname="CaveAreasAreAppliedProperly" classname="PlayersWorlds.Maps.Maze.MazeGeneratorAreasTest" runstate="Runnable" seed="452540993" result="Passed" start-time="2024-02-25T18:58:05.3534850Z" end-time="2024-02-25T18:58:05.4100440Z" duration="0.056559" asserts="90" />
                <test-case id="1-1170" name="CaveAreasAreAppliedProperly(PlayersWorlds.Maps.Maze.BinaryTreeMazeGenerator)" fullname="PlayersWorlds.Maps.Maze.MazeGeneratorAreasTest.CaveAreasAreAppliedProperly(PlayersWorlds.Maps.Maze.BinaryTreeMazeGenerator)" methodname="CaveAreasAreAppliedProperly" classname="PlayersWorlds.Maps.Maze.MazeGeneratorAreasTest" runstate="Runnable" seed="879649301" result="Passed" start-time="2024-02-25T18:58:05.4100560Z" end-time="2024-02-25T18:58:05.4523090Z" duration="0.042254" asserts="90" />
                <test-case id="1-1171" name="CaveAreasAreAppliedProperly(PlayersWorlds.Maps.Maze.HuntAndKillMazeGenerator)" fullname="PlayersWorlds.Maps.Maze.MazeGeneratorAreasTest.CaveAreasAreAppliedProperly(PlayersWorlds.Maps.Maze.HuntAndKillMazeGenerator)" methodname="CaveAreasAreAppliedProperly" classname="PlayersWorlds.Maps.Maze.MazeGeneratorAreasTest" runstate="Runnable" seed="1720020071" result="Passed" start-time="2024-02-25T18:58:05.4523220Z" end-time="2024-02-25T18:58:05.4849620Z" duration="0.032641" asserts="90" />
                <test-case id="1-1172" name="CaveAreasAreAppliedProperly(PlayersWorlds.Maps.Maze.RecursiveBacktrackerMazeGenerator)" fullname="PlayersWorlds.Maps.Maze.MazeGeneratorAreasTest.CaveAreasAreAppliedProperly(PlayersWorlds.Maps.Maze.RecursiveBacktrackerMazeGenerator)" methodname="CaveAreasAreAppliedProperly" classname="PlayersWorlds.Maps.Maze.MazeGeneratorAreasTest" runstate="Runnable" seed="80762326" result="Passed" start-time="2024-02-25T18:58:05.4849820Z" end-time="2024-02-25T18:58:05.5184410Z" duration="0.033460" asserts="90" />
                <test-case id="1-1173" name="CaveAreasAreAppliedProperly(PlayersWorlds.Maps.Maze.SidewinderMazeGenerator)" fullname="PlayersWorlds.Maps.Maze.MazeGeneratorAreasTest.CaveAreasAreAppliedProperly(PlayersWorlds.Maps.Maze.SidewinderMazeGenerator)" methodname="CaveAreasAreAppliedProperly" classname="PlayersWorlds.Maps.Maze.MazeGeneratorAreasTest" runstate="Runnable" seed="1191477259" result="Passed" start-time="2024-02-25T18:58:05.5184630Z" end-time="2024-02-25T18:58:05.5589870Z" duration="0.040525" asserts="90" />
                <test-case id="1-1174" name="CaveAreasAreAppliedProperly(PlayersWorlds.Maps.Maze.WilsonsMazeGenerator)" fullname="PlayersWorlds.Maps.Maze.MazeGeneratorAreasTest.CaveAreasAreAppliedProperly(PlayersWorlds.Maps.Maze.WilsonsMazeGenerator)" methodname="CaveAreasAreAppliedProperly" classname="PlayersWorlds.Maps.Maze.MazeGeneratorAreasTest" runstate="Runnable" seed="616874507" result="Passed" start-time="2024-02-25T18:58:05.5589990Z" end-time="2024-02-25T18:58:05.5901810Z" duration="0.031182" asserts="90" />
              </test-suite>
              <test-suite type="ParameterizedMethod" id="1-1232" name="DenseWalkways" fullname="PlayersWorlds.Maps.Maze.MazeGeneratorAreasTest.DenseWalkways" classname="PlayersWorlds.Maps.Maze.MazeGeneratorAreasTest" runstate="Runnable" testcasecount="18" result="Passed" start-time="2024-02-25T18:58:05.5902060Z" end-time="2024-02-25T18:58:06.0177440Z" duration="0.427537" total="18" passed="18" failed="0" warnings="0" inconclusive="0" skipped="0" asserts="540">
                <properties>
                  <property name="Repeat" value="10" />
                </properties>
                <test-case id="1-1214" name="DenseWalkways(PlayersWorlds.Maps.Maze.AldousBroderMazeGenerator,Cave)" fullname="PlayersWorlds.Maps.Maze.MazeGeneratorAreasTest.DenseWalkways(PlayersWorlds.Maps.Maze.AldousBroderMazeGenerator,Cave)" methodname="DenseWalkways" classname="PlayersWorlds.Maps.Maze.MazeGeneratorAreasTest" runstate="Runnable" seed="1945059953" result="Passed" start-time="2024-02-25T18:58:05.5902270Z" end-time="2024-02-25T18:58:05.6189700Z" duration="0.028743" asserts="30" />
                <test-case id="1-1215" name="DenseWalkways(PlayersWorlds.Maps.Maze.AldousBroderMazeGenerator,Hall)" fullname="PlayersWorlds.Maps.Maze.MazeGeneratorAreasTest.DenseWalkways(PlayersWorlds.Maps.Maze.AldousBroderMazeGenerator,Hall)" methodname="DenseWalkways" classname="PlayersWorlds.Maps.Maze.MazeGeneratorAreasTest" runstate="Runnable" seed="1803648171" result="Passed" start-time="2024-02-25T18:58:05.6189890Z" end-time="2024-02-25T18:58:05.6462640Z" duration="0.027275" asserts="30" />
                <test-case id="1-1216" name="DenseWalkways(PlayersWorlds.Maps.Maze.AldousBroderMazeGenerator,Fill)" fullname="PlayersWorlds.Maps.Maze.MazeGeneratorAreasTest.DenseWalkways(PlayersWorlds.Maps.Maze.AldousBroderMazeGenerator,Fill)" methodname="DenseWalkways" classname="PlayersWorlds.Maps.Maze.MazeGeneratorAreasTest" runstate="Runnable" seed="836139053" result="Passed" start-time="2024-02-25T18:58:05.6462810Z" end-time="2024-02-25T18:58:05.6699700Z" duration="0.023689" asserts="30" />
                <test-case id="1-1217" name="DenseWalkways(PlayersWorlds.Maps.Maze.BinaryTreeMazeGenerator,Cave)" fullname="PlayersWorlds.Maps.Maze.MazeGeneratorAreasTest.DenseWalkways(PlayersWorlds.Maps.Maze.BinaryTreeMazeGenerator,Cave)" methodname="DenseWalkways" classname="PlayersWorlds.Maps.Maze.MazeGeneratorAreasTest" runstate="Runnable" seed="494822847" result="Passed" start-time="2024-02-25T18:58:05.6699820Z" end-time="2024-02-25T18:58:05.6962180Z" duration="0.026237" asserts="30" />
                <test-case id="1-1218" name="DenseWalkways(PlayersWorlds.Maps.Maze.BinaryTreeMazeGenerator,Hall)" fullname="PlayersWorlds.Maps.Maze.MazeGeneratorAreasTest.DenseWalkways(PlayersWorlds.Maps.Maze.BinaryTreeMazeGenerator,Hall)" methodname="DenseWalkways" classname="PlayersWorlds.Maps.Maze.MazeGeneratorAreasTest" runstate="Runnable" seed="304926972" result="Passed" start-time="2024-02-25T18:58:05.6962370Z" end-time="2024-02-25T18:58:05.7212360Z" duration="0.024999" asserts="30" />
                <test-case id="1-1219" name="DenseWalkways(PlayersWorlds.Maps.Maze.BinaryTreeMazeGenerator,Fill)" fullname="PlayersWorlds.Maps.Maze.MazeGeneratorAreasTest.DenseWalkways(PlayersWorlds.Maps.Maze.BinaryTreeMazeGenerator,Fill)" methodname="DenseWalkways" classname="PlayersWorlds.Maps.Maze.MazeGeneratorAreasTest" runstate="Runnable" seed="1166780652" result="Passed" start-time="2024-02-25T18:58:05.7212560Z" end-time="2024-02-25T18:58:05.7430440Z" duration="0.021789" asserts="30" />
                <test-case id="1-1220" name="DenseWalkways(PlayersWorlds.Maps.Maze.HuntAndKillMazeGenerator,Cave)" fullname="PlayersWorlds.Maps.Maze.MazeGeneratorAreasTest.DenseWalkways(PlayersWorlds.Maps.Maze.HuntAndKillMazeGenerator,Cave)" methodname="DenseWalkways" classname="PlayersWorlds.Maps.Maze.MazeGeneratorAreasTest" runstate="Runnable" seed="633297085" result="Passed" start-time="2024-02-25T18:58:05.7430650Z" end-time="2024-02-25T18:58:05.7691890Z" duration="0.026125" asserts="30" />
                <test-case id="1-1221" name="DenseWalkways(PlayersWorlds.Maps.Maze.HuntAndKillMazeGenerator,Hall)" fullname="PlayersWorlds.Maps.Maze.MazeGeneratorAreasTest.DenseWalkways(PlayersWorlds.Maps.Maze.HuntAndKillMazeGenerator,Hall)" methodname="DenseWalkways" classname="PlayersWorlds.Maps.Maze.MazeGeneratorAreasTest" runstate="Runnable" seed="1732925146" result="Passed" start-time="2024-02-25T18:58:05.7692100Z" end-time="2024-02-25T18:58:05.7927060Z" duration="0.023496" asserts="30" />
                <test-case id="1-1222" name="DenseWalkways(PlayersWorlds.Maps.Maze.HuntAndKillMazeGenerator,Fill)" fullname="PlayersWorlds.Maps.Maze.MazeGeneratorAreasTest.DenseWalkways(PlayersWorlds.Maps.Maze.HuntAndKillMazeGenerator,Fill)" methodname="DenseWalkways" classname="PlayersWorlds.Maps.Maze.MazeGeneratorAreasTest" runstate="Runnable" seed="574901050" result="Passed" start-time="2024-02-25T18:58:05.7927180Z" end-time="2024-02-25T18:58:05.8123880Z" duration="0.019670" asserts="30" />
                <test-case id="1-1223" name="DenseWalkways(PlayersWorlds.Maps.Maze.RecursiveBacktrackerMazeGenerator,Cave)" fullname="PlayersWorlds.Maps.Maze.MazeGeneratorAreasTest.DenseWalkways(PlayersWorlds.Maps.Maze.RecursiveBacktrackerMazeGenerator,Cave)" methodname="DenseWalkways" classname="PlayersWorlds.Maps.Maze.MazeGeneratorAreasTest" runstate="Runnable" seed="1591236747" result="Passed" start-time="2024-02-25T18:58:05.8124000Z" end-time="2024-02-25T18:58:05.8358140Z" duration="0.023414" asserts="30" />
                <test-case id="1-1224" name="DenseWalkways(PlayersWorlds.Maps.Maze.RecursiveBacktrackerMazeGenerator,Hall)" fullname="PlayersWorlds.Maps.Maze.MazeGeneratorAreasTest.DenseWalkways(PlayersWorlds.Maps.Maze.RecursiveBacktrackerMazeGenerator,Hall)" methodname="DenseWalkways" classname="PlayersWorlds.Maps.Maze.MazeGeneratorAreasTest" runstate="Runnable" seed="357809262" result="Passed" start-time="2024-02-25T18:58:05.8358300Z" end-time="2024-02-25T18:58:05.8586310Z" duration="0.022801" asserts="30" />
                <test-case id="1-1225" name="DenseWalkways(PlayersWorlds.Maps.Maze.RecursiveBacktrackerMazeGenerator,Fill)" fullname="PlayersWorlds.Maps.Maze.MazeGeneratorAreasTest.DenseWalkways(PlayersWorlds.Maps.Maze.RecursiveBacktrackerMazeGenerator,Fill)" methodname="DenseWalkways" classname="PlayersWorlds.Maps.Maze.MazeGeneratorAreasTest" runstate="Runnable" seed="138039956" result="Passed" start-time="2024-02-25T18:58:05.8586420Z" end-time="2024-02-25T18:58:05.8779140Z" duration="0.019272" asserts="30" />
                <test-case id="1-1226" name="DenseWalkways(PlayersWorlds.Maps.Maze.SidewinderMazeGenerator,Cave)" fullname="PlayersWorlds.Maps.Maze.MazeGeneratorAreasTest.DenseWalkways(PlayersWorlds.Maps.Maze.SidewinderMazeGenerator,Cave)" methodname="DenseWalkways" classname="PlayersWorlds.Maps.Maze.MazeGeneratorAreasTest" runstate="Runnable" seed="602194339" result="Passed" start-time="2024-02-25T18:58:05.8779250Z" end-time="2024-02-25T18:58:05.9048390Z" duration="0.026914" asserts="30" />
                <test-case id="1-1227" name="DenseWalkways(PlayersWorlds.Maps.Maze.SidewinderMazeGenerator,Hall)" fullname="PlayersWorlds.Maps.Maze.MazeGeneratorAreasTest.DenseWalkways(PlayersWorlds.Maps.Maze.SidewinderMazeGenerator,Hall)" methodname="DenseWalkways" classname="PlayersWorlds.Maps.Maze.MazeGeneratorAreasTest" runstate="Runnable" seed="838819074" result="Passed" start-time="2024-02-25T18:58:05.9048540Z" end-time="2024-02-25T18:58:05.9294090Z" duration="0.024555" asserts="30" />
                <test-case id="1-1228" name="DenseWalkways(PlayersWorlds.Maps.Maze.SidewinderMazeGenerator,Fill)" fullname="PlayersWorlds.Maps.Maze.MazeGeneratorAreasTest.DenseWalkways(PlayersWorlds.Maps.Maze.SidewinderMazeGenerator,Fill)" methodname="DenseWalkways" classname="PlayersWorlds.Maps.Maze.MazeGeneratorAreasTest" runstate="Runnable" seed="491085729" result="Passed" start-time="2024-02-25T18:58:05.9294200Z" end-time="2024-02-25T18:58:05.9502140Z" duration="0.020794" asserts="30" />
                <test-case id="1-1229" name="DenseWalkways(PlayersWorlds.Maps.Maze.WilsonsMazeGenerator,Cave)" fullname="PlayersWorlds.Maps.Maze.MazeGeneratorAreasTest.DenseWalkways(PlayersWorlds.Maps.Maze.WilsonsMazeGenerator,Cave)" methodname="DenseWalkways" classname="PlayersWorlds.Maps.Maze.MazeGeneratorAreasTest" runstate="Runnable" seed="1258186624" result="Passed" start-time="2024-02-25T18:58:05.9502250Z" end-time="2024-02-25T18:58:05.9731140Z" duration="0.022890" asserts="30" />
                <test-case id="1-1230" name="DenseWalkways(PlayersWorlds.Maps.Maze.WilsonsMazeGenerator,Hall)" fullname="PlayersWorlds.Maps.Maze.MazeGeneratorAreasTest.DenseWalkways(PlayersWorlds.Maps.Maze.WilsonsMazeGenerator,Hall)" methodname="DenseWalkways" classname="PlayersWorlds.Maps.Maze.MazeGeneratorAreasTest" runstate="Runnable" seed="1136980722" result="Passed" start-time="2024-02-25T18:58:05.9731270Z" end-time="2024-02-25T18:58:05.9955120Z" duration="0.022385" asserts="30" />
                <test-case id="1-1231" name="DenseWalkways(PlayersWorlds.Maps.Maze.WilsonsMazeGenerator,Fill)" fullname="PlayersWorlds.Maps.Maze.MazeGeneratorAreasTest.DenseWalkways(PlayersWorlds.Maps.Maze.WilsonsMazeGenerator,Fill)" methodname="DenseWalkways" classname="PlayersWorlds.Maps.Maze.MazeGeneratorAreasTest" runstate="Runnable" seed="1677904438" result="Passed" start-time="2024-02-25T18:58:05.9955240Z" end-time="2024-02-25T18:58:06.0177300Z" duration="0.022206" asserts="30" />
              </test-suite>
              <test-suite type="ParameterizedMethod" id="1-1161" name="FillAreasAreAppliedProperly" fullname="PlayersWorlds.Maps.Maze.MazeGeneratorAreasTest.FillAreasAreAppliedProperly" classname="PlayersWorlds.Maps.Maze.MazeGeneratorAreasTest" runstate="Runnable" testcasecount="6" result="Passed" start-time="2024-02-25T18:58:06.0177550Z" end-time="2024-02-25T18:58:06.1987620Z" duration="0.181008" total="6" passed="6" failed="0" warnings="0" inconclusive="0" skipped="0" asserts="240">
                <properties>
                  <property name="Repeat" value="10" />
                </properties>
                <test-case id="1-1155" name="FillAreasAreAppliedProperly(PlayersWorlds.Maps.Maze.AldousBroderMazeGenerator)" fullname="PlayersWorlds.Maps.Maze.MazeGeneratorAreasTest.FillAreasAreAppliedProperly(PlayersWorlds.Maps.Maze.AldousBroderMazeGenerator)" methodname="FillAreasAreAppliedProperly" classname="PlayersWorlds.Maps.Maze.MazeGeneratorAreasTest" runstate="Runnable" seed="289251163" result="Passed" start-time="2024-02-25T18:58:06.0177760Z" end-time="2024-02-25T18:58:06.0646310Z" duration="0.046856" asserts="40" />
                <test-case id="1-1156" name="FillAreasAreAppliedProperly(PlayersWorlds.Maps.Maze.BinaryTreeMazeGenerator)" fullname="PlayersWorlds.Maps.Maze.MazeGeneratorAreasTest.FillAreasAreAppliedProperly(PlayersWorlds.Maps.Maze.BinaryTreeMazeGenerator)" methodname="FillAreasAreAppliedProperly" classname="PlayersWorlds.Maps.Maze.MazeGeneratorAreasTest" runstate="Runnable" seed="1107629287" result="Passed" start-time="2024-02-25T18:58:06.0646430Z" end-time="2024-02-25T18:58:06.0938190Z" duration="0.029176" asserts="40" />
                <test-case id="1-1157" name="FillAreasAreAppliedProperly(PlayersWorlds.Maps.Maze.HuntAndKillMazeGenerator)" fullname="PlayersWorlds.Maps.Maze.MazeGeneratorAreasTest.FillAreasAreAppliedProperly(PlayersWorlds.Maps.Maze.HuntAndKillMazeGenerator)" methodname="FillAreasAreAppliedProperly" classname="PlayersWorlds.Maps.Maze.MazeGeneratorAreasTest" runstate="Runnable" seed="2095064860" result="Passed" start-time="2024-02-25T18:58:06.0938290Z" end-time="2024-02-25T18:58:06.1162750Z" duration="0.022447" asserts="40" />
                <test-case id="1-1158" name="FillAreasAreAppliedProperly(PlayersWorlds.Maps.Maze.RecursiveBacktrackerMazeGenerator)" fullname="PlayersWorlds.Maps.Maze.MazeGeneratorAreasTest.FillAreasAreAppliedProperly(PlayersWorlds.Maps.Maze.RecursiveBacktrackerMazeGenerator)" methodname="FillAreasAreAppliedProperly" classname="PlayersWorlds.Maps.Maze.MazeGeneratorAreasTest" runstate="Runnable" seed="312389054" result="Passed" start-time="2024-02-25T18:58:06.1162890Z" end-time="2024-02-25T18:58:06.1396310Z" duration="0.023342" asserts="40" />
                <test-case id="1-1159" name="FillAreasAreAppliedProperly(PlayersWorlds.Maps.Maze.SidewinderMazeGenerator)" fullname="PlayersWorlds.Maps.Maze.MazeGeneratorAreasTest.FillAreasAreAppliedProperly(PlayersWorlds.Maps.Maze.SidewinderMazeGenerator)" methodname="FillAreasAreAppliedProperly" classname="PlayersWorlds.Maps.Maze.MazeGeneratorAreasTest" runstate="Runnable" seed="301787196" result="Passed" start-time="2024-02-25T18:58:06.1396410Z" end-time="2024-02-25T18:58:06.1717140Z" duration="0.032074" asserts="40" />
                <test-case id="1-1160" name="FillAreasAreAppliedProperly(PlayersWorlds.Maps.Maze.WilsonsMazeGenerator)" fullname="PlayersWorlds.Maps.Maze.MazeGeneratorAreasTest.FillAreasAreAppliedProperly(PlayersWorlds.Maps.Maze.WilsonsMazeGenerator)" methodname="FillAreasAreAppliedProperly" classname="PlayersWorlds.Maps.Maze.MazeGeneratorAreasTest" runstate="Runnable" seed="1576348032" result="Passed" start-time="2024-02-25T18:58:06.1717290Z" end-time="2024-02-25T18:58:06.1987490Z" duration="0.027020" asserts="40" />
              </test-suite>
              <test-suite type="ParameterizedMethod" id="1-1168" name="HallAreasAreAppliedProperly" fullname="PlayersWorlds.Maps.Maze.MazeGeneratorAreasTest.HallAreasAreAppliedProperly" classname="PlayersWorlds.Maps.Maze.MazeGeneratorAreasTest" runstate="Runnable" testcasecount="6" result="Passed" start-time="2024-02-25T18:58:06.1987750Z" end-time="2024-02-25T18:58:14.2701970Z" duration="8.071422" total="6" passed="6" failed="0" warnings="0" inconclusive="0" skipped="0" asserts="600">
                <properties>
                  <property name="Repeat" value="10" />
                </properties>
                <test-case id="1-1162" name="HallAreasAreAppliedProperly(PlayersWorlds.Maps.Maze.AldousBroderMazeGenerator)" fullname="PlayersWorlds.Maps.Maze.MazeGeneratorAreasTest.HallAreasAreAppliedProperly(PlayersWorlds.Maps.Maze.AldousBroderMazeGenerator)" methodname="HallAreasAreAppliedProperly" classname="PlayersWorlds.Maps.Maze.MazeGeneratorAreasTest" runstate="Runnable" seed="519763066" result="Passed" start-time="2024-02-25T18:58:06.1987990Z" end-time="2024-02-25T18:58:07.5269420Z" duration="1.328144" asserts="100" />
                <test-case id="1-1163" name="HallAreasAreAppliedProperly(PlayersWorlds.Maps.Maze.BinaryTreeMazeGenerator)" fullname="PlayersWorlds.Maps.Maze.MazeGeneratorAreasTest.HallAreasAreAppliedProperly(PlayersWorlds.Maps.Maze.BinaryTreeMazeGenerator)" methodname="HallAreasAreAppliedProperly" classname="PlayersWorlds.Maps.Maze.MazeGeneratorAreasTest" runstate="Runnable" seed="428244599" result="Passed" start-time="2024-02-25T18:58:07.5269600Z" end-time="2024-02-25T18:58:09.0594570Z" duration="1.532498" asserts="100" />
                <test-case id="1-1164" name="HallAreasAreAppliedProperly(PlayersWorlds.Maps.Maze.HuntAndKillMazeGenerator)" fullname="PlayersWorlds.Maps.Maze.MazeGeneratorAreasTest.HallAreasAreAppliedProperly(PlayersWorlds.Maps.Maze.HuntAndKillMazeGenerator)" methodname="HallAreasAreAppliedProperly" classname="PlayersWorlds.Maps.Maze.MazeGeneratorAreasTest" runstate="Runnable" seed="40083166" result="Passed" start-time="2024-02-25T18:58:09.0594780Z" end-time="2024-02-25T18:58:10.3805300Z" duration="1.321053" asserts="100" />
                <test-case id="1-1165" name="HallAreasAreAppliedProperly(PlayersWorlds.Maps.Maze.RecursiveBacktrackerMazeGenerator)" fullname="PlayersWorlds.Maps.Maze.MazeGeneratorAreasTest.HallAreasAreAppliedProperly(PlayersWorlds.Maps.Maze.RecursiveBacktrackerMazeGenerator)" methodname="HallAreasAreAppliedProperly" classname="PlayersWorlds.Maps.Maze.MazeGeneratorAreasTest" runstate="Runnable" seed="1408489577" result="Passed" start-time="2024-02-25T18:58:10.3805490Z" end-time="2024-02-25T18:58:11.4892900Z" duration="1.108742" asserts="100" />
                <test-case id="1-1166" name="HallAreasAreAppliedProperly(PlayersWorlds.Maps.Maze.SidewinderMazeGenerator)" fullname="PlayersWorlds.Maps.Maze.MazeGeneratorAreasTest.HallAreasAreAppliedProperly(PlayersWorlds.Maps.Maze.SidewinderMazeGenerator)" methodname="HallAreasAreAppliedProperly" classname="PlayersWorlds.Maps.Maze.MazeGeneratorAreasTest" runstate="Runnable" seed="99293469" result="Passed" start-time="2024-02-25T18:58:11.4893070Z" end-time="2024-02-25T18:58:12.9335830Z" duration="1.444276" asserts="100" />
                <test-case id="1-1167" name="HallAreasAreAppliedProperly(PlayersWorlds.Maps.Maze.WilsonsMazeGenerator)" fullname="PlayersWorlds.Maps.Maze.MazeGeneratorAreasTest.HallAreasAreAppliedProperly(PlayersWorlds.Maps.Maze.WilsonsMazeGenerator)" methodname="HallAreasAreAppliedProperly" classname="PlayersWorlds.Maps.Maze.MazeGeneratorAreasTest" runstate="Runnable" seed="619327748" result="Passed" start-time="2024-02-25T18:58:12.9336020Z" end-time="2024-02-25T18:58:14.2701720Z" duration="1.336570" asserts="100" />
              </test-suite>
              <test-case id="1-1361" name="ManualAndAutoAreasGeneration" fullname="PlayersWorlds.Maps.Maze.MazeGeneratorAreasTest.ManualAndAutoAreasGeneration" methodname="ManualAndAutoAreasGeneration" classname="PlayersWorlds.Maps.Maze.MazeGeneratorAreasTest" runstate="Runnable" seed="934431160" result="Passed" start-time="2024-02-25T18:58:14.2702120Z" end-time="2024-02-25T18:58:17.3225750Z" duration="3.052364" asserts="200">
                <properties>
                  <property name="Repeat" value="100" />
                </properties>
              </test-case>
              <test-suite type="ParameterizedMethod" id="1-1194" name="OverlappingAreasAreAppliedProperly" fullname="PlayersWorlds.Maps.Maze.MazeGeneratorAreasTest.OverlappingAreasAreAppliedProperly" classname="PlayersWorlds.Maps.Maze.MazeGeneratorAreasTest" runstate="Runnable" testcasecount="18" result="Passed" start-time="2024-02-25T18:58:17.3226320Z" end-time="2024-02-25T18:58:18.0179670Z" duration="0.695335" total="18" passed="18" failed="0" warnings="0" inconclusive="0" skipped="0" asserts="1320">
                <properties>
                  <property name="Repeat" value="10" />
                </properties>
                <test-case id="1-1176" name="OverlappingAreasAreAppliedProperly(PlayersWorlds.Maps.Maze.AldousBroderMazeGenerator,Cave)" fullname="PlayersWorlds.Maps.Maze.MazeGeneratorAreasTest.OverlappingAreasAreAppliedProperly(PlayersWorlds.Maps.Maze.AldousBroderMazeGenerator,Cave)" methodname="OverlappingAreasAreAppliedProperly" classname="PlayersWorlds.Maps.Maze.MazeGeneratorAreasTest" runstate="Runnable" seed="1051788422" result="Passed" start-time="2024-02-25T18:58:17.3226940Z" end-time="2024-02-25T18:58:17.3935080Z" duration="0.070814" asserts="80" />
                <test-case id="1-1177" name="OverlappingAreasAreAppliedProperly(PlayersWorlds.Maps.Maze.AldousBroderMazeGenerator,Hall)" fullname="PlayersWorlds.Maps.Maze.MazeGeneratorAreasTest.OverlappingAreasAreAppliedProperly(PlayersWorlds.Maps.Maze.AldousBroderMazeGenerator,Hall)" methodname="OverlappingAreasAreAppliedProperly" classname="PlayersWorlds.Maps.Maze.MazeGeneratorAreasTest" runstate="Runnable" seed="1253197477" result="Passed" start-time="2024-02-25T18:58:17.3935270Z" end-time="2024-02-25T18:58:17.4493060Z" duration="0.055778" asserts="80" />
                <test-case id="1-1178" name="OverlappingAreasAreAppliedProperly(PlayersWorlds.Maps.Maze.AldousBroderMazeGenerator,Fill)" fullname="PlayersWorlds.Maps.Maze.MazeGeneratorAreasTest.OverlappingAreasAreAppliedProperly(PlayersWorlds.Maps.Maze.AldousBroderMazeGenerator,Fill)" methodname="OverlappingAreasAreAppliedProperly" classname="PlayersWorlds.Maps.Maze.MazeGeneratorAreasTest" runstate="Runnable" seed="208843259" result="Passed" start-time="2024-02-25T18:58:17.4493190Z" end-time="2024-02-25T18:58:17.4999120Z" duration="0.050593" asserts="60" />
                <test-case id="1-1179" name="OverlappingAreasAreAppliedProperly(PlayersWorlds.Maps.Maze.BinaryTreeMazeGenerator,Cave)" fullname="PlayersWorlds.Maps.Maze.MazeGeneratorAreasTest.OverlappingAreasAreAppliedProperly(PlayersWorlds.Maps.Maze.BinaryTreeMazeGenerator,Cave)" methodname="OverlappingAreasAreAppliedProperly" classname="PlayersWorlds.Maps.Maze.MazeGeneratorAreasTest" runstate="Runnable" seed="818175334" result="Passed" start-time="2024-02-25T18:58:17.4999230Z" end-time="2024-02-25T18:58:17.5435180Z" duration="0.043595" asserts="80" />
                <test-case id="1-1180" name="OverlappingAreasAreAppliedProperly(PlayersWorlds.Maps.Maze.BinaryTreeMazeGenerator,Hall)" fullname="PlayersWorlds.Maps.Maze.MazeGeneratorAreasTest.OverlappingAreasAreAppliedProperly(PlayersWorlds.Maps.Maze.BinaryTreeMazeGenerator,Hall)" methodname="OverlappingAreasAreAppliedProperly" classname="PlayersWorlds.Maps.Maze.MazeGeneratorAreasTest" runstate="Runnable" seed="1460392300" result="Passed" start-time="2024-02-25T18:58:17.5435300Z" end-time="2024-02-25T18:58:17.5787790Z" duration="0.035250" asserts="80" />
                <test-case id="1-1181" name="OverlappingAreasAreAppliedProperly(PlayersWorlds.Maps.Maze.BinaryTreeMazeGenerator,Fill)" fullname="PlayersWorlds.Maps.Maze.MazeGeneratorAreasTest.OverlappingAreasAreAppliedProperly(PlayersWorlds.Maps.Maze.BinaryTreeMazeGenerator,Fill)" methodname="OverlappingAreasAreAppliedProperly" classname="PlayersWorlds.Maps.Maze.MazeGeneratorAreasTest" runstate="Runnable" seed="166325897" result="Passed" start-time="2024-02-25T18:58:17.5787900Z" end-time="2024-02-25T18:58:17.6075360Z" duration="0.028746" asserts="60" />
                <test-case id="1-1182" name="OverlappingAreasAreAppliedProperly(PlayersWorlds.Maps.Maze.HuntAndKillMazeGenerator,Cave)" fullname="PlayersWorlds.Maps.Maze.MazeGeneratorAreasTest.OverlappingAreasAreAppliedProperly(PlayersWorlds.Maps.Maze.HuntAndKillMazeGenerator,Cave)" methodname="OverlappingAreasAreAppliedProperly" classname="PlayersWorlds.Maps.Maze.MazeGeneratorAreasTest" runstate="Runnable" seed="98441603" result="Passed" start-time="2024-02-25T18:58:17.6075450Z" end-time="2024-02-25T18:58:17.6440700Z" duration="0.036525" asserts="80" />
                <test-case id="1-1183" name="OverlappingAreasAreAppliedProperly(PlayersWorlds.Maps.Maze.HuntAndKillMazeGenerator,Hall)" fullname="PlayersWorlds.Maps.Maze.MazeGeneratorAreasTest.OverlappingAreasAreAppliedProperly(PlayersWorlds.Maps.Maze.HuntAndKillMazeGenerator,Hall)" methodname="OverlappingAreasAreAppliedProperly" classname="PlayersWorlds.Maps.Maze.MazeGeneratorAreasTest" runstate="Runnable" seed="1158669197" result="Passed" start-time="2024-02-25T18:58:17.6440820Z" end-time="2024-02-25T18:58:17.6729430Z" duration="0.028862" asserts="80" />
                <test-case id="1-1184" name="OverlappingAreasAreAppliedProperly(PlayersWorlds.Maps.Maze.HuntAndKillMazeGenerator,Fill)" fullname="PlayersWorlds.Maps.Maze.MazeGeneratorAreasTest.OverlappingAreasAreAppliedProperly(PlayersWorlds.Maps.Maze.HuntAndKillMazeGenerator,Fill)" methodname="OverlappingAreasAreAppliedProperly" classname="PlayersWorlds.Maps.Maze.MazeGeneratorAreasTest" runstate="Runnable" seed="1952613837" result="Passed" start-time="2024-02-25T18:58:17.6729540Z" end-time="2024-02-25T18:58:17.6974190Z" duration="0.024465" asserts="60" />
                <test-case id="1-1185" name="OverlappingAreasAreAppliedProperly(PlayersWorlds.Maps.Maze.RecursiveBacktrackerMazeGenerator,Cave)" fullname="PlayersWorlds.Maps.Maze.MazeGeneratorAreasTest.OverlappingAreasAreAppliedProperly(PlayersWorlds.Maps.Maze.RecursiveBacktrackerMazeGenerator,Cave)" methodname="OverlappingAreasAreAppliedProperly" classname="PlayersWorlds.Maps.Maze.MazeGeneratorAreasTest" runstate="Runnable" seed="1195946785" result="Passed" start-time="2024-02-25T18:58:17.6974300Z" end-time="2024-02-25T18:58:17.7338630Z" duration="0.036433" asserts="80" />
                <test-case id="1-1186" name="OverlappingAreasAreAppliedProperly(PlayersWorlds.Maps.Maze.RecursiveBacktrackerMazeGenerator,Hall)" fullname="PlayersWorlds.Maps.Maze.MazeGeneratorAreasTest.OverlappingAreasAreAppliedProperly(PlayersWorlds.Maps.Maze.RecursiveBacktrackerMazeGenerator,Hall)" methodname="OverlappingAreasAreAppliedProperly" classname="PlayersWorlds.Maps.Maze.MazeGeneratorAreasTest" runstate="Runnable" seed="2089012448" result="Passed" start-time="2024-02-25T18:58:17.7338730Z" end-time="2024-02-25T18:58:17.7622190Z" duration="0.028346" asserts="80" />
                <test-case id="1-1187" name="OverlappingAreasAreAppliedProperly(PlayersWorlds.Maps.Maze.RecursiveBacktrackerMazeGenerator,Fill)" fullname="PlayersWorlds.Maps.Maze.MazeGeneratorAreasTest.OverlappingAreasAreAppliedProperly(PlayersWorlds.Maps.Maze.RecursiveBacktrackerMazeGenerator,Fill)" methodname="OverlappingAreasAreAppliedProperly" classname="PlayersWorlds.Maps.Maze.MazeGeneratorAreasTest" runstate="Runnable" seed="263222830" result="Passed" start-time="2024-02-25T18:58:17.7622300Z" end-time="2024-02-25T18:58:17.7854040Z" duration="0.023175" asserts="60" />
                <test-case id="1-1188" name="OverlappingAreasAreAppliedProperly(PlayersWorlds.Maps.Maze.SidewinderMazeGenerator,Cave)" fullname="PlayersWorlds.Maps.Maze.MazeGeneratorAreasTest.OverlappingAreasAreAppliedProperly(PlayersWorlds.Maps.Maze.SidewinderMazeGenerator,Cave)" methodname="OverlappingAreasAreAppliedProperly" classname="PlayersWorlds.Maps.Maze.MazeGeneratorAreasTest" runstate="Runnable" seed="969812048" result="Passed" start-time="2024-02-25T18:58:17.7854140Z" end-time="2024-02-25T18:58:17.8323300Z" duration="0.046916" asserts="80" />
                <test-case id="1-1189" name="OverlappingAreasAreAppliedProperly(PlayersWorlds.Maps.Maze.SidewinderMazeGenerator,Hall)" fullname="PlayersWorlds.Maps.Maze.MazeGeneratorAreasTest.OverlappingAreasAreAppliedProperly(PlayersWorlds.Maps.Maze.SidewinderMazeGenerator,Hall)" methodname="OverlappingAreasAreAppliedProperly" classname="PlayersWorlds.Maps.Maze.MazeGeneratorAreasTest" runstate="Runnable" seed="183152056" result="Passed" start-time="2024-02-25T18:58:17.8323400Z" end-time="2024-02-25T18:58:17.8689370Z" duration="0.036597" asserts="80" />
                <test-case id="1-1190" name="OverlappingAreasAreAppliedProperly(PlayersWorlds.Maps.Maze.SidewinderMazeGenerator,Fill)" fullname="PlayersWorlds.Maps.Maze.MazeGeneratorAreasTest.OverlappingAreasAreAppliedProperly(PlayersWorlds.Maps.Maze.SidewinderMazeGenerator,Fill)" methodname="OverlappingAreasAreAppliedProperly" classname="PlayersWorlds.Maps.Maze.MazeGeneratorAreasTest" runstate="Runnable" seed="1259673839" result="Passed" start-time="2024-02-25T18:58:17.8689480Z" end-time="2024-02-25T18:58:17.9002380Z" duration="0.031290" asserts="60" />
                <test-case id="1-1191" name="OverlappingAreasAreAppliedProperly(PlayersWorlds.Maps.Maze.WilsonsMazeGenerator,Cave)" fullname="PlayersWorlds.Maps.Maze.MazeGeneratorAreasTest.OverlappingAreasAreAppliedProperly(PlayersWorlds.Maps.Maze.WilsonsMazeGenerator,Cave)" methodname="OverlappingAreasAreAppliedProperly" classname="PlayersWorlds.Maps.Maze.MazeGeneratorAreasTest" runstate="Runnable" seed="1247980650" result="Passed" start-time="2024-02-25T18:58:17.9002480Z" end-time="2024-02-25T18:58:17.9520330Z" duration="0.051785" asserts="80" />
                <test-case id="1-1192" name="OverlappingAreasAreAppliedProperly(PlayersWorlds.Maps.Maze.WilsonsMazeGenerator,Hall)" fullname="PlayersWorlds.Maps.Maze.MazeGeneratorAreasTest.OverlappingAreasAreAppliedProperly(PlayersWorlds.Maps.Maze.WilsonsMazeGenerator,Hall)" methodname="OverlappingAreasAreAppliedProperly" classname="PlayersWorlds.Maps.Maze.MazeGeneratorAreasTest" runstate="Runnable" seed="490586196" result="Passed" start-time="2024-02-25T18:58:17.9520580Z" end-time="2024-02-25T18:58:17.9874800Z" duration="0.035423" asserts="80" />
                <test-case id="1-1193" name="OverlappingAreasAreAppliedProperly(PlayersWorlds.Maps.Maze.WilsonsMazeGenerator,Fill)" fullname="PlayersWorlds.Maps.Maze.MazeGeneratorAreasTest.OverlappingAreasAreAppliedProperly(PlayersWorlds.Maps.Maze.WilsonsMazeGenerator,Fill)" methodname="OverlappingAreasAreAppliedProperly" classname="PlayersWorlds.Maps.Maze.MazeGeneratorAreasTest" runstate="Runnable" seed="1825017445" result="Passed" start-time="2024-02-25T18:58:17.9875010Z" end-time="2024-02-25T18:58:18.0179430Z" duration="0.030443" asserts="60" />
              </test-suite>
              <test-suite type="ParameterizedMethod" id="1-1360" name="ScatteredAreas" fullname="PlayersWorlds.Maps.Maze.MazeGeneratorAreasTest.ScatteredAreas" classname="PlayersWorlds.Maps.Maze.MazeGeneratorAreasTest" runstate="Runnable" testcasecount="126" result="Skipped" label="Ignored" site="Child" start-time="2024-02-25T18:58:18.0179820Z" end-time="2024-02-25T18:58:21.2941270Z" duration="3.276145" total="126" passed="24" failed="0" warnings="0" inconclusive="0" skipped="102" asserts="480">
                <properties>
                  <property name="Repeat" value="10" />
                </properties>
                <reason>
                  <message><![CDATA[One or more child tests were ignored]]></message>
                </reason>
                <test-case id="1-1234" name="ScatteredAreas(PlayersWorlds.Maps.Maze.AldousBroderMazeGenerator,Cave,Quarter)" fullname="PlayersWorlds.Maps.Maze.MazeGeneratorAreasTest.ScatteredAreas(PlayersWorlds.Maps.Maze.AldousBroderMazeGenerator,Cave,Quarter)" methodname="ScatteredAreas" classname="PlayersWorlds.Maps.Maze.MazeGeneratorAreasTest" runstate="Runnable" seed="1380185665" result="Skipped" label="Ignored" start-time="2024-02-25T18:58:18.0180110Z" end-time="2024-02-25T18:58:18.0237050Z" duration="0.005694" asserts="0" />
                <test-case id="1-1235" name="ScatteredAreas(PlayersWorlds.Maps.Maze.AldousBroderMazeGenerator,Cave,Half)" fullname="PlayersWorlds.Maps.Maze.MazeGeneratorAreasTest.ScatteredAreas(PlayersWorlds.Maps.Maze.AldousBroderMazeGenerator,Cave,Half)" methodname="ScatteredAreas" classname="PlayersWorlds.Maps.Maze.MazeGeneratorAreasTest" runstate="Runnable" seed="1363220130" result="Skipped" label="Ignored" start-time="2024-02-25T18:58:18.0237400Z" end-time="2024-02-25T18:58:18.0238260Z" duration="0.000086" asserts="0" />
                <test-case id="1-1236" name="ScatteredAreas(PlayersWorlds.Maps.Maze.AldousBroderMazeGenerator,Cave,ThreeQuarters)" fullname="PlayersWorlds.Maps.Maze.MazeGeneratorAreasTest.ScatteredAreas(PlayersWorlds.Maps.Maze.AldousBroderMazeGenerator,Cave,ThreeQuarters)" methodname="ScatteredAreas" classname="PlayersWorlds.Maps.Maze.MazeGeneratorAreasTest" runstate="Runnable" seed="1366649683" result="Skipped" label="Ignored" start-time="2024-02-25T18:58:18.0238330Z" end-time="2024-02-25T18:58:18.0238900Z" duration="0.000057" asserts="0" />
                <test-case id="1-1237" name="ScatteredAreas(PlayersWorlds.Maps.Maze.AldousBroderMazeGenerator,Cave,NinetyPercent)" fullname="PlayersWorlds.Maps.Maze.MazeGeneratorAreasTest.ScatteredAreas(PlayersWorlds.Maps.Maze.AldousBroderMazeGenerator,Cave,NinetyPercent)" methodname="ScatteredAreas" classname="PlayersWorlds.Maps.Maze.MazeGeneratorAreasTest" runstate="Runnable" seed="180191940" result="Skipped" label="Ignored" start-time="2024-02-25T18:58:18.0238950Z" end-time="2024-02-25T18:58:18.0239450Z" duration="0.000050" asserts="0" />
                <test-case id="1-1238" name="ScatteredAreas(PlayersWorlds.Maps.Maze.AldousBroderMazeGenerator,Cave,FullWidth)" fullname="PlayersWorlds.Maps.Maze.MazeGeneratorAreasTest.ScatteredAreas(PlayersWorlds.Maps.Maze.AldousBroderMazeGenerator,Cave,FullWidth)" methodname="ScatteredAreas" classname="PlayersWorlds.Maps.Maze.MazeGeneratorAreasTest" runstate="Runnable" seed="588002926" result="Skipped" label="Ignored" start-time="2024-02-25T18:58:18.0239500Z" end-time="2024-02-25T18:58:18.0239980Z" duration="0.000048" asserts="0" />
                <test-case id="1-1239" name="ScatteredAreas(PlayersWorlds.Maps.Maze.AldousBroderMazeGenerator,Cave,FullHeight)" fullname="PlayersWorlds.Maps.Maze.MazeGeneratorAreasTest.ScatteredAreas(PlayersWorlds.Maps.Maze.AldousBroderMazeGenerator,Cave,FullHeight)" methodname="ScatteredAreas" classname="PlayersWorlds.Maps.Maze.MazeGeneratorAreasTest" runstate="Runnable" seed="2028813868" result="Skipped" label="Ignored" start-time="2024-02-25T18:58:18.0240020Z" end-time="2024-02-25T18:58:18.0240500Z" duration="0.000048" asserts="0" />
                <test-case id="1-1240" name="ScatteredAreas(PlayersWorlds.Maps.Maze.AldousBroderMazeGenerator,Cave,Full)" fullname="PlayersWorlds.Maps.Maze.MazeGeneratorAreasTest.ScatteredAreas(PlayersWorlds.Maps.Maze.AldousBroderMazeGenerator,Cave,Full)" methodname="ScatteredAreas" classname="PlayersWorlds.Maps.Maze.MazeGeneratorAreasTest" runstate="Runnable" seed="1870759835" result="Passed" start-time="2024-02-25T18:58:18.0240550Z" end-time="2024-02-25T18:58:18.2925470Z" duration="0.268493" asserts="20" />
                <test-case id="1-1241" name="ScatteredAreas(PlayersWorlds.Maps.Maze.AldousBroderMazeGenerator,Hall,Quarter)" fullname="PlayersWorlds.Maps.Maze.MazeGeneratorAreasTest.ScatteredAreas(PlayersWorlds.Maps.Maze.AldousBroderMazeGenerator,Hall,Quarter)" methodname="ScatteredAreas" classname="PlayersWorlds.Maps.Maze.MazeGeneratorAreasTest" runstate="Runnable" seed="484360216" result="Skipped" label="Ignored" start-time="2024-02-25T18:58:18.2925700Z" end-time="2024-02-25T18:58:18.2927180Z" duration="0.000148" asserts="0" />
                <test-case id="1-1242" name="ScatteredAreas(PlayersWorlds.Maps.Maze.AldousBroderMazeGenerator,Hall,Half)" fullname="PlayersWorlds.Maps.Maze.MazeGeneratorAreasTest.ScatteredAreas(PlayersWorlds.Maps.Maze.AldousBroderMazeGenerator,Hall,Half)" methodname="ScatteredAreas" classname="PlayersWorlds.Maps.Maze.MazeGeneratorAreasTest" runstate="Runnable" seed="203771955" result="Skipped" label="Ignored" start-time="2024-02-25T18:58:18.2927250Z" end-time="2024-02-25T18:58:18.2927950Z" duration="0.000070" asserts="0" />
                <test-case id="1-1243" name="ScatteredAreas(PlayersWorlds.Maps.Maze.AldousBroderMazeGenerator,Hall,ThreeQuarters)" fullname="PlayersWorlds.Maps.Maze.MazeGeneratorAreasTest.ScatteredAreas(PlayersWorlds.Maps.Maze.AldousBroderMazeGenerator,Hall,ThreeQuarters)" methodname="ScatteredAreas" classname="PlayersWorlds.Maps.Maze.MazeGeneratorAreasTest" runstate="Runnable" seed="1535327675" result="Skipped" label="Ignored" start-time="2024-02-25T18:58:18.2928000Z" end-time="2024-02-25T18:58:18.2928540Z" duration="0.000054" asserts="0" />
                <test-case id="1-1244" name="ScatteredAreas(PlayersWorlds.Maps.Maze.AldousBroderMazeGenerator,Hall,NinetyPercent)" fullname="PlayersWorlds.Maps.Maze.MazeGeneratorAreasTest.ScatteredAreas(PlayersWorlds.Maps.Maze.AldousBroderMazeGenerator,Hall,NinetyPercent)" methodname="ScatteredAreas" classname="PlayersWorlds.Maps.Maze.MazeGeneratorAreasTest" runstate="Runnable" seed="877543879" result="Skipped" label="Ignored" start-time="2024-02-25T18:58:18.2928590Z" end-time="2024-02-25T18:58:18.2929080Z" duration="0.000048" asserts="0" />
                <test-case id="1-1245" name="ScatteredAreas(PlayersWorlds.Maps.Maze.AldousBroderMazeGenerator,Hall,FullWidth)" fullname="PlayersWorlds.Maps.Maze.MazeGeneratorAreasTest.ScatteredAreas(PlayersWorlds.Maps.Maze.AldousBroderMazeGenerator,Hall,FullWidth)" methodname="ScatteredAreas" classname="PlayersWorlds.Maps.Maze.MazeGeneratorAreasTest" runstate="Runnable" seed="266853208" result="Skipped" label="Ignored" start-time="2024-02-25T18:58:18.2929120Z" end-time="2024-02-25T18:58:18.2929590Z" duration="0.000047" asserts="0" />
                <test-case id="1-1246" name="ScatteredAreas(PlayersWorlds.Maps.Maze.AldousBroderMazeGenerator,Hall,FullHeight)" fullname="PlayersWorlds.Maps.Maze.MazeGeneratorAreasTest.ScatteredAreas(PlayersWorlds.Maps.Maze.AldousBroderMazeGenerator,Hall,FullHeight)" methodname="ScatteredAreas" classname="PlayersWorlds.Maps.Maze.MazeGeneratorAreasTest" runstate="Runnable" seed="278601520" result="Skipped" label="Ignored" start-time="2024-02-25T18:58:18.2929630Z" end-time="2024-02-25T18:58:18.2930100Z" duration="0.000046" asserts="0" />
                <test-case id="1-1247" name="ScatteredAreas(PlayersWorlds.Maps.Maze.AldousBroderMazeGenerator,Hall,Full)" fullname="PlayersWorlds.Maps.Maze.MazeGeneratorAreasTest.ScatteredAreas(PlayersWorlds.Maps.Maze.AldousBroderMazeGenerator,Hall,Full)" methodname="ScatteredAreas" classname="PlayersWorlds.Maps.Maze.MazeGeneratorAreasTest" runstate="Runnable" seed="559290424" result="Passed" start-time="2024-02-25T18:58:18.2930140Z" end-time="2024-02-25T18:58:18.5272390Z" duration="0.234225" asserts="20" />
                <test-case id="1-1248" name="ScatteredAreas(PlayersWorlds.Maps.Maze.AldousBroderMazeGenerator,Fill,Quarter)" fullname="PlayersWorlds.Maps.Maze.MazeGeneratorAreasTest.ScatteredAreas(PlayersWorlds.Maps.Maze.AldousBroderMazeGenerator,Fill,Quarter)" methodname="ScatteredAreas" classname="PlayersWorlds.Maps.Maze.MazeGeneratorAreasTest" runstate="Runnable" seed="44576722" result="Skipped" label="Ignored" start-time="2024-02-25T18:58:18.5272560Z" end-time="2024-02-25T18:58:18.5273620Z" duration="0.000106" asserts="0" />
                <test-case id="1-1249" name="ScatteredAreas(PlayersWorlds.Maps.Maze.AldousBroderMazeGenerator,Fill,Half)" fullname="PlayersWorlds.Maps.Maze.MazeGeneratorAreasTest.ScatteredAreas(PlayersWorlds.Maps.Maze.AldousBroderMazeGenerator,Fill,Half)" methodname="ScatteredAreas" classname="PlayersWorlds.Maps.Maze.MazeGeneratorAreasTest" runstate="Runnable" seed="1284036044" result="Skipped" label="Ignored" start-time="2024-02-25T18:58:18.5273680Z" end-time="2024-02-25T18:58:18.5274260Z" duration="0.000058" asserts="0" />
                <test-case id="1-1250" name="ScatteredAreas(PlayersWorlds.Maps.Maze.AldousBroderMazeGenerator,Fill,ThreeQuarters)" fullname="PlayersWorlds.Maps.Maze.MazeGeneratorAreasTest.ScatteredAreas(PlayersWorlds.Maps.Maze.AldousBroderMazeGenerator,Fill,ThreeQuarters)" methodname="ScatteredAreas" classname="PlayersWorlds.Maps.Maze.MazeGeneratorAreasTest" runstate="Runnable" seed="1934932388" result="Skipped" label="Ignored" start-time="2024-02-25T18:58:18.5274300Z" end-time="2024-02-25T18:58:18.5274800Z" duration="0.000050" asserts="0" />
                <test-case id="1-1251" name="ScatteredAreas(PlayersWorlds.Maps.Maze.AldousBroderMazeGenerator,Fill,NinetyPercent)" fullname="PlayersWorlds.Maps.Maze.MazeGeneratorAreasTest.ScatteredAreas(PlayersWorlds.Maps.Maze.AldousBroderMazeGenerator,Fill,NinetyPercent)" methodname="ScatteredAreas" classname="PlayersWorlds.Maps.Maze.MazeGeneratorAreasTest" runstate="Runnable" seed="1684802204" result="Skipped" label="Ignored" start-time="2024-02-25T18:58:18.5274850Z" end-time="2024-02-25T18:58:18.5275320Z" duration="0.000047" asserts="0" />
                <test-case id="1-1252" name="ScatteredAreas(PlayersWorlds.Maps.Maze.AldousBroderMazeGenerator,Fill,FullWidth)" fullname="PlayersWorlds.Maps.Maze.MazeGeneratorAreasTest.ScatteredAreas(PlayersWorlds.Maps.Maze.AldousBroderMazeGenerator,Fill,FullWidth)" methodname="ScatteredAreas" classname="PlayersWorlds.Maps.Maze.MazeGeneratorAreasTest" runstate="Runnable" seed="436001648" result="Skipped" label="Ignored" start-time="2024-02-25T18:58:18.5275370Z" end-time="2024-02-25T18:58:18.5275830Z" duration="0.000047" asserts="0" />
                <test-case id="1-1253" name="ScatteredAreas(PlayersWorlds.Maps.Maze.AldousBroderMazeGenerator,Fill,FullHeight)" fullname="PlayersWorlds.Maps.Maze.MazeGeneratorAreasTest.ScatteredAreas(PlayersWorlds.Maps.Maze.AldousBroderMazeGenerator,Fill,FullHeight)" methodname="ScatteredAreas" classname="PlayersWorlds.Maps.Maze.MazeGeneratorAreasTest" runstate="Runnable" seed="165078034" result="Skipped" label="Ignored" start-time="2024-02-25T18:58:18.5275870Z" end-time="2024-02-25T18:58:18.5276340Z" duration="0.000047" asserts="0" />
                <test-case id="1-1254" name="ScatteredAreas(PlayersWorlds.Maps.Maze.AldousBroderMazeGenerator,Fill,Full)" fullname="PlayersWorlds.Maps.Maze.MazeGeneratorAreasTest.ScatteredAreas(PlayersWorlds.Maps.Maze.AldousBroderMazeGenerator,Fill,Full)" methodname="ScatteredAreas" classname="PlayersWorlds.Maps.Maze.MazeGeneratorAreasTest" runstate="Runnable" seed="2029618027" result="Skipped" label="Ignored" start-time="2024-02-25T18:58:18.5276380Z" end-time="2024-02-25T18:58:18.5276840Z" duration="0.000046" asserts="0" />
                <test-case id="1-1255" name="ScatteredAreas(PlayersWorlds.Maps.Maze.BinaryTreeMazeGenerator,Cave,Quarter)" fullname="PlayersWorlds.Maps.Maze.MazeGeneratorAreasTest.ScatteredAreas(PlayersWorlds.Maps.Maze.BinaryTreeMazeGenerator,Cave,Quarter)" methodname="ScatteredAreas" classname="PlayersWorlds.Maps.Maze.MazeGeneratorAreasTest" runstate="Runnable" seed="1858452724" result="Skipped" label="Ignored" start-time="2024-02-25T18:58:18.5276880Z" end-time="2024-02-25T18:58:18.5277340Z" duration="0.000046" asserts="0" />
                <test-case id="1-1256" name="ScatteredAreas(PlayersWorlds.Maps.Maze.BinaryTreeMazeGenerator,Cave,Half)" fullname="PlayersWorlds.Maps.Maze.MazeGeneratorAreasTest.ScatteredAreas(PlayersWorlds.Maps.Maze.BinaryTreeMazeGenerator,Cave,Half)" methodname="ScatteredAreas" classname="PlayersWorlds.Maps.Maze.MazeGeneratorAreasTest" runstate="Runnable" seed="591424075" result="Skipped" label="Ignored" start-time="2024-02-25T18:58:18.5277390Z" end-time="2024-02-25T18:58:18.5277850Z" duration="0.000046" asserts="0" />
                <test-case id="1-1257" name="ScatteredAreas(PlayersWorlds.Maps.Maze.BinaryTreeMazeGenerator,Cave,ThreeQuarters)" fullname="PlayersWorlds.Maps.Maze.MazeGeneratorAreasTest.ScatteredAreas(PlayersWorlds.Maps.Maze.BinaryTreeMazeGenerator,Cave,ThreeQuarters)" methodname="ScatteredAreas" classname="PlayersWorlds.Maps.Maze.MazeGeneratorAreasTest" runstate="Runnable" seed="1455256022" result="Skipped" label="Ignored" start-time="2024-02-25T18:58:18.5277890Z" end-time="2024-02-25T18:58:18.5278340Z" duration="0.000045" asserts="0" />
                <test-case id="1-1258" name="ScatteredAreas(PlayersWorlds.Maps.Maze.BinaryTreeMazeGenerator,Cave,NinetyPercent)" fullname="PlayersWorlds.Maps.Maze.MazeGeneratorAreasTest.ScatteredAreas(PlayersWorlds.Maps.Maze.BinaryTreeMazeGenerator,Cave,NinetyPercent)" methodname="ScatteredAreas" classname="PlayersWorlds.Maps.Maze.MazeGeneratorAreasTest" runstate="Runnable" seed="1041973384" result="Skipped" label="Ignored" start-time="2024-02-25T18:58:18.5278380Z" end-time="2024-02-25T18:58:18.5278820Z" duration="0.000044" asserts="0" />
                <test-case id="1-1259" name="ScatteredAreas(PlayersWorlds.Maps.Maze.BinaryTreeMazeGenerator,Cave,FullWidth)" fullname="PlayersWorlds.Maps.Maze.MazeGeneratorAreasTest.ScatteredAreas(PlayersWorlds.Maps.Maze.BinaryTreeMazeGenerator,Cave,FullWidth)" methodname="ScatteredAreas" classname="PlayersWorlds.Maps.Maze.MazeGeneratorAreasTest" runstate="Runnable" seed="1019361638" result="Skipped" label="Ignored" start-time="2024-02-25T18:58:18.5278870Z" end-time="2024-02-25T18:58:18.5279310Z" duration="0.000044" asserts="0" />
                <test-case id="1-1260" name="ScatteredAreas(PlayersWorlds.Maps.Maze.BinaryTreeMazeGenerator,Cave,FullHeight)" fullname="PlayersWorlds.Maps.Maze.MazeGeneratorAreasTest.ScatteredAreas(PlayersWorlds.Maps.Maze.BinaryTreeMazeGenerator,Cave,FullHeight)" methodname="ScatteredAreas" classname="PlayersWorlds.Maps.Maze.MazeGeneratorAreasTest" runstate="Runnable" seed="600095830" result="Skipped" label="Ignored" start-time="2024-02-25T18:58:18.5279350Z" end-time="2024-02-25T18:58:18.5279800Z" duration="0.000045" asserts="0" />
                <test-case id="1-1261" name="ScatteredAreas(PlayersWorlds.Maps.Maze.BinaryTreeMazeGenerator,Cave,Full)" fullname="PlayersWorlds.Maps.Maze.MazeGeneratorAreasTest.ScatteredAreas(PlayersWorlds.Maps.Maze.BinaryTreeMazeGenerator,Cave,Full)" methodname="ScatteredAreas" classname="PlayersWorlds.Maps.Maze.MazeGeneratorAreasTest" runstate="Runnable" seed="960118060" result="Passed" start-time="2024-02-25T18:58:18.5279840Z" end-time="2024-02-25T18:58:18.6533280Z" duration="0.125345" asserts="20" />
                <test-case id="1-1262" name="ScatteredAreas(PlayersWorlds.Maps.Maze.BinaryTreeMazeGenerator,Hall,Quarter)" fullname="PlayersWorlds.Maps.Maze.MazeGeneratorAreasTest.ScatteredAreas(PlayersWorlds.Maps.Maze.BinaryTreeMazeGenerator,Hall,Quarter)" methodname="ScatteredAreas" classname="PlayersWorlds.Maps.Maze.MazeGeneratorAreasTest" runstate="Runnable" seed="428544831" result="Skipped" label="Ignored" start-time="2024-02-25T18:58:18.6533440Z" end-time="2024-02-25T18:58:18.6534390Z" duration="0.000095" asserts="0" />
                <test-case id="1-1263" name="ScatteredAreas(PlayersWorlds.Maps.Maze.BinaryTreeMazeGenerator,Hall,Half)" fullname="PlayersWorlds.Maps.Maze.MazeGeneratorAreasTest.ScatteredAreas(PlayersWorlds.Maps.Maze.BinaryTreeMazeGenerator,Hall,Half)" methodname="ScatteredAreas" classname="PlayersWorlds.Maps.Maze.MazeGeneratorAreasTest" runstate="Runnable" seed="1463637209" result="Skipped" label="Ignored" start-time="2024-02-25T18:58:18.6534450Z" end-time="2024-02-25T18:58:18.6535010Z" duration="0.000057" asserts="0" />
                <test-case id="1-1264" name="ScatteredAreas(PlayersWorlds.Maps.Maze.BinaryTreeMazeGenerator,Hall,ThreeQuarters)" fullname="PlayersWorlds.Maps.Maze.MazeGeneratorAreasTest.ScatteredAreas(PlayersWorlds.Maps.Maze.BinaryTreeMazeGenerator,Hall,ThreeQuarters)" methodname="ScatteredAreas" classname="PlayersWorlds.Maps.Maze.MazeGeneratorAreasTest" runstate="Runnable" seed="891060769" result="Skipped" label="Ignored" start-time="2024-02-25T18:58:18.6535060Z" end-time="2024-02-25T18:58:18.6535560Z" duration="0.000050" asserts="0" />
                <test-case id="1-1265" name="ScatteredAreas(PlayersWorlds.Maps.Maze.BinaryTreeMazeGenerator,Hall,NinetyPercent)" fullname="PlayersWorlds.Maps.Maze.MazeGeneratorAreasTest.ScatteredAreas(PlayersWorlds.Maps.Maze.BinaryTreeMazeGenerator,Hall,NinetyPercent)" methodname="ScatteredAreas" classname="PlayersWorlds.Maps.Maze.MazeGeneratorAreasTest" runstate="Runnable" seed="1776901902" result="Skipped" label="Ignored" start-time="2024-02-25T18:58:18.6535600Z" end-time="2024-02-25T18:58:18.6536080Z" duration="0.000048" asserts="0" />
                <test-case id="1-1266" name="ScatteredAreas(PlayersWorlds.Maps.Maze.BinaryTreeMazeGenerator,Hall,FullWidth)" fullname="PlayersWorlds.Maps.Maze.MazeGeneratorAreasTest.ScatteredAreas(PlayersWorlds.Maps.Maze.BinaryTreeMazeGenerator,Hall,FullWidth)" methodname="ScatteredAreas" classname="PlayersWorlds.Maps.Maze.MazeGeneratorAreasTest" runstate="Runnable" seed="650183194" result="Skipped" label="Ignored" start-time="2024-02-25T18:58:18.6536120Z" end-time="2024-02-25T18:58:18.6536580Z" duration="0.000046" asserts="0" />
                <test-case id="1-1267" name="ScatteredAreas(PlayersWorlds.Maps.Maze.BinaryTreeMazeGenerator,Hall,FullHeight)" fullname="PlayersWorlds.Maps.Maze.MazeGeneratorAreasTest.ScatteredAreas(PlayersWorlds.Maps.Maze.BinaryTreeMazeGenerator,Hall,FullHeight)" methodname="ScatteredAreas" classname="PlayersWorlds.Maps.Maze.MazeGeneratorAreasTest" runstate="Runnable" seed="1054074832" result="Skipped" label="Ignored" start-time="2024-02-25T18:58:18.6536630Z" end-time="2024-02-25T18:58:18.6537100Z" duration="0.000047" asserts="0" />
                <test-case id="1-1268" name="ScatteredAreas(PlayersWorlds.Maps.Maze.BinaryTreeMazeGenerator,Hall,Full)" fullname="PlayersWorlds.Maps.Maze.MazeGeneratorAreasTest.ScatteredAreas(PlayersWorlds.Maps.Maze.BinaryTreeMazeGenerator,Hall,Full)" methodname="ScatteredAreas" classname="PlayersWorlds.Maps.Maze.MazeGeneratorAreasTest" runstate="Runnable" seed="901713953" result="Passed" start-time="2024-02-25T18:58:18.6537150Z" end-time="2024-02-25T18:58:18.7795580Z" duration="0.125843" asserts="20" />
                <test-case id="1-1269" name="ScatteredAreas(PlayersWorlds.Maps.Maze.BinaryTreeMazeGenerator,Fill,Quarter)" fullname="PlayersWorlds.Maps.Maze.MazeGeneratorAreasTest.ScatteredAreas(PlayersWorlds.Maps.Maze.BinaryTreeMazeGenerator,Fill,Quarter)" methodname="ScatteredAreas" classname="PlayersWorlds.Maps.Maze.MazeGeneratorAreasTest" runstate="Runnable" seed="647471470" result="Skipped" label="Ignored" start-time="2024-02-25T18:58:18.7795730Z" end-time="2024-02-25T18:58:18.7796670Z" duration="0.000094" asserts="0" />
                <test-case id="1-1270" name="ScatteredAreas(PlayersWorlds.Maps.Maze.BinaryTreeMazeGenerator,Fill,Half)" fullname="PlayersWorlds.Maps.Maze.MazeGeneratorAreasTest.ScatteredAreas(PlayersWorlds.Maps.Maze.BinaryTreeMazeGenerator,Fill,Half)" methodname="ScatteredAreas" classname="PlayersWorlds.Maps.Maze.MazeGeneratorAreasTest" runstate="Runnable" seed="1814088754" result="Skipped" label="Ignored" start-time="2024-02-25T18:58:18.7796730Z" end-time="2024-02-25T18:58:18.7797290Z" duration="0.000056" asserts="0" />
                <test-case id="1-1271" name="ScatteredAreas(PlayersWorlds.Maps.Maze.BinaryTreeMazeGenerator,Fill,ThreeQuarters)" fullname="PlayersWorlds.Maps.Maze.MazeGeneratorAreasTest.ScatteredAreas(PlayersWorlds.Maps.Maze.BinaryTreeMazeGenerator,Fill,ThreeQuarters)" methodname="ScatteredAreas" classname="PlayersWorlds.Maps.Maze.MazeGeneratorAreasTest" runstate="Runnable" seed="794637473" result="Skipped" label="Ignored" start-time="2024-02-25T18:58:18.7797340Z" end-time="2024-02-25T18:58:18.7797840Z" duration="0.000051" asserts="0" />
                <test-case id="1-1272" name="ScatteredAreas(PlayersWorlds.Maps.Maze.BinaryTreeMazeGenerator,Fill,NinetyPercent)" fullname="PlayersWorlds.Maps.Maze.MazeGeneratorAreasTest.ScatteredAreas(PlayersWorlds.Maps.Maze.BinaryTreeMazeGenerator,Fill,NinetyPercent)" methodname="ScatteredAreas" classname="PlayersWorlds.Maps.Maze.MazeGeneratorAreasTest" runstate="Runnable" seed="953200148" result="Skipped" label="Ignored" start-time="2024-02-25T18:58:18.7797890Z" end-time="2024-02-25T18:58:18.7798360Z" duration="0.000048" asserts="0" />
                <test-case id="1-1273" name="ScatteredAreas(PlayersWorlds.Maps.Maze.BinaryTreeMazeGenerator,Fill,FullWidth)" fullname="PlayersWorlds.Maps.Maze.MazeGeneratorAreasTest.ScatteredAreas(PlayersWorlds.Maps.Maze.BinaryTreeMazeGenerator,Fill,FullWidth)" methodname="ScatteredAreas" classname="PlayersWorlds.Maps.Maze.MazeGeneratorAreasTest" runstate="Runnable" seed="188569456" result="Skipped" label="Ignored" start-time="2024-02-25T18:58:18.7798410Z" end-time="2024-02-25T18:58:18.7798870Z" duration="0.000046" asserts="0" />
                <test-case id="1-1274" name="ScatteredAreas(PlayersWorlds.Maps.Maze.BinaryTreeMazeGenerator,Fill,FullHeight)" fullname="PlayersWorlds.Maps.Maze.MazeGeneratorAreasTest.ScatteredAreas(PlayersWorlds.Maps.Maze.BinaryTreeMazeGenerator,Fill,FullHeight)" methodname="ScatteredAreas" classname="PlayersWorlds.Maps.Maze.MazeGeneratorAreasTest" runstate="Runnable" seed="1934516268" result="Skipped" label="Ignored" start-time="2024-02-25T18:58:18.7798910Z" end-time="2024-02-25T18:58:18.7799390Z" duration="0.000048" asserts="0" />
                <test-case id="1-1275" name="ScatteredAreas(PlayersWorlds.Maps.Maze.BinaryTreeMazeGenerator,Fill,Full)" fullname="PlayersWorlds.Maps.Maze.MazeGeneratorAreasTest.ScatteredAreas(PlayersWorlds.Maps.Maze.BinaryTreeMazeGenerator,Fill,Full)" methodname="ScatteredAreas" classname="PlayersWorlds.Maps.Maze.MazeGeneratorAreasTest" runstate="Runnable" seed="650309635" result="Skipped" label="Ignored" start-time="2024-02-25T18:58:18.7799430Z" end-time="2024-02-25T18:58:18.7799890Z" duration="0.000046" asserts="0" />
                <test-case id="1-1276" name="ScatteredAreas(PlayersWorlds.Maps.Maze.HuntAndKillMazeGenerator,Cave,Quarter)" fullname="PlayersWorlds.Maps.Maze.MazeGeneratorAreasTest.ScatteredAreas(PlayersWorlds.Maps.Maze.HuntAndKillMazeGenerator,Cave,Quarter)" methodname="ScatteredAreas" classname="PlayersWorlds.Maps.Maze.MazeGeneratorAreasTest" runstate="Runnable" seed="1318732345" result="Skipped" label="Ignored" start-time="2024-02-25T18:58:18.7799930Z" end-time="2024-02-25T18:58:18.7800390Z" duration="0.000046" asserts="0" />
                <test-case id="1-1277" name="ScatteredAreas(PlayersWorlds.Maps.Maze.HuntAndKillMazeGenerator,Cave,Half)" fullname="PlayersWorlds.Maps.Maze.MazeGeneratorAreasTest.ScatteredAreas(PlayersWorlds.Maps.Maze.HuntAndKillMazeGenerator,Cave,Half)" methodname="ScatteredAreas" classname="PlayersWorlds.Maps.Maze.MazeGeneratorAreasTest" runstate="Runnable" seed="1891523171" result="Skipped" label="Ignored" start-time="2024-02-25T18:58:18.7800430Z" end-time="2024-02-25T18:58:18.7800880Z" duration="0.000046" asserts="0" />
                <test-case id="1-1278" name="ScatteredAreas(PlayersWorlds.Maps.Maze.HuntAndKillMazeGenerator,Cave,ThreeQuarters)" fullname="PlayersWorlds.Maps.Maze.MazeGeneratorAreasTest.ScatteredAreas(PlayersWorlds.Maps.Maze.HuntAndKillMazeGenerator,Cave,ThreeQuarters)" methodname="ScatteredAreas" classname="PlayersWorlds.Maps.Maze.MazeGeneratorAreasTest" runstate="Runnable" seed="569446715" result="Skipped" label="Ignored" start-time="2024-02-25T18:58:18.7800930Z" end-time="2024-02-25T18:58:18.7801380Z" duration="0.000046" asserts="0" />
                <test-case id="1-1279" name="ScatteredAreas(PlayersWorlds.Maps.Maze.HuntAndKillMazeGenerator,Cave,NinetyPercent)" fullname="PlayersWorlds.Maps.Maze.MazeGeneratorAreasTest.ScatteredAreas(PlayersWorlds.Maps.Maze.HuntAndKillMazeGenerator,Cave,NinetyPercent)" methodname="ScatteredAreas" classname="PlayersWorlds.Maps.Maze.MazeGeneratorAreasTest" runstate="Runnable" seed="959320906" result="Skipped" label="Ignored" start-time="2024-02-25T18:58:18.7801430Z" end-time="2024-02-25T18:58:18.7801880Z" duration="0.000046" asserts="0" />
                <test-case id="1-1280" name="ScatteredAreas(PlayersWorlds.Maps.Maze.HuntAndKillMazeGenerator,Cave,FullWidth)" fullname="PlayersWorlds.Maps.Maze.MazeGeneratorAreasTest.ScatteredAreas(PlayersWorlds.Maps.Maze.HuntAndKillMazeGenerator,Cave,FullWidth)" methodname="ScatteredAreas" classname="PlayersWorlds.Maps.Maze.MazeGeneratorAreasTest" runstate="Runnable" seed="1046679582" result="Skipped" label="Ignored" start-time="2024-02-25T18:58:18.7801920Z" end-time="2024-02-25T18:58:18.7802380Z" duration="0.000045" asserts="0" />
                <test-case id="1-1281" name="ScatteredAreas(PlayersWorlds.Maps.Maze.HuntAndKillMazeGenerator,Cave,FullHeight)" fullname="PlayersWorlds.Maps.Maze.MazeGeneratorAreasTest.ScatteredAreas(PlayersWorlds.Maps.Maze.HuntAndKillMazeGenerator,Cave,FullHeight)" methodname="ScatteredAreas" classname="PlayersWorlds.Maps.Maze.MazeGeneratorAreasTest" runstate="Runnable" seed="61124647" result="Skipped" label="Ignored" start-time="2024-02-25T18:58:18.7802420Z" end-time="2024-02-25T18:58:18.7802880Z" duration="0.000046" asserts="0" />
                <test-case id="1-1282" name="ScatteredAreas(PlayersWorlds.Maps.Maze.HuntAndKillMazeGenerator,Cave,Full)" fullname="PlayersWorlds.Maps.Maze.MazeGeneratorAreasTest.ScatteredAreas(PlayersWorlds.Maps.Maze.HuntAndKillMazeGenerator,Cave,Full)" methodname="ScatteredAreas" classname="PlayersWorlds.Maps.Maze.MazeGeneratorAreasTest" runstate="Runnable" seed="261560611" result="Passed" start-time="2024-02-25T18:58:18.7802920Z" end-time="2024-02-25T18:58:18.8777950Z" duration="0.097503" asserts="20" />
                <test-case id="1-1283" name="ScatteredAreas(PlayersWorlds.Maps.Maze.HuntAndKillMazeGenerator,Hall,Quarter)" fullname="PlayersWorlds.Maps.Maze.MazeGeneratorAreasTest.ScatteredAreas(PlayersWorlds.Maps.Maze.HuntAndKillMazeGenerator,Hall,Quarter)" methodname="ScatteredAreas" classname="PlayersWorlds.Maps.Maze.MazeGeneratorAreasTest" runstate="Runnable" seed="1109814979" result="Skipped" label="Ignored" start-time="2024-02-25T18:58:18.8778090Z" end-time="2024-02-25T18:58:18.8779040Z" duration="0.000095" asserts="0" />
                <test-case id="1-1284" name="ScatteredAreas(PlayersWorlds.Maps.Maze.HuntAndKillMazeGenerator,Hall,Half)" fullname="PlayersWorlds.Maps.Maze.MazeGeneratorAreasTest.ScatteredAreas(PlayersWorlds.Maps.Maze.HuntAndKillMazeGenerator,Hall,Half)" methodname="ScatteredAreas" classname="PlayersWorlds.Maps.Maze.MazeGeneratorAreasTest" runstate="Runnable" seed="832022827" result="Skipped" label="Ignored" start-time="2024-02-25T18:58:18.8779100Z" end-time="2024-02-25T18:58:18.8779660Z" duration="0.000056" asserts="0" />
                <test-case id="1-1285" name="ScatteredAreas(PlayersWorlds.Maps.Maze.HuntAndKillMazeGenerator,Hall,ThreeQuarters)" fullname="PlayersWorlds.Maps.Maze.MazeGeneratorAreasTest.ScatteredAreas(PlayersWorlds.Maps.Maze.HuntAndKillMazeGenerator,Hall,ThreeQuarters)" methodname="ScatteredAreas" classname="PlayersWorlds.Maps.Maze.MazeGeneratorAreasTest" runstate="Runnable" seed="76137851" result="Skipped" label="Ignored" start-time="2024-02-25T18:58:18.8779710Z" end-time="2024-02-25T18:58:18.8780210Z" duration="0.000050" asserts="0" />
                <test-case id="1-1286" name="ScatteredAreas(PlayersWorlds.Maps.Maze.HuntAndKillMazeGenerator,Hall,NinetyPercent)" fullname="PlayersWorlds.Maps.Maze.MazeGeneratorAreasTest.ScatteredAreas(PlayersWorlds.Maps.Maze.HuntAndKillMazeGenerator,Hall,NinetyPercent)" methodname="ScatteredAreas" classname="PlayersWorlds.Maps.Maze.MazeGeneratorAreasTest" runstate="Runnable" seed="705415280" result="Skipped" label="Ignored" start-time="2024-02-25T18:58:18.8780250Z" end-time="2024-02-25T18:58:18.8780730Z" duration="0.000048" asserts="0" />
                <test-case id="1-1287" name="ScatteredAreas(PlayersWorlds.Maps.Maze.HuntAndKillMazeGenerator,Hall,FullWidth)" fullname="PlayersWorlds.Maps.Maze.MazeGeneratorAreasTest.ScatteredAreas(PlayersWorlds.Maps.Maze.HuntAndKillMazeGenerator,Hall,FullWidth)" methodname="ScatteredAreas" classname="PlayersWorlds.Maps.Maze.MazeGeneratorAreasTest" runstate="Runnable" seed="1992635147" result="Skipped" label="Ignored" start-time="2024-02-25T18:58:18.8780780Z" end-time="2024-02-25T18:58:18.8781240Z" duration="0.000046" asserts="0" />
                <test-case id="1-1288" name="ScatteredAreas(PlayersWorlds.Maps.Maze.HuntAndKillMazeGenerator,Hall,FullHeight)" fullname="PlayersWorlds.Maps.Maze.MazeGeneratorAreasTest.ScatteredAreas(PlayersWorlds.Maps.Maze.HuntAndKillMazeGenerator,Hall,FullHeight)" methodname="ScatteredAreas" classname="PlayersWorlds.Maps.Maze.MazeGeneratorAreasTest" runstate="Runnable" seed="1526617380" result="Skipped" label="Ignored" start-time="2024-02-25T18:58:18.8781280Z" end-time="2024-02-25T18:58:18.8781740Z" duration="0.000046" asserts="0" />
                <test-case id="1-1289" name="ScatteredAreas(PlayersWorlds.Maps.Maze.HuntAndKillMazeGenerator,Hall,Full)" fullname="PlayersWorlds.Maps.Maze.MazeGeneratorAreasTest.ScatteredAreas(PlayersWorlds.Maps.Maze.HuntAndKillMazeGenerator,Hall,Full)" methodname="ScatteredAreas" classname="PlayersWorlds.Maps.Maze.MazeGeneratorAreasTest" runstate="Runnable" seed="1669216588" result="Passed" start-time="2024-02-25T18:58:18.8781790Z" end-time="2024-02-25T18:58:18.9741260Z" duration="0.095947" asserts="20" />
                <test-case id="1-1290" name="ScatteredAreas(PlayersWorlds.Maps.Maze.HuntAndKillMazeGenerator,Fill,Quarter)" fullname="PlayersWorlds.Maps.Maze.MazeGeneratorAreasTest.ScatteredAreas(PlayersWorlds.Maps.Maze.HuntAndKillMazeGenerator,Fill,Quarter)" methodname="ScatteredAreas" classname="PlayersWorlds.Maps.Maze.MazeGeneratorAreasTest" runstate="Runnable" seed="771796055" result="Skipped" label="Ignored" start-time="2024-02-25T18:58:18.9741410Z" end-time="2024-02-25T18:58:18.9742380Z" duration="0.000097" asserts="0" />
                <test-case id="1-1291" name="ScatteredAreas(PlayersWorlds.Maps.Maze.HuntAndKillMazeGenerator,Fill,Half)" fullname="PlayersWorlds.Maps.Maze.MazeGeneratorAreasTest.ScatteredAreas(PlayersWorlds.Maps.Maze.HuntAndKillMazeGenerator,Fill,Half)" methodname="ScatteredAreas" classname="PlayersWorlds.Maps.Maze.MazeGeneratorAreasTest" runstate="Runnable" seed="2058877308" result="Skipped" label="Ignored" start-time="2024-02-25T18:58:18.9742430Z" end-time="2024-02-25T18:58:18.9743000Z" duration="0.000057" asserts="0" />
                <test-case id="1-1292" name="ScatteredAreas(PlayersWorlds.Maps.Maze.HuntAndKillMazeGenerator,Fill,ThreeQuarters)" fullname="PlayersWorlds.Maps.Maze.MazeGeneratorAreasTest.ScatteredAreas(PlayersWorlds.Maps.Maze.HuntAndKillMazeGenerator,Fill,ThreeQuarters)" methodname="ScatteredAreas" classname="PlayersWorlds.Maps.Maze.MazeGeneratorAreasTest" runstate="Runnable" seed="1285702203" result="Skipped" label="Ignored" start-time="2024-02-25T18:58:18.9743050Z" end-time="2024-02-25T18:58:18.9743550Z" duration="0.000050" asserts="0" />
                <test-case id="1-1293" name="ScatteredAreas(PlayersWorlds.Maps.Maze.HuntAndKillMazeGenerator,Fill,NinetyPercent)" fullname="PlayersWorlds.Maps.Maze.MazeGeneratorAreasTest.ScatteredAreas(PlayersWorlds.Maps.Maze.HuntAndKillMazeGenerator,Fill,NinetyPercent)" methodname="ScatteredAreas" classname="PlayersWorlds.Maps.Maze.MazeGeneratorAreasTest" runstate="Runnable" seed="1716124935" result="Skipped" label="Ignored" start-time="2024-02-25T18:58:18.9743590Z" end-time="2024-02-25T18:58:18.9744070Z" duration="0.000048" asserts="0" />
                <test-case id="1-1294" name="ScatteredAreas(PlayersWorlds.Maps.Maze.HuntAndKillMazeGenerator,Fill,FullWidth)" fullname="PlayersWorlds.Maps.Maze.MazeGeneratorAreasTest.ScatteredAreas(PlayersWorlds.Maps.Maze.HuntAndKillMazeGenerator,Fill,FullWidth)" methodname="ScatteredAreas" classname="PlayersWorlds.Maps.Maze.MazeGeneratorAreasTest" runstate="Runnable" seed="1428718038" result="Skipped" label="Ignored" start-time="2024-02-25T18:58:18.9744120Z" end-time="2024-02-25T18:58:18.9744580Z" duration="0.000047" asserts="0" />
                <test-case id="1-1295" name="ScatteredAreas(PlayersWorlds.Maps.Maze.HuntAndKillMazeGenerator,Fill,FullHeight)" fullname="PlayersWorlds.Maps.Maze.MazeGeneratorAreasTest.ScatteredAreas(PlayersWorlds.Maps.Maze.HuntAndKillMazeGenerator,Fill,FullHeight)" methodname="ScatteredAreas" classname="PlayersWorlds.Maps.Maze.MazeGeneratorAreasTest" runstate="Runnable" seed="910641775" result="Skipped" label="Ignored" start-time="2024-02-25T18:58:18.9744630Z" end-time="2024-02-25T18:58:18.9745090Z" duration="0.000046" asserts="0" />
                <test-case id="1-1296" name="ScatteredAreas(PlayersWorlds.Maps.Maze.HuntAndKillMazeGenerator,Fill,Full)" fullname="PlayersWorlds.Maps.Maze.MazeGeneratorAreasTest.ScatteredAreas(PlayersWorlds.Maps.Maze.HuntAndKillMazeGenerator,Fill,Full)" methodname="ScatteredAreas" classname="PlayersWorlds.Maps.Maze.MazeGeneratorAreasTest" runstate="Runnable" seed="55815385" result="Skipped" label="Ignored" start-time="2024-02-25T18:58:18.9745130Z" end-time="2024-02-25T18:58:18.9745580Z" duration="0.000045" asserts="0" />
                <test-case id="1-1297" name="ScatteredAreas(PlayersWorlds.Maps.Maze.RecursiveBacktrackerMazeGenerator,Cave,Quarter)" fullname="PlayersWorlds.Maps.Maze.MazeGeneratorAreasTest.ScatteredAreas(PlayersWorlds.Maps.Maze.RecursiveBacktrackerMazeGenerator,Cave,Quarter)" methodname="ScatteredAreas" classname="PlayersWorlds.Maps.Maze.MazeGeneratorAreasTest" runstate="Runnable" seed="887618393" result="Skipped" label="Ignored" start-time="2024-02-25T18:58:18.9745620Z" end-time="2024-02-25T18:58:18.9746080Z" duration="0.000046" asserts="0" />
                <test-case id="1-1298" name="ScatteredAreas(PlayersWorlds.Maps.Maze.RecursiveBacktrackerMazeGenerator,Cave,Half)" fullname="PlayersWorlds.Maps.Maze.MazeGeneratorAreasTest.ScatteredAreas(PlayersWorlds.Maps.Maze.RecursiveBacktrackerMazeGenerator,Cave,Half)" methodname="ScatteredAreas" classname="PlayersWorlds.Maps.Maze.MazeGeneratorAreasTest" runstate="Runnable" seed="644266906" result="Skipped" label="Ignored" start-time="2024-02-25T18:58:18.9746130Z" end-time="2024-02-25T18:58:18.9746580Z" duration="0.000046" asserts="0" />
                <test-case id="1-1299" name="ScatteredAreas(PlayersWorlds.Maps.Maze.RecursiveBacktrackerMazeGenerator,Cave,ThreeQuarters)" fullname="PlayersWorlds.Maps.Maze.MazeGeneratorAreasTest.ScatteredAreas(PlayersWorlds.Maps.Maze.RecursiveBacktrackerMazeGenerator,Cave,ThreeQuarters)" methodname="ScatteredAreas" classname="PlayersWorlds.Maps.Maze.MazeGeneratorAreasTest" runstate="Runnable" seed="1248125624" result="Skipped" label="Ignored" start-time="2024-02-25T18:58:18.9746630Z" end-time="2024-02-25T18:58:18.9747080Z" duration="0.000045" asserts="0" />
                <test-case id="1-1300" name="ScatteredAreas(PlayersWorlds.Maps.Maze.RecursiveBacktrackerMazeGenerator,Cave,NinetyPercent)" fullname="PlayersWorlds.Maps.Maze.MazeGeneratorAreasTest.ScatteredAreas(PlayersWorlds.Maps.Maze.RecursiveBacktrackerMazeGenerator,Cave,NinetyPercent)" methodname="ScatteredAreas" classname="PlayersWorlds.Maps.Maze.MazeGeneratorAreasTest" runstate="Runnable" seed="1764153661" result="Skipped" label="Ignored" start-time="2024-02-25T18:58:18.9747120Z" end-time="2024-02-25T18:58:18.9747580Z" duration="0.000046" asserts="0" />
                <test-case id="1-1301" name="ScatteredAreas(PlayersWorlds.Maps.Maze.RecursiveBacktrackerMazeGenerator,Cave,FullWidth)" fullname="PlayersWorlds.Maps.Maze.MazeGeneratorAreasTest.ScatteredAreas(PlayersWorlds.Maps.Maze.RecursiveBacktrackerMazeGenerator,Cave,FullWidth)" methodname="ScatteredAreas" classname="PlayersWorlds.Maps.Maze.MazeGeneratorAreasTest" runstate="Runnable" seed="1372010335" result="Skipped" label="Ignored" start-time="2024-02-25T18:58:18.9747620Z" end-time="2024-02-25T18:58:18.9748070Z" duration="0.000045" asserts="0" />
                <test-case id="1-1302" name="ScatteredAreas(PlayersWorlds.Maps.Maze.RecursiveBacktrackerMazeGenerator,Cave,FullHeight)" fullname="PlayersWorlds.Maps.Maze.MazeGeneratorAreasTest.ScatteredAreas(PlayersWorlds.Maps.Maze.RecursiveBacktrackerMazeGenerator,Cave,FullHeight)" methodname="ScatteredAreas" classname="PlayersWorlds.Maps.Maze.MazeGeneratorAreasTest" runstate="Runnable" seed="1805060118" result="Skipped" label="Ignored" start-time="2024-02-25T18:58:18.9748110Z" end-time="2024-02-25T18:58:18.9748560Z" duration="0.000045" asserts="0" />
                <test-case id="1-1303" name="ScatteredAreas(PlayersWorlds.Maps.Maze.RecursiveBacktrackerMazeGenerator,Cave,Full)" fullname="PlayersWorlds.Maps.Maze.MazeGeneratorAreasTest.ScatteredAreas(PlayersWorlds.Maps.Maze.RecursiveBacktrackerMazeGenerator,Cave,Full)" methodname="ScatteredAreas" classname="PlayersWorlds.Maps.Maze.MazeGeneratorAreasTest" runstate="Runnable" seed="1544588899" result="Passed" start-time="2024-02-25T18:58:18.9748610Z" end-time="2024-02-25T18:58:19.0784590Z" duration="0.103599" asserts="20" />
                <test-case id="1-1304" name="ScatteredAreas(PlayersWorlds.Maps.Maze.RecursiveBacktrackerMazeGenerator,Hall,Quarter)" fullname="PlayersWorlds.Maps.Maze.MazeGeneratorAreasTest.ScatteredAreas(PlayersWorlds.Maps.Maze.RecursiveBacktrackerMazeGenerator,Hall,Quarter)" methodname="ScatteredAreas" classname="PlayersWorlds.Maps.Maze.MazeGeneratorAreasTest" runstate="Runnable" seed="1617430937" result="Skipped" label="Ignored" start-time="2024-02-25T18:58:19.0784770Z" end-time="2024-02-25T18:58:19.0788440Z" duration="0.000367" asserts="0" />
                <test-case id="1-1305" name="ScatteredAreas(PlayersWorlds.Maps.Maze.RecursiveBacktrackerMazeGenerator,Hall,Half)" fullname="PlayersWorlds.Maps.Maze.MazeGeneratorAreasTest.ScatteredAreas(PlayersWorlds.Maps.Maze.RecursiveBacktrackerMazeGenerator,Hall,Half)" methodname="ScatteredAreas" classname="PlayersWorlds.Maps.Maze.MazeGeneratorAreasTest" runstate="Runnable" seed="1140294915" result="Skipped" label="Ignored" start-time="2024-02-25T18:58:19.0788510Z" end-time="2024-02-25T18:58:19.0789070Z" duration="0.000056" asserts="0" />
                <test-case id="1-1306" name="ScatteredAreas(PlayersWorlds.Maps.Maze.RecursiveBacktrackerMazeGenerator,Hall,ThreeQuarters)" fullname="PlayersWorlds.Maps.Maze.MazeGeneratorAreasTest.ScatteredAreas(PlayersWorlds.Maps.Maze.RecursiveBacktrackerMazeGenerator,Hall,ThreeQuarters)" methodname="ScatteredAreas" classname="PlayersWorlds.Maps.Maze.MazeGeneratorAreasTest" runstate="Runnable" seed="731602056" result="Skipped" label="Ignored" start-time="2024-02-25T18:58:19.0789120Z" end-time="2024-02-25T18:58:19.0789640Z" duration="0.000052" asserts="0" />
                <test-case id="1-1307" name="ScatteredAreas(PlayersWorlds.Maps.Maze.RecursiveBacktrackerMazeGenerator,Hall,NinetyPercent)" fullname="PlayersWorlds.Maps.Maze.MazeGeneratorAreasTest.ScatteredAreas(PlayersWorlds.Maps.Maze.RecursiveBacktrackerMazeGenerator,Hall,NinetyPercent)" methodname="ScatteredAreas" classname="PlayersWorlds.Maps.Maze.MazeGeneratorAreasTest" runstate="Runnable" seed="247432192" result="Skipped" label="Ignored" start-time="2024-02-25T18:58:19.0789680Z" end-time="2024-02-25T18:58:19.0790160Z" duration="0.000048" asserts="0" />
                <test-case id="1-1308" name="ScatteredAreas(PlayersWorlds.Maps.Maze.RecursiveBacktrackerMazeGenerator,Hall,FullWidth)" fullname="PlayersWorlds.Maps.Maze.MazeGeneratorAreasTest.ScatteredAreas(PlayersWorlds.Maps.Maze.RecursiveBacktrackerMazeGenerator,Hall,FullWidth)" methodname="ScatteredAreas" classname="PlayersWorlds.Maps.Maze.MazeGeneratorAreasTest" runstate="Runnable" seed="378045413" result="Skipped" label="Ignored" start-time="2024-02-25T18:58:19.0790200Z" end-time="2024-02-25T18:58:19.0790670Z" duration="0.000047" asserts="0" />
                <test-case id="1-1309" name="ScatteredAreas(PlayersWorlds.Maps.Maze.RecursiveBacktrackerMazeGenerator,Hall,FullHeight)" fullname="PlayersWorlds.Maps.Maze.MazeGeneratorAreasTest.ScatteredAreas(PlayersWorlds.Maps.Maze.RecursiveBacktrackerMazeGenerator,Hall,FullHeight)" methodname="ScatteredAreas" classname="PlayersWorlds.Maps.Maze.MazeGeneratorAreasTest" runstate="Runnable" seed="1379308392" result="Skipped" label="Ignored" start-time="2024-02-25T18:58:19.0790710Z" end-time="2024-02-25T18:58:19.0791160Z" duration="0.000045" asserts="0" />
                <test-case id="1-1310" name="ScatteredAreas(PlayersWorlds.Maps.Maze.RecursiveBacktrackerMazeGenerator,Hall,Full)" fullname="PlayersWorlds.Maps.Maze.MazeGeneratorAreasTest.ScatteredAreas(PlayersWorlds.Maps.Maze.RecursiveBacktrackerMazeGenerator,Hall,Full)" methodname="ScatteredAreas" classname="PlayersWorlds.Maps.Maze.MazeGeneratorAreasTest" runstate="Runnable" seed="539720379" result="Passed" start-time="2024-02-25T18:58:19.0791210Z" end-time="2024-02-25T18:58:19.1789380Z" duration="0.099818" asserts="20" />
                <test-case id="1-1311" name="ScatteredAreas(PlayersWorlds.Maps.Maze.RecursiveBacktrackerMazeGenerator,Fill,Quarter)" fullname="PlayersWorlds.Maps.Maze.MazeGeneratorAreasTest.ScatteredAreas(PlayersWorlds.Maps.Maze.RecursiveBacktrackerMazeGenerator,Fill,Quarter)" methodname="ScatteredAreas" classname="PlayersWorlds.Maps.Maze.MazeGeneratorAreasTest" runstate="Runnable" seed="847384551" result="Skipped" label="Ignored" start-time="2024-02-25T18:58:19.1789590Z" end-time="2024-02-25T18:58:19.1790780Z" duration="0.000118" asserts="0" />
                <test-case id="1-1312" name="ScatteredAreas(PlayersWorlds.Maps.Maze.RecursiveBacktrackerMazeGenerator,Fill,Half)" fullname="PlayersWorlds.Maps.Maze.MazeGeneratorAreasTest.ScatteredAreas(PlayersWorlds.Maps.Maze.RecursiveBacktrackerMazeGenerator,Fill,Half)" methodname="ScatteredAreas" classname="PlayersWorlds.Maps.Maze.MazeGeneratorAreasTest" runstate="Runnable" seed="885809307" result="Skipped" label="Ignored" start-time="2024-02-25T18:58:19.1790840Z" end-time="2024-02-25T18:58:19.1791390Z" duration="0.000056" asserts="0" />
                <test-case id="1-1313" name="ScatteredAreas(PlayersWorlds.Maps.Maze.RecursiveBacktrackerMazeGenerator,Fill,ThreeQuarters)" fullname="PlayersWorlds.Maps.Maze.MazeGeneratorAreasTest.ScatteredAreas(PlayersWorlds.Maps.Maze.RecursiveBacktrackerMazeGenerator,Fill,ThreeQuarters)" methodname="ScatteredAreas" classname="PlayersWorlds.Maps.Maze.MazeGeneratorAreasTest" runstate="Runnable" seed="82652478" result="Skipped" label="Ignored" start-time="2024-02-25T18:58:19.1791440Z" end-time="2024-02-25T18:58:19.1791940Z" duration="0.000050" asserts="0" />
                <test-case id="1-1314" name="ScatteredAreas(PlayersWorlds.Maps.Maze.RecursiveBacktrackerMazeGenerator,Fill,NinetyPercent)" fullname="PlayersWorlds.Maps.Maze.MazeGeneratorAreasTest.ScatteredAreas(PlayersWorlds.Maps.Maze.RecursiveBacktrackerMazeGenerator,Fill,NinetyPercent)" methodname="ScatteredAreas" classname="PlayersWorlds.Maps.Maze.MazeGeneratorAreasTest" runstate="Runnable" seed="2120165703" result="Skipped" label="Ignored" start-time="2024-02-25T18:58:19.1791990Z" end-time="2024-02-25T18:58:19.1792480Z" duration="0.000049" asserts="0" />
                <test-case id="1-1315" name="ScatteredAreas(PlayersWorlds.Maps.Maze.RecursiveBacktrackerMazeGenerator,Fill,FullWidth)" fullname="PlayersWorlds.Maps.Maze.MazeGeneratorAreasTest.ScatteredAreas(PlayersWorlds.Maps.Maze.RecursiveBacktrackerMazeGenerator,Fill,FullWidth)" methodname="ScatteredAreas" classname="PlayersWorlds.Maps.Maze.MazeGeneratorAreasTest" runstate="Runnable" seed="538971183" result="Skipped" label="Ignored" start-time="2024-02-25T18:58:19.1792520Z" end-time="2024-02-25T18:58:19.1793100Z" duration="0.000057" asserts="0" />
                <test-case id="1-1316" name="ScatteredAreas(PlayersWorlds.Maps.Maze.RecursiveBacktrackerMazeGenerator,Fill,FullHeight)" fullname="PlayersWorlds.Maps.Maze.MazeGeneratorAreasTest.ScatteredAreas(PlayersWorlds.Maps.Maze.RecursiveBacktrackerMazeGenerator,Fill,FullHeight)" methodname="ScatteredAreas" classname="PlayersWorlds.Maps.Maze.MazeGeneratorAreasTest" runstate="Runnable" seed="698557449" result="Skipped" label="Ignored" start-time="2024-02-25T18:58:19.1793150Z" end-time="2024-02-25T18:58:19.1793640Z" duration="0.000050" asserts="0" />
                <test-case id="1-1317" name="ScatteredAreas(PlayersWorlds.Maps.Maze.RecursiveBacktrackerMazeGenerator,Fill,Full)" fullname="PlayersWorlds.Maps.Maze.MazeGeneratorAreasTest.ScatteredAreas(PlayersWorlds.Maps.Maze.RecursiveBacktrackerMazeGenerator,Fill,Full)" methodname="ScatteredAreas" classname="PlayersWorlds.Maps.Maze.MazeGeneratorAreasTest" runstate="Runnable" seed="1466213499" result="Skipped" label="Ignored" start-time="2024-02-25T18:58:19.1793690Z" end-time="2024-02-25T18:58:19.1794150Z" duration="0.000046" asserts="0" />
                <test-case id="1-1318" name="ScatteredAreas(PlayersWorlds.Maps.Maze.SidewinderMazeGenerator,Cave,Quarter)" fullname="PlayersWorlds.Maps.Maze.MazeGeneratorAreasTest.ScatteredAreas(PlayersWorlds.Maps.Maze.SidewinderMazeGenerator,Cave,Quarter)" methodname="ScatteredAreas" classname="PlayersWorlds.Maps.Maze.MazeGeneratorAreasTest" runstate="Runnable" seed="631614382" result="Skipped" label="Ignored" start-time="2024-02-25T18:58:19.1794190Z" end-time="2024-02-25T18:58:19.1794650Z" duration="0.000046" asserts="0" />
                <test-case id="1-1319" name="ScatteredAreas(PlayersWorlds.Maps.Maze.SidewinderMazeGenerator,Cave,Half)" fullname="PlayersWorlds.Maps.Maze.MazeGeneratorAreasTest.ScatteredAreas(PlayersWorlds.Maps.Maze.SidewinderMazeGenerator,Cave,Half)" methodname="ScatteredAreas" classname="PlayersWorlds.Maps.Maze.MazeGeneratorAreasTest" runstate="Runnable" seed="814922918" result="Skipped" label="Ignored" start-time="2024-02-25T18:58:19.1794690Z" end-time="2024-02-25T18:58:19.1795220Z" duration="0.000053" asserts="0" />
                <test-case id="1-1320" name="ScatteredAreas(PlayersWorlds.Maps.Maze.SidewinderMazeGenerator,Cave,ThreeQuarters)" fullname="PlayersWorlds.Maps.Maze.MazeGeneratorAreasTest.ScatteredAreas(PlayersWorlds.Maps.Maze.SidewinderMazeGenerator,Cave,ThreeQuarters)" methodname="ScatteredAreas" classname="PlayersWorlds.Maps.Maze.MazeGeneratorAreasTest" runstate="Runnable" seed="1071486622" result="Skipped" label="Ignored" start-time="2024-02-25T18:58:19.1795260Z" end-time="2024-02-25T18:58:19.1795720Z" duration="0.000046" asserts="0" />
                <test-case id="1-1321" name="ScatteredAreas(PlayersWorlds.Maps.Maze.SidewinderMazeGenerator,Cave,NinetyPercent)" fullname="PlayersWorlds.Maps.Maze.MazeGeneratorAreasTest.ScatteredAreas(PlayersWorlds.Maps.Maze.SidewinderMazeGenerator,Cave,NinetyPercent)" methodname="ScatteredAreas" classname="PlayersWorlds.Maps.Maze.MazeGeneratorAreasTest" runstate="Runnable" seed="805031694" result="Skipped" label="Ignored" start-time="2024-02-25T18:58:19.1795760Z" end-time="2024-02-25T18:58:19.1796210Z" duration="0.000045" asserts="0" />
                <test-case id="1-1322" name="ScatteredAreas(PlayersWorlds.Maps.Maze.SidewinderMazeGenerator,Cave,FullWidth)" fullname="PlayersWorlds.Maps.Maze.MazeGeneratorAreasTest.ScatteredAreas(PlayersWorlds.Maps.Maze.SidewinderMazeGenerator,Cave,FullWidth)" methodname="ScatteredAreas" classname="PlayersWorlds.Maps.Maze.MazeGeneratorAreasTest" runstate="Runnable" seed="1674941099" result="Skipped" label="Ignored" start-time="2024-02-25T18:58:19.1796250Z" end-time="2024-02-25T18:58:19.1796700Z" duration="0.000045" asserts="0" />
                <test-case id="1-1323" name="ScatteredAreas(PlayersWorlds.Maps.Maze.SidewinderMazeGenerator,Cave,FullHeight)" fullname="PlayersWorlds.Maps.Maze.MazeGeneratorAreasTest.ScatteredAreas(PlayersWorlds.Maps.Maze.SidewinderMazeGenerator,Cave,FullHeight)" methodname="ScatteredAreas" classname="PlayersWorlds.Maps.Maze.MazeGeneratorAreasTest" runstate="Runnable" seed="1379981012" result="Skipped" label="Ignored" start-time="2024-02-25T18:58:19.1796740Z" end-time="2024-02-25T18:58:19.1797180Z" duration="0.000044" asserts="0" />
                <test-case id="1-1324" name="ScatteredAreas(PlayersWorlds.Maps.Maze.SidewinderMazeGenerator,Cave,Full)" fullname="PlayersWorlds.Maps.Maze.MazeGeneratorAreasTest.ScatteredAreas(PlayersWorlds.Maps.Maze.SidewinderMazeGenerator,Cave,Full)" methodname="ScatteredAreas" classname="PlayersWorlds.Maps.Maze.MazeGeneratorAreasTest" runstate="Runnable" seed="2023159062" result="Passed" start-time="2024-02-25T18:58:19.1797220Z" end-time="2024-02-25T18:58:19.3236400Z" duration="0.143919" asserts="20" />
                <test-case id="1-1325" name="ScatteredAreas(PlayersWorlds.Maps.Maze.SidewinderMazeGenerator,Hall,Quarter)" fullname="PlayersWorlds.Maps.Maze.MazeGeneratorAreasTest.ScatteredAreas(PlayersWorlds.Maps.Maze.SidewinderMazeGenerator,Hall,Quarter)" methodname="ScatteredAreas" classname="PlayersWorlds.Maps.Maze.MazeGeneratorAreasTest" runstate="Runnable" seed="1902695093" result="Skipped" label="Ignored" start-time="2024-02-25T18:58:19.3236620Z" end-time="2024-02-25T18:58:19.3237890Z" duration="0.000128" asserts="0" />
                <test-case id="1-1326" name="ScatteredAreas(PlayersWorlds.Maps.Maze.SidewinderMazeGenerator,Hall,Half)" fullname="PlayersWorlds.Maps.Maze.MazeGeneratorAreasTest.ScatteredAreas(PlayersWorlds.Maps.Maze.SidewinderMazeGenerator,Hall,Half)" methodname="ScatteredAreas" classname="PlayersWorlds.Maps.Maze.MazeGeneratorAreasTest" runstate="Runnable" seed="1656418917" result="Skipped" label="Ignored" start-time="2024-02-25T18:58:19.3237950Z" end-time="2024-02-25T18:58:19.3238520Z" duration="0.000056" asserts="0" />
                <test-case id="1-1327" name="ScatteredAreas(PlayersWorlds.Maps.Maze.SidewinderMazeGenerator,Hall,ThreeQuarters)" fullname="PlayersWorlds.Maps.Maze.MazeGeneratorAreasTest.ScatteredAreas(PlayersWorlds.Maps.Maze.SidewinderMazeGenerator,Hall,ThreeQuarters)" methodname="ScatteredAreas" classname="PlayersWorlds.Maps.Maze.MazeGeneratorAreasTest" runstate="Runnable" seed="1384558860" result="Skipped" label="Ignored" start-time="2024-02-25T18:58:19.3238570Z" end-time="2024-02-25T18:58:19.3239070Z" duration="0.000050" asserts="0" />
                <test-case id="1-1328" name="ScatteredAreas(PlayersWorlds.Maps.Maze.SidewinderMazeGenerator,Hall,NinetyPercent)" fullname="PlayersWorlds.Maps.Maze.MazeGeneratorAreasTest.ScatteredAreas(PlayersWorlds.Maps.Maze.SidewinderMazeGenerator,Hall,NinetyPercent)" methodname="ScatteredAreas" classname="PlayersWorlds.Maps.Maze.MazeGeneratorAreasTest" runstate="Runnable" seed="907335065" result="Skipped" label="Ignored" start-time="2024-02-25T18:58:19.3239110Z" end-time="2024-02-25T18:58:19.3239600Z" duration="0.000049" asserts="0" />
                <test-case id="1-1329" name="ScatteredAreas(PlayersWorlds.Maps.Maze.SidewinderMazeGenerator,Hall,FullWidth)" fullname="PlayersWorlds.Maps.Maze.MazeGeneratorAreasTest.ScatteredAreas(PlayersWorlds.Maps.Maze.SidewinderMazeGenerator,Hall,FullWidth)" methodname="ScatteredAreas" classname="PlayersWorlds.Maps.Maze.MazeGeneratorAreasTest" runstate="Runnable" seed="1023874493" result="Skipped" label="Ignored" start-time="2024-02-25T18:58:19.3239650Z" end-time="2024-02-25T18:58:19.3240110Z" duration="0.000047" asserts="0" />
                <test-case id="1-1330" name="ScatteredAreas(PlayersWorlds.Maps.Maze.SidewinderMazeGenerator,Hall,FullHeight)" fullname="PlayersWorlds.Maps.Maze.MazeGeneratorAreasTest.ScatteredAreas(PlayersWorlds.Maps.Maze.SidewinderMazeGenerator,Hall,FullHeight)" methodname="ScatteredAreas" classname="PlayersWorlds.Maps.Maze.MazeGeneratorAreasTest" runstate="Runnable" seed="594494250" result="Skipped" label="Ignored" start-time="2024-02-25T18:58:19.3240150Z" end-time="2024-02-25T18:58:19.3240610Z" duration="0.000046" asserts="0" />
                <test-case id="1-1331" name="ScatteredAreas(PlayersWorlds.Maps.Maze.SidewinderMazeGenerator,Hall,Full)" fullname="PlayersWorlds.Maps.Maze.MazeGeneratorAreasTest.ScatteredAreas(PlayersWorlds.Maps.Maze.SidewinderMazeGenerator,Hall,Full)" methodname="ScatteredAreas" classname="PlayersWorlds.Maps.Maze.MazeGeneratorAreasTest" runstate="Runnable" seed="431113952" result="Passed" start-time="2024-02-25T18:58:19.3240670Z" end-time="2024-02-25T18:58:19.4634680Z" duration="0.139402" asserts="20" />
                <test-case id="1-1332" name="ScatteredAreas(PlayersWorlds.Maps.Maze.SidewinderMazeGenerator,Fill,Quarter)" fullname="PlayersWorlds.Maps.Maze.MazeGeneratorAreasTest.ScatteredAreas(PlayersWorlds.Maps.Maze.SidewinderMazeGenerator,Fill,Quarter)" methodname="ScatteredAreas" classname="PlayersWorlds.Maps.Maze.MazeGeneratorAreasTest" runstate="Runnable" seed="1247256265" result="Skipped" label="Ignored" start-time="2024-02-25T18:58:19.4634890Z" end-time="2024-02-25T18:58:19.4636230Z" duration="0.000134" asserts="0" />
                <test-case id="1-1333" name="ScatteredAreas(PlayersWorlds.Maps.Maze.SidewinderMazeGenerator,Fill,Half)" fullname="PlayersWorlds.Maps.Maze.MazeGeneratorAreasTest.ScatteredAreas(PlayersWorlds.Maps.Maze.SidewinderMazeGenerator,Fill,Half)" methodname="ScatteredAreas" classname="PlayersWorlds.Maps.Maze.MazeGeneratorAreasTest" runstate="Runnable" seed="1468804738" result="Skipped" label="Ignored" start-time="2024-02-25T18:58:19.4636290Z" end-time="2024-02-25T18:58:19.4636860Z" duration="0.000057" asserts="0" />
                <test-case id="1-1334" name="ScatteredAreas(PlayersWorlds.Maps.Maze.SidewinderMazeGenerator,Fill,ThreeQuarters)" fullname="PlayersWorlds.Maps.Maze.MazeGeneratorAreasTest.ScatteredAreas(PlayersWorlds.Maps.Maze.SidewinderMazeGenerator,Fill,ThreeQuarters)" methodname="ScatteredAreas" classname="PlayersWorlds.Maps.Maze.MazeGeneratorAreasTest" runstate="Runnable" seed="1342650892" result="Skipped" label="Ignored" start-time="2024-02-25T18:58:19.4636910Z" end-time="2024-02-25T18:58:19.4637420Z" duration="0.000051" asserts="0" />
                <test-case id="1-1335" name="ScatteredAreas(PlayersWorlds.Maps.Maze.SidewinderMazeGenerator,Fill,NinetyPercent)" fullname="PlayersWorlds.Maps.Maze.MazeGeneratorAreasTest.ScatteredAreas(PlayersWorlds.Maps.Maze.SidewinderMazeGenerator,Fill,NinetyPercent)" methodname="ScatteredAreas" classname="PlayersWorlds.Maps.Maze.MazeGeneratorAreasTest" runstate="Runnable" seed="1822152894" result="Skipped" label="Ignored" start-time="2024-02-25T18:58:19.4637460Z" end-time="2024-02-25T18:58:19.4637940Z" duration="0.000048" asserts="0" />
                <test-case id="1-1336" name="ScatteredAreas(PlayersWorlds.Maps.Maze.SidewinderMazeGenerator,Fill,FullWidth)" fullname="PlayersWorlds.Maps.Maze.MazeGeneratorAreasTest.ScatteredAreas(PlayersWorlds.Maps.Maze.SidewinderMazeGenerator,Fill,FullWidth)" methodname="ScatteredAreas" classname="PlayersWorlds.Maps.Maze.MazeGeneratorAreasTest" runstate="Runnable" seed="403548176" result="Skipped" label="Ignored" start-time="2024-02-25T18:58:19.4637980Z" end-time="2024-02-25T18:58:19.4638430Z" duration="0.000045" asserts="0" />
                <test-case id="1-1337" name="ScatteredAreas(PlayersWorlds.Maps.Maze.SidewinderMazeGenerator,Fill,FullHeight)" fullname="PlayersWorlds.Maps.Maze.MazeGeneratorAreasTest.ScatteredAreas(PlayersWorlds.Maps.Maze.SidewinderMazeGenerator,Fill,FullHeight)" methodname="ScatteredAreas" classname="PlayersWorlds.Maps.Maze.MazeGeneratorAreasTest" runstate="Runnable" seed="864455359" result="Skipped" label="Ignored" start-time="2024-02-25T18:58:19.4638470Z" end-time="2024-02-25T18:58:19.4638930Z" duration="0.000045" asserts="0" />
                <test-case id="1-1338" name="ScatteredAreas(PlayersWorlds.Maps.Maze.SidewinderMazeGenerator,Fill,Full)" fullname="PlayersWorlds.Maps.Maze.MazeGeneratorAreasTest.ScatteredAreas(PlayersWorlds.Maps.Maze.SidewinderMazeGenerator,Fill,Full)" methodname="ScatteredAreas" classname="PlayersWorlds.Maps.Maze.MazeGeneratorAreasTest" runstate="Runnable" seed="1639867689" result="Skipped" label="Ignored" start-time="2024-02-25T18:58:19.4638970Z" end-time="2024-02-25T18:58:19.4639430Z" duration="0.000046" asserts="0" />
                <test-case id="1-1339" name="ScatteredAreas(PlayersWorlds.Maps.Maze.WilsonsMazeGenerator,Cave,Quarter)" fullname="PlayersWorlds.Maps.Maze.MazeGeneratorAreasTest.ScatteredAreas(PlayersWorlds.Maps.Maze.WilsonsMazeGenerator,Cave,Quarter)" methodname="ScatteredAreas" classname="PlayersWorlds.Maps.Maze.MazeGeneratorAreasTest" runstate="Runnable" seed="1839211559" result="Passed" start-time="2024-02-25T18:58:19.4639470Z" end-time="2024-02-25T18:58:19.5908580Z" duration="0.126911" asserts="20" />
                <test-case id="1-1340" name="ScatteredAreas(PlayersWorlds.Maps.Maze.WilsonsMazeGenerator,Cave,Half)" fullname="PlayersWorlds.Maps.Maze.MazeGeneratorAreasTest.ScatteredAreas(PlayersWorlds.Maps.Maze.WilsonsMazeGenerator,Cave,Half)" methodname="ScatteredAreas" classname="PlayersWorlds.Maps.Maze.MazeGeneratorAreasTest" runstate="Runnable" seed="1492019442" result="Passed" start-time="2024-02-25T18:58:19.5908730Z" end-time="2024-02-25T18:58:19.7103040Z" duration="0.119431" asserts="20" />
                <test-case id="1-1341" name="ScatteredAreas(PlayersWorlds.Maps.Maze.WilsonsMazeGenerator,Cave,ThreeQuarters)" fullname="PlayersWorlds.Maps.Maze.MazeGeneratorAreasTest.ScatteredAreas(PlayersWorlds.Maps.Maze.WilsonsMazeGenerator,Cave,ThreeQuarters)" methodname="ScatteredAreas" classname="PlayersWorlds.Maps.Maze.MazeGeneratorAreasTest" runstate="Runnable" seed="457983088" result="Passed" start-time="2024-02-25T18:58:19.7103180Z" end-time="2024-02-25T18:58:19.8478020Z" duration="0.137484" asserts="20" />
                <test-case id="1-1342" name="ScatteredAreas(PlayersWorlds.Maps.Maze.WilsonsMazeGenerator,Cave,NinetyPercent)" fullname="PlayersWorlds.Maps.Maze.MazeGeneratorAreasTest.ScatteredAreas(PlayersWorlds.Maps.Maze.WilsonsMazeGenerator,Cave,NinetyPercent)" methodname="ScatteredAreas" classname="PlayersWorlds.Maps.Maze.MazeGeneratorAreasTest" runstate="Runnable" seed="1614589734" result="Passed" start-time="2024-02-25T18:58:19.8478170Z" end-time="2024-02-25T18:58:19.9783670Z" duration="0.130550" asserts="20" />
                <test-case id="1-1343" name="ScatteredAreas(PlayersWorlds.Maps.Maze.WilsonsMazeGenerator,Cave,FullWidth)" fullname="PlayersWorlds.Maps.Maze.MazeGeneratorAreasTest.ScatteredAreas(PlayersWorlds.Maps.Maze.WilsonsMazeGenerator,Cave,FullWidth)" methodname="ScatteredAreas" classname="PlayersWorlds.Maps.Maze.MazeGeneratorAreasTest" runstate="Runnable" seed="147308988" result="Passed" start-time="2024-02-25T18:58:19.9783820Z" end-time="2024-02-25T18:58:20.1096900Z" duration="0.131309" asserts="20" />
                <test-case id="1-1344" name="ScatteredAreas(PlayersWorlds.Maps.Maze.WilsonsMazeGenerator,Cave,FullHeight)" fullname="PlayersWorlds.Maps.Maze.MazeGeneratorAreasTest.ScatteredAreas(PlayersWorlds.Maps.Maze.WilsonsMazeGenerator,Cave,FullHeight)" methodname="ScatteredAreas" classname="PlayersWorlds.Maps.Maze.MazeGeneratorAreasTest" runstate="Runnable" seed="1129496209" result="Passed" start-time="2024-02-25T18:58:20.1097060Z" end-time="2024-02-25T18:58:20.2347400Z" duration="0.125034" asserts="20" />
                <test-case id="1-1345" name="ScatteredAreas(PlayersWorlds.Maps.Maze.WilsonsMazeGenerator,Cave,Full)" fullname="PlayersWorlds.Maps.Maze.MazeGeneratorAreasTest.ScatteredAreas(PlayersWorlds.Maps.Maze.WilsonsMazeGenerator,Cave,Full)" methodname="ScatteredAreas" classname="PlayersWorlds.Maps.Maze.MazeGeneratorAreasTest" runstate="Runnable" seed="2071895151" result="Passed" start-time="2024-02-25T18:58:20.2347600Z" end-time="2024-02-25T18:58:20.3596620Z" duration="0.124902" asserts="20" />
                <test-case id="1-1346" name="ScatteredAreas(PlayersWorlds.Maps.Maze.WilsonsMazeGenerator,Hall,Quarter)" fullname="PlayersWorlds.Maps.Maze.MazeGeneratorAreasTest.ScatteredAreas(PlayersWorlds.Maps.Maze.WilsonsMazeGenerator,Hall,Quarter)" methodname="ScatteredAreas" classname="PlayersWorlds.Maps.Maze.MazeGeneratorAreasTest" runstate="Runnable" seed="1173068001" result="Passed" start-time="2024-02-25T18:58:20.3596850Z" end-time="2024-02-25T18:58:20.4820230Z" duration="0.122339" asserts="20" />
                <test-case id="1-1347" name="ScatteredAreas(PlayersWorlds.Maps.Maze.WilsonsMazeGenerator,Hall,Half)" fullname="PlayersWorlds.Maps.Maze.MazeGeneratorAreasTest.ScatteredAreas(PlayersWorlds.Maps.Maze.WilsonsMazeGenerator,Hall,Half)" methodname="ScatteredAreas" classname="PlayersWorlds.Maps.Maze.MazeGeneratorAreasTest" runstate="Runnable" seed="1203049725" result="Passed" start-time="2024-02-25T18:58:20.4820430Z" end-time="2024-02-25T18:58:20.6194090Z" duration="0.137366" asserts="20" />
                <test-case id="1-1348" name="ScatteredAreas(PlayersWorlds.Maps.Maze.WilsonsMazeGenerator,Hall,ThreeQuarters)" fullname="PlayersWorlds.Maps.Maze.MazeGeneratorAreasTest.ScatteredAreas(PlayersWorlds.Maps.Maze.WilsonsMazeGenerator,Hall,ThreeQuarters)" methodname="ScatteredAreas" classname="PlayersWorlds.Maps.Maze.MazeGeneratorAreasTest" runstate="Runnable" seed="1743442879" result="Passed" start-time="2024-02-25T18:58:20.6194260Z" end-time="2024-02-25T18:58:20.7887350Z" duration="0.169309" asserts="20" />
                <test-case id="1-1349" name="ScatteredAreas(PlayersWorlds.Maps.Maze.WilsonsMazeGenerator,Hall,NinetyPercent)" fullname="PlayersWorlds.Maps.Maze.MazeGeneratorAreasTest.ScatteredAreas(PlayersWorlds.Maps.Maze.WilsonsMazeGenerator,Hall,NinetyPercent)" methodname="ScatteredAreas" classname="PlayersWorlds.Maps.Maze.MazeGeneratorAreasTest" runstate="Runnable" seed="889746855" result="Passed" start-time="2024-02-25T18:58:20.7887580Z" end-time="2024-02-25T18:58:20.9190400Z" duration="0.130283" asserts="20" />
                <test-case id="1-1350" name="ScatteredAreas(PlayersWorlds.Maps.Maze.WilsonsMazeGenerator,Hall,FullWidth)" fullname="PlayersWorlds.Maps.Maze.MazeGeneratorAreasTest.ScatteredAreas(PlayersWorlds.Maps.Maze.WilsonsMazeGenerator,Hall,FullWidth)" methodname="ScatteredAreas" classname="PlayersWorlds.Maps.Maze.MazeGeneratorAreasTest" runstate="Runnable" seed="212084326" result="Passed" start-time="2024-02-25T18:58:20.9190590Z" end-time="2024-02-25T18:58:21.0407140Z" duration="0.121656" asserts="20" />
                <test-case id="1-1351" name="ScatteredAreas(PlayersWorlds.Maps.Maze.WilsonsMazeGenerator,Hall,FullHeight)" fullname="PlayersWorlds.Maps.Maze.MazeGeneratorAreasTest.ScatteredAreas(PlayersWorlds.Maps.Maze.WilsonsMazeGenerator,Hall,FullHeight)" methodname="ScatteredAreas" classname="PlayersWorlds.Maps.Maze.MazeGeneratorAreasTest" runstate="Runnable" seed="737085533" result="Passed" start-time="2024-02-25T18:58:21.0407290Z" end-time="2024-02-25T18:58:21.1623840Z" duration="0.121655" asserts="20" />
                <test-case id="1-1352" name="ScatteredAreas(PlayersWorlds.Maps.Maze.WilsonsMazeGenerator,Hall,Full)" fullname="PlayersWorlds.Maps.Maze.MazeGeneratorAreasTest.ScatteredAreas(PlayersWorlds.Maps.Maze.WilsonsMazeGenerator,Hall,Full)" methodname="ScatteredAreas" classname="PlayersWorlds.Maps.Maze.MazeGeneratorAreasTest" runstate="Runnable" seed="256004011" result="Passed" start-time="2024-02-25T18:58:21.1624090Z" end-time="2024-02-25T18:58:21.2934730Z" duration="0.131065" asserts="20" />
                <test-case id="1-1353" name="ScatteredAreas(PlayersWorlds.Maps.Maze.WilsonsMazeGenerator,Fill,Quarter)" fullname="PlayersWorlds.Maps.Maze.MazeGeneratorAreasTest.ScatteredAreas(PlayersWorlds.Maps.Maze.WilsonsMazeGenerator,Fill,Quarter)" methodname="ScatteredAreas" classname="PlayersWorlds.Maps.Maze.MazeGeneratorAreasTest" runstate="Runnable" seed="1976827635" result="Skipped" label="Ignored" start-time="2024-02-25T18:58:21.2935150Z" end-time="2024-02-25T18:58:21.2937540Z" duration="0.000239" asserts="0" />
                <test-case id="1-1354" name="ScatteredAreas(PlayersWorlds.Maps.Maze.WilsonsMazeGenerator,Fill,Half)" fullname="PlayersWorlds.Maps.Maze.MazeGeneratorAreasTest.ScatteredAreas(PlayersWorlds.Maps.Maze.WilsonsMazeGenerator,Fill,Half)" methodname="ScatteredAreas" classname="PlayersWorlds.Maps.Maze.MazeGeneratorAreasTest" runstate="Runnable" seed="176639002" result="Skipped" label="Ignored" start-time="2024-02-25T18:58:21.2937610Z" end-time="2024-02-25T18:58:21.2938270Z" duration="0.000065" asserts="0" />
                <test-case id="1-1355" name="ScatteredAreas(PlayersWorlds.Maps.Maze.WilsonsMazeGenerator,Fill,ThreeQuarters)" fullname="PlayersWorlds.Maps.Maze.MazeGeneratorAreasTest.ScatteredAreas(PlayersWorlds.Maps.Maze.WilsonsMazeGenerator,Fill,ThreeQuarters)" methodname="ScatteredAreas" classname="PlayersWorlds.Maps.Maze.MazeGeneratorAreasTest" runstate="Runnable" seed="959121967" result="Skipped" label="Ignored" start-time="2024-02-25T18:58:21.2938320Z" end-time="2024-02-25T18:58:21.2938860Z" duration="0.000054" asserts="0" />
                <test-case id="1-1356" name="ScatteredAreas(PlayersWorlds.Maps.Maze.WilsonsMazeGenerator,Fill,NinetyPercent)" fullname="PlayersWorlds.Maps.Maze.MazeGeneratorAreasTest.ScatteredAreas(PlayersWorlds.Maps.Maze.WilsonsMazeGenerator,Fill,NinetyPercent)" methodname="ScatteredAreas" classname="PlayersWorlds.Maps.Maze.MazeGeneratorAreasTest" runstate="Runnable" seed="1844552883" result="Skipped" label="Ignored" start-time="2024-02-25T18:58:21.2938900Z" end-time="2024-02-25T18:58:21.2939410Z" duration="0.000051" asserts="0" />
                <test-case id="1-1357" name="ScatteredAreas(PlayersWorlds.Maps.Maze.WilsonsMazeGenerator,Fill,FullWidth)" fullname="PlayersWorlds.Maps.Maze.MazeGeneratorAreasTest.ScatteredAreas(PlayersWorlds.Maps.Maze.WilsonsMazeGenerator,Fill,FullWidth)" methodname="ScatteredAreas" classname="PlayersWorlds.Maps.Maze.MazeGeneratorAreasTest" runstate="Runnable" seed="425079106" result="Skipped" label="Ignored" start-time="2024-02-25T18:58:21.2939460Z" end-time="2024-02-25T18:58:21.2939930Z" duration="0.000048" asserts="0" />
                <test-case id="1-1358" name="ScatteredAreas(PlayersWorlds.Maps.Maze.WilsonsMazeGenerator,Fill,FullHeight)" fullname="PlayersWorlds.Maps.Maze.MazeGeneratorAreasTest.ScatteredAreas(PlayersWorlds.Maps.Maze.WilsonsMazeGenerator,Fill,FullHeight)" methodname="ScatteredAreas" classname="PlayersWorlds.Maps.Maze.MazeGeneratorAreasTest" runstate="Runnable" seed="1668913484" result="Skipped" label="Ignored" start-time="2024-02-25T18:58:21.2939980Z" end-time="2024-02-25T18:58:21.2940440Z" duration="0.000047" asserts="0" />
                <test-case id="1-1359" name="ScatteredAreas(PlayersWorlds.Maps.Maze.WilsonsMazeGenerator,Fill,Full)" fullname="PlayersWorlds.Maps.Maze.MazeGeneratorAreasTest.ScatteredAreas(PlayersWorlds.Maps.Maze.WilsonsMazeGenerator,Fill,Full)" methodname="ScatteredAreas" classname="PlayersWorlds.Maps.Maze.MazeGeneratorAreasTest" runstate="Runnable" seed="1862219491" result="Skipped" label="Ignored" start-time="2024-02-25T18:58:21.2940480Z" end-time="2024-02-25T18:58:21.2940930Z" duration="0.000045" asserts="0" />
              </test-suite>
              <test-suite type="ParameterizedMethod" id="1-1213" name="TwoMatchingAreas" fullname="PlayersWorlds.Maps.Maze.MazeGeneratorAreasTest.TwoMatchingAreas" classname="PlayersWorlds.Maps.Maze.MazeGeneratorAreasTest" runstate="Runnable" testcasecount="18" result="Passed" start-time="2024-02-25T18:58:21.2941400Z" end-time="2024-02-25T18:58:21.4374110Z" duration="0.143271" total="18" passed="18" failed="0" warnings="0" inconclusive="0" skipped="0" asserts="1260">
                <properties>
                  <property name="Repeat" value="10" />
                </properties>
                <test-case id="1-1195" name="TwoMatchingAreas(PlayersWorlds.Maps.Maze.AldousBroderMazeGenerator,Cave)" fullname="PlayersWorlds.Maps.Maze.MazeGeneratorAreasTest.TwoMatchingAreas(PlayersWorlds.Maps.Maze.AldousBroderMazeGenerator,Cave)" methodname="TwoMatchingAreas" classname="PlayersWorlds.Maps.Maze.MazeGeneratorAreasTest" runstate="Runnable" seed="955856006" result="Passed" start-time="2024-02-25T18:58:21.2941610Z" end-time="2024-02-25T18:58:21.3048960Z" duration="0.010736" asserts="70" />
                <test-case id="1-1196" name="TwoMatchingAreas(PlayersWorlds.Maps.Maze.AldousBroderMazeGenerator,Hall)" fullname="PlayersWorlds.Maps.Maze.MazeGeneratorAreasTest.TwoMatchingAreas(PlayersWorlds.Maps.Maze.AldousBroderMazeGenerator,Hall)" methodname="TwoMatchingAreas" classname="PlayersWorlds.Maps.Maze.MazeGeneratorAreasTest" runstate="Runnable" seed="1537850640" result="Passed" start-time="2024-02-25T18:58:21.3049130Z" end-time="2024-02-25T18:58:21.3149980Z" duration="0.010085" asserts="70" />
                <test-case id="1-1197" name="TwoMatchingAreas(PlayersWorlds.Maps.Maze.AldousBroderMazeGenerator,Fill)" fullname="PlayersWorlds.Maps.Maze.MazeGeneratorAreasTest.TwoMatchingAreas(PlayersWorlds.Maps.Maze.AldousBroderMazeGenerator,Fill)" methodname="TwoMatchingAreas" classname="PlayersWorlds.Maps.Maze.MazeGeneratorAreasTest" runstate="Runnable" seed="1058936708" result="Passed" start-time="2024-02-25T18:58:21.3150140Z" end-time="2024-02-25T18:58:21.3233010Z" duration="0.008287" asserts="70" />
                <test-case id="1-1198" name="TwoMatchingAreas(PlayersWorlds.Maps.Maze.BinaryTreeMazeGenerator,Cave)" fullname="PlayersWorlds.Maps.Maze.MazeGeneratorAreasTest.TwoMatchingAreas(PlayersWorlds.Maps.Maze.BinaryTreeMazeGenerator,Cave)" methodname="TwoMatchingAreas" classname="PlayersWorlds.Maps.Maze.MazeGeneratorAreasTest" runstate="Runnable" seed="516770950" result="Passed" start-time="2024-02-25T18:58:21.3233140Z" end-time="2024-02-25T18:58:21.3316430Z" duration="0.008329" asserts="70" />
                <test-case id="1-1199" name="TwoMatchingAreas(PlayersWorlds.Maps.Maze.BinaryTreeMazeGenerator,Hall)" fullname="PlayersWorlds.Maps.Maze.MazeGeneratorAreasTest.TwoMatchingAreas(PlayersWorlds.Maps.Maze.BinaryTreeMazeGenerator,Hall)" methodname="TwoMatchingAreas" classname="PlayersWorlds.Maps.Maze.MazeGeneratorAreasTest" runstate="Runnable" seed="1297835924" result="Passed" start-time="2024-02-25T18:58:21.3316550Z" end-time="2024-02-25T18:58:21.3396690Z" duration="0.008015" asserts="70" />
                <test-case id="1-1200" name="TwoMatchingAreas(PlayersWorlds.Maps.Maze.BinaryTreeMazeGenerator,Fill)" fullname="PlayersWorlds.Maps.Maze.MazeGeneratorAreasTest.TwoMatchingAreas(PlayersWorlds.Maps.Maze.BinaryTreeMazeGenerator,Fill)" methodname="TwoMatchingAreas" classname="PlayersWorlds.Maps.Maze.MazeGeneratorAreasTest" runstate="Runnable" seed="1796009379" result="Passed" start-time="2024-02-25T18:58:21.3396890Z" end-time="2024-02-25T18:58:21.3476410Z" duration="0.007953" asserts="70" />
                <test-case id="1-1201" name="TwoMatchingAreas(PlayersWorlds.Maps.Maze.HuntAndKillMazeGenerator,Cave)" fullname="PlayersWorlds.Maps.Maze.MazeGeneratorAreasTest.TwoMatchingAreas(PlayersWorlds.Maps.Maze.HuntAndKillMazeGenerator,Cave)" methodname="TwoMatchingAreas" classname="PlayersWorlds.Maps.Maze.MazeGeneratorAreasTest" runstate="Runnable" seed="1874869958" result="Passed" start-time="2024-02-25T18:58:21.3476530Z" end-time="2024-02-25T18:58:21.3551060Z" duration="0.007452" asserts="70" />
                <test-case id="1-1202" name="TwoMatchingAreas(PlayersWorlds.Maps.Maze.HuntAndKillMazeGenerator,Hall)" fullname="PlayersWorlds.Maps.Maze.MazeGeneratorAreasTest.TwoMatchingAreas(PlayersWorlds.Maps.Maze.HuntAndKillMazeGenerator,Hall)" methodname="TwoMatchingAreas" classname="PlayersWorlds.Maps.Maze.MazeGeneratorAreasTest" runstate="Runnable" seed="458827750" result="Passed" start-time="2024-02-25T18:58:21.3551180Z" end-time="2024-02-25T18:58:21.3621880Z" duration="0.007070" asserts="70" />
                <test-case id="1-1203" name="TwoMatchingAreas(PlayersWorlds.Maps.Maze.HuntAndKillMazeGenerator,Fill)" fullname="PlayersWorlds.Maps.Maze.MazeGeneratorAreasTest.TwoMatchingAreas(PlayersWorlds.Maps.Maze.HuntAndKillMazeGenerator,Fill)" methodname="TwoMatchingAreas" classname="PlayersWorlds.Maps.Maze.MazeGeneratorAreasTest" runstate="Runnable" seed="1560230774" result="Passed" start-time="2024-02-25T18:58:21.3622110Z" end-time="2024-02-25T18:58:21.3689310Z" duration="0.006720" asserts="70" />
                <test-case id="1-1204" name="TwoMatchingAreas(PlayersWorlds.Maps.Maze.RecursiveBacktrackerMazeGenerator,Cave)" fullname="PlayersWorlds.Maps.Maze.MazeGeneratorAreasTest.TwoMatchingAreas(PlayersWorlds.Maps.Maze.RecursiveBacktrackerMazeGenerator,Cave)" methodname="TwoMatchingAreas" classname="PlayersWorlds.Maps.Maze.MazeGeneratorAreasTest" runstate="Runnable" seed="1095221332" result="Passed" start-time="2024-02-25T18:58:21.3689430Z" end-time="2024-02-25T18:58:21.3758880Z" duration="0.006945" asserts="70" />
                <test-case id="1-1205" name="TwoMatchingAreas(PlayersWorlds.Maps.Maze.RecursiveBacktrackerMazeGenerator,Hall)" fullname="PlayersWorlds.Maps.Maze.MazeGeneratorAreasTest.TwoMatchingAreas(PlayersWorlds.Maps.Maze.RecursiveBacktrackerMazeGenerator,Hall)" methodname="TwoMatchingAreas" classname="PlayersWorlds.Maps.Maze.MazeGeneratorAreasTest" runstate="Runnable" seed="1882358956" result="Passed" start-time="2024-02-25T18:58:21.3759010Z" end-time="2024-02-25T18:58:21.3834690Z" duration="0.007568" asserts="70" />
                <test-case id="1-1206" name="TwoMatchingAreas(PlayersWorlds.Maps.Maze.RecursiveBacktrackerMazeGenerator,Fill)" fullname="PlayersWorlds.Maps.Maze.MazeGeneratorAreasTest.TwoMatchingAreas(PlayersWorlds.Maps.Maze.RecursiveBacktrackerMazeGenerator,Fill)" methodname="TwoMatchingAreas" classname="PlayersWorlds.Maps.Maze.MazeGeneratorAreasTest" runstate="Runnable" seed="950538822" result="Passed" start-time="2024-02-25T18:58:21.3834830Z" end-time="2024-02-25T18:58:21.3899630Z" duration="0.006480" asserts="70" />
                <test-case id="1-1207" name="TwoMatchingAreas(PlayersWorlds.Maps.Maze.SidewinderMazeGenerator,Cave)" fullname="PlayersWorlds.Maps.Maze.MazeGeneratorAreasTest.TwoMatchingAreas(PlayersWorlds.Maps.Maze.SidewinderMazeGenerator,Cave)" methodname="TwoMatchingAreas" classname="PlayersWorlds.Maps.Maze.MazeGeneratorAreasTest" runstate="Runnable" seed="1286150129" result="Passed" start-time="2024-02-25T18:58:21.3899760Z" end-time="2024-02-25T18:58:21.3986940Z" duration="0.008719" asserts="70" />
                <test-case id="1-1208" name="TwoMatchingAreas(PlayersWorlds.Maps.Maze.SidewinderMazeGenerator,Hall)" fullname="PlayersWorlds.Maps.Maze.MazeGeneratorAreasTest.TwoMatchingAreas(PlayersWorlds.Maps.Maze.SidewinderMazeGenerator,Hall)" methodname="TwoMatchingAreas" classname="PlayersWorlds.Maps.Maze.MazeGeneratorAreasTest" runstate="Runnable" seed="1681537733" result="Passed" start-time="2024-02-25T18:58:21.3987120Z" end-time="2024-02-25T18:58:21.4075270Z" duration="0.008816" asserts="70" />
                <test-case id="1-1209" name="TwoMatchingAreas(PlayersWorlds.Maps.Maze.SidewinderMazeGenerator,Fill)" fullname="PlayersWorlds.Maps.Maze.MazeGeneratorAreasTest.TwoMatchingAreas(PlayersWorlds.Maps.Maze.SidewinderMazeGenerator,Fill)" methodname="TwoMatchingAreas" classname="PlayersWorlds.Maps.Maze.MazeGeneratorAreasTest" runstate="Runnable" seed="477623159" result="Passed" start-time="2024-02-25T18:58:21.4075430Z" end-time="2024-02-25T18:58:21.4156360Z" duration="0.008093" asserts="70" />
                <test-case id="1-1210" name="TwoMatchingAreas(PlayersWorlds.Maps.Maze.WilsonsMazeGenerator,Cave)" fullname="PlayersWorlds.Maps.Maze.MazeGeneratorAreasTest.TwoMatchingAreas(PlayersWorlds.Maps.Maze.WilsonsMazeGenerator,Cave)" methodname="TwoMatchingAreas" classname="PlayersWorlds.Maps.Maze.MazeGeneratorAreasTest" runstate="Runnable" seed="302248887" result="Passed" start-time="2024-02-25T18:58:21.4156520Z" end-time="2024-02-25T18:58:21.4227600Z" duration="0.007109" asserts="70" />
                <test-case id="1-1211" name="TwoMatchingAreas(PlayersWorlds.Maps.Maze.WilsonsMazeGenerator,Hall)" fullname="PlayersWorlds.Maps.Maze.MazeGeneratorAreasTest.TwoMatchingAreas(PlayersWorlds.Maps.Maze.WilsonsMazeGenerator,Hall)" methodname="TwoMatchingAreas" classname="PlayersWorlds.Maps.Maze.MazeGeneratorAreasTest" runstate="Runnable" seed="1603635942" result="Passed" start-time="2024-02-25T18:58:21.4227750Z" end-time="2024-02-25T18:58:21.4305500Z" duration="0.007776" asserts="70" />
                <test-case id="1-1212" name="TwoMatchingAreas(PlayersWorlds.Maps.Maze.WilsonsMazeGenerator,Fill)" fullname="PlayersWorlds.Maps.Maze.MazeGeneratorAreasTest.TwoMatchingAreas(PlayersWorlds.Maps.Maze.WilsonsMazeGenerator,Fill)" methodname="TwoMatchingAreas" classname="PlayersWorlds.Maps.Maze.MazeGeneratorAreasTest" runstate="Runnable" seed="532811587" result="Passed" start-time="2024-02-25T18:58:21.4305630Z" end-time="2024-02-25T18:58:21.4373960Z" duration="0.006833" asserts="70" />
              </test-suite>
              <test-case id="1-1233" name="WilsonsHalls" fullname="PlayersWorlds.Maps.Maze.MazeGeneratorAreasTest.WilsonsHalls" methodname="WilsonsHalls" classname="PlayersWorlds.Maps.Maze.MazeGeneratorAreasTest" runstate="Runnable" seed="1479665736" result="Passed" start-time="2024-02-25T18:58:21.4374230Z" end-time="2024-02-25T18:58:21.4417870Z" duration="0.004364" asserts="1">
                <properties>
                  <property name="Repeat" value="10" />
                </properties>
              </test-case>
            </test-suite>
            <test-suite type="TestFixture" id="1-1362" name="MazeGeneratorTest" fullname="PlayersWorlds.Maps.Maze.MazeGeneratorTest" classname="PlayersWorlds.Maps.Maze.MazeGeneratorTest" runstate="Runnable" testcasecount="526" result="Passed" start-time="2024-02-25T18:58:21.4418250Z" end-time="2024-02-25T18:58:21.5147730Z" duration="0.072948" total="22" passed="22" failed="0" warnings="0" inconclusive="0" skipped="0" asserts="48">
              <test-suite type="ParameterizedMethod" id="1-1891" name="CanFindPaths" fullname="PlayersWorlds.Maps.Maze.MazeGeneratorTest.CanFindPaths" classname="PlayersWorlds.Maps.Maze.MazeGeneratorTest" runstate="Runnable" testcasecount="6" result="Passed" start-time="2024-02-25T18:58:21.4418710Z" end-time="2024-02-25T18:58:21.4450780Z" duration="0.003207" total="6" passed="6" failed="0" warnings="0" inconclusive="0" skipped="0" asserts="12">
                <test-case id="1-1885" name="CanFindPaths(PlayersWorlds.Maps.Maze.AldousBroderMazeGenerator)" fullname="PlayersWorlds.Maps.Maze.MazeGeneratorTest.CanFindPaths(PlayersWorlds.Maps.Maze.AldousBroderMazeGenerator)" methodname="CanFindPaths" classname="PlayersWorlds.Maps.Maze.MazeGeneratorTest" runstate="Runnable" seed="625592044" result="Passed" start-time="2024-02-25T18:58:21.4418920Z" end-time="2024-02-25T18:58:21.4427090Z" duration="0.000818" asserts="2" />
                <test-case id="1-1886" name="CanFindPaths(PlayersWorlds.Maps.Maze.BinaryTreeMazeGenerator)" fullname="PlayersWorlds.Maps.Maze.MazeGeneratorTest.CanFindPaths(PlayersWorlds.Maps.Maze.BinaryTreeMazeGenerator)" methodname="CanFindPaths" classname="PlayersWorlds.Maps.Maze.MazeGeneratorTest" runstate="Runnable" seed="16199488" result="Passed" start-time="2024-02-25T18:58:21.4427190Z" end-time="2024-02-25T18:58:21.4431320Z" duration="0.000413" asserts="2" />
                <test-case id="1-1887" name="CanFindPaths(PlayersWorlds.Maps.Maze.HuntAndKillMazeGenerator)" fullname="PlayersWorlds.Maps.Maze.MazeGeneratorTest.CanFindPaths(PlayersWorlds.Maps.Maze.HuntAndKillMazeGenerator)" methodname="CanFindPaths" classname="PlayersWorlds.Maps.Maze.MazeGeneratorTest" runstate="Runnable" seed="386649310" result="Passed" start-time="2024-02-25T18:58:21.4431390Z" end-time="2024-02-25T18:58:21.4439530Z" duration="0.000814" asserts="2" />
                <test-case id="1-1888" name="CanFindPaths(PlayersWorlds.Maps.Maze.RecursiveBacktrackerMazeGenerator)" fullname="PlayersWorlds.Maps.Maze.MazeGeneratorTest.CanFindPaths(PlayersWorlds.Maps.Maze.RecursiveBacktrackerMazeGenerator)" methodname="CanFindPaths" classname="PlayersWorlds.Maps.Maze.MazeGeneratorTest" runstate="Runnable" seed="282304406" result="Passed" start-time="2024-02-25T18:58:21.4439610Z" end-time="2024-02-25T18:58:21.4442990Z" duration="0.000338" asserts="2" />
                <test-case id="1-1889" name="CanFindPaths(PlayersWorlds.Maps.Maze.SidewinderMazeGenerator)" fullname="PlayersWorlds.Maps.Maze.MazeGeneratorTest.CanFindPaths(PlayersWorlds.Maps.Maze.SidewinderMazeGenerator)" methodname="CanFindPaths" classname="PlayersWorlds.Maps.Maze.MazeGeneratorTest" runstate="Runnable" seed="1758333588" result="Passed" start-time="2024-02-25T18:58:21.4443060Z" end-time="2024-02-25T18:58:21.4447080Z" duration="0.000402" asserts="2" />
                <test-case id="1-1890" name="CanFindPaths(PlayersWorlds.Maps.Maze.WilsonsMazeGenerator)" fullname="PlayersWorlds.Maps.Maze.MazeGeneratorTest.CanFindPaths(PlayersWorlds.Maps.Maze.WilsonsMazeGenerator)" methodname="CanFindPaths" classname="PlayersWorlds.Maps.Maze.MazeGeneratorTest" runstate="Runnable" seed="1061197687" result="Passed" start-time="2024-02-25T18:58:21.4447140Z" end-time="2024-02-25T18:58:21.4450690Z" duration="0.000356" asserts="2" />
              </test-suite>
              <test-suite type="ParameterizedMethod" id="1-1370" name="CanGenerateMazes" fullname="PlayersWorlds.Maps.Maze.MazeGeneratorTest.CanGenerateMazes" classname="PlayersWorlds.Maps.Maze.MazeGeneratorTest" runstate="Runnable" testcasecount="6" result="Passed" start-time="2024-02-25T18:58:21.4450850Z" end-time="2024-02-25T18:58:21.4931040Z" duration="0.048019" total="6" passed="6" failed="0" warnings="0" inconclusive="0" skipped="0" asserts="12">
                <test-case id="1-1364" name="CanGenerateMazes(PlayersWorlds.Maps.Maze.AldousBroderMazeGenerator)" fullname="PlayersWorlds.Maps.Maze.MazeGeneratorTest.CanGenerateMazes(PlayersWorlds.Maps.Maze.AldousBroderMazeGenerator)" methodname="CanGenerateMazes" classname="PlayersWorlds.Maps.Maze.MazeGeneratorTest" runstate="Runnable" seed="1558503509" result="Passed" start-time="2024-02-25T18:58:21.4450940Z" end-time="2024-02-25T18:58:21.4565200Z" duration="0.011426" asserts="2" />
                <test-case id="1-1365" name="CanGenerateMazes(PlayersWorlds.Maps.Maze.BinaryTreeMazeGenerator)" fullname="PlayersWorlds.Maps.Maze.MazeGeneratorTest.CanGenerateMazes(PlayersWorlds.Maps.Maze.BinaryTreeMazeGenerator)" methodname="CanGenerateMazes" classname="PlayersWorlds.Maps.Maze.MazeGeneratorTest" runstate="Runnable" seed="1034005513" result="Passed" start-time="2024-02-25T18:58:21.4565310Z" end-time="2024-02-25T18:58:21.4643470Z" duration="0.007816" asserts="2" />
                <test-case id="1-1366" name="CanGenerateMazes(PlayersWorlds.Maps.Maze.HuntAndKillMazeGenerator)" fullname="PlayersWorlds.Maps.Maze.MazeGeneratorTest.CanGenerateMazes(PlayersWorlds.Maps.Maze.HuntAndKillMazeGenerator)" methodname="CanGenerateMazes" classname="PlayersWorlds.Maps.Maze.MazeGeneratorTest" runstate="Runnable" seed="599956409" result="Passed" start-time="2024-02-25T18:58:21.4643580Z" end-time="2024-02-25T18:58:21.4708440Z" duration="0.006486" asserts="2" />
                <test-case id="1-1367" name="CanGenerateMazes(PlayersWorlds.Maps.Maze.RecursiveBacktrackerMazeGenerator)" fullname="PlayersWorlds.Maps.Maze.MazeGeneratorTest.CanGenerateMazes(PlayersWorlds.Maps.Maze.RecursiveBacktrackerMazeGenerator)" methodname="CanGenerateMazes" classname="PlayersWorlds.Maps.Maze.MazeGeneratorTest" runstate="Runnable" seed="432091608" result="Passed" start-time="2024-02-25T18:58:21.4708580Z" end-time="2024-02-25T18:58:21.4772470Z" duration="0.006390" asserts="2" />
                <test-case id="1-1368" name="CanGenerateMazes(PlayersWorlds.Maps.Maze.SidewinderMazeGenerator)" fullname="PlayersWorlds.Maps.Maze.MazeGeneratorTest.CanGenerateMazes(PlayersWorlds.Maps.Maze.SidewinderMazeGenerator)" methodname="CanGenerateMazes" classname="PlayersWorlds.Maps.Maze.MazeGeneratorTest" runstate="Runnable" seed="825088131" result="Passed" start-time="2024-02-25T18:58:21.4772600Z" end-time="2024-02-25T18:58:21.4863530Z" duration="0.009093" asserts="2" />
                <test-case id="1-1369" name="CanGenerateMazes(PlayersWorlds.Maps.Maze.WilsonsMazeGenerator)" fullname="PlayersWorlds.Maps.Maze.MazeGeneratorTest.CanGenerateMazes(PlayersWorlds.Maps.Maze.WilsonsMazeGenerator)" methodname="CanGenerateMazes" classname="PlayersWorlds.Maps.Maze.MazeGeneratorTest" runstate="Runnable" seed="2065907340" result="Passed" start-time="2024-02-25T18:58:21.4863680Z" end-time="2024-02-25T18:58:21.4930870Z" duration="0.006719" asserts="2" />
              </test-suite>
              <test-case id="1-1363" name="CanUseCustomAreaGenerator" fullname="PlayersWorlds.Maps.Maze.MazeGeneratorTest.CanUseCustomAreaGenerator" methodname="CanUseCustomAreaGenerator" classname="PlayersWorlds.Maps.Maze.MazeGeneratorTest" runstate="Runnable" seed="1038937216" result="Passed" start-time="2024-02-25T18:58:21.4931170Z" end-time="2024-02-25T18:58:21.5002290Z" duration="0.007112" asserts="4" />
              <test-case id="1-1373" name="IsFillComplete_Full" fullname="PlayersWorlds.Maps.Maze.MazeGeneratorTest.IsFillComplete_Full" methodname="IsFillComplete_Full" classname="PlayersWorlds.Maps.Maze.MazeGeneratorTest" runstate="Runnable" seed="414992996" result="Passed" start-time="2024-02-25T18:58:21.5002440Z" end-time="2024-02-25T18:58:21.5023170Z" duration="0.002074" asserts="2" />
              <test-case id="1-1378" name="IsFillComplete_FullHeight" fullname="PlayersWorlds.Maps.Maze.MazeGeneratorTest.IsFillComplete_FullHeight" methodname="IsFillComplete_FullHeight" classname="PlayersWorlds.Maps.Maze.MazeGeneratorTest" runstate="Runnable" seed="48388874" result="Passed" start-time="2024-02-25T18:58:21.5023300Z" end-time="2024-02-25T18:58:21.5043790Z" duration="0.002048" asserts="2" />
              <test-case id="1-1377" name="IsFillComplete_FullWidth" fullname="PlayersWorlds.Maps.Maze.MazeGeneratorTest.IsFillComplete_FullWidth" methodname="IsFillComplete_FullWidth" classname="PlayersWorlds.Maps.Maze.MazeGeneratorTest" runstate="Runnable" seed="828657561" result="Passed" start-time="2024-02-25T18:58:21.5043910Z" end-time="2024-02-25T18:58:21.5063590Z" duration="0.001968" asserts="2" />
              <test-case id="1-1372" name="IsFillComplete_Half" fullname="PlayersWorlds.Maps.Maze.MazeGeneratorTest.IsFillComplete_Half" methodname="IsFillComplete_Half" classname="PlayersWorlds.Maps.Maze.MazeGeneratorTest" runstate="Runnable" seed="628340916" result="Passed" start-time="2024-02-25T18:58:21.5063730Z" end-time="2024-02-25T18:58:21.5077180Z" duration="0.001346" asserts="2" />
              <test-case id="1-1376" name="IsFillComplete_NinetyPercent" fullname="PlayersWorlds.Maps.Maze.MazeGeneratorTest.IsFillComplete_NinetyPercent" methodname="IsFillComplete_NinetyPercent" classname="PlayersWorlds.Maps.Maze.MazeGeneratorTest" runstate="Runnable" seed="1013357392" result="Passed" start-time="2024-02-25T18:58:21.5077300Z" end-time="2024-02-25T18:58:21.5101280Z" duration="0.002398" asserts="2" />
              <test-case id="1-1374" name="IsFillComplete_Quarter" fullname="PlayersWorlds.Maps.Maze.MazeGeneratorTest.IsFillComplete_Quarter" methodname="IsFillComplete_Quarter" classname="PlayersWorlds.Maps.Maze.MazeGeneratorTest" runstate="Runnable" seed="1179565651" result="Passed" start-time="2024-02-25T18:58:21.5101400Z" end-time="2024-02-25T18:58:21.5111920Z" duration="0.001052" asserts="2" />
              <test-case id="1-1375" name="IsFillComplete_ThreeQuarters" fullname="PlayersWorlds.Maps.Maze.MazeGeneratorTest.IsFillComplete_ThreeQuarters" methodname="IsFillComplete_ThreeQuarters" classname="PlayersWorlds.Maps.Maze.MazeGeneratorTest" runstate="Runnable" seed="1274024183" result="Passed" start-time="2024-02-25T18:58:21.5112120Z" end-time="2024-02-25T18:58:21.5132020Z" duration="0.001990" asserts="2" />
              <test-case id="1-1371" name="OnlyFullGenerators" fullname="PlayersWorlds.Maps.Maze.MazeGeneratorTest.OnlyFullGenerators" methodname="OnlyFullGenerators" classname="PlayersWorlds.Maps.Maze.MazeGeneratorTest" runstate="Runnable" seed="1574567880" result="Passed" start-time="2024-02-25T18:58:21.5132130Z" end-time="2024-02-25T18:58:21.5138330Z" duration="0.000620" asserts="2" />
              <test-case id="1-1884" name="WrongGeneratorOptions" fullname="PlayersWorlds.Maps.Maze.MazeGeneratorTest.WrongGeneratorOptions" methodname="WrongGeneratorOptions" classname="PlayersWorlds.Maps.Maze.MazeGeneratorTest" runstate="Runnable" seed="21438087" result="Passed" start-time="2024-02-25T18:58:21.5138440Z" end-time="2024-02-25T18:58:21.5147550Z" duration="0.000911" asserts="4" />
            </test-suite>
            <test-suite type="TestSuite" id="1-2041" name="PostProcessing" fullname="PlayersWorlds.Maps.Maze.PostProcessing" runstate="Runnable" testcasecount="5" result="Passed" start-time="2024-02-25T18:58:04.9973020Z" end-time="2024-02-25T18:58:21.5184060Z" duration="16.521104" total="5" passed="5" failed="0" warnings="0" inconclusive="0" skipped="0" asserts="18">
              <test-suite type="TestFixture" id="1-1897" name="DeadEndTest" fullname="PlayersWorlds.Maps.Maze.PostProcessing.DeadEndTest" classname="PlayersWorlds.Maps.Maze.PostProcessing.DeadEndTest" runstate="Runnable" testcasecount="1" result="Passed" start-time="2024-02-25T18:58:21.5147920Z" end-time="2024-02-25T18:58:21.5153060Z" duration="0.000515" total="1" passed="1" failed="0" warnings="0" inconclusive="0" skipped="0" asserts="7">
                <test-case id="1-1898" name="DeadEnd_CanFindDeadEnds" fullname="PlayersWorlds.Maps.Maze.PostProcessing.DeadEndTest.DeadEnd_CanFindDeadEnds" methodname="DeadEnd_CanFindDeadEnds" classname="PlayersWorlds.Maps.Maze.PostProcessing.DeadEndTest" runstate="Runnable" seed="525404353" result="Passed" start-time="2024-02-25T18:58:21.5148420Z" end-time="2024-02-25T18:58:21.5152940Z" duration="0.000453" asserts="7" />
              </test-suite>
              <test-suite type="TestFixture" id="1-1899" name="DijkstraDistanceTest" fullname="PlayersWorlds.Maps.Maze.PostProcessing.DijkstraDistanceTest" classname="PlayersWorlds.Maps.Maze.PostProcessing.DijkstraDistanceTest" runstate="Runnable" testcasecount="4" result="Passed" start-time="2024-02-25T18:58:21.5153220Z" end-time="2024-02-25T18:58:21.5183980Z" duration="0.003076" total="4" passed="4" failed="0" warnings="0" inconclusive="0" skipped="0" asserts="11">
                <test-case id="1-1903" name="DijkstraDistance_CanFindLongestTrail" fullname="PlayersWorlds.Maps.Maze.PostProcessing.DijkstraDistanceTest.DijkstraDistance_CanFindLongestTrail" methodname="DijkstraDistance_CanFindLongestTrail" classname="PlayersWorlds.Maps.Maze.PostProcessing.DijkstraDistanceTest" runstate="Runnable" seed="1335885901" result="Passed" start-time="2024-02-25T18:58:21.5153640Z" end-time="2024-02-25T18:58:21.5157110Z" duration="0.000347" asserts="4" />
                <test-case id="1-1901" name="DijkstraDistance_CanSolveAMaze" fullname="PlayersWorlds.Maps.Maze.PostProcessing.DijkstraDistanceTest.DijkstraDistance_CanSolveAMaze" methodname="DijkstraDistance_CanSolveAMaze" classname="PlayersWorlds.Maps.Maze.PostProcessing.DijkstraDistanceTest" runstate="Runnable" seed="1383795623" result="Passed" start-time="2024-02-25T18:58:21.5157190Z" end-time="2024-02-25T18:58:21.5160020Z" duration="0.000283" asserts="4" />
                <test-case id="1-1900" name="DijkstraDistance_FindsAllDistances" fullname="PlayersWorlds.Maps.Maze.PostProcessing.DijkstraDistanceTest.DijkstraDistance_FindsAllDistances" methodname="DijkstraDistance_FindsAllDistances" classname="PlayersWorlds.Maps.Maze.PostProcessing.DijkstraDistanceTest" runstate="Runnable" seed="504790732" result="Passed" start-time="2024-02-25T18:58:21.5160100Z" end-time="2024-02-25T18:58:21.5182390Z" duration="0.002229" asserts="2" />
                <test-case id="1-1902" name="DijkstraDistance_ReturnsEmptyIfNoSolutionFound" fullname="PlayersWorlds.Maps.Maze.PostProcessing.DijkstraDistanceTest.DijkstraDistance_ReturnsEmptyIfNoSolutionFound" methodname="DijkstraDistance_ReturnsEmptyIfNoSolutionFound" classname="PlayersWorlds.Maps.Maze.PostProcessing.DijkstraDistanceTest" runstate="Runnable" seed="48907325" result="Passed" start-time="2024-02-25T18:58:21.5182510Z" end-time="2024-02-25T18:58:21.5183870Z" duration="0.000137" asserts="1" />
              </test-suite>
            </test-suite>
            <test-suite type="TestFixture" id="1-1892" name="SidewinderMazeGeneratorTest" fullname="PlayersWorlds.Maps.Maze.SidewinderMazeGeneratorTest" classname="PlayersWorlds.Maps.Maze.SidewinderMazeGeneratorTest" runstate="Runnable" testcasecount="2" result="Passed" start-time="2024-02-25T18:58:21.5184180Z" end-time="2024-02-25T18:58:21.5561140Z" duration="0.037696" total="2" passed="2" failed="0" warnings="0" inconclusive="0" skipped="0" asserts="22">
              <test-case id="1-1893" name="ArchShapedAreas" fullname="PlayersWorlds.Maps.Maze.SidewinderMazeGeneratorTest.ArchShapedAreas" methodname="ArchShapedAreas" classname="PlayersWorlds.Maps.Maze.SidewinderMazeGeneratorTest" runstate="Runnable" seed="1986117778" result="Passed" start-time="2024-02-25T18:58:21.5184630Z" end-time="2024-02-25T18:58:21.5237040Z" duration="0.005242" asserts="2" />
              <test-case id="1-1894" name="ArchShapedAreasLeftExit" fullname="PlayersWorlds.Maps.Maze.SidewinderMazeGeneratorTest.ArchShapedAreasLeftExit" methodname="ArchShapedAreasLeftExit" classname="PlayersWorlds.Maps.Maze.SidewinderMazeGeneratorTest" runstate="Runnable" seed="1347466997" result="Passed" start-time="2024-02-25T18:58:21.5237170Z" end-time="2024-02-25T18:58:21.5560900Z" duration="0.032373" asserts="20">
                <properties>
                  <property name="Repeat" value="10" />
                </properties>
              </test-case>
            </test-suite>
            <test-suite type="TestFixture" id="1-1895" name="WilsonsMazeGeneratorTest" fullname="PlayersWorlds.Maps.Maze.WilsonsMazeGeneratorTest" classname="PlayersWorlds.Maps.Maze.WilsonsMazeGeneratorTest" runstate="Runnable" testcasecount="1" result="Passed" start-time="2024-02-25T18:58:21.5561350Z" end-time="2024-02-25T18:58:21.5699870Z" duration="0.013852" total="1" passed="1" failed="0" warnings="0" inconclusive="0" skipped="0" asserts="1">
              <test-case id="1-1896" name="DuplicateRandom" fullname="PlayersWorlds.Maps.Maze.WilsonsMazeGeneratorTest.DuplicateRandom" methodname="DuplicateRandom" classname="PlayersWorlds.Maps.Maze.WilsonsMazeGeneratorTest" runstate="Runnable" seed="480427854" result="Passed" start-time="2024-02-25T18:58:21.5562170Z" end-time="2024-02-25T18:58:21.5699700Z" duration="0.013754" asserts="1" />
            </test-suite>
          </test-suite>
          <test-suite type="TestFixture" id="1-1056" name="Maze2DRendererTest" fullname="PlayersWorlds.Maps.Maze2DRendererTest" classname="PlayersWorlds.Maps.Maze2DRendererTest" runstate="Runnable" testcasecount="8" result="Passed" start-time="2024-02-25T18:58:21.5700100Z" end-time="2024-02-25T18:58:21.5831380Z" duration="0.013129" total="8" passed="8" failed="0" warnings="0" inconclusive="0" skipped="0" asserts="57">
            <test-case id="1-1059" name="CanRenderAMapWithFilledAreas" fullname="PlayersWorlds.Maps.Maze2DRendererTest.CanRenderAMapWithFilledAreas" methodname="CanRenderAMapWithFilledAreas" classname="PlayersWorlds.Maps.Maze2DRendererTest" runstate="Runnable" seed="1137396541" result="Passed" start-time="2024-02-25T18:58:21.5700550Z" end-time="2024-02-25T18:58:21.5719010Z" duration="0.001845" asserts="1" />
            <test-case id="1-1060" name="CanRenderAMapWithHallAreas" fullname="PlayersWorlds.Maps.Maze2DRendererTest.CanRenderAMapWithHallAreas" methodname="CanRenderAMapWithHallAreas" classname="PlayersWorlds.Maps.Maze2DRendererTest" runstate="Runnable" seed="1284950733" result="Passed" start-time="2024-02-25T18:58:21.5719120Z" end-time="2024-02-25T18:58:21.5737870Z" duration="0.001875" asserts="1" />
            <test-case id="1-1057" name="CanRenderAMapWithSmoothCorners" fullname="PlayersWorlds.Maps.Maze2DRendererTest.CanRenderAMapWithSmoothCorners" methodname="CanRenderAMapWithSmoothCorners" classname="PlayersWorlds.Maps.Maze2DRendererTest" runstate="Runnable" seed="2093574709" result="Passed" start-time="2024-02-25T18:58:21.5738040Z" end-time="2024-02-25T18:58:21.5750980Z" duration="0.001294" asserts="1" />
            <test-case id="1-1058" name="CanRenderAMapWithVoids" fullname="PlayersWorlds.Maps.Maze2DRendererTest.CanRenderAMapWithVoids" methodname="CanRenderAMapWithVoids" classname="PlayersWorlds.Maps.Maze2DRendererTest" runstate="Runnable" seed="192040460" result="Passed" start-time="2024-02-25T18:58:21.5751090Z" end-time="2024-02-25T18:58:21.5766430Z" duration="0.001534" asserts="1" />
            <test-case id="1-1064" name="CellsMapping_ValidMapping" fullname="PlayersWorlds.Maps.Maze2DRendererTest.CellsMapping_ValidMapping" methodname="CellsMapping_ValidMapping" classname="PlayersWorlds.Maps.Maze2DRendererTest" runstate="Runnable" seed="1758796794" result="Passed" start-time="2024-02-25T18:58:21.5766520Z" end-time="2024-02-25T18:58:21.5817910Z" duration="0.005139" asserts="45" />
            <test-case id="1-1061" name="Maze2DStringBoxRenderer_CanConvertToAscii" fullname="PlayersWorlds.Maps.Maze2DRendererTest.Maze2DStringBoxRenderer_CanConvertToAscii" methodname="Maze2DStringBoxRenderer_CanConvertToAscii" classname="PlayersWorlds.Maps.Maze2DRendererTest" runstate="Runnable" seed="929054353" result="Passed" start-time="2024-02-25T18:58:21.5818040Z" end-time="2024-02-25T18:58:21.5821590Z" duration="0.000355" asserts="1" />
            <test-case id="1-1062" name="Maze2DStringBoxRenderer_CanConvertToAsciiWithData" fullname="PlayersWorlds.Maps.Maze2DRendererTest.Maze2DStringBoxRenderer_CanConvertToAsciiWithData" methodname="Maze2DStringBoxRenderer_CanConvertToAsciiWithData" classname="PlayersWorlds.Maps.Maze2DRendererTest" runstate="Runnable" seed="130839737" result="Passed" start-time="2024-02-25T18:58:21.5821670Z" end-time="2024-02-25T18:58:21.5825890Z" duration="0.000422" asserts="1" />
            <test-case id="1-1063" name="Maze2DToMap2DConverter_ThrowsIfInvalidOptions" fullname="PlayersWorlds.Maps.Maze2DRendererTest.Maze2DToMap2DConverter_ThrowsIfInvalidOptions" methodname="Maze2DToMap2DConverter_ThrowsIfInvalidOptions" classname="PlayersWorlds.Maps.Maze2DRendererTest" runstate="Runnable" seed="848830116" result="Passed" start-time="2024-02-25T18:58:21.5825970Z" end-time="2024-02-25T18:58:21.5831250Z" duration="0.000529" asserts="6" />
          </test-suite>
          <test-suite type="TestFixture" id="1-1023" name="NArrayTest" fullname="PlayersWorlds.Maps.NArrayTest" classname="PlayersWorlds.Maps.NArrayTest" runstate="Runnable" testcasecount="24" result="Passed" start-time="2024-02-25T18:58:21.5831560Z" end-time="2024-02-25T18:58:21.5965270Z" duration="0.013371" total="24" passed="24" failed="0" warnings="0" inconclusive="0" skipped="0" asserts="83">
            <test-case id="1-1043" name="CellsAt_AnyCellAt2x2" fullname="PlayersWorlds.Maps.NArrayTest.CellsAt_AnyCellAt2x2" methodname="CellsAt_AnyCellAt2x2" classname="PlayersWorlds.Maps.NArrayTest" runstate="Runnable" seed="604563591" result="Passed" start-time="2024-02-25T18:58:21.5832030Z" end-time="2024-02-25T18:58:21.5843470Z" duration="0.001144" asserts="5" />
            <test-case id="1-1046" name="CellsAt_AnyCellAtCloseEdge2x2" fullname="PlayersWorlds.Maps.NArrayTest.CellsAt_AnyCellAtCloseEdge2x2" methodname="CellsAt_AnyCellAtCloseEdge2x2" classname="PlayersWorlds.Maps.NArrayTest" runstate="Runnable" seed="984851725" result="Passed" start-time="2024-02-25T18:58:21.5843580Z" end-time="2024-02-25T18:58:21.5847020Z" duration="0.000344" asserts="5" />
            <test-case id="1-1047" name="CellsAt_AnyCellAtZeroSize" fullname="PlayersWorlds.Maps.NArrayTest.CellsAt_AnyCellAtZeroSize" methodname="CellsAt_AnyCellAtZeroSize" classname="PlayersWorlds.Maps.NArrayTest" runstate="Runnable" seed="24062172" result="Passed" start-time="2024-02-25T18:58:21.5847090Z" end-time="2024-02-25T18:58:21.5853830Z" duration="0.000674" asserts="1" />
            <test-case id="1-1024" name="NArray_Constructor_CreatesCorrectSize" fullname="PlayersWorlds.Maps.NArrayTest.NArray_Constructor_CreatesCorrectSize" methodname="NArray_Constructor_CreatesCorrectSize" classname="PlayersWorlds.Maps.NArrayTest" runstate="Runnable" seed="744087744" result="Passed" start-time="2024-02-25T18:58:21.5853940Z" end-time="2024-02-25T18:58:21.5857470Z" duration="0.000353" asserts="2" />
            <test-case id="1-1025" name="NArray_Constructor_SetsInitialValues" fullname="PlayersWorlds.Maps.NArrayTest.NArray_Constructor_SetsInitialValues" methodname="NArray_Constructor_SetsInitialValues" classname="PlayersWorlds.Maps.NArrayTest" runstate="Runnable" seed="687257153" result="Passed" start-time="2024-02-25T18:58:21.5857550Z" end-time="2024-02-25T18:58:21.5865780Z" duration="0.000823" asserts="4" />
            <test-case id="1-1026" name="NArray_Constructor_ThrowsOnInvalidSize" fullname="PlayersWorlds.Maps.NArrayTest.NArray_Constructor_ThrowsOnInvalidSize" methodname="NArray_Constructor_ThrowsOnInvalidSize" classname="PlayersWorlds.Maps.NArrayTest" runstate="Runnable" seed="823369136" result="Passed" start-time="2024-02-25T18:58:21.5865880Z" end-time="2024-02-25T18:58:21.5868460Z" duration="0.000258" asserts="1" />
            <test-case id="1-1027" name="NArray_Indexing_GetValuesCorrectly" fullname="PlayersWorlds.Maps.NArrayTest.NArray_Indexing_GetValuesCorrectly" methodname="NArray_Indexing_GetValuesCorrectly" classname="PlayersWorlds.Maps.NArrayTest" runstate="Runnable" seed="1702299420" result="Passed" start-time="2024-02-25T18:58:21.5868540Z" end-time="2024-02-25T18:58:21.5870770Z" duration="0.000223" asserts="1" />
            <test-case id="1-1029" name="NArray_Indexing_SetsValuesCorrectly" fullname="PlayersWorlds.Maps.NArrayTest.NArray_Indexing_SetsValuesCorrectly" methodname="NArray_Indexing_SetsValuesCorrectly" classname="PlayersWorlds.Maps.NArrayTest" runstate="Runnable" seed="2087991789" result="Passed" start-time="2024-02-25T18:58:21.5870840Z" end-time="2024-02-25T18:58:21.5872230Z" duration="0.000139" asserts="1" />
            <test-case id="1-1028" name="NArray_Indexing_ThrowsOnOutOfBounds" fullname="PlayersWorlds.Maps.NArrayTest.NArray_Indexing_ThrowsOnOutOfBounds" methodname="NArray_Indexing_ThrowsOnOutOfBounds" classname="PlayersWorlds.Maps.NArrayTest" runstate="Runnable" seed="1732544772" result="Passed" start-time="2024-02-25T18:58:21.5872300Z" end-time="2024-02-25T18:58:21.5879100Z" duration="0.000679" asserts="4" />
            <test-case id="1-1040" name="NArray_Iterate_FourCellsFar" fullname="PlayersWorlds.Maps.NArrayTest.NArray_Iterate_FourCellsFar" methodname="NArray_Iterate_FourCellsFar" classname="PlayersWorlds.Maps.NArrayTest" runstate="Runnable" seed="67989578" result="Passed" start-time="2024-02-25T18:58:21.5879180Z" end-time="2024-02-25T18:58:21.5891400Z" duration="0.001222" asserts="5" />
            <test-case id="1-1037" name="NArray_Iterate_OneCell" fullname="PlayersWorlds.Maps.NArrayTest.NArray_Iterate_OneCell" methodname="NArray_Iterate_OneCell" classname="PlayersWorlds.Maps.NArrayTest" runstate="Runnable" seed="688327721" result="Passed" start-time="2024-02-25T18:58:21.5891520Z" end-time="2024-02-25T18:58:21.5894530Z" duration="0.000301" asserts="2" />
            <test-case id="1-1041" name="NArray_Iterate_OutOfBounds" fullname="PlayersWorlds.Maps.NArrayTest.NArray_Iterate_OutOfBounds" methodname="NArray_Iterate_OutOfBounds" classname="PlayersWorlds.Maps.NArrayTest" runstate="Runnable" seed="1928496667" result="Passed" start-time="2024-02-25T18:58:21.5894610Z" end-time="2024-02-25T18:58:21.5898490Z" duration="0.000388" asserts="4" />
            <test-case id="1-1030" name="NArray_Iterate_TraversesAllCells" fullname="PlayersWorlds.Maps.NArrayTest.NArray_Iterate_TraversesAllCells" methodname="NArray_Iterate_TraversesAllCells" classname="PlayersWorlds.Maps.NArrayTest" runstate="Runnable" seed="1085911946" result="Passed" start-time="2024-02-25T18:58:21.5898560Z" end-time="2024-02-25T18:58:21.5903160Z" duration="0.000460" asserts="13" />
            <test-case id="1-1039" name="NArray_Iterate_TreeByTwo" fullname="PlayersWorlds.Maps.NArrayTest.NArray_Iterate_TreeByTwo" methodname="NArray_Iterate_TreeByTwo" classname="PlayersWorlds.Maps.NArrayTest" runstate="Runnable" seed="829712086" result="Passed" start-time="2024-02-25T18:58:21.5903250Z" end-time="2024-02-25T18:58:21.5907800Z" duration="0.000455" asserts="7" />
            <test-case id="1-1038" name="NArray_Iterate_TwoCells" fullname="PlayersWorlds.Maps.NArrayTest.NArray_Iterate_TwoCells" methodname="NArray_Iterate_TwoCells" classname="PlayersWorlds.Maps.NArrayTest" runstate="Runnable" seed="16304976" result="Passed" start-time="2024-02-25T18:58:21.5907870Z" end-time="2024-02-25T18:58:21.5913450Z" duration="0.000558" asserts="3" />
            <test-case id="1-1035" name="NArray_IterateAdjacentCells_ReturnsCorrectNeighbors" fullname="PlayersWorlds.Maps.NArrayTest.NArray_IterateAdjacentCells_ReturnsCorrectNeighbors" methodname="NArray_IterateAdjacentCells_ReturnsCorrectNeighbors" classname="PlayersWorlds.Maps.NArrayTest" runstate="Runnable" seed="491764465" result="Passed" start-time="2024-02-25T18:58:21.5913530Z" end-time="2024-02-25T18:58:21.5930450Z" duration="0.001692" asserts="6" />
            <test-case id="1-1036" name="NArray_IterateAdjacentCells_ReturnsCorrectNeighborsIn4DSpace" fullname="PlayersWorlds.Maps.NArrayTest.NArray_IterateAdjacentCells_ReturnsCorrectNeighborsIn4DSpace" methodname="NArray_IterateAdjacentCells_ReturnsCorrectNeighborsIn4DSpace" classname="PlayersWorlds.Maps.NArrayTest" runstate="Runnable" seed="1758047284" result="Passed" start-time="2024-02-25T18:58:21.5930570Z" end-time="2024-02-25T18:58:21.5935700Z" duration="0.000513" asserts="6" />
            <test-case id="1-1044" name="NArray_IterateIntersection_AnyCellAtEdge1x1" fullname="PlayersWorlds.Maps.NArrayTest.NArray_IterateIntersection_AnyCellAtEdge1x1" methodname="NArray_IterateIntersection_AnyCellAtEdge1x1" classname="PlayersWorlds.Maps.NArrayTest" runstate="Runnable" seed="1240764003" result="Passed" start-time="2024-02-25T18:58:21.5935810Z" end-time="2024-02-25T18:58:21.5937950Z" duration="0.000215" asserts="2" />
            <test-case id="1-1045" name="NArray_IterateIntersection_AnyCellAtFarEdge2x2" fullname="PlayersWorlds.Maps.NArrayTest.NArray_IterateIntersection_AnyCellAtFarEdge2x2" methodname="NArray_IterateIntersection_AnyCellAtFarEdge2x2" classname="PlayersWorlds.Maps.NArrayTest" runstate="Runnable" seed="833437641" result="Passed" start-time="2024-02-25T18:58:21.5938030Z" end-time="2024-02-25T18:58:21.5940060Z" duration="0.000203" asserts="2" />
            <test-case id="1-1042" name="NArray_IterateIntersection_AnyCellAtP1x1" fullname="PlayersWorlds.Maps.NArrayTest.NArray_IterateIntersection_AnyCellAtP1x1" methodname="NArray_IterateIntersection_AnyCellAtP1x1" classname="PlayersWorlds.Maps.NArrayTest" runstate="Runnable" seed="82525421" result="Passed" start-time="2024-02-25T18:58:21.5940140Z" end-time="2024-02-25T18:58:21.5942290Z" duration="0.000216" asserts="2" />
            <test-case id="1-1034" name="NArray_IterateIntersection_HandlesOverlap" fullname="PlayersWorlds.Maps.NArrayTest.NArray_IterateIntersection_HandlesOverlap" methodname="NArray_IterateIntersection_HandlesOverlap" classname="PlayersWorlds.Maps.NArrayTest" runstate="Runnable" seed="853845332" result="Passed" start-time="2024-02-25T18:58:21.5942360Z" end-time="2024-02-25T18:58:21.5949660Z" duration="0.000729" asserts="1" />
            <test-case id="1-1033" name="NArray_IterateRegion_HandlesDimensionsMismatch" fullname="PlayersWorlds.Maps.NArrayTest.NArray_IterateRegion_HandlesDimensionsMismatch" methodname="NArray_IterateRegion_HandlesDimensionsMismatch" classname="PlayersWorlds.Maps.NArrayTest" runstate="Runnable" seed="745816540" result="Passed" start-time="2024-02-25T18:58:21.5949740Z" end-time="2024-02-25T18:58:21.5958470Z" duration="0.000873" asserts="3" />
            <test-case id="1-1032" name="NArray_IterateRegion_HandlesOutOfBounds" fullname="PlayersWorlds.Maps.NArrayTest.NArray_IterateRegion_HandlesOutOfBounds" methodname="NArray_IterateRegion_HandlesOutOfBounds" classname="PlayersWorlds.Maps.NArrayTest" runstate="Runnable" seed="972500867" result="Passed" start-time="2024-02-25T18:58:21.5958580Z" end-time="2024-02-25T18:58:21.5962830Z" duration="0.000425" asserts="2" />
            <test-case id="1-1031" name="NArray_IterateRegion_ReturnsCorrectCells" fullname="PlayersWorlds.Maps.NArrayTest.NArray_IterateRegion_ReturnsCorrectCells" methodname="NArray_IterateRegion_ReturnsCorrectCells" classname="PlayersWorlds.Maps.NArrayTest" runstate="Runnable" seed="1825333858" result="Passed" start-time="2024-02-25T18:58:21.5962910Z" end-time="2024-02-25T18:58:21.5965140Z" duration="0.000223" asserts="1" />
          </test-suite>
          <test-suite type="TestFixture" id="1-1048" name="OptionalTest" fullname="PlayersWorlds.Maps.OptionalTest" classname="PlayersWorlds.Maps.OptionalTest" runstate="Runnable" testcasecount="7" result="Passed" start-time="2024-02-25T18:58:21.5965400Z" end-time="2024-02-25T18:58:21.5980940Z" duration="0.001555" total="7" passed="7" failed="0" warnings="0" inconclusive="0" skipped="0" asserts="25">
            <test-case id="1-1054" name="Optional_CanBeCastToT" fullname="PlayersWorlds.Maps.OptionalTest.Optional_CanBeCastToT" methodname="Optional_CanBeCastToT" classname="PlayersWorlds.Maps.OptionalTest" runstate="Runnable" seed="334172113" result="Passed" start-time="2024-02-25T18:58:21.5965800Z" end-time="2024-02-25T18:58:21.5967030Z" duration="0.000123" asserts="1" />
            <test-case id="1-1049" name="Optional_Equality" fullname="PlayersWorlds.Maps.OptionalTest.Optional_Equality" methodname="Optional_Equality" classname="PlayersWorlds.Maps.OptionalTest" runstate="Runnable" seed="1743726746" result="Passed" start-time="2024-02-25T18:58:21.5967100Z" end-time="2024-02-25T18:58:21.5969030Z" duration="0.000193" asserts="3" />
            <test-case id="1-1051" name="Optional_Equals" fullname="PlayersWorlds.Maps.OptionalTest.Optional_Equals" methodname="Optional_Equals" classname="PlayersWorlds.Maps.OptionalTest" runstate="Runnable" seed="1924831896" result="Passed" start-time="2024-02-25T18:58:21.5969100Z" end-time="2024-02-25T18:58:21.5971900Z" duration="0.000280" asserts="5" />
            <test-case id="1-1053" name="Optional_GetHashCode" fullname="PlayersWorlds.Maps.OptionalTest.Optional_GetHashCode" methodname="Optional_GetHashCode" classname="PlayersWorlds.Maps.OptionalTest" runstate="Runnable" seed="1062799726" result="Passed" start-time="2024-02-25T18:58:21.5971970Z" end-time="2024-02-25T18:58:21.5974020Z" duration="0.000204" asserts="3" />
            <test-case id="1-1052" name="Optional_Null" fullname="PlayersWorlds.Maps.OptionalTest.Optional_Null" methodname="Optional_Null" classname="PlayersWorlds.Maps.OptionalTest" runstate="Runnable" seed="33527432" result="Passed" start-time="2024-02-25T18:58:21.5974090Z" end-time="2024-02-25T18:58:21.5977850Z" duration="0.000377" asserts="9" />
            <test-case id="1-1050" name="Optional_ThrowsIfNoValue" fullname="PlayersWorlds.Maps.OptionalTest.Optional_ThrowsIfNoValue" methodname="Optional_ThrowsIfNoValue" classname="PlayersWorlds.Maps.OptionalTest" runstate="Runnable" seed="1298390086" result="Passed" start-time="2024-02-25T18:58:21.5977930Z" end-time="2024-02-25T18:58:21.5979290Z" duration="0.000135" asserts="2" />
            <test-case id="1-1055" name="Optional_ToStringShowsValue" fullname="PlayersWorlds.Maps.OptionalTest.Optional_ToStringShowsValue" methodname="Optional_ToStringShowsValue" classname="PlayersWorlds.Maps.OptionalTest" runstate="Runnable" seed="1280494934" result="Passed" start-time="2024-02-25T18:58:21.5979350Z" end-time="2024-02-25T18:58:21.5980840Z" duration="0.000149" asserts="2" />
          </test-suite>
          <test-suite type="TestSuite" id="1-2039" name="Renderers" fullname="PlayersWorlds.Maps.Renderers" runstate="Runnable" testcasecount="1" result="Passed" start-time="2024-02-25T18:58:04.9973110Z" end-time="2024-02-25T18:58:21.5989330Z" duration="16.601623" total="1" passed="1" failed="0" warnings="0" inconclusive="0" skipped="0" asserts="1">
            <test-suite type="TestFixture" id="1-1107" name="Map2DStringRendererTest" fullname="PlayersWorlds.Maps.Renderers.Map2DStringRendererTest" classname="PlayersWorlds.Maps.Renderers.Map2DStringRendererTest" runstate="Runnable" testcasecount="1" result="Passed" start-time="2024-02-25T18:58:21.5981070Z" end-time="2024-02-25T18:58:21.5989270Z" duration="0.000820" total="1" passed="1" failed="0" warnings="0" inconclusive="0" skipped="0" asserts="1">
              <test-case id="1-1108" name="TestRender" fullname="PlayersWorlds.Maps.Renderers.Map2DStringRendererTest.TestRender" methodname="TestRender" classname="PlayersWorlds.Maps.Renderers.Map2DStringRendererTest" runstate="Runnable" seed="447645289" result="Passed" start-time="2024-02-25T18:58:21.5981460Z" end-time="2024-02-25T18:58:21.5989160Z" duration="0.000770" asserts="1" />
            </test-suite>
          </test-suite>
          <test-suite type="TestFixture" id="1-1065" name="VectorDTest" fullname="PlayersWorlds.Maps.VectorDTest" classname="PlayersWorlds.Maps.VectorDTest" runstate="Runnable" testcasecount="11" result="Passed" start-time="2024-02-25T18:58:21.5989440Z" end-time="2024-02-25T18:58:21.6019070Z" duration="0.002963" total="11" passed="11" failed="0" warnings="0" inconclusive="0" skipped="0" asserts="33">
            <test-case id="1-1073" name="CanAddAndSubtract" fullname="PlayersWorlds.Maps.VectorDTest.CanAddAndSubtract" methodname="CanAddAndSubtract" classname="PlayersWorlds.Maps.VectorDTest" runstate="Runnable" seed="1519864615" result="Passed" start-time="2024-02-25T18:58:21.5989840Z" end-time="2024-02-25T18:58:21.5992630Z" duration="0.000279" asserts="5" />
            <test-case id="1-1074" name="ConstructorChecksArguments" fullname="PlayersWorlds.Maps.VectorDTest.ConstructorChecksArguments" methodname="ConstructorChecksArguments" classname="PlayersWorlds.Maps.VectorDTest" runstate="Runnable" seed="1247899638" result="Passed" start-time="2024-02-25T18:58:21.5992710Z" end-time="2024-02-25T18:58:21.5997590Z" duration="0.000488" asserts="1" />
            <test-case id="1-1067" name="EqualityIsCheckedByValue" fullname="PlayersWorlds.Maps.VectorDTest.EqualityIsCheckedByValue" methodname="EqualityIsCheckedByValue" classname="PlayersWorlds.Maps.VectorDTest" runstate="Runnable" seed="1979657423" result="Passed" start-time="2024-02-25T18:58:21.5997660Z" end-time="2024-02-25T18:58:21.5999650Z" duration="0.000199" asserts="4" />
            <test-case id="1-1068" name="GetHashCodeIsDerivedFromValue" fullname="PlayersWorlds.Maps.VectorDTest.GetHashCodeIsDerivedFromValue" methodname="GetHashCodeIsDerivedFromValue" classname="PlayersWorlds.Maps.VectorDTest" runstate="Runnable" seed="1090917546" result="Passed" start-time="2024-02-25T18:58:21.5999720Z" end-time="2024-02-25T18:58:21.6002020Z" duration="0.000230" asserts="1" />
            <test-case id="1-1071" name="InitializedAsNull" fullname="PlayersWorlds.Maps.VectorDTest.InitializedAsNull" methodname="InitializedAsNull" classname="PlayersWorlds.Maps.VectorDTest" runstate="Runnable" seed="579321241" result="Passed" start-time="2024-02-25T18:58:21.6002090Z" end-time="2024-02-25T18:58:21.6003040Z" duration="0.000096" asserts="1" />
            <test-case id="1-1070" name="InitializedEmpty" fullname="PlayersWorlds.Maps.VectorDTest.InitializedEmpty" methodname="InitializedEmpty" classname="PlayersWorlds.Maps.VectorDTest" runstate="Runnable" seed="1307081134" result="Passed" start-time="2024-02-25T18:58:21.6003110Z" end-time="2024-02-25T18:58:21.6005630Z" duration="0.000252" asserts="4" />
            <test-case id="1-1066" name="IsInitialized" fullname="PlayersWorlds.Maps.VectorDTest.IsInitialized" methodname="IsInitialized" classname="PlayersWorlds.Maps.VectorDTest" runstate="Runnable" seed="1602667372" result="Passed" start-time="2024-02-25T18:58:21.6005700Z" end-time="2024-02-25T18:58:21.6007070Z" duration="0.000137" asserts="2" />
            <test-case id="1-1072" name="IsZero" fullname="PlayersWorlds.Maps.VectorDTest.IsZero" methodname="IsZero" classname="PlayersWorlds.Maps.VectorDTest" runstate="Runnable" seed="1829987024" result="Passed" start-time="2024-02-25T18:58:21.6007140Z" end-time="2024-02-25T18:58:21.6009490Z" duration="0.000236" asserts="3" />
            <test-case id="1-1075" name="SnappedForce" fullname="PlayersWorlds.Maps.VectorDTest.SnappedForce" methodname="SnappedForce" classname="PlayersWorlds.Maps.VectorDTest" runstate="Runnable" seed="1714749739" result="Passed" start-time="2024-02-25T18:58:21.6009570Z" end-time="2024-02-25T18:58:21.6014300Z" duration="0.000474" asserts="9" />
            <test-case id="1-1069" name="ToStringFormat" fullname="PlayersWorlds.Maps.VectorDTest.ToStringFormat" methodname="ToStringFormat" classname="PlayersWorlds.Maps.VectorDTest" runstate="Runnable" seed="1850236875" result="Passed" start-time="2024-02-25T18:58:21.6014380Z" end-time="2024-02-25T18:58:21.6015090Z" duration="0.000072" asserts="1" />
            <test-case id="1-1076" name="VectorD_Parse" fullname="PlayersWorlds.Maps.VectorDTest.VectorD_Parse" methodname="VectorD_Parse" classname="PlayersWorlds.Maps.VectorDTest" runstate="Runnable" seed="1661554950" result="Passed" start-time="2024-02-25T18:58:21.6015150Z" end-time="2024-02-25T18:58:21.6018960Z" duration="0.000381" asserts="2" />
          </test-suite>
          <test-suite type="TestFixture" id="1-1077" name="VectorTest" fullname="PlayersWorlds.Maps.VectorTest" classname="PlayersWorlds.Maps.VectorTest" runstate="Runnable" testcasecount="29" result="Passed" start-time="2024-02-25T18:58:21.6019200Z" end-time="2024-02-25T18:58:21.6085320Z" duration="0.006612" total="29" passed="29" failed="0" warnings="0" inconclusive="0" skipped="0" asserts="229">
            <test-case id="1-1094" name="FitsInto" fullname="PlayersWorlds.Maps.VectorTest.FitsInto" methodname="FitsInto" classname="PlayersWorlds.Maps.VectorTest" runstate="Runnable" seed="2094808018" result="Passed" start-time="2024-02-25T18:58:21.6019590Z" end-time="2024-02-25T18:58:21.6020820Z" duration="0.000124" asserts="3" />
            <test-case id="1-1097" name="FromIndex_Matches_FromIndex" fullname="PlayersWorlds.Maps.VectorTest.FromIndex_Matches_FromIndex" methodname="FromIndex_Matches_FromIndex" classname="PlayersWorlds.Maps.VectorTest" runstate="Runnable" seed="56244716" result="Passed" start-time="2024-02-25T18:58:21.6020900Z" end-time="2024-02-25T18:58:21.6021830Z" duration="0.000094" asserts="1" />
            <test-case id="1-1105" name="FromIndex_ShouldThrowException_DimensionMismatch" fullname="PlayersWorlds.Maps.VectorTest.FromIndex_ShouldThrowException_DimensionMismatch" methodname="FromIndex_ShouldThrowException_DimensionMismatch" classname="PlayersWorlds.Maps.VectorTest" runstate="Runnable" seed="295141434" result="Passed" start-time="2024-02-25T18:58:21.6021900Z" end-time="2024-02-25T18:58:21.6025400Z" duration="0.000350" asserts="1" />
            <test-case id="1-1095" name="IsIn" fullname="PlayersWorlds.Maps.VectorTest.IsIn" methodname="IsIn" classname="PlayersWorlds.Maps.VectorTest" runstate="Runnable" seed="1520881410" result="Passed" start-time="2024-02-25T18:58:21.6025480Z" end-time="2024-02-25T18:58:21.6027970Z" duration="0.000249" asserts="7" />
            <test-case id="1-1106" name="NorthEastComparer_ComparesCorrectly" fullname="PlayersWorlds.Maps.VectorTest.NorthEastComparer_ComparesCorrectly" methodname="NorthEastComparer_ComparesCorrectly" classname="PlayersWorlds.Maps.VectorTest" runstate="Runnable" seed="764829424" result="Passed" start-time="2024-02-25T18:58:21.6028040Z" end-time="2024-02-25T18:58:21.6036240Z" duration="0.000820" asserts="1" />
            <test-case id="1-1079" name="Size_NotInitialized" fullname="PlayersWorlds.Maps.VectorTest.Size_NotInitialized" methodname="Size_NotInitialized" classname="PlayersWorlds.Maps.VectorTest" runstate="Runnable" seed="1928931279" result="Passed" start-time="2024-02-25T18:58:21.6036320Z" end-time="2024-02-25T18:58:21.6038030Z" duration="0.000171" asserts="2" />
            <test-case id="1-1101" name="ToIndex_FromIndex_RoundTripConversion" fullname="PlayersWorlds.Maps.VectorTest.ToIndex_FromIndex_RoundTripConversion" methodname="ToIndex_FromIndex_RoundTripConversion" classname="PlayersWorlds.Maps.VectorTest" runstate="Runnable" seed="13981088" result="Passed" start-time="2024-02-25T18:58:21.6038100Z" end-time="2024-02-25T18:58:21.6043150Z" duration="0.000506" asserts="150" />
            <test-case id="1-1102" name="ToIndex_FromIndex_Valid5D" fullname="PlayersWorlds.Maps.VectorTest.ToIndex_FromIndex_Valid5D" methodname="ToIndex_FromIndex_Valid5D" classname="PlayersWorlds.Maps.VectorTest" runstate="Runnable" seed="1448129453" result="Passed" start-time="2024-02-25T18:58:21.6043220Z" end-time="2024-02-25T18:58:21.6054390Z" duration="0.001116" asserts="13" />
            <test-case id="1-1096" name="ToIndex_Matches_ToIndex" fullname="PlayersWorlds.Maps.VectorTest.ToIndex_Matches_ToIndex" methodname="ToIndex_Matches_ToIndex" classname="PlayersWorlds.Maps.VectorTest" runstate="Runnable" seed="721581813" result="Passed" start-time="2024-02-25T18:58:21.6054470Z" end-time="2024-02-25T18:58:21.6055340Z" duration="0.000087" asserts="1" />
            <test-case id="1-1098" name="ToIndex_ShouldCalculateCorrectIndex_1D" fullname="PlayersWorlds.Maps.VectorTest.ToIndex_ShouldCalculateCorrectIndex_1D" methodname="ToIndex_ShouldCalculateCorrectIndex_1D" classname="PlayersWorlds.Maps.VectorTest" runstate="Runnable" seed="2122383818" result="Passed" start-time="2024-02-25T18:58:21.6055400Z" end-time="2024-02-25T18:58:21.6056290Z" duration="0.000089" asserts="2" />
            <test-case id="1-1099" name="ToIndex_ShouldCalculateCorrectIndex_2D" fullname="PlayersWorlds.Maps.VectorTest.ToIndex_ShouldCalculateCorrectIndex_2D" methodname="ToIndex_ShouldCalculateCorrectIndex_2D" classname="PlayersWorlds.Maps.VectorTest" runstate="Runnable" seed="1275318309" result="Passed" start-time="2024-02-25T18:58:21.6056340Z" end-time="2024-02-25T18:58:21.6057200Z" duration="0.000085" asserts="2" />
            <test-case id="1-1100" name="ToIndex_ShouldCalculateCorrectIndex_3D" fullname="PlayersWorlds.Maps.VectorTest.ToIndex_ShouldCalculateCorrectIndex_3D" methodname="ToIndex_ShouldCalculateCorrectIndex_3D" classname="PlayersWorlds.Maps.VectorTest" runstate="Runnable" seed="785173560" result="Passed" start-time="2024-02-25T18:58:21.6057260Z" end-time="2024-02-25T18:58:21.6058100Z" duration="0.000085" asserts="2" />
            <test-case id="1-1104" name="ToIndex_ShouldThrowException_DimensionMismatch" fullname="PlayersWorlds.Maps.VectorTest.ToIndex_ShouldThrowException_DimensionMismatch" methodname="ToIndex_ShouldThrowException_DimensionMismatch" classname="PlayersWorlds.Maps.VectorTest" runstate="Runnable" seed="676699441" result="Passed" start-time="2024-02-25T18:58:21.6058160Z" end-time="2024-02-25T18:58:21.6059840Z" duration="0.000168" asserts="1" />
            <test-case id="1-1103" name="ToIndex_ShouldThrowException_DimensionOverflow" fullname="PlayersWorlds.Maps.VectorTest.ToIndex_ShouldThrowException_DimensionOverflow" methodname="ToIndex_ShouldThrowException_DimensionOverflow" classname="PlayersWorlds.Maps.VectorTest" runstate="Runnable" seed="1759024516" result="Passed" start-time="2024-02-25T18:58:21.6059910Z" end-time="2024-02-25T18:58:21.6061570Z" duration="0.000166" asserts="1" />
            <test-case id="1-1087" name="Vector_CanAddAndSubtract" fullname="PlayersWorlds.Maps.VectorTest.Vector_CanAddAndSubtract" methodname="Vector_CanAddAndSubtract" classname="PlayersWorlds.Maps.VectorTest" runstate="Runnable" seed="396967408" result="Passed" start-time="2024-02-25T18:58:21.6061650Z" end-time="2024-02-25T18:58:21.6065260Z" duration="0.000361" asserts="6" />
            <test-case id="1-1088" name="Vector_ConstructorChecksArguments" fullname="PlayersWorlds.Maps.VectorTest.Vector_ConstructorChecksArguments" methodname="Vector_ConstructorChecksArguments" classname="PlayersWorlds.Maps.VectorTest" runstate="Runnable" seed="858497448" result="Passed" start-time="2024-02-25T18:58:21.6065330Z" end-time="2024-02-25T18:58:21.6066180Z" duration="0.000086" asserts="1" />
            <test-case id="1-1085" name="Vector_EmptyIsEmpty" fullname="PlayersWorlds.Maps.VectorTest.Vector_EmptyIsEmpty" methodname="Vector_EmptyIsEmpty" classname="PlayersWorlds.Maps.VectorTest" runstate="Runnable" seed="1359365731" result="Passed" start-time="2024-02-25T18:58:21.6066250Z" end-time="2024-02-25T18:58:21.6066840Z" duration="0.000060" asserts="1" />
            <test-case id="1-1084" name="Vector_EmptyVectorIsEmpty" fullname="PlayersWorlds.Maps.VectorTest.Vector_EmptyVectorIsEmpty" methodname="Vector_EmptyVectorIsEmpty" classname="PlayersWorlds.Maps.VectorTest" runstate="Runnable" seed="917995426" result="Passed" start-time="2024-02-25T18:58:21.6066900Z" end-time="2024-02-25T18:58:21.6067440Z" duration="0.000055" asserts="1" />
            <test-case id="1-1080" name="Vector_EqualityIsCheckedByValue" fullname="PlayersWorlds.Maps.VectorTest.Vector_EqualityIsCheckedByValue" methodname="Vector_EqualityIsCheckedByValue" classname="PlayersWorlds.Maps.VectorTest" runstate="Runnable" seed="1206104058" result="Passed" start-time="2024-02-25T18:58:21.6067500Z" end-time="2024-02-25T18:58:21.6069930Z" duration="0.000243" asserts="5" />
            <test-case id="1-1092" name="Vector_FromIndex" fullname="PlayersWorlds.Maps.VectorTest.Vector_FromIndex" methodname="Vector_FromIndex" classname="PlayersWorlds.Maps.VectorTest" runstate="Runnable" seed="825391540" result="Passed" start-time="2024-02-25T18:58:21.6070000Z" end-time="2024-02-25T18:58:21.6071010Z" duration="0.000100" asserts="2" />
            <test-case id="1-1081" name="Vector_GetHashCodeIsDerivedFromValue" fullname="PlayersWorlds.Maps.VectorTest.Vector_GetHashCodeIsDerivedFromValue" methodname="Vector_GetHashCodeIsDerivedFromValue" classname="PlayersWorlds.Maps.VectorTest" runstate="Runnable" seed="744292862" result="Passed" start-time="2024-02-25T18:58:21.6071070Z" end-time="2024-02-25T18:58:21.6073160Z" duration="0.000210" asserts="2" />
            <test-case id="1-1078" name="Vector_IsInitialized" fullname="PlayersWorlds.Maps.VectorTest.Vector_IsInitialized" methodname="Vector_IsInitialized" classname="PlayersWorlds.Maps.VectorTest" runstate="Runnable" seed="2018371559" result="Passed" start-time="2024-02-25T18:58:21.6073230Z" end-time="2024-02-25T18:58:21.6073940Z" duration="0.000071" asserts="2" />
            <test-case id="1-1086" name="Vector_NotEqualToNull" fullname="PlayersWorlds.Maps.VectorTest.Vector_NotEqualToNull" methodname="Vector_NotEqualToNull" classname="PlayersWorlds.Maps.VectorTest" runstate="Runnable" seed="1515320769" result="Passed" start-time="2024-02-25T18:58:21.6074000Z" end-time="2024-02-25T18:58:21.6075180Z" duration="0.000119" asserts="3" />
            <test-case id="1-1090" name="Vector_SnappedForce" fullname="PlayersWorlds.Maps.VectorTest.Vector_SnappedForce" methodname="Vector_SnappedForce" classname="PlayersWorlds.Maps.VectorTest" runstate="Runnable" seed="1341292664" result="Passed" start-time="2024-02-25T18:58:21.6075250Z" end-time="2024-02-25T18:58:21.6078700Z" duration="0.000345" asserts="9" />
            <test-case id="1-1089" name="Vector_ThrowsIfNotAValidSize" fullname="PlayersWorlds.Maps.VectorTest.Vector_ThrowsIfNotAValidSize" methodname="Vector_ThrowsIfNotAValidSize" classname="PlayersWorlds.Maps.VectorTest" runstate="Runnable" seed="225410923" result="Passed" start-time="2024-02-25T18:58:21.6078760Z" end-time="2024-02-25T18:58:21.6080970Z" duration="0.000221" asserts="3" />
            <test-case id="1-1091" name="Vector_ToIndex" fullname="PlayersWorlds.Maps.VectorTest.Vector_ToIndex" methodname="Vector_ToIndex" classname="PlayersWorlds.Maps.VectorTest" runstate="Runnable" seed="677968756" result="Passed" start-time="2024-02-25T18:58:21.6081040Z" end-time="2024-02-25T18:58:21.6082650Z" duration="0.000161" asserts="3" />
            <test-case id="1-1082" name="Vector_ToStringFormat" fullname="PlayersWorlds.Maps.VectorTest.Vector_ToStringFormat" methodname="Vector_ToStringFormat" classname="PlayersWorlds.Maps.VectorTest" runstate="Runnable" seed="863598478" result="Passed" start-time="2024-02-25T18:58:21.6082710Z" end-time="2024-02-25T18:58:21.6083610Z" duration="0.000090" asserts="2" />
            <test-case id="1-1083" name="Vector_ZeroVectorIsNotEmpty" fullname="PlayersWorlds.Maps.VectorTest.Vector_ZeroVectorIsNotEmpty" methodname="Vector_ZeroVectorIsNotEmpty" classname="PlayersWorlds.Maps.VectorTest" runstate="Runnable" seed="456925363" result="Passed" start-time="2024-02-25T18:58:21.6083670Z" end-time="2024-02-25T18:58:21.6084440Z" duration="0.000077" asserts="1" />
            <test-case id="1-1093" name="VectorD_Parse" fullname="PlayersWorlds.Maps.VectorTest.VectorD_Parse" methodname="VectorD_Parse" classname="PlayersWorlds.Maps.VectorTest" runstate="Runnable" seed="54369975" result="Passed" start-time="2024-02-25T18:58:21.6084500Z" end-time="2024-02-25T18:58:21.6085190Z" duration="0.000069" asserts="1" />
          </test-suite>
        </test-suite>
      </test-suite>
      <test-suite type="TestFixture" id="1-1000" name="RandomAreaGeneratorTest" fullname="RandomAreaGeneratorTest" classname="RandomAreaGeneratorTest" runstate="Runnable" testcasecount="2" result="Passed" start-time="2024-02-25T18:58:21.6085560Z" end-time="2024-02-25T18:58:21.6168830Z" duration="0.008327" total="2" passed="2" failed="0" warnings="0" inconclusive="0" skipped="0" asserts="3042">
        <test-case id="1-1001" name="ZoneGenerator_CanGenerateZones" fullname="RandomAreaGeneratorTest.ZoneGenerator_CanGenerateZones" methodname="ZoneGenerator_CanGenerateZones" classname="RandomAreaGeneratorTest" runstate="Runnable" seed="430247680" result="Passed" start-time="2024-02-25T18:58:21.6085950Z" end-time="2024-02-25T18:58:21.6162670Z" duration="0.007672" asserts="3006" />
        <test-case id="1-1002" name="ZoneGenerator_CustomSettings" fullname="RandomAreaGeneratorTest.ZoneGenerator_CustomSettings" methodname="ZoneGenerator_CustomSettings" classname="RandomAreaGeneratorTest" runstate="Runnable" seed="1783364172" result="Passed" start-time="2024-02-25T18:58:21.6162760Z" end-time="2024-02-25T18:58:21.6168710Z" duration="0.000596" asserts="36" />
      </test-suite>
    </test-suite>
  </test-suite>
</test-run>