<?xml version="1.0" encoding="utf-8" standalone="no"?>
<test-run id="0" runstate="Runnable" testcasecount="1020" result="Skipped" label="Ignored" total="1020" passed="771" failed="0" warnings="0" inconclusive="1" skipped="248" asserts="19160" engine-version="3.17.0.0" clr-version="4.0.30319.42000" start-time="2024-06-28 21:57:10Z" end-time="2024-06-28 22:01:21Z" duration="250.479192">
  <command-line><![CDATA[/home/data/repos/github.com/aynurin/maze-gen/packages/NUnit.ConsoleRunner.3.17.0/tools/nunit3-console.exe build/Debug/tests/PlayersWorlds.Maps.Tests.dll --framework=mono-4.0]]></command-line>
  <test-suite type="Assembly" id="1-2067" name="PlayersWorlds.Maps.Tests.dll" fullname="/home/data/repos/github.com/aynurin/maze-gen/build/Debug/tests/PlayersWorlds.Maps.Tests.dll" runstate="Runnable" testcasecount="1020" result="Skipped" label="Ignored" site="Child" start-time="2024-06-28T21:57:10.9694220Z" end-time="2024-06-28T22:01:20.9231410Z" duration="249.953667" total="1020" passed="771" failed="0" warnings="0" inconclusive="1" skipped="248" asserts="19160">
    <environment framework-version="4.0.1.0" clr-version="4.0.30319.42000" os-version="Unix 6.1.84.1" platform="Unix" cwd="/home/data/repos/github.com/aynurin/maze-gen" machine-name="lightview" user="shav" user-domain="lightview" culture="en-US" uiculture="en-US" os-architecture="x64" />
    <settings>
      <setting name="RequestedRuntimeFramework" value="mono-4.0" />
      <setting name="DisposeRunners" value="True" />
      <setting name="WorkDirectory" value="/home/data/repos/github.com/aynurin/maze-gen" />
      <setting name="ImageRuntimeVersion" value="4.0.30319" />
      <setting name="ImageTargetFrameworkName" value=".NETFramework,Version=v4.7" />
      <setting name="ImageRequiresX86" value="False" />
      <setting name="ImageRequiresDefaultAppDomainAssemblyResolver" value="False" />
      <setting name="TargetRuntimeFramework" value="mono-4.0" />
      <setting name="NumberOfTestWorkers" value="24" />
    </settings>
    <properties>
      <property name="_PID" value="3666261" />
      <property name="_APPDOMAIN" value="domain-" />
    </properties>
    <reason>
      <message><![CDATA[One or more child tests were ignored]]></message>
    </reason>
    <test-suite type="SetUpFixture" id="1-1003" name="[default namespace]" fullname="TestsSetup" classname="TestsSetup" runstate="Runnable" testcasecount="1020" result="Skipped" label="Ignored" site="Child" start-time="2024-06-28T21:57:10.9747580Z" end-time="2024-06-28T22:01:20.9231300Z" duration="249.948371" total="1020" passed="771" failed="0" warnings="0" inconclusive="1" skipped="248" asserts="19160">
      <reason>
        <message><![CDATA[One or more child tests were ignored]]></message>
      </reason>
      <test-suite type="TestSuite" id="1-2068" name="PlayersWorlds" fullname="PlayersWorlds" runstate="Runnable" testcasecount="1018" result="Skipped" label="Ignored" site="Child" start-time="2024-06-28T21:57:10.9778720Z" end-time="2024-06-28T22:01:20.7934850Z" duration="249.815613" total="1018" passed="769" failed="0" warnings="0" inconclusive="1" skipped="248" asserts="16118">
        <reason>
          <message><![CDATA[One or more child tests were ignored]]></message>
        </reason>
        <test-suite type="TestSuite" id="1-2069" name="Maps" fullname="PlayersWorlds.Maps" runstate="Runnable" testcasecount="1018" result="Skipped" label="Ignored" site="Child" start-time="2024-06-28T21:57:10.9779040Z" end-time="2024-06-28T22:01:20.7934800Z" duration="249.815576" total="1018" passed="769" failed="0" warnings="0" inconclusive="1" skipped="248" asserts="16118">
          <reason>
            <message><![CDATA[One or more child tests were ignored]]></message>
          </reason>
          <test-suite type="TestSuite" id="1-2075" name="Areas" fullname="PlayersWorlds.Maps.Areas" runstate="Runnable" testcasecount="113" result="Passed" start-time="2024-06-28T21:57:10.9779310Z" end-time="2024-06-28T22:00:05.3664260Z" duration="174.388495" total="113" passed="112" failed="0" warnings="0" inconclusive="1" skipped="0" asserts="236">
            <test-suite type="TestSuite" id="1-2076" name="Evolving" fullname="PlayersWorlds.Maps.Areas.Evolving" runstate="Runnable" testcasecount="104" result="Passed" start-time="2024-06-28T21:57:10.9779370Z" end-time="2024-06-28T22:00:05.3460060Z" duration="174.368069" total="104" passed="103" failed="0" warnings="0" inconclusive="1" skipped="0" asserts="205">
              <test-suite type="TestFixture" id="1-1955" name="AreaDistributorIntegrationTest" fullname="PlayersWorlds.Maps.Areas.Evolving.AreaDistributorIntegrationTest" classname="PlayersWorlds.Maps.Areas.Evolving.AreaDistributorIntegrationTest" runstate="Runnable" testcasecount="79" result="Passed" start-time="2024-06-28T21:57:10.9779870Z" end-time="2024-06-28T21:57:18.6206670Z" duration="7.642679" total="79" passed="79" failed="0" warnings="0" inconclusive="0" skipped="0" asserts="158">
                <properties>
                  <property name="Category" value="Integration" />
                </properties>
                <test-suite type="ParameterizedMethod" id="1-2037" name="AreaDistributorTest_CanLayout" fullname="PlayersWorlds.Maps.Areas.Evolving.AreaDistributorIntegrationTest.AreaDistributorTest_CanLayout" classname="PlayersWorlds.Maps.Areas.Evolving.AreaDistributorIntegrationTest" runstate="Runnable" testcasecount="55" result="Passed" start-time="2024-06-28T21:57:10.9781590Z" end-time="2024-06-28T21:57:18.4572440Z" duration="7.479085" total="55" passed="55" failed="0" warnings="0" inconclusive="0" skipped="0" asserts="110">
                  <properties>
                    <property name="Category" value="Integration" />
                    <property name="Category" value="Smoke" />
                  </properties>
                  <test-case id="1-1982" name="AreaDistributorTest_CanLayout(&quot;Area:{13x8;0x0;False;Maze;;;[Area:{3x1;9x6;False;Maze;;;},Area:{2x1;1x4;False;Maze;;;}]}&quot;)" fullname="PlayersWorlds.Maps.Areas.Evolving.AreaDistributorIntegrationTest.AreaDistributorTest_CanLayout(&quot;Area:{13x8;0x0;False;Maze;;;[Area:{3x1;9x6;False;Maze;;;},Area:{2x1;1x4;False;Maze;;;}]}&quot;)" methodname="AreaDistributorTest_CanLayout" classname="PlayersWorlds.Maps.Areas.Evolving.AreaDistributorIntegrationTest" runstate="Runnable" seed="1269455657" result="Passed" start-time="2024-06-28T21:57:10.9782630Z" end-time="2024-06-28T21:57:11.0388180Z" duration="0.060624" asserts="2" />
                  <test-case id="1-1983" name="AreaDistributorTest_CanLayout(&quot;Area:{20x20;0x0;False;Maze;;;[Area:{5x3;14x14;False;Maze;;;},Area:{1x4;-2x14;False;Maze;;;},Area:{2x4;7x-3;False;Maze;;;},Area:{1x3;2x4;False;Maze;;;}]}&quot;)" fullname="PlayersWorlds.Maps.Areas.Evolving.AreaDistributorIntegrationTest.AreaDistributorTest_CanLayout(&quot;Area:{20x20;0x0;False;Maze;;;[Area:{5x3;14x14;False;Maze;;;},Area:{1x4;-2x14;False;Maze;;;},Area:{2x4;7x-3;False;Maze;;;},Area:{1x3;2x4;False;Maze;;;}]}&quot;)" methodname="AreaDistributorTest_CanLayout" classname="PlayersWorlds.Maps.Areas.Evolving.AreaDistributorIntegrationTest" runstate="Runnable" seed="1495122301" result="Passed" start-time="2024-06-28T21:57:11.0401050Z" end-time="2024-06-28T21:57:11.0963380Z" duration="0.056233" asserts="2" />
                  <test-case id="1-1984" name="AreaDistributorTest_CanLayout(&quot;Area:{6x14;0x0;False;Maze;;;[Area:{1x3;0x10;False;Maze;;;}]}&quot;)" fullname="PlayersWorlds.Maps.Areas.Evolving.AreaDistributorIntegrationTest.AreaDistributorTest_CanLayout(&quot;Area:{6x14;0x0;False;Maze;;;[Area:{1x3;0x10;False;Maze;;;}]}&quot;)" methodname="AreaDistributorTest_CanLayout" classname="PlayersWorlds.Maps.Areas.Evolving.AreaDistributorIntegrationTest" runstate="Runnable" seed="1952376938" result="Passed" start-time="2024-06-28T21:57:11.0963630Z" end-time="2024-06-28T21:57:11.1004810Z" duration="0.004118" asserts="2" />
                  <test-case id="1-1985" name="AreaDistributorTest_CanLayout(&quot;Area:{23x22;0x0;False;Maze;;;[Area:{6x2;11x10;False;Maze;;;},Area:{5x1;-1x14;False;Maze;;;},Area:{5x3;5x-3;False;Maze;;;},Area:{2x1;11x22;False;Maze;;;}]}&quot;)" fullname="PlayersWorlds.Maps.Areas.Evolving.AreaDistributorIntegrationTest.AreaDistributorTest_CanLayout(&quot;Area:{23x22;0x0;False;Maze;;;[Area:{6x2;11x10;False;Maze;;;},Area:{5x1;-1x14;False;Maze;;;},Area:{5x3;5x-3;False;Maze;;;},Area:{2x1;11x22;False;Maze;;;}]}&quot;)" methodname="AreaDistributorTest_CanLayout" classname="PlayersWorlds.Maps.Areas.Evolving.AreaDistributorIntegrationTest" runstate="Runnable" seed="509951850" result="Passed" start-time="2024-06-28T21:57:11.1004950Z" end-time="2024-06-28T21:57:11.1288610Z" duration="0.028367" asserts="2" />
                  <test-case id="1-1986" name="AreaDistributorTest_CanLayout(&quot;Area:{18x23;0x0;False;Maze;;;[Area:{5x5;-3x-8;False;Maze;;;},Area:{3x6;30x8;False;Maze;;;},Area:{4x4;9x3;False;Maze;;;},Area:{1x3;12x15;False;Maze;;;}]}&quot;)" fullname="PlayersWorlds.Maps.Areas.Evolving.AreaDistributorIntegrationTest.AreaDistributorTest_CanLayout(&quot;Area:{18x23;0x0;False;Maze;;;[Area:{5x5;-3x-8;False;Maze;;;},Area:{3x6;30x8;False;Maze;;;},Area:{4x4;9x3;False;Maze;;;},Area:{1x3;12x15;False;Maze;;;}]}&quot;)" methodname="AreaDistributorTest_CanLayout" classname="PlayersWorlds.Maps.Areas.Evolving.AreaDistributorIntegrationTest" runstate="Runnable" seed="238330698" result="Passed" start-time="2024-06-28T21:57:11.1288830Z" end-time="2024-06-28T21:57:11.1974150Z" duration="0.068532" asserts="2" />
                  <test-case id="1-1987" name="AreaDistributorTest_CanLayout(&quot;Area:{23x8;0x0;False;Maze;;;[Area:{4x1;4x7;False;Maze;;;},Area:{1x1;2x-1;False;Maze;;;}]}&quot;)" fullname="PlayersWorlds.Maps.Areas.Evolving.AreaDistributorIntegrationTest.AreaDistributorTest_CanLayout(&quot;Area:{23x8;0x0;False;Maze;;;[Area:{4x1;4x7;False;Maze;;;},Area:{1x1;2x-1;False;Maze;;;}]}&quot;)" methodname="AreaDistributorTest_CanLayout" classname="PlayersWorlds.Maps.Areas.Evolving.AreaDistributorIntegrationTest" runstate="Runnable" seed="628743978" result="Passed" start-time="2024-06-28T21:57:11.1974460Z" end-time="2024-06-28T21:57:11.2061920Z" duration="0.008746" asserts="2" />
                  <test-case id="1-1988" name="AreaDistributorTest_CanLayout(&quot;Area:{21x13;0x0;False;Maze;;;[Area:{6x3;8x-3;False;Maze;;;},Area:{6x3;8x4;False;Maze;;;},Area:{4x2;7x2;False;Maze;;;}]}&quot;)" fullname="PlayersWorlds.Maps.Areas.Evolving.AreaDistributorIntegrationTest.AreaDistributorTest_CanLayout(&quot;Area:{21x13;0x0;False;Maze;;;[Area:{6x3;8x-3;False;Maze;;;},Area:{6x3;8x4;False;Maze;;;},Area:{4x2;7x2;False;Maze;;;}]}&quot;)" methodname="AreaDistributorTest_CanLayout" classname="PlayersWorlds.Maps.Areas.Evolving.AreaDistributorIntegrationTest" runstate="Runnable" seed="1073749387" result="Passed" start-time="2024-06-28T21:57:11.2062060Z" end-time="2024-06-28T21:57:11.2323160Z" duration="0.026110" asserts="2" />
                  <test-case id="1-1989" name="AreaDistributorTest_CanLayout(&quot;Area:{16x14;0x0;False;Maze;;;[Area:{3x1;2x13;False;Maze;;;},Area:{4x3;11x-1;False;Maze;;;}]}&quot;)" fullname="PlayersWorlds.Maps.Areas.Evolving.AreaDistributorIntegrationTest.AreaDistributorTest_CanLayout(&quot;Area:{16x14;0x0;False;Maze;;;[Area:{3x1;2x13;False;Maze;;;},Area:{4x3;11x-1;False;Maze;;;}]}&quot;)" methodname="AreaDistributorTest_CanLayout" classname="PlayersWorlds.Maps.Areas.Evolving.AreaDistributorIntegrationTest" runstate="Runnable" seed="279498273" result="Passed" start-time="2024-06-28T21:57:11.2324030Z" end-time="2024-06-28T21:57:11.2430840Z" duration="0.010681" asserts="2" />
                  <test-case id="1-1990" name="AreaDistributorTest_CanLayout(&quot;Area:{24x12;0x0;False;Maze;;;[Area:{2x1;12x7;False;Maze;;;},Area:{5x2;14x-1;False;Maze;;;},Area:{1x1;16x11;False;Maze;;;}]}&quot;)" fullname="PlayersWorlds.Maps.Areas.Evolving.AreaDistributorIntegrationTest.AreaDistributorTest_CanLayout(&quot;Area:{24x12;0x0;False;Maze;;;[Area:{2x1;12x7;False;Maze;;;},Area:{5x2;14x-1;False;Maze;;;},Area:{1x1;16x11;False;Maze;;;}]}&quot;)" methodname="AreaDistributorTest_CanLayout" classname="PlayersWorlds.Maps.Areas.Evolving.AreaDistributorIntegrationTest" runstate="Runnable" seed="1857515553" result="Passed" start-time="2024-06-28T21:57:11.2431050Z" end-time="2024-06-28T21:57:11.2580100Z" duration="0.014906" asserts="2" />
                  <test-case id="1-1991" name="AreaDistributorTest_CanLayout(&quot;Area:{9x18;0x0;False;Maze;;;[Area:{2x2;2x10;False;Maze;;;},Area:{2x5;2x8;False;Maze;;;}]}&quot;)" fullname="PlayersWorlds.Maps.Areas.Evolving.AreaDistributorIntegrationTest.AreaDistributorTest_CanLayout(&quot;Area:{9x18;0x0;False;Maze;;;[Area:{2x2;2x10;False;Maze;;;},Area:{2x5;2x8;False;Maze;;;}]}&quot;)" methodname="AreaDistributorTest_CanLayout" classname="PlayersWorlds.Maps.Areas.Evolving.AreaDistributorIntegrationTest" runstate="Runnable" seed="1011000385" result="Passed" start-time="2024-06-28T21:57:11.2580220Z" end-time="2024-06-28T21:57:11.2656590Z" duration="0.007637" asserts="2" />
                  <test-case id="1-1992" name="AreaDistributorTest_CanLayout(&quot;Area:{9x18;0x0;False;Maze;;;[Area:{2x5;2x8;False;Maze;;;},Area:{2x2;2x10;False;Maze;;;}]}&quot;)" fullname="PlayersWorlds.Maps.Areas.Evolving.AreaDistributorIntegrationTest.AreaDistributorTest_CanLayout(&quot;Area:{9x18;0x0;False;Maze;;;[Area:{2x5;2x8;False;Maze;;;},Area:{2x2;2x10;False;Maze;;;}]}&quot;)" methodname="AreaDistributorTest_CanLayout" classname="PlayersWorlds.Maps.Areas.Evolving.AreaDistributorIntegrationTest" runstate="Runnable" seed="1308624896" result="Passed" start-time="2024-06-28T21:57:11.2656710Z" end-time="2024-06-28T21:57:11.2741680Z" duration="0.008497" asserts="2" />
                  <test-case id="1-1993" name="AreaDistributorTest_CanLayout(&quot;Area:{21x21;0x0;False;Maze;;;[Area:{6x6;-3x-3;False;Maze;;;},Area:{4x2;6x10;False;Maze;;;},Area:{2x2;9x16;False;Maze;;;},Area:{4x2;3x14;False;Maze;;;}]}&quot;)" fullname="PlayersWorlds.Maps.Areas.Evolving.AreaDistributorIntegrationTest.AreaDistributorTest_CanLayout(&quot;Area:{21x21;0x0;False;Maze;;;[Area:{6x6;-3x-3;False;Maze;;;},Area:{4x2;6x10;False;Maze;;;},Area:{2x2;9x16;False;Maze;;;},Area:{4x2;3x14;False;Maze;;;}]}&quot;)" methodname="AreaDistributorTest_CanLayout" classname="PlayersWorlds.Maps.Areas.Evolving.AreaDistributorIntegrationTest" runstate="Runnable" seed="1781209103" result="Passed" start-time="2024-06-28T21:57:11.2741810Z" end-time="2024-06-28T21:57:11.3337680Z" duration="0.059587" asserts="2" />
                  <test-case id="1-1994" name="AreaDistributorTest_CanLayout(&quot;Area:{14x24;0x0;False;Maze;;;[Area:{2x7;-9x5;False;Maze;;;},Area:{1x7;26x5;False;Maze;;;},Area:{3x7;3x11;False;Maze;;;},Area:{3x2;5x19;False;Maze;;;},Area:{2x5;3x6;False;Maze;;;},Area:{2x2;2x19;False;Maze;;;}]}&quot;)" fullname="PlayersWorlds.Maps.Areas.Evolving.AreaDistributorIntegrationTest.AreaDistributorTest_CanLayout(&quot;Area:{14x24;0x0;False;Maze;;;[Area:{2x7;-9x5;False;Maze;;;},Area:{1x7;26x5;False;Maze;;;},Area:{3x7;3x11;False;Maze;;;},Area:{3x2;5x19;False;Maze;;;},Area:{2x5;3x6;False;Maze;;;},Area:{2x2;2x19;False;Maze;;;}]}&quot;)" methodname="AreaDistributorTest_CanLayout" classname="PlayersWorlds.Maps.Areas.Evolving.AreaDistributorIntegrationTest" runstate="Runnable" seed="1772300547" result="Passed" start-time="2024-06-28T21:57:11.3337820Z" end-time="2024-06-28T21:57:11.4290620Z" duration="0.095280" asserts="2" />
                  <test-case id="1-1995" name="AreaDistributorTest_CanLayout(&quot;Area:{33x10;0x0;False;Maze;;;[Area:{10x1;13x11;False;Maze;;;},Area:{10x1;13x-1;False;Maze;;;},Area:{8x1;19x3;False;Maze;;;},Area:{9x1;4x6;False;Maze;;;},Area:{9x2;9x3;False;Maze;;;},Area:{3x2;2x3;False;Maze;;;}]}&quot;)" fullname="PlayersWorlds.Maps.Areas.Evolving.AreaDistributorIntegrationTest.AreaDistributorTest_CanLayout(&quot;Area:{33x10;0x0;False;Maze;;;[Area:{10x1;13x11;False;Maze;;;},Area:{10x1;13x-1;False;Maze;;;},Area:{8x1;19x3;False;Maze;;;},Area:{9x1;4x6;False;Maze;;;},Area:{9x2;9x3;False;Maze;;;},Area:{3x2;2x3;False;Maze;;;}]}&quot;)" methodname="AreaDistributorTest_CanLayout" classname="PlayersWorlds.Maps.Areas.Evolving.AreaDistributorIntegrationTest" runstate="Runnable" seed="1938133218" result="Passed" start-time="2024-06-28T21:57:11.4290750Z" end-time="2024-06-28T21:57:11.5121910Z" duration="0.083115" asserts="2" />
                  <test-case id="1-1996" name="AreaDistributorTest_CanLayout(&quot;Area:{6x49;0x0;False;Maze;;;[Area:{1x11;-1x5;False;Maze;;;},Area:{1x11;5x17;False;Maze;;;},Area:{1x9;2x23;False;Maze;;;},Area:{1x13;2x14;False;Maze;;;},Area:{1x9;0x12;False;Maze;;;}]}&quot;)" fullname="PlayersWorlds.Maps.Areas.Evolving.AreaDistributorIntegrationTest.AreaDistributorTest_CanLayout(&quot;Area:{6x49;0x0;False;Maze;;;[Area:{1x11;-1x5;False;Maze;;;},Area:{1x11;5x17;False;Maze;;;},Area:{1x9;2x23;False;Maze;;;},Area:{1x13;2x14;False;Maze;;;},Area:{1x9;0x12;False;Maze;;;}]}&quot;)" methodname="AreaDistributorTest_CanLayout" classname="PlayersWorlds.Maps.Areas.Evolving.AreaDistributorIntegrationTest" runstate="Runnable" seed="1859262031" result="Passed" start-time="2024-06-28T21:57:11.5122040Z" end-time="2024-06-28T21:57:11.5957310Z" duration="0.083527" asserts="2" />
                  <test-case id="1-1997" name="AreaDistributorTest_CanLayout(&quot;Area:{35x5;0x0;False;Maze;;;[Area:{10x1;5x-1;False;Maze;;;},Area:{8x1;23x4;False;Maze;;;},Area:{3x1;4x2;False;Maze;;;},Area:{2x1;12x2;False;Maze;;;}]}&quot;)" fullname="PlayersWorlds.Maps.Areas.Evolving.AreaDistributorIntegrationTest.AreaDistributorTest_CanLayout(&quot;Area:{35x5;0x0;False;Maze;;;[Area:{10x1;5x-1;False;Maze;;;},Area:{8x1;23x4;False;Maze;;;},Area:{3x1;4x2;False;Maze;;;},Area:{2x1;12x2;False;Maze;;;}]}&quot;)" methodname="AreaDistributorTest_CanLayout" classname="PlayersWorlds.Maps.Areas.Evolving.AreaDistributorIntegrationTest" runstate="Runnable" seed="1051463256" result="Passed" start-time="2024-06-28T21:57:11.5957560Z" end-time="2024-06-28T21:57:11.6349130Z" duration="0.039157" asserts="2" />
                  <test-case id="1-1998" name="AreaDistributorTest_CanLayout(&quot;Area:{42x5;0x0;False;Maze;;;[Area:{10x1;4x5;False;Maze;;;},Area:{3x1;30x1;False;Maze;;;},Area:{3x1;10x1;False;Maze;;;},Area:{1x1;2x2;False;Maze;;;}]}&quot;)" fullname="PlayersWorlds.Maps.Areas.Evolving.AreaDistributorIntegrationTest.AreaDistributorTest_CanLayout(&quot;Area:{42x5;0x0;False;Maze;;;[Area:{10x1;4x5;False;Maze;;;},Area:{3x1;30x1;False;Maze;;;},Area:{3x1;10x1;False;Maze;;;},Area:{1x1;2x2;False;Maze;;;}]}&quot;)" methodname="AreaDistributorTest_CanLayout" classname="PlayersWorlds.Maps.Areas.Evolving.AreaDistributorIntegrationTest" runstate="Runnable" seed="1269537877" result="Passed" start-time="2024-06-28T21:57:11.6349270Z" end-time="2024-06-28T21:57:11.6701910Z" duration="0.035264" asserts="2" />
                  <test-case id="1-1999" name="AreaDistributorTest_CanLayout(&quot;Area:{39x5;0x0;False;Maze;;;[Area:{10x1;14x5;False;Maze;;;},Area:{9x1;5x-1;False;Maze;;;},Area:{1x1;2x2;False;Maze;;;},Area:{8x1;10x4;False;Maze;;;}]}&quot;)" fullname="PlayersWorlds.Maps.Areas.Evolving.AreaDistributorIntegrationTest.AreaDistributorTest_CanLayout(&quot;Area:{39x5;0x0;False;Maze;;;[Area:{10x1;14x5;False;Maze;;;},Area:{9x1;5x-1;False;Maze;;;},Area:{1x1;2x2;False;Maze;;;},Area:{8x1;10x4;False;Maze;;;}]}&quot;)" methodname="AreaDistributorTest_CanLayout" classname="PlayersWorlds.Maps.Areas.Evolving.AreaDistributorIntegrationTest" runstate="Runnable" seed="1717804821" result="Passed" start-time="2024-06-28T21:57:11.6702050Z" end-time="2024-06-28T21:57:11.7052230Z" duration="0.035018" asserts="2" />
                  <test-case id="1-2000" name="AreaDistributorTest_CanLayout(&quot;Area:{6x47;0x0;False;Maze;;;[Area:{1x12;6x12;False;Maze;;;},Area:{1x5;3x13;False;Maze;;;},Area:{1x4;3x18;False;Maze;;;},Area:{1x6;3x38;False;Maze;;;},Area:{1x2;2x2;False;Maze;;;}]}&quot;)" fullname="PlayersWorlds.Maps.Areas.Evolving.AreaDistributorIntegrationTest.AreaDistributorTest_CanLayout(&quot;Area:{6x47;0x0;False;Maze;;;[Area:{1x12;6x12;False;Maze;;;},Area:{1x5;3x13;False;Maze;;;},Area:{1x4;3x18;False;Maze;;;},Area:{1x6;3x38;False;Maze;;;},Area:{1x2;2x2;False;Maze;;;}]}&quot;)" methodname="AreaDistributorTest_CanLayout" classname="PlayersWorlds.Maps.Areas.Evolving.AreaDistributorIntegrationTest" runstate="Runnable" seed="883775214" result="Passed" start-time="2024-06-28T21:57:11.7052470Z" end-time="2024-06-28T21:57:11.7898300Z" duration="0.084583" asserts="2" />
                  <test-case id="1-2001" name="AreaDistributorTest_CanLayout(&quot;Area:{6x47;0x0;False;Maze;;;[Area:{1x11;-1x28;False;Maze;;;},Area:{1x11;6x11;False;Maze;;;},Area:{1x11;6x6;False;Maze;;;},Area:{1x11;-1x6;False;Maze;;;},Area:{1x5;1x35;False;Maze;;;}]}&quot;)" fullname="PlayersWorlds.Maps.Areas.Evolving.AreaDistributorIntegrationTest.AreaDistributorTest_CanLayout(&quot;Area:{6x47;0x0;False;Maze;;;[Area:{1x11;-1x28;False;Maze;;;},Area:{1x11;6x11;False;Maze;;;},Area:{1x11;6x6;False;Maze;;;},Area:{1x11;-1x6;False;Maze;;;},Area:{1x5;1x35;False;Maze;;;}]}&quot;)" methodname="AreaDistributorTest_CanLayout" classname="PlayersWorlds.Maps.Areas.Evolving.AreaDistributorIntegrationTest" runstate="Runnable" seed="966517812" result="Passed" start-time="2024-06-28T21:57:11.7898490Z" end-time="2024-06-28T21:57:11.8639590Z" duration="0.074111" asserts="2" />
                  <test-case id="1-2002" name="AreaDistributorTest_CanLayout(&quot;Area:{6x47;0x0;False;Maze;;;[Area:{1x14;7x10;False;Maze;;;},Area:{1x3;2x41;False;Maze;;;},Area:{1x3;3x4;False;Maze;;;},Area:{1x4;3x10;False;Maze;;;},Area:{1x9;0x25;False;Maze;;;}]}&quot;)" fullname="PlayersWorlds.Maps.Areas.Evolving.AreaDistributorIntegrationTest.AreaDistributorTest_CanLayout(&quot;Area:{6x47;0x0;False;Maze;;;[Area:{1x14;7x10;False;Maze;;;},Area:{1x3;2x41;False;Maze;;;},Area:{1x3;3x4;False;Maze;;;},Area:{1x4;3x10;False;Maze;;;},Area:{1x9;0x25;False;Maze;;;}]}&quot;)" methodname="AreaDistributorTest_CanLayout" classname="PlayersWorlds.Maps.Areas.Evolving.AreaDistributorIntegrationTest" runstate="Runnable" seed="1739782589" result="Passed" start-time="2024-06-28T21:57:11.8639780Z" end-time="2024-06-28T21:57:11.9461150Z" duration="0.082137" asserts="2" />
                  <test-case id="1-2003" name="AreaDistributorTest_CanLayout(&quot;Area:{5x45;0x0;False;Maze;;;[Area:{1x10;-1x5;False;Maze;;;},Area:{1x12;-2x21;False;Maze;;;},Area:{1x14;7x17;False;Maze;;;},Area:{1x1;2x40;False;Maze;;;},Area:{1x4;1x29;False;Maze;;;}]}&quot;)" fullname="PlayersWorlds.Maps.Areas.Evolving.AreaDistributorIntegrationTest.AreaDistributorTest_CanLayout(&quot;Area:{5x45;0x0;False;Maze;;;[Area:{1x10;-1x5;False;Maze;;;},Area:{1x12;-2x21;False;Maze;;;},Area:{1x14;7x17;False;Maze;;;},Area:{1x1;2x40;False;Maze;;;},Area:{1x4;1x29;False;Maze;;;}]}&quot;)" methodname="AreaDistributorTest_CanLayout" classname="PlayersWorlds.Maps.Areas.Evolving.AreaDistributorIntegrationTest" runstate="Runnable" seed="2137962142" result="Passed" start-time="2024-06-28T21:57:11.9461420Z" end-time="2024-06-28T21:57:12.0224130Z" duration="0.076271" asserts="2" />
                  <test-case id="1-2004" name="AreaDistributorTest_CanLayout(&quot;Area:{46x5;0x0;False;Maze;;;[Area:{10x1;4x-1;False;Maze;;;},Area:{7x1;29x0;False;Maze;;;},Area:{2x1;29x2;False;Maze;;;},Area:{10x1;32x2;False;Maze;;;},Area:{5x1;17x0;False;Maze;;;}]}&quot;)" fullname="PlayersWorlds.Maps.Areas.Evolving.AreaDistributorIntegrationTest.AreaDistributorTest_CanLayout(&quot;Area:{46x5;0x0;False;Maze;;;[Area:{10x1;4x-1;False;Maze;;;},Area:{7x1;29x0;False;Maze;;;},Area:{2x1;29x2;False;Maze;;;},Area:{10x1;32x2;False;Maze;;;},Area:{5x1;17x0;False;Maze;;;}]}&quot;)" methodname="AreaDistributorTest_CanLayout" classname="PlayersWorlds.Maps.Areas.Evolving.AreaDistributorIntegrationTest" runstate="Runnable" seed="1078970281" result="Passed" start-time="2024-06-28T21:57:12.0224410Z" end-time="2024-06-28T21:57:12.0972860Z" duration="0.074846" asserts="2" />
                  <test-case id="1-2005" name="AreaDistributorTest_CanLayout(&quot;Area:{6x48;0x0;False;Maze;;;[Area:{1x14;-2x28;False;Maze;;;},Area:{1x12;6x6;False;Maze;;;},Area:{1x2;3x22;False;Maze;;;},Area:{1x7;1x14;False;Maze;;;},Area:{1x12;2x23;False;Maze;;;}]}&quot;)" fullname="PlayersWorlds.Maps.Areas.Evolving.AreaDistributorIntegrationTest.AreaDistributorTest_CanLayout(&quot;Area:{6x48;0x0;False;Maze;;;[Area:{1x14;-2x28;False;Maze;;;},Area:{1x12;6x6;False;Maze;;;},Area:{1x2;3x22;False;Maze;;;},Area:{1x7;1x14;False;Maze;;;},Area:{1x12;2x23;False;Maze;;;}]}&quot;)" methodname="AreaDistributorTest_CanLayout" classname="PlayersWorlds.Maps.Areas.Evolving.AreaDistributorIntegrationTest" runstate="Runnable" seed="345930447" result="Passed" start-time="2024-06-28T21:57:12.0973110Z" end-time="2024-06-28T21:57:12.1710040Z" duration="0.073693" asserts="2" />
                  <test-case id="1-2006" name="AreaDistributorTest_CanLayout(&quot;Area:{47x5;0x0;False;Maze;;;[Area:{13x1;30x-3;False;Maze;;;},Area:{11x1;24x-2;False;Maze;;;},Area:{14x1;17x7;False;Maze;;;},Area:{2x1;27x2;False;Maze;;;},Area:{4x1;4x1;False;Maze;;;}]}&quot;)" fullname="PlayersWorlds.Maps.Areas.Evolving.AreaDistributorIntegrationTest.AreaDistributorTest_CanLayout(&quot;Area:{47x5;0x0;False;Maze;;;[Area:{13x1;30x-3;False;Maze;;;},Area:{11x1;24x-2;False;Maze;;;},Area:{14x1;17x7;False;Maze;;;},Area:{2x1;27x2;False;Maze;;;},Area:{4x1;4x1;False;Maze;;;}]}&quot;)" methodname="AreaDistributorTest_CanLayout" classname="PlayersWorlds.Maps.Areas.Evolving.AreaDistributorIntegrationTest" runstate="Runnable" seed="1997941041" result="Passed" start-time="2024-06-28T21:57:12.1710260Z" end-time="2024-06-28T21:57:12.2300720Z" duration="0.059046" asserts="2" />
                  <test-case id="1-2007" name="AreaDistributorTest_CanLayout(&quot;Area:{5x45;0x0;False;Maze;;;[Area:{1x10;-2x13;False;Maze;;;},Area:{1x12;-2x7;False;Maze;;;},Area:{1x2;2x3;False;Maze;;;},Area:{1x8;0x3;False;Maze;;;},Area:{1x1;2x10;False;Maze;;;}]}&quot;)" fullname="PlayersWorlds.Maps.Areas.Evolving.AreaDistributorIntegrationTest.AreaDistributorTest_CanLayout(&quot;Area:{5x45;0x0;False;Maze;;;[Area:{1x10;-2x13;False;Maze;;;},Area:{1x12;-2x7;False;Maze;;;},Area:{1x2;2x3;False;Maze;;;},Area:{1x8;0x3;False;Maze;;;},Area:{1x1;2x10;False;Maze;;;}]}&quot;)" methodname="AreaDistributorTest_CanLayout" classname="PlayersWorlds.Maps.Areas.Evolving.AreaDistributorIntegrationTest" runstate="Runnable" seed="750728907" result="Passed" start-time="2024-06-28T21:57:12.2300870Z" end-time="2024-06-28T21:57:12.3229580Z" duration="0.092870" asserts="2" />
                  <test-case id="1-2008" name="AreaDistributorTest_CanLayout(&quot;Area:{5x47;0x0;False;Maze;;;[Area:{1x13;7x28;False;Maze;;;},Area:{1x11;6x15;False;Maze;;;},Area:{1x3;1x2;False;Maze;;;},Area:{1x2;2x40;False;Maze;;;},Area:{1x1;2x43;False;Maze;;;}]}&quot;)" fullname="PlayersWorlds.Maps.Areas.Evolving.AreaDistributorIntegrationTest.AreaDistributorTest_CanLayout(&quot;Area:{5x47;0x0;False;Maze;;;[Area:{1x13;7x28;False;Maze;;;},Area:{1x11;6x15;False;Maze;;;},Area:{1x3;1x2;False;Maze;;;},Area:{1x2;2x40;False;Maze;;;},Area:{1x1;2x43;False;Maze;;;}]}&quot;)" methodname="AreaDistributorTest_CanLayout" classname="PlayersWorlds.Maps.Areas.Evolving.AreaDistributorIntegrationTest" runstate="Runnable" seed="583586409" result="Passed" start-time="2024-06-28T21:57:12.3229750Z" end-time="2024-06-28T21:57:12.3803300Z" duration="0.057355" asserts="2" />
                  <test-case id="1-2009" name="AreaDistributorTest_CanLayout(&quot;Area:{5x36;0x0;False;Maze;;;[Area:{1x11;-2x21;False;Maze;;;},Area:{1x1;2x12;False;Maze;;;},Area:{1x2;2x15;False;Maze;;;},Area:{1x3;2x8;False;Maze;;;}]}&quot;)" fullname="PlayersWorlds.Maps.Areas.Evolving.AreaDistributorIntegrationTest.AreaDistributorTest_CanLayout(&quot;Area:{5x36;0x0;False;Maze;;;[Area:{1x11;-2x21;False;Maze;;;},Area:{1x1;2x12;False;Maze;;;},Area:{1x2;2x15;False;Maze;;;},Area:{1x3;2x8;False;Maze;;;}]}&quot;)" methodname="AreaDistributorTest_CanLayout" classname="PlayersWorlds.Maps.Areas.Evolving.AreaDistributorIntegrationTest" runstate="Runnable" seed="1801962995" result="Passed" start-time="2024-06-28T21:57:12.3803430Z" end-time="2024-06-28T21:57:12.4198320Z" duration="0.039489" asserts="2" />
                  <test-case id="1-2010" name="AreaDistributorTest_CanLayout(&quot;Area:{6x39;0x0;False;Maze;;;[Area:{1x11;-1x20;False;Maze;;;},Area:{1x2;3x19;False;Maze;;;},Area:{1x11;2x11;False;Maze;;;},Area:{1x5;2x20;False;Maze;;;},Area:{1x5;3x10;False;Maze;;;}]}&quot;)" fullname="PlayersWorlds.Maps.Areas.Evolving.AreaDistributorIntegrationTest.AreaDistributorTest_CanLayout(&quot;Area:{6x39;0x0;False;Maze;;;[Area:{1x11;-1x20;False;Maze;;;},Area:{1x2;3x19;False;Maze;;;},Area:{1x11;2x11;False;Maze;;;},Area:{1x5;2x20;False;Maze;;;},Area:{1x5;3x10;False;Maze;;;}]}&quot;)" methodname="AreaDistributorTest_CanLayout" classname="PlayersWorlds.Maps.Areas.Evolving.AreaDistributorIntegrationTest" runstate="Runnable" seed="1126643556" result="Passed" start-time="2024-06-28T21:57:12.4198550Z" end-time="2024-06-28T21:57:12.4701870Z" duration="0.050332" asserts="2" />
                  <test-case id="1-2011" name="AreaDistributorTest_CanLayout(&quot;Area:{44x6;0x0;False;Maze;;;[Area:{13x1;23x-2;False;Maze;;;},Area:{13x1;7x-2;False;Maze;;;},Area:{8x1;6x2;False;Maze;;;},Area:{2x1;37x3;False;Maze;;;},Area:{10x1;29x2;False;Maze;;;}]}&quot;)" fullname="PlayersWorlds.Maps.Areas.Evolving.AreaDistributorIntegrationTest.AreaDistributorTest_CanLayout(&quot;Area:{44x6;0x0;False;Maze;;;[Area:{13x1;23x-2;False;Maze;;;},Area:{13x1;7x-2;False;Maze;;;},Area:{8x1;6x2;False;Maze;;;},Area:{2x1;37x3;False;Maze;;;},Area:{10x1;29x2;False;Maze;;;}]}&quot;)" methodname="AreaDistributorTest_CanLayout" classname="PlayersWorlds.Maps.Areas.Evolving.AreaDistributorIntegrationTest" runstate="Runnable" seed="1149407704" result="Passed" start-time="2024-06-28T21:57:12.4702020Z" end-time="2024-06-28T21:57:12.5694340Z" duration="0.099232" asserts="2" />
                  <test-case id="1-2012" name="AreaDistributorTest_CanLayout(&quot;Area:{6x42;0x0;False;Maze;;;[Area:{1x11;-1x6;False;Maze;;;},Area:{1x13;-2x21;False;Maze;;;},Area:{1x3;3x36;False;Maze;;;},Area:{1x9;5x7;False;Maze;;;},Area:{1x10;0x27;False;Maze;;;}]}&quot;)" fullname="PlayersWorlds.Maps.Areas.Evolving.AreaDistributorIntegrationTest.AreaDistributorTest_CanLayout(&quot;Area:{6x42;0x0;False;Maze;;;[Area:{1x11;-1x6;False;Maze;;;},Area:{1x13;-2x21;False;Maze;;;},Area:{1x3;3x36;False;Maze;;;},Area:{1x9;5x7;False;Maze;;;},Area:{1x10;0x27;False;Maze;;;}]}&quot;)" methodname="AreaDistributorTest_CanLayout" classname="PlayersWorlds.Maps.Areas.Evolving.AreaDistributorIntegrationTest" runstate="Runnable" seed="771062772" result="Passed" start-time="2024-06-28T21:57:12.5694600Z" end-time="2024-06-28T21:57:12.6665470Z" duration="0.097087" asserts="2" />
                  <test-case id="1-2013" name="AreaDistributorTest_CanLayout(&quot;Area:{40x5;0x0;False;Maze;;;[Area:{12x1;8x6;False;Maze;;;},Area:{9x1;24x-1;False;Maze;;;},Area:{8x1;3x0;False;Maze;;;},Area:{2x1;23x2;False;Maze;;;}]}&quot;)" fullname="PlayersWorlds.Maps.Areas.Evolving.AreaDistributorIntegrationTest.AreaDistributorTest_CanLayout(&quot;Area:{40x5;0x0;False;Maze;;;[Area:{12x1;8x6;False;Maze;;;},Area:{9x1;24x-1;False;Maze;;;},Area:{8x1;3x0;False;Maze;;;},Area:{2x1;23x2;False;Maze;;;}]}&quot;)" methodname="AreaDistributorTest_CanLayout" classname="PlayersWorlds.Maps.Areas.Evolving.AreaDistributorIntegrationTest" runstate="Runnable" seed="643548371" result="Passed" start-time="2024-06-28T21:57:12.6665670Z" end-time="2024-06-28T21:57:12.7316580Z" duration="0.065092" asserts="2" />
                  <test-case id="1-2014" name="AreaDistributorTest_CanLayout(&quot;Area:{47x7;0x0;False;Maze;;;[Area:{14x1;19x7;False;Maze;;;},Area:{8x1;9x2;False;Maze;;;},Area:{8x1;7x4;False;Maze;;;},Area:{4x1;14x2;False;Maze;;;},Area:{10x1;28x5;False;Maze;;;},Area:{2x1;35x3;False;Maze;;;}]}&quot;)" fullname="PlayersWorlds.Maps.Areas.Evolving.AreaDistributorIntegrationTest.AreaDistributorTest_CanLayout(&quot;Area:{47x7;0x0;False;Maze;;;[Area:{14x1;19x7;False;Maze;;;},Area:{8x1;9x2;False;Maze;;;},Area:{8x1;7x4;False;Maze;;;},Area:{4x1;14x2;False;Maze;;;},Area:{10x1;28x5;False;Maze;;;},Area:{2x1;35x3;False;Maze;;;}]}&quot;)" methodname="AreaDistributorTest_CanLayout" classname="PlayersWorlds.Maps.Areas.Evolving.AreaDistributorIntegrationTest" runstate="Runnable" seed="1359495953" result="Passed" start-time="2024-06-28T21:57:12.7316720Z" end-time="2024-06-28T21:57:12.8657710Z" duration="0.134099" asserts="2" />
                  <test-case id="1-2015" name="AreaDistributorTest_CanLayout(&quot;Area:{48x6;0x0;False;Maze;;;[Area:{11x1;32x-1;False;Maze;;;},Area:{14x1;9x7;False;Maze;;;},Area:{13x1;5x7;False;Maze;;;},Area:{15x1;27x2;False;Maze;;;},Area:{3x1;5x3;False;Maze;;;}]}&quot;)" fullname="PlayersWorlds.Maps.Areas.Evolving.AreaDistributorIntegrationTest.AreaDistributorTest_CanLayout(&quot;Area:{48x6;0x0;False;Maze;;;[Area:{11x1;32x-1;False;Maze;;;},Area:{14x1;9x7;False;Maze;;;},Area:{13x1;5x7;False;Maze;;;},Area:{15x1;27x2;False;Maze;;;},Area:{3x1;5x3;False;Maze;;;}]}&quot;)" methodname="AreaDistributorTest_CanLayout" classname="PlayersWorlds.Maps.Areas.Evolving.AreaDistributorIntegrationTest" runstate="Runnable" seed="1636966506" result="Passed" start-time="2024-06-28T21:57:12.8662710Z" end-time="2024-06-28T21:57:12.9099730Z" duration="0.043702" asserts="2" />
                  <test-case id="1-2016" name="AreaDistributorTest_CanLayout(&quot;Area:{46x6;0x0;False;Maze;;;[Area:{13x1;20x-2;False;Maze;;;},Area:{14x1;10x7;False;Maze;;;},Area:{4x1;22x2;False;Maze;;;},Area:{6x1;35x3;False;Maze;;;},Area:{7x1;17x3;False;Maze;;;}]}&quot;)" fullname="PlayersWorlds.Maps.Areas.Evolving.AreaDistributorIntegrationTest.AreaDistributorTest_CanLayout(&quot;Area:{46x6;0x0;False;Maze;;;[Area:{13x1;20x-2;False;Maze;;;},Area:{14x1;10x7;False;Maze;;;},Area:{4x1;22x2;False;Maze;;;},Area:{6x1;35x3;False;Maze;;;},Area:{7x1;17x3;False;Maze;;;}]}&quot;)" methodname="AreaDistributorTest_CanLayout" classname="PlayersWorlds.Maps.Areas.Evolving.AreaDistributorIntegrationTest" runstate="Runnable" seed="651740921" result="Passed" start-time="2024-06-28T21:57:12.9099860Z" end-time="2024-06-28T21:57:13.0092980Z" duration="0.099313" asserts="2" />
                  <test-case id="1-2017" name="AreaDistributorTest_CanLayout(&quot;Area:{6x39;0x0;False;Maze;;;[Area:{1x11;-1x10;False;Maze;;;},Area:{1x7;0x3;False;Maze;;;},Area:{1x10;0x11;False;Maze;;;},Area:{1x7;2x20;False;Maze;;;},Area:{1x6;3x26;False;Maze;;;}]}&quot;)" fullname="PlayersWorlds.Maps.Areas.Evolving.AreaDistributorIntegrationTest.AreaDistributorTest_CanLayout(&quot;Area:{6x39;0x0;False;Maze;;;[Area:{1x11;-1x10;False;Maze;;;},Area:{1x7;0x3;False;Maze;;;},Area:{1x10;0x11;False;Maze;;;},Area:{1x7;2x20;False;Maze;;;},Area:{1x6;3x26;False;Maze;;;}]}&quot;)" methodname="AreaDistributorTest_CanLayout" classname="PlayersWorlds.Maps.Areas.Evolving.AreaDistributorIntegrationTest" runstate="Runnable" seed="1006037843" result="Passed" start-time="2024-06-28T21:57:13.0093100Z" end-time="2024-06-28T21:57:13.0944860Z" duration="0.085176" asserts="2" />
                  <test-case id="1-2018" name="AreaDistributorTest_CanLayout(&quot;Area:{43x42;0x0;False;Maze;;;[Area:{6x7;3x34;False;Maze;;;},Area:{9x11;11x25;False;Maze;;;}]}&quot;)" fullname="PlayersWorlds.Maps.Areas.Evolving.AreaDistributorIntegrationTest.AreaDistributorTest_CanLayout(&quot;Area:{43x42;0x0;False;Maze;;;[Area:{6x7;3x34;False;Maze;;;},Area:{9x11;11x25;False;Maze;;;}]}&quot;)" methodname="AreaDistributorTest_CanLayout" classname="PlayersWorlds.Maps.Areas.Evolving.AreaDistributorIntegrationTest" runstate="Runnable" seed="996974325" result="Passed" start-time="2024-06-28T21:57:13.0945010Z" end-time="2024-06-28T21:57:13.1590210Z" duration="0.064520" asserts="2" />
                  <test-case id="1-2019" name="AreaDistributorTest_CanLayout(&quot;Area:{43x42;0x0;False;Maze;;;[Area:{2x11;35x26;False;Maze;;;},Area:{12x2;34x35;False;Maze;;;}]}&quot;)" fullname="PlayersWorlds.Maps.Areas.Evolving.AreaDistributorIntegrationTest.AreaDistributorTest_CanLayout(&quot;Area:{43x42;0x0;False;Maze;;;[Area:{2x11;35x26;False;Maze;;;},Area:{12x2;34x35;False;Maze;;;}]}&quot;)" methodname="AreaDistributorTest_CanLayout" classname="PlayersWorlds.Maps.Areas.Evolving.AreaDistributorIntegrationTest" runstate="Runnable" seed="1224130048" result="Passed" start-time="2024-06-28T21:57:13.1590350Z" end-time="2024-06-28T21:57:13.2234790Z" duration="0.064445" asserts="2" />
                  <test-case id="1-2020" name="AreaDistributorTest_CanLayout(&quot;Area:{43x42;0x0;False;Maze;;;[Area:{4x4;32x32;False;Maze;;;},Area:{2x2;34x34;False;Maze;;;}]}&quot;)" fullname="PlayersWorlds.Maps.Areas.Evolving.AreaDistributorIntegrationTest.AreaDistributorTest_CanLayout(&quot;Area:{43x42;0x0;False;Maze;;;[Area:{4x4;32x32;False;Maze;;;},Area:{2x2;34x34;False;Maze;;;}]}&quot;)" methodname="AreaDistributorTest_CanLayout" classname="PlayersWorlds.Maps.Areas.Evolving.AreaDistributorIntegrationTest" runstate="Runnable" seed="717309239" result="Passed" start-time="2024-06-28T21:57:13.2234960Z" end-time="2024-06-28T21:57:13.2853660Z" duration="0.061870" asserts="2" />
                  <test-case id="1-2021" name="AreaDistributorTest_CanLayout(&quot;Area:{43x42;0x0;False;Maze;;;[Area:{4x4;32x32;False;Maze;;;},Area:{4x2;34x34;False;Maze;;;}]}&quot;)" fullname="PlayersWorlds.Maps.Areas.Evolving.AreaDistributorIntegrationTest.AreaDistributorTest_CanLayout(&quot;Area:{43x42;0x0;False;Maze;;;[Area:{4x4;32x32;False;Maze;;;},Area:{4x2;34x34;False;Maze;;;}]}&quot;)" methodname="AreaDistributorTest_CanLayout" classname="PlayersWorlds.Maps.Areas.Evolving.AreaDistributorIntegrationTest" runstate="Runnable" seed="652330009" result="Passed" start-time="2024-06-28T21:57:13.2853910Z" end-time="2024-06-28T21:57:13.3470400Z" duration="0.061649" asserts="2" />
                  <test-case id="1-2022" name="AreaDistributorTest_CanLayout(&quot;Area:{43x42;0x0;False;Maze;;;[Area:{4x10;32x26;False;Maze;;;},Area:{4x2;34x34;False;Maze;;;}]}&quot;)" fullname="PlayersWorlds.Maps.Areas.Evolving.AreaDistributorIntegrationTest.AreaDistributorTest_CanLayout(&quot;Area:{43x42;0x0;False;Maze;;;[Area:{4x10;32x26;False;Maze;;;},Area:{4x2;34x34;False;Maze;;;}]}&quot;)" methodname="AreaDistributorTest_CanLayout" classname="PlayersWorlds.Maps.Areas.Evolving.AreaDistributorIntegrationTest" runstate="Runnable" seed="1637219798" result="Passed" start-time="2024-06-28T21:57:13.3470540Z" end-time="2024-06-28T21:57:13.4092380Z" duration="0.062184" asserts="2" />
                  <test-case id="1-2023" name="AreaDistributorTest_CanLayout(&quot;Area:{43x42;0x0;False;Maze;;;[Area:{2x11;30x26;False;Maze;;;},Area:{12x2;29x35;False;Maze;;;}]}&quot;)" fullname="PlayersWorlds.Maps.Areas.Evolving.AreaDistributorIntegrationTest.AreaDistributorTest_CanLayout(&quot;Area:{43x42;0x0;False;Maze;;;[Area:{2x11;30x26;False;Maze;;;},Area:{12x2;29x35;False;Maze;;;}]}&quot;)" methodname="AreaDistributorTest_CanLayout" classname="PlayersWorlds.Maps.Areas.Evolving.AreaDistributorIntegrationTest" runstate="Runnable" seed="1570404759" result="Passed" start-time="2024-06-28T21:57:13.4092530Z" end-time="2024-06-28T21:57:13.4717440Z" duration="0.062492" asserts="2" />
                  <test-case id="1-2024" name="AreaDistributorTest_CanLayout(&quot;Area:{49x26;0x0;False;Maze;;;[Area:{12x2;38x5;False;Maze;;;},Area:{4x1;1x12;False;Maze;;;},Area:{7x7;21x10;False;Maze;;;},Area:{8x6;20x3;False;Maze;;;},Area:{12x4;29x0;False;Maze;;;},Area:{15x3;17x22;False;Maze;;;},Area:{9x2;10x1;False;Maze;;;},Area:{3x5;32x18;False;Maze;;;},Area:{7x4;1x21;False;Maze;;;},Area:{13x7;36x10;False;Maze;;;},Area:{10x7;6x9;False;Maze;;;}]}&quot;)" fullname="PlayersWorlds.Maps.Areas.Evolving.AreaDistributorIntegrationTest.AreaDistributorTest_CanLayout(&quot;Area:{49x26;0x0;False;Maze;;;[Area:{12x2;38x5;False;Maze;;;},Area:{4x1;1x12;False;Maze;;;},Area:{7x7;21x10;False;Maze;;;},Area:{8x6;20x3;False;Maze;;;},Area:{12x4;29x0;False;Maze;;;},Area:{15x3;17x22;False;Maze;;;},Area:{9x2;10x1;False;Maze;;;},Area:{3x5;32x18;False;Maze;;;},Area:{7x4;1x21;False;Maze;;;},Area:{13x7;36x10;False;Maze;;;},Area:{10x7;6x9;False;Maze;;;}]}&quot;)" methodname="AreaDistributorTest_CanLayout" classname="PlayersWorlds.Maps.Areas.Evolving.AreaDistributorIntegrationTest" runstate="Runnable" seed="1603832876" result="Passed" start-time="2024-06-28T21:57:13.4717590Z" end-time="2024-06-28T21:57:13.9475030Z" duration="0.475743" asserts="2" />
                  <test-case id="1-2025" name="AreaDistributorTest_CanLayout(&quot;Area:{26x29;0x0;False;Maze;;;[Area:{7x3;10x15;False;Maze;;;},Area:{5x6;20x0;False;Maze;;;},Area:{7x7;17x5;False;Maze;;;},Area:{6x4;5x4;False;Maze;;;},Area:{4x2;21x18;False;Maze;;;},Area:{3x8;20x8;False;Maze;;;},Area:{4x5;10x11;False;Maze;;;},Area:{1x8;0x5;False;Maze;;;},Area:{3x6;21x9;False;Maze;;;}]}&quot;)" fullname="PlayersWorlds.Maps.Areas.Evolving.AreaDistributorIntegrationTest.AreaDistributorTest_CanLayout(&quot;Area:{26x29;0x0;False;Maze;;;[Area:{7x3;10x15;False;Maze;;;},Area:{5x6;20x0;False;Maze;;;},Area:{7x7;17x5;False;Maze;;;},Area:{6x4;5x4;False;Maze;;;},Area:{4x2;21x18;False;Maze;;;},Area:{3x8;20x8;False;Maze;;;},Area:{4x5;10x11;False;Maze;;;},Area:{1x8;0x5;False;Maze;;;},Area:{3x6;21x9;False;Maze;;;}]}&quot;)" methodname="AreaDistributorTest_CanLayout" classname="PlayersWorlds.Maps.Areas.Evolving.AreaDistributorIntegrationTest" runstate="Runnable" seed="850407569" result="Passed" start-time="2024-06-28T21:57:13.9475210Z" end-time="2024-06-28T21:57:14.2457410Z" duration="0.298220" asserts="2" />
                  <test-case id="1-2026" name="AreaDistributorTest_CanLayout(&quot;Area:{8x45;0x0;False;Maze;;;[Area:{1x6;2x9;False;Maze;;;},Area:{1x8;2x22;False;Maze;;;},Area:{1x10;5x32;False;Maze;;;},Area:{1x9;6x14;False;Maze;;;},Area:{1x14;4x3;False;Maze;;;},Area:{1x8;2x36;False;Maze;;;}]}&quot;)" fullname="PlayersWorlds.Maps.Areas.Evolving.AreaDistributorIntegrationTest.AreaDistributorTest_CanLayout(&quot;Area:{8x45;0x0;False;Maze;;;[Area:{1x6;2x9;False;Maze;;;},Area:{1x8;2x22;False;Maze;;;},Area:{1x10;5x32;False;Maze;;;},Area:{1x9;6x14;False;Maze;;;},Area:{1x14;4x3;False;Maze;;;},Area:{1x8;2x36;False;Maze;;;}]}&quot;)" methodname="AreaDistributorTest_CanLayout" classname="PlayersWorlds.Maps.Areas.Evolving.AreaDistributorIntegrationTest" runstate="Runnable" seed="697663201" result="Passed" start-time="2024-06-28T21:57:14.2457590Z" end-time="2024-06-28T21:57:14.3824830Z" duration="0.136724" asserts="2" />
                  <test-case id="1-2027" name="AreaDistributorTest_CanLayout(&quot;Area:{31x47;0x0;False;Maze;;;[Area:{9x1;2x15;False;Maze;;;},Area:{5x4;3x11;False;Maze;;;},Area:{5x7;2x11;False;Maze;;;},Area:{5x10;13x14;False;Maze;;;},Area:{2x9;8x37;False;Maze;;;},Area:{3x8;27x19;False;Maze;;;},Area:{7x7;20x12;False;Maze;;;},Area:{4x2;4x13;False;Maze;;;},Area:{6x2;20x31;False;Maze;;;},Area:{9x3;9x3;False;Maze;;;},Area:{6x1;6x34;False;Maze;;;},Area:{5x2;23x6;False;Maze;;;}]}&quot;)" fullname="PlayersWorlds.Maps.Areas.Evolving.AreaDistributorIntegrationTest.AreaDistributorTest_CanLayout(&quot;Area:{31x47;0x0;False;Maze;;;[Area:{9x1;2x15;False;Maze;;;},Area:{5x4;3x11;False;Maze;;;},Area:{5x7;2x11;False;Maze;;;},Area:{5x10;13x14;False;Maze;;;},Area:{2x9;8x37;False;Maze;;;},Area:{3x8;27x19;False;Maze;;;},Area:{7x7;20x12;False;Maze;;;},Area:{4x2;4x13;False;Maze;;;},Area:{6x2;20x31;False;Maze;;;},Area:{9x3;9x3;False;Maze;;;},Area:{6x1;6x34;False;Maze;;;},Area:{5x2;23x6;False;Maze;;;}]}&quot;)" methodname="AreaDistributorTest_CanLayout" classname="PlayersWorlds.Maps.Areas.Evolving.AreaDistributorIntegrationTest" runstate="Runnable" seed="894217462" result="Passed" start-time="2024-06-28T21:57:14.3825100Z" end-time="2024-06-28T21:57:14.7737530Z" duration="0.391243" asserts="2" />
                  <test-case id="1-2028" name="AreaDistributorTest_CanLayout(&quot;Area:{7x47;0x0;False;Maze;;;[Area:{1x5;4x40;False;Maze;;;},Area:{1x7;0x12;False;Maze;;;},Area:{1x3;1x9;False;Maze;;;},Area:{1x14;5x0;False;Maze;;;},Area:{1x9;2x37;False;Maze;;;},Area:{1x6;0x29;False;Maze;;;}]}&quot;)" fullname="PlayersWorlds.Maps.Areas.Evolving.AreaDistributorIntegrationTest.AreaDistributorTest_CanLayout(&quot;Area:{7x47;0x0;False;Maze;;;[Area:{1x5;4x40;False;Maze;;;},Area:{1x7;0x12;False;Maze;;;},Area:{1x3;1x9;False;Maze;;;},Area:{1x14;5x0;False;Maze;;;},Area:{1x9;2x37;False;Maze;;;},Area:{1x6;0x29;False;Maze;;;}]}&quot;)" methodname="AreaDistributorTest_CanLayout" classname="PlayersWorlds.Maps.Areas.Evolving.AreaDistributorIntegrationTest" runstate="Runnable" seed="442567497" result="Passed" start-time="2024-06-28T21:57:14.7737740Z" end-time="2024-06-28T21:57:14.9096280Z" duration="0.135854" asserts="2" />
                  <test-case id="1-2029" name="AreaDistributorTest_CanLayout(&quot;Area:{48x38;0x0;False;Maze;;;[Area:{1x3;8x15;False;Maze;;;},Area:{2x7;45x11;False;Maze;;;},Area:{1x3;6x8;False;Maze;;;},Area:{10x11;4x7;False;Maze;;;},Area:{2x8;4x9;False;Maze;;;},Area:{1x10;26x13;False;Maze;;;},Area:{10x7;18x13;False;Maze;;;},Area:{10x5;35x22;False;Maze;;;},Area:{5x9;31x10;False;Maze;;;},Area:{13x6;32x10;False;Maze;;;},Area:{14x6;22x22;False;Maze;;;},Area:{3x3;26x1;False;Maze;;;},Area:{13x10;28x14;False;Maze;;;},Area:{12x8;24x4;False;Maze;;;}]}&quot;)" fullname="PlayersWorlds.Maps.Areas.Evolving.AreaDistributorIntegrationTest.AreaDistributorTest_CanLayout(&quot;Area:{48x38;0x0;False;Maze;;;[Area:{1x3;8x15;False;Maze;;;},Area:{2x7;45x11;False;Maze;;;},Area:{1x3;6x8;False;Maze;;;},Area:{10x11;4x7;False;Maze;;;},Area:{2x8;4x9;False;Maze;;;},Area:{1x10;26x13;False;Maze;;;},Area:{10x7;18x13;False;Maze;;;},Area:{10x5;35x22;False;Maze;;;},Area:{5x9;31x10;False;Maze;;;},Area:{13x6;32x10;False;Maze;;;},Area:{14x6;22x22;False;Maze;;;},Area:{3x3;26x1;False;Maze;;;},Area:{13x10;28x14;False;Maze;;;},Area:{12x8;24x4;False;Maze;;;}]}&quot;)" methodname="AreaDistributorTest_CanLayout" classname="PlayersWorlds.Maps.Areas.Evolving.AreaDistributorIntegrationTest" runstate="Runnable" seed="898952062" result="Passed" start-time="2024-06-28T21:57:14.9096480Z" end-time="2024-06-28T21:57:15.6610770Z" duration="0.751429" asserts="2" />
                  <test-case id="1-2030" name="AreaDistributorTest_CanLayout(&quot;Area:{31x32;0x0;False;Maze;;;[Area:{8x7;24x16;False;Maze;;;},Area:{1x6;14x9;False;Maze;;;},Area:{9x9;16x6;False;Maze;;;},Area:{1x4;18x27;False;Maze;;;},Area:{3x3;14x1;False;Maze;;;},Area:{4x7;9x18;False;Maze;;;},Area:{9x6;2x15;False;Maze;;;},Area:{7x7;0x4;False;Maze;;;},Area:{5x7;25x24;False;Maze;;;},Area:{6x9;11x20;False;Maze;;;}]}&quot;)" fullname="PlayersWorlds.Maps.Areas.Evolving.AreaDistributorIntegrationTest.AreaDistributorTest_CanLayout(&quot;Area:{31x32;0x0;False;Maze;;;[Area:{8x7;24x16;False;Maze;;;},Area:{1x6;14x9;False;Maze;;;},Area:{9x9;16x6;False;Maze;;;},Area:{1x4;18x27;False;Maze;;;},Area:{3x3;14x1;False;Maze;;;},Area:{4x7;9x18;False;Maze;;;},Area:{9x6;2x15;False;Maze;;;},Area:{7x7;0x4;False;Maze;;;},Area:{5x7;25x24;False;Maze;;;},Area:{6x9;11x20;False;Maze;;;}]}&quot;)" methodname="AreaDistributorTest_CanLayout" classname="PlayersWorlds.Maps.Areas.Evolving.AreaDistributorIntegrationTest" runstate="Runnable" seed="619436056" result="Passed" start-time="2024-06-28T21:57:15.6610950Z" end-time="2024-06-28T21:57:15.9750990Z" duration="0.314004" asserts="2" />
                  <test-case id="1-2031" name="AreaDistributorTest_CanLayout(&quot;Area:{45x43;0x0;False;Maze;;;[Area:{8x10;38x15;False;Maze;;;},Area:{10x4;0x0;False;Maze;;;},Area:{8x2;18x33;False;Maze;;;},Area:{1x12;0x23;False;Maze;;;},Area:{12x7;18x1;False;Maze;;;},Area:{14x7;23x20;False;Maze;;;},Area:{1x7;22x17;False;Maze;;;},Area:{8x9;11x9;False;Maze;;;},Area:{12x7;10x24;False;Maze;;;},Area:{8x5;0x8;False;Maze;;;},Area:{12x3;1x19;False;Maze;;;},Area:{7x2;20x39;False;Maze;;;},Area:{10x4;34x38;False;Maze;;;},Area:{11x12;34x1;False;Maze;;;}]}&quot;)" fullname="PlayersWorlds.Maps.Areas.Evolving.AreaDistributorIntegrationTest.AreaDistributorTest_CanLayout(&quot;Area:{45x43;0x0;False;Maze;;;[Area:{8x10;38x15;False;Maze;;;},Area:{10x4;0x0;False;Maze;;;},Area:{8x2;18x33;False;Maze;;;},Area:{1x12;0x23;False;Maze;;;},Area:{12x7;18x1;False;Maze;;;},Area:{14x7;23x20;False;Maze;;;},Area:{1x7;22x17;False;Maze;;;},Area:{8x9;11x9;False;Maze;;;},Area:{12x7;10x24;False;Maze;;;},Area:{8x5;0x8;False;Maze;;;},Area:{12x3;1x19;False;Maze;;;},Area:{7x2;20x39;False;Maze;;;},Area:{10x4;34x38;False;Maze;;;},Area:{11x12;34x1;False;Maze;;;}]}&quot;)" methodname="AreaDistributorTest_CanLayout" classname="PlayersWorlds.Maps.Areas.Evolving.AreaDistributorIntegrationTest" runstate="Runnable" seed="421271448" result="Passed" start-time="2024-06-28T21:57:15.9751310Z" end-time="2024-06-28T21:57:16.7446220Z" duration="0.769491" asserts="2" />
                  <test-case id="1-2032" name="AreaDistributorTest_CanLayout(&quot;Area:{49x10;0x0;False;Maze;;;[Area:{13x7;4x1;False;Maze;;;},Area:{10x7;8x1;False;Maze;;;}]}&quot;)" fullname="PlayersWorlds.Maps.Areas.Evolving.AreaDistributorIntegrationTest.AreaDistributorTest_CanLayout(&quot;Area:{49x10;0x0;False;Maze;;;[Area:{13x7;4x1;False;Maze;;;},Area:{10x7;8x1;False;Maze;;;}]}&quot;)" methodname="AreaDistributorTest_CanLayout" classname="PlayersWorlds.Maps.Areas.Evolving.AreaDistributorIntegrationTest" runstate="Runnable" seed="687968347" result="Passed" start-time="2024-06-28T21:57:16.7446410Z" end-time="2024-06-28T21:57:16.7790520Z" duration="0.034411" asserts="2" />
                  <test-case id="1-2033" name="AreaDistributorTest_CanLayout(&quot;Area:{49x16;0x0;False;Maze;;;[Area:{12x4;2x7;False;Maze;;;},Area:{11x3;7x-1;False;Maze;;;},Area:{13x4;19x4;False;Maze;;;},Area:{15x4;27x11;False;Maze;;;},Area:{3x4;17x10;False;Maze;;;},Area:{13x4;14x3;False;Maze;;;},Area:{6x4;24x9;False;Maze;;;},Area:{14x2;1x13;False;Maze;;;},Area:{4x3;9x4;False;Maze;;;}]}&quot;)" fullname="PlayersWorlds.Maps.Areas.Evolving.AreaDistributorIntegrationTest.AreaDistributorTest_CanLayout(&quot;Area:{49x16;0x0;False;Maze;;;[Area:{12x4;2x7;False;Maze;;;},Area:{11x3;7x-1;False;Maze;;;},Area:{13x4;19x4;False;Maze;;;},Area:{15x4;27x11;False;Maze;;;},Area:{3x4;17x10;False;Maze;;;},Area:{13x4;14x3;False;Maze;;;},Area:{6x4;24x9;False;Maze;;;},Area:{14x2;1x13;False;Maze;;;},Area:{4x3;9x4;False;Maze;;;}]}&quot;)" methodname="AreaDistributorTest_CanLayout" classname="PlayersWorlds.Maps.Areas.Evolving.AreaDistributorIntegrationTest" runstate="Runnable" seed="759268240" result="Passed" start-time="2024-06-28T21:57:16.7790760Z" end-time="2024-06-28T21:57:17.0940980Z" duration="0.315022" asserts="2" />
                  <test-case id="1-2034" name="AreaDistributorTest_CanLayout(&quot;Area:{49x42;0x0;False;Maze;;;[Area:{11x2;19x1;False;Maze;;;},Area:{6x8;34x31;False;Maze;;;},Area:{13x12;15x29;False;Maze;;;},Area:{5x12;15x11;False;Maze;;;},Area:{12x6;23x5;False;Maze;;;},Area:{9x2;3x17;False;Maze;;;},Area:{15x4;16x6;False;Maze;;;},Area:{9x11;15x29;False;Maze;;;},Area:{6x4;39x37;False;Maze;;;},Area:{12x9;28x22;False;Maze;;;},Area:{6x3;31x8;False;Maze;;;},Area:{9x5;27x23;False;Maze;;;},Area:{13x9;0x27;False;Maze;;;},Area:{5x11;11x17;False;Maze;;;},Area:{1x1;4x2;False;Maze;;;}]}&quot;)" fullname="PlayersWorlds.Maps.Areas.Evolving.AreaDistributorIntegrationTest.AreaDistributorTest_CanLayout(&quot;Area:{49x42;0x0;False;Maze;;;[Area:{11x2;19x1;False;Maze;;;},Area:{6x8;34x31;False;Maze;;;},Area:{13x12;15x29;False;Maze;;;},Area:{5x12;15x11;False;Maze;;;},Area:{12x6;23x5;False;Maze;;;},Area:{9x2;3x17;False;Maze;;;},Area:{15x4;16x6;False;Maze;;;},Area:{9x11;15x29;False;Maze;;;},Area:{6x4;39x37;False;Maze;;;},Area:{12x9;28x22;False;Maze;;;},Area:{6x3;31x8;False;Maze;;;},Area:{9x5;27x23;False;Maze;;;},Area:{13x9;0x27;False;Maze;;;},Area:{5x11;11x17;False;Maze;;;},Area:{1x1;4x2;False;Maze;;;}]}&quot;)" methodname="AreaDistributorTest_CanLayout" classname="PlayersWorlds.Maps.Areas.Evolving.AreaDistributorIntegrationTest" runstate="Runnable" seed="1840175080" result="Passed" start-time="2024-06-28T21:57:17.0941180Z" end-time="2024-06-28T21:57:17.8873530Z" duration="0.793235" asserts="2" />
                  <test-case id="1-2035" name="AreaDistributorTest_CanLayout(&quot;Area:{24x46;0x0;False;Maze;;;[Area:{3x9;11x20;False;Maze;;;},Area:{6x10;5x15;False;Maze;;;},Area:{7x13;5x14;False;Maze;;;},Area:{5x11;10x26;False;Maze;;;},Area:{1x4;10x18;False;Maze;;;},Area:{1x5;11x13;False;Maze;;;},Area:{6x9;10x29;False;Maze;;;},Area:{2x10;13x8;False;Maze;;;},Area:{7x13;3x17;False;Maze;;;},Area:{5x5;5x28;False;Maze;;;},Area:{5x12;18x8;False;Maze;;;}]}&quot;)" fullname="PlayersWorlds.Maps.Areas.Evolving.AreaDistributorIntegrationTest.AreaDistributorTest_CanLayout(&quot;Area:{24x46;0x0;False;Maze;;;[Area:{3x9;11x20;False;Maze;;;},Area:{6x10;5x15;False;Maze;;;},Area:{7x13;5x14;False;Maze;;;},Area:{5x11;10x26;False;Maze;;;},Area:{1x4;10x18;False;Maze;;;},Area:{1x5;11x13;False;Maze;;;},Area:{6x9;10x29;False;Maze;;;},Area:{2x10;13x8;False;Maze;;;},Area:{7x13;3x17;False;Maze;;;},Area:{5x5;5x28;False;Maze;;;},Area:{5x12;18x8;False;Maze;;;}]}&quot;)" methodname="AreaDistributorTest_CanLayout" classname="PlayersWorlds.Maps.Areas.Evolving.AreaDistributorIntegrationTest" runstate="Runnable" seed="943442527" result="Passed" start-time="2024-06-28T21:57:17.8873820Z" end-time="2024-06-28T21:57:18.3496040Z" duration="0.462222" asserts="2" />
                  <test-case id="1-2036" name="AreaDistributorTest_CanLayout(&quot;Area:{10x10;0x0;False;Maze;;;[Area:{2x3;7x9;False;Maze;;;},Area:{3x2;7x2;False;Maze;;;},Area:{2x2;3x9;False;Maze;;;},Area:{2x3;0x5;False;Maze;;;},Area:{2x3;7x1;False;Maze;;;},Area:{6x5;0x0;False;Maze;;;}]}&quot;)" fullname="PlayersWorlds.Maps.Areas.Evolving.AreaDistributorIntegrationTest.AreaDistributorTest_CanLayout(&quot;Area:{10x10;0x0;False;Maze;;;[Area:{2x3;7x9;False;Maze;;;},Area:{3x2;7x2;False;Maze;;;},Area:{2x2;3x9;False;Maze;;;},Area:{2x3;0x5;False;Maze;;;},Area:{2x3;7x1;False;Maze;;;},Area:{6x5;0x0;False;Maze;;;}]}&quot;)" methodname="AreaDistributorTest_CanLayout" classname="PlayersWorlds.Maps.Areas.Evolving.AreaDistributorIntegrationTest" runstate="Runnable" seed="1692275608" result="Passed" start-time="2024-06-28T21:57:18.3496390Z" end-time="2024-06-28T21:57:18.4561460Z" duration="0.106507" asserts="2" />
                </test-suite>
                <test-case id="1-1956" name="AreaDistributorTest_OneTest" fullname="PlayersWorlds.Maps.Areas.Evolving.AreaDistributorIntegrationTest.AreaDistributorTest_OneTest" methodname="AreaDistributorTest_OneTest" classname="PlayersWorlds.Maps.Areas.Evolving.AreaDistributorIntegrationTest" runstate="Runnable" seed="981264921" result="Passed" start-time="2024-06-28T21:57:18.4580940Z" end-time="2024-06-28T21:57:18.4626500Z" duration="0.004556" asserts="2">
                  <properties>
                    <property name="Category" value="Integration" />
                  </properties>
                </test-case>
                <test-suite type="ParameterizedMethod" id="1-1969" name="AreaDistributorTest_OverlapTwo" fullname="PlayersWorlds.Maps.Areas.Evolving.AreaDistributorIntegrationTest.AreaDistributorTest_OverlapTwo" classname="PlayersWorlds.Maps.Areas.Evolving.AreaDistributorIntegrationTest" runstate="Runnable" testcasecount="10" result="Passed" start-time="2024-06-28T21:57:18.4626640Z" end-time="2024-06-28T21:57:18.5513590Z" duration="0.088695" total="10" passed="10" failed="0" warnings="0" inconclusive="0" skipped="0" asserts="20">
                  <properties>
                    <property name="Category" value="Integration" />
                  </properties>
                  <test-case id="1-1959" name="AreaDistributorTest_OverlapTwo(&quot;Area:{11x11;0x0;False;Maze;;;[Area:{4x4;4x4;False;Maze;;;},Area:{4x4;4x4;False;Maze;;;}]}&quot;)" fullname="PlayersWorlds.Maps.Areas.Evolving.AreaDistributorIntegrationTest.AreaDistributorTest_OverlapTwo(&quot;Area:{11x11;0x0;False;Maze;;;[Area:{4x4;4x4;False;Maze;;;},Area:{4x4;4x4;False;Maze;;;}]}&quot;)" methodname="AreaDistributorTest_OverlapTwo" classname="PlayersWorlds.Maps.Areas.Evolving.AreaDistributorIntegrationTest" runstate="Runnable" seed="1841200433" result="Passed" start-time="2024-06-28T21:57:18.4626850Z" end-time="2024-06-28T21:57:18.4696330Z" duration="0.006948" asserts="2" />
                  <test-case id="1-1960" name="AreaDistributorTest_OverlapTwo(&quot;Area:{16x16;0x0;False;Maze;;;[Area:{8x8;4x4;False;Maze;;;},Area:{2x2;5x9;False;Maze;;;}]}&quot;)" fullname="PlayersWorlds.Maps.Areas.Evolving.AreaDistributorIntegrationTest.AreaDistributorTest_OverlapTwo(&quot;Area:{16x16;0x0;False;Maze;;;[Area:{8x8;4x4;False;Maze;;;},Area:{2x2;5x9;False;Maze;;;}]}&quot;)" methodname="AreaDistributorTest_OverlapTwo" classname="PlayersWorlds.Maps.Areas.Evolving.AreaDistributorIntegrationTest" runstate="Runnable" seed="449758833" result="Passed" start-time="2024-06-28T21:57:18.4696530Z" end-time="2024-06-28T21:57:18.4853010Z" duration="0.015648" asserts="2" />
                  <test-case id="1-1961" name="AreaDistributorTest_OverlapTwo(&quot;Area:{16x16;0x0;False;Maze;;;[Area:{8x8;4x4;False;Maze;;;},Area:{4x4;5x7;False;Maze;;;}]}&quot;)" fullname="PlayersWorlds.Maps.Areas.Evolving.AreaDistributorIntegrationTest.AreaDistributorTest_OverlapTwo(&quot;Area:{16x16;0x0;False;Maze;;;[Area:{8x8;4x4;False;Maze;;;},Area:{4x4;5x7;False;Maze;;;}]}&quot;)" methodname="AreaDistributorTest_OverlapTwo" classname="PlayersWorlds.Maps.Areas.Evolving.AreaDistributorIntegrationTest" runstate="Runnable" seed="1685960411" result="Passed" start-time="2024-06-28T21:57:18.4853210Z" end-time="2024-06-28T21:57:18.4979030Z" duration="0.012582" asserts="2" />
                  <test-case id="1-1962" name="AreaDistributorTest_OverlapTwo(&quot;Area:{16x16;0x0;False;Maze;;;[Area:{6x6;5x5;False;Maze;;;},Area:{4x4;6x6;False;Maze;;;}]}&quot;)" fullname="PlayersWorlds.Maps.Areas.Evolving.AreaDistributorIntegrationTest.AreaDistributorTest_OverlapTwo(&quot;Area:{16x16;0x0;False;Maze;;;[Area:{6x6;5x5;False;Maze;;;},Area:{4x4;6x6;False;Maze;;;}]}&quot;)" methodname="AreaDistributorTest_OverlapTwo" classname="PlayersWorlds.Maps.Areas.Evolving.AreaDistributorIntegrationTest" runstate="Runnable" seed="1175962342" result="Passed" start-time="2024-06-28T21:57:18.4979220Z" end-time="2024-06-28T21:57:18.5095750Z" duration="0.011653" asserts="2" />
                  <test-case id="1-1963" name="AreaDistributorTest_OverlapTwo(&quot;Area:{11x11;0x0;False;Maze;;;[Area:{4x4;2x2;False;Maze;;;},Area:{4x4;5x5;False;Maze;;;}]}&quot;)" fullname="PlayersWorlds.Maps.Areas.Evolving.AreaDistributorIntegrationTest.AreaDistributorTest_OverlapTwo(&quot;Area:{11x11;0x0;False;Maze;;;[Area:{4x4;2x2;False;Maze;;;},Area:{4x4;5x5;False;Maze;;;}]}&quot;)" methodname="AreaDistributorTest_OverlapTwo" classname="PlayersWorlds.Maps.Areas.Evolving.AreaDistributorIntegrationTest" runstate="Runnable" seed="611241801" result="Passed" start-time="2024-06-28T21:57:18.5095870Z" end-time="2024-06-28T21:57:18.5163990Z" duration="0.006813" asserts="2" />
                  <test-case id="1-1964" name="AreaDistributorTest_OverlapTwo(&quot;Area:{11x11;0x0;False;Maze;;;[Area:{4x4;5x2;False;Maze;;;},Area:{4x4;2x5;False;Maze;;;}]}&quot;)" fullname="PlayersWorlds.Maps.Areas.Evolving.AreaDistributorIntegrationTest.AreaDistributorTest_OverlapTwo(&quot;Area:{11x11;0x0;False;Maze;;;[Area:{4x4;5x2;False;Maze;;;},Area:{4x4;2x5;False;Maze;;;}]}&quot;)" methodname="AreaDistributorTest_OverlapTwo" classname="PlayersWorlds.Maps.Areas.Evolving.AreaDistributorIntegrationTest" runstate="Runnable" seed="1091346693" result="Passed" start-time="2024-06-28T21:57:18.5164110Z" end-time="2024-06-28T21:57:18.5233440Z" duration="0.006933" asserts="2" />
                  <test-case id="1-1965" name="AreaDistributorTest_OverlapTwo(&quot;Area:{11x11;0x0;False;Maze;;;[Area:{4x4;2x5;False;Maze;;;},Area:{4x4;5x2;False;Maze;;;}]}&quot;)" fullname="PlayersWorlds.Maps.Areas.Evolving.AreaDistributorIntegrationTest.AreaDistributorTest_OverlapTwo(&quot;Area:{11x11;0x0;False;Maze;;;[Area:{4x4;2x5;False;Maze;;;},Area:{4x4;5x2;False;Maze;;;}]}&quot;)" methodname="AreaDistributorTest_OverlapTwo" classname="PlayersWorlds.Maps.Areas.Evolving.AreaDistributorIntegrationTest" runstate="Runnable" seed="1308056035" result="Passed" start-time="2024-06-28T21:57:18.5233550Z" end-time="2024-06-28T21:57:18.5304790Z" duration="0.007125" asserts="2" />
                  <test-case id="1-1966" name="AreaDistributorTest_OverlapTwo(&quot;Area:{11x11;0x0;False;Maze;;;[Area:{4x4;5x5;False;Maze;;;},Area:{4x4;2x2;False;Maze;;;}]}&quot;)" fullname="PlayersWorlds.Maps.Areas.Evolving.AreaDistributorIntegrationTest.AreaDistributorTest_OverlapTwo(&quot;Area:{11x11;0x0;False;Maze;;;[Area:{4x4;5x5;False;Maze;;;},Area:{4x4;2x2;False;Maze;;;}]}&quot;)" methodname="AreaDistributorTest_OverlapTwo" classname="PlayersWorlds.Maps.Areas.Evolving.AreaDistributorIntegrationTest" runstate="Runnable" seed="1347628102" result="Passed" start-time="2024-06-28T21:57:18.5304990Z" end-time="2024-06-28T21:57:18.5373730Z" duration="0.006873" asserts="2" />
                  <test-case id="1-1967" name="AreaDistributorTest_OverlapTwo(&quot;Area:{11x11;0x0;False;Maze;;;[Area:{4x4;4x4;False;Maze;;;},Area:{4x4;3x3;False;Maze;;;}]}&quot;)" fullname="PlayersWorlds.Maps.Areas.Evolving.AreaDistributorIntegrationTest.AreaDistributorTest_OverlapTwo(&quot;Area:{11x11;0x0;False;Maze;;;[Area:{4x4;4x4;False;Maze;;;},Area:{4x4;3x3;False;Maze;;;}]}&quot;)" methodname="AreaDistributorTest_OverlapTwo" classname="PlayersWorlds.Maps.Areas.Evolving.AreaDistributorIntegrationTest" runstate="Runnable" seed="1539614195" result="Passed" start-time="2024-06-28T21:57:18.5373840Z" end-time="2024-06-28T21:57:18.5441490Z" duration="0.006765" asserts="2" />
                  <test-case id="1-1968" name="AreaDistributorTest_OverlapTwo(&quot;Area:{11x11;0x0;False;Maze;;;[Area:{4x4;4x3;False;Maze;;;},Area:{4x4;3x4;False;Maze;;;}]}&quot;)" fullname="PlayersWorlds.Maps.Areas.Evolving.AreaDistributorIntegrationTest.AreaDistributorTest_OverlapTwo(&quot;Area:{11x11;0x0;False;Maze;;;[Area:{4x4;4x3;False;Maze;;;},Area:{4x4;3x4;False;Maze;;;}]}&quot;)" methodname="AreaDistributorTest_OverlapTwo" classname="PlayersWorlds.Maps.Areas.Evolving.AreaDistributorIntegrationTest" runstate="Runnable" seed="372072377" result="Passed" start-time="2024-06-28T21:57:18.5441610Z" end-time="2024-06-28T21:57:18.5513390Z" duration="0.007178" asserts="2" />
                </test-suite>
                <test-case id="1-1957" name="AreaDistributorTest_SidePressure" fullname="PlayersWorlds.Maps.Areas.Evolving.AreaDistributorIntegrationTest.AreaDistributorTest_SidePressure" methodname="AreaDistributorTest_SidePressure" classname="PlayersWorlds.Maps.Areas.Evolving.AreaDistributorIntegrationTest" runstate="Runnable" seed="1527501749" result="Passed" start-time="2024-06-28T21:57:18.5513690Z" end-time="2024-06-28T21:57:18.5795330Z" duration="0.028164" asserts="2">
                  <properties>
                    <property name="Category" value="Integration" />
                  </properties>
                </test-case>
                <test-suite type="ParameterizedMethod" id="1-1980" name="AreaDistributorTest_SingleMapForce" fullname="PlayersWorlds.Maps.Areas.Evolving.AreaDistributorIntegrationTest.AreaDistributorTest_SingleMapForce" classname="PlayersWorlds.Maps.Areas.Evolving.AreaDistributorIntegrationTest" runstate="Runnable" testcasecount="10" result="Passed" start-time="2024-06-28T21:57:18.5795460Z" end-time="2024-06-28T21:57:18.6115340Z" duration="0.031988" total="10" passed="10" failed="0" warnings="0" inconclusive="0" skipped="0" asserts="20">
                  <properties>
                    <property name="Category" value="Integration" />
                  </properties>
                  <test-case id="1-1970" name="AreaDistributorTest_SingleMapForce(&quot;Area:{6x12;0x0;False;Maze;;;[Area:{2x2;1x2;False;Maze;;;}]}&quot;)" fullname="PlayersWorlds.Maps.Areas.Evolving.AreaDistributorIntegrationTest.AreaDistributorTest_SingleMapForce(&quot;Area:{6x12;0x0;False;Maze;;;[Area:{2x2;1x2;False;Maze;;;}]}&quot;)" methodname="AreaDistributorTest_SingleMapForce" classname="PlayersWorlds.Maps.Areas.Evolving.AreaDistributorIntegrationTest" runstate="Runnable" seed="1335925829" result="Passed" start-time="2024-06-28T21:57:18.5795680Z" end-time="2024-06-28T21:57:18.5826570Z" duration="0.003089" asserts="2" />
                  <test-case id="1-1971" name="AreaDistributorTest_SingleMapForce(&quot;Area:{6x12;0x0;False;Maze;;;[Area:{2x2;2x2;False;Maze;;;}]}&quot;)" fullname="PlayersWorlds.Maps.Areas.Evolving.AreaDistributorIntegrationTest.AreaDistributorTest_SingleMapForce(&quot;Area:{6x12;0x0;False;Maze;;;[Area:{2x2;2x2;False;Maze;;;}]}&quot;)" methodname="AreaDistributorTest_SingleMapForce" classname="PlayersWorlds.Maps.Areas.Evolving.AreaDistributorIntegrationTest" runstate="Runnable" seed="289852141" result="Passed" start-time="2024-06-28T21:57:18.5826690Z" end-time="2024-06-28T21:57:18.5861910Z" duration="0.003522" asserts="2" />
                  <test-case id="1-1972" name="AreaDistributorTest_SingleMapForce(&quot;Area:{6x12;0x0;False;Maze;;;[Area:{2x2;3x2;False;Maze;;;}]}&quot;)" fullname="PlayersWorlds.Maps.Areas.Evolving.AreaDistributorIntegrationTest.AreaDistributorTest_SingleMapForce(&quot;Area:{6x12;0x0;False;Maze;;;[Area:{2x2;3x2;False;Maze;;;}]}&quot;)" methodname="AreaDistributorTest_SingleMapForce" classname="PlayersWorlds.Maps.Areas.Evolving.AreaDistributorIntegrationTest" runstate="Runnable" seed="63585495" result="Passed" start-time="2024-06-28T21:57:18.5862030Z" end-time="2024-06-28T21:57:18.5894640Z" duration="0.003262" asserts="2" />
                  <test-case id="1-1973" name="AreaDistributorTest_SingleMapForce(&quot;Area:{6x12;0x0;False;Maze;;;[Area:{2x2;1x5;False;Maze;;;}]}&quot;)" fullname="PlayersWorlds.Maps.Areas.Evolving.AreaDistributorIntegrationTest.AreaDistributorTest_SingleMapForce(&quot;Area:{6x12;0x0;False;Maze;;;[Area:{2x2;1x5;False;Maze;;;}]}&quot;)" methodname="AreaDistributorTest_SingleMapForce" classname="PlayersWorlds.Maps.Areas.Evolving.AreaDistributorIntegrationTest" runstate="Runnable" seed="1886701404" result="Passed" start-time="2024-06-28T21:57:18.5894750Z" end-time="2024-06-28T21:57:18.5924070Z" duration="0.002932" asserts="2" />
                  <test-case id="1-1974" name="AreaDistributorTest_SingleMapForce(&quot;Area:{6x12;0x0;False;Maze;;;[Area:{2x2;2x5;False;Maze;;;}]}&quot;)" fullname="PlayersWorlds.Maps.Areas.Evolving.AreaDistributorIntegrationTest.AreaDistributorTest_SingleMapForce(&quot;Area:{6x12;0x0;False;Maze;;;[Area:{2x2;2x5;False;Maze;;;}]}&quot;)" methodname="AreaDistributorTest_SingleMapForce" classname="PlayersWorlds.Maps.Areas.Evolving.AreaDistributorIntegrationTest" runstate="Runnable" seed="362308193" result="Passed" start-time="2024-06-28T21:57:18.5924180Z" end-time="2024-06-28T21:57:18.5956410Z" duration="0.003224" asserts="2" />
                  <test-case id="1-1975" name="AreaDistributorTest_SingleMapForce(&quot;Area:{6x12;0x0;False;Maze;;;[Area:{2x2;3x5;False;Maze;;;}]}&quot;)" fullname="PlayersWorlds.Maps.Areas.Evolving.AreaDistributorIntegrationTest.AreaDistributorTest_SingleMapForce(&quot;Area:{6x12;0x0;False;Maze;;;[Area:{2x2;3x5;False;Maze;;;}]}&quot;)" methodname="AreaDistributorTest_SingleMapForce" classname="PlayersWorlds.Maps.Areas.Evolving.AreaDistributorIntegrationTest" runstate="Runnable" seed="1545458495" result="Passed" start-time="2024-06-28T21:57:18.5956610Z" end-time="2024-06-28T21:57:18.5985850Z" duration="0.002925" asserts="2" />
                  <test-case id="1-1976" name="AreaDistributorTest_SingleMapForce(&quot;Area:{6x12;0x0;False;Maze;;;[Area:{2x2;1x8;False;Maze;;;}]}&quot;)" fullname="PlayersWorlds.Maps.Areas.Evolving.AreaDistributorIntegrationTest.AreaDistributorTest_SingleMapForce(&quot;Area:{6x12;0x0;False;Maze;;;[Area:{2x2;1x8;False;Maze;;;}]}&quot;)" methodname="AreaDistributorTest_SingleMapForce" classname="PlayersWorlds.Maps.Areas.Evolving.AreaDistributorIntegrationTest" runstate="Runnable" seed="158633970" result="Passed" start-time="2024-06-28T21:57:18.5985960Z" end-time="2024-06-28T21:57:18.6020960Z" duration="0.003500" asserts="2" />
                  <test-case id="1-1977" name="AreaDistributorTest_SingleMapForce(&quot;Area:{6x12;0x0;False;Maze;;;[Area:{2x2;2x8;False;Maze;;;}]}&quot;)" fullname="PlayersWorlds.Maps.Areas.Evolving.AreaDistributorIntegrationTest.AreaDistributorTest_SingleMapForce(&quot;Area:{6x12;0x0;False;Maze;;;[Area:{2x2;2x8;False;Maze;;;}]}&quot;)" methodname="AreaDistributorTest_SingleMapForce" classname="PlayersWorlds.Maps.Areas.Evolving.AreaDistributorIntegrationTest" runstate="Runnable" seed="1901354972" result="Passed" start-time="2024-06-28T21:57:18.6021080Z" end-time="2024-06-28T21:57:18.6053700Z" duration="0.003262" asserts="2" />
                  <test-case id="1-1978" name="AreaDistributorTest_SingleMapForce(&quot;Area:{6x12;0x0;False;Maze;;;[Area:{2x2;3x8;False;Maze;;;}]}&quot;)" fullname="PlayersWorlds.Maps.Areas.Evolving.AreaDistributorIntegrationTest.AreaDistributorTest_SingleMapForce(&quot;Area:{6x12;0x0;False;Maze;;;[Area:{2x2;3x8;False;Maze;;;}]}&quot;)" methodname="AreaDistributorTest_SingleMapForce" classname="PlayersWorlds.Maps.Areas.Evolving.AreaDistributorIntegrationTest" runstate="Runnable" seed="1633578528" result="Passed" start-time="2024-06-28T21:57:18.6053890Z" end-time="2024-06-28T21:57:18.6083040Z" duration="0.002915" asserts="2" />
                  <test-case id="1-1979" name="AreaDistributorTest_SingleMapForce(&quot;Area:{6x12;0x0;False;Maze;;;[Area:{2x2;-1x-4;False;Maze;;;}]}&quot;)" fullname="PlayersWorlds.Maps.Areas.Evolving.AreaDistributorIntegrationTest.AreaDistributorTest_SingleMapForce(&quot;Area:{6x12;0x0;False;Maze;;;[Area:{2x2;-1x-4;False;Maze;;;}]}&quot;)" methodname="AreaDistributorTest_SingleMapForce" classname="PlayersWorlds.Maps.Areas.Evolving.AreaDistributorIntegrationTest" runstate="Runnable" seed="1631718293" result="Passed" start-time="2024-06-28T21:57:18.6083140Z" end-time="2024-06-28T21:57:18.6115200Z" duration="0.003206" asserts="2" />
                </test-suite>
                <test-case id="1-1981" name="AreaDistributorTest_SingleMapForce_Debug" fullname="PlayersWorlds.Maps.Areas.Evolving.AreaDistributorIntegrationTest.AreaDistributorTest_SingleMapForce_Debug" methodname="AreaDistributorTest_SingleMapForce_Debug" classname="PlayersWorlds.Maps.Areas.Evolving.AreaDistributorIntegrationTest" runstate="Runnable" seed="1207084232" result="Passed" start-time="2024-06-28T21:57:18.6115430Z" end-time="2024-06-28T21:57:18.6147880Z" duration="0.003245" asserts="2" />
                <test-case id="1-1958" name="AreaDistributorTest_TwoTest" fullname="PlayersWorlds.Maps.Areas.Evolving.AreaDistributorIntegrationTest.AreaDistributorTest_TwoTest" methodname="AreaDistributorTest_TwoTest" classname="PlayersWorlds.Maps.Areas.Evolving.AreaDistributorIntegrationTest" runstate="Runnable" seed="901009678" result="Passed" start-time="2024-06-28T21:57:18.6147990Z" end-time="2024-06-28T21:57:18.6206260Z" duration="0.005827" asserts="2">
                  <properties>
                    <property name="Category" value="Integration" />
                  </properties>
                </test-case>
              </test-suite>
              <test-suite type="TestFixture" id="1-2038" name="AreaDistributorLoadTest" fullname="PlayersWorlds.Maps.Areas.Evolving.AreaDistributorLoadTest" classname="PlayersWorlds.Maps.Areas.Evolving.AreaDistributorLoadTest" runstate="Runnable" testcasecount="1" result="Passed" start-time="2024-06-28T21:57:18.6211240Z" end-time="2024-06-28T22:00:05.2209430Z" duration="166.599820" total="1" passed="0" failed="0" warnings="0" inconclusive="1" skipped="0" asserts="0">
                <test-case id="1-2039" name="AreaDistributor_LoadTest" fullname="PlayersWorlds.Maps.Areas.Evolving.AreaDistributorLoadTest.AreaDistributor_LoadTest" methodname="AreaDistributor_LoadTest" classname="PlayersWorlds.Maps.Areas.Evolving.AreaDistributorLoadTest" runstate="Runnable" seed="856365305" result="Inconclusive" start-time="2024-06-28T21:57:18.6212140Z" end-time="2024-06-28T22:00:05.2209130Z" duration="166.599699" asserts="0">
                  <properties>
                    <property name="Category" value="Load" />
                  </properties>
                  <reason>
                    <message><![CDATA[Passed: 999, Failed: 1
yield return "48x12: P13x8;S11x3 P12x1;S11x2 P12x4;S15x2 P29x9;S15x2 P4x4;S6x1 P17x7;S14x3 P5x6;S14x2 P23x4;S2x3"; // Random(215)]]></message>
                  </reason>
                  <output><![CDATA[PlayersWorlds.Maps.Areas.Evolving.AreaDistributorHelper+DistributeResult(	Log = TestLog
, 	OriginalOutOfBounds = List`1<Area>()
, 	OriginalOverlapping = List`1<Area>(Area:{11x3;13x8;False;Maze;;;}, Area:{15x2;12x4;False;Maze;;;}, Area:{15x2;29x9;False;Maze;;;}, Area:{14x3;17x7;False;Maze;;;}, Area:{14x2;5x6;False;Maze;;;}...(6))
, 	OriginalAreas = List`1<Area>(Area:{11x3;13x8;False;Maze;;;}, Area:{11x2;12x1;False;Maze;;;}, Area:{15x2;12x4;False;Maze;;;}, Area:{15x2;29x9;False;Maze;;;}, Area:{6x1;4x4;False;Maze;;;}...(8))
, 	PlacedOutOfBounds = List`1<Area>()
, 	PlacedOverlapping = List`1<Area>(Area:{11x3;0x3;False;Maze;;;}, Area:{6x1;4x3;False;Maze;;;})
, 	PlacedAreas = List`1<Area>(Area:{11x3;0x3;False;Maze;;;}, Area:{11x2;4x9;False;Maze;;;}, Area:{15x2;32x3;False;Maze;;;}, Area:{15x2;15x2;False;Maze;;;}, Area:{6x1;4x3;False;Maze;;;}...(8))
, 	MaxEpochs = 100
, 	TestString = yield return "48x12: P13x8;S11x3 P12x1;S11x2 P12x4;S15x2 P29x9;S15x2 P4x4;S6x1 P17x7;S14x3 P5x6;S14x2 P23x4;S2x3"; // Random(215)
)
]]></output>
                </test-case>
              </test-suite>
              <test-suite type="TestFixture" id="1-2040" name="EvolvingSimulatorTest" fullname="PlayersWorlds.Maps.Areas.Evolving.EvolvingSimulatorTest" classname="PlayersWorlds.Maps.Areas.Evolving.EvolvingSimulatorTest" runstate="Runnable" testcasecount="2" result="Passed" start-time="2024-06-28T22:00:05.2209720Z" end-time="2024-06-28T22:00:05.3348310Z" duration="0.113859" total="2" passed="2" failed="0" warnings="0" inconclusive="0" skipped="0" asserts="2">
                <test-case id="1-2042" name="EvolvingSimulator_ReturnsEpochsIfEvolitionIsNotComplete" fullname="PlayersWorlds.Maps.Areas.Evolving.EvolvingSimulatorTest.EvolvingSimulator_ReturnsEpochsIfEvolitionIsNotComplete" methodname="EvolvingSimulator_ReturnsEpochsIfEvolitionIsNotComplete" classname="PlayersWorlds.Maps.Areas.Evolving.EvolvingSimulatorTest" runstate="Runnable" seed="510807175" result="Passed" start-time="2024-06-28T22:00:05.2211180Z" end-time="2024-06-28T22:00:05.3325540Z" duration="0.111436" asserts="1" />
                <test-case id="1-2041" name="EvolvingSimulator_ThrowsIfMaxEpochsIsZero" fullname="PlayersWorlds.Maps.Areas.Evolving.EvolvingSimulatorTest.EvolvingSimulator_ThrowsIfMaxEpochsIsZero" methodname="EvolvingSimulator_ThrowsIfMaxEpochsIsZero" classname="PlayersWorlds.Maps.Areas.Evolving.EvolvingSimulatorTest" runstate="Runnable" seed="1041605416" result="Passed" start-time="2024-06-28T22:00:05.3325770Z" end-time="2024-06-28T22:00:05.3348120Z" duration="0.002235" asserts="1" />
              </test-suite>
              <test-suite type="TestFixture" id="1-2043" name="FloatingAreaTest" fullname="PlayersWorlds.Maps.Areas.Evolving.FloatingAreaTest" classname="PlayersWorlds.Maps.Areas.Evolving.FloatingAreaTest" runstate="Runnable" testcasecount="22" result="Passed" start-time="2024-06-28T22:00:05.3348500Z" end-time="2024-06-28T22:00:05.3459970Z" duration="0.011148" total="22" passed="22" failed="0" warnings="0" inconclusive="0" skipped="0" asserts="45">
                <test-case id="1-2048" name="CenterIsValid" fullname="PlayersWorlds.Maps.Areas.Evolving.FloatingAreaTest.CenterIsValid" methodname="CenterIsValid" classname="PlayersWorlds.Maps.Areas.Evolving.FloatingAreaTest" runstate="Runnable" seed="1681534556" result="Passed" start-time="2024-06-28T22:00:05.3349300Z" end-time="2024-06-28T22:00:05.3374210Z" duration="0.002491" asserts="4" />
                <test-case id="1-2047" name="Contains" fullname="PlayersWorlds.Maps.Areas.Evolving.FloatingAreaTest.Contains" methodname="Contains" classname="PlayersWorlds.Maps.Areas.Evolving.FloatingAreaTest" runstate="Runnable" seed="338639435" result="Passed" start-time="2024-06-28T22:00:05.3374340Z" end-time="2024-06-28T22:00:05.3417530Z" duration="0.004319" asserts="2" />
                <test-suite type="ParameterizedMethod" id="1-2065" name="DistanceTo" fullname="PlayersWorlds.Maps.Areas.Evolving.FloatingAreaTest.DistanceTo" classname="PlayersWorlds.Maps.Areas.Evolving.FloatingAreaTest" runstate="Runnable" testcasecount="16" result="Passed" start-time="2024-06-28T22:00:05.3417670Z" end-time="2024-06-28T22:00:05.3426350Z" duration="0.000869" total="16" passed="16" failed="0" warnings="0" inconclusive="0" skipped="0" asserts="32">
                  <properties>
                    <property name="Category" value="Integration" />
                  </properties>
                  <test-case id="1-2049" name="DistanceTo((PlayersWorlds.Maps.Areas.Evolving.FloatingArea[], -1.00x0.00, False))" fullname="PlayersWorlds.Maps.Areas.Evolving.FloatingAreaTest.DistanceTo((PlayersWorlds.Maps.Areas.Evolving.FloatingArea[], -1.00x0.00, False))" methodname="DistanceTo" classname="PlayersWorlds.Maps.Areas.Evolving.FloatingAreaTest" runstate="Runnable" seed="1375012322" result="Passed" start-time="2024-06-28T22:00:05.3417830Z" end-time="2024-06-28T22:00:05.3421950Z" duration="0.000413" asserts="2" />
                  <test-case id="1-2050" name="DistanceTo((PlayersWorlds.Maps.Areas.Evolving.FloatingArea[], 0.00x0.00, False))" fullname="PlayersWorlds.Maps.Areas.Evolving.FloatingAreaTest.DistanceTo((PlayersWorlds.Maps.Areas.Evolving.FloatingArea[], 0.00x0.00, False))" methodname="DistanceTo" classname="PlayersWorlds.Maps.Areas.Evolving.FloatingAreaTest" runstate="Runnable" seed="1708116116" result="Passed" start-time="2024-06-28T22:00:05.3422030Z" end-time="2024-06-28T22:00:05.3422400Z" duration="0.000037" asserts="2" />
                  <test-case id="1-2051" name="DistanceTo((PlayersWorlds.Maps.Areas.Evolving.FloatingArea[], 1.00x0.00, True))" fullname="PlayersWorlds.Maps.Areas.Evolving.FloatingAreaTest.DistanceTo((PlayersWorlds.Maps.Areas.Evolving.FloatingArea[], 1.00x0.00, True))" methodname="DistanceTo" classname="PlayersWorlds.Maps.Areas.Evolving.FloatingAreaTest" runstate="Runnable" seed="1456596154" result="Passed" start-time="2024-06-28T22:00:05.3422460Z" end-time="2024-06-28T22:00:05.3422730Z" duration="0.000027" asserts="2" />
                  <test-case id="1-2052" name="DistanceTo((PlayersWorlds.Maps.Areas.Evolving.FloatingArea[], 0.00x0.00, True))" fullname="PlayersWorlds.Maps.Areas.Evolving.FloatingAreaTest.DistanceTo((PlayersWorlds.Maps.Areas.Evolving.FloatingArea[], 0.00x0.00, True))" methodname="DistanceTo" classname="PlayersWorlds.Maps.Areas.Evolving.FloatingAreaTest" runstate="Runnable" seed="1881925467" result="Passed" start-time="2024-06-28T22:00:05.3422780Z" end-time="2024-06-28T22:00:05.3423040Z" duration="0.000026" asserts="2" />
                  <test-case id="1-2053" name="DistanceTo((PlayersWorlds.Maps.Areas.Evolving.FloatingArea[], -1.00x0.00, True))" fullname="PlayersWorlds.Maps.Areas.Evolving.FloatingAreaTest.DistanceTo((PlayersWorlds.Maps.Areas.Evolving.FloatingArea[], -1.00x0.00, True))" methodname="DistanceTo" classname="PlayersWorlds.Maps.Areas.Evolving.FloatingAreaTest" runstate="Runnable" seed="5671549" result="Passed" start-time="2024-06-28T22:00:05.3423080Z" end-time="2024-06-28T22:00:05.3423310Z" duration="0.000023" asserts="2" />
                  <test-case id="1-2054" name="DistanceTo((PlayersWorlds.Maps.Areas.Evolving.FloatingArea[], 0.00x0.00, False))" fullname="PlayersWorlds.Maps.Areas.Evolving.FloatingAreaTest.DistanceTo((PlayersWorlds.Maps.Areas.Evolving.FloatingArea[], 0.00x0.00, False))" methodname="DistanceTo" classname="PlayersWorlds.Maps.Areas.Evolving.FloatingAreaTest" runstate="Runnable" seed="726084399" result="Passed" start-time="2024-06-28T22:00:05.3423360Z" end-time="2024-06-28T22:00:05.3423590Z" duration="0.000023" asserts="2" />
                  <test-case id="1-2055" name="DistanceTo((PlayersWorlds.Maps.Areas.Evolving.FloatingArea[], 1.00x0.00, False))" fullname="PlayersWorlds.Maps.Areas.Evolving.FloatingAreaTest.DistanceTo((PlayersWorlds.Maps.Areas.Evolving.FloatingArea[], 1.00x0.00, False))" methodname="DistanceTo" classname="PlayersWorlds.Maps.Areas.Evolving.FloatingAreaTest" runstate="Runnable" seed="2131989041" result="Passed" start-time="2024-06-28T22:00:05.3423630Z" end-time="2024-06-28T22:00:05.3423830Z" duration="0.000020" asserts="2" />
                  <test-case id="1-2056" name="DistanceTo((PlayersWorlds.Maps.Areas.Evolving.FloatingArea[], -1.00x1.00, False))" fullname="PlayersWorlds.Maps.Areas.Evolving.FloatingAreaTest.DistanceTo((PlayersWorlds.Maps.Areas.Evolving.FloatingArea[], -1.00x1.00, False))" methodname="DistanceTo" classname="PlayersWorlds.Maps.Areas.Evolving.FloatingAreaTest" runstate="Runnable" seed="212883730" result="Passed" start-time="2024-06-28T22:00:05.3423870Z" end-time="2024-06-28T22:00:05.3424070Z" duration="0.000020" asserts="2" />
                  <test-case id="1-2057" name="DistanceTo((PlayersWorlds.Maps.Areas.Evolving.FloatingArea[], 0.00x1.00, False))" fullname="PlayersWorlds.Maps.Areas.Evolving.FloatingAreaTest.DistanceTo((PlayersWorlds.Maps.Areas.Evolving.FloatingArea[], 0.00x1.00, False))" methodname="DistanceTo" classname="PlayersWorlds.Maps.Areas.Evolving.FloatingAreaTest" runstate="Runnable" seed="103355305" result="Passed" start-time="2024-06-28T22:00:05.3424120Z" end-time="2024-06-28T22:00:05.3424310Z" duration="0.000019" asserts="2" />
                  <test-case id="1-2058" name="DistanceTo((PlayersWorlds.Maps.Areas.Evolving.FloatingArea[], 1.00x1.00, True))" fullname="PlayersWorlds.Maps.Areas.Evolving.FloatingAreaTest.DistanceTo((PlayersWorlds.Maps.Areas.Evolving.FloatingArea[], 1.00x1.00, True))" methodname="DistanceTo" classname="PlayersWorlds.Maps.Areas.Evolving.FloatingAreaTest" runstate="Runnable" seed="1596013151" result="Passed" start-time="2024-06-28T22:00:05.3424360Z" end-time="2024-06-28T22:00:05.3424550Z" duration="0.000019" asserts="2" />
                  <test-case id="1-2059" name="DistanceTo((PlayersWorlds.Maps.Areas.Evolving.FloatingArea[], 0.00x1.00, True))" fullname="PlayersWorlds.Maps.Areas.Evolving.FloatingAreaTest.DistanceTo((PlayersWorlds.Maps.Areas.Evolving.FloatingArea[], 0.00x1.00, True))" methodname="DistanceTo" classname="PlayersWorlds.Maps.Areas.Evolving.FloatingAreaTest" runstate="Runnable" seed="1031836334" result="Passed" start-time="2024-06-28T22:00:05.3424590Z" end-time="2024-06-28T22:00:05.3424810Z" duration="0.000022" asserts="2" />
                  <test-case id="1-2060" name="DistanceTo((PlayersWorlds.Maps.Areas.Evolving.FloatingArea[], -1.00x1.00, True))" fullname="PlayersWorlds.Maps.Areas.Evolving.FloatingAreaTest.DistanceTo((PlayersWorlds.Maps.Areas.Evolving.FloatingArea[], -1.00x1.00, True))" methodname="DistanceTo" classname="PlayersWorlds.Maps.Areas.Evolving.FloatingAreaTest" runstate="Runnable" seed="1997974367" result="Passed" start-time="2024-06-28T22:00:05.3424860Z" end-time="2024-06-28T22:00:05.3425050Z" duration="0.000020" asserts="2" />
                  <test-case id="1-2061" name="DistanceTo((PlayersWorlds.Maps.Areas.Evolving.FloatingArea[], 0.00x1.00, False))" fullname="PlayersWorlds.Maps.Areas.Evolving.FloatingAreaTest.DistanceTo((PlayersWorlds.Maps.Areas.Evolving.FloatingArea[], 0.00x1.00, False))" methodname="DistanceTo" classname="PlayersWorlds.Maps.Areas.Evolving.FloatingAreaTest" runstate="Runnable" seed="176047800" result="Passed" start-time="2024-06-28T22:00:05.3425090Z" end-time="2024-06-28T22:00:05.3425300Z" duration="0.000021" asserts="2" />
                  <test-case id="1-2062" name="DistanceTo((PlayersWorlds.Maps.Areas.Evolving.FloatingArea[], 1.00x1.00, False))" fullname="PlayersWorlds.Maps.Areas.Evolving.FloatingAreaTest.DistanceTo((PlayersWorlds.Maps.Areas.Evolving.FloatingArea[], 1.00x1.00, False))" methodname="DistanceTo" classname="PlayersWorlds.Maps.Areas.Evolving.FloatingAreaTest" runstate="Runnable" seed="956929381" result="Passed" start-time="2024-06-28T22:00:05.3425340Z" end-time="2024-06-28T22:00:05.3425520Z" duration="0.000018" asserts="2" />
                  <test-case id="1-2063" name="DistanceTo((PlayersWorlds.Maps.Areas.Evolving.FloatingArea[], -1.00x-1.00, True))" fullname="PlayersWorlds.Maps.Areas.Evolving.FloatingAreaTest.DistanceTo((PlayersWorlds.Maps.Areas.Evolving.FloatingArea[], -1.00x-1.00, True))" methodname="DistanceTo" classname="PlayersWorlds.Maps.Areas.Evolving.FloatingAreaTest" runstate="Runnable" seed="736709319" result="Passed" start-time="2024-06-28T22:00:05.3425570Z" end-time="2024-06-28T22:00:05.3425860Z" duration="0.000029" asserts="2" />
                  <test-case id="1-2064" name="DistanceTo((PlayersWorlds.Maps.Areas.Evolving.FloatingArea[], 1.00x1.00, False))" fullname="PlayersWorlds.Maps.Areas.Evolving.FloatingAreaTest.DistanceTo((PlayersWorlds.Maps.Areas.Evolving.FloatingArea[], 1.00x1.00, False))" methodname="DistanceTo" classname="PlayersWorlds.Maps.Areas.Evolving.FloatingAreaTest" runstate="Runnable" seed="1956872512" result="Passed" start-time="2024-06-28T22:00:05.3425920Z" end-time="2024-06-28T22:00:05.3426240Z" duration="0.000033" asserts="2" />
                </test-suite>
                <test-case id="1-2066" name="DistanceToDebug" fullname="PlayersWorlds.Maps.Areas.Evolving.FloatingAreaTest.DistanceToDebug" methodname="DistanceToDebug" classname="PlayersWorlds.Maps.Areas.Evolving.FloatingAreaTest" runstate="Runnable" seed="1553911104" result="Passed" start-time="2024-06-28T22:00:05.3426500Z" end-time="2024-06-28T22:00:05.3431060Z" duration="0.000456" asserts="2" />
                <test-case id="1-2046" name="Overlaps" fullname="PlayersWorlds.Maps.Areas.Evolving.FloatingAreaTest.Overlaps" methodname="Overlaps" classname="PlayersWorlds.Maps.Areas.Evolving.FloatingAreaTest" runstate="Runnable" seed="1413734658" result="Passed" start-time="2024-06-28T22:00:05.3431160Z" end-time="2024-06-28T22:00:05.3456530Z" duration="0.002537" asserts="2" />
                <test-case id="1-2044" name="Parse" fullname="PlayersWorlds.Maps.Areas.Evolving.FloatingAreaTest.Parse" methodname="Parse" classname="PlayersWorlds.Maps.Areas.Evolving.FloatingAreaTest" runstate="Runnable" seed="388703068" result="Passed" start-time="2024-06-28T22:00:05.3456610Z" end-time="2024-06-28T22:00:05.3458360Z" duration="0.000175" asserts="2" />
                <test-case id="1-2045" name="ToStringIsValid" fullname="PlayersWorlds.Maps.Areas.Evolving.FloatingAreaTest.ToStringIsValid" methodname="ToStringIsValid" classname="PlayersWorlds.Maps.Areas.Evolving.FloatingAreaTest" runstate="Runnable" seed="1225744951" result="Passed" start-time="2024-06-28T22:00:05.3458430Z" end-time="2024-06-28T22:00:05.3459860Z" duration="0.000143" asserts="1" />
              </test-suite>
            </test-suite>
            <test-suite type="TestFixture" id="1-1945" name="MapAreaTest" fullname="PlayersWorlds.Maps.Areas.MapAreaTest" classname="PlayersWorlds.Maps.Areas.MapAreaTest" runstate="Runnable" testcasecount="9" result="Passed" start-time="2024-06-28T22:00:05.3460270Z" end-time="2024-06-28T22:00:05.3664170Z" duration="0.020390" total="9" passed="9" failed="0" warnings="0" inconclusive="0" skipped="0" asserts="31">
              <test-case id="1-1953" name="BakeCreatesLinks" fullname="PlayersWorlds.Maps.Areas.MapAreaTest.BakeCreatesLinks" methodname="BakeCreatesLinks" classname="PlayersWorlds.Maps.Areas.MapAreaTest" runstate="Runnable" seed="1905272723" result="Passed" start-time="2024-06-28T22:00:05.3460970Z" end-time="2024-06-28T22:00:05.3479410Z" duration="0.001844" asserts="1" />
              <test-case id="1-1952" name="BakeCreatesNeighbors" fullname="PlayersWorlds.Maps.Areas.MapAreaTest.BakeCreatesNeighbors" methodname="BakeCreatesNeighbors" classname="PlayersWorlds.Maps.Areas.MapAreaTest" runstate="Runnable" seed="618150518" result="Passed" start-time="2024-06-28T22:00:05.3479500Z" end-time="2024-06-28T22:00:05.3482600Z" duration="0.000310" asserts="1" />
              <test-case id="1-1954" name="BakeCreatesProperLinks" fullname="PlayersWorlds.Maps.Areas.MapAreaTest.BakeCreatesProperLinks" methodname="BakeCreatesProperLinks" classname="PlayersWorlds.Maps.Areas.MapAreaTest" runstate="Runnable" seed="1396085625" result="Passed" start-time="2024-06-28T22:00:05.3482670Z" end-time="2024-06-28T22:00:05.3513330Z" duration="0.003066" asserts="2" />
              <test-case id="1-1948" name="Overlaps_ReturnsFalseIfDoesNotOverlap" fullname="PlayersWorlds.Maps.Areas.MapAreaTest.Overlaps_ReturnsFalseIfDoesNotOverlap" methodname="Overlaps_ReturnsFalseIfDoesNotOverlap" classname="PlayersWorlds.Maps.Areas.MapAreaTest" runstate="Runnable" seed="735255265" result="Passed" start-time="2024-06-28T22:00:05.3513420Z" end-time="2024-06-28T22:00:05.3566400Z" duration="0.005297" asserts="15" />
              <test-case id="1-1947" name="Overlaps_ReturnsTrueIfOverlaps" fullname="PlayersWorlds.Maps.Areas.MapAreaTest.Overlaps_ReturnsTrueIfOverlaps" methodname="Overlaps_ReturnsTrueIfOverlaps" classname="PlayersWorlds.Maps.Areas.MapAreaTest" runstate="Runnable" seed="1827283257" result="Passed" start-time="2024-06-28T22:00:05.3566530Z" end-time="2024-06-28T22:00:05.3589350Z" duration="0.002282" asserts="7" />
              <test-case id="1-1946" name="Overlaps_ThrowsIfSame" fullname="PlayersWorlds.Maps.Areas.MapAreaTest.Overlaps_ThrowsIfSame" methodname="Overlaps_ThrowsIfSame" classname="PlayersWorlds.Maps.Areas.MapAreaTest" runstate="Runnable" seed="375676033" result="Passed" start-time="2024-06-28T22:00:05.3589430Z" end-time="2024-06-28T22:00:05.3628170Z" duration="0.003874" asserts="2" />
              <test-case id="1-1950" name="Position_DoesNotThrowIfInitialized" fullname="PlayersWorlds.Maps.Areas.MapAreaTest.Position_DoesNotThrowIfInitialized" methodname="Position_DoesNotThrowIfInitialized" classname="PlayersWorlds.Maps.Areas.MapAreaTest" runstate="Runnable" seed="816314853" result="Passed" start-time="2024-06-28T22:00:05.3628260Z" end-time="2024-06-28T22:00:05.3640250Z" duration="0.001199" asserts="1" />
              <test-case id="1-1949" name="Position_UnpositionedThrowsIfNotInitialized" fullname="PlayersWorlds.Maps.Areas.MapAreaTest.Position_UnpositionedThrowsIfNotInitialized" methodname="Position_UnpositionedThrowsIfNotInitialized" classname="PlayersWorlds.Maps.Areas.MapAreaTest" runstate="Runnable" seed="815657323" result="Passed" start-time="2024-06-28T22:00:05.3640320Z" end-time="2024-06-28T22:00:05.3659160Z" duration="0.001884" asserts="1" />
              <test-case id="1-1951" name="ThrowsIfWrongParameters" fullname="PlayersWorlds.Maps.Areas.MapAreaTest.ThrowsIfWrongParameters" methodname="ThrowsIfWrongParameters" classname="PlayersWorlds.Maps.Areas.MapAreaTest" runstate="Runnable" seed="524985563" result="Passed" start-time="2024-06-28T22:00:05.3659280Z" end-time="2024-06-28T22:00:05.3664020Z" duration="0.000475" asserts="1" />
            </test-suite>
          </test-suite>
          <test-suite type="TestFixture" id="1-1004" name="AssemblyInfoTest" fullname="PlayersWorlds.Maps.AssemblyInfoTest" classname="PlayersWorlds.Maps.AssemblyInfoTest" runstate="Runnable" testcasecount="2" result="Passed" start-time="2024-06-28T22:00:05.3664420Z" end-time="2024-06-28T22:00:05.3672900Z" duration="0.000848" total="2" passed="2" failed="0" warnings="0" inconclusive="0" skipped="0" asserts="4">
            <test-case id="1-1006" name="TestAssemblyCompany" fullname="PlayersWorlds.Maps.AssemblyInfoTest.TestAssemblyCompany" methodname="TestAssemblyCompany" classname="PlayersWorlds.Maps.AssemblyInfoTest" runstate="Runnable" seed="469218041" result="Passed" start-time="2024-06-28T22:00:05.3665220Z" end-time="2024-06-28T22:00:05.3670260Z" duration="0.000504" asserts="2" />
            <test-case id="1-1005" name="TestAssemblyTitle" fullname="PlayersWorlds.Maps.AssemblyInfoTest.TestAssemblyTitle" methodname="TestAssemblyTitle" classname="PlayersWorlds.Maps.AssemblyInfoTest" runstate="Runnable" seed="984053187" result="Passed" start-time="2024-06-28T22:00:05.3670340Z" end-time="2024-06-28T22:00:05.3672800Z" duration="0.000246" asserts="2" />
          </test-suite>
          <test-suite type="TestFixture" id="1-1007" name="CellTest" fullname="PlayersWorlds.Maps.CellTest" classname="PlayersWorlds.Maps.CellTest" runstate="Runnable" testcasecount="2" result="Passed" start-time="2024-06-28T22:00:05.3673010Z" end-time="2024-06-28T22:00:05.3684660Z" duration="0.001164" total="2" passed="2" failed="0" warnings="0" inconclusive="0" skipped="0" asserts="4">
            <test-case id="1-1008" name="CellTagEqualityTest" fullname="PlayersWorlds.Maps.CellTest.CellTagEqualityTest" methodname="CellTagEqualityTest" classname="PlayersWorlds.Maps.CellTest" runstate="Runnable" seed="1800872205" result="Passed" start-time="2024-06-28T22:00:05.3673610Z" end-time="2024-06-28T22:00:05.3677410Z" duration="0.000381" asserts="3" />
            <test-case id="1-1009" name="Serialize" fullname="PlayersWorlds.Maps.CellTest.Serialize" methodname="Serialize" classname="PlayersWorlds.Maps.CellTest" runstate="Runnable" seed="185495885" result="Passed" start-time="2024-06-28T22:00:05.3677490Z" end-time="2024-06-28T22:00:05.3684560Z" duration="0.000707" asserts="1" />
          </test-suite>
          <test-suite type="TestFixture" id="1-1010" name="ExtensionsTest" fullname="PlayersWorlds.Maps.ExtensionsTest" classname="PlayersWorlds.Maps.ExtensionsTest" runstate="Runnable" testcasecount="7" result="Passed" start-time="2024-06-28T22:00:05.3684780Z" end-time="2024-06-28T22:00:05.3756030Z" duration="0.007125" total="7" passed="7" failed="0" warnings="0" inconclusive="0" skipped="0" asserts="12">
            <test-case id="1-1013" name="DebugString" fullname="PlayersWorlds.Maps.ExtensionsTest.DebugString" methodname="DebugString" classname="PlayersWorlds.Maps.ExtensionsTest" runstate="Runnable" seed="1698891163" result="Passed" start-time="2024-06-28T22:00:05.3685380Z" end-time="2024-06-28T22:00:05.3687690Z" duration="0.000231" asserts="1" />
            <test-case id="1-1016" name="GetAllDictionaryItems" fullname="PlayersWorlds.Maps.ExtensionsTest.GetAllDictionaryItems" methodname="GetAllDictionaryItems" classname="PlayersWorlds.Maps.ExtensionsTest" runstate="Runnable" seed="564027209" result="Passed" start-time="2024-06-28T22:00:05.3687770Z" end-time="2024-06-28T22:00:05.3719160Z" duration="0.003139" asserts="1" />
            <test-case id="1-1017" name="GetAllHashSetKeys" fullname="PlayersWorlds.Maps.ExtensionsTest.GetAllHashSetKeys" methodname="GetAllHashSetKeys" classname="PlayersWorlds.Maps.ExtensionsTest" runstate="Runnable" seed="656370283" result="Passed" start-time="2024-06-28T22:00:05.3719240Z" end-time="2024-06-28T22:00:05.3728070Z" duration="0.000883" asserts="1" />
            <test-case id="1-1014" name="Set" fullname="PlayersWorlds.Maps.ExtensionsTest.Set" methodname="Set" classname="PlayersWorlds.Maps.ExtensionsTest" runstate="Runnable" seed="1292362461" result="Passed" start-time="2024-06-28T22:00:05.3728180Z" end-time="2024-06-28T22:00:05.3736880Z" duration="0.000870" asserts="3" />
            <test-case id="1-1015" name="SetList" fullname="PlayersWorlds.Maps.ExtensionsTest.SetList" methodname="SetList" classname="PlayersWorlds.Maps.ExtensionsTest" runstate="Runnable" seed="2019891169" result="Passed" start-time="2024-06-28T22:00:05.3736990Z" end-time="2024-06-28T22:00:05.3750270Z" duration="0.001329" asserts="3" />
            <test-case id="1-1012" name="TryDequeue_Dequeues" fullname="PlayersWorlds.Maps.ExtensionsTest.TryDequeue_Dequeues" methodname="TryDequeue_Dequeues" classname="PlayersWorlds.Maps.ExtensionsTest" runstate="Runnable" seed="1285390415" result="Passed" start-time="2024-06-28T22:00:05.3750380Z" end-time="2024-06-28T22:00:05.3754560Z" duration="0.000418" asserts="2" />
            <test-case id="1-1011" name="TryDequeue_DoesNotThrow" fullname="PlayersWorlds.Maps.ExtensionsTest.TryDequeue_DoesNotThrow" methodname="TryDequeue_DoesNotThrow" classname="PlayersWorlds.Maps.ExtensionsTest" runstate="Runnable" seed="1742583299" result="Passed" start-time="2024-06-28T22:00:05.3754640Z" end-time="2024-06-28T22:00:05.3755930Z" duration="0.000129" asserts="1" />
          </test-suite>
          <test-suite type="TestFixture" id="1-1018" name="GlobalRandomTest" fullname="PlayersWorlds.Maps.GlobalRandomTest" classname="PlayersWorlds.Maps.GlobalRandomTest" runstate="Runnable" testcasecount="3" result="Passed" start-time="2024-06-28T22:00:05.3756140Z" end-time="2024-06-28T22:00:05.3788150Z" duration="0.003201" total="3" passed="3" failed="0" warnings="0" inconclusive="0" skipped="0" asserts="1002">
            <test-case id="1-1019" name="RandomCollectionItem" fullname="PlayersWorlds.Maps.GlobalRandomTest.RandomCollectionItem" methodname="RandomCollectionItem" classname="PlayersWorlds.Maps.GlobalRandomTest" runstate="Runnable" seed="920208366" result="Passed" start-time="2024-06-28T22:00:05.3756750Z" end-time="2024-06-28T22:00:05.3762650Z" duration="0.000590" asserts="1" />
            <test-case id="1-1021" name="RandomInRange" fullname="PlayersWorlds.Maps.GlobalRandomTest.RandomInRange" methodname="RandomInRange" classname="PlayersWorlds.Maps.GlobalRandomTest" runstate="Runnable" seed="1911669388" result="Passed" start-time="2024-06-28T22:00:05.3762720Z" end-time="2024-06-28T22:00:05.3786060Z" duration="0.002333" asserts="1000" />
            <test-case id="1-1020" name="ThrowsIfEmptyCollection" fullname="PlayersWorlds.Maps.GlobalRandomTest.ThrowsIfEmptyCollection" methodname="ThrowsIfEmptyCollection" classname="PlayersWorlds.Maps.GlobalRandomTest" runstate="Runnable" seed="1501719251" result="Passed" start-time="2024-06-28T22:00:05.3786170Z" end-time="2024-06-28T22:00:05.3788060Z" duration="0.000189" asserts="1" />
          </test-suite>
          <test-suite type="TestFixture" id="1-1022" name="Map2DTest" fullname="PlayersWorlds.Maps.Map2DTest" classname="PlayersWorlds.Maps.Map2DTest" runstate="Runnable" testcasecount="1" result="Passed" start-time="2024-06-28T22:00:05.3788270Z" end-time="2024-06-28T22:00:05.3835740Z" duration="0.004747" total="1" passed="1" failed="0" warnings="0" inconclusive="0" skipped="0" asserts="6">
            <test-case id="1-1023" name="ParseMap" fullname="PlayersWorlds.Maps.Map2DTest.ParseMap" methodname="ParseMap" classname="PlayersWorlds.Maps.Map2DTest" runstate="Runnable" seed="363438863" result="Passed" start-time="2024-06-28T22:00:05.3795140Z" end-time="2024-06-28T22:00:05.3835610Z" duration="0.004047" asserts="6" />
          </test-suite>
          <test-suite type="TestSuite" id="1-2074" name="MapFilters" fullname="PlayersWorlds.Maps.MapFilters" runstate="Runnable" testcasecount="5" result="Passed" start-time="2024-06-28T21:57:10.9779480Z" end-time="2024-06-28T22:00:05.3930090Z" duration="174.415061" total="5" passed="5" failed="0" warnings="0" inconclusive="0" skipped="0" asserts="10">
            <test-suite type="TestFixture" id="1-1939" name="Map2DEraseSpotsTest" fullname="PlayersWorlds.Maps.MapFilters.Map2DEraseSpotsTest" classname="PlayersWorlds.Maps.MapFilters.Map2DEraseSpotsTest" runstate="Runnable" testcasecount="5" result="Passed" start-time="2024-06-28T22:00:05.3835850Z" end-time="2024-06-28T22:00:05.3930010Z" duration="0.009416" total="5" passed="5" failed="0" warnings="0" inconclusive="0" skipped="0" asserts="10">
              <test-case id="1-1940" name="BackslashEraseSpots" fullname="PlayersWorlds.Maps.MapFilters.Map2DEraseSpotsTest.BackslashEraseSpots" methodname="BackslashEraseSpots" classname="PlayersWorlds.Maps.MapFilters.Map2DEraseSpotsTest" runstate="Runnable" seed="191134968" result="Passed" start-time="2024-06-28T22:00:05.3836450Z" end-time="2024-06-28T22:00:05.3857630Z" duration="0.002118" asserts="1" />
              <test-case id="1-1944" name="SmoothBoxEraseSpots" fullname="PlayersWorlds.Maps.MapFilters.Map2DEraseSpotsTest.SmoothBoxEraseSpots" methodname="SmoothBoxEraseSpots" classname="PlayersWorlds.Maps.MapFilters.Map2DEraseSpotsTest" runstate="Runnable" seed="1270011693" result="Passed" start-time="2024-06-28T22:00:05.3857740Z" end-time="2024-06-28T22:00:05.3869700Z" duration="0.001196" asserts="1" />
              <test-case id="1-1943" name="SmoothBoxVoidBgEraseSpots" fullname="PlayersWorlds.Maps.MapFilters.Map2DEraseSpotsTest.SmoothBoxVoidBgEraseSpots" methodname="SmoothBoxVoidBgEraseSpots" classname="PlayersWorlds.Maps.MapFilters.Map2DEraseSpotsTest" runstate="Runnable" seed="1518024635" result="Passed" start-time="2024-06-28T22:00:05.3869800Z" end-time="2024-06-28T22:00:05.3878030Z" duration="0.000822" asserts="1" />
              <test-case id="1-1942" name="Spot1x3SpotsEraseSpots" fullname="PlayersWorlds.Maps.MapFilters.Map2DEraseSpotsTest.Spot1x3SpotsEraseSpots" methodname="Spot1x3SpotsEraseSpots" classname="PlayersWorlds.Maps.MapFilters.Map2DEraseSpotsTest" runstate="Runnable" seed="684316612" result="Passed" start-time="2024-06-28T22:00:05.3878130Z" end-time="2024-06-28T22:00:05.3886030Z" duration="0.000790" asserts="1" />
              <test-case id="1-1941" name="VariousSpotsEraseSpots" fullname="PlayersWorlds.Maps.MapFilters.Map2DEraseSpotsTest.VariousSpotsEraseSpots" methodname="VariousSpotsEraseSpots" classname="PlayersWorlds.Maps.MapFilters.Map2DEraseSpotsTest" runstate="Runnable" seed="472289630" result="Passed" start-time="2024-06-28T22:00:05.3886130Z" end-time="2024-06-28T22:00:05.3929880Z" duration="0.004375" asserts="6" />
            </test-suite>
          </test-suite>
          <test-suite type="TestSuite" id="1-2072" name="Maze" fullname="PlayersWorlds.Maps.Maze" runstate="Runnable" testcasecount="776" result="Skipped" label="Ignored" site="Child" start-time="2024-06-28T21:57:10.9779540Z" end-time="2024-06-28T22:01:20.7069940Z" duration="249.729041" total="776" passed="528" failed="0" warnings="0" inconclusive="0" skipped="248" asserts="14280">
            <reason>
              <message><![CDATA[One or more child tests were ignored]]></message>
            </reason>
            <test-suite type="TestFixture" id="1-1143" name="Maze2DBuilderTest" fullname="PlayersWorlds.Maps.Maze.Maze2DBuilderTest" classname="PlayersWorlds.Maps.Maze.Maze2DBuilderTest" runstate="Runnable" testcasecount="25" result="Passed" start-time="2024-06-28T22:00:05.3930210Z" end-time="2024-06-28T22:00:05.4829730Z" duration="0.089952" total="25" passed="25" failed="0" warnings="0" inconclusive="0" skipped="0" asserts="7184">
              <test-case id="1-1162" name="ApplyAreas" fullname="PlayersWorlds.Maps.Maze.Maze2DBuilderTest.ApplyAreas" methodname="ApplyAreas" classname="PlayersWorlds.Maps.Maze.Maze2DBuilderTest" runstate="Runnable" seed="715091012" result="Passed" start-time="2024-06-28T22:00:05.3930880Z" end-time="2024-06-28T22:00:05.4049880Z" duration="0.011900" asserts="4" />
              <test-case id="1-1144" name="BuildsCorrectCellsCollections" fullname="PlayersWorlds.Maps.Maze.Maze2DBuilderTest.BuildsCorrectCellsCollections" methodname="BuildsCorrectCellsCollections" classname="PlayersWorlds.Maps.Maze.Maze2DBuilderTest" runstate="Runnable" seed="1410224465" result="Passed" start-time="2024-06-28T22:00:05.4050010Z" end-time="2024-06-28T22:00:05.4074020Z" duration="0.002401" asserts="2" />
              <test-case id="1-1145" name="BuildsCorrectCellsCollectionsWithHallAreas" fullname="PlayersWorlds.Maps.Maze.Maze2DBuilderTest.BuildsCorrectCellsCollectionsWithHallAreas" methodname="BuildsCorrectCellsCollectionsWithHallAreas" classname="PlayersWorlds.Maps.Maze.Maze2DBuilderTest" runstate="Runnable" seed="1620987567" result="Passed" start-time="2024-06-28T22:00:05.4074130Z" end-time="2024-06-28T22:00:05.4106440Z" duration="0.003231" asserts="4" />
              <test-case id="1-1146" name="BuildsCorrectCellsCollectionsWithHallAreasAtTheEdge" fullname="PlayersWorlds.Maps.Maze.Maze2DBuilderTest.BuildsCorrectCellsCollectionsWithHallAreasAtTheEdge" methodname="BuildsCorrectCellsCollectionsWithHallAreasAtTheEdge" classname="PlayersWorlds.Maps.Maze.Maze2DBuilderTest" runstate="Runnable" seed="353973051" result="Passed" start-time="2024-06-28T22:00:05.4106550Z" end-time="2024-06-28T22:00:05.4123700Z" duration="0.001715" asserts="4" />
              <test-case id="1-1168" name="CanConnect" fullname="PlayersWorlds.Maps.Maze.Maze2DBuilderTest.CanConnect" methodname="CanConnect" classname="PlayersWorlds.Maps.Maze.Maze2DBuilderTest" runstate="Runnable" seed="1660163578" result="Passed" start-time="2024-06-28T22:00:05.4123810Z" end-time="2024-06-28T22:00:05.4177890Z" duration="0.005409" asserts="11" />
              <test-case id="1-1167" name="DoubleLinkingThrowsError" fullname="PlayersWorlds.Maps.Maze.Maze2DBuilderTest.DoubleLinkingThrowsError" methodname="DoubleLinkingThrowsError" classname="PlayersWorlds.Maps.Maze.Maze2DBuilderTest" runstate="Runnable" seed="1188660613" result="Passed" start-time="2024-06-28T22:00:05.4178000Z" end-time="2024-06-28T22:00:05.4189830Z" duration="0.001183" asserts="1" />
              <test-case id="1-1152" name="IsFillComplete_Full" fullname="PlayersWorlds.Maps.Maze.Maze2DBuilderTest.IsFillComplete_Full" methodname="IsFillComplete_Full" classname="PlayersWorlds.Maps.Maze.Maze2DBuilderTest" runstate="Runnable" seed="690223853" result="Passed" start-time="2024-06-28T22:00:05.4189930Z" end-time="2024-06-28T22:00:05.4196580Z" duration="0.000665" asserts="4" />
              <test-case id="1-1155" name="IsFillComplete_Full_WithCave" fullname="PlayersWorlds.Maps.Maze.Maze2DBuilderTest.IsFillComplete_Full_WithCave" methodname="IsFillComplete_Full_WithCave" classname="PlayersWorlds.Maps.Maze.Maze2DBuilderTest" runstate="Runnable" seed="1321887296" result="Passed" start-time="2024-06-28T22:00:05.4196690Z" end-time="2024-06-28T22:00:05.4210750Z" duration="0.001407" asserts="3" />
              <test-case id="1-1154" name="IsFillComplete_Full_WithFill" fullname="PlayersWorlds.Maps.Maze.Maze2DBuilderTest.IsFillComplete_Full_WithFill" methodname="IsFillComplete_Full_WithFill" classname="PlayersWorlds.Maps.Maze.Maze2DBuilderTest" runstate="Runnable" seed="906537568" result="Passed" start-time="2024-06-28T22:00:05.4210860Z" end-time="2024-06-28T22:00:05.4231740Z" duration="0.002088" asserts="2" />
              <test-case id="1-1153" name="IsFillComplete_Full_WithHall" fullname="PlayersWorlds.Maps.Maze.Maze2DBuilderTest.IsFillComplete_Full_WithHall" methodname="IsFillComplete_Full_WithHall" classname="PlayersWorlds.Maps.Maze.Maze2DBuilderTest" runstate="Runnable" seed="1575347110" result="Passed" start-time="2024-06-28T22:00:05.4231850Z" end-time="2024-06-28T22:00:05.4245070Z" duration="0.001322" asserts="2" />
              <test-case id="1-1157" name="IsFillComplete_FullHeight" fullname="PlayersWorlds.Maps.Maze.Maze2DBuilderTest.IsFillComplete_FullHeight" methodname="IsFillComplete_FullHeight" classname="PlayersWorlds.Maps.Maze.Maze2DBuilderTest" runstate="Runnable" seed="815546158" result="Passed" start-time="2024-06-28T22:00:05.4245200Z" end-time="2024-06-28T22:00:05.4250740Z" duration="0.000554" asserts="3" />
              <test-case id="1-1156" name="IsFillComplete_FullWidth" fullname="PlayersWorlds.Maps.Maze.Maze2DBuilderTest.IsFillComplete_FullWidth" methodname="IsFillComplete_FullWidth" classname="PlayersWorlds.Maps.Maze.Maze2DBuilderTest" runstate="Runnable" seed="1962643218" result="Passed" start-time="2024-06-28T22:00:05.4250850Z" end-time="2024-06-28T22:00:05.4254260Z" duration="0.000341" asserts="3" />
              <test-case id="1-1159" name="IsFillComplete_Half" fullname="PlayersWorlds.Maps.Maze.Maze2DBuilderTest.IsFillComplete_Half" methodname="IsFillComplete_Half" classname="PlayersWorlds.Maps.Maze.Maze2DBuilderTest" runstate="Runnable" seed="1985844963" result="Passed" start-time="2024-06-28T22:00:05.4254340Z" end-time="2024-06-28T22:00:05.4256940Z" duration="0.000260" asserts="2" />
              <test-case id="1-1161" name="IsFillComplete_NinetyPercent" fullname="PlayersWorlds.Maps.Maze.Maze2DBuilderTest.IsFillComplete_NinetyPercent" methodname="IsFillComplete_NinetyPercent" classname="PlayersWorlds.Maps.Maze.Maze2DBuilderTest" runstate="Runnable" seed="1299171655" result="Passed" start-time="2024-06-28T22:00:05.4257010Z" end-time="2024-06-28T22:00:05.4260420Z" duration="0.000340" asserts="4" />
              <test-case id="1-1151" name="IsFillComplete_NoCells" fullname="PlayersWorlds.Maps.Maze.Maze2DBuilderTest.IsFillComplete_NoCells" methodname="IsFillComplete_NoCells" classname="PlayersWorlds.Maps.Maze.Maze2DBuilderTest" runstate="Runnable" seed="1632998556" result="Passed" start-time="2024-06-28T22:00:05.4260500Z" end-time="2024-06-28T22:00:05.4270410Z" duration="0.000991" asserts="1" />
              <test-case id="1-1158" name="IsFillComplete_Quarter" fullname="PlayersWorlds.Maps.Maze.Maze2DBuilderTest.IsFillComplete_Quarter" methodname="IsFillComplete_Quarter" classname="PlayersWorlds.Maps.Maze.Maze2DBuilderTest" runstate="Runnable" seed="1034329957" result="Passed" start-time="2024-06-28T22:00:05.4270490Z" end-time="2024-06-28T22:00:05.4273180Z" duration="0.000269" asserts="2" />
              <test-case id="1-1160" name="IsFillComplete_ThreeQuarters" fullname="PlayersWorlds.Maps.Maze.Maze2DBuilderTest.IsFillComplete_ThreeQuarters" methodname="IsFillComplete_ThreeQuarters" classname="PlayersWorlds.Maps.Maze.Maze2DBuilderTest" runstate="Runnable" seed="361381872" result="Passed" start-time="2024-06-28T22:00:05.4273250Z" end-time="2024-06-28T22:00:05.4276090Z" duration="0.000283" asserts="3" />
              <test-case id="1-1150" name="IterateUnlinkedCells_IteratesAllAvailableCells" fullname="PlayersWorlds.Maps.Maze.Maze2DBuilderTest.IterateUnlinkedCells_IteratesAllAvailableCells" methodname="IterateUnlinkedCells_IteratesAllAvailableCells" classname="PlayersWorlds.Maps.Maze.Maze2DBuilderTest" runstate="Runnable" seed="1376117605" result="Passed" start-time="2024-06-28T22:00:05.4276160Z" end-time="2024-06-28T22:00:05.4327500Z" duration="0.005134" asserts="28" />
              <test-case id="1-1165" name="LinksAreMutual" fullname="PlayersWorlds.Maps.Maze.Maze2DBuilderTest.LinksAreMutual" methodname="LinksAreMutual" classname="PlayersWorlds.Maps.Maze.Maze2DBuilderTest" runstate="Runnable" seed="1651115178" result="Passed" start-time="2024-06-28T22:00:05.4327610Z" end-time="2024-06-28T22:00:05.4346990Z" duration="0.001938" asserts="10" />
              <test-case id="1-1166" name="LinksOnlyWithNeighbors" fullname="PlayersWorlds.Maps.Maze.Maze2DBuilderTest.LinksOnlyWithNeighbors" methodname="LinksOnlyWithNeighbors" classname="PlayersWorlds.Maps.Maze.Maze2DBuilderTest" runstate="Runnable" seed="515125918" result="Passed" start-time="2024-06-28T22:00:05.4347100Z" end-time="2024-06-28T22:00:05.4358940Z" duration="0.001184" asserts="1" />
              <test-case id="1-1149" name="MarkConnected" fullname="PlayersWorlds.Maps.Maze.Maze2DBuilderTest.MarkConnected" methodname="MarkConnected" classname="PlayersWorlds.Maps.Maze.Maze2DBuilderTest" runstate="Runnable" seed="634924771" result="Passed" start-time="2024-06-28T22:00:05.4359050Z" end-time="2024-06-28T22:00:05.4366690Z" duration="0.000764" asserts="7" />
              <test-case id="1-1164" name="Maze2DBuilder_CellsNeighborsAreValid" fullname="PlayersWorlds.Maps.Maze.Maze2DBuilderTest.Maze2DBuilder_CellsNeighborsAreValid" methodname="Maze2DBuilder_CellsNeighborsAreValid" classname="PlayersWorlds.Maps.Maze.Maze2DBuilderTest" runstate="Runnable" seed="602041166" result="Passed" start-time="2024-06-28T22:00:05.4366800Z" end-time="2024-06-28T22:00:05.4403560Z" duration="0.003676" asserts="76" />
              <test-case id="1-1163" name="OverlappingAreas_ProduceValidPriorityCells" fullname="PlayersWorlds.Maps.Maze.Maze2DBuilderTest.OverlappingAreas_ProduceValidPriorityCells" methodname="OverlappingAreas_ProduceValidPriorityCells" classname="PlayersWorlds.Maps.Maze.Maze2DBuilderTest" runstate="Runnable" seed="1607624890" result="Passed" start-time="2024-06-28T22:00:05.4403660Z" end-time="2024-06-28T22:00:05.4527980Z" duration="0.012432" asserts="4" />
              <test-case id="1-1148" name="PickRandomNeighborToLink" fullname="PlayersWorlds.Maps.Maze.Maze2DBuilderTest.PickRandomNeighborToLink" methodname="PickRandomNeighborToLink" classname="PlayersWorlds.Maps.Maze.Maze2DBuilderTest" runstate="Runnable" seed="426890554" result="Passed" start-time="2024-06-28T22:00:05.4528110Z" end-time="2024-06-28T22:00:05.4626860Z" duration="0.009875" asserts="5000" />
              <test-case id="1-1147" name="PicksPriorityCellsWhenAvailable" fullname="PlayersWorlds.Maps.Maze.Maze2DBuilderTest.PicksPriorityCellsWhenAvailable" methodname="PicksPriorityCellsWhenAvailable" classname="PlayersWorlds.Maps.Maze.Maze2DBuilderTest" runstate="Runnable" seed="2105735663" result="Passed" start-time="2024-06-28T22:00:05.4626970Z" end-time="2024-06-28T22:00:05.4829540Z" duration="0.020257" asserts="2003" />
            </test-suite>
            <test-suite type="TestFixture" id="1-1169" name="Maze2DRendererTest" fullname="PlayersWorlds.Maps.Maze.Maze2DRendererTest" classname="PlayersWorlds.Maps.Maze.Maze2DRendererTest" runstate="Runnable" testcasecount="1" result="Passed" start-time="2024-06-28T22:00:05.4829930Z" end-time="2024-06-28T22:00:05.4866220Z" duration="0.003629" total="1" passed="1" failed="0" warnings="0" inconclusive="0" skipped="0" asserts="1">
              <test-case id="1-1170" name="ThrowsIfCantFit" fullname="PlayersWorlds.Maps.Maze.Maze2DRendererTest.ThrowsIfCantFit" methodname="ThrowsIfCantFit" classname="PlayersWorlds.Maps.Maze.Maze2DRendererTest" runstate="Runnable" seed="1081663283" result="Passed" start-time="2024-06-28T22:00:05.4830750Z" end-time="2024-06-28T22:00:05.4866080Z" duration="0.003533" asserts="1" />
            </test-suite>
            <test-suite type="TestFixture" id="1-1171" name="Maze2DTest" fullname="PlayersWorlds.Maps.Maze.Maze2DTest" classname="PlayersWorlds.Maps.Maze.Maze2DTest" runstate="Runnable" testcasecount="12" result="Passed" start-time="2024-06-28T22:00:05.4866350Z" end-time="2024-06-28T22:00:05.5432910Z" duration="0.056657" total="12" passed="12" failed="0" warnings="0" inconclusive="0" skipped="0" asserts="41">
              <test-case id="1-1177" name="Maze2D_AddsNoRoomsToASmallMaze" fullname="PlayersWorlds.Maps.Maze.Maze2DTest.Maze2D_AddsNoRoomsToASmallMaze" methodname="Maze2D_AddsNoRoomsToASmallMaze" classname="PlayersWorlds.Maps.Maze.Maze2DTest" runstate="Runnable" seed="1363507022" result="Passed" start-time="2024-06-28T22:00:05.4867490Z" end-time="2024-06-28T22:00:05.4992460Z" duration="0.012498" asserts="2" />
              <test-case id="1-1176" name="Maze2D_AddsNoRoomsWhenNoneRequested" fullname="PlayersWorlds.Maps.Maze.Maze2DTest.Maze2D_AddsNoRoomsWhenNoneRequested" methodname="Maze2D_AddsNoRoomsWhenNoneRequested" classname="PlayersWorlds.Maps.Maze.Maze2DTest" runstate="Runnable" seed="631478037" result="Passed" start-time="2024-06-28T22:00:05.4992580Z" end-time="2024-06-28T22:00:05.5088190Z" duration="0.009561" asserts="2" />
              <test-case id="1-1180" name="Maze2D_AddsOneFill" fullname="PlayersWorlds.Maps.Maze.Maze2DTest.Maze2D_AddsOneFill" methodname="Maze2D_AddsOneFill" classname="PlayersWorlds.Maps.Maze.Maze2DTest" runstate="Runnable" seed="1415970755" result="Passed" start-time="2024-06-28T22:00:05.5088290Z" end-time="2024-06-28T22:00:05.5105770Z" duration="0.001748" asserts="2" />
              <test-case id="1-1179" name="Maze2D_AddsOneHall" fullname="PlayersWorlds.Maps.Maze.Maze2DTest.Maze2D_AddsOneHall" methodname="Maze2D_AddsOneHall" classname="PlayersWorlds.Maps.Maze.Maze2DTest" runstate="Runnable" seed="1645423182" result="Passed" start-time="2024-06-28T22:00:05.5105880Z" end-time="2024-06-28T22:00:05.5135050Z" duration="0.002918" asserts="2" />
              <test-case id="1-1178" name="Maze2D_AddsRooms" fullname="PlayersWorlds.Maps.Maze.Maze2DTest.Maze2D_AddsRooms" methodname="Maze2D_AddsRooms" classname="PlayersWorlds.Maps.Maze.Maze2DTest" runstate="Runnable" seed="613935417" result="Passed" start-time="2024-06-28T22:00:05.5135150Z" end-time="2024-06-28T22:00:05.5197760Z" duration="0.006261" asserts="2" />
              <test-case id="1-1182" name="Maze2D_CanParse" fullname="PlayersWorlds.Maps.Maze.Maze2DTest.Maze2D_CanParse" methodname="Maze2D_CanParse" classname="PlayersWorlds.Maps.Maze.Maze2DTest" runstate="Runnable" seed="158874177" result="Passed" start-time="2024-06-28T22:00:05.5197870Z" end-time="2024-06-28T22:00:05.5212900Z" duration="0.001503" asserts="12" />
              <test-case id="1-1183" name="Maze2D_CanParse2" fullname="PlayersWorlds.Maps.Maze.Maze2DTest.Maze2D_CanParse2" methodname="Maze2D_CanParse2" classname="PlayersWorlds.Maps.Maze.Maze2DTest" runstate="Runnable" seed="856759783" result="Passed" start-time="2024-06-28T22:00:05.5213030Z" end-time="2024-06-28T22:00:05.5215560Z" duration="0.000253" asserts="1" />
              <test-case id="1-1175" name="Maze2D_CanRenderMap" fullname="PlayersWorlds.Maps.Maze.Maze2DTest.Maze2D_CanRenderMap" methodname="Maze2D_CanRenderMap" classname="PlayersWorlds.Maps.Maze.Maze2DTest" runstate="Runnable" seed="1323581325" result="Passed" start-time="2024-06-28T22:00:05.5215640Z" end-time="2024-06-28T22:00:05.5321880Z" duration="0.010625" asserts="2" />
              <test-case id="1-1181" name="Maze2D_HasExtensionsSet" fullname="PlayersWorlds.Maps.Maze.Maze2DTest.Maze2D_HasExtensionsSet" methodname="Maze2D_HasExtensionsSet" classname="PlayersWorlds.Maps.Maze.Maze2DTest" runstate="Runnable" seed="760874877" result="Passed" start-time="2024-06-28T22:00:05.5322000Z" end-time="2024-06-28T22:00:05.5329430Z" duration="0.000743" asserts="3" />
              <test-case id="1-1172" name="Maze2D_IsInitialized" fullname="PlayersWorlds.Maps.Maze.Maze2DTest.Maze2D_IsInitialized" methodname="Maze2D_IsInitialized" classname="PlayersWorlds.Maps.Maze.Maze2DTest" runstate="Runnable" seed="372976155" result="Passed" start-time="2024-06-28T22:00:05.5329530Z" end-time="2024-06-28T22:00:05.5331790Z" duration="0.000226" asserts="4" />
              <test-case id="1-1174" name="Maze2D_ToMapWrongOptions" fullname="PlayersWorlds.Maps.Maze.Maze2DTest.Maze2D_ToMapWrongOptions" methodname="Maze2D_ToMapWrongOptions" classname="PlayersWorlds.Maps.Maze.Maze2DTest" runstate="Runnable" seed="1802885002" result="Passed" start-time="2024-06-28T22:00:05.5331870Z" end-time="2024-06-28T22:00:05.5427940Z" duration="0.009607" asserts="4" />
              <test-case id="1-1173" name="Maze2D_WrongSize" fullname="PlayersWorlds.Maps.Maze.Maze2DTest.Maze2D_WrongSize" methodname="Maze2D_WrongSize" classname="PlayersWorlds.Maps.Maze.Maze2DTest" runstate="Runnable" seed="1520483053" result="Passed" start-time="2024-06-28T22:00:05.5428130Z" end-time="2024-06-28T22:00:05.5432790Z" duration="0.000466" asserts="5" />
            </test-suite>
            <test-suite type="TestFixture" id="1-1184" name="MazeCellTest" fullname="PlayersWorlds.Maps.Maze.MazeCellTest" classname="PlayersWorlds.Maps.Maze.MazeCellTest" runstate="Runnable" testcasecount="1" result="Passed" start-time="2024-06-28T22:00:05.5433070Z" end-time="2024-06-28T22:00:05.5439440Z" duration="0.000637" total="1" passed="1" failed="0" warnings="0" inconclusive="0" skipped="0" asserts="5">
              <test-case id="1-1185" name="ToStringTest" fullname="PlayersWorlds.Maps.Maze.MazeCellTest.ToStringTest" methodname="ToStringTest" classname="PlayersWorlds.Maps.Maze.MazeCellTest" runstate="Runnable" seed="1006898572" result="Passed" start-time="2024-06-28T22:00:05.5433690Z" end-time="2024-06-28T22:00:05.5439340Z" duration="0.000565" asserts="5" />
            </test-suite>
            <test-suite type="TestFixture" id="1-1186" name="MazeGeneratorAreasTest" fullname="PlayersWorlds.Maps.Maze.MazeGeneratorAreasTest" classname="PlayersWorlds.Maps.Maze.MazeGeneratorAreasTest" runstate="Runnable" testcasecount="201" result="Skipped" label="Ignored" site="Child" start-time="2024-06-28T22:00:05.5439550Z" end-time="2024-06-28T22:01:14.1684250Z" duration="68.624470" total="201" passed="98" failed="0" warnings="0" inconclusive="0" skipped="103" asserts="5130">
              <reason>
                <message><![CDATA[One or more child tests were ignored]]></message>
              </reason>
              <test-suite type="ParameterizedMethod" id="1-1207" name="CaveAreasAreAppliedProperly" fullname="PlayersWorlds.Maps.Maze.MazeGeneratorAreasTest.CaveAreasAreAppliedProperly" classname="PlayersWorlds.Maps.Maze.MazeGeneratorAreasTest" runstate="Runnable" testcasecount="6" result="Passed" start-time="2024-06-28T22:00:05.5440100Z" end-time="2024-06-28T22:00:07.0014970Z" duration="1.457488" total="6" passed="6" failed="0" warnings="0" inconclusive="0" skipped="0" asserts="600">
                <properties>
                  <property name="Repeat" value="10" />
                  <property name="Category" value="Integration" />
                </properties>
                <test-case id="1-1201" name="CaveAreasAreAppliedProperly(PlayersWorlds.Maps.Maze.AldousBroderMazeGenerator)" fullname="PlayersWorlds.Maps.Maze.MazeGeneratorAreasTest.CaveAreasAreAppliedProperly(PlayersWorlds.Maps.Maze.AldousBroderMazeGenerator)" methodname="CaveAreasAreAppliedProperly" classname="PlayersWorlds.Maps.Maze.MazeGeneratorAreasTest" runstate="Runnable" seed="817286652" result="Passed" start-time="2024-06-28T22:00:05.5440260Z" end-time="2024-06-28T22:00:05.8123430Z" duration="0.268317" asserts="100" />
                <test-case id="1-1202" name="CaveAreasAreAppliedProperly(PlayersWorlds.Maps.Maze.BinaryTreeMazeGenerator)" fullname="PlayersWorlds.Maps.Maze.MazeGeneratorAreasTest.CaveAreasAreAppliedProperly(PlayersWorlds.Maps.Maze.BinaryTreeMazeGenerator)" methodname="CaveAreasAreAppliedProperly" classname="PlayersWorlds.Maps.Maze.MazeGeneratorAreasTest" runstate="Runnable" seed="557015785" result="Passed" start-time="2024-06-28T22:00:05.8123620Z" end-time="2024-06-28T22:00:06.0451500Z" duration="0.232788" asserts="100" />
                <test-case id="1-1203" name="CaveAreasAreAppliedProperly(PlayersWorlds.Maps.Maze.HuntAndKillMazeGenerator)" fullname="PlayersWorlds.Maps.Maze.MazeGeneratorAreasTest.CaveAreasAreAppliedProperly(PlayersWorlds.Maps.Maze.HuntAndKillMazeGenerator)" methodname="CaveAreasAreAppliedProperly" classname="PlayersWorlds.Maps.Maze.MazeGeneratorAreasTest" runstate="Runnable" seed="1767752561" result="Passed" start-time="2024-06-28T22:00:06.0451680Z" end-time="2024-06-28T22:00:06.2791240Z" duration="0.233957" asserts="100" />
                <test-case id="1-1204" name="CaveAreasAreAppliedProperly(PlayersWorlds.Maps.Maze.RecursiveBacktrackerMazeGenerator)" fullname="PlayersWorlds.Maps.Maze.MazeGeneratorAreasTest.CaveAreasAreAppliedProperly(PlayersWorlds.Maps.Maze.RecursiveBacktrackerMazeGenerator)" methodname="CaveAreasAreAppliedProperly" classname="PlayersWorlds.Maps.Maze.MazeGeneratorAreasTest" runstate="Runnable" seed="1332016629" result="Passed" start-time="2024-06-28T22:00:06.2791430Z" end-time="2024-06-28T22:00:06.5127240Z" duration="0.233582" asserts="100" />
                <test-case id="1-1205" name="CaveAreasAreAppliedProperly(PlayersWorlds.Maps.Maze.SidewinderMazeGenerator)" fullname="PlayersWorlds.Maps.Maze.MazeGeneratorAreasTest.CaveAreasAreAppliedProperly(PlayersWorlds.Maps.Maze.SidewinderMazeGenerator)" methodname="CaveAreasAreAppliedProperly" classname="PlayersWorlds.Maps.Maze.MazeGeneratorAreasTest" runstate="Runnable" seed="1472347178" result="Passed" start-time="2024-06-28T22:00:06.5127430Z" end-time="2024-06-28T22:00:06.7499550Z" duration="0.237212" asserts="100" />
                <test-case id="1-1206" name="CaveAreasAreAppliedProperly(PlayersWorlds.Maps.Maze.WilsonsMazeGenerator)" fullname="PlayersWorlds.Maps.Maze.MazeGeneratorAreasTest.CaveAreasAreAppliedProperly(PlayersWorlds.Maps.Maze.WilsonsMazeGenerator)" methodname="CaveAreasAreAppliedProperly" classname="PlayersWorlds.Maps.Maze.MazeGeneratorAreasTest" runstate="Runnable" seed="967165717" result="Passed" start-time="2024-06-28T22:00:06.7499730Z" end-time="2024-06-28T22:00:07.0014760Z" duration="0.251503" asserts="100" />
              </test-suite>
              <test-suite type="ParameterizedMethod" id="1-1265" name="DenseWalkways" fullname="PlayersWorlds.Maps.Maze.MazeGeneratorAreasTest.DenseWalkways" classname="PlayersWorlds.Maps.Maze.MazeGeneratorAreasTest" runstate="Runnable" testcasecount="18" result="Passed" start-time="2024-06-28T22:00:07.0015150Z" end-time="2024-06-28T22:00:08.0699850Z" duration="1.068470" total="18" passed="18" failed="0" warnings="0" inconclusive="0" skipped="0" asserts="540">
                <properties>
                  <property name="Repeat" value="10" />
                  <property name="Category" value="Integration" />
                </properties>
                <test-case id="1-1247" name="DenseWalkways(PlayersWorlds.Maps.Maze.AldousBroderMazeGenerator,Cave)" fullname="PlayersWorlds.Maps.Maze.MazeGeneratorAreasTest.DenseWalkways(PlayersWorlds.Maps.Maze.AldousBroderMazeGenerator,Cave)" methodname="DenseWalkways" classname="PlayersWorlds.Maps.Maze.MazeGeneratorAreasTest" runstate="Runnable" seed="1621979088" result="Passed" start-time="2024-06-28T22:00:07.0015430Z" end-time="2024-06-28T22:00:07.0781150Z" duration="0.076572" asserts="30" />
                <test-case id="1-1248" name="DenseWalkways(PlayersWorlds.Maps.Maze.AldousBroderMazeGenerator,Hall)" fullname="PlayersWorlds.Maps.Maze.MazeGeneratorAreasTest.DenseWalkways(PlayersWorlds.Maps.Maze.AldousBroderMazeGenerator,Hall)" methodname="DenseWalkways" classname="PlayersWorlds.Maps.Maze.MazeGeneratorAreasTest" runstate="Runnable" seed="1584166596" result="Passed" start-time="2024-06-28T22:00:07.0781330Z" end-time="2024-06-28T22:00:07.1443940Z" duration="0.066261" asserts="30" />
                <test-case id="1-1249" name="DenseWalkways(PlayersWorlds.Maps.Maze.AldousBroderMazeGenerator,Fill)" fullname="PlayersWorlds.Maps.Maze.MazeGeneratorAreasTest.DenseWalkways(PlayersWorlds.Maps.Maze.AldousBroderMazeGenerator,Fill)" methodname="DenseWalkways" classname="PlayersWorlds.Maps.Maze.MazeGeneratorAreasTest" runstate="Runnable" seed="1876622576" result="Passed" start-time="2024-06-28T22:00:07.1444130Z" end-time="2024-06-28T22:00:07.2079090Z" duration="0.063497" asserts="30" />
                <test-case id="1-1250" name="DenseWalkways(PlayersWorlds.Maps.Maze.BinaryTreeMazeGenerator,Cave)" fullname="PlayersWorlds.Maps.Maze.MazeGeneratorAreasTest.DenseWalkways(PlayersWorlds.Maps.Maze.BinaryTreeMazeGenerator,Cave)" methodname="DenseWalkways" classname="PlayersWorlds.Maps.Maze.MazeGeneratorAreasTest" runstate="Runnable" seed="348539762" result="Passed" start-time="2024-06-28T22:00:07.2079430Z" end-time="2024-06-28T22:00:07.3122630Z" duration="0.104320" asserts="30" />
                <test-case id="1-1251" name="DenseWalkways(PlayersWorlds.Maps.Maze.BinaryTreeMazeGenerator,Hall)" fullname="PlayersWorlds.Maps.Maze.MazeGeneratorAreasTest.DenseWalkways(PlayersWorlds.Maps.Maze.BinaryTreeMazeGenerator,Hall)" methodname="DenseWalkways" classname="PlayersWorlds.Maps.Maze.MazeGeneratorAreasTest" runstate="Runnable" seed="1806840117" result="Passed" start-time="2024-06-28T22:00:07.3122810Z" end-time="2024-06-28T22:00:07.3658690Z" duration="0.053588" asserts="30" />
                <test-case id="1-1252" name="DenseWalkways(PlayersWorlds.Maps.Maze.BinaryTreeMazeGenerator,Fill)" fullname="PlayersWorlds.Maps.Maze.MazeGeneratorAreasTest.DenseWalkways(PlayersWorlds.Maps.Maze.BinaryTreeMazeGenerator,Fill)" methodname="DenseWalkways" classname="PlayersWorlds.Maps.Maze.MazeGeneratorAreasTest" runstate="Runnable" seed="1842927018" result="Passed" start-time="2024-06-28T22:00:07.3658850Z" end-time="2024-06-28T22:00:07.4090320Z" duration="0.043146" asserts="30" />
                <test-case id="1-1253" name="DenseWalkways(PlayersWorlds.Maps.Maze.HuntAndKillMazeGenerator,Cave)" fullname="PlayersWorlds.Maps.Maze.MazeGeneratorAreasTest.DenseWalkways(PlayersWorlds.Maps.Maze.HuntAndKillMazeGenerator,Cave)" methodname="DenseWalkways" classname="PlayersWorlds.Maps.Maze.MazeGeneratorAreasTest" runstate="Runnable" seed="910074905" result="Passed" start-time="2024-06-28T22:00:07.4090470Z" end-time="2024-06-28T22:00:07.4711000Z" duration="0.062053" asserts="30" />
                <test-case id="1-1254" name="DenseWalkways(PlayersWorlds.Maps.Maze.HuntAndKillMazeGenerator,Hall)" fullname="PlayersWorlds.Maps.Maze.MazeGeneratorAreasTest.DenseWalkways(PlayersWorlds.Maps.Maze.HuntAndKillMazeGenerator,Hall)" methodname="DenseWalkways" classname="PlayersWorlds.Maps.Maze.MazeGeneratorAreasTest" runstate="Runnable" seed="1534934840" result="Passed" start-time="2024-06-28T22:00:07.4711140Z" end-time="2024-06-28T22:00:07.5258830Z" duration="0.054769" asserts="30" />
                <test-case id="1-1255" name="DenseWalkways(PlayersWorlds.Maps.Maze.HuntAndKillMazeGenerator,Fill)" fullname="PlayersWorlds.Maps.Maze.MazeGeneratorAreasTest.DenseWalkways(PlayersWorlds.Maps.Maze.HuntAndKillMazeGenerator,Fill)" methodname="DenseWalkways" classname="PlayersWorlds.Maps.Maze.MazeGeneratorAreasTest" runstate="Runnable" seed="1194071903" result="Passed" start-time="2024-06-28T22:00:07.5258970Z" end-time="2024-06-28T22:00:07.5697880Z" duration="0.043892" asserts="30" />
                <test-case id="1-1256" name="DenseWalkways(PlayersWorlds.Maps.Maze.RecursiveBacktrackerMazeGenerator,Cave)" fullname="PlayersWorlds.Maps.Maze.MazeGeneratorAreasTest.DenseWalkways(PlayersWorlds.Maps.Maze.RecursiveBacktrackerMazeGenerator,Cave)" methodname="DenseWalkways" classname="PlayersWorlds.Maps.Maze.MazeGeneratorAreasTest" runstate="Runnable" seed="605890994" result="Passed" start-time="2024-06-28T22:00:07.5698050Z" end-time="2024-06-28T22:00:07.6323040Z" duration="0.062499" asserts="30" />
                <test-case id="1-1257" name="DenseWalkways(PlayersWorlds.Maps.Maze.RecursiveBacktrackerMazeGenerator,Hall)" fullname="PlayersWorlds.Maps.Maze.MazeGeneratorAreasTest.DenseWalkways(PlayersWorlds.Maps.Maze.RecursiveBacktrackerMazeGenerator,Hall)" methodname="DenseWalkways" classname="PlayersWorlds.Maps.Maze.MazeGeneratorAreasTest" runstate="Runnable" seed="2118685762" result="Passed" start-time="2024-06-28T22:00:07.6323200Z" end-time="2024-06-28T22:00:07.6871370Z" duration="0.054817" asserts="30" />
                <test-case id="1-1258" name="DenseWalkways(PlayersWorlds.Maps.Maze.RecursiveBacktrackerMazeGenerator,Fill)" fullname="PlayersWorlds.Maps.Maze.MazeGeneratorAreasTest.DenseWalkways(PlayersWorlds.Maps.Maze.RecursiveBacktrackerMazeGenerator,Fill)" methodname="DenseWalkways" classname="PlayersWorlds.Maps.Maze.MazeGeneratorAreasTest" runstate="Runnable" seed="1413898724" result="Passed" start-time="2024-06-28T22:00:07.6871520Z" end-time="2024-06-28T22:00:07.7318520Z" duration="0.044700" asserts="30" />
                <test-case id="1-1259" name="DenseWalkways(PlayersWorlds.Maps.Maze.SidewinderMazeGenerator,Cave)" fullname="PlayersWorlds.Maps.Maze.MazeGeneratorAreasTest.DenseWalkways(PlayersWorlds.Maps.Maze.SidewinderMazeGenerator,Cave)" methodname="DenseWalkways" classname="PlayersWorlds.Maps.Maze.MazeGeneratorAreasTest" runstate="Runnable" seed="73983691" result="Passed" start-time="2024-06-28T22:00:07.7318700Z" end-time="2024-06-28T22:00:07.7945360Z" duration="0.062667" asserts="30" />
                <test-case id="1-1260" name="DenseWalkways(PlayersWorlds.Maps.Maze.SidewinderMazeGenerator,Hall)" fullname="PlayersWorlds.Maps.Maze.MazeGeneratorAreasTest.DenseWalkways(PlayersWorlds.Maps.Maze.SidewinderMazeGenerator,Hall)" methodname="DenseWalkways" classname="PlayersWorlds.Maps.Maze.MazeGeneratorAreasTest" runstate="Runnable" seed="1825749888" result="Passed" start-time="2024-06-28T22:00:07.7945570Z" end-time="2024-06-28T22:00:07.8502310Z" duration="0.055674" asserts="30" />
                <test-case id="1-1261" name="DenseWalkways(PlayersWorlds.Maps.Maze.SidewinderMazeGenerator,Fill)" fullname="PlayersWorlds.Maps.Maze.MazeGeneratorAreasTest.DenseWalkways(PlayersWorlds.Maps.Maze.SidewinderMazeGenerator,Fill)" methodname="DenseWalkways" classname="PlayersWorlds.Maps.Maze.MazeGeneratorAreasTest" runstate="Runnable" seed="805512367" result="Passed" start-time="2024-06-28T22:00:07.8502460Z" end-time="2024-06-28T22:00:07.9012620Z" duration="0.051016" asserts="30" />
                <test-case id="1-1262" name="DenseWalkways(PlayersWorlds.Maps.Maze.WilsonsMazeGenerator,Cave)" fullname="PlayersWorlds.Maps.Maze.MazeGeneratorAreasTest.DenseWalkways(PlayersWorlds.Maps.Maze.WilsonsMazeGenerator,Cave)" methodname="DenseWalkways" classname="PlayersWorlds.Maps.Maze.MazeGeneratorAreasTest" runstate="Runnable" seed="332967106" result="Passed" start-time="2024-06-28T22:00:07.9012780Z" end-time="2024-06-28T22:00:07.9653080Z" duration="0.064030" asserts="30" />
                <test-case id="1-1263" name="DenseWalkways(PlayersWorlds.Maps.Maze.WilsonsMazeGenerator,Hall)" fullname="PlayersWorlds.Maps.Maze.MazeGeneratorAreasTest.DenseWalkways(PlayersWorlds.Maps.Maze.WilsonsMazeGenerator,Hall)" methodname="DenseWalkways" classname="PlayersWorlds.Maps.Maze.MazeGeneratorAreasTest" runstate="Runnable" seed="1256241727" result="Passed" start-time="2024-06-28T22:00:07.9653240Z" end-time="2024-06-28T22:00:08.0230790Z" duration="0.057755" asserts="30" />
                <test-case id="1-1264" name="DenseWalkways(PlayersWorlds.Maps.Maze.WilsonsMazeGenerator,Fill)" fullname="PlayersWorlds.Maps.Maze.MazeGeneratorAreasTest.DenseWalkways(PlayersWorlds.Maps.Maze.WilsonsMazeGenerator,Fill)" methodname="DenseWalkways" classname="PlayersWorlds.Maps.Maze.MazeGeneratorAreasTest" runstate="Runnable" seed="328192562" result="Passed" start-time="2024-06-28T22:00:08.0230940Z" end-time="2024-06-28T22:00:08.0699650Z" duration="0.046871" asserts="30" />
              </test-suite>
              <test-case id="1-1246" name="DenseWalkwaysDebug" fullname="PlayersWorlds.Maps.Maze.MazeGeneratorAreasTest.DenseWalkwaysDebug" methodname="DenseWalkwaysDebug" classname="PlayersWorlds.Maps.Maze.MazeGeneratorAreasTest" runstate="Ignored" seed="792712731" result="Skipped" label="Ignored" start-time="2024-06-28T22:00:08.0700010Z" end-time="2024-06-28T22:00:08.0702540Z" duration="0.000253" asserts="0">
                <properties>
                  <property name="_SKIPREASON" value="Debug only" />
                </properties>
                <reason>
                  <message><![CDATA[Debug only]]></message>
                </reason>
              </test-case>
              <test-suite type="ParameterizedMethod" id="1-1193" name="FillAreasAreAppliedProperly" fullname="PlayersWorlds.Maps.Maze.MazeGeneratorAreasTest.FillAreasAreAppliedProperly" classname="PlayersWorlds.Maps.Maze.MazeGeneratorAreasTest" runstate="Runnable" testcasecount="6" result="Passed" start-time="2024-06-28T22:00:08.0702670Z" end-time="2024-06-28T22:00:09.2742800Z" duration="1.204013" total="6" passed="6" failed="0" warnings="0" inconclusive="0" skipped="0" asserts="300">
                <properties>
                  <property name="Repeat" value="10" />
                  <property name="Category" value="Integration" />
                </properties>
                <test-case id="1-1187" name="FillAreasAreAppliedProperly(PlayersWorlds.Maps.Maze.AldousBroderMazeGenerator)" fullname="PlayersWorlds.Maps.Maze.MazeGeneratorAreasTest.FillAreasAreAppliedProperly(PlayersWorlds.Maps.Maze.AldousBroderMazeGenerator)" methodname="FillAreasAreAppliedProperly" classname="PlayersWorlds.Maps.Maze.MazeGeneratorAreasTest" runstate="Runnable" seed="1630083202" result="Passed" start-time="2024-06-28T22:00:08.0702930Z" end-time="2024-06-28T22:00:08.3076070Z" duration="0.237314" asserts="50" />
                <test-case id="1-1188" name="FillAreasAreAppliedProperly(PlayersWorlds.Maps.Maze.BinaryTreeMazeGenerator)" fullname="PlayersWorlds.Maps.Maze.MazeGeneratorAreasTest.FillAreasAreAppliedProperly(PlayersWorlds.Maps.Maze.BinaryTreeMazeGenerator)" methodname="FillAreasAreAppliedProperly" classname="PlayersWorlds.Maps.Maze.MazeGeneratorAreasTest" runstate="Runnable" seed="1240770958" result="Passed" start-time="2024-06-28T22:00:08.3076240Z" end-time="2024-06-28T22:00:08.4978480Z" duration="0.190224" asserts="50" />
                <test-case id="1-1189" name="FillAreasAreAppliedProperly(PlayersWorlds.Maps.Maze.HuntAndKillMazeGenerator)" fullname="PlayersWorlds.Maps.Maze.MazeGeneratorAreasTest.FillAreasAreAppliedProperly(PlayersWorlds.Maps.Maze.HuntAndKillMazeGenerator)" methodname="FillAreasAreAppliedProperly" classname="PlayersWorlds.Maps.Maze.MazeGeneratorAreasTest" runstate="Runnable" seed="560445810" result="Passed" start-time="2024-06-28T22:00:08.4978650Z" end-time="2024-06-28T22:00:08.6889250Z" duration="0.191060" asserts="50" />
                <test-case id="1-1190" name="FillAreasAreAppliedProperly(PlayersWorlds.Maps.Maze.RecursiveBacktrackerMazeGenerator)" fullname="PlayersWorlds.Maps.Maze.MazeGeneratorAreasTest.FillAreasAreAppliedProperly(PlayersWorlds.Maps.Maze.RecursiveBacktrackerMazeGenerator)" methodname="FillAreasAreAppliedProperly" classname="PlayersWorlds.Maps.Maze.MazeGeneratorAreasTest" runstate="Runnable" seed="394790991" result="Passed" start-time="2024-06-28T22:00:08.6889420Z" end-time="2024-06-28T22:00:08.8788150Z" duration="0.189873" asserts="50" />
                <test-case id="1-1191" name="FillAreasAreAppliedProperly(PlayersWorlds.Maps.Maze.SidewinderMazeGenerator)" fullname="PlayersWorlds.Maps.Maze.MazeGeneratorAreasTest.FillAreasAreAppliedProperly(PlayersWorlds.Maps.Maze.SidewinderMazeGenerator)" methodname="FillAreasAreAppliedProperly" classname="PlayersWorlds.Maps.Maze.MazeGeneratorAreasTest" runstate="Runnable" seed="1275885991" result="Passed" start-time="2024-06-28T22:00:08.8788320Z" end-time="2024-06-28T22:00:09.0725350Z" duration="0.193703" asserts="50" />
                <test-case id="1-1192" name="FillAreasAreAppliedProperly(PlayersWorlds.Maps.Maze.WilsonsMazeGenerator)" fullname="PlayersWorlds.Maps.Maze.MazeGeneratorAreasTest.FillAreasAreAppliedProperly(PlayersWorlds.Maps.Maze.WilsonsMazeGenerator)" methodname="FillAreasAreAppliedProperly" classname="PlayersWorlds.Maps.Maze.MazeGeneratorAreasTest" runstate="Runnable" seed="1757985287" result="Passed" start-time="2024-06-28T22:00:09.0725540Z" end-time="2024-06-28T22:00:09.2742610Z" duration="0.201707" asserts="50" />
              </test-suite>
              <test-suite type="ParameterizedMethod" id="1-1200" name="HallAreasAreAppliedProperly" fullname="PlayersWorlds.Maps.Maze.MazeGeneratorAreasTest.HallAreasAreAppliedProperly" classname="PlayersWorlds.Maps.Maze.MazeGeneratorAreasTest" runstate="Runnable" testcasecount="6" result="Passed" start-time="2024-06-28T22:00:09.2742960Z" end-time="2024-06-28T22:00:12.6667000Z" duration="3.392404" total="6" passed="6" failed="0" warnings="0" inconclusive="0" skipped="0" asserts="600">
                <properties>
                  <property name="Repeat" value="10" />
                  <property name="Category" value="Integration" />
                </properties>
                <test-case id="1-1194" name="HallAreasAreAppliedProperly(PlayersWorlds.Maps.Maze.AldousBroderMazeGenerator)" fullname="PlayersWorlds.Maps.Maze.MazeGeneratorAreasTest.HallAreasAreAppliedProperly(PlayersWorlds.Maps.Maze.AldousBroderMazeGenerator)" methodname="HallAreasAreAppliedProperly" classname="PlayersWorlds.Maps.Maze.MazeGeneratorAreasTest" runstate="Runnable" seed="1545046891" result="Passed" start-time="2024-06-28T22:00:09.2743250Z" end-time="2024-06-28T22:00:09.8588430Z" duration="0.584518" asserts="100" />
                <test-case id="1-1195" name="HallAreasAreAppliedProperly(PlayersWorlds.Maps.Maze.BinaryTreeMazeGenerator)" fullname="PlayersWorlds.Maps.Maze.MazeGeneratorAreasTest.HallAreasAreAppliedProperly(PlayersWorlds.Maps.Maze.BinaryTreeMazeGenerator)" methodname="HallAreasAreAppliedProperly" classname="PlayersWorlds.Maps.Maze.MazeGeneratorAreasTest" runstate="Runnable" seed="1833096335" result="Passed" start-time="2024-06-28T22:00:09.8588620Z" end-time="2024-06-28T22:00:10.4169060Z" duration="0.558044" asserts="100" />
                <test-case id="1-1196" name="HallAreasAreAppliedProperly(PlayersWorlds.Maps.Maze.HuntAndKillMazeGenerator)" fullname="PlayersWorlds.Maps.Maze.MazeGeneratorAreasTest.HallAreasAreAppliedProperly(PlayersWorlds.Maps.Maze.HuntAndKillMazeGenerator)" methodname="HallAreasAreAppliedProperly" classname="PlayersWorlds.Maps.Maze.MazeGeneratorAreasTest" runstate="Runnable" seed="1282092766" result="Passed" start-time="2024-06-28T22:00:10.4169340Z" end-time="2024-06-28T22:00:10.9728400Z" duration="0.555906" asserts="100" />
                <test-case id="1-1197" name="HallAreasAreAppliedProperly(PlayersWorlds.Maps.Maze.RecursiveBacktrackerMazeGenerator)" fullname="PlayersWorlds.Maps.Maze.MazeGeneratorAreasTest.HallAreasAreAppliedProperly(PlayersWorlds.Maps.Maze.RecursiveBacktrackerMazeGenerator)" methodname="HallAreasAreAppliedProperly" classname="PlayersWorlds.Maps.Maze.MazeGeneratorAreasTest" runstate="Runnable" seed="536903273" result="Passed" start-time="2024-06-28T22:00:10.9728600Z" end-time="2024-06-28T22:00:11.5335320Z" duration="0.560672" asserts="100" />
                <test-case id="1-1198" name="HallAreasAreAppliedProperly(PlayersWorlds.Maps.Maze.SidewinderMazeGenerator)" fullname="PlayersWorlds.Maps.Maze.MazeGeneratorAreasTest.HallAreasAreAppliedProperly(PlayersWorlds.Maps.Maze.SidewinderMazeGenerator)" methodname="HallAreasAreAppliedProperly" classname="PlayersWorlds.Maps.Maze.MazeGeneratorAreasTest" runstate="Runnable" seed="1934942252" result="Passed" start-time="2024-06-28T22:00:11.5335520Z" end-time="2024-06-28T22:00:12.0983450Z" duration="0.564793" asserts="100" />
                <test-case id="1-1199" name="HallAreasAreAppliedProperly(PlayersWorlds.Maps.Maze.WilsonsMazeGenerator)" fullname="PlayersWorlds.Maps.Maze.MazeGeneratorAreasTest.HallAreasAreAppliedProperly(PlayersWorlds.Maps.Maze.WilsonsMazeGenerator)" methodname="HallAreasAreAppliedProperly" classname="PlayersWorlds.Maps.Maze.MazeGeneratorAreasTest" runstate="Runnable" seed="1376293927" result="Passed" start-time="2024-06-28T22:00:12.0983640Z" end-time="2024-06-28T22:00:12.6666770Z" duration="0.568313" asserts="100" />
              </test-suite>
              <test-case id="1-1394" name="ManualAndAutoAreasGeneration" fullname="PlayersWorlds.Maps.Maze.MazeGeneratorAreasTest.ManualAndAutoAreasGeneration" methodname="ManualAndAutoAreasGeneration" classname="PlayersWorlds.Maps.Maze.MazeGeneratorAreasTest" runstate="Runnable" seed="1313516674" result="Passed" start-time="2024-06-28T22:00:12.6667160Z" end-time="2024-06-28T22:00:24.6848900Z" duration="12.018174" asserts="200">
                <properties>
                  <property name="Repeat" value="100" />
                  <property name="Category" value="Integration" />
                </properties>
              </test-case>
              <test-suite type="ParameterizedMethod" id="1-1226" name="OverlappingAreasAreAppliedProperly" fullname="PlayersWorlds.Maps.Maze.MazeGeneratorAreasTest.OverlappingAreasAreAppliedProperly" classname="PlayersWorlds.Maps.Maze.MazeGeneratorAreasTest" runstate="Runnable" testcasecount="18" result="Passed" start-time="2024-06-28T22:00:24.6849120Z" end-time="2024-06-28T22:00:28.3684460Z" duration="3.683534" total="18" passed="18" failed="0" warnings="0" inconclusive="0" skipped="0" asserts="1320">
                <properties>
                  <property name="Repeat" value="10" />
                  <property name="Category" value="Integration" />
                </properties>
                <test-case id="1-1208" name="OverlappingAreasAreAppliedProperly(PlayersWorlds.Maps.Maze.AldousBroderMazeGenerator,Cave)" fullname="PlayersWorlds.Maps.Maze.MazeGeneratorAreasTest.OverlappingAreasAreAppliedProperly(PlayersWorlds.Maps.Maze.AldousBroderMazeGenerator,Cave)" methodname="OverlappingAreasAreAppliedProperly" classname="PlayersWorlds.Maps.Maze.MazeGeneratorAreasTest" runstate="Runnable" seed="1989566185" result="Passed" start-time="2024-06-28T22:00:24.6849430Z" end-time="2024-06-28T22:00:24.9833480Z" duration="0.298405" asserts="80" />
                <test-case id="1-1209" name="OverlappingAreasAreAppliedProperly(PlayersWorlds.Maps.Maze.AldousBroderMazeGenerator,Hall)" fullname="PlayersWorlds.Maps.Maze.MazeGeneratorAreasTest.OverlappingAreasAreAppliedProperly(PlayersWorlds.Maps.Maze.AldousBroderMazeGenerator,Hall)" methodname="OverlappingAreasAreAppliedProperly" classname="PlayersWorlds.Maps.Maze.MazeGeneratorAreasTest" runstate="Runnable" seed="1286636042" result="Passed" start-time="2024-06-28T22:00:24.9833660Z" end-time="2024-06-28T22:00:25.1972250Z" duration="0.213859" asserts="80" />
                <test-case id="1-1210" name="OverlappingAreasAreAppliedProperly(PlayersWorlds.Maps.Maze.AldousBroderMazeGenerator,Fill)" fullname="PlayersWorlds.Maps.Maze.MazeGeneratorAreasTest.OverlappingAreasAreAppliedProperly(PlayersWorlds.Maps.Maze.AldousBroderMazeGenerator,Fill)" methodname="OverlappingAreasAreAppliedProperly" classname="PlayersWorlds.Maps.Maze.MazeGeneratorAreasTest" runstate="Runnable" seed="1770445346" result="Passed" start-time="2024-06-28T22:00:25.1972510Z" end-time="2024-06-28T22:00:25.4018750Z" duration="0.204623" asserts="60" />
                <test-case id="1-1211" name="OverlappingAreasAreAppliedProperly(PlayersWorlds.Maps.Maze.BinaryTreeMazeGenerator,Cave)" fullname="PlayersWorlds.Maps.Maze.MazeGeneratorAreasTest.OverlappingAreasAreAppliedProperly(PlayersWorlds.Maps.Maze.BinaryTreeMazeGenerator,Cave)" methodname="OverlappingAreasAreAppliedProperly" classname="PlayersWorlds.Maps.Maze.MazeGeneratorAreasTest" runstate="Runnable" seed="1257742998" result="Passed" start-time="2024-06-28T22:00:25.4018920Z" end-time="2024-06-28T22:00:25.6550660Z" duration="0.253174" asserts="80" />
                <test-case id="1-1212" name="OverlappingAreasAreAppliedProperly(PlayersWorlds.Maps.Maze.BinaryTreeMazeGenerator,Hall)" fullname="PlayersWorlds.Maps.Maze.MazeGeneratorAreasTest.OverlappingAreasAreAppliedProperly(PlayersWorlds.Maps.Maze.BinaryTreeMazeGenerator,Hall)" methodname="OverlappingAreasAreAppliedProperly" classname="PlayersWorlds.Maps.Maze.MazeGeneratorAreasTest" runstate="Runnable" seed="139180446" result="Passed" start-time="2024-06-28T22:00:25.6550980Z" end-time="2024-06-28T22:00:25.8316430Z" duration="0.176545" asserts="80" />
                <test-case id="1-1213" name="OverlappingAreasAreAppliedProperly(PlayersWorlds.Maps.Maze.BinaryTreeMazeGenerator,Fill)" fullname="PlayersWorlds.Maps.Maze.MazeGeneratorAreasTest.OverlappingAreasAreAppliedProperly(PlayersWorlds.Maps.Maze.BinaryTreeMazeGenerator,Fill)" methodname="OverlappingAreasAreAppliedProperly" classname="PlayersWorlds.Maps.Maze.MazeGeneratorAreasTest" runstate="Runnable" seed="1367580025" result="Passed" start-time="2024-06-28T22:00:25.8316600Z" end-time="2024-06-28T22:00:25.9931900Z" duration="0.161531" asserts="60" />
                <test-case id="1-1214" name="OverlappingAreasAreAppliedProperly(PlayersWorlds.Maps.Maze.HuntAndKillMazeGenerator,Cave)" fullname="PlayersWorlds.Maps.Maze.MazeGeneratorAreasTest.OverlappingAreasAreAppliedProperly(PlayersWorlds.Maps.Maze.HuntAndKillMazeGenerator,Cave)" methodname="OverlappingAreasAreAppliedProperly" classname="PlayersWorlds.Maps.Maze.MazeGeneratorAreasTest" runstate="Runnable" seed="85351176" result="Passed" start-time="2024-06-28T22:00:25.9932070Z" end-time="2024-06-28T22:00:26.2406360Z" duration="0.247428" asserts="80" />
                <test-case id="1-1215" name="OverlappingAreasAreAppliedProperly(PlayersWorlds.Maps.Maze.HuntAndKillMazeGenerator,Hall)" fullname="PlayersWorlds.Maps.Maze.MazeGeneratorAreasTest.OverlappingAreasAreAppliedProperly(PlayersWorlds.Maps.Maze.HuntAndKillMazeGenerator,Hall)" methodname="OverlappingAreasAreAppliedProperly" classname="PlayersWorlds.Maps.Maze.MazeGeneratorAreasTest" runstate="Runnable" seed="1079234212" result="Passed" start-time="2024-06-28T22:00:26.2406540Z" end-time="2024-06-28T22:00:26.4148810Z" duration="0.174227" asserts="80" />
                <test-case id="1-1216" name="OverlappingAreasAreAppliedProperly(PlayersWorlds.Maps.Maze.HuntAndKillMazeGenerator,Fill)" fullname="PlayersWorlds.Maps.Maze.MazeGeneratorAreasTest.OverlappingAreasAreAppliedProperly(PlayersWorlds.Maps.Maze.HuntAndKillMazeGenerator,Fill)" methodname="OverlappingAreasAreAppliedProperly" classname="PlayersWorlds.Maps.Maze.MazeGeneratorAreasTest" runstate="Runnable" seed="454068347" result="Passed" start-time="2024-06-28T22:00:26.4148980Z" end-time="2024-06-28T22:00:26.5799580Z" duration="0.165059" asserts="60" />
                <test-case id="1-1217" name="OverlappingAreasAreAppliedProperly(PlayersWorlds.Maps.Maze.RecursiveBacktrackerMazeGenerator,Cave)" fullname="PlayersWorlds.Maps.Maze.MazeGeneratorAreasTest.OverlappingAreasAreAppliedProperly(PlayersWorlds.Maps.Maze.RecursiveBacktrackerMazeGenerator,Cave)" methodname="OverlappingAreasAreAppliedProperly" classname="PlayersWorlds.Maps.Maze.MazeGeneratorAreasTest" runstate="Runnable" seed="1423512359" result="Passed" start-time="2024-06-28T22:00:26.5799740Z" end-time="2024-06-28T22:00:26.8214670Z" duration="0.241493" asserts="80" />
                <test-case id="1-1218" name="OverlappingAreasAreAppliedProperly(PlayersWorlds.Maps.Maze.RecursiveBacktrackerMazeGenerator,Hall)" fullname="PlayersWorlds.Maps.Maze.MazeGeneratorAreasTest.OverlappingAreasAreAppliedProperly(PlayersWorlds.Maps.Maze.RecursiveBacktrackerMazeGenerator,Hall)" methodname="OverlappingAreasAreAppliedProperly" classname="PlayersWorlds.Maps.Maze.MazeGeneratorAreasTest" runstate="Runnable" seed="1913443734" result="Passed" start-time="2024-06-28T22:00:26.8214850Z" end-time="2024-06-28T22:00:26.9958080Z" duration="0.174322" asserts="80" />
                <test-case id="1-1219" name="OverlappingAreasAreAppliedProperly(PlayersWorlds.Maps.Maze.RecursiveBacktrackerMazeGenerator,Fill)" fullname="PlayersWorlds.Maps.Maze.MazeGeneratorAreasTest.OverlappingAreasAreAppliedProperly(PlayersWorlds.Maps.Maze.RecursiveBacktrackerMazeGenerator,Fill)" methodname="OverlappingAreasAreAppliedProperly" classname="PlayersWorlds.Maps.Maze.MazeGeneratorAreasTest" runstate="Runnable" seed="976699587" result="Passed" start-time="2024-06-28T22:00:26.9958250Z" end-time="2024-06-28T22:00:27.1591790Z" duration="0.163354" asserts="60" />
                <test-case id="1-1220" name="OverlappingAreasAreAppliedProperly(PlayersWorlds.Maps.Maze.SidewinderMazeGenerator,Cave)" fullname="PlayersWorlds.Maps.Maze.MazeGeneratorAreasTest.OverlappingAreasAreAppliedProperly(PlayersWorlds.Maps.Maze.SidewinderMazeGenerator,Cave)" methodname="OverlappingAreasAreAppliedProperly" classname="PlayersWorlds.Maps.Maze.MazeGeneratorAreasTest" runstate="Runnable" seed="2081927534" result="Passed" start-time="2024-06-28T22:00:27.1591950Z" end-time="2024-06-28T22:00:27.4110870Z" duration="0.251891" asserts="80" />
                <test-case id="1-1221" name="OverlappingAreasAreAppliedProperly(PlayersWorlds.Maps.Maze.SidewinderMazeGenerator,Hall)" fullname="PlayersWorlds.Maps.Maze.MazeGeneratorAreasTest.OverlappingAreasAreAppliedProperly(PlayersWorlds.Maps.Maze.SidewinderMazeGenerator,Hall)" methodname="OverlappingAreasAreAppliedProperly" classname="PlayersWorlds.Maps.Maze.MazeGeneratorAreasTest" runstate="Runnable" seed="988905275" result="Passed" start-time="2024-06-28T22:00:27.4111040Z" end-time="2024-06-28T22:00:27.5854390Z" duration="0.174335" asserts="80" />
                <test-case id="1-1222" name="OverlappingAreasAreAppliedProperly(PlayersWorlds.Maps.Maze.SidewinderMazeGenerator,Fill)" fullname="PlayersWorlds.Maps.Maze.MazeGeneratorAreasTest.OverlappingAreasAreAppliedProperly(PlayersWorlds.Maps.Maze.SidewinderMazeGenerator,Fill)" methodname="OverlappingAreasAreAppliedProperly" classname="PlayersWorlds.Maps.Maze.MazeGeneratorAreasTest" runstate="Runnable" seed="1004553953" result="Passed" start-time="2024-06-28T22:00:27.5854560Z" end-time="2024-06-28T22:00:27.7506990Z" duration="0.165242" asserts="60" />
                <test-case id="1-1223" name="OverlappingAreasAreAppliedProperly(PlayersWorlds.Maps.Maze.WilsonsMazeGenerator,Cave)" fullname="PlayersWorlds.Maps.Maze.MazeGeneratorAreasTest.OverlappingAreasAreAppliedProperly(PlayersWorlds.Maps.Maze.WilsonsMazeGenerator,Cave)" methodname="OverlappingAreasAreAppliedProperly" classname="PlayersWorlds.Maps.Maze.MazeGeneratorAreasTest" runstate="Runnable" seed="752484251" result="Passed" start-time="2024-06-28T22:00:27.7507150Z" end-time="2024-06-28T22:00:28.0092710Z" duration="0.258557" asserts="80" />
                <test-case id="1-1224" name="OverlappingAreasAreAppliedProperly(PlayersWorlds.Maps.Maze.WilsonsMazeGenerator,Hall)" fullname="PlayersWorlds.Maps.Maze.MazeGeneratorAreasTest.OverlappingAreasAreAppliedProperly(PlayersWorlds.Maps.Maze.WilsonsMazeGenerator,Hall)" methodname="OverlappingAreasAreAppliedProperly" classname="PlayersWorlds.Maps.Maze.MazeGeneratorAreasTest" runstate="Runnable" seed="1636421720" result="Passed" start-time="2024-06-28T22:00:28.0092900Z" end-time="2024-06-28T22:00:28.1917880Z" duration="0.182499" asserts="80" />
                <test-case id="1-1225" name="OverlappingAreasAreAppliedProperly(PlayersWorlds.Maps.Maze.WilsonsMazeGenerator,Fill)" fullname="PlayersWorlds.Maps.Maze.MazeGeneratorAreasTest.OverlappingAreasAreAppliedProperly(PlayersWorlds.Maps.Maze.WilsonsMazeGenerator,Fill)" methodname="OverlappingAreasAreAppliedProperly" classname="PlayersWorlds.Maps.Maze.MazeGeneratorAreasTest" runstate="Runnable" seed="8977827" result="Passed" start-time="2024-06-28T22:00:28.1918050Z" end-time="2024-06-28T22:00:28.3684250Z" duration="0.176620" asserts="60" />
              </test-suite>
              <test-suite type="ParameterizedMethod" id="1-1393" name="ScatteredAreas" fullname="PlayersWorlds.Maps.Maze.MazeGeneratorAreasTest.ScatteredAreas" classname="PlayersWorlds.Maps.Maze.MazeGeneratorAreasTest" runstate="Runnable" testcasecount="126" result="Skipped" label="Ignored" site="Child" start-time="2024-06-28T22:00:28.3684630Z" end-time="2024-06-28T22:01:13.5337240Z" duration="45.165261" total="126" passed="24" failed="0" warnings="0" inconclusive="0" skipped="102" asserts="480">
                <properties>
                  <property name="Repeat" value="10" />
                  <property name="Category" value="Integration" />
                </properties>
                <reason>
                  <message><![CDATA[One or more child tests were ignored]]></message>
                </reason>
                <test-case id="1-1267" name="ScatteredAreas(PlayersWorlds.Maps.Maze.AldousBroderMazeGenerator,Cave,Quarter)" fullname="PlayersWorlds.Maps.Maze.MazeGeneratorAreasTest.ScatteredAreas(PlayersWorlds.Maps.Maze.AldousBroderMazeGenerator,Cave,Quarter)" methodname="ScatteredAreas" classname="PlayersWorlds.Maps.Maze.MazeGeneratorAreasTest" runstate="Runnable" seed="1039434027" result="Skipped" label="Ignored" start-time="2024-06-28T22:00:28.3684960Z" end-time="2024-06-28T22:00:28.3693240Z" duration="0.000828" asserts="0" />
                <test-case id="1-1268" name="ScatteredAreas(PlayersWorlds.Maps.Maze.AldousBroderMazeGenerator,Cave,Half)" fullname="PlayersWorlds.Maps.Maze.MazeGeneratorAreasTest.ScatteredAreas(PlayersWorlds.Maps.Maze.AldousBroderMazeGenerator,Cave,Half)" methodname="ScatteredAreas" classname="PlayersWorlds.Maps.Maze.MazeGeneratorAreasTest" runstate="Runnable" seed="749025165" result="Skipped" label="Ignored" start-time="2024-06-28T22:00:28.3693320Z" end-time="2024-06-28T22:00:28.3694060Z" duration="0.000074" asserts="0" />
                <test-case id="1-1269" name="ScatteredAreas(PlayersWorlds.Maps.Maze.AldousBroderMazeGenerator,Cave,ThreeQuarters)" fullname="PlayersWorlds.Maps.Maze.MazeGeneratorAreasTest.ScatteredAreas(PlayersWorlds.Maps.Maze.AldousBroderMazeGenerator,Cave,ThreeQuarters)" methodname="ScatteredAreas" classname="PlayersWorlds.Maps.Maze.MazeGeneratorAreasTest" runstate="Runnable" seed="1890668397" result="Skipped" label="Ignored" start-time="2024-06-28T22:00:28.3694120Z" end-time="2024-06-28T22:00:28.3694710Z" duration="0.000059" asserts="0" />
                <test-case id="1-1270" name="ScatteredAreas(PlayersWorlds.Maps.Maze.AldousBroderMazeGenerator,Cave,NinetyPercent)" fullname="PlayersWorlds.Maps.Maze.MazeGeneratorAreasTest.ScatteredAreas(PlayersWorlds.Maps.Maze.AldousBroderMazeGenerator,Cave,NinetyPercent)" methodname="ScatteredAreas" classname="PlayersWorlds.Maps.Maze.MazeGeneratorAreasTest" runstate="Runnable" seed="1221677004" result="Skipped" label="Ignored" start-time="2024-06-28T22:00:28.3694770Z" end-time="2024-06-28T22:00:28.3695310Z" duration="0.000055" asserts="0" />
                <test-case id="1-1271" name="ScatteredAreas(PlayersWorlds.Maps.Maze.AldousBroderMazeGenerator,Cave,FullWidth)" fullname="PlayersWorlds.Maps.Maze.MazeGeneratorAreasTest.ScatteredAreas(PlayersWorlds.Maps.Maze.AldousBroderMazeGenerator,Cave,FullWidth)" methodname="ScatteredAreas" classname="PlayersWorlds.Maps.Maze.MazeGeneratorAreasTest" runstate="Runnable" seed="133465265" result="Skipped" label="Ignored" start-time="2024-06-28T22:00:28.3695370Z" end-time="2024-06-28T22:00:28.3696010Z" duration="0.000064" asserts="0" />
                <test-case id="1-1272" name="ScatteredAreas(PlayersWorlds.Maps.Maze.AldousBroderMazeGenerator,Cave,FullHeight)" fullname="PlayersWorlds.Maps.Maze.MazeGeneratorAreasTest.ScatteredAreas(PlayersWorlds.Maps.Maze.AldousBroderMazeGenerator,Cave,FullHeight)" methodname="ScatteredAreas" classname="PlayersWorlds.Maps.Maze.MazeGeneratorAreasTest" runstate="Runnable" seed="1996861871" result="Skipped" label="Ignored" start-time="2024-06-28T22:00:28.3696070Z" end-time="2024-06-28T22:00:28.3696640Z" duration="0.000057" asserts="0" />
                <test-case id="1-1273" name="ScatteredAreas(PlayersWorlds.Maps.Maze.AldousBroderMazeGenerator,Cave,Full)" fullname="PlayersWorlds.Maps.Maze.MazeGeneratorAreasTest.ScatteredAreas(PlayersWorlds.Maps.Maze.AldousBroderMazeGenerator,Cave,Full)" methodname="ScatteredAreas" classname="PlayersWorlds.Maps.Maze.MazeGeneratorAreasTest" runstate="Runnable" seed="1418192681" result="Passed" start-time="2024-06-28T22:00:28.3696710Z" end-time="2024-06-28T22:00:30.4614170Z" duration="2.091747" asserts="20" />
                <test-case id="1-1274" name="ScatteredAreas(PlayersWorlds.Maps.Maze.AldousBroderMazeGenerator,Hall,Quarter)" fullname="PlayersWorlds.Maps.Maze.MazeGeneratorAreasTest.ScatteredAreas(PlayersWorlds.Maps.Maze.AldousBroderMazeGenerator,Hall,Quarter)" methodname="ScatteredAreas" classname="PlayersWorlds.Maps.Maze.MazeGeneratorAreasTest" runstate="Runnable" seed="847514213" result="Skipped" label="Ignored" start-time="2024-06-28T22:00:30.4614380Z" end-time="2024-06-28T22:00:30.4616020Z" duration="0.000164" asserts="0" />
                <test-case id="1-1275" name="ScatteredAreas(PlayersWorlds.Maps.Maze.AldousBroderMazeGenerator,Hall,Half)" fullname="PlayersWorlds.Maps.Maze.MazeGeneratorAreasTest.ScatteredAreas(PlayersWorlds.Maps.Maze.AldousBroderMazeGenerator,Hall,Half)" methodname="ScatteredAreas" classname="PlayersWorlds.Maps.Maze.MazeGeneratorAreasTest" runstate="Runnable" seed="1151400537" result="Skipped" label="Ignored" start-time="2024-06-28T22:00:30.4616100Z" end-time="2024-06-28T22:00:30.4616830Z" duration="0.000074" asserts="0" />
                <test-case id="1-1276" name="ScatteredAreas(PlayersWorlds.Maps.Maze.AldousBroderMazeGenerator,Hall,ThreeQuarters)" fullname="PlayersWorlds.Maps.Maze.MazeGeneratorAreasTest.ScatteredAreas(PlayersWorlds.Maps.Maze.AldousBroderMazeGenerator,Hall,ThreeQuarters)" methodname="ScatteredAreas" classname="PlayersWorlds.Maps.Maze.MazeGeneratorAreasTest" runstate="Runnable" seed="126986112" result="Skipped" label="Ignored" start-time="2024-06-28T22:00:30.4616890Z" end-time="2024-06-28T22:00:30.4617490Z" duration="0.000060" asserts="0" />
                <test-case id="1-1277" name="ScatteredAreas(PlayersWorlds.Maps.Maze.AldousBroderMazeGenerator,Hall,NinetyPercent)" fullname="PlayersWorlds.Maps.Maze.MazeGeneratorAreasTest.ScatteredAreas(PlayersWorlds.Maps.Maze.AldousBroderMazeGenerator,Hall,NinetyPercent)" methodname="ScatteredAreas" classname="PlayersWorlds.Maps.Maze.MazeGeneratorAreasTest" runstate="Runnable" seed="165193451" result="Skipped" label="Ignored" start-time="2024-06-28T22:00:30.4617550Z" end-time="2024-06-28T22:00:30.4618080Z" duration="0.000054" asserts="0" />
                <test-case id="1-1278" name="ScatteredAreas(PlayersWorlds.Maps.Maze.AldousBroderMazeGenerator,Hall,FullWidth)" fullname="PlayersWorlds.Maps.Maze.MazeGeneratorAreasTest.ScatteredAreas(PlayersWorlds.Maps.Maze.AldousBroderMazeGenerator,Hall,FullWidth)" methodname="ScatteredAreas" classname="PlayersWorlds.Maps.Maze.MazeGeneratorAreasTest" runstate="Runnable" seed="1351097883" result="Skipped" label="Ignored" start-time="2024-06-28T22:00:30.4618130Z" end-time="2024-06-28T22:00:30.4618670Z" duration="0.000054" asserts="0" />
                <test-case id="1-1279" name="ScatteredAreas(PlayersWorlds.Maps.Maze.AldousBroderMazeGenerator,Hall,FullHeight)" fullname="PlayersWorlds.Maps.Maze.MazeGeneratorAreasTest.ScatteredAreas(PlayersWorlds.Maps.Maze.AldousBroderMazeGenerator,Hall,FullHeight)" methodname="ScatteredAreas" classname="PlayersWorlds.Maps.Maze.MazeGeneratorAreasTest" runstate="Runnable" seed="2106998942" result="Skipped" label="Ignored" start-time="2024-06-28T22:00:30.4618720Z" end-time="2024-06-28T22:00:30.4619250Z" duration="0.000053" asserts="0" />
                <test-case id="1-1280" name="ScatteredAreas(PlayersWorlds.Maps.Maze.AldousBroderMazeGenerator,Hall,Full)" fullname="PlayersWorlds.Maps.Maze.MazeGeneratorAreasTest.ScatteredAreas(PlayersWorlds.Maps.Maze.AldousBroderMazeGenerator,Hall,Full)" methodname="ScatteredAreas" classname="PlayersWorlds.Maps.Maze.MazeGeneratorAreasTest" runstate="Runnable" seed="1710275494" result="Passed" start-time="2024-06-28T22:00:30.4619300Z" end-time="2024-06-28T22:00:32.4463250Z" duration="1.984395" asserts="20" />
                <test-case id="1-1281" name="ScatteredAreas(PlayersWorlds.Maps.Maze.AldousBroderMazeGenerator,Fill,Quarter)" fullname="PlayersWorlds.Maps.Maze.MazeGeneratorAreasTest.ScatteredAreas(PlayersWorlds.Maps.Maze.AldousBroderMazeGenerator,Fill,Quarter)" methodname="ScatteredAreas" classname="PlayersWorlds.Maps.Maze.MazeGeneratorAreasTest" runstate="Runnable" seed="445643687" result="Skipped" label="Ignored" start-time="2024-06-28T22:00:32.4463430Z" end-time="2024-06-28T22:00:32.4465000Z" duration="0.000157" asserts="0" />
                <test-case id="1-1282" name="ScatteredAreas(PlayersWorlds.Maps.Maze.AldousBroderMazeGenerator,Fill,Half)" fullname="PlayersWorlds.Maps.Maze.MazeGeneratorAreasTest.ScatteredAreas(PlayersWorlds.Maps.Maze.AldousBroderMazeGenerator,Fill,Half)" methodname="ScatteredAreas" classname="PlayersWorlds.Maps.Maze.MazeGeneratorAreasTest" runstate="Runnable" seed="314355700" result="Skipped" label="Ignored" start-time="2024-06-28T22:00:32.4465060Z" end-time="2024-06-28T22:00:32.4465720Z" duration="0.000066" asserts="0" />
                <test-case id="1-1283" name="ScatteredAreas(PlayersWorlds.Maps.Maze.AldousBroderMazeGenerator,Fill,ThreeQuarters)" fullname="PlayersWorlds.Maps.Maze.MazeGeneratorAreasTest.ScatteredAreas(PlayersWorlds.Maps.Maze.AldousBroderMazeGenerator,Fill,ThreeQuarters)" methodname="ScatteredAreas" classname="PlayersWorlds.Maps.Maze.MazeGeneratorAreasTest" runstate="Runnable" seed="879501949" result="Skipped" label="Ignored" start-time="2024-06-28T22:00:32.4465780Z" end-time="2024-06-28T22:00:32.4466340Z" duration="0.000056" asserts="0" />
                <test-case id="1-1284" name="ScatteredAreas(PlayersWorlds.Maps.Maze.AldousBroderMazeGenerator,Fill,NinetyPercent)" fullname="PlayersWorlds.Maps.Maze.MazeGeneratorAreasTest.ScatteredAreas(PlayersWorlds.Maps.Maze.AldousBroderMazeGenerator,Fill,NinetyPercent)" methodname="ScatteredAreas" classname="PlayersWorlds.Maps.Maze.MazeGeneratorAreasTest" runstate="Runnable" seed="1969852937" result="Skipped" label="Ignored" start-time="2024-06-28T22:00:32.4466390Z" end-time="2024-06-28T22:00:32.4466920Z" duration="0.000052" asserts="0" />
                <test-case id="1-1285" name="ScatteredAreas(PlayersWorlds.Maps.Maze.AldousBroderMazeGenerator,Fill,FullWidth)" fullname="PlayersWorlds.Maps.Maze.MazeGeneratorAreasTest.ScatteredAreas(PlayersWorlds.Maps.Maze.AldousBroderMazeGenerator,Fill,FullWidth)" methodname="ScatteredAreas" classname="PlayersWorlds.Maps.Maze.MazeGeneratorAreasTest" runstate="Runnable" seed="954600581" result="Skipped" label="Ignored" start-time="2024-06-28T22:00:32.4466970Z" end-time="2024-06-28T22:00:32.4467490Z" duration="0.000052" asserts="0" />
                <test-case id="1-1286" name="ScatteredAreas(PlayersWorlds.Maps.Maze.AldousBroderMazeGenerator,Fill,FullHeight)" fullname="PlayersWorlds.Maps.Maze.MazeGeneratorAreasTest.ScatteredAreas(PlayersWorlds.Maps.Maze.AldousBroderMazeGenerator,Fill,FullHeight)" methodname="ScatteredAreas" classname="PlayersWorlds.Maps.Maze.MazeGeneratorAreasTest" runstate="Runnable" seed="1595549523" result="Skipped" label="Ignored" start-time="2024-06-28T22:00:32.4467540Z" end-time="2024-06-28T22:00:32.4468040Z" duration="0.000051" asserts="0" />
                <test-case id="1-1287" name="ScatteredAreas(PlayersWorlds.Maps.Maze.AldousBroderMazeGenerator,Fill,Full)" fullname="PlayersWorlds.Maps.Maze.MazeGeneratorAreasTest.ScatteredAreas(PlayersWorlds.Maps.Maze.AldousBroderMazeGenerator,Fill,Full)" methodname="ScatteredAreas" classname="PlayersWorlds.Maps.Maze.MazeGeneratorAreasTest" runstate="Runnable" seed="1759708741" result="Skipped" label="Ignored" start-time="2024-06-28T22:00:32.4468100Z" end-time="2024-06-28T22:00:32.4468610Z" duration="0.000051" asserts="0" />
                <test-case id="1-1288" name="ScatteredAreas(PlayersWorlds.Maps.Maze.BinaryTreeMazeGenerator,Cave,Quarter)" fullname="PlayersWorlds.Maps.Maze.MazeGeneratorAreasTest.ScatteredAreas(PlayersWorlds.Maps.Maze.BinaryTreeMazeGenerator,Cave,Quarter)" methodname="ScatteredAreas" classname="PlayersWorlds.Maps.Maze.MazeGeneratorAreasTest" runstate="Runnable" seed="716980710" result="Skipped" label="Ignored" start-time="2024-06-28T22:00:32.4468660Z" end-time="2024-06-28T22:00:32.4469510Z" duration="0.000085" asserts="0" />
                <test-case id="1-1289" name="ScatteredAreas(PlayersWorlds.Maps.Maze.BinaryTreeMazeGenerator,Cave,Half)" fullname="PlayersWorlds.Maps.Maze.MazeGeneratorAreasTest.ScatteredAreas(PlayersWorlds.Maps.Maze.BinaryTreeMazeGenerator,Cave,Half)" methodname="ScatteredAreas" classname="PlayersWorlds.Maps.Maze.MazeGeneratorAreasTest" runstate="Runnable" seed="1127600170" result="Skipped" label="Ignored" start-time="2024-06-28T22:00:32.4469590Z" end-time="2024-06-28T22:00:32.4470280Z" duration="0.000069" asserts="0" />
                <test-case id="1-1290" name="ScatteredAreas(PlayersWorlds.Maps.Maze.BinaryTreeMazeGenerator,Cave,ThreeQuarters)" fullname="PlayersWorlds.Maps.Maze.MazeGeneratorAreasTest.ScatteredAreas(PlayersWorlds.Maps.Maze.BinaryTreeMazeGenerator,Cave,ThreeQuarters)" methodname="ScatteredAreas" classname="PlayersWorlds.Maps.Maze.MazeGeneratorAreasTest" runstate="Runnable" seed="1580656200" result="Skipped" label="Ignored" start-time="2024-06-28T22:00:32.4470350Z" end-time="2024-06-28T22:00:32.4470880Z" duration="0.000054" asserts="0" />
                <test-case id="1-1291" name="ScatteredAreas(PlayersWorlds.Maps.Maze.BinaryTreeMazeGenerator,Cave,NinetyPercent)" fullname="PlayersWorlds.Maps.Maze.MazeGeneratorAreasTest.ScatteredAreas(PlayersWorlds.Maps.Maze.BinaryTreeMazeGenerator,Cave,NinetyPercent)" methodname="ScatteredAreas" classname="PlayersWorlds.Maps.Maze.MazeGeneratorAreasTest" runstate="Runnable" seed="1248075852" result="Skipped" label="Ignored" start-time="2024-06-28T22:00:32.4470940Z" end-time="2024-06-28T22:00:32.4471460Z" duration="0.000053" asserts="0" />
                <test-case id="1-1292" name="ScatteredAreas(PlayersWorlds.Maps.Maze.BinaryTreeMazeGenerator,Cave,FullWidth)" fullname="PlayersWorlds.Maps.Maze.MazeGeneratorAreasTest.ScatteredAreas(PlayersWorlds.Maps.Maze.BinaryTreeMazeGenerator,Cave,FullWidth)" methodname="ScatteredAreas" classname="PlayersWorlds.Maps.Maze.MazeGeneratorAreasTest" runstate="Runnable" seed="1665170077" result="Skipped" label="Ignored" start-time="2024-06-28T22:00:32.4471520Z" end-time="2024-06-28T22:00:32.4472050Z" duration="0.000054" asserts="0" />
                <test-case id="1-1293" name="ScatteredAreas(PlayersWorlds.Maps.Maze.BinaryTreeMazeGenerator,Cave,FullHeight)" fullname="PlayersWorlds.Maps.Maze.MazeGeneratorAreasTest.ScatteredAreas(PlayersWorlds.Maps.Maze.BinaryTreeMazeGenerator,Cave,FullHeight)" methodname="ScatteredAreas" classname="PlayersWorlds.Maps.Maze.MazeGeneratorAreasTest" runstate="Runnable" seed="454087454" result="Skipped" label="Ignored" start-time="2024-06-28T22:00:32.4472110Z" end-time="2024-06-28T22:00:32.4472670Z" duration="0.000055" asserts="0" />
                <test-case id="1-1294" name="ScatteredAreas(PlayersWorlds.Maps.Maze.BinaryTreeMazeGenerator,Cave,Full)" fullname="PlayersWorlds.Maps.Maze.MazeGeneratorAreasTest.ScatteredAreas(PlayersWorlds.Maps.Maze.BinaryTreeMazeGenerator,Cave,Full)" methodname="ScatteredAreas" classname="PlayersWorlds.Maps.Maze.MazeGeneratorAreasTest" runstate="Runnable" seed="979340681" result="Passed" start-time="2024-06-28T22:00:32.4472720Z" end-time="2024-06-28T22:00:34.2658770Z" duration="1.818606" asserts="20" />
                <test-case id="1-1295" name="ScatteredAreas(PlayersWorlds.Maps.Maze.BinaryTreeMazeGenerator,Hall,Quarter)" fullname="PlayersWorlds.Maps.Maze.MazeGeneratorAreasTest.ScatteredAreas(PlayersWorlds.Maps.Maze.BinaryTreeMazeGenerator,Hall,Quarter)" methodname="ScatteredAreas" classname="PlayersWorlds.Maps.Maze.MazeGeneratorAreasTest" runstate="Runnable" seed="74944152" result="Skipped" label="Ignored" start-time="2024-06-28T22:00:34.2659040Z" end-time="2024-06-28T22:00:34.2660650Z" duration="0.000161" asserts="0" />
                <test-case id="1-1296" name="ScatteredAreas(PlayersWorlds.Maps.Maze.BinaryTreeMazeGenerator,Hall,Half)" fullname="PlayersWorlds.Maps.Maze.MazeGeneratorAreasTest.ScatteredAreas(PlayersWorlds.Maps.Maze.BinaryTreeMazeGenerator,Hall,Half)" methodname="ScatteredAreas" classname="PlayersWorlds.Maps.Maze.MazeGeneratorAreasTest" runstate="Runnable" seed="1380540036" result="Skipped" label="Ignored" start-time="2024-06-28T22:00:34.2660710Z" end-time="2024-06-28T22:00:34.2661350Z" duration="0.000064" asserts="0" />
                <test-case id="1-1297" name="ScatteredAreas(PlayersWorlds.Maps.Maze.BinaryTreeMazeGenerator,Hall,ThreeQuarters)" fullname="PlayersWorlds.Maps.Maze.MazeGeneratorAreasTest.ScatteredAreas(PlayersWorlds.Maps.Maze.BinaryTreeMazeGenerator,Hall,ThreeQuarters)" methodname="ScatteredAreas" classname="PlayersWorlds.Maps.Maze.MazeGeneratorAreasTest" runstate="Runnable" seed="80949904" result="Skipped" label="Ignored" start-time="2024-06-28T22:00:34.2661410Z" end-time="2024-06-28T22:00:34.2661990Z" duration="0.000058" asserts="0" />
                <test-case id="1-1298" name="ScatteredAreas(PlayersWorlds.Maps.Maze.BinaryTreeMazeGenerator,Hall,NinetyPercent)" fullname="PlayersWorlds.Maps.Maze.MazeGeneratorAreasTest.ScatteredAreas(PlayersWorlds.Maps.Maze.BinaryTreeMazeGenerator,Hall,NinetyPercent)" methodname="ScatteredAreas" classname="PlayersWorlds.Maps.Maze.MazeGeneratorAreasTest" runstate="Runnable" seed="1809978781" result="Skipped" label="Ignored" start-time="2024-06-28T22:00:34.2662040Z" end-time="2024-06-28T22:00:34.2662640Z" duration="0.000061" asserts="0" />
                <test-case id="1-1299" name="ScatteredAreas(PlayersWorlds.Maps.Maze.BinaryTreeMazeGenerator,Hall,FullWidth)" fullname="PlayersWorlds.Maps.Maze.MazeGeneratorAreasTest.ScatteredAreas(PlayersWorlds.Maps.Maze.BinaryTreeMazeGenerator,Hall,FullWidth)" methodname="ScatteredAreas" classname="PlayersWorlds.Maps.Maze.MazeGeneratorAreasTest" runstate="Runnable" seed="30235704" result="Skipped" label="Ignored" start-time="2024-06-28T22:00:34.2662700Z" end-time="2024-06-28T22:00:34.2663260Z" duration="0.000056" asserts="0" />
                <test-case id="1-1300" name="ScatteredAreas(PlayersWorlds.Maps.Maze.BinaryTreeMazeGenerator,Hall,FullHeight)" fullname="PlayersWorlds.Maps.Maze.MazeGeneratorAreasTest.ScatteredAreas(PlayersWorlds.Maps.Maze.BinaryTreeMazeGenerator,Hall,FullHeight)" methodname="ScatteredAreas" classname="PlayersWorlds.Maps.Maze.MazeGeneratorAreasTest" runstate="Runnable" seed="744410563" result="Skipped" label="Ignored" start-time="2024-06-28T22:00:34.2663330Z" end-time="2024-06-28T22:00:34.2663860Z" duration="0.000052" asserts="0" />
                <test-case id="1-1301" name="ScatteredAreas(PlayersWorlds.Maps.Maze.BinaryTreeMazeGenerator,Hall,Full)" fullname="PlayersWorlds.Maps.Maze.MazeGeneratorAreasTest.ScatteredAreas(PlayersWorlds.Maps.Maze.BinaryTreeMazeGenerator,Hall,Full)" methodname="ScatteredAreas" classname="PlayersWorlds.Maps.Maze.MazeGeneratorAreasTest" runstate="Runnable" seed="379596455" result="Passed" start-time="2024-06-28T22:00:34.2663910Z" end-time="2024-06-28T22:00:36.0542210Z" duration="1.787830" asserts="20" />
                <test-case id="1-1302" name="ScatteredAreas(PlayersWorlds.Maps.Maze.BinaryTreeMazeGenerator,Fill,Quarter)" fullname="PlayersWorlds.Maps.Maze.MazeGeneratorAreasTest.ScatteredAreas(PlayersWorlds.Maps.Maze.BinaryTreeMazeGenerator,Fill,Quarter)" methodname="ScatteredAreas" classname="PlayersWorlds.Maps.Maze.MazeGeneratorAreasTest" runstate="Runnable" seed="2126660081" result="Skipped" label="Ignored" start-time="2024-06-28T22:00:36.0542400Z" end-time="2024-06-28T22:00:36.0543990Z" duration="0.000159" asserts="0" />
                <test-case id="1-1303" name="ScatteredAreas(PlayersWorlds.Maps.Maze.BinaryTreeMazeGenerator,Fill,Half)" fullname="PlayersWorlds.Maps.Maze.MazeGeneratorAreasTest.ScatteredAreas(PlayersWorlds.Maps.Maze.BinaryTreeMazeGenerator,Fill,Half)" methodname="ScatteredAreas" classname="PlayersWorlds.Maps.Maze.MazeGeneratorAreasTest" runstate="Runnable" seed="1731016254" result="Skipped" label="Ignored" start-time="2024-06-28T22:00:36.0544060Z" end-time="2024-06-28T22:00:36.0544690Z" duration="0.000063" asserts="0" />
                <test-case id="1-1304" name="ScatteredAreas(PlayersWorlds.Maps.Maze.BinaryTreeMazeGenerator,Fill,ThreeQuarters)" fullname="PlayersWorlds.Maps.Maze.MazeGeneratorAreasTest.ScatteredAreas(PlayersWorlds.Maps.Maze.BinaryTreeMazeGenerator,Fill,ThreeQuarters)" methodname="ScatteredAreas" classname="PlayersWorlds.Maps.Maze.MazeGeneratorAreasTest" runstate="Runnable" seed="913227093" result="Skipped" label="Ignored" start-time="2024-06-28T22:00:36.0544750Z" end-time="2024-06-28T22:00:36.0545320Z" duration="0.000057" asserts="0" />
                <test-case id="1-1305" name="ScatteredAreas(PlayersWorlds.Maps.Maze.BinaryTreeMazeGenerator,Fill,NinetyPercent)" fullname="PlayersWorlds.Maps.Maze.MazeGeneratorAreasTest.ScatteredAreas(PlayersWorlds.Maps.Maze.BinaryTreeMazeGenerator,Fill,NinetyPercent)" methodname="ScatteredAreas" classname="PlayersWorlds.Maps.Maze.MazeGeneratorAreasTest" runstate="Runnable" seed="1516105127" result="Skipped" label="Ignored" start-time="2024-06-28T22:00:36.0545370Z" end-time="2024-06-28T22:00:36.0545900Z" duration="0.000053" asserts="0" />
                <test-case id="1-1306" name="ScatteredAreas(PlayersWorlds.Maps.Maze.BinaryTreeMazeGenerator,Fill,FullWidth)" fullname="PlayersWorlds.Maps.Maze.MazeGeneratorAreasTest.ScatteredAreas(PlayersWorlds.Maps.Maze.BinaryTreeMazeGenerator,Fill,FullWidth)" methodname="ScatteredAreas" classname="PlayersWorlds.Maps.Maze.MazeGeneratorAreasTest" runstate="Runnable" seed="514668116" result="Skipped" label="Ignored" start-time="2024-06-28T22:00:36.0545950Z" end-time="2024-06-28T22:00:36.0546470Z" duration="0.000052" asserts="0" />
                <test-case id="1-1307" name="ScatteredAreas(PlayersWorlds.Maps.Maze.BinaryTreeMazeGenerator,Fill,FullHeight)" fullname="PlayersWorlds.Maps.Maze.MazeGeneratorAreasTest.ScatteredAreas(PlayersWorlds.Maps.Maze.BinaryTreeMazeGenerator,Fill,FullHeight)" methodname="ScatteredAreas" classname="PlayersWorlds.Maps.Maze.MazeGeneratorAreasTest" runstate="Runnable" seed="343082581" result="Skipped" label="Ignored" start-time="2024-06-28T22:00:36.0546520Z" end-time="2024-06-28T22:00:36.0547070Z" duration="0.000055" asserts="0" />
                <test-case id="1-1308" name="ScatteredAreas(PlayersWorlds.Maps.Maze.BinaryTreeMazeGenerator,Fill,Full)" fullname="PlayersWorlds.Maps.Maze.MazeGeneratorAreasTest.ScatteredAreas(PlayersWorlds.Maps.Maze.BinaryTreeMazeGenerator,Fill,Full)" methodname="ScatteredAreas" classname="PlayersWorlds.Maps.Maze.MazeGeneratorAreasTest" runstate="Runnable" seed="1319139607" result="Skipped" label="Ignored" start-time="2024-06-28T22:00:36.0547120Z" end-time="2024-06-28T22:00:36.0547640Z" duration="0.000052" asserts="0" />
                <test-case id="1-1309" name="ScatteredAreas(PlayersWorlds.Maps.Maze.HuntAndKillMazeGenerator,Cave,Quarter)" fullname="PlayersWorlds.Maps.Maze.MazeGeneratorAreasTest.ScatteredAreas(PlayersWorlds.Maps.Maze.HuntAndKillMazeGenerator,Cave,Quarter)" methodname="ScatteredAreas" classname="PlayersWorlds.Maps.Maze.MazeGeneratorAreasTest" runstate="Runnable" seed="910989307" result="Skipped" label="Ignored" start-time="2024-06-28T22:00:36.0547700Z" end-time="2024-06-28T22:00:36.0548220Z" duration="0.000052" asserts="0" />
                <test-case id="1-1310" name="ScatteredAreas(PlayersWorlds.Maps.Maze.HuntAndKillMazeGenerator,Cave,Half)" fullname="PlayersWorlds.Maps.Maze.MazeGeneratorAreasTest.ScatteredAreas(PlayersWorlds.Maps.Maze.HuntAndKillMazeGenerator,Cave,Half)" methodname="ScatteredAreas" classname="PlayersWorlds.Maps.Maze.MazeGeneratorAreasTest" runstate="Runnable" seed="910377626" result="Skipped" label="Ignored" start-time="2024-06-28T22:00:36.0548270Z" end-time="2024-06-28T22:00:36.0548800Z" duration="0.000053" asserts="0" />
                <test-case id="1-1311" name="ScatteredAreas(PlayersWorlds.Maps.Maze.HuntAndKillMazeGenerator,Cave,ThreeQuarters)" fullname="PlayersWorlds.Maps.Maze.MazeGeneratorAreasTest.ScatteredAreas(PlayersWorlds.Maps.Maze.HuntAndKillMazeGenerator,Cave,ThreeQuarters)" methodname="ScatteredAreas" classname="PlayersWorlds.Maps.Maze.MazeGeneratorAreasTest" runstate="Runnable" seed="1219576314" result="Skipped" label="Ignored" start-time="2024-06-28T22:00:36.0548860Z" end-time="2024-06-28T22:00:36.0549400Z" duration="0.000054" asserts="0" />
                <test-case id="1-1312" name="ScatteredAreas(PlayersWorlds.Maps.Maze.HuntAndKillMazeGenerator,Cave,NinetyPercent)" fullname="PlayersWorlds.Maps.Maze.MazeGeneratorAreasTest.ScatteredAreas(PlayersWorlds.Maps.Maze.HuntAndKillMazeGenerator,Cave,NinetyPercent)" methodname="ScatteredAreas" classname="PlayersWorlds.Maps.Maze.MazeGeneratorAreasTest" runstate="Runnable" seed="1643063689" result="Skipped" label="Ignored" start-time="2024-06-28T22:00:36.0549460Z" end-time="2024-06-28T22:00:36.0550200Z" duration="0.000074" asserts="0" />
                <test-case id="1-1313" name="ScatteredAreas(PlayersWorlds.Maps.Maze.HuntAndKillMazeGenerator,Cave,FullWidth)" fullname="PlayersWorlds.Maps.Maze.MazeGeneratorAreasTest.ScatteredAreas(PlayersWorlds.Maps.Maze.HuntAndKillMazeGenerator,Cave,FullWidth)" methodname="ScatteredAreas" classname="PlayersWorlds.Maps.Maze.MazeGeneratorAreasTest" runstate="Runnable" seed="1955705286" result="Skipped" label="Ignored" start-time="2024-06-28T22:00:36.0550280Z" end-time="2024-06-28T22:00:36.0555420Z" duration="0.000514" asserts="0" />
                <test-case id="1-1314" name="ScatteredAreas(PlayersWorlds.Maps.Maze.HuntAndKillMazeGenerator,Cave,FullHeight)" fullname="PlayersWorlds.Maps.Maze.MazeGeneratorAreasTest.ScatteredAreas(PlayersWorlds.Maps.Maze.HuntAndKillMazeGenerator,Cave,FullHeight)" methodname="ScatteredAreas" classname="PlayersWorlds.Maps.Maze.MazeGeneratorAreasTest" runstate="Runnable" seed="1947414436" result="Skipped" label="Ignored" start-time="2024-06-28T22:00:36.0555490Z" end-time="2024-06-28T22:00:36.0556170Z" duration="0.000069" asserts="0" />
                <test-case id="1-1315" name="ScatteredAreas(PlayersWorlds.Maps.Maze.HuntAndKillMazeGenerator,Cave,Full)" fullname="PlayersWorlds.Maps.Maze.MazeGeneratorAreasTest.ScatteredAreas(PlayersWorlds.Maps.Maze.HuntAndKillMazeGenerator,Cave,Full)" methodname="ScatteredAreas" classname="PlayersWorlds.Maps.Maze.MazeGeneratorAreasTest" runstate="Runnable" seed="1768268489" result="Passed" start-time="2024-06-28T22:00:36.0556230Z" end-time="2024-06-28T22:00:37.8731250Z" duration="1.817502" asserts="20" />
                <test-case id="1-1316" name="ScatteredAreas(PlayersWorlds.Maps.Maze.HuntAndKillMazeGenerator,Hall,Quarter)" fullname="PlayersWorlds.Maps.Maze.MazeGeneratorAreasTest.ScatteredAreas(PlayersWorlds.Maps.Maze.HuntAndKillMazeGenerator,Hall,Quarter)" methodname="ScatteredAreas" classname="PlayersWorlds.Maps.Maze.MazeGeneratorAreasTest" runstate="Runnable" seed="6839432" result="Skipped" label="Ignored" start-time="2024-06-28T22:00:37.8731450Z" end-time="2024-06-28T22:00:37.8733020Z" duration="0.000158" asserts="0" />
                <test-case id="1-1317" name="ScatteredAreas(PlayersWorlds.Maps.Maze.HuntAndKillMazeGenerator,Hall,Half)" fullname="PlayersWorlds.Maps.Maze.MazeGeneratorAreasTest.ScatteredAreas(PlayersWorlds.Maps.Maze.HuntAndKillMazeGenerator,Hall,Half)" methodname="ScatteredAreas" classname="PlayersWorlds.Maps.Maze.MazeGeneratorAreasTest" runstate="Runnable" seed="276015010" result="Skipped" label="Ignored" start-time="2024-06-28T22:00:37.8733090Z" end-time="2024-06-28T22:00:37.8733740Z" duration="0.000065" asserts="0" />
                <test-case id="1-1318" name="ScatteredAreas(PlayersWorlds.Maps.Maze.HuntAndKillMazeGenerator,Hall,ThreeQuarters)" fullname="PlayersWorlds.Maps.Maze.MazeGeneratorAreasTest.ScatteredAreas(PlayersWorlds.Maps.Maze.HuntAndKillMazeGenerator,Hall,ThreeQuarters)" methodname="ScatteredAreas" classname="PlayersWorlds.Maps.Maze.MazeGeneratorAreasTest" runstate="Runnable" seed="53756849" result="Skipped" label="Ignored" start-time="2024-06-28T22:00:37.8733790Z" end-time="2024-06-28T22:00:37.8734350Z" duration="0.000056" asserts="0" />
                <test-case id="1-1319" name="ScatteredAreas(PlayersWorlds.Maps.Maze.HuntAndKillMazeGenerator,Hall,NinetyPercent)" fullname="PlayersWorlds.Maps.Maze.MazeGeneratorAreasTest.ScatteredAreas(PlayersWorlds.Maps.Maze.HuntAndKillMazeGenerator,Hall,NinetyPercent)" methodname="ScatteredAreas" classname="PlayersWorlds.Maps.Maze.MazeGeneratorAreasTest" runstate="Runnable" seed="1039854795" result="Skipped" label="Ignored" start-time="2024-06-28T22:00:37.8734400Z" end-time="2024-06-28T22:00:37.8734920Z" duration="0.000052" asserts="0" />
                <test-case id="1-1320" name="ScatteredAreas(PlayersWorlds.Maps.Maze.HuntAndKillMazeGenerator,Hall,FullWidth)" fullname="PlayersWorlds.Maps.Maze.MazeGeneratorAreasTest.ScatteredAreas(PlayersWorlds.Maps.Maze.HuntAndKillMazeGenerator,Hall,FullWidth)" methodname="ScatteredAreas" classname="PlayersWorlds.Maps.Maze.MazeGeneratorAreasTest" runstate="Runnable" seed="335798919" result="Skipped" label="Ignored" start-time="2024-06-28T22:00:37.8734970Z" end-time="2024-06-28T22:00:37.8735500Z" duration="0.000052" asserts="0" />
                <test-case id="1-1321" name="ScatteredAreas(PlayersWorlds.Maps.Maze.HuntAndKillMazeGenerator,Hall,FullHeight)" fullname="PlayersWorlds.Maps.Maze.MazeGeneratorAreasTest.ScatteredAreas(PlayersWorlds.Maps.Maze.HuntAndKillMazeGenerator,Hall,FullHeight)" methodname="ScatteredAreas" classname="PlayersWorlds.Maps.Maze.MazeGeneratorAreasTest" runstate="Runnable" seed="1231118258" result="Skipped" label="Ignored" start-time="2024-06-28T22:00:37.8735550Z" end-time="2024-06-28T22:00:37.8736060Z" duration="0.000051" asserts="0" />
                <test-case id="1-1322" name="ScatteredAreas(PlayersWorlds.Maps.Maze.HuntAndKillMazeGenerator,Hall,Full)" fullname="PlayersWorlds.Maps.Maze.MazeGeneratorAreasTest.ScatteredAreas(PlayersWorlds.Maps.Maze.HuntAndKillMazeGenerator,Hall,Full)" methodname="ScatteredAreas" classname="PlayersWorlds.Maps.Maze.MazeGeneratorAreasTest" runstate="Runnable" seed="322453317" result="Passed" start-time="2024-06-28T22:00:37.8736110Z" end-time="2024-06-28T22:00:39.6808030Z" duration="1.807192" asserts="20" />
                <test-case id="1-1323" name="ScatteredAreas(PlayersWorlds.Maps.Maze.HuntAndKillMazeGenerator,Fill,Quarter)" fullname="PlayersWorlds.Maps.Maze.MazeGeneratorAreasTest.ScatteredAreas(PlayersWorlds.Maps.Maze.HuntAndKillMazeGenerator,Fill,Quarter)" methodname="ScatteredAreas" classname="PlayersWorlds.Maps.Maze.MazeGeneratorAreasTest" runstate="Runnable" seed="1768908642" result="Skipped" label="Ignored" start-time="2024-06-28T22:00:39.6808310Z" end-time="2024-06-28T22:00:39.6810250Z" duration="0.000194" asserts="0" />
                <test-case id="1-1324" name="ScatteredAreas(PlayersWorlds.Maps.Maze.HuntAndKillMazeGenerator,Fill,Half)" fullname="PlayersWorlds.Maps.Maze.MazeGeneratorAreasTest.ScatteredAreas(PlayersWorlds.Maps.Maze.HuntAndKillMazeGenerator,Fill,Half)" methodname="ScatteredAreas" classname="PlayersWorlds.Maps.Maze.MazeGeneratorAreasTest" runstate="Runnable" seed="310012197" result="Skipped" label="Ignored" start-time="2024-06-28T22:00:39.6810310Z" end-time="2024-06-28T22:00:39.6810960Z" duration="0.000065" asserts="0" />
                <test-case id="1-1325" name="ScatteredAreas(PlayersWorlds.Maps.Maze.HuntAndKillMazeGenerator,Fill,ThreeQuarters)" fullname="PlayersWorlds.Maps.Maze.MazeGeneratorAreasTest.ScatteredAreas(PlayersWorlds.Maps.Maze.HuntAndKillMazeGenerator,Fill,ThreeQuarters)" methodname="ScatteredAreas" classname="PlayersWorlds.Maps.Maze.MazeGeneratorAreasTest" runstate="Runnable" seed="2121084799" result="Skipped" label="Ignored" start-time="2024-06-28T22:00:39.6811020Z" end-time="2024-06-28T22:00:39.6811610Z" duration="0.000059" asserts="0" />
                <test-case id="1-1326" name="ScatteredAreas(PlayersWorlds.Maps.Maze.HuntAndKillMazeGenerator,Fill,NinetyPercent)" fullname="PlayersWorlds.Maps.Maze.MazeGeneratorAreasTest.ScatteredAreas(PlayersWorlds.Maps.Maze.HuntAndKillMazeGenerator,Fill,NinetyPercent)" methodname="ScatteredAreas" classname="PlayersWorlds.Maps.Maze.MazeGeneratorAreasTest" runstate="Runnable" seed="615778835" result="Skipped" label="Ignored" start-time="2024-06-28T22:00:39.6811660Z" end-time="2024-06-28T22:00:39.6812200Z" duration="0.000054" asserts="0" />
                <test-case id="1-1327" name="ScatteredAreas(PlayersWorlds.Maps.Maze.HuntAndKillMazeGenerator,Fill,FullWidth)" fullname="PlayersWorlds.Maps.Maze.MazeGeneratorAreasTest.ScatteredAreas(PlayersWorlds.Maps.Maze.HuntAndKillMazeGenerator,Fill,FullWidth)" methodname="ScatteredAreas" classname="PlayersWorlds.Maps.Maze.MazeGeneratorAreasTest" runstate="Runnable" seed="1542774417" result="Skipped" label="Ignored" start-time="2024-06-28T22:00:39.6812250Z" end-time="2024-06-28T22:00:39.6812770Z" duration="0.000052" asserts="0" />
                <test-case id="1-1328" name="ScatteredAreas(PlayersWorlds.Maps.Maze.HuntAndKillMazeGenerator,Fill,FullHeight)" fullname="PlayersWorlds.Maps.Maze.MazeGeneratorAreasTest.ScatteredAreas(PlayersWorlds.Maps.Maze.HuntAndKillMazeGenerator,Fill,FullHeight)" methodname="ScatteredAreas" classname="PlayersWorlds.Maps.Maze.MazeGeneratorAreasTest" runstate="Runnable" seed="438852000" result="Skipped" label="Ignored" start-time="2024-06-28T22:00:39.6812820Z" end-time="2024-06-28T22:00:39.6813340Z" duration="0.000052" asserts="0" />
                <test-case id="1-1329" name="ScatteredAreas(PlayersWorlds.Maps.Maze.HuntAndKillMazeGenerator,Fill,Full)" fullname="PlayersWorlds.Maps.Maze.MazeGeneratorAreasTest.ScatteredAreas(PlayersWorlds.Maps.Maze.HuntAndKillMazeGenerator,Fill,Full)" methodname="ScatteredAreas" classname="PlayersWorlds.Maps.Maze.MazeGeneratorAreasTest" runstate="Runnable" seed="772570061" result="Skipped" label="Ignored" start-time="2024-06-28T22:00:39.6813390Z" end-time="2024-06-28T22:00:39.6813900Z" duration="0.000052" asserts="0" />
                <test-case id="1-1330" name="ScatteredAreas(PlayersWorlds.Maps.Maze.RecursiveBacktrackerMazeGenerator,Cave,Quarter)" fullname="PlayersWorlds.Maps.Maze.MazeGeneratorAreasTest.ScatteredAreas(PlayersWorlds.Maps.Maze.RecursiveBacktrackerMazeGenerator,Cave,Quarter)" methodname="ScatteredAreas" classname="PlayersWorlds.Maps.Maze.MazeGeneratorAreasTest" runstate="Runnable" seed="1918344148" result="Skipped" label="Ignored" start-time="2024-06-28T22:00:39.6813960Z" end-time="2024-06-28T22:00:39.6814470Z" duration="0.000052" asserts="0" />
                <test-case id="1-1331" name="ScatteredAreas(PlayersWorlds.Maps.Maze.RecursiveBacktrackerMazeGenerator,Cave,Half)" fullname="PlayersWorlds.Maps.Maze.MazeGeneratorAreasTest.ScatteredAreas(PlayersWorlds.Maps.Maze.RecursiveBacktrackerMazeGenerator,Cave,Half)" methodname="ScatteredAreas" classname="PlayersWorlds.Maps.Maze.MazeGeneratorAreasTest" runstate="Runnable" seed="46036208" result="Skipped" label="Ignored" start-time="2024-06-28T22:00:39.6814520Z" end-time="2024-06-28T22:00:39.6815030Z" duration="0.000051" asserts="0" />
                <test-case id="1-1332" name="ScatteredAreas(PlayersWorlds.Maps.Maze.RecursiveBacktrackerMazeGenerator,Cave,ThreeQuarters)" fullname="PlayersWorlds.Maps.Maze.MazeGeneratorAreasTest.ScatteredAreas(PlayersWorlds.Maps.Maze.RecursiveBacktrackerMazeGenerator,Cave,ThreeQuarters)" methodname="ScatteredAreas" classname="PlayersWorlds.Maps.Maze.MazeGeneratorAreasTest" runstate="Runnable" seed="502698317" result="Skipped" label="Ignored" start-time="2024-06-28T22:00:39.6815080Z" end-time="2024-06-28T22:00:39.6815630Z" duration="0.000055" asserts="0" />
                <test-case id="1-1333" name="ScatteredAreas(PlayersWorlds.Maps.Maze.RecursiveBacktrackerMazeGenerator,Cave,NinetyPercent)" fullname="PlayersWorlds.Maps.Maze.MazeGeneratorAreasTest.ScatteredAreas(PlayersWorlds.Maps.Maze.RecursiveBacktrackerMazeGenerator,Cave,NinetyPercent)" methodname="ScatteredAreas" classname="PlayersWorlds.Maps.Maze.MazeGeneratorAreasTest" runstate="Runnable" seed="1320862179" result="Skipped" label="Ignored" start-time="2024-06-28T22:00:39.6815680Z" end-time="2024-06-28T22:00:39.6816240Z" duration="0.000056" asserts="0" />
                <test-case id="1-1334" name="ScatteredAreas(PlayersWorlds.Maps.Maze.RecursiveBacktrackerMazeGenerator,Cave,FullWidth)" fullname="PlayersWorlds.Maps.Maze.MazeGeneratorAreasTest.ScatteredAreas(PlayersWorlds.Maps.Maze.RecursiveBacktrackerMazeGenerator,Cave,FullWidth)" methodname="ScatteredAreas" classname="PlayersWorlds.Maps.Maze.MazeGeneratorAreasTest" runstate="Runnable" seed="1362588379" result="Skipped" label="Ignored" start-time="2024-06-28T22:00:39.6816290Z" end-time="2024-06-28T22:00:39.6816830Z" duration="0.000054" asserts="0" />
                <test-case id="1-1335" name="ScatteredAreas(PlayersWorlds.Maps.Maze.RecursiveBacktrackerMazeGenerator,Cave,FullHeight)" fullname="PlayersWorlds.Maps.Maze.MazeGeneratorAreasTest.ScatteredAreas(PlayersWorlds.Maps.Maze.RecursiveBacktrackerMazeGenerator,Cave,FullHeight)" methodname="ScatteredAreas" classname="PlayersWorlds.Maps.Maze.MazeGeneratorAreasTest" runstate="Runnable" seed="1330679039" result="Skipped" label="Ignored" start-time="2024-06-28T22:00:39.6816880Z" end-time="2024-06-28T22:00:39.6817430Z" duration="0.000055" asserts="0" />
                <test-case id="1-1336" name="ScatteredAreas(PlayersWorlds.Maps.Maze.RecursiveBacktrackerMazeGenerator,Cave,Full)" fullname="PlayersWorlds.Maps.Maze.MazeGeneratorAreasTest.ScatteredAreas(PlayersWorlds.Maps.Maze.RecursiveBacktrackerMazeGenerator,Cave,Full)" methodname="ScatteredAreas" classname="PlayersWorlds.Maps.Maze.MazeGeneratorAreasTest" runstate="Runnable" seed="466467253" result="Passed" start-time="2024-06-28T22:00:39.6817480Z" end-time="2024-06-28T22:00:41.5259480Z" duration="1.844199" asserts="20" />
                <test-case id="1-1337" name="ScatteredAreas(PlayersWorlds.Maps.Maze.RecursiveBacktrackerMazeGenerator,Hall,Quarter)" fullname="PlayersWorlds.Maps.Maze.MazeGeneratorAreasTest.ScatteredAreas(PlayersWorlds.Maps.Maze.RecursiveBacktrackerMazeGenerator,Hall,Quarter)" methodname="ScatteredAreas" classname="PlayersWorlds.Maps.Maze.MazeGeneratorAreasTest" runstate="Runnable" seed="730823093" result="Skipped" label="Ignored" start-time="2024-06-28T22:00:41.5259680Z" end-time="2024-06-28T22:00:41.5261280Z" duration="0.000161" asserts="0" />
                <test-case id="1-1338" name="ScatteredAreas(PlayersWorlds.Maps.Maze.RecursiveBacktrackerMazeGenerator,Hall,Half)" fullname="PlayersWorlds.Maps.Maze.MazeGeneratorAreasTest.ScatteredAreas(PlayersWorlds.Maps.Maze.RecursiveBacktrackerMazeGenerator,Hall,Half)" methodname="ScatteredAreas" classname="PlayersWorlds.Maps.Maze.MazeGeneratorAreasTest" runstate="Runnable" seed="2113758503" result="Skipped" label="Ignored" start-time="2024-06-28T22:00:41.5261350Z" end-time="2024-06-28T22:00:41.5262010Z" duration="0.000066" asserts="0" />
                <test-case id="1-1339" name="ScatteredAreas(PlayersWorlds.Maps.Maze.RecursiveBacktrackerMazeGenerator,Hall,ThreeQuarters)" fullname="PlayersWorlds.Maps.Maze.MazeGeneratorAreasTest.ScatteredAreas(PlayersWorlds.Maps.Maze.RecursiveBacktrackerMazeGenerator,Hall,ThreeQuarters)" methodname="ScatteredAreas" classname="PlayersWorlds.Maps.Maze.MazeGeneratorAreasTest" runstate="Runnable" seed="453747810" result="Skipped" label="Ignored" start-time="2024-06-28T22:00:41.5262060Z" end-time="2024-06-28T22:00:41.5262700Z" duration="0.000064" asserts="0" />
                <test-case id="1-1340" name="ScatteredAreas(PlayersWorlds.Maps.Maze.RecursiveBacktrackerMazeGenerator,Hall,NinetyPercent)" fullname="PlayersWorlds.Maps.Maze.MazeGeneratorAreasTest.ScatteredAreas(PlayersWorlds.Maps.Maze.RecursiveBacktrackerMazeGenerator,Hall,NinetyPercent)" methodname="ScatteredAreas" classname="PlayersWorlds.Maps.Maze.MazeGeneratorAreasTest" runstate="Runnable" seed="439932465" result="Skipped" label="Ignored" start-time="2024-06-28T22:00:41.5262760Z" end-time="2024-06-28T22:00:41.5263320Z" duration="0.000056" asserts="0" />
                <test-case id="1-1341" name="ScatteredAreas(PlayersWorlds.Maps.Maze.RecursiveBacktrackerMazeGenerator,Hall,FullWidth)" fullname="PlayersWorlds.Maps.Maze.MazeGeneratorAreasTest.ScatteredAreas(PlayersWorlds.Maps.Maze.RecursiveBacktrackerMazeGenerator,Hall,FullWidth)" methodname="ScatteredAreas" classname="PlayersWorlds.Maps.Maze.MazeGeneratorAreasTest" runstate="Runnable" seed="1252466942" result="Skipped" label="Ignored" start-time="2024-06-28T22:00:41.5263370Z" end-time="2024-06-28T22:00:41.5263890Z" duration="0.000052" asserts="0" />
                <test-case id="1-1342" name="ScatteredAreas(PlayersWorlds.Maps.Maze.RecursiveBacktrackerMazeGenerator,Hall,FullHeight)" fullname="PlayersWorlds.Maps.Maze.MazeGeneratorAreasTest.ScatteredAreas(PlayersWorlds.Maps.Maze.RecursiveBacktrackerMazeGenerator,Hall,FullHeight)" methodname="ScatteredAreas" classname="PlayersWorlds.Maps.Maze.MazeGeneratorAreasTest" runstate="Runnable" seed="440569134" result="Skipped" label="Ignored" start-time="2024-06-28T22:00:41.5263940Z" end-time="2024-06-28T22:00:41.5264450Z" duration="0.000051" asserts="0" />
                <test-case id="1-1343" name="ScatteredAreas(PlayersWorlds.Maps.Maze.RecursiveBacktrackerMazeGenerator,Hall,Full)" fullname="PlayersWorlds.Maps.Maze.MazeGeneratorAreasTest.ScatteredAreas(PlayersWorlds.Maps.Maze.RecursiveBacktrackerMazeGenerator,Hall,Full)" methodname="ScatteredAreas" classname="PlayersWorlds.Maps.Maze.MazeGeneratorAreasTest" runstate="Runnable" seed="1953475050" result="Passed" start-time="2024-06-28T22:00:41.5264500Z" end-time="2024-06-28T22:00:43.3385700Z" duration="1.812120" asserts="20" />
                <test-case id="1-1344" name="ScatteredAreas(PlayersWorlds.Maps.Maze.RecursiveBacktrackerMazeGenerator,Fill,Quarter)" fullname="PlayersWorlds.Maps.Maze.MazeGeneratorAreasTest.ScatteredAreas(PlayersWorlds.Maps.Maze.RecursiveBacktrackerMazeGenerator,Fill,Quarter)" methodname="ScatteredAreas" classname="PlayersWorlds.Maps.Maze.MazeGeneratorAreasTest" runstate="Runnable" seed="217222544" result="Skipped" label="Ignored" start-time="2024-06-28T22:00:43.3385990Z" end-time="2024-06-28T22:00:43.3387580Z" duration="0.000159" asserts="0" />
                <test-case id="1-1345" name="ScatteredAreas(PlayersWorlds.Maps.Maze.RecursiveBacktrackerMazeGenerator,Fill,Half)" fullname="PlayersWorlds.Maps.Maze.MazeGeneratorAreasTest.ScatteredAreas(PlayersWorlds.Maps.Maze.RecursiveBacktrackerMazeGenerator,Fill,Half)" methodname="ScatteredAreas" classname="PlayersWorlds.Maps.Maze.MazeGeneratorAreasTest" runstate="Runnable" seed="361079886" result="Skipped" label="Ignored" start-time="2024-06-28T22:00:43.3387640Z" end-time="2024-06-28T22:00:43.3388240Z" duration="0.000060" asserts="0" />
                <test-case id="1-1346" name="ScatteredAreas(PlayersWorlds.Maps.Maze.RecursiveBacktrackerMazeGenerator,Fill,ThreeQuarters)" fullname="PlayersWorlds.Maps.Maze.MazeGeneratorAreasTest.ScatteredAreas(PlayersWorlds.Maps.Maze.RecursiveBacktrackerMazeGenerator,Fill,ThreeQuarters)" methodname="ScatteredAreas" classname="PlayersWorlds.Maps.Maze.MazeGeneratorAreasTest" runstate="Runnable" seed="1752495810" result="Skipped" label="Ignored" start-time="2024-06-28T22:00:43.3388290Z" end-time="2024-06-28T22:00:43.3388830Z" duration="0.000054" asserts="0" />
                <test-case id="1-1347" name="ScatteredAreas(PlayersWorlds.Maps.Maze.RecursiveBacktrackerMazeGenerator,Fill,NinetyPercent)" fullname="PlayersWorlds.Maps.Maze.MazeGeneratorAreasTest.ScatteredAreas(PlayersWorlds.Maps.Maze.RecursiveBacktrackerMazeGenerator,Fill,NinetyPercent)" methodname="ScatteredAreas" classname="PlayersWorlds.Maps.Maze.MazeGeneratorAreasTest" runstate="Runnable" seed="1856948438" result="Skipped" label="Ignored" start-time="2024-06-28T22:00:43.3388880Z" end-time="2024-06-28T22:00:43.3389390Z" duration="0.000051" asserts="0" />
                <test-case id="1-1348" name="ScatteredAreas(PlayersWorlds.Maps.Maze.RecursiveBacktrackerMazeGenerator,Fill,FullWidth)" fullname="PlayersWorlds.Maps.Maze.MazeGeneratorAreasTest.ScatteredAreas(PlayersWorlds.Maps.Maze.RecursiveBacktrackerMazeGenerator,Fill,FullWidth)" methodname="ScatteredAreas" classname="PlayersWorlds.Maps.Maze.MazeGeneratorAreasTest" runstate="Runnable" seed="654156665" result="Skipped" label="Ignored" start-time="2024-06-28T22:00:43.3389440Z" end-time="2024-06-28T22:00:43.3389930Z" duration="0.000049" asserts="0" />
                <test-case id="1-1349" name="ScatteredAreas(PlayersWorlds.Maps.Maze.RecursiveBacktrackerMazeGenerator,Fill,FullHeight)" fullname="PlayersWorlds.Maps.Maze.MazeGeneratorAreasTest.ScatteredAreas(PlayersWorlds.Maps.Maze.RecursiveBacktrackerMazeGenerator,Fill,FullHeight)" methodname="ScatteredAreas" classname="PlayersWorlds.Maps.Maze.MazeGeneratorAreasTest" runstate="Runnable" seed="1358555839" result="Skipped" label="Ignored" start-time="2024-06-28T22:00:43.3389980Z" end-time="2024-06-28T22:00:43.3390470Z" duration="0.000049" asserts="0" />
                <test-case id="1-1350" name="ScatteredAreas(PlayersWorlds.Maps.Maze.RecursiveBacktrackerMazeGenerator,Fill,Full)" fullname="PlayersWorlds.Maps.Maze.MazeGeneratorAreasTest.ScatteredAreas(PlayersWorlds.Maps.Maze.RecursiveBacktrackerMazeGenerator,Fill,Full)" methodname="ScatteredAreas" classname="PlayersWorlds.Maps.Maze.MazeGeneratorAreasTest" runstate="Runnable" seed="68104720" result="Skipped" label="Ignored" start-time="2024-06-28T22:00:43.3390520Z" end-time="2024-06-28T22:00:43.3391000Z" duration="0.000048" asserts="0" />
                <test-case id="1-1351" name="ScatteredAreas(PlayersWorlds.Maps.Maze.SidewinderMazeGenerator,Cave,Quarter)" fullname="PlayersWorlds.Maps.Maze.MazeGeneratorAreasTest.ScatteredAreas(PlayersWorlds.Maps.Maze.SidewinderMazeGenerator,Cave,Quarter)" methodname="ScatteredAreas" classname="PlayersWorlds.Maps.Maze.MazeGeneratorAreasTest" runstate="Runnable" seed="1104525026" result="Skipped" label="Ignored" start-time="2024-06-28T22:00:43.3391050Z" end-time="2024-06-28T22:00:43.3391530Z" duration="0.000048" asserts="0" />
                <test-case id="1-1352" name="ScatteredAreas(PlayersWorlds.Maps.Maze.SidewinderMazeGenerator,Cave,Half)" fullname="PlayersWorlds.Maps.Maze.MazeGeneratorAreasTest.ScatteredAreas(PlayersWorlds.Maps.Maze.SidewinderMazeGenerator,Cave,Half)" methodname="ScatteredAreas" classname="PlayersWorlds.Maps.Maze.MazeGeneratorAreasTest" runstate="Runnable" seed="27193055" result="Skipped" label="Ignored" start-time="2024-06-28T22:00:43.3391570Z" end-time="2024-06-28T22:00:43.3392050Z" duration="0.000048" asserts="0" />
                <test-case id="1-1353" name="ScatteredAreas(PlayersWorlds.Maps.Maze.SidewinderMazeGenerator,Cave,ThreeQuarters)" fullname="PlayersWorlds.Maps.Maze.MazeGeneratorAreasTest.ScatteredAreas(PlayersWorlds.Maps.Maze.SidewinderMazeGenerator,Cave,ThreeQuarters)" methodname="ScatteredAreas" classname="PlayersWorlds.Maps.Maze.MazeGeneratorAreasTest" runstate="Runnable" seed="770123986" result="Skipped" label="Ignored" start-time="2024-06-28T22:00:43.3392120Z" end-time="2024-06-28T22:00:43.3392640Z" duration="0.000052" asserts="0" />
                <test-case id="1-1354" name="ScatteredAreas(PlayersWorlds.Maps.Maze.SidewinderMazeGenerator,Cave,NinetyPercent)" fullname="PlayersWorlds.Maps.Maze.MazeGeneratorAreasTest.ScatteredAreas(PlayersWorlds.Maps.Maze.SidewinderMazeGenerator,Cave,NinetyPercent)" methodname="ScatteredAreas" classname="PlayersWorlds.Maps.Maze.MazeGeneratorAreasTest" runstate="Runnable" seed="1841920432" result="Skipped" label="Ignored" start-time="2024-06-28T22:00:43.3392690Z" end-time="2024-06-28T22:00:43.3393190Z" duration="0.000050" asserts="0" />
                <test-case id="1-1355" name="ScatteredAreas(PlayersWorlds.Maps.Maze.SidewinderMazeGenerator,Cave,FullWidth)" fullname="PlayersWorlds.Maps.Maze.MazeGeneratorAreasTest.ScatteredAreas(PlayersWorlds.Maps.Maze.SidewinderMazeGenerator,Cave,FullWidth)" methodname="ScatteredAreas" classname="PlayersWorlds.Maps.Maze.MazeGeneratorAreasTest" runstate="Runnable" seed="1660775952" result="Skipped" label="Ignored" start-time="2024-06-28T22:00:43.3393240Z" end-time="2024-06-28T22:00:43.3393760Z" duration="0.000052" asserts="0" />
                <test-case id="1-1356" name="ScatteredAreas(PlayersWorlds.Maps.Maze.SidewinderMazeGenerator,Cave,FullHeight)" fullname="PlayersWorlds.Maps.Maze.MazeGeneratorAreasTest.ScatteredAreas(PlayersWorlds.Maps.Maze.SidewinderMazeGenerator,Cave,FullHeight)" methodname="ScatteredAreas" classname="PlayersWorlds.Maps.Maze.MazeGeneratorAreasTest" runstate="Runnable" seed="57143138" result="Skipped" label="Ignored" start-time="2024-06-28T22:00:43.3393810Z" end-time="2024-06-28T22:00:43.3394310Z" duration="0.000050" asserts="0" />
                <test-case id="1-1357" name="ScatteredAreas(PlayersWorlds.Maps.Maze.SidewinderMazeGenerator,Cave,Full)" fullname="PlayersWorlds.Maps.Maze.MazeGeneratorAreasTest.ScatteredAreas(PlayersWorlds.Maps.Maze.SidewinderMazeGenerator,Cave,Full)" methodname="ScatteredAreas" classname="PlayersWorlds.Maps.Maze.MazeGeneratorAreasTest" runstate="Runnable" seed="357751439" result="Passed" start-time="2024-06-28T22:00:43.3394360Z" end-time="2024-06-28T22:00:45.1835700Z" duration="1.844133" asserts="20" />
                <test-case id="1-1358" name="ScatteredAreas(PlayersWorlds.Maps.Maze.SidewinderMazeGenerator,Hall,Quarter)" fullname="PlayersWorlds.Maps.Maze.MazeGeneratorAreasTest.ScatteredAreas(PlayersWorlds.Maps.Maze.SidewinderMazeGenerator,Hall,Quarter)" methodname="ScatteredAreas" classname="PlayersWorlds.Maps.Maze.MazeGeneratorAreasTest" runstate="Runnable" seed="1421004057" result="Skipped" label="Ignored" start-time="2024-06-28T22:00:45.1835890Z" end-time="2024-06-28T22:00:45.1837450Z" duration="0.000156" asserts="0" />
                <test-case id="1-1359" name="ScatteredAreas(PlayersWorlds.Maps.Maze.SidewinderMazeGenerator,Hall,Half)" fullname="PlayersWorlds.Maps.Maze.MazeGeneratorAreasTest.ScatteredAreas(PlayersWorlds.Maps.Maze.SidewinderMazeGenerator,Hall,Half)" methodname="ScatteredAreas" classname="PlayersWorlds.Maps.Maze.MazeGeneratorAreasTest" runstate="Runnable" seed="939625941" result="Skipped" label="Ignored" start-time="2024-06-28T22:00:45.1837510Z" end-time="2024-06-28T22:00:45.1838160Z" duration="0.000065" asserts="0" />
                <test-case id="1-1360" name="ScatteredAreas(PlayersWorlds.Maps.Maze.SidewinderMazeGenerator,Hall,ThreeQuarters)" fullname="PlayersWorlds.Maps.Maze.MazeGeneratorAreasTest.ScatteredAreas(PlayersWorlds.Maps.Maze.SidewinderMazeGenerator,Hall,ThreeQuarters)" methodname="ScatteredAreas" classname="PlayersWorlds.Maps.Maze.MazeGeneratorAreasTest" runstate="Runnable" seed="900326292" result="Skipped" label="Ignored" start-time="2024-06-28T22:00:45.1838220Z" end-time="2024-06-28T22:00:45.1838790Z" duration="0.000057" asserts="0" />
                <test-case id="1-1361" name="ScatteredAreas(PlayersWorlds.Maps.Maze.SidewinderMazeGenerator,Hall,NinetyPercent)" fullname="PlayersWorlds.Maps.Maze.MazeGeneratorAreasTest.ScatteredAreas(PlayersWorlds.Maps.Maze.SidewinderMazeGenerator,Hall,NinetyPercent)" methodname="ScatteredAreas" classname="PlayersWorlds.Maps.Maze.MazeGeneratorAreasTest" runstate="Runnable" seed="1119377346" result="Skipped" label="Ignored" start-time="2024-06-28T22:00:45.1838840Z" end-time="2024-06-28T22:00:45.1839380Z" duration="0.000054" asserts="0" />
                <test-case id="1-1362" name="ScatteredAreas(PlayersWorlds.Maps.Maze.SidewinderMazeGenerator,Hall,FullWidth)" fullname="PlayersWorlds.Maps.Maze.MazeGeneratorAreasTest.ScatteredAreas(PlayersWorlds.Maps.Maze.SidewinderMazeGenerator,Hall,FullWidth)" methodname="ScatteredAreas" classname="PlayersWorlds.Maps.Maze.MazeGeneratorAreasTest" runstate="Runnable" seed="2051714228" result="Skipped" label="Ignored" start-time="2024-06-28T22:00:45.1839430Z" end-time="2024-06-28T22:00:45.1839960Z" duration="0.000053" asserts="0" />
                <test-case id="1-1363" name="ScatteredAreas(PlayersWorlds.Maps.Maze.SidewinderMazeGenerator,Hall,FullHeight)" fullname="PlayersWorlds.Maps.Maze.MazeGeneratorAreasTest.ScatteredAreas(PlayersWorlds.Maps.Maze.SidewinderMazeGenerator,Hall,FullHeight)" methodname="ScatteredAreas" classname="PlayersWorlds.Maps.Maze.MazeGeneratorAreasTest" runstate="Runnable" seed="546569546" result="Skipped" label="Ignored" start-time="2024-06-28T22:00:45.1840010Z" end-time="2024-06-28T22:00:45.1840550Z" duration="0.000054" asserts="0" />
                <test-case id="1-1364" name="ScatteredAreas(PlayersWorlds.Maps.Maze.SidewinderMazeGenerator,Hall,Full)" fullname="PlayersWorlds.Maps.Maze.MazeGeneratorAreasTest.ScatteredAreas(PlayersWorlds.Maps.Maze.SidewinderMazeGenerator,Hall,Full)" methodname="ScatteredAreas" classname="PlayersWorlds.Maps.Maze.MazeGeneratorAreasTest" runstate="Runnable" seed="1140128806" result="Passed" start-time="2024-06-28T22:00:45.1840620Z" end-time="2024-06-28T22:00:46.9852600Z" duration="1.801198" asserts="20" />
                <test-case id="1-1365" name="ScatteredAreas(PlayersWorlds.Maps.Maze.SidewinderMazeGenerator,Fill,Quarter)" fullname="PlayersWorlds.Maps.Maze.MazeGeneratorAreasTest.ScatteredAreas(PlayersWorlds.Maps.Maze.SidewinderMazeGenerator,Fill,Quarter)" methodname="ScatteredAreas" classname="PlayersWorlds.Maps.Maze.MazeGeneratorAreasTest" runstate="Runnable" seed="864341418" result="Skipped" label="Ignored" start-time="2024-06-28T22:00:46.9852900Z" end-time="2024-06-28T22:00:46.9854630Z" duration="0.000173" asserts="0" />
                <test-case id="1-1366" name="ScatteredAreas(PlayersWorlds.Maps.Maze.SidewinderMazeGenerator,Fill,Half)" fullname="PlayersWorlds.Maps.Maze.MazeGeneratorAreasTest.ScatteredAreas(PlayersWorlds.Maps.Maze.SidewinderMazeGenerator,Fill,Half)" methodname="ScatteredAreas" classname="PlayersWorlds.Maps.Maze.MazeGeneratorAreasTest" runstate="Runnable" seed="716877997" result="Skipped" label="Ignored" start-time="2024-06-28T22:00:46.9854690Z" end-time="2024-06-28T22:00:46.9855350Z" duration="0.000066" asserts="0" />
                <test-case id="1-1367" name="ScatteredAreas(PlayersWorlds.Maps.Maze.SidewinderMazeGenerator,Fill,ThreeQuarters)" fullname="PlayersWorlds.Maps.Maze.MazeGeneratorAreasTest.ScatteredAreas(PlayersWorlds.Maps.Maze.SidewinderMazeGenerator,Fill,ThreeQuarters)" methodname="ScatteredAreas" classname="PlayersWorlds.Maps.Maze.MazeGeneratorAreasTest" runstate="Runnable" seed="322201510" result="Skipped" label="Ignored" start-time="2024-06-28T22:00:46.9855410Z" end-time="2024-06-28T22:00:46.9855970Z" duration="0.000057" asserts="0" />
                <test-case id="1-1368" name="ScatteredAreas(PlayersWorlds.Maps.Maze.SidewinderMazeGenerator,Fill,NinetyPercent)" fullname="PlayersWorlds.Maps.Maze.MazeGeneratorAreasTest.ScatteredAreas(PlayersWorlds.Maps.Maze.SidewinderMazeGenerator,Fill,NinetyPercent)" methodname="ScatteredAreas" classname="PlayersWorlds.Maps.Maze.MazeGeneratorAreasTest" runstate="Runnable" seed="593116907" result="Skipped" label="Ignored" start-time="2024-06-28T22:00:46.9856030Z" end-time="2024-06-28T22:00:46.9856590Z" duration="0.000056" asserts="0" />
                <test-case id="1-1369" name="ScatteredAreas(PlayersWorlds.Maps.Maze.SidewinderMazeGenerator,Fill,FullWidth)" fullname="PlayersWorlds.Maps.Maze.MazeGeneratorAreasTest.ScatteredAreas(PlayersWorlds.Maps.Maze.SidewinderMazeGenerator,Fill,FullWidth)" methodname="ScatteredAreas" classname="PlayersWorlds.Maps.Maze.MazeGeneratorAreasTest" runstate="Runnable" seed="616735397" result="Skipped" label="Ignored" start-time="2024-06-28T22:00:46.9856640Z" end-time="2024-06-28T22:00:46.9857170Z" duration="0.000053" asserts="0" />
                <test-case id="1-1370" name="ScatteredAreas(PlayersWorlds.Maps.Maze.SidewinderMazeGenerator,Fill,FullHeight)" fullname="PlayersWorlds.Maps.Maze.MazeGeneratorAreasTest.ScatteredAreas(PlayersWorlds.Maps.Maze.SidewinderMazeGenerator,Fill,FullHeight)" methodname="ScatteredAreas" classname="PlayersWorlds.Maps.Maze.MazeGeneratorAreasTest" runstate="Runnable" seed="1301801236" result="Skipped" label="Ignored" start-time="2024-06-28T22:00:46.9857220Z" end-time="2024-06-28T22:00:46.9857740Z" duration="0.000052" asserts="0" />
                <test-case id="1-1371" name="ScatteredAreas(PlayersWorlds.Maps.Maze.SidewinderMazeGenerator,Fill,Full)" fullname="PlayersWorlds.Maps.Maze.MazeGeneratorAreasTest.ScatteredAreas(PlayersWorlds.Maps.Maze.SidewinderMazeGenerator,Fill,Full)" methodname="ScatteredAreas" classname="PlayersWorlds.Maps.Maze.MazeGeneratorAreasTest" runstate="Runnable" seed="1423499986" result="Skipped" label="Ignored" start-time="2024-06-28T22:00:46.9857790Z" end-time="2024-06-28T22:00:46.9858310Z" duration="0.000051" asserts="0" />
                <test-case id="1-1372" name="ScatteredAreas(PlayersWorlds.Maps.Maze.WilsonsMazeGenerator,Cave,Quarter)" fullname="PlayersWorlds.Maps.Maze.MazeGeneratorAreasTest.ScatteredAreas(PlayersWorlds.Maps.Maze.WilsonsMazeGenerator,Cave,Quarter)" methodname="ScatteredAreas" classname="PlayersWorlds.Maps.Maze.MazeGeneratorAreasTest" runstate="Runnable" seed="309740154" result="Passed" start-time="2024-06-28T22:00:46.9858350Z" end-time="2024-06-28T22:00:48.8920730Z" duration="1.906237" asserts="20" />
                <test-case id="1-1373" name="ScatteredAreas(PlayersWorlds.Maps.Maze.WilsonsMazeGenerator,Cave,Half)" fullname="PlayersWorlds.Maps.Maze.MazeGeneratorAreasTest.ScatteredAreas(PlayersWorlds.Maps.Maze.WilsonsMazeGenerator,Cave,Half)" methodname="ScatteredAreas" classname="PlayersWorlds.Maps.Maze.MazeGeneratorAreasTest" runstate="Runnable" seed="1747492686" result="Passed" start-time="2024-06-28T22:00:48.8920930Z" end-time="2024-06-28T22:00:50.8004740Z" duration="1.908381" asserts="20" />
                <test-case id="1-1374" name="ScatteredAreas(PlayersWorlds.Maps.Maze.WilsonsMazeGenerator,Cave,ThreeQuarters)" fullname="PlayersWorlds.Maps.Maze.MazeGeneratorAreasTest.ScatteredAreas(PlayersWorlds.Maps.Maze.WilsonsMazeGenerator,Cave,ThreeQuarters)" methodname="ScatteredAreas" classname="PlayersWorlds.Maps.Maze.MazeGeneratorAreasTest" runstate="Runnable" seed="599922330" result="Passed" start-time="2024-06-28T22:00:50.8004920Z" end-time="2024-06-28T22:00:52.7399080Z" duration="1.939416" asserts="20" />
                <test-case id="1-1375" name="ScatteredAreas(PlayersWorlds.Maps.Maze.WilsonsMazeGenerator,Cave,NinetyPercent)" fullname="PlayersWorlds.Maps.Maze.MazeGeneratorAreasTest.ScatteredAreas(PlayersWorlds.Maps.Maze.WilsonsMazeGenerator,Cave,NinetyPercent)" methodname="ScatteredAreas" classname="PlayersWorlds.Maps.Maze.MazeGeneratorAreasTest" runstate="Runnable" seed="1230815624" result="Passed" start-time="2024-06-28T22:00:52.7399300Z" end-time="2024-06-28T22:00:54.6649480Z" duration="1.925018" asserts="20" />
                <test-case id="1-1376" name="ScatteredAreas(PlayersWorlds.Maps.Maze.WilsonsMazeGenerator,Cave,FullWidth)" fullname="PlayersWorlds.Maps.Maze.MazeGeneratorAreasTest.ScatteredAreas(PlayersWorlds.Maps.Maze.WilsonsMazeGenerator,Cave,FullWidth)" methodname="ScatteredAreas" classname="PlayersWorlds.Maps.Maze.MazeGeneratorAreasTest" runstate="Runnable" seed="790549124" result="Passed" start-time="2024-06-28T22:00:54.6649730Z" end-time="2024-06-28T22:00:56.5557500Z" duration="1.890777" asserts="20" />
                <test-case id="1-1377" name="ScatteredAreas(PlayersWorlds.Maps.Maze.WilsonsMazeGenerator,Cave,FullHeight)" fullname="PlayersWorlds.Maps.Maze.MazeGeneratorAreasTest.ScatteredAreas(PlayersWorlds.Maps.Maze.WilsonsMazeGenerator,Cave,FullHeight)" methodname="ScatteredAreas" classname="PlayersWorlds.Maps.Maze.MazeGeneratorAreasTest" runstate="Runnable" seed="516461914" result="Passed" start-time="2024-06-28T22:00:56.5557680Z" end-time="2024-06-28T22:00:58.4136470Z" duration="1.857879" asserts="20" />
                <test-case id="1-1378" name="ScatteredAreas(PlayersWorlds.Maps.Maze.WilsonsMazeGenerator,Cave,Full)" fullname="PlayersWorlds.Maps.Maze.MazeGeneratorAreasTest.ScatteredAreas(PlayersWorlds.Maps.Maze.WilsonsMazeGenerator,Cave,Full)" methodname="ScatteredAreas" classname="PlayersWorlds.Maps.Maze.MazeGeneratorAreasTest" runstate="Runnable" seed="1551686098" result="Passed" start-time="2024-06-28T22:00:58.4136670Z" end-time="2024-06-28T22:01:00.3406480Z" duration="1.926982" asserts="20" />
                <test-case id="1-1379" name="ScatteredAreas(PlayersWorlds.Maps.Maze.WilsonsMazeGenerator,Hall,Quarter)" fullname="PlayersWorlds.Maps.Maze.MazeGeneratorAreasTest.ScatteredAreas(PlayersWorlds.Maps.Maze.WilsonsMazeGenerator,Hall,Quarter)" methodname="ScatteredAreas" classname="PlayersWorlds.Maps.Maze.MazeGeneratorAreasTest" runstate="Runnable" seed="2096415958" result="Passed" start-time="2024-06-28T22:01:00.3406890Z" end-time="2024-06-28T22:01:02.2073720Z" duration="1.866683" asserts="20" />
                <test-case id="1-1380" name="ScatteredAreas(PlayersWorlds.Maps.Maze.WilsonsMazeGenerator,Hall,Half)" fullname="PlayersWorlds.Maps.Maze.MazeGeneratorAreasTest.ScatteredAreas(PlayersWorlds.Maps.Maze.WilsonsMazeGenerator,Hall,Half)" methodname="ScatteredAreas" classname="PlayersWorlds.Maps.Maze.MazeGeneratorAreasTest" runstate="Runnable" seed="368588989" result="Passed" start-time="2024-06-28T22:01:02.2073920Z" end-time="2024-06-28T22:01:04.0819110Z" duration="1.874520" asserts="20" />
                <test-case id="1-1381" name="ScatteredAreas(PlayersWorlds.Maps.Maze.WilsonsMazeGenerator,Hall,ThreeQuarters)" fullname="PlayersWorlds.Maps.Maze.MazeGeneratorAreasTest.ScatteredAreas(PlayersWorlds.Maps.Maze.WilsonsMazeGenerator,Hall,ThreeQuarters)" methodname="ScatteredAreas" classname="PlayersWorlds.Maps.Maze.MazeGeneratorAreasTest" runstate="Runnable" seed="906314044" result="Passed" start-time="2024-06-28T22:01:04.0819300Z" end-time="2024-06-28T22:01:05.9696120Z" duration="1.887682" asserts="20" />
                <test-case id="1-1382" name="ScatteredAreas(PlayersWorlds.Maps.Maze.WilsonsMazeGenerator,Hall,NinetyPercent)" fullname="PlayersWorlds.Maps.Maze.MazeGeneratorAreasTest.ScatteredAreas(PlayersWorlds.Maps.Maze.WilsonsMazeGenerator,Hall,NinetyPercent)" methodname="ScatteredAreas" classname="PlayersWorlds.Maps.Maze.MazeGeneratorAreasTest" runstate="Runnable" seed="888617752" result="Passed" start-time="2024-06-28T22:01:05.9696390Z" end-time="2024-06-28T22:01:07.8594170Z" duration="1.889777" asserts="20" />
                <test-case id="1-1383" name="ScatteredAreas(PlayersWorlds.Maps.Maze.WilsonsMazeGenerator,Hall,FullWidth)" fullname="PlayersWorlds.Maps.Maze.MazeGeneratorAreasTest.ScatteredAreas(PlayersWorlds.Maps.Maze.WilsonsMazeGenerator,Hall,FullWidth)" methodname="ScatteredAreas" classname="PlayersWorlds.Maps.Maze.MazeGeneratorAreasTest" runstate="Runnable" seed="1227779808" result="Passed" start-time="2024-06-28T22:01:07.8594360Z" end-time="2024-06-28T22:01:09.7490020Z" duration="1.889566" asserts="20" />
                <test-case id="1-1384" name="ScatteredAreas(PlayersWorlds.Maps.Maze.WilsonsMazeGenerator,Hall,FullHeight)" fullname="PlayersWorlds.Maps.Maze.MazeGeneratorAreasTest.ScatteredAreas(PlayersWorlds.Maps.Maze.WilsonsMazeGenerator,Hall,FullHeight)" methodname="ScatteredAreas" classname="PlayersWorlds.Maps.Maze.MazeGeneratorAreasTest" runstate="Runnable" seed="704465341" result="Passed" start-time="2024-06-28T22:01:09.7490320Z" end-time="2024-06-28T22:01:11.6513890Z" duration="1.902358" asserts="20" />
                <test-case id="1-1385" name="ScatteredAreas(PlayersWorlds.Maps.Maze.WilsonsMazeGenerator,Hall,Full)" fullname="PlayersWorlds.Maps.Maze.MazeGeneratorAreasTest.ScatteredAreas(PlayersWorlds.Maps.Maze.WilsonsMazeGenerator,Hall,Full)" methodname="ScatteredAreas" classname="PlayersWorlds.Maps.Maze.MazeGeneratorAreasTest" runstate="Runnable" seed="813819122" result="Passed" start-time="2024-06-28T22:01:11.6514190Z" end-time="2024-06-28T22:01:13.5331610Z" duration="1.881742" asserts="20" />
                <test-case id="1-1386" name="ScatteredAreas(PlayersWorlds.Maps.Maze.WilsonsMazeGenerator,Fill,Quarter)" fullname="PlayersWorlds.Maps.Maze.MazeGeneratorAreasTest.ScatteredAreas(PlayersWorlds.Maps.Maze.WilsonsMazeGenerator,Fill,Quarter)" methodname="ScatteredAreas" classname="PlayersWorlds.Maps.Maze.MazeGeneratorAreasTest" runstate="Runnable" seed="18843153" result="Skipped" label="Ignored" start-time="2024-06-28T22:01:13.5331800Z" end-time="2024-06-28T22:01:13.5333360Z" duration="0.000156" asserts="0" />
                <test-case id="1-1387" name="ScatteredAreas(PlayersWorlds.Maps.Maze.WilsonsMazeGenerator,Fill,Half)" fullname="PlayersWorlds.Maps.Maze.MazeGeneratorAreasTest.ScatteredAreas(PlayersWorlds.Maps.Maze.WilsonsMazeGenerator,Fill,Half)" methodname="ScatteredAreas" classname="PlayersWorlds.Maps.Maze.MazeGeneratorAreasTest" runstate="Runnable" seed="1880057978" result="Skipped" label="Ignored" start-time="2024-06-28T22:01:13.5333420Z" end-time="2024-06-28T22:01:13.5334070Z" duration="0.000065" asserts="0" />
                <test-case id="1-1388" name="ScatteredAreas(PlayersWorlds.Maps.Maze.WilsonsMazeGenerator,Fill,ThreeQuarters)" fullname="PlayersWorlds.Maps.Maze.MazeGeneratorAreasTest.ScatteredAreas(PlayersWorlds.Maps.Maze.WilsonsMazeGenerator,Fill,ThreeQuarters)" methodname="ScatteredAreas" classname="PlayersWorlds.Maps.Maze.MazeGeneratorAreasTest" runstate="Runnable" seed="1626425394" result="Skipped" label="Ignored" start-time="2024-06-28T22:01:13.5334120Z" end-time="2024-06-28T22:01:13.5334680Z" duration="0.000056" asserts="0" />
                <test-case id="1-1389" name="ScatteredAreas(PlayersWorlds.Maps.Maze.WilsonsMazeGenerator,Fill,NinetyPercent)" fullname="PlayersWorlds.Maps.Maze.MazeGeneratorAreasTest.ScatteredAreas(PlayersWorlds.Maps.Maze.WilsonsMazeGenerator,Fill,NinetyPercent)" methodname="ScatteredAreas" classname="PlayersWorlds.Maps.Maze.MazeGeneratorAreasTest" runstate="Runnable" seed="1849296074" result="Skipped" label="Ignored" start-time="2024-06-28T22:01:13.5334730Z" end-time="2024-06-28T22:01:13.5335260Z" duration="0.000053" asserts="0" />
                <test-case id="1-1390" name="ScatteredAreas(PlayersWorlds.Maps.Maze.WilsonsMazeGenerator,Fill,FullWidth)" fullname="PlayersWorlds.Maps.Maze.MazeGeneratorAreasTest.ScatteredAreas(PlayersWorlds.Maps.Maze.WilsonsMazeGenerator,Fill,FullWidth)" methodname="ScatteredAreas" classname="PlayersWorlds.Maps.Maze.MazeGeneratorAreasTest" runstate="Runnable" seed="1273535901" result="Skipped" label="Ignored" start-time="2024-06-28T22:01:13.5335310Z" end-time="2024-06-28T22:01:13.5335830Z" duration="0.000052" asserts="0" />
                <test-case id="1-1391" name="ScatteredAreas(PlayersWorlds.Maps.Maze.WilsonsMazeGenerator,Fill,FullHeight)" fullname="PlayersWorlds.Maps.Maze.MazeGeneratorAreasTest.ScatteredAreas(PlayersWorlds.Maps.Maze.WilsonsMazeGenerator,Fill,FullHeight)" methodname="ScatteredAreas" classname="PlayersWorlds.Maps.Maze.MazeGeneratorAreasTest" runstate="Runnable" seed="108715814" result="Skipped" label="Ignored" start-time="2024-06-28T22:01:13.5335880Z" end-time="2024-06-28T22:01:13.5336390Z" duration="0.000051" asserts="0" />
                <test-case id="1-1392" name="ScatteredAreas(PlayersWorlds.Maps.Maze.WilsonsMazeGenerator,Fill,Full)" fullname="PlayersWorlds.Maps.Maze.MazeGeneratorAreasTest.ScatteredAreas(PlayersWorlds.Maps.Maze.WilsonsMazeGenerator,Fill,Full)" methodname="ScatteredAreas" classname="PlayersWorlds.Maps.Maze.MazeGeneratorAreasTest" runstate="Runnable" seed="1457302683" result="Skipped" label="Ignored" start-time="2024-06-28T22:01:13.5336440Z" end-time="2024-06-28T22:01:13.5336950Z" duration="0.000051" asserts="0" />
              </test-suite>
              <test-suite type="ParameterizedMethod" id="1-1245" name="TwoMatchingAreas" fullname="PlayersWorlds.Maps.Maze.MazeGeneratorAreasTest.TwoMatchingAreas" classname="PlayersWorlds.Maps.Maze.MazeGeneratorAreasTest" runstate="Runnable" testcasecount="18" result="Passed" start-time="2024-06-28T22:01:13.5337380Z" end-time="2024-06-28T22:01:13.9649950Z" duration="0.431257" total="18" passed="18" failed="0" warnings="0" inconclusive="0" skipped="0" asserts="1080">
                <properties>
                  <property name="Repeat" value="10" />
                  <property name="Category" value="Integration" />
                </properties>
                <test-case id="1-1227" name="TwoMatchingAreas(PlayersWorlds.Maps.Maze.AldousBroderMazeGenerator,Cave)" fullname="PlayersWorlds.Maps.Maze.MazeGeneratorAreasTest.TwoMatchingAreas(PlayersWorlds.Maps.Maze.AldousBroderMazeGenerator,Cave)" methodname="TwoMatchingAreas" classname="PlayersWorlds.Maps.Maze.MazeGeneratorAreasTest" runstate="Runnable" seed="593495677" result="Passed" start-time="2024-06-28T22:01:13.5337500Z" end-time="2024-06-28T22:01:13.5617760Z" duration="0.028027" asserts="60" />
                <test-case id="1-1228" name="TwoMatchingAreas(PlayersWorlds.Maps.Maze.AldousBroderMazeGenerator,Hall)" fullname="PlayersWorlds.Maps.Maze.MazeGeneratorAreasTest.TwoMatchingAreas(PlayersWorlds.Maps.Maze.AldousBroderMazeGenerator,Hall)" methodname="TwoMatchingAreas" classname="PlayersWorlds.Maps.Maze.MazeGeneratorAreasTest" runstate="Runnable" seed="353456050" result="Passed" start-time="2024-06-28T22:01:13.5617930Z" end-time="2024-06-28T22:01:13.5882300Z" duration="0.026437" asserts="60" />
                <test-case id="1-1229" name="TwoMatchingAreas(PlayersWorlds.Maps.Maze.AldousBroderMazeGenerator,Fill)" fullname="PlayersWorlds.Maps.Maze.MazeGeneratorAreasTest.TwoMatchingAreas(PlayersWorlds.Maps.Maze.AldousBroderMazeGenerator,Fill)" methodname="TwoMatchingAreas" classname="PlayersWorlds.Maps.Maze.MazeGeneratorAreasTest" runstate="Runnable" seed="101629159" result="Passed" start-time="2024-06-28T22:01:13.5882440Z" end-time="2024-06-28T22:01:13.6124860Z" duration="0.024242" asserts="60" />
                <test-case id="1-1230" name="TwoMatchingAreas(PlayersWorlds.Maps.Maze.BinaryTreeMazeGenerator,Cave)" fullname="PlayersWorlds.Maps.Maze.MazeGeneratorAreasTest.TwoMatchingAreas(PlayersWorlds.Maps.Maze.BinaryTreeMazeGenerator,Cave)" methodname="TwoMatchingAreas" classname="PlayersWorlds.Maps.Maze.MazeGeneratorAreasTest" runstate="Runnable" seed="1141731088" result="Passed" start-time="2024-06-28T22:01:13.6124980Z" end-time="2024-06-28T22:01:13.6367110Z" duration="0.024213" asserts="60" />
                <test-case id="1-1231" name="TwoMatchingAreas(PlayersWorlds.Maps.Maze.BinaryTreeMazeGenerator,Hall)" fullname="PlayersWorlds.Maps.Maze.MazeGeneratorAreasTest.TwoMatchingAreas(PlayersWorlds.Maps.Maze.BinaryTreeMazeGenerator,Hall)" methodname="TwoMatchingAreas" classname="PlayersWorlds.Maps.Maze.MazeGeneratorAreasTest" runstate="Runnable" seed="370464761" result="Passed" start-time="2024-06-28T22:01:13.6367240Z" end-time="2024-06-28T22:01:13.6605800Z" duration="0.023856" asserts="60" />
                <test-case id="1-1232" name="TwoMatchingAreas(PlayersWorlds.Maps.Maze.BinaryTreeMazeGenerator,Fill)" fullname="PlayersWorlds.Maps.Maze.MazeGeneratorAreasTest.TwoMatchingAreas(PlayersWorlds.Maps.Maze.BinaryTreeMazeGenerator,Fill)" methodname="TwoMatchingAreas" classname="PlayersWorlds.Maps.Maze.MazeGeneratorAreasTest" runstate="Runnable" seed="1186109617" result="Passed" start-time="2024-06-28T22:01:13.6605920Z" end-time="2024-06-28T22:01:13.6823930Z" duration="0.021801" asserts="60" />
                <test-case id="1-1233" name="TwoMatchingAreas(PlayersWorlds.Maps.Maze.HuntAndKillMazeGenerator,Cave)" fullname="PlayersWorlds.Maps.Maze.MazeGeneratorAreasTest.TwoMatchingAreas(PlayersWorlds.Maps.Maze.HuntAndKillMazeGenerator,Cave)" methodname="TwoMatchingAreas" classname="PlayersWorlds.Maps.Maze.MazeGeneratorAreasTest" runstate="Runnable" seed="839648839" result="Passed" start-time="2024-06-28T22:01:13.6824170Z" end-time="2024-06-28T22:01:13.7063440Z" duration="0.023927" asserts="60" />
                <test-case id="1-1234" name="TwoMatchingAreas(PlayersWorlds.Maps.Maze.HuntAndKillMazeGenerator,Hall)" fullname="PlayersWorlds.Maps.Maze.MazeGeneratorAreasTest.TwoMatchingAreas(PlayersWorlds.Maps.Maze.HuntAndKillMazeGenerator,Hall)" methodname="TwoMatchingAreas" classname="PlayersWorlds.Maps.Maze.MazeGeneratorAreasTest" runstate="Runnable" seed="1164838538" result="Passed" start-time="2024-06-28T22:01:13.7063560Z" end-time="2024-06-28T22:01:13.7298270Z" duration="0.023471" asserts="60" />
                <test-case id="1-1235" name="TwoMatchingAreas(PlayersWorlds.Maps.Maze.HuntAndKillMazeGenerator,Fill)" fullname="PlayersWorlds.Maps.Maze.MazeGeneratorAreasTest.TwoMatchingAreas(PlayersWorlds.Maps.Maze.HuntAndKillMazeGenerator,Fill)" methodname="TwoMatchingAreas" classname="PlayersWorlds.Maps.Maze.MazeGeneratorAreasTest" runstate="Runnable" seed="664286325" result="Passed" start-time="2024-06-28T22:01:13.7298430Z" end-time="2024-06-28T22:01:13.7518930Z" duration="0.022050" asserts="60" />
                <test-case id="1-1236" name="TwoMatchingAreas(PlayersWorlds.Maps.Maze.RecursiveBacktrackerMazeGenerator,Cave)" fullname="PlayersWorlds.Maps.Maze.MazeGeneratorAreasTest.TwoMatchingAreas(PlayersWorlds.Maps.Maze.RecursiveBacktrackerMazeGenerator,Cave)" methodname="TwoMatchingAreas" classname="PlayersWorlds.Maps.Maze.MazeGeneratorAreasTest" runstate="Runnable" seed="411858963" result="Passed" start-time="2024-06-28T22:01:13.7519080Z" end-time="2024-06-28T22:01:13.7755880Z" duration="0.023681" asserts="60" />
                <test-case id="1-1237" name="TwoMatchingAreas(PlayersWorlds.Maps.Maze.RecursiveBacktrackerMazeGenerator,Hall)" fullname="PlayersWorlds.Maps.Maze.MazeGeneratorAreasTest.TwoMatchingAreas(PlayersWorlds.Maps.Maze.RecursiveBacktrackerMazeGenerator,Hall)" methodname="TwoMatchingAreas" classname="PlayersWorlds.Maps.Maze.MazeGeneratorAreasTest" runstate="Runnable" seed="732988148" result="Passed" start-time="2024-06-28T22:01:13.7756000Z" end-time="2024-06-28T22:01:13.7994120Z" duration="0.023812" asserts="60" />
                <test-case id="1-1238" name="TwoMatchingAreas(PlayersWorlds.Maps.Maze.RecursiveBacktrackerMazeGenerator,Fill)" fullname="PlayersWorlds.Maps.Maze.MazeGeneratorAreasTest.TwoMatchingAreas(PlayersWorlds.Maps.Maze.RecursiveBacktrackerMazeGenerator,Fill)" methodname="TwoMatchingAreas" classname="PlayersWorlds.Maps.Maze.MazeGeneratorAreasTest" runstate="Runnable" seed="913605640" result="Passed" start-time="2024-06-28T22:01:13.7994240Z" end-time="2024-06-28T22:01:13.8210050Z" duration="0.021581" asserts="60" />
                <test-case id="1-1239" name="TwoMatchingAreas(PlayersWorlds.Maps.Maze.SidewinderMazeGenerator,Cave)" fullname="PlayersWorlds.Maps.Maze.MazeGeneratorAreasTest.TwoMatchingAreas(PlayersWorlds.Maps.Maze.SidewinderMazeGenerator,Cave)" methodname="TwoMatchingAreas" classname="PlayersWorlds.Maps.Maze.MazeGeneratorAreasTest" runstate="Runnable" seed="1287078202" result="Passed" start-time="2024-06-28T22:01:13.8210160Z" end-time="2024-06-28T22:01:13.8457680Z" duration="0.024752" asserts="60" />
                <test-case id="1-1240" name="TwoMatchingAreas(PlayersWorlds.Maps.Maze.SidewinderMazeGenerator,Hall)" fullname="PlayersWorlds.Maps.Maze.MazeGeneratorAreasTest.TwoMatchingAreas(PlayersWorlds.Maps.Maze.SidewinderMazeGenerator,Hall)" methodname="TwoMatchingAreas" classname="PlayersWorlds.Maps.Maze.MazeGeneratorAreasTest" runstate="Runnable" seed="1516184240" result="Passed" start-time="2024-06-28T22:01:13.8457800Z" end-time="2024-06-28T22:01:13.8700430Z" duration="0.024263" asserts="60" />
                <test-case id="1-1241" name="TwoMatchingAreas(PlayersWorlds.Maps.Maze.SidewinderMazeGenerator,Fill)" fullname="PlayersWorlds.Maps.Maze.MazeGeneratorAreasTest.TwoMatchingAreas(PlayersWorlds.Maps.Maze.SidewinderMazeGenerator,Fill)" methodname="TwoMatchingAreas" classname="PlayersWorlds.Maps.Maze.MazeGeneratorAreasTest" runstate="Runnable" seed="815124671" result="Passed" start-time="2024-06-28T22:01:13.8700540Z" end-time="2024-06-28T22:01:13.8922810Z" duration="0.022227" asserts="60" />
                <test-case id="1-1242" name="TwoMatchingAreas(PlayersWorlds.Maps.Maze.WilsonsMazeGenerator,Cave)" fullname="PlayersWorlds.Maps.Maze.MazeGeneratorAreasTest.TwoMatchingAreas(PlayersWorlds.Maps.Maze.WilsonsMazeGenerator,Cave)" methodname="TwoMatchingAreas" classname="PlayersWorlds.Maps.Maze.MazeGeneratorAreasTest" runstate="Runnable" seed="1855806677" result="Passed" start-time="2024-06-28T22:01:13.8922930Z" end-time="2024-06-28T22:01:13.9175050Z" duration="0.025213" asserts="60" />
                <test-case id="1-1243" name="TwoMatchingAreas(PlayersWorlds.Maps.Maze.WilsonsMazeGenerator,Hall)" fullname="PlayersWorlds.Maps.Maze.MazeGeneratorAreasTest.TwoMatchingAreas(PlayersWorlds.Maps.Maze.WilsonsMazeGenerator,Hall)" methodname="TwoMatchingAreas" classname="PlayersWorlds.Maps.Maze.MazeGeneratorAreasTest" runstate="Runnable" seed="7570170" result="Passed" start-time="2024-06-28T22:01:13.9175170Z" end-time="2024-06-28T22:01:13.9424490Z" duration="0.024932" asserts="60" />
                <test-case id="1-1244" name="TwoMatchingAreas(PlayersWorlds.Maps.Maze.WilsonsMazeGenerator,Fill)" fullname="PlayersWorlds.Maps.Maze.MazeGeneratorAreasTest.TwoMatchingAreas(PlayersWorlds.Maps.Maze.WilsonsMazeGenerator,Fill)" methodname="TwoMatchingAreas" classname="PlayersWorlds.Maps.Maze.MazeGeneratorAreasTest" runstate="Runnable" seed="361308343" result="Passed" start-time="2024-06-28T22:01:13.9424600Z" end-time="2024-06-28T22:01:13.9649790Z" duration="0.022519" asserts="60" />
              </test-suite>
              <test-case id="1-1266" name="WilsonsHalls" fullname="PlayersWorlds.Maps.Maze.MazeGeneratorAreasTest.WilsonsHalls" methodname="WilsonsHalls" classname="PlayersWorlds.Maps.Maze.MazeGeneratorAreasTest" runstate="Runnable" seed="219116260" result="Passed" start-time="2024-06-28T22:01:13.9650090Z" end-time="2024-06-28T22:01:14.1683990Z" duration="0.203390" asserts="10">
                <properties>
                  <property name="Repeat" value="10" />
                  <property name="Category" value="Integration" />
                </properties>
              </test-case>
            </test-suite>
            <test-suite type="TestFixture" id="1-1395" name="MazeGeneratorTest" fullname="PlayersWorlds.Maps.Maze.MazeGeneratorTest" classname="PlayersWorlds.Maps.Maze.MazeGeneratorTest" runstate="Runnable" testcasecount="528" result="Skipped" label="Ignored" site="Child" start-time="2024-06-28T22:01:14.1684480Z" end-time="2024-06-28T22:01:20.5168140Z" duration="6.348365" total="528" passed="383" failed="0" warnings="0" inconclusive="0" skipped="145" asserts="1877">
              <reason>
                <message><![CDATA[One or more child tests were ignored]]></message>
              </reason>
              <test-suite type="ParameterizedMethod" id="1-1926" name="CanFindPaths" fullname="PlayersWorlds.Maps.Maze.MazeGeneratorTest.CanFindPaths" classname="PlayersWorlds.Maps.Maze.MazeGeneratorTest" runstate="Runnable" testcasecount="6" result="Passed" start-time="2024-06-28T22:01:14.1686200Z" end-time="2024-06-28T22:01:14.1747060Z" duration="0.006087" total="6" passed="6" failed="0" warnings="0" inconclusive="0" skipped="0" asserts="24">
                <properties>
                  <property name="Category" value="Integration" />
                </properties>
                <test-case id="1-1920" name="CanFindPaths(PlayersWorlds.Maps.Maze.AldousBroderMazeGenerator)" fullname="PlayersWorlds.Maps.Maze.MazeGeneratorTest.CanFindPaths(PlayersWorlds.Maps.Maze.AldousBroderMazeGenerator)" methodname="CanFindPaths" classname="PlayersWorlds.Maps.Maze.MazeGeneratorTest" runstate="Runnable" seed="1760812225" result="Passed" start-time="2024-06-28T22:01:14.1686360Z" end-time="2024-06-28T22:01:14.1702080Z" duration="0.001572" asserts="4" />
                <test-case id="1-1921" name="CanFindPaths(PlayersWorlds.Maps.Maze.BinaryTreeMazeGenerator)" fullname="PlayersWorlds.Maps.Maze.MazeGeneratorTest.CanFindPaths(PlayersWorlds.Maps.Maze.BinaryTreeMazeGenerator)" methodname="CanFindPaths" classname="PlayersWorlds.Maps.Maze.MazeGeneratorTest" runstate="Runnable" seed="1604178607" result="Passed" start-time="2024-06-28T22:01:14.1702170Z" end-time="2024-06-28T22:01:14.1710400Z" duration="0.000823" asserts="4" />
                <test-case id="1-1922" name="CanFindPaths(PlayersWorlds.Maps.Maze.HuntAndKillMazeGenerator)" fullname="PlayersWorlds.Maps.Maze.MazeGeneratorTest.CanFindPaths(PlayersWorlds.Maps.Maze.HuntAndKillMazeGenerator)" methodname="CanFindPaths" classname="PlayersWorlds.Maps.Maze.MazeGeneratorTest" runstate="Runnable" seed="1231632352" result="Passed" start-time="2024-06-28T22:01:14.1710490Z" end-time="2024-06-28T22:01:14.1718630Z" duration="0.000814" asserts="4" />
                <test-case id="1-1923" name="CanFindPaths(PlayersWorlds.Maps.Maze.RecursiveBacktrackerMazeGenerator)" fullname="PlayersWorlds.Maps.Maze.MazeGeneratorTest.CanFindPaths(PlayersWorlds.Maps.Maze.RecursiveBacktrackerMazeGenerator)" methodname="CanFindPaths" classname="PlayersWorlds.Maps.Maze.MazeGeneratorTest" runstate="Runnable" seed="654272251" result="Passed" start-time="2024-06-28T22:01:14.1718700Z" end-time="2024-06-28T22:01:14.1731090Z" duration="0.001238" asserts="4" />
                <test-case id="1-1924" name="CanFindPaths(PlayersWorlds.Maps.Maze.SidewinderMazeGenerator)" fullname="PlayersWorlds.Maps.Maze.MazeGeneratorTest.CanFindPaths(PlayersWorlds.Maps.Maze.SidewinderMazeGenerator)" methodname="CanFindPaths" classname="PlayersWorlds.Maps.Maze.MazeGeneratorTest" runstate="Runnable" seed="868294139" result="Passed" start-time="2024-06-28T22:01:14.1731200Z" end-time="2024-06-28T22:01:14.1739100Z" duration="0.000790" asserts="4" />
                <test-case id="1-1925" name="CanFindPaths(PlayersWorlds.Maps.Maze.WilsonsMazeGenerator)" fullname="PlayersWorlds.Maps.Maze.MazeGeneratorTest.CanFindPaths(PlayersWorlds.Maps.Maze.WilsonsMazeGenerator)" methodname="CanFindPaths" classname="PlayersWorlds.Maps.Maze.MazeGeneratorTest" runstate="Runnable" seed="296432606" result="Passed" start-time="2024-06-28T22:01:14.1739200Z" end-time="2024-06-28T22:01:14.1746950Z" duration="0.000775" asserts="4" />
              </test-suite>
              <test-suite type="ParameterizedMethod" id="1-1403" name="CanGenerateMazes" fullname="PlayersWorlds.Maps.Maze.MazeGeneratorTest.CanGenerateMazes" classname="PlayersWorlds.Maps.Maze.MazeGeneratorTest" runstate="Runnable" testcasecount="6" result="Passed" start-time="2024-06-28T22:01:14.1747170Z" end-time="2024-06-28T22:01:14.4795270Z" duration="0.304810" total="6" passed="6" failed="0" warnings="0" inconclusive="0" skipped="0" asserts="18">
                <test-case id="1-1397" name="CanGenerateMazes(PlayersWorlds.Maps.Maze.AldousBroderMazeGenerator)" fullname="PlayersWorlds.Maps.Maze.MazeGeneratorTest.CanGenerateMazes(PlayersWorlds.Maps.Maze.AldousBroderMazeGenerator)" methodname="CanGenerateMazes" classname="PlayersWorlds.Maps.Maze.MazeGeneratorTest" runstate="Runnable" seed="1939129116" result="Passed" start-time="2024-06-28T22:01:14.1747250Z" end-time="2024-06-28T22:01:14.2327000Z" duration="0.057975" asserts="3" />
                <test-case id="1-1398" name="CanGenerateMazes(PlayersWorlds.Maps.Maze.BinaryTreeMazeGenerator)" fullname="PlayersWorlds.Maps.Maze.MazeGeneratorTest.CanGenerateMazes(PlayersWorlds.Maps.Maze.BinaryTreeMazeGenerator)" methodname="CanGenerateMazes" classname="PlayersWorlds.Maps.Maze.MazeGeneratorTest" runstate="Runnable" seed="681570559" result="Passed" start-time="2024-06-28T22:01:14.2327250Z" end-time="2024-06-28T22:01:14.2820080Z" duration="0.049283" asserts="3" />
                <test-case id="1-1399" name="CanGenerateMazes(PlayersWorlds.Maps.Maze.HuntAndKillMazeGenerator)" fullname="PlayersWorlds.Maps.Maze.MazeGeneratorTest.CanGenerateMazes(PlayersWorlds.Maps.Maze.HuntAndKillMazeGenerator)" methodname="CanGenerateMazes" classname="PlayersWorlds.Maps.Maze.MazeGeneratorTest" runstate="Runnable" seed="1640519340" result="Passed" start-time="2024-06-28T22:01:14.2820250Z" end-time="2024-06-28T22:01:14.3306430Z" duration="0.048617" asserts="3" />
                <test-case id="1-1400" name="CanGenerateMazes(PlayersWorlds.Maps.Maze.RecursiveBacktrackerMazeGenerator)" fullname="PlayersWorlds.Maps.Maze.MazeGeneratorTest.CanGenerateMazes(PlayersWorlds.Maps.Maze.RecursiveBacktrackerMazeGenerator)" methodname="CanGenerateMazes" classname="PlayersWorlds.Maps.Maze.MazeGeneratorTest" runstate="Runnable" seed="428358885" result="Passed" start-time="2024-06-28T22:01:14.3306570Z" end-time="2024-06-28T22:01:14.3798800Z" duration="0.049223" asserts="3" />
                <test-case id="1-1401" name="CanGenerateMazes(PlayersWorlds.Maps.Maze.SidewinderMazeGenerator)" fullname="PlayersWorlds.Maps.Maze.MazeGeneratorTest.CanGenerateMazes(PlayersWorlds.Maps.Maze.SidewinderMazeGenerator)" methodname="CanGenerateMazes" classname="PlayersWorlds.Maps.Maze.MazeGeneratorTest" runstate="Runnable" seed="1095170891" result="Passed" start-time="2024-06-28T22:01:14.3798930Z" end-time="2024-06-28T22:01:14.4292390Z" duration="0.049346" asserts="3" />
                <test-case id="1-1402" name="CanGenerateMazes(PlayersWorlds.Maps.Maze.WilsonsMazeGenerator)" fullname="PlayersWorlds.Maps.Maze.MazeGeneratorTest.CanGenerateMazes(PlayersWorlds.Maps.Maze.WilsonsMazeGenerator)" methodname="CanGenerateMazes" classname="PlayersWorlds.Maps.Maze.MazeGeneratorTest" runstate="Runnable" seed="305578631" result="Passed" start-time="2024-06-28T22:01:14.4292540Z" end-time="2024-06-28T22:01:14.4795090Z" duration="0.050255" asserts="3" />
              </test-suite>
              <test-case id="1-1404" name="CanGenerateMazes_Debug" fullname="PlayersWorlds.Maps.Maze.MazeGeneratorTest.CanGenerateMazes_Debug" methodname="CanGenerateMazes_Debug" classname="PlayersWorlds.Maps.Maze.MazeGeneratorTest" runstate="Runnable" seed="1397010394" result="Passed" start-time="2024-06-28T22:01:14.4795410Z" end-time="2024-06-28T22:01:14.5315490Z" duration="0.052009" asserts="3" />
              <test-case id="1-1396" name="CanUseCustomAreaGenerator" fullname="PlayersWorlds.Maps.Maze.MazeGeneratorTest.CanUseCustomAreaGenerator" methodname="CanUseCustomAreaGenerator" classname="PlayersWorlds.Maps.Maze.MazeGeneratorTest" runstate="Runnable" seed="581548206" result="Passed" start-time="2024-06-28T22:01:14.5315660Z" end-time="2024-06-28T22:01:14.5547240Z" duration="0.023158" asserts="5" />
              <test-suite type="ParameterizedMethod" id="1-1917" name="IsFillComplete" fullname="PlayersWorlds.Maps.Maze.MazeGeneratorTest.IsFillComplete" classname="PlayersWorlds.Maps.Maze.MazeGeneratorTest" runstate="Runnable" testcasecount="504" result="Skipped" label="Ignored" site="Child" start-time="2024-06-28T22:01:14.5547500Z" end-time="2024-06-28T22:01:20.4539470Z" duration="5.899197" total="504" passed="360" failed="0" warnings="0" inconclusive="0" skipped="144" asserts="1800">
                <properties>
                  <property name="Category" value="Integration" />
                </properties>
                <reason>
                  <message><![CDATA[One or more child tests were ignored]]></message>
                </reason>
                <test-case id="1-1413" name="IsFillComplete(PlayersWorlds.Maps.Maze.AldousBroderMazeGenerator,Quarter,Auto,null)" fullname="PlayersWorlds.Maps.Maze.MazeGeneratorTest.IsFillComplete(PlayersWorlds.Maps.Maze.AldousBroderMazeGenerator,Quarter,Auto,null)" methodname="IsFillComplete" classname="PlayersWorlds.Maps.Maze.MazeGeneratorTest" runstate="Runnable" seed="1933726746" result="Passed" start-time="2024-06-28T22:01:14.5547650Z" end-time="2024-06-28T22:01:14.5663680Z" duration="0.011603" asserts="5" />
                <test-case id="1-1414" name="IsFillComplete(PlayersWorlds.Maps.Maze.AldousBroderMazeGenerator,Quarter,Auto,System.Collections.Generic.List`1[PlayersWorlds.Maps.Area])" fullname="PlayersWorlds.Maps.Maze.MazeGeneratorTest.IsFillComplete(PlayersWorlds.Maps.Maze.AldousBroderMazeGenerator,Quarter,Auto,System.Collections.Generic.List`1[PlayersWorlds.Maps.Area])" methodname="IsFillComplete" classname="PlayersWorlds.Maps.Maze.MazeGeneratorTest" runstate="Runnable" seed="1101232798" result="Passed" start-time="2024-06-28T22:01:14.5663900Z" end-time="2024-06-28T22:01:14.5773740Z" duration="0.010983" asserts="5" />
                <test-case id="1-1415" name="IsFillComplete(PlayersWorlds.Maps.Maze.AldousBroderMazeGenerator,Quarter,Auto,System.Collections.Generic.List`1[PlayersWorlds.Maps.Area])" fullname="PlayersWorlds.Maps.Maze.MazeGeneratorTest.IsFillComplete(PlayersWorlds.Maps.Maze.AldousBroderMazeGenerator,Quarter,Auto,System.Collections.Generic.List`1[PlayersWorlds.Maps.Area])" methodname="IsFillComplete" classname="PlayersWorlds.Maps.Maze.MazeGeneratorTest" runstate="Runnable" seed="1490409710" result="Passed" start-time="2024-06-28T22:01:14.5773860Z" end-time="2024-06-28T22:01:14.5998660Z" duration="0.022481" asserts="5" />
                <test-case id="1-1416" name="IsFillComplete(PlayersWorlds.Maps.Maze.AldousBroderMazeGenerator,Quarter,Auto,System.Collections.Generic.List`1[PlayersWorlds.Maps.Area])" fullname="PlayersWorlds.Maps.Maze.MazeGeneratorTest.IsFillComplete(PlayersWorlds.Maps.Maze.AldousBroderMazeGenerator,Quarter,Auto,System.Collections.Generic.List`1[PlayersWorlds.Maps.Area])" methodname="IsFillComplete" classname="PlayersWorlds.Maps.Maze.MazeGeneratorTest" runstate="Runnable" seed="1219077252" result="Passed" start-time="2024-06-28T22:01:14.5998780Z" end-time="2024-06-28T22:01:14.6277330Z" duration="0.027855" asserts="5" />
                <test-case id="1-1417" name="IsFillComplete(PlayersWorlds.Maps.Maze.AldousBroderMazeGenerator,Quarter,Auto,System.Collections.Generic.List`1[PlayersWorlds.Maps.Area])" fullname="PlayersWorlds.Maps.Maze.MazeGeneratorTest.IsFillComplete(PlayersWorlds.Maps.Maze.AldousBroderMazeGenerator,Quarter,Auto,System.Collections.Generic.List`1[PlayersWorlds.Maps.Area])" methodname="IsFillComplete" classname="PlayersWorlds.Maps.Maze.MazeGeneratorTest" runstate="Runnable" seed="1376516915" result="Passed" start-time="2024-06-28T22:01:14.6277450Z" end-time="2024-06-28T22:01:14.6506980Z" duration="0.022953" asserts="5" />
                <test-case id="1-1418" name="IsFillComplete(PlayersWorlds.Maps.Maze.AldousBroderMazeGenerator,Quarter,Auto,System.Collections.Generic.List`1[PlayersWorlds.Maps.Area])" fullname="PlayersWorlds.Maps.Maze.MazeGeneratorTest.IsFillComplete(PlayersWorlds.Maps.Maze.AldousBroderMazeGenerator,Quarter,Auto,System.Collections.Generic.List`1[PlayersWorlds.Maps.Area])" methodname="IsFillComplete" classname="PlayersWorlds.Maps.Maze.MazeGeneratorTest" runstate="Runnable" seed="1153560336" result="Passed" start-time="2024-06-28T22:01:14.6507100Z" end-time="2024-06-28T22:01:14.6794310Z" duration="0.028721" asserts="5" />
                <test-case id="1-1419" name="IsFillComplete(PlayersWorlds.Maps.Maze.AldousBroderMazeGenerator,Quarter,Manual,null)" fullname="PlayersWorlds.Maps.Maze.MazeGeneratorTest.IsFillComplete(PlayersWorlds.Maps.Maze.AldousBroderMazeGenerator,Quarter,Manual,null)" methodname="IsFillComplete" classname="PlayersWorlds.Maps.Maze.MazeGeneratorTest" runstate="Runnable" seed="170723062" result="Passed" start-time="2024-06-28T22:01:14.6794430Z" end-time="2024-06-28T22:01:14.6855830Z" duration="0.006140" asserts="5" />
                <test-case id="1-1420" name="IsFillComplete(PlayersWorlds.Maps.Maze.AldousBroderMazeGenerator,Quarter,Manual,System.Collections.Generic.List`1[PlayersWorlds.Maps.Area])" fullname="PlayersWorlds.Maps.Maze.MazeGeneratorTest.IsFillComplete(PlayersWorlds.Maps.Maze.AldousBroderMazeGenerator,Quarter,Manual,System.Collections.Generic.List`1[PlayersWorlds.Maps.Area])" methodname="IsFillComplete" classname="PlayersWorlds.Maps.Maze.MazeGeneratorTest" runstate="Runnable" seed="66707992" result="Passed" start-time="2024-06-28T22:01:14.6855940Z" end-time="2024-06-28T22:01:14.6916760Z" duration="0.006082" asserts="5" />
                <test-case id="1-1421" name="IsFillComplete(PlayersWorlds.Maps.Maze.AldousBroderMazeGenerator,Quarter,Manual,System.Collections.Generic.List`1[PlayersWorlds.Maps.Area])" fullname="PlayersWorlds.Maps.Maze.MazeGeneratorTest.IsFillComplete(PlayersWorlds.Maps.Maze.AldousBroderMazeGenerator,Quarter,Manual,System.Collections.Generic.List`1[PlayersWorlds.Maps.Area])" methodname="IsFillComplete" classname="PlayersWorlds.Maps.Maze.MazeGeneratorTest" runstate="Runnable" seed="1898278697" result="Passed" start-time="2024-06-28T22:01:14.6916870Z" end-time="2024-06-28T22:01:14.6974490Z" duration="0.005762" asserts="5" />
                <test-case id="1-1422" name="IsFillComplete(PlayersWorlds.Maps.Maze.AldousBroderMazeGenerator,Quarter,Manual,System.Collections.Generic.List`1[PlayersWorlds.Maps.Area])" fullname="PlayersWorlds.Maps.Maze.MazeGeneratorTest.IsFillComplete(PlayersWorlds.Maps.Maze.AldousBroderMazeGenerator,Quarter,Manual,System.Collections.Generic.List`1[PlayersWorlds.Maps.Area])" methodname="IsFillComplete" classname="PlayersWorlds.Maps.Maze.MazeGeneratorTest" runstate="Runnable" seed="1371441964" result="Passed" start-time="2024-06-28T22:01:14.6974600Z" end-time="2024-06-28T22:01:14.7034310Z" duration="0.005972" asserts="5" />
                <test-case id="1-1423" name="IsFillComplete(PlayersWorlds.Maps.Maze.AldousBroderMazeGenerator,Quarter,Manual,System.Collections.Generic.List`1[PlayersWorlds.Maps.Area])" fullname="PlayersWorlds.Maps.Maze.MazeGeneratorTest.IsFillComplete(PlayersWorlds.Maps.Maze.AldousBroderMazeGenerator,Quarter,Manual,System.Collections.Generic.List`1[PlayersWorlds.Maps.Area])" methodname="IsFillComplete" classname="PlayersWorlds.Maps.Maze.MazeGeneratorTest" runstate="Runnable" seed="1145764172" result="Passed" start-time="2024-06-28T22:01:14.7034420Z" end-time="2024-06-28T22:01:14.7092370Z" duration="0.005795" asserts="5" />
                <test-case id="1-1424" name="IsFillComplete(PlayersWorlds.Maps.Maze.AldousBroderMazeGenerator,Quarter,Manual,System.Collections.Generic.List`1[PlayersWorlds.Maps.Area])" fullname="PlayersWorlds.Maps.Maze.MazeGeneratorTest.IsFillComplete(PlayersWorlds.Maps.Maze.AldousBroderMazeGenerator,Quarter,Manual,System.Collections.Generic.List`1[PlayersWorlds.Maps.Area])" methodname="IsFillComplete" classname="PlayersWorlds.Maps.Maze.MazeGeneratorTest" runstate="Runnable" seed="138528002" result="Passed" start-time="2024-06-28T22:01:14.7092480Z" end-time="2024-06-28T22:01:14.7150760Z" duration="0.005829" asserts="5" />
                <test-case id="1-1425" name="IsFillComplete(PlayersWorlds.Maps.Maze.AldousBroderMazeGenerator,Half,Auto,null)" fullname="PlayersWorlds.Maps.Maze.MazeGeneratorTest.IsFillComplete(PlayersWorlds.Maps.Maze.AldousBroderMazeGenerator,Half,Auto,null)" methodname="IsFillComplete" classname="PlayersWorlds.Maps.Maze.MazeGeneratorTest" runstate="Runnable" seed="890000911" result="Passed" start-time="2024-06-28T22:01:14.7150870Z" end-time="2024-06-28T22:01:14.7337420Z" duration="0.018655" asserts="5" />
                <test-case id="1-1426" name="IsFillComplete(PlayersWorlds.Maps.Maze.AldousBroderMazeGenerator,Half,Auto,System.Collections.Generic.List`1[PlayersWorlds.Maps.Area])" fullname="PlayersWorlds.Maps.Maze.MazeGeneratorTest.IsFillComplete(PlayersWorlds.Maps.Maze.AldousBroderMazeGenerator,Half,Auto,System.Collections.Generic.List`1[PlayersWorlds.Maps.Area])" methodname="IsFillComplete" classname="PlayersWorlds.Maps.Maze.MazeGeneratorTest" runstate="Runnable" seed="650020352" result="Passed" start-time="2024-06-28T22:01:14.7337530Z" end-time="2024-06-28T22:01:14.7440290Z" duration="0.010276" asserts="5" />
                <test-case id="1-1427" name="IsFillComplete(PlayersWorlds.Maps.Maze.AldousBroderMazeGenerator,Half,Auto,System.Collections.Generic.List`1[PlayersWorlds.Maps.Area])" fullname="PlayersWorlds.Maps.Maze.MazeGeneratorTest.IsFillComplete(PlayersWorlds.Maps.Maze.AldousBroderMazeGenerator,Half,Auto,System.Collections.Generic.List`1[PlayersWorlds.Maps.Area])" methodname="IsFillComplete" classname="PlayersWorlds.Maps.Maze.MazeGeneratorTest" runstate="Runnable" seed="467488354" result="Passed" start-time="2024-06-28T22:01:14.7440400Z" end-time="2024-06-28T22:01:14.7660600Z" duration="0.022020" asserts="5" />
                <test-case id="1-1428" name="IsFillComplete(PlayersWorlds.Maps.Maze.AldousBroderMazeGenerator,Half,Auto,System.Collections.Generic.List`1[PlayersWorlds.Maps.Area])" fullname="PlayersWorlds.Maps.Maze.MazeGeneratorTest.IsFillComplete(PlayersWorlds.Maps.Maze.AldousBroderMazeGenerator,Half,Auto,System.Collections.Generic.List`1[PlayersWorlds.Maps.Area])" methodname="IsFillComplete" classname="PlayersWorlds.Maps.Maze.MazeGeneratorTest" runstate="Runnable" seed="815647625" result="Passed" start-time="2024-06-28T22:01:14.7660730Z" end-time="2024-06-28T22:01:14.7960570Z" duration="0.029985" asserts="5" />
                <test-case id="1-1429" name="IsFillComplete(PlayersWorlds.Maps.Maze.AldousBroderMazeGenerator,Half,Auto,System.Collections.Generic.List`1[PlayersWorlds.Maps.Area])" fullname="PlayersWorlds.Maps.Maze.MazeGeneratorTest.IsFillComplete(PlayersWorlds.Maps.Maze.AldousBroderMazeGenerator,Half,Auto,System.Collections.Generic.List`1[PlayersWorlds.Maps.Area])" methodname="IsFillComplete" classname="PlayersWorlds.Maps.Maze.MazeGeneratorTest" runstate="Runnable" seed="1797463752" result="Passed" start-time="2024-06-28T22:01:14.7960720Z" end-time="2024-06-28T22:01:14.8405720Z" duration="0.044500" asserts="5" />
                <test-case id="1-1430" name="IsFillComplete(PlayersWorlds.Maps.Maze.AldousBroderMazeGenerator,Half,Auto,System.Collections.Generic.List`1[PlayersWorlds.Maps.Area])" fullname="PlayersWorlds.Maps.Maze.MazeGeneratorTest.IsFillComplete(PlayersWorlds.Maps.Maze.AldousBroderMazeGenerator,Half,Auto,System.Collections.Generic.List`1[PlayersWorlds.Maps.Area])" methodname="IsFillComplete" classname="PlayersWorlds.Maps.Maze.MazeGeneratorTest" runstate="Runnable" seed="1274194767" result="Passed" start-time="2024-06-28T22:01:14.8405850Z" end-time="2024-06-28T22:01:14.8697110Z" duration="0.029126" asserts="5" />
                <test-case id="1-1431" name="IsFillComplete(PlayersWorlds.Maps.Maze.AldousBroderMazeGenerator,Half,Manual,null)" fullname="PlayersWorlds.Maps.Maze.MazeGeneratorTest.IsFillComplete(PlayersWorlds.Maps.Maze.AldousBroderMazeGenerator,Half,Manual,null)" methodname="IsFillComplete" classname="PlayersWorlds.Maps.Maze.MazeGeneratorTest" runstate="Runnable" seed="2033897005" result="Passed" start-time="2024-06-28T22:01:14.8697220Z" end-time="2024-06-28T22:01:14.8765610Z" duration="0.006839" asserts="5" />
                <test-case id="1-1432" name="IsFillComplete(PlayersWorlds.Maps.Maze.AldousBroderMazeGenerator,Half,Manual,System.Collections.Generic.List`1[PlayersWorlds.Maps.Area])" fullname="PlayersWorlds.Maps.Maze.MazeGeneratorTest.IsFillComplete(PlayersWorlds.Maps.Maze.AldousBroderMazeGenerator,Half,Manual,System.Collections.Generic.List`1[PlayersWorlds.Maps.Area])" methodname="IsFillComplete" classname="PlayersWorlds.Maps.Maze.MazeGeneratorTest" runstate="Runnable" seed="2057113978" result="Passed" start-time="2024-06-28T22:01:14.8765720Z" end-time="2024-06-28T22:01:14.8828200Z" duration="0.006248" asserts="5" />
                <test-case id="1-1433" name="IsFillComplete(PlayersWorlds.Maps.Maze.AldousBroderMazeGenerator,Half,Manual,System.Collections.Generic.List`1[PlayersWorlds.Maps.Area])" fullname="PlayersWorlds.Maps.Maze.MazeGeneratorTest.IsFillComplete(PlayersWorlds.Maps.Maze.AldousBroderMazeGenerator,Half,Manual,System.Collections.Generic.List`1[PlayersWorlds.Maps.Area])" methodname="IsFillComplete" classname="PlayersWorlds.Maps.Maze.MazeGeneratorTest" runstate="Runnable" seed="1289962832" result="Passed" start-time="2024-06-28T22:01:14.8828300Z" end-time="2024-06-28T22:01:14.8889090Z" duration="0.006079" asserts="5" />
                <test-case id="1-1434" name="IsFillComplete(PlayersWorlds.Maps.Maze.AldousBroderMazeGenerator,Half,Manual,System.Collections.Generic.List`1[PlayersWorlds.Maps.Area])" fullname="PlayersWorlds.Maps.Maze.MazeGeneratorTest.IsFillComplete(PlayersWorlds.Maps.Maze.AldousBroderMazeGenerator,Half,Manual,System.Collections.Generic.List`1[PlayersWorlds.Maps.Area])" methodname="IsFillComplete" classname="PlayersWorlds.Maps.Maze.MazeGeneratorTest" runstate="Runnable" seed="378576391" result="Passed" start-time="2024-06-28T22:01:14.8889180Z" end-time="2024-06-28T22:01:14.8951260Z" duration="0.006208" asserts="5" />
                <test-case id="1-1435" name="IsFillComplete(PlayersWorlds.Maps.Maze.AldousBroderMazeGenerator,Half,Manual,System.Collections.Generic.List`1[PlayersWorlds.Maps.Area])" fullname="PlayersWorlds.Maps.Maze.MazeGeneratorTest.IsFillComplete(PlayersWorlds.Maps.Maze.AldousBroderMazeGenerator,Half,Manual,System.Collections.Generic.List`1[PlayersWorlds.Maps.Area])" methodname="IsFillComplete" classname="PlayersWorlds.Maps.Maze.MazeGeneratorTest" runstate="Runnable" seed="997492951" result="Passed" start-time="2024-06-28T22:01:14.8951360Z" end-time="2024-06-28T22:01:14.9010050Z" duration="0.005869" asserts="5" />
                <test-case id="1-1436" name="IsFillComplete(PlayersWorlds.Maps.Maze.AldousBroderMazeGenerator,Half,Manual,System.Collections.Generic.List`1[PlayersWorlds.Maps.Area])" fullname="PlayersWorlds.Maps.Maze.MazeGeneratorTest.IsFillComplete(PlayersWorlds.Maps.Maze.AldousBroderMazeGenerator,Half,Manual,System.Collections.Generic.List`1[PlayersWorlds.Maps.Area])" methodname="IsFillComplete" classname="PlayersWorlds.Maps.Maze.MazeGeneratorTest" runstate="Runnable" seed="1236154655" result="Passed" start-time="2024-06-28T22:01:14.9010150Z" end-time="2024-06-28T22:01:14.9070840Z" duration="0.006069" asserts="5" />
                <test-case id="1-1437" name="IsFillComplete(PlayersWorlds.Maps.Maze.AldousBroderMazeGenerator,ThreeQuarters,Auto,null)" fullname="PlayersWorlds.Maps.Maze.MazeGeneratorTest.IsFillComplete(PlayersWorlds.Maps.Maze.AldousBroderMazeGenerator,ThreeQuarters,Auto,null)" methodname="IsFillComplete" classname="PlayersWorlds.Maps.Maze.MazeGeneratorTest" runstate="Runnable" seed="680935815" result="Passed" start-time="2024-06-28T22:01:14.9070940Z" end-time="2024-06-28T22:01:14.9195920Z" duration="0.012498" asserts="5" />
                <test-case id="1-1438" name="IsFillComplete(PlayersWorlds.Maps.Maze.AldousBroderMazeGenerator,ThreeQuarters,Auto,System.Collections.Generic.List`1[PlayersWorlds.Maps.Area])" fullname="PlayersWorlds.Maps.Maze.MazeGeneratorTest.IsFillComplete(PlayersWorlds.Maps.Maze.AldousBroderMazeGenerator,ThreeQuarters,Auto,System.Collections.Generic.List`1[PlayersWorlds.Maps.Area])" methodname="IsFillComplete" classname="PlayersWorlds.Maps.Maze.MazeGeneratorTest" runstate="Runnable" seed="1529638475" result="Passed" start-time="2024-06-28T22:01:14.9196010Z" end-time="2024-06-28T22:01:14.9446800Z" duration="0.025079" asserts="5" />
                <test-case id="1-1439" name="IsFillComplete(PlayersWorlds.Maps.Maze.AldousBroderMazeGenerator,ThreeQuarters,Auto,System.Collections.Generic.List`1[PlayersWorlds.Maps.Area])" fullname="PlayersWorlds.Maps.Maze.MazeGeneratorTest.IsFillComplete(PlayersWorlds.Maps.Maze.AldousBroderMazeGenerator,ThreeQuarters,Auto,System.Collections.Generic.List`1[PlayersWorlds.Maps.Area])" methodname="IsFillComplete" classname="PlayersWorlds.Maps.Maze.MazeGeneratorTest" runstate="Runnable" seed="1688658619" result="Passed" start-time="2024-06-28T22:01:14.9446930Z" end-time="2024-06-28T22:01:14.9675750Z" duration="0.022883" asserts="5" />
                <test-case id="1-1440" name="IsFillComplete(PlayersWorlds.Maps.Maze.AldousBroderMazeGenerator,ThreeQuarters,Auto,System.Collections.Generic.List`1[PlayersWorlds.Maps.Area])" fullname="PlayersWorlds.Maps.Maze.MazeGeneratorTest.IsFillComplete(PlayersWorlds.Maps.Maze.AldousBroderMazeGenerator,ThreeQuarters,Auto,System.Collections.Generic.List`1[PlayersWorlds.Maps.Area])" methodname="IsFillComplete" classname="PlayersWorlds.Maps.Maze.MazeGeneratorTest" runstate="Runnable" seed="78228133" result="Passed" start-time="2024-06-28T22:01:14.9675870Z" end-time="2024-06-28T22:01:14.9859940Z" duration="0.018407" asserts="5" />
                <test-case id="1-1441" name="IsFillComplete(PlayersWorlds.Maps.Maze.AldousBroderMazeGenerator,ThreeQuarters,Auto,System.Collections.Generic.List`1[PlayersWorlds.Maps.Area])" fullname="PlayersWorlds.Maps.Maze.MazeGeneratorTest.IsFillComplete(PlayersWorlds.Maps.Maze.AldousBroderMazeGenerator,ThreeQuarters,Auto,System.Collections.Generic.List`1[PlayersWorlds.Maps.Area])" methodname="IsFillComplete" classname="PlayersWorlds.Maps.Maze.MazeGeneratorTest" runstate="Runnable" seed="1279570138" result="Passed" start-time="2024-06-28T22:01:14.9860070Z" end-time="2024-06-28T22:01:15.0295960Z" duration="0.043589" asserts="5" />
                <test-case id="1-1442" name="IsFillComplete(PlayersWorlds.Maps.Maze.AldousBroderMazeGenerator,ThreeQuarters,Auto,System.Collections.Generic.List`1[PlayersWorlds.Maps.Area])" fullname="PlayersWorlds.Maps.Maze.MazeGeneratorTest.IsFillComplete(PlayersWorlds.Maps.Maze.AldousBroderMazeGenerator,ThreeQuarters,Auto,System.Collections.Generic.List`1[PlayersWorlds.Maps.Area])" methodname="IsFillComplete" classname="PlayersWorlds.Maps.Maze.MazeGeneratorTest" runstate="Runnable" seed="306075812" result="Passed" start-time="2024-06-28T22:01:15.0296060Z" end-time="2024-06-28T22:01:15.0613790Z" duration="0.031772" asserts="5" />
                <test-case id="1-1443" name="IsFillComplete(PlayersWorlds.Maps.Maze.AldousBroderMazeGenerator,ThreeQuarters,Manual,null)" fullname="PlayersWorlds.Maps.Maze.MazeGeneratorTest.IsFillComplete(PlayersWorlds.Maps.Maze.AldousBroderMazeGenerator,ThreeQuarters,Manual,null)" methodname="IsFillComplete" classname="PlayersWorlds.Maps.Maze.MazeGeneratorTest" runstate="Runnable" seed="2000735152" result="Passed" start-time="2024-06-28T22:01:15.0613900Z" end-time="2024-06-28T22:01:15.0685450Z" duration="0.007155" asserts="5" />
                <test-case id="1-1444" name="IsFillComplete(PlayersWorlds.Maps.Maze.AldousBroderMazeGenerator,ThreeQuarters,Manual,System.Collections.Generic.List`1[PlayersWorlds.Maps.Area])" fullname="PlayersWorlds.Maps.Maze.MazeGeneratorTest.IsFillComplete(PlayersWorlds.Maps.Maze.AldousBroderMazeGenerator,ThreeQuarters,Manual,System.Collections.Generic.List`1[PlayersWorlds.Maps.Area])" methodname="IsFillComplete" classname="PlayersWorlds.Maps.Maze.MazeGeneratorTest" runstate="Runnable" seed="911597261" result="Passed" start-time="2024-06-28T22:01:15.0685550Z" end-time="2024-06-28T22:01:15.0755460Z" duration="0.006990" asserts="5" />
                <test-case id="1-1445" name="IsFillComplete(PlayersWorlds.Maps.Maze.AldousBroderMazeGenerator,ThreeQuarters,Manual,System.Collections.Generic.List`1[PlayersWorlds.Maps.Area])" fullname="PlayersWorlds.Maps.Maze.MazeGeneratorTest.IsFillComplete(PlayersWorlds.Maps.Maze.AldousBroderMazeGenerator,ThreeQuarters,Manual,System.Collections.Generic.List`1[PlayersWorlds.Maps.Area])" methodname="IsFillComplete" classname="PlayersWorlds.Maps.Maze.MazeGeneratorTest" runstate="Runnable" seed="1192510471" result="Passed" start-time="2024-06-28T22:01:15.0755560Z" end-time="2024-06-28T22:01:15.0824820Z" duration="0.006927" asserts="5" />
                <test-case id="1-1446" name="IsFillComplete(PlayersWorlds.Maps.Maze.AldousBroderMazeGenerator,ThreeQuarters,Manual,System.Collections.Generic.List`1[PlayersWorlds.Maps.Area])" fullname="PlayersWorlds.Maps.Maze.MazeGeneratorTest.IsFillComplete(PlayersWorlds.Maps.Maze.AldousBroderMazeGenerator,ThreeQuarters,Manual,System.Collections.Generic.List`1[PlayersWorlds.Maps.Area])" methodname="IsFillComplete" classname="PlayersWorlds.Maps.Maze.MazeGeneratorTest" runstate="Runnable" seed="218378862" result="Passed" start-time="2024-06-28T22:01:15.0824960Z" end-time="2024-06-28T22:01:15.0902950Z" duration="0.007799" asserts="5" />
                <test-case id="1-1447" name="IsFillComplete(PlayersWorlds.Maps.Maze.AldousBroderMazeGenerator,ThreeQuarters,Manual,System.Collections.Generic.List`1[PlayersWorlds.Maps.Area])" fullname="PlayersWorlds.Maps.Maze.MazeGeneratorTest.IsFillComplete(PlayersWorlds.Maps.Maze.AldousBroderMazeGenerator,ThreeQuarters,Manual,System.Collections.Generic.List`1[PlayersWorlds.Maps.Area])" methodname="IsFillComplete" classname="PlayersWorlds.Maps.Maze.MazeGeneratorTest" runstate="Runnable" seed="205312417" result="Passed" start-time="2024-06-28T22:01:15.0903050Z" end-time="2024-06-28T22:01:15.0971950Z" duration="0.006890" asserts="5" />
                <test-case id="1-1448" name="IsFillComplete(PlayersWorlds.Maps.Maze.AldousBroderMazeGenerator,ThreeQuarters,Manual,System.Collections.Generic.List`1[PlayersWorlds.Maps.Area])" fullname="PlayersWorlds.Maps.Maze.MazeGeneratorTest.IsFillComplete(PlayersWorlds.Maps.Maze.AldousBroderMazeGenerator,ThreeQuarters,Manual,System.Collections.Generic.List`1[PlayersWorlds.Maps.Area])" methodname="IsFillComplete" classname="PlayersWorlds.Maps.Maze.MazeGeneratorTest" runstate="Runnable" seed="761643965" result="Passed" start-time="2024-06-28T22:01:15.0972050Z" end-time="2024-06-28T22:01:15.1042110Z" duration="0.007006" asserts="5" />
                <test-case id="1-1449" name="IsFillComplete(PlayersWorlds.Maps.Maze.AldousBroderMazeGenerator,NinetyPercent,Auto,null)" fullname="PlayersWorlds.Maps.Maze.MazeGeneratorTest.IsFillComplete(PlayersWorlds.Maps.Maze.AldousBroderMazeGenerator,NinetyPercent,Auto,null)" methodname="IsFillComplete" classname="PlayersWorlds.Maps.Maze.MazeGeneratorTest" runstate="Runnable" seed="1925400026" result="Passed" start-time="2024-06-28T22:01:15.1042210Z" end-time="2024-06-28T22:01:15.1236320Z" duration="0.019410" asserts="5" />
                <test-case id="1-1450" name="IsFillComplete(PlayersWorlds.Maps.Maze.AldousBroderMazeGenerator,NinetyPercent,Auto,System.Collections.Generic.List`1[PlayersWorlds.Maps.Area])" fullname="PlayersWorlds.Maps.Maze.MazeGeneratorTest.IsFillComplete(PlayersWorlds.Maps.Maze.AldousBroderMazeGenerator,NinetyPercent,Auto,System.Collections.Generic.List`1[PlayersWorlds.Maps.Area])" methodname="IsFillComplete" classname="PlayersWorlds.Maps.Maze.MazeGeneratorTest" runstate="Runnable" seed="42032182" result="Passed" start-time="2024-06-28T22:01:15.1236440Z" end-time="2024-06-28T22:01:15.1346590Z" duration="0.011015" asserts="5" />
                <test-case id="1-1451" name="IsFillComplete(PlayersWorlds.Maps.Maze.AldousBroderMazeGenerator,NinetyPercent,Auto,System.Collections.Generic.List`1[PlayersWorlds.Maps.Area])" fullname="PlayersWorlds.Maps.Maze.MazeGeneratorTest.IsFillComplete(PlayersWorlds.Maps.Maze.AldousBroderMazeGenerator,NinetyPercent,Auto,System.Collections.Generic.List`1[PlayersWorlds.Maps.Area])" methodname="IsFillComplete" classname="PlayersWorlds.Maps.Maze.MazeGeneratorTest" runstate="Runnable" seed="1150983812" result="Passed" start-time="2024-06-28T22:01:15.1346700Z" end-time="2024-06-28T22:01:15.1584980Z" duration="0.023828" asserts="5" />
                <test-case id="1-1452" name="IsFillComplete(PlayersWorlds.Maps.Maze.AldousBroderMazeGenerator,NinetyPercent,Auto,System.Collections.Generic.List`1[PlayersWorlds.Maps.Area])" fullname="PlayersWorlds.Maps.Maze.MazeGeneratorTest.IsFillComplete(PlayersWorlds.Maps.Maze.AldousBroderMazeGenerator,NinetyPercent,Auto,System.Collections.Generic.List`1[PlayersWorlds.Maps.Area])" methodname="IsFillComplete" classname="PlayersWorlds.Maps.Maze.MazeGeneratorTest" runstate="Runnable" seed="673724151" result="Passed" start-time="2024-06-28T22:01:15.1585100Z" end-time="2024-06-28T22:01:15.1911650Z" duration="0.032656" asserts="5" />
                <test-case id="1-1453" name="IsFillComplete(PlayersWorlds.Maps.Maze.AldousBroderMazeGenerator,NinetyPercent,Auto,System.Collections.Generic.List`1[PlayersWorlds.Maps.Area])" fullname="PlayersWorlds.Maps.Maze.MazeGeneratorTest.IsFillComplete(PlayersWorlds.Maps.Maze.AldousBroderMazeGenerator,NinetyPercent,Auto,System.Collections.Generic.List`1[PlayersWorlds.Maps.Area])" methodname="IsFillComplete" classname="PlayersWorlds.Maps.Maze.MazeGeneratorTest" runstate="Runnable" seed="317996186" result="Passed" start-time="2024-06-28T22:01:15.1911850Z" end-time="2024-06-28T22:01:15.2298990Z" duration="0.038714" asserts="5" />
                <test-case id="1-1454" name="IsFillComplete(PlayersWorlds.Maps.Maze.AldousBroderMazeGenerator,NinetyPercent,Auto,System.Collections.Generic.List`1[PlayersWorlds.Maps.Area])" fullname="PlayersWorlds.Maps.Maze.MazeGeneratorTest.IsFillComplete(PlayersWorlds.Maps.Maze.AldousBroderMazeGenerator,NinetyPercent,Auto,System.Collections.Generic.List`1[PlayersWorlds.Maps.Area])" methodname="IsFillComplete" classname="PlayersWorlds.Maps.Maze.MazeGeneratorTest" runstate="Runnable" seed="359789665" result="Passed" start-time="2024-06-28T22:01:15.2299100Z" end-time="2024-06-28T22:01:15.2759500Z" duration="0.046040" asserts="5" />
                <test-case id="1-1455" name="IsFillComplete(PlayersWorlds.Maps.Maze.AldousBroderMazeGenerator,NinetyPercent,Manual,null)" fullname="PlayersWorlds.Maps.Maze.MazeGeneratorTest.IsFillComplete(PlayersWorlds.Maps.Maze.AldousBroderMazeGenerator,NinetyPercent,Manual,null)" methodname="IsFillComplete" classname="PlayersWorlds.Maps.Maze.MazeGeneratorTest" runstate="Runnable" seed="1953930382" result="Passed" start-time="2024-06-28T22:01:15.2759660Z" end-time="2024-06-28T22:01:15.2837750Z" duration="0.007809" asserts="5" />
                <test-case id="1-1456" name="IsFillComplete(PlayersWorlds.Maps.Maze.AldousBroderMazeGenerator,NinetyPercent,Manual,System.Collections.Generic.List`1[PlayersWorlds.Maps.Area])" fullname="PlayersWorlds.Maps.Maze.MazeGeneratorTest.IsFillComplete(PlayersWorlds.Maps.Maze.AldousBroderMazeGenerator,NinetyPercent,Manual,System.Collections.Generic.List`1[PlayersWorlds.Maps.Area])" methodname="IsFillComplete" classname="PlayersWorlds.Maps.Maze.MazeGeneratorTest" runstate="Runnable" seed="1404799001" result="Passed" start-time="2024-06-28T22:01:15.2837950Z" end-time="2024-06-28T22:01:15.2919280Z" duration="0.008133" asserts="5" />
                <test-case id="1-1457" name="IsFillComplete(PlayersWorlds.Maps.Maze.AldousBroderMazeGenerator,NinetyPercent,Manual,System.Collections.Generic.List`1[PlayersWorlds.Maps.Area])" fullname="PlayersWorlds.Maps.Maze.MazeGeneratorTest.IsFillComplete(PlayersWorlds.Maps.Maze.AldousBroderMazeGenerator,NinetyPercent,Manual,System.Collections.Generic.List`1[PlayersWorlds.Maps.Area])" methodname="IsFillComplete" classname="PlayersWorlds.Maps.Maze.MazeGeneratorTest" runstate="Runnable" seed="1012417587" result="Passed" start-time="2024-06-28T22:01:15.2919450Z" end-time="2024-06-28T22:01:15.2992400Z" duration="0.007294" asserts="5" />
                <test-case id="1-1458" name="IsFillComplete(PlayersWorlds.Maps.Maze.AldousBroderMazeGenerator,NinetyPercent,Manual,System.Collections.Generic.List`1[PlayersWorlds.Maps.Area])" fullname="PlayersWorlds.Maps.Maze.MazeGeneratorTest.IsFillComplete(PlayersWorlds.Maps.Maze.AldousBroderMazeGenerator,NinetyPercent,Manual,System.Collections.Generic.List`1[PlayersWorlds.Maps.Area])" methodname="IsFillComplete" classname="PlayersWorlds.Maps.Maze.MazeGeneratorTest" runstate="Runnable" seed="719487289" result="Passed" start-time="2024-06-28T22:01:15.2992500Z" end-time="2024-06-28T22:01:15.3071830Z" duration="0.007933" asserts="5" />
                <test-case id="1-1459" name="IsFillComplete(PlayersWorlds.Maps.Maze.AldousBroderMazeGenerator,NinetyPercent,Manual,System.Collections.Generic.List`1[PlayersWorlds.Maps.Area])" fullname="PlayersWorlds.Maps.Maze.MazeGeneratorTest.IsFillComplete(PlayersWorlds.Maps.Maze.AldousBroderMazeGenerator,NinetyPercent,Manual,System.Collections.Generic.List`1[PlayersWorlds.Maps.Area])" methodname="IsFillComplete" classname="PlayersWorlds.Maps.Maze.MazeGeneratorTest" runstate="Runnable" seed="1809703453" result="Passed" start-time="2024-06-28T22:01:15.3071940Z" end-time="2024-06-28T22:01:15.3137010Z" duration="0.006507" asserts="5" />
                <test-case id="1-1460" name="IsFillComplete(PlayersWorlds.Maps.Maze.AldousBroderMazeGenerator,NinetyPercent,Manual,System.Collections.Generic.List`1[PlayersWorlds.Maps.Area])" fullname="PlayersWorlds.Maps.Maze.MazeGeneratorTest.IsFillComplete(PlayersWorlds.Maps.Maze.AldousBroderMazeGenerator,NinetyPercent,Manual,System.Collections.Generic.List`1[PlayersWorlds.Maps.Area])" methodname="IsFillComplete" classname="PlayersWorlds.Maps.Maze.MazeGeneratorTest" runstate="Runnable" seed="974261455" result="Passed" start-time="2024-06-28T22:01:15.3137200Z" end-time="2024-06-28T22:01:15.3201470Z" duration="0.006428" asserts="5" />
                <test-case id="1-1461" name="IsFillComplete(PlayersWorlds.Maps.Maze.AldousBroderMazeGenerator,FullWidth,Auto,null)" fullname="PlayersWorlds.Maps.Maze.MazeGeneratorTest.IsFillComplete(PlayersWorlds.Maps.Maze.AldousBroderMazeGenerator,FullWidth,Auto,null)" methodname="IsFillComplete" classname="PlayersWorlds.Maps.Maze.MazeGeneratorTest" runstate="Runnable" seed="1620244559" result="Passed" start-time="2024-06-28T22:01:15.3201670Z" end-time="2024-06-28T22:01:15.3382520Z" duration="0.018085" asserts="5" />
                <test-case id="1-1462" name="IsFillComplete(PlayersWorlds.Maps.Maze.AldousBroderMazeGenerator,FullWidth,Auto,System.Collections.Generic.List`1[PlayersWorlds.Maps.Area])" fullname="PlayersWorlds.Maps.Maze.MazeGeneratorTest.IsFillComplete(PlayersWorlds.Maps.Maze.AldousBroderMazeGenerator,FullWidth,Auto,System.Collections.Generic.List`1[PlayersWorlds.Maps.Area])" methodname="IsFillComplete" classname="PlayersWorlds.Maps.Maze.MazeGeneratorTest" runstate="Runnable" seed="1548993911" result="Passed" start-time="2024-06-28T22:01:15.3382730Z" end-time="2024-06-28T22:01:15.3491450Z" duration="0.010873" asserts="5" />
                <test-case id="1-1463" name="IsFillComplete(PlayersWorlds.Maps.Maze.AldousBroderMazeGenerator,FullWidth,Auto,System.Collections.Generic.List`1[PlayersWorlds.Maps.Area])" fullname="PlayersWorlds.Maps.Maze.MazeGeneratorTest.IsFillComplete(PlayersWorlds.Maps.Maze.AldousBroderMazeGenerator,FullWidth,Auto,System.Collections.Generic.List`1[PlayersWorlds.Maps.Area])" methodname="IsFillComplete" classname="PlayersWorlds.Maps.Maze.MazeGeneratorTest" runstate="Runnable" seed="1132689723" result="Passed" start-time="2024-06-28T22:01:15.3491650Z" end-time="2024-06-28T22:01:15.3798340Z" duration="0.030669" asserts="5" />
                <test-case id="1-1464" name="IsFillComplete(PlayersWorlds.Maps.Maze.AldousBroderMazeGenerator,FullWidth,Auto,System.Collections.Generic.List`1[PlayersWorlds.Maps.Area])" fullname="PlayersWorlds.Maps.Maze.MazeGeneratorTest.IsFillComplete(PlayersWorlds.Maps.Maze.AldousBroderMazeGenerator,FullWidth,Auto,System.Collections.Generic.List`1[PlayersWorlds.Maps.Area])" methodname="IsFillComplete" classname="PlayersWorlds.Maps.Maze.MazeGeneratorTest" runstate="Runnable" seed="1461504488" result="Passed" start-time="2024-06-28T22:01:15.3798480Z" end-time="2024-06-28T22:01:15.4054550Z" duration="0.025608" asserts="5" />
                <test-case id="1-1465" name="IsFillComplete(PlayersWorlds.Maps.Maze.AldousBroderMazeGenerator,FullWidth,Auto,System.Collections.Generic.List`1[PlayersWorlds.Maps.Area])" fullname="PlayersWorlds.Maps.Maze.MazeGeneratorTest.IsFillComplete(PlayersWorlds.Maps.Maze.AldousBroderMazeGenerator,FullWidth,Auto,System.Collections.Generic.List`1[PlayersWorlds.Maps.Area])" methodname="IsFillComplete" classname="PlayersWorlds.Maps.Maze.MazeGeneratorTest" runstate="Runnable" seed="1000681868" result="Passed" start-time="2024-06-28T22:01:15.4054670Z" end-time="2024-06-28T22:01:15.4281630Z" duration="0.022695" asserts="5" />
                <test-case id="1-1466" name="IsFillComplete(PlayersWorlds.Maps.Maze.AldousBroderMazeGenerator,FullWidth,Auto,System.Collections.Generic.List`1[PlayersWorlds.Maps.Area])" fullname="PlayersWorlds.Maps.Maze.MazeGeneratorTest.IsFillComplete(PlayersWorlds.Maps.Maze.AldousBroderMazeGenerator,FullWidth,Auto,System.Collections.Generic.List`1[PlayersWorlds.Maps.Area])" methodname="IsFillComplete" classname="PlayersWorlds.Maps.Maze.MazeGeneratorTest" runstate="Runnable" seed="1599184819" result="Passed" start-time="2024-06-28T22:01:15.4281740Z" end-time="2024-06-28T22:01:15.4575260Z" duration="0.029352" asserts="5" />
                <test-case id="1-1467" name="IsFillComplete(PlayersWorlds.Maps.Maze.AldousBroderMazeGenerator,FullWidth,Manual,null)" fullname="PlayersWorlds.Maps.Maze.MazeGeneratorTest.IsFillComplete(PlayersWorlds.Maps.Maze.AldousBroderMazeGenerator,FullWidth,Manual,null)" methodname="IsFillComplete" classname="PlayersWorlds.Maps.Maze.MazeGeneratorTest" runstate="Runnable" seed="1286342270" result="Passed" start-time="2024-06-28T22:01:15.4575490Z" end-time="2024-06-28T22:01:15.4641480Z" duration="0.006599" asserts="5" />
                <test-case id="1-1468" name="IsFillComplete(PlayersWorlds.Maps.Maze.AldousBroderMazeGenerator,FullWidth,Manual,System.Collections.Generic.List`1[PlayersWorlds.Maps.Area])" fullname="PlayersWorlds.Maps.Maze.MazeGeneratorTest.IsFillComplete(PlayersWorlds.Maps.Maze.AldousBroderMazeGenerator,FullWidth,Manual,System.Collections.Generic.List`1[PlayersWorlds.Maps.Area])" methodname="IsFillComplete" classname="PlayersWorlds.Maps.Maze.MazeGeneratorTest" runstate="Runnable" seed="1555150355" result="Passed" start-time="2024-06-28T22:01:15.4641590Z" end-time="2024-06-28T22:01:15.4712630Z" duration="0.007104" asserts="5" />
                <test-case id="1-1469" name="IsFillComplete(PlayersWorlds.Maps.Maze.AldousBroderMazeGenerator,FullWidth,Manual,System.Collections.Generic.List`1[PlayersWorlds.Maps.Area])" fullname="PlayersWorlds.Maps.Maze.MazeGeneratorTest.IsFillComplete(PlayersWorlds.Maps.Maze.AldousBroderMazeGenerator,FullWidth,Manual,System.Collections.Generic.List`1[PlayersWorlds.Maps.Area])" methodname="IsFillComplete" classname="PlayersWorlds.Maps.Maze.MazeGeneratorTest" runstate="Runnable" seed="103739847" result="Passed" start-time="2024-06-28T22:01:15.4712750Z" end-time="2024-06-28T22:01:15.4790190Z" duration="0.007745" asserts="5" />
                <test-case id="1-1470" name="IsFillComplete(PlayersWorlds.Maps.Maze.AldousBroderMazeGenerator,FullWidth,Manual,System.Collections.Generic.List`1[PlayersWorlds.Maps.Area])" fullname="PlayersWorlds.Maps.Maze.MazeGeneratorTest.IsFillComplete(PlayersWorlds.Maps.Maze.AldousBroderMazeGenerator,FullWidth,Manual,System.Collections.Generic.List`1[PlayersWorlds.Maps.Area])" methodname="IsFillComplete" classname="PlayersWorlds.Maps.Maze.MazeGeneratorTest" runstate="Runnable" seed="254255055" result="Passed" start-time="2024-06-28T22:01:15.4790300Z" end-time="2024-06-28T22:01:15.4854160Z" duration="0.006386" asserts="5" />
                <test-case id="1-1471" name="IsFillComplete(PlayersWorlds.Maps.Maze.AldousBroderMazeGenerator,FullWidth,Manual,System.Collections.Generic.List`1[PlayersWorlds.Maps.Area])" fullname="PlayersWorlds.Maps.Maze.MazeGeneratorTest.IsFillComplete(PlayersWorlds.Maps.Maze.AldousBroderMazeGenerator,FullWidth,Manual,System.Collections.Generic.List`1[PlayersWorlds.Maps.Area])" methodname="IsFillComplete" classname="PlayersWorlds.Maps.Maze.MazeGeneratorTest" runstate="Runnable" seed="538141437" result="Passed" start-time="2024-06-28T22:01:15.4854280Z" end-time="2024-06-28T22:01:15.4931360Z" duration="0.007708" asserts="5" />
                <test-case id="1-1472" name="IsFillComplete(PlayersWorlds.Maps.Maze.AldousBroderMazeGenerator,FullWidth,Manual,System.Collections.Generic.List`1[PlayersWorlds.Maps.Area])" fullname="PlayersWorlds.Maps.Maze.MazeGeneratorTest.IsFillComplete(PlayersWorlds.Maps.Maze.AldousBroderMazeGenerator,FullWidth,Manual,System.Collections.Generic.List`1[PlayersWorlds.Maps.Area])" methodname="IsFillComplete" classname="PlayersWorlds.Maps.Maze.MazeGeneratorTest" runstate="Runnable" seed="1994362087" result="Passed" start-time="2024-06-28T22:01:15.4931470Z" end-time="2024-06-28T22:01:15.4991680Z" duration="0.006021" asserts="5" />
                <test-case id="1-1473" name="IsFillComplete(PlayersWorlds.Maps.Maze.AldousBroderMazeGenerator,FullHeight,Auto,null)" fullname="PlayersWorlds.Maps.Maze.MazeGeneratorTest.IsFillComplete(PlayersWorlds.Maps.Maze.AldousBroderMazeGenerator,FullHeight,Auto,null)" methodname="IsFillComplete" classname="PlayersWorlds.Maps.Maze.MazeGeneratorTest" runstate="Runnable" seed="1612385364" result="Passed" start-time="2024-06-28T22:01:15.4991790Z" end-time="2024-06-28T22:01:15.5229770Z" duration="0.023799" asserts="5" />
                <test-case id="1-1474" name="IsFillComplete(PlayersWorlds.Maps.Maze.AldousBroderMazeGenerator,FullHeight,Auto,System.Collections.Generic.List`1[PlayersWorlds.Maps.Area])" fullname="PlayersWorlds.Maps.Maze.MazeGeneratorTest.IsFillComplete(PlayersWorlds.Maps.Maze.AldousBroderMazeGenerator,FullHeight,Auto,System.Collections.Generic.List`1[PlayersWorlds.Maps.Area])" methodname="IsFillComplete" classname="PlayersWorlds.Maps.Maze.MazeGeneratorTest" runstate="Runnable" seed="92494929" result="Passed" start-time="2024-06-28T22:01:15.5229890Z" end-time="2024-06-28T22:01:15.5463900Z" duration="0.023401" asserts="5" />
                <test-case id="1-1475" name="IsFillComplete(PlayersWorlds.Maps.Maze.AldousBroderMazeGenerator,FullHeight,Auto,System.Collections.Generic.List`1[PlayersWorlds.Maps.Area])" fullname="PlayersWorlds.Maps.Maze.MazeGeneratorTest.IsFillComplete(PlayersWorlds.Maps.Maze.AldousBroderMazeGenerator,FullHeight,Auto,System.Collections.Generic.List`1[PlayersWorlds.Maps.Area])" methodname="IsFillComplete" classname="PlayersWorlds.Maps.Maze.MazeGeneratorTest" runstate="Runnable" seed="934621501" result="Passed" start-time="2024-06-28T22:01:15.5464010Z" end-time="2024-06-28T22:01:15.5640380Z" duration="0.017638" asserts="5" />
                <test-case id="1-1476" name="IsFillComplete(PlayersWorlds.Maps.Maze.AldousBroderMazeGenerator,FullHeight,Auto,System.Collections.Generic.List`1[PlayersWorlds.Maps.Area])" fullname="PlayersWorlds.Maps.Maze.MazeGeneratorTest.IsFillComplete(PlayersWorlds.Maps.Maze.AldousBroderMazeGenerator,FullHeight,Auto,System.Collections.Generic.List`1[PlayersWorlds.Maps.Area])" methodname="IsFillComplete" classname="PlayersWorlds.Maps.Maze.MazeGeneratorTest" runstate="Runnable" seed="1592202885" result="Passed" start-time="2024-06-28T22:01:15.5640630Z" end-time="2024-06-28T22:01:15.5999800Z" duration="0.035917" asserts="5" />
                <test-case id="1-1477" name="IsFillComplete(PlayersWorlds.Maps.Maze.AldousBroderMazeGenerator,FullHeight,Auto,System.Collections.Generic.List`1[PlayersWorlds.Maps.Area])" fullname="PlayersWorlds.Maps.Maze.MazeGeneratorTest.IsFillComplete(PlayersWorlds.Maps.Maze.AldousBroderMazeGenerator,FullHeight,Auto,System.Collections.Generic.List`1[PlayersWorlds.Maps.Area])" methodname="IsFillComplete" classname="PlayersWorlds.Maps.Maze.MazeGeneratorTest" runstate="Runnable" seed="1518190459" result="Passed" start-time="2024-06-28T22:01:15.6000030Z" end-time="2024-06-28T22:01:15.6377990Z" duration="0.037796" asserts="5" />
                <test-case id="1-1478" name="IsFillComplete(PlayersWorlds.Maps.Maze.AldousBroderMazeGenerator,FullHeight,Auto,System.Collections.Generic.List`1[PlayersWorlds.Maps.Area])" fullname="PlayersWorlds.Maps.Maze.MazeGeneratorTest.IsFillComplete(PlayersWorlds.Maps.Maze.AldousBroderMazeGenerator,FullHeight,Auto,System.Collections.Generic.List`1[PlayersWorlds.Maps.Area])" methodname="IsFillComplete" classname="PlayersWorlds.Maps.Maze.MazeGeneratorTest" runstate="Runnable" seed="234166911" result="Passed" start-time="2024-06-28T22:01:15.6378130Z" end-time="2024-06-28T22:01:15.6619100Z" duration="0.024096" asserts="5" />
                <test-case id="1-1479" name="IsFillComplete(PlayersWorlds.Maps.Maze.AldousBroderMazeGenerator,FullHeight,Manual,null)" fullname="PlayersWorlds.Maps.Maze.MazeGeneratorTest.IsFillComplete(PlayersWorlds.Maps.Maze.AldousBroderMazeGenerator,FullHeight,Manual,null)" methodname="IsFillComplete" classname="PlayersWorlds.Maps.Maze.MazeGeneratorTest" runstate="Runnable" seed="1093501178" result="Passed" start-time="2024-06-28T22:01:15.6619220Z" end-time="2024-06-28T22:01:15.6690940Z" duration="0.007172" asserts="5" />
                <test-case id="1-1480" name="IsFillComplete(PlayersWorlds.Maps.Maze.AldousBroderMazeGenerator,FullHeight,Manual,System.Collections.Generic.List`1[PlayersWorlds.Maps.Area])" fullname="PlayersWorlds.Maps.Maze.MazeGeneratorTest.IsFillComplete(PlayersWorlds.Maps.Maze.AldousBroderMazeGenerator,FullHeight,Manual,System.Collections.Generic.List`1[PlayersWorlds.Maps.Area])" methodname="IsFillComplete" classname="PlayersWorlds.Maps.Maze.MazeGeneratorTest" runstate="Runnable" seed="671622049" result="Passed" start-time="2024-06-28T22:01:15.6691050Z" end-time="2024-06-28T22:01:15.6755160Z" duration="0.006411" asserts="5" />
                <test-case id="1-1481" name="IsFillComplete(PlayersWorlds.Maps.Maze.AldousBroderMazeGenerator,FullHeight,Manual,System.Collections.Generic.List`1[PlayersWorlds.Maps.Area])" fullname="PlayersWorlds.Maps.Maze.MazeGeneratorTest.IsFillComplete(PlayersWorlds.Maps.Maze.AldousBroderMazeGenerator,FullHeight,Manual,System.Collections.Generic.List`1[PlayersWorlds.Maps.Area])" methodname="IsFillComplete" classname="PlayersWorlds.Maps.Maze.MazeGeneratorTest" runstate="Runnable" seed="444707935" result="Passed" start-time="2024-06-28T22:01:15.6755270Z" end-time="2024-06-28T22:01:15.6816760Z" duration="0.006149" asserts="5" />
                <test-case id="1-1482" name="IsFillComplete(PlayersWorlds.Maps.Maze.AldousBroderMazeGenerator,FullHeight,Manual,System.Collections.Generic.List`1[PlayersWorlds.Maps.Area])" fullname="PlayersWorlds.Maps.Maze.MazeGeneratorTest.IsFillComplete(PlayersWorlds.Maps.Maze.AldousBroderMazeGenerator,FullHeight,Manual,System.Collections.Generic.List`1[PlayersWorlds.Maps.Area])" methodname="IsFillComplete" classname="PlayersWorlds.Maps.Maze.MazeGeneratorTest" runstate="Runnable" seed="1853328036" result="Passed" start-time="2024-06-28T22:01:15.6816870Z" end-time="2024-06-28T22:01:15.6890060Z" duration="0.007320" asserts="5" />
                <test-case id="1-1483" name="IsFillComplete(PlayersWorlds.Maps.Maze.AldousBroderMazeGenerator,FullHeight,Manual,System.Collections.Generic.List`1[PlayersWorlds.Maps.Area])" fullname="PlayersWorlds.Maps.Maze.MazeGeneratorTest.IsFillComplete(PlayersWorlds.Maps.Maze.AldousBroderMazeGenerator,FullHeight,Manual,System.Collections.Generic.List`1[PlayersWorlds.Maps.Area])" methodname="IsFillComplete" classname="PlayersWorlds.Maps.Maze.MazeGeneratorTest" runstate="Runnable" seed="1037731246" result="Passed" start-time="2024-06-28T22:01:15.6890170Z" end-time="2024-06-28T22:01:15.6955760Z" duration="0.006559" asserts="5" />
                <test-case id="1-1484" name="IsFillComplete(PlayersWorlds.Maps.Maze.AldousBroderMazeGenerator,FullHeight,Manual,System.Collections.Generic.List`1[PlayersWorlds.Maps.Area])" fullname="PlayersWorlds.Maps.Maze.MazeGeneratorTest.IsFillComplete(PlayersWorlds.Maps.Maze.AldousBroderMazeGenerator,FullHeight,Manual,System.Collections.Generic.List`1[PlayersWorlds.Maps.Area])" methodname="IsFillComplete" classname="PlayersWorlds.Maps.Maze.MazeGeneratorTest" runstate="Runnable" seed="1755431570" result="Passed" start-time="2024-06-28T22:01:15.6955870Z" end-time="2024-06-28T22:01:15.7018320Z" duration="0.006245" asserts="5" />
                <test-case id="1-1485" name="IsFillComplete(PlayersWorlds.Maps.Maze.AldousBroderMazeGenerator,Full,Auto,null)" fullname="PlayersWorlds.Maps.Maze.MazeGeneratorTest.IsFillComplete(PlayersWorlds.Maps.Maze.AldousBroderMazeGenerator,Full,Auto,null)" methodname="IsFillComplete" classname="PlayersWorlds.Maps.Maze.MazeGeneratorTest" runstate="Runnable" seed="123210955" result="Passed" start-time="2024-06-28T22:01:15.7018430Z" end-time="2024-06-28T22:01:15.7234280Z" duration="0.021585" asserts="5" />
                <test-case id="1-1486" name="IsFillComplete(PlayersWorlds.Maps.Maze.AldousBroderMazeGenerator,Full,Auto,System.Collections.Generic.List`1[PlayersWorlds.Maps.Area])" fullname="PlayersWorlds.Maps.Maze.MazeGeneratorTest.IsFillComplete(PlayersWorlds.Maps.Maze.AldousBroderMazeGenerator,Full,Auto,System.Collections.Generic.List`1[PlayersWorlds.Maps.Area])" methodname="IsFillComplete" classname="PlayersWorlds.Maps.Maze.MazeGeneratorTest" runstate="Runnable" seed="1360172854" result="Passed" start-time="2024-06-28T22:01:15.7234410Z" end-time="2024-06-28T22:01:15.7486580Z" duration="0.025217" asserts="5" />
                <test-case id="1-1487" name="IsFillComplete(PlayersWorlds.Maps.Maze.AldousBroderMazeGenerator,Full,Auto,System.Collections.Generic.List`1[PlayersWorlds.Maps.Area])" fullname="PlayersWorlds.Maps.Maze.MazeGeneratorTest.IsFillComplete(PlayersWorlds.Maps.Maze.AldousBroderMazeGenerator,Full,Auto,System.Collections.Generic.List`1[PlayersWorlds.Maps.Area])" methodname="IsFillComplete" classname="PlayersWorlds.Maps.Maze.MazeGeneratorTest" runstate="Runnable" seed="1739117792" result="Passed" start-time="2024-06-28T22:01:15.7486690Z" end-time="2024-06-28T22:01:15.7869980Z" duration="0.038329" asserts="5" />
                <test-case id="1-1488" name="IsFillComplete(PlayersWorlds.Maps.Maze.AldousBroderMazeGenerator,Full,Auto,System.Collections.Generic.List`1[PlayersWorlds.Maps.Area])" fullname="PlayersWorlds.Maps.Maze.MazeGeneratorTest.IsFillComplete(PlayersWorlds.Maps.Maze.AldousBroderMazeGenerator,Full,Auto,System.Collections.Generic.List`1[PlayersWorlds.Maps.Area])" methodname="IsFillComplete" classname="PlayersWorlds.Maps.Maze.MazeGeneratorTest" runstate="Runnable" seed="930173167" result="Passed" start-time="2024-06-28T22:01:15.7953750Z" end-time="2024-06-28T22:01:15.8266040Z" duration="0.031229" asserts="5" />
                <test-case id="1-1489" name="IsFillComplete(PlayersWorlds.Maps.Maze.AldousBroderMazeGenerator,Full,Auto,System.Collections.Generic.List`1[PlayersWorlds.Maps.Area])" fullname="PlayersWorlds.Maps.Maze.MazeGeneratorTest.IsFillComplete(PlayersWorlds.Maps.Maze.AldousBroderMazeGenerator,Full,Auto,System.Collections.Generic.List`1[PlayersWorlds.Maps.Area])" methodname="IsFillComplete" classname="PlayersWorlds.Maps.Maze.MazeGeneratorTest" runstate="Runnable" seed="572129656" result="Passed" start-time="2024-06-28T22:01:15.8266330Z" end-time="2024-06-28T22:01:15.8753770Z" duration="0.048744" asserts="5" />
                <test-case id="1-1490" name="IsFillComplete(PlayersWorlds.Maps.Maze.AldousBroderMazeGenerator,Full,Auto,System.Collections.Generic.List`1[PlayersWorlds.Maps.Area])" fullname="PlayersWorlds.Maps.Maze.MazeGeneratorTest.IsFillComplete(PlayersWorlds.Maps.Maze.AldousBroderMazeGenerator,Full,Auto,System.Collections.Generic.List`1[PlayersWorlds.Maps.Area])" methodname="IsFillComplete" classname="PlayersWorlds.Maps.Maze.MazeGeneratorTest" runstate="Runnable" seed="1740177597" result="Passed" start-time="2024-06-28T22:01:15.8753950Z" end-time="2024-06-28T22:01:15.9080330Z" duration="0.032638" asserts="5" />
                <test-case id="1-1491" name="IsFillComplete(PlayersWorlds.Maps.Maze.AldousBroderMazeGenerator,Full,Manual,null)" fullname="PlayersWorlds.Maps.Maze.MazeGeneratorTest.IsFillComplete(PlayersWorlds.Maps.Maze.AldousBroderMazeGenerator,Full,Manual,null)" methodname="IsFillComplete" classname="PlayersWorlds.Maps.Maze.MazeGeneratorTest" runstate="Runnable" seed="223737068" result="Passed" start-time="2024-06-28T22:01:15.9080530Z" end-time="2024-06-28T22:01:15.9177990Z" duration="0.009746" asserts="5" />
                <test-case id="1-1492" name="IsFillComplete(PlayersWorlds.Maps.Maze.AldousBroderMazeGenerator,Full,Manual,System.Collections.Generic.List`1[PlayersWorlds.Maps.Area])" fullname="PlayersWorlds.Maps.Maze.MazeGeneratorTest.IsFillComplete(PlayersWorlds.Maps.Maze.AldousBroderMazeGenerator,Full,Manual,System.Collections.Generic.List`1[PlayersWorlds.Maps.Area])" methodname="IsFillComplete" classname="PlayersWorlds.Maps.Maze.MazeGeneratorTest" runstate="Runnable" seed="2108932173" result="Passed" start-time="2024-06-28T22:01:15.9178210Z" end-time="2024-06-28T22:01:15.9271900Z" duration="0.009370" asserts="5" />
                <test-case id="1-1493" name="IsFillComplete(PlayersWorlds.Maps.Maze.AldousBroderMazeGenerator,Full,Manual,System.Collections.Generic.List`1[PlayersWorlds.Maps.Area])" fullname="PlayersWorlds.Maps.Maze.MazeGeneratorTest.IsFillComplete(PlayersWorlds.Maps.Maze.AldousBroderMazeGenerator,Full,Manual,System.Collections.Generic.List`1[PlayersWorlds.Maps.Area])" methodname="IsFillComplete" classname="PlayersWorlds.Maps.Maze.MazeGeneratorTest" runstate="Runnable" seed="1867418669" result="Passed" start-time="2024-06-28T22:01:15.9272040Z" end-time="2024-06-28T22:01:15.9351950Z" duration="0.007991" asserts="5" />
                <test-case id="1-1494" name="IsFillComplete(PlayersWorlds.Maps.Maze.AldousBroderMazeGenerator,Full,Manual,System.Collections.Generic.List`1[PlayersWorlds.Maps.Area])" fullname="PlayersWorlds.Maps.Maze.MazeGeneratorTest.IsFillComplete(PlayersWorlds.Maps.Maze.AldousBroderMazeGenerator,Full,Manual,System.Collections.Generic.List`1[PlayersWorlds.Maps.Area])" methodname="IsFillComplete" classname="PlayersWorlds.Maps.Maze.MazeGeneratorTest" runstate="Runnable" seed="714397164" result="Passed" start-time="2024-06-28T22:01:15.9352090Z" end-time="2024-06-28T22:01:15.9437740Z" duration="0.008564" asserts="5" />
                <test-case id="1-1495" name="IsFillComplete(PlayersWorlds.Maps.Maze.AldousBroderMazeGenerator,Full,Manual,System.Collections.Generic.List`1[PlayersWorlds.Maps.Area])" fullname="PlayersWorlds.Maps.Maze.MazeGeneratorTest.IsFillComplete(PlayersWorlds.Maps.Maze.AldousBroderMazeGenerator,Full,Manual,System.Collections.Generic.List`1[PlayersWorlds.Maps.Area])" methodname="IsFillComplete" classname="PlayersWorlds.Maps.Maze.MazeGeneratorTest" runstate="Runnable" seed="605467221" result="Passed" start-time="2024-06-28T22:01:15.9437850Z" end-time="2024-06-28T22:01:15.9513310Z" duration="0.007546" asserts="5" />
                <test-case id="1-1496" name="IsFillComplete(PlayersWorlds.Maps.Maze.AldousBroderMazeGenerator,Full,Manual,System.Collections.Generic.List`1[PlayersWorlds.Maps.Area])" fullname="PlayersWorlds.Maps.Maze.MazeGeneratorTest.IsFillComplete(PlayersWorlds.Maps.Maze.AldousBroderMazeGenerator,Full,Manual,System.Collections.Generic.List`1[PlayersWorlds.Maps.Area])" methodname="IsFillComplete" classname="PlayersWorlds.Maps.Maze.MazeGeneratorTest" runstate="Runnable" seed="1878059874" result="Passed" start-time="2024-06-28T22:01:15.9513430Z" end-time="2024-06-28T22:01:15.9606050Z" duration="0.009263" asserts="5" />
                <test-case id="1-1497" name="IsFillComplete(PlayersWorlds.Maps.Maze.BinaryTreeMazeGenerator,Quarter,Auto,null)" fullname="PlayersWorlds.Maps.Maze.MazeGeneratorTest.IsFillComplete(PlayersWorlds.Maps.Maze.BinaryTreeMazeGenerator,Quarter,Auto,null)" methodname="IsFillComplete" classname="PlayersWorlds.Maps.Maze.MazeGeneratorTest" runstate="Runnable" seed="1320869736" result="Skipped" label="Ignored" start-time="2024-06-28T22:01:15.9606160Z" end-time="2024-06-28T22:01:15.9608580Z" duration="0.000242" asserts="0" />
                <test-case id="1-1498" name="IsFillComplete(PlayersWorlds.Maps.Maze.BinaryTreeMazeGenerator,Quarter,Auto,System.Collections.Generic.List`1[PlayersWorlds.Maps.Area])" fullname="PlayersWorlds.Maps.Maze.MazeGeneratorTest.IsFillComplete(PlayersWorlds.Maps.Maze.BinaryTreeMazeGenerator,Quarter,Auto,System.Collections.Generic.List`1[PlayersWorlds.Maps.Area])" methodname="IsFillComplete" classname="PlayersWorlds.Maps.Maze.MazeGeneratorTest" runstate="Runnable" seed="539230664" result="Skipped" label="Ignored" start-time="2024-06-28T22:01:15.9608660Z" end-time="2024-06-28T22:01:15.9609500Z" duration="0.000084" asserts="0" />
                <test-case id="1-1499" name="IsFillComplete(PlayersWorlds.Maps.Maze.BinaryTreeMazeGenerator,Quarter,Auto,System.Collections.Generic.List`1[PlayersWorlds.Maps.Area])" fullname="PlayersWorlds.Maps.Maze.MazeGeneratorTest.IsFillComplete(PlayersWorlds.Maps.Maze.BinaryTreeMazeGenerator,Quarter,Auto,System.Collections.Generic.List`1[PlayersWorlds.Maps.Area])" methodname="IsFillComplete" classname="PlayersWorlds.Maps.Maze.MazeGeneratorTest" runstate="Runnable" seed="2058399040" result="Skipped" label="Ignored" start-time="2024-06-28T22:01:15.9609560Z" end-time="2024-06-28T22:01:15.9610200Z" duration="0.000064" asserts="0" />
                <test-case id="1-1500" name="IsFillComplete(PlayersWorlds.Maps.Maze.BinaryTreeMazeGenerator,Quarter,Auto,System.Collections.Generic.List`1[PlayersWorlds.Maps.Area])" fullname="PlayersWorlds.Maps.Maze.MazeGeneratorTest.IsFillComplete(PlayersWorlds.Maps.Maze.BinaryTreeMazeGenerator,Quarter,Auto,System.Collections.Generic.List`1[PlayersWorlds.Maps.Area])" methodname="IsFillComplete" classname="PlayersWorlds.Maps.Maze.MazeGeneratorTest" runstate="Runnable" seed="1740809299" result="Skipped" label="Ignored" start-time="2024-06-28T22:01:15.9610250Z" end-time="2024-06-28T22:01:15.9610800Z" duration="0.000056" asserts="0" />
                <test-case id="1-1501" name="IsFillComplete(PlayersWorlds.Maps.Maze.BinaryTreeMazeGenerator,Quarter,Auto,System.Collections.Generic.List`1[PlayersWorlds.Maps.Area])" fullname="PlayersWorlds.Maps.Maze.MazeGeneratorTest.IsFillComplete(PlayersWorlds.Maps.Maze.BinaryTreeMazeGenerator,Quarter,Auto,System.Collections.Generic.List`1[PlayersWorlds.Maps.Area])" methodname="IsFillComplete" classname="PlayersWorlds.Maps.Maze.MazeGeneratorTest" runstate="Runnable" seed="1079520239" result="Skipped" label="Ignored" start-time="2024-06-28T22:01:15.9610850Z" end-time="2024-06-28T22:01:15.9611390Z" duration="0.000053" asserts="0" />
                <test-case id="1-1502" name="IsFillComplete(PlayersWorlds.Maps.Maze.BinaryTreeMazeGenerator,Quarter,Auto,System.Collections.Generic.List`1[PlayersWorlds.Maps.Area])" fullname="PlayersWorlds.Maps.Maze.MazeGeneratorTest.IsFillComplete(PlayersWorlds.Maps.Maze.BinaryTreeMazeGenerator,Quarter,Auto,System.Collections.Generic.List`1[PlayersWorlds.Maps.Area])" methodname="IsFillComplete" classname="PlayersWorlds.Maps.Maze.MazeGeneratorTest" runstate="Runnable" seed="797645709" result="Skipped" label="Ignored" start-time="2024-06-28T22:01:15.9611440Z" end-time="2024-06-28T22:01:15.9612010Z" duration="0.000057" asserts="0" />
                <test-case id="1-1503" name="IsFillComplete(PlayersWorlds.Maps.Maze.BinaryTreeMazeGenerator,Quarter,Manual,null)" fullname="PlayersWorlds.Maps.Maze.MazeGeneratorTest.IsFillComplete(PlayersWorlds.Maps.Maze.BinaryTreeMazeGenerator,Quarter,Manual,null)" methodname="IsFillComplete" classname="PlayersWorlds.Maps.Maze.MazeGeneratorTest" runstate="Runnable" seed="657904118" result="Skipped" label="Ignored" start-time="2024-06-28T22:01:15.9612060Z" end-time="2024-06-28T22:01:15.9612620Z" duration="0.000056" asserts="0" />
                <test-case id="1-1504" name="IsFillComplete(PlayersWorlds.Maps.Maze.BinaryTreeMazeGenerator,Quarter,Manual,System.Collections.Generic.List`1[PlayersWorlds.Maps.Area])" fullname="PlayersWorlds.Maps.Maze.MazeGeneratorTest.IsFillComplete(PlayersWorlds.Maps.Maze.BinaryTreeMazeGenerator,Quarter,Manual,System.Collections.Generic.List`1[PlayersWorlds.Maps.Area])" methodname="IsFillComplete" classname="PlayersWorlds.Maps.Maze.MazeGeneratorTest" runstate="Runnable" seed="1671144971" result="Skipped" label="Ignored" start-time="2024-06-28T22:01:15.9612670Z" end-time="2024-06-28T22:01:15.9613210Z" duration="0.000054" asserts="0" />
                <test-case id="1-1505" name="IsFillComplete(PlayersWorlds.Maps.Maze.BinaryTreeMazeGenerator,Quarter,Manual,System.Collections.Generic.List`1[PlayersWorlds.Maps.Area])" fullname="PlayersWorlds.Maps.Maze.MazeGeneratorTest.IsFillComplete(PlayersWorlds.Maps.Maze.BinaryTreeMazeGenerator,Quarter,Manual,System.Collections.Generic.List`1[PlayersWorlds.Maps.Area])" methodname="IsFillComplete" classname="PlayersWorlds.Maps.Maze.MazeGeneratorTest" runstate="Runnable" seed="1651374392" result="Skipped" label="Ignored" start-time="2024-06-28T22:01:15.9613260Z" end-time="2024-06-28T22:01:15.9613770Z" duration="0.000051" asserts="0" />
                <test-case id="1-1506" name="IsFillComplete(PlayersWorlds.Maps.Maze.BinaryTreeMazeGenerator,Quarter,Manual,System.Collections.Generic.List`1[PlayersWorlds.Maps.Area])" fullname="PlayersWorlds.Maps.Maze.MazeGeneratorTest.IsFillComplete(PlayersWorlds.Maps.Maze.BinaryTreeMazeGenerator,Quarter,Manual,System.Collections.Generic.List`1[PlayersWorlds.Maps.Area])" methodname="IsFillComplete" classname="PlayersWorlds.Maps.Maze.MazeGeneratorTest" runstate="Runnable" seed="1304105372" result="Skipped" label="Ignored" start-time="2024-06-28T22:01:15.9613820Z" end-time="2024-06-28T22:01:15.9614350Z" duration="0.000053" asserts="0" />
                <test-case id="1-1507" name="IsFillComplete(PlayersWorlds.Maps.Maze.BinaryTreeMazeGenerator,Quarter,Manual,System.Collections.Generic.List`1[PlayersWorlds.Maps.Area])" fullname="PlayersWorlds.Maps.Maze.MazeGeneratorTest.IsFillComplete(PlayersWorlds.Maps.Maze.BinaryTreeMazeGenerator,Quarter,Manual,System.Collections.Generic.List`1[PlayersWorlds.Maps.Area])" methodname="IsFillComplete" classname="PlayersWorlds.Maps.Maze.MazeGeneratorTest" runstate="Runnable" seed="1208822434" result="Skipped" label="Ignored" start-time="2024-06-28T22:01:15.9614400Z" end-time="2024-06-28T22:01:15.9614960Z" duration="0.000055" asserts="0" />
                <test-case id="1-1508" name="IsFillComplete(PlayersWorlds.Maps.Maze.BinaryTreeMazeGenerator,Quarter,Manual,System.Collections.Generic.List`1[PlayersWorlds.Maps.Area])" fullname="PlayersWorlds.Maps.Maze.MazeGeneratorTest.IsFillComplete(PlayersWorlds.Maps.Maze.BinaryTreeMazeGenerator,Quarter,Manual,System.Collections.Generic.List`1[PlayersWorlds.Maps.Area])" methodname="IsFillComplete" classname="PlayersWorlds.Maps.Maze.MazeGeneratorTest" runstate="Runnable" seed="225501257" result="Skipped" label="Ignored" start-time="2024-06-28T22:01:15.9615010Z" end-time="2024-06-28T22:01:15.9615580Z" duration="0.000057" asserts="0" />
                <test-case id="1-1509" name="IsFillComplete(PlayersWorlds.Maps.Maze.BinaryTreeMazeGenerator,Half,Auto,null)" fullname="PlayersWorlds.Maps.Maze.MazeGeneratorTest.IsFillComplete(PlayersWorlds.Maps.Maze.BinaryTreeMazeGenerator,Half,Auto,null)" methodname="IsFillComplete" classname="PlayersWorlds.Maps.Maze.MazeGeneratorTest" runstate="Runnable" seed="1572651811" result="Skipped" label="Ignored" start-time="2024-06-28T22:01:15.9615630Z" end-time="2024-06-28T22:01:15.9616150Z" duration="0.000052" asserts="0" />
                <test-case id="1-1510" name="IsFillComplete(PlayersWorlds.Maps.Maze.BinaryTreeMazeGenerator,Half,Auto,System.Collections.Generic.List`1[PlayersWorlds.Maps.Area])" fullname="PlayersWorlds.Maps.Maze.MazeGeneratorTest.IsFillComplete(PlayersWorlds.Maps.Maze.BinaryTreeMazeGenerator,Half,Auto,System.Collections.Generic.List`1[PlayersWorlds.Maps.Area])" methodname="IsFillComplete" classname="PlayersWorlds.Maps.Maze.MazeGeneratorTest" runstate="Runnable" seed="361727497" result="Skipped" label="Ignored" start-time="2024-06-28T22:01:15.9616220Z" end-time="2024-06-28T22:01:15.9616740Z" duration="0.000052" asserts="0" />
                <test-case id="1-1511" name="IsFillComplete(PlayersWorlds.Maps.Maze.BinaryTreeMazeGenerator,Half,Auto,System.Collections.Generic.List`1[PlayersWorlds.Maps.Area])" fullname="PlayersWorlds.Maps.Maze.MazeGeneratorTest.IsFillComplete(PlayersWorlds.Maps.Maze.BinaryTreeMazeGenerator,Half,Auto,System.Collections.Generic.List`1[PlayersWorlds.Maps.Area])" methodname="IsFillComplete" classname="PlayersWorlds.Maps.Maze.MazeGeneratorTest" runstate="Runnable" seed="2034092189" result="Skipped" label="Ignored" start-time="2024-06-28T22:01:15.9616800Z" end-time="2024-06-28T22:01:15.9617350Z" duration="0.000055" asserts="0" />
                <test-case id="1-1512" name="IsFillComplete(PlayersWorlds.Maps.Maze.BinaryTreeMazeGenerator,Half,Auto,System.Collections.Generic.List`1[PlayersWorlds.Maps.Area])" fullname="PlayersWorlds.Maps.Maze.MazeGeneratorTest.IsFillComplete(PlayersWorlds.Maps.Maze.BinaryTreeMazeGenerator,Half,Auto,System.Collections.Generic.List`1[PlayersWorlds.Maps.Area])" methodname="IsFillComplete" classname="PlayersWorlds.Maps.Maze.MazeGeneratorTest" runstate="Runnable" seed="778250676" result="Skipped" label="Ignored" start-time="2024-06-28T22:01:15.9617400Z" end-time="2024-06-28T22:01:15.9617950Z" duration="0.000055" asserts="0" />
                <test-case id="1-1513" name="IsFillComplete(PlayersWorlds.Maps.Maze.BinaryTreeMazeGenerator,Half,Auto,System.Collections.Generic.List`1[PlayersWorlds.Maps.Area])" fullname="PlayersWorlds.Maps.Maze.MazeGeneratorTest.IsFillComplete(PlayersWorlds.Maps.Maze.BinaryTreeMazeGenerator,Half,Auto,System.Collections.Generic.List`1[PlayersWorlds.Maps.Area])" methodname="IsFillComplete" classname="PlayersWorlds.Maps.Maze.MazeGeneratorTest" runstate="Runnable" seed="1773469758" result="Skipped" label="Ignored" start-time="2024-06-28T22:01:15.9618000Z" end-time="2024-06-28T22:01:15.9618520Z" duration="0.000052" asserts="0" />
                <test-case id="1-1514" name="IsFillComplete(PlayersWorlds.Maps.Maze.BinaryTreeMazeGenerator,Half,Auto,System.Collections.Generic.List`1[PlayersWorlds.Maps.Area])" fullname="PlayersWorlds.Maps.Maze.MazeGeneratorTest.IsFillComplete(PlayersWorlds.Maps.Maze.BinaryTreeMazeGenerator,Half,Auto,System.Collections.Generic.List`1[PlayersWorlds.Maps.Area])" methodname="IsFillComplete" classname="PlayersWorlds.Maps.Maze.MazeGeneratorTest" runstate="Runnable" seed="1138081404" result="Skipped" label="Ignored" start-time="2024-06-28T22:01:15.9618570Z" end-time="2024-06-28T22:01:15.9619080Z" duration="0.000051" asserts="0" />
                <test-case id="1-1515" name="IsFillComplete(PlayersWorlds.Maps.Maze.BinaryTreeMazeGenerator,Half,Manual,null)" fullname="PlayersWorlds.Maps.Maze.MazeGeneratorTest.IsFillComplete(PlayersWorlds.Maps.Maze.BinaryTreeMazeGenerator,Half,Manual,null)" methodname="IsFillComplete" classname="PlayersWorlds.Maps.Maze.MazeGeneratorTest" runstate="Runnable" seed="529553520" result="Skipped" label="Ignored" start-time="2024-06-28T22:01:15.9619130Z" end-time="2024-06-28T22:01:15.9619680Z" duration="0.000055" asserts="0" />
                <test-case id="1-1516" name="IsFillComplete(PlayersWorlds.Maps.Maze.BinaryTreeMazeGenerator,Half,Manual,System.Collections.Generic.List`1[PlayersWorlds.Maps.Area])" fullname="PlayersWorlds.Maps.Maze.MazeGeneratorTest.IsFillComplete(PlayersWorlds.Maps.Maze.BinaryTreeMazeGenerator,Half,Manual,System.Collections.Generic.List`1[PlayersWorlds.Maps.Area])" methodname="IsFillComplete" classname="PlayersWorlds.Maps.Maze.MazeGeneratorTest" runstate="Runnable" seed="1914400170" result="Skipped" label="Ignored" start-time="2024-06-28T22:01:15.9619730Z" end-time="2024-06-28T22:01:15.9620280Z" duration="0.000055" asserts="0" />
                <test-case id="1-1517" name="IsFillComplete(PlayersWorlds.Maps.Maze.BinaryTreeMazeGenerator,Half,Manual,System.Collections.Generic.List`1[PlayersWorlds.Maps.Area])" fullname="PlayersWorlds.Maps.Maze.MazeGeneratorTest.IsFillComplete(PlayersWorlds.Maps.Maze.BinaryTreeMazeGenerator,Half,Manual,System.Collections.Generic.List`1[PlayersWorlds.Maps.Area])" methodname="IsFillComplete" classname="PlayersWorlds.Maps.Maze.MazeGeneratorTest" runstate="Runnable" seed="511262665" result="Skipped" label="Ignored" start-time="2024-06-28T22:01:15.9620330Z" end-time="2024-06-28T22:01:15.9620860Z" duration="0.000052" asserts="0" />
                <test-case id="1-1518" name="IsFillComplete(PlayersWorlds.Maps.Maze.BinaryTreeMazeGenerator,Half,Manual,System.Collections.Generic.List`1[PlayersWorlds.Maps.Area])" fullname="PlayersWorlds.Maps.Maze.MazeGeneratorTest.IsFillComplete(PlayersWorlds.Maps.Maze.BinaryTreeMazeGenerator,Half,Manual,System.Collections.Generic.List`1[PlayersWorlds.Maps.Area])" methodname="IsFillComplete" classname="PlayersWorlds.Maps.Maze.MazeGeneratorTest" runstate="Runnable" seed="1524741800" result="Skipped" label="Ignored" start-time="2024-06-28T22:01:15.9620910Z" end-time="2024-06-28T22:01:15.9621420Z" duration="0.000051" asserts="0" />
                <test-case id="1-1519" name="IsFillComplete(PlayersWorlds.Maps.Maze.BinaryTreeMazeGenerator,Half,Manual,System.Collections.Generic.List`1[PlayersWorlds.Maps.Area])" fullname="PlayersWorlds.Maps.Maze.MazeGeneratorTest.IsFillComplete(PlayersWorlds.Maps.Maze.BinaryTreeMazeGenerator,Half,Manual,System.Collections.Generic.List`1[PlayersWorlds.Maps.Area])" methodname="IsFillComplete" classname="PlayersWorlds.Maps.Maze.MazeGeneratorTest" runstate="Runnable" seed="1338293533" result="Skipped" label="Ignored" start-time="2024-06-28T22:01:15.9621470Z" end-time="2024-06-28T22:01:15.9622010Z" duration="0.000054" asserts="0" />
                <test-case id="1-1520" name="IsFillComplete(PlayersWorlds.Maps.Maze.BinaryTreeMazeGenerator,Half,Manual,System.Collections.Generic.List`1[PlayersWorlds.Maps.Area])" fullname="PlayersWorlds.Maps.Maze.MazeGeneratorTest.IsFillComplete(PlayersWorlds.Maps.Maze.BinaryTreeMazeGenerator,Half,Manual,System.Collections.Generic.List`1[PlayersWorlds.Maps.Area])" methodname="IsFillComplete" classname="PlayersWorlds.Maps.Maze.MazeGeneratorTest" runstate="Runnable" seed="1787992661" result="Skipped" label="Ignored" start-time="2024-06-28T22:01:15.9622060Z" end-time="2024-06-28T22:01:15.9622610Z" duration="0.000055" asserts="0" />
                <test-case id="1-1521" name="IsFillComplete(PlayersWorlds.Maps.Maze.BinaryTreeMazeGenerator,ThreeQuarters,Auto,null)" fullname="PlayersWorlds.Maps.Maze.MazeGeneratorTest.IsFillComplete(PlayersWorlds.Maps.Maze.BinaryTreeMazeGenerator,ThreeQuarters,Auto,null)" methodname="IsFillComplete" classname="PlayersWorlds.Maps.Maze.MazeGeneratorTest" runstate="Runnable" seed="2007550674" result="Skipped" label="Ignored" start-time="2024-06-28T22:01:15.9622670Z" end-time="2024-06-28T22:01:15.9623180Z" duration="0.000051" asserts="0" />
                <test-case id="1-1522" name="IsFillComplete(PlayersWorlds.Maps.Maze.BinaryTreeMazeGenerator,ThreeQuarters,Auto,System.Collections.Generic.List`1[PlayersWorlds.Maps.Area])" fullname="PlayersWorlds.Maps.Maze.MazeGeneratorTest.IsFillComplete(PlayersWorlds.Maps.Maze.BinaryTreeMazeGenerator,ThreeQuarters,Auto,System.Collections.Generic.List`1[PlayersWorlds.Maps.Area])" methodname="IsFillComplete" classname="PlayersWorlds.Maps.Maze.MazeGeneratorTest" runstate="Runnable" seed="356169103" result="Skipped" label="Ignored" start-time="2024-06-28T22:01:15.9623230Z" end-time="2024-06-28T22:01:15.9623740Z" duration="0.000051" asserts="0" />
                <test-case id="1-1523" name="IsFillComplete(PlayersWorlds.Maps.Maze.BinaryTreeMazeGenerator,ThreeQuarters,Auto,System.Collections.Generic.List`1[PlayersWorlds.Maps.Area])" fullname="PlayersWorlds.Maps.Maze.MazeGeneratorTest.IsFillComplete(PlayersWorlds.Maps.Maze.BinaryTreeMazeGenerator,ThreeQuarters,Auto,System.Collections.Generic.List`1[PlayersWorlds.Maps.Area])" methodname="IsFillComplete" classname="PlayersWorlds.Maps.Maze.MazeGeneratorTest" runstate="Runnable" seed="983020699" result="Skipped" label="Ignored" start-time="2024-06-28T22:01:15.9623790Z" end-time="2024-06-28T22:01:15.9624340Z" duration="0.000054" asserts="0" />
                <test-case id="1-1524" name="IsFillComplete(PlayersWorlds.Maps.Maze.BinaryTreeMazeGenerator,ThreeQuarters,Auto,System.Collections.Generic.List`1[PlayersWorlds.Maps.Area])" fullname="PlayersWorlds.Maps.Maze.MazeGeneratorTest.IsFillComplete(PlayersWorlds.Maps.Maze.BinaryTreeMazeGenerator,ThreeQuarters,Auto,System.Collections.Generic.List`1[PlayersWorlds.Maps.Area])" methodname="IsFillComplete" classname="PlayersWorlds.Maps.Maze.MazeGeneratorTest" runstate="Runnable" seed="511045897" result="Skipped" label="Ignored" start-time="2024-06-28T22:01:15.9624390Z" end-time="2024-06-28T22:01:15.9624960Z" duration="0.000057" asserts="0" />
                <test-case id="1-1525" name="IsFillComplete(PlayersWorlds.Maps.Maze.BinaryTreeMazeGenerator,ThreeQuarters,Auto,System.Collections.Generic.List`1[PlayersWorlds.Maps.Area])" fullname="PlayersWorlds.Maps.Maze.MazeGeneratorTest.IsFillComplete(PlayersWorlds.Maps.Maze.BinaryTreeMazeGenerator,ThreeQuarters,Auto,System.Collections.Generic.List`1[PlayersWorlds.Maps.Area])" methodname="IsFillComplete" classname="PlayersWorlds.Maps.Maze.MazeGeneratorTest" runstate="Runnable" seed="30517987" result="Skipped" label="Ignored" start-time="2024-06-28T22:01:15.9625010Z" end-time="2024-06-28T22:01:15.9625520Z" duration="0.000051" asserts="0" />
                <test-case id="1-1526" name="IsFillComplete(PlayersWorlds.Maps.Maze.BinaryTreeMazeGenerator,ThreeQuarters,Auto,System.Collections.Generic.List`1[PlayersWorlds.Maps.Area])" fullname="PlayersWorlds.Maps.Maze.MazeGeneratorTest.IsFillComplete(PlayersWorlds.Maps.Maze.BinaryTreeMazeGenerator,ThreeQuarters,Auto,System.Collections.Generic.List`1[PlayersWorlds.Maps.Area])" methodname="IsFillComplete" classname="PlayersWorlds.Maps.Maze.MazeGeneratorTest" runstate="Runnable" seed="576692911" result="Skipped" label="Ignored" start-time="2024-06-28T22:01:15.9625570Z" end-time="2024-06-28T22:01:15.9626090Z" duration="0.000052" asserts="0" />
                <test-case id="1-1527" name="IsFillComplete(PlayersWorlds.Maps.Maze.BinaryTreeMazeGenerator,ThreeQuarters,Manual,null)" fullname="PlayersWorlds.Maps.Maze.MazeGeneratorTest.IsFillComplete(PlayersWorlds.Maps.Maze.BinaryTreeMazeGenerator,ThreeQuarters,Manual,null)" methodname="IsFillComplete" classname="PlayersWorlds.Maps.Maze.MazeGeneratorTest" runstate="Runnable" seed="126943418" result="Skipped" label="Ignored" start-time="2024-06-28T22:01:15.9626140Z" end-time="2024-06-28T22:01:15.9626710Z" duration="0.000057" asserts="0" />
                <test-case id="1-1528" name="IsFillComplete(PlayersWorlds.Maps.Maze.BinaryTreeMazeGenerator,ThreeQuarters,Manual,System.Collections.Generic.List`1[PlayersWorlds.Maps.Area])" fullname="PlayersWorlds.Maps.Maze.MazeGeneratorTest.IsFillComplete(PlayersWorlds.Maps.Maze.BinaryTreeMazeGenerator,ThreeQuarters,Manual,System.Collections.Generic.List`1[PlayersWorlds.Maps.Area])" methodname="IsFillComplete" classname="PlayersWorlds.Maps.Maze.MazeGeneratorTest" runstate="Runnable" seed="897988200" result="Skipped" label="Ignored" start-time="2024-06-28T22:01:15.9626770Z" end-time="2024-06-28T22:01:15.9627330Z" duration="0.000056" asserts="0" />
                <test-case id="1-1529" name="IsFillComplete(PlayersWorlds.Maps.Maze.BinaryTreeMazeGenerator,ThreeQuarters,Manual,System.Collections.Generic.List`1[PlayersWorlds.Maps.Area])" fullname="PlayersWorlds.Maps.Maze.MazeGeneratorTest.IsFillComplete(PlayersWorlds.Maps.Maze.BinaryTreeMazeGenerator,ThreeQuarters,Manual,System.Collections.Generic.List`1[PlayersWorlds.Maps.Area])" methodname="IsFillComplete" classname="PlayersWorlds.Maps.Maze.MazeGeneratorTest" runstate="Runnable" seed="1634511355" result="Skipped" label="Ignored" start-time="2024-06-28T22:01:15.9627380Z" end-time="2024-06-28T22:01:15.9627890Z" duration="0.000051" asserts="0" />
                <test-case id="1-1530" name="IsFillComplete(PlayersWorlds.Maps.Maze.BinaryTreeMazeGenerator,ThreeQuarters,Manual,System.Collections.Generic.List`1[PlayersWorlds.Maps.Area])" fullname="PlayersWorlds.Maps.Maze.MazeGeneratorTest.IsFillComplete(PlayersWorlds.Maps.Maze.BinaryTreeMazeGenerator,ThreeQuarters,Manual,System.Collections.Generic.List`1[PlayersWorlds.Maps.Area])" methodname="IsFillComplete" classname="PlayersWorlds.Maps.Maze.MazeGeneratorTest" runstate="Runnable" seed="1204045274" result="Skipped" label="Ignored" start-time="2024-06-28T22:01:15.9627940Z" end-time="2024-06-28T22:01:15.9628460Z" duration="0.000052" asserts="0" />
                <test-case id="1-1531" name="IsFillComplete(PlayersWorlds.Maps.Maze.BinaryTreeMazeGenerator,ThreeQuarters,Manual,System.Collections.Generic.List`1[PlayersWorlds.Maps.Area])" fullname="PlayersWorlds.Maps.Maze.MazeGeneratorTest.IsFillComplete(PlayersWorlds.Maps.Maze.BinaryTreeMazeGenerator,ThreeQuarters,Manual,System.Collections.Generic.List`1[PlayersWorlds.Maps.Area])" methodname="IsFillComplete" classname="PlayersWorlds.Maps.Maze.MazeGeneratorTest" runstate="Runnable" seed="271333149" result="Skipped" label="Ignored" start-time="2024-06-28T22:01:15.9628510Z" end-time="2024-06-28T22:01:15.9629080Z" duration="0.000057" asserts="0" />
                <test-case id="1-1532" name="IsFillComplete(PlayersWorlds.Maps.Maze.BinaryTreeMazeGenerator,ThreeQuarters,Manual,System.Collections.Generic.List`1[PlayersWorlds.Maps.Area])" fullname="PlayersWorlds.Maps.Maze.MazeGeneratorTest.IsFillComplete(PlayersWorlds.Maps.Maze.BinaryTreeMazeGenerator,ThreeQuarters,Manual,System.Collections.Generic.List`1[PlayersWorlds.Maps.Area])" methodname="IsFillComplete" classname="PlayersWorlds.Maps.Maze.MazeGeneratorTest" runstate="Runnable" seed="978959795" result="Skipped" label="Ignored" start-time="2024-06-28T22:01:15.9629130Z" end-time="2024-06-28T22:01:15.9629760Z" duration="0.000064" asserts="0" />
                <test-case id="1-1533" name="IsFillComplete(PlayersWorlds.Maps.Maze.BinaryTreeMazeGenerator,NinetyPercent,Auto,null)" fullname="PlayersWorlds.Maps.Maze.MazeGeneratorTest.IsFillComplete(PlayersWorlds.Maps.Maze.BinaryTreeMazeGenerator,NinetyPercent,Auto,null)" methodname="IsFillComplete" classname="PlayersWorlds.Maps.Maze.MazeGeneratorTest" runstate="Runnable" seed="323251518" result="Skipped" label="Ignored" start-time="2024-06-28T22:01:15.9629820Z" end-time="2024-06-28T22:01:15.9630340Z" duration="0.000052" asserts="0" />
                <test-case id="1-1534" name="IsFillComplete(PlayersWorlds.Maps.Maze.BinaryTreeMazeGenerator,NinetyPercent,Auto,System.Collections.Generic.List`1[PlayersWorlds.Maps.Area])" fullname="PlayersWorlds.Maps.Maze.MazeGeneratorTest.IsFillComplete(PlayersWorlds.Maps.Maze.BinaryTreeMazeGenerator,NinetyPercent,Auto,System.Collections.Generic.List`1[PlayersWorlds.Maps.Area])" methodname="IsFillComplete" classname="PlayersWorlds.Maps.Maze.MazeGeneratorTest" runstate="Runnable" seed="1500175526" result="Skipped" label="Ignored" start-time="2024-06-28T22:01:15.9630400Z" end-time="2024-06-28T22:01:15.9630960Z" duration="0.000056" asserts="0" />
                <test-case id="1-1535" name="IsFillComplete(PlayersWorlds.Maps.Maze.BinaryTreeMazeGenerator,NinetyPercent,Auto,System.Collections.Generic.List`1[PlayersWorlds.Maps.Area])" fullname="PlayersWorlds.Maps.Maze.MazeGeneratorTest.IsFillComplete(PlayersWorlds.Maps.Maze.BinaryTreeMazeGenerator,NinetyPercent,Auto,System.Collections.Generic.List`1[PlayersWorlds.Maps.Area])" methodname="IsFillComplete" classname="PlayersWorlds.Maps.Maze.MazeGeneratorTest" runstate="Runnable" seed="1739585457" result="Skipped" label="Ignored" start-time="2024-06-28T22:01:15.9631020Z" end-time="2024-06-28T22:01:15.9631580Z" duration="0.000056" asserts="0" />
                <test-case id="1-1536" name="IsFillComplete(PlayersWorlds.Maps.Maze.BinaryTreeMazeGenerator,NinetyPercent,Auto,System.Collections.Generic.List`1[PlayersWorlds.Maps.Area])" fullname="PlayersWorlds.Maps.Maze.MazeGeneratorTest.IsFillComplete(PlayersWorlds.Maps.Maze.BinaryTreeMazeGenerator,NinetyPercent,Auto,System.Collections.Generic.List`1[PlayersWorlds.Maps.Area])" methodname="IsFillComplete" classname="PlayersWorlds.Maps.Maze.MazeGeneratorTest" runstate="Runnable" seed="1794545873" result="Skipped" label="Ignored" start-time="2024-06-28T22:01:15.9631630Z" end-time="2024-06-28T22:01:15.9632170Z" duration="0.000054" asserts="0" />
                <test-case id="1-1537" name="IsFillComplete(PlayersWorlds.Maps.Maze.BinaryTreeMazeGenerator,NinetyPercent,Auto,System.Collections.Generic.List`1[PlayersWorlds.Maps.Area])" fullname="PlayersWorlds.Maps.Maze.MazeGeneratorTest.IsFillComplete(PlayersWorlds.Maps.Maze.BinaryTreeMazeGenerator,NinetyPercent,Auto,System.Collections.Generic.List`1[PlayersWorlds.Maps.Area])" methodname="IsFillComplete" classname="PlayersWorlds.Maps.Maze.MazeGeneratorTest" runstate="Runnable" seed="1195423918" result="Skipped" label="Ignored" start-time="2024-06-28T22:01:15.9632220Z" end-time="2024-06-28T22:01:15.9632740Z" duration="0.000051" asserts="0" />
                <test-case id="1-1538" name="IsFillComplete(PlayersWorlds.Maps.Maze.BinaryTreeMazeGenerator,NinetyPercent,Auto,System.Collections.Generic.List`1[PlayersWorlds.Maps.Area])" fullname="PlayersWorlds.Maps.Maze.MazeGeneratorTest.IsFillComplete(PlayersWorlds.Maps.Maze.BinaryTreeMazeGenerator,NinetyPercent,Auto,System.Collections.Generic.List`1[PlayersWorlds.Maps.Area])" methodname="IsFillComplete" classname="PlayersWorlds.Maps.Maze.MazeGeneratorTest" runstate="Runnable" seed="1514069922" result="Skipped" label="Ignored" start-time="2024-06-28T22:01:15.9632790Z" end-time="2024-06-28T22:01:15.9633340Z" duration="0.000056" asserts="0" />
                <test-case id="1-1539" name="IsFillComplete(PlayersWorlds.Maps.Maze.BinaryTreeMazeGenerator,NinetyPercent,Manual,null)" fullname="PlayersWorlds.Maps.Maze.MazeGeneratorTest.IsFillComplete(PlayersWorlds.Maps.Maze.BinaryTreeMazeGenerator,NinetyPercent,Manual,null)" methodname="IsFillComplete" classname="PlayersWorlds.Maps.Maze.MazeGeneratorTest" runstate="Runnable" seed="104057178" result="Skipped" label="Ignored" start-time="2024-06-28T22:01:15.9633400Z" end-time="2024-06-28T22:01:15.9633960Z" duration="0.000056" asserts="0" />
                <test-case id="1-1540" name="IsFillComplete(PlayersWorlds.Maps.Maze.BinaryTreeMazeGenerator,NinetyPercent,Manual,System.Collections.Generic.List`1[PlayersWorlds.Maps.Area])" fullname="PlayersWorlds.Maps.Maze.MazeGeneratorTest.IsFillComplete(PlayersWorlds.Maps.Maze.BinaryTreeMazeGenerator,NinetyPercent,Manual,System.Collections.Generic.List`1[PlayersWorlds.Maps.Area])" methodname="IsFillComplete" classname="PlayersWorlds.Maps.Maze.MazeGeneratorTest" runstate="Runnable" seed="966589230" result="Skipped" label="Ignored" start-time="2024-06-28T22:01:15.9634010Z" end-time="2024-06-28T22:01:15.9634540Z" duration="0.000053" asserts="0" />
                <test-case id="1-1541" name="IsFillComplete(PlayersWorlds.Maps.Maze.BinaryTreeMazeGenerator,NinetyPercent,Manual,System.Collections.Generic.List`1[PlayersWorlds.Maps.Area])" fullname="PlayersWorlds.Maps.Maze.MazeGeneratorTest.IsFillComplete(PlayersWorlds.Maps.Maze.BinaryTreeMazeGenerator,NinetyPercent,Manual,System.Collections.Generic.List`1[PlayersWorlds.Maps.Area])" methodname="IsFillComplete" classname="PlayersWorlds.Maps.Maze.MazeGeneratorTest" runstate="Runnable" seed="151350420" result="Skipped" label="Ignored" start-time="2024-06-28T22:01:15.9634590Z" end-time="2024-06-28T22:01:15.9635100Z" duration="0.000051" asserts="0" />
                <test-case id="1-1542" name="IsFillComplete(PlayersWorlds.Maps.Maze.BinaryTreeMazeGenerator,NinetyPercent,Manual,System.Collections.Generic.List`1[PlayersWorlds.Maps.Area])" fullname="PlayersWorlds.Maps.Maze.MazeGeneratorTest.IsFillComplete(PlayersWorlds.Maps.Maze.BinaryTreeMazeGenerator,NinetyPercent,Manual,System.Collections.Generic.List`1[PlayersWorlds.Maps.Area])" methodname="IsFillComplete" classname="PlayersWorlds.Maps.Maze.MazeGeneratorTest" runstate="Runnable" seed="1513616535" result="Skipped" label="Ignored" start-time="2024-06-28T22:01:15.9635150Z" end-time="2024-06-28T22:01:15.9635710Z" duration="0.000056" asserts="0" />
                <test-case id="1-1543" name="IsFillComplete(PlayersWorlds.Maps.Maze.BinaryTreeMazeGenerator,NinetyPercent,Manual,System.Collections.Generic.List`1[PlayersWorlds.Maps.Area])" fullname="PlayersWorlds.Maps.Maze.MazeGeneratorTest.IsFillComplete(PlayersWorlds.Maps.Maze.BinaryTreeMazeGenerator,NinetyPercent,Manual,System.Collections.Generic.List`1[PlayersWorlds.Maps.Area])" methodname="IsFillComplete" classname="PlayersWorlds.Maps.Maze.MazeGeneratorTest" runstate="Runnable" seed="1505005003" result="Skipped" label="Ignored" start-time="2024-06-28T22:01:15.9635760Z" end-time="2024-06-28T22:01:15.9636310Z" duration="0.000055" asserts="0" />
                <test-case id="1-1544" name="IsFillComplete(PlayersWorlds.Maps.Maze.BinaryTreeMazeGenerator,NinetyPercent,Manual,System.Collections.Generic.List`1[PlayersWorlds.Maps.Area])" fullname="PlayersWorlds.Maps.Maze.MazeGeneratorTest.IsFillComplete(PlayersWorlds.Maps.Maze.BinaryTreeMazeGenerator,NinetyPercent,Manual,System.Collections.Generic.List`1[PlayersWorlds.Maps.Area])" methodname="IsFillComplete" classname="PlayersWorlds.Maps.Maze.MazeGeneratorTest" runstate="Runnable" seed="210402159" result="Skipped" label="Ignored" start-time="2024-06-28T22:01:15.9636360Z" end-time="2024-06-28T22:01:15.9636880Z" duration="0.000052" asserts="0" />
                <test-case id="1-1545" name="IsFillComplete(PlayersWorlds.Maps.Maze.BinaryTreeMazeGenerator,FullWidth,Auto,null)" fullname="PlayersWorlds.Maps.Maze.MazeGeneratorTest.IsFillComplete(PlayersWorlds.Maps.Maze.BinaryTreeMazeGenerator,FullWidth,Auto,null)" methodname="IsFillComplete" classname="PlayersWorlds.Maps.Maze.MazeGeneratorTest" runstate="Runnable" seed="1853569055" result="Skipped" label="Ignored" start-time="2024-06-28T22:01:15.9636930Z" end-time="2024-06-28T22:01:15.9637440Z" duration="0.000051" asserts="0" />
                <test-case id="1-1546" name="IsFillComplete(PlayersWorlds.Maps.Maze.BinaryTreeMazeGenerator,FullWidth,Auto,System.Collections.Generic.List`1[PlayersWorlds.Maps.Area])" fullname="PlayersWorlds.Maps.Maze.MazeGeneratorTest.IsFillComplete(PlayersWorlds.Maps.Maze.BinaryTreeMazeGenerator,FullWidth,Auto,System.Collections.Generic.List`1[PlayersWorlds.Maps.Area])" methodname="IsFillComplete" classname="PlayersWorlds.Maps.Maze.MazeGeneratorTest" runstate="Runnable" seed="1592970039" result="Skipped" label="Ignored" start-time="2024-06-28T22:01:15.9637490Z" end-time="2024-06-28T22:01:15.9638040Z" duration="0.000055" asserts="0" />
                <test-case id="1-1547" name="IsFillComplete(PlayersWorlds.Maps.Maze.BinaryTreeMazeGenerator,FullWidth,Auto,System.Collections.Generic.List`1[PlayersWorlds.Maps.Area])" fullname="PlayersWorlds.Maps.Maze.MazeGeneratorTest.IsFillComplete(PlayersWorlds.Maps.Maze.BinaryTreeMazeGenerator,FullWidth,Auto,System.Collections.Generic.List`1[PlayersWorlds.Maps.Area])" methodname="IsFillComplete" classname="PlayersWorlds.Maps.Maze.MazeGeneratorTest" runstate="Runnable" seed="335462415" result="Skipped" label="Ignored" start-time="2024-06-28T22:01:15.9638090Z" end-time="2024-06-28T22:01:15.9638650Z" duration="0.000056" asserts="0" />
                <test-case id="1-1548" name="IsFillComplete(PlayersWorlds.Maps.Maze.BinaryTreeMazeGenerator,FullWidth,Auto,System.Collections.Generic.List`1[PlayersWorlds.Maps.Area])" fullname="PlayersWorlds.Maps.Maze.MazeGeneratorTest.IsFillComplete(PlayersWorlds.Maps.Maze.BinaryTreeMazeGenerator,FullWidth,Auto,System.Collections.Generic.List`1[PlayersWorlds.Maps.Area])" methodname="IsFillComplete" classname="PlayersWorlds.Maps.Maze.MazeGeneratorTest" runstate="Runnable" seed="729337265" result="Skipped" label="Ignored" start-time="2024-06-28T22:01:15.9638710Z" end-time="2024-06-28T22:01:15.9643920Z" duration="0.000521" asserts="0" />
                <test-case id="1-1549" name="IsFillComplete(PlayersWorlds.Maps.Maze.BinaryTreeMazeGenerator,FullWidth,Auto,System.Collections.Generic.List`1[PlayersWorlds.Maps.Area])" fullname="PlayersWorlds.Maps.Maze.MazeGeneratorTest.IsFillComplete(PlayersWorlds.Maps.Maze.BinaryTreeMazeGenerator,FullWidth,Auto,System.Collections.Generic.List`1[PlayersWorlds.Maps.Area])" methodname="IsFillComplete" classname="PlayersWorlds.Maps.Maze.MazeGeneratorTest" runstate="Runnable" seed="184843644" result="Skipped" label="Ignored" start-time="2024-06-28T22:01:15.9643990Z" end-time="2024-06-28T22:01:15.9644730Z" duration="0.000073" asserts="0" />
                <test-case id="1-1550" name="IsFillComplete(PlayersWorlds.Maps.Maze.BinaryTreeMazeGenerator,FullWidth,Auto,System.Collections.Generic.List`1[PlayersWorlds.Maps.Area])" fullname="PlayersWorlds.Maps.Maze.MazeGeneratorTest.IsFillComplete(PlayersWorlds.Maps.Maze.BinaryTreeMazeGenerator,FullWidth,Auto,System.Collections.Generic.List`1[PlayersWorlds.Maps.Area])" methodname="IsFillComplete" classname="PlayersWorlds.Maps.Maze.MazeGeneratorTest" runstate="Runnable" seed="838550698" result="Skipped" label="Ignored" start-time="2024-06-28T22:01:15.9644780Z" end-time="2024-06-28T22:01:15.9645390Z" duration="0.000061" asserts="0" />
                <test-case id="1-1551" name="IsFillComplete(PlayersWorlds.Maps.Maze.BinaryTreeMazeGenerator,FullWidth,Manual,null)" fullname="PlayersWorlds.Maps.Maze.MazeGeneratorTest.IsFillComplete(PlayersWorlds.Maps.Maze.BinaryTreeMazeGenerator,FullWidth,Manual,null)" methodname="IsFillComplete" classname="PlayersWorlds.Maps.Maze.MazeGeneratorTest" runstate="Runnable" seed="1366797209" result="Skipped" label="Ignored" start-time="2024-06-28T22:01:15.9645440Z" end-time="2024-06-28T22:01:15.9645980Z" duration="0.000054" asserts="0" />
                <test-case id="1-1552" name="IsFillComplete(PlayersWorlds.Maps.Maze.BinaryTreeMazeGenerator,FullWidth,Manual,System.Collections.Generic.List`1[PlayersWorlds.Maps.Area])" fullname="PlayersWorlds.Maps.Maze.MazeGeneratorTest.IsFillComplete(PlayersWorlds.Maps.Maze.BinaryTreeMazeGenerator,FullWidth,Manual,System.Collections.Generic.List`1[PlayersWorlds.Maps.Area])" methodname="IsFillComplete" classname="PlayersWorlds.Maps.Maze.MazeGeneratorTest" runstate="Runnable" seed="1943611583" result="Skipped" label="Ignored" start-time="2024-06-28T22:01:15.9646030Z" end-time="2024-06-28T22:01:15.9646560Z" duration="0.000052" asserts="0" />
                <test-case id="1-1553" name="IsFillComplete(PlayersWorlds.Maps.Maze.BinaryTreeMazeGenerator,FullWidth,Manual,System.Collections.Generic.List`1[PlayersWorlds.Maps.Area])" fullname="PlayersWorlds.Maps.Maze.MazeGeneratorTest.IsFillComplete(PlayersWorlds.Maps.Maze.BinaryTreeMazeGenerator,FullWidth,Manual,System.Collections.Generic.List`1[PlayersWorlds.Maps.Area])" methodname="IsFillComplete" classname="PlayersWorlds.Maps.Maze.MazeGeneratorTest" runstate="Runnable" seed="1348420778" result="Skipped" label="Ignored" start-time="2024-06-28T22:01:15.9646600Z" end-time="2024-06-28T22:01:15.9647150Z" duration="0.000054" asserts="0" />
                <test-case id="1-1554" name="IsFillComplete(PlayersWorlds.Maps.Maze.BinaryTreeMazeGenerator,FullWidth,Manual,System.Collections.Generic.List`1[PlayersWorlds.Maps.Area])" fullname="PlayersWorlds.Maps.Maze.MazeGeneratorTest.IsFillComplete(PlayersWorlds.Maps.Maze.BinaryTreeMazeGenerator,FullWidth,Manual,System.Collections.Generic.List`1[PlayersWorlds.Maps.Area])" methodname="IsFillComplete" classname="PlayersWorlds.Maps.Maze.MazeGeneratorTest" runstate="Runnable" seed="270406379" result="Skipped" label="Ignored" start-time="2024-06-28T22:01:15.9647200Z" end-time="2024-06-28T22:01:15.9647760Z" duration="0.000056" asserts="0" />
                <test-case id="1-1555" name="IsFillComplete(PlayersWorlds.Maps.Maze.BinaryTreeMazeGenerator,FullWidth,Manual,System.Collections.Generic.List`1[PlayersWorlds.Maps.Area])" fullname="PlayersWorlds.Maps.Maze.MazeGeneratorTest.IsFillComplete(PlayersWorlds.Maps.Maze.BinaryTreeMazeGenerator,FullWidth,Manual,System.Collections.Generic.List`1[PlayersWorlds.Maps.Area])" methodname="IsFillComplete" classname="PlayersWorlds.Maps.Maze.MazeGeneratorTest" runstate="Runnable" seed="1880742272" result="Skipped" label="Ignored" start-time="2024-06-28T22:01:15.9647810Z" end-time="2024-06-28T22:01:15.9648370Z" duration="0.000056" asserts="0" />
                <test-case id="1-1556" name="IsFillComplete(PlayersWorlds.Maps.Maze.BinaryTreeMazeGenerator,FullWidth,Manual,System.Collections.Generic.List`1[PlayersWorlds.Maps.Area])" fullname="PlayersWorlds.Maps.Maze.MazeGeneratorTest.IsFillComplete(PlayersWorlds.Maps.Maze.BinaryTreeMazeGenerator,FullWidth,Manual,System.Collections.Generic.List`1[PlayersWorlds.Maps.Area])" methodname="IsFillComplete" classname="PlayersWorlds.Maps.Maze.MazeGeneratorTest" runstate="Runnable" seed="723351136" result="Skipped" label="Ignored" start-time="2024-06-28T22:01:15.9648420Z" end-time="2024-06-28T22:01:15.9648930Z" duration="0.000051" asserts="0" />
                <test-case id="1-1557" name="IsFillComplete(PlayersWorlds.Maps.Maze.BinaryTreeMazeGenerator,FullHeight,Auto,null)" fullname="PlayersWorlds.Maps.Maze.MazeGeneratorTest.IsFillComplete(PlayersWorlds.Maps.Maze.BinaryTreeMazeGenerator,FullHeight,Auto,null)" methodname="IsFillComplete" classname="PlayersWorlds.Maps.Maze.MazeGeneratorTest" runstate="Runnable" seed="1962108657" result="Skipped" label="Ignored" start-time="2024-06-28T22:01:15.9648990Z" end-time="2024-06-28T22:01:15.9649500Z" duration="0.000051" asserts="0" />
                <test-case id="1-1558" name="IsFillComplete(PlayersWorlds.Maps.Maze.BinaryTreeMazeGenerator,FullHeight,Auto,System.Collections.Generic.List`1[PlayersWorlds.Maps.Area])" fullname="PlayersWorlds.Maps.Maze.MazeGeneratorTest.IsFillComplete(PlayersWorlds.Maps.Maze.BinaryTreeMazeGenerator,FullHeight,Auto,System.Collections.Generic.List`1[PlayersWorlds.Maps.Area])" methodname="IsFillComplete" classname="PlayersWorlds.Maps.Maze.MazeGeneratorTest" runstate="Runnable" seed="146858221" result="Skipped" label="Ignored" start-time="2024-06-28T22:01:15.9649550Z" end-time="2024-06-28T22:01:15.9650100Z" duration="0.000054" asserts="0" />
                <test-case id="1-1559" name="IsFillComplete(PlayersWorlds.Maps.Maze.BinaryTreeMazeGenerator,FullHeight,Auto,System.Collections.Generic.List`1[PlayersWorlds.Maps.Area])" fullname="PlayersWorlds.Maps.Maze.MazeGeneratorTest.IsFillComplete(PlayersWorlds.Maps.Maze.BinaryTreeMazeGenerator,FullHeight,Auto,System.Collections.Generic.List`1[PlayersWorlds.Maps.Area])" methodname="IsFillComplete" classname="PlayersWorlds.Maps.Maze.MazeGeneratorTest" runstate="Runnable" seed="1640626984" result="Skipped" label="Ignored" start-time="2024-06-28T22:01:15.9650150Z" end-time="2024-06-28T22:01:15.9650700Z" duration="0.000055" asserts="0" />
                <test-case id="1-1560" name="IsFillComplete(PlayersWorlds.Maps.Maze.BinaryTreeMazeGenerator,FullHeight,Auto,System.Collections.Generic.List`1[PlayersWorlds.Maps.Area])" fullname="PlayersWorlds.Maps.Maze.MazeGeneratorTest.IsFillComplete(PlayersWorlds.Maps.Maze.BinaryTreeMazeGenerator,FullHeight,Auto,System.Collections.Generic.List`1[PlayersWorlds.Maps.Area])" methodname="IsFillComplete" classname="PlayersWorlds.Maps.Maze.MazeGeneratorTest" runstate="Runnable" seed="1074681481" result="Skipped" label="Ignored" start-time="2024-06-28T22:01:15.9650760Z" end-time="2024-06-28T22:01:15.9651280Z" duration="0.000052" asserts="0" />
                <test-case id="1-1561" name="IsFillComplete(PlayersWorlds.Maps.Maze.BinaryTreeMazeGenerator,FullHeight,Auto,System.Collections.Generic.List`1[PlayersWorlds.Maps.Area])" fullname="PlayersWorlds.Maps.Maze.MazeGeneratorTest.IsFillComplete(PlayersWorlds.Maps.Maze.BinaryTreeMazeGenerator,FullHeight,Auto,System.Collections.Generic.List`1[PlayersWorlds.Maps.Area])" methodname="IsFillComplete" classname="PlayersWorlds.Maps.Maze.MazeGeneratorTest" runstate="Runnable" seed="1177161954" result="Skipped" label="Ignored" start-time="2024-06-28T22:01:15.9651330Z" end-time="2024-06-28T22:01:15.9651840Z" duration="0.000050" asserts="0" />
                <test-case id="1-1562" name="IsFillComplete(PlayersWorlds.Maps.Maze.BinaryTreeMazeGenerator,FullHeight,Auto,System.Collections.Generic.List`1[PlayersWorlds.Maps.Area])" fullname="PlayersWorlds.Maps.Maze.MazeGeneratorTest.IsFillComplete(PlayersWorlds.Maps.Maze.BinaryTreeMazeGenerator,FullHeight,Auto,System.Collections.Generic.List`1[PlayersWorlds.Maps.Area])" methodname="IsFillComplete" classname="PlayersWorlds.Maps.Maze.MazeGeneratorTest" runstate="Runnable" seed="310834234" result="Skipped" label="Ignored" start-time="2024-06-28T22:01:15.9651890Z" end-time="2024-06-28T22:01:15.9652410Z" duration="0.000052" asserts="0" />
                <test-case id="1-1563" name="IsFillComplete(PlayersWorlds.Maps.Maze.BinaryTreeMazeGenerator,FullHeight,Manual,null)" fullname="PlayersWorlds.Maps.Maze.MazeGeneratorTest.IsFillComplete(PlayersWorlds.Maps.Maze.BinaryTreeMazeGenerator,FullHeight,Manual,null)" methodname="IsFillComplete" classname="PlayersWorlds.Maps.Maze.MazeGeneratorTest" runstate="Runnable" seed="738473549" result="Skipped" label="Ignored" start-time="2024-06-28T22:01:15.9652460Z" end-time="2024-06-28T22:01:15.9653010Z" duration="0.000055" asserts="0" />
                <test-case id="1-1564" name="IsFillComplete(PlayersWorlds.Maps.Maze.BinaryTreeMazeGenerator,FullHeight,Manual,System.Collections.Generic.List`1[PlayersWorlds.Maps.Area])" fullname="PlayersWorlds.Maps.Maze.MazeGeneratorTest.IsFillComplete(PlayersWorlds.Maps.Maze.BinaryTreeMazeGenerator,FullHeight,Manual,System.Collections.Generic.List`1[PlayersWorlds.Maps.Area])" methodname="IsFillComplete" classname="PlayersWorlds.Maps.Maze.MazeGeneratorTest" runstate="Runnable" seed="368606537" result="Skipped" label="Ignored" start-time="2024-06-28T22:01:15.9653060Z" end-time="2024-06-28T22:01:15.9653620Z" duration="0.000056" asserts="0" />
                <test-case id="1-1565" name="IsFillComplete(PlayersWorlds.Maps.Maze.BinaryTreeMazeGenerator,FullHeight,Manual,System.Collections.Generic.List`1[PlayersWorlds.Maps.Area])" fullname="PlayersWorlds.Maps.Maze.MazeGeneratorTest.IsFillComplete(PlayersWorlds.Maps.Maze.BinaryTreeMazeGenerator,FullHeight,Manual,System.Collections.Generic.List`1[PlayersWorlds.Maps.Area])" methodname="IsFillComplete" classname="PlayersWorlds.Maps.Maze.MazeGeneratorTest" runstate="Runnable" seed="90394348" result="Skipped" label="Ignored" start-time="2024-06-28T22:01:15.9653670Z" end-time="2024-06-28T22:01:15.9654180Z" duration="0.000051" asserts="0" />
                <test-case id="1-1566" name="IsFillComplete(PlayersWorlds.Maps.Maze.BinaryTreeMazeGenerator,FullHeight,Manual,System.Collections.Generic.List`1[PlayersWorlds.Maps.Area])" fullname="PlayersWorlds.Maps.Maze.MazeGeneratorTest.IsFillComplete(PlayersWorlds.Maps.Maze.BinaryTreeMazeGenerator,FullHeight,Manual,System.Collections.Generic.List`1[PlayersWorlds.Maps.Area])" methodname="IsFillComplete" classname="PlayersWorlds.Maps.Maze.MazeGeneratorTest" runstate="Runnable" seed="1055132394" result="Skipped" label="Ignored" start-time="2024-06-28T22:01:15.9654230Z" end-time="2024-06-28T22:01:15.9654730Z" duration="0.000051" asserts="0" />
                <test-case id="1-1567" name="IsFillComplete(PlayersWorlds.Maps.Maze.BinaryTreeMazeGenerator,FullHeight,Manual,System.Collections.Generic.List`1[PlayersWorlds.Maps.Area])" fullname="PlayersWorlds.Maps.Maze.MazeGeneratorTest.IsFillComplete(PlayersWorlds.Maps.Maze.BinaryTreeMazeGenerator,FullHeight,Manual,System.Collections.Generic.List`1[PlayersWorlds.Maps.Area])" methodname="IsFillComplete" classname="PlayersWorlds.Maps.Maze.MazeGeneratorTest" runstate="Runnable" seed="454999158" result="Skipped" label="Ignored" start-time="2024-06-28T22:01:15.9654780Z" end-time="2024-06-28T22:01:15.9655320Z" duration="0.000054" asserts="0" />
                <test-case id="1-1568" name="IsFillComplete(PlayersWorlds.Maps.Maze.BinaryTreeMazeGenerator,FullHeight,Manual,System.Collections.Generic.List`1[PlayersWorlds.Maps.Area])" fullname="PlayersWorlds.Maps.Maze.MazeGeneratorTest.IsFillComplete(PlayersWorlds.Maps.Maze.BinaryTreeMazeGenerator,FullHeight,Manual,System.Collections.Generic.List`1[PlayersWorlds.Maps.Area])" methodname="IsFillComplete" classname="PlayersWorlds.Maps.Maze.MazeGeneratorTest" runstate="Runnable" seed="273294232" result="Skipped" label="Ignored" start-time="2024-06-28T22:01:15.9655380Z" end-time="2024-06-28T22:01:15.9655920Z" duration="0.000054" asserts="0" />
                <test-case id="1-1569" name="IsFillComplete(PlayersWorlds.Maps.Maze.BinaryTreeMazeGenerator,Full,Auto,null)" fullname="PlayersWorlds.Maps.Maze.MazeGeneratorTest.IsFillComplete(PlayersWorlds.Maps.Maze.BinaryTreeMazeGenerator,Full,Auto,null)" methodname="IsFillComplete" classname="PlayersWorlds.Maps.Maze.MazeGeneratorTest" runstate="Runnable" seed="1545979594" result="Passed" start-time="2024-06-28T22:01:15.9655970Z" end-time="2024-06-28T22:01:15.9784940Z" duration="0.012897" asserts="5" />
                <test-case id="1-1570" name="IsFillComplete(PlayersWorlds.Maps.Maze.BinaryTreeMazeGenerator,Full,Auto,System.Collections.Generic.List`1[PlayersWorlds.Maps.Area])" fullname="PlayersWorlds.Maps.Maze.MazeGeneratorTest.IsFillComplete(PlayersWorlds.Maps.Maze.BinaryTreeMazeGenerator,Full,Auto,System.Collections.Generic.List`1[PlayersWorlds.Maps.Area])" methodname="IsFillComplete" classname="PlayersWorlds.Maps.Maze.MazeGeneratorTest" runstate="Runnable" seed="882491294" result="Passed" start-time="2024-06-28T22:01:15.9785020Z" end-time="2024-06-28T22:01:15.9965840Z" duration="0.018082" asserts="5" />
                <test-case id="1-1571" name="IsFillComplete(PlayersWorlds.Maps.Maze.BinaryTreeMazeGenerator,Full,Auto,System.Collections.Generic.List`1[PlayersWorlds.Maps.Area])" fullname="PlayersWorlds.Maps.Maze.MazeGeneratorTest.IsFillComplete(PlayersWorlds.Maps.Maze.BinaryTreeMazeGenerator,Full,Auto,System.Collections.Generic.List`1[PlayersWorlds.Maps.Area])" methodname="IsFillComplete" classname="PlayersWorlds.Maps.Maze.MazeGeneratorTest" runstate="Runnable" seed="718976252" result="Passed" start-time="2024-06-28T22:01:15.9965920Z" end-time="2024-06-28T22:01:16.0248580Z" duration="0.028266" asserts="5" />
                <test-case id="1-1572" name="IsFillComplete(PlayersWorlds.Maps.Maze.BinaryTreeMazeGenerator,Full,Auto,System.Collections.Generic.List`1[PlayersWorlds.Maps.Area])" fullname="PlayersWorlds.Maps.Maze.MazeGeneratorTest.IsFillComplete(PlayersWorlds.Maps.Maze.BinaryTreeMazeGenerator,Full,Auto,System.Collections.Generic.List`1[PlayersWorlds.Maps.Area])" methodname="IsFillComplete" classname="PlayersWorlds.Maps.Maze.MazeGeneratorTest" runstate="Runnable" seed="1144676390" result="Passed" start-time="2024-06-28T22:01:16.0248780Z" end-time="2024-06-28T22:01:16.0482530Z" duration="0.023375" asserts="5" />
                <test-case id="1-1573" name="IsFillComplete(PlayersWorlds.Maps.Maze.BinaryTreeMazeGenerator,Full,Auto,System.Collections.Generic.List`1[PlayersWorlds.Maps.Area])" fullname="PlayersWorlds.Maps.Maze.MazeGeneratorTest.IsFillComplete(PlayersWorlds.Maps.Maze.BinaryTreeMazeGenerator,Full,Auto,System.Collections.Generic.List`1[PlayersWorlds.Maps.Area])" methodname="IsFillComplete" classname="PlayersWorlds.Maps.Maze.MazeGeneratorTest" runstate="Runnable" seed="1420684622" result="Passed" start-time="2024-06-28T22:01:16.0482640Z" end-time="2024-06-28T22:01:16.0765640Z" duration="0.028300" asserts="5" />
                <test-case id="1-1574" name="IsFillComplete(PlayersWorlds.Maps.Maze.BinaryTreeMazeGenerator,Full,Auto,System.Collections.Generic.List`1[PlayersWorlds.Maps.Area])" fullname="PlayersWorlds.Maps.Maze.MazeGeneratorTest.IsFillComplete(PlayersWorlds.Maps.Maze.BinaryTreeMazeGenerator,Full,Auto,System.Collections.Generic.List`1[PlayersWorlds.Maps.Area])" methodname="IsFillComplete" classname="PlayersWorlds.Maps.Maze.MazeGeneratorTest" runstate="Runnable" seed="371704303" result="Passed" start-time="2024-06-28T22:01:16.0765750Z" end-time="2024-06-28T22:01:16.1200660Z" duration="0.043490" asserts="5" />
                <test-case id="1-1575" name="IsFillComplete(PlayersWorlds.Maps.Maze.BinaryTreeMazeGenerator,Full,Manual,null)" fullname="PlayersWorlds.Maps.Maze.MazeGeneratorTest.IsFillComplete(PlayersWorlds.Maps.Maze.BinaryTreeMazeGenerator,Full,Manual,null)" methodname="IsFillComplete" classname="PlayersWorlds.Maps.Maze.MazeGeneratorTest" runstate="Runnable" seed="1636642241" result="Passed" start-time="2024-06-28T22:01:16.1200770Z" end-time="2024-06-28T22:01:16.1273860Z" duration="0.007309" asserts="5" />
                <test-case id="1-1576" name="IsFillComplete(PlayersWorlds.Maps.Maze.BinaryTreeMazeGenerator,Full,Manual,System.Collections.Generic.List`1[PlayersWorlds.Maps.Area])" fullname="PlayersWorlds.Maps.Maze.MazeGeneratorTest.IsFillComplete(PlayersWorlds.Maps.Maze.BinaryTreeMazeGenerator,Full,Manual,System.Collections.Generic.List`1[PlayersWorlds.Maps.Area])" methodname="IsFillComplete" classname="PlayersWorlds.Maps.Maze.MazeGeneratorTest" runstate="Runnable" seed="493934139" result="Passed" start-time="2024-06-28T22:01:16.1273970Z" end-time="2024-06-28T22:01:16.1346750Z" duration="0.007278" asserts="5" />
                <test-case id="1-1577" name="IsFillComplete(PlayersWorlds.Maps.Maze.BinaryTreeMazeGenerator,Full,Manual,System.Collections.Generic.List`1[PlayersWorlds.Maps.Area])" fullname="PlayersWorlds.Maps.Maze.MazeGeneratorTest.IsFillComplete(PlayersWorlds.Maps.Maze.BinaryTreeMazeGenerator,Full,Manual,System.Collections.Generic.List`1[PlayersWorlds.Maps.Area])" methodname="IsFillComplete" classname="PlayersWorlds.Maps.Maze.MazeGeneratorTest" runstate="Runnable" seed="998647747" result="Passed" start-time="2024-06-28T22:01:16.1346860Z" end-time="2024-06-28T22:01:16.1420620Z" duration="0.007377" asserts="5" />
                <test-case id="1-1578" name="IsFillComplete(PlayersWorlds.Maps.Maze.BinaryTreeMazeGenerator,Full,Manual,System.Collections.Generic.List`1[PlayersWorlds.Maps.Area])" fullname="PlayersWorlds.Maps.Maze.MazeGeneratorTest.IsFillComplete(PlayersWorlds.Maps.Maze.BinaryTreeMazeGenerator,Full,Manual,System.Collections.Generic.List`1[PlayersWorlds.Maps.Area])" methodname="IsFillComplete" classname="PlayersWorlds.Maps.Maze.MazeGeneratorTest" runstate="Runnable" seed="772618540" result="Passed" start-time="2024-06-28T22:01:16.1420750Z" end-time="2024-06-28T22:01:16.1493070Z" duration="0.007233" asserts="5" />
                <test-case id="1-1579" name="IsFillComplete(PlayersWorlds.Maps.Maze.BinaryTreeMazeGenerator,Full,Manual,System.Collections.Generic.List`1[PlayersWorlds.Maps.Area])" fullname="PlayersWorlds.Maps.Maze.MazeGeneratorTest.IsFillComplete(PlayersWorlds.Maps.Maze.BinaryTreeMazeGenerator,Full,Manual,System.Collections.Generic.List`1[PlayersWorlds.Maps.Area])" methodname="IsFillComplete" classname="PlayersWorlds.Maps.Maze.MazeGeneratorTest" runstate="Runnable" seed="804960489" result="Passed" start-time="2024-06-28T22:01:16.1493260Z" end-time="2024-06-28T22:01:16.1556710Z" duration="0.006345" asserts="5" />
                <test-case id="1-1580" name="IsFillComplete(PlayersWorlds.Maps.Maze.BinaryTreeMazeGenerator,Full,Manual,System.Collections.Generic.List`1[PlayersWorlds.Maps.Area])" fullname="PlayersWorlds.Maps.Maze.MazeGeneratorTest.IsFillComplete(PlayersWorlds.Maps.Maze.BinaryTreeMazeGenerator,Full,Manual,System.Collections.Generic.List`1[PlayersWorlds.Maps.Area])" methodname="IsFillComplete" classname="PlayersWorlds.Maps.Maze.MazeGeneratorTest" runstate="Runnable" seed="585031595" result="Passed" start-time="2024-06-28T22:01:16.1556820Z" end-time="2024-06-28T22:01:16.1622990Z" duration="0.006617" asserts="5" />
                <test-case id="1-1581" name="IsFillComplete(PlayersWorlds.Maps.Maze.HuntAndKillMazeGenerator,Quarter,Auto,null)" fullname="PlayersWorlds.Maps.Maze.MazeGeneratorTest.IsFillComplete(PlayersWorlds.Maps.Maze.HuntAndKillMazeGenerator,Quarter,Auto,null)" methodname="IsFillComplete" classname="PlayersWorlds.Maps.Maze.MazeGeneratorTest" runstate="Runnable" seed="241230496" result="Passed" start-time="2024-06-28T22:01:16.1623100Z" end-time="2024-06-28T22:01:16.1796180Z" duration="0.017309" asserts="5" />
                <test-case id="1-1582" name="IsFillComplete(PlayersWorlds.Maps.Maze.HuntAndKillMazeGenerator,Quarter,Auto,System.Collections.Generic.List`1[PlayersWorlds.Maps.Area])" fullname="PlayersWorlds.Maps.Maze.MazeGeneratorTest.IsFillComplete(PlayersWorlds.Maps.Maze.HuntAndKillMazeGenerator,Quarter,Auto,System.Collections.Generic.List`1[PlayersWorlds.Maps.Area])" methodname="IsFillComplete" classname="PlayersWorlds.Maps.Maze.MazeGeneratorTest" runstate="Runnable" seed="1545089800" result="Passed" start-time="2024-06-28T22:01:16.1796290Z" end-time="2024-06-28T22:01:16.1976700Z" duration="0.018041" asserts="5" />
                <test-case id="1-1583" name="IsFillComplete(PlayersWorlds.Maps.Maze.HuntAndKillMazeGenerator,Quarter,Auto,System.Collections.Generic.List`1[PlayersWorlds.Maps.Area])" fullname="PlayersWorlds.Maps.Maze.MazeGeneratorTest.IsFillComplete(PlayersWorlds.Maps.Maze.HuntAndKillMazeGenerator,Quarter,Auto,System.Collections.Generic.List`1[PlayersWorlds.Maps.Area])" methodname="IsFillComplete" classname="PlayersWorlds.Maps.Maze.MazeGeneratorTest" runstate="Runnable" seed="713144556" result="Passed" start-time="2024-06-28T22:01:16.1976810Z" end-time="2024-06-28T22:01:16.2250730Z" duration="0.027392" asserts="5" />
                <test-case id="1-1584" name="IsFillComplete(PlayersWorlds.Maps.Maze.HuntAndKillMazeGenerator,Quarter,Auto,System.Collections.Generic.List`1[PlayersWorlds.Maps.Area])" fullname="PlayersWorlds.Maps.Maze.MazeGeneratorTest.IsFillComplete(PlayersWorlds.Maps.Maze.HuntAndKillMazeGenerator,Quarter,Auto,System.Collections.Generic.List`1[PlayersWorlds.Maps.Area])" methodname="IsFillComplete" classname="PlayersWorlds.Maps.Maze.MazeGeneratorTest" runstate="Runnable" seed="795960657" result="Passed" start-time="2024-06-28T22:01:16.2250840Z" end-time="2024-06-28T22:01:16.2535060Z" duration="0.028422" asserts="5" />
                <test-case id="1-1585" name="IsFillComplete(PlayersWorlds.Maps.Maze.HuntAndKillMazeGenerator,Quarter,Auto,System.Collections.Generic.List`1[PlayersWorlds.Maps.Area])" fullname="PlayersWorlds.Maps.Maze.MazeGeneratorTest.IsFillComplete(PlayersWorlds.Maps.Maze.HuntAndKillMazeGenerator,Quarter,Auto,System.Collections.Generic.List`1[PlayersWorlds.Maps.Area])" methodname="IsFillComplete" classname="PlayersWorlds.Maps.Maze.MazeGeneratorTest" runstate="Runnable" seed="1984731712" result="Passed" start-time="2024-06-28T22:01:16.2535190Z" end-time="2024-06-28T22:01:16.3248500Z" duration="0.071331" asserts="5" />
                <test-case id="1-1586" name="IsFillComplete(PlayersWorlds.Maps.Maze.HuntAndKillMazeGenerator,Quarter,Auto,System.Collections.Generic.List`1[PlayersWorlds.Maps.Area])" fullname="PlayersWorlds.Maps.Maze.MazeGeneratorTest.IsFillComplete(PlayersWorlds.Maps.Maze.HuntAndKillMazeGenerator,Quarter,Auto,System.Collections.Generic.List`1[PlayersWorlds.Maps.Area])" methodname="IsFillComplete" classname="PlayersWorlds.Maps.Maze.MazeGeneratorTest" runstate="Runnable" seed="475205213" result="Passed" start-time="2024-06-28T22:01:16.3248650Z" end-time="2024-06-28T22:01:16.3468170Z" duration="0.021951" asserts="5" />
                <test-case id="1-1587" name="IsFillComplete(PlayersWorlds.Maps.Maze.HuntAndKillMazeGenerator,Quarter,Manual,null)" fullname="PlayersWorlds.Maps.Maze.MazeGeneratorTest.IsFillComplete(PlayersWorlds.Maps.Maze.HuntAndKillMazeGenerator,Quarter,Manual,null)" methodname="IsFillComplete" classname="PlayersWorlds.Maps.Maze.MazeGeneratorTest" runstate="Runnable" seed="1778022664" result="Passed" start-time="2024-06-28T22:01:16.3468280Z" end-time="2024-06-28T22:01:16.3526700Z" duration="0.005842" asserts="5" />
                <test-case id="1-1588" name="IsFillComplete(PlayersWorlds.Maps.Maze.HuntAndKillMazeGenerator,Quarter,Manual,System.Collections.Generic.List`1[PlayersWorlds.Maps.Area])" fullname="PlayersWorlds.Maps.Maze.MazeGeneratorTest.IsFillComplete(PlayersWorlds.Maps.Maze.HuntAndKillMazeGenerator,Quarter,Manual,System.Collections.Generic.List`1[PlayersWorlds.Maps.Area])" methodname="IsFillComplete" classname="PlayersWorlds.Maps.Maze.MazeGeneratorTest" runstate="Runnable" seed="52845139" result="Passed" start-time="2024-06-28T22:01:16.3526800Z" end-time="2024-06-28T22:01:16.3588090Z" duration="0.006129" asserts="5" />
                <test-case id="1-1589" name="IsFillComplete(PlayersWorlds.Maps.Maze.HuntAndKillMazeGenerator,Quarter,Manual,System.Collections.Generic.List`1[PlayersWorlds.Maps.Area])" fullname="PlayersWorlds.Maps.Maze.MazeGeneratorTest.IsFillComplete(PlayersWorlds.Maps.Maze.HuntAndKillMazeGenerator,Quarter,Manual,System.Collections.Generic.List`1[PlayersWorlds.Maps.Area])" methodname="IsFillComplete" classname="PlayersWorlds.Maps.Maze.MazeGeneratorTest" runstate="Runnable" seed="1766916901" result="Passed" start-time="2024-06-28T22:01:16.3588190Z" end-time="2024-06-28T22:01:16.3642010Z" duration="0.005382" asserts="5" />
                <test-case id="1-1590" name="IsFillComplete(PlayersWorlds.Maps.Maze.HuntAndKillMazeGenerator,Quarter,Manual,System.Collections.Generic.List`1[PlayersWorlds.Maps.Area])" fullname="PlayersWorlds.Maps.Maze.MazeGeneratorTest.IsFillComplete(PlayersWorlds.Maps.Maze.HuntAndKillMazeGenerator,Quarter,Manual,System.Collections.Generic.List`1[PlayersWorlds.Maps.Area])" methodname="IsFillComplete" classname="PlayersWorlds.Maps.Maze.MazeGeneratorTest" runstate="Runnable" seed="1016234321" result="Passed" start-time="2024-06-28T22:01:16.3642110Z" end-time="2024-06-28T22:01:16.3699340Z" duration="0.005723" asserts="5" />
                <test-case id="1-1591" name="IsFillComplete(PlayersWorlds.Maps.Maze.HuntAndKillMazeGenerator,Quarter,Manual,System.Collections.Generic.List`1[PlayersWorlds.Maps.Area])" fullname="PlayersWorlds.Maps.Maze.MazeGeneratorTest.IsFillComplete(PlayersWorlds.Maps.Maze.HuntAndKillMazeGenerator,Quarter,Manual,System.Collections.Generic.List`1[PlayersWorlds.Maps.Area])" methodname="IsFillComplete" classname="PlayersWorlds.Maps.Maze.MazeGeneratorTest" runstate="Runnable" seed="1979920863" result="Passed" start-time="2024-06-28T22:01:16.3699440Z" end-time="2024-06-28T22:01:16.3755700Z" duration="0.005627" asserts="5" />
                <test-case id="1-1592" name="IsFillComplete(PlayersWorlds.Maps.Maze.HuntAndKillMazeGenerator,Quarter,Manual,System.Collections.Generic.List`1[PlayersWorlds.Maps.Area])" fullname="PlayersWorlds.Maps.Maze.MazeGeneratorTest.IsFillComplete(PlayersWorlds.Maps.Maze.HuntAndKillMazeGenerator,Quarter,Manual,System.Collections.Generic.List`1[PlayersWorlds.Maps.Area])" methodname="IsFillComplete" classname="PlayersWorlds.Maps.Maze.MazeGeneratorTest" runstate="Runnable" seed="1048565697" result="Passed" start-time="2024-06-28T22:01:16.3755810Z" end-time="2024-06-28T22:01:16.3810260Z" duration="0.005446" asserts="5" />
                <test-case id="1-1593" name="IsFillComplete(PlayersWorlds.Maps.Maze.HuntAndKillMazeGenerator,Half,Auto,null)" fullname="PlayersWorlds.Maps.Maze.MazeGeneratorTest.IsFillComplete(PlayersWorlds.Maps.Maze.HuntAndKillMazeGenerator,Half,Auto,null)" methodname="IsFillComplete" classname="PlayersWorlds.Maps.Maze.MazeGeneratorTest" runstate="Runnable" seed="2020926585" result="Passed" start-time="2024-06-28T22:01:16.3810370Z" end-time="2024-06-28T22:01:16.3985460Z" duration="0.017509" asserts="5" />
                <test-case id="1-1594" name="IsFillComplete(PlayersWorlds.Maps.Maze.HuntAndKillMazeGenerator,Half,Auto,System.Collections.Generic.List`1[PlayersWorlds.Maps.Area])" fullname="PlayersWorlds.Maps.Maze.MazeGeneratorTest.IsFillComplete(PlayersWorlds.Maps.Maze.HuntAndKillMazeGenerator,Half,Auto,System.Collections.Generic.List`1[PlayersWorlds.Maps.Area])" methodname="IsFillComplete" classname="PlayersWorlds.Maps.Maze.MazeGeneratorTest" runstate="Runnable" seed="1176859344" result="Passed" start-time="2024-06-28T22:01:16.3985570Z" end-time="2024-06-28T22:01:16.4169470Z" duration="0.018390" asserts="5" />
                <test-case id="1-1595" name="IsFillComplete(PlayersWorlds.Maps.Maze.HuntAndKillMazeGenerator,Half,Auto,System.Collections.Generic.List`1[PlayersWorlds.Maps.Area])" fullname="PlayersWorlds.Maps.Maze.MazeGeneratorTest.IsFillComplete(PlayersWorlds.Maps.Maze.HuntAndKillMazeGenerator,Half,Auto,System.Collections.Generic.List`1[PlayersWorlds.Maps.Area])" methodname="IsFillComplete" classname="PlayersWorlds.Maps.Maze.MazeGeneratorTest" runstate="Runnable" seed="1936910923" result="Passed" start-time="2024-06-28T22:01:16.4169580Z" end-time="2024-06-28T22:01:16.4404690Z" duration="0.023511" asserts="5" />
                <test-case id="1-1596" name="IsFillComplete(PlayersWorlds.Maps.Maze.HuntAndKillMazeGenerator,Half,Auto,System.Collections.Generic.List`1[PlayersWorlds.Maps.Area])" fullname="PlayersWorlds.Maps.Maze.MazeGeneratorTest.IsFillComplete(PlayersWorlds.Maps.Maze.HuntAndKillMazeGenerator,Half,Auto,System.Collections.Generic.List`1[PlayersWorlds.Maps.Area])" methodname="IsFillComplete" classname="PlayersWorlds.Maps.Maze.MazeGeneratorTest" runstate="Runnable" seed="1987999833" result="Passed" start-time="2024-06-28T22:01:16.4404800Z" end-time="2024-06-28T22:01:16.4677290Z" duration="0.027249" asserts="5" />
                <test-case id="1-1597" name="IsFillComplete(PlayersWorlds.Maps.Maze.HuntAndKillMazeGenerator,Half,Auto,System.Collections.Generic.List`1[PlayersWorlds.Maps.Area])" fullname="PlayersWorlds.Maps.Maze.MazeGeneratorTest.IsFillComplete(PlayersWorlds.Maps.Maze.HuntAndKillMazeGenerator,Half,Auto,System.Collections.Generic.List`1[PlayersWorlds.Maps.Area])" methodname="IsFillComplete" classname="PlayersWorlds.Maps.Maze.MazeGeneratorTest" runstate="Runnable" seed="775142986" result="Passed" start-time="2024-06-28T22:01:16.4677400Z" end-time="2024-06-28T22:01:16.4892890Z" duration="0.021549" asserts="5" />
                <test-case id="1-1598" name="IsFillComplete(PlayersWorlds.Maps.Maze.HuntAndKillMazeGenerator,Half,Auto,System.Collections.Generic.List`1[PlayersWorlds.Maps.Area])" fullname="PlayersWorlds.Maps.Maze.MazeGeneratorTest.IsFillComplete(PlayersWorlds.Maps.Maze.HuntAndKillMazeGenerator,Half,Auto,System.Collections.Generic.List`1[PlayersWorlds.Maps.Area])" methodname="IsFillComplete" classname="PlayersWorlds.Maps.Maze.MazeGeneratorTest" runstate="Runnable" seed="1136398466" result="Passed" start-time="2024-06-28T22:01:16.4893010Z" end-time="2024-06-28T22:01:16.5171510Z" duration="0.027850" asserts="5" />
                <test-case id="1-1599" name="IsFillComplete(PlayersWorlds.Maps.Maze.HuntAndKillMazeGenerator,Half,Manual,null)" fullname="PlayersWorlds.Maps.Maze.MazeGeneratorTest.IsFillComplete(PlayersWorlds.Maps.Maze.HuntAndKillMazeGenerator,Half,Manual,null)" methodname="IsFillComplete" classname="PlayersWorlds.Maps.Maze.MazeGeneratorTest" runstate="Runnable" seed="120007811" result="Passed" start-time="2024-06-28T22:01:16.5171620Z" end-time="2024-06-28T22:01:16.5237190Z" duration="0.006557" asserts="5" />
                <test-case id="1-1600" name="IsFillComplete(PlayersWorlds.Maps.Maze.HuntAndKillMazeGenerator,Half,Manual,System.Collections.Generic.List`1[PlayersWorlds.Maps.Area])" fullname="PlayersWorlds.Maps.Maze.MazeGeneratorTest.IsFillComplete(PlayersWorlds.Maps.Maze.HuntAndKillMazeGenerator,Half,Manual,System.Collections.Generic.List`1[PlayersWorlds.Maps.Area])" methodname="IsFillComplete" classname="PlayersWorlds.Maps.Maze.MazeGeneratorTest" runstate="Runnable" seed="798436661" result="Passed" start-time="2024-06-28T22:01:16.5237290Z" end-time="2024-06-28T22:01:16.5302010Z" duration="0.006472" asserts="5" />
                <test-case id="1-1601" name="IsFillComplete(PlayersWorlds.Maps.Maze.HuntAndKillMazeGenerator,Half,Manual,System.Collections.Generic.List`1[PlayersWorlds.Maps.Area])" fullname="PlayersWorlds.Maps.Maze.MazeGeneratorTest.IsFillComplete(PlayersWorlds.Maps.Maze.HuntAndKillMazeGenerator,Half,Manual,System.Collections.Generic.List`1[PlayersWorlds.Maps.Area])" methodname="IsFillComplete" classname="PlayersWorlds.Maps.Maze.MazeGeneratorTest" runstate="Runnable" seed="1137970881" result="Passed" start-time="2024-06-28T22:01:16.5302120Z" end-time="2024-06-28T22:01:16.5369790Z" duration="0.006768" asserts="5" />
                <test-case id="1-1602" name="IsFillComplete(PlayersWorlds.Maps.Maze.HuntAndKillMazeGenerator,Half,Manual,System.Collections.Generic.List`1[PlayersWorlds.Maps.Area])" fullname="PlayersWorlds.Maps.Maze.MazeGeneratorTest.IsFillComplete(PlayersWorlds.Maps.Maze.HuntAndKillMazeGenerator,Half,Manual,System.Collections.Generic.List`1[PlayersWorlds.Maps.Area])" methodname="IsFillComplete" classname="PlayersWorlds.Maps.Maze.MazeGeneratorTest" runstate="Runnable" seed="62168183" result="Passed" start-time="2024-06-28T22:01:16.5369900Z" end-time="2024-06-28T22:01:16.5428460Z" duration="0.005856" asserts="5" />
                <test-case id="1-1603" name="IsFillComplete(PlayersWorlds.Maps.Maze.HuntAndKillMazeGenerator,Half,Manual,System.Collections.Generic.List`1[PlayersWorlds.Maps.Area])" fullname="PlayersWorlds.Maps.Maze.MazeGeneratorTest.IsFillComplete(PlayersWorlds.Maps.Maze.HuntAndKillMazeGenerator,Half,Manual,System.Collections.Generic.List`1[PlayersWorlds.Maps.Area])" methodname="IsFillComplete" classname="PlayersWorlds.Maps.Maze.MazeGeneratorTest" runstate="Runnable" seed="1330841318" result="Passed" start-time="2024-06-28T22:01:16.5428570Z" end-time="2024-06-28T22:01:16.5489210Z" duration="0.006065" asserts="5" />
                <test-case id="1-1604" name="IsFillComplete(PlayersWorlds.Maps.Maze.HuntAndKillMazeGenerator,Half,Manual,System.Collections.Generic.List`1[PlayersWorlds.Maps.Area])" fullname="PlayersWorlds.Maps.Maze.MazeGeneratorTest.IsFillComplete(PlayersWorlds.Maps.Maze.HuntAndKillMazeGenerator,Half,Manual,System.Collections.Generic.List`1[PlayersWorlds.Maps.Area])" methodname="IsFillComplete" classname="PlayersWorlds.Maps.Maze.MazeGeneratorTest" runstate="Runnable" seed="1449835997" result="Passed" start-time="2024-06-28T22:01:16.5489320Z" end-time="2024-06-28T22:01:16.5551340Z" duration="0.006203" asserts="5" />
                <test-case id="1-1605" name="IsFillComplete(PlayersWorlds.Maps.Maze.HuntAndKillMazeGenerator,ThreeQuarters,Auto,null)" fullname="PlayersWorlds.Maps.Maze.MazeGeneratorTest.IsFillComplete(PlayersWorlds.Maps.Maze.HuntAndKillMazeGenerator,ThreeQuarters,Auto,null)" methodname="IsFillComplete" classname="PlayersWorlds.Maps.Maze.MazeGeneratorTest" runstate="Runnable" seed="119574446" result="Passed" start-time="2024-06-28T22:01:16.5551450Z" end-time="2024-06-28T22:01:16.5661730Z" duration="0.011028" asserts="5" />
                <test-case id="1-1606" name="IsFillComplete(PlayersWorlds.Maps.Maze.HuntAndKillMazeGenerator,ThreeQuarters,Auto,System.Collections.Generic.List`1[PlayersWorlds.Maps.Area])" fullname="PlayersWorlds.Maps.Maze.MazeGeneratorTest.IsFillComplete(PlayersWorlds.Maps.Maze.HuntAndKillMazeGenerator,ThreeQuarters,Auto,System.Collections.Generic.List`1[PlayersWorlds.Maps.Area])" methodname="IsFillComplete" classname="PlayersWorlds.Maps.Maze.MazeGeneratorTest" runstate="Runnable" seed="222120819" result="Passed" start-time="2024-06-28T22:01:16.5661840Z" end-time="2024-06-28T22:01:16.5796260Z" duration="0.013442" asserts="5" />
                <test-case id="1-1607" name="IsFillComplete(PlayersWorlds.Maps.Maze.HuntAndKillMazeGenerator,ThreeQuarters,Auto,System.Collections.Generic.List`1[PlayersWorlds.Maps.Area])" fullname="PlayersWorlds.Maps.Maze.MazeGeneratorTest.IsFillComplete(PlayersWorlds.Maps.Maze.HuntAndKillMazeGenerator,ThreeQuarters,Auto,System.Collections.Generic.List`1[PlayersWorlds.Maps.Area])" methodname="IsFillComplete" classname="PlayersWorlds.Maps.Maze.MazeGeneratorTest" runstate="Runnable" seed="522926961" result="Passed" start-time="2024-06-28T22:01:16.5796360Z" end-time="2024-06-28T22:01:16.5999720Z" duration="0.020336" asserts="5" />
                <test-case id="1-1608" name="IsFillComplete(PlayersWorlds.Maps.Maze.HuntAndKillMazeGenerator,ThreeQuarters,Auto,System.Collections.Generic.List`1[PlayersWorlds.Maps.Area])" fullname="PlayersWorlds.Maps.Maze.MazeGeneratorTest.IsFillComplete(PlayersWorlds.Maps.Maze.HuntAndKillMazeGenerator,ThreeQuarters,Auto,System.Collections.Generic.List`1[PlayersWorlds.Maps.Area])" methodname="IsFillComplete" classname="PlayersWorlds.Maps.Maze.MazeGeneratorTest" runstate="Runnable" seed="976716475" result="Passed" start-time="2024-06-28T22:01:16.5999820Z" end-time="2024-06-28T22:01:16.6278310Z" duration="0.027849" asserts="5" />
                <test-case id="1-1609" name="IsFillComplete(PlayersWorlds.Maps.Maze.HuntAndKillMazeGenerator,ThreeQuarters,Auto,System.Collections.Generic.List`1[PlayersWorlds.Maps.Area])" fullname="PlayersWorlds.Maps.Maze.MazeGeneratorTest.IsFillComplete(PlayersWorlds.Maps.Maze.HuntAndKillMazeGenerator,ThreeQuarters,Auto,System.Collections.Generic.List`1[PlayersWorlds.Maps.Area])" methodname="IsFillComplete" classname="PlayersWorlds.Maps.Maze.MazeGeneratorTest" runstate="Runnable" seed="781247785" result="Passed" start-time="2024-06-28T22:01:16.6278420Z" end-time="2024-06-28T22:01:16.6522760Z" duration="0.024434" asserts="5" />
                <test-case id="1-1610" name="IsFillComplete(PlayersWorlds.Maps.Maze.HuntAndKillMazeGenerator,ThreeQuarters,Auto,System.Collections.Generic.List`1[PlayersWorlds.Maps.Area])" fullname="PlayersWorlds.Maps.Maze.MazeGeneratorTest.IsFillComplete(PlayersWorlds.Maps.Maze.HuntAndKillMazeGenerator,ThreeQuarters,Auto,System.Collections.Generic.List`1[PlayersWorlds.Maps.Area])" methodname="IsFillComplete" classname="PlayersWorlds.Maps.Maze.MazeGeneratorTest" runstate="Runnable" seed="1386808133" result="Passed" start-time="2024-06-28T22:01:16.6522870Z" end-time="2024-06-28T22:01:16.6953000Z" duration="0.043014" asserts="5" />
                <test-case id="1-1611" name="IsFillComplete(PlayersWorlds.Maps.Maze.HuntAndKillMazeGenerator,ThreeQuarters,Manual,null)" fullname="PlayersWorlds.Maps.Maze.MazeGeneratorTest.IsFillComplete(PlayersWorlds.Maps.Maze.HuntAndKillMazeGenerator,ThreeQuarters,Manual,null)" methodname="IsFillComplete" classname="PlayersWorlds.Maps.Maze.MazeGeneratorTest" runstate="Runnable" seed="1872187036" result="Passed" start-time="2024-06-28T22:01:16.6953120Z" end-time="2024-06-28T22:01:16.7021970Z" duration="0.006886" asserts="5" />
                <test-case id="1-1612" name="IsFillComplete(PlayersWorlds.Maps.Maze.HuntAndKillMazeGenerator,ThreeQuarters,Manual,System.Collections.Generic.List`1[PlayersWorlds.Maps.Area])" fullname="PlayersWorlds.Maps.Maze.MazeGeneratorTest.IsFillComplete(PlayersWorlds.Maps.Maze.HuntAndKillMazeGenerator,ThreeQuarters,Manual,System.Collections.Generic.List`1[PlayersWorlds.Maps.Area])" methodname="IsFillComplete" classname="PlayersWorlds.Maps.Maze.MazeGeneratorTest" runstate="Runnable" seed="1189490117" result="Passed" start-time="2024-06-28T22:01:16.7022070Z" end-time="2024-06-28T22:01:16.7095310Z" duration="0.007324" asserts="5" />
                <test-case id="1-1613" name="IsFillComplete(PlayersWorlds.Maps.Maze.HuntAndKillMazeGenerator,ThreeQuarters,Manual,System.Collections.Generic.List`1[PlayersWorlds.Maps.Area])" fullname="PlayersWorlds.Maps.Maze.MazeGeneratorTest.IsFillComplete(PlayersWorlds.Maps.Maze.HuntAndKillMazeGenerator,ThreeQuarters,Manual,System.Collections.Generic.List`1[PlayersWorlds.Maps.Area])" methodname="IsFillComplete" classname="PlayersWorlds.Maps.Maze.MazeGeneratorTest" runstate="Runnable" seed="1489381379" result="Passed" start-time="2024-06-28T22:01:16.7095410Z" end-time="2024-06-28T22:01:16.7161890Z" duration="0.006648" asserts="5" />
                <test-case id="1-1614" name="IsFillComplete(PlayersWorlds.Maps.Maze.HuntAndKillMazeGenerator,ThreeQuarters,Manual,System.Collections.Generic.List`1[PlayersWorlds.Maps.Area])" fullname="PlayersWorlds.Maps.Maze.MazeGeneratorTest.IsFillComplete(PlayersWorlds.Maps.Maze.HuntAndKillMazeGenerator,ThreeQuarters,Manual,System.Collections.Generic.List`1[PlayersWorlds.Maps.Area])" methodname="IsFillComplete" classname="PlayersWorlds.Maps.Maze.MazeGeneratorTest" runstate="Runnable" seed="1055595389" result="Passed" start-time="2024-06-28T22:01:16.7161990Z" end-time="2024-06-28T22:01:16.7230570Z" duration="0.006858" asserts="5" />
                <test-case id="1-1615" name="IsFillComplete(PlayersWorlds.Maps.Maze.HuntAndKillMazeGenerator,ThreeQuarters,Manual,System.Collections.Generic.List`1[PlayersWorlds.Maps.Area])" fullname="PlayersWorlds.Maps.Maze.MazeGeneratorTest.IsFillComplete(PlayersWorlds.Maps.Maze.HuntAndKillMazeGenerator,ThreeQuarters,Manual,System.Collections.Generic.List`1[PlayersWorlds.Maps.Area])" methodname="IsFillComplete" classname="PlayersWorlds.Maps.Maze.MazeGeneratorTest" runstate="Runnable" seed="833450985" result="Passed" start-time="2024-06-28T22:01:16.7230670Z" end-time="2024-06-28T22:01:16.7297960Z" duration="0.006729" asserts="5" />
                <test-case id="1-1616" name="IsFillComplete(PlayersWorlds.Maps.Maze.HuntAndKillMazeGenerator,ThreeQuarters,Manual,System.Collections.Generic.List`1[PlayersWorlds.Maps.Area])" fullname="PlayersWorlds.Maps.Maze.MazeGeneratorTest.IsFillComplete(PlayersWorlds.Maps.Maze.HuntAndKillMazeGenerator,ThreeQuarters,Manual,System.Collections.Generic.List`1[PlayersWorlds.Maps.Area])" methodname="IsFillComplete" classname="PlayersWorlds.Maps.Maze.MazeGeneratorTest" runstate="Runnable" seed="1779555801" result="Passed" start-time="2024-06-28T22:01:16.7298070Z" end-time="2024-06-28T22:01:16.7367990Z" duration="0.006992" asserts="5" />
                <test-case id="1-1617" name="IsFillComplete(PlayersWorlds.Maps.Maze.HuntAndKillMazeGenerator,NinetyPercent,Auto,null)" fullname="PlayersWorlds.Maps.Maze.MazeGeneratorTest.IsFillComplete(PlayersWorlds.Maps.Maze.HuntAndKillMazeGenerator,NinetyPercent,Auto,null)" methodname="IsFillComplete" classname="PlayersWorlds.Maps.Maze.MazeGeneratorTest" runstate="Runnable" seed="1745173325" result="Passed" start-time="2024-06-28T22:01:16.7368100Z" end-time="2024-06-28T22:01:16.7544590Z" duration="0.017650" asserts="5" />
                <test-case id="1-1618" name="IsFillComplete(PlayersWorlds.Maps.Maze.HuntAndKillMazeGenerator,NinetyPercent,Auto,System.Collections.Generic.List`1[PlayersWorlds.Maps.Area])" fullname="PlayersWorlds.Maps.Maze.MazeGeneratorTest.IsFillComplete(PlayersWorlds.Maps.Maze.HuntAndKillMazeGenerator,NinetyPercent,Auto,System.Collections.Generic.List`1[PlayersWorlds.Maps.Area])" methodname="IsFillComplete" classname="PlayersWorlds.Maps.Maze.MazeGeneratorTest" runstate="Runnable" seed="2089996539" result="Passed" start-time="2024-06-28T22:01:16.7544700Z" end-time="2024-06-28T22:01:16.7835670Z" duration="0.029097" asserts="5" />
                <test-case id="1-1619" name="IsFillComplete(PlayersWorlds.Maps.Maze.HuntAndKillMazeGenerator,NinetyPercent,Auto,System.Collections.Generic.List`1[PlayersWorlds.Maps.Area])" fullname="PlayersWorlds.Maps.Maze.MazeGeneratorTest.IsFillComplete(PlayersWorlds.Maps.Maze.HuntAndKillMazeGenerator,NinetyPercent,Auto,System.Collections.Generic.List`1[PlayersWorlds.Maps.Area])" methodname="IsFillComplete" classname="PlayersWorlds.Maps.Maze.MazeGeneratorTest" runstate="Runnable" seed="531358472" result="Passed" start-time="2024-06-28T22:01:16.7835780Z" end-time="2024-06-28T22:01:16.8125350Z" duration="0.028957" asserts="5" />
                <test-case id="1-1620" name="IsFillComplete(PlayersWorlds.Maps.Maze.HuntAndKillMazeGenerator,NinetyPercent,Auto,System.Collections.Generic.List`1[PlayersWorlds.Maps.Area])" fullname="PlayersWorlds.Maps.Maze.MazeGeneratorTest.IsFillComplete(PlayersWorlds.Maps.Maze.HuntAndKillMazeGenerator,NinetyPercent,Auto,System.Collections.Generic.List`1[PlayersWorlds.Maps.Area])" methodname="IsFillComplete" classname="PlayersWorlds.Maps.Maze.MazeGeneratorTest" runstate="Runnable" seed="1762672782" result="Passed" start-time="2024-06-28T22:01:16.8125470Z" end-time="2024-06-28T22:01:16.8369250Z" duration="0.024378" asserts="5" />
                <test-case id="1-1621" name="IsFillComplete(PlayersWorlds.Maps.Maze.HuntAndKillMazeGenerator,NinetyPercent,Auto,System.Collections.Generic.List`1[PlayersWorlds.Maps.Area])" fullname="PlayersWorlds.Maps.Maze.MazeGeneratorTest.IsFillComplete(PlayersWorlds.Maps.Maze.HuntAndKillMazeGenerator,NinetyPercent,Auto,System.Collections.Generic.List`1[PlayersWorlds.Maps.Area])" methodname="IsFillComplete" classname="PlayersWorlds.Maps.Maze.MazeGeneratorTest" runstate="Runnable" seed="1424593377" result="Passed" start-time="2024-06-28T22:01:16.8369370Z" end-time="2024-06-28T22:01:16.9081780Z" duration="0.071241" asserts="5" />
                <test-case id="1-1622" name="IsFillComplete(PlayersWorlds.Maps.Maze.HuntAndKillMazeGenerator,NinetyPercent,Auto,System.Collections.Generic.List`1[PlayersWorlds.Maps.Area])" fullname="PlayersWorlds.Maps.Maze.MazeGeneratorTest.IsFillComplete(PlayersWorlds.Maps.Maze.HuntAndKillMazeGenerator,NinetyPercent,Auto,System.Collections.Generic.List`1[PlayersWorlds.Maps.Area])" methodname="IsFillComplete" classname="PlayersWorlds.Maps.Maze.MazeGeneratorTest" runstate="Runnable" seed="402154019" result="Passed" start-time="2024-06-28T22:01:16.9081900Z" end-time="2024-06-28T22:01:16.9515900Z" duration="0.043400" asserts="5" />
                <test-case id="1-1623" name="IsFillComplete(PlayersWorlds.Maps.Maze.HuntAndKillMazeGenerator,NinetyPercent,Manual,null)" fullname="PlayersWorlds.Maps.Maze.MazeGeneratorTest.IsFillComplete(PlayersWorlds.Maps.Maze.HuntAndKillMazeGenerator,NinetyPercent,Manual,null)" methodname="IsFillComplete" classname="PlayersWorlds.Maps.Maze.MazeGeneratorTest" runstate="Runnable" seed="653860978" result="Passed" start-time="2024-06-28T22:01:16.9516010Z" end-time="2024-06-28T22:01:16.9602130Z" duration="0.008612" asserts="5" />
                <test-case id="1-1624" name="IsFillComplete(PlayersWorlds.Maps.Maze.HuntAndKillMazeGenerator,NinetyPercent,Manual,System.Collections.Generic.List`1[PlayersWorlds.Maps.Area])" fullname="PlayersWorlds.Maps.Maze.MazeGeneratorTest.IsFillComplete(PlayersWorlds.Maps.Maze.HuntAndKillMazeGenerator,NinetyPercent,Manual,System.Collections.Generic.List`1[PlayersWorlds.Maps.Area])" methodname="IsFillComplete" classname="PlayersWorlds.Maps.Maze.MazeGeneratorTest" runstate="Runnable" seed="529745273" result="Passed" start-time="2024-06-28T22:01:16.9602240Z" end-time="2024-06-28T22:01:16.9673440Z" duration="0.007119" asserts="5" />
                <test-case id="1-1625" name="IsFillComplete(PlayersWorlds.Maps.Maze.HuntAndKillMazeGenerator,NinetyPercent,Manual,System.Collections.Generic.List`1[PlayersWorlds.Maps.Area])" fullname="PlayersWorlds.Maps.Maze.MazeGeneratorTest.IsFillComplete(PlayersWorlds.Maps.Maze.HuntAndKillMazeGenerator,NinetyPercent,Manual,System.Collections.Generic.List`1[PlayersWorlds.Maps.Area])" methodname="IsFillComplete" classname="PlayersWorlds.Maps.Maze.MazeGeneratorTest" runstate="Runnable" seed="1050054078" result="Passed" start-time="2024-06-28T22:01:16.9673530Z" end-time="2024-06-28T22:01:16.9741710Z" duration="0.006817" asserts="5" />
                <test-case id="1-1626" name="IsFillComplete(PlayersWorlds.Maps.Maze.HuntAndKillMazeGenerator,NinetyPercent,Manual,System.Collections.Generic.List`1[PlayersWorlds.Maps.Area])" fullname="PlayersWorlds.Maps.Maze.MazeGeneratorTest.IsFillComplete(PlayersWorlds.Maps.Maze.HuntAndKillMazeGenerator,NinetyPercent,Manual,System.Collections.Generic.List`1[PlayersWorlds.Maps.Area])" methodname="IsFillComplete" classname="PlayersWorlds.Maps.Maze.MazeGeneratorTest" runstate="Runnable" seed="1817894202" result="Passed" start-time="2024-06-28T22:01:16.9741810Z" end-time="2024-06-28T22:01:16.9819050Z" duration="0.007724" asserts="5" />
                <test-case id="1-1627" name="IsFillComplete(PlayersWorlds.Maps.Maze.HuntAndKillMazeGenerator,NinetyPercent,Manual,System.Collections.Generic.List`1[PlayersWorlds.Maps.Area])" fullname="PlayersWorlds.Maps.Maze.MazeGeneratorTest.IsFillComplete(PlayersWorlds.Maps.Maze.HuntAndKillMazeGenerator,NinetyPercent,Manual,System.Collections.Generic.List`1[PlayersWorlds.Maps.Area])" methodname="IsFillComplete" classname="PlayersWorlds.Maps.Maze.MazeGeneratorTest" runstate="Runnable" seed="1271233452" result="Passed" start-time="2024-06-28T22:01:16.9819160Z" end-time="2024-06-28T22:01:16.9882500Z" duration="0.006335" asserts="5" />
                <test-case id="1-1628" name="IsFillComplete(PlayersWorlds.Maps.Maze.HuntAndKillMazeGenerator,NinetyPercent,Manual,System.Collections.Generic.List`1[PlayersWorlds.Maps.Area])" fullname="PlayersWorlds.Maps.Maze.MazeGeneratorTest.IsFillComplete(PlayersWorlds.Maps.Maze.HuntAndKillMazeGenerator,NinetyPercent,Manual,System.Collections.Generic.List`1[PlayersWorlds.Maps.Area])" methodname="IsFillComplete" classname="PlayersWorlds.Maps.Maze.MazeGeneratorTest" runstate="Runnable" seed="243825278" result="Passed" start-time="2024-06-28T22:01:16.9882620Z" end-time="2024-06-28T22:01:16.9950340Z" duration="0.006772" asserts="5" />
                <test-case id="1-1629" name="IsFillComplete(PlayersWorlds.Maps.Maze.HuntAndKillMazeGenerator,FullWidth,Auto,null)" fullname="PlayersWorlds.Maps.Maze.MazeGeneratorTest.IsFillComplete(PlayersWorlds.Maps.Maze.HuntAndKillMazeGenerator,FullWidth,Auto,null)" methodname="IsFillComplete" classname="PlayersWorlds.Maps.Maze.MazeGeneratorTest" runstate="Runnable" seed="582277027" result="Passed" start-time="2024-06-28T22:01:16.9950440Z" end-time="2024-06-28T22:01:17.0128990Z" duration="0.017854" asserts="5" />
                <test-case id="1-1630" name="IsFillComplete(PlayersWorlds.Maps.Maze.HuntAndKillMazeGenerator,FullWidth,Auto,System.Collections.Generic.List`1[PlayersWorlds.Maps.Area])" fullname="PlayersWorlds.Maps.Maze.MazeGeneratorTest.IsFillComplete(PlayersWorlds.Maps.Maze.HuntAndKillMazeGenerator,FullWidth,Auto,System.Collections.Generic.List`1[PlayersWorlds.Maps.Area])" methodname="IsFillComplete" classname="PlayersWorlds.Maps.Maze.MazeGeneratorTest" runstate="Runnable" seed="1796126055" result="Passed" start-time="2024-06-28T22:01:17.0129100Z" end-time="2024-06-28T22:01:17.0338770Z" duration="0.020967" asserts="5" />
                <test-case id="1-1631" name="IsFillComplete(PlayersWorlds.Maps.Maze.HuntAndKillMazeGenerator,FullWidth,Auto,System.Collections.Generic.List`1[PlayersWorlds.Maps.Area])" fullname="PlayersWorlds.Maps.Maze.MazeGeneratorTest.IsFillComplete(PlayersWorlds.Maps.Maze.HuntAndKillMazeGenerator,FullWidth,Auto,System.Collections.Generic.List`1[PlayersWorlds.Maps.Area])" methodname="IsFillComplete" classname="PlayersWorlds.Maps.Maze.MazeGeneratorTest" runstate="Runnable" seed="1866274800" result="Passed" start-time="2024-06-28T22:01:17.0338880Z" end-time="2024-06-28T22:01:17.0556060Z" duration="0.021718" asserts="5" />
                <test-case id="1-1632" name="IsFillComplete(PlayersWorlds.Maps.Maze.HuntAndKillMazeGenerator,FullWidth,Auto,System.Collections.Generic.List`1[PlayersWorlds.Maps.Area])" fullname="PlayersWorlds.Maps.Maze.MazeGeneratorTest.IsFillComplete(PlayersWorlds.Maps.Maze.HuntAndKillMazeGenerator,FullWidth,Auto,System.Collections.Generic.List`1[PlayersWorlds.Maps.Area])" methodname="IsFillComplete" classname="PlayersWorlds.Maps.Maze.MazeGeneratorTest" runstate="Runnable" seed="2009732928" result="Passed" start-time="2024-06-28T22:01:17.0556270Z" end-time="2024-06-28T22:01:17.0737830Z" duration="0.018156" asserts="5" />
                <test-case id="1-1633" name="IsFillComplete(PlayersWorlds.Maps.Maze.HuntAndKillMazeGenerator,FullWidth,Auto,System.Collections.Generic.List`1[PlayersWorlds.Maps.Area])" fullname="PlayersWorlds.Maps.Maze.MazeGeneratorTest.IsFillComplete(PlayersWorlds.Maps.Maze.HuntAndKillMazeGenerator,FullWidth,Auto,System.Collections.Generic.List`1[PlayersWorlds.Maps.Area])" methodname="IsFillComplete" classname="PlayersWorlds.Maps.Maze.MazeGeneratorTest" runstate="Runnable" seed="652610729" result="Passed" start-time="2024-06-28T22:01:17.0737950Z" end-time="2024-06-28T22:01:17.1155140Z" duration="0.041720" asserts="5" />
                <test-case id="1-1634" name="IsFillComplete(PlayersWorlds.Maps.Maze.HuntAndKillMazeGenerator,FullWidth,Auto,System.Collections.Generic.List`1[PlayersWorlds.Maps.Area])" fullname="PlayersWorlds.Maps.Maze.MazeGeneratorTest.IsFillComplete(PlayersWorlds.Maps.Maze.HuntAndKillMazeGenerator,FullWidth,Auto,System.Collections.Generic.List`1[PlayersWorlds.Maps.Area])" methodname="IsFillComplete" classname="PlayersWorlds.Maps.Maze.MazeGeneratorTest" runstate="Runnable" seed="6523828" result="Passed" start-time="2024-06-28T22:01:17.1155250Z" end-time="2024-06-28T22:01:17.1498690Z" duration="0.034344" asserts="5" />
                <test-case id="1-1635" name="IsFillComplete(PlayersWorlds.Maps.Maze.HuntAndKillMazeGenerator,FullWidth,Manual,null)" fullname="PlayersWorlds.Maps.Maze.MazeGeneratorTest.IsFillComplete(PlayersWorlds.Maps.Maze.HuntAndKillMazeGenerator,FullWidth,Manual,null)" methodname="IsFillComplete" classname="PlayersWorlds.Maps.Maze.MazeGeneratorTest" runstate="Runnable" seed="1594544361" result="Passed" start-time="2024-06-28T22:01:17.1498800Z" end-time="2024-06-28T22:01:17.1556500Z" duration="0.005770" asserts="5" />
                <test-case id="1-1636" name="IsFillComplete(PlayersWorlds.Maps.Maze.HuntAndKillMazeGenerator,FullWidth,Manual,System.Collections.Generic.List`1[PlayersWorlds.Maps.Area])" fullname="PlayersWorlds.Maps.Maze.MazeGeneratorTest.IsFillComplete(PlayersWorlds.Maps.Maze.HuntAndKillMazeGenerator,FullWidth,Manual,System.Collections.Generic.List`1[PlayersWorlds.Maps.Area])" methodname="IsFillComplete" classname="PlayersWorlds.Maps.Maze.MazeGeneratorTest" runstate="Runnable" seed="179062313" result="Passed" start-time="2024-06-28T22:01:17.1556610Z" end-time="2024-06-28T22:01:17.1618740Z" duration="0.006214" asserts="5" />
                <test-case id="1-1637" name="IsFillComplete(PlayersWorlds.Maps.Maze.HuntAndKillMazeGenerator,FullWidth,Manual,System.Collections.Generic.List`1[PlayersWorlds.Maps.Area])" fullname="PlayersWorlds.Maps.Maze.MazeGeneratorTest.IsFillComplete(PlayersWorlds.Maps.Maze.HuntAndKillMazeGenerator,FullWidth,Manual,System.Collections.Generic.List`1[PlayersWorlds.Maps.Area])" methodname="IsFillComplete" classname="PlayersWorlds.Maps.Maze.MazeGeneratorTest" runstate="Runnable" seed="214248482" result="Passed" start-time="2024-06-28T22:01:17.1618850Z" end-time="2024-06-28T22:01:17.1681260Z" duration="0.006241" asserts="5" />
                <test-case id="1-1638" name="IsFillComplete(PlayersWorlds.Maps.Maze.HuntAndKillMazeGenerator,FullWidth,Manual,System.Collections.Generic.List`1[PlayersWorlds.Maps.Area])" fullname="PlayersWorlds.Maps.Maze.MazeGeneratorTest.IsFillComplete(PlayersWorlds.Maps.Maze.HuntAndKillMazeGenerator,FullWidth,Manual,System.Collections.Generic.List`1[PlayersWorlds.Maps.Area])" methodname="IsFillComplete" classname="PlayersWorlds.Maps.Maze.MazeGeneratorTest" runstate="Runnable" seed="1410792206" result="Passed" start-time="2024-06-28T22:01:17.1681380Z" end-time="2024-06-28T22:01:17.1745270Z" duration="0.006390" asserts="5" />
                <test-case id="1-1639" name="IsFillComplete(PlayersWorlds.Maps.Maze.HuntAndKillMazeGenerator,FullWidth,Manual,System.Collections.Generic.List`1[PlayersWorlds.Maps.Area])" fullname="PlayersWorlds.Maps.Maze.MazeGeneratorTest.IsFillComplete(PlayersWorlds.Maps.Maze.HuntAndKillMazeGenerator,FullWidth,Manual,System.Collections.Generic.List`1[PlayersWorlds.Maps.Area])" methodname="IsFillComplete" classname="PlayersWorlds.Maps.Maze.MazeGeneratorTest" runstate="Runnable" seed="676386211" result="Passed" start-time="2024-06-28T22:01:17.1745380Z" end-time="2024-06-28T22:01:17.1805620Z" duration="0.006025" asserts="5" />
                <test-case id="1-1640" name="IsFillComplete(PlayersWorlds.Maps.Maze.HuntAndKillMazeGenerator,FullWidth,Manual,System.Collections.Generic.List`1[PlayersWorlds.Maps.Area])" fullname="PlayersWorlds.Maps.Maze.MazeGeneratorTest.IsFillComplete(PlayersWorlds.Maps.Maze.HuntAndKillMazeGenerator,FullWidth,Manual,System.Collections.Generic.List`1[PlayersWorlds.Maps.Area])" methodname="IsFillComplete" classname="PlayersWorlds.Maps.Maze.MazeGeneratorTest" runstate="Runnable" seed="1762610893" result="Passed" start-time="2024-06-28T22:01:17.1805730Z" end-time="2024-06-28T22:01:17.1861880Z" duration="0.005615" asserts="5" />
                <test-case id="1-1641" name="IsFillComplete(PlayersWorlds.Maps.Maze.HuntAndKillMazeGenerator,FullHeight,Auto,null)" fullname="PlayersWorlds.Maps.Maze.MazeGeneratorTest.IsFillComplete(PlayersWorlds.Maps.Maze.HuntAndKillMazeGenerator,FullHeight,Auto,null)" methodname="IsFillComplete" classname="PlayersWorlds.Maps.Maze.MazeGeneratorTest" runstate="Runnable" seed="2099761899" result="Passed" start-time="2024-06-28T22:01:17.1861980Z" end-time="2024-06-28T22:01:17.2138100Z" duration="0.027612" asserts="5" />
                <test-case id="1-1642" name="IsFillComplete(PlayersWorlds.Maps.Maze.HuntAndKillMazeGenerator,FullHeight,Auto,System.Collections.Generic.List`1[PlayersWorlds.Maps.Area])" fullname="PlayersWorlds.Maps.Maze.MazeGeneratorTest.IsFillComplete(PlayersWorlds.Maps.Maze.HuntAndKillMazeGenerator,FullHeight,Auto,System.Collections.Generic.List`1[PlayersWorlds.Maps.Area])" methodname="IsFillComplete" classname="PlayersWorlds.Maps.Maze.MazeGeneratorTest" runstate="Runnable" seed="801306189" result="Passed" start-time="2024-06-28T22:01:17.2138210Z" end-time="2024-06-28T22:01:17.2277130Z" duration="0.013892" asserts="5" />
                <test-case id="1-1643" name="IsFillComplete(PlayersWorlds.Maps.Maze.HuntAndKillMazeGenerator,FullHeight,Auto,System.Collections.Generic.List`1[PlayersWorlds.Maps.Area])" fullname="PlayersWorlds.Maps.Maze.MazeGeneratorTest.IsFillComplete(PlayersWorlds.Maps.Maze.HuntAndKillMazeGenerator,FullHeight,Auto,System.Collections.Generic.List`1[PlayersWorlds.Maps.Area])" methodname="IsFillComplete" classname="PlayersWorlds.Maps.Maze.MazeGeneratorTest" runstate="Runnable" seed="1419081001" result="Passed" start-time="2024-06-28T22:01:17.2277240Z" end-time="2024-06-28T22:01:17.2503120Z" duration="0.022588" asserts="5" />
                <test-case id="1-1644" name="IsFillComplete(PlayersWorlds.Maps.Maze.HuntAndKillMazeGenerator,FullHeight,Auto,System.Collections.Generic.List`1[PlayersWorlds.Maps.Area])" fullname="PlayersWorlds.Maps.Maze.MazeGeneratorTest.IsFillComplete(PlayersWorlds.Maps.Maze.HuntAndKillMazeGenerator,FullHeight,Auto,System.Collections.Generic.List`1[PlayersWorlds.Maps.Area])" methodname="IsFillComplete" classname="PlayersWorlds.Maps.Maze.MazeGeneratorTest" runstate="Runnable" seed="380108768" result="Passed" start-time="2024-06-28T22:01:17.2503230Z" end-time="2024-06-28T22:01:17.2782140Z" duration="0.027891" asserts="5" />
                <test-case id="1-1645" name="IsFillComplete(PlayersWorlds.Maps.Maze.HuntAndKillMazeGenerator,FullHeight,Auto,System.Collections.Generic.List`1[PlayersWorlds.Maps.Area])" fullname="PlayersWorlds.Maps.Maze.MazeGeneratorTest.IsFillComplete(PlayersWorlds.Maps.Maze.HuntAndKillMazeGenerator,FullHeight,Auto,System.Collections.Generic.List`1[PlayersWorlds.Maps.Area])" methodname="IsFillComplete" classname="PlayersWorlds.Maps.Maze.MazeGeneratorTest" runstate="Runnable" seed="1291530932" result="Passed" start-time="2024-06-28T22:01:17.2782280Z" end-time="2024-06-28T22:01:17.3070810Z" duration="0.028853" asserts="5" />
                <test-case id="1-1646" name="IsFillComplete(PlayersWorlds.Maps.Maze.HuntAndKillMazeGenerator,FullHeight,Auto,System.Collections.Generic.List`1[PlayersWorlds.Maps.Area])" fullname="PlayersWorlds.Maps.Maze.MazeGeneratorTest.IsFillComplete(PlayersWorlds.Maps.Maze.HuntAndKillMazeGenerator,FullHeight,Auto,System.Collections.Generic.List`1[PlayersWorlds.Maps.Area])" methodname="IsFillComplete" classname="PlayersWorlds.Maps.Maze.MazeGeneratorTest" runstate="Runnable" seed="790430746" result="Passed" start-time="2024-06-28T22:01:17.3071020Z" end-time="2024-06-28T22:01:17.3497160Z" duration="0.042614" asserts="5" />
                <test-case id="1-1647" name="IsFillComplete(PlayersWorlds.Maps.Maze.HuntAndKillMazeGenerator,FullHeight,Manual,null)" fullname="PlayersWorlds.Maps.Maze.MazeGeneratorTest.IsFillComplete(PlayersWorlds.Maps.Maze.HuntAndKillMazeGenerator,FullHeight,Manual,null)" methodname="IsFillComplete" classname="PlayersWorlds.Maps.Maze.MazeGeneratorTest" runstate="Runnable" seed="1706667965" result="Passed" start-time="2024-06-28T22:01:17.3497270Z" end-time="2024-06-28T22:01:17.3559980Z" duration="0.006272" asserts="5" />
                <test-case id="1-1648" name="IsFillComplete(PlayersWorlds.Maps.Maze.HuntAndKillMazeGenerator,FullHeight,Manual,System.Collections.Generic.List`1[PlayersWorlds.Maps.Area])" fullname="PlayersWorlds.Maps.Maze.MazeGeneratorTest.IsFillComplete(PlayersWorlds.Maps.Maze.HuntAndKillMazeGenerator,FullHeight,Manual,System.Collections.Generic.List`1[PlayersWorlds.Maps.Area])" methodname="IsFillComplete" classname="PlayersWorlds.Maps.Maze.MazeGeneratorTest" runstate="Runnable" seed="965331196" result="Passed" start-time="2024-06-28T22:01:17.3560090Z" end-time="2024-06-28T22:01:17.3632980Z" duration="0.007289" asserts="5" />
                <test-case id="1-1649" name="IsFillComplete(PlayersWorlds.Maps.Maze.HuntAndKillMazeGenerator,FullHeight,Manual,System.Collections.Generic.List`1[PlayersWorlds.Maps.Area])" fullname="PlayersWorlds.Maps.Maze.MazeGeneratorTest.IsFillComplete(PlayersWorlds.Maps.Maze.HuntAndKillMazeGenerator,FullHeight,Manual,System.Collections.Generic.List`1[PlayersWorlds.Maps.Area])" methodname="IsFillComplete" classname="PlayersWorlds.Maps.Maze.MazeGeneratorTest" runstate="Runnable" seed="343408359" result="Passed" start-time="2024-06-28T22:01:17.3633080Z" end-time="2024-06-28T22:01:17.3697610Z" duration="0.006453" asserts="5" />
                <test-case id="1-1650" name="IsFillComplete(PlayersWorlds.Maps.Maze.HuntAndKillMazeGenerator,FullHeight,Manual,System.Collections.Generic.List`1[PlayersWorlds.Maps.Area])" fullname="PlayersWorlds.Maps.Maze.MazeGeneratorTest.IsFillComplete(PlayersWorlds.Maps.Maze.HuntAndKillMazeGenerator,FullHeight,Manual,System.Collections.Generic.List`1[PlayersWorlds.Maps.Area])" methodname="IsFillComplete" classname="PlayersWorlds.Maps.Maze.MazeGeneratorTest" runstate="Runnable" seed="157355122" result="Passed" start-time="2024-06-28T22:01:17.3697710Z" end-time="2024-06-28T22:01:17.3764880Z" duration="0.006717" asserts="5" />
                <test-case id="1-1651" name="IsFillComplete(PlayersWorlds.Maps.Maze.HuntAndKillMazeGenerator,FullHeight,Manual,System.Collections.Generic.List`1[PlayersWorlds.Maps.Area])" fullname="PlayersWorlds.Maps.Maze.MazeGeneratorTest.IsFillComplete(PlayersWorlds.Maps.Maze.HuntAndKillMazeGenerator,FullHeight,Manual,System.Collections.Generic.List`1[PlayersWorlds.Maps.Area])" methodname="IsFillComplete" classname="PlayersWorlds.Maps.Maze.MazeGeneratorTest" runstate="Runnable" seed="242826508" result="Passed" start-time="2024-06-28T22:01:17.3764980Z" end-time="2024-06-28T22:01:17.3826620Z" duration="0.006164" asserts="5" />
                <test-case id="1-1652" name="IsFillComplete(PlayersWorlds.Maps.Maze.HuntAndKillMazeGenerator,FullHeight,Manual,System.Collections.Generic.List`1[PlayersWorlds.Maps.Area])" fullname="PlayersWorlds.Maps.Maze.MazeGeneratorTest.IsFillComplete(PlayersWorlds.Maps.Maze.HuntAndKillMazeGenerator,FullHeight,Manual,System.Collections.Generic.List`1[PlayersWorlds.Maps.Area])" methodname="IsFillComplete" classname="PlayersWorlds.Maps.Maze.MazeGeneratorTest" runstate="Runnable" seed="832630094" result="Passed" start-time="2024-06-28T22:01:17.3826720Z" end-time="2024-06-28T22:01:17.3882320Z" duration="0.005560" asserts="5" />
                <test-case id="1-1653" name="IsFillComplete(PlayersWorlds.Maps.Maze.HuntAndKillMazeGenerator,Full,Auto,null)" fullname="PlayersWorlds.Maps.Maze.MazeGeneratorTest.IsFillComplete(PlayersWorlds.Maps.Maze.HuntAndKillMazeGenerator,Full,Auto,null)" methodname="IsFillComplete" classname="PlayersWorlds.Maps.Maze.MazeGeneratorTest" runstate="Runnable" seed="605039994" result="Passed" start-time="2024-06-28T22:01:17.3882430Z" end-time="2024-06-28T22:01:17.4030040Z" duration="0.014761" asserts="5" />
                <test-case id="1-1654" name="IsFillComplete(PlayersWorlds.Maps.Maze.HuntAndKillMazeGenerator,Full,Auto,System.Collections.Generic.List`1[PlayersWorlds.Maps.Area])" fullname="PlayersWorlds.Maps.Maze.MazeGeneratorTest.IsFillComplete(PlayersWorlds.Maps.Maze.HuntAndKillMazeGenerator,Full,Auto,System.Collections.Generic.List`1[PlayersWorlds.Maps.Area])" methodname="IsFillComplete" classname="PlayersWorlds.Maps.Maze.MazeGeneratorTest" runstate="Runnable" seed="504818676" result="Passed" start-time="2024-06-28T22:01:17.4030140Z" end-time="2024-06-28T22:01:17.4211300Z" duration="0.018116" asserts="5" />
                <test-case id="1-1655" name="IsFillComplete(PlayersWorlds.Maps.Maze.HuntAndKillMazeGenerator,Full,Auto,System.Collections.Generic.List`1[PlayersWorlds.Maps.Area])" fullname="PlayersWorlds.Maps.Maze.MazeGeneratorTest.IsFillComplete(PlayersWorlds.Maps.Maze.HuntAndKillMazeGenerator,Full,Auto,System.Collections.Generic.List`1[PlayersWorlds.Maps.Area])" methodname="IsFillComplete" classname="PlayersWorlds.Maps.Maze.MazeGeneratorTest" runstate="Runnable" seed="1521326931" result="Passed" start-time="2024-06-28T22:01:17.4211410Z" end-time="2024-06-28T22:01:17.4436240Z" duration="0.022483" asserts="5" />
                <test-case id="1-1656" name="IsFillComplete(PlayersWorlds.Maps.Maze.HuntAndKillMazeGenerator,Full,Auto,System.Collections.Generic.List`1[PlayersWorlds.Maps.Area])" fullname="PlayersWorlds.Maps.Maze.MazeGeneratorTest.IsFillComplete(PlayersWorlds.Maps.Maze.HuntAndKillMazeGenerator,Full,Auto,System.Collections.Generic.List`1[PlayersWorlds.Maps.Area])" methodname="IsFillComplete" classname="PlayersWorlds.Maps.Maze.MazeGeneratorTest" runstate="Runnable" seed="735816862" result="Passed" start-time="2024-06-28T22:01:17.4436350Z" end-time="2024-06-28T22:01:17.4633290Z" duration="0.019694" asserts="5" />
                <test-case id="1-1657" name="IsFillComplete(PlayersWorlds.Maps.Maze.HuntAndKillMazeGenerator,Full,Auto,System.Collections.Generic.List`1[PlayersWorlds.Maps.Area])" fullname="PlayersWorlds.Maps.Maze.MazeGeneratorTest.IsFillComplete(PlayersWorlds.Maps.Maze.HuntAndKillMazeGenerator,Full,Auto,System.Collections.Generic.List`1[PlayersWorlds.Maps.Area])" methodname="IsFillComplete" classname="PlayersWorlds.Maps.Maze.MazeGeneratorTest" runstate="Runnable" seed="1555790852" result="Passed" start-time="2024-06-28T22:01:17.4633410Z" end-time="2024-06-28T22:01:17.4866820Z" duration="0.023341" asserts="5" />
                <test-case id="1-1658" name="IsFillComplete(PlayersWorlds.Maps.Maze.HuntAndKillMazeGenerator,Full,Auto,System.Collections.Generic.List`1[PlayersWorlds.Maps.Area])" fullname="PlayersWorlds.Maps.Maze.MazeGeneratorTest.IsFillComplete(PlayersWorlds.Maps.Maze.HuntAndKillMazeGenerator,Full,Auto,System.Collections.Generic.List`1[PlayersWorlds.Maps.Area])" methodname="IsFillComplete" classname="PlayersWorlds.Maps.Maze.MazeGeneratorTest" runstate="Runnable" seed="801096045" result="Passed" start-time="2024-06-28T22:01:17.4866930Z" end-time="2024-06-28T22:01:17.5209730Z" duration="0.034280" asserts="5" />
                <test-case id="1-1659" name="IsFillComplete(PlayersWorlds.Maps.Maze.HuntAndKillMazeGenerator,Full,Manual,null)" fullname="PlayersWorlds.Maps.Maze.MazeGeneratorTest.IsFillComplete(PlayersWorlds.Maps.Maze.HuntAndKillMazeGenerator,Full,Manual,null)" methodname="IsFillComplete" classname="PlayersWorlds.Maps.Maze.MazeGeneratorTest" runstate="Runnable" seed="399781919" result="Passed" start-time="2024-06-28T22:01:17.5209850Z" end-time="2024-06-28T22:01:17.5283010Z" duration="0.007316" asserts="5" />
                <test-case id="1-1660" name="IsFillComplete(PlayersWorlds.Maps.Maze.HuntAndKillMazeGenerator,Full,Manual,System.Collections.Generic.List`1[PlayersWorlds.Maps.Area])" fullname="PlayersWorlds.Maps.Maze.MazeGeneratorTest.IsFillComplete(PlayersWorlds.Maps.Maze.HuntAndKillMazeGenerator,Full,Manual,System.Collections.Generic.List`1[PlayersWorlds.Maps.Area])" methodname="IsFillComplete" classname="PlayersWorlds.Maps.Maze.MazeGeneratorTest" runstate="Runnable" seed="449163891" result="Passed" start-time="2024-06-28T22:01:17.5283110Z" end-time="2024-06-28T22:01:17.5361720Z" duration="0.007861" asserts="5" />
                <test-case id="1-1661" name="IsFillComplete(PlayersWorlds.Maps.Maze.HuntAndKillMazeGenerator,Full,Manual,System.Collections.Generic.List`1[PlayersWorlds.Maps.Area])" fullname="PlayersWorlds.Maps.Maze.MazeGeneratorTest.IsFillComplete(PlayersWorlds.Maps.Maze.HuntAndKillMazeGenerator,Full,Manual,System.Collections.Generic.List`1[PlayersWorlds.Maps.Area])" methodname="IsFillComplete" classname="PlayersWorlds.Maps.Maze.MazeGeneratorTest" runstate="Runnable" seed="1098371014" result="Passed" start-time="2024-06-28T22:01:17.5361830Z" end-time="2024-06-28T22:01:17.5430720Z" duration="0.006889" asserts="5" />
                <test-case id="1-1662" name="IsFillComplete(PlayersWorlds.Maps.Maze.HuntAndKillMazeGenerator,Full,Manual,System.Collections.Generic.List`1[PlayersWorlds.Maps.Area])" fullname="PlayersWorlds.Maps.Maze.MazeGeneratorTest.IsFillComplete(PlayersWorlds.Maps.Maze.HuntAndKillMazeGenerator,Full,Manual,System.Collections.Generic.List`1[PlayersWorlds.Maps.Area])" methodname="IsFillComplete" classname="PlayersWorlds.Maps.Maze.MazeGeneratorTest" runstate="Runnable" seed="279101683" result="Passed" start-time="2024-06-28T22:01:17.5430820Z" end-time="2024-06-28T22:01:17.5501800Z" duration="0.007098" asserts="5" />
                <test-case id="1-1663" name="IsFillComplete(PlayersWorlds.Maps.Maze.HuntAndKillMazeGenerator,Full,Manual,System.Collections.Generic.List`1[PlayersWorlds.Maps.Area])" fullname="PlayersWorlds.Maps.Maze.MazeGeneratorTest.IsFillComplete(PlayersWorlds.Maps.Maze.HuntAndKillMazeGenerator,Full,Manual,System.Collections.Generic.List`1[PlayersWorlds.Maps.Area])" methodname="IsFillComplete" classname="PlayersWorlds.Maps.Maze.MazeGeneratorTest" runstate="Runnable" seed="394439448" result="Passed" start-time="2024-06-28T22:01:17.5501900Z" end-time="2024-06-28T22:01:17.5576110Z" duration="0.007421" asserts="5" />
                <test-case id="1-1664" name="IsFillComplete(PlayersWorlds.Maps.Maze.HuntAndKillMazeGenerator,Full,Manual,System.Collections.Generic.List`1[PlayersWorlds.Maps.Area])" fullname="PlayersWorlds.Maps.Maze.MazeGeneratorTest.IsFillComplete(PlayersWorlds.Maps.Maze.HuntAndKillMazeGenerator,Full,Manual,System.Collections.Generic.List`1[PlayersWorlds.Maps.Area])" methodname="IsFillComplete" classname="PlayersWorlds.Maps.Maze.MazeGeneratorTest" runstate="Runnable" seed="1132605377" result="Passed" start-time="2024-06-28T22:01:17.5576300Z" end-time="2024-06-28T22:01:17.5647060Z" duration="0.007076" asserts="5" />
                <test-case id="1-1665" name="IsFillComplete(PlayersWorlds.Maps.Maze.RecursiveBacktrackerMazeGenerator,Quarter,Auto,null)" fullname="PlayersWorlds.Maps.Maze.MazeGeneratorTest.IsFillComplete(PlayersWorlds.Maps.Maze.RecursiveBacktrackerMazeGenerator,Quarter,Auto,null)" methodname="IsFillComplete" classname="PlayersWorlds.Maps.Maze.MazeGeneratorTest" runstate="Runnable" seed="1668016980" result="Passed" start-time="2024-06-28T22:01:17.5647160Z" end-time="2024-06-28T22:01:17.5920240Z" duration="0.027307" asserts="5" />
                <test-case id="1-1666" name="IsFillComplete(PlayersWorlds.Maps.Maze.RecursiveBacktrackerMazeGenerator,Quarter,Auto,System.Collections.Generic.List`1[PlayersWorlds.Maps.Area])" fullname="PlayersWorlds.Maps.Maze.MazeGeneratorTest.IsFillComplete(PlayersWorlds.Maps.Maze.RecursiveBacktrackerMazeGenerator,Quarter,Auto,System.Collections.Generic.List`1[PlayersWorlds.Maps.Area])" methodname="IsFillComplete" classname="PlayersWorlds.Maps.Maze.MazeGeneratorTest" runstate="Runnable" seed="2009937755" result="Passed" start-time="2024-06-28T22:01:17.5920350Z" end-time="2024-06-28T22:01:17.6056980Z" duration="0.013664" asserts="5" />
                <test-case id="1-1667" name="IsFillComplete(PlayersWorlds.Maps.Maze.RecursiveBacktrackerMazeGenerator,Quarter,Auto,System.Collections.Generic.List`1[PlayersWorlds.Maps.Area])" fullname="PlayersWorlds.Maps.Maze.MazeGeneratorTest.IsFillComplete(PlayersWorlds.Maps.Maze.RecursiveBacktrackerMazeGenerator,Quarter,Auto,System.Collections.Generic.List`1[PlayersWorlds.Maps.Area])" methodname="IsFillComplete" classname="PlayersWorlds.Maps.Maze.MazeGeneratorTest" runstate="Runnable" seed="536879388" result="Passed" start-time="2024-06-28T22:01:17.6057100Z" end-time="2024-06-28T22:01:17.6395170Z" duration="0.033807" asserts="5" />
                <test-case id="1-1668" name="IsFillComplete(PlayersWorlds.Maps.Maze.RecursiveBacktrackerMazeGenerator,Quarter,Auto,System.Collections.Generic.List`1[PlayersWorlds.Maps.Area])" fullname="PlayersWorlds.Maps.Maze.MazeGeneratorTest.IsFillComplete(PlayersWorlds.Maps.Maze.RecursiveBacktrackerMazeGenerator,Quarter,Auto,System.Collections.Generic.List`1[PlayersWorlds.Maps.Area])" methodname="IsFillComplete" classname="PlayersWorlds.Maps.Maze.MazeGeneratorTest" runstate="Runnable" seed="1482857551" result="Passed" start-time="2024-06-28T22:01:17.6395300Z" end-time="2024-06-28T22:01:17.6682430Z" duration="0.028713" asserts="5" />
                <test-case id="1-1669" name="IsFillComplete(PlayersWorlds.Maps.Maze.RecursiveBacktrackerMazeGenerator,Quarter,Auto,System.Collections.Generic.List`1[PlayersWorlds.Maps.Area])" fullname="PlayersWorlds.Maps.Maze.MazeGeneratorTest.IsFillComplete(PlayersWorlds.Maps.Maze.RecursiveBacktrackerMazeGenerator,Quarter,Auto,System.Collections.Generic.List`1[PlayersWorlds.Maps.Area])" methodname="IsFillComplete" classname="PlayersWorlds.Maps.Maze.MazeGeneratorTest" runstate="Runnable" seed="1608534675" result="Passed" start-time="2024-06-28T22:01:17.6682540Z" end-time="2024-06-28T22:01:17.6972890Z" duration="0.029034" asserts="5" />
                <test-case id="1-1670" name="IsFillComplete(PlayersWorlds.Maps.Maze.RecursiveBacktrackerMazeGenerator,Quarter,Auto,System.Collections.Generic.List`1[PlayersWorlds.Maps.Area])" fullname="PlayersWorlds.Maps.Maze.MazeGeneratorTest.IsFillComplete(PlayersWorlds.Maps.Maze.RecursiveBacktrackerMazeGenerator,Quarter,Auto,System.Collections.Generic.List`1[PlayersWorlds.Maps.Area])" methodname="IsFillComplete" classname="PlayersWorlds.Maps.Maze.MazeGeneratorTest" runstate="Runnable" seed="654388672" result="Passed" start-time="2024-06-28T22:01:17.6973010Z" end-time="2024-06-28T22:01:17.7381440Z" duration="0.040844" asserts="5" />
                <test-case id="1-1671" name="IsFillComplete(PlayersWorlds.Maps.Maze.RecursiveBacktrackerMazeGenerator,Quarter,Manual,null)" fullname="PlayersWorlds.Maps.Maze.MazeGeneratorTest.IsFillComplete(PlayersWorlds.Maps.Maze.RecursiveBacktrackerMazeGenerator,Quarter,Manual,null)" methodname="IsFillComplete" classname="PlayersWorlds.Maps.Maze.MazeGeneratorTest" runstate="Runnable" seed="1565307319" result="Passed" start-time="2024-06-28T22:01:17.7381560Z" end-time="2024-06-28T22:01:17.7439590Z" duration="0.005803" asserts="5" />
                <test-case id="1-1672" name="IsFillComplete(PlayersWorlds.Maps.Maze.RecursiveBacktrackerMazeGenerator,Quarter,Manual,System.Collections.Generic.List`1[PlayersWorlds.Maps.Area])" fullname="PlayersWorlds.Maps.Maze.MazeGeneratorTest.IsFillComplete(PlayersWorlds.Maps.Maze.RecursiveBacktrackerMazeGenerator,Quarter,Manual,System.Collections.Generic.List`1[PlayersWorlds.Maps.Area])" methodname="IsFillComplete" classname="PlayersWorlds.Maps.Maze.MazeGeneratorTest" runstate="Runnable" seed="334381119" result="Passed" start-time="2024-06-28T22:01:17.7439700Z" end-time="2024-06-28T22:01:17.7497940Z" duration="0.005825" asserts="5" />
                <test-case id="1-1673" name="IsFillComplete(PlayersWorlds.Maps.Maze.RecursiveBacktrackerMazeGenerator,Quarter,Manual,System.Collections.Generic.List`1[PlayersWorlds.Maps.Area])" fullname="PlayersWorlds.Maps.Maze.MazeGeneratorTest.IsFillComplete(PlayersWorlds.Maps.Maze.RecursiveBacktrackerMazeGenerator,Quarter,Manual,System.Collections.Generic.List`1[PlayersWorlds.Maps.Area])" methodname="IsFillComplete" classname="PlayersWorlds.Maps.Maze.MazeGeneratorTest" runstate="Runnable" seed="1413610328" result="Passed" start-time="2024-06-28T22:01:17.7498050Z" end-time="2024-06-28T22:01:17.7553370Z" duration="0.005533" asserts="5" />
                <test-case id="1-1674" name="IsFillComplete(PlayersWorlds.Maps.Maze.RecursiveBacktrackerMazeGenerator,Quarter,Manual,System.Collections.Generic.List`1[PlayersWorlds.Maps.Area])" fullname="PlayersWorlds.Maps.Maze.MazeGeneratorTest.IsFillComplete(PlayersWorlds.Maps.Maze.RecursiveBacktrackerMazeGenerator,Quarter,Manual,System.Collections.Generic.List`1[PlayersWorlds.Maps.Area])" methodname="IsFillComplete" classname="PlayersWorlds.Maps.Maze.MazeGeneratorTest" runstate="Runnable" seed="916231226" result="Passed" start-time="2024-06-28T22:01:17.7553480Z" end-time="2024-06-28T22:01:17.7629120Z" duration="0.007564" asserts="5" />
                <test-case id="1-1675" name="IsFillComplete(PlayersWorlds.Maps.Maze.RecursiveBacktrackerMazeGenerator,Quarter,Manual,System.Collections.Generic.List`1[PlayersWorlds.Maps.Area])" fullname="PlayersWorlds.Maps.Maze.MazeGeneratorTest.IsFillComplete(PlayersWorlds.Maps.Maze.RecursiveBacktrackerMazeGenerator,Quarter,Manual,System.Collections.Generic.List`1[PlayersWorlds.Maps.Area])" methodname="IsFillComplete" classname="PlayersWorlds.Maps.Maze.MazeGeneratorTest" runstate="Runnable" seed="1810394530" result="Passed" start-time="2024-06-28T22:01:17.7629280Z" end-time="2024-06-28T22:01:17.7688080Z" duration="0.005880" asserts="5" />
                <test-case id="1-1676" name="IsFillComplete(PlayersWorlds.Maps.Maze.RecursiveBacktrackerMazeGenerator,Quarter,Manual,System.Collections.Generic.List`1[PlayersWorlds.Maps.Area])" fullname="PlayersWorlds.Maps.Maze.MazeGeneratorTest.IsFillComplete(PlayersWorlds.Maps.Maze.RecursiveBacktrackerMazeGenerator,Quarter,Manual,System.Collections.Generic.List`1[PlayersWorlds.Maps.Area])" methodname="IsFillComplete" classname="PlayersWorlds.Maps.Maze.MazeGeneratorTest" runstate="Runnable" seed="623287188" result="Passed" start-time="2024-06-28T22:01:17.7688190Z" end-time="2024-06-28T22:01:17.7741610Z" duration="0.005342" asserts="5" />
                <test-case id="1-1677" name="IsFillComplete(PlayersWorlds.Maps.Maze.RecursiveBacktrackerMazeGenerator,Half,Auto,null)" fullname="PlayersWorlds.Maps.Maze.MazeGeneratorTest.IsFillComplete(PlayersWorlds.Maps.Maze.RecursiveBacktrackerMazeGenerator,Half,Auto,null)" methodname="IsFillComplete" classname="PlayersWorlds.Maps.Maze.MazeGeneratorTest" runstate="Runnable" seed="1130556665" result="Passed" start-time="2024-06-28T22:01:17.7741800Z" end-time="2024-06-28T22:01:17.7839050Z" duration="0.009725" asserts="5" />
                <test-case id="1-1678" name="IsFillComplete(PlayersWorlds.Maps.Maze.RecursiveBacktrackerMazeGenerator,Half,Auto,System.Collections.Generic.List`1[PlayersWorlds.Maps.Area])" fullname="PlayersWorlds.Maps.Maze.MazeGeneratorTest.IsFillComplete(PlayersWorlds.Maps.Maze.RecursiveBacktrackerMazeGenerator,Half,Auto,System.Collections.Generic.List`1[PlayersWorlds.Maps.Area])" methodname="IsFillComplete" classname="PlayersWorlds.Maps.Maze.MazeGeneratorTest" runstate="Runnable" seed="273752210" result="Passed" start-time="2024-06-28T22:01:17.7839150Z" end-time="2024-06-28T22:01:17.8012410Z" duration="0.017326" asserts="5" />
                <test-case id="1-1679" name="IsFillComplete(PlayersWorlds.Maps.Maze.RecursiveBacktrackerMazeGenerator,Half,Auto,System.Collections.Generic.List`1[PlayersWorlds.Maps.Area])" fullname="PlayersWorlds.Maps.Maze.MazeGeneratorTest.IsFillComplete(PlayersWorlds.Maps.Maze.RecursiveBacktrackerMazeGenerator,Half,Auto,System.Collections.Generic.List`1[PlayersWorlds.Maps.Area])" methodname="IsFillComplete" classname="PlayersWorlds.Maps.Maze.MazeGeneratorTest" runstate="Runnable" seed="1385697988" result="Passed" start-time="2024-06-28T22:01:17.8012550Z" end-time="2024-06-28T22:01:17.8183390Z" duration="0.017084" asserts="5" />
                <test-case id="1-1680" name="IsFillComplete(PlayersWorlds.Maps.Maze.RecursiveBacktrackerMazeGenerator,Half,Auto,System.Collections.Generic.List`1[PlayersWorlds.Maps.Area])" fullname="PlayersWorlds.Maps.Maze.MazeGeneratorTest.IsFillComplete(PlayersWorlds.Maps.Maze.RecursiveBacktrackerMazeGenerator,Half,Auto,System.Collections.Generic.List`1[PlayersWorlds.Maps.Area])" methodname="IsFillComplete" classname="PlayersWorlds.Maps.Maze.MazeGeneratorTest" runstate="Runnable" seed="259623332" result="Passed" start-time="2024-06-28T22:01:17.8183500Z" end-time="2024-06-28T22:01:17.8478000Z" duration="0.029450" asserts="5" />
                <test-case id="1-1681" name="IsFillComplete(PlayersWorlds.Maps.Maze.RecursiveBacktrackerMazeGenerator,Half,Auto,System.Collections.Generic.List`1[PlayersWorlds.Maps.Area])" fullname="PlayersWorlds.Maps.Maze.MazeGeneratorTest.IsFillComplete(PlayersWorlds.Maps.Maze.RecursiveBacktrackerMazeGenerator,Half,Auto,System.Collections.Generic.List`1[PlayersWorlds.Maps.Area])" methodname="IsFillComplete" classname="PlayersWorlds.Maps.Maze.MazeGeneratorTest" runstate="Runnable" seed="111226237" result="Passed" start-time="2024-06-28T22:01:17.8478110Z" end-time="2024-06-28T22:01:17.8754840Z" duration="0.027672" asserts="5" />
                <test-case id="1-1682" name="IsFillComplete(PlayersWorlds.Maps.Maze.RecursiveBacktrackerMazeGenerator,Half,Auto,System.Collections.Generic.List`1[PlayersWorlds.Maps.Area])" fullname="PlayersWorlds.Maps.Maze.MazeGeneratorTest.IsFillComplete(PlayersWorlds.Maps.Maze.RecursiveBacktrackerMazeGenerator,Half,Auto,System.Collections.Generic.List`1[PlayersWorlds.Maps.Area])" methodname="IsFillComplete" classname="PlayersWorlds.Maps.Maze.MazeGeneratorTest" runstate="Runnable" seed="305902256" result="Passed" start-time="2024-06-28T22:01:17.8754950Z" end-time="2024-06-28T22:01:17.9031700Z" duration="0.027674" asserts="5" />
                <test-case id="1-1683" name="IsFillComplete(PlayersWorlds.Maps.Maze.RecursiveBacktrackerMazeGenerator,Half,Manual,null)" fullname="PlayersWorlds.Maps.Maze.MazeGeneratorTest.IsFillComplete(PlayersWorlds.Maps.Maze.RecursiveBacktrackerMazeGenerator,Half,Manual,null)" methodname="IsFillComplete" classname="PlayersWorlds.Maps.Maze.MazeGeneratorTest" runstate="Runnable" seed="2047900566" result="Passed" start-time="2024-06-28T22:01:17.9031810Z" end-time="2024-06-28T22:01:17.9091750Z" duration="0.005995" asserts="5" />
                <test-case id="1-1684" name="IsFillComplete(PlayersWorlds.Maps.Maze.RecursiveBacktrackerMazeGenerator,Half,Manual,System.Collections.Generic.List`1[PlayersWorlds.Maps.Area])" fullname="PlayersWorlds.Maps.Maze.MazeGeneratorTest.IsFillComplete(PlayersWorlds.Maps.Maze.RecursiveBacktrackerMazeGenerator,Half,Manual,System.Collections.Generic.List`1[PlayersWorlds.Maps.Area])" methodname="IsFillComplete" classname="PlayersWorlds.Maps.Maze.MazeGeneratorTest" runstate="Runnable" seed="424921905" result="Passed" start-time="2024-06-28T22:01:17.9091860Z" end-time="2024-06-28T22:01:17.9151930Z" duration="0.006007" asserts="5" />
                <test-case id="1-1685" name="IsFillComplete(PlayersWorlds.Maps.Maze.RecursiveBacktrackerMazeGenerator,Half,Manual,System.Collections.Generic.List`1[PlayersWorlds.Maps.Area])" fullname="PlayersWorlds.Maps.Maze.MazeGeneratorTest.IsFillComplete(PlayersWorlds.Maps.Maze.RecursiveBacktrackerMazeGenerator,Half,Manual,System.Collections.Generic.List`1[PlayersWorlds.Maps.Area])" methodname="IsFillComplete" classname="PlayersWorlds.Maps.Maze.MazeGeneratorTest" runstate="Runnable" seed="1553299547" result="Passed" start-time="2024-06-28T22:01:17.9152040Z" end-time="2024-06-28T22:01:17.9215660Z" duration="0.006362" asserts="5" />
                <test-case id="1-1686" name="IsFillComplete(PlayersWorlds.Maps.Maze.RecursiveBacktrackerMazeGenerator,Half,Manual,System.Collections.Generic.List`1[PlayersWorlds.Maps.Area])" fullname="PlayersWorlds.Maps.Maze.MazeGeneratorTest.IsFillComplete(PlayersWorlds.Maps.Maze.RecursiveBacktrackerMazeGenerator,Half,Manual,System.Collections.Generic.List`1[PlayersWorlds.Maps.Area])" methodname="IsFillComplete" classname="PlayersWorlds.Maps.Maze.MazeGeneratorTest" runstate="Runnable" seed="1033644706" result="Passed" start-time="2024-06-28T22:01:17.9215760Z" end-time="2024-06-28T22:01:17.9274680Z" duration="0.005892" asserts="5" />
                <test-case id="1-1687" name="IsFillComplete(PlayersWorlds.Maps.Maze.RecursiveBacktrackerMazeGenerator,Half,Manual,System.Collections.Generic.List`1[PlayersWorlds.Maps.Area])" fullname="PlayersWorlds.Maps.Maze.MazeGeneratorTest.IsFillComplete(PlayersWorlds.Maps.Maze.RecursiveBacktrackerMazeGenerator,Half,Manual,System.Collections.Generic.List`1[PlayersWorlds.Maps.Area])" methodname="IsFillComplete" classname="PlayersWorlds.Maps.Maze.MazeGeneratorTest" runstate="Runnable" seed="1404692934" result="Passed" start-time="2024-06-28T22:01:17.9274780Z" end-time="2024-06-28T22:01:17.9332120Z" duration="0.005734" asserts="5" />
                <test-case id="1-1688" name="IsFillComplete(PlayersWorlds.Maps.Maze.RecursiveBacktrackerMazeGenerator,Half,Manual,System.Collections.Generic.List`1[PlayersWorlds.Maps.Area])" fullname="PlayersWorlds.Maps.Maze.MazeGeneratorTest.IsFillComplete(PlayersWorlds.Maps.Maze.RecursiveBacktrackerMazeGenerator,Half,Manual,System.Collections.Generic.List`1[PlayersWorlds.Maps.Area])" methodname="IsFillComplete" classname="PlayersWorlds.Maps.Maze.MazeGeneratorTest" runstate="Runnable" seed="147792053" result="Passed" start-time="2024-06-28T22:01:17.9332220Z" end-time="2024-06-28T22:01:17.9386970Z" duration="0.005474" asserts="5" />
                <test-case id="1-1689" name="IsFillComplete(PlayersWorlds.Maps.Maze.RecursiveBacktrackerMazeGenerator,ThreeQuarters,Auto,null)" fullname="PlayersWorlds.Maps.Maze.MazeGeneratorTest.IsFillComplete(PlayersWorlds.Maps.Maze.RecursiveBacktrackerMazeGenerator,ThreeQuarters,Auto,null)" methodname="IsFillComplete" classname="PlayersWorlds.Maps.Maze.MazeGeneratorTest" runstate="Runnable" seed="632680544" result="Passed" start-time="2024-06-28T22:01:17.9387080Z" end-time="2024-06-28T22:01:17.9612970Z" duration="0.022589" asserts="5" />
                <test-case id="1-1690" name="IsFillComplete(PlayersWorlds.Maps.Maze.RecursiveBacktrackerMazeGenerator,ThreeQuarters,Auto,System.Collections.Generic.List`1[PlayersWorlds.Maps.Area])" fullname="PlayersWorlds.Maps.Maze.MazeGeneratorTest.IsFillComplete(PlayersWorlds.Maps.Maze.RecursiveBacktrackerMazeGenerator,ThreeQuarters,Auto,System.Collections.Generic.List`1[PlayersWorlds.Maps.Area])" methodname="IsFillComplete" classname="PlayersWorlds.Maps.Maze.MazeGeneratorTest" runstate="Runnable" seed="858727499" result="Passed" start-time="2024-06-28T22:01:17.9613080Z" end-time="2024-06-28T22:01:17.9756960Z" duration="0.014388" asserts="5" />
                <test-case id="1-1691" name="IsFillComplete(PlayersWorlds.Maps.Maze.RecursiveBacktrackerMazeGenerator,ThreeQuarters,Auto,System.Collections.Generic.List`1[PlayersWorlds.Maps.Area])" fullname="PlayersWorlds.Maps.Maze.MazeGeneratorTest.IsFillComplete(PlayersWorlds.Maps.Maze.RecursiveBacktrackerMazeGenerator,ThreeQuarters,Auto,System.Collections.Generic.List`1[PlayersWorlds.Maps.Area])" methodname="IsFillComplete" classname="PlayersWorlds.Maps.Maze.MazeGeneratorTest" runstate="Runnable" seed="770755108" result="Passed" start-time="2024-06-28T22:01:17.9757070Z" end-time="2024-06-28T22:01:17.9985740Z" duration="0.022867" asserts="5" />
                <test-case id="1-1692" name="IsFillComplete(PlayersWorlds.Maps.Maze.RecursiveBacktrackerMazeGenerator,ThreeQuarters,Auto,System.Collections.Generic.List`1[PlayersWorlds.Maps.Area])" fullname="PlayersWorlds.Maps.Maze.MazeGeneratorTest.IsFillComplete(PlayersWorlds.Maps.Maze.RecursiveBacktrackerMazeGenerator,ThreeQuarters,Auto,System.Collections.Generic.List`1[PlayersWorlds.Maps.Area])" methodname="IsFillComplete" classname="PlayersWorlds.Maps.Maze.MazeGeneratorTest" runstate="Runnable" seed="1560636084" result="Passed" start-time="2024-06-28T22:01:17.9985850Z" end-time="2024-06-28T22:01:18.0455370Z" duration="0.046953" asserts="5" />
                <test-case id="1-1693" name="IsFillComplete(PlayersWorlds.Maps.Maze.RecursiveBacktrackerMazeGenerator,ThreeQuarters,Auto,System.Collections.Generic.List`1[PlayersWorlds.Maps.Area])" fullname="PlayersWorlds.Maps.Maze.MazeGeneratorTest.IsFillComplete(PlayersWorlds.Maps.Maze.RecursiveBacktrackerMazeGenerator,ThreeQuarters,Auto,System.Collections.Generic.List`1[PlayersWorlds.Maps.Area])" methodname="IsFillComplete" classname="PlayersWorlds.Maps.Maze.MazeGeneratorTest" runstate="Runnable" seed="1011010287" result="Passed" start-time="2024-06-28T22:01:18.0455590Z" end-time="2024-06-28T22:01:18.0875640Z" duration="0.042005" asserts="5" />
                <test-case id="1-1694" name="IsFillComplete(PlayersWorlds.Maps.Maze.RecursiveBacktrackerMazeGenerator,ThreeQuarters,Auto,System.Collections.Generic.List`1[PlayersWorlds.Maps.Area])" fullname="PlayersWorlds.Maps.Maze.MazeGeneratorTest.IsFillComplete(PlayersWorlds.Maps.Maze.RecursiveBacktrackerMazeGenerator,ThreeQuarters,Auto,System.Collections.Generic.List`1[PlayersWorlds.Maps.Area])" methodname="IsFillComplete" classname="PlayersWorlds.Maps.Maze.MazeGeneratorTest" runstate="Runnable" seed="227222320" result="Passed" start-time="2024-06-28T22:01:18.0875750Z" end-time="2024-06-28T22:01:18.1152240Z" duration="0.027649" asserts="5" />
                <test-case id="1-1695" name="IsFillComplete(PlayersWorlds.Maps.Maze.RecursiveBacktrackerMazeGenerator,ThreeQuarters,Manual,null)" fullname="PlayersWorlds.Maps.Maze.MazeGeneratorTest.IsFillComplete(PlayersWorlds.Maps.Maze.RecursiveBacktrackerMazeGenerator,ThreeQuarters,Manual,null)" methodname="IsFillComplete" classname="PlayersWorlds.Maps.Maze.MazeGeneratorTest" runstate="Runnable" seed="664239879" result="Passed" start-time="2024-06-28T22:01:18.1152350Z" end-time="2024-06-28T22:01:18.1215220Z" duration="0.006287" asserts="5" />
                <test-case id="1-1696" name="IsFillComplete(PlayersWorlds.Maps.Maze.RecursiveBacktrackerMazeGenerator,ThreeQuarters,Manual,System.Collections.Generic.List`1[PlayersWorlds.Maps.Area])" fullname="PlayersWorlds.Maps.Maze.MazeGeneratorTest.IsFillComplete(PlayersWorlds.Maps.Maze.RecursiveBacktrackerMazeGenerator,ThreeQuarters,Manual,System.Collections.Generic.List`1[PlayersWorlds.Maps.Area])" methodname="IsFillComplete" classname="PlayersWorlds.Maps.Maze.MazeGeneratorTest" runstate="Runnable" seed="1820660216" result="Passed" start-time="2024-06-28T22:01:18.1215330Z" end-time="2024-06-28T22:01:18.1286300Z" duration="0.007097" asserts="5" />
                <test-case id="1-1697" name="IsFillComplete(PlayersWorlds.Maps.Maze.RecursiveBacktrackerMazeGenerator,ThreeQuarters,Manual,System.Collections.Generic.List`1[PlayersWorlds.Maps.Area])" fullname="PlayersWorlds.Maps.Maze.MazeGeneratorTest.IsFillComplete(PlayersWorlds.Maps.Maze.RecursiveBacktrackerMazeGenerator,ThreeQuarters,Manual,System.Collections.Generic.List`1[PlayersWorlds.Maps.Area])" methodname="IsFillComplete" classname="PlayersWorlds.Maps.Maze.MazeGeneratorTest" runstate="Runnable" seed="406866741" result="Passed" start-time="2024-06-28T22:01:18.1286410Z" end-time="2024-06-28T22:01:18.1346440Z" duration="0.006003" asserts="5" />
                <test-case id="1-1698" name="IsFillComplete(PlayersWorlds.Maps.Maze.RecursiveBacktrackerMazeGenerator,ThreeQuarters,Manual,System.Collections.Generic.List`1[PlayersWorlds.Maps.Area])" fullname="PlayersWorlds.Maps.Maze.MazeGeneratorTest.IsFillComplete(PlayersWorlds.Maps.Maze.RecursiveBacktrackerMazeGenerator,ThreeQuarters,Manual,System.Collections.Generic.List`1[PlayersWorlds.Maps.Area])" methodname="IsFillComplete" classname="PlayersWorlds.Maps.Maze.MazeGeneratorTest" runstate="Runnable" seed="286475624" result="Passed" start-time="2024-06-28T22:01:18.1346540Z" end-time="2024-06-28T22:01:18.1416200Z" duration="0.006966" asserts="5" />
                <test-case id="1-1699" name="IsFillComplete(PlayersWorlds.Maps.Maze.RecursiveBacktrackerMazeGenerator,ThreeQuarters,Manual,System.Collections.Generic.List`1[PlayersWorlds.Maps.Area])" fullname="PlayersWorlds.Maps.Maze.MazeGeneratorTest.IsFillComplete(PlayersWorlds.Maps.Maze.RecursiveBacktrackerMazeGenerator,ThreeQuarters,Manual,System.Collections.Generic.List`1[PlayersWorlds.Maps.Area])" methodname="IsFillComplete" classname="PlayersWorlds.Maps.Maze.MazeGeneratorTest" runstate="Runnable" seed="859575435" result="Passed" start-time="2024-06-28T22:01:18.1416320Z" end-time="2024-06-28T22:01:18.1475700Z" duration="0.005938" asserts="5" />
                <test-case id="1-1700" name="IsFillComplete(PlayersWorlds.Maps.Maze.RecursiveBacktrackerMazeGenerator,ThreeQuarters,Manual,System.Collections.Generic.List`1[PlayersWorlds.Maps.Area])" fullname="PlayersWorlds.Maps.Maze.MazeGeneratorTest.IsFillComplete(PlayersWorlds.Maps.Maze.RecursiveBacktrackerMazeGenerator,ThreeQuarters,Manual,System.Collections.Generic.List`1[PlayersWorlds.Maps.Area])" methodname="IsFillComplete" classname="PlayersWorlds.Maps.Maze.MazeGeneratorTest" runstate="Runnable" seed="1429076824" result="Passed" start-time="2024-06-28T22:01:18.1475810Z" end-time="2024-06-28T22:01:18.1534880Z" duration="0.005907" asserts="5" />
                <test-case id="1-1701" name="IsFillComplete(PlayersWorlds.Maps.Maze.RecursiveBacktrackerMazeGenerator,NinetyPercent,Auto,null)" fullname="PlayersWorlds.Maps.Maze.MazeGeneratorTest.IsFillComplete(PlayersWorlds.Maps.Maze.RecursiveBacktrackerMazeGenerator,NinetyPercent,Auto,null)" methodname="IsFillComplete" classname="PlayersWorlds.Maps.Maze.MazeGeneratorTest" runstate="Runnable" seed="253551358" result="Passed" start-time="2024-06-28T22:01:18.1534990Z" end-time="2024-06-28T22:01:18.1691930Z" duration="0.015694" asserts="5" />
                <test-case id="1-1702" name="IsFillComplete(PlayersWorlds.Maps.Maze.RecursiveBacktrackerMazeGenerator,NinetyPercent,Auto,System.Collections.Generic.List`1[PlayersWorlds.Maps.Area])" fullname="PlayersWorlds.Maps.Maze.MazeGeneratorTest.IsFillComplete(PlayersWorlds.Maps.Maze.RecursiveBacktrackerMazeGenerator,NinetyPercent,Auto,System.Collections.Generic.List`1[PlayersWorlds.Maps.Area])" methodname="IsFillComplete" classname="PlayersWorlds.Maps.Maze.MazeGeneratorTest" runstate="Runnable" seed="223810414" result="Passed" start-time="2024-06-28T22:01:18.1692040Z" end-time="2024-06-28T22:01:18.1905150Z" duration="0.021312" asserts="5" />
                <test-case id="1-1703" name="IsFillComplete(PlayersWorlds.Maps.Maze.RecursiveBacktrackerMazeGenerator,NinetyPercent,Auto,System.Collections.Generic.List`1[PlayersWorlds.Maps.Area])" fullname="PlayersWorlds.Maps.Maze.MazeGeneratorTest.IsFillComplete(PlayersWorlds.Maps.Maze.RecursiveBacktrackerMazeGenerator,NinetyPercent,Auto,System.Collections.Generic.List`1[PlayersWorlds.Maps.Area])" methodname="IsFillComplete" classname="PlayersWorlds.Maps.Maze.MazeGeneratorTest" runstate="Runnable" seed="1504280168" result="Passed" start-time="2024-06-28T22:01:18.1905260Z" end-time="2024-06-28T22:01:18.2088980Z" duration="0.018372" asserts="5" />
                <test-case id="1-1704" name="IsFillComplete(PlayersWorlds.Maps.Maze.RecursiveBacktrackerMazeGenerator,NinetyPercent,Auto,System.Collections.Generic.List`1[PlayersWorlds.Maps.Area])" fullname="PlayersWorlds.Maps.Maze.MazeGeneratorTest.IsFillComplete(PlayersWorlds.Maps.Maze.RecursiveBacktrackerMazeGenerator,NinetyPercent,Auto,System.Collections.Generic.List`1[PlayersWorlds.Maps.Area])" methodname="IsFillComplete" classname="PlayersWorlds.Maps.Maze.MazeGeneratorTest" runstate="Runnable" seed="1836503334" result="Passed" start-time="2024-06-28T22:01:18.2089090Z" end-time="2024-06-28T22:01:18.2285900Z" duration="0.019681" asserts="5" />
                <test-case id="1-1705" name="IsFillComplete(PlayersWorlds.Maps.Maze.RecursiveBacktrackerMazeGenerator,NinetyPercent,Auto,System.Collections.Generic.List`1[PlayersWorlds.Maps.Area])" fullname="PlayersWorlds.Maps.Maze.MazeGeneratorTest.IsFillComplete(PlayersWorlds.Maps.Maze.RecursiveBacktrackerMazeGenerator,NinetyPercent,Auto,System.Collections.Generic.List`1[PlayersWorlds.Maps.Area])" methodname="IsFillComplete" classname="PlayersWorlds.Maps.Maze.MazeGeneratorTest" runstate="Runnable" seed="739531450" result="Passed" start-time="2024-06-28T22:01:18.2286100Z" end-time="2024-06-28T22:01:18.2521110Z" duration="0.023502" asserts="5" />
                <test-case id="1-1706" name="IsFillComplete(PlayersWorlds.Maps.Maze.RecursiveBacktrackerMazeGenerator,NinetyPercent,Auto,System.Collections.Generic.List`1[PlayersWorlds.Maps.Area])" fullname="PlayersWorlds.Maps.Maze.MazeGeneratorTest.IsFillComplete(PlayersWorlds.Maps.Maze.RecursiveBacktrackerMazeGenerator,NinetyPercent,Auto,System.Collections.Generic.List`1[PlayersWorlds.Maps.Area])" methodname="IsFillComplete" classname="PlayersWorlds.Maps.Maze.MazeGeneratorTest" runstate="Runnable" seed="2055929036" result="Passed" start-time="2024-06-28T22:01:18.2521220Z" end-time="2024-06-28T22:01:18.2772080Z" duration="0.025086" asserts="5" />
                <test-case id="1-1707" name="IsFillComplete(PlayersWorlds.Maps.Maze.RecursiveBacktrackerMazeGenerator,NinetyPercent,Manual,null)" fullname="PlayersWorlds.Maps.Maze.MazeGeneratorTest.IsFillComplete(PlayersWorlds.Maps.Maze.RecursiveBacktrackerMazeGenerator,NinetyPercent,Manual,null)" methodname="IsFillComplete" classname="PlayersWorlds.Maps.Maze.MazeGeneratorTest" runstate="Runnable" seed="1566503413" result="Passed" start-time="2024-06-28T22:01:18.2772220Z" end-time="2024-06-28T22:01:18.2849310Z" duration="0.007709" asserts="5" />
                <test-case id="1-1708" name="IsFillComplete(PlayersWorlds.Maps.Maze.RecursiveBacktrackerMazeGenerator,NinetyPercent,Manual,System.Collections.Generic.List`1[PlayersWorlds.Maps.Area])" fullname="PlayersWorlds.Maps.Maze.MazeGeneratorTest.IsFillComplete(PlayersWorlds.Maps.Maze.RecursiveBacktrackerMazeGenerator,NinetyPercent,Manual,System.Collections.Generic.List`1[PlayersWorlds.Maps.Area])" methodname="IsFillComplete" classname="PlayersWorlds.Maps.Maze.MazeGeneratorTest" runstate="Runnable" seed="1836292415" result="Passed" start-time="2024-06-28T22:01:18.2849420Z" end-time="2024-06-28T22:01:18.2921310Z" duration="0.007189" asserts="5" />
                <test-case id="1-1709" name="IsFillComplete(PlayersWorlds.Maps.Maze.RecursiveBacktrackerMazeGenerator,NinetyPercent,Manual,System.Collections.Generic.List`1[PlayersWorlds.Maps.Area])" fullname="PlayersWorlds.Maps.Maze.MazeGeneratorTest.IsFillComplete(PlayersWorlds.Maps.Maze.RecursiveBacktrackerMazeGenerator,NinetyPercent,Manual,System.Collections.Generic.List`1[PlayersWorlds.Maps.Area])" methodname="IsFillComplete" classname="PlayersWorlds.Maps.Maze.MazeGeneratorTest" runstate="Runnable" seed="841907793" result="Passed" start-time="2024-06-28T22:01:18.2921420Z" end-time="2024-06-28T22:01:18.2989760Z" duration="0.006834" asserts="5" />
                <test-case id="1-1710" name="IsFillComplete(PlayersWorlds.Maps.Maze.RecursiveBacktrackerMazeGenerator,NinetyPercent,Manual,System.Collections.Generic.List`1[PlayersWorlds.Maps.Area])" fullname="PlayersWorlds.Maps.Maze.MazeGeneratorTest.IsFillComplete(PlayersWorlds.Maps.Maze.RecursiveBacktrackerMazeGenerator,NinetyPercent,Manual,System.Collections.Generic.List`1[PlayersWorlds.Maps.Area])" methodname="IsFillComplete" classname="PlayersWorlds.Maps.Maze.MazeGeneratorTest" runstate="Runnable" seed="898039743" result="Passed" start-time="2024-06-28T22:01:18.2989860Z" end-time="2024-06-28T22:01:18.3059860Z" duration="0.006999" asserts="5" />
                <test-case id="1-1711" name="IsFillComplete(PlayersWorlds.Maps.Maze.RecursiveBacktrackerMazeGenerator,NinetyPercent,Manual,System.Collections.Generic.List`1[PlayersWorlds.Maps.Area])" fullname="PlayersWorlds.Maps.Maze.MazeGeneratorTest.IsFillComplete(PlayersWorlds.Maps.Maze.RecursiveBacktrackerMazeGenerator,NinetyPercent,Manual,System.Collections.Generic.List`1[PlayersWorlds.Maps.Area])" methodname="IsFillComplete" classname="PlayersWorlds.Maps.Maze.MazeGeneratorTest" runstate="Runnable" seed="1752743844" result="Passed" start-time="2024-06-28T22:01:18.3059970Z" end-time="2024-06-28T22:01:18.3144900Z" duration="0.008493" asserts="5" />
                <test-case id="1-1712" name="IsFillComplete(PlayersWorlds.Maps.Maze.RecursiveBacktrackerMazeGenerator,NinetyPercent,Manual,System.Collections.Generic.List`1[PlayersWorlds.Maps.Area])" fullname="PlayersWorlds.Maps.Maze.MazeGeneratorTest.IsFillComplete(PlayersWorlds.Maps.Maze.RecursiveBacktrackerMazeGenerator,NinetyPercent,Manual,System.Collections.Generic.List`1[PlayersWorlds.Maps.Area])" methodname="IsFillComplete" classname="PlayersWorlds.Maps.Maze.MazeGeneratorTest" runstate="Runnable" seed="1282038642" result="Passed" start-time="2024-06-28T22:01:18.3145020Z" end-time="2024-06-28T22:01:18.3231840Z" duration="0.008683" asserts="5" />
                <test-case id="1-1713" name="IsFillComplete(PlayersWorlds.Maps.Maze.RecursiveBacktrackerMazeGenerator,FullWidth,Auto,null)" fullname="PlayersWorlds.Maps.Maze.MazeGeneratorTest.IsFillComplete(PlayersWorlds.Maps.Maze.RecursiveBacktrackerMazeGenerator,FullWidth,Auto,null)" methodname="IsFillComplete" classname="PlayersWorlds.Maps.Maze.MazeGeneratorTest" runstate="Runnable" seed="1562881704" result="Passed" start-time="2024-06-28T22:01:18.3231950Z" end-time="2024-06-28T22:01:18.3378480Z" duration="0.014653" asserts="5" />
                <test-case id="1-1714" name="IsFillComplete(PlayersWorlds.Maps.Maze.RecursiveBacktrackerMazeGenerator,FullWidth,Auto,System.Collections.Generic.List`1[PlayersWorlds.Maps.Area])" fullname="PlayersWorlds.Maps.Maze.MazeGeneratorTest.IsFillComplete(PlayersWorlds.Maps.Maze.RecursiveBacktrackerMazeGenerator,FullWidth,Auto,System.Collections.Generic.List`1[PlayersWorlds.Maps.Area])" methodname="IsFillComplete" classname="PlayersWorlds.Maps.Maze.MazeGeneratorTest" runstate="Runnable" seed="140158587" result="Passed" start-time="2024-06-28T22:01:18.3378600Z" end-time="2024-06-28T22:01:18.3550620Z" duration="0.017202" asserts="5" />
                <test-case id="1-1715" name="IsFillComplete(PlayersWorlds.Maps.Maze.RecursiveBacktrackerMazeGenerator,FullWidth,Auto,System.Collections.Generic.List`1[PlayersWorlds.Maps.Area])" fullname="PlayersWorlds.Maps.Maze.MazeGeneratorTest.IsFillComplete(PlayersWorlds.Maps.Maze.RecursiveBacktrackerMazeGenerator,FullWidth,Auto,System.Collections.Generic.List`1[PlayersWorlds.Maps.Area])" methodname="IsFillComplete" classname="PlayersWorlds.Maps.Maze.MazeGeneratorTest" runstate="Runnable" seed="337937654" result="Passed" start-time="2024-06-28T22:01:18.3550740Z" end-time="2024-06-28T22:01:18.3789160Z" duration="0.023843" asserts="5" />
                <test-case id="1-1716" name="IsFillComplete(PlayersWorlds.Maps.Maze.RecursiveBacktrackerMazeGenerator,FullWidth,Auto,System.Collections.Generic.List`1[PlayersWorlds.Maps.Area])" fullname="PlayersWorlds.Maps.Maze.MazeGeneratorTest.IsFillComplete(PlayersWorlds.Maps.Maze.RecursiveBacktrackerMazeGenerator,FullWidth,Auto,System.Collections.Generic.List`1[PlayersWorlds.Maps.Area])" methodname="IsFillComplete" classname="PlayersWorlds.Maps.Maze.MazeGeneratorTest" runstate="Runnable" seed="792468758" result="Passed" start-time="2024-06-28T22:01:18.3789360Z" end-time="2024-06-28T22:01:18.3978580Z" duration="0.018922" asserts="5" />
                <test-case id="1-1717" name="IsFillComplete(PlayersWorlds.Maps.Maze.RecursiveBacktrackerMazeGenerator,FullWidth,Auto,System.Collections.Generic.List`1[PlayersWorlds.Maps.Area])" fullname="PlayersWorlds.Maps.Maze.MazeGeneratorTest.IsFillComplete(PlayersWorlds.Maps.Maze.RecursiveBacktrackerMazeGenerator,FullWidth,Auto,System.Collections.Generic.List`1[PlayersWorlds.Maps.Area])" methodname="IsFillComplete" classname="PlayersWorlds.Maps.Maze.MazeGeneratorTest" runstate="Runnable" seed="378684764" result="Passed" start-time="2024-06-28T22:01:18.3978770Z" end-time="2024-06-28T22:01:18.4401770Z" duration="0.042300" asserts="5" />
                <test-case id="1-1718" name="IsFillComplete(PlayersWorlds.Maps.Maze.RecursiveBacktrackerMazeGenerator,FullWidth,Auto,System.Collections.Generic.List`1[PlayersWorlds.Maps.Area])" fullname="PlayersWorlds.Maps.Maze.MazeGeneratorTest.IsFillComplete(PlayersWorlds.Maps.Maze.RecursiveBacktrackerMazeGenerator,FullWidth,Auto,System.Collections.Generic.List`1[PlayersWorlds.Maps.Area])" methodname="IsFillComplete" classname="PlayersWorlds.Maps.Maze.MazeGeneratorTest" runstate="Runnable" seed="2117001190" result="Passed" start-time="2024-06-28T22:01:18.4401890Z" end-time="2024-06-28T22:01:18.4750790Z" duration="0.034890" asserts="5" />
                <test-case id="1-1719" name="IsFillComplete(PlayersWorlds.Maps.Maze.RecursiveBacktrackerMazeGenerator,FullWidth,Manual,null)" fullname="PlayersWorlds.Maps.Maze.MazeGeneratorTest.IsFillComplete(PlayersWorlds.Maps.Maze.RecursiveBacktrackerMazeGenerator,FullWidth,Manual,null)" methodname="IsFillComplete" classname="PlayersWorlds.Maps.Maze.MazeGeneratorTest" runstate="Runnable" seed="1726789477" result="Passed" start-time="2024-06-28T22:01:18.4750910Z" end-time="2024-06-28T22:01:18.4812110Z" duration="0.006120" asserts="5" />
                <test-case id="1-1720" name="IsFillComplete(PlayersWorlds.Maps.Maze.RecursiveBacktrackerMazeGenerator,FullWidth,Manual,System.Collections.Generic.List`1[PlayersWorlds.Maps.Area])" fullname="PlayersWorlds.Maps.Maze.MazeGeneratorTest.IsFillComplete(PlayersWorlds.Maps.Maze.RecursiveBacktrackerMazeGenerator,FullWidth,Manual,System.Collections.Generic.List`1[PlayersWorlds.Maps.Area])" methodname="IsFillComplete" classname="PlayersWorlds.Maps.Maze.MazeGeneratorTest" runstate="Runnable" seed="634372274" result="Passed" start-time="2024-06-28T22:01:18.4812220Z" end-time="2024-06-28T22:01:18.4875730Z" duration="0.006351" asserts="5" />
                <test-case id="1-1721" name="IsFillComplete(PlayersWorlds.Maps.Maze.RecursiveBacktrackerMazeGenerator,FullWidth,Manual,System.Collections.Generic.List`1[PlayersWorlds.Maps.Area])" fullname="PlayersWorlds.Maps.Maze.MazeGeneratorTest.IsFillComplete(PlayersWorlds.Maps.Maze.RecursiveBacktrackerMazeGenerator,FullWidth,Manual,System.Collections.Generic.List`1[PlayersWorlds.Maps.Area])" methodname="IsFillComplete" classname="PlayersWorlds.Maps.Maze.MazeGeneratorTest" runstate="Runnable" seed="605244821" result="Passed" start-time="2024-06-28T22:01:18.4875830Z" end-time="2024-06-28T22:01:18.4945000Z" duration="0.006916" asserts="5" />
                <test-case id="1-1722" name="IsFillComplete(PlayersWorlds.Maps.Maze.RecursiveBacktrackerMazeGenerator,FullWidth,Manual,System.Collections.Generic.List`1[PlayersWorlds.Maps.Area])" fullname="PlayersWorlds.Maps.Maze.MazeGeneratorTest.IsFillComplete(PlayersWorlds.Maps.Maze.RecursiveBacktrackerMazeGenerator,FullWidth,Manual,System.Collections.Generic.List`1[PlayersWorlds.Maps.Area])" methodname="IsFillComplete" classname="PlayersWorlds.Maps.Maze.MazeGeneratorTest" runstate="Runnable" seed="389087335" result="Passed" start-time="2024-06-28T22:01:18.4945110Z" end-time="2024-06-28T22:01:18.5008020Z" duration="0.006292" asserts="5" />
                <test-case id="1-1723" name="IsFillComplete(PlayersWorlds.Maps.Maze.RecursiveBacktrackerMazeGenerator,FullWidth,Manual,System.Collections.Generic.List`1[PlayersWorlds.Maps.Area])" fullname="PlayersWorlds.Maps.Maze.MazeGeneratorTest.IsFillComplete(PlayersWorlds.Maps.Maze.RecursiveBacktrackerMazeGenerator,FullWidth,Manual,System.Collections.Generic.List`1[PlayersWorlds.Maps.Area])" methodname="IsFillComplete" classname="PlayersWorlds.Maps.Maze.MazeGeneratorTest" runstate="Runnable" seed="850177007" result="Passed" start-time="2024-06-28T22:01:18.5008130Z" end-time="2024-06-28T22:01:18.5062330Z" duration="0.005420" asserts="5" />
                <test-case id="1-1724" name="IsFillComplete(PlayersWorlds.Maps.Maze.RecursiveBacktrackerMazeGenerator,FullWidth,Manual,System.Collections.Generic.List`1[PlayersWorlds.Maps.Area])" fullname="PlayersWorlds.Maps.Maze.MazeGeneratorTest.IsFillComplete(PlayersWorlds.Maps.Maze.RecursiveBacktrackerMazeGenerator,FullWidth,Manual,System.Collections.Generic.List`1[PlayersWorlds.Maps.Area])" methodname="IsFillComplete" classname="PlayersWorlds.Maps.Maze.MazeGeneratorTest" runstate="Runnable" seed="749807176" result="Passed" start-time="2024-06-28T22:01:18.5062450Z" end-time="2024-06-28T22:01:18.5117880Z" duration="0.005543" asserts="5" />
                <test-case id="1-1725" name="IsFillComplete(PlayersWorlds.Maps.Maze.RecursiveBacktrackerMazeGenerator,FullHeight,Auto,null)" fullname="PlayersWorlds.Maps.Maze.MazeGeneratorTest.IsFillComplete(PlayersWorlds.Maps.Maze.RecursiveBacktrackerMazeGenerator,FullHeight,Auto,null)" methodname="IsFillComplete" classname="PlayersWorlds.Maps.Maze.MazeGeneratorTest" runstate="Runnable" seed="2031117211" result="Passed" start-time="2024-06-28T22:01:18.5117990Z" end-time="2024-06-28T22:01:18.5290330Z" duration="0.017234" asserts="5" />
                <test-case id="1-1726" name="IsFillComplete(PlayersWorlds.Maps.Maze.RecursiveBacktrackerMazeGenerator,FullHeight,Auto,System.Collections.Generic.List`1[PlayersWorlds.Maps.Area])" fullname="PlayersWorlds.Maps.Maze.MazeGeneratorTest.IsFillComplete(PlayersWorlds.Maps.Maze.RecursiveBacktrackerMazeGenerator,FullHeight,Auto,System.Collections.Generic.List`1[PlayersWorlds.Maps.Area])" methodname="IsFillComplete" classname="PlayersWorlds.Maps.Maze.MazeGeneratorTest" runstate="Runnable" seed="4671235" result="Passed" start-time="2024-06-28T22:01:18.5290530Z" end-time="2024-06-28T22:01:18.5493330Z" duration="0.020280" asserts="5" />
                <test-case id="1-1727" name="IsFillComplete(PlayersWorlds.Maps.Maze.RecursiveBacktrackerMazeGenerator,FullHeight,Auto,System.Collections.Generic.List`1[PlayersWorlds.Maps.Area])" fullname="PlayersWorlds.Maps.Maze.MazeGeneratorTest.IsFillComplete(PlayersWorlds.Maps.Maze.RecursiveBacktrackerMazeGenerator,FullHeight,Auto,System.Collections.Generic.List`1[PlayersWorlds.Maps.Area])" methodname="IsFillComplete" classname="PlayersWorlds.Maps.Maze.MazeGeneratorTest" runstate="Runnable" seed="1470854479" result="Passed" start-time="2024-06-28T22:01:18.5493440Z" end-time="2024-06-28T22:01:18.5675280Z" duration="0.018184" asserts="5" />
                <test-case id="1-1728" name="IsFillComplete(PlayersWorlds.Maps.Maze.RecursiveBacktrackerMazeGenerator,FullHeight,Auto,System.Collections.Generic.List`1[PlayersWorlds.Maps.Area])" fullname="PlayersWorlds.Maps.Maze.MazeGeneratorTest.IsFillComplete(PlayersWorlds.Maps.Maze.RecursiveBacktrackerMazeGenerator,FullHeight,Auto,System.Collections.Generic.List`1[PlayersWorlds.Maps.Area])" methodname="IsFillComplete" classname="PlayersWorlds.Maps.Maze.MazeGeneratorTest" runstate="Runnable" seed="1186388008" result="Passed" start-time="2024-06-28T22:01:18.5675390Z" end-time="2024-06-28T22:01:18.6014740Z" duration="0.033935" asserts="5" />
                <test-case id="1-1729" name="IsFillComplete(PlayersWorlds.Maps.Maze.RecursiveBacktrackerMazeGenerator,FullHeight,Auto,System.Collections.Generic.List`1[PlayersWorlds.Maps.Area])" fullname="PlayersWorlds.Maps.Maze.MazeGeneratorTest.IsFillComplete(PlayersWorlds.Maps.Maze.RecursiveBacktrackerMazeGenerator,FullHeight,Auto,System.Collections.Generic.List`1[PlayersWorlds.Maps.Area])" methodname="IsFillComplete" classname="PlayersWorlds.Maps.Maze.MazeGeneratorTest" runstate="Runnable" seed="251991347" result="Passed" start-time="2024-06-28T22:01:18.6014860Z" end-time="2024-06-28T22:01:18.6366380Z" duration="0.035151" asserts="5" />
                <test-case id="1-1730" name="IsFillComplete(PlayersWorlds.Maps.Maze.RecursiveBacktrackerMazeGenerator,FullHeight,Auto,System.Collections.Generic.List`1[PlayersWorlds.Maps.Area])" fullname="PlayersWorlds.Maps.Maze.MazeGeneratorTest.IsFillComplete(PlayersWorlds.Maps.Maze.RecursiveBacktrackerMazeGenerator,FullHeight,Auto,System.Collections.Generic.List`1[PlayersWorlds.Maps.Area])" methodname="IsFillComplete" classname="PlayersWorlds.Maps.Maze.MazeGeneratorTest" runstate="Runnable" seed="2137217961" result="Passed" start-time="2024-06-28T22:01:18.6366500Z" end-time="2024-06-28T22:01:18.6726600Z" duration="0.036010" asserts="5" />
                <test-case id="1-1731" name="IsFillComplete(PlayersWorlds.Maps.Maze.RecursiveBacktrackerMazeGenerator,FullHeight,Manual,null)" fullname="PlayersWorlds.Maps.Maze.MazeGeneratorTest.IsFillComplete(PlayersWorlds.Maps.Maze.RecursiveBacktrackerMazeGenerator,FullHeight,Manual,null)" methodname="IsFillComplete" classname="PlayersWorlds.Maps.Maze.MazeGeneratorTest" runstate="Runnable" seed="216420447" result="Passed" start-time="2024-06-28T22:01:18.6726720Z" end-time="2024-06-28T22:01:18.6786590Z" duration="0.005987" asserts="5" />
                <test-case id="1-1732" name="IsFillComplete(PlayersWorlds.Maps.Maze.RecursiveBacktrackerMazeGenerator,FullHeight,Manual,System.Collections.Generic.List`1[PlayersWorlds.Maps.Area])" fullname="PlayersWorlds.Maps.Maze.MazeGeneratorTest.IsFillComplete(PlayersWorlds.Maps.Maze.RecursiveBacktrackerMazeGenerator,FullHeight,Manual,System.Collections.Generic.List`1[PlayersWorlds.Maps.Area])" methodname="IsFillComplete" classname="PlayersWorlds.Maps.Maze.MazeGeneratorTest" runstate="Runnable" seed="844081041" result="Passed" start-time="2024-06-28T22:01:18.6786700Z" end-time="2024-06-28T22:01:18.6846280Z" duration="0.005958" asserts="5" />
                <test-case id="1-1733" name="IsFillComplete(PlayersWorlds.Maps.Maze.RecursiveBacktrackerMazeGenerator,FullHeight,Manual,System.Collections.Generic.List`1[PlayersWorlds.Maps.Area])" fullname="PlayersWorlds.Maps.Maze.MazeGeneratorTest.IsFillComplete(PlayersWorlds.Maps.Maze.RecursiveBacktrackerMazeGenerator,FullHeight,Manual,System.Collections.Generic.List`1[PlayersWorlds.Maps.Area])" methodname="IsFillComplete" classname="PlayersWorlds.Maps.Maze.MazeGeneratorTest" runstate="Runnable" seed="1561660422" result="Passed" start-time="2024-06-28T22:01:18.6846380Z" end-time="2024-06-28T22:01:18.6902930Z" duration="0.005655" asserts="5" />
                <test-case id="1-1734" name="IsFillComplete(PlayersWorlds.Maps.Maze.RecursiveBacktrackerMazeGenerator,FullHeight,Manual,System.Collections.Generic.List`1[PlayersWorlds.Maps.Area])" fullname="PlayersWorlds.Maps.Maze.MazeGeneratorTest.IsFillComplete(PlayersWorlds.Maps.Maze.RecursiveBacktrackerMazeGenerator,FullHeight,Manual,System.Collections.Generic.List`1[PlayersWorlds.Maps.Area])" methodname="IsFillComplete" classname="PlayersWorlds.Maps.Maze.MazeGeneratorTest" runstate="Runnable" seed="2104104811" result="Passed" start-time="2024-06-28T22:01:18.6903030Z" end-time="2024-06-28T22:01:18.6966650Z" duration="0.006362" asserts="5" />
                <test-case id="1-1735" name="IsFillComplete(PlayersWorlds.Maps.Maze.RecursiveBacktrackerMazeGenerator,FullHeight,Manual,System.Collections.Generic.List`1[PlayersWorlds.Maps.Area])" fullname="PlayersWorlds.Maps.Maze.MazeGeneratorTest.IsFillComplete(PlayersWorlds.Maps.Maze.RecursiveBacktrackerMazeGenerator,FullHeight,Manual,System.Collections.Generic.List`1[PlayersWorlds.Maps.Area])" methodname="IsFillComplete" classname="PlayersWorlds.Maps.Maze.MazeGeneratorTest" runstate="Runnable" seed="6071974" result="Passed" start-time="2024-06-28T22:01:18.6966750Z" end-time="2024-06-28T22:01:18.7025050Z" duration="0.005829" asserts="5" />
                <test-case id="1-1736" name="IsFillComplete(PlayersWorlds.Maps.Maze.RecursiveBacktrackerMazeGenerator,FullHeight,Manual,System.Collections.Generic.List`1[PlayersWorlds.Maps.Area])" fullname="PlayersWorlds.Maps.Maze.MazeGeneratorTest.IsFillComplete(PlayersWorlds.Maps.Maze.RecursiveBacktrackerMazeGenerator,FullHeight,Manual,System.Collections.Generic.List`1[PlayersWorlds.Maps.Area])" methodname="IsFillComplete" classname="PlayersWorlds.Maps.Maze.MazeGeneratorTest" runstate="Runnable" seed="2034899470" result="Passed" start-time="2024-06-28T22:01:18.7025160Z" end-time="2024-06-28T22:01:18.7083280Z" duration="0.005813" asserts="5" />
                <test-case id="1-1737" name="IsFillComplete(PlayersWorlds.Maps.Maze.RecursiveBacktrackerMazeGenerator,Full,Auto,null)" fullname="PlayersWorlds.Maps.Maze.MazeGeneratorTest.IsFillComplete(PlayersWorlds.Maps.Maze.RecursiveBacktrackerMazeGenerator,Full,Auto,null)" methodname="IsFillComplete" classname="PlayersWorlds.Maps.Maze.MazeGeneratorTest" runstate="Runnable" seed="949105735" result="Passed" start-time="2024-06-28T22:01:18.7083390Z" end-time="2024-06-28T22:01:18.7277360Z" duration="0.019398" asserts="5" />
                <test-case id="1-1738" name="IsFillComplete(PlayersWorlds.Maps.Maze.RecursiveBacktrackerMazeGenerator,Full,Auto,System.Collections.Generic.List`1[PlayersWorlds.Maps.Area])" fullname="PlayersWorlds.Maps.Maze.MazeGeneratorTest.IsFillComplete(PlayersWorlds.Maps.Maze.RecursiveBacktrackerMazeGenerator,Full,Auto,System.Collections.Generic.List`1[PlayersWorlds.Maps.Area])" methodname="IsFillComplete" classname="PlayersWorlds.Maps.Maze.MazeGeneratorTest" runstate="Runnable" seed="211397232" result="Passed" start-time="2024-06-28T22:01:18.7277470Z" end-time="2024-06-28T22:01:18.7490650Z" duration="0.021318" asserts="5" />
                <test-case id="1-1739" name="IsFillComplete(PlayersWorlds.Maps.Maze.RecursiveBacktrackerMazeGenerator,Full,Auto,System.Collections.Generic.List`1[PlayersWorlds.Maps.Area])" fullname="PlayersWorlds.Maps.Maze.MazeGeneratorTest.IsFillComplete(PlayersWorlds.Maps.Maze.RecursiveBacktrackerMazeGenerator,Full,Auto,System.Collections.Generic.List`1[PlayersWorlds.Maps.Area])" methodname="IsFillComplete" classname="PlayersWorlds.Maps.Maze.MazeGeneratorTest" runstate="Runnable" seed="1832874102" result="Passed" start-time="2024-06-28T22:01:18.7490760Z" end-time="2024-06-28T22:01:18.7773310Z" duration="0.028255" asserts="5" />
                <test-case id="1-1740" name="IsFillComplete(PlayersWorlds.Maps.Maze.RecursiveBacktrackerMazeGenerator,Full,Auto,System.Collections.Generic.List`1[PlayersWorlds.Maps.Area])" fullname="PlayersWorlds.Maps.Maze.MazeGeneratorTest.IsFillComplete(PlayersWorlds.Maps.Maze.RecursiveBacktrackerMazeGenerator,Full,Auto,System.Collections.Generic.List`1[PlayersWorlds.Maps.Area])" methodname="IsFillComplete" classname="PlayersWorlds.Maps.Maze.MazeGeneratorTest" runstate="Runnable" seed="1644854158" result="Passed" start-time="2024-06-28T22:01:18.7773450Z" end-time="2024-06-28T22:01:18.8008020Z" duration="0.023456" asserts="5" />
                <test-case id="1-1741" name="IsFillComplete(PlayersWorlds.Maps.Maze.RecursiveBacktrackerMazeGenerator,Full,Auto,System.Collections.Generic.List`1[PlayersWorlds.Maps.Area])" fullname="PlayersWorlds.Maps.Maze.MazeGeneratorTest.IsFillComplete(PlayersWorlds.Maps.Maze.RecursiveBacktrackerMazeGenerator,Full,Auto,System.Collections.Generic.List`1[PlayersWorlds.Maps.Area])" methodname="IsFillComplete" classname="PlayersWorlds.Maps.Maze.MazeGeneratorTest" runstate="Runnable" seed="1614624940" result="Passed" start-time="2024-06-28T22:01:18.8008140Z" end-time="2024-06-28T22:01:18.8291950Z" duration="0.028381" asserts="5" />
                <test-case id="1-1742" name="IsFillComplete(PlayersWorlds.Maps.Maze.RecursiveBacktrackerMazeGenerator,Full,Auto,System.Collections.Generic.List`1[PlayersWorlds.Maps.Area])" fullname="PlayersWorlds.Maps.Maze.MazeGeneratorTest.IsFillComplete(PlayersWorlds.Maps.Maze.RecursiveBacktrackerMazeGenerator,Full,Auto,System.Collections.Generic.List`1[PlayersWorlds.Maps.Area])" methodname="IsFillComplete" classname="PlayersWorlds.Maps.Maze.MazeGeneratorTest" runstate="Runnable" seed="1715884166" result="Passed" start-time="2024-06-28T22:01:18.8292060Z" end-time="2024-06-28T22:01:18.8723360Z" duration="0.043130" asserts="5" />
                <test-case id="1-1743" name="IsFillComplete(PlayersWorlds.Maps.Maze.RecursiveBacktrackerMazeGenerator,Full,Manual,null)" fullname="PlayersWorlds.Maps.Maze.MazeGeneratorTest.IsFillComplete(PlayersWorlds.Maps.Maze.RecursiveBacktrackerMazeGenerator,Full,Manual,null)" methodname="IsFillComplete" classname="PlayersWorlds.Maps.Maze.MazeGeneratorTest" runstate="Runnable" seed="1453367907" result="Passed" start-time="2024-06-28T22:01:18.8723490Z" end-time="2024-06-28T22:01:18.8802670Z" duration="0.007919" asserts="5" />
                <test-case id="1-1744" name="IsFillComplete(PlayersWorlds.Maps.Maze.RecursiveBacktrackerMazeGenerator,Full,Manual,System.Collections.Generic.List`1[PlayersWorlds.Maps.Area])" fullname="PlayersWorlds.Maps.Maze.MazeGeneratorTest.IsFillComplete(PlayersWorlds.Maps.Maze.RecursiveBacktrackerMazeGenerator,Full,Manual,System.Collections.Generic.List`1[PlayersWorlds.Maps.Area])" methodname="IsFillComplete" classname="PlayersWorlds.Maps.Maze.MazeGeneratorTest" runstate="Runnable" seed="1882124448" result="Passed" start-time="2024-06-28T22:01:18.8802790Z" end-time="2024-06-28T22:01:18.8876110Z" duration="0.007332" asserts="5" />
                <test-case id="1-1745" name="IsFillComplete(PlayersWorlds.Maps.Maze.RecursiveBacktrackerMazeGenerator,Full,Manual,System.Collections.Generic.List`1[PlayersWorlds.Maps.Area])" fullname="PlayersWorlds.Maps.Maze.MazeGeneratorTest.IsFillComplete(PlayersWorlds.Maps.Maze.RecursiveBacktrackerMazeGenerator,Full,Manual,System.Collections.Generic.List`1[PlayersWorlds.Maps.Area])" methodname="IsFillComplete" classname="PlayersWorlds.Maps.Maze.MazeGeneratorTest" runstate="Runnable" seed="1253467302" result="Passed" start-time="2024-06-28T22:01:18.8876220Z" end-time="2024-06-28T22:01:18.8946140Z" duration="0.006992" asserts="5" />
                <test-case id="1-1746" name="IsFillComplete(PlayersWorlds.Maps.Maze.RecursiveBacktrackerMazeGenerator,Full,Manual,System.Collections.Generic.List`1[PlayersWorlds.Maps.Area])" fullname="PlayersWorlds.Maps.Maze.MazeGeneratorTest.IsFillComplete(PlayersWorlds.Maps.Maze.RecursiveBacktrackerMazeGenerator,Full,Manual,System.Collections.Generic.List`1[PlayersWorlds.Maps.Area])" methodname="IsFillComplete" classname="PlayersWorlds.Maps.Maze.MazeGeneratorTest" runstate="Runnable" seed="1636200113" result="Passed" start-time="2024-06-28T22:01:18.8946240Z" end-time="2024-06-28T22:01:18.9025720Z" duration="0.007948" asserts="5" />
                <test-case id="1-1747" name="IsFillComplete(PlayersWorlds.Maps.Maze.RecursiveBacktrackerMazeGenerator,Full,Manual,System.Collections.Generic.List`1[PlayersWorlds.Maps.Area])" fullname="PlayersWorlds.Maps.Maze.MazeGeneratorTest.IsFillComplete(PlayersWorlds.Maps.Maze.RecursiveBacktrackerMazeGenerator,Full,Manual,System.Collections.Generic.List`1[PlayersWorlds.Maps.Area])" methodname="IsFillComplete" classname="PlayersWorlds.Maps.Maze.MazeGeneratorTest" runstate="Runnable" seed="2145238027" result="Passed" start-time="2024-06-28T22:01:18.9025820Z" end-time="2024-06-28T22:01:18.9095040Z" duration="0.006921" asserts="5" />
                <test-case id="1-1748" name="IsFillComplete(PlayersWorlds.Maps.Maze.RecursiveBacktrackerMazeGenerator,Full,Manual,System.Collections.Generic.List`1[PlayersWorlds.Maps.Area])" fullname="PlayersWorlds.Maps.Maze.MazeGeneratorTest.IsFillComplete(PlayersWorlds.Maps.Maze.RecursiveBacktrackerMazeGenerator,Full,Manual,System.Collections.Generic.List`1[PlayersWorlds.Maps.Area])" methodname="IsFillComplete" classname="PlayersWorlds.Maps.Maze.MazeGeneratorTest" runstate="Runnable" seed="870851700" result="Passed" start-time="2024-06-28T22:01:18.9095150Z" end-time="2024-06-28T22:01:18.9163720Z" duration="0.006858" asserts="5" />
                <test-case id="1-1749" name="IsFillComplete(PlayersWorlds.Maps.Maze.SidewinderMazeGenerator,Quarter,Auto,null)" fullname="PlayersWorlds.Maps.Maze.MazeGeneratorTest.IsFillComplete(PlayersWorlds.Maps.Maze.SidewinderMazeGenerator,Quarter,Auto,null)" methodname="IsFillComplete" classname="PlayersWorlds.Maps.Maze.MazeGeneratorTest" runstate="Runnable" seed="2036768313" result="Skipped" label="Ignored" start-time="2024-06-28T22:01:18.9163830Z" end-time="2024-06-28T22:01:18.9170030Z" duration="0.000621" asserts="0" />
                <test-case id="1-1750" name="IsFillComplete(PlayersWorlds.Maps.Maze.SidewinderMazeGenerator,Quarter,Auto,System.Collections.Generic.List`1[PlayersWorlds.Maps.Area])" fullname="PlayersWorlds.Maps.Maze.MazeGeneratorTest.IsFillComplete(PlayersWorlds.Maps.Maze.SidewinderMazeGenerator,Quarter,Auto,System.Collections.Generic.List`1[PlayersWorlds.Maps.Area])" methodname="IsFillComplete" classname="PlayersWorlds.Maps.Maze.MazeGeneratorTest" runstate="Runnable" seed="2019254768" result="Skipped" label="Ignored" start-time="2024-06-28T22:01:18.9170110Z" end-time="2024-06-28T22:01:18.9170840Z" duration="0.000074" asserts="0" />
                <test-case id="1-1751" name="IsFillComplete(PlayersWorlds.Maps.Maze.SidewinderMazeGenerator,Quarter,Auto,System.Collections.Generic.List`1[PlayersWorlds.Maps.Area])" fullname="PlayersWorlds.Maps.Maze.MazeGeneratorTest.IsFillComplete(PlayersWorlds.Maps.Maze.SidewinderMazeGenerator,Quarter,Auto,System.Collections.Generic.List`1[PlayersWorlds.Maps.Area])" methodname="IsFillComplete" classname="PlayersWorlds.Maps.Maze.MazeGeneratorTest" runstate="Runnable" seed="1441975452" result="Skipped" label="Ignored" start-time="2024-06-28T22:01:18.9170900Z" end-time="2024-06-28T22:01:18.9171480Z" duration="0.000058" asserts="0" />
                <test-case id="1-1752" name="IsFillComplete(PlayersWorlds.Maps.Maze.SidewinderMazeGenerator,Quarter,Auto,System.Collections.Generic.List`1[PlayersWorlds.Maps.Area])" fullname="PlayersWorlds.Maps.Maze.MazeGeneratorTest.IsFillComplete(PlayersWorlds.Maps.Maze.SidewinderMazeGenerator,Quarter,Auto,System.Collections.Generic.List`1[PlayersWorlds.Maps.Area])" methodname="IsFillComplete" classname="PlayersWorlds.Maps.Maze.MazeGeneratorTest" runstate="Runnable" seed="437349198" result="Skipped" label="Ignored" start-time="2024-06-28T22:01:18.9171530Z" end-time="2024-06-28T22:01:18.9172110Z" duration="0.000058" asserts="0" />
                <test-case id="1-1753" name="IsFillComplete(PlayersWorlds.Maps.Maze.SidewinderMazeGenerator,Quarter,Auto,System.Collections.Generic.List`1[PlayersWorlds.Maps.Area])" fullname="PlayersWorlds.Maps.Maze.MazeGeneratorTest.IsFillComplete(PlayersWorlds.Maps.Maze.SidewinderMazeGenerator,Quarter,Auto,System.Collections.Generic.List`1[PlayersWorlds.Maps.Area])" methodname="IsFillComplete" classname="PlayersWorlds.Maps.Maze.MazeGeneratorTest" runstate="Runnable" seed="707169794" result="Skipped" label="Ignored" start-time="2024-06-28T22:01:18.9172160Z" end-time="2024-06-28T22:01:18.9172730Z" duration="0.000057" asserts="0" />
                <test-case id="1-1754" name="IsFillComplete(PlayersWorlds.Maps.Maze.SidewinderMazeGenerator,Quarter,Auto,System.Collections.Generic.List`1[PlayersWorlds.Maps.Area])" fullname="PlayersWorlds.Maps.Maze.MazeGeneratorTest.IsFillComplete(PlayersWorlds.Maps.Maze.SidewinderMazeGenerator,Quarter,Auto,System.Collections.Generic.List`1[PlayersWorlds.Maps.Area])" methodname="IsFillComplete" classname="PlayersWorlds.Maps.Maze.MazeGeneratorTest" runstate="Runnable" seed="225203161" result="Skipped" label="Ignored" start-time="2024-06-28T22:01:18.9172790Z" end-time="2024-06-28T22:01:18.9173350Z" duration="0.000057" asserts="0" />
                <test-case id="1-1755" name="IsFillComplete(PlayersWorlds.Maps.Maze.SidewinderMazeGenerator,Quarter,Manual,null)" fullname="PlayersWorlds.Maps.Maze.MazeGeneratorTest.IsFillComplete(PlayersWorlds.Maps.Maze.SidewinderMazeGenerator,Quarter,Manual,null)" methodname="IsFillComplete" classname="PlayersWorlds.Maps.Maze.MazeGeneratorTest" runstate="Runnable" seed="823832003" result="Skipped" label="Ignored" start-time="2024-06-28T22:01:18.9173410Z" end-time="2024-06-28T22:01:18.9173910Z" duration="0.000051" asserts="0" />
                <test-case id="1-1756" name="IsFillComplete(PlayersWorlds.Maps.Maze.SidewinderMazeGenerator,Quarter,Manual,System.Collections.Generic.List`1[PlayersWorlds.Maps.Area])" fullname="PlayersWorlds.Maps.Maze.MazeGeneratorTest.IsFillComplete(PlayersWorlds.Maps.Maze.SidewinderMazeGenerator,Quarter,Manual,System.Collections.Generic.List`1[PlayersWorlds.Maps.Area])" methodname="IsFillComplete" classname="PlayersWorlds.Maps.Maze.MazeGeneratorTest" runstate="Runnable" seed="2011947670" result="Skipped" label="Ignored" start-time="2024-06-28T22:01:18.9173960Z" end-time="2024-06-28T22:01:18.9174470Z" duration="0.000051" asserts="0" />
                <test-case id="1-1757" name="IsFillComplete(PlayersWorlds.Maps.Maze.SidewinderMazeGenerator,Quarter,Manual,System.Collections.Generic.List`1[PlayersWorlds.Maps.Area])" fullname="PlayersWorlds.Maps.Maze.MazeGeneratorTest.IsFillComplete(PlayersWorlds.Maps.Maze.SidewinderMazeGenerator,Quarter,Manual,System.Collections.Generic.List`1[PlayersWorlds.Maps.Area])" methodname="IsFillComplete" classname="PlayersWorlds.Maps.Maze.MazeGeneratorTest" runstate="Runnable" seed="1521117054" result="Skipped" label="Ignored" start-time="2024-06-28T22:01:18.9174520Z" end-time="2024-06-28T22:01:18.9175040Z" duration="0.000052" asserts="0" />
                <test-case id="1-1758" name="IsFillComplete(PlayersWorlds.Maps.Maze.SidewinderMazeGenerator,Quarter,Manual,System.Collections.Generic.List`1[PlayersWorlds.Maps.Area])" fullname="PlayersWorlds.Maps.Maze.MazeGeneratorTest.IsFillComplete(PlayersWorlds.Maps.Maze.SidewinderMazeGenerator,Quarter,Manual,System.Collections.Generic.List`1[PlayersWorlds.Maps.Area])" methodname="IsFillComplete" classname="PlayersWorlds.Maps.Maze.MazeGeneratorTest" runstate="Runnable" seed="754472992" result="Skipped" label="Ignored" start-time="2024-06-28T22:01:18.9175090Z" end-time="2024-06-28T22:01:18.9175620Z" duration="0.000053" asserts="0" />
                <test-case id="1-1759" name="IsFillComplete(PlayersWorlds.Maps.Maze.SidewinderMazeGenerator,Quarter,Manual,System.Collections.Generic.List`1[PlayersWorlds.Maps.Area])" fullname="PlayersWorlds.Maps.Maze.MazeGeneratorTest.IsFillComplete(PlayersWorlds.Maps.Maze.SidewinderMazeGenerator,Quarter,Manual,System.Collections.Generic.List`1[PlayersWorlds.Maps.Area])" methodname="IsFillComplete" classname="PlayersWorlds.Maps.Maze.MazeGeneratorTest" runstate="Runnable" seed="1952869770" result="Skipped" label="Ignored" start-time="2024-06-28T22:01:18.9175670Z" end-time="2024-06-28T22:01:18.9176210Z" duration="0.000054" asserts="0" />
                <test-case id="1-1760" name="IsFillComplete(PlayersWorlds.Maps.Maze.SidewinderMazeGenerator,Quarter,Manual,System.Collections.Generic.List`1[PlayersWorlds.Maps.Area])" fullname="PlayersWorlds.Maps.Maze.MazeGeneratorTest.IsFillComplete(PlayersWorlds.Maps.Maze.SidewinderMazeGenerator,Quarter,Manual,System.Collections.Generic.List`1[PlayersWorlds.Maps.Area])" methodname="IsFillComplete" classname="PlayersWorlds.Maps.Maze.MazeGeneratorTest" runstate="Runnable" seed="734860215" result="Skipped" label="Ignored" start-time="2024-06-28T22:01:18.9176260Z" end-time="2024-06-28T22:01:18.9176790Z" duration="0.000053" asserts="0" />
                <test-case id="1-1761" name="IsFillComplete(PlayersWorlds.Maps.Maze.SidewinderMazeGenerator,Half,Auto,null)" fullname="PlayersWorlds.Maps.Maze.MazeGeneratorTest.IsFillComplete(PlayersWorlds.Maps.Maze.SidewinderMazeGenerator,Half,Auto,null)" methodname="IsFillComplete" classname="PlayersWorlds.Maps.Maze.MazeGeneratorTest" runstate="Runnable" seed="585074557" result="Skipped" label="Ignored" start-time="2024-06-28T22:01:18.9176840Z" end-time="2024-06-28T22:01:18.9177330Z" duration="0.000050" asserts="0" />
                <test-case id="1-1762" name="IsFillComplete(PlayersWorlds.Maps.Maze.SidewinderMazeGenerator,Half,Auto,System.Collections.Generic.List`1[PlayersWorlds.Maps.Area])" fullname="PlayersWorlds.Maps.Maze.MazeGeneratorTest.IsFillComplete(PlayersWorlds.Maps.Maze.SidewinderMazeGenerator,Half,Auto,System.Collections.Generic.List`1[PlayersWorlds.Maps.Area])" methodname="IsFillComplete" classname="PlayersWorlds.Maps.Maze.MazeGeneratorTest" runstate="Runnable" seed="380115405" result="Skipped" label="Ignored" start-time="2024-06-28T22:01:18.9177380Z" end-time="2024-06-28T22:01:18.9177890Z" duration="0.000051" asserts="0" />
                <test-case id="1-1763" name="IsFillComplete(PlayersWorlds.Maps.Maze.SidewinderMazeGenerator,Half,Auto,System.Collections.Generic.List`1[PlayersWorlds.Maps.Area])" fullname="PlayersWorlds.Maps.Maze.MazeGeneratorTest.IsFillComplete(PlayersWorlds.Maps.Maze.SidewinderMazeGenerator,Half,Auto,System.Collections.Generic.List`1[PlayersWorlds.Maps.Area])" methodname="IsFillComplete" classname="PlayersWorlds.Maps.Maze.MazeGeneratorTest" runstate="Runnable" seed="1584301068" result="Skipped" label="Ignored" start-time="2024-06-28T22:01:18.9177940Z" end-time="2024-06-28T22:01:18.9178460Z" duration="0.000052" asserts="0" />
                <test-case id="1-1764" name="IsFillComplete(PlayersWorlds.Maps.Maze.SidewinderMazeGenerator,Half,Auto,System.Collections.Generic.List`1[PlayersWorlds.Maps.Area])" fullname="PlayersWorlds.Maps.Maze.MazeGeneratorTest.IsFillComplete(PlayersWorlds.Maps.Maze.SidewinderMazeGenerator,Half,Auto,System.Collections.Generic.List`1[PlayersWorlds.Maps.Area])" methodname="IsFillComplete" classname="PlayersWorlds.Maps.Maze.MazeGeneratorTest" runstate="Runnable" seed="852173479" result="Skipped" label="Ignored" start-time="2024-06-28T22:01:18.9178510Z" end-time="2024-06-28T22:01:18.9179060Z" duration="0.000054" asserts="0" />
                <test-case id="1-1765" name="IsFillComplete(PlayersWorlds.Maps.Maze.SidewinderMazeGenerator,Half,Auto,System.Collections.Generic.List`1[PlayersWorlds.Maps.Area])" fullname="PlayersWorlds.Maps.Maze.MazeGeneratorTest.IsFillComplete(PlayersWorlds.Maps.Maze.SidewinderMazeGenerator,Half,Auto,System.Collections.Generic.List`1[PlayersWorlds.Maps.Area])" methodname="IsFillComplete" classname="PlayersWorlds.Maps.Maze.MazeGeneratorTest" runstate="Runnable" seed="681619296" result="Skipped" label="Ignored" start-time="2024-06-28T22:01:18.9179110Z" end-time="2024-06-28T22:01:18.9179640Z" duration="0.000053" asserts="0" />
                <test-case id="1-1766" name="IsFillComplete(PlayersWorlds.Maps.Maze.SidewinderMazeGenerator,Half,Auto,System.Collections.Generic.List`1[PlayersWorlds.Maps.Area])" fullname="PlayersWorlds.Maps.Maze.MazeGeneratorTest.IsFillComplete(PlayersWorlds.Maps.Maze.SidewinderMazeGenerator,Half,Auto,System.Collections.Generic.List`1[PlayersWorlds.Maps.Area])" methodname="IsFillComplete" classname="PlayersWorlds.Maps.Maze.MazeGeneratorTest" runstate="Runnable" seed="908662803" result="Skipped" label="Ignored" start-time="2024-06-28T22:01:18.9179690Z" end-time="2024-06-28T22:01:18.9180190Z" duration="0.000051" asserts="0" />
                <test-case id="1-1767" name="IsFillComplete(PlayersWorlds.Maps.Maze.SidewinderMazeGenerator,Half,Manual,null)" fullname="PlayersWorlds.Maps.Maze.MazeGeneratorTest.IsFillComplete(PlayersWorlds.Maps.Maze.SidewinderMazeGenerator,Half,Manual,null)" methodname="IsFillComplete" classname="PlayersWorlds.Maps.Maze.MazeGeneratorTest" runstate="Runnable" seed="1867861867" result="Skipped" label="Ignored" start-time="2024-06-28T22:01:18.9180240Z" end-time="2024-06-28T22:01:18.9180750Z" duration="0.000051" asserts="0" />
                <test-case id="1-1768" name="IsFillComplete(PlayersWorlds.Maps.Maze.SidewinderMazeGenerator,Half,Manual,System.Collections.Generic.List`1[PlayersWorlds.Maps.Area])" fullname="PlayersWorlds.Maps.Maze.MazeGeneratorTest.IsFillComplete(PlayersWorlds.Maps.Maze.SidewinderMazeGenerator,Half,Manual,System.Collections.Generic.List`1[PlayersWorlds.Maps.Area])" methodname="IsFillComplete" classname="PlayersWorlds.Maps.Maze.MazeGeneratorTest" runstate="Runnable" seed="1606260540" result="Skipped" label="Ignored" start-time="2024-06-28T22:01:18.9180800Z" end-time="2024-06-28T22:01:18.9181300Z" duration="0.000051" asserts="0" />
                <test-case id="1-1769" name="IsFillComplete(PlayersWorlds.Maps.Maze.SidewinderMazeGenerator,Half,Manual,System.Collections.Generic.List`1[PlayersWorlds.Maps.Area])" fullname="PlayersWorlds.Maps.Maze.MazeGeneratorTest.IsFillComplete(PlayersWorlds.Maps.Maze.SidewinderMazeGenerator,Half,Manual,System.Collections.Generic.List`1[PlayersWorlds.Maps.Area])" methodname="IsFillComplete" classname="PlayersWorlds.Maps.Maze.MazeGeneratorTest" runstate="Runnable" seed="134086613" result="Skipped" label="Ignored" start-time="2024-06-28T22:01:18.9181350Z" end-time="2024-06-28T22:01:18.9181880Z" duration="0.000053" asserts="0" />
                <test-case id="1-1770" name="IsFillComplete(PlayersWorlds.Maps.Maze.SidewinderMazeGenerator,Half,Manual,System.Collections.Generic.List`1[PlayersWorlds.Maps.Area])" fullname="PlayersWorlds.Maps.Maze.MazeGeneratorTest.IsFillComplete(PlayersWorlds.Maps.Maze.SidewinderMazeGenerator,Half,Manual,System.Collections.Generic.List`1[PlayersWorlds.Maps.Area])" methodname="IsFillComplete" classname="PlayersWorlds.Maps.Maze.MazeGeneratorTest" runstate="Runnable" seed="450521831" result="Skipped" label="Ignored" start-time="2024-06-28T22:01:18.9181930Z" end-time="2024-06-28T22:01:18.9182460Z" duration="0.000052" asserts="0" />
                <test-case id="1-1771" name="IsFillComplete(PlayersWorlds.Maps.Maze.SidewinderMazeGenerator,Half,Manual,System.Collections.Generic.List`1[PlayersWorlds.Maps.Area])" fullname="PlayersWorlds.Maps.Maze.MazeGeneratorTest.IsFillComplete(PlayersWorlds.Maps.Maze.SidewinderMazeGenerator,Half,Manual,System.Collections.Generic.List`1[PlayersWorlds.Maps.Area])" methodname="IsFillComplete" classname="PlayersWorlds.Maps.Maze.MazeGeneratorTest" runstate="Runnable" seed="1990846670" result="Skipped" label="Ignored" start-time="2024-06-28T22:01:18.9182510Z" end-time="2024-06-28T22:01:18.9183040Z" duration="0.000053" asserts="0" />
                <test-case id="1-1772" name="IsFillComplete(PlayersWorlds.Maps.Maze.SidewinderMazeGenerator,Half,Manual,System.Collections.Generic.List`1[PlayersWorlds.Maps.Area])" fullname="PlayersWorlds.Maps.Maze.MazeGeneratorTest.IsFillComplete(PlayersWorlds.Maps.Maze.SidewinderMazeGenerator,Half,Manual,System.Collections.Generic.List`1[PlayersWorlds.Maps.Area])" methodname="IsFillComplete" classname="PlayersWorlds.Maps.Maze.MazeGeneratorTest" runstate="Runnable" seed="167287532" result="Skipped" label="Ignored" start-time="2024-06-28T22:01:18.9183090Z" end-time="2024-06-28T22:01:18.9183590Z" duration="0.000050" asserts="0" />
                <test-case id="1-1773" name="IsFillComplete(PlayersWorlds.Maps.Maze.SidewinderMazeGenerator,ThreeQuarters,Auto,null)" fullname="PlayersWorlds.Maps.Maze.MazeGeneratorTest.IsFillComplete(PlayersWorlds.Maps.Maze.SidewinderMazeGenerator,ThreeQuarters,Auto,null)" methodname="IsFillComplete" classname="PlayersWorlds.Maps.Maze.MazeGeneratorTest" runstate="Runnable" seed="284127088" result="Skipped" label="Ignored" start-time="2024-06-28T22:01:18.9183640Z" end-time="2024-06-28T22:01:18.9184130Z" duration="0.000050" asserts="0" />
                <test-case id="1-1774" name="IsFillComplete(PlayersWorlds.Maps.Maze.SidewinderMazeGenerator,ThreeQuarters,Auto,System.Collections.Generic.List`1[PlayersWorlds.Maps.Area])" fullname="PlayersWorlds.Maps.Maze.MazeGeneratorTest.IsFillComplete(PlayersWorlds.Maps.Maze.SidewinderMazeGenerator,ThreeQuarters,Auto,System.Collections.Generic.List`1[PlayersWorlds.Maps.Area])" methodname="IsFillComplete" classname="PlayersWorlds.Maps.Maze.MazeGeneratorTest" runstate="Runnable" seed="81935319" result="Skipped" label="Ignored" start-time="2024-06-28T22:01:18.9184180Z" end-time="2024-06-28T22:01:18.9184710Z" duration="0.000052" asserts="0" />
                <test-case id="1-1775" name="IsFillComplete(PlayersWorlds.Maps.Maze.SidewinderMazeGenerator,ThreeQuarters,Auto,System.Collections.Generic.List`1[PlayersWorlds.Maps.Area])" fullname="PlayersWorlds.Maps.Maze.MazeGeneratorTest.IsFillComplete(PlayersWorlds.Maps.Maze.SidewinderMazeGenerator,ThreeQuarters,Auto,System.Collections.Generic.List`1[PlayersWorlds.Maps.Area])" methodname="IsFillComplete" classname="PlayersWorlds.Maps.Maze.MazeGeneratorTest" runstate="Runnable" seed="1167230981" result="Skipped" label="Ignored" start-time="2024-06-28T22:01:18.9184760Z" end-time="2024-06-28T22:01:18.9185300Z" duration="0.000054" asserts="0" />
                <test-case id="1-1776" name="IsFillComplete(PlayersWorlds.Maps.Maze.SidewinderMazeGenerator,ThreeQuarters,Auto,System.Collections.Generic.List`1[PlayersWorlds.Maps.Area])" fullname="PlayersWorlds.Maps.Maze.MazeGeneratorTest.IsFillComplete(PlayersWorlds.Maps.Maze.SidewinderMazeGenerator,ThreeQuarters,Auto,System.Collections.Generic.List`1[PlayersWorlds.Maps.Area])" methodname="IsFillComplete" classname="PlayersWorlds.Maps.Maze.MazeGeneratorTest" runstate="Runnable" seed="1036844302" result="Skipped" label="Ignored" start-time="2024-06-28T22:01:18.9185350Z" end-time="2024-06-28T22:01:18.9185890Z" duration="0.000054" asserts="0" />
                <test-case id="1-1777" name="IsFillComplete(PlayersWorlds.Maps.Maze.SidewinderMazeGenerator,ThreeQuarters,Auto,System.Collections.Generic.List`1[PlayersWorlds.Maps.Area])" fullname="PlayersWorlds.Maps.Maze.MazeGeneratorTest.IsFillComplete(PlayersWorlds.Maps.Maze.SidewinderMazeGenerator,ThreeQuarters,Auto,System.Collections.Generic.List`1[PlayersWorlds.Maps.Area])" methodname="IsFillComplete" classname="PlayersWorlds.Maps.Maze.MazeGeneratorTest" runstate="Runnable" seed="1083203075" result="Skipped" label="Ignored" start-time="2024-06-28T22:01:18.9185940Z" end-time="2024-06-28T22:01:18.9186450Z" duration="0.000050" asserts="0" />
                <test-case id="1-1778" name="IsFillComplete(PlayersWorlds.Maps.Maze.SidewinderMazeGenerator,ThreeQuarters,Auto,System.Collections.Generic.List`1[PlayersWorlds.Maps.Area])" fullname="PlayersWorlds.Maps.Maze.MazeGeneratorTest.IsFillComplete(PlayersWorlds.Maps.Maze.SidewinderMazeGenerator,ThreeQuarters,Auto,System.Collections.Generic.List`1[PlayersWorlds.Maps.Area])" methodname="IsFillComplete" classname="PlayersWorlds.Maps.Maze.MazeGeneratorTest" runstate="Runnable" seed="1115536206" result="Skipped" label="Ignored" start-time="2024-06-28T22:01:18.9186500Z" end-time="2024-06-28T22:01:18.9187000Z" duration="0.000050" asserts="0" />
                <test-case id="1-1779" name="IsFillComplete(PlayersWorlds.Maps.Maze.SidewinderMazeGenerator,ThreeQuarters,Manual,null)" fullname="PlayersWorlds.Maps.Maze.MazeGeneratorTest.IsFillComplete(PlayersWorlds.Maps.Maze.SidewinderMazeGenerator,ThreeQuarters,Manual,null)" methodname="IsFillComplete" classname="PlayersWorlds.Maps.Maze.MazeGeneratorTest" runstate="Runnable" seed="1643823521" result="Skipped" label="Ignored" start-time="2024-06-28T22:01:18.9187040Z" end-time="2024-06-28T22:01:18.9187540Z" duration="0.000050" asserts="0" />
                <test-case id="1-1780" name="IsFillComplete(PlayersWorlds.Maps.Maze.SidewinderMazeGenerator,ThreeQuarters,Manual,System.Collections.Generic.List`1[PlayersWorlds.Maps.Area])" fullname="PlayersWorlds.Maps.Maze.MazeGeneratorTest.IsFillComplete(PlayersWorlds.Maps.Maze.SidewinderMazeGenerator,ThreeQuarters,Manual,System.Collections.Generic.List`1[PlayersWorlds.Maps.Area])" methodname="IsFillComplete" classname="PlayersWorlds.Maps.Maze.MazeGeneratorTest" runstate="Runnable" seed="394917098" result="Skipped" label="Ignored" start-time="2024-06-28T22:01:18.9187590Z" end-time="2024-06-28T22:01:18.9188130Z" duration="0.000054" asserts="0" />
                <test-case id="1-1781" name="IsFillComplete(PlayersWorlds.Maps.Maze.SidewinderMazeGenerator,ThreeQuarters,Manual,System.Collections.Generic.List`1[PlayersWorlds.Maps.Area])" fullname="PlayersWorlds.Maps.Maze.MazeGeneratorTest.IsFillComplete(PlayersWorlds.Maps.Maze.SidewinderMazeGenerator,ThreeQuarters,Manual,System.Collections.Generic.List`1[PlayersWorlds.Maps.Area])" methodname="IsFillComplete" classname="PlayersWorlds.Maps.Maze.MazeGeneratorTest" runstate="Runnable" seed="6916855" result="Skipped" label="Ignored" start-time="2024-06-28T22:01:18.9188180Z" end-time="2024-06-28T22:01:18.9188720Z" duration="0.000054" asserts="0" />
                <test-case id="1-1782" name="IsFillComplete(PlayersWorlds.Maps.Maze.SidewinderMazeGenerator,ThreeQuarters,Manual,System.Collections.Generic.List`1[PlayersWorlds.Maps.Area])" fullname="PlayersWorlds.Maps.Maze.MazeGeneratorTest.IsFillComplete(PlayersWorlds.Maps.Maze.SidewinderMazeGenerator,ThreeQuarters,Manual,System.Collections.Generic.List`1[PlayersWorlds.Maps.Area])" methodname="IsFillComplete" classname="PlayersWorlds.Maps.Maze.MazeGeneratorTest" runstate="Runnable" seed="600002779" result="Skipped" label="Ignored" start-time="2024-06-28T22:01:18.9188770Z" end-time="2024-06-28T22:01:18.9189320Z" duration="0.000055" asserts="0" />
                <test-case id="1-1783" name="IsFillComplete(PlayersWorlds.Maps.Maze.SidewinderMazeGenerator,ThreeQuarters,Manual,System.Collections.Generic.List`1[PlayersWorlds.Maps.Area])" fullname="PlayersWorlds.Maps.Maze.MazeGeneratorTest.IsFillComplete(PlayersWorlds.Maps.Maze.SidewinderMazeGenerator,ThreeQuarters,Manual,System.Collections.Generic.List`1[PlayersWorlds.Maps.Area])" methodname="IsFillComplete" classname="PlayersWorlds.Maps.Maze.MazeGeneratorTest" runstate="Runnable" seed="1297103342" result="Skipped" label="Ignored" start-time="2024-06-28T22:01:18.9189370Z" end-time="2024-06-28T22:01:18.9189870Z" duration="0.000050" asserts="0" />
                <test-case id="1-1784" name="IsFillComplete(PlayersWorlds.Maps.Maze.SidewinderMazeGenerator,ThreeQuarters,Manual,System.Collections.Generic.List`1[PlayersWorlds.Maps.Area])" fullname="PlayersWorlds.Maps.Maze.MazeGeneratorTest.IsFillComplete(PlayersWorlds.Maps.Maze.SidewinderMazeGenerator,ThreeQuarters,Manual,System.Collections.Generic.List`1[PlayersWorlds.Maps.Area])" methodname="IsFillComplete" classname="PlayersWorlds.Maps.Maze.MazeGeneratorTest" runstate="Runnable" seed="380220226" result="Skipped" label="Ignored" start-time="2024-06-28T22:01:18.9189920Z" end-time="2024-06-28T22:01:18.9190410Z" duration="0.000050" asserts="0" />
                <test-case id="1-1785" name="IsFillComplete(PlayersWorlds.Maps.Maze.SidewinderMazeGenerator,NinetyPercent,Auto,null)" fullname="PlayersWorlds.Maps.Maze.MazeGeneratorTest.IsFillComplete(PlayersWorlds.Maps.Maze.SidewinderMazeGenerator,NinetyPercent,Auto,null)" methodname="IsFillComplete" classname="PlayersWorlds.Maps.Maze.MazeGeneratorTest" runstate="Runnable" seed="695242509" result="Skipped" label="Ignored" start-time="2024-06-28T22:01:18.9190460Z" end-time="2024-06-28T22:01:18.9190970Z" duration="0.000051" asserts="0" />
                <test-case id="1-1786" name="IsFillComplete(PlayersWorlds.Maps.Maze.SidewinderMazeGenerator,NinetyPercent,Auto,System.Collections.Generic.List`1[PlayersWorlds.Maps.Area])" fullname="PlayersWorlds.Maps.Maze.MazeGeneratorTest.IsFillComplete(PlayersWorlds.Maps.Maze.SidewinderMazeGenerator,NinetyPercent,Auto,System.Collections.Generic.List`1[PlayersWorlds.Maps.Area])" methodname="IsFillComplete" classname="PlayersWorlds.Maps.Maze.MazeGeneratorTest" runstate="Runnable" seed="1926554896" result="Skipped" label="Ignored" start-time="2024-06-28T22:01:18.9191030Z" end-time="2024-06-28T22:01:18.9191550Z" duration="0.000053" asserts="0" />
                <test-case id="1-1787" name="IsFillComplete(PlayersWorlds.Maps.Maze.SidewinderMazeGenerator,NinetyPercent,Auto,System.Collections.Generic.List`1[PlayersWorlds.Maps.Area])" fullname="PlayersWorlds.Maps.Maze.MazeGeneratorTest.IsFillComplete(PlayersWorlds.Maps.Maze.SidewinderMazeGenerator,NinetyPercent,Auto,System.Collections.Generic.List`1[PlayersWorlds.Maps.Area])" methodname="IsFillComplete" classname="PlayersWorlds.Maps.Maze.MazeGeneratorTest" runstate="Runnable" seed="136911247" result="Skipped" label="Ignored" start-time="2024-06-28T22:01:18.9191600Z" end-time="2024-06-28T22:01:18.9192140Z" duration="0.000054" asserts="0" />
                <test-case id="1-1788" name="IsFillComplete(PlayersWorlds.Maps.Maze.SidewinderMazeGenerator,NinetyPercent,Auto,System.Collections.Generic.List`1[PlayersWorlds.Maps.Area])" fullname="PlayersWorlds.Maps.Maze.MazeGeneratorTest.IsFillComplete(PlayersWorlds.Maps.Maze.SidewinderMazeGenerator,NinetyPercent,Auto,System.Collections.Generic.List`1[PlayersWorlds.Maps.Area])" methodname="IsFillComplete" classname="PlayersWorlds.Maps.Maze.MazeGeneratorTest" runstate="Runnable" seed="1336457261" result="Skipped" label="Ignored" start-time="2024-06-28T22:01:18.9192190Z" end-time="2024-06-28T22:01:18.9192750Z" duration="0.000056" asserts="0" />
                <test-case id="1-1789" name="IsFillComplete(PlayersWorlds.Maps.Maze.SidewinderMazeGenerator,NinetyPercent,Auto,System.Collections.Generic.List`1[PlayersWorlds.Maps.Area])" fullname="PlayersWorlds.Maps.Maze.MazeGeneratorTest.IsFillComplete(PlayersWorlds.Maps.Maze.SidewinderMazeGenerator,NinetyPercent,Auto,System.Collections.Generic.List`1[PlayersWorlds.Maps.Area])" methodname="IsFillComplete" classname="PlayersWorlds.Maps.Maze.MazeGeneratorTest" runstate="Runnable" seed="1280272808" result="Skipped" label="Ignored" start-time="2024-06-28T22:01:18.9192800Z" end-time="2024-06-28T22:01:18.9193310Z" duration="0.000051" asserts="0" />
                <test-case id="1-1790" name="IsFillComplete(PlayersWorlds.Maps.Maze.SidewinderMazeGenerator,NinetyPercent,Auto,System.Collections.Generic.List`1[PlayersWorlds.Maps.Area])" fullname="PlayersWorlds.Maps.Maze.MazeGeneratorTest.IsFillComplete(PlayersWorlds.Maps.Maze.SidewinderMazeGenerator,NinetyPercent,Auto,System.Collections.Generic.List`1[PlayersWorlds.Maps.Area])" methodname="IsFillComplete" classname="PlayersWorlds.Maps.Maze.MazeGeneratorTest" runstate="Runnable" seed="141607951" result="Skipped" label="Ignored" start-time="2024-06-28T22:01:18.9193360Z" end-time="2024-06-28T22:01:18.9193850Z" duration="0.000050" asserts="0" />
                <test-case id="1-1791" name="IsFillComplete(PlayersWorlds.Maps.Maze.SidewinderMazeGenerator,NinetyPercent,Manual,null)" fullname="PlayersWorlds.Maps.Maze.MazeGeneratorTest.IsFillComplete(PlayersWorlds.Maps.Maze.SidewinderMazeGenerator,NinetyPercent,Manual,null)" methodname="IsFillComplete" classname="PlayersWorlds.Maps.Maze.MazeGeneratorTest" runstate="Runnable" seed="513782416" result="Skipped" label="Ignored" start-time="2024-06-28T22:01:18.9193900Z" end-time="2024-06-28T22:01:18.9194430Z" duration="0.000052" asserts="0" />
                <test-case id="1-1792" name="IsFillComplete(PlayersWorlds.Maps.Maze.SidewinderMazeGenerator,NinetyPercent,Manual,System.Collections.Generic.List`1[PlayersWorlds.Maps.Area])" fullname="PlayersWorlds.Maps.Maze.MazeGeneratorTest.IsFillComplete(PlayersWorlds.Maps.Maze.SidewinderMazeGenerator,NinetyPercent,Manual,System.Collections.Generic.List`1[PlayersWorlds.Maps.Area])" methodname="IsFillComplete" classname="PlayersWorlds.Maps.Maze.MazeGeneratorTest" runstate="Runnable" seed="194632743" result="Skipped" label="Ignored" start-time="2024-06-28T22:01:18.9194480Z" end-time="2024-06-28T22:01:18.9195010Z" duration="0.000053" asserts="0" />
                <test-case id="1-1793" name="IsFillComplete(PlayersWorlds.Maps.Maze.SidewinderMazeGenerator,NinetyPercent,Manual,System.Collections.Generic.List`1[PlayersWorlds.Maps.Area])" fullname="PlayersWorlds.Maps.Maze.MazeGeneratorTest.IsFillComplete(PlayersWorlds.Maps.Maze.SidewinderMazeGenerator,NinetyPercent,Manual,System.Collections.Generic.List`1[PlayersWorlds.Maps.Area])" methodname="IsFillComplete" classname="PlayersWorlds.Maps.Maze.MazeGeneratorTest" runstate="Runnable" seed="406011109" result="Skipped" label="Ignored" start-time="2024-06-28T22:01:18.9195060Z" end-time="2024-06-28T22:01:18.9195600Z" duration="0.000053" asserts="0" />
                <test-case id="1-1794" name="IsFillComplete(PlayersWorlds.Maps.Maze.SidewinderMazeGenerator,NinetyPercent,Manual,System.Collections.Generic.List`1[PlayersWorlds.Maps.Area])" fullname="PlayersWorlds.Maps.Maze.MazeGeneratorTest.IsFillComplete(PlayersWorlds.Maps.Maze.SidewinderMazeGenerator,NinetyPercent,Manual,System.Collections.Generic.List`1[PlayersWorlds.Maps.Area])" methodname="IsFillComplete" classname="PlayersWorlds.Maps.Maze.MazeGeneratorTest" runstate="Runnable" seed="1098013887" result="Skipped" label="Ignored" start-time="2024-06-28T22:01:18.9195640Z" end-time="2024-06-28T22:01:18.9196270Z" duration="0.000062" asserts="0" />
                <test-case id="1-1795" name="IsFillComplete(PlayersWorlds.Maps.Maze.SidewinderMazeGenerator,NinetyPercent,Manual,System.Collections.Generic.List`1[PlayersWorlds.Maps.Area])" fullname="PlayersWorlds.Maps.Maze.MazeGeneratorTest.IsFillComplete(PlayersWorlds.Maps.Maze.SidewinderMazeGenerator,NinetyPercent,Manual,System.Collections.Generic.List`1[PlayersWorlds.Maps.Area])" methodname="IsFillComplete" classname="PlayersWorlds.Maps.Maze.MazeGeneratorTest" runstate="Runnable" seed="1059779601" result="Skipped" label="Ignored" start-time="2024-06-28T22:01:18.9196320Z" end-time="2024-06-28T22:01:18.9196840Z" duration="0.000051" asserts="0" />
                <test-case id="1-1796" name="IsFillComplete(PlayersWorlds.Maps.Maze.SidewinderMazeGenerator,NinetyPercent,Manual,System.Collections.Generic.List`1[PlayersWorlds.Maps.Area])" fullname="PlayersWorlds.Maps.Maze.MazeGeneratorTest.IsFillComplete(PlayersWorlds.Maps.Maze.SidewinderMazeGenerator,NinetyPercent,Manual,System.Collections.Generic.List`1[PlayersWorlds.Maps.Area])" methodname="IsFillComplete" classname="PlayersWorlds.Maps.Maze.MazeGeneratorTest" runstate="Runnable" seed="1234509535" result="Skipped" label="Ignored" start-time="2024-06-28T22:01:18.9196890Z" end-time="2024-06-28T22:01:18.9197410Z" duration="0.000052" asserts="0" />
                <test-case id="1-1797" name="IsFillComplete(PlayersWorlds.Maps.Maze.SidewinderMazeGenerator,FullWidth,Auto,null)" fullname="PlayersWorlds.Maps.Maze.MazeGeneratorTest.IsFillComplete(PlayersWorlds.Maps.Maze.SidewinderMazeGenerator,FullWidth,Auto,null)" methodname="IsFillComplete" classname="PlayersWorlds.Maps.Maze.MazeGeneratorTest" runstate="Runnable" seed="131583098" result="Skipped" label="Ignored" start-time="2024-06-28T22:01:18.9197460Z" end-time="2024-06-28T22:01:18.9198000Z" duration="0.000054" asserts="0" />
                <test-case id="1-1798" name="IsFillComplete(PlayersWorlds.Maps.Maze.SidewinderMazeGenerator,FullWidth,Auto,System.Collections.Generic.List`1[PlayersWorlds.Maps.Area])" fullname="PlayersWorlds.Maps.Maze.MazeGeneratorTest.IsFillComplete(PlayersWorlds.Maps.Maze.SidewinderMazeGenerator,FullWidth,Auto,System.Collections.Generic.List`1[PlayersWorlds.Maps.Area])" methodname="IsFillComplete" classname="PlayersWorlds.Maps.Maze.MazeGeneratorTest" runstate="Runnable" seed="601194428" result="Skipped" label="Ignored" start-time="2024-06-28T22:01:18.9198050Z" end-time="2024-06-28T22:01:18.9198600Z" duration="0.000055" asserts="0" />
                <test-case id="1-1799" name="IsFillComplete(PlayersWorlds.Maps.Maze.SidewinderMazeGenerator,FullWidth,Auto,System.Collections.Generic.List`1[PlayersWorlds.Maps.Area])" fullname="PlayersWorlds.Maps.Maze.MazeGeneratorTest.IsFillComplete(PlayersWorlds.Maps.Maze.SidewinderMazeGenerator,FullWidth,Auto,System.Collections.Generic.List`1[PlayersWorlds.Maps.Area])" methodname="IsFillComplete" classname="PlayersWorlds.Maps.Maze.MazeGeneratorTest" runstate="Runnable" seed="1200505152" result="Skipped" label="Ignored" start-time="2024-06-28T22:01:18.9198650Z" end-time="2024-06-28T22:01:18.9199160Z" duration="0.000051" asserts="0" />
                <test-case id="1-1800" name="IsFillComplete(PlayersWorlds.Maps.Maze.SidewinderMazeGenerator,FullWidth,Auto,System.Collections.Generic.List`1[PlayersWorlds.Maps.Area])" fullname="PlayersWorlds.Maps.Maze.MazeGeneratorTest.IsFillComplete(PlayersWorlds.Maps.Maze.SidewinderMazeGenerator,FullWidth,Auto,System.Collections.Generic.List`1[PlayersWorlds.Maps.Area])" methodname="IsFillComplete" classname="PlayersWorlds.Maps.Maze.MazeGeneratorTest" runstate="Runnable" seed="344804499" result="Skipped" label="Ignored" start-time="2024-06-28T22:01:18.9199210Z" end-time="2024-06-28T22:01:18.9199700Z" duration="0.000049" asserts="0" />
                <test-case id="1-1801" name="IsFillComplete(PlayersWorlds.Maps.Maze.SidewinderMazeGenerator,FullWidth,Auto,System.Collections.Generic.List`1[PlayersWorlds.Maps.Area])" fullname="PlayersWorlds.Maps.Maze.MazeGeneratorTest.IsFillComplete(PlayersWorlds.Maps.Maze.SidewinderMazeGenerator,FullWidth,Auto,System.Collections.Generic.List`1[PlayersWorlds.Maps.Area])" methodname="IsFillComplete" classname="PlayersWorlds.Maps.Maze.MazeGeneratorTest" runstate="Runnable" seed="1915821893" result="Skipped" label="Ignored" start-time="2024-06-28T22:01:18.9199740Z" end-time="2024-06-28T22:01:18.9200230Z" duration="0.000049" asserts="0" />
                <test-case id="1-1802" name="IsFillComplete(PlayersWorlds.Maps.Maze.SidewinderMazeGenerator,FullWidth,Auto,System.Collections.Generic.List`1[PlayersWorlds.Maps.Area])" fullname="PlayersWorlds.Maps.Maze.MazeGeneratorTest.IsFillComplete(PlayersWorlds.Maps.Maze.SidewinderMazeGenerator,FullWidth,Auto,System.Collections.Generic.List`1[PlayersWorlds.Maps.Area])" methodname="IsFillComplete" classname="PlayersWorlds.Maps.Maze.MazeGeneratorTest" runstate="Runnable" seed="538977487" result="Skipped" label="Ignored" start-time="2024-06-28T22:01:18.9200280Z" end-time="2024-06-28T22:01:18.9200830Z" duration="0.000055" asserts="0" />
                <test-case id="1-1803" name="IsFillComplete(PlayersWorlds.Maps.Maze.SidewinderMazeGenerator,FullWidth,Manual,null)" fullname="PlayersWorlds.Maps.Maze.MazeGeneratorTest.IsFillComplete(PlayersWorlds.Maps.Maze.SidewinderMazeGenerator,FullWidth,Manual,null)" methodname="IsFillComplete" classname="PlayersWorlds.Maps.Maze.MazeGeneratorTest" runstate="Runnable" seed="736765087" result="Skipped" label="Ignored" start-time="2024-06-28T22:01:18.9200880Z" end-time="2024-06-28T22:01:18.9201420Z" duration="0.000054" asserts="0" />
                <test-case id="1-1804" name="IsFillComplete(PlayersWorlds.Maps.Maze.SidewinderMazeGenerator,FullWidth,Manual,System.Collections.Generic.List`1[PlayersWorlds.Maps.Area])" fullname="PlayersWorlds.Maps.Maze.MazeGeneratorTest.IsFillComplete(PlayersWorlds.Maps.Maze.SidewinderMazeGenerator,FullWidth,Manual,System.Collections.Generic.List`1[PlayersWorlds.Maps.Area])" methodname="IsFillComplete" classname="PlayersWorlds.Maps.Maze.MazeGeneratorTest" runstate="Runnable" seed="1586246482" result="Skipped" label="Ignored" start-time="2024-06-28T22:01:18.9201480Z" end-time="2024-06-28T22:01:18.9202020Z" duration="0.000054" asserts="0" />
                <test-case id="1-1805" name="IsFillComplete(PlayersWorlds.Maps.Maze.SidewinderMazeGenerator,FullWidth,Manual,System.Collections.Generic.List`1[PlayersWorlds.Maps.Area])" fullname="PlayersWorlds.Maps.Maze.MazeGeneratorTest.IsFillComplete(PlayersWorlds.Maps.Maze.SidewinderMazeGenerator,FullWidth,Manual,System.Collections.Generic.List`1[PlayersWorlds.Maps.Area])" methodname="IsFillComplete" classname="PlayersWorlds.Maps.Maze.MazeGeneratorTest" runstate="Runnable" seed="28408098" result="Skipped" label="Ignored" start-time="2024-06-28T22:01:18.9202080Z" end-time="2024-06-28T22:01:18.9202580Z" duration="0.000050" asserts="0" />
                <test-case id="1-1806" name="IsFillComplete(PlayersWorlds.Maps.Maze.SidewinderMazeGenerator,FullWidth,Manual,System.Collections.Generic.List`1[PlayersWorlds.Maps.Area])" fullname="PlayersWorlds.Maps.Maze.MazeGeneratorTest.IsFillComplete(PlayersWorlds.Maps.Maze.SidewinderMazeGenerator,FullWidth,Manual,System.Collections.Generic.List`1[PlayersWorlds.Maps.Area])" methodname="IsFillComplete" classname="PlayersWorlds.Maps.Maze.MazeGeneratorTest" runstate="Runnable" seed="1274687920" result="Skipped" label="Ignored" start-time="2024-06-28T22:01:18.9202630Z" end-time="2024-06-28T22:01:18.9203120Z" duration="0.000049" asserts="0" />
                <test-case id="1-1807" name="IsFillComplete(PlayersWorlds.Maps.Maze.SidewinderMazeGenerator,FullWidth,Manual,System.Collections.Generic.List`1[PlayersWorlds.Maps.Area])" fullname="PlayersWorlds.Maps.Maze.MazeGeneratorTest.IsFillComplete(PlayersWorlds.Maps.Maze.SidewinderMazeGenerator,FullWidth,Manual,System.Collections.Generic.List`1[PlayersWorlds.Maps.Area])" methodname="IsFillComplete" classname="PlayersWorlds.Maps.Maze.MazeGeneratorTest" runstate="Runnable" seed="153222110" result="Skipped" label="Ignored" start-time="2024-06-28T22:01:18.9203170Z" end-time="2024-06-28T22:01:18.9203660Z" duration="0.000049" asserts="0" />
                <test-case id="1-1808" name="IsFillComplete(PlayersWorlds.Maps.Maze.SidewinderMazeGenerator,FullWidth,Manual,System.Collections.Generic.List`1[PlayersWorlds.Maps.Area])" fullname="PlayersWorlds.Maps.Maze.MazeGeneratorTest.IsFillComplete(PlayersWorlds.Maps.Maze.SidewinderMazeGenerator,FullWidth,Manual,System.Collections.Generic.List`1[PlayersWorlds.Maps.Area])" methodname="IsFillComplete" classname="PlayersWorlds.Maps.Maze.MazeGeneratorTest" runstate="Runnable" seed="625234475" result="Skipped" label="Ignored" start-time="2024-06-28T22:01:18.9203710Z" end-time="2024-06-28T22:01:18.9204240Z" duration="0.000053" asserts="0" />
                <test-case id="1-1809" name="IsFillComplete(PlayersWorlds.Maps.Maze.SidewinderMazeGenerator,FullHeight,Auto,null)" fullname="PlayersWorlds.Maps.Maze.MazeGeneratorTest.IsFillComplete(PlayersWorlds.Maps.Maze.SidewinderMazeGenerator,FullHeight,Auto,null)" methodname="IsFillComplete" classname="PlayersWorlds.Maps.Maze.MazeGeneratorTest" runstate="Runnable" seed="1205455827" result="Skipped" label="Ignored" start-time="2024-06-28T22:01:18.9204290Z" end-time="2024-06-28T22:01:18.9204840Z" duration="0.000055" asserts="0" />
                <test-case id="1-1810" name="IsFillComplete(PlayersWorlds.Maps.Maze.SidewinderMazeGenerator,FullHeight,Auto,System.Collections.Generic.List`1[PlayersWorlds.Maps.Area])" fullname="PlayersWorlds.Maps.Maze.MazeGeneratorTest.IsFillComplete(PlayersWorlds.Maps.Maze.SidewinderMazeGenerator,FullHeight,Auto,System.Collections.Generic.List`1[PlayersWorlds.Maps.Area])" methodname="IsFillComplete" classname="PlayersWorlds.Maps.Maze.MazeGeneratorTest" runstate="Runnable" seed="1934471348" result="Skipped" label="Ignored" start-time="2024-06-28T22:01:18.9204890Z" end-time="2024-06-28T22:01:18.9205420Z" duration="0.000053" asserts="0" />
                <test-case id="1-1811" name="IsFillComplete(PlayersWorlds.Maps.Maze.SidewinderMazeGenerator,FullHeight,Auto,System.Collections.Generic.List`1[PlayersWorlds.Maps.Area])" fullname="PlayersWorlds.Maps.Maze.MazeGeneratorTest.IsFillComplete(PlayersWorlds.Maps.Maze.SidewinderMazeGenerator,FullHeight,Auto,System.Collections.Generic.List`1[PlayersWorlds.Maps.Area])" methodname="IsFillComplete" classname="PlayersWorlds.Maps.Maze.MazeGeneratorTest" runstate="Runnable" seed="928744595" result="Skipped" label="Ignored" start-time="2024-06-28T22:01:18.9205470Z" end-time="2024-06-28T22:01:18.9205970Z" duration="0.000050" asserts="0" />
                <test-case id="1-1812" name="IsFillComplete(PlayersWorlds.Maps.Maze.SidewinderMazeGenerator,FullHeight,Auto,System.Collections.Generic.List`1[PlayersWorlds.Maps.Area])" fullname="PlayersWorlds.Maps.Maze.MazeGeneratorTest.IsFillComplete(PlayersWorlds.Maps.Maze.SidewinderMazeGenerator,FullHeight,Auto,System.Collections.Generic.List`1[PlayersWorlds.Maps.Area])" methodname="IsFillComplete" classname="PlayersWorlds.Maps.Maze.MazeGeneratorTest" runstate="Runnable" seed="405580848" result="Skipped" label="Ignored" start-time="2024-06-28T22:01:18.9206020Z" end-time="2024-06-28T22:01:18.9206510Z" duration="0.000049" asserts="0" />
                <test-case id="1-1813" name="IsFillComplete(PlayersWorlds.Maps.Maze.SidewinderMazeGenerator,FullHeight,Auto,System.Collections.Generic.List`1[PlayersWorlds.Maps.Area])" fullname="PlayersWorlds.Maps.Maze.MazeGeneratorTest.IsFillComplete(PlayersWorlds.Maps.Maze.SidewinderMazeGenerator,FullHeight,Auto,System.Collections.Generic.List`1[PlayersWorlds.Maps.Area])" methodname="IsFillComplete" classname="PlayersWorlds.Maps.Maze.MazeGeneratorTest" runstate="Runnable" seed="1258133118" result="Skipped" label="Ignored" start-time="2024-06-28T22:01:18.9206560Z" end-time="2024-06-28T22:01:18.9207080Z" duration="0.000052" asserts="0" />
                <test-case id="1-1814" name="IsFillComplete(PlayersWorlds.Maps.Maze.SidewinderMazeGenerator,FullHeight,Auto,System.Collections.Generic.List`1[PlayersWorlds.Maps.Area])" fullname="PlayersWorlds.Maps.Maze.MazeGeneratorTest.IsFillComplete(PlayersWorlds.Maps.Maze.SidewinderMazeGenerator,FullHeight,Auto,System.Collections.Generic.List`1[PlayersWorlds.Maps.Area])" methodname="IsFillComplete" classname="PlayersWorlds.Maps.Maze.MazeGeneratorTest" runstate="Runnable" seed="1557952672" result="Skipped" label="Ignored" start-time="2024-06-28T22:01:18.9207130Z" end-time="2024-06-28T22:01:18.9207660Z" duration="0.000053" asserts="0" />
                <test-case id="1-1815" name="IsFillComplete(PlayersWorlds.Maps.Maze.SidewinderMazeGenerator,FullHeight,Manual,null)" fullname="PlayersWorlds.Maps.Maze.MazeGeneratorTest.IsFillComplete(PlayersWorlds.Maps.Maze.SidewinderMazeGenerator,FullHeight,Manual,null)" methodname="IsFillComplete" classname="PlayersWorlds.Maps.Maze.MazeGeneratorTest" runstate="Runnable" seed="727943360" result="Skipped" label="Ignored" start-time="2024-06-28T22:01:18.9207710Z" end-time="2024-06-28T22:01:18.9208260Z" duration="0.000055" asserts="0" />
                <test-case id="1-1816" name="IsFillComplete(PlayersWorlds.Maps.Maze.SidewinderMazeGenerator,FullHeight,Manual,System.Collections.Generic.List`1[PlayersWorlds.Maps.Area])" fullname="PlayersWorlds.Maps.Maze.MazeGeneratorTest.IsFillComplete(PlayersWorlds.Maps.Maze.SidewinderMazeGenerator,FullHeight,Manual,System.Collections.Generic.List`1[PlayersWorlds.Maps.Area])" methodname="IsFillComplete" classname="PlayersWorlds.Maps.Maze.MazeGeneratorTest" runstate="Runnable" seed="2132555425" result="Skipped" label="Ignored" start-time="2024-06-28T22:01:18.9208310Z" end-time="2024-06-28T22:01:18.9208820Z" duration="0.000051" asserts="0" />
                <test-case id="1-1817" name="IsFillComplete(PlayersWorlds.Maps.Maze.SidewinderMazeGenerator,FullHeight,Manual,System.Collections.Generic.List`1[PlayersWorlds.Maps.Area])" fullname="PlayersWorlds.Maps.Maze.MazeGeneratorTest.IsFillComplete(PlayersWorlds.Maps.Maze.SidewinderMazeGenerator,FullHeight,Manual,System.Collections.Generic.List`1[PlayersWorlds.Maps.Area])" methodname="IsFillComplete" classname="PlayersWorlds.Maps.Maze.MazeGeneratorTest" runstate="Runnable" seed="1230495710" result="Skipped" label="Ignored" start-time="2024-06-28T22:01:18.9208870Z" end-time="2024-06-28T22:01:18.9209360Z" duration="0.000049" asserts="0" />
                <test-case id="1-1818" name="IsFillComplete(PlayersWorlds.Maps.Maze.SidewinderMazeGenerator,FullHeight,Manual,System.Collections.Generic.List`1[PlayersWorlds.Maps.Area])" fullname="PlayersWorlds.Maps.Maze.MazeGeneratorTest.IsFillComplete(PlayersWorlds.Maps.Maze.SidewinderMazeGenerator,FullHeight,Manual,System.Collections.Generic.List`1[PlayersWorlds.Maps.Area])" methodname="IsFillComplete" classname="PlayersWorlds.Maps.Maze.MazeGeneratorTest" runstate="Runnable" seed="1204080842" result="Skipped" label="Ignored" start-time="2024-06-28T22:01:18.9209410Z" end-time="2024-06-28T22:01:18.9209900Z" duration="0.000049" asserts="0" />
                <test-case id="1-1819" name="IsFillComplete(PlayersWorlds.Maps.Maze.SidewinderMazeGenerator,FullHeight,Manual,System.Collections.Generic.List`1[PlayersWorlds.Maps.Area])" fullname="PlayersWorlds.Maps.Maze.MazeGeneratorTest.IsFillComplete(PlayersWorlds.Maps.Maze.SidewinderMazeGenerator,FullHeight,Manual,System.Collections.Generic.List`1[PlayersWorlds.Maps.Area])" methodname="IsFillComplete" classname="PlayersWorlds.Maps.Maze.MazeGeneratorTest" runstate="Runnable" seed="156930970" result="Skipped" label="Ignored" start-time="2024-06-28T22:01:18.9209960Z" end-time="2024-06-28T22:01:18.9210510Z" duration="0.000055" asserts="0" />
                <test-case id="1-1820" name="IsFillComplete(PlayersWorlds.Maps.Maze.SidewinderMazeGenerator,FullHeight,Manual,System.Collections.Generic.List`1[PlayersWorlds.Maps.Area])" fullname="PlayersWorlds.Maps.Maze.MazeGeneratorTest.IsFillComplete(PlayersWorlds.Maps.Maze.SidewinderMazeGenerator,FullHeight,Manual,System.Collections.Generic.List`1[PlayersWorlds.Maps.Area])" methodname="IsFillComplete" classname="PlayersWorlds.Maps.Maze.MazeGeneratorTest" runstate="Runnable" seed="902548047" result="Skipped" label="Ignored" start-time="2024-06-28T22:01:18.9210560Z" end-time="2024-06-28T22:01:18.9211110Z" duration="0.000055" asserts="0" />
                <test-case id="1-1821" name="IsFillComplete(PlayersWorlds.Maps.Maze.SidewinderMazeGenerator,Full,Auto,null)" fullname="PlayersWorlds.Maps.Maze.MazeGeneratorTest.IsFillComplete(PlayersWorlds.Maps.Maze.SidewinderMazeGenerator,Full,Auto,null)" methodname="IsFillComplete" classname="PlayersWorlds.Maps.Maze.MazeGeneratorTest" runstate="Runnable" seed="771751556" result="Passed" start-time="2024-06-28T22:01:18.9211160Z" end-time="2024-06-28T22:01:18.9466760Z" duration="0.025560" asserts="5" />
                <test-case id="1-1822" name="IsFillComplete(PlayersWorlds.Maps.Maze.SidewinderMazeGenerator,Full,Auto,System.Collections.Generic.List`1[PlayersWorlds.Maps.Area])" fullname="PlayersWorlds.Maps.Maze.MazeGeneratorTest.IsFillComplete(PlayersWorlds.Maps.Maze.SidewinderMazeGenerator,Full,Auto,System.Collections.Generic.List`1[PlayersWorlds.Maps.Area])" methodname="IsFillComplete" classname="PlayersWorlds.Maps.Maze.MazeGeneratorTest" runstate="Runnable" seed="531404606" result="Passed" start-time="2024-06-28T22:01:18.9466850Z" end-time="2024-06-28T22:01:18.9683850Z" duration="0.021696" asserts="5" />
                <test-case id="1-1823" name="IsFillComplete(PlayersWorlds.Maps.Maze.SidewinderMazeGenerator,Full,Auto,System.Collections.Generic.List`1[PlayersWorlds.Maps.Area])" fullname="PlayersWorlds.Maps.Maze.MazeGeneratorTest.IsFillComplete(PlayersWorlds.Maps.Maze.SidewinderMazeGenerator,Full,Auto,System.Collections.Generic.List`1[PlayersWorlds.Maps.Area])" methodname="IsFillComplete" classname="PlayersWorlds.Maps.Maze.MazeGeneratorTest" runstate="Runnable" seed="325987732" result="Passed" start-time="2024-06-28T22:01:18.9683930Z" end-time="2024-06-28T22:01:19.0036910Z" duration="0.035298" asserts="5" />
                <test-case id="1-1824" name="IsFillComplete(PlayersWorlds.Maps.Maze.SidewinderMazeGenerator,Full,Auto,System.Collections.Generic.List`1[PlayersWorlds.Maps.Area])" fullname="PlayersWorlds.Maps.Maze.MazeGeneratorTest.IsFillComplete(PlayersWorlds.Maps.Maze.SidewinderMazeGenerator,Full,Auto,System.Collections.Generic.List`1[PlayersWorlds.Maps.Area])" methodname="IsFillComplete" classname="PlayersWorlds.Maps.Maze.MazeGeneratorTest" runstate="Runnable" seed="2139962309" result="Passed" start-time="2024-06-28T22:01:19.0037030Z" end-time="2024-06-28T22:01:19.0283680Z" duration="0.024665" asserts="5" />
                <test-case id="1-1825" name="IsFillComplete(PlayersWorlds.Maps.Maze.SidewinderMazeGenerator,Full,Auto,System.Collections.Generic.List`1[PlayersWorlds.Maps.Area])" fullname="PlayersWorlds.Maps.Maze.MazeGeneratorTest.IsFillComplete(PlayersWorlds.Maps.Maze.SidewinderMazeGenerator,Full,Auto,System.Collections.Generic.List`1[PlayersWorlds.Maps.Area])" methodname="IsFillComplete" classname="PlayersWorlds.Maps.Maze.MazeGeneratorTest" runstate="Runnable" seed="2084223062" result="Passed" start-time="2024-06-28T22:01:19.0283800Z" end-time="2024-06-28T22:01:19.0635940Z" duration="0.035214" asserts="5" />
                <test-case id="1-1826" name="IsFillComplete(PlayersWorlds.Maps.Maze.SidewinderMazeGenerator,Full,Auto,System.Collections.Generic.List`1[PlayersWorlds.Maps.Area])" fullname="PlayersWorlds.Maps.Maze.MazeGeneratorTest.IsFillComplete(PlayersWorlds.Maps.Maze.SidewinderMazeGenerator,Full,Auto,System.Collections.Generic.List`1[PlayersWorlds.Maps.Area])" methodname="IsFillComplete" classname="PlayersWorlds.Maps.Maze.MazeGeneratorTest" runstate="Runnable" seed="1796213927" result="Passed" start-time="2024-06-28T22:01:19.0636070Z" end-time="2024-06-28T22:01:19.0924230Z" duration="0.028816" asserts="5" />
                <test-case id="1-1827" name="IsFillComplete(PlayersWorlds.Maps.Maze.SidewinderMazeGenerator,Full,Manual,null)" fullname="PlayersWorlds.Maps.Maze.MazeGeneratorTest.IsFillComplete(PlayersWorlds.Maps.Maze.SidewinderMazeGenerator,Full,Manual,null)" methodname="IsFillComplete" classname="PlayersWorlds.Maps.Maze.MazeGeneratorTest" runstate="Runnable" seed="1908760070" result="Passed" start-time="2024-06-28T22:01:19.0924350Z" end-time="2024-06-28T22:01:19.0998180Z" duration="0.007383" asserts="5" />
                <test-case id="1-1828" name="IsFillComplete(PlayersWorlds.Maps.Maze.SidewinderMazeGenerator,Full,Manual,System.Collections.Generic.List`1[PlayersWorlds.Maps.Area])" fullname="PlayersWorlds.Maps.Maze.MazeGeneratorTest.IsFillComplete(PlayersWorlds.Maps.Maze.SidewinderMazeGenerator,Full,Manual,System.Collections.Generic.List`1[PlayersWorlds.Maps.Area])" methodname="IsFillComplete" classname="PlayersWorlds.Maps.Maze.MazeGeneratorTest" runstate="Runnable" seed="1333596848" result="Passed" start-time="2024-06-28T22:01:19.0998280Z" end-time="2024-06-28T22:01:19.1077930Z" duration="0.007965" asserts="5" />
                <test-case id="1-1829" name="IsFillComplete(PlayersWorlds.Maps.Maze.SidewinderMazeGenerator,Full,Manual,System.Collections.Generic.List`1[PlayersWorlds.Maps.Area])" fullname="PlayersWorlds.Maps.Maze.MazeGeneratorTest.IsFillComplete(PlayersWorlds.Maps.Maze.SidewinderMazeGenerator,Full,Manual,System.Collections.Generic.List`1[PlayersWorlds.Maps.Area])" methodname="IsFillComplete" classname="PlayersWorlds.Maps.Maze.MazeGeneratorTest" runstate="Runnable" seed="1169639365" result="Passed" start-time="2024-06-28T22:01:19.1078110Z" end-time="2024-06-28T22:01:19.1150250Z" duration="0.007214" asserts="5" />
                <test-case id="1-1830" name="IsFillComplete(PlayersWorlds.Maps.Maze.SidewinderMazeGenerator,Full,Manual,System.Collections.Generic.List`1[PlayersWorlds.Maps.Area])" fullname="PlayersWorlds.Maps.Maze.MazeGeneratorTest.IsFillComplete(PlayersWorlds.Maps.Maze.SidewinderMazeGenerator,Full,Manual,System.Collections.Generic.List`1[PlayersWorlds.Maps.Area])" methodname="IsFillComplete" classname="PlayersWorlds.Maps.Maze.MazeGeneratorTest" runstate="Runnable" seed="2080205093" result="Passed" start-time="2024-06-28T22:01:19.1150360Z" end-time="2024-06-28T22:01:19.1220910Z" duration="0.007054" asserts="5" />
                <test-case id="1-1831" name="IsFillComplete(PlayersWorlds.Maps.Maze.SidewinderMazeGenerator,Full,Manual,System.Collections.Generic.List`1[PlayersWorlds.Maps.Area])" fullname="PlayersWorlds.Maps.Maze.MazeGeneratorTest.IsFillComplete(PlayersWorlds.Maps.Maze.SidewinderMazeGenerator,Full,Manual,System.Collections.Generic.List`1[PlayersWorlds.Maps.Area])" methodname="IsFillComplete" classname="PlayersWorlds.Maps.Maze.MazeGeneratorTest" runstate="Runnable" seed="905261204" result="Passed" start-time="2024-06-28T22:01:19.1221020Z" end-time="2024-06-28T22:01:19.1308120Z" duration="0.008711" asserts="5" />
                <test-case id="1-1832" name="IsFillComplete(PlayersWorlds.Maps.Maze.SidewinderMazeGenerator,Full,Manual,System.Collections.Generic.List`1[PlayersWorlds.Maps.Area])" fullname="PlayersWorlds.Maps.Maze.MazeGeneratorTest.IsFillComplete(PlayersWorlds.Maps.Maze.SidewinderMazeGenerator,Full,Manual,System.Collections.Generic.List`1[PlayersWorlds.Maps.Area])" methodname="IsFillComplete" classname="PlayersWorlds.Maps.Maze.MazeGeneratorTest" runstate="Runnable" seed="482008647" result="Passed" start-time="2024-06-28T22:01:19.1308240Z" end-time="2024-06-28T22:01:19.1376440Z" duration="0.006820" asserts="5" />
                <test-case id="1-1833" name="IsFillComplete(PlayersWorlds.Maps.Maze.WilsonsMazeGenerator,Quarter,Auto,null)" fullname="PlayersWorlds.Maps.Maze.MazeGeneratorTest.IsFillComplete(PlayersWorlds.Maps.Maze.WilsonsMazeGenerator,Quarter,Auto,null)" methodname="IsFillComplete" classname="PlayersWorlds.Maps.Maze.MazeGeneratorTest" runstate="Runnable" seed="2062514701" result="Passed" start-time="2024-06-28T22:01:19.1376540Z" end-time="2024-06-28T22:01:19.1515020Z" duration="0.013848" asserts="5" />
                <test-case id="1-1834" name="IsFillComplete(PlayersWorlds.Maps.Maze.WilsonsMazeGenerator,Quarter,Auto,System.Collections.Generic.List`1[PlayersWorlds.Maps.Area])" fullname="PlayersWorlds.Maps.Maze.MazeGeneratorTest.IsFillComplete(PlayersWorlds.Maps.Maze.WilsonsMazeGenerator,Quarter,Auto,System.Collections.Generic.List`1[PlayersWorlds.Maps.Area])" methodname="IsFillComplete" classname="PlayersWorlds.Maps.Maze.MazeGeneratorTest" runstate="Runnable" seed="1299019022" result="Passed" start-time="2024-06-28T22:01:19.1515130Z" end-time="2024-06-28T22:01:19.1715510Z" duration="0.020038" asserts="5" />
                <test-case id="1-1835" name="IsFillComplete(PlayersWorlds.Maps.Maze.WilsonsMazeGenerator,Quarter,Auto,System.Collections.Generic.List`1[PlayersWorlds.Maps.Area])" fullname="PlayersWorlds.Maps.Maze.MazeGeneratorTest.IsFillComplete(PlayersWorlds.Maps.Maze.WilsonsMazeGenerator,Quarter,Auto,System.Collections.Generic.List`1[PlayersWorlds.Maps.Area])" methodname="IsFillComplete" classname="PlayersWorlds.Maps.Maze.MazeGeneratorTest" runstate="Runnable" seed="626578852" result="Passed" start-time="2024-06-28T22:01:19.1715620Z" end-time="2024-06-28T22:01:19.1998650Z" duration="0.028304" asserts="5" />
                <test-case id="1-1836" name="IsFillComplete(PlayersWorlds.Maps.Maze.WilsonsMazeGenerator,Quarter,Auto,System.Collections.Generic.List`1[PlayersWorlds.Maps.Area])" fullname="PlayersWorlds.Maps.Maze.MazeGeneratorTest.IsFillComplete(PlayersWorlds.Maps.Maze.WilsonsMazeGenerator,Quarter,Auto,System.Collections.Generic.List`1[PlayersWorlds.Maps.Area])" methodname="IsFillComplete" classname="PlayersWorlds.Maps.Maze.MazeGeneratorTest" runstate="Runnable" seed="1615423015" result="Passed" start-time="2024-06-28T22:01:19.1998780Z" end-time="2024-06-28T22:01:19.2353970Z" duration="0.035519" asserts="5" />
                <test-case id="1-1837" name="IsFillComplete(PlayersWorlds.Maps.Maze.WilsonsMazeGenerator,Quarter,Auto,System.Collections.Generic.List`1[PlayersWorlds.Maps.Area])" fullname="PlayersWorlds.Maps.Maze.MazeGeneratorTest.IsFillComplete(PlayersWorlds.Maps.Maze.WilsonsMazeGenerator,Quarter,Auto,System.Collections.Generic.List`1[PlayersWorlds.Maps.Area])" methodname="IsFillComplete" classname="PlayersWorlds.Maps.Maze.MazeGeneratorTest" runstate="Runnable" seed="2010721339" result="Passed" start-time="2024-06-28T22:01:19.2354180Z" end-time="2024-06-28T22:01:19.2579350Z" duration="0.022517" asserts="5" />
                <test-case id="1-1838" name="IsFillComplete(PlayersWorlds.Maps.Maze.WilsonsMazeGenerator,Quarter,Auto,System.Collections.Generic.List`1[PlayersWorlds.Maps.Area])" fullname="PlayersWorlds.Maps.Maze.MazeGeneratorTest.IsFillComplete(PlayersWorlds.Maps.Maze.WilsonsMazeGenerator,Quarter,Auto,System.Collections.Generic.List`1[PlayersWorlds.Maps.Area])" methodname="IsFillComplete" classname="PlayersWorlds.Maps.Maze.MazeGeneratorTest" runstate="Runnable" seed="1858340507" result="Passed" start-time="2024-06-28T22:01:19.2579470Z" end-time="2024-06-28T22:01:19.3087190Z" duration="0.050772" asserts="5" />
                <test-case id="1-1839" name="IsFillComplete(PlayersWorlds.Maps.Maze.WilsonsMazeGenerator,Quarter,Manual,null)" fullname="PlayersWorlds.Maps.Maze.MazeGeneratorTest.IsFillComplete(PlayersWorlds.Maps.Maze.WilsonsMazeGenerator,Quarter,Manual,null)" methodname="IsFillComplete" classname="PlayersWorlds.Maps.Maze.MazeGeneratorTest" runstate="Runnable" seed="351812128" result="Passed" start-time="2024-06-28T22:01:19.3087350Z" end-time="2024-06-28T22:01:19.3150550Z" duration="0.006320" asserts="5" />
                <test-case id="1-1840" name="IsFillComplete(PlayersWorlds.Maps.Maze.WilsonsMazeGenerator,Quarter,Manual,System.Collections.Generic.List`1[PlayersWorlds.Maps.Area])" fullname="PlayersWorlds.Maps.Maze.MazeGeneratorTest.IsFillComplete(PlayersWorlds.Maps.Maze.WilsonsMazeGenerator,Quarter,Manual,System.Collections.Generic.List`1[PlayersWorlds.Maps.Area])" methodname="IsFillComplete" classname="PlayersWorlds.Maps.Maze.MazeGeneratorTest" runstate="Runnable" seed="1568038236" result="Passed" start-time="2024-06-28T22:01:19.3150660Z" end-time="2024-06-28T22:01:19.3213150Z" duration="0.006249" asserts="5" />
                <test-case id="1-1841" name="IsFillComplete(PlayersWorlds.Maps.Maze.WilsonsMazeGenerator,Quarter,Manual,System.Collections.Generic.List`1[PlayersWorlds.Maps.Area])" fullname="PlayersWorlds.Maps.Maze.MazeGeneratorTest.IsFillComplete(PlayersWorlds.Maps.Maze.WilsonsMazeGenerator,Quarter,Manual,System.Collections.Generic.List`1[PlayersWorlds.Maps.Area])" methodname="IsFillComplete" classname="PlayersWorlds.Maps.Maze.MazeGeneratorTest" runstate="Runnable" seed="1773332786" result="Passed" start-time="2024-06-28T22:01:19.3213270Z" end-time="2024-06-28T22:01:19.3271940Z" duration="0.005867" asserts="5" />
                <test-case id="1-1842" name="IsFillComplete(PlayersWorlds.Maps.Maze.WilsonsMazeGenerator,Quarter,Manual,System.Collections.Generic.List`1[PlayersWorlds.Maps.Area])" fullname="PlayersWorlds.Maps.Maze.MazeGeneratorTest.IsFillComplete(PlayersWorlds.Maps.Maze.WilsonsMazeGenerator,Quarter,Manual,System.Collections.Generic.List`1[PlayersWorlds.Maps.Area])" methodname="IsFillComplete" classname="PlayersWorlds.Maps.Maze.MazeGeneratorTest" runstate="Runnable" seed="1659160419" result="Passed" start-time="2024-06-28T22:01:19.3272050Z" end-time="2024-06-28T22:01:19.3329940Z" duration="0.005789" asserts="5" />
                <test-case id="1-1843" name="IsFillComplete(PlayersWorlds.Maps.Maze.WilsonsMazeGenerator,Quarter,Manual,System.Collections.Generic.List`1[PlayersWorlds.Maps.Area])" fullname="PlayersWorlds.Maps.Maze.MazeGeneratorTest.IsFillComplete(PlayersWorlds.Maps.Maze.WilsonsMazeGenerator,Quarter,Manual,System.Collections.Generic.List`1[PlayersWorlds.Maps.Area])" methodname="IsFillComplete" classname="PlayersWorlds.Maps.Maze.MazeGeneratorTest" runstate="Runnable" seed="131001434" result="Passed" start-time="2024-06-28T22:01:19.3330050Z" end-time="2024-06-28T22:01:19.3390400Z" duration="0.006036" asserts="5" />
                <test-case id="1-1844" name="IsFillComplete(PlayersWorlds.Maps.Maze.WilsonsMazeGenerator,Quarter,Manual,System.Collections.Generic.List`1[PlayersWorlds.Maps.Area])" fullname="PlayersWorlds.Maps.Maze.MazeGeneratorTest.IsFillComplete(PlayersWorlds.Maps.Maze.WilsonsMazeGenerator,Quarter,Manual,System.Collections.Generic.List`1[PlayersWorlds.Maps.Area])" methodname="IsFillComplete" classname="PlayersWorlds.Maps.Maze.MazeGeneratorTest" runstate="Runnable" seed="1493285107" result="Passed" start-time="2024-06-28T22:01:19.3390510Z" end-time="2024-06-28T22:01:19.3445930Z" duration="0.005542" asserts="5" />
                <test-case id="1-1845" name="IsFillComplete(PlayersWorlds.Maps.Maze.WilsonsMazeGenerator,Half,Auto,null)" fullname="PlayersWorlds.Maps.Maze.MazeGeneratorTest.IsFillComplete(PlayersWorlds.Maps.Maze.WilsonsMazeGenerator,Half,Auto,null)" methodname="IsFillComplete" classname="PlayersWorlds.Maps.Maze.MazeGeneratorTest" runstate="Runnable" seed="1360347003" result="Passed" start-time="2024-06-28T22:01:19.3446040Z" end-time="2024-06-28T22:01:19.3629330Z" duration="0.018329" asserts="5" />
                <test-case id="1-1846" name="IsFillComplete(PlayersWorlds.Maps.Maze.WilsonsMazeGenerator,Half,Auto,System.Collections.Generic.List`1[PlayersWorlds.Maps.Area])" fullname="PlayersWorlds.Maps.Maze.MazeGeneratorTest.IsFillComplete(PlayersWorlds.Maps.Maze.WilsonsMazeGenerator,Half,Auto,System.Collections.Generic.List`1[PlayersWorlds.Maps.Area])" methodname="IsFillComplete" classname="PlayersWorlds.Maps.Maze.MazeGeneratorTest" runstate="Runnable" seed="108201568" result="Passed" start-time="2024-06-28T22:01:19.3629440Z" end-time="2024-06-28T22:01:19.3805930Z" duration="0.017649" asserts="5" />
                <test-case id="1-1847" name="IsFillComplete(PlayersWorlds.Maps.Maze.WilsonsMazeGenerator,Half,Auto,System.Collections.Generic.List`1[PlayersWorlds.Maps.Area])" fullname="PlayersWorlds.Maps.Maze.MazeGeneratorTest.IsFillComplete(PlayersWorlds.Maps.Maze.WilsonsMazeGenerator,Half,Auto,System.Collections.Generic.List`1[PlayersWorlds.Maps.Area])" methodname="IsFillComplete" classname="PlayersWorlds.Maps.Maze.MazeGeneratorTest" runstate="Runnable" seed="1083983272" result="Passed" start-time="2024-06-28T22:01:19.3806030Z" end-time="2024-06-28T22:01:19.4026680Z" duration="0.022065" asserts="5" />
                <test-case id="1-1848" name="IsFillComplete(PlayersWorlds.Maps.Maze.WilsonsMazeGenerator,Half,Auto,System.Collections.Generic.List`1[PlayersWorlds.Maps.Area])" fullname="PlayersWorlds.Maps.Maze.MazeGeneratorTest.IsFillComplete(PlayersWorlds.Maps.Maze.WilsonsMazeGenerator,Half,Auto,System.Collections.Generic.List`1[PlayersWorlds.Maps.Area])" methodname="IsFillComplete" classname="PlayersWorlds.Maps.Maze.MazeGeneratorTest" runstate="Runnable" seed="995542084" result="Passed" start-time="2024-06-28T22:01:19.4026800Z" end-time="2024-06-28T22:01:19.4254500Z" duration="0.022770" asserts="5" />
                <test-case id="1-1849" name="IsFillComplete(PlayersWorlds.Maps.Maze.WilsonsMazeGenerator,Half,Auto,System.Collections.Generic.List`1[PlayersWorlds.Maps.Area])" fullname="PlayersWorlds.Maps.Maze.MazeGeneratorTest.IsFillComplete(PlayersWorlds.Maps.Maze.WilsonsMazeGenerator,Half,Auto,System.Collections.Generic.List`1[PlayersWorlds.Maps.Area])" methodname="IsFillComplete" classname="PlayersWorlds.Maps.Maze.MazeGeneratorTest" runstate="Runnable" seed="370070527" result="Passed" start-time="2024-06-28T22:01:19.4254610Z" end-time="2024-06-28T22:01:19.4537330Z" duration="0.028273" asserts="5" />
                <test-case id="1-1850" name="IsFillComplete(PlayersWorlds.Maps.Maze.WilsonsMazeGenerator,Half,Auto,System.Collections.Generic.List`1[PlayersWorlds.Maps.Area])" fullname="PlayersWorlds.Maps.Maze.MazeGeneratorTest.IsFillComplete(PlayersWorlds.Maps.Maze.WilsonsMazeGenerator,Half,Auto,System.Collections.Generic.List`1[PlayersWorlds.Maps.Area])" methodname="IsFillComplete" classname="PlayersWorlds.Maps.Maze.MazeGeneratorTest" runstate="Runnable" seed="1074707823" result="Passed" start-time="2024-06-28T22:01:19.4537450Z" end-time="2024-06-28T22:01:19.4766300Z" duration="0.022885" asserts="5" />
                <test-case id="1-1851" name="IsFillComplete(PlayersWorlds.Maps.Maze.WilsonsMazeGenerator,Half,Manual,null)" fullname="PlayersWorlds.Maps.Maze.MazeGeneratorTest.IsFillComplete(PlayersWorlds.Maps.Maze.WilsonsMazeGenerator,Half,Manual,null)" methodname="IsFillComplete" classname="PlayersWorlds.Maps.Maze.MazeGeneratorTest" runstate="Runnable" seed="4013825" result="Passed" start-time="2024-06-28T22:01:19.4766410Z" end-time="2024-06-28T22:01:19.4829000Z" duration="0.006259" asserts="5" />
                <test-case id="1-1852" name="IsFillComplete(PlayersWorlds.Maps.Maze.WilsonsMazeGenerator,Half,Manual,System.Collections.Generic.List`1[PlayersWorlds.Maps.Area])" fullname="PlayersWorlds.Maps.Maze.MazeGeneratorTest.IsFillComplete(PlayersWorlds.Maps.Maze.WilsonsMazeGenerator,Half,Manual,System.Collections.Generic.List`1[PlayersWorlds.Maps.Area])" methodname="IsFillComplete" classname="PlayersWorlds.Maps.Maze.MazeGeneratorTest" runstate="Runnable" seed="1074985903" result="Passed" start-time="2024-06-28T22:01:19.4829110Z" end-time="2024-06-28T22:01:19.4904730Z" duration="0.007563" asserts="5" />
                <test-case id="1-1853" name="IsFillComplete(PlayersWorlds.Maps.Maze.WilsonsMazeGenerator,Half,Manual,System.Collections.Generic.List`1[PlayersWorlds.Maps.Area])" fullname="PlayersWorlds.Maps.Maze.MazeGeneratorTest.IsFillComplete(PlayersWorlds.Maps.Maze.WilsonsMazeGenerator,Half,Manual,System.Collections.Generic.List`1[PlayersWorlds.Maps.Area])" methodname="IsFillComplete" classname="PlayersWorlds.Maps.Maze.MazeGeneratorTest" runstate="Runnable" seed="444263458" result="Passed" start-time="2024-06-28T22:01:19.4904840Z" end-time="2024-06-28T22:01:19.4971490Z" duration="0.006665" asserts="5" />
                <test-case id="1-1854" name="IsFillComplete(PlayersWorlds.Maps.Maze.WilsonsMazeGenerator,Half,Manual,System.Collections.Generic.List`1[PlayersWorlds.Maps.Area])" fullname="PlayersWorlds.Maps.Maze.MazeGeneratorTest.IsFillComplete(PlayersWorlds.Maps.Maze.WilsonsMazeGenerator,Half,Manual,System.Collections.Generic.List`1[PlayersWorlds.Maps.Area])" methodname="IsFillComplete" classname="PlayersWorlds.Maps.Maze.MazeGeneratorTest" runstate="Runnable" seed="297957105" result="Passed" start-time="2024-06-28T22:01:19.4971590Z" end-time="2024-06-28T22:01:19.5033260Z" duration="0.006167" asserts="5" />
                <test-case id="1-1855" name="IsFillComplete(PlayersWorlds.Maps.Maze.WilsonsMazeGenerator,Half,Manual,System.Collections.Generic.List`1[PlayersWorlds.Maps.Area])" fullname="PlayersWorlds.Maps.Maze.MazeGeneratorTest.IsFillComplete(PlayersWorlds.Maps.Maze.WilsonsMazeGenerator,Half,Manual,System.Collections.Generic.List`1[PlayersWorlds.Maps.Area])" methodname="IsFillComplete" classname="PlayersWorlds.Maps.Maze.MazeGeneratorTest" runstate="Runnable" seed="1720536590" result="Passed" start-time="2024-06-28T22:01:19.5033360Z" end-time="2024-06-28T22:01:19.5091820Z" duration="0.005845" asserts="5" />
                <test-case id="1-1856" name="IsFillComplete(PlayersWorlds.Maps.Maze.WilsonsMazeGenerator,Half,Manual,System.Collections.Generic.List`1[PlayersWorlds.Maps.Area])" fullname="PlayersWorlds.Maps.Maze.MazeGeneratorTest.IsFillComplete(PlayersWorlds.Maps.Maze.WilsonsMazeGenerator,Half,Manual,System.Collections.Generic.List`1[PlayersWorlds.Maps.Area])" methodname="IsFillComplete" classname="PlayersWorlds.Maps.Maze.MazeGeneratorTest" runstate="Runnable" seed="1384417287" result="Passed" start-time="2024-06-28T22:01:19.5091920Z" end-time="2024-06-28T22:01:19.5181780Z" duration="0.008986" asserts="5" />
                <test-case id="1-1857" name="IsFillComplete(PlayersWorlds.Maps.Maze.WilsonsMazeGenerator,ThreeQuarters,Auto,null)" fullname="PlayersWorlds.Maps.Maze.MazeGeneratorTest.IsFillComplete(PlayersWorlds.Maps.Maze.WilsonsMazeGenerator,ThreeQuarters,Auto,null)" methodname="IsFillComplete" classname="PlayersWorlds.Maps.Maze.MazeGeneratorTest" runstate="Runnable" seed="212989755" result="Passed" start-time="2024-06-28T22:01:19.5181960Z" end-time="2024-06-28T22:01:19.5303030Z" duration="0.012108" asserts="5" />
                <test-case id="1-1858" name="IsFillComplete(PlayersWorlds.Maps.Maze.WilsonsMazeGenerator,ThreeQuarters,Auto,System.Collections.Generic.List`1[PlayersWorlds.Maps.Area])" fullname="PlayersWorlds.Maps.Maze.MazeGeneratorTest.IsFillComplete(PlayersWorlds.Maps.Maze.WilsonsMazeGenerator,ThreeQuarters,Auto,System.Collections.Generic.List`1[PlayersWorlds.Maps.Area])" methodname="IsFillComplete" classname="PlayersWorlds.Maps.Maze.MazeGeneratorTest" runstate="Runnable" seed="744286425" result="Passed" start-time="2024-06-28T22:01:19.5303150Z" end-time="2024-06-28T22:01:19.5457090Z" duration="0.015394" asserts="5" />
                <test-case id="1-1859" name="IsFillComplete(PlayersWorlds.Maps.Maze.WilsonsMazeGenerator,ThreeQuarters,Auto,System.Collections.Generic.List`1[PlayersWorlds.Maps.Area])" fullname="PlayersWorlds.Maps.Maze.MazeGeneratorTest.IsFillComplete(PlayersWorlds.Maps.Maze.WilsonsMazeGenerator,ThreeQuarters,Auto,System.Collections.Generic.List`1[PlayersWorlds.Maps.Area])" methodname="IsFillComplete" classname="PlayersWorlds.Maps.Maze.MazeGeneratorTest" runstate="Runnable" seed="1649507067" result="Passed" start-time="2024-06-28T22:01:19.5457200Z" end-time="2024-06-28T22:01:19.5702150Z" duration="0.024495" asserts="5" />
                <test-case id="1-1860" name="IsFillComplete(PlayersWorlds.Maps.Maze.WilsonsMazeGenerator,ThreeQuarters,Auto,System.Collections.Generic.List`1[PlayersWorlds.Maps.Area])" fullname="PlayersWorlds.Maps.Maze.MazeGeneratorTest.IsFillComplete(PlayersWorlds.Maps.Maze.WilsonsMazeGenerator,ThreeQuarters,Auto,System.Collections.Generic.List`1[PlayersWorlds.Maps.Area])" methodname="IsFillComplete" classname="PlayersWorlds.Maps.Maze.MazeGeneratorTest" runstate="Runnable" seed="379677818" result="Passed" start-time="2024-06-28T22:01:19.5702260Z" end-time="2024-06-28T22:01:19.5951090Z" duration="0.024883" asserts="5" />
                <test-case id="1-1861" name="IsFillComplete(PlayersWorlds.Maps.Maze.WilsonsMazeGenerator,ThreeQuarters,Auto,System.Collections.Generic.List`1[PlayersWorlds.Maps.Area])" fullname="PlayersWorlds.Maps.Maze.MazeGeneratorTest.IsFillComplete(PlayersWorlds.Maps.Maze.WilsonsMazeGenerator,ThreeQuarters,Auto,System.Collections.Generic.List`1[PlayersWorlds.Maps.Area])" methodname="IsFillComplete" classname="PlayersWorlds.Maps.Maze.MazeGeneratorTest" runstate="Runnable" seed="1513411497" result="Passed" start-time="2024-06-28T22:01:19.5951200Z" end-time="2024-06-28T22:01:19.6239960Z" duration="0.028876" asserts="5" />
                <test-case id="1-1862" name="IsFillComplete(PlayersWorlds.Maps.Maze.WilsonsMazeGenerator,ThreeQuarters,Auto,System.Collections.Generic.List`1[PlayersWorlds.Maps.Area])" fullname="PlayersWorlds.Maps.Maze.MazeGeneratorTest.IsFillComplete(PlayersWorlds.Maps.Maze.WilsonsMazeGenerator,ThreeQuarters,Auto,System.Collections.Generic.List`1[PlayersWorlds.Maps.Area])" methodname="IsFillComplete" classname="PlayersWorlds.Maps.Maze.MazeGeneratorTest" runstate="Runnable" seed="967108909" result="Passed" start-time="2024-06-28T22:01:19.6240070Z" end-time="2024-06-28T22:01:19.6534370Z" duration="0.029430" asserts="5" />
                <test-case id="1-1863" name="IsFillComplete(PlayersWorlds.Maps.Maze.WilsonsMazeGenerator,ThreeQuarters,Manual,null)" fullname="PlayersWorlds.Maps.Maze.MazeGeneratorTest.IsFillComplete(PlayersWorlds.Maps.Maze.WilsonsMazeGenerator,ThreeQuarters,Manual,null)" methodname="IsFillComplete" classname="PlayersWorlds.Maps.Maze.MazeGeneratorTest" runstate="Runnable" seed="1603078757" result="Passed" start-time="2024-06-28T22:01:19.6534470Z" end-time="2024-06-28T22:01:19.6598070Z" duration="0.006360" asserts="5" />
                <test-case id="1-1864" name="IsFillComplete(PlayersWorlds.Maps.Maze.WilsonsMazeGenerator,ThreeQuarters,Manual,System.Collections.Generic.List`1[PlayersWorlds.Maps.Area])" fullname="PlayersWorlds.Maps.Maze.MazeGeneratorTest.IsFillComplete(PlayersWorlds.Maps.Maze.WilsonsMazeGenerator,ThreeQuarters,Manual,System.Collections.Generic.List`1[PlayersWorlds.Maps.Area])" methodname="IsFillComplete" classname="PlayersWorlds.Maps.Maze.MazeGeneratorTest" runstate="Runnable" seed="1272734381" result="Passed" start-time="2024-06-28T22:01:19.6598180Z" end-time="2024-06-28T22:01:19.6685850Z" duration="0.008767" asserts="5" />
                <test-case id="1-1865" name="IsFillComplete(PlayersWorlds.Maps.Maze.WilsonsMazeGenerator,ThreeQuarters,Manual,System.Collections.Generic.List`1[PlayersWorlds.Maps.Area])" fullname="PlayersWorlds.Maps.Maze.MazeGeneratorTest.IsFillComplete(PlayersWorlds.Maps.Maze.WilsonsMazeGenerator,ThreeQuarters,Manual,System.Collections.Generic.List`1[PlayersWorlds.Maps.Area])" methodname="IsFillComplete" classname="PlayersWorlds.Maps.Maze.MazeGeneratorTest" runstate="Runnable" seed="1029210144" result="Passed" start-time="2024-06-28T22:01:19.6685950Z" end-time="2024-06-28T22:01:19.6751590Z" duration="0.006564" asserts="5" />
                <test-case id="1-1866" name="IsFillComplete(PlayersWorlds.Maps.Maze.WilsonsMazeGenerator,ThreeQuarters,Manual,System.Collections.Generic.List`1[PlayersWorlds.Maps.Area])" fullname="PlayersWorlds.Maps.Maze.MazeGeneratorTest.IsFillComplete(PlayersWorlds.Maps.Maze.WilsonsMazeGenerator,ThreeQuarters,Manual,System.Collections.Generic.List`1[PlayersWorlds.Maps.Area])" methodname="IsFillComplete" classname="PlayersWorlds.Maps.Maze.MazeGeneratorTest" runstate="Runnable" seed="446735948" result="Passed" start-time="2024-06-28T22:01:19.6751700Z" end-time="2024-06-28T22:01:19.6827720Z" duration="0.007602" asserts="5" />
                <test-case id="1-1867" name="IsFillComplete(PlayersWorlds.Maps.Maze.WilsonsMazeGenerator,ThreeQuarters,Manual,System.Collections.Generic.List`1[PlayersWorlds.Maps.Area])" fullname="PlayersWorlds.Maps.Maze.MazeGeneratorTest.IsFillComplete(PlayersWorlds.Maps.Maze.WilsonsMazeGenerator,ThreeQuarters,Manual,System.Collections.Generic.List`1[PlayersWorlds.Maps.Area])" methodname="IsFillComplete" classname="PlayersWorlds.Maps.Maze.MazeGeneratorTest" runstate="Runnable" seed="490549794" result="Passed" start-time="2024-06-28T22:01:19.6827830Z" end-time="2024-06-28T22:01:19.6888660Z" duration="0.006083" asserts="5" />
                <test-case id="1-1868" name="IsFillComplete(PlayersWorlds.Maps.Maze.WilsonsMazeGenerator,ThreeQuarters,Manual,System.Collections.Generic.List`1[PlayersWorlds.Maps.Area])" fullname="PlayersWorlds.Maps.Maze.MazeGeneratorTest.IsFillComplete(PlayersWorlds.Maps.Maze.WilsonsMazeGenerator,ThreeQuarters,Manual,System.Collections.Generic.List`1[PlayersWorlds.Maps.Area])" methodname="IsFillComplete" classname="PlayersWorlds.Maps.Maze.MazeGeneratorTest" runstate="Runnable" seed="2106597743" result="Passed" start-time="2024-06-28T22:01:19.6888770Z" end-time="2024-06-28T22:01:19.6956520Z" duration="0.006776" asserts="5" />
                <test-case id="1-1869" name="IsFillComplete(PlayersWorlds.Maps.Maze.WilsonsMazeGenerator,NinetyPercent,Auto,null)" fullname="PlayersWorlds.Maps.Maze.MazeGeneratorTest.IsFillComplete(PlayersWorlds.Maps.Maze.WilsonsMazeGenerator,NinetyPercent,Auto,null)" methodname="IsFillComplete" classname="PlayersWorlds.Maps.Maze.MazeGeneratorTest" runstate="Runnable" seed="931373820" result="Passed" start-time="2024-06-28T22:01:19.6956720Z" end-time="2024-06-28T22:01:19.7075380Z" duration="0.011866" asserts="5" />
                <test-case id="1-1870" name="IsFillComplete(PlayersWorlds.Maps.Maze.WilsonsMazeGenerator,NinetyPercent,Auto,System.Collections.Generic.List`1[PlayersWorlds.Maps.Area])" fullname="PlayersWorlds.Maps.Maze.MazeGeneratorTest.IsFillComplete(PlayersWorlds.Maps.Maze.WilsonsMazeGenerator,NinetyPercent,Auto,System.Collections.Generic.List`1[PlayersWorlds.Maps.Area])" methodname="IsFillComplete" classname="PlayersWorlds.Maps.Maze.MazeGeneratorTest" runstate="Runnable" seed="1260003992" result="Passed" start-time="2024-06-28T22:01:19.7075480Z" end-time="2024-06-28T22:01:19.7308060Z" duration="0.023257" asserts="5" />
                <test-case id="1-1871" name="IsFillComplete(PlayersWorlds.Maps.Maze.WilsonsMazeGenerator,NinetyPercent,Auto,System.Collections.Generic.List`1[PlayersWorlds.Maps.Area])" fullname="PlayersWorlds.Maps.Maze.MazeGeneratorTest.IsFillComplete(PlayersWorlds.Maps.Maze.WilsonsMazeGenerator,NinetyPercent,Auto,System.Collections.Generic.List`1[PlayersWorlds.Maps.Area])" methodname="IsFillComplete" classname="PlayersWorlds.Maps.Maze.MazeGeneratorTest" runstate="Runnable" seed="121834086" result="Passed" start-time="2024-06-28T22:01:19.7308180Z" end-time="2024-06-28T22:01:19.7599440Z" duration="0.029127" asserts="5" />
                <test-case id="1-1872" name="IsFillComplete(PlayersWorlds.Maps.Maze.WilsonsMazeGenerator,NinetyPercent,Auto,System.Collections.Generic.List`1[PlayersWorlds.Maps.Area])" fullname="PlayersWorlds.Maps.Maze.MazeGeneratorTest.IsFillComplete(PlayersWorlds.Maps.Maze.WilsonsMazeGenerator,NinetyPercent,Auto,System.Collections.Generic.List`1[PlayersWorlds.Maps.Area])" methodname="IsFillComplete" classname="PlayersWorlds.Maps.Maze.MazeGeneratorTest" runstate="Runnable" seed="1519638850" result="Passed" start-time="2024-06-28T22:01:19.7599560Z" end-time="2024-06-28T22:01:19.7904800Z" duration="0.030524" asserts="5" />
                <test-case id="1-1873" name="IsFillComplete(PlayersWorlds.Maps.Maze.WilsonsMazeGenerator,NinetyPercent,Auto,System.Collections.Generic.List`1[PlayersWorlds.Maps.Area])" fullname="PlayersWorlds.Maps.Maze.MazeGeneratorTest.IsFillComplete(PlayersWorlds.Maps.Maze.WilsonsMazeGenerator,NinetyPercent,Auto,System.Collections.Generic.List`1[PlayersWorlds.Maps.Area])" methodname="IsFillComplete" classname="PlayersWorlds.Maps.Maze.MazeGeneratorTest" runstate="Runnable" seed="852268714" result="Passed" start-time="2024-06-28T22:01:19.7904940Z" end-time="2024-06-28T22:01:19.8210320Z" duration="0.030539" asserts="5" />
                <test-case id="1-1874" name="IsFillComplete(PlayersWorlds.Maps.Maze.WilsonsMazeGenerator,NinetyPercent,Auto,System.Collections.Generic.List`1[PlayersWorlds.Maps.Area])" fullname="PlayersWorlds.Maps.Maze.MazeGeneratorTest.IsFillComplete(PlayersWorlds.Maps.Maze.WilsonsMazeGenerator,NinetyPercent,Auto,System.Collections.Generic.List`1[PlayersWorlds.Maps.Area])" methodname="IsFillComplete" classname="PlayersWorlds.Maps.Maze.MazeGeneratorTest" runstate="Runnable" seed="736376381" result="Passed" start-time="2024-06-28T22:01:19.8210440Z" end-time="2024-06-28T22:01:19.8440180Z" duration="0.022974" asserts="5" />
                <test-case id="1-1875" name="IsFillComplete(PlayersWorlds.Maps.Maze.WilsonsMazeGenerator,NinetyPercent,Manual,null)" fullname="PlayersWorlds.Maps.Maze.MazeGeneratorTest.IsFillComplete(PlayersWorlds.Maps.Maze.WilsonsMazeGenerator,NinetyPercent,Manual,null)" methodname="IsFillComplete" classname="PlayersWorlds.Maps.Maze.MazeGeneratorTest" runstate="Runnable" seed="1276698908" result="Passed" start-time="2024-06-28T22:01:19.8440300Z" end-time="2024-06-28T22:01:19.8513730Z" duration="0.007343" asserts="5" />
                <test-case id="1-1876" name="IsFillComplete(PlayersWorlds.Maps.Maze.WilsonsMazeGenerator,NinetyPercent,Manual,System.Collections.Generic.List`1[PlayersWorlds.Maps.Area])" fullname="PlayersWorlds.Maps.Maze.MazeGeneratorTest.IsFillComplete(PlayersWorlds.Maps.Maze.WilsonsMazeGenerator,NinetyPercent,Manual,System.Collections.Generic.List`1[PlayersWorlds.Maps.Area])" methodname="IsFillComplete" classname="PlayersWorlds.Maps.Maze.MazeGeneratorTest" runstate="Runnable" seed="1260074784" result="Passed" start-time="2024-06-28T22:01:19.8513850Z" end-time="2024-06-28T22:01:19.8581340Z" duration="0.006749" asserts="5" />
                <test-case id="1-1877" name="IsFillComplete(PlayersWorlds.Maps.Maze.WilsonsMazeGenerator,NinetyPercent,Manual,System.Collections.Generic.List`1[PlayersWorlds.Maps.Area])" fullname="PlayersWorlds.Maps.Maze.MazeGeneratorTest.IsFillComplete(PlayersWorlds.Maps.Maze.WilsonsMazeGenerator,NinetyPercent,Manual,System.Collections.Generic.List`1[PlayersWorlds.Maps.Area])" methodname="IsFillComplete" classname="PlayersWorlds.Maps.Maze.MazeGeneratorTest" runstate="Runnable" seed="400403172" result="Passed" start-time="2024-06-28T22:01:19.8581440Z" end-time="2024-06-28T22:01:19.8643240Z" duration="0.006180" asserts="5" />
                <test-case id="1-1878" name="IsFillComplete(PlayersWorlds.Maps.Maze.WilsonsMazeGenerator,NinetyPercent,Manual,System.Collections.Generic.List`1[PlayersWorlds.Maps.Area])" fullname="PlayersWorlds.Maps.Maze.MazeGeneratorTest.IsFillComplete(PlayersWorlds.Maps.Maze.WilsonsMazeGenerator,NinetyPercent,Manual,System.Collections.Generic.List`1[PlayersWorlds.Maps.Area])" methodname="IsFillComplete" classname="PlayersWorlds.Maps.Maze.MazeGeneratorTest" runstate="Runnable" seed="980186272" result="Passed" start-time="2024-06-28T22:01:19.8643340Z" end-time="2024-06-28T22:01:19.8712570Z" duration="0.006923" asserts="5" />
                <test-case id="1-1879" name="IsFillComplete(PlayersWorlds.Maps.Maze.WilsonsMazeGenerator,NinetyPercent,Manual,System.Collections.Generic.List`1[PlayersWorlds.Maps.Area])" fullname="PlayersWorlds.Maps.Maze.MazeGeneratorTest.IsFillComplete(PlayersWorlds.Maps.Maze.WilsonsMazeGenerator,NinetyPercent,Manual,System.Collections.Generic.List`1[PlayersWorlds.Maps.Area])" methodname="IsFillComplete" classname="PlayersWorlds.Maps.Maze.MazeGeneratorTest" runstate="Runnable" seed="779615306" result="Passed" start-time="2024-06-28T22:01:19.8712670Z" end-time="2024-06-28T22:01:19.8778930Z" duration="0.006626" asserts="5" />
                <test-case id="1-1880" name="IsFillComplete(PlayersWorlds.Maps.Maze.WilsonsMazeGenerator,NinetyPercent,Manual,System.Collections.Generic.List`1[PlayersWorlds.Maps.Area])" fullname="PlayersWorlds.Maps.Maze.MazeGeneratorTest.IsFillComplete(PlayersWorlds.Maps.Maze.WilsonsMazeGenerator,NinetyPercent,Manual,System.Collections.Generic.List`1[PlayersWorlds.Maps.Area])" methodname="IsFillComplete" classname="PlayersWorlds.Maps.Maze.MazeGeneratorTest" runstate="Runnable" seed="1976021494" result="Passed" start-time="2024-06-28T22:01:19.8779040Z" end-time="2024-06-28T22:01:19.8849970Z" duration="0.007094" asserts="5" />
                <test-case id="1-1881" name="IsFillComplete(PlayersWorlds.Maps.Maze.WilsonsMazeGenerator,FullWidth,Auto,null)" fullname="PlayersWorlds.Maps.Maze.MazeGeneratorTest.IsFillComplete(PlayersWorlds.Maps.Maze.WilsonsMazeGenerator,FullWidth,Auto,null)" methodname="IsFillComplete" classname="PlayersWorlds.Maps.Maze.MazeGeneratorTest" runstate="Runnable" seed="712230655" result="Passed" start-time="2024-06-28T22:01:19.8850080Z" end-time="2024-06-28T22:01:19.9003110Z" duration="0.015302" asserts="5" />
                <test-case id="1-1882" name="IsFillComplete(PlayersWorlds.Maps.Maze.WilsonsMazeGenerator,FullWidth,Auto,System.Collections.Generic.List`1[PlayersWorlds.Maps.Area])" fullname="PlayersWorlds.Maps.Maze.MazeGeneratorTest.IsFillComplete(PlayersWorlds.Maps.Maze.WilsonsMazeGenerator,FullWidth,Auto,System.Collections.Generic.List`1[PlayersWorlds.Maps.Area])" methodname="IsFillComplete" classname="PlayersWorlds.Maps.Maze.MazeGeneratorTest" runstate="Runnable" seed="913217986" result="Passed" start-time="2024-06-28T22:01:19.9003220Z" end-time="2024-06-28T22:01:19.9102720Z" duration="0.009950" asserts="5" />
                <test-case id="1-1883" name="IsFillComplete(PlayersWorlds.Maps.Maze.WilsonsMazeGenerator,FullWidth,Auto,System.Collections.Generic.List`1[PlayersWorlds.Maps.Area])" fullname="PlayersWorlds.Maps.Maze.MazeGeneratorTest.IsFillComplete(PlayersWorlds.Maps.Maze.WilsonsMazeGenerator,FullWidth,Auto,System.Collections.Generic.List`1[PlayersWorlds.Maps.Area])" methodname="IsFillComplete" classname="PlayersWorlds.Maps.Maze.MazeGeneratorTest" runstate="Runnable" seed="963526321" result="Passed" start-time="2024-06-28T22:01:19.9102830Z" end-time="2024-06-28T22:01:19.9330970Z" duration="0.022814" asserts="5" />
                <test-case id="1-1884" name="IsFillComplete(PlayersWorlds.Maps.Maze.WilsonsMazeGenerator,FullWidth,Auto,System.Collections.Generic.List`1[PlayersWorlds.Maps.Area])" fullname="PlayersWorlds.Maps.Maze.MazeGeneratorTest.IsFillComplete(PlayersWorlds.Maps.Maze.WilsonsMazeGenerator,FullWidth,Auto,System.Collections.Generic.List`1[PlayersWorlds.Maps.Area])" methodname="IsFillComplete" classname="PlayersWorlds.Maps.Maze.MazeGeneratorTest" runstate="Runnable" seed="94931542" result="Passed" start-time="2024-06-28T22:01:19.9331080Z" end-time="2024-06-28T22:01:19.9572130Z" duration="0.024105" asserts="5" />
                <test-case id="1-1885" name="IsFillComplete(PlayersWorlds.Maps.Maze.WilsonsMazeGenerator,FullWidth,Auto,System.Collections.Generic.List`1[PlayersWorlds.Maps.Area])" fullname="PlayersWorlds.Maps.Maze.MazeGeneratorTest.IsFillComplete(PlayersWorlds.Maps.Maze.WilsonsMazeGenerator,FullWidth,Auto,System.Collections.Generic.List`1[PlayersWorlds.Maps.Area])" methodname="IsFillComplete" classname="PlayersWorlds.Maps.Maze.MazeGeneratorTest" runstate="Runnable" seed="2076191268" result="Passed" start-time="2024-06-28T22:01:19.9572260Z" end-time="2024-06-28T22:01:19.9924520Z" duration="0.035226" asserts="5" />
                <test-case id="1-1886" name="IsFillComplete(PlayersWorlds.Maps.Maze.WilsonsMazeGenerator,FullWidth,Auto,System.Collections.Generic.List`1[PlayersWorlds.Maps.Area])" fullname="PlayersWorlds.Maps.Maze.MazeGeneratorTest.IsFillComplete(PlayersWorlds.Maps.Maze.WilsonsMazeGenerator,FullWidth,Auto,System.Collections.Generic.List`1[PlayersWorlds.Maps.Area])" methodname="IsFillComplete" classname="PlayersWorlds.Maps.Maze.MazeGeneratorTest" runstate="Runnable" seed="1977758948" result="Passed" start-time="2024-06-28T22:01:19.9924650Z" end-time="2024-06-28T22:01:20.0348260Z" duration="0.042362" asserts="5" />
                <test-case id="1-1887" name="IsFillComplete(PlayersWorlds.Maps.Maze.WilsonsMazeGenerator,FullWidth,Manual,null)" fullname="PlayersWorlds.Maps.Maze.MazeGeneratorTest.IsFillComplete(PlayersWorlds.Maps.Maze.WilsonsMazeGenerator,FullWidth,Manual,null)" methodname="IsFillComplete" classname="PlayersWorlds.Maps.Maze.MazeGeneratorTest" runstate="Runnable" seed="37745189" result="Passed" start-time="2024-06-28T22:01:20.0348460Z" end-time="2024-06-28T22:01:20.0410900Z" duration="0.006244" asserts="5" />
                <test-case id="1-1888" name="IsFillComplete(PlayersWorlds.Maps.Maze.WilsonsMazeGenerator,FullWidth,Manual,System.Collections.Generic.List`1[PlayersWorlds.Maps.Area])" fullname="PlayersWorlds.Maps.Maze.MazeGeneratorTest.IsFillComplete(PlayersWorlds.Maps.Maze.WilsonsMazeGenerator,FullWidth,Manual,System.Collections.Generic.List`1[PlayersWorlds.Maps.Area])" methodname="IsFillComplete" classname="PlayersWorlds.Maps.Maze.MazeGeneratorTest" runstate="Runnable" seed="1764557596" result="Passed" start-time="2024-06-28T22:01:20.0411020Z" end-time="2024-06-28T22:01:20.0471870Z" duration="0.006085" asserts="5" />
                <test-case id="1-1889" name="IsFillComplete(PlayersWorlds.Maps.Maze.WilsonsMazeGenerator,FullWidth,Manual,System.Collections.Generic.List`1[PlayersWorlds.Maps.Area])" fullname="PlayersWorlds.Maps.Maze.MazeGeneratorTest.IsFillComplete(PlayersWorlds.Maps.Maze.WilsonsMazeGenerator,FullWidth,Manual,System.Collections.Generic.List`1[PlayersWorlds.Maps.Area])" methodname="IsFillComplete" classname="PlayersWorlds.Maps.Maze.MazeGeneratorTest" runstate="Runnable" seed="1725966079" result="Passed" start-time="2024-06-28T22:01:20.0471980Z" end-time="2024-06-28T22:01:20.0531730Z" duration="0.005976" asserts="5" />
                <test-case id="1-1890" name="IsFillComplete(PlayersWorlds.Maps.Maze.WilsonsMazeGenerator,FullWidth,Manual,System.Collections.Generic.List`1[PlayersWorlds.Maps.Area])" fullname="PlayersWorlds.Maps.Maze.MazeGeneratorTest.IsFillComplete(PlayersWorlds.Maps.Maze.WilsonsMazeGenerator,FullWidth,Manual,System.Collections.Generic.List`1[PlayersWorlds.Maps.Area])" methodname="IsFillComplete" classname="PlayersWorlds.Maps.Maze.MazeGeneratorTest" runstate="Runnable" seed="1389645212" result="Passed" start-time="2024-06-28T22:01:20.0531830Z" end-time="2024-06-28T22:01:20.0592910Z" duration="0.006108" asserts="5" />
                <test-case id="1-1891" name="IsFillComplete(PlayersWorlds.Maps.Maze.WilsonsMazeGenerator,FullWidth,Manual,System.Collections.Generic.List`1[PlayersWorlds.Maps.Area])" fullname="PlayersWorlds.Maps.Maze.MazeGeneratorTest.IsFillComplete(PlayersWorlds.Maps.Maze.WilsonsMazeGenerator,FullWidth,Manual,System.Collections.Generic.List`1[PlayersWorlds.Maps.Area])" methodname="IsFillComplete" classname="PlayersWorlds.Maps.Maze.MazeGeneratorTest" runstate="Runnable" seed="1402433260" result="Passed" start-time="2024-06-28T22:01:20.0593010Z" end-time="2024-06-28T22:01:20.0650790Z" duration="0.005778" asserts="5" />
                <test-case id="1-1892" name="IsFillComplete(PlayersWorlds.Maps.Maze.WilsonsMazeGenerator,FullWidth,Manual,System.Collections.Generic.List`1[PlayersWorlds.Maps.Area])" fullname="PlayersWorlds.Maps.Maze.MazeGeneratorTest.IsFillComplete(PlayersWorlds.Maps.Maze.WilsonsMazeGenerator,FullWidth,Manual,System.Collections.Generic.List`1[PlayersWorlds.Maps.Area])" methodname="IsFillComplete" classname="PlayersWorlds.Maps.Maze.MazeGeneratorTest" runstate="Runnable" seed="1266434914" result="Passed" start-time="2024-06-28T22:01:20.0650930Z" end-time="2024-06-28T22:01:20.0707690Z" duration="0.005677" asserts="5" />
                <test-case id="1-1893" name="IsFillComplete(PlayersWorlds.Maps.Maze.WilsonsMazeGenerator,FullHeight,Auto,null)" fullname="PlayersWorlds.Maps.Maze.MazeGeneratorTest.IsFillComplete(PlayersWorlds.Maps.Maze.WilsonsMazeGenerator,FullHeight,Auto,null)" methodname="IsFillComplete" classname="PlayersWorlds.Maps.Maze.MazeGeneratorTest" runstate="Runnable" seed="208833440" result="Passed" start-time="2024-06-28T22:01:20.0707800Z" end-time="2024-06-28T22:01:20.0895150Z" duration="0.018735" asserts="5" />
                <test-case id="1-1894" name="IsFillComplete(PlayersWorlds.Maps.Maze.WilsonsMazeGenerator,FullHeight,Auto,System.Collections.Generic.List`1[PlayersWorlds.Maps.Area])" fullname="PlayersWorlds.Maps.Maze.MazeGeneratorTest.IsFillComplete(PlayersWorlds.Maps.Maze.WilsonsMazeGenerator,FullHeight,Auto,System.Collections.Generic.List`1[PlayersWorlds.Maps.Area])" methodname="IsFillComplete" classname="PlayersWorlds.Maps.Maze.MazeGeneratorTest" runstate="Runnable" seed="2119617957" result="Passed" start-time="2024-06-28T22:01:20.0895350Z" end-time="2024-06-28T22:01:20.1010580Z" duration="0.011523" asserts="5" />
                <test-case id="1-1895" name="IsFillComplete(PlayersWorlds.Maps.Maze.WilsonsMazeGenerator,FullHeight,Auto,System.Collections.Generic.List`1[PlayersWorlds.Maps.Area])" fullname="PlayersWorlds.Maps.Maze.MazeGeneratorTest.IsFillComplete(PlayersWorlds.Maps.Maze.WilsonsMazeGenerator,FullHeight,Auto,System.Collections.Generic.List`1[PlayersWorlds.Maps.Area])" methodname="IsFillComplete" classname="PlayersWorlds.Maps.Maze.MazeGeneratorTest" runstate="Runnable" seed="54626739" result="Passed" start-time="2024-06-28T22:01:20.1010680Z" end-time="2024-06-28T22:01:20.1300560Z" duration="0.028988" asserts="5" />
                <test-case id="1-1896" name="IsFillComplete(PlayersWorlds.Maps.Maze.WilsonsMazeGenerator,FullHeight,Auto,System.Collections.Generic.List`1[PlayersWorlds.Maps.Area])" fullname="PlayersWorlds.Maps.Maze.MazeGeneratorTest.IsFillComplete(PlayersWorlds.Maps.Maze.WilsonsMazeGenerator,FullHeight,Auto,System.Collections.Generic.List`1[PlayersWorlds.Maps.Area])" methodname="IsFillComplete" classname="PlayersWorlds.Maps.Maze.MazeGeneratorTest" runstate="Runnable" seed="806223877" result="Passed" start-time="2024-06-28T22:01:20.1300670Z" end-time="2024-06-28T22:01:20.1584480Z" duration="0.028381" asserts="5" />
                <test-case id="1-1897" name="IsFillComplete(PlayersWorlds.Maps.Maze.WilsonsMazeGenerator,FullHeight,Auto,System.Collections.Generic.List`1[PlayersWorlds.Maps.Area])" fullname="PlayersWorlds.Maps.Maze.MazeGeneratorTest.IsFillComplete(PlayersWorlds.Maps.Maze.WilsonsMazeGenerator,FullHeight,Auto,System.Collections.Generic.List`1[PlayersWorlds.Maps.Area])" methodname="IsFillComplete" classname="PlayersWorlds.Maps.Maze.MazeGeneratorTest" runstate="Runnable" seed="56081662" result="Passed" start-time="2024-06-28T22:01:20.1584590Z" end-time="2024-06-28T22:01:20.1941900Z" duration="0.035731" asserts="5" />
                <test-case id="1-1898" name="IsFillComplete(PlayersWorlds.Maps.Maze.WilsonsMazeGenerator,FullHeight,Auto,System.Collections.Generic.List`1[PlayersWorlds.Maps.Area])" fullname="PlayersWorlds.Maps.Maze.MazeGeneratorTest.IsFillComplete(PlayersWorlds.Maps.Maze.WilsonsMazeGenerator,FullHeight,Auto,System.Collections.Generic.List`1[PlayersWorlds.Maps.Area])" methodname="IsFillComplete" classname="PlayersWorlds.Maps.Maze.MazeGeneratorTest" runstate="Runnable" seed="1005750700" result="Passed" start-time="2024-06-28T22:01:20.1942030Z" end-time="2024-06-28T22:01:20.2164670Z" duration="0.022264" asserts="5" />
                <test-case id="1-1899" name="IsFillComplete(PlayersWorlds.Maps.Maze.WilsonsMazeGenerator,FullHeight,Manual,null)" fullname="PlayersWorlds.Maps.Maze.MazeGeneratorTest.IsFillComplete(PlayersWorlds.Maps.Maze.WilsonsMazeGenerator,FullHeight,Manual,null)" methodname="IsFillComplete" classname="PlayersWorlds.Maps.Maze.MazeGeneratorTest" runstate="Runnable" seed="464074963" result="Passed" start-time="2024-06-28T22:01:20.2164780Z" end-time="2024-06-28T22:01:20.2240560Z" duration="0.007578" asserts="5" />
                <test-case id="1-1900" name="IsFillComplete(PlayersWorlds.Maps.Maze.WilsonsMazeGenerator,FullHeight,Manual,System.Collections.Generic.List`1[PlayersWorlds.Maps.Area])" fullname="PlayersWorlds.Maps.Maze.MazeGeneratorTest.IsFillComplete(PlayersWorlds.Maps.Maze.WilsonsMazeGenerator,FullHeight,Manual,System.Collections.Generic.List`1[PlayersWorlds.Maps.Area])" methodname="IsFillComplete" classname="PlayersWorlds.Maps.Maze.MazeGeneratorTest" runstate="Runnable" seed="913611055" result="Passed" start-time="2024-06-28T22:01:20.2240670Z" end-time="2024-06-28T22:01:20.2307470Z" duration="0.006679" asserts="5" />
                <test-case id="1-1901" name="IsFillComplete(PlayersWorlds.Maps.Maze.WilsonsMazeGenerator,FullHeight,Manual,System.Collections.Generic.List`1[PlayersWorlds.Maps.Area])" fullname="PlayersWorlds.Maps.Maze.MazeGeneratorTest.IsFillComplete(PlayersWorlds.Maps.Maze.WilsonsMazeGenerator,FullHeight,Manual,System.Collections.Generic.List`1[PlayersWorlds.Maps.Area])" methodname="IsFillComplete" classname="PlayersWorlds.Maps.Maze.MazeGeneratorTest" runstate="Runnable" seed="1765135421" result="Passed" start-time="2024-06-28T22:01:20.2307570Z" end-time="2024-06-28T22:01:20.2368520Z" duration="0.006095" asserts="5" />
                <test-case id="1-1902" name="IsFillComplete(PlayersWorlds.Maps.Maze.WilsonsMazeGenerator,FullHeight,Manual,System.Collections.Generic.List`1[PlayersWorlds.Maps.Area])" fullname="PlayersWorlds.Maps.Maze.MazeGeneratorTest.IsFillComplete(PlayersWorlds.Maps.Maze.WilsonsMazeGenerator,FullHeight,Manual,System.Collections.Generic.List`1[PlayersWorlds.Maps.Area])" methodname="IsFillComplete" classname="PlayersWorlds.Maps.Maze.MazeGeneratorTest" runstate="Runnable" seed="1124869176" result="Passed" start-time="2024-06-28T22:01:20.2368630Z" end-time="2024-06-28T22:01:20.2429140Z" duration="0.006051" asserts="5" />
                <test-case id="1-1903" name="IsFillComplete(PlayersWorlds.Maps.Maze.WilsonsMazeGenerator,FullHeight,Manual,System.Collections.Generic.List`1[PlayersWorlds.Maps.Area])" fullname="PlayersWorlds.Maps.Maze.MazeGeneratorTest.IsFillComplete(PlayersWorlds.Maps.Maze.WilsonsMazeGenerator,FullHeight,Manual,System.Collections.Generic.List`1[PlayersWorlds.Maps.Area])" methodname="IsFillComplete" classname="PlayersWorlds.Maps.Maze.MazeGeneratorTest" runstate="Runnable" seed="64168264" result="Passed" start-time="2024-06-28T22:01:20.2429290Z" end-time="2024-06-28T22:01:20.2491090Z" duration="0.006180" asserts="5" />
                <test-case id="1-1904" name="IsFillComplete(PlayersWorlds.Maps.Maze.WilsonsMazeGenerator,FullHeight,Manual,System.Collections.Generic.List`1[PlayersWorlds.Maps.Area])" fullname="PlayersWorlds.Maps.Maze.MazeGeneratorTest.IsFillComplete(PlayersWorlds.Maps.Maze.WilsonsMazeGenerator,FullHeight,Manual,System.Collections.Generic.List`1[PlayersWorlds.Maps.Area])" methodname="IsFillComplete" classname="PlayersWorlds.Maps.Maze.MazeGeneratorTest" runstate="Runnable" seed="1257550182" result="Passed" start-time="2024-06-28T22:01:20.2491200Z" end-time="2024-06-28T22:01:20.2549710Z" duration="0.005852" asserts="5" />
                <test-case id="1-1905" name="IsFillComplete(PlayersWorlds.Maps.Maze.WilsonsMazeGenerator,Full,Auto,null)" fullname="PlayersWorlds.Maps.Maze.MazeGeneratorTest.IsFillComplete(PlayersWorlds.Maps.Maze.WilsonsMazeGenerator,Full,Auto,null)" methodname="IsFillComplete" classname="PlayersWorlds.Maps.Maze.MazeGeneratorTest" runstate="Runnable" seed="952873737" result="Passed" start-time="2024-06-28T22:01:20.2549820Z" end-time="2024-06-28T22:01:20.2731580Z" duration="0.018177" asserts="5" />
                <test-case id="1-1906" name="IsFillComplete(PlayersWorlds.Maps.Maze.WilsonsMazeGenerator,Full,Auto,System.Collections.Generic.List`1[PlayersWorlds.Maps.Area])" fullname="PlayersWorlds.Maps.Maze.MazeGeneratorTest.IsFillComplete(PlayersWorlds.Maps.Maze.WilsonsMazeGenerator,Full,Auto,System.Collections.Generic.List`1[PlayersWorlds.Maps.Area])" methodname="IsFillComplete" classname="PlayersWorlds.Maps.Maze.MazeGeneratorTest" runstate="Runnable" seed="631858622" result="Passed" start-time="2024-06-28T22:01:20.2731750Z" end-time="2024-06-28T22:01:20.2878840Z" duration="0.014709" asserts="5" />
                <test-case id="1-1907" name="IsFillComplete(PlayersWorlds.Maps.Maze.WilsonsMazeGenerator,Full,Auto,System.Collections.Generic.List`1[PlayersWorlds.Maps.Area])" fullname="PlayersWorlds.Maps.Maze.MazeGeneratorTest.IsFillComplete(PlayersWorlds.Maps.Maze.WilsonsMazeGenerator,Full,Auto,System.Collections.Generic.List`1[PlayersWorlds.Maps.Area])" methodname="IsFillComplete" classname="PlayersWorlds.Maps.Maze.MazeGeneratorTest" runstate="Runnable" seed="222717189" result="Passed" start-time="2024-06-28T22:01:20.2878980Z" end-time="2024-06-28T22:01:20.3251890Z" duration="0.037291" asserts="5" />
                <test-case id="1-1908" name="IsFillComplete(PlayersWorlds.Maps.Maze.WilsonsMazeGenerator,Full,Auto,System.Collections.Generic.List`1[PlayersWorlds.Maps.Area])" fullname="PlayersWorlds.Maps.Maze.MazeGeneratorTest.IsFillComplete(PlayersWorlds.Maps.Maze.WilsonsMazeGenerator,Full,Auto,System.Collections.Generic.List`1[PlayersWorlds.Maps.Area])" methodname="IsFillComplete" classname="PlayersWorlds.Maps.Maze.MazeGeneratorTest" runstate="Runnable" seed="1855370724" result="Passed" start-time="2024-06-28T22:01:20.3252030Z" end-time="2024-06-28T22:01:20.3550240Z" duration="0.029821" asserts="5" />
                <test-case id="1-1909" name="IsFillComplete(PlayersWorlds.Maps.Maze.WilsonsMazeGenerator,Full,Auto,System.Collections.Generic.List`1[PlayersWorlds.Maps.Area])" fullname="PlayersWorlds.Maps.Maze.MazeGeneratorTest.IsFillComplete(PlayersWorlds.Maps.Maze.WilsonsMazeGenerator,Full,Auto,System.Collections.Generic.List`1[PlayersWorlds.Maps.Area])" methodname="IsFillComplete" classname="PlayersWorlds.Maps.Maze.MazeGeneratorTest" runstate="Runnable" seed="1168741844" result="Passed" start-time="2024-06-28T22:01:20.3550360Z" end-time="2024-06-28T22:01:20.3802830Z" duration="0.025247" asserts="5" />
                <test-case id="1-1910" name="IsFillComplete(PlayersWorlds.Maps.Maze.WilsonsMazeGenerator,Full,Auto,System.Collections.Generic.List`1[PlayersWorlds.Maps.Area])" fullname="PlayersWorlds.Maps.Maze.MazeGeneratorTest.IsFillComplete(PlayersWorlds.Maps.Maze.WilsonsMazeGenerator,Full,Auto,System.Collections.Generic.List`1[PlayersWorlds.Maps.Area])" methodname="IsFillComplete" classname="PlayersWorlds.Maps.Maze.MazeGeneratorTest" runstate="Runnable" seed="460461806" result="Passed" start-time="2024-06-28T22:01:20.3802950Z" end-time="2024-06-28T22:01:20.4090690Z" duration="0.028774" asserts="5" />
                <test-case id="1-1911" name="IsFillComplete(PlayersWorlds.Maps.Maze.WilsonsMazeGenerator,Full,Manual,null)" fullname="PlayersWorlds.Maps.Maze.MazeGeneratorTest.IsFillComplete(PlayersWorlds.Maps.Maze.WilsonsMazeGenerator,Full,Manual,null)" methodname="IsFillComplete" classname="PlayersWorlds.Maps.Maze.MazeGeneratorTest" runstate="Runnable" seed="984014115" result="Passed" start-time="2024-06-28T22:01:20.4090820Z" end-time="2024-06-28T22:01:20.4175220Z" duration="0.008440" asserts="5" />
                <test-case id="1-1912" name="IsFillComplete(PlayersWorlds.Maps.Maze.WilsonsMazeGenerator,Full,Manual,System.Collections.Generic.List`1[PlayersWorlds.Maps.Area])" fullname="PlayersWorlds.Maps.Maze.MazeGeneratorTest.IsFillComplete(PlayersWorlds.Maps.Maze.WilsonsMazeGenerator,Full,Manual,System.Collections.Generic.List`1[PlayersWorlds.Maps.Area])" methodname="IsFillComplete" classname="PlayersWorlds.Maps.Maze.MazeGeneratorTest" runstate="Runnable" seed="1380287130" result="Passed" start-time="2024-06-28T22:01:20.4175320Z" end-time="2024-06-28T22:01:20.4250880Z" duration="0.007555" asserts="5" />
                <test-case id="1-1913" name="IsFillComplete(PlayersWorlds.Maps.Maze.WilsonsMazeGenerator,Full,Manual,System.Collections.Generic.List`1[PlayersWorlds.Maps.Area])" fullname="PlayersWorlds.Maps.Maze.MazeGeneratorTest.IsFillComplete(PlayersWorlds.Maps.Maze.WilsonsMazeGenerator,Full,Manual,System.Collections.Generic.List`1[PlayersWorlds.Maps.Area])" methodname="IsFillComplete" classname="PlayersWorlds.Maps.Maze.MazeGeneratorTest" runstate="Runnable" seed="2112154766" result="Passed" start-time="2024-06-28T22:01:20.4250980Z" end-time="2024-06-28T22:01:20.4321430Z" duration="0.007045" asserts="5" />
                <test-case id="1-1914" name="IsFillComplete(PlayersWorlds.Maps.Maze.WilsonsMazeGenerator,Full,Manual,System.Collections.Generic.List`1[PlayersWorlds.Maps.Area])" fullname="PlayersWorlds.Maps.Maze.MazeGeneratorTest.IsFillComplete(PlayersWorlds.Maps.Maze.WilsonsMazeGenerator,Full,Manual,System.Collections.Generic.List`1[PlayersWorlds.Maps.Area])" methodname="IsFillComplete" classname="PlayersWorlds.Maps.Maze.MazeGeneratorTest" runstate="Runnable" seed="1820969220" result="Passed" start-time="2024-06-28T22:01:20.4321540Z" end-time="2024-06-28T22:01:20.4400070Z" duration="0.007854" asserts="5" />
                <test-case id="1-1915" name="IsFillComplete(PlayersWorlds.Maps.Maze.WilsonsMazeGenerator,Full,Manual,System.Collections.Generic.List`1[PlayersWorlds.Maps.Area])" fullname="PlayersWorlds.Maps.Maze.MazeGeneratorTest.IsFillComplete(PlayersWorlds.Maps.Maze.WilsonsMazeGenerator,Full,Manual,System.Collections.Generic.List`1[PlayersWorlds.Maps.Area])" methodname="IsFillComplete" classname="PlayersWorlds.Maps.Maze.MazeGeneratorTest" runstate="Runnable" seed="1814930810" result="Passed" start-time="2024-06-28T22:01:20.4400190Z" end-time="2024-06-28T22:01:20.4468040Z" duration="0.006785" asserts="5" />
                <test-case id="1-1916" name="IsFillComplete(PlayersWorlds.Maps.Maze.WilsonsMazeGenerator,Full,Manual,System.Collections.Generic.List`1[PlayersWorlds.Maps.Area])" fullname="PlayersWorlds.Maps.Maze.MazeGeneratorTest.IsFillComplete(PlayersWorlds.Maps.Maze.WilsonsMazeGenerator,Full,Manual,System.Collections.Generic.List`1[PlayersWorlds.Maps.Area])" methodname="IsFillComplete" classname="PlayersWorlds.Maps.Maze.MazeGeneratorTest" runstate="Runnable" seed="600193511" result="Passed" start-time="2024-06-28T22:01:20.4468140Z" end-time="2024-06-28T22:01:20.4539010Z" duration="0.007087" asserts="5" />
              </test-suite>
              <test-case id="1-1918" name="IsFillComplete_Debug" fullname="PlayersWorlds.Maps.Maze.MazeGeneratorTest.IsFillComplete_Debug" methodname="IsFillComplete_Debug" classname="PlayersWorlds.Maps.Maze.MazeGeneratorTest" runstate="Ignored" seed="1627964744" result="Skipped" label="Ignored" start-time="2024-06-28T22:01:20.4539600Z" end-time="2024-06-28T22:01:20.4539660Z" duration="0.000007" asserts="0">
                <properties>
                  <property name="_SKIPREASON" value="Debugging only" />
                </properties>
                <reason>
                  <message><![CDATA[Debugging only]]></message>
                </reason>
              </test-case>
              <test-case id="1-1407" name="IsFillComplete_Full" fullname="PlayersWorlds.Maps.Maze.MazeGeneratorTest.IsFillComplete_Full" methodname="IsFillComplete_Full" classname="PlayersWorlds.Maps.Maze.MazeGeneratorTest" runstate="Runnable" seed="208098329" result="Passed" start-time="2024-06-28T22:01:20.4539700Z" end-time="2024-06-28T22:01:20.4630490Z" duration="0.009079" asserts="3" />
              <test-case id="1-1412" name="IsFillComplete_FullHeight" fullname="PlayersWorlds.Maps.Maze.MazeGeneratorTest.IsFillComplete_FullHeight" methodname="IsFillComplete_FullHeight" classname="PlayersWorlds.Maps.Maze.MazeGeneratorTest" runstate="Runnable" seed="220308476" result="Passed" start-time="2024-06-28T22:01:20.4630600Z" end-time="2024-06-28T22:01:20.4700720Z" duration="0.007011" asserts="3" />
              <test-case id="1-1411" name="IsFillComplete_FullWidth" fullname="PlayersWorlds.Maps.Maze.MazeGeneratorTest.IsFillComplete_FullWidth" methodname="IsFillComplete_FullWidth" classname="PlayersWorlds.Maps.Maze.MazeGeneratorTest" runstate="Runnable" seed="1901467654" result="Passed" start-time="2024-06-28T22:01:20.4700830Z" end-time="2024-06-28T22:01:20.4768890Z" duration="0.006807" asserts="3" />
              <test-case id="1-1406" name="IsFillComplete_Half" fullname="PlayersWorlds.Maps.Maze.MazeGeneratorTest.IsFillComplete_Half" methodname="IsFillComplete_Half" classname="PlayersWorlds.Maps.Maze.MazeGeneratorTest" runstate="Runnable" seed="1041941260" result="Passed" start-time="2024-06-28T22:01:20.4769010Z" end-time="2024-06-28T22:01:20.4838550Z" duration="0.006954" asserts="3" />
              <test-case id="1-1410" name="IsFillComplete_NinetyPercent" fullname="PlayersWorlds.Maps.Maze.MazeGeneratorTest.IsFillComplete_NinetyPercent" methodname="IsFillComplete_NinetyPercent" classname="PlayersWorlds.Maps.Maze.MazeGeneratorTest" runstate="Runnable" seed="459325342" result="Passed" start-time="2024-06-28T22:01:20.4838670Z" end-time="2024-06-28T22:01:20.4920940Z" duration="0.008227" asserts="3" />
              <test-case id="1-1408" name="IsFillComplete_Quarter" fullname="PlayersWorlds.Maps.Maze.MazeGeneratorTest.IsFillComplete_Quarter" methodname="IsFillComplete_Quarter" classname="PlayersWorlds.Maps.Maze.MazeGeneratorTest" runstate="Runnable" seed="1389979758" result="Passed" start-time="2024-06-28T22:01:20.4921050Z" end-time="2024-06-28T22:01:20.4984960Z" duration="0.006390" asserts="3" />
              <test-case id="1-1409" name="IsFillComplete_ThreeQuarters" fullname="PlayersWorlds.Maps.Maze.MazeGeneratorTest.IsFillComplete_ThreeQuarters" methodname="IsFillComplete_ThreeQuarters" classname="PlayersWorlds.Maps.Maze.MazeGeneratorTest" runstate="Runnable" seed="100540876" result="Passed" start-time="2024-06-28T22:01:20.4985070Z" end-time="2024-06-28T22:01:20.5054700Z" duration="0.006963" asserts="3" />
              <test-case id="1-1405" name="OnlyFullGenerators" fullname="PlayersWorlds.Maps.Maze.MazeGeneratorTest.OnlyFullGenerators" methodname="OnlyFullGenerators" classname="PlayersWorlds.Maps.Maze.MazeGeneratorTest" runstate="Runnable" seed="904920985" result="Passed" start-time="2024-06-28T22:01:20.5054810Z" end-time="2024-06-28T22:01:20.5145020Z" duration="0.009021" asserts="2" />
              <test-case id="1-1919" name="WrongGeneratorOptions" fullname="PlayersWorlds.Maps.Maze.MazeGeneratorTest.WrongGeneratorOptions" methodname="WrongGeneratorOptions" classname="PlayersWorlds.Maps.Maze.MazeGeneratorTest" runstate="Runnable" seed="1491512986" result="Passed" start-time="2024-06-28T22:01:20.5145130Z" end-time="2024-06-28T22:01:20.5167950Z" duration="0.002282" asserts="4" />
            </test-suite>
            <test-suite type="TestSuite" id="1-2073" name="PostProcessing" fullname="PlayersWorlds.Maps.Maze.PostProcessing" runstate="Runnable" testcasecount="5" result="Passed" start-time="2024-06-28T21:57:10.9779620Z" end-time="2024-06-28T22:01:20.5279290Z" duration="249.549967" total="5" passed="5" failed="0" warnings="0" inconclusive="0" skipped="0" asserts="19">
              <test-suite type="TestFixture" id="1-1932" name="DeadEndTest" fullname="PlayersWorlds.Maps.Maze.PostProcessing.DeadEndTest" classname="PlayersWorlds.Maps.Maze.PostProcessing.DeadEndTest" runstate="Runnable" testcasecount="1" result="Passed" start-time="2024-06-28T22:01:20.5168330Z" end-time="2024-06-28T22:01:20.5175380Z" duration="0.000705" total="1" passed="1" failed="0" warnings="0" inconclusive="0" skipped="0" asserts="7">
                <test-case id="1-1933" name="DeadEnd_CanFindDeadEnds" fullname="PlayersWorlds.Maps.Maze.PostProcessing.DeadEndTest.DeadEnd_CanFindDeadEnds" methodname="DeadEnd_CanFindDeadEnds" classname="PlayersWorlds.Maps.Maze.PostProcessing.DeadEndTest" runstate="Runnable" seed="929507024" result="Passed" start-time="2024-06-28T22:01:20.5169050Z" end-time="2024-06-28T22:01:20.5175270Z" duration="0.000622" asserts="7" />
              </test-suite>
              <test-suite type="TestFixture" id="1-1934" name="DijkstraDistanceTest" fullname="PlayersWorlds.Maps.Maze.PostProcessing.DijkstraDistanceTest" classname="PlayersWorlds.Maps.Maze.PostProcessing.DijkstraDistanceTest" runstate="Runnable" testcasecount="4" result="Passed" start-time="2024-06-28T22:01:20.5175510Z" end-time="2024-06-28T22:01:20.5279230Z" duration="0.010372" total="4" passed="4" failed="0" warnings="0" inconclusive="0" skipped="0" asserts="12">
                <test-case id="1-1938" name="DijkstraDistance_CanFindLongestTrail" fullname="PlayersWorlds.Maps.Maze.PostProcessing.DijkstraDistanceTest.DijkstraDistance_CanFindLongestTrail" methodname="DijkstraDistance_CanFindLongestTrail" classname="PlayersWorlds.Maps.Maze.PostProcessing.DijkstraDistanceTest" runstate="Runnable" seed="1678170930" result="Passed" start-time="2024-06-28T22:01:20.5176050Z" end-time="2024-06-28T22:01:20.5180760Z" duration="0.000471" asserts="4" />
                <test-case id="1-1936" name="DijkstraDistance_CanSolveAMaze" fullname="PlayersWorlds.Maps.Maze.PostProcessing.DijkstraDistanceTest.DijkstraDistance_CanSolveAMaze" methodname="DijkstraDistance_CanSolveAMaze" classname="PlayersWorlds.Maps.Maze.PostProcessing.DijkstraDistanceTest" runstate="Runnable" seed="2144209948" result="Passed" start-time="2024-06-28T22:01:20.5180840Z" end-time="2024-06-28T22:01:20.5184670Z" duration="0.000383" asserts="4" />
                <test-case id="1-1935" name="DijkstraDistance_FindsAllDistances" fullname="PlayersWorlds.Maps.Maze.PostProcessing.DijkstraDistanceTest.DijkstraDistance_FindsAllDistances" methodname="DijkstraDistance_FindsAllDistances" classname="PlayersWorlds.Maps.Maze.PostProcessing.DijkstraDistanceTest" runstate="Runnable" seed="1111149963" result="Passed" start-time="2024-06-28T22:01:20.5184750Z" end-time="2024-06-28T22:01:20.5276190Z" duration="0.009144" asserts="3" />
                <test-case id="1-1937" name="DijkstraDistance_ReturnsEmptyIfNoSolutionFound" fullname="PlayersWorlds.Maps.Maze.PostProcessing.DijkstraDistanceTest.DijkstraDistance_ReturnsEmptyIfNoSolutionFound" methodname="DijkstraDistance_ReturnsEmptyIfNoSolutionFound" classname="PlayersWorlds.Maps.Maze.PostProcessing.DijkstraDistanceTest" runstate="Runnable" seed="1791594876" result="Passed" start-time="2024-06-28T22:01:20.5276300Z" end-time="2024-06-28T22:01:20.5279110Z" duration="0.000281" asserts="1" />
              </test-suite>
            </test-suite>
            <test-suite type="TestFixture" id="1-1927" name="SidewinderMazeGeneratorTest" fullname="PlayersWorlds.Maps.Maze.SidewinderMazeGeneratorTest" classname="PlayersWorlds.Maps.Maze.SidewinderMazeGeneratorTest" runstate="Runnable" testcasecount="2" result="Passed" start-time="2024-06-28T22:01:20.5279410Z" end-time="2024-06-28T22:01:20.6890680Z" duration="0.161127" total="2" passed="2" failed="0" warnings="0" inconclusive="0" skipped="0" asserts="22">
              <test-case id="1-1928" name="ArchShapedAreas" fullname="PlayersWorlds.Maps.Maze.SidewinderMazeGeneratorTest.ArchShapedAreas" methodname="ArchShapedAreas" classname="PlayersWorlds.Maps.Maze.SidewinderMazeGeneratorTest" runstate="Runnable" seed="1252977444" result="Passed" start-time="2024-06-28T22:01:20.5279980Z" end-time="2024-06-28T22:01:20.5424700Z" duration="0.014472" asserts="2" />
              <test-case id="1-1929" name="ArchShapedAreasLeftExit" fullname="PlayersWorlds.Maps.Maze.SidewinderMazeGeneratorTest.ArchShapedAreasLeftExit" methodname="ArchShapedAreasLeftExit" classname="PlayersWorlds.Maps.Maze.SidewinderMazeGeneratorTest" runstate="Runnable" seed="109192057" result="Passed" start-time="2024-06-28T22:01:20.5424820Z" end-time="2024-06-28T22:01:20.6890440Z" duration="0.146563" asserts="20">
                <properties>
                  <property name="Repeat" value="10" />
                  <property name="Category" value="Integration" />
                </properties>
              </test-case>
            </test-suite>
            <test-suite type="TestFixture" id="1-1930" name="WilsonsMazeGeneratorTest" fullname="PlayersWorlds.Maps.Maze.WilsonsMazeGeneratorTest" classname="PlayersWorlds.Maps.Maze.WilsonsMazeGeneratorTest" runstate="Runnable" testcasecount="1" result="Passed" start-time="2024-06-28T22:01:20.6890910Z" end-time="2024-06-28T22:01:20.7069830Z" duration="0.017892" total="1" passed="1" failed="0" warnings="0" inconclusive="0" skipped="0" asserts="1">
              <test-case id="1-1931" name="DuplicateRandom" fullname="PlayersWorlds.Maps.Maze.WilsonsMazeGeneratorTest.DuplicateRandom" methodname="DuplicateRandom" classname="PlayersWorlds.Maps.Maze.WilsonsMazeGeneratorTest" runstate="Runnable" seed="1165513321" result="Passed" start-time="2024-06-28T22:01:20.6892160Z" end-time="2024-06-28T22:01:20.7069640Z" duration="0.017748" asserts="1">
                <properties>
                  <property name="Timeout" value="1000" />
                </properties>
              </test-case>
            </test-suite>
          </test-suite>
          <test-suite type="TestFixture" id="1-1053" name="Maze2DRendererTest" fullname="PlayersWorlds.Maps.Maze2DRendererTest" classname="PlayersWorlds.Maps.Maze2DRendererTest" runstate="Runnable" testcasecount="8" result="Passed" start-time="2024-06-28T22:01:20.7070120Z" end-time="2024-06-28T22:01:20.7569810Z" duration="0.049969" total="8" passed="8" failed="0" warnings="0" inconclusive="0" skipped="0" asserts="57">
            <test-case id="1-1056" name="CanRenderAMapWithFilledAreas" fullname="PlayersWorlds.Maps.Maze2DRendererTest.CanRenderAMapWithFilledAreas" methodname="CanRenderAMapWithFilledAreas" classname="PlayersWorlds.Maps.Maze2DRendererTest" runstate="Runnable" seed="716210125" result="Passed" start-time="2024-06-28T22:01:20.7070810Z" end-time="2024-06-28T22:01:20.7171130Z" duration="0.010033" asserts="1" />
            <test-case id="1-1057" name="CanRenderAMapWithHallAreas" fullname="PlayersWorlds.Maps.Maze2DRendererTest.CanRenderAMapWithHallAreas" methodname="CanRenderAMapWithHallAreas" classname="PlayersWorlds.Maps.Maze2DRendererTest" runstate="Runnable" seed="196410494" result="Passed" start-time="2024-06-28T22:01:20.7171240Z" end-time="2024-06-28T22:01:20.7261830Z" duration="0.009059" asserts="1" />
            <test-case id="1-1054" name="CanRenderAMapWithSmoothCorners" fullname="PlayersWorlds.Maps.Maze2DRendererTest.CanRenderAMapWithSmoothCorners" methodname="CanRenderAMapWithSmoothCorners" classname="PlayersWorlds.Maps.Maze2DRendererTest" runstate="Runnable" seed="1361906470" result="Passed" start-time="2024-06-28T22:01:20.7261960Z" end-time="2024-06-28T22:01:20.7348980Z" duration="0.008702" asserts="1" />
            <test-case id="1-1055" name="CanRenderAMapWithVoids" fullname="PlayersWorlds.Maps.Maze2DRendererTest.CanRenderAMapWithVoids" methodname="CanRenderAMapWithVoids" classname="PlayersWorlds.Maps.Maze2DRendererTest" runstate="Runnable" seed="1450512126" result="Passed" start-time="2024-06-28T22:01:20.7349090Z" end-time="2024-06-28T22:01:20.7482170Z" duration="0.013309" asserts="1" />
            <test-case id="1-1061" name="CellsMapping_ValidMapping" fullname="PlayersWorlds.Maps.Maze2DRendererTest.CellsMapping_ValidMapping" methodname="CellsMapping_ValidMapping" classname="PlayersWorlds.Maps.Maze2DRendererTest" runstate="Runnable" seed="499055665" result="Passed" start-time="2024-06-28T22:01:20.7482290Z" end-time="2024-06-28T22:01:20.7545420Z" duration="0.006313" asserts="45" />
            <test-case id="1-1058" name="Maze2DStringBoxRenderer_CanConvertToAscii" fullname="PlayersWorlds.Maps.Maze2DRendererTest.Maze2DStringBoxRenderer_CanConvertToAscii" methodname="Maze2DStringBoxRenderer_CanConvertToAscii" classname="PlayersWorlds.Maps.Maze2DRendererTest" runstate="Runnable" seed="14914394" result="Passed" start-time="2024-06-28T22:01:20.7545530Z" end-time="2024-06-28T22:01:20.7553120Z" duration="0.000759" asserts="1" />
            <test-case id="1-1059" name="Maze2DStringBoxRenderer_CanConvertToAsciiWithData" fullname="PlayersWorlds.Maps.Maze2DRendererTest.Maze2DStringBoxRenderer_CanConvertToAsciiWithData" methodname="Maze2DStringBoxRenderer_CanConvertToAsciiWithData" classname="PlayersWorlds.Maps.Maze2DRendererTest" runstate="Runnable" seed="1843526037" result="Passed" start-time="2024-06-28T22:01:20.7553230Z" end-time="2024-06-28T22:01:20.7562190Z" duration="0.000896" asserts="1" />
            <test-case id="1-1060" name="Maze2DToMap2DConverter_ThrowsIfInvalidOptions" fullname="PlayersWorlds.Maps.Maze2DRendererTest.Maze2DToMap2DConverter_ThrowsIfInvalidOptions" methodname="Maze2DToMap2DConverter_ThrowsIfInvalidOptions" classname="PlayersWorlds.Maps.Maze2DRendererTest" runstate="Runnable" seed="1569569943" result="Passed" start-time="2024-06-28T22:01:20.7562300Z" end-time="2024-06-28T22:01:20.7568930Z" duration="0.000663" asserts="6" />
          </test-suite>
          <test-suite type="TestFixture" id="1-1024" name="NArrayTest" fullname="PlayersWorlds.Maps.NArrayTest" classname="PlayersWorlds.Maps.NArrayTest" runstate="Runnable" testcasecount="20" result="Passed" start-time="2024-06-28T22:01:20.7570020Z" end-time="2024-06-28T22:01:20.7648530Z" duration="0.007851" total="20" passed="20" failed="0" warnings="0" inconclusive="0" skipped="0" asserts="74">
            <test-case id="1-1040" name="CellsAt_AnyCellAt2x2" fullname="PlayersWorlds.Maps.NArrayTest.CellsAt_AnyCellAt2x2" methodname="CellsAt_AnyCellAt2x2" classname="PlayersWorlds.Maps.NArrayTest" runstate="Runnable" seed="168330380" result="Passed" start-time="2024-06-28T22:01:20.7570740Z" end-time="2024-06-28T22:01:20.7573110Z" duration="0.000237" asserts="5" />
            <test-case id="1-1043" name="CellsAt_AnyCellAtCloseEdge2x2" fullname="PlayersWorlds.Maps.NArrayTest.CellsAt_AnyCellAtCloseEdge2x2" methodname="CellsAt_AnyCellAtCloseEdge2x2" classname="PlayersWorlds.Maps.NArrayTest" runstate="Runnable" seed="711025674" result="Passed" start-time="2024-06-28T22:01:20.7573180Z" end-time="2024-06-28T22:01:20.7575300Z" duration="0.000212" asserts="5" />
            <test-case id="1-1032" name="NArray_AdjacentRegion_ReturnsCorrectNeighbors" fullname="PlayersWorlds.Maps.NArrayTest.NArray_AdjacentRegion_ReturnsCorrectNeighbors" methodname="NArray_AdjacentRegion_ReturnsCorrectNeighbors" classname="PlayersWorlds.Maps.NArrayTest" runstate="Runnable" seed="1869713791" result="Passed" start-time="2024-06-28T22:01:20.7575370Z" end-time="2024-06-28T22:01:20.7591160Z" duration="0.001579" asserts="6" />
            <test-case id="1-1033" name="NArray_AdjacentRegion_ReturnsCorrectNeighborsIn4DSpace" fullname="PlayersWorlds.Maps.NArrayTest.NArray_AdjacentRegion_ReturnsCorrectNeighborsIn4DSpace" methodname="NArray_AdjacentRegion_ReturnsCorrectNeighborsIn4DSpace" classname="PlayersWorlds.Maps.NArrayTest" runstate="Runnable" seed="500590583" result="Passed" start-time="2024-06-28T22:01:20.7591260Z" end-time="2024-06-28T22:01:20.7598540Z" duration="0.000728" asserts="5" />
            <test-case id="1-1025" name="NArray_Constructor_CreatesCorrectSize" fullname="PlayersWorlds.Maps.NArrayTest.NArray_Constructor_CreatesCorrectSize" methodname="NArray_Constructor_CreatesCorrectSize" classname="PlayersWorlds.Maps.NArrayTest" runstate="Runnable" seed="1027301103" result="Passed" start-time="2024-06-28T22:01:20.7598620Z" end-time="2024-06-28T22:01:20.7600030Z" duration="0.000141" asserts="2" />
            <test-case id="1-1026" name="NArray_Constructor_ThrowsOnInvalidSize" fullname="PlayersWorlds.Maps.NArrayTest.NArray_Constructor_ThrowsOnInvalidSize" methodname="NArray_Constructor_ThrowsOnInvalidSize" classname="PlayersWorlds.Maps.NArrayTest" runstate="Runnable" seed="2140932333" result="Passed" start-time="2024-06-28T22:01:20.7600100Z" end-time="2024-06-28T22:01:20.7602990Z" duration="0.000289" asserts="1" />
            <test-case id="1-1037" name="NArray_Iterate_FourCellsFar" fullname="PlayersWorlds.Maps.NArrayTest.NArray_Iterate_FourCellsFar" methodname="NArray_Iterate_FourCellsFar" classname="PlayersWorlds.Maps.NArrayTest" runstate="Runnable" seed="635282554" result="Passed" start-time="2024-06-28T22:01:20.7603060Z" end-time="2024-06-28T22:01:20.7607460Z" duration="0.000440" asserts="5" />
            <test-case id="1-1034" name="NArray_Iterate_OneCell" fullname="PlayersWorlds.Maps.NArrayTest.NArray_Iterate_OneCell" methodname="NArray_Iterate_OneCell" classname="PlayersWorlds.Maps.NArrayTest" runstate="Runnable" seed="1214074798" result="Passed" start-time="2024-06-28T22:01:20.7607540Z" end-time="2024-06-28T22:01:20.7609650Z" duration="0.000211" asserts="2" />
            <test-case id="1-1038" name="NArray_Iterate_OutOfBounds" fullname="PlayersWorlds.Maps.NArrayTest.NArray_Iterate_OutOfBounds" methodname="NArray_Iterate_OutOfBounds" classname="PlayersWorlds.Maps.NArrayTest" runstate="Runnable" seed="1645193367" result="Passed" start-time="2024-06-28T22:01:20.7609720Z" end-time="2024-06-28T22:01:20.7613650Z" duration="0.000393" asserts="4" />
            <test-case id="1-1027" name="NArray_Iterate_TraversesAllCells" fullname="PlayersWorlds.Maps.NArrayTest.NArray_Iterate_TraversesAllCells" methodname="NArray_Iterate_TraversesAllCells" classname="PlayersWorlds.Maps.NArrayTest" runstate="Runnable" seed="756832221" result="Passed" start-time="2024-06-28T22:01:20.7613730Z" end-time="2024-06-28T22:01:20.7618980Z" duration="0.000525" asserts="13" />
            <test-case id="1-1036" name="NArray_Iterate_TreeByTwo" fullname="PlayersWorlds.Maps.NArrayTest.NArray_Iterate_TreeByTwo" methodname="NArray_Iterate_TreeByTwo" classname="PlayersWorlds.Maps.NArrayTest" runstate="Runnable" seed="1425280142" result="Passed" start-time="2024-06-28T22:01:20.7619060Z" end-time="2024-06-28T22:01:20.7622810Z" duration="0.000375" asserts="7" />
            <test-case id="1-1035" name="NArray_Iterate_TwoCells" fullname="PlayersWorlds.Maps.NArrayTest.NArray_Iterate_TwoCells" methodname="NArray_Iterate_TwoCells" classname="PlayersWorlds.Maps.NArrayTest" runstate="Runnable" seed="886047874" result="Passed" start-time="2024-06-28T22:01:20.7622890Z" end-time="2024-06-28T22:01:20.7625440Z" duration="0.000255" asserts="3" />
            <test-case id="1-1041" name="NArray_IterateIntersection_AnyCellAtEdge1x1" fullname="PlayersWorlds.Maps.NArrayTest.NArray_IterateIntersection_AnyCellAtEdge1x1" methodname="NArray_IterateIntersection_AnyCellAtEdge1x1" classname="PlayersWorlds.Maps.NArrayTest" runstate="Runnable" seed="1648896693" result="Passed" start-time="2024-06-28T22:01:20.7625510Z" end-time="2024-06-28T22:01:20.7626970Z" duration="0.000146" asserts="2" />
            <test-case id="1-1042" name="NArray_IterateIntersection_AnyCellAtFarEdge2x2" fullname="PlayersWorlds.Maps.NArrayTest.NArray_IterateIntersection_AnyCellAtFarEdge2x2" methodname="NArray_IterateIntersection_AnyCellAtFarEdge2x2" classname="PlayersWorlds.Maps.NArrayTest" runstate="Runnable" seed="83701959" result="Passed" start-time="2024-06-28T22:01:20.7627040Z" end-time="2024-06-28T22:01:20.7628370Z" duration="0.000133" asserts="2" />
            <test-case id="1-1039" name="NArray_IterateIntersection_AnyCellAtP1x1" fullname="PlayersWorlds.Maps.NArrayTest.NArray_IterateIntersection_AnyCellAtP1x1" methodname="NArray_IterateIntersection_AnyCellAtP1x1" classname="PlayersWorlds.Maps.NArrayTest" runstate="Runnable" seed="1464955032" result="Passed" start-time="2024-06-28T22:01:20.7628440Z" end-time="2024-06-28T22:01:20.7629920Z" duration="0.000149" asserts="2" />
            <test-case id="1-1031" name="NArray_IterateIntersection_HandlesOverlap" fullname="PlayersWorlds.Maps.NArrayTest.NArray_IterateIntersection_HandlesOverlap" methodname="NArray_IterateIntersection_HandlesOverlap" classname="PlayersWorlds.Maps.NArrayTest" runstate="Runnable" seed="1365614999" result="Passed" start-time="2024-06-28T22:01:20.7629990Z" end-time="2024-06-28T22:01:20.7633430Z" duration="0.000344" asserts="1" />
            <test-case id="1-1030" name="NArray_IterateRegion_HandlesDimensionsMismatch" fullname="PlayersWorlds.Maps.NArrayTest.NArray_IterateRegion_HandlesDimensionsMismatch" methodname="NArray_IterateRegion_HandlesDimensionsMismatch" classname="PlayersWorlds.Maps.NArrayTest" runstate="Runnable" seed="2092753071" result="Passed" start-time="2024-06-28T22:01:20.7633510Z" end-time="2024-06-28T22:01:20.7638280Z" duration="0.000478" asserts="3" />
            <test-case id="1-1029" name="NArray_IterateRegion_HandlesOutOfBounds" fullname="PlayersWorlds.Maps.NArrayTest.NArray_IterateRegion_HandlesOutOfBounds" methodname="NArray_IterateRegion_HandlesOutOfBounds" classname="PlayersWorlds.Maps.NArrayTest" runstate="Runnable" seed="1968453717" result="Passed" start-time="2024-06-28T22:01:20.7638360Z" end-time="2024-06-28T22:01:20.7643580Z" duration="0.000522" asserts="4" />
            <test-case id="1-1028" name="NArray_IterateRegion_ReturnsCorrectCells" fullname="PlayersWorlds.Maps.NArrayTest.NArray_IterateRegion_ReturnsCorrectCells" methodname="NArray_IterateRegion_ReturnsCorrectCells" classname="PlayersWorlds.Maps.NArrayTest" runstate="Runnable" seed="1713344722" result="Passed" start-time="2024-06-28T22:01:20.7643650Z" end-time="2024-06-28T22:01:20.7644890Z" duration="0.000124" asserts="1" />
            <test-case id="1-1044" name="SaveRegion_Empty" fullname="PlayersWorlds.Maps.NArrayTest.SaveRegion_Empty" methodname="SaveRegion_Empty" classname="PlayersWorlds.Maps.NArrayTest" runstate="Runnable" seed="675170847" result="Passed" start-time="2024-06-28T22:01:20.7644960Z" end-time="2024-06-28T22:01:20.7648410Z" duration="0.000345" asserts="1" />
          </test-suite>
          <test-suite type="TestFixture" id="1-1045" name="OptionalTest" fullname="PlayersWorlds.Maps.OptionalTest" classname="PlayersWorlds.Maps.OptionalTest" runstate="Runnable" testcasecount="7" result="Passed" start-time="2024-06-28T22:01:20.7648670Z" end-time="2024-06-28T22:01:20.7665630Z" duration="0.001696" total="7" passed="7" failed="0" warnings="0" inconclusive="0" skipped="0" asserts="25">
            <test-case id="1-1051" name="Optional_CanBeCastToT" fullname="PlayersWorlds.Maps.OptionalTest.Optional_CanBeCastToT" methodname="Optional_CanBeCastToT" classname="PlayersWorlds.Maps.OptionalTest" runstate="Runnable" seed="1077777208" result="Passed" start-time="2024-06-28T22:01:20.7649250Z" end-time="2024-06-28T22:01:20.7650710Z" duration="0.000146" asserts="1" />
            <test-case id="1-1046" name="Optional_Equality" fullname="PlayersWorlds.Maps.OptionalTest.Optional_Equality" methodname="Optional_Equality" classname="PlayersWorlds.Maps.OptionalTest" runstate="Runnable" seed="967942778" result="Passed" start-time="2024-06-28T22:01:20.7650780Z" end-time="2024-06-28T22:01:20.7652960Z" duration="0.000218" asserts="3" />
            <test-case id="1-1048" name="Optional_Equals" fullname="PlayersWorlds.Maps.OptionalTest.Optional_Equals" methodname="Optional_Equals" classname="PlayersWorlds.Maps.OptionalTest" runstate="Runnable" seed="546976728" result="Passed" start-time="2024-06-28T22:01:20.7653030Z" end-time="2024-06-28T22:01:20.7655940Z" duration="0.000291" asserts="5" />
            <test-case id="1-1050" name="Optional_GetHashCode" fullname="PlayersWorlds.Maps.OptionalTest.Optional_GetHashCode" methodname="Optional_GetHashCode" classname="PlayersWorlds.Maps.OptionalTest" runstate="Runnable" seed="1673295494" result="Passed" start-time="2024-06-28T22:01:20.7656010Z" end-time="2024-06-28T22:01:20.7658210Z" duration="0.000221" asserts="3" />
            <test-case id="1-1049" name="Optional_Null" fullname="PlayersWorlds.Maps.OptionalTest.Optional_Null" methodname="Optional_Null" classname="PlayersWorlds.Maps.OptionalTest" runstate="Runnable" seed="820154794" result="Passed" start-time="2024-06-28T22:01:20.7658290Z" end-time="2024-06-28T22:01:20.7662190Z" duration="0.000391" asserts="9" />
            <test-case id="1-1047" name="Optional_ThrowsIfNoValue" fullname="PlayersWorlds.Maps.OptionalTest.Optional_ThrowsIfNoValue" methodname="Optional_ThrowsIfNoValue" classname="PlayersWorlds.Maps.OptionalTest" runstate="Runnable" seed="1391996116" result="Passed" start-time="2024-06-28T22:01:20.7662260Z" end-time="2024-06-28T22:01:20.7663850Z" duration="0.000159" asserts="2" />
            <test-case id="1-1052" name="Optional_ToStringShowsValue" fullname="PlayersWorlds.Maps.OptionalTest.Optional_ToStringShowsValue" methodname="Optional_ToStringShowsValue" classname="PlayersWorlds.Maps.OptionalTest" runstate="Runnable" seed="84417481" result="Passed" start-time="2024-06-28T22:01:20.7663920Z" end-time="2024-06-28T22:01:20.7665530Z" duration="0.000160" asserts="2" />
          </test-suite>
          <test-suite type="TestSuite" id="1-2071" name="Renderers" fullname="PlayersWorlds.Maps.Renderers" runstate="Runnable" testcasecount="1" result="Passed" start-time="2024-06-28T21:57:10.9779700Z" end-time="2024-06-28T22:01:20.7676800Z" duration="249.789710" total="1" passed="1" failed="0" warnings="0" inconclusive="0" skipped="0" asserts="1">
            <test-suite type="TestFixture" id="1-1141" name="Map2DStringRendererTest" fullname="PlayersWorlds.Maps.Renderers.Map2DStringRendererTest" classname="PlayersWorlds.Maps.Renderers.Map2DStringRendererTest" runstate="Runnable" testcasecount="1" result="Passed" start-time="2024-06-28T22:01:20.7665760Z" end-time="2024-06-28T22:01:20.7676730Z" duration="0.001097" total="1" passed="1" failed="0" warnings="0" inconclusive="0" skipped="0" asserts="1">
              <test-case id="1-1142" name="TestRender" fullname="PlayersWorlds.Maps.Renderers.Map2DStringRendererTest.TestRender" methodname="TestRender" classname="PlayersWorlds.Maps.Renderers.Map2DStringRendererTest" runstate="Runnable" seed="1602144201" result="Passed" start-time="2024-06-28T22:01:20.7666320Z" end-time="2024-06-28T22:01:20.7676620Z" duration="0.001030" asserts="1" />
            </test-suite>
          </test-suite>
          <test-suite type="TestSuite" id="1-2070" name="Serializer" fullname="PlayersWorlds.Maps.Serializer" runstate="Runnable" testcasecount="33" result="Passed" start-time="2024-06-28T21:57:10.9779760Z" end-time="2024-06-28T22:01:20.7822990Z" duration="249.804324" total="33" passed="33" failed="0" warnings="0" inconclusive="0" skipped="0" asserts="145">
            <test-suite type="TestFixture" id="1-1104" name="AreaSerializerTest" fullname="PlayersWorlds.Maps.Serializer.AreaSerializerTest" classname="PlayersWorlds.Maps.Serializer.AreaSerializerTest" runstate="Runnable" testcasecount="9" result="Passed" start-time="2024-06-28T22:01:20.7676910Z" end-time="2024-06-28T22:01:20.7747140Z" duration="0.007024" total="9" passed="9" failed="0" warnings="0" inconclusive="0" skipped="0" asserts="75">
              <test-case id="1-1106" name="CanSerializeAndDeserializeAnAreaWithCells" fullname="PlayersWorlds.Maps.Serializer.AreaSerializerTest.CanSerializeAndDeserializeAnAreaWithCells" methodname="CanSerializeAndDeserializeAnAreaWithCells" classname="PlayersWorlds.Maps.Serializer.AreaSerializerTest" runstate="Runnable" seed="2124508345" result="Passed" start-time="2024-06-28T22:01:20.7677320Z" end-time="2024-06-28T22:01:20.7687630Z" duration="0.001031" asserts="7" />
              <test-case id="1-1107" name="CanSerializeAndDeserializeAnAreaWithChildAreas" fullname="PlayersWorlds.Maps.Serializer.AreaSerializerTest.CanSerializeAndDeserializeAnAreaWithChildAreas" methodname="CanSerializeAndDeserializeAnAreaWithChildAreas" classname="PlayersWorlds.Maps.Serializer.AreaSerializerTest" runstate="Runnable" seed="257085832" result="Passed" start-time="2024-06-28T22:01:20.7687720Z" end-time="2024-06-28T22:01:20.7694690Z" duration="0.000697" asserts="13" />
              <test-case id="1-1113" name="CanSerializeAndDeserializeAnAreaWithLinkedCells" fullname="PlayersWorlds.Maps.Serializer.AreaSerializerTest.CanSerializeAndDeserializeAnAreaWithLinkedCells" methodname="CanSerializeAndDeserializeAnAreaWithLinkedCells" classname="PlayersWorlds.Maps.Serializer.AreaSerializerTest" runstate="Runnable" seed="815915642" result="Passed" start-time="2024-06-28T22:01:20.7694770Z" end-time="2024-06-28T22:01:20.7702340Z" duration="0.000757" asserts="1" />
              <test-case id="1-1112" name="CanSerializeAndDeserializeAnAreaWithMixedChildAreas" fullname="PlayersWorlds.Maps.Serializer.AreaSerializerTest.CanSerializeAndDeserializeAnAreaWithMixedChildAreas" methodname="CanSerializeAndDeserializeAnAreaWithMixedChildAreas" classname="PlayersWorlds.Maps.Serializer.AreaSerializerTest" runstate="Runnable" seed="570171129" result="Passed" start-time="2024-06-28T22:01:20.7702420Z" end-time="2024-06-28T22:01:20.7710210Z" duration="0.000780" asserts="13" />
              <test-case id="1-1108" name="CanSerializeAndDeserializeAnAreaWithPosition" fullname="PlayersWorlds.Maps.Serializer.AreaSerializerTest.CanSerializeAndDeserializeAnAreaWithPosition" methodname="CanSerializeAndDeserializeAnAreaWithPosition" classname="PlayersWorlds.Maps.Serializer.AreaSerializerTest" runstate="Runnable" seed="501293118" result="Passed" start-time="2024-06-28T22:01:20.7710300Z" end-time="2024-06-28T22:01:20.7713530Z" duration="0.000324" asserts="5" />
              <test-case id="1-1111" name="CanSerializeAndDeserializeAnAreaWithPositionedChildAreas" fullname="PlayersWorlds.Maps.Serializer.AreaSerializerTest.CanSerializeAndDeserializeAnAreaWithPositionedChildAreas" methodname="CanSerializeAndDeserializeAnAreaWithPositionedChildAreas" classname="PlayersWorlds.Maps.Serializer.AreaSerializerTest" runstate="Runnable" seed="2038988927" result="Passed" start-time="2024-06-28T22:01:20.7713620Z" end-time="2024-06-28T22:01:20.7730780Z" duration="0.001717" asserts="13" />
              <test-case id="1-1109" name="CanSerializeAndDeserializeAnAreaWithTags" fullname="PlayersWorlds.Maps.Serializer.AreaSerializerTest.CanSerializeAndDeserializeAnAreaWithTags" methodname="CanSerializeAndDeserializeAnAreaWithTags" classname="PlayersWorlds.Maps.Serializer.AreaSerializerTest" runstate="Runnable" seed="1202872667" result="Passed" start-time="2024-06-28T22:01:20.7730870Z" end-time="2024-06-28T22:01:20.7738050Z" duration="0.000718" asserts="5" />
              <test-case id="1-1110" name="CanSerializeAndDeserializeAnAreaWithUnpositionedChildAreas" fullname="PlayersWorlds.Maps.Serializer.AreaSerializerTest.CanSerializeAndDeserializeAnAreaWithUnpositionedChildAreas" methodname="CanSerializeAndDeserializeAnAreaWithUnpositionedChildAreas" classname="PlayersWorlds.Maps.Serializer.AreaSerializerTest" runstate="Runnable" seed="122957109" result="Passed" start-time="2024-06-28T22:01:20.7738140Z" end-time="2024-06-28T22:01:20.7744400Z" duration="0.000627" asserts="13" />
              <test-case id="1-1105" name="CanSerializeAndDeserializeAnEmptyArea" fullname="PlayersWorlds.Maps.Serializer.AreaSerializerTest.CanSerializeAndDeserializeAnEmptyArea" methodname="CanSerializeAndDeserializeAnEmptyArea" classname="PlayersWorlds.Maps.Serializer.AreaSerializerTest" runstate="Runnable" seed="1543594958" result="Passed" start-time="2024-06-28T22:01:20.7744490Z" end-time="2024-06-28T22:01:20.7747010Z" duration="0.000252" asserts="5" />
            </test-suite>
            <test-suite type="TestFixture" id="1-1114" name="BasicStringReaderTest" fullname="PlayersWorlds.Maps.Serializer.BasicStringReaderTest" classname="PlayersWorlds.Maps.Serializer.BasicStringReaderTest" runstate="Runnable" testcasecount="13" result="Passed" start-time="2024-06-28T22:01:20.7747300Z" end-time="2024-06-28T22:01:20.7793340Z" duration="0.004604" total="13" passed="13" failed="0" warnings="0" inconclusive="0" skipped="0" asserts="46">
              <test-case id="1-1118" name="CanReadEmptyEnumerables" fullname="PlayersWorlds.Maps.Serializer.BasicStringReaderTest.CanReadEmptyEnumerables" methodname="CanReadEmptyEnumerables" classname="PlayersWorlds.Maps.Serializer.BasicStringReaderTest" runstate="Runnable" seed="1831582078" result="Passed" start-time="2024-06-28T22:01:20.7747900Z" end-time="2024-06-28T22:01:20.7750390Z" duration="0.000248" asserts="3" />
              <test-case id="1-1119" name="CanReadEmptyEnumerables2" fullname="PlayersWorlds.Maps.Serializer.BasicStringReaderTest.CanReadEmptyEnumerables2" methodname="CanReadEmptyEnumerables2" classname="PlayersWorlds.Maps.Serializer.BasicStringReaderTest" runstate="Runnable" seed="987382268" result="Passed" start-time="2024-06-28T22:01:20.7750460Z" end-time="2024-06-28T22:01:20.7751780Z" duration="0.000132" asserts="3" />
              <test-case id="1-1115" name="CanReadEmptyObject" fullname="PlayersWorlds.Maps.Serializer.BasicStringReaderTest.CanReadEmptyObject" methodname="CanReadEmptyObject" classname="PlayersWorlds.Maps.Serializer.BasicStringReaderTest" runstate="Runnable" seed="558977403" result="Passed" start-time="2024-06-28T22:01:20.7751850Z" end-time="2024-06-28T22:01:20.7754650Z" duration="0.000281" asserts="1" />
              <test-case id="1-1120" name="CanReadObjectsInArray" fullname="PlayersWorlds.Maps.Serializer.BasicStringReaderTest.CanReadObjectsInArray" methodname="CanReadObjectsInArray" classname="PlayersWorlds.Maps.Serializer.BasicStringReaderTest" runstate="Runnable" seed="243518177" result="Passed" start-time="2024-06-28T22:01:20.7754730Z" end-time="2024-06-28T22:01:20.7758740Z" duration="0.000401" asserts="14" />
              <test-case id="1-1121" name="CanReadObjectsInObject" fullname="PlayersWorlds.Maps.Serializer.BasicStringReaderTest.CanReadObjectsInObject" methodname="CanReadObjectsInObject" classname="PlayersWorlds.Maps.Serializer.BasicStringReaderTest" runstate="Runnable" seed="975204319" result="Passed" start-time="2024-06-28T22:01:20.7758820Z" end-time="2024-06-28T22:01:20.7762020Z" duration="0.000321" asserts="13" />
              <test-case id="1-1116" name="CanReadSimpleObject" fullname="PlayersWorlds.Maps.Serializer.BasicStringReaderTest.CanReadSimpleObject" methodname="CanReadSimpleObject" classname="PlayersWorlds.Maps.Serializer.BasicStringReaderTest" runstate="Runnable" seed="1420851189" result="Passed" start-time="2024-06-28T22:01:20.7762100Z" end-time="2024-06-28T22:01:20.7763830Z" duration="0.000174" asserts="3" />
              <test-case id="1-1117" name="CanReadTwoEnumerables" fullname="PlayersWorlds.Maps.Serializer.BasicStringReaderTest.CanReadTwoEnumerables" methodname="CanReadTwoEnumerables" classname="PlayersWorlds.Maps.Serializer.BasicStringReaderTest" runstate="Runnable" seed="1130718986" result="Passed" start-time="2024-06-28T22:01:20.7763910Z" end-time="2024-06-28T22:01:20.7765800Z" duration="0.000189" asserts="3" />
              <test-case id="1-1124" name="ThrowsIfFinishReadingWhenNotFinished" fullname="PlayersWorlds.Maps.Serializer.BasicStringReaderTest.ThrowsIfFinishReadingWhenNotFinished" methodname="ThrowsIfFinishReadingWhenNotFinished" classname="PlayersWorlds.Maps.Serializer.BasicStringReaderTest" runstate="Runnable" seed="937389181" result="Passed" start-time="2024-06-28T22:01:20.7765870Z" end-time="2024-06-28T22:01:20.7777850Z" duration="0.001199" asserts="1" />
              <test-case id="1-1127" name="ThrowsIfNoOpeningBrace" fullname="PlayersWorlds.Maps.Serializer.BasicStringReaderTest.ThrowsIfNoOpeningBrace" methodname="ThrowsIfNoOpeningBrace" classname="PlayersWorlds.Maps.Serializer.BasicStringReaderTest" runstate="Runnable" seed="1031924613" result="Passed" start-time="2024-06-28T22:01:20.7777940Z" end-time="2024-06-28T22:01:20.7784280Z" duration="0.000634" asserts="1" />
              <test-case id="1-1126" name="ThrowsIfNoSemicolon" fullname="PlayersWorlds.Maps.Serializer.BasicStringReaderTest.ThrowsIfNoSemicolon" methodname="ThrowsIfNoSemicolon" classname="PlayersWorlds.Maps.Serializer.BasicStringReaderTest" runstate="Runnable" seed="2126079354" result="Passed" start-time="2024-06-28T22:01:20.7784360Z" end-time="2024-06-28T22:01:20.7786200Z" duration="0.000184" asserts="1" />
              <test-case id="1-1123" name="ThrowsIfUnclosedEnumerable1" fullname="PlayersWorlds.Maps.Serializer.BasicStringReaderTest.ThrowsIfUnclosedEnumerable1" methodname="ThrowsIfUnclosedEnumerable1" classname="PlayersWorlds.Maps.Serializer.BasicStringReaderTest" runstate="Runnable" seed="1798794717" result="Passed" start-time="2024-06-28T22:01:20.7786270Z" end-time="2024-06-28T22:01:20.7789450Z" duration="0.000319" asserts="1" />
              <test-case id="1-1125" name="ThrowsIfUnclosedEnumerable2" fullname="PlayersWorlds.Maps.Serializer.BasicStringReaderTest.ThrowsIfUnclosedEnumerable2" methodname="ThrowsIfUnclosedEnumerable2" classname="PlayersWorlds.Maps.Serializer.BasicStringReaderTest" runstate="Runnable" seed="2054577702" result="Passed" start-time="2024-06-28T22:01:20.7789520Z" end-time="2024-06-28T22:01:20.7791520Z" duration="0.000200" asserts="1" />
              <test-case id="1-1122" name="ThrowsIfWrongType" fullname="PlayersWorlds.Maps.Serializer.BasicStringReaderTest.ThrowsIfWrongType" methodname="ThrowsIfWrongType" classname="PlayersWorlds.Maps.Serializer.BasicStringReaderTest" runstate="Runnable" seed="1935837355" result="Passed" start-time="2024-06-28T22:01:20.7791590Z" end-time="2024-06-28T22:01:20.7793230Z" duration="0.000165" asserts="1" />
            </test-suite>
            <test-suite type="TestFixture" id="1-1128" name="BasicStringWriterTest" fullname="PlayersWorlds.Maps.Serializer.BasicStringWriterTest" classname="PlayersWorlds.Maps.Serializer.BasicStringWriterTest" runstate="Runnable" testcasecount="3" result="Passed" start-time="2024-06-28T22:01:20.7793460Z" end-time="2024-06-28T22:01:20.7796770Z" duration="0.000331" total="3" passed="3" failed="0" warnings="0" inconclusive="0" skipped="0" asserts="3">
              <test-case id="1-1129" name="CanWriteEmptyObject" fullname="PlayersWorlds.Maps.Serializer.BasicStringWriterTest.CanWriteEmptyObject" methodname="CanWriteEmptyObject" classname="PlayersWorlds.Maps.Serializer.BasicStringWriterTest" runstate="Runnable" seed="1137481529" result="Passed" start-time="2024-06-28T22:01:20.7794000Z" end-time="2024-06-28T22:01:20.7794850Z" duration="0.000085" asserts="1" />
              <test-case id="1-1131" name="CanWriteOnlyEnumerable" fullname="PlayersWorlds.Maps.Serializer.BasicStringWriterTest.CanWriteOnlyEnumerable" methodname="CanWriteOnlyEnumerable" classname="PlayersWorlds.Maps.Serializer.BasicStringWriterTest" runstate="Runnable" seed="239908333" result="Passed" start-time="2024-06-28T22:01:20.7794920Z" end-time="2024-06-28T22:01:20.7795730Z" duration="0.000082" asserts="1" />
              <test-case id="1-1130" name="CanWriteSimpleObject" fullname="PlayersWorlds.Maps.Serializer.BasicStringWriterTest.CanWriteSimpleObject" methodname="CanWriteSimpleObject" classname="PlayersWorlds.Maps.Serializer.BasicStringWriterTest" runstate="Runnable" seed="757221375" result="Passed" start-time="2024-06-28T22:01:20.7795790Z" end-time="2024-06-28T22:01:20.7796680Z" duration="0.000088" asserts="1" />
            </test-suite>
            <test-suite type="TestFixture" id="1-1132" name="CellSerializerTest" fullname="PlayersWorlds.Maps.Serializer.CellSerializerTest" classname="PlayersWorlds.Maps.Serializer.CellSerializerTest" runstate="Runnable" testcasecount="8" result="Passed" start-time="2024-06-28T22:01:20.7796880Z" end-time="2024-06-28T22:01:20.7822930Z" duration="0.002605" total="8" passed="8" failed="0" warnings="0" inconclusive="0" skipped="0" asserts="21">
              <test-case id="1-1136" name="CanDeserializeCellWithLinks" fullname="PlayersWorlds.Maps.Serializer.CellSerializerTest.CanDeserializeCellWithLinks" methodname="CanDeserializeCellWithLinks" classname="PlayersWorlds.Maps.Serializer.CellSerializerTest" runstate="Runnable" seed="2132582947" result="Passed" start-time="2024-06-28T22:01:20.7797400Z" end-time="2024-06-28T22:01:20.7799330Z" duration="0.000193" asserts="4" />
              <test-case id="1-1140" name="CanDeserializeCellWithLinksAndTags" fullname="PlayersWorlds.Maps.Serializer.CellSerializerTest.CanDeserializeCellWithLinksAndTags" methodname="CanDeserializeCellWithLinksAndTags" classname="PlayersWorlds.Maps.Serializer.CellSerializerTest" runstate="Runnable" seed="1662747118" result="Passed" start-time="2024-06-28T22:01:20.7799400Z" end-time="2024-06-28T22:01:20.7801570Z" duration="0.000218" asserts="6" />
              <test-case id="1-1138" name="CanDeserializeCellWithTags" fullname="PlayersWorlds.Maps.Serializer.CellSerializerTest.CanDeserializeCellWithTags" methodname="CanDeserializeCellWithTags" classname="PlayersWorlds.Maps.Serializer.CellSerializerTest" runstate="Runnable" seed="371466389" result="Passed" start-time="2024-06-28T22:01:20.7801650Z" end-time="2024-06-28T22:01:20.7803080Z" duration="0.000143" asserts="4" />
              <test-case id="1-1134" name="CanDeserializeEmptyCell" fullname="PlayersWorlds.Maps.Serializer.CellSerializerTest.CanDeserializeEmptyCell" methodname="CanDeserializeEmptyCell" classname="PlayersWorlds.Maps.Serializer.CellSerializerTest" runstate="Runnable" seed="1682339315" result="Passed" start-time="2024-06-28T22:01:20.7803160Z" end-time="2024-06-28T22:01:20.7804270Z" duration="0.000111" asserts="3" />
              <test-case id="1-1135" name="CanSerializeCellWithLinks" fullname="PlayersWorlds.Maps.Serializer.CellSerializerTest.CanSerializeCellWithLinks" methodname="CanSerializeCellWithLinks" classname="PlayersWorlds.Maps.Serializer.CellSerializerTest" runstate="Runnable" seed="405901258" result="Passed" start-time="2024-06-28T22:01:20.7804330Z" end-time="2024-06-28T22:01:20.7809380Z" duration="0.000505" asserts="1" />
              <test-case id="1-1139" name="CanSerializeCellWithLinksAndTags" fullname="PlayersWorlds.Maps.Serializer.CellSerializerTest.CanSerializeCellWithLinksAndTags" methodname="CanSerializeCellWithLinksAndTags" classname="PlayersWorlds.Maps.Serializer.CellSerializerTest" runstate="Runnable" seed="707348336" result="Passed" start-time="2024-06-28T22:01:20.7809450Z" end-time="2024-06-28T22:01:20.7814590Z" duration="0.000514" asserts="1" />
              <test-case id="1-1137" name="CanSerializeCellWithTags" fullname="PlayersWorlds.Maps.Serializer.CellSerializerTest.CanSerializeCellWithTags" methodname="CanSerializeCellWithTags" classname="PlayersWorlds.Maps.Serializer.CellSerializerTest" runstate="Runnable" seed="1073506396" result="Passed" start-time="2024-06-28T22:01:20.7814670Z" end-time="2024-06-28T22:01:20.7819070Z" duration="0.000440" asserts="1" />
              <test-case id="1-1133" name="CanSerializeEmptyCell" fullname="PlayersWorlds.Maps.Serializer.CellSerializerTest.CanSerializeEmptyCell" methodname="CanSerializeEmptyCell" classname="PlayersWorlds.Maps.Serializer.CellSerializerTest" runstate="Runnable" seed="277562441" result="Passed" start-time="2024-06-28T22:01:20.7819150Z" end-time="2024-06-28T22:01:20.7822840Z" duration="0.000369" asserts="1" />
            </test-suite>
          </test-suite>
          <test-suite type="TestFixture" id="1-1062" name="VectorDTest" fullname="PlayersWorlds.Maps.VectorDTest" classname="PlayersWorlds.Maps.VectorDTest" runstate="Runnable" testcasecount="11" result="Passed" start-time="2024-06-28T22:01:20.7823100Z" end-time="2024-06-28T22:01:20.7849530Z" duration="0.002642" total="11" passed="11" failed="0" warnings="0" inconclusive="0" skipped="0" asserts="33">
            <test-case id="1-1070" name="CanAddAndSubtract" fullname="PlayersWorlds.Maps.VectorDTest.CanAddAndSubtract" methodname="CanAddAndSubtract" classname="PlayersWorlds.Maps.VectorDTest" runstate="Runnable" seed="976591111" result="Passed" start-time="2024-06-28T22:01:20.7823650Z" end-time="2024-06-28T22:01:20.7826670Z" duration="0.000302" asserts="5" />
            <test-case id="1-1071" name="ConstructorChecksArguments" fullname="PlayersWorlds.Maps.VectorDTest.ConstructorChecksArguments" methodname="ConstructorChecksArguments" classname="PlayersWorlds.Maps.VectorDTest" runstate="Runnable" seed="736414244" result="Passed" start-time="2024-06-28T22:01:20.7826740Z" end-time="2024-06-28T22:01:20.7827880Z" duration="0.000114" asserts="1" />
            <test-case id="1-1064" name="EqualityIsCheckedByValue" fullname="PlayersWorlds.Maps.VectorDTest.EqualityIsCheckedByValue" methodname="EqualityIsCheckedByValue" classname="PlayersWorlds.Maps.VectorDTest" runstate="Runnable" seed="1477700642" result="Passed" start-time="2024-06-28T22:01:20.7827960Z" end-time="2024-06-28T22:01:20.7830040Z" duration="0.000208" asserts="4" />
            <test-case id="1-1065" name="GetHashCodeIsDerivedFromValue" fullname="PlayersWorlds.Maps.VectorDTest.GetHashCodeIsDerivedFromValue" methodname="GetHashCodeIsDerivedFromValue" classname="PlayersWorlds.Maps.VectorDTest" runstate="Runnable" seed="1592879572" result="Passed" start-time="2024-06-28T22:01:20.7830110Z" end-time="2024-06-28T22:01:20.7830890Z" duration="0.000079" asserts="1" />
            <test-case id="1-1068" name="InitializedAsNull" fullname="PlayersWorlds.Maps.VectorDTest.InitializedAsNull" methodname="InitializedAsNull" classname="PlayersWorlds.Maps.VectorDTest" runstate="Runnable" seed="1351255084" result="Passed" start-time="2024-06-28T22:01:20.7830960Z" end-time="2024-06-28T22:01:20.7832000Z" duration="0.000105" asserts="1" />
            <test-case id="1-1067" name="InitializedEmpty" fullname="PlayersWorlds.Maps.VectorDTest.InitializedEmpty" methodname="InitializedEmpty" classname="PlayersWorlds.Maps.VectorDTest" runstate="Runnable" seed="237150472" result="Passed" start-time="2024-06-28T22:01:20.7832080Z" end-time="2024-06-28T22:01:20.7834590Z" duration="0.000251" asserts="4" />
            <test-case id="1-1063" name="IsInitialized" fullname="PlayersWorlds.Maps.VectorDTest.IsInitialized" methodname="IsInitialized" classname="PlayersWorlds.Maps.VectorDTest" runstate="Runnable" seed="1199274136" result="Passed" start-time="2024-06-28T22:01:20.7834660Z" end-time="2024-06-28T22:01:20.7839470Z" duration="0.000481" asserts="2" />
            <test-case id="1-1069" name="IsZero" fullname="PlayersWorlds.Maps.VectorDTest.IsZero" methodname="IsZero" classname="PlayersWorlds.Maps.VectorDTest" runstate="Runnable" seed="650148718" result="Passed" start-time="2024-06-28T22:01:20.7839560Z" end-time="2024-06-28T22:01:20.7840670Z" duration="0.000111" asserts="3" />
            <test-case id="1-1072" name="SnappedForce" fullname="PlayersWorlds.Maps.VectorDTest.SnappedForce" methodname="SnappedForce" classname="PlayersWorlds.Maps.VectorDTest" runstate="Runnable" seed="169789769" result="Passed" start-time="2024-06-28T22:01:20.7840740Z" end-time="2024-06-28T22:01:20.7844420Z" duration="0.000369" asserts="9" />
            <test-case id="1-1066" name="ToStringFormat" fullname="PlayersWorlds.Maps.VectorDTest.ToStringFormat" methodname="ToStringFormat" classname="PlayersWorlds.Maps.VectorDTest" runstate="Runnable" seed="1647901372" result="Passed" start-time="2024-06-28T22:01:20.7844490Z" end-time="2024-06-28T22:01:20.7845340Z" duration="0.000085" asserts="1" />
            <test-case id="1-1073" name="VectorD_Parse" fullname="PlayersWorlds.Maps.VectorDTest.VectorD_Parse" methodname="VectorD_Parse" classname="PlayersWorlds.Maps.VectorDTest" runstate="Runnable" seed="421652427" result="Passed" start-time="2024-06-28T22:01:20.7845410Z" end-time="2024-06-28T22:01:20.7849390Z" duration="0.000399" asserts="2" />
          </test-suite>
          <test-suite type="TestFixture" id="1-1074" name="VectorTest" fullname="PlayersWorlds.Maps.VectorTest" classname="PlayersWorlds.Maps.VectorTest" runstate="Runnable" testcasecount="29" result="Passed" start-time="2024-06-28T22:01:20.7849650Z" end-time="2024-06-28T22:01:20.7934700Z" duration="0.008505" total="29" passed="29" failed="0" warnings="0" inconclusive="0" skipped="0" asserts="229">
            <test-case id="1-1091" name="FitsInto" fullname="PlayersWorlds.Maps.VectorTest.FitsInto" methodname="FitsInto" classname="PlayersWorlds.Maps.VectorTest" runstate="Runnable" seed="341088053" result="Passed" start-time="2024-06-28T22:01:20.7850220Z" end-time="2024-06-28T22:01:20.7851650Z" duration="0.000143" asserts="3" />
            <test-case id="1-1094" name="FromIndex_Matches_FromIndex" fullname="PlayersWorlds.Maps.VectorTest.FromIndex_Matches_FromIndex" methodname="FromIndex_Matches_FromIndex" classname="PlayersWorlds.Maps.VectorTest" runstate="Runnable" seed="796967034" result="Passed" start-time="2024-06-28T22:01:20.7851730Z" end-time="2024-06-28T22:01:20.7852840Z" duration="0.000111" asserts="1" />
            <test-case id="1-1102" name="FromIndex_ShouldThrowException_DimensionMismatch" fullname="PlayersWorlds.Maps.VectorTest.FromIndex_ShouldThrowException_DimensionMismatch" methodname="FromIndex_ShouldThrowException_DimensionMismatch" classname="PlayersWorlds.Maps.VectorTest" runstate="Runnable" seed="1643712076" result="Passed" start-time="2024-06-28T22:01:20.7852900Z" end-time="2024-06-28T22:01:20.7856580Z" duration="0.000368" asserts="1" />
            <test-case id="1-1092" name="IsIn" fullname="PlayersWorlds.Maps.VectorTest.IsIn" methodname="IsIn" classname="PlayersWorlds.Maps.VectorTest" runstate="Runnable" seed="706168358" result="Passed" start-time="2024-06-28T22:01:20.7856650Z" end-time="2024-06-28T22:01:20.7867540Z" duration="0.001089" asserts="7" />
            <test-case id="1-1103" name="NorthEastComparer_ComparesCorrectly" fullname="PlayersWorlds.Maps.VectorTest.NorthEastComparer_ComparesCorrectly" methodname="NorthEastComparer_ComparesCorrectly" classname="PlayersWorlds.Maps.VectorTest" runstate="Runnable" seed="1495411649" result="Passed" start-time="2024-06-28T22:01:20.7867620Z" end-time="2024-06-28T22:01:20.7874610Z" duration="0.000699" asserts="1" />
            <test-case id="1-1076" name="Size_NotInitialized" fullname="PlayersWorlds.Maps.VectorTest.Size_NotInitialized" methodname="Size_NotInitialized" classname="PlayersWorlds.Maps.VectorTest" runstate="Runnable" seed="789193621" result="Passed" start-time="2024-06-28T22:01:20.7874690Z" end-time="2024-06-28T22:01:20.7876550Z" duration="0.000187" asserts="2" />
            <test-case id="1-1098" name="ToIndex_FromIndex_RoundTripConversion" fullname="PlayersWorlds.Maps.VectorTest.ToIndex_FromIndex_RoundTripConversion" methodname="ToIndex_FromIndex_RoundTripConversion" classname="PlayersWorlds.Maps.VectorTest" runstate="Runnable" seed="417791182" result="Passed" start-time="2024-06-28T22:01:20.7876620Z" end-time="2024-06-28T22:01:20.7883520Z" duration="0.000689" asserts="150" />
            <test-case id="1-1099" name="ToIndex_FromIndex_Valid5D" fullname="PlayersWorlds.Maps.VectorTest.ToIndex_FromIndex_Valid5D" methodname="ToIndex_FromIndex_Valid5D" classname="PlayersWorlds.Maps.VectorTest" runstate="Runnable" seed="674144158" result="Passed" start-time="2024-06-28T22:01:20.7883580Z" end-time="2024-06-28T22:01:20.7894150Z" duration="0.001056" asserts="13" />
            <test-case id="1-1093" name="ToIndex_Matches_ToIndex" fullname="PlayersWorlds.Maps.VectorTest.ToIndex_Matches_ToIndex" methodname="ToIndex_Matches_ToIndex" classname="PlayersWorlds.Maps.VectorTest" runstate="Runnable" seed="215797850" result="Passed" start-time="2024-06-28T22:01:20.7894230Z" end-time="2024-06-28T22:01:20.7895220Z" duration="0.000098" asserts="1" />
            <test-case id="1-1095" name="ToIndex_ShouldCalculateCorrectIndex_1D" fullname="PlayersWorlds.Maps.VectorTest.ToIndex_ShouldCalculateCorrectIndex_1D" methodname="ToIndex_ShouldCalculateCorrectIndex_1D" classname="PlayersWorlds.Maps.VectorTest" runstate="Runnable" seed="986565621" result="Passed" start-time="2024-06-28T22:01:20.7895280Z" end-time="2024-06-28T22:01:20.7896380Z" duration="0.000110" asserts="2" />
            <test-case id="1-1096" name="ToIndex_ShouldCalculateCorrectIndex_2D" fullname="PlayersWorlds.Maps.VectorTest.ToIndex_ShouldCalculateCorrectIndex_2D" methodname="ToIndex_ShouldCalculateCorrectIndex_2D" classname="PlayersWorlds.Maps.VectorTest" runstate="Runnable" seed="177015255" result="Passed" start-time="2024-06-28T22:01:20.7896450Z" end-time="2024-06-28T22:01:20.7897390Z" duration="0.000094" asserts="2" />
            <test-case id="1-1097" name="ToIndex_ShouldCalculateCorrectIndex_3D" fullname="PlayersWorlds.Maps.VectorTest.ToIndex_ShouldCalculateCorrectIndex_3D" methodname="ToIndex_ShouldCalculateCorrectIndex_3D" classname="PlayersWorlds.Maps.VectorTest" runstate="Runnable" seed="1924979365" result="Passed" start-time="2024-06-28T22:01:20.7897450Z" end-time="2024-06-28T22:01:20.7898390Z" duration="0.000094" asserts="2" />
            <test-case id="1-1101" name="ToIndex_ShouldThrowException_DimensionMismatch" fullname="PlayersWorlds.Maps.VectorTest.ToIndex_ShouldThrowException_DimensionMismatch" methodname="ToIndex_ShouldThrowException_DimensionMismatch" classname="PlayersWorlds.Maps.VectorTest" runstate="Runnable" seed="1915280605" result="Passed" start-time="2024-06-28T22:01:20.7898460Z" end-time="2024-06-28T22:01:20.7901010Z" duration="0.000255" asserts="1" />
            <test-case id="1-1100" name="ToIndex_ShouldThrowException_DimensionOverflow" fullname="PlayersWorlds.Maps.VectorTest.ToIndex_ShouldThrowException_DimensionOverflow" methodname="ToIndex_ShouldThrowException_DimensionOverflow" classname="PlayersWorlds.Maps.VectorTest" runstate="Runnable" seed="1616874910" result="Passed" start-time="2024-06-28T22:01:20.7901090Z" end-time="2024-06-28T22:01:20.7902970Z" duration="0.000189" asserts="1" />
            <test-case id="1-1084" name="Vector_CanAddAndSubtract" fullname="PlayersWorlds.Maps.VectorTest.Vector_CanAddAndSubtract" methodname="Vector_CanAddAndSubtract" classname="PlayersWorlds.Maps.VectorTest" runstate="Runnable" seed="65967368" result="Passed" start-time="2024-06-28T22:01:20.7903040Z" end-time="2024-06-28T22:01:20.7906670Z" duration="0.000362" asserts="6" />
            <test-case id="1-1085" name="Vector_ConstructorChecksArguments" fullname="PlayersWorlds.Maps.VectorTest.Vector_ConstructorChecksArguments" methodname="Vector_ConstructorChecksArguments" classname="PlayersWorlds.Maps.VectorTest" runstate="Runnable" seed="673461861" result="Passed" start-time="2024-06-28T22:01:20.7906740Z" end-time="2024-06-28T22:01:20.7907710Z" duration="0.000097" asserts="1" />
            <test-case id="1-1082" name="Vector_EmptyIsEmpty" fullname="PlayersWorlds.Maps.VectorTest.Vector_EmptyIsEmpty" methodname="Vector_EmptyIsEmpty" classname="PlayersWorlds.Maps.VectorTest" runstate="Runnable" seed="1621865632" result="Passed" start-time="2024-06-28T22:01:20.7907780Z" end-time="2024-06-28T22:01:20.7908470Z" duration="0.000070" asserts="1" />
            <test-case id="1-1081" name="Vector_EmptyVectorIsEmpty" fullname="PlayersWorlds.Maps.VectorTest.Vector_EmptyVectorIsEmpty" methodname="Vector_EmptyVectorIsEmpty" classname="PlayersWorlds.Maps.VectorTest" runstate="Runnable" seed="2118395475" result="Passed" start-time="2024-06-28T22:01:20.7908540Z" end-time="2024-06-28T22:01:20.7909190Z" duration="0.000066" asserts="1" />
            <test-case id="1-1077" name="Vector_EqualityIsCheckedByValue" fullname="PlayersWorlds.Maps.VectorTest.Vector_EqualityIsCheckedByValue" methodname="Vector_EqualityIsCheckedByValue" classname="PlayersWorlds.Maps.VectorTest" runstate="Runnable" seed="263046237" result="Passed" start-time="2024-06-28T22:01:20.7909260Z" end-time="2024-06-28T22:01:20.7911120Z" duration="0.000186" asserts="5" />
            <test-case id="1-1089" name="Vector_FromIndex" fullname="PlayersWorlds.Maps.VectorTest.Vector_FromIndex" methodname="Vector_FromIndex" classname="PlayersWorlds.Maps.VectorTest" runstate="Runnable" seed="1761130070" result="Passed" start-time="2024-06-28T22:01:20.7911190Z" end-time="2024-06-28T22:01:20.7912320Z" duration="0.000113" asserts="2" />
            <test-case id="1-1078" name="Vector_GetHashCodeIsDerivedFromValue" fullname="PlayersWorlds.Maps.VectorTest.Vector_GetHashCodeIsDerivedFromValue" methodname="Vector_GetHashCodeIsDerivedFromValue" classname="PlayersWorlds.Maps.VectorTest" runstate="Runnable" seed="810180397" result="Passed" start-time="2024-06-28T22:01:20.7912390Z" end-time="2024-06-28T22:01:20.7914430Z" duration="0.000204" asserts="2" />
            <test-case id="1-1075" name="Vector_IsInitialized" fullname="PlayersWorlds.Maps.VectorTest.Vector_IsInitialized" methodname="Vector_IsInitialized" classname="PlayersWorlds.Maps.VectorTest" runstate="Runnable" seed="183644183" result="Passed" start-time="2024-06-28T22:01:20.7914510Z" end-time="2024-06-28T22:01:20.7915330Z" duration="0.000082" asserts="2" />
            <test-case id="1-1083" name="Vector_NotEqualToNull" fullname="PlayersWorlds.Maps.VectorTest.Vector_NotEqualToNull" methodname="Vector_NotEqualToNull" classname="PlayersWorlds.Maps.VectorTest" runstate="Runnable" seed="112510405" result="Passed" start-time="2024-06-28T22:01:20.7915390Z" end-time="2024-06-28T22:01:20.7917270Z" duration="0.000188" asserts="3" />
            <test-case id="1-1087" name="Vector_SnappedForce" fullname="PlayersWorlds.Maps.VectorTest.Vector_SnappedForce" methodname="Vector_SnappedForce" classname="PlayersWorlds.Maps.VectorTest" runstate="Runnable" seed="1334664504" result="Passed" start-time="2024-06-28T22:01:20.7917340Z" end-time="2024-06-28T22:01:20.7921010Z" duration="0.000367" asserts="9" />
            <test-case id="1-1086" name="Vector_ThrowsIfNotAValidSize" fullname="PlayersWorlds.Maps.VectorTest.Vector_ThrowsIfNotAValidSize" methodname="Vector_ThrowsIfNotAValidSize" classname="PlayersWorlds.Maps.VectorTest" runstate="Runnable" seed="1557372196" result="Passed" start-time="2024-06-28T22:01:20.7921090Z" end-time="2024-06-28T22:01:20.7929900Z" duration="0.000882" asserts="3" />
            <test-case id="1-1088" name="Vector_ToIndex" fullname="PlayersWorlds.Maps.VectorTest.Vector_ToIndex" methodname="Vector_ToIndex" classname="PlayersWorlds.Maps.VectorTest" runstate="Runnable" seed="259381543" result="Passed" start-time="2024-06-28T22:01:20.7929970Z" end-time="2024-06-28T22:01:20.7931780Z" duration="0.000181" asserts="3" />
            <test-case id="1-1079" name="Vector_ToStringFormat" fullname="PlayersWorlds.Maps.VectorTest.Vector_ToStringFormat" methodname="Vector_ToStringFormat" classname="PlayersWorlds.Maps.VectorTest" runstate="Runnable" seed="586351728" result="Passed" start-time="2024-06-28T22:01:20.7931850Z" end-time="2024-06-28T22:01:20.7932770Z" duration="0.000092" asserts="2" />
            <test-case id="1-1080" name="Vector_ZeroVectorIsNotEmpty" fullname="PlayersWorlds.Maps.VectorTest.Vector_ZeroVectorIsNotEmpty" methodname="Vector_ZeroVectorIsNotEmpty" classname="PlayersWorlds.Maps.VectorTest" runstate="Runnable" seed="284764899" result="Passed" start-time="2024-06-28T22:01:20.7932830Z" end-time="2024-06-28T22:01:20.7933670Z" duration="0.000084" asserts="1" />
            <test-case id="1-1090" name="VectorD_Parse" fullname="PlayersWorlds.Maps.VectorTest.VectorD_Parse" methodname="VectorD_Parse" classname="PlayersWorlds.Maps.VectorTest" runstate="Runnable" seed="1506793715" result="Passed" start-time="2024-06-28T22:01:20.7933730Z" end-time="2024-06-28T22:01:20.7934580Z" duration="0.000085" asserts="1" />
          </test-suite>
        </test-suite>
      </test-suite>
      <test-suite type="TestFixture" id="1-1000" name="RandomAreaGeneratorTest" fullname="RandomAreaGeneratorTest" classname="RandomAreaGeneratorTest" runstate="Runnable" testcasecount="2" result="Passed" start-time="2024-06-28T22:01:20.7934990Z" end-time="2024-06-28T22:01:20.9229000Z" duration="0.129401" total="2" passed="2" failed="0" warnings="0" inconclusive="0" skipped="0" asserts="3042">
        <test-case id="1-1001" name="ZoneGenerator_CanGenerateZones" fullname="RandomAreaGeneratorTest.ZoneGenerator_CanGenerateZones" methodname="ZoneGenerator_CanGenerateZones" classname="RandomAreaGeneratorTest" runstate="Runnable" seed="1530736355" result="Passed" start-time="2024-06-28T22:01:20.7935550Z" end-time="2024-06-28T22:01:20.9215190Z" duration="0.127964" asserts="3006">
          <properties>
            <property name="Category" value="Integration" />
          </properties>
        </test-case>
        <test-case id="1-1002" name="ZoneGenerator_CustomSettings" fullname="RandomAreaGeneratorTest.ZoneGenerator_CustomSettings" methodname="ZoneGenerator_CustomSettings" classname="RandomAreaGeneratorTest" runstate="Runnable" seed="1928478779" result="Passed" start-time="2024-06-28T22:01:20.9215380Z" end-time="2024-06-28T22:01:20.9228750Z" duration="0.001338" asserts="36">
          <properties>
            <property name="Category" value="Integration" />
          </properties>
        </test-case>
      </test-suite>
    </test-suite>
  </test-suite>
</test-run>