<?xml version="1.0" encoding="utf-8" standalone="no"?>
<test-run id="2" testcasecount="8" result="Passed" total="8" passed="0" failed="0" inconclusive="0" skipped="0" asserts="0" engine-version="3.4.1.0" clr-version="4.0.30319.42000" start-time="2023-08-07 05:40:30Z" end-time="2023-08-07 05:40:30Z" duration="0.062009">
  <command-line><![CDATA[/usr/lib/nunit3/nunit3-console.exe --debug build/Debug/tests/tests.dll]]></command-line>
  <test-suite type="Assembly" id="1-1009" name="/home/data/repos/github.com/aynurin/maze-gen/build/Debug/tests/tests.dll" fullname="/home/data/repos/github.com/aynurin/maze-gen/build/Debug/tests/tests.dll" runstate="Runnable" testcasecount="8" result="Passed" duration="0.036101" total="8" passed="0" failed="0" inconclusive="0" skipped="0" asserts="0">
    <properties>
      <property name="_PID" value="180232" />
      <property name="_APPDOMAIN" value="test-domain-" />
    </properties>
    <test-suite type="Namespace" id="1-1010" name="Nour" fullname="Nour" runstate="Runnable" testcasecount="8" result="Passed" duration="0.033389" total="8" passed="0" failed="0" inconclusive="0" skipped="0" asserts="0">
      <test-suite type="Namespace" id="1-1011" name="Play" fullname="Nour.Play" runstate="Runnable" testcasecount="8" result="Passed" duration="0.033119" total="8" passed="0" failed="0" inconclusive="0" skipped="0" asserts="0">
        <test-suite type="Namespace" id="1-1012" name="Maze" fullname="Nour.Play.Maze" runstate="Runnable" testcasecount="8" result="Passed" duration="0.032873" total="8" passed="0" failed="0" inconclusive="0" skipped="0" asserts="0">
          <test-suite type="TestFixture" id="1-1000" name="PointTest" fullname="Nour.Play.Maze.PointTest" runstate="Runnable" testcasecount="8" result="Passed" duration="0.032554" total="8" passed="0" failed="0" inconclusive="0" skipped="0" asserts="0">
            <test-case id="1-1004" name="Point_EmptyIsEmpty" fullname="Nour.Play.Maze.PointTest.Point_EmptyIsEmpty" runstate="Runnable" result="Passed" duration="0.013317" asserts="1" />
            <test-case id="1-1003" name="Point_EmptyPointIsEmpty" fullname="Nour.Play.Maze.PointTest.Point_EmptyPointIsEmpty" runstate="Runnable" result="Passed" duration="0.000142" asserts="1" />
            <test-case id="1-1006" name="Point_GreaterThanChecksAllComponents" fullname="Nour.Play.Maze.PointTest.Point_GreaterThanChecksAllComponents" runstate="Runnable" result="Passed" duration="0.001640" asserts="3" />
            <test-case id="1-1008" name="Point_GreaterThanOrEqualsChecksAllComponents" fullname="Nour.Play.Maze.PointTest.Point_GreaterThanOrEqualsChecksAllComponents" runstate="Runnable" result="Passed" duration="0.000159" asserts="3" />
            <test-case id="1-1001" name="Point_IsInitialized" fullname="Nour.Play.Maze.PointTest.Point_IsInitialized" runstate="Runnable" result="Passed" duration="0.000479" asserts="2" />
            <test-case id="1-1005" name="Point_LessThanChecksAllComponents" fullname="Nour.Play.Maze.PointTest.Point_LessThanChecksAllComponents" runstate="Runnable" result="Passed" duration="0.000162" asserts="3" />
            <test-case id="1-1007" name="Point_LessThanOrEqualsChecksAllComponents" fullname="Nour.Play.Maze.PointTest.Point_LessThanOrEqualsChecksAllComponents" runstate="Runnable" result="Passed" duration="0.000155" asserts="3" />
            <test-case id="1-1002" name="Point_ZeroPointIsNotEmpty" fullname="Nour.Play.Maze.PointTest.Point_ZeroPointIsNotEmpty" runstate="Runnable" result="Passed" duration="0.001625" asserts="1" />
          </test-suite>
        </test-suite>
      </test-suite>
    </test-suite>
  </test-suite>
</test-run>