<?xml version="1.0" encoding="utf-8" standalone="no"?>
<test-run id="2" testcasecount="713" result="Passed" total="1" passed="1" failed="0" inconclusive="0" skipped="0" asserts="3" engine-version="3.4.1.0" clr-version="4.0.30319.42000" start-time="2024-01-09 15:47:29Z" end-time="2024-01-09 15:47:30Z" duration="0.113316">
  <command-line><![CDATA[/usr/lib/nunit3/nunit3-console.exe build/Debug/tests/PlayersWorlds.Maps.Tests.dll --test=PlayersWorlds.Maps.MazeGeneratorTest.CanUseCustomAreaGenerator]]></command-line>
  <filter>
    <test>PlayersWorlds.Maps.MazeGeneratorTest.CanUseCustomAreaGenerator</test>
  </filter>
  <test-suite type="Assembly" id="0-1740" name="PlayersWorlds.Maps.Tests.dll" fullname="/home/data/repos/github.com/aynurin/maze-gen/build/Debug/tests/PlayersWorlds.Maps.Tests.dll" runstate="Runnable" testcasecount="713" result="Passed" start-time="2024-01-09T15:47:29.9832980Z" end-time="2024-01-09T15:47:30.0631330Z" duration="0.079749" total="1" passed="1" failed="0" warnings="0" inconclusive="0" skipped="0" asserts="3">
    <environment framework-version="3.14.0.0" clr-version="4.0.30319.42000" os-version="Unix 6.1.69.1" platform="Unix" cwd="/home/data/repos/github.com/aynurin/maze-gen" machine-name="lightview" user="shav" user-domain="lightview" culture="en-US" uiculture="en-US" os-architecture="x64" />
    <settings>
      <setting name="WorkDirectory" value="/home/data/repos/github.com/aynurin/maze-gen" />
      <setting name="ImageRuntimeVersion" value="4.0.30319" />
      <setting name="ImageTargetFrameworkName" value=".NETFramework,Version=v4.7" />
      <setting name="ImageRequiresX86" value="False" />
      <setting name="ImageRequiresDefaultAppDomainAssemblyResolver" value="False" />
      <setting name="NumberOfTestWorkers" value="24" />
    </settings>
    <properties>
      <property name="_PID" value="40710" />
      <property name="_APPDOMAIN" value="test-domain-" />
    </properties>
    <test-suite type="SetUpFixture" id="0-1003" name="[default namespace]" fullname="SetUpTests" classname="SetUpTests" runstate="Runnable" testcasecount="713" result="Passed" start-time="2024-01-09T15:47:29.9883940Z" end-time="2024-01-09T15:47:30.0631230Z" duration="0.074729" total="1" passed="1" failed="0" warnings="0" inconclusive="0" skipped="0" asserts="3">
      <test-suite type="TestSuite" id="0-1741" name="PlayersWorlds" fullname="PlayersWorlds" runstate="Runnable" testcasecount="711" result="Passed" start-time="2024-01-09T15:47:29.9904240Z" end-time="2024-01-09T15:47:30.0627490Z" duration="0.072325" total="1" passed="1" failed="0" warnings="0" inconclusive="0" skipped="0" asserts="3">
        <test-suite type="TestSuite" id="0-1742" name="Maps" fullname="PlayersWorlds.Maps" runstate="Runnable" testcasecount="711" result="Passed" start-time="2024-01-09T15:47:29.9904800Z" end-time="2024-01-09T15:47:30.0627410Z" duration="0.072261" total="1" passed="1" failed="0" warnings="0" inconclusive="0" skipped="0" asserts="3">
          <test-suite type="TestFixture" id="0-1032" name="MazeGeneratorTest" fullname="PlayersWorlds.Maps.MazeGeneratorTest" classname="PlayersWorlds.Maps.MazeGeneratorTest" runstate="Runnable" testcasecount="526" result="Passed" start-time="2024-01-09T15:47:29.9904930Z" end-time="2024-01-09T15:47:30.0622870Z" duration="0.071793" total="1" passed="1" failed="0" warnings="0" inconclusive="0" skipped="0" asserts="3">
            <test-case id="0-1033" name="CanUseCustomAreaGenerator" fullname="PlayersWorlds.Maps.MazeGeneratorTest.CanUseCustomAreaGenerator" methodname="CanUseCustomAreaGenerator" classname="PlayersWorlds.Maps.MazeGeneratorTest" runstate="Runnable" seed="1990129222" result="Passed" start-time="2024-01-09T15:47:29.9905540Z" end-time="2024-01-09T15:47:30.0601790Z" duration="0.069689" asserts="3">
              <output><![CDATA[AldousBroderMazeGenerator: Generating maze 15x15 with PlayersWorlds.Maps.Maze.GeneratorOptions(Full, Auto, <null>, PlayersWorlds.Maps.MazeGeneratorTest+CustomAreaGenerator, PlayersWorlds.Maps.Maze.AldousBroderMazeGenerator)
┌───────────┬───┬───┬───────────────────┬───────────────────┐
│           │   │   │         9   a   b │                   │
├───╴   ╶───┘   ╵   └───┐   ╷   ╷   ╷   ╵   ╷   ╶───────────┤
│                       │   │ 8 │   │ c   d │               │
├───┬───┬───╴   ┌───┐   ├───┤   └───┼───╴   └───┬───╴   ╷   │
│   │   │       │ 0 │   │   │ 7     │     e     │       │   │
│   ╵   └───┐   │   └───┤   ╵   ┌───┴───┐   ╶───┼───────┴───┤
│           │   │ 1   2 │ 5   6 │       │ f     │           │
├───────┐   ╵   │   ╷   ╵   ┌───┘   ╷   ╵   ┌───┘   ╶───┐   │
│       │       │   │ 3   4 │       │     10│           │   │
│   ╶───┼───╴   └───┴───────┼───╴   ├───╴   ╵   ╶───┐   │   │
│       │                   │       │     11  12  13│   │   │
│   ╷   │   ┌───┐   ┌───╴   └───────┼───┬───┐   ╷   └───┤   │
│   │   │   │   │   │               │   │   │   │ 14    │   │
│   └───┼───┘   ╵   └───┬───╴   ┌───┤   ╵   ├───┘   ┌───┴───┤
│       │               │       │   │       │ 16  15│       │
│   ╶───┤   ┌───┐   ╶───┼───────┘   ╵   ╶───┘   ╶───┤   ┌───┤
│       │   │   │       │             19  18  17    │   │   │
│   ╷   ╵   │   └───┐   │   ┌───┐   ╷   ╶───┬───┬───┘   │   │
│   │       │       │   │   │   │   │ 1a  1b│   │       │   │
├───┼───────┤   ┼   ╵   └───┘   ├───┴───╴   ╵   └───╴   │   │
│   │ 31  30│             24  23│     1d  1c            │   │
│   ╵   ╷   ╵   ┼   ╶───┐   ╷   └───┐   ╶───────────┐   ╵   │
│ 33  32│ 2f  2e  2d    │ 25│ 22  21│ 1e            │       │
│   ╷   └───┬───┐   ╷   │   ├───╴   ╵   ┌───┬───┬───┤   ╶───┤
│ 34│       │   │ 2c│   │ 26│     20  1f│   │   │   │       │
│   ├───────┘   ╵   ├───┘   │   ╷   ╷   │   │   ╵   │   ┌───┤
│ 35│             2b│ 28  27│   │   │   │   │       │   │   │
│   ├───╴   ╷   ╷   ╵   ╶───┴───┼───┘   ╵   └───┐   ╵   ╵   │
│ 36│       │   │ 2a  29        │               │           │
└───┴───────┴───┴───────────────┴───────────────┴───────────┘

]]></output>
            </test-case>
          </test-suite>
        </test-suite>
      </test-suite>
    </test-suite>
  </test-suite>
</test-run>