<?xml version="1.0" encoding="utf-8" standalone="no"?>
<test-run id="2" testcasecount="17" result="Passed" total="17" passed="0" failed="0" inconclusive="0" skipped="0" asserts="0" engine-version="3.4.1.0" clr-version="4.0.30319.42000" start-time="2023-10-15 14:08:59Z" end-time="2023-10-15 14:08:59Z" duration="0.095103">
  <command-line><![CDATA[/usr/lib/nunit3/nunit3-console.exe --debug build/Debug/tests/tests.dll]]></command-line>
  <test-suite type="Assembly" id="1-1020" name="/home/data/repos/github.com/aynurin/maze-gen/build/Debug/tests/tests.dll" fullname="/home/data/repos/github.com/aynurin/maze-gen/build/Debug/tests/tests.dll" runstate="Runnable" testcasecount="17" result="Passed" duration="0.068472" total="17" passed="0" failed="0" inconclusive="0" skipped="0" asserts="0">
    <properties>
      <property name="_PID" value="44331" />
      <property name="_APPDOMAIN" value="test-domain-" />
    </properties>
    <test-suite type="Namespace" id="1-1021" name="Nour" fullname="Nour" runstate="Runnable" testcasecount="16" result="Passed" duration="0.047706" total="16" passed="0" failed="0" inconclusive="0" skipped="0" asserts="0">
      <test-suite type="Namespace" id="1-1022" name="Play" fullname="Nour.Play" runstate="Runnable" testcasecount="16" result="Passed" duration="0.047393" total="16" passed="0" failed="0" inconclusive="0" skipped="0" asserts="0">
        <test-suite type="TestFixture" id="1-1002" name="Map2DTest" fullname="Nour.Play.Map2DTest" runstate="Runnable" testcasecount="2" result="Passed" duration="0.028445" total="2" passed="0" failed="0" inconclusive="0" skipped="0" asserts="0">
          <test-case id="1-1003" name="Map2D_IsInitialized" fullname="Nour.Play.Map2DTest.Map2D_IsInitialized" runstate="Runnable" result="Passed" duration="0.015759" asserts="4" />
          <test-case id="1-1004" name="Map2D_WrongSize" fullname="Nour.Play.Map2DTest.Map2D_WrongSize" runstate="Runnable" result="Passed" duration="0.001149" asserts="5" />
        </test-suite>
        <test-suite type="TestFixture" id="1-1005" name="VectorTest" fullname="Nour.Play.VectorTest" runstate="Runnable" testcasecount="14" result="Passed" duration="0.017461" total="14" passed="0" failed="0" inconclusive="0" skipped="0" asserts="0">
          <test-case id="1-1007" name="Size_NotInitialized" fullname="Nour.Play.VectorTest.Size_NotInitialized" runstate="Runnable" result="Passed" duration="0.000346" asserts="2" />
          <test-case id="1-1019" name="Vector_CanAddOrSubtract" fullname="Nour.Play.VectorTest.Vector_CanAddOrSubtract" runstate="Runnable" result="Passed" duration="0.002281" asserts="6" />
          <test-case id="1-1013" name="Vector_EmptyIsEmpty" fullname="Nour.Play.VectorTest.Vector_EmptyIsEmpty" runstate="Runnable" result="Passed" duration="0.000082" asserts="1" />
          <test-case id="1-1012" name="Vector_EmptyVectorIsEmpty" fullname="Nour.Play.VectorTest.Vector_EmptyVectorIsEmpty" runstate="Runnable" result="Passed" duration="0.000101" asserts="1" />
          <test-case id="1-1008" name="Vector_EqualityIsCheckedByValue" fullname="Nour.Play.VectorTest.Vector_EqualityIsCheckedByValue" runstate="Runnable" result="Passed" duration="0.001387" asserts="3" />
          <test-case id="1-1009" name="Vector_GetHashCodeIsDerivedFromValue" fullname="Nour.Play.VectorTest.Vector_GetHashCodeIsDerivedFromValue" runstate="Runnable" result="Passed" duration="0.000349" asserts="2" />
          <test-case id="1-1015" name="Vector_GreaterThanChecksAllComponents" fullname="Nour.Play.VectorTest.Vector_GreaterThanChecksAllComponents" runstate="Runnable" result="Passed" duration="0.000811" asserts="5" />
          <test-case id="1-1017" name="Vector_GreaterThanOrEqualsChecksAllComponents" fullname="Nour.Play.VectorTest.Vector_GreaterThanOrEqualsChecksAllComponents" runstate="Runnable" result="Passed" duration="0.000317" asserts="5" />
          <test-case id="1-1006" name="Vector_IsInitialized" fullname="Nour.Play.VectorTest.Vector_IsInitialized" runstate="Runnable" result="Passed" duration="0.000062" asserts="2" />
          <test-case id="1-1014" name="Vector_LessThanChecksAllComponents" fullname="Nour.Play.VectorTest.Vector_LessThanChecksAllComponents" runstate="Runnable" result="Passed" duration="0.000292" asserts="5" />
          <test-case id="1-1016" name="Vector_LessThanOrEqualsChecksAllComponents" fullname="Nour.Play.VectorTest.Vector_LessThanOrEqualsChecksAllComponents" runstate="Runnable" result="Passed" duration="0.000296" asserts="5" />
          <test-case id="1-1018" name="Vector_NotEqualToNull" fullname="Nour.Play.VectorTest.Vector_NotEqualToNull" runstate="Runnable" result="Passed" duration="0.000168" asserts="3" />
          <test-case id="1-1010" name="Vector_ToStringFormat" fullname="Nour.Play.VectorTest.Vector_ToStringFormat" runstate="Runnable" result="Passed" duration="0.000424" asserts="2" />
          <test-case id="1-1011" name="Vector_ZeroVectorIsNotEmpty" fullname="Nour.Play.VectorTest.Vector_ZeroVectorIsNotEmpty" runstate="Runnable" result="Passed" duration="0.000101" asserts="1" />
        </test-suite>
      </test-suite>
    </test-suite>
    <test-suite type="TestFixture" id="1-1000" name="RandomAreaGeneratorTest" fullname="RandomAreaGeneratorTest" runstate="Runnable" testcasecount="1" result="Passed" duration="0.013479" total="1" passed="0" failed="0" inconclusive="0" skipped="0" asserts="0">
      <test-case id="1-1001" name="ZoneGenerator_CanGenerateZones" fullname="RandomAreaGeneratorTest.ZoneGenerator_CanGenerateZones" runstate="Runnable" result="Passed" duration="0.013156" asserts="4006" />
    </test-suite>
  </test-suite>
</test-run>