<?xml version="1.0" encoding="utf-8" standalone="no"?>
<test-run id="2" testcasecount="191" result="Passed" total="140" passed="140" failed="0" inconclusive="0" skipped="0" asserts="4652" engine-version="3.4.1.0" clr-version="4.0.30319.42000" start-time="2023-12-21 14:27:35Z" end-time="2023-12-21 14:27:35Z" duration="0.296472">
  <command-line><![CDATA[/usr/lib/nunit3/nunit3-console.exe build/Debug/tests/tests.dll --where=Category!=Load]]></command-line>
  <filter>
    <not>
      <prop name="Category">Load</prop>
    </not>
  </filter>
  <test-suite type="Assembly" id="0-1217" name="tests.dll" fullname="/home/data/repos/github.com/aynurin/maze-gen/build/Debug/tests/tests.dll" runstate="Runnable" testcasecount="191" result="Passed" start-time="2023-12-21T14:27:35.3519470Z" end-time="2023-12-21T14:27:35.6234550Z" duration="0.271415" total="140" passed="140" failed="0" warnings="0" inconclusive="0" skipped="0" asserts="4652">
    <environment framework-version="3.14.0.0" clr-version="4.0.30319.42000" os-version="Unix 6.1.49.1" platform="Unix" cwd="/home/data/repos/github.com/aynurin/maze-gen" machine-name="lightview" user="shav" user-domain="lightview" culture="en-US" uiculture="en-US" os-architecture="x64" />
    <settings>
      <setting name="WorkDirectory" value="/home/data/repos/github.com/aynurin/maze-gen" />
      <setting name="ImageRuntimeVersion" value="4.0.30319" />
      <setting name="ImageTargetFrameworkName" value=".NETFramework,Version=v4.7" />
      <setting name="ImageRequiresX86" value="False" />
      <setting name="ImageRequiresDefaultAppDomainAssemblyResolver" value="False" />
      <setting name="NumberOfTestWorkers" value="24" />
    </settings>
    <properties>
      <property name="_PID" value="397188" />
      <property name="_APPDOMAIN" value="test-domain-" />
    </properties>
    <test-suite type="SetUpFixture" id="0-1003" name="[default namespace]" fullname="SetUpTests" classname="SetUpTests" runstate="Runnable" testcasecount="191" result="Passed" start-time="2023-12-21T14:27:35.3569870Z" end-time="2023-12-21T14:27:35.6234450Z" duration="0.266458" total="140" passed="140" failed="0" warnings="0" inconclusive="0" skipped="0" asserts="4652">
      <properties />
      <test-suite type="TestSuite" id="0-1218" name="Nour" fullname="Nour" runstate="Runnable" testcasecount="189" result="Passed" start-time="2023-12-21T14:27:35.3591370Z" end-time="2023-12-21T14:27:35.6106700Z" duration="0.251533" total="138" passed="138" failed="0" warnings="0" inconclusive="0" skipped="0" asserts="600">
        <properties />
        <test-suite type="TestSuite" id="0-1219" name="Play" fullname="Nour.Play" runstate="Runnable" testcasecount="189" result="Passed" start-time="2023-12-21T14:27:35.3609380Z" end-time="2023-12-21T14:27:35.6106660Z" duration="0.249728" total="138" passed="138" failed="0" warnings="0" inconclusive="0" skipped="0" asserts="600">
          <properties />
          <test-suite type="TestSuite" id="0-1221" name="Areas" fullname="Nour.Play.Areas" runstate="Runnable" testcasecount="113" result="Passed" start-time="2023-12-21T14:27:35.3609510Z" end-time="2023-12-21T14:27:35.5515290Z" duration="0.190578" total="62" passed="62" failed="0" warnings="0" inconclusive="0" skipped="0" asserts="193">
            <properties />
            <test-suite type="TestSuite" id="0-1222" name="Evolving" fullname="Nour.Play.Areas.Evolving" runstate="Runnable" testcasecount="109" result="Passed" start-time="2023-12-21T14:27:35.3609580Z" end-time="2023-12-21T14:27:35.5501970Z" duration="0.189239" total="58" passed="58" failed="0" warnings="0" inconclusive="0" skipped="0" asserts="175">
              <properties />
              <test-suite type="TestFixture" id="0-1101" name="AreaDistributorTest" fullname="Nour.Play.Areas.Evolving.AreaDistributorTest" classname="Nour.Play.Areas.Evolving.AreaDistributorTest" runstate="Runnable" testcasecount="73" result="Passed" start-time="2023-12-21T14:27:35.3609860Z" end-time="2023-12-21T14:27:35.4342810Z" duration="0.073294" total="23" passed="23" failed="0" warnings="0" inconclusive="0" skipped="0" asserts="46">
                <properties />
                <test-case id="0-1102" name="AreaDistributorTest_OneTest" fullname="Nour.Play.Areas.Evolving.AreaDistributorTest.AreaDistributorTest_OneTest" methodname="AreaDistributorTest_OneTest" classname="Nour.Play.Areas.Evolving.AreaDistributorTest" runstate="Runnable" seed="1858957601" result="Passed" start-time="2023-12-21T14:27:35.3610690Z" end-time="2023-12-21T14:27:35.4019580Z" duration="0.040958" asserts="2">
                  <properties />
                </test-case>
                <test-suite type="ParameterizedMethod" id="0-1115" name="AreaDistributorTest_OverlapTwo" fullname="Nour.Play.Areas.Evolving.AreaDistributorTest.AreaDistributorTest_OverlapTwo" classname="Nour.Play.Areas.Evolving.AreaDistributorTest" runstate="Runnable" testcasecount="10" result="Passed" start-time="2023-12-21T14:27:35.4032830Z" end-time="2023-12-21T14:27:35.4222050Z" duration="0.018922" total="10" passed="10" failed="0" warnings="0" inconclusive="0" skipped="0" asserts="20">
                  <properties />
                  <test-case id="0-1105" name="AreaDistributorTest_OverlapTwo(&quot;11x11: P2x2;S4x4 P5x5;S4x4&quot;)" fullname="Nour.Play.Areas.Evolving.AreaDistributorTest.AreaDistributorTest_OverlapTwo(&quot;11x11: P2x2;S4x4 P5x5;S4x4&quot;)" methodname="AreaDistributorTest_OverlapTwo" classname="Nour.Play.Areas.Evolving.AreaDistributorTest" runstate="Runnable" seed="402734504" result="Passed" start-time="2023-12-21T14:27:35.4033660Z" end-time="2023-12-21T14:27:35.4094410Z" duration="0.006076" asserts="2">
                    <properties />
                  </test-case>
                  <test-case id="0-1106" name="AreaDistributorTest_OverlapTwo(&quot;11x11: P5x2;S4x4 P2x5;S4x4&quot;)" fullname="Nour.Play.Areas.Evolving.AreaDistributorTest.AreaDistributorTest_OverlapTwo(&quot;11x11: P5x2;S4x4 P2x5;S4x4&quot;)" methodname="AreaDistributorTest_OverlapTwo" classname="Nour.Play.Areas.Evolving.AreaDistributorTest" runstate="Runnable" seed="150840375" result="Passed" start-time="2023-12-21T14:27:35.4094500Z" end-time="2023-12-21T14:27:35.4105960Z" duration="0.001146" asserts="2">
                    <properties />
                  </test-case>
                  <test-case id="0-1107" name="AreaDistributorTest_OverlapTwo(&quot;11x11: P2x5;S4x4 P5x2;S4x4&quot;)" fullname="Nour.Play.Areas.Evolving.AreaDistributorTest.AreaDistributorTest_OverlapTwo(&quot;11x11: P2x5;S4x4 P5x2;S4x4&quot;)" methodname="AreaDistributorTest_OverlapTwo" classname="Nour.Play.Areas.Evolving.AreaDistributorTest" runstate="Runnable" seed="221148193" result="Passed" start-time="2023-12-21T14:27:35.4106030Z" end-time="2023-12-21T14:27:35.4117540Z" duration="0.001151" asserts="2">
                    <properties />
                  </test-case>
                  <test-case id="0-1108" name="AreaDistributorTest_OverlapTwo(&quot;11x11: P5x5;S4x4 P2x2;S4x4&quot;)" fullname="Nour.Play.Areas.Evolving.AreaDistributorTest.AreaDistributorTest_OverlapTwo(&quot;11x11: P5x5;S4x4 P2x2;S4x4&quot;)" methodname="AreaDistributorTest_OverlapTwo" classname="Nour.Play.Areas.Evolving.AreaDistributorTest" runstate="Runnable" seed="2055590712" result="Passed" start-time="2023-12-21T14:27:35.4117610Z" end-time="2023-12-21T14:27:35.4128640Z" duration="0.001104" asserts="2">
                    <properties />
                  </test-case>
                  <test-case id="0-1109" name="AreaDistributorTest_OverlapTwo(&quot;11x11: P4x4;S4x4 P3x3;S4x4&quot;)" fullname="Nour.Play.Areas.Evolving.AreaDistributorTest.AreaDistributorTest_OverlapTwo(&quot;11x11: P4x4;S4x4 P3x3;S4x4&quot;)" methodname="AreaDistributorTest_OverlapTwo" classname="Nour.Play.Areas.Evolving.AreaDistributorTest" runstate="Runnable" seed="1792730439" result="Passed" start-time="2023-12-21T14:27:35.4128710Z" end-time="2023-12-21T14:27:35.4139750Z" duration="0.001104" asserts="2">
                    <properties />
                  </test-case>
                  <test-case id="0-1110" name="AreaDistributorTest_OverlapTwo(&quot;11x11: P4x3;S4x4 P3x4;S4x4&quot;)" fullname="Nour.Play.Areas.Evolving.AreaDistributorTest.AreaDistributorTest_OverlapTwo(&quot;11x11: P4x3;S4x4 P3x4;S4x4&quot;)" methodname="AreaDistributorTest_OverlapTwo" classname="Nour.Play.Areas.Evolving.AreaDistributorTest" runstate="Runnable" seed="1640155334" result="Passed" start-time="2023-12-21T14:27:35.4139820Z" end-time="2023-12-21T14:27:35.4150840Z" duration="0.001102" asserts="2">
                    <properties />
                  </test-case>
                  <test-case id="0-1111" name="AreaDistributorTest_OverlapTwo(&quot;11x11: P3.5x3.5;S4x4 P3.5x3.5;S4x4&quot;)" fullname="Nour.Play.Areas.Evolving.AreaDistributorTest.AreaDistributorTest_OverlapTwo(&quot;11x11: P3.5x3.5;S4x4 P3.5x3.5;S4x4&quot;)" methodname="AreaDistributorTest_OverlapTwo" classname="Nour.Play.Areas.Evolving.AreaDistributorTest" runstate="Runnable" seed="1463970473" result="Passed" start-time="2023-12-21T14:27:35.4150900Z" end-time="2023-12-21T14:27:35.4172630Z" duration="0.002173" asserts="2">
                    <properties />
                  </test-case>
                  <test-case id="0-1112" name="AreaDistributorTest_OverlapTwo(&quot;16x16: P4x4;S8x8 P5x9;S2x2&quot;)" fullname="Nour.Play.Areas.Evolving.AreaDistributorTest.AreaDistributorTest_OverlapTwo(&quot;16x16: P4x4;S8x8 P5x9;S2x2&quot;)" methodname="AreaDistributorTest_OverlapTwo" classname="Nour.Play.Areas.Evolving.AreaDistributorTest" runstate="Runnable" seed="942662558" result="Passed" start-time="2023-12-21T14:27:35.4172710Z" end-time="2023-12-21T14:27:35.4189440Z" duration="0.001673" asserts="2">
                    <properties />
                  </test-case>
                  <test-case id="0-1113" name="AreaDistributorTest_OverlapTwo(&quot;16x16: P4x4;S8x8 P5x7;S4x4&quot;)" fullname="Nour.Play.Areas.Evolving.AreaDistributorTest.AreaDistributorTest_OverlapTwo(&quot;16x16: P4x4;S8x8 P5x7;S4x4&quot;)" methodname="AreaDistributorTest_OverlapTwo" classname="Nour.Play.Areas.Evolving.AreaDistributorTest" runstate="Runnable" seed="268937510" result="Passed" start-time="2023-12-21T14:27:35.4189510Z" end-time="2023-12-21T14:27:35.4200680Z" duration="0.001117" asserts="2">
                    <properties />
                  </test-case>
                  <test-case id="0-1114" name="AreaDistributorTest_OverlapTwo(&quot;16x16: P5x5;S6x6 P6x6;S4x4&quot;)" fullname="Nour.Play.Areas.Evolving.AreaDistributorTest.AreaDistributorTest_OverlapTwo(&quot;16x16: P5x5;S6x6 P6x6;S4x4&quot;)" methodname="AreaDistributorTest_OverlapTwo" classname="Nour.Play.Areas.Evolving.AreaDistributorTest" runstate="Runnable" seed="749844343" result="Passed" start-time="2023-12-21T14:27:35.4200780Z" end-time="2023-12-21T14:27:35.4211700Z" duration="0.001093" asserts="2">
                    <properties />
                  </test-case>
                </test-suite>
                <test-case id="0-1103" name="AreaDistributorTest_SidePressure" fullname="Nour.Play.Areas.Evolving.AreaDistributorTest.AreaDistributorTest_SidePressure" methodname="AreaDistributorTest_SidePressure" classname="Nour.Play.Areas.Evolving.AreaDistributorTest" runstate="Runnable" seed="1073258683" result="Passed" start-time="2023-12-21T14:27:35.4229660Z" end-time="2023-12-21T14:27:35.4282460Z" duration="0.005281" asserts="2">
                  <properties />
                </test-case>
                <test-suite type="ParameterizedMethod" id="0-1126" name="AreaDistributorTest_SingleMapForce" fullname="Nour.Play.Areas.Evolving.AreaDistributorTest.AreaDistributorTest_SingleMapForce" classname="Nour.Play.Areas.Evolving.AreaDistributorTest" runstate="Runnable" testcasecount="10" result="Passed" start-time="2023-12-21T14:27:35.4282570Z" end-time="2023-12-21T14:27:35.4330430Z" duration="0.004786" total="10" passed="10" failed="0" warnings="0" inconclusive="0" skipped="0" asserts="20">
                  <properties />
                  <test-case id="0-1116" name="AreaDistributorTest_SingleMapForce(&quot;6x12: P1x2;S2x2&quot;)" fullname="Nour.Play.Areas.Evolving.AreaDistributorTest.AreaDistributorTest_SingleMapForce(&quot;6x12: P1x2;S2x2&quot;)" methodname="AreaDistributorTest_SingleMapForce" classname="Nour.Play.Areas.Evolving.AreaDistributorTest" runstate="Runnable" seed="1478936125" result="Passed" start-time="2023-12-21T14:27:35.4282750Z" end-time="2023-12-21T14:27:35.4288780Z" duration="0.000603" asserts="2">
                    <properties />
                  </test-case>
                  <test-case id="0-1117" name="AreaDistributorTest_SingleMapForce(&quot;6x12: P2x2;S2x2&quot;)" fullname="Nour.Play.Areas.Evolving.AreaDistributorTest.AreaDistributorTest_SingleMapForce(&quot;6x12: P2x2;S2x2&quot;)" methodname="AreaDistributorTest_SingleMapForce" classname="Nour.Play.Areas.Evolving.AreaDistributorTest" runstate="Runnable" seed="1961675846" result="Passed" start-time="2023-12-21T14:27:35.4288850Z" end-time="2023-12-21T14:27:35.4296120Z" duration="0.000727" asserts="2">
                    <properties />
                  </test-case>
                  <test-case id="0-1118" name="AreaDistributorTest_SingleMapForce(&quot;6x12: P3x2;S2x2&quot;)" fullname="Nour.Play.Areas.Evolving.AreaDistributorTest.AreaDistributorTest_SingleMapForce(&quot;6x12: P3x2;S2x2&quot;)" methodname="AreaDistributorTest_SingleMapForce" classname="Nour.Play.Areas.Evolving.AreaDistributorTest" runstate="Runnable" seed="523528501" result="Passed" start-time="2023-12-21T14:27:35.4296190Z" end-time="2023-12-21T14:27:35.4300430Z" duration="0.000424" asserts="2">
                    <properties />
                  </test-case>
                  <test-case id="0-1119" name="AreaDistributorTest_SingleMapForce(&quot;6x12: P1x5;S2x2&quot;)" fullname="Nour.Play.Areas.Evolving.AreaDistributorTest.AreaDistributorTest_SingleMapForce(&quot;6x12: P1x5;S2x2&quot;)" methodname="AreaDistributorTest_SingleMapForce" classname="Nour.Play.Areas.Evolving.AreaDistributorTest" runstate="Runnable" seed="2104183248" result="Passed" start-time="2023-12-21T14:27:35.4300490Z" end-time="2023-12-21T14:27:35.4304410Z" duration="0.000392" asserts="2">
                    <properties />
                  </test-case>
                  <test-case id="0-1120" name="AreaDistributorTest_SingleMapForce(&quot;6x12: P2x5;S2x2&quot;)" fullname="Nour.Play.Areas.Evolving.AreaDistributorTest.AreaDistributorTest_SingleMapForce(&quot;6x12: P2x5;S2x2&quot;)" methodname="AreaDistributorTest_SingleMapForce" classname="Nour.Play.Areas.Evolving.AreaDistributorTest" runstate="Runnable" seed="1582248973" result="Passed" start-time="2023-12-21T14:27:35.4304470Z" end-time="2023-12-21T14:27:35.4308260Z" duration="0.000379" asserts="2">
                    <properties />
                  </test-case>
                  <test-case id="0-1121" name="AreaDistributorTest_SingleMapForce(&quot;6x12: P3x5;S2x2&quot;)" fullname="Nour.Play.Areas.Evolving.AreaDistributorTest.AreaDistributorTest_SingleMapForce(&quot;6x12: P3x5;S2x2&quot;)" methodname="AreaDistributorTest_SingleMapForce" classname="Nour.Play.Areas.Evolving.AreaDistributorTest" runstate="Runnable" seed="2100783959" result="Passed" start-time="2023-12-21T14:27:35.4308320Z" end-time="2023-12-21T14:27:35.4312240Z" duration="0.000391" asserts="2">
                    <properties />
                  </test-case>
                  <test-case id="0-1122" name="AreaDistributorTest_SingleMapForce(&quot;6x12: P1x8;S2x2&quot;)" fullname="Nour.Play.Areas.Evolving.AreaDistributorTest.AreaDistributorTest_SingleMapForce(&quot;6x12: P1x8;S2x2&quot;)" methodname="AreaDistributorTest_SingleMapForce" classname="Nour.Play.Areas.Evolving.AreaDistributorTest" runstate="Runnable" seed="382257412" result="Passed" start-time="2023-12-21T14:27:35.4312290Z" end-time="2023-12-21T14:27:35.4316610Z" duration="0.000431" asserts="2">
                    <properties />
                  </test-case>
                  <test-case id="0-1123" name="AreaDistributorTest_SingleMapForce(&quot;6x12: P2x8;S2x2&quot;)" fullname="Nour.Play.Areas.Evolving.AreaDistributorTest.AreaDistributorTest_SingleMapForce(&quot;6x12: P2x8;S2x2&quot;)" methodname="AreaDistributorTest_SingleMapForce" classname="Nour.Play.Areas.Evolving.AreaDistributorTest" runstate="Runnable" seed="842590138" result="Passed" start-time="2023-12-21T14:27:35.4316670Z" end-time="2023-12-21T14:27:35.4320690Z" duration="0.000402" asserts="2">
                    <properties />
                  </test-case>
                  <test-case id="0-1124" name="AreaDistributorTest_SingleMapForce(&quot;6x12: P3x8;S2x2&quot;)" fullname="Nour.Play.Areas.Evolving.AreaDistributorTest.AreaDistributorTest_SingleMapForce(&quot;6x12: P3x8;S2x2&quot;)" methodname="AreaDistributorTest_SingleMapForce" classname="Nour.Play.Areas.Evolving.AreaDistributorTest" runstate="Runnable" seed="512086234" result="Passed" start-time="2023-12-21T14:27:35.4320750Z" end-time="2023-12-21T14:27:35.4324860Z" duration="0.000411" asserts="2">
                    <properties />
                  </test-case>
                  <test-case id="0-1125" name="AreaDistributorTest_SingleMapForce(&quot;6x12: P-1x-4;S2x2&quot;)" fullname="Nour.Play.Areas.Evolving.AreaDistributorTest.AreaDistributorTest_SingleMapForce(&quot;6x12: P-1x-4;S2x2&quot;)" methodname="AreaDistributorTest_SingleMapForce" classname="Nour.Play.Areas.Evolving.AreaDistributorTest" runstate="Runnable" seed="563967060" result="Passed" start-time="2023-12-21T14:27:35.4324920Z" end-time="2023-12-21T14:27:35.4330360Z" duration="0.000544" asserts="2">
                    <properties />
                  </test-case>
                </test-suite>
                <test-case id="0-1104" name="AreaDistributorTest_TwoTest" fullname="Nour.Play.Areas.Evolving.AreaDistributorTest.AreaDistributorTest_TwoTest" methodname="AreaDistributorTest_TwoTest" classname="Nour.Play.Areas.Evolving.AreaDistributorTest" runstate="Runnable" seed="294099523" result="Passed" start-time="2023-12-21T14:27:35.4330500Z" end-time="2023-12-21T14:27:35.4342480Z" duration="0.001198" asserts="2">
                  <properties />
                </test-case>
              </test-suite>
              <test-suite type="TestFixture" id="0-1178" name="EvolvingSimulatorTest" fullname="Nour.Play.Areas.Evolving.EvolvingSimulatorTest" classname="Nour.Play.Areas.Evolving.EvolvingSimulatorTest" runstate="Runnable" testcasecount="2" result="Passed" start-time="2023-12-21T14:27:35.4347240Z" end-time="2023-12-21T14:27:35.5376510Z" duration="0.102927" total="2" passed="2" failed="0" warnings="0" inconclusive="0" skipped="0" asserts="2">
                <properties />
                <test-case id="0-1180" name="EvolvingSimulator_ReturnsEpochsIfEvolitionIsNotComplete" fullname="Nour.Play.Areas.Evolving.EvolvingSimulatorTest.EvolvingSimulator_ReturnsEpochsIfEvolitionIsNotComplete" methodname="EvolvingSimulator_ReturnsEpochsIfEvolitionIsNotComplete" classname="Nour.Play.Areas.Evolving.EvolvingSimulatorTest" runstate="Runnable" seed="1525412557" result="Passed" start-time="2023-12-21T14:27:35.4347770Z" end-time="2023-12-21T14:27:35.5353120Z" duration="0.100535" asserts="1">
                  <properties />
                </test-case>
                <test-case id="0-1179" name="EvolvingSimulator_ThrowsIfMaxEpochsIsZero" fullname="Nour.Play.Areas.Evolving.EvolvingSimulatorTest.EvolvingSimulator_ThrowsIfMaxEpochsIsZero" methodname="EvolvingSimulator_ThrowsIfMaxEpochsIsZero" classname="Nour.Play.Areas.Evolving.EvolvingSimulatorTest" runstate="Runnable" seed="493937534" result="Passed" start-time="2023-12-21T14:27:35.5353290Z" end-time="2023-12-21T14:27:35.5376330Z" duration="0.002304" asserts="1">
                  <properties />
                </test-case>
              </test-suite>
              <test-suite type="TestFixture" id="0-1181" name="FloatingAreaTest" fullname="Nour.Play.Areas.Evolving.FloatingAreaTest" classname="Nour.Play.Areas.Evolving.FloatingAreaTest" runstate="Runnable" testcasecount="3" result="Passed" start-time="2023-12-21T14:27:35.5376700Z" end-time="2023-12-21T14:27:35.5421270Z" duration="0.004457" total="3" passed="3" failed="0" warnings="0" inconclusive="0" skipped="0" asserts="6">
                <properties />
                <test-case id="0-1184" name="Contains" fullname="Nour.Play.Areas.Evolving.FloatingAreaTest.Contains" methodname="Contains" classname="Nour.Play.Areas.Evolving.FloatingAreaTest" runstate="Runnable" seed="1913565613" result="Passed" start-time="2023-12-21T14:27:35.5377220Z" end-time="2023-12-21T14:27:35.5381620Z" duration="0.000440" asserts="2">
                  <properties />
                </test-case>
                <test-case id="0-1183" name="Overlaps" fullname="Nour.Play.Areas.Evolving.FloatingAreaTest.Overlaps" methodname="Overlaps" classname="Nour.Play.Areas.Evolving.FloatingAreaTest" runstate="Runnable" seed="165442646" result="Passed" start-time="2023-12-21T14:27:35.5381690Z" end-time="2023-12-21T14:27:35.5383700Z" duration="0.000201" asserts="2">
                  <properties />
                </test-case>
                <test-case id="0-1182" name="Parse" fullname="Nour.Play.Areas.Evolving.FloatingAreaTest.Parse" methodname="Parse" classname="Nour.Play.Areas.Evolving.FloatingAreaTest" runstate="Runnable" seed="1988483318" result="Passed" start-time="2023-12-21T14:27:35.5383760Z" end-time="2023-12-21T14:27:35.5421130Z" duration="0.003736" asserts="2">
                  <properties />
                </test-case>
              </test-suite>
              <test-suite type="TestFixture" id="0-1185" name="ForceFormulaTestTest" fullname="Nour.Play.Areas.Evolving.ForceFormulaTestTest" classname="Nour.Play.Areas.Evolving.ForceFormulaTestTest" runstate="Runnable" testcasecount="8" result="Passed" start-time="2023-12-21T14:27:35.5421390Z" end-time="2023-12-21T14:27:35.5446200Z" duration="0.002482" total="8" passed="8" failed="0" warnings="0" inconclusive="0" skipped="0" asserts="42">
                <properties />
                <test-case id="0-1191" name="CollideForce_Negative" fullname="Nour.Play.Areas.Evolving.ForceFormulaTestTest.CollideForce_Negative" methodname="CollideForce_Negative" classname="Nour.Play.Areas.Evolving.ForceFormulaTestTest" runstate="Runnable" seed="1784321140" result="Passed" start-time="2023-12-21T14:27:35.5421840Z" end-time="2023-12-21T14:27:35.5429960Z" duration="0.000813" asserts="9">
                  <properties />
                </test-case>
                <test-case id="0-1190" name="CollideForce_Positive" fullname="Nour.Play.Areas.Evolving.ForceFormulaTestTest.CollideForce_Positive" methodname="CollideForce_Positive" classname="Nour.Play.Areas.Evolving.ForceFormulaTestTest" runstate="Runnable" seed="1403380313" result="Passed" start-time="2023-12-21T14:27:35.5430040Z" end-time="2023-12-21T14:27:35.5433170Z" duration="0.000312" asserts="9">
                  <properties />
                </test-case>
                <test-case id="0-1187" name="NormalForce_Negative" fullname="Nour.Play.Areas.Evolving.ForceFormulaTestTest.NormalForce_Negative" methodname="NormalForce_Negative" classname="Nour.Play.Areas.Evolving.ForceFormulaTestTest" runstate="Runnable" seed="2101444246" result="Passed" start-time="2023-12-21T14:27:35.5433230Z" end-time="2023-12-21T14:27:35.5436880Z" duration="0.000364" asserts="3">
                  <properties />
                </test-case>
                <test-case id="0-1189" name="NormalForce_NegativeCapped" fullname="Nour.Play.Areas.Evolving.ForceFormulaTestTest.NormalForce_NegativeCapped" methodname="NormalForce_NegativeCapped" classname="Nour.Play.Areas.Evolving.ForceFormulaTestTest" runstate="Runnable" seed="849197110" result="Passed" start-time="2023-12-21T14:27:35.5436950Z" end-time="2023-12-21T14:27:35.5438550Z" duration="0.000160" asserts="5">
                  <properties />
                </test-case>
                <test-case id="0-1186" name="NormalForce_Positive" fullname="Nour.Play.Areas.Evolving.ForceFormulaTestTest.NormalForce_Positive" methodname="NormalForce_Positive" classname="Nour.Play.Areas.Evolving.ForceFormulaTestTest" runstate="Runnable" seed="1020464932" result="Passed" start-time="2023-12-21T14:27:35.5438610Z" end-time="2023-12-21T14:27:35.5439700Z" duration="0.000109" asserts="3">
                  <properties />
                </test-case>
                <test-case id="0-1188" name="NormalForce_PositiveCapped" fullname="Nour.Play.Areas.Evolving.ForceFormulaTestTest.NormalForce_PositiveCapped" methodname="NormalForce_PositiveCapped" classname="Nour.Play.Areas.Evolving.ForceFormulaTestTest" runstate="Runnable" seed="330104459" result="Passed" start-time="2023-12-21T14:27:35.5439760Z" end-time="2023-12-21T14:27:35.5441180Z" duration="0.000141" asserts="5">
                  <properties />
                </test-case>
                <test-case id="0-1193" name="OverlapForce_Negative" fullname="Nour.Play.Areas.Evolving.ForceFormulaTestTest.OverlapForce_Negative" methodname="OverlapForce_Negative" classname="Nour.Play.Areas.Evolving.ForceFormulaTestTest" runstate="Runnable" seed="2126234508" result="Passed" start-time="2023-12-21T14:27:35.5441230Z" end-time="2023-12-21T14:27:35.5443650Z" duration="0.000242" asserts="4">
                  <properties />
                </test-case>
                <test-case id="0-1192" name="OverlapForce_Positive" fullname="Nour.Play.Areas.Evolving.ForceFormulaTestTest.OverlapForce_Positive" methodname="OverlapForce_Positive" classname="Nour.Play.Areas.Evolving.ForceFormulaTestTest" runstate="Runnable" seed="1290028177" result="Passed" start-time="2023-12-21T14:27:35.5443710Z" end-time="2023-12-21T14:27:35.5446080Z" duration="0.000237" asserts="4">
                  <properties />
                </test-case>
              </test-suite>
              <test-suite type="TestFixture" id="0-1194" name="SideToSideForceProducerTest" fullname="Nour.Play.Areas.Evolving.SideToSideForceProducerTest" classname="Nour.Play.Areas.Evolving.SideToSideForceProducerTest" runstate="Runnable" testcasecount="22" result="Passed" start-time="2023-12-21T14:27:35.5446310Z" end-time="2023-12-21T14:27:35.5501910Z" duration="0.005560" total="22" passed="22" failed="0" warnings="0" inconclusive="0" skipped="0" asserts="79">
                <properties />
                <test-case id="0-1212" name="GetAxisDistance_Collide" fullname="Nour.Play.Areas.Evolving.SideToSideForceProducerTest.GetAxisDistance_Collide" methodname="GetAxisDistance_Collide" classname="Nour.Play.Areas.Evolving.SideToSideForceProducerTest" runstate="Runnable" seed="2123057840" result="Passed" start-time="2023-12-21T14:27:35.5446780Z" end-time="2023-12-21T14:27:35.5456430Z" duration="0.000965" asserts="6">
                  <properties />
                </test-case>
                <test-case id="0-1215" name="GetAxisDistance_Contain1" fullname="Nour.Play.Areas.Evolving.SideToSideForceProducerTest.GetAxisDistance_Contain1" methodname="GetAxisDistance_Contain1" classname="Nour.Play.Areas.Evolving.SideToSideForceProducerTest" runstate="Runnable" seed="1189900905" result="Passed" start-time="2023-12-21T14:27:35.5456510Z" end-time="2023-12-21T14:27:35.5459740Z" duration="0.000322" asserts="6">
                  <properties />
                </test-case>
                <test-case id="0-1216" name="GetAxisDistance_Contain2" fullname="Nour.Play.Areas.Evolving.SideToSideForceProducerTest.GetAxisDistance_Contain2" methodname="GetAxisDistance_Contain2" classname="Nour.Play.Areas.Evolving.SideToSideForceProducerTest" runstate="Runnable" seed="1454918677" result="Passed" start-time="2023-12-21T14:27:35.5459800Z" end-time="2023-12-21T14:27:35.5462700Z" duration="0.000290" asserts="6">
                  <properties />
                </test-case>
                <test-case id="0-1210" name="GetAxisDistance_Normal1" fullname="Nour.Play.Areas.Evolving.SideToSideForceProducerTest.GetAxisDistance_Normal1" methodname="GetAxisDistance_Normal1" classname="Nour.Play.Areas.Evolving.SideToSideForceProducerTest" runstate="Runnable" seed="1191196018" result="Passed" start-time="2023-12-21T14:27:35.5462770Z" end-time="2023-12-21T14:27:35.5465570Z" duration="0.000280" asserts="6">
                  <properties />
                </test-case>
                <test-case id="0-1211" name="GetAxisDistance_Normal2" fullname="Nour.Play.Areas.Evolving.SideToSideForceProducerTest.GetAxisDistance_Normal2" methodname="GetAxisDistance_Normal2" classname="Nour.Play.Areas.Evolving.SideToSideForceProducerTest" runstate="Runnable" seed="871993991" result="Passed" start-time="2023-12-21T14:27:35.5465630Z" end-time="2023-12-21T14:27:35.5468380Z" duration="0.000275" asserts="6">
                  <properties />
                </test-case>
                <test-case id="0-1213" name="GetAxisDistance_Overlap1" fullname="Nour.Play.Areas.Evolving.SideToSideForceProducerTest.GetAxisDistance_Overlap1" methodname="GetAxisDistance_Overlap1" classname="Nour.Play.Areas.Evolving.SideToSideForceProducerTest" runstate="Runnable" seed="375592566" result="Passed" start-time="2023-12-21T14:27:35.5468450Z" end-time="2023-12-21T14:27:35.5471250Z" duration="0.000281" asserts="6">
                  <properties />
                </test-case>
                <test-case id="0-1214" name="GetAxisDistance_Overlap2" fullname="Nour.Play.Areas.Evolving.SideToSideForceProducerTest.GetAxisDistance_Overlap2" methodname="GetAxisDistance_Overlap2" classname="Nour.Play.Areas.Evolving.SideToSideForceProducerTest" runstate="Runnable" seed="1586131328" result="Passed" start-time="2023-12-21T14:27:35.5471320Z" end-time="2023-12-21T14:27:35.5474040Z" duration="0.000272" asserts="6">
                  <properties />
                </test-case>
                <test-case id="0-1204" name="GetOpposingForce_CentersInside_NoOpposingForce" fullname="Nour.Play.Areas.Evolving.SideToSideForceProducerTest.GetOpposingForce_CentersInside_NoOpposingForce" methodname="GetOpposingForce_CentersInside_NoOpposingForce" classname="Nour.Play.Areas.Evolving.SideToSideForceProducerTest" runstate="Runnable" seed="265546454" result="Passed" start-time="2023-12-21T14:27:35.5474100Z" end-time="2023-12-21T14:27:35.5476270Z" duration="0.000217" asserts="2">
                  <properties />
                </test-case>
                <test-case id="0-1205" name="GetOpposingForce_CentersInside_WithOpposingForce" fullname="Nour.Play.Areas.Evolving.SideToSideForceProducerTest.GetOpposingForce_CentersInside_WithOpposingForce" methodname="GetOpposingForce_CentersInside_WithOpposingForce" classname="Nour.Play.Areas.Evolving.SideToSideForceProducerTest" runstate="Runnable" seed="453825970" result="Passed" start-time="2023-12-21T14:27:35.5476340Z" end-time="2023-12-21T14:27:35.5478200Z" duration="0.000186" asserts="2">
                  <properties />
                </test-case>
                <test-case id="0-1206" name="GetOpposingForce_CentersOutside_NoOpposingForce" fullname="Nour.Play.Areas.Evolving.SideToSideForceProducerTest.GetOpposingForce_CentersOutside_NoOpposingForce" methodname="GetOpposingForce_CentersOutside_NoOpposingForce" classname="Nour.Play.Areas.Evolving.SideToSideForceProducerTest" runstate="Runnable" seed="647525644" result="Passed" start-time="2023-12-21T14:27:35.5478260Z" end-time="2023-12-21T14:27:35.5480030Z" duration="0.000177" asserts="2">
                  <properties />
                </test-case>
                <test-case id="0-1207" name="GetOpposingForce_CentersOutside_WithOpposingForce" fullname="Nour.Play.Areas.Evolving.SideToSideForceProducerTest.GetOpposingForce_CentersOutside_WithOpposingForce" methodname="GetOpposingForce_CentersOutside_WithOpposingForce" classname="Nour.Play.Areas.Evolving.SideToSideForceProducerTest" runstate="Runnable" seed="1445195403" result="Passed" start-time="2023-12-21T14:27:35.5480090Z" end-time="2023-12-21T14:27:35.5481820Z" duration="0.000174" asserts="2">
                  <properties />
                </test-case>
                <test-case id="0-1208" name="GetOpposingForce_NoIntersection_NoOpposingForce" fullname="Nour.Play.Areas.Evolving.SideToSideForceProducerTest.GetOpposingForce_NoIntersection_NoOpposingForce" methodname="GetOpposingForce_NoIntersection_NoOpposingForce" classname="Nour.Play.Areas.Evolving.SideToSideForceProducerTest" runstate="Runnable" seed="1679328084" result="Passed" start-time="2023-12-21T14:27:35.5481880Z" end-time="2023-12-21T14:27:35.5483570Z" duration="0.000169" asserts="2">
                  <properties />
                </test-case>
                <test-case id="0-1209" name="GetOpposingForce_NoIntersection_WithOpposingForce" fullname="Nour.Play.Areas.Evolving.SideToSideForceProducerTest.GetOpposingForce_NoIntersection_WithOpposingForce" methodname="GetOpposingForce_NoIntersection_WithOpposingForce" classname="Nour.Play.Areas.Evolving.SideToSideForceProducerTest" runstate="Runnable" seed="2048529036" result="Passed" start-time="2023-12-21T14:27:35.5483630Z" end-time="2023-12-21T14:27:35.5485300Z" duration="0.000167" asserts="2">
                  <properties />
                </test-case>
                <test-case id="0-1202" name="GetOpposingForce_WhenCenterMatches_NoOpposingForce" fullname="Nour.Play.Areas.Evolving.SideToSideForceProducerTest.GetOpposingForce_WhenCenterMatches_NoOpposingForce" methodname="GetOpposingForce_WhenCenterMatches_NoOpposingForce" classname="Nour.Play.Areas.Evolving.SideToSideForceProducerTest" runstate="Runnable" seed="818001102" result="Passed" start-time="2023-12-21T14:27:35.5485360Z" end-time="2023-12-21T14:27:35.5487020Z" duration="0.000167" asserts="2">
                  <properties />
                </test-case>
                <test-case id="0-1203" name="GetOpposingForce_WhenCenterMatches_WithOpposingForce" fullname="Nour.Play.Areas.Evolving.SideToSideForceProducerTest.GetOpposingForce_WhenCenterMatches_WithOpposingForce" methodname="GetOpposingForce_WhenCenterMatches_WithOpposingForce" classname="Nour.Play.Areas.Evolving.SideToSideForceProducerTest" runstate="Runnable" seed="1063183965" result="Passed" start-time="2023-12-21T14:27:35.5487080Z" end-time="2023-12-21T14:27:35.5488770Z" duration="0.000169" asserts="2">
                  <properties />
                </test-case>
                <test-case id="0-1198" name="MapAreaSystemTest_DistanceCentersMatch" fullname="Nour.Play.Areas.Evolving.SideToSideForceProducerTest.MapAreaSystemTest_DistanceCentersMatch" methodname="MapAreaSystemTest_DistanceCentersMatch" classname="Nour.Play.Areas.Evolving.SideToSideForceProducerTest" runstate="Runnable" seed="1371140888" result="Passed" start-time="2023-12-21T14:27:35.5488830Z" end-time="2023-12-21T14:27:35.5490840Z" duration="0.000201" asserts="3">
                  <properties />
                </test-case>
                <test-case id="0-1201" name="MapAreaSystemTest_DistanceNegativeCollide" fullname="Nour.Play.Areas.Evolving.SideToSideForceProducerTest.MapAreaSystemTest_DistanceNegativeCollide" methodname="MapAreaSystemTest_DistanceNegativeCollide" classname="Nour.Play.Areas.Evolving.SideToSideForceProducerTest" runstate="Runnable" seed="1649589221" result="Passed" start-time="2023-12-21T14:27:35.5490900Z" end-time="2023-12-21T14:27:35.5492860Z" duration="0.000196" asserts="3">
                  <properties />
                </test-case>
                <test-case id="0-1199" name="MapAreaSystemTest_DistanceNegativeNormal" fullname="Nour.Play.Areas.Evolving.SideToSideForceProducerTest.MapAreaSystemTest_DistanceNegativeNormal" methodname="MapAreaSystemTest_DistanceNegativeNormal" classname="Nour.Play.Areas.Evolving.SideToSideForceProducerTest" runstate="Runnable" seed="1465254004" result="Passed" start-time="2023-12-21T14:27:35.5492920Z" end-time="2023-12-21T14:27:35.5494660Z" duration="0.000175" asserts="3">
                  <properties />
                </test-case>
                <test-case id="0-1200" name="MapAreaSystemTest_DistanceNegativeOverlap" fullname="Nour.Play.Areas.Evolving.SideToSideForceProducerTest.MapAreaSystemTest_DistanceNegativeOverlap" methodname="MapAreaSystemTest_DistanceNegativeOverlap" classname="Nour.Play.Areas.Evolving.SideToSideForceProducerTest" runstate="Runnable" seed="282682036" result="Passed" start-time="2023-12-21T14:27:35.5494720Z" end-time="2023-12-21T14:27:35.5496480Z" duration="0.000176" asserts="3">
                  <properties />
                </test-case>
                <test-case id="0-1197" name="MapAreaSystemTest_DistancePositiveCollide" fullname="Nour.Play.Areas.Evolving.SideToSideForceProducerTest.MapAreaSystemTest_DistancePositiveCollide" methodname="MapAreaSystemTest_DistancePositiveCollide" classname="Nour.Play.Areas.Evolving.SideToSideForceProducerTest" runstate="Runnable" seed="895068939" result="Passed" start-time="2023-12-21T14:27:35.5496540Z" end-time="2023-12-21T14:27:35.5498270Z" duration="0.000173" asserts="3">
                  <properties />
                </test-case>
                <test-case id="0-1195" name="MapAreaSystemTest_DistancePositiveNormal" fullname="Nour.Play.Areas.Evolving.SideToSideForceProducerTest.MapAreaSystemTest_DistancePositiveNormal" methodname="MapAreaSystemTest_DistancePositiveNormal" classname="Nour.Play.Areas.Evolving.SideToSideForceProducerTest" runstate="Runnable" seed="1191909200" result="Passed" start-time="2023-12-21T14:27:35.5498320Z" end-time="2023-12-21T14:27:35.5500050Z" duration="0.000172" asserts="3">
                  <properties />
                </test-case>
                <test-case id="0-1196" name="MapAreaSystemTest_DistancePositiveOverlap" fullname="Nour.Play.Areas.Evolving.SideToSideForceProducerTest.MapAreaSystemTest_DistancePositiveOverlap" methodname="MapAreaSystemTest_DistancePositiveOverlap" classname="Nour.Play.Areas.Evolving.SideToSideForceProducerTest" runstate="Runnable" seed="674420491" result="Passed" start-time="2023-12-21T14:27:35.5500100Z" end-time="2023-12-21T14:27:35.5501800Z" duration="0.000170" asserts="3">
                  <properties />
                </test-case>
              </test-suite>
            </test-suite>
            <test-suite type="TestFixture" id="0-1094" name="MapAreaTest" fullname="Nour.Play.Areas.MapAreaTest" classname="Nour.Play.Areas.MapAreaTest" runstate="Runnable" testcasecount="4" result="Passed" start-time="2023-12-21T14:27:35.5502090Z" end-time="2023-12-21T14:27:35.5515240Z" duration="0.001315" total="4" passed="4" failed="0" warnings="0" inconclusive="0" skipped="0" asserts="18">
              <properties />
              <test-case id="0-1097" name="Overlaps_ReturnsFalseIfDoesNotOverlap" fullname="Nour.Play.Areas.MapAreaTest.Overlaps_ReturnsFalseIfDoesNotOverlap" methodname="Overlaps_ReturnsFalseIfDoesNotOverlap" classname="Nour.Play.Areas.MapAreaTest" runstate="Runnable" seed="1865292245" result="Passed" start-time="2023-12-21T14:27:35.5502520Z" end-time="2023-12-21T14:27:35.5503850Z" duration="0.000133" asserts="7">
                <properties />
              </test-case>
              <test-case id="0-1096" name="Overlaps_ReturnsTrueIfOverlaps" fullname="Nour.Play.Areas.MapAreaTest.Overlaps_ReturnsTrueIfOverlaps" methodname="Overlaps_ReturnsTrueIfOverlaps" classname="Nour.Play.Areas.MapAreaTest" runstate="Runnable" seed="119785935" result="Passed" start-time="2023-12-21T14:27:35.5505080Z" end-time="2023-12-21T14:27:35.5506010Z" duration="0.000093" asserts="7">
                <properties />
              </test-case>
              <test-case id="0-1095" name="Overlaps_ThrowsIfSame" fullname="Nour.Play.Areas.MapAreaTest.Overlaps_ThrowsIfSame" methodname="Overlaps_ThrowsIfSame" classname="Nour.Play.Areas.MapAreaTest" runstate="Runnable" seed="1293939157" result="Passed" start-time="2023-12-21T14:27:35.5506060Z" end-time="2023-12-21T14:27:35.5512870Z" duration="0.000681" asserts="2">
                <properties />
              </test-case>
              <test-case id="0-1098" name="Position_ThrowsIfNotInitialized" fullname="Nour.Play.Areas.MapAreaTest.Position_ThrowsIfNotInitialized" methodname="Position_ThrowsIfNotInitialized" classname="Nour.Play.Areas.MapAreaTest" runstate="Runnable" seed="389069314" result="Passed" start-time="2023-12-21T14:27:35.5512940Z" end-time="2023-12-21T14:27:35.5515130Z" duration="0.000220" asserts="2">
                <properties />
              </test-case>
            </test-suite>
          </test-suite>
          <test-suite type="TestFixture" id="0-1033" name="CellTest" fullname="Nour.Play.CellTest" classname="Nour.Play.CellTest" runstate="Runnable" testcasecount="3" result="Passed" start-time="2023-12-21T14:27:35.5515390Z" end-time="2023-12-21T14:27:35.5546990Z" duration="0.003159" total="3" passed="3" failed="0" warnings="0" inconclusive="0" skipped="0" asserts="18">
            <properties />
            <test-case id="0-1036" name="Map2D_DoubleLinkingThrowsError" fullname="Nour.Play.CellTest.Map2D_DoubleLinkingThrowsError" methodname="Map2D_DoubleLinkingThrowsError" classname="Nour.Play.CellTest" runstate="Runnable" seed="1539318236" result="Passed" start-time="2023-12-21T14:27:35.5515820Z" end-time="2023-12-21T14:27:35.5519650Z" duration="0.000383" asserts="1">
              <properties />
            </test-case>
            <test-case id="0-1034" name="Map2D_LinksAreMutual" fullname="Nour.Play.CellTest.Map2D_LinksAreMutual" methodname="Map2D_LinksAreMutual" classname="Nour.Play.CellTest" runstate="Runnable" seed="1459825667" result="Passed" start-time="2023-12-21T14:27:35.5519720Z" end-time="2023-12-21T14:27:35.5543930Z" duration="0.002421" asserts="10">
              <properties />
            </test-case>
            <test-case id="0-1035" name="Map2D_ToString" fullname="Nour.Play.CellTest.Map2D_ToString" methodname="Map2D_ToString" classname="Nour.Play.CellTest" runstate="Runnable" seed="1801622772" result="Passed" start-time="2023-12-21T14:27:35.5544010Z" end-time="2023-12-21T14:27:35.5546870Z" duration="0.000286" asserts="7">
              <properties />
            </test-case>
          </test-suite>
          <test-suite type="TestFixture" id="0-1004" name="DeadEndTest" fullname="Nour.Play.DeadEndTest" classname="Nour.Play.DeadEndTest" runstate="Runnable" testcasecount="1" result="Passed" start-time="2023-12-21T14:27:35.5547100Z" end-time="2023-12-21T14:27:35.5576320Z" duration="0.002923" total="1" passed="1" failed="0" warnings="0" inconclusive="0" skipped="0" asserts="7">
            <properties />
            <test-case id="0-1005" name="DeadEnd_CanFindDeadEnds" fullname="Nour.Play.DeadEndTest.DeadEnd_CanFindDeadEnds" methodname="DeadEnd_CanFindDeadEnds" classname="Nour.Play.DeadEndTest" runstate="Runnable" seed="127119953" result="Passed" start-time="2023-12-21T14:27:35.5547540Z" end-time="2023-12-21T14:27:35.5576200Z" duration="0.002866" asserts="7">
              <properties />
            </test-case>
          </test-suite>
          <test-suite type="TestFixture" id="0-1006" name="DijkstraDistanceTest" fullname="Nour.Play.DijkstraDistanceTest" classname="Nour.Play.DijkstraDistanceTest" runstate="Runnable" testcasecount="4" result="Passed" start-time="2023-12-21T14:27:35.5576430Z" end-time="2023-12-21T14:27:35.5645750Z" duration="0.006932" total="4" passed="4" failed="0" warnings="0" inconclusive="0" skipped="0" asserts="11">
            <properties />
            <test-case id="0-1010" name="DijkstraDistance_CanFindLongestTrail" fullname="Nour.Play.DijkstraDistanceTest.DijkstraDistance_CanFindLongestTrail" methodname="DijkstraDistance_CanFindLongestTrail" classname="Nour.Play.DijkstraDistanceTest" runstate="Runnable" seed="239813816" result="Passed" start-time="2023-12-21T14:27:35.5576870Z" end-time="2023-12-21T14:27:35.5614650Z" duration="0.003777" asserts="4">
              <properties />
            </test-case>
            <test-case id="0-1008" name="DijkstraDistance_CanSolveAMaze" fullname="Nour.Play.DijkstraDistanceTest.DijkstraDistance_CanSolveAMaze" methodname="DijkstraDistance_CanSolveAMaze" classname="Nour.Play.DijkstraDistanceTest" runstate="Runnable" seed="139982454" result="Passed" start-time="2023-12-21T14:27:35.5614730Z" end-time="2023-12-21T14:27:35.5618140Z" duration="0.000341" asserts="4">
              <properties />
            </test-case>
            <test-case id="0-1007" name="DijkstraDistance_FindsAllDistances" fullname="Nour.Play.DijkstraDistanceTest.DijkstraDistance_FindsAllDistances" methodname="DijkstraDistance_FindsAllDistances" classname="Nour.Play.DijkstraDistanceTest" runstate="Runnable" seed="1948347846" result="Passed" start-time="2023-12-21T14:27:35.5618210Z" end-time="2023-12-21T14:27:35.5644150Z" duration="0.002594" asserts="2">
              <properties />
              <output><![CDATA[AldousBroderMazeGenerator v0.1
Generating maze 10x10
]]></output>
            </test-case>
            <test-case id="0-1009" name="DijkstraDistance_ReturnsEmptyIfNoSolutionFound" fullname="Nour.Play.DijkstraDistanceTest.DijkstraDistance_ReturnsEmptyIfNoSolutionFound" methodname="DijkstraDistance_ReturnsEmptyIfNoSolutionFound" classname="Nour.Play.DijkstraDistanceTest" runstate="Runnable" seed="1482998851" result="Passed" start-time="2023-12-21T14:27:35.5644230Z" end-time="2023-12-21T14:27:35.5645640Z" duration="0.000140" asserts="1">
              <properties />
            </test-case>
          </test-suite>
          <test-suite type="TestFixture" id="0-1011" name="Map2DTest" fullname="Nour.Play.Map2DTest" classname="Nour.Play.Map2DTest" runstate="Runnable" testcasecount="5" result="Passed" start-time="2023-12-21T14:27:35.5645900Z" end-time="2023-12-21T14:27:35.5676010Z" duration="0.003011" total="5" passed="5" failed="0" warnings="0" inconclusive="0" skipped="0" asserts="21">
            <properties />
            <test-case id="0-1015" name="CellsAt_FourCellsFar" fullname="Nour.Play.Map2DTest.CellsAt_FourCellsFar" methodname="CellsAt_FourCellsFar" classname="Nour.Play.Map2DTest" runstate="Runnable" seed="615111132" result="Passed" start-time="2023-12-21T14:27:35.5646470Z" end-time="2023-12-21T14:27:35.5661960Z" duration="0.001549" asserts="5">
              <properties />
            </test-case>
            <test-case id="0-1012" name="CellsAt_OneCell" fullname="Nour.Play.Map2DTest.CellsAt_OneCell" methodname="CellsAt_OneCell" classname="Nour.Play.Map2DTest" runstate="Runnable" seed="1719393565" result="Passed" start-time="2023-12-21T14:27:35.5662040Z" end-time="2023-12-21T14:27:35.5664230Z" duration="0.000219" asserts="2">
              <properties />
            </test-case>
            <test-case id="0-1016" name="CellsAt_OutOfBounds" fullname="Nour.Play.Map2DTest.CellsAt_OutOfBounds" methodname="CellsAt_OutOfBounds" classname="Nour.Play.Map2DTest" runstate="Runnable" seed="158505080" result="Passed" start-time="2023-12-21T14:27:35.5664300Z" end-time="2023-12-21T14:27:35.5669300Z" duration="0.000500" asserts="4">
              <properties />
            </test-case>
            <test-case id="0-1014" name="CellsAt_TreeByTwo" fullname="Nour.Play.Map2DTest.CellsAt_TreeByTwo" methodname="CellsAt_TreeByTwo" classname="Nour.Play.Map2DTest" runstate="Runnable" seed="1386271598" result="Passed" start-time="2023-12-21T14:27:35.5669370Z" end-time="2023-12-21T14:27:35.5673400Z" duration="0.000403" asserts="7">
              <properties />
            </test-case>
            <test-case id="0-1013" name="CellsAt_TwoCells" fullname="Nour.Play.Map2DTest.CellsAt_TwoCells" methodname="CellsAt_TwoCells" classname="Nour.Play.Map2DTest" runstate="Runnable" seed="217530962" result="Passed" start-time="2023-12-21T14:27:35.5673470Z" end-time="2023-12-21T14:27:35.5675900Z" duration="0.000242" asserts="3">
              <properties />
            </test-case>
          </test-suite>
          <test-suite type="TestFixture" id="0-1018" name="Maze2DRendererTest" fullname="Nour.Play.Maze2DRendererTest" classname="Nour.Play.Maze2DRendererTest" runstate="Runnable" testcasecount="5" result="Passed" start-time="2023-12-21T14:27:35.5676110Z" end-time="2023-12-21T14:27:35.5815230Z" duration="0.013912" total="5" passed="5" failed="0" warnings="0" inconclusive="0" skipped="0" asserts="54">
            <properties />
            <test-case id="0-1023" name="CellsMapping_ValidMapping" fullname="Nour.Play.Maze2DRendererTest.CellsMapping_ValidMapping" methodname="CellsMapping_ValidMapping" classname="Nour.Play.Maze2DRendererTest" runstate="Runnable" seed="185778997" result="Passed" start-time="2023-12-21T14:27:35.5676500Z" end-time="2023-12-21T14:27:35.5761120Z" duration="0.008462" asserts="45">
              <properties />
              <output><![CDATA[┌───────────┐    
│           │    
│   ┌───┐   └───┐
│   │   │       │
│   └───┼───┬───┤
│       │   │   │
│   ┼   └───┘   │
│               │
└───────────────┘

]]></output>
            </test-case>
            <test-case id="0-1021" name="Maze2DAsciiBoxRenderer_CanConvertToAscii" fullname="Nour.Play.Maze2DRendererTest.Maze2DAsciiBoxRenderer_CanConvertToAscii" methodname="Maze2DAsciiBoxRenderer_CanConvertToAscii" classname="Nour.Play.Maze2DRendererTest" runstate="Runnable" seed="602850829" result="Passed" start-time="2023-12-21T14:27:35.5761250Z" end-time="2023-12-21T14:27:35.5764090Z" duration="0.000284" asserts="1">
              <properties />
              <output><![CDATA[┌───────────┐    
│           │    
│   ┌───┐   └───┐
│   │   │       │
│   └───┼───┬───┤
│       │   │   │
│   ┼   └───┘   │
│               │
└───────────────┘

┌───────────┐    
│           │    
│   ┌───┐   └───┐
│   │   │       │
│   └───┼───┬───┤
│       │   │   │
│   ┼   └───┘   │
│               │
└───────────────┘

]]></output>
            </test-case>
            <test-case id="0-1019" name="Maze2DToMap2DConverter_CanGenerateMap" fullname="Nour.Play.Maze2DRendererTest.Maze2DToMap2DConverter_CanGenerateMap" methodname="Maze2DToMap2DConverter_CanGenerateMap" classname="Nour.Play.Maze2DRendererTest" runstate="Runnable" seed="660652005" result="Passed" start-time="2023-12-21T14:27:35.5764170Z" end-time="2023-12-21T14:27:35.5796320Z" duration="0.003215" asserts="1">
              <properties />
              <output><![CDATA[┌───────────┐    
│           │    
│   ┌───┐   └───┐
│   │   │       │
│   └───┼───┬───┤
│       │   │   │
│   ┼   └───┘   │
│               │
└───────────────┘

0000000000000
▓▓▓▓▓▓▓▓▓0000
▓░░░░░░░▓▓000
▓░▒▓▓▓▒░▒▓▓▓▓
▓░▓▓▓▓▓░░░░░▓
▓░▓▓▓▓▓░░░░░▓
▓░▓▓▓▓▓▓▓▓▓▓▓
▓░▒▓▓▓▓▓▓▓▓▓▓
▓░░░░░▓▓▓▓░░▓
▓░░░░░▒▓▓▒░░▓
▓░░░░░░░░░░░▓
▓░░░░░░░░░░░▓
▓▓▓▓▓▓▓▓▓▓▓▓▓
0000000000000

]]></output>
            </test-case>
            <test-case id="0-1020" name="Maze2DToMap2DConverter_CanGenerateMap2" fullname="Nour.Play.Maze2DRendererTest.Maze2DToMap2DConverter_CanGenerateMap2" methodname="Maze2DToMap2DConverter_CanGenerateMap2" classname="Nour.Play.Maze2DRendererTest" runstate="Runnable" seed="366092578" result="Passed" start-time="2023-12-21T14:27:35.5796430Z" end-time="2023-12-21T14:27:35.5809090Z" duration="0.001267" asserts="1">
              <properties />
              <output><![CDATA[┌───────────┐    
│           │    
│   ┌───┐   └───┐
│   │   │       │
│   └───┼───┬───┤
│       │   │   │
│   ┼   └───┘   │
│               │
└───────────────┘

0▓▓▓▓▓▓▓▓▓▓▓▓▓▓00000
0▓░░░░░░░░░░░░▓00000
0▓░░▒▓▓▓▓▓▒░░░▓▓0000
0▓░░▓▓▓▓▓▓▓░░░▒▓▓▓▓0
0▓░░▓▓▓▓▓▓▓░░░░░░░▓0
0▓░░▒▓▓▓▓▓▓▓▓▓▓▓▓▓▓0
0▓░░░░░░░▓00000▓░░▓0
0▓░░░░░░░▓00000▓░░▓0
0▓░░░░░░░▓▓▓▓▓▓▓░░▓0
0▓░░░░░░░▒▓▓▓▓▓▒░░▓0
0▓░░░░░░░░░░░░░░░░▓0
0▓▓▓▓▓▓▓▓▓▓▓▓▓▓▓▓▓▓0

]]></output>
            </test-case>
            <test-case id="0-1022" name="Maze2DToMap2DConverter_ThrowsIfInvalidOptions" fullname="Nour.Play.Maze2DRendererTest.Maze2DToMap2DConverter_ThrowsIfInvalidOptions" methodname="Maze2DToMap2DConverter_ThrowsIfInvalidOptions" classname="Nour.Play.Maze2DRendererTest" runstate="Runnable" seed="877322791" result="Passed" start-time="2023-12-21T14:27:35.5809180Z" end-time="2023-12-21T14:27:35.5815090Z" duration="0.000591" asserts="6">
              <properties />
              <output><![CDATA[┌───────────┐    
│           │    
│   ┌───┐   └───┐
│   │   │       │
│   └───┼───┬───┤
│       │   │   │
│   ┼   └───┘   │
│               │
└───────────────┘

]]></output>
            </test-case>
          </test-suite>
          <test-suite type="TestFixture" id="0-1024" name="Maze2DTest" fullname="Nour.Play.Maze2DTest" classname="Nour.Play.Maze2DTest" runstate="Runnable" testcasecount="8" result="Passed" start-time="2023-12-21T14:27:35.5815350Z" end-time="2023-12-21T14:27:35.5861810Z" duration="0.004646" total="8" passed="8" failed="0" warnings="0" inconclusive="0" skipped="0" asserts="172">
            <properties />
            <test-case id="0-1031" name="Maze2D_CanParse" fullname="Nour.Play.Maze2DTest.Maze2D_CanParse" methodname="Maze2D_CanParse" classname="Nour.Play.Maze2DTest" runstate="Runnable" seed="1138757357" result="Passed" start-time="2023-12-21T14:27:35.5815720Z" end-time="2023-12-21T14:27:35.5820930Z" duration="0.000521" asserts="16">
              <properties />
              <output><![CDATA[┌───────────┐
│           │
├───╴   ┌───┤
│       │   │
│   ╷   ╵   │
│   │       │
└───┴───────┘

]]></output>
            </test-case>
            <test-case id="0-1032" name="Maze2D_CanParse2" fullname="Nour.Play.Maze2DTest.Maze2D_CanParse2" methodname="Maze2D_CanParse2" classname="Nour.Play.Maze2DTest" runstate="Runnable" seed="1561668225" result="Passed" start-time="2023-12-21T14:27:35.5821010Z" end-time="2023-12-21T14:27:35.5821730Z" duration="0.000072" asserts="1">
              <properties />
            </test-case>
            <test-case id="0-1029" name="Maze2D_CanScaleMap" fullname="Nour.Play.Maze2DTest.Maze2D_CanScaleMap" methodname="Maze2D_CanScaleMap" classname="Nour.Play.Maze2DTest" runstate="Runnable" seed="2098346608" result="Passed" start-time="2023-12-21T14:27:35.5821790Z" end-time="2023-12-21T14:27:35.5828240Z" duration="0.000646" asserts="1">
              <properties />
              <output><![CDATA[AldousBroderMazeGenerator v0.1
Generating maze 3x3
]]></output>
            </test-case>
            <test-case id="0-1028" name="Maze2D_CellsNeighborsAreValid" fullname="Nour.Play.Maze2DTest.Maze2D_CellsNeighborsAreValid" methodname="Maze2D_CellsNeighborsAreValid" classname="Nour.Play.Maze2DTest" runstate="Runnable" seed="1567732554" result="Passed" start-time="2023-12-21T14:27:35.5828310Z" end-time="2023-12-21T14:27:35.5840820Z" duration="0.001251" asserts="136">
              <properties />
            </test-case>
            <test-case id="0-1030" name="Maze2D_HasAttributesSet" fullname="Nour.Play.Maze2DTest.Maze2D_HasAttributesSet" methodname="Maze2D_HasAttributesSet" classname="Nour.Play.Maze2DTest" runstate="Runnable" seed="775698026" result="Passed" start-time="2023-12-21T14:27:35.5840900Z" end-time="2023-12-21T14:27:35.5842410Z" duration="0.000151" asserts="2">
              <properties />
              <output><![CDATA[AldousBroderMazeGenerator v0.1
Generating maze 3x3
]]></output>
            </test-case>
            <test-case id="0-1025" name="Maze2D_IsInitialized" fullname="Nour.Play.Maze2DTest.Maze2D_IsInitialized" methodname="Maze2D_IsInitialized" classname="Nour.Play.Maze2DTest" runstate="Runnable" seed="2037010658" result="Passed" start-time="2023-12-21T14:27:35.5842480Z" end-time="2023-12-21T14:27:35.5843770Z" duration="0.000130" asserts="4">
              <properties />
            </test-case>
            <test-case id="0-1027" name="Maze2D_ToMapWrongOptions" fullname="Nour.Play.Maze2DTest.Maze2D_ToMapWrongOptions" methodname="Maze2D_ToMapWrongOptions" classname="Nour.Play.Maze2DTest" runstate="Runnable" seed="1883963672" result="Passed" start-time="2023-12-21T14:27:35.5843840Z" end-time="2023-12-21T14:27:35.5858980Z" duration="0.001515" asserts="7">
              <properties />
            </test-case>
            <test-case id="0-1026" name="Maze2D_WrongSize" fullname="Nour.Play.Maze2DTest.Maze2D_WrongSize" methodname="Maze2D_WrongSize" classname="Nour.Play.Maze2DTest" runstate="Runnable" seed="338637403" result="Passed" start-time="2023-12-21T14:27:35.5859060Z" end-time="2023-12-21T14:27:35.5861700Z" duration="0.000264" asserts="5">
              <properties />
            </test-case>
          </test-suite>
          <test-suite type="TestFixture" id="0-1037" name="MazeGeneratorTest" fullname="Nour.Play.MazeGeneratorTest" classname="Nour.Play.MazeGeneratorTest" runstate="Runnable" testcasecount="20" result="Passed" start-time="2023-12-21T14:27:35.5861920Z" end-time="2023-12-21T14:27:35.6021080Z" duration="0.015917" total="20" passed="20" failed="0" warnings="0" inconclusive="0" skipped="0" asserts="33">
            <properties />
            <test-suite type="ParameterizedMethod" id="0-1059" name="DijkstraDistance_CanFindPaths" fullname="Nour.Play.MazeGeneratorTest.DijkstraDistance_CanFindPaths" classname="Nour.Play.MazeGeneratorTest" runstate="Runnable" testcasecount="6" result="Passed" start-time="2023-12-21T14:27:35.5862260Z" end-time="2023-12-21T14:27:35.5936250Z" duration="0.007399" total="6" passed="6" failed="0" warnings="0" inconclusive="0" skipped="0" asserts="12">
              <properties />
              <test-case id="0-1053" name="DijkstraDistance_CanFindPaths(Nour.Play.Maze.AldousBroderMazeGenerator)" fullname="Nour.Play.MazeGeneratorTest.DijkstraDistance_CanFindPaths(Nour.Play.Maze.AldousBroderMazeGenerator)" methodname="DijkstraDistance_CanFindPaths" classname="Nour.Play.MazeGeneratorTest" runstate="Runnable" seed="2022607879" result="Passed" start-time="2023-12-21T14:27:35.5862390Z" end-time="2023-12-21T14:27:35.5864420Z" duration="0.000204" asserts="2">
                <properties />
                <output><![CDATA[AldousBroderMazeGenerator v0.1
Generating maze 3x4
]]></output>
              </test-case>
              <test-case id="0-1054" name="DijkstraDistance_CanFindPaths(Nour.Play.Maze.BinaryTreeMazeGenerator)" fullname="Nour.Play.MazeGeneratorTest.DijkstraDistance_CanFindPaths(Nour.Play.Maze.BinaryTreeMazeGenerator)" methodname="DijkstraDistance_CanFindPaths" classname="Nour.Play.MazeGeneratorTest" runstate="Runnable" seed="1907266797" result="Passed" start-time="2023-12-21T14:27:35.5864490Z" end-time="2023-12-21T14:27:35.5916110Z" duration="0.005162" asserts="2">
                <properties />
                <output><![CDATA[BinaryTree v0.1
Generating maze 3x4
]]></output>
              </test-case>
              <test-case id="0-1055" name="DijkstraDistance_CanFindPaths(Nour.Play.Maze.HuntAndKillMazeGenerator)" fullname="Nour.Play.MazeGeneratorTest.DijkstraDistance_CanFindPaths(Nour.Play.Maze.HuntAndKillMazeGenerator)" methodname="DijkstraDistance_CanFindPaths" classname="Nour.Play.MazeGeneratorTest" runstate="Runnable" seed="1514637444" result="Passed" start-time="2023-12-21T14:27:35.5916210Z" end-time="2023-12-21T14:27:35.5922110Z" duration="0.000590" asserts="2">
                <properties />
                <output><![CDATA[HuntAndKillMazeGenerator v0.1
Generating maze 3x4
]]></output>
              </test-case>
              <test-case id="0-1056" name="DijkstraDistance_CanFindPaths(Nour.Play.Maze.RecursiveBacktrackerMazeGenerator)" fullname="Nour.Play.MazeGeneratorTest.DijkstraDistance_CanFindPaths(Nour.Play.Maze.RecursiveBacktrackerMazeGenerator)" methodname="DijkstraDistance_CanFindPaths" classname="Nour.Play.MazeGeneratorTest" runstate="Runnable" seed="311206895" result="Passed" start-time="2023-12-21T14:27:35.5922180Z" end-time="2023-12-21T14:27:35.5927880Z" duration="0.000570" asserts="2">
                <properties />
                <output><![CDATA[RecursiveBacktrackerMazeGenerator v0.1
Generating maze 3x4
]]></output>
              </test-case>
              <test-case id="0-1057" name="DijkstraDistance_CanFindPaths(Nour.Play.Maze.SidewinderMazeGenerator)" fullname="Nour.Play.MazeGeneratorTest.DijkstraDistance_CanFindPaths(Nour.Play.Maze.SidewinderMazeGenerator)" methodname="DijkstraDistance_CanFindPaths" classname="Nour.Play.MazeGeneratorTest" runstate="Runnable" seed="710832756" result="Passed" start-time="2023-12-21T14:27:35.5927950Z" end-time="2023-12-21T14:27:35.5932370Z" duration="0.000442" asserts="2">
                <properties />
                <output><![CDATA[Sidewinder v0.1
Generating maze 3x4
]]></output>
              </test-case>
              <test-case id="0-1058" name="DijkstraDistance_CanFindPaths(Nour.Play.Maze.WilsonsMazeGenerator)" fullname="Nour.Play.MazeGeneratorTest.DijkstraDistance_CanFindPaths(Nour.Play.Maze.WilsonsMazeGenerator)" methodname="DijkstraDistance_CanFindPaths" classname="Nour.Play.MazeGeneratorTest" runstate="Runnable" seed="378555372" result="Passed" start-time="2023-12-21T14:27:35.5932430Z" end-time="2023-12-21T14:27:35.5936160Z" duration="0.000372" asserts="2">
                <properties />
                <output><![CDATA[WilsonsMazeGenerator v0.1
Generating maze 3x4
]]></output>
              </test-case>
            </test-suite>
            <test-suite type="ParameterizedMethod" id="0-1044" name="MazeGenerator_CanGenerateMazes" fullname="Nour.Play.MazeGeneratorTest.MazeGenerator_CanGenerateMazes" classname="Nour.Play.MazeGeneratorTest" runstate="Runnable" testcasecount="6" result="Passed" start-time="2023-12-21T14:27:35.5936320Z" end-time="2023-12-21T14:27:35.5944170Z" duration="0.000785" total="6" passed="6" failed="0" warnings="0" inconclusive="0" skipped="0" asserts="12">
              <properties />
              <test-case id="0-1038" name="MazeGenerator_CanGenerateMazes(Nour.Play.Maze.AldousBroderMazeGenerator)" fullname="Nour.Play.MazeGeneratorTest.MazeGenerator_CanGenerateMazes(Nour.Play.Maze.AldousBroderMazeGenerator)" methodname="MazeGenerator_CanGenerateMazes" classname="Nour.Play.MazeGeneratorTest" runstate="Runnable" seed="1280007463" result="Passed" start-time="2023-12-21T14:27:35.5936490Z" end-time="2023-12-21T14:27:35.5939830Z" duration="0.000335" asserts="2">
                <properties />
                <output><![CDATA[AldousBroderMazeGenerator v0.1
Generating maze 3x4
]]></output>
              </test-case>
              <test-case id="0-1039" name="MazeGenerator_CanGenerateMazes(Nour.Play.Maze.BinaryTreeMazeGenerator)" fullname="Nour.Play.MazeGeneratorTest.MazeGenerator_CanGenerateMazes(Nour.Play.Maze.BinaryTreeMazeGenerator)" methodname="MazeGenerator_CanGenerateMazes" classname="Nour.Play.MazeGeneratorTest" runstate="Runnable" seed="1654476471" result="Passed" start-time="2023-12-21T14:27:35.5939910Z" end-time="2023-12-21T14:27:35.5940990Z" duration="0.000108" asserts="2">
                <properties />
                <output><![CDATA[BinaryTree v0.1
Generating maze 3x4
]]></output>
              </test-case>
              <test-case id="0-1040" name="MazeGenerator_CanGenerateMazes(Nour.Play.Maze.HuntAndKillMazeGenerator)" fullname="Nour.Play.MazeGeneratorTest.MazeGenerator_CanGenerateMazes(Nour.Play.Maze.HuntAndKillMazeGenerator)" methodname="MazeGenerator_CanGenerateMazes" classname="Nour.Play.MazeGeneratorTest" runstate="Runnable" seed="410880199" result="Passed" start-time="2023-12-21T14:27:35.5941040Z" end-time="2023-12-21T14:27:35.5941660Z" duration="0.000062" asserts="2">
                <properties />
                <output><![CDATA[HuntAndKillMazeGenerator v0.1
Generating maze 3x4
]]></output>
              </test-case>
              <test-case id="0-1041" name="MazeGenerator_CanGenerateMazes(Nour.Play.Maze.RecursiveBacktrackerMazeGenerator)" fullname="Nour.Play.MazeGeneratorTest.MazeGenerator_CanGenerateMazes(Nour.Play.Maze.RecursiveBacktrackerMazeGenerator)" methodname="MazeGenerator_CanGenerateMazes" classname="Nour.Play.MazeGeneratorTest" runstate="Runnable" seed="1223437568" result="Passed" start-time="2023-12-21T14:27:35.5941720Z" end-time="2023-12-21T14:27:35.5942370Z" duration="0.000066" asserts="2">
                <properties />
                <output><![CDATA[RecursiveBacktrackerMazeGenerator v0.1
Generating maze 3x4
]]></output>
              </test-case>
              <test-case id="0-1042" name="MazeGenerator_CanGenerateMazes(Nour.Play.Maze.SidewinderMazeGenerator)" fullname="Nour.Play.MazeGeneratorTest.MazeGenerator_CanGenerateMazes(Nour.Play.Maze.SidewinderMazeGenerator)" methodname="MazeGenerator_CanGenerateMazes" classname="Nour.Play.MazeGeneratorTest" runstate="Runnable" seed="553633524" result="Passed" start-time="2023-12-21T14:27:35.5942420Z" end-time="2023-12-21T14:27:35.5943360Z" duration="0.000094" asserts="2">
                <properties />
                <output><![CDATA[Sidewinder v0.1
Generating maze 3x4
]]></output>
              </test-case>
              <test-case id="0-1043" name="MazeGenerator_CanGenerateMazes(Nour.Play.Maze.WilsonsMazeGenerator)" fullname="Nour.Play.MazeGeneratorTest.MazeGenerator_CanGenerateMazes(Nour.Play.Maze.WilsonsMazeGenerator)" methodname="MazeGenerator_CanGenerateMazes" classname="Nour.Play.MazeGeneratorTest" runstate="Runnable" seed="533378142" result="Passed" start-time="2023-12-21T14:27:35.5943420Z" end-time="2023-12-21T14:27:35.5944100Z" duration="0.000068" asserts="2">
                <properties />
                <output><![CDATA[WilsonsMazeGenerator v0.1
Generating maze 3x4
]]></output>
              </test-case>
            </test-suite>
            <test-case id="0-1047" name="MazeGenerator_IsFillComplete_Full" fullname="Nour.Play.MazeGeneratorTest.MazeGenerator_IsFillComplete_Full" methodname="MazeGenerator_IsFillComplete_Full" classname="Nour.Play.MazeGeneratorTest" runstate="Runnable" seed="818691210" result="Passed" start-time="2023-12-21T14:27:35.5944220Z" end-time="2023-12-21T14:27:35.5960610Z" duration="0.001638" asserts="1">
              <properties />
              <output><![CDATA[AldousBroderMazeGenerator v0.1
Generating maze 10x10
]]></output>
            </test-case>
            <test-case id="0-1052" name="MazeGenerator_IsFillComplete_FullHeight" fullname="Nour.Play.MazeGeneratorTest.MazeGenerator_IsFillComplete_FullHeight" methodname="MazeGenerator_IsFillComplete_FullHeight" classname="Nour.Play.MazeGeneratorTest" runstate="Runnable" seed="1034416554" result="Passed" start-time="2023-12-21T14:27:35.5960680Z" end-time="2023-12-21T14:27:35.5976320Z" duration="0.001563" asserts="1">
              <properties />
              <output><![CDATA[AldousBroderMazeGenerator v0.1
Generating maze 10x10
]]></output>
            </test-case>
            <test-case id="0-1051" name="MazeGenerator_IsFillComplete_FullWidth" fullname="Nour.Play.MazeGeneratorTest.MazeGenerator_IsFillComplete_FullWidth" methodname="MazeGenerator_IsFillComplete_FullWidth" classname="Nour.Play.MazeGeneratorTest" runstate="Runnable" seed="1889521112" result="Passed" start-time="2023-12-21T14:27:35.5976390Z" end-time="2023-12-21T14:27:35.5992170Z" duration="0.001578" asserts="1">
              <properties />
              <output><![CDATA[AldousBroderMazeGenerator v0.1
Generating maze 10x10
]]></output>
            </test-case>
            <test-case id="0-1046" name="MazeGenerator_IsFillComplete_Half" fullname="Nour.Play.MazeGeneratorTest.MazeGenerator_IsFillComplete_Half" methodname="MazeGenerator_IsFillComplete_Half" classname="Nour.Play.MazeGeneratorTest" runstate="Runnable" seed="1520399276" result="Passed" start-time="2023-12-21T14:27:35.5992240Z" end-time="2023-12-21T14:27:35.5999790Z" duration="0.000755" asserts="1">
              <properties />
              <output><![CDATA[AldousBroderMazeGenerator v0.1
Generating maze 10x10
]]></output>
            </test-case>
            <test-case id="0-1050" name="MazeGenerator_IsFillComplete_NinetyPercent" fullname="Nour.Play.MazeGeneratorTest.MazeGenerator_IsFillComplete_NinetyPercent" methodname="MazeGenerator_IsFillComplete_NinetyPercent" classname="Nour.Play.MazeGeneratorTest" runstate="Runnable" seed="144010016" result="Passed" start-time="2023-12-21T14:27:35.5999870Z" end-time="2023-12-21T14:27:35.6007270Z" duration="0.000741" asserts="1">
              <properties />
              <output><![CDATA[AldousBroderMazeGenerator v0.1
Generating maze 10x10
]]></output>
            </test-case>
            <test-case id="0-1048" name="MazeGenerator_IsFillComplete_Quarter" fullname="Nour.Play.MazeGeneratorTest.MazeGenerator_IsFillComplete_Quarter" methodname="MazeGenerator_IsFillComplete_Quarter" classname="Nour.Play.MazeGeneratorTest" runstate="Runnable" seed="2037113088" result="Passed" start-time="2023-12-21T14:27:35.6007370Z" end-time="2023-12-21T14:27:35.6012010Z" duration="0.000464" asserts="1">
              <properties />
              <output><![CDATA[AldousBroderMazeGenerator v0.1
Generating maze 10x10
]]></output>
            </test-case>
            <test-case id="0-1049" name="MazeGenerator_IsFillComplete_ThreeQuarters" fullname="Nour.Play.MazeGeneratorTest.MazeGenerator_IsFillComplete_ThreeQuarters" methodname="MazeGenerator_IsFillComplete_ThreeQuarters" classname="Nour.Play.MazeGeneratorTest" runstate="Runnable" seed="975543903" result="Passed" start-time="2023-12-21T14:27:35.6012080Z" end-time="2023-12-21T14:27:35.6018630Z" duration="0.000655" asserts="1">
              <properties />
              <output><![CDATA[AldousBroderMazeGenerator v0.1
Generating maze 10x10
]]></output>
            </test-case>
            <test-case id="0-1045" name="MazeGenerator_OnlyFullGenerators" fullname="Nour.Play.MazeGeneratorTest.MazeGenerator_OnlyFullGenerators" methodname="MazeGenerator_OnlyFullGenerators" classname="Nour.Play.MazeGeneratorTest" runstate="Runnable" seed="233806861" result="Passed" start-time="2023-12-21T14:27:35.6018730Z" end-time="2023-12-21T14:27:35.6020970Z" duration="0.000225" asserts="2">
              <properties />
              <output><![CDATA[BinaryTree v0.1
Generating maze 10x10
Sidewinder v0.1
Generating maze 10x10
]]></output>
            </test-case>
          </test-suite>
          <test-suite type="TestFixture" id="0-1060" name="OptionalTest" fullname="Nour.Play.OptionalTest" classname="Nour.Play.OptionalTest" runstate="Runnable" testcasecount="6" result="Passed" start-time="2023-12-21T14:27:35.6021210Z" end-time="2023-12-21T14:27:35.6030650Z" duration="0.000944" total="6" passed="6" failed="0" warnings="0" inconclusive="0" skipped="0" asserts="15">
            <properties />
            <test-case id="0-1065" name="Optional_CanBeCastToT" fullname="Nour.Play.OptionalTest.Optional_CanBeCastToT" methodname="Optional_CanBeCastToT" classname="Nour.Play.OptionalTest" runstate="Runnable" seed="625514351" result="Passed" start-time="2023-12-21T14:27:35.6021590Z" end-time="2023-12-21T14:27:35.6022750Z" duration="0.000115" asserts="1">
              <properties />
            </test-case>
            <test-case id="0-1061" name="Optional_Equality" fullname="Nour.Play.OptionalTest.Optional_Equality" methodname="Optional_Equality" classname="Nour.Play.OptionalTest" runstate="Runnable" seed="1112034166" result="Passed" start-time="2023-12-21T14:27:35.6022810Z" end-time="2023-12-21T14:27:35.6024090Z" duration="0.000128" asserts="2">
              <properties />
            </test-case>
            <test-case id="0-1063" name="Optional_Equals" fullname="Nour.Play.OptionalTest.Optional_Equals" methodname="Optional_Equals" classname="Nour.Play.OptionalTest" runstate="Runnable" seed="1900153767" result="Passed" start-time="2023-12-21T14:27:35.6024150Z" end-time="2023-12-21T14:27:35.6025810Z" duration="0.000166" asserts="5">
              <properties />
            </test-case>
            <test-case id="0-1064" name="Optional_GetHashCode" fullname="Nour.Play.OptionalTest.Optional_GetHashCode" methodname="Optional_GetHashCode" classname="Nour.Play.OptionalTest" runstate="Runnable" seed="1751370337" result="Passed" start-time="2023-12-21T14:27:35.6025870Z" end-time="2023-12-21T14:27:35.6027820Z" duration="0.000195" asserts="3">
              <properties />
            </test-case>
            <test-case id="0-1062" name="Optional_ThrowsIfNoValue" fullname="Nour.Play.OptionalTest.Optional_ThrowsIfNoValue" methodname="Optional_ThrowsIfNoValue" classname="Nour.Play.OptionalTest" runstate="Runnable" seed="379732365" result="Passed" start-time="2023-12-21T14:27:35.6027890Z" end-time="2023-12-21T14:27:35.6029220Z" duration="0.000133" asserts="2">
              <properties />
            </test-case>
            <test-case id="0-1066" name="Optional_ToStringShowsValue" fullname="Nour.Play.OptionalTest.Optional_ToStringShowsValue" methodname="Optional_ToStringShowsValue" classname="Nour.Play.OptionalTest" runstate="Runnable" seed="882435052" result="Passed" start-time="2023-12-21T14:27:35.6029280Z" end-time="2023-12-21T14:27:35.6030540Z" duration="0.000126" asserts="2">
              <properties />
            </test-case>
          </test-suite>
          <test-suite type="TestFixture" id="0-1067" name="QueueExtensionsTest" fullname="Nour.Play.QueueExtensionsTest" classname="Nour.Play.QueueExtensionsTest" runstate="Runnable" testcasecount="2" result="Passed" start-time="2023-12-21T14:27:35.6030750Z" end-time="2023-12-21T14:27:35.6035460Z" duration="0.000471" total="2" passed="2" failed="0" warnings="0" inconclusive="0" skipped="0" asserts="3">
            <properties />
            <test-case id="0-1069" name="TryDequeue_Dequeues" fullname="Nour.Play.QueueExtensionsTest.TryDequeue_Dequeues" methodname="TryDequeue_Dequeues" classname="Nour.Play.QueueExtensionsTest" runstate="Runnable" seed="859639069" result="Passed" start-time="2023-12-21T14:27:35.6031110Z" end-time="2023-12-21T14:27:35.6034630Z" duration="0.000352" asserts="2">
              <properties />
            </test-case>
            <test-case id="0-1068" name="TryDequeue_DoesNotThrow" fullname="Nour.Play.QueueExtensionsTest.TryDequeue_DoesNotThrow" methodname="TryDequeue_DoesNotThrow" classname="Nour.Play.QueueExtensionsTest" runstate="Runnable" seed="1555129825" result="Passed" start-time="2023-12-21T14:27:35.6034710Z" end-time="2023-12-21T14:27:35.6035350Z" duration="0.000065" asserts="1">
              <properties />
            </test-case>
          </test-suite>
          <test-suite type="TestSuite" id="0-1220" name="Renderers" fullname="Nour.Play.Renderers" runstate="Runnable" testcasecount="1" result="Passed" start-time="2023-12-21T14:27:35.3609750Z" end-time="2023-12-21T14:27:35.6043580Z" duration="0.243383" total="1" passed="1" failed="0" warnings="0" inconclusive="0" skipped="0" asserts="1">
            <properties />
            <test-suite type="TestFixture" id="0-1092" name="Map2DAsciiRendererTest" fullname="Nour.Play.Renderers.Map2DAsciiRendererTest" classname="Nour.Play.Renderers.Map2DAsciiRendererTest" runstate="Runnable" testcasecount="1" result="Passed" start-time="2023-12-21T14:27:35.6035560Z" end-time="2023-12-21T14:27:35.6043530Z" duration="0.000797" total="1" passed="1" failed="0" warnings="0" inconclusive="0" skipped="0" asserts="1">
              <properties />
              <test-case id="0-1093" name="TestRender" fullname="Nour.Play.Renderers.Map2DAsciiRendererTest.TestRender" methodname="TestRender" classname="Nour.Play.Renderers.Map2DAsciiRendererTest" runstate="Runnable" seed="1632642967" result="Passed" start-time="2023-12-21T14:27:35.6035910Z" end-time="2023-12-21T14:27:35.6043410Z" duration="0.000750" asserts="1">
                <properties />
                <output><![CDATA[▓▓▓▓▓
▓░░░▓
▓░▒░▓
▓░░░▓
▓▓▓▓▓

]]></output>
              </test-case>
            </test-suite>
          </test-suite>
          <test-suite type="TestFixture" id="0-1070" name="VectorTest" fullname="Nour.Play.VectorTest" classname="Nour.Play.VectorTest" runstate="Runnable" testcasecount="21" result="Passed" start-time="2023-12-21T14:27:35.6043670Z" end-time="2023-12-21T14:27:35.6106590Z" duration="0.006292" total="21" passed="21" failed="0" warnings="0" inconclusive="0" skipped="0" asserts="72">
            <properties />
            <test-case id="0-1072" name="Size_NotInitialized" fullname="Nour.Play.VectorTest.Size_NotInitialized" methodname="Size_NotInitialized" classname="Nour.Play.VectorTest" runstate="Runnable" seed="76817152" result="Passed" start-time="2023-12-21T14:27:35.6044040Z" end-time="2023-12-21T14:27:35.6046730Z" duration="0.000269" asserts="2">
              <properties />
            </test-case>
            <test-case id="0-1084" name="Vector_CanAddAndSubtract" fullname="Nour.Play.VectorTest.Vector_CanAddAndSubtract" methodname="Vector_CanAddAndSubtract" classname="Nour.Play.VectorTest" runstate="Runnable" seed="2094388684" result="Passed" start-time="2023-12-21T14:27:35.6046800Z" end-time="2023-12-21T14:27:35.6059110Z" duration="0.001232" asserts="10">
              <properties />
            </test-case>
            <test-case id="0-1085" name="Vector_CanDivideAndMultiply" fullname="Nour.Play.VectorTest.Vector_CanDivideAndMultiply" methodname="Vector_CanDivideAndMultiply" classname="Nour.Play.VectorTest" runstate="Runnable" seed="1132977431" result="Passed" start-time="2023-12-21T14:27:35.6059190Z" end-time="2023-12-21T14:27:35.6067870Z" duration="0.000869" asserts="7">
              <properties />
            </test-case>
            <test-case id="0-1086" name="Vector_ConstructorChecksArguments" fullname="Nour.Play.VectorTest.Vector_ConstructorChecksArguments" methodname="Vector_ConstructorChecksArguments" classname="Nour.Play.VectorTest" runstate="Runnable" seed="1211917849" result="Passed" start-time="2023-12-21T14:27:35.6067950Z" end-time="2023-12-21T14:27:35.6068900Z" duration="0.000095" asserts="1">
              <properties />
            </test-case>
            <test-case id="0-1078" name="Vector_EmptyIsEmpty" fullname="Nour.Play.VectorTest.Vector_EmptyIsEmpty" methodname="Vector_EmptyIsEmpty" classname="Nour.Play.VectorTest" runstate="Runnable" seed="1029574866" result="Passed" start-time="2023-12-21T14:27:35.6068960Z" end-time="2023-12-21T14:27:35.6069490Z" duration="0.000053" asserts="1">
              <properties />
            </test-case>
            <test-case id="0-1077" name="Vector_EmptyVectorIsEmpty" fullname="Nour.Play.VectorTest.Vector_EmptyVectorIsEmpty" methodname="Vector_EmptyVectorIsEmpty" classname="Nour.Play.VectorTest" runstate="Runnable" seed="667159604" result="Passed" start-time="2023-12-21T14:27:35.6069540Z" end-time="2023-12-21T14:27:35.6070040Z" duration="0.000050" asserts="1">
              <properties />
            </test-case>
            <test-case id="0-1073" name="Vector_EqualityIsCheckedByValue" fullname="Nour.Play.VectorTest.Vector_EqualityIsCheckedByValue" methodname="Vector_EqualityIsCheckedByValue" classname="Nour.Play.VectorTest" runstate="Runnable" seed="435469667" result="Passed" start-time="2023-12-21T14:27:35.6070090Z" end-time="2023-12-21T14:27:35.6071080Z" duration="0.000099" asserts="3">
              <properties />
            </test-case>
            <test-case id="0-1074" name="Vector_GetHashCodeIsDerivedFromValue" fullname="Nour.Play.VectorTest.Vector_GetHashCodeIsDerivedFromValue" methodname="Vector_GetHashCodeIsDerivedFromValue" classname="Nour.Play.VectorTest" runstate="Runnable" seed="2129316435" result="Passed" start-time="2023-12-21T14:27:35.6071140Z" end-time="2023-12-21T14:27:35.6075500Z" duration="0.000436" asserts="2">
              <properties />
            </test-case>
            <test-case id="0-1080" name="Vector_GreaterThanChecksAllComponents" fullname="Nour.Play.VectorTest.Vector_GreaterThanChecksAllComponents" methodname="Vector_GreaterThanChecksAllComponents" classname="Nour.Play.VectorTest" runstate="Runnable" seed="1965250081" result="Passed" start-time="2023-12-21T14:27:35.6075570Z" end-time="2023-12-21T14:27:35.6079940Z" duration="0.000437" asserts="5">
              <properties />
            </test-case>
            <test-case id="0-1082" name="Vector_GreaterThanOrEqualsChecksAllComponents" fullname="Nour.Play.VectorTest.Vector_GreaterThanOrEqualsChecksAllComponents" methodname="Vector_GreaterThanOrEqualsChecksAllComponents" classname="Nour.Play.VectorTest" runstate="Runnable" seed="1413778226" result="Passed" start-time="2023-12-21T14:27:35.6080010Z" end-time="2023-12-21T14:27:35.6083480Z" duration="0.000348" asserts="5">
              <properties />
            </test-case>
            <test-case id="0-1071" name="Vector_IsInitialized" fullname="Nour.Play.VectorTest.Vector_IsInitialized" methodname="Vector_IsInitialized" classname="Nour.Play.VectorTest" runstate="Runnable" seed="2040880568" result="Passed" start-time="2023-12-21T14:27:35.6083550Z" end-time="2023-12-21T14:27:35.6084150Z" duration="0.000060" asserts="2">
              <properties />
            </test-case>
            <test-case id="0-1079" name="Vector_LessThanChecksAllComponents" fullname="Nour.Play.VectorTest.Vector_LessThanChecksAllComponents" methodname="Vector_LessThanChecksAllComponents" classname="Nour.Play.VectorTest" runstate="Runnable" seed="35540824" result="Passed" start-time="2023-12-21T14:27:35.6084210Z" end-time="2023-12-21T14:27:35.6087660Z" duration="0.000346" asserts="5">
              <properties />
            </test-case>
            <test-case id="0-1081" name="Vector_LessThanOrEqualsChecksAllComponents" fullname="Nour.Play.VectorTest.Vector_LessThanOrEqualsChecksAllComponents" methodname="Vector_LessThanOrEqualsChecksAllComponents" classname="Nour.Play.VectorTest" runstate="Runnable" seed="2056269014" result="Passed" start-time="2023-12-21T14:27:35.6087730Z" end-time="2023-12-21T14:27:35.6091100Z" duration="0.000337" asserts="5">
              <properties />
            </test-case>
            <test-case id="0-1083" name="Vector_NotEqualToNull" fullname="Nour.Play.VectorTest.Vector_NotEqualToNull" methodname="Vector_NotEqualToNull" classname="Nour.Play.VectorTest" runstate="Runnable" seed="1801240311" result="Passed" start-time="2023-12-21T14:27:35.6091160Z" end-time="2023-12-21T14:27:35.6093110Z" duration="0.000195" asserts="3">
              <properties />
            </test-case>
            <test-case id="0-1090" name="Vector_Parse" fullname="Nour.Play.VectorTest.Vector_Parse" methodname="Vector_Parse" classname="Nour.Play.VectorTest" runstate="Runnable" seed="919252687" result="Passed" start-time="2023-12-21T14:27:35.6093170Z" end-time="2023-12-21T14:27:35.6094940Z" duration="0.000177" asserts="1">
              <properties />
            </test-case>
            <test-case id="0-1089" name="Vector_SnappedForce" fullname="Nour.Play.VectorTest.Vector_SnappedForce" methodname="Vector_SnappedForce" classname="Nour.Play.VectorTest" runstate="Runnable" seed="1900115089" result="Passed" start-time="2023-12-21T14:27:35.6095000Z" end-time="2023-12-21T14:27:35.6099510Z" duration="0.000451" asserts="9">
              <properties />
            </test-case>
            <test-case id="0-1088" name="Vector_ThrowsIfNot2D" fullname="Nour.Play.VectorTest.Vector_ThrowsIfNot2D" methodname="Vector_ThrowsIfNot2D" classname="Nour.Play.VectorTest" runstate="Runnable" seed="1756906959" result="Passed" start-time="2023-12-21T14:27:35.6099580Z" end-time="2023-12-21T14:27:35.6102220Z" duration="0.000265" asserts="3">
              <properties />
            </test-case>
            <test-case id="0-1087" name="Vector_ThrowsIfNotAValidSize" fullname="Nour.Play.VectorTest.Vector_ThrowsIfNotAValidSize" methodname="Vector_ThrowsIfNotAValidSize" classname="Nour.Play.VectorTest" runstate="Runnable" seed="136790484" result="Passed" start-time="2023-12-21T14:27:35.6102290Z" end-time="2023-12-21T14:27:35.6104390Z" duration="0.000211" asserts="3">
              <properties />
            </test-case>
            <test-case id="0-1075" name="Vector_ToStringFormat" fullname="Nour.Play.VectorTest.Vector_ToStringFormat" methodname="Vector_ToStringFormat" classname="Nour.Play.VectorTest" runstate="Runnable" seed="1145957817" result="Passed" start-time="2023-12-21T14:27:35.6104450Z" end-time="2023-12-21T14:27:35.6105090Z" duration="0.000063" asserts="2">
              <properties />
            </test-case>
            <test-case id="0-1076" name="Vector_ZeroVectorIsNotEmpty" fullname="Nour.Play.VectorTest.Vector_ZeroVectorIsNotEmpty" methodname="Vector_ZeroVectorIsNotEmpty" classname="Nour.Play.VectorTest" runstate="Runnable" seed="307309090" result="Passed" start-time="2023-12-21T14:27:35.6105140Z" end-time="2023-12-21T14:27:35.6105740Z" duration="0.000060" asserts="1">
              <properties />
            </test-case>
            <test-case id="0-1091" name="VectorD_Parse" fullname="Nour.Play.VectorTest.VectorD_Parse" methodname="VectorD_Parse" classname="Nour.Play.VectorTest" runstate="Runnable" seed="1103766079" result="Passed" start-time="2023-12-21T14:27:35.6105800Z" end-time="2023-12-21T14:27:35.6106480Z" duration="0.000068" asserts="1">
              <properties />
            </test-case>
          </test-suite>
        </test-suite>
      </test-suite>
      <test-suite type="TestFixture" id="0-1000" name="RandomAreaGeneratorTest" fullname="RandomAreaGeneratorTest" classname="RandomAreaGeneratorTest" runstate="Runnable" testcasecount="2" result="Passed" start-time="2023-12-21T14:27:35.6106790Z" end-time="2023-12-21T14:27:35.6232640Z" duration="0.012584" total="2" passed="2" failed="0" warnings="0" inconclusive="0" skipped="0" asserts="4052">
        <properties />
        <test-case id="0-1001" name="ZoneGenerator_CanGenerateZones" fullname="RandomAreaGeneratorTest.ZoneGenerator_CanGenerateZones" methodname="ZoneGenerator_CanGenerateZones" classname="RandomAreaGeneratorTest" runstate="Runnable" seed="1259867401" result="Passed" start-time="2023-12-21T14:27:35.6107150Z" end-time="2023-12-21T14:27:35.6227220Z" duration="0.012007" asserts="4006">
          <properties />
        </test-case>
        <test-case id="0-1002" name="ZoneGenerator_CustomSettings" fullname="RandomAreaGeneratorTest.ZoneGenerator_CustomSettings" methodname="ZoneGenerator_CustomSettings" classname="RandomAreaGeneratorTest" runstate="Runnable" seed="776433560" result="Passed" start-time="2023-12-21T14:27:35.6227350Z" end-time="2023-12-21T14:27:35.6232520Z" duration="0.000517" asserts="46">
          <properties />
        </test-case>
      </test-suite>
    </test-suite>
  </test-suite>
</test-run>