<?xml version="1.0" encoding="utf-8" standalone="no"?>
<test-run id="0" runstate="Runnable" testcasecount="1047" result="Failed" total="1047" passed="797" failed="1" warnings="0" inconclusive="0" skipped="249" asserts="19280" engine-version="3.17.0.0" clr-version="4.0.30319.42000" start-time="2024-06-12 19:55:20Z" end-time="2024-06-12 20:10:15Z" duration="894.581745">
  <command-line><![CDATA[/home/data/repos/github.com/aynurin/maze-gen/packages/NUnit.ConsoleRunner.3.17.0/tools/nunit3-console.exe build/Debug/tests/PlayersWorlds.Maps.Tests.dll --framework=mono-4.0]]></command-line>
  <test-suite type="Assembly" id="1-2098" name="PlayersWorlds.Maps.Tests.dll" fullname="/home/data/repos/github.com/aynurin/maze-gen/build/Debug/tests/PlayersWorlds.Maps.Tests.dll" runstate="Runnable" testcasecount="1047" result="Failed" site="Child" start-time="2024-06-12T19:55:21.4047320Z" end-time="2024-06-12T20:10:15.4476670Z" duration="894.042860" total="1047" passed="797" failed="1" warnings="0" inconclusive="0" skipped="249" asserts="19280">
    <environment framework-version="4.0.1.0" clr-version="4.0.30319.42000" os-version="Unix 6.1.84.1" platform="Unix" cwd="/home/data/repos/github.com/aynurin/maze-gen" machine-name="lightview" user="shav" user-domain="lightview" culture="en-US" uiculture="en-US" os-architecture="x64" />
    <settings>
      <setting name="RequestedRuntimeFramework" value="mono-4.0" />
      <setting name="DisposeRunners" value="True" />
      <setting name="WorkDirectory" value="/home/data/repos/github.com/aynurin/maze-gen" />
      <setting name="ImageRuntimeVersion" value="4.0.30319" />
      <setting name="ImageTargetFrameworkName" value=".NETFramework,Version=v4.7" />
      <setting name="ImageRequiresX86" value="False" />
      <setting name="ImageRequiresDefaultAppDomainAssemblyResolver" value="False" />
      <setting name="TargetRuntimeFramework" value="mono-4.0" />
      <setting name="NumberOfTestWorkers" value="24" />
    </settings>
    <properties>
      <property name="_PID" value="2904304" />
      <property name="_APPDOMAIN" value="domain-" />
    </properties>
    <failure>
      <message><![CDATA[One or more child tests had errors]]></message>
    </failure>
    <test-suite type="SetUpFixture" id="1-1003" name="[default namespace]" fullname="TestsSetup" classname="TestsSetup" runstate="Runnable" testcasecount="1047" result="Failed" site="Child" start-time="2024-06-12T19:55:21.4100320Z" end-time="2024-06-12T20:10:15.4476560Z" duration="894.037624" total="1047" passed="797" failed="1" warnings="0" inconclusive="0" skipped="249" asserts="19280">
      <failure>
        <message><![CDATA[One or more child tests had errors]]></message>
      </failure>
      <test-suite type="TestSuite" id="1-2099" name="PlayersWorlds" fullname="PlayersWorlds" runstate="Runnable" testcasecount="1045" result="Failed" site="Child" start-time="2024-06-12T19:55:21.4130830Z" end-time="2024-06-12T20:10:15.4370390Z" duration="894.023956" total="1045" passed="795" failed="1" warnings="0" inconclusive="0" skipped="249" asserts="16238">
        <failure>
          <message><![CDATA[One or more child tests had errors]]></message>
        </failure>
        <test-suite type="TestSuite" id="1-2100" name="Maps" fullname="PlayersWorlds.Maps" runstate="Runnable" testcasecount="1045" result="Failed" site="Child" start-time="2024-06-12T19:55:21.4131440Z" end-time="2024-06-12T20:10:15.4370340Z" duration="894.023891" total="1045" passed="795" failed="1" warnings="0" inconclusive="0" skipped="249" asserts="16238">
          <failure>
            <message><![CDATA[One or more child tests had errors]]></message>
          </failure>
          <test-suite type="TestSuite" id="1-2106" name="Areas" fullname="PlayersWorlds.Maps.Areas" runstate="Runnable" testcasecount="140" result="Failed" site="Child" start-time="2024-06-12T19:55:21.4131530Z" end-time="2024-06-12T19:56:31.3995410Z" duration="69.986388" total="140" passed="138" failed="1" warnings="0" inconclusive="0" skipped="1" asserts="350">
            <failure>
              <message><![CDATA[One or more child tests had errors]]></message>
            </failure>
            <test-suite type="TestSuite" id="1-2107" name="Evolving" fullname="PlayersWorlds.Maps.Areas.Evolving" runstate="Runnable" testcasecount="134" result="Failed" site="Child" start-time="2024-06-12T19:55:21.4131580Z" end-time="2024-06-12T19:56:31.3954990Z" duration="69.982341" total="134" passed="132" failed="1" warnings="0" inconclusive="0" skipped="1" asserts="323">
              <failure>
                <message><![CDATA[One or more child tests had errors]]></message>
              </failure>
              <test-suite type="TestFixture" id="1-1952" name="AreaDistributorIntegrationTest" fullname="PlayersWorlds.Maps.Areas.Evolving.AreaDistributorIntegrationTest" classname="PlayersWorlds.Maps.Areas.Evolving.AreaDistributorIntegrationTest" runstate="Runnable" testcasecount="79" result="Failed" site="Child" start-time="2024-06-12T19:55:21.4133900Z" end-time="2024-06-12T19:55:26.0412010Z" duration="4.627810" total="79" passed="77" failed="1" warnings="0" inconclusive="0" skipped="1" asserts="155">
                <properties>
                  <property name="Category" value="Integration" />
                </properties>
                <failure>
                  <message><![CDATA[One or more child tests had errors]]></message>
                </failure>
                <test-suite type="ParameterizedMethod" id="1-2034" name="AreaDistributorTest_CanLayout" fullname="PlayersWorlds.Maps.Areas.Evolving.AreaDistributorIntegrationTest.AreaDistributorTest_CanLayout" classname="PlayersWorlds.Maps.Areas.Evolving.AreaDistributorIntegrationTest" runstate="Runnable" testcasecount="55" result="Failed" site="Child" start-time="2024-06-12T19:55:21.4135370Z" end-time="2024-06-12T19:55:25.9590410Z" duration="4.545505" total="55" passed="54" failed="1" warnings="0" inconclusive="0" skipped="0" asserts="109">
                  <properties>
                    <property name="Category" value="Integration" />
                    <property name="Category" value="Smoke" />
                  </properties>
                  <failure>
                    <message><![CDATA[One or more child tests had errors]]></message>
                  </failure>
                  <test-case id="1-1979" name="AreaDistributorTest_CanLayout(&quot;13x8: P9x6;S3x1 P1x4;S2x1&quot;)" fullname="PlayersWorlds.Maps.Areas.Evolving.AreaDistributorIntegrationTest.AreaDistributorTest_CanLayout(&quot;13x8: P9x6;S3x1 P1x4;S2x1&quot;)" methodname="AreaDistributorTest_CanLayout" classname="PlayersWorlds.Maps.Areas.Evolving.AreaDistributorIntegrationTest" runstate="Runnable" seed="922777361" result="Passed" start-time="2024-06-12T19:55:21.4136060Z" end-time="2024-06-12T19:55:21.4671260Z" duration="0.053591" asserts="2" />
                  <test-case id="1-1980" name="AreaDistributorTest_CanLayout(&quot;20x20: P14x14;S5x3 P-2x14;S1x4 P7x-3;S2x4 P2x4;S1x3&quot;)" fullname="PlayersWorlds.Maps.Areas.Evolving.AreaDistributorIntegrationTest.AreaDistributorTest_CanLayout(&quot;20x20: P14x14;S5x3 P-2x14;S1x4 P7x-3;S2x4 P2x4;S1x3&quot;)" methodname="AreaDistributorTest_CanLayout" classname="PlayersWorlds.Maps.Areas.Evolving.AreaDistributorIntegrationTest" runstate="Runnable" seed="1369446097" result="Passed" start-time="2024-06-12T19:55:21.4684300Z" end-time="2024-06-12T19:55:21.4779160Z" duration="0.009486" asserts="2" />
                  <test-case id="1-1981" name="AreaDistributorTest_CanLayout(&quot;6x14: P0x10;S1x3&quot;)" fullname="PlayersWorlds.Maps.Areas.Evolving.AreaDistributorIntegrationTest.AreaDistributorTest_CanLayout(&quot;6x14: P0x10;S1x3&quot;)" methodname="AreaDistributorTest_CanLayout" classname="PlayersWorlds.Maps.Areas.Evolving.AreaDistributorIntegrationTest" runstate="Runnable" seed="1677086839" result="Passed" start-time="2024-06-12T19:55:21.4779260Z" end-time="2024-06-12T19:55:21.4787870Z" duration="0.000861" asserts="2" />
                  <test-case id="1-1982" name="AreaDistributorTest_CanLayout(&quot;23x22: P11x10;S6x2 P-1x14;S5x1 P5x-3;S5x3 P11x22;S2x1&quot;)" fullname="PlayersWorlds.Maps.Areas.Evolving.AreaDistributorIntegrationTest.AreaDistributorTest_CanLayout(&quot;23x22: P11x10;S6x2 P-1x14;S5x1 P5x-3;S5x3 P11x22;S2x1&quot;)" methodname="AreaDistributorTest_CanLayout" classname="PlayersWorlds.Maps.Areas.Evolving.AreaDistributorIntegrationTest" runstate="Runnable" seed="1633299078" result="Passed" start-time="2024-06-12T19:55:21.4787940Z" end-time="2024-06-12T19:55:21.4880990Z" duration="0.009304" asserts="2" />
                  <test-case id="1-1983" name="AreaDistributorTest_CanLayout(&quot;18x23: P-3x-8;S5x5 P30x8;S3x6 P9x3;S4x4 P12x15;S1x3&quot;)" fullname="PlayersWorlds.Maps.Areas.Evolving.AreaDistributorIntegrationTest.AreaDistributorTest_CanLayout(&quot;18x23: P-3x-8;S5x5 P30x8;S3x6 P9x3;S4x4 P12x15;S1x3&quot;)" methodname="AreaDistributorTest_CanLayout" classname="PlayersWorlds.Maps.Areas.Evolving.AreaDistributorIntegrationTest" runstate="Runnable" seed="927516898" result="Passed" start-time="2024-06-12T19:55:21.4881520Z" end-time="2024-06-12T19:55:21.4969650Z" duration="0.008813" asserts="2" />
                  <test-case id="1-1984" name="AreaDistributorTest_CanLayout(&quot;23x8: P4x7;S4x1 P2x-1;S1x1&quot;)" fullname="PlayersWorlds.Maps.Areas.Evolving.AreaDistributorIntegrationTest.AreaDistributorTest_CanLayout(&quot;23x8: P4x7;S4x1 P2x-1;S1x1&quot;)" methodname="AreaDistributorTest_CanLayout" classname="PlayersWorlds.Maps.Areas.Evolving.AreaDistributorIntegrationTest" runstate="Runnable" seed="1408476779" result="Passed" start-time="2024-06-12T19:55:21.4969770Z" end-time="2024-06-12T19:55:21.4997920Z" duration="0.002815" asserts="2" />
                  <test-case id="1-1985" name="AreaDistributorTest_CanLayout(&quot;21x13: P8x-3;S6x3 P8x4;S6x3 P7x2;S4x2&quot;)" fullname="PlayersWorlds.Maps.Areas.Evolving.AreaDistributorIntegrationTest.AreaDistributorTest_CanLayout(&quot;21x13: P8x-3;S6x3 P8x4;S6x3 P7x2;S4x2&quot;)" methodname="AreaDistributorTest_CanLayout" classname="PlayersWorlds.Maps.Areas.Evolving.AreaDistributorIntegrationTest" runstate="Runnable" seed="1798800012" result="Passed" start-time="2024-06-12T19:55:21.4998010Z" end-time="2024-06-12T19:55:21.5097400Z" duration="0.009938" asserts="2" />
                  <test-case id="1-1986" name="AreaDistributorTest_CanLayout(&quot;16x14: P2x13;S3x1 P11x-1;S4x3&quot;)" fullname="PlayersWorlds.Maps.Areas.Evolving.AreaDistributorIntegrationTest.AreaDistributorTest_CanLayout(&quot;16x14: P2x13;S3x1 P11x-1;S4x3&quot;)" methodname="AreaDistributorTest_CanLayout" classname="PlayersWorlds.Maps.Areas.Evolving.AreaDistributorIntegrationTest" runstate="Runnable" seed="244755732" result="Passed" start-time="2024-06-12T19:55:21.5097510Z" end-time="2024-06-12T19:55:21.5119570Z" duration="0.002207" asserts="2" />
                  <test-case id="1-1987" name="AreaDistributorTest_CanLayout(&quot;24x12: P12x7;S2x1 P14x-1;S5x2 P16x11;S1x1&quot;)" fullname="PlayersWorlds.Maps.Areas.Evolving.AreaDistributorIntegrationTest.AreaDistributorTest_CanLayout(&quot;24x12: P12x7;S2x1 P14x-1;S5x2 P16x11;S1x1&quot;)" methodname="AreaDistributorTest_CanLayout" classname="PlayersWorlds.Maps.Areas.Evolving.AreaDistributorIntegrationTest" runstate="Runnable" seed="1818349128" result="Passed" start-time="2024-06-12T19:55:21.5119680Z" end-time="2024-06-12T19:55:21.5170840Z" duration="0.005116" asserts="2" />
                  <test-case id="1-1988" name="AreaDistributorTest_CanLayout(&quot;9x18: P2x10;S2x2 P2x8;S2x5&quot;)" fullname="PlayersWorlds.Maps.Areas.Evolving.AreaDistributorIntegrationTest.AreaDistributorTest_CanLayout(&quot;9x18: P2x10;S2x2 P2x8;S2x5&quot;)" methodname="AreaDistributorTest_CanLayout" classname="PlayersWorlds.Maps.Areas.Evolving.AreaDistributorIntegrationTest" runstate="Runnable" seed="1049933108" result="Passed" start-time="2024-06-12T19:55:21.5170940Z" end-time="2024-06-12T19:55:21.5208090Z" duration="0.003716" asserts="2" />
                  <test-case id="1-1989" name="AreaDistributorTest_CanLayout(&quot;9x18: P2x8;S2x5 P2x10;S2x2&quot;)" fullname="PlayersWorlds.Maps.Areas.Evolving.AreaDistributorIntegrationTest.AreaDistributorTest_CanLayout(&quot;9x18: P2x8;S2x5 P2x10;S2x2&quot;)" methodname="AreaDistributorTest_CanLayout" classname="PlayersWorlds.Maps.Areas.Evolving.AreaDistributorIntegrationTest" runstate="Runnable" seed="584353325" result="Passed" start-time="2024-06-12T19:55:21.5208200Z" end-time="2024-06-12T19:55:21.5230510Z" duration="0.002231" asserts="2" />
                  <test-case id="1-1990" name="AreaDistributorTest_CanLayout(&quot;21x21: P-3x-3;S6x6 P6x10;S4x2 P9x16;S2x2 P3x14;S4x2&quot;)" fullname="PlayersWorlds.Maps.Areas.Evolving.AreaDistributorIntegrationTest.AreaDistributorTest_CanLayout(&quot;21x21: P-3x-3;S6x6 P6x10;S4x2 P9x16;S2x2 P3x14;S4x2&quot;)" methodname="AreaDistributorTest_CanLayout" classname="PlayersWorlds.Maps.Areas.Evolving.AreaDistributorIntegrationTest" runstate="Runnable" seed="574393190" result="Passed" start-time="2024-06-12T19:55:21.5230610Z" end-time="2024-06-12T19:55:21.5405720Z" duration="0.017511" asserts="2" />
                  <test-case id="1-1991" name="AreaDistributorTest_CanLayout(&quot;14x24: P-9x5;S2x7 P26x5;S1x7 P3x11;S3x7 P5x19;S3x2 P3x6;S2x5 P2x19;S2x2&quot;)" fullname="PlayersWorlds.Maps.Areas.Evolving.AreaDistributorIntegrationTest.AreaDistributorTest_CanLayout(&quot;14x24: P-9x5;S2x7 P26x5;S1x7 P3x11;S3x7 P5x19;S3x2 P3x6;S2x5 P2x19;S2x2&quot;)" methodname="AreaDistributorTest_CanLayout" classname="PlayersWorlds.Maps.Areas.Evolving.AreaDistributorIntegrationTest" runstate="Runnable" seed="1222970500" result="Passed" start-time="2024-06-12T19:55:21.5405830Z" end-time="2024-06-12T19:55:21.5976440Z" duration="0.057061" asserts="2" />
                  <test-case id="1-1992" name="AreaDistributorTest_CanLayout(&quot;33x10: P13x11;S10x1 P13x-1;S10x1 P19x3;S8x1 P4x6;S9x1 P9x3;S9x2 P2x3;S3x2&quot;)" fullname="PlayersWorlds.Maps.Areas.Evolving.AreaDistributorIntegrationTest.AreaDistributorTest_CanLayout(&quot;33x10: P13x11;S10x1 P13x-1;S10x1 P19x3;S8x1 P4x6;S9x1 P9x3;S9x2 P2x3;S3x2&quot;)" methodname="AreaDistributorTest_CanLayout" classname="PlayersWorlds.Maps.Areas.Evolving.AreaDistributorIntegrationTest" runstate="Runnable" seed="647620341" result="Passed" start-time="2024-06-12T19:55:21.5976570Z" end-time="2024-06-12T19:55:21.6551100Z" duration="0.057453" asserts="2" />
                  <test-case id="1-1993" name="AreaDistributorTest_CanLayout(&quot;6x49: P-1x5;S1x11 P5x17;S1x11 P2x23;S1x9 P2x14;S1x13 P0x12;S1x9&quot;)" fullname="PlayersWorlds.Maps.Areas.Evolving.AreaDistributorIntegrationTest.AreaDistributorTest_CanLayout(&quot;6x49: P-1x5;S1x11 P5x17;S1x11 P2x23;S1x9 P2x14;S1x13 P0x12;S1x9&quot;)" methodname="AreaDistributorTest_CanLayout" classname="PlayersWorlds.Maps.Areas.Evolving.AreaDistributorIntegrationTest" runstate="Runnable" seed="448972151" result="Passed" start-time="2024-06-12T19:55:21.6551220Z" end-time="2024-06-12T19:55:21.6969380Z" duration="0.041816" asserts="2" />
                  <test-case id="1-1994" name="AreaDistributorTest_CanLayout(&quot;35x5: P5x-1;S10x1 P23x4;S8x1 P4x2;S3x1 P12x2;S2x1&quot;)" fullname="PlayersWorlds.Maps.Areas.Evolving.AreaDistributorIntegrationTest.AreaDistributorTest_CanLayout(&quot;35x5: P5x-1;S10x1 P23x4;S8x1 P4x2;S3x1 P12x2;S2x1&quot;)" methodname="AreaDistributorTest_CanLayout" classname="PlayersWorlds.Maps.Areas.Evolving.AreaDistributorIntegrationTest" runstate="Runnable" seed="1054150057" result="Passed" start-time="2024-06-12T19:55:21.6969570Z" end-time="2024-06-12T19:55:21.7142720Z" duration="0.017315" asserts="2" />
                  <test-case id="1-1995" name="AreaDistributorTest_CanLayout(&quot;42x5: P4x5;S10x1 P30x1;S3x1 P10x1;S3x1 P2x2;S1x1&quot;)" fullname="PlayersWorlds.Maps.Areas.Evolving.AreaDistributorIntegrationTest.AreaDistributorTest_CanLayout(&quot;42x5: P4x5;S10x1 P30x1;S3x1 P10x1;S3x1 P2x2;S1x1&quot;)" methodname="AreaDistributorTest_CanLayout" classname="PlayersWorlds.Maps.Areas.Evolving.AreaDistributorIntegrationTest" runstate="Runnable" seed="890085763" result="Passed" start-time="2024-06-12T19:55:21.7142830Z" end-time="2024-06-12T19:55:21.7358510Z" duration="0.021568" asserts="2" />
                  <test-case id="1-1996" name="AreaDistributorTest_CanLayout(&quot;39x5: P14x5;S10x1 P5x-1;S9x1 P2x2;S1x1 P10x4;S8x1&quot;)" fullname="PlayersWorlds.Maps.Areas.Evolving.AreaDistributorIntegrationTest.AreaDistributorTest_CanLayout(&quot;39x5: P14x5;S10x1 P5x-1;S9x1 P2x2;S1x1 P10x4;S8x1&quot;)" methodname="AreaDistributorTest_CanLayout" classname="PlayersWorlds.Maps.Areas.Evolving.AreaDistributorIntegrationTest" runstate="Runnable" seed="448753249" result="Passed" start-time="2024-06-12T19:55:21.7358620Z" end-time="2024-06-12T19:55:21.7620680Z" duration="0.026207" asserts="2" />
                  <test-case id="1-1997" name="AreaDistributorTest_CanLayout(&quot;6x47: P6x12;S1x12 P3x13;S1x5 P3x18;S1x4 P3x38;S1x6 P2x2;S1x2&quot;)" fullname="PlayersWorlds.Maps.Areas.Evolving.AreaDistributorIntegrationTest.AreaDistributorTest_CanLayout(&quot;6x47: P6x12;S1x12 P3x13;S1x5 P3x18;S1x4 P3x38;S1x6 P2x2;S1x2&quot;)" methodname="AreaDistributorTest_CanLayout" classname="PlayersWorlds.Maps.Areas.Evolving.AreaDistributorIntegrationTest" runstate="Runnable" seed="847471245" result="Passed" start-time="2024-06-12T19:55:21.7620790Z" end-time="2024-06-12T19:55:21.8299470Z" duration="0.067868" asserts="2" />
                  <test-case id="1-1998" name="AreaDistributorTest_CanLayout(&quot;6x47: P-1x28;S1x11 P6x11;S1x11 P6x6;S1x11 P-1x6;S1x11 P1x35;S1x5&quot;)" fullname="PlayersWorlds.Maps.Areas.Evolving.AreaDistributorIntegrationTest.AreaDistributorTest_CanLayout(&quot;6x47: P-1x28;S1x11 P6x11;S1x11 P6x6;S1x11 P-1x6;S1x11 P1x35;S1x5&quot;)" methodname="AreaDistributorTest_CanLayout" classname="PlayersWorlds.Maps.Areas.Evolving.AreaDistributorIntegrationTest" runstate="Runnable" seed="947883630" result="Passed" start-time="2024-06-12T19:55:21.8299650Z" end-time="2024-06-12T19:55:21.8857040Z" duration="0.055738" asserts="2" />
                  <test-case id="1-1999" name="AreaDistributorTest_CanLayout(&quot;6x47: P7x10;S1x14 P2x41;S1x3 P3x4;S1x3 P3x10;S1x4 P0x25;S1x9&quot;)" fullname="PlayersWorlds.Maps.Areas.Evolving.AreaDistributorIntegrationTest.AreaDistributorTest_CanLayout(&quot;6x47: P7x10;S1x14 P2x41;S1x3 P3x4;S1x3 P3x10;S1x4 P0x25;S1x9&quot;)" methodname="AreaDistributorTest_CanLayout" classname="PlayersWorlds.Maps.Areas.Evolving.AreaDistributorIntegrationTest" runstate="Runnable" seed="2137560883" result="Passed" start-time="2024-06-12T19:55:21.8857150Z" end-time="2024-06-12T19:55:21.9544850Z" duration="0.068770" asserts="2" />
                  <test-case id="1-2000" name="AreaDistributorTest_CanLayout(&quot;5x45: P-1x5;S1x10 P-2x21;S1x12 P7x17;S1x14 P2x40;S1x1 P1x29;S1x4&quot;)" fullname="PlayersWorlds.Maps.Areas.Evolving.AreaDistributorIntegrationTest.AreaDistributorTest_CanLayout(&quot;5x45: P-1x5;S1x10 P-2x21;S1x12 P7x17;S1x14 P2x40;S1x1 P1x29;S1x4&quot;)" methodname="AreaDistributorTest_CanLayout" classname="PlayersWorlds.Maps.Areas.Evolving.AreaDistributorIntegrationTest" runstate="Runnable" seed="1768268938" result="Passed" start-time="2024-06-12T19:55:21.9545030Z" end-time="2024-06-12T19:55:21.9960550Z" duration="0.041552" asserts="2" />
                  <test-case id="1-2001" name="AreaDistributorTest_CanLayout(&quot;46x5: P4x-1;S10x1 P29x0;S7x1 P29x2;S2x1 P32x2;S10x1 P17x0;S5x1&quot;)" fullname="PlayersWorlds.Maps.Areas.Evolving.AreaDistributorIntegrationTest.AreaDistributorTest_CanLayout(&quot;46x5: P4x-1;S10x1 P29x0;S7x1 P29x2;S2x1 P32x2;S10x1 P17x0;S5x1&quot;)" methodname="AreaDistributorTest_CanLayout" classname="PlayersWorlds.Maps.Areas.Evolving.AreaDistributorIntegrationTest" runstate="Runnable" seed="1337724894" result="Passed" start-time="2024-06-12T19:55:21.9960780Z" end-time="2024-06-12T19:55:22.0451330Z" duration="0.049055" asserts="2" />
                  <test-case id="1-2002" name="AreaDistributorTest_CanLayout(&quot;6x48: P-2x28;S1x14 P6x6;S1x12 P3x22;S1x2 P1x14;S1x7 P2x23;S1x12&quot;)" fullname="PlayersWorlds.Maps.Areas.Evolving.AreaDistributorIntegrationTest.AreaDistributorTest_CanLayout(&quot;6x48: P-2x28;S1x14 P6x6;S1x12 P3x22;S1x2 P1x14;S1x7 P2x23;S1x12&quot;)" methodname="AreaDistributorTest_CanLayout" classname="PlayersWorlds.Maps.Areas.Evolving.AreaDistributorIntegrationTest" runstate="Runnable" seed="1583965939" result="Passed" start-time="2024-06-12T19:55:22.0451590Z" end-time="2024-06-12T19:55:22.1178120Z" duration="0.072653" asserts="2" />
                  <test-case id="1-2003" name="AreaDistributorTest_CanLayout(&quot;47x5: P30x-3;S13x1 P24x-2;S11x1 P17x7;S14x1 P27x2;S2x1 P4x1;S4x1&quot;)" fullname="PlayersWorlds.Maps.Areas.Evolving.AreaDistributorIntegrationTest.AreaDistributorTest_CanLayout(&quot;47x5: P30x-3;S13x1 P24x-2;S11x1 P17x7;S14x1 P27x2;S2x1 P4x1;S4x1&quot;)" methodname="AreaDistributorTest_CanLayout" classname="PlayersWorlds.Maps.Areas.Evolving.AreaDistributorIntegrationTest" runstate="Runnable" seed="527496147" result="Passed" start-time="2024-06-12T19:55:22.1178330Z" end-time="2024-06-12T19:55:22.1739380Z" duration="0.056105" asserts="2" />
                  <test-case id="1-2004" name="AreaDistributorTest_CanLayout(&quot;5x45: P-2x13;S1x10 P-2x7;S1x12 P2x3;S1x2 P0x3;S1x8 P2x10;S1x1&quot;)" fullname="PlayersWorlds.Maps.Areas.Evolving.AreaDistributorIntegrationTest.AreaDistributorTest_CanLayout(&quot;5x45: P-2x13;S1x10 P-2x7;S1x12 P2x3;S1x2 P0x3;S1x8 P2x10;S1x1&quot;)" methodname="AreaDistributorTest_CanLayout" classname="PlayersWorlds.Maps.Areas.Evolving.AreaDistributorIntegrationTest" runstate="Runnable" seed="1442840009" result="Passed" start-time="2024-06-12T19:55:22.1739560Z" end-time="2024-06-12T19:55:22.2339880Z" duration="0.060032" asserts="2" />
                  <test-case id="1-2005" name="AreaDistributorTest_CanLayout(&quot;5x47: P7x28;S1x13 P6x15;S1x11 P1x2;S1x3 P2x40;S1x2 P2x43;S1x1&quot;)" fullname="PlayersWorlds.Maps.Areas.Evolving.AreaDistributorIntegrationTest.AreaDistributorTest_CanLayout(&quot;5x47: P7x28;S1x13 P6x15;S1x11 P1x2;S1x3 P2x40;S1x2 P2x43;S1x1&quot;)" methodname="AreaDistributorTest_CanLayout" classname="PlayersWorlds.Maps.Areas.Evolving.AreaDistributorIntegrationTest" runstate="Runnable" seed="689667332" result="Passed" start-time="2024-06-12T19:55:22.2340010Z" end-time="2024-06-12T19:55:22.3008360Z" duration="0.066834" asserts="2" />
                  <test-case id="1-2006" name="AreaDistributorTest_CanLayout(&quot;5x36: P-2x21;S1x11 P2x12;S1x1 P2x15;S1x2 P2x8;S1x3&quot;)" fullname="PlayersWorlds.Maps.Areas.Evolving.AreaDistributorIntegrationTest.AreaDistributorTest_CanLayout(&quot;5x36: P-2x21;S1x11 P2x12;S1x1 P2x15;S1x2 P2x8;S1x3&quot;)" methodname="AreaDistributorTest_CanLayout" classname="PlayersWorlds.Maps.Areas.Evolving.AreaDistributorIntegrationTest" runstate="Runnable" seed="789217155" result="Passed" start-time="2024-06-12T19:55:22.3008480Z" end-time="2024-06-12T19:55:22.3313240Z" duration="0.030476" asserts="2" />
                  <test-case id="1-2007" name="AreaDistributorTest_CanLayout(&quot;6x39: P-1x20;S1x11 P3x19;S1x2 P2x11;S1x11 P2x20;S1x5 P3x10;S1x5&quot;)" fullname="PlayersWorlds.Maps.Areas.Evolving.AreaDistributorIntegrationTest.AreaDistributorTest_CanLayout(&quot;6x39: P-1x20;S1x11 P3x19;S1x2 P2x11;S1x11 P2x20;S1x5 P3x10;S1x5&quot;)" methodname="AreaDistributorTest_CanLayout" classname="PlayersWorlds.Maps.Areas.Evolving.AreaDistributorIntegrationTest" runstate="Runnable" seed="1659615630" result="Passed" start-time="2024-06-12T19:55:22.3313360Z" end-time="2024-06-12T19:55:22.3588900Z" duration="0.027554" asserts="2" />
                  <test-case id="1-2008" name="AreaDistributorTest_CanLayout(&quot;44x6: P23x-2;S13x1 P7x-2;S13x1 P6x2;S8x1 P37x3;S2x1 P29x2;S10x1&quot;)" fullname="PlayersWorlds.Maps.Areas.Evolving.AreaDistributorIntegrationTest.AreaDistributorTest_CanLayout(&quot;44x6: P23x-2;S13x1 P7x-2;S13x1 P6x2;S8x1 P37x3;S2x1 P29x2;S10x1&quot;)" methodname="AreaDistributorTest_CanLayout" classname="PlayersWorlds.Maps.Areas.Evolving.AreaDistributorIntegrationTest" runstate="Runnable" seed="1901850579" result="Passed" start-time="2024-06-12T19:55:22.3589010Z" end-time="2024-06-12T19:55:22.4140860Z" duration="0.055186" asserts="2" />
                  <test-case id="1-2009" name="AreaDistributorTest_CanLayout(&quot;6x42: P-1x6;S1x11 P-2x21;S1x13 P3x36;S1x3 P5x7;S1x9 P0x27;S1x10&quot;)" fullname="PlayersWorlds.Maps.Areas.Evolving.AreaDistributorIntegrationTest.AreaDistributorTest_CanLayout(&quot;6x42: P-1x6;S1x11 P-2x21;S1x13 P3x36;S1x3 P5x7;S1x9 P0x27;S1x10&quot;)" methodname="AreaDistributorTest_CanLayout" classname="PlayersWorlds.Maps.Areas.Evolving.AreaDistributorIntegrationTest" runstate="Runnable" seed="1868373735" result="Passed" start-time="2024-06-12T19:55:22.4141050Z" end-time="2024-06-12T19:55:22.4824180Z" duration="0.068314" asserts="2" />
                  <test-case id="1-2010" name="AreaDistributorTest_CanLayout(&quot;40x5: P8x6;S12x1 P24x-1;S9x1 P3x0;S8x1 P23x2;S2x1&quot;)" fullname="PlayersWorlds.Maps.Areas.Evolving.AreaDistributorIntegrationTest.AreaDistributorTest_CanLayout(&quot;40x5: P8x6;S12x1 P24x-1;S9x1 P3x0;S8x1 P23x2;S2x1&quot;)" methodname="AreaDistributorTest_CanLayout" classname="PlayersWorlds.Maps.Areas.Evolving.AreaDistributorIntegrationTest" runstate="Runnable" seed="1854315276" result="Passed" start-time="2024-06-12T19:55:22.4824290Z" end-time="2024-06-12T19:55:22.5085940Z" duration="0.026165" asserts="2" />
                  <test-case id="1-2011" name="AreaDistributorTest_CanLayout(&quot;47x7: P19x7;S14x1 P9x2;S8x1 P7x4;S8x1 P14x2;S4x1 P28x5;S10x1 P35x3;S2x1&quot;)" fullname="PlayersWorlds.Maps.Areas.Evolving.AreaDistributorIntegrationTest.AreaDistributorTest_CanLayout(&quot;47x7: P19x7;S14x1 P9x2;S8x1 P7x4;S8x1 P14x2;S4x1 P28x5;S10x1 P35x3;S2x1&quot;)" methodname="AreaDistributorTest_CanLayout" classname="PlayersWorlds.Maps.Areas.Evolving.AreaDistributorIntegrationTest" runstate="Runnable" seed="1475421376" result="Passed" start-time="2024-06-12T19:55:22.5086040Z" end-time="2024-06-12T19:55:22.6048340Z" duration="0.096230" asserts="2" />
                  <test-case id="1-2012" name="AreaDistributorTest_CanLayout(&quot;48x6: P32x-1;S11x1 P9x7;S14x1 P5x7;S13x1 P27x2;S15x1 P5x3;S3x1&quot;)" fullname="PlayersWorlds.Maps.Areas.Evolving.AreaDistributorIntegrationTest.AreaDistributorTest_CanLayout(&quot;48x6: P32x-1;S11x1 P9x7;S14x1 P5x7;S13x1 P27x2;S15x1 P5x3;S3x1&quot;)" methodname="AreaDistributorTest_CanLayout" classname="PlayersWorlds.Maps.Areas.Evolving.AreaDistributorIntegrationTest" runstate="Runnable" seed="50169594" result="Passed" start-time="2024-06-12T19:55:22.6048450Z" end-time="2024-06-12T19:55:22.6533900Z" duration="0.048545" asserts="2" />
                  <test-case id="1-2013" name="AreaDistributorTest_CanLayout(&quot;46x6: P20x-2;S13x1 P10x7;S14x1 P22x2;S4x1 P35x3;S6x1 P17x3;S7x1&quot;)" fullname="PlayersWorlds.Maps.Areas.Evolving.AreaDistributorIntegrationTest.AreaDistributorTest_CanLayout(&quot;46x6: P20x-2;S13x1 P10x7;S14x1 P22x2;S4x1 P35x3;S6x1 P17x3;S7x1&quot;)" methodname="AreaDistributorTest_CanLayout" classname="PlayersWorlds.Maps.Areas.Evolving.AreaDistributorIntegrationTest" runstate="Runnable" seed="255083637" result="Passed" start-time="2024-06-12T19:55:22.6534000Z" end-time="2024-06-12T19:55:22.6809820Z" duration="0.027582" asserts="2" />
                  <test-case id="1-2014" name="AreaDistributorTest_CanLayout(&quot;6x39: P-1x10;S1x11 P0x3;S1x7 P0x11;S1x10 P2x20;S1x7 P3x26;S1x6&quot;)" fullname="PlayersWorlds.Maps.Areas.Evolving.AreaDistributorIntegrationTest.AreaDistributorTest_CanLayout(&quot;6x39: P-1x10;S1x11 P0x3;S1x7 P0x11;S1x10 P2x20;S1x7 P3x26;S1x6&quot;)" methodname="AreaDistributorTest_CanLayout" classname="PlayersWorlds.Maps.Areas.Evolving.AreaDistributorIntegrationTest" runstate="Runnable" seed="171272069" result="Passed" start-time="2024-06-12T19:55:22.6809930Z" end-time="2024-06-12T19:55:22.7084170Z" duration="0.027425" asserts="2" />
                  <test-case id="1-2015" name="AreaDistributorTest_CanLayout(&quot;43x42: P3.20x34.43;S6.00x7.00 P10.77x25.44;S9.00x11.00&quot;)" fullname="PlayersWorlds.Maps.Areas.Evolving.AreaDistributorIntegrationTest.AreaDistributorTest_CanLayout(&quot;43x42: P3.20x34.43;S6.00x7.00 P10.77x25.44;S9.00x11.00&quot;)" methodname="AreaDistributorTest_CanLayout" classname="PlayersWorlds.Maps.Areas.Evolving.AreaDistributorIntegrationTest" runstate="Runnable" seed="42867494" result="Passed" start-time="2024-06-12T19:55:22.7084280Z" end-time="2024-06-12T19:55:22.7114830Z" duration="0.003055" asserts="2" />
                  <test-case id="1-2016" name="AreaDistributorTest_CanLayout(&quot;43x42: P35x26;S2x11 P34x35;S12x2&quot;)" fullname="PlayersWorlds.Maps.Areas.Evolving.AreaDistributorIntegrationTest.AreaDistributorTest_CanLayout(&quot;43x42: P35x26;S2x11 P34x35;S12x2&quot;)" methodname="AreaDistributorTest_CanLayout" classname="PlayersWorlds.Maps.Areas.Evolving.AreaDistributorIntegrationTest" runstate="Runnable" seed="691928299" result="Passed" start-time="2024-06-12T19:55:22.7114930Z" end-time="2024-06-12T19:55:22.7141190Z" duration="0.002626" asserts="2" />
                  <test-case id="1-2017" name="AreaDistributorTest_CanLayout(&quot;43x42: P32x32;S4x4 P34x34;S2x2&quot;)" fullname="PlayersWorlds.Maps.Areas.Evolving.AreaDistributorIntegrationTest.AreaDistributorTest_CanLayout(&quot;43x42: P32x32;S4x4 P34x34;S2x2&quot;)" methodname="AreaDistributorTest_CanLayout" classname="PlayersWorlds.Maps.Areas.Evolving.AreaDistributorIntegrationTest" runstate="Runnable" seed="1909304713" result="Passed" start-time="2024-06-12T19:55:22.7141290Z" end-time="2024-06-12T19:55:22.7175060Z" duration="0.003376" asserts="2" />
                  <test-case id="1-2018" name="AreaDistributorTest_CanLayout(&quot;43x42: P32x32;S4x4 P34x34;S4x2&quot;)" fullname="PlayersWorlds.Maps.Areas.Evolving.AreaDistributorIntegrationTest.AreaDistributorTest_CanLayout(&quot;43x42: P32x32;S4x4 P34x34;S4x2&quot;)" methodname="AreaDistributorTest_CanLayout" classname="PlayersWorlds.Maps.Areas.Evolving.AreaDistributorIntegrationTest" runstate="Runnable" seed="1755506602" result="Passed" start-time="2024-06-12T19:55:22.7175160Z" end-time="2024-06-12T19:55:22.7199580Z" duration="0.002442" asserts="2" />
                  <test-case id="1-2019" name="AreaDistributorTest_CanLayout(&quot;43x42: P32x26;S4x10 P34x34;S4x2&quot;)" fullname="PlayersWorlds.Maps.Areas.Evolving.AreaDistributorIntegrationTest.AreaDistributorTest_CanLayout(&quot;43x42: P32x26;S4x10 P34x34;S4x2&quot;)" methodname="AreaDistributorTest_CanLayout" classname="PlayersWorlds.Maps.Areas.Evolving.AreaDistributorIntegrationTest" runstate="Runnable" seed="360587285" result="Passed" start-time="2024-06-12T19:55:22.7199670Z" end-time="2024-06-12T19:55:22.7236510Z" duration="0.003684" asserts="2" />
                  <test-case id="1-2020" name="AreaDistributorTest_CanLayout(&quot;43x42: P30x26;S2x11 P29x35;S12x2&quot;)" fullname="PlayersWorlds.Maps.Areas.Evolving.AreaDistributorIntegrationTest.AreaDistributorTest_CanLayout(&quot;43x42: P30x26;S2x11 P29x35;S12x2&quot;)" methodname="AreaDistributorTest_CanLayout" classname="PlayersWorlds.Maps.Areas.Evolving.AreaDistributorIntegrationTest" runstate="Runnable" seed="1195797472" result="Passed" start-time="2024-06-12T19:55:22.7236640Z" end-time="2024-06-12T19:55:22.7271480Z" duration="0.003484" asserts="2" />
                  <test-case id="1-2021" name="AreaDistributorTest_CanLayout(&quot;49x26: P37.95x4.74;S12.00x2.00 P0.62x11.59;S4.00x1.00 P20.55x10.45;S7.00x7.00 P19.55x3.18;S8.00x6.00 P29.30x-0.27;S12.00x4.00 P17.11x22.28;S15.00x3.00 P9.50x0.67;S9.00x2.00 P32.27x17.54;S3.00x5.00 P0.57x21.40;S7.00x4.00 P35.67x10.30;S13.00x7.00 P6.23x9.47;S10.00x7.00&quot;)" fullname="PlayersWorlds.Maps.Areas.Evolving.AreaDistributorIntegrationTest.AreaDistributorTest_CanLayout(&quot;49x26: P37.95x4.74;S12.00x2.00 P0.62x11.59;S4.00x1.00 P20.55x10.45;S7.00x7.00 P19.55x3.18;S8.00x6.00 P29.30x-0.27;S12.00x4.00 P17.11x22.28;S15.00x3.00 P9.50x0.67;S9.00x2.00 P32.27x17.54;S3.00x5.00 P0.57x21.40;S7.00x4.00 P35.67x10.30;S13.00x7.00 P6.23x9.47;S10.00x7.00&quot;)" methodname="AreaDistributorTest_CanLayout" classname="PlayersWorlds.Maps.Areas.Evolving.AreaDistributorIntegrationTest" runstate="Runnable" seed="788960612" result="Passed" start-time="2024-06-12T19:55:22.7271580Z" end-time="2024-06-12T19:55:22.9836350Z" duration="0.256477" asserts="2" />
                  <test-case id="1-2022" name="AreaDistributorTest_CanLayout(&quot;26x29: P10.00x15.00;S7.00x3.00 P20.00x0.00;S5.00x6.00 P17.00x5.00;S7.00x7.00 P5.00x4.00;S6.00x4.00 P21.00x18.00;S4.00x2.00 P20.00x8.00;S3.00x8.00 P10.00x11.00;S4.00x5.00 P0.00x5.00;S1.00x8.00 P21.00x9.00;S3.00x6.00&quot;)" fullname="PlayersWorlds.Maps.Areas.Evolving.AreaDistributorIntegrationTest.AreaDistributorTest_CanLayout(&quot;26x29: P10.00x15.00;S7.00x3.00 P20.00x0.00;S5.00x6.00 P17.00x5.00;S7.00x7.00 P5.00x4.00;S6.00x4.00 P21.00x18.00;S4.00x2.00 P20.00x8.00;S3.00x8.00 P10.00x11.00;S4.00x5.00 P0.00x5.00;S1.00x8.00 P21.00x9.00;S3.00x6.00&quot;)" methodname="AreaDistributorTest_CanLayout" classname="PlayersWorlds.Maps.Areas.Evolving.AreaDistributorIntegrationTest" runstate="Runnable" seed="1716394336" result="Passed" start-time="2024-06-12T19:55:22.9836520Z" end-time="2024-06-12T19:55:23.0900550Z" duration="0.106403" asserts="2" />
                  <test-case id="1-2023" name="AreaDistributorTest_CanLayout(&quot;8x45: P2.00x9.00;S1.00x6.00 P2.00x22.00;S1.00x8.00 P5.00x32.00;S1.00x10.00 P6.00x14.00;S1.00x9.00 P4.00x3.00;S1.00x14.00 P2.00x36.00;S1.00x8.00&quot;)" fullname="PlayersWorlds.Maps.Areas.Evolving.AreaDistributorIntegrationTest.AreaDistributorTest_CanLayout(&quot;8x45: P2.00x9.00;S1.00x6.00 P2.00x22.00;S1.00x8.00 P5.00x32.00;S1.00x10.00 P6.00x14.00;S1.00x9.00 P4.00x3.00;S1.00x14.00 P2.00x36.00;S1.00x8.00&quot;)" methodname="AreaDistributorTest_CanLayout" classname="PlayersWorlds.Maps.Areas.Evolving.AreaDistributorIntegrationTest" runstate="Runnable" seed="256535009" result="Passed" start-time="2024-06-12T19:55:23.0900670Z" end-time="2024-06-12T19:55:23.1670160Z" duration="0.076949" asserts="2" />
                  <test-case id="1-2024" name="AreaDistributorTest_CanLayout(&quot;31x47: P2.00x15.00;S9.00x1.00 P3.00x11.00;S5.00x4.00 P2.00x11.00;S5.00x7.00 P13.00x14.00;S5.00x10.00 P8.00x37.00;S2.00x9.00 P27.00x19.00;S3.00x8.00 P20.00x12.00;S7.00x7.00 P4.00x13.00;S4.00x2.00 P20.00x31.00;S6.00x2.00 P9.00x3.00;S9.00x3.00 P6.00x34.00;S6.00x1.00 P23.00x6.00;S5.00x2.00&quot;)" fullname="PlayersWorlds.Maps.Areas.Evolving.AreaDistributorIntegrationTest.AreaDistributorTest_CanLayout(&quot;31x47: P2.00x15.00;S9.00x1.00 P3.00x11.00;S5.00x4.00 P2.00x11.00;S5.00x7.00 P13.00x14.00;S5.00x10.00 P8.00x37.00;S2.00x9.00 P27.00x19.00;S3.00x8.00 P20.00x12.00;S7.00x7.00 P4.00x13.00;S4.00x2.00 P20.00x31.00;S6.00x2.00 P9.00x3.00;S9.00x3.00 P6.00x34.00;S6.00x1.00 P23.00x6.00;S5.00x2.00&quot;)" methodname="AreaDistributorTest_CanLayout" classname="PlayersWorlds.Maps.Areas.Evolving.AreaDistributorIntegrationTest" runstate="Runnable" seed="1123550615" result="Passed" start-time="2024-06-12T19:55:23.1670390Z" end-time="2024-06-12T19:55:23.3572970Z" duration="0.190258" asserts="2" />
                  <test-case id="1-2025" name="AreaDistributorTest_CanLayout(&quot;7x47: P4.00x40.00;S1.00x5.00 P0.00x12.00;S1.00x7.00 P1.00x9.00;S1.00x3.00 P5.00x0.00;S1.00x14.00 P2.00x37.00;S1.00x9.00 P0.00x29.00;S1.00x6.00&quot;)" fullname="PlayersWorlds.Maps.Areas.Evolving.AreaDistributorIntegrationTest.AreaDistributorTest_CanLayout(&quot;7x47: P4.00x40.00;S1.00x5.00 P0.00x12.00;S1.00x7.00 P1.00x9.00;S1.00x3.00 P5.00x0.00;S1.00x14.00 P2.00x37.00;S1.00x9.00 P0.00x29.00;S1.00x6.00&quot;)" methodname="AreaDistributorTest_CanLayout" classname="PlayersWorlds.Maps.Areas.Evolving.AreaDistributorIntegrationTest" runstate="Runnable" seed="1337286567" result="Passed" start-time="2024-06-12T19:55:23.3573090Z" end-time="2024-06-12T19:55:23.4059820Z" duration="0.048673" asserts="2" />
                  <test-case id="1-2026" name="AreaDistributorTest_CanLayout(&quot;48x38: P8x15;S1x3 P45x11;S2x7 P6x8;S1x3 P4x7;S10x11 P4x9;S2x8 P26x13;S1x10 P18x13;S10x7 P35x22;S10x5 P31x10;S5x9 P32x10;S13x6 P22x22;S14x6 P26x1;S3x3 P28x14;S13x10 P24x4;S12x8&quot;)" fullname="PlayersWorlds.Maps.Areas.Evolving.AreaDistributorIntegrationTest.AreaDistributorTest_CanLayout(&quot;48x38: P8x15;S1x3 P45x11;S2x7 P6x8;S1x3 P4x7;S10x11 P4x9;S2x8 P26x13;S1x10 P18x13;S10x7 P35x22;S10x5 P31x10;S5x9 P32x10;S13x6 P22x22;S14x6 P26x1;S3x3 P28x14;S13x10 P24x4;S12x8&quot;)" methodname="AreaDistributorTest_CanLayout" classname="PlayersWorlds.Maps.Areas.Evolving.AreaDistributorIntegrationTest" runstate="Runnable" seed="2077267887" result="Passed" start-time="2024-06-12T19:55:23.4059930Z" end-time="2024-06-12T19:55:23.9313190Z" duration="0.525326" asserts="2" />
                  <test-case id="1-2027" name="AreaDistributorTest_CanLayout(&quot;31x32: P24.45x15.67;S8.00x7.00 P14.09x8.51;S1.00x6.00 P16.22x5.85;S9.00x9.00 P18.23x27.41;S1.00x4.00 P13.75x0.80;S3.00x3.00 P8.52x18.43;S4.00x7.00 P1.71x14.65;S9.00x6.00 P0.38x4.06;S7.00x7.00 P25.06x24.29;S5.00x7.00 P11.40x19.76;S6.00x9.00&quot;)" fullname="PlayersWorlds.Maps.Areas.Evolving.AreaDistributorIntegrationTest.AreaDistributorTest_CanLayout(&quot;31x32: P24.45x15.67;S8.00x7.00 P14.09x8.51;S1.00x6.00 P16.22x5.85;S9.00x9.00 P18.23x27.41;S1.00x4.00 P13.75x0.80;S3.00x3.00 P8.52x18.43;S4.00x7.00 P1.71x14.65;S9.00x6.00 P0.38x4.06;S7.00x7.00 P25.06x24.29;S5.00x7.00 P11.40x19.76;S6.00x9.00&quot;)" methodname="AreaDistributorTest_CanLayout" classname="PlayersWorlds.Maps.Areas.Evolving.AreaDistributorIntegrationTest" runstate="Runnable" seed="203088973" result="Passed" start-time="2024-06-12T19:55:23.9313350Z" end-time="2024-06-12T19:55:24.1941140Z" duration="0.262779" asserts="2" />
                  <test-case id="1-2028" name="AreaDistributorTest_CanLayout(&quot;45x43: P38.00x15.09;S8.00x10.00 P0.42x0.08;S10.00x4.00 P17.64x33.27;S8.00x2.00 P-0.03x22.54;S1.00x12.00 P17.50x0.62;S12.00x7.00 P23.05x19.66;S14.00x7.00 P21.76x17.00;S1.00x7.00 P11.34x8.71;S8.00x9.00 P9.60x23.72;S12.00x7.00 P0.45x8.22;S8.00x5.00 P0.65x19.15;S12.00x3.00 P19.87x38.89;S7.00x2.00 P33.99x38.13;S10.00x4.00 P34.00x0.58;S11.00x12.00&quot;)" fullname="PlayersWorlds.Maps.Areas.Evolving.AreaDistributorIntegrationTest.AreaDistributorTest_CanLayout(&quot;45x43: P38.00x15.09;S8.00x10.00 P0.42x0.08;S10.00x4.00 P17.64x33.27;S8.00x2.00 P-0.03x22.54;S1.00x12.00 P17.50x0.62;S12.00x7.00 P23.05x19.66;S14.00x7.00 P21.76x17.00;S1.00x7.00 P11.34x8.71;S8.00x9.00 P9.60x23.72;S12.00x7.00 P0.45x8.22;S8.00x5.00 P0.65x19.15;S12.00x3.00 P19.87x38.89;S7.00x2.00 P33.99x38.13;S10.00x4.00 P34.00x0.58;S11.00x12.00&quot;)" methodname="AreaDistributorTest_CanLayout" classname="PlayersWorlds.Maps.Areas.Evolving.AreaDistributorIntegrationTest" runstate="Runnable" seed="103924084" result="Passed" start-time="2024-06-12T19:55:24.1941290Z" end-time="2024-06-12T19:55:24.7177980Z" duration="0.523669" asserts="2" />
                  <test-case id="1-2029" name="AreaDistributorTest_CanLayout(&quot;49x10: P4.00x1.00;S13.00x7.00 P8.00x1.00;S10.00x7.00&quot;)" fullname="PlayersWorlds.Maps.Areas.Evolving.AreaDistributorIntegrationTest.AreaDistributorTest_CanLayout(&quot;49x10: P4.00x1.00;S13.00x7.00 P8.00x1.00;S10.00x7.00&quot;)" methodname="AreaDistributorTest_CanLayout" classname="PlayersWorlds.Maps.Areas.Evolving.AreaDistributorIntegrationTest" runstate="Runnable" seed="621872859" result="Passed" start-time="2024-06-12T19:55:24.7178160Z" end-time="2024-06-12T19:55:24.7206400Z" duration="0.002824" asserts="2" />
                  <test-case id="1-2030" name="AreaDistributorTest_CanLayout(&quot;49x16: P2x7;S12x4 P7x-1;S11x3 P19x4;S13x4 P27x11;S15x4 P17x10;S3x4 P14x3;S13x4 P24x9;S6x4 P1x13;S14x2 P9x4;S4x3&quot;)" fullname="PlayersWorlds.Maps.Areas.Evolving.AreaDistributorIntegrationTest.AreaDistributorTest_CanLayout(&quot;49x16: P2x7;S12x4 P7x-1;S11x3 P19x4;S13x4 P27x11;S15x4 P17x10;S3x4 P14x3;S13x4 P24x9;S6x4 P1x13;S14x2 P9x4;S4x3&quot;)" methodname="AreaDistributorTest_CanLayout" classname="PlayersWorlds.Maps.Areas.Evolving.AreaDistributorIntegrationTest" runstate="Runnable" seed="505325713" result="Passed" start-time="2024-06-12T19:55:24.7206530Z" end-time="2024-06-12T19:55:24.9353060Z" duration="0.214652" asserts="2" />
                  <test-case id="1-2031" name="AreaDistributorTest_CanLayout(&quot;49x42: P19x1;S11x2 P34x31;S6x8 P15x29;S13x12 P15x11;S5x12 P23x5;S12x6 P3x17;S9x2 P16x6;S15x4 P15x29;S9x11 P39x37;S6x4 P28x22;S12x9 P31x8;S6x3 P27x23;S9x5 P0x27;S13x9 P11x17;S5x11 P4x2;S1x1&quot;)" fullname="PlayersWorlds.Maps.Areas.Evolving.AreaDistributorIntegrationTest.AreaDistributorTest_CanLayout(&quot;49x42: P19x1;S11x2 P34x31;S6x8 P15x29;S13x12 P15x11;S5x12 P23x5;S12x6 P3x17;S9x2 P16x6;S15x4 P15x29;S9x11 P39x37;S6x4 P28x22;S12x9 P31x8;S6x3 P27x23;S9x5 P0x27;S13x9 P11x17;S5x11 P4x2;S1x1&quot;)" methodname="AreaDistributorTest_CanLayout" classname="PlayersWorlds.Maps.Areas.Evolving.AreaDistributorIntegrationTest" runstate="Runnable" seed="2058723317" result="Passed" start-time="2024-06-12T19:55:24.9353260Z" end-time="2024-06-12T19:55:25.5369220Z" duration="0.601597" asserts="2" />
                  <test-case id="1-2032" name="AreaDistributorTest_CanLayout(&quot;24x46: P11x20;S3x9 P5x15;S6x10 P5x14;S7x13 P10x26;S5x11 P10x18;S1x4 P11x13;S1x5 P10x29;S6x9 P13x8;S2x10 P3x17;S7x13 P5x28;S5x5 P18x8;S5x12&quot;)" fullname="PlayersWorlds.Maps.Areas.Evolving.AreaDistributorIntegrationTest.AreaDistributorTest_CanLayout(&quot;24x46: P11x20;S3x9 P5x15;S6x10 P5x14;S7x13 P10x26;S5x11 P10x18;S1x4 P11x13;S1x5 P10x29;S6x9 P13x8;S2x10 P3x17;S7x13 P5x28;S5x5 P18x8;S5x12&quot;)" methodname="AreaDistributorTest_CanLayout" classname="PlayersWorlds.Maps.Areas.Evolving.AreaDistributorIntegrationTest" runstate="Runnable" seed="1818353718" result="Passed" start-time="2024-06-12T19:55:25.5369400Z" end-time="2024-06-12T19:55:25.8540320Z" duration="0.317092" asserts="2" />
                  <test-case id="1-2033" name="AreaDistributorTest_CanLayout(&quot;10x10: P7x9;S2x3 P7x2;S3x2 P3x9;S2x2 P0x5;S2x3 P7x1;S2x3 P0x0;S6x5&quot;)" fullname="PlayersWorlds.Maps.Areas.Evolving.AreaDistributorIntegrationTest.AreaDistributorTest_CanLayout(&quot;10x10: P7x9;S2x3 P7x2;S3x2 P3x9;S2x2 P0x5;S2x3 P7x1;S2x3 P0x0;S6x5&quot;)" methodname="AreaDistributorTest_CanLayout" classname="PlayersWorlds.Maps.Areas.Evolving.AreaDistributorIntegrationTest" runstate="Runnable" seed="21841581" result="Failed" start-time="2024-06-12T19:55:25.8540480Z" end-time="2024-06-12T19:55:25.9580400Z" duration="0.103992" asserts="1">
                    <failure>
                      <message><![CDATA[  Out Of Bounds: P3x-1;S6x5 (Random(854))
Assert.That(, )
  Expected: <empty>
  But was:  < < <Cell:{;}>, <Cell:{;}>, <Cell:{;}>, <Cell:{;}>, <Cell:{;}>, <Cell:{;}>, <Cell:{;}>, <Cell:{;}>, <Cell:{;}>, <Cell:{;}>... > >
]]></message>
                      <stack-trace><![CDATA[  at PlayersWorlds.Maps.Areas.Evolving.AreaDistributorHelper+DistributeResult.AssertAllFit (PlayersWorlds.Maps.RandomSource random) [0x0004a] in /home/data/repos/github.com/aynurin/maze-gen/tests/areas/evolving/AreaDistributorHelper.cs:90 
  at PlayersWorlds.Maps.Areas.Evolving.AreaDistributorIntegrationTest.AreaDistributorTest_CanLayout (System.String layout) [0x00013] in /home/data/repos/github.com/aynurin/maze-gen/tests/areas/evolving/AreaDistributorIntegrationTest.cs:119 
]]></stack-trace>
                    </failure>
                    <assertions>
                      <assertion result="Failed">
                        <message><![CDATA[  Out Of Bounds: P3x-1;S6x5 (Random(854))
Assert.That(, )
  Expected: <empty>
  But was:  < < <Cell:{;}>, <Cell:{;}>, <Cell:{;}>, <Cell:{;}>, <Cell:{;}>, <Cell:{;}>, <Cell:{;}>, <Cell:{;}>, <Cell:{;}>, <Cell:{;}>... > >
]]></message>
                        <stack-trace><![CDATA[  at PlayersWorlds.Maps.Areas.Evolving.AreaDistributorHelper+DistributeResult.AssertAllFit (PlayersWorlds.Maps.RandomSource random) [0x0004a] in /home/data/repos/github.com/aynurin/maze-gen/tests/areas/evolving/AreaDistributorHelper.cs:90 
  at PlayersWorlds.Maps.Areas.Evolving.AreaDistributorIntegrationTest.AreaDistributorTest_CanLayout (System.String layout) [0x00013] in /home/data/repos/github.com/aynurin/maze-gen/tests/areas/evolving/AreaDistributorIntegrationTest.cs:119 
]]></stack-trace>
                      </assertion>
                    </assertions>
                  </test-case>
                </test-suite>
                <test-case id="1-2035" name="AreaDistributorTest_CanLayout_Debug" fullname="PlayersWorlds.Maps.Areas.Evolving.AreaDistributorIntegrationTest.AreaDistributorTest_CanLayout_Debug" methodname="AreaDistributorTest_CanLayout_Debug" classname="PlayersWorlds.Maps.Areas.Evolving.AreaDistributorIntegrationTest" runstate="Ignored" seed="952785778" result="Skipped" label="Ignored" start-time="2024-06-12T19:55:25.9598620Z" end-time="2024-06-12T19:55:25.9599950Z" duration="0.000133" asserts="0">
                  <properties>
                    <property name="_SKIPREASON" value="Debugging only" />
                  </properties>
                  <reason>
                    <message><![CDATA[Debugging only]]></message>
                  </reason>
                </test-case>
                <test-case id="1-1953" name="AreaDistributorTest_OneTest" fullname="PlayersWorlds.Maps.Areas.Evolving.AreaDistributorIntegrationTest.AreaDistributorTest_OneTest" methodname="AreaDistributorTest_OneTest" classname="PlayersWorlds.Maps.Areas.Evolving.AreaDistributorIntegrationTest" runstate="Runnable" seed="1741826480" result="Passed" start-time="2024-06-12T19:55:25.9600040Z" end-time="2024-06-12T19:55:25.9609220Z" duration="0.000918" asserts="2">
                  <properties>
                    <property name="Category" value="Integration" />
                  </properties>
                </test-case>
                <test-suite type="ParameterizedMethod" id="1-1966" name="AreaDistributorTest_OverlapTwo" fullname="PlayersWorlds.Maps.Areas.Evolving.AreaDistributorIntegrationTest.AreaDistributorTest_OverlapTwo" classname="PlayersWorlds.Maps.Areas.Evolving.AreaDistributorIntegrationTest" runstate="Runnable" testcasecount="10" result="Passed" start-time="2024-06-12T19:55:25.9609310Z" end-time="2024-06-12T19:55:25.9879900Z" duration="0.027059" total="10" passed="10" failed="0" warnings="0" inconclusive="0" skipped="0" asserts="20">
                  <properties>
                    <property name="Category" value="Integration" />
                  </properties>
                  <test-case id="1-1956" name="AreaDistributorTest_OverlapTwo(&quot;11x11: P3.5x3.5;S4x4 P3.5x3.5;S4x4&quot;)" fullname="PlayersWorlds.Maps.Areas.Evolving.AreaDistributorIntegrationTest.AreaDistributorTest_OverlapTwo(&quot;11x11: P3.5x3.5;S4x4 P3.5x3.5;S4x4&quot;)" methodname="AreaDistributorTest_OverlapTwo" classname="PlayersWorlds.Maps.Areas.Evolving.AreaDistributorIntegrationTest" runstate="Runnable" seed="272592032" result="Passed" start-time="2024-06-12T19:55:25.9609480Z" end-time="2024-06-12T19:55:25.9642200Z" duration="0.003272" asserts="2" />
                  <test-case id="1-1957" name="AreaDistributorTest_OverlapTwo(&quot;16x16: P4x4;S8x8 P5x9;S2x2&quot;)" fullname="PlayersWorlds.Maps.Areas.Evolving.AreaDistributorIntegrationTest.AreaDistributorTest_OverlapTwo(&quot;16x16: P4x4;S8x8 P5x9;S2x2&quot;)" methodname="AreaDistributorTest_OverlapTwo" classname="PlayersWorlds.Maps.Areas.Evolving.AreaDistributorIntegrationTest" runstate="Runnable" seed="1741072912" result="Passed" start-time="2024-06-12T19:55:25.9642310Z" end-time="2024-06-12T19:55:25.9679280Z" duration="0.003697" asserts="2" />
                  <test-case id="1-1958" name="AreaDistributorTest_OverlapTwo(&quot;16x16: P4x4;S8x8 P5x7;S4x4&quot;)" fullname="PlayersWorlds.Maps.Areas.Evolving.AreaDistributorIntegrationTest.AreaDistributorTest_OverlapTwo(&quot;16x16: P4x4;S8x8 P5x7;S4x4&quot;)" methodname="AreaDistributorTest_OverlapTwo" classname="PlayersWorlds.Maps.Areas.Evolving.AreaDistributorIntegrationTest" runstate="Runnable" seed="1598180501" result="Passed" start-time="2024-06-12T19:55:25.9679380Z" end-time="2024-06-12T19:55:25.9704460Z" duration="0.002507" asserts="2" />
                  <test-case id="1-1959" name="AreaDistributorTest_OverlapTwo(&quot;16x16: P5x5;S6x6 P6x6;S4x4&quot;)" fullname="PlayersWorlds.Maps.Areas.Evolving.AreaDistributorIntegrationTest.AreaDistributorTest_OverlapTwo(&quot;16x16: P5x5;S6x6 P6x6;S4x4&quot;)" methodname="AreaDistributorTest_OverlapTwo" classname="PlayersWorlds.Maps.Areas.Evolving.AreaDistributorIntegrationTest" runstate="Runnable" seed="103878988" result="Passed" start-time="2024-06-12T19:55:25.9704550Z" end-time="2024-06-12T19:55:25.9727760Z" duration="0.002321" asserts="2" />
                  <test-case id="1-1960" name="AreaDistributorTest_OverlapTwo(&quot;11x11: P2x2;S4x4 P5x5;S4x4&quot;)" fullname="PlayersWorlds.Maps.Areas.Evolving.AreaDistributorIntegrationTest.AreaDistributorTest_OverlapTwo(&quot;11x11: P2x2;S4x4 P5x5;S4x4&quot;)" methodname="AreaDistributorTest_OverlapTwo" classname="PlayersWorlds.Maps.Areas.Evolving.AreaDistributorIntegrationTest" runstate="Runnable" seed="2108556371" result="Passed" start-time="2024-06-12T19:55:25.9727860Z" end-time="2024-06-12T19:55:25.9753970Z" duration="0.002611" asserts="2" />
                  <test-case id="1-1961" name="AreaDistributorTest_OverlapTwo(&quot;11x11: P5x2;S4x4 P2x5;S4x4&quot;)" fullname="PlayersWorlds.Maps.Areas.Evolving.AreaDistributorIntegrationTest.AreaDistributorTest_OverlapTwo(&quot;11x11: P5x2;S4x4 P2x5;S4x4&quot;)" methodname="AreaDistributorTest_OverlapTwo" classname="PlayersWorlds.Maps.Areas.Evolving.AreaDistributorIntegrationTest" runstate="Runnable" seed="1550024118" result="Passed" start-time="2024-06-12T19:55:25.9754090Z" end-time="2024-06-12T19:55:25.9778400Z" duration="0.002431" asserts="2" />
                  <test-case id="1-1962" name="AreaDistributorTest_OverlapTwo(&quot;11x11: P2x5;S4x4 P5x2;S4x4&quot;)" fullname="PlayersWorlds.Maps.Areas.Evolving.AreaDistributorIntegrationTest.AreaDistributorTest_OverlapTwo(&quot;11x11: P2x5;S4x4 P5x2;S4x4&quot;)" methodname="AreaDistributorTest_OverlapTwo" classname="PlayersWorlds.Maps.Areas.Evolving.AreaDistributorIntegrationTest" runstate="Runnable" seed="618670021" result="Passed" start-time="2024-06-12T19:55:25.9778510Z" end-time="2024-06-12T19:55:25.9803030Z" duration="0.002452" asserts="2" />
                  <test-case id="1-1963" name="AreaDistributorTest_OverlapTwo(&quot;11x11: P5x5;S4x4 P2x2;S4x4&quot;)" fullname="PlayersWorlds.Maps.Areas.Evolving.AreaDistributorIntegrationTest.AreaDistributorTest_OverlapTwo(&quot;11x11: P5x5;S4x4 P2x2;S4x4&quot;)" methodname="AreaDistributorTest_OverlapTwo" classname="PlayersWorlds.Maps.Areas.Evolving.AreaDistributorIntegrationTest" runstate="Runnable" seed="1910478169" result="Passed" start-time="2024-06-12T19:55:25.9803130Z" end-time="2024-06-12T19:55:25.9830790Z" duration="0.002766" asserts="2" />
                  <test-case id="1-1964" name="AreaDistributorTest_OverlapTwo(&quot;11x11: P4x4;S4x4 P3x3;S4x4&quot;)" fullname="PlayersWorlds.Maps.Areas.Evolving.AreaDistributorIntegrationTest.AreaDistributorTest_OverlapTwo(&quot;11x11: P4x4;S4x4 P3x3;S4x4&quot;)" methodname="AreaDistributorTest_OverlapTwo" classname="PlayersWorlds.Maps.Areas.Evolving.AreaDistributorIntegrationTest" runstate="Runnable" seed="1086165426" result="Passed" start-time="2024-06-12T19:55:25.9830890Z" end-time="2024-06-12T19:55:25.9855350Z" duration="0.002446" asserts="2" />
                  <test-case id="1-1965" name="AreaDistributorTest_OverlapTwo(&quot;11x11: P4x3;S4x4 P3x4;S4x4&quot;)" fullname="PlayersWorlds.Maps.Areas.Evolving.AreaDistributorIntegrationTest.AreaDistributorTest_OverlapTwo(&quot;11x11: P4x3;S4x4 P3x4;S4x4&quot;)" methodname="AreaDistributorTest_OverlapTwo" classname="PlayersWorlds.Maps.Areas.Evolving.AreaDistributorIntegrationTest" runstate="Runnable" seed="235619287" result="Passed" start-time="2024-06-12T19:55:25.9855450Z" end-time="2024-06-12T19:55:25.9879760Z" duration="0.002431" asserts="2" />
                </test-suite>
                <test-case id="1-1954" name="AreaDistributorTest_SidePressure" fullname="PlayersWorlds.Maps.Areas.Evolving.AreaDistributorIntegrationTest.AreaDistributorTest_SidePressure" methodname="AreaDistributorTest_SidePressure" classname="PlayersWorlds.Maps.Areas.Evolving.AreaDistributorIntegrationTest" runstate="Runnable" seed="1533559300" result="Passed" start-time="2024-06-12T19:55:25.9879980Z" end-time="2024-06-12T19:55:26.0302520Z" duration="0.042254" asserts="2">
                  <properties>
                    <property name="Category" value="Integration" />
                  </properties>
                </test-case>
                <test-suite type="ParameterizedMethod" id="1-1978" name="AreaDistributorTest_SingleMapForce" fullname="PlayersWorlds.Maps.Areas.Evolving.AreaDistributorIntegrationTest.AreaDistributorTest_SingleMapForce" classname="PlayersWorlds.Maps.Areas.Evolving.AreaDistributorIntegrationTest" runstate="Runnable" testcasecount="10" result="Passed" start-time="2024-06-12T19:55:26.0302720Z" end-time="2024-06-12T19:55:26.0383250Z" duration="0.008053" total="10" passed="10" failed="0" warnings="0" inconclusive="0" skipped="0" asserts="20">
                  <properties>
                    <property name="Category" value="Integration" />
                  </properties>
                  <test-case id="1-1968" name="AreaDistributorTest_SingleMapForce(&quot;6x12: P1x2;S2x2&quot;)" fullname="PlayersWorlds.Maps.Areas.Evolving.AreaDistributorIntegrationTest.AreaDistributorTest_SingleMapForce(&quot;6x12: P1x2;S2x2&quot;)" methodname="AreaDistributorTest_SingleMapForce" classname="PlayersWorlds.Maps.Areas.Evolving.AreaDistributorIntegrationTest" runstate="Runnable" seed="273287848" result="Passed" start-time="2024-06-12T19:55:26.0302910Z" end-time="2024-06-12T19:55:26.0312760Z" duration="0.000986" asserts="2" />
                  <test-case id="1-1969" name="AreaDistributorTest_SingleMapForce(&quot;6x12: P2x2;S2x2&quot;)" fullname="PlayersWorlds.Maps.Areas.Evolving.AreaDistributorIntegrationTest.AreaDistributorTest_SingleMapForce(&quot;6x12: P2x2;S2x2&quot;)" methodname="AreaDistributorTest_SingleMapForce" classname="PlayersWorlds.Maps.Areas.Evolving.AreaDistributorIntegrationTest" runstate="Runnable" seed="1110393292" result="Passed" start-time="2024-06-12T19:55:26.0312870Z" end-time="2024-06-12T19:55:26.0323240Z" duration="0.001037" asserts="2" />
                  <test-case id="1-1970" name="AreaDistributorTest_SingleMapForce(&quot;6x12: P3x2;S2x2&quot;)" fullname="PlayersWorlds.Maps.Areas.Evolving.AreaDistributorIntegrationTest.AreaDistributorTest_SingleMapForce(&quot;6x12: P3x2;S2x2&quot;)" methodname="AreaDistributorTest_SingleMapForce" classname="PlayersWorlds.Maps.Areas.Evolving.AreaDistributorIntegrationTest" runstate="Runnable" seed="1117891707" result="Passed" start-time="2024-06-12T19:55:26.0323350Z" end-time="2024-06-12T19:55:26.0330780Z" duration="0.000743" asserts="2" />
                  <test-case id="1-1971" name="AreaDistributorTest_SingleMapForce(&quot;6x12: P1x5;S2x2&quot;)" fullname="PlayersWorlds.Maps.Areas.Evolving.AreaDistributorIntegrationTest.AreaDistributorTest_SingleMapForce(&quot;6x12: P1x5;S2x2&quot;)" methodname="AreaDistributorTest_SingleMapForce" classname="PlayersWorlds.Maps.Areas.Evolving.AreaDistributorIntegrationTest" runstate="Runnable" seed="2141818150" result="Passed" start-time="2024-06-12T19:55:26.0330870Z" end-time="2024-06-12T19:55:26.0338270Z" duration="0.000740" asserts="2" />
                  <test-case id="1-1972" name="AreaDistributorTest_SingleMapForce(&quot;6x12: P2x5;S2x2&quot;)" fullname="PlayersWorlds.Maps.Areas.Evolving.AreaDistributorIntegrationTest.AreaDistributorTest_SingleMapForce(&quot;6x12: P2x5;S2x2&quot;)" methodname="AreaDistributorTest_SingleMapForce" classname="PlayersWorlds.Maps.Areas.Evolving.AreaDistributorIntegrationTest" runstate="Runnable" seed="1499436165" result="Passed" start-time="2024-06-12T19:55:26.0338350Z" end-time="2024-06-12T19:55:26.0345670Z" duration="0.000732" asserts="2" />
                  <test-case id="1-1973" name="AreaDistributorTest_SingleMapForce(&quot;6x12: P3x5;S2x2&quot;)" fullname="PlayersWorlds.Maps.Areas.Evolving.AreaDistributorIntegrationTest.AreaDistributorTest_SingleMapForce(&quot;6x12: P3x5;S2x2&quot;)" methodname="AreaDistributorTest_SingleMapForce" classname="PlayersWorlds.Maps.Areas.Evolving.AreaDistributorIntegrationTest" runstate="Runnable" seed="667552093" result="Passed" start-time="2024-06-12T19:55:26.0345760Z" end-time="2024-06-12T19:55:26.0353260Z" duration="0.000750" asserts="2" />
                  <test-case id="1-1974" name="AreaDistributorTest_SingleMapForce(&quot;6x12: P1x8;S2x2&quot;)" fullname="PlayersWorlds.Maps.Areas.Evolving.AreaDistributorIntegrationTest.AreaDistributorTest_SingleMapForce(&quot;6x12: P1x8;S2x2&quot;)" methodname="AreaDistributorTest_SingleMapForce" classname="PlayersWorlds.Maps.Areas.Evolving.AreaDistributorIntegrationTest" runstate="Runnable" seed="1594185585" result="Passed" start-time="2024-06-12T19:55:26.0353350Z" end-time="2024-06-12T19:55:26.0360760Z" duration="0.000741" asserts="2" />
                  <test-case id="1-1975" name="AreaDistributorTest_SingleMapForce(&quot;6x12: P2x8;S2x2&quot;)" fullname="PlayersWorlds.Maps.Areas.Evolving.AreaDistributorIntegrationTest.AreaDistributorTest_SingleMapForce(&quot;6x12: P2x8;S2x2&quot;)" methodname="AreaDistributorTest_SingleMapForce" classname="PlayersWorlds.Maps.Areas.Evolving.AreaDistributorIntegrationTest" runstate="Runnable" seed="1121418189" result="Passed" start-time="2024-06-12T19:55:26.0360850Z" end-time="2024-06-12T19:55:26.0368230Z" duration="0.000738" asserts="2" />
                  <test-case id="1-1976" name="AreaDistributorTest_SingleMapForce(&quot;6x12: P3x8;S2x2&quot;)" fullname="PlayersWorlds.Maps.Areas.Evolving.AreaDistributorIntegrationTest.AreaDistributorTest_SingleMapForce(&quot;6x12: P3x8;S2x2&quot;)" methodname="AreaDistributorTest_SingleMapForce" classname="PlayersWorlds.Maps.Areas.Evolving.AreaDistributorIntegrationTest" runstate="Runnable" seed="811124533" result="Passed" start-time="2024-06-12T19:55:26.0368310Z" end-time="2024-06-12T19:55:26.0375630Z" duration="0.000732" asserts="2" />
                  <test-case id="1-1977" name="AreaDistributorTest_SingleMapForce(&quot;6x12: P-1x-4;S2x2&quot;)" fullname="PlayersWorlds.Maps.Areas.Evolving.AreaDistributorIntegrationTest.AreaDistributorTest_SingleMapForce(&quot;6x12: P-1x-4;S2x2&quot;)" methodname="AreaDistributorTest_SingleMapForce" classname="PlayersWorlds.Maps.Areas.Evolving.AreaDistributorIntegrationTest" runstate="Runnable" seed="639907244" result="Passed" start-time="2024-06-12T19:55:26.0375720Z" end-time="2024-06-12T19:55:26.0383140Z" duration="0.000743" asserts="2" />
                </test-suite>
                <test-case id="1-1955" name="AreaDistributorTest_TwoTest" fullname="PlayersWorlds.Maps.Areas.Evolving.AreaDistributorIntegrationTest.AreaDistributorTest_TwoTest" methodname="AreaDistributorTest_TwoTest" classname="PlayersWorlds.Maps.Areas.Evolving.AreaDistributorIntegrationTest" runstate="Runnable" seed="1585232389" result="Passed" start-time="2024-06-12T19:55:26.0383330Z" end-time="2024-06-12T19:55:26.0411640Z" duration="0.002831" asserts="2">
                  <properties>
                    <property name="Category" value="Integration" />
                  </properties>
                </test-case>
              </test-suite>
              <test-suite type="TestFixture" id="1-2037" name="AreaDistributorLoadTest" fullname="PlayersWorlds.Maps.Areas.Evolving.AreaDistributorLoadTest" classname="PlayersWorlds.Maps.Areas.Evolving.AreaDistributorLoadTest" runstate="Runnable" testcasecount="1" result="Passed" start-time="2024-06-12T19:55:26.0416270Z" end-time="2024-06-12T19:56:31.2597080Z" duration="65.218082" total="1" passed="1" failed="0" warnings="0" inconclusive="0" skipped="0" asserts="0">
                <test-case id="1-2038" name="AreaDistributor_LoadTest" fullname="PlayersWorlds.Maps.Areas.Evolving.AreaDistributorLoadTest.AreaDistributor_LoadTest" methodname="AreaDistributor_LoadTest" classname="PlayersWorlds.Maps.Areas.Evolving.AreaDistributorLoadTest" runstate="Runnable" seed="1761299290" result="Passed" start-time="2024-06-12T19:55:26.0417120Z" end-time="2024-06-12T19:56:31.2596790Z" duration="65.217967" asserts="0">
                  <properties>
                    <property name="Category" value="Load" />
                  </properties>
                  <reason>
                    <message><![CDATA[Passed: 1000, Failed: 0
]]></message>
                  </reason>
                </test-case>
              </test-suite>
              <test-suite type="TestFixture" id="1-2039" name="EvolvingSimulatorTest" fullname="PlayersWorlds.Maps.Areas.Evolving.EvolvingSimulatorTest" classname="PlayersWorlds.Maps.Areas.Evolving.EvolvingSimulatorTest" runstate="Runnable" testcasecount="2" result="Passed" start-time="2024-06-12T19:56:31.2597400Z" end-time="2024-06-12T19:56:31.3825440Z" duration="0.122804" total="2" passed="2" failed="0" warnings="0" inconclusive="0" skipped="0" asserts="2">
                <test-case id="1-2041" name="EvolvingSimulator_ReturnsEpochsIfEvolitionIsNotComplete" fullname="PlayersWorlds.Maps.Areas.Evolving.EvolvingSimulatorTest.EvolvingSimulator_ReturnsEpochsIfEvolitionIsNotComplete" methodname="EvolvingSimulator_ReturnsEpochsIfEvolitionIsNotComplete" classname="PlayersWorlds.Maps.Areas.Evolving.EvolvingSimulatorTest" runstate="Runnable" seed="722304711" result="Passed" start-time="2024-06-12T19:56:31.2598710Z" end-time="2024-06-12T19:56:31.3815210Z" duration="0.121650" asserts="1" />
                <test-case id="1-2040" name="EvolvingSimulator_ThrowsIfMaxEpochsIsZero" fullname="PlayersWorlds.Maps.Areas.Evolving.EvolvingSimulatorTest.EvolvingSimulator_ThrowsIfMaxEpochsIsZero" methodname="EvolvingSimulator_ThrowsIfMaxEpochsIsZero" classname="PlayersWorlds.Maps.Areas.Evolving.EvolvingSimulatorTest" runstate="Runnable" seed="2062641060" result="Passed" start-time="2024-06-12T19:56:31.3815390Z" end-time="2024-06-12T19:56:31.3825260Z" duration="0.000987" asserts="1" />
              </test-suite>
              <test-suite type="TestFixture" id="1-2042" name="FloatingAreaTest" fullname="PlayersWorlds.Maps.Areas.Evolving.FloatingAreaTest" classname="PlayersWorlds.Maps.Areas.Evolving.FloatingAreaTest" runstate="Runnable" testcasecount="22" result="Passed" start-time="2024-06-12T19:56:31.3825640Z" end-time="2024-06-12T19:56:31.3875090Z" duration="0.004945" total="22" passed="22" failed="0" warnings="0" inconclusive="0" skipped="0" asserts="45">
                <test-case id="1-2047" name="CenterIsValid" fullname="PlayersWorlds.Maps.Areas.Evolving.FloatingAreaTest.CenterIsValid" methodname="CenterIsValid" classname="PlayersWorlds.Maps.Areas.Evolving.FloatingAreaTest" runstate="Runnable" seed="16238382" result="Passed" start-time="2024-06-12T19:56:31.3826420Z" end-time="2024-06-12T19:56:31.3851410Z" duration="0.002499" asserts="4" />
                <test-case id="1-2046" name="Contains" fullname="PlayersWorlds.Maps.Areas.Evolving.FloatingAreaTest.Contains" methodname="Contains" classname="PlayersWorlds.Maps.Areas.Evolving.FloatingAreaTest" runstate="Runnable" seed="658048394" result="Passed" start-time="2024-06-12T19:56:31.3851540Z" end-time="2024-06-12T19:56:31.3856920Z" duration="0.000539" asserts="2" />
                <test-suite type="ParameterizedMethod" id="1-2064" name="DistanceTo" fullname="PlayersWorlds.Maps.Areas.Evolving.FloatingAreaTest.DistanceTo" classname="PlayersWorlds.Maps.Areas.Evolving.FloatingAreaTest" runstate="Runnable" testcasecount="16" result="Passed" start-time="2024-06-12T19:56:31.3857020Z" end-time="2024-06-12T19:56:31.3865520Z" duration="0.000850" total="16" passed="16" failed="0" warnings="0" inconclusive="0" skipped="0" asserts="32">
                  <properties>
                    <property name="Category" value="Integration" />
                  </properties>
                  <test-case id="1-2048" name="DistanceTo((PlayersWorlds.Maps.Areas.Evolving.FloatingArea[], -1.00x0.00, False))" fullname="PlayersWorlds.Maps.Areas.Evolving.FloatingAreaTest.DistanceTo((PlayersWorlds.Maps.Areas.Evolving.FloatingArea[], -1.00x0.00, False))" methodname="DistanceTo" classname="PlayersWorlds.Maps.Areas.Evolving.FloatingAreaTest" runstate="Runnable" seed="364164784" result="Passed" start-time="2024-06-12T19:56:31.3857160Z" end-time="2024-06-12T19:56:31.3861280Z" duration="0.000412" asserts="2" />
                  <test-case id="1-2049" name="DistanceTo((PlayersWorlds.Maps.Areas.Evolving.FloatingArea[], 0.00x0.00, False))" fullname="PlayersWorlds.Maps.Areas.Evolving.FloatingAreaTest.DistanceTo((PlayersWorlds.Maps.Areas.Evolving.FloatingArea[], 0.00x0.00, False))" methodname="DistanceTo" classname="PlayersWorlds.Maps.Areas.Evolving.FloatingAreaTest" runstate="Runnable" seed="1776675615" result="Passed" start-time="2024-06-12T19:56:31.3861360Z" end-time="2024-06-12T19:56:31.3861740Z" duration="0.000038" asserts="2" />
                  <test-case id="1-2050" name="DistanceTo((PlayersWorlds.Maps.Areas.Evolving.FloatingArea[], 1.00x0.00, True))" fullname="PlayersWorlds.Maps.Areas.Evolving.FloatingAreaTest.DistanceTo((PlayersWorlds.Maps.Areas.Evolving.FloatingArea[], 1.00x0.00, True))" methodname="DistanceTo" classname="PlayersWorlds.Maps.Areas.Evolving.FloatingAreaTest" runstate="Runnable" seed="633052452" result="Passed" start-time="2024-06-12T19:56:31.3861790Z" end-time="2024-06-12T19:56:31.3862050Z" duration="0.000026" asserts="2" />
                  <test-case id="1-2051" name="DistanceTo((PlayersWorlds.Maps.Areas.Evolving.FloatingArea[], 0.00x0.00, True))" fullname="PlayersWorlds.Maps.Areas.Evolving.FloatingAreaTest.DistanceTo((PlayersWorlds.Maps.Areas.Evolving.FloatingArea[], 0.00x0.00, True))" methodname="DistanceTo" classname="PlayersWorlds.Maps.Areas.Evolving.FloatingAreaTest" runstate="Runnable" seed="909992735" result="Passed" start-time="2024-06-12T19:56:31.3862100Z" end-time="2024-06-12T19:56:31.3862350Z" duration="0.000024" asserts="2" />
                  <test-case id="1-2052" name="DistanceTo((PlayersWorlds.Maps.Areas.Evolving.FloatingArea[], -1.00x0.00, True))" fullname="PlayersWorlds.Maps.Areas.Evolving.FloatingAreaTest.DistanceTo((PlayersWorlds.Maps.Areas.Evolving.FloatingArea[], -1.00x0.00, True))" methodname="DistanceTo" classname="PlayersWorlds.Maps.Areas.Evolving.FloatingAreaTest" runstate="Runnable" seed="742290237" result="Passed" start-time="2024-06-12T19:56:31.3862400Z" end-time="2024-06-12T19:56:31.3862650Z" duration="0.000025" asserts="2" />
                  <test-case id="1-2053" name="DistanceTo((PlayersWorlds.Maps.Areas.Evolving.FloatingArea[], 0.00x0.00, False))" fullname="PlayersWorlds.Maps.Areas.Evolving.FloatingAreaTest.DistanceTo((PlayersWorlds.Maps.Areas.Evolving.FloatingArea[], 0.00x0.00, False))" methodname="DistanceTo" classname="PlayersWorlds.Maps.Areas.Evolving.FloatingAreaTest" runstate="Runnable" seed="477235540" result="Passed" start-time="2024-06-12T19:56:31.3862700Z" end-time="2024-06-12T19:56:31.3862960Z" duration="0.000026" asserts="2" />
                  <test-case id="1-2054" name="DistanceTo((PlayersWorlds.Maps.Areas.Evolving.FloatingArea[], 1.00x0.00, False))" fullname="PlayersWorlds.Maps.Areas.Evolving.FloatingAreaTest.DistanceTo((PlayersWorlds.Maps.Areas.Evolving.FloatingArea[], 1.00x0.00, False))" methodname="DistanceTo" classname="PlayersWorlds.Maps.Areas.Evolving.FloatingAreaTest" runstate="Runnable" seed="1736024326" result="Passed" start-time="2024-06-12T19:56:31.3863010Z" end-time="2024-06-12T19:56:31.3863240Z" duration="0.000022" asserts="2" />
                  <test-case id="1-2055" name="DistanceTo((PlayersWorlds.Maps.Areas.Evolving.FloatingArea[], -1.00x1.00, False))" fullname="PlayersWorlds.Maps.Areas.Evolving.FloatingAreaTest.DistanceTo((PlayersWorlds.Maps.Areas.Evolving.FloatingArea[], -1.00x1.00, False))" methodname="DistanceTo" classname="PlayersWorlds.Maps.Areas.Evolving.FloatingAreaTest" runstate="Runnable" seed="500352102" result="Passed" start-time="2024-06-12T19:56:31.3863280Z" end-time="2024-06-12T19:56:31.3863480Z" duration="0.000020" asserts="2" />
                  <test-case id="1-2056" name="DistanceTo((PlayersWorlds.Maps.Areas.Evolving.FloatingArea[], 0.00x1.00, False))" fullname="PlayersWorlds.Maps.Areas.Evolving.FloatingAreaTest.DistanceTo((PlayersWorlds.Maps.Areas.Evolving.FloatingArea[], 0.00x1.00, False))" methodname="DistanceTo" classname="PlayersWorlds.Maps.Areas.Evolving.FloatingAreaTest" runstate="Runnable" seed="1081825207" result="Passed" start-time="2024-06-12T19:56:31.3863530Z" end-time="2024-06-12T19:56:31.3863720Z" duration="0.000019" asserts="2" />
                  <test-case id="1-2057" name="DistanceTo((PlayersWorlds.Maps.Areas.Evolving.FloatingArea[], 1.00x1.00, True))" fullname="PlayersWorlds.Maps.Areas.Evolving.FloatingAreaTest.DistanceTo((PlayersWorlds.Maps.Areas.Evolving.FloatingArea[], 1.00x1.00, True))" methodname="DistanceTo" classname="PlayersWorlds.Maps.Areas.Evolving.FloatingAreaTest" runstate="Runnable" seed="1372039536" result="Passed" start-time="2024-06-12T19:56:31.3863760Z" end-time="2024-06-12T19:56:31.3863950Z" duration="0.000019" asserts="2" />
                  <test-case id="1-2058" name="DistanceTo((PlayersWorlds.Maps.Areas.Evolving.FloatingArea[], 0.00x1.00, True))" fullname="PlayersWorlds.Maps.Areas.Evolving.FloatingAreaTest.DistanceTo((PlayersWorlds.Maps.Areas.Evolving.FloatingArea[], 0.00x1.00, True))" methodname="DistanceTo" classname="PlayersWorlds.Maps.Areas.Evolving.FloatingAreaTest" runstate="Runnable" seed="796190189" result="Passed" start-time="2024-06-12T19:56:31.3863990Z" end-time="2024-06-12T19:56:31.3864220Z" duration="0.000022" asserts="2" />
                  <test-case id="1-2059" name="DistanceTo((PlayersWorlds.Maps.Areas.Evolving.FloatingArea[], -1.00x1.00, True))" fullname="PlayersWorlds.Maps.Areas.Evolving.FloatingAreaTest.DistanceTo((PlayersWorlds.Maps.Areas.Evolving.FloatingArea[], -1.00x1.00, True))" methodname="DistanceTo" classname="PlayersWorlds.Maps.Areas.Evolving.FloatingAreaTest" runstate="Runnable" seed="376765697" result="Passed" start-time="2024-06-12T19:56:31.3864260Z" end-time="2024-06-12T19:56:31.3864480Z" duration="0.000021" asserts="2" />
                  <test-case id="1-2060" name="DistanceTo((PlayersWorlds.Maps.Areas.Evolving.FloatingArea[], 0.00x1.00, False))" fullname="PlayersWorlds.Maps.Areas.Evolving.FloatingAreaTest.DistanceTo((PlayersWorlds.Maps.Areas.Evolving.FloatingArea[], 0.00x1.00, False))" methodname="DistanceTo" classname="PlayersWorlds.Maps.Areas.Evolving.FloatingAreaTest" runstate="Runnable" seed="2128420587" result="Passed" start-time="2024-06-12T19:56:31.3864520Z" end-time="2024-06-12T19:56:31.3864720Z" duration="0.000020" asserts="2" />
                  <test-case id="1-2061" name="DistanceTo((PlayersWorlds.Maps.Areas.Evolving.FloatingArea[], 1.00x1.00, False))" fullname="PlayersWorlds.Maps.Areas.Evolving.FloatingAreaTest.DistanceTo((PlayersWorlds.Maps.Areas.Evolving.FloatingArea[], 1.00x1.00, False))" methodname="DistanceTo" classname="PlayersWorlds.Maps.Areas.Evolving.FloatingAreaTest" runstate="Runnable" seed="384830348" result="Passed" start-time="2024-06-12T19:56:31.3864770Z" end-time="2024-06-12T19:56:31.3864970Z" duration="0.000020" asserts="2" />
                  <test-case id="1-2062" name="DistanceTo((PlayersWorlds.Maps.Areas.Evolving.FloatingArea[], -1.00x-1.00, True))" fullname="PlayersWorlds.Maps.Areas.Evolving.FloatingAreaTest.DistanceTo((PlayersWorlds.Maps.Areas.Evolving.FloatingArea[], -1.00x-1.00, True))" methodname="DistanceTo" classname="PlayersWorlds.Maps.Areas.Evolving.FloatingAreaTest" runstate="Runnable" seed="1806563376" result="Passed" start-time="2024-06-12T19:56:31.3865010Z" end-time="2024-06-12T19:56:31.3865230Z" duration="0.000022" asserts="2" />
                  <test-case id="1-2063" name="DistanceTo((PlayersWorlds.Maps.Areas.Evolving.FloatingArea[], 1.00x1.00, False))" fullname="PlayersWorlds.Maps.Areas.Evolving.FloatingAreaTest.DistanceTo((PlayersWorlds.Maps.Areas.Evolving.FloatingArea[], 1.00x1.00, False))" methodname="DistanceTo" classname="PlayersWorlds.Maps.Areas.Evolving.FloatingAreaTest" runstate="Runnable" seed="298415795" result="Passed" start-time="2024-06-12T19:56:31.3865270Z" end-time="2024-06-12T19:56:31.3865450Z" duration="0.000018" asserts="2" />
                </test-suite>
                <test-case id="1-2065" name="DistanceToDebug" fullname="PlayersWorlds.Maps.Areas.Evolving.FloatingAreaTest.DistanceToDebug" methodname="DistanceToDebug" classname="PlayersWorlds.Maps.Areas.Evolving.FloatingAreaTest" runstate="Runnable" seed="1349740261" result="Passed" start-time="2024-06-12T19:56:31.3865590Z" end-time="2024-06-12T19:56:31.3868970Z" duration="0.000338" asserts="2" />
                <test-case id="1-2045" name="Overlaps" fullname="PlayersWorlds.Maps.Areas.Evolving.FloatingAreaTest.Overlaps" methodname="Overlaps" classname="PlayersWorlds.Maps.Areas.Evolving.FloatingAreaTest" runstate="Runnable" seed="1616369958" result="Passed" start-time="2024-06-12T19:56:31.3869050Z" end-time="2024-06-12T19:56:31.3871670Z" duration="0.000262" asserts="2" />
                <test-case id="1-2043" name="Parse" fullname="PlayersWorlds.Maps.Areas.Evolving.FloatingAreaTest.Parse" methodname="Parse" classname="PlayersWorlds.Maps.Areas.Evolving.FloatingAreaTest" runstate="Runnable" seed="11386699" result="Passed" start-time="2024-06-12T19:56:31.3871740Z" end-time="2024-06-12T19:56:31.3873080Z" duration="0.000133" asserts="2" />
                <test-case id="1-2044" name="ToStringIsValid" fullname="PlayersWorlds.Maps.Areas.Evolving.FloatingAreaTest.ToStringIsValid" methodname="ToStringIsValid" classname="PlayersWorlds.Maps.Areas.Evolving.FloatingAreaTest" runstate="Runnable" seed="1607128207" result="Passed" start-time="2024-06-12T19:56:31.3873170Z" end-time="2024-06-12T19:56:31.3874990Z" duration="0.000181" asserts="1" />
              </test-suite>
              <test-suite type="TestFixture" id="1-2066" name="ForceFormulaTestTest" fullname="PlayersWorlds.Maps.Areas.Evolving.ForceFormulaTestTest" classname="PlayersWorlds.Maps.Areas.Evolving.ForceFormulaTestTest" runstate="Runnable" testcasecount="8" result="Passed" start-time="2024-06-12T19:56:31.3875220Z" end-time="2024-06-12T19:56:31.3904270Z" duration="0.002905" total="8" passed="8" failed="0" warnings="0" inconclusive="0" skipped="0" asserts="42">
                <test-case id="1-2072" name="CollideForce_Negative" fullname="PlayersWorlds.Maps.Areas.Evolving.ForceFormulaTestTest.CollideForce_Negative" methodname="CollideForce_Negative" classname="PlayersWorlds.Maps.Areas.Evolving.ForceFormulaTestTest" runstate="Runnable" seed="1206994536" result="Passed" start-time="2024-06-12T19:56:31.3875820Z" end-time="2024-06-12T19:56:31.3885840Z" duration="0.001002" asserts="9" />
                <test-case id="1-2071" name="CollideForce_Positive" fullname="PlayersWorlds.Maps.Areas.Evolving.ForceFormulaTestTest.CollideForce_Positive" methodname="CollideForce_Positive" classname="PlayersWorlds.Maps.Areas.Evolving.ForceFormulaTestTest" runstate="Runnable" seed="1867120497" result="Passed" start-time="2024-06-12T19:56:31.3885930Z" end-time="2024-06-12T19:56:31.3889390Z" duration="0.000346" asserts="9" />
                <test-case id="1-2068" name="NormalForce_Negative" fullname="PlayersWorlds.Maps.Areas.Evolving.ForceFormulaTestTest.NormalForce_Negative" methodname="NormalForce_Negative" classname="PlayersWorlds.Maps.Areas.Evolving.ForceFormulaTestTest" runstate="Runnable" seed="1262235598" result="Passed" start-time="2024-06-12T19:56:31.3889460Z" end-time="2024-06-12T19:56:31.3893790Z" duration="0.000433" asserts="3" />
                <test-case id="1-2070" name="NormalForce_NegativeCapped" fullname="PlayersWorlds.Maps.Areas.Evolving.ForceFormulaTestTest.NormalForce_NegativeCapped" methodname="NormalForce_NegativeCapped" classname="PlayersWorlds.Maps.Areas.Evolving.ForceFormulaTestTest" runstate="Runnable" seed="1031970742" result="Passed" start-time="2024-06-12T19:56:31.3893880Z" end-time="2024-06-12T19:56:31.3895590Z" duration="0.000171" asserts="5" />
                <test-case id="1-2067" name="NormalForce_Positive" fullname="PlayersWorlds.Maps.Areas.Evolving.ForceFormulaTestTest.NormalForce_Positive" methodname="NormalForce_Positive" classname="PlayersWorlds.Maps.Areas.Evolving.ForceFormulaTestTest" runstate="Runnable" seed="688772906" result="Passed" start-time="2024-06-12T19:56:31.3895670Z" end-time="2024-06-12T19:56:31.3896890Z" duration="0.000123" asserts="3" />
                <test-case id="1-2069" name="NormalForce_PositiveCapped" fullname="PlayersWorlds.Maps.Areas.Evolving.ForceFormulaTestTest.NormalForce_PositiveCapped" methodname="NormalForce_PositiveCapped" classname="PlayersWorlds.Maps.Areas.Evolving.ForceFormulaTestTest" runstate="Runnable" seed="43915668" result="Passed" start-time="2024-06-12T19:56:31.3896960Z" end-time="2024-06-12T19:56:31.3898550Z" duration="0.000159" asserts="5" />
                <test-case id="1-2074" name="OverlapForce_Negative" fullname="PlayersWorlds.Maps.Areas.Evolving.ForceFormulaTestTest.OverlapForce_Negative" methodname="OverlapForce_Negative" classname="PlayersWorlds.Maps.Areas.Evolving.ForceFormulaTestTest" runstate="Runnable" seed="59528013" result="Passed" start-time="2024-06-12T19:56:31.3898620Z" end-time="2024-06-12T19:56:31.3901480Z" duration="0.000286" asserts="4" />
                <test-case id="1-2073" name="OverlapForce_Positive" fullname="PlayersWorlds.Maps.Areas.Evolving.ForceFormulaTestTest.OverlapForce_Positive" methodname="OverlapForce_Positive" classname="PlayersWorlds.Maps.Areas.Evolving.ForceFormulaTestTest" runstate="Runnable" seed="1407907567" result="Passed" start-time="2024-06-12T19:56:31.3901560Z" end-time="2024-06-12T19:56:31.3904170Z" duration="0.000261" asserts="4" />
              </test-suite>
              <test-suite type="TestFixture" id="1-2075" name="SideToSideForceProducerTest" fullname="PlayersWorlds.Maps.Areas.Evolving.SideToSideForceProducerTest" classname="PlayersWorlds.Maps.Areas.Evolving.SideToSideForceProducerTest" runstate="Runnable" testcasecount="22" result="Passed" start-time="2024-06-12T19:56:31.3904390Z" end-time="2024-06-12T19:56:31.3954930Z" duration="0.005054" total="22" passed="22" failed="0" warnings="0" inconclusive="0" skipped="0" asserts="79">
                <test-case id="1-2093" name="GetAxisDistance_Collide" fullname="PlayersWorlds.Maps.Areas.Evolving.SideToSideForceProducerTest.GetAxisDistance_Collide" methodname="GetAxisDistance_Collide" classname="PlayersWorlds.Maps.Areas.Evolving.SideToSideForceProducerTest" runstate="Runnable" seed="2017515547" result="Passed" start-time="2024-06-12T19:56:31.3905480Z" end-time="2024-06-12T19:56:31.3910670Z" duration="0.000519" asserts="6" />
                <test-case id="1-2096" name="GetAxisDistance_Contain1" fullname="PlayersWorlds.Maps.Areas.Evolving.SideToSideForceProducerTest.GetAxisDistance_Contain1" methodname="GetAxisDistance_Contain1" classname="PlayersWorlds.Maps.Areas.Evolving.SideToSideForceProducerTest" runstate="Runnable" seed="457834061" result="Passed" start-time="2024-06-12T19:56:31.3910760Z" end-time="2024-06-12T19:56:31.3913320Z" duration="0.000257" asserts="6" />
                <test-case id="1-2097" name="GetAxisDistance_Contain2" fullname="PlayersWorlds.Maps.Areas.Evolving.SideToSideForceProducerTest.GetAxisDistance_Contain2" methodname="GetAxisDistance_Contain2" classname="PlayersWorlds.Maps.Areas.Evolving.SideToSideForceProducerTest" runstate="Runnable" seed="1926670348" result="Passed" start-time="2024-06-12T19:56:31.3913400Z" end-time="2024-06-12T19:56:31.3915910Z" duration="0.000251" asserts="6" />
                <test-case id="1-2091" name="GetAxisDistance_Normal1" fullname="PlayersWorlds.Maps.Areas.Evolving.SideToSideForceProducerTest.GetAxisDistance_Normal1" methodname="GetAxisDistance_Normal1" classname="PlayersWorlds.Maps.Areas.Evolving.SideToSideForceProducerTest" runstate="Runnable" seed="781035791" result="Passed" start-time="2024-06-12T19:56:31.3915980Z" end-time="2024-06-12T19:56:31.3918320Z" duration="0.000234" asserts="6" />
                <test-case id="1-2092" name="GetAxisDistance_Normal2" fullname="PlayersWorlds.Maps.Areas.Evolving.SideToSideForceProducerTest.GetAxisDistance_Normal2" methodname="GetAxisDistance_Normal2" classname="PlayersWorlds.Maps.Areas.Evolving.SideToSideForceProducerTest" runstate="Runnable" seed="1443130101" result="Passed" start-time="2024-06-12T19:56:31.3918400Z" end-time="2024-06-12T19:56:31.3920720Z" duration="0.000233" asserts="6" />
                <test-case id="1-2094" name="GetAxisDistance_Overlap1" fullname="PlayersWorlds.Maps.Areas.Evolving.SideToSideForceProducerTest.GetAxisDistance_Overlap1" methodname="GetAxisDistance_Overlap1" classname="PlayersWorlds.Maps.Areas.Evolving.SideToSideForceProducerTest" runstate="Runnable" seed="980249744" result="Passed" start-time="2024-06-12T19:56:31.3920790Z" end-time="2024-06-12T19:56:31.3923090Z" duration="0.000230" asserts="6" />
                <test-case id="1-2095" name="GetAxisDistance_Overlap2" fullname="PlayersWorlds.Maps.Areas.Evolving.SideToSideForceProducerTest.GetAxisDistance_Overlap2" methodname="GetAxisDistance_Overlap2" classname="PlayersWorlds.Maps.Areas.Evolving.SideToSideForceProducerTest" runstate="Runnable" seed="328164747" result="Passed" start-time="2024-06-12T19:56:31.3923160Z" end-time="2024-06-12T19:56:31.3925450Z" duration="0.000229" asserts="6" />
                <test-case id="1-2085" name="GetOpposingForce_CentersInside_NoOpposingForce" fullname="PlayersWorlds.Maps.Areas.Evolving.SideToSideForceProducerTest.GetOpposingForce_CentersInside_NoOpposingForce" methodname="GetOpposingForce_CentersInside_NoOpposingForce" classname="PlayersWorlds.Maps.Areas.Evolving.SideToSideForceProducerTest" runstate="Runnable" seed="1394930250" result="Passed" start-time="2024-06-12T19:56:31.3925520Z" end-time="2024-06-12T19:56:31.3927600Z" duration="0.000208" asserts="2" />
                <test-case id="1-2086" name="GetOpposingForce_CentersInside_WithOpposingForce" fullname="PlayersWorlds.Maps.Areas.Evolving.SideToSideForceProducerTest.GetOpposingForce_CentersInside_WithOpposingForce" methodname="GetOpposingForce_CentersInside_WithOpposingForce" classname="PlayersWorlds.Maps.Areas.Evolving.SideToSideForceProducerTest" runstate="Runnable" seed="1533783641" result="Passed" start-time="2024-06-12T19:56:31.3927690Z" end-time="2024-06-12T19:56:31.3928820Z" duration="0.000113" asserts="2" />
                <test-case id="1-2087" name="GetOpposingForce_CentersOutside_NoOpposingForce" fullname="PlayersWorlds.Maps.Areas.Evolving.SideToSideForceProducerTest.GetOpposingForce_CentersOutside_NoOpposingForce" methodname="GetOpposingForce_CentersOutside_NoOpposingForce" classname="PlayersWorlds.Maps.Areas.Evolving.SideToSideForceProducerTest" runstate="Runnable" seed="2025173375" result="Passed" start-time="2024-06-12T19:56:31.3928920Z" end-time="2024-06-12T19:56:31.3929970Z" duration="0.000105" asserts="2" />
                <test-case id="1-2088" name="GetOpposingForce_CentersOutside_WithOpposingForce" fullname="PlayersWorlds.Maps.Areas.Evolving.SideToSideForceProducerTest.GetOpposingForce_CentersOutside_WithOpposingForce" methodname="GetOpposingForce_CentersOutside_WithOpposingForce" classname="PlayersWorlds.Maps.Areas.Evolving.SideToSideForceProducerTest" runstate="Runnable" seed="903967175" result="Passed" start-time="2024-06-12T19:56:31.3930040Z" end-time="2024-06-12T19:56:31.3931180Z" duration="0.000114" asserts="2" />
                <test-case id="1-2089" name="GetOpposingForce_NoIntersection_NoOpposingForce" fullname="PlayersWorlds.Maps.Areas.Evolving.SideToSideForceProducerTest.GetOpposingForce_NoIntersection_NoOpposingForce" methodname="GetOpposingForce_NoIntersection_NoOpposingForce" classname="PlayersWorlds.Maps.Areas.Evolving.SideToSideForceProducerTest" runstate="Runnable" seed="1494940978" result="Passed" start-time="2024-06-12T19:56:31.3931260Z" end-time="2024-06-12T19:56:31.3943650Z" duration="0.001239" asserts="2" />
                <test-case id="1-2090" name="GetOpposingForce_NoIntersection_WithOpposingForce" fullname="PlayersWorlds.Maps.Areas.Evolving.SideToSideForceProducerTest.GetOpposingForce_NoIntersection_WithOpposingForce" methodname="GetOpposingForce_NoIntersection_WithOpposingForce" classname="PlayersWorlds.Maps.Areas.Evolving.SideToSideForceProducerTest" runstate="Runnable" seed="1460813814" result="Passed" start-time="2024-06-12T19:56:31.3943720Z" end-time="2024-06-12T19:56:31.3944660Z" duration="0.000094" asserts="2" />
                <test-case id="1-2083" name="GetOpposingForce_WhenCenterMatches_NoOpposingForce" fullname="PlayersWorlds.Maps.Areas.Evolving.SideToSideForceProducerTest.GetOpposingForce_WhenCenterMatches_NoOpposingForce" methodname="GetOpposingForce_WhenCenterMatches_NoOpposingForce" classname="PlayersWorlds.Maps.Areas.Evolving.SideToSideForceProducerTest" runstate="Runnable" seed="352950808" result="Passed" start-time="2024-06-12T19:56:31.3944730Z" end-time="2024-06-12T19:56:31.3945550Z" duration="0.000083" asserts="2" />
                <test-case id="1-2084" name="GetOpposingForce_WhenCenterMatches_WithOpposingForce" fullname="PlayersWorlds.Maps.Areas.Evolving.SideToSideForceProducerTest.GetOpposingForce_WhenCenterMatches_WithOpposingForce" methodname="GetOpposingForce_WhenCenterMatches_WithOpposingForce" classname="PlayersWorlds.Maps.Areas.Evolving.SideToSideForceProducerTest" runstate="Runnable" seed="844640289" result="Passed" start-time="2024-06-12T19:56:31.3945620Z" end-time="2024-06-12T19:56:31.3946450Z" duration="0.000082" asserts="2" />
                <test-case id="1-2079" name="MapAreaSystemTest_DistanceCentersMatch" fullname="PlayersWorlds.Maps.Areas.Evolving.SideToSideForceProducerTest.MapAreaSystemTest_DistanceCentersMatch" methodname="MapAreaSystemTest_DistanceCentersMatch" classname="PlayersWorlds.Maps.Areas.Evolving.SideToSideForceProducerTest" runstate="Runnable" seed="216513436" result="Passed" start-time="2024-06-12T19:56:31.3946520Z" end-time="2024-06-12T19:56:31.3947740Z" duration="0.000122" asserts="3" />
                <test-case id="1-2082" name="MapAreaSystemTest_DistanceNegativeCollide" fullname="PlayersWorlds.Maps.Areas.Evolving.SideToSideForceProducerTest.MapAreaSystemTest_DistanceNegativeCollide" methodname="MapAreaSystemTest_DistanceNegativeCollide" classname="PlayersWorlds.Maps.Areas.Evolving.SideToSideForceProducerTest" runstate="Runnable" seed="1957088455" result="Passed" start-time="2024-06-12T19:56:31.3947800Z" end-time="2024-06-12T19:56:31.3948960Z" duration="0.000116" asserts="3" />
                <test-case id="1-2080" name="MapAreaSystemTest_DistanceNegativeNormal" fullname="PlayersWorlds.Maps.Areas.Evolving.SideToSideForceProducerTest.MapAreaSystemTest_DistanceNegativeNormal" methodname="MapAreaSystemTest_DistanceNegativeNormal" classname="PlayersWorlds.Maps.Areas.Evolving.SideToSideForceProducerTest" runstate="Runnable" seed="1824324513" result="Passed" start-time="2024-06-12T19:56:31.3949030Z" end-time="2024-06-12T19:56:31.3950220Z" duration="0.000119" asserts="3" />
                <test-case id="1-2081" name="MapAreaSystemTest_DistanceNegativeOverlap" fullname="PlayersWorlds.Maps.Areas.Evolving.SideToSideForceProducerTest.MapAreaSystemTest_DistanceNegativeOverlap" methodname="MapAreaSystemTest_DistanceNegativeOverlap" classname="PlayersWorlds.Maps.Areas.Evolving.SideToSideForceProducerTest" runstate="Runnable" seed="348659295" result="Passed" start-time="2024-06-12T19:56:31.3950310Z" end-time="2024-06-12T19:56:31.3951380Z" duration="0.000107" asserts="3" />
                <test-case id="1-2078" name="MapAreaSystemTest_DistancePositiveCollide" fullname="PlayersWorlds.Maps.Areas.Evolving.SideToSideForceProducerTest.MapAreaSystemTest_DistancePositiveCollide" methodname="MapAreaSystemTest_DistancePositiveCollide" classname="PlayersWorlds.Maps.Areas.Evolving.SideToSideForceProducerTest" runstate="Runnable" seed="1920203705" result="Passed" start-time="2024-06-12T19:56:31.3951450Z" end-time="2024-06-12T19:56:31.3952550Z" duration="0.000111" asserts="3" />
                <test-case id="1-2076" name="MapAreaSystemTest_DistancePositiveNormal" fullname="PlayersWorlds.Maps.Areas.Evolving.SideToSideForceProducerTest.MapAreaSystemTest_DistancePositiveNormal" methodname="MapAreaSystemTest_DistancePositiveNormal" classname="PlayersWorlds.Maps.Areas.Evolving.SideToSideForceProducerTest" runstate="Runnable" seed="552160519" result="Passed" start-time="2024-06-12T19:56:31.3952620Z" end-time="2024-06-12T19:56:31.3953710Z" duration="0.000109" asserts="3" />
                <test-case id="1-2077" name="MapAreaSystemTest_DistancePositiveOverlap" fullname="PlayersWorlds.Maps.Areas.Evolving.SideToSideForceProducerTest.MapAreaSystemTest_DistancePositiveOverlap" methodname="MapAreaSystemTest_DistancePositiveOverlap" classname="PlayersWorlds.Maps.Areas.Evolving.SideToSideForceProducerTest" runstate="Runnable" seed="1820800879" result="Passed" start-time="2024-06-12T19:56:31.3953780Z" end-time="2024-06-12T19:56:31.3954820Z" duration="0.000104" asserts="3" />
              </test-suite>
            </test-suite>
            <test-suite type="TestFixture" id="1-1945" name="MapAreaTest" fullname="PlayersWorlds.Maps.Areas.MapAreaTest" classname="PlayersWorlds.Maps.Areas.MapAreaTest" runstate="Runnable" testcasecount="6" result="Passed" start-time="2024-06-12T19:56:31.3955150Z" end-time="2024-06-12T19:56:31.3995340Z" duration="0.004019" total="6" passed="6" failed="0" warnings="0" inconclusive="0" skipped="0" asserts="27">
              <test-case id="1-1948" name="Overlaps_ReturnsFalseIfDoesNotOverlap" fullname="PlayersWorlds.Maps.Areas.MapAreaTest.Overlaps_ReturnsFalseIfDoesNotOverlap" methodname="Overlaps_ReturnsFalseIfDoesNotOverlap" classname="PlayersWorlds.Maps.Areas.MapAreaTest" runstate="Runnable" seed="1554581130" result="Passed" start-time="2024-06-12T19:56:31.3955770Z" end-time="2024-06-12T19:56:31.3962920Z" duration="0.000715" asserts="15" />
              <test-case id="1-1947" name="Overlaps_ReturnsTrueIfOverlaps" fullname="PlayersWorlds.Maps.Areas.MapAreaTest.Overlaps_ReturnsTrueIfOverlaps" methodname="Overlaps_ReturnsTrueIfOverlaps" classname="PlayersWorlds.Maps.Areas.MapAreaTest" runstate="Runnable" seed="2123411547" result="Passed" start-time="2024-06-12T19:56:31.3963000Z" end-time="2024-06-12T19:56:31.3965390Z" duration="0.000240" asserts="7" />
              <test-case id="1-1946" name="Overlaps_ThrowsIfSame" fullname="PlayersWorlds.Maps.Areas.MapAreaTest.Overlaps_ThrowsIfSame" methodname="Overlaps_ThrowsIfSame" classname="PlayersWorlds.Maps.Areas.MapAreaTest" runstate="Runnable" seed="1096913726" result="Passed" start-time="2024-06-12T19:56:31.3965460Z" end-time="2024-06-12T19:56:31.3973220Z" duration="0.000776" asserts="2" />
              <test-case id="1-1950" name="Position_DoesNotThrowIfInitialized" fullname="PlayersWorlds.Maps.Areas.MapAreaTest.Position_DoesNotThrowIfInitialized" methodname="Position_DoesNotThrowIfInitialized" classname="PlayersWorlds.Maps.Areas.MapAreaTest" runstate="Runnable" seed="1069182644" result="Passed" start-time="2024-06-12T19:56:31.3973310Z" end-time="2024-06-12T19:56:31.3975500Z" duration="0.000220" asserts="1" />
              <test-case id="1-1949" name="Position_UnpositionedThrowsIfNotInitialized" fullname="PlayersWorlds.Maps.Areas.MapAreaTest.Position_UnpositionedThrowsIfNotInitialized" methodname="Position_UnpositionedThrowsIfNotInitialized" classname="PlayersWorlds.Maps.Areas.MapAreaTest" runstate="Runnable" seed="425160974" result="Passed" start-time="2024-06-12T19:56:31.3975580Z" end-time="2024-06-12T19:56:31.3990680Z" duration="0.001510" asserts="1" />
              <test-case id="1-1951" name="ThrowsIfWrongParameters" fullname="PlayersWorlds.Maps.Areas.MapAreaTest.ThrowsIfWrongParameters" methodname="ThrowsIfWrongParameters" classname="PlayersWorlds.Maps.Areas.MapAreaTest" runstate="Runnable" seed="1937978160" result="Passed" start-time="2024-06-12T19:56:31.3990760Z" end-time="2024-06-12T19:56:31.3995230Z" duration="0.000447" asserts="1" />
            </test-suite>
          </test-suite>
          <test-suite type="TestFixture" id="1-1004" name="AssemblyInfoTest" fullname="PlayersWorlds.Maps.AssemblyInfoTest" classname="PlayersWorlds.Maps.AssemblyInfoTest" runstate="Runnable" testcasecount="2" result="Passed" start-time="2024-06-12T19:56:31.3995520Z" end-time="2024-06-12T19:56:31.4003260Z" duration="0.000774" total="2" passed="2" failed="0" warnings="0" inconclusive="0" skipped="0" asserts="4">
            <test-case id="1-1006" name="TestAssemblyCompany" fullname="PlayersWorlds.Maps.AssemblyInfoTest.TestAssemblyCompany" methodname="TestAssemblyCompany" classname="PlayersWorlds.Maps.AssemblyInfoTest" runstate="Runnable" seed="171665832" result="Passed" start-time="2024-06-12T19:56:31.3996130Z" end-time="2024-06-12T19:56:31.4000610Z" duration="0.000449" asserts="2" />
            <test-case id="1-1005" name="TestAssemblyTitle" fullname="PlayersWorlds.Maps.AssemblyInfoTest.TestAssemblyTitle" methodname="TestAssemblyTitle" classname="PlayersWorlds.Maps.AssemblyInfoTest" runstate="Runnable" seed="1144864603" result="Passed" start-time="2024-06-12T19:56:31.4000700Z" end-time="2024-06-12T19:56:31.4003160Z" duration="0.000246" asserts="2" />
          </test-suite>
          <test-suite type="TestFixture" id="1-1007" name="CellTest" fullname="PlayersWorlds.Maps.CellTest" classname="PlayersWorlds.Maps.CellTest" runstate="Runnable" testcasecount="2" result="Passed" start-time="2024-06-12T19:56:31.4003390Z" end-time="2024-06-12T19:56:31.4010430Z" duration="0.000704" total="2" passed="2" failed="0" warnings="0" inconclusive="0" skipped="0" asserts="4">
            <test-case id="1-1008" name="CellTagEqualityTest" fullname="PlayersWorlds.Maps.CellTest.CellTagEqualityTest" methodname="CellTagEqualityTest" classname="PlayersWorlds.Maps.CellTest" runstate="Runnable" seed="691493383" result="Passed" start-time="2024-06-12T19:56:31.4003980Z" end-time="2024-06-12T19:56:31.4007660Z" duration="0.000369" asserts="3" />
            <test-case id="1-1009" name="Serialize" fullname="PlayersWorlds.Maps.CellTest.Serialize" methodname="Serialize" classname="PlayersWorlds.Maps.CellTest" runstate="Runnable" seed="1346929403" result="Passed" start-time="2024-06-12T19:56:31.4007740Z" end-time="2024-06-12T19:56:31.4010330Z" duration="0.000258" asserts="1" />
          </test-suite>
          <test-suite type="TestFixture" id="1-1010" name="ExtensionsTest" fullname="PlayersWorlds.Maps.ExtensionsTest" classname="PlayersWorlds.Maps.ExtensionsTest" runstate="Runnable" testcasecount="7" result="Passed" start-time="2024-06-12T19:56:31.4010550Z" end-time="2024-06-12T19:56:31.4081780Z" duration="0.007123" total="7" passed="7" failed="0" warnings="0" inconclusive="0" skipped="0" asserts="12">
            <test-case id="1-1013" name="DebugString" fullname="PlayersWorlds.Maps.ExtensionsTest.DebugString" methodname="DebugString" classname="PlayersWorlds.Maps.ExtensionsTest" runstate="Runnable" seed="1757978116" result="Passed" start-time="2024-06-12T19:56:31.4011240Z" end-time="2024-06-12T19:56:31.4026670Z" duration="0.001543" asserts="1" />
            <test-case id="1-1016" name="GetAllDictionaryItems" fullname="PlayersWorlds.Maps.ExtensionsTest.GetAllDictionaryItems" methodname="GetAllDictionaryItems" classname="PlayersWorlds.Maps.ExtensionsTest" runstate="Runnable" seed="1940930847" result="Passed" start-time="2024-06-12T19:56:31.4026760Z" end-time="2024-06-12T19:56:31.4044940Z" duration="0.001818" asserts="1" />
            <test-case id="1-1017" name="GetAllHashSetKeys" fullname="PlayersWorlds.Maps.ExtensionsTest.GetAllHashSetKeys" methodname="GetAllHashSetKeys" classname="PlayersWorlds.Maps.ExtensionsTest" runstate="Runnable" seed="1685144831" result="Passed" start-time="2024-06-12T19:56:31.4045040Z" end-time="2024-06-12T19:56:31.4053810Z" duration="0.000878" asserts="1" />
            <test-case id="1-1014" name="Set" fullname="PlayersWorlds.Maps.ExtensionsTest.Set" methodname="Set" classname="PlayersWorlds.Maps.ExtensionsTest" runstate="Runnable" seed="1533527300" result="Passed" start-time="2024-06-12T19:56:31.4053900Z" end-time="2024-06-12T19:56:31.4062850Z" duration="0.000895" asserts="3" />
            <test-case id="1-1015" name="SetList" fullname="PlayersWorlds.Maps.ExtensionsTest.SetList" methodname="SetList" classname="PlayersWorlds.Maps.ExtensionsTest" runstate="Runnable" seed="584860119" result="Passed" start-time="2024-06-12T19:56:31.4062930Z" end-time="2024-06-12T19:56:31.4076130Z" duration="0.001320" asserts="3" />
            <test-case id="1-1012" name="TryDequeue_Dequeues" fullname="PlayersWorlds.Maps.ExtensionsTest.TryDequeue_Dequeues" methodname="TryDequeue_Dequeues" classname="PlayersWorlds.Maps.ExtensionsTest" runstate="Runnable" seed="1258976197" result="Passed" start-time="2024-06-12T19:56:31.4076210Z" end-time="2024-06-12T19:56:31.4080290Z" duration="0.000408" asserts="2" />
            <test-case id="1-1011" name="TryDequeue_DoesNotThrow" fullname="PlayersWorlds.Maps.ExtensionsTest.TryDequeue_DoesNotThrow" methodname="TryDequeue_DoesNotThrow" classname="PlayersWorlds.Maps.ExtensionsTest" runstate="Runnable" seed="2000013825" result="Passed" start-time="2024-06-12T19:56:31.4080370Z" end-time="2024-06-12T19:56:31.4081670Z" duration="0.000131" asserts="1" />
          </test-suite>
          <test-suite type="TestFixture" id="1-1018" name="GlobalRandomTest" fullname="PlayersWorlds.Maps.GlobalRandomTest" classname="PlayersWorlds.Maps.GlobalRandomTest" runstate="Runnable" testcasecount="3" result="Passed" start-time="2024-06-12T19:56:31.4081900Z" end-time="2024-06-12T19:56:31.4127360Z" duration="0.004546" total="3" passed="3" failed="0" warnings="0" inconclusive="0" skipped="0" asserts="1002">
            <test-case id="1-1019" name="RandomCollectionItem" fullname="PlayersWorlds.Maps.GlobalRandomTest.RandomCollectionItem" methodname="RandomCollectionItem" classname="PlayersWorlds.Maps.GlobalRandomTest" runstate="Runnable" seed="971270054" result="Passed" start-time="2024-06-12T19:56:31.4082470Z" end-time="2024-06-12T19:56:31.4088700Z" duration="0.000623" asserts="1" />
            <test-case id="1-1021" name="RandomInRange" fullname="PlayersWorlds.Maps.GlobalRandomTest.RandomInRange" methodname="RandomInRange" classname="PlayersWorlds.Maps.GlobalRandomTest" runstate="Runnable" seed="218409125" result="Passed" start-time="2024-06-12T19:56:31.4088780Z" end-time="2024-06-12T19:56:31.4124850Z" duration="0.003607" asserts="1000" />
            <test-case id="1-1020" name="ThrowsIfEmptyCollection" fullname="PlayersWorlds.Maps.GlobalRandomTest.ThrowsIfEmptyCollection" methodname="ThrowsIfEmptyCollection" classname="PlayersWorlds.Maps.GlobalRandomTest" runstate="Runnable" seed="867056273" result="Passed" start-time="2024-06-12T19:56:31.4124940Z" end-time="2024-06-12T19:56:31.4127250Z" duration="0.000231" asserts="1" />
          </test-suite>
          <test-suite type="TestFixture" id="1-1022" name="Map2DTest" fullname="PlayersWorlds.Maps.Map2DTest" classname="PlayersWorlds.Maps.Map2DTest" runstate="Runnable" testcasecount="1" result="Passed" start-time="2024-06-12T19:56:31.4127500Z" end-time="2024-06-12T19:56:31.4147970Z" duration="0.002048" total="1" passed="1" failed="0" warnings="0" inconclusive="0" skipped="0" asserts="6">
            <test-case id="1-1023" name="ParseMap" fullname="PlayersWorlds.Maps.Map2DTest.ParseMap" methodname="ParseMap" classname="PlayersWorlds.Maps.Map2DTest" runstate="Runnable" seed="1587842630" result="Passed" start-time="2024-06-12T19:56:31.4135910Z" end-time="2024-06-12T19:56:31.4147860Z" duration="0.001196" asserts="6" />
          </test-suite>
          <test-suite type="TestSuite" id="1-2105" name="MapFilters" fullname="PlayersWorlds.Maps.MapFilters" runstate="Runnable" testcasecount="5" result="Passed" start-time="2024-06-12T19:55:21.4131720Z" end-time="2024-06-12T19:56:31.4214590Z" duration="70.008286" total="5" passed="5" failed="0" warnings="0" inconclusive="0" skipped="0" asserts="10">
            <test-suite type="TestFixture" id="1-1939" name="Map2DEraseSpotsTest" fullname="PlayersWorlds.Maps.MapFilters.Map2DEraseSpotsTest" classname="PlayersWorlds.Maps.MapFilters.Map2DEraseSpotsTest" runstate="Runnable" testcasecount="5" result="Passed" start-time="2024-06-12T19:56:31.4148100Z" end-time="2024-06-12T19:56:31.4214520Z" duration="0.006642" total="5" passed="5" failed="0" warnings="0" inconclusive="0" skipped="0" asserts="10">
              <test-case id="1-1940" name="BackslashEraseSpots" fullname="PlayersWorlds.Maps.MapFilters.Map2DEraseSpotsTest.BackslashEraseSpots" methodname="BackslashEraseSpots" classname="PlayersWorlds.Maps.MapFilters.Map2DEraseSpotsTest" runstate="Runnable" seed="1994752572" result="Passed" start-time="2024-06-12T19:56:31.4148660Z" end-time="2024-06-12T19:56:31.4179780Z" duration="0.003112" asserts="1" />
              <test-case id="1-1944" name="SmoothBoxEraseSpots" fullname="PlayersWorlds.Maps.MapFilters.Map2DEraseSpotsTest.SmoothBoxEraseSpots" methodname="SmoothBoxEraseSpots" classname="PlayersWorlds.Maps.MapFilters.Map2DEraseSpotsTest" runstate="Runnable" seed="764572054" result="Passed" start-time="2024-06-12T19:56:31.4179880Z" end-time="2024-06-12T19:56:31.4186150Z" duration="0.000627" asserts="1" />
              <test-case id="1-1943" name="SmoothBoxVoidBgEraseSpots" fullname="PlayersWorlds.Maps.MapFilters.Map2DEraseSpotsTest.SmoothBoxVoidBgEraseSpots" methodname="SmoothBoxVoidBgEraseSpots" classname="PlayersWorlds.Maps.MapFilters.Map2DEraseSpotsTest" runstate="Runnable" seed="398184963" result="Passed" start-time="2024-06-12T19:56:31.4186230Z" end-time="2024-06-12T19:56:31.4190310Z" duration="0.000407" asserts="1" />
              <test-case id="1-1942" name="Spot1x3SpotsEraseSpots" fullname="PlayersWorlds.Maps.MapFilters.Map2DEraseSpotsTest.Spot1x3SpotsEraseSpots" methodname="Spot1x3SpotsEraseSpots" classname="PlayersWorlds.Maps.MapFilters.Map2DEraseSpotsTest" runstate="Runnable" seed="1166700010" result="Passed" start-time="2024-06-12T19:56:31.4190390Z" end-time="2024-06-12T19:56:31.4194210Z" duration="0.000382" asserts="1" />
              <test-case id="1-1941" name="VariousSpotsEraseSpots" fullname="PlayersWorlds.Maps.MapFilters.Map2DEraseSpotsTest.VariousSpotsEraseSpots" methodname="VariousSpotsEraseSpots" classname="PlayersWorlds.Maps.MapFilters.Map2DEraseSpotsTest" runstate="Runnable" seed="1807880740" result="Passed" start-time="2024-06-12T19:56:31.4194290Z" end-time="2024-06-12T19:56:31.4214410Z" duration="0.002013" asserts="6" />
            </test-suite>
          </test-suite>
          <test-suite type="TestSuite" id="1-2103" name="Maze" fullname="PlayersWorlds.Maps.Maze" runstate="Runnable" testcasecount="776" result="Skipped" label="Ignored" site="Child" start-time="2024-06-12T19:55:21.4131780Z" end-time="2024-06-12T20:10:15.3766900Z" duration="893.963512" total="776" passed="528" failed="0" warnings="0" inconclusive="0" skipped="248" asserts="14287">
            <reason>
              <message><![CDATA[One or more child tests were ignored]]></message>
            </reason>
            <test-suite type="TestFixture" id="1-1143" name="Maze2DBuilderTest" fullname="PlayersWorlds.Maps.Maze.Maze2DBuilderTest" classname="PlayersWorlds.Maps.Maze.Maze2DBuilderTest" runstate="Runnable" testcasecount="21" result="Passed" start-time="2024-06-12T19:56:31.4214690Z" end-time="2024-06-12T19:56:31.5969690Z" duration="0.175500" total="21" passed="21" failed="0" warnings="0" inconclusive="0" skipped="0" asserts="7096">
              <test-case id="1-1162" name="ApplyAreas" fullname="PlayersWorlds.Maps.Maze.Maze2DBuilderTest.ApplyAreas" methodname="ApplyAreas" classname="PlayersWorlds.Maps.Maze.Maze2DBuilderTest" runstate="Runnable" seed="1086351321" result="Passed" start-time="2024-06-12T19:56:31.4215310Z" end-time="2024-06-12T19:56:31.4348940Z" duration="0.013363" asserts="4" />
              <test-case id="1-1144" name="BuildsCorrectCellsCollections" fullname="PlayersWorlds.Maps.Maze.Maze2DBuilderTest.BuildsCorrectCellsCollections" methodname="BuildsCorrectCellsCollections" classname="PlayersWorlds.Maps.Maze.Maze2DBuilderTest" runstate="Runnable" seed="1565386032" result="Passed" start-time="2024-06-12T19:56:31.4349070Z" end-time="2024-06-12T19:56:31.4382450Z" duration="0.003339" asserts="2" />
              <test-case id="1-1145" name="BuildsCorrectCellsCollectionsWithHallAreas" fullname="PlayersWorlds.Maps.Maze.Maze2DBuilderTest.BuildsCorrectCellsCollectionsWithHallAreas" methodname="BuildsCorrectCellsCollectionsWithHallAreas" classname="PlayersWorlds.Maps.Maze.Maze2DBuilderTest" runstate="Runnable" seed="967071387" result="Passed" start-time="2024-06-12T19:56:31.4382630Z" end-time="2024-06-12T19:56:31.4419670Z" duration="0.003704" asserts="4" />
              <test-case id="1-1146" name="BuildsCorrectCellsCollectionsWithHallAreasAtTheEdge" fullname="PlayersWorlds.Maps.Maze.Maze2DBuilderTest.BuildsCorrectCellsCollectionsWithHallAreasAtTheEdge" methodname="BuildsCorrectCellsCollectionsWithHallAreasAtTheEdge" classname="PlayersWorlds.Maps.Maze.Maze2DBuilderTest" runstate="Runnable" seed="2104785632" result="Passed" start-time="2024-06-12T19:56:31.4419810Z" end-time="2024-06-12T19:56:31.4456550Z" duration="0.003674" asserts="4" />
              <test-case id="1-1164" name="CanConnect" fullname="PlayersWorlds.Maps.Maze.Maze2DBuilderTest.CanConnect" methodname="CanConnect" classname="PlayersWorlds.Maps.Maze.Maze2DBuilderTest" runstate="Runnable" seed="1226274308" result="Passed" start-time="2024-06-12T19:56:31.4456740Z" end-time="2024-06-12T19:56:31.4650080Z" duration="0.019333" asserts="11" />
              <test-case id="1-1152" name="IsFillComplete_Full" fullname="PlayersWorlds.Maps.Maze.Maze2DBuilderTest.IsFillComplete_Full" methodname="IsFillComplete_Full" classname="PlayersWorlds.Maps.Maze.Maze2DBuilderTest" runstate="Runnable" seed="43865688" result="Passed" start-time="2024-06-12T19:56:31.4650280Z" end-time="2024-06-12T19:56:31.4656930Z" duration="0.000665" asserts="4" />
              <test-case id="1-1155" name="IsFillComplete_Full_WithCave" fullname="PlayersWorlds.Maps.Maze.Maze2DBuilderTest.IsFillComplete_Full_WithCave" methodname="IsFillComplete_Full_WithCave" classname="PlayersWorlds.Maps.Maze.Maze2DBuilderTest" runstate="Runnable" seed="641049341" result="Passed" start-time="2024-06-12T19:56:31.4657020Z" end-time="2024-06-12T19:56:31.4685480Z" duration="0.002846" asserts="3" />
              <test-case id="1-1154" name="IsFillComplete_Full_WithFill" fullname="PlayersWorlds.Maps.Maze.Maze2DBuilderTest.IsFillComplete_Full_WithFill" methodname="IsFillComplete_Full_WithFill" classname="PlayersWorlds.Maps.Maze.Maze2DBuilderTest" runstate="Runnable" seed="1432509493" result="Passed" start-time="2024-06-12T19:56:31.4685600Z" end-time="2024-06-12T19:56:31.4695950Z" duration="0.001035" asserts="2" />
              <test-case id="1-1153" name="IsFillComplete_Full_WithHall" fullname="PlayersWorlds.Maps.Maze.Maze2DBuilderTest.IsFillComplete_Full_WithHall" methodname="IsFillComplete_Full_WithHall" classname="PlayersWorlds.Maps.Maze.Maze2DBuilderTest" runstate="Runnable" seed="874698310" result="Passed" start-time="2024-06-12T19:56:31.4696070Z" end-time="2024-06-12T19:56:31.4708550Z" duration="0.001248" asserts="2" />
              <test-case id="1-1157" name="IsFillComplete_FullHeight" fullname="PlayersWorlds.Maps.Maze.Maze2DBuilderTest.IsFillComplete_FullHeight" methodname="IsFillComplete_FullHeight" classname="PlayersWorlds.Maps.Maze.Maze2DBuilderTest" runstate="Runnable" seed="639458724" result="Passed" start-time="2024-06-12T19:56:31.4708660Z" end-time="2024-06-12T19:56:31.4714140Z" duration="0.000548" asserts="3" />
              <test-case id="1-1156" name="IsFillComplete_FullWidth" fullname="PlayersWorlds.Maps.Maze.Maze2DBuilderTest.IsFillComplete_FullWidth" methodname="IsFillComplete_FullWidth" classname="PlayersWorlds.Maps.Maze.Maze2DBuilderTest" runstate="Runnable" seed="1570635968" result="Passed" start-time="2024-06-12T19:56:31.4714260Z" end-time="2024-06-12T19:56:31.4717620Z" duration="0.000336" asserts="3" />
              <test-case id="1-1159" name="IsFillComplete_Half" fullname="PlayersWorlds.Maps.Maze.Maze2DBuilderTest.IsFillComplete_Half" methodname="IsFillComplete_Half" classname="PlayersWorlds.Maps.Maze.Maze2DBuilderTest" runstate="Runnable" seed="619128992" result="Passed" start-time="2024-06-12T19:56:31.4717700Z" end-time="2024-06-12T19:56:31.4720060Z" duration="0.000237" asserts="2" />
              <test-case id="1-1161" name="IsFillComplete_NinetyPercent" fullname="PlayersWorlds.Maps.Maze.Maze2DBuilderTest.IsFillComplete_NinetyPercent" methodname="IsFillComplete_NinetyPercent" classname="PlayersWorlds.Maps.Maze.Maze2DBuilderTest" runstate="Runnable" seed="1616353598" result="Passed" start-time="2024-06-12T19:56:31.4720140Z" end-time="2024-06-12T19:56:31.4723080Z" duration="0.000294" asserts="4" />
              <test-case id="1-1151" name="IsFillComplete_NoCells" fullname="PlayersWorlds.Maps.Maze.Maze2DBuilderTest.IsFillComplete_NoCells" methodname="IsFillComplete_NoCells" classname="PlayersWorlds.Maps.Maze.Maze2DBuilderTest" runstate="Runnable" seed="1853866718" result="Passed" start-time="2024-06-12T19:56:31.4723150Z" end-time="2024-06-12T19:56:31.4725220Z" duration="0.000207" asserts="1" />
              <test-case id="1-1158" name="IsFillComplete_Quarter" fullname="PlayersWorlds.Maps.Maze.Maze2DBuilderTest.IsFillComplete_Quarter" methodname="IsFillComplete_Quarter" classname="PlayersWorlds.Maps.Maze.Maze2DBuilderTest" runstate="Runnable" seed="72979574" result="Passed" start-time="2024-06-12T19:56:31.4725290Z" end-time="2024-06-12T19:56:31.4727560Z" duration="0.000227" asserts="2" />
              <test-case id="1-1160" name="IsFillComplete_ThreeQuarters" fullname="PlayersWorlds.Maps.Maze.Maze2DBuilderTest.IsFillComplete_ThreeQuarters" methodname="IsFillComplete_ThreeQuarters" classname="PlayersWorlds.Maps.Maze.Maze2DBuilderTest" runstate="Runnable" seed="1694979717" result="Passed" start-time="2024-06-12T19:56:31.4727630Z" end-time="2024-06-12T19:56:31.4736200Z" duration="0.000857" asserts="3" />
              <test-case id="1-1150" name="IterateUnlinkedCells_IteratesAllAvailableCells" fullname="PlayersWorlds.Maps.Maze.Maze2DBuilderTest.IterateUnlinkedCells_IteratesAllAvailableCells" methodname="IterateUnlinkedCells_IteratesAllAvailableCells" classname="PlayersWorlds.Maps.Maze.Maze2DBuilderTest" runstate="Runnable" seed="533651699" result="Passed" start-time="2024-06-12T19:56:31.4736280Z" end-time="2024-06-12T19:56:31.4778370Z" duration="0.004209" asserts="28" />
              <test-case id="1-1149" name="MarkConnected" fullname="PlayersWorlds.Maps.Maze.Maze2DBuilderTest.MarkConnected" methodname="MarkConnected" classname="PlayersWorlds.Maps.Maze.Maze2DBuilderTest" runstate="Runnable" seed="723664623" result="Passed" start-time="2024-06-12T19:56:31.4778490Z" end-time="2024-06-12T19:56:31.4786320Z" duration="0.000783" asserts="7" />
              <test-case id="1-1163" name="OverlappingAreas_ProduceValidPriorityCells" fullname="PlayersWorlds.Maps.Maze.Maze2DBuilderTest.OverlappingAreas_ProduceValidPriorityCells" methodname="OverlappingAreas_ProduceValidPriorityCells" classname="PlayersWorlds.Maps.Maze.Maze2DBuilderTest" runstate="Runnable" seed="778851793" result="Passed" start-time="2024-06-12T19:56:31.4786440Z" end-time="2024-06-12T19:56:31.5534320Z" duration="0.074788" asserts="4" />
              <test-case id="1-1148" name="PickRandomNeighborToLink" fullname="PlayersWorlds.Maps.Maze.Maze2DBuilderTest.PickRandomNeighborToLink" methodname="PickRandomNeighborToLink" classname="PlayersWorlds.Maps.Maze.Maze2DBuilderTest" runstate="Runnable" seed="2085792341" result="Passed" start-time="2024-06-12T19:56:31.5534470Z" end-time="2024-06-12T19:56:31.5761550Z" duration="0.022709" asserts="5000" />
              <test-case id="1-1147" name="PicksPriorityCellsWhenAvailable" fullname="PlayersWorlds.Maps.Maze.Maze2DBuilderTest.PicksPriorityCellsWhenAvailable" methodname="PicksPriorityCellsWhenAvailable" classname="PlayersWorlds.Maps.Maze.Maze2DBuilderTest" runstate="Runnable" seed="527138579" result="Passed" start-time="2024-06-12T19:56:31.5761760Z" end-time="2024-06-12T19:56:31.5969490Z" duration="0.020773" asserts="2003" />
            </test-suite>
            <test-suite type="TestFixture" id="1-1165" name="Maze2DRendererTest" fullname="PlayersWorlds.Maps.Maze.Maze2DRendererTest" classname="PlayersWorlds.Maps.Maze.Maze2DRendererTest" runstate="Runnable" testcasecount="1" result="Passed" start-time="2024-06-12T19:56:31.5969880Z" end-time="2024-06-12T19:56:31.5991230Z" duration="0.002134" total="1" passed="1" failed="0" warnings="0" inconclusive="0" skipped="0" asserts="1">
              <test-case id="1-1166" name="ThrowsIfCantFit" fullname="PlayersWorlds.Maps.Maze.Maze2DRendererTest.ThrowsIfCantFit" methodname="ThrowsIfCantFit" classname="PlayersWorlds.Maps.Maze.Maze2DRendererTest" runstate="Runnable" seed="1966009129" result="Passed" start-time="2024-06-12T19:56:31.5970570Z" end-time="2024-06-12T19:56:31.5991070Z" duration="0.002050" asserts="1" />
            </test-suite>
            <test-suite type="TestFixture" id="1-1167" name="Maze2DTest" fullname="PlayersWorlds.Maps.Maze.Maze2DTest" classname="PlayersWorlds.Maps.Maze.Maze2DTest" runstate="Runnable" testcasecount="13" result="Passed" start-time="2024-06-12T19:56:31.5991350Z" end-time="2024-06-12T19:56:31.6934620Z" duration="0.094327" total="13" passed="13" failed="0" warnings="0" inconclusive="0" skipped="0" asserts="124">
              <test-case id="1-1174" name="Maze2D_AddsNoRoomsToASmallMaze" fullname="PlayersWorlds.Maps.Maze.Maze2DTest.Maze2D_AddsNoRoomsToASmallMaze" methodname="Maze2D_AddsNoRoomsToASmallMaze" classname="PlayersWorlds.Maps.Maze.Maze2DTest" runstate="Runnable" seed="1429663235" result="Passed" start-time="2024-06-12T19:56:31.5991950Z" end-time="2024-06-12T19:56:31.6132350Z" duration="0.014040" asserts="2" />
              <test-case id="1-1173" name="Maze2D_AddsNoRoomsWhenNoneRequested" fullname="PlayersWorlds.Maps.Maze.Maze2DTest.Maze2D_AddsNoRoomsWhenNoneRequested" methodname="Maze2D_AddsNoRoomsWhenNoneRequested" classname="PlayersWorlds.Maps.Maze.Maze2DTest" runstate="Runnable" seed="2121085645" result="Passed" start-time="2024-06-12T19:56:31.6132480Z" end-time="2024-06-12T19:56:31.6546250Z" duration="0.041377" asserts="2" />
              <test-case id="1-1177" name="Maze2D_AddsOneFill" fullname="PlayersWorlds.Maps.Maze.Maze2DTest.Maze2D_AddsOneFill" methodname="Maze2D_AddsOneFill" classname="PlayersWorlds.Maps.Maze.Maze2DTest" runstate="Runnable" seed="968206820" result="Passed" start-time="2024-06-12T19:56:31.6546440Z" end-time="2024-06-12T19:56:31.6591150Z" duration="0.004471" asserts="2" />
              <test-case id="1-1176" name="Maze2D_AddsOneHall" fullname="PlayersWorlds.Maps.Maze.Maze2DTest.Maze2D_AddsOneHall" methodname="Maze2D_AddsOneHall" classname="PlayersWorlds.Maps.Maze.Maze2DTest" runstate="Runnable" seed="1823450734" result="Passed" start-time="2024-06-12T19:56:31.6591260Z" end-time="2024-06-12T19:56:31.6633140Z" duration="0.004188" asserts="2" />
              <test-case id="1-1175" name="Maze2D_AddsRooms" fullname="PlayersWorlds.Maps.Maze.Maze2DTest.Maze2D_AddsRooms" methodname="Maze2D_AddsRooms" classname="PlayersWorlds.Maps.Maze.Maze2DTest" runstate="Runnable" seed="297244596" result="Passed" start-time="2024-06-12T19:56:31.6633340Z" end-time="2024-06-12T19:56:31.6707630Z" duration="0.007429" asserts="2" />
              <test-case id="1-1179" name="Maze2D_CanParse" fullname="PlayersWorlds.Maps.Maze.Maze2DTest.Maze2D_CanParse" methodname="Maze2D_CanParse" classname="PlayersWorlds.Maps.Maze.Maze2DTest" runstate="Runnable" seed="612433719" result="Passed" start-time="2024-06-12T19:56:31.6707740Z" end-time="2024-06-12T19:56:31.6729540Z" duration="0.002181" asserts="16" />
              <test-case id="1-1180" name="Maze2D_CanParse2" fullname="PlayersWorlds.Maps.Maze.Maze2DTest.Maze2D_CanParse2" methodname="Maze2D_CanParse2" classname="PlayersWorlds.Maps.Maze.Maze2DTest" runstate="Runnable" seed="1652376663" result="Passed" start-time="2024-06-12T19:56:31.6729680Z" end-time="2024-06-12T19:56:31.6730890Z" duration="0.000120" asserts="1" />
              <test-case id="1-1172" name="Maze2D_CanRenderMap" fullname="PlayersWorlds.Maps.Maze.Maze2DTest.Maze2D_CanRenderMap" methodname="Maze2D_CanRenderMap" classname="PlayersWorlds.Maps.Maze.Maze2DTest" runstate="Runnable" seed="1011480329" result="Passed" start-time="2024-06-12T19:56:31.6730960Z" end-time="2024-06-12T19:56:31.6790580Z" duration="0.005962" asserts="2" />
              <test-case id="1-1171" name="Maze2D_CellsNeighborsAreValid" fullname="PlayersWorlds.Maps.Maze.Maze2DTest.Maze2D_CellsNeighborsAreValid" methodname="Maze2D_CellsNeighborsAreValid" classname="PlayersWorlds.Maps.Maze.Maze2DTest" runstate="Runnable" seed="593298642" result="Passed" start-time="2024-06-12T19:56:31.6790700Z" end-time="2024-06-12T19:56:31.6847650Z" duration="0.005696" asserts="76" />
              <test-case id="1-1178" name="Maze2D_HasExtensionsSet" fullname="PlayersWorlds.Maps.Maze.Maze2DTest.Maze2D_HasExtensionsSet" methodname="Maze2D_HasExtensionsSet" classname="PlayersWorlds.Maps.Maze.Maze2DTest" runstate="Runnable" seed="1286210237" result="Passed" start-time="2024-06-12T19:56:31.6847770Z" end-time="2024-06-12T19:56:31.6865930Z" duration="0.001815" asserts="3" />
              <test-case id="1-1168" name="Maze2D_IsInitialized" fullname="PlayersWorlds.Maps.Maze.Maze2DTest.Maze2D_IsInitialized" methodname="Maze2D_IsInitialized" classname="PlayersWorlds.Maps.Maze.Maze2DTest" runstate="Runnable" seed="246778531" result="Passed" start-time="2024-06-12T19:56:31.6866050Z" end-time="2024-06-12T19:56:31.6867760Z" duration="0.000171" asserts="4" />
              <test-case id="1-1170" name="Maze2D_ToMapWrongOptions" fullname="PlayersWorlds.Maps.Maze.Maze2DTest.Maze2D_ToMapWrongOptions" methodname="Maze2D_ToMapWrongOptions" classname="PlayersWorlds.Maps.Maze.Maze2DTest" runstate="Runnable" seed="462153214" result="Passed" start-time="2024-06-12T19:56:31.6867830Z" end-time="2024-06-12T19:56:31.6929680Z" duration="0.006185" asserts="7" />
              <test-case id="1-1169" name="Maze2D_WrongSize" fullname="PlayersWorlds.Maps.Maze.Maze2DTest.Maze2D_WrongSize" methodname="Maze2D_WrongSize" classname="PlayersWorlds.Maps.Maze.Maze2DTest" runstate="Runnable" seed="163492824" result="Passed" start-time="2024-06-12T19:56:31.6929880Z" end-time="2024-06-12T19:56:31.6934500Z" duration="0.000462" asserts="5" />
            </test-suite>
            <test-suite type="TestFixture" id="1-1181" name="MazeCellTest" fullname="PlayersWorlds.Maps.Maze.MazeCellTest" classname="PlayersWorlds.Maps.Maze.MazeCellTest" runstate="Runnable" testcasecount="4" result="Passed" start-time="2024-06-12T19:56:31.6934750Z" end-time="2024-06-12T19:56:31.6958310Z" duration="0.002356" total="4" passed="4" failed="0" warnings="0" inconclusive="0" skipped="0" asserts="17">
              <test-case id="1-1185" name="DoubleLinkingThrowsError" fullname="PlayersWorlds.Maps.Maze.MazeCellTest.DoubleLinkingThrowsError" methodname="DoubleLinkingThrowsError" classname="PlayersWorlds.Maps.Maze.MazeCellTest" runstate="Runnable" seed="697925207" result="Passed" start-time="2024-06-12T19:56:31.6935330Z" end-time="2024-06-12T19:56:31.6939310Z" duration="0.000398" asserts="1" />
              <test-case id="1-1182" name="LinksAreMutual" fullname="PlayersWorlds.Maps.Maze.MazeCellTest.LinksAreMutual" methodname="LinksAreMutual" classname="PlayersWorlds.Maps.Maze.MazeCellTest" runstate="Runnable" seed="1694988980" result="Passed" start-time="2024-06-12T19:56:31.6939390Z" end-time="2024-06-12T19:56:31.6951090Z" duration="0.001170" asserts="10" />
              <test-case id="1-1183" name="LinksOnlyWithNeighbors" fullname="PlayersWorlds.Maps.Maze.MazeCellTest.LinksOnlyWithNeighbors" methodname="LinksOnlyWithNeighbors" classname="PlayersWorlds.Maps.Maze.MazeCellTest" runstate="Runnable" seed="925858051" result="Passed" start-time="2024-06-12T19:56:31.6951210Z" end-time="2024-06-12T19:56:31.6955270Z" duration="0.000407" asserts="1" />
              <test-case id="1-1184" name="ToStringTest" fullname="PlayersWorlds.Maps.Maze.MazeCellTest.ToStringTest" methodname="ToStringTest" classname="PlayersWorlds.Maps.Maze.MazeCellTest" runstate="Runnable" seed="234635758" result="Passed" start-time="2024-06-12T19:56:31.6955350Z" end-time="2024-06-12T19:56:31.6958200Z" duration="0.000285" asserts="5" />
            </test-suite>
            <test-suite type="TestFixture" id="1-1186" name="MazeGeneratorAreasTest" fullname="PlayersWorlds.Maps.Maze.MazeGeneratorAreasTest" classname="PlayersWorlds.Maps.Maze.MazeGeneratorAreasTest" runstate="Runnable" testcasecount="201" result="Skipped" label="Ignored" site="Child" start-time="2024-06-12T19:56:31.6958430Z" end-time="2024-06-12T20:09:56.9198160Z" duration="805.223972" total="201" passed="98" failed="0" warnings="0" inconclusive="0" skipped="103" asserts="5130">
              <reason>
                <message><![CDATA[One or more child tests were ignored]]></message>
              </reason>
              <test-suite type="ParameterizedMethod" id="1-1207" name="CaveAreasAreAppliedProperly" fullname="PlayersWorlds.Maps.Maze.MazeGeneratorAreasTest.CaveAreasAreAppliedProperly" classname="PlayersWorlds.Maps.Maze.MazeGeneratorAreasTest" runstate="Runnable" testcasecount="6" result="Passed" start-time="2024-06-12T19:56:31.6958990Z" end-time="2024-06-12T19:56:43.4644050Z" duration="11.768507" total="6" passed="6" failed="0" warnings="0" inconclusive="0" skipped="0" asserts="600">
                <properties>
                  <property name="Repeat" value="10" />
                  <property name="Category" value="Integration" />
                </properties>
                <test-case id="1-1201" name="CaveAreasAreAppliedProperly(PlayersWorlds.Maps.Maze.AldousBroderMazeGenerator)" fullname="PlayersWorlds.Maps.Maze.MazeGeneratorAreasTest.CaveAreasAreAppliedProperly(PlayersWorlds.Maps.Maze.AldousBroderMazeGenerator)" methodname="CaveAreasAreAppliedProperly" classname="PlayersWorlds.Maps.Maze.MazeGeneratorAreasTest" runstate="Runnable" seed="393865340" result="Passed" start-time="2024-06-12T19:56:31.6959140Z" end-time="2024-06-12T19:56:33.9967880Z" duration="2.300874" asserts="100" />
                <test-case id="1-1202" name="CaveAreasAreAppliedProperly(PlayersWorlds.Maps.Maze.BinaryTreeMazeGenerator)" fullname="PlayersWorlds.Maps.Maze.MazeGeneratorAreasTest.CaveAreasAreAppliedProperly(PlayersWorlds.Maps.Maze.BinaryTreeMazeGenerator)" methodname="CaveAreasAreAppliedProperly" classname="PlayersWorlds.Maps.Maze.MazeGeneratorAreasTest" runstate="Runnable" seed="1429657649" result="Passed" start-time="2024-06-12T19:56:33.9968050Z" end-time="2024-06-12T19:56:35.8834480Z" duration="1.886643" asserts="100" />
                <test-case id="1-1203" name="CaveAreasAreAppliedProperly(PlayersWorlds.Maps.Maze.HuntAndKillMazeGenerator)" fullname="PlayersWorlds.Maps.Maze.MazeGeneratorAreasTest.CaveAreasAreAppliedProperly(PlayersWorlds.Maps.Maze.HuntAndKillMazeGenerator)" methodname="CaveAreasAreAppliedProperly" classname="PlayersWorlds.Maps.Maze.MazeGeneratorAreasTest" runstate="Runnable" seed="796793105" result="Passed" start-time="2024-06-12T19:56:35.8834760Z" end-time="2024-06-12T19:56:37.7955520Z" duration="1.912077" asserts="100" />
                <test-case id="1-1204" name="CaveAreasAreAppliedProperly(PlayersWorlds.Maps.Maze.RecursiveBacktrackerMazeGenerator)" fullname="PlayersWorlds.Maps.Maze.MazeGeneratorAreasTest.CaveAreasAreAppliedProperly(PlayersWorlds.Maps.Maze.RecursiveBacktrackerMazeGenerator)" methodname="CaveAreasAreAppliedProperly" classname="PlayersWorlds.Maps.Maze.MazeGeneratorAreasTest" runstate="Runnable" seed="1662576314" result="Passed" start-time="2024-06-12T19:56:37.7955700Z" end-time="2024-06-12T19:56:39.6808180Z" duration="1.885248" asserts="100" />
                <test-case id="1-1205" name="CaveAreasAreAppliedProperly(PlayersWorlds.Maps.Maze.SidewinderMazeGenerator)" fullname="PlayersWorlds.Maps.Maze.MazeGeneratorAreasTest.CaveAreasAreAppliedProperly(PlayersWorlds.Maps.Maze.SidewinderMazeGenerator)" methodname="CaveAreasAreAppliedProperly" classname="PlayersWorlds.Maps.Maze.MazeGeneratorAreasTest" runstate="Runnable" seed="1138841604" result="Passed" start-time="2024-06-12T19:56:39.6808350Z" end-time="2024-06-12T19:56:41.5550450Z" duration="1.874210" asserts="100" />
                <test-case id="1-1206" name="CaveAreasAreAppliedProperly(PlayersWorlds.Maps.Maze.WilsonsMazeGenerator)" fullname="PlayersWorlds.Maps.Maze.MazeGeneratorAreasTest.CaveAreasAreAppliedProperly(PlayersWorlds.Maps.Maze.WilsonsMazeGenerator)" methodname="CaveAreasAreAppliedProperly" classname="PlayersWorlds.Maps.Maze.MazeGeneratorAreasTest" runstate="Runnable" seed="1296061849" result="Passed" start-time="2024-06-12T19:56:41.5550610Z" end-time="2024-06-12T19:56:43.4643850Z" duration="1.909323" asserts="100" />
              </test-suite>
              <test-suite type="ParameterizedMethod" id="1-1265" name="DenseWalkways" fullname="PlayersWorlds.Maps.Maze.MazeGeneratorAreasTest.DenseWalkways" classname="PlayersWorlds.Maps.Maze.MazeGeneratorAreasTest" runstate="Runnable" testcasecount="18" result="Passed" start-time="2024-06-12T19:56:43.4644230Z" end-time="2024-06-12T19:56:46.6122310Z" duration="3.147808" total="18" passed="18" failed="0" warnings="0" inconclusive="0" skipped="0" asserts="540">
                <properties>
                  <property name="Repeat" value="10" />
                  <property name="Category" value="Integration" />
                </properties>
                <test-case id="1-1247" name="DenseWalkways(PlayersWorlds.Maps.Maze.AldousBroderMazeGenerator,Cave)" fullname="PlayersWorlds.Maps.Maze.MazeGeneratorAreasTest.DenseWalkways(PlayersWorlds.Maps.Maze.AldousBroderMazeGenerator,Cave)" methodname="DenseWalkways" classname="PlayersWorlds.Maps.Maze.MazeGeneratorAreasTest" runstate="Runnable" seed="2001655826" result="Passed" start-time="2024-06-12T19:56:43.4644480Z" end-time="2024-06-12T19:56:43.8452770Z" duration="0.380829" asserts="30" />
                <test-case id="1-1248" name="DenseWalkways(PlayersWorlds.Maps.Maze.AldousBroderMazeGenerator,Hall)" fullname="PlayersWorlds.Maps.Maze.MazeGeneratorAreasTest.DenseWalkways(PlayersWorlds.Maps.Maze.AldousBroderMazeGenerator,Hall)" methodname="DenseWalkways" classname="PlayersWorlds.Maps.Maze.MazeGeneratorAreasTest" runstate="Runnable" seed="13066628" result="Passed" start-time="2024-06-12T19:56:43.8452910Z" end-time="2024-06-12T19:56:44.0466280Z" duration="0.201337" asserts="30" />
                <test-case id="1-1249" name="DenseWalkways(PlayersWorlds.Maps.Maze.AldousBroderMazeGenerator,Fill)" fullname="PlayersWorlds.Maps.Maze.MazeGeneratorAreasTest.DenseWalkways(PlayersWorlds.Maps.Maze.AldousBroderMazeGenerator,Fill)" methodname="DenseWalkways" classname="PlayersWorlds.Maps.Maze.MazeGeneratorAreasTest" runstate="Runnable" seed="158977327" result="Passed" start-time="2024-06-12T19:56:44.0466400Z" end-time="2024-06-12T19:56:44.2147880Z" duration="0.168148" asserts="30" />
                <test-case id="1-1250" name="DenseWalkways(PlayersWorlds.Maps.Maze.BinaryTreeMazeGenerator,Cave)" fullname="PlayersWorlds.Maps.Maze.MazeGeneratorAreasTest.DenseWalkways(PlayersWorlds.Maps.Maze.BinaryTreeMazeGenerator,Cave)" methodname="DenseWalkways" classname="PlayersWorlds.Maps.Maze.MazeGeneratorAreasTest" runstate="Runnable" seed="14832381" result="Passed" start-time="2024-06-12T19:56:44.2148010Z" end-time="2024-06-12T19:56:44.4877050Z" duration="0.272905" asserts="30" />
                <test-case id="1-1251" name="DenseWalkways(PlayersWorlds.Maps.Maze.BinaryTreeMazeGenerator,Hall)" fullname="PlayersWorlds.Maps.Maze.MazeGeneratorAreasTest.DenseWalkways(PlayersWorlds.Maps.Maze.BinaryTreeMazeGenerator,Hall)" methodname="DenseWalkways" classname="PlayersWorlds.Maps.Maze.MazeGeneratorAreasTest" runstate="Runnable" seed="917279712" result="Passed" start-time="2024-06-12T19:56:44.4877220Z" end-time="2024-06-12T19:56:44.6015240Z" duration="0.113803" asserts="30" />
                <test-case id="1-1252" name="DenseWalkways(PlayersWorlds.Maps.Maze.BinaryTreeMazeGenerator,Fill)" fullname="PlayersWorlds.Maps.Maze.MazeGeneratorAreasTest.DenseWalkways(PlayersWorlds.Maps.Maze.BinaryTreeMazeGenerator,Fill)" methodname="DenseWalkways" classname="PlayersWorlds.Maps.Maze.MazeGeneratorAreasTest" runstate="Runnable" seed="1550404634" result="Passed" start-time="2024-06-12T19:56:44.6015360Z" end-time="2024-06-12T19:56:44.6744300Z" duration="0.072893" asserts="30" />
                <test-case id="1-1253" name="DenseWalkways(PlayersWorlds.Maps.Maze.HuntAndKillMazeGenerator,Cave)" fullname="PlayersWorlds.Maps.Maze.MazeGeneratorAreasTest.DenseWalkways(PlayersWorlds.Maps.Maze.HuntAndKillMazeGenerator,Cave)" methodname="DenseWalkways" classname="PlayersWorlds.Maps.Maze.MazeGeneratorAreasTest" runstate="Runnable" seed="1819700037" result="Passed" start-time="2024-06-12T19:56:44.6744420Z" end-time="2024-06-12T19:56:44.9554730Z" duration="0.281031" asserts="30" />
                <test-case id="1-1254" name="DenseWalkways(PlayersWorlds.Maps.Maze.HuntAndKillMazeGenerator,Hall)" fullname="PlayersWorlds.Maps.Maze.MazeGeneratorAreasTest.DenseWalkways(PlayersWorlds.Maps.Maze.HuntAndKillMazeGenerator,Hall)" methodname="DenseWalkways" classname="PlayersWorlds.Maps.Maze.MazeGeneratorAreasTest" runstate="Runnable" seed="1189508735" result="Passed" start-time="2024-06-12T19:56:44.9554860Z" end-time="2024-06-12T19:56:45.0728700Z" duration="0.117384" asserts="30" />
                <test-case id="1-1255" name="DenseWalkways(PlayersWorlds.Maps.Maze.HuntAndKillMazeGenerator,Fill)" fullname="PlayersWorlds.Maps.Maze.MazeGeneratorAreasTest.DenseWalkways(PlayersWorlds.Maps.Maze.HuntAndKillMazeGenerator,Fill)" methodname="DenseWalkways" classname="PlayersWorlds.Maps.Maze.MazeGeneratorAreasTest" runstate="Runnable" seed="117081630" result="Passed" start-time="2024-06-12T19:56:45.0728820Z" end-time="2024-06-12T19:56:45.1471360Z" duration="0.074254" asserts="30" />
                <test-case id="1-1256" name="DenseWalkways(PlayersWorlds.Maps.Maze.RecursiveBacktrackerMazeGenerator,Cave)" fullname="PlayersWorlds.Maps.Maze.MazeGeneratorAreasTest.DenseWalkways(PlayersWorlds.Maps.Maze.RecursiveBacktrackerMazeGenerator,Cave)" methodname="DenseWalkways" classname="PlayersWorlds.Maps.Maze.MazeGeneratorAreasTest" runstate="Runnable" seed="1897534017" result="Passed" start-time="2024-06-12T19:56:45.1471480Z" end-time="2024-06-12T19:56:45.4314570Z" duration="0.284310" asserts="30" />
                <test-case id="1-1257" name="DenseWalkways(PlayersWorlds.Maps.Maze.RecursiveBacktrackerMazeGenerator,Hall)" fullname="PlayersWorlds.Maps.Maze.MazeGeneratorAreasTest.DenseWalkways(PlayersWorlds.Maps.Maze.RecursiveBacktrackerMazeGenerator,Hall)" methodname="DenseWalkways" classname="PlayersWorlds.Maps.Maze.MazeGeneratorAreasTest" runstate="Runnable" seed="1991866809" result="Passed" start-time="2024-06-12T19:56:45.4314690Z" end-time="2024-06-12T19:56:45.5516670Z" duration="0.120198" asserts="30" />
                <test-case id="1-1258" name="DenseWalkways(PlayersWorlds.Maps.Maze.RecursiveBacktrackerMazeGenerator,Fill)" fullname="PlayersWorlds.Maps.Maze.MazeGeneratorAreasTest.DenseWalkways(PlayersWorlds.Maps.Maze.RecursiveBacktrackerMazeGenerator,Fill)" methodname="DenseWalkways" classname="PlayersWorlds.Maps.Maze.MazeGeneratorAreasTest" runstate="Runnable" seed="624868390" result="Passed" start-time="2024-06-12T19:56:45.5516780Z" end-time="2024-06-12T19:56:45.6295880Z" duration="0.077909" asserts="30" />
                <test-case id="1-1259" name="DenseWalkways(PlayersWorlds.Maps.Maze.SidewinderMazeGenerator,Cave)" fullname="PlayersWorlds.Maps.Maze.MazeGeneratorAreasTest.DenseWalkways(PlayersWorlds.Maps.Maze.SidewinderMazeGenerator,Cave)" methodname="DenseWalkways" classname="PlayersWorlds.Maps.Maze.MazeGeneratorAreasTest" runstate="Runnable" seed="1896677678" result="Passed" start-time="2024-06-12T19:56:45.6296000Z" end-time="2024-06-12T19:56:45.9035790Z" duration="0.273979" asserts="30" />
                <test-case id="1-1260" name="DenseWalkways(PlayersWorlds.Maps.Maze.SidewinderMazeGenerator,Hall)" fullname="PlayersWorlds.Maps.Maze.MazeGeneratorAreasTest.DenseWalkways(PlayersWorlds.Maps.Maze.SidewinderMazeGenerator,Hall)" methodname="DenseWalkways" classname="PlayersWorlds.Maps.Maze.MazeGeneratorAreasTest" runstate="Runnable" seed="380888395" result="Passed" start-time="2024-06-12T19:56:45.9035910Z" end-time="2024-06-12T19:56:46.0278680Z" duration="0.124278" asserts="30" />
                <test-case id="1-1261" name="DenseWalkways(PlayersWorlds.Maps.Maze.SidewinderMazeGenerator,Fill)" fullname="PlayersWorlds.Maps.Maze.MazeGeneratorAreasTest.DenseWalkways(PlayersWorlds.Maps.Maze.SidewinderMazeGenerator,Fill)" methodname="DenseWalkways" classname="PlayersWorlds.Maps.Maze.MazeGeneratorAreasTest" runstate="Runnable" seed="1789919006" result="Passed" start-time="2024-06-12T19:56:46.0278820Z" end-time="2024-06-12T19:56:46.1061690Z" duration="0.078287" asserts="30" />
                <test-case id="1-1262" name="DenseWalkways(PlayersWorlds.Maps.Maze.WilsonsMazeGenerator,Cave)" fullname="PlayersWorlds.Maps.Maze.MazeGeneratorAreasTest.DenseWalkways(PlayersWorlds.Maps.Maze.WilsonsMazeGenerator,Cave)" methodname="DenseWalkways" classname="PlayersWorlds.Maps.Maze.MazeGeneratorAreasTest" runstate="Runnable" seed="748250372" result="Passed" start-time="2024-06-12T19:56:46.1061810Z" end-time="2024-06-12T19:56:46.3795620Z" duration="0.273381" asserts="30" />
                <test-case id="1-1263" name="DenseWalkways(PlayersWorlds.Maps.Maze.WilsonsMazeGenerator,Hall)" fullname="PlayersWorlds.Maps.Maze.MazeGeneratorAreasTest.DenseWalkways(PlayersWorlds.Maps.Maze.WilsonsMazeGenerator,Hall)" methodname="DenseWalkways" classname="PlayersWorlds.Maps.Maze.MazeGeneratorAreasTest" runstate="Runnable" seed="1797744455" result="Passed" start-time="2024-06-12T19:56:46.3795750Z" end-time="2024-06-12T19:56:46.5206480Z" duration="0.141073" asserts="30" />
                <test-case id="1-1264" name="DenseWalkways(PlayersWorlds.Maps.Maze.WilsonsMazeGenerator,Fill)" fullname="PlayersWorlds.Maps.Maze.MazeGeneratorAreasTest.DenseWalkways(PlayersWorlds.Maps.Maze.WilsonsMazeGenerator,Fill)" methodname="DenseWalkways" classname="PlayersWorlds.Maps.Maze.MazeGeneratorAreasTest" runstate="Runnable" seed="997489029" result="Passed" start-time="2024-06-12T19:56:46.5206600Z" end-time="2024-06-12T19:56:46.6122150Z" duration="0.091555" asserts="30" />
              </test-suite>
              <test-case id="1-1246" name="DenseWalkwaysDebug" fullname="PlayersWorlds.Maps.Maze.MazeGeneratorAreasTest.DenseWalkwaysDebug" methodname="DenseWalkwaysDebug" classname="PlayersWorlds.Maps.Maze.MazeGeneratorAreasTest" runstate="Ignored" seed="2046063529" result="Skipped" label="Ignored" start-time="2024-06-12T19:56:46.6122440Z" end-time="2024-06-12T19:56:46.6122490Z" duration="0.000005" asserts="0">
                <properties>
                  <property name="_SKIPREASON" value="Debug only" />
                </properties>
                <reason>
                  <message><![CDATA[Debug only]]></message>
                </reason>
              </test-case>
              <test-suite type="ParameterizedMethod" id="1-1193" name="FillAreasAreAppliedProperly" fullname="PlayersWorlds.Maps.Maze.MazeGeneratorAreasTest.FillAreasAreAppliedProperly" classname="PlayersWorlds.Maps.Maze.MazeGeneratorAreasTest" runstate="Runnable" testcasecount="6" result="Passed" start-time="2024-06-12T19:56:46.6122590Z" end-time="2024-06-12T19:56:56.0391500Z" duration="9.426891" total="6" passed="6" failed="0" warnings="0" inconclusive="0" skipped="0" asserts="300">
                <properties>
                  <property name="Repeat" value="10" />
                  <property name="Category" value="Integration" />
                </properties>
                <test-case id="1-1187" name="FillAreasAreAppliedProperly(PlayersWorlds.Maps.Maze.AldousBroderMazeGenerator)" fullname="PlayersWorlds.Maps.Maze.MazeGeneratorAreasTest.FillAreasAreAppliedProperly(PlayersWorlds.Maps.Maze.AldousBroderMazeGenerator)" methodname="FillAreasAreAppliedProperly" classname="PlayersWorlds.Maps.Maze.MazeGeneratorAreasTest" runstate="Runnable" seed="1734746538" result="Passed" start-time="2024-06-12T19:56:46.6122810Z" end-time="2024-06-12T19:56:48.5282490Z" duration="1.915975" asserts="50" />
                <test-case id="1-1188" name="FillAreasAreAppliedProperly(PlayersWorlds.Maps.Maze.BinaryTreeMazeGenerator)" fullname="PlayersWorlds.Maps.Maze.MazeGeneratorAreasTest.FillAreasAreAppliedProperly(PlayersWorlds.Maps.Maze.BinaryTreeMazeGenerator)" methodname="FillAreasAreAppliedProperly" classname="PlayersWorlds.Maps.Maze.MazeGeneratorAreasTest" runstate="Runnable" seed="973834558" result="Passed" start-time="2024-06-12T19:56:48.5282810Z" end-time="2024-06-12T19:56:50.0118660Z" duration="1.483585" asserts="50" />
                <test-case id="1-1189" name="FillAreasAreAppliedProperly(PlayersWorlds.Maps.Maze.HuntAndKillMazeGenerator)" fullname="PlayersWorlds.Maps.Maze.MazeGeneratorAreasTest.FillAreasAreAppliedProperly(PlayersWorlds.Maps.Maze.HuntAndKillMazeGenerator)" methodname="FillAreasAreAppliedProperly" classname="PlayersWorlds.Maps.Maze.MazeGeneratorAreasTest" runstate="Runnable" seed="585526541" result="Passed" start-time="2024-06-12T19:56:50.0118840Z" end-time="2024-06-12T19:56:51.5089510Z" duration="1.497068" asserts="50" />
                <test-case id="1-1190" name="FillAreasAreAppliedProperly(PlayersWorlds.Maps.Maze.RecursiveBacktrackerMazeGenerator)" fullname="PlayersWorlds.Maps.Maze.MazeGeneratorAreasTest.FillAreasAreAppliedProperly(PlayersWorlds.Maps.Maze.RecursiveBacktrackerMazeGenerator)" methodname="FillAreasAreAppliedProperly" classname="PlayersWorlds.Maps.Maze.MazeGeneratorAreasTest" runstate="Runnable" seed="270875945" result="Passed" start-time="2024-06-12T19:56:51.5089680Z" end-time="2024-06-12T19:56:53.0276760Z" duration="1.518708" asserts="50" />
                <test-case id="1-1191" name="FillAreasAreAppliedProperly(PlayersWorlds.Maps.Maze.SidewinderMazeGenerator)" fullname="PlayersWorlds.Maps.Maze.MazeGeneratorAreasTest.FillAreasAreAppliedProperly(PlayersWorlds.Maps.Maze.SidewinderMazeGenerator)" methodname="FillAreasAreAppliedProperly" classname="PlayersWorlds.Maps.Maze.MazeGeneratorAreasTest" runstate="Runnable" seed="1591699523" result="Passed" start-time="2024-06-12T19:56:53.0276930Z" end-time="2024-06-12T19:56:54.5104100Z" duration="1.482717" asserts="50" />
                <test-case id="1-1192" name="FillAreasAreAppliedProperly(PlayersWorlds.Maps.Maze.WilsonsMazeGenerator)" fullname="PlayersWorlds.Maps.Maze.MazeGeneratorAreasTest.FillAreasAreAppliedProperly(PlayersWorlds.Maps.Maze.WilsonsMazeGenerator)" methodname="FillAreasAreAppliedProperly" classname="PlayersWorlds.Maps.Maze.MazeGeneratorAreasTest" runstate="Runnable" seed="1528980568" result="Passed" start-time="2024-06-12T19:56:54.5104380Z" end-time="2024-06-12T19:56:56.0391300Z" duration="1.528692" asserts="50" />
              </test-suite>
              <test-suite type="ParameterizedMethod" id="1-1200" name="HallAreasAreAppliedProperly" fullname="PlayersWorlds.Maps.Maze.MazeGeneratorAreasTest.HallAreasAreAppliedProperly" classname="PlayersWorlds.Maps.Maze.MazeGeneratorAreasTest" runstate="Runnable" testcasecount="6" result="Passed" start-time="2024-06-12T19:56:56.0391660Z" end-time="2024-06-12T19:57:07.3206070Z" duration="11.281442" total="6" passed="6" failed="0" warnings="0" inconclusive="0" skipped="0" asserts="600">
                <properties>
                  <property name="Repeat" value="10" />
                  <property name="Category" value="Integration" />
                </properties>
                <test-case id="1-1194" name="HallAreasAreAppliedProperly(PlayersWorlds.Maps.Maze.AldousBroderMazeGenerator)" fullname="PlayersWorlds.Maps.Maze.MazeGeneratorAreasTest.HallAreasAreAppliedProperly(PlayersWorlds.Maps.Maze.AldousBroderMazeGenerator)" methodname="HallAreasAreAppliedProperly" classname="PlayersWorlds.Maps.Maze.MazeGeneratorAreasTest" runstate="Runnable" seed="375070308" result="Passed" start-time="2024-06-12T19:56:56.0391900Z" end-time="2024-06-12T19:56:58.1412780Z" duration="2.102088" asserts="100" />
                <test-case id="1-1195" name="HallAreasAreAppliedProperly(PlayersWorlds.Maps.Maze.BinaryTreeMazeGenerator)" fullname="PlayersWorlds.Maps.Maze.MazeGeneratorAreasTest.HallAreasAreAppliedProperly(PlayersWorlds.Maps.Maze.BinaryTreeMazeGenerator)" methodname="HallAreasAreAppliedProperly" classname="PlayersWorlds.Maps.Maze.MazeGeneratorAreasTest" runstate="Runnable" seed="1590091664" result="Passed" start-time="2024-06-12T19:56:58.1412920Z" end-time="2024-06-12T19:56:59.9343290Z" duration="1.793037" asserts="100" />
                <test-case id="1-1196" name="HallAreasAreAppliedProperly(PlayersWorlds.Maps.Maze.HuntAndKillMazeGenerator)" fullname="PlayersWorlds.Maps.Maze.MazeGeneratorAreasTest.HallAreasAreAppliedProperly(PlayersWorlds.Maps.Maze.HuntAndKillMazeGenerator)" methodname="HallAreasAreAppliedProperly" classname="PlayersWorlds.Maps.Maze.MazeGeneratorAreasTest" runstate="Runnable" seed="222548970" result="Passed" start-time="2024-06-12T19:56:59.9343470Z" end-time="2024-06-12T19:57:01.7307630Z" duration="1.796417" asserts="100" />
                <test-case id="1-1197" name="HallAreasAreAppliedProperly(PlayersWorlds.Maps.Maze.RecursiveBacktrackerMazeGenerator)" fullname="PlayersWorlds.Maps.Maze.MazeGeneratorAreasTest.HallAreasAreAppliedProperly(PlayersWorlds.Maps.Maze.RecursiveBacktrackerMazeGenerator)" methodname="HallAreasAreAppliedProperly" classname="PlayersWorlds.Maps.Maze.MazeGeneratorAreasTest" runstate="Runnable" seed="1866648451" result="Passed" start-time="2024-06-12T19:57:01.7307820Z" end-time="2024-06-12T19:57:03.5495780Z" duration="1.818797" asserts="100" />
                <test-case id="1-1198" name="HallAreasAreAppliedProperly(PlayersWorlds.Maps.Maze.SidewinderMazeGenerator)" fullname="PlayersWorlds.Maps.Maze.MazeGeneratorAreasTest.HallAreasAreAppliedProperly(PlayersWorlds.Maps.Maze.SidewinderMazeGenerator)" methodname="HallAreasAreAppliedProperly" classname="PlayersWorlds.Maps.Maze.MazeGeneratorAreasTest" runstate="Runnable" seed="1507060863" result="Passed" start-time="2024-06-12T19:57:03.5495960Z" end-time="2024-06-12T19:57:05.3907500Z" duration="1.841154" asserts="100" />
                <test-case id="1-1199" name="HallAreasAreAppliedProperly(PlayersWorlds.Maps.Maze.WilsonsMazeGenerator)" fullname="PlayersWorlds.Maps.Maze.MazeGeneratorAreasTest.HallAreasAreAppliedProperly(PlayersWorlds.Maps.Maze.WilsonsMazeGenerator)" methodname="HallAreasAreAppliedProperly" classname="PlayersWorlds.Maps.Maze.MazeGeneratorAreasTest" runstate="Runnable" seed="1696278416" result="Passed" start-time="2024-06-12T19:57:05.3907690Z" end-time="2024-06-12T19:57:07.3205850Z" duration="1.929816" asserts="100" />
              </test-suite>
              <test-case id="1-1394" name="ManualAndAutoAreasGeneration" fullname="PlayersWorlds.Maps.Maze.MazeGeneratorAreasTest.ManualAndAutoAreasGeneration" methodname="ManualAndAutoAreasGeneration" classname="PlayersWorlds.Maps.Maze.MazeGeneratorAreasTest" runstate="Runnable" seed="558207969" result="Passed" start-time="2024-06-12T19:57:07.3206250Z" end-time="2024-06-12T19:57:56.4096010Z" duration="49.088975" asserts="200">
                <properties>
                  <property name="Repeat" value="100" />
                  <property name="Category" value="Integration" />
                </properties>
              </test-case>
              <test-suite type="ParameterizedMethod" id="1-1226" name="OverlappingAreasAreAppliedProperly" fullname="PlayersWorlds.Maps.Maze.MazeGeneratorAreasTest.OverlappingAreasAreAppliedProperly" classname="PlayersWorlds.Maps.Maze.MazeGeneratorAreasTest" runstate="Runnable" testcasecount="18" result="Passed" start-time="2024-06-12T19:57:56.4096220Z" end-time="2024-06-12T19:58:19.9878750Z" duration="23.578254" total="18" passed="18" failed="0" warnings="0" inconclusive="0" skipped="0" asserts="1320">
                <properties>
                  <property name="Repeat" value="10" />
                  <property name="Category" value="Integration" />
                </properties>
                <test-case id="1-1208" name="OverlappingAreasAreAppliedProperly(PlayersWorlds.Maps.Maze.AldousBroderMazeGenerator,Cave)" fullname="PlayersWorlds.Maps.Maze.MazeGeneratorAreasTest.OverlappingAreasAreAppliedProperly(PlayersWorlds.Maps.Maze.AldousBroderMazeGenerator,Cave)" methodname="OverlappingAreasAreAppliedProperly" classname="PlayersWorlds.Maps.Maze.MazeGeneratorAreasTest" runstate="Runnable" seed="1761410529" result="Passed" start-time="2024-06-12T19:57:56.4096550Z" end-time="2024-06-12T19:57:58.7728150Z" duration="2.363160" asserts="80" />
                <test-case id="1-1209" name="OverlappingAreasAreAppliedProperly(PlayersWorlds.Maps.Maze.AldousBroderMazeGenerator,Hall)" fullname="PlayersWorlds.Maps.Maze.MazeGeneratorAreasTest.OverlappingAreasAreAppliedProperly(PlayersWorlds.Maps.Maze.AldousBroderMazeGenerator,Hall)" methodname="OverlappingAreasAreAppliedProperly" classname="PlayersWorlds.Maps.Maze.MazeGeneratorAreasTest" runstate="Runnable" seed="616223777" result="Passed" start-time="2024-06-12T19:57:58.7728330Z" end-time="2024-06-12T19:58:00.1341180Z" duration="1.361285" asserts="80" />
                <test-case id="1-1210" name="OverlappingAreasAreAppliedProperly(PlayersWorlds.Maps.Maze.AldousBroderMazeGenerator,Fill)" fullname="PlayersWorlds.Maps.Maze.MazeGeneratorAreasTest.OverlappingAreasAreAppliedProperly(PlayersWorlds.Maps.Maze.AldousBroderMazeGenerator,Fill)" methodname="OverlappingAreasAreAppliedProperly" classname="PlayersWorlds.Maps.Maze.MazeGeneratorAreasTest" runstate="Runnable" seed="2025041651" result="Passed" start-time="2024-06-12T19:58:00.1341360Z" end-time="2024-06-12T19:58:01.3406410Z" duration="1.206505" asserts="60" />
                <test-case id="1-1211" name="OverlappingAreasAreAppliedProperly(PlayersWorlds.Maps.Maze.BinaryTreeMazeGenerator,Cave)" fullname="PlayersWorlds.Maps.Maze.MazeGeneratorAreasTest.OverlappingAreasAreAppliedProperly(PlayersWorlds.Maps.Maze.BinaryTreeMazeGenerator,Cave)" methodname="OverlappingAreasAreAppliedProperly" classname="PlayersWorlds.Maps.Maze.MazeGeneratorAreasTest" runstate="Runnable" seed="1224518632" result="Passed" start-time="2024-06-12T19:58:01.3406580Z" end-time="2024-06-12T19:58:03.3085200Z" duration="1.967863" asserts="80" />
                <test-case id="1-1212" name="OverlappingAreasAreAppliedProperly(PlayersWorlds.Maps.Maze.BinaryTreeMazeGenerator,Hall)" fullname="PlayersWorlds.Maps.Maze.MazeGeneratorAreasTest.OverlappingAreasAreAppliedProperly(PlayersWorlds.Maps.Maze.BinaryTreeMazeGenerator,Hall)" methodname="OverlappingAreasAreAppliedProperly" classname="PlayersWorlds.Maps.Maze.MazeGeneratorAreasTest" runstate="Runnable" seed="695113164" result="Passed" start-time="2024-06-12T19:58:03.3085370Z" end-time="2024-06-12T19:58:04.1675310Z" duration="0.858994" asserts="80" />
                <test-case id="1-1213" name="OverlappingAreasAreAppliedProperly(PlayersWorlds.Maps.Maze.BinaryTreeMazeGenerator,Fill)" fullname="PlayersWorlds.Maps.Maze.MazeGeneratorAreasTest.OverlappingAreasAreAppliedProperly(PlayersWorlds.Maps.Maze.BinaryTreeMazeGenerator,Fill)" methodname="OverlappingAreasAreAppliedProperly" classname="PlayersWorlds.Maps.Maze.MazeGeneratorAreasTest" runstate="Runnable" seed="1622228236" result="Passed" start-time="2024-06-12T19:58:04.1675470Z" end-time="2024-06-12T19:58:04.9982770Z" duration="0.830730" asserts="60" />
                <test-case id="1-1214" name="OverlappingAreasAreAppliedProperly(PlayersWorlds.Maps.Maze.HuntAndKillMazeGenerator,Cave)" fullname="PlayersWorlds.Maps.Maze.MazeGeneratorAreasTest.OverlappingAreasAreAppliedProperly(PlayersWorlds.Maps.Maze.HuntAndKillMazeGenerator,Cave)" methodname="OverlappingAreasAreAppliedProperly" classname="PlayersWorlds.Maps.Maze.MazeGeneratorAreasTest" runstate="Runnable" seed="1016499679" result="Passed" start-time="2024-06-12T19:58:04.9982930Z" end-time="2024-06-12T19:58:06.9617940Z" duration="1.963501" asserts="80" />
                <test-case id="1-1215" name="OverlappingAreasAreAppliedProperly(PlayersWorlds.Maps.Maze.HuntAndKillMazeGenerator,Hall)" fullname="PlayersWorlds.Maps.Maze.MazeGeneratorAreasTest.OverlappingAreasAreAppliedProperly(PlayersWorlds.Maps.Maze.HuntAndKillMazeGenerator,Hall)" methodname="OverlappingAreasAreAppliedProperly" classname="PlayersWorlds.Maps.Maze.MazeGeneratorAreasTest" runstate="Runnable" seed="1098584798" result="Passed" start-time="2024-06-12T19:58:06.9618110Z" end-time="2024-06-12T19:58:07.8253290Z" duration="0.863518" asserts="80" />
                <test-case id="1-1216" name="OverlappingAreasAreAppliedProperly(PlayersWorlds.Maps.Maze.HuntAndKillMazeGenerator,Fill)" fullname="PlayersWorlds.Maps.Maze.MazeGeneratorAreasTest.OverlappingAreasAreAppliedProperly(PlayersWorlds.Maps.Maze.HuntAndKillMazeGenerator,Fill)" methodname="OverlappingAreasAreAppliedProperly" classname="PlayersWorlds.Maps.Maze.MazeGeneratorAreasTest" runstate="Runnable" seed="1811513924" result="Passed" start-time="2024-06-12T19:58:07.8253450Z" end-time="2024-06-12T19:58:08.6539800Z" duration="0.828635" asserts="60" />
                <test-case id="1-1217" name="OverlappingAreasAreAppliedProperly(PlayersWorlds.Maps.Maze.RecursiveBacktrackerMazeGenerator,Cave)" fullname="PlayersWorlds.Maps.Maze.MazeGeneratorAreasTest.OverlappingAreasAreAppliedProperly(PlayersWorlds.Maps.Maze.RecursiveBacktrackerMazeGenerator,Cave)" methodname="OverlappingAreasAreAppliedProperly" classname="PlayersWorlds.Maps.Maze.MazeGeneratorAreasTest" runstate="Runnable" seed="1279775259" result="Passed" start-time="2024-06-12T19:58:08.6539970Z" end-time="2024-06-12T19:58:10.6335000Z" duration="1.979503" asserts="80" />
                <test-case id="1-1218" name="OverlappingAreasAreAppliedProperly(PlayersWorlds.Maps.Maze.RecursiveBacktrackerMazeGenerator,Hall)" fullname="PlayersWorlds.Maps.Maze.MazeGeneratorAreasTest.OverlappingAreasAreAppliedProperly(PlayersWorlds.Maps.Maze.RecursiveBacktrackerMazeGenerator,Hall)" methodname="OverlappingAreasAreAppliedProperly" classname="PlayersWorlds.Maps.Maze.MazeGeneratorAreasTest" runstate="Runnable" seed="1443475652" result="Passed" start-time="2024-06-12T19:58:10.6335150Z" end-time="2024-06-12T19:58:11.5184570Z" duration="0.884942" asserts="80" />
                <test-case id="1-1219" name="OverlappingAreasAreAppliedProperly(PlayersWorlds.Maps.Maze.RecursiveBacktrackerMazeGenerator,Fill)" fullname="PlayersWorlds.Maps.Maze.MazeGeneratorAreasTest.OverlappingAreasAreAppliedProperly(PlayersWorlds.Maps.Maze.RecursiveBacktrackerMazeGenerator,Fill)" methodname="OverlappingAreasAreAppliedProperly" classname="PlayersWorlds.Maps.Maze.MazeGeneratorAreasTest" runstate="Runnable" seed="697625910" result="Passed" start-time="2024-06-12T19:58:11.5184730Z" end-time="2024-06-12T19:58:12.3702410Z" duration="0.851768" asserts="60" />
                <test-case id="1-1220" name="OverlappingAreasAreAppliedProperly(PlayersWorlds.Maps.Maze.SidewinderMazeGenerator,Cave)" fullname="PlayersWorlds.Maps.Maze.MazeGeneratorAreasTest.OverlappingAreasAreAppliedProperly(PlayersWorlds.Maps.Maze.SidewinderMazeGenerator,Cave)" methodname="OverlappingAreasAreAppliedProperly" classname="PlayersWorlds.Maps.Maze.MazeGeneratorAreasTest" runstate="Runnable" seed="1278007500" result="Passed" start-time="2024-06-12T19:58:12.3702590Z" end-time="2024-06-12T19:58:14.3726830Z" duration="2.002425" asserts="80" />
                <test-case id="1-1221" name="OverlappingAreasAreAppliedProperly(PlayersWorlds.Maps.Maze.SidewinderMazeGenerator,Hall)" fullname="PlayersWorlds.Maps.Maze.MazeGeneratorAreasTest.OverlappingAreasAreAppliedProperly(PlayersWorlds.Maps.Maze.SidewinderMazeGenerator,Hall)" methodname="OverlappingAreasAreAppliedProperly" classname="PlayersWorlds.Maps.Maze.MazeGeneratorAreasTest" runstate="Runnable" seed="555017274" result="Passed" start-time="2024-06-12T19:58:14.3727020Z" end-time="2024-06-12T19:58:15.2671420Z" duration="0.894441" asserts="80" />
                <test-case id="1-1222" name="OverlappingAreasAreAppliedProperly(PlayersWorlds.Maps.Maze.SidewinderMazeGenerator,Fill)" fullname="PlayersWorlds.Maps.Maze.MazeGeneratorAreasTest.OverlappingAreasAreAppliedProperly(PlayersWorlds.Maps.Maze.SidewinderMazeGenerator,Fill)" methodname="OverlappingAreasAreAppliedProperly" classname="PlayersWorlds.Maps.Maze.MazeGeneratorAreasTest" runstate="Runnable" seed="619793426" result="Passed" start-time="2024-06-12T19:58:15.2671580Z" end-time="2024-06-12T19:58:16.1214850Z" duration="0.854327" asserts="60" />
                <test-case id="1-1223" name="OverlappingAreasAreAppliedProperly(PlayersWorlds.Maps.Maze.WilsonsMazeGenerator,Cave)" fullname="PlayersWorlds.Maps.Maze.MazeGeneratorAreasTest.OverlappingAreasAreAppliedProperly(PlayersWorlds.Maps.Maze.WilsonsMazeGenerator,Cave)" methodname="OverlappingAreasAreAppliedProperly" classname="PlayersWorlds.Maps.Maze.MazeGeneratorAreasTest" runstate="Runnable" seed="59101601" result="Passed" start-time="2024-06-12T19:58:16.1215010Z" end-time="2024-06-12T19:58:18.0799440Z" duration="1.958444" asserts="80" />
                <test-case id="1-1224" name="OverlappingAreasAreAppliedProperly(PlayersWorlds.Maps.Maze.WilsonsMazeGenerator,Hall)" fullname="PlayersWorlds.Maps.Maze.MazeGeneratorAreasTest.OverlappingAreasAreAppliedProperly(PlayersWorlds.Maps.Maze.WilsonsMazeGenerator,Hall)" methodname="OverlappingAreasAreAppliedProperly" classname="PlayersWorlds.Maps.Maze.MazeGeneratorAreasTest" runstate="Runnable" seed="1157772748" result="Passed" start-time="2024-06-12T19:58:18.0799610Z" end-time="2024-06-12T19:58:19.0584300Z" duration="0.978470" asserts="80" />
                <test-case id="1-1225" name="OverlappingAreasAreAppliedProperly(PlayersWorlds.Maps.Maze.WilsonsMazeGenerator,Fill)" fullname="PlayersWorlds.Maps.Maze.MazeGeneratorAreasTest.OverlappingAreasAreAppliedProperly(PlayersWorlds.Maps.Maze.WilsonsMazeGenerator,Fill)" methodname="OverlappingAreasAreAppliedProperly" classname="PlayersWorlds.Maps.Maze.MazeGeneratorAreasTest" runstate="Runnable" seed="851310365" result="Passed" start-time="2024-06-12T19:58:19.0584470Z" end-time="2024-06-12T19:58:19.9878530Z" duration="0.929406" asserts="60" />
              </test-suite>
              <test-suite type="ParameterizedMethod" id="1-1393" name="ScatteredAreas" fullname="PlayersWorlds.Maps.Maze.MazeGeneratorAreasTest.ScatteredAreas" classname="PlayersWorlds.Maps.Maze.MazeGeneratorAreasTest" runstate="Runnable" testcasecount="126" result="Skipped" label="Ignored" site="Child" start-time="2024-06-12T19:58:19.9878920Z" end-time="2024-06-12T20:09:54.4483020Z" duration="694.460411" total="126" passed="24" failed="0" warnings="0" inconclusive="0" skipped="102" asserts="480">
                <properties>
                  <property name="Repeat" value="10" />
                  <property name="Category" value="Integration" />
                </properties>
                <reason>
                  <message><![CDATA[One or more child tests were ignored]]></message>
                </reason>
                <test-case id="1-1267" name="ScatteredAreas(PlayersWorlds.Maps.Maze.AldousBroderMazeGenerator,Cave,Quarter)" fullname="PlayersWorlds.Maps.Maze.MazeGeneratorAreasTest.ScatteredAreas(PlayersWorlds.Maps.Maze.AldousBroderMazeGenerator,Cave,Quarter)" methodname="ScatteredAreas" classname="PlayersWorlds.Maps.Maze.MazeGeneratorAreasTest" runstate="Runnable" seed="409914208" result="Skipped" label="Ignored" start-time="2024-06-12T19:58:19.9879220Z" end-time="2024-06-12T19:58:19.9886540Z" duration="0.000732" asserts="0" />
                <test-case id="1-1268" name="ScatteredAreas(PlayersWorlds.Maps.Maze.AldousBroderMazeGenerator,Cave,Half)" fullname="PlayersWorlds.Maps.Maze.MazeGeneratorAreasTest.ScatteredAreas(PlayersWorlds.Maps.Maze.AldousBroderMazeGenerator,Cave,Half)" methodname="ScatteredAreas" classname="PlayersWorlds.Maps.Maze.MazeGeneratorAreasTest" runstate="Runnable" seed="1888917710" result="Skipped" label="Ignored" start-time="2024-06-12T19:58:19.9886630Z" end-time="2024-06-12T19:58:19.9887390Z" duration="0.000076" asserts="0" />
                <test-case id="1-1269" name="ScatteredAreas(PlayersWorlds.Maps.Maze.AldousBroderMazeGenerator,Cave,ThreeQuarters)" fullname="PlayersWorlds.Maps.Maze.MazeGeneratorAreasTest.ScatteredAreas(PlayersWorlds.Maps.Maze.AldousBroderMazeGenerator,Cave,ThreeQuarters)" methodname="ScatteredAreas" classname="PlayersWorlds.Maps.Maze.MazeGeneratorAreasTest" runstate="Runnable" seed="1051498477" result="Skipped" label="Ignored" start-time="2024-06-12T19:58:19.9887450Z" end-time="2024-06-12T19:58:19.9888060Z" duration="0.000061" asserts="0" />
                <test-case id="1-1270" name="ScatteredAreas(PlayersWorlds.Maps.Maze.AldousBroderMazeGenerator,Cave,NinetyPercent)" fullname="PlayersWorlds.Maps.Maze.MazeGeneratorAreasTest.ScatteredAreas(PlayersWorlds.Maps.Maze.AldousBroderMazeGenerator,Cave,NinetyPercent)" methodname="ScatteredAreas" classname="PlayersWorlds.Maps.Maze.MazeGeneratorAreasTest" runstate="Runnable" seed="332183066" result="Skipped" label="Ignored" start-time="2024-06-12T19:58:19.9888120Z" end-time="2024-06-12T19:58:19.9888680Z" duration="0.000057" asserts="0" />
                <test-case id="1-1271" name="ScatteredAreas(PlayersWorlds.Maps.Maze.AldousBroderMazeGenerator,Cave,FullWidth)" fullname="PlayersWorlds.Maps.Maze.MazeGeneratorAreasTest.ScatteredAreas(PlayersWorlds.Maps.Maze.AldousBroderMazeGenerator,Cave,FullWidth)" methodname="ScatteredAreas" classname="PlayersWorlds.Maps.Maze.MazeGeneratorAreasTest" runstate="Runnable" seed="2096995138" result="Skipped" label="Ignored" start-time="2024-06-12T19:58:19.9888730Z" end-time="2024-06-12T19:58:19.9889270Z" duration="0.000054" asserts="0" />
                <test-case id="1-1272" name="ScatteredAreas(PlayersWorlds.Maps.Maze.AldousBroderMazeGenerator,Cave,FullHeight)" fullname="PlayersWorlds.Maps.Maze.MazeGeneratorAreasTest.ScatteredAreas(PlayersWorlds.Maps.Maze.AldousBroderMazeGenerator,Cave,FullHeight)" methodname="ScatteredAreas" classname="PlayersWorlds.Maps.Maze.MazeGeneratorAreasTest" runstate="Runnable" seed="215991833" result="Skipped" label="Ignored" start-time="2024-06-12T19:58:19.9889320Z" end-time="2024-06-12T19:58:19.9889840Z" duration="0.000052" asserts="0" />
                <test-case id="1-1273" name="ScatteredAreas(PlayersWorlds.Maps.Maze.AldousBroderMazeGenerator,Cave,Full)" fullname="PlayersWorlds.Maps.Maze.MazeGeneratorAreasTest.ScatteredAreas(PlayersWorlds.Maps.Maze.AldousBroderMazeGenerator,Cave,Full)" methodname="ScatteredAreas" classname="PlayersWorlds.Maps.Maze.MazeGeneratorAreasTest" runstate="Runnable" seed="2144961889" result="Passed" start-time="2024-06-12T19:58:19.9889890Z" end-time="2024-06-12T19:58:51.5169810Z" duration="31.527993" asserts="20" />
                <test-case id="1-1274" name="ScatteredAreas(PlayersWorlds.Maps.Maze.AldousBroderMazeGenerator,Hall,Quarter)" fullname="PlayersWorlds.Maps.Maze.MazeGeneratorAreasTest.ScatteredAreas(PlayersWorlds.Maps.Maze.AldousBroderMazeGenerator,Hall,Quarter)" methodname="ScatteredAreas" classname="PlayersWorlds.Maps.Maze.MazeGeneratorAreasTest" runstate="Runnable" seed="1049842038" result="Skipped" label="Ignored" start-time="2024-06-12T19:58:51.5169980Z" end-time="2024-06-12T19:58:51.5171510Z" duration="0.000153" asserts="0" />
                <test-case id="1-1275" name="ScatteredAreas(PlayersWorlds.Maps.Maze.AldousBroderMazeGenerator,Hall,Half)" fullname="PlayersWorlds.Maps.Maze.MazeGeneratorAreasTest.ScatteredAreas(PlayersWorlds.Maps.Maze.AldousBroderMazeGenerator,Hall,Half)" methodname="ScatteredAreas" classname="PlayersWorlds.Maps.Maze.MazeGeneratorAreasTest" runstate="Runnable" seed="1018770986" result="Skipped" label="Ignored" start-time="2024-06-12T19:58:51.5171580Z" end-time="2024-06-12T19:58:51.5172260Z" duration="0.000068" asserts="0" />
                <test-case id="1-1276" name="ScatteredAreas(PlayersWorlds.Maps.Maze.AldousBroderMazeGenerator,Hall,ThreeQuarters)" fullname="PlayersWorlds.Maps.Maze.MazeGeneratorAreasTest.ScatteredAreas(PlayersWorlds.Maps.Maze.AldousBroderMazeGenerator,Hall,ThreeQuarters)" methodname="ScatteredAreas" classname="PlayersWorlds.Maps.Maze.MazeGeneratorAreasTest" runstate="Runnable" seed="2087450974" result="Skipped" label="Ignored" start-time="2024-06-12T19:58:51.5172320Z" end-time="2024-06-12T19:58:51.5172900Z" duration="0.000059" asserts="0" />
                <test-case id="1-1277" name="ScatteredAreas(PlayersWorlds.Maps.Maze.AldousBroderMazeGenerator,Hall,NinetyPercent)" fullname="PlayersWorlds.Maps.Maze.MazeGeneratorAreasTest.ScatteredAreas(PlayersWorlds.Maps.Maze.AldousBroderMazeGenerator,Hall,NinetyPercent)" methodname="ScatteredAreas" classname="PlayersWorlds.Maps.Maze.MazeGeneratorAreasTest" runstate="Runnable" seed="177926646" result="Skipped" label="Ignored" start-time="2024-06-12T19:58:51.5172950Z" end-time="2024-06-12T19:58:51.5173490Z" duration="0.000054" asserts="0" />
                <test-case id="1-1278" name="ScatteredAreas(PlayersWorlds.Maps.Maze.AldousBroderMazeGenerator,Hall,FullWidth)" fullname="PlayersWorlds.Maps.Maze.MazeGeneratorAreasTest.ScatteredAreas(PlayersWorlds.Maps.Maze.AldousBroderMazeGenerator,Hall,FullWidth)" methodname="ScatteredAreas" classname="PlayersWorlds.Maps.Maze.MazeGeneratorAreasTest" runstate="Runnable" seed="180929831" result="Skipped" label="Ignored" start-time="2024-06-12T19:58:51.5173540Z" end-time="2024-06-12T19:58:51.5174060Z" duration="0.000052" asserts="0" />
                <test-case id="1-1279" name="ScatteredAreas(PlayersWorlds.Maps.Maze.AldousBroderMazeGenerator,Hall,FullHeight)" fullname="PlayersWorlds.Maps.Maze.MazeGeneratorAreasTest.ScatteredAreas(PlayersWorlds.Maps.Maze.AldousBroderMazeGenerator,Hall,FullHeight)" methodname="ScatteredAreas" classname="PlayersWorlds.Maps.Maze.MazeGeneratorAreasTest" runstate="Runnable" seed="670323599" result="Skipped" label="Ignored" start-time="2024-06-12T19:58:51.5174110Z" end-time="2024-06-12T19:58:51.5174620Z" duration="0.000051" asserts="0" />
                <test-case id="1-1280" name="ScatteredAreas(PlayersWorlds.Maps.Maze.AldousBroderMazeGenerator,Hall,Full)" fullname="PlayersWorlds.Maps.Maze.MazeGeneratorAreasTest.ScatteredAreas(PlayersWorlds.Maps.Maze.AldousBroderMazeGenerator,Hall,Full)" methodname="ScatteredAreas" classname="PlayersWorlds.Maps.Maze.MazeGeneratorAreasTest" runstate="Runnable" seed="348239106" result="Passed" start-time="2024-06-12T19:58:51.5174670Z" end-time="2024-06-12T19:59:22.7349530Z" duration="31.217487" asserts="20" />
                <test-case id="1-1281" name="ScatteredAreas(PlayersWorlds.Maps.Maze.AldousBroderMazeGenerator,Fill,Quarter)" fullname="PlayersWorlds.Maps.Maze.MazeGeneratorAreasTest.ScatteredAreas(PlayersWorlds.Maps.Maze.AldousBroderMazeGenerator,Fill,Quarter)" methodname="ScatteredAreas" classname="PlayersWorlds.Maps.Maze.MazeGeneratorAreasTest" runstate="Runnable" seed="630511968" result="Skipped" label="Ignored" start-time="2024-06-12T19:59:22.7349700Z" end-time="2024-06-12T19:59:22.7351220Z" duration="0.000152" asserts="0" />
                <test-case id="1-1282" name="ScatteredAreas(PlayersWorlds.Maps.Maze.AldousBroderMazeGenerator,Fill,Half)" fullname="PlayersWorlds.Maps.Maze.MazeGeneratorAreasTest.ScatteredAreas(PlayersWorlds.Maps.Maze.AldousBroderMazeGenerator,Fill,Half)" methodname="ScatteredAreas" classname="PlayersWorlds.Maps.Maze.MazeGeneratorAreasTest" runstate="Runnable" seed="1073044241" result="Skipped" label="Ignored" start-time="2024-06-12T19:59:22.7351290Z" end-time="2024-06-12T19:59:22.7351960Z" duration="0.000068" asserts="0" />
                <test-case id="1-1283" name="ScatteredAreas(PlayersWorlds.Maps.Maze.AldousBroderMazeGenerator,Fill,ThreeQuarters)" fullname="PlayersWorlds.Maps.Maze.MazeGeneratorAreasTest.ScatteredAreas(PlayersWorlds.Maps.Maze.AldousBroderMazeGenerator,Fill,ThreeQuarters)" methodname="ScatteredAreas" classname="PlayersWorlds.Maps.Maze.MazeGeneratorAreasTest" runstate="Runnable" seed="607214852" result="Skipped" label="Ignored" start-time="2024-06-12T19:59:22.7352020Z" end-time="2024-06-12T19:59:22.7352590Z" duration="0.000057" asserts="0" />
                <test-case id="1-1284" name="ScatteredAreas(PlayersWorlds.Maps.Maze.AldousBroderMazeGenerator,Fill,NinetyPercent)" fullname="PlayersWorlds.Maps.Maze.MazeGeneratorAreasTest.ScatteredAreas(PlayersWorlds.Maps.Maze.AldousBroderMazeGenerator,Fill,NinetyPercent)" methodname="ScatteredAreas" classname="PlayersWorlds.Maps.Maze.MazeGeneratorAreasTest" runstate="Runnable" seed="1885922802" result="Skipped" label="Ignored" start-time="2024-06-12T19:59:22.7352640Z" end-time="2024-06-12T19:59:22.7353170Z" duration="0.000053" asserts="0" />
                <test-case id="1-1285" name="ScatteredAreas(PlayersWorlds.Maps.Maze.AldousBroderMazeGenerator,Fill,FullWidth)" fullname="PlayersWorlds.Maps.Maze.MazeGeneratorAreasTest.ScatteredAreas(PlayersWorlds.Maps.Maze.AldousBroderMazeGenerator,Fill,FullWidth)" methodname="ScatteredAreas" classname="PlayersWorlds.Maps.Maze.MazeGeneratorAreasTest" runstate="Runnable" seed="1413628187" result="Skipped" label="Ignored" start-time="2024-06-12T19:59:22.7353220Z" end-time="2024-06-12T19:59:22.7353740Z" duration="0.000052" asserts="0" />
                <test-case id="1-1286" name="ScatteredAreas(PlayersWorlds.Maps.Maze.AldousBroderMazeGenerator,Fill,FullHeight)" fullname="PlayersWorlds.Maps.Maze.MazeGeneratorAreasTest.ScatteredAreas(PlayersWorlds.Maps.Maze.AldousBroderMazeGenerator,Fill,FullHeight)" methodname="ScatteredAreas" classname="PlayersWorlds.Maps.Maze.MazeGeneratorAreasTest" runstate="Runnable" seed="651064421" result="Skipped" label="Ignored" start-time="2024-06-12T19:59:22.7353800Z" end-time="2024-06-12T19:59:22.7354300Z" duration="0.000050" asserts="0" />
                <test-case id="1-1287" name="ScatteredAreas(PlayersWorlds.Maps.Maze.AldousBroderMazeGenerator,Fill,Full)" fullname="PlayersWorlds.Maps.Maze.MazeGeneratorAreasTest.ScatteredAreas(PlayersWorlds.Maps.Maze.AldousBroderMazeGenerator,Fill,Full)" methodname="ScatteredAreas" classname="PlayersWorlds.Maps.Maze.MazeGeneratorAreasTest" runstate="Runnable" seed="1769888613" result="Skipped" label="Ignored" start-time="2024-06-12T19:59:22.7354350Z" end-time="2024-06-12T19:59:22.7354860Z" duration="0.000051" asserts="0" />
                <test-case id="1-1288" name="ScatteredAreas(PlayersWorlds.Maps.Maze.BinaryTreeMazeGenerator,Cave,Quarter)" fullname="PlayersWorlds.Maps.Maze.MazeGeneratorAreasTest.ScatteredAreas(PlayersWorlds.Maps.Maze.BinaryTreeMazeGenerator,Cave,Quarter)" methodname="ScatteredAreas" classname="PlayersWorlds.Maps.Maze.MazeGeneratorAreasTest" runstate="Runnable" seed="980963235" result="Skipped" label="Ignored" start-time="2024-06-12T19:59:22.7354910Z" end-time="2024-06-12T19:59:22.7355430Z" duration="0.000052" asserts="0" />
                <test-case id="1-1289" name="ScatteredAreas(PlayersWorlds.Maps.Maze.BinaryTreeMazeGenerator,Cave,Half)" fullname="PlayersWorlds.Maps.Maze.MazeGeneratorAreasTest.ScatteredAreas(PlayersWorlds.Maps.Maze.BinaryTreeMazeGenerator,Cave,Half)" methodname="ScatteredAreas" classname="PlayersWorlds.Maps.Maze.MazeGeneratorAreasTest" runstate="Runnable" seed="1790647423" result="Skipped" label="Ignored" start-time="2024-06-12T19:59:22.7355480Z" end-time="2024-06-12T19:59:22.7356000Z" duration="0.000052" asserts="0" />
                <test-case id="1-1290" name="ScatteredAreas(PlayersWorlds.Maps.Maze.BinaryTreeMazeGenerator,Cave,ThreeQuarters)" fullname="PlayersWorlds.Maps.Maze.MazeGeneratorAreasTest.ScatteredAreas(PlayersWorlds.Maps.Maze.BinaryTreeMazeGenerator,Cave,ThreeQuarters)" methodname="ScatteredAreas" classname="PlayersWorlds.Maps.Maze.MazeGeneratorAreasTest" runstate="Runnable" seed="577712865" result="Skipped" label="Ignored" start-time="2024-06-12T19:59:22.7356050Z" end-time="2024-06-12T19:59:22.7356580Z" duration="0.000053" asserts="0" />
                <test-case id="1-1291" name="ScatteredAreas(PlayersWorlds.Maps.Maze.BinaryTreeMazeGenerator,Cave,NinetyPercent)" fullname="PlayersWorlds.Maps.Maze.MazeGeneratorAreasTest.ScatteredAreas(PlayersWorlds.Maps.Maze.BinaryTreeMazeGenerator,Cave,NinetyPercent)" methodname="ScatteredAreas" classname="PlayersWorlds.Maps.Maze.MazeGeneratorAreasTest" runstate="Runnable" seed="1990576597" result="Skipped" label="Ignored" start-time="2024-06-12T19:59:22.7356630Z" end-time="2024-06-12T19:59:22.7357150Z" duration="0.000053" asserts="0" />
                <test-case id="1-1292" name="ScatteredAreas(PlayersWorlds.Maps.Maze.BinaryTreeMazeGenerator,Cave,FullWidth)" fullname="PlayersWorlds.Maps.Maze.MazeGeneratorAreasTest.ScatteredAreas(PlayersWorlds.Maps.Maze.BinaryTreeMazeGenerator,Cave,FullWidth)" methodname="ScatteredAreas" classname="PlayersWorlds.Maps.Maze.MazeGeneratorAreasTest" runstate="Runnable" seed="219047514" result="Skipped" label="Ignored" start-time="2024-06-12T19:59:22.7357210Z" end-time="2024-06-12T19:59:22.7357750Z" duration="0.000054" asserts="0" />
                <test-case id="1-1293" name="ScatteredAreas(PlayersWorlds.Maps.Maze.BinaryTreeMazeGenerator,Cave,FullHeight)" fullname="PlayersWorlds.Maps.Maze.MazeGeneratorAreasTest.ScatteredAreas(PlayersWorlds.Maps.Maze.BinaryTreeMazeGenerator,Cave,FullHeight)" methodname="ScatteredAreas" classname="PlayersWorlds.Maps.Maze.MazeGeneratorAreasTest" runstate="Runnable" seed="1870604384" result="Skipped" label="Ignored" start-time="2024-06-12T19:59:22.7357800Z" end-time="2024-06-12T19:59:22.7358310Z" duration="0.000051" asserts="0" />
                <test-case id="1-1294" name="ScatteredAreas(PlayersWorlds.Maps.Maze.BinaryTreeMazeGenerator,Cave,Full)" fullname="PlayersWorlds.Maps.Maze.MazeGeneratorAreasTest.ScatteredAreas(PlayersWorlds.Maps.Maze.BinaryTreeMazeGenerator,Cave,Full)" methodname="ScatteredAreas" classname="PlayersWorlds.Maps.Maze.MazeGeneratorAreasTest" runstate="Runnable" seed="1408475465" result="Passed" start-time="2024-06-12T19:59:22.7358370Z" end-time="2024-06-12T19:59:51.0649090Z" duration="28.329072" asserts="20" />
                <test-case id="1-1295" name="ScatteredAreas(PlayersWorlds.Maps.Maze.BinaryTreeMazeGenerator,Hall,Quarter)" fullname="PlayersWorlds.Maps.Maze.MazeGeneratorAreasTest.ScatteredAreas(PlayersWorlds.Maps.Maze.BinaryTreeMazeGenerator,Hall,Quarter)" methodname="ScatteredAreas" classname="PlayersWorlds.Maps.Maze.MazeGeneratorAreasTest" runstate="Runnable" seed="724718783" result="Skipped" label="Ignored" start-time="2024-06-12T19:59:51.0649260Z" end-time="2024-06-12T19:59:51.0650770Z" duration="0.000152" asserts="0" />
                <test-case id="1-1296" name="ScatteredAreas(PlayersWorlds.Maps.Maze.BinaryTreeMazeGenerator,Hall,Half)" fullname="PlayersWorlds.Maps.Maze.MazeGeneratorAreasTest.ScatteredAreas(PlayersWorlds.Maps.Maze.BinaryTreeMazeGenerator,Hall,Half)" methodname="ScatteredAreas" classname="PlayersWorlds.Maps.Maze.MazeGeneratorAreasTest" runstate="Runnable" seed="2089500104" result="Skipped" label="Ignored" start-time="2024-06-12T19:59:51.0650840Z" end-time="2024-06-12T19:59:51.0651520Z" duration="0.000069" asserts="0" />
                <test-case id="1-1297" name="ScatteredAreas(PlayersWorlds.Maps.Maze.BinaryTreeMazeGenerator,Hall,ThreeQuarters)" fullname="PlayersWorlds.Maps.Maze.MazeGeneratorAreasTest.ScatteredAreas(PlayersWorlds.Maps.Maze.BinaryTreeMazeGenerator,Hall,ThreeQuarters)" methodname="ScatteredAreas" classname="PlayersWorlds.Maps.Maze.MazeGeneratorAreasTest" runstate="Runnable" seed="1712455135" result="Skipped" label="Ignored" start-time="2024-06-12T19:59:51.0651580Z" end-time="2024-06-12T19:59:51.0652150Z" duration="0.000057" asserts="0" />
                <test-case id="1-1298" name="ScatteredAreas(PlayersWorlds.Maps.Maze.BinaryTreeMazeGenerator,Hall,NinetyPercent)" fullname="PlayersWorlds.Maps.Maze.MazeGeneratorAreasTest.ScatteredAreas(PlayersWorlds.Maps.Maze.BinaryTreeMazeGenerator,Hall,NinetyPercent)" methodname="ScatteredAreas" classname="PlayersWorlds.Maps.Maze.MazeGeneratorAreasTest" runstate="Runnable" seed="1661259550" result="Skipped" label="Ignored" start-time="2024-06-12T19:59:51.0652200Z" end-time="2024-06-12T19:59:51.0652740Z" duration="0.000054" asserts="0" />
                <test-case id="1-1299" name="ScatteredAreas(PlayersWorlds.Maps.Maze.BinaryTreeMazeGenerator,Hall,FullWidth)" fullname="PlayersWorlds.Maps.Maze.MazeGeneratorAreasTest.ScatteredAreas(PlayersWorlds.Maps.Maze.BinaryTreeMazeGenerator,Hall,FullWidth)" methodname="ScatteredAreas" classname="PlayersWorlds.Maps.Maze.MazeGeneratorAreasTest" runstate="Runnable" seed="1705333837" result="Skipped" label="Ignored" start-time="2024-06-12T19:59:51.0652790Z" end-time="2024-06-12T19:59:51.0653310Z" duration="0.000052" asserts="0" />
                <test-case id="1-1300" name="ScatteredAreas(PlayersWorlds.Maps.Maze.BinaryTreeMazeGenerator,Hall,FullHeight)" fullname="PlayersWorlds.Maps.Maze.MazeGeneratorAreasTest.ScatteredAreas(PlayersWorlds.Maps.Maze.BinaryTreeMazeGenerator,Hall,FullHeight)" methodname="ScatteredAreas" classname="PlayersWorlds.Maps.Maze.MazeGeneratorAreasTest" runstate="Runnable" seed="1922359049" result="Skipped" label="Ignored" start-time="2024-06-12T19:59:51.0653380Z" end-time="2024-06-12T19:59:51.0653900Z" duration="0.000052" asserts="0" />
                <test-case id="1-1301" name="ScatteredAreas(PlayersWorlds.Maps.Maze.BinaryTreeMazeGenerator,Hall,Full)" fullname="PlayersWorlds.Maps.Maze.MazeGeneratorAreasTest.ScatteredAreas(PlayersWorlds.Maps.Maze.BinaryTreeMazeGenerator,Hall,Full)" methodname="ScatteredAreas" classname="PlayersWorlds.Maps.Maze.MazeGeneratorAreasTest" runstate="Runnable" seed="1995024439" result="Passed" start-time="2024-06-12T19:59:51.0653950Z" end-time="2024-06-12T20:00:19.2865280Z" duration="28.221133" asserts="20" />
                <test-case id="1-1302" name="ScatteredAreas(PlayersWorlds.Maps.Maze.BinaryTreeMazeGenerator,Fill,Quarter)" fullname="PlayersWorlds.Maps.Maze.MazeGeneratorAreasTest.ScatteredAreas(PlayersWorlds.Maps.Maze.BinaryTreeMazeGenerator,Fill,Quarter)" methodname="ScatteredAreas" classname="PlayersWorlds.Maps.Maze.MazeGeneratorAreasTest" runstate="Runnable" seed="1288414417" result="Skipped" label="Ignored" start-time="2024-06-12T20:00:19.2865450Z" end-time="2024-06-12T20:00:19.2867000Z" duration="0.000155" asserts="0" />
                <test-case id="1-1303" name="ScatteredAreas(PlayersWorlds.Maps.Maze.BinaryTreeMazeGenerator,Fill,Half)" fullname="PlayersWorlds.Maps.Maze.MazeGeneratorAreasTest.ScatteredAreas(PlayersWorlds.Maps.Maze.BinaryTreeMazeGenerator,Fill,Half)" methodname="ScatteredAreas" classname="PlayersWorlds.Maps.Maze.MazeGeneratorAreasTest" runstate="Runnable" seed="1813836970" result="Skipped" label="Ignored" start-time="2024-06-12T20:00:19.2867060Z" end-time="2024-06-12T20:00:19.2867730Z" duration="0.000067" asserts="0" />
                <test-case id="1-1304" name="ScatteredAreas(PlayersWorlds.Maps.Maze.BinaryTreeMazeGenerator,Fill,ThreeQuarters)" fullname="PlayersWorlds.Maps.Maze.MazeGeneratorAreasTest.ScatteredAreas(PlayersWorlds.Maps.Maze.BinaryTreeMazeGenerator,Fill,ThreeQuarters)" methodname="ScatteredAreas" classname="PlayersWorlds.Maps.Maze.MazeGeneratorAreasTest" runstate="Runnable" seed="605940784" result="Skipped" label="Ignored" start-time="2024-06-12T20:00:19.2867790Z" end-time="2024-06-12T20:00:19.2868360Z" duration="0.000058" asserts="0" />
                <test-case id="1-1305" name="ScatteredAreas(PlayersWorlds.Maps.Maze.BinaryTreeMazeGenerator,Fill,NinetyPercent)" fullname="PlayersWorlds.Maps.Maze.MazeGeneratorAreasTest.ScatteredAreas(PlayersWorlds.Maps.Maze.BinaryTreeMazeGenerator,Fill,NinetyPercent)" methodname="ScatteredAreas" classname="PlayersWorlds.Maps.Maze.MazeGeneratorAreasTest" runstate="Runnable" seed="517596208" result="Skipped" label="Ignored" start-time="2024-06-12T20:00:19.2868410Z" end-time="2024-06-12T20:00:19.2868950Z" duration="0.000053" asserts="0" />
                <test-case id="1-1306" name="ScatteredAreas(PlayersWorlds.Maps.Maze.BinaryTreeMazeGenerator,Fill,FullWidth)" fullname="PlayersWorlds.Maps.Maze.MazeGeneratorAreasTest.ScatteredAreas(PlayersWorlds.Maps.Maze.BinaryTreeMazeGenerator,Fill,FullWidth)" methodname="ScatteredAreas" classname="PlayersWorlds.Maps.Maze.MazeGeneratorAreasTest" runstate="Runnable" seed="1352120364" result="Skipped" label="Ignored" start-time="2024-06-12T20:00:19.2869000Z" end-time="2024-06-12T20:00:19.2869520Z" duration="0.000052" asserts="0" />
                <test-case id="1-1307" name="ScatteredAreas(PlayersWorlds.Maps.Maze.BinaryTreeMazeGenerator,Fill,FullHeight)" fullname="PlayersWorlds.Maps.Maze.MazeGeneratorAreasTest.ScatteredAreas(PlayersWorlds.Maps.Maze.BinaryTreeMazeGenerator,Fill,FullHeight)" methodname="ScatteredAreas" classname="PlayersWorlds.Maps.Maze.MazeGeneratorAreasTest" runstate="Runnable" seed="2136052442" result="Skipped" label="Ignored" start-time="2024-06-12T20:00:19.2869570Z" end-time="2024-06-12T20:00:19.2870090Z" duration="0.000052" asserts="0" />
                <test-case id="1-1308" name="ScatteredAreas(PlayersWorlds.Maps.Maze.BinaryTreeMazeGenerator,Fill,Full)" fullname="PlayersWorlds.Maps.Maze.MazeGeneratorAreasTest.ScatteredAreas(PlayersWorlds.Maps.Maze.BinaryTreeMazeGenerator,Fill,Full)" methodname="ScatteredAreas" classname="PlayersWorlds.Maps.Maze.MazeGeneratorAreasTest" runstate="Runnable" seed="1471033378" result="Skipped" label="Ignored" start-time="2024-06-12T20:00:19.2870140Z" end-time="2024-06-12T20:00:19.2870660Z" duration="0.000052" asserts="0" />
                <test-case id="1-1309" name="ScatteredAreas(PlayersWorlds.Maps.Maze.HuntAndKillMazeGenerator,Cave,Quarter)" fullname="PlayersWorlds.Maps.Maze.MazeGeneratorAreasTest.ScatteredAreas(PlayersWorlds.Maps.Maze.HuntAndKillMazeGenerator,Cave,Quarter)" methodname="ScatteredAreas" classname="PlayersWorlds.Maps.Maze.MazeGeneratorAreasTest" runstate="Runnable" seed="1943340120" result="Skipped" label="Ignored" start-time="2024-06-12T20:00:19.2870710Z" end-time="2024-06-12T20:00:19.2871220Z" duration="0.000051" asserts="0" />
                <test-case id="1-1310" name="ScatteredAreas(PlayersWorlds.Maps.Maze.HuntAndKillMazeGenerator,Cave,Half)" fullname="PlayersWorlds.Maps.Maze.MazeGeneratorAreasTest.ScatteredAreas(PlayersWorlds.Maps.Maze.HuntAndKillMazeGenerator,Cave,Half)" methodname="ScatteredAreas" classname="PlayersWorlds.Maps.Maze.MazeGeneratorAreasTest" runstate="Runnable" seed="321591004" result="Skipped" label="Ignored" start-time="2024-06-12T20:00:19.2871270Z" end-time="2024-06-12T20:00:19.2871770Z" duration="0.000051" asserts="0" />
                <test-case id="1-1311" name="ScatteredAreas(PlayersWorlds.Maps.Maze.HuntAndKillMazeGenerator,Cave,ThreeQuarters)" fullname="PlayersWorlds.Maps.Maze.MazeGeneratorAreasTest.ScatteredAreas(PlayersWorlds.Maps.Maze.HuntAndKillMazeGenerator,Cave,ThreeQuarters)" methodname="ScatteredAreas" classname="PlayersWorlds.Maps.Maze.MazeGeneratorAreasTest" runstate="Runnable" seed="766845302" result="Skipped" label="Ignored" start-time="2024-06-12T20:00:19.2871820Z" end-time="2024-06-12T20:00:19.2872350Z" duration="0.000053" asserts="0" />
                <test-case id="1-1312" name="ScatteredAreas(PlayersWorlds.Maps.Maze.HuntAndKillMazeGenerator,Cave,NinetyPercent)" fullname="PlayersWorlds.Maps.Maze.MazeGeneratorAreasTest.ScatteredAreas(PlayersWorlds.Maps.Maze.HuntAndKillMazeGenerator,Cave,NinetyPercent)" methodname="ScatteredAreas" classname="PlayersWorlds.Maps.Maze.MazeGeneratorAreasTest" runstate="Runnable" seed="1845422001" result="Skipped" label="Ignored" start-time="2024-06-12T20:00:19.2872400Z" end-time="2024-06-12T20:00:19.2872950Z" duration="0.000055" asserts="0" />
                <test-case id="1-1313" name="ScatteredAreas(PlayersWorlds.Maps.Maze.HuntAndKillMazeGenerator,Cave,FullWidth)" fullname="PlayersWorlds.Maps.Maze.MazeGeneratorAreasTest.ScatteredAreas(PlayersWorlds.Maps.Maze.HuntAndKillMazeGenerator,Cave,FullWidth)" methodname="ScatteredAreas" classname="PlayersWorlds.Maps.Maze.MazeGeneratorAreasTest" runstate="Runnable" seed="90750633" result="Skipped" label="Ignored" start-time="2024-06-12T20:00:19.2873000Z" end-time="2024-06-12T20:00:19.2873550Z" duration="0.000055" asserts="0" />
                <test-case id="1-1314" name="ScatteredAreas(PlayersWorlds.Maps.Maze.HuntAndKillMazeGenerator,Cave,FullHeight)" fullname="PlayersWorlds.Maps.Maze.MazeGeneratorAreasTest.ScatteredAreas(PlayersWorlds.Maps.Maze.HuntAndKillMazeGenerator,Cave,FullHeight)" methodname="ScatteredAreas" classname="PlayersWorlds.Maps.Maze.MazeGeneratorAreasTest" runstate="Runnable" seed="428048930" result="Skipped" label="Ignored" start-time="2024-06-12T20:00:19.2873600Z" end-time="2024-06-12T20:00:19.2874140Z" duration="0.000054" asserts="0" />
                <test-case id="1-1315" name="ScatteredAreas(PlayersWorlds.Maps.Maze.HuntAndKillMazeGenerator,Cave,Full)" fullname="PlayersWorlds.Maps.Maze.MazeGeneratorAreasTest.ScatteredAreas(PlayersWorlds.Maps.Maze.HuntAndKillMazeGenerator,Cave,Full)" methodname="ScatteredAreas" classname="PlayersWorlds.Maps.Maze.MazeGeneratorAreasTest" runstate="Runnable" seed="893108592" result="Passed" start-time="2024-06-12T20:00:19.2874190Z" end-time="2024-06-12T20:00:47.9481700Z" duration="28.660751" asserts="20" />
                <test-case id="1-1316" name="ScatteredAreas(PlayersWorlds.Maps.Maze.HuntAndKillMazeGenerator,Hall,Quarter)" fullname="PlayersWorlds.Maps.Maze.MazeGeneratorAreasTest.ScatteredAreas(PlayersWorlds.Maps.Maze.HuntAndKillMazeGenerator,Hall,Quarter)" methodname="ScatteredAreas" classname="PlayersWorlds.Maps.Maze.MazeGeneratorAreasTest" runstate="Runnable" seed="1727596993" result="Skipped" label="Ignored" start-time="2024-06-12T20:00:47.9481860Z" end-time="2024-06-12T20:00:47.9483420Z" duration="0.000156" asserts="0" />
                <test-case id="1-1317" name="ScatteredAreas(PlayersWorlds.Maps.Maze.HuntAndKillMazeGenerator,Hall,Half)" fullname="PlayersWorlds.Maps.Maze.MazeGeneratorAreasTest.ScatteredAreas(PlayersWorlds.Maps.Maze.HuntAndKillMazeGenerator,Hall,Half)" methodname="ScatteredAreas" classname="PlayersWorlds.Maps.Maze.MazeGeneratorAreasTest" runstate="Runnable" seed="651628010" result="Skipped" label="Ignored" start-time="2024-06-12T20:00:47.9483480Z" end-time="2024-06-12T20:00:47.9484180Z" duration="0.000069" asserts="0" />
                <test-case id="1-1318" name="ScatteredAreas(PlayersWorlds.Maps.Maze.HuntAndKillMazeGenerator,Hall,ThreeQuarters)" fullname="PlayersWorlds.Maps.Maze.MazeGeneratorAreasTest.ScatteredAreas(PlayersWorlds.Maps.Maze.HuntAndKillMazeGenerator,Hall,ThreeQuarters)" methodname="ScatteredAreas" classname="PlayersWorlds.Maps.Maze.MazeGeneratorAreasTest" runstate="Runnable" seed="474417875" result="Skipped" label="Ignored" start-time="2024-06-12T20:00:47.9484230Z" end-time="2024-06-12T20:00:47.9484810Z" duration="0.000058" asserts="0" />
                <test-case id="1-1319" name="ScatteredAreas(PlayersWorlds.Maps.Maze.HuntAndKillMazeGenerator,Hall,NinetyPercent)" fullname="PlayersWorlds.Maps.Maze.MazeGeneratorAreasTest.ScatteredAreas(PlayersWorlds.Maps.Maze.HuntAndKillMazeGenerator,Hall,NinetyPercent)" methodname="ScatteredAreas" classname="PlayersWorlds.Maps.Maze.MazeGeneratorAreasTest" runstate="Runnable" seed="981555239" result="Skipped" label="Ignored" start-time="2024-06-12T20:00:47.9484860Z" end-time="2024-06-12T20:00:47.9485390Z" duration="0.000053" asserts="0" />
                <test-case id="1-1320" name="ScatteredAreas(PlayersWorlds.Maps.Maze.HuntAndKillMazeGenerator,Hall,FullWidth)" fullname="PlayersWorlds.Maps.Maze.MazeGeneratorAreasTest.ScatteredAreas(PlayersWorlds.Maps.Maze.HuntAndKillMazeGenerator,Hall,FullWidth)" methodname="ScatteredAreas" classname="PlayersWorlds.Maps.Maze.MazeGeneratorAreasTest" runstate="Runnable" seed="921891238" result="Skipped" label="Ignored" start-time="2024-06-12T20:00:47.9485450Z" end-time="2024-06-12T20:00:47.9485960Z" duration="0.000052" asserts="0" />
                <test-case id="1-1321" name="ScatteredAreas(PlayersWorlds.Maps.Maze.HuntAndKillMazeGenerator,Hall,FullHeight)" fullname="PlayersWorlds.Maps.Maze.MazeGeneratorAreasTest.ScatteredAreas(PlayersWorlds.Maps.Maze.HuntAndKillMazeGenerator,Hall,FullHeight)" methodname="ScatteredAreas" classname="PlayersWorlds.Maps.Maze.MazeGeneratorAreasTest" runstate="Runnable" seed="1035900539" result="Skipped" label="Ignored" start-time="2024-06-12T20:00:47.9486010Z" end-time="2024-06-12T20:00:47.9486520Z" duration="0.000051" asserts="0" />
                <test-case id="1-1322" name="ScatteredAreas(PlayersWorlds.Maps.Maze.HuntAndKillMazeGenerator,Hall,Full)" fullname="PlayersWorlds.Maps.Maze.MazeGeneratorAreasTest.ScatteredAreas(PlayersWorlds.Maps.Maze.HuntAndKillMazeGenerator,Hall,Full)" methodname="ScatteredAreas" classname="PlayersWorlds.Maps.Maze.MazeGeneratorAreasTest" runstate="Runnable" seed="1576434620" result="Passed" start-time="2024-06-12T20:00:47.9486570Z" end-time="2024-06-12T20:01:16.6010960Z" duration="28.652439" asserts="20" />
                <test-case id="1-1323" name="ScatteredAreas(PlayersWorlds.Maps.Maze.HuntAndKillMazeGenerator,Fill,Quarter)" fullname="PlayersWorlds.Maps.Maze.MazeGeneratorAreasTest.ScatteredAreas(PlayersWorlds.Maps.Maze.HuntAndKillMazeGenerator,Fill,Quarter)" methodname="ScatteredAreas" classname="PlayersWorlds.Maps.Maze.MazeGeneratorAreasTest" runstate="Runnable" seed="98270287" result="Skipped" label="Ignored" start-time="2024-06-12T20:01:16.6011140Z" end-time="2024-06-12T20:01:16.6012700Z" duration="0.000156" asserts="0" />
                <test-case id="1-1324" name="ScatteredAreas(PlayersWorlds.Maps.Maze.HuntAndKillMazeGenerator,Fill,Half)" fullname="PlayersWorlds.Maps.Maze.MazeGeneratorAreasTest.ScatteredAreas(PlayersWorlds.Maps.Maze.HuntAndKillMazeGenerator,Fill,Half)" methodname="ScatteredAreas" classname="PlayersWorlds.Maps.Maze.MazeGeneratorAreasTest" runstate="Runnable" seed="473785612" result="Skipped" label="Ignored" start-time="2024-06-12T20:01:16.6012760Z" end-time="2024-06-12T20:01:16.6013470Z" duration="0.000071" asserts="0" />
                <test-case id="1-1325" name="ScatteredAreas(PlayersWorlds.Maps.Maze.HuntAndKillMazeGenerator,Fill,ThreeQuarters)" fullname="PlayersWorlds.Maps.Maze.MazeGeneratorAreasTest.ScatteredAreas(PlayersWorlds.Maps.Maze.HuntAndKillMazeGenerator,Fill,ThreeQuarters)" methodname="ScatteredAreas" classname="PlayersWorlds.Maps.Maze.MazeGeneratorAreasTest" runstate="Runnable" seed="489090116" result="Skipped" label="Ignored" start-time="2024-06-12T20:01:16.6013530Z" end-time="2024-06-12T20:01:16.6014100Z" duration="0.000058" asserts="0" />
                <test-case id="1-1326" name="ScatteredAreas(PlayersWorlds.Maps.Maze.HuntAndKillMazeGenerator,Fill,NinetyPercent)" fullname="PlayersWorlds.Maps.Maze.MazeGeneratorAreasTest.ScatteredAreas(PlayersWorlds.Maps.Maze.HuntAndKillMazeGenerator,Fill,NinetyPercent)" methodname="ScatteredAreas" classname="PlayersWorlds.Maps.Maze.MazeGeneratorAreasTest" runstate="Runnable" seed="1877947624" result="Skipped" label="Ignored" start-time="2024-06-12T20:01:16.6014160Z" end-time="2024-06-12T20:01:16.6014700Z" duration="0.000054" asserts="0" />
                <test-case id="1-1327" name="ScatteredAreas(PlayersWorlds.Maps.Maze.HuntAndKillMazeGenerator,Fill,FullWidth)" fullname="PlayersWorlds.Maps.Maze.MazeGeneratorAreasTest.ScatteredAreas(PlayersWorlds.Maps.Maze.HuntAndKillMazeGenerator,Fill,FullWidth)" methodname="ScatteredAreas" classname="PlayersWorlds.Maps.Maze.MazeGeneratorAreasTest" runstate="Runnable" seed="492871096" result="Skipped" label="Ignored" start-time="2024-06-12T20:01:16.6014750Z" end-time="2024-06-12T20:01:16.6015270Z" duration="0.000052" asserts="0" />
                <test-case id="1-1328" name="ScatteredAreas(PlayersWorlds.Maps.Maze.HuntAndKillMazeGenerator,Fill,FullHeight)" fullname="PlayersWorlds.Maps.Maze.MazeGeneratorAreasTest.ScatteredAreas(PlayersWorlds.Maps.Maze.HuntAndKillMazeGenerator,Fill,FullHeight)" methodname="ScatteredAreas" classname="PlayersWorlds.Maps.Maze.MazeGeneratorAreasTest" runstate="Runnable" seed="736486424" result="Skipped" label="Ignored" start-time="2024-06-12T20:01:16.6015320Z" end-time="2024-06-12T20:01:16.6016020Z" duration="0.000071" asserts="0" />
                <test-case id="1-1329" name="ScatteredAreas(PlayersWorlds.Maps.Maze.HuntAndKillMazeGenerator,Fill,Full)" fullname="PlayersWorlds.Maps.Maze.MazeGeneratorAreasTest.ScatteredAreas(PlayersWorlds.Maps.Maze.HuntAndKillMazeGenerator,Fill,Full)" methodname="ScatteredAreas" classname="PlayersWorlds.Maps.Maze.MazeGeneratorAreasTest" runstate="Runnable" seed="325123255" result="Skipped" label="Ignored" start-time="2024-06-12T20:01:16.6016090Z" end-time="2024-06-12T20:01:16.6016630Z" duration="0.000054" asserts="0" />
                <test-case id="1-1330" name="ScatteredAreas(PlayersWorlds.Maps.Maze.RecursiveBacktrackerMazeGenerator,Cave,Quarter)" fullname="PlayersWorlds.Maps.Maze.MazeGeneratorAreasTest.ScatteredAreas(PlayersWorlds.Maps.Maze.RecursiveBacktrackerMazeGenerator,Cave,Quarter)" methodname="ScatteredAreas" classname="PlayersWorlds.Maps.Maze.MazeGeneratorAreasTest" runstate="Runnable" seed="1076754529" result="Skipped" label="Ignored" start-time="2024-06-12T20:01:16.6016680Z" end-time="2024-06-12T20:01:16.6017200Z" duration="0.000052" asserts="0" />
                <test-case id="1-1331" name="ScatteredAreas(PlayersWorlds.Maps.Maze.RecursiveBacktrackerMazeGenerator,Cave,Half)" fullname="PlayersWorlds.Maps.Maze.MazeGeneratorAreasTest.ScatteredAreas(PlayersWorlds.Maps.Maze.RecursiveBacktrackerMazeGenerator,Cave,Half)" methodname="ScatteredAreas" classname="PlayersWorlds.Maps.Maze.MazeGeneratorAreasTest" runstate="Runnable" seed="374995839" result="Skipped" label="Ignored" start-time="2024-06-12T20:01:16.6017250Z" end-time="2024-06-12T20:01:16.6017760Z" duration="0.000051" asserts="0" />
                <test-case id="1-1332" name="ScatteredAreas(PlayersWorlds.Maps.Maze.RecursiveBacktrackerMazeGenerator,Cave,ThreeQuarters)" fullname="PlayersWorlds.Maps.Maze.MazeGeneratorAreasTest.ScatteredAreas(PlayersWorlds.Maps.Maze.RecursiveBacktrackerMazeGenerator,Cave,ThreeQuarters)" methodname="ScatteredAreas" classname="PlayersWorlds.Maps.Maze.MazeGeneratorAreasTest" runstate="Runnable" seed="664150743" result="Skipped" label="Ignored" start-time="2024-06-12T20:01:16.6017810Z" end-time="2024-06-12T20:01:16.6018320Z" duration="0.000051" asserts="0" />
                <test-case id="1-1333" name="ScatteredAreas(PlayersWorlds.Maps.Maze.RecursiveBacktrackerMazeGenerator,Cave,NinetyPercent)" fullname="PlayersWorlds.Maps.Maze.MazeGeneratorAreasTest.ScatteredAreas(PlayersWorlds.Maps.Maze.RecursiveBacktrackerMazeGenerator,Cave,NinetyPercent)" methodname="ScatteredAreas" classname="PlayersWorlds.Maps.Maze.MazeGeneratorAreasTest" runstate="Runnable" seed="623079641" result="Skipped" label="Ignored" start-time="2024-06-12T20:01:16.6018370Z" end-time="2024-06-12T20:01:16.6018890Z" duration="0.000052" asserts="0" />
                <test-case id="1-1334" name="ScatteredAreas(PlayersWorlds.Maps.Maze.RecursiveBacktrackerMazeGenerator,Cave,FullWidth)" fullname="PlayersWorlds.Maps.Maze.MazeGeneratorAreasTest.ScatteredAreas(PlayersWorlds.Maps.Maze.RecursiveBacktrackerMazeGenerator,Cave,FullWidth)" methodname="ScatteredAreas" classname="PlayersWorlds.Maps.Maze.MazeGeneratorAreasTest" runstate="Runnable" seed="895448197" result="Skipped" label="Ignored" start-time="2024-06-12T20:01:16.6018940Z" end-time="2024-06-12T20:01:16.6019450Z" duration="0.000051" asserts="0" />
                <test-case id="1-1335" name="ScatteredAreas(PlayersWorlds.Maps.Maze.RecursiveBacktrackerMazeGenerator,Cave,FullHeight)" fullname="PlayersWorlds.Maps.Maze.MazeGeneratorAreasTest.ScatteredAreas(PlayersWorlds.Maps.Maze.RecursiveBacktrackerMazeGenerator,Cave,FullHeight)" methodname="ScatteredAreas" classname="PlayersWorlds.Maps.Maze.MazeGeneratorAreasTest" runstate="Runnable" seed="500698314" result="Skipped" label="Ignored" start-time="2024-06-12T20:01:16.6019500Z" end-time="2024-06-12T20:01:16.6020000Z" duration="0.000050" asserts="0" />
                <test-case id="1-1336" name="ScatteredAreas(PlayersWorlds.Maps.Maze.RecursiveBacktrackerMazeGenerator,Cave,Full)" fullname="PlayersWorlds.Maps.Maze.MazeGeneratorAreasTest.ScatteredAreas(PlayersWorlds.Maps.Maze.RecursiveBacktrackerMazeGenerator,Cave,Full)" methodname="ScatteredAreas" classname="PlayersWorlds.Maps.Maze.MazeGeneratorAreasTest" runstate="Runnable" seed="1489581198" result="Passed" start-time="2024-06-12T20:01:16.6020050Z" end-time="2024-06-12T20:01:45.4619870Z" duration="28.859982" asserts="20" />
                <test-case id="1-1337" name="ScatteredAreas(PlayersWorlds.Maps.Maze.RecursiveBacktrackerMazeGenerator,Hall,Quarter)" fullname="PlayersWorlds.Maps.Maze.MazeGeneratorAreasTest.ScatteredAreas(PlayersWorlds.Maps.Maze.RecursiveBacktrackerMazeGenerator,Hall,Quarter)" methodname="ScatteredAreas" classname="PlayersWorlds.Maps.Maze.MazeGeneratorAreasTest" runstate="Runnable" seed="1406690918" result="Skipped" label="Ignored" start-time="2024-06-12T20:01:45.4620060Z" end-time="2024-06-12T20:01:45.4621680Z" duration="0.000162" asserts="0" />
                <test-case id="1-1338" name="ScatteredAreas(PlayersWorlds.Maps.Maze.RecursiveBacktrackerMazeGenerator,Hall,Half)" fullname="PlayersWorlds.Maps.Maze.MazeGeneratorAreasTest.ScatteredAreas(PlayersWorlds.Maps.Maze.RecursiveBacktrackerMazeGenerator,Hall,Half)" methodname="ScatteredAreas" classname="PlayersWorlds.Maps.Maze.MazeGeneratorAreasTest" runstate="Runnable" seed="1274068" result="Skipped" label="Ignored" start-time="2024-06-12T20:01:45.4621740Z" end-time="2024-06-12T20:01:45.4622440Z" duration="0.000070" asserts="0" />
                <test-case id="1-1339" name="ScatteredAreas(PlayersWorlds.Maps.Maze.RecursiveBacktrackerMazeGenerator,Hall,ThreeQuarters)" fullname="PlayersWorlds.Maps.Maze.MazeGeneratorAreasTest.ScatteredAreas(PlayersWorlds.Maps.Maze.RecursiveBacktrackerMazeGenerator,Hall,ThreeQuarters)" methodname="ScatteredAreas" classname="PlayersWorlds.Maps.Maze.MazeGeneratorAreasTest" runstate="Runnable" seed="1368326594" result="Skipped" label="Ignored" start-time="2024-06-12T20:01:45.4622500Z" end-time="2024-06-12T20:01:45.4623060Z" duration="0.000056" asserts="0" />
                <test-case id="1-1340" name="ScatteredAreas(PlayersWorlds.Maps.Maze.RecursiveBacktrackerMazeGenerator,Hall,NinetyPercent)" fullname="PlayersWorlds.Maps.Maze.MazeGeneratorAreasTest.ScatteredAreas(PlayersWorlds.Maps.Maze.RecursiveBacktrackerMazeGenerator,Hall,NinetyPercent)" methodname="ScatteredAreas" classname="PlayersWorlds.Maps.Maze.MazeGeneratorAreasTest" runstate="Runnable" seed="61507823" result="Skipped" label="Ignored" start-time="2024-06-12T20:01:45.4623110Z" end-time="2024-06-12T20:01:45.4623640Z" duration="0.000053" asserts="0" />
                <test-case id="1-1341" name="ScatteredAreas(PlayersWorlds.Maps.Maze.RecursiveBacktrackerMazeGenerator,Hall,FullWidth)" fullname="PlayersWorlds.Maps.Maze.MazeGeneratorAreasTest.ScatteredAreas(PlayersWorlds.Maps.Maze.RecursiveBacktrackerMazeGenerator,Hall,FullWidth)" methodname="ScatteredAreas" classname="PlayersWorlds.Maps.Maze.MazeGeneratorAreasTest" runstate="Runnable" seed="662495626" result="Skipped" label="Ignored" start-time="2024-06-12T20:01:45.4623690Z" end-time="2024-06-12T20:01:45.4624210Z" duration="0.000052" asserts="0" />
                <test-case id="1-1342" name="ScatteredAreas(PlayersWorlds.Maps.Maze.RecursiveBacktrackerMazeGenerator,Hall,FullHeight)" fullname="PlayersWorlds.Maps.Maze.MazeGeneratorAreasTest.ScatteredAreas(PlayersWorlds.Maps.Maze.RecursiveBacktrackerMazeGenerator,Hall,FullHeight)" methodname="ScatteredAreas" classname="PlayersWorlds.Maps.Maze.MazeGeneratorAreasTest" runstate="Runnable" seed="298855235" result="Skipped" label="Ignored" start-time="2024-06-12T20:01:45.4624260Z" end-time="2024-06-12T20:01:45.4624780Z" duration="0.000052" asserts="0" />
                <test-case id="1-1343" name="ScatteredAreas(PlayersWorlds.Maps.Maze.RecursiveBacktrackerMazeGenerator,Hall,Full)" fullname="PlayersWorlds.Maps.Maze.MazeGeneratorAreasTest.ScatteredAreas(PlayersWorlds.Maps.Maze.RecursiveBacktrackerMazeGenerator,Hall,Full)" methodname="ScatteredAreas" classname="PlayersWorlds.Maps.Maze.MazeGeneratorAreasTest" runstate="Runnable" seed="1185106762" result="Passed" start-time="2024-06-12T20:01:45.4624830Z" end-time="2024-06-12T20:02:14.2592980Z" duration="28.796816" asserts="20" />
                <test-case id="1-1344" name="ScatteredAreas(PlayersWorlds.Maps.Maze.RecursiveBacktrackerMazeGenerator,Fill,Quarter)" fullname="PlayersWorlds.Maps.Maze.MazeGeneratorAreasTest.ScatteredAreas(PlayersWorlds.Maps.Maze.RecursiveBacktrackerMazeGenerator,Fill,Quarter)" methodname="ScatteredAreas" classname="PlayersWorlds.Maps.Maze.MazeGeneratorAreasTest" runstate="Runnable" seed="1469056419" result="Skipped" label="Ignored" start-time="2024-06-12T20:02:14.2593160Z" end-time="2024-06-12T20:02:14.2594720Z" duration="0.000156" asserts="0" />
                <test-case id="1-1345" name="ScatteredAreas(PlayersWorlds.Maps.Maze.RecursiveBacktrackerMazeGenerator,Fill,Half)" fullname="PlayersWorlds.Maps.Maze.MazeGeneratorAreasTest.ScatteredAreas(PlayersWorlds.Maps.Maze.RecursiveBacktrackerMazeGenerator,Fill,Half)" methodname="ScatteredAreas" classname="PlayersWorlds.Maps.Maze.MazeGeneratorAreasTest" runstate="Runnable" seed="1958351210" result="Skipped" label="Ignored" start-time="2024-06-12T20:02:14.2594780Z" end-time="2024-06-12T20:02:14.2595470Z" duration="0.000069" asserts="0" />
                <test-case id="1-1346" name="ScatteredAreas(PlayersWorlds.Maps.Maze.RecursiveBacktrackerMazeGenerator,Fill,ThreeQuarters)" fullname="PlayersWorlds.Maps.Maze.MazeGeneratorAreasTest.ScatteredAreas(PlayersWorlds.Maps.Maze.RecursiveBacktrackerMazeGenerator,Fill,ThreeQuarters)" methodname="ScatteredAreas" classname="PlayersWorlds.Maps.Maze.MazeGeneratorAreasTest" runstate="Runnable" seed="145154596" result="Skipped" label="Ignored" start-time="2024-06-12T20:02:14.2595530Z" end-time="2024-06-12T20:02:14.2596090Z" duration="0.000057" asserts="0" />
                <test-case id="1-1347" name="ScatteredAreas(PlayersWorlds.Maps.Maze.RecursiveBacktrackerMazeGenerator,Fill,NinetyPercent)" fullname="PlayersWorlds.Maps.Maze.MazeGeneratorAreasTest.ScatteredAreas(PlayersWorlds.Maps.Maze.RecursiveBacktrackerMazeGenerator,Fill,NinetyPercent)" methodname="ScatteredAreas" classname="PlayersWorlds.Maps.Maze.MazeGeneratorAreasTest" runstate="Runnable" seed="128296881" result="Skipped" label="Ignored" start-time="2024-06-12T20:02:14.2596150Z" end-time="2024-06-12T20:02:14.2596680Z" duration="0.000054" asserts="0" />
                <test-case id="1-1348" name="ScatteredAreas(PlayersWorlds.Maps.Maze.RecursiveBacktrackerMazeGenerator,Fill,FullWidth)" fullname="PlayersWorlds.Maps.Maze.MazeGeneratorAreasTest.ScatteredAreas(PlayersWorlds.Maps.Maze.RecursiveBacktrackerMazeGenerator,Fill,FullWidth)" methodname="ScatteredAreas" classname="PlayersWorlds.Maps.Maze.MazeGeneratorAreasTest" runstate="Runnable" seed="1442555454" result="Skipped" label="Ignored" start-time="2024-06-12T20:02:14.2596730Z" end-time="2024-06-12T20:02:14.2597260Z" duration="0.000052" asserts="0" />
                <test-case id="1-1349" name="ScatteredAreas(PlayersWorlds.Maps.Maze.RecursiveBacktrackerMazeGenerator,Fill,FullHeight)" fullname="PlayersWorlds.Maps.Maze.MazeGeneratorAreasTest.ScatteredAreas(PlayersWorlds.Maps.Maze.RecursiveBacktrackerMazeGenerator,Fill,FullHeight)" methodname="ScatteredAreas" classname="PlayersWorlds.Maps.Maze.MazeGeneratorAreasTest" runstate="Runnable" seed="515366873" result="Skipped" label="Ignored" start-time="2024-06-12T20:02:14.2597310Z" end-time="2024-06-12T20:02:14.2597820Z" duration="0.000051" asserts="0" />
                <test-case id="1-1350" name="ScatteredAreas(PlayersWorlds.Maps.Maze.RecursiveBacktrackerMazeGenerator,Fill,Full)" fullname="PlayersWorlds.Maps.Maze.MazeGeneratorAreasTest.ScatteredAreas(PlayersWorlds.Maps.Maze.RecursiveBacktrackerMazeGenerator,Fill,Full)" methodname="ScatteredAreas" classname="PlayersWorlds.Maps.Maze.MazeGeneratorAreasTest" runstate="Runnable" seed="1144605437" result="Skipped" label="Ignored" start-time="2024-06-12T20:02:14.2597860Z" end-time="2024-06-12T20:02:14.2598370Z" duration="0.000050" asserts="0" />
                <test-case id="1-1351" name="ScatteredAreas(PlayersWorlds.Maps.Maze.SidewinderMazeGenerator,Cave,Quarter)" fullname="PlayersWorlds.Maps.Maze.MazeGeneratorAreasTest.ScatteredAreas(PlayersWorlds.Maps.Maze.SidewinderMazeGenerator,Cave,Quarter)" methodname="ScatteredAreas" classname="PlayersWorlds.Maps.Maze.MazeGeneratorAreasTest" runstate="Runnable" seed="1437872094" result="Skipped" label="Ignored" start-time="2024-06-12T20:02:14.2598420Z" end-time="2024-06-12T20:02:14.2598920Z" duration="0.000051" asserts="0" />
                <test-case id="1-1352" name="ScatteredAreas(PlayersWorlds.Maps.Maze.SidewinderMazeGenerator,Cave,Half)" fullname="PlayersWorlds.Maps.Maze.MazeGeneratorAreasTest.ScatteredAreas(PlayersWorlds.Maps.Maze.SidewinderMazeGenerator,Cave,Half)" methodname="ScatteredAreas" classname="PlayersWorlds.Maps.Maze.MazeGeneratorAreasTest" runstate="Runnable" seed="1238037260" result="Skipped" label="Ignored" start-time="2024-06-12T20:02:14.2598970Z" end-time="2024-06-12T20:02:14.2599510Z" duration="0.000054" asserts="0" />
                <test-case id="1-1353" name="ScatteredAreas(PlayersWorlds.Maps.Maze.SidewinderMazeGenerator,Cave,ThreeQuarters)" fullname="PlayersWorlds.Maps.Maze.MazeGeneratorAreasTest.ScatteredAreas(PlayersWorlds.Maps.Maze.SidewinderMazeGenerator,Cave,ThreeQuarters)" methodname="ScatteredAreas" classname="PlayersWorlds.Maps.Maze.MazeGeneratorAreasTest" runstate="Runnable" seed="679704311" result="Skipped" label="Ignored" start-time="2024-06-12T20:02:14.2599560Z" end-time="2024-06-12T20:02:14.2600100Z" duration="0.000054" asserts="0" />
                <test-case id="1-1354" name="ScatteredAreas(PlayersWorlds.Maps.Maze.SidewinderMazeGenerator,Cave,NinetyPercent)" fullname="PlayersWorlds.Maps.Maze.MazeGeneratorAreasTest.ScatteredAreas(PlayersWorlds.Maps.Maze.SidewinderMazeGenerator,Cave,NinetyPercent)" methodname="ScatteredAreas" classname="PlayersWorlds.Maps.Maze.MazeGeneratorAreasTest" runstate="Runnable" seed="783442599" result="Skipped" label="Ignored" start-time="2024-06-12T20:02:14.2600150Z" end-time="2024-06-12T20:02:14.2600720Z" duration="0.000057" asserts="0" />
                <test-case id="1-1355" name="ScatteredAreas(PlayersWorlds.Maps.Maze.SidewinderMazeGenerator,Cave,FullWidth)" fullname="PlayersWorlds.Maps.Maze.MazeGeneratorAreasTest.ScatteredAreas(PlayersWorlds.Maps.Maze.SidewinderMazeGenerator,Cave,FullWidth)" methodname="ScatteredAreas" classname="PlayersWorlds.Maps.Maze.MazeGeneratorAreasTest" runstate="Runnable" seed="886458510" result="Skipped" label="Ignored" start-time="2024-06-12T20:02:14.2600770Z" end-time="2024-06-12T20:02:14.2601320Z" duration="0.000055" asserts="0" />
                <test-case id="1-1356" name="ScatteredAreas(PlayersWorlds.Maps.Maze.SidewinderMazeGenerator,Cave,FullHeight)" fullname="PlayersWorlds.Maps.Maze.MazeGeneratorAreasTest.ScatteredAreas(PlayersWorlds.Maps.Maze.SidewinderMazeGenerator,Cave,FullHeight)" methodname="ScatteredAreas" classname="PlayersWorlds.Maps.Maze.MazeGeneratorAreasTest" runstate="Runnable" seed="418589819" result="Skipped" label="Ignored" start-time="2024-06-12T20:02:14.2601370Z" end-time="2024-06-12T20:02:14.2601900Z" duration="0.000052" asserts="0" />
                <test-case id="1-1357" name="ScatteredAreas(PlayersWorlds.Maps.Maze.SidewinderMazeGenerator,Cave,Full)" fullname="PlayersWorlds.Maps.Maze.MazeGeneratorAreasTest.ScatteredAreas(PlayersWorlds.Maps.Maze.SidewinderMazeGenerator,Cave,Full)" methodname="ScatteredAreas" classname="PlayersWorlds.Maps.Maze.MazeGeneratorAreasTest" runstate="Runnable" seed="1190144130" result="Passed" start-time="2024-06-12T20:02:14.2601950Z" end-time="2024-06-12T20:02:42.9694090Z" duration="28.709215" asserts="20" />
                <test-case id="1-1358" name="ScatteredAreas(PlayersWorlds.Maps.Maze.SidewinderMazeGenerator,Hall,Quarter)" fullname="PlayersWorlds.Maps.Maze.MazeGeneratorAreasTest.ScatteredAreas(PlayersWorlds.Maps.Maze.SidewinderMazeGenerator,Hall,Quarter)" methodname="ScatteredAreas" classname="PlayersWorlds.Maps.Maze.MazeGeneratorAreasTest" runstate="Runnable" seed="1340051358" result="Skipped" label="Ignored" start-time="2024-06-12T20:02:42.9694270Z" end-time="2024-06-12T20:02:42.9695840Z" duration="0.000157" asserts="0" />
                <test-case id="1-1359" name="ScatteredAreas(PlayersWorlds.Maps.Maze.SidewinderMazeGenerator,Hall,Half)" fullname="PlayersWorlds.Maps.Maze.MazeGeneratorAreasTest.ScatteredAreas(PlayersWorlds.Maps.Maze.SidewinderMazeGenerator,Hall,Half)" methodname="ScatteredAreas" classname="PlayersWorlds.Maps.Maze.MazeGeneratorAreasTest" runstate="Runnable" seed="116850668" result="Skipped" label="Ignored" start-time="2024-06-12T20:02:42.9695900Z" end-time="2024-06-12T20:02:42.9696580Z" duration="0.000068" asserts="0" />
                <test-case id="1-1360" name="ScatteredAreas(PlayersWorlds.Maps.Maze.SidewinderMazeGenerator,Hall,ThreeQuarters)" fullname="PlayersWorlds.Maps.Maze.MazeGeneratorAreasTest.ScatteredAreas(PlayersWorlds.Maps.Maze.SidewinderMazeGenerator,Hall,ThreeQuarters)" methodname="ScatteredAreas" classname="PlayersWorlds.Maps.Maze.MazeGeneratorAreasTest" runstate="Runnable" seed="787132231" result="Skipped" label="Ignored" start-time="2024-06-12T20:02:42.9696630Z" end-time="2024-06-12T20:02:42.9697220Z" duration="0.000059" asserts="0" />
                <test-case id="1-1361" name="ScatteredAreas(PlayersWorlds.Maps.Maze.SidewinderMazeGenerator,Hall,NinetyPercent)" fullname="PlayersWorlds.Maps.Maze.MazeGeneratorAreasTest.ScatteredAreas(PlayersWorlds.Maps.Maze.SidewinderMazeGenerator,Hall,NinetyPercent)" methodname="ScatteredAreas" classname="PlayersWorlds.Maps.Maze.MazeGeneratorAreasTest" runstate="Runnable" seed="859249268" result="Skipped" label="Ignored" start-time="2024-06-12T20:02:42.9697280Z" end-time="2024-06-12T20:02:42.9697830Z" duration="0.000055" asserts="0" />
                <test-case id="1-1362" name="ScatteredAreas(PlayersWorlds.Maps.Maze.SidewinderMazeGenerator,Hall,FullWidth)" fullname="PlayersWorlds.Maps.Maze.MazeGeneratorAreasTest.ScatteredAreas(PlayersWorlds.Maps.Maze.SidewinderMazeGenerator,Hall,FullWidth)" methodname="ScatteredAreas" classname="PlayersWorlds.Maps.Maze.MazeGeneratorAreasTest" runstate="Runnable" seed="1399566018" result="Skipped" label="Ignored" start-time="2024-06-12T20:02:42.9697880Z" end-time="2024-06-12T20:02:42.9698410Z" duration="0.000053" asserts="0" />
                <test-case id="1-1363" name="ScatteredAreas(PlayersWorlds.Maps.Maze.SidewinderMazeGenerator,Hall,FullHeight)" fullname="PlayersWorlds.Maps.Maze.MazeGeneratorAreasTest.ScatteredAreas(PlayersWorlds.Maps.Maze.SidewinderMazeGenerator,Hall,FullHeight)" methodname="ScatteredAreas" classname="PlayersWorlds.Maps.Maze.MazeGeneratorAreasTest" runstate="Runnable" seed="1145910123" result="Skipped" label="Ignored" start-time="2024-06-12T20:02:42.9698460Z" end-time="2024-06-12T20:02:42.9698970Z" duration="0.000052" asserts="0" />
                <test-case id="1-1364" name="ScatteredAreas(PlayersWorlds.Maps.Maze.SidewinderMazeGenerator,Hall,Full)" fullname="PlayersWorlds.Maps.Maze.MazeGeneratorAreasTest.ScatteredAreas(PlayersWorlds.Maps.Maze.SidewinderMazeGenerator,Hall,Full)" methodname="ScatteredAreas" classname="PlayersWorlds.Maps.Maze.MazeGeneratorAreasTest" runstate="Runnable" seed="866585591" result="Passed" start-time="2024-06-12T20:02:42.9699040Z" end-time="2024-06-12T20:03:11.2391190Z" duration="28.269215" asserts="20" />
                <test-case id="1-1365" name="ScatteredAreas(PlayersWorlds.Maps.Maze.SidewinderMazeGenerator,Fill,Quarter)" fullname="PlayersWorlds.Maps.Maze.MazeGeneratorAreasTest.ScatteredAreas(PlayersWorlds.Maps.Maze.SidewinderMazeGenerator,Fill,Quarter)" methodname="ScatteredAreas" classname="PlayersWorlds.Maps.Maze.MazeGeneratorAreasTest" runstate="Runnable" seed="2094078812" result="Skipped" label="Ignored" start-time="2024-06-12T20:03:11.2391360Z" end-time="2024-06-12T20:03:11.2392880Z" duration="0.000152" asserts="0" />
                <test-case id="1-1366" name="ScatteredAreas(PlayersWorlds.Maps.Maze.SidewinderMazeGenerator,Fill,Half)" fullname="PlayersWorlds.Maps.Maze.MazeGeneratorAreasTest.ScatteredAreas(PlayersWorlds.Maps.Maze.SidewinderMazeGenerator,Fill,Half)" methodname="ScatteredAreas" classname="PlayersWorlds.Maps.Maze.MazeGeneratorAreasTest" runstate="Runnable" seed="102694559" result="Skipped" label="Ignored" start-time="2024-06-12T20:03:11.2392940Z" end-time="2024-06-12T20:03:11.2393620Z" duration="0.000067" asserts="0" />
                <test-case id="1-1367" name="ScatteredAreas(PlayersWorlds.Maps.Maze.SidewinderMazeGenerator,Fill,ThreeQuarters)" fullname="PlayersWorlds.Maps.Maze.MazeGeneratorAreasTest.ScatteredAreas(PlayersWorlds.Maps.Maze.SidewinderMazeGenerator,Fill,ThreeQuarters)" methodname="ScatteredAreas" classname="PlayersWorlds.Maps.Maze.MazeGeneratorAreasTest" runstate="Runnable" seed="1222342360" result="Skipped" label="Ignored" start-time="2024-06-12T20:03:11.2393670Z" end-time="2024-06-12T20:03:11.2394250Z" duration="0.000058" asserts="0" />
                <test-case id="1-1368" name="ScatteredAreas(PlayersWorlds.Maps.Maze.SidewinderMazeGenerator,Fill,NinetyPercent)" fullname="PlayersWorlds.Maps.Maze.MazeGeneratorAreasTest.ScatteredAreas(PlayersWorlds.Maps.Maze.SidewinderMazeGenerator,Fill,NinetyPercent)" methodname="ScatteredAreas" classname="PlayersWorlds.Maps.Maze.MazeGeneratorAreasTest" runstate="Runnable" seed="1342786083" result="Skipped" label="Ignored" start-time="2024-06-12T20:03:11.2394300Z" end-time="2024-06-12T20:03:11.2394850Z" duration="0.000055" asserts="0" />
                <test-case id="1-1369" name="ScatteredAreas(PlayersWorlds.Maps.Maze.SidewinderMazeGenerator,Fill,FullWidth)" fullname="PlayersWorlds.Maps.Maze.MazeGeneratorAreasTest.ScatteredAreas(PlayersWorlds.Maps.Maze.SidewinderMazeGenerator,Fill,FullWidth)" methodname="ScatteredAreas" classname="PlayersWorlds.Maps.Maze.MazeGeneratorAreasTest" runstate="Runnable" seed="2074834263" result="Skipped" label="Ignored" start-time="2024-06-12T20:03:11.2394900Z" end-time="2024-06-12T20:03:11.2395440Z" duration="0.000054" asserts="0" />
                <test-case id="1-1370" name="ScatteredAreas(PlayersWorlds.Maps.Maze.SidewinderMazeGenerator,Fill,FullHeight)" fullname="PlayersWorlds.Maps.Maze.MazeGeneratorAreasTest.ScatteredAreas(PlayersWorlds.Maps.Maze.SidewinderMazeGenerator,Fill,FullHeight)" methodname="ScatteredAreas" classname="PlayersWorlds.Maps.Maze.MazeGeneratorAreasTest" runstate="Runnable" seed="1551011041" result="Skipped" label="Ignored" start-time="2024-06-12T20:03:11.2395490Z" end-time="2024-06-12T20:03:11.2396020Z" duration="0.000053" asserts="0" />
                <test-case id="1-1371" name="ScatteredAreas(PlayersWorlds.Maps.Maze.SidewinderMazeGenerator,Fill,Full)" fullname="PlayersWorlds.Maps.Maze.MazeGeneratorAreasTest.ScatteredAreas(PlayersWorlds.Maps.Maze.SidewinderMazeGenerator,Fill,Full)" methodname="ScatteredAreas" classname="PlayersWorlds.Maps.Maze.MazeGeneratorAreasTest" runstate="Runnable" seed="320906075" result="Skipped" label="Ignored" start-time="2024-06-12T20:03:11.2396070Z" end-time="2024-06-12T20:03:11.2396570Z" duration="0.000051" asserts="0" />
                <test-case id="1-1372" name="ScatteredAreas(PlayersWorlds.Maps.Maze.WilsonsMazeGenerator,Cave,Quarter)" fullname="PlayersWorlds.Maps.Maze.MazeGeneratorAreasTest.ScatteredAreas(PlayersWorlds.Maps.Maze.WilsonsMazeGenerator,Cave,Quarter)" methodname="ScatteredAreas" classname="PlayersWorlds.Maps.Maze.MazeGeneratorAreasTest" runstate="Runnable" seed="650353942" result="Passed" start-time="2024-06-12T20:03:11.2396620Z" end-time="2024-06-12T20:03:39.8577000Z" duration="28.618037" asserts="20" />
                <test-case id="1-1373" name="ScatteredAreas(PlayersWorlds.Maps.Maze.WilsonsMazeGenerator,Cave,Half)" fullname="PlayersWorlds.Maps.Maze.MazeGeneratorAreasTest.ScatteredAreas(PlayersWorlds.Maps.Maze.WilsonsMazeGenerator,Cave,Half)" methodname="ScatteredAreas" classname="PlayersWorlds.Maps.Maze.MazeGeneratorAreasTest" runstate="Runnable" seed="1253574928" result="Passed" start-time="2024-06-12T20:03:39.8577180Z" end-time="2024-06-12T20:04:08.8404990Z" duration="28.982781" asserts="20" />
                <test-case id="1-1374" name="ScatteredAreas(PlayersWorlds.Maps.Maze.WilsonsMazeGenerator,Cave,ThreeQuarters)" fullname="PlayersWorlds.Maps.Maze.MazeGeneratorAreasTest.ScatteredAreas(PlayersWorlds.Maps.Maze.WilsonsMazeGenerator,Cave,ThreeQuarters)" methodname="ScatteredAreas" classname="PlayersWorlds.Maps.Maze.MazeGeneratorAreasTest" runstate="Runnable" seed="920047416" result="Passed" start-time="2024-06-12T20:04:08.8405210Z" end-time="2024-06-12T20:04:37.6091010Z" duration="28.768580" asserts="20" />
                <test-case id="1-1375" name="ScatteredAreas(PlayersWorlds.Maps.Maze.WilsonsMazeGenerator,Cave,NinetyPercent)" fullname="PlayersWorlds.Maps.Maze.MazeGeneratorAreasTest.ScatteredAreas(PlayersWorlds.Maps.Maze.WilsonsMazeGenerator,Cave,NinetyPercent)" methodname="ScatteredAreas" classname="PlayersWorlds.Maps.Maze.MazeGeneratorAreasTest" runstate="Runnable" seed="259395612" result="Passed" start-time="2024-06-12T20:04:37.6091190Z" end-time="2024-06-12T20:05:06.8047820Z" duration="29.195663" asserts="20" />
                <test-case id="1-1376" name="ScatteredAreas(PlayersWorlds.Maps.Maze.WilsonsMazeGenerator,Cave,FullWidth)" fullname="PlayersWorlds.Maps.Maze.MazeGeneratorAreasTest.ScatteredAreas(PlayersWorlds.Maps.Maze.WilsonsMazeGenerator,Cave,FullWidth)" methodname="ScatteredAreas" classname="PlayersWorlds.Maps.Maze.MazeGeneratorAreasTest" runstate="Runnable" seed="737045304" result="Passed" start-time="2024-06-12T20:05:06.8047990Z" end-time="2024-06-12T20:05:34.8123930Z" duration="28.007594" asserts="20" />
                <test-case id="1-1377" name="ScatteredAreas(PlayersWorlds.Maps.Maze.WilsonsMazeGenerator,Cave,FullHeight)" fullname="PlayersWorlds.Maps.Maze.MazeGeneratorAreasTest.ScatteredAreas(PlayersWorlds.Maps.Maze.WilsonsMazeGenerator,Cave,FullHeight)" methodname="ScatteredAreas" classname="PlayersWorlds.Maps.Maze.MazeGeneratorAreasTest" runstate="Runnable" seed="391327858" result="Passed" start-time="2024-06-12T20:05:34.8124090Z" end-time="2024-06-12T20:06:03.5401910Z" duration="28.727782" asserts="20" />
                <test-case id="1-1378" name="ScatteredAreas(PlayersWorlds.Maps.Maze.WilsonsMazeGenerator,Cave,Full)" fullname="PlayersWorlds.Maps.Maze.MazeGeneratorAreasTest.ScatteredAreas(PlayersWorlds.Maps.Maze.WilsonsMazeGenerator,Cave,Full)" methodname="ScatteredAreas" classname="PlayersWorlds.Maps.Maze.MazeGeneratorAreasTest" runstate="Runnable" seed="776697515" result="Passed" start-time="2024-06-12T20:06:03.5402090Z" end-time="2024-06-12T20:06:32.6051370Z" duration="29.064928" asserts="20" />
                <test-case id="1-1379" name="ScatteredAreas(PlayersWorlds.Maps.Maze.WilsonsMazeGenerator,Hall,Quarter)" fullname="PlayersWorlds.Maps.Maze.MazeGeneratorAreasTest.ScatteredAreas(PlayersWorlds.Maps.Maze.WilsonsMazeGenerator,Hall,Quarter)" methodname="ScatteredAreas" classname="PlayersWorlds.Maps.Maze.MazeGeneratorAreasTest" runstate="Runnable" seed="662918049" result="Passed" start-time="2024-06-12T20:06:32.6051520Z" end-time="2024-06-12T20:07:01.4313480Z" duration="28.826197" asserts="20" />
                <test-case id="1-1380" name="ScatteredAreas(PlayersWorlds.Maps.Maze.WilsonsMazeGenerator,Hall,Half)" fullname="PlayersWorlds.Maps.Maze.MazeGeneratorAreasTest.ScatteredAreas(PlayersWorlds.Maps.Maze.WilsonsMazeGenerator,Hall,Half)" methodname="ScatteredAreas" classname="PlayersWorlds.Maps.Maze.MazeGeneratorAreasTest" runstate="Runnable" seed="343935520" result="Passed" start-time="2024-06-12T20:07:01.4313750Z" end-time="2024-06-12T20:07:30.0239800Z" duration="28.592605" asserts="20" />
                <test-case id="1-1381" name="ScatteredAreas(PlayersWorlds.Maps.Maze.WilsonsMazeGenerator,Hall,ThreeQuarters)" fullname="PlayersWorlds.Maps.Maze.MazeGeneratorAreasTest.ScatteredAreas(PlayersWorlds.Maps.Maze.WilsonsMazeGenerator,Hall,ThreeQuarters)" methodname="ScatteredAreas" classname="PlayersWorlds.Maps.Maze.MazeGeneratorAreasTest" runstate="Runnable" seed="1749650743" result="Passed" start-time="2024-06-12T20:07:30.0239980Z" end-time="2024-06-12T20:07:59.1159180Z" duration="29.091921" asserts="20" />
                <test-case id="1-1382" name="ScatteredAreas(PlayersWorlds.Maps.Maze.WilsonsMazeGenerator,Hall,NinetyPercent)" fullname="PlayersWorlds.Maps.Maze.MazeGeneratorAreasTest.ScatteredAreas(PlayersWorlds.Maps.Maze.WilsonsMazeGenerator,Hall,NinetyPercent)" methodname="ScatteredAreas" classname="PlayersWorlds.Maps.Maze.MazeGeneratorAreasTest" runstate="Runnable" seed="1197799289" result="Passed" start-time="2024-06-12T20:07:59.1159360Z" end-time="2024-06-12T20:08:28.0191520Z" duration="28.903216" asserts="20" />
                <test-case id="1-1383" name="ScatteredAreas(PlayersWorlds.Maps.Maze.WilsonsMazeGenerator,Hall,FullWidth)" fullname="PlayersWorlds.Maps.Maze.MazeGeneratorAreasTest.ScatteredAreas(PlayersWorlds.Maps.Maze.WilsonsMazeGenerator,Hall,FullWidth)" methodname="ScatteredAreas" classname="PlayersWorlds.Maps.Maze.MazeGeneratorAreasTest" runstate="Runnable" seed="221119551" result="Passed" start-time="2024-06-12T20:08:28.0191680Z" end-time="2024-06-12T20:08:56.7874830Z" duration="28.768315" asserts="20" />
                <test-case id="1-1384" name="ScatteredAreas(PlayersWorlds.Maps.Maze.WilsonsMazeGenerator,Hall,FullHeight)" fullname="PlayersWorlds.Maps.Maze.MazeGeneratorAreasTest.ScatteredAreas(PlayersWorlds.Maps.Maze.WilsonsMazeGenerator,Hall,FullHeight)" methodname="ScatteredAreas" classname="PlayersWorlds.Maps.Maze.MazeGeneratorAreasTest" runstate="Runnable" seed="1328001465" result="Passed" start-time="2024-06-12T20:08:56.7874980Z" end-time="2024-06-12T20:09:25.4607170Z" duration="28.673219" asserts="20" />
                <test-case id="1-1385" name="ScatteredAreas(PlayersWorlds.Maps.Maze.WilsonsMazeGenerator,Hall,Full)" fullname="PlayersWorlds.Maps.Maze.MazeGeneratorAreasTest.ScatteredAreas(PlayersWorlds.Maps.Maze.WilsonsMazeGenerator,Hall,Full)" methodname="ScatteredAreas" classname="PlayersWorlds.Maps.Maze.MazeGeneratorAreasTest" runstate="Runnable" seed="1786366082" result="Passed" start-time="2024-06-12T20:09:25.4607330Z" end-time="2024-06-12T20:09:54.4477250Z" duration="28.986992" asserts="20" />
                <test-case id="1-1386" name="ScatteredAreas(PlayersWorlds.Maps.Maze.WilsonsMazeGenerator,Fill,Quarter)" fullname="PlayersWorlds.Maps.Maze.MazeGeneratorAreasTest.ScatteredAreas(PlayersWorlds.Maps.Maze.WilsonsMazeGenerator,Fill,Quarter)" methodname="ScatteredAreas" classname="PlayersWorlds.Maps.Maze.MazeGeneratorAreasTest" runstate="Runnable" seed="1284442226" result="Skipped" label="Ignored" start-time="2024-06-12T20:09:54.4477420Z" end-time="2024-06-12T20:09:54.4478970Z" duration="0.000155" asserts="0" />
                <test-case id="1-1387" name="ScatteredAreas(PlayersWorlds.Maps.Maze.WilsonsMazeGenerator,Fill,Half)" fullname="PlayersWorlds.Maps.Maze.MazeGeneratorAreasTest.ScatteredAreas(PlayersWorlds.Maps.Maze.WilsonsMazeGenerator,Fill,Half)" methodname="ScatteredAreas" classname="PlayersWorlds.Maps.Maze.MazeGeneratorAreasTest" runstate="Runnable" seed="2131930079" result="Skipped" label="Ignored" start-time="2024-06-12T20:09:54.4479030Z" end-time="2024-06-12T20:09:54.4479720Z" duration="0.000069" asserts="0" />
                <test-case id="1-1388" name="ScatteredAreas(PlayersWorlds.Maps.Maze.WilsonsMazeGenerator,Fill,ThreeQuarters)" fullname="PlayersWorlds.Maps.Maze.MazeGeneratorAreasTest.ScatteredAreas(PlayersWorlds.Maps.Maze.WilsonsMazeGenerator,Fill,ThreeQuarters)" methodname="ScatteredAreas" classname="PlayersWorlds.Maps.Maze.MazeGeneratorAreasTest" runstate="Runnable" seed="1987120689" result="Skipped" label="Ignored" start-time="2024-06-12T20:09:54.4479780Z" end-time="2024-06-12T20:09:54.4480350Z" duration="0.000057" asserts="0" />
                <test-case id="1-1389" name="ScatteredAreas(PlayersWorlds.Maps.Maze.WilsonsMazeGenerator,Fill,NinetyPercent)" fullname="PlayersWorlds.Maps.Maze.MazeGeneratorAreasTest.ScatteredAreas(PlayersWorlds.Maps.Maze.WilsonsMazeGenerator,Fill,NinetyPercent)" methodname="ScatteredAreas" classname="PlayersWorlds.Maps.Maze.MazeGeneratorAreasTest" runstate="Runnable" seed="8989687" result="Skipped" label="Ignored" start-time="2024-06-12T20:09:54.4480400Z" end-time="2024-06-12T20:09:54.4480940Z" duration="0.000055" asserts="0" />
                <test-case id="1-1390" name="ScatteredAreas(PlayersWorlds.Maps.Maze.WilsonsMazeGenerator,Fill,FullWidth)" fullname="PlayersWorlds.Maps.Maze.MazeGeneratorAreasTest.ScatteredAreas(PlayersWorlds.Maps.Maze.WilsonsMazeGenerator,Fill,FullWidth)" methodname="ScatteredAreas" classname="PlayersWorlds.Maps.Maze.MazeGeneratorAreasTest" runstate="Runnable" seed="82108495" result="Skipped" label="Ignored" start-time="2024-06-12T20:09:54.4480990Z" end-time="2024-06-12T20:09:54.4481520Z" duration="0.000052" asserts="0" />
                <test-case id="1-1391" name="ScatteredAreas(PlayersWorlds.Maps.Maze.WilsonsMazeGenerator,Fill,FullHeight)" fullname="PlayersWorlds.Maps.Maze.MazeGeneratorAreasTest.ScatteredAreas(PlayersWorlds.Maps.Maze.WilsonsMazeGenerator,Fill,FullHeight)" methodname="ScatteredAreas" classname="PlayersWorlds.Maps.Maze.MazeGeneratorAreasTest" runstate="Runnable" seed="299437068" result="Skipped" label="Ignored" start-time="2024-06-12T20:09:54.4481560Z" end-time="2024-06-12T20:09:54.4482150Z" duration="0.000058" asserts="0" />
                <test-case id="1-1392" name="ScatteredAreas(PlayersWorlds.Maps.Maze.WilsonsMazeGenerator,Fill,Full)" fullname="PlayersWorlds.Maps.Maze.MazeGeneratorAreasTest.ScatteredAreas(PlayersWorlds.Maps.Maze.WilsonsMazeGenerator,Fill,Full)" methodname="ScatteredAreas" classname="PlayersWorlds.Maps.Maze.MazeGeneratorAreasTest" runstate="Runnable" seed="66639560" result="Skipped" label="Ignored" start-time="2024-06-12T20:09:54.4482200Z" end-time="2024-06-12T20:09:54.4482720Z" duration="0.000052" asserts="0" />
              </test-suite>
              <test-suite type="ParameterizedMethod" id="1-1245" name="TwoMatchingAreas" fullname="PlayersWorlds.Maps.Maze.MazeGeneratorAreasTest.TwoMatchingAreas" classname="PlayersWorlds.Maps.Maze.MazeGeneratorAreasTest" runstate="Runnable" testcasecount="18" result="Passed" start-time="2024-06-12T20:09:54.4483150Z" end-time="2024-06-12T20:09:55.5303580Z" duration="1.082043" total="18" passed="18" failed="0" warnings="0" inconclusive="0" skipped="0" asserts="1080">
                <properties>
                  <property name="Repeat" value="10" />
                  <property name="Category" value="Integration" />
                </properties>
                <test-case id="1-1227" name="TwoMatchingAreas(PlayersWorlds.Maps.Maze.AldousBroderMazeGenerator,Cave)" fullname="PlayersWorlds.Maps.Maze.MazeGeneratorAreasTest.TwoMatchingAreas(PlayersWorlds.Maps.Maze.AldousBroderMazeGenerator,Cave)" methodname="TwoMatchingAreas" classname="PlayersWorlds.Maps.Maze.MazeGeneratorAreasTest" runstate="Runnable" seed="1715851990" result="Passed" start-time="2024-06-12T20:09:54.4483260Z" end-time="2024-06-12T20:09:54.5400430Z" duration="0.091716" asserts="60" />
                <test-case id="1-1228" name="TwoMatchingAreas(PlayersWorlds.Maps.Maze.AldousBroderMazeGenerator,Hall)" fullname="PlayersWorlds.Maps.Maze.MazeGeneratorAreasTest.TwoMatchingAreas(PlayersWorlds.Maps.Maze.AldousBroderMazeGenerator,Hall)" methodname="TwoMatchingAreas" classname="PlayersWorlds.Maps.Maze.MazeGeneratorAreasTest" runstate="Runnable" seed="1034452587" result="Passed" start-time="2024-06-12T20:09:54.5400550Z" end-time="2024-06-12T20:09:54.6112230Z" duration="0.071169" asserts="60" />
                <test-case id="1-1229" name="TwoMatchingAreas(PlayersWorlds.Maps.Maze.AldousBroderMazeGenerator,Fill)" fullname="PlayersWorlds.Maps.Maze.MazeGeneratorAreasTest.TwoMatchingAreas(PlayersWorlds.Maps.Maze.AldousBroderMazeGenerator,Fill)" methodname="TwoMatchingAreas" classname="PlayersWorlds.Maps.Maze.MazeGeneratorAreasTest" runstate="Runnable" seed="591012322" result="Passed" start-time="2024-06-12T20:09:54.6112350Z" end-time="2024-06-12T20:09:54.6840170Z" duration="0.072782" asserts="60" />
                <test-case id="1-1230" name="TwoMatchingAreas(PlayersWorlds.Maps.Maze.BinaryTreeMazeGenerator,Cave)" fullname="PlayersWorlds.Maps.Maze.MazeGeneratorAreasTest.TwoMatchingAreas(PlayersWorlds.Maps.Maze.BinaryTreeMazeGenerator,Cave)" methodname="TwoMatchingAreas" classname="PlayersWorlds.Maps.Maze.MazeGeneratorAreasTest" runstate="Runnable" seed="1231606556" result="Passed" start-time="2024-06-12T20:09:54.6840280Z" end-time="2024-06-12T20:09:54.7509260Z" duration="0.066898" asserts="60" />
                <test-case id="1-1231" name="TwoMatchingAreas(PlayersWorlds.Maps.Maze.BinaryTreeMazeGenerator,Hall)" fullname="PlayersWorlds.Maps.Maze.MazeGeneratorAreasTest.TwoMatchingAreas(PlayersWorlds.Maps.Maze.BinaryTreeMazeGenerator,Hall)" methodname="TwoMatchingAreas" classname="PlayersWorlds.Maps.Maze.MazeGeneratorAreasTest" runstate="Runnable" seed="1964273791" result="Passed" start-time="2024-06-12T20:09:54.7509370Z" end-time="2024-06-12T20:09:54.8027890Z" duration="0.051852" asserts="60" />
                <test-case id="1-1232" name="TwoMatchingAreas(PlayersWorlds.Maps.Maze.BinaryTreeMazeGenerator,Fill)" fullname="PlayersWorlds.Maps.Maze.MazeGeneratorAreasTest.TwoMatchingAreas(PlayersWorlds.Maps.Maze.BinaryTreeMazeGenerator,Fill)" methodname="TwoMatchingAreas" classname="PlayersWorlds.Maps.Maze.MazeGeneratorAreasTest" runstate="Runnable" seed="592696807" result="Passed" start-time="2024-06-12T20:09:54.8028000Z" end-time="2024-06-12T20:09:54.8462490Z" duration="0.043450" asserts="60" />
                <test-case id="1-1233" name="TwoMatchingAreas(PlayersWorlds.Maps.Maze.HuntAndKillMazeGenerator,Cave)" fullname="PlayersWorlds.Maps.Maze.MazeGeneratorAreasTest.TwoMatchingAreas(PlayersWorlds.Maps.Maze.HuntAndKillMazeGenerator,Cave)" methodname="TwoMatchingAreas" classname="PlayersWorlds.Maps.Maze.MazeGeneratorAreasTest" runstate="Runnable" seed="1210656556" result="Passed" start-time="2024-06-12T20:09:54.8462610Z" end-time="2024-06-12T20:09:54.9121100Z" duration="0.065849" asserts="60" />
                <test-case id="1-1234" name="TwoMatchingAreas(PlayersWorlds.Maps.Maze.HuntAndKillMazeGenerator,Hall)" fullname="PlayersWorlds.Maps.Maze.MazeGeneratorAreasTest.TwoMatchingAreas(PlayersWorlds.Maps.Maze.HuntAndKillMazeGenerator,Hall)" methodname="TwoMatchingAreas" classname="PlayersWorlds.Maps.Maze.MazeGeneratorAreasTest" runstate="Runnable" seed="1724777254" result="Passed" start-time="2024-06-12T20:09:54.9121210Z" end-time="2024-06-12T20:09:54.9641280Z" duration="0.052007" asserts="60" />
                <test-case id="1-1235" name="TwoMatchingAreas(PlayersWorlds.Maps.Maze.HuntAndKillMazeGenerator,Fill)" fullname="PlayersWorlds.Maps.Maze.MazeGeneratorAreasTest.TwoMatchingAreas(PlayersWorlds.Maps.Maze.HuntAndKillMazeGenerator,Fill)" methodname="TwoMatchingAreas" classname="PlayersWorlds.Maps.Maze.MazeGeneratorAreasTest" runstate="Runnable" seed="1790495484" result="Passed" start-time="2024-06-12T20:09:54.9641400Z" end-time="2024-06-12T20:09:55.0078230Z" duration="0.043683" asserts="60" />
                <test-case id="1-1236" name="TwoMatchingAreas(PlayersWorlds.Maps.Maze.RecursiveBacktrackerMazeGenerator,Cave)" fullname="PlayersWorlds.Maps.Maze.MazeGeneratorAreasTest.TwoMatchingAreas(PlayersWorlds.Maps.Maze.RecursiveBacktrackerMazeGenerator,Cave)" methodname="TwoMatchingAreas" classname="PlayersWorlds.Maps.Maze.MazeGeneratorAreasTest" runstate="Runnable" seed="938517521" result="Passed" start-time="2024-06-12T20:09:55.0078340Z" end-time="2024-06-12T20:09:55.0765220Z" duration="0.068687" asserts="60" />
                <test-case id="1-1237" name="TwoMatchingAreas(PlayersWorlds.Maps.Maze.RecursiveBacktrackerMazeGenerator,Hall)" fullname="PlayersWorlds.Maps.Maze.MazeGeneratorAreasTest.TwoMatchingAreas(PlayersWorlds.Maps.Maze.RecursiveBacktrackerMazeGenerator,Hall)" methodname="TwoMatchingAreas" classname="PlayersWorlds.Maps.Maze.MazeGeneratorAreasTest" runstate="Runnable" seed="29265656" result="Passed" start-time="2024-06-12T20:09:55.0765330Z" end-time="2024-06-12T20:09:55.1298510Z" duration="0.053319" asserts="60" />
                <test-case id="1-1238" name="TwoMatchingAreas(PlayersWorlds.Maps.Maze.RecursiveBacktrackerMazeGenerator,Fill)" fullname="PlayersWorlds.Maps.Maze.MazeGeneratorAreasTest.TwoMatchingAreas(PlayersWorlds.Maps.Maze.RecursiveBacktrackerMazeGenerator,Fill)" methodname="TwoMatchingAreas" classname="PlayersWorlds.Maps.Maze.MazeGeneratorAreasTest" runstate="Runnable" seed="587203310" result="Passed" start-time="2024-06-12T20:09:55.1298620Z" end-time="2024-06-12T20:09:55.1750620Z" duration="0.045200" asserts="60" />
                <test-case id="1-1239" name="TwoMatchingAreas(PlayersWorlds.Maps.Maze.SidewinderMazeGenerator,Cave)" fullname="PlayersWorlds.Maps.Maze.MazeGeneratorAreasTest.TwoMatchingAreas(PlayersWorlds.Maps.Maze.SidewinderMazeGenerator,Cave)" methodname="TwoMatchingAreas" classname="PlayersWorlds.Maps.Maze.MazeGeneratorAreasTest" runstate="Runnable" seed="1962863543" result="Passed" start-time="2024-06-12T20:09:55.1754820Z" end-time="2024-06-12T20:09:55.2457240Z" duration="0.070242" asserts="60" />
                <test-case id="1-1240" name="TwoMatchingAreas(PlayersWorlds.Maps.Maze.SidewinderMazeGenerator,Hall)" fullname="PlayersWorlds.Maps.Maze.MazeGeneratorAreasTest.TwoMatchingAreas(PlayersWorlds.Maps.Maze.SidewinderMazeGenerator,Hall)" methodname="TwoMatchingAreas" classname="PlayersWorlds.Maps.Maze.MazeGeneratorAreasTest" runstate="Runnable" seed="779811071" result="Passed" start-time="2024-06-12T20:09:55.2457350Z" end-time="2024-06-12T20:09:55.3015250Z" duration="0.055790" asserts="60" />
                <test-case id="1-1241" name="TwoMatchingAreas(PlayersWorlds.Maps.Maze.SidewinderMazeGenerator,Fill)" fullname="PlayersWorlds.Maps.Maze.MazeGeneratorAreasTest.TwoMatchingAreas(PlayersWorlds.Maps.Maze.SidewinderMazeGenerator,Fill)" methodname="TwoMatchingAreas" classname="PlayersWorlds.Maps.Maze.MazeGeneratorAreasTest" runstate="Runnable" seed="507122472" result="Passed" start-time="2024-06-12T20:09:55.3015360Z" end-time="2024-06-12T20:09:55.3488610Z" duration="0.047325" asserts="60" />
                <test-case id="1-1242" name="TwoMatchingAreas(PlayersWorlds.Maps.Maze.WilsonsMazeGenerator,Cave)" fullname="PlayersWorlds.Maps.Maze.MazeGeneratorAreasTest.TwoMatchingAreas(PlayersWorlds.Maps.Maze.WilsonsMazeGenerator,Cave)" methodname="TwoMatchingAreas" classname="PlayersWorlds.Maps.Maze.MazeGeneratorAreasTest" runstate="Runnable" seed="500373942" result="Passed" start-time="2024-06-12T20:09:55.3488720Z" end-time="2024-06-12T20:09:55.4205880Z" duration="0.071715" asserts="60" />
                <test-case id="1-1243" name="TwoMatchingAreas(PlayersWorlds.Maps.Maze.WilsonsMazeGenerator,Hall)" fullname="PlayersWorlds.Maps.Maze.MazeGeneratorAreasTest.TwoMatchingAreas(PlayersWorlds.Maps.Maze.WilsonsMazeGenerator,Hall)" methodname="TwoMatchingAreas" classname="PlayersWorlds.Maps.Maze.MazeGeneratorAreasTest" runstate="Runnable" seed="1060285122" result="Passed" start-time="2024-06-12T20:09:55.4205990Z" end-time="2024-06-12T20:09:55.4800160Z" duration="0.059417" asserts="60" />
                <test-case id="1-1244" name="TwoMatchingAreas(PlayersWorlds.Maps.Maze.WilsonsMazeGenerator,Fill)" fullname="PlayersWorlds.Maps.Maze.MazeGeneratorAreasTest.TwoMatchingAreas(PlayersWorlds.Maps.Maze.WilsonsMazeGenerator,Fill)" methodname="TwoMatchingAreas" classname="PlayersWorlds.Maps.Maze.MazeGeneratorAreasTest" runstate="Runnable" seed="1317039714" result="Passed" start-time="2024-06-12T20:09:55.4800280Z" end-time="2024-06-12T20:09:55.5303430Z" duration="0.050315" asserts="60" />
              </test-suite>
              <test-case id="1-1266" name="WilsonsHalls" fullname="PlayersWorlds.Maps.Maze.MazeGeneratorAreasTest.WilsonsHalls" methodname="WilsonsHalls" classname="PlayersWorlds.Maps.Maze.MazeGeneratorAreasTest" runstate="Runnable" seed="1802391800" result="Passed" start-time="2024-06-12T20:09:55.5303710Z" end-time="2024-06-12T20:09:56.9197920Z" duration="1.389421" asserts="10">
                <properties>
                  <property name="Repeat" value="10" />
                  <property name="Category" value="Integration" />
                </properties>
              </test-case>
            </test-suite>
            <test-suite type="TestFixture" id="1-1395" name="MazeGeneratorTest" fullname="PlayersWorlds.Maps.Maze.MazeGeneratorTest" classname="PlayersWorlds.Maps.Maze.MazeGeneratorTest" runstate="Runnable" testcasecount="528" result="Skipped" label="Ignored" site="Child" start-time="2024-06-12T20:09:56.9198380Z" end-time="2024-06-12T20:10:14.9832050Z" duration="18.063367" total="528" passed="383" failed="0" warnings="0" inconclusive="0" skipped="145" asserts="1877">
              <reason>
                <message><![CDATA[One or more child tests were ignored]]></message>
              </reason>
              <test-suite type="ParameterizedMethod" id="1-1926" name="CanFindPaths" fullname="PlayersWorlds.Maps.Maze.MazeGeneratorTest.CanFindPaths" classname="PlayersWorlds.Maps.Maze.MazeGeneratorTest" runstate="Runnable" testcasecount="6" result="Passed" start-time="2024-06-12T20:09:56.9199440Z" end-time="2024-06-12T20:09:56.9319990Z" duration="0.012055" total="6" passed="6" failed="0" warnings="0" inconclusive="0" skipped="0" asserts="24">
                <properties>
                  <property name="Category" value="Integration" />
                </properties>
                <test-case id="1-1920" name="CanFindPaths(PlayersWorlds.Maps.Maze.AldousBroderMazeGenerator)" fullname="PlayersWorlds.Maps.Maze.MazeGeneratorTest.CanFindPaths(PlayersWorlds.Maps.Maze.AldousBroderMazeGenerator)" methodname="CanFindPaths" classname="PlayersWorlds.Maps.Maze.MazeGeneratorTest" runstate="Runnable" seed="1524856125" result="Passed" start-time="2024-06-12T20:09:56.9199560Z" end-time="2024-06-12T20:09:56.9231570Z" duration="0.003201" asserts="4" />
                <test-case id="1-1921" name="CanFindPaths(PlayersWorlds.Maps.Maze.BinaryTreeMazeGenerator)" fullname="PlayersWorlds.Maps.Maze.MazeGeneratorTest.CanFindPaths(PlayersWorlds.Maps.Maze.BinaryTreeMazeGenerator)" methodname="CanFindPaths" classname="PlayersWorlds.Maps.Maze.MazeGeneratorTest" runstate="Runnable" seed="202745057" result="Passed" start-time="2024-06-12T20:09:56.9231700Z" end-time="2024-06-12T20:09:56.9251970Z" duration="0.002028" asserts="4" />
                <test-case id="1-1922" name="CanFindPaths(PlayersWorlds.Maps.Maze.HuntAndKillMazeGenerator)" fullname="PlayersWorlds.Maps.Maze.MazeGeneratorTest.CanFindPaths(PlayersWorlds.Maps.Maze.HuntAndKillMazeGenerator)" methodname="CanFindPaths" classname="PlayersWorlds.Maps.Maze.MazeGeneratorTest" runstate="Runnable" seed="1523140829" result="Passed" start-time="2024-06-12T20:09:56.9252090Z" end-time="2024-06-12T20:09:56.9266760Z" duration="0.001468" asserts="4" />
                <test-case id="1-1923" name="CanFindPaths(PlayersWorlds.Maps.Maze.RecursiveBacktrackerMazeGenerator)" fullname="PlayersWorlds.Maps.Maze.MazeGeneratorTest.CanFindPaths(PlayersWorlds.Maps.Maze.RecursiveBacktrackerMazeGenerator)" methodname="CanFindPaths" classname="PlayersWorlds.Maps.Maze.MazeGeneratorTest" runstate="Runnable" seed="307276601" result="Passed" start-time="2024-06-12T20:09:56.9266860Z" end-time="2024-06-12T20:09:56.9282280Z" duration="0.001542" asserts="4" />
                <test-case id="1-1924" name="CanFindPaths(PlayersWorlds.Maps.Maze.SidewinderMazeGenerator)" fullname="PlayersWorlds.Maps.Maze.MazeGeneratorTest.CanFindPaths(PlayersWorlds.Maps.Maze.SidewinderMazeGenerator)" methodname="CanFindPaths" classname="PlayersWorlds.Maps.Maze.MazeGeneratorTest" runstate="Runnable" seed="1343498368" result="Passed" start-time="2024-06-12T20:09:56.9282380Z" end-time="2024-06-12T20:09:56.9303000Z" duration="0.002062" asserts="4" />
                <test-case id="1-1925" name="CanFindPaths(PlayersWorlds.Maps.Maze.WilsonsMazeGenerator)" fullname="PlayersWorlds.Maps.Maze.MazeGeneratorTest.CanFindPaths(PlayersWorlds.Maps.Maze.WilsonsMazeGenerator)" methodname="CanFindPaths" classname="PlayersWorlds.Maps.Maze.MazeGeneratorTest" runstate="Runnable" seed="1388599678" result="Passed" start-time="2024-06-12T20:09:56.9303110Z" end-time="2024-06-12T20:09:56.9319870Z" duration="0.001676" asserts="4" />
              </test-suite>
              <test-suite type="ParameterizedMethod" id="1-1403" name="CanGenerateMazes" fullname="PlayersWorlds.Maps.Maze.MazeGeneratorTest.CanGenerateMazes" classname="PlayersWorlds.Maps.Maze.MazeGeneratorTest" runstate="Runnable" testcasecount="6" result="Passed" start-time="2024-06-12T20:09:56.9320080Z" end-time="2024-06-12T20:10:00.3903620Z" duration="3.458354" total="6" passed="6" failed="0" warnings="0" inconclusive="0" skipped="0" asserts="18">
                <test-case id="1-1397" name="CanGenerateMazes(PlayersWorlds.Maps.Maze.AldousBroderMazeGenerator)" fullname="PlayersWorlds.Maps.Maze.MazeGeneratorTest.CanGenerateMazes(PlayersWorlds.Maps.Maze.AldousBroderMazeGenerator)" methodname="CanGenerateMazes" classname="PlayersWorlds.Maps.Maze.MazeGeneratorTest" runstate="Runnable" seed="186935097" result="Passed" start-time="2024-06-12T20:09:56.9320180Z" end-time="2024-06-12T20:09:57.5856990Z" duration="0.653681" asserts="3" />
                <test-case id="1-1398" name="CanGenerateMazes(PlayersWorlds.Maps.Maze.BinaryTreeMazeGenerator)" fullname="PlayersWorlds.Maps.Maze.MazeGeneratorTest.CanGenerateMazes(PlayersWorlds.Maps.Maze.BinaryTreeMazeGenerator)" methodname="CanGenerateMazes" classname="PlayersWorlds.Maps.Maze.MazeGeneratorTest" runstate="Runnable" seed="1893895745" result="Passed" start-time="2024-06-12T20:09:57.5857140Z" end-time="2024-06-12T20:09:58.1414500Z" duration="0.555736" asserts="3" />
                <test-case id="1-1399" name="CanGenerateMazes(PlayersWorlds.Maps.Maze.HuntAndKillMazeGenerator)" fullname="PlayersWorlds.Maps.Maze.MazeGeneratorTest.CanGenerateMazes(PlayersWorlds.Maps.Maze.HuntAndKillMazeGenerator)" methodname="CanGenerateMazes" classname="PlayersWorlds.Maps.Maze.MazeGeneratorTest" runstate="Runnable" seed="831165205" result="Passed" start-time="2024-06-12T20:09:58.1414700Z" end-time="2024-06-12T20:09:58.6982500Z" duration="0.556780" asserts="3" />
                <test-case id="1-1400" name="CanGenerateMazes(PlayersWorlds.Maps.Maze.RecursiveBacktrackerMazeGenerator)" fullname="PlayersWorlds.Maps.Maze.MazeGeneratorTest.CanGenerateMazes(PlayersWorlds.Maps.Maze.RecursiveBacktrackerMazeGenerator)" methodname="CanGenerateMazes" classname="PlayersWorlds.Maps.Maze.MazeGeneratorTest" runstate="Runnable" seed="711903703" result="Passed" start-time="2024-06-12T20:09:58.6982730Z" end-time="2024-06-12T20:09:59.2603940Z" duration="0.562121" asserts="3" />
                <test-case id="1-1401" name="CanGenerateMazes(PlayersWorlds.Maps.Maze.SidewinderMazeGenerator)" fullname="PlayersWorlds.Maps.Maze.MazeGeneratorTest.CanGenerateMazes(PlayersWorlds.Maps.Maze.SidewinderMazeGenerator)" methodname="CanGenerateMazes" classname="PlayersWorlds.Maps.Maze.MazeGeneratorTest" runstate="Runnable" seed="410002904" result="Passed" start-time="2024-06-12T20:09:59.2604160Z" end-time="2024-06-12T20:09:59.8242270Z" duration="0.563811" asserts="3" />
                <test-case id="1-1402" name="CanGenerateMazes(PlayersWorlds.Maps.Maze.WilsonsMazeGenerator)" fullname="PlayersWorlds.Maps.Maze.MazeGeneratorTest.CanGenerateMazes(PlayersWorlds.Maps.Maze.WilsonsMazeGenerator)" methodname="CanGenerateMazes" classname="PlayersWorlds.Maps.Maze.MazeGeneratorTest" runstate="Runnable" seed="109623959" result="Passed" start-time="2024-06-12T20:09:59.8242410Z" end-time="2024-06-12T20:10:00.3903420Z" duration="0.566101" asserts="3" />
              </test-suite>
              <test-case id="1-1404" name="CanGenerateMazes_Debug" fullname="PlayersWorlds.Maps.Maze.MazeGeneratorTest.CanGenerateMazes_Debug" methodname="CanGenerateMazes_Debug" classname="PlayersWorlds.Maps.Maze.MazeGeneratorTest" runstate="Runnable" seed="457905208" result="Passed" start-time="2024-06-12T20:10:00.3903760Z" end-time="2024-06-12T20:10:00.9489410Z" duration="0.558565" asserts="3" />
              <test-case id="1-1396" name="CanUseCustomAreaGenerator" fullname="PlayersWorlds.Maps.Maze.MazeGeneratorTest.CanUseCustomAreaGenerator" methodname="CanUseCustomAreaGenerator" classname="PlayersWorlds.Maps.Maze.MazeGeneratorTest" runstate="Runnable" seed="586968195" result="Passed" start-time="2024-06-12T20:10:00.9489570Z" end-time="2024-06-12T20:10:01.1287590Z" duration="0.179802" asserts="5" />
              <test-suite type="ParameterizedMethod" id="1-1917" name="IsFillComplete" fullname="PlayersWorlds.Maps.Maze.MazeGeneratorTest.IsFillComplete" classname="PlayersWorlds.Maps.Maze.MazeGeneratorTest" runstate="Runnable" testcasecount="504" result="Skipped" label="Ignored" site="Child" start-time="2024-06-12T20:10:01.1287740Z" end-time="2024-06-12T20:10:14.6592560Z" duration="13.530482" total="504" passed="360" failed="0" warnings="0" inconclusive="0" skipped="144" asserts="1800">
                <properties>
                  <property name="Category" value="Integration" />
                </properties>
                <reason>
                  <message><![CDATA[One or more child tests were ignored]]></message>
                </reason>
                <test-case id="1-1413" name="IsFillComplete(PlayersWorlds.Maps.Maze.AldousBroderMazeGenerator,Quarter,Auto,null)" fullname="PlayersWorlds.Maps.Maze.MazeGeneratorTest.IsFillComplete(PlayersWorlds.Maps.Maze.AldousBroderMazeGenerator,Quarter,Auto,null)" methodname="IsFillComplete" classname="PlayersWorlds.Maps.Maze.MazeGeneratorTest" runstate="Runnable" seed="1736635317" result="Passed" start-time="2024-06-12T20:10:01.1287900Z" end-time="2024-06-12T20:10:01.1482150Z" duration="0.019425" asserts="5" />
                <test-case id="1-1414" name="IsFillComplete(PlayersWorlds.Maps.Maze.AldousBroderMazeGenerator,Quarter,Auto,System.Collections.Generic.List`1[PlayersWorlds.Maps.Area])" fullname="PlayersWorlds.Maps.Maze.MazeGeneratorTest.IsFillComplete(PlayersWorlds.Maps.Maze.AldousBroderMazeGenerator,Quarter,Auto,System.Collections.Generic.List`1[PlayersWorlds.Maps.Area])" methodname="IsFillComplete" classname="PlayersWorlds.Maps.Maze.MazeGeneratorTest" runstate="Runnable" seed="983011795" result="Passed" start-time="2024-06-12T20:10:01.1482270Z" end-time="2024-06-12T20:10:01.1740570Z" duration="0.025829" asserts="5" />
                <test-case id="1-1415" name="IsFillComplete(PlayersWorlds.Maps.Maze.AldousBroderMazeGenerator,Quarter,Auto,System.Collections.Generic.List`1[PlayersWorlds.Maps.Area])" fullname="PlayersWorlds.Maps.Maze.MazeGeneratorTest.IsFillComplete(PlayersWorlds.Maps.Maze.AldousBroderMazeGenerator,Quarter,Auto,System.Collections.Generic.List`1[PlayersWorlds.Maps.Area])" methodname="IsFillComplete" classname="PlayersWorlds.Maps.Maze.MazeGeneratorTest" runstate="Runnable" seed="1262455963" result="Passed" start-time="2024-06-12T20:10:01.1740680Z" end-time="2024-06-12T20:10:01.2066330Z" duration="0.032565" asserts="5" />
                <test-case id="1-1416" name="IsFillComplete(PlayersWorlds.Maps.Maze.AldousBroderMazeGenerator,Quarter,Auto,System.Collections.Generic.List`1[PlayersWorlds.Maps.Area])" fullname="PlayersWorlds.Maps.Maze.MazeGeneratorTest.IsFillComplete(PlayersWorlds.Maps.Maze.AldousBroderMazeGenerator,Quarter,Auto,System.Collections.Generic.List`1[PlayersWorlds.Maps.Area])" methodname="IsFillComplete" classname="PlayersWorlds.Maps.Maze.MazeGeneratorTest" runstate="Runnable" seed="1531650099" result="Passed" start-time="2024-06-12T20:10:01.2066450Z" end-time="2024-06-12T20:10:01.2517610Z" duration="0.045116" asserts="5" />
                <test-case id="1-1417" name="IsFillComplete(PlayersWorlds.Maps.Maze.AldousBroderMazeGenerator,Quarter,Auto,System.Collections.Generic.List`1[PlayersWorlds.Maps.Area])" fullname="PlayersWorlds.Maps.Maze.MazeGeneratorTest.IsFillComplete(PlayersWorlds.Maps.Maze.AldousBroderMazeGenerator,Quarter,Auto,System.Collections.Generic.List`1[PlayersWorlds.Maps.Area])" methodname="IsFillComplete" classname="PlayersWorlds.Maps.Maze.MazeGeneratorTest" runstate="Runnable" seed="989262848" result="Passed" start-time="2024-06-12T20:10:01.2517720Z" end-time="2024-06-12T20:10:01.3260040Z" duration="0.074232" asserts="5" />
                <test-case id="1-1418" name="IsFillComplete(PlayersWorlds.Maps.Maze.AldousBroderMazeGenerator,Quarter,Auto,System.Collections.Generic.List`1[PlayersWorlds.Maps.Area])" fullname="PlayersWorlds.Maps.Maze.MazeGeneratorTest.IsFillComplete(PlayersWorlds.Maps.Maze.AldousBroderMazeGenerator,Quarter,Auto,System.Collections.Generic.List`1[PlayersWorlds.Maps.Area])" methodname="IsFillComplete" classname="PlayersWorlds.Maps.Maze.MazeGeneratorTest" runstate="Runnable" seed="81524898" result="Passed" start-time="2024-06-12T20:10:01.3260150Z" end-time="2024-06-12T20:10:01.3721100Z" duration="0.046094" asserts="5" />
                <test-case id="1-1419" name="IsFillComplete(PlayersWorlds.Maps.Maze.AldousBroderMazeGenerator,Quarter,Manual,null)" fullname="PlayersWorlds.Maps.Maze.MazeGeneratorTest.IsFillComplete(PlayersWorlds.Maps.Maze.AldousBroderMazeGenerator,Quarter,Manual,null)" methodname="IsFillComplete" classname="PlayersWorlds.Maps.Maze.MazeGeneratorTest" runstate="Runnable" seed="1660521083" result="Passed" start-time="2024-06-12T20:10:01.3721220Z" end-time="2024-06-12T20:10:01.4048530Z" duration="0.032731" asserts="5" />
                <test-case id="1-1420" name="IsFillComplete(PlayersWorlds.Maps.Maze.AldousBroderMazeGenerator,Quarter,Manual,System.Collections.Generic.List`1[PlayersWorlds.Maps.Area])" fullname="PlayersWorlds.Maps.Maze.MazeGeneratorTest.IsFillComplete(PlayersWorlds.Maps.Maze.AldousBroderMazeGenerator,Quarter,Manual,System.Collections.Generic.List`1[PlayersWorlds.Maps.Area])" methodname="IsFillComplete" classname="PlayersWorlds.Maps.Maze.MazeGeneratorTest" runstate="Runnable" seed="1903388865" result="Passed" start-time="2024-06-12T20:10:01.4048660Z" end-time="2024-06-12T20:10:01.4373450Z" duration="0.032479" asserts="5" />
                <test-case id="1-1421" name="IsFillComplete(PlayersWorlds.Maps.Maze.AldousBroderMazeGenerator,Quarter,Manual,System.Collections.Generic.List`1[PlayersWorlds.Maps.Area])" fullname="PlayersWorlds.Maps.Maze.MazeGeneratorTest.IsFillComplete(PlayersWorlds.Maps.Maze.AldousBroderMazeGenerator,Quarter,Manual,System.Collections.Generic.List`1[PlayersWorlds.Maps.Area])" methodname="IsFillComplete" classname="PlayersWorlds.Maps.Maze.MazeGeneratorTest" runstate="Runnable" seed="133760642" result="Passed" start-time="2024-06-12T20:10:01.4373560Z" end-time="2024-06-12T20:10:01.4654530Z" duration="0.028097" asserts="5" />
                <test-case id="1-1422" name="IsFillComplete(PlayersWorlds.Maps.Maze.AldousBroderMazeGenerator,Quarter,Manual,System.Collections.Generic.List`1[PlayersWorlds.Maps.Area])" fullname="PlayersWorlds.Maps.Maze.MazeGeneratorTest.IsFillComplete(PlayersWorlds.Maps.Maze.AldousBroderMazeGenerator,Quarter,Manual,System.Collections.Generic.List`1[PlayersWorlds.Maps.Area])" methodname="IsFillComplete" classname="PlayersWorlds.Maps.Maze.MazeGeneratorTest" runstate="Runnable" seed="359371070" result="Passed" start-time="2024-06-12T20:10:01.4654640Z" end-time="2024-06-12T20:10:01.4940520Z" duration="0.028588" asserts="5" />
                <test-case id="1-1423" name="IsFillComplete(PlayersWorlds.Maps.Maze.AldousBroderMazeGenerator,Quarter,Manual,System.Collections.Generic.List`1[PlayersWorlds.Maps.Area])" fullname="PlayersWorlds.Maps.Maze.MazeGeneratorTest.IsFillComplete(PlayersWorlds.Maps.Maze.AldousBroderMazeGenerator,Quarter,Manual,System.Collections.Generic.List`1[PlayersWorlds.Maps.Area])" methodname="IsFillComplete" classname="PlayersWorlds.Maps.Maze.MazeGeneratorTest" runstate="Runnable" seed="808324238" result="Passed" start-time="2024-06-12T20:10:01.4940640Z" end-time="2024-06-12T20:10:01.5222300Z" duration="0.028167" asserts="5" />
                <test-case id="1-1424" name="IsFillComplete(PlayersWorlds.Maps.Maze.AldousBroderMazeGenerator,Quarter,Manual,System.Collections.Generic.List`1[PlayersWorlds.Maps.Area])" fullname="PlayersWorlds.Maps.Maze.MazeGeneratorTest.IsFillComplete(PlayersWorlds.Maps.Maze.AldousBroderMazeGenerator,Quarter,Manual,System.Collections.Generic.List`1[PlayersWorlds.Maps.Area])" methodname="IsFillComplete" classname="PlayersWorlds.Maps.Maze.MazeGeneratorTest" runstate="Runnable" seed="77171085" result="Passed" start-time="2024-06-12T20:10:01.5222420Z" end-time="2024-06-12T20:10:01.5466130Z" duration="0.024371" asserts="5" />
                <test-case id="1-1425" name="IsFillComplete(PlayersWorlds.Maps.Maze.AldousBroderMazeGenerator,Half,Auto,null)" fullname="PlayersWorlds.Maps.Maze.MazeGeneratorTest.IsFillComplete(PlayersWorlds.Maps.Maze.AldousBroderMazeGenerator,Half,Auto,null)" methodname="IsFillComplete" classname="PlayersWorlds.Maps.Maze.MazeGeneratorTest" runstate="Runnable" seed="987229981" result="Passed" start-time="2024-06-12T20:10:01.5466240Z" end-time="2024-06-12T20:10:01.5705110Z" duration="0.023888" asserts="5" />
                <test-case id="1-1426" name="IsFillComplete(PlayersWorlds.Maps.Maze.AldousBroderMazeGenerator,Half,Auto,System.Collections.Generic.List`1[PlayersWorlds.Maps.Area])" fullname="PlayersWorlds.Maps.Maze.MazeGeneratorTest.IsFillComplete(PlayersWorlds.Maps.Maze.AldousBroderMazeGenerator,Half,Auto,System.Collections.Generic.List`1[PlayersWorlds.Maps.Area])" methodname="IsFillComplete" classname="PlayersWorlds.Maps.Maze.MazeGeneratorTest" runstate="Runnable" seed="988474207" result="Passed" start-time="2024-06-12T20:10:01.5705220Z" end-time="2024-06-12T20:10:01.6136330Z" duration="0.043111" asserts="5" />
                <test-case id="1-1427" name="IsFillComplete(PlayersWorlds.Maps.Maze.AldousBroderMazeGenerator,Half,Auto,System.Collections.Generic.List`1[PlayersWorlds.Maps.Area])" fullname="PlayersWorlds.Maps.Maze.MazeGeneratorTest.IsFillComplete(PlayersWorlds.Maps.Maze.AldousBroderMazeGenerator,Half,Auto,System.Collections.Generic.List`1[PlayersWorlds.Maps.Area])" methodname="IsFillComplete" classname="PlayersWorlds.Maps.Maze.MazeGeneratorTest" runstate="Runnable" seed="1692593117" result="Passed" start-time="2024-06-12T20:10:01.6136450Z" end-time="2024-06-12T20:10:01.6350340Z" duration="0.021389" asserts="5" />
                <test-case id="1-1428" name="IsFillComplete(PlayersWorlds.Maps.Maze.AldousBroderMazeGenerator,Half,Auto,System.Collections.Generic.List`1[PlayersWorlds.Maps.Area])" fullname="PlayersWorlds.Maps.Maze.MazeGeneratorTest.IsFillComplete(PlayersWorlds.Maps.Maze.AldousBroderMazeGenerator,Half,Auto,System.Collections.Generic.List`1[PlayersWorlds.Maps.Area])" methodname="IsFillComplete" classname="PlayersWorlds.Maps.Maze.MazeGeneratorTest" runstate="Runnable" seed="1993995223" result="Passed" start-time="2024-06-12T20:10:01.6350460Z" end-time="2024-06-12T20:10:01.6756120Z" duration="0.040567" asserts="5" />
                <test-case id="1-1429" name="IsFillComplete(PlayersWorlds.Maps.Maze.AldousBroderMazeGenerator,Half,Auto,System.Collections.Generic.List`1[PlayersWorlds.Maps.Area])" fullname="PlayersWorlds.Maps.Maze.MazeGeneratorTest.IsFillComplete(PlayersWorlds.Maps.Maze.AldousBroderMazeGenerator,Half,Auto,System.Collections.Generic.List`1[PlayersWorlds.Maps.Area])" methodname="IsFillComplete" classname="PlayersWorlds.Maps.Maze.MazeGeneratorTest" runstate="Runnable" seed="670404322" result="Passed" start-time="2024-06-12T20:10:01.6756240Z" end-time="2024-06-12T20:10:01.7207500Z" duration="0.045127" asserts="5" />
                <test-case id="1-1430" name="IsFillComplete(PlayersWorlds.Maps.Maze.AldousBroderMazeGenerator,Half,Auto,System.Collections.Generic.List`1[PlayersWorlds.Maps.Area])" fullname="PlayersWorlds.Maps.Maze.MazeGeneratorTest.IsFillComplete(PlayersWorlds.Maps.Maze.AldousBroderMazeGenerator,Half,Auto,System.Collections.Generic.List`1[PlayersWorlds.Maps.Area])" methodname="IsFillComplete" classname="PlayersWorlds.Maps.Maze.MazeGeneratorTest" runstate="Runnable" seed="208696235" result="Passed" start-time="2024-06-12T20:10:01.7207610Z" end-time="2024-06-12T20:10:01.7760480Z" duration="0.055287" asserts="5" />
                <test-case id="1-1431" name="IsFillComplete(PlayersWorlds.Maps.Maze.AldousBroderMazeGenerator,Half,Manual,null)" fullname="PlayersWorlds.Maps.Maze.MazeGeneratorTest.IsFillComplete(PlayersWorlds.Maps.Maze.AldousBroderMazeGenerator,Half,Manual,null)" methodname="IsFillComplete" classname="PlayersWorlds.Maps.Maze.MazeGeneratorTest" runstate="Runnable" seed="1224224486" result="Passed" start-time="2024-06-12T20:10:01.7760600Z" end-time="2024-06-12T20:10:01.8131820Z" duration="0.037122" asserts="5" />
                <test-case id="1-1432" name="IsFillComplete(PlayersWorlds.Maps.Maze.AldousBroderMazeGenerator,Half,Manual,System.Collections.Generic.List`1[PlayersWorlds.Maps.Area])" fullname="PlayersWorlds.Maps.Maze.MazeGeneratorTest.IsFillComplete(PlayersWorlds.Maps.Maze.AldousBroderMazeGenerator,Half,Manual,System.Collections.Generic.List`1[PlayersWorlds.Maps.Area])" methodname="IsFillComplete" classname="PlayersWorlds.Maps.Maze.MazeGeneratorTest" runstate="Runnable" seed="2137631798" result="Passed" start-time="2024-06-12T20:10:01.8131930Z" end-time="2024-06-12T20:10:01.8498160Z" duration="0.036623" asserts="5" />
                <test-case id="1-1433" name="IsFillComplete(PlayersWorlds.Maps.Maze.AldousBroderMazeGenerator,Half,Manual,System.Collections.Generic.List`1[PlayersWorlds.Maps.Area])" fullname="PlayersWorlds.Maps.Maze.MazeGeneratorTest.IsFillComplete(PlayersWorlds.Maps.Maze.AldousBroderMazeGenerator,Half,Manual,System.Collections.Generic.List`1[PlayersWorlds.Maps.Area])" methodname="IsFillComplete" classname="PlayersWorlds.Maps.Maze.MazeGeneratorTest" runstate="Runnable" seed="727007609" result="Passed" start-time="2024-06-12T20:10:01.8498270Z" end-time="2024-06-12T20:10:01.8815790Z" duration="0.031752" asserts="5" />
                <test-case id="1-1434" name="IsFillComplete(PlayersWorlds.Maps.Maze.AldousBroderMazeGenerator,Half,Manual,System.Collections.Generic.List`1[PlayersWorlds.Maps.Area])" fullname="PlayersWorlds.Maps.Maze.MazeGeneratorTest.IsFillComplete(PlayersWorlds.Maps.Maze.AldousBroderMazeGenerator,Half,Manual,System.Collections.Generic.List`1[PlayersWorlds.Maps.Area])" methodname="IsFillComplete" classname="PlayersWorlds.Maps.Maze.MazeGeneratorTest" runstate="Runnable" seed="501092119" result="Passed" start-time="2024-06-12T20:10:01.8815900Z" end-time="2024-06-12T20:10:01.9141050Z" duration="0.032515" asserts="5" />
                <test-case id="1-1435" name="IsFillComplete(PlayersWorlds.Maps.Maze.AldousBroderMazeGenerator,Half,Manual,System.Collections.Generic.List`1[PlayersWorlds.Maps.Area])" fullname="PlayersWorlds.Maps.Maze.MazeGeneratorTest.IsFillComplete(PlayersWorlds.Maps.Maze.AldousBroderMazeGenerator,Half,Manual,System.Collections.Generic.List`1[PlayersWorlds.Maps.Area])" methodname="IsFillComplete" classname="PlayersWorlds.Maps.Maze.MazeGeneratorTest" runstate="Runnable" seed="1134494599" result="Passed" start-time="2024-06-12T20:10:01.9141160Z" end-time="2024-06-12T20:10:01.9394210Z" duration="0.025305" asserts="5" />
                <test-case id="1-1436" name="IsFillComplete(PlayersWorlds.Maps.Maze.AldousBroderMazeGenerator,Half,Manual,System.Collections.Generic.List`1[PlayersWorlds.Maps.Area])" fullname="PlayersWorlds.Maps.Maze.MazeGeneratorTest.IsFillComplete(PlayersWorlds.Maps.Maze.AldousBroderMazeGenerator,Half,Manual,System.Collections.Generic.List`1[PlayersWorlds.Maps.Area])" methodname="IsFillComplete" classname="PlayersWorlds.Maps.Maze.MazeGeneratorTest" runstate="Runnable" seed="416478466" result="Passed" start-time="2024-06-12T20:10:01.9394320Z" end-time="2024-06-12T20:10:01.9628230Z" duration="0.023390" asserts="5" />
                <test-case id="1-1437" name="IsFillComplete(PlayersWorlds.Maps.Maze.AldousBroderMazeGenerator,ThreeQuarters,Auto,null)" fullname="PlayersWorlds.Maps.Maze.MazeGeneratorTest.IsFillComplete(PlayersWorlds.Maps.Maze.AldousBroderMazeGenerator,ThreeQuarters,Auto,null)" methodname="IsFillComplete" classname="PlayersWorlds.Maps.Maze.MazeGeneratorTest" runstate="Runnable" seed="57163635" result="Passed" start-time="2024-06-12T20:10:01.9628330Z" end-time="2024-06-12T20:10:02.0104720Z" duration="0.047639" asserts="5" />
                <test-case id="1-1438" name="IsFillComplete(PlayersWorlds.Maps.Maze.AldousBroderMazeGenerator,ThreeQuarters,Auto,System.Collections.Generic.List`1[PlayersWorlds.Maps.Area])" fullname="PlayersWorlds.Maps.Maze.MazeGeneratorTest.IsFillComplete(PlayersWorlds.Maps.Maze.AldousBroderMazeGenerator,ThreeQuarters,Auto,System.Collections.Generic.List`1[PlayersWorlds.Maps.Area])" methodname="IsFillComplete" classname="PlayersWorlds.Maps.Maze.MazeGeneratorTest" runstate="Runnable" seed="2078058455" result="Passed" start-time="2024-06-12T20:10:02.0104840Z" end-time="2024-06-12T20:10:02.0439570Z" duration="0.033473" asserts="5" />
                <test-case id="1-1439" name="IsFillComplete(PlayersWorlds.Maps.Maze.AldousBroderMazeGenerator,ThreeQuarters,Auto,System.Collections.Generic.List`1[PlayersWorlds.Maps.Area])" fullname="PlayersWorlds.Maps.Maze.MazeGeneratorTest.IsFillComplete(PlayersWorlds.Maps.Maze.AldousBroderMazeGenerator,ThreeQuarters,Auto,System.Collections.Generic.List`1[PlayersWorlds.Maps.Area])" methodname="IsFillComplete" classname="PlayersWorlds.Maps.Maze.MazeGeneratorTest" runstate="Runnable" seed="1482255655" result="Passed" start-time="2024-06-12T20:10:02.0439690Z" end-time="2024-06-12T20:10:02.0999070Z" duration="0.055939" asserts="5" />
                <test-case id="1-1440" name="IsFillComplete(PlayersWorlds.Maps.Maze.AldousBroderMazeGenerator,ThreeQuarters,Auto,System.Collections.Generic.List`1[PlayersWorlds.Maps.Area])" fullname="PlayersWorlds.Maps.Maze.MazeGeneratorTest.IsFillComplete(PlayersWorlds.Maps.Maze.AldousBroderMazeGenerator,ThreeQuarters,Auto,System.Collections.Generic.List`1[PlayersWorlds.Maps.Area])" methodname="IsFillComplete" classname="PlayersWorlds.Maps.Maze.MazeGeneratorTest" runstate="Runnable" seed="73610374" result="Passed" start-time="2024-06-12T20:10:02.0999190Z" end-time="2024-06-12T20:10:02.1470640Z" duration="0.047145" asserts="5" />
                <test-case id="1-1441" name="IsFillComplete(PlayersWorlds.Maps.Maze.AldousBroderMazeGenerator,ThreeQuarters,Auto,System.Collections.Generic.List`1[PlayersWorlds.Maps.Area])" fullname="PlayersWorlds.Maps.Maze.MazeGeneratorTest.IsFillComplete(PlayersWorlds.Maps.Maze.AldousBroderMazeGenerator,ThreeQuarters,Auto,System.Collections.Generic.List`1[PlayersWorlds.Maps.Area])" methodname="IsFillComplete" classname="PlayersWorlds.Maps.Maze.MazeGeneratorTest" runstate="Runnable" seed="1986696793" result="Passed" start-time="2024-06-12T20:10:02.1470750Z" end-time="2024-06-12T20:10:02.2040670Z" duration="0.056992" asserts="5" />
                <test-case id="1-1442" name="IsFillComplete(PlayersWorlds.Maps.Maze.AldousBroderMazeGenerator,ThreeQuarters,Auto,System.Collections.Generic.List`1[PlayersWorlds.Maps.Area])" fullname="PlayersWorlds.Maps.Maze.MazeGeneratorTest.IsFillComplete(PlayersWorlds.Maps.Maze.AldousBroderMazeGenerator,ThreeQuarters,Auto,System.Collections.Generic.List`1[PlayersWorlds.Maps.Area])" methodname="IsFillComplete" classname="PlayersWorlds.Maps.Maze.MazeGeneratorTest" runstate="Runnable" seed="1582035233" result="Passed" start-time="2024-06-12T20:10:02.2040780Z" end-time="2024-06-12T20:10:02.2546930Z" duration="0.050615" asserts="5" />
                <test-case id="1-1443" name="IsFillComplete(PlayersWorlds.Maps.Maze.AldousBroderMazeGenerator,ThreeQuarters,Manual,null)" fullname="PlayersWorlds.Maps.Maze.MazeGeneratorTest.IsFillComplete(PlayersWorlds.Maps.Maze.AldousBroderMazeGenerator,ThreeQuarters,Manual,null)" methodname="IsFillComplete" classname="PlayersWorlds.Maps.Maze.MazeGeneratorTest" runstate="Runnable" seed="1092609028" result="Passed" start-time="2024-06-12T20:10:02.2547040Z" end-time="2024-06-12T20:10:02.2919650Z" duration="0.037261" asserts="5" />
                <test-case id="1-1444" name="IsFillComplete(PlayersWorlds.Maps.Maze.AldousBroderMazeGenerator,ThreeQuarters,Manual,System.Collections.Generic.List`1[PlayersWorlds.Maps.Area])" fullname="PlayersWorlds.Maps.Maze.MazeGeneratorTest.IsFillComplete(PlayersWorlds.Maps.Maze.AldousBroderMazeGenerator,ThreeQuarters,Manual,System.Collections.Generic.List`1[PlayersWorlds.Maps.Area])" methodname="IsFillComplete" classname="PlayersWorlds.Maps.Maze.MazeGeneratorTest" runstate="Runnable" seed="962837971" result="Passed" start-time="2024-06-12T20:10:02.2919760Z" end-time="2024-06-12T20:10:02.3304260Z" duration="0.038450" asserts="5" />
                <test-case id="1-1445" name="IsFillComplete(PlayersWorlds.Maps.Maze.AldousBroderMazeGenerator,ThreeQuarters,Manual,System.Collections.Generic.List`1[PlayersWorlds.Maps.Area])" fullname="PlayersWorlds.Maps.Maze.MazeGeneratorTest.IsFillComplete(PlayersWorlds.Maps.Maze.AldousBroderMazeGenerator,ThreeQuarters,Manual,System.Collections.Generic.List`1[PlayersWorlds.Maps.Area])" methodname="IsFillComplete" classname="PlayersWorlds.Maps.Maze.MazeGeneratorTest" runstate="Runnable" seed="139506554" result="Passed" start-time="2024-06-12T20:10:02.3304380Z" end-time="2024-06-12T20:10:02.3674720Z" duration="0.037035" asserts="5" />
                <test-case id="1-1446" name="IsFillComplete(PlayersWorlds.Maps.Maze.AldousBroderMazeGenerator,ThreeQuarters,Manual,System.Collections.Generic.List`1[PlayersWorlds.Maps.Area])" fullname="PlayersWorlds.Maps.Maze.MazeGeneratorTest.IsFillComplete(PlayersWorlds.Maps.Maze.AldousBroderMazeGenerator,ThreeQuarters,Manual,System.Collections.Generic.List`1[PlayersWorlds.Maps.Area])" methodname="IsFillComplete" classname="PlayersWorlds.Maps.Maze.MazeGeneratorTest" runstate="Runnable" seed="12481657" result="Passed" start-time="2024-06-12T20:10:02.3674840Z" end-time="2024-06-12T20:10:02.3963880Z" duration="0.028904" asserts="5" />
                <test-case id="1-1447" name="IsFillComplete(PlayersWorlds.Maps.Maze.AldousBroderMazeGenerator,ThreeQuarters,Manual,System.Collections.Generic.List`1[PlayersWorlds.Maps.Area])" fullname="PlayersWorlds.Maps.Maze.MazeGeneratorTest.IsFillComplete(PlayersWorlds.Maps.Maze.AldousBroderMazeGenerator,ThreeQuarters,Manual,System.Collections.Generic.List`1[PlayersWorlds.Maps.Area])" methodname="IsFillComplete" classname="PlayersWorlds.Maps.Maze.MazeGeneratorTest" runstate="Runnable" seed="974201047" result="Passed" start-time="2024-06-12T20:10:02.3963990Z" end-time="2024-06-12T20:10:02.4277840Z" duration="0.031385" asserts="5" />
                <test-case id="1-1448" name="IsFillComplete(PlayersWorlds.Maps.Maze.AldousBroderMazeGenerator,ThreeQuarters,Manual,System.Collections.Generic.List`1[PlayersWorlds.Maps.Area])" fullname="PlayersWorlds.Maps.Maze.MazeGeneratorTest.IsFillComplete(PlayersWorlds.Maps.Maze.AldousBroderMazeGenerator,ThreeQuarters,Manual,System.Collections.Generic.List`1[PlayersWorlds.Maps.Area])" methodname="IsFillComplete" classname="PlayersWorlds.Maps.Maze.MazeGeneratorTest" runstate="Runnable" seed="2044950840" result="Passed" start-time="2024-06-12T20:10:02.4277950Z" end-time="2024-06-12T20:10:02.4637000Z" duration="0.035904" asserts="5" />
                <test-case id="1-1449" name="IsFillComplete(PlayersWorlds.Maps.Maze.AldousBroderMazeGenerator,NinetyPercent,Auto,null)" fullname="PlayersWorlds.Maps.Maze.MazeGeneratorTest.IsFillComplete(PlayersWorlds.Maps.Maze.AldousBroderMazeGenerator,NinetyPercent,Auto,null)" methodname="IsFillComplete" classname="PlayersWorlds.Maps.Maze.MazeGeneratorTest" runstate="Runnable" seed="1708184052" result="Passed" start-time="2024-06-12T20:10:02.4637110Z" end-time="2024-06-12T20:10:02.5115320Z" duration="0.047821" asserts="5" />
                <test-case id="1-1450" name="IsFillComplete(PlayersWorlds.Maps.Maze.AldousBroderMazeGenerator,NinetyPercent,Auto,System.Collections.Generic.List`1[PlayersWorlds.Maps.Area])" fullname="PlayersWorlds.Maps.Maze.MazeGeneratorTest.IsFillComplete(PlayersWorlds.Maps.Maze.AldousBroderMazeGenerator,NinetyPercent,Auto,System.Collections.Generic.List`1[PlayersWorlds.Maps.Area])" methodname="IsFillComplete" classname="PlayersWorlds.Maps.Maze.MazeGeneratorTest" runstate="Runnable" seed="1429910356" result="Passed" start-time="2024-06-12T20:10:02.5115440Z" end-time="2024-06-12T20:10:02.5449490Z" duration="0.033405" asserts="5" />
                <test-case id="1-1451" name="IsFillComplete(PlayersWorlds.Maps.Maze.AldousBroderMazeGenerator,NinetyPercent,Auto,System.Collections.Generic.List`1[PlayersWorlds.Maps.Area])" fullname="PlayersWorlds.Maps.Maze.MazeGeneratorTest.IsFillComplete(PlayersWorlds.Maps.Maze.AldousBroderMazeGenerator,NinetyPercent,Auto,System.Collections.Generic.List`1[PlayersWorlds.Maps.Area])" methodname="IsFillComplete" classname="PlayersWorlds.Maps.Maze.MazeGeneratorTest" runstate="Runnable" seed="800605713" result="Passed" start-time="2024-06-12T20:10:02.5449600Z" end-time="2024-06-12T20:10:02.5945070Z" duration="0.049548" asserts="5" />
                <test-case id="1-1452" name="IsFillComplete(PlayersWorlds.Maps.Maze.AldousBroderMazeGenerator,NinetyPercent,Auto,System.Collections.Generic.List`1[PlayersWorlds.Maps.Area])" fullname="PlayersWorlds.Maps.Maze.MazeGeneratorTest.IsFillComplete(PlayersWorlds.Maps.Maze.AldousBroderMazeGenerator,NinetyPercent,Auto,System.Collections.Generic.List`1[PlayersWorlds.Maps.Area])" methodname="IsFillComplete" classname="PlayersWorlds.Maps.Maze.MazeGeneratorTest" runstate="Runnable" seed="10830511" result="Passed" start-time="2024-06-12T20:10:02.5945260Z" end-time="2024-06-12T20:10:02.6426340Z" duration="0.048108" asserts="5" />
                <test-case id="1-1453" name="IsFillComplete(PlayersWorlds.Maps.Maze.AldousBroderMazeGenerator,NinetyPercent,Auto,System.Collections.Generic.List`1[PlayersWorlds.Maps.Area])" fullname="PlayersWorlds.Maps.Maze.MazeGeneratorTest.IsFillComplete(PlayersWorlds.Maps.Maze.AldousBroderMazeGenerator,NinetyPercent,Auto,System.Collections.Generic.List`1[PlayersWorlds.Maps.Area])" methodname="IsFillComplete" classname="PlayersWorlds.Maps.Maze.MazeGeneratorTest" runstate="Runnable" seed="1442867273" result="Passed" start-time="2024-06-12T20:10:02.6426450Z" end-time="2024-06-12T20:10:02.6906820Z" duration="0.048037" asserts="5" />
                <test-case id="1-1454" name="IsFillComplete(PlayersWorlds.Maps.Maze.AldousBroderMazeGenerator,NinetyPercent,Auto,System.Collections.Generic.List`1[PlayersWorlds.Maps.Area])" fullname="PlayersWorlds.Maps.Maze.MazeGeneratorTest.IsFillComplete(PlayersWorlds.Maps.Maze.AldousBroderMazeGenerator,NinetyPercent,Auto,System.Collections.Generic.List`1[PlayersWorlds.Maps.Area])" methodname="IsFillComplete" classname="PlayersWorlds.Maps.Maze.MazeGeneratorTest" runstate="Runnable" seed="970122645" result="Passed" start-time="2024-06-12T20:10:02.6906930Z" end-time="2024-06-12T20:10:02.7368590Z" duration="0.046167" asserts="5" />
                <test-case id="1-1455" name="IsFillComplete(PlayersWorlds.Maps.Maze.AldousBroderMazeGenerator,NinetyPercent,Manual,null)" fullname="PlayersWorlds.Maps.Maze.MazeGeneratorTest.IsFillComplete(PlayersWorlds.Maps.Maze.AldousBroderMazeGenerator,NinetyPercent,Manual,null)" methodname="IsFillComplete" classname="PlayersWorlds.Maps.Maze.MazeGeneratorTest" runstate="Runnable" seed="483889755" result="Passed" start-time="2024-06-12T20:10:02.7368710Z" end-time="2024-06-12T20:10:02.7835180Z" duration="0.046648" asserts="5" />
                <test-case id="1-1456" name="IsFillComplete(PlayersWorlds.Maps.Maze.AldousBroderMazeGenerator,NinetyPercent,Manual,System.Collections.Generic.List`1[PlayersWorlds.Maps.Area])" fullname="PlayersWorlds.Maps.Maze.MazeGeneratorTest.IsFillComplete(PlayersWorlds.Maps.Maze.AldousBroderMazeGenerator,NinetyPercent,Manual,System.Collections.Generic.List`1[PlayersWorlds.Maps.Area])" methodname="IsFillComplete" classname="PlayersWorlds.Maps.Maze.MazeGeneratorTest" runstate="Runnable" seed="781769085" result="Passed" start-time="2024-06-12T20:10:02.7835290Z" end-time="2024-06-12T20:10:02.8350350Z" duration="0.051506" asserts="5" />
                <test-case id="1-1457" name="IsFillComplete(PlayersWorlds.Maps.Maze.AldousBroderMazeGenerator,NinetyPercent,Manual,System.Collections.Generic.List`1[PlayersWorlds.Maps.Area])" fullname="PlayersWorlds.Maps.Maze.MazeGeneratorTest.IsFillComplete(PlayersWorlds.Maps.Maze.AldousBroderMazeGenerator,NinetyPercent,Manual,System.Collections.Generic.List`1[PlayersWorlds.Maps.Area])" methodname="IsFillComplete" classname="PlayersWorlds.Maps.Maze.MazeGeneratorTest" runstate="Runnable" seed="1159424056" result="Passed" start-time="2024-06-12T20:10:02.8350470Z" end-time="2024-06-12T20:10:02.8752930Z" duration="0.040246" asserts="5" />
                <test-case id="1-1458" name="IsFillComplete(PlayersWorlds.Maps.Maze.AldousBroderMazeGenerator,NinetyPercent,Manual,System.Collections.Generic.List`1[PlayersWorlds.Maps.Area])" fullname="PlayersWorlds.Maps.Maze.MazeGeneratorTest.IsFillComplete(PlayersWorlds.Maps.Maze.AldousBroderMazeGenerator,NinetyPercent,Manual,System.Collections.Generic.List`1[PlayersWorlds.Maps.Area])" methodname="IsFillComplete" classname="PlayersWorlds.Maps.Maze.MazeGeneratorTest" runstate="Runnable" seed="223576468" result="Passed" start-time="2024-06-12T20:10:02.8753030Z" end-time="2024-06-12T20:10:02.9156270Z" duration="0.040324" asserts="5" />
                <test-case id="1-1459" name="IsFillComplete(PlayersWorlds.Maps.Maze.AldousBroderMazeGenerator,NinetyPercent,Manual,System.Collections.Generic.List`1[PlayersWorlds.Maps.Area])" fullname="PlayersWorlds.Maps.Maze.MazeGeneratorTest.IsFillComplete(PlayersWorlds.Maps.Maze.AldousBroderMazeGenerator,NinetyPercent,Manual,System.Collections.Generic.List`1[PlayersWorlds.Maps.Area])" methodname="IsFillComplete" classname="PlayersWorlds.Maps.Maze.MazeGeneratorTest" runstate="Runnable" seed="1363078987" result="Passed" start-time="2024-06-12T20:10:02.9156380Z" end-time="2024-06-12T20:10:02.9573650Z" duration="0.041727" asserts="5" />
                <test-case id="1-1460" name="IsFillComplete(PlayersWorlds.Maps.Maze.AldousBroderMazeGenerator,NinetyPercent,Manual,System.Collections.Generic.List`1[PlayersWorlds.Maps.Area])" fullname="PlayersWorlds.Maps.Maze.MazeGeneratorTest.IsFillComplete(PlayersWorlds.Maps.Maze.AldousBroderMazeGenerator,NinetyPercent,Manual,System.Collections.Generic.List`1[PlayersWorlds.Maps.Area])" methodname="IsFillComplete" classname="PlayersWorlds.Maps.Maze.MazeGeneratorTest" runstate="Runnable" seed="1864410718" result="Passed" start-time="2024-06-12T20:10:02.9573760Z" end-time="2024-06-12T20:10:02.9954920Z" duration="0.038116" asserts="5" />
                <test-case id="1-1461" name="IsFillComplete(PlayersWorlds.Maps.Maze.AldousBroderMazeGenerator,FullWidth,Auto,null)" fullname="PlayersWorlds.Maps.Maze.MazeGeneratorTest.IsFillComplete(PlayersWorlds.Maps.Maze.AldousBroderMazeGenerator,FullWidth,Auto,null)" methodname="IsFillComplete" classname="PlayersWorlds.Maps.Maze.MazeGeneratorTest" runstate="Runnable" seed="1606776977" result="Passed" start-time="2024-06-12T20:10:02.9955020Z" end-time="2024-06-12T20:10:03.0282990Z" duration="0.032797" asserts="5" />
                <test-case id="1-1462" name="IsFillComplete(PlayersWorlds.Maps.Maze.AldousBroderMazeGenerator,FullWidth,Auto,System.Collections.Generic.List`1[PlayersWorlds.Maps.Area])" fullname="PlayersWorlds.Maps.Maze.MazeGeneratorTest.IsFillComplete(PlayersWorlds.Maps.Maze.AldousBroderMazeGenerator,FullWidth,Auto,System.Collections.Generic.List`1[PlayersWorlds.Maps.Area])" methodname="IsFillComplete" classname="PlayersWorlds.Maps.Maze.MazeGeneratorTest" runstate="Runnable" seed="219060450" result="Passed" start-time="2024-06-12T20:10:03.0283100Z" end-time="2024-06-12T20:10:03.0702640Z" duration="0.041954" asserts="5" />
                <test-case id="1-1463" name="IsFillComplete(PlayersWorlds.Maps.Maze.AldousBroderMazeGenerator,FullWidth,Auto,System.Collections.Generic.List`1[PlayersWorlds.Maps.Area])" fullname="PlayersWorlds.Maps.Maze.MazeGeneratorTest.IsFillComplete(PlayersWorlds.Maps.Maze.AldousBroderMazeGenerator,FullWidth,Auto,System.Collections.Generic.List`1[PlayersWorlds.Maps.Area])" methodname="IsFillComplete" classname="PlayersWorlds.Maps.Maze.MazeGeneratorTest" runstate="Runnable" seed="1485666789" result="Passed" start-time="2024-06-12T20:10:03.0702750Z" end-time="2024-06-12T20:10:03.0979360Z" duration="0.027662" asserts="5" />
                <test-case id="1-1464" name="IsFillComplete(PlayersWorlds.Maps.Maze.AldousBroderMazeGenerator,FullWidth,Auto,System.Collections.Generic.List`1[PlayersWorlds.Maps.Area])" fullname="PlayersWorlds.Maps.Maze.MazeGeneratorTest.IsFillComplete(PlayersWorlds.Maps.Maze.AldousBroderMazeGenerator,FullWidth,Auto,System.Collections.Generic.List`1[PlayersWorlds.Maps.Area])" methodname="IsFillComplete" classname="PlayersWorlds.Maps.Maze.MazeGeneratorTest" runstate="Runnable" seed="1542755008" result="Passed" start-time="2024-06-12T20:10:03.0979470Z" end-time="2024-06-12T20:10:03.1498670Z" duration="0.051920" asserts="5" />
                <test-case id="1-1465" name="IsFillComplete(PlayersWorlds.Maps.Maze.AldousBroderMazeGenerator,FullWidth,Auto,System.Collections.Generic.List`1[PlayersWorlds.Maps.Area])" fullname="PlayersWorlds.Maps.Maze.MazeGeneratorTest.IsFillComplete(PlayersWorlds.Maps.Maze.AldousBroderMazeGenerator,FullWidth,Auto,System.Collections.Generic.List`1[PlayersWorlds.Maps.Area])" methodname="IsFillComplete" classname="PlayersWorlds.Maps.Maze.MazeGeneratorTest" runstate="Runnable" seed="2006471618" result="Passed" start-time="2024-06-12T20:10:03.1498780Z" end-time="2024-06-12T20:10:03.1983680Z" duration="0.048490" asserts="5" />
                <test-case id="1-1466" name="IsFillComplete(PlayersWorlds.Maps.Maze.AldousBroderMazeGenerator,FullWidth,Auto,System.Collections.Generic.List`1[PlayersWorlds.Maps.Area])" fullname="PlayersWorlds.Maps.Maze.MazeGeneratorTest.IsFillComplete(PlayersWorlds.Maps.Maze.AldousBroderMazeGenerator,FullWidth,Auto,System.Collections.Generic.List`1[PlayersWorlds.Maps.Area])" methodname="IsFillComplete" classname="PlayersWorlds.Maps.Maze.MazeGeneratorTest" runstate="Runnable" seed="1524316806" result="Passed" start-time="2024-06-12T20:10:03.1983790Z" end-time="2024-06-12T20:10:03.2466260Z" duration="0.048246" asserts="5" />
                <test-case id="1-1467" name="IsFillComplete(PlayersWorlds.Maps.Maze.AldousBroderMazeGenerator,FullWidth,Manual,null)" fullname="PlayersWorlds.Maps.Maze.MazeGeneratorTest.IsFillComplete(PlayersWorlds.Maps.Maze.AldousBroderMazeGenerator,FullWidth,Manual,null)" methodname="IsFillComplete" classname="PlayersWorlds.Maps.Maze.MazeGeneratorTest" runstate="Runnable" seed="2076184095" result="Passed" start-time="2024-06-12T20:10:03.2466370Z" end-time="2024-06-12T20:10:03.2795270Z" duration="0.032890" asserts="5" />
                <test-case id="1-1468" name="IsFillComplete(PlayersWorlds.Maps.Maze.AldousBroderMazeGenerator,FullWidth,Manual,System.Collections.Generic.List`1[PlayersWorlds.Maps.Area])" fullname="PlayersWorlds.Maps.Maze.MazeGeneratorTest.IsFillComplete(PlayersWorlds.Maps.Maze.AldousBroderMazeGenerator,FullWidth,Manual,System.Collections.Generic.List`1[PlayersWorlds.Maps.Area])" methodname="IsFillComplete" classname="PlayersWorlds.Maps.Maze.MazeGeneratorTest" runstate="Runnable" seed="1235543198" result="Passed" start-time="2024-06-12T20:10:03.2795370Z" end-time="2024-06-12T20:10:03.3119400Z" duration="0.032403" asserts="5" />
                <test-case id="1-1469" name="IsFillComplete(PlayersWorlds.Maps.Maze.AldousBroderMazeGenerator,FullWidth,Manual,System.Collections.Generic.List`1[PlayersWorlds.Maps.Area])" fullname="PlayersWorlds.Maps.Maze.MazeGeneratorTest.IsFillComplete(PlayersWorlds.Maps.Maze.AldousBroderMazeGenerator,FullWidth,Manual,System.Collections.Generic.List`1[PlayersWorlds.Maps.Area])" methodname="IsFillComplete" classname="PlayersWorlds.Maps.Maze.MazeGeneratorTest" runstate="Runnable" seed="1996000843" result="Passed" start-time="2024-06-12T20:10:03.3119500Z" end-time="2024-06-12T20:10:03.3385120Z" duration="0.026562" asserts="5" />
                <test-case id="1-1470" name="IsFillComplete(PlayersWorlds.Maps.Maze.AldousBroderMazeGenerator,FullWidth,Manual,System.Collections.Generic.List`1[PlayersWorlds.Maps.Area])" fullname="PlayersWorlds.Maps.Maze.MazeGeneratorTest.IsFillComplete(PlayersWorlds.Maps.Maze.AldousBroderMazeGenerator,FullWidth,Manual,System.Collections.Generic.List`1[PlayersWorlds.Maps.Area])" methodname="IsFillComplete" classname="PlayersWorlds.Maps.Maze.MazeGeneratorTest" runstate="Runnable" seed="845977497" result="Passed" start-time="2024-06-12T20:10:03.3385230Z" end-time="2024-06-12T20:10:03.3686910Z" duration="0.030168" asserts="5" />
                <test-case id="1-1471" name="IsFillComplete(PlayersWorlds.Maps.Maze.AldousBroderMazeGenerator,FullWidth,Manual,System.Collections.Generic.List`1[PlayersWorlds.Maps.Area])" fullname="PlayersWorlds.Maps.Maze.MazeGeneratorTest.IsFillComplete(PlayersWorlds.Maps.Maze.AldousBroderMazeGenerator,FullWidth,Manual,System.Collections.Generic.List`1[PlayersWorlds.Maps.Area])" methodname="IsFillComplete" classname="PlayersWorlds.Maps.Maze.MazeGeneratorTest" runstate="Runnable" seed="1474486464" result="Passed" start-time="2024-06-12T20:10:03.3687030Z" end-time="2024-06-12T20:10:03.3965350Z" duration="0.027832" asserts="5" />
                <test-case id="1-1472" name="IsFillComplete(PlayersWorlds.Maps.Maze.AldousBroderMazeGenerator,FullWidth,Manual,System.Collections.Generic.List`1[PlayersWorlds.Maps.Area])" fullname="PlayersWorlds.Maps.Maze.MazeGeneratorTest.IsFillComplete(PlayersWorlds.Maps.Maze.AldousBroderMazeGenerator,FullWidth,Manual,System.Collections.Generic.List`1[PlayersWorlds.Maps.Area])" methodname="IsFillComplete" classname="PlayersWorlds.Maps.Maze.MazeGeneratorTest" runstate="Runnable" seed="1058688040" result="Passed" start-time="2024-06-12T20:10:03.3965540Z" end-time="2024-06-12T20:10:03.4319550Z" duration="0.035401" asserts="5" />
                <test-case id="1-1473" name="IsFillComplete(PlayersWorlds.Maps.Maze.AldousBroderMazeGenerator,FullHeight,Auto,null)" fullname="PlayersWorlds.Maps.Maze.MazeGeneratorTest.IsFillComplete(PlayersWorlds.Maps.Maze.AldousBroderMazeGenerator,FullHeight,Auto,null)" methodname="IsFillComplete" classname="PlayersWorlds.Maps.Maze.MazeGeneratorTest" runstate="Runnable" seed="746752890" result="Passed" start-time="2024-06-12T20:10:03.4319660Z" end-time="2024-06-12T20:10:03.4568860Z" duration="0.024921" asserts="5" />
                <test-case id="1-1474" name="IsFillComplete(PlayersWorlds.Maps.Maze.AldousBroderMazeGenerator,FullHeight,Auto,System.Collections.Generic.List`1[PlayersWorlds.Maps.Area])" fullname="PlayersWorlds.Maps.Maze.MazeGeneratorTest.IsFillComplete(PlayersWorlds.Maps.Maze.AldousBroderMazeGenerator,FullHeight,Auto,System.Collections.Generic.List`1[PlayersWorlds.Maps.Area])" methodname="IsFillComplete" classname="PlayersWorlds.Maps.Maze.MazeGeneratorTest" runstate="Runnable" seed="1586910709" result="Passed" start-time="2024-06-12T20:10:03.4568970Z" end-time="2024-06-12T20:10:03.4889290Z" duration="0.032032" asserts="5" />
                <test-case id="1-1475" name="IsFillComplete(PlayersWorlds.Maps.Maze.AldousBroderMazeGenerator,FullHeight,Auto,System.Collections.Generic.List`1[PlayersWorlds.Maps.Area])" fullname="PlayersWorlds.Maps.Maze.MazeGeneratorTest.IsFillComplete(PlayersWorlds.Maps.Maze.AldousBroderMazeGenerator,FullHeight,Auto,System.Collections.Generic.List`1[PlayersWorlds.Maps.Area])" methodname="IsFillComplete" classname="PlayersWorlds.Maps.Maze.MazeGeneratorTest" runstate="Runnable" seed="2064175719" result="Passed" start-time="2024-06-12T20:10:03.4889400Z" end-time="2024-06-12T20:10:03.5474680Z" duration="0.058528" asserts="5" />
                <test-case id="1-1476" name="IsFillComplete(PlayersWorlds.Maps.Maze.AldousBroderMazeGenerator,FullHeight,Auto,System.Collections.Generic.List`1[PlayersWorlds.Maps.Area])" fullname="PlayersWorlds.Maps.Maze.MazeGeneratorTest.IsFillComplete(PlayersWorlds.Maps.Maze.AldousBroderMazeGenerator,FullHeight,Auto,System.Collections.Generic.List`1[PlayersWorlds.Maps.Area])" methodname="IsFillComplete" classname="PlayersWorlds.Maps.Maze.MazeGeneratorTest" runstate="Runnable" seed="699209056" result="Passed" start-time="2024-06-12T20:10:03.5474870Z" end-time="2024-06-12T20:10:03.5874260Z" duration="0.039939" asserts="5" />
                <test-case id="1-1477" name="IsFillComplete(PlayersWorlds.Maps.Maze.AldousBroderMazeGenerator,FullHeight,Auto,System.Collections.Generic.List`1[PlayersWorlds.Maps.Area])" fullname="PlayersWorlds.Maps.Maze.MazeGeneratorTest.IsFillComplete(PlayersWorlds.Maps.Maze.AldousBroderMazeGenerator,FullHeight,Auto,System.Collections.Generic.List`1[PlayersWorlds.Maps.Area])" methodname="IsFillComplete" classname="PlayersWorlds.Maps.Maze.MazeGeneratorTest" runstate="Runnable" seed="1414245689" result="Passed" start-time="2024-06-12T20:10:03.5874380Z" end-time="2024-06-12T20:10:03.6469170Z" duration="0.059479" asserts="5" />
                <test-case id="1-1478" name="IsFillComplete(PlayersWorlds.Maps.Maze.AldousBroderMazeGenerator,FullHeight,Auto,System.Collections.Generic.List`1[PlayersWorlds.Maps.Area])" fullname="PlayersWorlds.Maps.Maze.MazeGeneratorTest.IsFillComplete(PlayersWorlds.Maps.Maze.AldousBroderMazeGenerator,FullHeight,Auto,System.Collections.Generic.List`1[PlayersWorlds.Maps.Area])" methodname="IsFillComplete" classname="PlayersWorlds.Maps.Maze.MazeGeneratorTest" runstate="Runnable" seed="1992969914" result="Passed" start-time="2024-06-12T20:10:03.6469370Z" end-time="2024-06-12T20:10:03.6947340Z" duration="0.047797" asserts="5" />
                <test-case id="1-1479" name="IsFillComplete(PlayersWorlds.Maps.Maze.AldousBroderMazeGenerator,FullHeight,Manual,null)" fullname="PlayersWorlds.Maps.Maze.MazeGeneratorTest.IsFillComplete(PlayersWorlds.Maps.Maze.AldousBroderMazeGenerator,FullHeight,Manual,null)" methodname="IsFillComplete" classname="PlayersWorlds.Maps.Maze.MazeGeneratorTest" runstate="Runnable" seed="2085148178" result="Passed" start-time="2024-06-12T20:10:03.6947460Z" end-time="2024-06-12T20:10:03.7277760Z" duration="0.033031" asserts="5" />
                <test-case id="1-1480" name="IsFillComplete(PlayersWorlds.Maps.Maze.AldousBroderMazeGenerator,FullHeight,Manual,System.Collections.Generic.List`1[PlayersWorlds.Maps.Area])" fullname="PlayersWorlds.Maps.Maze.MazeGeneratorTest.IsFillComplete(PlayersWorlds.Maps.Maze.AldousBroderMazeGenerator,FullHeight,Manual,System.Collections.Generic.List`1[PlayersWorlds.Maps.Area])" methodname="IsFillComplete" classname="PlayersWorlds.Maps.Maze.MazeGeneratorTest" runstate="Runnable" seed="974748324" result="Passed" start-time="2024-06-12T20:10:03.7277870Z" end-time="2024-06-12T20:10:03.7623990Z" duration="0.034612" asserts="5" />
                <test-case id="1-1481" name="IsFillComplete(PlayersWorlds.Maps.Maze.AldousBroderMazeGenerator,FullHeight,Manual,System.Collections.Generic.List`1[PlayersWorlds.Maps.Area])" fullname="PlayersWorlds.Maps.Maze.MazeGeneratorTest.IsFillComplete(PlayersWorlds.Maps.Maze.AldousBroderMazeGenerator,FullHeight,Manual,System.Collections.Generic.List`1[PlayersWorlds.Maps.Area])" methodname="IsFillComplete" classname="PlayersWorlds.Maps.Maze.MazeGeneratorTest" runstate="Runnable" seed="14273160" result="Passed" start-time="2024-06-12T20:10:03.7624100Z" end-time="2024-06-12T20:10:03.7967060Z" duration="0.034296" asserts="5" />
                <test-case id="1-1482" name="IsFillComplete(PlayersWorlds.Maps.Maze.AldousBroderMazeGenerator,FullHeight,Manual,System.Collections.Generic.List`1[PlayersWorlds.Maps.Area])" fullname="PlayersWorlds.Maps.Maze.MazeGeneratorTest.IsFillComplete(PlayersWorlds.Maps.Maze.AldousBroderMazeGenerator,FullHeight,Manual,System.Collections.Generic.List`1[PlayersWorlds.Maps.Area])" methodname="IsFillComplete" classname="PlayersWorlds.Maps.Maze.MazeGeneratorTest" runstate="Runnable" seed="1795125924" result="Passed" start-time="2024-06-12T20:10:03.7967170Z" end-time="2024-06-12T20:10:03.8293320Z" duration="0.032615" asserts="5" />
                <test-case id="1-1483" name="IsFillComplete(PlayersWorlds.Maps.Maze.AldousBroderMazeGenerator,FullHeight,Manual,System.Collections.Generic.List`1[PlayersWorlds.Maps.Area])" fullname="PlayersWorlds.Maps.Maze.MazeGeneratorTest.IsFillComplete(PlayersWorlds.Maps.Maze.AldousBroderMazeGenerator,FullHeight,Manual,System.Collections.Generic.List`1[PlayersWorlds.Maps.Area])" methodname="IsFillComplete" classname="PlayersWorlds.Maps.Maze.MazeGeneratorTest" runstate="Runnable" seed="285811171" result="Passed" start-time="2024-06-12T20:10:03.8293430Z" end-time="2024-06-12T20:10:03.8560160Z" duration="0.026673" asserts="5" />
                <test-case id="1-1484" name="IsFillComplete(PlayersWorlds.Maps.Maze.AldousBroderMazeGenerator,FullHeight,Manual,System.Collections.Generic.List`1[PlayersWorlds.Maps.Area])" fullname="PlayersWorlds.Maps.Maze.MazeGeneratorTest.IsFillComplete(PlayersWorlds.Maps.Maze.AldousBroderMazeGenerator,FullHeight,Manual,System.Collections.Generic.List`1[PlayersWorlds.Maps.Area])" methodname="IsFillComplete" classname="PlayersWorlds.Maps.Maze.MazeGeneratorTest" runstate="Runnable" seed="1387977613" result="Passed" start-time="2024-06-12T20:10:03.8560270Z" end-time="2024-06-12T20:10:03.8756130Z" duration="0.019586" asserts="5" />
                <test-case id="1-1485" name="IsFillComplete(PlayersWorlds.Maps.Maze.AldousBroderMazeGenerator,Full,Auto,null)" fullname="PlayersWorlds.Maps.Maze.MazeGeneratorTest.IsFillComplete(PlayersWorlds.Maps.Maze.AldousBroderMazeGenerator,Full,Auto,null)" methodname="IsFillComplete" classname="PlayersWorlds.Maps.Maze.MazeGeneratorTest" runstate="Runnable" seed="1555574169" result="Passed" start-time="2024-06-12T20:10:03.8756240Z" end-time="2024-06-12T20:10:03.9244180Z" duration="0.048794" asserts="5" />
                <test-case id="1-1486" name="IsFillComplete(PlayersWorlds.Maps.Maze.AldousBroderMazeGenerator,Full,Auto,System.Collections.Generic.List`1[PlayersWorlds.Maps.Area])" fullname="PlayersWorlds.Maps.Maze.MazeGeneratorTest.IsFillComplete(PlayersWorlds.Maps.Maze.AldousBroderMazeGenerator,Full,Auto,System.Collections.Generic.List`1[PlayersWorlds.Maps.Area])" methodname="IsFillComplete" classname="PlayersWorlds.Maps.Maze.MazeGeneratorTest" runstate="Runnable" seed="1213393975" result="Passed" start-time="2024-06-12T20:10:03.9244290Z" end-time="2024-06-12T20:10:03.9855270Z" duration="0.061098" asserts="5" />
                <test-case id="1-1487" name="IsFillComplete(PlayersWorlds.Maps.Maze.AldousBroderMazeGenerator,Full,Auto,System.Collections.Generic.List`1[PlayersWorlds.Maps.Area])" fullname="PlayersWorlds.Maps.Maze.MazeGeneratorTest.IsFillComplete(PlayersWorlds.Maps.Maze.AldousBroderMazeGenerator,Full,Auto,System.Collections.Generic.List`1[PlayersWorlds.Maps.Area])" methodname="IsFillComplete" classname="PlayersWorlds.Maps.Maze.MazeGeneratorTest" runstate="Runnable" seed="694764525" result="Passed" start-time="2024-06-12T20:10:03.9855380Z" end-time="2024-06-12T20:10:04.0378860Z" duration="0.052348" asserts="5" />
                <test-case id="1-1488" name="IsFillComplete(PlayersWorlds.Maps.Maze.AldousBroderMazeGenerator,Full,Auto,System.Collections.Generic.List`1[PlayersWorlds.Maps.Area])" fullname="PlayersWorlds.Maps.Maze.MazeGeneratorTest.IsFillComplete(PlayersWorlds.Maps.Maze.AldousBroderMazeGenerator,Full,Auto,System.Collections.Generic.List`1[PlayersWorlds.Maps.Area])" methodname="IsFillComplete" classname="PlayersWorlds.Maps.Maze.MazeGeneratorTest" runstate="Runnable" seed="1904368611" result="Passed" start-time="2024-06-12T20:10:04.0378960Z" end-time="2024-06-12T20:10:04.1104250Z" duration="0.072529" asserts="5" />
                <test-case id="1-1489" name="IsFillComplete(PlayersWorlds.Maps.Maze.AldousBroderMazeGenerator,Full,Auto,System.Collections.Generic.List`1[PlayersWorlds.Maps.Area])" fullname="PlayersWorlds.Maps.Maze.MazeGeneratorTest.IsFillComplete(PlayersWorlds.Maps.Maze.AldousBroderMazeGenerator,Full,Auto,System.Collections.Generic.List`1[PlayersWorlds.Maps.Area])" methodname="IsFillComplete" classname="PlayersWorlds.Maps.Maze.MazeGeneratorTest" runstate="Runnable" seed="17202364" result="Passed" start-time="2024-06-12T20:10:04.1104360Z" end-time="2024-06-12T20:10:04.1841150Z" duration="0.073678" asserts="5" />
                <test-case id="1-1490" name="IsFillComplete(PlayersWorlds.Maps.Maze.AldousBroderMazeGenerator,Full,Auto,System.Collections.Generic.List`1[PlayersWorlds.Maps.Area])" fullname="PlayersWorlds.Maps.Maze.MazeGeneratorTest.IsFillComplete(PlayersWorlds.Maps.Maze.AldousBroderMazeGenerator,Full,Auto,System.Collections.Generic.List`1[PlayersWorlds.Maps.Area])" methodname="IsFillComplete" classname="PlayersWorlds.Maps.Maze.MazeGeneratorTest" runstate="Runnable" seed="352725514" result="Passed" start-time="2024-06-12T20:10:04.1841250Z" end-time="2024-06-12T20:10:04.2556160Z" duration="0.071491" asserts="5" />
                <test-case id="1-1491" name="IsFillComplete(PlayersWorlds.Maps.Maze.AldousBroderMazeGenerator,Full,Manual,null)" fullname="PlayersWorlds.Maps.Maze.MazeGeneratorTest.IsFillComplete(PlayersWorlds.Maps.Maze.AldousBroderMazeGenerator,Full,Manual,null)" methodname="IsFillComplete" classname="PlayersWorlds.Maps.Maze.MazeGeneratorTest" runstate="Runnable" seed="1404538057" result="Passed" start-time="2024-06-12T20:10:04.2556280Z" end-time="2024-06-12T20:10:04.3100130Z" duration="0.054386" asserts="5" />
                <test-case id="1-1492" name="IsFillComplete(PlayersWorlds.Maps.Maze.AldousBroderMazeGenerator,Full,Manual,System.Collections.Generic.List`1[PlayersWorlds.Maps.Area])" fullname="PlayersWorlds.Maps.Maze.MazeGeneratorTest.IsFillComplete(PlayersWorlds.Maps.Maze.AldousBroderMazeGenerator,Full,Manual,System.Collections.Generic.List`1[PlayersWorlds.Maps.Area])" methodname="IsFillComplete" classname="PlayersWorlds.Maps.Maze.MazeGeneratorTest" runstate="Runnable" seed="1981070814" result="Passed" start-time="2024-06-12T20:10:04.3100240Z" end-time="2024-06-12T20:10:04.3595380Z" duration="0.049514" asserts="5" />
                <test-case id="1-1493" name="IsFillComplete(PlayersWorlds.Maps.Maze.AldousBroderMazeGenerator,Full,Manual,System.Collections.Generic.List`1[PlayersWorlds.Maps.Area])" fullname="PlayersWorlds.Maps.Maze.MazeGeneratorTest.IsFillComplete(PlayersWorlds.Maps.Maze.AldousBroderMazeGenerator,Full,Manual,System.Collections.Generic.List`1[PlayersWorlds.Maps.Area])" methodname="IsFillComplete" classname="PlayersWorlds.Maps.Maze.MazeGeneratorTest" runstate="Runnable" seed="714979468" result="Passed" start-time="2024-06-12T20:10:04.3595500Z" end-time="2024-06-12T20:10:04.4044940Z" duration="0.044944" asserts="5" />
                <test-case id="1-1494" name="IsFillComplete(PlayersWorlds.Maps.Maze.AldousBroderMazeGenerator,Full,Manual,System.Collections.Generic.List`1[PlayersWorlds.Maps.Area])" fullname="PlayersWorlds.Maps.Maze.MazeGeneratorTest.IsFillComplete(PlayersWorlds.Maps.Maze.AldousBroderMazeGenerator,Full,Manual,System.Collections.Generic.List`1[PlayersWorlds.Maps.Area])" methodname="IsFillComplete" classname="PlayersWorlds.Maps.Maze.MazeGeneratorTest" runstate="Runnable" seed="1765328584" result="Passed" start-time="2024-06-12T20:10:04.4045050Z" end-time="2024-06-12T20:10:04.4433890Z" duration="0.038883" asserts="5" />
                <test-case id="1-1495" name="IsFillComplete(PlayersWorlds.Maps.Maze.AldousBroderMazeGenerator,Full,Manual,System.Collections.Generic.List`1[PlayersWorlds.Maps.Area])" fullname="PlayersWorlds.Maps.Maze.MazeGeneratorTest.IsFillComplete(PlayersWorlds.Maps.Maze.AldousBroderMazeGenerator,Full,Manual,System.Collections.Generic.List`1[PlayersWorlds.Maps.Area])" methodname="IsFillComplete" classname="PlayersWorlds.Maps.Maze.MazeGeneratorTest" runstate="Runnable" seed="614317044" result="Passed" start-time="2024-06-12T20:10:04.4434000Z" end-time="2024-06-12T20:10:04.4927150Z" duration="0.049316" asserts="5" />
                <test-case id="1-1496" name="IsFillComplete(PlayersWorlds.Maps.Maze.AldousBroderMazeGenerator,Full,Manual,System.Collections.Generic.List`1[PlayersWorlds.Maps.Area])" fullname="PlayersWorlds.Maps.Maze.MazeGeneratorTest.IsFillComplete(PlayersWorlds.Maps.Maze.AldousBroderMazeGenerator,Full,Manual,System.Collections.Generic.List`1[PlayersWorlds.Maps.Area])" methodname="IsFillComplete" classname="PlayersWorlds.Maps.Maze.MazeGeneratorTest" runstate="Runnable" seed="1767636343" result="Passed" start-time="2024-06-12T20:10:04.4927260Z" end-time="2024-06-12T20:10:04.5339500Z" duration="0.041223" asserts="5" />
                <test-case id="1-1497" name="IsFillComplete(PlayersWorlds.Maps.Maze.BinaryTreeMazeGenerator,Quarter,Auto,null)" fullname="PlayersWorlds.Maps.Maze.MazeGeneratorTest.IsFillComplete(PlayersWorlds.Maps.Maze.BinaryTreeMazeGenerator,Quarter,Auto,null)" methodname="IsFillComplete" classname="PlayersWorlds.Maps.Maze.MazeGeneratorTest" runstate="Runnable" seed="96368444" result="Skipped" label="Ignored" start-time="2024-06-12T20:10:04.5339610Z" end-time="2024-06-12T20:10:04.5341000Z" duration="0.000139" asserts="0" />
                <test-case id="1-1498" name="IsFillComplete(PlayersWorlds.Maps.Maze.BinaryTreeMazeGenerator,Quarter,Auto,System.Collections.Generic.List`1[PlayersWorlds.Maps.Area])" fullname="PlayersWorlds.Maps.Maze.MazeGeneratorTest.IsFillComplete(PlayersWorlds.Maps.Maze.BinaryTreeMazeGenerator,Quarter,Auto,System.Collections.Generic.List`1[PlayersWorlds.Maps.Area])" methodname="IsFillComplete" classname="PlayersWorlds.Maps.Maze.MazeGeneratorTest" runstate="Runnable" seed="1697337667" result="Skipped" label="Ignored" start-time="2024-06-12T20:10:04.5341070Z" end-time="2024-06-12T20:10:04.5341750Z" duration="0.000069" asserts="0" />
                <test-case id="1-1499" name="IsFillComplete(PlayersWorlds.Maps.Maze.BinaryTreeMazeGenerator,Quarter,Auto,System.Collections.Generic.List`1[PlayersWorlds.Maps.Area])" fullname="PlayersWorlds.Maps.Maze.MazeGeneratorTest.IsFillComplete(PlayersWorlds.Maps.Maze.BinaryTreeMazeGenerator,Quarter,Auto,System.Collections.Generic.List`1[PlayersWorlds.Maps.Area])" methodname="IsFillComplete" classname="PlayersWorlds.Maps.Maze.MazeGeneratorTest" runstate="Runnable" seed="1103850000" result="Skipped" label="Ignored" start-time="2024-06-12T20:10:04.5341810Z" end-time="2024-06-12T20:10:04.5342390Z" duration="0.000058" asserts="0" />
                <test-case id="1-1500" name="IsFillComplete(PlayersWorlds.Maps.Maze.BinaryTreeMazeGenerator,Quarter,Auto,System.Collections.Generic.List`1[PlayersWorlds.Maps.Area])" fullname="PlayersWorlds.Maps.Maze.MazeGeneratorTest.IsFillComplete(PlayersWorlds.Maps.Maze.BinaryTreeMazeGenerator,Quarter,Auto,System.Collections.Generic.List`1[PlayersWorlds.Maps.Area])" methodname="IsFillComplete" classname="PlayersWorlds.Maps.Maze.MazeGeneratorTest" runstate="Runnable" seed="762673395" result="Skipped" label="Ignored" start-time="2024-06-12T20:10:04.5342440Z" end-time="2024-06-12T20:10:04.5342990Z" duration="0.000055" asserts="0" />
                <test-case id="1-1501" name="IsFillComplete(PlayersWorlds.Maps.Maze.BinaryTreeMazeGenerator,Quarter,Auto,System.Collections.Generic.List`1[PlayersWorlds.Maps.Area])" fullname="PlayersWorlds.Maps.Maze.MazeGeneratorTest.IsFillComplete(PlayersWorlds.Maps.Maze.BinaryTreeMazeGenerator,Quarter,Auto,System.Collections.Generic.List`1[PlayersWorlds.Maps.Area])" methodname="IsFillComplete" classname="PlayersWorlds.Maps.Maze.MazeGeneratorTest" runstate="Runnable" seed="83781209" result="Skipped" label="Ignored" start-time="2024-06-12T20:10:04.5343040Z" end-time="2024-06-12T20:10:04.5343580Z" duration="0.000053" asserts="0" />
                <test-case id="1-1502" name="IsFillComplete(PlayersWorlds.Maps.Maze.BinaryTreeMazeGenerator,Quarter,Auto,System.Collections.Generic.List`1[PlayersWorlds.Maps.Area])" fullname="PlayersWorlds.Maps.Maze.MazeGeneratorTest.IsFillComplete(PlayersWorlds.Maps.Maze.BinaryTreeMazeGenerator,Quarter,Auto,System.Collections.Generic.List`1[PlayersWorlds.Maps.Area])" methodname="IsFillComplete" classname="PlayersWorlds.Maps.Maze.MazeGeneratorTest" runstate="Runnable" seed="1886141496" result="Skipped" label="Ignored" start-time="2024-06-12T20:10:04.5343630Z" end-time="2024-06-12T20:10:04.5344170Z" duration="0.000054" asserts="0" />
                <test-case id="1-1503" name="IsFillComplete(PlayersWorlds.Maps.Maze.BinaryTreeMazeGenerator,Quarter,Manual,null)" fullname="PlayersWorlds.Maps.Maze.MazeGeneratorTest.IsFillComplete(PlayersWorlds.Maps.Maze.BinaryTreeMazeGenerator,Quarter,Manual,null)" methodname="IsFillComplete" classname="PlayersWorlds.Maps.Maze.MazeGeneratorTest" runstate="Runnable" seed="48949997" result="Skipped" label="Ignored" start-time="2024-06-12T20:10:04.5344220Z" end-time="2024-06-12T20:10:04.5344800Z" duration="0.000058" asserts="0" />
                <test-case id="1-1504" name="IsFillComplete(PlayersWorlds.Maps.Maze.BinaryTreeMazeGenerator,Quarter,Manual,System.Collections.Generic.List`1[PlayersWorlds.Maps.Area])" fullname="PlayersWorlds.Maps.Maze.MazeGeneratorTest.IsFillComplete(PlayersWorlds.Maps.Maze.BinaryTreeMazeGenerator,Quarter,Manual,System.Collections.Generic.List`1[PlayersWorlds.Maps.Area])" methodname="IsFillComplete" classname="PlayersWorlds.Maps.Maze.MazeGeneratorTest" runstate="Runnable" seed="862206555" result="Skipped" label="Ignored" start-time="2024-06-12T20:10:04.5344850Z" end-time="2024-06-12T20:10:04.5345400Z" duration="0.000054" asserts="0" />
                <test-case id="1-1505" name="IsFillComplete(PlayersWorlds.Maps.Maze.BinaryTreeMazeGenerator,Quarter,Manual,System.Collections.Generic.List`1[PlayersWorlds.Maps.Area])" fullname="PlayersWorlds.Maps.Maze.MazeGeneratorTest.IsFillComplete(PlayersWorlds.Maps.Maze.BinaryTreeMazeGenerator,Quarter,Manual,System.Collections.Generic.List`1[PlayersWorlds.Maps.Area])" methodname="IsFillComplete" classname="PlayersWorlds.Maps.Maze.MazeGeneratorTest" runstate="Runnable" seed="2102907539" result="Skipped" label="Ignored" start-time="2024-06-12T20:10:04.5345450Z" end-time="2024-06-12T20:10:04.5346000Z" duration="0.000055" asserts="0" />
                <test-case id="1-1506" name="IsFillComplete(PlayersWorlds.Maps.Maze.BinaryTreeMazeGenerator,Quarter,Manual,System.Collections.Generic.List`1[PlayersWorlds.Maps.Area])" fullname="PlayersWorlds.Maps.Maze.MazeGeneratorTest.IsFillComplete(PlayersWorlds.Maps.Maze.BinaryTreeMazeGenerator,Quarter,Manual,System.Collections.Generic.List`1[PlayersWorlds.Maps.Area])" methodname="IsFillComplete" classname="PlayersWorlds.Maps.Maze.MazeGeneratorTest" runstate="Runnable" seed="1889401320" result="Skipped" label="Ignored" start-time="2024-06-12T20:10:04.5346050Z" end-time="2024-06-12T20:10:04.5346590Z" duration="0.000053" asserts="0" />
                <test-case id="1-1507" name="IsFillComplete(PlayersWorlds.Maps.Maze.BinaryTreeMazeGenerator,Quarter,Manual,System.Collections.Generic.List`1[PlayersWorlds.Maps.Area])" fullname="PlayersWorlds.Maps.Maze.MazeGeneratorTest.IsFillComplete(PlayersWorlds.Maps.Maze.BinaryTreeMazeGenerator,Quarter,Manual,System.Collections.Generic.List`1[PlayersWorlds.Maps.Area])" methodname="IsFillComplete" classname="PlayersWorlds.Maps.Maze.MazeGeneratorTest" runstate="Runnable" seed="1411561268" result="Skipped" label="Ignored" start-time="2024-06-12T20:10:04.5346630Z" end-time="2024-06-12T20:10:04.5347150Z" duration="0.000051" asserts="0" />
                <test-case id="1-1508" name="IsFillComplete(PlayersWorlds.Maps.Maze.BinaryTreeMazeGenerator,Quarter,Manual,System.Collections.Generic.List`1[PlayersWorlds.Maps.Area])" fullname="PlayersWorlds.Maps.Maze.MazeGeneratorTest.IsFillComplete(PlayersWorlds.Maps.Maze.BinaryTreeMazeGenerator,Quarter,Manual,System.Collections.Generic.List`1[PlayersWorlds.Maps.Area])" methodname="IsFillComplete" classname="PlayersWorlds.Maps.Maze.MazeGeneratorTest" runstate="Runnable" seed="2003440211" result="Skipped" label="Ignored" start-time="2024-06-12T20:10:04.5347200Z" end-time="2024-06-12T20:10:04.5347710Z" duration="0.000051" asserts="0" />
                <test-case id="1-1509" name="IsFillComplete(PlayersWorlds.Maps.Maze.BinaryTreeMazeGenerator,Half,Auto,null)" fullname="PlayersWorlds.Maps.Maze.MazeGeneratorTest.IsFillComplete(PlayersWorlds.Maps.Maze.BinaryTreeMazeGenerator,Half,Auto,null)" methodname="IsFillComplete" classname="PlayersWorlds.Maps.Maze.MazeGeneratorTest" runstate="Runnable" seed="1053430573" result="Skipped" label="Ignored" start-time="2024-06-12T20:10:04.5347760Z" end-time="2024-06-12T20:10:04.5348270Z" duration="0.000051" asserts="0" />
                <test-case id="1-1510" name="IsFillComplete(PlayersWorlds.Maps.Maze.BinaryTreeMazeGenerator,Half,Auto,System.Collections.Generic.List`1[PlayersWorlds.Maps.Area])" fullname="PlayersWorlds.Maps.Maze.MazeGeneratorTest.IsFillComplete(PlayersWorlds.Maps.Maze.BinaryTreeMazeGenerator,Half,Auto,System.Collections.Generic.List`1[PlayersWorlds.Maps.Area])" methodname="IsFillComplete" classname="PlayersWorlds.Maps.Maze.MazeGeneratorTest" runstate="Runnable" seed="1932164346" result="Skipped" label="Ignored" start-time="2024-06-12T20:10:04.5348330Z" end-time="2024-06-12T20:10:04.5349040Z" duration="0.000071" asserts="0" />
                <test-case id="1-1511" name="IsFillComplete(PlayersWorlds.Maps.Maze.BinaryTreeMazeGenerator,Half,Auto,System.Collections.Generic.List`1[PlayersWorlds.Maps.Area])" fullname="PlayersWorlds.Maps.Maze.MazeGeneratorTest.IsFillComplete(PlayersWorlds.Maps.Maze.BinaryTreeMazeGenerator,Half,Auto,System.Collections.Generic.List`1[PlayersWorlds.Maps.Area])" methodname="IsFillComplete" classname="PlayersWorlds.Maps.Maze.MazeGeneratorTest" runstate="Runnable" seed="1515007043" result="Skipped" label="Ignored" start-time="2024-06-12T20:10:04.5349110Z" end-time="2024-06-12T20:10:04.5349670Z" duration="0.000056" asserts="0" />
                <test-case id="1-1512" name="IsFillComplete(PlayersWorlds.Maps.Maze.BinaryTreeMazeGenerator,Half,Auto,System.Collections.Generic.List`1[PlayersWorlds.Maps.Area])" fullname="PlayersWorlds.Maps.Maze.MazeGeneratorTest.IsFillComplete(PlayersWorlds.Maps.Maze.BinaryTreeMazeGenerator,Half,Auto,System.Collections.Generic.List`1[PlayersWorlds.Maps.Area])" methodname="IsFillComplete" classname="PlayersWorlds.Maps.Maze.MazeGeneratorTest" runstate="Runnable" seed="1313937789" result="Skipped" label="Ignored" start-time="2024-06-12T20:10:04.5349720Z" end-time="2024-06-12T20:10:04.5350270Z" duration="0.000055" asserts="0" />
                <test-case id="1-1513" name="IsFillComplete(PlayersWorlds.Maps.Maze.BinaryTreeMazeGenerator,Half,Auto,System.Collections.Generic.List`1[PlayersWorlds.Maps.Area])" fullname="PlayersWorlds.Maps.Maze.MazeGeneratorTest.IsFillComplete(PlayersWorlds.Maps.Maze.BinaryTreeMazeGenerator,Half,Auto,System.Collections.Generic.List`1[PlayersWorlds.Maps.Area])" methodname="IsFillComplete" classname="PlayersWorlds.Maps.Maze.MazeGeneratorTest" runstate="Runnable" seed="285911937" result="Skipped" label="Ignored" start-time="2024-06-12T20:10:04.5350330Z" end-time="2024-06-12T20:10:04.5350890Z" duration="0.000056" asserts="0" />
                <test-case id="1-1514" name="IsFillComplete(PlayersWorlds.Maps.Maze.BinaryTreeMazeGenerator,Half,Auto,System.Collections.Generic.List`1[PlayersWorlds.Maps.Area])" fullname="PlayersWorlds.Maps.Maze.MazeGeneratorTest.IsFillComplete(PlayersWorlds.Maps.Maze.BinaryTreeMazeGenerator,Half,Auto,System.Collections.Generic.List`1[PlayersWorlds.Maps.Area])" methodname="IsFillComplete" classname="PlayersWorlds.Maps.Maze.MazeGeneratorTest" runstate="Runnable" seed="388330663" result="Skipped" label="Ignored" start-time="2024-06-12T20:10:04.5350940Z" end-time="2024-06-12T20:10:04.5351460Z" duration="0.000052" asserts="0" />
                <test-case id="1-1515" name="IsFillComplete(PlayersWorlds.Maps.Maze.BinaryTreeMazeGenerator,Half,Manual,null)" fullname="PlayersWorlds.Maps.Maze.MazeGeneratorTest.IsFillComplete(PlayersWorlds.Maps.Maze.BinaryTreeMazeGenerator,Half,Manual,null)" methodname="IsFillComplete" classname="PlayersWorlds.Maps.Maze.MazeGeneratorTest" runstate="Runnable" seed="1850137558" result="Skipped" label="Ignored" start-time="2024-06-12T20:10:04.5351510Z" end-time="2024-06-12T20:10:04.5352020Z" duration="0.000051" asserts="0" />
                <test-case id="1-1516" name="IsFillComplete(PlayersWorlds.Maps.Maze.BinaryTreeMazeGenerator,Half,Manual,System.Collections.Generic.List`1[PlayersWorlds.Maps.Area])" fullname="PlayersWorlds.Maps.Maze.MazeGeneratorTest.IsFillComplete(PlayersWorlds.Maps.Maze.BinaryTreeMazeGenerator,Half,Manual,System.Collections.Generic.List`1[PlayersWorlds.Maps.Area])" methodname="IsFillComplete" classname="PlayersWorlds.Maps.Maze.MazeGeneratorTest" runstate="Runnable" seed="1959134700" result="Skipped" label="Ignored" start-time="2024-06-12T20:10:04.5352070Z" end-time="2024-06-12T20:10:04.5352580Z" duration="0.000050" asserts="0" />
                <test-case id="1-1517" name="IsFillComplete(PlayersWorlds.Maps.Maze.BinaryTreeMazeGenerator,Half,Manual,System.Collections.Generic.List`1[PlayersWorlds.Maps.Area])" fullname="PlayersWorlds.Maps.Maze.MazeGeneratorTest.IsFillComplete(PlayersWorlds.Maps.Maze.BinaryTreeMazeGenerator,Half,Manual,System.Collections.Generic.List`1[PlayersWorlds.Maps.Area])" methodname="IsFillComplete" classname="PlayersWorlds.Maps.Maze.MazeGeneratorTest" runstate="Runnable" seed="2080732926" result="Skipped" label="Ignored" start-time="2024-06-12T20:10:04.5352630Z" end-time="2024-06-12T20:10:04.5353140Z" duration="0.000051" asserts="0" />
                <test-case id="1-1518" name="IsFillComplete(PlayersWorlds.Maps.Maze.BinaryTreeMazeGenerator,Half,Manual,System.Collections.Generic.List`1[PlayersWorlds.Maps.Area])" fullname="PlayersWorlds.Maps.Maze.MazeGeneratorTest.IsFillComplete(PlayersWorlds.Maps.Maze.BinaryTreeMazeGenerator,Half,Manual,System.Collections.Generic.List`1[PlayersWorlds.Maps.Area])" methodname="IsFillComplete" classname="PlayersWorlds.Maps.Maze.MazeGeneratorTest" runstate="Runnable" seed="97689176" result="Skipped" label="Ignored" start-time="2024-06-12T20:10:04.5353190Z" end-time="2024-06-12T20:10:04.5353730Z" duration="0.000054" asserts="0" />
                <test-case id="1-1519" name="IsFillComplete(PlayersWorlds.Maps.Maze.BinaryTreeMazeGenerator,Half,Manual,System.Collections.Generic.List`1[PlayersWorlds.Maps.Area])" fullname="PlayersWorlds.Maps.Maze.MazeGeneratorTest.IsFillComplete(PlayersWorlds.Maps.Maze.BinaryTreeMazeGenerator,Half,Manual,System.Collections.Generic.List`1[PlayersWorlds.Maps.Area])" methodname="IsFillComplete" classname="PlayersWorlds.Maps.Maze.MazeGeneratorTest" runstate="Runnable" seed="2134664486" result="Skipped" label="Ignored" start-time="2024-06-12T20:10:04.5353780Z" end-time="2024-06-12T20:10:04.5354330Z" duration="0.000054" asserts="0" />
                <test-case id="1-1520" name="IsFillComplete(PlayersWorlds.Maps.Maze.BinaryTreeMazeGenerator,Half,Manual,System.Collections.Generic.List`1[PlayersWorlds.Maps.Area])" fullname="PlayersWorlds.Maps.Maze.MazeGeneratorTest.IsFillComplete(PlayersWorlds.Maps.Maze.BinaryTreeMazeGenerator,Half,Manual,System.Collections.Generic.List`1[PlayersWorlds.Maps.Area])" methodname="IsFillComplete" classname="PlayersWorlds.Maps.Maze.MazeGeneratorTest" runstate="Runnable" seed="793077643" result="Skipped" label="Ignored" start-time="2024-06-12T20:10:04.5354380Z" end-time="2024-06-12T20:10:04.5354920Z" duration="0.000054" asserts="0" />
                <test-case id="1-1521" name="IsFillComplete(PlayersWorlds.Maps.Maze.BinaryTreeMazeGenerator,ThreeQuarters,Auto,null)" fullname="PlayersWorlds.Maps.Maze.MazeGeneratorTest.IsFillComplete(PlayersWorlds.Maps.Maze.BinaryTreeMazeGenerator,ThreeQuarters,Auto,null)" methodname="IsFillComplete" classname="PlayersWorlds.Maps.Maze.MazeGeneratorTest" runstate="Runnable" seed="829552281" result="Skipped" label="Ignored" start-time="2024-06-12T20:10:04.5354980Z" end-time="2024-06-12T20:10:04.5355540Z" duration="0.000057" asserts="0" />
                <test-case id="1-1522" name="IsFillComplete(PlayersWorlds.Maps.Maze.BinaryTreeMazeGenerator,ThreeQuarters,Auto,System.Collections.Generic.List`1[PlayersWorlds.Maps.Area])" fullname="PlayersWorlds.Maps.Maze.MazeGeneratorTest.IsFillComplete(PlayersWorlds.Maps.Maze.BinaryTreeMazeGenerator,ThreeQuarters,Auto,System.Collections.Generic.List`1[PlayersWorlds.Maps.Area])" methodname="IsFillComplete" classname="PlayersWorlds.Maps.Maze.MazeGeneratorTest" runstate="Runnable" seed="171815484" result="Skipped" label="Ignored" start-time="2024-06-12T20:10:04.5355590Z" end-time="2024-06-12T20:10:04.5356110Z" duration="0.000052" asserts="0" />
                <test-case id="1-1523" name="IsFillComplete(PlayersWorlds.Maps.Maze.BinaryTreeMazeGenerator,ThreeQuarters,Auto,System.Collections.Generic.List`1[PlayersWorlds.Maps.Area])" fullname="PlayersWorlds.Maps.Maze.MazeGeneratorTest.IsFillComplete(PlayersWorlds.Maps.Maze.BinaryTreeMazeGenerator,ThreeQuarters,Auto,System.Collections.Generic.List`1[PlayersWorlds.Maps.Area])" methodname="IsFillComplete" classname="PlayersWorlds.Maps.Maze.MazeGeneratorTest" runstate="Runnable" seed="1218340834" result="Skipped" label="Ignored" start-time="2024-06-12T20:10:04.5356160Z" end-time="2024-06-12T20:10:04.5356670Z" duration="0.000051" asserts="0" />
                <test-case id="1-1524" name="IsFillComplete(PlayersWorlds.Maps.Maze.BinaryTreeMazeGenerator,ThreeQuarters,Auto,System.Collections.Generic.List`1[PlayersWorlds.Maps.Area])" fullname="PlayersWorlds.Maps.Maze.MazeGeneratorTest.IsFillComplete(PlayersWorlds.Maps.Maze.BinaryTreeMazeGenerator,ThreeQuarters,Auto,System.Collections.Generic.List`1[PlayersWorlds.Maps.Area])" methodname="IsFillComplete" classname="PlayersWorlds.Maps.Maze.MazeGeneratorTest" runstate="Runnable" seed="1643275329" result="Skipped" label="Ignored" start-time="2024-06-12T20:10:04.5356720Z" end-time="2024-06-12T20:10:04.5357230Z" duration="0.000051" asserts="0" />
                <test-case id="1-1525" name="IsFillComplete(PlayersWorlds.Maps.Maze.BinaryTreeMazeGenerator,ThreeQuarters,Auto,System.Collections.Generic.List`1[PlayersWorlds.Maps.Area])" fullname="PlayersWorlds.Maps.Maze.MazeGeneratorTest.IsFillComplete(PlayersWorlds.Maps.Maze.BinaryTreeMazeGenerator,ThreeQuarters,Auto,System.Collections.Generic.List`1[PlayersWorlds.Maps.Area])" methodname="IsFillComplete" classname="PlayersWorlds.Maps.Maze.MazeGeneratorTest" runstate="Runnable" seed="1588923087" result="Skipped" label="Ignored" start-time="2024-06-12T20:10:04.5357280Z" end-time="2024-06-12T20:10:04.5357800Z" duration="0.000052" asserts="0" />
                <test-case id="1-1526" name="IsFillComplete(PlayersWorlds.Maps.Maze.BinaryTreeMazeGenerator,ThreeQuarters,Auto,System.Collections.Generic.List`1[PlayersWorlds.Maps.Area])" fullname="PlayersWorlds.Maps.Maze.MazeGeneratorTest.IsFillComplete(PlayersWorlds.Maps.Maze.BinaryTreeMazeGenerator,ThreeQuarters,Auto,System.Collections.Generic.List`1[PlayersWorlds.Maps.Area])" methodname="IsFillComplete" classname="PlayersWorlds.Maps.Maze.MazeGeneratorTest" runstate="Runnable" seed="1640899297" result="Skipped" label="Ignored" start-time="2024-06-12T20:10:04.5357850Z" end-time="2024-06-12T20:10:04.5358400Z" duration="0.000055" asserts="0" />
                <test-case id="1-1527" name="IsFillComplete(PlayersWorlds.Maps.Maze.BinaryTreeMazeGenerator,ThreeQuarters,Manual,null)" fullname="PlayersWorlds.Maps.Maze.MazeGeneratorTest.IsFillComplete(PlayersWorlds.Maps.Maze.BinaryTreeMazeGenerator,ThreeQuarters,Manual,null)" methodname="IsFillComplete" classname="PlayersWorlds.Maps.Maze.MazeGeneratorTest" runstate="Runnable" seed="343708572" result="Skipped" label="Ignored" start-time="2024-06-12T20:10:04.5358450Z" end-time="2024-06-12T20:10:04.5358990Z" duration="0.000054" asserts="0" />
                <test-case id="1-1528" name="IsFillComplete(PlayersWorlds.Maps.Maze.BinaryTreeMazeGenerator,ThreeQuarters,Manual,System.Collections.Generic.List`1[PlayersWorlds.Maps.Area])" fullname="PlayersWorlds.Maps.Maze.MazeGeneratorTest.IsFillComplete(PlayersWorlds.Maps.Maze.BinaryTreeMazeGenerator,ThreeQuarters,Manual,System.Collections.Generic.List`1[PlayersWorlds.Maps.Area])" methodname="IsFillComplete" classname="PlayersWorlds.Maps.Maze.MazeGeneratorTest" runstate="Runnable" seed="1128907953" result="Skipped" label="Ignored" start-time="2024-06-12T20:10:04.5359040Z" end-time="2024-06-12T20:10:04.5359600Z" duration="0.000056" asserts="0" />
                <test-case id="1-1529" name="IsFillComplete(PlayersWorlds.Maps.Maze.BinaryTreeMazeGenerator,ThreeQuarters,Manual,System.Collections.Generic.List`1[PlayersWorlds.Maps.Area])" fullname="PlayersWorlds.Maps.Maze.MazeGeneratorTest.IsFillComplete(PlayersWorlds.Maps.Maze.BinaryTreeMazeGenerator,ThreeQuarters,Manual,System.Collections.Generic.List`1[PlayersWorlds.Maps.Area])" methodname="IsFillComplete" classname="PlayersWorlds.Maps.Maze.MazeGeneratorTest" runstate="Runnable" seed="972593665" result="Skipped" label="Ignored" start-time="2024-06-12T20:10:04.5359650Z" end-time="2024-06-12T20:10:04.5360210Z" duration="0.000055" asserts="0" />
                <test-case id="1-1530" name="IsFillComplete(PlayersWorlds.Maps.Maze.BinaryTreeMazeGenerator,ThreeQuarters,Manual,System.Collections.Generic.List`1[PlayersWorlds.Maps.Area])" fullname="PlayersWorlds.Maps.Maze.MazeGeneratorTest.IsFillComplete(PlayersWorlds.Maps.Maze.BinaryTreeMazeGenerator,ThreeQuarters,Manual,System.Collections.Generic.List`1[PlayersWorlds.Maps.Area])" methodname="IsFillComplete" classname="PlayersWorlds.Maps.Maze.MazeGeneratorTest" runstate="Runnable" seed="296539376" result="Skipped" label="Ignored" start-time="2024-06-12T20:10:04.5360260Z" end-time="2024-06-12T20:10:04.5360780Z" duration="0.000052" asserts="0" />
                <test-case id="1-1531" name="IsFillComplete(PlayersWorlds.Maps.Maze.BinaryTreeMazeGenerator,ThreeQuarters,Manual,System.Collections.Generic.List`1[PlayersWorlds.Maps.Area])" fullname="PlayersWorlds.Maps.Maze.MazeGeneratorTest.IsFillComplete(PlayersWorlds.Maps.Maze.BinaryTreeMazeGenerator,ThreeQuarters,Manual,System.Collections.Generic.List`1[PlayersWorlds.Maps.Area])" methodname="IsFillComplete" classname="PlayersWorlds.Maps.Maze.MazeGeneratorTest" runstate="Runnable" seed="602840612" result="Skipped" label="Ignored" start-time="2024-06-12T20:10:04.5360830Z" end-time="2024-06-12T20:10:04.5361340Z" duration="0.000051" asserts="0" />
                <test-case id="1-1532" name="IsFillComplete(PlayersWorlds.Maps.Maze.BinaryTreeMazeGenerator,ThreeQuarters,Manual,System.Collections.Generic.List`1[PlayersWorlds.Maps.Area])" fullname="PlayersWorlds.Maps.Maze.MazeGeneratorTest.IsFillComplete(PlayersWorlds.Maps.Maze.BinaryTreeMazeGenerator,ThreeQuarters,Manual,System.Collections.Generic.List`1[PlayersWorlds.Maps.Area])" methodname="IsFillComplete" classname="PlayersWorlds.Maps.Maze.MazeGeneratorTest" runstate="Runnable" seed="1864391669" result="Skipped" label="Ignored" start-time="2024-06-12T20:10:04.5361390Z" end-time="2024-06-12T20:10:04.5361890Z" duration="0.000050" asserts="0" />
                <test-case id="1-1533" name="IsFillComplete(PlayersWorlds.Maps.Maze.BinaryTreeMazeGenerator,NinetyPercent,Auto,null)" fullname="PlayersWorlds.Maps.Maze.MazeGeneratorTest.IsFillComplete(PlayersWorlds.Maps.Maze.BinaryTreeMazeGenerator,NinetyPercent,Auto,null)" methodname="IsFillComplete" classname="PlayersWorlds.Maps.Maze.MazeGeneratorTest" runstate="Runnable" seed="889119914" result="Skipped" label="Ignored" start-time="2024-06-12T20:10:04.5361940Z" end-time="2024-06-12T20:10:04.5362460Z" duration="0.000052" asserts="0" />
                <test-case id="1-1534" name="IsFillComplete(PlayersWorlds.Maps.Maze.BinaryTreeMazeGenerator,NinetyPercent,Auto,System.Collections.Generic.List`1[PlayersWorlds.Maps.Area])" fullname="PlayersWorlds.Maps.Maze.MazeGeneratorTest.IsFillComplete(PlayersWorlds.Maps.Maze.BinaryTreeMazeGenerator,NinetyPercent,Auto,System.Collections.Generic.List`1[PlayersWorlds.Maps.Area])" methodname="IsFillComplete" classname="PlayersWorlds.Maps.Maze.MazeGeneratorTest" runstate="Runnable" seed="1322474783" result="Skipped" label="Ignored" start-time="2024-06-12T20:10:04.5362510Z" end-time="2024-06-12T20:10:04.5363060Z" duration="0.000055" asserts="0" />
                <test-case id="1-1535" name="IsFillComplete(PlayersWorlds.Maps.Maze.BinaryTreeMazeGenerator,NinetyPercent,Auto,System.Collections.Generic.List`1[PlayersWorlds.Maps.Area])" fullname="PlayersWorlds.Maps.Maze.MazeGeneratorTest.IsFillComplete(PlayersWorlds.Maps.Maze.BinaryTreeMazeGenerator,NinetyPercent,Auto,System.Collections.Generic.List`1[PlayersWorlds.Maps.Area])" methodname="IsFillComplete" classname="PlayersWorlds.Maps.Maze.MazeGeneratorTest" runstate="Runnable" seed="890967115" result="Skipped" label="Ignored" start-time="2024-06-12T20:10:04.5363110Z" end-time="2024-06-12T20:10:04.5363660Z" duration="0.000055" asserts="0" />
                <test-case id="1-1536" name="IsFillComplete(PlayersWorlds.Maps.Maze.BinaryTreeMazeGenerator,NinetyPercent,Auto,System.Collections.Generic.List`1[PlayersWorlds.Maps.Area])" fullname="PlayersWorlds.Maps.Maze.MazeGeneratorTest.IsFillComplete(PlayersWorlds.Maps.Maze.BinaryTreeMazeGenerator,NinetyPercent,Auto,System.Collections.Generic.List`1[PlayersWorlds.Maps.Area])" methodname="IsFillComplete" classname="PlayersWorlds.Maps.Maze.MazeGeneratorTest" runstate="Runnable" seed="275615311" result="Skipped" label="Ignored" start-time="2024-06-12T20:10:04.5363710Z" end-time="2024-06-12T20:10:04.5364270Z" duration="0.000055" asserts="0" />
                <test-case id="1-1537" name="IsFillComplete(PlayersWorlds.Maps.Maze.BinaryTreeMazeGenerator,NinetyPercent,Auto,System.Collections.Generic.List`1[PlayersWorlds.Maps.Area])" fullname="PlayersWorlds.Maps.Maze.MazeGeneratorTest.IsFillComplete(PlayersWorlds.Maps.Maze.BinaryTreeMazeGenerator,NinetyPercent,Auto,System.Collections.Generic.List`1[PlayersWorlds.Maps.Area])" methodname="IsFillComplete" classname="PlayersWorlds.Maps.Maze.MazeGeneratorTest" runstate="Runnable" seed="1746175927" result="Skipped" label="Ignored" start-time="2024-06-12T20:10:04.5364320Z" end-time="2024-06-12T20:10:04.5364840Z" duration="0.000052" asserts="0" />
                <test-case id="1-1538" name="IsFillComplete(PlayersWorlds.Maps.Maze.BinaryTreeMazeGenerator,NinetyPercent,Auto,System.Collections.Generic.List`1[PlayersWorlds.Maps.Area])" fullname="PlayersWorlds.Maps.Maze.MazeGeneratorTest.IsFillComplete(PlayersWorlds.Maps.Maze.BinaryTreeMazeGenerator,NinetyPercent,Auto,System.Collections.Generic.List`1[PlayersWorlds.Maps.Area])" methodname="IsFillComplete" classname="PlayersWorlds.Maps.Maze.MazeGeneratorTest" runstate="Runnable" seed="1571088263" result="Skipped" label="Ignored" start-time="2024-06-12T20:10:04.5364890Z" end-time="2024-06-12T20:10:04.5365390Z" duration="0.000050" asserts="0" />
                <test-case id="1-1539" name="IsFillComplete(PlayersWorlds.Maps.Maze.BinaryTreeMazeGenerator,NinetyPercent,Manual,null)" fullname="PlayersWorlds.Maps.Maze.MazeGeneratorTest.IsFillComplete(PlayersWorlds.Maps.Maze.BinaryTreeMazeGenerator,NinetyPercent,Manual,null)" methodname="IsFillComplete" classname="PlayersWorlds.Maps.Maze.MazeGeneratorTest" runstate="Runnable" seed="1432553721" result="Skipped" label="Ignored" start-time="2024-06-12T20:10:04.5365440Z" end-time="2024-06-12T20:10:04.5365950Z" duration="0.000051" asserts="0" />
                <test-case id="1-1540" name="IsFillComplete(PlayersWorlds.Maps.Maze.BinaryTreeMazeGenerator,NinetyPercent,Manual,System.Collections.Generic.List`1[PlayersWorlds.Maps.Area])" fullname="PlayersWorlds.Maps.Maze.MazeGeneratorTest.IsFillComplete(PlayersWorlds.Maps.Maze.BinaryTreeMazeGenerator,NinetyPercent,Manual,System.Collections.Generic.List`1[PlayersWorlds.Maps.Area])" methodname="IsFillComplete" classname="PlayersWorlds.Maps.Maze.MazeGeneratorTest" runstate="Runnable" seed="1813656496" result="Skipped" label="Ignored" start-time="2024-06-12T20:10:04.5366000Z" end-time="2024-06-12T20:10:04.5366500Z" duration="0.000050" asserts="0" />
                <test-case id="1-1541" name="IsFillComplete(PlayersWorlds.Maps.Maze.BinaryTreeMazeGenerator,NinetyPercent,Manual,System.Collections.Generic.List`1[PlayersWorlds.Maps.Area])" fullname="PlayersWorlds.Maps.Maze.MazeGeneratorTest.IsFillComplete(PlayersWorlds.Maps.Maze.BinaryTreeMazeGenerator,NinetyPercent,Manual,System.Collections.Generic.List`1[PlayersWorlds.Maps.Area])" methodname="IsFillComplete" classname="PlayersWorlds.Maps.Maze.MazeGeneratorTest" runstate="Runnable" seed="1949316354" result="Skipped" label="Ignored" start-time="2024-06-12T20:10:04.5366550Z" end-time="2024-06-12T20:10:04.5367100Z" duration="0.000055" asserts="0" />
                <test-case id="1-1542" name="IsFillComplete(PlayersWorlds.Maps.Maze.BinaryTreeMazeGenerator,NinetyPercent,Manual,System.Collections.Generic.List`1[PlayersWorlds.Maps.Area])" fullname="PlayersWorlds.Maps.Maze.MazeGeneratorTest.IsFillComplete(PlayersWorlds.Maps.Maze.BinaryTreeMazeGenerator,NinetyPercent,Manual,System.Collections.Generic.List`1[PlayersWorlds.Maps.Area])" methodname="IsFillComplete" classname="PlayersWorlds.Maps.Maze.MazeGeneratorTest" runstate="Runnable" seed="838807961" result="Skipped" label="Ignored" start-time="2024-06-12T20:10:04.5367160Z" end-time="2024-06-12T20:10:04.5367690Z" duration="0.000053" asserts="0" />
                <test-case id="1-1543" name="IsFillComplete(PlayersWorlds.Maps.Maze.BinaryTreeMazeGenerator,NinetyPercent,Manual,System.Collections.Generic.List`1[PlayersWorlds.Maps.Area])" fullname="PlayersWorlds.Maps.Maze.MazeGeneratorTest.IsFillComplete(PlayersWorlds.Maps.Maze.BinaryTreeMazeGenerator,NinetyPercent,Manual,System.Collections.Generic.List`1[PlayersWorlds.Maps.Area])" methodname="IsFillComplete" classname="PlayersWorlds.Maps.Maze.MazeGeneratorTest" runstate="Runnable" seed="850938038" result="Skipped" label="Ignored" start-time="2024-06-12T20:10:04.5367740Z" end-time="2024-06-12T20:10:04.5368300Z" duration="0.000056" asserts="0" />
                <test-case id="1-1544" name="IsFillComplete(PlayersWorlds.Maps.Maze.BinaryTreeMazeGenerator,NinetyPercent,Manual,System.Collections.Generic.List`1[PlayersWorlds.Maps.Area])" fullname="PlayersWorlds.Maps.Maze.MazeGeneratorTest.IsFillComplete(PlayersWorlds.Maps.Maze.BinaryTreeMazeGenerator,NinetyPercent,Manual,System.Collections.Generic.List`1[PlayersWorlds.Maps.Area])" methodname="IsFillComplete" classname="PlayersWorlds.Maps.Maze.MazeGeneratorTest" runstate="Runnable" seed="232521665" result="Skipped" label="Ignored" start-time="2024-06-12T20:10:04.5368360Z" end-time="2024-06-12T20:10:04.5368910Z" duration="0.000055" asserts="0" />
                <test-case id="1-1545" name="IsFillComplete(PlayersWorlds.Maps.Maze.BinaryTreeMazeGenerator,FullWidth,Auto,null)" fullname="PlayersWorlds.Maps.Maze.MazeGeneratorTest.IsFillComplete(PlayersWorlds.Maps.Maze.BinaryTreeMazeGenerator,FullWidth,Auto,null)" methodname="IsFillComplete" classname="PlayersWorlds.Maps.Maze.MazeGeneratorTest" runstate="Runnable" seed="985202118" result="Skipped" label="Ignored" start-time="2024-06-12T20:10:04.5368960Z" end-time="2024-06-12T20:10:04.5369480Z" duration="0.000052" asserts="0" />
                <test-case id="1-1546" name="IsFillComplete(PlayersWorlds.Maps.Maze.BinaryTreeMazeGenerator,FullWidth,Auto,System.Collections.Generic.List`1[PlayersWorlds.Maps.Area])" fullname="PlayersWorlds.Maps.Maze.MazeGeneratorTest.IsFillComplete(PlayersWorlds.Maps.Maze.BinaryTreeMazeGenerator,FullWidth,Auto,System.Collections.Generic.List`1[PlayersWorlds.Maps.Area])" methodname="IsFillComplete" classname="PlayersWorlds.Maps.Maze.MazeGeneratorTest" runstate="Runnable" seed="90600268" result="Skipped" label="Ignored" start-time="2024-06-12T20:10:04.5369530Z" end-time="2024-06-12T20:10:04.5370030Z" duration="0.000051" asserts="0" />
                <test-case id="1-1547" name="IsFillComplete(PlayersWorlds.Maps.Maze.BinaryTreeMazeGenerator,FullWidth,Auto,System.Collections.Generic.List`1[PlayersWorlds.Maps.Area])" fullname="PlayersWorlds.Maps.Maze.MazeGeneratorTest.IsFillComplete(PlayersWorlds.Maps.Maze.BinaryTreeMazeGenerator,FullWidth,Auto,System.Collections.Generic.List`1[PlayersWorlds.Maps.Area])" methodname="IsFillComplete" classname="PlayersWorlds.Maps.Maze.MazeGeneratorTest" runstate="Runnable" seed="1695158877" result="Skipped" label="Ignored" start-time="2024-06-12T20:10:04.5370080Z" end-time="2024-06-12T20:10:04.5370600Z" duration="0.000052" asserts="0" />
                <test-case id="1-1548" name="IsFillComplete(PlayersWorlds.Maps.Maze.BinaryTreeMazeGenerator,FullWidth,Auto,System.Collections.Generic.List`1[PlayersWorlds.Maps.Area])" fullname="PlayersWorlds.Maps.Maze.MazeGeneratorTest.IsFillComplete(PlayersWorlds.Maps.Maze.BinaryTreeMazeGenerator,FullWidth,Auto,System.Collections.Generic.List`1[PlayersWorlds.Maps.Area])" methodname="IsFillComplete" classname="PlayersWorlds.Maps.Maze.MazeGeneratorTest" runstate="Runnable" seed="326648805" result="Skipped" label="Ignored" start-time="2024-06-12T20:10:04.5370650Z" end-time="2024-06-12T20:10:04.5371170Z" duration="0.000052" asserts="0" />
                <test-case id="1-1549" name="IsFillComplete(PlayersWorlds.Maps.Maze.BinaryTreeMazeGenerator,FullWidth,Auto,System.Collections.Generic.List`1[PlayersWorlds.Maps.Area])" fullname="PlayersWorlds.Maps.Maze.MazeGeneratorTest.IsFillComplete(PlayersWorlds.Maps.Maze.BinaryTreeMazeGenerator,FullWidth,Auto,System.Collections.Generic.List`1[PlayersWorlds.Maps.Area])" methodname="IsFillComplete" classname="PlayersWorlds.Maps.Maze.MazeGeneratorTest" runstate="Runnable" seed="2062674673" result="Skipped" label="Ignored" start-time="2024-06-12T20:10:04.5371220Z" end-time="2024-06-12T20:10:04.5371760Z" duration="0.000055" asserts="0" />
                <test-case id="1-1550" name="IsFillComplete(PlayersWorlds.Maps.Maze.BinaryTreeMazeGenerator,FullWidth,Auto,System.Collections.Generic.List`1[PlayersWorlds.Maps.Area])" fullname="PlayersWorlds.Maps.Maze.MazeGeneratorTest.IsFillComplete(PlayersWorlds.Maps.Maze.BinaryTreeMazeGenerator,FullWidth,Auto,System.Collections.Generic.List`1[PlayersWorlds.Maps.Area])" methodname="IsFillComplete" classname="PlayersWorlds.Maps.Maze.MazeGeneratorTest" runstate="Runnable" seed="802665991" result="Skipped" label="Ignored" start-time="2024-06-12T20:10:04.5371820Z" end-time="2024-06-12T20:10:04.5372360Z" duration="0.000054" asserts="0" />
                <test-case id="1-1551" name="IsFillComplete(PlayersWorlds.Maps.Maze.BinaryTreeMazeGenerator,FullWidth,Manual,null)" fullname="PlayersWorlds.Maps.Maze.MazeGeneratorTest.IsFillComplete(PlayersWorlds.Maps.Maze.BinaryTreeMazeGenerator,FullWidth,Manual,null)" methodname="IsFillComplete" classname="PlayersWorlds.Maps.Maze.MazeGeneratorTest" runstate="Runnable" seed="1834387064" result="Skipped" label="Ignored" start-time="2024-06-12T20:10:04.5372410Z" end-time="2024-06-12T20:10:04.5372960Z" duration="0.000055" asserts="0" />
                <test-case id="1-1552" name="IsFillComplete(PlayersWorlds.Maps.Maze.BinaryTreeMazeGenerator,FullWidth,Manual,System.Collections.Generic.List`1[PlayersWorlds.Maps.Area])" fullname="PlayersWorlds.Maps.Maze.MazeGeneratorTest.IsFillComplete(PlayersWorlds.Maps.Maze.BinaryTreeMazeGenerator,FullWidth,Manual,System.Collections.Generic.List`1[PlayersWorlds.Maps.Area])" methodname="IsFillComplete" classname="PlayersWorlds.Maps.Maze.MazeGeneratorTest" runstate="Runnable" seed="2146162915" result="Skipped" label="Ignored" start-time="2024-06-12T20:10:04.5373010Z" end-time="2024-06-12T20:10:04.5373540Z" duration="0.000053" asserts="0" />
                <test-case id="1-1553" name="IsFillComplete(PlayersWorlds.Maps.Maze.BinaryTreeMazeGenerator,FullWidth,Manual,System.Collections.Generic.List`1[PlayersWorlds.Maps.Area])" fullname="PlayersWorlds.Maps.Maze.MazeGeneratorTest.IsFillComplete(PlayersWorlds.Maps.Maze.BinaryTreeMazeGenerator,FullWidth,Manual,System.Collections.Generic.List`1[PlayersWorlds.Maps.Area])" methodname="IsFillComplete" classname="PlayersWorlds.Maps.Maze.MazeGeneratorTest" runstate="Runnable" seed="1710156828" result="Skipped" label="Ignored" start-time="2024-06-12T20:10:04.5373590Z" end-time="2024-06-12T20:10:04.5374100Z" duration="0.000051" asserts="0" />
                <test-case id="1-1554" name="IsFillComplete(PlayersWorlds.Maps.Maze.BinaryTreeMazeGenerator,FullWidth,Manual,System.Collections.Generic.List`1[PlayersWorlds.Maps.Area])" fullname="PlayersWorlds.Maps.Maze.MazeGeneratorTest.IsFillComplete(PlayersWorlds.Maps.Maze.BinaryTreeMazeGenerator,FullWidth,Manual,System.Collections.Generic.List`1[PlayersWorlds.Maps.Area])" methodname="IsFillComplete" classname="PlayersWorlds.Maps.Maze.MazeGeneratorTest" runstate="Runnable" seed="310772357" result="Skipped" label="Ignored" start-time="2024-06-12T20:10:04.5374150Z" end-time="2024-06-12T20:10:04.5374650Z" duration="0.000050" asserts="0" />
                <test-case id="1-1555" name="IsFillComplete(PlayersWorlds.Maps.Maze.BinaryTreeMazeGenerator,FullWidth,Manual,System.Collections.Generic.List`1[PlayersWorlds.Maps.Area])" fullname="PlayersWorlds.Maps.Maze.MazeGeneratorTest.IsFillComplete(PlayersWorlds.Maps.Maze.BinaryTreeMazeGenerator,FullWidth,Manual,System.Collections.Generic.List`1[PlayersWorlds.Maps.Area])" methodname="IsFillComplete" classname="PlayersWorlds.Maps.Maze.MazeGeneratorTest" runstate="Runnable" seed="2080604761" result="Skipped" label="Ignored" start-time="2024-06-12T20:10:04.5374700Z" end-time="2024-06-12T20:10:04.5375200Z" duration="0.000051" asserts="0" />
                <test-case id="1-1556" name="IsFillComplete(PlayersWorlds.Maps.Maze.BinaryTreeMazeGenerator,FullWidth,Manual,System.Collections.Generic.List`1[PlayersWorlds.Maps.Area])" fullname="PlayersWorlds.Maps.Maze.MazeGeneratorTest.IsFillComplete(PlayersWorlds.Maps.Maze.BinaryTreeMazeGenerator,FullWidth,Manual,System.Collections.Generic.List`1[PlayersWorlds.Maps.Area])" methodname="IsFillComplete" classname="PlayersWorlds.Maps.Maze.MazeGeneratorTest" runstate="Runnable" seed="2059449372" result="Skipped" label="Ignored" start-time="2024-06-12T20:10:04.5375250Z" end-time="2024-06-12T20:10:04.5375790Z" duration="0.000054" asserts="0" />
                <test-case id="1-1557" name="IsFillComplete(PlayersWorlds.Maps.Maze.BinaryTreeMazeGenerator,FullHeight,Auto,null)" fullname="PlayersWorlds.Maps.Maze.MazeGeneratorTest.IsFillComplete(PlayersWorlds.Maps.Maze.BinaryTreeMazeGenerator,FullHeight,Auto,null)" methodname="IsFillComplete" classname="PlayersWorlds.Maps.Maze.MazeGeneratorTest" runstate="Runnable" seed="667800662" result="Skipped" label="Ignored" start-time="2024-06-12T20:10:04.5375850Z" end-time="2024-06-12T20:10:04.5376400Z" duration="0.000055" asserts="0" />
                <test-case id="1-1558" name="IsFillComplete(PlayersWorlds.Maps.Maze.BinaryTreeMazeGenerator,FullHeight,Auto,System.Collections.Generic.List`1[PlayersWorlds.Maps.Area])" fullname="PlayersWorlds.Maps.Maze.MazeGeneratorTest.IsFillComplete(PlayersWorlds.Maps.Maze.BinaryTreeMazeGenerator,FullHeight,Auto,System.Collections.Generic.List`1[PlayersWorlds.Maps.Area])" methodname="IsFillComplete" classname="PlayersWorlds.Maps.Maze.MazeGeneratorTest" runstate="Runnable" seed="553158315" result="Skipped" label="Ignored" start-time="2024-06-12T20:10:04.5376450Z" end-time="2024-06-12T20:10:04.5377020Z" duration="0.000057" asserts="0" />
                <test-case id="1-1559" name="IsFillComplete(PlayersWorlds.Maps.Maze.BinaryTreeMazeGenerator,FullHeight,Auto,System.Collections.Generic.List`1[PlayersWorlds.Maps.Area])" fullname="PlayersWorlds.Maps.Maze.MazeGeneratorTest.IsFillComplete(PlayersWorlds.Maps.Maze.BinaryTreeMazeGenerator,FullHeight,Auto,System.Collections.Generic.List`1[PlayersWorlds.Maps.Area])" methodname="IsFillComplete" classname="PlayersWorlds.Maps.Maze.MazeGeneratorTest" runstate="Runnable" seed="1420767115" result="Skipped" label="Ignored" start-time="2024-06-12T20:10:04.5377070Z" end-time="2024-06-12T20:10:04.5377630Z" duration="0.000056" asserts="0" />
                <test-case id="1-1560" name="IsFillComplete(PlayersWorlds.Maps.Maze.BinaryTreeMazeGenerator,FullHeight,Auto,System.Collections.Generic.List`1[PlayersWorlds.Maps.Area])" fullname="PlayersWorlds.Maps.Maze.MazeGeneratorTest.IsFillComplete(PlayersWorlds.Maps.Maze.BinaryTreeMazeGenerator,FullHeight,Auto,System.Collections.Generic.List`1[PlayersWorlds.Maps.Area])" methodname="IsFillComplete" classname="PlayersWorlds.Maps.Maze.MazeGeneratorTest" runstate="Runnable" seed="462008242" result="Skipped" label="Ignored" start-time="2024-06-12T20:10:04.5377680Z" end-time="2024-06-12T20:10:04.5384120Z" duration="0.000644" asserts="0" />
                <test-case id="1-1561" name="IsFillComplete(PlayersWorlds.Maps.Maze.BinaryTreeMazeGenerator,FullHeight,Auto,System.Collections.Generic.List`1[PlayersWorlds.Maps.Area])" fullname="PlayersWorlds.Maps.Maze.MazeGeneratorTest.IsFillComplete(PlayersWorlds.Maps.Maze.BinaryTreeMazeGenerator,FullHeight,Auto,System.Collections.Generic.List`1[PlayersWorlds.Maps.Area])" methodname="IsFillComplete" classname="PlayersWorlds.Maps.Maze.MazeGeneratorTest" runstate="Runnable" seed="1545692748" result="Skipped" label="Ignored" start-time="2024-06-12T20:10:04.5384190Z" end-time="2024-06-12T20:10:04.5384970Z" duration="0.000078" asserts="0" />
                <test-case id="1-1562" name="IsFillComplete(PlayersWorlds.Maps.Maze.BinaryTreeMazeGenerator,FullHeight,Auto,System.Collections.Generic.List`1[PlayersWorlds.Maps.Area])" fullname="PlayersWorlds.Maps.Maze.MazeGeneratorTest.IsFillComplete(PlayersWorlds.Maps.Maze.BinaryTreeMazeGenerator,FullHeight,Auto,System.Collections.Generic.List`1[PlayersWorlds.Maps.Area])" methodname="IsFillComplete" classname="PlayersWorlds.Maps.Maze.MazeGeneratorTest" runstate="Runnable" seed="282653315" result="Skipped" label="Ignored" start-time="2024-06-12T20:10:04.5385030Z" end-time="2024-06-12T20:10:04.5385630Z" duration="0.000060" asserts="0" />
                <test-case id="1-1563" name="IsFillComplete(PlayersWorlds.Maps.Maze.BinaryTreeMazeGenerator,FullHeight,Manual,null)" fullname="PlayersWorlds.Maps.Maze.MazeGeneratorTest.IsFillComplete(PlayersWorlds.Maps.Maze.BinaryTreeMazeGenerator,FullHeight,Manual,null)" methodname="IsFillComplete" classname="PlayersWorlds.Maps.Maze.MazeGeneratorTest" runstate="Runnable" seed="1030846546" result="Skipped" label="Ignored" start-time="2024-06-12T20:10:04.5385680Z" end-time="2024-06-12T20:10:04.5386270Z" duration="0.000058" asserts="0" />
                <test-case id="1-1564" name="IsFillComplete(PlayersWorlds.Maps.Maze.BinaryTreeMazeGenerator,FullHeight,Manual,System.Collections.Generic.List`1[PlayersWorlds.Maps.Area])" fullname="PlayersWorlds.Maps.Maze.MazeGeneratorTest.IsFillComplete(PlayersWorlds.Maps.Maze.BinaryTreeMazeGenerator,FullHeight,Manual,System.Collections.Generic.List`1[PlayersWorlds.Maps.Area])" methodname="IsFillComplete" classname="PlayersWorlds.Maps.Maze.MazeGeneratorTest" runstate="Runnable" seed="756891197" result="Skipped" label="Ignored" start-time="2024-06-12T20:10:04.5386320Z" end-time="2024-06-12T20:10:04.5386850Z" duration="0.000053" asserts="0" />
                <test-case id="1-1565" name="IsFillComplete(PlayersWorlds.Maps.Maze.BinaryTreeMazeGenerator,FullHeight,Manual,System.Collections.Generic.List`1[PlayersWorlds.Maps.Area])" fullname="PlayersWorlds.Maps.Maze.MazeGeneratorTest.IsFillComplete(PlayersWorlds.Maps.Maze.BinaryTreeMazeGenerator,FullHeight,Manual,System.Collections.Generic.List`1[PlayersWorlds.Maps.Area])" methodname="IsFillComplete" classname="PlayersWorlds.Maps.Maze.MazeGeneratorTest" runstate="Runnable" seed="1329323734" result="Skipped" label="Ignored" start-time="2024-06-12T20:10:04.5386900Z" end-time="2024-06-12T20:10:04.5387400Z" duration="0.000050" asserts="0" />
                <test-case id="1-1566" name="IsFillComplete(PlayersWorlds.Maps.Maze.BinaryTreeMazeGenerator,FullHeight,Manual,System.Collections.Generic.List`1[PlayersWorlds.Maps.Area])" fullname="PlayersWorlds.Maps.Maze.MazeGeneratorTest.IsFillComplete(PlayersWorlds.Maps.Maze.BinaryTreeMazeGenerator,FullHeight,Manual,System.Collections.Generic.List`1[PlayersWorlds.Maps.Area])" methodname="IsFillComplete" classname="PlayersWorlds.Maps.Maze.MazeGeneratorTest" runstate="Runnable" seed="1798099021" result="Skipped" label="Ignored" start-time="2024-06-12T20:10:04.5387470Z" end-time="2024-06-12T20:10:04.5387980Z" duration="0.000052" asserts="0" />
                <test-case id="1-1567" name="IsFillComplete(PlayersWorlds.Maps.Maze.BinaryTreeMazeGenerator,FullHeight,Manual,System.Collections.Generic.List`1[PlayersWorlds.Maps.Area])" fullname="PlayersWorlds.Maps.Maze.MazeGeneratorTest.IsFillComplete(PlayersWorlds.Maps.Maze.BinaryTreeMazeGenerator,FullHeight,Manual,System.Collections.Generic.List`1[PlayersWorlds.Maps.Area])" methodname="IsFillComplete" classname="PlayersWorlds.Maps.Maze.MazeGeneratorTest" runstate="Runnable" seed="424817875" result="Skipped" label="Ignored" start-time="2024-06-12T20:10:04.5388040Z" end-time="2024-06-12T20:10:04.5388560Z" duration="0.000052" asserts="0" />
                <test-case id="1-1568" name="IsFillComplete(PlayersWorlds.Maps.Maze.BinaryTreeMazeGenerator,FullHeight,Manual,System.Collections.Generic.List`1[PlayersWorlds.Maps.Area])" fullname="PlayersWorlds.Maps.Maze.MazeGeneratorTest.IsFillComplete(PlayersWorlds.Maps.Maze.BinaryTreeMazeGenerator,FullHeight,Manual,System.Collections.Generic.List`1[PlayersWorlds.Maps.Area])" methodname="IsFillComplete" classname="PlayersWorlds.Maps.Maze.MazeGeneratorTest" runstate="Runnable" seed="1110920801" result="Skipped" label="Ignored" start-time="2024-06-12T20:10:04.5388610Z" end-time="2024-06-12T20:10:04.5389170Z" duration="0.000056" asserts="0" />
                <test-case id="1-1569" name="IsFillComplete(PlayersWorlds.Maps.Maze.BinaryTreeMazeGenerator,Full,Auto,null)" fullname="PlayersWorlds.Maps.Maze.MazeGeneratorTest.IsFillComplete(PlayersWorlds.Maps.Maze.BinaryTreeMazeGenerator,Full,Auto,null)" methodname="IsFillComplete" classname="PlayersWorlds.Maps.Maze.MazeGeneratorTest" runstate="Runnable" seed="1644847195" result="Passed" start-time="2024-06-12T20:10:04.5389220Z" end-time="2024-06-12T20:10:04.5790500Z" duration="0.040129" asserts="5" />
                <test-case id="1-1570" name="IsFillComplete(PlayersWorlds.Maps.Maze.BinaryTreeMazeGenerator,Full,Auto,System.Collections.Generic.List`1[PlayersWorlds.Maps.Area])" fullname="PlayersWorlds.Maps.Maze.MazeGeneratorTest.IsFillComplete(PlayersWorlds.Maps.Maze.BinaryTreeMazeGenerator,Full,Auto,System.Collections.Generic.List`1[PlayersWorlds.Maps.Area])" methodname="IsFillComplete" classname="PlayersWorlds.Maps.Maze.MazeGeneratorTest" runstate="Runnable" seed="1574522247" result="Passed" start-time="2024-06-12T20:10:04.5790600Z" end-time="2024-06-12T20:10:04.6189410Z" duration="0.039881" asserts="5" />
                <test-case id="1-1571" name="IsFillComplete(PlayersWorlds.Maps.Maze.BinaryTreeMazeGenerator,Full,Auto,System.Collections.Generic.List`1[PlayersWorlds.Maps.Area])" fullname="PlayersWorlds.Maps.Maze.MazeGeneratorTest.IsFillComplete(PlayersWorlds.Maps.Maze.BinaryTreeMazeGenerator,Full,Auto,System.Collections.Generic.List`1[PlayersWorlds.Maps.Area])" methodname="IsFillComplete" classname="PlayersWorlds.Maps.Maze.MazeGeneratorTest" runstate="Runnable" seed="212958773" result="Passed" start-time="2024-06-12T20:10:04.6189530Z" end-time="2024-06-12T20:10:04.6778000Z" duration="0.058847" asserts="5" />
                <test-case id="1-1572" name="IsFillComplete(PlayersWorlds.Maps.Maze.BinaryTreeMazeGenerator,Full,Auto,System.Collections.Generic.List`1[PlayersWorlds.Maps.Area])" fullname="PlayersWorlds.Maps.Maze.MazeGeneratorTest.IsFillComplete(PlayersWorlds.Maps.Maze.BinaryTreeMazeGenerator,Full,Auto,System.Collections.Generic.List`1[PlayersWorlds.Maps.Area])" methodname="IsFillComplete" classname="PlayersWorlds.Maps.Maze.MazeGeneratorTest" runstate="Runnable" seed="509644663" result="Passed" start-time="2024-06-12T20:10:04.6778110Z" end-time="2024-06-12T20:10:04.7245290Z" duration="0.046718" asserts="5" />
                <test-case id="1-1573" name="IsFillComplete(PlayersWorlds.Maps.Maze.BinaryTreeMazeGenerator,Full,Auto,System.Collections.Generic.List`1[PlayersWorlds.Maps.Area])" fullname="PlayersWorlds.Maps.Maze.MazeGeneratorTest.IsFillComplete(PlayersWorlds.Maps.Maze.BinaryTreeMazeGenerator,Full,Auto,System.Collections.Generic.List`1[PlayersWorlds.Maps.Area])" methodname="IsFillComplete" classname="PlayersWorlds.Maps.Maze.MazeGeneratorTest" runstate="Runnable" seed="812619102" result="Passed" start-time="2024-06-12T20:10:04.7245400Z" end-time="2024-06-12T20:10:04.7715850Z" duration="0.047045" asserts="5" />
                <test-case id="1-1574" name="IsFillComplete(PlayersWorlds.Maps.Maze.BinaryTreeMazeGenerator,Full,Auto,System.Collections.Generic.List`1[PlayersWorlds.Maps.Area])" fullname="PlayersWorlds.Maps.Maze.MazeGeneratorTest.IsFillComplete(PlayersWorlds.Maps.Maze.BinaryTreeMazeGenerator,Full,Auto,System.Collections.Generic.List`1[PlayersWorlds.Maps.Area])" methodname="IsFillComplete" classname="PlayersWorlds.Maps.Maze.MazeGeneratorTest" runstate="Runnable" seed="321007990" result="Passed" start-time="2024-06-12T20:10:04.7715960Z" end-time="2024-06-12T20:10:04.8328630Z" duration="0.061267" asserts="5" />
                <test-case id="1-1575" name="IsFillComplete(PlayersWorlds.Maps.Maze.BinaryTreeMazeGenerator,Full,Manual,null)" fullname="PlayersWorlds.Maps.Maze.MazeGeneratorTest.IsFillComplete(PlayersWorlds.Maps.Maze.BinaryTreeMazeGenerator,Full,Manual,null)" methodname="IsFillComplete" classname="PlayersWorlds.Maps.Maze.MazeGeneratorTest" runstate="Runnable" seed="991244936" result="Passed" start-time="2024-06-12T20:10:04.8328740Z" end-time="2024-06-12T20:10:04.8722640Z" duration="0.039390" asserts="5" />
                <test-case id="1-1576" name="IsFillComplete(PlayersWorlds.Maps.Maze.BinaryTreeMazeGenerator,Full,Manual,System.Collections.Generic.List`1[PlayersWorlds.Maps.Area])" fullname="PlayersWorlds.Maps.Maze.MazeGeneratorTest.IsFillComplete(PlayersWorlds.Maps.Maze.BinaryTreeMazeGenerator,Full,Manual,System.Collections.Generic.List`1[PlayersWorlds.Maps.Area])" methodname="IsFillComplete" classname="PlayersWorlds.Maps.Maze.MazeGeneratorTest" runstate="Runnable" seed="2138227967" result="Passed" start-time="2024-06-12T20:10:04.8722740Z" end-time="2024-06-12T20:10:04.9119030Z" duration="0.039629" asserts="5" />
                <test-case id="1-1577" name="IsFillComplete(PlayersWorlds.Maps.Maze.BinaryTreeMazeGenerator,Full,Manual,System.Collections.Generic.List`1[PlayersWorlds.Maps.Area])" fullname="PlayersWorlds.Maps.Maze.MazeGeneratorTest.IsFillComplete(PlayersWorlds.Maps.Maze.BinaryTreeMazeGenerator,Full,Manual,System.Collections.Generic.List`1[PlayersWorlds.Maps.Area])" methodname="IsFillComplete" classname="PlayersWorlds.Maps.Maze.MazeGeneratorTest" runstate="Runnable" seed="1468361093" result="Passed" start-time="2024-06-12T20:10:04.9119140Z" end-time="2024-06-12T20:10:04.9462070Z" duration="0.034293" asserts="5" />
                <test-case id="1-1578" name="IsFillComplete(PlayersWorlds.Maps.Maze.BinaryTreeMazeGenerator,Full,Manual,System.Collections.Generic.List`1[PlayersWorlds.Maps.Area])" fullname="PlayersWorlds.Maps.Maze.MazeGeneratorTest.IsFillComplete(PlayersWorlds.Maps.Maze.BinaryTreeMazeGenerator,Full,Manual,System.Collections.Generic.List`1[PlayersWorlds.Maps.Area])" methodname="IsFillComplete" classname="PlayersWorlds.Maps.Maze.MazeGeneratorTest" runstate="Runnable" seed="985819169" result="Passed" start-time="2024-06-12T20:10:04.9462180Z" end-time="2024-06-12T20:10:04.9798920Z" duration="0.033674" asserts="5" />
                <test-case id="1-1579" name="IsFillComplete(PlayersWorlds.Maps.Maze.BinaryTreeMazeGenerator,Full,Manual,System.Collections.Generic.List`1[PlayersWorlds.Maps.Area])" fullname="PlayersWorlds.Maps.Maze.MazeGeneratorTest.IsFillComplete(PlayersWorlds.Maps.Maze.BinaryTreeMazeGenerator,Full,Manual,System.Collections.Generic.List`1[PlayersWorlds.Maps.Area])" methodname="IsFillComplete" classname="PlayersWorlds.Maps.Maze.MazeGeneratorTest" runstate="Runnable" seed="658073211" result="Passed" start-time="2024-06-12T20:10:04.9799030Z" end-time="2024-06-12T20:10:05.0039670Z" duration="0.024065" asserts="5" />
                <test-case id="1-1580" name="IsFillComplete(PlayersWorlds.Maps.Maze.BinaryTreeMazeGenerator,Full,Manual,System.Collections.Generic.List`1[PlayersWorlds.Maps.Area])" fullname="PlayersWorlds.Maps.Maze.MazeGeneratorTest.IsFillComplete(PlayersWorlds.Maps.Maze.BinaryTreeMazeGenerator,Full,Manual,System.Collections.Generic.List`1[PlayersWorlds.Maps.Area])" methodname="IsFillComplete" classname="PlayersWorlds.Maps.Maze.MazeGeneratorTest" runstate="Runnable" seed="1498322819" result="Passed" start-time="2024-06-12T20:10:05.0039780Z" end-time="2024-06-12T20:10:05.0327530Z" duration="0.028774" asserts="5" />
                <test-case id="1-1581" name="IsFillComplete(PlayersWorlds.Maps.Maze.HuntAndKillMazeGenerator,Quarter,Auto,null)" fullname="PlayersWorlds.Maps.Maze.MazeGeneratorTest.IsFillComplete(PlayersWorlds.Maps.Maze.HuntAndKillMazeGenerator,Quarter,Auto,null)" methodname="IsFillComplete" classname="PlayersWorlds.Maps.Maze.MazeGeneratorTest" runstate="Runnable" seed="2093224067" result="Passed" start-time="2024-06-12T20:10:05.0327640Z" end-time="2024-06-12T20:10:05.0696200Z" duration="0.036857" asserts="5" />
                <test-case id="1-1582" name="IsFillComplete(PlayersWorlds.Maps.Maze.HuntAndKillMazeGenerator,Quarter,Auto,System.Collections.Generic.List`1[PlayersWorlds.Maps.Area])" fullname="PlayersWorlds.Maps.Maze.MazeGeneratorTest.IsFillComplete(PlayersWorlds.Maps.Maze.HuntAndKillMazeGenerator,Quarter,Auto,System.Collections.Generic.List`1[PlayersWorlds.Maps.Area])" methodname="IsFillComplete" classname="PlayersWorlds.Maps.Maze.MazeGeneratorTest" runstate="Runnable" seed="17059767" result="Passed" start-time="2024-06-12T20:10:05.0696310Z" end-time="2024-06-12T20:10:05.1003440Z" duration="0.030713" asserts="5" />
                <test-case id="1-1583" name="IsFillComplete(PlayersWorlds.Maps.Maze.HuntAndKillMazeGenerator,Quarter,Auto,System.Collections.Generic.List`1[PlayersWorlds.Maps.Area])" fullname="PlayersWorlds.Maps.Maze.MazeGeneratorTest.IsFillComplete(PlayersWorlds.Maps.Maze.HuntAndKillMazeGenerator,Quarter,Auto,System.Collections.Generic.List`1[PlayersWorlds.Maps.Area])" methodname="IsFillComplete" classname="PlayersWorlds.Maps.Maze.MazeGeneratorTest" runstate="Runnable" seed="1213716927" result="Passed" start-time="2024-06-12T20:10:05.1003560Z" end-time="2024-06-12T20:10:05.1439800Z" duration="0.043624" asserts="5" />
                <test-case id="1-1584" name="IsFillComplete(PlayersWorlds.Maps.Maze.HuntAndKillMazeGenerator,Quarter,Auto,System.Collections.Generic.List`1[PlayersWorlds.Maps.Area])" fullname="PlayersWorlds.Maps.Maze.MazeGeneratorTest.IsFillComplete(PlayersWorlds.Maps.Maze.HuntAndKillMazeGenerator,Quarter,Auto,System.Collections.Generic.List`1[PlayersWorlds.Maps.Area])" methodname="IsFillComplete" classname="PlayersWorlds.Maps.Maze.MazeGeneratorTest" runstate="Runnable" seed="169927674" result="Passed" start-time="2024-06-12T20:10:05.1439910Z" end-time="2024-06-12T20:10:05.1864050Z" duration="0.042414" asserts="5" />
                <test-case id="1-1585" name="IsFillComplete(PlayersWorlds.Maps.Maze.HuntAndKillMazeGenerator,Quarter,Auto,System.Collections.Generic.List`1[PlayersWorlds.Maps.Area])" fullname="PlayersWorlds.Maps.Maze.MazeGeneratorTest.IsFillComplete(PlayersWorlds.Maps.Maze.HuntAndKillMazeGenerator,Quarter,Auto,System.Collections.Generic.List`1[PlayersWorlds.Maps.Area])" methodname="IsFillComplete" classname="PlayersWorlds.Maps.Maze.MazeGeneratorTest" runstate="Runnable" seed="609635959" result="Passed" start-time="2024-06-12T20:10:05.1864160Z" end-time="2024-06-12T20:10:05.2285190Z" duration="0.042103" asserts="5" />
                <test-case id="1-1586" name="IsFillComplete(PlayersWorlds.Maps.Maze.HuntAndKillMazeGenerator,Quarter,Auto,System.Collections.Generic.List`1[PlayersWorlds.Maps.Area])" fullname="PlayersWorlds.Maps.Maze.MazeGeneratorTest.IsFillComplete(PlayersWorlds.Maps.Maze.HuntAndKillMazeGenerator,Quarter,Auto,System.Collections.Generic.List`1[PlayersWorlds.Maps.Area])" methodname="IsFillComplete" classname="PlayersWorlds.Maps.Maze.MazeGeneratorTest" runstate="Runnable" seed="604161344" result="Passed" start-time="2024-06-12T20:10:05.2285300Z" end-time="2024-06-12T20:10:05.2535790Z" duration="0.025049" asserts="5" />
                <test-case id="1-1587" name="IsFillComplete(PlayersWorlds.Maps.Maze.HuntAndKillMazeGenerator,Quarter,Manual,null)" fullname="PlayersWorlds.Maps.Maze.MazeGeneratorTest.IsFillComplete(PlayersWorlds.Maps.Maze.HuntAndKillMazeGenerator,Quarter,Manual,null)" methodname="IsFillComplete" classname="PlayersWorlds.Maps.Maze.MazeGeneratorTest" runstate="Runnable" seed="154234841" result="Passed" start-time="2024-06-12T20:10:05.2535900Z" end-time="2024-06-12T20:10:05.2855900Z" duration="0.032000" asserts="5" />
                <test-case id="1-1588" name="IsFillComplete(PlayersWorlds.Maps.Maze.HuntAndKillMazeGenerator,Quarter,Manual,System.Collections.Generic.List`1[PlayersWorlds.Maps.Area])" fullname="PlayersWorlds.Maps.Maze.MazeGeneratorTest.IsFillComplete(PlayersWorlds.Maps.Maze.HuntAndKillMazeGenerator,Quarter,Manual,System.Collections.Generic.List`1[PlayersWorlds.Maps.Area])" methodname="IsFillComplete" classname="PlayersWorlds.Maps.Maze.MazeGeneratorTest" runstate="Runnable" seed="578347557" result="Passed" start-time="2024-06-12T20:10:05.2856010Z" end-time="2024-06-12T20:10:05.3170930Z" duration="0.031492" asserts="5" />
                <test-case id="1-1589" name="IsFillComplete(PlayersWorlds.Maps.Maze.HuntAndKillMazeGenerator,Quarter,Manual,System.Collections.Generic.List`1[PlayersWorlds.Maps.Area])" fullname="PlayersWorlds.Maps.Maze.MazeGeneratorTest.IsFillComplete(PlayersWorlds.Maps.Maze.HuntAndKillMazeGenerator,Quarter,Manual,System.Collections.Generic.List`1[PlayersWorlds.Maps.Area])" methodname="IsFillComplete" classname="PlayersWorlds.Maps.Maze.MazeGeneratorTest" runstate="Runnable" seed="1389353669" result="Passed" start-time="2024-06-12T20:10:05.3171040Z" end-time="2024-06-12T20:10:05.3463460Z" duration="0.029242" asserts="5" />
                <test-case id="1-1590" name="IsFillComplete(PlayersWorlds.Maps.Maze.HuntAndKillMazeGenerator,Quarter,Manual,System.Collections.Generic.List`1[PlayersWorlds.Maps.Area])" fullname="PlayersWorlds.Maps.Maze.MazeGeneratorTest.IsFillComplete(PlayersWorlds.Maps.Maze.HuntAndKillMazeGenerator,Quarter,Manual,System.Collections.Generic.List`1[PlayersWorlds.Maps.Area])" methodname="IsFillComplete" classname="PlayersWorlds.Maps.Maze.MazeGeneratorTest" runstate="Runnable" seed="979001390" result="Passed" start-time="2024-06-12T20:10:05.3463570Z" end-time="2024-06-12T20:10:05.3734920Z" duration="0.027135" asserts="5" />
                <test-case id="1-1591" name="IsFillComplete(PlayersWorlds.Maps.Maze.HuntAndKillMazeGenerator,Quarter,Manual,System.Collections.Generic.List`1[PlayersWorlds.Maps.Area])" fullname="PlayersWorlds.Maps.Maze.MazeGeneratorTest.IsFillComplete(PlayersWorlds.Maps.Maze.HuntAndKillMazeGenerator,Quarter,Manual,System.Collections.Generic.List`1[PlayersWorlds.Maps.Area])" methodname="IsFillComplete" classname="PlayersWorlds.Maps.Maze.MazeGeneratorTest" runstate="Runnable" seed="1755298296" result="Passed" start-time="2024-06-12T20:10:05.3735030Z" end-time="2024-06-12T20:10:05.3919280Z" duration="0.018425" asserts="5" />
                <test-case id="1-1592" name="IsFillComplete(PlayersWorlds.Maps.Maze.HuntAndKillMazeGenerator,Quarter,Manual,System.Collections.Generic.List`1[PlayersWorlds.Maps.Area])" fullname="PlayersWorlds.Maps.Maze.MazeGeneratorTest.IsFillComplete(PlayersWorlds.Maps.Maze.HuntAndKillMazeGenerator,Quarter,Manual,System.Collections.Generic.List`1[PlayersWorlds.Maps.Area])" methodname="IsFillComplete" classname="PlayersWorlds.Maps.Maze.MazeGeneratorTest" runstate="Runnable" seed="1193017612" result="Passed" start-time="2024-06-12T20:10:05.3919390Z" end-time="2024-06-12T20:10:05.4151320Z" duration="0.023193" asserts="5" />
                <test-case id="1-1593" name="IsFillComplete(PlayersWorlds.Maps.Maze.HuntAndKillMazeGenerator,Half,Auto,null)" fullname="PlayersWorlds.Maps.Maze.MazeGeneratorTest.IsFillComplete(PlayersWorlds.Maps.Maze.HuntAndKillMazeGenerator,Half,Auto,null)" methodname="IsFillComplete" classname="PlayersWorlds.Maps.Maze.MazeGeneratorTest" runstate="Runnable" seed="150321148" result="Passed" start-time="2024-06-12T20:10:05.4151420Z" end-time="2024-06-12T20:10:05.4642420Z" duration="0.049100" asserts="5" />
                <test-case id="1-1594" name="IsFillComplete(PlayersWorlds.Maps.Maze.HuntAndKillMazeGenerator,Half,Auto,System.Collections.Generic.List`1[PlayersWorlds.Maps.Area])" fullname="PlayersWorlds.Maps.Maze.MazeGeneratorTest.IsFillComplete(PlayersWorlds.Maps.Maze.HuntAndKillMazeGenerator,Half,Auto,System.Collections.Generic.List`1[PlayersWorlds.Maps.Area])" methodname="IsFillComplete" classname="PlayersWorlds.Maps.Maze.MazeGeneratorTest" runstate="Runnable" seed="970545479" result="Passed" start-time="2024-06-12T20:10:05.4642540Z" end-time="2024-06-12T20:10:05.4861770Z" duration="0.021924" asserts="5" />
                <test-case id="1-1595" name="IsFillComplete(PlayersWorlds.Maps.Maze.HuntAndKillMazeGenerator,Half,Auto,System.Collections.Generic.List`1[PlayersWorlds.Maps.Area])" fullname="PlayersWorlds.Maps.Maze.MazeGeneratorTest.IsFillComplete(PlayersWorlds.Maps.Maze.HuntAndKillMazeGenerator,Half,Auto,System.Collections.Generic.List`1[PlayersWorlds.Maps.Area])" methodname="IsFillComplete" classname="PlayersWorlds.Maps.Maze.MazeGeneratorTest" runstate="Runnable" seed="267963748" result="Passed" start-time="2024-06-12T20:10:05.4861890Z" end-time="2024-06-12T20:10:05.5201500Z" duration="0.033961" asserts="5" />
                <test-case id="1-1596" name="IsFillComplete(PlayersWorlds.Maps.Maze.HuntAndKillMazeGenerator,Half,Auto,System.Collections.Generic.List`1[PlayersWorlds.Maps.Area])" fullname="PlayersWorlds.Maps.Maze.MazeGeneratorTest.IsFillComplete(PlayersWorlds.Maps.Maze.HuntAndKillMazeGenerator,Half,Auto,System.Collections.Generic.List`1[PlayersWorlds.Maps.Area])" methodname="IsFillComplete" classname="PlayersWorlds.Maps.Maze.MazeGeneratorTest" runstate="Runnable" seed="1666663039" result="Passed" start-time="2024-06-12T20:10:05.5201610Z" end-time="2024-06-12T20:10:05.5660720Z" duration="0.045911" asserts="5" />
                <test-case id="1-1597" name="IsFillComplete(PlayersWorlds.Maps.Maze.HuntAndKillMazeGenerator,Half,Auto,System.Collections.Generic.List`1[PlayersWorlds.Maps.Area])" fullname="PlayersWorlds.Maps.Maze.MazeGeneratorTest.IsFillComplete(PlayersWorlds.Maps.Maze.HuntAndKillMazeGenerator,Half,Auto,System.Collections.Generic.List`1[PlayersWorlds.Maps.Area])" methodname="IsFillComplete" classname="PlayersWorlds.Maps.Maze.MazeGeneratorTest" runstate="Runnable" seed="1955445062" result="Passed" start-time="2024-06-12T20:10:05.5660830Z" end-time="2024-06-12T20:10:05.6004700Z" duration="0.034387" asserts="5" />
                <test-case id="1-1598" name="IsFillComplete(PlayersWorlds.Maps.Maze.HuntAndKillMazeGenerator,Half,Auto,System.Collections.Generic.List`1[PlayersWorlds.Maps.Area])" fullname="PlayersWorlds.Maps.Maze.MazeGeneratorTest.IsFillComplete(PlayersWorlds.Maps.Maze.HuntAndKillMazeGenerator,Half,Auto,System.Collections.Generic.List`1[PlayersWorlds.Maps.Area])" methodname="IsFillComplete" classname="PlayersWorlds.Maps.Maze.MazeGeneratorTest" runstate="Runnable" seed="94046841" result="Passed" start-time="2024-06-12T20:10:05.6004820Z" end-time="2024-06-12T20:10:05.6563550Z" duration="0.055873" asserts="5" />
                <test-case id="1-1599" name="IsFillComplete(PlayersWorlds.Maps.Maze.HuntAndKillMazeGenerator,Half,Manual,null)" fullname="PlayersWorlds.Maps.Maze.MazeGeneratorTest.IsFillComplete(PlayersWorlds.Maps.Maze.HuntAndKillMazeGenerator,Half,Manual,null)" methodname="IsFillComplete" classname="PlayersWorlds.Maps.Maze.MazeGeneratorTest" runstate="Runnable" seed="1050681578" result="Passed" start-time="2024-06-12T20:10:05.6563650Z" end-time="2024-06-12T20:10:05.6890740Z" duration="0.032709" asserts="5" />
                <test-case id="1-1600" name="IsFillComplete(PlayersWorlds.Maps.Maze.HuntAndKillMazeGenerator,Half,Manual,System.Collections.Generic.List`1[PlayersWorlds.Maps.Area])" fullname="PlayersWorlds.Maps.Maze.MazeGeneratorTest.IsFillComplete(PlayersWorlds.Maps.Maze.HuntAndKillMazeGenerator,Half,Manual,System.Collections.Generic.List`1[PlayersWorlds.Maps.Area])" methodname="IsFillComplete" classname="PlayersWorlds.Maps.Maze.MazeGeneratorTest" runstate="Runnable" seed="1334586744" result="Passed" start-time="2024-06-12T20:10:05.6890850Z" end-time="2024-06-12T20:10:05.7217060Z" duration="0.032621" asserts="5" />
                <test-case id="1-1601" name="IsFillComplete(PlayersWorlds.Maps.Maze.HuntAndKillMazeGenerator,Half,Manual,System.Collections.Generic.List`1[PlayersWorlds.Maps.Area])" fullname="PlayersWorlds.Maps.Maze.MazeGeneratorTest.IsFillComplete(PlayersWorlds.Maps.Maze.HuntAndKillMazeGenerator,Half,Manual,System.Collections.Generic.List`1[PlayersWorlds.Maps.Area])" methodname="IsFillComplete" classname="PlayersWorlds.Maps.Maze.MazeGeneratorTest" runstate="Runnable" seed="1813266040" result="Passed" start-time="2024-06-12T20:10:05.7217170Z" end-time="2024-06-12T20:10:05.7542770Z" duration="0.032560" asserts="5" />
                <test-case id="1-1602" name="IsFillComplete(PlayersWorlds.Maps.Maze.HuntAndKillMazeGenerator,Half,Manual,System.Collections.Generic.List`1[PlayersWorlds.Maps.Area])" fullname="PlayersWorlds.Maps.Maze.MazeGeneratorTest.IsFillComplete(PlayersWorlds.Maps.Maze.HuntAndKillMazeGenerator,Half,Manual,System.Collections.Generic.List`1[PlayersWorlds.Maps.Area])" methodname="IsFillComplete" classname="PlayersWorlds.Maps.Maze.MazeGeneratorTest" runstate="Runnable" seed="584238076" result="Passed" start-time="2024-06-12T20:10:05.7542880Z" end-time="2024-06-12T20:10:05.7879290Z" duration="0.033641" asserts="5" />
                <test-case id="1-1603" name="IsFillComplete(PlayersWorlds.Maps.Maze.HuntAndKillMazeGenerator,Half,Manual,System.Collections.Generic.List`1[PlayersWorlds.Maps.Area])" fullname="PlayersWorlds.Maps.Maze.MazeGeneratorTest.IsFillComplete(PlayersWorlds.Maps.Maze.HuntAndKillMazeGenerator,Half,Manual,System.Collections.Generic.List`1[PlayersWorlds.Maps.Area])" methodname="IsFillComplete" classname="PlayersWorlds.Maps.Maze.MazeGeneratorTest" runstate="Runnable" seed="829285257" result="Passed" start-time="2024-06-12T20:10:05.7879400Z" end-time="2024-06-12T20:10:05.8125770Z" duration="0.024637" asserts="5" />
                <test-case id="1-1604" name="IsFillComplete(PlayersWorlds.Maps.Maze.HuntAndKillMazeGenerator,Half,Manual,System.Collections.Generic.List`1[PlayersWorlds.Maps.Area])" fullname="PlayersWorlds.Maps.Maze.MazeGeneratorTest.IsFillComplete(PlayersWorlds.Maps.Maze.HuntAndKillMazeGenerator,Half,Manual,System.Collections.Generic.List`1[PlayersWorlds.Maps.Area])" methodname="IsFillComplete" classname="PlayersWorlds.Maps.Maze.MazeGeneratorTest" runstate="Runnable" seed="488152426" result="Passed" start-time="2024-06-12T20:10:05.8125890Z" end-time="2024-06-12T20:10:05.8352590Z" duration="0.022671" asserts="5" />
                <test-case id="1-1605" name="IsFillComplete(PlayersWorlds.Maps.Maze.HuntAndKillMazeGenerator,ThreeQuarters,Auto,null)" fullname="PlayersWorlds.Maps.Maze.MazeGeneratorTest.IsFillComplete(PlayersWorlds.Maps.Maze.HuntAndKillMazeGenerator,ThreeQuarters,Auto,null)" methodname="IsFillComplete" classname="PlayersWorlds.Maps.Maze.MazeGeneratorTest" runstate="Runnable" seed="589707218" result="Passed" start-time="2024-06-12T20:10:05.8352710Z" end-time="2024-06-12T20:10:05.8566330Z" duration="0.021362" asserts="5" />
                <test-case id="1-1606" name="IsFillComplete(PlayersWorlds.Maps.Maze.HuntAndKillMazeGenerator,ThreeQuarters,Auto,System.Collections.Generic.List`1[PlayersWorlds.Maps.Area])" fullname="PlayersWorlds.Maps.Maze.MazeGeneratorTest.IsFillComplete(PlayersWorlds.Maps.Maze.HuntAndKillMazeGenerator,ThreeQuarters,Auto,System.Collections.Generic.List`1[PlayersWorlds.Maps.Area])" methodname="IsFillComplete" classname="PlayersWorlds.Maps.Maze.MazeGeneratorTest" runstate="Runnable" seed="1324742401" result="Passed" start-time="2024-06-12T20:10:05.8566440Z" end-time="2024-06-12T20:10:05.8817470Z" duration="0.025104" asserts="5" />
                <test-case id="1-1607" name="IsFillComplete(PlayersWorlds.Maps.Maze.HuntAndKillMazeGenerator,ThreeQuarters,Auto,System.Collections.Generic.List`1[PlayersWorlds.Maps.Area])" fullname="PlayersWorlds.Maps.Maze.MazeGeneratorTest.IsFillComplete(PlayersWorlds.Maps.Maze.HuntAndKillMazeGenerator,ThreeQuarters,Auto,System.Collections.Generic.List`1[PlayersWorlds.Maps.Area])" methodname="IsFillComplete" classname="PlayersWorlds.Maps.Maze.MazeGeneratorTest" runstate="Runnable" seed="1333543813" result="Passed" start-time="2024-06-12T20:10:05.8817580Z" end-time="2024-06-12T20:10:05.9258670Z" duration="0.044109" asserts="5" />
                <test-case id="1-1608" name="IsFillComplete(PlayersWorlds.Maps.Maze.HuntAndKillMazeGenerator,ThreeQuarters,Auto,System.Collections.Generic.List`1[PlayersWorlds.Maps.Area])" fullname="PlayersWorlds.Maps.Maze.MazeGeneratorTest.IsFillComplete(PlayersWorlds.Maps.Maze.HuntAndKillMazeGenerator,ThreeQuarters,Auto,System.Collections.Generic.List`1[PlayersWorlds.Maps.Area])" methodname="IsFillComplete" classname="PlayersWorlds.Maps.Maze.MazeGeneratorTest" runstate="Runnable" seed="1389148838" result="Passed" start-time="2024-06-12T20:10:05.9258780Z" end-time="2024-06-12T20:10:05.9663620Z" duration="0.040484" asserts="5" />
                <test-case id="1-1609" name="IsFillComplete(PlayersWorlds.Maps.Maze.HuntAndKillMazeGenerator,ThreeQuarters,Auto,System.Collections.Generic.List`1[PlayersWorlds.Maps.Area])" fullname="PlayersWorlds.Maps.Maze.MazeGeneratorTest.IsFillComplete(PlayersWorlds.Maps.Maze.HuntAndKillMazeGenerator,ThreeQuarters,Auto,System.Collections.Generic.List`1[PlayersWorlds.Maps.Area])" methodname="IsFillComplete" classname="PlayersWorlds.Maps.Maze.MazeGeneratorTest" runstate="Runnable" seed="1467011068" result="Passed" start-time="2024-06-12T20:10:05.9663740Z" end-time="2024-06-12T20:10:06.0256980Z" duration="0.059325" asserts="5" />
                <test-case id="1-1610" name="IsFillComplete(PlayersWorlds.Maps.Maze.HuntAndKillMazeGenerator,ThreeQuarters,Auto,System.Collections.Generic.List`1[PlayersWorlds.Maps.Area])" fullname="PlayersWorlds.Maps.Maze.MazeGeneratorTest.IsFillComplete(PlayersWorlds.Maps.Maze.HuntAndKillMazeGenerator,ThreeQuarters,Auto,System.Collections.Generic.List`1[PlayersWorlds.Maps.Area])" methodname="IsFillComplete" classname="PlayersWorlds.Maps.Maze.MazeGeneratorTest" runstate="Runnable" seed="2089860441" result="Passed" start-time="2024-06-12T20:10:06.0257090Z" end-time="2024-06-12T20:10:06.0811830Z" duration="0.055474" asserts="5" />
                <test-case id="1-1611" name="IsFillComplete(PlayersWorlds.Maps.Maze.HuntAndKillMazeGenerator,ThreeQuarters,Manual,null)" fullname="PlayersWorlds.Maps.Maze.MazeGeneratorTest.IsFillComplete(PlayersWorlds.Maps.Maze.HuntAndKillMazeGenerator,ThreeQuarters,Manual,null)" methodname="IsFillComplete" classname="PlayersWorlds.Maps.Maze.MazeGeneratorTest" runstate="Runnable" seed="591088279" result="Passed" start-time="2024-06-12T20:10:06.0811940Z" end-time="2024-06-12T20:10:06.1195720Z" duration="0.038378" asserts="5" />
                <test-case id="1-1612" name="IsFillComplete(PlayersWorlds.Maps.Maze.HuntAndKillMazeGenerator,ThreeQuarters,Manual,System.Collections.Generic.List`1[PlayersWorlds.Maps.Area])" fullname="PlayersWorlds.Maps.Maze.MazeGeneratorTest.IsFillComplete(PlayersWorlds.Maps.Maze.HuntAndKillMazeGenerator,ThreeQuarters,Manual,System.Collections.Generic.List`1[PlayersWorlds.Maps.Area])" methodname="IsFillComplete" classname="PlayersWorlds.Maps.Maze.MazeGeneratorTest" runstate="Runnable" seed="1829465140" result="Passed" start-time="2024-06-12T20:10:06.1195830Z" end-time="2024-06-12T20:10:06.1574620Z" duration="0.037879" asserts="5" />
                <test-case id="1-1613" name="IsFillComplete(PlayersWorlds.Maps.Maze.HuntAndKillMazeGenerator,ThreeQuarters,Manual,System.Collections.Generic.List`1[PlayersWorlds.Maps.Area])" fullname="PlayersWorlds.Maps.Maze.MazeGeneratorTest.IsFillComplete(PlayersWorlds.Maps.Maze.HuntAndKillMazeGenerator,ThreeQuarters,Manual,System.Collections.Generic.List`1[PlayersWorlds.Maps.Area])" methodname="IsFillComplete" classname="PlayersWorlds.Maps.Maze.MazeGeneratorTest" runstate="Runnable" seed="2042568751" result="Passed" start-time="2024-06-12T20:10:06.1574730Z" end-time="2024-06-12T20:10:06.1858260Z" duration="0.028353" asserts="5" />
                <test-case id="1-1614" name="IsFillComplete(PlayersWorlds.Maps.Maze.HuntAndKillMazeGenerator,ThreeQuarters,Manual,System.Collections.Generic.List`1[PlayersWorlds.Maps.Area])" fullname="PlayersWorlds.Maps.Maze.MazeGeneratorTest.IsFillComplete(PlayersWorlds.Maps.Maze.HuntAndKillMazeGenerator,ThreeQuarters,Manual,System.Collections.Generic.List`1[PlayersWorlds.Maps.Area])" methodname="IsFillComplete" classname="PlayersWorlds.Maps.Maze.MazeGeneratorTest" runstate="Runnable" seed="2069927943" result="Passed" start-time="2024-06-12T20:10:06.1858370Z" end-time="2024-06-12T20:10:06.2219120Z" duration="0.036076" asserts="5" />
                <test-case id="1-1615" name="IsFillComplete(PlayersWorlds.Maps.Maze.HuntAndKillMazeGenerator,ThreeQuarters,Manual,System.Collections.Generic.List`1[PlayersWorlds.Maps.Area])" fullname="PlayersWorlds.Maps.Maze.MazeGeneratorTest.IsFillComplete(PlayersWorlds.Maps.Maze.HuntAndKillMazeGenerator,ThreeQuarters,Manual,System.Collections.Generic.List`1[PlayersWorlds.Maps.Area])" methodname="IsFillComplete" classname="PlayersWorlds.Maps.Maze.MazeGeneratorTest" runstate="Runnable" seed="516267822" result="Passed" start-time="2024-06-12T20:10:06.2219230Z" end-time="2024-06-12T20:10:06.2533860Z" duration="0.031462" asserts="5" />
                <test-case id="1-1616" name="IsFillComplete(PlayersWorlds.Maps.Maze.HuntAndKillMazeGenerator,ThreeQuarters,Manual,System.Collections.Generic.List`1[PlayersWorlds.Maps.Area])" fullname="PlayersWorlds.Maps.Maze.MazeGeneratorTest.IsFillComplete(PlayersWorlds.Maps.Maze.HuntAndKillMazeGenerator,ThreeQuarters,Manual,System.Collections.Generic.List`1[PlayersWorlds.Maps.Area])" methodname="IsFillComplete" classname="PlayersWorlds.Maps.Maze.MazeGeneratorTest" runstate="Runnable" seed="1528632981" result="Passed" start-time="2024-06-12T20:10:06.2533970Z" end-time="2024-06-12T20:10:06.2844420Z" duration="0.031046" asserts="5" />
                <test-case id="1-1617" name="IsFillComplete(PlayersWorlds.Maps.Maze.HuntAndKillMazeGenerator,NinetyPercent,Auto,null)" fullname="PlayersWorlds.Maps.Maze.MazeGeneratorTest.IsFillComplete(PlayersWorlds.Maps.Maze.HuntAndKillMazeGenerator,NinetyPercent,Auto,null)" methodname="IsFillComplete" classname="PlayersWorlds.Maps.Maze.MazeGeneratorTest" runstate="Runnable" seed="1216420035" result="Passed" start-time="2024-06-12T20:10:06.2844540Z" end-time="2024-06-12T20:10:06.3319000Z" duration="0.047446" asserts="5" />
                <test-case id="1-1618" name="IsFillComplete(PlayersWorlds.Maps.Maze.HuntAndKillMazeGenerator,NinetyPercent,Auto,System.Collections.Generic.List`1[PlayersWorlds.Maps.Area])" fullname="PlayersWorlds.Maps.Maze.MazeGeneratorTest.IsFillComplete(PlayersWorlds.Maps.Maze.HuntAndKillMazeGenerator,NinetyPercent,Auto,System.Collections.Generic.List`1[PlayersWorlds.Maps.Area])" methodname="IsFillComplete" classname="PlayersWorlds.Maps.Maze.MazeGeneratorTest" runstate="Runnable" seed="860918872" result="Passed" start-time="2024-06-12T20:10:06.3319110Z" end-time="2024-06-12T20:10:06.3557270Z" duration="0.023817" asserts="5" />
                <test-case id="1-1619" name="IsFillComplete(PlayersWorlds.Maps.Maze.HuntAndKillMazeGenerator,NinetyPercent,Auto,System.Collections.Generic.List`1[PlayersWorlds.Maps.Area])" fullname="PlayersWorlds.Maps.Maze.MazeGeneratorTest.IsFillComplete(PlayersWorlds.Maps.Maze.HuntAndKillMazeGenerator,NinetyPercent,Auto,System.Collections.Generic.List`1[PlayersWorlds.Maps.Area])" methodname="IsFillComplete" classname="PlayersWorlds.Maps.Maze.MazeGeneratorTest" runstate="Runnable" seed="147255238" result="Passed" start-time="2024-06-12T20:10:06.3557480Z" end-time="2024-06-12T20:10:06.4075680Z" duration="0.051820" asserts="5" />
                <test-case id="1-1620" name="IsFillComplete(PlayersWorlds.Maps.Maze.HuntAndKillMazeGenerator,NinetyPercent,Auto,System.Collections.Generic.List`1[PlayersWorlds.Maps.Area])" fullname="PlayersWorlds.Maps.Maze.MazeGeneratorTest.IsFillComplete(PlayersWorlds.Maps.Maze.HuntAndKillMazeGenerator,NinetyPercent,Auto,System.Collections.Generic.List`1[PlayersWorlds.Maps.Area])" methodname="IsFillComplete" classname="PlayersWorlds.Maps.Maze.MazeGeneratorTest" runstate="Runnable" seed="725162390" result="Passed" start-time="2024-06-12T20:10:06.4075810Z" end-time="2024-06-12T20:10:06.4651020Z" duration="0.057520" asserts="5" />
                <test-case id="1-1621" name="IsFillComplete(PlayersWorlds.Maps.Maze.HuntAndKillMazeGenerator,NinetyPercent,Auto,System.Collections.Generic.List`1[PlayersWorlds.Maps.Area])" fullname="PlayersWorlds.Maps.Maze.MazeGeneratorTest.IsFillComplete(PlayersWorlds.Maps.Maze.HuntAndKillMazeGenerator,NinetyPercent,Auto,System.Collections.Generic.List`1[PlayersWorlds.Maps.Area])" methodname="IsFillComplete" classname="PlayersWorlds.Maps.Maze.MazeGeneratorTest" runstate="Runnable" seed="1643864180" result="Passed" start-time="2024-06-12T20:10:06.4651220Z" end-time="2024-06-12T20:10:06.5178450Z" duration="0.052723" asserts="5" />
                <test-case id="1-1622" name="IsFillComplete(PlayersWorlds.Maps.Maze.HuntAndKillMazeGenerator,NinetyPercent,Auto,System.Collections.Generic.List`1[PlayersWorlds.Maps.Area])" fullname="PlayersWorlds.Maps.Maze.MazeGeneratorTest.IsFillComplete(PlayersWorlds.Maps.Maze.HuntAndKillMazeGenerator,NinetyPercent,Auto,System.Collections.Generic.List`1[PlayersWorlds.Maps.Area])" methodname="IsFillComplete" classname="PlayersWorlds.Maps.Maze.MazeGeneratorTest" runstate="Runnable" seed="1993953965" result="Passed" start-time="2024-06-12T20:10:06.5178580Z" end-time="2024-06-12T20:10:06.5537400Z" duration="0.035881" asserts="5" />
                <test-case id="1-1623" name="IsFillComplete(PlayersWorlds.Maps.Maze.HuntAndKillMazeGenerator,NinetyPercent,Manual,null)" fullname="PlayersWorlds.Maps.Maze.MazeGeneratorTest.IsFillComplete(PlayersWorlds.Maps.Maze.HuntAndKillMazeGenerator,NinetyPercent,Manual,null)" methodname="IsFillComplete" classname="PlayersWorlds.Maps.Maze.MazeGeneratorTest" runstate="Runnable" seed="1869050779" result="Passed" start-time="2024-06-12T20:10:06.5537590Z" end-time="2024-06-12T20:10:06.5928620Z" duration="0.039103" asserts="5" />
                <test-case id="1-1624" name="IsFillComplete(PlayersWorlds.Maps.Maze.HuntAndKillMazeGenerator,NinetyPercent,Manual,System.Collections.Generic.List`1[PlayersWorlds.Maps.Area])" fullname="PlayersWorlds.Maps.Maze.MazeGeneratorTest.IsFillComplete(PlayersWorlds.Maps.Maze.HuntAndKillMazeGenerator,NinetyPercent,Manual,System.Collections.Generic.List`1[PlayersWorlds.Maps.Area])" methodname="IsFillComplete" classname="PlayersWorlds.Maps.Maze.MazeGeneratorTest" runstate="Runnable" seed="665845805" result="Passed" start-time="2024-06-12T20:10:06.5928820Z" end-time="2024-06-12T20:10:06.6320840Z" duration="0.039203" asserts="5" />
                <test-case id="1-1625" name="IsFillComplete(PlayersWorlds.Maps.Maze.HuntAndKillMazeGenerator,NinetyPercent,Manual,System.Collections.Generic.List`1[PlayersWorlds.Maps.Area])" fullname="PlayersWorlds.Maps.Maze.MazeGeneratorTest.IsFillComplete(PlayersWorlds.Maps.Maze.HuntAndKillMazeGenerator,NinetyPercent,Manual,System.Collections.Generic.List`1[PlayersWorlds.Maps.Area])" methodname="IsFillComplete" classname="PlayersWorlds.Maps.Maze.MazeGeneratorTest" runstate="Runnable" seed="1966707598" result="Passed" start-time="2024-06-12T20:10:06.6320950Z" end-time="2024-06-12T20:10:06.6677040Z" duration="0.035609" asserts="5" />
                <test-case id="1-1626" name="IsFillComplete(PlayersWorlds.Maps.Maze.HuntAndKillMazeGenerator,NinetyPercent,Manual,System.Collections.Generic.List`1[PlayersWorlds.Maps.Area])" fullname="PlayersWorlds.Maps.Maze.MazeGeneratorTest.IsFillComplete(PlayersWorlds.Maps.Maze.HuntAndKillMazeGenerator,NinetyPercent,Manual,System.Collections.Generic.List`1[PlayersWorlds.Maps.Area])" methodname="IsFillComplete" classname="PlayersWorlds.Maps.Maze.MazeGeneratorTest" runstate="Runnable" seed="1167424808" result="Passed" start-time="2024-06-12T20:10:06.6677150Z" end-time="2024-06-12T20:10:06.7054720Z" duration="0.037757" asserts="5" />
                <test-case id="1-1627" name="IsFillComplete(PlayersWorlds.Maps.Maze.HuntAndKillMazeGenerator,NinetyPercent,Manual,System.Collections.Generic.List`1[PlayersWorlds.Maps.Area])" fullname="PlayersWorlds.Maps.Maze.MazeGeneratorTest.IsFillComplete(PlayersWorlds.Maps.Maze.HuntAndKillMazeGenerator,NinetyPercent,Manual,System.Collections.Generic.List`1[PlayersWorlds.Maps.Area])" methodname="IsFillComplete" classname="PlayersWorlds.Maps.Maze.MazeGeneratorTest" runstate="Runnable" seed="359323515" result="Passed" start-time="2024-06-12T20:10:06.7054900Z" end-time="2024-06-12T20:10:06.7361980Z" duration="0.030708" asserts="5" />
                <test-case id="1-1628" name="IsFillComplete(PlayersWorlds.Maps.Maze.HuntAndKillMazeGenerator,NinetyPercent,Manual,System.Collections.Generic.List`1[PlayersWorlds.Maps.Area])" fullname="PlayersWorlds.Maps.Maze.MazeGeneratorTest.IsFillComplete(PlayersWorlds.Maps.Maze.HuntAndKillMazeGenerator,NinetyPercent,Manual,System.Collections.Generic.List`1[PlayersWorlds.Maps.Area])" methodname="IsFillComplete" classname="PlayersWorlds.Maps.Maze.MazeGeneratorTest" runstate="Runnable" seed="1989557270" result="Passed" start-time="2024-06-12T20:10:06.7362100Z" end-time="2024-06-12T20:10:06.7596550Z" duration="0.023446" asserts="5" />
                <test-case id="1-1629" name="IsFillComplete(PlayersWorlds.Maps.Maze.HuntAndKillMazeGenerator,FullWidth,Auto,null)" fullname="PlayersWorlds.Maps.Maze.MazeGeneratorTest.IsFillComplete(PlayersWorlds.Maps.Maze.HuntAndKillMazeGenerator,FullWidth,Auto,null)" methodname="IsFillComplete" classname="PlayersWorlds.Maps.Maze.MazeGeneratorTest" runstate="Runnable" seed="53044242" result="Passed" start-time="2024-06-12T20:10:06.7596670Z" end-time="2024-06-12T20:10:06.8023030Z" duration="0.042636" asserts="5" />
                <test-case id="1-1630" name="IsFillComplete(PlayersWorlds.Maps.Maze.HuntAndKillMazeGenerator,FullWidth,Auto,System.Collections.Generic.List`1[PlayersWorlds.Maps.Area])" fullname="PlayersWorlds.Maps.Maze.MazeGeneratorTest.IsFillComplete(PlayersWorlds.Maps.Maze.HuntAndKillMazeGenerator,FullWidth,Auto,System.Collections.Generic.List`1[PlayersWorlds.Maps.Area])" methodname="IsFillComplete" classname="PlayersWorlds.Maps.Maze.MazeGeneratorTest" runstate="Runnable" seed="1472065544" result="Passed" start-time="2024-06-12T20:10:06.8023210Z" end-time="2024-06-12T20:10:06.8323910Z" duration="0.030071" asserts="5" />
                <test-case id="1-1631" name="IsFillComplete(PlayersWorlds.Maps.Maze.HuntAndKillMazeGenerator,FullWidth,Auto,System.Collections.Generic.List`1[PlayersWorlds.Maps.Area])" fullname="PlayersWorlds.Maps.Maze.MazeGeneratorTest.IsFillComplete(PlayersWorlds.Maps.Maze.HuntAndKillMazeGenerator,FullWidth,Auto,System.Collections.Generic.List`1[PlayersWorlds.Maps.Area])" methodname="IsFillComplete" classname="PlayersWorlds.Maps.Maze.MazeGeneratorTest" runstate="Runnable" seed="182782905" result="Passed" start-time="2024-06-12T20:10:06.8324020Z" end-time="2024-06-12T20:10:06.8731900Z" duration="0.040788" asserts="5" />
                <test-case id="1-1632" name="IsFillComplete(PlayersWorlds.Maps.Maze.HuntAndKillMazeGenerator,FullWidth,Auto,System.Collections.Generic.List`1[PlayersWorlds.Maps.Area])" fullname="PlayersWorlds.Maps.Maze.MazeGeneratorTest.IsFillComplete(PlayersWorlds.Maps.Maze.HuntAndKillMazeGenerator,FullWidth,Auto,System.Collections.Generic.List`1[PlayersWorlds.Maps.Area])" methodname="IsFillComplete" classname="PlayersWorlds.Maps.Maze.MazeGeneratorTest" runstate="Runnable" seed="1374314252" result="Passed" start-time="2024-06-12T20:10:06.8732090Z" end-time="2024-06-12T20:10:06.9222520Z" duration="0.049043" asserts="5" />
                <test-case id="1-1633" name="IsFillComplete(PlayersWorlds.Maps.Maze.HuntAndKillMazeGenerator,FullWidth,Auto,System.Collections.Generic.List`1[PlayersWorlds.Maps.Area])" fullname="PlayersWorlds.Maps.Maze.MazeGeneratorTest.IsFillComplete(PlayersWorlds.Maps.Maze.HuntAndKillMazeGenerator,FullWidth,Auto,System.Collections.Generic.List`1[PlayersWorlds.Maps.Area])" methodname="IsFillComplete" classname="PlayersWorlds.Maps.Maze.MazeGeneratorTest" runstate="Runnable" seed="2082621238" result="Passed" start-time="2024-06-12T20:10:06.9222630Z" end-time="2024-06-12T20:10:06.9663610Z" duration="0.044097" asserts="5" />
                <test-case id="1-1634" name="IsFillComplete(PlayersWorlds.Maps.Maze.HuntAndKillMazeGenerator,FullWidth,Auto,System.Collections.Generic.List`1[PlayersWorlds.Maps.Area])" fullname="PlayersWorlds.Maps.Maze.MazeGeneratorTest.IsFillComplete(PlayersWorlds.Maps.Maze.HuntAndKillMazeGenerator,FullWidth,Auto,System.Collections.Generic.List`1[PlayersWorlds.Maps.Area])" methodname="IsFillComplete" classname="PlayersWorlds.Maps.Maze.MazeGeneratorTest" runstate="Runnable" seed="1470970114" result="Passed" start-time="2024-06-12T20:10:06.9663720Z" end-time="2024-06-12T20:10:07.0185440Z" duration="0.052172" asserts="5" />
                <test-case id="1-1635" name="IsFillComplete(PlayersWorlds.Maps.Maze.HuntAndKillMazeGenerator,FullWidth,Manual,null)" fullname="PlayersWorlds.Maps.Maze.MazeGeneratorTest.IsFillComplete(PlayersWorlds.Maps.Maze.HuntAndKillMazeGenerator,FullWidth,Manual,null)" methodname="IsFillComplete" classname="PlayersWorlds.Maps.Maze.MazeGeneratorTest" runstate="Runnable" seed="1832540426" result="Passed" start-time="2024-06-12T20:10:07.0185540Z" end-time="2024-06-12T20:10:07.0522120Z" duration="0.033657" asserts="5" />
                <test-case id="1-1636" name="IsFillComplete(PlayersWorlds.Maps.Maze.HuntAndKillMazeGenerator,FullWidth,Manual,System.Collections.Generic.List`1[PlayersWorlds.Maps.Area])" fullname="PlayersWorlds.Maps.Maze.MazeGeneratorTest.IsFillComplete(PlayersWorlds.Maps.Maze.HuntAndKillMazeGenerator,FullWidth,Manual,System.Collections.Generic.List`1[PlayersWorlds.Maps.Area])" methodname="IsFillComplete" classname="PlayersWorlds.Maps.Maze.MazeGeneratorTest" runstate="Runnable" seed="1508985991" result="Passed" start-time="2024-06-12T20:10:07.0522230Z" end-time="2024-06-12T20:10:07.0840430Z" duration="0.031820" asserts="5" />
                <test-case id="1-1637" name="IsFillComplete(PlayersWorlds.Maps.Maze.HuntAndKillMazeGenerator,FullWidth,Manual,System.Collections.Generic.List`1[PlayersWorlds.Maps.Area])" fullname="PlayersWorlds.Maps.Maze.MazeGeneratorTest.IsFillComplete(PlayersWorlds.Maps.Maze.HuntAndKillMazeGenerator,FullWidth,Manual,System.Collections.Generic.List`1[PlayersWorlds.Maps.Area])" methodname="IsFillComplete" classname="PlayersWorlds.Maps.Maze.MazeGeneratorTest" runstate="Runnable" seed="1335258157" result="Passed" start-time="2024-06-12T20:10:07.0840540Z" end-time="2024-06-12T20:10:07.1145890Z" duration="0.030534" asserts="5" />
                <test-case id="1-1638" name="IsFillComplete(PlayersWorlds.Maps.Maze.HuntAndKillMazeGenerator,FullWidth,Manual,System.Collections.Generic.List`1[PlayersWorlds.Maps.Area])" fullname="PlayersWorlds.Maps.Maze.MazeGeneratorTest.IsFillComplete(PlayersWorlds.Maps.Maze.HuntAndKillMazeGenerator,FullWidth,Manual,System.Collections.Generic.List`1[PlayersWorlds.Maps.Area])" methodname="IsFillComplete" classname="PlayersWorlds.Maps.Maze.MazeGeneratorTest" runstate="Runnable" seed="725564501" result="Passed" start-time="2024-06-12T20:10:07.1146090Z" end-time="2024-06-12T20:10:07.1462160Z" duration="0.031607" asserts="5" />
                <test-case id="1-1639" name="IsFillComplete(PlayersWorlds.Maps.Maze.HuntAndKillMazeGenerator,FullWidth,Manual,System.Collections.Generic.List`1[PlayersWorlds.Maps.Area])" fullname="PlayersWorlds.Maps.Maze.MazeGeneratorTest.IsFillComplete(PlayersWorlds.Maps.Maze.HuntAndKillMazeGenerator,FullWidth,Manual,System.Collections.Generic.List`1[PlayersWorlds.Maps.Area])" methodname="IsFillComplete" classname="PlayersWorlds.Maps.Maze.MazeGeneratorTest" runstate="Runnable" seed="1727704103" result="Passed" start-time="2024-06-12T20:10:07.1462270Z" end-time="2024-06-12T20:10:07.1677730Z" duration="0.021546" asserts="5" />
                <test-case id="1-1640" name="IsFillComplete(PlayersWorlds.Maps.Maze.HuntAndKillMazeGenerator,FullWidth,Manual,System.Collections.Generic.List`1[PlayersWorlds.Maps.Area])" fullname="PlayersWorlds.Maps.Maze.MazeGeneratorTest.IsFillComplete(PlayersWorlds.Maps.Maze.HuntAndKillMazeGenerator,FullWidth,Manual,System.Collections.Generic.List`1[PlayersWorlds.Maps.Area])" methodname="IsFillComplete" classname="PlayersWorlds.Maps.Maze.MazeGeneratorTest" runstate="Runnable" seed="1432377205" result="Passed" start-time="2024-06-12T20:10:07.1677840Z" end-time="2024-06-12T20:10:07.1927040Z" duration="0.024920" asserts="5" />
                <test-case id="1-1641" name="IsFillComplete(PlayersWorlds.Maps.Maze.HuntAndKillMazeGenerator,FullHeight,Auto,null)" fullname="PlayersWorlds.Maps.Maze.MazeGeneratorTest.IsFillComplete(PlayersWorlds.Maps.Maze.HuntAndKillMazeGenerator,FullHeight,Auto,null)" methodname="IsFillComplete" classname="PlayersWorlds.Maps.Maze.MazeGeneratorTest" runstate="Runnable" seed="1418101178" result="Passed" start-time="2024-06-12T20:10:07.1927160Z" end-time="2024-06-12T20:10:07.2375140Z" duration="0.044799" asserts="5" />
                <test-case id="1-1642" name="IsFillComplete(PlayersWorlds.Maps.Maze.HuntAndKillMazeGenerator,FullHeight,Auto,System.Collections.Generic.List`1[PlayersWorlds.Maps.Area])" fullname="PlayersWorlds.Maps.Maze.MazeGeneratorTest.IsFillComplete(PlayersWorlds.Maps.Maze.HuntAndKillMazeGenerator,FullHeight,Auto,System.Collections.Generic.List`1[PlayersWorlds.Maps.Area])" methodname="IsFillComplete" classname="PlayersWorlds.Maps.Maze.MazeGeneratorTest" runstate="Runnable" seed="912569650" result="Passed" start-time="2024-06-12T20:10:07.2375250Z" end-time="2024-06-12T20:10:07.2723990Z" duration="0.034874" asserts="5" />
                <test-case id="1-1643" name="IsFillComplete(PlayersWorlds.Maps.Maze.HuntAndKillMazeGenerator,FullHeight,Auto,System.Collections.Generic.List`1[PlayersWorlds.Maps.Area])" fullname="PlayersWorlds.Maps.Maze.MazeGeneratorTest.IsFillComplete(PlayersWorlds.Maps.Maze.HuntAndKillMazeGenerator,FullHeight,Auto,System.Collections.Generic.List`1[PlayersWorlds.Maps.Area])" methodname="IsFillComplete" classname="PlayersWorlds.Maps.Maze.MazeGeneratorTest" runstate="Runnable" seed="1258820136" result="Passed" start-time="2024-06-12T20:10:07.2724100Z" end-time="2024-06-12T20:10:07.3099440Z" duration="0.037534" asserts="5" />
                <test-case id="1-1644" name="IsFillComplete(PlayersWorlds.Maps.Maze.HuntAndKillMazeGenerator,FullHeight,Auto,System.Collections.Generic.List`1[PlayersWorlds.Maps.Area])" fullname="PlayersWorlds.Maps.Maze.MazeGeneratorTest.IsFillComplete(PlayersWorlds.Maps.Maze.HuntAndKillMazeGenerator,FullHeight,Auto,System.Collections.Generic.List`1[PlayersWorlds.Maps.Area])" methodname="IsFillComplete" classname="PlayersWorlds.Maps.Maze.MazeGeneratorTest" runstate="Runnable" seed="1446976875" result="Passed" start-time="2024-06-12T20:10:07.3099550Z" end-time="2024-06-12T20:10:07.3388730Z" duration="0.028918" asserts="5" />
                <test-case id="1-1645" name="IsFillComplete(PlayersWorlds.Maps.Maze.HuntAndKillMazeGenerator,FullHeight,Auto,System.Collections.Generic.List`1[PlayersWorlds.Maps.Area])" fullname="PlayersWorlds.Maps.Maze.MazeGeneratorTest.IsFillComplete(PlayersWorlds.Maps.Maze.HuntAndKillMazeGenerator,FullHeight,Auto,System.Collections.Generic.List`1[PlayersWorlds.Maps.Area])" methodname="IsFillComplete" classname="PlayersWorlds.Maps.Maze.MazeGeneratorTest" runstate="Runnable" seed="387913111" result="Passed" start-time="2024-06-12T20:10:07.3388840Z" end-time="2024-06-12T20:10:07.3737040Z" duration="0.034820" asserts="5" />
                <test-case id="1-1646" name="IsFillComplete(PlayersWorlds.Maps.Maze.HuntAndKillMazeGenerator,FullHeight,Auto,System.Collections.Generic.List`1[PlayersWorlds.Maps.Area])" fullname="PlayersWorlds.Maps.Maze.MazeGeneratorTest.IsFillComplete(PlayersWorlds.Maps.Maze.HuntAndKillMazeGenerator,FullHeight,Auto,System.Collections.Generic.List`1[PlayersWorlds.Maps.Area])" methodname="IsFillComplete" classname="PlayersWorlds.Maps.Maze.MazeGeneratorTest" runstate="Runnable" seed="2073316803" result="Passed" start-time="2024-06-12T20:10:07.3737160Z" end-time="2024-06-12T20:10:07.4075240Z" duration="0.033808" asserts="5" />
                <test-case id="1-1647" name="IsFillComplete(PlayersWorlds.Maps.Maze.HuntAndKillMazeGenerator,FullHeight,Manual,null)" fullname="PlayersWorlds.Maps.Maze.MazeGeneratorTest.IsFillComplete(PlayersWorlds.Maps.Maze.HuntAndKillMazeGenerator,FullHeight,Manual,null)" methodname="IsFillComplete" classname="PlayersWorlds.Maps.Maze.MazeGeneratorTest" runstate="Runnable" seed="1297932508" result="Passed" start-time="2024-06-12T20:10:07.4075430Z" end-time="2024-06-12T20:10:07.4410370Z" duration="0.033494" asserts="5" />
                <test-case id="1-1648" name="IsFillComplete(PlayersWorlds.Maps.Maze.HuntAndKillMazeGenerator,FullHeight,Manual,System.Collections.Generic.List`1[PlayersWorlds.Maps.Area])" fullname="PlayersWorlds.Maps.Maze.MazeGeneratorTest.IsFillComplete(PlayersWorlds.Maps.Maze.HuntAndKillMazeGenerator,FullHeight,Manual,System.Collections.Generic.List`1[PlayersWorlds.Maps.Area])" methodname="IsFillComplete" classname="PlayersWorlds.Maps.Maze.MazeGeneratorTest" runstate="Runnable" seed="227876852" result="Passed" start-time="2024-06-12T20:10:07.4410550Z" end-time="2024-06-12T20:10:07.4733470Z" duration="0.032292" asserts="5" />
                <test-case id="1-1649" name="IsFillComplete(PlayersWorlds.Maps.Maze.HuntAndKillMazeGenerator,FullHeight,Manual,System.Collections.Generic.List`1[PlayersWorlds.Maps.Area])" fullname="PlayersWorlds.Maps.Maze.MazeGeneratorTest.IsFillComplete(PlayersWorlds.Maps.Maze.HuntAndKillMazeGenerator,FullHeight,Manual,System.Collections.Generic.List`1[PlayersWorlds.Maps.Area])" methodname="IsFillComplete" classname="PlayersWorlds.Maps.Maze.MazeGeneratorTest" runstate="Runnable" seed="454277657" result="Passed" start-time="2024-06-12T20:10:07.4733580Z" end-time="2024-06-12T20:10:07.5024600Z" duration="0.029102" asserts="5" />
                <test-case id="1-1650" name="IsFillComplete(PlayersWorlds.Maps.Maze.HuntAndKillMazeGenerator,FullHeight,Manual,System.Collections.Generic.List`1[PlayersWorlds.Maps.Area])" fullname="PlayersWorlds.Maps.Maze.MazeGeneratorTest.IsFillComplete(PlayersWorlds.Maps.Maze.HuntAndKillMazeGenerator,FullHeight,Manual,System.Collections.Generic.List`1[PlayersWorlds.Maps.Area])" methodname="IsFillComplete" classname="PlayersWorlds.Maps.Maze.MazeGeneratorTest" runstate="Runnable" seed="886814414" result="Passed" start-time="2024-06-12T20:10:07.5024710Z" end-time="2024-06-12T20:10:07.5314410Z" duration="0.028971" asserts="5" />
                <test-case id="1-1651" name="IsFillComplete(PlayersWorlds.Maps.Maze.HuntAndKillMazeGenerator,FullHeight,Manual,System.Collections.Generic.List`1[PlayersWorlds.Maps.Area])" fullname="PlayersWorlds.Maps.Maze.MazeGeneratorTest.IsFillComplete(PlayersWorlds.Maps.Maze.HuntAndKillMazeGenerator,FullHeight,Manual,System.Collections.Generic.List`1[PlayersWorlds.Maps.Area])" methodname="IsFillComplete" classname="PlayersWorlds.Maps.Maze.MazeGeneratorTest" runstate="Runnable" seed="450243004" result="Passed" start-time="2024-06-12T20:10:07.5314530Z" end-time="2024-06-12T20:10:07.5620210Z" duration="0.030569" asserts="5" />
                <test-case id="1-1652" name="IsFillComplete(PlayersWorlds.Maps.Maze.HuntAndKillMazeGenerator,FullHeight,Manual,System.Collections.Generic.List`1[PlayersWorlds.Maps.Area])" fullname="PlayersWorlds.Maps.Maze.MazeGeneratorTest.IsFillComplete(PlayersWorlds.Maps.Maze.HuntAndKillMazeGenerator,FullHeight,Manual,System.Collections.Generic.List`1[PlayersWorlds.Maps.Area])" methodname="IsFillComplete" classname="PlayersWorlds.Maps.Maze.MazeGeneratorTest" runstate="Runnable" seed="1094526190" result="Passed" start-time="2024-06-12T20:10:07.5620320Z" end-time="2024-06-12T20:10:07.5893970Z" duration="0.027364" asserts="5" />
                <test-case id="1-1653" name="IsFillComplete(PlayersWorlds.Maps.Maze.HuntAndKillMazeGenerator,Full,Auto,null)" fullname="PlayersWorlds.Maps.Maze.MazeGeneratorTest.IsFillComplete(PlayersWorlds.Maps.Maze.HuntAndKillMazeGenerator,Full,Auto,null)" methodname="IsFillComplete" classname="PlayersWorlds.Maps.Maze.MazeGeneratorTest" runstate="Runnable" seed="2094275250" result="Passed" start-time="2024-06-12T20:10:07.5894080Z" end-time="2024-06-12T20:10:07.6386660Z" duration="0.049258" asserts="5" />
                <test-case id="1-1654" name="IsFillComplete(PlayersWorlds.Maps.Maze.HuntAndKillMazeGenerator,Full,Auto,System.Collections.Generic.List`1[PlayersWorlds.Maps.Area])" fullname="PlayersWorlds.Maps.Maze.MazeGeneratorTest.IsFillComplete(PlayersWorlds.Maps.Maze.HuntAndKillMazeGenerator,Full,Auto,System.Collections.Generic.List`1[PlayersWorlds.Maps.Area])" methodname="IsFillComplete" classname="PlayersWorlds.Maps.Maze.MazeGeneratorTest" runstate="Runnable" seed="325519188" result="Passed" start-time="2024-06-12T20:10:07.6386780Z" end-time="2024-06-12T20:10:07.6902560Z" duration="0.051578" asserts="5" />
                <test-case id="1-1655" name="IsFillComplete(PlayersWorlds.Maps.Maze.HuntAndKillMazeGenerator,Full,Auto,System.Collections.Generic.List`1[PlayersWorlds.Maps.Area])" fullname="PlayersWorlds.Maps.Maze.MazeGeneratorTest.IsFillComplete(PlayersWorlds.Maps.Maze.HuntAndKillMazeGenerator,Full,Auto,System.Collections.Generic.List`1[PlayersWorlds.Maps.Area])" methodname="IsFillComplete" classname="PlayersWorlds.Maps.Maze.MazeGeneratorTest" runstate="Runnable" seed="1838206211" result="Passed" start-time="2024-06-12T20:10:07.6902670Z" end-time="2024-06-12T20:10:07.7203050Z" duration="0.030037" asserts="5" />
                <test-case id="1-1656" name="IsFillComplete(PlayersWorlds.Maps.Maze.HuntAndKillMazeGenerator,Full,Auto,System.Collections.Generic.List`1[PlayersWorlds.Maps.Area])" fullname="PlayersWorlds.Maps.Maze.MazeGeneratorTest.IsFillComplete(PlayersWorlds.Maps.Maze.HuntAndKillMazeGenerator,Full,Auto,System.Collections.Generic.List`1[PlayersWorlds.Maps.Area])" methodname="IsFillComplete" classname="PlayersWorlds.Maps.Maze.MazeGeneratorTest" runstate="Runnable" seed="1966795722" result="Passed" start-time="2024-06-12T20:10:07.7203160Z" end-time="2024-06-12T20:10:07.7744300Z" duration="0.054114" asserts="5" />
                <test-case id="1-1657" name="IsFillComplete(PlayersWorlds.Maps.Maze.HuntAndKillMazeGenerator,Full,Auto,System.Collections.Generic.List`1[PlayersWorlds.Maps.Area])" fullname="PlayersWorlds.Maps.Maze.MazeGeneratorTest.IsFillComplete(PlayersWorlds.Maps.Maze.HuntAndKillMazeGenerator,Full,Auto,System.Collections.Generic.List`1[PlayersWorlds.Maps.Area])" methodname="IsFillComplete" classname="PlayersWorlds.Maps.Maze.MazeGeneratorTest" runstate="Runnable" seed="862670944" result="Passed" start-time="2024-06-12T20:10:07.7744410Z" end-time="2024-06-12T20:10:07.8089390Z" duration="0.034498" asserts="5" />
                <test-case id="1-1658" name="IsFillComplete(PlayersWorlds.Maps.Maze.HuntAndKillMazeGenerator,Full,Auto,System.Collections.Generic.List`1[PlayersWorlds.Maps.Area])" fullname="PlayersWorlds.Maps.Maze.MazeGeneratorTest.IsFillComplete(PlayersWorlds.Maps.Maze.HuntAndKillMazeGenerator,Full,Auto,System.Collections.Generic.List`1[PlayersWorlds.Maps.Area])" methodname="IsFillComplete" classname="PlayersWorlds.Maps.Maze.MazeGeneratorTest" runstate="Runnable" seed="163439452" result="Passed" start-time="2024-06-12T20:10:07.8089500Z" end-time="2024-06-12T20:10:07.8405580Z" duration="0.031607" asserts="5" />
                <test-case id="1-1659" name="IsFillComplete(PlayersWorlds.Maps.Maze.HuntAndKillMazeGenerator,Full,Manual,null)" fullname="PlayersWorlds.Maps.Maze.MazeGeneratorTest.IsFillComplete(PlayersWorlds.Maps.Maze.HuntAndKillMazeGenerator,Full,Manual,null)" methodname="IsFillComplete" classname="PlayersWorlds.Maps.Maze.MazeGeneratorTest" runstate="Runnable" seed="668928475" result="Passed" start-time="2024-06-12T20:10:07.8405690Z" end-time="2024-06-12T20:10:07.8815730Z" duration="0.041004" asserts="5" />
                <test-case id="1-1660" name="IsFillComplete(PlayersWorlds.Maps.Maze.HuntAndKillMazeGenerator,Full,Manual,System.Collections.Generic.List`1[PlayersWorlds.Maps.Area])" fullname="PlayersWorlds.Maps.Maze.MazeGeneratorTest.IsFillComplete(PlayersWorlds.Maps.Maze.HuntAndKillMazeGenerator,Full,Manual,System.Collections.Generic.List`1[PlayersWorlds.Maps.Area])" methodname="IsFillComplete" classname="PlayersWorlds.Maps.Maze.MazeGeneratorTest" runstate="Runnable" seed="1569766057" result="Passed" start-time="2024-06-12T20:10:07.8815850Z" end-time="2024-06-12T20:10:07.9218590Z" duration="0.040275" asserts="5" />
                <test-case id="1-1661" name="IsFillComplete(PlayersWorlds.Maps.Maze.HuntAndKillMazeGenerator,Full,Manual,System.Collections.Generic.List`1[PlayersWorlds.Maps.Area])" fullname="PlayersWorlds.Maps.Maze.MazeGeneratorTest.IsFillComplete(PlayersWorlds.Maps.Maze.HuntAndKillMazeGenerator,Full,Manual,System.Collections.Generic.List`1[PlayersWorlds.Maps.Area])" methodname="IsFillComplete" classname="PlayersWorlds.Maps.Maze.MazeGeneratorTest" runstate="Runnable" seed="965418886" result="Passed" start-time="2024-06-12T20:10:07.9218710Z" end-time="2024-06-12T20:10:07.9552660Z" duration="0.033396" asserts="5" />
                <test-case id="1-1662" name="IsFillComplete(PlayersWorlds.Maps.Maze.HuntAndKillMazeGenerator,Full,Manual,System.Collections.Generic.List`1[PlayersWorlds.Maps.Area])" fullname="PlayersWorlds.Maps.Maze.MazeGeneratorTest.IsFillComplete(PlayersWorlds.Maps.Maze.HuntAndKillMazeGenerator,Full,Manual,System.Collections.Generic.List`1[PlayersWorlds.Maps.Area])" methodname="IsFillComplete" classname="PlayersWorlds.Maps.Maze.MazeGeneratorTest" runstate="Runnable" seed="1491470190" result="Passed" start-time="2024-06-12T20:10:07.9552770Z" end-time="2024-06-12T20:10:07.9914380Z" duration="0.036161" asserts="5" />
                <test-case id="1-1663" name="IsFillComplete(PlayersWorlds.Maps.Maze.HuntAndKillMazeGenerator,Full,Manual,System.Collections.Generic.List`1[PlayersWorlds.Maps.Area])" fullname="PlayersWorlds.Maps.Maze.MazeGeneratorTest.IsFillComplete(PlayersWorlds.Maps.Maze.HuntAndKillMazeGenerator,Full,Manual,System.Collections.Generic.List`1[PlayersWorlds.Maps.Area])" methodname="IsFillComplete" classname="PlayersWorlds.Maps.Maze.MazeGeneratorTest" runstate="Runnable" seed="1336104596" result="Passed" start-time="2024-06-12T20:10:07.9914480Z" end-time="2024-06-12T20:10:08.0230270Z" duration="0.031579" asserts="5" />
                <test-case id="1-1664" name="IsFillComplete(PlayersWorlds.Maps.Maze.HuntAndKillMazeGenerator,Full,Manual,System.Collections.Generic.List`1[PlayersWorlds.Maps.Area])" fullname="PlayersWorlds.Maps.Maze.MazeGeneratorTest.IsFillComplete(PlayersWorlds.Maps.Maze.HuntAndKillMazeGenerator,Full,Manual,System.Collections.Generic.List`1[PlayersWorlds.Maps.Area])" methodname="IsFillComplete" classname="PlayersWorlds.Maps.Maze.MazeGeneratorTest" runstate="Runnable" seed="2142429171" result="Passed" start-time="2024-06-12T20:10:08.0230380Z" end-time="2024-06-12T20:10:08.0550030Z" duration="0.031965" asserts="5" />
                <test-case id="1-1665" name="IsFillComplete(PlayersWorlds.Maps.Maze.RecursiveBacktrackerMazeGenerator,Quarter,Auto,null)" fullname="PlayersWorlds.Maps.Maze.MazeGeneratorTest.IsFillComplete(PlayersWorlds.Maps.Maze.RecursiveBacktrackerMazeGenerator,Quarter,Auto,null)" methodname="IsFillComplete" classname="PlayersWorlds.Maps.Maze.MazeGeneratorTest" runstate="Runnable" seed="1907077536" result="Passed" start-time="2024-06-12T20:10:08.0550130Z" end-time="2024-06-12T20:10:08.0752550Z" duration="0.020242" asserts="5" />
                <test-case id="1-1666" name="IsFillComplete(PlayersWorlds.Maps.Maze.RecursiveBacktrackerMazeGenerator,Quarter,Auto,System.Collections.Generic.List`1[PlayersWorlds.Maps.Area])" fullname="PlayersWorlds.Maps.Maze.MazeGeneratorTest.IsFillComplete(PlayersWorlds.Maps.Maze.RecursiveBacktrackerMazeGenerator,Quarter,Auto,System.Collections.Generic.List`1[PlayersWorlds.Maps.Area])" methodname="IsFillComplete" classname="PlayersWorlds.Maps.Maze.MazeGeneratorTest" runstate="Runnable" seed="1364257674" result="Passed" start-time="2024-06-12T20:10:08.0752660Z" end-time="2024-06-12T20:10:08.0901890Z" duration="0.014923" asserts="5" />
                <test-case id="1-1667" name="IsFillComplete(PlayersWorlds.Maps.Maze.RecursiveBacktrackerMazeGenerator,Quarter,Auto,System.Collections.Generic.List`1[PlayersWorlds.Maps.Area])" fullname="PlayersWorlds.Maps.Maze.MazeGeneratorTest.IsFillComplete(PlayersWorlds.Maps.Maze.RecursiveBacktrackerMazeGenerator,Quarter,Auto,System.Collections.Generic.List`1[PlayersWorlds.Maps.Area])" methodname="IsFillComplete" classname="PlayersWorlds.Maps.Maze.MazeGeneratorTest" runstate="Runnable" seed="1894327549" result="Passed" start-time="2024-06-12T20:10:08.0902000Z" end-time="2024-06-12T20:10:08.1313090Z" duration="0.041109" asserts="5" />
                <test-case id="1-1668" name="IsFillComplete(PlayersWorlds.Maps.Maze.RecursiveBacktrackerMazeGenerator,Quarter,Auto,System.Collections.Generic.List`1[PlayersWorlds.Maps.Area])" fullname="PlayersWorlds.Maps.Maze.MazeGeneratorTest.IsFillComplete(PlayersWorlds.Maps.Maze.RecursiveBacktrackerMazeGenerator,Quarter,Auto,System.Collections.Generic.List`1[PlayersWorlds.Maps.Area])" methodname="IsFillComplete" classname="PlayersWorlds.Maps.Maze.MazeGeneratorTest" runstate="Runnable" seed="571598637" result="Passed" start-time="2024-06-12T20:10:08.1313200Z" end-time="2024-06-12T20:10:08.1587920Z" duration="0.027472" asserts="5" />
                <test-case id="1-1669" name="IsFillComplete(PlayersWorlds.Maps.Maze.RecursiveBacktrackerMazeGenerator,Quarter,Auto,System.Collections.Generic.List`1[PlayersWorlds.Maps.Area])" fullname="PlayersWorlds.Maps.Maze.MazeGeneratorTest.IsFillComplete(PlayersWorlds.Maps.Maze.RecursiveBacktrackerMazeGenerator,Quarter,Auto,System.Collections.Generic.List`1[PlayersWorlds.Maps.Area])" methodname="IsFillComplete" classname="PlayersWorlds.Maps.Maze.MazeGeneratorTest" runstate="Runnable" seed="237387517" result="Passed" start-time="2024-06-12T20:10:08.1588030Z" end-time="2024-06-12T20:10:08.2066580Z" duration="0.047855" asserts="5" />
                <test-case id="1-1670" name="IsFillComplete(PlayersWorlds.Maps.Maze.RecursiveBacktrackerMazeGenerator,Quarter,Auto,System.Collections.Generic.List`1[PlayersWorlds.Maps.Area])" fullname="PlayersWorlds.Maps.Maze.MazeGeneratorTest.IsFillComplete(PlayersWorlds.Maps.Maze.RecursiveBacktrackerMazeGenerator,Quarter,Auto,System.Collections.Generic.List`1[PlayersWorlds.Maps.Area])" methodname="IsFillComplete" classname="PlayersWorlds.Maps.Maze.MazeGeneratorTest" runstate="Runnable" seed="1154765478" result="Passed" start-time="2024-06-12T20:10:08.2066690Z" end-time="2024-06-12T20:10:08.2532830Z" duration="0.046614" asserts="5" />
                <test-case id="1-1671" name="IsFillComplete(PlayersWorlds.Maps.Maze.RecursiveBacktrackerMazeGenerator,Quarter,Manual,null)" fullname="PlayersWorlds.Maps.Maze.MazeGeneratorTest.IsFillComplete(PlayersWorlds.Maps.Maze.RecursiveBacktrackerMazeGenerator,Quarter,Manual,null)" methodname="IsFillComplete" classname="PlayersWorlds.Maps.Maze.MazeGeneratorTest" runstate="Runnable" seed="193374824" result="Passed" start-time="2024-06-12T20:10:08.2532950Z" end-time="2024-06-12T20:10:08.2855030Z" duration="0.032209" asserts="5" />
                <test-case id="1-1672" name="IsFillComplete(PlayersWorlds.Maps.Maze.RecursiveBacktrackerMazeGenerator,Quarter,Manual,System.Collections.Generic.List`1[PlayersWorlds.Maps.Area])" fullname="PlayersWorlds.Maps.Maze.MazeGeneratorTest.IsFillComplete(PlayersWorlds.Maps.Maze.RecursiveBacktrackerMazeGenerator,Quarter,Manual,System.Collections.Generic.List`1[PlayersWorlds.Maps.Area])" methodname="IsFillComplete" classname="PlayersWorlds.Maps.Maze.MazeGeneratorTest" runstate="Runnable" seed="490855534" result="Passed" start-time="2024-06-12T20:10:08.2855150Z" end-time="2024-06-12T20:10:08.3178240Z" duration="0.032309" asserts="5" />
                <test-case id="1-1673" name="IsFillComplete(PlayersWorlds.Maps.Maze.RecursiveBacktrackerMazeGenerator,Quarter,Manual,System.Collections.Generic.List`1[PlayersWorlds.Maps.Area])" fullname="PlayersWorlds.Maps.Maze.MazeGeneratorTest.IsFillComplete(PlayersWorlds.Maps.Maze.RecursiveBacktrackerMazeGenerator,Quarter,Manual,System.Collections.Generic.List`1[PlayersWorlds.Maps.Area])" methodname="IsFillComplete" classname="PlayersWorlds.Maps.Maze.MazeGeneratorTest" runstate="Runnable" seed="1280698416" result="Passed" start-time="2024-06-12T20:10:08.3178360Z" end-time="2024-06-12T20:10:08.3440950Z" duration="0.026260" asserts="5" />
                <test-case id="1-1674" name="IsFillComplete(PlayersWorlds.Maps.Maze.RecursiveBacktrackerMazeGenerator,Quarter,Manual,System.Collections.Generic.List`1[PlayersWorlds.Maps.Area])" fullname="PlayersWorlds.Maps.Maze.MazeGeneratorTest.IsFillComplete(PlayersWorlds.Maps.Maze.RecursiveBacktrackerMazeGenerator,Quarter,Manual,System.Collections.Generic.List`1[PlayersWorlds.Maps.Area])" methodname="IsFillComplete" classname="PlayersWorlds.Maps.Maze.MazeGeneratorTest" runstate="Runnable" seed="862361680" result="Passed" start-time="2024-06-12T20:10:08.3441060Z" end-time="2024-06-12T20:10:08.3740600Z" duration="0.029954" asserts="5" />
                <test-case id="1-1675" name="IsFillComplete(PlayersWorlds.Maps.Maze.RecursiveBacktrackerMazeGenerator,Quarter,Manual,System.Collections.Generic.List`1[PlayersWorlds.Maps.Area])" fullname="PlayersWorlds.Maps.Maze.MazeGeneratorTest.IsFillComplete(PlayersWorlds.Maps.Maze.RecursiveBacktrackerMazeGenerator,Quarter,Manual,System.Collections.Generic.List`1[PlayersWorlds.Maps.Area])" methodname="IsFillComplete" classname="PlayersWorlds.Maps.Maze.MazeGeneratorTest" runstate="Runnable" seed="1454544859" result="Passed" start-time="2024-06-12T20:10:08.3740720Z" end-time="2024-06-12T20:10:08.3971080Z" duration="0.023036" asserts="5" />
                <test-case id="1-1676" name="IsFillComplete(PlayersWorlds.Maps.Maze.RecursiveBacktrackerMazeGenerator,Quarter,Manual,System.Collections.Generic.List`1[PlayersWorlds.Maps.Area])" fullname="PlayersWorlds.Maps.Maze.MazeGeneratorTest.IsFillComplete(PlayersWorlds.Maps.Maze.RecursiveBacktrackerMazeGenerator,Quarter,Manual,System.Collections.Generic.List`1[PlayersWorlds.Maps.Area])" methodname="IsFillComplete" classname="PlayersWorlds.Maps.Maze.MazeGeneratorTest" runstate="Runnable" seed="731294530" result="Passed" start-time="2024-06-12T20:10:08.3971190Z" end-time="2024-06-12T20:10:08.4225300Z" duration="0.025412" asserts="5" />
                <test-case id="1-1677" name="IsFillComplete(PlayersWorlds.Maps.Maze.RecursiveBacktrackerMazeGenerator,Half,Auto,null)" fullname="PlayersWorlds.Maps.Maze.MazeGeneratorTest.IsFillComplete(PlayersWorlds.Maps.Maze.RecursiveBacktrackerMazeGenerator,Half,Auto,null)" methodname="IsFillComplete" classname="PlayersWorlds.Maps.Maze.MazeGeneratorTest" runstate="Runnable" seed="735133829" result="Passed" start-time="2024-06-12T20:10:08.4225420Z" end-time="2024-06-12T20:10:08.4493840Z" duration="0.026842" asserts="5" />
                <test-case id="1-1678" name="IsFillComplete(PlayersWorlds.Maps.Maze.RecursiveBacktrackerMazeGenerator,Half,Auto,System.Collections.Generic.List`1[PlayersWorlds.Maps.Area])" fullname="PlayersWorlds.Maps.Maze.MazeGeneratorTest.IsFillComplete(PlayersWorlds.Maps.Maze.RecursiveBacktrackerMazeGenerator,Half,Auto,System.Collections.Generic.List`1[PlayersWorlds.Maps.Area])" methodname="IsFillComplete" classname="PlayersWorlds.Maps.Maze.MazeGeneratorTest" runstate="Runnable" seed="422073904" result="Passed" start-time="2024-06-12T20:10:08.4493950Z" end-time="2024-06-12T20:10:08.4945870Z" duration="0.045192" asserts="5" />
                <test-case id="1-1679" name="IsFillComplete(PlayersWorlds.Maps.Maze.RecursiveBacktrackerMazeGenerator,Half,Auto,System.Collections.Generic.List`1[PlayersWorlds.Maps.Area])" fullname="PlayersWorlds.Maps.Maze.MazeGeneratorTest.IsFillComplete(PlayersWorlds.Maps.Maze.RecursiveBacktrackerMazeGenerator,Half,Auto,System.Collections.Generic.List`1[PlayersWorlds.Maps.Area])" methodname="IsFillComplete" classname="PlayersWorlds.Maps.Maze.MazeGeneratorTest" runstate="Runnable" seed="277932694" result="Passed" start-time="2024-06-12T20:10:08.4945980Z" end-time="2024-06-12T20:10:08.5171290Z" duration="0.022531" asserts="5" />
                <test-case id="1-1680" name="IsFillComplete(PlayersWorlds.Maps.Maze.RecursiveBacktrackerMazeGenerator,Half,Auto,System.Collections.Generic.List`1[PlayersWorlds.Maps.Area])" fullname="PlayersWorlds.Maps.Maze.MazeGeneratorTest.IsFillComplete(PlayersWorlds.Maps.Maze.RecursiveBacktrackerMazeGenerator,Half,Auto,System.Collections.Generic.List`1[PlayersWorlds.Maps.Area])" methodname="IsFillComplete" classname="PlayersWorlds.Maps.Maze.MazeGeneratorTest" runstate="Runnable" seed="2040874442" result="Passed" start-time="2024-06-12T20:10:08.5171400Z" end-time="2024-06-12T20:10:08.5496350Z" duration="0.032495" asserts="5" />
                <test-case id="1-1681" name="IsFillComplete(PlayersWorlds.Maps.Maze.RecursiveBacktrackerMazeGenerator,Half,Auto,System.Collections.Generic.List`1[PlayersWorlds.Maps.Area])" fullname="PlayersWorlds.Maps.Maze.MazeGeneratorTest.IsFillComplete(PlayersWorlds.Maps.Maze.RecursiveBacktrackerMazeGenerator,Half,Auto,System.Collections.Generic.List`1[PlayersWorlds.Maps.Area])" methodname="IsFillComplete" classname="PlayersWorlds.Maps.Maze.MazeGeneratorTest" runstate="Runnable" seed="2016975947" result="Passed" start-time="2024-06-12T20:10:08.5496460Z" end-time="2024-06-12T20:10:08.5930480Z" duration="0.043402" asserts="5" />
                <test-case id="1-1682" name="IsFillComplete(PlayersWorlds.Maps.Maze.RecursiveBacktrackerMazeGenerator,Half,Auto,System.Collections.Generic.List`1[PlayersWorlds.Maps.Area])" fullname="PlayersWorlds.Maps.Maze.MazeGeneratorTest.IsFillComplete(PlayersWorlds.Maps.Maze.RecursiveBacktrackerMazeGenerator,Half,Auto,System.Collections.Generic.List`1[PlayersWorlds.Maps.Area])" methodname="IsFillComplete" classname="PlayersWorlds.Maps.Maze.MazeGeneratorTest" runstate="Runnable" seed="131446663" result="Passed" start-time="2024-06-12T20:10:08.5930600Z" end-time="2024-06-12T20:10:08.6224410Z" duration="0.029381" asserts="5" />
                <test-case id="1-1683" name="IsFillComplete(PlayersWorlds.Maps.Maze.RecursiveBacktrackerMazeGenerator,Half,Manual,null)" fullname="PlayersWorlds.Maps.Maze.MazeGeneratorTest.IsFillComplete(PlayersWorlds.Maps.Maze.RecursiveBacktrackerMazeGenerator,Half,Manual,null)" methodname="IsFillComplete" classname="PlayersWorlds.Maps.Maze.MazeGeneratorTest" runstate="Runnable" seed="1535279613" result="Passed" start-time="2024-06-12T20:10:08.6224520Z" end-time="2024-06-12T20:10:08.6586010Z" duration="0.036149" asserts="5" />
                <test-case id="1-1684" name="IsFillComplete(PlayersWorlds.Maps.Maze.RecursiveBacktrackerMazeGenerator,Half,Manual,System.Collections.Generic.List`1[PlayersWorlds.Maps.Area])" fullname="PlayersWorlds.Maps.Maze.MazeGeneratorTest.IsFillComplete(PlayersWorlds.Maps.Maze.RecursiveBacktrackerMazeGenerator,Half,Manual,System.Collections.Generic.List`1[PlayersWorlds.Maps.Area])" methodname="IsFillComplete" classname="PlayersWorlds.Maps.Maze.MazeGeneratorTest" runstate="Runnable" seed="1313713475" result="Passed" start-time="2024-06-12T20:10:08.6586120Z" end-time="2024-06-12T20:10:08.6913600Z" duration="0.032747" asserts="5" />
                <test-case id="1-1685" name="IsFillComplete(PlayersWorlds.Maps.Maze.RecursiveBacktrackerMazeGenerator,Half,Manual,System.Collections.Generic.List`1[PlayersWorlds.Maps.Area])" fullname="PlayersWorlds.Maps.Maze.MazeGeneratorTest.IsFillComplete(PlayersWorlds.Maps.Maze.RecursiveBacktrackerMazeGenerator,Half,Manual,System.Collections.Generic.List`1[PlayersWorlds.Maps.Area])" methodname="IsFillComplete" classname="PlayersWorlds.Maps.Maze.MazeGeneratorTest" runstate="Runnable" seed="1021822540" result="Passed" start-time="2024-06-12T20:10:08.6913700Z" end-time="2024-06-12T20:10:08.7207850Z" duration="0.029415" asserts="5" />
                <test-case id="1-1686" name="IsFillComplete(PlayersWorlds.Maps.Maze.RecursiveBacktrackerMazeGenerator,Half,Manual,System.Collections.Generic.List`1[PlayersWorlds.Maps.Area])" fullname="PlayersWorlds.Maps.Maze.MazeGeneratorTest.IsFillComplete(PlayersWorlds.Maps.Maze.RecursiveBacktrackerMazeGenerator,Half,Manual,System.Collections.Generic.List`1[PlayersWorlds.Maps.Area])" methodname="IsFillComplete" classname="PlayersWorlds.Maps.Maze.MazeGeneratorTest" runstate="Runnable" seed="1235740362" result="Passed" start-time="2024-06-12T20:10:08.7207960Z" end-time="2024-06-12T20:10:08.7555090Z" duration="0.034713" asserts="5" />
                <test-case id="1-1687" name="IsFillComplete(PlayersWorlds.Maps.Maze.RecursiveBacktrackerMazeGenerator,Half,Manual,System.Collections.Generic.List`1[PlayersWorlds.Maps.Area])" fullname="PlayersWorlds.Maps.Maze.MazeGeneratorTest.IsFillComplete(PlayersWorlds.Maps.Maze.RecursiveBacktrackerMazeGenerator,Half,Manual,System.Collections.Generic.List`1[PlayersWorlds.Maps.Area])" methodname="IsFillComplete" classname="PlayersWorlds.Maps.Maze.MazeGeneratorTest" runstate="Runnable" seed="1427522649" result="Passed" start-time="2024-06-12T20:10:08.7555210Z" end-time="2024-06-12T20:10:08.7828130Z" duration="0.027292" asserts="5" />
                <test-case id="1-1688" name="IsFillComplete(PlayersWorlds.Maps.Maze.RecursiveBacktrackerMazeGenerator,Half,Manual,System.Collections.Generic.List`1[PlayersWorlds.Maps.Area])" fullname="PlayersWorlds.Maps.Maze.MazeGeneratorTest.IsFillComplete(PlayersWorlds.Maps.Maze.RecursiveBacktrackerMazeGenerator,Half,Manual,System.Collections.Generic.List`1[PlayersWorlds.Maps.Area])" methodname="IsFillComplete" classname="PlayersWorlds.Maps.Maze.MazeGeneratorTest" runstate="Runnable" seed="1757102050" result="Passed" start-time="2024-06-12T20:10:08.7828230Z" end-time="2024-06-12T20:10:08.8081820Z" duration="0.025358" asserts="5" />
                <test-case id="1-1689" name="IsFillComplete(PlayersWorlds.Maps.Maze.RecursiveBacktrackerMazeGenerator,ThreeQuarters,Auto,null)" fullname="PlayersWorlds.Maps.Maze.MazeGeneratorTest.IsFillComplete(PlayersWorlds.Maps.Maze.RecursiveBacktrackerMazeGenerator,ThreeQuarters,Auto,null)" methodname="IsFillComplete" classname="PlayersWorlds.Maps.Maze.MazeGeneratorTest" runstate="Runnable" seed="1780247550" result="Passed" start-time="2024-06-12T20:10:08.8081930Z" end-time="2024-06-12T20:10:08.8290540Z" duration="0.020862" asserts="5" />
                <test-case id="1-1690" name="IsFillComplete(PlayersWorlds.Maps.Maze.RecursiveBacktrackerMazeGenerator,ThreeQuarters,Auto,System.Collections.Generic.List`1[PlayersWorlds.Maps.Area])" fullname="PlayersWorlds.Maps.Maze.MazeGeneratorTest.IsFillComplete(PlayersWorlds.Maps.Maze.RecursiveBacktrackerMazeGenerator,ThreeQuarters,Auto,System.Collections.Generic.List`1[PlayersWorlds.Maps.Area])" methodname="IsFillComplete" classname="PlayersWorlds.Maps.Maze.MazeGeneratorTest" runstate="Runnable" seed="2013228351" result="Passed" start-time="2024-06-12T20:10:08.8290660Z" end-time="2024-06-12T20:10:08.8650980Z" duration="0.036032" asserts="5" />
                <test-case id="1-1691" name="IsFillComplete(PlayersWorlds.Maps.Maze.RecursiveBacktrackerMazeGenerator,ThreeQuarters,Auto,System.Collections.Generic.List`1[PlayersWorlds.Maps.Area])" fullname="PlayersWorlds.Maps.Maze.MazeGeneratorTest.IsFillComplete(PlayersWorlds.Maps.Maze.RecursiveBacktrackerMazeGenerator,ThreeQuarters,Auto,System.Collections.Generic.List`1[PlayersWorlds.Maps.Area])" methodname="IsFillComplete" classname="PlayersWorlds.Maps.Maze.MazeGeneratorTest" runstate="Runnable" seed="646315047" result="Passed" start-time="2024-06-12T20:10:08.8651090Z" end-time="2024-06-12T20:10:08.9092540Z" duration="0.044145" asserts="5" />
                <test-case id="1-1692" name="IsFillComplete(PlayersWorlds.Maps.Maze.RecursiveBacktrackerMazeGenerator,ThreeQuarters,Auto,System.Collections.Generic.List`1[PlayersWorlds.Maps.Area])" fullname="PlayersWorlds.Maps.Maze.MazeGeneratorTest.IsFillComplete(PlayersWorlds.Maps.Maze.RecursiveBacktrackerMazeGenerator,ThreeQuarters,Auto,System.Collections.Generic.List`1[PlayersWorlds.Maps.Area])" methodname="IsFillComplete" classname="PlayersWorlds.Maps.Maze.MazeGeneratorTest" runstate="Runnable" seed="1171818705" result="Passed" start-time="2024-06-12T20:10:08.9092650Z" end-time="2024-06-12T20:10:08.9377130Z" duration="0.028447" asserts="5" />
                <test-case id="1-1693" name="IsFillComplete(PlayersWorlds.Maps.Maze.RecursiveBacktrackerMazeGenerator,ThreeQuarters,Auto,System.Collections.Generic.List`1[PlayersWorlds.Maps.Area])" fullname="PlayersWorlds.Maps.Maze.MazeGeneratorTest.IsFillComplete(PlayersWorlds.Maps.Maze.RecursiveBacktrackerMazeGenerator,ThreeQuarters,Auto,System.Collections.Generic.List`1[PlayersWorlds.Maps.Area])" methodname="IsFillComplete" classname="PlayersWorlds.Maps.Maze.MazeGeneratorTest" runstate="Runnable" seed="56636026" result="Passed" start-time="2024-06-12T20:10:08.9377240Z" end-time="2024-06-12T20:10:08.9831180Z" duration="0.045394" asserts="5" />
                <test-case id="1-1694" name="IsFillComplete(PlayersWorlds.Maps.Maze.RecursiveBacktrackerMazeGenerator,ThreeQuarters,Auto,System.Collections.Generic.List`1[PlayersWorlds.Maps.Area])" fullname="PlayersWorlds.Maps.Maze.MazeGeneratorTest.IsFillComplete(PlayersWorlds.Maps.Maze.RecursiveBacktrackerMazeGenerator,ThreeQuarters,Auto,System.Collections.Generic.List`1[PlayersWorlds.Maps.Area])" methodname="IsFillComplete" classname="PlayersWorlds.Maps.Maze.MazeGeneratorTest" runstate="Runnable" seed="157938046" result="Passed" start-time="2024-06-12T20:10:08.9831290Z" end-time="2024-06-12T20:10:09.0326110Z" duration="0.049482" asserts="5" />
                <test-case id="1-1695" name="IsFillComplete(PlayersWorlds.Maps.Maze.RecursiveBacktrackerMazeGenerator,ThreeQuarters,Manual,null)" fullname="PlayersWorlds.Maps.Maze.MazeGeneratorTest.IsFillComplete(PlayersWorlds.Maps.Maze.RecursiveBacktrackerMazeGenerator,ThreeQuarters,Manual,null)" methodname="IsFillComplete" classname="PlayersWorlds.Maps.Maze.MazeGeneratorTest" runstate="Runnable" seed="466958319" result="Passed" start-time="2024-06-12T20:10:09.0326220Z" end-time="2024-06-12T20:10:09.0712090Z" duration="0.038587" asserts="5" />
                <test-case id="1-1696" name="IsFillComplete(PlayersWorlds.Maps.Maze.RecursiveBacktrackerMazeGenerator,ThreeQuarters,Manual,System.Collections.Generic.List`1[PlayersWorlds.Maps.Area])" fullname="PlayersWorlds.Maps.Maze.MazeGeneratorTest.IsFillComplete(PlayersWorlds.Maps.Maze.RecursiveBacktrackerMazeGenerator,ThreeQuarters,Manual,System.Collections.Generic.List`1[PlayersWorlds.Maps.Area])" methodname="IsFillComplete" classname="PlayersWorlds.Maps.Maze.MazeGeneratorTest" runstate="Runnable" seed="2074114635" result="Passed" start-time="2024-06-12T20:10:09.0712200Z" end-time="2024-06-12T20:10:09.1097480Z" duration="0.038528" asserts="5" />
                <test-case id="1-1697" name="IsFillComplete(PlayersWorlds.Maps.Maze.RecursiveBacktrackerMazeGenerator,ThreeQuarters,Manual,System.Collections.Generic.List`1[PlayersWorlds.Maps.Area])" fullname="PlayersWorlds.Maps.Maze.MazeGeneratorTest.IsFillComplete(PlayersWorlds.Maps.Maze.RecursiveBacktrackerMazeGenerator,ThreeQuarters,Manual,System.Collections.Generic.List`1[PlayersWorlds.Maps.Area])" methodname="IsFillComplete" classname="PlayersWorlds.Maps.Maze.MazeGeneratorTest" runstate="Runnable" seed="1723948701" result="Passed" start-time="2024-06-12T20:10:09.1097590Z" end-time="2024-06-12T20:10:09.1423960Z" duration="0.032637" asserts="5" />
                <test-case id="1-1698" name="IsFillComplete(PlayersWorlds.Maps.Maze.RecursiveBacktrackerMazeGenerator,ThreeQuarters,Manual,System.Collections.Generic.List`1[PlayersWorlds.Maps.Area])" fullname="PlayersWorlds.Maps.Maze.MazeGeneratorTest.IsFillComplete(PlayersWorlds.Maps.Maze.RecursiveBacktrackerMazeGenerator,ThreeQuarters,Manual,System.Collections.Generic.List`1[PlayersWorlds.Maps.Area])" methodname="IsFillComplete" classname="PlayersWorlds.Maps.Maze.MazeGeneratorTest" runstate="Runnable" seed="1263874612" result="Passed" start-time="2024-06-12T20:10:09.1424070Z" end-time="2024-06-12T20:10:09.1759210Z" duration="0.033513" asserts="5" />
                <test-case id="1-1699" name="IsFillComplete(PlayersWorlds.Maps.Maze.RecursiveBacktrackerMazeGenerator,ThreeQuarters,Manual,System.Collections.Generic.List`1[PlayersWorlds.Maps.Area])" fullname="PlayersWorlds.Maps.Maze.MazeGeneratorTest.IsFillComplete(PlayersWorlds.Maps.Maze.RecursiveBacktrackerMazeGenerator,ThreeQuarters,Manual,System.Collections.Generic.List`1[PlayersWorlds.Maps.Area])" methodname="IsFillComplete" classname="PlayersWorlds.Maps.Maze.MazeGeneratorTest" runstate="Runnable" seed="1687382986" result="Passed" start-time="2024-06-12T20:10:09.1759320Z" end-time="2024-06-12T20:10:09.2029000Z" duration="0.026968" asserts="5" />
                <test-case id="1-1700" name="IsFillComplete(PlayersWorlds.Maps.Maze.RecursiveBacktrackerMazeGenerator,ThreeQuarters,Manual,System.Collections.Generic.List`1[PlayersWorlds.Maps.Area])" fullname="PlayersWorlds.Maps.Maze.MazeGeneratorTest.IsFillComplete(PlayersWorlds.Maps.Maze.RecursiveBacktrackerMazeGenerator,ThreeQuarters,Manual,System.Collections.Generic.List`1[PlayersWorlds.Maps.Area])" methodname="IsFillComplete" classname="PlayersWorlds.Maps.Maze.MazeGeneratorTest" runstate="Runnable" seed="1171139084" result="Passed" start-time="2024-06-12T20:10:09.2029110Z" end-time="2024-06-12T20:10:09.2336380Z" duration="0.030727" asserts="5" />
                <test-case id="1-1701" name="IsFillComplete(PlayersWorlds.Maps.Maze.RecursiveBacktrackerMazeGenerator,NinetyPercent,Auto,null)" fullname="PlayersWorlds.Maps.Maze.MazeGeneratorTest.IsFillComplete(PlayersWorlds.Maps.Maze.RecursiveBacktrackerMazeGenerator,NinetyPercent,Auto,null)" methodname="IsFillComplete" classname="PlayersWorlds.Maps.Maze.MazeGeneratorTest" runstate="Runnable" seed="178989254" result="Passed" start-time="2024-06-12T20:10:09.2336500Z" end-time="2024-06-12T20:10:09.2720820Z" duration="0.038432" asserts="5" />
                <test-case id="1-1702" name="IsFillComplete(PlayersWorlds.Maps.Maze.RecursiveBacktrackerMazeGenerator,NinetyPercent,Auto,System.Collections.Generic.List`1[PlayersWorlds.Maps.Area])" fullname="PlayersWorlds.Maps.Maze.MazeGeneratorTest.IsFillComplete(PlayersWorlds.Maps.Maze.RecursiveBacktrackerMazeGenerator,NinetyPercent,Auto,System.Collections.Generic.List`1[PlayersWorlds.Maps.Area])" methodname="IsFillComplete" classname="PlayersWorlds.Maps.Maze.MazeGeneratorTest" runstate="Runnable" seed="726333871" result="Passed" start-time="2024-06-12T20:10:09.2720930Z" end-time="2024-06-12T20:10:09.2874350Z" duration="0.015342" asserts="5" />
                <test-case id="1-1703" name="IsFillComplete(PlayersWorlds.Maps.Maze.RecursiveBacktrackerMazeGenerator,NinetyPercent,Auto,System.Collections.Generic.List`1[PlayersWorlds.Maps.Area])" fullname="PlayersWorlds.Maps.Maze.MazeGeneratorTest.IsFillComplete(PlayersWorlds.Maps.Maze.RecursiveBacktrackerMazeGenerator,NinetyPercent,Auto,System.Collections.Generic.List`1[PlayersWorlds.Maps.Area])" methodname="IsFillComplete" classname="PlayersWorlds.Maps.Maze.MazeGeneratorTest" runstate="Runnable" seed="2137972982" result="Passed" start-time="2024-06-12T20:10:09.2874460Z" end-time="2024-06-12T20:10:09.3372870Z" duration="0.049841" asserts="5" />
                <test-case id="1-1704" name="IsFillComplete(PlayersWorlds.Maps.Maze.RecursiveBacktrackerMazeGenerator,NinetyPercent,Auto,System.Collections.Generic.List`1[PlayersWorlds.Maps.Area])" fullname="PlayersWorlds.Maps.Maze.MazeGeneratorTest.IsFillComplete(PlayersWorlds.Maps.Maze.RecursiveBacktrackerMazeGenerator,NinetyPercent,Auto,System.Collections.Generic.List`1[PlayersWorlds.Maps.Area])" methodname="IsFillComplete" classname="PlayersWorlds.Maps.Maze.MazeGeneratorTest" runstate="Runnable" seed="1446995826" result="Passed" start-time="2024-06-12T20:10:09.3373000Z" end-time="2024-06-12T20:10:09.3770580Z" duration="0.039759" asserts="5" />
                <test-case id="1-1705" name="IsFillComplete(PlayersWorlds.Maps.Maze.RecursiveBacktrackerMazeGenerator,NinetyPercent,Auto,System.Collections.Generic.List`1[PlayersWorlds.Maps.Area])" fullname="PlayersWorlds.Maps.Maze.MazeGeneratorTest.IsFillComplete(PlayersWorlds.Maps.Maze.RecursiveBacktrackerMazeGenerator,NinetyPercent,Auto,System.Collections.Generic.List`1[PlayersWorlds.Maps.Area])" methodname="IsFillComplete" classname="PlayersWorlds.Maps.Maze.MazeGeneratorTest" runstate="Runnable" seed="693439590" result="Passed" start-time="2024-06-12T20:10:09.3770700Z" end-time="2024-06-12T20:10:09.4297200Z" duration="0.052651" asserts="5" />
                <test-case id="1-1706" name="IsFillComplete(PlayersWorlds.Maps.Maze.RecursiveBacktrackerMazeGenerator,NinetyPercent,Auto,System.Collections.Generic.List`1[PlayersWorlds.Maps.Area])" fullname="PlayersWorlds.Maps.Maze.MazeGeneratorTest.IsFillComplete(PlayersWorlds.Maps.Maze.RecursiveBacktrackerMazeGenerator,NinetyPercent,Auto,System.Collections.Generic.List`1[PlayersWorlds.Maps.Area])" methodname="IsFillComplete" classname="PlayersWorlds.Maps.Maze.MazeGeneratorTest" runstate="Runnable" seed="2106871117" result="Passed" start-time="2024-06-12T20:10:09.4297320Z" end-time="2024-06-12T20:10:09.4653710Z" duration="0.035639" asserts="5" />
                <test-case id="1-1707" name="IsFillComplete(PlayersWorlds.Maps.Maze.RecursiveBacktrackerMazeGenerator,NinetyPercent,Manual,null)" fullname="PlayersWorlds.Maps.Maze.MazeGeneratorTest.IsFillComplete(PlayersWorlds.Maps.Maze.RecursiveBacktrackerMazeGenerator,NinetyPercent,Manual,null)" methodname="IsFillComplete" classname="PlayersWorlds.Maps.Maze.MazeGeneratorTest" runstate="Runnable" seed="1961311421" result="Passed" start-time="2024-06-12T20:10:09.4653830Z" end-time="2024-06-12T20:10:09.5057100Z" duration="0.040328" asserts="5" />
                <test-case id="1-1708" name="IsFillComplete(PlayersWorlds.Maps.Maze.RecursiveBacktrackerMazeGenerator,NinetyPercent,Manual,System.Collections.Generic.List`1[PlayersWorlds.Maps.Area])" fullname="PlayersWorlds.Maps.Maze.MazeGeneratorTest.IsFillComplete(PlayersWorlds.Maps.Maze.RecursiveBacktrackerMazeGenerator,NinetyPercent,Manual,System.Collections.Generic.List`1[PlayersWorlds.Maps.Area])" methodname="IsFillComplete" classname="PlayersWorlds.Maps.Maze.MazeGeneratorTest" runstate="Runnable" seed="1231913570" result="Passed" start-time="2024-06-12T20:10:09.5057210Z" end-time="2024-06-12T20:10:09.5451790Z" duration="0.039458" asserts="5" />
                <test-case id="1-1709" name="IsFillComplete(PlayersWorlds.Maps.Maze.RecursiveBacktrackerMazeGenerator,NinetyPercent,Manual,System.Collections.Generic.List`1[PlayersWorlds.Maps.Area])" fullname="PlayersWorlds.Maps.Maze.MazeGeneratorTest.IsFillComplete(PlayersWorlds.Maps.Maze.RecursiveBacktrackerMazeGenerator,NinetyPercent,Manual,System.Collections.Generic.List`1[PlayersWorlds.Maps.Area])" methodname="IsFillComplete" classname="PlayersWorlds.Maps.Maze.MazeGeneratorTest" runstate="Runnable" seed="1018457976" result="Passed" start-time="2024-06-12T20:10:09.5451900Z" end-time="2024-06-12T20:10:09.5787220Z" duration="0.033532" asserts="5" />
                <test-case id="1-1710" name="IsFillComplete(PlayersWorlds.Maps.Maze.RecursiveBacktrackerMazeGenerator,NinetyPercent,Manual,System.Collections.Generic.List`1[PlayersWorlds.Maps.Area])" fullname="PlayersWorlds.Maps.Maze.MazeGeneratorTest.IsFillComplete(PlayersWorlds.Maps.Maze.RecursiveBacktrackerMazeGenerator,NinetyPercent,Manual,System.Collections.Generic.List`1[PlayersWorlds.Maps.Area])" methodname="IsFillComplete" classname="PlayersWorlds.Maps.Maze.MazeGeneratorTest" runstate="Runnable" seed="1106911681" result="Passed" start-time="2024-06-12T20:10:09.5787330Z" end-time="2024-06-12T20:10:09.6136580Z" duration="0.034925" asserts="5" />
                <test-case id="1-1711" name="IsFillComplete(PlayersWorlds.Maps.Maze.RecursiveBacktrackerMazeGenerator,NinetyPercent,Manual,System.Collections.Generic.List`1[PlayersWorlds.Maps.Area])" fullname="PlayersWorlds.Maps.Maze.MazeGeneratorTest.IsFillComplete(PlayersWorlds.Maps.Maze.RecursiveBacktrackerMazeGenerator,NinetyPercent,Manual,System.Collections.Generic.List`1[PlayersWorlds.Maps.Area])" methodname="IsFillComplete" classname="PlayersWorlds.Maps.Maze.MazeGeneratorTest" runstate="Runnable" seed="1231661893" result="Passed" start-time="2024-06-12T20:10:09.6136730Z" end-time="2024-06-12T20:10:09.6414730Z" duration="0.027800" asserts="5" />
                <test-case id="1-1712" name="IsFillComplete(PlayersWorlds.Maps.Maze.RecursiveBacktrackerMazeGenerator,NinetyPercent,Manual,System.Collections.Generic.List`1[PlayersWorlds.Maps.Area])" fullname="PlayersWorlds.Maps.Maze.MazeGeneratorTest.IsFillComplete(PlayersWorlds.Maps.Maze.RecursiveBacktrackerMazeGenerator,NinetyPercent,Manual,System.Collections.Generic.List`1[PlayersWorlds.Maps.Area])" methodname="IsFillComplete" classname="PlayersWorlds.Maps.Maze.MazeGeneratorTest" runstate="Runnable" seed="440597040" result="Passed" start-time="2024-06-12T20:10:09.6414840Z" end-time="2024-06-12T20:10:09.6694820Z" duration="0.027997" asserts="5" />
                <test-case id="1-1713" name="IsFillComplete(PlayersWorlds.Maps.Maze.RecursiveBacktrackerMazeGenerator,FullWidth,Auto,null)" fullname="PlayersWorlds.Maps.Maze.MazeGeneratorTest.IsFillComplete(PlayersWorlds.Maps.Maze.RecursiveBacktrackerMazeGenerator,FullWidth,Auto,null)" methodname="IsFillComplete" classname="PlayersWorlds.Maps.Maze.MazeGeneratorTest" runstate="Runnable" seed="2032990405" result="Passed" start-time="2024-06-12T20:10:09.6694930Z" end-time="2024-06-12T20:10:09.7162680Z" duration="0.046775" asserts="5" />
                <test-case id="1-1714" name="IsFillComplete(PlayersWorlds.Maps.Maze.RecursiveBacktrackerMazeGenerator,FullWidth,Auto,System.Collections.Generic.List`1[PlayersWorlds.Maps.Area])" fullname="PlayersWorlds.Maps.Maze.MazeGeneratorTest.IsFillComplete(PlayersWorlds.Maps.Maze.RecursiveBacktrackerMazeGenerator,FullWidth,Auto,System.Collections.Generic.List`1[PlayersWorlds.Maps.Area])" methodname="IsFillComplete" classname="PlayersWorlds.Maps.Maze.MazeGeneratorTest" runstate="Runnable" seed="775537680" result="Passed" start-time="2024-06-12T20:10:09.7162790Z" end-time="2024-06-12T20:10:09.7285160Z" duration="0.012237" asserts="5" />
                <test-case id="1-1715" name="IsFillComplete(PlayersWorlds.Maps.Maze.RecursiveBacktrackerMazeGenerator,FullWidth,Auto,System.Collections.Generic.List`1[PlayersWorlds.Maps.Area])" fullname="PlayersWorlds.Maps.Maze.MazeGeneratorTest.IsFillComplete(PlayersWorlds.Maps.Maze.RecursiveBacktrackerMazeGenerator,FullWidth,Auto,System.Collections.Generic.List`1[PlayersWorlds.Maps.Area])" methodname="IsFillComplete" classname="PlayersWorlds.Maps.Maze.MazeGeneratorTest" runstate="Runnable" seed="1700273757" result="Passed" start-time="2024-06-12T20:10:09.7285270Z" end-time="2024-06-12T20:10:09.7500330Z" duration="0.021505" asserts="5" />
                <test-case id="1-1716" name="IsFillComplete(PlayersWorlds.Maps.Maze.RecursiveBacktrackerMazeGenerator,FullWidth,Auto,System.Collections.Generic.List`1[PlayersWorlds.Maps.Area])" fullname="PlayersWorlds.Maps.Maze.MazeGeneratorTest.IsFillComplete(PlayersWorlds.Maps.Maze.RecursiveBacktrackerMazeGenerator,FullWidth,Auto,System.Collections.Generic.List`1[PlayersWorlds.Maps.Area])" methodname="IsFillComplete" classname="PlayersWorlds.Maps.Maze.MazeGeneratorTest" runstate="Runnable" seed="833972223" result="Passed" start-time="2024-06-12T20:10:09.7500440Z" end-time="2024-06-12T20:10:09.7831710Z" duration="0.033127" asserts="5" />
                <test-case id="1-1717" name="IsFillComplete(PlayersWorlds.Maps.Maze.RecursiveBacktrackerMazeGenerator,FullWidth,Auto,System.Collections.Generic.List`1[PlayersWorlds.Maps.Area])" fullname="PlayersWorlds.Maps.Maze.MazeGeneratorTest.IsFillComplete(PlayersWorlds.Maps.Maze.RecursiveBacktrackerMazeGenerator,FullWidth,Auto,System.Collections.Generic.List`1[PlayersWorlds.Maps.Area])" methodname="IsFillComplete" classname="PlayersWorlds.Maps.Maze.MazeGeneratorTest" runstate="Runnable" seed="2103674224" result="Passed" start-time="2024-06-12T20:10:09.7831830Z" end-time="2024-06-12T20:10:09.8207430Z" duration="0.037560" asserts="5" />
                <test-case id="1-1718" name="IsFillComplete(PlayersWorlds.Maps.Maze.RecursiveBacktrackerMazeGenerator,FullWidth,Auto,System.Collections.Generic.List`1[PlayersWorlds.Maps.Area])" fullname="PlayersWorlds.Maps.Maze.MazeGeneratorTest.IsFillComplete(PlayersWorlds.Maps.Maze.RecursiveBacktrackerMazeGenerator,FullWidth,Auto,System.Collections.Generic.List`1[PlayersWorlds.Maps.Area])" methodname="IsFillComplete" classname="PlayersWorlds.Maps.Maze.MazeGeneratorTest" runstate="Runnable" seed="22391121" result="Passed" start-time="2024-06-12T20:10:09.8207540Z" end-time="2024-06-12T20:10:09.8830740Z" duration="0.062320" asserts="5" />
                <test-case id="1-1719" name="IsFillComplete(PlayersWorlds.Maps.Maze.RecursiveBacktrackerMazeGenerator,FullWidth,Manual,null)" fullname="PlayersWorlds.Maps.Maze.MazeGeneratorTest.IsFillComplete(PlayersWorlds.Maps.Maze.RecursiveBacktrackerMazeGenerator,FullWidth,Manual,null)" methodname="IsFillComplete" classname="PlayersWorlds.Maps.Maze.MazeGeneratorTest" runstate="Runnable" seed="1120606631" result="Passed" start-time="2024-06-12T20:10:09.8830920Z" end-time="2024-06-12T20:10:09.9159110Z" duration="0.032819" asserts="5" />
                <test-case id="1-1720" name="IsFillComplete(PlayersWorlds.Maps.Maze.RecursiveBacktrackerMazeGenerator,FullWidth,Manual,System.Collections.Generic.List`1[PlayersWorlds.Maps.Area])" fullname="PlayersWorlds.Maps.Maze.MazeGeneratorTest.IsFillComplete(PlayersWorlds.Maps.Maze.RecursiveBacktrackerMazeGenerator,FullWidth,Manual,System.Collections.Generic.List`1[PlayersWorlds.Maps.Area])" methodname="IsFillComplete" classname="PlayersWorlds.Maps.Maze.MazeGeneratorTest" runstate="Runnable" seed="671337174" result="Passed" start-time="2024-06-12T20:10:09.9159220Z" end-time="2024-06-12T20:10:09.9478160Z" duration="0.031894" asserts="5" />
                <test-case id="1-1721" name="IsFillComplete(PlayersWorlds.Maps.Maze.RecursiveBacktrackerMazeGenerator,FullWidth,Manual,System.Collections.Generic.List`1[PlayersWorlds.Maps.Area])" fullname="PlayersWorlds.Maps.Maze.MazeGeneratorTest.IsFillComplete(PlayersWorlds.Maps.Maze.RecursiveBacktrackerMazeGenerator,FullWidth,Manual,System.Collections.Generic.List`1[PlayersWorlds.Maps.Area])" methodname="IsFillComplete" classname="PlayersWorlds.Maps.Maze.MazeGeneratorTest" runstate="Runnable" seed="2084218672" result="Passed" start-time="2024-06-12T20:10:09.9478270Z" end-time="2024-06-12T20:10:09.9772040Z" duration="0.029377" asserts="5" />
                <test-case id="1-1722" name="IsFillComplete(PlayersWorlds.Maps.Maze.RecursiveBacktrackerMazeGenerator,FullWidth,Manual,System.Collections.Generic.List`1[PlayersWorlds.Maps.Area])" fullname="PlayersWorlds.Maps.Maze.MazeGeneratorTest.IsFillComplete(PlayersWorlds.Maps.Maze.RecursiveBacktrackerMazeGenerator,FullWidth,Manual,System.Collections.Generic.List`1[PlayersWorlds.Maps.Area])" methodname="IsFillComplete" classname="PlayersWorlds.Maps.Maze.MazeGeneratorTest" runstate="Runnable" seed="137225499" result="Passed" start-time="2024-06-12T20:10:09.9772150Z" end-time="2024-06-12T20:10:10.0103010Z" duration="0.033086" asserts="5" />
                <test-case id="1-1723" name="IsFillComplete(PlayersWorlds.Maps.Maze.RecursiveBacktrackerMazeGenerator,FullWidth,Manual,System.Collections.Generic.List`1[PlayersWorlds.Maps.Area])" fullname="PlayersWorlds.Maps.Maze.MazeGeneratorTest.IsFillComplete(PlayersWorlds.Maps.Maze.RecursiveBacktrackerMazeGenerator,FullWidth,Manual,System.Collections.Generic.List`1[PlayersWorlds.Maps.Area])" methodname="IsFillComplete" classname="PlayersWorlds.Maps.Maze.MazeGeneratorTest" runstate="Runnable" seed="938834734" result="Passed" start-time="2024-06-12T20:10:10.0103120Z" end-time="2024-06-12T20:10:10.0254830Z" duration="0.015170" asserts="5" />
                <test-case id="1-1724" name="IsFillComplete(PlayersWorlds.Maps.Maze.RecursiveBacktrackerMazeGenerator,FullWidth,Manual,System.Collections.Generic.List`1[PlayersWorlds.Maps.Area])" fullname="PlayersWorlds.Maps.Maze.MazeGeneratorTest.IsFillComplete(PlayersWorlds.Maps.Maze.RecursiveBacktrackerMazeGenerator,FullWidth,Manual,System.Collections.Generic.List`1[PlayersWorlds.Maps.Area])" methodname="IsFillComplete" classname="PlayersWorlds.Maps.Maze.MazeGeneratorTest" runstate="Runnable" seed="371642813" result="Passed" start-time="2024-06-12T20:10:10.0254930Z" end-time="2024-06-12T20:10:10.0458840Z" duration="0.020391" asserts="5" />
                <test-case id="1-1725" name="IsFillComplete(PlayersWorlds.Maps.Maze.RecursiveBacktrackerMazeGenerator,FullHeight,Auto,null)" fullname="PlayersWorlds.Maps.Maze.MazeGeneratorTest.IsFillComplete(PlayersWorlds.Maps.Maze.RecursiveBacktrackerMazeGenerator,FullHeight,Auto,null)" methodname="IsFillComplete" classname="PlayersWorlds.Maps.Maze.MazeGeneratorTest" runstate="Runnable" seed="508450431" result="Passed" start-time="2024-06-12T20:10:10.0458950Z" end-time="2024-06-12T20:10:10.0901570Z" duration="0.044262" asserts="5" />
                <test-case id="1-1726" name="IsFillComplete(PlayersWorlds.Maps.Maze.RecursiveBacktrackerMazeGenerator,FullHeight,Auto,System.Collections.Generic.List`1[PlayersWorlds.Maps.Area])" fullname="PlayersWorlds.Maps.Maze.MazeGeneratorTest.IsFillComplete(PlayersWorlds.Maps.Maze.RecursiveBacktrackerMazeGenerator,FullHeight,Auto,System.Collections.Generic.List`1[PlayersWorlds.Maps.Area])" methodname="IsFillComplete" classname="PlayersWorlds.Maps.Maze.MazeGeneratorTest" runstate="Runnable" seed="1169039766" result="Passed" start-time="2024-06-12T20:10:10.0901680Z" end-time="2024-06-12T20:10:10.1422380Z" duration="0.052070" asserts="5" />
                <test-case id="1-1727" name="IsFillComplete(PlayersWorlds.Maps.Maze.RecursiveBacktrackerMazeGenerator,FullHeight,Auto,System.Collections.Generic.List`1[PlayersWorlds.Maps.Area])" fullname="PlayersWorlds.Maps.Maze.MazeGeneratorTest.IsFillComplete(PlayersWorlds.Maps.Maze.RecursiveBacktrackerMazeGenerator,FullHeight,Auto,System.Collections.Generic.List`1[PlayersWorlds.Maps.Area])" methodname="IsFillComplete" classname="PlayersWorlds.Maps.Maze.MazeGeneratorTest" runstate="Runnable" seed="434219508" result="Passed" start-time="2024-06-12T20:10:10.1422490Z" end-time="2024-06-12T20:10:10.1848800Z" duration="0.042631" asserts="5" />
                <test-case id="1-1728" name="IsFillComplete(PlayersWorlds.Maps.Maze.RecursiveBacktrackerMazeGenerator,FullHeight,Auto,System.Collections.Generic.List`1[PlayersWorlds.Maps.Area])" fullname="PlayersWorlds.Maps.Maze.MazeGeneratorTest.IsFillComplete(PlayersWorlds.Maps.Maze.RecursiveBacktrackerMazeGenerator,FullHeight,Auto,System.Collections.Generic.List`1[PlayersWorlds.Maps.Area])" methodname="IsFillComplete" classname="PlayersWorlds.Maps.Maze.MazeGeneratorTest" runstate="Runnable" seed="1122760370" result="Passed" start-time="2024-06-12T20:10:10.1848920Z" end-time="2024-06-12T20:10:10.2353650Z" duration="0.050473" asserts="5" />
                <test-case id="1-1729" name="IsFillComplete(PlayersWorlds.Maps.Maze.RecursiveBacktrackerMazeGenerator,FullHeight,Auto,System.Collections.Generic.List`1[PlayersWorlds.Maps.Area])" fullname="PlayersWorlds.Maps.Maze.MazeGeneratorTest.IsFillComplete(PlayersWorlds.Maps.Maze.RecursiveBacktrackerMazeGenerator,FullHeight,Auto,System.Collections.Generic.List`1[PlayersWorlds.Maps.Area])" methodname="IsFillComplete" classname="PlayersWorlds.Maps.Maze.MazeGeneratorTest" runstate="Runnable" seed="395403361" result="Passed" start-time="2024-06-12T20:10:10.2353760Z" end-time="2024-06-12T20:10:10.2750990Z" duration="0.039724" asserts="5" />
                <test-case id="1-1730" name="IsFillComplete(PlayersWorlds.Maps.Maze.RecursiveBacktrackerMazeGenerator,FullHeight,Auto,System.Collections.Generic.List`1[PlayersWorlds.Maps.Area])" fullname="PlayersWorlds.Maps.Maze.MazeGeneratorTest.IsFillComplete(PlayersWorlds.Maps.Maze.RecursiveBacktrackerMazeGenerator,FullHeight,Auto,System.Collections.Generic.List`1[PlayersWorlds.Maps.Area])" methodname="IsFillComplete" classname="PlayersWorlds.Maps.Maze.MazeGeneratorTest" runstate="Runnable" seed="1527913871" result="Passed" start-time="2024-06-12T20:10:10.2751100Z" end-time="2024-06-12T20:10:10.3178960Z" duration="0.042786" asserts="5" />
                <test-case id="1-1731" name="IsFillComplete(PlayersWorlds.Maps.Maze.RecursiveBacktrackerMazeGenerator,FullHeight,Manual,null)" fullname="PlayersWorlds.Maps.Maze.MazeGeneratorTest.IsFillComplete(PlayersWorlds.Maps.Maze.RecursiveBacktrackerMazeGenerator,FullHeight,Manual,null)" methodname="IsFillComplete" classname="PlayersWorlds.Maps.Maze.MazeGeneratorTest" runstate="Runnable" seed="1154829476" result="Passed" start-time="2024-06-12T20:10:10.3179080Z" end-time="2024-06-12T20:10:10.3503740Z" duration="0.032466" asserts="5" />
                <test-case id="1-1732" name="IsFillComplete(PlayersWorlds.Maps.Maze.RecursiveBacktrackerMazeGenerator,FullHeight,Manual,System.Collections.Generic.List`1[PlayersWorlds.Maps.Area])" fullname="PlayersWorlds.Maps.Maze.MazeGeneratorTest.IsFillComplete(PlayersWorlds.Maps.Maze.RecursiveBacktrackerMazeGenerator,FullHeight,Manual,System.Collections.Generic.List`1[PlayersWorlds.Maps.Area])" methodname="IsFillComplete" classname="PlayersWorlds.Maps.Maze.MazeGeneratorTest" runstate="Runnable" seed="1618742864" result="Passed" start-time="2024-06-12T20:10:10.3503850Z" end-time="2024-06-12T20:10:10.3826160Z" duration="0.032231" asserts="5" />
                <test-case id="1-1733" name="IsFillComplete(PlayersWorlds.Maps.Maze.RecursiveBacktrackerMazeGenerator,FullHeight,Manual,System.Collections.Generic.List`1[PlayersWorlds.Maps.Area])" fullname="PlayersWorlds.Maps.Maze.MazeGeneratorTest.IsFillComplete(PlayersWorlds.Maps.Maze.RecursiveBacktrackerMazeGenerator,FullHeight,Manual,System.Collections.Generic.List`1[PlayersWorlds.Maps.Area])" methodname="IsFillComplete" classname="PlayersWorlds.Maps.Maze.MazeGeneratorTest" runstate="Runnable" seed="882174565" result="Passed" start-time="2024-06-12T20:10:10.3826270Z" end-time="2024-06-12T20:10:10.4147670Z" duration="0.032140" asserts="5" />
                <test-case id="1-1734" name="IsFillComplete(PlayersWorlds.Maps.Maze.RecursiveBacktrackerMazeGenerator,FullHeight,Manual,System.Collections.Generic.List`1[PlayersWorlds.Maps.Area])" fullname="PlayersWorlds.Maps.Maze.MazeGeneratorTest.IsFillComplete(PlayersWorlds.Maps.Maze.RecursiveBacktrackerMazeGenerator,FullHeight,Manual,System.Collections.Generic.List`1[PlayersWorlds.Maps.Area])" methodname="IsFillComplete" classname="PlayersWorlds.Maps.Maze.MazeGeneratorTest" runstate="Runnable" seed="1254277257" result="Passed" start-time="2024-06-12T20:10:10.4147780Z" end-time="2024-06-12T20:10:10.4450900Z" duration="0.030313" asserts="5" />
                <test-case id="1-1735" name="IsFillComplete(PlayersWorlds.Maps.Maze.RecursiveBacktrackerMazeGenerator,FullHeight,Manual,System.Collections.Generic.List`1[PlayersWorlds.Maps.Area])" fullname="PlayersWorlds.Maps.Maze.MazeGeneratorTest.IsFillComplete(PlayersWorlds.Maps.Maze.RecursiveBacktrackerMazeGenerator,FullHeight,Manual,System.Collections.Generic.List`1[PlayersWorlds.Maps.Area])" methodname="IsFillComplete" classname="PlayersWorlds.Maps.Maze.MazeGeneratorTest" runstate="Runnable" seed="1861885188" result="Passed" start-time="2024-06-12T20:10:10.4451020Z" end-time="2024-06-12T20:10:10.4762250Z" duration="0.031123" asserts="5" />
                <test-case id="1-1736" name="IsFillComplete(PlayersWorlds.Maps.Maze.RecursiveBacktrackerMazeGenerator,FullHeight,Manual,System.Collections.Generic.List`1[PlayersWorlds.Maps.Area])" fullname="PlayersWorlds.Maps.Maze.MazeGeneratorTest.IsFillComplete(PlayersWorlds.Maps.Maze.RecursiveBacktrackerMazeGenerator,FullHeight,Manual,System.Collections.Generic.List`1[PlayersWorlds.Maps.Area])" methodname="IsFillComplete" classname="PlayersWorlds.Maps.Maze.MazeGeneratorTest" runstate="Runnable" seed="1290642076" result="Passed" start-time="2024-06-12T20:10:10.4762360Z" end-time="2024-06-12T20:10:10.5019900Z" duration="0.025754" asserts="5" />
                <test-case id="1-1737" name="IsFillComplete(PlayersWorlds.Maps.Maze.RecursiveBacktrackerMazeGenerator,Full,Auto,null)" fullname="PlayersWorlds.Maps.Maze.MazeGeneratorTest.IsFillComplete(PlayersWorlds.Maps.Maze.RecursiveBacktrackerMazeGenerator,Full,Auto,null)" methodname="IsFillComplete" classname="PlayersWorlds.Maps.Maze.MazeGeneratorTest" runstate="Runnable" seed="140957328" result="Passed" start-time="2024-06-12T20:10:10.5020010Z" end-time="2024-06-12T20:10:10.5315800Z" duration="0.029580" asserts="5" />
                <test-case id="1-1738" name="IsFillComplete(PlayersWorlds.Maps.Maze.RecursiveBacktrackerMazeGenerator,Full,Auto,System.Collections.Generic.List`1[PlayersWorlds.Maps.Area])" fullname="PlayersWorlds.Maps.Maze.MazeGeneratorTest.IsFillComplete(PlayersWorlds.Maps.Maze.RecursiveBacktrackerMazeGenerator,Full,Auto,System.Collections.Generic.List`1[PlayersWorlds.Maps.Area])" methodname="IsFillComplete" classname="PlayersWorlds.Maps.Maze.MazeGeneratorTest" runstate="Runnable" seed="88283787" result="Passed" start-time="2024-06-12T20:10:10.5315910Z" end-time="2024-06-12T20:10:10.5589060Z" duration="0.027314" asserts="5" />
                <test-case id="1-1739" name="IsFillComplete(PlayersWorlds.Maps.Maze.RecursiveBacktrackerMazeGenerator,Full,Auto,System.Collections.Generic.List`1[PlayersWorlds.Maps.Area])" fullname="PlayersWorlds.Maps.Maze.MazeGeneratorTest.IsFillComplete(PlayersWorlds.Maps.Maze.RecursiveBacktrackerMazeGenerator,Full,Auto,System.Collections.Generic.List`1[PlayersWorlds.Maps.Area])" methodname="IsFillComplete" classname="PlayersWorlds.Maps.Maze.MazeGeneratorTest" runstate="Runnable" seed="620273885" result="Passed" start-time="2024-06-12T20:10:10.5589170Z" end-time="2024-06-12T20:10:10.6092120Z" duration="0.050295" asserts="5" />
                <test-case id="1-1740" name="IsFillComplete(PlayersWorlds.Maps.Maze.RecursiveBacktrackerMazeGenerator,Full,Auto,System.Collections.Generic.List`1[PlayersWorlds.Maps.Area])" fullname="PlayersWorlds.Maps.Maze.MazeGeneratorTest.IsFillComplete(PlayersWorlds.Maps.Maze.RecursiveBacktrackerMazeGenerator,Full,Auto,System.Collections.Generic.List`1[PlayersWorlds.Maps.Area])" methodname="IsFillComplete" classname="PlayersWorlds.Maps.Maze.MazeGeneratorTest" runstate="Runnable" seed="1062435070" result="Passed" start-time="2024-06-12T20:10:10.6092230Z" end-time="2024-06-12T20:10:10.6775330Z" duration="0.068310" asserts="5" />
                <test-case id="1-1741" name="IsFillComplete(PlayersWorlds.Maps.Maze.RecursiveBacktrackerMazeGenerator,Full,Auto,System.Collections.Generic.List`1[PlayersWorlds.Maps.Area])" fullname="PlayersWorlds.Maps.Maze.MazeGeneratorTest.IsFillComplete(PlayersWorlds.Maps.Maze.RecursiveBacktrackerMazeGenerator,Full,Auto,System.Collections.Generic.List`1[PlayersWorlds.Maps.Area])" methodname="IsFillComplete" classname="PlayersWorlds.Maps.Maze.MazeGeneratorTest" runstate="Runnable" seed="1421912588" result="Passed" start-time="2024-06-12T20:10:10.6775510Z" end-time="2024-06-12T20:10:10.7323460Z" duration="0.054795" asserts="5" />
                <test-case id="1-1742" name="IsFillComplete(PlayersWorlds.Maps.Maze.RecursiveBacktrackerMazeGenerator,Full,Auto,System.Collections.Generic.List`1[PlayersWorlds.Maps.Area])" fullname="PlayersWorlds.Maps.Maze.MazeGeneratorTest.IsFillComplete(PlayersWorlds.Maps.Maze.RecursiveBacktrackerMazeGenerator,Full,Auto,System.Collections.Generic.List`1[PlayersWorlds.Maps.Area])" methodname="IsFillComplete" classname="PlayersWorlds.Maps.Maze.MazeGeneratorTest" runstate="Runnable" seed="195609079" result="Passed" start-time="2024-06-12T20:10:10.7323570Z" end-time="2024-06-12T20:10:10.7701560Z" duration="0.037799" asserts="5" />
                <test-case id="1-1743" name="IsFillComplete(PlayersWorlds.Maps.Maze.RecursiveBacktrackerMazeGenerator,Full,Manual,null)" fullname="PlayersWorlds.Maps.Maze.MazeGeneratorTest.IsFillComplete(PlayersWorlds.Maps.Maze.RecursiveBacktrackerMazeGenerator,Full,Manual,null)" methodname="IsFillComplete" classname="PlayersWorlds.Maps.Maze.MazeGeneratorTest" runstate="Runnable" seed="738644074" result="Passed" start-time="2024-06-12T20:10:10.7701680Z" end-time="2024-06-12T20:10:10.8108570Z" duration="0.040690" asserts="5" />
                <test-case id="1-1744" name="IsFillComplete(PlayersWorlds.Maps.Maze.RecursiveBacktrackerMazeGenerator,Full,Manual,System.Collections.Generic.List`1[PlayersWorlds.Maps.Area])" fullname="PlayersWorlds.Maps.Maze.MazeGeneratorTest.IsFillComplete(PlayersWorlds.Maps.Maze.RecursiveBacktrackerMazeGenerator,Full,Manual,System.Collections.Generic.List`1[PlayersWorlds.Maps.Area])" methodname="IsFillComplete" classname="PlayersWorlds.Maps.Maze.MazeGeneratorTest" runstate="Runnable" seed="673335869" result="Passed" start-time="2024-06-12T20:10:10.8108680Z" end-time="2024-06-12T20:10:10.8519640Z" duration="0.041096" asserts="5" />
                <test-case id="1-1745" name="IsFillComplete(PlayersWorlds.Maps.Maze.RecursiveBacktrackerMazeGenerator,Full,Manual,System.Collections.Generic.List`1[PlayersWorlds.Maps.Area])" fullname="PlayersWorlds.Maps.Maze.MazeGeneratorTest.IsFillComplete(PlayersWorlds.Maps.Maze.RecursiveBacktrackerMazeGenerator,Full,Manual,System.Collections.Generic.List`1[PlayersWorlds.Maps.Area])" methodname="IsFillComplete" classname="PlayersWorlds.Maps.Maze.MazeGeneratorTest" runstate="Runnable" seed="781566458" result="Passed" start-time="2024-06-12T20:10:10.8519830Z" end-time="2024-06-12T20:10:10.8878440Z" duration="0.035861" asserts="5" />
                <test-case id="1-1746" name="IsFillComplete(PlayersWorlds.Maps.Maze.RecursiveBacktrackerMazeGenerator,Full,Manual,System.Collections.Generic.List`1[PlayersWorlds.Maps.Area])" fullname="PlayersWorlds.Maps.Maze.MazeGeneratorTest.IsFillComplete(PlayersWorlds.Maps.Maze.RecursiveBacktrackerMazeGenerator,Full,Manual,System.Collections.Generic.List`1[PlayersWorlds.Maps.Area])" methodname="IsFillComplete" classname="PlayersWorlds.Maps.Maze.MazeGeneratorTest" runstate="Runnable" seed="205718007" result="Passed" start-time="2024-06-12T20:10:10.8878550Z" end-time="2024-06-12T20:10:10.9236080Z" duration="0.035753" asserts="5" />
                <test-case id="1-1747" name="IsFillComplete(PlayersWorlds.Maps.Maze.RecursiveBacktrackerMazeGenerator,Full,Manual,System.Collections.Generic.List`1[PlayersWorlds.Maps.Area])" fullname="PlayersWorlds.Maps.Maze.MazeGeneratorTest.IsFillComplete(PlayersWorlds.Maps.Maze.RecursiveBacktrackerMazeGenerator,Full,Manual,System.Collections.Generic.List`1[PlayersWorlds.Maps.Area])" methodname="IsFillComplete" classname="PlayersWorlds.Maps.Maze.MazeGeneratorTest" runstate="Runnable" seed="1286311947" result="Passed" start-time="2024-06-12T20:10:10.9236190Z" end-time="2024-06-12T20:10:10.9510110Z" duration="0.027392" asserts="5" />
                <test-case id="1-1748" name="IsFillComplete(PlayersWorlds.Maps.Maze.RecursiveBacktrackerMazeGenerator,Full,Manual,System.Collections.Generic.List`1[PlayersWorlds.Maps.Area])" fullname="PlayersWorlds.Maps.Maze.MazeGeneratorTest.IsFillComplete(PlayersWorlds.Maps.Maze.RecursiveBacktrackerMazeGenerator,Full,Manual,System.Collections.Generic.List`1[PlayersWorlds.Maps.Area])" methodname="IsFillComplete" classname="PlayersWorlds.Maps.Maze.MazeGeneratorTest" runstate="Runnable" seed="1428581993" result="Passed" start-time="2024-06-12T20:10:10.9510300Z" end-time="2024-06-12T20:10:10.9828680Z" duration="0.031838" asserts="5" />
                <test-case id="1-1749" name="IsFillComplete(PlayersWorlds.Maps.Maze.SidewinderMazeGenerator,Quarter,Auto,null)" fullname="PlayersWorlds.Maps.Maze.MazeGeneratorTest.IsFillComplete(PlayersWorlds.Maps.Maze.SidewinderMazeGenerator,Quarter,Auto,null)" methodname="IsFillComplete" classname="PlayersWorlds.Maps.Maze.MazeGeneratorTest" runstate="Runnable" seed="605147936" result="Skipped" label="Ignored" start-time="2024-06-12T20:10:10.9828790Z" end-time="2024-06-12T20:10:10.9830130Z" duration="0.000134" asserts="0" />
                <test-case id="1-1750" name="IsFillComplete(PlayersWorlds.Maps.Maze.SidewinderMazeGenerator,Quarter,Auto,System.Collections.Generic.List`1[PlayersWorlds.Maps.Area])" fullname="PlayersWorlds.Maps.Maze.MazeGeneratorTest.IsFillComplete(PlayersWorlds.Maps.Maze.SidewinderMazeGenerator,Quarter,Auto,System.Collections.Generic.List`1[PlayersWorlds.Maps.Area])" methodname="IsFillComplete" classname="PlayersWorlds.Maps.Maze.MazeGeneratorTest" runstate="Runnable" seed="1780469743" result="Skipped" label="Ignored" start-time="2024-06-12T20:10:10.9830200Z" end-time="2024-06-12T20:10:10.9830880Z" duration="0.000068" asserts="0" />
                <test-case id="1-1751" name="IsFillComplete(PlayersWorlds.Maps.Maze.SidewinderMazeGenerator,Quarter,Auto,System.Collections.Generic.List`1[PlayersWorlds.Maps.Area])" fullname="PlayersWorlds.Maps.Maze.MazeGeneratorTest.IsFillComplete(PlayersWorlds.Maps.Maze.SidewinderMazeGenerator,Quarter,Auto,System.Collections.Generic.List`1[PlayersWorlds.Maps.Area])" methodname="IsFillComplete" classname="PlayersWorlds.Maps.Maze.MazeGeneratorTest" runstate="Runnable" seed="2117924058" result="Skipped" label="Ignored" start-time="2024-06-12T20:10:10.9830940Z" end-time="2024-06-12T20:10:10.9831510Z" duration="0.000058" asserts="0" />
                <test-case id="1-1752" name="IsFillComplete(PlayersWorlds.Maps.Maze.SidewinderMazeGenerator,Quarter,Auto,System.Collections.Generic.List`1[PlayersWorlds.Maps.Area])" fullname="PlayersWorlds.Maps.Maze.MazeGeneratorTest.IsFillComplete(PlayersWorlds.Maps.Maze.SidewinderMazeGenerator,Quarter,Auto,System.Collections.Generic.List`1[PlayersWorlds.Maps.Area])" methodname="IsFillComplete" classname="PlayersWorlds.Maps.Maze.MazeGeneratorTest" runstate="Runnable" seed="1701557580" result="Skipped" label="Ignored" start-time="2024-06-12T20:10:10.9831570Z" end-time="2024-06-12T20:10:10.9832110Z" duration="0.000054" asserts="0" />
                <test-case id="1-1753" name="IsFillComplete(PlayersWorlds.Maps.Maze.SidewinderMazeGenerator,Quarter,Auto,System.Collections.Generic.List`1[PlayersWorlds.Maps.Area])" fullname="PlayersWorlds.Maps.Maze.MazeGeneratorTest.IsFillComplete(PlayersWorlds.Maps.Maze.SidewinderMazeGenerator,Quarter,Auto,System.Collections.Generic.List`1[PlayersWorlds.Maps.Area])" methodname="IsFillComplete" classname="PlayersWorlds.Maps.Maze.MazeGeneratorTest" runstate="Runnable" seed="143267981" result="Skipped" label="Ignored" start-time="2024-06-12T20:10:10.9832160Z" end-time="2024-06-12T20:10:10.9832690Z" duration="0.000053" asserts="0" />
                <test-case id="1-1754" name="IsFillComplete(PlayersWorlds.Maps.Maze.SidewinderMazeGenerator,Quarter,Auto,System.Collections.Generic.List`1[PlayersWorlds.Maps.Area])" fullname="PlayersWorlds.Maps.Maze.MazeGeneratorTest.IsFillComplete(PlayersWorlds.Maps.Maze.SidewinderMazeGenerator,Quarter,Auto,System.Collections.Generic.List`1[PlayersWorlds.Maps.Area])" methodname="IsFillComplete" classname="PlayersWorlds.Maps.Maze.MazeGeneratorTest" runstate="Runnable" seed="1016045812" result="Skipped" label="Ignored" start-time="2024-06-12T20:10:10.9832740Z" end-time="2024-06-12T20:10:10.9833270Z" duration="0.000053" asserts="0" />
                <test-case id="1-1755" name="IsFillComplete(PlayersWorlds.Maps.Maze.SidewinderMazeGenerator,Quarter,Manual,null)" fullname="PlayersWorlds.Maps.Maze.MazeGeneratorTest.IsFillComplete(PlayersWorlds.Maps.Maze.SidewinderMazeGenerator,Quarter,Manual,null)" methodname="IsFillComplete" classname="PlayersWorlds.Maps.Maze.MazeGeneratorTest" runstate="Runnable" seed="1234404059" result="Skipped" label="Ignored" start-time="2024-06-12T20:10:10.9833320Z" end-time="2024-06-12T20:10:10.9833890Z" duration="0.000057" asserts="0" />
                <test-case id="1-1756" name="IsFillComplete(PlayersWorlds.Maps.Maze.SidewinderMazeGenerator,Quarter,Manual,System.Collections.Generic.List`1[PlayersWorlds.Maps.Area])" fullname="PlayersWorlds.Maps.Maze.MazeGeneratorTest.IsFillComplete(PlayersWorlds.Maps.Maze.SidewinderMazeGenerator,Quarter,Manual,System.Collections.Generic.List`1[PlayersWorlds.Maps.Area])" methodname="IsFillComplete" classname="PlayersWorlds.Maps.Maze.MazeGeneratorTest" runstate="Runnable" seed="41763755" result="Skipped" label="Ignored" start-time="2024-06-12T20:10:10.9833940Z" end-time="2024-06-12T20:10:10.9834500Z" duration="0.000056" asserts="0" />
                <test-case id="1-1757" name="IsFillComplete(PlayersWorlds.Maps.Maze.SidewinderMazeGenerator,Quarter,Manual,System.Collections.Generic.List`1[PlayersWorlds.Maps.Area])" fullname="PlayersWorlds.Maps.Maze.MazeGeneratorTest.IsFillComplete(PlayersWorlds.Maps.Maze.SidewinderMazeGenerator,Quarter,Manual,System.Collections.Generic.List`1[PlayersWorlds.Maps.Area])" methodname="IsFillComplete" classname="PlayersWorlds.Maps.Maze.MazeGeneratorTest" runstate="Runnable" seed="1934982784" result="Skipped" label="Ignored" start-time="2024-06-12T20:10:10.9834560Z" end-time="2024-06-12T20:10:10.9835130Z" duration="0.000057" asserts="0" />
                <test-case id="1-1758" name="IsFillComplete(PlayersWorlds.Maps.Maze.SidewinderMazeGenerator,Quarter,Manual,System.Collections.Generic.List`1[PlayersWorlds.Maps.Area])" fullname="PlayersWorlds.Maps.Maze.MazeGeneratorTest.IsFillComplete(PlayersWorlds.Maps.Maze.SidewinderMazeGenerator,Quarter,Manual,System.Collections.Generic.List`1[PlayersWorlds.Maps.Area])" methodname="IsFillComplete" classname="PlayersWorlds.Maps.Maze.MazeGeneratorTest" runstate="Runnable" seed="1766330169" result="Skipped" label="Ignored" start-time="2024-06-12T20:10:10.9835180Z" end-time="2024-06-12T20:10:10.9835720Z" duration="0.000053" asserts="0" />
                <test-case id="1-1759" name="IsFillComplete(PlayersWorlds.Maps.Maze.SidewinderMazeGenerator,Quarter,Manual,System.Collections.Generic.List`1[PlayersWorlds.Maps.Area])" fullname="PlayersWorlds.Maps.Maze.MazeGeneratorTest.IsFillComplete(PlayersWorlds.Maps.Maze.SidewinderMazeGenerator,Quarter,Manual,System.Collections.Generic.List`1[PlayersWorlds.Maps.Area])" methodname="IsFillComplete" classname="PlayersWorlds.Maps.Maze.MazeGeneratorTest" runstate="Runnable" seed="938545395" result="Skipped" label="Ignored" start-time="2024-06-12T20:10:10.9835760Z" end-time="2024-06-12T20:10:10.9836280Z" duration="0.000051" asserts="0" />
                <test-case id="1-1760" name="IsFillComplete(PlayersWorlds.Maps.Maze.SidewinderMazeGenerator,Quarter,Manual,System.Collections.Generic.List`1[PlayersWorlds.Maps.Area])" fullname="PlayersWorlds.Maps.Maze.MazeGeneratorTest.IsFillComplete(PlayersWorlds.Maps.Maze.SidewinderMazeGenerator,Quarter,Manual,System.Collections.Generic.List`1[PlayersWorlds.Maps.Area])" methodname="IsFillComplete" classname="PlayersWorlds.Maps.Maze.MazeGeneratorTest" runstate="Runnable" seed="1671883471" result="Skipped" label="Ignored" start-time="2024-06-12T20:10:10.9836320Z" end-time="2024-06-12T20:10:10.9836830Z" duration="0.000051" asserts="0" />
                <test-case id="1-1761" name="IsFillComplete(PlayersWorlds.Maps.Maze.SidewinderMazeGenerator,Half,Auto,null)" fullname="PlayersWorlds.Maps.Maze.MazeGeneratorTest.IsFillComplete(PlayersWorlds.Maps.Maze.SidewinderMazeGenerator,Half,Auto,null)" methodname="IsFillComplete" classname="PlayersWorlds.Maps.Maze.MazeGeneratorTest" runstate="Runnable" seed="1672651609" result="Skipped" label="Ignored" start-time="2024-06-12T20:10:10.9836880Z" end-time="2024-06-12T20:10:10.9837380Z" duration="0.000050" asserts="0" />
                <test-case id="1-1762" name="IsFillComplete(PlayersWorlds.Maps.Maze.SidewinderMazeGenerator,Half,Auto,System.Collections.Generic.List`1[PlayersWorlds.Maps.Area])" fullname="PlayersWorlds.Maps.Maze.MazeGeneratorTest.IsFillComplete(PlayersWorlds.Maps.Maze.SidewinderMazeGenerator,Half,Auto,System.Collections.Generic.List`1[PlayersWorlds.Maps.Area])" methodname="IsFillComplete" classname="PlayersWorlds.Maps.Maze.MazeGeneratorTest" runstate="Runnable" seed="838551051" result="Skipped" label="Ignored" start-time="2024-06-12T20:10:10.9837430Z" end-time="2024-06-12T20:10:10.9837980Z" duration="0.000055" asserts="0" />
                <test-case id="1-1763" name="IsFillComplete(PlayersWorlds.Maps.Maze.SidewinderMazeGenerator,Half,Auto,System.Collections.Generic.List`1[PlayersWorlds.Maps.Area])" fullname="PlayersWorlds.Maps.Maze.MazeGeneratorTest.IsFillComplete(PlayersWorlds.Maps.Maze.SidewinderMazeGenerator,Half,Auto,System.Collections.Generic.List`1[PlayersWorlds.Maps.Area])" methodname="IsFillComplete" classname="PlayersWorlds.Maps.Maze.MazeGeneratorTest" runstate="Runnable" seed="836510209" result="Skipped" label="Ignored" start-time="2024-06-12T20:10:10.9838030Z" end-time="2024-06-12T20:10:10.9838580Z" duration="0.000055" asserts="0" />
                <test-case id="1-1764" name="IsFillComplete(PlayersWorlds.Maps.Maze.SidewinderMazeGenerator,Half,Auto,System.Collections.Generic.List`1[PlayersWorlds.Maps.Area])" fullname="PlayersWorlds.Maps.Maze.MazeGeneratorTest.IsFillComplete(PlayersWorlds.Maps.Maze.SidewinderMazeGenerator,Half,Auto,System.Collections.Generic.List`1[PlayersWorlds.Maps.Area])" methodname="IsFillComplete" classname="PlayersWorlds.Maps.Maze.MazeGeneratorTest" runstate="Runnable" seed="1638027752" result="Skipped" label="Ignored" start-time="2024-06-12T20:10:10.9838640Z" end-time="2024-06-12T20:10:10.9839160Z" duration="0.000052" asserts="0" />
                <test-case id="1-1765" name="IsFillComplete(PlayersWorlds.Maps.Maze.SidewinderMazeGenerator,Half,Auto,System.Collections.Generic.List`1[PlayersWorlds.Maps.Area])" fullname="PlayersWorlds.Maps.Maze.MazeGeneratorTest.IsFillComplete(PlayersWorlds.Maps.Maze.SidewinderMazeGenerator,Half,Auto,System.Collections.Generic.List`1[PlayersWorlds.Maps.Area])" methodname="IsFillComplete" classname="PlayersWorlds.Maps.Maze.MazeGeneratorTest" runstate="Runnable" seed="2099565852" result="Skipped" label="Ignored" start-time="2024-06-12T20:10:10.9839210Z" end-time="2024-06-12T20:10:10.9839760Z" duration="0.000055" asserts="0" />
                <test-case id="1-1766" name="IsFillComplete(PlayersWorlds.Maps.Maze.SidewinderMazeGenerator,Half,Auto,System.Collections.Generic.List`1[PlayersWorlds.Maps.Area])" fullname="PlayersWorlds.Maps.Maze.MazeGeneratorTest.IsFillComplete(PlayersWorlds.Maps.Maze.SidewinderMazeGenerator,Half,Auto,System.Collections.Generic.List`1[PlayersWorlds.Maps.Area])" methodname="IsFillComplete" classname="PlayersWorlds.Maps.Maze.MazeGeneratorTest" runstate="Runnable" seed="1760402676" result="Skipped" label="Ignored" start-time="2024-06-12T20:10:10.9839810Z" end-time="2024-06-12T20:10:10.9840340Z" duration="0.000053" asserts="0" />
                <test-case id="1-1767" name="IsFillComplete(PlayersWorlds.Maps.Maze.SidewinderMazeGenerator,Half,Manual,null)" fullname="PlayersWorlds.Maps.Maze.MazeGeneratorTest.IsFillComplete(PlayersWorlds.Maps.Maze.SidewinderMazeGenerator,Half,Manual,null)" methodname="IsFillComplete" classname="PlayersWorlds.Maps.Maze.MazeGeneratorTest" runstate="Runnable" seed="1705906122" result="Skipped" label="Ignored" start-time="2024-06-12T20:10:10.9840380Z" end-time="2024-06-12T20:10:10.9840890Z" duration="0.000051" asserts="0" />
                <test-case id="1-1768" name="IsFillComplete(PlayersWorlds.Maps.Maze.SidewinderMazeGenerator,Half,Manual,System.Collections.Generic.List`1[PlayersWorlds.Maps.Area])" fullname="PlayersWorlds.Maps.Maze.MazeGeneratorTest.IsFillComplete(PlayersWorlds.Maps.Maze.SidewinderMazeGenerator,Half,Manual,System.Collections.Generic.List`1[PlayersWorlds.Maps.Area])" methodname="IsFillComplete" classname="PlayersWorlds.Maps.Maze.MazeGeneratorTest" runstate="Runnable" seed="778713148" result="Skipped" label="Ignored" start-time="2024-06-12T20:10:10.9840940Z" end-time="2024-06-12T20:10:10.9841450Z" duration="0.000051" asserts="0" />
                <test-case id="1-1769" name="IsFillComplete(PlayersWorlds.Maps.Maze.SidewinderMazeGenerator,Half,Manual,System.Collections.Generic.List`1[PlayersWorlds.Maps.Area])" fullname="PlayersWorlds.Maps.Maze.MazeGeneratorTest.IsFillComplete(PlayersWorlds.Maps.Maze.SidewinderMazeGenerator,Half,Manual,System.Collections.Generic.List`1[PlayersWorlds.Maps.Area])" methodname="IsFillComplete" classname="PlayersWorlds.Maps.Maze.MazeGeneratorTest" runstate="Runnable" seed="1061136139" result="Skipped" label="Ignored" start-time="2024-06-12T20:10:10.9841500Z" end-time="2024-06-12T20:10:10.9842000Z" duration="0.000051" asserts="0" />
                <test-case id="1-1770" name="IsFillComplete(PlayersWorlds.Maps.Maze.SidewinderMazeGenerator,Half,Manual,System.Collections.Generic.List`1[PlayersWorlds.Maps.Area])" fullname="PlayersWorlds.Maps.Maze.MazeGeneratorTest.IsFillComplete(PlayersWorlds.Maps.Maze.SidewinderMazeGenerator,Half,Manual,System.Collections.Generic.List`1[PlayersWorlds.Maps.Area])" methodname="IsFillComplete" classname="PlayersWorlds.Maps.Maze.MazeGeneratorTest" runstate="Runnable" seed="409631681" result="Skipped" label="Ignored" start-time="2024-06-12T20:10:10.9842060Z" end-time="2024-06-12T20:10:10.9842590Z" duration="0.000053" asserts="0" />
                <test-case id="1-1771" name="IsFillComplete(PlayersWorlds.Maps.Maze.SidewinderMazeGenerator,Half,Manual,System.Collections.Generic.List`1[PlayersWorlds.Maps.Area])" fullname="PlayersWorlds.Maps.Maze.MazeGeneratorTest.IsFillComplete(PlayersWorlds.Maps.Maze.SidewinderMazeGenerator,Half,Manual,System.Collections.Generic.List`1[PlayersWorlds.Maps.Area])" methodname="IsFillComplete" classname="PlayersWorlds.Maps.Maze.MazeGeneratorTest" runstate="Runnable" seed="693014895" result="Skipped" label="Ignored" start-time="2024-06-12T20:10:10.9842640Z" end-time="2024-06-12T20:10:10.9843180Z" duration="0.000054" asserts="0" />
                <test-case id="1-1772" name="IsFillComplete(PlayersWorlds.Maps.Maze.SidewinderMazeGenerator,Half,Manual,System.Collections.Generic.List`1[PlayersWorlds.Maps.Area])" fullname="PlayersWorlds.Maps.Maze.MazeGeneratorTest.IsFillComplete(PlayersWorlds.Maps.Maze.SidewinderMazeGenerator,Half,Manual,System.Collections.Generic.List`1[PlayersWorlds.Maps.Area])" methodname="IsFillComplete" classname="PlayersWorlds.Maps.Maze.MazeGeneratorTest" runstate="Runnable" seed="2015390437" result="Skipped" label="Ignored" start-time="2024-06-12T20:10:10.9843230Z" end-time="2024-06-12T20:10:10.9843770Z" duration="0.000055" asserts="0" />
                <test-case id="1-1773" name="IsFillComplete(PlayersWorlds.Maps.Maze.SidewinderMazeGenerator,ThreeQuarters,Auto,null)" fullname="PlayersWorlds.Maps.Maze.MazeGeneratorTest.IsFillComplete(PlayersWorlds.Maps.Maze.SidewinderMazeGenerator,ThreeQuarters,Auto,null)" methodname="IsFillComplete" classname="PlayersWorlds.Maps.Maze.MazeGeneratorTest" runstate="Runnable" seed="1549600883" result="Skipped" label="Ignored" start-time="2024-06-12T20:10:10.9843830Z" end-time="2024-06-12T20:10:10.9844400Z" duration="0.000057" asserts="0" />
                <test-case id="1-1774" name="IsFillComplete(PlayersWorlds.Maps.Maze.SidewinderMazeGenerator,ThreeQuarters,Auto,System.Collections.Generic.List`1[PlayersWorlds.Maps.Area])" fullname="PlayersWorlds.Maps.Maze.MazeGeneratorTest.IsFillComplete(PlayersWorlds.Maps.Maze.SidewinderMazeGenerator,ThreeQuarters,Auto,System.Collections.Generic.List`1[PlayersWorlds.Maps.Area])" methodname="IsFillComplete" classname="PlayersWorlds.Maps.Maze.MazeGeneratorTest" runstate="Runnable" seed="58171561" result="Skipped" label="Ignored" start-time="2024-06-12T20:10:10.9844450Z" end-time="2024-06-12T20:10:10.9844970Z" duration="0.000052" asserts="0" />
                <test-case id="1-1775" name="IsFillComplete(PlayersWorlds.Maps.Maze.SidewinderMazeGenerator,ThreeQuarters,Auto,System.Collections.Generic.List`1[PlayersWorlds.Maps.Area])" fullname="PlayersWorlds.Maps.Maze.MazeGeneratorTest.IsFillComplete(PlayersWorlds.Maps.Maze.SidewinderMazeGenerator,ThreeQuarters,Auto,System.Collections.Generic.List`1[PlayersWorlds.Maps.Area])" methodname="IsFillComplete" classname="PlayersWorlds.Maps.Maze.MazeGeneratorTest" runstate="Runnable" seed="1396908233" result="Skipped" label="Ignored" start-time="2024-06-12T20:10:10.9845020Z" end-time="2024-06-12T20:10:10.9845530Z" duration="0.000051" asserts="0" />
                <test-case id="1-1776" name="IsFillComplete(PlayersWorlds.Maps.Maze.SidewinderMazeGenerator,ThreeQuarters,Auto,System.Collections.Generic.List`1[PlayersWorlds.Maps.Area])" fullname="PlayersWorlds.Maps.Maze.MazeGeneratorTest.IsFillComplete(PlayersWorlds.Maps.Maze.SidewinderMazeGenerator,ThreeQuarters,Auto,System.Collections.Generic.List`1[PlayersWorlds.Maps.Area])" methodname="IsFillComplete" classname="PlayersWorlds.Maps.Maze.MazeGeneratorTest" runstate="Runnable" seed="1888609593" result="Skipped" label="Ignored" start-time="2024-06-12T20:10:10.9845580Z" end-time="2024-06-12T20:10:10.9846080Z" duration="0.000050" asserts="0" />
                <test-case id="1-1777" name="IsFillComplete(PlayersWorlds.Maps.Maze.SidewinderMazeGenerator,ThreeQuarters,Auto,System.Collections.Generic.List`1[PlayersWorlds.Maps.Area])" fullname="PlayersWorlds.Maps.Maze.MazeGeneratorTest.IsFillComplete(PlayersWorlds.Maps.Maze.SidewinderMazeGenerator,ThreeQuarters,Auto,System.Collections.Generic.List`1[PlayersWorlds.Maps.Area])" methodname="IsFillComplete" classname="PlayersWorlds.Maps.Maze.MazeGeneratorTest" runstate="Runnable" seed="1546065072" result="Skipped" label="Ignored" start-time="2024-06-12T20:10:10.9846130Z" end-time="2024-06-12T20:10:10.9846650Z" duration="0.000052" asserts="0" />
                <test-case id="1-1778" name="IsFillComplete(PlayersWorlds.Maps.Maze.SidewinderMazeGenerator,ThreeQuarters,Auto,System.Collections.Generic.List`1[PlayersWorlds.Maps.Area])" fullname="PlayersWorlds.Maps.Maze.MazeGeneratorTest.IsFillComplete(PlayersWorlds.Maps.Maze.SidewinderMazeGenerator,ThreeQuarters,Auto,System.Collections.Generic.List`1[PlayersWorlds.Maps.Area])" methodname="IsFillComplete" classname="PlayersWorlds.Maps.Maze.MazeGeneratorTest" runstate="Runnable" seed="265498865" result="Skipped" label="Ignored" start-time="2024-06-12T20:10:10.9846700Z" end-time="2024-06-12T20:10:10.9847260Z" duration="0.000056" asserts="0" />
                <test-case id="1-1779" name="IsFillComplete(PlayersWorlds.Maps.Maze.SidewinderMazeGenerator,ThreeQuarters,Manual,null)" fullname="PlayersWorlds.Maps.Maze.MazeGeneratorTest.IsFillComplete(PlayersWorlds.Maps.Maze.SidewinderMazeGenerator,ThreeQuarters,Manual,null)" methodname="IsFillComplete" classname="PlayersWorlds.Maps.Maze.MazeGeneratorTest" runstate="Runnable" seed="1737560002" result="Skipped" label="Ignored" start-time="2024-06-12T20:10:10.9847310Z" end-time="2024-06-12T20:10:10.9847850Z" duration="0.000054" asserts="0" />
                <test-case id="1-1780" name="IsFillComplete(PlayersWorlds.Maps.Maze.SidewinderMazeGenerator,ThreeQuarters,Manual,System.Collections.Generic.List`1[PlayersWorlds.Maps.Area])" fullname="PlayersWorlds.Maps.Maze.MazeGeneratorTest.IsFillComplete(PlayersWorlds.Maps.Maze.SidewinderMazeGenerator,ThreeQuarters,Manual,System.Collections.Generic.List`1[PlayersWorlds.Maps.Area])" methodname="IsFillComplete" classname="PlayersWorlds.Maps.Maze.MazeGeneratorTest" runstate="Runnable" seed="302732424" result="Skipped" label="Ignored" start-time="2024-06-12T20:10:10.9847910Z" end-time="2024-06-12T20:10:10.9848560Z" duration="0.000065" asserts="0" />
                <test-case id="1-1781" name="IsFillComplete(PlayersWorlds.Maps.Maze.SidewinderMazeGenerator,ThreeQuarters,Manual,System.Collections.Generic.List`1[PlayersWorlds.Maps.Area])" fullname="PlayersWorlds.Maps.Maze.MazeGeneratorTest.IsFillComplete(PlayersWorlds.Maps.Maze.SidewinderMazeGenerator,ThreeQuarters,Manual,System.Collections.Generic.List`1[PlayersWorlds.Maps.Area])" methodname="IsFillComplete" classname="PlayersWorlds.Maps.Maze.MazeGeneratorTest" runstate="Runnable" seed="2030211466" result="Skipped" label="Ignored" start-time="2024-06-12T20:10:10.9848610Z" end-time="2024-06-12T20:10:10.9849190Z" duration="0.000058" asserts="0" />
                <test-case id="1-1782" name="IsFillComplete(PlayersWorlds.Maps.Maze.SidewinderMazeGenerator,ThreeQuarters,Manual,System.Collections.Generic.List`1[PlayersWorlds.Maps.Area])" fullname="PlayersWorlds.Maps.Maze.MazeGeneratorTest.IsFillComplete(PlayersWorlds.Maps.Maze.SidewinderMazeGenerator,ThreeQuarters,Manual,System.Collections.Generic.List`1[PlayersWorlds.Maps.Area])" methodname="IsFillComplete" classname="PlayersWorlds.Maps.Maze.MazeGeneratorTest" runstate="Runnable" seed="1153121162" result="Skipped" label="Ignored" start-time="2024-06-12T20:10:10.9849240Z" end-time="2024-06-12T20:10:10.9849750Z" duration="0.000051" asserts="0" />
                <test-case id="1-1783" name="IsFillComplete(PlayersWorlds.Maps.Maze.SidewinderMazeGenerator,ThreeQuarters,Manual,System.Collections.Generic.List`1[PlayersWorlds.Maps.Area])" fullname="PlayersWorlds.Maps.Maze.MazeGeneratorTest.IsFillComplete(PlayersWorlds.Maps.Maze.SidewinderMazeGenerator,ThreeQuarters,Manual,System.Collections.Generic.List`1[PlayersWorlds.Maps.Area])" methodname="IsFillComplete" classname="PlayersWorlds.Maps.Maze.MazeGeneratorTest" runstate="Runnable" seed="517612434" result="Skipped" label="Ignored" start-time="2024-06-12T20:10:10.9849800Z" end-time="2024-06-12T20:10:10.9850310Z" duration="0.000051" asserts="0" />
                <test-case id="1-1784" name="IsFillComplete(PlayersWorlds.Maps.Maze.SidewinderMazeGenerator,ThreeQuarters,Manual,System.Collections.Generic.List`1[PlayersWorlds.Maps.Area])" fullname="PlayersWorlds.Maps.Maze.MazeGeneratorTest.IsFillComplete(PlayersWorlds.Maps.Maze.SidewinderMazeGenerator,ThreeQuarters,Manual,System.Collections.Generic.List`1[PlayersWorlds.Maps.Area])" methodname="IsFillComplete" classname="PlayersWorlds.Maps.Maze.MazeGeneratorTest" runstate="Runnable" seed="762417265" result="Skipped" label="Ignored" start-time="2024-06-12T20:10:10.9850360Z" end-time="2024-06-12T20:10:10.9850870Z" duration="0.000051" asserts="0" />
                <test-case id="1-1785" name="IsFillComplete(PlayersWorlds.Maps.Maze.SidewinderMazeGenerator,NinetyPercent,Auto,null)" fullname="PlayersWorlds.Maps.Maze.MazeGeneratorTest.IsFillComplete(PlayersWorlds.Maps.Maze.SidewinderMazeGenerator,NinetyPercent,Auto,null)" methodname="IsFillComplete" classname="PlayersWorlds.Maps.Maze.MazeGeneratorTest" runstate="Runnable" seed="1557473460" result="Skipped" label="Ignored" start-time="2024-06-12T20:10:10.9850920Z" end-time="2024-06-12T20:10:10.9851430Z" duration="0.000051" asserts="0" />
                <test-case id="1-1786" name="IsFillComplete(PlayersWorlds.Maps.Maze.SidewinderMazeGenerator,NinetyPercent,Auto,System.Collections.Generic.List`1[PlayersWorlds.Maps.Area])" fullname="PlayersWorlds.Maps.Maze.MazeGeneratorTest.IsFillComplete(PlayersWorlds.Maps.Maze.SidewinderMazeGenerator,NinetyPercent,Auto,System.Collections.Generic.List`1[PlayersWorlds.Maps.Area])" methodname="IsFillComplete" classname="PlayersWorlds.Maps.Maze.MazeGeneratorTest" runstate="Runnable" seed="1600755543" result="Skipped" label="Ignored" start-time="2024-06-12T20:10:10.9851480Z" end-time="2024-06-12T20:10:10.9852030Z" duration="0.000055" asserts="0" />
                <test-case id="1-1787" name="IsFillComplete(PlayersWorlds.Maps.Maze.SidewinderMazeGenerator,NinetyPercent,Auto,System.Collections.Generic.List`1[PlayersWorlds.Maps.Area])" fullname="PlayersWorlds.Maps.Maze.MazeGeneratorTest.IsFillComplete(PlayersWorlds.Maps.Maze.SidewinderMazeGenerator,NinetyPercent,Auto,System.Collections.Generic.List`1[PlayersWorlds.Maps.Area])" methodname="IsFillComplete" classname="PlayersWorlds.Maps.Maze.MazeGeneratorTest" runstate="Runnable" seed="1475474883" result="Skipped" label="Ignored" start-time="2024-06-12T20:10:10.9852080Z" end-time="2024-06-12T20:10:10.9852620Z" duration="0.000055" asserts="0" />
                <test-case id="1-1788" name="IsFillComplete(PlayersWorlds.Maps.Maze.SidewinderMazeGenerator,NinetyPercent,Auto,System.Collections.Generic.List`1[PlayersWorlds.Maps.Area])" fullname="PlayersWorlds.Maps.Maze.MazeGeneratorTest.IsFillComplete(PlayersWorlds.Maps.Maze.SidewinderMazeGenerator,NinetyPercent,Auto,System.Collections.Generic.List`1[PlayersWorlds.Maps.Area])" methodname="IsFillComplete" classname="PlayersWorlds.Maps.Maze.MazeGeneratorTest" runstate="Runnable" seed="2013612400" result="Skipped" label="Ignored" start-time="2024-06-12T20:10:10.9852680Z" end-time="2024-06-12T20:10:10.9853210Z" duration="0.000053" asserts="0" />
                <test-case id="1-1789" name="IsFillComplete(PlayersWorlds.Maps.Maze.SidewinderMazeGenerator,NinetyPercent,Auto,System.Collections.Generic.List`1[PlayersWorlds.Maps.Area])" fullname="PlayersWorlds.Maps.Maze.MazeGeneratorTest.IsFillComplete(PlayersWorlds.Maps.Maze.SidewinderMazeGenerator,NinetyPercent,Auto,System.Collections.Generic.List`1[PlayersWorlds.Maps.Area])" methodname="IsFillComplete" classname="PlayersWorlds.Maps.Maze.MazeGeneratorTest" runstate="Runnable" seed="19873198" result="Skipped" label="Ignored" start-time="2024-06-12T20:10:10.9853260Z" end-time="2024-06-12T20:10:10.9853760Z" duration="0.000050" asserts="0" />
                <test-case id="1-1790" name="IsFillComplete(PlayersWorlds.Maps.Maze.SidewinderMazeGenerator,NinetyPercent,Auto,System.Collections.Generic.List`1[PlayersWorlds.Maps.Area])" fullname="PlayersWorlds.Maps.Maze.MazeGeneratorTest.IsFillComplete(PlayersWorlds.Maps.Maze.SidewinderMazeGenerator,NinetyPercent,Auto,System.Collections.Generic.List`1[PlayersWorlds.Maps.Area])" methodname="IsFillComplete" classname="PlayersWorlds.Maps.Maze.MazeGeneratorTest" runstate="Runnable" seed="1820121433" result="Skipped" label="Ignored" start-time="2024-06-12T20:10:10.9853810Z" end-time="2024-06-12T20:10:10.9854320Z" duration="0.000051" asserts="0" />
                <test-case id="1-1791" name="IsFillComplete(PlayersWorlds.Maps.Maze.SidewinderMazeGenerator,NinetyPercent,Manual,null)" fullname="PlayersWorlds.Maps.Maze.MazeGeneratorTest.IsFillComplete(PlayersWorlds.Maps.Maze.SidewinderMazeGenerator,NinetyPercent,Manual,null)" methodname="IsFillComplete" classname="PlayersWorlds.Maps.Maze.MazeGeneratorTest" runstate="Runnable" seed="1503142939" result="Skipped" label="Ignored" start-time="2024-06-12T20:10:10.9854360Z" end-time="2024-06-12T20:10:10.9854900Z" duration="0.000053" asserts="0" />
                <test-case id="1-1792" name="IsFillComplete(PlayersWorlds.Maps.Maze.SidewinderMazeGenerator,NinetyPercent,Manual,System.Collections.Generic.List`1[PlayersWorlds.Maps.Area])" fullname="PlayersWorlds.Maps.Maze.MazeGeneratorTest.IsFillComplete(PlayersWorlds.Maps.Maze.SidewinderMazeGenerator,NinetyPercent,Manual,System.Collections.Generic.List`1[PlayersWorlds.Maps.Area])" methodname="IsFillComplete" classname="PlayersWorlds.Maps.Maze.MazeGeneratorTest" runstate="Runnable" seed="522110806" result="Skipped" label="Ignored" start-time="2024-06-12T20:10:10.9854950Z" end-time="2024-06-12T20:10:10.9855500Z" duration="0.000055" asserts="0" />
                <test-case id="1-1793" name="IsFillComplete(PlayersWorlds.Maps.Maze.SidewinderMazeGenerator,NinetyPercent,Manual,System.Collections.Generic.List`1[PlayersWorlds.Maps.Area])" fullname="PlayersWorlds.Maps.Maze.MazeGeneratorTest.IsFillComplete(PlayersWorlds.Maps.Maze.SidewinderMazeGenerator,NinetyPercent,Manual,System.Collections.Generic.List`1[PlayersWorlds.Maps.Area])" methodname="IsFillComplete" classname="PlayersWorlds.Maps.Maze.MazeGeneratorTest" runstate="Runnable" seed="1297222039" result="Skipped" label="Ignored" start-time="2024-06-12T20:10:10.9855550Z" end-time="2024-06-12T20:10:10.9856040Z" duration="0.000050" asserts="0" />
                <test-case id="1-1794" name="IsFillComplete(PlayersWorlds.Maps.Maze.SidewinderMazeGenerator,NinetyPercent,Manual,System.Collections.Generic.List`1[PlayersWorlds.Maps.Area])" fullname="PlayersWorlds.Maps.Maze.MazeGeneratorTest.IsFillComplete(PlayersWorlds.Maps.Maze.SidewinderMazeGenerator,NinetyPercent,Manual,System.Collections.Generic.List`1[PlayersWorlds.Maps.Area])" methodname="IsFillComplete" classname="PlayersWorlds.Maps.Maze.MazeGeneratorTest" runstate="Runnable" seed="1095874061" result="Skipped" label="Ignored" start-time="2024-06-12T20:10:10.9856090Z" end-time="2024-06-12T20:10:10.9856590Z" duration="0.000050" asserts="0" />
                <test-case id="1-1795" name="IsFillComplete(PlayersWorlds.Maps.Maze.SidewinderMazeGenerator,NinetyPercent,Manual,System.Collections.Generic.List`1[PlayersWorlds.Maps.Area])" fullname="PlayersWorlds.Maps.Maze.MazeGeneratorTest.IsFillComplete(PlayersWorlds.Maps.Maze.SidewinderMazeGenerator,NinetyPercent,Manual,System.Collections.Generic.List`1[PlayersWorlds.Maps.Area])" methodname="IsFillComplete" classname="PlayersWorlds.Maps.Maze.MazeGeneratorTest" runstate="Runnable" seed="1537267108" result="Skipped" label="Ignored" start-time="2024-06-12T20:10:10.9856640Z" end-time="2024-06-12T20:10:10.9857180Z" duration="0.000054" asserts="0" />
                <test-case id="1-1796" name="IsFillComplete(PlayersWorlds.Maps.Maze.SidewinderMazeGenerator,NinetyPercent,Manual,System.Collections.Generic.List`1[PlayersWorlds.Maps.Area])" fullname="PlayersWorlds.Maps.Maze.MazeGeneratorTest.IsFillComplete(PlayersWorlds.Maps.Maze.SidewinderMazeGenerator,NinetyPercent,Manual,System.Collections.Generic.List`1[PlayersWorlds.Maps.Area])" methodname="IsFillComplete" classname="PlayersWorlds.Maps.Maze.MazeGeneratorTest" runstate="Runnable" seed="583361537" result="Skipped" label="Ignored" start-time="2024-06-12T20:10:10.9857240Z" end-time="2024-06-12T20:10:10.9857780Z" duration="0.000055" asserts="0" />
                <test-case id="1-1797" name="IsFillComplete(PlayersWorlds.Maps.Maze.SidewinderMazeGenerator,FullWidth,Auto,null)" fullname="PlayersWorlds.Maps.Maze.MazeGeneratorTest.IsFillComplete(PlayersWorlds.Maps.Maze.SidewinderMazeGenerator,FullWidth,Auto,null)" methodname="IsFillComplete" classname="PlayersWorlds.Maps.Maze.MazeGeneratorTest" runstate="Runnable" seed="1506582517" result="Skipped" label="Ignored" start-time="2024-06-12T20:10:10.9857830Z" end-time="2024-06-12T20:10:10.9858350Z" duration="0.000051" asserts="0" />
                <test-case id="1-1798" name="IsFillComplete(PlayersWorlds.Maps.Maze.SidewinderMazeGenerator,FullWidth,Auto,System.Collections.Generic.List`1[PlayersWorlds.Maps.Area])" fullname="PlayersWorlds.Maps.Maze.MazeGeneratorTest.IsFillComplete(PlayersWorlds.Maps.Maze.SidewinderMazeGenerator,FullWidth,Auto,System.Collections.Generic.List`1[PlayersWorlds.Maps.Area])" methodname="IsFillComplete" classname="PlayersWorlds.Maps.Maze.MazeGeneratorTest" runstate="Runnable" seed="1248099969" result="Skipped" label="Ignored" start-time="2024-06-12T20:10:10.9858400Z" end-time="2024-06-12T20:10:10.9858900Z" duration="0.000050" asserts="0" />
                <test-case id="1-1799" name="IsFillComplete(PlayersWorlds.Maps.Maze.SidewinderMazeGenerator,FullWidth,Auto,System.Collections.Generic.List`1[PlayersWorlds.Maps.Area])" fullname="PlayersWorlds.Maps.Maze.MazeGeneratorTest.IsFillComplete(PlayersWorlds.Maps.Maze.SidewinderMazeGenerator,FullWidth,Auto,System.Collections.Generic.List`1[PlayersWorlds.Maps.Area])" methodname="IsFillComplete" classname="PlayersWorlds.Maps.Maze.MazeGeneratorTest" runstate="Runnable" seed="721253664" result="Skipped" label="Ignored" start-time="2024-06-12T20:10:10.9858950Z" end-time="2024-06-12T20:10:10.9859490Z" duration="0.000054" asserts="0" />
                <test-case id="1-1800" name="IsFillComplete(PlayersWorlds.Maps.Maze.SidewinderMazeGenerator,FullWidth,Auto,System.Collections.Generic.List`1[PlayersWorlds.Maps.Area])" fullname="PlayersWorlds.Maps.Maze.MazeGeneratorTest.IsFillComplete(PlayersWorlds.Maps.Maze.SidewinderMazeGenerator,FullWidth,Auto,System.Collections.Generic.List`1[PlayersWorlds.Maps.Area])" methodname="IsFillComplete" classname="PlayersWorlds.Maps.Maze.MazeGeneratorTest" runstate="Runnable" seed="1168647429" result="Skipped" label="Ignored" start-time="2024-06-12T20:10:10.9859540Z" end-time="2024-06-12T20:10:10.9860070Z" duration="0.000053" asserts="0" />
                <test-case id="1-1801" name="IsFillComplete(PlayersWorlds.Maps.Maze.SidewinderMazeGenerator,FullWidth,Auto,System.Collections.Generic.List`1[PlayersWorlds.Maps.Area])" fullname="PlayersWorlds.Maps.Maze.MazeGeneratorTest.IsFillComplete(PlayersWorlds.Maps.Maze.SidewinderMazeGenerator,FullWidth,Auto,System.Collections.Generic.List`1[PlayersWorlds.Maps.Area])" methodname="IsFillComplete" classname="PlayersWorlds.Maps.Maze.MazeGeneratorTest" runstate="Runnable" seed="647295532" result="Skipped" label="Ignored" start-time="2024-06-12T20:10:10.9860120Z" end-time="2024-06-12T20:10:10.9860650Z" duration="0.000053" asserts="0" />
                <test-case id="1-1802" name="IsFillComplete(PlayersWorlds.Maps.Maze.SidewinderMazeGenerator,FullWidth,Auto,System.Collections.Generic.List`1[PlayersWorlds.Maps.Area])" fullname="PlayersWorlds.Maps.Maze.MazeGeneratorTest.IsFillComplete(PlayersWorlds.Maps.Maze.SidewinderMazeGenerator,FullWidth,Auto,System.Collections.Generic.List`1[PlayersWorlds.Maps.Area])" methodname="IsFillComplete" classname="PlayersWorlds.Maps.Maze.MazeGeneratorTest" runstate="Runnable" seed="507598799" result="Skipped" label="Ignored" start-time="2024-06-12T20:10:10.9860700Z" end-time="2024-06-12T20:10:10.9861200Z" duration="0.000050" asserts="0" />
                <test-case id="1-1803" name="IsFillComplete(PlayersWorlds.Maps.Maze.SidewinderMazeGenerator,FullWidth,Manual,null)" fullname="PlayersWorlds.Maps.Maze.MazeGeneratorTest.IsFillComplete(PlayersWorlds.Maps.Maze.SidewinderMazeGenerator,FullWidth,Manual,null)" methodname="IsFillComplete" classname="PlayersWorlds.Maps.Maze.MazeGeneratorTest" runstate="Runnable" seed="367445854" result="Skipped" label="Ignored" start-time="2024-06-12T20:10:10.9861250Z" end-time="2024-06-12T20:10:10.9861780Z" duration="0.000053" asserts="0" />
                <test-case id="1-1804" name="IsFillComplete(PlayersWorlds.Maps.Maze.SidewinderMazeGenerator,FullWidth,Manual,System.Collections.Generic.List`1[PlayersWorlds.Maps.Area])" fullname="PlayersWorlds.Maps.Maze.MazeGeneratorTest.IsFillComplete(PlayersWorlds.Maps.Maze.SidewinderMazeGenerator,FullWidth,Manual,System.Collections.Generic.List`1[PlayersWorlds.Maps.Area])" methodname="IsFillComplete" classname="PlayersWorlds.Maps.Maze.MazeGeneratorTest" runstate="Runnable" seed="195516255" result="Skipped" label="Ignored" start-time="2024-06-12T20:10:10.9861830Z" end-time="2024-06-12T20:10:10.9862370Z" duration="0.000054" asserts="0" />
                <test-case id="1-1805" name="IsFillComplete(PlayersWorlds.Maps.Maze.SidewinderMazeGenerator,FullWidth,Manual,System.Collections.Generic.List`1[PlayersWorlds.Maps.Area])" fullname="PlayersWorlds.Maps.Maze.MazeGeneratorTest.IsFillComplete(PlayersWorlds.Maps.Maze.SidewinderMazeGenerator,FullWidth,Manual,System.Collections.Generic.List`1[PlayersWorlds.Maps.Area])" methodname="IsFillComplete" classname="PlayersWorlds.Maps.Maze.MazeGeneratorTest" runstate="Runnable" seed="1087454848" result="Skipped" label="Ignored" start-time="2024-06-12T20:10:10.9862420Z" end-time="2024-06-12T20:10:10.9862940Z" duration="0.000052" asserts="0" />
                <test-case id="1-1806" name="IsFillComplete(PlayersWorlds.Maps.Maze.SidewinderMazeGenerator,FullWidth,Manual,System.Collections.Generic.List`1[PlayersWorlds.Maps.Area])" fullname="PlayersWorlds.Maps.Maze.MazeGeneratorTest.IsFillComplete(PlayersWorlds.Maps.Maze.SidewinderMazeGenerator,FullWidth,Manual,System.Collections.Generic.List`1[PlayersWorlds.Maps.Area])" methodname="IsFillComplete" classname="PlayersWorlds.Maps.Maze.MazeGeneratorTest" runstate="Runnable" seed="102533621" result="Skipped" label="Ignored" start-time="2024-06-12T20:10:10.9862990Z" end-time="2024-06-12T20:10:10.9863490Z" duration="0.000050" asserts="0" />
                <test-case id="1-1807" name="IsFillComplete(PlayersWorlds.Maps.Maze.SidewinderMazeGenerator,FullWidth,Manual,System.Collections.Generic.List`1[PlayersWorlds.Maps.Area])" fullname="PlayersWorlds.Maps.Maze.MazeGeneratorTest.IsFillComplete(PlayersWorlds.Maps.Maze.SidewinderMazeGenerator,FullWidth,Manual,System.Collections.Generic.List`1[PlayersWorlds.Maps.Area])" methodname="IsFillComplete" classname="PlayersWorlds.Maps.Maze.MazeGeneratorTest" runstate="Runnable" seed="151956697" result="Skipped" label="Ignored" start-time="2024-06-12T20:10:10.9863540Z" end-time="2024-06-12T20:10:10.9864080Z" duration="0.000054" asserts="0" />
                <test-case id="1-1808" name="IsFillComplete(PlayersWorlds.Maps.Maze.SidewinderMazeGenerator,FullWidth,Manual,System.Collections.Generic.List`1[PlayersWorlds.Maps.Area])" fullname="PlayersWorlds.Maps.Maze.MazeGeneratorTest.IsFillComplete(PlayersWorlds.Maps.Maze.SidewinderMazeGenerator,FullWidth,Manual,System.Collections.Generic.List`1[PlayersWorlds.Maps.Area])" methodname="IsFillComplete" classname="PlayersWorlds.Maps.Maze.MazeGeneratorTest" runstate="Runnable" seed="85096420" result="Skipped" label="Ignored" start-time="2024-06-12T20:10:10.9864130Z" end-time="2024-06-12T20:10:10.9864660Z" duration="0.000054" asserts="0" />
                <test-case id="1-1809" name="IsFillComplete(PlayersWorlds.Maps.Maze.SidewinderMazeGenerator,FullHeight,Auto,null)" fullname="PlayersWorlds.Maps.Maze.MazeGeneratorTest.IsFillComplete(PlayersWorlds.Maps.Maze.SidewinderMazeGenerator,FullHeight,Auto,null)" methodname="IsFillComplete" classname="PlayersWorlds.Maps.Maze.MazeGeneratorTest" runstate="Runnable" seed="1766621226" result="Skipped" label="Ignored" start-time="2024-06-12T20:10:10.9864710Z" end-time="2024-06-12T20:10:10.9865240Z" duration="0.000052" asserts="0" />
                <test-case id="1-1810" name="IsFillComplete(PlayersWorlds.Maps.Maze.SidewinderMazeGenerator,FullHeight,Auto,System.Collections.Generic.List`1[PlayersWorlds.Maps.Area])" fullname="PlayersWorlds.Maps.Maze.MazeGeneratorTest.IsFillComplete(PlayersWorlds.Maps.Maze.SidewinderMazeGenerator,FullHeight,Auto,System.Collections.Generic.List`1[PlayersWorlds.Maps.Area])" methodname="IsFillComplete" classname="PlayersWorlds.Maps.Maze.MazeGeneratorTest" runstate="Runnable" seed="1493278113" result="Skipped" label="Ignored" start-time="2024-06-12T20:10:10.9865290Z" end-time="2024-06-12T20:10:10.9865790Z" duration="0.000050" asserts="0" />
                <test-case id="1-1811" name="IsFillComplete(PlayersWorlds.Maps.Maze.SidewinderMazeGenerator,FullHeight,Auto,System.Collections.Generic.List`1[PlayersWorlds.Maps.Area])" fullname="PlayersWorlds.Maps.Maze.MazeGeneratorTest.IsFillComplete(PlayersWorlds.Maps.Maze.SidewinderMazeGenerator,FullHeight,Auto,System.Collections.Generic.List`1[PlayersWorlds.Maps.Area])" methodname="IsFillComplete" classname="PlayersWorlds.Maps.Maze.MazeGeneratorTest" runstate="Runnable" seed="643182330" result="Skipped" label="Ignored" start-time="2024-06-12T20:10:10.9865840Z" end-time="2024-06-12T20:10:10.9866350Z" duration="0.000051" asserts="0" />
                <test-case id="1-1812" name="IsFillComplete(PlayersWorlds.Maps.Maze.SidewinderMazeGenerator,FullHeight,Auto,System.Collections.Generic.List`1[PlayersWorlds.Maps.Area])" fullname="PlayersWorlds.Maps.Maze.MazeGeneratorTest.IsFillComplete(PlayersWorlds.Maps.Maze.SidewinderMazeGenerator,FullHeight,Auto,System.Collections.Generic.List`1[PlayersWorlds.Maps.Area])" methodname="IsFillComplete" classname="PlayersWorlds.Maps.Maze.MazeGeneratorTest" runstate="Runnable" seed="1669483919" result="Skipped" label="Ignored" start-time="2024-06-12T20:10:10.9866410Z" end-time="2024-06-12T20:10:10.9866950Z" duration="0.000054" asserts="0" />
                <test-case id="1-1813" name="IsFillComplete(PlayersWorlds.Maps.Maze.SidewinderMazeGenerator,FullHeight,Auto,System.Collections.Generic.List`1[PlayersWorlds.Maps.Area])" fullname="PlayersWorlds.Maps.Maze.MazeGeneratorTest.IsFillComplete(PlayersWorlds.Maps.Maze.SidewinderMazeGenerator,FullHeight,Auto,System.Collections.Generic.List`1[PlayersWorlds.Maps.Area])" methodname="IsFillComplete" classname="PlayersWorlds.Maps.Maze.MazeGeneratorTest" runstate="Runnable" seed="28770167" result="Skipped" label="Ignored" start-time="2024-06-12T20:10:10.9867000Z" end-time="2024-06-12T20:10:10.9867530Z" duration="0.000053" asserts="0" />
                <test-case id="1-1814" name="IsFillComplete(PlayersWorlds.Maps.Maze.SidewinderMazeGenerator,FullHeight,Auto,System.Collections.Generic.List`1[PlayersWorlds.Maps.Area])" fullname="PlayersWorlds.Maps.Maze.MazeGeneratorTest.IsFillComplete(PlayersWorlds.Maps.Maze.SidewinderMazeGenerator,FullHeight,Auto,System.Collections.Generic.List`1[PlayersWorlds.Maps.Area])" methodname="IsFillComplete" classname="PlayersWorlds.Maps.Maze.MazeGeneratorTest" runstate="Runnable" seed="635812971" result="Skipped" label="Ignored" start-time="2024-06-12T20:10:10.9867580Z" end-time="2024-06-12T20:10:10.9868090Z" duration="0.000051" asserts="0" />
                <test-case id="1-1815" name="IsFillComplete(PlayersWorlds.Maps.Maze.SidewinderMazeGenerator,FullHeight,Manual,null)" fullname="PlayersWorlds.Maps.Maze.MazeGeneratorTest.IsFillComplete(PlayersWorlds.Maps.Maze.SidewinderMazeGenerator,FullHeight,Manual,null)" methodname="IsFillComplete" classname="PlayersWorlds.Maps.Maze.MazeGeneratorTest" runstate="Runnable" seed="1789155652" result="Skipped" label="Ignored" start-time="2024-06-12T20:10:10.9868140Z" end-time="2024-06-12T20:10:10.9868670Z" duration="0.000054" asserts="0" />
                <test-case id="1-1816" name="IsFillComplete(PlayersWorlds.Maps.Maze.SidewinderMazeGenerator,FullHeight,Manual,System.Collections.Generic.List`1[PlayersWorlds.Maps.Area])" fullname="PlayersWorlds.Maps.Maze.MazeGeneratorTest.IsFillComplete(PlayersWorlds.Maps.Maze.SidewinderMazeGenerator,FullHeight,Manual,System.Collections.Generic.List`1[PlayersWorlds.Maps.Area])" methodname="IsFillComplete" classname="PlayersWorlds.Maps.Maze.MazeGeneratorTest" runstate="Runnable" seed="519530447" result="Skipped" label="Ignored" start-time="2024-06-12T20:10:10.9868720Z" end-time="2024-06-12T20:10:10.9869290Z" duration="0.000056" asserts="0" />
                <test-case id="1-1817" name="IsFillComplete(PlayersWorlds.Maps.Maze.SidewinderMazeGenerator,FullHeight,Manual,System.Collections.Generic.List`1[PlayersWorlds.Maps.Area])" fullname="PlayersWorlds.Maps.Maze.MazeGeneratorTest.IsFillComplete(PlayersWorlds.Maps.Maze.SidewinderMazeGenerator,FullHeight,Manual,System.Collections.Generic.List`1[PlayersWorlds.Maps.Area])" methodname="IsFillComplete" classname="PlayersWorlds.Maps.Maze.MazeGeneratorTest" runstate="Runnable" seed="320938617" result="Skipped" label="Ignored" start-time="2024-06-12T20:10:10.9869340Z" end-time="2024-06-12T20:10:10.9869890Z" duration="0.000054" asserts="0" />
                <test-case id="1-1818" name="IsFillComplete(PlayersWorlds.Maps.Maze.SidewinderMazeGenerator,FullHeight,Manual,System.Collections.Generic.List`1[PlayersWorlds.Maps.Area])" fullname="PlayersWorlds.Maps.Maze.MazeGeneratorTest.IsFillComplete(PlayersWorlds.Maps.Maze.SidewinderMazeGenerator,FullHeight,Manual,System.Collections.Generic.List`1[PlayersWorlds.Maps.Area])" methodname="IsFillComplete" classname="PlayersWorlds.Maps.Maze.MazeGeneratorTest" runstate="Runnable" seed="74092944" result="Skipped" label="Ignored" start-time="2024-06-12T20:10:10.9869930Z" end-time="2024-06-12T20:10:10.9870440Z" duration="0.000050" asserts="0" />
                <test-case id="1-1819" name="IsFillComplete(PlayersWorlds.Maps.Maze.SidewinderMazeGenerator,FullHeight,Manual,System.Collections.Generic.List`1[PlayersWorlds.Maps.Area])" fullname="PlayersWorlds.Maps.Maze.MazeGeneratorTest.IsFillComplete(PlayersWorlds.Maps.Maze.SidewinderMazeGenerator,FullHeight,Manual,System.Collections.Generic.List`1[PlayersWorlds.Maps.Area])" methodname="IsFillComplete" classname="PlayersWorlds.Maps.Maze.MazeGeneratorTest" runstate="Runnable" seed="80554292" result="Skipped" label="Ignored" start-time="2024-06-12T20:10:10.9870490Z" end-time="2024-06-12T20:10:10.9871000Z" duration="0.000052" asserts="0" />
                <test-case id="1-1820" name="IsFillComplete(PlayersWorlds.Maps.Maze.SidewinderMazeGenerator,FullHeight,Manual,System.Collections.Generic.List`1[PlayersWorlds.Maps.Area])" fullname="PlayersWorlds.Maps.Maze.MazeGeneratorTest.IsFillComplete(PlayersWorlds.Maps.Maze.SidewinderMazeGenerator,FullHeight,Manual,System.Collections.Generic.List`1[PlayersWorlds.Maps.Area])" methodname="IsFillComplete" classname="PlayersWorlds.Maps.Maze.MazeGeneratorTest" runstate="Runnable" seed="498810309" result="Skipped" label="Ignored" start-time="2024-06-12T20:10:10.9871050Z" end-time="2024-06-12T20:10:10.9871610Z" duration="0.000055" asserts="0" />
                <test-case id="1-1821" name="IsFillComplete(PlayersWorlds.Maps.Maze.SidewinderMazeGenerator,Full,Auto,null)" fullname="PlayersWorlds.Maps.Maze.MazeGeneratorTest.IsFillComplete(PlayersWorlds.Maps.Maze.SidewinderMazeGenerator,Full,Auto,null)" methodname="IsFillComplete" classname="PlayersWorlds.Maps.Maze.MazeGeneratorTest" runstate="Runnable" seed="284927793" result="Passed" start-time="2024-06-12T20:10:10.9871660Z" end-time="2024-06-12T20:10:11.0404650Z" duration="0.053300" asserts="5" />
                <test-case id="1-1822" name="IsFillComplete(PlayersWorlds.Maps.Maze.SidewinderMazeGenerator,Full,Auto,System.Collections.Generic.List`1[PlayersWorlds.Maps.Area])" fullname="PlayersWorlds.Maps.Maze.MazeGeneratorTest.IsFillComplete(PlayersWorlds.Maps.Maze.SidewinderMazeGenerator,Full,Auto,System.Collections.Generic.List`1[PlayersWorlds.Maps.Area])" methodname="IsFillComplete" classname="PlayersWorlds.Maps.Maze.MazeGeneratorTest" runstate="Runnable" seed="1839777369" result="Passed" start-time="2024-06-12T20:10:11.0404770Z" end-time="2024-06-12T20:10:11.0782640Z" duration="0.037786" asserts="5" />
                <test-case id="1-1823" name="IsFillComplete(PlayersWorlds.Maps.Maze.SidewinderMazeGenerator,Full,Auto,System.Collections.Generic.List`1[PlayersWorlds.Maps.Area])" fullname="PlayersWorlds.Maps.Maze.MazeGeneratorTest.IsFillComplete(PlayersWorlds.Maps.Maze.SidewinderMazeGenerator,Full,Auto,System.Collections.Generic.List`1[PlayersWorlds.Maps.Area])" methodname="IsFillComplete" classname="PlayersWorlds.Maps.Maze.MazeGeneratorTest" runstate="Runnable" seed="758839950" result="Passed" start-time="2024-06-12T20:10:11.0782750Z" end-time="2024-06-12T20:10:11.1264420Z" duration="0.048167" asserts="5" />
                <test-case id="1-1824" name="IsFillComplete(PlayersWorlds.Maps.Maze.SidewinderMazeGenerator,Full,Auto,System.Collections.Generic.List`1[PlayersWorlds.Maps.Area])" fullname="PlayersWorlds.Maps.Maze.MazeGeneratorTest.IsFillComplete(PlayersWorlds.Maps.Maze.SidewinderMazeGenerator,Full,Auto,System.Collections.Generic.List`1[PlayersWorlds.Maps.Area])" methodname="IsFillComplete" classname="PlayersWorlds.Maps.Maze.MazeGeneratorTest" runstate="Runnable" seed="1388498353" result="Passed" start-time="2024-06-12T20:10:11.1264530Z" end-time="2024-06-12T20:10:11.1827160Z" duration="0.056263" asserts="5" />
                <test-case id="1-1825" name="IsFillComplete(PlayersWorlds.Maps.Maze.SidewinderMazeGenerator,Full,Auto,System.Collections.Generic.List`1[PlayersWorlds.Maps.Area])" fullname="PlayersWorlds.Maps.Maze.MazeGeneratorTest.IsFillComplete(PlayersWorlds.Maps.Maze.SidewinderMazeGenerator,Full,Auto,System.Collections.Generic.List`1[PlayersWorlds.Maps.Area])" methodname="IsFillComplete" classname="PlayersWorlds.Maps.Maze.MazeGeneratorTest" runstate="Runnable" seed="1053972389" result="Passed" start-time="2024-06-12T20:10:11.1827270Z" end-time="2024-06-12T20:10:11.2370320Z" duration="0.054305" asserts="5" />
                <test-case id="1-1826" name="IsFillComplete(PlayersWorlds.Maps.Maze.SidewinderMazeGenerator,Full,Auto,System.Collections.Generic.List`1[PlayersWorlds.Maps.Area])" fullname="PlayersWorlds.Maps.Maze.MazeGeneratorTest.IsFillComplete(PlayersWorlds.Maps.Maze.SidewinderMazeGenerator,Full,Auto,System.Collections.Generic.List`1[PlayersWorlds.Maps.Area])" methodname="IsFillComplete" classname="PlayersWorlds.Maps.Maze.MazeGeneratorTest" runstate="Runnable" seed="170904089" result="Passed" start-time="2024-06-12T20:10:11.2370430Z" end-time="2024-06-12T20:10:11.2827630Z" duration="0.045720" asserts="5" />
                <test-case id="1-1827" name="IsFillComplete(PlayersWorlds.Maps.Maze.SidewinderMazeGenerator,Full,Manual,null)" fullname="PlayersWorlds.Maps.Maze.MazeGeneratorTest.IsFillComplete(PlayersWorlds.Maps.Maze.SidewinderMazeGenerator,Full,Manual,null)" methodname="IsFillComplete" classname="PlayersWorlds.Maps.Maze.MazeGeneratorTest" runstate="Runnable" seed="718168398" result="Passed" start-time="2024-06-12T20:10:11.2827750Z" end-time="2024-06-12T20:10:11.3239950Z" duration="0.041220" asserts="5" />
                <test-case id="1-1828" name="IsFillComplete(PlayersWorlds.Maps.Maze.SidewinderMazeGenerator,Full,Manual,System.Collections.Generic.List`1[PlayersWorlds.Maps.Area])" fullname="PlayersWorlds.Maps.Maze.MazeGeneratorTest.IsFillComplete(PlayersWorlds.Maps.Maze.SidewinderMazeGenerator,Full,Manual,System.Collections.Generic.List`1[PlayersWorlds.Maps.Area])" methodname="IsFillComplete" classname="PlayersWorlds.Maps.Maze.MazeGeneratorTest" runstate="Runnable" seed="453726822" result="Passed" start-time="2024-06-12T20:10:11.3240060Z" end-time="2024-06-12T20:10:11.3656830Z" duration="0.041676" asserts="5" />
                <test-case id="1-1829" name="IsFillComplete(PlayersWorlds.Maps.Maze.SidewinderMazeGenerator,Full,Manual,System.Collections.Generic.List`1[PlayersWorlds.Maps.Area])" fullname="PlayersWorlds.Maps.Maze.MazeGeneratorTest.IsFillComplete(PlayersWorlds.Maps.Maze.SidewinderMazeGenerator,Full,Manual,System.Collections.Generic.List`1[PlayersWorlds.Maps.Area])" methodname="IsFillComplete" classname="PlayersWorlds.Maps.Maze.MazeGeneratorTest" runstate="Runnable" seed="668388100" result="Passed" start-time="2024-06-12T20:10:11.3656940Z" end-time="2024-06-12T20:10:11.4012480Z" duration="0.035554" asserts="5" />
                <test-case id="1-1830" name="IsFillComplete(PlayersWorlds.Maps.Maze.SidewinderMazeGenerator,Full,Manual,System.Collections.Generic.List`1[PlayersWorlds.Maps.Area])" fullname="PlayersWorlds.Maps.Maze.MazeGeneratorTest.IsFillComplete(PlayersWorlds.Maps.Maze.SidewinderMazeGenerator,Full,Manual,System.Collections.Generic.List`1[PlayersWorlds.Maps.Area])" methodname="IsFillComplete" classname="PlayersWorlds.Maps.Maze.MazeGeneratorTest" runstate="Runnable" seed="813546696" result="Passed" start-time="2024-06-12T20:10:11.4012590Z" end-time="2024-06-12T20:10:11.4387970Z" duration="0.037538" asserts="5" />
                <test-case id="1-1831" name="IsFillComplete(PlayersWorlds.Maps.Maze.SidewinderMazeGenerator,Full,Manual,System.Collections.Generic.List`1[PlayersWorlds.Maps.Area])" fullname="PlayersWorlds.Maps.Maze.MazeGeneratorTest.IsFillComplete(PlayersWorlds.Maps.Maze.SidewinderMazeGenerator,Full,Manual,System.Collections.Generic.List`1[PlayersWorlds.Maps.Area])" methodname="IsFillComplete" classname="PlayersWorlds.Maps.Maze.MazeGeneratorTest" runstate="Runnable" seed="382027076" result="Passed" start-time="2024-06-12T20:10:11.4388080Z" end-time="2024-06-12T20:10:11.4727420Z" duration="0.033933" asserts="5" />
                <test-case id="1-1832" name="IsFillComplete(PlayersWorlds.Maps.Maze.SidewinderMazeGenerator,Full,Manual,System.Collections.Generic.List`1[PlayersWorlds.Maps.Area])" fullname="PlayersWorlds.Maps.Maze.MazeGeneratorTest.IsFillComplete(PlayersWorlds.Maps.Maze.SidewinderMazeGenerator,Full,Manual,System.Collections.Generic.List`1[PlayersWorlds.Maps.Area])" methodname="IsFillComplete" classname="PlayersWorlds.Maps.Maze.MazeGeneratorTest" runstate="Runnable" seed="297965103" result="Passed" start-time="2024-06-12T20:10:11.4727530Z" end-time="2024-06-12T20:10:11.5043770Z" duration="0.031625" asserts="5" />
                <test-case id="1-1833" name="IsFillComplete(PlayersWorlds.Maps.Maze.WilsonsMazeGenerator,Quarter,Auto,null)" fullname="PlayersWorlds.Maps.Maze.MazeGeneratorTest.IsFillComplete(PlayersWorlds.Maps.Maze.WilsonsMazeGenerator,Quarter,Auto,null)" methodname="IsFillComplete" classname="PlayersWorlds.Maps.Maze.MazeGeneratorTest" runstate="Runnable" seed="1691728848" result="Passed" start-time="2024-06-12T20:10:11.5043880Z" end-time="2024-06-12T20:10:11.5255380Z" duration="0.021150" asserts="5" />
                <test-case id="1-1834" name="IsFillComplete(PlayersWorlds.Maps.Maze.WilsonsMazeGenerator,Quarter,Auto,System.Collections.Generic.List`1[PlayersWorlds.Maps.Area])" fullname="PlayersWorlds.Maps.Maze.MazeGeneratorTest.IsFillComplete(PlayersWorlds.Maps.Maze.WilsonsMazeGenerator,Quarter,Auto,System.Collections.Generic.List`1[PlayersWorlds.Maps.Area])" methodname="IsFillComplete" classname="PlayersWorlds.Maps.Maze.MazeGeneratorTest" runstate="Runnable" seed="568912573" result="Passed" start-time="2024-06-12T20:10:11.5255490Z" end-time="2024-06-12T20:10:11.5412930Z" duration="0.015744" asserts="5" />
                <test-case id="1-1835" name="IsFillComplete(PlayersWorlds.Maps.Maze.WilsonsMazeGenerator,Quarter,Auto,System.Collections.Generic.List`1[PlayersWorlds.Maps.Area])" fullname="PlayersWorlds.Maps.Maze.MazeGeneratorTest.IsFillComplete(PlayersWorlds.Maps.Maze.WilsonsMazeGenerator,Quarter,Auto,System.Collections.Generic.List`1[PlayersWorlds.Maps.Area])" methodname="IsFillComplete" classname="PlayersWorlds.Maps.Maze.MazeGeneratorTest" runstate="Runnable" seed="1802920539" result="Passed" start-time="2024-06-12T20:10:11.5413040Z" end-time="2024-06-12T20:10:11.5850230Z" duration="0.043719" asserts="5" />
                <test-case id="1-1836" name="IsFillComplete(PlayersWorlds.Maps.Maze.WilsonsMazeGenerator,Quarter,Auto,System.Collections.Generic.List`1[PlayersWorlds.Maps.Area])" fullname="PlayersWorlds.Maps.Maze.MazeGeneratorTest.IsFillComplete(PlayersWorlds.Maps.Maze.WilsonsMazeGenerator,Quarter,Auto,System.Collections.Generic.List`1[PlayersWorlds.Maps.Area])" methodname="IsFillComplete" classname="PlayersWorlds.Maps.Maze.MazeGeneratorTest" runstate="Runnable" seed="1522612667" result="Passed" start-time="2024-06-12T20:10:11.5850350Z" end-time="2024-06-12T20:10:11.6252130Z" duration="0.040178" asserts="5" />
                <test-case id="1-1837" name="IsFillComplete(PlayersWorlds.Maps.Maze.WilsonsMazeGenerator,Quarter,Auto,System.Collections.Generic.List`1[PlayersWorlds.Maps.Area])" fullname="PlayersWorlds.Maps.Maze.MazeGeneratorTest.IsFillComplete(PlayersWorlds.Maps.Maze.WilsonsMazeGenerator,Quarter,Auto,System.Collections.Generic.List`1[PlayersWorlds.Maps.Area])" methodname="IsFillComplete" classname="PlayersWorlds.Maps.Maze.MazeGeneratorTest" runstate="Runnable" seed="785675308" result="Passed" start-time="2024-06-12T20:10:11.6252240Z" end-time="2024-06-12T20:10:11.6755670Z" duration="0.050343" asserts="5" />
                <test-case id="1-1838" name="IsFillComplete(PlayersWorlds.Maps.Maze.WilsonsMazeGenerator,Quarter,Auto,System.Collections.Generic.List`1[PlayersWorlds.Maps.Area])" fullname="PlayersWorlds.Maps.Maze.MazeGeneratorTest.IsFillComplete(PlayersWorlds.Maps.Maze.WilsonsMazeGenerator,Quarter,Auto,System.Collections.Generic.List`1[PlayersWorlds.Maps.Area])" methodname="IsFillComplete" classname="PlayersWorlds.Maps.Maze.MazeGeneratorTest" runstate="Runnable" seed="322096179" result="Passed" start-time="2024-06-12T20:10:11.6755780Z" end-time="2024-06-12T20:10:11.7199520Z" duration="0.044374" asserts="5" />
                <test-case id="1-1839" name="IsFillComplete(PlayersWorlds.Maps.Maze.WilsonsMazeGenerator,Quarter,Manual,null)" fullname="PlayersWorlds.Maps.Maze.MazeGeneratorTest.IsFillComplete(PlayersWorlds.Maps.Maze.WilsonsMazeGenerator,Quarter,Manual,null)" methodname="IsFillComplete" classname="PlayersWorlds.Maps.Maze.MazeGeneratorTest" runstate="Runnable" seed="1822446064" result="Passed" start-time="2024-06-12T20:10:11.7199640Z" end-time="2024-06-12T20:10:11.7572800Z" duration="0.037317" asserts="5" />
                <test-case id="1-1840" name="IsFillComplete(PlayersWorlds.Maps.Maze.WilsonsMazeGenerator,Quarter,Manual,System.Collections.Generic.List`1[PlayersWorlds.Maps.Area])" fullname="PlayersWorlds.Maps.Maze.MazeGeneratorTest.IsFillComplete(PlayersWorlds.Maps.Maze.WilsonsMazeGenerator,Quarter,Manual,System.Collections.Generic.List`1[PlayersWorlds.Maps.Area])" methodname="IsFillComplete" classname="PlayersWorlds.Maps.Maze.MazeGeneratorTest" runstate="Runnable" seed="1454939839" result="Passed" start-time="2024-06-12T20:10:11.7572920Z" end-time="2024-06-12T20:10:11.7900020Z" duration="0.032711" asserts="5" />
                <test-case id="1-1841" name="IsFillComplete(PlayersWorlds.Maps.Maze.WilsonsMazeGenerator,Quarter,Manual,System.Collections.Generic.List`1[PlayersWorlds.Maps.Area])" fullname="PlayersWorlds.Maps.Maze.MazeGeneratorTest.IsFillComplete(PlayersWorlds.Maps.Maze.WilsonsMazeGenerator,Quarter,Manual,System.Collections.Generic.List`1[PlayersWorlds.Maps.Area])" methodname="IsFillComplete" classname="PlayersWorlds.Maps.Maze.MazeGeneratorTest" runstate="Runnable" seed="1448798846" result="Passed" start-time="2024-06-12T20:10:11.7900130Z" end-time="2024-06-12T20:10:11.8205000Z" duration="0.030487" asserts="5" />
                <test-case id="1-1842" name="IsFillComplete(PlayersWorlds.Maps.Maze.WilsonsMazeGenerator,Quarter,Manual,System.Collections.Generic.List`1[PlayersWorlds.Maps.Area])" fullname="PlayersWorlds.Maps.Maze.MazeGeneratorTest.IsFillComplete(PlayersWorlds.Maps.Maze.WilsonsMazeGenerator,Quarter,Manual,System.Collections.Generic.List`1[PlayersWorlds.Maps.Area])" methodname="IsFillComplete" classname="PlayersWorlds.Maps.Maze.MazeGeneratorTest" runstate="Runnable" seed="1390378463" result="Passed" start-time="2024-06-12T20:10:11.8205110Z" end-time="2024-06-12T20:10:11.8508860Z" duration="0.030375" asserts="5" />
                <test-case id="1-1843" name="IsFillComplete(PlayersWorlds.Maps.Maze.WilsonsMazeGenerator,Quarter,Manual,System.Collections.Generic.List`1[PlayersWorlds.Maps.Area])" fullname="PlayersWorlds.Maps.Maze.MazeGeneratorTest.IsFillComplete(PlayersWorlds.Maps.Maze.WilsonsMazeGenerator,Quarter,Manual,System.Collections.Generic.List`1[PlayersWorlds.Maps.Area])" methodname="IsFillComplete" classname="PlayersWorlds.Maps.Maze.MazeGeneratorTest" runstate="Runnable" seed="246991174" result="Passed" start-time="2024-06-12T20:10:11.8508970Z" end-time="2024-06-12T20:10:11.8776780Z" duration="0.026781" asserts="5" />
                <test-case id="1-1844" name="IsFillComplete(PlayersWorlds.Maps.Maze.WilsonsMazeGenerator,Quarter,Manual,System.Collections.Generic.List`1[PlayersWorlds.Maps.Area])" fullname="PlayersWorlds.Maps.Maze.MazeGeneratorTest.IsFillComplete(PlayersWorlds.Maps.Maze.WilsonsMazeGenerator,Quarter,Manual,System.Collections.Generic.List`1[PlayersWorlds.Maps.Area])" methodname="IsFillComplete" classname="PlayersWorlds.Maps.Maze.MazeGeneratorTest" runstate="Runnable" seed="674078732" result="Passed" start-time="2024-06-12T20:10:11.8776890Z" end-time="2024-06-12T20:10:11.9043490Z" duration="0.026660" asserts="5" />
                <test-case id="1-1845" name="IsFillComplete(PlayersWorlds.Maps.Maze.WilsonsMazeGenerator,Half,Auto,null)" fullname="PlayersWorlds.Maps.Maze.MazeGeneratorTest.IsFillComplete(PlayersWorlds.Maps.Maze.WilsonsMazeGenerator,Half,Auto,null)" methodname="IsFillComplete" classname="PlayersWorlds.Maps.Maze.MazeGeneratorTest" runstate="Runnable" seed="1176939103" result="Passed" start-time="2024-06-12T20:10:11.9043610Z" end-time="2024-06-12T20:10:11.9341700Z" duration="0.029809" asserts="5" />
                <test-case id="1-1846" name="IsFillComplete(PlayersWorlds.Maps.Maze.WilsonsMazeGenerator,Half,Auto,System.Collections.Generic.List`1[PlayersWorlds.Maps.Area])" fullname="PlayersWorlds.Maps.Maze.MazeGeneratorTest.IsFillComplete(PlayersWorlds.Maps.Maze.WilsonsMazeGenerator,Half,Auto,System.Collections.Generic.List`1[PlayersWorlds.Maps.Area])" methodname="IsFillComplete" classname="PlayersWorlds.Maps.Maze.MazeGeneratorTest" runstate="Runnable" seed="1981142667" result="Passed" start-time="2024-06-12T20:10:11.9341810Z" end-time="2024-06-12T20:10:11.9469210Z" duration="0.012740" asserts="5" />
                <test-case id="1-1847" name="IsFillComplete(PlayersWorlds.Maps.Maze.WilsonsMazeGenerator,Half,Auto,System.Collections.Generic.List`1[PlayersWorlds.Maps.Area])" fullname="PlayersWorlds.Maps.Maze.MazeGeneratorTest.IsFillComplete(PlayersWorlds.Maps.Maze.WilsonsMazeGenerator,Half,Auto,System.Collections.Generic.List`1[PlayersWorlds.Maps.Area])" methodname="IsFillComplete" classname="PlayersWorlds.Maps.Maze.MazeGeneratorTest" runstate="Runnable" seed="493340639" result="Passed" start-time="2024-06-12T20:10:11.9469310Z" end-time="2024-06-12T20:10:11.9876660Z" duration="0.040735" asserts="5" />
                <test-case id="1-1848" name="IsFillComplete(PlayersWorlds.Maps.Maze.WilsonsMazeGenerator,Half,Auto,System.Collections.Generic.List`1[PlayersWorlds.Maps.Area])" fullname="PlayersWorlds.Maps.Maze.MazeGeneratorTest.IsFillComplete(PlayersWorlds.Maps.Maze.WilsonsMazeGenerator,Half,Auto,System.Collections.Generic.List`1[PlayersWorlds.Maps.Area])" methodname="IsFillComplete" classname="PlayersWorlds.Maps.Maze.MazeGeneratorTest" runstate="Runnable" seed="661409068" result="Passed" start-time="2024-06-12T20:10:11.9876770Z" end-time="2024-06-12T20:10:12.0371770Z" duration="0.049500" asserts="5" />
                <test-case id="1-1849" name="IsFillComplete(PlayersWorlds.Maps.Maze.WilsonsMazeGenerator,Half,Auto,System.Collections.Generic.List`1[PlayersWorlds.Maps.Area])" fullname="PlayersWorlds.Maps.Maze.MazeGeneratorTest.IsFillComplete(PlayersWorlds.Maps.Maze.WilsonsMazeGenerator,Half,Auto,System.Collections.Generic.List`1[PlayersWorlds.Maps.Area])" methodname="IsFillComplete" classname="PlayersWorlds.Maps.Maze.MazeGeneratorTest" runstate="Runnable" seed="1454202056" result="Passed" start-time="2024-06-12T20:10:12.0371870Z" end-time="2024-06-12T20:10:12.0743100Z" duration="0.037123" asserts="5" />
                <test-case id="1-1850" name="IsFillComplete(PlayersWorlds.Maps.Maze.WilsonsMazeGenerator,Half,Auto,System.Collections.Generic.List`1[PlayersWorlds.Maps.Area])" fullname="PlayersWorlds.Maps.Maze.MazeGeneratorTest.IsFillComplete(PlayersWorlds.Maps.Maze.WilsonsMazeGenerator,Half,Auto,System.Collections.Generic.List`1[PlayersWorlds.Maps.Area])" methodname="IsFillComplete" classname="PlayersWorlds.Maps.Maze.MazeGeneratorTest" runstate="Runnable" seed="1017736661" result="Passed" start-time="2024-06-12T20:10:12.0743220Z" end-time="2024-06-12T20:10:12.1173680Z" duration="0.043046" asserts="5" />
                <test-case id="1-1851" name="IsFillComplete(PlayersWorlds.Maps.Maze.WilsonsMazeGenerator,Half,Manual,null)" fullname="PlayersWorlds.Maps.Maze.MazeGeneratorTest.IsFillComplete(PlayersWorlds.Maps.Maze.WilsonsMazeGenerator,Half,Manual,null)" methodname="IsFillComplete" classname="PlayersWorlds.Maps.Maze.MazeGeneratorTest" runstate="Runnable" seed="262422920" result="Passed" start-time="2024-06-12T20:10:12.1173790Z" end-time="2024-06-12T20:10:12.1509110Z" duration="0.033533" asserts="5" />
                <test-case id="1-1852" name="IsFillComplete(PlayersWorlds.Maps.Maze.WilsonsMazeGenerator,Half,Manual,System.Collections.Generic.List`1[PlayersWorlds.Maps.Area])" fullname="PlayersWorlds.Maps.Maze.MazeGeneratorTest.IsFillComplete(PlayersWorlds.Maps.Maze.WilsonsMazeGenerator,Half,Manual,System.Collections.Generic.List`1[PlayersWorlds.Maps.Area])" methodname="IsFillComplete" classname="PlayersWorlds.Maps.Maze.MazeGeneratorTest" runstate="Runnable" seed="1432489573" result="Passed" start-time="2024-06-12T20:10:12.1509220Z" end-time="2024-06-12T20:10:12.1857570Z" duration="0.034835" asserts="5" />
                <test-case id="1-1853" name="IsFillComplete(PlayersWorlds.Maps.Maze.WilsonsMazeGenerator,Half,Manual,System.Collections.Generic.List`1[PlayersWorlds.Maps.Area])" fullname="PlayersWorlds.Maps.Maze.MazeGeneratorTest.IsFillComplete(PlayersWorlds.Maps.Maze.WilsonsMazeGenerator,Half,Manual,System.Collections.Generic.List`1[PlayersWorlds.Maps.Area])" methodname="IsFillComplete" classname="PlayersWorlds.Maps.Maze.MazeGeneratorTest" runstate="Runnable" seed="1167545677" result="Passed" start-time="2024-06-12T20:10:12.1857670Z" end-time="2024-06-12T20:10:12.2133440Z" duration="0.027576" asserts="5" />
                <test-case id="1-1854" name="IsFillComplete(PlayersWorlds.Maps.Maze.WilsonsMazeGenerator,Half,Manual,System.Collections.Generic.List`1[PlayersWorlds.Maps.Area])" fullname="PlayersWorlds.Maps.Maze.MazeGeneratorTest.IsFillComplete(PlayersWorlds.Maps.Maze.WilsonsMazeGenerator,Half,Manual,System.Collections.Generic.List`1[PlayersWorlds.Maps.Area])" methodname="IsFillComplete" classname="PlayersWorlds.Maps.Maze.MazeGeneratorTest" runstate="Runnable" seed="222443355" result="Passed" start-time="2024-06-12T20:10:12.2133540Z" end-time="2024-06-12T20:10:12.2522150Z" duration="0.038861" asserts="5" />
                <test-case id="1-1855" name="IsFillComplete(PlayersWorlds.Maps.Maze.WilsonsMazeGenerator,Half,Manual,System.Collections.Generic.List`1[PlayersWorlds.Maps.Area])" fullname="PlayersWorlds.Maps.Maze.MazeGeneratorTest.IsFillComplete(PlayersWorlds.Maps.Maze.WilsonsMazeGenerator,Half,Manual,System.Collections.Generic.List`1[PlayersWorlds.Maps.Area])" methodname="IsFillComplete" classname="PlayersWorlds.Maps.Maze.MazeGeneratorTest" runstate="Runnable" seed="883719636" result="Passed" start-time="2024-06-12T20:10:12.2522330Z" end-time="2024-06-12T20:10:12.2806760Z" duration="0.028443" asserts="5" />
                <test-case id="1-1856" name="IsFillComplete(PlayersWorlds.Maps.Maze.WilsonsMazeGenerator,Half,Manual,System.Collections.Generic.List`1[PlayersWorlds.Maps.Area])" fullname="PlayersWorlds.Maps.Maze.MazeGeneratorTest.IsFillComplete(PlayersWorlds.Maps.Maze.WilsonsMazeGenerator,Half,Manual,System.Collections.Generic.List`1[PlayersWorlds.Maps.Area])" methodname="IsFillComplete" classname="PlayersWorlds.Maps.Maze.MazeGeneratorTest" runstate="Runnable" seed="955001810" result="Passed" start-time="2024-06-12T20:10:12.2806870Z" end-time="2024-06-12T20:10:12.3140450Z" duration="0.033358" asserts="5" />
                <test-case id="1-1857" name="IsFillComplete(PlayersWorlds.Maps.Maze.WilsonsMazeGenerator,ThreeQuarters,Auto,null)" fullname="PlayersWorlds.Maps.Maze.MazeGeneratorTest.IsFillComplete(PlayersWorlds.Maps.Maze.WilsonsMazeGenerator,ThreeQuarters,Auto,null)" methodname="IsFillComplete" classname="PlayersWorlds.Maps.Maze.MazeGeneratorTest" runstate="Runnable" seed="1896242496" result="Passed" start-time="2024-06-12T20:10:12.3140550Z" end-time="2024-06-12T20:10:12.3463340Z" duration="0.032279" asserts="5" />
                <test-case id="1-1858" name="IsFillComplete(PlayersWorlds.Maps.Maze.WilsonsMazeGenerator,ThreeQuarters,Auto,System.Collections.Generic.List`1[PlayersWorlds.Maps.Area])" fullname="PlayersWorlds.Maps.Maze.MazeGeneratorTest.IsFillComplete(PlayersWorlds.Maps.Maze.WilsonsMazeGenerator,ThreeQuarters,Auto,System.Collections.Generic.List`1[PlayersWorlds.Maps.Area])" methodname="IsFillComplete" classname="PlayersWorlds.Maps.Maze.MazeGeneratorTest" runstate="Runnable" seed="1126431148" result="Passed" start-time="2024-06-12T20:10:12.3463450Z" end-time="2024-06-12T20:10:12.3909690Z" duration="0.044623" asserts="5" />
                <test-case id="1-1859" name="IsFillComplete(PlayersWorlds.Maps.Maze.WilsonsMazeGenerator,ThreeQuarters,Auto,System.Collections.Generic.List`1[PlayersWorlds.Maps.Area])" fullname="PlayersWorlds.Maps.Maze.MazeGeneratorTest.IsFillComplete(PlayersWorlds.Maps.Maze.WilsonsMazeGenerator,ThreeQuarters,Auto,System.Collections.Generic.List`1[PlayersWorlds.Maps.Area])" methodname="IsFillComplete" classname="PlayersWorlds.Maps.Maze.MazeGeneratorTest" runstate="Runnable" seed="1289027513" result="Passed" start-time="2024-06-12T20:10:12.3909800Z" end-time="2024-06-12T20:10:12.4453410Z" duration="0.054361" asserts="5" />
                <test-case id="1-1860" name="IsFillComplete(PlayersWorlds.Maps.Maze.WilsonsMazeGenerator,ThreeQuarters,Auto,System.Collections.Generic.List`1[PlayersWorlds.Maps.Area])" fullname="PlayersWorlds.Maps.Maze.MazeGeneratorTest.IsFillComplete(PlayersWorlds.Maps.Maze.WilsonsMazeGenerator,ThreeQuarters,Auto,System.Collections.Generic.List`1[PlayersWorlds.Maps.Area])" methodname="IsFillComplete" classname="PlayersWorlds.Maps.Maze.MazeGeneratorTest" runstate="Runnable" seed="916550759" result="Passed" start-time="2024-06-12T20:10:12.4453520Z" end-time="2024-06-12T20:10:12.4917530Z" duration="0.046401" asserts="5" />
                <test-case id="1-1861" name="IsFillComplete(PlayersWorlds.Maps.Maze.WilsonsMazeGenerator,ThreeQuarters,Auto,System.Collections.Generic.List`1[PlayersWorlds.Maps.Area])" fullname="PlayersWorlds.Maps.Maze.MazeGeneratorTest.IsFillComplete(PlayersWorlds.Maps.Maze.WilsonsMazeGenerator,ThreeQuarters,Auto,System.Collections.Generic.List`1[PlayersWorlds.Maps.Area])" methodname="IsFillComplete" classname="PlayersWorlds.Maps.Maze.MazeGeneratorTest" runstate="Runnable" seed="1531848870" result="Passed" start-time="2024-06-12T20:10:12.4917640Z" end-time="2024-06-12T20:10:12.5337000Z" duration="0.041936" asserts="5" />
                <test-case id="1-1862" name="IsFillComplete(PlayersWorlds.Maps.Maze.WilsonsMazeGenerator,ThreeQuarters,Auto,System.Collections.Generic.List`1[PlayersWorlds.Maps.Area])" fullname="PlayersWorlds.Maps.Maze.MazeGeneratorTest.IsFillComplete(PlayersWorlds.Maps.Maze.WilsonsMazeGenerator,ThreeQuarters,Auto,System.Collections.Generic.List`1[PlayersWorlds.Maps.Area])" methodname="IsFillComplete" classname="PlayersWorlds.Maps.Maze.MazeGeneratorTest" runstate="Runnable" seed="1845713522" result="Passed" start-time="2024-06-12T20:10:12.5337190Z" end-time="2024-06-12T20:10:12.5769050Z" duration="0.043187" asserts="5" />
                <test-case id="1-1863" name="IsFillComplete(PlayersWorlds.Maps.Maze.WilsonsMazeGenerator,ThreeQuarters,Manual,null)" fullname="PlayersWorlds.Maps.Maze.MazeGeneratorTest.IsFillComplete(PlayersWorlds.Maps.Maze.WilsonsMazeGenerator,ThreeQuarters,Manual,null)" methodname="IsFillComplete" classname="PlayersWorlds.Maps.Maze.MazeGeneratorTest" runstate="Runnable" seed="1564191967" result="Passed" start-time="2024-06-12T20:10:12.5769160Z" end-time="2024-06-12T20:10:12.6129880Z" duration="0.036072" asserts="5" />
                <test-case id="1-1864" name="IsFillComplete(PlayersWorlds.Maps.Maze.WilsonsMazeGenerator,ThreeQuarters,Manual,System.Collections.Generic.List`1[PlayersWorlds.Maps.Area])" fullname="PlayersWorlds.Maps.Maze.MazeGeneratorTest.IsFillComplete(PlayersWorlds.Maps.Maze.WilsonsMazeGenerator,ThreeQuarters,Manual,System.Collections.Generic.List`1[PlayersWorlds.Maps.Area])" methodname="IsFillComplete" classname="PlayersWorlds.Maps.Maze.MazeGeneratorTest" runstate="Runnable" seed="953074530" result="Passed" start-time="2024-06-12T20:10:12.6129990Z" end-time="2024-06-12T20:10:12.6522660Z" duration="0.039267" asserts="5" />
                <test-case id="1-1865" name="IsFillComplete(PlayersWorlds.Maps.Maze.WilsonsMazeGenerator,ThreeQuarters,Manual,System.Collections.Generic.List`1[PlayersWorlds.Maps.Area])" fullname="PlayersWorlds.Maps.Maze.MazeGeneratorTest.IsFillComplete(PlayersWorlds.Maps.Maze.WilsonsMazeGenerator,ThreeQuarters,Manual,System.Collections.Generic.List`1[PlayersWorlds.Maps.Area])" methodname="IsFillComplete" classname="PlayersWorlds.Maps.Maze.MazeGeneratorTest" runstate="Runnable" seed="1111251037" result="Passed" start-time="2024-06-12T20:10:12.6522770Z" end-time="2024-06-12T20:10:12.6828050Z" duration="0.030528" asserts="5" />
                <test-case id="1-1866" name="IsFillComplete(PlayersWorlds.Maps.Maze.WilsonsMazeGenerator,ThreeQuarters,Manual,System.Collections.Generic.List`1[PlayersWorlds.Maps.Area])" fullname="PlayersWorlds.Maps.Maze.MazeGeneratorTest.IsFillComplete(PlayersWorlds.Maps.Maze.WilsonsMazeGenerator,ThreeQuarters,Manual,System.Collections.Generic.List`1[PlayersWorlds.Maps.Area])" methodname="IsFillComplete" classname="PlayersWorlds.Maps.Maze.MazeGeneratorTest" runstate="Runnable" seed="345217227" result="Passed" start-time="2024-06-12T20:10:12.6828160Z" end-time="2024-06-12T20:10:12.7219660Z" duration="0.039150" asserts="5" />
                <test-case id="1-1867" name="IsFillComplete(PlayersWorlds.Maps.Maze.WilsonsMazeGenerator,ThreeQuarters,Manual,System.Collections.Generic.List`1[PlayersWorlds.Maps.Area])" fullname="PlayersWorlds.Maps.Maze.MazeGeneratorTest.IsFillComplete(PlayersWorlds.Maps.Maze.WilsonsMazeGenerator,ThreeQuarters,Manual,System.Collections.Generic.List`1[PlayersWorlds.Maps.Area])" methodname="IsFillComplete" classname="PlayersWorlds.Maps.Maze.MazeGeneratorTest" runstate="Runnable" seed="2125238718" result="Passed" start-time="2024-06-12T20:10:12.7219770Z" end-time="2024-06-12T20:10:12.7594870Z" duration="0.037510" asserts="5" />
                <test-case id="1-1868" name="IsFillComplete(PlayersWorlds.Maps.Maze.WilsonsMazeGenerator,ThreeQuarters,Manual,System.Collections.Generic.List`1[PlayersWorlds.Maps.Area])" fullname="PlayersWorlds.Maps.Maze.MazeGeneratorTest.IsFillComplete(PlayersWorlds.Maps.Maze.WilsonsMazeGenerator,ThreeQuarters,Manual,System.Collections.Generic.List`1[PlayersWorlds.Maps.Area])" methodname="IsFillComplete" classname="PlayersWorlds.Maps.Maze.MazeGeneratorTest" runstate="Runnable" seed="1607341241" result="Passed" start-time="2024-06-12T20:10:12.7594980Z" end-time="2024-06-12T20:10:12.7863720Z" duration="0.026874" asserts="5" />
                <test-case id="1-1869" name="IsFillComplete(PlayersWorlds.Maps.Maze.WilsonsMazeGenerator,NinetyPercent,Auto,null)" fullname="PlayersWorlds.Maps.Maze.MazeGeneratorTest.IsFillComplete(PlayersWorlds.Maps.Maze.WilsonsMazeGenerator,NinetyPercent,Auto,null)" methodname="IsFillComplete" classname="PlayersWorlds.Maps.Maze.MazeGeneratorTest" runstate="Runnable" seed="980376079" result="Passed" start-time="2024-06-12T20:10:12.7863830Z" end-time="2024-06-12T20:10:12.8325760Z" duration="0.046193" asserts="5" />
                <test-case id="1-1870" name="IsFillComplete(PlayersWorlds.Maps.Maze.WilsonsMazeGenerator,NinetyPercent,Auto,System.Collections.Generic.List`1[PlayersWorlds.Maps.Area])" fullname="PlayersWorlds.Maps.Maze.MazeGeneratorTest.IsFillComplete(PlayersWorlds.Maps.Maze.WilsonsMazeGenerator,NinetyPercent,Auto,System.Collections.Generic.List`1[PlayersWorlds.Maps.Area])" methodname="IsFillComplete" classname="PlayersWorlds.Maps.Maze.MazeGeneratorTest" runstate="Runnable" seed="266542985" result="Passed" start-time="2024-06-12T20:10:12.8325870Z" end-time="2024-06-12T20:10:12.8898900Z" duration="0.057303" asserts="5" />
                <test-case id="1-1871" name="IsFillComplete(PlayersWorlds.Maps.Maze.WilsonsMazeGenerator,NinetyPercent,Auto,System.Collections.Generic.List`1[PlayersWorlds.Maps.Area])" fullname="PlayersWorlds.Maps.Maze.MazeGeneratorTest.IsFillComplete(PlayersWorlds.Maps.Maze.WilsonsMazeGenerator,NinetyPercent,Auto,System.Collections.Generic.List`1[PlayersWorlds.Maps.Area])" methodname="IsFillComplete" classname="PlayersWorlds.Maps.Maze.MazeGeneratorTest" runstate="Runnable" seed="1881338786" result="Passed" start-time="2024-06-12T20:10:12.8899010Z" end-time="2024-06-12T20:10:12.9190120Z" duration="0.029111" asserts="5" />
                <test-case id="1-1872" name="IsFillComplete(PlayersWorlds.Maps.Maze.WilsonsMazeGenerator,NinetyPercent,Auto,System.Collections.Generic.List`1[PlayersWorlds.Maps.Area])" fullname="PlayersWorlds.Maps.Maze.MazeGeneratorTest.IsFillComplete(PlayersWorlds.Maps.Maze.WilsonsMazeGenerator,NinetyPercent,Auto,System.Collections.Generic.List`1[PlayersWorlds.Maps.Area])" methodname="IsFillComplete" classname="PlayersWorlds.Maps.Maze.MazeGeneratorTest" runstate="Runnable" seed="2146326085" result="Passed" start-time="2024-06-12T20:10:12.9190230Z" end-time="2024-06-12T20:10:12.9507930Z" duration="0.031769" asserts="5" />
                <test-case id="1-1873" name="IsFillComplete(PlayersWorlds.Maps.Maze.WilsonsMazeGenerator,NinetyPercent,Auto,System.Collections.Generic.List`1[PlayersWorlds.Maps.Area])" fullname="PlayersWorlds.Maps.Maze.MazeGeneratorTest.IsFillComplete(PlayersWorlds.Maps.Maze.WilsonsMazeGenerator,NinetyPercent,Auto,System.Collections.Generic.List`1[PlayersWorlds.Maps.Area])" methodname="IsFillComplete" classname="PlayersWorlds.Maps.Maze.MazeGeneratorTest" runstate="Runnable" seed="399130527" result="Passed" start-time="2024-06-12T20:10:12.9508040Z" end-time="2024-06-12T20:10:12.9933850Z" duration="0.042581" asserts="5" />
                <test-case id="1-1874" name="IsFillComplete(PlayersWorlds.Maps.Maze.WilsonsMazeGenerator,NinetyPercent,Auto,System.Collections.Generic.List`1[PlayersWorlds.Maps.Area])" fullname="PlayersWorlds.Maps.Maze.MazeGeneratorTest.IsFillComplete(PlayersWorlds.Maps.Maze.WilsonsMazeGenerator,NinetyPercent,Auto,System.Collections.Generic.List`1[PlayersWorlds.Maps.Area])" methodname="IsFillComplete" classname="PlayersWorlds.Maps.Maze.MazeGeneratorTest" runstate="Runnable" seed="773098100" result="Passed" start-time="2024-06-12T20:10:12.9933960Z" end-time="2024-06-12T20:10:13.0594190Z" duration="0.066024" asserts="5" />
                <test-case id="1-1875" name="IsFillComplete(PlayersWorlds.Maps.Maze.WilsonsMazeGenerator,NinetyPercent,Manual,null)" fullname="PlayersWorlds.Maps.Maze.MazeGeneratorTest.IsFillComplete(PlayersWorlds.Maps.Maze.WilsonsMazeGenerator,NinetyPercent,Manual,null)" methodname="IsFillComplete" classname="PlayersWorlds.Maps.Maze.MazeGeneratorTest" runstate="Runnable" seed="1197495110" result="Passed" start-time="2024-06-12T20:10:13.0594310Z" end-time="2024-06-12T20:10:13.0981940Z" duration="0.038763" asserts="5" />
                <test-case id="1-1876" name="IsFillComplete(PlayersWorlds.Maps.Maze.WilsonsMazeGenerator,NinetyPercent,Manual,System.Collections.Generic.List`1[PlayersWorlds.Maps.Area])" fullname="PlayersWorlds.Maps.Maze.MazeGeneratorTest.IsFillComplete(PlayersWorlds.Maps.Maze.WilsonsMazeGenerator,NinetyPercent,Manual,System.Collections.Generic.List`1[PlayersWorlds.Maps.Area])" methodname="IsFillComplete" classname="PlayersWorlds.Maps.Maze.MazeGeneratorTest" runstate="Runnable" seed="1042032977" result="Passed" start-time="2024-06-12T20:10:13.0982050Z" end-time="2024-06-12T20:10:13.1380510Z" duration="0.039846" asserts="5" />
                <test-case id="1-1877" name="IsFillComplete(PlayersWorlds.Maps.Maze.WilsonsMazeGenerator,NinetyPercent,Manual,System.Collections.Generic.List`1[PlayersWorlds.Maps.Area])" fullname="PlayersWorlds.Maps.Maze.MazeGeneratorTest.IsFillComplete(PlayersWorlds.Maps.Maze.WilsonsMazeGenerator,NinetyPercent,Manual,System.Collections.Generic.List`1[PlayersWorlds.Maps.Area])" methodname="IsFillComplete" classname="PlayersWorlds.Maps.Maze.MazeGeneratorTest" runstate="Runnable" seed="1592786195" result="Passed" start-time="2024-06-12T20:10:13.1380620Z" end-time="2024-06-12T20:10:13.1748730Z" duration="0.036810" asserts="5" />
                <test-case id="1-1878" name="IsFillComplete(PlayersWorlds.Maps.Maze.WilsonsMazeGenerator,NinetyPercent,Manual,System.Collections.Generic.List`1[PlayersWorlds.Maps.Area])" fullname="PlayersWorlds.Maps.Maze.MazeGeneratorTest.IsFillComplete(PlayersWorlds.Maps.Maze.WilsonsMazeGenerator,NinetyPercent,Manual,System.Collections.Generic.List`1[PlayersWorlds.Maps.Area])" methodname="IsFillComplete" classname="PlayersWorlds.Maps.Maze.MazeGeneratorTest" runstate="Runnable" seed="84761218" result="Passed" start-time="2024-06-12T20:10:13.1748840Z" end-time="2024-06-12T20:10:13.2117970Z" duration="0.036913" asserts="5" />
                <test-case id="1-1879" name="IsFillComplete(PlayersWorlds.Maps.Maze.WilsonsMazeGenerator,NinetyPercent,Manual,System.Collections.Generic.List`1[PlayersWorlds.Maps.Area])" fullname="PlayersWorlds.Maps.Maze.MazeGeneratorTest.IsFillComplete(PlayersWorlds.Maps.Maze.WilsonsMazeGenerator,NinetyPercent,Manual,System.Collections.Generic.List`1[PlayersWorlds.Maps.Area])" methodname="IsFillComplete" classname="PlayersWorlds.Maps.Maze.MazeGeneratorTest" runstate="Runnable" seed="211559250" result="Passed" start-time="2024-06-12T20:10:13.2118080Z" end-time="2024-06-12T20:10:13.2417150Z" duration="0.029907" asserts="5" />
                <test-case id="1-1880" name="IsFillComplete(PlayersWorlds.Maps.Maze.WilsonsMazeGenerator,NinetyPercent,Manual,System.Collections.Generic.List`1[PlayersWorlds.Maps.Area])" fullname="PlayersWorlds.Maps.Maze.MazeGeneratorTest.IsFillComplete(PlayersWorlds.Maps.Maze.WilsonsMazeGenerator,NinetyPercent,Manual,System.Collections.Generic.List`1[PlayersWorlds.Maps.Area])" methodname="IsFillComplete" classname="PlayersWorlds.Maps.Maze.MazeGeneratorTest" runstate="Runnable" seed="1220313369" result="Passed" start-time="2024-06-12T20:10:13.2417260Z" end-time="2024-06-12T20:10:13.2704490Z" duration="0.028722" asserts="5" />
                <test-case id="1-1881" name="IsFillComplete(PlayersWorlds.Maps.Maze.WilsonsMazeGenerator,FullWidth,Auto,null)" fullname="PlayersWorlds.Maps.Maze.MazeGeneratorTest.IsFillComplete(PlayersWorlds.Maps.Maze.WilsonsMazeGenerator,FullWidth,Auto,null)" methodname="IsFillComplete" classname="PlayersWorlds.Maps.Maze.MazeGeneratorTest" runstate="Runnable" seed="1825047097" result="Passed" start-time="2024-06-12T20:10:13.2704590Z" end-time="2024-06-12T20:10:13.3020680Z" duration="0.031608" asserts="5" />
                <test-case id="1-1882" name="IsFillComplete(PlayersWorlds.Maps.Maze.WilsonsMazeGenerator,FullWidth,Auto,System.Collections.Generic.List`1[PlayersWorlds.Maps.Area])" fullname="PlayersWorlds.Maps.Maze.MazeGeneratorTest.IsFillComplete(PlayersWorlds.Maps.Maze.WilsonsMazeGenerator,FullWidth,Auto,System.Collections.Generic.List`1[PlayersWorlds.Maps.Area])" methodname="IsFillComplete" classname="PlayersWorlds.Maps.Maze.MazeGeneratorTest" runstate="Runnable" seed="56759330" result="Passed" start-time="2024-06-12T20:10:13.3020780Z" end-time="2024-06-12T20:10:13.3476650Z" duration="0.045587" asserts="5" />
                <test-case id="1-1883" name="IsFillComplete(PlayersWorlds.Maps.Maze.WilsonsMazeGenerator,FullWidth,Auto,System.Collections.Generic.List`1[PlayersWorlds.Maps.Area])" fullname="PlayersWorlds.Maps.Maze.MazeGeneratorTest.IsFillComplete(PlayersWorlds.Maps.Maze.WilsonsMazeGenerator,FullWidth,Auto,System.Collections.Generic.List`1[PlayersWorlds.Maps.Area])" methodname="IsFillComplete" classname="PlayersWorlds.Maps.Maze.MazeGeneratorTest" runstate="Runnable" seed="1147008413" result="Passed" start-time="2024-06-12T20:10:13.3476770Z" end-time="2024-06-12T20:10:13.3771220Z" duration="0.029445" asserts="5" />
                <test-case id="1-1884" name="IsFillComplete(PlayersWorlds.Maps.Maze.WilsonsMazeGenerator,FullWidth,Auto,System.Collections.Generic.List`1[PlayersWorlds.Maps.Area])" fullname="PlayersWorlds.Maps.Maze.MazeGeneratorTest.IsFillComplete(PlayersWorlds.Maps.Maze.WilsonsMazeGenerator,FullWidth,Auto,System.Collections.Generic.List`1[PlayersWorlds.Maps.Area])" methodname="IsFillComplete" classname="PlayersWorlds.Maps.Maze.MazeGeneratorTest" runstate="Runnable" seed="1798135086" result="Passed" start-time="2024-06-12T20:10:13.3771330Z" end-time="2024-06-12T20:10:13.4187010Z" duration="0.041569" asserts="5" />
                <test-case id="1-1885" name="IsFillComplete(PlayersWorlds.Maps.Maze.WilsonsMazeGenerator,FullWidth,Auto,System.Collections.Generic.List`1[PlayersWorlds.Maps.Area])" fullname="PlayersWorlds.Maps.Maze.MazeGeneratorTest.IsFillComplete(PlayersWorlds.Maps.Maze.WilsonsMazeGenerator,FullWidth,Auto,System.Collections.Generic.List`1[PlayersWorlds.Maps.Area])" methodname="IsFillComplete" classname="PlayersWorlds.Maps.Maze.MazeGeneratorTest" runstate="Runnable" seed="551123776" result="Passed" start-time="2024-06-12T20:10:13.4187120Z" end-time="2024-06-12T20:10:13.4693580Z" duration="0.050646" asserts="5" />
                <test-case id="1-1886" name="IsFillComplete(PlayersWorlds.Maps.Maze.WilsonsMazeGenerator,FullWidth,Auto,System.Collections.Generic.List`1[PlayersWorlds.Maps.Area])" fullname="PlayersWorlds.Maps.Maze.MazeGeneratorTest.IsFillComplete(PlayersWorlds.Maps.Maze.WilsonsMazeGenerator,FullWidth,Auto,System.Collections.Generic.List`1[PlayersWorlds.Maps.Area])" methodname="IsFillComplete" classname="PlayersWorlds.Maps.Maze.MazeGeneratorTest" runstate="Runnable" seed="1097021150" result="Passed" start-time="2024-06-12T20:10:13.4693770Z" end-time="2024-06-12T20:10:13.5137380Z" duration="0.044361" asserts="5" />
                <test-case id="1-1887" name="IsFillComplete(PlayersWorlds.Maps.Maze.WilsonsMazeGenerator,FullWidth,Manual,null)" fullname="PlayersWorlds.Maps.Maze.MazeGeneratorTest.IsFillComplete(PlayersWorlds.Maps.Maze.WilsonsMazeGenerator,FullWidth,Manual,null)" methodname="IsFillComplete" classname="PlayersWorlds.Maps.Maze.MazeGeneratorTest" runstate="Runnable" seed="1277903073" result="Passed" start-time="2024-06-12T20:10:13.5137490Z" end-time="2024-06-12T20:10:13.5486660Z" duration="0.034918" asserts="5" />
                <test-case id="1-1888" name="IsFillComplete(PlayersWorlds.Maps.Maze.WilsonsMazeGenerator,FullWidth,Manual,System.Collections.Generic.List`1[PlayersWorlds.Maps.Area])" fullname="PlayersWorlds.Maps.Maze.MazeGeneratorTest.IsFillComplete(PlayersWorlds.Maps.Maze.WilsonsMazeGenerator,FullWidth,Manual,System.Collections.Generic.List`1[PlayersWorlds.Maps.Area])" methodname="IsFillComplete" classname="PlayersWorlds.Maps.Maze.MazeGeneratorTest" runstate="Runnable" seed="1469285493" result="Passed" start-time="2024-06-12T20:10:13.5486770Z" end-time="2024-06-12T20:10:13.5828120Z" duration="0.034135" asserts="5" />
                <test-case id="1-1889" name="IsFillComplete(PlayersWorlds.Maps.Maze.WilsonsMazeGenerator,FullWidth,Manual,System.Collections.Generic.List`1[PlayersWorlds.Maps.Area])" fullname="PlayersWorlds.Maps.Maze.MazeGeneratorTest.IsFillComplete(PlayersWorlds.Maps.Maze.WilsonsMazeGenerator,FullWidth,Manual,System.Collections.Generic.List`1[PlayersWorlds.Maps.Area])" methodname="IsFillComplete" classname="PlayersWorlds.Maps.Maze.MazeGeneratorTest" runstate="Runnable" seed="1832676584" result="Passed" start-time="2024-06-12T20:10:13.5828230Z" end-time="2024-06-12T20:10:13.6114280Z" duration="0.028605" asserts="5" />
                <test-case id="1-1890" name="IsFillComplete(PlayersWorlds.Maps.Maze.WilsonsMazeGenerator,FullWidth,Manual,System.Collections.Generic.List`1[PlayersWorlds.Maps.Area])" fullname="PlayersWorlds.Maps.Maze.MazeGeneratorTest.IsFillComplete(PlayersWorlds.Maps.Maze.WilsonsMazeGenerator,FullWidth,Manual,System.Collections.Generic.List`1[PlayersWorlds.Maps.Area])" methodname="IsFillComplete" classname="PlayersWorlds.Maps.Maze.MazeGeneratorTest" runstate="Runnable" seed="847918729" result="Passed" start-time="2024-06-12T20:10:13.6114390Z" end-time="2024-06-12T20:10:13.6455040Z" duration="0.034066" asserts="5" />
                <test-case id="1-1891" name="IsFillComplete(PlayersWorlds.Maps.Maze.WilsonsMazeGenerator,FullWidth,Manual,System.Collections.Generic.List`1[PlayersWorlds.Maps.Area])" fullname="PlayersWorlds.Maps.Maze.MazeGeneratorTest.IsFillComplete(PlayersWorlds.Maps.Maze.WilsonsMazeGenerator,FullWidth,Manual,System.Collections.Generic.List`1[PlayersWorlds.Maps.Area])" methodname="IsFillComplete" classname="PlayersWorlds.Maps.Maze.MazeGeneratorTest" runstate="Runnable" seed="1773853818" result="Passed" start-time="2024-06-12T20:10:13.6455150Z" end-time="2024-06-12T20:10:13.6734670Z" duration="0.027952" asserts="5" />
                <test-case id="1-1892" name="IsFillComplete(PlayersWorlds.Maps.Maze.WilsonsMazeGenerator,FullWidth,Manual,System.Collections.Generic.List`1[PlayersWorlds.Maps.Area])" fullname="PlayersWorlds.Maps.Maze.MazeGeneratorTest.IsFillComplete(PlayersWorlds.Maps.Maze.WilsonsMazeGenerator,FullWidth,Manual,System.Collections.Generic.List`1[PlayersWorlds.Maps.Area])" methodname="IsFillComplete" classname="PlayersWorlds.Maps.Maze.MazeGeneratorTest" runstate="Runnable" seed="1806727807" result="Passed" start-time="2024-06-12T20:10:13.6734850Z" end-time="2024-06-12T20:10:13.7009370Z" duration="0.027452" asserts="5" />
                <test-case id="1-1893" name="IsFillComplete(PlayersWorlds.Maps.Maze.WilsonsMazeGenerator,FullHeight,Auto,null)" fullname="PlayersWorlds.Maps.Maze.MazeGeneratorTest.IsFillComplete(PlayersWorlds.Maps.Maze.WilsonsMazeGenerator,FullHeight,Auto,null)" methodname="IsFillComplete" classname="PlayersWorlds.Maps.Maze.MazeGeneratorTest" runstate="Runnable" seed="1180552313" result="Passed" start-time="2024-06-12T20:10:13.7009480Z" end-time="2024-06-12T20:10:13.7377860Z" duration="0.036838" asserts="5" />
                <test-case id="1-1894" name="IsFillComplete(PlayersWorlds.Maps.Maze.WilsonsMazeGenerator,FullHeight,Auto,System.Collections.Generic.List`1[PlayersWorlds.Maps.Area])" fullname="PlayersWorlds.Maps.Maze.MazeGeneratorTest.IsFillComplete(PlayersWorlds.Maps.Maze.WilsonsMazeGenerator,FullHeight,Auto,System.Collections.Generic.List`1[PlayersWorlds.Maps.Area])" methodname="IsFillComplete" classname="PlayersWorlds.Maps.Maze.MazeGeneratorTest" runstate="Runnable" seed="905895305" result="Passed" start-time="2024-06-12T20:10:13.7378050Z" end-time="2024-06-12T20:10:13.7634700Z" duration="0.025665" asserts="5" />
                <test-case id="1-1895" name="IsFillComplete(PlayersWorlds.Maps.Maze.WilsonsMazeGenerator,FullHeight,Auto,System.Collections.Generic.List`1[PlayersWorlds.Maps.Area])" fullname="PlayersWorlds.Maps.Maze.MazeGeneratorTest.IsFillComplete(PlayersWorlds.Maps.Maze.WilsonsMazeGenerator,FullHeight,Auto,System.Collections.Generic.List`1[PlayersWorlds.Maps.Area])" methodname="IsFillComplete" classname="PlayersWorlds.Maps.Maze.MazeGeneratorTest" runstate="Runnable" seed="2070574616" result="Passed" start-time="2024-06-12T20:10:13.7634810Z" end-time="2024-06-12T20:10:13.7996110Z" duration="0.036130" asserts="5" />
                <test-case id="1-1896" name="IsFillComplete(PlayersWorlds.Maps.Maze.WilsonsMazeGenerator,FullHeight,Auto,System.Collections.Generic.List`1[PlayersWorlds.Maps.Area])" fullname="PlayersWorlds.Maps.Maze.MazeGeneratorTest.IsFillComplete(PlayersWorlds.Maps.Maze.WilsonsMazeGenerator,FullHeight,Auto,System.Collections.Generic.List`1[PlayersWorlds.Maps.Area])" methodname="IsFillComplete" classname="PlayersWorlds.Maps.Maze.MazeGeneratorTest" runstate="Runnable" seed="1750568971" result="Passed" start-time="2024-06-12T20:10:13.7996230Z" end-time="2024-06-12T20:10:13.8466570Z" duration="0.047035" asserts="5" />
                <test-case id="1-1897" name="IsFillComplete(PlayersWorlds.Maps.Maze.WilsonsMazeGenerator,FullHeight,Auto,System.Collections.Generic.List`1[PlayersWorlds.Maps.Area])" fullname="PlayersWorlds.Maps.Maze.MazeGeneratorTest.IsFillComplete(PlayersWorlds.Maps.Maze.WilsonsMazeGenerator,FullHeight,Auto,System.Collections.Generic.List`1[PlayersWorlds.Maps.Area])" methodname="IsFillComplete" classname="PlayersWorlds.Maps.Maze.MazeGeneratorTest" runstate="Runnable" seed="1973670143" result="Passed" start-time="2024-06-12T20:10:13.8466680Z" end-time="2024-06-12T20:10:13.9007920Z" duration="0.054125" asserts="5" />
                <test-case id="1-1898" name="IsFillComplete(PlayersWorlds.Maps.Maze.WilsonsMazeGenerator,FullHeight,Auto,System.Collections.Generic.List`1[PlayersWorlds.Maps.Area])" fullname="PlayersWorlds.Maps.Maze.MazeGeneratorTest.IsFillComplete(PlayersWorlds.Maps.Maze.WilsonsMazeGenerator,FullHeight,Auto,System.Collections.Generic.List`1[PlayersWorlds.Maps.Area])" methodname="IsFillComplete" classname="PlayersWorlds.Maps.Maze.MazeGeneratorTest" runstate="Runnable" seed="1441400291" result="Passed" start-time="2024-06-12T20:10:13.9008110Z" end-time="2024-06-12T20:10:13.9432950Z" duration="0.042484" asserts="5" />
                <test-case id="1-1899" name="IsFillComplete(PlayersWorlds.Maps.Maze.WilsonsMazeGenerator,FullHeight,Manual,null)" fullname="PlayersWorlds.Maps.Maze.MazeGeneratorTest.IsFillComplete(PlayersWorlds.Maps.Maze.WilsonsMazeGenerator,FullHeight,Manual,null)" methodname="IsFillComplete" classname="PlayersWorlds.Maps.Maze.MazeGeneratorTest" runstate="Runnable" seed="1710311342" result="Passed" start-time="2024-06-12T20:10:13.9433060Z" end-time="2024-06-12T20:10:13.9776240Z" duration="0.034318" asserts="5" />
                <test-case id="1-1900" name="IsFillComplete(PlayersWorlds.Maps.Maze.WilsonsMazeGenerator,FullHeight,Manual,System.Collections.Generic.List`1[PlayersWorlds.Maps.Area])" fullname="PlayersWorlds.Maps.Maze.MazeGeneratorTest.IsFillComplete(PlayersWorlds.Maps.Maze.WilsonsMazeGenerator,FullHeight,Manual,System.Collections.Generic.List`1[PlayersWorlds.Maps.Area])" methodname="IsFillComplete" classname="PlayersWorlds.Maps.Maze.MazeGeneratorTest" runstate="Runnable" seed="831721876" result="Passed" start-time="2024-06-12T20:10:13.9776350Z" end-time="2024-06-12T20:10:14.0168850Z" duration="0.039250" asserts="5" />
                <test-case id="1-1901" name="IsFillComplete(PlayersWorlds.Maps.Maze.WilsonsMazeGenerator,FullHeight,Manual,System.Collections.Generic.List`1[PlayersWorlds.Maps.Area])" fullname="PlayersWorlds.Maps.Maze.MazeGeneratorTest.IsFillComplete(PlayersWorlds.Maps.Maze.WilsonsMazeGenerator,FullHeight,Manual,System.Collections.Generic.List`1[PlayersWorlds.Maps.Area])" methodname="IsFillComplete" classname="PlayersWorlds.Maps.Maze.MazeGeneratorTest" runstate="Runnable" seed="2003387596" result="Passed" start-time="2024-06-12T20:10:14.0169040Z" end-time="2024-06-12T20:10:14.0472560Z" duration="0.030352" asserts="5" />
                <test-case id="1-1902" name="IsFillComplete(PlayersWorlds.Maps.Maze.WilsonsMazeGenerator,FullHeight,Manual,System.Collections.Generic.List`1[PlayersWorlds.Maps.Area])" fullname="PlayersWorlds.Maps.Maze.MazeGeneratorTest.IsFillComplete(PlayersWorlds.Maps.Maze.WilsonsMazeGenerator,FullHeight,Manual,System.Collections.Generic.List`1[PlayersWorlds.Maps.Area])" methodname="IsFillComplete" classname="PlayersWorlds.Maps.Maze.MazeGeneratorTest" runstate="Runnable" seed="1033483045" result="Passed" start-time="2024-06-12T20:10:14.0472670Z" end-time="2024-06-12T20:10:14.0819020Z" duration="0.034635" asserts="5" />
                <test-case id="1-1903" name="IsFillComplete(PlayersWorlds.Maps.Maze.WilsonsMazeGenerator,FullHeight,Manual,System.Collections.Generic.List`1[PlayersWorlds.Maps.Area])" fullname="PlayersWorlds.Maps.Maze.MazeGeneratorTest.IsFillComplete(PlayersWorlds.Maps.Maze.WilsonsMazeGenerator,FullHeight,Manual,System.Collections.Generic.List`1[PlayersWorlds.Maps.Area])" methodname="IsFillComplete" classname="PlayersWorlds.Maps.Maze.MazeGeneratorTest" runstate="Runnable" seed="1828516636" result="Passed" start-time="2024-06-12T20:10:14.0819130Z" end-time="2024-06-12T20:10:14.1119090Z" duration="0.029996" asserts="5" />
                <test-case id="1-1904" name="IsFillComplete(PlayersWorlds.Maps.Maze.WilsonsMazeGenerator,FullHeight,Manual,System.Collections.Generic.List`1[PlayersWorlds.Maps.Area])" fullname="PlayersWorlds.Maps.Maze.MazeGeneratorTest.IsFillComplete(PlayersWorlds.Maps.Maze.WilsonsMazeGenerator,FullHeight,Manual,System.Collections.Generic.List`1[PlayersWorlds.Maps.Area])" methodname="IsFillComplete" classname="PlayersWorlds.Maps.Maze.MazeGeneratorTest" runstate="Runnable" seed="1187659071" result="Passed" start-time="2024-06-12T20:10:14.1119190Z" end-time="2024-06-12T20:10:14.1331030Z" duration="0.021183" asserts="5" />
                <test-case id="1-1905" name="IsFillComplete(PlayersWorlds.Maps.Maze.WilsonsMazeGenerator,Full,Auto,null)" fullname="PlayersWorlds.Maps.Maze.MazeGeneratorTest.IsFillComplete(PlayersWorlds.Maps.Maze.WilsonsMazeGenerator,Full,Auto,null)" methodname="IsFillComplete" classname="PlayersWorlds.Maps.Maze.MazeGeneratorTest" runstate="Runnable" seed="1283881522" result="Passed" start-time="2024-06-12T20:10:14.1331140Z" end-time="2024-06-12T20:10:14.1800840Z" duration="0.046971" asserts="5" />
                <test-case id="1-1906" name="IsFillComplete(PlayersWorlds.Maps.Maze.WilsonsMazeGenerator,Full,Auto,System.Collections.Generic.List`1[PlayersWorlds.Maps.Area])" fullname="PlayersWorlds.Maps.Maze.MazeGeneratorTest.IsFillComplete(PlayersWorlds.Maps.Maze.WilsonsMazeGenerator,Full,Auto,System.Collections.Generic.List`1[PlayersWorlds.Maps.Area])" methodname="IsFillComplete" classname="PlayersWorlds.Maps.Maze.MazeGeneratorTest" runstate="Runnable" seed="263580482" result="Passed" start-time="2024-06-12T20:10:14.1800960Z" end-time="2024-06-12T20:10:14.2262700Z" duration="0.046174" asserts="5" />
                <test-case id="1-1907" name="IsFillComplete(PlayersWorlds.Maps.Maze.WilsonsMazeGenerator,Full,Auto,System.Collections.Generic.List`1[PlayersWorlds.Maps.Area])" fullname="PlayersWorlds.Maps.Maze.MazeGeneratorTest.IsFillComplete(PlayersWorlds.Maps.Maze.WilsonsMazeGenerator,Full,Auto,System.Collections.Generic.List`1[PlayersWorlds.Maps.Area])" methodname="IsFillComplete" classname="PlayersWorlds.Maps.Maze.MazeGeneratorTest" runstate="Runnable" seed="1033359046" result="Passed" start-time="2024-06-12T20:10:14.2262810Z" end-time="2024-06-12T20:10:14.2718750Z" duration="0.045594" asserts="5" />
                <test-case id="1-1908" name="IsFillComplete(PlayersWorlds.Maps.Maze.WilsonsMazeGenerator,Full,Auto,System.Collections.Generic.List`1[PlayersWorlds.Maps.Area])" fullname="PlayersWorlds.Maps.Maze.MazeGeneratorTest.IsFillComplete(PlayersWorlds.Maps.Maze.WilsonsMazeGenerator,Full,Auto,System.Collections.Generic.List`1[PlayersWorlds.Maps.Area])" methodname="IsFillComplete" classname="PlayersWorlds.Maps.Maze.MazeGeneratorTest" runstate="Runnable" seed="394447577" result="Passed" start-time="2024-06-12T20:10:14.2718870Z" end-time="2024-06-12T20:10:14.3343440Z" duration="0.062457" asserts="5" />
                <test-case id="1-1909" name="IsFillComplete(PlayersWorlds.Maps.Maze.WilsonsMazeGenerator,Full,Auto,System.Collections.Generic.List`1[PlayersWorlds.Maps.Area])" fullname="PlayersWorlds.Maps.Maze.MazeGeneratorTest.IsFillComplete(PlayersWorlds.Maps.Maze.WilsonsMazeGenerator,Full,Auto,System.Collections.Generic.List`1[PlayersWorlds.Maps.Area])" methodname="IsFillComplete" classname="PlayersWorlds.Maps.Maze.MazeGeneratorTest" runstate="Runnable" seed="1172431892" result="Passed" start-time="2024-06-12T20:10:14.3343560Z" end-time="2024-06-12T20:10:14.4049140Z" duration="0.070558" asserts="5" />
                <test-case id="1-1910" name="IsFillComplete(PlayersWorlds.Maps.Maze.WilsonsMazeGenerator,Full,Auto,System.Collections.Generic.List`1[PlayersWorlds.Maps.Area])" fullname="PlayersWorlds.Maps.Maze.MazeGeneratorTest.IsFillComplete(PlayersWorlds.Maps.Maze.WilsonsMazeGenerator,Full,Auto,System.Collections.Generic.List`1[PlayersWorlds.Maps.Area])" methodname="IsFillComplete" classname="PlayersWorlds.Maps.Maze.MazeGeneratorTest" runstate="Runnable" seed="1989170306" result="Passed" start-time="2024-06-12T20:10:14.4049260Z" end-time="2024-06-12T20:10:14.4420200Z" duration="0.037094" asserts="5" />
                <test-case id="1-1911" name="IsFillComplete(PlayersWorlds.Maps.Maze.WilsonsMazeGenerator,Full,Manual,null)" fullname="PlayersWorlds.Maps.Maze.MazeGeneratorTest.IsFillComplete(PlayersWorlds.Maps.Maze.WilsonsMazeGenerator,Full,Manual,null)" methodname="IsFillComplete" classname="PlayersWorlds.Maps.Maze.MazeGeneratorTest" runstate="Runnable" seed="1509699262" result="Passed" start-time="2024-06-12T20:10:14.4420310Z" end-time="2024-06-12T20:10:14.4862860Z" duration="0.044255" asserts="5" />
                <test-case id="1-1912" name="IsFillComplete(PlayersWorlds.Maps.Maze.WilsonsMazeGenerator,Full,Manual,System.Collections.Generic.List`1[PlayersWorlds.Maps.Area])" fullname="PlayersWorlds.Maps.Maze.MazeGeneratorTest.IsFillComplete(PlayersWorlds.Maps.Maze.WilsonsMazeGenerator,Full,Manual,System.Collections.Generic.List`1[PlayersWorlds.Maps.Area])" methodname="IsFillComplete" classname="PlayersWorlds.Maps.Maze.MazeGeneratorTest" runstate="Runnable" seed="1811481278" result="Passed" start-time="2024-06-12T20:10:14.4862970Z" end-time="2024-06-12T20:10:14.5274620Z" duration="0.041166" asserts="5" />
                <test-case id="1-1913" name="IsFillComplete(PlayersWorlds.Maps.Maze.WilsonsMazeGenerator,Full,Manual,System.Collections.Generic.List`1[PlayersWorlds.Maps.Area])" fullname="PlayersWorlds.Maps.Maze.MazeGeneratorTest.IsFillComplete(PlayersWorlds.Maps.Maze.WilsonsMazeGenerator,Full,Manual,System.Collections.Generic.List`1[PlayersWorlds.Maps.Area])" methodname="IsFillComplete" classname="PlayersWorlds.Maps.Maze.MazeGeneratorTest" runstate="Runnable" seed="914871898" result="Passed" start-time="2024-06-12T20:10:14.5274730Z" end-time="2024-06-12T20:10:14.5674960Z" duration="0.040023" asserts="5" />
                <test-case id="1-1914" name="IsFillComplete(PlayersWorlds.Maps.Maze.WilsonsMazeGenerator,Full,Manual,System.Collections.Generic.List`1[PlayersWorlds.Maps.Area])" fullname="PlayersWorlds.Maps.Maze.MazeGeneratorTest.IsFillComplete(PlayersWorlds.Maps.Maze.WilsonsMazeGenerator,Full,Manual,System.Collections.Generic.List`1[PlayersWorlds.Maps.Area])" methodname="IsFillComplete" classname="PlayersWorlds.Maps.Maze.MazeGeneratorTest" runstate="Runnable" seed="68714144" result="Passed" start-time="2024-06-12T20:10:14.5675070Z" end-time="2024-06-12T20:10:14.6022420Z" duration="0.034736" asserts="5" />
                <test-case id="1-1915" name="IsFillComplete(PlayersWorlds.Maps.Maze.WilsonsMazeGenerator,Full,Manual,System.Collections.Generic.List`1[PlayersWorlds.Maps.Area])" fullname="PlayersWorlds.Maps.Maze.MazeGeneratorTest.IsFillComplete(PlayersWorlds.Maps.Maze.WilsonsMazeGenerator,Full,Manual,System.Collections.Generic.List`1[PlayersWorlds.Maps.Area])" methodname="IsFillComplete" classname="PlayersWorlds.Maps.Maze.MazeGeneratorTest" runstate="Runnable" seed="1238987309" result="Passed" start-time="2024-06-12T20:10:14.6022610Z" end-time="2024-06-12T20:10:14.6313750Z" duration="0.029115" asserts="5" />
                <test-case id="1-1916" name="IsFillComplete(PlayersWorlds.Maps.Maze.WilsonsMazeGenerator,Full,Manual,System.Collections.Generic.List`1[PlayersWorlds.Maps.Area])" fullname="PlayersWorlds.Maps.Maze.MazeGeneratorTest.IsFillComplete(PlayersWorlds.Maps.Maze.WilsonsMazeGenerator,Full,Manual,System.Collections.Generic.List`1[PlayersWorlds.Maps.Area])" methodname="IsFillComplete" classname="PlayersWorlds.Maps.Maze.MazeGeneratorTest" runstate="Runnable" seed="1475089540" result="Passed" start-time="2024-06-12T20:10:14.6313860Z" end-time="2024-06-12T20:10:14.6591730Z" duration="0.027787" asserts="5" />
              </test-suite>
              <test-case id="1-1918" name="IsFillComplete_Debug" fullname="PlayersWorlds.Maps.Maze.MazeGeneratorTest.IsFillComplete_Debug" methodname="IsFillComplete_Debug" classname="PlayersWorlds.Maps.Maze.MazeGeneratorTest" runstate="Ignored" seed="465806196" result="Skipped" label="Ignored" start-time="2024-06-12T20:10:14.6592710Z" end-time="2024-06-12T20:10:14.6592770Z" duration="0.000005" asserts="0">
                <properties>
                  <property name="_SKIPREASON" value="Debugging only" />
                </properties>
                <reason>
                  <message><![CDATA[Debugging only]]></message>
                </reason>
              </test-case>
              <test-case id="1-1407" name="IsFillComplete_Full" fullname="PlayersWorlds.Maps.Maze.MazeGeneratorTest.IsFillComplete_Full" methodname="IsFillComplete_Full" classname="PlayersWorlds.Maps.Maze.MazeGeneratorTest" runstate="Runnable" seed="143849927" result="Passed" start-time="2024-06-12T20:10:14.6592810Z" end-time="2024-06-12T20:10:14.7077650Z" duration="0.048484" asserts="3" />
              <test-case id="1-1412" name="IsFillComplete_FullHeight" fullname="PlayersWorlds.Maps.Maze.MazeGeneratorTest.IsFillComplete_FullHeight" methodname="IsFillComplete_FullHeight" classname="PlayersWorlds.Maps.Maze.MazeGeneratorTest" runstate="Runnable" seed="1425840720" result="Passed" start-time="2024-06-12T20:10:14.7077760Z" end-time="2024-06-12T20:10:14.7417600Z" duration="0.033984" asserts="3" />
              <test-case id="1-1411" name="IsFillComplete_FullWidth" fullname="PlayersWorlds.Maps.Maze.MazeGeneratorTest.IsFillComplete_FullWidth" methodname="IsFillComplete_FullWidth" classname="PlayersWorlds.Maps.Maze.MazeGeneratorTest" runstate="Runnable" seed="1821990451" result="Passed" start-time="2024-06-12T20:10:14.7417730Z" end-time="2024-06-12T20:10:14.7768400Z" duration="0.035068" asserts="3" />
              <test-case id="1-1406" name="IsFillComplete_Half" fullname="PlayersWorlds.Maps.Maze.MazeGeneratorTest.IsFillComplete_Half" methodname="IsFillComplete_Half" classname="PlayersWorlds.Maps.Maze.MazeGeneratorTest" runstate="Runnable" seed="1298561786" result="Passed" start-time="2024-06-12T20:10:14.7768530Z" end-time="2024-06-12T20:10:14.8108080Z" duration="0.033956" asserts="3" />
              <test-case id="1-1410" name="IsFillComplete_NinetyPercent" fullname="PlayersWorlds.Maps.Maze.MazeGeneratorTest.IsFillComplete_NinetyPercent" methodname="IsFillComplete_NinetyPercent" classname="PlayersWorlds.Maps.Maze.MazeGeneratorTest" runstate="Runnable" seed="1979210185" result="Passed" start-time="2024-06-12T20:10:14.8108200Z" end-time="2024-06-12T20:10:14.8532440Z" duration="0.042424" asserts="3" />
              <test-case id="1-1408" name="IsFillComplete_Quarter" fullname="PlayersWorlds.Maps.Maze.MazeGeneratorTest.IsFillComplete_Quarter" methodname="IsFillComplete_Quarter" classname="PlayersWorlds.Maps.Maze.MazeGeneratorTest" runstate="Runnable" seed="1723154465" result="Passed" start-time="2024-06-12T20:10:14.8532640Z" end-time="2024-06-12T20:10:14.8860420Z" duration="0.032778" asserts="3" />
              <test-case id="1-1409" name="IsFillComplete_ThreeQuarters" fullname="PlayersWorlds.Maps.Maze.MazeGeneratorTest.IsFillComplete_ThreeQuarters" methodname="IsFillComplete_ThreeQuarters" classname="PlayersWorlds.Maps.Maze.MazeGeneratorTest" runstate="Runnable" seed="1624605994" result="Passed" start-time="2024-06-12T20:10:14.8860540Z" end-time="2024-06-12T20:10:14.9233790Z" duration="0.037325" asserts="3" />
              <test-case id="1-1405" name="OnlyFullGenerators" fullname="PlayersWorlds.Maps.Maze.MazeGeneratorTest.OnlyFullGenerators" methodname="OnlyFullGenerators" classname="PlayersWorlds.Maps.Maze.MazeGeneratorTest" runstate="Runnable" seed="1645217824" result="Passed" start-time="2024-06-12T20:10:14.9234000Z" end-time="2024-06-12T20:10:14.9811990Z" duration="0.057800" asserts="2" />
              <test-case id="1-1919" name="WrongGeneratorOptions" fullname="PlayersWorlds.Maps.Maze.MazeGeneratorTest.WrongGeneratorOptions" methodname="WrongGeneratorOptions" classname="PlayersWorlds.Maps.Maze.MazeGeneratorTest" runstate="Runnable" seed="1884915907" result="Passed" start-time="2024-06-12T20:10:14.9812110Z" end-time="2024-06-12T20:10:14.9831860Z" duration="0.001975" asserts="4" />
            </test-suite>
            <test-suite type="TestSuite" id="1-2104" name="PostProcessing" fullname="PlayersWorlds.Maps.Maze.PostProcessing" runstate="Runnable" testcasecount="5" result="Passed" start-time="2024-06-12T19:55:21.4131870Z" end-time="2024-06-12T20:10:15.0331870Z" duration="893.620000" total="5" passed="5" failed="0" warnings="0" inconclusive="0" skipped="0" asserts="19">
              <test-suite type="TestFixture" id="1-1932" name="DeadEndTest" fullname="PlayersWorlds.Maps.Maze.PostProcessing.DeadEndTest" classname="PlayersWorlds.Maps.Maze.PostProcessing.DeadEndTest" runstate="Runnable" testcasecount="1" result="Passed" start-time="2024-06-12T20:10:14.9832250Z" end-time="2024-06-12T20:10:14.9839780Z" duration="0.000753" total="1" passed="1" failed="0" warnings="0" inconclusive="0" skipped="0" asserts="7">
                <test-case id="1-1933" name="DeadEnd_CanFindDeadEnds" fullname="PlayersWorlds.Maps.Maze.PostProcessing.DeadEndTest.DeadEnd_CanFindDeadEnds" methodname="DeadEnd_CanFindDeadEnds" classname="PlayersWorlds.Maps.Maze.PostProcessing.DeadEndTest" runstate="Runnable" seed="156155307" result="Passed" start-time="2024-06-12T20:10:14.9832970Z" end-time="2024-06-12T20:10:14.9839660Z" duration="0.000669" asserts="7" />
              </test-suite>
              <test-suite type="TestFixture" id="1-1934" name="DijkstraDistanceTest" fullname="PlayersWorlds.Maps.Maze.PostProcessing.DijkstraDistanceTest" classname="PlayersWorlds.Maps.Maze.PostProcessing.DijkstraDistanceTest" runstate="Runnable" testcasecount="4" result="Passed" start-time="2024-06-12T20:10:14.9839900Z" end-time="2024-06-12T20:10:15.0331800Z" duration="0.049190" total="4" passed="4" failed="0" warnings="0" inconclusive="0" skipped="0" asserts="12">
                <test-case id="1-1938" name="DijkstraDistance_CanFindLongestTrail" fullname="PlayersWorlds.Maps.Maze.PostProcessing.DijkstraDistanceTest.DijkstraDistance_CanFindLongestTrail" methodname="DijkstraDistance_CanFindLongestTrail" classname="PlayersWorlds.Maps.Maze.PostProcessing.DijkstraDistanceTest" runstate="Runnable" seed="1737381352" result="Passed" start-time="2024-06-12T20:10:14.9840520Z" end-time="2024-06-12T20:10:14.9846750Z" duration="0.000623" asserts="4" />
                <test-case id="1-1936" name="DijkstraDistance_CanSolveAMaze" fullname="PlayersWorlds.Maps.Maze.PostProcessing.DijkstraDistanceTest.DijkstraDistance_CanSolveAMaze" methodname="DijkstraDistance_CanSolveAMaze" classname="PlayersWorlds.Maps.Maze.PostProcessing.DijkstraDistanceTest" runstate="Runnable" seed="1314325501" result="Passed" start-time="2024-06-12T20:10:14.9846830Z" end-time="2024-06-12T20:10:14.9851180Z" duration="0.000436" asserts="4" />
                <test-case id="1-1935" name="DijkstraDistance_FindsAllDistances" fullname="PlayersWorlds.Maps.Maze.PostProcessing.DijkstraDistanceTest.DijkstraDistance_FindsAllDistances" methodname="DijkstraDistance_FindsAllDistances" classname="PlayersWorlds.Maps.Maze.PostProcessing.DijkstraDistanceTest" runstate="Runnable" seed="1976885750" result="Passed" start-time="2024-06-12T20:10:14.9851270Z" end-time="2024-06-12T20:10:15.0328960Z" duration="0.047769" asserts="3" />
                <test-case id="1-1937" name="DijkstraDistance_ReturnsEmptyIfNoSolutionFound" fullname="PlayersWorlds.Maps.Maze.PostProcessing.DijkstraDistanceTest.DijkstraDistance_ReturnsEmptyIfNoSolutionFound" methodname="DijkstraDistance_ReturnsEmptyIfNoSolutionFound" classname="PlayersWorlds.Maps.Maze.PostProcessing.DijkstraDistanceTest" runstate="Runnable" seed="1838096907" result="Passed" start-time="2024-06-12T20:10:15.0329080Z" end-time="2024-06-12T20:10:15.0331690Z" duration="0.000261" asserts="1" />
              </test-suite>
            </test-suite>
            <test-suite type="TestFixture" id="1-1927" name="SidewinderMazeGeneratorTest" fullname="PlayersWorlds.Maps.Maze.SidewinderMazeGeneratorTest" classname="PlayersWorlds.Maps.Maze.SidewinderMazeGeneratorTest" runstate="Runnable" testcasecount="2" result="Passed" start-time="2024-06-12T20:10:15.0331980Z" end-time="2024-06-12T20:10:15.3584860Z" duration="0.325288" total="2" passed="2" failed="0" warnings="0" inconclusive="0" skipped="0" asserts="22">
              <test-case id="1-1928" name="ArchShapedAreas" fullname="PlayersWorlds.Maps.Maze.SidewinderMazeGeneratorTest.ArchShapedAreas" methodname="ArchShapedAreas" classname="PlayersWorlds.Maps.Maze.SidewinderMazeGeneratorTest" runstate="Runnable" seed="1699312784" result="Passed" start-time="2024-06-12T20:10:15.0332540Z" end-time="2024-06-12T20:10:15.0611030Z" duration="0.027850" asserts="2" />
              <test-case id="1-1929" name="ArchShapedAreasLeftExit" fullname="PlayersWorlds.Maps.Maze.SidewinderMazeGeneratorTest.ArchShapedAreasLeftExit" methodname="ArchShapedAreasLeftExit" classname="PlayersWorlds.Maps.Maze.SidewinderMazeGeneratorTest" runstate="Runnable" seed="828234450" result="Passed" start-time="2024-06-12T20:10:15.0611160Z" end-time="2024-06-12T20:10:15.3584680Z" duration="0.297353" asserts="20">
                <properties>
                  <property name="Repeat" value="10" />
                  <property name="Category" value="Integration" />
                </properties>
              </test-case>
            </test-suite>
            <test-suite type="TestFixture" id="1-1930" name="WilsonsMazeGeneratorTest" fullname="PlayersWorlds.Maps.Maze.WilsonsMazeGeneratorTest" classname="PlayersWorlds.Maps.Maze.WilsonsMazeGeneratorTest" runstate="Runnable" testcasecount="1" result="Passed" start-time="2024-06-12T20:10:15.3585030Z" end-time="2024-06-12T20:10:15.3766820Z" duration="0.018180" total="1" passed="1" failed="0" warnings="0" inconclusive="0" skipped="0" asserts="1">
              <test-case id="1-1931" name="DuplicateRandom" fullname="PlayersWorlds.Maps.Maze.WilsonsMazeGeneratorTest.DuplicateRandom" methodname="DuplicateRandom" classname="PlayersWorlds.Maps.Maze.WilsonsMazeGeneratorTest" runstate="Runnable" seed="1747730757" result="Passed" start-time="2024-06-12T20:10:15.3585780Z" end-time="2024-06-12T20:10:15.3766670Z" duration="0.018089" asserts="1">
                <properties>
                  <property name="Timeout" value="1000" />
                </properties>
              </test-case>
            </test-suite>
          </test-suite>
          <test-suite type="TestFixture" id="1-1053" name="Maze2DRendererTest" fullname="PlayersWorlds.Maps.Maze2DRendererTest" classname="PlayersWorlds.Maps.Maze2DRendererTest" runstate="Runnable" testcasecount="8" result="Passed" start-time="2024-06-12T20:10:15.3767050Z" end-time="2024-06-12T20:10:15.4038350Z" duration="0.027130" total="8" passed="8" failed="0" warnings="0" inconclusive="0" skipped="0" asserts="57">
            <test-case id="1-1056" name="CanRenderAMapWithFilledAreas" fullname="PlayersWorlds.Maps.Maze2DRendererTest.CanRenderAMapWithFilledAreas" methodname="CanRenderAMapWithFilledAreas" classname="PlayersWorlds.Maps.Maze2DRendererTest" runstate="Runnable" seed="2025469889" result="Passed" start-time="2024-06-12T20:10:15.3767650Z" end-time="2024-06-12T20:10:15.3829420Z" duration="0.006177" asserts="1" />
            <test-case id="1-1057" name="CanRenderAMapWithHallAreas" fullname="PlayersWorlds.Maps.Maze2DRendererTest.CanRenderAMapWithHallAreas" methodname="CanRenderAMapWithHallAreas" classname="PlayersWorlds.Maps.Maze2DRendererTest" runstate="Runnable" seed="105353715" result="Passed" start-time="2024-06-12T20:10:15.3829530Z" end-time="2024-06-12T20:10:15.3880760Z" duration="0.005123" asserts="1" />
            <test-case id="1-1054" name="CanRenderAMapWithSmoothCorners" fullname="PlayersWorlds.Maps.Maze2DRendererTest.CanRenderAMapWithSmoothCorners" methodname="CanRenderAMapWithSmoothCorners" classname="PlayersWorlds.Maps.Maze2DRendererTest" runstate="Runnable" seed="2121691953" result="Passed" start-time="2024-06-12T20:10:15.3880960Z" end-time="2024-06-12T20:10:15.3921520Z" duration="0.004056" asserts="1" />
            <test-case id="1-1055" name="CanRenderAMapWithVoids" fullname="PlayersWorlds.Maps.Maze2DRendererTest.CanRenderAMapWithVoids" methodname="CanRenderAMapWithVoids" classname="PlayersWorlds.Maps.Maze2DRendererTest" runstate="Runnable" seed="2099202959" result="Passed" start-time="2024-06-12T20:10:15.3921640Z" end-time="2024-06-12T20:10:15.3966040Z" duration="0.004440" asserts="1" />
            <test-case id="1-1061" name="CellsMapping_ValidMapping" fullname="PlayersWorlds.Maps.Maze2DRendererTest.CellsMapping_ValidMapping" methodname="CellsMapping_ValidMapping" classname="PlayersWorlds.Maps.Maze2DRendererTest" runstate="Runnable" seed="666671980" result="Passed" start-time="2024-06-12T20:10:15.3966150Z" end-time="2024-06-12T20:10:15.4011200Z" duration="0.004505" asserts="45" />
            <test-case id="1-1058" name="Maze2DStringBoxRenderer_CanConvertToAscii" fullname="PlayersWorlds.Maps.Maze2DRendererTest.Maze2DStringBoxRenderer_CanConvertToAscii" methodname="Maze2DStringBoxRenderer_CanConvertToAscii" classname="PlayersWorlds.Maps.Maze2DRendererTest" runstate="Runnable" seed="289289971" result="Passed" start-time="2024-06-12T20:10:15.4011320Z" end-time="2024-06-12T20:10:15.4018280Z" duration="0.000696" asserts="1" />
            <test-case id="1-1059" name="Maze2DStringBoxRenderer_CanConvertToAsciiWithData" fullname="PlayersWorlds.Maps.Maze2DRendererTest.Maze2DStringBoxRenderer_CanConvertToAsciiWithData" methodname="Maze2DStringBoxRenderer_CanConvertToAsciiWithData" classname="PlayersWorlds.Maps.Maze2DRendererTest" runstate="Runnable" seed="664521629" result="Passed" start-time="2024-06-12T20:10:15.4018360Z" end-time="2024-06-12T20:10:15.4030270Z" duration="0.001191" asserts="1" />
            <test-case id="1-1060" name="Maze2DToMap2DConverter_ThrowsIfInvalidOptions" fullname="PlayersWorlds.Maps.Maze2DRendererTest.Maze2DToMap2DConverter_ThrowsIfInvalidOptions" methodname="Maze2DToMap2DConverter_ThrowsIfInvalidOptions" classname="PlayersWorlds.Maps.Maze2DRendererTest" runstate="Runnable" seed="1380594265" result="Passed" start-time="2024-06-12T20:10:15.4030380Z" end-time="2024-06-12T20:10:15.4038200Z" duration="0.000783" asserts="6" />
          </test-suite>
          <test-suite type="TestFixture" id="1-1024" name="NArrayTest" fullname="PlayersWorlds.Maps.NArrayTest" classname="PlayersWorlds.Maps.NArrayTest" runstate="Runnable" testcasecount="20" result="Passed" start-time="2024-06-12T20:10:15.4038490Z" end-time="2024-06-12T20:10:15.4110530Z" duration="0.007203" total="20" passed="20" failed="0" warnings="0" inconclusive="0" skipped="0" asserts="74">
            <test-case id="1-1040" name="CellsAt_AnyCellAt2x2" fullname="PlayersWorlds.Maps.NArrayTest.CellsAt_AnyCellAt2x2" methodname="CellsAt_AnyCellAt2x2" classname="PlayersWorlds.Maps.NArrayTest" runstate="Runnable" seed="471174644" result="Passed" start-time="2024-06-12T20:10:15.4039080Z" end-time="2024-06-12T20:10:15.4041490Z" duration="0.000241" asserts="5" />
            <test-case id="1-1043" name="CellsAt_AnyCellAtCloseEdge2x2" fullname="PlayersWorlds.Maps.NArrayTest.CellsAt_AnyCellAtCloseEdge2x2" methodname="CellsAt_AnyCellAtCloseEdge2x2" classname="PlayersWorlds.Maps.NArrayTest" runstate="Runnable" seed="8309032" result="Passed" start-time="2024-06-12T20:10:15.4041570Z" end-time="2024-06-12T20:10:15.4043680Z" duration="0.000211" asserts="5" />
            <test-case id="1-1032" name="NArray_AdjacentRegion_ReturnsCorrectNeighbors" fullname="PlayersWorlds.Maps.NArrayTest.NArray_AdjacentRegion_ReturnsCorrectNeighbors" methodname="NArray_AdjacentRegion_ReturnsCorrectNeighbors" classname="PlayersWorlds.Maps.NArrayTest" runstate="Runnable" seed="1825353766" result="Passed" start-time="2024-06-12T20:10:15.4043750Z" end-time="2024-06-12T20:10:15.4052590Z" duration="0.000884" asserts="6" />
            <test-case id="1-1033" name="NArray_AdjacentRegion_ReturnsCorrectNeighborsIn4DSpace" fullname="PlayersWorlds.Maps.NArrayTest.NArray_AdjacentRegion_ReturnsCorrectNeighborsIn4DSpace" methodname="NArray_AdjacentRegion_ReturnsCorrectNeighborsIn4DSpace" classname="PlayersWorlds.Maps.NArrayTest" runstate="Runnable" seed="1416086763" result="Passed" start-time="2024-06-12T20:10:15.4052680Z" end-time="2024-06-12T20:10:15.4059930Z" duration="0.000725" asserts="5" />
            <test-case id="1-1025" name="NArray_Constructor_CreatesCorrectSize" fullname="PlayersWorlds.Maps.NArrayTest.NArray_Constructor_CreatesCorrectSize" methodname="NArray_Constructor_CreatesCorrectSize" classname="PlayersWorlds.Maps.NArrayTest" runstate="Runnable" seed="335390461" result="Passed" start-time="2024-06-12T20:10:15.4060010Z" end-time="2024-06-12T20:10:15.4061300Z" duration="0.000129" asserts="2" />
            <test-case id="1-1026" name="NArray_Constructor_ThrowsOnInvalidSize" fullname="PlayersWorlds.Maps.NArrayTest.NArray_Constructor_ThrowsOnInvalidSize" methodname="NArray_Constructor_ThrowsOnInvalidSize" classname="PlayersWorlds.Maps.NArrayTest" runstate="Runnable" seed="937330167" result="Passed" start-time="2024-06-12T20:10:15.4061380Z" end-time="2024-06-12T20:10:15.4064170Z" duration="0.000279" asserts="1" />
            <test-case id="1-1037" name="NArray_Iterate_FourCellsFar" fullname="PlayersWorlds.Maps.NArrayTest.NArray_Iterate_FourCellsFar" methodname="NArray_Iterate_FourCellsFar" classname="PlayersWorlds.Maps.NArrayTest" runstate="Runnable" seed="29587158" result="Passed" start-time="2024-06-12T20:10:15.4064240Z" end-time="2024-06-12T20:10:15.4068740Z" duration="0.000449" asserts="5" />
            <test-case id="1-1034" name="NArray_Iterate_OneCell" fullname="PlayersWorlds.Maps.NArrayTest.NArray_Iterate_OneCell" methodname="NArray_Iterate_OneCell" classname="PlayersWorlds.Maps.NArrayTest" runstate="Runnable" seed="1283911755" result="Passed" start-time="2024-06-12T20:10:15.4068820Z" end-time="2024-06-12T20:10:15.4070960Z" duration="0.000215" asserts="2" />
            <test-case id="1-1038" name="NArray_Iterate_OutOfBounds" fullname="PlayersWorlds.Maps.NArrayTest.NArray_Iterate_OutOfBounds" methodname="NArray_Iterate_OutOfBounds" classname="PlayersWorlds.Maps.NArrayTest" runstate="Runnable" seed="573537973" result="Passed" start-time="2024-06-12T20:10:15.4071030Z" end-time="2024-06-12T20:10:15.4074930Z" duration="0.000389" asserts="4" />
            <test-case id="1-1027" name="NArray_Iterate_TraversesAllCells" fullname="PlayersWorlds.Maps.NArrayTest.NArray_Iterate_TraversesAllCells" methodname="NArray_Iterate_TraversesAllCells" classname="PlayersWorlds.Maps.NArrayTest" runstate="Runnable" seed="601751475" result="Passed" start-time="2024-06-12T20:10:15.4075000Z" end-time="2024-06-12T20:10:15.4080050Z" duration="0.000506" asserts="13" />
            <test-case id="1-1036" name="NArray_Iterate_TreeByTwo" fullname="PlayersWorlds.Maps.NArrayTest.NArray_Iterate_TreeByTwo" methodname="NArray_Iterate_TreeByTwo" classname="PlayersWorlds.Maps.NArrayTest" runstate="Runnable" seed="20947612" result="Passed" start-time="2024-06-12T20:10:15.4080130Z" end-time="2024-06-12T20:10:15.4084000Z" duration="0.000387" asserts="7" />
            <test-case id="1-1035" name="NArray_Iterate_TwoCells" fullname="PlayersWorlds.Maps.NArrayTest.NArray_Iterate_TwoCells" methodname="NArray_Iterate_TwoCells" classname="PlayersWorlds.Maps.NArrayTest" runstate="Runnable" seed="502013665" result="Passed" start-time="2024-06-12T20:10:15.4084080Z" end-time="2024-06-12T20:10:15.4086670Z" duration="0.000259" asserts="3" />
            <test-case id="1-1041" name="NArray_IterateIntersection_AnyCellAtEdge1x1" fullname="PlayersWorlds.Maps.NArrayTest.NArray_IterateIntersection_AnyCellAtEdge1x1" methodname="NArray_IterateIntersection_AnyCellAtEdge1x1" classname="PlayersWorlds.Maps.NArrayTest" runstate="Runnable" seed="1798351232" result="Passed" start-time="2024-06-12T20:10:15.4086750Z" end-time="2024-06-12T20:10:15.4088220Z" duration="0.000148" asserts="2" />
            <test-case id="1-1042" name="NArray_IterateIntersection_AnyCellAtFarEdge2x2" fullname="PlayersWorlds.Maps.NArrayTest.NArray_IterateIntersection_AnyCellAtFarEdge2x2" methodname="NArray_IterateIntersection_AnyCellAtFarEdge2x2" classname="PlayersWorlds.Maps.NArrayTest" runstate="Runnable" seed="834699554" result="Passed" start-time="2024-06-12T20:10:15.4088300Z" end-time="2024-06-12T20:10:15.4089730Z" duration="0.000143" asserts="2" />
            <test-case id="1-1039" name="NArray_IterateIntersection_AnyCellAtP1x1" fullname="PlayersWorlds.Maps.NArrayTest.NArray_IterateIntersection_AnyCellAtP1x1" methodname="NArray_IterateIntersection_AnyCellAtP1x1" classname="PlayersWorlds.Maps.NArrayTest" runstate="Runnable" seed="471444764" result="Passed" start-time="2024-06-12T20:10:15.4089800Z" end-time="2024-06-12T20:10:15.4091220Z" duration="0.000142" asserts="2" />
            <test-case id="1-1031" name="NArray_IterateIntersection_HandlesOverlap" fullname="PlayersWorlds.Maps.NArrayTest.NArray_IterateIntersection_HandlesOverlap" methodname="NArray_IterateIntersection_HandlesOverlap" classname="PlayersWorlds.Maps.NArrayTest" runstate="Runnable" seed="1366581045" result="Passed" start-time="2024-06-12T20:10:15.4091290Z" end-time="2024-06-12T20:10:15.4094780Z" duration="0.000348" asserts="1" />
            <test-case id="1-1030" name="NArray_IterateRegion_HandlesDimensionsMismatch" fullname="PlayersWorlds.Maps.NArrayTest.NArray_IterateRegion_HandlesDimensionsMismatch" methodname="NArray_IterateRegion_HandlesDimensionsMismatch" classname="PlayersWorlds.Maps.NArrayTest" runstate="Runnable" seed="1567775180" result="Passed" start-time="2024-06-12T20:10:15.4094860Z" end-time="2024-06-12T20:10:15.4099610Z" duration="0.000475" asserts="3" />
            <test-case id="1-1029" name="NArray_IterateRegion_HandlesOutOfBounds" fullname="PlayersWorlds.Maps.NArrayTest.NArray_IterateRegion_HandlesOutOfBounds" methodname="NArray_IterateRegion_HandlesOutOfBounds" classname="PlayersWorlds.Maps.NArrayTest" runstate="Runnable" seed="793134572" result="Passed" start-time="2024-06-12T20:10:15.4099680Z" end-time="2024-06-12T20:10:15.4105000Z" duration="0.000532" asserts="4" />
            <test-case id="1-1028" name="NArray_IterateRegion_ReturnsCorrectCells" fullname="PlayersWorlds.Maps.NArrayTest.NArray_IterateRegion_ReturnsCorrectCells" methodname="NArray_IterateRegion_ReturnsCorrectCells" classname="PlayersWorlds.Maps.NArrayTest" runstate="Runnable" seed="1115472423" result="Passed" start-time="2024-06-12T20:10:15.4105080Z" end-time="2024-06-12T20:10:15.4106380Z" duration="0.000130" asserts="1" />
            <test-case id="1-1044" name="SaveRegion_Empty" fullname="PlayersWorlds.Maps.NArrayTest.SaveRegion_Empty" methodname="SaveRegion_Empty" classname="PlayersWorlds.Maps.NArrayTest" runstate="Runnable" seed="1542704190" result="Passed" start-time="2024-06-12T20:10:15.4106450Z" end-time="2024-06-12T20:10:15.4110390Z" duration="0.000394" asserts="1" />
          </test-suite>
          <test-suite type="TestFixture" id="1-1045" name="OptionalTest" fullname="PlayersWorlds.Maps.OptionalTest" classname="PlayersWorlds.Maps.OptionalTest" runstate="Runnable" testcasecount="7" result="Passed" start-time="2024-06-12T20:10:15.4110650Z" end-time="2024-06-12T20:10:15.4127640Z" duration="0.001699" total="7" passed="7" failed="0" warnings="0" inconclusive="0" skipped="0" asserts="25">
            <test-case id="1-1051" name="Optional_CanBeCastToT" fullname="PlayersWorlds.Maps.OptionalTest.Optional_CanBeCastToT" methodname="Optional_CanBeCastToT" classname="PlayersWorlds.Maps.OptionalTest" runstate="Runnable" seed="1119133121" result="Passed" start-time="2024-06-12T20:10:15.4111210Z" end-time="2024-06-12T20:10:15.4112670Z" duration="0.000147" asserts="1" />
            <test-case id="1-1046" name="Optional_Equality" fullname="PlayersWorlds.Maps.OptionalTest.Optional_Equality" methodname="Optional_Equality" classname="PlayersWorlds.Maps.OptionalTest" runstate="Runnable" seed="449871803" result="Passed" start-time="2024-06-12T20:10:15.4112750Z" end-time="2024-06-12T20:10:15.4114800Z" duration="0.000205" asserts="3" />
            <test-case id="1-1048" name="Optional_Equals" fullname="PlayersWorlds.Maps.OptionalTest.Optional_Equals" methodname="Optional_Equals" classname="PlayersWorlds.Maps.OptionalTest" runstate="Runnable" seed="1627588285" result="Passed" start-time="2024-06-12T20:10:15.4114870Z" end-time="2024-06-12T20:10:15.4117830Z" duration="0.000295" asserts="5" />
            <test-case id="1-1050" name="Optional_GetHashCode" fullname="PlayersWorlds.Maps.OptionalTest.Optional_GetHashCode" methodname="Optional_GetHashCode" classname="PlayersWorlds.Maps.OptionalTest" runstate="Runnable" seed="515135558" result="Passed" start-time="2024-06-12T20:10:15.4117900Z" end-time="2024-06-12T20:10:15.4120090Z" duration="0.000219" asserts="3" />
            <test-case id="1-1049" name="Optional_Null" fullname="PlayersWorlds.Maps.OptionalTest.Optional_Null" methodname="Optional_Null" classname="PlayersWorlds.Maps.OptionalTest" runstate="Runnable" seed="1770953546" result="Passed" start-time="2024-06-12T20:10:15.4120170Z" end-time="2024-06-12T20:10:15.4124060Z" duration="0.000389" asserts="9" />
            <test-case id="1-1047" name="Optional_ThrowsIfNoValue" fullname="PlayersWorlds.Maps.OptionalTest.Optional_ThrowsIfNoValue" methodname="Optional_ThrowsIfNoValue" classname="PlayersWorlds.Maps.OptionalTest" runstate="Runnable" seed="1921556596" result="Passed" start-time="2024-06-12T20:10:15.4124140Z" end-time="2024-06-12T20:10:15.4125620Z" duration="0.000148" asserts="2" />
            <test-case id="1-1052" name="Optional_ToStringShowsValue" fullname="PlayersWorlds.Maps.OptionalTest.Optional_ToStringShowsValue" methodname="Optional_ToStringShowsValue" classname="PlayersWorlds.Maps.OptionalTest" runstate="Runnable" seed="644506219" result="Passed" start-time="2024-06-12T20:10:15.4125690Z" end-time="2024-06-12T20:10:15.4127540Z" duration="0.000185" asserts="2" />
          </test-suite>
          <test-suite type="TestSuite" id="1-2102" name="Renderers" fullname="PlayersWorlds.Maps.Renderers" runstate="Runnable" testcasecount="1" result="Passed" start-time="2024-06-12T19:55:21.4131970Z" end-time="2024-06-12T20:10:15.4135420Z" duration="894.000346" total="1" passed="1" failed="0" warnings="0" inconclusive="0" skipped="0" asserts="1">
            <test-suite type="TestFixture" id="1-1141" name="Map2DStringRendererTest" fullname="PlayersWorlds.Maps.Renderers.Map2DStringRendererTest" classname="PlayersWorlds.Maps.Renderers.Map2DStringRendererTest" runstate="Runnable" testcasecount="1" result="Passed" start-time="2024-06-12T20:10:15.4127760Z" end-time="2024-06-12T20:10:15.4135360Z" duration="0.000760" total="1" passed="1" failed="0" warnings="0" inconclusive="0" skipped="0" asserts="1">
              <test-case id="1-1142" name="TestRender" fullname="PlayersWorlds.Maps.Renderers.Map2DStringRendererTest.TestRender" methodname="TestRender" classname="PlayersWorlds.Maps.Renderers.Map2DStringRendererTest" runstate="Runnable" seed="2055885053" result="Passed" start-time="2024-06-12T20:10:15.4128300Z" end-time="2024-06-12T20:10:15.4135250Z" duration="0.000695" asserts="1" />
            </test-suite>
          </test-suite>
          <test-suite type="TestSuite" id="1-2101" name="Serializer" fullname="PlayersWorlds.Maps.Serializer" runstate="Runnable" testcasecount="33" result="Passed" start-time="2024-06-12T19:55:21.4132020Z" end-time="2024-06-12T20:10:15.4270000Z" duration="894.013799" total="33" passed="33" failed="0" warnings="0" inconclusive="0" skipped="0" asserts="144">
            <test-suite type="TestFixture" id="1-1104" name="AreaSerializerTest" fullname="PlayersWorlds.Maps.Serializer.AreaSerializerTest" classname="PlayersWorlds.Maps.Serializer.AreaSerializerTest" runstate="Runnable" testcasecount="9" result="Passed" start-time="2024-06-12T20:10:15.4135520Z" end-time="2024-06-12T20:10:15.4204850Z" duration="0.006933" total="9" passed="9" failed="0" warnings="0" inconclusive="0" skipped="0" asserts="75">
              <test-case id="1-1106" name="CanSerializeAndDeserializeAnAreaWithCells" fullname="PlayersWorlds.Maps.Serializer.AreaSerializerTest.CanSerializeAndDeserializeAnAreaWithCells" methodname="CanSerializeAndDeserializeAnAreaWithCells" classname="PlayersWorlds.Maps.Serializer.AreaSerializerTest" runstate="Runnable" seed="1512012723" result="Passed" start-time="2024-06-12T20:10:15.4135940Z" end-time="2024-06-12T20:10:15.4171340Z" duration="0.003540" asserts="7" />
              <test-case id="1-1107" name="CanSerializeAndDeserializeAnAreaWithChildAreas" fullname="PlayersWorlds.Maps.Serializer.AreaSerializerTest.CanSerializeAndDeserializeAnAreaWithChildAreas" methodname="CanSerializeAndDeserializeAnAreaWithChildAreas" classname="PlayersWorlds.Maps.Serializer.AreaSerializerTest" runstate="Runnable" seed="363152922" result="Passed" start-time="2024-06-12T20:10:15.4171440Z" end-time="2024-06-12T20:10:15.4176770Z" duration="0.000533" asserts="13" />
              <test-case id="1-1113" name="CanSerializeAndDeserializeAnAreaWithLinkedCells" fullname="PlayersWorlds.Maps.Serializer.AreaSerializerTest.CanSerializeAndDeserializeAnAreaWithLinkedCells" methodname="CanSerializeAndDeserializeAnAreaWithLinkedCells" classname="PlayersWorlds.Maps.Serializer.AreaSerializerTest" runstate="Runnable" seed="1952831617" result="Passed" start-time="2024-06-12T20:10:15.4176850Z" end-time="2024-06-12T20:10:15.4178870Z" duration="0.000202" asserts="1" />
              <test-case id="1-1112" name="CanSerializeAndDeserializeAnAreaWithMixedChildAreas" fullname="PlayersWorlds.Maps.Serializer.AreaSerializerTest.CanSerializeAndDeserializeAnAreaWithMixedChildAreas" methodname="CanSerializeAndDeserializeAnAreaWithMixedChildAreas" classname="PlayersWorlds.Maps.Serializer.AreaSerializerTest" runstate="Runnable" seed="1062016225" result="Passed" start-time="2024-06-12T20:10:15.4178950Z" end-time="2024-06-12T20:10:15.4184050Z" duration="0.000510" asserts="13" />
              <test-case id="1-1108" name="CanSerializeAndDeserializeAnAreaWithPosition" fullname="PlayersWorlds.Maps.Serializer.AreaSerializerTest.CanSerializeAndDeserializeAnAreaWithPosition" methodname="CanSerializeAndDeserializeAnAreaWithPosition" classname="PlayersWorlds.Maps.Serializer.AreaSerializerTest" runstate="Runnable" seed="1087313064" result="Passed" start-time="2024-06-12T20:10:15.4184130Z" end-time="2024-06-12T20:10:15.4186520Z" duration="0.000239" asserts="5" />
              <test-case id="1-1111" name="CanSerializeAndDeserializeAnAreaWithPositionedChildAreas" fullname="PlayersWorlds.Maps.Serializer.AreaSerializerTest.CanSerializeAndDeserializeAnAreaWithPositionedChildAreas" methodname="CanSerializeAndDeserializeAnAreaWithPositionedChildAreas" classname="PlayersWorlds.Maps.Serializer.AreaSerializerTest" runstate="Runnable" seed="194923881" result="Passed" start-time="2024-06-12T20:10:15.4186600Z" end-time="2024-06-12T20:10:15.4191620Z" duration="0.000502" asserts="13" />
              <test-case id="1-1109" name="CanSerializeAndDeserializeAnAreaWithTags" fullname="PlayersWorlds.Maps.Serializer.AreaSerializerTest.CanSerializeAndDeserializeAnAreaWithTags" methodname="CanSerializeAndDeserializeAnAreaWithTags" classname="PlayersWorlds.Maps.Serializer.AreaSerializerTest" runstate="Runnable" seed="285552062" result="Passed" start-time="2024-06-12T20:10:15.4191690Z" end-time="2024-06-12T20:10:15.4197520Z" duration="0.000583" asserts="5" />
              <test-case id="1-1110" name="CanSerializeAndDeserializeAnAreaWithUnpositionedChildAreas" fullname="PlayersWorlds.Maps.Serializer.AreaSerializerTest.CanSerializeAndDeserializeAnAreaWithUnpositionedChildAreas" methodname="CanSerializeAndDeserializeAnAreaWithUnpositionedChildAreas" classname="PlayersWorlds.Maps.Serializer.AreaSerializerTest" runstate="Runnable" seed="347109581" result="Passed" start-time="2024-06-12T20:10:15.4197610Z" end-time="2024-06-12T20:10:15.4202350Z" duration="0.000474" asserts="13" />
              <test-case id="1-1105" name="CanSerializeAndDeserializeAnEmptyArea" fullname="PlayersWorlds.Maps.Serializer.AreaSerializerTest.CanSerializeAndDeserializeAnEmptyArea" methodname="CanSerializeAndDeserializeAnEmptyArea" classname="PlayersWorlds.Maps.Serializer.AreaSerializerTest" runstate="Runnable" seed="276613838" result="Passed" start-time="2024-06-12T20:10:15.4202430Z" end-time="2024-06-12T20:10:15.4204740Z" duration="0.000231" asserts="5" />
            </test-suite>
            <test-suite type="TestFixture" id="1-1114" name="BasicStringReaderTest" fullname="PlayersWorlds.Maps.Serializer.BasicStringReaderTest" classname="PlayersWorlds.Maps.Serializer.BasicStringReaderTest" runstate="Runnable" testcasecount="13" result="Passed" start-time="2024-06-12T20:10:15.4205000Z" end-time="2024-06-12T20:10:15.4251860Z" duration="0.004685" total="13" passed="13" failed="0" warnings="0" inconclusive="0" skipped="0" asserts="46">
              <test-case id="1-1118" name="CanReadEmptyEnumerables" fullname="PlayersWorlds.Maps.Serializer.BasicStringReaderTest.CanReadEmptyEnumerables" methodname="CanReadEmptyEnumerables" classname="PlayersWorlds.Maps.Serializer.BasicStringReaderTest" runstate="Runnable" seed="1079262264" result="Passed" start-time="2024-06-12T20:10:15.4205580Z" end-time="2024-06-12T20:10:15.4208010Z" duration="0.000243" asserts="3" />
              <test-case id="1-1119" name="CanReadEmptyEnumerables2" fullname="PlayersWorlds.Maps.Serializer.BasicStringReaderTest.CanReadEmptyEnumerables2" methodname="CanReadEmptyEnumerables2" classname="PlayersWorlds.Maps.Serializer.BasicStringReaderTest" runstate="Runnable" seed="65271114" result="Passed" start-time="2024-06-12T20:10:15.4208090Z" end-time="2024-06-12T20:10:15.4209450Z" duration="0.000137" asserts="3" />
              <test-case id="1-1115" name="CanReadEmptyObject" fullname="PlayersWorlds.Maps.Serializer.BasicStringReaderTest.CanReadEmptyObject" methodname="CanReadEmptyObject" classname="PlayersWorlds.Maps.Serializer.BasicStringReaderTest" runstate="Runnable" seed="1306035185" result="Passed" start-time="2024-06-12T20:10:15.4209520Z" end-time="2024-06-12T20:10:15.4212310Z" duration="0.000278" asserts="1" />
              <test-case id="1-1120" name="CanReadObjectsInArray" fullname="PlayersWorlds.Maps.Serializer.BasicStringReaderTest.CanReadObjectsInArray" methodname="CanReadObjectsInArray" classname="PlayersWorlds.Maps.Serializer.BasicStringReaderTest" runstate="Runnable" seed="1698326086" result="Passed" start-time="2024-06-12T20:10:15.4212380Z" end-time="2024-06-12T20:10:15.4216560Z" duration="0.000418" asserts="14" />
              <test-case id="1-1121" name="CanReadObjectsInObject" fullname="PlayersWorlds.Maps.Serializer.BasicStringReaderTest.CanReadObjectsInObject" methodname="CanReadObjectsInObject" classname="PlayersWorlds.Maps.Serializer.BasicStringReaderTest" runstate="Runnable" seed="731740309" result="Passed" start-time="2024-06-12T20:10:15.4216640Z" end-time="2024-06-12T20:10:15.4219990Z" duration="0.000335" asserts="13" />
              <test-case id="1-1116" name="CanReadSimpleObject" fullname="PlayersWorlds.Maps.Serializer.BasicStringReaderTest.CanReadSimpleObject" methodname="CanReadSimpleObject" classname="PlayersWorlds.Maps.Serializer.BasicStringReaderTest" runstate="Runnable" seed="38970055" result="Passed" start-time="2024-06-12T20:10:15.4220070Z" end-time="2024-06-12T20:10:15.4221750Z" duration="0.000169" asserts="3" />
              <test-case id="1-1117" name="CanReadTwoEnumerables" fullname="PlayersWorlds.Maps.Serializer.BasicStringReaderTest.CanReadTwoEnumerables" methodname="CanReadTwoEnumerables" classname="PlayersWorlds.Maps.Serializer.BasicStringReaderTest" runstate="Runnable" seed="219823871" result="Passed" start-time="2024-06-12T20:10:15.4221830Z" end-time="2024-06-12T20:10:15.4223780Z" duration="0.000195" asserts="3" />
              <test-case id="1-1124" name="ThrowsIfFinishReadingWhenNotFinished" fullname="PlayersWorlds.Maps.Serializer.BasicStringReaderTest.ThrowsIfFinishReadingWhenNotFinished" methodname="ThrowsIfFinishReadingWhenNotFinished" classname="PlayersWorlds.Maps.Serializer.BasicStringReaderTest" runstate="Runnable" seed="1811484110" result="Passed" start-time="2024-06-12T20:10:15.4223860Z" end-time="2024-06-12T20:10:15.4236100Z" duration="0.001225" asserts="1" />
              <test-case id="1-1127" name="ThrowsIfNoOpeningBrace" fullname="PlayersWorlds.Maps.Serializer.BasicStringReaderTest.ThrowsIfNoOpeningBrace" methodname="ThrowsIfNoOpeningBrace" classname="PlayersWorlds.Maps.Serializer.BasicStringReaderTest" runstate="Runnable" seed="1181278570" result="Passed" start-time="2024-06-12T20:10:15.4236190Z" end-time="2024-06-12T20:10:15.4242590Z" duration="0.000640" asserts="1" />
              <test-case id="1-1126" name="ThrowsIfNoSemicolon" fullname="PlayersWorlds.Maps.Serializer.BasicStringReaderTest.ThrowsIfNoSemicolon" methodname="ThrowsIfNoSemicolon" classname="PlayersWorlds.Maps.Serializer.BasicStringReaderTest" runstate="Runnable" seed="418238347" result="Passed" start-time="2024-06-12T20:10:15.4242670Z" end-time="2024-06-12T20:10:15.4244490Z" duration="0.000181" asserts="1" />
              <test-case id="1-1123" name="ThrowsIfUnclosedEnumerable1" fullname="PlayersWorlds.Maps.Serializer.BasicStringReaderTest.ThrowsIfUnclosedEnumerable1" methodname="ThrowsIfUnclosedEnumerable1" classname="PlayersWorlds.Maps.Serializer.BasicStringReaderTest" runstate="Runnable" seed="84018823" result="Passed" start-time="2024-06-12T20:10:15.4244560Z" end-time="2024-06-12T20:10:15.4247720Z" duration="0.000316" asserts="1" />
              <test-case id="1-1125" name="ThrowsIfUnclosedEnumerable2" fullname="PlayersWorlds.Maps.Serializer.BasicStringReaderTest.ThrowsIfUnclosedEnumerable2" methodname="ThrowsIfUnclosedEnumerable2" classname="PlayersWorlds.Maps.Serializer.BasicStringReaderTest" runstate="Runnable" seed="1136940560" result="Passed" start-time="2024-06-12T20:10:15.4247790Z" end-time="2024-06-12T20:10:15.4249930Z" duration="0.000214" asserts="1" />
              <test-case id="1-1122" name="ThrowsIfWrongType" fullname="PlayersWorlds.Maps.Serializer.BasicStringReaderTest.ThrowsIfWrongType" methodname="ThrowsIfWrongType" classname="PlayersWorlds.Maps.Serializer.BasicStringReaderTest" runstate="Runnable" seed="113364054" result="Passed" start-time="2024-06-12T20:10:15.4250010Z" end-time="2024-06-12T20:10:15.4251750Z" duration="0.000175" asserts="1" />
            </test-suite>
            <test-suite type="TestFixture" id="1-1128" name="BasicStringWriterTest" fullname="PlayersWorlds.Maps.Serializer.BasicStringWriterTest" classname="PlayersWorlds.Maps.Serializer.BasicStringWriterTest" runstate="Runnable" testcasecount="3" result="Passed" start-time="2024-06-12T20:10:15.4251990Z" end-time="2024-06-12T20:10:15.4255290Z" duration="0.000330" total="3" passed="3" failed="0" warnings="0" inconclusive="0" skipped="0" asserts="3">
              <test-case id="1-1129" name="CanWriteEmptyObject" fullname="PlayersWorlds.Maps.Serializer.BasicStringWriterTest.CanWriteEmptyObject" methodname="CanWriteEmptyObject" classname="PlayersWorlds.Maps.Serializer.BasicStringWriterTest" runstate="Runnable" seed="154539401" result="Passed" start-time="2024-06-12T20:10:15.4252560Z" end-time="2024-06-12T20:10:15.4253370Z" duration="0.000082" asserts="1" />
              <test-case id="1-1131" name="CanWriteOnlyEnumerable" fullname="PlayersWorlds.Maps.Serializer.BasicStringWriterTest.CanWriteOnlyEnumerable" methodname="CanWriteOnlyEnumerable" classname="PlayersWorlds.Maps.Serializer.BasicStringWriterTest" runstate="Runnable" seed="1836327224" result="Passed" start-time="2024-06-12T20:10:15.4253440Z" end-time="2024-06-12T20:10:15.4254300Z" duration="0.000086" asserts="1" />
              <test-case id="1-1130" name="CanWriteSimpleObject" fullname="PlayersWorlds.Maps.Serializer.BasicStringWriterTest.CanWriteSimpleObject" methodname="CanWriteSimpleObject" classname="PlayersWorlds.Maps.Serializer.BasicStringWriterTest" runstate="Runnable" seed="1597126394" result="Passed" start-time="2024-06-12T20:10:15.4254380Z" end-time="2024-06-12T20:10:15.4255200Z" duration="0.000082" asserts="1" />
            </test-suite>
            <test-suite type="TestFixture" id="1-1132" name="CellSerializerTest" fullname="PlayersWorlds.Maps.Serializer.CellSerializerTest" classname="PlayersWorlds.Maps.Serializer.CellSerializerTest" runstate="Runnable" testcasecount="8" result="Passed" start-time="2024-06-12T20:10:15.4255400Z" end-time="2024-06-12T20:10:15.4269940Z" duration="0.001454" total="8" passed="8" failed="0" warnings="0" inconclusive="0" skipped="0" asserts="20">
              <test-case id="1-1136" name="CanDeserializeCellWithLinks" fullname="PlayersWorlds.Maps.Serializer.CellSerializerTest.CanDeserializeCellWithLinks" methodname="CanDeserializeCellWithLinks" classname="PlayersWorlds.Maps.Serializer.CellSerializerTest" runstate="Runnable" seed="843486204" result="Passed" start-time="2024-06-12T20:10:15.4255930Z" end-time="2024-06-12T20:10:15.4257860Z" duration="0.000193" asserts="4" />
              <test-case id="1-1140" name="CanDeserializeCellWithLinksAndTags" fullname="PlayersWorlds.Maps.Serializer.CellSerializerTest.CanDeserializeCellWithLinksAndTags" methodname="CanDeserializeCellWithLinksAndTags" classname="PlayersWorlds.Maps.Serializer.CellSerializerTest" runstate="Runnable" seed="1641155373" result="Passed" start-time="2024-06-12T20:10:15.4257940Z" end-time="2024-06-12T20:10:15.4260150Z" duration="0.000222" asserts="6" />
              <test-case id="1-1138" name="CanDeserializeCellWithTags" fullname="PlayersWorlds.Maps.Serializer.CellSerializerTest.CanDeserializeCellWithTags" methodname="CanDeserializeCellWithTags" classname="PlayersWorlds.Maps.Serializer.CellSerializerTest" runstate="Runnable" seed="146821522" result="Passed" start-time="2024-06-12T20:10:15.4260230Z" end-time="2024-06-12T20:10:15.4261720Z" duration="0.000150" asserts="4" />
              <test-case id="1-1134" name="CanDeserializeEmptyCell" fullname="PlayersWorlds.Maps.Serializer.CellSerializerTest.CanDeserializeEmptyCell" methodname="CanDeserializeEmptyCell" classname="PlayersWorlds.Maps.Serializer.CellSerializerTest" runstate="Runnable" seed="1797239329" result="Passed" start-time="2024-06-12T20:10:15.4261800Z" end-time="2024-06-12T20:10:15.4262710Z" duration="0.000091" asserts="2" />
              <test-case id="1-1135" name="CanSerializeCellWithLinks" fullname="PlayersWorlds.Maps.Serializer.CellSerializerTest.CanSerializeCellWithLinks" methodname="CanSerializeCellWithLinks" classname="PlayersWorlds.Maps.Serializer.CellSerializerTest" runstate="Runnable" seed="704300751" result="Passed" start-time="2024-06-12T20:10:15.4262770Z" end-time="2024-06-12T20:10:15.4264460Z" duration="0.000169" asserts="1" />
              <test-case id="1-1139" name="CanSerializeCellWithLinksAndTags" fullname="PlayersWorlds.Maps.Serializer.CellSerializerTest.CanSerializeCellWithLinksAndTags" methodname="CanSerializeCellWithLinksAndTags" classname="PlayersWorlds.Maps.Serializer.CellSerializerTest" runstate="Runnable" seed="1174964818" result="Passed" start-time="2024-06-12T20:10:15.4264530Z" end-time="2024-06-12T20:10:15.4266920Z" duration="0.000239" asserts="1" />
              <test-case id="1-1137" name="CanSerializeCellWithTags" fullname="PlayersWorlds.Maps.Serializer.CellSerializerTest.CanSerializeCellWithTags" methodname="CanSerializeCellWithTags" classname="PlayersWorlds.Maps.Serializer.CellSerializerTest" runstate="Runnable" seed="434153849" result="Passed" start-time="2024-06-12T20:10:15.4266990Z" end-time="2024-06-12T20:10:15.4268770Z" duration="0.000178" asserts="1" />
              <test-case id="1-1133" name="CanSerializeEmptyCell" fullname="PlayersWorlds.Maps.Serializer.CellSerializerTest.CanSerializeEmptyCell" methodname="CanSerializeEmptyCell" classname="PlayersWorlds.Maps.Serializer.CellSerializerTest" runstate="Runnable" seed="1920285983" result="Passed" start-time="2024-06-12T20:10:15.4268840Z" end-time="2024-06-12T20:10:15.4269830Z" duration="0.000098" asserts="1" />
            </test-suite>
          </test-suite>
          <test-suite type="TestFixture" id="1-1062" name="VectorDTest" fullname="PlayersWorlds.Maps.VectorDTest" classname="PlayersWorlds.Maps.VectorDTest" runstate="Runnable" testcasecount="11" result="Passed" start-time="2024-06-12T20:10:15.4270120Z" end-time="2024-06-12T20:10:15.4293260Z" duration="0.002314" total="11" passed="11" failed="0" warnings="0" inconclusive="0" skipped="0" asserts="33">
            <test-case id="1-1070" name="CanAddAndSubtract" fullname="PlayersWorlds.Maps.VectorDTest.CanAddAndSubtract" methodname="CanAddAndSubtract" classname="PlayersWorlds.Maps.VectorDTest" runstate="Runnable" seed="565956912" result="Passed" start-time="2024-06-12T20:10:15.4270670Z" end-time="2024-06-12T20:10:15.4273700Z" duration="0.000303" asserts="5" />
            <test-case id="1-1071" name="ConstructorChecksArguments" fullname="PlayersWorlds.Maps.VectorDTest.ConstructorChecksArguments" methodname="ConstructorChecksArguments" classname="PlayersWorlds.Maps.VectorDTest" runstate="Runnable" seed="942652161" result="Passed" start-time="2024-06-12T20:10:15.4273780Z" end-time="2024-06-12T20:10:15.4274900Z" duration="0.000113" asserts="1" />
            <test-case id="1-1064" name="EqualityIsCheckedByValue" fullname="PlayersWorlds.Maps.VectorDTest.EqualityIsCheckedByValue" methodname="EqualityIsCheckedByValue" classname="PlayersWorlds.Maps.VectorDTest" runstate="Runnable" seed="1611737408" result="Passed" start-time="2024-06-12T20:10:15.4274970Z" end-time="2024-06-12T20:10:15.4277060Z" duration="0.000209" asserts="4" />
            <test-case id="1-1065" name="GetHashCodeIsDerivedFromValue" fullname="PlayersWorlds.Maps.VectorDTest.GetHashCodeIsDerivedFromValue" methodname="GetHashCodeIsDerivedFromValue" classname="PlayersWorlds.Maps.VectorDTest" runstate="Runnable" seed="1806470209" result="Passed" start-time="2024-06-12T20:10:15.4277130Z" end-time="2024-06-12T20:10:15.4277940Z" duration="0.000081" asserts="1" />
            <test-case id="1-1068" name="InitializedAsNull" fullname="PlayersWorlds.Maps.VectorDTest.InitializedAsNull" methodname="InitializedAsNull" classname="PlayersWorlds.Maps.VectorDTest" runstate="Runnable" seed="1515904752" result="Passed" start-time="2024-06-12T20:10:15.4278020Z" end-time="2024-06-12T20:10:15.4279040Z" duration="0.000102" asserts="1" />
            <test-case id="1-1067" name="InitializedEmpty" fullname="PlayersWorlds.Maps.VectorDTest.InitializedEmpty" methodname="InitializedEmpty" classname="PlayersWorlds.Maps.VectorDTest" runstate="Runnable" seed="362179973" result="Passed" start-time="2024-06-12T20:10:15.4279110Z" end-time="2024-06-12T20:10:15.4281600Z" duration="0.000249" asserts="4" />
            <test-case id="1-1063" name="IsInitialized" fullname="PlayersWorlds.Maps.VectorDTest.IsInitialized" methodname="IsInitialized" classname="PlayersWorlds.Maps.VectorDTest" runstate="Runnable" seed="1834387623" result="Passed" start-time="2024-06-12T20:10:15.4281670Z" end-time="2024-06-12T20:10:15.4283310Z" duration="0.000164" asserts="2" />
            <test-case id="1-1069" name="IsZero" fullname="PlayersWorlds.Maps.VectorDTest.IsZero" methodname="IsZero" classname="PlayersWorlds.Maps.VectorDTest" runstate="Runnable" seed="911637069" result="Passed" start-time="2024-06-12T20:10:15.4283390Z" end-time="2024-06-12T20:10:15.4284460Z" duration="0.000107" asserts="3" />
            <test-case id="1-1072" name="SnappedForce" fullname="PlayersWorlds.Maps.VectorDTest.SnappedForce" methodname="SnappedForce" classname="PlayersWorlds.Maps.VectorDTest" runstate="Runnable" seed="1769249425" result="Passed" start-time="2024-06-12T20:10:15.4284530Z" end-time="2024-06-12T20:10:15.4288210Z" duration="0.000369" asserts="9" />
            <test-case id="1-1066" name="ToStringFormat" fullname="PlayersWorlds.Maps.VectorDTest.ToStringFormat" methodname="ToStringFormat" classname="PlayersWorlds.Maps.VectorDTest" runstate="Runnable" seed="2109078066" result="Passed" start-time="2024-06-12T20:10:15.4288280Z" end-time="2024-06-12T20:10:15.4289120Z" duration="0.000084" asserts="1" />
            <test-case id="1-1073" name="VectorD_Parse" fullname="PlayersWorlds.Maps.VectorDTest.VectorD_Parse" methodname="VectorD_Parse" classname="PlayersWorlds.Maps.VectorDTest" runstate="Runnable" seed="1205194119" result="Passed" start-time="2024-06-12T20:10:15.4289190Z" end-time="2024-06-12T20:10:15.4293150Z" duration="0.000396" asserts="2" />
          </test-suite>
          <test-suite type="TestFixture" id="1-1074" name="VectorTest" fullname="PlayersWorlds.Maps.VectorTest" classname="PlayersWorlds.Maps.VectorTest" runstate="Runnable" testcasecount="29" result="Passed" start-time="2024-06-12T20:10:15.4293390Z" end-time="2024-06-12T20:10:15.4370270Z" duration="0.007688" total="29" passed="29" failed="0" warnings="0" inconclusive="0" skipped="0" asserts="229">
            <test-case id="1-1091" name="FitsInto" fullname="PlayersWorlds.Maps.VectorTest.FitsInto" methodname="FitsInto" classname="PlayersWorlds.Maps.VectorTest" runstate="Runnable" seed="703254187" result="Passed" start-time="2024-06-12T20:10:15.4293950Z" end-time="2024-06-12T20:10:15.4295340Z" duration="0.000139" asserts="3" />
            <test-case id="1-1094" name="FromIndex_Matches_FromIndex" fullname="PlayersWorlds.Maps.VectorTest.FromIndex_Matches_FromIndex" methodname="FromIndex_Matches_FromIndex" classname="PlayersWorlds.Maps.VectorTest" runstate="Runnable" seed="1146011410" result="Passed" start-time="2024-06-12T20:10:15.4295410Z" end-time="2024-06-12T20:10:15.4296450Z" duration="0.000103" asserts="1" />
            <test-case id="1-1102" name="FromIndex_ShouldThrowException_DimensionMismatch" fullname="PlayersWorlds.Maps.VectorTest.FromIndex_ShouldThrowException_DimensionMismatch" methodname="FromIndex_ShouldThrowException_DimensionMismatch" classname="PlayersWorlds.Maps.VectorTest" runstate="Runnable" seed="82079648" result="Passed" start-time="2024-06-12T20:10:15.4296520Z" end-time="2024-06-12T20:10:15.4300240Z" duration="0.000372" asserts="1" />
            <test-case id="1-1092" name="IsIn" fullname="PlayersWorlds.Maps.VectorTest.IsIn" methodname="IsIn" classname="PlayersWorlds.Maps.VectorTest" runstate="Runnable" seed="1267219320" result="Passed" start-time="2024-06-12T20:10:15.4300310Z" end-time="2024-06-12T20:10:15.4315980Z" duration="0.001567" asserts="7" />
            <test-case id="1-1103" name="NorthEastComparer_ComparesCorrectly" fullname="PlayersWorlds.Maps.VectorTest.NorthEastComparer_ComparesCorrectly" methodname="NorthEastComparer_ComparesCorrectly" classname="PlayersWorlds.Maps.VectorTest" runstate="Runnable" seed="1205279584" result="Passed" start-time="2024-06-12T20:10:15.4316070Z" end-time="2024-06-12T20:10:15.4323240Z" duration="0.000717" asserts="1" />
            <test-case id="1-1076" name="Size_NotInitialized" fullname="PlayersWorlds.Maps.VectorTest.Size_NotInitialized" methodname="Size_NotInitialized" classname="PlayersWorlds.Maps.VectorTest" runstate="Runnable" seed="1044378524" result="Passed" start-time="2024-06-12T20:10:15.4323320Z" end-time="2024-06-12T20:10:15.4325180Z" duration="0.000186" asserts="2" />
            <test-case id="1-1098" name="ToIndex_FromIndex_RoundTripConversion" fullname="PlayersWorlds.Maps.VectorTest.ToIndex_FromIndex_RoundTripConversion" methodname="ToIndex_FromIndex_RoundTripConversion" classname="PlayersWorlds.Maps.VectorTest" runstate="Runnable" seed="1031302107" result="Passed" start-time="2024-06-12T20:10:15.4325250Z" end-time="2024-06-12T20:10:15.4332360Z" duration="0.000711" asserts="150" />
            <test-case id="1-1099" name="ToIndex_FromIndex_Valid5D" fullname="PlayersWorlds.Maps.VectorTest.ToIndex_FromIndex_Valid5D" methodname="ToIndex_FromIndex_Valid5D" classname="PlayersWorlds.Maps.VectorTest" runstate="Runnable" seed="1189825678" result="Passed" start-time="2024-06-12T20:10:15.4332430Z" end-time="2024-06-12T20:10:15.4335560Z" duration="0.000313" asserts="13" />
            <test-case id="1-1093" name="ToIndex_Matches_ToIndex" fullname="PlayersWorlds.Maps.VectorTest.ToIndex_Matches_ToIndex" methodname="ToIndex_Matches_ToIndex" classname="PlayersWorlds.Maps.VectorTest" runstate="Runnable" seed="174203584" result="Passed" start-time="2024-06-12T20:10:15.4335640Z" end-time="2024-06-12T20:10:15.4336610Z" duration="0.000097" asserts="1" />
            <test-case id="1-1095" name="ToIndex_ShouldCalculateCorrectIndex_1D" fullname="PlayersWorlds.Maps.VectorTest.ToIndex_ShouldCalculateCorrectIndex_1D" methodname="ToIndex_ShouldCalculateCorrectIndex_1D" classname="PlayersWorlds.Maps.VectorTest" runstate="Runnable" seed="2119304339" result="Passed" start-time="2024-06-12T20:10:15.4336680Z" end-time="2024-06-12T20:10:15.4337660Z" duration="0.000098" asserts="2" />
            <test-case id="1-1096" name="ToIndex_ShouldCalculateCorrectIndex_2D" fullname="PlayersWorlds.Maps.VectorTest.ToIndex_ShouldCalculateCorrectIndex_2D" methodname="ToIndex_ShouldCalculateCorrectIndex_2D" classname="PlayersWorlds.Maps.VectorTest" runstate="Runnable" seed="1667441174" result="Passed" start-time="2024-06-12T20:10:15.4337720Z" end-time="2024-06-12T20:10:15.4338700Z" duration="0.000098" asserts="2" />
            <test-case id="1-1097" name="ToIndex_ShouldCalculateCorrectIndex_3D" fullname="PlayersWorlds.Maps.VectorTest.ToIndex_ShouldCalculateCorrectIndex_3D" methodname="ToIndex_ShouldCalculateCorrectIndex_3D" classname="PlayersWorlds.Maps.VectorTest" runstate="Runnable" seed="1190808809" result="Passed" start-time="2024-06-12T20:10:15.4338770Z" end-time="2024-06-12T20:10:15.4339760Z" duration="0.000099" asserts="2" />
            <test-case id="1-1101" name="ToIndex_ShouldThrowException_DimensionMismatch" fullname="PlayersWorlds.Maps.VectorTest.ToIndex_ShouldThrowException_DimensionMismatch" methodname="ToIndex_ShouldThrowException_DimensionMismatch" classname="PlayersWorlds.Maps.VectorTest" runstate="Runnable" seed="1099547073" result="Passed" start-time="2024-06-12T20:10:15.4339830Z" end-time="2024-06-12T20:10:15.4342370Z" duration="0.000254" asserts="1" />
            <test-case id="1-1100" name="ToIndex_ShouldThrowException_DimensionOverflow" fullname="PlayersWorlds.Maps.VectorTest.ToIndex_ShouldThrowException_DimensionOverflow" methodname="ToIndex_ShouldThrowException_DimensionOverflow" classname="PlayersWorlds.Maps.VectorTest" runstate="Runnable" seed="937351383" result="Passed" start-time="2024-06-12T20:10:15.4342440Z" end-time="2024-06-12T20:10:15.4344330Z" duration="0.000189" asserts="1" />
            <test-case id="1-1084" name="Vector_CanAddAndSubtract" fullname="PlayersWorlds.Maps.VectorTest.Vector_CanAddAndSubtract" methodname="Vector_CanAddAndSubtract" classname="PlayersWorlds.Maps.VectorTest" runstate="Runnable" seed="1665242592" result="Passed" start-time="2024-06-12T20:10:15.4344400Z" end-time="2024-06-12T20:10:15.4348150Z" duration="0.000375" asserts="6" />
            <test-case id="1-1085" name="Vector_ConstructorChecksArguments" fullname="PlayersWorlds.Maps.VectorTest.Vector_ConstructorChecksArguments" methodname="Vector_ConstructorChecksArguments" classname="PlayersWorlds.Maps.VectorTest" runstate="Runnable" seed="1778669023" result="Passed" start-time="2024-06-12T20:10:15.4348230Z" end-time="2024-06-12T20:10:15.4349380Z" duration="0.000116" asserts="1" />
            <test-case id="1-1082" name="Vector_EmptyIsEmpty" fullname="PlayersWorlds.Maps.VectorTest.Vector_EmptyIsEmpty" methodname="Vector_EmptyIsEmpty" classname="PlayersWorlds.Maps.VectorTest" runstate="Runnable" seed="1312422029" result="Passed" start-time="2024-06-12T20:10:15.4349450Z" end-time="2024-06-12T20:10:15.4350150Z" duration="0.000070" asserts="1" />
            <test-case id="1-1081" name="Vector_EmptyVectorIsEmpty" fullname="PlayersWorlds.Maps.VectorTest.Vector_EmptyVectorIsEmpty" methodname="Vector_EmptyVectorIsEmpty" classname="PlayersWorlds.Maps.VectorTest" runstate="Runnable" seed="1094250351" result="Passed" start-time="2024-06-12T20:10:15.4350220Z" end-time="2024-06-12T20:10:15.4350900Z" duration="0.000068" asserts="1" />
            <test-case id="1-1077" name="Vector_EqualityIsCheckedByValue" fullname="PlayersWorlds.Maps.VectorTest.Vector_EqualityIsCheckedByValue" methodname="Vector_EqualityIsCheckedByValue" classname="PlayersWorlds.Maps.VectorTest" runstate="Runnable" seed="375178555" result="Passed" start-time="2024-06-12T20:10:15.4350970Z" end-time="2024-06-12T20:10:15.4352980Z" duration="0.000201" asserts="5" />
            <test-case id="1-1089" name="Vector_FromIndex" fullname="PlayersWorlds.Maps.VectorTest.Vector_FromIndex" methodname="Vector_FromIndex" classname="PlayersWorlds.Maps.VectorTest" runstate="Runnable" seed="1877153019" result="Passed" start-time="2024-06-12T20:10:15.4353050Z" end-time="2024-06-12T20:10:15.4354170Z" duration="0.000112" asserts="2" />
            <test-case id="1-1078" name="Vector_GetHashCodeIsDerivedFromValue" fullname="PlayersWorlds.Maps.VectorTest.Vector_GetHashCodeIsDerivedFromValue" methodname="Vector_GetHashCodeIsDerivedFromValue" classname="PlayersWorlds.Maps.VectorTest" runstate="Runnable" seed="1949954827" result="Passed" start-time="2024-06-12T20:10:15.4354270Z" end-time="2024-06-12T20:10:15.4356520Z" duration="0.000225" asserts="2" />
            <test-case id="1-1075" name="Vector_IsInitialized" fullname="PlayersWorlds.Maps.VectorTest.Vector_IsInitialized" methodname="Vector_IsInitialized" classname="PlayersWorlds.Maps.VectorTest" runstate="Runnable" seed="1904113634" result="Passed" start-time="2024-06-12T20:10:15.4356590Z" end-time="2024-06-12T20:10:15.4357420Z" duration="0.000083" asserts="2" />
            <test-case id="1-1083" name="Vector_NotEqualToNull" fullname="PlayersWorlds.Maps.VectorTest.Vector_NotEqualToNull" methodname="Vector_NotEqualToNull" classname="PlayersWorlds.Maps.VectorTest" runstate="Runnable" seed="244009941" result="Passed" start-time="2024-06-12T20:10:15.4357490Z" end-time="2024-06-12T20:10:15.4359330Z" duration="0.000184" asserts="3" />
            <test-case id="1-1087" name="Vector_SnappedForce" fullname="PlayersWorlds.Maps.VectorTest.Vector_SnappedForce" methodname="Vector_SnappedForce" classname="PlayersWorlds.Maps.VectorTest" runstate="Runnable" seed="1717320793" result="Passed" start-time="2024-06-12T20:10:15.4359400Z" end-time="2024-06-12T20:10:15.4363060Z" duration="0.000366" asserts="9" />
            <test-case id="1-1086" name="Vector_ThrowsIfNotAValidSize" fullname="PlayersWorlds.Maps.VectorTest.Vector_ThrowsIfNotAValidSize" methodname="Vector_ThrowsIfNotAValidSize" classname="PlayersWorlds.Maps.VectorTest" runstate="Runnable" seed="1087819970" result="Passed" start-time="2024-06-12T20:10:15.4363140Z" end-time="2024-06-12T20:10:15.4365540Z" duration="0.000241" asserts="3" />
            <test-case id="1-1088" name="Vector_ToIndex" fullname="PlayersWorlds.Maps.VectorTest.Vector_ToIndex" methodname="Vector_ToIndex" classname="PlayersWorlds.Maps.VectorTest" runstate="Runnable" seed="1256912761" result="Passed" start-time="2024-06-12T20:10:15.4365610Z" end-time="2024-06-12T20:10:15.4367390Z" duration="0.000178" asserts="3" />
            <test-case id="1-1079" name="Vector_ToStringFormat" fullname="PlayersWorlds.Maps.VectorTest.Vector_ToStringFormat" methodname="Vector_ToStringFormat" classname="PlayersWorlds.Maps.VectorTest" runstate="Runnable" seed="1408059124" result="Passed" start-time="2024-06-12T20:10:15.4367460Z" end-time="2024-06-12T20:10:15.4368360Z" duration="0.000090" asserts="2" />
            <test-case id="1-1080" name="Vector_ZeroVectorIsNotEmpty" fullname="PlayersWorlds.Maps.VectorTest.Vector_ZeroVectorIsNotEmpty" methodname="Vector_ZeroVectorIsNotEmpty" classname="PlayersWorlds.Maps.VectorTest" runstate="Runnable" seed="1280423806" result="Passed" start-time="2024-06-12T20:10:15.4368430Z" end-time="2024-06-12T20:10:15.4369270Z" duration="0.000084" asserts="1" />
            <test-case id="1-1090" name="VectorD_Parse" fullname="PlayersWorlds.Maps.VectorTest.VectorD_Parse" methodname="VectorD_Parse" classname="PlayersWorlds.Maps.VectorTest" runstate="Runnable" seed="1289156438" result="Passed" start-time="2024-06-12T20:10:15.4369340Z" end-time="2024-06-12T20:10:15.4370160Z" duration="0.000083" asserts="1" />
          </test-suite>
        </test-suite>
      </test-suite>
      <test-suite type="TestFixture" id="1-1000" name="RandomAreaGeneratorTest" fullname="RandomAreaGeneratorTest" classname="RandomAreaGeneratorTest" runstate="Runnable" testcasecount="2" result="Passed" start-time="2024-06-12T20:10:15.4370530Z" end-time="2024-06-12T20:10:15.4474880Z" duration="0.010435" total="2" passed="2" failed="0" warnings="0" inconclusive="0" skipped="0" asserts="3042">
        <test-case id="1-1001" name="ZoneGenerator_CanGenerateZones" fullname="RandomAreaGeneratorTest.ZoneGenerator_CanGenerateZones" methodname="ZoneGenerator_CanGenerateZones" classname="RandomAreaGeneratorTest" runstate="Runnable" seed="1236800867" result="Passed" start-time="2024-06-12T20:10:15.4371070Z" end-time="2024-06-12T20:10:15.4468410Z" duration="0.009734" asserts="3006">
          <properties>
            <property name="Category" value="Integration" />
          </properties>
        </test-case>
        <test-case id="1-1002" name="ZoneGenerator_CustomSettings" fullname="RandomAreaGeneratorTest.ZoneGenerator_CustomSettings" methodname="ZoneGenerator_CustomSettings" classname="RandomAreaGeneratorTest" runstate="Runnable" seed="406678078" result="Passed" start-time="2024-06-12T20:10:15.4468500Z" end-time="2024-06-12T20:10:15.4474770Z" duration="0.000627" asserts="36">
          <properties>
            <property name="Category" value="Integration" />
          </properties>
        </test-case>
      </test-suite>
    </test-suite>
  </test-suite>
</test-run>