<?xml version="1.0" encoding="utf-8" standalone="no"?>
<test-run id="0" runstate="Runnable" testcasecount="1047" result="Passed" total="3" passed="3" failed="0" warnings="0" inconclusive="0" skipped="0" asserts="3" engine-version="3.17.0.0" clr-version="4.0.30319.42000" start-time="2024-07-02 14:07:51Z" end-time="2024-07-02 14:07:51Z" duration="0.508983">
  <command-line><![CDATA[/home/data/repos/github.com/aynurin/maze-gen/packages/NUnit.ConsoleRunner.3.17.0/tools/nunit3-console.exe build/Debug/tests/PlayersWorlds.Maps.Tests.dll --framework=mono-4.0 --where=class=PlayersWorlds.Maps.ExtensibleObjectTest]]></command-line>
  <filter>
    <class>PlayersWorlds.Maps.ExtensibleObjectTest</class>
  </filter>
  <test-suite type="Assembly" id="1-2096" name="PlayersWorlds.Maps.Tests.dll" fullname="/home/data/repos/github.com/aynurin/maze-gen/build/Debug/tests/PlayersWorlds.Maps.Tests.dll" runstate="Runnable" testcasecount="1047" result="Passed" start-time="2024-07-02T14:07:51.6313590Z" end-time="2024-07-02T14:07:51.6737200Z" duration="0.042268" total="3" passed="3" failed="0" warnings="0" inconclusive="0" skipped="0" asserts="3">
    <environment framework-version="4.0.1.0" clr-version="4.0.30319.42000" os-version="Unix 6.1.84.1" platform="Unix" cwd="/home/data/repos/github.com/aynurin/maze-gen" machine-name="lightview" user="shav" user-domain="lightview" culture="en-US" uiculture="en-US" os-architecture="x64" />
    <settings>
      <setting name="RequestedRuntimeFramework" value="mono-4.0" />
      <setting name="DisposeRunners" value="True" />
      <setting name="WorkDirectory" value="/home/data/repos/github.com/aynurin/maze-gen" />
      <setting name="ImageRuntimeVersion" value="4.0.30319" />
      <setting name="ImageTargetFrameworkName" value=".NETFramework,Version=v4.7" />
      <setting name="ImageRequiresX86" value="False" />
      <setting name="ImageRequiresDefaultAppDomainAssemblyResolver" value="False" />
      <setting name="TargetRuntimeFramework" value="mono-4.0" />
      <setting name="NumberOfTestWorkers" value="24" />
    </settings>
    <properties>
      <property name="_PID" value="697335" />
      <property name="_APPDOMAIN" value="domain-" />
    </properties>
    <test-suite type="SetUpFixture" id="1-1003" name="[default namespace]" fullname="TestsSetup" classname="TestsSetup" runstate="Runnable" testcasecount="1047" result="Passed" start-time="2024-07-02T14:07:51.6369430Z" end-time="2024-07-02T14:07:51.6737090Z" duration="0.036766" total="3" passed="3" failed="0" warnings="0" inconclusive="0" skipped="0" asserts="3">
      <test-suite type="TestSuite" id="1-2097" name="PlayersWorlds" fullname="PlayersWorlds" runstate="Runnable" testcasecount="1045" result="Passed" start-time="2024-07-02T14:07:51.6400750Z" end-time="2024-07-02T14:07:51.6731530Z" duration="0.033078" total="3" passed="3" failed="0" warnings="0" inconclusive="0" skipped="0" asserts="3">
        <test-suite type="TestSuite" id="1-2098" name="Maps" fullname="PlayersWorlds.Maps" runstate="Runnable" testcasecount="1045" result="Passed" start-time="2024-07-02T14:07:51.6401350Z" end-time="2024-07-02T14:07:51.6731440Z" duration="0.033010" total="3" passed="3" failed="0" warnings="0" inconclusive="0" skipped="0" asserts="3">
          <test-suite type="TestFixture" id="1-1039" name="ExtensibleObjectTest" fullname="PlayersWorlds.Maps.ExtensibleObjectTest" classname="PlayersWorlds.Maps.ExtensibleObjectTest" runstate="Runnable" testcasecount="3" result="Passed" start-time="2024-07-02T14:07:51.6401500Z" end-time="2024-07-02T14:07:51.6726440Z" duration="0.032494" total="3" passed="3" failed="0" warnings="0" inconclusive="0" skipped="0" asserts="3">
            <test-case id="1-1040" name="CtorTest" fullname="PlayersWorlds.Maps.ExtensibleObjectTest.CtorTest" methodname="CtorTest" classname="PlayersWorlds.Maps.ExtensibleObjectTest" runstate="Runnable" seed="1575550032" result="Passed" start-time="2024-07-02T14:07:51.6403040Z" end-time="2024-07-02T14:07:51.6687820Z" duration="0.028554" asserts="1" />
            <test-case id="1-1042" name="OverrideExtension" fullname="PlayersWorlds.Maps.ExtensibleObjectTest.OverrideExtension" methodname="OverrideExtension" classname="PlayersWorlds.Maps.ExtensibleObjectTest" runstate="Runnable" seed="189524171" result="Passed" start-time="2024-07-02T14:07:51.6702920Z" end-time="2024-07-02T14:07:51.6715240Z" duration="0.001232" asserts="1" />
            <test-case id="1-1041" name="SetExtension" fullname="PlayersWorlds.Maps.ExtensibleObjectTest.SetExtension" methodname="SetExtension" classname="PlayersWorlds.Maps.ExtensibleObjectTest" runstate="Runnable" seed="1410174889" result="Passed" start-time="2024-07-02T14:07:51.6715340Z" end-time="2024-07-02T14:07:51.6716580Z" duration="0.000125" asserts="1" />
          </test-suite>
        </test-suite>
      </test-suite>
    </test-suite>
  </test-suite>
</test-run>