<?xml version="1.0" encoding="utf-8" standalone="no"?>
<test-run id="0" runstate="Runnable" testcasecount="1105" result="Passed" total="6" passed="6" failed="0" warnings="0" inconclusive="0" skipped="0" asserts="4" engine-version="3.17.0.0" clr-version="4.0.30319.42000" start-time="2024-07-05 13:07:13Z" end-time="2024-07-05 13:07:13Z" duration="0.624734">
  <command-line><![CDATA[/home/data/repos/github.com/aynurin/maze-gen/packages/NUnit.ConsoleRunner.3.17.0/tools/nunit3-console.exe build/Debug/tests/PlayersWorlds.Maps.Tests.dll --framework=mono-4.0 --where=class=PlayersWorlds.Maps.Areas.AreaGeneratorTest]]></command-line>
  <filter>
    <class>PlayersWorlds.Maps.Areas.AreaGeneratorTest</class>
  </filter>
  <test-suite type="Assembly" id="1-2156" name="PlayersWorlds.Maps.Tests.dll" fullname="/home/data/repos/github.com/aynurin/maze-gen/build/Debug/tests/PlayersWorlds.Maps.Tests.dll" runstate="Runnable" testcasecount="1105" result="Passed" start-time="2024-07-05T13:07:13.6079300Z" end-time="2024-07-05T13:07:13.7824390Z" duration="0.174413" total="6" passed="6" failed="0" warnings="0" inconclusive="0" skipped="0" asserts="4">
    <environment framework-version="4.0.1.0" clr-version="4.0.30319.42000" os-version="Unix 6.1.84.1" platform="Unix" cwd="/home/data/repos/github.com/aynurin/maze-gen" machine-name="lightview" user="shav" user-domain="lightview" culture="en-US" uiculture="en-US" os-architecture="x64" />
    <settings>
      <setting name="RequestedRuntimeFramework" value="mono-4.0" />
      <setting name="DisposeRunners" value="True" />
      <setting name="WorkDirectory" value="/home/data/repos/github.com/aynurin/maze-gen" />
      <setting name="ImageRuntimeVersion" value="4.0.30319" />
      <setting name="ImageTargetFrameworkName" value=".NETFramework,Version=v4.7" />
      <setting name="ImageRequiresX86" value="False" />
      <setting name="ImageRequiresDefaultAppDomainAssemblyResolver" value="False" />
      <setting name="TargetRuntimeFramework" value="mono-4.0" />
      <setting name="NumberOfTestWorkers" value="24" />
    </settings>
    <properties>
      <property name="_PID" value="1906475" />
      <property name="_APPDOMAIN" value="domain-" />
    </properties>
    <test-suite type="SetUpFixture" id="1-1003" name="[default namespace]" fullname="TestsSetup" classname="TestsSetup" runstate="Runnable" testcasecount="1105" result="Passed" start-time="2024-07-05T13:07:13.6138550Z" end-time="2024-07-05T13:07:13.7824290Z" duration="0.168574" total="6" passed="6" failed="0" warnings="0" inconclusive="0" skipped="0" asserts="4">
      <test-suite type="TestSuite" id="1-2157" name="PlayersWorlds" fullname="PlayersWorlds" runstate="Runnable" testcasecount="1103" result="Passed" start-time="2024-07-05T13:07:13.6170890Z" end-time="2024-07-05T13:07:13.7820940Z" duration="0.165005" total="6" passed="6" failed="0" warnings="0" inconclusive="0" skipped="0" asserts="4">
        <test-suite type="TestSuite" id="1-2158" name="Maps" fullname="PlayersWorlds.Maps" runstate="Runnable" testcasecount="1103" result="Passed" start-time="2024-07-05T13:07:13.6171540Z" end-time="2024-07-05T13:07:13.7820890Z" duration="0.164935" total="6" passed="6" failed="0" warnings="0" inconclusive="0" skipped="0" asserts="4">
          <test-suite type="TestSuite" id="1-2164" name="Areas" fullname="PlayersWorlds.Maps.Areas" runstate="Runnable" testcasecount="119" result="Passed" start-time="2024-07-05T13:07:13.6171650Z" end-time="2024-07-05T13:07:13.7820820Z" duration="0.164917" total="6" passed="6" failed="0" warnings="0" inconclusive="0" skipped="0" asserts="4">
            <test-suite type="TestFixture" id="1-2027" name="AreaGeneratorTest" fullname="PlayersWorlds.Maps.Areas.AreaGeneratorTest" classname="PlayersWorlds.Maps.Areas.AreaGeneratorTest" runstate="Runnable" testcasecount="6" result="Passed" start-time="2024-07-05T13:07:13.6171780Z" end-time="2024-07-05T13:07:13.7816680Z" duration="0.164490" total="6" passed="6" failed="0" warnings="0" inconclusive="0" skipped="0" asserts="4">
              <test-case id="1-2029" name="Ctor_ThrowsIfMapAreaSystemFactoryIsNull" fullname="PlayersWorlds.Maps.Areas.AreaGeneratorTest.Ctor_ThrowsIfMapAreaSystemFactoryIsNull" methodname="Ctor_ThrowsIfMapAreaSystemFactoryIsNull" classname="PlayersWorlds.Maps.Areas.AreaGeneratorTest" runstate="Runnable" seed="558837876" result="Passed" start-time="2024-07-05T13:07:13.6173420Z" end-time="2024-07-05T13:07:13.6476700Z" duration="0.030398" asserts="1" />
              <test-case id="1-2028" name="Ctor_ThrowsIfSimulatorIsNull" fullname="PlayersWorlds.Maps.Areas.AreaGeneratorTest.Ctor_ThrowsIfSimulatorIsNull" methodname="Ctor_ThrowsIfSimulatorIsNull" classname="PlayersWorlds.Maps.Areas.AreaGeneratorTest" runstate="Runnable" seed="1567379572" result="Passed" start-time="2024-07-05T13:07:13.6489110Z" end-time="2024-07-05T13:07:13.6491140Z" duration="0.000204" asserts="1" />
              <test-case id="1-2033" name="GenerateMazeAreas_Attempts" fullname="PlayersWorlds.Maps.Areas.AreaGeneratorTest.GenerateMazeAreas_Attempts" methodname="GenerateMazeAreas_Attempts" classname="PlayersWorlds.Maps.Areas.AreaGeneratorTest" runstate="Runnable" seed="1698171407" result="Passed" start-time="2024-07-05T13:07:13.6491210Z" end-time="2024-07-05T13:07:13.7683180Z" duration="0.119196" asserts="1" />
              <test-case id="1-2031" name="GenerateMazeAreas_CallsEvolveForUnpositionedAreas" fullname="PlayersWorlds.Maps.Areas.AreaGeneratorTest.GenerateMazeAreas_CallsEvolveForUnpositionedAreas" methodname="GenerateMazeAreas_CallsEvolveForUnpositionedAreas" classname="PlayersWorlds.Maps.Areas.AreaGeneratorTest" runstate="Runnable" seed="1074399941" result="Passed" start-time="2024-07-05T13:07:13.7683380Z" end-time="2024-07-05T13:07:13.7720310Z" duration="0.003694" asserts="0" />
              <test-case id="1-2030" name="GenerateMazeAreas_CallsGenerate" fullname="PlayersWorlds.Maps.Areas.AreaGeneratorTest.GenerateMazeAreas_CallsGenerate" methodname="GenerateMazeAreas_CallsGenerate" classname="PlayersWorlds.Maps.Areas.AreaGeneratorTest" runstate="Runnable" seed="1748394891" result="Passed" start-time="2024-07-05T13:07:13.7720470Z" end-time="2024-07-05T13:07:13.7747490Z" duration="0.002702" asserts="0" />
              <test-case id="1-2032" name="GenerateMazeAreas_ExistingAreas" fullname="PlayersWorlds.Maps.Areas.AreaGeneratorTest.GenerateMazeAreas_ExistingAreas" methodname="GenerateMazeAreas_ExistingAreas" classname="PlayersWorlds.Maps.Areas.AreaGeneratorTest" runstate="Runnable" seed="2048026909" result="Passed" start-time="2024-07-05T13:07:13.7747990Z" end-time="2024-07-05T13:07:13.7806430Z" duration="0.005844" asserts="1" />
            </test-suite>
          </test-suite>
        </test-suite>
      </test-suite>
    </test-suite>
  </test-suite>
</test-run>