<?xml version="1.0" encoding="utf-8" standalone="no"?>
<test-run id="0" runstate="Runnable" testcasecount="1051" result="Failed" total="1051" passed="800" failed="1" warnings="0" inconclusive="1" skipped="249" asserts="19295" engine-version="3.17.0.0" clr-version="4.0.30319.42000" start-time="2024-06-07 14:37:48Z" end-time="2024-06-07 14:45:03Z" duration="434.740554">
  <command-line><![CDATA[/home/data/repos/github.com/aynurin/maze-gen/packages/NUnit.ConsoleRunner.3.17.0/tools/nunit3-console.exe build/Debug/tests/PlayersWorlds.Maps.Tests.dll --framework=mono-4.0]]></command-line>
  <test-suite type="Assembly" id="1-2102" name="PlayersWorlds.Maps.Tests.dll" fullname="/home/data/repos/github.com/aynurin/maze-gen/build/Debug/tests/PlayersWorlds.Maps.Tests.dll" runstate="Runnable" testcasecount="1051" result="Failed" site="Child" start-time="2024-06-07T14:37:48.7330650Z" end-time="2024-06-07T14:45:02.9625580Z" duration="434.229409" total="1051" passed="800" failed="1" warnings="0" inconclusive="1" skipped="249" asserts="19295">
    <environment framework-version="4.0.1.0" clr-version="4.0.30319.42000" os-version="Unix 6.1.84.1" platform="Unix" cwd="/home/data/repos/github.com/aynurin/maze-gen" machine-name="lightview" user="shav" user-domain="lightview" culture="en-US" uiculture="en-US" os-architecture="x64" />
    <settings>
      <setting name="RequestedRuntimeFramework" value="mono-4.0" />
      <setting name="DisposeRunners" value="True" />
      <setting name="WorkDirectory" value="/home/data/repos/github.com/aynurin/maze-gen" />
      <setting name="ImageRuntimeVersion" value="4.0.30319" />
      <setting name="ImageTargetFrameworkName" value=".NETFramework,Version=v4.7" />
      <setting name="ImageRequiresX86" value="False" />
      <setting name="ImageRequiresDefaultAppDomainAssemblyResolver" value="False" />
      <setting name="TargetRuntimeFramework" value="mono-4.0" />
      <setting name="NumberOfTestWorkers" value="24" />
    </settings>
    <properties>
      <property name="_PID" value="1192432" />
      <property name="_APPDOMAIN" value="domain-" />
    </properties>
    <failure>
      <message><![CDATA[One or more child tests had errors]]></message>
    </failure>
    <test-suite type="SetUpFixture" id="1-1003" name="[default namespace]" fullname="TestsSetup" classname="TestsSetup" runstate="Runnable" testcasecount="1051" result="Failed" site="Child" start-time="2024-06-07T14:37:48.7379500Z" end-time="2024-06-07T14:45:02.9625480Z" duration="434.224598" total="1051" passed="800" failed="1" warnings="0" inconclusive="1" skipped="249" asserts="19295">
      <failure>
        <message><![CDATA[One or more child tests had errors]]></message>
      </failure>
      <test-suite type="TestSuite" id="1-2103" name="PlayersWorlds" fullname="PlayersWorlds" runstate="Runnable" testcasecount="1049" result="Failed" site="Child" start-time="2024-06-07T14:37:48.7407410Z" end-time="2024-06-07T14:45:02.9476430Z" duration="434.206902" total="1049" passed="798" failed="1" warnings="0" inconclusive="1" skipped="249" asserts="16253">
        <failure>
          <message><![CDATA[One or more child tests had errors]]></message>
        </failure>
        <test-suite type="TestSuite" id="1-2104" name="Maps" fullname="PlayersWorlds.Maps" runstate="Runnable" testcasecount="1049" result="Failed" site="Child" start-time="2024-06-07T14:37:48.7408060Z" end-time="2024-06-07T14:45:02.9476380Z" duration="434.206832" total="1049" passed="798" failed="1" warnings="0" inconclusive="1" skipped="249" asserts="16253">
          <failure>
            <message><![CDATA[One or more child tests had errors]]></message>
          </failure>
          <test-suite type="TestSuite" id="1-2110" name="Areas" fullname="PlayersWorlds.Maps.Areas" runstate="Runnable" testcasecount="140" result="Failed" site="Child" start-time="2024-06-07T14:37:48.7408160Z" end-time="2024-06-07T14:39:05.5969640Z" duration="76.856148" total="140" passed="137" failed="1" warnings="0" inconclusive="1" skipped="1" asserts="351">
            <failure>
              <message><![CDATA[One or more child tests had errors]]></message>
            </failure>
            <test-suite type="TestSuite" id="1-2111" name="Evolving" fullname="PlayersWorlds.Maps.Areas.Evolving" runstate="Runnable" testcasecount="134" result="Failed" site="Child" start-time="2024-06-07T14:37:48.7408210Z" end-time="2024-06-07T14:39:05.5916750Z" duration="76.850853" total="134" passed="131" failed="1" warnings="0" inconclusive="1" skipped="1" asserts="324">
              <failure>
                <message><![CDATA[One or more child tests had errors]]></message>
              </failure>
              <test-suite type="TestFixture" id="1-1956" name="AreaDistributorLoadTest" fullname="PlayersWorlds.Maps.Areas.Evolving.AreaDistributorLoadTest" classname="PlayersWorlds.Maps.Areas.Evolving.AreaDistributorLoadTest" runstate="Runnable" testcasecount="1" result="Passed" start-time="2024-06-07T14:37:48.7410330Z" end-time="2024-06-07T14:39:00.4770970Z" duration="71.736064" total="1" passed="0" failed="0" warnings="0" inconclusive="1" skipped="0" asserts="0">
                <test-case id="1-1957" name="AreaDistributor_LoadTest" fullname="PlayersWorlds.Maps.Areas.Evolving.AreaDistributorLoadTest.AreaDistributor_LoadTest" methodname="AreaDistributor_LoadTest" classname="PlayersWorlds.Maps.Areas.Evolving.AreaDistributorLoadTest" runstate="Runnable" seed="2051541918" result="Inconclusive" start-time="2024-06-07T14:37:48.7411980Z" end-time="2024-06-07T14:39:00.4725410Z" duration="71.731484" asserts="0">
                  <properties>
                    <property name="Category" value="Load" />
                  </properties>
                  <reason>
                    <message><![CDATA[Passed: 998, Failed: 2
yield return "49x5: P16x1;S14x1 P15x2;S10x1 P6x0;S10x1 P31x0;S13x1 P2x0;S14x1"; // Random(749)
yield return "39x37: P17x12;S10x7 P22x12;S11x8 P4x6;S6x8 P1x8;S3x11 P30x5;S5x11 P0x30;S12x6 P3x15;S11x11 P33x13;S5x4 P25x1;S2x8 P28x17;S8x2 P16x16;S12x8 P13x5;S8x7"; // Random(141)]]></message>
                  </reason>
                  <output><![CDATA[PlayersWorlds.Maps.Areas.Evolving.AreaDistributorHelper+DistributeResult(	Log = TestLog
, 	OriginalOutOfBounds = List`1<Area>()
, 	OriginalOverlapping = List`1<Area>(Area:{10x1;6x0;False;Maze;;[Cell:{0x0;;},Cell:{1x0;;},Cell:{2x0;;},Cell:{3x0;;},Cell:{4x0;;},Cell:{5x0;;},Cell:{6x0;;},Cell:{7x0;;},Cell:{8x0;;},Cell:{9x0;;}];}, Area:{14x1;2x0;False;Maze;;[Cell:{0x0;;},Cell:{1x0;;},Cell:{2x0;;},Cell:{3x0;;},Cell:{4x0;;},Cell:{5x0;;},Cell:{6x0;;},Cell:{7x0;;},Cell:{8x0;;},Cell:{9x0;;},Cell:{10x0;;},Cell:{11x0;;},Cell:{12x0;;},Cell:{13x0;;}];})
, 	OriginalAreas = List`1<Area>(Area:{14x1;16x1;False;Maze;;[Cell:{0x0;;},Cell:{1x0;;},Cell:{2x0;;},Cell:{3x0;;},Cell:{4x0;;},Cell:{5x0;;},Cell:{6x0;;},Cell:{7x0;;},Cell:{8x0;;},Cell:{9x0;;},Cell:{10x0;;},Cell:{11x0;;},Cell:{12x0;;},Cell:{13x0;;}];}, Area:{10x1;15x2;False;Maze;;[Cell:{0x0;;},Cell:{1x0;;},Cell:{2x0;;},Cell:{3x0;;},Cell:{4x0;;},Cell:{5x0;;},Cell:{6x0;;},Cell:{7x0;;},Cell:{8x0;;},Cell:{9x0;;}];}, Area:{10x1;6x0;False;Maze;;[Cell:{0x0;;},Cell:{1x0;;},Cell:{2x0;;},Cell:{3x0;;},Cell:{4x0;;},Cell:{5x0;;},Cell:{6x0;;},Cell:{7x0;;},Cell:{8x0;;},Cell:{9x0;;}];}, Area:{13x1;31x0;False;Maze;;[Cell:{0x0;;},Cell:{1x0;;},Cell:{2x0;;},Cell:{3x0;;},Cell:{4x0;;},Cell:{5x0;;},Cell:{6x0;;},Cell:{7x0;;},Cell:{8x0;;},Cell:{9x0;;},Cell:{10x0;;},Cell:{11x0;;},Cell:{12x0;;}];}, Area:{14x1;2x0;False;Maze;;[Cell:{0x0;;},Cell:{1x0;;},Cell:{2x0;;},Cell:{3x0;;},Cell:{4x0;;},Cell:{5x0;;},Cell:{6x0;;},Cell:{7x0;;},Cell:{8x0;;},Cell:{9x0;;},Cell:{10x0;;},Cell:{11x0;;},Cell:{12x0;;},Cell:{13x0;;}];})
, 	PlacedOutOfBounds = List`1<Area>(Area:{14x1;-1x2;False;Maze;;[Cell:{0x0;;},Cell:{1x0;;},Cell:{2x0;;},Cell:{3x0;;},Cell:{4x0;;},Cell:{5x0;;},Cell:{6x0;;},Cell:{7x0;;},Cell:{8x0;;},Cell:{9x0;;},Cell:{10x0;;},Cell:{11x0;;},Cell:{12x0;;},Cell:{13x0;;}];})
, 	PlacedOverlapping = List`1<Area>(Area:{10x1;27x2;False;Maze;;[Cell:{0x0;;},Cell:{1x0;;},Cell:{2x0;;},Cell:{3x0;;},Cell:{4x0;;},Cell:{5x0;;},Cell:{6x0;;},Cell:{7x0;;},Cell:{8x0;;},Cell:{9x0;;}];}, Area:{13x1;36x2;False;Maze;;[Cell:{0x0;;},Cell:{1x0;;},Cell:{2x0;;},Cell:{3x0;;},Cell:{4x0;;},Cell:{5x0;;},Cell:{6x0;;},Cell:{7x0;;},Cell:{8x0;;},Cell:{9x0;;},Cell:{10x0;;},Cell:{11x0;;},Cell:{12x0;;}];})
, 	PlacedAreas = List`1<Area>(Area:{14x1;13x1;False;Maze;;[Cell:{0x0;;},Cell:{1x0;;},Cell:{2x0;;},Cell:{3x0;;},Cell:{4x0;;},Cell:{5x0;;},Cell:{6x0;;},Cell:{7x0;;},Cell:{8x0;;},Cell:{9x0;;},Cell:{10x0;;},Cell:{11x0;;},Cell:{12x0;;},Cell:{13x0;;}];}, Area:{10x1;15x2;False;Maze;;[Cell:{0x0;;},Cell:{1x0;;},Cell:{2x0;;},Cell:{3x0;;},Cell:{4x0;;},Cell:{5x0;;},Cell:{6x0;;},Cell:{7x0;;},Cell:{8x0;;},Cell:{9x0;;}];}, Area:{10x1;27x2;False;Maze;;[Cell:{0x0;;},Cell:{1x0;;},Cell:{2x0;;},Cell:{3x0;;},Cell:{4x0;;},Cell:{5x0;;},Cell:{6x0;;},Cell:{7x0;;},Cell:{8x0;;},Cell:{9x0;;}];}, Area:{13x1;36x2;False;Maze;;[Cell:{0x0;;},Cell:{1x0;;},Cell:{2x0;;},Cell:{3x0;;},Cell:{4x0;;},Cell:{5x0;;},Cell:{6x0;;},Cell:{7x0;;},Cell:{8x0;;},Cell:{9x0;;},Cell:{10x0;;},Cell:{11x0;;},Cell:{12x0;;}];}, Area:{14x1;-1x2;False;Maze;;[Cell:{0x0;;},Cell:{1x0;;},Cell:{2x0;;},Cell:{3x0;;},Cell:{4x0;;},Cell:{5x0;;},Cell:{6x0;;},Cell:{7x0;;},Cell:{8x0;;},Cell:{9x0;;},Cell:{10x0;;},Cell:{11x0;;},Cell:{12x0;;},Cell:{13x0;;}];})
, 	MaxEpochs = 100
, 	TestString = yield return "49x5: P16x1;S14x1 P15x2;S10x1 P6x0;S10x1 P31x0;S13x1 P2x0;S14x1"; // Random(749)
)
PlayersWorlds.Maps.Areas.Evolving.AreaDistributorHelper+DistributeResult(	Log = TestLog
, 	OriginalOutOfBounds = List`1<Area>()
, 	OriginalOverlapping = List`1<Area>(Area:{10x7;17x12;False;Maze;;[Cell:{0x0;;},Cell:{1x0;;},Cell:{2x0;;},Cell:{3x0;;},Cell:{4x0;;},Cell:{5x0;;},Cell:{6x0;;},Cell:{7x0;;},Cell:{8x0;;},Cell:{9x0;;},Cell:{0x1;;},Cell:{1x1;;},Cell:{2x1;;},Cell:{3x1;;},Cell:{4x1;;},Cell:{5x1;;},Cell:{6x1;;},Cell:{7x1;;},Cell:{8x1;;},Cell:{9x1;;},Cell:{0x2;;},Cell:{1x2;;},Cell:{2x2;;},Cell:{3x2;;},Cell:{4x2;;},Cell:{5x2;;},Cell:{6x2;;},Cell:{7x2;;},Cell:{8x2;;},Cell:{9x2;;},Cell:{0x3;;},Cell:{1x3;;},Cell:{2x3;;},Cell:{3x3;;},Cell:{4x3;;},Cell:{5x3;;},Cell:{6x3;;},Cell:{7x3;;},Cell:{8x3;;},Cell:{9x3;;},Cell:{0x4;;},Cell:{1x4;;},Cell:{2x4;;},Cell:{3x4;;},Cell:{4x4;;},Cell:{5x4;;},Cell:{6x4;;},Cell:{7x4;;},Cell:{8x4;;},Cell:{9x4;;},Cell:{0x5;;},Cell:{1x5;;},Cell:{2x5;;},Cell:{3x5;;},Cell:{4x5;;},Cell:{5x5;;},Cell:{6x5;;},Cell:{7x5;;},Cell:{8x5;;},Cell:{9x5;;},Cell:{0x6;;},Cell:{1x6;;},Cell:{2x6;;},Cell:{3x6;;},Cell:{4x6;;},Cell:{5x6;;},Cell:{6x6;;},Cell:{7x6;;},Cell:{8x6;;},Cell:{9x6;;}];}, Area:{11x8;22x12;False;Maze;;[Cell:{0x0;;},Cell:{1x0;;},Cell:{2x0;;},Cell:{3x0;;},Cell:{4x0;;},Cell:{5x0;;},Cell:{6x0;;},Cell:{7x0;;},Cell:{8x0;;},Cell:{9x0;;},Cell:{10x0;;},Cell:{0x1;;},Cell:{1x1;;},Cell:{2x1;;},Cell:{3x1;;},Cell:{4x1;;},Cell:{5x1;;},Cell:{6x1;;},Cell:{7x1;;},Cell:{8x1;;},Cell:{9x1;;},Cell:{10x1;;},Cell:{0x2;;},Cell:{1x2;;},Cell:{2x2;;},Cell:{3x2;;},Cell:{4x2;;},Cell:{5x2;;},Cell:{6x2;;},Cell:{7x2;;},Cell:{8x2;;},Cell:{9x2;;},Cell:{10x2;;},Cell:{0x3;;},Cell:{1x3;;},Cell:{2x3;;},Cell:{3x3;;},Cell:{4x3;;},Cell:{5x3;;},Cell:{6x3;;},Cell:{7x3;;},Cell:{8x3;;},Cell:{9x3;;},Cell:{10x3;;},Cell:{0x4;;},Cell:{1x4;;},Cell:{2x4;;},Cell:{3x4;;},Cell:{4x4;;},Cell:{5x4;;},Cell:{6x4;;},Cell:{7x4;;},Cell:{8x4;;},Cell:{9x4;;},Cell:{10x4;;},Cell:{0x5;;},Cell:{1x5;;},Cell:{2x5;;},Cell:{3x5;;},Cell:{4x5;;},Cell:{5x5;;},Cell:{6x5;;},Cell:{7x5;;},Cell:{8x5;;},Cell:{9x5;;},Cell:{10x5;;},Cell:{0x6;;},Cell:{1x6;;},Cell:{2x6;;},Cell:{3x6;;},Cell:{4x6;;},Cell:{5x6;;},Cell:{6x6;;},Cell:{7x6;;},Cell:{8x6;;},Cell:{9x6;;},Cell:{10x6;;},Cell:{0x7;;},Cell:{1x7;;},Cell:{2x7;;},Cell:{3x7;;},Cell:{4x7;;},Cell:{5x7;;},Cell:{6x7;;},Cell:{7x7;;},Cell:{8x7;;},Cell:{9x7;;},Cell:{10x7;;}];}, Area:{3x11;1x8;False;Maze;;[Cell:{0x0;;},Cell:{1x0;;},Cell:{2x0;;},Cell:{0x1;;},Cell:{1x1;;},Cell:{2x1;;},Cell:{0x2;;},Cell:{1x2;;},Cell:{2x2;;},Cell:{0x3;;},Cell:{1x3;;},Cell:{2x3;;},Cell:{0x4;;},Cell:{1x4;;},Cell:{2x4;;},Cell:{0x5;;},Cell:{1x5;;},Cell:{2x5;;},Cell:{0x6;;},Cell:{1x6;;},Cell:{2x6;;},Cell:{0x7;;},Cell:{1x7;;},Cell:{2x7;;},Cell:{0x8;;},Cell:{1x8;;},Cell:{2x8;;},Cell:{0x9;;},Cell:{1x9;;},Cell:{2x9;;},Cell:{0x10;;},Cell:{1x10;;},Cell:{2x10;;}];}, Area:{5x11;30x5;False;Maze;;[Cell:{0x0;;},Cell:{1x0;;},Cell:{2x0;;},Cell:{3x0;;},Cell:{4x0;;},Cell:{0x1;;},Cell:{1x1;;},Cell:{2x1;;},Cell:{3x1;;},Cell:{4x1;;},Cell:{0x2;;},Cell:{1x2;;},Cell:{2x2;;},Cell:{3x2;;},Cell:{4x2;;},Cell:{0x3;;},Cell:{1x3;;},Cell:{2x3;;},Cell:{3x3;;},Cell:{4x3;;},Cell:{0x4;;},Cell:{1x4;;},Cell:{2x4;;},Cell:{3x4;;},Cell:{4x4;;},Cell:{0x5;;},Cell:{1x5;;},Cell:{2x5;;},Cell:{3x5;;},Cell:{4x5;;},Cell:{0x6;;},Cell:{1x6;;},Cell:{2x6;;},Cell:{3x6;;},Cell:{4x6;;},Cell:{0x7;;},Cell:{1x7;;},Cell:{2x7;;},Cell:{3x7;;},Cell:{4x7;;},Cell:{0x8;;},Cell:{1x8;;},Cell:{2x8;;},Cell:{3x8;;},Cell:{4x8;;},Cell:{0x9;;},Cell:{1x9;;},Cell:{2x9;;},Cell:{3x9;;},Cell:{4x9;;},Cell:{0x10;;},Cell:{1x10;;},Cell:{2x10;;},Cell:{3x10;;},Cell:{4x10;;}];}, Area:{11x11;3x15;False;Maze;;[Cell:{0x0;;},Cell:{1x0;;},Cell:{2x0;;},Cell:{3x0;;},Cell:{4x0;;},Cell:{5x0;;},Cell:{6x0;;},Cell:{7x0;;},Cell:{8x0;;},Cell:{9x0;;},Cell:{10x0;;},Cell:{0x1;;},Cell:{1x1;;},Cell:{2x1;;},Cell:{3x1;;},Cell:{4x1;;},Cell:{5x1;;},Cell:{6x1;;},Cell:{7x1;;},Cell:{8x1;;},Cell:{9x1;;},Cell:{10x1;;},Cell:{0x2;;},Cell:{1x2;;},Cell:{2x2;;},Cell:{3x2;;},Cell:{4x2;;},Cell:{5x2;;},Cell:{6x2;;},Cell:{7x2;;},Cell:{8x2;;},Cell:{9x2;;},Cell:{10x2;;},Cell:{0x3;;},Cell:{1x3;;},Cell:{2x3;;},Cell:{3x3;;},Cell:{4x3;;},Cell:{5x3;;},Cell:{6x3;;},Cell:{7x3;;},Cell:{8x3;;},Cell:{9x3;;},Cell:{10x3;;},Cell:{0x4;;},Cell:{1x4;;},Cell:{2x4;;},Cell:{3x4;;},Cell:{4x4;;},Cell:{5x4;;},Cell:{6x4;;},Cell:{7x4;;},Cell:{8x4;;},Cell:{9x4;;},Cell:{10x4;;},Cell:{0x5;;},Cell:{1x5;;},Cell:{2x5;;},Cell:{3x5;;},Cell:{4x5;;},Cell:{5x5;;},Cell:{6x5;;},Cell:{7x5;;},Cell:{8x5;;},Cell:{9x5;;},Cell:{10x5;;},Cell:{0x6;;},Cell:{1x6;;},Cell:{2x6;;},Cell:{3x6;;},Cell:{4x6;;},Cell:{5x6;;},Cell:{6x6;;},Cell:{7x6;;},Cell:{8x6;;},Cell:{9x6;;},Cell:{10x6;;},Cell:{0x7;;},Cell:{1x7;;},Cell:{2x7;;},Cell:{3x7;;},Cell:{4x7;;},Cell:{5x7;;},Cell:{6x7;;},Cell:{7x7;;},Cell:{8x7;;},Cell:{9x7;;},Cell:{10x7;;},Cell:{0x8;;},Cell:{1x8;;},Cell:{2x8;;},Cell:{3x8;;},Cell:{4x8;;},Cell:{5x8;;},Cell:{6x8;;},Cell:{7x8;;},Cell:{8x8;;},Cell:{9x8;;},Cell:{10x8;;},Cell:{0x9;;},Cell:{1x9;;},Cell:{2x9;;},Cell:{3x9;;},Cell:{4x9;;},Cell:{5x9;;},Cell:{6x9;;},Cell:{7x9;;},Cell:{8x9;;},Cell:{9x9;;},Cell:{10x9;;},Cell:{0x10;;},Cell:{1x10;;},Cell:{2x10;;},Cell:{3x10;;},Cell:{4x10;;},Cell:{5x10;;},Cell:{6x10;;},Cell:{7x10;;},Cell:{8x10;;},Cell:{9x10;;},Cell:{10x10;;}];}...(8))
, 	OriginalAreas = List`1<Area>(Area:{10x7;17x12;False;Maze;;[Cell:{0x0;;},Cell:{1x0;;},Cell:{2x0;;},Cell:{3x0;;},Cell:{4x0;;},Cell:{5x0;;},Cell:{6x0;;},Cell:{7x0;;},Cell:{8x0;;},Cell:{9x0;;},Cell:{0x1;;},Cell:{1x1;;},Cell:{2x1;;},Cell:{3x1;;},Cell:{4x1;;},Cell:{5x1;;},Cell:{6x1;;},Cell:{7x1;;},Cell:{8x1;;},Cell:{9x1;;},Cell:{0x2;;},Cell:{1x2;;},Cell:{2x2;;},Cell:{3x2;;},Cell:{4x2;;},Cell:{5x2;;},Cell:{6x2;;},Cell:{7x2;;},Cell:{8x2;;},Cell:{9x2;;},Cell:{0x3;;},Cell:{1x3;;},Cell:{2x3;;},Cell:{3x3;;},Cell:{4x3;;},Cell:{5x3;;},Cell:{6x3;;},Cell:{7x3;;},Cell:{8x3;;},Cell:{9x3;;},Cell:{0x4;;},Cell:{1x4;;},Cell:{2x4;;},Cell:{3x4;;},Cell:{4x4;;},Cell:{5x4;;},Cell:{6x4;;},Cell:{7x4;;},Cell:{8x4;;},Cell:{9x4;;},Cell:{0x5;;},Cell:{1x5;;},Cell:{2x5;;},Cell:{3x5;;},Cell:{4x5;;},Cell:{5x5;;},Cell:{6x5;;},Cell:{7x5;;},Cell:{8x5;;},Cell:{9x5;;},Cell:{0x6;;},Cell:{1x6;;},Cell:{2x6;;},Cell:{3x6;;},Cell:{4x6;;},Cell:{5x6;;},Cell:{6x6;;},Cell:{7x6;;},Cell:{8x6;;},Cell:{9x6;;}];}, Area:{11x8;22x12;False;Maze;;[Cell:{0x0;;},Cell:{1x0;;},Cell:{2x0;;},Cell:{3x0;;},Cell:{4x0;;},Cell:{5x0;;},Cell:{6x0;;},Cell:{7x0;;},Cell:{8x0;;},Cell:{9x0;;},Cell:{10x0;;},Cell:{0x1;;},Cell:{1x1;;},Cell:{2x1;;},Cell:{3x1;;},Cell:{4x1;;},Cell:{5x1;;},Cell:{6x1;;},Cell:{7x1;;},Cell:{8x1;;},Cell:{9x1;;},Cell:{10x1;;},Cell:{0x2;;},Cell:{1x2;;},Cell:{2x2;;},Cell:{3x2;;},Cell:{4x2;;},Cell:{5x2;;},Cell:{6x2;;},Cell:{7x2;;},Cell:{8x2;;},Cell:{9x2;;},Cell:{10x2;;},Cell:{0x3;;},Cell:{1x3;;},Cell:{2x3;;},Cell:{3x3;;},Cell:{4x3;;},Cell:{5x3;;},Cell:{6x3;;},Cell:{7x3;;},Cell:{8x3;;},Cell:{9x3;;},Cell:{10x3;;},Cell:{0x4;;},Cell:{1x4;;},Cell:{2x4;;},Cell:{3x4;;},Cell:{4x4;;},Cell:{5x4;;},Cell:{6x4;;},Cell:{7x4;;},Cell:{8x4;;},Cell:{9x4;;},Cell:{10x4;;},Cell:{0x5;;},Cell:{1x5;;},Cell:{2x5;;},Cell:{3x5;;},Cell:{4x5;;},Cell:{5x5;;},Cell:{6x5;;},Cell:{7x5;;},Cell:{8x5;;},Cell:{9x5;;},Cell:{10x5;;},Cell:{0x6;;},Cell:{1x6;;},Cell:{2x6;;},Cell:{3x6;;},Cell:{4x6;;},Cell:{5x6;;},Cell:{6x6;;},Cell:{7x6;;},Cell:{8x6;;},Cell:{9x6;;},Cell:{10x6;;},Cell:{0x7;;},Cell:{1x7;;},Cell:{2x7;;},Cell:{3x7;;},Cell:{4x7;;},Cell:{5x7;;},Cell:{6x7;;},Cell:{7x7;;},Cell:{8x7;;},Cell:{9x7;;},Cell:{10x7;;}];}, Area:{6x8;4x6;False;Maze;;[Cell:{0x0;;},Cell:{1x0;;},Cell:{2x0;;},Cell:{3x0;;},Cell:{4x0;;},Cell:{5x0;;},Cell:{0x1;;},Cell:{1x1;;},Cell:{2x1;;},Cell:{3x1;;},Cell:{4x1;;},Cell:{5x1;;},Cell:{0x2;;},Cell:{1x2;;},Cell:{2x2;;},Cell:{3x2;;},Cell:{4x2;;},Cell:{5x2;;},Cell:{0x3;;},Cell:{1x3;;},Cell:{2x3;;},Cell:{3x3;;},Cell:{4x3;;},Cell:{5x3;;},Cell:{0x4;;},Cell:{1x4;;},Cell:{2x4;;},Cell:{3x4;;},Cell:{4x4;;},Cell:{5x4;;},Cell:{0x5;;},Cell:{1x5;;},Cell:{2x5;;},Cell:{3x5;;},Cell:{4x5;;},Cell:{5x5;;},Cell:{0x6;;},Cell:{1x6;;},Cell:{2x6;;},Cell:{3x6;;},Cell:{4x6;;},Cell:{5x6;;},Cell:{0x7;;},Cell:{1x7;;},Cell:{2x7;;},Cell:{3x7;;},Cell:{4x7;;},Cell:{5x7;;}];}, Area:{3x11;1x8;False;Maze;;[Cell:{0x0;;},Cell:{1x0;;},Cell:{2x0;;},Cell:{0x1;;},Cell:{1x1;;},Cell:{2x1;;},Cell:{0x2;;},Cell:{1x2;;},Cell:{2x2;;},Cell:{0x3;;},Cell:{1x3;;},Cell:{2x3;;},Cell:{0x4;;},Cell:{1x4;;},Cell:{2x4;;},Cell:{0x5;;},Cell:{1x5;;},Cell:{2x5;;},Cell:{0x6;;},Cell:{1x6;;},Cell:{2x6;;},Cell:{0x7;;},Cell:{1x7;;},Cell:{2x7;;},Cell:{0x8;;},Cell:{1x8;;},Cell:{2x8;;},Cell:{0x9;;},Cell:{1x9;;},Cell:{2x9;;},Cell:{0x10;;},Cell:{1x10;;},Cell:{2x10;;}];}, Area:{5x11;30x5;False;Maze;;[Cell:{0x0;;},Cell:{1x0;;},Cell:{2x0;;},Cell:{3x0;;},Cell:{4x0;;},Cell:{0x1;;},Cell:{1x1;;},Cell:{2x1;;},Cell:{3x1;;},Cell:{4x1;;},Cell:{0x2;;},Cell:{1x2;;},Cell:{2x2;;},Cell:{3x2;;},Cell:{4x2;;},Cell:{0x3;;},Cell:{1x3;;},Cell:{2x3;;},Cell:{3x3;;},Cell:{4x3;;},Cell:{0x4;;},Cell:{1x4;;},Cell:{2x4;;},Cell:{3x4;;},Cell:{4x4;;},Cell:{0x5;;},Cell:{1x5;;},Cell:{2x5;;},Cell:{3x5;;},Cell:{4x5;;},Cell:{0x6;;},Cell:{1x6;;},Cell:{2x6;;},Cell:{3x6;;},Cell:{4x6;;},Cell:{0x7;;},Cell:{1x7;;},Cell:{2x7;;},Cell:{3x7;;},Cell:{4x7;;},Cell:{0x8;;},Cell:{1x8;;},Cell:{2x8;;},Cell:{3x8;;},Cell:{4x8;;},Cell:{0x9;;},Cell:{1x9;;},Cell:{2x9;;},Cell:{3x9;;},Cell:{4x9;;},Cell:{0x10;;},Cell:{1x10;;},Cell:{2x10;;},Cell:{3x10;;},Cell:{4x10;;}];}...(12))
, 	PlacedOutOfBounds = List`1<Area>()
, 	PlacedOverlapping = List`1<Area>(Area:{12x6;17x15;False;Maze;;[Cell:{0x0;;},Cell:{1x0;;},Cell:{2x0;;},Cell:{3x0;;},Cell:{4x0;;},Cell:{5x0;;},Cell:{6x0;;},Cell:{7x0;;},Cell:{8x0;;},Cell:{9x0;;},Cell:{10x0;;},Cell:{11x0;;},Cell:{0x1;;},Cell:{1x1;;},Cell:{2x1;;},Cell:{3x1;;},Cell:{4x1;;},Cell:{5x1;;},Cell:{6x1;;},Cell:{7x1;;},Cell:{8x1;;},Cell:{9x1;;},Cell:{10x1;;},Cell:{11x1;;},Cell:{0x2;;},Cell:{1x2;;},Cell:{2x2;;},Cell:{3x2;;},Cell:{4x2;;},Cell:{5x2;;},Cell:{6x2;;},Cell:{7x2;;},Cell:{8x2;;},Cell:{9x2;;},Cell:{10x2;;},Cell:{11x2;;},Cell:{0x3;;},Cell:{1x3;;},Cell:{2x3;;},Cell:{3x3;;},Cell:{4x3;;},Cell:{5x3;;},Cell:{6x3;;},Cell:{7x3;;},Cell:{8x3;;},Cell:{9x3;;},Cell:{10x3;;},Cell:{11x3;;},Cell:{0x4;;},Cell:{1x4;;},Cell:{2x4;;},Cell:{3x4;;},Cell:{4x4;;},Cell:{5x4;;},Cell:{6x4;;},Cell:{7x4;;},Cell:{8x4;;},Cell:{9x4;;},Cell:{10x4;;},Cell:{11x4;;},Cell:{0x5;;},Cell:{1x5;;},Cell:{2x5;;},Cell:{3x5;;},Cell:{4x5;;},Cell:{5x5;;},Cell:{6x5;;},Cell:{7x5;;},Cell:{8x5;;},Cell:{9x5;;},Cell:{10x5;;},Cell:{11x5;;}];}, Area:{8x7;28x12;False;Maze;;[Cell:{0x0;;},Cell:{1x0;;},Cell:{2x0;;},Cell:{3x0;;},Cell:{4x0;;},Cell:{5x0;;},Cell:{6x0;;},Cell:{7x0;;},Cell:{0x1;;},Cell:{1x1;;},Cell:{2x1;;},Cell:{3x1;;},Cell:{4x1;;},Cell:{5x1;;},Cell:{6x1;;},Cell:{7x1;;},Cell:{0x2;;},Cell:{1x2;;},Cell:{2x2;;},Cell:{3x2;;},Cell:{4x2;;},Cell:{5x2;;},Cell:{6x2;;},Cell:{7x2;;},Cell:{0x3;;},Cell:{1x3;;},Cell:{2x3;;},Cell:{3x3;;},Cell:{4x3;;},Cell:{5x3;;},Cell:{6x3;;},Cell:{7x3;;},Cell:{0x4;;},Cell:{1x4;;},Cell:{2x4;;},Cell:{3x4;;},Cell:{4x4;;},Cell:{5x4;;},Cell:{6x4;;},Cell:{7x4;;},Cell:{0x5;;},Cell:{1x5;;},Cell:{2x5;;},Cell:{3x5;;},Cell:{4x5;;},Cell:{5x5;;},Cell:{6x5;;},Cell:{7x5;;},Cell:{0x6;;},Cell:{1x6;;},Cell:{2x6;;},Cell:{3x6;;},Cell:{4x6;;},Cell:{5x6;;},Cell:{6x6;;},Cell:{7x6;;}];})
, 	PlacedAreas = List`1<Area>(Area:{10x7;2x28;False;Maze;;[Cell:{0x0;;},Cell:{1x0;;},Cell:{2x0;;},Cell:{3x0;;},Cell:{4x0;;},Cell:{5x0;;},Cell:{6x0;;},Cell:{7x0;;},Cell:{8x0;;},Cell:{9x0;;},Cell:{0x1;;},Cell:{1x1;;},Cell:{2x1;;},Cell:{3x1;;},Cell:{4x1;;},Cell:{5x1;;},Cell:{6x1;;},Cell:{7x1;;},Cell:{8x1;;},Cell:{9x1;;},Cell:{0x2;;},Cell:{1x2;;},Cell:{2x2;;},Cell:{3x2;;},Cell:{4x2;;},Cell:{5x2;;},Cell:{6x2;;},Cell:{7x2;;},Cell:{8x2;;},Cell:{9x2;;},Cell:{0x3;;},Cell:{1x3;;},Cell:{2x3;;},Cell:{3x3;;},Cell:{4x3;;},Cell:{5x3;;},Cell:{6x3;;},Cell:{7x3;;},Cell:{8x3;;},Cell:{9x3;;},Cell:{0x4;;},Cell:{1x4;;},Cell:{2x4;;},Cell:{3x4;;},Cell:{4x4;;},Cell:{5x4;;},Cell:{6x4;;},Cell:{7x4;;},Cell:{8x4;;},Cell:{9x4;;},Cell:{0x5;;},Cell:{1x5;;},Cell:{2x5;;},Cell:{3x5;;},Cell:{4x5;;},Cell:{5x5;;},Cell:{6x5;;},Cell:{7x5;;},Cell:{8x5;;},Cell:{9x5;;},Cell:{0x6;;},Cell:{1x6;;},Cell:{2x6;;},Cell:{3x6;;},Cell:{4x6;;},Cell:{5x6;;},Cell:{6x6;;},Cell:{7x6;;},Cell:{8x6;;},Cell:{9x6;;}];}, Area:{11x8;2x14;False;Maze;;[Cell:{0x0;;},Cell:{1x0;;},Cell:{2x0;;},Cell:{3x0;;},Cell:{4x0;;},Cell:{5x0;;},Cell:{6x0;;},Cell:{7x0;;},Cell:{8x0;;},Cell:{9x0;;},Cell:{10x0;;},Cell:{0x1;;},Cell:{1x1;;},Cell:{2x1;;},Cell:{3x1;;},Cell:{4x1;;},Cell:{5x1;;},Cell:{6x1;;},Cell:{7x1;;},Cell:{8x1;;},Cell:{9x1;;},Cell:{10x1;;},Cell:{0x2;;},Cell:{1x2;;},Cell:{2x2;;},Cell:{3x2;;},Cell:{4x2;;},Cell:{5x2;;},Cell:{6x2;;},Cell:{7x2;;},Cell:{8x2;;},Cell:{9x2;;},Cell:{10x2;;},Cell:{0x3;;},Cell:{1x3;;},Cell:{2x3;;},Cell:{3x3;;},Cell:{4x3;;},Cell:{5x3;;},Cell:{6x3;;},Cell:{7x3;;},Cell:{8x3;;},Cell:{9x3;;},Cell:{10x3;;},Cell:{0x4;;},Cell:{1x4;;},Cell:{2x4;;},Cell:{3x4;;},Cell:{4x4;;},Cell:{5x4;;},Cell:{6x4;;},Cell:{7x4;;},Cell:{8x4;;},Cell:{9x4;;},Cell:{10x4;;},Cell:{0x5;;},Cell:{1x5;;},Cell:{2x5;;},Cell:{3x5;;},Cell:{4x5;;},Cell:{5x5;;},Cell:{6x5;;},Cell:{7x5;;},Cell:{8x5;;},Cell:{9x5;;},Cell:{10x5;;},Cell:{0x6;;},Cell:{1x6;;},Cell:{2x6;;},Cell:{3x6;;},Cell:{4x6;;},Cell:{5x6;;},Cell:{6x6;;},Cell:{7x6;;},Cell:{8x6;;},Cell:{9x6;;},Cell:{10x6;;},Cell:{0x7;;},Cell:{1x7;;},Cell:{2x7;;},Cell:{3x7;;},Cell:{4x7;;},Cell:{5x7;;},Cell:{6x7;;},Cell:{7x7;;},Cell:{8x7;;},Cell:{9x7;;},Cell:{10x7;;}];}, Area:{6x8;14x26;False;Maze;;[Cell:{0x0;;},Cell:{1x0;;},Cell:{2x0;;},Cell:{3x0;;},Cell:{4x0;;},Cell:{5x0;;},Cell:{0x1;;},Cell:{1x1;;},Cell:{2x1;;},Cell:{3x1;;},Cell:{4x1;;},Cell:{5x1;;},Cell:{0x2;;},Cell:{1x2;;},Cell:{2x2;;},Cell:{3x2;;},Cell:{4x2;;},Cell:{5x2;;},Cell:{0x3;;},Cell:{1x3;;},Cell:{2x3;;},Cell:{3x3;;},Cell:{4x3;;},Cell:{5x3;;},Cell:{0x4;;},Cell:{1x4;;},Cell:{2x4;;},Cell:{3x4;;},Cell:{4x4;;},Cell:{5x4;;},Cell:{0x5;;},Cell:{1x5;;},Cell:{2x5;;},Cell:{3x5;;},Cell:{4x5;;},Cell:{5x5;;},Cell:{0x6;;},Cell:{1x6;;},Cell:{2x6;;},Cell:{3x6;;},Cell:{4x6;;},Cell:{5x6;;},Cell:{0x7;;},Cell:{1x7;;},Cell:{2x7;;},Cell:{3x7;;},Cell:{4x7;;},Cell:{5x7;;}];}, Area:{3x11;34x23;False;Maze;;[Cell:{0x0;;},Cell:{1x0;;},Cell:{2x0;;},Cell:{0x1;;},Cell:{1x1;;},Cell:{2x1;;},Cell:{0x2;;},Cell:{1x2;;},Cell:{2x2;;},Cell:{0x3;;},Cell:{1x3;;},Cell:{2x3;;},Cell:{0x4;;},Cell:{1x4;;},Cell:{2x4;;},Cell:{0x5;;},Cell:{1x5;;},Cell:{2x5;;},Cell:{0x6;;},Cell:{1x6;;},Cell:{2x6;;},Cell:{0x7;;},Cell:{1x7;;},Cell:{2x7;;},Cell:{0x8;;},Cell:{1x8;;},Cell:{2x8;;},Cell:{0x9;;},Cell:{1x9;;},Cell:{2x9;;},Cell:{0x10;;},Cell:{1x10;;},Cell:{2x10;;}];}, Area:{5x11;21x3;False;Maze;;[Cell:{0x0;;},Cell:{1x0;;},Cell:{2x0;;},Cell:{3x0;;},Cell:{4x0;;},Cell:{0x1;;},Cell:{1x1;;},Cell:{2x1;;},Cell:{3x1;;},Cell:{4x1;;},Cell:{0x2;;},Cell:{1x2;;},Cell:{2x2;;},Cell:{3x2;;},Cell:{4x2;;},Cell:{0x3;;},Cell:{1x3;;},Cell:{2x3;;},Cell:{3x3;;},Cell:{4x3;;},Cell:{0x4;;},Cell:{1x4;;},Cell:{2x4;;},Cell:{3x4;;},Cell:{4x4;;},Cell:{0x5;;},Cell:{1x5;;},Cell:{2x5;;},Cell:{3x5;;},Cell:{4x5;;},Cell:{0x6;;},Cell:{1x6;;},Cell:{2x6;;},Cell:{3x6;;},Cell:{4x6;;},Cell:{0x7;;},Cell:{1x7;;},Cell:{2x7;;},Cell:{3x7;;},Cell:{4x7;;},Cell:{0x8;;},Cell:{1x8;;},Cell:{2x8;;},Cell:{3x8;;},Cell:{4x8;;},Cell:{0x9;;},Cell:{1x9;;},Cell:{2x9;;},Cell:{3x9;;},Cell:{4x9;;},Cell:{0x10;;},Cell:{1x10;;},Cell:{2x10;;},Cell:{3x10;;},Cell:{4x10;;}];}...(12))
, 	MaxEpochs = 100
, 	TestString = yield return "39x37: P17x12;S10x7 P22x12;S11x8 P4x6;S6x8 P1x8;S3x11 P30x5;S5x11 P0x30;S12x6 P3x15;S11x11 P33x13;S5x4 P25x1;S2x8 P28x17;S8x2 P16x16;S12x8 P13x5;S8x7"; // Random(141)
)
]]></output>
                </test-case>
              </test-suite>
              <test-suite type="TestFixture" id="1-1958" name="AreaDistributorTest" fullname="PlayersWorlds.Maps.Areas.Evolving.AreaDistributorTest" classname="PlayersWorlds.Maps.Areas.Evolving.AreaDistributorTest" runstate="Runnable" testcasecount="79" result="Failed" site="Child" start-time="2024-06-07T14:39:00.4795840Z" end-time="2024-06-07T14:39:05.4777610Z" duration="4.998177" total="79" passed="77" failed="1" warnings="0" inconclusive="0" skipped="1" asserts="156">
                <failure>
                  <message><![CDATA[One or more child tests had errors]]></message>
                </failure>
                <test-suite type="ParameterizedMethod" id="1-2040" name="AreaDistributorTest_CanLayout" fullname="PlayersWorlds.Maps.Areas.Evolving.AreaDistributorTest.AreaDistributorTest_CanLayout" classname="PlayersWorlds.Maps.Areas.Evolving.AreaDistributorTest" runstate="Runnable" testcasecount="55" result="Failed" site="Child" start-time="2024-06-07T14:39:00.4797480Z" end-time="2024-06-07T14:39:05.4018740Z" duration="4.922126" total="55" passed="54" failed="1" warnings="0" inconclusive="0" skipped="0" asserts="110">
                  <properties>
                    <property name="Category" value="Integration" />
                    <property name="Category" value="Smoke" />
                  </properties>
                  <failure>
                    <message><![CDATA[One or more child tests had errors]]></message>
                  </failure>
                  <test-case id="1-1985" name="AreaDistributorTest_CanLayout(&quot;13x8: P9x6;S3x1 P1x4;S2x1&quot;)" fullname="PlayersWorlds.Maps.Areas.Evolving.AreaDistributorTest.AreaDistributorTest_CanLayout(&quot;13x8: P9x6;S3x1 P1x4;S2x1&quot;)" methodname="AreaDistributorTest_CanLayout" classname="PlayersWorlds.Maps.Areas.Evolving.AreaDistributorTest" runstate="Runnable" seed="2130341213" result="Passed" start-time="2024-06-07T14:39:00.4798890Z" end-time="2024-06-07T14:39:00.4890620Z" duration="0.009173" asserts="2" />
                  <test-case id="1-1986" name="AreaDistributorTest_CanLayout(&quot;20x20: P14x14;S5x3 P-2x14;S1x4 P7x-3;S2x4 P2x4;S1x3&quot;)" fullname="PlayersWorlds.Maps.Areas.Evolving.AreaDistributorTest.AreaDistributorTest_CanLayout(&quot;20x20: P14x14;S5x3 P-2x14;S1x4 P7x-3;S2x4 P2x4;S1x3&quot;)" methodname="AreaDistributorTest_CanLayout" classname="PlayersWorlds.Maps.Areas.Evolving.AreaDistributorTest" runstate="Runnable" seed="934835959" result="Passed" start-time="2024-06-07T14:39:00.4890880Z" end-time="2024-06-07T14:39:00.5055310Z" duration="0.016442" asserts="2" />
                  <test-case id="1-1987" name="AreaDistributorTest_CanLayout(&quot;6x14: P0x10;S1x3&quot;)" fullname="PlayersWorlds.Maps.Areas.Evolving.AreaDistributorTest.AreaDistributorTest_CanLayout(&quot;6x14: P0x10;S1x3&quot;)" methodname="AreaDistributorTest_CanLayout" classname="PlayersWorlds.Maps.Areas.Evolving.AreaDistributorTest" runstate="Runnable" seed="854406806" result="Passed" start-time="2024-06-07T14:39:00.5055500Z" end-time="2024-06-07T14:39:00.5069600Z" duration="0.001410" asserts="2" />
                  <test-case id="1-1988" name="AreaDistributorTest_CanLayout(&quot;23x22: P11x10;S6x2 P-1x14;S5x1 P5x-3;S5x3 P11x22;S2x1&quot;)" fullname="PlayersWorlds.Maps.Areas.Evolving.AreaDistributorTest.AreaDistributorTest_CanLayout(&quot;23x22: P11x10;S6x2 P-1x14;S5x1 P5x-3;S5x3 P11x22;S2x1&quot;)" methodname="AreaDistributorTest_CanLayout" classname="PlayersWorlds.Maps.Areas.Evolving.AreaDistributorTest" runstate="Runnable" seed="1249958493" result="Passed" start-time="2024-06-07T14:39:00.5069810Z" end-time="2024-06-07T14:39:00.5259940Z" duration="0.019013" asserts="2" />
                  <test-case id="1-1989" name="AreaDistributorTest_CanLayout(&quot;18x23: P-3x-8;S5x5 P30x8;S3x6 P9x3;S4x4 P12x15;S1x3&quot;)" fullname="PlayersWorlds.Maps.Areas.Evolving.AreaDistributorTest.AreaDistributorTest_CanLayout(&quot;18x23: P-3x-8;S5x5 P30x8;S3x6 P9x3;S4x4 P12x15;S1x3&quot;)" methodname="AreaDistributorTest_CanLayout" classname="PlayersWorlds.Maps.Areas.Evolving.AreaDistributorTest" runstate="Runnable" seed="1163635219" result="Passed" start-time="2024-06-07T14:39:00.5260060Z" end-time="2024-06-07T14:39:00.5447290Z" duration="0.018724" asserts="2" />
                  <test-case id="1-1990" name="AreaDistributorTest_CanLayout(&quot;23x8: P4x7;S4x1 P2x-1;S1x1&quot;)" fullname="PlayersWorlds.Maps.Areas.Evolving.AreaDistributorTest.AreaDistributorTest_CanLayout(&quot;23x8: P4x7;S4x1 P2x-1;S1x1&quot;)" methodname="AreaDistributorTest_CanLayout" classname="PlayersWorlds.Maps.Areas.Evolving.AreaDistributorTest" runstate="Runnable" seed="1869097781" result="Passed" start-time="2024-06-07T14:39:00.5447410Z" end-time="2024-06-07T14:39:00.5501090Z" duration="0.005368" asserts="2" />
                  <test-case id="1-1991" name="AreaDistributorTest_CanLayout(&quot;21x13: P8x-3;S6x3 P8x4;S6x3 P7x2;S4x2&quot;)" fullname="PlayersWorlds.Maps.Areas.Evolving.AreaDistributorTest.AreaDistributorTest_CanLayout(&quot;21x13: P8x-3;S6x3 P8x4;S6x3 P7x2;S4x2&quot;)" methodname="AreaDistributorTest_CanLayout" classname="PlayersWorlds.Maps.Areas.Evolving.AreaDistributorTest" runstate="Runnable" seed="826283232" result="Passed" start-time="2024-06-07T14:39:00.5501200Z" end-time="2024-06-07T14:39:00.5553610Z" duration="0.005240" asserts="2" />
                  <test-case id="1-1992" name="AreaDistributorTest_CanLayout(&quot;16x14: P2x13;S3x1 P11x-1;S4x3&quot;)" fullname="PlayersWorlds.Maps.Areas.Evolving.AreaDistributorTest.AreaDistributorTest_CanLayout(&quot;16x14: P2x13;S3x1 P11x-1;S4x3&quot;)" methodname="AreaDistributorTest_CanLayout" classname="PlayersWorlds.Maps.Areas.Evolving.AreaDistributorTest" runstate="Runnable" seed="78253804" result="Passed" start-time="2024-06-07T14:39:00.5553720Z" end-time="2024-06-07T14:39:00.5584140Z" duration="0.003042" asserts="2" />
                  <test-case id="1-1993" name="AreaDistributorTest_CanLayout(&quot;24x12: P12x7;S2x1 P14x-1;S5x2 P16x11;S1x1&quot;)" fullname="PlayersWorlds.Maps.Areas.Evolving.AreaDistributorTest.AreaDistributorTest_CanLayout(&quot;24x12: P12x7;S2x1 P14x-1;S5x2 P16x11;S1x1&quot;)" methodname="AreaDistributorTest_CanLayout" classname="PlayersWorlds.Maps.Areas.Evolving.AreaDistributorTest" runstate="Runnable" seed="2132178368" result="Passed" start-time="2024-06-07T14:39:00.5584250Z" end-time="2024-06-07T14:39:00.5716380Z" duration="0.013214" asserts="2" />
                  <test-case id="1-1994" name="AreaDistributorTest_CanLayout(&quot;9x18: P2x10;S2x2 P2x8;S2x5&quot;)" fullname="PlayersWorlds.Maps.Areas.Evolving.AreaDistributorTest.AreaDistributorTest_CanLayout(&quot;9x18: P2x10;S2x2 P2x8;S2x5&quot;)" methodname="AreaDistributorTest_CanLayout" classname="PlayersWorlds.Maps.Areas.Evolving.AreaDistributorTest" runstate="Runnable" seed="1135471905" result="Passed" start-time="2024-06-07T14:39:00.5716500Z" end-time="2024-06-07T14:39:00.5740030Z" duration="0.002353" asserts="2" />
                  <test-case id="1-1995" name="AreaDistributorTest_CanLayout(&quot;9x18: P2x8;S2x5 P2x10;S2x2&quot;)" fullname="PlayersWorlds.Maps.Areas.Evolving.AreaDistributorTest.AreaDistributorTest_CanLayout(&quot;9x18: P2x8;S2x5 P2x10;S2x2&quot;)" methodname="AreaDistributorTest_CanLayout" classname="PlayersWorlds.Maps.Areas.Evolving.AreaDistributorTest" runstate="Runnable" seed="1620612684" result="Passed" start-time="2024-06-07T14:39:00.5740140Z" end-time="2024-06-07T14:39:00.5792660Z" duration="0.005252" asserts="2" />
                  <test-case id="1-1996" name="AreaDistributorTest_CanLayout(&quot;21x21: P-3x-3;S6x6 P6x10;S4x2 P9x16;S2x2 P3x14;S4x2&quot;)" fullname="PlayersWorlds.Maps.Areas.Evolving.AreaDistributorTest.AreaDistributorTest_CanLayout(&quot;21x21: P-3x-3;S6x6 P6x10;S4x2 P9x16;S2x2 P3x14;S4x2&quot;)" methodname="AreaDistributorTest_CanLayout" classname="PlayersWorlds.Maps.Areas.Evolving.AreaDistributorTest" runstate="Runnable" seed="465555305" result="Passed" start-time="2024-06-07T14:39:00.5792770Z" end-time="2024-06-07T14:39:00.5930920Z" duration="0.013815" asserts="2" />
                  <test-case id="1-1997" name="AreaDistributorTest_CanLayout(&quot;14x24: P-9x5;S2x7 P26x5;S1x7 P3x11;S3x7 P5x19;S3x2 P3x6;S2x5 P2x19;S2x2&quot;)" fullname="PlayersWorlds.Maps.Areas.Evolving.AreaDistributorTest.AreaDistributorTest_CanLayout(&quot;14x24: P-9x5;S2x7 P26x5;S1x7 P3x11;S3x7 P5x19;S3x2 P3x6;S2x5 P2x19;S2x2&quot;)" methodname="AreaDistributorTest_CanLayout" classname="PlayersWorlds.Maps.Areas.Evolving.AreaDistributorTest" runstate="Runnable" seed="1776112413" result="Passed" start-time="2024-06-07T14:39:00.5931030Z" end-time="2024-06-07T14:39:00.6639500Z" duration="0.070847" asserts="2" />
                  <test-case id="1-1998" name="AreaDistributorTest_CanLayout(&quot;33x10: P13x11;S10x1 P13x-1;S10x1 P19x3;S8x1 P4x6;S9x1 P9x3;S9x2 P2x3;S3x2&quot;)" fullname="PlayersWorlds.Maps.Areas.Evolving.AreaDistributorTest.AreaDistributorTest_CanLayout(&quot;33x10: P13x11;S10x1 P13x-1;S10x1 P19x3;S8x1 P4x6;S9x1 P9x3;S9x2 P2x3;S3x2&quot;)" methodname="AreaDistributorTest_CanLayout" classname="PlayersWorlds.Maps.Areas.Evolving.AreaDistributorTest" runstate="Runnable" seed="167673753" result="Passed" start-time="2024-06-07T14:39:00.6639610Z" end-time="2024-06-07T14:39:00.7360780Z" duration="0.072117" asserts="2" />
                  <test-case id="1-1999" name="AreaDistributorTest_CanLayout(&quot;6x49: P-1x5;S1x11 P5x17;S1x11 P2x23;S1x9 P2x14;S1x13 P0x12;S1x9&quot;)" fullname="PlayersWorlds.Maps.Areas.Evolving.AreaDistributorTest.AreaDistributorTest_CanLayout(&quot;6x49: P-1x5;S1x11 P5x17;S1x11 P2x23;S1x9 P2x14;S1x13 P0x12;S1x9&quot;)" methodname="AreaDistributorTest_CanLayout" classname="PlayersWorlds.Maps.Areas.Evolving.AreaDistributorTest" runstate="Runnable" seed="309704580" result="Passed" start-time="2024-06-07T14:39:00.7360900Z" end-time="2024-06-07T14:39:00.8097440Z" duration="0.073654" asserts="2" />
                  <test-case id="1-2000" name="AreaDistributorTest_CanLayout(&quot;35x5: P5x-1;S10x1 P23x4;S8x1 P4x2;S3x1 P12x2;S2x1&quot;)" fullname="PlayersWorlds.Maps.Areas.Evolving.AreaDistributorTest.AreaDistributorTest_CanLayout(&quot;35x5: P5x-1;S10x1 P23x4;S8x1 P4x2;S3x1 P12x2;S2x1&quot;)" methodname="AreaDistributorTest_CanLayout" classname="PlayersWorlds.Maps.Areas.Evolving.AreaDistributorTest" runstate="Runnable" seed="1649074372" result="Passed" start-time="2024-06-07T14:39:00.8097550Z" end-time="2024-06-07T14:39:00.8504770Z" duration="0.040722" asserts="2" />
                  <test-case id="1-2001" name="AreaDistributorTest_CanLayout(&quot;42x5: P4x5;S10x1 P30x1;S3x1 P10x1;S3x1 P2x2;S1x1&quot;)" fullname="PlayersWorlds.Maps.Areas.Evolving.AreaDistributorTest.AreaDistributorTest_CanLayout(&quot;42x5: P4x5;S10x1 P30x1;S3x1 P10x1;S3x1 P2x2;S1x1&quot;)" methodname="AreaDistributorTest_CanLayout" classname="PlayersWorlds.Maps.Areas.Evolving.AreaDistributorTest" runstate="Runnable" seed="190933149" result="Passed" start-time="2024-06-07T14:39:00.8504890Z" end-time="2024-06-07T14:39:00.8740250Z" duration="0.023536" asserts="2" />
                  <test-case id="1-2002" name="AreaDistributorTest_CanLayout(&quot;39x5: P14x5;S10x1 P5x-1;S9x1 P2x2;S1x1 P10x4;S8x1&quot;)" fullname="PlayersWorlds.Maps.Areas.Evolving.AreaDistributorTest.AreaDistributorTest_CanLayout(&quot;39x5: P14x5;S10x1 P5x-1;S9x1 P2x2;S1x1 P10x4;S8x1&quot;)" methodname="AreaDistributorTest_CanLayout" classname="PlayersWorlds.Maps.Areas.Evolving.AreaDistributorTest" runstate="Runnable" seed="1636784502" result="Passed" start-time="2024-06-07T14:39:00.8740370Z" end-time="2024-06-07T14:39:00.8975410Z" duration="0.023504" asserts="2" />
                  <test-case id="1-2003" name="AreaDistributorTest_CanLayout(&quot;6x47: P6x12;S1x12 P3x13;S1x5 P3x18;S1x4 P3x38;S1x6 P2x2;S1x2&quot;)" fullname="PlayersWorlds.Maps.Areas.Evolving.AreaDistributorTest.AreaDistributorTest_CanLayout(&quot;6x47: P6x12;S1x12 P3x13;S1x5 P3x18;S1x4 P3x38;S1x6 P2x2;S1x2&quot;)" methodname="AreaDistributorTest_CanLayout" classname="PlayersWorlds.Maps.Areas.Evolving.AreaDistributorTest" runstate="Runnable" seed="1379294140" result="Passed" start-time="2024-06-07T14:39:00.8975520Z" end-time="2024-06-07T14:39:00.9555210Z" duration="0.057969" asserts="2" />
                  <test-case id="1-2004" name="AreaDistributorTest_CanLayout(&quot;6x47: P-1x28;S1x11 P6x11;S1x11 P6x6;S1x11 P-1x6;S1x11 P1x35;S1x5&quot;)" fullname="PlayersWorlds.Maps.Areas.Evolving.AreaDistributorTest.AreaDistributorTest_CanLayout(&quot;6x47: P-1x28;S1x11 P6x11;S1x11 P6x6;S1x11 P-1x6;S1x11 P1x35;S1x5&quot;)" methodname="AreaDistributorTest_CanLayout" classname="PlayersWorlds.Maps.Areas.Evolving.AreaDistributorTest" runstate="Runnable" seed="155026993" result="Passed" start-time="2024-06-07T14:39:00.9555330Z" end-time="2024-06-07T14:39:01.0001080Z" duration="0.044575" asserts="2" />
                  <test-case id="1-2005" name="AreaDistributorTest_CanLayout(&quot;6x47: P7x10;S1x14 P2x41;S1x3 P3x4;S1x3 P3x10;S1x4 P0x25;S1x9&quot;)" fullname="PlayersWorlds.Maps.Areas.Evolving.AreaDistributorTest.AreaDistributorTest_CanLayout(&quot;6x47: P7x10;S1x14 P2x41;S1x3 P3x4;S1x3 P3x10;S1x4 P0x25;S1x9&quot;)" methodname="AreaDistributorTest_CanLayout" classname="PlayersWorlds.Maps.Areas.Evolving.AreaDistributorTest" runstate="Runnable" seed="1218035414" result="Passed" start-time="2024-06-07T14:39:01.0001190Z" end-time="2024-06-07T14:39:01.0726560Z" duration="0.072536" asserts="2" />
                  <test-case id="1-2006" name="AreaDistributorTest_CanLayout(&quot;5x45: P-1x5;S1x10 P-2x21;S1x12 P7x17;S1x14 P2x40;S1x1 P1x29;S1x4&quot;)" fullname="PlayersWorlds.Maps.Areas.Evolving.AreaDistributorTest.AreaDistributorTest_CanLayout(&quot;5x45: P-1x5;S1x10 P-2x21;S1x12 P7x17;S1x14 P2x40;S1x1 P1x29;S1x4&quot;)" methodname="AreaDistributorTest_CanLayout" classname="PlayersWorlds.Maps.Areas.Evolving.AreaDistributorTest" runstate="Runnable" seed="470543933" result="Passed" start-time="2024-06-07T14:39:01.0726680Z" end-time="2024-06-07T14:39:01.1377520Z" duration="0.065084" asserts="2" />
                  <test-case id="1-2007" name="AreaDistributorTest_CanLayout(&quot;46x5: P4x-1;S10x1 P29x0;S7x1 P29x2;S2x1 P32x2;S10x1 P17x0;S5x1&quot;)" fullname="PlayersWorlds.Maps.Areas.Evolving.AreaDistributorTest.AreaDistributorTest_CanLayout(&quot;46x5: P4x-1;S10x1 P29x0;S7x1 P29x2;S2x1 P32x2;S10x1 P17x0;S5x1&quot;)" methodname="AreaDistributorTest_CanLayout" classname="PlayersWorlds.Maps.Areas.Evolving.AreaDistributorTest" runstate="Runnable" seed="1478484831" result="Passed" start-time="2024-06-07T14:39:01.1377630Z" end-time="2024-06-07T14:39:01.1884100Z" duration="0.050647" asserts="2" />
                  <test-case id="1-2008" name="AreaDistributorTest_CanLayout(&quot;6x48: P-2x28;S1x14 P6x6;S1x12 P3x22;S1x2 P1x14;S1x7 P2x23;S1x12&quot;)" fullname="PlayersWorlds.Maps.Areas.Evolving.AreaDistributorTest.AreaDistributorTest_CanLayout(&quot;6x48: P-2x28;S1x14 P6x6;S1x12 P3x22;S1x2 P1x14;S1x7 P2x23;S1x12&quot;)" methodname="AreaDistributorTest_CanLayout" classname="PlayersWorlds.Maps.Areas.Evolving.AreaDistributorTest" runstate="Runnable" seed="886366804" result="Passed" start-time="2024-06-07T14:39:01.1884220Z" end-time="2024-06-07T14:39:01.2401840Z" duration="0.051762" asserts="2" />
                  <test-case id="1-2009" name="AreaDistributorTest_CanLayout(&quot;47x5: P30x-3;S13x1 P24x-2;S11x1 P17x7;S14x1 P27x2;S2x1 P4x1;S4x1&quot;)" fullname="PlayersWorlds.Maps.Areas.Evolving.AreaDistributorTest.AreaDistributorTest_CanLayout(&quot;47x5: P30x-3;S13x1 P24x-2;S11x1 P17x7;S14x1 P27x2;S2x1 P4x1;S4x1&quot;)" methodname="AreaDistributorTest_CanLayout" classname="PlayersWorlds.Maps.Areas.Evolving.AreaDistributorTest" runstate="Runnable" seed="1547755515" result="Passed" start-time="2024-06-07T14:39:01.2401960Z" end-time="2024-06-07T14:39:01.3125800Z" duration="0.072384" asserts="2" />
                  <test-case id="1-2010" name="AreaDistributorTest_CanLayout(&quot;5x45: P-2x13;S1x10 P-2x7;S1x12 P2x3;S1x2 P0x3;S1x8 P2x10;S1x1&quot;)" fullname="PlayersWorlds.Maps.Areas.Evolving.AreaDistributorTest.AreaDistributorTest_CanLayout(&quot;5x45: P-2x13;S1x10 P-2x7;S1x12 P2x3;S1x2 P0x3;S1x8 P2x10;S1x1&quot;)" methodname="AreaDistributorTest_CanLayout" classname="PlayersWorlds.Maps.Areas.Evolving.AreaDistributorTest" runstate="Runnable" seed="37005978" result="Passed" start-time="2024-06-07T14:39:01.3125920Z" end-time="2024-06-07T14:39:01.3688330Z" duration="0.056241" asserts="2" />
                  <test-case id="1-2011" name="AreaDistributorTest_CanLayout(&quot;5x47: P7x28;S1x13 P6x15;S1x11 P1x2;S1x3 P2x40;S1x2 P2x43;S1x1&quot;)" fullname="PlayersWorlds.Maps.Areas.Evolving.AreaDistributorTest.AreaDistributorTest_CanLayout(&quot;5x47: P7x28;S1x13 P6x15;S1x11 P1x2;S1x3 P2x40;S1x2 P2x43;S1x1&quot;)" methodname="AreaDistributorTest_CanLayout" classname="PlayersWorlds.Maps.Areas.Evolving.AreaDistributorTest" runstate="Runnable" seed="1604428272" result="Passed" start-time="2024-06-07T14:39:01.3688450Z" end-time="2024-06-07T14:39:01.4246960Z" duration="0.055851" asserts="2" />
                  <test-case id="1-2012" name="AreaDistributorTest_CanLayout(&quot;5x36: P-2x21;S1x11 P2x12;S1x1 P2x15;S1x2 P2x8;S1x3&quot;)" fullname="PlayersWorlds.Maps.Areas.Evolving.AreaDistributorTest.AreaDistributorTest_CanLayout(&quot;5x36: P-2x21;S1x11 P2x12;S1x1 P2x15;S1x2 P2x8;S1x3&quot;)" methodname="AreaDistributorTest_CanLayout" classname="PlayersWorlds.Maps.Areas.Evolving.AreaDistributorTest" runstate="Runnable" seed="118423991" result="Passed" start-time="2024-06-07T14:39:01.4247080Z" end-time="2024-06-07T14:39:01.4522180Z" duration="0.027510" asserts="2" />
                  <test-case id="1-2013" name="AreaDistributorTest_CanLayout(&quot;6x39: P-1x20;S1x11 P3x19;S1x2 P2x11;S1x11 P2x20;S1x5 P3x10;S1x5&quot;)" fullname="PlayersWorlds.Maps.Areas.Evolving.AreaDistributorTest.AreaDistributorTest_CanLayout(&quot;6x39: P-1x20;S1x11 P3x19;S1x2 P2x11;S1x11 P2x20;S1x5 P3x10;S1x5&quot;)" methodname="AreaDistributorTest_CanLayout" classname="PlayersWorlds.Maps.Areas.Evolving.AreaDistributorTest" runstate="Runnable" seed="221054823" result="Passed" start-time="2024-06-07T14:39:01.4522300Z" end-time="2024-06-07T14:39:01.4815650Z" duration="0.029335" asserts="2" />
                  <test-case id="1-2014" name="AreaDistributorTest_CanLayout(&quot;44x6: P23x-2;S13x1 P7x-2;S13x1 P6x2;S8x1 P37x3;S2x1 P29x2;S10x1&quot;)" fullname="PlayersWorlds.Maps.Areas.Evolving.AreaDistributorTest.AreaDistributorTest_CanLayout(&quot;44x6: P23x-2;S13x1 P7x-2;S13x1 P6x2;S8x1 P37x3;S2x1 P29x2;S10x1&quot;)" methodname="AreaDistributorTest_CanLayout" classname="PlayersWorlds.Maps.Areas.Evolving.AreaDistributorTest" runstate="Runnable" seed="1787956750" result="Passed" start-time="2024-06-07T14:39:01.4815770Z" end-time="2024-06-07T14:39:01.5264610Z" duration="0.044884" asserts="2" />
                  <test-case id="1-2015" name="AreaDistributorTest_CanLayout(&quot;6x42: P-1x6;S1x11 P-2x21;S1x13 P3x36;S1x3 P5x7;S1x9 P0x27;S1x10&quot;)" fullname="PlayersWorlds.Maps.Areas.Evolving.AreaDistributorTest.AreaDistributorTest_CanLayout(&quot;6x42: P-1x6;S1x11 P-2x21;S1x13 P3x36;S1x3 P5x7;S1x9 P0x27;S1x10&quot;)" methodname="AreaDistributorTest_CanLayout" classname="PlayersWorlds.Maps.Areas.Evolving.AreaDistributorTest" runstate="Runnable" seed="1764359864" result="Passed" start-time="2024-06-07T14:39:01.5264740Z" end-time="2024-06-07T14:39:01.5997340Z" duration="0.073261" asserts="2" />
                  <test-case id="1-2016" name="AreaDistributorTest_CanLayout(&quot;40x5: P8x6;S12x1 P24x-1;S9x1 P3x0;S8x1 P23x2;S2x1&quot;)" fullname="PlayersWorlds.Maps.Areas.Evolving.AreaDistributorTest.AreaDistributorTest_CanLayout(&quot;40x5: P8x6;S12x1 P24x-1;S9x1 P3x0;S8x1 P23x2;S2x1&quot;)" methodname="AreaDistributorTest_CanLayout" classname="PlayersWorlds.Maps.Areas.Evolving.AreaDistributorTest" runstate="Runnable" seed="146174738" result="Passed" start-time="2024-06-07T14:39:01.5997470Z" end-time="2024-06-07T14:39:01.6277530Z" duration="0.028006" asserts="2" />
                  <test-case id="1-2017" name="AreaDistributorTest_CanLayout(&quot;47x7: P19x7;S14x1 P9x2;S8x1 P7x4;S8x1 P14x2;S4x1 P28x5;S10x1 P35x3;S2x1&quot;)" fullname="PlayersWorlds.Maps.Areas.Evolving.AreaDistributorTest.AreaDistributorTest_CanLayout(&quot;47x7: P19x7;S14x1 P9x2;S8x1 P7x4;S8x1 P14x2;S4x1 P28x5;S10x1 P35x3;S2x1&quot;)" methodname="AreaDistributorTest_CanLayout" classname="PlayersWorlds.Maps.Areas.Evolving.AreaDistributorTest" runstate="Runnable" seed="860731589" result="Passed" start-time="2024-06-07T14:39:01.6277640Z" end-time="2024-06-07T14:39:01.7324810Z" duration="0.104717" asserts="2" />
                  <test-case id="1-2018" name="AreaDistributorTest_CanLayout(&quot;48x6: P32x-1;S11x1 P9x7;S14x1 P5x7;S13x1 P27x2;S15x1 P5x3;S3x1&quot;)" fullname="PlayersWorlds.Maps.Areas.Evolving.AreaDistributorTest.AreaDistributorTest_CanLayout(&quot;48x6: P32x-1;S11x1 P9x7;S14x1 P5x7;S13x1 P27x2;S15x1 P5x3;S3x1&quot;)" methodname="AreaDistributorTest_CanLayout" classname="PlayersWorlds.Maps.Areas.Evolving.AreaDistributorTest" runstate="Runnable" seed="1046389937" result="Passed" start-time="2024-06-07T14:39:01.7324950Z" end-time="2024-06-07T14:39:01.8060370Z" duration="0.073542" asserts="2" />
                  <test-case id="1-2019" name="AreaDistributorTest_CanLayout(&quot;46x6: P20x-2;S13x1 P10x7;S14x1 P22x2;S4x1 P35x3;S6x1 P17x3;S7x1&quot;)" fullname="PlayersWorlds.Maps.Areas.Evolving.AreaDistributorTest.AreaDistributorTest_CanLayout(&quot;46x6: P20x-2;S13x1 P10x7;S14x1 P22x2;S4x1 P35x3;S6x1 P17x3;S7x1&quot;)" methodname="AreaDistributorTest_CanLayout" classname="PlayersWorlds.Maps.Areas.Evolving.AreaDistributorTest" runstate="Runnable" seed="1373923467" result="Passed" start-time="2024-06-07T14:39:01.8060500Z" end-time="2024-06-07T14:39:01.8503440Z" duration="0.044294" asserts="2" />
                  <test-case id="1-2020" name="AreaDistributorTest_CanLayout(&quot;6x39: P-1x10;S1x11 P0x3;S1x7 P0x11;S1x10 P2x20;S1x7 P3x26;S1x6&quot;)" fullname="PlayersWorlds.Maps.Areas.Evolving.AreaDistributorTest.AreaDistributorTest_CanLayout(&quot;6x39: P-1x10;S1x11 P0x3;S1x7 P0x11;S1x10 P2x20;S1x7 P3x26;S1x6&quot;)" methodname="AreaDistributorTest_CanLayout" classname="PlayersWorlds.Maps.Areas.Evolving.AreaDistributorTest" runstate="Runnable" seed="202959665" result="Passed" start-time="2024-06-07T14:39:01.8503560Z" end-time="2024-06-07T14:39:01.9082390Z" duration="0.057883" asserts="2" />
                  <test-case id="1-2021" name="AreaDistributorTest_CanLayout(&quot;43x42: P3.20x34.43;S6.00x7.00 P10.77x25.44;S9.00x11.00&quot;)" fullname="PlayersWorlds.Maps.Areas.Evolving.AreaDistributorTest.AreaDistributorTest_CanLayout(&quot;43x42: P3.20x34.43;S6.00x7.00 P10.77x25.44;S9.00x11.00&quot;)" methodname="AreaDistributorTest_CanLayout" classname="PlayersWorlds.Maps.Areas.Evolving.AreaDistributorTest" runstate="Runnable" seed="1214687529" result="Passed" start-time="2024-06-07T14:39:01.9082510Z" end-time="2024-06-07T14:39:01.9122920Z" duration="0.004041" asserts="2" />
                  <test-case id="1-2022" name="AreaDistributorTest_CanLayout(&quot;43x42: P35x26;S2x11 P34x35;S12x2&quot;)" fullname="PlayersWorlds.Maps.Areas.Evolving.AreaDistributorTest.AreaDistributorTest_CanLayout(&quot;43x42: P35x26;S2x11 P34x35;S12x2&quot;)" methodname="AreaDistributorTest_CanLayout" classname="PlayersWorlds.Maps.Areas.Evolving.AreaDistributorTest" runstate="Runnable" seed="1087965325" result="Passed" start-time="2024-06-07T14:39:01.9123030Z" end-time="2024-06-07T14:39:01.9155430Z" duration="0.003240" asserts="2" />
                  <test-case id="1-2023" name="AreaDistributorTest_CanLayout(&quot;43x42: P32x32;S4x4 P34x34;S2x2&quot;)" fullname="PlayersWorlds.Maps.Areas.Evolving.AreaDistributorTest.AreaDistributorTest_CanLayout(&quot;43x42: P32x32;S4x4 P34x34;S2x2&quot;)" methodname="AreaDistributorTest_CanLayout" classname="PlayersWorlds.Maps.Areas.Evolving.AreaDistributorTest" runstate="Runnable" seed="1454951094" result="Passed" start-time="2024-06-07T14:39:01.9155550Z" end-time="2024-06-07T14:39:01.9196290Z" duration="0.004075" asserts="2" />
                  <test-case id="1-2024" name="AreaDistributorTest_CanLayout(&quot;43x42: P32x32;S4x4 P34x34;S4x2&quot;)" fullname="PlayersWorlds.Maps.Areas.Evolving.AreaDistributorTest.AreaDistributorTest_CanLayout(&quot;43x42: P32x32;S4x4 P34x34;S4x2&quot;)" methodname="AreaDistributorTest_CanLayout" classname="PlayersWorlds.Maps.Areas.Evolving.AreaDistributorTest" runstate="Runnable" seed="1988153856" result="Passed" start-time="2024-06-07T14:39:01.9196410Z" end-time="2024-06-07T14:39:01.9225850Z" duration="0.002944" asserts="2" />
                  <test-case id="1-2025" name="AreaDistributorTest_CanLayout(&quot;43x42: P32x26;S4x10 P34x34;S4x2&quot;)" fullname="PlayersWorlds.Maps.Areas.Evolving.AreaDistributorTest.AreaDistributorTest_CanLayout(&quot;43x42: P32x26;S4x10 P34x34;S4x2&quot;)" methodname="AreaDistributorTest_CanLayout" classname="PlayersWorlds.Maps.Areas.Evolving.AreaDistributorTest" runstate="Runnable" seed="295723610" result="Passed" start-time="2024-06-07T14:39:01.9225960Z" end-time="2024-06-07T14:39:01.9279350Z" duration="0.005339" asserts="2" />
                  <test-case id="1-2026" name="AreaDistributorTest_CanLayout(&quot;43x42: P30x26;S2x11 P29x35;S12x2&quot;)" fullname="PlayersWorlds.Maps.Areas.Evolving.AreaDistributorTest.AreaDistributorTest_CanLayout(&quot;43x42: P30x26;S2x11 P29x35;S12x2&quot;)" methodname="AreaDistributorTest_CanLayout" classname="PlayersWorlds.Maps.Areas.Evolving.AreaDistributorTest" runstate="Runnable" seed="370588031" result="Passed" start-time="2024-06-07T14:39:01.9279460Z" end-time="2024-06-07T14:39:01.9311510Z" duration="0.003205" asserts="2" />
                  <test-case id="1-2027" name="AreaDistributorTest_CanLayout(&quot;49x26: P37.95x4.74;S12.00x2.00 P0.62x11.59;S4.00x1.00 P20.55x10.45;S7.00x7.00 P19.55x3.18;S8.00x6.00 P29.30x-0.27;S12.00x4.00 P17.11x22.28;S15.00x3.00 P9.50x0.67;S9.00x2.00 P32.27x17.54;S3.00x5.00 P0.57x21.40;S7.00x4.00 P35.67x10.30;S13.00x7.00 P6.23x9.47;S10.00x7.00&quot;)" fullname="PlayersWorlds.Maps.Areas.Evolving.AreaDistributorTest.AreaDistributorTest_CanLayout(&quot;49x26: P37.95x4.74;S12.00x2.00 P0.62x11.59;S4.00x1.00 P20.55x10.45;S7.00x7.00 P19.55x3.18;S8.00x6.00 P29.30x-0.27;S12.00x4.00 P17.11x22.28;S15.00x3.00 P9.50x0.67;S9.00x2.00 P32.27x17.54;S3.00x5.00 P0.57x21.40;S7.00x4.00 P35.67x10.30;S13.00x7.00 P6.23x9.47;S10.00x7.00&quot;)" methodname="AreaDistributorTest_CanLayout" classname="PlayersWorlds.Maps.Areas.Evolving.AreaDistributorTest" runstate="Runnable" seed="901960648" result="Passed" start-time="2024-06-07T14:39:01.9311630Z" end-time="2024-06-07T14:39:02.2720950Z" duration="0.340933" asserts="2" />
                  <test-case id="1-2028" name="AreaDistributorTest_CanLayout(&quot;26x29: P10.00x15.00;S7.00x3.00 P20.00x0.00;S5.00x6.00 P17.00x5.00;S7.00x7.00 P5.00x4.00;S6.00x4.00 P21.00x18.00;S4.00x2.00 P20.00x8.00;S3.00x8.00 P10.00x11.00;S4.00x5.00 P0.00x5.00;S1.00x8.00 P21.00x9.00;S3.00x6.00&quot;)" fullname="PlayersWorlds.Maps.Areas.Evolving.AreaDistributorTest.AreaDistributorTest_CanLayout(&quot;26x29: P10.00x15.00;S7.00x3.00 P20.00x0.00;S5.00x6.00 P17.00x5.00;S7.00x7.00 P5.00x4.00;S6.00x4.00 P21.00x18.00;S4.00x2.00 P20.00x8.00;S3.00x8.00 P10.00x11.00;S4.00x5.00 P0.00x5.00;S1.00x8.00 P21.00x9.00;S3.00x6.00&quot;)" methodname="AreaDistributorTest_CanLayout" classname="PlayersWorlds.Maps.Areas.Evolving.AreaDistributorTest" runstate="Runnable" seed="4809805" result="Passed" start-time="2024-06-07T14:39:02.2721130Z" end-time="2024-06-07T14:39:02.3635570Z" duration="0.091444" asserts="2" />
                  <test-case id="1-2029" name="AreaDistributorTest_CanLayout(&quot;8x45: P2.00x9.00;S1.00x6.00 P2.00x22.00;S1.00x8.00 P5.00x32.00;S1.00x10.00 P6.00x14.00;S1.00x9.00 P4.00x3.00;S1.00x14.00 P2.00x36.00;S1.00x8.00&quot;)" fullname="PlayersWorlds.Maps.Areas.Evolving.AreaDistributorTest.AreaDistributorTest_CanLayout(&quot;8x45: P2.00x9.00;S1.00x6.00 P2.00x22.00;S1.00x8.00 P5.00x32.00;S1.00x10.00 P6.00x14.00;S1.00x9.00 P4.00x3.00;S1.00x14.00 P2.00x36.00;S1.00x8.00&quot;)" methodname="AreaDistributorTest_CanLayout" classname="PlayersWorlds.Maps.Areas.Evolving.AreaDistributorTest" runstate="Runnable" seed="122539875" result="Passed" start-time="2024-06-07T14:39:02.3635710Z" end-time="2024-06-07T14:39:02.4666900Z" duration="0.103119" asserts="2" />
                  <test-case id="1-2030" name="AreaDistributorTest_CanLayout(&quot;31x47: P2.00x15.00;S9.00x1.00 P3.00x11.00;S5.00x4.00 P2.00x11.00;S5.00x7.00 P13.00x14.00;S5.00x10.00 P8.00x37.00;S2.00x9.00 P27.00x19.00;S3.00x8.00 P20.00x12.00;S7.00x7.00 P4.00x13.00;S4.00x2.00 P20.00x31.00;S6.00x2.00 P9.00x3.00;S9.00x3.00 P6.00x34.00;S6.00x1.00 P23.00x6.00;S5.00x2.00&quot;)" fullname="PlayersWorlds.Maps.Areas.Evolving.AreaDistributorTest.AreaDistributorTest_CanLayout(&quot;31x47: P2.00x15.00;S9.00x1.00 P3.00x11.00;S5.00x4.00 P2.00x11.00;S5.00x7.00 P13.00x14.00;S5.00x10.00 P8.00x37.00;S2.00x9.00 P27.00x19.00;S3.00x8.00 P20.00x12.00;S7.00x7.00 P4.00x13.00;S4.00x2.00 P20.00x31.00;S6.00x2.00 P9.00x3.00;S9.00x3.00 P6.00x34.00;S6.00x1.00 P23.00x6.00;S5.00x2.00&quot;)" methodname="AreaDistributorTest_CanLayout" classname="PlayersWorlds.Maps.Areas.Evolving.AreaDistributorTest" runstate="Runnable" seed="1403975366" result="Passed" start-time="2024-06-07T14:39:02.4667040Z" end-time="2024-06-07T14:39:02.7080240Z" duration="0.241319" asserts="2" />
                  <test-case id="1-2031" name="AreaDistributorTest_CanLayout(&quot;7x47: P4.00x40.00;S1.00x5.00 P0.00x12.00;S1.00x7.00 P1.00x9.00;S1.00x3.00 P5.00x0.00;S1.00x14.00 P2.00x37.00;S1.00x9.00 P0.00x29.00;S1.00x6.00&quot;)" fullname="PlayersWorlds.Maps.Areas.Evolving.AreaDistributorTest.AreaDistributorTest_CanLayout(&quot;7x47: P4.00x40.00;S1.00x5.00 P0.00x12.00;S1.00x7.00 P1.00x9.00;S1.00x3.00 P5.00x0.00;S1.00x14.00 P2.00x37.00;S1.00x9.00 P0.00x29.00;S1.00x6.00&quot;)" methodname="AreaDistributorTest_CanLayout" classname="PlayersWorlds.Maps.Areas.Evolving.AreaDistributorTest" runstate="Runnable" seed="1858616659" result="Passed" start-time="2024-06-07T14:39:02.7080450Z" end-time="2024-06-07T14:39:02.8111560Z" duration="0.103111" asserts="2" />
                  <test-case id="1-2032" name="AreaDistributorTest_CanLayout(&quot;48x38: P8x15;S1x3 P45x11;S2x7 P6x8;S1x3 P4x7;S10x11 P4x9;S2x8 P26x13;S1x10 P18x13;S10x7 P35x22;S10x5 P31x10;S5x9 P32x10;S13x6 P22x22;S14x6 P26x1;S3x3 P28x14;S13x10 P24x4;S12x8&quot;)" fullname="PlayersWorlds.Maps.Areas.Evolving.AreaDistributorTest.AreaDistributorTest_CanLayout(&quot;48x38: P8x15;S1x3 P45x11;S2x7 P6x8;S1x3 P4x7;S10x11 P4x9;S2x8 P26x13;S1x10 P18x13;S10x7 P35x22;S10x5 P31x10;S5x9 P32x10;S13x6 P22x22;S14x6 P26x1;S3x3 P28x14;S13x10 P24x4;S12x8&quot;)" methodname="AreaDistributorTest_CanLayout" classname="PlayersWorlds.Maps.Areas.Evolving.AreaDistributorTest" runstate="Runnable" seed="945044835" result="Passed" start-time="2024-06-07T14:39:02.8111690Z" end-time="2024-06-07T14:39:03.3666530Z" duration="0.555484" asserts="2" />
                  <test-case id="1-2033" name="AreaDistributorTest_CanLayout(&quot;31x32: P24.45x15.67;S8.00x7.00 P14.09x8.51;S1.00x6.00 P16.22x5.85;S9.00x9.00 P18.23x27.41;S1.00x4.00 P13.75x0.80;S3.00x3.00 P8.52x18.43;S4.00x7.00 P1.71x14.65;S9.00x6.00 P0.38x4.06;S7.00x7.00 P25.06x24.29;S5.00x7.00 P11.40x19.76;S6.00x9.00&quot;)" fullname="PlayersWorlds.Maps.Areas.Evolving.AreaDistributorTest.AreaDistributorTest_CanLayout(&quot;31x32: P24.45x15.67;S8.00x7.00 P14.09x8.51;S1.00x6.00 P16.22x5.85;S9.00x9.00 P18.23x27.41;S1.00x4.00 P13.75x0.80;S3.00x3.00 P8.52x18.43;S4.00x7.00 P1.71x14.65;S9.00x6.00 P0.38x4.06;S7.00x7.00 P25.06x24.29;S5.00x7.00 P11.40x19.76;S6.00x9.00&quot;)" methodname="AreaDistributorTest_CanLayout" classname="PlayersWorlds.Maps.Areas.Evolving.AreaDistributorTest" runstate="Runnable" seed="358592785" result="Passed" start-time="2024-06-07T14:39:03.3666670Z" end-time="2024-06-07T14:39:03.6452070Z" duration="0.278541" asserts="2" />
                  <test-case id="1-2034" name="AreaDistributorTest_CanLayout(&quot;45x43: P38.00x15.09;S8.00x10.00 P0.42x0.08;S10.00x4.00 P17.64x33.27;S8.00x2.00 P-0.03x22.54;S1.00x12.00 P17.50x0.62;S12.00x7.00 P23.05x19.66;S14.00x7.00 P21.76x17.00;S1.00x7.00 P11.34x8.71;S8.00x9.00 P9.60x23.72;S12.00x7.00 P0.45x8.22;S8.00x5.00 P0.65x19.15;S12.00x3.00 P19.87x38.89;S7.00x2.00 P33.99x38.13;S10.00x4.00 P34.00x0.58;S11.00x12.00&quot;)" fullname="PlayersWorlds.Maps.Areas.Evolving.AreaDistributorTest.AreaDistributorTest_CanLayout(&quot;45x43: P38.00x15.09;S8.00x10.00 P0.42x0.08;S10.00x4.00 P17.64x33.27;S8.00x2.00 P-0.03x22.54;S1.00x12.00 P17.50x0.62;S12.00x7.00 P23.05x19.66;S14.00x7.00 P21.76x17.00;S1.00x7.00 P11.34x8.71;S8.00x9.00 P9.60x23.72;S12.00x7.00 P0.45x8.22;S8.00x5.00 P0.65x19.15;S12.00x3.00 P19.87x38.89;S7.00x2.00 P33.99x38.13;S10.00x4.00 P34.00x0.58;S11.00x12.00&quot;)" methodname="AreaDistributorTest_CanLayout" classname="PlayersWorlds.Maps.Areas.Evolving.AreaDistributorTest" runstate="Runnable" seed="25854513" result="Passed" start-time="2024-06-07T14:39:03.6452290Z" end-time="2024-06-07T14:39:04.2067990Z" duration="0.561569" asserts="2" />
                  <test-case id="1-2035" name="AreaDistributorTest_CanLayout(&quot;49x10: P4.00x1.00;S13.00x7.00 P8.00x1.00;S10.00x7.00&quot;)" fullname="PlayersWorlds.Maps.Areas.Evolving.AreaDistributorTest.AreaDistributorTest_CanLayout(&quot;49x10: P4.00x1.00;S13.00x7.00 P8.00x1.00;S10.00x7.00&quot;)" methodname="AreaDistributorTest_CanLayout" classname="PlayersWorlds.Maps.Areas.Evolving.AreaDistributorTest" runstate="Runnable" seed="2117752548" result="Passed" start-time="2024-06-07T14:39:04.2068130Z" end-time="2024-06-07T14:39:04.2096470Z" duration="0.002834" asserts="2" />
                  <test-case id="1-2036" name="AreaDistributorTest_CanLayout(&quot;49x16: P2x7;S12x4 P7x-1;S11x3 P19x4;S13x4 P27x11;S15x4 P17x10;S3x4 P14x3;S13x4 P24x9;S6x4 P1x13;S14x2 P9x4;S4x3&quot;)" fullname="PlayersWorlds.Maps.Areas.Evolving.AreaDistributorTest.AreaDistributorTest_CanLayout(&quot;49x16: P2x7;S12x4 P7x-1;S11x3 P19x4;S13x4 P27x11;S15x4 P17x10;S3x4 P14x3;S13x4 P24x9;S6x4 P1x13;S14x2 P9x4;S4x3&quot;)" methodname="AreaDistributorTest_CanLayout" classname="PlayersWorlds.Maps.Areas.Evolving.AreaDistributorTest" runstate="Runnable" seed="1956555437" result="Failed" start-time="2024-06-07T14:39:04.2096590Z" end-time="2024-06-07T14:39:04.4436060Z" duration="0.233947" asserts="2">
                    <failure>
                      <message><![CDATA[  Overlapping: P36x3;S12x4 (Random(209)), P26x2;S11x3 (Random(209)), P1x2;S15x4 (Random(209)), P15x5;S13x4 (Random(209))
Assert.That(, )
  Expected: <empty>
  But was:  < <Area:{12x4;36x3;False;Maze;;[Cell:{0x0;;},Cell:{1x0;;},Cell:{2x0;;},Cell:{3x0;;},Cell:{4x0;;},Cell:{5x0;;},Cell:{6x0;;},Cell:{7x0;;},Cell:{8x0;;},Cell:{9x0;;},Cell:{10x0;;},Cell:{11x0;;},Cell:{0x1;;},Cell:{1x1;;},Cell:{2x1;;},Cell:{3x1;;},Cell:{4x1;;},Cell:{5x1;;},Cell:{6x1;;},Cell:{7x1;;},Cell:{8x1;;},Cell:{9x1;;},Cell:{10x1;;},Cell:{11x1;;},Cell:{0x2;;},Cell:{1x2;;},Cell:{2x2;;},Cell:{3x2;;},Cell:{4x2;;},Cell:{5x2;;},Cell:{6x2;;},Cell:{7x2;;},Cell:{8x2;;},Cell:{9x2;;},Cell:{10x2;;},Cell:{11x2;;},Cell:{0x3;;},Cell:{1x3;;},Cell:{2x3;;},Cell:{3x3;;},Cell:{4x3;;},Cell:{5x3;;},Cell:{6x3;;},Cell:{7x3;;},Cell:{8x3;;},Cell:{9x3;;},Cell:{10x3;;},Cell:{11x3;;}];}>, <Area:{11x3;26x2;False;Maze;;[Cell:{0x0;;},Cell:{1x0;;},Cell:{2x0;;},Cell:{3x0;;},Cell:{4x0;;},Cell:{5x0;;},Cell:{6x0;;},Cell:{7x0;;},Cell:{8x0;;},Cell:{9x0;;},Cell:{10x0;;},Cell:{0x1;;},Cell:{1x1;;},Cell:{2x1;;},Cell:{3x1;;},Cell:{4x1;;},Cell:{5x1;;},Cell:{6x1;;},Cell:{7x1;;},Cell:{8x1;;},Cell:{9x1;;},Cell:{10x1;;},Cell:{0x2;;},Cell:{1x2;;},Cell:{2x2;;},Cell:{3x2;;},Cell:{4x2;;},Cell:{5x2;;},Cell:{6x2;;},Cell:{7x2;;},Cell:{8x2;;},Cell:{9x2;;},Cell:{10x2;;}];}>, <Area:{15x4;1x2;False;Maze;;[Cell:{0x0;;},Cell:{1x0;;},Cell:{2x0;;},Cell:{3x0;;},Cell:{4x0;;},Cell:{5x0;;},Cell:{6x0;;},Cell:{7x0;;},Cell:{8x0;;},Cell:{9x0;;},Cell:{10x0;;},Cell:{11x0;;},Cell:{12x0;;},Cell:{13x0;;},Cell:{14x0;;},Cell:{0x1;;},Cell:{1x1;;},Cell:{2x1;;},Cell:{3x1;;},Cell:{4x1;;},Cell:{5x1;;},Cell:{6x1;;},Cell:{7x1;;},Cell:{8x1;;},Cell:{9x1;;},Cell:{10x1;;},Cell:{11x1;;},Cell:{12x1;;},Cell:{13x1;;},Cell:{14x1;;},Cell:{0x2;;},Cell:{1x2;;},Cell:{2x2;;},Cell:{3x2;;},Cell:{4x2;;},Cell:{5x2;;},Cell:{6x2;;},Cell:{7x2;;},Cell:{8x2;;},Cell:{9x2;;},Cell:{10x2;;},Cell:{11x2;;},Cell:{12x2;;},Cell:{13x2;;},Cell:{14x2;;},Cell:{0x3;;},Cell:{1x3;;},Cell:{2x3;;},Cell:{3x3;;},Cell:{4x3;;},Cell:{5x3;;},Cell:{6x3;;},Cell:{7x3;;},Cell:{8x3;;},Cell:{9x3;;},Cell:{10x3;;},Cell:{11x3;;},Cell:{12x3;;},Cell:{13x3;;},Cell:{14x3;;}];}>, <Area:{13x4;15x5;False;Maze;;[Cell:{0x0;;},Cell:{1x0;;},Cell:{2x0;;},Cell:{3x0;;},Cell:{4x0;;},Cell:{5x0;;},Cell:{6x0;;},Cell:{7x0;;},Cell:{8x0;;},Cell:{9x0;;},Cell:{10x0;;},Cell:{11x0;;},Cell:{12x0;;},Cell:{0x1;;},Cell:{1x1;;},Cell:{2x1;;},Cell:{3x1;;},Cell:{4x1;;},Cell:{5x1;;},Cell:{6x1;;},Cell:{7x1;;},Cell:{8x1;;},Cell:{9x1;;},Cell:{10x1;;},Cell:{11x1;;},Cell:{12x1;;},Cell:{0x2;;},Cell:{1x2;;},Cell:{2x2;;},Cell:{3x2;;},Cell:{4x2;;},Cell:{5x2;;},Cell:{6x2;;},Cell:{7x2;;},Cell:{8x2;;},Cell:{9x2;;},Cell:{10x2;;},Cell:{11x2;;},Cell:{12x2;;},Cell:{0x3;;},Cell:{1x3;;},Cell:{2x3;;},Cell:{3x3;;},Cell:{4x3;;},Cell:{5x3;;},Cell:{6x3;;},Cell:{7x3;;},Cell:{8x3;;},Cell:{9x3;;},Cell:{10x3;;},Cell:{11x3;;},Cell:{12x3;;}];}> >
]]></message>
                      <stack-trace><![CDATA[  at PlayersWorlds.Maps.Areas.Evolving.AreaDistributorHelper+DistributeResult.AssertAllFit (PlayersWorlds.Maps.RandomSource random) [0x00095] in /home/data/repos/github.com/aynurin/maze-gen/tests/areas/evolving/AreaDistributorHelper.cs:97 
  at PlayersWorlds.Maps.Areas.Evolving.AreaDistributorTest.AreaDistributorTest_CanLayout (System.String layout) [0x00013] in /home/data/repos/github.com/aynurin/maze-gen/tests/areas/evolving/AreaDistributorTest.cs:119 
]]></stack-trace>
                    </failure>
                    <assertions>
                      <assertion result="Failed">
                        <message><![CDATA[  Overlapping: P36x3;S12x4 (Random(209)), P26x2;S11x3 (Random(209)), P1x2;S15x4 (Random(209)), P15x5;S13x4 (Random(209))
Assert.That(, )
  Expected: <empty>
  But was:  < <Area:{12x4;36x3;False;Maze;;[Cell:{0x0;;},Cell:{1x0;;},Cell:{2x0;;},Cell:{3x0;;},Cell:{4x0;;},Cell:{5x0;;},Cell:{6x0;;},Cell:{7x0;;},Cell:{8x0;;},Cell:{9x0;;},Cell:{10x0;;},Cell:{11x0;;},Cell:{0x1;;},Cell:{1x1;;},Cell:{2x1;;},Cell:{3x1;;},Cell:{4x1;;},Cell:{5x1;;},Cell:{6x1;;},Cell:{7x1;;},Cell:{8x1;;},Cell:{9x1;;},Cell:{10x1;;},Cell:{11x1;;},Cell:{0x2;;},Cell:{1x2;;},Cell:{2x2;;},Cell:{3x2;;},Cell:{4x2;;},Cell:{5x2;;},Cell:{6x2;;},Cell:{7x2;;},Cell:{8x2;;},Cell:{9x2;;},Cell:{10x2;;},Cell:{11x2;;},Cell:{0x3;;},Cell:{1x3;;},Cell:{2x3;;},Cell:{3x3;;},Cell:{4x3;;},Cell:{5x3;;},Cell:{6x3;;},Cell:{7x3;;},Cell:{8x3;;},Cell:{9x3;;},Cell:{10x3;;},Cell:{11x3;;}];}>, <Area:{11x3;26x2;False;Maze;;[Cell:{0x0;;},Cell:{1x0;;},Cell:{2x0;;},Cell:{3x0;;},Cell:{4x0;;},Cell:{5x0;;},Cell:{6x0;;},Cell:{7x0;;},Cell:{8x0;;},Cell:{9x0;;},Cell:{10x0;;},Cell:{0x1;;},Cell:{1x1;;},Cell:{2x1;;},Cell:{3x1;;},Cell:{4x1;;},Cell:{5x1;;},Cell:{6x1;;},Cell:{7x1;;},Cell:{8x1;;},Cell:{9x1;;},Cell:{10x1;;},Cell:{0x2;;},Cell:{1x2;;},Cell:{2x2;;},Cell:{3x2;;},Cell:{4x2;;},Cell:{5x2;;},Cell:{6x2;;},Cell:{7x2;;},Cell:{8x2;;},Cell:{9x2;;},Cell:{10x2;;}];}>, <Area:{15x4;1x2;False;Maze;;[Cell:{0x0;;},Cell:{1x0;;},Cell:{2x0;;},Cell:{3x0;;},Cell:{4x0;;},Cell:{5x0;;},Cell:{6x0;;},Cell:{7x0;;},Cell:{8x0;;},Cell:{9x0;;},Cell:{10x0;;},Cell:{11x0;;},Cell:{12x0;;},Cell:{13x0;;},Cell:{14x0;;},Cell:{0x1;;},Cell:{1x1;;},Cell:{2x1;;},Cell:{3x1;;},Cell:{4x1;;},Cell:{5x1;;},Cell:{6x1;;},Cell:{7x1;;},Cell:{8x1;;},Cell:{9x1;;},Cell:{10x1;;},Cell:{11x1;;},Cell:{12x1;;},Cell:{13x1;;},Cell:{14x1;;},Cell:{0x2;;},Cell:{1x2;;},Cell:{2x2;;},Cell:{3x2;;},Cell:{4x2;;},Cell:{5x2;;},Cell:{6x2;;},Cell:{7x2;;},Cell:{8x2;;},Cell:{9x2;;},Cell:{10x2;;},Cell:{11x2;;},Cell:{12x2;;},Cell:{13x2;;},Cell:{14x2;;},Cell:{0x3;;},Cell:{1x3;;},Cell:{2x3;;},Cell:{3x3;;},Cell:{4x3;;},Cell:{5x3;;},Cell:{6x3;;},Cell:{7x3;;},Cell:{8x3;;},Cell:{9x3;;},Cell:{10x3;;},Cell:{11x3;;},Cell:{12x3;;},Cell:{13x3;;},Cell:{14x3;;}];}>, <Area:{13x4;15x5;False;Maze;;[Cell:{0x0;;},Cell:{1x0;;},Cell:{2x0;;},Cell:{3x0;;},Cell:{4x0;;},Cell:{5x0;;},Cell:{6x0;;},Cell:{7x0;;},Cell:{8x0;;},Cell:{9x0;;},Cell:{10x0;;},Cell:{11x0;;},Cell:{12x0;;},Cell:{0x1;;},Cell:{1x1;;},Cell:{2x1;;},Cell:{3x1;;},Cell:{4x1;;},Cell:{5x1;;},Cell:{6x1;;},Cell:{7x1;;},Cell:{8x1;;},Cell:{9x1;;},Cell:{10x1;;},Cell:{11x1;;},Cell:{12x1;;},Cell:{0x2;;},Cell:{1x2;;},Cell:{2x2;;},Cell:{3x2;;},Cell:{4x2;;},Cell:{5x2;;},Cell:{6x2;;},Cell:{7x2;;},Cell:{8x2;;},Cell:{9x2;;},Cell:{10x2;;},Cell:{11x2;;},Cell:{12x2;;},Cell:{0x3;;},Cell:{1x3;;},Cell:{2x3;;},Cell:{3x3;;},Cell:{4x3;;},Cell:{5x3;;},Cell:{6x3;;},Cell:{7x3;;},Cell:{8x3;;},Cell:{9x3;;},Cell:{10x3;;},Cell:{11x3;;},Cell:{12x3;;}];}> >
]]></message>
                        <stack-trace><![CDATA[  at PlayersWorlds.Maps.Areas.Evolving.AreaDistributorHelper+DistributeResult.AssertAllFit (PlayersWorlds.Maps.RandomSource random) [0x00095] in /home/data/repos/github.com/aynurin/maze-gen/tests/areas/evolving/AreaDistributorHelper.cs:97 
  at PlayersWorlds.Maps.Areas.Evolving.AreaDistributorTest.AreaDistributorTest_CanLayout (System.String layout) [0x00013] in /home/data/repos/github.com/aynurin/maze-gen/tests/areas/evolving/AreaDistributorTest.cs:119 
]]></stack-trace>
                      </assertion>
                    </assertions>
                  </test-case>
                  <test-case id="1-2037" name="AreaDistributorTest_CanLayout(&quot;49x42: P19x1;S11x2 P34x31;S6x8 P15x29;S13x12 P15x11;S5x12 P23x5;S12x6 P3x17;S9x2 P16x6;S15x4 P15x29;S9x11 P39x37;S6x4 P28x22;S12x9 P31x8;S6x3 P27x23;S9x5 P0x27;S13x9 P11x17;S5x11 P4x2;S1x1&quot;)" fullname="PlayersWorlds.Maps.Areas.Evolving.AreaDistributorTest.AreaDistributorTest_CanLayout(&quot;49x42: P19x1;S11x2 P34x31;S6x8 P15x29;S13x12 P15x11;S5x12 P23x5;S12x6 P3x17;S9x2 P16x6;S15x4 P15x29;S9x11 P39x37;S6x4 P28x22;S12x9 P31x8;S6x3 P27x23;S9x5 P0x27;S13x9 P11x17;S5x11 P4x2;S1x1&quot;)" methodname="AreaDistributorTest_CanLayout" classname="PlayersWorlds.Maps.Areas.Evolving.AreaDistributorTest" runstate="Runnable" seed="713699027" result="Passed" start-time="2024-06-07T14:39:04.4436400Z" end-time="2024-06-07T14:39:04.9558950Z" duration="0.512256" asserts="2" />
                  <test-case id="1-2038" name="AreaDistributorTest_CanLayout(&quot;24x46: P11x20;S3x9 P5x15;S6x10 P5x14;S7x13 P10x26;S5x11 P10x18;S1x4 P11x13;S1x5 P10x29;S6x9 P13x8;S2x10 P3x17;S7x13 P5x28;S5x5 P18x8;S5x12&quot;)" fullname="PlayersWorlds.Maps.Areas.Evolving.AreaDistributorTest.AreaDistributorTest_CanLayout(&quot;24x46: P11x20;S3x9 P5x15;S6x10 P5x14;S7x13 P10x26;S5x11 P10x18;S1x4 P11x13;S1x5 P10x29;S6x9 P13x8;S2x10 P3x17;S7x13 P5x28;S5x5 P18x8;S5x12&quot;)" methodname="AreaDistributorTest_CanLayout" classname="PlayersWorlds.Maps.Areas.Evolving.AreaDistributorTest" runstate="Runnable" seed="825453967" result="Passed" start-time="2024-06-07T14:39:04.9559090Z" end-time="2024-06-07T14:39:05.2996990Z" duration="0.343789" asserts="2" />
                  <test-case id="1-2039" name="AreaDistributorTest_CanLayout(&quot;10x10: P7x9;S2x3 P7x2;S3x2 P3x9;S2x2 P0x5;S2x3 P7x1;S2x3 P0x0;S6x5&quot;)" fullname="PlayersWorlds.Maps.Areas.Evolving.AreaDistributorTest.AreaDistributorTest_CanLayout(&quot;10x10: P7x9;S2x3 P7x2;S3x2 P3x9;S2x2 P0x5;S2x3 P7x1;S2x3 P0x0;S6x5&quot;)" methodname="AreaDistributorTest_CanLayout" classname="PlayersWorlds.Maps.Areas.Evolving.AreaDistributorTest" runstate="Runnable" seed="970897857" result="Passed" start-time="2024-06-07T14:39:05.2997180Z" end-time="2024-06-07T14:39:05.4018400Z" duration="0.102123" asserts="2" />
                </test-suite>
                <test-case id="1-2041" name="AreaDistributorTest_CanLayout_Debug" fullname="PlayersWorlds.Maps.Areas.Evolving.AreaDistributorTest.AreaDistributorTest_CanLayout_Debug" methodname="AreaDistributorTest_CanLayout_Debug" classname="PlayersWorlds.Maps.Areas.Evolving.AreaDistributorTest" runstate="Ignored" seed="1131892020" result="Skipped" label="Ignored" start-time="2024-06-07T14:39:05.4018980Z" end-time="2024-06-07T14:39:05.4021070Z" duration="0.000208" asserts="0">
                  <properties>
                    <property name="_SKIPREASON" value="Debugging only" />
                  </properties>
                  <reason>
                    <message><![CDATA[Debugging only]]></message>
                  </reason>
                </test-case>
                <test-case id="1-1959" name="AreaDistributorTest_OneTest" fullname="PlayersWorlds.Maps.Areas.Evolving.AreaDistributorTest.AreaDistributorTest_OneTest" methodname="AreaDistributorTest_OneTest" classname="PlayersWorlds.Maps.Areas.Evolving.AreaDistributorTest" runstate="Runnable" seed="1527512364" result="Passed" start-time="2024-06-07T14:39:05.4021170Z" end-time="2024-06-07T14:39:05.4031920Z" duration="0.001075" asserts="2">
                  <properties>
                    <property name="Category" value="Integration" />
                  </properties>
                </test-case>
                <test-suite type="ParameterizedMethod" id="1-1972" name="AreaDistributorTest_OverlapTwo" fullname="PlayersWorlds.Maps.Areas.Evolving.AreaDistributorTest.AreaDistributorTest_OverlapTwo" classname="PlayersWorlds.Maps.Areas.Evolving.AreaDistributorTest" runstate="Runnable" testcasecount="10" result="Passed" start-time="2024-06-07T14:39:05.4032020Z" end-time="2024-06-07T14:39:05.4333680Z" duration="0.030165" total="10" passed="10" failed="0" warnings="0" inconclusive="0" skipped="0" asserts="20">
                  <properties>
                    <property name="Category" value="Integration" />
                  </properties>
                  <test-case id="1-1962" name="AreaDistributorTest_OverlapTwo(&quot;11x11: P3.5x3.5;S4x4 P3.5x3.5;S4x4&quot;)" fullname="PlayersWorlds.Maps.Areas.Evolving.AreaDistributorTest.AreaDistributorTest_OverlapTwo(&quot;11x11: P3.5x3.5;S4x4 P3.5x3.5;S4x4&quot;)" methodname="AreaDistributorTest_OverlapTwo" classname="PlayersWorlds.Maps.Areas.Evolving.AreaDistributorTest" runstate="Runnable" seed="1898138928" result="Passed" start-time="2024-06-07T14:39:05.4032230Z" end-time="2024-06-07T14:39:05.4064010Z" duration="0.003178" asserts="2" />
                  <test-case id="1-1963" name="AreaDistributorTest_OverlapTwo(&quot;16x16: P4x4;S8x8 P5x9;S2x2&quot;)" fullname="PlayersWorlds.Maps.Areas.Evolving.AreaDistributorTest.AreaDistributorTest_OverlapTwo(&quot;16x16: P4x4;S8x8 P5x9;S2x2&quot;)" methodname="AreaDistributorTest_OverlapTwo" classname="PlayersWorlds.Maps.Areas.Evolving.AreaDistributorTest" runstate="Runnable" seed="1170427643" result="Passed" start-time="2024-06-07T14:39:05.4064130Z" end-time="2024-06-07T14:39:05.4109310Z" duration="0.004519" asserts="2" />
                  <test-case id="1-1964" name="AreaDistributorTest_OverlapTwo(&quot;16x16: P4x4;S8x8 P5x7;S4x4&quot;)" fullname="PlayersWorlds.Maps.Areas.Evolving.AreaDistributorTest.AreaDistributorTest_OverlapTwo(&quot;16x16: P4x4;S8x8 P5x7;S4x4&quot;)" methodname="AreaDistributorTest_OverlapTwo" classname="PlayersWorlds.Maps.Areas.Evolving.AreaDistributorTest" runstate="Runnable" seed="603421668" result="Passed" start-time="2024-06-07T14:39:05.4109430Z" end-time="2024-06-07T14:39:05.4134920Z" duration="0.002549" asserts="2" />
                  <test-case id="1-1965" name="AreaDistributorTest_OverlapTwo(&quot;16x16: P5x5;S6x6 P6x6;S4x4&quot;)" fullname="PlayersWorlds.Maps.Areas.Evolving.AreaDistributorTest.AreaDistributorTest_OverlapTwo(&quot;16x16: P5x5;S6x6 P6x6;S4x4&quot;)" methodname="AreaDistributorTest_OverlapTwo" classname="PlayersWorlds.Maps.Areas.Evolving.AreaDistributorTest" runstate="Runnable" seed="2097725603" result="Passed" start-time="2024-06-07T14:39:05.4135030Z" end-time="2024-06-07T14:39:05.4167630Z" duration="0.003260" asserts="2" />
                  <test-case id="1-1966" name="AreaDistributorTest_OverlapTwo(&quot;11x11: P2x2;S4x4 P5x5;S4x4&quot;)" fullname="PlayersWorlds.Maps.Areas.Evolving.AreaDistributorTest.AreaDistributorTest_OverlapTwo(&quot;11x11: P2x2;S4x4 P5x5;S4x4&quot;)" methodname="AreaDistributorTest_OverlapTwo" classname="PlayersWorlds.Maps.Areas.Evolving.AreaDistributorTest" runstate="Runnable" seed="2056709622" result="Passed" start-time="2024-06-07T14:39:05.4167740Z" end-time="2024-06-07T14:39:05.4193540Z" duration="0.002581" asserts="2" />
                  <test-case id="1-1967" name="AreaDistributorTest_OverlapTwo(&quot;11x11: P5x2;S4x4 P2x5;S4x4&quot;)" fullname="PlayersWorlds.Maps.Areas.Evolving.AreaDistributorTest.AreaDistributorTest_OverlapTwo(&quot;11x11: P5x2;S4x4 P2x5;S4x4&quot;)" methodname="AreaDistributorTest_OverlapTwo" classname="PlayersWorlds.Maps.Areas.Evolving.AreaDistributorTest" runstate="Runnable" seed="1366578306" result="Passed" start-time="2024-06-07T14:39:05.4193660Z" end-time="2024-06-07T14:39:05.4219380Z" duration="0.002573" asserts="2" />
                  <test-case id="1-1968" name="AreaDistributorTest_OverlapTwo(&quot;11x11: P2x5;S4x4 P5x2;S4x4&quot;)" fullname="PlayersWorlds.Maps.Areas.Evolving.AreaDistributorTest.AreaDistributorTest_OverlapTwo(&quot;11x11: P2x5;S4x4 P5x2;S4x4&quot;)" methodname="AreaDistributorTest_OverlapTwo" classname="PlayersWorlds.Maps.Areas.Evolving.AreaDistributorTest" runstate="Runnable" seed="1430208751" result="Passed" start-time="2024-06-07T14:39:05.4219490Z" end-time="2024-06-07T14:39:05.4243940Z" duration="0.002446" asserts="2" />
                  <test-case id="1-1969" name="AreaDistributorTest_OverlapTwo(&quot;11x11: P5x5;S4x4 P2x2;S4x4&quot;)" fullname="PlayersWorlds.Maps.Areas.Evolving.AreaDistributorTest.AreaDistributorTest_OverlapTwo(&quot;11x11: P5x5;S4x4 P2x2;S4x4&quot;)" methodname="AreaDistributorTest_OverlapTwo" classname="PlayersWorlds.Maps.Areas.Evolving.AreaDistributorTest" runstate="Runnable" seed="266546966" result="Passed" start-time="2024-06-07T14:39:05.4244050Z" end-time="2024-06-07T14:39:05.4283070Z" duration="0.003902" asserts="2" />
                  <test-case id="1-1970" name="AreaDistributorTest_OverlapTwo(&quot;11x11: P4x4;S4x4 P3x3;S4x4&quot;)" fullname="PlayersWorlds.Maps.Areas.Evolving.AreaDistributorTest.AreaDistributorTest_OverlapTwo(&quot;11x11: P4x4;S4x4 P3x3;S4x4&quot;)" methodname="AreaDistributorTest_OverlapTwo" classname="PlayersWorlds.Maps.Areas.Evolving.AreaDistributorTest" runstate="Runnable" seed="1949040888" result="Passed" start-time="2024-06-07T14:39:05.4283190Z" end-time="2024-06-07T14:39:05.4307380Z" duration="0.002419" asserts="2" />
                  <test-case id="1-1971" name="AreaDistributorTest_OverlapTwo(&quot;11x11: P4x3;S4x4 P3x4;S4x4&quot;)" fullname="PlayersWorlds.Maps.Areas.Evolving.AreaDistributorTest.AreaDistributorTest_OverlapTwo(&quot;11x11: P4x3;S4x4 P3x4;S4x4&quot;)" methodname="AreaDistributorTest_OverlapTwo" classname="PlayersWorlds.Maps.Areas.Evolving.AreaDistributorTest" runstate="Runnable" seed="1839380518" result="Passed" start-time="2024-06-07T14:39:05.4307480Z" end-time="2024-06-07T14:39:05.4333550Z" duration="0.002607" asserts="2" />
                </test-suite>
                <test-case id="1-1960" name="AreaDistributorTest_SidePressure" fullname="PlayersWorlds.Maps.Areas.Evolving.AreaDistributorTest.AreaDistributorTest_SidePressure" methodname="AreaDistributorTest_SidePressure" classname="PlayersWorlds.Maps.Areas.Evolving.AreaDistributorTest" runstate="Runnable" seed="252071848" result="Passed" start-time="2024-06-07T14:39:05.4333770Z" end-time="2024-06-07T14:39:05.4653480Z" duration="0.031971" asserts="2">
                  <properties>
                    <property name="Category" value="Integration" />
                  </properties>
                </test-case>
                <test-suite type="ParameterizedMethod" id="1-1984" name="AreaDistributorTest_SingleMapForce" fullname="PlayersWorlds.Maps.Areas.Evolving.AreaDistributorTest.AreaDistributorTest_SingleMapForce" classname="PlayersWorlds.Maps.Areas.Evolving.AreaDistributorTest" runstate="Runnable" testcasecount="10" result="Passed" start-time="2024-06-07T14:39:05.4653690Z" end-time="2024-06-07T14:39:05.4750320Z" duration="0.009663" total="10" passed="10" failed="0" warnings="0" inconclusive="0" skipped="0" asserts="20">
                  <properties>
                    <property name="Category" value="Integration" />
                  </properties>
                  <test-case id="1-1974" name="AreaDistributorTest_SingleMapForce(&quot;6x12: P1x2;S2x2&quot;)" fullname="PlayersWorlds.Maps.Areas.Evolving.AreaDistributorTest.AreaDistributorTest_SingleMapForce(&quot;6x12: P1x2;S2x2&quot;)" methodname="AreaDistributorTest_SingleMapForce" classname="PlayersWorlds.Maps.Areas.Evolving.AreaDistributorTest" runstate="Runnable" seed="541452878" result="Passed" start-time="2024-06-07T14:39:05.4653880Z" end-time="2024-06-07T14:39:05.4664310Z" duration="0.001043" asserts="2" />
                  <test-case id="1-1975" name="AreaDistributorTest_SingleMapForce(&quot;6x12: P2x2;S2x2&quot;)" fullname="PlayersWorlds.Maps.Areas.Evolving.AreaDistributorTest.AreaDistributorTest_SingleMapForce(&quot;6x12: P2x2;S2x2&quot;)" methodname="AreaDistributorTest_SingleMapForce" classname="PlayersWorlds.Maps.Areas.Evolving.AreaDistributorTest" runstate="Runnable" seed="598203384" result="Passed" start-time="2024-06-07T14:39:05.4664410Z" end-time="2024-06-07T14:39:05.4672620Z" duration="0.000821" asserts="2" />
                  <test-case id="1-1976" name="AreaDistributorTest_SingleMapForce(&quot;6x12: P3x2;S2x2&quot;)" fullname="PlayersWorlds.Maps.Areas.Evolving.AreaDistributorTest.AreaDistributorTest_SingleMapForce(&quot;6x12: P3x2;S2x2&quot;)" methodname="AreaDistributorTest_SingleMapForce" classname="PlayersWorlds.Maps.Areas.Evolving.AreaDistributorTest" runstate="Runnable" seed="172893356" result="Passed" start-time="2024-06-07T14:39:05.4672730Z" end-time="2024-06-07T14:39:05.4680850Z" duration="0.000812" asserts="2" />
                  <test-case id="1-1977" name="AreaDistributorTest_SingleMapForce(&quot;6x12: P1x5;S2x2&quot;)" fullname="PlayersWorlds.Maps.Areas.Evolving.AreaDistributorTest.AreaDistributorTest_SingleMapForce(&quot;6x12: P1x5;S2x2&quot;)" methodname="AreaDistributorTest_SingleMapForce" classname="PlayersWorlds.Maps.Areas.Evolving.AreaDistributorTest" runstate="Runnable" seed="1992540816" result="Passed" start-time="2024-06-07T14:39:05.4680950Z" end-time="2024-06-07T14:39:05.4689140Z" duration="0.000819" asserts="2" />
                  <test-case id="1-1978" name="AreaDistributorTest_SingleMapForce(&quot;6x12: P2x5;S2x2&quot;)" fullname="PlayersWorlds.Maps.Areas.Evolving.AreaDistributorTest.AreaDistributorTest_SingleMapForce(&quot;6x12: P2x5;S2x2&quot;)" methodname="AreaDistributorTest_SingleMapForce" classname="PlayersWorlds.Maps.Areas.Evolving.AreaDistributorTest" runstate="Runnable" seed="1006183185" result="Passed" start-time="2024-06-07T14:39:05.4689240Z" end-time="2024-06-07T14:39:05.4709190Z" duration="0.001995" asserts="2" />
                  <test-case id="1-1979" name="AreaDistributorTest_SingleMapForce(&quot;6x12: P3x5;S2x2&quot;)" fullname="PlayersWorlds.Maps.Areas.Evolving.AreaDistributorTest.AreaDistributorTest_SingleMapForce(&quot;6x12: P3x5;S2x2&quot;)" methodname="AreaDistributorTest_SingleMapForce" classname="PlayersWorlds.Maps.Areas.Evolving.AreaDistributorTest" runstate="Runnable" seed="953260866" result="Passed" start-time="2024-06-07T14:39:05.4709310Z" end-time="2024-06-07T14:39:05.4717370Z" duration="0.000806" asserts="2" />
                  <test-case id="1-1980" name="AreaDistributorTest_SingleMapForce(&quot;6x12: P1x8;S2x2&quot;)" fullname="PlayersWorlds.Maps.Areas.Evolving.AreaDistributorTest.AreaDistributorTest_SingleMapForce(&quot;6x12: P1x8;S2x2&quot;)" methodname="AreaDistributorTest_SingleMapForce" classname="PlayersWorlds.Maps.Areas.Evolving.AreaDistributorTest" runstate="Runnable" seed="2101501922" result="Passed" start-time="2024-06-07T14:39:05.4717470Z" end-time="2024-06-07T14:39:05.4725610Z" duration="0.000814" asserts="2" />
                  <test-case id="1-1981" name="AreaDistributorTest_SingleMapForce(&quot;6x12: P2x8;S2x2&quot;)" fullname="PlayersWorlds.Maps.Areas.Evolving.AreaDistributorTest.AreaDistributorTest_SingleMapForce(&quot;6x12: P2x8;S2x2&quot;)" methodname="AreaDistributorTest_SingleMapForce" classname="PlayersWorlds.Maps.Areas.Evolving.AreaDistributorTest" runstate="Runnable" seed="1372228964" result="Passed" start-time="2024-06-07T14:39:05.4725710Z" end-time="2024-06-07T14:39:05.4733760Z" duration="0.000805" asserts="2" />
                  <test-case id="1-1982" name="AreaDistributorTest_SingleMapForce(&quot;6x12: P3x8;S2x2&quot;)" fullname="PlayersWorlds.Maps.Areas.Evolving.AreaDistributorTest.AreaDistributorTest_SingleMapForce(&quot;6x12: P3x8;S2x2&quot;)" methodname="AreaDistributorTest_SingleMapForce" classname="PlayersWorlds.Maps.Areas.Evolving.AreaDistributorTest" runstate="Runnable" seed="1804899001" result="Passed" start-time="2024-06-07T14:39:05.4733860Z" end-time="2024-06-07T14:39:05.4741950Z" duration="0.000809" asserts="2" />
                  <test-case id="1-1983" name="AreaDistributorTest_SingleMapForce(&quot;6x12: P-1x-4;S2x2&quot;)" fullname="PlayersWorlds.Maps.Areas.Evolving.AreaDistributorTest.AreaDistributorTest_SingleMapForce(&quot;6x12: P-1x-4;S2x2&quot;)" methodname="AreaDistributorTest_SingleMapForce" classname="PlayersWorlds.Maps.Areas.Evolving.AreaDistributorTest" runstate="Runnable" seed="1851944260" result="Passed" start-time="2024-06-07T14:39:05.4742040Z" end-time="2024-06-07T14:39:05.4750200Z" duration="0.000815" asserts="2" />
                </test-suite>
                <test-case id="1-1961" name="AreaDistributorTest_TwoTest" fullname="PlayersWorlds.Maps.Areas.Evolving.AreaDistributorTest.AreaDistributorTest_TwoTest" methodname="AreaDistributorTest_TwoTest" classname="PlayersWorlds.Maps.Areas.Evolving.AreaDistributorTest" runstate="Runnable" seed="2097692467" result="Passed" start-time="2024-06-07T14:39:05.4750410Z" end-time="2024-06-07T14:39:05.4777440Z" duration="0.002703" asserts="2">
                  <properties>
                    <property name="Category" value="Integration" />
                  </properties>
                </test-case>
              </test-suite>
              <test-suite type="TestFixture" id="1-2043" name="EvolvingSimulatorTest" fullname="PlayersWorlds.Maps.Areas.Evolving.EvolvingSimulatorTest" classname="PlayersWorlds.Maps.Areas.Evolving.EvolvingSimulatorTest" runstate="Runnable" testcasecount="2" result="Passed" start-time="2024-06-07T14:39:05.4777800Z" end-time="2024-06-07T14:39:05.5802040Z" duration="0.102425" total="2" passed="2" failed="0" warnings="0" inconclusive="0" skipped="0" asserts="2">
                <test-case id="1-2045" name="EvolvingSimulator_ReturnsEpochsIfEvolitionIsNotComplete" fullname="PlayersWorlds.Maps.Areas.Evolving.EvolvingSimulatorTest.EvolvingSimulator_ReturnsEpochsIfEvolitionIsNotComplete" methodname="EvolvingSimulator_ReturnsEpochsIfEvolitionIsNotComplete" classname="PlayersWorlds.Maps.Areas.Evolving.EvolvingSimulatorTest" runstate="Runnable" seed="635950112" result="Passed" start-time="2024-06-07T14:39:05.4778670Z" end-time="2024-06-07T14:39:05.5792540Z" duration="0.101387" asserts="1" />
                <test-case id="1-2044" name="EvolvingSimulator_ThrowsIfMaxEpochsIsZero" fullname="PlayersWorlds.Maps.Areas.Evolving.EvolvingSimulatorTest.EvolvingSimulator_ThrowsIfMaxEpochsIsZero" methodname="EvolvingSimulator_ThrowsIfMaxEpochsIsZero" classname="PlayersWorlds.Maps.Areas.Evolving.EvolvingSimulatorTest" runstate="Runnable" seed="1678690653" result="Passed" start-time="2024-06-07T14:39:05.5792680Z" end-time="2024-06-07T14:39:05.5801920Z" duration="0.000924" asserts="1" />
              </test-suite>
              <test-suite type="TestFixture" id="1-2046" name="FloatingAreaTest" fullname="PlayersWorlds.Maps.Areas.Evolving.FloatingAreaTest" classname="PlayersWorlds.Maps.Areas.Evolving.FloatingAreaTest" runstate="Runnable" testcasecount="22" result="Passed" start-time="2024-06-07T14:39:05.5802230Z" end-time="2024-06-07T14:39:05.5851690Z" duration="0.004946" total="22" passed="22" failed="0" warnings="0" inconclusive="0" skipped="0" asserts="45">
                <test-case id="1-2051" name="CenterIsValid" fullname="PlayersWorlds.Maps.Areas.Evolving.FloatingAreaTest.CenterIsValid" methodname="CenterIsValid" classname="PlayersWorlds.Maps.Areas.Evolving.FloatingAreaTest" runstate="Runnable" seed="1813003035" result="Passed" start-time="2024-06-07T14:39:05.5802960Z" end-time="2024-06-07T14:39:05.5828120Z" duration="0.002517" asserts="4" />
                <test-case id="1-2050" name="Contains" fullname="PlayersWorlds.Maps.Areas.Evolving.FloatingAreaTest.Contains" methodname="Contains" classname="PlayersWorlds.Maps.Areas.Evolving.FloatingAreaTest" runstate="Runnable" seed="2068922513" result="Passed" start-time="2024-06-07T14:39:05.5828250Z" end-time="2024-06-07T14:39:05.5834320Z" duration="0.000608" asserts="2" />
                <test-suite type="ParameterizedMethod" id="1-2068" name="DistanceTo" fullname="PlayersWorlds.Maps.Areas.Evolving.FloatingAreaTest.DistanceTo" classname="PlayersWorlds.Maps.Areas.Evolving.FloatingAreaTest" runstate="Runnable" testcasecount="16" result="Passed" start-time="2024-06-07T14:39:05.5834410Z" end-time="2024-06-07T14:39:05.5842380Z" duration="0.000797" total="16" passed="16" failed="0" warnings="0" inconclusive="0" skipped="0" asserts="32">
                  <properties>
                    <property name="Category" value="Integration" />
                  </properties>
                  <test-case id="1-2052" name="DistanceTo((PlayersWorlds.Maps.Areas.Evolving.FloatingArea[], -1.00x0.00, False))" fullname="PlayersWorlds.Maps.Areas.Evolving.FloatingAreaTest.DistanceTo((PlayersWorlds.Maps.Areas.Evolving.FloatingArea[], -1.00x0.00, False))" methodname="DistanceTo" classname="PlayersWorlds.Maps.Areas.Evolving.FloatingAreaTest" runstate="Runnable" seed="953923281" result="Passed" start-time="2024-06-07T14:39:05.5834540Z" end-time="2024-06-07T14:39:05.5838560Z" duration="0.000402" asserts="2" />
                  <test-case id="1-2053" name="DistanceTo((PlayersWorlds.Maps.Areas.Evolving.FloatingArea[], 0.00x0.00, False))" fullname="PlayersWorlds.Maps.Areas.Evolving.FloatingAreaTest.DistanceTo((PlayersWorlds.Maps.Areas.Evolving.FloatingArea[], 0.00x0.00, False))" methodname="DistanceTo" classname="PlayersWorlds.Maps.Areas.Evolving.FloatingAreaTest" runstate="Runnable" seed="16254389" result="Passed" start-time="2024-06-07T14:39:05.5838640Z" end-time="2024-06-07T14:39:05.5838970Z" duration="0.000033" asserts="2" />
                  <test-case id="1-2054" name="DistanceTo((PlayersWorlds.Maps.Areas.Evolving.FloatingArea[], 1.00x0.00, True))" fullname="PlayersWorlds.Maps.Areas.Evolving.FloatingAreaTest.DistanceTo((PlayersWorlds.Maps.Areas.Evolving.FloatingArea[], 1.00x0.00, True))" methodname="DistanceTo" classname="PlayersWorlds.Maps.Areas.Evolving.FloatingAreaTest" runstate="Runnable" seed="965674272" result="Passed" start-time="2024-06-07T14:39:05.5839020Z" end-time="2024-06-07T14:39:05.5839260Z" duration="0.000024" asserts="2" />
                  <test-case id="1-2055" name="DistanceTo((PlayersWorlds.Maps.Areas.Evolving.FloatingArea[], 0.00x0.00, True))" fullname="PlayersWorlds.Maps.Areas.Evolving.FloatingAreaTest.DistanceTo((PlayersWorlds.Maps.Areas.Evolving.FloatingArea[], 0.00x0.00, True))" methodname="DistanceTo" classname="PlayersWorlds.Maps.Areas.Evolving.FloatingAreaTest" runstate="Runnable" seed="1160243585" result="Passed" start-time="2024-06-07T14:39:05.5839300Z" end-time="2024-06-07T14:39:05.5839510Z" duration="0.000021" asserts="2" />
                  <test-case id="1-2056" name="DistanceTo((PlayersWorlds.Maps.Areas.Evolving.FloatingArea[], -1.00x0.00, True))" fullname="PlayersWorlds.Maps.Areas.Evolving.FloatingAreaTest.DistanceTo((PlayersWorlds.Maps.Areas.Evolving.FloatingArea[], -1.00x0.00, True))" methodname="DistanceTo" classname="PlayersWorlds.Maps.Areas.Evolving.FloatingAreaTest" runstate="Runnable" seed="57210462" result="Passed" start-time="2024-06-07T14:39:05.5839560Z" end-time="2024-06-07T14:39:05.5839770Z" duration="0.000021" asserts="2" />
                  <test-case id="1-2057" name="DistanceTo((PlayersWorlds.Maps.Areas.Evolving.FloatingArea[], 0.00x0.00, False))" fullname="PlayersWorlds.Maps.Areas.Evolving.FloatingAreaTest.DistanceTo((PlayersWorlds.Maps.Areas.Evolving.FloatingArea[], 0.00x0.00, False))" methodname="DistanceTo" classname="PlayersWorlds.Maps.Areas.Evolving.FloatingAreaTest" runstate="Runnable" seed="2101185764" result="Passed" start-time="2024-06-07T14:39:05.5839810Z" end-time="2024-06-07T14:39:05.5840060Z" duration="0.000024" asserts="2" />
                  <test-case id="1-2058" name="DistanceTo((PlayersWorlds.Maps.Areas.Evolving.FloatingArea[], 1.00x0.00, False))" fullname="PlayersWorlds.Maps.Areas.Evolving.FloatingAreaTest.DistanceTo((PlayersWorlds.Maps.Areas.Evolving.FloatingArea[], 1.00x0.00, False))" methodname="DistanceTo" classname="PlayersWorlds.Maps.Areas.Evolving.FloatingAreaTest" runstate="Runnable" seed="2043148386" result="Passed" start-time="2024-06-07T14:39:05.5840110Z" end-time="2024-06-07T14:39:05.5840320Z" duration="0.000020" asserts="2" />
                  <test-case id="1-2059" name="DistanceTo((PlayersWorlds.Maps.Areas.Evolving.FloatingArea[], -1.00x1.00, False))" fullname="PlayersWorlds.Maps.Areas.Evolving.FloatingAreaTest.DistanceTo((PlayersWorlds.Maps.Areas.Evolving.FloatingArea[], -1.00x1.00, False))" methodname="DistanceTo" classname="PlayersWorlds.Maps.Areas.Evolving.FloatingAreaTest" runstate="Runnable" seed="536189097" result="Passed" start-time="2024-06-07T14:39:05.5840360Z" end-time="2024-06-07T14:39:05.5840550Z" duration="0.000019" asserts="2" />
                  <test-case id="1-2060" name="DistanceTo((PlayersWorlds.Maps.Areas.Evolving.FloatingArea[], 0.00x1.00, False))" fullname="PlayersWorlds.Maps.Areas.Evolving.FloatingAreaTest.DistanceTo((PlayersWorlds.Maps.Areas.Evolving.FloatingArea[], 0.00x1.00, False))" methodname="DistanceTo" classname="PlayersWorlds.Maps.Areas.Evolving.FloatingAreaTest" runstate="Runnable" seed="1176150788" result="Passed" start-time="2024-06-07T14:39:05.5840600Z" end-time="2024-06-07T14:39:05.5840790Z" duration="0.000019" asserts="2" />
                  <test-case id="1-2061" name="DistanceTo((PlayersWorlds.Maps.Areas.Evolving.FloatingArea[], 1.00x1.00, True))" fullname="PlayersWorlds.Maps.Areas.Evolving.FloatingAreaTest.DistanceTo((PlayersWorlds.Maps.Areas.Evolving.FloatingArea[], 1.00x1.00, True))" methodname="DistanceTo" classname="PlayersWorlds.Maps.Areas.Evolving.FloatingAreaTest" runstate="Runnable" seed="2120260940" result="Passed" start-time="2024-06-07T14:39:05.5840840Z" end-time="2024-06-07T14:39:05.5841050Z" duration="0.000021" asserts="2" />
                  <test-case id="1-2062" name="DistanceTo((PlayersWorlds.Maps.Areas.Evolving.FloatingArea[], 0.00x1.00, True))" fullname="PlayersWorlds.Maps.Areas.Evolving.FloatingAreaTest.DistanceTo((PlayersWorlds.Maps.Areas.Evolving.FloatingArea[], 0.00x1.00, True))" methodname="DistanceTo" classname="PlayersWorlds.Maps.Areas.Evolving.FloatingAreaTest" runstate="Runnable" seed="828518113" result="Passed" start-time="2024-06-07T14:39:05.5841100Z" end-time="2024-06-07T14:39:05.5841310Z" duration="0.000022" asserts="2" />
                  <test-case id="1-2063" name="DistanceTo((PlayersWorlds.Maps.Areas.Evolving.FloatingArea[], -1.00x1.00, True))" fullname="PlayersWorlds.Maps.Areas.Evolving.FloatingAreaTest.DistanceTo((PlayersWorlds.Maps.Areas.Evolving.FloatingArea[], -1.00x1.00, True))" methodname="DistanceTo" classname="PlayersWorlds.Maps.Areas.Evolving.FloatingAreaTest" runstate="Runnable" seed="2067634795" result="Passed" start-time="2024-06-07T14:39:05.5841360Z" end-time="2024-06-07T14:39:05.5841540Z" duration="0.000018" asserts="2" />
                  <test-case id="1-2064" name="DistanceTo((PlayersWorlds.Maps.Areas.Evolving.FloatingArea[], 0.00x1.00, False))" fullname="PlayersWorlds.Maps.Areas.Evolving.FloatingAreaTest.DistanceTo((PlayersWorlds.Maps.Areas.Evolving.FloatingArea[], 0.00x1.00, False))" methodname="DistanceTo" classname="PlayersWorlds.Maps.Areas.Evolving.FloatingAreaTest" runstate="Runnable" seed="1432775024" result="Passed" start-time="2024-06-07T14:39:05.5841580Z" end-time="2024-06-07T14:39:05.5841740Z" duration="0.000016" asserts="2" />
                  <test-case id="1-2065" name="DistanceTo((PlayersWorlds.Maps.Areas.Evolving.FloatingArea[], 1.00x1.00, False))" fullname="PlayersWorlds.Maps.Areas.Evolving.FloatingAreaTest.DistanceTo((PlayersWorlds.Maps.Areas.Evolving.FloatingArea[], 1.00x1.00, False))" methodname="DistanceTo" classname="PlayersWorlds.Maps.Areas.Evolving.FloatingAreaTest" runstate="Runnable" seed="1499663431" result="Passed" start-time="2024-06-07T14:39:05.5841780Z" end-time="2024-06-07T14:39:05.5841930Z" duration="0.000016" asserts="2" />
                  <test-case id="1-2066" name="DistanceTo((PlayersWorlds.Maps.Areas.Evolving.FloatingArea[], -1.00x-1.00, True))" fullname="PlayersWorlds.Maps.Areas.Evolving.FloatingAreaTest.DistanceTo((PlayersWorlds.Maps.Areas.Evolving.FloatingArea[], -1.00x-1.00, True))" methodname="DistanceTo" classname="PlayersWorlds.Maps.Areas.Evolving.FloatingAreaTest" runstate="Runnable" seed="58487309" result="Passed" start-time="2024-06-07T14:39:05.5841980Z" end-time="2024-06-07T14:39:05.5842130Z" duration="0.000015" asserts="2" />
                  <test-case id="1-2067" name="DistanceTo((PlayersWorlds.Maps.Areas.Evolving.FloatingArea[], 1.00x1.00, False))" fullname="PlayersWorlds.Maps.Areas.Evolving.FloatingAreaTest.DistanceTo((PlayersWorlds.Maps.Areas.Evolving.FloatingArea[], 1.00x1.00, False))" methodname="DistanceTo" classname="PlayersWorlds.Maps.Areas.Evolving.FloatingAreaTest" runstate="Runnable" seed="135129282" result="Passed" start-time="2024-06-07T14:39:05.5842170Z" end-time="2024-06-07T14:39:05.5842330Z" duration="0.000016" asserts="2" />
                </test-suite>
                <test-case id="1-2069" name="DistanceToDebug" fullname="PlayersWorlds.Maps.Areas.Evolving.FloatingAreaTest.DistanceToDebug" methodname="DistanceToDebug" classname="PlayersWorlds.Maps.Areas.Evolving.FloatingAreaTest" runstate="Runnable" seed="2132651359" result="Passed" start-time="2024-06-07T14:39:05.5842460Z" end-time="2024-06-07T14:39:05.5845630Z" duration="0.000317" asserts="2" />
                <test-case id="1-2049" name="Overlaps" fullname="PlayersWorlds.Maps.Areas.Evolving.FloatingAreaTest.Overlaps" methodname="Overlaps" classname="PlayersWorlds.Maps.Areas.Evolving.FloatingAreaTest" runstate="Runnable" seed="838441126" result="Passed" start-time="2024-06-07T14:39:05.5845710Z" end-time="2024-06-07T14:39:05.5848820Z" duration="0.000312" asserts="2" />
                <test-case id="1-2047" name="Parse" fullname="PlayersWorlds.Maps.Areas.Evolving.FloatingAreaTest.Parse" methodname="Parse" classname="PlayersWorlds.Maps.Areas.Evolving.FloatingAreaTest" runstate="Runnable" seed="1184237988" result="Passed" start-time="2024-06-07T14:39:05.5848900Z" end-time="2024-06-07T14:39:05.5850170Z" duration="0.000127" asserts="2" />
                <test-case id="1-2048" name="ToStringIsValid" fullname="PlayersWorlds.Maps.Areas.Evolving.FloatingAreaTest.ToStringIsValid" methodname="ToStringIsValid" classname="PlayersWorlds.Maps.Areas.Evolving.FloatingAreaTest" runstate="Runnable" seed="408447354" result="Passed" start-time="2024-06-07T14:39:05.5850240Z" end-time="2024-06-07T14:39:05.5851580Z" duration="0.000135" asserts="1" />
              </test-suite>
              <test-suite type="TestFixture" id="1-2070" name="ForceFormulaTestTest" fullname="PlayersWorlds.Maps.Areas.Evolving.ForceFormulaTestTest" classname="PlayersWorlds.Maps.Areas.Evolving.ForceFormulaTestTest" runstate="Runnable" testcasecount="8" result="Passed" start-time="2024-06-07T14:39:05.5851820Z" end-time="2024-06-07T14:39:05.5880300Z" duration="0.002849" total="8" passed="8" failed="0" warnings="0" inconclusive="0" skipped="0" asserts="42">
                <test-case id="1-2076" name="CollideForce_Negative" fullname="PlayersWorlds.Maps.Areas.Evolving.ForceFormulaTestTest.CollideForce_Negative" methodname="CollideForce_Negative" classname="PlayersWorlds.Maps.Areas.Evolving.ForceFormulaTestTest" runstate="Runnable" seed="755150668" result="Passed" start-time="2024-06-07T14:39:05.5852400Z" end-time="2024-06-07T14:39:05.5862090Z" duration="0.000970" asserts="9" />
                <test-case id="1-2075" name="CollideForce_Positive" fullname="PlayersWorlds.Maps.Areas.Evolving.ForceFormulaTestTest.CollideForce_Positive" methodname="CollideForce_Positive" classname="PlayersWorlds.Maps.Areas.Evolving.ForceFormulaTestTest" runstate="Runnable" seed="1989407462" result="Passed" start-time="2024-06-07T14:39:05.5862180Z" end-time="2024-06-07T14:39:05.5865580Z" duration="0.000340" asserts="9" />
                <test-case id="1-2072" name="NormalForce_Negative" fullname="PlayersWorlds.Maps.Areas.Evolving.ForceFormulaTestTest.NormalForce_Negative" methodname="NormalForce_Negative" classname="PlayersWorlds.Maps.Areas.Evolving.ForceFormulaTestTest" runstate="Runnable" seed="676926422" result="Passed" start-time="2024-06-07T14:39:05.5865660Z" end-time="2024-06-07T14:39:05.5870080Z" duration="0.000442" asserts="3" />
                <test-case id="1-2074" name="NormalForce_NegativeCapped" fullname="PlayersWorlds.Maps.Areas.Evolving.ForceFormulaTestTest.NormalForce_NegativeCapped" methodname="NormalForce_NegativeCapped" classname="PlayersWorlds.Maps.Areas.Evolving.ForceFormulaTestTest" runstate="Runnable" seed="604355182" result="Passed" start-time="2024-06-07T14:39:05.5870160Z" end-time="2024-06-07T14:39:05.5871890Z" duration="0.000173" asserts="5" />
                <test-case id="1-2071" name="NormalForce_Positive" fullname="PlayersWorlds.Maps.Areas.Evolving.ForceFormulaTestTest.NormalForce_Positive" methodname="NormalForce_Positive" classname="PlayersWorlds.Maps.Areas.Evolving.ForceFormulaTestTest" runstate="Runnable" seed="1846563957" result="Passed" start-time="2024-06-07T14:39:05.5871960Z" end-time="2024-06-07T14:39:05.5873170Z" duration="0.000121" asserts="3" />
                <test-case id="1-2073" name="NormalForce_PositiveCapped" fullname="PlayersWorlds.Maps.Areas.Evolving.ForceFormulaTestTest.NormalForce_PositiveCapped" methodname="NormalForce_PositiveCapped" classname="PlayersWorlds.Maps.Areas.Evolving.ForceFormulaTestTest" runstate="Runnable" seed="352897540" result="Passed" start-time="2024-06-07T14:39:05.5873240Z" end-time="2024-06-07T14:39:05.5874720Z" duration="0.000147" asserts="5" />
                <test-case id="1-2078" name="OverlapForce_Negative" fullname="PlayersWorlds.Maps.Areas.Evolving.ForceFormulaTestTest.OverlapForce_Negative" methodname="OverlapForce_Negative" classname="PlayersWorlds.Maps.Areas.Evolving.ForceFormulaTestTest" runstate="Runnable" seed="1024292646" result="Passed" start-time="2024-06-07T14:39:05.5874790Z" end-time="2024-06-07T14:39:05.5877600Z" duration="0.000282" asserts="4" />
                <test-case id="1-2077" name="OverlapForce_Positive" fullname="PlayersWorlds.Maps.Areas.Evolving.ForceFormulaTestTest.OverlapForce_Positive" methodname="OverlapForce_Positive" classname="PlayersWorlds.Maps.Areas.Evolving.ForceFormulaTestTest" runstate="Runnable" seed="338774509" result="Passed" start-time="2024-06-07T14:39:05.5877680Z" end-time="2024-06-07T14:39:05.5880200Z" duration="0.000253" asserts="4" />
              </test-suite>
              <test-suite type="TestFixture" id="1-2079" name="SideToSideForceProducerTest" fullname="PlayersWorlds.Maps.Areas.Evolving.SideToSideForceProducerTest" classname="PlayersWorlds.Maps.Areas.Evolving.SideToSideForceProducerTest" runstate="Runnable" testcasecount="22" result="Passed" start-time="2024-06-07T14:39:05.5880430Z" end-time="2024-06-07T14:39:05.5916670Z" duration="0.003624" total="22" passed="22" failed="0" warnings="0" inconclusive="0" skipped="0" asserts="79">
                <test-case id="1-2097" name="GetAxisDistance_Collide" fullname="PlayersWorlds.Maps.Areas.Evolving.SideToSideForceProducerTest.GetAxisDistance_Collide" methodname="GetAxisDistance_Collide" classname="PlayersWorlds.Maps.Areas.Evolving.SideToSideForceProducerTest" runstate="Runnable" seed="284748527" result="Passed" start-time="2024-06-07T14:39:05.5881070Z" end-time="2024-06-07T14:39:05.5886070Z" duration="0.000500" asserts="6" />
                <test-case id="1-2100" name="GetAxisDistance_Contain1" fullname="PlayersWorlds.Maps.Areas.Evolving.SideToSideForceProducerTest.GetAxisDistance_Contain1" methodname="GetAxisDistance_Contain1" classname="PlayersWorlds.Maps.Areas.Evolving.SideToSideForceProducerTest" runstate="Runnable" seed="350446284" result="Passed" start-time="2024-06-07T14:39:05.5886150Z" end-time="2024-06-07T14:39:05.5888660Z" duration="0.000251" asserts="6" />
                <test-case id="1-2101" name="GetAxisDistance_Contain2" fullname="PlayersWorlds.Maps.Areas.Evolving.SideToSideForceProducerTest.GetAxisDistance_Contain2" methodname="GetAxisDistance_Contain2" classname="PlayersWorlds.Maps.Areas.Evolving.SideToSideForceProducerTest" runstate="Runnable" seed="380974220" result="Passed" start-time="2024-06-07T14:39:05.5888730Z" end-time="2024-06-07T14:39:05.5891220Z" duration="0.000249" asserts="6" />
                <test-case id="1-2095" name="GetAxisDistance_Normal1" fullname="PlayersWorlds.Maps.Areas.Evolving.SideToSideForceProducerTest.GetAxisDistance_Normal1" methodname="GetAxisDistance_Normal1" classname="PlayersWorlds.Maps.Areas.Evolving.SideToSideForceProducerTest" runstate="Runnable" seed="1193507230" result="Passed" start-time="2024-06-07T14:39:05.5891290Z" end-time="2024-06-07T14:39:05.5893700Z" duration="0.000240" asserts="6" />
                <test-case id="1-2096" name="GetAxisDistance_Normal2" fullname="PlayersWorlds.Maps.Areas.Evolving.SideToSideForceProducerTest.GetAxisDistance_Normal2" methodname="GetAxisDistance_Normal2" classname="PlayersWorlds.Maps.Areas.Evolving.SideToSideForceProducerTest" runstate="Runnable" seed="1917062081" result="Passed" start-time="2024-06-07T14:39:05.5893770Z" end-time="2024-06-07T14:39:05.5896070Z" duration="0.000230" asserts="6" />
                <test-case id="1-2098" name="GetAxisDistance_Overlap1" fullname="PlayersWorlds.Maps.Areas.Evolving.SideToSideForceProducerTest.GetAxisDistance_Overlap1" methodname="GetAxisDistance_Overlap1" classname="PlayersWorlds.Maps.Areas.Evolving.SideToSideForceProducerTest" runstate="Runnable" seed="848724080" result="Passed" start-time="2024-06-07T14:39:05.5896140Z" end-time="2024-06-07T14:39:05.5898360Z" duration="0.000222" asserts="6" />
                <test-case id="1-2099" name="GetAxisDistance_Overlap2" fullname="PlayersWorlds.Maps.Areas.Evolving.SideToSideForceProducerTest.GetAxisDistance_Overlap2" methodname="GetAxisDistance_Overlap2" classname="PlayersWorlds.Maps.Areas.Evolving.SideToSideForceProducerTest" runstate="Runnable" seed="714051779" result="Passed" start-time="2024-06-07T14:39:05.5898440Z" end-time="2024-06-07T14:39:05.5900690Z" duration="0.000226" asserts="6" />
                <test-case id="1-2089" name="GetOpposingForce_CentersInside_NoOpposingForce" fullname="PlayersWorlds.Maps.Areas.Evolving.SideToSideForceProducerTest.GetOpposingForce_CentersInside_NoOpposingForce" methodname="GetOpposingForce_CentersInside_NoOpposingForce" classname="PlayersWorlds.Maps.Areas.Evolving.SideToSideForceProducerTest" runstate="Runnable" seed="1321435479" result="Passed" start-time="2024-06-07T14:39:05.5900760Z" end-time="2024-06-07T14:39:05.5902690Z" duration="0.000193" asserts="2" />
                <test-case id="1-2090" name="GetOpposingForce_CentersInside_WithOpposingForce" fullname="PlayersWorlds.Maps.Areas.Evolving.SideToSideForceProducerTest.GetOpposingForce_CentersInside_WithOpposingForce" methodname="GetOpposingForce_CentersInside_WithOpposingForce" classname="PlayersWorlds.Maps.Areas.Evolving.SideToSideForceProducerTest" runstate="Runnable" seed="998622082" result="Passed" start-time="2024-06-07T14:39:05.5902760Z" end-time="2024-06-07T14:39:05.5903640Z" duration="0.000088" asserts="2" />
                <test-case id="1-2091" name="GetOpposingForce_CentersOutside_NoOpposingForce" fullname="PlayersWorlds.Maps.Areas.Evolving.SideToSideForceProducerTest.GetOpposingForce_CentersOutside_NoOpposingForce" methodname="GetOpposingForce_CentersOutside_NoOpposingForce" classname="PlayersWorlds.Maps.Areas.Evolving.SideToSideForceProducerTest" runstate="Runnable" seed="1479992481" result="Passed" start-time="2024-06-07T14:39:05.5903710Z" end-time="2024-06-07T14:39:05.5904520Z" duration="0.000081" asserts="2" />
                <test-case id="1-2092" name="GetOpposingForce_CentersOutside_WithOpposingForce" fullname="PlayersWorlds.Maps.Areas.Evolving.SideToSideForceProducerTest.GetOpposingForce_CentersOutside_WithOpposingForce" methodname="GetOpposingForce_CentersOutside_WithOpposingForce" classname="PlayersWorlds.Maps.Areas.Evolving.SideToSideForceProducerTest" runstate="Runnable" seed="1005744499" result="Passed" start-time="2024-06-07T14:39:05.5904600Z" end-time="2024-06-07T14:39:05.5905380Z" duration="0.000078" asserts="2" />
                <test-case id="1-2093" name="GetOpposingForce_NoIntersection_NoOpposingForce" fullname="PlayersWorlds.Maps.Areas.Evolving.SideToSideForceProducerTest.GetOpposingForce_NoIntersection_NoOpposingForce" methodname="GetOpposingForce_NoIntersection_NoOpposingForce" classname="PlayersWorlds.Maps.Areas.Evolving.SideToSideForceProducerTest" runstate="Runnable" seed="1818913785" result="Passed" start-time="2024-06-07T14:39:05.5905440Z" end-time="2024-06-07T14:39:05.5906190Z" duration="0.000075" asserts="2" />
                <test-case id="1-2094" name="GetOpposingForce_NoIntersection_WithOpposingForce" fullname="PlayersWorlds.Maps.Areas.Evolving.SideToSideForceProducerTest.GetOpposingForce_NoIntersection_WithOpposingForce" methodname="GetOpposingForce_NoIntersection_WithOpposingForce" classname="PlayersWorlds.Maps.Areas.Evolving.SideToSideForceProducerTest" runstate="Runnable" seed="1125703498" result="Passed" start-time="2024-06-07T14:39:05.5906250Z" end-time="2024-06-07T14:39:05.5906980Z" duration="0.000073" asserts="2" />
                <test-case id="1-2087" name="GetOpposingForce_WhenCenterMatches_NoOpposingForce" fullname="PlayersWorlds.Maps.Areas.Evolving.SideToSideForceProducerTest.GetOpposingForce_WhenCenterMatches_NoOpposingForce" methodname="GetOpposingForce_WhenCenterMatches_NoOpposingForce" classname="PlayersWorlds.Maps.Areas.Evolving.SideToSideForceProducerTest" runstate="Runnable" seed="966620884" result="Passed" start-time="2024-06-07T14:39:05.5907050Z" end-time="2024-06-07T14:39:05.5907820Z" duration="0.000078" asserts="2" />
                <test-case id="1-2088" name="GetOpposingForce_WhenCenterMatches_WithOpposingForce" fullname="PlayersWorlds.Maps.Areas.Evolving.SideToSideForceProducerTest.GetOpposingForce_WhenCenterMatches_WithOpposingForce" methodname="GetOpposingForce_WhenCenterMatches_WithOpposingForce" classname="PlayersWorlds.Maps.Areas.Evolving.SideToSideForceProducerTest" runstate="Runnable" seed="777763647" result="Passed" start-time="2024-06-07T14:39:05.5907890Z" end-time="2024-06-07T14:39:05.5908660Z" duration="0.000077" asserts="2" />
                <test-case id="1-2083" name="MapAreaSystemTest_DistanceCentersMatch" fullname="PlayersWorlds.Maps.Areas.Evolving.SideToSideForceProducerTest.MapAreaSystemTest_DistanceCentersMatch" methodname="MapAreaSystemTest_DistanceCentersMatch" classname="PlayersWorlds.Maps.Areas.Evolving.SideToSideForceProducerTest" runstate="Runnable" seed="1886075684" result="Passed" start-time="2024-06-07T14:39:05.5908720Z" end-time="2024-06-07T14:39:05.5909860Z" duration="0.000114" asserts="3" />
                <test-case id="1-2086" name="MapAreaSystemTest_DistanceNegativeCollide" fullname="PlayersWorlds.Maps.Areas.Evolving.SideToSideForceProducerTest.MapAreaSystemTest_DistanceNegativeCollide" methodname="MapAreaSystemTest_DistanceNegativeCollide" classname="PlayersWorlds.Maps.Areas.Evolving.SideToSideForceProducerTest" runstate="Runnable" seed="714308138" result="Passed" start-time="2024-06-07T14:39:05.5909930Z" end-time="2024-06-07T14:39:05.5911010Z" duration="0.000109" asserts="3" />
                <test-case id="1-2084" name="MapAreaSystemTest_DistanceNegativeNormal" fullname="PlayersWorlds.Maps.Areas.Evolving.SideToSideForceProducerTest.MapAreaSystemTest_DistanceNegativeNormal" methodname="MapAreaSystemTest_DistanceNegativeNormal" classname="PlayersWorlds.Maps.Areas.Evolving.SideToSideForceProducerTest" runstate="Runnable" seed="1531518866" result="Passed" start-time="2024-06-07T14:39:05.5911080Z" end-time="2024-06-07T14:39:05.5912130Z" duration="0.000105" asserts="3" />
                <test-case id="1-2085" name="MapAreaSystemTest_DistanceNegativeOverlap" fullname="PlayersWorlds.Maps.Areas.Evolving.SideToSideForceProducerTest.MapAreaSystemTest_DistanceNegativeOverlap" methodname="MapAreaSystemTest_DistanceNegativeOverlap" classname="PlayersWorlds.Maps.Areas.Evolving.SideToSideForceProducerTest" runstate="Runnable" seed="716953392" result="Passed" start-time="2024-06-07T14:39:05.5912210Z" end-time="2024-06-07T14:39:05.5913210Z" duration="0.000101" asserts="3" />
                <test-case id="1-2082" name="MapAreaSystemTest_DistancePositiveCollide" fullname="PlayersWorlds.Maps.Areas.Evolving.SideToSideForceProducerTest.MapAreaSystemTest_DistancePositiveCollide" methodname="MapAreaSystemTest_DistancePositiveCollide" classname="PlayersWorlds.Maps.Areas.Evolving.SideToSideForceProducerTest" runstate="Runnable" seed="544624077" result="Passed" start-time="2024-06-07T14:39:05.5913280Z" end-time="2024-06-07T14:39:05.5914370Z" duration="0.000109" asserts="3" />
                <test-case id="1-2080" name="MapAreaSystemTest_DistancePositiveNormal" fullname="PlayersWorlds.Maps.Areas.Evolving.SideToSideForceProducerTest.MapAreaSystemTest_DistancePositiveNormal" methodname="MapAreaSystemTest_DistancePositiveNormal" classname="PlayersWorlds.Maps.Areas.Evolving.SideToSideForceProducerTest" runstate="Runnable" seed="1025038659" result="Passed" start-time="2024-06-07T14:39:05.5914440Z" end-time="2024-06-07T14:39:05.5915490Z" duration="0.000105" asserts="3" />
                <test-case id="1-2081" name="MapAreaSystemTest_DistancePositiveOverlap" fullname="PlayersWorlds.Maps.Areas.Evolving.SideToSideForceProducerTest.MapAreaSystemTest_DistancePositiveOverlap" methodname="MapAreaSystemTest_DistancePositiveOverlap" classname="PlayersWorlds.Maps.Areas.Evolving.SideToSideForceProducerTest" runstate="Runnable" seed="471144810" result="Passed" start-time="2024-06-07T14:39:05.5915560Z" end-time="2024-06-07T14:39:05.5916560Z" duration="0.000100" asserts="3" />
              </test-suite>
            </test-suite>
            <test-suite type="TestFixture" id="1-1949" name="MapAreaTest" fullname="PlayersWorlds.Maps.Areas.MapAreaTest" classname="PlayersWorlds.Maps.Areas.MapAreaTest" runstate="Runnable" testcasecount="6" result="Passed" start-time="2024-06-07T14:39:05.5916900Z" end-time="2024-06-07T14:39:05.5969580Z" duration="0.005268" total="6" passed="6" failed="0" warnings="0" inconclusive="0" skipped="0" asserts="27">
              <test-case id="1-1952" name="Overlaps_ReturnsFalseIfDoesNotOverlap" fullname="PlayersWorlds.Maps.Areas.MapAreaTest.Overlaps_ReturnsFalseIfDoesNotOverlap" methodname="Overlaps_ReturnsFalseIfDoesNotOverlap" classname="PlayersWorlds.Maps.Areas.MapAreaTest" runstate="Runnable" seed="834147827" result="Passed" start-time="2024-06-07T14:39:05.5917500Z" end-time="2024-06-07T14:39:05.5941910Z" duration="0.002441" asserts="15" />
              <test-case id="1-1951" name="Overlaps_ReturnsTrueIfOverlaps" fullname="PlayersWorlds.Maps.Areas.MapAreaTest.Overlaps_ReturnsTrueIfOverlaps" methodname="Overlaps_ReturnsTrueIfOverlaps" classname="PlayersWorlds.Maps.Areas.MapAreaTest" runstate="Runnable" seed="282252140" result="Passed" start-time="2024-06-07T14:39:05.5942000Z" end-time="2024-06-07T14:39:05.5945120Z" duration="0.000312" asserts="7" />
              <test-case id="1-1950" name="Overlaps_ThrowsIfSame" fullname="PlayersWorlds.Maps.Areas.MapAreaTest.Overlaps_ThrowsIfSame" methodname="Overlaps_ThrowsIfSame" classname="PlayersWorlds.Maps.Areas.MapAreaTest" runstate="Runnable" seed="1827927943" result="Passed" start-time="2024-06-07T14:39:05.5945200Z" end-time="2024-06-07T14:39:05.5953200Z" duration="0.000800" asserts="2" />
              <test-case id="1-1954" name="Position_DoesNotThrowIfInitialized" fullname="PlayersWorlds.Maps.Areas.MapAreaTest.Position_DoesNotThrowIfInitialized" methodname="Position_DoesNotThrowIfInitialized" classname="PlayersWorlds.Maps.Areas.MapAreaTest" runstate="Runnable" seed="538447789" result="Passed" start-time="2024-06-07T14:39:05.5953280Z" end-time="2024-06-07T14:39:05.5955740Z" duration="0.000246" asserts="1" />
              <test-case id="1-1953" name="Position_UnpositionedThrowsIfNotInitialized" fullname="PlayersWorlds.Maps.Areas.MapAreaTest.Position_UnpositionedThrowsIfNotInitialized" methodname="Position_UnpositionedThrowsIfNotInitialized" classname="PlayersWorlds.Maps.Areas.MapAreaTest" runstate="Runnable" seed="15120517" result="Passed" start-time="2024-06-07T14:39:05.5955820Z" end-time="2024-06-07T14:39:05.5964570Z" duration="0.000875" asserts="1" />
              <test-case id="1-1955" name="ThrowsIfWrongParameters" fullname="PlayersWorlds.Maps.Areas.MapAreaTest.ThrowsIfWrongParameters" methodname="ThrowsIfWrongParameters" classname="PlayersWorlds.Maps.Areas.MapAreaTest" runstate="Runnable" seed="735231819" result="Passed" start-time="2024-06-07T14:39:05.5964650Z" end-time="2024-06-07T14:39:05.5969460Z" duration="0.000482" asserts="1" />
            </test-suite>
          </test-suite>
          <test-suite type="TestFixture" id="1-1004" name="AssemblyInfoTest" fullname="PlayersWorlds.Maps.AssemblyInfoTest" classname="PlayersWorlds.Maps.AssemblyInfoTest" runstate="Runnable" testcasecount="2" result="Passed" start-time="2024-06-07T14:39:05.5969790Z" end-time="2024-06-07T14:39:05.5993880Z" duration="0.002409" total="2" passed="2" failed="0" warnings="0" inconclusive="0" skipped="0" asserts="4">
            <test-case id="1-1006" name="TestAssemblyCompany" fullname="PlayersWorlds.Maps.AssemblyInfoTest.TestAssemblyCompany" methodname="TestAssemblyCompany" classname="PlayersWorlds.Maps.AssemblyInfoTest" runstate="Runnable" seed="1553596470" result="Passed" start-time="2024-06-07T14:39:05.5970400Z" end-time="2024-06-07T14:39:05.5990640Z" duration="0.002024" asserts="2" />
            <test-case id="1-1005" name="TestAssemblyTitle" fullname="PlayersWorlds.Maps.AssemblyInfoTest.TestAssemblyTitle" methodname="TestAssemblyTitle" classname="PlayersWorlds.Maps.AssemblyInfoTest" runstate="Runnable" seed="1680666845" result="Passed" start-time="2024-06-07T14:39:05.5990740Z" end-time="2024-06-07T14:39:05.5993730Z" duration="0.000299" asserts="2" />
          </test-suite>
          <test-suite type="TestFixture" id="1-1007" name="CellTest" fullname="PlayersWorlds.Maps.CellTest" classname="PlayersWorlds.Maps.CellTest" runstate="Runnable" testcasecount="2" result="Passed" start-time="2024-06-07T14:39:05.5994070Z" end-time="2024-06-07T14:39:05.6001780Z" duration="0.000771" total="2" passed="2" failed="0" warnings="0" inconclusive="0" skipped="0" asserts="4">
            <test-case id="1-1008" name="CellTagEqualityTest" fullname="PlayersWorlds.Maps.CellTest.CellTagEqualityTest" methodname="CellTagEqualityTest" classname="PlayersWorlds.Maps.CellTest" runstate="Runnable" seed="1042813206" result="Passed" start-time="2024-06-07T14:39:05.5995350Z" end-time="2024-06-07T14:39:05.5999940Z" duration="0.000459" asserts="3" />
            <test-case id="1-1009" name="Serialize" fullname="PlayersWorlds.Maps.CellTest.Serialize" methodname="Serialize" classname="PlayersWorlds.Maps.CellTest" runstate="Runnable" seed="1791153602" result="Passed" start-time="2024-06-07T14:39:05.6000050Z" end-time="2024-06-07T14:39:05.6001660Z" duration="0.000161" asserts="1" />
          </test-suite>
          <test-suite type="TestFixture" id="1-1010" name="ExtensionsTest" fullname="PlayersWorlds.Maps.ExtensionsTest" classname="PlayersWorlds.Maps.ExtensionsTest" runstate="Runnable" testcasecount="7" result="Passed" start-time="2024-06-07T14:39:05.6001950Z" end-time="2024-06-07T14:39:05.6058130Z" duration="0.005618" total="7" passed="7" failed="0" warnings="0" inconclusive="0" skipped="0" asserts="12">
            <test-case id="1-1013" name="DebugString" fullname="PlayersWorlds.Maps.ExtensionsTest.DebugString" methodname="DebugString" classname="PlayersWorlds.Maps.ExtensionsTest" runstate="Runnable" seed="390942638" result="Passed" start-time="2024-06-07T14:39:05.6002690Z" end-time="2024-06-07T14:39:05.6004800Z" duration="0.000211" asserts="1" />
            <test-case id="1-1016" name="GetAllDictionaryItems" fullname="PlayersWorlds.Maps.ExtensionsTest.GetAllDictionaryItems" methodname="GetAllDictionaryItems" classname="PlayersWorlds.Maps.ExtensionsTest" runstate="Runnable" seed="569927419" result="Passed" start-time="2024-06-07T14:39:05.6004880Z" end-time="2024-06-07T14:39:05.6022200Z" duration="0.001733" asserts="1" />
            <test-case id="1-1017" name="GetAllHashSetKeys" fullname="PlayersWorlds.Maps.ExtensionsTest.GetAllHashSetKeys" methodname="GetAllHashSetKeys" classname="PlayersWorlds.Maps.ExtensionsTest" runstate="Runnable" seed="1319178818" result="Passed" start-time="2024-06-07T14:39:05.6022290Z" end-time="2024-06-07T14:39:05.6030850Z" duration="0.000857" asserts="1" />
            <test-case id="1-1014" name="Set" fullname="PlayersWorlds.Maps.ExtensionsTest.Set" methodname="Set" classname="PlayersWorlds.Maps.ExtensionsTest" runstate="Runnable" seed="223953305" result="Passed" start-time="2024-06-07T14:39:05.6030940Z" end-time="2024-06-07T14:39:05.6039310Z" duration="0.000837" asserts="3" />
            <test-case id="1-1015" name="SetList" fullname="PlayersWorlds.Maps.ExtensionsTest.SetList" methodname="SetList" classname="PlayersWorlds.Maps.ExtensionsTest" runstate="Runnable" seed="1576549582" result="Passed" start-time="2024-06-07T14:39:05.6039390Z" end-time="2024-06-07T14:39:05.6052600Z" duration="0.001321" asserts="3" />
            <test-case id="1-1012" name="TryDequeue_Dequeues" fullname="PlayersWorlds.Maps.ExtensionsTest.TryDequeue_Dequeues" methodname="TryDequeue_Dequeues" classname="PlayersWorlds.Maps.ExtensionsTest" runstate="Runnable" seed="2038113523" result="Passed" start-time="2024-06-07T14:39:05.6052690Z" end-time="2024-06-07T14:39:05.6056590Z" duration="0.000390" asserts="2" />
            <test-case id="1-1011" name="TryDequeue_DoesNotThrow" fullname="PlayersWorlds.Maps.ExtensionsTest.TryDequeue_DoesNotThrow" methodname="TryDequeue_DoesNotThrow" classname="PlayersWorlds.Maps.ExtensionsTest" runstate="Runnable" seed="572888434" result="Passed" start-time="2024-06-07T14:39:05.6056730Z" end-time="2024-06-07T14:39:05.6058020Z" duration="0.000129" asserts="1" />
          </test-suite>
          <test-suite type="TestFixture" id="1-1018" name="GlobalRandomTest" fullname="PlayersWorlds.Maps.GlobalRandomTest" classname="PlayersWorlds.Maps.GlobalRandomTest" runstate="Runnable" testcasecount="3" result="Passed" start-time="2024-06-07T14:39:05.6058260Z" end-time="2024-06-07T14:39:05.6083600Z" duration="0.002534" total="3" passed="3" failed="0" warnings="0" inconclusive="0" skipped="0" asserts="1002">
            <test-case id="1-1019" name="RandomCollectionItem" fullname="PlayersWorlds.Maps.GlobalRandomTest.RandomCollectionItem" methodname="RandomCollectionItem" classname="PlayersWorlds.Maps.GlobalRandomTest" runstate="Runnable" seed="842431087" result="Passed" start-time="2024-06-07T14:39:05.6058810Z" end-time="2024-06-07T14:39:05.6064800Z" duration="0.000599" asserts="1" />
            <test-case id="1-1021" name="RandomInRange" fullname="PlayersWorlds.Maps.GlobalRandomTest.RandomInRange" methodname="RandomInRange" classname="PlayersWorlds.Maps.GlobalRandomTest" runstate="Runnable" seed="1195501059" result="Passed" start-time="2024-06-07T14:39:05.6064880Z" end-time="2024-06-07T14:39:05.6081570Z" duration="0.001669" asserts="1000" />
            <test-case id="1-1020" name="ThrowsIfEmptyCollection" fullname="PlayersWorlds.Maps.GlobalRandomTest.ThrowsIfEmptyCollection" methodname="ThrowsIfEmptyCollection" classname="PlayersWorlds.Maps.GlobalRandomTest" runstate="Runnable" seed="814321184" result="Passed" start-time="2024-06-07T14:39:05.6081650Z" end-time="2024-06-07T14:39:05.6083500Z" duration="0.000186" asserts="1" />
          </test-suite>
          <test-suite type="TestFixture" id="1-1022" name="Map2DTest" fullname="PlayersWorlds.Maps.Map2DTest" classname="PlayersWorlds.Maps.Map2DTest" runstate="Runnable" testcasecount="1" result="Passed" start-time="2024-06-07T14:39:05.6083730Z" end-time="2024-06-07T14:39:05.6104280Z" duration="0.002056" total="1" passed="1" failed="0" warnings="0" inconclusive="0" skipped="0" asserts="6">
            <test-case id="1-1023" name="ParseMap" fullname="PlayersWorlds.Maps.Map2DTest.ParseMap" methodname="ParseMap" classname="PlayersWorlds.Maps.Map2DTest" runstate="Runnable" seed="1200369415" result="Passed" start-time="2024-06-07T14:39:05.6092340Z" end-time="2024-06-07T14:39:05.6104170Z" duration="0.001183" asserts="6" />
          </test-suite>
          <test-suite type="TestSuite" id="1-2109" name="MapFilters" fullname="PlayersWorlds.Maps.MapFilters" runstate="Runnable" testcasecount="5" result="Passed" start-time="2024-06-07T14:37:48.7408340Z" end-time="2024-06-07T14:39:05.6172920Z" duration="76.876457" total="5" passed="5" failed="0" warnings="0" inconclusive="0" skipped="0" asserts="10">
            <test-suite type="TestFixture" id="1-1943" name="Map2DEraseSpotsTest" fullname="PlayersWorlds.Maps.MapFilters.Map2DEraseSpotsTest" classname="PlayersWorlds.Maps.MapFilters.Map2DEraseSpotsTest" runstate="Runnable" testcasecount="5" result="Passed" start-time="2024-06-07T14:39:05.6104400Z" end-time="2024-06-07T14:39:05.6172850Z" duration="0.006844" total="5" passed="5" failed="0" warnings="0" inconclusive="0" skipped="0" asserts="10">
              <test-case id="1-1944" name="BackslashEraseSpots" fullname="PlayersWorlds.Maps.MapFilters.Map2DEraseSpotsTest.BackslashEraseSpots" methodname="BackslashEraseSpots" classname="PlayersWorlds.Maps.MapFilters.Map2DEraseSpotsTest" runstate="Runnable" seed="14077399" result="Passed" start-time="2024-06-07T14:39:05.6104950Z" end-time="2024-06-07T14:39:05.6148180Z" duration="0.004323" asserts="1" />
              <test-case id="1-1948" name="SmoothBoxEraseSpots" fullname="PlayersWorlds.Maps.MapFilters.Map2DEraseSpotsTest.SmoothBoxEraseSpots" methodname="SmoothBoxEraseSpots" classname="PlayersWorlds.Maps.MapFilters.Map2DEraseSpotsTest" runstate="Runnable" seed="825127661" result="Passed" start-time="2024-06-07T14:39:05.6148290Z" end-time="2024-06-07T14:39:05.6154230Z" duration="0.000594" asserts="1" />
              <test-case id="1-1947" name="SmoothBoxVoidBgEraseSpots" fullname="PlayersWorlds.Maps.MapFilters.Map2DEraseSpotsTest.SmoothBoxVoidBgEraseSpots" methodname="SmoothBoxVoidBgEraseSpots" classname="PlayersWorlds.Maps.MapFilters.Map2DEraseSpotsTest" runstate="Runnable" seed="921840099" result="Passed" start-time="2024-06-07T14:39:05.6154310Z" end-time="2024-06-07T14:39:05.6158220Z" duration="0.000390" asserts="1" />
              <test-case id="1-1946" name="Spot1x3SpotsEraseSpots" fullname="PlayersWorlds.Maps.MapFilters.Map2DEraseSpotsTest.Spot1x3SpotsEraseSpots" methodname="Spot1x3SpotsEraseSpots" classname="PlayersWorlds.Maps.MapFilters.Map2DEraseSpotsTest" runstate="Runnable" seed="1396795242" result="Passed" start-time="2024-06-07T14:39:05.6158300Z" end-time="2024-06-07T14:39:05.6161890Z" duration="0.000360" asserts="1" />
              <test-case id="1-1945" name="VariousSpotsEraseSpots" fullname="PlayersWorlds.Maps.MapFilters.Map2DEraseSpotsTest.VariousSpotsEraseSpots" methodname="VariousSpotsEraseSpots" classname="PlayersWorlds.Maps.MapFilters.Map2DEraseSpotsTest" runstate="Runnable" seed="361508145" result="Passed" start-time="2024-06-07T14:39:05.6161980Z" end-time="2024-06-07T14:39:05.6172730Z" duration="0.001076" asserts="6" />
            </test-suite>
          </test-suite>
          <test-suite type="TestSuite" id="1-2107" name="Maze" fullname="PlayersWorlds.Maps.Maze" runstate="Runnable" testcasecount="776" result="Skipped" label="Ignored" site="Child" start-time="2024-06-07T14:37:48.7408400Z" end-time="2024-06-07T14:45:02.8903400Z" duration="434.149500" total="776" passed="528" failed="0" warnings="0" inconclusive="0" skipped="248" asserts="14287">
            <reason>
              <message><![CDATA[One or more child tests were ignored]]></message>
            </reason>
            <test-suite type="TestFixture" id="1-1147" name="Maze2DBuilderTest" fullname="PlayersWorlds.Maps.Maze.Maze2DBuilderTest" classname="PlayersWorlds.Maps.Maze.Maze2DBuilderTest" runstate="Runnable" testcasecount="21" result="Passed" start-time="2024-06-07T14:39:05.6173060Z" end-time="2024-06-07T14:39:05.7263890Z" duration="0.109084" total="21" passed="21" failed="0" warnings="0" inconclusive="0" skipped="0" asserts="7096">
              <test-case id="1-1166" name="ApplyAreas" fullname="PlayersWorlds.Maps.Maze.Maze2DBuilderTest.ApplyAreas" methodname="ApplyAreas" classname="PlayersWorlds.Maps.Maze.Maze2DBuilderTest" runstate="Runnable" seed="957265649" result="Passed" start-time="2024-06-07T14:39:05.6173650Z" end-time="2024-06-07T14:39:05.6299880Z" duration="0.012623" asserts="4" />
              <test-case id="1-1148" name="BuildsCorrectCellsCollections" fullname="PlayersWorlds.Maps.Maze.Maze2DBuilderTest.BuildsCorrectCellsCollections" methodname="BuildsCorrectCellsCollections" classname="PlayersWorlds.Maps.Maze.Maze2DBuilderTest" runstate="Runnable" seed="187874559" result="Passed" start-time="2024-06-07T14:39:05.6299970Z" end-time="2024-06-07T14:39:05.6327760Z" duration="0.002779" asserts="2" />
              <test-case id="1-1149" name="BuildsCorrectCellsCollectionsWithHallAreas" fullname="PlayersWorlds.Maps.Maze.Maze2DBuilderTest.BuildsCorrectCellsCollectionsWithHallAreas" methodname="BuildsCorrectCellsCollectionsWithHallAreas" classname="PlayersWorlds.Maps.Maze.Maze2DBuilderTest" runstate="Runnable" seed="831659107" result="Passed" start-time="2024-06-07T14:39:05.6327850Z" end-time="2024-06-07T14:39:05.6356860Z" duration="0.002901" asserts="4" />
              <test-case id="1-1150" name="BuildsCorrectCellsCollectionsWithHallAreasAtTheEdge" fullname="PlayersWorlds.Maps.Maze.Maze2DBuilderTest.BuildsCorrectCellsCollectionsWithHallAreasAtTheEdge" methodname="BuildsCorrectCellsCollectionsWithHallAreasAtTheEdge" classname="PlayersWorlds.Maps.Maze.Maze2DBuilderTest" runstate="Runnable" seed="1250757036" result="Passed" start-time="2024-06-07T14:39:05.6356950Z" end-time="2024-06-07T14:39:05.6374280Z" duration="0.001733" asserts="4" />
              <test-case id="1-1168" name="CanConnect" fullname="PlayersWorlds.Maps.Maze.Maze2DBuilderTest.CanConnect" methodname="CanConnect" classname="PlayersWorlds.Maps.Maze.Maze2DBuilderTest" runstate="Runnable" seed="973044501" result="Passed" start-time="2024-06-07T14:39:05.6374360Z" end-time="2024-06-07T14:39:05.6476600Z" duration="0.010224" asserts="11" />
              <test-case id="1-1156" name="IsFillComplete_Full" fullname="PlayersWorlds.Maps.Maze.Maze2DBuilderTest.IsFillComplete_Full" methodname="IsFillComplete_Full" classname="PlayersWorlds.Maps.Maze.Maze2DBuilderTest" runstate="Runnable" seed="1249399890" result="Passed" start-time="2024-06-07T14:39:05.6476690Z" end-time="2024-06-07T14:39:05.6482830Z" duration="0.000614" asserts="4" />
              <test-case id="1-1159" name="IsFillComplete_Full_WithCave" fullname="PlayersWorlds.Maps.Maze.Maze2DBuilderTest.IsFillComplete_Full_WithCave" methodname="IsFillComplete_Full_WithCave" classname="PlayersWorlds.Maps.Maze.Maze2DBuilderTest" runstate="Runnable" seed="561958366" result="Passed" start-time="2024-06-07T14:39:05.6482910Z" end-time="2024-06-07T14:39:05.6496870Z" duration="0.001396" asserts="3" />
              <test-case id="1-1158" name="IsFillComplete_Full_WithFill" fullname="PlayersWorlds.Maps.Maze.Maze2DBuilderTest.IsFillComplete_Full_WithFill" methodname="IsFillComplete_Full_WithFill" classname="PlayersWorlds.Maps.Maze.Maze2DBuilderTest" runstate="Runnable" seed="806639377" result="Passed" start-time="2024-06-07T14:39:05.6496960Z" end-time="2024-06-07T14:39:05.6504680Z" duration="0.000772" asserts="2" />
              <test-case id="1-1157" name="IsFillComplete_Full_WithHall" fullname="PlayersWorlds.Maps.Maze.Maze2DBuilderTest.IsFillComplete_Full_WithHall" methodname="IsFillComplete_Full_WithHall" classname="PlayersWorlds.Maps.Maze.Maze2DBuilderTest" runstate="Runnable" seed="158230136" result="Passed" start-time="2024-06-07T14:39:05.6504760Z" end-time="2024-06-07T14:39:05.6520030Z" duration="0.001527" asserts="2" />
              <test-case id="1-1161" name="IsFillComplete_FullHeight" fullname="PlayersWorlds.Maps.Maze.Maze2DBuilderTest.IsFillComplete_FullHeight" methodname="IsFillComplete_FullHeight" classname="PlayersWorlds.Maps.Maze.Maze2DBuilderTest" runstate="Runnable" seed="1915899988" result="Passed" start-time="2024-06-07T14:39:05.6520110Z" end-time="2024-06-07T14:39:05.6525120Z" duration="0.000502" asserts="3" />
              <test-case id="1-1160" name="IsFillComplete_FullWidth" fullname="PlayersWorlds.Maps.Maze.Maze2DBuilderTest.IsFillComplete_FullWidth" methodname="IsFillComplete_FullWidth" classname="PlayersWorlds.Maps.Maze.Maze2DBuilderTest" runstate="Runnable" seed="1074884760" result="Passed" start-time="2024-06-07T14:39:05.6525200Z" end-time="2024-06-07T14:39:05.6527960Z" duration="0.000276" asserts="3" />
              <test-case id="1-1163" name="IsFillComplete_Half" fullname="PlayersWorlds.Maps.Maze.Maze2DBuilderTest.IsFillComplete_Half" methodname="IsFillComplete_Half" classname="PlayersWorlds.Maps.Maze.Maze2DBuilderTest" runstate="Runnable" seed="2136453846" result="Passed" start-time="2024-06-07T14:39:05.6528040Z" end-time="2024-06-07T14:39:05.6529940Z" duration="0.000190" asserts="2" />
              <test-case id="1-1165" name="IsFillComplete_NinetyPercent" fullname="PlayersWorlds.Maps.Maze.Maze2DBuilderTest.IsFillComplete_NinetyPercent" methodname="IsFillComplete_NinetyPercent" classname="PlayersWorlds.Maps.Maze.Maze2DBuilderTest" runstate="Runnable" seed="141520945" result="Passed" start-time="2024-06-07T14:39:05.6530010Z" end-time="2024-06-07T14:39:05.6532600Z" duration="0.000259" asserts="4" />
              <test-case id="1-1155" name="IsFillComplete_NoCells" fullname="PlayersWorlds.Maps.Maze.Maze2DBuilderTest.IsFillComplete_NoCells" methodname="IsFillComplete_NoCells" classname="PlayersWorlds.Maps.Maze.Maze2DBuilderTest" runstate="Runnable" seed="192847441" result="Passed" start-time="2024-06-07T14:39:05.6532670Z" end-time="2024-06-07T14:39:05.6534800Z" duration="0.000213" asserts="1" />
              <test-case id="1-1162" name="IsFillComplete_Quarter" fullname="PlayersWorlds.Maps.Maze.Maze2DBuilderTest.IsFillComplete_Quarter" methodname="IsFillComplete_Quarter" classname="PlayersWorlds.Maps.Maze.Maze2DBuilderTest" runstate="Runnable" seed="1674868189" result="Passed" start-time="2024-06-07T14:39:05.6534870Z" end-time="2024-06-07T14:39:05.6536720Z" duration="0.000186" asserts="2" />
              <test-case id="1-1164" name="IsFillComplete_ThreeQuarters" fullname="PlayersWorlds.Maps.Maze.Maze2DBuilderTest.IsFillComplete_ThreeQuarters" methodname="IsFillComplete_ThreeQuarters" classname="PlayersWorlds.Maps.Maze.Maze2DBuilderTest" runstate="Runnable" seed="265338080" result="Passed" start-time="2024-06-07T14:39:05.6536790Z" end-time="2024-06-07T14:39:05.6538990Z" duration="0.000219" asserts="3" />
              <test-case id="1-1154" name="IterateUnlinkedCells_IteratesAllAvailableCells" fullname="PlayersWorlds.Maps.Maze.Maze2DBuilderTest.IterateUnlinkedCells_IteratesAllAvailableCells" methodname="IterateUnlinkedCells_IteratesAllAvailableCells" classname="PlayersWorlds.Maps.Maze.Maze2DBuilderTest" runstate="Runnable" seed="1509829796" result="Passed" start-time="2024-06-07T14:39:05.6539070Z" end-time="2024-06-07T14:39:05.6576590Z" duration="0.003752" asserts="28" />
              <test-case id="1-1153" name="MarkConnected" fullname="PlayersWorlds.Maps.Maze.Maze2DBuilderTest.MarkConnected" methodname="MarkConnected" classname="PlayersWorlds.Maps.Maze.Maze2DBuilderTest" runstate="Runnable" seed="2065064563" result="Passed" start-time="2024-06-07T14:39:05.6576670Z" end-time="2024-06-07T14:39:05.6583020Z" duration="0.000635" asserts="7" />
              <test-case id="1-1167" name="OverlappingAreas_ProduceValidPriorityCells" fullname="PlayersWorlds.Maps.Maze.Maze2DBuilderTest.OverlappingAreas_ProduceValidPriorityCells" methodname="OverlappingAreas_ProduceValidPriorityCells" classname="PlayersWorlds.Maps.Maze.Maze2DBuilderTest" runstate="Runnable" seed="1441109611" result="Passed" start-time="2024-06-07T14:39:05.6583110Z" end-time="2024-06-07T14:39:05.6924400Z" duration="0.034129" asserts="4" />
              <test-case id="1-1152" name="PickRandomNeighborToLink" fullname="PlayersWorlds.Maps.Maze.Maze2DBuilderTest.PickRandomNeighborToLink" methodname="PickRandomNeighborToLink" classname="PlayersWorlds.Maps.Maze.Maze2DBuilderTest" runstate="Runnable" seed="1579496373" result="Passed" start-time="2024-06-07T14:39:05.6924520Z" end-time="2024-06-07T14:39:05.7065620Z" duration="0.014110" asserts="5000" />
              <test-case id="1-1151" name="PicksPriorityCellsWhenAvailable" fullname="PlayersWorlds.Maps.Maze.Maze2DBuilderTest.PicksPriorityCellsWhenAvailable" methodname="PicksPriorityCellsWhenAvailable" classname="PlayersWorlds.Maps.Maze.Maze2DBuilderTest" runstate="Runnable" seed="1735936303" result="Passed" start-time="2024-06-07T14:39:05.7065740Z" end-time="2024-06-07T14:39:05.7263730Z" duration="0.019800" asserts="2003" />
            </test-suite>
            <test-suite type="TestFixture" id="1-1169" name="Maze2DRendererTest" fullname="PlayersWorlds.Maps.Maze.Maze2DRendererTest" classname="PlayersWorlds.Maps.Maze.Maze2DRendererTest" runstate="Runnable" testcasecount="1" result="Passed" start-time="2024-06-07T14:39:05.7264040Z" end-time="2024-06-07T14:39:05.7284690Z" duration="0.002065" total="1" passed="1" failed="0" warnings="0" inconclusive="0" skipped="0" asserts="1">
              <test-case id="1-1170" name="ThrowsIfCantFit" fullname="PlayersWorlds.Maps.Maze.Maze2DRendererTest.ThrowsIfCantFit" methodname="ThrowsIfCantFit" classname="PlayersWorlds.Maps.Maze.Maze2DRendererTest" runstate="Runnable" seed="1534298465" result="Passed" start-time="2024-06-07T14:39:05.7264660Z" end-time="2024-06-07T14:39:05.7284550Z" duration="0.001989" asserts="1" />
            </test-suite>
            <test-suite type="TestFixture" id="1-1171" name="Maze2DTest" fullname="PlayersWorlds.Maps.Maze.Maze2DTest" classname="PlayersWorlds.Maps.Maze.Maze2DTest" runstate="Runnable" testcasecount="13" result="Passed" start-time="2024-06-07T14:39:05.7284820Z" end-time="2024-06-07T14:39:05.7951690Z" duration="0.066687" total="13" passed="13" failed="0" warnings="0" inconclusive="0" skipped="0" asserts="124">
              <test-case id="1-1178" name="Maze2D_AddsNoRoomsToASmallMaze" fullname="PlayersWorlds.Maps.Maze.Maze2DTest.Maze2D_AddsNoRoomsToASmallMaze" methodname="Maze2D_AddsNoRoomsToASmallMaze" classname="PlayersWorlds.Maps.Maze.Maze2DTest" runstate="Runnable" seed="1613621843" result="Passed" start-time="2024-06-07T14:39:05.7285430Z" end-time="2024-06-07T14:39:05.7404750Z" duration="0.011932" asserts="2" />
              <test-case id="1-1177" name="Maze2D_AddsNoRoomsWhenNoneRequested" fullname="PlayersWorlds.Maps.Maze.Maze2DTest.Maze2D_AddsNoRoomsWhenNoneRequested" methodname="Maze2D_AddsNoRoomsWhenNoneRequested" classname="PlayersWorlds.Maps.Maze.Maze2DTest" runstate="Runnable" seed="495456262" result="Passed" start-time="2024-06-07T14:39:05.7404870Z" end-time="2024-06-07T14:39:05.7614030Z" duration="0.020917" asserts="2" />
              <test-case id="1-1181" name="Maze2D_AddsOneFill" fullname="PlayersWorlds.Maps.Maze.Maze2DTest.Maze2D_AddsOneFill" methodname="Maze2D_AddsOneFill" classname="PlayersWorlds.Maps.Maze.Maze2DTest" runstate="Runnable" seed="1719040823" result="Passed" start-time="2024-06-07T14:39:05.7614150Z" end-time="2024-06-07T14:39:05.7668360Z" duration="0.005421" asserts="2" />
              <test-case id="1-1180" name="Maze2D_AddsOneHall" fullname="PlayersWorlds.Maps.Maze.Maze2DTest.Maze2D_AddsOneHall" methodname="Maze2D_AddsOneHall" classname="PlayersWorlds.Maps.Maze.Maze2DTest" runstate="Runnable" seed="230354360" result="Passed" start-time="2024-06-07T14:39:05.7668460Z" end-time="2024-06-07T14:39:05.7713940Z" duration="0.004547" asserts="2" />
              <test-case id="1-1179" name="Maze2D_AddsRooms" fullname="PlayersWorlds.Maps.Maze.Maze2DTest.Maze2D_AddsRooms" methodname="Maze2D_AddsRooms" classname="PlayersWorlds.Maps.Maze.Maze2DTest" runstate="Runnable" seed="2126602455" result="Passed" start-time="2024-06-07T14:39:05.7714050Z" end-time="2024-06-07T14:39:05.7776390Z" duration="0.006234" asserts="2" />
              <test-case id="1-1183" name="Maze2D_CanParse" fullname="PlayersWorlds.Maps.Maze.Maze2DTest.Maze2D_CanParse" methodname="Maze2D_CanParse" classname="PlayersWorlds.Maps.Maze.Maze2DTest" runstate="Runnable" seed="602020169" result="Passed" start-time="2024-06-07T14:39:05.7776510Z" end-time="2024-06-07T14:39:05.7796930Z" duration="0.002042" asserts="16" />
              <test-case id="1-1184" name="Maze2D_CanParse2" fullname="PlayersWorlds.Maps.Maze.Maze2DTest.Maze2D_CanParse2" methodname="Maze2D_CanParse2" classname="PlayersWorlds.Maps.Maze.Maze2DTest" runstate="Runnable" seed="1643489452" result="Passed" start-time="2024-06-07T14:39:05.7797050Z" end-time="2024-06-07T14:39:05.7798250Z" duration="0.000120" asserts="1" />
              <test-case id="1-1176" name="Maze2D_CanRenderMap" fullname="PlayersWorlds.Maps.Maze.Maze2DTest.Maze2D_CanRenderMap" methodname="Maze2D_CanRenderMap" classname="PlayersWorlds.Maps.Maze.Maze2DTest" runstate="Runnable" seed="1137195288" result="Passed" start-time="2024-06-07T14:39:05.7798320Z" end-time="2024-06-07T14:39:05.7858480Z" duration="0.006016" asserts="2" />
              <test-case id="1-1175" name="Maze2D_CellsNeighborsAreValid" fullname="PlayersWorlds.Maps.Maze.Maze2DTest.Maze2D_CellsNeighborsAreValid" methodname="Maze2D_CellsNeighborsAreValid" classname="PlayersWorlds.Maps.Maze.Maze2DTest" runstate="Runnable" seed="1212988651" result="Passed" start-time="2024-06-07T14:39:05.7858590Z" end-time="2024-06-07T14:39:05.7886120Z" duration="0.002753" asserts="76" />
              <test-case id="1-1182" name="Maze2D_HasExtensionsSet" fullname="PlayersWorlds.Maps.Maze.Maze2DTest.Maze2D_HasExtensionsSet" methodname="Maze2D_HasExtensionsSet" classname="PlayersWorlds.Maps.Maze.Maze2DTest" runstate="Runnable" seed="1159354369" result="Passed" start-time="2024-06-07T14:39:05.7886240Z" end-time="2024-06-07T14:39:05.7894140Z" duration="0.000790" asserts="3" />
              <test-case id="1-1172" name="Maze2D_IsInitialized" fullname="PlayersWorlds.Maps.Maze.Maze2DTest.Maze2D_IsInitialized" methodname="Maze2D_IsInitialized" classname="PlayersWorlds.Maps.Maze.Maze2DTest" runstate="Runnable" seed="654300731" result="Passed" start-time="2024-06-07T14:39:05.7894250Z" end-time="2024-06-07T14:39:05.7895950Z" duration="0.000170" asserts="4" />
              <test-case id="1-1174" name="Maze2D_ToMapWrongOptions" fullname="PlayersWorlds.Maps.Maze.Maze2DTest.Maze2D_ToMapWrongOptions" methodname="Maze2D_ToMapWrongOptions" classname="PlayersWorlds.Maps.Maze.Maze2DTest" runstate="Runnable" seed="2008352117" result="Passed" start-time="2024-06-07T14:39:05.7896020Z" end-time="2024-06-07T14:39:05.7947750Z" duration="0.005173" asserts="7" />
              <test-case id="1-1173" name="Maze2D_WrongSize" fullname="PlayersWorlds.Maps.Maze.Maze2DTest.Maze2D_WrongSize" methodname="Maze2D_WrongSize" classname="PlayersWorlds.Maps.Maze.Maze2DTest" runstate="Runnable" seed="769777813" result="Passed" start-time="2024-06-07T14:39:05.7947870Z" end-time="2024-06-07T14:39:05.7951570Z" duration="0.000370" asserts="5" />
            </test-suite>
            <test-suite type="TestFixture" id="1-1185" name="MazeCellTest" fullname="PlayersWorlds.Maps.Maze.MazeCellTest" classname="PlayersWorlds.Maps.Maze.MazeCellTest" runstate="Runnable" testcasecount="4" result="Passed" start-time="2024-06-07T14:39:05.7951820Z" end-time="2024-06-07T14:39:05.7974730Z" duration="0.002291" total="4" passed="4" failed="0" warnings="0" inconclusive="0" skipped="0" asserts="17">
              <test-case id="1-1189" name="DoubleLinkingThrowsError" fullname="PlayersWorlds.Maps.Maze.MazeCellTest.DoubleLinkingThrowsError" methodname="DoubleLinkingThrowsError" classname="PlayersWorlds.Maps.Maze.MazeCellTest" runstate="Runnable" seed="948955349" result="Passed" start-time="2024-06-07T14:39:05.7952380Z" end-time="2024-06-07T14:39:05.7956350Z" duration="0.000397" asserts="1" />
              <test-case id="1-1186" name="LinksAreMutual" fullname="PlayersWorlds.Maps.Maze.MazeCellTest.LinksAreMutual" methodname="LinksAreMutual" classname="PlayersWorlds.Maps.Maze.MazeCellTest" runstate="Runnable" seed="316930554" result="Passed" start-time="2024-06-07T14:39:05.7956430Z" end-time="2024-06-07T14:39:05.7967370Z" duration="0.001093" asserts="10" />
              <test-case id="1-1187" name="LinksOnlyWithNeighbors" fullname="PlayersWorlds.Maps.Maze.MazeCellTest.LinksOnlyWithNeighbors" methodname="LinksOnlyWithNeighbors" classname="PlayersWorlds.Maps.Maze.MazeCellTest" runstate="Runnable" seed="617284087" result="Passed" start-time="2024-06-07T14:39:05.7967450Z" end-time="2024-06-07T14:39:05.7971460Z" duration="0.000401" asserts="1" />
              <test-case id="1-1188" name="ToStringTest" fullname="PlayersWorlds.Maps.Maze.MazeCellTest.ToStringTest" methodname="ToStringTest" classname="PlayersWorlds.Maps.Maze.MazeCellTest" runstate="Runnable" seed="587255447" result="Passed" start-time="2024-06-07T14:39:05.7971540Z" end-time="2024-06-07T14:39:05.7974630Z" duration="0.000308" asserts="5" />
            </test-suite>
            <test-suite type="TestFixture" id="1-1190" name="MazeGeneratorAreasTest" fullname="PlayersWorlds.Maps.Maze.MazeGeneratorAreasTest" classname="PlayersWorlds.Maps.Maze.MazeGeneratorAreasTest" runstate="Runnable" testcasecount="201" result="Skipped" label="Ignored" site="Child" start-time="2024-06-07T14:39:05.7974860Z" end-time="2024-06-07T14:44:52.2668540Z" duration="346.469368" total="201" passed="98" failed="0" warnings="0" inconclusive="0" skipped="103" asserts="5130">
              <reason>
                <message><![CDATA[One or more child tests were ignored]]></message>
              </reason>
              <test-suite type="ParameterizedMethod" id="1-1211" name="CaveAreasAreAppliedProperly" fullname="PlayersWorlds.Maps.Maze.MazeGeneratorAreasTest.CaveAreasAreAppliedProperly" classname="PlayersWorlds.Maps.Maze.MazeGeneratorAreasTest" runstate="Runnable" testcasecount="6" result="Passed" start-time="2024-06-07T14:39:05.7975380Z" end-time="2024-06-07T14:39:11.1093270Z" duration="5.311789" total="6" passed="6" failed="0" warnings="0" inconclusive="0" skipped="0" asserts="600">
                <properties>
                  <property name="Repeat" value="10" />
                  <property name="Category" value="Integration" />
                </properties>
                <test-case id="1-1205" name="CaveAreasAreAppliedProperly(PlayersWorlds.Maps.Maze.AldousBroderMazeGenerator)" fullname="PlayersWorlds.Maps.Maze.MazeGeneratorAreasTest.CaveAreasAreAppliedProperly(PlayersWorlds.Maps.Maze.AldousBroderMazeGenerator)" methodname="CaveAreasAreAppliedProperly" classname="PlayersWorlds.Maps.Maze.MazeGeneratorAreasTest" runstate="Runnable" seed="1701266909" result="Passed" start-time="2024-06-07T14:39:05.7975520Z" end-time="2024-06-07T14:39:06.7868970Z" duration="0.989345" asserts="100" />
                <test-case id="1-1206" name="CaveAreasAreAppliedProperly(PlayersWorlds.Maps.Maze.BinaryTreeMazeGenerator)" fullname="PlayersWorlds.Maps.Maze.MazeGeneratorAreasTest.CaveAreasAreAppliedProperly(PlayersWorlds.Maps.Maze.BinaryTreeMazeGenerator)" methodname="CaveAreasAreAppliedProperly" classname="PlayersWorlds.Maps.Maze.MazeGeneratorAreasTest" runstate="Runnable" seed="1497134140" result="Passed" start-time="2024-06-07T14:39:06.7869140Z" end-time="2024-06-07T14:39:07.6347340Z" duration="0.847820" asserts="100" />
                <test-case id="1-1207" name="CaveAreasAreAppliedProperly(PlayersWorlds.Maps.Maze.HuntAndKillMazeGenerator)" fullname="PlayersWorlds.Maps.Maze.MazeGeneratorAreasTest.CaveAreasAreAppliedProperly(PlayersWorlds.Maps.Maze.HuntAndKillMazeGenerator)" methodname="CaveAreasAreAppliedProperly" classname="PlayersWorlds.Maps.Maze.MazeGeneratorAreasTest" runstate="Runnable" seed="179626544" result="Passed" start-time="2024-06-07T14:39:07.6347510Z" end-time="2024-06-07T14:39:08.4942610Z" duration="0.859511" asserts="100" />
                <test-case id="1-1208" name="CaveAreasAreAppliedProperly(PlayersWorlds.Maps.Maze.RecursiveBacktrackerMazeGenerator)" fullname="PlayersWorlds.Maps.Maze.MazeGeneratorAreasTest.CaveAreasAreAppliedProperly(PlayersWorlds.Maps.Maze.RecursiveBacktrackerMazeGenerator)" methodname="CaveAreasAreAppliedProperly" classname="PlayersWorlds.Maps.Maze.MazeGeneratorAreasTest" runstate="Runnable" seed="423961130" result="Passed" start-time="2024-06-07T14:39:08.4942870Z" end-time="2024-06-07T14:39:09.3480810Z" duration="0.853794" asserts="100" />
                <test-case id="1-1209" name="CaveAreasAreAppliedProperly(PlayersWorlds.Maps.Maze.SidewinderMazeGenerator)" fullname="PlayersWorlds.Maps.Maze.MazeGeneratorAreasTest.CaveAreasAreAppliedProperly(PlayersWorlds.Maps.Maze.SidewinderMazeGenerator)" methodname="CaveAreasAreAppliedProperly" classname="PlayersWorlds.Maps.Maze.MazeGeneratorAreasTest" runstate="Runnable" seed="1565811254" result="Passed" start-time="2024-06-07T14:39:09.3480980Z" end-time="2024-06-07T14:39:10.2279870Z" duration="0.879888" asserts="100" />
                <test-case id="1-1210" name="CaveAreasAreAppliedProperly(PlayersWorlds.Maps.Maze.WilsonsMazeGenerator)" fullname="PlayersWorlds.Maps.Maze.MazeGeneratorAreasTest.CaveAreasAreAppliedProperly(PlayersWorlds.Maps.Maze.WilsonsMazeGenerator)" methodname="CaveAreasAreAppliedProperly" classname="PlayersWorlds.Maps.Maze.MazeGeneratorAreasTest" runstate="Runnable" seed="1976501707" result="Passed" start-time="2024-06-07T14:39:10.2280040Z" end-time="2024-06-07T14:39:11.1093080Z" duration="0.881304" asserts="100" />
              </test-suite>
              <test-suite type="ParameterizedMethod" id="1-1269" name="DenseWalkways" fullname="PlayersWorlds.Maps.Maze.MazeGeneratorAreasTest.DenseWalkways" classname="PlayersWorlds.Maps.Maze.MazeGeneratorAreasTest" runstate="Runnable" testcasecount="18" result="Passed" start-time="2024-06-07T14:39:11.1093430Z" end-time="2024-06-07T14:39:12.6725790Z" duration="1.563235" total="18" passed="18" failed="0" warnings="0" inconclusive="0" skipped="0" asserts="540">
                <properties>
                  <property name="Repeat" value="10" />
                  <property name="Category" value="Integration" />
                </properties>
                <test-case id="1-1251" name="DenseWalkways(PlayersWorlds.Maps.Maze.AldousBroderMazeGenerator,Cave)" fullname="PlayersWorlds.Maps.Maze.MazeGeneratorAreasTest.DenseWalkways(PlayersWorlds.Maps.Maze.AldousBroderMazeGenerator,Cave)" methodname="DenseWalkways" classname="PlayersWorlds.Maps.Maze.MazeGeneratorAreasTest" runstate="Runnable" seed="833888219" result="Passed" start-time="2024-06-07T14:39:11.1093680Z" end-time="2024-06-07T14:39:11.2804600Z" duration="0.171092" asserts="30" />
                <test-case id="1-1252" name="DenseWalkways(PlayersWorlds.Maps.Maze.AldousBroderMazeGenerator,Hall)" fullname="PlayersWorlds.Maps.Maze.MazeGeneratorAreasTest.DenseWalkways(PlayersWorlds.Maps.Maze.AldousBroderMazeGenerator,Hall)" methodname="DenseWalkways" classname="PlayersWorlds.Maps.Maze.MazeGeneratorAreasTest" runstate="Runnable" seed="876521803" result="Passed" start-time="2024-06-07T14:39:11.2804730Z" end-time="2024-06-07T14:39:11.3672070Z" duration="0.086734" asserts="30" />
                <test-case id="1-1253" name="DenseWalkways(PlayersWorlds.Maps.Maze.AldousBroderMazeGenerator,Fill)" fullname="PlayersWorlds.Maps.Maze.MazeGeneratorAreasTest.DenseWalkways(PlayersWorlds.Maps.Maze.AldousBroderMazeGenerator,Fill)" methodname="DenseWalkways" classname="PlayersWorlds.Maps.Maze.MazeGeneratorAreasTest" runstate="Runnable" seed="475020822" result="Passed" start-time="2024-06-07T14:39:11.3672190Z" end-time="2024-06-07T14:39:11.4347300Z" duration="0.067511" asserts="30" />
                <test-case id="1-1254" name="DenseWalkways(PlayersWorlds.Maps.Maze.BinaryTreeMazeGenerator,Cave)" fullname="PlayersWorlds.Maps.Maze.MazeGeneratorAreasTest.DenseWalkways(PlayersWorlds.Maps.Maze.BinaryTreeMazeGenerator,Cave)" methodname="DenseWalkways" classname="PlayersWorlds.Maps.Maze.MazeGeneratorAreasTest" runstate="Runnable" seed="1240973428" result="Passed" start-time="2024-06-07T14:39:11.4347410Z" end-time="2024-06-07T14:39:11.5690300Z" duration="0.134289" asserts="30" />
                <test-case id="1-1255" name="DenseWalkways(PlayersWorlds.Maps.Maze.BinaryTreeMazeGenerator,Hall)" fullname="PlayersWorlds.Maps.Maze.MazeGeneratorAreasTest.DenseWalkways(PlayersWorlds.Maps.Maze.BinaryTreeMazeGenerator,Hall)" methodname="DenseWalkways" classname="PlayersWorlds.Maps.Maze.MazeGeneratorAreasTest" runstate="Runnable" seed="2043716910" result="Passed" start-time="2024-06-07T14:39:11.5690420Z" end-time="2024-06-07T14:39:11.6329860Z" duration="0.063944" asserts="30" />
                <test-case id="1-1256" name="DenseWalkways(PlayersWorlds.Maps.Maze.BinaryTreeMazeGenerator,Fill)" fullname="PlayersWorlds.Maps.Maze.MazeGeneratorAreasTest.DenseWalkways(PlayersWorlds.Maps.Maze.BinaryTreeMazeGenerator,Fill)" methodname="DenseWalkways" classname="PlayersWorlds.Maps.Maze.MazeGeneratorAreasTest" runstate="Runnable" seed="64775080" result="Passed" start-time="2024-06-07T14:39:11.6329970Z" end-time="2024-06-07T14:39:11.6732510Z" duration="0.040254" asserts="30" />
                <test-case id="1-1257" name="DenseWalkways(PlayersWorlds.Maps.Maze.HuntAndKillMazeGenerator,Cave)" fullname="PlayersWorlds.Maps.Maze.MazeGeneratorAreasTest.DenseWalkways(PlayersWorlds.Maps.Maze.HuntAndKillMazeGenerator,Cave)" methodname="DenseWalkways" classname="PlayersWorlds.Maps.Maze.MazeGeneratorAreasTest" runstate="Runnable" seed="75276159" result="Passed" start-time="2024-06-07T14:39:11.6732630Z" end-time="2024-06-07T14:39:11.8087180Z" duration="0.135455" asserts="30" />
                <test-case id="1-1258" name="DenseWalkways(PlayersWorlds.Maps.Maze.HuntAndKillMazeGenerator,Hall)" fullname="PlayersWorlds.Maps.Maze.MazeGeneratorAreasTest.DenseWalkways(PlayersWorlds.Maps.Maze.HuntAndKillMazeGenerator,Hall)" methodname="DenseWalkways" classname="PlayersWorlds.Maps.Maze.MazeGeneratorAreasTest" runstate="Runnable" seed="1774643701" result="Passed" start-time="2024-06-07T14:39:11.8087300Z" end-time="2024-06-07T14:39:11.8729840Z" duration="0.064255" asserts="30" />
                <test-case id="1-1259" name="DenseWalkways(PlayersWorlds.Maps.Maze.HuntAndKillMazeGenerator,Fill)" fullname="PlayersWorlds.Maps.Maze.MazeGeneratorAreasTest.DenseWalkways(PlayersWorlds.Maps.Maze.HuntAndKillMazeGenerator,Fill)" methodname="DenseWalkways" classname="PlayersWorlds.Maps.Maze.MazeGeneratorAreasTest" runstate="Runnable" seed="1269838425" result="Passed" start-time="2024-06-07T14:39:11.8729960Z" end-time="2024-06-07T14:39:11.9143520Z" duration="0.041356" asserts="30" />
                <test-case id="1-1260" name="DenseWalkways(PlayersWorlds.Maps.Maze.RecursiveBacktrackerMazeGenerator,Cave)" fullname="PlayersWorlds.Maps.Maze.MazeGeneratorAreasTest.DenseWalkways(PlayersWorlds.Maps.Maze.RecursiveBacktrackerMazeGenerator,Cave)" methodname="DenseWalkways" classname="PlayersWorlds.Maps.Maze.MazeGeneratorAreasTest" runstate="Runnable" seed="444827742" result="Passed" start-time="2024-06-07T14:39:11.9143650Z" end-time="2024-06-07T14:39:12.0495970Z" duration="0.135232" asserts="30" />
                <test-case id="1-1261" name="DenseWalkways(PlayersWorlds.Maps.Maze.RecursiveBacktrackerMazeGenerator,Hall)" fullname="PlayersWorlds.Maps.Maze.MazeGeneratorAreasTest.DenseWalkways(PlayersWorlds.Maps.Maze.RecursiveBacktrackerMazeGenerator,Hall)" methodname="DenseWalkways" classname="PlayersWorlds.Maps.Maze.MazeGeneratorAreasTest" runstate="Runnable" seed="768213201" result="Passed" start-time="2024-06-07T14:39:12.0496090Z" end-time="2024-06-07T14:39:12.1149610Z" duration="0.065352" asserts="30" />
                <test-case id="1-1262" name="DenseWalkways(PlayersWorlds.Maps.Maze.RecursiveBacktrackerMazeGenerator,Fill)" fullname="PlayersWorlds.Maps.Maze.MazeGeneratorAreasTest.DenseWalkways(PlayersWorlds.Maps.Maze.RecursiveBacktrackerMazeGenerator,Fill)" methodname="DenseWalkways" classname="PlayersWorlds.Maps.Maze.MazeGeneratorAreasTest" runstate="Runnable" seed="2122588124" result="Passed" start-time="2024-06-07T14:39:12.1149720Z" end-time="2024-06-07T14:39:12.1567790Z" duration="0.041807" asserts="30" />
                <test-case id="1-1263" name="DenseWalkways(PlayersWorlds.Maps.Maze.SidewinderMazeGenerator,Cave)" fullname="PlayersWorlds.Maps.Maze.MazeGeneratorAreasTest.DenseWalkways(PlayersWorlds.Maps.Maze.SidewinderMazeGenerator,Cave)" methodname="DenseWalkways" classname="PlayersWorlds.Maps.Maze.MazeGeneratorAreasTest" runstate="Runnable" seed="1934455711" result="Passed" start-time="2024-06-07T14:39:12.1567910Z" end-time="2024-06-07T14:39:12.2940340Z" duration="0.137243" asserts="30" />
                <test-case id="1-1264" name="DenseWalkways(PlayersWorlds.Maps.Maze.SidewinderMazeGenerator,Hall)" fullname="PlayersWorlds.Maps.Maze.MazeGeneratorAreasTest.DenseWalkways(PlayersWorlds.Maps.Maze.SidewinderMazeGenerator,Hall)" methodname="DenseWalkways" classname="PlayersWorlds.Maps.Maze.MazeGeneratorAreasTest" runstate="Runnable" seed="1455112015" result="Passed" start-time="2024-06-07T14:39:12.2940530Z" end-time="2024-06-07T14:39:12.3618160Z" duration="0.067762" asserts="30" />
                <test-case id="1-1265" name="DenseWalkways(PlayersWorlds.Maps.Maze.SidewinderMazeGenerator,Fill)" fullname="PlayersWorlds.Maps.Maze.MazeGeneratorAreasTest.DenseWalkways(PlayersWorlds.Maps.Maze.SidewinderMazeGenerator,Fill)" methodname="DenseWalkways" classname="PlayersWorlds.Maps.Maze.MazeGeneratorAreasTest" runstate="Runnable" seed="1989098708" result="Passed" start-time="2024-06-07T14:39:12.3618280Z" end-time="2024-06-07T14:39:12.4060050Z" duration="0.044178" asserts="30" />
                <test-case id="1-1266" name="DenseWalkways(PlayersWorlds.Maps.Maze.WilsonsMazeGenerator,Cave)" fullname="PlayersWorlds.Maps.Maze.MazeGeneratorAreasTest.DenseWalkways(PlayersWorlds.Maps.Maze.WilsonsMazeGenerator,Cave)" methodname="DenseWalkways" classname="PlayersWorlds.Maps.Maze.MazeGeneratorAreasTest" runstate="Runnable" seed="962845667" result="Passed" start-time="2024-06-07T14:39:12.4060160Z" end-time="2024-06-07T14:39:12.5445810Z" duration="0.138565" asserts="30" />
                <test-case id="1-1267" name="DenseWalkways(PlayersWorlds.Maps.Maze.WilsonsMazeGenerator,Hall)" fullname="PlayersWorlds.Maps.Maze.MazeGeneratorAreasTest.DenseWalkways(PlayersWorlds.Maps.Maze.WilsonsMazeGenerator,Hall)" methodname="DenseWalkways" classname="PlayersWorlds.Maps.Maze.MazeGeneratorAreasTest" runstate="Runnable" seed="1746795052" result="Passed" start-time="2024-06-07T14:39:12.5446020Z" end-time="2024-06-07T14:39:12.6202340Z" duration="0.075633" asserts="30" />
                <test-case id="1-1268" name="DenseWalkways(PlayersWorlds.Maps.Maze.WilsonsMazeGenerator,Fill)" fullname="PlayersWorlds.Maps.Maze.MazeGeneratorAreasTest.DenseWalkways(PlayersWorlds.Maps.Maze.WilsonsMazeGenerator,Fill)" methodname="DenseWalkways" classname="PlayersWorlds.Maps.Maze.MazeGeneratorAreasTest" runstate="Runnable" seed="1405876886" result="Passed" start-time="2024-06-07T14:39:12.6202460Z" end-time="2024-06-07T14:39:12.6725630Z" duration="0.052317" asserts="30" />
              </test-suite>
              <test-case id="1-1250" name="DenseWalkwaysDebug" fullname="PlayersWorlds.Maps.Maze.MazeGeneratorAreasTest.DenseWalkwaysDebug" methodname="DenseWalkwaysDebug" classname="PlayersWorlds.Maps.Maze.MazeGeneratorAreasTest" runstate="Ignored" seed="954610238" result="Skipped" label="Ignored" start-time="2024-06-07T14:39:12.6725910Z" end-time="2024-06-07T14:39:12.6725960Z" duration="0.000005" asserts="0">
                <properties>
                  <property name="_SKIPREASON" value="Debug only" />
                </properties>
                <reason>
                  <message><![CDATA[Debug only]]></message>
                </reason>
              </test-case>
              <test-suite type="ParameterizedMethod" id="1-1197" name="FillAreasAreAppliedProperly" fullname="PlayersWorlds.Maps.Maze.MazeGeneratorAreasTest.FillAreasAreAppliedProperly" classname="PlayersWorlds.Maps.Maze.MazeGeneratorAreasTest" runstate="Runnable" testcasecount="6" result="Passed" start-time="2024-06-07T14:39:12.6726060Z" end-time="2024-06-07T14:39:16.9566000Z" duration="4.283994" total="6" passed="6" failed="0" warnings="0" inconclusive="0" skipped="0" asserts="300">
                <properties>
                  <property name="Repeat" value="10" />
                  <property name="Category" value="Integration" />
                </properties>
                <test-case id="1-1191" name="FillAreasAreAppliedProperly(PlayersWorlds.Maps.Maze.AldousBroderMazeGenerator)" fullname="PlayersWorlds.Maps.Maze.MazeGeneratorAreasTest.FillAreasAreAppliedProperly(PlayersWorlds.Maps.Maze.AldousBroderMazeGenerator)" methodname="FillAreasAreAppliedProperly" classname="PlayersWorlds.Maps.Maze.MazeGeneratorAreasTest" runstate="Runnable" seed="1043446143" result="Passed" start-time="2024-06-07T14:39:12.6726300Z" end-time="2024-06-07T14:39:13.4943880Z" duration="0.821759" asserts="50" />
                <test-case id="1-1192" name="FillAreasAreAppliedProperly(PlayersWorlds.Maps.Maze.BinaryTreeMazeGenerator)" fullname="PlayersWorlds.Maps.Maze.MazeGeneratorAreasTest.FillAreasAreAppliedProperly(PlayersWorlds.Maps.Maze.BinaryTreeMazeGenerator)" methodname="FillAreasAreAppliedProperly" classname="PlayersWorlds.Maps.Maze.MazeGeneratorAreasTest" runstate="Runnable" seed="697858949" result="Passed" start-time="2024-06-07T14:39:13.4944050Z" end-time="2024-06-07T14:39:14.1909380Z" duration="0.696533" asserts="50" />
                <test-case id="1-1193" name="FillAreasAreAppliedProperly(PlayersWorlds.Maps.Maze.HuntAndKillMazeGenerator)" fullname="PlayersWorlds.Maps.Maze.MazeGeneratorAreasTest.FillAreasAreAppliedProperly(PlayersWorlds.Maps.Maze.HuntAndKillMazeGenerator)" methodname="FillAreasAreAppliedProperly" classname="PlayersWorlds.Maps.Maze.MazeGeneratorAreasTest" runstate="Runnable" seed="1598961309" result="Passed" start-time="2024-06-07T14:39:14.1909520Z" end-time="2024-06-07T14:39:14.8860860Z" duration="0.695134" asserts="50" />
                <test-case id="1-1194" name="FillAreasAreAppliedProperly(PlayersWorlds.Maps.Maze.RecursiveBacktrackerMazeGenerator)" fullname="PlayersWorlds.Maps.Maze.MazeGeneratorAreasTest.FillAreasAreAppliedProperly(PlayersWorlds.Maps.Maze.RecursiveBacktrackerMazeGenerator)" methodname="FillAreasAreAppliedProperly" classname="PlayersWorlds.Maps.Maze.MazeGeneratorAreasTest" runstate="Runnable" seed="1690222136" result="Passed" start-time="2024-06-07T14:39:14.8861010Z" end-time="2024-06-07T14:39:15.5845640Z" duration="0.698463" asserts="50" />
                <test-case id="1-1195" name="FillAreasAreAppliedProperly(PlayersWorlds.Maps.Maze.SidewinderMazeGenerator)" fullname="PlayersWorlds.Maps.Maze.MazeGeneratorAreasTest.FillAreasAreAppliedProperly(PlayersWorlds.Maps.Maze.SidewinderMazeGenerator)" methodname="FillAreasAreAppliedProperly" classname="PlayersWorlds.Maps.Maze.MazeGeneratorAreasTest" runstate="Runnable" seed="102641267" result="Passed" start-time="2024-06-07T14:39:15.5845790Z" end-time="2024-06-07T14:39:16.2624510Z" duration="0.677872" asserts="50" />
                <test-case id="1-1196" name="FillAreasAreAppliedProperly(PlayersWorlds.Maps.Maze.WilsonsMazeGenerator)" fullname="PlayersWorlds.Maps.Maze.MazeGeneratorAreasTest.FillAreasAreAppliedProperly(PlayersWorlds.Maps.Maze.WilsonsMazeGenerator)" methodname="FillAreasAreAppliedProperly" classname="PlayersWorlds.Maps.Maze.MazeGeneratorAreasTest" runstate="Runnable" seed="1045611135" result="Passed" start-time="2024-06-07T14:39:16.2624740Z" end-time="2024-06-07T14:39:16.9565840Z" duration="0.694111" asserts="50" />
              </test-suite>
              <test-suite type="ParameterizedMethod" id="1-1204" name="HallAreasAreAppliedProperly" fullname="PlayersWorlds.Maps.Maze.MazeGeneratorAreasTest.HallAreasAreAppliedProperly" classname="PlayersWorlds.Maps.Maze.MazeGeneratorAreasTest" runstate="Runnable" testcasecount="6" result="Passed" start-time="2024-06-07T14:39:16.9566150Z" end-time="2024-06-07T14:39:23.1112300Z" duration="6.154616" total="6" passed="6" failed="0" warnings="0" inconclusive="0" skipped="0" asserts="600">
                <properties>
                  <property name="Repeat" value="10" />
                  <property name="Category" value="Integration" />
                </properties>
                <test-case id="1-1198" name="HallAreasAreAppliedProperly(PlayersWorlds.Maps.Maze.AldousBroderMazeGenerator)" fullname="PlayersWorlds.Maps.Maze.MazeGeneratorAreasTest.HallAreasAreAppliedProperly(PlayersWorlds.Maps.Maze.AldousBroderMazeGenerator)" methodname="HallAreasAreAppliedProperly" classname="PlayersWorlds.Maps.Maze.MazeGeneratorAreasTest" runstate="Runnable" seed="1826357289" result="Passed" start-time="2024-06-07T14:39:16.9566400Z" end-time="2024-06-07T14:39:18.0688530Z" duration="1.112214" asserts="100" />
                <test-case id="1-1199" name="HallAreasAreAppliedProperly(PlayersWorlds.Maps.Maze.BinaryTreeMazeGenerator)" fullname="PlayersWorlds.Maps.Maze.MazeGeneratorAreasTest.HallAreasAreAppliedProperly(PlayersWorlds.Maps.Maze.BinaryTreeMazeGenerator)" methodname="HallAreasAreAppliedProperly" classname="PlayersWorlds.Maps.Maze.MazeGeneratorAreasTest" runstate="Runnable" seed="1854227459" result="Passed" start-time="2024-06-07T14:39:18.0688700Z" end-time="2024-06-07T14:39:19.0705010Z" duration="1.001631" asserts="100" />
                <test-case id="1-1200" name="HallAreasAreAppliedProperly(PlayersWorlds.Maps.Maze.HuntAndKillMazeGenerator)" fullname="PlayersWorlds.Maps.Maze.MazeGeneratorAreasTest.HallAreasAreAppliedProperly(PlayersWorlds.Maps.Maze.HuntAndKillMazeGenerator)" methodname="HallAreasAreAppliedProperly" classname="PlayersWorlds.Maps.Maze.MazeGeneratorAreasTest" runstate="Runnable" seed="1669866343" result="Passed" start-time="2024-06-07T14:39:19.0705180Z" end-time="2024-06-07T14:39:20.0676790Z" duration="0.997161" asserts="100" />
                <test-case id="1-1201" name="HallAreasAreAppliedProperly(PlayersWorlds.Maps.Maze.RecursiveBacktrackerMazeGenerator)" fullname="PlayersWorlds.Maps.Maze.MazeGeneratorAreasTest.HallAreasAreAppliedProperly(PlayersWorlds.Maps.Maze.RecursiveBacktrackerMazeGenerator)" methodname="HallAreasAreAppliedProperly" classname="PlayersWorlds.Maps.Maze.MazeGeneratorAreasTest" runstate="Runnable" seed="120966793" result="Passed" start-time="2024-06-07T14:39:20.0676930Z" end-time="2024-06-07T14:39:21.0695420Z" duration="1.001849" asserts="100" />
                <test-case id="1-1202" name="HallAreasAreAppliedProperly(PlayersWorlds.Maps.Maze.SidewinderMazeGenerator)" fullname="PlayersWorlds.Maps.Maze.MazeGeneratorAreasTest.HallAreasAreAppliedProperly(PlayersWorlds.Maps.Maze.SidewinderMazeGenerator)" methodname="HallAreasAreAppliedProperly" classname="PlayersWorlds.Maps.Maze.MazeGeneratorAreasTest" runstate="Runnable" seed="1660022632" result="Passed" start-time="2024-06-07T14:39:21.0695560Z" end-time="2024-06-07T14:39:22.0791200Z" duration="1.009565" asserts="100" />
                <test-case id="1-1203" name="HallAreasAreAppliedProperly(PlayersWorlds.Maps.Maze.WilsonsMazeGenerator)" fullname="PlayersWorlds.Maps.Maze.MazeGeneratorAreasTest.HallAreasAreAppliedProperly(PlayersWorlds.Maps.Maze.WilsonsMazeGenerator)" methodname="HallAreasAreAppliedProperly" classname="PlayersWorlds.Maps.Maze.MazeGeneratorAreasTest" runstate="Runnable" seed="1714758695" result="Passed" start-time="2024-06-07T14:39:22.0791350Z" end-time="2024-06-07T14:39:23.1112130Z" duration="1.032078" asserts="100" />
              </test-suite>
              <test-case id="1-1398" name="ManualAndAutoAreasGeneration" fullname="PlayersWorlds.Maps.Maze.MazeGeneratorAreasTest.ManualAndAutoAreasGeneration" methodname="ManualAndAutoAreasGeneration" classname="PlayersWorlds.Maps.Maze.MazeGeneratorAreasTest" runstate="Runnable" seed="2085766134" result="Passed" start-time="2024-06-07T14:39:23.1112440Z" end-time="2024-06-07T14:39:46.3751590Z" duration="23.263916" asserts="200">
                <properties>
                  <property name="Repeat" value="100" />
                  <property name="Category" value="Integration" />
                </properties>
              </test-case>
              <test-suite type="ParameterizedMethod" id="1-1230" name="OverlappingAreasAreAppliedProperly" fullname="PlayersWorlds.Maps.Maze.MazeGeneratorAreasTest.OverlappingAreasAreAppliedProperly" classname="PlayersWorlds.Maps.Maze.MazeGeneratorAreasTest" runstate="Runnable" testcasecount="18" result="Passed" start-time="2024-06-07T14:39:46.3751770Z" end-time="2024-06-07T14:39:56.7265740Z" duration="10.351397" total="18" passed="18" failed="0" warnings="0" inconclusive="0" skipped="0" asserts="1320">
                <properties>
                  <property name="Repeat" value="10" />
                  <property name="Category" value="Integration" />
                </properties>
                <test-case id="1-1212" name="OverlappingAreasAreAppliedProperly(PlayersWorlds.Maps.Maze.AldousBroderMazeGenerator,Cave)" fullname="PlayersWorlds.Maps.Maze.MazeGeneratorAreasTest.OverlappingAreasAreAppliedProperly(PlayersWorlds.Maps.Maze.AldousBroderMazeGenerator,Cave)" methodname="OverlappingAreasAreAppliedProperly" classname="PlayersWorlds.Maps.Maze.MazeGeneratorAreasTest" runstate="Runnable" seed="278765258" result="Passed" start-time="2024-06-07T14:39:46.3752070Z" end-time="2024-06-07T14:39:47.3628490Z" duration="0.987643" asserts="80" />
                <test-case id="1-1213" name="OverlappingAreasAreAppliedProperly(PlayersWorlds.Maps.Maze.AldousBroderMazeGenerator,Hall)" fullname="PlayersWorlds.Maps.Maze.MazeGeneratorAreasTest.OverlappingAreasAreAppliedProperly(PlayersWorlds.Maps.Maze.AldousBroderMazeGenerator,Hall)" methodname="OverlappingAreasAreAppliedProperly" classname="PlayersWorlds.Maps.Maze.MazeGeneratorAreasTest" runstate="Runnable" seed="1071732499" result="Passed" start-time="2024-06-07T14:39:47.3628620Z" end-time="2024-06-07T14:39:47.8900970Z" duration="0.527235" asserts="80" />
                <test-case id="1-1214" name="OverlappingAreasAreAppliedProperly(PlayersWorlds.Maps.Maze.AldousBroderMazeGenerator,Fill)" fullname="PlayersWorlds.Maps.Maze.MazeGeneratorAreasTest.OverlappingAreasAreAppliedProperly(PlayersWorlds.Maps.Maze.AldousBroderMazeGenerator,Fill)" methodname="OverlappingAreasAreAppliedProperly" classname="PlayersWorlds.Maps.Maze.MazeGeneratorAreasTest" runstate="Runnable" seed="1719663630" result="Passed" start-time="2024-06-07T14:39:47.8901080Z" end-time="2024-06-07T14:39:48.3953870Z" duration="0.505280" asserts="60" />
                <test-case id="1-1215" name="OverlappingAreasAreAppliedProperly(PlayersWorlds.Maps.Maze.BinaryTreeMazeGenerator,Cave)" fullname="PlayersWorlds.Maps.Maze.MazeGeneratorAreasTest.OverlappingAreasAreAppliedProperly(PlayersWorlds.Maps.Maze.BinaryTreeMazeGenerator,Cave)" methodname="OverlappingAreasAreAppliedProperly" classname="PlayersWorlds.Maps.Maze.MazeGeneratorAreasTest" runstate="Runnable" seed="723140878" result="Passed" start-time="2024-06-07T14:39:48.3953990Z" end-time="2024-06-07T14:39:49.2760300Z" duration="0.880631" asserts="80" />
                <test-case id="1-1216" name="OverlappingAreasAreAppliedProperly(PlayersWorlds.Maps.Maze.BinaryTreeMazeGenerator,Hall)" fullname="PlayersWorlds.Maps.Maze.MazeGeneratorAreasTest.OverlappingAreasAreAppliedProperly(PlayersWorlds.Maps.Maze.BinaryTreeMazeGenerator,Hall)" methodname="OverlappingAreasAreAppliedProperly" classname="PlayersWorlds.Maps.Maze.MazeGeneratorAreasTest" runstate="Runnable" seed="374681712" result="Passed" start-time="2024-06-07T14:39:49.2760430Z" end-time="2024-06-07T14:39:49.6697000Z" duration="0.393658" asserts="80" />
                <test-case id="1-1217" name="OverlappingAreasAreAppliedProperly(PlayersWorlds.Maps.Maze.BinaryTreeMazeGenerator,Fill)" fullname="PlayersWorlds.Maps.Maze.MazeGeneratorAreasTest.OverlappingAreasAreAppliedProperly(PlayersWorlds.Maps.Maze.BinaryTreeMazeGenerator,Fill)" methodname="OverlappingAreasAreAppliedProperly" classname="PlayersWorlds.Maps.Maze.MazeGeneratorAreasTest" runstate="Runnable" seed="1977360923" result="Passed" start-time="2024-06-07T14:39:49.6697110Z" end-time="2024-06-07T14:39:50.0474070Z" duration="0.377696" asserts="60" />
                <test-case id="1-1218" name="OverlappingAreasAreAppliedProperly(PlayersWorlds.Maps.Maze.HuntAndKillMazeGenerator,Cave)" fullname="PlayersWorlds.Maps.Maze.MazeGeneratorAreasTest.OverlappingAreasAreAppliedProperly(PlayersWorlds.Maps.Maze.HuntAndKillMazeGenerator,Cave)" methodname="OverlappingAreasAreAppliedProperly" classname="PlayersWorlds.Maps.Maze.MazeGeneratorAreasTest" runstate="Runnable" seed="795182498" result="Passed" start-time="2024-06-07T14:39:50.0474180Z" end-time="2024-06-07T14:39:50.9037210Z" duration="0.856303" asserts="80" />
                <test-case id="1-1219" name="OverlappingAreasAreAppliedProperly(PlayersWorlds.Maps.Maze.HuntAndKillMazeGenerator,Hall)" fullname="PlayersWorlds.Maps.Maze.MazeGeneratorAreasTest.OverlappingAreasAreAppliedProperly(PlayersWorlds.Maps.Maze.HuntAndKillMazeGenerator,Hall)" methodname="OverlappingAreasAreAppliedProperly" classname="PlayersWorlds.Maps.Maze.MazeGeneratorAreasTest" runstate="Runnable" seed="10707582" result="Passed" start-time="2024-06-07T14:39:50.9037350Z" end-time="2024-06-07T14:39:51.2973570Z" duration="0.393622" asserts="80" />
                <test-case id="1-1220" name="OverlappingAreasAreAppliedProperly(PlayersWorlds.Maps.Maze.HuntAndKillMazeGenerator,Fill)" fullname="PlayersWorlds.Maps.Maze.MazeGeneratorAreasTest.OverlappingAreasAreAppliedProperly(PlayersWorlds.Maps.Maze.HuntAndKillMazeGenerator,Fill)" methodname="OverlappingAreasAreAppliedProperly" classname="PlayersWorlds.Maps.Maze.MazeGeneratorAreasTest" runstate="Runnable" seed="1655141519" result="Passed" start-time="2024-06-07T14:39:51.2973670Z" end-time="2024-06-07T14:39:51.6746280Z" duration="0.377261" asserts="60" />
                <test-case id="1-1221" name="OverlappingAreasAreAppliedProperly(PlayersWorlds.Maps.Maze.RecursiveBacktrackerMazeGenerator,Cave)" fullname="PlayersWorlds.Maps.Maze.MazeGeneratorAreasTest.OverlappingAreasAreAppliedProperly(PlayersWorlds.Maps.Maze.RecursiveBacktrackerMazeGenerator,Cave)" methodname="OverlappingAreasAreAppliedProperly" classname="PlayersWorlds.Maps.Maze.MazeGeneratorAreasTest" runstate="Runnable" seed="786981022" result="Passed" start-time="2024-06-07T14:39:51.6746390Z" end-time="2024-06-07T14:39:52.5334220Z" duration="0.858784" asserts="80" />
                <test-case id="1-1222" name="OverlappingAreasAreAppliedProperly(PlayersWorlds.Maps.Maze.RecursiveBacktrackerMazeGenerator,Hall)" fullname="PlayersWorlds.Maps.Maze.MazeGeneratorAreasTest.OverlappingAreasAreAppliedProperly(PlayersWorlds.Maps.Maze.RecursiveBacktrackerMazeGenerator,Hall)" methodname="OverlappingAreasAreAppliedProperly" classname="PlayersWorlds.Maps.Maze.MazeGeneratorAreasTest" runstate="Runnable" seed="1932599936" result="Passed" start-time="2024-06-07T14:39:52.5334360Z" end-time="2024-06-07T14:39:52.9314910Z" duration="0.398056" asserts="80" />
                <test-case id="1-1223" name="OverlappingAreasAreAppliedProperly(PlayersWorlds.Maps.Maze.RecursiveBacktrackerMazeGenerator,Fill)" fullname="PlayersWorlds.Maps.Maze.MazeGeneratorAreasTest.OverlappingAreasAreAppliedProperly(PlayersWorlds.Maps.Maze.RecursiveBacktrackerMazeGenerator,Fill)" methodname="OverlappingAreasAreAppliedProperly" classname="PlayersWorlds.Maps.Maze.MazeGeneratorAreasTest" runstate="Runnable" seed="1083274391" result="Passed" start-time="2024-06-07T14:39:52.9315030Z" end-time="2024-06-07T14:39:53.3152990Z" duration="0.383796" asserts="60" />
                <test-case id="1-1224" name="OverlappingAreasAreAppliedProperly(PlayersWorlds.Maps.Maze.SidewinderMazeGenerator,Cave)" fullname="PlayersWorlds.Maps.Maze.MazeGeneratorAreasTest.OverlappingAreasAreAppliedProperly(PlayersWorlds.Maps.Maze.SidewinderMazeGenerator,Cave)" methodname="OverlappingAreasAreAppliedProperly" classname="PlayersWorlds.Maps.Maze.MazeGeneratorAreasTest" runstate="Runnable" seed="2118834852" result="Passed" start-time="2024-06-07T14:39:53.3153120Z" end-time="2024-06-07T14:39:54.1881470Z" duration="0.872835" asserts="80" />
                <test-case id="1-1225" name="OverlappingAreasAreAppliedProperly(PlayersWorlds.Maps.Maze.SidewinderMazeGenerator,Hall)" fullname="PlayersWorlds.Maps.Maze.MazeGeneratorAreasTest.OverlappingAreasAreAppliedProperly(PlayersWorlds.Maps.Maze.SidewinderMazeGenerator,Hall)" methodname="OverlappingAreasAreAppliedProperly" classname="PlayersWorlds.Maps.Maze.MazeGeneratorAreasTest" runstate="Runnable" seed="1100917020" result="Passed" start-time="2024-06-07T14:39:54.1881690Z" end-time="2024-06-07T14:39:54.5914730Z" duration="0.403304" asserts="80" />
                <test-case id="1-1226" name="OverlappingAreasAreAppliedProperly(PlayersWorlds.Maps.Maze.SidewinderMazeGenerator,Fill)" fullname="PlayersWorlds.Maps.Maze.MazeGeneratorAreasTest.OverlappingAreasAreAppliedProperly(PlayersWorlds.Maps.Maze.SidewinderMazeGenerator,Fill)" methodname="OverlappingAreasAreAppliedProperly" classname="PlayersWorlds.Maps.Maze.MazeGeneratorAreasTest" runstate="Runnable" seed="582688548" result="Passed" start-time="2024-06-07T14:39:54.5914860Z" end-time="2024-06-07T14:39:54.9800950Z" duration="0.388610" asserts="60" />
                <test-case id="1-1227" name="OverlappingAreasAreAppliedProperly(PlayersWorlds.Maps.Maze.WilsonsMazeGenerator,Cave)" fullname="PlayersWorlds.Maps.Maze.MazeGeneratorAreasTest.OverlappingAreasAreAppliedProperly(PlayersWorlds.Maps.Maze.WilsonsMazeGenerator,Cave)" methodname="OverlappingAreasAreAppliedProperly" classname="PlayersWorlds.Maps.Maze.MazeGeneratorAreasTest" runstate="Runnable" seed="902171616" result="Passed" start-time="2024-06-07T14:39:54.9801070Z" end-time="2024-06-07T14:39:55.8650590Z" duration="0.884952" asserts="80" />
                <test-case id="1-1228" name="OverlappingAreasAreAppliedProperly(PlayersWorlds.Maps.Maze.WilsonsMazeGenerator,Hall)" fullname="PlayersWorlds.Maps.Maze.MazeGeneratorAreasTest.OverlappingAreasAreAppliedProperly(PlayersWorlds.Maps.Maze.WilsonsMazeGenerator,Hall)" methodname="OverlappingAreasAreAppliedProperly" classname="PlayersWorlds.Maps.Maze.MazeGeneratorAreasTest" runstate="Runnable" seed="1556884259" result="Passed" start-time="2024-06-07T14:39:55.8650710Z" end-time="2024-06-07T14:39:56.3063250Z" duration="0.441254" asserts="80" />
                <test-case id="1-1229" name="OverlappingAreasAreAppliedProperly(PlayersWorlds.Maps.Maze.WilsonsMazeGenerator,Fill)" fullname="PlayersWorlds.Maps.Maze.MazeGeneratorAreasTest.OverlappingAreasAreAppliedProperly(PlayersWorlds.Maps.Maze.WilsonsMazeGenerator,Fill)" methodname="OverlappingAreasAreAppliedProperly" classname="PlayersWorlds.Maps.Maze.MazeGeneratorAreasTest" runstate="Runnable" seed="1396566615" result="Passed" start-time="2024-06-07T14:39:56.3063460Z" end-time="2024-06-07T14:39:56.7265580Z" duration="0.420213" asserts="60" />
              </test-suite>
              <test-suite type="ParameterizedMethod" id="1-1397" name="ScatteredAreas" fullname="PlayersWorlds.Maps.Maze.MazeGeneratorAreasTest.ScatteredAreas" classname="PlayersWorlds.Maps.Maze.MazeGeneratorAreasTest" runstate="Runnable" testcasecount="126" result="Skipped" label="Ignored" site="Child" start-time="2024-06-07T14:39:56.7265910Z" end-time="2024-06-07T14:44:51.1498710Z" duration="294.423281" total="126" passed="24" failed="0" warnings="0" inconclusive="0" skipped="102" asserts="480">
                <properties>
                  <property name="Repeat" value="10" />
                  <property name="Category" value="Integration" />
                </properties>
                <reason>
                  <message><![CDATA[One or more child tests were ignored]]></message>
                </reason>
                <test-case id="1-1271" name="ScatteredAreas(PlayersWorlds.Maps.Maze.AldousBroderMazeGenerator,Cave,Quarter)" fullname="PlayersWorlds.Maps.Maze.MazeGeneratorAreasTest.ScatteredAreas(PlayersWorlds.Maps.Maze.AldousBroderMazeGenerator,Cave,Quarter)" methodname="ScatteredAreas" classname="PlayersWorlds.Maps.Maze.MazeGeneratorAreasTest" runstate="Runnable" seed="1374853188" result="Skipped" label="Ignored" start-time="2024-06-07T14:39:56.7266260Z" end-time="2024-06-07T14:39:56.7273560Z" duration="0.000729" asserts="0" />
                <test-case id="1-1272" name="ScatteredAreas(PlayersWorlds.Maps.Maze.AldousBroderMazeGenerator,Cave,Half)" fullname="PlayersWorlds.Maps.Maze.MazeGeneratorAreasTest.ScatteredAreas(PlayersWorlds.Maps.Maze.AldousBroderMazeGenerator,Cave,Half)" methodname="ScatteredAreas" classname="PlayersWorlds.Maps.Maze.MazeGeneratorAreasTest" runstate="Runnable" seed="2109304748" result="Skipped" label="Ignored" start-time="2024-06-07T14:39:56.7273640Z" end-time="2024-06-07T14:39:56.7274340Z" duration="0.000069" asserts="0" />
                <test-case id="1-1273" name="ScatteredAreas(PlayersWorlds.Maps.Maze.AldousBroderMazeGenerator,Cave,ThreeQuarters)" fullname="PlayersWorlds.Maps.Maze.MazeGeneratorAreasTest.ScatteredAreas(PlayersWorlds.Maps.Maze.AldousBroderMazeGenerator,Cave,ThreeQuarters)" methodname="ScatteredAreas" classname="PlayersWorlds.Maps.Maze.MazeGeneratorAreasTest" runstate="Runnable" seed="716328900" result="Skipped" label="Ignored" start-time="2024-06-07T14:39:56.7274390Z" end-time="2024-06-07T14:39:56.7274950Z" duration="0.000056" asserts="0" />
                <test-case id="1-1274" name="ScatteredAreas(PlayersWorlds.Maps.Maze.AldousBroderMazeGenerator,Cave,NinetyPercent)" fullname="PlayersWorlds.Maps.Maze.MazeGeneratorAreasTest.ScatteredAreas(PlayersWorlds.Maps.Maze.AldousBroderMazeGenerator,Cave,NinetyPercent)" methodname="ScatteredAreas" classname="PlayersWorlds.Maps.Maze.MazeGeneratorAreasTest" runstate="Runnable" seed="707544729" result="Skipped" label="Ignored" start-time="2024-06-07T14:39:56.7275010Z" end-time="2024-06-07T14:39:56.7275540Z" duration="0.000053" asserts="0" />
                <test-case id="1-1275" name="ScatteredAreas(PlayersWorlds.Maps.Maze.AldousBroderMazeGenerator,Cave,FullWidth)" fullname="PlayersWorlds.Maps.Maze.MazeGeneratorAreasTest.ScatteredAreas(PlayersWorlds.Maps.Maze.AldousBroderMazeGenerator,Cave,FullWidth)" methodname="ScatteredAreas" classname="PlayersWorlds.Maps.Maze.MazeGeneratorAreasTest" runstate="Runnable" seed="1440018622" result="Skipped" label="Ignored" start-time="2024-06-07T14:39:56.7275590Z" end-time="2024-06-07T14:39:56.7276150Z" duration="0.000056" asserts="0" />
                <test-case id="1-1276" name="ScatteredAreas(PlayersWorlds.Maps.Maze.AldousBroderMazeGenerator,Cave,FullHeight)" fullname="PlayersWorlds.Maps.Maze.MazeGeneratorAreasTest.ScatteredAreas(PlayersWorlds.Maps.Maze.AldousBroderMazeGenerator,Cave,FullHeight)" methodname="ScatteredAreas" classname="PlayersWorlds.Maps.Maze.MazeGeneratorAreasTest" runstate="Runnable" seed="192081945" result="Skipped" label="Ignored" start-time="2024-06-07T14:39:56.7276200Z" end-time="2024-06-07T14:39:56.7276760Z" duration="0.000056" asserts="0" />
                <test-case id="1-1277" name="ScatteredAreas(PlayersWorlds.Maps.Maze.AldousBroderMazeGenerator,Cave,Full)" fullname="PlayersWorlds.Maps.Maze.MazeGeneratorAreasTest.ScatteredAreas(PlayersWorlds.Maps.Maze.AldousBroderMazeGenerator,Cave,Full)" methodname="ScatteredAreas" classname="PlayersWorlds.Maps.Maze.MazeGeneratorAreasTest" runstate="Runnable" seed="1912714385" result="Passed" start-time="2024-06-07T14:39:56.7276810Z" end-time="2024-06-07T14:40:09.8400840Z" duration="13.112402" asserts="20" />
                <test-case id="1-1278" name="ScatteredAreas(PlayersWorlds.Maps.Maze.AldousBroderMazeGenerator,Hall,Quarter)" fullname="PlayersWorlds.Maps.Maze.MazeGeneratorAreasTest.ScatteredAreas(PlayersWorlds.Maps.Maze.AldousBroderMazeGenerator,Hall,Quarter)" methodname="ScatteredAreas" classname="PlayersWorlds.Maps.Maze.MazeGeneratorAreasTest" runstate="Runnable" seed="509189387" result="Skipped" label="Ignored" start-time="2024-06-07T14:40:09.8401000Z" end-time="2024-06-07T14:40:09.8402430Z" duration="0.000143" asserts="0" />
                <test-case id="1-1279" name="ScatteredAreas(PlayersWorlds.Maps.Maze.AldousBroderMazeGenerator,Hall,Half)" fullname="PlayersWorlds.Maps.Maze.MazeGeneratorAreasTest.ScatteredAreas(PlayersWorlds.Maps.Maze.AldousBroderMazeGenerator,Hall,Half)" methodname="ScatteredAreas" classname="PlayersWorlds.Maps.Maze.MazeGeneratorAreasTest" runstate="Runnable" seed="1648258742" result="Skipped" label="Ignored" start-time="2024-06-07T14:40:09.8402490Z" end-time="2024-06-07T14:40:09.8403090Z" duration="0.000061" asserts="0" />
                <test-case id="1-1280" name="ScatteredAreas(PlayersWorlds.Maps.Maze.AldousBroderMazeGenerator,Hall,ThreeQuarters)" fullname="PlayersWorlds.Maps.Maze.MazeGeneratorAreasTest.ScatteredAreas(PlayersWorlds.Maps.Maze.AldousBroderMazeGenerator,Hall,ThreeQuarters)" methodname="ScatteredAreas" classname="PlayersWorlds.Maps.Maze.MazeGeneratorAreasTest" runstate="Runnable" seed="1395921033" result="Skipped" label="Ignored" start-time="2024-06-07T14:40:09.8403150Z" end-time="2024-06-07T14:40:09.8403710Z" duration="0.000056" asserts="0" />
                <test-case id="1-1281" name="ScatteredAreas(PlayersWorlds.Maps.Maze.AldousBroderMazeGenerator,Hall,NinetyPercent)" fullname="PlayersWorlds.Maps.Maze.MazeGeneratorAreasTest.ScatteredAreas(PlayersWorlds.Maps.Maze.AldousBroderMazeGenerator,Hall,NinetyPercent)" methodname="ScatteredAreas" classname="PlayersWorlds.Maps.Maze.MazeGeneratorAreasTest" runstate="Runnable" seed="370198051" result="Skipped" label="Ignored" start-time="2024-06-07T14:40:09.8403760Z" end-time="2024-06-07T14:40:09.8404280Z" duration="0.000052" asserts="0" />
                <test-case id="1-1282" name="ScatteredAreas(PlayersWorlds.Maps.Maze.AldousBroderMazeGenerator,Hall,FullWidth)" fullname="PlayersWorlds.Maps.Maze.MazeGeneratorAreasTest.ScatteredAreas(PlayersWorlds.Maps.Maze.AldousBroderMazeGenerator,Hall,FullWidth)" methodname="ScatteredAreas" classname="PlayersWorlds.Maps.Maze.MazeGeneratorAreasTest" runstate="Runnable" seed="488964842" result="Skipped" label="Ignored" start-time="2024-06-07T14:40:09.8404330Z" end-time="2024-06-07T14:40:09.8404830Z" duration="0.000050" asserts="0" />
                <test-case id="1-1283" name="ScatteredAreas(PlayersWorlds.Maps.Maze.AldousBroderMazeGenerator,Hall,FullHeight)" fullname="PlayersWorlds.Maps.Maze.MazeGeneratorAreasTest.ScatteredAreas(PlayersWorlds.Maps.Maze.AldousBroderMazeGenerator,Hall,FullHeight)" methodname="ScatteredAreas" classname="PlayersWorlds.Maps.Maze.MazeGeneratorAreasTest" runstate="Runnable" seed="332651177" result="Skipped" label="Ignored" start-time="2024-06-07T14:40:09.8404880Z" end-time="2024-06-07T14:40:09.8405370Z" duration="0.000049" asserts="0" />
                <test-case id="1-1284" name="ScatteredAreas(PlayersWorlds.Maps.Maze.AldousBroderMazeGenerator,Hall,Full)" fullname="PlayersWorlds.Maps.Maze.MazeGeneratorAreasTest.ScatteredAreas(PlayersWorlds.Maps.Maze.AldousBroderMazeGenerator,Hall,Full)" methodname="ScatteredAreas" classname="PlayersWorlds.Maps.Maze.MazeGeneratorAreasTest" runstate="Runnable" seed="1377839011" result="Passed" start-time="2024-06-07T14:40:09.8405420Z" end-time="2024-06-07T14:40:22.6027840Z" duration="12.762242" asserts="20" />
                <test-case id="1-1285" name="ScatteredAreas(PlayersWorlds.Maps.Maze.AldousBroderMazeGenerator,Fill,Quarter)" fullname="PlayersWorlds.Maps.Maze.MazeGeneratorAreasTest.ScatteredAreas(PlayersWorlds.Maps.Maze.AldousBroderMazeGenerator,Fill,Quarter)" methodname="ScatteredAreas" classname="PlayersWorlds.Maps.Maze.MazeGeneratorAreasTest" runstate="Runnable" seed="190724156" result="Skipped" label="Ignored" start-time="2024-06-07T14:40:22.6028010Z" end-time="2024-06-07T14:40:22.6029420Z" duration="0.000141" asserts="0" />
                <test-case id="1-1286" name="ScatteredAreas(PlayersWorlds.Maps.Maze.AldousBroderMazeGenerator,Fill,Half)" fullname="PlayersWorlds.Maps.Maze.MazeGeneratorAreasTest.ScatteredAreas(PlayersWorlds.Maps.Maze.AldousBroderMazeGenerator,Fill,Half)" methodname="ScatteredAreas" classname="PlayersWorlds.Maps.Maze.MazeGeneratorAreasTest" runstate="Runnable" seed="139891748" result="Skipped" label="Ignored" start-time="2024-06-07T14:40:22.6029480Z" end-time="2024-06-07T14:40:22.6030110Z" duration="0.000063" asserts="0" />
                <test-case id="1-1287" name="ScatteredAreas(PlayersWorlds.Maps.Maze.AldousBroderMazeGenerator,Fill,ThreeQuarters)" fullname="PlayersWorlds.Maps.Maze.MazeGeneratorAreasTest.ScatteredAreas(PlayersWorlds.Maps.Maze.AldousBroderMazeGenerator,Fill,ThreeQuarters)" methodname="ScatteredAreas" classname="PlayersWorlds.Maps.Maze.MazeGeneratorAreasTest" runstate="Runnable" seed="982547512" result="Skipped" label="Ignored" start-time="2024-06-07T14:40:22.6030170Z" end-time="2024-06-07T14:40:22.6030730Z" duration="0.000057" asserts="0" />
                <test-case id="1-1288" name="ScatteredAreas(PlayersWorlds.Maps.Maze.AldousBroderMazeGenerator,Fill,NinetyPercent)" fullname="PlayersWorlds.Maps.Maze.MazeGeneratorAreasTest.ScatteredAreas(PlayersWorlds.Maps.Maze.AldousBroderMazeGenerator,Fill,NinetyPercent)" methodname="ScatteredAreas" classname="PlayersWorlds.Maps.Maze.MazeGeneratorAreasTest" runstate="Runnable" seed="938689886" result="Skipped" label="Ignored" start-time="2024-06-07T14:40:22.6030790Z" end-time="2024-06-07T14:40:22.6031300Z" duration="0.000052" asserts="0" />
                <test-case id="1-1289" name="ScatteredAreas(PlayersWorlds.Maps.Maze.AldousBroderMazeGenerator,Fill,FullWidth)" fullname="PlayersWorlds.Maps.Maze.MazeGeneratorAreasTest.ScatteredAreas(PlayersWorlds.Maps.Maze.AldousBroderMazeGenerator,Fill,FullWidth)" methodname="ScatteredAreas" classname="PlayersWorlds.Maps.Maze.MazeGeneratorAreasTest" runstate="Runnable" seed="164400494" result="Skipped" label="Ignored" start-time="2024-06-07T14:40:22.6031360Z" end-time="2024-06-07T14:40:22.6031860Z" duration="0.000050" asserts="0" />
                <test-case id="1-1290" name="ScatteredAreas(PlayersWorlds.Maps.Maze.AldousBroderMazeGenerator,Fill,FullHeight)" fullname="PlayersWorlds.Maps.Maze.MazeGeneratorAreasTest.ScatteredAreas(PlayersWorlds.Maps.Maze.AldousBroderMazeGenerator,Fill,FullHeight)" methodname="ScatteredAreas" classname="PlayersWorlds.Maps.Maze.MazeGeneratorAreasTest" runstate="Runnable" seed="2029167318" result="Skipped" label="Ignored" start-time="2024-06-07T14:40:22.6031910Z" end-time="2024-06-07T14:40:22.6032400Z" duration="0.000049" asserts="0" />
                <test-case id="1-1291" name="ScatteredAreas(PlayersWorlds.Maps.Maze.AldousBroderMazeGenerator,Fill,Full)" fullname="PlayersWorlds.Maps.Maze.MazeGeneratorAreasTest.ScatteredAreas(PlayersWorlds.Maps.Maze.AldousBroderMazeGenerator,Fill,Full)" methodname="ScatteredAreas" classname="PlayersWorlds.Maps.Maze.MazeGeneratorAreasTest" runstate="Runnable" seed="1319199370" result="Skipped" label="Ignored" start-time="2024-06-07T14:40:22.6032450Z" end-time="2024-06-07T14:40:22.6032930Z" duration="0.000049" asserts="0" />
                <test-case id="1-1292" name="ScatteredAreas(PlayersWorlds.Maps.Maze.BinaryTreeMazeGenerator,Cave,Quarter)" fullname="PlayersWorlds.Maps.Maze.MazeGeneratorAreasTest.ScatteredAreas(PlayersWorlds.Maps.Maze.BinaryTreeMazeGenerator,Cave,Quarter)" methodname="ScatteredAreas" classname="PlayersWorlds.Maps.Maze.MazeGeneratorAreasTest" runstate="Runnable" seed="622454621" result="Skipped" label="Ignored" start-time="2024-06-07T14:40:22.6032980Z" end-time="2024-06-07T14:40:22.6033490Z" duration="0.000051" asserts="0" />
                <test-case id="1-1293" name="ScatteredAreas(PlayersWorlds.Maps.Maze.BinaryTreeMazeGenerator,Cave,Half)" fullname="PlayersWorlds.Maps.Maze.MazeGeneratorAreasTest.ScatteredAreas(PlayersWorlds.Maps.Maze.BinaryTreeMazeGenerator,Cave,Half)" methodname="ScatteredAreas" classname="PlayersWorlds.Maps.Maze.MazeGeneratorAreasTest" runstate="Runnable" seed="257088254" result="Skipped" label="Ignored" start-time="2024-06-07T14:40:22.6033540Z" end-time="2024-06-07T14:40:22.6034040Z" duration="0.000051" asserts="0" />
                <test-case id="1-1294" name="ScatteredAreas(PlayersWorlds.Maps.Maze.BinaryTreeMazeGenerator,Cave,ThreeQuarters)" fullname="PlayersWorlds.Maps.Maze.MazeGeneratorAreasTest.ScatteredAreas(PlayersWorlds.Maps.Maze.BinaryTreeMazeGenerator,Cave,ThreeQuarters)" methodname="ScatteredAreas" classname="PlayersWorlds.Maps.Maze.MazeGeneratorAreasTest" runstate="Runnable" seed="17826446" result="Skipped" label="Ignored" start-time="2024-06-07T14:40:22.6034090Z" end-time="2024-06-07T14:40:22.6034620Z" duration="0.000052" asserts="0" />
                <test-case id="1-1295" name="ScatteredAreas(PlayersWorlds.Maps.Maze.BinaryTreeMazeGenerator,Cave,NinetyPercent)" fullname="PlayersWorlds.Maps.Maze.MazeGeneratorAreasTest.ScatteredAreas(PlayersWorlds.Maps.Maze.BinaryTreeMazeGenerator,Cave,NinetyPercent)" methodname="ScatteredAreas" classname="PlayersWorlds.Maps.Maze.MazeGeneratorAreasTest" runstate="Runnable" seed="1191373288" result="Skipped" label="Ignored" start-time="2024-06-07T14:40:22.6034670Z" end-time="2024-06-07T14:40:22.6035170Z" duration="0.000051" asserts="0" />
                <test-case id="1-1296" name="ScatteredAreas(PlayersWorlds.Maps.Maze.BinaryTreeMazeGenerator,Cave,FullWidth)" fullname="PlayersWorlds.Maps.Maze.MazeGeneratorAreasTest.ScatteredAreas(PlayersWorlds.Maps.Maze.BinaryTreeMazeGenerator,Cave,FullWidth)" methodname="ScatteredAreas" classname="PlayersWorlds.Maps.Maze.MazeGeneratorAreasTest" runstate="Runnable" seed="1854994563" result="Skipped" label="Ignored" start-time="2024-06-07T14:40:22.6035220Z" end-time="2024-06-07T14:40:22.6035740Z" duration="0.000051" asserts="0" />
                <test-case id="1-1297" name="ScatteredAreas(PlayersWorlds.Maps.Maze.BinaryTreeMazeGenerator,Cave,FullHeight)" fullname="PlayersWorlds.Maps.Maze.MazeGeneratorAreasTest.ScatteredAreas(PlayersWorlds.Maps.Maze.BinaryTreeMazeGenerator,Cave,FullHeight)" methodname="ScatteredAreas" classname="PlayersWorlds.Maps.Maze.MazeGeneratorAreasTest" runstate="Runnable" seed="1464575094" result="Skipped" label="Ignored" start-time="2024-06-07T14:40:22.6035790Z" end-time="2024-06-07T14:40:22.6036270Z" duration="0.000048" asserts="0" />
                <test-case id="1-1298" name="ScatteredAreas(PlayersWorlds.Maps.Maze.BinaryTreeMazeGenerator,Cave,Full)" fullname="PlayersWorlds.Maps.Maze.MazeGeneratorAreasTest.ScatteredAreas(PlayersWorlds.Maps.Maze.BinaryTreeMazeGenerator,Cave,Full)" methodname="ScatteredAreas" classname="PlayersWorlds.Maps.Maze.MazeGeneratorAreasTest" runstate="Runnable" seed="1931371177" result="Passed" start-time="2024-06-07T14:40:22.6036320Z" end-time="2024-06-07T14:40:34.8510990Z" duration="12.247467" asserts="20" />
                <test-case id="1-1299" name="ScatteredAreas(PlayersWorlds.Maps.Maze.BinaryTreeMazeGenerator,Hall,Quarter)" fullname="PlayersWorlds.Maps.Maze.MazeGeneratorAreasTest.ScatteredAreas(PlayersWorlds.Maps.Maze.BinaryTreeMazeGenerator,Hall,Quarter)" methodname="ScatteredAreas" classname="PlayersWorlds.Maps.Maze.MazeGeneratorAreasTest" runstate="Runnable" seed="885769910" result="Skipped" label="Ignored" start-time="2024-06-07T14:40:34.8511130Z" end-time="2024-06-07T14:40:34.8512500Z" duration="0.000137" asserts="0" />
                <test-case id="1-1300" name="ScatteredAreas(PlayersWorlds.Maps.Maze.BinaryTreeMazeGenerator,Hall,Half)" fullname="PlayersWorlds.Maps.Maze.MazeGeneratorAreasTest.ScatteredAreas(PlayersWorlds.Maps.Maze.BinaryTreeMazeGenerator,Hall,Half)" methodname="ScatteredAreas" classname="PlayersWorlds.Maps.Maze.MazeGeneratorAreasTest" runstate="Runnable" seed="1539106386" result="Skipped" label="Ignored" start-time="2024-06-07T14:40:34.8512560Z" end-time="2024-06-07T14:40:34.8513130Z" duration="0.000058" asserts="0" />
                <test-case id="1-1301" name="ScatteredAreas(PlayersWorlds.Maps.Maze.BinaryTreeMazeGenerator,Hall,ThreeQuarters)" fullname="PlayersWorlds.Maps.Maze.MazeGeneratorAreasTest.ScatteredAreas(PlayersWorlds.Maps.Maze.BinaryTreeMazeGenerator,Hall,ThreeQuarters)" methodname="ScatteredAreas" classname="PlayersWorlds.Maps.Maze.MazeGeneratorAreasTest" runstate="Runnable" seed="1953354634" result="Skipped" label="Ignored" start-time="2024-06-07T14:40:34.8513180Z" end-time="2024-06-07T14:40:34.8513700Z" duration="0.000051" asserts="0" />
                <test-case id="1-1302" name="ScatteredAreas(PlayersWorlds.Maps.Maze.BinaryTreeMazeGenerator,Hall,NinetyPercent)" fullname="PlayersWorlds.Maps.Maze.MazeGeneratorAreasTest.ScatteredAreas(PlayersWorlds.Maps.Maze.BinaryTreeMazeGenerator,Hall,NinetyPercent)" methodname="ScatteredAreas" classname="PlayersWorlds.Maps.Maze.MazeGeneratorAreasTest" runstate="Runnable" seed="933661818" result="Skipped" label="Ignored" start-time="2024-06-07T14:40:34.8513750Z" end-time="2024-06-07T14:40:34.8514250Z" duration="0.000050" asserts="0" />
                <test-case id="1-1303" name="ScatteredAreas(PlayersWorlds.Maps.Maze.BinaryTreeMazeGenerator,Hall,FullWidth)" fullname="PlayersWorlds.Maps.Maze.MazeGeneratorAreasTest.ScatteredAreas(PlayersWorlds.Maps.Maze.BinaryTreeMazeGenerator,Hall,FullWidth)" methodname="ScatteredAreas" classname="PlayersWorlds.Maps.Maze.MazeGeneratorAreasTest" runstate="Runnable" seed="90234727" result="Skipped" label="Ignored" start-time="2024-06-07T14:40:34.8514300Z" end-time="2024-06-07T14:40:34.8514780Z" duration="0.000048" asserts="0" />
                <test-case id="1-1304" name="ScatteredAreas(PlayersWorlds.Maps.Maze.BinaryTreeMazeGenerator,Hall,FullHeight)" fullname="PlayersWorlds.Maps.Maze.MazeGeneratorAreasTest.ScatteredAreas(PlayersWorlds.Maps.Maze.BinaryTreeMazeGenerator,Hall,FullHeight)" methodname="ScatteredAreas" classname="PlayersWorlds.Maps.Maze.MazeGeneratorAreasTest" runstate="Runnable" seed="516019627" result="Skipped" label="Ignored" start-time="2024-06-07T14:40:34.8514850Z" end-time="2024-06-07T14:40:34.8515320Z" duration="0.000048" asserts="0" />
                <test-case id="1-1305" name="ScatteredAreas(PlayersWorlds.Maps.Maze.BinaryTreeMazeGenerator,Hall,Full)" fullname="PlayersWorlds.Maps.Maze.MazeGeneratorAreasTest.ScatteredAreas(PlayersWorlds.Maps.Maze.BinaryTreeMazeGenerator,Hall,Full)" methodname="ScatteredAreas" classname="PlayersWorlds.Maps.Maze.MazeGeneratorAreasTest" runstate="Runnable" seed="1578868636" result="Passed" start-time="2024-06-07T14:40:34.8515380Z" end-time="2024-06-07T14:40:46.8566620Z" duration="12.005124" asserts="20" />
                <test-case id="1-1306" name="ScatteredAreas(PlayersWorlds.Maps.Maze.BinaryTreeMazeGenerator,Fill,Quarter)" fullname="PlayersWorlds.Maps.Maze.MazeGeneratorAreasTest.ScatteredAreas(PlayersWorlds.Maps.Maze.BinaryTreeMazeGenerator,Fill,Quarter)" methodname="ScatteredAreas" classname="PlayersWorlds.Maps.Maze.MazeGeneratorAreasTest" runstate="Runnable" seed="1641226355" result="Skipped" label="Ignored" start-time="2024-06-07T14:40:46.8566890Z" end-time="2024-06-07T14:40:46.8568370Z" duration="0.000148" asserts="0" />
                <test-case id="1-1307" name="ScatteredAreas(PlayersWorlds.Maps.Maze.BinaryTreeMazeGenerator,Fill,Half)" fullname="PlayersWorlds.Maps.Maze.MazeGeneratorAreasTest.ScatteredAreas(PlayersWorlds.Maps.Maze.BinaryTreeMazeGenerator,Fill,Half)" methodname="ScatteredAreas" classname="PlayersWorlds.Maps.Maze.MazeGeneratorAreasTest" runstate="Runnable" seed="1236417890" result="Skipped" label="Ignored" start-time="2024-06-07T14:40:46.8568440Z" end-time="2024-06-07T14:40:46.8569090Z" duration="0.000065" asserts="0" />
                <test-case id="1-1308" name="ScatteredAreas(PlayersWorlds.Maps.Maze.BinaryTreeMazeGenerator,Fill,ThreeQuarters)" fullname="PlayersWorlds.Maps.Maze.MazeGeneratorAreasTest.ScatteredAreas(PlayersWorlds.Maps.Maze.BinaryTreeMazeGenerator,Fill,ThreeQuarters)" methodname="ScatteredAreas" classname="PlayersWorlds.Maps.Maze.MazeGeneratorAreasTest" runstate="Runnable" seed="13468740" result="Skipped" label="Ignored" start-time="2024-06-07T14:40:46.8569150Z" end-time="2024-06-07T14:40:46.8569710Z" duration="0.000056" asserts="0" />
                <test-case id="1-1309" name="ScatteredAreas(PlayersWorlds.Maps.Maze.BinaryTreeMazeGenerator,Fill,NinetyPercent)" fullname="PlayersWorlds.Maps.Maze.MazeGeneratorAreasTest.ScatteredAreas(PlayersWorlds.Maps.Maze.BinaryTreeMazeGenerator,Fill,NinetyPercent)" methodname="ScatteredAreas" classname="PlayersWorlds.Maps.Maze.MazeGeneratorAreasTest" runstate="Runnable" seed="709722718" result="Skipped" label="Ignored" start-time="2024-06-07T14:40:46.8569760Z" end-time="2024-06-07T14:40:46.8570280Z" duration="0.000052" asserts="0" />
                <test-case id="1-1310" name="ScatteredAreas(PlayersWorlds.Maps.Maze.BinaryTreeMazeGenerator,Fill,FullWidth)" fullname="PlayersWorlds.Maps.Maze.MazeGeneratorAreasTest.ScatteredAreas(PlayersWorlds.Maps.Maze.BinaryTreeMazeGenerator,Fill,FullWidth)" methodname="ScatteredAreas" classname="PlayersWorlds.Maps.Maze.MazeGeneratorAreasTest" runstate="Runnable" seed="209787203" result="Skipped" label="Ignored" start-time="2024-06-07T14:40:46.8570330Z" end-time="2024-06-07T14:40:46.8570830Z" duration="0.000050" asserts="0" />
                <test-case id="1-1311" name="ScatteredAreas(PlayersWorlds.Maps.Maze.BinaryTreeMazeGenerator,Fill,FullHeight)" fullname="PlayersWorlds.Maps.Maze.MazeGeneratorAreasTest.ScatteredAreas(PlayersWorlds.Maps.Maze.BinaryTreeMazeGenerator,Fill,FullHeight)" methodname="ScatteredAreas" classname="PlayersWorlds.Maps.Maze.MazeGeneratorAreasTest" runstate="Runnable" seed="378544580" result="Skipped" label="Ignored" start-time="2024-06-07T14:40:46.8570880Z" end-time="2024-06-07T14:40:46.8571360Z" duration="0.000048" asserts="0" />
                <test-case id="1-1312" name="ScatteredAreas(PlayersWorlds.Maps.Maze.BinaryTreeMazeGenerator,Fill,Full)" fullname="PlayersWorlds.Maps.Maze.MazeGeneratorAreasTest.ScatteredAreas(PlayersWorlds.Maps.Maze.BinaryTreeMazeGenerator,Fill,Full)" methodname="ScatteredAreas" classname="PlayersWorlds.Maps.Maze.MazeGeneratorAreasTest" runstate="Runnable" seed="1173665191" result="Skipped" label="Ignored" start-time="2024-06-07T14:40:46.8571410Z" end-time="2024-06-07T14:40:46.8571900Z" duration="0.000049" asserts="0" />
                <test-case id="1-1313" name="ScatteredAreas(PlayersWorlds.Maps.Maze.HuntAndKillMazeGenerator,Cave,Quarter)" fullname="PlayersWorlds.Maps.Maze.MazeGeneratorAreasTest.ScatteredAreas(PlayersWorlds.Maps.Maze.HuntAndKillMazeGenerator,Cave,Quarter)" methodname="ScatteredAreas" classname="PlayersWorlds.Maps.Maze.MazeGeneratorAreasTest" runstate="Runnable" seed="737605744" result="Skipped" label="Ignored" start-time="2024-06-07T14:40:46.8571950Z" end-time="2024-06-07T14:40:46.8572430Z" duration="0.000048" asserts="0" />
                <test-case id="1-1314" name="ScatteredAreas(PlayersWorlds.Maps.Maze.HuntAndKillMazeGenerator,Cave,Half)" fullname="PlayersWorlds.Maps.Maze.MazeGeneratorAreasTest.ScatteredAreas(PlayersWorlds.Maps.Maze.HuntAndKillMazeGenerator,Cave,Half)" methodname="ScatteredAreas" classname="PlayersWorlds.Maps.Maze.MazeGeneratorAreasTest" runstate="Runnable" seed="1168166107" result="Skipped" label="Ignored" start-time="2024-06-07T14:40:46.8572480Z" end-time="2024-06-07T14:40:46.8572960Z" duration="0.000049" asserts="0" />
                <test-case id="1-1315" name="ScatteredAreas(PlayersWorlds.Maps.Maze.HuntAndKillMazeGenerator,Cave,ThreeQuarters)" fullname="PlayersWorlds.Maps.Maze.MazeGeneratorAreasTest.ScatteredAreas(PlayersWorlds.Maps.Maze.HuntAndKillMazeGenerator,Cave,ThreeQuarters)" methodname="ScatteredAreas" classname="PlayersWorlds.Maps.Maze.MazeGeneratorAreasTest" runstate="Runnable" seed="2031196080" result="Skipped" label="Ignored" start-time="2024-06-07T14:40:46.8573020Z" end-time="2024-06-07T14:40:46.8573500Z" duration="0.000049" asserts="0" />
                <test-case id="1-1316" name="ScatteredAreas(PlayersWorlds.Maps.Maze.HuntAndKillMazeGenerator,Cave,NinetyPercent)" fullname="PlayersWorlds.Maps.Maze.MazeGeneratorAreasTest.ScatteredAreas(PlayersWorlds.Maps.Maze.HuntAndKillMazeGenerator,Cave,NinetyPercent)" methodname="ScatteredAreas" classname="PlayersWorlds.Maps.Maze.MazeGeneratorAreasTest" runstate="Runnable" seed="1368687692" result="Skipped" label="Ignored" start-time="2024-06-07T14:40:46.8573550Z" end-time="2024-06-07T14:40:46.8574030Z" duration="0.000048" asserts="0" />
                <test-case id="1-1317" name="ScatteredAreas(PlayersWorlds.Maps.Maze.HuntAndKillMazeGenerator,Cave,FullWidth)" fullname="PlayersWorlds.Maps.Maze.MazeGeneratorAreasTest.ScatteredAreas(PlayersWorlds.Maps.Maze.HuntAndKillMazeGenerator,Cave,FullWidth)" methodname="ScatteredAreas" classname="PlayersWorlds.Maps.Maze.MazeGeneratorAreasTest" runstate="Runnable" seed="1970747552" result="Skipped" label="Ignored" start-time="2024-06-07T14:40:46.8574080Z" end-time="2024-06-07T14:40:46.8574580Z" duration="0.000051" asserts="0" />
                <test-case id="1-1318" name="ScatteredAreas(PlayersWorlds.Maps.Maze.HuntAndKillMazeGenerator,Cave,FullHeight)" fullname="PlayersWorlds.Maps.Maze.MazeGeneratorAreasTest.ScatteredAreas(PlayersWorlds.Maps.Maze.HuntAndKillMazeGenerator,Cave,FullHeight)" methodname="ScatteredAreas" classname="PlayersWorlds.Maps.Maze.MazeGeneratorAreasTest" runstate="Runnable" seed="1175802897" result="Skipped" label="Ignored" start-time="2024-06-07T14:40:46.8574630Z" end-time="2024-06-07T14:40:46.8575140Z" duration="0.000051" asserts="0" />
                <test-case id="1-1319" name="ScatteredAreas(PlayersWorlds.Maps.Maze.HuntAndKillMazeGenerator,Cave,Full)" fullname="PlayersWorlds.Maps.Maze.MazeGeneratorAreasTest.ScatteredAreas(PlayersWorlds.Maps.Maze.HuntAndKillMazeGenerator,Cave,Full)" methodname="ScatteredAreas" classname="PlayersWorlds.Maps.Maze.MazeGeneratorAreasTest" runstate="Runnable" seed="457196601" result="Passed" start-time="2024-06-07T14:40:46.8575190Z" end-time="2024-06-07T14:40:59.0646540Z" duration="12.207134" asserts="20" />
                <test-case id="1-1320" name="ScatteredAreas(PlayersWorlds.Maps.Maze.HuntAndKillMazeGenerator,Hall,Quarter)" fullname="PlayersWorlds.Maps.Maze.MazeGeneratorAreasTest.ScatteredAreas(PlayersWorlds.Maps.Maze.HuntAndKillMazeGenerator,Hall,Quarter)" methodname="ScatteredAreas" classname="PlayersWorlds.Maps.Maze.MazeGeneratorAreasTest" runstate="Runnable" seed="600346236" result="Skipped" label="Ignored" start-time="2024-06-07T14:40:59.0646690Z" end-time="2024-06-07T14:40:59.0648040Z" duration="0.000135" asserts="0" />
                <test-case id="1-1321" name="ScatteredAreas(PlayersWorlds.Maps.Maze.HuntAndKillMazeGenerator,Hall,Half)" fullname="PlayersWorlds.Maps.Maze.MazeGeneratorAreasTest.ScatteredAreas(PlayersWorlds.Maps.Maze.HuntAndKillMazeGenerator,Hall,Half)" methodname="ScatteredAreas" classname="PlayersWorlds.Maps.Maze.MazeGeneratorAreasTest" runstate="Runnable" seed="1599566285" result="Skipped" label="Ignored" start-time="2024-06-07T14:40:59.0648100Z" end-time="2024-06-07T14:40:59.0648740Z" duration="0.000064" asserts="0" />
                <test-case id="1-1322" name="ScatteredAreas(PlayersWorlds.Maps.Maze.HuntAndKillMazeGenerator,Hall,ThreeQuarters)" fullname="PlayersWorlds.Maps.Maze.MazeGeneratorAreasTest.ScatteredAreas(PlayersWorlds.Maps.Maze.HuntAndKillMazeGenerator,Hall,ThreeQuarters)" methodname="ScatteredAreas" classname="PlayersWorlds.Maps.Maze.MazeGeneratorAreasTest" runstate="Runnable" seed="1369905664" result="Skipped" label="Ignored" start-time="2024-06-07T14:40:59.0648790Z" end-time="2024-06-07T14:40:59.0649330Z" duration="0.000054" asserts="0" />
                <test-case id="1-1323" name="ScatteredAreas(PlayersWorlds.Maps.Maze.HuntAndKillMazeGenerator,Hall,NinetyPercent)" fullname="PlayersWorlds.Maps.Maze.MazeGeneratorAreasTest.ScatteredAreas(PlayersWorlds.Maps.Maze.HuntAndKillMazeGenerator,Hall,NinetyPercent)" methodname="ScatteredAreas" classname="PlayersWorlds.Maps.Maze.MazeGeneratorAreasTest" runstate="Runnable" seed="1645352532" result="Skipped" label="Ignored" start-time="2024-06-07T14:40:59.0649380Z" end-time="2024-06-07T14:40:59.0649900Z" duration="0.000051" asserts="0" />
                <test-case id="1-1324" name="ScatteredAreas(PlayersWorlds.Maps.Maze.HuntAndKillMazeGenerator,Hall,FullWidth)" fullname="PlayersWorlds.Maps.Maze.MazeGeneratorAreasTest.ScatteredAreas(PlayersWorlds.Maps.Maze.HuntAndKillMazeGenerator,Hall,FullWidth)" methodname="ScatteredAreas" classname="PlayersWorlds.Maps.Maze.MazeGeneratorAreasTest" runstate="Runnable" seed="819346521" result="Skipped" label="Ignored" start-time="2024-06-07T14:40:59.0649950Z" end-time="2024-06-07T14:40:59.0650440Z" duration="0.000049" asserts="0" />
                <test-case id="1-1325" name="ScatteredAreas(PlayersWorlds.Maps.Maze.HuntAndKillMazeGenerator,Hall,FullHeight)" fullname="PlayersWorlds.Maps.Maze.MazeGeneratorAreasTest.ScatteredAreas(PlayersWorlds.Maps.Maze.HuntAndKillMazeGenerator,Hall,FullHeight)" methodname="ScatteredAreas" classname="PlayersWorlds.Maps.Maze.MazeGeneratorAreasTest" runstate="Runnable" seed="2091975342" result="Skipped" label="Ignored" start-time="2024-06-07T14:40:59.0650490Z" end-time="2024-06-07T14:40:59.0650970Z" duration="0.000049" asserts="0" />
                <test-case id="1-1326" name="ScatteredAreas(PlayersWorlds.Maps.Maze.HuntAndKillMazeGenerator,Hall,Full)" fullname="PlayersWorlds.Maps.Maze.MazeGeneratorAreasTest.ScatteredAreas(PlayersWorlds.Maps.Maze.HuntAndKillMazeGenerator,Hall,Full)" methodname="ScatteredAreas" classname="PlayersWorlds.Maps.Maze.MazeGeneratorAreasTest" runstate="Runnable" seed="752398567" result="Passed" start-time="2024-06-07T14:40:59.0651020Z" end-time="2024-06-07T14:41:11.0416840Z" duration="11.976582" asserts="20" />
                <test-case id="1-1327" name="ScatteredAreas(PlayersWorlds.Maps.Maze.HuntAndKillMazeGenerator,Fill,Quarter)" fullname="PlayersWorlds.Maps.Maze.MazeGeneratorAreasTest.ScatteredAreas(PlayersWorlds.Maps.Maze.HuntAndKillMazeGenerator,Fill,Quarter)" methodname="ScatteredAreas" classname="PlayersWorlds.Maps.Maze.MazeGeneratorAreasTest" runstate="Runnable" seed="1852216494" result="Skipped" label="Ignored" start-time="2024-06-07T14:41:11.0416990Z" end-time="2024-06-07T14:41:11.0418380Z" duration="0.000139" asserts="0" />
                <test-case id="1-1328" name="ScatteredAreas(PlayersWorlds.Maps.Maze.HuntAndKillMazeGenerator,Fill,Half)" fullname="PlayersWorlds.Maps.Maze.MazeGeneratorAreasTest.ScatteredAreas(PlayersWorlds.Maps.Maze.HuntAndKillMazeGenerator,Fill,Half)" methodname="ScatteredAreas" classname="PlayersWorlds.Maps.Maze.MazeGeneratorAreasTest" runstate="Runnable" seed="698502454" result="Skipped" label="Ignored" start-time="2024-06-07T14:41:11.0418440Z" end-time="2024-06-07T14:41:11.0419020Z" duration="0.000058" asserts="0" />
                <test-case id="1-1329" name="ScatteredAreas(PlayersWorlds.Maps.Maze.HuntAndKillMazeGenerator,Fill,ThreeQuarters)" fullname="PlayersWorlds.Maps.Maze.MazeGeneratorAreasTest.ScatteredAreas(PlayersWorlds.Maps.Maze.HuntAndKillMazeGenerator,Fill,ThreeQuarters)" methodname="ScatteredAreas" classname="PlayersWorlds.Maps.Maze.MazeGeneratorAreasTest" runstate="Runnable" seed="1663655088" result="Skipped" label="Ignored" start-time="2024-06-07T14:41:11.0419080Z" end-time="2024-06-07T14:41:11.0419600Z" duration="0.000052" asserts="0" />
                <test-case id="1-1330" name="ScatteredAreas(PlayersWorlds.Maps.Maze.HuntAndKillMazeGenerator,Fill,NinetyPercent)" fullname="PlayersWorlds.Maps.Maze.MazeGeneratorAreasTest.ScatteredAreas(PlayersWorlds.Maps.Maze.HuntAndKillMazeGenerator,Fill,NinetyPercent)" methodname="ScatteredAreas" classname="PlayersWorlds.Maps.Maze.MazeGeneratorAreasTest" runstate="Runnable" seed="1732507706" result="Skipped" label="Ignored" start-time="2024-06-07T14:41:11.0419650Z" end-time="2024-06-07T14:41:11.0420150Z" duration="0.000050" asserts="0" />
                <test-case id="1-1331" name="ScatteredAreas(PlayersWorlds.Maps.Maze.HuntAndKillMazeGenerator,Fill,FullWidth)" fullname="PlayersWorlds.Maps.Maze.MazeGeneratorAreasTest.ScatteredAreas(PlayersWorlds.Maps.Maze.HuntAndKillMazeGenerator,Fill,FullWidth)" methodname="ScatteredAreas" classname="PlayersWorlds.Maps.Maze.MazeGeneratorAreasTest" runstate="Runnable" seed="874990498" result="Skipped" label="Ignored" start-time="2024-06-07T14:41:11.0420200Z" end-time="2024-06-07T14:41:11.0420700Z" duration="0.000050" asserts="0" />
                <test-case id="1-1332" name="ScatteredAreas(PlayersWorlds.Maps.Maze.HuntAndKillMazeGenerator,Fill,FullHeight)" fullname="PlayersWorlds.Maps.Maze.MazeGeneratorAreasTest.ScatteredAreas(PlayersWorlds.Maps.Maze.HuntAndKillMazeGenerator,Fill,FullHeight)" methodname="ScatteredAreas" classname="PlayersWorlds.Maps.Maze.MazeGeneratorAreasTest" runstate="Runnable" seed="2128826855" result="Skipped" label="Ignored" start-time="2024-06-07T14:41:11.0420750Z" end-time="2024-06-07T14:41:11.0421240Z" duration="0.000049" asserts="0" />
                <test-case id="1-1333" name="ScatteredAreas(PlayersWorlds.Maps.Maze.HuntAndKillMazeGenerator,Fill,Full)" fullname="PlayersWorlds.Maps.Maze.MazeGeneratorAreasTest.ScatteredAreas(PlayersWorlds.Maps.Maze.HuntAndKillMazeGenerator,Fill,Full)" methodname="ScatteredAreas" classname="PlayersWorlds.Maps.Maze.MazeGeneratorAreasTest" runstate="Runnable" seed="1770903124" result="Skipped" label="Ignored" start-time="2024-06-07T14:41:11.0421290Z" end-time="2024-06-07T14:41:11.0421790Z" duration="0.000049" asserts="0" />
                <test-case id="1-1334" name="ScatteredAreas(PlayersWorlds.Maps.Maze.RecursiveBacktrackerMazeGenerator,Cave,Quarter)" fullname="PlayersWorlds.Maps.Maze.MazeGeneratorAreasTest.ScatteredAreas(PlayersWorlds.Maps.Maze.RecursiveBacktrackerMazeGenerator,Cave,Quarter)" methodname="ScatteredAreas" classname="PlayersWorlds.Maps.Maze.MazeGeneratorAreasTest" runstate="Runnable" seed="109152356" result="Skipped" label="Ignored" start-time="2024-06-07T14:41:11.0421840Z" end-time="2024-06-07T14:41:11.0422330Z" duration="0.000049" asserts="0" />
                <test-case id="1-1335" name="ScatteredAreas(PlayersWorlds.Maps.Maze.RecursiveBacktrackerMazeGenerator,Cave,Half)" fullname="PlayersWorlds.Maps.Maze.MazeGeneratorAreasTest.ScatteredAreas(PlayersWorlds.Maps.Maze.RecursiveBacktrackerMazeGenerator,Cave,Half)" methodname="ScatteredAreas" classname="PlayersWorlds.Maps.Maze.MazeGeneratorAreasTest" runstate="Runnable" seed="1590050046" result="Skipped" label="Ignored" start-time="2024-06-07T14:41:11.0422380Z" end-time="2024-06-07T14:41:11.0422860Z" duration="0.000048" asserts="0" />
                <test-case id="1-1336" name="ScatteredAreas(PlayersWorlds.Maps.Maze.RecursiveBacktrackerMazeGenerator,Cave,ThreeQuarters)" fullname="PlayersWorlds.Maps.Maze.MazeGeneratorAreasTest.ScatteredAreas(PlayersWorlds.Maps.Maze.RecursiveBacktrackerMazeGenerator,Cave,ThreeQuarters)" methodname="ScatteredAreas" classname="PlayersWorlds.Maps.Maze.MazeGeneratorAreasTest" runstate="Runnable" seed="1584019880" result="Skipped" label="Ignored" start-time="2024-06-07T14:41:11.0422910Z" end-time="2024-06-07T14:41:11.0423610Z" duration="0.000070" asserts="0" />
                <test-case id="1-1337" name="ScatteredAreas(PlayersWorlds.Maps.Maze.RecursiveBacktrackerMazeGenerator,Cave,NinetyPercent)" fullname="PlayersWorlds.Maps.Maze.MazeGeneratorAreasTest.ScatteredAreas(PlayersWorlds.Maps.Maze.RecursiveBacktrackerMazeGenerator,Cave,NinetyPercent)" methodname="ScatteredAreas" classname="PlayersWorlds.Maps.Maze.MazeGeneratorAreasTest" runstate="Runnable" seed="398730115" result="Skipped" label="Ignored" start-time="2024-06-07T14:41:11.0423670Z" end-time="2024-06-07T14:41:11.0424160Z" duration="0.000050" asserts="0" />
                <test-case id="1-1338" name="ScatteredAreas(PlayersWorlds.Maps.Maze.RecursiveBacktrackerMazeGenerator,Cave,FullWidth)" fullname="PlayersWorlds.Maps.Maze.MazeGeneratorAreasTest.ScatteredAreas(PlayersWorlds.Maps.Maze.RecursiveBacktrackerMazeGenerator,Cave,FullWidth)" methodname="ScatteredAreas" classname="PlayersWorlds.Maps.Maze.MazeGeneratorAreasTest" runstate="Runnable" seed="1964115197" result="Skipped" label="Ignored" start-time="2024-06-07T14:41:11.0424210Z" end-time="2024-06-07T14:41:11.0424690Z" duration="0.000048" asserts="0" />
                <test-case id="1-1339" name="ScatteredAreas(PlayersWorlds.Maps.Maze.RecursiveBacktrackerMazeGenerator,Cave,FullHeight)" fullname="PlayersWorlds.Maps.Maze.MazeGeneratorAreasTest.ScatteredAreas(PlayersWorlds.Maps.Maze.RecursiveBacktrackerMazeGenerator,Cave,FullHeight)" methodname="ScatteredAreas" classname="PlayersWorlds.Maps.Maze.MazeGeneratorAreasTest" runstate="Runnable" seed="1946454022" result="Skipped" label="Ignored" start-time="2024-06-07T14:41:11.0424740Z" end-time="2024-06-07T14:41:11.0425220Z" duration="0.000048" asserts="0" />
                <test-case id="1-1340" name="ScatteredAreas(PlayersWorlds.Maps.Maze.RecursiveBacktrackerMazeGenerator,Cave,Full)" fullname="PlayersWorlds.Maps.Maze.MazeGeneratorAreasTest.ScatteredAreas(PlayersWorlds.Maps.Maze.RecursiveBacktrackerMazeGenerator,Cave,Full)" methodname="ScatteredAreas" classname="PlayersWorlds.Maps.Maze.MazeGeneratorAreasTest" runstate="Runnable" seed="696981448" result="Passed" start-time="2024-06-07T14:41:11.0425270Z" end-time="2024-06-07T14:41:23.3907130Z" duration="12.348186" asserts="20" />
                <test-case id="1-1341" name="ScatteredAreas(PlayersWorlds.Maps.Maze.RecursiveBacktrackerMazeGenerator,Hall,Quarter)" fullname="PlayersWorlds.Maps.Maze.MazeGeneratorAreasTest.ScatteredAreas(PlayersWorlds.Maps.Maze.RecursiveBacktrackerMazeGenerator,Hall,Quarter)" methodname="ScatteredAreas" classname="PlayersWorlds.Maps.Maze.MazeGeneratorAreasTest" runstate="Runnable" seed="1050957505" result="Skipped" label="Ignored" start-time="2024-06-07T14:41:23.3907300Z" end-time="2024-06-07T14:41:23.3909000Z" duration="0.000169" asserts="0" />
                <test-case id="1-1342" name="ScatteredAreas(PlayersWorlds.Maps.Maze.RecursiveBacktrackerMazeGenerator,Hall,Half)" fullname="PlayersWorlds.Maps.Maze.MazeGeneratorAreasTest.ScatteredAreas(PlayersWorlds.Maps.Maze.RecursiveBacktrackerMazeGenerator,Hall,Half)" methodname="ScatteredAreas" classname="PlayersWorlds.Maps.Maze.MazeGeneratorAreasTest" runstate="Runnable" seed="969078772" result="Skipped" label="Ignored" start-time="2024-06-07T14:41:23.3909080Z" end-time="2024-06-07T14:41:23.3910060Z" duration="0.000097" asserts="0" />
                <test-case id="1-1343" name="ScatteredAreas(PlayersWorlds.Maps.Maze.RecursiveBacktrackerMazeGenerator,Hall,ThreeQuarters)" fullname="PlayersWorlds.Maps.Maze.MazeGeneratorAreasTest.ScatteredAreas(PlayersWorlds.Maps.Maze.RecursiveBacktrackerMazeGenerator,Hall,ThreeQuarters)" methodname="ScatteredAreas" classname="PlayersWorlds.Maps.Maze.MazeGeneratorAreasTest" runstate="Runnable" seed="228967168" result="Skipped" label="Ignored" start-time="2024-06-07T14:41:23.3910120Z" end-time="2024-06-07T14:41:23.3910720Z" duration="0.000060" asserts="0" />
                <test-case id="1-1344" name="ScatteredAreas(PlayersWorlds.Maps.Maze.RecursiveBacktrackerMazeGenerator,Hall,NinetyPercent)" fullname="PlayersWorlds.Maps.Maze.MazeGeneratorAreasTest.ScatteredAreas(PlayersWorlds.Maps.Maze.RecursiveBacktrackerMazeGenerator,Hall,NinetyPercent)" methodname="ScatteredAreas" classname="PlayersWorlds.Maps.Maze.MazeGeneratorAreasTest" runstate="Runnable" seed="2102096938" result="Skipped" label="Ignored" start-time="2024-06-07T14:41:23.3910770Z" end-time="2024-06-07T14:41:23.3911280Z" duration="0.000051" asserts="0" />
                <test-case id="1-1345" name="ScatteredAreas(PlayersWorlds.Maps.Maze.RecursiveBacktrackerMazeGenerator,Hall,FullWidth)" fullname="PlayersWorlds.Maps.Maze.MazeGeneratorAreasTest.ScatteredAreas(PlayersWorlds.Maps.Maze.RecursiveBacktrackerMazeGenerator,Hall,FullWidth)" methodname="ScatteredAreas" classname="PlayersWorlds.Maps.Maze.MazeGeneratorAreasTest" runstate="Runnable" seed="1650622738" result="Skipped" label="Ignored" start-time="2024-06-07T14:41:23.3911330Z" end-time="2024-06-07T14:41:23.3911810Z" duration="0.000049" asserts="0" />
                <test-case id="1-1346" name="ScatteredAreas(PlayersWorlds.Maps.Maze.RecursiveBacktrackerMazeGenerator,Hall,FullHeight)" fullname="PlayersWorlds.Maps.Maze.MazeGeneratorAreasTest.ScatteredAreas(PlayersWorlds.Maps.Maze.RecursiveBacktrackerMazeGenerator,Hall,FullHeight)" methodname="ScatteredAreas" classname="PlayersWorlds.Maps.Maze.MazeGeneratorAreasTest" runstate="Runnable" seed="145534179" result="Skipped" label="Ignored" start-time="2024-06-07T14:41:23.3911860Z" end-time="2024-06-07T14:41:23.3912680Z" duration="0.000081" asserts="0" />
                <test-case id="1-1347" name="ScatteredAreas(PlayersWorlds.Maps.Maze.RecursiveBacktrackerMazeGenerator,Hall,Full)" fullname="PlayersWorlds.Maps.Maze.MazeGeneratorAreasTest.ScatteredAreas(PlayersWorlds.Maps.Maze.RecursiveBacktrackerMazeGenerator,Hall,Full)" methodname="ScatteredAreas" classname="PlayersWorlds.Maps.Maze.MazeGeneratorAreasTest" runstate="Runnable" seed="2032332524" result="Passed" start-time="2024-06-07T14:41:23.3912750Z" end-time="2024-06-07T14:41:35.5818340Z" duration="12.190559" asserts="20" />
                <test-case id="1-1348" name="ScatteredAreas(PlayersWorlds.Maps.Maze.RecursiveBacktrackerMazeGenerator,Fill,Quarter)" fullname="PlayersWorlds.Maps.Maze.MazeGeneratorAreasTest.ScatteredAreas(PlayersWorlds.Maps.Maze.RecursiveBacktrackerMazeGenerator,Fill,Quarter)" methodname="ScatteredAreas" classname="PlayersWorlds.Maps.Maze.MazeGeneratorAreasTest" runstate="Runnable" seed="1236405794" result="Skipped" label="Ignored" start-time="2024-06-07T14:41:35.5818500Z" end-time="2024-06-07T14:41:35.5819920Z" duration="0.000142" asserts="0" />
                <test-case id="1-1349" name="ScatteredAreas(PlayersWorlds.Maps.Maze.RecursiveBacktrackerMazeGenerator,Fill,Half)" fullname="PlayersWorlds.Maps.Maze.MazeGeneratorAreasTest.ScatteredAreas(PlayersWorlds.Maps.Maze.RecursiveBacktrackerMazeGenerator,Fill,Half)" methodname="ScatteredAreas" classname="PlayersWorlds.Maps.Maze.MazeGeneratorAreasTest" runstate="Runnable" seed="134114013" result="Skipped" label="Ignored" start-time="2024-06-07T14:41:35.5819990Z" end-time="2024-06-07T14:41:35.5820620Z" duration="0.000063" asserts="0" />
                <test-case id="1-1350" name="ScatteredAreas(PlayersWorlds.Maps.Maze.RecursiveBacktrackerMazeGenerator,Fill,ThreeQuarters)" fullname="PlayersWorlds.Maps.Maze.MazeGeneratorAreasTest.ScatteredAreas(PlayersWorlds.Maps.Maze.RecursiveBacktrackerMazeGenerator,Fill,ThreeQuarters)" methodname="ScatteredAreas" classname="PlayersWorlds.Maps.Maze.MazeGeneratorAreasTest" runstate="Runnable" seed="1970169243" result="Skipped" label="Ignored" start-time="2024-06-07T14:41:35.5820680Z" end-time="2024-06-07T14:41:35.5821220Z" duration="0.000055" asserts="0" />
                <test-case id="1-1351" name="ScatteredAreas(PlayersWorlds.Maps.Maze.RecursiveBacktrackerMazeGenerator,Fill,NinetyPercent)" fullname="PlayersWorlds.Maps.Maze.MazeGeneratorAreasTest.ScatteredAreas(PlayersWorlds.Maps.Maze.RecursiveBacktrackerMazeGenerator,Fill,NinetyPercent)" methodname="ScatteredAreas" classname="PlayersWorlds.Maps.Maze.MazeGeneratorAreasTest" runstate="Runnable" seed="2031730658" result="Skipped" label="Ignored" start-time="2024-06-07T14:41:35.5821280Z" end-time="2024-06-07T14:41:35.5821780Z" duration="0.000050" asserts="0" />
                <test-case id="1-1352" name="ScatteredAreas(PlayersWorlds.Maps.Maze.RecursiveBacktrackerMazeGenerator,Fill,FullWidth)" fullname="PlayersWorlds.Maps.Maze.MazeGeneratorAreasTest.ScatteredAreas(PlayersWorlds.Maps.Maze.RecursiveBacktrackerMazeGenerator,Fill,FullWidth)" methodname="ScatteredAreas" classname="PlayersWorlds.Maps.Maze.MazeGeneratorAreasTest" runstate="Runnable" seed="288772197" result="Skipped" label="Ignored" start-time="2024-06-07T14:41:35.5821830Z" end-time="2024-06-07T14:41:35.5822310Z" duration="0.000048" asserts="0" />
                <test-case id="1-1353" name="ScatteredAreas(PlayersWorlds.Maps.Maze.RecursiveBacktrackerMazeGenerator,Fill,FullHeight)" fullname="PlayersWorlds.Maps.Maze.MazeGeneratorAreasTest.ScatteredAreas(PlayersWorlds.Maps.Maze.RecursiveBacktrackerMazeGenerator,Fill,FullHeight)" methodname="ScatteredAreas" classname="PlayersWorlds.Maps.Maze.MazeGeneratorAreasTest" runstate="Runnable" seed="1474174576" result="Skipped" label="Ignored" start-time="2024-06-07T14:41:35.5822360Z" end-time="2024-06-07T14:41:35.5822840Z" duration="0.000048" asserts="0" />
                <test-case id="1-1354" name="ScatteredAreas(PlayersWorlds.Maps.Maze.RecursiveBacktrackerMazeGenerator,Fill,Full)" fullname="PlayersWorlds.Maps.Maze.MazeGeneratorAreasTest.ScatteredAreas(PlayersWorlds.Maps.Maze.RecursiveBacktrackerMazeGenerator,Fill,Full)" methodname="ScatteredAreas" classname="PlayersWorlds.Maps.Maze.MazeGeneratorAreasTest" runstate="Runnable" seed="285423674" result="Skipped" label="Ignored" start-time="2024-06-07T14:41:35.5822890Z" end-time="2024-06-07T14:41:35.5823480Z" duration="0.000059" asserts="0" />
                <test-case id="1-1355" name="ScatteredAreas(PlayersWorlds.Maps.Maze.SidewinderMazeGenerator,Cave,Quarter)" fullname="PlayersWorlds.Maps.Maze.MazeGeneratorAreasTest.ScatteredAreas(PlayersWorlds.Maps.Maze.SidewinderMazeGenerator,Cave,Quarter)" methodname="ScatteredAreas" classname="PlayersWorlds.Maps.Maze.MazeGeneratorAreasTest" runstate="Runnable" seed="2087023748" result="Skipped" label="Ignored" start-time="2024-06-07T14:41:35.5823540Z" end-time="2024-06-07T14:41:35.5824040Z" duration="0.000050" asserts="0" />
                <test-case id="1-1356" name="ScatteredAreas(PlayersWorlds.Maps.Maze.SidewinderMazeGenerator,Cave,Half)" fullname="PlayersWorlds.Maps.Maze.MazeGeneratorAreasTest.ScatteredAreas(PlayersWorlds.Maps.Maze.SidewinderMazeGenerator,Cave,Half)" methodname="ScatteredAreas" classname="PlayersWorlds.Maps.Maze.MazeGeneratorAreasTest" runstate="Runnable" seed="583448970" result="Skipped" label="Ignored" start-time="2024-06-07T14:41:35.5824090Z" end-time="2024-06-07T14:41:35.5824600Z" duration="0.000051" asserts="0" />
                <test-case id="1-1357" name="ScatteredAreas(PlayersWorlds.Maps.Maze.SidewinderMazeGenerator,Cave,ThreeQuarters)" fullname="PlayersWorlds.Maps.Maze.MazeGeneratorAreasTest.ScatteredAreas(PlayersWorlds.Maps.Maze.SidewinderMazeGenerator,Cave,ThreeQuarters)" methodname="ScatteredAreas" classname="PlayersWorlds.Maps.Maze.MazeGeneratorAreasTest" runstate="Runnable" seed="1435792933" result="Skipped" label="Ignored" start-time="2024-06-07T14:41:35.5824660Z" end-time="2024-06-07T14:41:35.5825170Z" duration="0.000051" asserts="0" />
                <test-case id="1-1358" name="ScatteredAreas(PlayersWorlds.Maps.Maze.SidewinderMazeGenerator,Cave,NinetyPercent)" fullname="PlayersWorlds.Maps.Maze.MazeGeneratorAreasTest.ScatteredAreas(PlayersWorlds.Maps.Maze.SidewinderMazeGenerator,Cave,NinetyPercent)" methodname="ScatteredAreas" classname="PlayersWorlds.Maps.Maze.MazeGeneratorAreasTest" runstate="Runnable" seed="1418371853" result="Skipped" label="Ignored" start-time="2024-06-07T14:41:35.5825220Z" end-time="2024-06-07T14:41:35.5825750Z" duration="0.000053" asserts="0" />
                <test-case id="1-1359" name="ScatteredAreas(PlayersWorlds.Maps.Maze.SidewinderMazeGenerator,Cave,FullWidth)" fullname="PlayersWorlds.Maps.Maze.MazeGeneratorAreasTest.ScatteredAreas(PlayersWorlds.Maps.Maze.SidewinderMazeGenerator,Cave,FullWidth)" methodname="ScatteredAreas" classname="PlayersWorlds.Maps.Maze.MazeGeneratorAreasTest" runstate="Runnable" seed="571527932" result="Skipped" label="Ignored" start-time="2024-06-07T14:41:35.5825800Z" end-time="2024-06-07T14:41:35.5826280Z" duration="0.000047" asserts="0" />
                <test-case id="1-1360" name="ScatteredAreas(PlayersWorlds.Maps.Maze.SidewinderMazeGenerator,Cave,FullHeight)" fullname="PlayersWorlds.Maps.Maze.MazeGeneratorAreasTest.ScatteredAreas(PlayersWorlds.Maps.Maze.SidewinderMazeGenerator,Cave,FullHeight)" methodname="ScatteredAreas" classname="PlayersWorlds.Maps.Maze.MazeGeneratorAreasTest" runstate="Runnable" seed="826470069" result="Skipped" label="Ignored" start-time="2024-06-07T14:41:35.5826330Z" end-time="2024-06-07T14:41:35.5826790Z" duration="0.000047" asserts="0" />
                <test-case id="1-1361" name="ScatteredAreas(PlayersWorlds.Maps.Maze.SidewinderMazeGenerator,Cave,Full)" fullname="PlayersWorlds.Maps.Maze.MazeGeneratorAreasTest.ScatteredAreas(PlayersWorlds.Maps.Maze.SidewinderMazeGenerator,Cave,Full)" methodname="ScatteredAreas" classname="PlayersWorlds.Maps.Maze.MazeGeneratorAreasTest" runstate="Runnable" seed="1936493508" result="Passed" start-time="2024-06-07T14:41:35.5826840Z" end-time="2024-06-07T14:41:47.8568460Z" duration="12.274162" asserts="20" />
                <test-case id="1-1362" name="ScatteredAreas(PlayersWorlds.Maps.Maze.SidewinderMazeGenerator,Hall,Quarter)" fullname="PlayersWorlds.Maps.Maze.MazeGeneratorAreasTest.ScatteredAreas(PlayersWorlds.Maps.Maze.SidewinderMazeGenerator,Hall,Quarter)" methodname="ScatteredAreas" classname="PlayersWorlds.Maps.Maze.MazeGeneratorAreasTest" runstate="Runnable" seed="537915436" result="Skipped" label="Ignored" start-time="2024-06-07T14:41:47.8568600Z" end-time="2024-06-07T14:41:47.8569940Z" duration="0.000134" asserts="0" />
                <test-case id="1-1363" name="ScatteredAreas(PlayersWorlds.Maps.Maze.SidewinderMazeGenerator,Hall,Half)" fullname="PlayersWorlds.Maps.Maze.MazeGeneratorAreasTest.ScatteredAreas(PlayersWorlds.Maps.Maze.SidewinderMazeGenerator,Hall,Half)" methodname="ScatteredAreas" classname="PlayersWorlds.Maps.Maze.MazeGeneratorAreasTest" runstate="Runnable" seed="497297299" result="Skipped" label="Ignored" start-time="2024-06-07T14:41:47.8570010Z" end-time="2024-06-07T14:41:47.8570630Z" duration="0.000062" asserts="0" />
                <test-case id="1-1364" name="ScatteredAreas(PlayersWorlds.Maps.Maze.SidewinderMazeGenerator,Hall,ThreeQuarters)" fullname="PlayersWorlds.Maps.Maze.MazeGeneratorAreasTest.ScatteredAreas(PlayersWorlds.Maps.Maze.SidewinderMazeGenerator,Hall,ThreeQuarters)" methodname="ScatteredAreas" classname="PlayersWorlds.Maps.Maze.MazeGeneratorAreasTest" runstate="Runnable" seed="1124698659" result="Skipped" label="Ignored" start-time="2024-06-07T14:41:47.8570680Z" end-time="2024-06-07T14:41:47.8571200Z" duration="0.000052" asserts="0" />
                <test-case id="1-1365" name="ScatteredAreas(PlayersWorlds.Maps.Maze.SidewinderMazeGenerator,Hall,NinetyPercent)" fullname="PlayersWorlds.Maps.Maze.MazeGeneratorAreasTest.ScatteredAreas(PlayersWorlds.Maps.Maze.SidewinderMazeGenerator,Hall,NinetyPercent)" methodname="ScatteredAreas" classname="PlayersWorlds.Maps.Maze.MazeGeneratorAreasTest" runstate="Runnable" seed="1482280352" result="Skipped" label="Ignored" start-time="2024-06-07T14:41:47.8571250Z" end-time="2024-06-07T14:41:47.8571750Z" duration="0.000050" asserts="0" />
                <test-case id="1-1366" name="ScatteredAreas(PlayersWorlds.Maps.Maze.SidewinderMazeGenerator,Hall,FullWidth)" fullname="PlayersWorlds.Maps.Maze.MazeGeneratorAreasTest.ScatteredAreas(PlayersWorlds.Maps.Maze.SidewinderMazeGenerator,Hall,FullWidth)" methodname="ScatteredAreas" classname="PlayersWorlds.Maps.Maze.MazeGeneratorAreasTest" runstate="Runnable" seed="397201372" result="Skipped" label="Ignored" start-time="2024-06-07T14:41:47.8571800Z" end-time="2024-06-07T14:41:47.8572290Z" duration="0.000049" asserts="0" />
                <test-case id="1-1367" name="ScatteredAreas(PlayersWorlds.Maps.Maze.SidewinderMazeGenerator,Hall,FullHeight)" fullname="PlayersWorlds.Maps.Maze.MazeGeneratorAreasTest.ScatteredAreas(PlayersWorlds.Maps.Maze.SidewinderMazeGenerator,Hall,FullHeight)" methodname="ScatteredAreas" classname="PlayersWorlds.Maps.Maze.MazeGeneratorAreasTest" runstate="Runnable" seed="1550245714" result="Skipped" label="Ignored" start-time="2024-06-07T14:41:47.8572340Z" end-time="2024-06-07T14:41:47.8572820Z" duration="0.000048" asserts="0" />
                <test-case id="1-1368" name="ScatteredAreas(PlayersWorlds.Maps.Maze.SidewinderMazeGenerator,Hall,Full)" fullname="PlayersWorlds.Maps.Maze.MazeGeneratorAreasTest.ScatteredAreas(PlayersWorlds.Maps.Maze.SidewinderMazeGenerator,Hall,Full)" methodname="ScatteredAreas" classname="PlayersWorlds.Maps.Maze.MazeGeneratorAreasTest" runstate="Runnable" seed="628453388" result="Passed" start-time="2024-06-07T14:41:47.8572880Z" end-time="2024-06-07T14:41:59.8858150Z" duration="12.028527" asserts="20" />
                <test-case id="1-1369" name="ScatteredAreas(PlayersWorlds.Maps.Maze.SidewinderMazeGenerator,Fill,Quarter)" fullname="PlayersWorlds.Maps.Maze.MazeGeneratorAreasTest.ScatteredAreas(PlayersWorlds.Maps.Maze.SidewinderMazeGenerator,Fill,Quarter)" methodname="ScatteredAreas" classname="PlayersWorlds.Maps.Maze.MazeGeneratorAreasTest" runstate="Runnable" seed="1725599708" result="Skipped" label="Ignored" start-time="2024-06-07T14:41:59.8858330Z" end-time="2024-06-07T14:41:59.8859740Z" duration="0.000141" asserts="0" />
                <test-case id="1-1370" name="ScatteredAreas(PlayersWorlds.Maps.Maze.SidewinderMazeGenerator,Fill,Half)" fullname="PlayersWorlds.Maps.Maze.MazeGeneratorAreasTest.ScatteredAreas(PlayersWorlds.Maps.Maze.SidewinderMazeGenerator,Fill,Half)" methodname="ScatteredAreas" classname="PlayersWorlds.Maps.Maze.MazeGeneratorAreasTest" runstate="Runnable" seed="447176200" result="Skipped" label="Ignored" start-time="2024-06-07T14:41:59.8859800Z" end-time="2024-06-07T14:41:59.8860420Z" duration="0.000062" asserts="0" />
                <test-case id="1-1371" name="ScatteredAreas(PlayersWorlds.Maps.Maze.SidewinderMazeGenerator,Fill,ThreeQuarters)" fullname="PlayersWorlds.Maps.Maze.MazeGeneratorAreasTest.ScatteredAreas(PlayersWorlds.Maps.Maze.SidewinderMazeGenerator,Fill,ThreeQuarters)" methodname="ScatteredAreas" classname="PlayersWorlds.Maps.Maze.MazeGeneratorAreasTest" runstate="Runnable" seed="969957577" result="Skipped" label="Ignored" start-time="2024-06-07T14:41:59.8860470Z" end-time="2024-06-07T14:41:59.8861040Z" duration="0.000057" asserts="0" />
                <test-case id="1-1372" name="ScatteredAreas(PlayersWorlds.Maps.Maze.SidewinderMazeGenerator,Fill,NinetyPercent)" fullname="PlayersWorlds.Maps.Maze.MazeGeneratorAreasTest.ScatteredAreas(PlayersWorlds.Maps.Maze.SidewinderMazeGenerator,Fill,NinetyPercent)" methodname="ScatteredAreas" classname="PlayersWorlds.Maps.Maze.MazeGeneratorAreasTest" runstate="Runnable" seed="6632355" result="Skipped" label="Ignored" start-time="2024-06-07T14:41:59.8861090Z" end-time="2024-06-07T14:41:59.8866290Z" duration="0.000520" asserts="0" />
                <test-case id="1-1373" name="ScatteredAreas(PlayersWorlds.Maps.Maze.SidewinderMazeGenerator,Fill,FullWidth)" fullname="PlayersWorlds.Maps.Maze.MazeGeneratorAreasTest.ScatteredAreas(PlayersWorlds.Maps.Maze.SidewinderMazeGenerator,Fill,FullWidth)" methodname="ScatteredAreas" classname="PlayersWorlds.Maps.Maze.MazeGeneratorAreasTest" runstate="Runnable" seed="1376832522" result="Skipped" label="Ignored" start-time="2024-06-07T14:41:59.8866360Z" end-time="2024-06-07T14:41:59.8867050Z" duration="0.000069" asserts="0" />
                <test-case id="1-1374" name="ScatteredAreas(PlayersWorlds.Maps.Maze.SidewinderMazeGenerator,Fill,FullHeight)" fullname="PlayersWorlds.Maps.Maze.MazeGeneratorAreasTest.ScatteredAreas(PlayersWorlds.Maps.Maze.SidewinderMazeGenerator,Fill,FullHeight)" methodname="ScatteredAreas" classname="PlayersWorlds.Maps.Maze.MazeGeneratorAreasTest" runstate="Runnable" seed="1907698800" result="Skipped" label="Ignored" start-time="2024-06-07T14:41:59.8867110Z" end-time="2024-06-07T14:41:59.8867680Z" duration="0.000057" asserts="0" />
                <test-case id="1-1375" name="ScatteredAreas(PlayersWorlds.Maps.Maze.SidewinderMazeGenerator,Fill,Full)" fullname="PlayersWorlds.Maps.Maze.MazeGeneratorAreasTest.ScatteredAreas(PlayersWorlds.Maps.Maze.SidewinderMazeGenerator,Fill,Full)" methodname="ScatteredAreas" classname="PlayersWorlds.Maps.Maze.MazeGeneratorAreasTest" runstate="Runnable" seed="1696872378" result="Skipped" label="Ignored" start-time="2024-06-07T14:41:59.8867730Z" end-time="2024-06-07T14:41:59.8868270Z" duration="0.000053" asserts="0" />
                <test-case id="1-1376" name="ScatteredAreas(PlayersWorlds.Maps.Maze.WilsonsMazeGenerator,Cave,Quarter)" fullname="PlayersWorlds.Maps.Maze.MazeGeneratorAreasTest.ScatteredAreas(PlayersWorlds.Maps.Maze.WilsonsMazeGenerator,Cave,Quarter)" methodname="ScatteredAreas" classname="PlayersWorlds.Maps.Maze.MazeGeneratorAreasTest" runstate="Runnable" seed="630487513" result="Passed" start-time="2024-06-07T14:41:59.8868320Z" end-time="2024-06-07T14:42:12.2572650Z" duration="12.370433" asserts="20" />
                <test-case id="1-1377" name="ScatteredAreas(PlayersWorlds.Maps.Maze.WilsonsMazeGenerator,Cave,Half)" fullname="PlayersWorlds.Maps.Maze.MazeGeneratorAreasTest.ScatteredAreas(PlayersWorlds.Maps.Maze.WilsonsMazeGenerator,Cave,Half)" methodname="ScatteredAreas" classname="PlayersWorlds.Maps.Maze.MazeGeneratorAreasTest" runstate="Runnable" seed="1140938496" result="Passed" start-time="2024-06-07T14:42:12.2572810Z" end-time="2024-06-07T14:42:24.7609710Z" duration="12.503690" asserts="20" />
                <test-case id="1-1378" name="ScatteredAreas(PlayersWorlds.Maps.Maze.WilsonsMazeGenerator,Cave,ThreeQuarters)" fullname="PlayersWorlds.Maps.Maze.MazeGeneratorAreasTest.ScatteredAreas(PlayersWorlds.Maps.Maze.WilsonsMazeGenerator,Cave,ThreeQuarters)" methodname="ScatteredAreas" classname="PlayersWorlds.Maps.Maze.MazeGeneratorAreasTest" runstate="Runnable" seed="1690739241" result="Passed" start-time="2024-06-07T14:42:24.7609870Z" end-time="2024-06-07T14:42:37.0517160Z" duration="12.290729" asserts="20" />
                <test-case id="1-1379" name="ScatteredAreas(PlayersWorlds.Maps.Maze.WilsonsMazeGenerator,Cave,NinetyPercent)" fullname="PlayersWorlds.Maps.Maze.MazeGeneratorAreasTest.ScatteredAreas(PlayersWorlds.Maps.Maze.WilsonsMazeGenerator,Cave,NinetyPercent)" methodname="ScatteredAreas" classname="PlayersWorlds.Maps.Maze.MazeGeneratorAreasTest" runstate="Runnable" seed="1316207430" result="Passed" start-time="2024-06-07T14:42:37.0517320Z" end-time="2024-06-07T14:42:49.4239360Z" duration="12.372205" asserts="20" />
                <test-case id="1-1380" name="ScatteredAreas(PlayersWorlds.Maps.Maze.WilsonsMazeGenerator,Cave,FullWidth)" fullname="PlayersWorlds.Maps.Maze.MazeGeneratorAreasTest.ScatteredAreas(PlayersWorlds.Maps.Maze.WilsonsMazeGenerator,Cave,FullWidth)" methodname="ScatteredAreas" classname="PlayersWorlds.Maps.Maze.MazeGeneratorAreasTest" runstate="Runnable" seed="1946441163" result="Passed" start-time="2024-06-07T14:42:49.4239520Z" end-time="2024-06-07T14:43:01.7435040Z" duration="12.319552" asserts="20" />
                <test-case id="1-1381" name="ScatteredAreas(PlayersWorlds.Maps.Maze.WilsonsMazeGenerator,Cave,FullHeight)" fullname="PlayersWorlds.Maps.Maze.MazeGeneratorAreasTest.ScatteredAreas(PlayersWorlds.Maps.Maze.WilsonsMazeGenerator,Cave,FullHeight)" methodname="ScatteredAreas" classname="PlayersWorlds.Maps.Maze.MazeGeneratorAreasTest" runstate="Runnable" seed="867549690" result="Passed" start-time="2024-06-07T14:43:01.7435190Z" end-time="2024-06-07T14:43:14.0996650Z" duration="12.356146" asserts="20" />
                <test-case id="1-1382" name="ScatteredAreas(PlayersWorlds.Maps.Maze.WilsonsMazeGenerator,Cave,Full)" fullname="PlayersWorlds.Maps.Maze.MazeGeneratorAreasTest.ScatteredAreas(PlayersWorlds.Maps.Maze.WilsonsMazeGenerator,Cave,Full)" methodname="ScatteredAreas" classname="PlayersWorlds.Maps.Maze.MazeGeneratorAreasTest" runstate="Runnable" seed="615810700" result="Passed" start-time="2024-06-07T14:43:14.0996800Z" end-time="2024-06-07T14:43:26.4340300Z" duration="12.334351" asserts="20" />
                <test-case id="1-1383" name="ScatteredAreas(PlayersWorlds.Maps.Maze.WilsonsMazeGenerator,Hall,Quarter)" fullname="PlayersWorlds.Maps.Maze.MazeGeneratorAreasTest.ScatteredAreas(PlayersWorlds.Maps.Maze.WilsonsMazeGenerator,Hall,Quarter)" methodname="ScatteredAreas" classname="PlayersWorlds.Maps.Maze.MazeGeneratorAreasTest" runstate="Runnable" seed="564388441" result="Passed" start-time="2024-06-07T14:43:26.4340470Z" end-time="2024-06-07T14:43:38.5665190Z" duration="12.132472" asserts="20" />
                <test-case id="1-1384" name="ScatteredAreas(PlayersWorlds.Maps.Maze.WilsonsMazeGenerator,Hall,Half)" fullname="PlayersWorlds.Maps.Maze.MazeGeneratorAreasTest.ScatteredAreas(PlayersWorlds.Maps.Maze.WilsonsMazeGenerator,Hall,Half)" methodname="ScatteredAreas" classname="PlayersWorlds.Maps.Maze.MazeGeneratorAreasTest" runstate="Runnable" seed="1840969492" result="Passed" start-time="2024-06-07T14:43:38.5665350Z" end-time="2024-06-07T14:43:50.6757030Z" duration="12.109168" asserts="20" />
                <test-case id="1-1385" name="ScatteredAreas(PlayersWorlds.Maps.Maze.WilsonsMazeGenerator,Hall,ThreeQuarters)" fullname="PlayersWorlds.Maps.Maze.MazeGeneratorAreasTest.ScatteredAreas(PlayersWorlds.Maps.Maze.WilsonsMazeGenerator,Hall,ThreeQuarters)" methodname="ScatteredAreas" classname="PlayersWorlds.Maps.Maze.MazeGeneratorAreasTest" runstate="Runnable" seed="1848260695" result="Passed" start-time="2024-06-07T14:43:50.6757200Z" end-time="2024-06-07T14:44:02.7782460Z" duration="12.102526" asserts="20" />
                <test-case id="1-1386" name="ScatteredAreas(PlayersWorlds.Maps.Maze.WilsonsMazeGenerator,Hall,NinetyPercent)" fullname="PlayersWorlds.Maps.Maze.MazeGeneratorAreasTest.ScatteredAreas(PlayersWorlds.Maps.Maze.WilsonsMazeGenerator,Hall,NinetyPercent)" methodname="ScatteredAreas" classname="PlayersWorlds.Maps.Maze.MazeGeneratorAreasTest" runstate="Runnable" seed="586218301" result="Passed" start-time="2024-06-07T14:44:02.7782730Z" end-time="2024-06-07T14:44:14.8760760Z" duration="12.097803" asserts="20" />
                <test-case id="1-1387" name="ScatteredAreas(PlayersWorlds.Maps.Maze.WilsonsMazeGenerator,Hall,FullWidth)" fullname="PlayersWorlds.Maps.Maze.MazeGeneratorAreasTest.ScatteredAreas(PlayersWorlds.Maps.Maze.WilsonsMazeGenerator,Hall,FullWidth)" methodname="ScatteredAreas" classname="PlayersWorlds.Maps.Maze.MazeGeneratorAreasTest" runstate="Runnable" seed="654652279" result="Passed" start-time="2024-06-07T14:44:14.8761030Z" end-time="2024-06-07T14:44:26.9784910Z" duration="12.102389" asserts="20" />
                <test-case id="1-1388" name="ScatteredAreas(PlayersWorlds.Maps.Maze.WilsonsMazeGenerator,Hall,FullHeight)" fullname="PlayersWorlds.Maps.Maze.MazeGeneratorAreasTest.ScatteredAreas(PlayersWorlds.Maps.Maze.WilsonsMazeGenerator,Hall,FullHeight)" methodname="ScatteredAreas" classname="PlayersWorlds.Maps.Maze.MazeGeneratorAreasTest" runstate="Runnable" seed="1485479450" result="Passed" start-time="2024-06-07T14:44:26.9785080Z" end-time="2024-06-07T14:44:39.0966540Z" duration="12.118146" asserts="20" />
                <test-case id="1-1389" name="ScatteredAreas(PlayersWorlds.Maps.Maze.WilsonsMazeGenerator,Hall,Full)" fullname="PlayersWorlds.Maps.Maze.MazeGeneratorAreasTest.ScatteredAreas(PlayersWorlds.Maps.Maze.WilsonsMazeGenerator,Hall,Full)" methodname="ScatteredAreas" classname="PlayersWorlds.Maps.Maze.MazeGeneratorAreasTest" runstate="Runnable" seed="169612255" result="Passed" start-time="2024-06-07T14:44:39.0966700Z" end-time="2024-06-07T14:44:51.1493400Z" duration="12.052670" asserts="20" />
                <test-case id="1-1390" name="ScatteredAreas(PlayersWorlds.Maps.Maze.WilsonsMazeGenerator,Fill,Quarter)" fullname="PlayersWorlds.Maps.Maze.MazeGeneratorAreasTest.ScatteredAreas(PlayersWorlds.Maps.Maze.WilsonsMazeGenerator,Fill,Quarter)" methodname="ScatteredAreas" classname="PlayersWorlds.Maps.Maze.MazeGeneratorAreasTest" runstate="Runnable" seed="1006601076" result="Skipped" label="Ignored" start-time="2024-06-07T14:44:51.1493550Z" end-time="2024-06-07T14:44:51.1494930Z" duration="0.000138" asserts="0" />
                <test-case id="1-1391" name="ScatteredAreas(PlayersWorlds.Maps.Maze.WilsonsMazeGenerator,Fill,Half)" fullname="PlayersWorlds.Maps.Maze.MazeGeneratorAreasTest.ScatteredAreas(PlayersWorlds.Maps.Maze.WilsonsMazeGenerator,Fill,Half)" methodname="ScatteredAreas" classname="PlayersWorlds.Maps.Maze.MazeGeneratorAreasTest" runstate="Runnable" seed="148226947" result="Skipped" label="Ignored" start-time="2024-06-07T14:44:51.1494990Z" end-time="2024-06-07T14:44:51.1495630Z" duration="0.000064" asserts="0" />
                <test-case id="1-1392" name="ScatteredAreas(PlayersWorlds.Maps.Maze.WilsonsMazeGenerator,Fill,ThreeQuarters)" fullname="PlayersWorlds.Maps.Maze.MazeGeneratorAreasTest.ScatteredAreas(PlayersWorlds.Maps.Maze.WilsonsMazeGenerator,Fill,ThreeQuarters)" methodname="ScatteredAreas" classname="PlayersWorlds.Maps.Maze.MazeGeneratorAreasTest" runstate="Runnable" seed="1127841909" result="Skipped" label="Ignored" start-time="2024-06-07T14:44:51.1495680Z" end-time="2024-06-07T14:44:51.1496220Z" duration="0.000054" asserts="0" />
                <test-case id="1-1393" name="ScatteredAreas(PlayersWorlds.Maps.Maze.WilsonsMazeGenerator,Fill,NinetyPercent)" fullname="PlayersWorlds.Maps.Maze.MazeGeneratorAreasTest.ScatteredAreas(PlayersWorlds.Maps.Maze.WilsonsMazeGenerator,Fill,NinetyPercent)" methodname="ScatteredAreas" classname="PlayersWorlds.Maps.Maze.MazeGeneratorAreasTest" runstate="Runnable" seed="1392587265" result="Skipped" label="Ignored" start-time="2024-06-07T14:44:51.1496270Z" end-time="2024-06-07T14:44:51.1496770Z" duration="0.000051" asserts="0" />
                <test-case id="1-1394" name="ScatteredAreas(PlayersWorlds.Maps.Maze.WilsonsMazeGenerator,Fill,FullWidth)" fullname="PlayersWorlds.Maps.Maze.MazeGeneratorAreasTest.ScatteredAreas(PlayersWorlds.Maps.Maze.WilsonsMazeGenerator,Fill,FullWidth)" methodname="ScatteredAreas" classname="PlayersWorlds.Maps.Maze.MazeGeneratorAreasTest" runstate="Runnable" seed="1119983953" result="Skipped" label="Ignored" start-time="2024-06-07T14:44:51.1496820Z" end-time="2024-06-07T14:44:51.1497320Z" duration="0.000049" asserts="0" />
                <test-case id="1-1395" name="ScatteredAreas(PlayersWorlds.Maps.Maze.WilsonsMazeGenerator,Fill,FullHeight)" fullname="PlayersWorlds.Maps.Maze.MazeGeneratorAreasTest.ScatteredAreas(PlayersWorlds.Maps.Maze.WilsonsMazeGenerator,Fill,FullHeight)" methodname="ScatteredAreas" classname="PlayersWorlds.Maps.Maze.MazeGeneratorAreasTest" runstate="Runnable" seed="907971587" result="Skipped" label="Ignored" start-time="2024-06-07T14:44:51.1497360Z" end-time="2024-06-07T14:44:51.1497840Z" duration="0.000048" asserts="0" />
                <test-case id="1-1396" name="ScatteredAreas(PlayersWorlds.Maps.Maze.WilsonsMazeGenerator,Fill,Full)" fullname="PlayersWorlds.Maps.Maze.MazeGeneratorAreasTest.ScatteredAreas(PlayersWorlds.Maps.Maze.WilsonsMazeGenerator,Fill,Full)" methodname="ScatteredAreas" classname="PlayersWorlds.Maps.Maze.MazeGeneratorAreasTest" runstate="Runnable" seed="513042069" result="Skipped" label="Ignored" start-time="2024-06-07T14:44:51.1497890Z" end-time="2024-06-07T14:44:51.1498370Z" duration="0.000048" asserts="0" />
              </test-suite>
              <test-suite type="ParameterizedMethod" id="1-1249" name="TwoMatchingAreas" fullname="PlayersWorlds.Maps.Maze.MazeGeneratorAreasTest.TwoMatchingAreas" classname="PlayersWorlds.Maps.Maze.MazeGeneratorAreasTest" runstate="Runnable" testcasecount="18" result="Passed" start-time="2024-06-07T14:44:51.1498850Z" end-time="2024-06-07T14:44:51.6734880Z" duration="0.523604" total="18" passed="18" failed="0" warnings="0" inconclusive="0" skipped="0" asserts="1080">
                <properties>
                  <property name="Repeat" value="10" />
                  <property name="Category" value="Integration" />
                </properties>
                <test-case id="1-1231" name="TwoMatchingAreas(PlayersWorlds.Maps.Maze.AldousBroderMazeGenerator,Cave)" fullname="PlayersWorlds.Maps.Maze.MazeGeneratorAreasTest.TwoMatchingAreas(PlayersWorlds.Maps.Maze.AldousBroderMazeGenerator,Cave)" methodname="TwoMatchingAreas" classname="PlayersWorlds.Maps.Maze.MazeGeneratorAreasTest" runstate="Runnable" seed="135206377" result="Passed" start-time="2024-06-07T14:44:51.1498960Z" end-time="2024-06-07T14:44:51.1889280Z" duration="0.039032" asserts="60" />
                <test-case id="1-1232" name="TwoMatchingAreas(PlayersWorlds.Maps.Maze.AldousBroderMazeGenerator,Hall)" fullname="PlayersWorlds.Maps.Maze.MazeGeneratorAreasTest.TwoMatchingAreas(PlayersWorlds.Maps.Maze.AldousBroderMazeGenerator,Hall)" methodname="TwoMatchingAreas" classname="PlayersWorlds.Maps.Maze.MazeGeneratorAreasTest" runstate="Runnable" seed="442782051" result="Passed" start-time="2024-06-07T14:44:51.1889400Z" end-time="2024-06-07T14:44:51.2219290Z" duration="0.032990" asserts="60" />
                <test-case id="1-1233" name="TwoMatchingAreas(PlayersWorlds.Maps.Maze.AldousBroderMazeGenerator,Fill)" fullname="PlayersWorlds.Maps.Maze.MazeGeneratorAreasTest.TwoMatchingAreas(PlayersWorlds.Maps.Maze.AldousBroderMazeGenerator,Fill)" methodname="TwoMatchingAreas" classname="PlayersWorlds.Maps.Maze.MazeGeneratorAreasTest" runstate="Runnable" seed="783396597" result="Passed" start-time="2024-06-07T14:44:51.2219400Z" end-time="2024-06-07T14:44:51.2511570Z" duration="0.029217" asserts="60" />
                <test-case id="1-1234" name="TwoMatchingAreas(PlayersWorlds.Maps.Maze.BinaryTreeMazeGenerator,Cave)" fullname="PlayersWorlds.Maps.Maze.MazeGeneratorAreasTest.TwoMatchingAreas(PlayersWorlds.Maps.Maze.BinaryTreeMazeGenerator,Cave)" methodname="TwoMatchingAreas" classname="PlayersWorlds.Maps.Maze.MazeGeneratorAreasTest" runstate="Runnable" seed="844497694" result="Passed" start-time="2024-06-07T14:44:51.2511670Z" end-time="2024-06-07T14:44:51.2834690Z" duration="0.032302" asserts="60" />
                <test-case id="1-1235" name="TwoMatchingAreas(PlayersWorlds.Maps.Maze.BinaryTreeMazeGenerator,Hall)" fullname="PlayersWorlds.Maps.Maze.MazeGeneratorAreasTest.TwoMatchingAreas(PlayersWorlds.Maps.Maze.BinaryTreeMazeGenerator,Hall)" methodname="TwoMatchingAreas" classname="PlayersWorlds.Maps.Maze.MazeGeneratorAreasTest" runstate="Runnable" seed="1156208551" result="Passed" start-time="2024-06-07T14:44:51.2834790Z" end-time="2024-06-07T14:44:51.3100170Z" duration="0.026538" asserts="60" />
                <test-case id="1-1236" name="TwoMatchingAreas(PlayersWorlds.Maps.Maze.BinaryTreeMazeGenerator,Fill)" fullname="PlayersWorlds.Maps.Maze.MazeGeneratorAreasTest.TwoMatchingAreas(PlayersWorlds.Maps.Maze.BinaryTreeMazeGenerator,Fill)" methodname="TwoMatchingAreas" classname="PlayersWorlds.Maps.Maze.MazeGeneratorAreasTest" runstate="Runnable" seed="756586112" result="Passed" start-time="2024-06-07T14:44:51.3100280Z" end-time="2024-06-07T14:44:51.3327850Z" duration="0.022757" asserts="60" />
                <test-case id="1-1237" name="TwoMatchingAreas(PlayersWorlds.Maps.Maze.HuntAndKillMazeGenerator,Cave)" fullname="PlayersWorlds.Maps.Maze.MazeGeneratorAreasTest.TwoMatchingAreas(PlayersWorlds.Maps.Maze.HuntAndKillMazeGenerator,Cave)" methodname="TwoMatchingAreas" classname="PlayersWorlds.Maps.Maze.MazeGeneratorAreasTest" runstate="Runnable" seed="2029258513" result="Passed" start-time="2024-06-07T14:44:51.3327950Z" end-time="2024-06-07T14:44:51.3654440Z" duration="0.032649" asserts="60" />
                <test-case id="1-1238" name="TwoMatchingAreas(PlayersWorlds.Maps.Maze.HuntAndKillMazeGenerator,Hall)" fullname="PlayersWorlds.Maps.Maze.MazeGeneratorAreasTest.TwoMatchingAreas(PlayersWorlds.Maps.Maze.HuntAndKillMazeGenerator,Hall)" methodname="TwoMatchingAreas" classname="PlayersWorlds.Maps.Maze.MazeGeneratorAreasTest" runstate="Runnable" seed="1702645037" result="Passed" start-time="2024-06-07T14:44:51.3654540Z" end-time="2024-06-07T14:44:51.3911710Z" duration="0.025717" asserts="60" />
                <test-case id="1-1239" name="TwoMatchingAreas(PlayersWorlds.Maps.Maze.HuntAndKillMazeGenerator,Fill)" fullname="PlayersWorlds.Maps.Maze.MazeGeneratorAreasTest.TwoMatchingAreas(PlayersWorlds.Maps.Maze.HuntAndKillMazeGenerator,Fill)" methodname="TwoMatchingAreas" classname="PlayersWorlds.Maps.Maze.MazeGeneratorAreasTest" runstate="Runnable" seed="1496893588" result="Passed" start-time="2024-06-07T14:44:51.3911830Z" end-time="2024-06-07T14:44:51.4134290Z" duration="0.022246" asserts="60" />
                <test-case id="1-1240" name="TwoMatchingAreas(PlayersWorlds.Maps.Maze.RecursiveBacktrackerMazeGenerator,Cave)" fullname="PlayersWorlds.Maps.Maze.MazeGeneratorAreasTest.TwoMatchingAreas(PlayersWorlds.Maps.Maze.RecursiveBacktrackerMazeGenerator,Cave)" methodname="TwoMatchingAreas" classname="PlayersWorlds.Maps.Maze.MazeGeneratorAreasTest" runstate="Runnable" seed="1071729533" result="Passed" start-time="2024-06-07T14:44:51.4134390Z" end-time="2024-06-07T14:44:51.4461750Z" duration="0.032736" asserts="60" />
                <test-case id="1-1241" name="TwoMatchingAreas(PlayersWorlds.Maps.Maze.RecursiveBacktrackerMazeGenerator,Hall)" fullname="PlayersWorlds.Maps.Maze.MazeGeneratorAreasTest.TwoMatchingAreas(PlayersWorlds.Maps.Maze.RecursiveBacktrackerMazeGenerator,Hall)" methodname="TwoMatchingAreas" classname="PlayersWorlds.Maps.Maze.MazeGeneratorAreasTest" runstate="Runnable" seed="1620293088" result="Passed" start-time="2024-06-07T14:44:51.4461850Z" end-time="2024-06-07T14:44:51.4719970Z" duration="0.025812" asserts="60" />
                <test-case id="1-1242" name="TwoMatchingAreas(PlayersWorlds.Maps.Maze.RecursiveBacktrackerMazeGenerator,Fill)" fullname="PlayersWorlds.Maps.Maze.MazeGeneratorAreasTest.TwoMatchingAreas(PlayersWorlds.Maps.Maze.RecursiveBacktrackerMazeGenerator,Fill)" methodname="TwoMatchingAreas" classname="PlayersWorlds.Maps.Maze.MazeGeneratorAreasTest" runstate="Runnable" seed="1824920895" result="Passed" start-time="2024-06-07T14:44:51.4720080Z" end-time="2024-06-07T14:44:51.4945410Z" duration="0.022534" asserts="60" />
                <test-case id="1-1243" name="TwoMatchingAreas(PlayersWorlds.Maps.Maze.SidewinderMazeGenerator,Cave)" fullname="PlayersWorlds.Maps.Maze.MazeGeneratorAreasTest.TwoMatchingAreas(PlayersWorlds.Maps.Maze.SidewinderMazeGenerator,Cave)" methodname="TwoMatchingAreas" classname="PlayersWorlds.Maps.Maze.MazeGeneratorAreasTest" runstate="Runnable" seed="1110458169" result="Passed" start-time="2024-06-07T14:44:51.4945600Z" end-time="2024-06-07T14:44:51.5294720Z" duration="0.034912" asserts="60" />
                <test-case id="1-1244" name="TwoMatchingAreas(PlayersWorlds.Maps.Maze.SidewinderMazeGenerator,Hall)" fullname="PlayersWorlds.Maps.Maze.MazeGeneratorAreasTest.TwoMatchingAreas(PlayersWorlds.Maps.Maze.SidewinderMazeGenerator,Hall)" methodname="TwoMatchingAreas" classname="PlayersWorlds.Maps.Maze.MazeGeneratorAreasTest" runstate="Runnable" seed="962813903" result="Passed" start-time="2024-06-07T14:44:51.5294820Z" end-time="2024-06-07T14:44:51.5574250Z" duration="0.027943" asserts="60" />
                <test-case id="1-1245" name="TwoMatchingAreas(PlayersWorlds.Maps.Maze.SidewinderMazeGenerator,Fill)" fullname="PlayersWorlds.Maps.Maze.MazeGeneratorAreasTest.TwoMatchingAreas(PlayersWorlds.Maps.Maze.SidewinderMazeGenerator,Fill)" methodname="TwoMatchingAreas" classname="PlayersWorlds.Maps.Maze.MazeGeneratorAreasTest" runstate="Runnable" seed="1980275599" result="Passed" start-time="2024-06-07T14:44:51.5574350Z" end-time="2024-06-07T14:44:51.5816920Z" duration="0.024258" asserts="60" />
                <test-case id="1-1246" name="TwoMatchingAreas(PlayersWorlds.Maps.Maze.WilsonsMazeGenerator,Cave)" fullname="PlayersWorlds.Maps.Maze.MazeGeneratorAreasTest.TwoMatchingAreas(PlayersWorlds.Maps.Maze.WilsonsMazeGenerator,Cave)" methodname="TwoMatchingAreas" classname="PlayersWorlds.Maps.Maze.MazeGeneratorAreasTest" runstate="Runnable" seed="690560042" result="Passed" start-time="2024-06-07T14:44:51.5817090Z" end-time="2024-06-07T14:44:51.6156760Z" duration="0.033967" asserts="60" />
                <test-case id="1-1247" name="TwoMatchingAreas(PlayersWorlds.Maps.Maze.WilsonsMazeGenerator,Hall)" fullname="PlayersWorlds.Maps.Maze.MazeGeneratorAreasTest.TwoMatchingAreas(PlayersWorlds.Maps.Maze.WilsonsMazeGenerator,Hall)" methodname="TwoMatchingAreas" classname="PlayersWorlds.Maps.Maze.MazeGeneratorAreasTest" runstate="Runnable" seed="2015186365" result="Passed" start-time="2024-06-07T14:44:51.6156870Z" end-time="2024-06-07T14:44:51.6456080Z" duration="0.029922" asserts="60" />
                <test-case id="1-1248" name="TwoMatchingAreas(PlayersWorlds.Maps.Maze.WilsonsMazeGenerator,Fill)" fullname="PlayersWorlds.Maps.Maze.MazeGeneratorAreasTest.TwoMatchingAreas(PlayersWorlds.Maps.Maze.WilsonsMazeGenerator,Fill)" methodname="TwoMatchingAreas" classname="PlayersWorlds.Maps.Maze.MazeGeneratorAreasTest" runstate="Runnable" seed="209121151" result="Passed" start-time="2024-06-07T14:44:51.6456200Z" end-time="2024-06-07T14:44:51.6734760Z" duration="0.027856" asserts="60" />
              </test-suite>
              <test-case id="1-1270" name="WilsonsHalls" fullname="PlayersWorlds.Maps.Maze.MazeGeneratorAreasTest.WilsonsHalls" methodname="WilsonsHalls" classname="PlayersWorlds.Maps.Maze.MazeGeneratorAreasTest" runstate="Runnable" seed="930708375" result="Passed" start-time="2024-06-07T14:44:51.6734990Z" end-time="2024-06-07T14:44:52.2668350Z" duration="0.593336" asserts="10">
                <properties>
                  <property name="Repeat" value="10" />
                  <property name="Category" value="Integration" />
                </properties>
              </test-case>
            </test-suite>
            <test-suite type="TestFixture" id="1-1399" name="MazeGeneratorTest" fullname="PlayersWorlds.Maps.Maze.MazeGeneratorTest" classname="PlayersWorlds.Maps.Maze.MazeGeneratorTest" runstate="Runnable" testcasecount="528" result="Skipped" label="Ignored" site="Child" start-time="2024-06-07T14:44:52.2668730Z" end-time="2024-06-07T14:45:02.6840580Z" duration="10.417185" total="528" passed="383" failed="0" warnings="0" inconclusive="0" skipped="145" asserts="1877">
              <reason>
                <message><![CDATA[One or more child tests were ignored]]></message>
              </reason>
              <test-suite type="ParameterizedMethod" id="1-1930" name="CanFindPaths" fullname="PlayersWorlds.Maps.Maze.MazeGeneratorTest.CanFindPaths" classname="PlayersWorlds.Maps.Maze.MazeGeneratorTest" runstate="Runnable" testcasecount="6" result="Passed" start-time="2024-06-07T14:44:52.2669580Z" end-time="2024-06-07T14:44:52.2736980Z" duration="0.006740" total="6" passed="6" failed="0" warnings="0" inconclusive="0" skipped="0" asserts="24">
                <properties>
                  <property name="Category" value="Integration" />
                </properties>
                <test-case id="1-1924" name="CanFindPaths(PlayersWorlds.Maps.Maze.AldousBroderMazeGenerator)" fullname="PlayersWorlds.Maps.Maze.MazeGeneratorTest.CanFindPaths(PlayersWorlds.Maps.Maze.AldousBroderMazeGenerator)" methodname="CanFindPaths" classname="PlayersWorlds.Maps.Maze.MazeGeneratorTest" runstate="Runnable" seed="1516147230" result="Passed" start-time="2024-06-07T14:44:52.2669680Z" end-time="2024-06-07T14:44:52.2689520Z" duration="0.001984" asserts="4" />
                <test-case id="1-1925" name="CanFindPaths(PlayersWorlds.Maps.Maze.BinaryTreeMazeGenerator)" fullname="PlayersWorlds.Maps.Maze.MazeGeneratorTest.CanFindPaths(PlayersWorlds.Maps.Maze.BinaryTreeMazeGenerator)" methodname="CanFindPaths" classname="PlayersWorlds.Maps.Maze.MazeGeneratorTest" runstate="Runnable" seed="218729340" result="Passed" start-time="2024-06-07T14:44:52.2689720Z" end-time="2024-06-07T14:44:52.2697980Z" duration="0.000826" asserts="4" />
                <test-case id="1-1926" name="CanFindPaths(PlayersWorlds.Maps.Maze.HuntAndKillMazeGenerator)" fullname="PlayersWorlds.Maps.Maze.MazeGeneratorTest.CanFindPaths(PlayersWorlds.Maps.Maze.HuntAndKillMazeGenerator)" methodname="CanFindPaths" classname="PlayersWorlds.Maps.Maze.MazeGeneratorTest" runstate="Runnable" seed="262694051" result="Passed" start-time="2024-06-07T14:44:52.2698100Z" end-time="2024-06-07T14:44:52.2711370Z" duration="0.001327" asserts="4" />
                <test-case id="1-1927" name="CanFindPaths(PlayersWorlds.Maps.Maze.RecursiveBacktrackerMazeGenerator)" fullname="PlayersWorlds.Maps.Maze.MazeGeneratorTest.CanFindPaths(PlayersWorlds.Maps.Maze.RecursiveBacktrackerMazeGenerator)" methodname="CanFindPaths" classname="PlayersWorlds.Maps.Maze.MazeGeneratorTest" runstate="Runnable" seed="569317854" result="Passed" start-time="2024-06-07T14:44:52.2711480Z" end-time="2024-06-07T14:44:52.2719340Z" duration="0.000786" asserts="4" />
                <test-case id="1-1928" name="CanFindPaths(PlayersWorlds.Maps.Maze.SidewinderMazeGenerator)" fullname="PlayersWorlds.Maps.Maze.MazeGeneratorTest.CanFindPaths(PlayersWorlds.Maps.Maze.SidewinderMazeGenerator)" methodname="CanFindPaths" classname="PlayersWorlds.Maps.Maze.MazeGeneratorTest" runstate="Runnable" seed="29067357" result="Passed" start-time="2024-06-07T14:44:52.2719430Z" end-time="2024-06-07T14:44:52.2727940Z" duration="0.000851" asserts="4" />
                <test-case id="1-1929" name="CanFindPaths(PlayersWorlds.Maps.Maze.WilsonsMazeGenerator)" fullname="PlayersWorlds.Maps.Maze.MazeGeneratorTest.CanFindPaths(PlayersWorlds.Maps.Maze.WilsonsMazeGenerator)" methodname="CanFindPaths" classname="PlayersWorlds.Maps.Maze.MazeGeneratorTest" runstate="Runnable" seed="1643340892" result="Passed" start-time="2024-06-07T14:44:52.2728030Z" end-time="2024-06-07T14:44:52.2736880Z" duration="0.000885" asserts="4" />
              </test-suite>
              <test-suite type="ParameterizedMethod" id="1-1407" name="CanGenerateMazes" fullname="PlayersWorlds.Maps.Maze.MazeGeneratorTest.CanGenerateMazes" classname="PlayersWorlds.Maps.Maze.MazeGeneratorTest" runstate="Runnable" testcasecount="6" result="Passed" start-time="2024-06-07T14:44:52.2737070Z" end-time="2024-06-07T14:44:53.7640350Z" duration="1.490328" total="6" passed="6" failed="0" warnings="0" inconclusive="0" skipped="0" asserts="18">
                <test-case id="1-1401" name="CanGenerateMazes(PlayersWorlds.Maps.Maze.AldousBroderMazeGenerator)" fullname="PlayersWorlds.Maps.Maze.MazeGeneratorTest.CanGenerateMazes(PlayersWorlds.Maps.Maze.AldousBroderMazeGenerator)" methodname="CanGenerateMazes" classname="PlayersWorlds.Maps.Maze.MazeGeneratorTest" runstate="Runnable" seed="1767588762" result="Passed" start-time="2024-06-07T14:44:52.2737150Z" end-time="2024-06-07T14:44:52.5425580Z" duration="0.268842" asserts="3" />
                <test-case id="1-1402" name="CanGenerateMazes(PlayersWorlds.Maps.Maze.BinaryTreeMazeGenerator)" fullname="PlayersWorlds.Maps.Maze.MazeGeneratorTest.CanGenerateMazes(PlayersWorlds.Maps.Maze.BinaryTreeMazeGenerator)" methodname="CanGenerateMazes" classname="PlayersWorlds.Maps.Maze.MazeGeneratorTest" runstate="Runnable" seed="1451104369" result="Passed" start-time="2024-06-07T14:44:52.5425690Z" end-time="2024-06-07T14:44:52.7850050Z" duration="0.242435" asserts="3" />
                <test-case id="1-1403" name="CanGenerateMazes(PlayersWorlds.Maps.Maze.HuntAndKillMazeGenerator)" fullname="PlayersWorlds.Maps.Maze.MazeGeneratorTest.CanGenerateMazes(PlayersWorlds.Maps.Maze.HuntAndKillMazeGenerator)" methodname="CanGenerateMazes" classname="PlayersWorlds.Maps.Maze.MazeGeneratorTest" runstate="Runnable" seed="1202481360" result="Passed" start-time="2024-06-07T14:44:52.7850150Z" end-time="2024-06-07T14:44:53.0268830Z" duration="0.241868" asserts="3" />
                <test-case id="1-1404" name="CanGenerateMazes(PlayersWorlds.Maps.Maze.RecursiveBacktrackerMazeGenerator)" fullname="PlayersWorlds.Maps.Maze.MazeGeneratorTest.CanGenerateMazes(PlayersWorlds.Maps.Maze.RecursiveBacktrackerMazeGenerator)" methodname="CanGenerateMazes" classname="PlayersWorlds.Maps.Maze.MazeGeneratorTest" runstate="Runnable" seed="1420261270" result="Passed" start-time="2024-06-07T14:44:53.0268940Z" end-time="2024-06-07T14:44:53.2705630Z" duration="0.243669" asserts="3" />
                <test-case id="1-1405" name="CanGenerateMazes(PlayersWorlds.Maps.Maze.SidewinderMazeGenerator)" fullname="PlayersWorlds.Maps.Maze.MazeGeneratorTest.CanGenerateMazes(PlayersWorlds.Maps.Maze.SidewinderMazeGenerator)" methodname="CanGenerateMazes" classname="PlayersWorlds.Maps.Maze.MazeGeneratorTest" runstate="Runnable" seed="1254745818" result="Passed" start-time="2024-06-07T14:44:53.2705750Z" end-time="2024-06-07T14:44:53.5153160Z" duration="0.244741" asserts="3" />
                <test-case id="1-1406" name="CanGenerateMazes(PlayersWorlds.Maps.Maze.WilsonsMazeGenerator)" fullname="PlayersWorlds.Maps.Maze.MazeGeneratorTest.CanGenerateMazes(PlayersWorlds.Maps.Maze.WilsonsMazeGenerator)" methodname="CanGenerateMazes" classname="PlayersWorlds.Maps.Maze.MazeGeneratorTest" runstate="Runnable" seed="1907964804" result="Passed" start-time="2024-06-07T14:44:53.5153270Z" end-time="2024-06-07T14:44:53.7640230Z" duration="0.248696" asserts="3" />
              </test-suite>
              <test-case id="1-1408" name="CanGenerateMazes_Debug" fullname="PlayersWorlds.Maps.Maze.MazeGeneratorTest.CanGenerateMazes_Debug" methodname="CanGenerateMazes_Debug" classname="PlayersWorlds.Maps.Maze.MazeGeneratorTest" runstate="Runnable" seed="308169996" result="Passed" start-time="2024-06-07T14:44:53.7640460Z" end-time="2024-06-07T14:44:54.0040520Z" duration="0.240006" asserts="3" />
              <test-case id="1-1400" name="CanUseCustomAreaGenerator" fullname="PlayersWorlds.Maps.Maze.MazeGeneratorTest.CanUseCustomAreaGenerator" methodname="CanUseCustomAreaGenerator" classname="PlayersWorlds.Maps.Maze.MazeGeneratorTest" runstate="Runnable" seed="1795481112" result="Passed" start-time="2024-06-07T14:44:54.0040640Z" end-time="2024-06-07T14:44:54.1009910Z" duration="0.096928" asserts="5" />
              <test-suite type="ParameterizedMethod" id="1-1921" name="IsFillComplete" fullname="PlayersWorlds.Maps.Maze.MazeGeneratorTest.IsFillComplete" classname="PlayersWorlds.Maps.Maze.MazeGeneratorTest" runstate="Runnable" testcasecount="504" result="Skipped" label="Ignored" site="Child" start-time="2024-06-07T14:44:54.1010050Z" end-time="2024-06-07T14:45:02.5429690Z" duration="8.441964" total="504" passed="360" failed="0" warnings="0" inconclusive="0" skipped="144" asserts="1800">
                <properties>
                  <property name="Category" value="Integration" />
                </properties>
                <reason>
                  <message><![CDATA[One or more child tests were ignored]]></message>
                </reason>
                <test-case id="1-1417" name="IsFillComplete(PlayersWorlds.Maps.Maze.AldousBroderMazeGenerator,Quarter,Auto,null)" fullname="PlayersWorlds.Maps.Maze.MazeGeneratorTest.IsFillComplete(PlayersWorlds.Maps.Maze.AldousBroderMazeGenerator,Quarter,Auto,null)" methodname="IsFillComplete" classname="PlayersWorlds.Maps.Maze.MazeGeneratorTest" runstate="Runnable" seed="406273418" result="Passed" start-time="2024-06-07T14:44:54.1010180Z" end-time="2024-06-07T14:44:54.1270960Z" duration="0.026079" asserts="5" />
                <test-case id="1-1418" name="IsFillComplete(PlayersWorlds.Maps.Maze.AldousBroderMazeGenerator,Quarter,Auto,System.Collections.Generic.List`1[PlayersWorlds.Maps.Area])" fullname="PlayersWorlds.Maps.Maze.MazeGeneratorTest.IsFillComplete(PlayersWorlds.Maps.Maze.AldousBroderMazeGenerator,Quarter,Auto,System.Collections.Generic.List`1[PlayersWorlds.Maps.Area])" methodname="IsFillComplete" classname="PlayersWorlds.Maps.Maze.MazeGeneratorTest" runstate="Runnable" seed="763654855" result="Passed" start-time="2024-06-07T14:44:54.1271070Z" end-time="2024-06-07T14:44:54.1452010Z" duration="0.018094" asserts="5" />
                <test-case id="1-1419" name="IsFillComplete(PlayersWorlds.Maps.Maze.AldousBroderMazeGenerator,Quarter,Auto,System.Collections.Generic.List`1[PlayersWorlds.Maps.Area])" fullname="PlayersWorlds.Maps.Maze.MazeGeneratorTest.IsFillComplete(PlayersWorlds.Maps.Maze.AldousBroderMazeGenerator,Quarter,Auto,System.Collections.Generic.List`1[PlayersWorlds.Maps.Area])" methodname="IsFillComplete" classname="PlayersWorlds.Maps.Maze.MazeGeneratorTest" runstate="Runnable" seed="899053434" result="Passed" start-time="2024-06-07T14:44:54.1452110Z" end-time="2024-06-07T14:44:54.1725730Z" duration="0.027363" asserts="5" />
                <test-case id="1-1420" name="IsFillComplete(PlayersWorlds.Maps.Maze.AldousBroderMazeGenerator,Quarter,Auto,System.Collections.Generic.List`1[PlayersWorlds.Maps.Area])" fullname="PlayersWorlds.Maps.Maze.MazeGeneratorTest.IsFillComplete(PlayersWorlds.Maps.Maze.AldousBroderMazeGenerator,Quarter,Auto,System.Collections.Generic.List`1[PlayersWorlds.Maps.Area])" methodname="IsFillComplete" classname="PlayersWorlds.Maps.Maze.MazeGeneratorTest" runstate="Runnable" seed="768771380" result="Passed" start-time="2024-06-07T14:44:54.1725830Z" end-time="2024-06-07T14:44:54.1942470Z" duration="0.021664" asserts="5" />
                <test-case id="1-1421" name="IsFillComplete(PlayersWorlds.Maps.Maze.AldousBroderMazeGenerator,Quarter,Auto,System.Collections.Generic.List`1[PlayersWorlds.Maps.Area])" fullname="PlayersWorlds.Maps.Maze.MazeGeneratorTest.IsFillComplete(PlayersWorlds.Maps.Maze.AldousBroderMazeGenerator,Quarter,Auto,System.Collections.Generic.List`1[PlayersWorlds.Maps.Area])" methodname="IsFillComplete" classname="PlayersWorlds.Maps.Maze.MazeGeneratorTest" runstate="Runnable" seed="64083943" result="Passed" start-time="2024-06-07T14:44:54.1942570Z" end-time="2024-06-07T14:44:54.2135330Z" duration="0.019276" asserts="5" />
                <test-case id="1-1422" name="IsFillComplete(PlayersWorlds.Maps.Maze.AldousBroderMazeGenerator,Quarter,Auto,System.Collections.Generic.List`1[PlayersWorlds.Maps.Area])" fullname="PlayersWorlds.Maps.Maze.MazeGeneratorTest.IsFillComplete(PlayersWorlds.Maps.Maze.AldousBroderMazeGenerator,Quarter,Auto,System.Collections.Generic.List`1[PlayersWorlds.Maps.Area])" methodname="IsFillComplete" classname="PlayersWorlds.Maps.Maze.MazeGeneratorTest" runstate="Runnable" seed="433657885" result="Passed" start-time="2024-06-07T14:44:54.2135430Z" end-time="2024-06-07T14:44:54.2522210Z" duration="0.038678" asserts="5" />
                <test-case id="1-1423" name="IsFillComplete(PlayersWorlds.Maps.Maze.AldousBroderMazeGenerator,Quarter,Manual,null)" fullname="PlayersWorlds.Maps.Maze.MazeGeneratorTest.IsFillComplete(PlayersWorlds.Maps.Maze.AldousBroderMazeGenerator,Quarter,Manual,null)" methodname="IsFillComplete" classname="PlayersWorlds.Maps.Maze.MazeGeneratorTest" runstate="Runnable" seed="901188642" result="Passed" start-time="2024-06-07T14:44:54.2522310Z" end-time="2024-06-07T14:44:54.2672890Z" duration="0.015058" asserts="5" />
                <test-case id="1-1424" name="IsFillComplete(PlayersWorlds.Maps.Maze.AldousBroderMazeGenerator,Quarter,Manual,System.Collections.Generic.List`1[PlayersWorlds.Maps.Area])" fullname="PlayersWorlds.Maps.Maze.MazeGeneratorTest.IsFillComplete(PlayersWorlds.Maps.Maze.AldousBroderMazeGenerator,Quarter,Manual,System.Collections.Generic.List`1[PlayersWorlds.Maps.Area])" methodname="IsFillComplete" classname="PlayersWorlds.Maps.Maze.MazeGeneratorTest" runstate="Runnable" seed="1393112187" result="Passed" start-time="2024-06-07T14:44:54.2673000Z" end-time="2024-06-07T14:44:54.2817670Z" duration="0.014467" asserts="5" />
                <test-case id="1-1425" name="IsFillComplete(PlayersWorlds.Maps.Maze.AldousBroderMazeGenerator,Quarter,Manual,System.Collections.Generic.List`1[PlayersWorlds.Maps.Area])" fullname="PlayersWorlds.Maps.Maze.MazeGeneratorTest.IsFillComplete(PlayersWorlds.Maps.Maze.AldousBroderMazeGenerator,Quarter,Manual,System.Collections.Generic.List`1[PlayersWorlds.Maps.Area])" methodname="IsFillComplete" classname="PlayersWorlds.Maps.Maze.MazeGeneratorTest" runstate="Runnable" seed="1184144543" result="Passed" start-time="2024-06-07T14:44:54.2817850Z" end-time="2024-06-07T14:44:54.2976910Z" duration="0.015907" asserts="5" />
                <test-case id="1-1426" name="IsFillComplete(PlayersWorlds.Maps.Maze.AldousBroderMazeGenerator,Quarter,Manual,System.Collections.Generic.List`1[PlayersWorlds.Maps.Area])" fullname="PlayersWorlds.Maps.Maze.MazeGeneratorTest.IsFillComplete(PlayersWorlds.Maps.Maze.AldousBroderMazeGenerator,Quarter,Manual,System.Collections.Generic.List`1[PlayersWorlds.Maps.Area])" methodname="IsFillComplete" classname="PlayersWorlds.Maps.Maze.MazeGeneratorTest" runstate="Runnable" seed="1276531664" result="Passed" start-time="2024-06-07T14:44:54.2977020Z" end-time="2024-06-07T14:44:54.3127980Z" duration="0.015096" asserts="5" />
                <test-case id="1-1427" name="IsFillComplete(PlayersWorlds.Maps.Maze.AldousBroderMazeGenerator,Quarter,Manual,System.Collections.Generic.List`1[PlayersWorlds.Maps.Area])" fullname="PlayersWorlds.Maps.Maze.MazeGeneratorTest.IsFillComplete(PlayersWorlds.Maps.Maze.AldousBroderMazeGenerator,Quarter,Manual,System.Collections.Generic.List`1[PlayersWorlds.Maps.Area])" methodname="IsFillComplete" classname="PlayersWorlds.Maps.Maze.MazeGeneratorTest" runstate="Runnable" seed="1817857175" result="Passed" start-time="2024-06-07T14:44:54.3128080Z" end-time="2024-06-07T14:44:54.3324110Z" duration="0.019603" asserts="5" />
                <test-case id="1-1428" name="IsFillComplete(PlayersWorlds.Maps.Maze.AldousBroderMazeGenerator,Quarter,Manual,System.Collections.Generic.List`1[PlayersWorlds.Maps.Area])" fullname="PlayersWorlds.Maps.Maze.MazeGeneratorTest.IsFillComplete(PlayersWorlds.Maps.Maze.AldousBroderMazeGenerator,Quarter,Manual,System.Collections.Generic.List`1[PlayersWorlds.Maps.Area])" methodname="IsFillComplete" classname="PlayersWorlds.Maps.Maze.MazeGeneratorTest" runstate="Runnable" seed="1294670800" result="Passed" start-time="2024-06-07T14:44:54.3324210Z" end-time="2024-06-07T14:44:54.3511420Z" duration="0.018721" asserts="5" />
                <test-case id="1-1429" name="IsFillComplete(PlayersWorlds.Maps.Maze.AldousBroderMazeGenerator,Half,Auto,null)" fullname="PlayersWorlds.Maps.Maze.MazeGeneratorTest.IsFillComplete(PlayersWorlds.Maps.Maze.AldousBroderMazeGenerator,Half,Auto,null)" methodname="IsFillComplete" classname="PlayersWorlds.Maps.Maze.MazeGeneratorTest" runstate="Runnable" seed="1076941539" result="Passed" start-time="2024-06-07T14:44:54.3511550Z" end-time="2024-06-07T14:44:54.3578870Z" duration="0.006732" asserts="5" />
                <test-case id="1-1430" name="IsFillComplete(PlayersWorlds.Maps.Maze.AldousBroderMazeGenerator,Half,Auto,System.Collections.Generic.List`1[PlayersWorlds.Maps.Area])" fullname="PlayersWorlds.Maps.Maze.MazeGeneratorTest.IsFillComplete(PlayersWorlds.Maps.Maze.AldousBroderMazeGenerator,Half,Auto,System.Collections.Generic.List`1[PlayersWorlds.Maps.Area])" methodname="IsFillComplete" classname="PlayersWorlds.Maps.Maze.MazeGeneratorTest" runstate="Runnable" seed="1183293396" result="Passed" start-time="2024-06-07T14:44:54.3578970Z" end-time="2024-06-07T14:44:54.3793390Z" duration="0.021443" asserts="5" />
                <test-case id="1-1431" name="IsFillComplete(PlayersWorlds.Maps.Maze.AldousBroderMazeGenerator,Half,Auto,System.Collections.Generic.List`1[PlayersWorlds.Maps.Area])" fullname="PlayersWorlds.Maps.Maze.MazeGeneratorTest.IsFillComplete(PlayersWorlds.Maps.Maze.AldousBroderMazeGenerator,Half,Auto,System.Collections.Generic.List`1[PlayersWorlds.Maps.Area])" methodname="IsFillComplete" classname="PlayersWorlds.Maps.Maze.MazeGeneratorTest" runstate="Runnable" seed="1811637780" result="Passed" start-time="2024-06-07T14:44:54.3793500Z" end-time="2024-06-07T14:44:54.4047790Z" duration="0.025429" asserts="5" />
                <test-case id="1-1432" name="IsFillComplete(PlayersWorlds.Maps.Maze.AldousBroderMazeGenerator,Half,Auto,System.Collections.Generic.List`1[PlayersWorlds.Maps.Area])" fullname="PlayersWorlds.Maps.Maze.MazeGeneratorTest.IsFillComplete(PlayersWorlds.Maps.Maze.AldousBroderMazeGenerator,Half,Auto,System.Collections.Generic.List`1[PlayersWorlds.Maps.Area])" methodname="IsFillComplete" classname="PlayersWorlds.Maps.Maze.MazeGeneratorTest" runstate="Runnable" seed="33893831" result="Passed" start-time="2024-06-07T14:44:54.4047890Z" end-time="2024-06-07T14:44:54.4296440Z" duration="0.024855" asserts="5" />
                <test-case id="1-1433" name="IsFillComplete(PlayersWorlds.Maps.Maze.AldousBroderMazeGenerator,Half,Auto,System.Collections.Generic.List`1[PlayersWorlds.Maps.Area])" fullname="PlayersWorlds.Maps.Maze.MazeGeneratorTest.IsFillComplete(PlayersWorlds.Maps.Maze.AldousBroderMazeGenerator,Half,Auto,System.Collections.Generic.List`1[PlayersWorlds.Maps.Area])" methodname="IsFillComplete" classname="PlayersWorlds.Maps.Maze.MazeGeneratorTest" runstate="Runnable" seed="1647939865" result="Passed" start-time="2024-06-07T14:44:54.4296550Z" end-time="2024-06-07T14:44:54.4529310Z" duration="0.023276" asserts="5" />
                <test-case id="1-1434" name="IsFillComplete(PlayersWorlds.Maps.Maze.AldousBroderMazeGenerator,Half,Auto,System.Collections.Generic.List`1[PlayersWorlds.Maps.Area])" fullname="PlayersWorlds.Maps.Maze.MazeGeneratorTest.IsFillComplete(PlayersWorlds.Maps.Maze.AldousBroderMazeGenerator,Half,Auto,System.Collections.Generic.List`1[PlayersWorlds.Maps.Area])" methodname="IsFillComplete" classname="PlayersWorlds.Maps.Maze.MazeGeneratorTest" runstate="Runnable" seed="311057159" result="Passed" start-time="2024-06-07T14:44:54.4529410Z" end-time="2024-06-07T14:44:54.4841420Z" duration="0.031201" asserts="5" />
                <test-case id="1-1435" name="IsFillComplete(PlayersWorlds.Maps.Maze.AldousBroderMazeGenerator,Half,Manual,null)" fullname="PlayersWorlds.Maps.Maze.MazeGeneratorTest.IsFillComplete(PlayersWorlds.Maps.Maze.AldousBroderMazeGenerator,Half,Manual,null)" methodname="IsFillComplete" classname="PlayersWorlds.Maps.Maze.MazeGeneratorTest" runstate="Runnable" seed="490911880" result="Passed" start-time="2024-06-07T14:44:54.4841520Z" end-time="2024-06-07T14:44:54.5000780Z" duration="0.015926" asserts="5" />
                <test-case id="1-1436" name="IsFillComplete(PlayersWorlds.Maps.Maze.AldousBroderMazeGenerator,Half,Manual,System.Collections.Generic.List`1[PlayersWorlds.Maps.Area])" fullname="PlayersWorlds.Maps.Maze.MazeGeneratorTest.IsFillComplete(PlayersWorlds.Maps.Maze.AldousBroderMazeGenerator,Half,Manual,System.Collections.Generic.List`1[PlayersWorlds.Maps.Area])" methodname="IsFillComplete" classname="PlayersWorlds.Maps.Maze.MazeGeneratorTest" runstate="Runnable" seed="1966533118" result="Passed" start-time="2024-06-07T14:44:54.5000890Z" end-time="2024-06-07T14:44:54.5150880Z" duration="0.014999" asserts="5" />
                <test-case id="1-1437" name="IsFillComplete(PlayersWorlds.Maps.Maze.AldousBroderMazeGenerator,Half,Manual,System.Collections.Generic.List`1[PlayersWorlds.Maps.Area])" fullname="PlayersWorlds.Maps.Maze.MazeGeneratorTest.IsFillComplete(PlayersWorlds.Maps.Maze.AldousBroderMazeGenerator,Half,Manual,System.Collections.Generic.List`1[PlayersWorlds.Maps.Area])" methodname="IsFillComplete" classname="PlayersWorlds.Maps.Maze.MazeGeneratorTest" runstate="Runnable" seed="837202540" result="Passed" start-time="2024-06-07T14:44:54.5150970Z" end-time="2024-06-07T14:44:54.5301310Z" duration="0.015034" asserts="5" />
                <test-case id="1-1438" name="IsFillComplete(PlayersWorlds.Maps.Maze.AldousBroderMazeGenerator,Half,Manual,System.Collections.Generic.List`1[PlayersWorlds.Maps.Area])" fullname="PlayersWorlds.Maps.Maze.MazeGeneratorTest.IsFillComplete(PlayersWorlds.Maps.Maze.AldousBroderMazeGenerator,Half,Manual,System.Collections.Generic.List`1[PlayersWorlds.Maps.Area])" methodname="IsFillComplete" classname="PlayersWorlds.Maps.Maze.MazeGeneratorTest" runstate="Runnable" seed="1413598895" result="Passed" start-time="2024-06-07T14:44:54.5301420Z" end-time="2024-06-07T14:44:54.5467820Z" duration="0.016640" asserts="5" />
                <test-case id="1-1439" name="IsFillComplete(PlayersWorlds.Maps.Maze.AldousBroderMazeGenerator,Half,Manual,System.Collections.Generic.List`1[PlayersWorlds.Maps.Area])" fullname="PlayersWorlds.Maps.Maze.MazeGeneratorTest.IsFillComplete(PlayersWorlds.Maps.Maze.AldousBroderMazeGenerator,Half,Manual,System.Collections.Generic.List`1[PlayersWorlds.Maps.Area])" methodname="IsFillComplete" classname="PlayersWorlds.Maps.Maze.MazeGeneratorTest" runstate="Runnable" seed="1692696142" result="Passed" start-time="2024-06-07T14:44:54.5467920Z" end-time="2024-06-07T14:44:54.5661930Z" duration="0.019401" asserts="5" />
                <test-case id="1-1440" name="IsFillComplete(PlayersWorlds.Maps.Maze.AldousBroderMazeGenerator,Half,Manual,System.Collections.Generic.List`1[PlayersWorlds.Maps.Area])" fullname="PlayersWorlds.Maps.Maze.MazeGeneratorTest.IsFillComplete(PlayersWorlds.Maps.Maze.AldousBroderMazeGenerator,Half,Manual,System.Collections.Generic.List`1[PlayersWorlds.Maps.Area])" methodname="IsFillComplete" classname="PlayersWorlds.Maps.Maze.MazeGeneratorTest" runstate="Runnable" seed="751686125" result="Passed" start-time="2024-06-07T14:44:54.5662030Z" end-time="2024-06-07T14:44:54.5870350Z" duration="0.020831" asserts="5" />
                <test-case id="1-1441" name="IsFillComplete(PlayersWorlds.Maps.Maze.AldousBroderMazeGenerator,ThreeQuarters,Auto,null)" fullname="PlayersWorlds.Maps.Maze.MazeGeneratorTest.IsFillComplete(PlayersWorlds.Maps.Maze.AldousBroderMazeGenerator,ThreeQuarters,Auto,null)" methodname="IsFillComplete" classname="PlayersWorlds.Maps.Maze.MazeGeneratorTest" runstate="Runnable" seed="527887203" result="Passed" start-time="2024-06-07T14:44:54.5870520Z" end-time="2024-06-07T14:44:54.6117530Z" duration="0.024701" asserts="5" />
                <test-case id="1-1442" name="IsFillComplete(PlayersWorlds.Maps.Maze.AldousBroderMazeGenerator,ThreeQuarters,Auto,System.Collections.Generic.List`1[PlayersWorlds.Maps.Area])" fullname="PlayersWorlds.Maps.Maze.MazeGeneratorTest.IsFillComplete(PlayersWorlds.Maps.Maze.AldousBroderMazeGenerator,ThreeQuarters,Auto,System.Collections.Generic.List`1[PlayersWorlds.Maps.Area])" methodname="IsFillComplete" classname="PlayersWorlds.Maps.Maze.MazeGeneratorTest" runstate="Runnable" seed="1443308610" result="Passed" start-time="2024-06-07T14:44:54.6117630Z" end-time="2024-06-07T14:44:54.6319230Z" duration="0.020160" asserts="5" />
                <test-case id="1-1443" name="IsFillComplete(PlayersWorlds.Maps.Maze.AldousBroderMazeGenerator,ThreeQuarters,Auto,System.Collections.Generic.List`1[PlayersWorlds.Maps.Area])" fullname="PlayersWorlds.Maps.Maze.MazeGeneratorTest.IsFillComplete(PlayersWorlds.Maps.Maze.AldousBroderMazeGenerator,ThreeQuarters,Auto,System.Collections.Generic.List`1[PlayersWorlds.Maps.Area])" methodname="IsFillComplete" classname="PlayersWorlds.Maps.Maze.MazeGeneratorTest" runstate="Runnable" seed="1201911738" result="Passed" start-time="2024-06-07T14:44:54.6319330Z" end-time="2024-06-07T14:44:54.6567470Z" duration="0.024814" asserts="5" />
                <test-case id="1-1444" name="IsFillComplete(PlayersWorlds.Maps.Maze.AldousBroderMazeGenerator,ThreeQuarters,Auto,System.Collections.Generic.List`1[PlayersWorlds.Maps.Area])" fullname="PlayersWorlds.Maps.Maze.MazeGeneratorTest.IsFillComplete(PlayersWorlds.Maps.Maze.AldousBroderMazeGenerator,ThreeQuarters,Auto,System.Collections.Generic.List`1[PlayersWorlds.Maps.Area])" methodname="IsFillComplete" classname="PlayersWorlds.Maps.Maze.MazeGeneratorTest" runstate="Runnable" seed="670133459" result="Passed" start-time="2024-06-07T14:44:54.6567570Z" end-time="2024-06-07T14:44:54.6855870Z" duration="0.028830" asserts="5" />
                <test-case id="1-1445" name="IsFillComplete(PlayersWorlds.Maps.Maze.AldousBroderMazeGenerator,ThreeQuarters,Auto,System.Collections.Generic.List`1[PlayersWorlds.Maps.Area])" fullname="PlayersWorlds.Maps.Maze.MazeGeneratorTest.IsFillComplete(PlayersWorlds.Maps.Maze.AldousBroderMazeGenerator,ThreeQuarters,Auto,System.Collections.Generic.List`1[PlayersWorlds.Maps.Area])" methodname="IsFillComplete" classname="PlayersWorlds.Maps.Maze.MazeGeneratorTest" runstate="Runnable" seed="245915435" result="Passed" start-time="2024-06-07T14:44:54.6855980Z" end-time="2024-06-07T14:44:54.7298930Z" duration="0.044295" asserts="5" />
                <test-case id="1-1446" name="IsFillComplete(PlayersWorlds.Maps.Maze.AldousBroderMazeGenerator,ThreeQuarters,Auto,System.Collections.Generic.List`1[PlayersWorlds.Maps.Area])" fullname="PlayersWorlds.Maps.Maze.MazeGeneratorTest.IsFillComplete(PlayersWorlds.Maps.Maze.AldousBroderMazeGenerator,ThreeQuarters,Auto,System.Collections.Generic.List`1[PlayersWorlds.Maps.Area])" methodname="IsFillComplete" classname="PlayersWorlds.Maps.Maze.MazeGeneratorTest" runstate="Runnable" seed="1786989152" result="Passed" start-time="2024-06-07T14:44:54.7299100Z" end-time="2024-06-07T14:44:54.7599610Z" duration="0.030050" asserts="5" />
                <test-case id="1-1447" name="IsFillComplete(PlayersWorlds.Maps.Maze.AldousBroderMazeGenerator,ThreeQuarters,Manual,null)" fullname="PlayersWorlds.Maps.Maze.MazeGeneratorTest.IsFillComplete(PlayersWorlds.Maps.Maze.AldousBroderMazeGenerator,ThreeQuarters,Manual,null)" methodname="IsFillComplete" classname="PlayersWorlds.Maps.Maze.MazeGeneratorTest" runstate="Runnable" seed="379157600" result="Passed" start-time="2024-06-07T14:44:54.7599780Z" end-time="2024-06-07T14:44:54.7761870Z" duration="0.016209" asserts="5" />
                <test-case id="1-1448" name="IsFillComplete(PlayersWorlds.Maps.Maze.AldousBroderMazeGenerator,ThreeQuarters,Manual,System.Collections.Generic.List`1[PlayersWorlds.Maps.Area])" fullname="PlayersWorlds.Maps.Maze.MazeGeneratorTest.IsFillComplete(PlayersWorlds.Maps.Maze.AldousBroderMazeGenerator,ThreeQuarters,Manual,System.Collections.Generic.List`1[PlayersWorlds.Maps.Area])" methodname="IsFillComplete" classname="PlayersWorlds.Maps.Maze.MazeGeneratorTest" runstate="Runnable" seed="1427809201" result="Passed" start-time="2024-06-07T14:44:54.7761970Z" end-time="2024-06-07T14:44:54.7933560Z" duration="0.017160" asserts="5" />
                <test-case id="1-1449" name="IsFillComplete(PlayersWorlds.Maps.Maze.AldousBroderMazeGenerator,ThreeQuarters,Manual,System.Collections.Generic.List`1[PlayersWorlds.Maps.Area])" fullname="PlayersWorlds.Maps.Maze.MazeGeneratorTest.IsFillComplete(PlayersWorlds.Maps.Maze.AldousBroderMazeGenerator,ThreeQuarters,Manual,System.Collections.Generic.List`1[PlayersWorlds.Maps.Area])" methodname="IsFillComplete" classname="PlayersWorlds.Maps.Maze.MazeGeneratorTest" runstate="Runnable" seed="1860198739" result="Passed" start-time="2024-06-07T14:44:54.7933740Z" end-time="2024-06-07T14:44:54.8095130Z" duration="0.016139" asserts="5" />
                <test-case id="1-1450" name="IsFillComplete(PlayersWorlds.Maps.Maze.AldousBroderMazeGenerator,ThreeQuarters,Manual,System.Collections.Generic.List`1[PlayersWorlds.Maps.Area])" fullname="PlayersWorlds.Maps.Maze.MazeGeneratorTest.IsFillComplete(PlayersWorlds.Maps.Maze.AldousBroderMazeGenerator,ThreeQuarters,Manual,System.Collections.Generic.List`1[PlayersWorlds.Maps.Area])" methodname="IsFillComplete" classname="PlayersWorlds.Maps.Maze.MazeGeneratorTest" runstate="Runnable" seed="858690479" result="Passed" start-time="2024-06-07T14:44:54.8095240Z" end-time="2024-06-07T14:44:54.8274360Z" duration="0.017912" asserts="5" />
                <test-case id="1-1451" name="IsFillComplete(PlayersWorlds.Maps.Maze.AldousBroderMazeGenerator,ThreeQuarters,Manual,System.Collections.Generic.List`1[PlayersWorlds.Maps.Area])" fullname="PlayersWorlds.Maps.Maze.MazeGeneratorTest.IsFillComplete(PlayersWorlds.Maps.Maze.AldousBroderMazeGenerator,ThreeQuarters,Manual,System.Collections.Generic.List`1[PlayersWorlds.Maps.Area])" methodname="IsFillComplete" classname="PlayersWorlds.Maps.Maze.MazeGeneratorTest" runstate="Runnable" seed="665038322" result="Passed" start-time="2024-06-07T14:44:54.8274460Z" end-time="2024-06-07T14:44:54.8470160Z" duration="0.019570" asserts="5" />
                <test-case id="1-1452" name="IsFillComplete(PlayersWorlds.Maps.Maze.AldousBroderMazeGenerator,ThreeQuarters,Manual,System.Collections.Generic.List`1[PlayersWorlds.Maps.Area])" fullname="PlayersWorlds.Maps.Maze.MazeGeneratorTest.IsFillComplete(PlayersWorlds.Maps.Maze.AldousBroderMazeGenerator,ThreeQuarters,Manual,System.Collections.Generic.List`1[PlayersWorlds.Maps.Area])" methodname="IsFillComplete" classname="PlayersWorlds.Maps.Maze.MazeGeneratorTest" runstate="Runnable" seed="812152701" result="Passed" start-time="2024-06-07T14:44:54.8470260Z" end-time="2024-06-07T14:44:54.8670560Z" duration="0.020030" asserts="5" />
                <test-case id="1-1453" name="IsFillComplete(PlayersWorlds.Maps.Maze.AldousBroderMazeGenerator,NinetyPercent,Auto,null)" fullname="PlayersWorlds.Maps.Maze.MazeGeneratorTest.IsFillComplete(PlayersWorlds.Maps.Maze.AldousBroderMazeGenerator,NinetyPercent,Auto,null)" methodname="IsFillComplete" classname="PlayersWorlds.Maps.Maze.MazeGeneratorTest" runstate="Runnable" seed="1334938312" result="Passed" start-time="2024-06-07T14:44:54.8670670Z" end-time="2024-06-07T14:44:54.8905630Z" duration="0.023496" asserts="5" />
                <test-case id="1-1454" name="IsFillComplete(PlayersWorlds.Maps.Maze.AldousBroderMazeGenerator,NinetyPercent,Auto,System.Collections.Generic.List`1[PlayersWorlds.Maps.Area])" fullname="PlayersWorlds.Maps.Maze.MazeGeneratorTest.IsFillComplete(PlayersWorlds.Maps.Maze.AldousBroderMazeGenerator,NinetyPercent,Auto,System.Collections.Generic.List`1[PlayersWorlds.Maps.Area])" methodname="IsFillComplete" classname="PlayersWorlds.Maps.Maze.MazeGeneratorTest" runstate="Runnable" seed="1635260651" result="Passed" start-time="2024-06-07T14:44:54.8905810Z" end-time="2024-06-07T14:44:54.9162980Z" duration="0.025717" asserts="5" />
                <test-case id="1-1455" name="IsFillComplete(PlayersWorlds.Maps.Maze.AldousBroderMazeGenerator,NinetyPercent,Auto,System.Collections.Generic.List`1[PlayersWorlds.Maps.Area])" fullname="PlayersWorlds.Maps.Maze.MazeGeneratorTest.IsFillComplete(PlayersWorlds.Maps.Maze.AldousBroderMazeGenerator,NinetyPercent,Auto,System.Collections.Generic.List`1[PlayersWorlds.Maps.Area])" methodname="IsFillComplete" classname="PlayersWorlds.Maps.Maze.MazeGeneratorTest" runstate="Runnable" seed="1402530198" result="Passed" start-time="2024-06-07T14:44:54.9163080Z" end-time="2024-06-07T14:44:54.9496800Z" duration="0.033372" asserts="5" />
                <test-case id="1-1456" name="IsFillComplete(PlayersWorlds.Maps.Maze.AldousBroderMazeGenerator,NinetyPercent,Auto,System.Collections.Generic.List`1[PlayersWorlds.Maps.Area])" fullname="PlayersWorlds.Maps.Maze.MazeGeneratorTest.IsFillComplete(PlayersWorlds.Maps.Maze.AldousBroderMazeGenerator,NinetyPercent,Auto,System.Collections.Generic.List`1[PlayersWorlds.Maps.Area])" methodname="IsFillComplete" classname="PlayersWorlds.Maps.Maze.MazeGeneratorTest" runstate="Runnable" seed="998346847" result="Passed" start-time="2024-06-07T14:44:54.9496980Z" end-time="2024-06-07T14:44:54.9915530Z" duration="0.041855" asserts="5" />
                <test-case id="1-1457" name="IsFillComplete(PlayersWorlds.Maps.Maze.AldousBroderMazeGenerator,NinetyPercent,Auto,System.Collections.Generic.List`1[PlayersWorlds.Maps.Area])" fullname="PlayersWorlds.Maps.Maze.MazeGeneratorTest.IsFillComplete(PlayersWorlds.Maps.Maze.AldousBroderMazeGenerator,NinetyPercent,Auto,System.Collections.Generic.List`1[PlayersWorlds.Maps.Area])" methodname="IsFillComplete" classname="PlayersWorlds.Maps.Maze.MazeGeneratorTest" runstate="Runnable" seed="785785241" result="Passed" start-time="2024-06-07T14:44:54.9915630Z" end-time="2024-06-07T14:44:55.0353700Z" duration="0.043807" asserts="5" />
                <test-case id="1-1458" name="IsFillComplete(PlayersWorlds.Maps.Maze.AldousBroderMazeGenerator,NinetyPercent,Auto,System.Collections.Generic.List`1[PlayersWorlds.Maps.Area])" fullname="PlayersWorlds.Maps.Maze.MazeGeneratorTest.IsFillComplete(PlayersWorlds.Maps.Maze.AldousBroderMazeGenerator,NinetyPercent,Auto,System.Collections.Generic.List`1[PlayersWorlds.Maps.Area])" methodname="IsFillComplete" classname="PlayersWorlds.Maps.Maze.MazeGeneratorTest" runstate="Runnable" seed="1389731050" result="Passed" start-time="2024-06-07T14:44:55.0353800Z" end-time="2024-06-07T14:44:55.0808100Z" duration="0.045430" asserts="5" />
                <test-case id="1-1459" name="IsFillComplete(PlayersWorlds.Maps.Maze.AldousBroderMazeGenerator,NinetyPercent,Manual,null)" fullname="PlayersWorlds.Maps.Maze.MazeGeneratorTest.IsFillComplete(PlayersWorlds.Maps.Maze.AldousBroderMazeGenerator,NinetyPercent,Manual,null)" methodname="IsFillComplete" classname="PlayersWorlds.Maps.Maze.MazeGeneratorTest" runstate="Runnable" seed="1263126931" result="Passed" start-time="2024-06-07T14:44:55.0808210Z" end-time="2024-06-07T14:44:55.0992500Z" duration="0.018430" asserts="5" />
                <test-case id="1-1460" name="IsFillComplete(PlayersWorlds.Maps.Maze.AldousBroderMazeGenerator,NinetyPercent,Manual,System.Collections.Generic.List`1[PlayersWorlds.Maps.Area])" fullname="PlayersWorlds.Maps.Maze.MazeGeneratorTest.IsFillComplete(PlayersWorlds.Maps.Maze.AldousBroderMazeGenerator,NinetyPercent,Manual,System.Collections.Generic.List`1[PlayersWorlds.Maps.Area])" methodname="IsFillComplete" classname="PlayersWorlds.Maps.Maze.MazeGeneratorTest" runstate="Runnable" seed="1295482984" result="Passed" start-time="2024-06-07T14:44:55.0992600Z" end-time="2024-06-07T14:44:55.1188500Z" duration="0.019590" asserts="5" />
                <test-case id="1-1461" name="IsFillComplete(PlayersWorlds.Maps.Maze.AldousBroderMazeGenerator,NinetyPercent,Manual,System.Collections.Generic.List`1[PlayersWorlds.Maps.Area])" fullname="PlayersWorlds.Maps.Maze.MazeGeneratorTest.IsFillComplete(PlayersWorlds.Maps.Maze.AldousBroderMazeGenerator,NinetyPercent,Manual,System.Collections.Generic.List`1[PlayersWorlds.Maps.Area])" methodname="IsFillComplete" classname="PlayersWorlds.Maps.Maze.MazeGeneratorTest" runstate="Runnable" seed="1914443472" result="Passed" start-time="2024-06-07T14:44:55.1188600Z" end-time="2024-06-07T14:44:55.1375100Z" duration="0.018651" asserts="5" />
                <test-case id="1-1462" name="IsFillComplete(PlayersWorlds.Maps.Maze.AldousBroderMazeGenerator,NinetyPercent,Manual,System.Collections.Generic.List`1[PlayersWorlds.Maps.Area])" fullname="PlayersWorlds.Maps.Maze.MazeGeneratorTest.IsFillComplete(PlayersWorlds.Maps.Maze.AldousBroderMazeGenerator,NinetyPercent,Manual,System.Collections.Generic.List`1[PlayersWorlds.Maps.Area])" methodname="IsFillComplete" classname="PlayersWorlds.Maps.Maze.MazeGeneratorTest" runstate="Runnable" seed="45692542" result="Passed" start-time="2024-06-07T14:44:55.1375210Z" end-time="2024-06-07T14:44:55.1570350Z" duration="0.019514" asserts="5" />
                <test-case id="1-1463" name="IsFillComplete(PlayersWorlds.Maps.Maze.AldousBroderMazeGenerator,NinetyPercent,Manual,System.Collections.Generic.List`1[PlayersWorlds.Maps.Area])" fullname="PlayersWorlds.Maps.Maze.MazeGeneratorTest.IsFillComplete(PlayersWorlds.Maps.Maze.AldousBroderMazeGenerator,NinetyPercent,Manual,System.Collections.Generic.List`1[PlayersWorlds.Maps.Area])" methodname="IsFillComplete" classname="PlayersWorlds.Maps.Maze.MazeGeneratorTest" runstate="Runnable" seed="575356600" result="Passed" start-time="2024-06-07T14:44:55.1570460Z" end-time="2024-06-07T14:44:55.1816120Z" duration="0.024567" asserts="5" />
                <test-case id="1-1464" name="IsFillComplete(PlayersWorlds.Maps.Maze.AldousBroderMazeGenerator,NinetyPercent,Manual,System.Collections.Generic.List`1[PlayersWorlds.Maps.Area])" fullname="PlayersWorlds.Maps.Maze.MazeGeneratorTest.IsFillComplete(PlayersWorlds.Maps.Maze.AldousBroderMazeGenerator,NinetyPercent,Manual,System.Collections.Generic.List`1[PlayersWorlds.Maps.Area])" methodname="IsFillComplete" classname="PlayersWorlds.Maps.Maze.MazeGeneratorTest" runstate="Runnable" seed="503481040" result="Passed" start-time="2024-06-07T14:44:55.1816230Z" end-time="2024-06-07T14:44:55.2050980Z" duration="0.023475" asserts="5" />
                <test-case id="1-1465" name="IsFillComplete(PlayersWorlds.Maps.Maze.AldousBroderMazeGenerator,FullWidth,Auto,null)" fullname="PlayersWorlds.Maps.Maze.MazeGeneratorTest.IsFillComplete(PlayersWorlds.Maps.Maze.AldousBroderMazeGenerator,FullWidth,Auto,null)" methodname="IsFillComplete" classname="PlayersWorlds.Maps.Maze.MazeGeneratorTest" runstate="Runnable" seed="1097395015" result="Passed" start-time="2024-06-07T14:44:55.2051090Z" end-time="2024-06-07T14:44:55.2203780Z" duration="0.015269" asserts="5" />
                <test-case id="1-1466" name="IsFillComplete(PlayersWorlds.Maps.Maze.AldousBroderMazeGenerator,FullWidth,Auto,System.Collections.Generic.List`1[PlayersWorlds.Maps.Area])" fullname="PlayersWorlds.Maps.Maze.MazeGeneratorTest.IsFillComplete(PlayersWorlds.Maps.Maze.AldousBroderMazeGenerator,FullWidth,Auto,System.Collections.Generic.List`1[PlayersWorlds.Maps.Area])" methodname="IsFillComplete" classname="PlayersWorlds.Maps.Maze.MazeGeneratorTest" runstate="Runnable" seed="450421022" result="Passed" start-time="2024-06-07T14:44:55.2203900Z" end-time="2024-06-07T14:44:55.2469530Z" duration="0.026563" asserts="5" />
                <test-case id="1-1467" name="IsFillComplete(PlayersWorlds.Maps.Maze.AldousBroderMazeGenerator,FullWidth,Auto,System.Collections.Generic.List`1[PlayersWorlds.Maps.Area])" fullname="PlayersWorlds.Maps.Maze.MazeGeneratorTest.IsFillComplete(PlayersWorlds.Maps.Maze.AldousBroderMazeGenerator,FullWidth,Auto,System.Collections.Generic.List`1[PlayersWorlds.Maps.Area])" methodname="IsFillComplete" classname="PlayersWorlds.Maps.Maze.MazeGeneratorTest" runstate="Runnable" seed="163004391" result="Passed" start-time="2024-06-07T14:44:55.2469650Z" end-time="2024-06-07T14:44:55.2784470Z" duration="0.031483" asserts="5" />
                <test-case id="1-1468" name="IsFillComplete(PlayersWorlds.Maps.Maze.AldousBroderMazeGenerator,FullWidth,Auto,System.Collections.Generic.List`1[PlayersWorlds.Maps.Area])" fullname="PlayersWorlds.Maps.Maze.MazeGeneratorTest.IsFillComplete(PlayersWorlds.Maps.Maze.AldousBroderMazeGenerator,FullWidth,Auto,System.Collections.Generic.List`1[PlayersWorlds.Maps.Area])" methodname="IsFillComplete" classname="PlayersWorlds.Maps.Maze.MazeGeneratorTest" runstate="Runnable" seed="1548439206" result="Passed" start-time="2024-06-07T14:44:55.2784590Z" end-time="2024-06-07T14:44:55.3047980Z" duration="0.026339" asserts="5" />
                <test-case id="1-1469" name="IsFillComplete(PlayersWorlds.Maps.Maze.AldousBroderMazeGenerator,FullWidth,Auto,System.Collections.Generic.List`1[PlayersWorlds.Maps.Area])" fullname="PlayersWorlds.Maps.Maze.MazeGeneratorTest.IsFillComplete(PlayersWorlds.Maps.Maze.AldousBroderMazeGenerator,FullWidth,Auto,System.Collections.Generic.List`1[PlayersWorlds.Maps.Area])" methodname="IsFillComplete" classname="PlayersWorlds.Maps.Maze.MazeGeneratorTest" runstate="Runnable" seed="2092524131" result="Passed" start-time="2024-06-07T14:44:55.3048090Z" end-time="2024-06-07T14:44:55.3531560Z" duration="0.048348" asserts="5" />
                <test-case id="1-1470" name="IsFillComplete(PlayersWorlds.Maps.Maze.AldousBroderMazeGenerator,FullWidth,Auto,System.Collections.Generic.List`1[PlayersWorlds.Maps.Area])" fullname="PlayersWorlds.Maps.Maze.MazeGeneratorTest.IsFillComplete(PlayersWorlds.Maps.Maze.AldousBroderMazeGenerator,FullWidth,Auto,System.Collections.Generic.List`1[PlayersWorlds.Maps.Area])" methodname="IsFillComplete" classname="PlayersWorlds.Maps.Maze.MazeGeneratorTest" runstate="Runnable" seed="1769214354" result="Passed" start-time="2024-06-07T14:44:55.3531670Z" end-time="2024-06-07T14:44:55.3951180Z" duration="0.041951" asserts="5" />
                <test-case id="1-1471" name="IsFillComplete(PlayersWorlds.Maps.Maze.AldousBroderMazeGenerator,FullWidth,Manual,null)" fullname="PlayersWorlds.Maps.Maze.MazeGeneratorTest.IsFillComplete(PlayersWorlds.Maps.Maze.AldousBroderMazeGenerator,FullWidth,Manual,null)" methodname="IsFillComplete" classname="PlayersWorlds.Maps.Maze.MazeGeneratorTest" runstate="Runnable" seed="2142638337" result="Passed" start-time="2024-06-07T14:44:55.3951300Z" end-time="2024-06-07T14:44:55.4127860Z" duration="0.017657" asserts="5" />
                <test-case id="1-1472" name="IsFillComplete(PlayersWorlds.Maps.Maze.AldousBroderMazeGenerator,FullWidth,Manual,System.Collections.Generic.List`1[PlayersWorlds.Maps.Area])" fullname="PlayersWorlds.Maps.Maze.MazeGeneratorTest.IsFillComplete(PlayersWorlds.Maps.Maze.AldousBroderMazeGenerator,FullWidth,Manual,System.Collections.Generic.List`1[PlayersWorlds.Maps.Area])" methodname="IsFillComplete" classname="PlayersWorlds.Maps.Maze.MazeGeneratorTest" runstate="Runnable" seed="1140158170" result="Passed" start-time="2024-06-07T14:44:55.4127970Z" end-time="2024-06-07T14:44:55.4315430Z" duration="0.018746" asserts="5" />
                <test-case id="1-1473" name="IsFillComplete(PlayersWorlds.Maps.Maze.AldousBroderMazeGenerator,FullWidth,Manual,System.Collections.Generic.List`1[PlayersWorlds.Maps.Area])" fullname="PlayersWorlds.Maps.Maze.MazeGeneratorTest.IsFillComplete(PlayersWorlds.Maps.Maze.AldousBroderMazeGenerator,FullWidth,Manual,System.Collections.Generic.List`1[PlayersWorlds.Maps.Area])" methodname="IsFillComplete" classname="PlayersWorlds.Maps.Maze.MazeGeneratorTest" runstate="Runnable" seed="1218442360" result="Passed" start-time="2024-06-07T14:44:55.4315540Z" end-time="2024-06-07T14:44:55.4458030Z" duration="0.014249" asserts="5" />
                <test-case id="1-1474" name="IsFillComplete(PlayersWorlds.Maps.Maze.AldousBroderMazeGenerator,FullWidth,Manual,System.Collections.Generic.List`1[PlayersWorlds.Maps.Area])" fullname="PlayersWorlds.Maps.Maze.MazeGeneratorTest.IsFillComplete(PlayersWorlds.Maps.Maze.AldousBroderMazeGenerator,FullWidth,Manual,System.Collections.Generic.List`1[PlayersWorlds.Maps.Area])" methodname="IsFillComplete" classname="PlayersWorlds.Maps.Maze.MazeGeneratorTest" runstate="Runnable" seed="147367309" result="Passed" start-time="2024-06-07T14:44:55.4458140Z" end-time="2024-06-07T14:44:55.4608120Z" duration="0.014998" asserts="5" />
                <test-case id="1-1475" name="IsFillComplete(PlayersWorlds.Maps.Maze.AldousBroderMazeGenerator,FullWidth,Manual,System.Collections.Generic.List`1[PlayersWorlds.Maps.Area])" fullname="PlayersWorlds.Maps.Maze.MazeGeneratorTest.IsFillComplete(PlayersWorlds.Maps.Maze.AldousBroderMazeGenerator,FullWidth,Manual,System.Collections.Generic.List`1[PlayersWorlds.Maps.Area])" methodname="IsFillComplete" classname="PlayersWorlds.Maps.Maze.MazeGeneratorTest" runstate="Runnable" seed="240884177" result="Passed" start-time="2024-06-07T14:44:55.4608230Z" end-time="2024-06-07T14:44:55.4822620Z" duration="0.021439" asserts="5" />
                <test-case id="1-1476" name="IsFillComplete(PlayersWorlds.Maps.Maze.AldousBroderMazeGenerator,FullWidth,Manual,System.Collections.Generic.List`1[PlayersWorlds.Maps.Area])" fullname="PlayersWorlds.Maps.Maze.MazeGeneratorTest.IsFillComplete(PlayersWorlds.Maps.Maze.AldousBroderMazeGenerator,FullWidth,Manual,System.Collections.Generic.List`1[PlayersWorlds.Maps.Area])" methodname="IsFillComplete" classname="PlayersWorlds.Maps.Maze.MazeGeneratorTest" runstate="Runnable" seed="768258980" result="Passed" start-time="2024-06-07T14:44:55.4822730Z" end-time="2024-06-07T14:44:55.5034130Z" duration="0.021140" asserts="5" />
                <test-case id="1-1477" name="IsFillComplete(PlayersWorlds.Maps.Maze.AldousBroderMazeGenerator,FullHeight,Auto,null)" fullname="PlayersWorlds.Maps.Maze.MazeGeneratorTest.IsFillComplete(PlayersWorlds.Maps.Maze.AldousBroderMazeGenerator,FullHeight,Auto,null)" methodname="IsFillComplete" classname="PlayersWorlds.Maps.Maze.MazeGeneratorTest" runstate="Runnable" seed="1379229794" result="Passed" start-time="2024-06-07T14:44:55.5034240Z" end-time="2024-06-07T14:44:55.5288640Z" duration="0.025440" asserts="5" />
                <test-case id="1-1478" name="IsFillComplete(PlayersWorlds.Maps.Maze.AldousBroderMazeGenerator,FullHeight,Auto,System.Collections.Generic.List`1[PlayersWorlds.Maps.Area])" fullname="PlayersWorlds.Maps.Maze.MazeGeneratorTest.IsFillComplete(PlayersWorlds.Maps.Maze.AldousBroderMazeGenerator,FullHeight,Auto,System.Collections.Generic.List`1[PlayersWorlds.Maps.Area])" methodname="IsFillComplete" classname="PlayersWorlds.Maps.Maze.MazeGeneratorTest" runstate="Runnable" seed="231055183" result="Passed" start-time="2024-06-07T14:44:55.5288750Z" end-time="2024-06-07T14:44:55.5506690Z" duration="0.021794" asserts="5" />
                <test-case id="1-1479" name="IsFillComplete(PlayersWorlds.Maps.Maze.AldousBroderMazeGenerator,FullHeight,Auto,System.Collections.Generic.List`1[PlayersWorlds.Maps.Area])" fullname="PlayersWorlds.Maps.Maze.MazeGeneratorTest.IsFillComplete(PlayersWorlds.Maps.Maze.AldousBroderMazeGenerator,FullHeight,Auto,System.Collections.Generic.List`1[PlayersWorlds.Maps.Area])" methodname="IsFillComplete" classname="PlayersWorlds.Maps.Maze.MazeGeneratorTest" runstate="Runnable" seed="1147196752" result="Passed" start-time="2024-06-07T14:44:55.5506810Z" end-time="2024-06-07T14:44:55.5789000Z" duration="0.028220" asserts="5" />
                <test-case id="1-1480" name="IsFillComplete(PlayersWorlds.Maps.Maze.AldousBroderMazeGenerator,FullHeight,Auto,System.Collections.Generic.List`1[PlayersWorlds.Maps.Area])" fullname="PlayersWorlds.Maps.Maze.MazeGeneratorTest.IsFillComplete(PlayersWorlds.Maps.Maze.AldousBroderMazeGenerator,FullHeight,Auto,System.Collections.Generic.List`1[PlayersWorlds.Maps.Area])" methodname="IsFillComplete" classname="PlayersWorlds.Maps.Maze.MazeGeneratorTest" runstate="Runnable" seed="1544639038" result="Passed" start-time="2024-06-07T14:44:55.5789120Z" end-time="2024-06-07T14:44:55.5955120Z" duration="0.016600" asserts="5" />
                <test-case id="1-1481" name="IsFillComplete(PlayersWorlds.Maps.Maze.AldousBroderMazeGenerator,FullHeight,Auto,System.Collections.Generic.List`1[PlayersWorlds.Maps.Area])" fullname="PlayersWorlds.Maps.Maze.MazeGeneratorTest.IsFillComplete(PlayersWorlds.Maps.Maze.AldousBroderMazeGenerator,FullHeight,Auto,System.Collections.Generic.List`1[PlayersWorlds.Maps.Area])" methodname="IsFillComplete" classname="PlayersWorlds.Maps.Maze.MazeGeneratorTest" runstate="Runnable" seed="897374064" result="Passed" start-time="2024-06-07T14:44:55.5955240Z" end-time="2024-06-07T14:44:55.6256870Z" duration="0.030163" asserts="5" />
                <test-case id="1-1482" name="IsFillComplete(PlayersWorlds.Maps.Maze.AldousBroderMazeGenerator,FullHeight,Auto,System.Collections.Generic.List`1[PlayersWorlds.Maps.Area])" fullname="PlayersWorlds.Maps.Maze.MazeGeneratorTest.IsFillComplete(PlayersWorlds.Maps.Maze.AldousBroderMazeGenerator,FullHeight,Auto,System.Collections.Generic.List`1[PlayersWorlds.Maps.Area])" methodname="IsFillComplete" classname="PlayersWorlds.Maps.Maze.MazeGeneratorTest" runstate="Runnable" seed="390047974" result="Passed" start-time="2024-06-07T14:44:55.6256980Z" end-time="2024-06-07T14:44:55.6642690Z" duration="0.038571" asserts="5" />
                <test-case id="1-1483" name="IsFillComplete(PlayersWorlds.Maps.Maze.AldousBroderMazeGenerator,FullHeight,Manual,null)" fullname="PlayersWorlds.Maps.Maze.MazeGeneratorTest.IsFillComplete(PlayersWorlds.Maps.Maze.AldousBroderMazeGenerator,FullHeight,Manual,null)" methodname="IsFillComplete" classname="PlayersWorlds.Maps.Maze.MazeGeneratorTest" runstate="Runnable" seed="1581955708" result="Passed" start-time="2024-06-07T14:44:55.6642800Z" end-time="2024-06-07T14:44:55.6806570Z" duration="0.016377" asserts="5" />
                <test-case id="1-1484" name="IsFillComplete(PlayersWorlds.Maps.Maze.AldousBroderMazeGenerator,FullHeight,Manual,System.Collections.Generic.List`1[PlayersWorlds.Maps.Area])" fullname="PlayersWorlds.Maps.Maze.MazeGeneratorTest.IsFillComplete(PlayersWorlds.Maps.Maze.AldousBroderMazeGenerator,FullHeight,Manual,System.Collections.Generic.List`1[PlayersWorlds.Maps.Area])" methodname="IsFillComplete" classname="PlayersWorlds.Maps.Maze.MazeGeneratorTest" runstate="Runnable" seed="218251060" result="Passed" start-time="2024-06-07T14:44:55.6806680Z" end-time="2024-06-07T14:44:55.6987260Z" duration="0.018058" asserts="5" />
                <test-case id="1-1485" name="IsFillComplete(PlayersWorlds.Maps.Maze.AldousBroderMazeGenerator,FullHeight,Manual,System.Collections.Generic.List`1[PlayersWorlds.Maps.Area])" fullname="PlayersWorlds.Maps.Maze.MazeGeneratorTest.IsFillComplete(PlayersWorlds.Maps.Maze.AldousBroderMazeGenerator,FullHeight,Manual,System.Collections.Generic.List`1[PlayersWorlds.Maps.Area])" methodname="IsFillComplete" classname="PlayersWorlds.Maps.Maze.MazeGeneratorTest" runstate="Runnable" seed="518255074" result="Passed" start-time="2024-06-07T14:44:55.6987370Z" end-time="2024-06-07T14:44:55.7157900Z" duration="0.017053" asserts="5" />
                <test-case id="1-1486" name="IsFillComplete(PlayersWorlds.Maps.Maze.AldousBroderMazeGenerator,FullHeight,Manual,System.Collections.Generic.List`1[PlayersWorlds.Maps.Area])" fullname="PlayersWorlds.Maps.Maze.MazeGeneratorTest.IsFillComplete(PlayersWorlds.Maps.Maze.AldousBroderMazeGenerator,FullHeight,Manual,System.Collections.Generic.List`1[PlayersWorlds.Maps.Area])" methodname="IsFillComplete" classname="PlayersWorlds.Maps.Maze.MazeGeneratorTest" runstate="Runnable" seed="999485079" result="Passed" start-time="2024-06-07T14:44:55.7158010Z" end-time="2024-06-07T14:44:55.7322040Z" duration="0.016403" asserts="5" />
                <test-case id="1-1487" name="IsFillComplete(PlayersWorlds.Maps.Maze.AldousBroderMazeGenerator,FullHeight,Manual,System.Collections.Generic.List`1[PlayersWorlds.Maps.Area])" fullname="PlayersWorlds.Maps.Maze.MazeGeneratorTest.IsFillComplete(PlayersWorlds.Maps.Maze.AldousBroderMazeGenerator,FullHeight,Manual,System.Collections.Generic.List`1[PlayersWorlds.Maps.Area])" methodname="IsFillComplete" classname="PlayersWorlds.Maps.Maze.MazeGeneratorTest" runstate="Runnable" seed="846439166" result="Passed" start-time="2024-06-07T14:44:55.7322150Z" end-time="2024-06-07T14:44:55.7530560Z" duration="0.020841" asserts="5" />
                <test-case id="1-1488" name="IsFillComplete(PlayersWorlds.Maps.Maze.AldousBroderMazeGenerator,FullHeight,Manual,System.Collections.Generic.List`1[PlayersWorlds.Maps.Area])" fullname="PlayersWorlds.Maps.Maze.MazeGeneratorTest.IsFillComplete(PlayersWorlds.Maps.Maze.AldousBroderMazeGenerator,FullHeight,Manual,System.Collections.Generic.List`1[PlayersWorlds.Maps.Area])" methodname="IsFillComplete" classname="PlayersWorlds.Maps.Maze.MazeGeneratorTest" runstate="Runnable" seed="12679214" result="Passed" start-time="2024-06-07T14:44:55.7530670Z" end-time="2024-06-07T14:44:55.7748530Z" duration="0.021786" asserts="5" />
                <test-case id="1-1489" name="IsFillComplete(PlayersWorlds.Maps.Maze.AldousBroderMazeGenerator,Full,Auto,null)" fullname="PlayersWorlds.Maps.Maze.MazeGeneratorTest.IsFillComplete(PlayersWorlds.Maps.Maze.AldousBroderMazeGenerator,Full,Auto,null)" methodname="IsFillComplete" classname="PlayersWorlds.Maps.Maze.MazeGeneratorTest" runstate="Runnable" seed="1056010608" result="Passed" start-time="2024-06-07T14:44:55.7748640Z" end-time="2024-06-07T14:44:55.7858970Z" duration="0.011033" asserts="5" />
                <test-case id="1-1490" name="IsFillComplete(PlayersWorlds.Maps.Maze.AldousBroderMazeGenerator,Full,Auto,System.Collections.Generic.List`1[PlayersWorlds.Maps.Area])" fullname="PlayersWorlds.Maps.Maze.MazeGeneratorTest.IsFillComplete(PlayersWorlds.Maps.Maze.AldousBroderMazeGenerator,Full,Auto,System.Collections.Generic.List`1[PlayersWorlds.Maps.Area])" methodname="IsFillComplete" classname="PlayersWorlds.Maps.Maze.MazeGeneratorTest" runstate="Runnable" seed="1640048680" result="Passed" start-time="2024-06-07T14:44:55.7859080Z" end-time="2024-06-07T14:44:55.8114580Z" duration="0.025550" asserts="5" />
                <test-case id="1-1491" name="IsFillComplete(PlayersWorlds.Maps.Maze.AldousBroderMazeGenerator,Full,Auto,System.Collections.Generic.List`1[PlayersWorlds.Maps.Area])" fullname="PlayersWorlds.Maps.Maze.MazeGeneratorTest.IsFillComplete(PlayersWorlds.Maps.Maze.AldousBroderMazeGenerator,Full,Auto,System.Collections.Generic.List`1[PlayersWorlds.Maps.Area])" methodname="IsFillComplete" classname="PlayersWorlds.Maps.Maze.MazeGeneratorTest" runstate="Runnable" seed="1180747877" result="Passed" start-time="2024-06-07T14:44:55.8114690Z" end-time="2024-06-07T14:44:55.8421580Z" duration="0.030690" asserts="5" />
                <test-case id="1-1492" name="IsFillComplete(PlayersWorlds.Maps.Maze.AldousBroderMazeGenerator,Full,Auto,System.Collections.Generic.List`1[PlayersWorlds.Maps.Area])" fullname="PlayersWorlds.Maps.Maze.MazeGeneratorTest.IsFillComplete(PlayersWorlds.Maps.Maze.AldousBroderMazeGenerator,Full,Auto,System.Collections.Generic.List`1[PlayersWorlds.Maps.Area])" methodname="IsFillComplete" classname="PlayersWorlds.Maps.Maze.MazeGeneratorTest" runstate="Runnable" seed="1594955137" result="Passed" start-time="2024-06-07T14:44:55.8421700Z" end-time="2024-06-07T14:44:55.8648130Z" duration="0.022643" asserts="5" />
                <test-case id="1-1493" name="IsFillComplete(PlayersWorlds.Maps.Maze.AldousBroderMazeGenerator,Full,Auto,System.Collections.Generic.List`1[PlayersWorlds.Maps.Area])" fullname="PlayersWorlds.Maps.Maze.MazeGeneratorTest.IsFillComplete(PlayersWorlds.Maps.Maze.AldousBroderMazeGenerator,Full,Auto,System.Collections.Generic.List`1[PlayersWorlds.Maps.Area])" methodname="IsFillComplete" classname="PlayersWorlds.Maps.Maze.MazeGeneratorTest" runstate="Runnable" seed="150471964" result="Passed" start-time="2024-06-07T14:44:55.8648250Z" end-time="2024-06-07T14:44:55.9012810Z" duration="0.036457" asserts="5" />
                <test-case id="1-1494" name="IsFillComplete(PlayersWorlds.Maps.Maze.AldousBroderMazeGenerator,Full,Auto,System.Collections.Generic.List`1[PlayersWorlds.Maps.Area])" fullname="PlayersWorlds.Maps.Maze.MazeGeneratorTest.IsFillComplete(PlayersWorlds.Maps.Maze.AldousBroderMazeGenerator,Full,Auto,System.Collections.Generic.List`1[PlayersWorlds.Maps.Area])" methodname="IsFillComplete" classname="PlayersWorlds.Maps.Maze.MazeGeneratorTest" runstate="Runnable" seed="397213158" result="Passed" start-time="2024-06-07T14:44:55.9012920Z" end-time="2024-06-07T14:44:55.9612690Z" duration="0.059977" asserts="5" />
                <test-case id="1-1495" name="IsFillComplete(PlayersWorlds.Maps.Maze.AldousBroderMazeGenerator,Full,Manual,null)" fullname="PlayersWorlds.Maps.Maze.MazeGeneratorTest.IsFillComplete(PlayersWorlds.Maps.Maze.AldousBroderMazeGenerator,Full,Manual,null)" methodname="IsFillComplete" classname="PlayersWorlds.Maps.Maze.MazeGeneratorTest" runstate="Runnable" seed="984726300" result="Passed" start-time="2024-06-07T14:44:55.9612880Z" end-time="2024-06-07T14:44:55.9833520Z" duration="0.022064" asserts="5" />
                <test-case id="1-1496" name="IsFillComplete(PlayersWorlds.Maps.Maze.AldousBroderMazeGenerator,Full,Manual,System.Collections.Generic.List`1[PlayersWorlds.Maps.Area])" fullname="PlayersWorlds.Maps.Maze.MazeGeneratorTest.IsFillComplete(PlayersWorlds.Maps.Maze.AldousBroderMazeGenerator,Full,Manual,System.Collections.Generic.List`1[PlayersWorlds.Maps.Area])" methodname="IsFillComplete" classname="PlayersWorlds.Maps.Maze.MazeGeneratorTest" runstate="Runnable" seed="482194661" result="Passed" start-time="2024-06-07T14:44:55.9833630Z" end-time="2024-06-07T14:44:56.0075600Z" duration="0.024197" asserts="5" />
                <test-case id="1-1497" name="IsFillComplete(PlayersWorlds.Maps.Maze.AldousBroderMazeGenerator,Full,Manual,System.Collections.Generic.List`1[PlayersWorlds.Maps.Area])" fullname="PlayersWorlds.Maps.Maze.MazeGeneratorTest.IsFillComplete(PlayersWorlds.Maps.Maze.AldousBroderMazeGenerator,Full,Manual,System.Collections.Generic.List`1[PlayersWorlds.Maps.Area])" methodname="IsFillComplete" classname="PlayersWorlds.Maps.Maze.MazeGeneratorTest" runstate="Runnable" seed="867952010" result="Passed" start-time="2024-06-07T14:44:56.0075710Z" end-time="2024-06-07T14:44:56.0278150Z" duration="0.020244" asserts="5" />
                <test-case id="1-1498" name="IsFillComplete(PlayersWorlds.Maps.Maze.AldousBroderMazeGenerator,Full,Manual,System.Collections.Generic.List`1[PlayersWorlds.Maps.Area])" fullname="PlayersWorlds.Maps.Maze.MazeGeneratorTest.IsFillComplete(PlayersWorlds.Maps.Maze.AldousBroderMazeGenerator,Full,Manual,System.Collections.Generic.List`1[PlayersWorlds.Maps.Area])" methodname="IsFillComplete" classname="PlayersWorlds.Maps.Maze.MazeGeneratorTest" runstate="Runnable" seed="698430698" result="Passed" start-time="2024-06-07T14:44:56.0278340Z" end-time="2024-06-07T14:44:56.0495510Z" duration="0.021717" asserts="5" />
                <test-case id="1-1499" name="IsFillComplete(PlayersWorlds.Maps.Maze.AldousBroderMazeGenerator,Full,Manual,System.Collections.Generic.List`1[PlayersWorlds.Maps.Area])" fullname="PlayersWorlds.Maps.Maze.MazeGeneratorTest.IsFillComplete(PlayersWorlds.Maps.Maze.AldousBroderMazeGenerator,Full,Manual,System.Collections.Generic.List`1[PlayersWorlds.Maps.Area])" methodname="IsFillComplete" classname="PlayersWorlds.Maps.Maze.MazeGeneratorTest" runstate="Runnable" seed="1720222091" result="Passed" start-time="2024-06-07T14:44:56.0495620Z" end-time="2024-06-07T14:44:56.0736570Z" duration="0.024095" asserts="5" />
                <test-case id="1-1500" name="IsFillComplete(PlayersWorlds.Maps.Maze.AldousBroderMazeGenerator,Full,Manual,System.Collections.Generic.List`1[PlayersWorlds.Maps.Area])" fullname="PlayersWorlds.Maps.Maze.MazeGeneratorTest.IsFillComplete(PlayersWorlds.Maps.Maze.AldousBroderMazeGenerator,Full,Manual,System.Collections.Generic.List`1[PlayersWorlds.Maps.Area])" methodname="IsFillComplete" classname="PlayersWorlds.Maps.Maze.MazeGeneratorTest" runstate="Runnable" seed="1942978060" result="Passed" start-time="2024-06-07T14:44:56.0736760Z" end-time="2024-06-07T14:44:56.1009780Z" duration="0.027302" asserts="5" />
                <test-case id="1-1501" name="IsFillComplete(PlayersWorlds.Maps.Maze.BinaryTreeMazeGenerator,Quarter,Auto,null)" fullname="PlayersWorlds.Maps.Maze.MazeGeneratorTest.IsFillComplete(PlayersWorlds.Maps.Maze.BinaryTreeMazeGenerator,Quarter,Auto,null)" methodname="IsFillComplete" classname="PlayersWorlds.Maps.Maze.MazeGeneratorTest" runstate="Runnable" seed="1623984761" result="Skipped" label="Ignored" start-time="2024-06-07T14:44:56.1009890Z" end-time="2024-06-07T14:44:56.1011160Z" duration="0.000127" asserts="0" />
                <test-case id="1-1502" name="IsFillComplete(PlayersWorlds.Maps.Maze.BinaryTreeMazeGenerator,Quarter,Auto,System.Collections.Generic.List`1[PlayersWorlds.Maps.Area])" fullname="PlayersWorlds.Maps.Maze.MazeGeneratorTest.IsFillComplete(PlayersWorlds.Maps.Maze.BinaryTreeMazeGenerator,Quarter,Auto,System.Collections.Generic.List`1[PlayersWorlds.Maps.Area])" methodname="IsFillComplete" classname="PlayersWorlds.Maps.Maze.MazeGeneratorTest" runstate="Runnable" seed="978202041" result="Skipped" label="Ignored" start-time="2024-06-07T14:44:56.1011230Z" end-time="2024-06-07T14:44:56.1011870Z" duration="0.000064" asserts="0" />
                <test-case id="1-1503" name="IsFillComplete(PlayersWorlds.Maps.Maze.BinaryTreeMazeGenerator,Quarter,Auto,System.Collections.Generic.List`1[PlayersWorlds.Maps.Area])" fullname="PlayersWorlds.Maps.Maze.MazeGeneratorTest.IsFillComplete(PlayersWorlds.Maps.Maze.BinaryTreeMazeGenerator,Quarter,Auto,System.Collections.Generic.List`1[PlayersWorlds.Maps.Area])" methodname="IsFillComplete" classname="PlayersWorlds.Maps.Maze.MazeGeneratorTest" runstate="Runnable" seed="1482768717" result="Skipped" label="Ignored" start-time="2024-06-07T14:44:56.1011930Z" end-time="2024-06-07T14:44:56.1012460Z" duration="0.000054" asserts="0" />
                <test-case id="1-1504" name="IsFillComplete(PlayersWorlds.Maps.Maze.BinaryTreeMazeGenerator,Quarter,Auto,System.Collections.Generic.List`1[PlayersWorlds.Maps.Area])" fullname="PlayersWorlds.Maps.Maze.MazeGeneratorTest.IsFillComplete(PlayersWorlds.Maps.Maze.BinaryTreeMazeGenerator,Quarter,Auto,System.Collections.Generic.List`1[PlayersWorlds.Maps.Area])" methodname="IsFillComplete" classname="PlayersWorlds.Maps.Maze.MazeGeneratorTest" runstate="Runnable" seed="90984385" result="Skipped" label="Ignored" start-time="2024-06-07T14:44:56.1012520Z" end-time="2024-06-07T14:44:56.1013020Z" duration="0.000051" asserts="0" />
                <test-case id="1-1505" name="IsFillComplete(PlayersWorlds.Maps.Maze.BinaryTreeMazeGenerator,Quarter,Auto,System.Collections.Generic.List`1[PlayersWorlds.Maps.Area])" fullname="PlayersWorlds.Maps.Maze.MazeGeneratorTest.IsFillComplete(PlayersWorlds.Maps.Maze.BinaryTreeMazeGenerator,Quarter,Auto,System.Collections.Generic.List`1[PlayersWorlds.Maps.Area])" methodname="IsFillComplete" classname="PlayersWorlds.Maps.Maze.MazeGeneratorTest" runstate="Runnable" seed="863535789" result="Skipped" label="Ignored" start-time="2024-06-07T14:44:56.1013080Z" end-time="2024-06-07T14:44:56.1013580Z" duration="0.000050" asserts="0" />
                <test-case id="1-1506" name="IsFillComplete(PlayersWorlds.Maps.Maze.BinaryTreeMazeGenerator,Quarter,Auto,System.Collections.Generic.List`1[PlayersWorlds.Maps.Area])" fullname="PlayersWorlds.Maps.Maze.MazeGeneratorTest.IsFillComplete(PlayersWorlds.Maps.Maze.BinaryTreeMazeGenerator,Quarter,Auto,System.Collections.Generic.List`1[PlayersWorlds.Maps.Area])" methodname="IsFillComplete" classname="PlayersWorlds.Maps.Maze.MazeGeneratorTest" runstate="Runnable" seed="1672363799" result="Skipped" label="Ignored" start-time="2024-06-07T14:44:56.1013630Z" end-time="2024-06-07T14:44:56.1014160Z" duration="0.000053" asserts="0" />
                <test-case id="1-1507" name="IsFillComplete(PlayersWorlds.Maps.Maze.BinaryTreeMazeGenerator,Quarter,Manual,null)" fullname="PlayersWorlds.Maps.Maze.MazeGeneratorTest.IsFillComplete(PlayersWorlds.Maps.Maze.BinaryTreeMazeGenerator,Quarter,Manual,null)" methodname="IsFillComplete" classname="PlayersWorlds.Maps.Maze.MazeGeneratorTest" runstate="Runnable" seed="1741193988" result="Skipped" label="Ignored" start-time="2024-06-07T14:44:56.1014220Z" end-time="2024-06-07T14:44:56.1014750Z" duration="0.000053" asserts="0" />
                <test-case id="1-1508" name="IsFillComplete(PlayersWorlds.Maps.Maze.BinaryTreeMazeGenerator,Quarter,Manual,System.Collections.Generic.List`1[PlayersWorlds.Maps.Area])" fullname="PlayersWorlds.Maps.Maze.MazeGeneratorTest.IsFillComplete(PlayersWorlds.Maps.Maze.BinaryTreeMazeGenerator,Quarter,Manual,System.Collections.Generic.List`1[PlayersWorlds.Maps.Area])" methodname="IsFillComplete" classname="PlayersWorlds.Maps.Maze.MazeGeneratorTest" runstate="Runnable" seed="1187571003" result="Skipped" label="Ignored" start-time="2024-06-07T14:44:56.1014800Z" end-time="2024-06-07T14:44:56.1015330Z" duration="0.000053" asserts="0" />
                <test-case id="1-1509" name="IsFillComplete(PlayersWorlds.Maps.Maze.BinaryTreeMazeGenerator,Quarter,Manual,System.Collections.Generic.List`1[PlayersWorlds.Maps.Area])" fullname="PlayersWorlds.Maps.Maze.MazeGeneratorTest.IsFillComplete(PlayersWorlds.Maps.Maze.BinaryTreeMazeGenerator,Quarter,Manual,System.Collections.Generic.List`1[PlayersWorlds.Maps.Area])" methodname="IsFillComplete" classname="PlayersWorlds.Maps.Maze.MazeGeneratorTest" runstate="Runnable" seed="1394376474" result="Skipped" label="Ignored" start-time="2024-06-07T14:44:56.1015390Z" end-time="2024-06-07T14:44:56.1015910Z" duration="0.000053" asserts="0" />
                <test-case id="1-1510" name="IsFillComplete(PlayersWorlds.Maps.Maze.BinaryTreeMazeGenerator,Quarter,Manual,System.Collections.Generic.List`1[PlayersWorlds.Maps.Area])" fullname="PlayersWorlds.Maps.Maze.MazeGeneratorTest.IsFillComplete(PlayersWorlds.Maps.Maze.BinaryTreeMazeGenerator,Quarter,Manual,System.Collections.Generic.List`1[PlayersWorlds.Maps.Area])" methodname="IsFillComplete" classname="PlayersWorlds.Maps.Maze.MazeGeneratorTest" runstate="Runnable" seed="634271218" result="Skipped" label="Ignored" start-time="2024-06-07T14:44:56.1015960Z" end-time="2024-06-07T14:44:56.1016450Z" duration="0.000049" asserts="0" />
                <test-case id="1-1511" name="IsFillComplete(PlayersWorlds.Maps.Maze.BinaryTreeMazeGenerator,Quarter,Manual,System.Collections.Generic.List`1[PlayersWorlds.Maps.Area])" fullname="PlayersWorlds.Maps.Maze.MazeGeneratorTest.IsFillComplete(PlayersWorlds.Maps.Maze.BinaryTreeMazeGenerator,Quarter,Manual,System.Collections.Generic.List`1[PlayersWorlds.Maps.Area])" methodname="IsFillComplete" classname="PlayersWorlds.Maps.Maze.MazeGeneratorTest" runstate="Runnable" seed="1766600700" result="Skipped" label="Ignored" start-time="2024-06-07T14:44:56.1016500Z" end-time="2024-06-07T14:44:56.1016980Z" duration="0.000048" asserts="0" />
                <test-case id="1-1512" name="IsFillComplete(PlayersWorlds.Maps.Maze.BinaryTreeMazeGenerator,Quarter,Manual,System.Collections.Generic.List`1[PlayersWorlds.Maps.Area])" fullname="PlayersWorlds.Maps.Maze.MazeGeneratorTest.IsFillComplete(PlayersWorlds.Maps.Maze.BinaryTreeMazeGenerator,Quarter,Manual,System.Collections.Generic.List`1[PlayersWorlds.Maps.Area])" methodname="IsFillComplete" classname="PlayersWorlds.Maps.Maze.MazeGeneratorTest" runstate="Runnable" seed="554730058" result="Skipped" label="Ignored" start-time="2024-06-07T14:44:56.1017030Z" end-time="2024-06-07T14:44:56.1017500Z" duration="0.000048" asserts="0" />
                <test-case id="1-1513" name="IsFillComplete(PlayersWorlds.Maps.Maze.BinaryTreeMazeGenerator,Half,Auto,null)" fullname="PlayersWorlds.Maps.Maze.MazeGeneratorTest.IsFillComplete(PlayersWorlds.Maps.Maze.BinaryTreeMazeGenerator,Half,Auto,null)" methodname="IsFillComplete" classname="PlayersWorlds.Maps.Maze.MazeGeneratorTest" runstate="Runnable" seed="242534298" result="Skipped" label="Ignored" start-time="2024-06-07T14:44:56.1017560Z" end-time="2024-06-07T14:44:56.1018040Z" duration="0.000048" asserts="0" />
                <test-case id="1-1514" name="IsFillComplete(PlayersWorlds.Maps.Maze.BinaryTreeMazeGenerator,Half,Auto,System.Collections.Generic.List`1[PlayersWorlds.Maps.Area])" fullname="PlayersWorlds.Maps.Maze.MazeGeneratorTest.IsFillComplete(PlayersWorlds.Maps.Maze.BinaryTreeMazeGenerator,Half,Auto,System.Collections.Generic.List`1[PlayersWorlds.Maps.Area])" methodname="IsFillComplete" classname="PlayersWorlds.Maps.Maze.MazeGeneratorTest" runstate="Runnable" seed="1865971540" result="Skipped" label="Ignored" start-time="2024-06-07T14:44:56.1018110Z" end-time="2024-06-07T14:44:56.1018640Z" duration="0.000053" asserts="0" />
                <test-case id="1-1515" name="IsFillComplete(PlayersWorlds.Maps.Maze.BinaryTreeMazeGenerator,Half,Auto,System.Collections.Generic.List`1[PlayersWorlds.Maps.Area])" fullname="PlayersWorlds.Maps.Maze.MazeGeneratorTest.IsFillComplete(PlayersWorlds.Maps.Maze.BinaryTreeMazeGenerator,Half,Auto,System.Collections.Generic.List`1[PlayersWorlds.Maps.Area])" methodname="IsFillComplete" classname="PlayersWorlds.Maps.Maze.MazeGeneratorTest" runstate="Runnable" seed="398108920" result="Skipped" label="Ignored" start-time="2024-06-07T14:44:56.1018700Z" end-time="2024-06-07T14:44:56.1019220Z" duration="0.000052" asserts="0" />
                <test-case id="1-1516" name="IsFillComplete(PlayersWorlds.Maps.Maze.BinaryTreeMazeGenerator,Half,Auto,System.Collections.Generic.List`1[PlayersWorlds.Maps.Area])" fullname="PlayersWorlds.Maps.Maze.MazeGeneratorTest.IsFillComplete(PlayersWorlds.Maps.Maze.BinaryTreeMazeGenerator,Half,Auto,System.Collections.Generic.List`1[PlayersWorlds.Maps.Area])" methodname="IsFillComplete" classname="PlayersWorlds.Maps.Maze.MazeGeneratorTest" runstate="Runnable" seed="1524395498" result="Skipped" label="Ignored" start-time="2024-06-07T14:44:56.1019270Z" end-time="2024-06-07T14:44:56.1019800Z" duration="0.000052" asserts="0" />
                <test-case id="1-1517" name="IsFillComplete(PlayersWorlds.Maps.Maze.BinaryTreeMazeGenerator,Half,Auto,System.Collections.Generic.List`1[PlayersWorlds.Maps.Area])" fullname="PlayersWorlds.Maps.Maze.MazeGeneratorTest.IsFillComplete(PlayersWorlds.Maps.Maze.BinaryTreeMazeGenerator,Half,Auto,System.Collections.Generic.List`1[PlayersWorlds.Maps.Area])" methodname="IsFillComplete" classname="PlayersWorlds.Maps.Maze.MazeGeneratorTest" runstate="Runnable" seed="611220481" result="Skipped" label="Ignored" start-time="2024-06-07T14:44:56.1019850Z" end-time="2024-06-07T14:44:56.1020370Z" duration="0.000052" asserts="0" />
                <test-case id="1-1518" name="IsFillComplete(PlayersWorlds.Maps.Maze.BinaryTreeMazeGenerator,Half,Auto,System.Collections.Generic.List`1[PlayersWorlds.Maps.Area])" fullname="PlayersWorlds.Maps.Maze.MazeGeneratorTest.IsFillComplete(PlayersWorlds.Maps.Maze.BinaryTreeMazeGenerator,Half,Auto,System.Collections.Generic.List`1[PlayersWorlds.Maps.Area])" methodname="IsFillComplete" classname="PlayersWorlds.Maps.Maze.MazeGeneratorTest" runstate="Runnable" seed="357105540" result="Skipped" label="Ignored" start-time="2024-06-07T14:44:56.1020420Z" end-time="2024-06-07T14:44:56.1020890Z" duration="0.000048" asserts="0" />
                <test-case id="1-1519" name="IsFillComplete(PlayersWorlds.Maps.Maze.BinaryTreeMazeGenerator,Half,Manual,null)" fullname="PlayersWorlds.Maps.Maze.MazeGeneratorTest.IsFillComplete(PlayersWorlds.Maps.Maze.BinaryTreeMazeGenerator,Half,Manual,null)" methodname="IsFillComplete" classname="PlayersWorlds.Maps.Maze.MazeGeneratorTest" runstate="Runnable" seed="2132709613" result="Skipped" label="Ignored" start-time="2024-06-07T14:44:56.1020940Z" end-time="2024-06-07T14:44:56.1021420Z" duration="0.000048" asserts="0" />
                <test-case id="1-1520" name="IsFillComplete(PlayersWorlds.Maps.Maze.BinaryTreeMazeGenerator,Half,Manual,System.Collections.Generic.List`1[PlayersWorlds.Maps.Area])" fullname="PlayersWorlds.Maps.Maze.MazeGeneratorTest.IsFillComplete(PlayersWorlds.Maps.Maze.BinaryTreeMazeGenerator,Half,Manual,System.Collections.Generic.List`1[PlayersWorlds.Maps.Area])" methodname="IsFillComplete" classname="PlayersWorlds.Maps.Maze.MazeGeneratorTest" runstate="Runnable" seed="97909936" result="Skipped" label="Ignored" start-time="2024-06-07T14:44:56.1021470Z" end-time="2024-06-07T14:44:56.1021940Z" duration="0.000048" asserts="0" />
                <test-case id="1-1521" name="IsFillComplete(PlayersWorlds.Maps.Maze.BinaryTreeMazeGenerator,Half,Manual,System.Collections.Generic.List`1[PlayersWorlds.Maps.Area])" fullname="PlayersWorlds.Maps.Maze.MazeGeneratorTest.IsFillComplete(PlayersWorlds.Maps.Maze.BinaryTreeMazeGenerator,Half,Manual,System.Collections.Generic.List`1[PlayersWorlds.Maps.Area])" methodname="IsFillComplete" classname="PlayersWorlds.Maps.Maze.MazeGeneratorTest" runstate="Runnable" seed="1751465503" result="Skipped" label="Ignored" start-time="2024-06-07T14:44:56.1022000Z" end-time="2024-06-07T14:44:56.1022480Z" duration="0.000049" asserts="0" />
                <test-case id="1-1522" name="IsFillComplete(PlayersWorlds.Maps.Maze.BinaryTreeMazeGenerator,Half,Manual,System.Collections.Generic.List`1[PlayersWorlds.Maps.Area])" fullname="PlayersWorlds.Maps.Maze.MazeGeneratorTest.IsFillComplete(PlayersWorlds.Maps.Maze.BinaryTreeMazeGenerator,Half,Manual,System.Collections.Generic.List`1[PlayersWorlds.Maps.Area])" methodname="IsFillComplete" classname="PlayersWorlds.Maps.Maze.MazeGeneratorTest" runstate="Runnable" seed="150325177" result="Skipped" label="Ignored" start-time="2024-06-07T14:44:56.1022530Z" end-time="2024-06-07T14:44:56.1023130Z" duration="0.000059" asserts="0" />
                <test-case id="1-1523" name="IsFillComplete(PlayersWorlds.Maps.Maze.BinaryTreeMazeGenerator,Half,Manual,System.Collections.Generic.List`1[PlayersWorlds.Maps.Area])" fullname="PlayersWorlds.Maps.Maze.MazeGeneratorTest.IsFillComplete(PlayersWorlds.Maps.Maze.BinaryTreeMazeGenerator,Half,Manual,System.Collections.Generic.List`1[PlayersWorlds.Maps.Area])" methodname="IsFillComplete" classname="PlayersWorlds.Maps.Maze.MazeGeneratorTest" runstate="Runnable" seed="492428598" result="Skipped" label="Ignored" start-time="2024-06-07T14:44:56.1023190Z" end-time="2024-06-07T14:44:56.1023710Z" duration="0.000053" asserts="0" />
                <test-case id="1-1524" name="IsFillComplete(PlayersWorlds.Maps.Maze.BinaryTreeMazeGenerator,Half,Manual,System.Collections.Generic.List`1[PlayersWorlds.Maps.Area])" fullname="PlayersWorlds.Maps.Maze.MazeGeneratorTest.IsFillComplete(PlayersWorlds.Maps.Maze.BinaryTreeMazeGenerator,Half,Manual,System.Collections.Generic.List`1[PlayersWorlds.Maps.Area])" methodname="IsFillComplete" classname="PlayersWorlds.Maps.Maze.MazeGeneratorTest" runstate="Runnable" seed="452475451" result="Skipped" label="Ignored" start-time="2024-06-07T14:44:56.1023770Z" end-time="2024-06-07T14:44:56.1024300Z" duration="0.000053" asserts="0" />
                <test-case id="1-1525" name="IsFillComplete(PlayersWorlds.Maps.Maze.BinaryTreeMazeGenerator,ThreeQuarters,Auto,null)" fullname="PlayersWorlds.Maps.Maze.MazeGeneratorTest.IsFillComplete(PlayersWorlds.Maps.Maze.BinaryTreeMazeGenerator,ThreeQuarters,Auto,null)" methodname="IsFillComplete" classname="PlayersWorlds.Maps.Maze.MazeGeneratorTest" runstate="Runnable" seed="588466477" result="Skipped" label="Ignored" start-time="2024-06-07T14:44:56.1024350Z" end-time="2024-06-07T14:44:56.1024860Z" duration="0.000051" asserts="0" />
                <test-case id="1-1526" name="IsFillComplete(PlayersWorlds.Maps.Maze.BinaryTreeMazeGenerator,ThreeQuarters,Auto,System.Collections.Generic.List`1[PlayersWorlds.Maps.Area])" fullname="PlayersWorlds.Maps.Maze.MazeGeneratorTest.IsFillComplete(PlayersWorlds.Maps.Maze.BinaryTreeMazeGenerator,ThreeQuarters,Auto,System.Collections.Generic.List`1[PlayersWorlds.Maps.Area])" methodname="IsFillComplete" classname="PlayersWorlds.Maps.Maze.MazeGeneratorTest" runstate="Runnable" seed="547683200" result="Skipped" label="Ignored" start-time="2024-06-07T14:44:56.1024910Z" end-time="2024-06-07T14:44:56.1025400Z" duration="0.000048" asserts="0" />
                <test-case id="1-1527" name="IsFillComplete(PlayersWorlds.Maps.Maze.BinaryTreeMazeGenerator,ThreeQuarters,Auto,System.Collections.Generic.List`1[PlayersWorlds.Maps.Area])" fullname="PlayersWorlds.Maps.Maze.MazeGeneratorTest.IsFillComplete(PlayersWorlds.Maps.Maze.BinaryTreeMazeGenerator,ThreeQuarters,Auto,System.Collections.Generic.List`1[PlayersWorlds.Maps.Area])" methodname="IsFillComplete" classname="PlayersWorlds.Maps.Maze.MazeGeneratorTest" runstate="Runnable" seed="989686206" result="Skipped" label="Ignored" start-time="2024-06-07T14:44:56.1025450Z" end-time="2024-06-07T14:44:56.1025920Z" duration="0.000048" asserts="0" />
                <test-case id="1-1528" name="IsFillComplete(PlayersWorlds.Maps.Maze.BinaryTreeMazeGenerator,ThreeQuarters,Auto,System.Collections.Generic.List`1[PlayersWorlds.Maps.Area])" fullname="PlayersWorlds.Maps.Maze.MazeGeneratorTest.IsFillComplete(PlayersWorlds.Maps.Maze.BinaryTreeMazeGenerator,ThreeQuarters,Auto,System.Collections.Generic.List`1[PlayersWorlds.Maps.Area])" methodname="IsFillComplete" classname="PlayersWorlds.Maps.Maze.MazeGeneratorTest" runstate="Runnable" seed="821229202" result="Skipped" label="Ignored" start-time="2024-06-07T14:44:56.1025970Z" end-time="2024-06-07T14:44:56.1026460Z" duration="0.000048" asserts="0" />
                <test-case id="1-1529" name="IsFillComplete(PlayersWorlds.Maps.Maze.BinaryTreeMazeGenerator,ThreeQuarters,Auto,System.Collections.Generic.List`1[PlayersWorlds.Maps.Area])" fullname="PlayersWorlds.Maps.Maze.MazeGeneratorTest.IsFillComplete(PlayersWorlds.Maps.Maze.BinaryTreeMazeGenerator,ThreeQuarters,Auto,System.Collections.Generic.List`1[PlayersWorlds.Maps.Area])" methodname="IsFillComplete" classname="PlayersWorlds.Maps.Maze.MazeGeneratorTest" runstate="Runnable" seed="1310124656" result="Skipped" label="Ignored" start-time="2024-06-07T14:44:56.1026510Z" end-time="2024-06-07T14:44:56.1026980Z" duration="0.000048" asserts="0" />
                <test-case id="1-1530" name="IsFillComplete(PlayersWorlds.Maps.Maze.BinaryTreeMazeGenerator,ThreeQuarters,Auto,System.Collections.Generic.List`1[PlayersWorlds.Maps.Area])" fullname="PlayersWorlds.Maps.Maze.MazeGeneratorTest.IsFillComplete(PlayersWorlds.Maps.Maze.BinaryTreeMazeGenerator,ThreeQuarters,Auto,System.Collections.Generic.List`1[PlayersWorlds.Maps.Area])" methodname="IsFillComplete" classname="PlayersWorlds.Maps.Maze.MazeGeneratorTest" runstate="Runnable" seed="1906173163" result="Skipped" label="Ignored" start-time="2024-06-07T14:44:56.1027040Z" end-time="2024-06-07T14:44:56.1027550Z" duration="0.000052" asserts="0" />
                <test-case id="1-1531" name="IsFillComplete(PlayersWorlds.Maps.Maze.BinaryTreeMazeGenerator,ThreeQuarters,Manual,null)" fullname="PlayersWorlds.Maps.Maze.MazeGeneratorTest.IsFillComplete(PlayersWorlds.Maps.Maze.BinaryTreeMazeGenerator,ThreeQuarters,Manual,null)" methodname="IsFillComplete" classname="PlayersWorlds.Maps.Maze.MazeGeneratorTest" runstate="Runnable" seed="2047790617" result="Skipped" label="Ignored" start-time="2024-06-07T14:44:56.1027600Z" end-time="2024-06-07T14:44:56.1028120Z" duration="0.000052" asserts="0" />
                <test-case id="1-1532" name="IsFillComplete(PlayersWorlds.Maps.Maze.BinaryTreeMazeGenerator,ThreeQuarters,Manual,System.Collections.Generic.List`1[PlayersWorlds.Maps.Area])" fullname="PlayersWorlds.Maps.Maze.MazeGeneratorTest.IsFillComplete(PlayersWorlds.Maps.Maze.BinaryTreeMazeGenerator,ThreeQuarters,Manual,System.Collections.Generic.List`1[PlayersWorlds.Maps.Area])" methodname="IsFillComplete" classname="PlayersWorlds.Maps.Maze.MazeGeneratorTest" runstate="Runnable" seed="680799096" result="Skipped" label="Ignored" start-time="2024-06-07T14:44:56.1028170Z" end-time="2024-06-07T14:44:56.1028650Z" duration="0.000048" asserts="0" />
                <test-case id="1-1533" name="IsFillComplete(PlayersWorlds.Maps.Maze.BinaryTreeMazeGenerator,ThreeQuarters,Manual,System.Collections.Generic.List`1[PlayersWorlds.Maps.Area])" fullname="PlayersWorlds.Maps.Maze.MazeGeneratorTest.IsFillComplete(PlayersWorlds.Maps.Maze.BinaryTreeMazeGenerator,ThreeQuarters,Manual,System.Collections.Generic.List`1[PlayersWorlds.Maps.Area])" methodname="IsFillComplete" classname="PlayersWorlds.Maps.Maze.MazeGeneratorTest" runstate="Runnable" seed="658316739" result="Skipped" label="Ignored" start-time="2024-06-07T14:44:56.1028700Z" end-time="2024-06-07T14:44:56.1029170Z" duration="0.000047" asserts="0" />
                <test-case id="1-1534" name="IsFillComplete(PlayersWorlds.Maps.Maze.BinaryTreeMazeGenerator,ThreeQuarters,Manual,System.Collections.Generic.List`1[PlayersWorlds.Maps.Area])" fullname="PlayersWorlds.Maps.Maze.MazeGeneratorTest.IsFillComplete(PlayersWorlds.Maps.Maze.BinaryTreeMazeGenerator,ThreeQuarters,Manual,System.Collections.Generic.List`1[PlayersWorlds.Maps.Area])" methodname="IsFillComplete" classname="PlayersWorlds.Maps.Maze.MazeGeneratorTest" runstate="Runnable" seed="1351702339" result="Skipped" label="Ignored" start-time="2024-06-07T14:44:56.1029220Z" end-time="2024-06-07T14:44:56.1029730Z" duration="0.000051" asserts="0" />
                <test-case id="1-1535" name="IsFillComplete(PlayersWorlds.Maps.Maze.BinaryTreeMazeGenerator,ThreeQuarters,Manual,System.Collections.Generic.List`1[PlayersWorlds.Maps.Area])" fullname="PlayersWorlds.Maps.Maze.MazeGeneratorTest.IsFillComplete(PlayersWorlds.Maps.Maze.BinaryTreeMazeGenerator,ThreeQuarters,Manual,System.Collections.Generic.List`1[PlayersWorlds.Maps.Area])" methodname="IsFillComplete" classname="PlayersWorlds.Maps.Maze.MazeGeneratorTest" runstate="Runnable" seed="2068137924" result="Skipped" label="Ignored" start-time="2024-06-07T14:44:56.1029780Z" end-time="2024-06-07T14:44:56.1030290Z" duration="0.000051" asserts="0" />
                <test-case id="1-1536" name="IsFillComplete(PlayersWorlds.Maps.Maze.BinaryTreeMazeGenerator,ThreeQuarters,Manual,System.Collections.Generic.List`1[PlayersWorlds.Maps.Area])" fullname="PlayersWorlds.Maps.Maze.MazeGeneratorTest.IsFillComplete(PlayersWorlds.Maps.Maze.BinaryTreeMazeGenerator,ThreeQuarters,Manual,System.Collections.Generic.List`1[PlayersWorlds.Maps.Area])" methodname="IsFillComplete" classname="PlayersWorlds.Maps.Maze.MazeGeneratorTest" runstate="Runnable" seed="2066655670" result="Skipped" label="Ignored" start-time="2024-06-07T14:44:56.1030340Z" end-time="2024-06-07T14:44:56.1030820Z" duration="0.000048" asserts="0" />
                <test-case id="1-1537" name="IsFillComplete(PlayersWorlds.Maps.Maze.BinaryTreeMazeGenerator,NinetyPercent,Auto,null)" fullname="PlayersWorlds.Maps.Maze.MazeGeneratorTest.IsFillComplete(PlayersWorlds.Maps.Maze.BinaryTreeMazeGenerator,NinetyPercent,Auto,null)" methodname="IsFillComplete" classname="PlayersWorlds.Maps.Maze.MazeGeneratorTest" runstate="Runnable" seed="1054762904" result="Skipped" label="Ignored" start-time="2024-06-07T14:44:56.1030870Z" end-time="2024-06-07T14:44:56.1031360Z" duration="0.000049" asserts="0" />
                <test-case id="1-1538" name="IsFillComplete(PlayersWorlds.Maps.Maze.BinaryTreeMazeGenerator,NinetyPercent,Auto,System.Collections.Generic.List`1[PlayersWorlds.Maps.Area])" fullname="PlayersWorlds.Maps.Maze.MazeGeneratorTest.IsFillComplete(PlayersWorlds.Maps.Maze.BinaryTreeMazeGenerator,NinetyPercent,Auto,System.Collections.Generic.List`1[PlayersWorlds.Maps.Area])" methodname="IsFillComplete" classname="PlayersWorlds.Maps.Maze.MazeGeneratorTest" runstate="Runnable" seed="1490971323" result="Skipped" label="Ignored" start-time="2024-06-07T14:44:56.1031410Z" end-time="2024-06-07T14:44:56.1031940Z" duration="0.000052" asserts="0" />
                <test-case id="1-1539" name="IsFillComplete(PlayersWorlds.Maps.Maze.BinaryTreeMazeGenerator,NinetyPercent,Auto,System.Collections.Generic.List`1[PlayersWorlds.Maps.Area])" fullname="PlayersWorlds.Maps.Maze.MazeGeneratorTest.IsFillComplete(PlayersWorlds.Maps.Maze.BinaryTreeMazeGenerator,NinetyPercent,Auto,System.Collections.Generic.List`1[PlayersWorlds.Maps.Area])" methodname="IsFillComplete" classname="PlayersWorlds.Maps.Maze.MazeGeneratorTest" runstate="Runnable" seed="1502198918" result="Skipped" label="Ignored" start-time="2024-06-07T14:44:56.1031990Z" end-time="2024-06-07T14:44:56.1032500Z" duration="0.000051" asserts="0" />
                <test-case id="1-1540" name="IsFillComplete(PlayersWorlds.Maps.Maze.BinaryTreeMazeGenerator,NinetyPercent,Auto,System.Collections.Generic.List`1[PlayersWorlds.Maps.Area])" fullname="PlayersWorlds.Maps.Maze.MazeGeneratorTest.IsFillComplete(PlayersWorlds.Maps.Maze.BinaryTreeMazeGenerator,NinetyPercent,Auto,System.Collections.Generic.List`1[PlayersWorlds.Maps.Area])" methodname="IsFillComplete" classname="PlayersWorlds.Maps.Maze.MazeGeneratorTest" runstate="Runnable" seed="993374922" result="Skipped" label="Ignored" start-time="2024-06-07T14:44:56.1032550Z" end-time="2024-06-07T14:44:56.1033020Z" duration="0.000047" asserts="0" />
                <test-case id="1-1541" name="IsFillComplete(PlayersWorlds.Maps.Maze.BinaryTreeMazeGenerator,NinetyPercent,Auto,System.Collections.Generic.List`1[PlayersWorlds.Maps.Area])" fullname="PlayersWorlds.Maps.Maze.MazeGeneratorTest.IsFillComplete(PlayersWorlds.Maps.Maze.BinaryTreeMazeGenerator,NinetyPercent,Auto,System.Collections.Generic.List`1[PlayersWorlds.Maps.Area])" methodname="IsFillComplete" classname="PlayersWorlds.Maps.Maze.MazeGeneratorTest" runstate="Runnable" seed="1405774738" result="Skipped" label="Ignored" start-time="2024-06-07T14:44:56.1033070Z" end-time="2024-06-07T14:44:56.1033560Z" duration="0.000049" asserts="0" />
                <test-case id="1-1542" name="IsFillComplete(PlayersWorlds.Maps.Maze.BinaryTreeMazeGenerator,NinetyPercent,Auto,System.Collections.Generic.List`1[PlayersWorlds.Maps.Area])" fullname="PlayersWorlds.Maps.Maze.MazeGeneratorTest.IsFillComplete(PlayersWorlds.Maps.Maze.BinaryTreeMazeGenerator,NinetyPercent,Auto,System.Collections.Generic.List`1[PlayersWorlds.Maps.Area])" methodname="IsFillComplete" classname="PlayersWorlds.Maps.Maze.MazeGeneratorTest" runstate="Runnable" seed="1806351810" result="Skipped" label="Ignored" start-time="2024-06-07T14:44:56.1033610Z" end-time="2024-06-07T14:44:56.1034130Z" duration="0.000052" asserts="0" />
                <test-case id="1-1543" name="IsFillComplete(PlayersWorlds.Maps.Maze.BinaryTreeMazeGenerator,NinetyPercent,Manual,null)" fullname="PlayersWorlds.Maps.Maze.MazeGeneratorTest.IsFillComplete(PlayersWorlds.Maps.Maze.BinaryTreeMazeGenerator,NinetyPercent,Manual,null)" methodname="IsFillComplete" classname="PlayersWorlds.Maps.Maze.MazeGeneratorTest" runstate="Runnable" seed="765786387" result="Skipped" label="Ignored" start-time="2024-06-07T14:44:56.1034180Z" end-time="2024-06-07T14:44:56.1034690Z" duration="0.000051" asserts="0" />
                <test-case id="1-1544" name="IsFillComplete(PlayersWorlds.Maps.Maze.BinaryTreeMazeGenerator,NinetyPercent,Manual,System.Collections.Generic.List`1[PlayersWorlds.Maps.Area])" fullname="PlayersWorlds.Maps.Maze.MazeGeneratorTest.IsFillComplete(PlayersWorlds.Maps.Maze.BinaryTreeMazeGenerator,NinetyPercent,Manual,System.Collections.Generic.List`1[PlayersWorlds.Maps.Area])" methodname="IsFillComplete" classname="PlayersWorlds.Maps.Maze.MazeGeneratorTest" runstate="Runnable" seed="421739390" result="Skipped" label="Ignored" start-time="2024-06-07T14:44:56.1034740Z" end-time="2024-06-07T14:44:56.1035210Z" duration="0.000047" asserts="0" />
                <test-case id="1-1545" name="IsFillComplete(PlayersWorlds.Maps.Maze.BinaryTreeMazeGenerator,NinetyPercent,Manual,System.Collections.Generic.List`1[PlayersWorlds.Maps.Area])" fullname="PlayersWorlds.Maps.Maze.MazeGeneratorTest.IsFillComplete(PlayersWorlds.Maps.Maze.BinaryTreeMazeGenerator,NinetyPercent,Manual,System.Collections.Generic.List`1[PlayersWorlds.Maps.Area])" methodname="IsFillComplete" classname="PlayersWorlds.Maps.Maze.MazeGeneratorTest" runstate="Runnable" seed="2020931627" result="Skipped" label="Ignored" start-time="2024-06-07T14:44:56.1035260Z" end-time="2024-06-07T14:44:56.1035760Z" duration="0.000050" asserts="0" />
                <test-case id="1-1546" name="IsFillComplete(PlayersWorlds.Maps.Maze.BinaryTreeMazeGenerator,NinetyPercent,Manual,System.Collections.Generic.List`1[PlayersWorlds.Maps.Area])" fullname="PlayersWorlds.Maps.Maze.MazeGeneratorTest.IsFillComplete(PlayersWorlds.Maps.Maze.BinaryTreeMazeGenerator,NinetyPercent,Manual,System.Collections.Generic.List`1[PlayersWorlds.Maps.Area])" methodname="IsFillComplete" classname="PlayersWorlds.Maps.Maze.MazeGeneratorTest" runstate="Runnable" seed="626017819" result="Skipped" label="Ignored" start-time="2024-06-07T14:44:56.1035810Z" end-time="2024-06-07T14:44:56.1036320Z" duration="0.000051" asserts="0" />
                <test-case id="1-1547" name="IsFillComplete(PlayersWorlds.Maps.Maze.BinaryTreeMazeGenerator,NinetyPercent,Manual,System.Collections.Generic.List`1[PlayersWorlds.Maps.Area])" fullname="PlayersWorlds.Maps.Maze.MazeGeneratorTest.IsFillComplete(PlayersWorlds.Maps.Maze.BinaryTreeMazeGenerator,NinetyPercent,Manual,System.Collections.Generic.List`1[PlayersWorlds.Maps.Area])" methodname="IsFillComplete" classname="PlayersWorlds.Maps.Maze.MazeGeneratorTest" runstate="Runnable" seed="1352420839" result="Skipped" label="Ignored" start-time="2024-06-07T14:44:56.1036380Z" end-time="2024-06-07T14:44:56.1036870Z" duration="0.000049" asserts="0" />
                <test-case id="1-1548" name="IsFillComplete(PlayersWorlds.Maps.Maze.BinaryTreeMazeGenerator,NinetyPercent,Manual,System.Collections.Generic.List`1[PlayersWorlds.Maps.Area])" fullname="PlayersWorlds.Maps.Maze.MazeGeneratorTest.IsFillComplete(PlayersWorlds.Maps.Maze.BinaryTreeMazeGenerator,NinetyPercent,Manual,System.Collections.Generic.List`1[PlayersWorlds.Maps.Area])" methodname="IsFillComplete" classname="PlayersWorlds.Maps.Maze.MazeGeneratorTest" runstate="Runnable" seed="431984071" result="Skipped" label="Ignored" start-time="2024-06-07T14:44:56.1036920Z" end-time="2024-06-07T14:44:56.1037390Z" duration="0.000047" asserts="0" />
                <test-case id="1-1549" name="IsFillComplete(PlayersWorlds.Maps.Maze.BinaryTreeMazeGenerator,FullWidth,Auto,null)" fullname="PlayersWorlds.Maps.Maze.MazeGeneratorTest.IsFillComplete(PlayersWorlds.Maps.Maze.BinaryTreeMazeGenerator,FullWidth,Auto,null)" methodname="IsFillComplete" classname="PlayersWorlds.Maps.Maze.MazeGeneratorTest" runstate="Runnable" seed="2146587885" result="Skipped" label="Ignored" start-time="2024-06-07T14:44:56.1037440Z" end-time="2024-06-07T14:44:56.1037950Z" duration="0.000051" asserts="0" />
                <test-case id="1-1550" name="IsFillComplete(PlayersWorlds.Maps.Maze.BinaryTreeMazeGenerator,FullWidth,Auto,System.Collections.Generic.List`1[PlayersWorlds.Maps.Area])" fullname="PlayersWorlds.Maps.Maze.MazeGeneratorTest.IsFillComplete(PlayersWorlds.Maps.Maze.BinaryTreeMazeGenerator,FullWidth,Auto,System.Collections.Generic.List`1[PlayersWorlds.Maps.Area])" methodname="IsFillComplete" classname="PlayersWorlds.Maps.Maze.MazeGeneratorTest" runstate="Runnable" seed="1607814449" result="Skipped" label="Ignored" start-time="2024-06-07T14:44:56.1038000Z" end-time="2024-06-07T14:44:56.1038530Z" duration="0.000053" asserts="0" />
                <test-case id="1-1551" name="IsFillComplete(PlayersWorlds.Maps.Maze.BinaryTreeMazeGenerator,FullWidth,Auto,System.Collections.Generic.List`1[PlayersWorlds.Maps.Area])" fullname="PlayersWorlds.Maps.Maze.MazeGeneratorTest.IsFillComplete(PlayersWorlds.Maps.Maze.BinaryTreeMazeGenerator,FullWidth,Auto,System.Collections.Generic.List`1[PlayersWorlds.Maps.Area])" methodname="IsFillComplete" classname="PlayersWorlds.Maps.Maze.MazeGeneratorTest" runstate="Runnable" seed="2018457827" result="Skipped" label="Ignored" start-time="2024-06-07T14:44:56.1038590Z" end-time="2024-06-07T14:44:56.1039080Z" duration="0.000049" asserts="0" />
                <test-case id="1-1552" name="IsFillComplete(PlayersWorlds.Maps.Maze.BinaryTreeMazeGenerator,FullWidth,Auto,System.Collections.Generic.List`1[PlayersWorlds.Maps.Area])" fullname="PlayersWorlds.Maps.Maze.MazeGeneratorTest.IsFillComplete(PlayersWorlds.Maps.Maze.BinaryTreeMazeGenerator,FullWidth,Auto,System.Collections.Generic.List`1[PlayersWorlds.Maps.Area])" methodname="IsFillComplete" classname="PlayersWorlds.Maps.Maze.MazeGeneratorTest" runstate="Runnable" seed="510846470" result="Skipped" label="Ignored" start-time="2024-06-07T14:44:56.1039130Z" end-time="2024-06-07T14:44:56.1039610Z" duration="0.000049" asserts="0" />
                <test-case id="1-1553" name="IsFillComplete(PlayersWorlds.Maps.Maze.BinaryTreeMazeGenerator,FullWidth,Auto,System.Collections.Generic.List`1[PlayersWorlds.Maps.Area])" fullname="PlayersWorlds.Maps.Maze.MazeGeneratorTest.IsFillComplete(PlayersWorlds.Maps.Maze.BinaryTreeMazeGenerator,FullWidth,Auto,System.Collections.Generic.List`1[PlayersWorlds.Maps.Area])" methodname="IsFillComplete" classname="PlayersWorlds.Maps.Maze.MazeGeneratorTest" runstate="Runnable" seed="713204732" result="Skipped" label="Ignored" start-time="2024-06-07T14:44:56.1039660Z" end-time="2024-06-07T14:44:56.1040180Z" duration="0.000052" asserts="0" />
                <test-case id="1-1554" name="IsFillComplete(PlayersWorlds.Maps.Maze.BinaryTreeMazeGenerator,FullWidth,Auto,System.Collections.Generic.List`1[PlayersWorlds.Maps.Area])" fullname="PlayersWorlds.Maps.Maze.MazeGeneratorTest.IsFillComplete(PlayersWorlds.Maps.Maze.BinaryTreeMazeGenerator,FullWidth,Auto,System.Collections.Generic.List`1[PlayersWorlds.Maps.Area])" methodname="IsFillComplete" classname="PlayersWorlds.Maps.Maze.MazeGeneratorTest" runstate="Runnable" seed="1622312155" result="Skipped" label="Ignored" start-time="2024-06-07T14:44:56.1040240Z" end-time="2024-06-07T14:44:56.1040760Z" duration="0.000052" asserts="0" />
                <test-case id="1-1555" name="IsFillComplete(PlayersWorlds.Maps.Maze.BinaryTreeMazeGenerator,FullWidth,Manual,null)" fullname="PlayersWorlds.Maps.Maze.MazeGeneratorTest.IsFillComplete(PlayersWorlds.Maps.Maze.BinaryTreeMazeGenerator,FullWidth,Manual,null)" methodname="IsFillComplete" classname="PlayersWorlds.Maps.Maze.MazeGeneratorTest" runstate="Runnable" seed="191512557" result="Skipped" label="Ignored" start-time="2024-06-07T14:44:56.1040810Z" end-time="2024-06-07T14:44:56.1041280Z" duration="0.000048" asserts="0" />
                <test-case id="1-1556" name="IsFillComplete(PlayersWorlds.Maps.Maze.BinaryTreeMazeGenerator,FullWidth,Manual,System.Collections.Generic.List`1[PlayersWorlds.Maps.Area])" fullname="PlayersWorlds.Maps.Maze.MazeGeneratorTest.IsFillComplete(PlayersWorlds.Maps.Maze.BinaryTreeMazeGenerator,FullWidth,Manual,System.Collections.Generic.List`1[PlayersWorlds.Maps.Area])" methodname="IsFillComplete" classname="PlayersWorlds.Maps.Maze.MazeGeneratorTest" runstate="Runnable" seed="1473659584" result="Skipped" label="Ignored" start-time="2024-06-07T14:44:56.1041330Z" end-time="2024-06-07T14:44:56.1041830Z" duration="0.000049" asserts="0" />
                <test-case id="1-1557" name="IsFillComplete(PlayersWorlds.Maps.Maze.BinaryTreeMazeGenerator,FullWidth,Manual,System.Collections.Generic.List`1[PlayersWorlds.Maps.Area])" fullname="PlayersWorlds.Maps.Maze.MazeGeneratorTest.IsFillComplete(PlayersWorlds.Maps.Maze.BinaryTreeMazeGenerator,FullWidth,Manual,System.Collections.Generic.List`1[PlayersWorlds.Maps.Area])" methodname="IsFillComplete" classname="PlayersWorlds.Maps.Maze.MazeGeneratorTest" runstate="Runnable" seed="485773443" result="Skipped" label="Ignored" start-time="2024-06-07T14:44:56.1041880Z" end-time="2024-06-07T14:44:56.1042380Z" duration="0.000050" asserts="0" />
                <test-case id="1-1558" name="IsFillComplete(PlayersWorlds.Maps.Maze.BinaryTreeMazeGenerator,FullWidth,Manual,System.Collections.Generic.List`1[PlayersWorlds.Maps.Area])" fullname="PlayersWorlds.Maps.Maze.MazeGeneratorTest.IsFillComplete(PlayersWorlds.Maps.Maze.BinaryTreeMazeGenerator,FullWidth,Manual,System.Collections.Generic.List`1[PlayersWorlds.Maps.Area])" methodname="IsFillComplete" classname="PlayersWorlds.Maps.Maze.MazeGeneratorTest" runstate="Runnable" seed="1030293266" result="Skipped" label="Ignored" start-time="2024-06-07T14:44:56.1042430Z" end-time="2024-06-07T14:44:56.1042940Z" duration="0.000051" asserts="0" />
                <test-case id="1-1559" name="IsFillComplete(PlayersWorlds.Maps.Maze.BinaryTreeMazeGenerator,FullWidth,Manual,System.Collections.Generic.List`1[PlayersWorlds.Maps.Area])" fullname="PlayersWorlds.Maps.Maze.MazeGeneratorTest.IsFillComplete(PlayersWorlds.Maps.Maze.BinaryTreeMazeGenerator,FullWidth,Manual,System.Collections.Generic.List`1[PlayersWorlds.Maps.Area])" methodname="IsFillComplete" classname="PlayersWorlds.Maps.Maze.MazeGeneratorTest" runstate="Runnable" seed="1650001555" result="Skipped" label="Ignored" start-time="2024-06-07T14:44:56.1042990Z" end-time="2024-06-07T14:44:56.1043530Z" duration="0.000054" asserts="0" />
                <test-case id="1-1560" name="IsFillComplete(PlayersWorlds.Maps.Maze.BinaryTreeMazeGenerator,FullWidth,Manual,System.Collections.Generic.List`1[PlayersWorlds.Maps.Area])" fullname="PlayersWorlds.Maps.Maze.MazeGeneratorTest.IsFillComplete(PlayersWorlds.Maps.Maze.BinaryTreeMazeGenerator,FullWidth,Manual,System.Collections.Generic.List`1[PlayersWorlds.Maps.Area])" methodname="IsFillComplete" classname="PlayersWorlds.Maps.Maze.MazeGeneratorTest" runstate="Runnable" seed="315852589" result="Skipped" label="Ignored" start-time="2024-06-07T14:44:56.1043580Z" end-time="2024-06-07T14:44:56.1044070Z" duration="0.000049" asserts="0" />
                <test-case id="1-1561" name="IsFillComplete(PlayersWorlds.Maps.Maze.BinaryTreeMazeGenerator,FullHeight,Auto,null)" fullname="PlayersWorlds.Maps.Maze.MazeGeneratorTest.IsFillComplete(PlayersWorlds.Maps.Maze.BinaryTreeMazeGenerator,FullHeight,Auto,null)" methodname="IsFillComplete" classname="PlayersWorlds.Maps.Maze.MazeGeneratorTest" runstate="Runnable" seed="682677593" result="Skipped" label="Ignored" start-time="2024-06-07T14:44:56.1044120Z" end-time="2024-06-07T14:44:56.1044620Z" duration="0.000050" asserts="0" />
                <test-case id="1-1562" name="IsFillComplete(PlayersWorlds.Maps.Maze.BinaryTreeMazeGenerator,FullHeight,Auto,System.Collections.Generic.List`1[PlayersWorlds.Maps.Area])" fullname="PlayersWorlds.Maps.Maze.MazeGeneratorTest.IsFillComplete(PlayersWorlds.Maps.Maze.BinaryTreeMazeGenerator,FullHeight,Auto,System.Collections.Generic.List`1[PlayersWorlds.Maps.Area])" methodname="IsFillComplete" classname="PlayersWorlds.Maps.Maze.MazeGeneratorTest" runstate="Runnable" seed="919964786" result="Skipped" label="Ignored" start-time="2024-06-07T14:44:56.1044670Z" end-time="2024-06-07T14:44:56.1045170Z" duration="0.000051" asserts="0" />
                <test-case id="1-1563" name="IsFillComplete(PlayersWorlds.Maps.Maze.BinaryTreeMazeGenerator,FullHeight,Auto,System.Collections.Generic.List`1[PlayersWorlds.Maps.Area])" fullname="PlayersWorlds.Maps.Maze.MazeGeneratorTest.IsFillComplete(PlayersWorlds.Maps.Maze.BinaryTreeMazeGenerator,FullHeight,Auto,System.Collections.Generic.List`1[PlayersWorlds.Maps.Area])" methodname="IsFillComplete" classname="PlayersWorlds.Maps.Maze.MazeGeneratorTest" runstate="Runnable" seed="2024929994" result="Skipped" label="Ignored" start-time="2024-06-07T14:44:56.1045220Z" end-time="2024-06-07T14:44:56.1045730Z" duration="0.000050" asserts="0" />
                <test-case id="1-1564" name="IsFillComplete(PlayersWorlds.Maps.Maze.BinaryTreeMazeGenerator,FullHeight,Auto,System.Collections.Generic.List`1[PlayersWorlds.Maps.Area])" fullname="PlayersWorlds.Maps.Maze.MazeGeneratorTest.IsFillComplete(PlayersWorlds.Maps.Maze.BinaryTreeMazeGenerator,FullHeight,Auto,System.Collections.Generic.List`1[PlayersWorlds.Maps.Area])" methodname="IsFillComplete" classname="PlayersWorlds.Maps.Maze.MazeGeneratorTest" runstate="Runnable" seed="1635686958" result="Skipped" label="Ignored" start-time="2024-06-07T14:44:56.1045780Z" end-time="2024-06-07T14:44:56.1046270Z" duration="0.000049" asserts="0" />
                <test-case id="1-1565" name="IsFillComplete(PlayersWorlds.Maps.Maze.BinaryTreeMazeGenerator,FullHeight,Auto,System.Collections.Generic.List`1[PlayersWorlds.Maps.Area])" fullname="PlayersWorlds.Maps.Maze.MazeGeneratorTest.IsFillComplete(PlayersWorlds.Maps.Maze.BinaryTreeMazeGenerator,FullHeight,Auto,System.Collections.Generic.List`1[PlayersWorlds.Maps.Area])" methodname="IsFillComplete" classname="PlayersWorlds.Maps.Maze.MazeGeneratorTest" runstate="Runnable" seed="733964248" result="Skipped" label="Ignored" start-time="2024-06-07T14:44:56.1046320Z" end-time="2024-06-07T14:44:56.1046790Z" duration="0.000047" asserts="0" />
                <test-case id="1-1566" name="IsFillComplete(PlayersWorlds.Maps.Maze.BinaryTreeMazeGenerator,FullHeight,Auto,System.Collections.Generic.List`1[PlayersWorlds.Maps.Area])" fullname="PlayersWorlds.Maps.Maze.MazeGeneratorTest.IsFillComplete(PlayersWorlds.Maps.Maze.BinaryTreeMazeGenerator,FullHeight,Auto,System.Collections.Generic.List`1[PlayersWorlds.Maps.Area])" methodname="IsFillComplete" classname="PlayersWorlds.Maps.Maze.MazeGeneratorTest" runstate="Runnable" seed="1085801604" result="Skipped" label="Ignored" start-time="2024-06-07T14:44:56.1046840Z" end-time="2024-06-07T14:44:56.1047370Z" duration="0.000052" asserts="0" />
                <test-case id="1-1567" name="IsFillComplete(PlayersWorlds.Maps.Maze.BinaryTreeMazeGenerator,FullHeight,Manual,null)" fullname="PlayersWorlds.Maps.Maze.MazeGeneratorTest.IsFillComplete(PlayersWorlds.Maps.Maze.BinaryTreeMazeGenerator,FullHeight,Manual,null)" methodname="IsFillComplete" classname="PlayersWorlds.Maps.Maze.MazeGeneratorTest" runstate="Runnable" seed="2043896966" result="Skipped" label="Ignored" start-time="2024-06-07T14:44:56.1047420Z" end-time="2024-06-07T14:44:56.1047930Z" duration="0.000051" asserts="0" />
                <test-case id="1-1568" name="IsFillComplete(PlayersWorlds.Maps.Maze.BinaryTreeMazeGenerator,FullHeight,Manual,System.Collections.Generic.List`1[PlayersWorlds.Maps.Area])" fullname="PlayersWorlds.Maps.Maze.MazeGeneratorTest.IsFillComplete(PlayersWorlds.Maps.Maze.BinaryTreeMazeGenerator,FullHeight,Manual,System.Collections.Generic.List`1[PlayersWorlds.Maps.Area])" methodname="IsFillComplete" classname="PlayersWorlds.Maps.Maze.MazeGeneratorTest" runstate="Runnable" seed="1038315606" result="Skipped" label="Ignored" start-time="2024-06-07T14:44:56.1047980Z" end-time="2024-06-07T14:44:56.1048460Z" duration="0.000048" asserts="0" />
                <test-case id="1-1569" name="IsFillComplete(PlayersWorlds.Maps.Maze.BinaryTreeMazeGenerator,FullHeight,Manual,System.Collections.Generic.List`1[PlayersWorlds.Maps.Area])" fullname="PlayersWorlds.Maps.Maze.MazeGeneratorTest.IsFillComplete(PlayersWorlds.Maps.Maze.BinaryTreeMazeGenerator,FullHeight,Manual,System.Collections.Generic.List`1[PlayersWorlds.Maps.Area])" methodname="IsFillComplete" classname="PlayersWorlds.Maps.Maze.MazeGeneratorTest" runstate="Runnable" seed="1945317263" result="Skipped" label="Ignored" start-time="2024-06-07T14:44:56.1048510Z" end-time="2024-06-07T14:44:56.1048990Z" duration="0.000048" asserts="0" />
                <test-case id="1-1570" name="IsFillComplete(PlayersWorlds.Maps.Maze.BinaryTreeMazeGenerator,FullHeight,Manual,System.Collections.Generic.List`1[PlayersWorlds.Maps.Area])" fullname="PlayersWorlds.Maps.Maze.MazeGeneratorTest.IsFillComplete(PlayersWorlds.Maps.Maze.BinaryTreeMazeGenerator,FullHeight,Manual,System.Collections.Generic.List`1[PlayersWorlds.Maps.Area])" methodname="IsFillComplete" classname="PlayersWorlds.Maps.Maze.MazeGeneratorTest" runstate="Runnable" seed="478936897" result="Skipped" label="Ignored" start-time="2024-06-07T14:44:56.1049050Z" end-time="2024-06-07T14:44:56.1049560Z" duration="0.000051" asserts="0" />
                <test-case id="1-1571" name="IsFillComplete(PlayersWorlds.Maps.Maze.BinaryTreeMazeGenerator,FullHeight,Manual,System.Collections.Generic.List`1[PlayersWorlds.Maps.Area])" fullname="PlayersWorlds.Maps.Maze.MazeGeneratorTest.IsFillComplete(PlayersWorlds.Maps.Maze.BinaryTreeMazeGenerator,FullHeight,Manual,System.Collections.Generic.List`1[PlayersWorlds.Maps.Area])" methodname="IsFillComplete" classname="PlayersWorlds.Maps.Maze.MazeGeneratorTest" runstate="Runnable" seed="469632594" result="Skipped" label="Ignored" start-time="2024-06-07T14:44:56.1049610Z" end-time="2024-06-07T14:44:56.1050130Z" duration="0.000052" asserts="0" />
                <test-case id="1-1572" name="IsFillComplete(PlayersWorlds.Maps.Maze.BinaryTreeMazeGenerator,FullHeight,Manual,System.Collections.Generic.List`1[PlayersWorlds.Maps.Area])" fullname="PlayersWorlds.Maps.Maze.MazeGeneratorTest.IsFillComplete(PlayersWorlds.Maps.Maze.BinaryTreeMazeGenerator,FullHeight,Manual,System.Collections.Generic.List`1[PlayersWorlds.Maps.Area])" methodname="IsFillComplete" classname="PlayersWorlds.Maps.Maze.MazeGeneratorTest" runstate="Runnable" seed="1267732805" result="Skipped" label="Ignored" start-time="2024-06-07T14:44:56.1050190Z" end-time="2024-06-07T14:44:56.1050680Z" duration="0.000049" asserts="0" />
                <test-case id="1-1573" name="IsFillComplete(PlayersWorlds.Maps.Maze.BinaryTreeMazeGenerator,Full,Auto,null)" fullname="PlayersWorlds.Maps.Maze.MazeGeneratorTest.IsFillComplete(PlayersWorlds.Maps.Maze.BinaryTreeMazeGenerator,Full,Auto,null)" methodname="IsFillComplete" classname="PlayersWorlds.Maps.Maze.MazeGeneratorTest" runstate="Runnable" seed="1002390269" result="Passed" start-time="2024-06-07T14:44:56.1050730Z" end-time="2024-06-07T14:44:56.1360360Z" duration="0.030963" asserts="5" />
                <test-case id="1-1574" name="IsFillComplete(PlayersWorlds.Maps.Maze.BinaryTreeMazeGenerator,Full,Auto,System.Collections.Generic.List`1[PlayersWorlds.Maps.Area])" fullname="PlayersWorlds.Maps.Maze.MazeGeneratorTest.IsFillComplete(PlayersWorlds.Maps.Maze.BinaryTreeMazeGenerator,Full,Auto,System.Collections.Generic.List`1[PlayersWorlds.Maps.Area])" methodname="IsFillComplete" classname="PlayersWorlds.Maps.Maze.MazeGeneratorTest" runstate="Runnable" seed="1139334691" result="Passed" start-time="2024-06-07T14:44:56.1360440Z" end-time="2024-06-07T14:44:56.1488540Z" duration="0.012810" asserts="5" />
                <test-case id="1-1575" name="IsFillComplete(PlayersWorlds.Maps.Maze.BinaryTreeMazeGenerator,Full,Auto,System.Collections.Generic.List`1[PlayersWorlds.Maps.Area])" fullname="PlayersWorlds.Maps.Maze.MazeGeneratorTest.IsFillComplete(PlayersWorlds.Maps.Maze.BinaryTreeMazeGenerator,Full,Auto,System.Collections.Generic.List`1[PlayersWorlds.Maps.Area])" methodname="IsFillComplete" classname="PlayersWorlds.Maps.Maze.MazeGeneratorTest" runstate="Runnable" seed="839618845" result="Passed" start-time="2024-06-07T14:44:56.1488660Z" end-time="2024-06-07T14:44:56.1894600Z" duration="0.040594" asserts="5" />
                <test-case id="1-1576" name="IsFillComplete(PlayersWorlds.Maps.Maze.BinaryTreeMazeGenerator,Full,Auto,System.Collections.Generic.List`1[PlayersWorlds.Maps.Area])" fullname="PlayersWorlds.Maps.Maze.MazeGeneratorTest.IsFillComplete(PlayersWorlds.Maps.Maze.BinaryTreeMazeGenerator,Full,Auto,System.Collections.Generic.List`1[PlayersWorlds.Maps.Area])" methodname="IsFillComplete" classname="PlayersWorlds.Maps.Maze.MazeGeneratorTest" runstate="Runnable" seed="2092597340" result="Passed" start-time="2024-06-07T14:44:56.1894710Z" end-time="2024-06-07T14:44:56.2181060Z" duration="0.028635" asserts="5" />
                <test-case id="1-1577" name="IsFillComplete(PlayersWorlds.Maps.Maze.BinaryTreeMazeGenerator,Full,Auto,System.Collections.Generic.List`1[PlayersWorlds.Maps.Area])" fullname="PlayersWorlds.Maps.Maze.MazeGeneratorTest.IsFillComplete(PlayersWorlds.Maps.Maze.BinaryTreeMazeGenerator,Full,Auto,System.Collections.Generic.List`1[PlayersWorlds.Maps.Area])" methodname="IsFillComplete" classname="PlayersWorlds.Maps.Maze.MazeGeneratorTest" runstate="Runnable" seed="1532022437" result="Passed" start-time="2024-06-07T14:44:56.2181170Z" end-time="2024-06-07T14:44:56.2412320Z" duration="0.023115" asserts="5" />
                <test-case id="1-1578" name="IsFillComplete(PlayersWorlds.Maps.Maze.BinaryTreeMazeGenerator,Full,Auto,System.Collections.Generic.List`1[PlayersWorlds.Maps.Area])" fullname="PlayersWorlds.Maps.Maze.MazeGeneratorTest.IsFillComplete(PlayersWorlds.Maps.Maze.BinaryTreeMazeGenerator,Full,Auto,System.Collections.Generic.List`1[PlayersWorlds.Maps.Area])" methodname="IsFillComplete" classname="PlayersWorlds.Maps.Maze.MazeGeneratorTest" runstate="Runnable" seed="70689208" result="Passed" start-time="2024-06-07T14:44:56.2412430Z" end-time="2024-06-07T14:44:56.2746370Z" duration="0.033394" asserts="5" />
                <test-case id="1-1579" name="IsFillComplete(PlayersWorlds.Maps.Maze.BinaryTreeMazeGenerator,Full,Manual,null)" fullname="PlayersWorlds.Maps.Maze.MazeGeneratorTest.IsFillComplete(PlayersWorlds.Maps.Maze.BinaryTreeMazeGenerator,Full,Manual,null)" methodname="IsFillComplete" classname="PlayersWorlds.Maps.Maze.MazeGeneratorTest" runstate="Runnable" seed="579027471" result="Passed" start-time="2024-06-07T14:44:56.2746480Z" end-time="2024-06-07T14:44:56.2928150Z" duration="0.018167" asserts="5" />
                <test-case id="1-1580" name="IsFillComplete(PlayersWorlds.Maps.Maze.BinaryTreeMazeGenerator,Full,Manual,System.Collections.Generic.List`1[PlayersWorlds.Maps.Area])" fullname="PlayersWorlds.Maps.Maze.MazeGeneratorTest.IsFillComplete(PlayersWorlds.Maps.Maze.BinaryTreeMazeGenerator,Full,Manual,System.Collections.Generic.List`1[PlayersWorlds.Maps.Area])" methodname="IsFillComplete" classname="PlayersWorlds.Maps.Maze.MazeGeneratorTest" runstate="Runnable" seed="2109932305" result="Passed" start-time="2024-06-07T14:44:56.2928260Z" end-time="2024-06-07T14:44:56.3109700Z" duration="0.018145" asserts="5" />
                <test-case id="1-1581" name="IsFillComplete(PlayersWorlds.Maps.Maze.BinaryTreeMazeGenerator,Full,Manual,System.Collections.Generic.List`1[PlayersWorlds.Maps.Area])" fullname="PlayersWorlds.Maps.Maze.MazeGeneratorTest.IsFillComplete(PlayersWorlds.Maps.Maze.BinaryTreeMazeGenerator,Full,Manual,System.Collections.Generic.List`1[PlayersWorlds.Maps.Area])" methodname="IsFillComplete" classname="PlayersWorlds.Maps.Maze.MazeGeneratorTest" runstate="Runnable" seed="1342746008" result="Passed" start-time="2024-06-07T14:44:56.3109810Z" end-time="2024-06-07T14:44:56.3286940Z" duration="0.017714" asserts="5" />
                <test-case id="1-1582" name="IsFillComplete(PlayersWorlds.Maps.Maze.BinaryTreeMazeGenerator,Full,Manual,System.Collections.Generic.List`1[PlayersWorlds.Maps.Area])" fullname="PlayersWorlds.Maps.Maze.MazeGeneratorTest.IsFillComplete(PlayersWorlds.Maps.Maze.BinaryTreeMazeGenerator,Full,Manual,System.Collections.Generic.List`1[PlayersWorlds.Maps.Area])" methodname="IsFillComplete" classname="PlayersWorlds.Maps.Maze.MazeGeneratorTest" runstate="Runnable" seed="557702135" result="Passed" start-time="2024-06-07T14:44:56.3287050Z" end-time="2024-06-07T14:44:56.3467570Z" duration="0.018051" asserts="5" />
                <test-case id="1-1583" name="IsFillComplete(PlayersWorlds.Maps.Maze.BinaryTreeMazeGenerator,Full,Manual,System.Collections.Generic.List`1[PlayersWorlds.Maps.Area])" fullname="PlayersWorlds.Maps.Maze.MazeGeneratorTest.IsFillComplete(PlayersWorlds.Maps.Maze.BinaryTreeMazeGenerator,Full,Manual,System.Collections.Generic.List`1[PlayersWorlds.Maps.Area])" methodname="IsFillComplete" classname="PlayersWorlds.Maps.Maze.MazeGeneratorTest" runstate="Runnable" seed="822124964" result="Passed" start-time="2024-06-07T14:44:56.3467680Z" end-time="2024-06-07T14:44:56.3683430Z" duration="0.021575" asserts="5" />
                <test-case id="1-1584" name="IsFillComplete(PlayersWorlds.Maps.Maze.BinaryTreeMazeGenerator,Full,Manual,System.Collections.Generic.List`1[PlayersWorlds.Maps.Area])" fullname="PlayersWorlds.Maps.Maze.MazeGeneratorTest.IsFillComplete(PlayersWorlds.Maps.Maze.BinaryTreeMazeGenerator,Full,Manual,System.Collections.Generic.List`1[PlayersWorlds.Maps.Area])" methodname="IsFillComplete" classname="PlayersWorlds.Maps.Maze.MazeGeneratorTest" runstate="Runnable" seed="1849793854" result="Passed" start-time="2024-06-07T14:44:56.3683540Z" end-time="2024-06-07T14:44:56.3918130Z" duration="0.023459" asserts="5" />
                <test-case id="1-1585" name="IsFillComplete(PlayersWorlds.Maps.Maze.HuntAndKillMazeGenerator,Quarter,Auto,null)" fullname="PlayersWorlds.Maps.Maze.MazeGeneratorTest.IsFillComplete(PlayersWorlds.Maps.Maze.HuntAndKillMazeGenerator,Quarter,Auto,null)" methodname="IsFillComplete" classname="PlayersWorlds.Maps.Maze.MazeGeneratorTest" runstate="Runnable" seed="2035198983" result="Passed" start-time="2024-06-07T14:44:56.3918240Z" end-time="2024-06-07T14:44:56.4080830Z" duration="0.016259" asserts="5" />
                <test-case id="1-1586" name="IsFillComplete(PlayersWorlds.Maps.Maze.HuntAndKillMazeGenerator,Quarter,Auto,System.Collections.Generic.List`1[PlayersWorlds.Maps.Area])" fullname="PlayersWorlds.Maps.Maze.MazeGeneratorTest.IsFillComplete(PlayersWorlds.Maps.Maze.HuntAndKillMazeGenerator,Quarter,Auto,System.Collections.Generic.List`1[PlayersWorlds.Maps.Area])" methodname="IsFillComplete" classname="PlayersWorlds.Maps.Maze.MazeGeneratorTest" runstate="Runnable" seed="1536944147" result="Passed" start-time="2024-06-07T14:44:56.4080940Z" end-time="2024-06-07T14:44:56.4256790Z" duration="0.017585" asserts="5" />
                <test-case id="1-1587" name="IsFillComplete(PlayersWorlds.Maps.Maze.HuntAndKillMazeGenerator,Quarter,Auto,System.Collections.Generic.List`1[PlayersWorlds.Maps.Area])" fullname="PlayersWorlds.Maps.Maze.MazeGeneratorTest.IsFillComplete(PlayersWorlds.Maps.Maze.HuntAndKillMazeGenerator,Quarter,Auto,System.Collections.Generic.List`1[PlayersWorlds.Maps.Area])" methodname="IsFillComplete" classname="PlayersWorlds.Maps.Maze.MazeGeneratorTest" runstate="Runnable" seed="2115078011" result="Passed" start-time="2024-06-07T14:44:56.4256890Z" end-time="2024-06-07T14:44:56.4421530Z" duration="0.016464" asserts="5" />
                <test-case id="1-1588" name="IsFillComplete(PlayersWorlds.Maps.Maze.HuntAndKillMazeGenerator,Quarter,Auto,System.Collections.Generic.List`1[PlayersWorlds.Maps.Area])" fullname="PlayersWorlds.Maps.Maze.MazeGeneratorTest.IsFillComplete(PlayersWorlds.Maps.Maze.HuntAndKillMazeGenerator,Quarter,Auto,System.Collections.Generic.List`1[PlayersWorlds.Maps.Area])" methodname="IsFillComplete" classname="PlayersWorlds.Maps.Maze.MazeGeneratorTest" runstate="Runnable" seed="1183488231" result="Passed" start-time="2024-06-07T14:44:56.4421650Z" end-time="2024-06-07T14:44:56.4625930Z" duration="0.020427" asserts="5" />
                <test-case id="1-1589" name="IsFillComplete(PlayersWorlds.Maps.Maze.HuntAndKillMazeGenerator,Quarter,Auto,System.Collections.Generic.List`1[PlayersWorlds.Maps.Area])" fullname="PlayersWorlds.Maps.Maze.MazeGeneratorTest.IsFillComplete(PlayersWorlds.Maps.Maze.HuntAndKillMazeGenerator,Quarter,Auto,System.Collections.Generic.List`1[PlayersWorlds.Maps.Area])" methodname="IsFillComplete" classname="PlayersWorlds.Maps.Maze.MazeGeneratorTest" runstate="Runnable" seed="1160189782" result="Passed" start-time="2024-06-07T14:44:56.4626030Z" end-time="2024-06-07T14:44:56.4937050Z" duration="0.031102" asserts="5" />
                <test-case id="1-1590" name="IsFillComplete(PlayersWorlds.Maps.Maze.HuntAndKillMazeGenerator,Quarter,Auto,System.Collections.Generic.List`1[PlayersWorlds.Maps.Area])" fullname="PlayersWorlds.Maps.Maze.MazeGeneratorTest.IsFillComplete(PlayersWorlds.Maps.Maze.HuntAndKillMazeGenerator,Quarter,Auto,System.Collections.Generic.List`1[PlayersWorlds.Maps.Area])" methodname="IsFillComplete" classname="PlayersWorlds.Maps.Maze.MazeGeneratorTest" runstate="Runnable" seed="594478340" result="Passed" start-time="2024-06-07T14:44:56.4937160Z" end-time="2024-06-07T14:44:56.5364910Z" duration="0.042776" asserts="5" />
                <test-case id="1-1591" name="IsFillComplete(PlayersWorlds.Maps.Maze.HuntAndKillMazeGenerator,Quarter,Manual,null)" fullname="PlayersWorlds.Maps.Maze.MazeGeneratorTest.IsFillComplete(PlayersWorlds.Maps.Maze.HuntAndKillMazeGenerator,Quarter,Manual,null)" methodname="IsFillComplete" classname="PlayersWorlds.Maps.Maze.MazeGeneratorTest" runstate="Runnable" seed="1580882227" result="Passed" start-time="2024-06-07T14:44:56.5365030Z" end-time="2024-06-07T14:44:56.5510020Z" duration="0.014499" asserts="5" />
                <test-case id="1-1592" name="IsFillComplete(PlayersWorlds.Maps.Maze.HuntAndKillMazeGenerator,Quarter,Manual,System.Collections.Generic.List`1[PlayersWorlds.Maps.Area])" fullname="PlayersWorlds.Maps.Maze.MazeGeneratorTest.IsFillComplete(PlayersWorlds.Maps.Maze.HuntAndKillMazeGenerator,Quarter,Manual,System.Collections.Generic.List`1[PlayersWorlds.Maps.Area])" methodname="IsFillComplete" classname="PlayersWorlds.Maps.Maze.MazeGeneratorTest" runstate="Runnable" seed="24469638" result="Passed" start-time="2024-06-07T14:44:56.5510130Z" end-time="2024-06-07T14:44:56.5655570Z" duration="0.014545" asserts="5" />
                <test-case id="1-1593" name="IsFillComplete(PlayersWorlds.Maps.Maze.HuntAndKillMazeGenerator,Quarter,Manual,System.Collections.Generic.List`1[PlayersWorlds.Maps.Area])" fullname="PlayersWorlds.Maps.Maze.MazeGeneratorTest.IsFillComplete(PlayersWorlds.Maps.Maze.HuntAndKillMazeGenerator,Quarter,Manual,System.Collections.Generic.List`1[PlayersWorlds.Maps.Area])" methodname="IsFillComplete" classname="PlayersWorlds.Maps.Maze.MazeGeneratorTest" runstate="Runnable" seed="1988453415" result="Passed" start-time="2024-06-07T14:44:56.5655680Z" end-time="2024-06-07T14:44:56.5794440Z" duration="0.013877" asserts="5" />
                <test-case id="1-1594" name="IsFillComplete(PlayersWorlds.Maps.Maze.HuntAndKillMazeGenerator,Quarter,Manual,System.Collections.Generic.List`1[PlayersWorlds.Maps.Area])" fullname="PlayersWorlds.Maps.Maze.MazeGeneratorTest.IsFillComplete(PlayersWorlds.Maps.Maze.HuntAndKillMazeGenerator,Quarter,Manual,System.Collections.Generic.List`1[PlayersWorlds.Maps.Area])" methodname="IsFillComplete" classname="PlayersWorlds.Maps.Maze.MazeGeneratorTest" runstate="Runnable" seed="1186346329" result="Passed" start-time="2024-06-07T14:44:56.5794550Z" end-time="2024-06-07T14:44:56.5944970Z" duration="0.015042" asserts="5" />
                <test-case id="1-1595" name="IsFillComplete(PlayersWorlds.Maps.Maze.HuntAndKillMazeGenerator,Quarter,Manual,System.Collections.Generic.List`1[PlayersWorlds.Maps.Area])" fullname="PlayersWorlds.Maps.Maze.MazeGeneratorTest.IsFillComplete(PlayersWorlds.Maps.Maze.HuntAndKillMazeGenerator,Quarter,Manual,System.Collections.Generic.List`1[PlayersWorlds.Maps.Area])" methodname="IsFillComplete" classname="PlayersWorlds.Maps.Maze.MazeGeneratorTest" runstate="Runnable" seed="310697329" result="Passed" start-time="2024-06-07T14:44:56.5945080Z" end-time="2024-06-07T14:44:56.6135330Z" duration="0.019024" asserts="5" />
                <test-case id="1-1596" name="IsFillComplete(PlayersWorlds.Maps.Maze.HuntAndKillMazeGenerator,Quarter,Manual,System.Collections.Generic.List`1[PlayersWorlds.Maps.Area])" fullname="PlayersWorlds.Maps.Maze.MazeGeneratorTest.IsFillComplete(PlayersWorlds.Maps.Maze.HuntAndKillMazeGenerator,Quarter,Manual,System.Collections.Generic.List`1[PlayersWorlds.Maps.Area])" methodname="IsFillComplete" classname="PlayersWorlds.Maps.Maze.MazeGeneratorTest" runstate="Runnable" seed="485809952" result="Passed" start-time="2024-06-07T14:44:56.6135440Z" end-time="2024-06-07T14:44:56.6321150Z" duration="0.018571" asserts="5" />
                <test-case id="1-1597" name="IsFillComplete(PlayersWorlds.Maps.Maze.HuntAndKillMazeGenerator,Half,Auto,null)" fullname="PlayersWorlds.Maps.Maze.MazeGeneratorTest.IsFillComplete(PlayersWorlds.Maps.Maze.HuntAndKillMazeGenerator,Half,Auto,null)" methodname="IsFillComplete" classname="PlayersWorlds.Maps.Maze.MazeGeneratorTest" runstate="Runnable" seed="1928905463" result="Passed" start-time="2024-06-07T14:44:56.6321260Z" end-time="2024-06-07T14:44:56.6587400Z" duration="0.026614" asserts="5" />
                <test-case id="1-1598" name="IsFillComplete(PlayersWorlds.Maps.Maze.HuntAndKillMazeGenerator,Half,Auto,System.Collections.Generic.List`1[PlayersWorlds.Maps.Area])" fullname="PlayersWorlds.Maps.Maze.MazeGeneratorTest.IsFillComplete(PlayersWorlds.Maps.Maze.HuntAndKillMazeGenerator,Half,Auto,System.Collections.Generic.List`1[PlayersWorlds.Maps.Area])" methodname="IsFillComplete" classname="PlayersWorlds.Maps.Maze.MazeGeneratorTest" runstate="Runnable" seed="1277583076" result="Passed" start-time="2024-06-07T14:44:56.6587510Z" end-time="2024-06-07T14:44:56.6783890Z" duration="0.019638" asserts="5" />
                <test-case id="1-1599" name="IsFillComplete(PlayersWorlds.Maps.Maze.HuntAndKillMazeGenerator,Half,Auto,System.Collections.Generic.List`1[PlayersWorlds.Maps.Area])" fullname="PlayersWorlds.Maps.Maze.MazeGeneratorTest.IsFillComplete(PlayersWorlds.Maps.Maze.HuntAndKillMazeGenerator,Half,Auto,System.Collections.Generic.List`1[PlayersWorlds.Maps.Area])" methodname="IsFillComplete" classname="PlayersWorlds.Maps.Maze.MazeGeneratorTest" runstate="Runnable" seed="1835258789" result="Passed" start-time="2024-06-07T14:44:56.6784000Z" end-time="2024-06-07T14:44:56.7038730Z" duration="0.025473" asserts="5" />
                <test-case id="1-1600" name="IsFillComplete(PlayersWorlds.Maps.Maze.HuntAndKillMazeGenerator,Half,Auto,System.Collections.Generic.List`1[PlayersWorlds.Maps.Area])" fullname="PlayersWorlds.Maps.Maze.MazeGeneratorTest.IsFillComplete(PlayersWorlds.Maps.Maze.HuntAndKillMazeGenerator,Half,Auto,System.Collections.Generic.List`1[PlayersWorlds.Maps.Area])" methodname="IsFillComplete" classname="PlayersWorlds.Maps.Maze.MazeGeneratorTest" runstate="Runnable" seed="935130023" result="Passed" start-time="2024-06-07T14:44:56.7038840Z" end-time="2024-06-07T14:44:56.7318440Z" duration="0.027960" asserts="5" />
                <test-case id="1-1601" name="IsFillComplete(PlayersWorlds.Maps.Maze.HuntAndKillMazeGenerator,Half,Auto,System.Collections.Generic.List`1[PlayersWorlds.Maps.Area])" fullname="PlayersWorlds.Maps.Maze.MazeGeneratorTest.IsFillComplete(PlayersWorlds.Maps.Maze.HuntAndKillMazeGenerator,Half,Auto,System.Collections.Generic.List`1[PlayersWorlds.Maps.Area])" methodname="IsFillComplete" classname="PlayersWorlds.Maps.Maze.MazeGeneratorTest" runstate="Runnable" seed="729604500" result="Passed" start-time="2024-06-07T14:44:56.7318550Z" end-time="2024-06-07T14:44:56.7743400Z" duration="0.042486" asserts="5" />
                <test-case id="1-1602" name="IsFillComplete(PlayersWorlds.Maps.Maze.HuntAndKillMazeGenerator,Half,Auto,System.Collections.Generic.List`1[PlayersWorlds.Maps.Area])" fullname="PlayersWorlds.Maps.Maze.MazeGeneratorTest.IsFillComplete(PlayersWorlds.Maps.Maze.HuntAndKillMazeGenerator,Half,Auto,System.Collections.Generic.List`1[PlayersWorlds.Maps.Area])" methodname="IsFillComplete" classname="PlayersWorlds.Maps.Maze.MazeGeneratorTest" runstate="Runnable" seed="314105233" result="Passed" start-time="2024-06-07T14:44:56.7743510Z" end-time="2024-06-07T14:44:56.7965200Z" duration="0.022169" asserts="5" />
                <test-case id="1-1603" name="IsFillComplete(PlayersWorlds.Maps.Maze.HuntAndKillMazeGenerator,Half,Manual,null)" fullname="PlayersWorlds.Maps.Maze.MazeGeneratorTest.IsFillComplete(PlayersWorlds.Maps.Maze.HuntAndKillMazeGenerator,Half,Manual,null)" methodname="IsFillComplete" classname="PlayersWorlds.Maps.Maze.MazeGeneratorTest" runstate="Runnable" seed="634150455" result="Passed" start-time="2024-06-07T14:44:56.7965310Z" end-time="2024-06-07T14:44:56.8114420Z" duration="0.014911" asserts="5" />
                <test-case id="1-1604" name="IsFillComplete(PlayersWorlds.Maps.Maze.HuntAndKillMazeGenerator,Half,Manual,System.Collections.Generic.List`1[PlayersWorlds.Maps.Area])" fullname="PlayersWorlds.Maps.Maze.MazeGeneratorTest.IsFillComplete(PlayersWorlds.Maps.Maze.HuntAndKillMazeGenerator,Half,Manual,System.Collections.Generic.List`1[PlayersWorlds.Maps.Area])" methodname="IsFillComplete" classname="PlayersWorlds.Maps.Maze.MazeGeneratorTest" runstate="Runnable" seed="1667650988" result="Passed" start-time="2024-06-07T14:44:56.8114530Z" end-time="2024-06-07T14:44:56.8262600Z" duration="0.014807" asserts="5" />
                <test-case id="1-1605" name="IsFillComplete(PlayersWorlds.Maps.Maze.HuntAndKillMazeGenerator,Half,Manual,System.Collections.Generic.List`1[PlayersWorlds.Maps.Area])" fullname="PlayersWorlds.Maps.Maze.MazeGeneratorTest.IsFillComplete(PlayersWorlds.Maps.Maze.HuntAndKillMazeGenerator,Half,Manual,System.Collections.Generic.List`1[PlayersWorlds.Maps.Area])" methodname="IsFillComplete" classname="PlayersWorlds.Maps.Maze.MazeGeneratorTest" runstate="Runnable" seed="1138181855" result="Passed" start-time="2024-06-07T14:44:56.8262700Z" end-time="2024-06-07T14:44:56.8425160Z" duration="0.016246" asserts="5" />
                <test-case id="1-1606" name="IsFillComplete(PlayersWorlds.Maps.Maze.HuntAndKillMazeGenerator,Half,Manual,System.Collections.Generic.List`1[PlayersWorlds.Maps.Area])" fullname="PlayersWorlds.Maps.Maze.MazeGeneratorTest.IsFillComplete(PlayersWorlds.Maps.Maze.HuntAndKillMazeGenerator,Half,Manual,System.Collections.Generic.List`1[PlayersWorlds.Maps.Area])" methodname="IsFillComplete" classname="PlayersWorlds.Maps.Maze.MazeGeneratorTest" runstate="Runnable" seed="750725022" result="Passed" start-time="2024-06-07T14:44:56.8425270Z" end-time="2024-06-07T14:44:56.8594910Z" duration="0.016964" asserts="5" />
                <test-case id="1-1607" name="IsFillComplete(PlayersWorlds.Maps.Maze.HuntAndKillMazeGenerator,Half,Manual,System.Collections.Generic.List`1[PlayersWorlds.Maps.Area])" fullname="PlayersWorlds.Maps.Maze.MazeGeneratorTest.IsFillComplete(PlayersWorlds.Maps.Maze.HuntAndKillMazeGenerator,Half,Manual,System.Collections.Generic.List`1[PlayersWorlds.Maps.Area])" methodname="IsFillComplete" classname="PlayersWorlds.Maps.Maze.MazeGeneratorTest" runstate="Runnable" seed="1655939848" result="Passed" start-time="2024-06-07T14:44:56.8595020Z" end-time="2024-06-07T14:44:56.8797140Z" duration="0.020212" asserts="5" />
                <test-case id="1-1608" name="IsFillComplete(PlayersWorlds.Maps.Maze.HuntAndKillMazeGenerator,Half,Manual,System.Collections.Generic.List`1[PlayersWorlds.Maps.Area])" fullname="PlayersWorlds.Maps.Maze.MazeGeneratorTest.IsFillComplete(PlayersWorlds.Maps.Maze.HuntAndKillMazeGenerator,Half,Manual,System.Collections.Generic.List`1[PlayersWorlds.Maps.Area])" methodname="IsFillComplete" classname="PlayersWorlds.Maps.Maze.MazeGeneratorTest" runstate="Runnable" seed="1721353688" result="Passed" start-time="2024-06-07T14:44:56.8797250Z" end-time="2024-06-07T14:44:56.9019830Z" duration="0.022258" asserts="5" />
                <test-case id="1-1609" name="IsFillComplete(PlayersWorlds.Maps.Maze.HuntAndKillMazeGenerator,ThreeQuarters,Auto,null)" fullname="PlayersWorlds.Maps.Maze.MazeGeneratorTest.IsFillComplete(PlayersWorlds.Maps.Maze.HuntAndKillMazeGenerator,ThreeQuarters,Auto,null)" methodname="IsFillComplete" classname="PlayersWorlds.Maps.Maze.MazeGeneratorTest" runstate="Runnable" seed="782693310" result="Passed" start-time="2024-06-07T14:44:56.9019930Z" end-time="2024-06-07T14:44:56.9201490Z" duration="0.018156" asserts="5" />
                <test-case id="1-1610" name="IsFillComplete(PlayersWorlds.Maps.Maze.HuntAndKillMazeGenerator,ThreeQuarters,Auto,System.Collections.Generic.List`1[PlayersWorlds.Maps.Area])" fullname="PlayersWorlds.Maps.Maze.MazeGeneratorTest.IsFillComplete(PlayersWorlds.Maps.Maze.HuntAndKillMazeGenerator,ThreeQuarters,Auto,System.Collections.Generic.List`1[PlayersWorlds.Maps.Area])" methodname="IsFillComplete" classname="PlayersWorlds.Maps.Maze.MazeGeneratorTest" runstate="Runnable" seed="246398864" result="Passed" start-time="2024-06-07T14:44:56.9201600Z" end-time="2024-06-07T14:44:56.9438470Z" duration="0.023687" asserts="5" />
                <test-case id="1-1611" name="IsFillComplete(PlayersWorlds.Maps.Maze.HuntAndKillMazeGenerator,ThreeQuarters,Auto,System.Collections.Generic.List`1[PlayersWorlds.Maps.Area])" fullname="PlayersWorlds.Maps.Maze.MazeGeneratorTest.IsFillComplete(PlayersWorlds.Maps.Maze.HuntAndKillMazeGenerator,ThreeQuarters,Auto,System.Collections.Generic.List`1[PlayersWorlds.Maps.Area])" methodname="IsFillComplete" classname="PlayersWorlds.Maps.Maze.MazeGeneratorTest" runstate="Runnable" seed="2089120794" result="Passed" start-time="2024-06-07T14:44:56.9438580Z" end-time="2024-06-07T14:44:56.9654650Z" duration="0.021607" asserts="5" />
                <test-case id="1-1612" name="IsFillComplete(PlayersWorlds.Maps.Maze.HuntAndKillMazeGenerator,ThreeQuarters,Auto,System.Collections.Generic.List`1[PlayersWorlds.Maps.Area])" fullname="PlayersWorlds.Maps.Maze.MazeGeneratorTest.IsFillComplete(PlayersWorlds.Maps.Maze.HuntAndKillMazeGenerator,ThreeQuarters,Auto,System.Collections.Generic.List`1[PlayersWorlds.Maps.Area])" methodname="IsFillComplete" classname="PlayersWorlds.Maps.Maze.MazeGeneratorTest" runstate="Runnable" seed="415084235" result="Passed" start-time="2024-06-07T14:44:56.9654760Z" end-time="2024-06-07T14:44:56.9952120Z" duration="0.029736" asserts="5" />
                <test-case id="1-1613" name="IsFillComplete(PlayersWorlds.Maps.Maze.HuntAndKillMazeGenerator,ThreeQuarters,Auto,System.Collections.Generic.List`1[PlayersWorlds.Maps.Area])" fullname="PlayersWorlds.Maps.Maze.MazeGeneratorTest.IsFillComplete(PlayersWorlds.Maps.Maze.HuntAndKillMazeGenerator,ThreeQuarters,Auto,System.Collections.Generic.List`1[PlayersWorlds.Maps.Area])" methodname="IsFillComplete" classname="PlayersWorlds.Maps.Maze.MazeGeneratorTest" runstate="Runnable" seed="451265795" result="Passed" start-time="2024-06-07T14:44:56.9952230Z" end-time="2024-06-07T14:44:57.0233380Z" duration="0.028115" asserts="5" />
                <test-case id="1-1614" name="IsFillComplete(PlayersWorlds.Maps.Maze.HuntAndKillMazeGenerator,ThreeQuarters,Auto,System.Collections.Generic.List`1[PlayersWorlds.Maps.Area])" fullname="PlayersWorlds.Maps.Maze.MazeGeneratorTest.IsFillComplete(PlayersWorlds.Maps.Maze.HuntAndKillMazeGenerator,ThreeQuarters,Auto,System.Collections.Generic.List`1[PlayersWorlds.Maps.Area])" methodname="IsFillComplete" classname="PlayersWorlds.Maps.Maze.MazeGeneratorTest" runstate="Runnable" seed="1687552897" result="Passed" start-time="2024-06-07T14:44:57.0233490Z" end-time="2024-06-07T14:44:57.0515800Z" duration="0.028231" asserts="5" />
                <test-case id="1-1615" name="IsFillComplete(PlayersWorlds.Maps.Maze.HuntAndKillMazeGenerator,ThreeQuarters,Manual,null)" fullname="PlayersWorlds.Maps.Maze.MazeGeneratorTest.IsFillComplete(PlayersWorlds.Maps.Maze.HuntAndKillMazeGenerator,ThreeQuarters,Manual,null)" methodname="IsFillComplete" classname="PlayersWorlds.Maps.Maze.MazeGeneratorTest" runstate="Runnable" seed="1120590228" result="Passed" start-time="2024-06-07T14:44:57.0515920Z" end-time="2024-06-07T14:44:57.0688310Z" duration="0.017240" asserts="5" />
                <test-case id="1-1616" name="IsFillComplete(PlayersWorlds.Maps.Maze.HuntAndKillMazeGenerator,ThreeQuarters,Manual,System.Collections.Generic.List`1[PlayersWorlds.Maps.Area])" fullname="PlayersWorlds.Maps.Maze.MazeGeneratorTest.IsFillComplete(PlayersWorlds.Maps.Maze.HuntAndKillMazeGenerator,ThreeQuarters,Manual,System.Collections.Generic.List`1[PlayersWorlds.Maps.Area])" methodname="IsFillComplete" classname="PlayersWorlds.Maps.Maze.MazeGeneratorTest" runstate="Runnable" seed="124975458" result="Passed" start-time="2024-06-07T14:44:57.0688420Z" end-time="2024-06-07T14:44:57.0861730Z" duration="0.017331" asserts="5" />
                <test-case id="1-1617" name="IsFillComplete(PlayersWorlds.Maps.Maze.HuntAndKillMazeGenerator,ThreeQuarters,Manual,System.Collections.Generic.List`1[PlayersWorlds.Maps.Area])" fullname="PlayersWorlds.Maps.Maze.MazeGeneratorTest.IsFillComplete(PlayersWorlds.Maps.Maze.HuntAndKillMazeGenerator,ThreeQuarters,Manual,System.Collections.Generic.List`1[PlayersWorlds.Maps.Area])" methodname="IsFillComplete" classname="PlayersWorlds.Maps.Maze.MazeGeneratorTest" runstate="Runnable" seed="97839822" result="Passed" start-time="2024-06-07T14:44:57.0861910Z" end-time="2024-06-07T14:44:57.1032000Z" duration="0.017009" asserts="5" />
                <test-case id="1-1618" name="IsFillComplete(PlayersWorlds.Maps.Maze.HuntAndKillMazeGenerator,ThreeQuarters,Manual,System.Collections.Generic.List`1[PlayersWorlds.Maps.Area])" fullname="PlayersWorlds.Maps.Maze.MazeGeneratorTest.IsFillComplete(PlayersWorlds.Maps.Maze.HuntAndKillMazeGenerator,ThreeQuarters,Manual,System.Collections.Generic.List`1[PlayersWorlds.Maps.Area])" methodname="IsFillComplete" classname="PlayersWorlds.Maps.Maze.MazeGeneratorTest" runstate="Runnable" seed="175136140" result="Passed" start-time="2024-06-07T14:44:57.1032110Z" end-time="2024-06-07T14:44:57.1200130Z" duration="0.016802" asserts="5" />
                <test-case id="1-1619" name="IsFillComplete(PlayersWorlds.Maps.Maze.HuntAndKillMazeGenerator,ThreeQuarters,Manual,System.Collections.Generic.List`1[PlayersWorlds.Maps.Area])" fullname="PlayersWorlds.Maps.Maze.MazeGeneratorTest.IsFillComplete(PlayersWorlds.Maps.Maze.HuntAndKillMazeGenerator,ThreeQuarters,Manual,System.Collections.Generic.List`1[PlayersWorlds.Maps.Area])" methodname="IsFillComplete" classname="PlayersWorlds.Maps.Maze.MazeGeneratorTest" runstate="Runnable" seed="1747971622" result="Passed" start-time="2024-06-07T14:44:57.1200240Z" end-time="2024-06-07T14:44:57.1414540Z" duration="0.021431" asserts="5" />
                <test-case id="1-1620" name="IsFillComplete(PlayersWorlds.Maps.Maze.HuntAndKillMazeGenerator,ThreeQuarters,Manual,System.Collections.Generic.List`1[PlayersWorlds.Maps.Area])" fullname="PlayersWorlds.Maps.Maze.MazeGeneratorTest.IsFillComplete(PlayersWorlds.Maps.Maze.HuntAndKillMazeGenerator,ThreeQuarters,Manual,System.Collections.Generic.List`1[PlayersWorlds.Maps.Area])" methodname="IsFillComplete" classname="PlayersWorlds.Maps.Maze.MazeGeneratorTest" runstate="Runnable" seed="1344503748" result="Passed" start-time="2024-06-07T14:44:57.1414660Z" end-time="2024-06-07T14:44:57.1638130Z" duration="0.022347" asserts="5" />
                <test-case id="1-1621" name="IsFillComplete(PlayersWorlds.Maps.Maze.HuntAndKillMazeGenerator,NinetyPercent,Auto,null)" fullname="PlayersWorlds.Maps.Maze.MazeGeneratorTest.IsFillComplete(PlayersWorlds.Maps.Maze.HuntAndKillMazeGenerator,NinetyPercent,Auto,null)" methodname="IsFillComplete" classname="PlayersWorlds.Maps.Maze.MazeGeneratorTest" runstate="Runnable" seed="1118207240" result="Passed" start-time="2024-06-07T14:44:57.1638230Z" end-time="2024-06-07T14:44:57.1897500Z" duration="0.025926" asserts="5" />
                <test-case id="1-1622" name="IsFillComplete(PlayersWorlds.Maps.Maze.HuntAndKillMazeGenerator,NinetyPercent,Auto,System.Collections.Generic.List`1[PlayersWorlds.Maps.Area])" fullname="PlayersWorlds.Maps.Maze.MazeGeneratorTest.IsFillComplete(PlayersWorlds.Maps.Maze.HuntAndKillMazeGenerator,NinetyPercent,Auto,System.Collections.Generic.List`1[PlayersWorlds.Maps.Area])" methodname="IsFillComplete" classname="PlayersWorlds.Maps.Maze.MazeGeneratorTest" runstate="Runnable" seed="860408735" result="Passed" start-time="2024-06-07T14:44:57.1897610Z" end-time="2024-06-07T14:44:57.2186480Z" duration="0.028887" asserts="5" />
                <test-case id="1-1623" name="IsFillComplete(PlayersWorlds.Maps.Maze.HuntAndKillMazeGenerator,NinetyPercent,Auto,System.Collections.Generic.List`1[PlayersWorlds.Maps.Area])" fullname="PlayersWorlds.Maps.Maze.MazeGeneratorTest.IsFillComplete(PlayersWorlds.Maps.Maze.HuntAndKillMazeGenerator,NinetyPercent,Auto,System.Collections.Generic.List`1[PlayersWorlds.Maps.Area])" methodname="IsFillComplete" classname="PlayersWorlds.Maps.Maze.MazeGeneratorTest" runstate="Runnable" seed="2025609471" result="Passed" start-time="2024-06-07T14:44:57.2186590Z" end-time="2024-06-07T14:44:57.2454340Z" duration="0.026776" asserts="5" />
                <test-case id="1-1624" name="IsFillComplete(PlayersWorlds.Maps.Maze.HuntAndKillMazeGenerator,NinetyPercent,Auto,System.Collections.Generic.List`1[PlayersWorlds.Maps.Area])" fullname="PlayersWorlds.Maps.Maze.MazeGeneratorTest.IsFillComplete(PlayersWorlds.Maps.Maze.HuntAndKillMazeGenerator,NinetyPercent,Auto,System.Collections.Generic.List`1[PlayersWorlds.Maps.Area])" methodname="IsFillComplete" classname="PlayersWorlds.Maps.Maze.MazeGeneratorTest" runstate="Runnable" seed="1350838923" result="Passed" start-time="2024-06-07T14:44:57.2454460Z" end-time="2024-06-07T14:44:57.2691590Z" duration="0.023714" asserts="5" />
                <test-case id="1-1625" name="IsFillComplete(PlayersWorlds.Maps.Maze.HuntAndKillMazeGenerator,NinetyPercent,Auto,System.Collections.Generic.List`1[PlayersWorlds.Maps.Area])" fullname="PlayersWorlds.Maps.Maze.MazeGeneratorTest.IsFillComplete(PlayersWorlds.Maps.Maze.HuntAndKillMazeGenerator,NinetyPercent,Auto,System.Collections.Generic.List`1[PlayersWorlds.Maps.Area])" methodname="IsFillComplete" classname="PlayersWorlds.Maps.Maze.MazeGeneratorTest" runstate="Runnable" seed="1045538317" result="Passed" start-time="2024-06-07T14:44:57.2691710Z" end-time="2024-06-07T14:44:57.2983690Z" duration="0.029198" asserts="5" />
                <test-case id="1-1626" name="IsFillComplete(PlayersWorlds.Maps.Maze.HuntAndKillMazeGenerator,NinetyPercent,Auto,System.Collections.Generic.List`1[PlayersWorlds.Maps.Area])" fullname="PlayersWorlds.Maps.Maze.MazeGeneratorTest.IsFillComplete(PlayersWorlds.Maps.Maze.HuntAndKillMazeGenerator,NinetyPercent,Auto,System.Collections.Generic.List`1[PlayersWorlds.Maps.Area])" methodname="IsFillComplete" classname="PlayersWorlds.Maps.Maze.MazeGeneratorTest" runstate="Runnable" seed="445162956" result="Passed" start-time="2024-06-07T14:44:57.2983810Z" end-time="2024-06-07T14:44:57.3432270Z" duration="0.044846" asserts="5" />
                <test-case id="1-1627" name="IsFillComplete(PlayersWorlds.Maps.Maze.HuntAndKillMazeGenerator,NinetyPercent,Manual,null)" fullname="PlayersWorlds.Maps.Maze.MazeGeneratorTest.IsFillComplete(PlayersWorlds.Maps.Maze.HuntAndKillMazeGenerator,NinetyPercent,Manual,null)" methodname="IsFillComplete" classname="PlayersWorlds.Maps.Maze.MazeGeneratorTest" runstate="Runnable" seed="1426763037" result="Passed" start-time="2024-06-07T14:44:57.3432390Z" end-time="2024-06-07T14:44:57.3611550Z" duration="0.017916" asserts="5" />
                <test-case id="1-1628" name="IsFillComplete(PlayersWorlds.Maps.Maze.HuntAndKillMazeGenerator,NinetyPercent,Manual,System.Collections.Generic.List`1[PlayersWorlds.Maps.Area])" fullname="PlayersWorlds.Maps.Maze.MazeGeneratorTest.IsFillComplete(PlayersWorlds.Maps.Maze.HuntAndKillMazeGenerator,NinetyPercent,Manual,System.Collections.Generic.List`1[PlayersWorlds.Maps.Area])" methodname="IsFillComplete" classname="PlayersWorlds.Maps.Maze.MazeGeneratorTest" runstate="Runnable" seed="1963527587" result="Passed" start-time="2024-06-07T14:44:57.3611660Z" end-time="2024-06-07T14:44:57.3788790Z" duration="0.017713" asserts="5" />
                <test-case id="1-1629" name="IsFillComplete(PlayersWorlds.Maps.Maze.HuntAndKillMazeGenerator,NinetyPercent,Manual,System.Collections.Generic.List`1[PlayersWorlds.Maps.Area])" fullname="PlayersWorlds.Maps.Maze.MazeGeneratorTest.IsFillComplete(PlayersWorlds.Maps.Maze.HuntAndKillMazeGenerator,NinetyPercent,Manual,System.Collections.Generic.List`1[PlayersWorlds.Maps.Area])" methodname="IsFillComplete" classname="PlayersWorlds.Maps.Maze.MazeGeneratorTest" runstate="Runnable" seed="828637362" result="Passed" start-time="2024-06-07T14:44:57.3788900Z" end-time="2024-06-07T14:44:57.3963610Z" duration="0.017471" asserts="5" />
                <test-case id="1-1630" name="IsFillComplete(PlayersWorlds.Maps.Maze.HuntAndKillMazeGenerator,NinetyPercent,Manual,System.Collections.Generic.List`1[PlayersWorlds.Maps.Area])" fullname="PlayersWorlds.Maps.Maze.MazeGeneratorTest.IsFillComplete(PlayersWorlds.Maps.Maze.HuntAndKillMazeGenerator,NinetyPercent,Manual,System.Collections.Generic.List`1[PlayersWorlds.Maps.Area])" methodname="IsFillComplete" classname="PlayersWorlds.Maps.Maze.MazeGeneratorTest" runstate="Runnable" seed="353808893" result="Passed" start-time="2024-06-07T14:44:57.3963720Z" end-time="2024-06-07T14:44:57.4148460Z" duration="0.018474" asserts="5" />
                <test-case id="1-1631" name="IsFillComplete(PlayersWorlds.Maps.Maze.HuntAndKillMazeGenerator,NinetyPercent,Manual,System.Collections.Generic.List`1[PlayersWorlds.Maps.Area])" fullname="PlayersWorlds.Maps.Maze.MazeGeneratorTest.IsFillComplete(PlayersWorlds.Maps.Maze.HuntAndKillMazeGenerator,NinetyPercent,Manual,System.Collections.Generic.List`1[PlayersWorlds.Maps.Area])" methodname="IsFillComplete" classname="PlayersWorlds.Maps.Maze.MazeGeneratorTest" runstate="Runnable" seed="163691877" result="Passed" start-time="2024-06-07T14:44:57.4148570Z" end-time="2024-06-07T14:44:57.4366630Z" duration="0.021806" asserts="5" />
                <test-case id="1-1632" name="IsFillComplete(PlayersWorlds.Maps.Maze.HuntAndKillMazeGenerator,NinetyPercent,Manual,System.Collections.Generic.List`1[PlayersWorlds.Maps.Area])" fullname="PlayersWorlds.Maps.Maze.MazeGeneratorTest.IsFillComplete(PlayersWorlds.Maps.Maze.HuntAndKillMazeGenerator,NinetyPercent,Manual,System.Collections.Generic.List`1[PlayersWorlds.Maps.Area])" methodname="IsFillComplete" classname="PlayersWorlds.Maps.Maze.MazeGeneratorTest" runstate="Runnable" seed="254439361" result="Passed" start-time="2024-06-07T14:44:57.4366740Z" end-time="2024-06-07T14:44:57.4597960Z" duration="0.023122" asserts="5" />
                <test-case id="1-1633" name="IsFillComplete(PlayersWorlds.Maps.Maze.HuntAndKillMazeGenerator,FullWidth,Auto,null)" fullname="PlayersWorlds.Maps.Maze.MazeGeneratorTest.IsFillComplete(PlayersWorlds.Maps.Maze.HuntAndKillMazeGenerator,FullWidth,Auto,null)" methodname="IsFillComplete" classname="PlayersWorlds.Maps.Maze.MazeGeneratorTest" runstate="Runnable" seed="382914066" result="Passed" start-time="2024-06-07T14:44:57.4598070Z" end-time="2024-06-07T14:44:57.4778200Z" duration="0.018014" asserts="5" />
                <test-case id="1-1634" name="IsFillComplete(PlayersWorlds.Maps.Maze.HuntAndKillMazeGenerator,FullWidth,Auto,System.Collections.Generic.List`1[PlayersWorlds.Maps.Area])" fullname="PlayersWorlds.Maps.Maze.MazeGeneratorTest.IsFillComplete(PlayersWorlds.Maps.Maze.HuntAndKillMazeGenerator,FullWidth,Auto,System.Collections.Generic.List`1[PlayersWorlds.Maps.Area])" methodname="IsFillComplete" classname="PlayersWorlds.Maps.Maze.MazeGeneratorTest" runstate="Runnable" seed="1791381095" result="Passed" start-time="2024-06-07T14:44:57.4778320Z" end-time="2024-06-07T14:44:57.4980890Z" duration="0.020257" asserts="5" />
                <test-case id="1-1635" name="IsFillComplete(PlayersWorlds.Maps.Maze.HuntAndKillMazeGenerator,FullWidth,Auto,System.Collections.Generic.List`1[PlayersWorlds.Maps.Area])" fullname="PlayersWorlds.Maps.Maze.MazeGeneratorTest.IsFillComplete(PlayersWorlds.Maps.Maze.HuntAndKillMazeGenerator,FullWidth,Auto,System.Collections.Generic.List`1[PlayersWorlds.Maps.Area])" methodname="IsFillComplete" classname="PlayersWorlds.Maps.Maze.MazeGeneratorTest" runstate="Runnable" seed="1380327805" result="Passed" start-time="2024-06-07T14:44:57.4981000Z" end-time="2024-06-07T14:44:57.5190290Z" duration="0.020929" asserts="5" />
                <test-case id="1-1636" name="IsFillComplete(PlayersWorlds.Maps.Maze.HuntAndKillMazeGenerator,FullWidth,Auto,System.Collections.Generic.List`1[PlayersWorlds.Maps.Area])" fullname="PlayersWorlds.Maps.Maze.MazeGeneratorTest.IsFillComplete(PlayersWorlds.Maps.Maze.HuntAndKillMazeGenerator,FullWidth,Auto,System.Collections.Generic.List`1[PlayersWorlds.Maps.Area])" methodname="IsFillComplete" classname="PlayersWorlds.Maps.Maze.MazeGeneratorTest" runstate="Runnable" seed="1028640775" result="Passed" start-time="2024-06-07T14:44:57.5190400Z" end-time="2024-06-07T14:44:57.5407310Z" duration="0.021691" asserts="5" />
                <test-case id="1-1637" name="IsFillComplete(PlayersWorlds.Maps.Maze.HuntAndKillMazeGenerator,FullWidth,Auto,System.Collections.Generic.List`1[PlayersWorlds.Maps.Area])" fullname="PlayersWorlds.Maps.Maze.MazeGeneratorTest.IsFillComplete(PlayersWorlds.Maps.Maze.HuntAndKillMazeGenerator,FullWidth,Auto,System.Collections.Generic.List`1[PlayersWorlds.Maps.Area])" methodname="IsFillComplete" classname="PlayersWorlds.Maps.Maze.MazeGeneratorTest" runstate="Runnable" seed="2071035327" result="Passed" start-time="2024-06-07T14:44:57.5407420Z" end-time="2024-06-07T14:44:57.5744450Z" duration="0.033703" asserts="5" />
                <test-case id="1-1638" name="IsFillComplete(PlayersWorlds.Maps.Maze.HuntAndKillMazeGenerator,FullWidth,Auto,System.Collections.Generic.List`1[PlayersWorlds.Maps.Area])" fullname="PlayersWorlds.Maps.Maze.MazeGeneratorTest.IsFillComplete(PlayersWorlds.Maps.Maze.HuntAndKillMazeGenerator,FullWidth,Auto,System.Collections.Generic.List`1[PlayersWorlds.Maps.Area])" methodname="IsFillComplete" classname="PlayersWorlds.Maps.Maze.MazeGeneratorTest" runstate="Runnable" seed="1301957623" result="Passed" start-time="2024-06-07T14:44:57.5744570Z" end-time="2024-06-07T14:44:57.6180600Z" duration="0.043604" asserts="5" />
                <test-case id="1-1639" name="IsFillComplete(PlayersWorlds.Maps.Maze.HuntAndKillMazeGenerator,FullWidth,Manual,null)" fullname="PlayersWorlds.Maps.Maze.MazeGeneratorTest.IsFillComplete(PlayersWorlds.Maps.Maze.HuntAndKillMazeGenerator,FullWidth,Manual,null)" methodname="IsFillComplete" classname="PlayersWorlds.Maps.Maze.MazeGeneratorTest" runstate="Runnable" seed="711611999" result="Passed" start-time="2024-06-07T14:44:57.6180720Z" end-time="2024-06-07T14:44:57.6329070Z" duration="0.014835" asserts="5" />
                <test-case id="1-1640" name="IsFillComplete(PlayersWorlds.Maps.Maze.HuntAndKillMazeGenerator,FullWidth,Manual,System.Collections.Generic.List`1[PlayersWorlds.Maps.Area])" fullname="PlayersWorlds.Maps.Maze.MazeGeneratorTest.IsFillComplete(PlayersWorlds.Maps.Maze.HuntAndKillMazeGenerator,FullWidth,Manual,System.Collections.Generic.List`1[PlayersWorlds.Maps.Area])" methodname="IsFillComplete" classname="PlayersWorlds.Maps.Maze.MazeGeneratorTest" runstate="Runnable" seed="1284473961" result="Passed" start-time="2024-06-07T14:44:57.6329180Z" end-time="2024-06-07T14:44:57.6477840Z" duration="0.014866" asserts="5" />
                <test-case id="1-1641" name="IsFillComplete(PlayersWorlds.Maps.Maze.HuntAndKillMazeGenerator,FullWidth,Manual,System.Collections.Generic.List`1[PlayersWorlds.Maps.Area])" fullname="PlayersWorlds.Maps.Maze.MazeGeneratorTest.IsFillComplete(PlayersWorlds.Maps.Maze.HuntAndKillMazeGenerator,FullWidth,Manual,System.Collections.Generic.List`1[PlayersWorlds.Maps.Area])" methodname="IsFillComplete" classname="PlayersWorlds.Maps.Maze.MazeGeneratorTest" runstate="Runnable" seed="2028487946" result="Passed" start-time="2024-06-07T14:44:57.6477950Z" end-time="2024-06-07T14:44:57.6637740Z" duration="0.015980" asserts="5" />
                <test-case id="1-1642" name="IsFillComplete(PlayersWorlds.Maps.Maze.HuntAndKillMazeGenerator,FullWidth,Manual,System.Collections.Generic.List`1[PlayersWorlds.Maps.Area])" fullname="PlayersWorlds.Maps.Maze.MazeGeneratorTest.IsFillComplete(PlayersWorlds.Maps.Maze.HuntAndKillMazeGenerator,FullWidth,Manual,System.Collections.Generic.List`1[PlayersWorlds.Maps.Area])" methodname="IsFillComplete" classname="PlayersWorlds.Maps.Maze.MazeGeneratorTest" runstate="Runnable" seed="393724323" result="Passed" start-time="2024-06-07T14:44:57.6637870Z" end-time="2024-06-07T14:44:57.6787370Z" duration="0.014950" asserts="5" />
                <test-case id="1-1643" name="IsFillComplete(PlayersWorlds.Maps.Maze.HuntAndKillMazeGenerator,FullWidth,Manual,System.Collections.Generic.List`1[PlayersWorlds.Maps.Area])" fullname="PlayersWorlds.Maps.Maze.MazeGeneratorTest.IsFillComplete(PlayersWorlds.Maps.Maze.HuntAndKillMazeGenerator,FullWidth,Manual,System.Collections.Generic.List`1[PlayersWorlds.Maps.Area])" methodname="IsFillComplete" classname="PlayersWorlds.Maps.Maze.MazeGeneratorTest" runstate="Runnable" seed="400794921" result="Passed" start-time="2024-06-07T14:44:57.6787480Z" end-time="2024-06-07T14:44:57.7006800Z" duration="0.021931" asserts="5" />
                <test-case id="1-1644" name="IsFillComplete(PlayersWorlds.Maps.Maze.HuntAndKillMazeGenerator,FullWidth,Manual,System.Collections.Generic.List`1[PlayersWorlds.Maps.Area])" fullname="PlayersWorlds.Maps.Maze.MazeGeneratorTest.IsFillComplete(PlayersWorlds.Maps.Maze.HuntAndKillMazeGenerator,FullWidth,Manual,System.Collections.Generic.List`1[PlayersWorlds.Maps.Area])" methodname="IsFillComplete" classname="PlayersWorlds.Maps.Maze.MazeGeneratorTest" runstate="Runnable" seed="913790918" result="Passed" start-time="2024-06-07T14:44:57.7006990Z" end-time="2024-06-07T14:44:57.7238900Z" duration="0.023191" asserts="5" />
                <test-case id="1-1645" name="IsFillComplete(PlayersWorlds.Maps.Maze.HuntAndKillMazeGenerator,FullHeight,Auto,null)" fullname="PlayersWorlds.Maps.Maze.MazeGeneratorTest.IsFillComplete(PlayersWorlds.Maps.Maze.HuntAndKillMazeGenerator,FullHeight,Auto,null)" methodname="IsFillComplete" classname="PlayersWorlds.Maps.Maze.MazeGeneratorTest" runstate="Runnable" seed="652841193" result="Passed" start-time="2024-06-07T14:44:57.7239080Z" end-time="2024-06-07T14:44:57.7463880Z" duration="0.022480" asserts="5" />
                <test-case id="1-1646" name="IsFillComplete(PlayersWorlds.Maps.Maze.HuntAndKillMazeGenerator,FullHeight,Auto,System.Collections.Generic.List`1[PlayersWorlds.Maps.Area])" fullname="PlayersWorlds.Maps.Maze.MazeGeneratorTest.IsFillComplete(PlayersWorlds.Maps.Maze.HuntAndKillMazeGenerator,FullHeight,Auto,System.Collections.Generic.List`1[PlayersWorlds.Maps.Area])" methodname="IsFillComplete" classname="PlayersWorlds.Maps.Maze.MazeGeneratorTest" runstate="Runnable" seed="1165797992" result="Passed" start-time="2024-06-07T14:44:57.7464070Z" end-time="2024-06-07T14:44:57.7644010Z" duration="0.017994" asserts="5" />
                <test-case id="1-1647" name="IsFillComplete(PlayersWorlds.Maps.Maze.HuntAndKillMazeGenerator,FullHeight,Auto,System.Collections.Generic.List`1[PlayersWorlds.Maps.Area])" fullname="PlayersWorlds.Maps.Maze.MazeGeneratorTest.IsFillComplete(PlayersWorlds.Maps.Maze.HuntAndKillMazeGenerator,FullHeight,Auto,System.Collections.Generic.List`1[PlayersWorlds.Maps.Area])" methodname="IsFillComplete" classname="PlayersWorlds.Maps.Maze.MazeGeneratorTest" runstate="Runnable" seed="1720687490" result="Passed" start-time="2024-06-07T14:44:57.7644130Z" end-time="2024-06-07T14:44:57.7854010Z" duration="0.020988" asserts="5" />
                <test-case id="1-1648" name="IsFillComplete(PlayersWorlds.Maps.Maze.HuntAndKillMazeGenerator,FullHeight,Auto,System.Collections.Generic.List`1[PlayersWorlds.Maps.Area])" fullname="PlayersWorlds.Maps.Maze.MazeGeneratorTest.IsFillComplete(PlayersWorlds.Maps.Maze.HuntAndKillMazeGenerator,FullHeight,Auto,System.Collections.Generic.List`1[PlayersWorlds.Maps.Area])" methodname="IsFillComplete" classname="PlayersWorlds.Maps.Maze.MazeGeneratorTest" runstate="Runnable" seed="300900518" result="Passed" start-time="2024-06-07T14:44:57.7854130Z" end-time="2024-06-07T14:44:57.8054320Z" duration="0.020020" asserts="5" />
                <test-case id="1-1649" name="IsFillComplete(PlayersWorlds.Maps.Maze.HuntAndKillMazeGenerator,FullHeight,Auto,System.Collections.Generic.List`1[PlayersWorlds.Maps.Area])" fullname="PlayersWorlds.Maps.Maze.MazeGeneratorTest.IsFillComplete(PlayersWorlds.Maps.Maze.HuntAndKillMazeGenerator,FullHeight,Auto,System.Collections.Generic.List`1[PlayersWorlds.Maps.Area])" methodname="IsFillComplete" classname="PlayersWorlds.Maps.Maze.MazeGeneratorTest" runstate="Runnable" seed="65756101" result="Passed" start-time="2024-06-07T14:44:57.8054440Z" end-time="2024-06-07T14:44:57.8460810Z" duration="0.040637" asserts="5" />
                <test-case id="1-1650" name="IsFillComplete(PlayersWorlds.Maps.Maze.HuntAndKillMazeGenerator,FullHeight,Auto,System.Collections.Generic.List`1[PlayersWorlds.Maps.Area])" fullname="PlayersWorlds.Maps.Maze.MazeGeneratorTest.IsFillComplete(PlayersWorlds.Maps.Maze.HuntAndKillMazeGenerator,FullHeight,Auto,System.Collections.Generic.List`1[PlayersWorlds.Maps.Area])" methodname="IsFillComplete" classname="PlayersWorlds.Maps.Maze.MazeGeneratorTest" runstate="Runnable" seed="185721871" result="Passed" start-time="2024-06-07T14:44:57.8461000Z" end-time="2024-06-07T14:44:57.8839270Z" duration="0.037828" asserts="5" />
                <test-case id="1-1651" name="IsFillComplete(PlayersWorlds.Maps.Maze.HuntAndKillMazeGenerator,FullHeight,Manual,null)" fullname="PlayersWorlds.Maps.Maze.MazeGeneratorTest.IsFillComplete(PlayersWorlds.Maps.Maze.HuntAndKillMazeGenerator,FullHeight,Manual,null)" methodname="IsFillComplete" classname="PlayersWorlds.Maps.Maze.MazeGeneratorTest" runstate="Runnable" seed="387970130" result="Passed" start-time="2024-06-07T14:44:57.8839470Z" end-time="2024-06-07T14:44:57.8993150Z" duration="0.015368" asserts="5" />
                <test-case id="1-1652" name="IsFillComplete(PlayersWorlds.Maps.Maze.HuntAndKillMazeGenerator,FullHeight,Manual,System.Collections.Generic.List`1[PlayersWorlds.Maps.Area])" fullname="PlayersWorlds.Maps.Maze.MazeGeneratorTest.IsFillComplete(PlayersWorlds.Maps.Maze.HuntAndKillMazeGenerator,FullHeight,Manual,System.Collections.Generic.List`1[PlayersWorlds.Maps.Area])" methodname="IsFillComplete" classname="PlayersWorlds.Maps.Maze.MazeGeneratorTest" runstate="Runnable" seed="1753769323" result="Passed" start-time="2024-06-07T14:44:57.8993260Z" end-time="2024-06-07T14:44:57.9141830Z" duration="0.014857" asserts="5" />
                <test-case id="1-1653" name="IsFillComplete(PlayersWorlds.Maps.Maze.HuntAndKillMazeGenerator,FullHeight,Manual,System.Collections.Generic.List`1[PlayersWorlds.Maps.Area])" fullname="PlayersWorlds.Maps.Maze.MazeGeneratorTest.IsFillComplete(PlayersWorlds.Maps.Maze.HuntAndKillMazeGenerator,FullHeight,Manual,System.Collections.Generic.List`1[PlayersWorlds.Maps.Area])" methodname="IsFillComplete" classname="PlayersWorlds.Maps.Maze.MazeGeneratorTest" runstate="Runnable" seed="1677095101" result="Passed" start-time="2024-06-07T14:44:57.9141940Z" end-time="2024-06-07T14:44:57.9292600Z" duration="0.015067" asserts="5" />
                <test-case id="1-1654" name="IsFillComplete(PlayersWorlds.Maps.Maze.HuntAndKillMazeGenerator,FullHeight,Manual,System.Collections.Generic.List`1[PlayersWorlds.Maps.Area])" fullname="PlayersWorlds.Maps.Maze.MazeGeneratorTest.IsFillComplete(PlayersWorlds.Maps.Maze.HuntAndKillMazeGenerator,FullHeight,Manual,System.Collections.Generic.List`1[PlayersWorlds.Maps.Area])" methodname="IsFillComplete" classname="PlayersWorlds.Maps.Maze.MazeGeneratorTest" runstate="Runnable" seed="490755041" result="Passed" start-time="2024-06-07T14:44:57.9292790Z" end-time="2024-06-07T14:44:57.9444840Z" duration="0.015205" asserts="5" />
                <test-case id="1-1655" name="IsFillComplete(PlayersWorlds.Maps.Maze.HuntAndKillMazeGenerator,FullHeight,Manual,System.Collections.Generic.List`1[PlayersWorlds.Maps.Area])" fullname="PlayersWorlds.Maps.Maze.MazeGeneratorTest.IsFillComplete(PlayersWorlds.Maps.Maze.HuntAndKillMazeGenerator,FullHeight,Manual,System.Collections.Generic.List`1[PlayersWorlds.Maps.Area])" methodname="IsFillComplete" classname="PlayersWorlds.Maps.Maze.MazeGeneratorTest" runstate="Runnable" seed="1964406430" result="Passed" start-time="2024-06-07T14:44:57.9444950Z" end-time="2024-06-07T14:44:57.9636590Z" duration="0.019164" asserts="5" />
                <test-case id="1-1656" name="IsFillComplete(PlayersWorlds.Maps.Maze.HuntAndKillMazeGenerator,FullHeight,Manual,System.Collections.Generic.List`1[PlayersWorlds.Maps.Area])" fullname="PlayersWorlds.Maps.Maze.MazeGeneratorTest.IsFillComplete(PlayersWorlds.Maps.Maze.HuntAndKillMazeGenerator,FullHeight,Manual,System.Collections.Generic.List`1[PlayersWorlds.Maps.Area])" methodname="IsFillComplete" classname="PlayersWorlds.Maps.Maze.MazeGeneratorTest" runstate="Runnable" seed="2016679412" result="Passed" start-time="2024-06-07T14:44:57.9636710Z" end-time="2024-06-07T14:44:57.9848550Z" duration="0.021184" asserts="5" />
                <test-case id="1-1657" name="IsFillComplete(PlayersWorlds.Maps.Maze.HuntAndKillMazeGenerator,Full,Auto,null)" fullname="PlayersWorlds.Maps.Maze.MazeGeneratorTest.IsFillComplete(PlayersWorlds.Maps.Maze.HuntAndKillMazeGenerator,Full,Auto,null)" methodname="IsFillComplete" classname="PlayersWorlds.Maps.Maze.MazeGeneratorTest" runstate="Runnable" seed="435979409" result="Passed" start-time="2024-06-07T14:44:57.9848660Z" end-time="2024-06-07T14:44:58.0112540Z" duration="0.026388" asserts="5" />
                <test-case id="1-1658" name="IsFillComplete(PlayersWorlds.Maps.Maze.HuntAndKillMazeGenerator,Full,Auto,System.Collections.Generic.List`1[PlayersWorlds.Maps.Area])" fullname="PlayersWorlds.Maps.Maze.MazeGeneratorTest.IsFillComplete(PlayersWorlds.Maps.Maze.HuntAndKillMazeGenerator,Full,Auto,System.Collections.Generic.List`1[PlayersWorlds.Maps.Area])" methodname="IsFillComplete" classname="PlayersWorlds.Maps.Maze.MazeGeneratorTest" runstate="Runnable" seed="1430795179" result="Passed" start-time="2024-06-07T14:44:58.0112730Z" end-time="2024-06-07T14:44:58.0423520Z" duration="0.031078" asserts="5" />
                <test-case id="1-1659" name="IsFillComplete(PlayersWorlds.Maps.Maze.HuntAndKillMazeGenerator,Full,Auto,System.Collections.Generic.List`1[PlayersWorlds.Maps.Area])" fullname="PlayersWorlds.Maps.Maze.MazeGeneratorTest.IsFillComplete(PlayersWorlds.Maps.Maze.HuntAndKillMazeGenerator,Full,Auto,System.Collections.Generic.List`1[PlayersWorlds.Maps.Area])" methodname="IsFillComplete" classname="PlayersWorlds.Maps.Maze.MazeGeneratorTest" runstate="Runnable" seed="622112671" result="Passed" start-time="2024-06-07T14:44:58.0423630Z" end-time="2024-06-07T14:44:58.0826990Z" duration="0.040337" asserts="5" />
                <test-case id="1-1660" name="IsFillComplete(PlayersWorlds.Maps.Maze.HuntAndKillMazeGenerator,Full,Auto,System.Collections.Generic.List`1[PlayersWorlds.Maps.Area])" fullname="PlayersWorlds.Maps.Maze.MazeGeneratorTest.IsFillComplete(PlayersWorlds.Maps.Maze.HuntAndKillMazeGenerator,Full,Auto,System.Collections.Generic.List`1[PlayersWorlds.Maps.Area])" methodname="IsFillComplete" classname="PlayersWorlds.Maps.Maze.MazeGeneratorTest" runstate="Runnable" seed="693018899" result="Passed" start-time="2024-06-07T14:44:58.0827100Z" end-time="2024-06-07T14:44:58.1137880Z" duration="0.031078" asserts="5" />
                <test-case id="1-1661" name="IsFillComplete(PlayersWorlds.Maps.Maze.HuntAndKillMazeGenerator,Full,Auto,System.Collections.Generic.List`1[PlayersWorlds.Maps.Area])" fullname="PlayersWorlds.Maps.Maze.MazeGeneratorTest.IsFillComplete(PlayersWorlds.Maps.Maze.HuntAndKillMazeGenerator,Full,Auto,System.Collections.Generic.List`1[PlayersWorlds.Maps.Area])" methodname="IsFillComplete" classname="PlayersWorlds.Maps.Maze.MazeGeneratorTest" runstate="Runnable" seed="1471445632" result="Passed" start-time="2024-06-07T14:44:58.1138000Z" end-time="2024-06-07T14:44:58.1650940Z" duration="0.051294" asserts="5" />
                <test-case id="1-1662" name="IsFillComplete(PlayersWorlds.Maps.Maze.HuntAndKillMazeGenerator,Full,Auto,System.Collections.Generic.List`1[PlayersWorlds.Maps.Area])" fullname="PlayersWorlds.Maps.Maze.MazeGeneratorTest.IsFillComplete(PlayersWorlds.Maps.Maze.HuntAndKillMazeGenerator,Full,Auto,System.Collections.Generic.List`1[PlayersWorlds.Maps.Area])" methodname="IsFillComplete" classname="PlayersWorlds.Maps.Maze.MazeGeneratorTest" runstate="Runnable" seed="1839895908" result="Passed" start-time="2024-06-07T14:44:58.1651050Z" end-time="2024-06-07T14:44:58.2124210Z" duration="0.047316" asserts="5" />
                <test-case id="1-1663" name="IsFillComplete(PlayersWorlds.Maps.Maze.HuntAndKillMazeGenerator,Full,Manual,null)" fullname="PlayersWorlds.Maps.Maze.MazeGeneratorTest.IsFillComplete(PlayersWorlds.Maps.Maze.HuntAndKillMazeGenerator,Full,Manual,null)" methodname="IsFillComplete" classname="PlayersWorlds.Maps.Maze.MazeGeneratorTest" runstate="Runnable" seed="892716326" result="Passed" start-time="2024-06-07T14:44:58.2124390Z" end-time="2024-06-07T14:44:58.2300630Z" duration="0.017624" asserts="5" />
                <test-case id="1-1664" name="IsFillComplete(PlayersWorlds.Maps.Maze.HuntAndKillMazeGenerator,Full,Manual,System.Collections.Generic.List`1[PlayersWorlds.Maps.Area])" fullname="PlayersWorlds.Maps.Maze.MazeGeneratorTest.IsFillComplete(PlayersWorlds.Maps.Maze.HuntAndKillMazeGenerator,Full,Manual,System.Collections.Generic.List`1[PlayersWorlds.Maps.Area])" methodname="IsFillComplete" classname="PlayersWorlds.Maps.Maze.MazeGeneratorTest" runstate="Runnable" seed="428884417" result="Passed" start-time="2024-06-07T14:44:58.2300740Z" end-time="2024-06-07T14:44:58.2489750Z" duration="0.018902" asserts="5" />
                <test-case id="1-1665" name="IsFillComplete(PlayersWorlds.Maps.Maze.HuntAndKillMazeGenerator,Full,Manual,System.Collections.Generic.List`1[PlayersWorlds.Maps.Area])" fullname="PlayersWorlds.Maps.Maze.MazeGeneratorTest.IsFillComplete(PlayersWorlds.Maps.Maze.HuntAndKillMazeGenerator,Full,Manual,System.Collections.Generic.List`1[PlayersWorlds.Maps.Area])" methodname="IsFillComplete" classname="PlayersWorlds.Maps.Maze.MazeGeneratorTest" runstate="Runnable" seed="82706987" result="Passed" start-time="2024-06-07T14:44:58.2489940Z" end-time="2024-06-07T14:44:58.2663300Z" duration="0.017336" asserts="5" />
                <test-case id="1-1666" name="IsFillComplete(PlayersWorlds.Maps.Maze.HuntAndKillMazeGenerator,Full,Manual,System.Collections.Generic.List`1[PlayersWorlds.Maps.Area])" fullname="PlayersWorlds.Maps.Maze.MazeGeneratorTest.IsFillComplete(PlayersWorlds.Maps.Maze.HuntAndKillMazeGenerator,Full,Manual,System.Collections.Generic.List`1[PlayersWorlds.Maps.Area])" methodname="IsFillComplete" classname="PlayersWorlds.Maps.Maze.MazeGeneratorTest" runstate="Runnable" seed="1834681433" result="Passed" start-time="2024-06-07T14:44:58.2663490Z" end-time="2024-06-07T14:44:58.2842370Z" duration="0.017888" asserts="5" />
                <test-case id="1-1667" name="IsFillComplete(PlayersWorlds.Maps.Maze.HuntAndKillMazeGenerator,Full,Manual,System.Collections.Generic.List`1[PlayersWorlds.Maps.Area])" fullname="PlayersWorlds.Maps.Maze.MazeGeneratorTest.IsFillComplete(PlayersWorlds.Maps.Maze.HuntAndKillMazeGenerator,Full,Manual,System.Collections.Generic.List`1[PlayersWorlds.Maps.Area])" methodname="IsFillComplete" classname="PlayersWorlds.Maps.Maze.MazeGeneratorTest" runstate="Runnable" seed="32170169" result="Passed" start-time="2024-06-07T14:44:58.2842480Z" end-time="2024-06-07T14:44:58.3074140Z" duration="0.023166" asserts="5" />
                <test-case id="1-1668" name="IsFillComplete(PlayersWorlds.Maps.Maze.HuntAndKillMazeGenerator,Full,Manual,System.Collections.Generic.List`1[PlayersWorlds.Maps.Area])" fullname="PlayersWorlds.Maps.Maze.MazeGeneratorTest.IsFillComplete(PlayersWorlds.Maps.Maze.HuntAndKillMazeGenerator,Full,Manual,System.Collections.Generic.List`1[PlayersWorlds.Maps.Area])" methodname="IsFillComplete" classname="PlayersWorlds.Maps.Maze.MazeGeneratorTest" runstate="Runnable" seed="807368347" result="Passed" start-time="2024-06-07T14:44:58.3074250Z" end-time="2024-06-07T14:44:58.3306080Z" duration="0.023183" asserts="5" />
                <test-case id="1-1669" name="IsFillComplete(PlayersWorlds.Maps.Maze.RecursiveBacktrackerMazeGenerator,Quarter,Auto,null)" fullname="PlayersWorlds.Maps.Maze.MazeGeneratorTest.IsFillComplete(PlayersWorlds.Maps.Maze.RecursiveBacktrackerMazeGenerator,Quarter,Auto,null)" methodname="IsFillComplete" classname="PlayersWorlds.Maps.Maze.MazeGeneratorTest" runstate="Runnable" seed="307225092" result="Passed" start-time="2024-06-07T14:44:58.3306190Z" end-time="2024-06-07T14:44:58.3463060Z" duration="0.015687" asserts="5" />
                <test-case id="1-1670" name="IsFillComplete(PlayersWorlds.Maps.Maze.RecursiveBacktrackerMazeGenerator,Quarter,Auto,System.Collections.Generic.List`1[PlayersWorlds.Maps.Area])" fullname="PlayersWorlds.Maps.Maze.MazeGeneratorTest.IsFillComplete(PlayersWorlds.Maps.Maze.RecursiveBacktrackerMazeGenerator,Quarter,Auto,System.Collections.Generic.List`1[PlayersWorlds.Maps.Area])" methodname="IsFillComplete" classname="PlayersWorlds.Maps.Maze.MazeGeneratorTest" runstate="Runnable" seed="91949453" result="Passed" start-time="2024-06-07T14:44:58.3463170Z" end-time="2024-06-07T14:44:58.3726730Z" duration="0.026356" asserts="5" />
                <test-case id="1-1671" name="IsFillComplete(PlayersWorlds.Maps.Maze.RecursiveBacktrackerMazeGenerator,Quarter,Auto,System.Collections.Generic.List`1[PlayersWorlds.Maps.Area])" fullname="PlayersWorlds.Maps.Maze.MazeGeneratorTest.IsFillComplete(PlayersWorlds.Maps.Maze.RecursiveBacktrackerMazeGenerator,Quarter,Auto,System.Collections.Generic.List`1[PlayersWorlds.Maps.Area])" methodname="IsFillComplete" classname="PlayersWorlds.Maps.Maze.MazeGeneratorTest" runstate="Runnable" seed="201423778" result="Passed" start-time="2024-06-07T14:44:58.3726840Z" end-time="2024-06-07T14:44:58.3997400Z" duration="0.027055" asserts="5" />
                <test-case id="1-1672" name="IsFillComplete(PlayersWorlds.Maps.Maze.RecursiveBacktrackerMazeGenerator,Quarter,Auto,System.Collections.Generic.List`1[PlayersWorlds.Maps.Area])" fullname="PlayersWorlds.Maps.Maze.MazeGeneratorTest.IsFillComplete(PlayersWorlds.Maps.Maze.RecursiveBacktrackerMazeGenerator,Quarter,Auto,System.Collections.Generic.List`1[PlayersWorlds.Maps.Area])" methodname="IsFillComplete" classname="PlayersWorlds.Maps.Maze.MazeGeneratorTest" runstate="Runnable" seed="943365846" result="Passed" start-time="2024-06-07T14:44:58.3997510Z" end-time="2024-06-07T14:44:58.4378500Z" duration="0.038099" asserts="5" />
                <test-case id="1-1673" name="IsFillComplete(PlayersWorlds.Maps.Maze.RecursiveBacktrackerMazeGenerator,Quarter,Auto,System.Collections.Generic.List`1[PlayersWorlds.Maps.Area])" fullname="PlayersWorlds.Maps.Maze.MazeGeneratorTest.IsFillComplete(PlayersWorlds.Maps.Maze.RecursiveBacktrackerMazeGenerator,Quarter,Auto,System.Collections.Generic.List`1[PlayersWorlds.Maps.Area])" methodname="IsFillComplete" classname="PlayersWorlds.Maps.Maze.MazeGeneratorTest" runstate="Runnable" seed="1611007788" result="Passed" start-time="2024-06-07T14:44:58.4378680Z" end-time="2024-06-07T14:44:58.4804510Z" duration="0.042583" asserts="5" />
                <test-case id="1-1674" name="IsFillComplete(PlayersWorlds.Maps.Maze.RecursiveBacktrackerMazeGenerator,Quarter,Auto,System.Collections.Generic.List`1[PlayersWorlds.Maps.Area])" fullname="PlayersWorlds.Maps.Maze.MazeGeneratorTest.IsFillComplete(PlayersWorlds.Maps.Maze.RecursiveBacktrackerMazeGenerator,Quarter,Auto,System.Collections.Generic.List`1[PlayersWorlds.Maps.Area])" methodname="IsFillComplete" classname="PlayersWorlds.Maps.Maze.MazeGeneratorTest" runstate="Runnable" seed="463497661" result="Passed" start-time="2024-06-07T14:44:58.4804620Z" end-time="2024-06-07T14:44:58.5053190Z" duration="0.024857" asserts="5" />
                <test-case id="1-1675" name="IsFillComplete(PlayersWorlds.Maps.Maze.RecursiveBacktrackerMazeGenerator,Quarter,Manual,null)" fullname="PlayersWorlds.Maps.Maze.MazeGeneratorTest.IsFillComplete(PlayersWorlds.Maps.Maze.RecursiveBacktrackerMazeGenerator,Quarter,Manual,null)" methodname="IsFillComplete" classname="PlayersWorlds.Maps.Maze.MazeGeneratorTest" runstate="Runnable" seed="1463499449" result="Passed" start-time="2024-06-07T14:44:58.5053310Z" end-time="2024-06-07T14:44:58.5198430Z" duration="0.014513" asserts="5" />
                <test-case id="1-1676" name="IsFillComplete(PlayersWorlds.Maps.Maze.RecursiveBacktrackerMazeGenerator,Quarter,Manual,System.Collections.Generic.List`1[PlayersWorlds.Maps.Area])" fullname="PlayersWorlds.Maps.Maze.MazeGeneratorTest.IsFillComplete(PlayersWorlds.Maps.Maze.RecursiveBacktrackerMazeGenerator,Quarter,Manual,System.Collections.Generic.List`1[PlayersWorlds.Maps.Area])" methodname="IsFillComplete" classname="PlayersWorlds.Maps.Maze.MazeGeneratorTest" runstate="Runnable" seed="724482917" result="Passed" start-time="2024-06-07T14:44:58.5198540Z" end-time="2024-06-07T14:44:58.5343460Z" duration="0.014492" asserts="5" />
                <test-case id="1-1677" name="IsFillComplete(PlayersWorlds.Maps.Maze.RecursiveBacktrackerMazeGenerator,Quarter,Manual,System.Collections.Generic.List`1[PlayersWorlds.Maps.Area])" fullname="PlayersWorlds.Maps.Maze.MazeGeneratorTest.IsFillComplete(PlayersWorlds.Maps.Maze.RecursiveBacktrackerMazeGenerator,Quarter,Manual,System.Collections.Generic.List`1[PlayersWorlds.Maps.Area])" methodname="IsFillComplete" classname="PlayersWorlds.Maps.Maze.MazeGeneratorTest" runstate="Runnable" seed="459613814" result="Passed" start-time="2024-06-07T14:44:58.5343570Z" end-time="2024-06-07T14:44:58.5490900Z" duration="0.014733" asserts="5" />
                <test-case id="1-1678" name="IsFillComplete(PlayersWorlds.Maps.Maze.RecursiveBacktrackerMazeGenerator,Quarter,Manual,System.Collections.Generic.List`1[PlayersWorlds.Maps.Area])" fullname="PlayersWorlds.Maps.Maze.MazeGeneratorTest.IsFillComplete(PlayersWorlds.Maps.Maze.RecursiveBacktrackerMazeGenerator,Quarter,Manual,System.Collections.Generic.List`1[PlayersWorlds.Maps.Area])" methodname="IsFillComplete" classname="PlayersWorlds.Maps.Maze.MazeGeneratorTest" runstate="Runnable" seed="1111818553" result="Passed" start-time="2024-06-07T14:44:58.5491010Z" end-time="2024-06-07T14:44:58.5640900Z" duration="0.014990" asserts="5" />
                <test-case id="1-1679" name="IsFillComplete(PlayersWorlds.Maps.Maze.RecursiveBacktrackerMazeGenerator,Quarter,Manual,System.Collections.Generic.List`1[PlayersWorlds.Maps.Area])" fullname="PlayersWorlds.Maps.Maze.MazeGeneratorTest.IsFillComplete(PlayersWorlds.Maps.Maze.RecursiveBacktrackerMazeGenerator,Quarter,Manual,System.Collections.Generic.List`1[PlayersWorlds.Maps.Area])" methodname="IsFillComplete" classname="PlayersWorlds.Maps.Maze.MazeGeneratorTest" runstate="Runnable" seed="697997730" result="Passed" start-time="2024-06-07T14:44:58.5641010Z" end-time="2024-06-07T14:44:58.5840180Z" duration="0.019918" asserts="5" />
                <test-case id="1-1680" name="IsFillComplete(PlayersWorlds.Maps.Maze.RecursiveBacktrackerMazeGenerator,Quarter,Manual,System.Collections.Generic.List`1[PlayersWorlds.Maps.Area])" fullname="PlayersWorlds.Maps.Maze.MazeGeneratorTest.IsFillComplete(PlayersWorlds.Maps.Maze.RecursiveBacktrackerMazeGenerator,Quarter,Manual,System.Collections.Generic.List`1[PlayersWorlds.Maps.Area])" methodname="IsFillComplete" classname="PlayersWorlds.Maps.Maze.MazeGeneratorTest" runstate="Runnable" seed="2027223972" result="Passed" start-time="2024-06-07T14:44:58.5840300Z" end-time="2024-06-07T14:44:58.6039930Z" duration="0.019963" asserts="5" />
                <test-case id="1-1681" name="IsFillComplete(PlayersWorlds.Maps.Maze.RecursiveBacktrackerMazeGenerator,Half,Auto,null)" fullname="PlayersWorlds.Maps.Maze.MazeGeneratorTest.IsFillComplete(PlayersWorlds.Maps.Maze.RecursiveBacktrackerMazeGenerator,Half,Auto,null)" methodname="IsFillComplete" classname="PlayersWorlds.Maps.Maze.MazeGeneratorTest" runstate="Runnable" seed="871959113" result="Passed" start-time="2024-06-07T14:44:58.6040050Z" end-time="2024-06-07T14:44:58.6252000Z" duration="0.021196" asserts="5" />
                <test-case id="1-1682" name="IsFillComplete(PlayersWorlds.Maps.Maze.RecursiveBacktrackerMazeGenerator,Half,Auto,System.Collections.Generic.List`1[PlayersWorlds.Maps.Area])" fullname="PlayersWorlds.Maps.Maze.MazeGeneratorTest.IsFillComplete(PlayersWorlds.Maps.Maze.RecursiveBacktrackerMazeGenerator,Half,Auto,System.Collections.Generic.List`1[PlayersWorlds.Maps.Area])" methodname="IsFillComplete" classname="PlayersWorlds.Maps.Maze.MazeGeneratorTest" runstate="Runnable" seed="1125862519" result="Passed" start-time="2024-06-07T14:44:58.6252190Z" end-time="2024-06-07T14:44:58.6471360Z" duration="0.021917" asserts="5" />
                <test-case id="1-1683" name="IsFillComplete(PlayersWorlds.Maps.Maze.RecursiveBacktrackerMazeGenerator,Half,Auto,System.Collections.Generic.List`1[PlayersWorlds.Maps.Area])" fullname="PlayersWorlds.Maps.Maze.MazeGeneratorTest.IsFillComplete(PlayersWorlds.Maps.Maze.RecursiveBacktrackerMazeGenerator,Half,Auto,System.Collections.Generic.List`1[PlayersWorlds.Maps.Area])" methodname="IsFillComplete" classname="PlayersWorlds.Maps.Maze.MazeGeneratorTest" runstate="Runnable" seed="1897771486" result="Passed" start-time="2024-06-07T14:44:58.6471470Z" end-time="2024-06-07T14:44:58.6662550Z" duration="0.019108" asserts="5" />
                <test-case id="1-1684" name="IsFillComplete(PlayersWorlds.Maps.Maze.RecursiveBacktrackerMazeGenerator,Half,Auto,System.Collections.Generic.List`1[PlayersWorlds.Maps.Area])" fullname="PlayersWorlds.Maps.Maze.MazeGeneratorTest.IsFillComplete(PlayersWorlds.Maps.Maze.RecursiveBacktrackerMazeGenerator,Half,Auto,System.Collections.Generic.List`1[PlayersWorlds.Maps.Area])" methodname="IsFillComplete" classname="PlayersWorlds.Maps.Maze.MazeGeneratorTest" runstate="Runnable" seed="642915491" result="Passed" start-time="2024-06-07T14:44:58.6662660Z" end-time="2024-06-07T14:44:58.6935830Z" duration="0.027316" asserts="5" />
                <test-case id="1-1685" name="IsFillComplete(PlayersWorlds.Maps.Maze.RecursiveBacktrackerMazeGenerator,Half,Auto,System.Collections.Generic.List`1[PlayersWorlds.Maps.Area])" fullname="PlayersWorlds.Maps.Maze.MazeGeneratorTest.IsFillComplete(PlayersWorlds.Maps.Maze.RecursiveBacktrackerMazeGenerator,Half,Auto,System.Collections.Generic.List`1[PlayersWorlds.Maps.Area])" methodname="IsFillComplete" classname="PlayersWorlds.Maps.Maze.MazeGeneratorTest" runstate="Runnable" seed="2113322410" result="Passed" start-time="2024-06-07T14:44:58.6935950Z" end-time="2024-06-07T14:44:58.7344390Z" duration="0.040844" asserts="5" />
                <test-case id="1-1686" name="IsFillComplete(PlayersWorlds.Maps.Maze.RecursiveBacktrackerMazeGenerator,Half,Auto,System.Collections.Generic.List`1[PlayersWorlds.Maps.Area])" fullname="PlayersWorlds.Maps.Maze.MazeGeneratorTest.IsFillComplete(PlayersWorlds.Maps.Maze.RecursiveBacktrackerMazeGenerator,Half,Auto,System.Collections.Generic.List`1[PlayersWorlds.Maps.Area])" methodname="IsFillComplete" classname="PlayersWorlds.Maps.Maze.MazeGeneratorTest" runstate="Runnable" seed="557406201" result="Passed" start-time="2024-06-07T14:44:58.7344500Z" end-time="2024-06-07T14:44:58.7800220Z" duration="0.045572" asserts="5" />
                <test-case id="1-1687" name="IsFillComplete(PlayersWorlds.Maps.Maze.RecursiveBacktrackerMazeGenerator,Half,Manual,null)" fullname="PlayersWorlds.Maps.Maze.MazeGeneratorTest.IsFillComplete(PlayersWorlds.Maps.Maze.RecursiveBacktrackerMazeGenerator,Half,Manual,null)" methodname="IsFillComplete" classname="PlayersWorlds.Maps.Maze.MazeGeneratorTest" runstate="Runnable" seed="724827907" result="Passed" start-time="2024-06-07T14:44:58.7800330Z" end-time="2024-06-07T14:44:58.7961240Z" duration="0.016091" asserts="5" />
                <test-case id="1-1688" name="IsFillComplete(PlayersWorlds.Maps.Maze.RecursiveBacktrackerMazeGenerator,Half,Manual,System.Collections.Generic.List`1[PlayersWorlds.Maps.Area])" fullname="PlayersWorlds.Maps.Maze.MazeGeneratorTest.IsFillComplete(PlayersWorlds.Maps.Maze.RecursiveBacktrackerMazeGenerator,Half,Manual,System.Collections.Generic.List`1[PlayersWorlds.Maps.Area])" methodname="IsFillComplete" classname="PlayersWorlds.Maps.Maze.MazeGeneratorTest" runstate="Runnable" seed="2039642672" result="Passed" start-time="2024-06-07T14:44:58.7961350Z" end-time="2024-06-07T14:44:58.8109860Z" duration="0.014850" asserts="5" />
                <test-case id="1-1689" name="IsFillComplete(PlayersWorlds.Maps.Maze.RecursiveBacktrackerMazeGenerator,Half,Manual,System.Collections.Generic.List`1[PlayersWorlds.Maps.Area])" fullname="PlayersWorlds.Maps.Maze.MazeGeneratorTest.IsFillComplete(PlayersWorlds.Maps.Maze.RecursiveBacktrackerMazeGenerator,Half,Manual,System.Collections.Generic.List`1[PlayersWorlds.Maps.Area])" methodname="IsFillComplete" classname="PlayersWorlds.Maps.Maze.MazeGeneratorTest" runstate="Runnable" seed="1974458312" result="Passed" start-time="2024-06-07T14:44:58.8109970Z" end-time="2024-06-07T14:44:58.8267660Z" duration="0.015769" asserts="5" />
                <test-case id="1-1690" name="IsFillComplete(PlayersWorlds.Maps.Maze.RecursiveBacktrackerMazeGenerator,Half,Manual,System.Collections.Generic.List`1[PlayersWorlds.Maps.Area])" fullname="PlayersWorlds.Maps.Maze.MazeGeneratorTest.IsFillComplete(PlayersWorlds.Maps.Maze.RecursiveBacktrackerMazeGenerator,Half,Manual,System.Collections.Generic.List`1[PlayersWorlds.Maps.Area])" methodname="IsFillComplete" classname="PlayersWorlds.Maps.Maze.MazeGeneratorTest" runstate="Runnable" seed="1511132040" result="Passed" start-time="2024-06-07T14:44:58.8267760Z" end-time="2024-06-07T14:44:58.8414000Z" duration="0.014623" asserts="5" />
                <test-case id="1-1691" name="IsFillComplete(PlayersWorlds.Maps.Maze.RecursiveBacktrackerMazeGenerator,Half,Manual,System.Collections.Generic.List`1[PlayersWorlds.Maps.Area])" fullname="PlayersWorlds.Maps.Maze.MazeGeneratorTest.IsFillComplete(PlayersWorlds.Maps.Maze.RecursiveBacktrackerMazeGenerator,Half,Manual,System.Collections.Generic.List`1[PlayersWorlds.Maps.Area])" methodname="IsFillComplete" classname="PlayersWorlds.Maps.Maze.MazeGeneratorTest" runstate="Runnable" seed="592661366" result="Passed" start-time="2024-06-07T14:44:58.8414110Z" end-time="2024-06-07T14:44:58.8620950Z" duration="0.020684" asserts="5" />
                <test-case id="1-1692" name="IsFillComplete(PlayersWorlds.Maps.Maze.RecursiveBacktrackerMazeGenerator,Half,Manual,System.Collections.Generic.List`1[PlayersWorlds.Maps.Area])" fullname="PlayersWorlds.Maps.Maze.MazeGeneratorTest.IsFillComplete(PlayersWorlds.Maps.Maze.RecursiveBacktrackerMazeGenerator,Half,Manual,System.Collections.Generic.List`1[PlayersWorlds.Maps.Area])" methodname="IsFillComplete" classname="PlayersWorlds.Maps.Maze.MazeGeneratorTest" runstate="Runnable" seed="640240148" result="Passed" start-time="2024-06-07T14:44:58.8621060Z" end-time="2024-06-07T14:44:58.8830000Z" duration="0.020894" asserts="5" />
                <test-case id="1-1693" name="IsFillComplete(PlayersWorlds.Maps.Maze.RecursiveBacktrackerMazeGenerator,ThreeQuarters,Auto,null)" fullname="PlayersWorlds.Maps.Maze.MazeGeneratorTest.IsFillComplete(PlayersWorlds.Maps.Maze.RecursiveBacktrackerMazeGenerator,ThreeQuarters,Auto,null)" methodname="IsFillComplete" classname="PlayersWorlds.Maps.Maze.MazeGeneratorTest" runstate="Runnable" seed="679844952" result="Passed" start-time="2024-06-07T14:44:58.8830190Z" end-time="2024-06-07T14:44:58.8903890Z" duration="0.007371" asserts="5" />
                <test-case id="1-1694" name="IsFillComplete(PlayersWorlds.Maps.Maze.RecursiveBacktrackerMazeGenerator,ThreeQuarters,Auto,System.Collections.Generic.List`1[PlayersWorlds.Maps.Area])" fullname="PlayersWorlds.Maps.Maze.MazeGeneratorTest.IsFillComplete(PlayersWorlds.Maps.Maze.RecursiveBacktrackerMazeGenerator,ThreeQuarters,Auto,System.Collections.Generic.List`1[PlayersWorlds.Maps.Area])" methodname="IsFillComplete" classname="PlayersWorlds.Maps.Maze.MazeGeneratorTest" runstate="Runnable" seed="18593100" result="Passed" start-time="2024-06-07T14:44:58.8904010Z" end-time="2024-06-07T14:44:58.9131560Z" duration="0.022755" asserts="5" />
                <test-case id="1-1695" name="IsFillComplete(PlayersWorlds.Maps.Maze.RecursiveBacktrackerMazeGenerator,ThreeQuarters,Auto,System.Collections.Generic.List`1[PlayersWorlds.Maps.Area])" fullname="PlayersWorlds.Maps.Maze.MazeGeneratorTest.IsFillComplete(PlayersWorlds.Maps.Maze.RecursiveBacktrackerMazeGenerator,ThreeQuarters,Auto,System.Collections.Generic.List`1[PlayersWorlds.Maps.Area])" methodname="IsFillComplete" classname="PlayersWorlds.Maps.Maze.MazeGeneratorTest" runstate="Runnable" seed="1960511976" result="Passed" start-time="2024-06-07T14:44:58.9131670Z" end-time="2024-06-07T14:44:58.9307410Z" duration="0.017574" asserts="5" />
                <test-case id="1-1696" name="IsFillComplete(PlayersWorlds.Maps.Maze.RecursiveBacktrackerMazeGenerator,ThreeQuarters,Auto,System.Collections.Generic.List`1[PlayersWorlds.Maps.Area])" fullname="PlayersWorlds.Maps.Maze.MazeGeneratorTest.IsFillComplete(PlayersWorlds.Maps.Maze.RecursiveBacktrackerMazeGenerator,ThreeQuarters,Auto,System.Collections.Generic.List`1[PlayersWorlds.Maps.Area])" methodname="IsFillComplete" classname="PlayersWorlds.Maps.Maze.MazeGeneratorTest" runstate="Runnable" seed="188592038" result="Passed" start-time="2024-06-07T14:44:58.9307520Z" end-time="2024-06-07T14:44:58.9573650Z" duration="0.026613" asserts="5" />
                <test-case id="1-1697" name="IsFillComplete(PlayersWorlds.Maps.Maze.RecursiveBacktrackerMazeGenerator,ThreeQuarters,Auto,System.Collections.Generic.List`1[PlayersWorlds.Maps.Area])" fullname="PlayersWorlds.Maps.Maze.MazeGeneratorTest.IsFillComplete(PlayersWorlds.Maps.Maze.RecursiveBacktrackerMazeGenerator,ThreeQuarters,Auto,System.Collections.Generic.List`1[PlayersWorlds.Maps.Area])" methodname="IsFillComplete" classname="PlayersWorlds.Maps.Maze.MazeGeneratorTest" runstate="Runnable" seed="1648491644" result="Passed" start-time="2024-06-07T14:44:58.9573770Z" end-time="2024-06-07T14:44:58.9955580Z" duration="0.038182" asserts="5" />
                <test-case id="1-1698" name="IsFillComplete(PlayersWorlds.Maps.Maze.RecursiveBacktrackerMazeGenerator,ThreeQuarters,Auto,System.Collections.Generic.List`1[PlayersWorlds.Maps.Area])" fullname="PlayersWorlds.Maps.Maze.MazeGeneratorTest.IsFillComplete(PlayersWorlds.Maps.Maze.RecursiveBacktrackerMazeGenerator,ThreeQuarters,Auto,System.Collections.Generic.List`1[PlayersWorlds.Maps.Area])" methodname="IsFillComplete" classname="PlayersWorlds.Maps.Maze.MazeGeneratorTest" runstate="Runnable" seed="2119394151" result="Passed" start-time="2024-06-07T14:44:58.9955700Z" end-time="2024-06-07T14:44:59.0208410Z" duration="0.025271" asserts="5" />
                <test-case id="1-1699" name="IsFillComplete(PlayersWorlds.Maps.Maze.RecursiveBacktrackerMazeGenerator,ThreeQuarters,Manual,null)" fullname="PlayersWorlds.Maps.Maze.MazeGeneratorTest.IsFillComplete(PlayersWorlds.Maps.Maze.RecursiveBacktrackerMazeGenerator,ThreeQuarters,Manual,null)" methodname="IsFillComplete" classname="PlayersWorlds.Maps.Maze.MazeGeneratorTest" runstate="Runnable" seed="831083931" result="Passed" start-time="2024-06-07T14:44:59.0208580Z" end-time="2024-06-07T14:44:59.0376080Z" duration="0.016751" asserts="5" />
                <test-case id="1-1700" name="IsFillComplete(PlayersWorlds.Maps.Maze.RecursiveBacktrackerMazeGenerator,ThreeQuarters,Manual,System.Collections.Generic.List`1[PlayersWorlds.Maps.Area])" fullname="PlayersWorlds.Maps.Maze.MazeGeneratorTest.IsFillComplete(PlayersWorlds.Maps.Maze.RecursiveBacktrackerMazeGenerator,ThreeQuarters,Manual,System.Collections.Generic.List`1[PlayersWorlds.Maps.Area])" methodname="IsFillComplete" classname="PlayersWorlds.Maps.Maze.MazeGeneratorTest" runstate="Runnable" seed="965643407" result="Passed" start-time="2024-06-07T14:44:59.0376180Z" end-time="2024-06-07T14:44:59.0549560Z" duration="0.017337" asserts="5" />
                <test-case id="1-1701" name="IsFillComplete(PlayersWorlds.Maps.Maze.RecursiveBacktrackerMazeGenerator,ThreeQuarters,Manual,System.Collections.Generic.List`1[PlayersWorlds.Maps.Area])" fullname="PlayersWorlds.Maps.Maze.MazeGeneratorTest.IsFillComplete(PlayersWorlds.Maps.Maze.RecursiveBacktrackerMazeGenerator,ThreeQuarters,Manual,System.Collections.Generic.List`1[PlayersWorlds.Maps.Area])" methodname="IsFillComplete" classname="PlayersWorlds.Maps.Maze.MazeGeneratorTest" runstate="Runnable" seed="1133627823" result="Passed" start-time="2024-06-07T14:44:59.0549660Z" end-time="2024-06-07T14:44:59.0719290Z" duration="0.016964" asserts="5" />
                <test-case id="1-1702" name="IsFillComplete(PlayersWorlds.Maps.Maze.RecursiveBacktrackerMazeGenerator,ThreeQuarters,Manual,System.Collections.Generic.List`1[PlayersWorlds.Maps.Area])" fullname="PlayersWorlds.Maps.Maze.MazeGeneratorTest.IsFillComplete(PlayersWorlds.Maps.Maze.RecursiveBacktrackerMazeGenerator,ThreeQuarters,Manual,System.Collections.Generic.List`1[PlayersWorlds.Maps.Area])" methodname="IsFillComplete" classname="PlayersWorlds.Maps.Maze.MazeGeneratorTest" runstate="Runnable" seed="913319143" result="Passed" start-time="2024-06-07T14:44:59.0719400Z" end-time="2024-06-07T14:44:59.0898540Z" duration="0.017914" asserts="5" />
                <test-case id="1-1703" name="IsFillComplete(PlayersWorlds.Maps.Maze.RecursiveBacktrackerMazeGenerator,ThreeQuarters,Manual,System.Collections.Generic.List`1[PlayersWorlds.Maps.Area])" fullname="PlayersWorlds.Maps.Maze.MazeGeneratorTest.IsFillComplete(PlayersWorlds.Maps.Maze.RecursiveBacktrackerMazeGenerator,ThreeQuarters,Manual,System.Collections.Generic.List`1[PlayersWorlds.Maps.Area])" methodname="IsFillComplete" classname="PlayersWorlds.Maps.Maze.MazeGeneratorTest" runstate="Runnable" seed="2141159073" result="Passed" start-time="2024-06-07T14:44:59.0898640Z" end-time="2024-06-07T14:44:59.1097140Z" duration="0.019850" asserts="5" />
                <test-case id="1-1704" name="IsFillComplete(PlayersWorlds.Maps.Maze.RecursiveBacktrackerMazeGenerator,ThreeQuarters,Manual,System.Collections.Generic.List`1[PlayersWorlds.Maps.Area])" fullname="PlayersWorlds.Maps.Maze.MazeGeneratorTest.IsFillComplete(PlayersWorlds.Maps.Maze.RecursiveBacktrackerMazeGenerator,ThreeQuarters,Manual,System.Collections.Generic.List`1[PlayersWorlds.Maps.Area])" methodname="IsFillComplete" classname="PlayersWorlds.Maps.Maze.MazeGeneratorTest" runstate="Runnable" seed="2121290295" result="Passed" start-time="2024-06-07T14:44:59.1097250Z" end-time="2024-06-07T14:44:59.1310750Z" duration="0.021350" asserts="5" />
                <test-case id="1-1705" name="IsFillComplete(PlayersWorlds.Maps.Maze.RecursiveBacktrackerMazeGenerator,NinetyPercent,Auto,null)" fullname="PlayersWorlds.Maps.Maze.MazeGeneratorTest.IsFillComplete(PlayersWorlds.Maps.Maze.RecursiveBacktrackerMazeGenerator,NinetyPercent,Auto,null)" methodname="IsFillComplete" classname="PlayersWorlds.Maps.Maze.MazeGeneratorTest" runstate="Runnable" seed="2131781740" result="Passed" start-time="2024-06-07T14:44:59.1310850Z" end-time="2024-06-07T14:44:59.1535410Z" duration="0.022457" asserts="5" />
                <test-case id="1-1706" name="IsFillComplete(PlayersWorlds.Maps.Maze.RecursiveBacktrackerMazeGenerator,NinetyPercent,Auto,System.Collections.Generic.List`1[PlayersWorlds.Maps.Area])" fullname="PlayersWorlds.Maps.Maze.MazeGeneratorTest.IsFillComplete(PlayersWorlds.Maps.Maze.RecursiveBacktrackerMazeGenerator,NinetyPercent,Auto,System.Collections.Generic.List`1[PlayersWorlds.Maps.Area])" methodname="IsFillComplete" classname="PlayersWorlds.Maps.Maze.MazeGeneratorTest" runstate="Runnable" seed="1592087931" result="Passed" start-time="2024-06-07T14:44:59.1535520Z" end-time="2024-06-07T14:44:59.1704050Z" duration="0.016853" asserts="5" />
                <test-case id="1-1707" name="IsFillComplete(PlayersWorlds.Maps.Maze.RecursiveBacktrackerMazeGenerator,NinetyPercent,Auto,System.Collections.Generic.List`1[PlayersWorlds.Maps.Area])" fullname="PlayersWorlds.Maps.Maze.MazeGeneratorTest.IsFillComplete(PlayersWorlds.Maps.Maze.RecursiveBacktrackerMazeGenerator,NinetyPercent,Auto,System.Collections.Generic.List`1[PlayersWorlds.Maps.Area])" methodname="IsFillComplete" classname="PlayersWorlds.Maps.Maze.MazeGeneratorTest" runstate="Runnable" seed="142761535" result="Passed" start-time="2024-06-07T14:44:59.1704230Z" end-time="2024-06-07T14:44:59.2009350Z" duration="0.030511" asserts="5" />
                <test-case id="1-1708" name="IsFillComplete(PlayersWorlds.Maps.Maze.RecursiveBacktrackerMazeGenerator,NinetyPercent,Auto,System.Collections.Generic.List`1[PlayersWorlds.Maps.Area])" fullname="PlayersWorlds.Maps.Maze.MazeGeneratorTest.IsFillComplete(PlayersWorlds.Maps.Maze.RecursiveBacktrackerMazeGenerator,NinetyPercent,Auto,System.Collections.Generic.List`1[PlayersWorlds.Maps.Area])" methodname="IsFillComplete" classname="PlayersWorlds.Maps.Maze.MazeGeneratorTest" runstate="Runnable" seed="1213597440" result="Passed" start-time="2024-06-07T14:44:59.2009460Z" end-time="2024-06-07T14:44:59.2410050Z" duration="0.040059" asserts="5" />
                <test-case id="1-1709" name="IsFillComplete(PlayersWorlds.Maps.Maze.RecursiveBacktrackerMazeGenerator,NinetyPercent,Auto,System.Collections.Generic.List`1[PlayersWorlds.Maps.Area])" fullname="PlayersWorlds.Maps.Maze.MazeGeneratorTest.IsFillComplete(PlayersWorlds.Maps.Maze.RecursiveBacktrackerMazeGenerator,NinetyPercent,Auto,System.Collections.Generic.List`1[PlayersWorlds.Maps.Area])" methodname="IsFillComplete" classname="PlayersWorlds.Maps.Maze.MazeGeneratorTest" runstate="Runnable" seed="1174739239" result="Passed" start-time="2024-06-07T14:44:59.2410160Z" end-time="2024-06-07T14:44:59.2738230Z" duration="0.032808" asserts="5" />
                <test-case id="1-1710" name="IsFillComplete(PlayersWorlds.Maps.Maze.RecursiveBacktrackerMazeGenerator,NinetyPercent,Auto,System.Collections.Generic.List`1[PlayersWorlds.Maps.Area])" fullname="PlayersWorlds.Maps.Maze.MazeGeneratorTest.IsFillComplete(PlayersWorlds.Maps.Maze.RecursiveBacktrackerMazeGenerator,NinetyPercent,Auto,System.Collections.Generic.List`1[PlayersWorlds.Maps.Area])" methodname="IsFillComplete" classname="PlayersWorlds.Maps.Maze.MazeGeneratorTest" runstate="Runnable" seed="1239923513" result="Passed" start-time="2024-06-07T14:44:59.2738330Z" end-time="2024-06-07T14:44:59.3185550Z" duration="0.044722" asserts="5" />
                <test-case id="1-1711" name="IsFillComplete(PlayersWorlds.Maps.Maze.RecursiveBacktrackerMazeGenerator,NinetyPercent,Manual,null)" fullname="PlayersWorlds.Maps.Maze.MazeGeneratorTest.IsFillComplete(PlayersWorlds.Maps.Maze.RecursiveBacktrackerMazeGenerator,NinetyPercent,Manual,null)" methodname="IsFillComplete" classname="PlayersWorlds.Maps.Maze.MazeGeneratorTest" runstate="Runnable" seed="1557065598" result="Passed" start-time="2024-06-07T14:44:59.3185660Z" end-time="2024-06-07T14:44:59.3364510Z" duration="0.017886" asserts="5" />
                <test-case id="1-1712" name="IsFillComplete(PlayersWorlds.Maps.Maze.RecursiveBacktrackerMazeGenerator,NinetyPercent,Manual,System.Collections.Generic.List`1[PlayersWorlds.Maps.Area])" fullname="PlayersWorlds.Maps.Maze.MazeGeneratorTest.IsFillComplete(PlayersWorlds.Maps.Maze.RecursiveBacktrackerMazeGenerator,NinetyPercent,Manual,System.Collections.Generic.List`1[PlayersWorlds.Maps.Area])" methodname="IsFillComplete" classname="PlayersWorlds.Maps.Maze.MazeGeneratorTest" runstate="Runnable" seed="1471644503" result="Passed" start-time="2024-06-07T14:44:59.3364610Z" end-time="2024-06-07T14:44:59.3539210Z" duration="0.017460" asserts="5" />
                <test-case id="1-1713" name="IsFillComplete(PlayersWorlds.Maps.Maze.RecursiveBacktrackerMazeGenerator,NinetyPercent,Manual,System.Collections.Generic.List`1[PlayersWorlds.Maps.Area])" fullname="PlayersWorlds.Maps.Maze.MazeGeneratorTest.IsFillComplete(PlayersWorlds.Maps.Maze.RecursiveBacktrackerMazeGenerator,NinetyPercent,Manual,System.Collections.Generic.List`1[PlayersWorlds.Maps.Area])" methodname="IsFillComplete" classname="PlayersWorlds.Maps.Maze.MazeGeneratorTest" runstate="Runnable" seed="732797449" result="Passed" start-time="2024-06-07T14:44:59.3539370Z" end-time="2024-06-07T14:44:59.3686040Z" duration="0.014667" asserts="5" />
                <test-case id="1-1714" name="IsFillComplete(PlayersWorlds.Maps.Maze.RecursiveBacktrackerMazeGenerator,NinetyPercent,Manual,System.Collections.Generic.List`1[PlayersWorlds.Maps.Area])" fullname="PlayersWorlds.Maps.Maze.MazeGeneratorTest.IsFillComplete(PlayersWorlds.Maps.Maze.RecursiveBacktrackerMazeGenerator,NinetyPercent,Manual,System.Collections.Generic.List`1[PlayersWorlds.Maps.Area])" methodname="IsFillComplete" classname="PlayersWorlds.Maps.Maze.MazeGeneratorTest" runstate="Runnable" seed="742372346" result="Passed" start-time="2024-06-07T14:44:59.3686220Z" end-time="2024-06-07T14:44:59.3869060Z" duration="0.018284" asserts="5" />
                <test-case id="1-1715" name="IsFillComplete(PlayersWorlds.Maps.Maze.RecursiveBacktrackerMazeGenerator,NinetyPercent,Manual,System.Collections.Generic.List`1[PlayersWorlds.Maps.Area])" fullname="PlayersWorlds.Maps.Maze.MazeGeneratorTest.IsFillComplete(PlayersWorlds.Maps.Maze.RecursiveBacktrackerMazeGenerator,NinetyPercent,Manual,System.Collections.Generic.List`1[PlayersWorlds.Maps.Area])" methodname="IsFillComplete" classname="PlayersWorlds.Maps.Maze.MazeGeneratorTest" runstate="Runnable" seed="1968543433" result="Passed" start-time="2024-06-07T14:44:59.3869160Z" end-time="2024-06-07T14:44:59.4101400Z" duration="0.023224" asserts="5" />
                <test-case id="1-1716" name="IsFillComplete(PlayersWorlds.Maps.Maze.RecursiveBacktrackerMazeGenerator,NinetyPercent,Manual,System.Collections.Generic.List`1[PlayersWorlds.Maps.Area])" fullname="PlayersWorlds.Maps.Maze.MazeGeneratorTest.IsFillComplete(PlayersWorlds.Maps.Maze.RecursiveBacktrackerMazeGenerator,NinetyPercent,Manual,System.Collections.Generic.List`1[PlayersWorlds.Maps.Area])" methodname="IsFillComplete" classname="PlayersWorlds.Maps.Maze.MazeGeneratorTest" runstate="Runnable" seed="345583113" result="Passed" start-time="2024-06-07T14:44:59.4101500Z" end-time="2024-06-07T14:44:59.4335190Z" duration="0.023369" asserts="5" />
                <test-case id="1-1717" name="IsFillComplete(PlayersWorlds.Maps.Maze.RecursiveBacktrackerMazeGenerator,FullWidth,Auto,null)" fullname="PlayersWorlds.Maps.Maze.MazeGeneratorTest.IsFillComplete(PlayersWorlds.Maps.Maze.RecursiveBacktrackerMazeGenerator,FullWidth,Auto,null)" methodname="IsFillComplete" classname="PlayersWorlds.Maps.Maze.MazeGeneratorTest" runstate="Runnable" seed="2089608069" result="Passed" start-time="2024-06-07T14:44:59.4335290Z" end-time="2024-06-07T14:44:59.4411550Z" duration="0.007626" asserts="5" />
                <test-case id="1-1718" name="IsFillComplete(PlayersWorlds.Maps.Maze.RecursiveBacktrackerMazeGenerator,FullWidth,Auto,System.Collections.Generic.List`1[PlayersWorlds.Maps.Area])" fullname="PlayersWorlds.Maps.Maze.MazeGeneratorTest.IsFillComplete(PlayersWorlds.Maps.Maze.RecursiveBacktrackerMazeGenerator,FullWidth,Auto,System.Collections.Generic.List`1[PlayersWorlds.Maps.Area])" methodname="IsFillComplete" classname="PlayersWorlds.Maps.Maze.MazeGeneratorTest" runstate="Runnable" seed="249800835" result="Passed" start-time="2024-06-07T14:44:59.4411720Z" end-time="2024-06-07T14:44:59.4721860Z" duration="0.031013" asserts="5" />
                <test-case id="1-1719" name="IsFillComplete(PlayersWorlds.Maps.Maze.RecursiveBacktrackerMazeGenerator,FullWidth,Auto,System.Collections.Generic.List`1[PlayersWorlds.Maps.Area])" fullname="PlayersWorlds.Maps.Maze.MazeGeneratorTest.IsFillComplete(PlayersWorlds.Maps.Maze.RecursiveBacktrackerMazeGenerator,FullWidth,Auto,System.Collections.Generic.List`1[PlayersWorlds.Maps.Area])" methodname="IsFillComplete" classname="PlayersWorlds.Maps.Maze.MazeGeneratorTest" runstate="Runnable" seed="463045654" result="Passed" start-time="2024-06-07T14:44:59.4721960Z" end-time="2024-06-07T14:44:59.5091440Z" duration="0.036948" asserts="5" />
                <test-case id="1-1720" name="IsFillComplete(PlayersWorlds.Maps.Maze.RecursiveBacktrackerMazeGenerator,FullWidth,Auto,System.Collections.Generic.List`1[PlayersWorlds.Maps.Area])" fullname="PlayersWorlds.Maps.Maze.MazeGeneratorTest.IsFillComplete(PlayersWorlds.Maps.Maze.RecursiveBacktrackerMazeGenerator,FullWidth,Auto,System.Collections.Generic.List`1[PlayersWorlds.Maps.Area])" methodname="IsFillComplete" classname="PlayersWorlds.Maps.Maze.MazeGeneratorTest" runstate="Runnable" seed="1672784433" result="Passed" start-time="2024-06-07T14:44:59.5091620Z" end-time="2024-06-07T14:44:59.5446210Z" duration="0.035458" asserts="5" />
                <test-case id="1-1721" name="IsFillComplete(PlayersWorlds.Maps.Maze.RecursiveBacktrackerMazeGenerator,FullWidth,Auto,System.Collections.Generic.List`1[PlayersWorlds.Maps.Area])" fullname="PlayersWorlds.Maps.Maze.MazeGeneratorTest.IsFillComplete(PlayersWorlds.Maps.Maze.RecursiveBacktrackerMazeGenerator,FullWidth,Auto,System.Collections.Generic.List`1[PlayersWorlds.Maps.Area])" methodname="IsFillComplete" classname="PlayersWorlds.Maps.Maze.MazeGeneratorTest" runstate="Runnable" seed="1109853526" result="Passed" start-time="2024-06-07T14:44:59.5446310Z" end-time="2024-06-07T14:44:59.5792660Z" duration="0.034635" asserts="5" />
                <test-case id="1-1722" name="IsFillComplete(PlayersWorlds.Maps.Maze.RecursiveBacktrackerMazeGenerator,FullWidth,Auto,System.Collections.Generic.List`1[PlayersWorlds.Maps.Area])" fullname="PlayersWorlds.Maps.Maze.MazeGeneratorTest.IsFillComplete(PlayersWorlds.Maps.Maze.RecursiveBacktrackerMazeGenerator,FullWidth,Auto,System.Collections.Generic.List`1[PlayersWorlds.Maps.Area])" methodname="IsFillComplete" classname="PlayersWorlds.Maps.Maze.MazeGeneratorTest" runstate="Runnable" seed="140011144" result="Passed" start-time="2024-06-07T14:44:59.5792760Z" end-time="2024-06-07T14:44:59.6070530Z" duration="0.027777" asserts="5" />
                <test-case id="1-1723" name="IsFillComplete(PlayersWorlds.Maps.Maze.RecursiveBacktrackerMazeGenerator,FullWidth,Manual,null)" fullname="PlayersWorlds.Maps.Maze.MazeGeneratorTest.IsFillComplete(PlayersWorlds.Maps.Maze.RecursiveBacktrackerMazeGenerator,FullWidth,Manual,null)" methodname="IsFillComplete" classname="PlayersWorlds.Maps.Maze.MazeGeneratorTest" runstate="Runnable" seed="980393682" result="Passed" start-time="2024-06-07T14:44:59.6070630Z" end-time="2024-06-07T14:44:59.6227440Z" duration="0.015681" asserts="5" />
                <test-case id="1-1724" name="IsFillComplete(PlayersWorlds.Maps.Maze.RecursiveBacktrackerMazeGenerator,FullWidth,Manual,System.Collections.Generic.List`1[PlayersWorlds.Maps.Area])" fullname="PlayersWorlds.Maps.Maze.MazeGeneratorTest.IsFillComplete(PlayersWorlds.Maps.Maze.RecursiveBacktrackerMazeGenerator,FullWidth,Manual,System.Collections.Generic.List`1[PlayersWorlds.Maps.Area])" methodname="IsFillComplete" classname="PlayersWorlds.Maps.Maze.MazeGeneratorTest" runstate="Runnable" seed="943576699" result="Passed" start-time="2024-06-07T14:44:59.6227540Z" end-time="2024-06-07T14:44:59.6376200Z" duration="0.014867" asserts="5" />
                <test-case id="1-1725" name="IsFillComplete(PlayersWorlds.Maps.Maze.RecursiveBacktrackerMazeGenerator,FullWidth,Manual,System.Collections.Generic.List`1[PlayersWorlds.Maps.Area])" fullname="PlayersWorlds.Maps.Maze.MazeGeneratorTest.IsFillComplete(PlayersWorlds.Maps.Maze.RecursiveBacktrackerMazeGenerator,FullWidth,Manual,System.Collections.Generic.List`1[PlayersWorlds.Maps.Area])" methodname="IsFillComplete" classname="PlayersWorlds.Maps.Maze.MazeGeneratorTest" runstate="Runnable" seed="1646771734" result="Passed" start-time="2024-06-07T14:44:59.6376300Z" end-time="2024-06-07T14:44:59.6532940Z" duration="0.015664" asserts="5" />
                <test-case id="1-1726" name="IsFillComplete(PlayersWorlds.Maps.Maze.RecursiveBacktrackerMazeGenerator,FullWidth,Manual,System.Collections.Generic.List`1[PlayersWorlds.Maps.Area])" fullname="PlayersWorlds.Maps.Maze.MazeGeneratorTest.IsFillComplete(PlayersWorlds.Maps.Maze.RecursiveBacktrackerMazeGenerator,FullWidth,Manual,System.Collections.Generic.List`1[PlayersWorlds.Maps.Area])" methodname="IsFillComplete" classname="PlayersWorlds.Maps.Maze.MazeGeneratorTest" runstate="Runnable" seed="1708667277" result="Passed" start-time="2024-06-07T14:44:59.6533040Z" end-time="2024-06-07T14:44:59.6677610Z" duration="0.014457" asserts="5" />
                <test-case id="1-1727" name="IsFillComplete(PlayersWorlds.Maps.Maze.RecursiveBacktrackerMazeGenerator,FullWidth,Manual,System.Collections.Generic.List`1[PlayersWorlds.Maps.Area])" fullname="PlayersWorlds.Maps.Maze.MazeGeneratorTest.IsFillComplete(PlayersWorlds.Maps.Maze.RecursiveBacktrackerMazeGenerator,FullWidth,Manual,System.Collections.Generic.List`1[PlayersWorlds.Maps.Area])" methodname="IsFillComplete" classname="PlayersWorlds.Maps.Maze.MazeGeneratorTest" runstate="Runnable" seed="263520894" result="Passed" start-time="2024-06-07T14:44:59.6677790Z" end-time="2024-06-07T14:44:59.6874570Z" duration="0.019678" asserts="5" />
                <test-case id="1-1728" name="IsFillComplete(PlayersWorlds.Maps.Maze.RecursiveBacktrackerMazeGenerator,FullWidth,Manual,System.Collections.Generic.List`1[PlayersWorlds.Maps.Area])" fullname="PlayersWorlds.Maps.Maze.MazeGeneratorTest.IsFillComplete(PlayersWorlds.Maps.Maze.RecursiveBacktrackerMazeGenerator,FullWidth,Manual,System.Collections.Generic.List`1[PlayersWorlds.Maps.Area])" methodname="IsFillComplete" classname="PlayersWorlds.Maps.Maze.MazeGeneratorTest" runstate="Runnable" seed="1592414688" result="Passed" start-time="2024-06-07T14:44:59.6874670Z" end-time="2024-06-07T14:44:59.7076630Z" duration="0.020196" asserts="5" />
                <test-case id="1-1729" name="IsFillComplete(PlayersWorlds.Maps.Maze.RecursiveBacktrackerMazeGenerator,FullHeight,Auto,null)" fullname="PlayersWorlds.Maps.Maze.MazeGeneratorTest.IsFillComplete(PlayersWorlds.Maps.Maze.RecursiveBacktrackerMazeGenerator,FullHeight,Auto,null)" methodname="IsFillComplete" classname="PlayersWorlds.Maps.Maze.MazeGeneratorTest" runstate="Runnable" seed="650469332" result="Passed" start-time="2024-06-07T14:44:59.7076780Z" end-time="2024-06-07T14:44:59.7293410Z" duration="0.021662" asserts="5" />
                <test-case id="1-1730" name="IsFillComplete(PlayersWorlds.Maps.Maze.RecursiveBacktrackerMazeGenerator,FullHeight,Auto,System.Collections.Generic.List`1[PlayersWorlds.Maps.Area])" fullname="PlayersWorlds.Maps.Maze.MazeGeneratorTest.IsFillComplete(PlayersWorlds.Maps.Maze.RecursiveBacktrackerMazeGenerator,FullHeight,Auto,System.Collections.Generic.List`1[PlayersWorlds.Maps.Area])" methodname="IsFillComplete" classname="PlayersWorlds.Maps.Maze.MazeGeneratorTest" runstate="Runnable" seed="1274907411" result="Passed" start-time="2024-06-07T14:44:59.7293580Z" end-time="2024-06-07T14:44:59.7493550Z" duration="0.019998" asserts="5" />
                <test-case id="1-1731" name="IsFillComplete(PlayersWorlds.Maps.Maze.RecursiveBacktrackerMazeGenerator,FullHeight,Auto,System.Collections.Generic.List`1[PlayersWorlds.Maps.Area])" fullname="PlayersWorlds.Maps.Maze.MazeGeneratorTest.IsFillComplete(PlayersWorlds.Maps.Maze.RecursiveBacktrackerMazeGenerator,FullHeight,Auto,System.Collections.Generic.List`1[PlayersWorlds.Maps.Area])" methodname="IsFillComplete" classname="PlayersWorlds.Maps.Maze.MazeGeneratorTest" runstate="Runnable" seed="1223474920" result="Passed" start-time="2024-06-07T14:44:59.7493660Z" end-time="2024-06-07T14:44:59.7777430Z" duration="0.028377" asserts="5" />
                <test-case id="1-1732" name="IsFillComplete(PlayersWorlds.Maps.Maze.RecursiveBacktrackerMazeGenerator,FullHeight,Auto,System.Collections.Generic.List`1[PlayersWorlds.Maps.Area])" fullname="PlayersWorlds.Maps.Maze.MazeGeneratorTest.IsFillComplete(PlayersWorlds.Maps.Maze.RecursiveBacktrackerMazeGenerator,FullHeight,Auto,System.Collections.Generic.List`1[PlayersWorlds.Maps.Area])" methodname="IsFillComplete" classname="PlayersWorlds.Maps.Maze.MazeGeneratorTest" runstate="Runnable" seed="487703310" result="Passed" start-time="2024-06-07T14:44:59.7777530Z" end-time="2024-06-07T14:44:59.7981920Z" duration="0.020439" asserts="5" />
                <test-case id="1-1733" name="IsFillComplete(PlayersWorlds.Maps.Maze.RecursiveBacktrackerMazeGenerator,FullHeight,Auto,System.Collections.Generic.List`1[PlayersWorlds.Maps.Area])" fullname="PlayersWorlds.Maps.Maze.MazeGeneratorTest.IsFillComplete(PlayersWorlds.Maps.Maze.RecursiveBacktrackerMazeGenerator,FullHeight,Auto,System.Collections.Generic.List`1[PlayersWorlds.Maps.Area])" methodname="IsFillComplete" classname="PlayersWorlds.Maps.Maze.MazeGeneratorTest" runstate="Runnable" seed="280734622" result="Passed" start-time="2024-06-07T14:44:59.7982020Z" end-time="2024-06-07T14:44:59.8225160Z" duration="0.024314" asserts="5" />
                <test-case id="1-1734" name="IsFillComplete(PlayersWorlds.Maps.Maze.RecursiveBacktrackerMazeGenerator,FullHeight,Auto,System.Collections.Generic.List`1[PlayersWorlds.Maps.Area])" fullname="PlayersWorlds.Maps.Maze.MazeGeneratorTest.IsFillComplete(PlayersWorlds.Maps.Maze.RecursiveBacktrackerMazeGenerator,FullHeight,Auto,System.Collections.Generic.List`1[PlayersWorlds.Maps.Area])" methodname="IsFillComplete" classname="PlayersWorlds.Maps.Maze.MazeGeneratorTest" runstate="Runnable" seed="1879837970" result="Passed" start-time="2024-06-07T14:44:59.8225260Z" end-time="2024-06-07T14:44:59.8657510Z" duration="0.043225" asserts="5" />
                <test-case id="1-1735" name="IsFillComplete(PlayersWorlds.Maps.Maze.RecursiveBacktrackerMazeGenerator,FullHeight,Manual,null)" fullname="PlayersWorlds.Maps.Maze.MazeGeneratorTest.IsFillComplete(PlayersWorlds.Maps.Maze.RecursiveBacktrackerMazeGenerator,FullHeight,Manual,null)" methodname="IsFillComplete" classname="PlayersWorlds.Maps.Maze.MazeGeneratorTest" runstate="Runnable" seed="893596149" result="Passed" start-time="2024-06-07T14:44:59.8657680Z" end-time="2024-06-07T14:44:59.8802380Z" duration="0.014471" asserts="5" />
                <test-case id="1-1736" name="IsFillComplete(PlayersWorlds.Maps.Maze.RecursiveBacktrackerMazeGenerator,FullHeight,Manual,System.Collections.Generic.List`1[PlayersWorlds.Maps.Area])" fullname="PlayersWorlds.Maps.Maze.MazeGeneratorTest.IsFillComplete(PlayersWorlds.Maps.Maze.RecursiveBacktrackerMazeGenerator,FullHeight,Manual,System.Collections.Generic.List`1[PlayersWorlds.Maps.Area])" methodname="IsFillComplete" classname="PlayersWorlds.Maps.Maze.MazeGeneratorTest" runstate="Runnable" seed="2106123617" result="Passed" start-time="2024-06-07T14:44:59.8802550Z" end-time="2024-06-07T14:44:59.8949210Z" duration="0.014666" asserts="5" />
                <test-case id="1-1737" name="IsFillComplete(PlayersWorlds.Maps.Maze.RecursiveBacktrackerMazeGenerator,FullHeight,Manual,System.Collections.Generic.List`1[PlayersWorlds.Maps.Area])" fullname="PlayersWorlds.Maps.Maze.MazeGeneratorTest.IsFillComplete(PlayersWorlds.Maps.Maze.RecursiveBacktrackerMazeGenerator,FullHeight,Manual,System.Collections.Generic.List`1[PlayersWorlds.Maps.Area])" methodname="IsFillComplete" classname="PlayersWorlds.Maps.Maze.MazeGeneratorTest" runstate="Runnable" seed="1132187093" result="Passed" start-time="2024-06-07T14:44:59.8949330Z" end-time="2024-06-07T14:44:59.9093530Z" duration="0.014421" asserts="5" />
                <test-case id="1-1738" name="IsFillComplete(PlayersWorlds.Maps.Maze.RecursiveBacktrackerMazeGenerator,FullHeight,Manual,System.Collections.Generic.List`1[PlayersWorlds.Maps.Area])" fullname="PlayersWorlds.Maps.Maze.MazeGeneratorTest.IsFillComplete(PlayersWorlds.Maps.Maze.RecursiveBacktrackerMazeGenerator,FullHeight,Manual,System.Collections.Generic.List`1[PlayersWorlds.Maps.Area])" methodname="IsFillComplete" classname="PlayersWorlds.Maps.Maze.MazeGeneratorTest" runstate="Runnable" seed="1923964838" result="Passed" start-time="2024-06-07T14:44:59.9093700Z" end-time="2024-06-07T14:44:59.9264180Z" duration="0.017048" asserts="5" />
                <test-case id="1-1739" name="IsFillComplete(PlayersWorlds.Maps.Maze.RecursiveBacktrackerMazeGenerator,FullHeight,Manual,System.Collections.Generic.List`1[PlayersWorlds.Maps.Area])" fullname="PlayersWorlds.Maps.Maze.MazeGeneratorTest.IsFillComplete(PlayersWorlds.Maps.Maze.RecursiveBacktrackerMazeGenerator,FullHeight,Manual,System.Collections.Generic.List`1[PlayersWorlds.Maps.Area])" methodname="IsFillComplete" classname="PlayersWorlds.Maps.Maze.MazeGeneratorTest" runstate="Runnable" seed="658617398" result="Passed" start-time="2024-06-07T14:44:59.9264280Z" end-time="2024-06-07T14:44:59.9482080Z" duration="0.021780" asserts="5" />
                <test-case id="1-1740" name="IsFillComplete(PlayersWorlds.Maps.Maze.RecursiveBacktrackerMazeGenerator,FullHeight,Manual,System.Collections.Generic.List`1[PlayersWorlds.Maps.Area])" fullname="PlayersWorlds.Maps.Maze.MazeGeneratorTest.IsFillComplete(PlayersWorlds.Maps.Maze.RecursiveBacktrackerMazeGenerator,FullHeight,Manual,System.Collections.Generic.List`1[PlayersWorlds.Maps.Area])" methodname="IsFillComplete" classname="PlayersWorlds.Maps.Maze.MazeGeneratorTest" runstate="Runnable" seed="521234479" result="Passed" start-time="2024-06-07T14:44:59.9482180Z" end-time="2024-06-07T14:44:59.9689930Z" duration="0.020775" asserts="5" />
                <test-case id="1-1741" name="IsFillComplete(PlayersWorlds.Maps.Maze.RecursiveBacktrackerMazeGenerator,Full,Auto,null)" fullname="PlayersWorlds.Maps.Maze.MazeGeneratorTest.IsFillComplete(PlayersWorlds.Maps.Maze.RecursiveBacktrackerMazeGenerator,Full,Auto,null)" methodname="IsFillComplete" classname="PlayersWorlds.Maps.Maze.MazeGeneratorTest" runstate="Runnable" seed="414644666" result="Passed" start-time="2024-06-07T14:44:59.9690110Z" end-time="2024-06-07T14:44:59.9883480Z" duration="0.019338" asserts="5" />
                <test-case id="1-1742" name="IsFillComplete(PlayersWorlds.Maps.Maze.RecursiveBacktrackerMazeGenerator,Full,Auto,System.Collections.Generic.List`1[PlayersWorlds.Maps.Area])" fullname="PlayersWorlds.Maps.Maze.MazeGeneratorTest.IsFillComplete(PlayersWorlds.Maps.Maze.RecursiveBacktrackerMazeGenerator,Full,Auto,System.Collections.Generic.List`1[PlayersWorlds.Maps.Area])" methodname="IsFillComplete" classname="PlayersWorlds.Maps.Maze.MazeGeneratorTest" runstate="Runnable" seed="1658714114" result="Passed" start-time="2024-06-07T14:44:59.9883650Z" end-time="2024-06-07T14:45:00.0062190Z" duration="0.017854" asserts="5" />
                <test-case id="1-1743" name="IsFillComplete(PlayersWorlds.Maps.Maze.RecursiveBacktrackerMazeGenerator,Full,Auto,System.Collections.Generic.List`1[PlayersWorlds.Maps.Area])" fullname="PlayersWorlds.Maps.Maze.MazeGeneratorTest.IsFillComplete(PlayersWorlds.Maps.Maze.RecursiveBacktrackerMazeGenerator,Full,Auto,System.Collections.Generic.List`1[PlayersWorlds.Maps.Area])" methodname="IsFillComplete" classname="PlayersWorlds.Maps.Maze.MazeGeneratorTest" runstate="Runnable" seed="864903433" result="Passed" start-time="2024-06-07T14:45:00.0062290Z" end-time="2024-06-07T14:45:00.0251080Z" duration="0.018879" asserts="5" />
                <test-case id="1-1744" name="IsFillComplete(PlayersWorlds.Maps.Maze.RecursiveBacktrackerMazeGenerator,Full,Auto,System.Collections.Generic.List`1[PlayersWorlds.Maps.Area])" fullname="PlayersWorlds.Maps.Maze.MazeGeneratorTest.IsFillComplete(PlayersWorlds.Maps.Maze.RecursiveBacktrackerMazeGenerator,Full,Auto,System.Collections.Generic.List`1[PlayersWorlds.Maps.Area])" methodname="IsFillComplete" classname="PlayersWorlds.Maps.Maze.MazeGeneratorTest" runstate="Runnable" seed="734534799" result="Passed" start-time="2024-06-07T14:45:00.0251180Z" end-time="2024-06-07T14:45:00.0653260Z" duration="0.040208" asserts="5" />
                <test-case id="1-1745" name="IsFillComplete(PlayersWorlds.Maps.Maze.RecursiveBacktrackerMazeGenerator,Full,Auto,System.Collections.Generic.List`1[PlayersWorlds.Maps.Area])" fullname="PlayersWorlds.Maps.Maze.MazeGeneratorTest.IsFillComplete(PlayersWorlds.Maps.Maze.RecursiveBacktrackerMazeGenerator,Full,Auto,System.Collections.Generic.List`1[PlayersWorlds.Maps.Area])" methodname="IsFillComplete" classname="PlayersWorlds.Maps.Maze.MazeGeneratorTest" runstate="Runnable" seed="2101550089" result="Passed" start-time="2024-06-07T14:45:00.0653360Z" end-time="2024-06-07T14:45:00.1076380Z" duration="0.042302" asserts="5" />
                <test-case id="1-1746" name="IsFillComplete(PlayersWorlds.Maps.Maze.RecursiveBacktrackerMazeGenerator,Full,Auto,System.Collections.Generic.List`1[PlayersWorlds.Maps.Area])" fullname="PlayersWorlds.Maps.Maze.MazeGeneratorTest.IsFillComplete(PlayersWorlds.Maps.Maze.RecursiveBacktrackerMazeGenerator,Full,Auto,System.Collections.Generic.List`1[PlayersWorlds.Maps.Area])" methodname="IsFillComplete" classname="PlayersWorlds.Maps.Maze.MazeGeneratorTest" runstate="Runnable" seed="1268500510" result="Passed" start-time="2024-06-07T14:45:00.1076490Z" end-time="2024-06-07T14:45:00.1544120Z" duration="0.046764" asserts="5" />
                <test-case id="1-1747" name="IsFillComplete(PlayersWorlds.Maps.Maze.RecursiveBacktrackerMazeGenerator,Full,Manual,null)" fullname="PlayersWorlds.Maps.Maze.MazeGeneratorTest.IsFillComplete(PlayersWorlds.Maps.Maze.RecursiveBacktrackerMazeGenerator,Full,Manual,null)" methodname="IsFillComplete" classname="PlayersWorlds.Maps.Maze.MazeGeneratorTest" runstate="Runnable" seed="2054926346" result="Passed" start-time="2024-06-07T14:45:00.1544230Z" end-time="2024-06-07T14:45:00.1727710Z" duration="0.018348" asserts="5" />
                <test-case id="1-1748" name="IsFillComplete(PlayersWorlds.Maps.Maze.RecursiveBacktrackerMazeGenerator,Full,Manual,System.Collections.Generic.List`1[PlayersWorlds.Maps.Area])" fullname="PlayersWorlds.Maps.Maze.MazeGeneratorTest.IsFillComplete(PlayersWorlds.Maps.Maze.RecursiveBacktrackerMazeGenerator,Full,Manual,System.Collections.Generic.List`1[PlayersWorlds.Maps.Area])" methodname="IsFillComplete" classname="PlayersWorlds.Maps.Maze.MazeGeneratorTest" runstate="Runnable" seed="2084956253" result="Passed" start-time="2024-06-07T14:45:00.1727810Z" end-time="2024-06-07T14:45:00.1911240Z" duration="0.018343" asserts="5" />
                <test-case id="1-1749" name="IsFillComplete(PlayersWorlds.Maps.Maze.RecursiveBacktrackerMazeGenerator,Full,Manual,System.Collections.Generic.List`1[PlayersWorlds.Maps.Area])" fullname="PlayersWorlds.Maps.Maze.MazeGeneratorTest.IsFillComplete(PlayersWorlds.Maps.Maze.RecursiveBacktrackerMazeGenerator,Full,Manual,System.Collections.Generic.List`1[PlayersWorlds.Maps.Area])" methodname="IsFillComplete" classname="PlayersWorlds.Maps.Maze.MazeGeneratorTest" runstate="Runnable" seed="197533314" result="Passed" start-time="2024-06-07T14:45:00.1911340Z" end-time="2024-06-07T14:45:00.2096910Z" duration="0.018557" asserts="5" />
                <test-case id="1-1750" name="IsFillComplete(PlayersWorlds.Maps.Maze.RecursiveBacktrackerMazeGenerator,Full,Manual,System.Collections.Generic.List`1[PlayersWorlds.Maps.Area])" fullname="PlayersWorlds.Maps.Maze.MazeGeneratorTest.IsFillComplete(PlayersWorlds.Maps.Maze.RecursiveBacktrackerMazeGenerator,Full,Manual,System.Collections.Generic.List`1[PlayersWorlds.Maps.Area])" methodname="IsFillComplete" classname="PlayersWorlds.Maps.Maze.MazeGeneratorTest" runstate="Runnable" seed="1614928863" result="Passed" start-time="2024-06-07T14:45:00.2097000Z" end-time="2024-06-07T14:45:00.2278690Z" duration="0.018169" asserts="5" />
                <test-case id="1-1751" name="IsFillComplete(PlayersWorlds.Maps.Maze.RecursiveBacktrackerMazeGenerator,Full,Manual,System.Collections.Generic.List`1[PlayersWorlds.Maps.Area])" fullname="PlayersWorlds.Maps.Maze.MazeGeneratorTest.IsFillComplete(PlayersWorlds.Maps.Maze.RecursiveBacktrackerMazeGenerator,Full,Manual,System.Collections.Generic.List`1[PlayersWorlds.Maps.Area])" methodname="IsFillComplete" classname="PlayersWorlds.Maps.Maze.MazeGeneratorTest" runstate="Runnable" seed="246467616" result="Passed" start-time="2024-06-07T14:45:00.2278800Z" end-time="2024-06-07T14:45:00.2506310Z" duration="0.022752" asserts="5" />
                <test-case id="1-1752" name="IsFillComplete(PlayersWorlds.Maps.Maze.RecursiveBacktrackerMazeGenerator,Full,Manual,System.Collections.Generic.List`1[PlayersWorlds.Maps.Area])" fullname="PlayersWorlds.Maps.Maze.MazeGeneratorTest.IsFillComplete(PlayersWorlds.Maps.Maze.RecursiveBacktrackerMazeGenerator,Full,Manual,System.Collections.Generic.List`1[PlayersWorlds.Maps.Area])" methodname="IsFillComplete" classname="PlayersWorlds.Maps.Maze.MazeGeneratorTest" runstate="Runnable" seed="1398690809" result="Passed" start-time="2024-06-07T14:45:00.2506410Z" end-time="2024-06-07T14:45:00.2728690Z" duration="0.022228" asserts="5" />
                <test-case id="1-1753" name="IsFillComplete(PlayersWorlds.Maps.Maze.SidewinderMazeGenerator,Quarter,Auto,null)" fullname="PlayersWorlds.Maps.Maze.MazeGeneratorTest.IsFillComplete(PlayersWorlds.Maps.Maze.SidewinderMazeGenerator,Quarter,Auto,null)" methodname="IsFillComplete" classname="PlayersWorlds.Maps.Maze.MazeGeneratorTest" runstate="Runnable" seed="1656348497" result="Skipped" label="Ignored" start-time="2024-06-07T14:45:00.2728800Z" end-time="2024-06-07T14:45:00.2730000Z" duration="0.000120" asserts="0" />
                <test-case id="1-1754" name="IsFillComplete(PlayersWorlds.Maps.Maze.SidewinderMazeGenerator,Quarter,Auto,System.Collections.Generic.List`1[PlayersWorlds.Maps.Area])" fullname="PlayersWorlds.Maps.Maze.MazeGeneratorTest.IsFillComplete(PlayersWorlds.Maps.Maze.SidewinderMazeGenerator,Quarter,Auto,System.Collections.Generic.List`1[PlayersWorlds.Maps.Area])" methodname="IsFillComplete" classname="PlayersWorlds.Maps.Maze.MazeGeneratorTest" runstate="Runnable" seed="1305783145" result="Skipped" label="Ignored" start-time="2024-06-07T14:45:00.2730060Z" end-time="2024-06-07T14:45:00.2730680Z" duration="0.000063" asserts="0" />
                <test-case id="1-1755" name="IsFillComplete(PlayersWorlds.Maps.Maze.SidewinderMazeGenerator,Quarter,Auto,System.Collections.Generic.List`1[PlayersWorlds.Maps.Area])" fullname="PlayersWorlds.Maps.Maze.MazeGeneratorTest.IsFillComplete(PlayersWorlds.Maps.Maze.SidewinderMazeGenerator,Quarter,Auto,System.Collections.Generic.List`1[PlayersWorlds.Maps.Area])" methodname="IsFillComplete" classname="PlayersWorlds.Maps.Maze.MazeGeneratorTest" runstate="Runnable" seed="2003273528" result="Skipped" label="Ignored" start-time="2024-06-07T14:45:00.2730740Z" end-time="2024-06-07T14:45:00.2731270Z" duration="0.000053" asserts="0" />
                <test-case id="1-1756" name="IsFillComplete(PlayersWorlds.Maps.Maze.SidewinderMazeGenerator,Quarter,Auto,System.Collections.Generic.List`1[PlayersWorlds.Maps.Area])" fullname="PlayersWorlds.Maps.Maze.MazeGeneratorTest.IsFillComplete(PlayersWorlds.Maps.Maze.SidewinderMazeGenerator,Quarter,Auto,System.Collections.Generic.List`1[PlayersWorlds.Maps.Area])" methodname="IsFillComplete" classname="PlayersWorlds.Maps.Maze.MazeGeneratorTest" runstate="Runnable" seed="993616679" result="Skipped" label="Ignored" start-time="2024-06-07T14:45:00.2731320Z" end-time="2024-06-07T14:45:00.2731830Z" duration="0.000052" asserts="0" />
                <test-case id="1-1757" name="IsFillComplete(PlayersWorlds.Maps.Maze.SidewinderMazeGenerator,Quarter,Auto,System.Collections.Generic.List`1[PlayersWorlds.Maps.Area])" fullname="PlayersWorlds.Maps.Maze.MazeGeneratorTest.IsFillComplete(PlayersWorlds.Maps.Maze.SidewinderMazeGenerator,Quarter,Auto,System.Collections.Generic.List`1[PlayersWorlds.Maps.Area])" methodname="IsFillComplete" classname="PlayersWorlds.Maps.Maze.MazeGeneratorTest" runstate="Runnable" seed="2080409108" result="Skipped" label="Ignored" start-time="2024-06-07T14:45:00.2731890Z" end-time="2024-06-07T14:45:00.2732400Z" duration="0.000051" asserts="0" />
                <test-case id="1-1758" name="IsFillComplete(PlayersWorlds.Maps.Maze.SidewinderMazeGenerator,Quarter,Auto,System.Collections.Generic.List`1[PlayersWorlds.Maps.Area])" fullname="PlayersWorlds.Maps.Maze.MazeGeneratorTest.IsFillComplete(PlayersWorlds.Maps.Maze.SidewinderMazeGenerator,Quarter,Auto,System.Collections.Generic.List`1[PlayersWorlds.Maps.Area])" methodname="IsFillComplete" classname="PlayersWorlds.Maps.Maze.MazeGeneratorTest" runstate="Runnable" seed="1197582374" result="Skipped" label="Ignored" start-time="2024-06-07T14:45:00.2732450Z" end-time="2024-06-07T14:45:00.2732950Z" duration="0.000050" asserts="0" />
                <test-case id="1-1759" name="IsFillComplete(PlayersWorlds.Maps.Maze.SidewinderMazeGenerator,Quarter,Manual,null)" fullname="PlayersWorlds.Maps.Maze.MazeGeneratorTest.IsFillComplete(PlayersWorlds.Maps.Maze.SidewinderMazeGenerator,Quarter,Manual,null)" methodname="IsFillComplete" classname="PlayersWorlds.Maps.Maze.MazeGeneratorTest" runstate="Runnable" seed="474518561" result="Skipped" label="Ignored" start-time="2024-06-07T14:45:00.2733000Z" end-time="2024-06-07T14:45:00.2733500Z" duration="0.000049" asserts="0" />
                <test-case id="1-1760" name="IsFillComplete(PlayersWorlds.Maps.Maze.SidewinderMazeGenerator,Quarter,Manual,System.Collections.Generic.List`1[PlayersWorlds.Maps.Area])" fullname="PlayersWorlds.Maps.Maze.MazeGeneratorTest.IsFillComplete(PlayersWorlds.Maps.Maze.SidewinderMazeGenerator,Quarter,Manual,System.Collections.Generic.List`1[PlayersWorlds.Maps.Area])" methodname="IsFillComplete" classname="PlayersWorlds.Maps.Maze.MazeGeneratorTest" runstate="Runnable" seed="423114463" result="Skipped" label="Ignored" start-time="2024-06-07T14:45:00.2733550Z" end-time="2024-06-07T14:45:00.2734040Z" duration="0.000049" asserts="0" />
                <test-case id="1-1761" name="IsFillComplete(PlayersWorlds.Maps.Maze.SidewinderMazeGenerator,Quarter,Manual,System.Collections.Generic.List`1[PlayersWorlds.Maps.Area])" fullname="PlayersWorlds.Maps.Maze.MazeGeneratorTest.IsFillComplete(PlayersWorlds.Maps.Maze.SidewinderMazeGenerator,Quarter,Manual,System.Collections.Generic.List`1[PlayersWorlds.Maps.Area])" methodname="IsFillComplete" classname="PlayersWorlds.Maps.Maze.MazeGeneratorTest" runstate="Runnable" seed="1328567037" result="Skipped" label="Ignored" start-time="2024-06-07T14:45:00.2734090Z" end-time="2024-06-07T14:45:00.2734580Z" duration="0.000049" asserts="0" />
                <test-case id="1-1762" name="IsFillComplete(PlayersWorlds.Maps.Maze.SidewinderMazeGenerator,Quarter,Manual,System.Collections.Generic.List`1[PlayersWorlds.Maps.Area])" fullname="PlayersWorlds.Maps.Maze.MazeGeneratorTest.IsFillComplete(PlayersWorlds.Maps.Maze.SidewinderMazeGenerator,Quarter,Manual,System.Collections.Generic.List`1[PlayersWorlds.Maps.Area])" methodname="IsFillComplete" classname="PlayersWorlds.Maps.Maze.MazeGeneratorTest" runstate="Runnable" seed="697830494" result="Skipped" label="Ignored" start-time="2024-06-07T14:45:00.2734630Z" end-time="2024-06-07T14:45:00.2735120Z" duration="0.000049" asserts="0" />
                <test-case id="1-1763" name="IsFillComplete(PlayersWorlds.Maps.Maze.SidewinderMazeGenerator,Quarter,Manual,System.Collections.Generic.List`1[PlayersWorlds.Maps.Area])" fullname="PlayersWorlds.Maps.Maze.MazeGeneratorTest.IsFillComplete(PlayersWorlds.Maps.Maze.SidewinderMazeGenerator,Quarter,Manual,System.Collections.Generic.List`1[PlayersWorlds.Maps.Area])" methodname="IsFillComplete" classname="PlayersWorlds.Maps.Maze.MazeGeneratorTest" runstate="Runnable" seed="563128108" result="Skipped" label="Ignored" start-time="2024-06-07T14:45:00.2735170Z" end-time="2024-06-07T14:45:00.2735660Z" duration="0.000049" asserts="0" />
                <test-case id="1-1764" name="IsFillComplete(PlayersWorlds.Maps.Maze.SidewinderMazeGenerator,Quarter,Manual,System.Collections.Generic.List`1[PlayersWorlds.Maps.Area])" fullname="PlayersWorlds.Maps.Maze.MazeGeneratorTest.IsFillComplete(PlayersWorlds.Maps.Maze.SidewinderMazeGenerator,Quarter,Manual,System.Collections.Generic.List`1[PlayersWorlds.Maps.Area])" methodname="IsFillComplete" classname="PlayersWorlds.Maps.Maze.MazeGeneratorTest" runstate="Runnable" seed="2047315475" result="Skipped" label="Ignored" start-time="2024-06-07T14:45:00.2735710Z" end-time="2024-06-07T14:45:00.2736200Z" duration="0.000049" asserts="0" />
                <test-case id="1-1765" name="IsFillComplete(PlayersWorlds.Maps.Maze.SidewinderMazeGenerator,Half,Auto,null)" fullname="PlayersWorlds.Maps.Maze.MazeGeneratorTest.IsFillComplete(PlayersWorlds.Maps.Maze.SidewinderMazeGenerator,Half,Auto,null)" methodname="IsFillComplete" classname="PlayersWorlds.Maps.Maze.MazeGeneratorTest" runstate="Runnable" seed="16448593" result="Skipped" label="Ignored" start-time="2024-06-07T14:45:00.2736250Z" end-time="2024-06-07T14:45:00.2736750Z" duration="0.000050" asserts="0" />
                <test-case id="1-1766" name="IsFillComplete(PlayersWorlds.Maps.Maze.SidewinderMazeGenerator,Half,Auto,System.Collections.Generic.List`1[PlayersWorlds.Maps.Area])" fullname="PlayersWorlds.Maps.Maze.MazeGeneratorTest.IsFillComplete(PlayersWorlds.Maps.Maze.SidewinderMazeGenerator,Half,Auto,System.Collections.Generic.List`1[PlayersWorlds.Maps.Area])" methodname="IsFillComplete" classname="PlayersWorlds.Maps.Maze.MazeGeneratorTest" runstate="Runnable" seed="1069362288" result="Skipped" label="Ignored" start-time="2024-06-07T14:45:00.2736800Z" end-time="2024-06-07T14:45:00.2737290Z" duration="0.000049" asserts="0" />
                <test-case id="1-1767" name="IsFillComplete(PlayersWorlds.Maps.Maze.SidewinderMazeGenerator,Half,Auto,System.Collections.Generic.List`1[PlayersWorlds.Maps.Area])" fullname="PlayersWorlds.Maps.Maze.MazeGeneratorTest.IsFillComplete(PlayersWorlds.Maps.Maze.SidewinderMazeGenerator,Half,Auto,System.Collections.Generic.List`1[PlayersWorlds.Maps.Area])" methodname="IsFillComplete" classname="PlayersWorlds.Maps.Maze.MazeGeneratorTest" runstate="Runnable" seed="1190909881" result="Skipped" label="Ignored" start-time="2024-06-07T14:45:00.2737340Z" end-time="2024-06-07T14:45:00.2737820Z" duration="0.000048" asserts="0" />
                <test-case id="1-1768" name="IsFillComplete(PlayersWorlds.Maps.Maze.SidewinderMazeGenerator,Half,Auto,System.Collections.Generic.List`1[PlayersWorlds.Maps.Area])" fullname="PlayersWorlds.Maps.Maze.MazeGeneratorTest.IsFillComplete(PlayersWorlds.Maps.Maze.SidewinderMazeGenerator,Half,Auto,System.Collections.Generic.List`1[PlayersWorlds.Maps.Area])" methodname="IsFillComplete" classname="PlayersWorlds.Maps.Maze.MazeGeneratorTest" runstate="Runnable" seed="1000443126" result="Skipped" label="Ignored" start-time="2024-06-07T14:45:00.2737870Z" end-time="2024-06-07T14:45:00.2738360Z" duration="0.000049" asserts="0" />
                <test-case id="1-1769" name="IsFillComplete(PlayersWorlds.Maps.Maze.SidewinderMazeGenerator,Half,Auto,System.Collections.Generic.List`1[PlayersWorlds.Maps.Area])" fullname="PlayersWorlds.Maps.Maze.MazeGeneratorTest.IsFillComplete(PlayersWorlds.Maps.Maze.SidewinderMazeGenerator,Half,Auto,System.Collections.Generic.List`1[PlayersWorlds.Maps.Area])" methodname="IsFillComplete" classname="PlayersWorlds.Maps.Maze.MazeGeneratorTest" runstate="Runnable" seed="1996259844" result="Skipped" label="Ignored" start-time="2024-06-07T14:45:00.2738410Z" end-time="2024-06-07T14:45:00.2738890Z" duration="0.000048" asserts="0" />
                <test-case id="1-1770" name="IsFillComplete(PlayersWorlds.Maps.Maze.SidewinderMazeGenerator,Half,Auto,System.Collections.Generic.List`1[PlayersWorlds.Maps.Area])" fullname="PlayersWorlds.Maps.Maze.MazeGeneratorTest.IsFillComplete(PlayersWorlds.Maps.Maze.SidewinderMazeGenerator,Half,Auto,System.Collections.Generic.List`1[PlayersWorlds.Maps.Area])" methodname="IsFillComplete" classname="PlayersWorlds.Maps.Maze.MazeGeneratorTest" runstate="Runnable" seed="2009903463" result="Skipped" label="Ignored" start-time="2024-06-07T14:45:00.2738940Z" end-time="2024-06-07T14:45:00.2739440Z" duration="0.000050" asserts="0" />
                <test-case id="1-1771" name="IsFillComplete(PlayersWorlds.Maps.Maze.SidewinderMazeGenerator,Half,Manual,null)" fullname="PlayersWorlds.Maps.Maze.MazeGeneratorTest.IsFillComplete(PlayersWorlds.Maps.Maze.SidewinderMazeGenerator,Half,Manual,null)" methodname="IsFillComplete" classname="PlayersWorlds.Maps.Maze.MazeGeneratorTest" runstate="Runnable" seed="1360879667" result="Skipped" label="Ignored" start-time="2024-06-07T14:45:00.2739490Z" end-time="2024-06-07T14:45:00.2739990Z" duration="0.000050" asserts="0" />
                <test-case id="1-1772" name="IsFillComplete(PlayersWorlds.Maps.Maze.SidewinderMazeGenerator,Half,Manual,System.Collections.Generic.List`1[PlayersWorlds.Maps.Area])" fullname="PlayersWorlds.Maps.Maze.MazeGeneratorTest.IsFillComplete(PlayersWorlds.Maps.Maze.SidewinderMazeGenerator,Half,Manual,System.Collections.Generic.List`1[PlayersWorlds.Maps.Area])" methodname="IsFillComplete" classname="PlayersWorlds.Maps.Maze.MazeGeneratorTest" runstate="Runnable" seed="165643231" result="Skipped" label="Ignored" start-time="2024-06-07T14:45:00.2740040Z" end-time="2024-06-07T14:45:00.2740530Z" duration="0.000049" asserts="0" />
                <test-case id="1-1773" name="IsFillComplete(PlayersWorlds.Maps.Maze.SidewinderMazeGenerator,Half,Manual,System.Collections.Generic.List`1[PlayersWorlds.Maps.Area])" fullname="PlayersWorlds.Maps.Maze.MazeGeneratorTest.IsFillComplete(PlayersWorlds.Maps.Maze.SidewinderMazeGenerator,Half,Manual,System.Collections.Generic.List`1[PlayersWorlds.Maps.Area])" methodname="IsFillComplete" classname="PlayersWorlds.Maps.Maze.MazeGeneratorTest" runstate="Runnable" seed="1738667084" result="Skipped" label="Ignored" start-time="2024-06-07T14:45:00.2740580Z" end-time="2024-06-07T14:45:00.2741060Z" duration="0.000048" asserts="0" />
                <test-case id="1-1774" name="IsFillComplete(PlayersWorlds.Maps.Maze.SidewinderMazeGenerator,Half,Manual,System.Collections.Generic.List`1[PlayersWorlds.Maps.Area])" fullname="PlayersWorlds.Maps.Maze.MazeGeneratorTest.IsFillComplete(PlayersWorlds.Maps.Maze.SidewinderMazeGenerator,Half,Manual,System.Collections.Generic.List`1[PlayersWorlds.Maps.Area])" methodname="IsFillComplete" classname="PlayersWorlds.Maps.Maze.MazeGeneratorTest" runstate="Runnable" seed="2089294822" result="Skipped" label="Ignored" start-time="2024-06-07T14:45:00.2741110Z" end-time="2024-06-07T14:45:00.2741590Z" duration="0.000048" asserts="0" />
                <test-case id="1-1775" name="IsFillComplete(PlayersWorlds.Maps.Maze.SidewinderMazeGenerator,Half,Manual,System.Collections.Generic.List`1[PlayersWorlds.Maps.Area])" fullname="PlayersWorlds.Maps.Maze.MazeGeneratorTest.IsFillComplete(PlayersWorlds.Maps.Maze.SidewinderMazeGenerator,Half,Manual,System.Collections.Generic.List`1[PlayersWorlds.Maps.Area])" methodname="IsFillComplete" classname="PlayersWorlds.Maps.Maze.MazeGeneratorTest" runstate="Runnable" seed="1258139767" result="Skipped" label="Ignored" start-time="2024-06-07T14:45:00.2741640Z" end-time="2024-06-07T14:45:00.2742130Z" duration="0.000049" asserts="0" />
                <test-case id="1-1776" name="IsFillComplete(PlayersWorlds.Maps.Maze.SidewinderMazeGenerator,Half,Manual,System.Collections.Generic.List`1[PlayersWorlds.Maps.Area])" fullname="PlayersWorlds.Maps.Maze.MazeGeneratorTest.IsFillComplete(PlayersWorlds.Maps.Maze.SidewinderMazeGenerator,Half,Manual,System.Collections.Generic.List`1[PlayersWorlds.Maps.Area])" methodname="IsFillComplete" classname="PlayersWorlds.Maps.Maze.MazeGeneratorTest" runstate="Runnable" seed="1598623059" result="Skipped" label="Ignored" start-time="2024-06-07T14:45:00.2742180Z" end-time="2024-06-07T14:45:00.2742670Z" duration="0.000049" asserts="0" />
                <test-case id="1-1777" name="IsFillComplete(PlayersWorlds.Maps.Maze.SidewinderMazeGenerator,ThreeQuarters,Auto,null)" fullname="PlayersWorlds.Maps.Maze.MazeGeneratorTest.IsFillComplete(PlayersWorlds.Maps.Maze.SidewinderMazeGenerator,ThreeQuarters,Auto,null)" methodname="IsFillComplete" classname="PlayersWorlds.Maps.Maze.MazeGeneratorTest" runstate="Runnable" seed="1422591358" result="Skipped" label="Ignored" start-time="2024-06-07T14:45:00.2742720Z" end-time="2024-06-07T14:45:00.2743210Z" duration="0.000049" asserts="0" />
                <test-case id="1-1778" name="IsFillComplete(PlayersWorlds.Maps.Maze.SidewinderMazeGenerator,ThreeQuarters,Auto,System.Collections.Generic.List`1[PlayersWorlds.Maps.Area])" fullname="PlayersWorlds.Maps.Maze.MazeGeneratorTest.IsFillComplete(PlayersWorlds.Maps.Maze.SidewinderMazeGenerator,ThreeQuarters,Auto,System.Collections.Generic.List`1[PlayersWorlds.Maps.Area])" methodname="IsFillComplete" classname="PlayersWorlds.Maps.Maze.MazeGeneratorTest" runstate="Runnable" seed="245858883" result="Skipped" label="Ignored" start-time="2024-06-07T14:45:00.2743260Z" end-time="2024-06-07T14:45:00.2743750Z" duration="0.000049" asserts="0" />
                <test-case id="1-1779" name="IsFillComplete(PlayersWorlds.Maps.Maze.SidewinderMazeGenerator,ThreeQuarters,Auto,System.Collections.Generic.List`1[PlayersWorlds.Maps.Area])" fullname="PlayersWorlds.Maps.Maze.MazeGeneratorTest.IsFillComplete(PlayersWorlds.Maps.Maze.SidewinderMazeGenerator,ThreeQuarters,Auto,System.Collections.Generic.List`1[PlayersWorlds.Maps.Area])" methodname="IsFillComplete" classname="PlayersWorlds.Maps.Maze.MazeGeneratorTest" runstate="Runnable" seed="989510257" result="Skipped" label="Ignored" start-time="2024-06-07T14:45:00.2743800Z" end-time="2024-06-07T14:45:00.2744280Z" duration="0.000048" asserts="0" />
                <test-case id="1-1780" name="IsFillComplete(PlayersWorlds.Maps.Maze.SidewinderMazeGenerator,ThreeQuarters,Auto,System.Collections.Generic.List`1[PlayersWorlds.Maps.Area])" fullname="PlayersWorlds.Maps.Maze.MazeGeneratorTest.IsFillComplete(PlayersWorlds.Maps.Maze.SidewinderMazeGenerator,ThreeQuarters,Auto,System.Collections.Generic.List`1[PlayersWorlds.Maps.Area])" methodname="IsFillComplete" classname="PlayersWorlds.Maps.Maze.MazeGeneratorTest" runstate="Runnable" seed="378271224" result="Skipped" label="Ignored" start-time="2024-06-07T14:45:00.2744330Z" end-time="2024-06-07T14:45:00.2744810Z" duration="0.000048" asserts="0" />
                <test-case id="1-1781" name="IsFillComplete(PlayersWorlds.Maps.Maze.SidewinderMazeGenerator,ThreeQuarters,Auto,System.Collections.Generic.List`1[PlayersWorlds.Maps.Area])" fullname="PlayersWorlds.Maps.Maze.MazeGeneratorTest.IsFillComplete(PlayersWorlds.Maps.Maze.SidewinderMazeGenerator,ThreeQuarters,Auto,System.Collections.Generic.List`1[PlayersWorlds.Maps.Area])" methodname="IsFillComplete" classname="PlayersWorlds.Maps.Maze.MazeGeneratorTest" runstate="Runnable" seed="1801224578" result="Skipped" label="Ignored" start-time="2024-06-07T14:45:00.2744860Z" end-time="2024-06-07T14:45:00.2745340Z" duration="0.000048" asserts="0" />
                <test-case id="1-1782" name="IsFillComplete(PlayersWorlds.Maps.Maze.SidewinderMazeGenerator,ThreeQuarters,Auto,System.Collections.Generic.List`1[PlayersWorlds.Maps.Area])" fullname="PlayersWorlds.Maps.Maze.MazeGeneratorTest.IsFillComplete(PlayersWorlds.Maps.Maze.SidewinderMazeGenerator,ThreeQuarters,Auto,System.Collections.Generic.List`1[PlayersWorlds.Maps.Area])" methodname="IsFillComplete" classname="PlayersWorlds.Maps.Maze.MazeGeneratorTest" runstate="Runnable" seed="326048288" result="Skipped" label="Ignored" start-time="2024-06-07T14:45:00.2745400Z" end-time="2024-06-07T14:45:00.2745880Z" duration="0.000048" asserts="0" />
                <test-case id="1-1783" name="IsFillComplete(PlayersWorlds.Maps.Maze.SidewinderMazeGenerator,ThreeQuarters,Manual,null)" fullname="PlayersWorlds.Maps.Maze.MazeGeneratorTest.IsFillComplete(PlayersWorlds.Maps.Maze.SidewinderMazeGenerator,ThreeQuarters,Manual,null)" methodname="IsFillComplete" classname="PlayersWorlds.Maps.Maze.MazeGeneratorTest" runstate="Runnable" seed="1394881374" result="Skipped" label="Ignored" start-time="2024-06-07T14:45:00.2745930Z" end-time="2024-06-07T14:45:00.2746410Z" duration="0.000048" asserts="0" />
                <test-case id="1-1784" name="IsFillComplete(PlayersWorlds.Maps.Maze.SidewinderMazeGenerator,ThreeQuarters,Manual,System.Collections.Generic.List`1[PlayersWorlds.Maps.Area])" fullname="PlayersWorlds.Maps.Maze.MazeGeneratorTest.IsFillComplete(PlayersWorlds.Maps.Maze.SidewinderMazeGenerator,ThreeQuarters,Manual,System.Collections.Generic.List`1[PlayersWorlds.Maps.Area])" methodname="IsFillComplete" classname="PlayersWorlds.Maps.Maze.MazeGeneratorTest" runstate="Runnable" seed="1183024116" result="Skipped" label="Ignored" start-time="2024-06-07T14:45:00.2746460Z" end-time="2024-06-07T14:45:00.2746940Z" duration="0.000048" asserts="0" />
                <test-case id="1-1785" name="IsFillComplete(PlayersWorlds.Maps.Maze.SidewinderMazeGenerator,ThreeQuarters,Manual,System.Collections.Generic.List`1[PlayersWorlds.Maps.Area])" fullname="PlayersWorlds.Maps.Maze.MazeGeneratorTest.IsFillComplete(PlayersWorlds.Maps.Maze.SidewinderMazeGenerator,ThreeQuarters,Manual,System.Collections.Generic.List`1[PlayersWorlds.Maps.Area])" methodname="IsFillComplete" classname="PlayersWorlds.Maps.Maze.MazeGeneratorTest" runstate="Runnable" seed="1028439795" result="Skipped" label="Ignored" start-time="2024-06-07T14:45:00.2746990Z" end-time="2024-06-07T14:45:00.2747480Z" duration="0.000049" asserts="0" />
                <test-case id="1-1786" name="IsFillComplete(PlayersWorlds.Maps.Maze.SidewinderMazeGenerator,ThreeQuarters,Manual,System.Collections.Generic.List`1[PlayersWorlds.Maps.Area])" fullname="PlayersWorlds.Maps.Maze.MazeGeneratorTest.IsFillComplete(PlayersWorlds.Maps.Maze.SidewinderMazeGenerator,ThreeQuarters,Manual,System.Collections.Generic.List`1[PlayersWorlds.Maps.Area])" methodname="IsFillComplete" classname="PlayersWorlds.Maps.Maze.MazeGeneratorTest" runstate="Runnable" seed="1972267758" result="Skipped" label="Ignored" start-time="2024-06-07T14:45:00.2747530Z" end-time="2024-06-07T14:45:00.2748010Z" duration="0.000048" asserts="0" />
                <test-case id="1-1787" name="IsFillComplete(PlayersWorlds.Maps.Maze.SidewinderMazeGenerator,ThreeQuarters,Manual,System.Collections.Generic.List`1[PlayersWorlds.Maps.Area])" fullname="PlayersWorlds.Maps.Maze.MazeGeneratorTest.IsFillComplete(PlayersWorlds.Maps.Maze.SidewinderMazeGenerator,ThreeQuarters,Manual,System.Collections.Generic.List`1[PlayersWorlds.Maps.Area])" methodname="IsFillComplete" classname="PlayersWorlds.Maps.Maze.MazeGeneratorTest" runstate="Runnable" seed="978838460" result="Skipped" label="Ignored" start-time="2024-06-07T14:45:00.2748060Z" end-time="2024-06-07T14:45:00.2748530Z" duration="0.000048" asserts="0" />
                <test-case id="1-1788" name="IsFillComplete(PlayersWorlds.Maps.Maze.SidewinderMazeGenerator,ThreeQuarters,Manual,System.Collections.Generic.List`1[PlayersWorlds.Maps.Area])" fullname="PlayersWorlds.Maps.Maze.MazeGeneratorTest.IsFillComplete(PlayersWorlds.Maps.Maze.SidewinderMazeGenerator,ThreeQuarters,Manual,System.Collections.Generic.List`1[PlayersWorlds.Maps.Area])" methodname="IsFillComplete" classname="PlayersWorlds.Maps.Maze.MazeGeneratorTest" runstate="Runnable" seed="1122435124" result="Skipped" label="Ignored" start-time="2024-06-07T14:45:00.2748590Z" end-time="2024-06-07T14:45:00.2749080Z" duration="0.000049" asserts="0" />
                <test-case id="1-1789" name="IsFillComplete(PlayersWorlds.Maps.Maze.SidewinderMazeGenerator,NinetyPercent,Auto,null)" fullname="PlayersWorlds.Maps.Maze.MazeGeneratorTest.IsFillComplete(PlayersWorlds.Maps.Maze.SidewinderMazeGenerator,NinetyPercent,Auto,null)" methodname="IsFillComplete" classname="PlayersWorlds.Maps.Maze.MazeGeneratorTest" runstate="Runnable" seed="2024048089" result="Skipped" label="Ignored" start-time="2024-06-07T14:45:00.2749130Z" end-time="2024-06-07T14:45:00.2749620Z" duration="0.000049" asserts="0" />
                <test-case id="1-1790" name="IsFillComplete(PlayersWorlds.Maps.Maze.SidewinderMazeGenerator,NinetyPercent,Auto,System.Collections.Generic.List`1[PlayersWorlds.Maps.Area])" fullname="PlayersWorlds.Maps.Maze.MazeGeneratorTest.IsFillComplete(PlayersWorlds.Maps.Maze.SidewinderMazeGenerator,NinetyPercent,Auto,System.Collections.Generic.List`1[PlayersWorlds.Maps.Area])" methodname="IsFillComplete" classname="PlayersWorlds.Maps.Maze.MazeGeneratorTest" runstate="Runnable" seed="2047463117" result="Skipped" label="Ignored" start-time="2024-06-07T14:45:00.2749670Z" end-time="2024-06-07T14:45:00.2750150Z" duration="0.000048" asserts="0" />
                <test-case id="1-1791" name="IsFillComplete(PlayersWorlds.Maps.Maze.SidewinderMazeGenerator,NinetyPercent,Auto,System.Collections.Generic.List`1[PlayersWorlds.Maps.Area])" fullname="PlayersWorlds.Maps.Maze.MazeGeneratorTest.IsFillComplete(PlayersWorlds.Maps.Maze.SidewinderMazeGenerator,NinetyPercent,Auto,System.Collections.Generic.List`1[PlayersWorlds.Maps.Area])" methodname="IsFillComplete" classname="PlayersWorlds.Maps.Maze.MazeGeneratorTest" runstate="Runnable" seed="25714509" result="Skipped" label="Ignored" start-time="2024-06-07T14:45:00.2750200Z" end-time="2024-06-07T14:45:00.2750680Z" duration="0.000048" asserts="0" />
                <test-case id="1-1792" name="IsFillComplete(PlayersWorlds.Maps.Maze.SidewinderMazeGenerator,NinetyPercent,Auto,System.Collections.Generic.List`1[PlayersWorlds.Maps.Area])" fullname="PlayersWorlds.Maps.Maze.MazeGeneratorTest.IsFillComplete(PlayersWorlds.Maps.Maze.SidewinderMazeGenerator,NinetyPercent,Auto,System.Collections.Generic.List`1[PlayersWorlds.Maps.Area])" methodname="IsFillComplete" classname="PlayersWorlds.Maps.Maze.MazeGeneratorTest" runstate="Runnable" seed="2082088366" result="Skipped" label="Ignored" start-time="2024-06-07T14:45:00.2750730Z" end-time="2024-06-07T14:45:00.2751220Z" duration="0.000048" asserts="0" />
                <test-case id="1-1793" name="IsFillComplete(PlayersWorlds.Maps.Maze.SidewinderMazeGenerator,NinetyPercent,Auto,System.Collections.Generic.List`1[PlayersWorlds.Maps.Area])" fullname="PlayersWorlds.Maps.Maze.MazeGeneratorTest.IsFillComplete(PlayersWorlds.Maps.Maze.SidewinderMazeGenerator,NinetyPercent,Auto,System.Collections.Generic.List`1[PlayersWorlds.Maps.Area])" methodname="IsFillComplete" classname="PlayersWorlds.Maps.Maze.MazeGeneratorTest" runstate="Runnable" seed="1449446277" result="Skipped" label="Ignored" start-time="2024-06-07T14:45:00.2751270Z" end-time="2024-06-07T14:45:00.2751750Z" duration="0.000048" asserts="0" />
                <test-case id="1-1794" name="IsFillComplete(PlayersWorlds.Maps.Maze.SidewinderMazeGenerator,NinetyPercent,Auto,System.Collections.Generic.List`1[PlayersWorlds.Maps.Area])" fullname="PlayersWorlds.Maps.Maze.MazeGeneratorTest.IsFillComplete(PlayersWorlds.Maps.Maze.SidewinderMazeGenerator,NinetyPercent,Auto,System.Collections.Generic.List`1[PlayersWorlds.Maps.Area])" methodname="IsFillComplete" classname="PlayersWorlds.Maps.Maze.MazeGeneratorTest" runstate="Runnable" seed="235502935" result="Skipped" label="Ignored" start-time="2024-06-07T14:45:00.2751800Z" end-time="2024-06-07T14:45:00.2752290Z" duration="0.000049" asserts="0" />
                <test-case id="1-1795" name="IsFillComplete(PlayersWorlds.Maps.Maze.SidewinderMazeGenerator,NinetyPercent,Manual,null)" fullname="PlayersWorlds.Maps.Maze.MazeGeneratorTest.IsFillComplete(PlayersWorlds.Maps.Maze.SidewinderMazeGenerator,NinetyPercent,Manual,null)" methodname="IsFillComplete" classname="PlayersWorlds.Maps.Maze.MazeGeneratorTest" runstate="Runnable" seed="1340151089" result="Skipped" label="Ignored" start-time="2024-06-07T14:45:00.2752340Z" end-time="2024-06-07T14:45:00.2752820Z" duration="0.000048" asserts="0" />
                <test-case id="1-1796" name="IsFillComplete(PlayersWorlds.Maps.Maze.SidewinderMazeGenerator,NinetyPercent,Manual,System.Collections.Generic.List`1[PlayersWorlds.Maps.Area])" fullname="PlayersWorlds.Maps.Maze.MazeGeneratorTest.IsFillComplete(PlayersWorlds.Maps.Maze.SidewinderMazeGenerator,NinetyPercent,Manual,System.Collections.Generic.List`1[PlayersWorlds.Maps.Area])" methodname="IsFillComplete" classname="PlayersWorlds.Maps.Maze.MazeGeneratorTest" runstate="Runnable" seed="1864297819" result="Skipped" label="Ignored" start-time="2024-06-07T14:45:00.2752870Z" end-time="2024-06-07T14:45:00.2753350Z" duration="0.000048" asserts="0" />
                <test-case id="1-1797" name="IsFillComplete(PlayersWorlds.Maps.Maze.SidewinderMazeGenerator,NinetyPercent,Manual,System.Collections.Generic.List`1[PlayersWorlds.Maps.Area])" fullname="PlayersWorlds.Maps.Maze.MazeGeneratorTest.IsFillComplete(PlayersWorlds.Maps.Maze.SidewinderMazeGenerator,NinetyPercent,Manual,System.Collections.Generic.List`1[PlayersWorlds.Maps.Area])" methodname="IsFillComplete" classname="PlayersWorlds.Maps.Maze.MazeGeneratorTest" runstate="Runnable" seed="1095586006" result="Skipped" label="Ignored" start-time="2024-06-07T14:45:00.2753400Z" end-time="2024-06-07T14:45:00.2753880Z" duration="0.000049" asserts="0" />
                <test-case id="1-1798" name="IsFillComplete(PlayersWorlds.Maps.Maze.SidewinderMazeGenerator,NinetyPercent,Manual,System.Collections.Generic.List`1[PlayersWorlds.Maps.Area])" fullname="PlayersWorlds.Maps.Maze.MazeGeneratorTest.IsFillComplete(PlayersWorlds.Maps.Maze.SidewinderMazeGenerator,NinetyPercent,Manual,System.Collections.Generic.List`1[PlayersWorlds.Maps.Area])" methodname="IsFillComplete" classname="PlayersWorlds.Maps.Maze.MazeGeneratorTest" runstate="Runnable" seed="965071605" result="Skipped" label="Ignored" start-time="2024-06-07T14:45:00.2753930Z" end-time="2024-06-07T14:45:00.2754420Z" duration="0.000048" asserts="0" />
                <test-case id="1-1799" name="IsFillComplete(PlayersWorlds.Maps.Maze.SidewinderMazeGenerator,NinetyPercent,Manual,System.Collections.Generic.List`1[PlayersWorlds.Maps.Area])" fullname="PlayersWorlds.Maps.Maze.MazeGeneratorTest.IsFillComplete(PlayersWorlds.Maps.Maze.SidewinderMazeGenerator,NinetyPercent,Manual,System.Collections.Generic.List`1[PlayersWorlds.Maps.Area])" methodname="IsFillComplete" classname="PlayersWorlds.Maps.Maze.MazeGeneratorTest" runstate="Runnable" seed="718086206" result="Skipped" label="Ignored" start-time="2024-06-07T14:45:00.2754470Z" end-time="2024-06-07T14:45:00.2754960Z" duration="0.000049" asserts="0" />
                <test-case id="1-1800" name="IsFillComplete(PlayersWorlds.Maps.Maze.SidewinderMazeGenerator,NinetyPercent,Manual,System.Collections.Generic.List`1[PlayersWorlds.Maps.Area])" fullname="PlayersWorlds.Maps.Maze.MazeGeneratorTest.IsFillComplete(PlayersWorlds.Maps.Maze.SidewinderMazeGenerator,NinetyPercent,Manual,System.Collections.Generic.List`1[PlayersWorlds.Maps.Area])" methodname="IsFillComplete" classname="PlayersWorlds.Maps.Maze.MazeGeneratorTest" runstate="Runnable" seed="1032187801" result="Skipped" label="Ignored" start-time="2024-06-07T14:45:00.2755010Z" end-time="2024-06-07T14:45:00.2755490Z" duration="0.000049" asserts="0" />
                <test-case id="1-1801" name="IsFillComplete(PlayersWorlds.Maps.Maze.SidewinderMazeGenerator,FullWidth,Auto,null)" fullname="PlayersWorlds.Maps.Maze.MazeGeneratorTest.IsFillComplete(PlayersWorlds.Maps.Maze.SidewinderMazeGenerator,FullWidth,Auto,null)" methodname="IsFillComplete" classname="PlayersWorlds.Maps.Maze.MazeGeneratorTest" runstate="Runnable" seed="77590629" result="Skipped" label="Ignored" start-time="2024-06-07T14:45:00.2755540Z" end-time="2024-06-07T14:45:00.2756040Z" duration="0.000050" asserts="0" />
                <test-case id="1-1802" name="IsFillComplete(PlayersWorlds.Maps.Maze.SidewinderMazeGenerator,FullWidth,Auto,System.Collections.Generic.List`1[PlayersWorlds.Maps.Area])" fullname="PlayersWorlds.Maps.Maze.MazeGeneratorTest.IsFillComplete(PlayersWorlds.Maps.Maze.SidewinderMazeGenerator,FullWidth,Auto,System.Collections.Generic.List`1[PlayersWorlds.Maps.Area])" methodname="IsFillComplete" classname="PlayersWorlds.Maps.Maze.MazeGeneratorTest" runstate="Runnable" seed="1054483220" result="Skipped" label="Ignored" start-time="2024-06-07T14:45:00.2756100Z" end-time="2024-06-07T14:45:00.2756660Z" duration="0.000056" asserts="0" />
                <test-case id="1-1803" name="IsFillComplete(PlayersWorlds.Maps.Maze.SidewinderMazeGenerator,FullWidth,Auto,System.Collections.Generic.List`1[PlayersWorlds.Maps.Area])" fullname="PlayersWorlds.Maps.Maze.MazeGeneratorTest.IsFillComplete(PlayersWorlds.Maps.Maze.SidewinderMazeGenerator,FullWidth,Auto,System.Collections.Generic.List`1[PlayersWorlds.Maps.Area])" methodname="IsFillComplete" classname="PlayersWorlds.Maps.Maze.MazeGeneratorTest" runstate="Runnable" seed="88696409" result="Skipped" label="Ignored" start-time="2024-06-07T14:45:00.2756720Z" end-time="2024-06-07T14:45:00.2757230Z" duration="0.000051" asserts="0" />
                <test-case id="1-1804" name="IsFillComplete(PlayersWorlds.Maps.Maze.SidewinderMazeGenerator,FullWidth,Auto,System.Collections.Generic.List`1[PlayersWorlds.Maps.Area])" fullname="PlayersWorlds.Maps.Maze.MazeGeneratorTest.IsFillComplete(PlayersWorlds.Maps.Maze.SidewinderMazeGenerator,FullWidth,Auto,System.Collections.Generic.List`1[PlayersWorlds.Maps.Area])" methodname="IsFillComplete" classname="PlayersWorlds.Maps.Maze.MazeGeneratorTest" runstate="Runnable" seed="335113498" result="Skipped" label="Ignored" start-time="2024-06-07T14:45:00.2757280Z" end-time="2024-06-07T14:45:00.2762940Z" duration="0.000566" asserts="0" />
                <test-case id="1-1805" name="IsFillComplete(PlayersWorlds.Maps.Maze.SidewinderMazeGenerator,FullWidth,Auto,System.Collections.Generic.List`1[PlayersWorlds.Maps.Area])" fullname="PlayersWorlds.Maps.Maze.MazeGeneratorTest.IsFillComplete(PlayersWorlds.Maps.Maze.SidewinderMazeGenerator,FullWidth,Auto,System.Collections.Generic.List`1[PlayersWorlds.Maps.Area])" methodname="IsFillComplete" classname="PlayersWorlds.Maps.Maze.MazeGeneratorTest" runstate="Runnable" seed="254049196" result="Skipped" label="Ignored" start-time="2024-06-07T14:45:00.2763010Z" end-time="2024-06-07T14:45:00.2763670Z" duration="0.000067" asserts="0" />
                <test-case id="1-1806" name="IsFillComplete(PlayersWorlds.Maps.Maze.SidewinderMazeGenerator,FullWidth,Auto,System.Collections.Generic.List`1[PlayersWorlds.Maps.Area])" fullname="PlayersWorlds.Maps.Maze.MazeGeneratorTest.IsFillComplete(PlayersWorlds.Maps.Maze.SidewinderMazeGenerator,FullWidth,Auto,System.Collections.Generic.List`1[PlayersWorlds.Maps.Area])" methodname="IsFillComplete" classname="PlayersWorlds.Maps.Maze.MazeGeneratorTest" runstate="Runnable" seed="80824385" result="Skipped" label="Ignored" start-time="2024-06-07T14:45:00.2763730Z" end-time="2024-06-07T14:45:00.2764260Z" duration="0.000053" asserts="0" />
                <test-case id="1-1807" name="IsFillComplete(PlayersWorlds.Maps.Maze.SidewinderMazeGenerator,FullWidth,Manual,null)" fullname="PlayersWorlds.Maps.Maze.MazeGeneratorTest.IsFillComplete(PlayersWorlds.Maps.Maze.SidewinderMazeGenerator,FullWidth,Manual,null)" methodname="IsFillComplete" classname="PlayersWorlds.Maps.Maze.MazeGeneratorTest" runstate="Runnable" seed="1807507372" result="Skipped" label="Ignored" start-time="2024-06-07T14:45:00.2764320Z" end-time="2024-06-07T14:45:00.2764820Z" duration="0.000051" asserts="0" />
                <test-case id="1-1808" name="IsFillComplete(PlayersWorlds.Maps.Maze.SidewinderMazeGenerator,FullWidth,Manual,System.Collections.Generic.List`1[PlayersWorlds.Maps.Area])" fullname="PlayersWorlds.Maps.Maze.MazeGeneratorTest.IsFillComplete(PlayersWorlds.Maps.Maze.SidewinderMazeGenerator,FullWidth,Manual,System.Collections.Generic.List`1[PlayersWorlds.Maps.Area])" methodname="IsFillComplete" classname="PlayersWorlds.Maps.Maze.MazeGeneratorTest" runstate="Runnable" seed="1714537322" result="Skipped" label="Ignored" start-time="2024-06-07T14:45:00.2764870Z" end-time="2024-06-07T14:45:00.2765360Z" duration="0.000049" asserts="0" />
                <test-case id="1-1809" name="IsFillComplete(PlayersWorlds.Maps.Maze.SidewinderMazeGenerator,FullWidth,Manual,System.Collections.Generic.List`1[PlayersWorlds.Maps.Area])" fullname="PlayersWorlds.Maps.Maze.MazeGeneratorTest.IsFillComplete(PlayersWorlds.Maps.Maze.SidewinderMazeGenerator,FullWidth,Manual,System.Collections.Generic.List`1[PlayersWorlds.Maps.Area])" methodname="IsFillComplete" classname="PlayersWorlds.Maps.Maze.MazeGeneratorTest" runstate="Runnable" seed="47643378" result="Skipped" label="Ignored" start-time="2024-06-07T14:45:00.2765420Z" end-time="2024-06-07T14:45:00.2765900Z" duration="0.000049" asserts="0" />
                <test-case id="1-1810" name="IsFillComplete(PlayersWorlds.Maps.Maze.SidewinderMazeGenerator,FullWidth,Manual,System.Collections.Generic.List`1[PlayersWorlds.Maps.Area])" fullname="PlayersWorlds.Maps.Maze.MazeGeneratorTest.IsFillComplete(PlayersWorlds.Maps.Maze.SidewinderMazeGenerator,FullWidth,Manual,System.Collections.Generic.List`1[PlayersWorlds.Maps.Area])" methodname="IsFillComplete" classname="PlayersWorlds.Maps.Maze.MazeGeneratorTest" runstate="Runnable" seed="404650469" result="Skipped" label="Ignored" start-time="2024-06-07T14:45:00.2765960Z" end-time="2024-06-07T14:45:00.2766440Z" duration="0.000048" asserts="0" />
                <test-case id="1-1811" name="IsFillComplete(PlayersWorlds.Maps.Maze.SidewinderMazeGenerator,FullWidth,Manual,System.Collections.Generic.List`1[PlayersWorlds.Maps.Area])" fullname="PlayersWorlds.Maps.Maze.MazeGeneratorTest.IsFillComplete(PlayersWorlds.Maps.Maze.SidewinderMazeGenerator,FullWidth,Manual,System.Collections.Generic.List`1[PlayersWorlds.Maps.Area])" methodname="IsFillComplete" classname="PlayersWorlds.Maps.Maze.MazeGeneratorTest" runstate="Runnable" seed="1718508968" result="Skipped" label="Ignored" start-time="2024-06-07T14:45:00.2766490Z" end-time="2024-06-07T14:45:00.2766970Z" duration="0.000048" asserts="0" />
                <test-case id="1-1812" name="IsFillComplete(PlayersWorlds.Maps.Maze.SidewinderMazeGenerator,FullWidth,Manual,System.Collections.Generic.List`1[PlayersWorlds.Maps.Area])" fullname="PlayersWorlds.Maps.Maze.MazeGeneratorTest.IsFillComplete(PlayersWorlds.Maps.Maze.SidewinderMazeGenerator,FullWidth,Manual,System.Collections.Generic.List`1[PlayersWorlds.Maps.Area])" methodname="IsFillComplete" classname="PlayersWorlds.Maps.Maze.MazeGeneratorTest" runstate="Runnable" seed="1834550225" result="Skipped" label="Ignored" start-time="2024-06-07T14:45:00.2767020Z" end-time="2024-06-07T14:45:00.2767500Z" duration="0.000048" asserts="0" />
                <test-case id="1-1813" name="IsFillComplete(PlayersWorlds.Maps.Maze.SidewinderMazeGenerator,FullHeight,Auto,null)" fullname="PlayersWorlds.Maps.Maze.MazeGeneratorTest.IsFillComplete(PlayersWorlds.Maps.Maze.SidewinderMazeGenerator,FullHeight,Auto,null)" methodname="IsFillComplete" classname="PlayersWorlds.Maps.Maze.MazeGeneratorTest" runstate="Runnable" seed="208072117" result="Skipped" label="Ignored" start-time="2024-06-07T14:45:00.2767550Z" end-time="2024-06-07T14:45:00.2768030Z" duration="0.000049" asserts="0" />
                <test-case id="1-1814" name="IsFillComplete(PlayersWorlds.Maps.Maze.SidewinderMazeGenerator,FullHeight,Auto,System.Collections.Generic.List`1[PlayersWorlds.Maps.Area])" fullname="PlayersWorlds.Maps.Maze.MazeGeneratorTest.IsFillComplete(PlayersWorlds.Maps.Maze.SidewinderMazeGenerator,FullHeight,Auto,System.Collections.Generic.List`1[PlayersWorlds.Maps.Area])" methodname="IsFillComplete" classname="PlayersWorlds.Maps.Maze.MazeGeneratorTest" runstate="Runnable" seed="96247337" result="Skipped" label="Ignored" start-time="2024-06-07T14:45:00.2768080Z" end-time="2024-06-07T14:45:00.2768560Z" duration="0.000048" asserts="0" />
                <test-case id="1-1815" name="IsFillComplete(PlayersWorlds.Maps.Maze.SidewinderMazeGenerator,FullHeight,Auto,System.Collections.Generic.List`1[PlayersWorlds.Maps.Area])" fullname="PlayersWorlds.Maps.Maze.MazeGeneratorTest.IsFillComplete(PlayersWorlds.Maps.Maze.SidewinderMazeGenerator,FullHeight,Auto,System.Collections.Generic.List`1[PlayersWorlds.Maps.Area])" methodname="IsFillComplete" classname="PlayersWorlds.Maps.Maze.MazeGeneratorTest" runstate="Runnable" seed="769373532" result="Skipped" label="Ignored" start-time="2024-06-07T14:45:00.2768610Z" end-time="2024-06-07T14:45:00.2769090Z" duration="0.000048" asserts="0" />
                <test-case id="1-1816" name="IsFillComplete(PlayersWorlds.Maps.Maze.SidewinderMazeGenerator,FullHeight,Auto,System.Collections.Generic.List`1[PlayersWorlds.Maps.Area])" fullname="PlayersWorlds.Maps.Maze.MazeGeneratorTest.IsFillComplete(PlayersWorlds.Maps.Maze.SidewinderMazeGenerator,FullHeight,Auto,System.Collections.Generic.List`1[PlayersWorlds.Maps.Area])" methodname="IsFillComplete" classname="PlayersWorlds.Maps.Maze.MazeGeneratorTest" runstate="Runnable" seed="1002518749" result="Skipped" label="Ignored" start-time="2024-06-07T14:45:00.2769140Z" end-time="2024-06-07T14:45:00.2769620Z" duration="0.000048" asserts="0" />
                <test-case id="1-1817" name="IsFillComplete(PlayersWorlds.Maps.Maze.SidewinderMazeGenerator,FullHeight,Auto,System.Collections.Generic.List`1[PlayersWorlds.Maps.Area])" fullname="PlayersWorlds.Maps.Maze.MazeGeneratorTest.IsFillComplete(PlayersWorlds.Maps.Maze.SidewinderMazeGenerator,FullHeight,Auto,System.Collections.Generic.List`1[PlayersWorlds.Maps.Area])" methodname="IsFillComplete" classname="PlayersWorlds.Maps.Maze.MazeGeneratorTest" runstate="Runnable" seed="1450432767" result="Skipped" label="Ignored" start-time="2024-06-07T14:45:00.2769670Z" end-time="2024-06-07T14:45:00.2770150Z" duration="0.000048" asserts="0" />
                <test-case id="1-1818" name="IsFillComplete(PlayersWorlds.Maps.Maze.SidewinderMazeGenerator,FullHeight,Auto,System.Collections.Generic.List`1[PlayersWorlds.Maps.Area])" fullname="PlayersWorlds.Maps.Maze.MazeGeneratorTest.IsFillComplete(PlayersWorlds.Maps.Maze.SidewinderMazeGenerator,FullHeight,Auto,System.Collections.Generic.List`1[PlayersWorlds.Maps.Area])" methodname="IsFillComplete" classname="PlayersWorlds.Maps.Maze.MazeGeneratorTest" runstate="Runnable" seed="1527587639" result="Skipped" label="Ignored" start-time="2024-06-07T14:45:00.2770200Z" end-time="2024-06-07T14:45:00.2770680Z" duration="0.000048" asserts="0" />
                <test-case id="1-1819" name="IsFillComplete(PlayersWorlds.Maps.Maze.SidewinderMazeGenerator,FullHeight,Manual,null)" fullname="PlayersWorlds.Maps.Maze.MazeGeneratorTest.IsFillComplete(PlayersWorlds.Maps.Maze.SidewinderMazeGenerator,FullHeight,Manual,null)" methodname="IsFillComplete" classname="PlayersWorlds.Maps.Maze.MazeGeneratorTest" runstate="Runnable" seed="1018875680" result="Skipped" label="Ignored" start-time="2024-06-07T14:45:00.2770730Z" end-time="2024-06-07T14:45:00.2771220Z" duration="0.000049" asserts="0" />
                <test-case id="1-1820" name="IsFillComplete(PlayersWorlds.Maps.Maze.SidewinderMazeGenerator,FullHeight,Manual,System.Collections.Generic.List`1[PlayersWorlds.Maps.Area])" fullname="PlayersWorlds.Maps.Maze.MazeGeneratorTest.IsFillComplete(PlayersWorlds.Maps.Maze.SidewinderMazeGenerator,FullHeight,Manual,System.Collections.Generic.List`1[PlayersWorlds.Maps.Area])" methodname="IsFillComplete" classname="PlayersWorlds.Maps.Maze.MazeGeneratorTest" runstate="Runnable" seed="191664482" result="Skipped" label="Ignored" start-time="2024-06-07T14:45:00.2771270Z" end-time="2024-06-07T14:45:00.2771750Z" duration="0.000048" asserts="0" />
                <test-case id="1-1821" name="IsFillComplete(PlayersWorlds.Maps.Maze.SidewinderMazeGenerator,FullHeight,Manual,System.Collections.Generic.List`1[PlayersWorlds.Maps.Area])" fullname="PlayersWorlds.Maps.Maze.MazeGeneratorTest.IsFillComplete(PlayersWorlds.Maps.Maze.SidewinderMazeGenerator,FullHeight,Manual,System.Collections.Generic.List`1[PlayersWorlds.Maps.Area])" methodname="IsFillComplete" classname="PlayersWorlds.Maps.Maze.MazeGeneratorTest" runstate="Runnable" seed="90523828" result="Skipped" label="Ignored" start-time="2024-06-07T14:45:00.2771800Z" end-time="2024-06-07T14:45:00.2772270Z" duration="0.000047" asserts="0" />
                <test-case id="1-1822" name="IsFillComplete(PlayersWorlds.Maps.Maze.SidewinderMazeGenerator,FullHeight,Manual,System.Collections.Generic.List`1[PlayersWorlds.Maps.Area])" fullname="PlayersWorlds.Maps.Maze.MazeGeneratorTest.IsFillComplete(PlayersWorlds.Maps.Maze.SidewinderMazeGenerator,FullHeight,Manual,System.Collections.Generic.List`1[PlayersWorlds.Maps.Area])" methodname="IsFillComplete" classname="PlayersWorlds.Maps.Maze.MazeGeneratorTest" runstate="Runnable" seed="68474757" result="Skipped" label="Ignored" start-time="2024-06-07T14:45:00.2772320Z" end-time="2024-06-07T14:45:00.2772800Z" duration="0.000048" asserts="0" />
                <test-case id="1-1823" name="IsFillComplete(PlayersWorlds.Maps.Maze.SidewinderMazeGenerator,FullHeight,Manual,System.Collections.Generic.List`1[PlayersWorlds.Maps.Area])" fullname="PlayersWorlds.Maps.Maze.MazeGeneratorTest.IsFillComplete(PlayersWorlds.Maps.Maze.SidewinderMazeGenerator,FullHeight,Manual,System.Collections.Generic.List`1[PlayersWorlds.Maps.Area])" methodname="IsFillComplete" classname="PlayersWorlds.Maps.Maze.MazeGeneratorTest" runstate="Runnable" seed="1123878684" result="Skipped" label="Ignored" start-time="2024-06-07T14:45:00.2772850Z" end-time="2024-06-07T14:45:00.2773320Z" duration="0.000047" asserts="0" />
                <test-case id="1-1824" name="IsFillComplete(PlayersWorlds.Maps.Maze.SidewinderMazeGenerator,FullHeight,Manual,System.Collections.Generic.List`1[PlayersWorlds.Maps.Area])" fullname="PlayersWorlds.Maps.Maze.MazeGeneratorTest.IsFillComplete(PlayersWorlds.Maps.Maze.SidewinderMazeGenerator,FullHeight,Manual,System.Collections.Generic.List`1[PlayersWorlds.Maps.Area])" methodname="IsFillComplete" classname="PlayersWorlds.Maps.Maze.MazeGeneratorTest" runstate="Runnable" seed="2096280374" result="Skipped" label="Ignored" start-time="2024-06-07T14:45:00.2773370Z" end-time="2024-06-07T14:45:00.2773840Z" duration="0.000047" asserts="0" />
                <test-case id="1-1825" name="IsFillComplete(PlayersWorlds.Maps.Maze.SidewinderMazeGenerator,Full,Auto,null)" fullname="PlayersWorlds.Maps.Maze.MazeGeneratorTest.IsFillComplete(PlayersWorlds.Maps.Maze.SidewinderMazeGenerator,Full,Auto,null)" methodname="IsFillComplete" classname="PlayersWorlds.Maps.Maze.MazeGeneratorTest" runstate="Runnable" seed="1984188954" result="Passed" start-time="2024-06-07T14:45:00.2773890Z" end-time="2024-06-07T14:45:00.3140100Z" duration="0.036621" asserts="5" />
                <test-case id="1-1826" name="IsFillComplete(PlayersWorlds.Maps.Maze.SidewinderMazeGenerator,Full,Auto,System.Collections.Generic.List`1[PlayersWorlds.Maps.Area])" fullname="PlayersWorlds.Maps.Maze.MazeGeneratorTest.IsFillComplete(PlayersWorlds.Maps.Maze.SidewinderMazeGenerator,Full,Auto,System.Collections.Generic.List`1[PlayersWorlds.Maps.Area])" methodname="IsFillComplete" classname="PlayersWorlds.Maps.Maze.MazeGeneratorTest" runstate="Runnable" seed="1426274948" result="Passed" start-time="2024-06-07T14:45:00.3140210Z" end-time="2024-06-07T14:45:00.3351920Z" duration="0.021170" asserts="5" />
                <test-case id="1-1827" name="IsFillComplete(PlayersWorlds.Maps.Maze.SidewinderMazeGenerator,Full,Auto,System.Collections.Generic.List`1[PlayersWorlds.Maps.Area])" fullname="PlayersWorlds.Maps.Maze.MazeGeneratorTest.IsFillComplete(PlayersWorlds.Maps.Maze.SidewinderMazeGenerator,Full,Auto,System.Collections.Generic.List`1[PlayersWorlds.Maps.Area])" methodname="IsFillComplete" classname="PlayersWorlds.Maps.Maze.MazeGeneratorTest" runstate="Runnable" seed="863680601" result="Passed" start-time="2024-06-07T14:45:00.3352020Z" end-time="2024-06-07T14:45:00.3682930Z" duration="0.033091" asserts="5" />
                <test-case id="1-1828" name="IsFillComplete(PlayersWorlds.Maps.Maze.SidewinderMazeGenerator,Full,Auto,System.Collections.Generic.List`1[PlayersWorlds.Maps.Area])" fullname="PlayersWorlds.Maps.Maze.MazeGeneratorTest.IsFillComplete(PlayersWorlds.Maps.Maze.SidewinderMazeGenerator,Full,Auto,System.Collections.Generic.List`1[PlayersWorlds.Maps.Area])" methodname="IsFillComplete" classname="PlayersWorlds.Maps.Maze.MazeGeneratorTest" runstate="Runnable" seed="1503164149" result="Passed" start-time="2024-06-07T14:45:00.3683110Z" end-time="2024-06-07T14:45:00.3952980Z" duration="0.026987" asserts="5" />
                <test-case id="1-1829" name="IsFillComplete(PlayersWorlds.Maps.Maze.SidewinderMazeGenerator,Full,Auto,System.Collections.Generic.List`1[PlayersWorlds.Maps.Area])" fullname="PlayersWorlds.Maps.Maze.MazeGeneratorTest.IsFillComplete(PlayersWorlds.Maps.Maze.SidewinderMazeGenerator,Full,Auto,System.Collections.Generic.List`1[PlayersWorlds.Maps.Area])" methodname="IsFillComplete" classname="PlayersWorlds.Maps.Maze.MazeGeneratorTest" runstate="Runnable" seed="749143733" result="Passed" start-time="2024-06-07T14:45:00.3953080Z" end-time="2024-06-07T14:45:00.4162190Z" duration="0.020911" asserts="5" />
                <test-case id="1-1830" name="IsFillComplete(PlayersWorlds.Maps.Maze.SidewinderMazeGenerator,Full,Auto,System.Collections.Generic.List`1[PlayersWorlds.Maps.Area])" fullname="PlayersWorlds.Maps.Maze.MazeGeneratorTest.IsFillComplete(PlayersWorlds.Maps.Maze.SidewinderMazeGenerator,Full,Auto,System.Collections.Generic.List`1[PlayersWorlds.Maps.Area])" methodname="IsFillComplete" classname="PlayersWorlds.Maps.Maze.MazeGeneratorTest" runstate="Runnable" seed="1541325595" result="Passed" start-time="2024-06-07T14:45:00.4162370Z" end-time="2024-06-07T14:45:00.4627620Z" duration="0.046525" asserts="5" />
                <test-case id="1-1831" name="IsFillComplete(PlayersWorlds.Maps.Maze.SidewinderMazeGenerator,Full,Manual,null)" fullname="PlayersWorlds.Maps.Maze.MazeGeneratorTest.IsFillComplete(PlayersWorlds.Maps.Maze.SidewinderMazeGenerator,Full,Manual,null)" methodname="IsFillComplete" classname="PlayersWorlds.Maps.Maze.MazeGeneratorTest" runstate="Runnable" seed="503037053" result="Passed" start-time="2024-06-07T14:45:00.4627720Z" end-time="2024-06-07T14:45:00.4813970Z" duration="0.018626" asserts="5" />
                <test-case id="1-1832" name="IsFillComplete(PlayersWorlds.Maps.Maze.SidewinderMazeGenerator,Full,Manual,System.Collections.Generic.List`1[PlayersWorlds.Maps.Area])" fullname="PlayersWorlds.Maps.Maze.MazeGeneratorTest.IsFillComplete(PlayersWorlds.Maps.Maze.SidewinderMazeGenerator,Full,Manual,System.Collections.Generic.List`1[PlayersWorlds.Maps.Area])" methodname="IsFillComplete" classname="PlayersWorlds.Maps.Maze.MazeGeneratorTest" runstate="Runnable" seed="457519753" result="Passed" start-time="2024-06-07T14:45:00.4814070Z" end-time="2024-06-07T14:45:00.5000100Z" duration="0.018603" asserts="5" />
                <test-case id="1-1833" name="IsFillComplete(PlayersWorlds.Maps.Maze.SidewinderMazeGenerator,Full,Manual,System.Collections.Generic.List`1[PlayersWorlds.Maps.Area])" fullname="PlayersWorlds.Maps.Maze.MazeGeneratorTest.IsFillComplete(PlayersWorlds.Maps.Maze.SidewinderMazeGenerator,Full,Manual,System.Collections.Generic.List`1[PlayersWorlds.Maps.Area])" methodname="IsFillComplete" classname="PlayersWorlds.Maps.Maze.MazeGeneratorTest" runstate="Runnable" seed="1675256324" result="Passed" start-time="2024-06-07T14:45:00.5000190Z" end-time="2024-06-07T14:45:00.5173730Z" duration="0.017354" asserts="5" />
                <test-case id="1-1834" name="IsFillComplete(PlayersWorlds.Maps.Maze.SidewinderMazeGenerator,Full,Manual,System.Collections.Generic.List`1[PlayersWorlds.Maps.Area])" fullname="PlayersWorlds.Maps.Maze.MazeGeneratorTest.IsFillComplete(PlayersWorlds.Maps.Maze.SidewinderMazeGenerator,Full,Manual,System.Collections.Generic.List`1[PlayersWorlds.Maps.Area])" methodname="IsFillComplete" classname="PlayersWorlds.Maps.Maze.MazeGeneratorTest" runstate="Runnable" seed="2104806103" result="Passed" start-time="2024-06-07T14:45:00.5173840Z" end-time="2024-06-07T14:45:00.5364270Z" duration="0.019044" asserts="5" />
                <test-case id="1-1835" name="IsFillComplete(PlayersWorlds.Maps.Maze.SidewinderMazeGenerator,Full,Manual,System.Collections.Generic.List`1[PlayersWorlds.Maps.Area])" fullname="PlayersWorlds.Maps.Maze.MazeGeneratorTest.IsFillComplete(PlayersWorlds.Maps.Maze.SidewinderMazeGenerator,Full,Manual,System.Collections.Generic.List`1[PlayersWorlds.Maps.Area])" methodname="IsFillComplete" classname="PlayersWorlds.Maps.Maze.MazeGeneratorTest" runstate="Runnable" seed="300680595" result="Passed" start-time="2024-06-07T14:45:00.5364380Z" end-time="2024-06-07T14:45:00.5593220Z" duration="0.022884" asserts="5" />
                <test-case id="1-1836" name="IsFillComplete(PlayersWorlds.Maps.Maze.SidewinderMazeGenerator,Full,Manual,System.Collections.Generic.List`1[PlayersWorlds.Maps.Area])" fullname="PlayersWorlds.Maps.Maze.MazeGeneratorTest.IsFillComplete(PlayersWorlds.Maps.Maze.SidewinderMazeGenerator,Full,Manual,System.Collections.Generic.List`1[PlayersWorlds.Maps.Area])" methodname="IsFillComplete" classname="PlayersWorlds.Maps.Maze.MazeGeneratorTest" runstate="Runnable" seed="746741358" result="Passed" start-time="2024-06-07T14:45:00.5593320Z" end-time="2024-06-07T14:45:00.5821550Z" duration="0.022823" asserts="5" />
                <test-case id="1-1837" name="IsFillComplete(PlayersWorlds.Maps.Maze.WilsonsMazeGenerator,Quarter,Auto,null)" fullname="PlayersWorlds.Maps.Maze.MazeGeneratorTest.IsFillComplete(PlayersWorlds.Maps.Maze.WilsonsMazeGenerator,Quarter,Auto,null)" methodname="IsFillComplete" classname="PlayersWorlds.Maps.Maze.MazeGeneratorTest" runstate="Runnable" seed="237351879" result="Passed" start-time="2024-06-07T14:45:00.5821650Z" end-time="2024-06-07T14:45:00.5990490Z" duration="0.016884" asserts="5" />
                <test-case id="1-1838" name="IsFillComplete(PlayersWorlds.Maps.Maze.WilsonsMazeGenerator,Quarter,Auto,System.Collections.Generic.List`1[PlayersWorlds.Maps.Area])" fullname="PlayersWorlds.Maps.Maze.MazeGeneratorTest.IsFillComplete(PlayersWorlds.Maps.Maze.WilsonsMazeGenerator,Quarter,Auto,System.Collections.Generic.List`1[PlayersWorlds.Maps.Area])" methodname="IsFillComplete" classname="PlayersWorlds.Maps.Maze.MazeGeneratorTest" runstate="Runnable" seed="1059767876" result="Passed" start-time="2024-06-07T14:45:00.5990590Z" end-time="2024-06-07T14:45:00.6227600Z" duration="0.023701" asserts="5" />
                <test-case id="1-1839" name="IsFillComplete(PlayersWorlds.Maps.Maze.WilsonsMazeGenerator,Quarter,Auto,System.Collections.Generic.List`1[PlayersWorlds.Maps.Area])" fullname="PlayersWorlds.Maps.Maze.MazeGeneratorTest.IsFillComplete(PlayersWorlds.Maps.Maze.WilsonsMazeGenerator,Quarter,Auto,System.Collections.Generic.List`1[PlayersWorlds.Maps.Area])" methodname="IsFillComplete" classname="PlayersWorlds.Maps.Maze.MazeGeneratorTest" runstate="Runnable" seed="928974920" result="Passed" start-time="2024-06-07T14:45:00.6227710Z" end-time="2024-06-07T14:45:00.6471340Z" duration="0.024363" asserts="5" />
                <test-case id="1-1840" name="IsFillComplete(PlayersWorlds.Maps.Maze.WilsonsMazeGenerator,Quarter,Auto,System.Collections.Generic.List`1[PlayersWorlds.Maps.Area])" fullname="PlayersWorlds.Maps.Maze.MazeGeneratorTest.IsFillComplete(PlayersWorlds.Maps.Maze.WilsonsMazeGenerator,Quarter,Auto,System.Collections.Generic.List`1[PlayersWorlds.Maps.Area])" methodname="IsFillComplete" classname="PlayersWorlds.Maps.Maze.MazeGeneratorTest" runstate="Runnable" seed="947615410" result="Passed" start-time="2024-06-07T14:45:00.6471440Z" end-time="2024-06-07T14:45:00.6691490Z" duration="0.022005" asserts="5" />
                <test-case id="1-1841" name="IsFillComplete(PlayersWorlds.Maps.Maze.WilsonsMazeGenerator,Quarter,Auto,System.Collections.Generic.List`1[PlayersWorlds.Maps.Area])" fullname="PlayersWorlds.Maps.Maze.MazeGeneratorTest.IsFillComplete(PlayersWorlds.Maps.Maze.WilsonsMazeGenerator,Quarter,Auto,System.Collections.Generic.List`1[PlayersWorlds.Maps.Area])" methodname="IsFillComplete" classname="PlayersWorlds.Maps.Maze.MazeGeneratorTest" runstate="Runnable" seed="164760386" result="Passed" start-time="2024-06-07T14:45:00.6691600Z" end-time="2024-06-07T14:45:00.7083630Z" duration="0.039203" asserts="5" />
                <test-case id="1-1842" name="IsFillComplete(PlayersWorlds.Maps.Maze.WilsonsMazeGenerator,Quarter,Auto,System.Collections.Generic.List`1[PlayersWorlds.Maps.Area])" fullname="PlayersWorlds.Maps.Maze.MazeGeneratorTest.IsFillComplete(PlayersWorlds.Maps.Maze.WilsonsMazeGenerator,Quarter,Auto,System.Collections.Generic.List`1[PlayersWorlds.Maps.Area])" methodname="IsFillComplete" classname="PlayersWorlds.Maps.Maze.MazeGeneratorTest" runstate="Runnable" seed="1411784785" result="Passed" start-time="2024-06-07T14:45:00.7083730Z" end-time="2024-06-07T14:45:00.7350090Z" duration="0.026635" asserts="5" />
                <test-case id="1-1843" name="IsFillComplete(PlayersWorlds.Maps.Maze.WilsonsMazeGenerator,Quarter,Manual,null)" fullname="PlayersWorlds.Maps.Maze.MazeGeneratorTest.IsFillComplete(PlayersWorlds.Maps.Maze.WilsonsMazeGenerator,Quarter,Manual,null)" methodname="IsFillComplete" classname="PlayersWorlds.Maps.Maze.MazeGeneratorTest" runstate="Runnable" seed="1074791746" result="Passed" start-time="2024-06-07T14:45:00.7350190Z" end-time="2024-06-07T14:45:00.7514880Z" duration="0.016469" asserts="5" />
                <test-case id="1-1844" name="IsFillComplete(PlayersWorlds.Maps.Maze.WilsonsMazeGenerator,Quarter,Manual,System.Collections.Generic.List`1[PlayersWorlds.Maps.Area])" fullname="PlayersWorlds.Maps.Maze.MazeGeneratorTest.IsFillComplete(PlayersWorlds.Maps.Maze.WilsonsMazeGenerator,Quarter,Manual,System.Collections.Generic.List`1[PlayersWorlds.Maps.Area])" methodname="IsFillComplete" classname="PlayersWorlds.Maps.Maze.MazeGeneratorTest" runstate="Runnable" seed="1619397620" result="Passed" start-time="2024-06-07T14:45:00.7515060Z" end-time="2024-06-07T14:45:00.7678730Z" duration="0.016367" asserts="5" />
                <test-case id="1-1845" name="IsFillComplete(PlayersWorlds.Maps.Maze.WilsonsMazeGenerator,Quarter,Manual,System.Collections.Generic.List`1[PlayersWorlds.Maps.Area])" fullname="PlayersWorlds.Maps.Maze.MazeGeneratorTest.IsFillComplete(PlayersWorlds.Maps.Maze.WilsonsMazeGenerator,Quarter,Manual,System.Collections.Generic.List`1[PlayersWorlds.Maps.Area])" methodname="IsFillComplete" classname="PlayersWorlds.Maps.Maze.MazeGeneratorTest" runstate="Runnable" seed="328954149" result="Passed" start-time="2024-06-07T14:45:00.7678830Z" end-time="2024-06-07T14:45:00.7841770Z" duration="0.016294" asserts="5" />
                <test-case id="1-1846" name="IsFillComplete(PlayersWorlds.Maps.Maze.WilsonsMazeGenerator,Quarter,Manual,System.Collections.Generic.List`1[PlayersWorlds.Maps.Area])" fullname="PlayersWorlds.Maps.Maze.MazeGeneratorTest.IsFillComplete(PlayersWorlds.Maps.Maze.WilsonsMazeGenerator,Quarter,Manual,System.Collections.Generic.List`1[PlayersWorlds.Maps.Area])" methodname="IsFillComplete" classname="PlayersWorlds.Maps.Maze.MazeGeneratorTest" runstate="Runnable" seed="338647931" result="Passed" start-time="2024-06-07T14:45:00.7841870Z" end-time="2024-06-07T14:45:00.8017760Z" duration="0.017589" asserts="5" />
                <test-case id="1-1847" name="IsFillComplete(PlayersWorlds.Maps.Maze.WilsonsMazeGenerator,Quarter,Manual,System.Collections.Generic.List`1[PlayersWorlds.Maps.Area])" fullname="PlayersWorlds.Maps.Maze.MazeGeneratorTest.IsFillComplete(PlayersWorlds.Maps.Maze.WilsonsMazeGenerator,Quarter,Manual,System.Collections.Generic.List`1[PlayersWorlds.Maps.Area])" methodname="IsFillComplete" classname="PlayersWorlds.Maps.Maze.MazeGeneratorTest" runstate="Runnable" seed="1874016249" result="Passed" start-time="2024-06-07T14:45:00.8017930Z" end-time="2024-06-07T14:45:00.8212760Z" duration="0.019483" asserts="5" />
                <test-case id="1-1848" name="IsFillComplete(PlayersWorlds.Maps.Maze.WilsonsMazeGenerator,Quarter,Manual,System.Collections.Generic.List`1[PlayersWorlds.Maps.Area])" fullname="PlayersWorlds.Maps.Maze.MazeGeneratorTest.IsFillComplete(PlayersWorlds.Maps.Maze.WilsonsMazeGenerator,Quarter,Manual,System.Collections.Generic.List`1[PlayersWorlds.Maps.Area])" methodname="IsFillComplete" classname="PlayersWorlds.Maps.Maze.MazeGeneratorTest" runstate="Runnable" seed="1353198940" result="Passed" start-time="2024-06-07T14:45:00.8212870Z" end-time="2024-06-07T14:45:00.8428050Z" duration="0.021518" asserts="5" />
                <test-case id="1-1849" name="IsFillComplete(PlayersWorlds.Maps.Maze.WilsonsMazeGenerator,Half,Auto,null)" fullname="PlayersWorlds.Maps.Maze.MazeGeneratorTest.IsFillComplete(PlayersWorlds.Maps.Maze.WilsonsMazeGenerator,Half,Auto,null)" methodname="IsFillComplete" classname="PlayersWorlds.Maps.Maze.MazeGeneratorTest" runstate="Runnable" seed="1613613050" result="Passed" start-time="2024-06-07T14:45:00.8428170Z" end-time="2024-06-07T14:45:00.8503000Z" duration="0.007484" asserts="5" />
                <test-case id="1-1850" name="IsFillComplete(PlayersWorlds.Maps.Maze.WilsonsMazeGenerator,Half,Auto,System.Collections.Generic.List`1[PlayersWorlds.Maps.Area])" fullname="PlayersWorlds.Maps.Maze.MazeGeneratorTest.IsFillComplete(PlayersWorlds.Maps.Maze.WilsonsMazeGenerator,Half,Auto,System.Collections.Generic.List`1[PlayersWorlds.Maps.Area])" methodname="IsFillComplete" classname="PlayersWorlds.Maps.Maze.MazeGeneratorTest" runstate="Runnable" seed="337632340" result="Passed" start-time="2024-06-07T14:45:00.8503100Z" end-time="2024-06-07T14:45:00.8695380Z" duration="0.019228" asserts="5" />
                <test-case id="1-1851" name="IsFillComplete(PlayersWorlds.Maps.Maze.WilsonsMazeGenerator,Half,Auto,System.Collections.Generic.List`1[PlayersWorlds.Maps.Area])" fullname="PlayersWorlds.Maps.Maze.MazeGeneratorTest.IsFillComplete(PlayersWorlds.Maps.Maze.WilsonsMazeGenerator,Half,Auto,System.Collections.Generic.List`1[PlayersWorlds.Maps.Area])" methodname="IsFillComplete" classname="PlayersWorlds.Maps.Maze.MazeGeneratorTest" runstate="Runnable" seed="413865052" result="Passed" start-time="2024-06-07T14:45:00.8695490Z" end-time="2024-06-07T14:45:00.8893690Z" duration="0.019820" asserts="5" />
                <test-case id="1-1852" name="IsFillComplete(PlayersWorlds.Maps.Maze.WilsonsMazeGenerator,Half,Auto,System.Collections.Generic.List`1[PlayersWorlds.Maps.Area])" fullname="PlayersWorlds.Maps.Maze.MazeGeneratorTest.IsFillComplete(PlayersWorlds.Maps.Maze.WilsonsMazeGenerator,Half,Auto,System.Collections.Generic.List`1[PlayersWorlds.Maps.Area])" methodname="IsFillComplete" classname="PlayersWorlds.Maps.Maze.MazeGeneratorTest" runstate="Runnable" seed="1715482014" result="Passed" start-time="2024-06-07T14:45:00.8893790Z" end-time="2024-06-07T14:45:00.9076310Z" duration="0.018252" asserts="5" />
                <test-case id="1-1853" name="IsFillComplete(PlayersWorlds.Maps.Maze.WilsonsMazeGenerator,Half,Auto,System.Collections.Generic.List`1[PlayersWorlds.Maps.Area])" fullname="PlayersWorlds.Maps.Maze.MazeGeneratorTest.IsFillComplete(PlayersWorlds.Maps.Maze.WilsonsMazeGenerator,Half,Auto,System.Collections.Generic.List`1[PlayersWorlds.Maps.Area])" methodname="IsFillComplete" classname="PlayersWorlds.Maps.Maze.MazeGeneratorTest" runstate="Runnable" seed="2093679572" result="Passed" start-time="2024-06-07T14:45:00.9076410Z" end-time="2024-06-07T14:45:00.9409370Z" duration="0.033296" asserts="5" />
                <test-case id="1-1854" name="IsFillComplete(PlayersWorlds.Maps.Maze.WilsonsMazeGenerator,Half,Auto,System.Collections.Generic.List`1[PlayersWorlds.Maps.Area])" fullname="PlayersWorlds.Maps.Maze.MazeGeneratorTest.IsFillComplete(PlayersWorlds.Maps.Maze.WilsonsMazeGenerator,Half,Auto,System.Collections.Generic.List`1[PlayersWorlds.Maps.Area])" methodname="IsFillComplete" classname="PlayersWorlds.Maps.Maze.MazeGeneratorTest" runstate="Runnable" seed="526421724" result="Passed" start-time="2024-06-07T14:45:00.9409470Z" end-time="2024-06-07T14:45:00.9788430Z" duration="0.037897" asserts="5" />
                <test-case id="1-1855" name="IsFillComplete(PlayersWorlds.Maps.Maze.WilsonsMazeGenerator,Half,Manual,null)" fullname="PlayersWorlds.Maps.Maze.MazeGeneratorTest.IsFillComplete(PlayersWorlds.Maps.Maze.WilsonsMazeGenerator,Half,Manual,null)" methodname="IsFillComplete" classname="PlayersWorlds.Maps.Maze.MazeGeneratorTest" runstate="Runnable" seed="941663973" result="Passed" start-time="2024-06-07T14:45:00.9788530Z" end-time="2024-06-07T14:45:00.9944620Z" duration="0.015609" asserts="5" />
                <test-case id="1-1856" name="IsFillComplete(PlayersWorlds.Maps.Maze.WilsonsMazeGenerator,Half,Manual,System.Collections.Generic.List`1[PlayersWorlds.Maps.Area])" fullname="PlayersWorlds.Maps.Maze.MazeGeneratorTest.IsFillComplete(PlayersWorlds.Maps.Maze.WilsonsMazeGenerator,Half,Manual,System.Collections.Generic.List`1[PlayersWorlds.Maps.Area])" methodname="IsFillComplete" classname="PlayersWorlds.Maps.Maze.MazeGeneratorTest" runstate="Runnable" seed="9115872" result="Passed" start-time="2024-06-07T14:45:00.9944720Z" end-time="2024-06-07T14:45:01.0122370Z" duration="0.017765" asserts="5" />
                <test-case id="1-1857" name="IsFillComplete(PlayersWorlds.Maps.Maze.WilsonsMazeGenerator,Half,Manual,System.Collections.Generic.List`1[PlayersWorlds.Maps.Area])" fullname="PlayersWorlds.Maps.Maze.MazeGeneratorTest.IsFillComplete(PlayersWorlds.Maps.Maze.WilsonsMazeGenerator,Half,Manual,System.Collections.Generic.List`1[PlayersWorlds.Maps.Area])" methodname="IsFillComplete" classname="PlayersWorlds.Maps.Maze.MazeGeneratorTest" runstate="Runnable" seed="2078088183" result="Passed" start-time="2024-06-07T14:45:01.0122540Z" end-time="2024-06-07T14:45:01.0281630Z" duration="0.015909" asserts="5" />
                <test-case id="1-1858" name="IsFillComplete(PlayersWorlds.Maps.Maze.WilsonsMazeGenerator,Half,Manual,System.Collections.Generic.List`1[PlayersWorlds.Maps.Area])" fullname="PlayersWorlds.Maps.Maze.MazeGeneratorTest.IsFillComplete(PlayersWorlds.Maps.Maze.WilsonsMazeGenerator,Half,Manual,System.Collections.Generic.List`1[PlayersWorlds.Maps.Area])" methodname="IsFillComplete" classname="PlayersWorlds.Maps.Maze.MazeGeneratorTest" runstate="Runnable" seed="139899682" result="Passed" start-time="2024-06-07T14:45:01.0281730Z" end-time="2024-06-07T14:45:01.0444520Z" duration="0.016279" asserts="5" />
                <test-case id="1-1859" name="IsFillComplete(PlayersWorlds.Maps.Maze.WilsonsMazeGenerator,Half,Manual,System.Collections.Generic.List`1[PlayersWorlds.Maps.Area])" fullname="PlayersWorlds.Maps.Maze.MazeGeneratorTest.IsFillComplete(PlayersWorlds.Maps.Maze.WilsonsMazeGenerator,Half,Manual,System.Collections.Generic.List`1[PlayersWorlds.Maps.Area])" methodname="IsFillComplete" classname="PlayersWorlds.Maps.Maze.MazeGeneratorTest" runstate="Runnable" seed="498408191" result="Passed" start-time="2024-06-07T14:45:01.0444700Z" end-time="2024-06-07T14:45:01.0638390Z" duration="0.019369" asserts="5" />
                <test-case id="1-1860" name="IsFillComplete(PlayersWorlds.Maps.Maze.WilsonsMazeGenerator,Half,Manual,System.Collections.Generic.List`1[PlayersWorlds.Maps.Area])" fullname="PlayersWorlds.Maps.Maze.MazeGeneratorTest.IsFillComplete(PlayersWorlds.Maps.Maze.WilsonsMazeGenerator,Half,Manual,System.Collections.Generic.List`1[PlayersWorlds.Maps.Area])" methodname="IsFillComplete" classname="PlayersWorlds.Maps.Maze.MazeGeneratorTest" runstate="Runnable" seed="975257895" result="Passed" start-time="2024-06-07T14:45:01.0638560Z" end-time="2024-06-07T14:45:01.0845350Z" duration="0.020679" asserts="5" />
                <test-case id="1-1861" name="IsFillComplete(PlayersWorlds.Maps.Maze.WilsonsMazeGenerator,ThreeQuarters,Auto,null)" fullname="PlayersWorlds.Maps.Maze.MazeGeneratorTest.IsFillComplete(PlayersWorlds.Maps.Maze.WilsonsMazeGenerator,ThreeQuarters,Auto,null)" methodname="IsFillComplete" classname="PlayersWorlds.Maps.Maze.MazeGeneratorTest" runstate="Runnable" seed="1364627431" result="Passed" start-time="2024-06-07T14:45:01.0845450Z" end-time="2024-06-07T14:45:01.1165710Z" duration="0.032026" asserts="5" />
                <test-case id="1-1862" name="IsFillComplete(PlayersWorlds.Maps.Maze.WilsonsMazeGenerator,ThreeQuarters,Auto,System.Collections.Generic.List`1[PlayersWorlds.Maps.Area])" fullname="PlayersWorlds.Maps.Maze.MazeGeneratorTest.IsFillComplete(PlayersWorlds.Maps.Maze.WilsonsMazeGenerator,ThreeQuarters,Auto,System.Collections.Generic.List`1[PlayersWorlds.Maps.Area])" methodname="IsFillComplete" classname="PlayersWorlds.Maps.Maze.MazeGeneratorTest" runstate="Runnable" seed="304343223" result="Passed" start-time="2024-06-07T14:45:01.1165810Z" end-time="2024-06-07T14:45:01.1427170Z" duration="0.026136" asserts="5" />
                <test-case id="1-1863" name="IsFillComplete(PlayersWorlds.Maps.Maze.WilsonsMazeGenerator,ThreeQuarters,Auto,System.Collections.Generic.List`1[PlayersWorlds.Maps.Area])" fullname="PlayersWorlds.Maps.Maze.MazeGeneratorTest.IsFillComplete(PlayersWorlds.Maps.Maze.WilsonsMazeGenerator,ThreeQuarters,Auto,System.Collections.Generic.List`1[PlayersWorlds.Maps.Area])" methodname="IsFillComplete" classname="PlayersWorlds.Maps.Maze.MazeGeneratorTest" runstate="Runnable" seed="965393589" result="Passed" start-time="2024-06-07T14:45:01.1427320Z" end-time="2024-06-07T14:45:01.1697710Z" duration="0.027038" asserts="5" />
                <test-case id="1-1864" name="IsFillComplete(PlayersWorlds.Maps.Maze.WilsonsMazeGenerator,ThreeQuarters,Auto,System.Collections.Generic.List`1[PlayersWorlds.Maps.Area])" fullname="PlayersWorlds.Maps.Maze.MazeGeneratorTest.IsFillComplete(PlayersWorlds.Maps.Maze.WilsonsMazeGenerator,ThreeQuarters,Auto,System.Collections.Generic.List`1[PlayersWorlds.Maps.Area])" methodname="IsFillComplete" classname="PlayersWorlds.Maps.Maze.MazeGeneratorTest" runstate="Runnable" seed="653801430" result="Passed" start-time="2024-06-07T14:45:01.1697810Z" end-time="2024-06-07T14:45:01.2023490Z" duration="0.032568" asserts="5" />
                <test-case id="1-1865" name="IsFillComplete(PlayersWorlds.Maps.Maze.WilsonsMazeGenerator,ThreeQuarters,Auto,System.Collections.Generic.List`1[PlayersWorlds.Maps.Area])" fullname="PlayersWorlds.Maps.Maze.MazeGeneratorTest.IsFillComplete(PlayersWorlds.Maps.Maze.WilsonsMazeGenerator,ThreeQuarters,Auto,System.Collections.Generic.List`1[PlayersWorlds.Maps.Area])" methodname="IsFillComplete" classname="PlayersWorlds.Maps.Maze.MazeGeneratorTest" runstate="Runnable" seed="2049097063" result="Passed" start-time="2024-06-07T14:45:01.2023590Z" end-time="2024-06-07T14:45:01.2408360Z" duration="0.038477" asserts="5" />
                <test-case id="1-1866" name="IsFillComplete(PlayersWorlds.Maps.Maze.WilsonsMazeGenerator,ThreeQuarters,Auto,System.Collections.Generic.List`1[PlayersWorlds.Maps.Area])" fullname="PlayersWorlds.Maps.Maze.MazeGeneratorTest.IsFillComplete(PlayersWorlds.Maps.Maze.WilsonsMazeGenerator,ThreeQuarters,Auto,System.Collections.Generic.List`1[PlayersWorlds.Maps.Area])" methodname="IsFillComplete" classname="PlayersWorlds.Maps.Maze.MazeGeneratorTest" runstate="Runnable" seed="1260989215" result="Passed" start-time="2024-06-07T14:45:01.2408540Z" end-time="2024-06-07T14:45:01.2844240Z" duration="0.043570" asserts="5" />
                <test-case id="1-1867" name="IsFillComplete(PlayersWorlds.Maps.Maze.WilsonsMazeGenerator,ThreeQuarters,Manual,null)" fullname="PlayersWorlds.Maps.Maze.MazeGeneratorTest.IsFillComplete(PlayersWorlds.Maps.Maze.WilsonsMazeGenerator,ThreeQuarters,Manual,null)" methodname="IsFillComplete" classname="PlayersWorlds.Maps.Maze.MazeGeneratorTest" runstate="Runnable" seed="159293901" result="Passed" start-time="2024-06-07T14:45:01.2844420Z" end-time="2024-06-07T14:45:01.3003290Z" duration="0.015887" asserts="5" />
                <test-case id="1-1868" name="IsFillComplete(PlayersWorlds.Maps.Maze.WilsonsMazeGenerator,ThreeQuarters,Manual,System.Collections.Generic.List`1[PlayersWorlds.Maps.Area])" fullname="PlayersWorlds.Maps.Maze.MazeGeneratorTest.IsFillComplete(PlayersWorlds.Maps.Maze.WilsonsMazeGenerator,ThreeQuarters,Manual,System.Collections.Generic.List`1[PlayersWorlds.Maps.Area])" methodname="IsFillComplete" classname="PlayersWorlds.Maps.Maze.MazeGeneratorTest" runstate="Runnable" seed="250749661" result="Passed" start-time="2024-06-07T14:45:01.3003390Z" end-time="2024-06-07T14:45:01.3173920Z" duration="0.017053" asserts="5" />
                <test-case id="1-1869" name="IsFillComplete(PlayersWorlds.Maps.Maze.WilsonsMazeGenerator,ThreeQuarters,Manual,System.Collections.Generic.List`1[PlayersWorlds.Maps.Area])" fullname="PlayersWorlds.Maps.Maze.MazeGeneratorTest.IsFillComplete(PlayersWorlds.Maps.Maze.WilsonsMazeGenerator,ThreeQuarters,Manual,System.Collections.Generic.List`1[PlayersWorlds.Maps.Area])" methodname="IsFillComplete" classname="PlayersWorlds.Maps.Maze.MazeGeneratorTest" runstate="Runnable" seed="1943050389" result="Passed" start-time="2024-06-07T14:45:01.3174020Z" end-time="2024-06-07T14:45:01.3360130Z" duration="0.018611" asserts="5" />
                <test-case id="1-1870" name="IsFillComplete(PlayersWorlds.Maps.Maze.WilsonsMazeGenerator,ThreeQuarters,Manual,System.Collections.Generic.List`1[PlayersWorlds.Maps.Area])" fullname="PlayersWorlds.Maps.Maze.MazeGeneratorTest.IsFillComplete(PlayersWorlds.Maps.Maze.WilsonsMazeGenerator,ThreeQuarters,Manual,System.Collections.Generic.List`1[PlayersWorlds.Maps.Area])" methodname="IsFillComplete" classname="PlayersWorlds.Maps.Maze.MazeGeneratorTest" runstate="Runnable" seed="22632174" result="Passed" start-time="2024-06-07T14:45:01.3360230Z" end-time="2024-06-07T14:45:01.3527820Z" duration="0.016759" asserts="5" />
                <test-case id="1-1871" name="IsFillComplete(PlayersWorlds.Maps.Maze.WilsonsMazeGenerator,ThreeQuarters,Manual,System.Collections.Generic.List`1[PlayersWorlds.Maps.Area])" fullname="PlayersWorlds.Maps.Maze.MazeGeneratorTest.IsFillComplete(PlayersWorlds.Maps.Maze.WilsonsMazeGenerator,ThreeQuarters,Manual,System.Collections.Generic.List`1[PlayersWorlds.Maps.Area])" methodname="IsFillComplete" classname="PlayersWorlds.Maps.Maze.MazeGeneratorTest" runstate="Runnable" seed="765166870" result="Passed" start-time="2024-06-07T14:45:01.3527990Z" end-time="2024-06-07T14:45:01.3760320Z" duration="0.023233" asserts="5" />
                <test-case id="1-1872" name="IsFillComplete(PlayersWorlds.Maps.Maze.WilsonsMazeGenerator,ThreeQuarters,Manual,System.Collections.Generic.List`1[PlayersWorlds.Maps.Area])" fullname="PlayersWorlds.Maps.Maze.MazeGeneratorTest.IsFillComplete(PlayersWorlds.Maps.Maze.WilsonsMazeGenerator,ThreeQuarters,Manual,System.Collections.Generic.List`1[PlayersWorlds.Maps.Area])" methodname="IsFillComplete" classname="PlayersWorlds.Maps.Maze.MazeGeneratorTest" runstate="Runnable" seed="390664891" result="Passed" start-time="2024-06-07T14:45:01.3760420Z" end-time="2024-06-07T14:45:01.3997940Z" duration="0.023752" asserts="5" />
                <test-case id="1-1873" name="IsFillComplete(PlayersWorlds.Maps.Maze.WilsonsMazeGenerator,NinetyPercent,Auto,null)" fullname="PlayersWorlds.Maps.Maze.MazeGeneratorTest.IsFillComplete(PlayersWorlds.Maps.Maze.WilsonsMazeGenerator,NinetyPercent,Auto,null)" methodname="IsFillComplete" classname="PlayersWorlds.Maps.Maze.MazeGeneratorTest" runstate="Runnable" seed="598612719" result="Passed" start-time="2024-06-07T14:45:01.3998050Z" end-time="2024-06-07T14:45:01.4090810Z" duration="0.009276" asserts="5" />
                <test-case id="1-1874" name="IsFillComplete(PlayersWorlds.Maps.Maze.WilsonsMazeGenerator,NinetyPercent,Auto,System.Collections.Generic.List`1[PlayersWorlds.Maps.Area])" fullname="PlayersWorlds.Maps.Maze.MazeGeneratorTest.IsFillComplete(PlayersWorlds.Maps.Maze.WilsonsMazeGenerator,NinetyPercent,Auto,System.Collections.Generic.List`1[PlayersWorlds.Maps.Area])" methodname="IsFillComplete" classname="PlayersWorlds.Maps.Maze.MazeGeneratorTest" runstate="Runnable" seed="71260270" result="Passed" start-time="2024-06-07T14:45:01.4090910Z" end-time="2024-06-07T14:45:01.4341120Z" duration="0.025021" asserts="5" />
                <test-case id="1-1875" name="IsFillComplete(PlayersWorlds.Maps.Maze.WilsonsMazeGenerator,NinetyPercent,Auto,System.Collections.Generic.List`1[PlayersWorlds.Maps.Area])" fullname="PlayersWorlds.Maps.Maze.MazeGeneratorTest.IsFillComplete(PlayersWorlds.Maps.Maze.WilsonsMazeGenerator,NinetyPercent,Auto,System.Collections.Generic.List`1[PlayersWorlds.Maps.Area])" methodname="IsFillComplete" classname="PlayersWorlds.Maps.Maze.MazeGeneratorTest" runstate="Runnable" seed="26904096" result="Passed" start-time="2024-06-07T14:45:01.4341220Z" end-time="2024-06-07T14:45:01.4743160Z" duration="0.040195" asserts="5" />
                <test-case id="1-1876" name="IsFillComplete(PlayersWorlds.Maps.Maze.WilsonsMazeGenerator,NinetyPercent,Auto,System.Collections.Generic.List`1[PlayersWorlds.Maps.Area])" fullname="PlayersWorlds.Maps.Maze.MazeGeneratorTest.IsFillComplete(PlayersWorlds.Maps.Maze.WilsonsMazeGenerator,NinetyPercent,Auto,System.Collections.Generic.List`1[PlayersWorlds.Maps.Area])" methodname="IsFillComplete" classname="PlayersWorlds.Maps.Maze.MazeGeneratorTest" runstate="Runnable" seed="826222690" result="Passed" start-time="2024-06-07T14:45:01.4743270Z" end-time="2024-06-07T14:45:01.5159780Z" duration="0.041652" asserts="5" />
                <test-case id="1-1877" name="IsFillComplete(PlayersWorlds.Maps.Maze.WilsonsMazeGenerator,NinetyPercent,Auto,System.Collections.Generic.List`1[PlayersWorlds.Maps.Area])" fullname="PlayersWorlds.Maps.Maze.MazeGeneratorTest.IsFillComplete(PlayersWorlds.Maps.Maze.WilsonsMazeGenerator,NinetyPercent,Auto,System.Collections.Generic.List`1[PlayersWorlds.Maps.Area])" methodname="IsFillComplete" classname="PlayersWorlds.Maps.Maze.MazeGeneratorTest" runstate="Runnable" seed="1141166658" result="Passed" start-time="2024-06-07T14:45:01.5159880Z" end-time="2024-06-07T14:45:01.5605600Z" duration="0.044571" asserts="5" />
                <test-case id="1-1878" name="IsFillComplete(PlayersWorlds.Maps.Maze.WilsonsMazeGenerator,NinetyPercent,Auto,System.Collections.Generic.List`1[PlayersWorlds.Maps.Area])" fullname="PlayersWorlds.Maps.Maze.MazeGeneratorTest.IsFillComplete(PlayersWorlds.Maps.Maze.WilsonsMazeGenerator,NinetyPercent,Auto,System.Collections.Generic.List`1[PlayersWorlds.Maps.Area])" methodname="IsFillComplete" classname="PlayersWorlds.Maps.Maze.MazeGeneratorTest" runstate="Runnable" seed="1651964711" result="Passed" start-time="2024-06-07T14:45:01.5605780Z" end-time="2024-06-07T14:45:01.6208900Z" duration="0.060313" asserts="5" />
                <test-case id="1-1879" name="IsFillComplete(PlayersWorlds.Maps.Maze.WilsonsMazeGenerator,NinetyPercent,Manual,null)" fullname="PlayersWorlds.Maps.Maze.MazeGeneratorTest.IsFillComplete(PlayersWorlds.Maps.Maze.WilsonsMazeGenerator,NinetyPercent,Manual,null)" methodname="IsFillComplete" classname="PlayersWorlds.Maps.Maze.MazeGeneratorTest" runstate="Runnable" seed="1767326225" result="Passed" start-time="2024-06-07T14:45:01.6209000Z" end-time="2024-06-07T14:45:01.6405300Z" duration="0.019630" asserts="5" />
                <test-case id="1-1880" name="IsFillComplete(PlayersWorlds.Maps.Maze.WilsonsMazeGenerator,NinetyPercent,Manual,System.Collections.Generic.List`1[PlayersWorlds.Maps.Area])" fullname="PlayersWorlds.Maps.Maze.MazeGeneratorTest.IsFillComplete(PlayersWorlds.Maps.Maze.WilsonsMazeGenerator,NinetyPercent,Manual,System.Collections.Generic.List`1[PlayersWorlds.Maps.Area])" methodname="IsFillComplete" classname="PlayersWorlds.Maps.Maze.MazeGeneratorTest" runstate="Runnable" seed="1645541023" result="Passed" start-time="2024-06-07T14:45:01.6405400Z" end-time="2024-06-07T14:45:01.6572460Z" duration="0.016706" asserts="5" />
                <test-case id="1-1881" name="IsFillComplete(PlayersWorlds.Maps.Maze.WilsonsMazeGenerator,NinetyPercent,Manual,System.Collections.Generic.List`1[PlayersWorlds.Maps.Area])" fullname="PlayersWorlds.Maps.Maze.MazeGeneratorTest.IsFillComplete(PlayersWorlds.Maps.Maze.WilsonsMazeGenerator,NinetyPercent,Manual,System.Collections.Generic.List`1[PlayersWorlds.Maps.Area])" methodname="IsFillComplete" classname="PlayersWorlds.Maps.Maze.MazeGeneratorTest" runstate="Runnable" seed="1699742346" result="Passed" start-time="2024-06-07T14:45:01.6572550Z" end-time="2024-06-07T14:45:01.6750750Z" duration="0.017820" asserts="5" />
                <test-case id="1-1882" name="IsFillComplete(PlayersWorlds.Maps.Maze.WilsonsMazeGenerator,NinetyPercent,Manual,System.Collections.Generic.List`1[PlayersWorlds.Maps.Area])" fullname="PlayersWorlds.Maps.Maze.MazeGeneratorTest.IsFillComplete(PlayersWorlds.Maps.Maze.WilsonsMazeGenerator,NinetyPercent,Manual,System.Collections.Generic.List`1[PlayersWorlds.Maps.Area])" methodname="IsFillComplete" classname="PlayersWorlds.Maps.Maze.MazeGeneratorTest" runstate="Runnable" seed="1657965308" result="Passed" start-time="2024-06-07T14:45:01.6750850Z" end-time="2024-06-07T14:45:01.6935150Z" duration="0.018430" asserts="5" />
                <test-case id="1-1883" name="IsFillComplete(PlayersWorlds.Maps.Maze.WilsonsMazeGenerator,NinetyPercent,Manual,System.Collections.Generic.List`1[PlayersWorlds.Maps.Area])" fullname="PlayersWorlds.Maps.Maze.MazeGeneratorTest.IsFillComplete(PlayersWorlds.Maps.Maze.WilsonsMazeGenerator,NinetyPercent,Manual,System.Collections.Generic.List`1[PlayersWorlds.Maps.Area])" methodname="IsFillComplete" classname="PlayersWorlds.Maps.Maze.MazeGeneratorTest" runstate="Runnable" seed="2037034746" result="Passed" start-time="2024-06-07T14:45:01.6935240Z" end-time="2024-06-07T14:45:01.7172410Z" duration="0.023717" asserts="5" />
                <test-case id="1-1884" name="IsFillComplete(PlayersWorlds.Maps.Maze.WilsonsMazeGenerator,NinetyPercent,Manual,System.Collections.Generic.List`1[PlayersWorlds.Maps.Area])" fullname="PlayersWorlds.Maps.Maze.MazeGeneratorTest.IsFillComplete(PlayersWorlds.Maps.Maze.WilsonsMazeGenerator,NinetyPercent,Manual,System.Collections.Generic.List`1[PlayersWorlds.Maps.Area])" methodname="IsFillComplete" classname="PlayersWorlds.Maps.Maze.MazeGeneratorTest" runstate="Runnable" seed="411511393" result="Passed" start-time="2024-06-07T14:45:01.7172520Z" end-time="2024-06-07T14:45:01.7393210Z" duration="0.022069" asserts="5" />
                <test-case id="1-1885" name="IsFillComplete(PlayersWorlds.Maps.Maze.WilsonsMazeGenerator,FullWidth,Auto,null)" fullname="PlayersWorlds.Maps.Maze.MazeGeneratorTest.IsFillComplete(PlayersWorlds.Maps.Maze.WilsonsMazeGenerator,FullWidth,Auto,null)" methodname="IsFillComplete" classname="PlayersWorlds.Maps.Maze.MazeGeneratorTest" runstate="Runnable" seed="1127460543" result="Passed" start-time="2024-06-07T14:45:01.7393310Z" end-time="2024-06-07T14:45:01.7579020Z" duration="0.018572" asserts="5" />
                <test-case id="1-1886" name="IsFillComplete(PlayersWorlds.Maps.Maze.WilsonsMazeGenerator,FullWidth,Auto,System.Collections.Generic.List`1[PlayersWorlds.Maps.Area])" fullname="PlayersWorlds.Maps.Maze.MazeGeneratorTest.IsFillComplete(PlayersWorlds.Maps.Maze.WilsonsMazeGenerator,FullWidth,Auto,System.Collections.Generic.List`1[PlayersWorlds.Maps.Area])" methodname="IsFillComplete" classname="PlayersWorlds.Maps.Maze.MazeGeneratorTest" runstate="Runnable" seed="935038686" result="Passed" start-time="2024-06-07T14:45:01.7579120Z" end-time="2024-06-07T14:45:01.7741100Z" duration="0.016197" asserts="5" />
                <test-case id="1-1887" name="IsFillComplete(PlayersWorlds.Maps.Maze.WilsonsMazeGenerator,FullWidth,Auto,System.Collections.Generic.List`1[PlayersWorlds.Maps.Area])" fullname="PlayersWorlds.Maps.Maze.MazeGeneratorTest.IsFillComplete(PlayersWorlds.Maps.Maze.WilsonsMazeGenerator,FullWidth,Auto,System.Collections.Generic.List`1[PlayersWorlds.Maps.Area])" methodname="IsFillComplete" classname="PlayersWorlds.Maps.Maze.MazeGeneratorTest" runstate="Runnable" seed="511323828" result="Passed" start-time="2024-06-07T14:45:01.7741200Z" end-time="2024-06-07T14:45:01.7929460Z" duration="0.018826" asserts="5" />
                <test-case id="1-1888" name="IsFillComplete(PlayersWorlds.Maps.Maze.WilsonsMazeGenerator,FullWidth,Auto,System.Collections.Generic.List`1[PlayersWorlds.Maps.Area])" fullname="PlayersWorlds.Maps.Maze.MazeGeneratorTest.IsFillComplete(PlayersWorlds.Maps.Maze.WilsonsMazeGenerator,FullWidth,Auto,System.Collections.Generic.List`1[PlayersWorlds.Maps.Area])" methodname="IsFillComplete" classname="PlayersWorlds.Maps.Maze.MazeGeneratorTest" runstate="Runnable" seed="1148834600" result="Passed" start-time="2024-06-07T14:45:01.7929560Z" end-time="2024-06-07T14:45:01.8146910Z" duration="0.021735" asserts="5" />
                <test-case id="1-1889" name="IsFillComplete(PlayersWorlds.Maps.Maze.WilsonsMazeGenerator,FullWidth,Auto,System.Collections.Generic.List`1[PlayersWorlds.Maps.Area])" fullname="PlayersWorlds.Maps.Maze.MazeGeneratorTest.IsFillComplete(PlayersWorlds.Maps.Maze.WilsonsMazeGenerator,FullWidth,Auto,System.Collections.Generic.List`1[PlayersWorlds.Maps.Area])" methodname="IsFillComplete" classname="PlayersWorlds.Maps.Maze.MazeGeneratorTest" runstate="Runnable" seed="1163142130" result="Passed" start-time="2024-06-07T14:45:01.8147010Z" end-time="2024-06-07T14:45:01.8375020Z" duration="0.022801" asserts="5" />
                <test-case id="1-1890" name="IsFillComplete(PlayersWorlds.Maps.Maze.WilsonsMazeGenerator,FullWidth,Auto,System.Collections.Generic.List`1[PlayersWorlds.Maps.Area])" fullname="PlayersWorlds.Maps.Maze.MazeGeneratorTest.IsFillComplete(PlayersWorlds.Maps.Maze.WilsonsMazeGenerator,FullWidth,Auto,System.Collections.Generic.List`1[PlayersWorlds.Maps.Area])" methodname="IsFillComplete" classname="PlayersWorlds.Maps.Maze.MazeGeneratorTest" runstate="Runnable" seed="291564723" result="Passed" start-time="2024-06-07T14:45:01.8375120Z" end-time="2024-06-07T14:45:01.8790480Z" duration="0.041536" asserts="5" />
                <test-case id="1-1891" name="IsFillComplete(PlayersWorlds.Maps.Maze.WilsonsMazeGenerator,FullWidth,Manual,null)" fullname="PlayersWorlds.Maps.Maze.MazeGeneratorTest.IsFillComplete(PlayersWorlds.Maps.Maze.WilsonsMazeGenerator,FullWidth,Manual,null)" methodname="IsFillComplete" classname="PlayersWorlds.Maps.Maze.MazeGeneratorTest" runstate="Runnable" seed="816136822" result="Passed" start-time="2024-06-07T14:45:01.8790580Z" end-time="2024-06-07T14:45:01.8950890Z" duration="0.016031" asserts="5" />
                <test-case id="1-1892" name="IsFillComplete(PlayersWorlds.Maps.Maze.WilsonsMazeGenerator,FullWidth,Manual,System.Collections.Generic.List`1[PlayersWorlds.Maps.Area])" fullname="PlayersWorlds.Maps.Maze.MazeGeneratorTest.IsFillComplete(PlayersWorlds.Maps.Maze.WilsonsMazeGenerator,FullWidth,Manual,System.Collections.Generic.List`1[PlayersWorlds.Maps.Area])" methodname="IsFillComplete" classname="PlayersWorlds.Maps.Maze.MazeGeneratorTest" runstate="Runnable" seed="97452197" result="Passed" start-time="2024-06-07T14:45:01.8950990Z" end-time="2024-06-07T14:45:01.9103930Z" duration="0.015294" asserts="5" />
                <test-case id="1-1893" name="IsFillComplete(PlayersWorlds.Maps.Maze.WilsonsMazeGenerator,FullWidth,Manual,System.Collections.Generic.List`1[PlayersWorlds.Maps.Area])" fullname="PlayersWorlds.Maps.Maze.MazeGeneratorTest.IsFillComplete(PlayersWorlds.Maps.Maze.WilsonsMazeGenerator,FullWidth,Manual,System.Collections.Generic.List`1[PlayersWorlds.Maps.Area])" methodname="IsFillComplete" classname="PlayersWorlds.Maps.Maze.MazeGeneratorTest" runstate="Runnable" seed="561359685" result="Passed" start-time="2024-06-07T14:45:01.9104030Z" end-time="2024-06-07T14:45:01.9254700Z" duration="0.015067" asserts="5" />
                <test-case id="1-1894" name="IsFillComplete(PlayersWorlds.Maps.Maze.WilsonsMazeGenerator,FullWidth,Manual,System.Collections.Generic.List`1[PlayersWorlds.Maps.Area])" fullname="PlayersWorlds.Maps.Maze.MazeGeneratorTest.IsFillComplete(PlayersWorlds.Maps.Maze.WilsonsMazeGenerator,FullWidth,Manual,System.Collections.Generic.List`1[PlayersWorlds.Maps.Area])" methodname="IsFillComplete" classname="PlayersWorlds.Maps.Maze.MazeGeneratorTest" runstate="Runnable" seed="2101200672" result="Passed" start-time="2024-06-07T14:45:01.9254810Z" end-time="2024-06-07T14:45:01.9440420Z" duration="0.018561" asserts="5" />
                <test-case id="1-1895" name="IsFillComplete(PlayersWorlds.Maps.Maze.WilsonsMazeGenerator,FullWidth,Manual,System.Collections.Generic.List`1[PlayersWorlds.Maps.Area])" fullname="PlayersWorlds.Maps.Maze.MazeGeneratorTest.IsFillComplete(PlayersWorlds.Maps.Maze.WilsonsMazeGenerator,FullWidth,Manual,System.Collections.Generic.List`1[PlayersWorlds.Maps.Area])" methodname="IsFillComplete" classname="PlayersWorlds.Maps.Maze.MazeGeneratorTest" runstate="Runnable" seed="1730471626" result="Passed" start-time="2024-06-07T14:45:01.9440590Z" end-time="2024-06-07T14:45:01.9638290Z" duration="0.019771" asserts="5" />
                <test-case id="1-1896" name="IsFillComplete(PlayersWorlds.Maps.Maze.WilsonsMazeGenerator,FullWidth,Manual,System.Collections.Generic.List`1[PlayersWorlds.Maps.Area])" fullname="PlayersWorlds.Maps.Maze.MazeGeneratorTest.IsFillComplete(PlayersWorlds.Maps.Maze.WilsonsMazeGenerator,FullWidth,Manual,System.Collections.Generic.List`1[PlayersWorlds.Maps.Area])" methodname="IsFillComplete" classname="PlayersWorlds.Maps.Maze.MazeGeneratorTest" runstate="Runnable" seed="2007900810" result="Passed" start-time="2024-06-07T14:45:01.9638400Z" end-time="2024-06-07T14:45:01.9838940Z" duration="0.020054" asserts="5" />
                <test-case id="1-1897" name="IsFillComplete(PlayersWorlds.Maps.Maze.WilsonsMazeGenerator,FullHeight,Auto,null)" fullname="PlayersWorlds.Maps.Maze.MazeGeneratorTest.IsFillComplete(PlayersWorlds.Maps.Maze.WilsonsMazeGenerator,FullHeight,Auto,null)" methodname="IsFillComplete" classname="PlayersWorlds.Maps.Maze.MazeGeneratorTest" runstate="Runnable" seed="446391196" result="Passed" start-time="2024-06-07T14:45:01.9839060Z" end-time="2024-06-07T14:45:02.0082640Z" duration="0.024358" asserts="5" />
                <test-case id="1-1898" name="IsFillComplete(PlayersWorlds.Maps.Maze.WilsonsMazeGenerator,FullHeight,Auto,System.Collections.Generic.List`1[PlayersWorlds.Maps.Area])" fullname="PlayersWorlds.Maps.Maze.MazeGeneratorTest.IsFillComplete(PlayersWorlds.Maps.Maze.WilsonsMazeGenerator,FullHeight,Auto,System.Collections.Generic.List`1[PlayersWorlds.Maps.Area])" methodname="IsFillComplete" classname="PlayersWorlds.Maps.Maze.MazeGeneratorTest" runstate="Runnable" seed="420990316" result="Passed" start-time="2024-06-07T14:45:02.0082780Z" end-time="2024-06-07T14:45:02.0247490Z" duration="0.016472" asserts="5" />
                <test-case id="1-1899" name="IsFillComplete(PlayersWorlds.Maps.Maze.WilsonsMazeGenerator,FullHeight,Auto,System.Collections.Generic.List`1[PlayersWorlds.Maps.Area])" fullname="PlayersWorlds.Maps.Maze.MazeGeneratorTest.IsFillComplete(PlayersWorlds.Maps.Maze.WilsonsMazeGenerator,FullHeight,Auto,System.Collections.Generic.List`1[PlayersWorlds.Maps.Area])" methodname="IsFillComplete" classname="PlayersWorlds.Maps.Maze.MazeGeneratorTest" runstate="Runnable" seed="1717784204" result="Passed" start-time="2024-06-07T14:45:02.0247590Z" end-time="2024-06-07T14:45:02.0472610Z" duration="0.022502" asserts="5" />
                <test-case id="1-1900" name="IsFillComplete(PlayersWorlds.Maps.Maze.WilsonsMazeGenerator,FullHeight,Auto,System.Collections.Generic.List`1[PlayersWorlds.Maps.Area])" fullname="PlayersWorlds.Maps.Maze.MazeGeneratorTest.IsFillComplete(PlayersWorlds.Maps.Maze.WilsonsMazeGenerator,FullHeight,Auto,System.Collections.Generic.List`1[PlayersWorlds.Maps.Area])" methodname="IsFillComplete" classname="PlayersWorlds.Maps.Maze.MazeGeneratorTest" runstate="Runnable" seed="1215448581" result="Passed" start-time="2024-06-07T14:45:02.0472720Z" end-time="2024-06-07T14:45:02.0725870Z" duration="0.025315" asserts="5" />
                <test-case id="1-1901" name="IsFillComplete(PlayersWorlds.Maps.Maze.WilsonsMazeGenerator,FullHeight,Auto,System.Collections.Generic.List`1[PlayersWorlds.Maps.Area])" fullname="PlayersWorlds.Maps.Maze.MazeGeneratorTest.IsFillComplete(PlayersWorlds.Maps.Maze.WilsonsMazeGenerator,FullHeight,Auto,System.Collections.Generic.List`1[PlayersWorlds.Maps.Area])" methodname="IsFillComplete" classname="PlayersWorlds.Maps.Maze.MazeGeneratorTest" runstate="Runnable" seed="179354030" result="Passed" start-time="2024-06-07T14:45:02.0725990Z" end-time="2024-06-07T14:45:02.1034760Z" duration="0.030877" asserts="5" />
                <test-case id="1-1902" name="IsFillComplete(PlayersWorlds.Maps.Maze.WilsonsMazeGenerator,FullHeight,Auto,System.Collections.Generic.List`1[PlayersWorlds.Maps.Area])" fullname="PlayersWorlds.Maps.Maze.MazeGeneratorTest.IsFillComplete(PlayersWorlds.Maps.Maze.WilsonsMazeGenerator,FullHeight,Auto,System.Collections.Generic.List`1[PlayersWorlds.Maps.Area])" methodname="IsFillComplete" classname="PlayersWorlds.Maps.Maze.MazeGeneratorTest" runstate="Runnable" seed="1623266588" result="Passed" start-time="2024-06-07T14:45:02.1034850Z" end-time="2024-06-07T14:45:02.1377850Z" duration="0.034300" asserts="5" />
                <test-case id="1-1903" name="IsFillComplete(PlayersWorlds.Maps.Maze.WilsonsMazeGenerator,FullHeight,Manual,null)" fullname="PlayersWorlds.Maps.Maze.MazeGeneratorTest.IsFillComplete(PlayersWorlds.Maps.Maze.WilsonsMazeGenerator,FullHeight,Manual,null)" methodname="IsFillComplete" classname="PlayersWorlds.Maps.Maze.MazeGeneratorTest" runstate="Runnable" seed="1557632198" result="Passed" start-time="2024-06-07T14:45:02.1377950Z" end-time="2024-06-07T14:45:02.1523720Z" duration="0.014577" asserts="5" />
                <test-case id="1-1904" name="IsFillComplete(PlayersWorlds.Maps.Maze.WilsonsMazeGenerator,FullHeight,Manual,System.Collections.Generic.List`1[PlayersWorlds.Maps.Area])" fullname="PlayersWorlds.Maps.Maze.MazeGeneratorTest.IsFillComplete(PlayersWorlds.Maps.Maze.WilsonsMazeGenerator,FullHeight,Manual,System.Collections.Generic.List`1[PlayersWorlds.Maps.Area])" methodname="IsFillComplete" classname="PlayersWorlds.Maps.Maze.MazeGeneratorTest" runstate="Runnable" seed="1590980876" result="Passed" start-time="2024-06-07T14:45:02.1523870Z" end-time="2024-06-07T14:45:02.1681010Z" duration="0.015714" asserts="5" />
                <test-case id="1-1905" name="IsFillComplete(PlayersWorlds.Maps.Maze.WilsonsMazeGenerator,FullHeight,Manual,System.Collections.Generic.List`1[PlayersWorlds.Maps.Area])" fullname="PlayersWorlds.Maps.Maze.MazeGeneratorTest.IsFillComplete(PlayersWorlds.Maps.Maze.WilsonsMazeGenerator,FullHeight,Manual,System.Collections.Generic.List`1[PlayersWorlds.Maps.Area])" methodname="IsFillComplete" classname="PlayersWorlds.Maps.Maze.MazeGeneratorTest" runstate="Runnable" seed="1719949117" result="Passed" start-time="2024-06-07T14:45:02.1681110Z" end-time="2024-06-07T14:45:02.1881200Z" duration="0.020008" asserts="5" />
                <test-case id="1-1906" name="IsFillComplete(PlayersWorlds.Maps.Maze.WilsonsMazeGenerator,FullHeight,Manual,System.Collections.Generic.List`1[PlayersWorlds.Maps.Area])" fullname="PlayersWorlds.Maps.Maze.MazeGeneratorTest.IsFillComplete(PlayersWorlds.Maps.Maze.WilsonsMazeGenerator,FullHeight,Manual,System.Collections.Generic.List`1[PlayersWorlds.Maps.Area])" methodname="IsFillComplete" classname="PlayersWorlds.Maps.Maze.MazeGeneratorTest" runstate="Runnable" seed="23200161" result="Passed" start-time="2024-06-07T14:45:02.1881300Z" end-time="2024-06-07T14:45:02.2038990Z" duration="0.015769" asserts="5" />
                <test-case id="1-1907" name="IsFillComplete(PlayersWorlds.Maps.Maze.WilsonsMazeGenerator,FullHeight,Manual,System.Collections.Generic.List`1[PlayersWorlds.Maps.Area])" fullname="PlayersWorlds.Maps.Maze.MazeGeneratorTest.IsFillComplete(PlayersWorlds.Maps.Maze.WilsonsMazeGenerator,FullHeight,Manual,System.Collections.Generic.List`1[PlayersWorlds.Maps.Area])" methodname="IsFillComplete" classname="PlayersWorlds.Maps.Maze.MazeGeneratorTest" runstate="Runnable" seed="1116869295" result="Passed" start-time="2024-06-07T14:45:02.2039170Z" end-time="2024-06-07T14:45:02.2236410Z" duration="0.019724" asserts="5" />
                <test-case id="1-1908" name="IsFillComplete(PlayersWorlds.Maps.Maze.WilsonsMazeGenerator,FullHeight,Manual,System.Collections.Generic.List`1[PlayersWorlds.Maps.Area])" fullname="PlayersWorlds.Maps.Maze.MazeGeneratorTest.IsFillComplete(PlayersWorlds.Maps.Maze.WilsonsMazeGenerator,FullHeight,Manual,System.Collections.Generic.List`1[PlayersWorlds.Maps.Area])" methodname="IsFillComplete" classname="PlayersWorlds.Maps.Maze.MazeGeneratorTest" runstate="Runnable" seed="2022419302" result="Passed" start-time="2024-06-07T14:45:02.2236510Z" end-time="2024-06-07T14:45:02.2434240Z" duration="0.019773" asserts="5" />
                <test-case id="1-1909" name="IsFillComplete(PlayersWorlds.Maps.Maze.WilsonsMazeGenerator,Full,Auto,null)" fullname="PlayersWorlds.Maps.Maze.MazeGeneratorTest.IsFillComplete(PlayersWorlds.Maps.Maze.WilsonsMazeGenerator,Full,Auto,null)" methodname="IsFillComplete" classname="PlayersWorlds.Maps.Maze.MazeGeneratorTest" runstate="Runnable" seed="499517628" result="Passed" start-time="2024-06-07T14:45:02.2434350Z" end-time="2024-06-07T14:45:02.2611220Z" duration="0.017688" asserts="5" />
                <test-case id="1-1910" name="IsFillComplete(PlayersWorlds.Maps.Maze.WilsonsMazeGenerator,Full,Auto,System.Collections.Generic.List`1[PlayersWorlds.Maps.Area])" fullname="PlayersWorlds.Maps.Maze.MazeGeneratorTest.IsFillComplete(PlayersWorlds.Maps.Maze.WilsonsMazeGenerator,Full,Auto,System.Collections.Generic.List`1[PlayersWorlds.Maps.Area])" methodname="IsFillComplete" classname="PlayersWorlds.Maps.Maze.MazeGeneratorTest" runstate="Runnable" seed="115441283" result="Passed" start-time="2024-06-07T14:45:02.2611320Z" end-time="2024-06-07T14:45:02.2814470Z" duration="0.020315" asserts="5" />
                <test-case id="1-1911" name="IsFillComplete(PlayersWorlds.Maps.Maze.WilsonsMazeGenerator,Full,Auto,System.Collections.Generic.List`1[PlayersWorlds.Maps.Area])" fullname="PlayersWorlds.Maps.Maze.MazeGeneratorTest.IsFillComplete(PlayersWorlds.Maps.Maze.WilsonsMazeGenerator,Full,Auto,System.Collections.Generic.List`1[PlayersWorlds.Maps.Area])" methodname="IsFillComplete" classname="PlayersWorlds.Maps.Maze.MazeGeneratorTest" runstate="Runnable" seed="1015432861" result="Passed" start-time="2024-06-07T14:45:02.2814570Z" end-time="2024-06-07T14:45:02.3214730Z" duration="0.040016" asserts="5" />
                <test-case id="1-1912" name="IsFillComplete(PlayersWorlds.Maps.Maze.WilsonsMazeGenerator,Full,Auto,System.Collections.Generic.List`1[PlayersWorlds.Maps.Area])" fullname="PlayersWorlds.Maps.Maze.MazeGeneratorTest.IsFillComplete(PlayersWorlds.Maps.Maze.WilsonsMazeGenerator,Full,Auto,System.Collections.Generic.List`1[PlayersWorlds.Maps.Area])" methodname="IsFillComplete" classname="PlayersWorlds.Maps.Maze.MazeGeneratorTest" runstate="Runnable" seed="426123472" result="Passed" start-time="2024-06-07T14:45:02.3214840Z" end-time="2024-06-07T14:45:02.3564970Z" duration="0.035013" asserts="5" />
                <test-case id="1-1913" name="IsFillComplete(PlayersWorlds.Maps.Maze.WilsonsMazeGenerator,Full,Auto,System.Collections.Generic.List`1[PlayersWorlds.Maps.Area])" fullname="PlayersWorlds.Maps.Maze.MazeGeneratorTest.IsFillComplete(PlayersWorlds.Maps.Maze.WilsonsMazeGenerator,Full,Auto,System.Collections.Generic.List`1[PlayersWorlds.Maps.Area])" methodname="IsFillComplete" classname="PlayersWorlds.Maps.Maze.MazeGeneratorTest" runstate="Runnable" seed="520057104" result="Passed" start-time="2024-06-07T14:45:02.3565070Z" end-time="2024-06-07T14:45:02.3895070Z" duration="0.033001" asserts="5" />
                <test-case id="1-1914" name="IsFillComplete(PlayersWorlds.Maps.Maze.WilsonsMazeGenerator,Full,Auto,System.Collections.Generic.List`1[PlayersWorlds.Maps.Area])" fullname="PlayersWorlds.Maps.Maze.MazeGeneratorTest.IsFillComplete(PlayersWorlds.Maps.Maze.WilsonsMazeGenerator,Full,Auto,System.Collections.Generic.List`1[PlayersWorlds.Maps.Area])" methodname="IsFillComplete" classname="PlayersWorlds.Maps.Maze.MazeGeneratorTest" runstate="Runnable" seed="1000350815" result="Passed" start-time="2024-06-07T14:45:02.3895180Z" end-time="2024-06-07T14:45:02.4216190Z" duration="0.032101" asserts="5" />
                <test-case id="1-1915" name="IsFillComplete(PlayersWorlds.Maps.Maze.WilsonsMazeGenerator,Full,Manual,null)" fullname="PlayersWorlds.Maps.Maze.MazeGeneratorTest.IsFillComplete(PlayersWorlds.Maps.Maze.WilsonsMazeGenerator,Full,Manual,null)" methodname="IsFillComplete" classname="PlayersWorlds.Maps.Maze.MazeGeneratorTest" runstate="Runnable" seed="1422999196" result="Passed" start-time="2024-06-07T14:45:02.4216290Z" end-time="2024-06-07T14:45:02.4404890Z" duration="0.018860" asserts="5" />
                <test-case id="1-1916" name="IsFillComplete(PlayersWorlds.Maps.Maze.WilsonsMazeGenerator,Full,Manual,System.Collections.Generic.List`1[PlayersWorlds.Maps.Area])" fullname="PlayersWorlds.Maps.Maze.MazeGeneratorTest.IsFillComplete(PlayersWorlds.Maps.Maze.WilsonsMazeGenerator,Full,Manual,System.Collections.Generic.List`1[PlayersWorlds.Maps.Area])" methodname="IsFillComplete" classname="PlayersWorlds.Maps.Maze.MazeGeneratorTest" runstate="Runnable" seed="1854145770" result="Passed" start-time="2024-06-07T14:45:02.4405050Z" end-time="2024-06-07T14:45:02.4587600Z" duration="0.018256" asserts="5" />
                <test-case id="1-1917" name="IsFillComplete(PlayersWorlds.Maps.Maze.WilsonsMazeGenerator,Full,Manual,System.Collections.Generic.List`1[PlayersWorlds.Maps.Area])" fullname="PlayersWorlds.Maps.Maze.MazeGeneratorTest.IsFillComplete(PlayersWorlds.Maps.Maze.WilsonsMazeGenerator,Full,Manual,System.Collections.Generic.List`1[PlayersWorlds.Maps.Area])" methodname="IsFillComplete" classname="PlayersWorlds.Maps.Maze.MazeGeneratorTest" runstate="Runnable" seed="414792124" result="Passed" start-time="2024-06-07T14:45:02.4587700Z" end-time="2024-06-07T14:45:02.4767180Z" duration="0.017948" asserts="5" />
                <test-case id="1-1918" name="IsFillComplete(PlayersWorlds.Maps.Maze.WilsonsMazeGenerator,Full,Manual,System.Collections.Generic.List`1[PlayersWorlds.Maps.Area])" fullname="PlayersWorlds.Maps.Maze.MazeGeneratorTest.IsFillComplete(PlayersWorlds.Maps.Maze.WilsonsMazeGenerator,Full,Manual,System.Collections.Generic.List`1[PlayersWorlds.Maps.Area])" methodname="IsFillComplete" classname="PlayersWorlds.Maps.Maze.MazeGeneratorTest" runstate="Runnable" seed="553882196" result="Passed" start-time="2024-06-07T14:45:02.4767360Z" end-time="2024-06-07T14:45:02.4953170Z" duration="0.018581" asserts="5" />
                <test-case id="1-1919" name="IsFillComplete(PlayersWorlds.Maps.Maze.WilsonsMazeGenerator,Full,Manual,System.Collections.Generic.List`1[PlayersWorlds.Maps.Area])" fullname="PlayersWorlds.Maps.Maze.MazeGeneratorTest.IsFillComplete(PlayersWorlds.Maps.Maze.WilsonsMazeGenerator,Full,Manual,System.Collections.Generic.List`1[PlayersWorlds.Maps.Area])" methodname="IsFillComplete" classname="PlayersWorlds.Maps.Maze.MazeGeneratorTest" runstate="Runnable" seed="1673824534" result="Passed" start-time="2024-06-07T14:45:02.4953270Z" end-time="2024-06-07T14:45:02.5180660Z" duration="0.022739" asserts="5" />
                <test-case id="1-1920" name="IsFillComplete(PlayersWorlds.Maps.Maze.WilsonsMazeGenerator,Full,Manual,System.Collections.Generic.List`1[PlayersWorlds.Maps.Area])" fullname="PlayersWorlds.Maps.Maze.MazeGeneratorTest.IsFillComplete(PlayersWorlds.Maps.Maze.WilsonsMazeGenerator,Full,Manual,System.Collections.Generic.List`1[PlayersWorlds.Maps.Area])" methodname="IsFillComplete" classname="PlayersWorlds.Maps.Maze.MazeGeneratorTest" runstate="Runnable" seed="1114058377" result="Passed" start-time="2024-06-07T14:45:02.5180760Z" end-time="2024-06-07T14:45:02.5429050Z" duration="0.024829" asserts="5" />
              </test-suite>
              <test-case id="1-1922" name="IsFillComplete_Debug" fullname="PlayersWorlds.Maps.Maze.MazeGeneratorTest.IsFillComplete_Debug" methodname="IsFillComplete_Debug" classname="PlayersWorlds.Maps.Maze.MazeGeneratorTest" runstate="Ignored" seed="948945408" result="Skipped" label="Ignored" start-time="2024-06-07T14:45:02.5429810Z" end-time="2024-06-07T14:45:02.5429850Z" duration="0.000004" asserts="0">
                <properties>
                  <property name="_SKIPREASON" value="Debugging only" />
                </properties>
                <reason>
                  <message><![CDATA[Debugging only]]></message>
                </reason>
              </test-case>
              <test-case id="1-1411" name="IsFillComplete_Full" fullname="PlayersWorlds.Maps.Maze.MazeGeneratorTest.IsFillComplete_Full" methodname="IsFillComplete_Full" classname="PlayersWorlds.Maps.Maze.MazeGeneratorTest" runstate="Runnable" seed="76778393" result="Passed" start-time="2024-06-07T14:45:02.5429890Z" end-time="2024-06-07T14:45:02.5628680Z" duration="0.019879" asserts="3" />
              <test-case id="1-1416" name="IsFillComplete_FullHeight" fullname="PlayersWorlds.Maps.Maze.MazeGeneratorTest.IsFillComplete_FullHeight" methodname="IsFillComplete_FullHeight" classname="PlayersWorlds.Maps.Maze.MazeGeneratorTest" runstate="Runnable" seed="1214339003" result="Passed" start-time="2024-06-07T14:45:02.5628790Z" end-time="2024-06-07T14:45:02.5781010Z" duration="0.015222" asserts="3" />
              <test-case id="1-1415" name="IsFillComplete_FullWidth" fullname="PlayersWorlds.Maps.Maze.MazeGeneratorTest.IsFillComplete_FullWidth" methodname="IsFillComplete_FullWidth" classname="PlayersWorlds.Maps.Maze.MazeGeneratorTest" runstate="Runnable" seed="1091758874" result="Passed" start-time="2024-06-07T14:45:02.5781200Z" end-time="2024-06-07T14:45:02.5931620Z" duration="0.015042" asserts="3" />
              <test-case id="1-1410" name="IsFillComplete_Half" fullname="PlayersWorlds.Maps.Maze.MazeGeneratorTest.IsFillComplete_Half" methodname="IsFillComplete_Half" classname="PlayersWorlds.Maps.Maze.MazeGeneratorTest" runstate="Runnable" seed="1467796361" result="Passed" start-time="2024-06-07T14:45:02.5931740Z" end-time="2024-06-07T14:45:02.6085900Z" duration="0.015416" asserts="3" />
              <test-case id="1-1414" name="IsFillComplete_NinetyPercent" fullname="PlayersWorlds.Maps.Maze.MazeGeneratorTest.IsFillComplete_NinetyPercent" methodname="IsFillComplete_NinetyPercent" classname="PlayersWorlds.Maps.Maze.MazeGeneratorTest" runstate="Runnable" seed="353510664" result="Passed" start-time="2024-06-07T14:45:02.6086030Z" end-time="2024-06-07T14:45:02.6262020Z" duration="0.017599" asserts="3" />
              <test-case id="1-1412" name="IsFillComplete_Quarter" fullname="PlayersWorlds.Maps.Maze.MazeGeneratorTest.IsFillComplete_Quarter" methodname="IsFillComplete_Quarter" classname="PlayersWorlds.Maps.Maze.MazeGeneratorTest" runstate="Runnable" seed="43322186" result="Passed" start-time="2024-06-07T14:45:02.6262220Z" end-time="2024-06-07T14:45:02.6408160Z" duration="0.014594" asserts="3" />
              <test-case id="1-1413" name="IsFillComplete_ThreeQuarters" fullname="PlayersWorlds.Maps.Maze.MazeGeneratorTest.IsFillComplete_ThreeQuarters" methodname="IsFillComplete_ThreeQuarters" classname="PlayersWorlds.Maps.Maze.MazeGeneratorTest" runstate="Runnable" seed="1782229584" result="Passed" start-time="2024-06-07T14:45:02.6408260Z" end-time="2024-06-07T14:45:02.6569450Z" duration="0.016119" asserts="3" />
              <test-case id="1-1409" name="OnlyFullGenerators" fullname="PlayersWorlds.Maps.Maze.MazeGeneratorTest.OnlyFullGenerators" methodname="OnlyFullGenerators" classname="PlayersWorlds.Maps.Maze.MazeGeneratorTest" runstate="Runnable" seed="2079506747" result="Passed" start-time="2024-06-07T14:45:02.6569560Z" end-time="2024-06-07T14:45:02.6825730Z" duration="0.025617" asserts="2" />
              <test-case id="1-1923" name="WrongGeneratorOptions" fullname="PlayersWorlds.Maps.Maze.MazeGeneratorTest.WrongGeneratorOptions" methodname="WrongGeneratorOptions" classname="PlayersWorlds.Maps.Maze.MazeGeneratorTest" runstate="Runnable" seed="323438312" result="Passed" start-time="2024-06-07T14:45:02.6825830Z" end-time="2024-06-07T14:45:02.6840410Z" duration="0.001459" asserts="4" />
            </test-suite>
            <test-suite type="TestSuite" id="1-2108" name="PostProcessing" fullname="PlayersWorlds.Maps.Maze.PostProcessing" runstate="Runnable" testcasecount="5" result="Passed" start-time="2024-06-07T14:37:48.7408480Z" end-time="2024-06-07T14:45:02.7057770Z" duration="433.964930" total="5" passed="5" failed="0" warnings="0" inconclusive="0" skipped="0" asserts="19">
              <test-suite type="TestFixture" id="1-1936" name="DeadEndTest" fullname="PlayersWorlds.Maps.Maze.PostProcessing.DeadEndTest" classname="PlayersWorlds.Maps.Maze.PostProcessing.DeadEndTest" runstate="Runnable" testcasecount="1" result="Passed" start-time="2024-06-07T14:45:02.6840760Z" end-time="2024-06-07T14:45:02.6846750Z" duration="0.000599" total="1" passed="1" failed="0" warnings="0" inconclusive="0" skipped="0" asserts="7">
                <test-case id="1-1937" name="DeadEnd_CanFindDeadEnds" fullname="PlayersWorlds.Maps.Maze.PostProcessing.DeadEndTest.DeadEnd_CanFindDeadEnds" methodname="DeadEnd_CanFindDeadEnds" classname="PlayersWorlds.Maps.Maze.PostProcessing.DeadEndTest" runstate="Runnable" seed="1831511477" result="Passed" start-time="2024-06-07T14:45:02.6841460Z" end-time="2024-06-07T14:45:02.6846640Z" duration="0.000519" asserts="7" />
              </test-suite>
              <test-suite type="TestFixture" id="1-1938" name="DijkstraDistanceTest" fullname="PlayersWorlds.Maps.Maze.PostProcessing.DijkstraDistanceTest" classname="PlayersWorlds.Maps.Maze.PostProcessing.DijkstraDistanceTest" runstate="Runnable" testcasecount="4" result="Passed" start-time="2024-06-07T14:45:02.6846890Z" end-time="2024-06-07T14:45:02.7057710Z" duration="0.021082" total="4" passed="4" failed="0" warnings="0" inconclusive="0" skipped="0" asserts="12">
                <test-case id="1-1942" name="DijkstraDistance_CanFindLongestTrail" fullname="PlayersWorlds.Maps.Maze.PostProcessing.DijkstraDistanceTest.DijkstraDistance_CanFindLongestTrail" methodname="DijkstraDistance_CanFindLongestTrail" classname="PlayersWorlds.Maps.Maze.PostProcessing.DijkstraDistanceTest" runstate="Runnable" seed="708074337" result="Passed" start-time="2024-06-07T14:45:02.6847450Z" end-time="2024-06-07T14:45:02.6852150Z" duration="0.000470" asserts="4" />
                <test-case id="1-1940" name="DijkstraDistance_CanSolveAMaze" fullname="PlayersWorlds.Maps.Maze.PostProcessing.DijkstraDistanceTest.DijkstraDistance_CanSolveAMaze" methodname="DijkstraDistance_CanSolveAMaze" classname="PlayersWorlds.Maps.Maze.PostProcessing.DijkstraDistanceTest" runstate="Runnable" seed="289943744" result="Passed" start-time="2024-06-07T14:45:02.6852230Z" end-time="2024-06-07T14:45:02.6855720Z" duration="0.000349" asserts="4" />
                <test-case id="1-1939" name="DijkstraDistance_FindsAllDistances" fullname="PlayersWorlds.Maps.Maze.PostProcessing.DijkstraDistanceTest.DijkstraDistance_FindsAllDistances" methodname="DijkstraDistance_FindsAllDistances" classname="PlayersWorlds.Maps.Maze.PostProcessing.DijkstraDistanceTest" runstate="Runnable" seed="227005562" result="Passed" start-time="2024-06-07T14:45:02.6855800Z" end-time="2024-06-07T14:45:02.7055310Z" duration="0.019951" asserts="3" />
                <test-case id="1-1941" name="DijkstraDistance_ReturnsEmptyIfNoSolutionFound" fullname="PlayersWorlds.Maps.Maze.PostProcessing.DijkstraDistanceTest.DijkstraDistance_ReturnsEmptyIfNoSolutionFound" methodname="DijkstraDistance_ReturnsEmptyIfNoSolutionFound" classname="PlayersWorlds.Maps.Maze.PostProcessing.DijkstraDistanceTest" runstate="Runnable" seed="202677932" result="Passed" start-time="2024-06-07T14:45:02.7055430Z" end-time="2024-06-07T14:45:02.7057590Z" duration="0.000217" asserts="1" />
              </test-suite>
            </test-suite>
            <test-suite type="TestFixture" id="1-1931" name="SidewinderMazeGeneratorTest" fullname="PlayersWorlds.Maps.Maze.SidewinderMazeGeneratorTest" classname="PlayersWorlds.Maps.Maze.SidewinderMazeGeneratorTest" runstate="Runnable" testcasecount="2" result="Passed" start-time="2024-06-07T14:45:02.7057890Z" end-time="2024-06-07T14:45:02.8724760Z" duration="0.166687" total="2" passed="2" failed="0" warnings="0" inconclusive="0" skipped="0" asserts="22">
              <test-case id="1-1932" name="ArchShapedAreas" fullname="PlayersWorlds.Maps.Maze.SidewinderMazeGeneratorTest.ArchShapedAreas" methodname="ArchShapedAreas" classname="PlayersWorlds.Maps.Maze.SidewinderMazeGeneratorTest" runstate="Runnable" seed="422784761" result="Passed" start-time="2024-06-07T14:45:02.7058460Z" end-time="2024-06-07T14:45:02.7203500Z" duration="0.014504" asserts="2" />
              <test-case id="1-1933" name="ArchShapedAreasLeftExit" fullname="PlayersWorlds.Maps.Maze.SidewinderMazeGeneratorTest.ArchShapedAreasLeftExit" methodname="ArchShapedAreasLeftExit" classname="PlayersWorlds.Maps.Maze.SidewinderMazeGeneratorTest" runstate="Runnable" seed="117308971" result="Passed" start-time="2024-06-07T14:45:02.7203680Z" end-time="2024-06-07T14:45:02.8724630Z" duration="0.152094" asserts="20">
                <properties>
                  <property name="Repeat" value="10" />
                  <property name="Category" value="Integration" />
                </properties>
              </test-case>
            </test-suite>
            <test-suite type="TestFixture" id="1-1934" name="WilsonsMazeGeneratorTest" fullname="PlayersWorlds.Maps.Maze.WilsonsMazeGeneratorTest" classname="PlayersWorlds.Maps.Maze.WilsonsMazeGeneratorTest" runstate="Runnable" testcasecount="1" result="Passed" start-time="2024-06-07T14:45:02.8724890Z" end-time="2024-06-07T14:45:02.8903330Z" duration="0.017844" total="1" passed="1" failed="0" warnings="0" inconclusive="0" skipped="0" asserts="1">
              <test-case id="1-1935" name="DuplicateRandom" fullname="PlayersWorlds.Maps.Maze.WilsonsMazeGeneratorTest.DuplicateRandom" methodname="DuplicateRandom" classname="PlayersWorlds.Maps.Maze.WilsonsMazeGeneratorTest" runstate="Runnable" seed="1618364073" result="Passed" start-time="2024-06-07T14:45:02.8725480Z" end-time="2024-06-07T14:45:02.8903180Z" duration="0.017770" asserts="1">
                <properties>
                  <property name="Timeout" value="1000" />
                </properties>
              </test-case>
            </test-suite>
          </test-suite>
          <test-suite type="TestFixture" id="1-1057" name="Maze2DRendererTest" fullname="PlayersWorlds.Maps.Maze2DRendererTest" classname="PlayersWorlds.Maps.Maze2DRendererTest" runstate="Runnable" testcasecount="8" result="Passed" start-time="2024-06-07T14:45:02.8903520Z" end-time="2024-06-07T14:45:02.9116680Z" duration="0.021316" total="8" passed="8" failed="0" warnings="0" inconclusive="0" skipped="0" asserts="57">
            <test-case id="1-1060" name="CanRenderAMapWithFilledAreas" fullname="PlayersWorlds.Maps.Maze2DRendererTest.CanRenderAMapWithFilledAreas" methodname="CanRenderAMapWithFilledAreas" classname="PlayersWorlds.Maps.Maze2DRendererTest" runstate="Runnable" seed="1658563591" result="Passed" start-time="2024-06-07T14:45:02.8904160Z" end-time="2024-06-07T14:45:02.8953120Z" duration="0.004896" asserts="1" />
            <test-case id="1-1061" name="CanRenderAMapWithHallAreas" fullname="PlayersWorlds.Maps.Maze2DRendererTest.CanRenderAMapWithHallAreas" methodname="CanRenderAMapWithHallAreas" classname="PlayersWorlds.Maps.Maze2DRendererTest" runstate="Runnable" seed="1331683654" result="Passed" start-time="2024-06-07T14:45:02.8953220Z" end-time="2024-06-07T14:45:02.8988260Z" duration="0.003504" asserts="1" />
            <test-case id="1-1058" name="CanRenderAMapWithSmoothCorners" fullname="PlayersWorlds.Maps.Maze2DRendererTest.CanRenderAMapWithSmoothCorners" methodname="CanRenderAMapWithSmoothCorners" classname="PlayersWorlds.Maps.Maze2DRendererTest" runstate="Runnable" seed="2081158325" result="Passed" start-time="2024-06-07T14:45:02.8988360Z" end-time="2024-06-07T14:45:02.9021520Z" duration="0.003316" asserts="1" />
            <test-case id="1-1059" name="CanRenderAMapWithVoids" fullname="PlayersWorlds.Maps.Maze2DRendererTest.CanRenderAMapWithVoids" methodname="CanRenderAMapWithVoids" classname="PlayersWorlds.Maps.Maze2DRendererTest" runstate="Runnable" seed="995112339" result="Passed" start-time="2024-06-07T14:45:02.9021620Z" end-time="2024-06-07T14:45:02.9056400Z" duration="0.003478" asserts="1" />
            <test-case id="1-1065" name="CellsMapping_ValidMapping" fullname="PlayersWorlds.Maps.Maze2DRendererTest.CellsMapping_ValidMapping" methodname="CellsMapping_ValidMapping" classname="PlayersWorlds.Maps.Maze2DRendererTest" runstate="Runnable" seed="1628885849" result="Passed" start-time="2024-06-07T14:45:02.9056500Z" end-time="2024-06-07T14:45:02.9095280Z" duration="0.003877" asserts="45" />
            <test-case id="1-1062" name="Maze2DStringBoxRenderer_CanConvertToAscii" fullname="PlayersWorlds.Maps.Maze2DRendererTest.Maze2DStringBoxRenderer_CanConvertToAscii" methodname="Maze2DStringBoxRenderer_CanConvertToAscii" classname="PlayersWorlds.Maps.Maze2DRendererTest" runstate="Runnable" seed="615626166" result="Passed" start-time="2024-06-07T14:45:02.9095390Z" end-time="2024-06-07T14:45:02.9101510Z" duration="0.000613" asserts="1" />
            <test-case id="1-1063" name="Maze2DStringBoxRenderer_CanConvertToAsciiWithData" fullname="PlayersWorlds.Maps.Maze2DRendererTest.Maze2DStringBoxRenderer_CanConvertToAsciiWithData" methodname="Maze2DStringBoxRenderer_CanConvertToAsciiWithData" classname="PlayersWorlds.Maps.Maze2DRendererTest" runstate="Runnable" seed="1321324948" result="Passed" start-time="2024-06-07T14:45:02.9101610Z" end-time="2024-06-07T14:45:02.9110010Z" duration="0.000840" asserts="1" />
            <test-case id="1-1064" name="Maze2DToMap2DConverter_ThrowsIfInvalidOptions" fullname="PlayersWorlds.Maps.Maze2DRendererTest.Maze2DToMap2DConverter_ThrowsIfInvalidOptions" methodname="Maze2DToMap2DConverter_ThrowsIfInvalidOptions" classname="PlayersWorlds.Maps.Maze2DRendererTest" runstate="Runnable" seed="1276017023" result="Passed" start-time="2024-06-07T14:45:02.9110110Z" end-time="2024-06-07T14:45:02.9116560Z" duration="0.000645" asserts="6" />
          </test-suite>
          <test-suite type="TestFixture" id="1-1024" name="NArrayTest" fullname="PlayersWorlds.Maps.NArrayTest" classname="PlayersWorlds.Maps.NArrayTest" runstate="Runnable" testcasecount="24" result="Passed" start-time="2024-06-07T14:45:02.9116810Z" end-time="2024-06-07T14:45:02.9223850Z" duration="0.010704" total="24" passed="24" failed="0" warnings="0" inconclusive="0" skipped="0" asserts="84">
            <test-case id="1-1044" name="CellsAt_AnyCellAt2x2" fullname="PlayersWorlds.Maps.NArrayTest.CellsAt_AnyCellAt2x2" methodname="CellsAt_AnyCellAt2x2" classname="PlayersWorlds.Maps.NArrayTest" runstate="Runnable" seed="1587255749" result="Passed" start-time="2024-06-07T14:45:02.9117400Z" end-time="2024-06-07T14:45:02.9121850Z" duration="0.000445" asserts="5" />
            <test-case id="1-1047" name="CellsAt_AnyCellAtCloseEdge2x2" fullname="PlayersWorlds.Maps.NArrayTest.CellsAt_AnyCellAtCloseEdge2x2" methodname="CellsAt_AnyCellAtCloseEdge2x2" classname="PlayersWorlds.Maps.NArrayTest" runstate="Runnable" seed="1702527147" result="Passed" start-time="2024-06-07T14:45:02.9121930Z" end-time="2024-06-07T14:45:02.9129760Z" duration="0.000783" asserts="5" />
            <test-case id="1-1048" name="CellsAt_AnyCellAtZeroSize" fullname="PlayersWorlds.Maps.NArrayTest.CellsAt_AnyCellAtZeroSize" methodname="CellsAt_AnyCellAtZeroSize" classname="PlayersWorlds.Maps.NArrayTest" runstate="Runnable" seed="1462766286" result="Passed" start-time="2024-06-07T14:45:02.9129840Z" end-time="2024-06-07T14:45:02.9134560Z" duration="0.000472" asserts="1" />
            <test-case id="1-1025" name="NArray_Constructor_CreatesCorrectSize" fullname="PlayersWorlds.Maps.NArrayTest.NArray_Constructor_CreatesCorrectSize" methodname="NArray_Constructor_CreatesCorrectSize" classname="PlayersWorlds.Maps.NArrayTest" runstate="Runnable" seed="506572721" result="Passed" start-time="2024-06-07T14:45:02.9134630Z" end-time="2024-06-07T14:45:02.9138360Z" duration="0.000373" asserts="2" />
            <test-case id="1-1026" name="NArray_Constructor_SetsInitialValues" fullname="PlayersWorlds.Maps.NArrayTest.NArray_Constructor_SetsInitialValues" methodname="NArray_Constructor_SetsInitialValues" classname="PlayersWorlds.Maps.NArrayTest" runstate="Runnable" seed="1480520520" result="Passed" start-time="2024-06-07T14:45:02.9138440Z" end-time="2024-06-07T14:45:02.9146310Z" duration="0.000787" asserts="4" />
            <test-case id="1-1027" name="NArray_Constructor_ThrowsOnInvalidSize" fullname="PlayersWorlds.Maps.NArrayTest.NArray_Constructor_ThrowsOnInvalidSize" methodname="NArray_Constructor_ThrowsOnInvalidSize" classname="PlayersWorlds.Maps.NArrayTest" runstate="Runnable" seed="1548889379" result="Passed" start-time="2024-06-07T14:45:02.9146390Z" end-time="2024-06-07T14:45:02.9148570Z" duration="0.000218" asserts="1" />
            <test-case id="1-1028" name="NArray_Indexing_GetValuesCorrectly" fullname="PlayersWorlds.Maps.NArrayTest.NArray_Indexing_GetValuesCorrectly" methodname="NArray_Indexing_GetValuesCorrectly" classname="PlayersWorlds.Maps.NArrayTest" runstate="Runnable" seed="1307898448" result="Passed" start-time="2024-06-07T14:45:02.9148640Z" end-time="2024-06-07T14:45:02.9151000Z" duration="0.000236" asserts="1" />
            <test-case id="1-1030" name="NArray_Indexing_SetsValuesCorrectly" fullname="PlayersWorlds.Maps.NArrayTest.NArray_Indexing_SetsValuesCorrectly" methodname="NArray_Indexing_SetsValuesCorrectly" classname="PlayersWorlds.Maps.NArrayTest" runstate="Runnable" seed="162734316" result="Passed" start-time="2024-06-07T14:45:02.9151080Z" end-time="2024-06-07T14:45:02.9152530Z" duration="0.000146" asserts="1" />
            <test-case id="1-1029" name="NArray_Indexing_ThrowsOnOutOfBounds" fullname="PlayersWorlds.Maps.NArrayTest.NArray_Indexing_ThrowsOnOutOfBounds" methodname="NArray_Indexing_ThrowsOnOutOfBounds" classname="PlayersWorlds.Maps.NArrayTest" runstate="Runnable" seed="1089111948" result="Passed" start-time="2024-06-07T14:45:02.9152600Z" end-time="2024-06-07T14:45:02.9158930Z" duration="0.000633" asserts="4" />
            <test-case id="1-1041" name="NArray_Iterate_FourCellsFar" fullname="PlayersWorlds.Maps.NArrayTest.NArray_Iterate_FourCellsFar" methodname="NArray_Iterate_FourCellsFar" classname="PlayersWorlds.Maps.NArrayTest" runstate="Runnable" seed="1738870976" result="Passed" start-time="2024-06-07T14:45:02.9159010Z" end-time="2024-06-07T14:45:02.9163860Z" duration="0.000485" asserts="5" />
            <test-case id="1-1038" name="NArray_Iterate_OneCell" fullname="PlayersWorlds.Maps.NArrayTest.NArray_Iterate_OneCell" methodname="NArray_Iterate_OneCell" classname="PlayersWorlds.Maps.NArrayTest" runstate="Runnable" seed="660780355" result="Passed" start-time="2024-06-07T14:45:02.9163940Z" end-time="2024-06-07T14:45:02.9166490Z" duration="0.000255" asserts="2" />
            <test-case id="1-1042" name="NArray_Iterate_OutOfBounds" fullname="PlayersWorlds.Maps.NArrayTest.NArray_Iterate_OutOfBounds" methodname="NArray_Iterate_OutOfBounds" classname="PlayersWorlds.Maps.NArrayTest" runstate="Runnable" seed="1443965463" result="Passed" start-time="2024-06-07T14:45:02.9166570Z" end-time="2024-06-07T14:45:02.9170490Z" duration="0.000392" asserts="4" />
            <test-case id="1-1031" name="NArray_Iterate_TraversesAllCells" fullname="PlayersWorlds.Maps.NArrayTest.NArray_Iterate_TraversesAllCells" methodname="NArray_Iterate_TraversesAllCells" classname="PlayersWorlds.Maps.NArrayTest" runstate="Runnable" seed="297729154" result="Passed" start-time="2024-06-07T14:45:02.9170560Z" end-time="2024-06-07T14:45:02.9175270Z" duration="0.000471" asserts="13" />
            <test-case id="1-1040" name="NArray_Iterate_TreeByTwo" fullname="PlayersWorlds.Maps.NArrayTest.NArray_Iterate_TreeByTwo" methodname="NArray_Iterate_TreeByTwo" classname="PlayersWorlds.Maps.NArrayTest" runstate="Runnable" seed="418709883" result="Passed" start-time="2024-06-07T14:45:02.9175340Z" end-time="2024-06-07T14:45:02.9179650Z" duration="0.000431" asserts="7" />
            <test-case id="1-1039" name="NArray_Iterate_TwoCells" fullname="PlayersWorlds.Maps.NArrayTest.NArray_Iterate_TwoCells" methodname="NArray_Iterate_TwoCells" classname="PlayersWorlds.Maps.NArrayTest" runstate="Runnable" seed="1710862074" result="Passed" start-time="2024-06-07T14:45:02.9179730Z" end-time="2024-06-07T14:45:02.9182840Z" duration="0.000311" asserts="3" />
            <test-case id="1-1036" name="NArray_IterateAdjacentCells_ReturnsCorrectNeighbors" fullname="PlayersWorlds.Maps.NArrayTest.NArray_IterateAdjacentCells_ReturnsCorrectNeighbors" methodname="NArray_IterateAdjacentCells_ReturnsCorrectNeighbors" classname="PlayersWorlds.Maps.NArrayTest" runstate="Runnable" seed="1864637651" result="Passed" start-time="2024-06-07T14:45:02.9182910Z" end-time="2024-06-07T14:45:02.9193140Z" duration="0.001022" asserts="6" />
            <test-case id="1-1037" name="NArray_IterateAdjacentCells_ReturnsCorrectNeighborsIn4DSpace" fullname="PlayersWorlds.Maps.NArrayTest.NArray_IterateAdjacentCells_ReturnsCorrectNeighborsIn4DSpace" methodname="NArray_IterateAdjacentCells_ReturnsCorrectNeighborsIn4DSpace" classname="PlayersWorlds.Maps.NArrayTest" runstate="Runnable" seed="2034946433" result="Passed" start-time="2024-06-07T14:45:02.9193220Z" end-time="2024-06-07T14:45:02.9198650Z" duration="0.000543" asserts="6" />
            <test-case id="1-1045" name="NArray_IterateIntersection_AnyCellAtEdge1x1" fullname="PlayersWorlds.Maps.NArrayTest.NArray_IterateIntersection_AnyCellAtEdge1x1" methodname="NArray_IterateIntersection_AnyCellAtEdge1x1" classname="PlayersWorlds.Maps.NArrayTest" runstate="Runnable" seed="821624517" result="Passed" start-time="2024-06-07T14:45:02.9198730Z" end-time="2024-06-07T14:45:02.9200750Z" duration="0.000202" asserts="2" />
            <test-case id="1-1046" name="NArray_IterateIntersection_AnyCellAtFarEdge2x2" fullname="PlayersWorlds.Maps.NArrayTest.NArray_IterateIntersection_AnyCellAtFarEdge2x2" methodname="NArray_IterateIntersection_AnyCellAtFarEdge2x2" classname="PlayersWorlds.Maps.NArrayTest" runstate="Runnable" seed="1789662416" result="Passed" start-time="2024-06-07T14:45:02.9200820Z" end-time="2024-06-07T14:45:02.9202770Z" duration="0.000195" asserts="2" />
            <test-case id="1-1043" name="NArray_IterateIntersection_AnyCellAtP1x1" fullname="PlayersWorlds.Maps.NArrayTest.NArray_IterateIntersection_AnyCellAtP1x1" methodname="NArray_IterateIntersection_AnyCellAtP1x1" classname="PlayersWorlds.Maps.NArrayTest" runstate="Runnable" seed="303028331" result="Passed" start-time="2024-06-07T14:45:02.9202840Z" end-time="2024-06-07T14:45:02.9204760Z" duration="0.000192" asserts="2" />
            <test-case id="1-1035" name="NArray_IterateIntersection_HandlesOverlap" fullname="PlayersWorlds.Maps.NArrayTest.NArray_IterateIntersection_HandlesOverlap" methodname="NArray_IterateIntersection_HandlesOverlap" classname="PlayersWorlds.Maps.NArrayTest" runstate="Runnable" seed="1024714512" result="Passed" start-time="2024-06-07T14:45:02.9204840Z" end-time="2024-06-07T14:45:02.9209640Z" duration="0.000481" asserts="1" />
            <test-case id="1-1034" name="NArray_IterateRegion_HandlesDimensionsMismatch" fullname="PlayersWorlds.Maps.NArrayTest.NArray_IterateRegion_HandlesDimensionsMismatch" methodname="NArray_IterateRegion_HandlesDimensionsMismatch" classname="PlayersWorlds.Maps.NArrayTest" runstate="Runnable" seed="786279844" result="Passed" start-time="2024-06-07T14:45:02.9209720Z" end-time="2024-06-07T14:45:02.9214590Z" duration="0.000486" asserts="3" />
            <test-case id="1-1033" name="NArray_IterateRegion_HandlesOutOfBounds" fullname="PlayersWorlds.Maps.NArrayTest.NArray_IterateRegion_HandlesOutOfBounds" methodname="NArray_IterateRegion_HandlesOutOfBounds" classname="PlayersWorlds.Maps.NArrayTest" runstate="Runnable" seed="1955364678" result="Passed" start-time="2024-06-07T14:45:02.9214660Z" end-time="2024-06-07T14:45:02.9218770Z" duration="0.000411" asserts="2" />
            <test-case id="1-1032" name="NArray_IterateRegion_ReturnsCorrectCells" fullname="PlayersWorlds.Maps.NArrayTest.NArray_IterateRegion_ReturnsCorrectCells" methodname="NArray_IterateRegion_ReturnsCorrectCells" classname="PlayersWorlds.Maps.NArrayTest" runstate="Runnable" seed="497208094" result="Passed" start-time="2024-06-07T14:45:02.9218840Z" end-time="2024-06-07T14:45:02.9223720Z" duration="0.000488" asserts="2" />
          </test-suite>
          <test-suite type="TestFixture" id="1-1049" name="OptionalTest" fullname="PlayersWorlds.Maps.OptionalTest" classname="PlayersWorlds.Maps.OptionalTest" runstate="Runnable" testcasecount="7" result="Passed" start-time="2024-06-07T14:45:02.9223970Z" end-time="2024-06-07T14:45:02.9240270Z" duration="0.001629" total="7" passed="7" failed="0" warnings="0" inconclusive="0" skipped="0" asserts="25">
            <test-case id="1-1055" name="Optional_CanBeCastToT" fullname="PlayersWorlds.Maps.OptionalTest.Optional_CanBeCastToT" methodname="Optional_CanBeCastToT" classname="PlayersWorlds.Maps.OptionalTest" runstate="Runnable" seed="706976067" result="Passed" start-time="2024-06-07T14:45:02.9224570Z" end-time="2024-06-07T14:45:02.9225940Z" duration="0.000136" asserts="1" />
            <test-case id="1-1050" name="Optional_Equality" fullname="PlayersWorlds.Maps.OptionalTest.Optional_Equality" methodname="Optional_Equality" classname="PlayersWorlds.Maps.OptionalTest" runstate="Runnable" seed="532496519" result="Passed" start-time="2024-06-07T14:45:02.9226010Z" end-time="2024-06-07T14:45:02.9228030Z" duration="0.000202" asserts="3" />
            <test-case id="1-1052" name="Optional_Equals" fullname="PlayersWorlds.Maps.OptionalTest.Optional_Equals" methodname="Optional_Equals" classname="PlayersWorlds.Maps.OptionalTest" runstate="Runnable" seed="687596073" result="Passed" start-time="2024-06-07T14:45:02.9228110Z" end-time="2024-06-07T14:45:02.9230880Z" duration="0.000277" asserts="5" />
            <test-case id="1-1054" name="Optional_GetHashCode" fullname="PlayersWorlds.Maps.OptionalTest.Optional_GetHashCode" methodname="Optional_GetHashCode" classname="PlayersWorlds.Maps.OptionalTest" runstate="Runnable" seed="1268298616" result="Passed" start-time="2024-06-07T14:45:02.9230950Z" end-time="2024-06-07T14:45:02.9233050Z" duration="0.000210" asserts="3" />
            <test-case id="1-1053" name="Optional_Null" fullname="PlayersWorlds.Maps.OptionalTest.Optional_Null" methodname="Optional_Null" classname="PlayersWorlds.Maps.OptionalTest" runstate="Runnable" seed="560084374" result="Passed" start-time="2024-06-07T14:45:02.9233120Z" end-time="2024-06-07T14:45:02.9237040Z" duration="0.000391" asserts="9" />
            <test-case id="1-1051" name="Optional_ThrowsIfNoValue" fullname="PlayersWorlds.Maps.OptionalTest.Optional_ThrowsIfNoValue" methodname="Optional_ThrowsIfNoValue" classname="PlayersWorlds.Maps.OptionalTest" runstate="Runnable" seed="482599627" result="Passed" start-time="2024-06-07T14:45:02.9237110Z" end-time="2024-06-07T14:45:02.9238550Z" duration="0.000144" asserts="2" />
            <test-case id="1-1056" name="Optional_ToStringShowsValue" fullname="PlayersWorlds.Maps.OptionalTest.Optional_ToStringShowsValue" methodname="Optional_ToStringShowsValue" classname="PlayersWorlds.Maps.OptionalTest" runstate="Runnable" seed="1744290600" result="Passed" start-time="2024-06-07T14:45:02.9238620Z" end-time="2024-06-07T14:45:02.9240170Z" duration="0.000155" asserts="2" />
          </test-suite>
          <test-suite type="TestSuite" id="1-2106" name="Renderers" fullname="PlayersWorlds.Maps.Renderers" runstate="Runnable" testcasecount="1" result="Passed" start-time="2024-06-07T14:37:48.7408550Z" end-time="2024-06-07T14:45:02.9248150Z" duration="434.183960" total="1" passed="1" failed="0" warnings="0" inconclusive="0" skipped="0" asserts="1">
            <test-suite type="TestFixture" id="1-1145" name="Map2DStringRendererTest" fullname="PlayersWorlds.Maps.Renderers.Map2DStringRendererTest" classname="PlayersWorlds.Maps.Renderers.Map2DStringRendererTest" runstate="Runnable" testcasecount="1" result="Passed" start-time="2024-06-07T14:45:02.9240380Z" end-time="2024-06-07T14:45:02.9248090Z" duration="0.000771" total="1" passed="1" failed="0" warnings="0" inconclusive="0" skipped="0" asserts="1">
              <test-case id="1-1146" name="TestRender" fullname="PlayersWorlds.Maps.Renderers.Map2DStringRendererTest.TestRender" methodname="TestRender" classname="PlayersWorlds.Maps.Renderers.Map2DStringRendererTest" runstate="Runnable" seed="1959106888" result="Passed" start-time="2024-06-07T14:45:02.9240920Z" end-time="2024-06-07T14:45:02.9247990Z" duration="0.000707" asserts="1" />
            </test-suite>
          </test-suite>
          <test-suite type="TestSuite" id="1-2105" name="Serializer" fullname="PlayersWorlds.Maps.Serializer" runstate="Runnable" testcasecount="33" result="Passed" start-time="2024-06-07T14:37:48.7408600Z" end-time="2024-06-07T14:45:02.9381090Z" duration="434.197248" total="33" passed="33" failed="0" warnings="0" inconclusive="0" skipped="0" asserts="148">
            <test-suite type="TestFixture" id="1-1108" name="AreaSerializerTest" fullname="PlayersWorlds.Maps.Serializer.AreaSerializerTest" classname="PlayersWorlds.Maps.Serializer.AreaSerializerTest" runstate="Runnable" testcasecount="9" result="Passed" start-time="2024-06-07T14:45:02.9248250Z" end-time="2024-06-07T14:45:02.9312420Z" duration="0.006417" total="9" passed="9" failed="0" warnings="0" inconclusive="0" skipped="0" asserts="75">
              <test-case id="1-1110" name="CanSerializeAndDeserializeAnAreaWithCells" fullname="PlayersWorlds.Maps.Serializer.AreaSerializerTest.CanSerializeAndDeserializeAnAreaWithCells" methodname="CanSerializeAndDeserializeAnAreaWithCells" classname="PlayersWorlds.Maps.Serializer.AreaSerializerTest" runstate="Runnable" seed="1648680114" result="Passed" start-time="2024-06-07T14:45:02.9248670Z" end-time="2024-06-07T14:45:02.9272610Z" duration="0.002394" asserts="7" />
              <test-case id="1-1111" name="CanSerializeAndDeserializeAnAreaWithChildAreas" fullname="PlayersWorlds.Maps.Serializer.AreaSerializerTest.CanSerializeAndDeserializeAnAreaWithChildAreas" methodname="CanSerializeAndDeserializeAnAreaWithChildAreas" classname="PlayersWorlds.Maps.Serializer.AreaSerializerTest" runstate="Runnable" seed="584998269" result="Passed" start-time="2024-06-07T14:45:02.9272700Z" end-time="2024-06-07T14:45:02.9278090Z" duration="0.000539" asserts="13" />
              <test-case id="1-1117" name="CanSerializeAndDeserializeAnAreaWithLinkedCells" fullname="PlayersWorlds.Maps.Serializer.AreaSerializerTest.CanSerializeAndDeserializeAnAreaWithLinkedCells" methodname="CanSerializeAndDeserializeAnAreaWithLinkedCells" classname="PlayersWorlds.Maps.Serializer.AreaSerializerTest" runstate="Runnable" seed="594332451" result="Passed" start-time="2024-06-07T14:45:02.9278170Z" end-time="2024-06-07T14:45:02.9280430Z" duration="0.000226" asserts="1" />
              <test-case id="1-1116" name="CanSerializeAndDeserializeAnAreaWithMixedChildAreas" fullname="PlayersWorlds.Maps.Serializer.AreaSerializerTest.CanSerializeAndDeserializeAnAreaWithMixedChildAreas" methodname="CanSerializeAndDeserializeAnAreaWithMixedChildAreas" classname="PlayersWorlds.Maps.Serializer.AreaSerializerTest" runstate="Runnable" seed="1641667401" result="Passed" start-time="2024-06-07T14:45:02.9280510Z" end-time="2024-06-07T14:45:02.9285680Z" duration="0.000517" asserts="13" />
              <test-case id="1-1112" name="CanSerializeAndDeserializeAnAreaWithPosition" fullname="PlayersWorlds.Maps.Serializer.AreaSerializerTest.CanSerializeAndDeserializeAnAreaWithPosition" methodname="CanSerializeAndDeserializeAnAreaWithPosition" classname="PlayersWorlds.Maps.Serializer.AreaSerializerTest" runstate="Runnable" seed="222900669" result="Passed" start-time="2024-06-07T14:45:02.9285760Z" end-time="2024-06-07T14:45:02.9288150Z" duration="0.000240" asserts="5" />
              <test-case id="1-1115" name="CanSerializeAndDeserializeAnAreaWithPositionedChildAreas" fullname="PlayersWorlds.Maps.Serializer.AreaSerializerTest.CanSerializeAndDeserializeAnAreaWithPositionedChildAreas" methodname="CanSerializeAndDeserializeAnAreaWithPositionedChildAreas" classname="PlayersWorlds.Maps.Serializer.AreaSerializerTest" runstate="Runnable" seed="859605095" result="Passed" start-time="2024-06-07T14:45:02.9288230Z" end-time="2024-06-07T14:45:02.9293450Z" duration="0.000523" asserts="13" />
              <test-case id="1-1113" name="CanSerializeAndDeserializeAnAreaWithTags" fullname="PlayersWorlds.Maps.Serializer.AreaSerializerTest.CanSerializeAndDeserializeAnAreaWithTags" methodname="CanSerializeAndDeserializeAnAreaWithTags" classname="PlayersWorlds.Maps.Serializer.AreaSerializerTest" runstate="Runnable" seed="338784615" result="Passed" start-time="2024-06-07T14:45:02.9293540Z" end-time="2024-06-07T14:45:02.9305040Z" duration="0.001150" asserts="5" />
              <test-case id="1-1114" name="CanSerializeAndDeserializeAnAreaWithUnpositionedChildAreas" fullname="PlayersWorlds.Maps.Serializer.AreaSerializerTest.CanSerializeAndDeserializeAnAreaWithUnpositionedChildAreas" methodname="CanSerializeAndDeserializeAnAreaWithUnpositionedChildAreas" classname="PlayersWorlds.Maps.Serializer.AreaSerializerTest" runstate="Runnable" seed="881458763" result="Passed" start-time="2024-06-07T14:45:02.9305120Z" end-time="2024-06-07T14:45:02.9309940Z" duration="0.000482" asserts="13" />
              <test-case id="1-1109" name="CanSerializeAndDeserializeAnEmptyArea" fullname="PlayersWorlds.Maps.Serializer.AreaSerializerTest.CanSerializeAndDeserializeAnEmptyArea" methodname="CanSerializeAndDeserializeAnEmptyArea" classname="PlayersWorlds.Maps.Serializer.AreaSerializerTest" runstate="Runnable" seed="241471186" result="Passed" start-time="2024-06-07T14:45:02.9310020Z" end-time="2024-06-07T14:45:02.9312310Z" duration="0.000230" asserts="5" />
            </test-suite>
            <test-suite type="TestFixture" id="1-1118" name="BasicStringReaderTest" fullname="PlayersWorlds.Maps.Serializer.BasicStringReaderTest" classname="PlayersWorlds.Maps.Serializer.BasicStringReaderTest" runstate="Runnable" testcasecount="13" result="Passed" start-time="2024-06-07T14:45:02.9312540Z" end-time="2024-06-07T14:45:02.9362060Z" duration="0.004952" total="13" passed="13" failed="0" warnings="0" inconclusive="0" skipped="0" asserts="46">
              <test-case id="1-1122" name="CanReadEmptyEnumerables" fullname="PlayersWorlds.Maps.Serializer.BasicStringReaderTest.CanReadEmptyEnumerables" methodname="CanReadEmptyEnumerables" classname="PlayersWorlds.Maps.Serializer.BasicStringReaderTest" runstate="Runnable" seed="1609611522" result="Passed" start-time="2024-06-07T14:45:02.9313090Z" end-time="2024-06-07T14:45:02.9315410Z" duration="0.000232" asserts="3" />
              <test-case id="1-1123" name="CanReadEmptyEnumerables2" fullname="PlayersWorlds.Maps.Serializer.BasicStringReaderTest.CanReadEmptyEnumerables2" methodname="CanReadEmptyEnumerables2" classname="PlayersWorlds.Maps.Serializer.BasicStringReaderTest" runstate="Runnable" seed="1659377820" result="Passed" start-time="2024-06-07T14:45:02.9315490Z" end-time="2024-06-07T14:45:02.9316800Z" duration="0.000131" asserts="3" />
              <test-case id="1-1119" name="CanReadEmptyObject" fullname="PlayersWorlds.Maps.Serializer.BasicStringReaderTest.CanReadEmptyObject" methodname="CanReadEmptyObject" classname="PlayersWorlds.Maps.Serializer.BasicStringReaderTest" runstate="Runnable" seed="1358672045" result="Passed" start-time="2024-06-07T14:45:02.9316870Z" end-time="2024-06-07T14:45:02.9319580Z" duration="0.000271" asserts="1" />
              <test-case id="1-1124" name="CanReadObjectsInArray" fullname="PlayersWorlds.Maps.Serializer.BasicStringReaderTest.CanReadObjectsInArray" methodname="CanReadObjectsInArray" classname="PlayersWorlds.Maps.Serializer.BasicStringReaderTest" runstate="Runnable" seed="1907353847" result="Passed" start-time="2024-06-07T14:45:02.9319650Z" end-time="2024-06-07T14:45:02.9323740Z" duration="0.000408" asserts="14" />
              <test-case id="1-1125" name="CanReadObjectsInObject" fullname="PlayersWorlds.Maps.Serializer.BasicStringReaderTest.CanReadObjectsInObject" methodname="CanReadObjectsInObject" classname="PlayersWorlds.Maps.Serializer.BasicStringReaderTest" runstate="Runnable" seed="689117274" result="Passed" start-time="2024-06-07T14:45:02.9323810Z" end-time="2024-06-07T14:45:02.9327100Z" duration="0.000329" asserts="13" />
              <test-case id="1-1120" name="CanReadSimpleObject" fullname="PlayersWorlds.Maps.Serializer.BasicStringReaderTest.CanReadSimpleObject" methodname="CanReadSimpleObject" classname="PlayersWorlds.Maps.Serializer.BasicStringReaderTest" runstate="Runnable" seed="1223114686" result="Passed" start-time="2024-06-07T14:45:02.9327180Z" end-time="2024-06-07T14:45:02.9328810Z" duration="0.000163" asserts="3" />
              <test-case id="1-1121" name="CanReadTwoEnumerables" fullname="PlayersWorlds.Maps.Serializer.BasicStringReaderTest.CanReadTwoEnumerables" methodname="CanReadTwoEnumerables" classname="PlayersWorlds.Maps.Serializer.BasicStringReaderTest" runstate="Runnable" seed="884069181" result="Passed" start-time="2024-06-07T14:45:02.9328880Z" end-time="2024-06-07T14:45:02.9330750Z" duration="0.000187" asserts="3" />
              <test-case id="1-1128" name="ThrowsIfFinishReadingWhenNotFinished" fullname="PlayersWorlds.Maps.Serializer.BasicStringReaderTest.ThrowsIfFinishReadingWhenNotFinished" methodname="ThrowsIfFinishReadingWhenNotFinished" classname="PlayersWorlds.Maps.Serializer.BasicStringReaderTest" runstate="Runnable" seed="1552785335" result="Passed" start-time="2024-06-07T14:45:02.9330820Z" end-time="2024-06-07T14:45:02.9342070Z" duration="0.001125" asserts="1" />
              <test-case id="1-1131" name="ThrowsIfNoOpeningBrace" fullname="PlayersWorlds.Maps.Serializer.BasicStringReaderTest.ThrowsIfNoOpeningBrace" methodname="ThrowsIfNoOpeningBrace" classname="PlayersWorlds.Maps.Serializer.BasicStringReaderTest" runstate="Runnable" seed="718610735" result="Passed" start-time="2024-06-07T14:45:02.9342160Z" end-time="2024-06-07T14:45:02.9353340Z" duration="0.001119" asserts="1" />
              <test-case id="1-1130" name="ThrowsIfNoSemicolon" fullname="PlayersWorlds.Maps.Serializer.BasicStringReaderTest.ThrowsIfNoSemicolon" methodname="ThrowsIfNoSemicolon" classname="PlayersWorlds.Maps.Serializer.BasicStringReaderTest" runstate="Runnable" seed="762809996" result="Passed" start-time="2024-06-07T14:45:02.9353420Z" end-time="2024-06-07T14:45:02.9355170Z" duration="0.000174" asserts="1" />
              <test-case id="1-1127" name="ThrowsIfUnclosedEnumerable1" fullname="PlayersWorlds.Maps.Serializer.BasicStringReaderTest.ThrowsIfUnclosedEnumerable1" methodname="ThrowsIfUnclosedEnumerable1" classname="PlayersWorlds.Maps.Serializer.BasicStringReaderTest" runstate="Runnable" seed="707563357" result="Passed" start-time="2024-06-07T14:45:02.9355240Z" end-time="2024-06-07T14:45:02.9358230Z" duration="0.000299" asserts="1" />
              <test-case id="1-1129" name="ThrowsIfUnclosedEnumerable2" fullname="PlayersWorlds.Maps.Serializer.BasicStringReaderTest.ThrowsIfUnclosedEnumerable2" methodname="ThrowsIfUnclosedEnumerable2" classname="PlayersWorlds.Maps.Serializer.BasicStringReaderTest" runstate="Runnable" seed="1478205781" result="Passed" start-time="2024-06-07T14:45:02.9358300Z" end-time="2024-06-07T14:45:02.9360270Z" duration="0.000197" asserts="1" />
              <test-case id="1-1126" name="ThrowsIfWrongType" fullname="PlayersWorlds.Maps.Serializer.BasicStringReaderTest.ThrowsIfWrongType" methodname="ThrowsIfWrongType" classname="PlayersWorlds.Maps.Serializer.BasicStringReaderTest" runstate="Runnable" seed="1858376866" result="Passed" start-time="2024-06-07T14:45:02.9360340Z" end-time="2024-06-07T14:45:02.9361960Z" duration="0.000162" asserts="1" />
            </test-suite>
            <test-suite type="TestFixture" id="1-1132" name="BasicStringWriterTest" fullname="PlayersWorlds.Maps.Serializer.BasicStringWriterTest" classname="PlayersWorlds.Maps.Serializer.BasicStringWriterTest" runstate="Runnable" testcasecount="3" result="Passed" start-time="2024-06-07T14:45:02.9362170Z" end-time="2024-06-07T14:45:02.9365460Z" duration="0.000328" total="3" passed="3" failed="0" warnings="0" inconclusive="0" skipped="0" asserts="3">
              <test-case id="1-1133" name="CanWriteEmptyObject" fullname="PlayersWorlds.Maps.Serializer.BasicStringWriterTest.CanWriteEmptyObject" methodname="CanWriteEmptyObject" classname="PlayersWorlds.Maps.Serializer.BasicStringWriterTest" runstate="Runnable" seed="676096418" result="Passed" start-time="2024-06-07T14:45:02.9362710Z" end-time="2024-06-07T14:45:02.9363670Z" duration="0.000096" asserts="1" />
              <test-case id="1-1135" name="CanWriteOnlyEnumerable" fullname="PlayersWorlds.Maps.Serializer.BasicStringWriterTest.CanWriteOnlyEnumerable" methodname="CanWriteOnlyEnumerable" classname="PlayersWorlds.Maps.Serializer.BasicStringWriterTest" runstate="Runnable" seed="1454368843" result="Passed" start-time="2024-06-07T14:45:02.9363740Z" end-time="2024-06-07T14:45:02.9364530Z" duration="0.000079" asserts="1" />
              <test-case id="1-1134" name="CanWriteSimpleObject" fullname="PlayersWorlds.Maps.Serializer.BasicStringWriterTest.CanWriteSimpleObject" methodname="CanWriteSimpleObject" classname="PlayersWorlds.Maps.Serializer.BasicStringWriterTest" runstate="Runnable" seed="923074243" result="Passed" start-time="2024-06-07T14:45:02.9364600Z" end-time="2024-06-07T14:45:02.9365360Z" duration="0.000077" asserts="1" />
            </test-suite>
            <test-suite type="TestFixture" id="1-1136" name="CellSerializerTest" fullname="PlayersWorlds.Maps.Serializer.CellSerializerTest" classname="PlayersWorlds.Maps.Serializer.CellSerializerTest" runstate="Runnable" testcasecount="8" result="Passed" start-time="2024-06-07T14:45:02.9365560Z" end-time="2024-06-07T14:45:02.9381030Z" duration="0.001547" total="8" passed="8" failed="0" warnings="0" inconclusive="0" skipped="0" asserts="24">
              <test-case id="1-1142" name="CanDeserializeCellWithLinks" fullname="PlayersWorlds.Maps.Serializer.CellSerializerTest.CanDeserializeCellWithLinks" methodname="CanDeserializeCellWithLinks" classname="PlayersWorlds.Maps.Serializer.CellSerializerTest" runstate="Runnable" seed="2138509961" result="Passed" start-time="2024-06-07T14:45:02.9366060Z" end-time="2024-06-07T14:45:02.9368330Z" duration="0.000228" asserts="5" />
              <test-case id="1-1144" name="CanDeserializeCellWithLinksAndTags" fullname="PlayersWorlds.Maps.Serializer.CellSerializerTest.CanDeserializeCellWithLinksAndTags" methodname="CanDeserializeCellWithLinksAndTags" classname="PlayersWorlds.Maps.Serializer.CellSerializerTest" runstate="Runnable" seed="560823775" result="Passed" start-time="2024-06-07T14:45:02.9368410Z" end-time="2024-06-07T14:45:02.9370890Z" duration="0.000248" asserts="7" />
              <test-case id="1-1143" name="CanDeserializeCellWithTags" fullname="PlayersWorlds.Maps.Serializer.CellSerializerTest.CanDeserializeCellWithTags" methodname="CanDeserializeCellWithTags" classname="PlayersWorlds.Maps.Serializer.CellSerializerTest" runstate="Runnable" seed="1751937035" result="Passed" start-time="2024-06-07T14:45:02.9370960Z" end-time="2024-06-07T14:45:02.9372730Z" duration="0.000176" asserts="5" />
              <test-case id="1-1141" name="CanDeserializeEmptyCell" fullname="PlayersWorlds.Maps.Serializer.CellSerializerTest.CanDeserializeEmptyCell" methodname="CanDeserializeEmptyCell" classname="PlayersWorlds.Maps.Serializer.CellSerializerTest" runstate="Runnable" seed="123118395" result="Passed" start-time="2024-06-07T14:45:02.9372800Z" end-time="2024-06-07T14:45:02.9374020Z" duration="0.000123" asserts="3" />
              <test-case id="1-1138" name="CanSerializeCellWithLinks" fullname="PlayersWorlds.Maps.Serializer.CellSerializerTest.CanSerializeCellWithLinks" methodname="CanSerializeCellWithLinks" classname="PlayersWorlds.Maps.Serializer.CellSerializerTest" runstate="Runnable" seed="577952046" result="Passed" start-time="2024-06-07T14:45:02.9374100Z" end-time="2024-06-07T14:45:02.9375690Z" duration="0.000160" asserts="1" />
              <test-case id="1-1140" name="CanSerializeCellWithLinksAndTags" fullname="PlayersWorlds.Maps.Serializer.CellSerializerTest.CanSerializeCellWithLinksAndTags" methodname="CanSerializeCellWithLinksAndTags" classname="PlayersWorlds.Maps.Serializer.CellSerializerTest" runstate="Runnable" seed="534982293" result="Passed" start-time="2024-06-07T14:45:02.9375760Z" end-time="2024-06-07T14:45:02.9378030Z" duration="0.000227" asserts="1" />
              <test-case id="1-1139" name="CanSerializeCellWithTags" fullname="PlayersWorlds.Maps.Serializer.CellSerializerTest.CanSerializeCellWithTags" methodname="CanSerializeCellWithTags" classname="PlayersWorlds.Maps.Serializer.CellSerializerTest" runstate="Runnable" seed="176722832" result="Passed" start-time="2024-06-07T14:45:02.9378110Z" end-time="2024-06-07T14:45:02.9379820Z" duration="0.000172" asserts="1" />
              <test-case id="1-1137" name="CanSerializeEmptyCell" fullname="PlayersWorlds.Maps.Serializer.CellSerializerTest.CanSerializeEmptyCell" methodname="CanSerializeEmptyCell" classname="PlayersWorlds.Maps.Serializer.CellSerializerTest" runstate="Runnable" seed="1304257923" result="Passed" start-time="2024-06-07T14:45:02.9379890Z" end-time="2024-06-07T14:45:02.9380930Z" duration="0.000104" asserts="1" />
            </test-suite>
          </test-suite>
          <test-suite type="TestFixture" id="1-1066" name="VectorDTest" fullname="PlayersWorlds.Maps.VectorDTest" classname="PlayersWorlds.Maps.VectorDTest" runstate="Runnable" testcasecount="11" result="Passed" start-time="2024-06-07T14:45:02.9381180Z" end-time="2024-06-07T14:45:02.9403620Z" duration="0.002244" total="11" passed="11" failed="0" warnings="0" inconclusive="0" skipped="0" asserts="33">
            <test-case id="1-1074" name="CanAddAndSubtract" fullname="PlayersWorlds.Maps.VectorDTest.CanAddAndSubtract" methodname="CanAddAndSubtract" classname="PlayersWorlds.Maps.VectorDTest" runstate="Runnable" seed="636929463" result="Passed" start-time="2024-06-07T14:45:02.9381720Z" end-time="2024-06-07T14:45:02.9384690Z" duration="0.000298" asserts="5" />
            <test-case id="1-1075" name="ConstructorChecksArguments" fullname="PlayersWorlds.Maps.VectorDTest.ConstructorChecksArguments" methodname="ConstructorChecksArguments" classname="PlayersWorlds.Maps.VectorDTest" runstate="Runnable" seed="2081034240" result="Passed" start-time="2024-06-07T14:45:02.9384770Z" end-time="2024-06-07T14:45:02.9385820Z" duration="0.000105" asserts="1" />
            <test-case id="1-1068" name="EqualityIsCheckedByValue" fullname="PlayersWorlds.Maps.VectorDTest.EqualityIsCheckedByValue" methodname="EqualityIsCheckedByValue" classname="PlayersWorlds.Maps.VectorDTest" runstate="Runnable" seed="590477454" result="Passed" start-time="2024-06-07T14:45:02.9385890Z" end-time="2024-06-07T14:45:02.9387890Z" duration="0.000201" asserts="4" />
            <test-case id="1-1069" name="GetHashCodeIsDerivedFromValue" fullname="PlayersWorlds.Maps.VectorDTest.GetHashCodeIsDerivedFromValue" methodname="GetHashCodeIsDerivedFromValue" classname="PlayersWorlds.Maps.VectorDTest" runstate="Runnable" seed="1495705802" result="Passed" start-time="2024-06-07T14:45:02.9387960Z" end-time="2024-06-07T14:45:02.9388710Z" duration="0.000074" asserts="1" />
            <test-case id="1-1072" name="InitializedAsNull" fullname="PlayersWorlds.Maps.VectorDTest.InitializedAsNull" methodname="InitializedAsNull" classname="PlayersWorlds.Maps.VectorDTest" runstate="Runnable" seed="594325261" result="Passed" start-time="2024-06-07T14:45:02.9388770Z" end-time="2024-06-07T14:45:02.9389830Z" duration="0.000106" asserts="1" />
            <test-case id="1-1071" name="InitializedEmpty" fullname="PlayersWorlds.Maps.VectorDTest.InitializedEmpty" methodname="InitializedEmpty" classname="PlayersWorlds.Maps.VectorDTest" runstate="Runnable" seed="295992988" result="Passed" start-time="2024-06-07T14:45:02.9389890Z" end-time="2024-06-07T14:45:02.9392380Z" duration="0.000249" asserts="4" />
            <test-case id="1-1067" name="IsInitialized" fullname="PlayersWorlds.Maps.VectorDTest.IsInitialized" methodname="IsInitialized" classname="PlayersWorlds.Maps.VectorDTest" runstate="Runnable" seed="1389392679" result="Passed" start-time="2024-06-07T14:45:02.9392450Z" end-time="2024-06-07T14:45:02.9393980Z" duration="0.000153" asserts="2" />
            <test-case id="1-1073" name="IsZero" fullname="PlayersWorlds.Maps.VectorDTest.IsZero" methodname="IsZero" classname="PlayersWorlds.Maps.VectorDTest" runstate="Runnable" seed="292391581" result="Passed" start-time="2024-06-07T14:45:02.9394050Z" end-time="2024-06-07T14:45:02.9395070Z" duration="0.000103" asserts="3" />
            <test-case id="1-1076" name="SnappedForce" fullname="PlayersWorlds.Maps.VectorDTest.SnappedForce" methodname="SnappedForce" classname="PlayersWorlds.Maps.VectorDTest" runstate="Runnable" seed="1014875805" result="Passed" start-time="2024-06-07T14:45:02.9395140Z" end-time="2024-06-07T14:45:02.9398780Z" duration="0.000365" asserts="9" />
            <test-case id="1-1070" name="ToStringFormat" fullname="PlayersWorlds.Maps.VectorDTest.ToStringFormat" methodname="ToStringFormat" classname="PlayersWorlds.Maps.VectorDTest" runstate="Runnable" seed="463386802" result="Passed" start-time="2024-06-07T14:45:02.9398850Z" end-time="2024-06-07T14:45:02.9399620Z" duration="0.000077" asserts="1" />
            <test-case id="1-1077" name="VectorD_Parse" fullname="PlayersWorlds.Maps.VectorDTest.VectorD_Parse" methodname="VectorD_Parse" classname="PlayersWorlds.Maps.VectorDTest" runstate="Runnable" seed="805521645" result="Passed" start-time="2024-06-07T14:45:02.9399690Z" end-time="2024-06-07T14:45:02.9403520Z" duration="0.000383" asserts="2" />
          </test-suite>
          <test-suite type="TestFixture" id="1-1078" name="VectorTest" fullname="PlayersWorlds.Maps.VectorTest" classname="PlayersWorlds.Maps.VectorTest" runstate="Runnable" testcasecount="29" result="Passed" start-time="2024-06-07T14:45:02.9403740Z" end-time="2024-06-07T14:45:02.9476310Z" duration="0.007257" total="29" passed="29" failed="0" warnings="0" inconclusive="0" skipped="0" asserts="229">
            <test-case id="1-1095" name="FitsInto" fullname="PlayersWorlds.Maps.VectorTest.FitsInto" methodname="FitsInto" classname="PlayersWorlds.Maps.VectorTest" runstate="Runnable" seed="69489401" result="Passed" start-time="2024-06-07T14:45:02.9404280Z" end-time="2024-06-07T14:45:02.9405620Z" duration="0.000134" asserts="3" />
            <test-case id="1-1098" name="FromIndex_Matches_FromIndex" fullname="PlayersWorlds.Maps.VectorTest.FromIndex_Matches_FromIndex" methodname="FromIndex_Matches_FromIndex" classname="PlayersWorlds.Maps.VectorTest" runstate="Runnable" seed="1097115677" result="Passed" start-time="2024-06-07T14:45:02.9405690Z" end-time="2024-06-07T14:45:02.9406670Z" duration="0.000098" asserts="1" />
            <test-case id="1-1106" name="FromIndex_ShouldThrowException_DimensionMismatch" fullname="PlayersWorlds.Maps.VectorTest.FromIndex_ShouldThrowException_DimensionMismatch" methodname="FromIndex_ShouldThrowException_DimensionMismatch" classname="PlayersWorlds.Maps.VectorTest" runstate="Runnable" seed="489105748" result="Passed" start-time="2024-06-07T14:45:02.9406740Z" end-time="2024-06-07T14:45:02.9408740Z" duration="0.000200" asserts="1" />
            <test-case id="1-1096" name="IsIn" fullname="PlayersWorlds.Maps.VectorTest.IsIn" methodname="IsIn" classname="PlayersWorlds.Maps.VectorTest" runstate="Runnable" seed="1389664589" result="Passed" start-time="2024-06-07T14:45:02.9408820Z" end-time="2024-06-07T14:45:02.9419640Z" duration="0.001083" asserts="7" />
            <test-case id="1-1107" name="NorthEastComparer_ComparesCorrectly" fullname="PlayersWorlds.Maps.VectorTest.NorthEastComparer_ComparesCorrectly" methodname="NorthEastComparer_ComparesCorrectly" classname="PlayersWorlds.Maps.VectorTest" runstate="Runnable" seed="1611656500" result="Passed" start-time="2024-06-07T14:45:02.9419730Z" end-time="2024-06-07T14:45:02.9426850Z" duration="0.000712" asserts="1" />
            <test-case id="1-1080" name="Size_NotInitialized" fullname="PlayersWorlds.Maps.VectorTest.Size_NotInitialized" methodname="Size_NotInitialized" classname="PlayersWorlds.Maps.VectorTest" runstate="Runnable" seed="1426569007" result="Passed" start-time="2024-06-07T14:45:02.9426930Z" end-time="2024-06-07T14:45:02.9428820Z" duration="0.000190" asserts="2" />
            <test-case id="1-1102" name="ToIndex_FromIndex_RoundTripConversion" fullname="PlayersWorlds.Maps.VectorTest.ToIndex_FromIndex_RoundTripConversion" methodname="ToIndex_FromIndex_RoundTripConversion" classname="PlayersWorlds.Maps.VectorTest" runstate="Runnable" seed="432988244" result="Passed" start-time="2024-06-07T14:45:02.9428890Z" end-time="2024-06-07T14:45:02.9435670Z" duration="0.000677" asserts="150" />
            <test-case id="1-1103" name="ToIndex_FromIndex_Valid5D" fullname="PlayersWorlds.Maps.VectorTest.ToIndex_FromIndex_Valid5D" methodname="ToIndex_FromIndex_Valid5D" classname="PlayersWorlds.Maps.VectorTest" runstate="Runnable" seed="1430104694" result="Passed" start-time="2024-06-07T14:45:02.9435740Z" end-time="2024-06-07T14:45:02.9438790Z" duration="0.000305" asserts="13" />
            <test-case id="1-1097" name="ToIndex_Matches_ToIndex" fullname="PlayersWorlds.Maps.VectorTest.ToIndex_Matches_ToIndex" methodname="ToIndex_Matches_ToIndex" classname="PlayersWorlds.Maps.VectorTest" runstate="Runnable" seed="1628732341" result="Passed" start-time="2024-06-07T14:45:02.9438860Z" end-time="2024-06-07T14:45:02.9439780Z" duration="0.000092" asserts="1" />
            <test-case id="1-1099" name="ToIndex_ShouldCalculateCorrectIndex_1D" fullname="PlayersWorlds.Maps.VectorTest.ToIndex_ShouldCalculateCorrectIndex_1D" methodname="ToIndex_ShouldCalculateCorrectIndex_1D" classname="PlayersWorlds.Maps.VectorTest" runstate="Runnable" seed="1011925637" result="Passed" start-time="2024-06-07T14:45:02.9439840Z" end-time="2024-06-07T14:45:02.9440790Z" duration="0.000094" asserts="2" />
            <test-case id="1-1100" name="ToIndex_ShouldCalculateCorrectIndex_2D" fullname="PlayersWorlds.Maps.VectorTest.ToIndex_ShouldCalculateCorrectIndex_2D" methodname="ToIndex_ShouldCalculateCorrectIndex_2D" classname="PlayersWorlds.Maps.VectorTest" runstate="Runnable" seed="954912494" result="Passed" start-time="2024-06-07T14:45:02.9440850Z" end-time="2024-06-07T14:45:02.9441750Z" duration="0.000090" asserts="2" />
            <test-case id="1-1101" name="ToIndex_ShouldCalculateCorrectIndex_3D" fullname="PlayersWorlds.Maps.VectorTest.ToIndex_ShouldCalculateCorrectIndex_3D" methodname="ToIndex_ShouldCalculateCorrectIndex_3D" classname="PlayersWorlds.Maps.VectorTest" runstate="Runnable" seed="2083753632" result="Passed" start-time="2024-06-07T14:45:02.9441810Z" end-time="2024-06-07T14:45:02.9442720Z" duration="0.000091" asserts="2" />
            <test-case id="1-1105" name="ToIndex_ShouldThrowException_DimensionMismatch" fullname="PlayersWorlds.Maps.VectorTest.ToIndex_ShouldThrowException_DimensionMismatch" methodname="ToIndex_ShouldThrowException_DimensionMismatch" classname="PlayersWorlds.Maps.VectorTest" runstate="Runnable" seed="1005146098" result="Passed" start-time="2024-06-07T14:45:02.9442780Z" end-time="2024-06-07T14:45:02.9444500Z" duration="0.000171" asserts="1" />
            <test-case id="1-1104" name="ToIndex_ShouldThrowException_DimensionOverflow" fullname="PlayersWorlds.Maps.VectorTest.ToIndex_ShouldThrowException_DimensionOverflow" methodname="ToIndex_ShouldThrowException_DimensionOverflow" classname="PlayersWorlds.Maps.VectorTest" runstate="Runnable" seed="2123589614" result="Passed" start-time="2024-06-07T14:45:02.9444570Z" end-time="2024-06-07T14:45:02.9446290Z" duration="0.000173" asserts="1" />
            <test-case id="1-1088" name="Vector_CanAddAndSubtract" fullname="PlayersWorlds.Maps.VectorTest.Vector_CanAddAndSubtract" methodname="Vector_CanAddAndSubtract" classname="PlayersWorlds.Maps.VectorTest" runstate="Runnable" seed="1359971093" result="Passed" start-time="2024-06-07T14:45:02.9446360Z" end-time="2024-06-07T14:45:02.9449920Z" duration="0.000356" asserts="6" />
            <test-case id="1-1089" name="Vector_ConstructorChecksArguments" fullname="PlayersWorlds.Maps.VectorTest.Vector_ConstructorChecksArguments" methodname="Vector_ConstructorChecksArguments" classname="PlayersWorlds.Maps.VectorTest" runstate="Runnable" seed="1186087029" result="Passed" start-time="2024-06-07T14:45:02.9449990Z" end-time="2024-06-07T14:45:02.9450950Z" duration="0.000096" asserts="1" />
            <test-case id="1-1086" name="Vector_EmptyIsEmpty" fullname="PlayersWorlds.Maps.VectorTest.Vector_EmptyIsEmpty" methodname="Vector_EmptyIsEmpty" classname="PlayersWorlds.Maps.VectorTest" runstate="Runnable" seed="63041445" result="Passed" start-time="2024-06-07T14:45:02.9451010Z" end-time="2024-06-07T14:45:02.9451660Z" duration="0.000065" asserts="1" />
            <test-case id="1-1085" name="Vector_EmptyVectorIsEmpty" fullname="PlayersWorlds.Maps.VectorTest.Vector_EmptyVectorIsEmpty" methodname="Vector_EmptyVectorIsEmpty" classname="PlayersWorlds.Maps.VectorTest" runstate="Runnable" seed="1763536765" result="Passed" start-time="2024-06-07T14:45:02.9451730Z" end-time="2024-06-07T14:45:02.9452350Z" duration="0.000062" asserts="1" />
            <test-case id="1-1081" name="Vector_EqualityIsCheckedByValue" fullname="PlayersWorlds.Maps.VectorTest.Vector_EqualityIsCheckedByValue" methodname="Vector_EqualityIsCheckedByValue" classname="PlayersWorlds.Maps.VectorTest" runstate="Runnable" seed="925866671" result="Passed" start-time="2024-06-07T14:45:02.9452410Z" end-time="2024-06-07T14:45:02.9454360Z" duration="0.000195" asserts="5" />
            <test-case id="1-1093" name="Vector_FromIndex" fullname="PlayersWorlds.Maps.VectorTest.Vector_FromIndex" methodname="Vector_FromIndex" classname="PlayersWorlds.Maps.VectorTest" runstate="Runnable" seed="1769637024" result="Passed" start-time="2024-06-07T14:45:02.9454430Z" end-time="2024-06-07T14:45:02.9455500Z" duration="0.000107" asserts="2" />
            <test-case id="1-1082" name="Vector_GetHashCodeIsDerivedFromValue" fullname="PlayersWorlds.Maps.VectorTest.Vector_GetHashCodeIsDerivedFromValue" methodname="Vector_GetHashCodeIsDerivedFromValue" classname="PlayersWorlds.Maps.VectorTest" runstate="Runnable" seed="843662897" result="Passed" start-time="2024-06-07T14:45:02.9455570Z" end-time="2024-06-07T14:45:02.9457620Z" duration="0.000205" asserts="2" />
            <test-case id="1-1079" name="Vector_IsInitialized" fullname="PlayersWorlds.Maps.VectorTest.Vector_IsInitialized" methodname="Vector_IsInitialized" classname="PlayersWorlds.Maps.VectorTest" runstate="Runnable" seed="760408411" result="Passed" start-time="2024-06-07T14:45:02.9457690Z" end-time="2024-06-07T14:45:02.9458500Z" duration="0.000081" asserts="2" />
            <test-case id="1-1087" name="Vector_NotEqualToNull" fullname="PlayersWorlds.Maps.VectorTest.Vector_NotEqualToNull" methodname="Vector_NotEqualToNull" classname="PlayersWorlds.Maps.VectorTest" runstate="Runnable" seed="450881737" result="Passed" start-time="2024-06-07T14:45:02.9458570Z" end-time="2024-06-07T14:45:02.9460250Z" duration="0.000169" asserts="3" />
            <test-case id="1-1091" name="Vector_SnappedForce" fullname="PlayersWorlds.Maps.VectorTest.Vector_SnappedForce" methodname="Vector_SnappedForce" classname="PlayersWorlds.Maps.VectorTest" runstate="Runnable" seed="177221439" result="Passed" start-time="2024-06-07T14:45:02.9460320Z" end-time="2024-06-07T14:45:02.9469380Z" duration="0.000906" asserts="9" />
            <test-case id="1-1090" name="Vector_ThrowsIfNotAValidSize" fullname="PlayersWorlds.Maps.VectorTest.Vector_ThrowsIfNotAValidSize" methodname="Vector_ThrowsIfNotAValidSize" classname="PlayersWorlds.Maps.VectorTest" runstate="Runnable" seed="1383650540" result="Passed" start-time="2024-06-07T14:45:02.9469450Z" end-time="2024-06-07T14:45:02.9471760Z" duration="0.000231" asserts="3" />
            <test-case id="1-1092" name="Vector_ToIndex" fullname="PlayersWorlds.Maps.VectorTest.Vector_ToIndex" methodname="Vector_ToIndex" classname="PlayersWorlds.Maps.VectorTest" runstate="Runnable" seed="2127825067" result="Passed" start-time="2024-06-07T14:45:02.9471830Z" end-time="2024-06-07T14:45:02.9473540Z" duration="0.000171" asserts="3" />
            <test-case id="1-1083" name="Vector_ToStringFormat" fullname="PlayersWorlds.Maps.VectorTest.Vector_ToStringFormat" methodname="Vector_ToStringFormat" classname="PlayersWorlds.Maps.VectorTest" runstate="Runnable" seed="1199008313" result="Passed" start-time="2024-06-07T14:45:02.9473610Z" end-time="2024-06-07T14:45:02.9474470Z" duration="0.000086" asserts="2" />
            <test-case id="1-1084" name="Vector_ZeroVectorIsNotEmpty" fullname="PlayersWorlds.Maps.VectorTest.Vector_ZeroVectorIsNotEmpty" methodname="Vector_ZeroVectorIsNotEmpty" classname="PlayersWorlds.Maps.VectorTest" runstate="Runnable" seed="1915717142" result="Passed" start-time="2024-06-07T14:45:02.9474540Z" end-time="2024-06-07T14:45:02.9475350Z" duration="0.000081" asserts="1" />
            <test-case id="1-1094" name="VectorD_Parse" fullname="PlayersWorlds.Maps.VectorTest.VectorD_Parse" methodname="VectorD_Parse" classname="PlayersWorlds.Maps.VectorTest" runstate="Runnable" seed="2134376590" result="Passed" start-time="2024-06-07T14:45:02.9475410Z" end-time="2024-06-07T14:45:02.9476200Z" duration="0.000078" asserts="1" />
          </test-suite>
        </test-suite>
      </test-suite>
      <test-suite type="TestFixture" id="1-1000" name="RandomAreaGeneratorTest" fullname="RandomAreaGeneratorTest" classname="RandomAreaGeneratorTest" runstate="Runnable" testcasecount="2" result="Passed" start-time="2024-06-07T14:45:02.9476540Z" end-time="2024-06-07T14:45:02.9623760Z" duration="0.014723" total="2" passed="2" failed="0" warnings="0" inconclusive="0" skipped="0" asserts="3042">
        <test-case id="1-1001" name="ZoneGenerator_CanGenerateZones" fullname="RandomAreaGeneratorTest.ZoneGenerator_CanGenerateZones" methodname="ZoneGenerator_CanGenerateZones" classname="RandomAreaGeneratorTest" runstate="Runnable" seed="886957845" result="Passed" start-time="2024-06-07T14:45:02.9477080Z" end-time="2024-06-07T14:45:02.9617190Z" duration="0.014012" asserts="3006">
          <properties>
            <property name="Category" value="Integration" />
          </properties>
        </test-case>
        <test-case id="1-1002" name="ZoneGenerator_CustomSettings" fullname="RandomAreaGeneratorTest.ZoneGenerator_CustomSettings" methodname="ZoneGenerator_CustomSettings" classname="RandomAreaGeneratorTest" runstate="Runnable" seed="660240405" result="Passed" start-time="2024-06-07T14:45:02.9617290Z" end-time="2024-06-07T14:45:02.9623650Z" duration="0.000636" asserts="36">
          <properties>
            <property name="Category" value="Integration" />
          </properties>
        </test-case>
      </test-suite>
    </test-suite>
  </test-suite>
</test-run>