<?xml version="1.0" encoding="utf-8" standalone="no"?>
<test-run id="0" runstate="Runnable" testcasecount="1099" result="Passed" total="72" passed="72" failed="0" warnings="0" inconclusive="0" skipped="0" asserts="133" engine-version="3.17.0.0" clr-version="4.0.30319.42000" start-time="2024-07-02 15:33:01Z" end-time="2024-07-02 15:33:02Z" duration="0.541380">
  <command-line><![CDATA[/home/data/repos/github.com/aynurin/maze-gen/packages/NUnit.ConsoleRunner.3.17.0/tools/nunit3-console.exe build/Debug/tests/PlayersWorlds.Maps.Tests.dll --framework=mono-4.0 --where=class=PlayersWorlds.Maps.GridTest]]></command-line>
  <filter>
    <class>PlayersWorlds.Maps.GridTest</class>
  </filter>
  <test-suite type="Assembly" id="1-2150" name="PlayersWorlds.Maps.Tests.dll" fullname="/home/data/repos/github.com/aynurin/maze-gen/build/Debug/tests/PlayersWorlds.Maps.Tests.dll" runstate="Runnable" testcasecount="1099" result="Passed" start-time="2024-07-02T15:33:01.9455320Z" end-time="2024-07-02T15:33:02.0111790Z" duration="0.065576" total="72" passed="72" failed="0" warnings="0" inconclusive="0" skipped="0" asserts="133">
    <environment framework-version="4.0.1.0" clr-version="4.0.30319.42000" os-version="Unix 6.1.84.1" platform="Unix" cwd="/home/data/repos/github.com/aynurin/maze-gen" machine-name="lightview" user="shav" user-domain="lightview" culture="en-US" uiculture="en-US" os-architecture="x64" />
    <settings>
      <setting name="RequestedRuntimeFramework" value="mono-4.0" />
      <setting name="DisposeRunners" value="True" />
      <setting name="WorkDirectory" value="/home/data/repos/github.com/aynurin/maze-gen" />
      <setting name="ImageRuntimeVersion" value="4.0.30319" />
      <setting name="ImageTargetFrameworkName" value=".NETFramework,Version=v4.7" />
      <setting name="ImageRequiresX86" value="False" />
      <setting name="ImageRequiresDefaultAppDomainAssemblyResolver" value="False" />
      <setting name="TargetRuntimeFramework" value="mono-4.0" />
      <setting name="NumberOfTestWorkers" value="24" />
    </settings>
    <properties>
      <property name="_PID" value="736088" />
      <property name="_APPDOMAIN" value="domain-" />
    </properties>
    <test-suite type="SetUpFixture" id="1-1003" name="[default namespace]" fullname="TestsSetup" classname="TestsSetup" runstate="Runnable" testcasecount="1099" result="Passed" start-time="2024-07-02T15:33:01.9511190Z" end-time="2024-07-02T15:33:02.0111690Z" duration="0.060050" total="72" passed="72" failed="0" warnings="0" inconclusive="0" skipped="0" asserts="133">
      <test-suite type="TestSuite" id="1-2151" name="PlayersWorlds" fullname="PlayersWorlds" runstate="Runnable" testcasecount="1097" result="Passed" start-time="2024-07-02T15:33:01.9543120Z" end-time="2024-07-02T15:33:02.0109950Z" duration="0.056683" total="72" passed="72" failed="0" warnings="0" inconclusive="0" skipped="0" asserts="133">
        <test-suite type="TestSuite" id="1-2152" name="Maps" fullname="PlayersWorlds.Maps" runstate="Runnable" testcasecount="1097" result="Passed" start-time="2024-07-02T15:33:01.9543750Z" end-time="2024-07-02T15:33:02.0109900Z" duration="0.056615" total="72" passed="72" failed="0" warnings="0" inconclusive="0" skipped="0" asserts="133">
          <test-suite type="TestFixture" id="1-1055" name="GridTest" fullname="PlayersWorlds.Maps.GridTest" classname="PlayersWorlds.Maps.GridTest" runstate="Runnable" testcasecount="72" result="Passed" start-time="2024-07-02T15:33:01.9543920Z" end-time="2024-07-02T15:33:02.0109820Z" duration="0.056591" total="72" passed="72" failed="0" warnings="0" inconclusive="0" skipped="0" asserts="133">
            <test-case id="1-1068" name="AdjacentRegion_ReturnsCorrectNeighbors" fullname="PlayersWorlds.Maps.GridTest.AdjacentRegion_ReturnsCorrectNeighbors" methodname="AdjacentRegion_ReturnsCorrectNeighbors" classname="PlayersWorlds.Maps.GridTest" runstate="Runnable" seed="638578387" result="Passed" start-time="2024-07-02T15:33:01.9545510Z" end-time="2024-07-02T15:33:01.9891140Z" duration="0.034634" asserts="6" />
            <test-case id="1-1069" name="AdjacentRegion_ReturnsCorrectNeighborsIn4DSpace" fullname="PlayersWorlds.Maps.GridTest.AdjacentRegion_ReturnsCorrectNeighborsIn4DSpace" methodname="AdjacentRegion_ReturnsCorrectNeighborsIn4DSpace" classname="PlayersWorlds.Maps.GridTest" runstate="Runnable" seed="547090214" result="Passed" start-time="2024-07-02T15:33:01.9905310Z" end-time="2024-07-02T15:33:01.9919290Z" duration="0.001398" asserts="5" />
            <test-case id="1-1128" name="Contains" fullname="PlayersWorlds.Maps.GridTest.Contains" methodname="Contains" classname="PlayersWorlds.Maps.GridTest" runstate="Runnable" seed="1895187542" result="Passed" start-time="2024-07-02T15:33:01.9919380Z" end-time="2024-07-02T15:33:01.9925270Z" duration="0.000590" asserts="2" />
            <test-case id="1-1058" name="Ctor_CreatesCorrectSize" fullname="PlayersWorlds.Maps.GridTest.Ctor_CreatesCorrectSize" methodname="Ctor_CreatesCorrectSize" classname="PlayersWorlds.Maps.GridTest" runstate="Runnable" seed="1528750060" result="Passed" start-time="2024-07-02T15:33:01.9925360Z" end-time="2024-07-02T15:33:01.9933950Z" duration="0.000859" asserts="2" />
            <test-case id="1-1056" name="Ctor_ThrowsOnInvalidDimensions" fullname="PlayersWorlds.Maps.GridTest.Ctor_ThrowsOnInvalidDimensions" methodname="Ctor_ThrowsOnInvalidDimensions" classname="PlayersWorlds.Maps.GridTest" runstate="Runnable" seed="1228510421" result="Passed" start-time="2024-07-02T15:33:01.9934040Z" end-time="2024-07-02T15:33:01.9961520Z" duration="0.002747" asserts="1" />
            <test-case id="1-1057" name="Ctor_ThrowsOnInvalidSize" fullname="PlayersWorlds.Maps.GridTest.Ctor_ThrowsOnInvalidSize" methodname="Ctor_ThrowsOnInvalidSize" classname="PlayersWorlds.Maps.GridTest" runstate="Runnable" seed="795879475" result="Passed" start-time="2024-07-02T15:33:01.9961620Z" end-time="2024-07-02T15:33:01.9982910Z" duration="0.002129" asserts="1" />
            <test-case id="1-1129" name="FitsInto" fullname="PlayersWorlds.Maps.GridTest.FitsInto" methodname="FitsInto" classname="PlayersWorlds.Maps.GridTest" runstate="Runnable" seed="346550708" result="Passed" start-time="2024-07-02T15:33:01.9983000Z" end-time="2024-07-02T15:33:01.9984890Z" duration="0.000189" asserts="4" />
            <test-case id="1-1061" name="Iterate_Empty" fullname="PlayersWorlds.Maps.GridTest.Iterate_Empty" methodname="Iterate_Empty" classname="PlayersWorlds.Maps.GridTest" runstate="Runnable" seed="486078979" result="Passed" start-time="2024-07-02T15:33:01.9984960Z" end-time="2024-07-02T15:33:01.9992690Z" duration="0.000773" asserts="1" />
            <test-case id="1-1062" name="Iterate_TraversesAllCells" fullname="PlayersWorlds.Maps.GridTest.Iterate_TraversesAllCells" methodname="Iterate_TraversesAllCells" classname="PlayersWorlds.Maps.GridTest" runstate="Runnable" seed="851487741" result="Passed" start-time="2024-07-02T15:33:01.9992770Z" end-time="2024-07-02T15:33:01.9999300Z" duration="0.000653" asserts="13" />
            <test-suite type="ParameterizedMethod" id="1-1104" name="Overlap_ReturnOverelappingCells" fullname="PlayersWorlds.Maps.GridTest.Overlap_ReturnOverelappingCells" classname="PlayersWorlds.Maps.GridTest" runstate="Runnable" testcasecount="22" result="Passed" start-time="2024-07-02T15:33:01.9999400Z" end-time="2024-07-02T15:33:02.0019280Z" duration="0.001988" total="22" passed="22" failed="0" warnings="0" inconclusive="0" skipped="0" asserts="22">
              <test-case id="1-1082" name="Overlap_ReturnOverelappingCells((PlayersWorlds.Maps.Grid, PlayersWorlds.Maps.Grid, 16))" fullname="PlayersWorlds.Maps.GridTest.Overlap_ReturnOverelappingCells((PlayersWorlds.Maps.Grid, PlayersWorlds.Maps.Grid, 16))" methodname="Overlap_ReturnOverelappingCells" classname="PlayersWorlds.Maps.GridTest" runstate="Runnable" seed="1135552103" result="Passed" start-time="2024-07-02T15:33:02.0000210Z" end-time="2024-07-02T15:33:02.0003570Z" duration="0.000335" asserts="1" />
              <test-case id="1-1083" name="Overlap_ReturnOverelappingCells((PlayersWorlds.Maps.Grid, PlayersWorlds.Maps.Grid, 1))" fullname="PlayersWorlds.Maps.GridTest.Overlap_ReturnOverelappingCells((PlayersWorlds.Maps.Grid, PlayersWorlds.Maps.Grid, 1))" methodname="Overlap_ReturnOverelappingCells" classname="PlayersWorlds.Maps.GridTest" runstate="Runnable" seed="950284708" result="Passed" start-time="2024-07-02T15:33:02.0003650Z" end-time="2024-07-02T15:33:02.0003920Z" duration="0.000028" asserts="1" />
              <test-case id="1-1084" name="Overlap_ReturnOverelappingCells((PlayersWorlds.Maps.Grid, PlayersWorlds.Maps.Grid, 4))" fullname="PlayersWorlds.Maps.GridTest.Overlap_ReturnOverelappingCells((PlayersWorlds.Maps.Grid, PlayersWorlds.Maps.Grid, 4))" methodname="Overlap_ReturnOverelappingCells" classname="PlayersWorlds.Maps.GridTest" runstate="Runnable" seed="287018688" result="Passed" start-time="2024-07-02T15:33:02.0003980Z" end-time="2024-07-02T15:33:02.0004180Z" duration="0.000020" asserts="1" />
              <test-case id="1-1085" name="Overlap_ReturnOverelappingCells((PlayersWorlds.Maps.Grid, PlayersWorlds.Maps.Grid, 1))" fullname="PlayersWorlds.Maps.GridTest.Overlap_ReturnOverelappingCells((PlayersWorlds.Maps.Grid, PlayersWorlds.Maps.Grid, 1))" methodname="Overlap_ReturnOverelappingCells" classname="PlayersWorlds.Maps.GridTest" runstate="Runnable" seed="1744297879" result="Passed" start-time="2024-07-02T15:33:02.0004220Z" end-time="2024-07-02T15:33:02.0004400Z" duration="0.000017" asserts="1" />
              <test-case id="1-1086" name="Overlap_ReturnOverelappingCells((PlayersWorlds.Maps.Grid, PlayersWorlds.Maps.Grid, 1))" fullname="PlayersWorlds.Maps.GridTest.Overlap_ReturnOverelappingCells((PlayersWorlds.Maps.Grid, PlayersWorlds.Maps.Grid, 1))" methodname="Overlap_ReturnOverelappingCells" classname="PlayersWorlds.Maps.GridTest" runstate="Runnable" seed="1552442626" result="Passed" start-time="2024-07-02T15:33:02.0004450Z" end-time="2024-07-02T15:33:02.0004610Z" duration="0.000017" asserts="1" />
              <test-case id="1-1087" name="Overlap_ReturnOverelappingCells((PlayersWorlds.Maps.Grid, PlayersWorlds.Maps.Grid, 4))" fullname="PlayersWorlds.Maps.GridTest.Overlap_ReturnOverelappingCells((PlayersWorlds.Maps.Grid, PlayersWorlds.Maps.Grid, 4))" methodname="Overlap_ReturnOverelappingCells" classname="PlayersWorlds.Maps.GridTest" runstate="Runnable" seed="660542257" result="Passed" start-time="2024-07-02T15:33:02.0004660Z" end-time="2024-07-02T15:33:02.0004840Z" duration="0.000018" asserts="1" />
              <test-case id="1-1088" name="Overlap_ReturnOverelappingCells((PlayersWorlds.Maps.Grid, PlayersWorlds.Maps.Grid, 1))" fullname="PlayersWorlds.Maps.GridTest.Overlap_ReturnOverelappingCells((PlayersWorlds.Maps.Grid, PlayersWorlds.Maps.Grid, 1))" methodname="Overlap_ReturnOverelappingCells" classname="PlayersWorlds.Maps.GridTest" runstate="Runnable" seed="1048373524" result="Passed" start-time="2024-07-02T15:33:02.0004890Z" end-time="2024-07-02T15:33:02.0005070Z" duration="0.000018" asserts="1" />
              <test-case id="1-1089" name="Overlap_ReturnOverelappingCells((PlayersWorlds.Maps.Grid, PlayersWorlds.Maps.Grid, 0))" fullname="PlayersWorlds.Maps.GridTest.Overlap_ReturnOverelappingCells((PlayersWorlds.Maps.Grid, PlayersWorlds.Maps.Grid, 0))" methodname="Overlap_ReturnOverelappingCells" classname="PlayersWorlds.Maps.GridTest" runstate="Runnable" seed="458040698" result="Passed" start-time="2024-07-02T15:33:02.0005110Z" end-time="2024-07-02T15:33:02.0005280Z" duration="0.000017" asserts="1" />
              <test-case id="1-1090" name="Overlap_ReturnOverelappingCells((PlayersWorlds.Maps.Grid, PlayersWorlds.Maps.Grid, 0))" fullname="PlayersWorlds.Maps.GridTest.Overlap_ReturnOverelappingCells((PlayersWorlds.Maps.Grid, PlayersWorlds.Maps.Grid, 0))" methodname="Overlap_ReturnOverelappingCells" classname="PlayersWorlds.Maps.GridTest" runstate="Runnable" seed="1926980650" result="Passed" start-time="2024-07-02T15:33:02.0005330Z" end-time="2024-07-02T15:33:02.0005460Z" duration="0.000013" asserts="1" />
              <test-case id="1-1091" name="Overlap_ReturnOverelappingCells((PlayersWorlds.Maps.Grid, PlayersWorlds.Maps.Grid, 0))" fullname="PlayersWorlds.Maps.GridTest.Overlap_ReturnOverelappingCells((PlayersWorlds.Maps.Grid, PlayersWorlds.Maps.Grid, 0))" methodname="Overlap_ReturnOverelappingCells" classname="PlayersWorlds.Maps.GridTest" runstate="Runnable" seed="509441444" result="Passed" start-time="2024-07-02T15:33:02.0007580Z" end-time="2024-07-02T15:33:02.0007890Z" duration="0.000031" asserts="1" />
              <test-case id="1-1092" name="Overlap_ReturnOverelappingCells((PlayersWorlds.Maps.Grid, PlayersWorlds.Maps.Grid, 0))" fullname="PlayersWorlds.Maps.GridTest.Overlap_ReturnOverelappingCells((PlayersWorlds.Maps.Grid, PlayersWorlds.Maps.Grid, 0))" methodname="Overlap_ReturnOverelappingCells" classname="PlayersWorlds.Maps.GridTest" runstate="Runnable" seed="1859376487" result="Passed" start-time="2024-07-02T15:33:02.0007940Z" end-time="2024-07-02T15:33:02.0008090Z" duration="0.000014" asserts="1" />
              <test-case id="1-1093" name="Overlap_ReturnOverelappingCells((PlayersWorlds.Maps.Grid, PlayersWorlds.Maps.Grid, 0))" fullname="PlayersWorlds.Maps.GridTest.Overlap_ReturnOverelappingCells((PlayersWorlds.Maps.Grid, PlayersWorlds.Maps.Grid, 0))" methodname="Overlap_ReturnOverelappingCells" classname="PlayersWorlds.Maps.GridTest" runstate="Runnable" seed="1694717188" result="Passed" start-time="2024-07-02T15:33:02.0008140Z" end-time="2024-07-02T15:33:02.0008280Z" duration="0.000014" asserts="1" />
              <test-case id="1-1094" name="Overlap_ReturnOverelappingCells((PlayersWorlds.Maps.Grid, PlayersWorlds.Maps.Grid, 0))" fullname="PlayersWorlds.Maps.GridTest.Overlap_ReturnOverelappingCells((PlayersWorlds.Maps.Grid, PlayersWorlds.Maps.Grid, 0))" methodname="Overlap_ReturnOverelappingCells" classname="PlayersWorlds.Maps.GridTest" runstate="Runnable" seed="1093261153" result="Passed" start-time="2024-07-02T15:33:02.0008320Z" end-time="2024-07-02T15:33:02.0008440Z" duration="0.000012" asserts="1" />
              <test-case id="1-1095" name="Overlap_ReturnOverelappingCells((PlayersWorlds.Maps.Grid, PlayersWorlds.Maps.Grid, 0))" fullname="PlayersWorlds.Maps.GridTest.Overlap_ReturnOverelappingCells((PlayersWorlds.Maps.Grid, PlayersWorlds.Maps.Grid, 0))" methodname="Overlap_ReturnOverelappingCells" classname="PlayersWorlds.Maps.GridTest" runstate="Runnable" seed="1534467835" result="Passed" start-time="2024-07-02T15:33:02.0008480Z" end-time="2024-07-02T15:33:02.0008590Z" duration="0.000012" asserts="1" />
              <test-case id="1-1096" name="Overlap_ReturnOverelappingCells((PlayersWorlds.Maps.Grid, PlayersWorlds.Maps.Grid, 0))" fullname="PlayersWorlds.Maps.GridTest.Overlap_ReturnOverelappingCells((PlayersWorlds.Maps.Grid, PlayersWorlds.Maps.Grid, 0))" methodname="Overlap_ReturnOverelappingCells" classname="PlayersWorlds.Maps.GridTest" runstate="Runnable" seed="1636681269" result="Passed" start-time="2024-07-02T15:33:02.0008630Z" end-time="2024-07-02T15:33:02.0008750Z" duration="0.000012" asserts="1" />
              <test-case id="1-1097" name="Overlap_ReturnOverelappingCells((PlayersWorlds.Maps.Grid, PlayersWorlds.Maps.Grid, 0))" fullname="PlayersWorlds.Maps.GridTest.Overlap_ReturnOverelappingCells((PlayersWorlds.Maps.Grid, PlayersWorlds.Maps.Grid, 0))" methodname="Overlap_ReturnOverelappingCells" classname="PlayersWorlds.Maps.GridTest" runstate="Runnable" seed="1097751345" result="Passed" start-time="2024-07-02T15:33:02.0008790Z" end-time="2024-07-02T15:33:02.0008930Z" duration="0.000013" asserts="1" />
              <test-case id="1-1098" name="Overlap_ReturnOverelappingCells((PlayersWorlds.Maps.Grid, PlayersWorlds.Maps.Grid, 0))" fullname="PlayersWorlds.Maps.GridTest.Overlap_ReturnOverelappingCells((PlayersWorlds.Maps.Grid, PlayersWorlds.Maps.Grid, 0))" methodname="Overlap_ReturnOverelappingCells" classname="PlayersWorlds.Maps.GridTest" runstate="Runnable" seed="2098947712" result="Passed" start-time="2024-07-02T15:33:02.0008970Z" end-time="2024-07-02T15:33:02.0009080Z" duration="0.000011" asserts="1" />
              <test-case id="1-1099" name="Overlap_ReturnOverelappingCells((PlayersWorlds.Maps.Grid, PlayersWorlds.Maps.Grid, 0))" fullname="PlayersWorlds.Maps.GridTest.Overlap_ReturnOverelappingCells((PlayersWorlds.Maps.Grid, PlayersWorlds.Maps.Grid, 0))" methodname="Overlap_ReturnOverelappingCells" classname="PlayersWorlds.Maps.GridTest" runstate="Runnable" seed="389729298" result="Passed" start-time="2024-07-02T15:33:02.0009120Z" end-time="2024-07-02T15:33:02.0009230Z" duration="0.000011" asserts="1" />
              <test-case id="1-1100" name="Overlap_ReturnOverelappingCells((PlayersWorlds.Maps.Grid, PlayersWorlds.Maps.Grid, 0))" fullname="PlayersWorlds.Maps.GridTest.Overlap_ReturnOverelappingCells((PlayersWorlds.Maps.Grid, PlayersWorlds.Maps.Grid, 0))" methodname="Overlap_ReturnOverelappingCells" classname="PlayersWorlds.Maps.GridTest" runstate="Runnable" seed="700085438" result="Passed" start-time="2024-07-02T15:33:02.0009260Z" end-time="2024-07-02T15:33:02.0009360Z" duration="0.000010" asserts="1" />
              <test-case id="1-1101" name="Overlap_ReturnOverelappingCells((PlayersWorlds.Maps.Grid, PlayersWorlds.Maps.Grid, 0))" fullname="PlayersWorlds.Maps.GridTest.Overlap_ReturnOverelappingCells((PlayersWorlds.Maps.Grid, PlayersWorlds.Maps.Grid, 0))" methodname="Overlap_ReturnOverelappingCells" classname="PlayersWorlds.Maps.GridTest" runstate="Runnable" seed="130501157" result="Passed" start-time="2024-07-02T15:33:02.0009400Z" end-time="2024-07-02T15:33:02.0009510Z" duration="0.000010" asserts="1" />
              <test-case id="1-1102" name="Overlap_ReturnOverelappingCells((PlayersWorlds.Maps.Grid, PlayersWorlds.Maps.Grid, 0))" fullname="PlayersWorlds.Maps.GridTest.Overlap_ReturnOverelappingCells((PlayersWorlds.Maps.Grid, PlayersWorlds.Maps.Grid, 0))" methodname="Overlap_ReturnOverelappingCells" classname="PlayersWorlds.Maps.GridTest" runstate="Runnable" seed="1766353196" result="Passed" start-time="2024-07-02T15:33:02.0009540Z" end-time="2024-07-02T15:33:02.0009640Z" duration="0.000010" asserts="1" />
              <test-case id="1-1103" name="Overlap_ReturnOverelappingCells((PlayersWorlds.Maps.Grid, PlayersWorlds.Maps.Grid, 0))" fullname="PlayersWorlds.Maps.GridTest.Overlap_ReturnOverelappingCells((PlayersWorlds.Maps.Grid, PlayersWorlds.Maps.Grid, 0))" methodname="Overlap_ReturnOverelappingCells" classname="PlayersWorlds.Maps.GridTest" runstate="Runnable" seed="442151287" result="Passed" start-time="2024-07-02T15:33:02.0009680Z" end-time="2024-07-02T15:33:02.0009780Z" duration="0.000011" asserts="1" />
            </test-suite>
            <test-suite type="ParameterizedMethod" id="1-1127" name="Overlaps_ReturnsIfOverlaps" fullname="PlayersWorlds.Maps.GridTest.Overlaps_ReturnsIfOverlaps" classname="PlayersWorlds.Maps.GridTest" runstate="Runnable" testcasecount="22" result="Passed" start-time="2024-07-02T15:33:02.0027810Z" end-time="2024-07-02T15:33:02.0036750Z" duration="0.000894" total="22" passed="22" failed="0" warnings="0" inconclusive="0" skipped="0" asserts="22">
              <test-case id="1-1105" name="Overlaps_ReturnsIfOverlaps((PlayersWorlds.Maps.Grid, PlayersWorlds.Maps.Grid, 16))" fullname="PlayersWorlds.Maps.GridTest.Overlaps_ReturnsIfOverlaps((PlayersWorlds.Maps.Grid, PlayersWorlds.Maps.Grid, 16))" methodname="Overlaps_ReturnsIfOverlaps" classname="PlayersWorlds.Maps.GridTest" runstate="Runnable" seed="1049278406" result="Passed" start-time="2024-07-02T15:33:02.0028000Z" end-time="2024-07-02T15:33:02.0032000Z" duration="0.000401" asserts="1" />
              <test-case id="1-1106" name="Overlaps_ReturnsIfOverlaps((PlayersWorlds.Maps.Grid, PlayersWorlds.Maps.Grid, 1))" fullname="PlayersWorlds.Maps.GridTest.Overlaps_ReturnsIfOverlaps((PlayersWorlds.Maps.Grid, PlayersWorlds.Maps.Grid, 1))" methodname="Overlaps_ReturnsIfOverlaps" classname="PlayersWorlds.Maps.GridTest" runstate="Runnable" seed="1599099323" result="Passed" start-time="2024-07-02T15:33:02.0032090Z" end-time="2024-07-02T15:33:02.0032470Z" duration="0.000038" asserts="1" />
              <test-case id="1-1107" name="Overlaps_ReturnsIfOverlaps((PlayersWorlds.Maps.Grid, PlayersWorlds.Maps.Grid, 4))" fullname="PlayersWorlds.Maps.GridTest.Overlaps_ReturnsIfOverlaps((PlayersWorlds.Maps.Grid, PlayersWorlds.Maps.Grid, 4))" methodname="Overlaps_ReturnsIfOverlaps" classname="PlayersWorlds.Maps.GridTest" runstate="Runnable" seed="755367551" result="Passed" start-time="2024-07-02T15:33:02.0032520Z" end-time="2024-07-02T15:33:02.0032750Z" duration="0.000024" asserts="1" />
              <test-case id="1-1108" name="Overlaps_ReturnsIfOverlaps((PlayersWorlds.Maps.Grid, PlayersWorlds.Maps.Grid, 1))" fullname="PlayersWorlds.Maps.GridTest.Overlaps_ReturnsIfOverlaps((PlayersWorlds.Maps.Grid, PlayersWorlds.Maps.Grid, 1))" methodname="Overlaps_ReturnsIfOverlaps" classname="PlayersWorlds.Maps.GridTest" runstate="Runnable" seed="2142873422" result="Passed" start-time="2024-07-02T15:33:02.0032800Z" end-time="2024-07-02T15:33:02.0033010Z" duration="0.000020" asserts="1" />
              <test-case id="1-1109" name="Overlaps_ReturnsIfOverlaps((PlayersWorlds.Maps.Grid, PlayersWorlds.Maps.Grid, 1))" fullname="PlayersWorlds.Maps.GridTest.Overlaps_ReturnsIfOverlaps((PlayersWorlds.Maps.Grid, PlayersWorlds.Maps.Grid, 1))" methodname="Overlaps_ReturnsIfOverlaps" classname="PlayersWorlds.Maps.GridTest" runstate="Runnable" seed="201159511" result="Passed" start-time="2024-07-02T15:33:02.0033050Z" end-time="2024-07-02T15:33:02.0033250Z" duration="0.000020" asserts="1" />
              <test-case id="1-1110" name="Overlaps_ReturnsIfOverlaps((PlayersWorlds.Maps.Grid, PlayersWorlds.Maps.Grid, 4))" fullname="PlayersWorlds.Maps.GridTest.Overlaps_ReturnsIfOverlaps((PlayersWorlds.Maps.Grid, PlayersWorlds.Maps.Grid, 4))" methodname="Overlaps_ReturnsIfOverlaps" classname="PlayersWorlds.Maps.GridTest" runstate="Runnable" seed="1587177273" result="Passed" start-time="2024-07-02T15:33:02.0033290Z" end-time="2024-07-02T15:33:02.0033490Z" duration="0.000019" asserts="1" />
              <test-case id="1-1111" name="Overlaps_ReturnsIfOverlaps((PlayersWorlds.Maps.Grid, PlayersWorlds.Maps.Grid, 1))" fullname="PlayersWorlds.Maps.GridTest.Overlaps_ReturnsIfOverlaps((PlayersWorlds.Maps.Grid, PlayersWorlds.Maps.Grid, 1))" methodname="Overlaps_ReturnsIfOverlaps" classname="PlayersWorlds.Maps.GridTest" runstate="Runnable" seed="1973815730" result="Passed" start-time="2024-07-02T15:33:02.0033530Z" end-time="2024-07-02T15:33:02.0033720Z" duration="0.000019" asserts="1" />
              <test-case id="1-1112" name="Overlaps_ReturnsIfOverlaps((PlayersWorlds.Maps.Grid, PlayersWorlds.Maps.Grid, 0))" fullname="PlayersWorlds.Maps.GridTest.Overlaps_ReturnsIfOverlaps((PlayersWorlds.Maps.Grid, PlayersWorlds.Maps.Grid, 0))" methodname="Overlaps_ReturnsIfOverlaps" classname="PlayersWorlds.Maps.GridTest" runstate="Runnable" seed="56752534" result="Passed" start-time="2024-07-02T15:33:02.0033770Z" end-time="2024-07-02T15:33:02.0033930Z" duration="0.000016" asserts="1" />
              <test-case id="1-1113" name="Overlaps_ReturnsIfOverlaps((PlayersWorlds.Maps.Grid, PlayersWorlds.Maps.Grid, 0))" fullname="PlayersWorlds.Maps.GridTest.Overlaps_ReturnsIfOverlaps((PlayersWorlds.Maps.Grid, PlayersWorlds.Maps.Grid, 0))" methodname="Overlaps_ReturnsIfOverlaps" classname="PlayersWorlds.Maps.GridTest" runstate="Runnable" seed="1868323027" result="Passed" start-time="2024-07-02T15:33:02.0033970Z" end-time="2024-07-02T15:33:02.0034120Z" duration="0.000016" asserts="1" />
              <test-case id="1-1114" name="Overlaps_ReturnsIfOverlaps((PlayersWorlds.Maps.Grid, PlayersWorlds.Maps.Grid, 0))" fullname="PlayersWorlds.Maps.GridTest.Overlaps_ReturnsIfOverlaps((PlayersWorlds.Maps.Grid, PlayersWorlds.Maps.Grid, 0))" methodname="Overlaps_ReturnsIfOverlaps" classname="PlayersWorlds.Maps.GridTest" runstate="Runnable" seed="1539725306" result="Passed" start-time="2024-07-02T15:33:02.0034170Z" end-time="2024-07-02T15:33:02.0034340Z" duration="0.000017" asserts="1" />
              <test-case id="1-1115" name="Overlaps_ReturnsIfOverlaps((PlayersWorlds.Maps.Grid, PlayersWorlds.Maps.Grid, 0))" fullname="PlayersWorlds.Maps.GridTest.Overlaps_ReturnsIfOverlaps((PlayersWorlds.Maps.Grid, PlayersWorlds.Maps.Grid, 0))" methodname="Overlaps_ReturnsIfOverlaps" classname="PlayersWorlds.Maps.GridTest" runstate="Runnable" seed="760012722" result="Passed" start-time="2024-07-02T15:33:02.0034380Z" end-time="2024-07-02T15:33:02.0034600Z" duration="0.000022" asserts="1" />
              <test-case id="1-1116" name="Overlaps_ReturnsIfOverlaps((PlayersWorlds.Maps.Grid, PlayersWorlds.Maps.Grid, 0))" fullname="PlayersWorlds.Maps.GridTest.Overlaps_ReturnsIfOverlaps((PlayersWorlds.Maps.Grid, PlayersWorlds.Maps.Grid, 0))" methodname="Overlaps_ReturnsIfOverlaps" classname="PlayersWorlds.Maps.GridTest" runstate="Runnable" seed="158902363" result="Passed" start-time="2024-07-02T15:33:02.0034640Z" end-time="2024-07-02T15:33:02.0034810Z" duration="0.000017" asserts="1" />
              <test-case id="1-1117" name="Overlaps_ReturnsIfOverlaps((PlayersWorlds.Maps.Grid, PlayersWorlds.Maps.Grid, 0))" fullname="PlayersWorlds.Maps.GridTest.Overlaps_ReturnsIfOverlaps((PlayersWorlds.Maps.Grid, PlayersWorlds.Maps.Grid, 0))" methodname="Overlaps_ReturnsIfOverlaps" classname="PlayersWorlds.Maps.GridTest" runstate="Runnable" seed="2144680218" result="Passed" start-time="2024-07-02T15:33:02.0034860Z" end-time="2024-07-02T15:33:02.0035020Z" duration="0.000016" asserts="1" />
              <test-case id="1-1118" name="Overlaps_ReturnsIfOverlaps((PlayersWorlds.Maps.Grid, PlayersWorlds.Maps.Grid, 0))" fullname="PlayersWorlds.Maps.GridTest.Overlaps_ReturnsIfOverlaps((PlayersWorlds.Maps.Grid, PlayersWorlds.Maps.Grid, 0))" methodname="Overlaps_ReturnsIfOverlaps" classname="PlayersWorlds.Maps.GridTest" runstate="Runnable" seed="1801941971" result="Passed" start-time="2024-07-02T15:33:02.0035060Z" end-time="2024-07-02T15:33:02.0035210Z" duration="0.000015" asserts="1" />
              <test-case id="1-1119" name="Overlaps_ReturnsIfOverlaps((PlayersWorlds.Maps.Grid, PlayersWorlds.Maps.Grid, 0))" fullname="PlayersWorlds.Maps.GridTest.Overlaps_ReturnsIfOverlaps((PlayersWorlds.Maps.Grid, PlayersWorlds.Maps.Grid, 0))" methodname="Overlaps_ReturnsIfOverlaps" classname="PlayersWorlds.Maps.GridTest" runstate="Runnable" seed="918512885" result="Passed" start-time="2024-07-02T15:33:02.0035250Z" end-time="2024-07-02T15:33:02.0035390Z" duration="0.000014" asserts="1" />
              <test-case id="1-1120" name="Overlaps_ReturnsIfOverlaps((PlayersWorlds.Maps.Grid, PlayersWorlds.Maps.Grid, 0))" fullname="PlayersWorlds.Maps.GridTest.Overlaps_ReturnsIfOverlaps((PlayersWorlds.Maps.Grid, PlayersWorlds.Maps.Grid, 0))" methodname="Overlaps_ReturnsIfOverlaps" classname="PlayersWorlds.Maps.GridTest" runstate="Runnable" seed="778570061" result="Passed" start-time="2024-07-02T15:33:02.0035430Z" end-time="2024-07-02T15:33:02.0035560Z" duration="0.000014" asserts="1" />
              <test-case id="1-1121" name="Overlaps_ReturnsIfOverlaps((PlayersWorlds.Maps.Grid, PlayersWorlds.Maps.Grid, 0))" fullname="PlayersWorlds.Maps.GridTest.Overlaps_ReturnsIfOverlaps((PlayersWorlds.Maps.Grid, PlayersWorlds.Maps.Grid, 0))" methodname="Overlaps_ReturnsIfOverlaps" classname="PlayersWorlds.Maps.GridTest" runstate="Runnable" seed="683229941" result="Passed" start-time="2024-07-02T15:33:02.0035600Z" end-time="2024-07-02T15:33:02.0035740Z" duration="0.000014" asserts="1" />
              <test-case id="1-1122" name="Overlaps_ReturnsIfOverlaps((PlayersWorlds.Maps.Grid, PlayersWorlds.Maps.Grid, 0))" fullname="PlayersWorlds.Maps.GridTest.Overlaps_ReturnsIfOverlaps((PlayersWorlds.Maps.Grid, PlayersWorlds.Maps.Grid, 0))" methodname="Overlaps_ReturnsIfOverlaps" classname="PlayersWorlds.Maps.GridTest" runstate="Runnable" seed="1569766429" result="Passed" start-time="2024-07-02T15:33:02.0035780Z" end-time="2024-07-02T15:33:02.0035910Z" duration="0.000014" asserts="1" />
              <test-case id="1-1123" name="Overlaps_ReturnsIfOverlaps((PlayersWorlds.Maps.Grid, PlayersWorlds.Maps.Grid, 0))" fullname="PlayersWorlds.Maps.GridTest.Overlaps_ReturnsIfOverlaps((PlayersWorlds.Maps.Grid, PlayersWorlds.Maps.Grid, 0))" methodname="Overlaps_ReturnsIfOverlaps" classname="PlayersWorlds.Maps.GridTest" runstate="Runnable" seed="101997126" result="Passed" start-time="2024-07-02T15:33:02.0035960Z" end-time="2024-07-02T15:33:02.0036100Z" duration="0.000014" asserts="1" />
              <test-case id="1-1124" name="Overlaps_ReturnsIfOverlaps((PlayersWorlds.Maps.Grid, PlayersWorlds.Maps.Grid, 0))" fullname="PlayersWorlds.Maps.GridTest.Overlaps_ReturnsIfOverlaps((PlayersWorlds.Maps.Grid, PlayersWorlds.Maps.Grid, 0))" methodname="Overlaps_ReturnsIfOverlaps" classname="PlayersWorlds.Maps.GridTest" runstate="Runnable" seed="1969459800" result="Passed" start-time="2024-07-02T15:33:02.0036140Z" end-time="2024-07-02T15:33:02.0036280Z" duration="0.000014" asserts="1" />
              <test-case id="1-1125" name="Overlaps_ReturnsIfOverlaps((PlayersWorlds.Maps.Grid, PlayersWorlds.Maps.Grid, 0))" fullname="PlayersWorlds.Maps.GridTest.Overlaps_ReturnsIfOverlaps((PlayersWorlds.Maps.Grid, PlayersWorlds.Maps.Grid, 0))" methodname="Overlaps_ReturnsIfOverlaps" classname="PlayersWorlds.Maps.GridTest" runstate="Runnable" seed="1943785022" result="Passed" start-time="2024-07-02T15:33:02.0036320Z" end-time="2024-07-02T15:33:02.0036490Z" duration="0.000016" asserts="1" />
              <test-case id="1-1126" name="Overlaps_ReturnsIfOverlaps((PlayersWorlds.Maps.Grid, PlayersWorlds.Maps.Grid, 0))" fullname="PlayersWorlds.Maps.GridTest.Overlaps_ReturnsIfOverlaps((PlayersWorlds.Maps.Grid, PlayersWorlds.Maps.Grid, 0))" methodname="Overlaps_ReturnsIfOverlaps" classname="PlayersWorlds.Maps.GridTest" runstate="Runnable" seed="1286993189" result="Passed" start-time="2024-07-02T15:33:02.0036530Z" end-time="2024-07-02T15:33:02.0036680Z" duration="0.000015" asserts="1" />
            </test-suite>
            <test-case id="1-1081" name="Overlaps_ThrowsIfSame" fullname="PlayersWorlds.Maps.GridTest.Overlaps_ThrowsIfSame" methodname="Overlaps_ThrowsIfSame" classname="PlayersWorlds.Maps.GridTest" runstate="Runnable" seed="2042734821" result="Passed" start-time="2024-07-02T15:33:02.0036820Z" end-time="2024-07-02T15:33:02.0041320Z" duration="0.000450" asserts="2" />
            <test-case id="1-1073" name="Region_FourCellsFar" fullname="PlayersWorlds.Maps.GridTest.Region_FourCellsFar" methodname="Region_FourCellsFar" classname="PlayersWorlds.Maps.GridTest" runstate="Runnable" seed="37819592" result="Passed" start-time="2024-07-02T15:33:02.0041390Z" end-time="2024-07-02T15:33:02.0049210Z" duration="0.000781" asserts="5" />
            <test-case id="1-1064" name="Region_HandlesOutOfBounds" fullname="PlayersWorlds.Maps.GridTest.Region_HandlesOutOfBounds" methodname="Region_HandlesOutOfBounds" classname="PlayersWorlds.Maps.GridTest" runstate="Runnable" seed="1785981283" result="Passed" start-time="2024-07-02T15:33:02.0049290Z" end-time="2024-07-02T15:33:02.0060050Z" duration="0.001076" asserts="4" />
            <test-case id="1-1070" name="Region_OneCell" fullname="PlayersWorlds.Maps.GridTest.Region_OneCell" methodname="Region_OneCell" classname="PlayersWorlds.Maps.GridTest" runstate="Runnable" seed="1604561024" result="Passed" start-time="2024-07-02T15:33:02.0060130Z" end-time="2024-07-02T15:33:02.0064430Z" duration="0.000430" asserts="2" />
            <test-case id="1-1074" name="Region_OutOfBounds" fullname="PlayersWorlds.Maps.GridTest.Region_OutOfBounds" methodname="Region_OutOfBounds" classname="PlayersWorlds.Maps.GridTest" runstate="Runnable" seed="689646915" result="Passed" start-time="2024-07-02T15:33:02.0064510Z" end-time="2024-07-02T15:33:02.0068350Z" duration="0.000384" asserts="4" />
            <test-case id="1-1063" name="Region_ReturnsCorrectCells" fullname="PlayersWorlds.Maps.GridTest.Region_ReturnsCorrectCells" methodname="Region_ReturnsCorrectCells" classname="PlayersWorlds.Maps.GridTest" runstate="Runnable" seed="1661029110" result="Passed" start-time="2024-07-02T15:33:02.0068430Z" end-time="2024-07-02T15:33:02.0069720Z" duration="0.000129" asserts="1" />
            <test-case id="1-1066" name="Region_ThrowsOnInvalidDimensions" fullname="PlayersWorlds.Maps.GridTest.Region_ThrowsOnInvalidDimensions" methodname="Region_ThrowsOnInvalidDimensions" classname="PlayersWorlds.Maps.GridTest" runstate="Runnable" seed="865893705" result="Passed" start-time="2024-07-02T15:33:02.0069800Z" end-time="2024-07-02T15:33:02.0075160Z" duration="0.000536" asserts="3" />
            <test-case id="1-1072" name="Region_TreeByTwo" fullname="PlayersWorlds.Maps.GridTest.Region_TreeByTwo" methodname="Region_TreeByTwo" classname="PlayersWorlds.Maps.GridTest" runstate="Runnable" seed="1513564282" result="Passed" start-time="2024-07-02T15:33:02.0075240Z" end-time="2024-07-02T15:33:02.0079280Z" duration="0.000404" asserts="7" />
            <test-case id="1-1071" name="Region_TwoCells" fullname="PlayersWorlds.Maps.GridTest.Region_TwoCells" methodname="Region_TwoCells" classname="PlayersWorlds.Maps.GridTest" runstate="Runnable" seed="1880495371" result="Passed" start-time="2024-07-02T15:33:02.0079350Z" end-time="2024-07-02T15:33:02.0082010Z" duration="0.000266" asserts="3" />
            <test-case id="1-1059" name="Reposition" fullname="PlayersWorlds.Maps.GridTest.Reposition" methodname="Reposition" classname="PlayersWorlds.Maps.GridTest" runstate="Runnable" seed="1945047137" result="Passed" start-time="2024-07-02T15:33:02.0082090Z" end-time="2024-07-02T15:33:02.0084090Z" duration="0.000200" asserts="1" />
            <test-case id="1-1060" name="Reposition_ThrowsOnInvalidDimensions" fullname="PlayersWorlds.Maps.GridTest.Reposition_ThrowsOnInvalidDimensions" methodname="Reposition_ThrowsOnInvalidDimensions" classname="PlayersWorlds.Maps.GridTest" runstate="Runnable" seed="1679062914" result="Passed" start-time="2024-07-02T15:33:02.0084160Z" end-time="2024-07-02T15:33:02.0085590Z" duration="0.000144" asserts="1" />
            <test-case id="1-1076" name="SafeRegion_AnyCellAt2x2" fullname="PlayersWorlds.Maps.GridTest.SafeRegion_AnyCellAt2x2" methodname="SafeRegion_AnyCellAt2x2" classname="PlayersWorlds.Maps.GridTest" runstate="Runnable" seed="953984722" result="Passed" start-time="2024-07-02T15:33:02.0085660Z" end-time="2024-07-02T15:33:02.0088860Z" duration="0.000320" asserts="5" />
            <test-case id="1-1079" name="SafeRegion_AnyCellAtCloseEdge2x2" fullname="PlayersWorlds.Maps.GridTest.SafeRegion_AnyCellAtCloseEdge2x2" methodname="SafeRegion_AnyCellAtCloseEdge2x2" classname="PlayersWorlds.Maps.GridTest" runstate="Runnable" seed="1149288761" result="Passed" start-time="2024-07-02T15:33:02.0088940Z" end-time="2024-07-02T15:33:02.0091120Z" duration="0.000219" asserts="5" />
            <test-case id="1-1077" name="SafeRegion_AnyCellAtEdge1x1" fullname="PlayersWorlds.Maps.GridTest.SafeRegion_AnyCellAtEdge1x1" methodname="SafeRegion_AnyCellAtEdge1x1" classname="PlayersWorlds.Maps.GridTest" runstate="Runnable" seed="545606031" result="Passed" start-time="2024-07-02T15:33:02.0091200Z" end-time="2024-07-02T15:33:02.0092600Z" duration="0.000141" asserts="2" />
            <test-case id="1-1078" name="SafeRegion_AnyCellAtFarEdge2x2" fullname="PlayersWorlds.Maps.GridTest.SafeRegion_AnyCellAtFarEdge2x2" methodname="SafeRegion_AnyCellAtFarEdge2x2" classname="PlayersWorlds.Maps.GridTest" runstate="Runnable" seed="1790801944" result="Passed" start-time="2024-07-02T15:33:02.0092670Z" end-time="2024-07-02T15:33:02.0094070Z" duration="0.000139" asserts="2" />
            <test-case id="1-1075" name="SafeRegion_AnyCellAtP1x1" fullname="PlayersWorlds.Maps.GridTest.SafeRegion_AnyCellAtP1x1" methodname="SafeRegion_AnyCellAtP1x1" classname="PlayersWorlds.Maps.GridTest" runstate="Runnable" seed="1698210003" result="Passed" start-time="2024-07-02T15:33:02.0094280Z" end-time="2024-07-02T15:33:02.0095720Z" duration="0.000143" asserts="2" />
            <test-case id="1-1080" name="SafeRegion_Empty" fullname="PlayersWorlds.Maps.GridTest.SafeRegion_Empty" methodname="SafeRegion_Empty" classname="PlayersWorlds.Maps.GridTest" runstate="Runnable" seed="813677427" result="Passed" start-time="2024-07-02T15:33:02.0095800Z" end-time="2024-07-02T15:33:02.0103730Z" duration="0.000793" asserts="1" />
            <test-case id="1-1067" name="SafeRegion_HandlesOverlap" fullname="PlayersWorlds.Maps.GridTest.SafeRegion_HandlesOverlap" methodname="SafeRegion_HandlesOverlap" classname="PlayersWorlds.Maps.GridTest" runstate="Runnable" seed="361093926" result="Passed" start-time="2024-07-02T15:33:02.0103810Z" end-time="2024-07-02T15:33:02.0105110Z" duration="0.000130" asserts="1" />
            <test-case id="1-1065" name="SafeRegion_ThrowsOnInvalidDimensions" fullname="PlayersWorlds.Maps.GridTest.SafeRegion_ThrowsOnInvalidDimensions" methodname="SafeRegion_ThrowsOnInvalidDimensions" classname="PlayersWorlds.Maps.GridTest" runstate="Runnable" seed="795119533" result="Passed" start-time="2024-07-02T15:33:02.0105180Z" end-time="2024-07-02T15:33:02.0109500Z" duration="0.000432" asserts="3" />
          </test-suite>
        </test-suite>
      </test-suite>
    </test-suite>
  </test-suite>
</test-run>