<?xml version="1.0" encoding="utf-8" standalone="no"?>
<test-run id="0" runstate="Runnable" testcasecount="1015" result="Skipped" label="Ignored" total="808" passed="562" failed="0" warnings="0" inconclusive="0" skipped="246" asserts="9535" engine-version="3.17.0.0" clr-version="4.0.30319.42000" start-time="2024-03-12 00:48:40Z" end-time="2024-03-12 00:50:18Z" duration="98.006547">
  <command-line><![CDATA[/home/data/repos/github.com/aynurin/maze-gen/packages/NUnit.ConsoleRunner.3.17.0/tools/nunit3-console.exe build/Debug/tests/PlayersWorlds.Maps.Tests.dll --framework=mono-4.0 --where=Category=Integration --testparam=DEBUG=1]]></command-line>
  <filter>
    <prop name="Category">Integration</prop>
  </filter>
  <test-suite type="Assembly" id="1-2062" name="PlayersWorlds.Maps.Tests.dll" fullname="/home/data/repos/github.com/aynurin/maze-gen/build/Debug/tests/PlayersWorlds.Maps.Tests.dll" runstate="Runnable" testcasecount="1015" result="Skipped" label="Ignored" site="Child" start-time="2024-03-12T00:48:41.3142880Z" end-time="2024-03-12T00:50:18.8095630Z" duration="97.495219" total="808" passed="562" failed="0" warnings="0" inconclusive="0" skipped="246" asserts="9535">
    <environment framework-version="4.0.1.0" clr-version="4.0.30319.42000" os-version="Unix 6.1.71.1" platform="Unix" cwd="/home/data/repos/github.com/aynurin/maze-gen" machine-name="lightview" user="shav" user-domain="lightview" culture="en-US" uiculture="en-US" os-architecture="x64" />
    <settings>
      <setting name="RequestedRuntimeFramework" value="mono-4.0" />
      <setting name="DisposeRunners" value="True" />
      <setting name="WorkDirectory" value="/home/data/repos/github.com/aynurin/maze-gen" />
      <setting name="TestParametersDictionary" value="[DEBUG, 1]">
        <item key="DEBUG" value="1" />
      </setting>
      <setting name="TestParameters" value="DEBUG=1" />
      <setting name="ImageRuntimeVersion" value="4.0.30319" />
      <setting name="ImageTargetFrameworkName" value=".NETFramework,Version=v4.7" />
      <setting name="ImageRequiresX86" value="False" />
      <setting name="ImageRequiresDefaultAppDomainAssemblyResolver" value="False" />
      <setting name="TargetRuntimeFramework" value="mono-4.0" />
      <setting name="NumberOfTestWorkers" value="24" />
    </settings>
    <properties>
      <property name="_PID" value="568111" />
      <property name="_APPDOMAIN" value="domain-" />
    </properties>
    <reason>
      <message><![CDATA[One or more child tests were ignored]]></message>
    </reason>
    <test-suite type="SetUpFixture" id="1-1003" name="[default namespace]" fullname="TestsSetup" classname="TestsSetup" runstate="Runnable" testcasecount="1015" result="Skipped" label="Ignored" site="Child" start-time="2024-03-12T00:48:41.3189750Z" end-time="2024-03-12T00:50:18.8095540Z" duration="97.490579" total="808" passed="562" failed="0" warnings="0" inconclusive="0" skipped="246" asserts="9535">
      <reason>
        <message><![CDATA[One or more child tests were ignored]]></message>
      </reason>
      <output><![CDATA[[3/11/2024 5:48:41 PM] [TestsSetup-0] Running tests with seed 321
]]></output>
      <test-suite type="TestSuite" id="1-2063" name="PlayersWorlds" fullname="PlayersWorlds" runstate="Runnable" testcasecount="1013" result="Skipped" label="Ignored" site="Child" start-time="2024-03-12T00:48:41.3604730Z" end-time="2024-03-12T00:50:18.8011080Z" duration="97.440635" total="806" passed="560" failed="0" warnings="0" inconclusive="0" skipped="246" asserts="6493">
        <reason>
          <message><![CDATA[One or more child tests were ignored]]></message>
        </reason>
        <test-suite type="TestSuite" id="1-2064" name="Maps" fullname="PlayersWorlds.Maps" runstate="Runnable" testcasecount="1013" result="Skipped" label="Ignored" site="Child" start-time="2024-03-12T00:48:41.3605180Z" end-time="2024-03-12T00:50:18.8011050Z" duration="97.440586" total="806" passed="560" failed="0" warnings="0" inconclusive="0" skipped="246" asserts="6493">
          <reason>
            <message><![CDATA[One or more child tests were ignored]]></message>
          </reason>
          <test-suite type="TestSuite" id="1-2069" name="Areas" fullname="PlayersWorlds.Maps.Areas" runstate="Runnable" testcasecount="138" result="Passed" start-time="2024-03-12T00:48:41.3605580Z" end-time="2024-03-12T00:48:45.6878340Z" duration="4.327277" total="94" passed="94" failed="0" warnings="0" inconclusive="0" skipped="0" asserts="188">
            <test-suite type="TestSuite" id="1-2070" name="Evolving" fullname="PlayersWorlds.Maps.Areas.Evolving" runstate="Runnable" testcasecount="133" result="Passed" start-time="2024-03-12T00:48:41.3605630Z" end-time="2024-03-12T00:48:45.6878290Z" duration="4.327267" total="94" passed="94" failed="0" warnings="0" inconclusive="0" skipped="0" asserts="188">
              <test-suite type="TestFixture" id="1-1919" name="AreaDistributorTest" fullname="PlayersWorlds.Maps.Areas.Evolving.AreaDistributorTest" classname="PlayersWorlds.Maps.Areas.Evolving.AreaDistributorTest" runstate="Runnable" testcasecount="78" result="Passed" start-time="2024-03-12T00:48:41.3605810Z" end-time="2024-03-12T00:48:45.6817130Z" duration="4.321132" total="78" passed="78" failed="0" warnings="0" inconclusive="0" skipped="0" asserts="156">
                <test-suite type="ParameterizedMethod" id="1-2001" name="AreaDistributorTest_CanLayout" fullname="PlayersWorlds.Maps.Areas.Evolving.AreaDistributorTest.AreaDistributorTest_CanLayout" classname="PlayersWorlds.Maps.Areas.Evolving.AreaDistributorTest" runstate="Runnable" testcasecount="55" result="Passed" start-time="2024-03-12T00:48:41.3607150Z" end-time="2024-03-12T00:48:45.5958380Z" duration="4.235123" total="55" passed="55" failed="0" warnings="0" inconclusive="0" skipped="0" asserts="110">
                  <properties>
                    <property name="Category" value="Integration" />
                    <property name="Category" value="Smoke" />
                  </properties>
                  <test-case id="1-1946" name="AreaDistributorTest_CanLayout(&quot;13x8: P9x6;S3x1 P1x4;S2x1&quot;)" fullname="PlayersWorlds.Maps.Areas.Evolving.AreaDistributorTest.AreaDistributorTest_CanLayout(&quot;13x8: P9x6;S3x1 P1x4;S2x1&quot;)" methodname="AreaDistributorTest_CanLayout" classname="PlayersWorlds.Maps.Areas.Evolving.AreaDistributorTest" runstate="Runnable" seed="1781596597" result="Passed" start-time="2024-03-12T00:48:41.3607810Z" end-time="2024-03-12T00:48:41.4009610Z" duration="0.040247" asserts="2" />
                  <test-case id="1-1947" name="AreaDistributorTest_CanLayout(&quot;20x20: P14x14;S5x3 P-2x14;S1x4 P7x-3;S2x4 P2x4;S1x3&quot;)" fullname="PlayersWorlds.Maps.Areas.Evolving.AreaDistributorTest.AreaDistributorTest_CanLayout(&quot;20x20: P14x14;S5x3 P-2x14;S1x4 P7x-3;S2x4 P2x4;S1x3&quot;)" methodname="AreaDistributorTest_CanLayout" classname="PlayersWorlds.Maps.Areas.Evolving.AreaDistributorTest" runstate="Runnable" seed="702655996" result="Passed" start-time="2024-03-12T00:48:41.4022200Z" end-time="2024-03-12T00:48:41.4143380Z" duration="0.012118" asserts="2" />
                  <test-case id="1-1948" name="AreaDistributorTest_CanLayout(&quot;6x14: P0x10;S1x3&quot;)" fullname="PlayersWorlds.Maps.Areas.Evolving.AreaDistributorTest.AreaDistributorTest_CanLayout(&quot;6x14: P0x10;S1x3&quot;)" methodname="AreaDistributorTest_CanLayout" classname="PlayersWorlds.Maps.Areas.Evolving.AreaDistributorTest" runstate="Runnable" seed="562180390" result="Passed" start-time="2024-03-12T00:48:41.4143460Z" end-time="2024-03-12T00:48:41.4156630Z" duration="0.001317" asserts="2" />
                  <test-case id="1-1949" name="AreaDistributorTest_CanLayout(&quot;23x22: P11x10;S6x2 P-1x14;S5x1 P5x-3;S5x3 P11x22;S2x1&quot;)" fullname="PlayersWorlds.Maps.Areas.Evolving.AreaDistributorTest.AreaDistributorTest_CanLayout(&quot;23x22: P11x10;S6x2 P-1x14;S5x1 P5x-3;S5x3 P11x22;S2x1&quot;)" methodname="AreaDistributorTest_CanLayout" classname="PlayersWorlds.Maps.Areas.Evolving.AreaDistributorTest" runstate="Runnable" seed="2084418335" result="Passed" start-time="2024-03-12T00:48:41.4156690Z" end-time="2024-03-12T00:48:41.4273800Z" duration="0.011711" asserts="2" />
                  <test-case id="1-1950" name="AreaDistributorTest_CanLayout(&quot;18x23: P-3x-8;S5x5 P30x8;S3x6 P9x3;S4x4 P12x15;S1x3&quot;)" fullname="PlayersWorlds.Maps.Areas.Evolving.AreaDistributorTest.AreaDistributorTest_CanLayout(&quot;18x23: P-3x-8;S5x5 P30x8;S3x6 P9x3;S4x4 P12x15;S1x3&quot;)" methodname="AreaDistributorTest_CanLayout" classname="PlayersWorlds.Maps.Areas.Evolving.AreaDistributorTest" runstate="Runnable" seed="596268834" result="Passed" start-time="2024-03-12T00:48:41.4273900Z" end-time="2024-03-12T00:48:41.4437050Z" duration="0.016315" asserts="2" />
                  <test-case id="1-1951" name="AreaDistributorTest_CanLayout(&quot;23x8: P4x7;S4x1 P2x-1;S1x1&quot;)" fullname="PlayersWorlds.Maps.Areas.Evolving.AreaDistributorTest.AreaDistributorTest_CanLayout(&quot;23x8: P4x7;S4x1 P2x-1;S1x1&quot;)" methodname="AreaDistributorTest_CanLayout" classname="PlayersWorlds.Maps.Areas.Evolving.AreaDistributorTest" runstate="Runnable" seed="327426359" result="Passed" start-time="2024-03-12T00:48:41.4437150Z" end-time="2024-03-12T00:48:41.4472480Z" duration="0.003533" asserts="2" />
                  <test-case id="1-1952" name="AreaDistributorTest_CanLayout(&quot;21x13: P8x-3;S6x3 P8x4;S6x3 P7x2;S4x2&quot;)" fullname="PlayersWorlds.Maps.Areas.Evolving.AreaDistributorTest.AreaDistributorTest_CanLayout(&quot;21x13: P8x-3;S6x3 P8x4;S6x3 P7x2;S4x2&quot;)" methodname="AreaDistributorTest_CanLayout" classname="PlayersWorlds.Maps.Areas.Evolving.AreaDistributorTest" runstate="Runnable" seed="201647103" result="Passed" start-time="2024-03-12T00:48:41.4472580Z" end-time="2024-03-12T00:48:41.4561810Z" duration="0.008924" asserts="2" />
                  <test-case id="1-1953" name="AreaDistributorTest_CanLayout(&quot;16x14: P2x13;S3x1 P11x-1;S4x3&quot;)" fullname="PlayersWorlds.Maps.Areas.Evolving.AreaDistributorTest.AreaDistributorTest_CanLayout(&quot;16x14: P2x13;S3x1 P11x-1;S4x3&quot;)" methodname="AreaDistributorTest_CanLayout" classname="PlayersWorlds.Maps.Areas.Evolving.AreaDistributorTest" runstate="Runnable" seed="371365777" result="Passed" start-time="2024-03-12T00:48:41.4561910Z" end-time="2024-03-12T00:48:41.4593780Z" duration="0.003187" asserts="2" />
                  <test-case id="1-1954" name="AreaDistributorTest_CanLayout(&quot;24x12: P12x7;S2x1 P14x-1;S5x2 P16x11;S1x1&quot;)" fullname="PlayersWorlds.Maps.Areas.Evolving.AreaDistributorTest.AreaDistributorTest_CanLayout(&quot;24x12: P12x7;S2x1 P14x-1;S5x2 P16x11;S1x1&quot;)" methodname="AreaDistributorTest_CanLayout" classname="PlayersWorlds.Maps.Areas.Evolving.AreaDistributorTest" runstate="Runnable" seed="1856423160" result="Passed" start-time="2024-03-12T00:48:41.4593880Z" end-time="2024-03-12T00:48:41.4687100Z" duration="0.009322" asserts="2" />
                  <test-case id="1-1955" name="AreaDistributorTest_CanLayout(&quot;9x18: P2x10;S2x2 P2x8;S2x5&quot;)" fullname="PlayersWorlds.Maps.Areas.Evolving.AreaDistributorTest.AreaDistributorTest_CanLayout(&quot;9x18: P2x10;S2x2 P2x8;S2x5&quot;)" methodname="AreaDistributorTest_CanLayout" classname="PlayersWorlds.Maps.Areas.Evolving.AreaDistributorTest" runstate="Runnable" seed="1576905074" result="Passed" start-time="2024-03-12T00:48:41.4687190Z" end-time="2024-03-12T00:48:41.4711390Z" duration="0.002420" asserts="2" />
                  <test-case id="1-1956" name="AreaDistributorTest_CanLayout(&quot;9x18: P2x8;S2x5 P2x10;S2x2&quot;)" fullname="PlayersWorlds.Maps.Areas.Evolving.AreaDistributorTest.AreaDistributorTest_CanLayout(&quot;9x18: P2x8;S2x5 P2x10;S2x2&quot;)" methodname="AreaDistributorTest_CanLayout" classname="PlayersWorlds.Maps.Areas.Evolving.AreaDistributorTest" runstate="Runnable" seed="2113062950" result="Passed" start-time="2024-03-12T00:48:41.4711490Z" end-time="2024-03-12T00:48:41.4733040Z" duration="0.002155" asserts="2" />
                  <test-case id="1-1957" name="AreaDistributorTest_CanLayout(&quot;21x21: P-3x-3;S6x6 P6x10;S4x2 P9x16;S2x2 P3x14;S4x2&quot;)" fullname="PlayersWorlds.Maps.Areas.Evolving.AreaDistributorTest.AreaDistributorTest_CanLayout(&quot;21x21: P-3x-3;S6x6 P6x10;S4x2 P9x16;S2x2 P3x14;S4x2&quot;)" methodname="AreaDistributorTest_CanLayout" classname="PlayersWorlds.Maps.Areas.Evolving.AreaDistributorTest" runstate="Runnable" seed="1991832365" result="Passed" start-time="2024-03-12T00:48:41.4733130Z" end-time="2024-03-12T00:48:41.4895820Z" duration="0.016269" asserts="2" />
                  <test-case id="1-1958" name="AreaDistributorTest_CanLayout(&quot;14x24: P-9x5;S2x7 P26x5;S1x7 P3x11;S3x7 P5x19;S3x2 P3x6;S2x5 P2x19;S2x2&quot;)" fullname="PlayersWorlds.Maps.Areas.Evolving.AreaDistributorTest.AreaDistributorTest_CanLayout(&quot;14x24: P-9x5;S2x7 P26x5;S1x7 P3x11;S3x7 P5x19;S3x2 P3x6;S2x5 P2x19;S2x2&quot;)" methodname="AreaDistributorTest_CanLayout" classname="PlayersWorlds.Maps.Areas.Evolving.AreaDistributorTest" runstate="Runnable" seed="1413720296" result="Passed" start-time="2024-03-12T00:48:41.4895920Z" end-time="2024-03-12T00:48:41.5431590Z" duration="0.053567" asserts="2" />
                  <test-case id="1-1959" name="AreaDistributorTest_CanLayout(&quot;33x10: P13x11;S10x1 P13x-1;S10x1 P19x3;S8x1 P4x6;S9x1 P9x3;S9x2 P2x3;S3x2&quot;)" fullname="PlayersWorlds.Maps.Areas.Evolving.AreaDistributorTest.AreaDistributorTest_CanLayout(&quot;33x10: P13x11;S10x1 P13x-1;S10x1 P19x3;S8x1 P4x6;S9x1 P9x3;S9x2 P2x3;S3x2&quot;)" methodname="AreaDistributorTest_CanLayout" classname="PlayersWorlds.Maps.Areas.Evolving.AreaDistributorTest" runstate="Runnable" seed="1115889003" result="Passed" start-time="2024-03-12T00:48:41.5431690Z" end-time="2024-03-12T00:48:41.6239990Z" duration="0.080830" asserts="2" />
                  <test-case id="1-1960" name="AreaDistributorTest_CanLayout(&quot;6x49: P-1x5;S1x11 P5x17;S1x11 P2x23;S1x9 P2x14;S1x13 P0x12;S1x9&quot;)" fullname="PlayersWorlds.Maps.Areas.Evolving.AreaDistributorTest.AreaDistributorTest_CanLayout(&quot;6x49: P-1x5;S1x11 P5x17;S1x11 P2x23;S1x9 P2x14;S1x13 P0x12;S1x9&quot;)" methodname="AreaDistributorTest_CanLayout" classname="PlayersWorlds.Maps.Areas.Evolving.AreaDistributorTest" runstate="Runnable" seed="113815930" result="Passed" start-time="2024-03-12T00:48:41.6240190Z" end-time="2024-03-12T00:48:41.7137900Z" duration="0.089770" asserts="2" />
                  <test-case id="1-1961" name="AreaDistributorTest_CanLayout(&quot;35x5: P5x-1;S10x1 P23x4;S8x1 P4x2;S3x1 P12x2;S2x1&quot;)" fullname="PlayersWorlds.Maps.Areas.Evolving.AreaDistributorTest.AreaDistributorTest_CanLayout(&quot;35x5: P5x-1;S10x1 P23x4;S8x1 P4x2;S3x1 P12x2;S2x1&quot;)" methodname="AreaDistributorTest_CanLayout" classname="PlayersWorlds.Maps.Areas.Evolving.AreaDistributorTest" runstate="Runnable" seed="944114788" result="Passed" start-time="2024-03-12T00:48:41.7138910Z" end-time="2024-03-12T00:48:41.7455170Z" duration="0.031627" asserts="2" />
                  <test-case id="1-1962" name="AreaDistributorTest_CanLayout(&quot;42x5: P4x5;S10x1 P30x1;S3x1 P10x1;S3x1 P2x2;S1x1&quot;)" fullname="PlayersWorlds.Maps.Areas.Evolving.AreaDistributorTest.AreaDistributorTest_CanLayout(&quot;42x5: P4x5;S10x1 P30x1;S3x1 P10x1;S3x1 P2x2;S1x1&quot;)" methodname="AreaDistributorTest_CanLayout" classname="PlayersWorlds.Maps.Areas.Evolving.AreaDistributorTest" runstate="Runnable" seed="887196474" result="Passed" start-time="2024-03-12T00:48:41.7455320Z" end-time="2024-03-12T00:48:41.7847000Z" duration="0.039168" asserts="2" />
                  <test-case id="1-1963" name="AreaDistributorTest_CanLayout(&quot;39x5: P14x5;S10x1 P5x-1;S9x1 P2x2;S1x1 P10x4;S8x1&quot;)" fullname="PlayersWorlds.Maps.Areas.Evolving.AreaDistributorTest.AreaDistributorTest_CanLayout(&quot;39x5: P14x5;S10x1 P5x-1;S9x1 P2x2;S1x1 P10x4;S8x1&quot;)" methodname="AreaDistributorTest_CanLayout" classname="PlayersWorlds.Maps.Areas.Evolving.AreaDistributorTest" runstate="Runnable" seed="1902299679" result="Passed" start-time="2024-03-12T00:48:41.7847190Z" end-time="2024-03-12T00:48:41.8246960Z" duration="0.039977" asserts="2" />
                  <test-case id="1-1964" name="AreaDistributorTest_CanLayout(&quot;6x47: P6x12;S1x12 P3x13;S1x5 P3x18;S1x4 P3x38;S1x6 P2x2;S1x2&quot;)" fullname="PlayersWorlds.Maps.Areas.Evolving.AreaDistributorTest.AreaDistributorTest_CanLayout(&quot;6x47: P6x12;S1x12 P3x13;S1x5 P3x18;S1x4 P3x38;S1x6 P2x2;S1x2&quot;)" methodname="AreaDistributorTest_CanLayout" classname="PlayersWorlds.Maps.Areas.Evolving.AreaDistributorTest" runstate="Runnable" seed="1921562797" result="Passed" start-time="2024-03-12T00:48:41.8247070Z" end-time="2024-03-12T00:48:41.8753960Z" duration="0.050689" asserts="2" />
                  <test-case id="1-1965" name="AreaDistributorTest_CanLayout(&quot;6x47: P-1x28;S1x11 P6x11;S1x11 P6x6;S1x11 P-1x6;S1x11 P1x35;S1x5&quot;)" fullname="PlayersWorlds.Maps.Areas.Evolving.AreaDistributorTest.AreaDistributorTest_CanLayout(&quot;6x47: P-1x28;S1x11 P6x11;S1x11 P6x6;S1x11 P-1x6;S1x11 P1x35;S1x5&quot;)" methodname="AreaDistributorTest_CanLayout" classname="PlayersWorlds.Maps.Areas.Evolving.AreaDistributorTest" runstate="Runnable" seed="457508095" result="Passed" start-time="2024-03-12T00:48:41.8754070Z" end-time="2024-03-12T00:48:41.9340810Z" duration="0.058674" asserts="2" />
                  <test-case id="1-1966" name="AreaDistributorTest_CanLayout(&quot;6x47: P7x10;S1x14 P2x41;S1x3 P3x4;S1x3 P3x10;S1x4 P0x25;S1x9&quot;)" fullname="PlayersWorlds.Maps.Areas.Evolving.AreaDistributorTest.AreaDistributorTest_CanLayout(&quot;6x47: P7x10;S1x14 P2x41;S1x3 P3x4;S1x3 P3x10;S1x4 P0x25;S1x9&quot;)" methodname="AreaDistributorTest_CanLayout" classname="PlayersWorlds.Maps.Areas.Evolving.AreaDistributorTest" runstate="Runnable" seed="647210621" result="Passed" start-time="2024-03-12T00:48:41.9340930Z" end-time="2024-03-12T00:48:41.9721860Z" duration="0.038094" asserts="2" />
                  <test-case id="1-1967" name="AreaDistributorTest_CanLayout(&quot;5x45: P-1x5;S1x10 P-2x21;S1x12 P7x17;S1x14 P2x40;S1x1 P1x29;S1x4&quot;)" fullname="PlayersWorlds.Maps.Areas.Evolving.AreaDistributorTest.AreaDistributorTest_CanLayout(&quot;5x45: P-1x5;S1x10 P-2x21;S1x12 P7x17;S1x14 P2x40;S1x1 P1x29;S1x4&quot;)" methodname="AreaDistributorTest_CanLayout" classname="PlayersWorlds.Maps.Areas.Evolving.AreaDistributorTest" runstate="Runnable" seed="1820437467" result="Passed" start-time="2024-03-12T00:48:41.9721960Z" end-time="2024-03-12T00:48:42.0104170Z" duration="0.038221" asserts="2" />
                  <test-case id="1-1968" name="AreaDistributorTest_CanLayout(&quot;46x5: P4x-1;S10x1 P29x0;S7x1 P29x2;S2x1 P32x2;S10x1 P17x0;S5x1&quot;)" fullname="PlayersWorlds.Maps.Areas.Evolving.AreaDistributorTest.AreaDistributorTest_CanLayout(&quot;46x5: P4x-1;S10x1 P29x0;S7x1 P29x2;S2x1 P32x2;S10x1 P17x0;S5x1&quot;)" methodname="AreaDistributorTest_CanLayout" classname="PlayersWorlds.Maps.Areas.Evolving.AreaDistributorTest" runstate="Runnable" seed="917639492" result="Passed" start-time="2024-03-12T00:48:42.0104270Z" end-time="2024-03-12T00:48:42.0533810Z" duration="0.042954" asserts="2" />
                  <test-case id="1-1969" name="AreaDistributorTest_CanLayout(&quot;6x48: P-2x28;S1x14 P6x6;S1x12 P3x22;S1x2 P1x14;S1x7 P2x23;S1x12&quot;)" fullname="PlayersWorlds.Maps.Areas.Evolving.AreaDistributorTest.AreaDistributorTest_CanLayout(&quot;6x48: P-2x28;S1x14 P6x6;S1x12 P3x22;S1x2 P1x14;S1x7 P2x23;S1x12&quot;)" methodname="AreaDistributorTest_CanLayout" classname="PlayersWorlds.Maps.Areas.Evolving.AreaDistributorTest" runstate="Runnable" seed="893375483" result="Passed" start-time="2024-03-12T00:48:42.0533910Z" end-time="2024-03-12T00:48:42.0859220Z" duration="0.032530" asserts="2" />
                  <test-case id="1-1970" name="AreaDistributorTest_CanLayout(&quot;47x5: P30x-3;S13x1 P24x-2;S11x1 P17x7;S14x1 P27x2;S2x1 P4x1;S4x1&quot;)" fullname="PlayersWorlds.Maps.Areas.Evolving.AreaDistributorTest.AreaDistributorTest_CanLayout(&quot;47x5: P30x-3;S13x1 P24x-2;S11x1 P17x7;S14x1 P27x2;S2x1 P4x1;S4x1&quot;)" methodname="AreaDistributorTest_CanLayout" classname="PlayersWorlds.Maps.Areas.Evolving.AreaDistributorTest" runstate="Runnable" seed="1301643092" result="Passed" start-time="2024-03-12T00:48:42.0859320Z" end-time="2024-03-12T00:48:42.1240430Z" duration="0.038112" asserts="2" />
                  <test-case id="1-1971" name="AreaDistributorTest_CanLayout(&quot;5x45: P-2x13;S1x10 P-2x7;S1x12 P2x3;S1x2 P0x3;S1x8 P2x10;S1x1&quot;)" fullname="PlayersWorlds.Maps.Areas.Evolving.AreaDistributorTest.AreaDistributorTest_CanLayout(&quot;5x45: P-2x13;S1x10 P-2x7;S1x12 P2x3;S1x2 P0x3;S1x8 P2x10;S1x1&quot;)" methodname="AreaDistributorTest_CanLayout" classname="PlayersWorlds.Maps.Areas.Evolving.AreaDistributorTest" runstate="Runnable" seed="369444687" result="Passed" start-time="2024-03-12T00:48:42.1240540Z" end-time="2024-03-12T00:48:42.1864600Z" duration="0.062406" asserts="2" />
                  <test-case id="1-1972" name="AreaDistributorTest_CanLayout(&quot;5x47: P7x28;S1x13 P6x15;S1x11 P1x2;S1x3 P2x40;S1x2 P2x43;S1x1&quot;)" fullname="PlayersWorlds.Maps.Areas.Evolving.AreaDistributorTest.AreaDistributorTest_CanLayout(&quot;5x47: P7x28;S1x13 P6x15;S1x11 P1x2;S1x3 P2x40;S1x2 P2x43;S1x1&quot;)" methodname="AreaDistributorTest_CanLayout" classname="PlayersWorlds.Maps.Areas.Evolving.AreaDistributorTest" runstate="Runnable" seed="1583239654" result="Passed" start-time="2024-03-12T00:48:42.1864710Z" end-time="2024-03-12T00:48:42.2410840Z" duration="0.054614" asserts="2" />
                  <test-case id="1-1973" name="AreaDistributorTest_CanLayout(&quot;5x36: P-2x21;S1x11 P2x12;S1x1 P2x15;S1x2 P2x8;S1x3&quot;)" fullname="PlayersWorlds.Maps.Areas.Evolving.AreaDistributorTest.AreaDistributorTest_CanLayout(&quot;5x36: P-2x21;S1x11 P2x12;S1x1 P2x15;S1x2 P2x8;S1x3&quot;)" methodname="AreaDistributorTest_CanLayout" classname="PlayersWorlds.Maps.Areas.Evolving.AreaDistributorTest" runstate="Runnable" seed="945697931" result="Passed" start-time="2024-03-12T00:48:42.2410950Z" end-time="2024-03-12T00:48:42.2490850Z" duration="0.007990" asserts="2" />
                  <test-case id="1-1974" name="AreaDistributorTest_CanLayout(&quot;6x39: P-1x20;S1x11 P3x19;S1x2 P2x11;S1x11 P2x20;S1x5 P3x10;S1x5&quot;)" fullname="PlayersWorlds.Maps.Areas.Evolving.AreaDistributorTest.AreaDistributorTest_CanLayout(&quot;6x39: P-1x20;S1x11 P3x19;S1x2 P2x11;S1x11 P2x20;S1x5 P3x10;S1x5&quot;)" methodname="AreaDistributorTest_CanLayout" classname="PlayersWorlds.Maps.Areas.Evolving.AreaDistributorTest" runstate="Runnable" seed="1626632043" result="Passed" start-time="2024-03-12T00:48:42.2490950Z" end-time="2024-03-12T00:48:42.2751270Z" duration="0.026032" asserts="2" />
                  <test-case id="1-1975" name="AreaDistributorTest_CanLayout(&quot;44x6: P23x-2;S13x1 P7x-2;S13x1 P6x2;S8x1 P37x3;S2x1 P29x2;S10x1&quot;)" fullname="PlayersWorlds.Maps.Areas.Evolving.AreaDistributorTest.AreaDistributorTest_CanLayout(&quot;44x6: P23x-2;S13x1 P7x-2;S13x1 P6x2;S8x1 P37x3;S2x1 P29x2;S10x1&quot;)" methodname="AreaDistributorTest_CanLayout" classname="PlayersWorlds.Maps.Areas.Evolving.AreaDistributorTest" runstate="Runnable" seed="1088055644" result="Passed" start-time="2024-03-12T00:48:42.2751370Z" end-time="2024-03-12T00:48:42.3079090Z" duration="0.032772" asserts="2" />
                  <test-case id="1-1976" name="AreaDistributorTest_CanLayout(&quot;6x42: P-1x6;S1x11 P-2x21;S1x13 P3x36;S1x3 P5x7;S1x9 P0x27;S1x10&quot;)" fullname="PlayersWorlds.Maps.Areas.Evolving.AreaDistributorTest.AreaDistributorTest_CanLayout(&quot;6x42: P-1x6;S1x11 P-2x21;S1x13 P3x36;S1x3 P5x7;S1x9 P0x27;S1x10&quot;)" methodname="AreaDistributorTest_CanLayout" classname="PlayersWorlds.Maps.Areas.Evolving.AreaDistributorTest" runstate="Runnable" seed="1642544726" result="Passed" start-time="2024-03-12T00:48:42.3079260Z" end-time="2024-03-12T00:48:42.3413870Z" duration="0.033461" asserts="2" />
                  <test-case id="1-1977" name="AreaDistributorTest_CanLayout(&quot;40x5: P8x6;S12x1 P24x-1;S9x1 P3x0;S8x1 P23x2;S2x1&quot;)" fullname="PlayersWorlds.Maps.Areas.Evolving.AreaDistributorTest.AreaDistributorTest_CanLayout(&quot;40x5: P8x6;S12x1 P24x-1;S9x1 P3x0;S8x1 P23x2;S2x1&quot;)" methodname="AreaDistributorTest_CanLayout" classname="PlayersWorlds.Maps.Areas.Evolving.AreaDistributorTest" runstate="Runnable" seed="1932326367" result="Passed" start-time="2024-03-12T00:48:42.3414040Z" end-time="2024-03-12T00:48:42.3657780Z" duration="0.024374" asserts="2" />
                  <test-case id="1-1978" name="AreaDistributorTest_CanLayout(&quot;47x7: P19x7;S14x1 P9x2;S8x1 P7x4;S8x1 P14x2;S4x1 P28x5;S10x1 P35x3;S2x1&quot;)" fullname="PlayersWorlds.Maps.Areas.Evolving.AreaDistributorTest.AreaDistributorTest_CanLayout(&quot;47x7: P19x7;S14x1 P9x2;S8x1 P7x4;S8x1 P14x2;S4x1 P28x5;S10x1 P35x3;S2x1&quot;)" methodname="AreaDistributorTest_CanLayout" classname="PlayersWorlds.Maps.Areas.Evolving.AreaDistributorTest" runstate="Runnable" seed="1688754246" result="Passed" start-time="2024-03-12T00:48:42.3657950Z" end-time="2024-03-12T00:48:42.4299830Z" duration="0.064189" asserts="2" />
                  <test-case id="1-1979" name="AreaDistributorTest_CanLayout(&quot;48x6: P32x-1;S11x1 P9x7;S14x1 P5x7;S13x1 P27x2;S15x1 P5x3;S3x1&quot;)" fullname="PlayersWorlds.Maps.Areas.Evolving.AreaDistributorTest.AreaDistributorTest_CanLayout(&quot;48x6: P32x-1;S11x1 P9x7;S14x1 P5x7;S13x1 P27x2;S15x1 P5x3;S3x1&quot;)" methodname="AreaDistributorTest_CanLayout" classname="PlayersWorlds.Maps.Areas.Evolving.AreaDistributorTest" runstate="Runnable" seed="98798265" result="Passed" start-time="2024-03-12T00:48:42.4301950Z" end-time="2024-03-12T00:48:42.4819870Z" duration="0.051792" asserts="2" />
                  <test-case id="1-1980" name="AreaDistributorTest_CanLayout(&quot;46x6: P20x-2;S13x1 P10x7;S14x1 P22x2;S4x1 P35x3;S6x1 P17x3;S7x1&quot;)" fullname="PlayersWorlds.Maps.Areas.Evolving.AreaDistributorTest.AreaDistributorTest_CanLayout(&quot;46x6: P20x-2;S13x1 P10x7;S14x1 P22x2;S4x1 P35x3;S6x1 P17x3;S7x1&quot;)" methodname="AreaDistributorTest_CanLayout" classname="PlayersWorlds.Maps.Areas.Evolving.AreaDistributorTest" runstate="Runnable" seed="600901299" result="Passed" start-time="2024-03-12T00:48:42.4819970Z" end-time="2024-03-12T00:48:42.5144700Z" duration="0.032473" asserts="2" />
                  <test-case id="1-1981" name="AreaDistributorTest_CanLayout(&quot;6x39: P-1x10;S1x11 P0x3;S1x7 P0x11;S1x10 P2x20;S1x7 P3x26;S1x6&quot;)" fullname="PlayersWorlds.Maps.Areas.Evolving.AreaDistributorTest.AreaDistributorTest_CanLayout(&quot;6x39: P-1x10;S1x11 P0x3;S1x7 P0x11;S1x10 P2x20;S1x7 P3x26;S1x6&quot;)" methodname="AreaDistributorTest_CanLayout" classname="PlayersWorlds.Maps.Areas.Evolving.AreaDistributorTest" runstate="Runnable" seed="1032007828" result="Passed" start-time="2024-03-12T00:48:42.5144810Z" end-time="2024-03-12T00:48:42.5469710Z" duration="0.032490" asserts="2" />
                  <test-case id="1-1982" name="AreaDistributorTest_CanLayout(&quot;43x42: P3.20x34.43;S6.00x7.00 P10.77x25.44;S9.00x11.00&quot;)" fullname="PlayersWorlds.Maps.Areas.Evolving.AreaDistributorTest.AreaDistributorTest_CanLayout(&quot;43x42: P3.20x34.43;S6.00x7.00 P10.77x25.44;S9.00x11.00&quot;)" methodname="AreaDistributorTest_CanLayout" classname="PlayersWorlds.Maps.Areas.Evolving.AreaDistributorTest" runstate="Runnable" seed="545621593" result="Passed" start-time="2024-03-12T00:48:42.5469810Z" end-time="2024-03-12T00:48:42.5504770Z" duration="0.003496" asserts="2" />
                  <test-case id="1-1983" name="AreaDistributorTest_CanLayout(&quot;43x42: P35x26;S2x11 P34x35;S12x2&quot;)" fullname="PlayersWorlds.Maps.Areas.Evolving.AreaDistributorTest.AreaDistributorTest_CanLayout(&quot;43x42: P35x26;S2x11 P34x35;S12x2&quot;)" methodname="AreaDistributorTest_CanLayout" classname="PlayersWorlds.Maps.Areas.Evolving.AreaDistributorTest" runstate="Runnable" seed="2132457243" result="Passed" start-time="2024-03-12T00:48:42.5504870Z" end-time="2024-03-12T00:48:42.5537810Z" duration="0.003294" asserts="2" />
                  <test-case id="1-1984" name="AreaDistributorTest_CanLayout(&quot;43x42: P32x32;S4x4 P34x34;S2x2&quot;)" fullname="PlayersWorlds.Maps.Areas.Evolving.AreaDistributorTest.AreaDistributorTest_CanLayout(&quot;43x42: P32x32;S4x4 P34x34;S2x2&quot;)" methodname="AreaDistributorTest_CanLayout" classname="PlayersWorlds.Maps.Areas.Evolving.AreaDistributorTest" runstate="Runnable" seed="1293722685" result="Passed" start-time="2024-03-12T00:48:42.5537910Z" end-time="2024-03-12T00:48:42.5561610Z" duration="0.002371" asserts="2" />
                  <test-case id="1-1985" name="AreaDistributorTest_CanLayout(&quot;43x42: P32x32;S4x4 P34x34;S4x2&quot;)" fullname="PlayersWorlds.Maps.Areas.Evolving.AreaDistributorTest.AreaDistributorTest_CanLayout(&quot;43x42: P32x32;S4x4 P34x34;S4x2&quot;)" methodname="AreaDistributorTest_CanLayout" classname="PlayersWorlds.Maps.Areas.Evolving.AreaDistributorTest" runstate="Runnable" seed="7556740" result="Passed" start-time="2024-03-12T00:48:42.5561700Z" end-time="2024-03-12T00:48:42.5588170Z" duration="0.002647" asserts="2" />
                  <test-case id="1-1986" name="AreaDistributorTest_CanLayout(&quot;43x42: P32x26;S4x10 P34x34;S4x2&quot;)" fullname="PlayersWorlds.Maps.Areas.Evolving.AreaDistributorTest.AreaDistributorTest_CanLayout(&quot;43x42: P32x26;S4x10 P34x34;S4x2&quot;)" methodname="AreaDistributorTest_CanLayout" classname="PlayersWorlds.Maps.Areas.Evolving.AreaDistributorTest" runstate="Runnable" seed="1735077824" result="Passed" start-time="2024-03-12T00:48:42.5588270Z" end-time="2024-03-12T00:48:42.5612390Z" duration="0.002412" asserts="2" />
                  <test-case id="1-1987" name="AreaDistributorTest_CanLayout(&quot;43x42: P30x26;S2x11 P29x35;S12x2&quot;)" fullname="PlayersWorlds.Maps.Areas.Evolving.AreaDistributorTest.AreaDistributorTest_CanLayout(&quot;43x42: P30x26;S2x11 P29x35;S12x2&quot;)" methodname="AreaDistributorTest_CanLayout" classname="PlayersWorlds.Maps.Areas.Evolving.AreaDistributorTest" runstate="Runnable" seed="143146109" result="Passed" start-time="2024-03-12T00:48:42.5612480Z" end-time="2024-03-12T00:48:42.5648940Z" duration="0.003646" asserts="2" />
                  <test-case id="1-1988" name="AreaDistributorTest_CanLayout(&quot;49x26: P37.95x4.74;S12.00x2.00 P0.62x11.59;S4.00x1.00 P20.55x10.45;S7.00x7.00 P19.55x3.18;S8.00x6.00 P29.30x-0.27;S12.00x4.00 P17.11x22.28;S15.00x3.00 P9.50x0.67;S9.00x2.00 P32.27x17.54;S3.00x5.00 P0.57x21.40;S7.00x4.00 P35.67x10.30;S13.00x7.00 P6.23x9.47;S10.00x7.00&quot;)" fullname="PlayersWorlds.Maps.Areas.Evolving.AreaDistributorTest.AreaDistributorTest_CanLayout(&quot;49x26: P37.95x4.74;S12.00x2.00 P0.62x11.59;S4.00x1.00 P20.55x10.45;S7.00x7.00 P19.55x3.18;S8.00x6.00 P29.30x-0.27;S12.00x4.00 P17.11x22.28;S15.00x3.00 P9.50x0.67;S9.00x2.00 P32.27x17.54;S3.00x5.00 P0.57x21.40;S7.00x4.00 P35.67x10.30;S13.00x7.00 P6.23x9.47;S10.00x7.00&quot;)" methodname="AreaDistributorTest_CanLayout" classname="PlayersWorlds.Maps.Areas.Evolving.AreaDistributorTest" runstate="Runnable" seed="1942285840" result="Passed" start-time="2024-03-12T00:48:42.5649040Z" end-time="2024-03-12T00:48:42.8687440Z" duration="0.303840" asserts="2" />
                  <test-case id="1-1989" name="AreaDistributorTest_CanLayout(&quot;26x29: P10.00x15.00;S7.00x3.00 P20.00x0.00;S5.00x6.00 P17.00x5.00;S7.00x7.00 P5.00x4.00;S6.00x4.00 P21.00x18.00;S4.00x2.00 P20.00x8.00;S3.00x8.00 P10.00x11.00;S4.00x5.00 P0.00x5.00;S1.00x8.00 P21.00x9.00;S3.00x6.00&quot;)" fullname="PlayersWorlds.Maps.Areas.Evolving.AreaDistributorTest.AreaDistributorTest_CanLayout(&quot;26x29: P10.00x15.00;S7.00x3.00 P20.00x0.00;S5.00x6.00 P17.00x5.00;S7.00x7.00 P5.00x4.00;S6.00x4.00 P21.00x18.00;S4.00x2.00 P20.00x8.00;S3.00x8.00 P10.00x11.00;S4.00x5.00 P0.00x5.00;S1.00x8.00 P21.00x9.00;S3.00x6.00&quot;)" methodname="AreaDistributorTest_CanLayout" classname="PlayersWorlds.Maps.Areas.Evolving.AreaDistributorTest" runstate="Runnable" seed="1365002278" result="Passed" start-time="2024-03-12T00:48:42.8687530Z" end-time="2024-03-12T00:48:43.0482610Z" duration="0.179507" asserts="2" />
                  <test-case id="1-1990" name="AreaDistributorTest_CanLayout(&quot;8x45: P2.00x9.00;S1.00x6.00 P2.00x22.00;S1.00x8.00 P5.00x32.00;S1.00x10.00 P6.00x14.00;S1.00x9.00 P4.00x3.00;S1.00x14.00 P2.00x36.00;S1.00x8.00&quot;)" fullname="PlayersWorlds.Maps.Areas.Evolving.AreaDistributorTest.AreaDistributorTest_CanLayout(&quot;8x45: P2.00x9.00;S1.00x6.00 P2.00x22.00;S1.00x8.00 P5.00x32.00;S1.00x10.00 P6.00x14.00;S1.00x9.00 P4.00x3.00;S1.00x14.00 P2.00x36.00;S1.00x8.00&quot;)" methodname="AreaDistributorTest_CanLayout" classname="PlayersWorlds.Maps.Areas.Evolving.AreaDistributorTest" runstate="Runnable" seed="2046242508" result="Passed" start-time="2024-03-12T00:48:43.0482720Z" end-time="2024-03-12T00:48:43.0933370Z" duration="0.045065" asserts="2" />
                  <test-case id="1-1991" name="AreaDistributorTest_CanLayout(&quot;31x47: P2.00x15.00;S9.00x1.00 P3.00x11.00;S5.00x4.00 P2.00x11.00;S5.00x7.00 P13.00x14.00;S5.00x10.00 P8.00x37.00;S2.00x9.00 P27.00x19.00;S3.00x8.00 P20.00x12.00;S7.00x7.00 P4.00x13.00;S4.00x2.00 P20.00x31.00;S6.00x2.00 P9.00x3.00;S9.00x3.00 P6.00x34.00;S6.00x1.00 P23.00x6.00;S5.00x2.00&quot;)" fullname="PlayersWorlds.Maps.Areas.Evolving.AreaDistributorTest.AreaDistributorTest_CanLayout(&quot;31x47: P2.00x15.00;S9.00x1.00 P3.00x11.00;S5.00x4.00 P2.00x11.00;S5.00x7.00 P13.00x14.00;S5.00x10.00 P8.00x37.00;S2.00x9.00 P27.00x19.00;S3.00x8.00 P20.00x12.00;S7.00x7.00 P4.00x13.00;S4.00x2.00 P20.00x31.00;S6.00x2.00 P9.00x3.00;S9.00x3.00 P6.00x34.00;S6.00x1.00 P23.00x6.00;S5.00x2.00&quot;)" methodname="AreaDistributorTest_CanLayout" classname="PlayersWorlds.Maps.Areas.Evolving.AreaDistributorTest" runstate="Runnable" seed="1145399283" result="Passed" start-time="2024-03-12T00:48:43.0933470Z" end-time="2024-03-12T00:48:43.2708690Z" duration="0.177522" asserts="2" />
                  <test-case id="1-1992" name="AreaDistributorTest_CanLayout(&quot;7x47: P4.00x40.00;S1.00x5.00 P0.00x12.00;S1.00x7.00 P1.00x9.00;S1.00x3.00 P5.00x0.00;S1.00x14.00 P2.00x37.00;S1.00x9.00 P0.00x29.00;S1.00x6.00&quot;)" fullname="PlayersWorlds.Maps.Areas.Evolving.AreaDistributorTest.AreaDistributorTest_CanLayout(&quot;7x47: P4.00x40.00;S1.00x5.00 P0.00x12.00;S1.00x7.00 P1.00x9.00;S1.00x3.00 P5.00x0.00;S1.00x14.00 P2.00x37.00;S1.00x9.00 P0.00x29.00;S1.00x6.00&quot;)" methodname="AreaDistributorTest_CanLayout" classname="PlayersWorlds.Maps.Areas.Evolving.AreaDistributorTest" runstate="Runnable" seed="851396832" result="Passed" start-time="2024-03-12T00:48:43.2708800Z" end-time="2024-03-12T00:48:43.3531330Z" duration="0.082253" asserts="2" />
                  <test-case id="1-1993" name="AreaDistributorTest_CanLayout(&quot;48x38: P8x15;S1x3 P45x11;S2x7 P6x8;S1x3 P4x7;S10x11 P4x9;S2x8 P26x13;S1x10 P18x13;S10x7 P35x22;S10x5 P31x10;S5x9 P32x10;S13x6 P22x22;S14x6 P26x1;S3x3 P28x14;S13x10 P24x4;S12x8&quot;)" fullname="PlayersWorlds.Maps.Areas.Evolving.AreaDistributorTest.AreaDistributorTest_CanLayout(&quot;48x38: P8x15;S1x3 P45x11;S2x7 P6x8;S1x3 P4x7;S10x11 P4x9;S2x8 P26x13;S1x10 P18x13;S10x7 P35x22;S10x5 P31x10;S5x9 P32x10;S13x6 P22x22;S14x6 P26x1;S3x3 P28x14;S13x10 P24x4;S12x8&quot;)" methodname="AreaDistributorTest_CanLayout" classname="PlayersWorlds.Maps.Areas.Evolving.AreaDistributorTest" runstate="Runnable" seed="1537361209" result="Passed" start-time="2024-03-12T00:48:43.3531430Z" end-time="2024-03-12T00:48:43.8532880Z" duration="0.500145" asserts="2" />
                  <test-case id="1-1994" name="AreaDistributorTest_CanLayout(&quot;31x32: P24.45x15.67;S8.00x7.00 P14.09x8.51;S1.00x6.00 P16.22x5.85;S9.00x9.00 P18.23x27.41;S1.00x4.00 P13.75x0.80;S3.00x3.00 P8.52x18.43;S4.00x7.00 P1.71x14.65;S9.00x6.00 P0.38x4.06;S7.00x7.00 P25.06x24.29;S5.00x7.00 P11.40x19.76;S6.00x9.00&quot;)" fullname="PlayersWorlds.Maps.Areas.Evolving.AreaDistributorTest.AreaDistributorTest_CanLayout(&quot;31x32: P24.45x15.67;S8.00x7.00 P14.09x8.51;S1.00x6.00 P16.22x5.85;S9.00x9.00 P18.23x27.41;S1.00x4.00 P13.75x0.80;S3.00x3.00 P8.52x18.43;S4.00x7.00 P1.71x14.65;S9.00x6.00 P0.38x4.06;S7.00x7.00 P25.06x24.29;S5.00x7.00 P11.40x19.76;S6.00x9.00&quot;)" methodname="AreaDistributorTest_CanLayout" classname="PlayersWorlds.Maps.Areas.Evolving.AreaDistributorTest" runstate="Runnable" seed="912010801" result="Passed" start-time="2024-03-12T00:48:43.8532960Z" end-time="2024-03-12T00:48:44.0029900Z" duration="0.149694" asserts="2" />
                  <test-case id="1-1995" name="AreaDistributorTest_CanLayout(&quot;45x43: P38.00x15.09;S8.00x10.00 P0.42x0.08;S10.00x4.00 P17.64x33.27;S8.00x2.00 P-0.03x22.54;S1.00x12.00 P17.50x0.62;S12.00x7.00 P23.05x19.66;S14.00x7.00 P21.76x17.00;S1.00x7.00 P11.34x8.71;S8.00x9.00 P9.60x23.72;S12.00x7.00 P0.45x8.22;S8.00x5.00 P0.65x19.15;S12.00x3.00 P19.87x38.89;S7.00x2.00 P33.99x38.13;S10.00x4.00 P34.00x0.58;S11.00x12.00&quot;)" fullname="PlayersWorlds.Maps.Areas.Evolving.AreaDistributorTest.AreaDistributorTest_CanLayout(&quot;45x43: P38.00x15.09;S8.00x10.00 P0.42x0.08;S10.00x4.00 P17.64x33.27;S8.00x2.00 P-0.03x22.54;S1.00x12.00 P17.50x0.62;S12.00x7.00 P23.05x19.66;S14.00x7.00 P21.76x17.00;S1.00x7.00 P11.34x8.71;S8.00x9.00 P9.60x23.72;S12.00x7.00 P0.45x8.22;S8.00x5.00 P0.65x19.15;S12.00x3.00 P19.87x38.89;S7.00x2.00 P33.99x38.13;S10.00x4.00 P34.00x0.58;S11.00x12.00&quot;)" methodname="AreaDistributorTest_CanLayout" classname="PlayersWorlds.Maps.Areas.Evolving.AreaDistributorTest" runstate="Runnable" seed="543410715" result="Passed" start-time="2024-03-12T00:48:44.0030010Z" end-time="2024-03-12T00:48:44.5022890Z" duration="0.499288" asserts="2" />
                  <test-case id="1-1996" name="AreaDistributorTest_CanLayout(&quot;49x10: P4.00x1.00;S13.00x7.00 P8.00x1.00;S10.00x7.00&quot;)" fullname="PlayersWorlds.Maps.Areas.Evolving.AreaDistributorTest.AreaDistributorTest_CanLayout(&quot;49x10: P4.00x1.00;S13.00x7.00 P8.00x1.00;S10.00x7.00&quot;)" methodname="AreaDistributorTest_CanLayout" classname="PlayersWorlds.Maps.Areas.Evolving.AreaDistributorTest" runstate="Runnable" seed="2077541498" result="Passed" start-time="2024-03-12T00:48:44.5022960Z" end-time="2024-03-12T00:48:44.5079570Z" duration="0.005661" asserts="2" />
                  <test-case id="1-1997" name="AreaDistributorTest_CanLayout(&quot;49x16: P2x7;S12x4 P7x-1;S11x3 P19x4;S13x4 P27x11;S15x4 P17x10;S3x4 P14x3;S13x4 P24x9;S6x4 P1x13;S14x2 P9x4;S4x3&quot;)" fullname="PlayersWorlds.Maps.Areas.Evolving.AreaDistributorTest.AreaDistributorTest_CanLayout(&quot;49x16: P2x7;S12x4 P7x-1;S11x3 P19x4;S13x4 P27x11;S15x4 P17x10;S3x4 P14x3;S13x4 P24x9;S6x4 P1x13;S14x2 P9x4;S4x3&quot;)" methodname="AreaDistributorTest_CanLayout" classname="PlayersWorlds.Maps.Areas.Evolving.AreaDistributorTest" runstate="Runnable" seed="588481168" result="Passed" start-time="2024-03-12T00:48:44.5079670Z" end-time="2024-03-12T00:48:44.7115540Z" duration="0.203588" asserts="2" />
                  <test-case id="1-1998" name="AreaDistributorTest_CanLayout(&quot;49x42: P19x1;S11x2 P34x31;S6x8 P15x29;S13x12 P15x11;S5x12 P23x5;S12x6 P3x17;S9x2 P16x6;S15x4 P15x29;S9x11 P39x37;S6x4 P28x22;S12x9 P31x8;S6x3 P27x23;S9x5 P0x27;S13x9 P11x17;S5x11 P4x2;S1x1&quot;)" fullname="PlayersWorlds.Maps.Areas.Evolving.AreaDistributorTest.AreaDistributorTest_CanLayout(&quot;49x42: P19x1;S11x2 P34x31;S6x8 P15x29;S13x12 P15x11;S5x12 P23x5;S12x6 P3x17;S9x2 P16x6;S15x4 P15x29;S9x11 P39x37;S6x4 P28x22;S12x9 P31x8;S6x3 P27x23;S9x5 P0x27;S13x9 P11x17;S5x11 P4x2;S1x1&quot;)" methodname="AreaDistributorTest_CanLayout" classname="PlayersWorlds.Maps.Areas.Evolving.AreaDistributorTest" runstate="Runnable" seed="1803293561" result="Passed" start-time="2024-03-12T00:48:44.7115630Z" end-time="2024-03-12T00:48:45.2840140Z" duration="0.572451" asserts="2" />
                  <test-case id="1-1999" name="AreaDistributorTest_CanLayout(&quot;24x46: P11x20;S3x9 P5x15;S6x10 P5x14;S7x13 P10x26;S5x11 P10x18;S1x4 P11x13;S1x5 P10x29;S6x9 P13x8;S2x10 P3x17;S7x13 P5x28;S5x5 P18x8;S5x12&quot;)" fullname="PlayersWorlds.Maps.Areas.Evolving.AreaDistributorTest.AreaDistributorTest_CanLayout(&quot;24x46: P11x20;S3x9 P5x15;S6x10 P5x14;S7x13 P10x26;S5x11 P10x18;S1x4 P11x13;S1x5 P10x29;S6x9 P13x8;S2x10 P3x17;S7x13 P5x28;S5x5 P18x8;S5x12&quot;)" methodname="AreaDistributorTest_CanLayout" classname="PlayersWorlds.Maps.Areas.Evolving.AreaDistributorTest" runstate="Runnable" seed="1503959512" result="Passed" start-time="2024-03-12T00:48:45.2840230Z" end-time="2024-03-12T00:48:45.5030520Z" duration="0.219029" asserts="2" />
                  <test-case id="1-2000" name="AreaDistributorTest_CanLayout(&quot;10x10: P7x9;S2x3 P7x2;S3x2 P3x9;S2x2 P0x5;S2x3 P7x1;S2x3 P0x0;S6x5&quot;)" fullname="PlayersWorlds.Maps.Areas.Evolving.AreaDistributorTest.AreaDistributorTest_CanLayout(&quot;10x10: P7x9;S2x3 P7x2;S3x2 P3x9;S2x2 P0x5;S2x3 P7x1;S2x3 P0x0;S6x5&quot;)" methodname="AreaDistributorTest_CanLayout" classname="PlayersWorlds.Maps.Areas.Evolving.AreaDistributorTest" runstate="Runnable" seed="1671608267" result="Passed" start-time="2024-03-12T00:48:45.5030590Z" end-time="2024-03-12T00:48:45.5947910Z" duration="0.091732" asserts="2" />
                </test-suite>
                <test-case id="1-1920" name="AreaDistributorTest_OneTest" fullname="PlayersWorlds.Maps.Areas.Evolving.AreaDistributorTest.AreaDistributorTest_OneTest" methodname="AreaDistributorTest_OneTest" classname="PlayersWorlds.Maps.Areas.Evolving.AreaDistributorTest" runstate="Runnable" seed="306560584" result="Passed" start-time="2024-03-12T00:48:45.5965190Z" end-time="2024-03-12T00:48:45.5978040Z" duration="0.001285" asserts="2">
                  <properties>
                    <property name="Category" value="Integration" />
                  </properties>
                </test-case>
                <test-suite type="ParameterizedMethod" id="1-1933" name="AreaDistributorTest_OverlapTwo" fullname="PlayersWorlds.Maps.Areas.Evolving.AreaDistributorTest.AreaDistributorTest_OverlapTwo" classname="PlayersWorlds.Maps.Areas.Evolving.AreaDistributorTest" runstate="Runnable" testcasecount="10" result="Passed" start-time="2024-03-12T00:48:45.5978140Z" end-time="2024-03-12T00:48:45.6337130Z" duration="0.035899" total="10" passed="10" failed="0" warnings="0" inconclusive="0" skipped="0" asserts="20">
                  <properties>
                    <property name="Category" value="Integration" />
                  </properties>
                  <test-case id="1-1923" name="AreaDistributorTest_OverlapTwo(&quot;11x11: P3.5x3.5;S4x4 P3.5x3.5;S4x4&quot;)" fullname="PlayersWorlds.Maps.Areas.Evolving.AreaDistributorTest.AreaDistributorTest_OverlapTwo(&quot;11x11: P3.5x3.5;S4x4 P3.5x3.5;S4x4&quot;)" methodname="AreaDistributorTest_OverlapTwo" classname="PlayersWorlds.Maps.Areas.Evolving.AreaDistributorTest" runstate="Runnable" seed="1739572881" result="Passed" start-time="2024-03-12T00:48:45.5978330Z" end-time="2024-03-12T00:48:45.6087050Z" duration="0.010872" asserts="2" />
                  <test-case id="1-1924" name="AreaDistributorTest_OverlapTwo(&quot;16x16: P4x4;S8x8 P5x9;S2x2&quot;)" fullname="PlayersWorlds.Maps.Areas.Evolving.AreaDistributorTest.AreaDistributorTest_OverlapTwo(&quot;16x16: P4x4;S8x8 P5x9;S2x2&quot;)" methodname="AreaDistributorTest_OverlapTwo" classname="PlayersWorlds.Maps.Areas.Evolving.AreaDistributorTest" runstate="Runnable" seed="1543453083" result="Passed" start-time="2024-03-12T00:48:45.6087180Z" end-time="2024-03-12T00:48:45.6122740Z" duration="0.003555" asserts="2" />
                  <test-case id="1-1925" name="AreaDistributorTest_OverlapTwo(&quot;16x16: P4x4;S8x8 P5x7;S4x4&quot;)" fullname="PlayersWorlds.Maps.Areas.Evolving.AreaDistributorTest.AreaDistributorTest_OverlapTwo(&quot;16x16: P4x4;S8x8 P5x7;S4x4&quot;)" methodname="AreaDistributorTest_OverlapTwo" classname="PlayersWorlds.Maps.Areas.Evolving.AreaDistributorTest" runstate="Runnable" seed="1251617690" result="Passed" start-time="2024-03-12T00:48:45.6122840Z" end-time="2024-03-12T00:48:45.6150880Z" duration="0.002804" asserts="2" />
                  <test-case id="1-1926" name="AreaDistributorTest_OverlapTwo(&quot;16x16: P5x5;S6x6 P6x6;S4x4&quot;)" fullname="PlayersWorlds.Maps.Areas.Evolving.AreaDistributorTest.AreaDistributorTest_OverlapTwo(&quot;16x16: P5x5;S6x6 P6x6;S4x4&quot;)" methodname="AreaDistributorTest_OverlapTwo" classname="PlayersWorlds.Maps.Areas.Evolving.AreaDistributorTest" runstate="Runnable" seed="1000183332" result="Passed" start-time="2024-03-12T00:48:45.6150980Z" end-time="2024-03-12T00:48:45.6185880Z" duration="0.003491" asserts="2" />
                  <test-case id="1-1927" name="AreaDistributorTest_OverlapTwo(&quot;11x11: P2x2;S4x4 P5x5;S4x4&quot;)" fullname="PlayersWorlds.Maps.Areas.Evolving.AreaDistributorTest.AreaDistributorTest_OverlapTwo(&quot;11x11: P2x2;S4x4 P5x5;S4x4&quot;)" methodname="AreaDistributorTest_OverlapTwo" classname="PlayersWorlds.Maps.Areas.Evolving.AreaDistributorTest" runstate="Runnable" seed="1379648003" result="Passed" start-time="2024-03-12T00:48:45.6185980Z" end-time="2024-03-12T00:48:45.6209660Z" duration="0.002367" asserts="2" />
                  <test-case id="1-1928" name="AreaDistributorTest_OverlapTwo(&quot;11x11: P5x2;S4x4 P2x5;S4x4&quot;)" fullname="PlayersWorlds.Maps.Areas.Evolving.AreaDistributorTest.AreaDistributorTest_OverlapTwo(&quot;11x11: P5x2;S4x4 P2x5;S4x4&quot;)" methodname="AreaDistributorTest_OverlapTwo" classname="PlayersWorlds.Maps.Areas.Evolving.AreaDistributorTest" runstate="Runnable" seed="1392076560" result="Passed" start-time="2024-03-12T00:48:45.6209750Z" end-time="2024-03-12T00:48:45.6236320Z" duration="0.002657" asserts="2" />
                  <test-case id="1-1929" name="AreaDistributorTest_OverlapTwo(&quot;11x11: P2x5;S4x4 P5x2;S4x4&quot;)" fullname="PlayersWorlds.Maps.Areas.Evolving.AreaDistributorTest.AreaDistributorTest_OverlapTwo(&quot;11x11: P2x5;S4x4 P5x2;S4x4&quot;)" methodname="AreaDistributorTest_OverlapTwo" classname="PlayersWorlds.Maps.Areas.Evolving.AreaDistributorTest" runstate="Runnable" seed="842734825" result="Passed" start-time="2024-03-12T00:48:45.6236420Z" end-time="2024-03-12T00:48:45.6260210Z" duration="0.002379" asserts="2" />
                  <test-case id="1-1930" name="AreaDistributorTest_OverlapTwo(&quot;11x11: P5x5;S4x4 P2x2;S4x4&quot;)" fullname="PlayersWorlds.Maps.Areas.Evolving.AreaDistributorTest.AreaDistributorTest_OverlapTwo(&quot;11x11: P5x5;S4x4 P2x2;S4x4&quot;)" methodname="AreaDistributorTest_OverlapTwo" classname="PlayersWorlds.Maps.Areas.Evolving.AreaDistributorTest" runstate="Runnable" seed="152174718" result="Passed" start-time="2024-03-12T00:48:45.6260310Z" end-time="2024-03-12T00:48:45.6283910Z" duration="0.002360" asserts="2" />
                  <test-case id="1-1931" name="AreaDistributorTest_OverlapTwo(&quot;11x11: P4x4;S4x4 P3x3;S4x4&quot;)" fullname="PlayersWorlds.Maps.Areas.Evolving.AreaDistributorTest.AreaDistributorTest_OverlapTwo(&quot;11x11: P4x4;S4x4 P3x3;S4x4&quot;)" methodname="AreaDistributorTest_OverlapTwo" classname="PlayersWorlds.Maps.Areas.Evolving.AreaDistributorTest" runstate="Runnable" seed="1921275474" result="Passed" start-time="2024-03-12T00:48:45.6284000Z" end-time="2024-03-12T00:48:45.6308220Z" duration="0.002422" asserts="2" />
                  <test-case id="1-1932" name="AreaDistributorTest_OverlapTwo(&quot;11x11: P4x3;S4x4 P3x4;S4x4&quot;)" fullname="PlayersWorlds.Maps.Areas.Evolving.AreaDistributorTest.AreaDistributorTest_OverlapTwo(&quot;11x11: P4x3;S4x4 P3x4;S4x4&quot;)" methodname="AreaDistributorTest_OverlapTwo" classname="PlayersWorlds.Maps.Areas.Evolving.AreaDistributorTest" runstate="Runnable" seed="10206139" result="Passed" start-time="2024-03-12T00:48:45.6308320Z" end-time="2024-03-12T00:48:45.6336950Z" duration="0.002863" asserts="2" />
                </test-suite>
                <test-case id="1-1921" name="AreaDistributorTest_SidePressure" fullname="PlayersWorlds.Maps.Areas.Evolving.AreaDistributorTest.AreaDistributorTest_SidePressure" methodname="AreaDistributorTest_SidePressure" classname="PlayersWorlds.Maps.Areas.Evolving.AreaDistributorTest" runstate="Runnable" seed="1447863653" result="Passed" start-time="2024-03-12T00:48:45.6337210Z" end-time="2024-03-12T00:48:45.6700990Z" duration="0.036378" asserts="2">
                  <properties>
                    <property name="Category" value="Integration" />
                  </properties>
                </test-case>
                <test-suite type="ParameterizedMethod" id="1-1945" name="AreaDistributorTest_SingleMapForce" fullname="PlayersWorlds.Maps.Areas.Evolving.AreaDistributorTest.AreaDistributorTest_SingleMapForce" classname="PlayersWorlds.Maps.Areas.Evolving.AreaDistributorTest" runstate="Runnable" testcasecount="10" result="Passed" start-time="2024-03-12T00:48:45.6701110Z" end-time="2024-03-12T00:48:45.6788750Z" duration="0.008764" total="10" passed="10" failed="0" warnings="0" inconclusive="0" skipped="0" asserts="20">
                  <properties>
                    <property name="Category" value="Integration" />
                  </properties>
                  <test-case id="1-1935" name="AreaDistributorTest_SingleMapForce(&quot;6x12: P1x2;S2x2&quot;)" fullname="PlayersWorlds.Maps.Areas.Evolving.AreaDistributorTest.AreaDistributorTest_SingleMapForce(&quot;6x12: P1x2;S2x2&quot;)" methodname="AreaDistributorTest_SingleMapForce" classname="PlayersWorlds.Maps.Areas.Evolving.AreaDistributorTest" runstate="Runnable" seed="400690892" result="Passed" start-time="2024-03-12T00:48:45.6701270Z" end-time="2024-03-12T00:48:45.6710840Z" duration="0.000958" asserts="2" />
                  <test-case id="1-1936" name="AreaDistributorTest_SingleMapForce(&quot;6x12: P2x2;S2x2&quot;)" fullname="PlayersWorlds.Maps.Areas.Evolving.AreaDistributorTest.AreaDistributorTest_SingleMapForce(&quot;6x12: P2x2;S2x2&quot;)" methodname="AreaDistributorTest_SingleMapForce" classname="PlayersWorlds.Maps.Areas.Evolving.AreaDistributorTest" runstate="Runnable" seed="706118713" result="Passed" start-time="2024-03-12T00:48:45.6710920Z" end-time="2024-03-12T00:48:45.6721260Z" duration="0.001034" asserts="2" />
                  <test-case id="1-1937" name="AreaDistributorTest_SingleMapForce(&quot;6x12: P3x2;S2x2&quot;)" fullname="PlayersWorlds.Maps.Areas.Evolving.AreaDistributorTest.AreaDistributorTest_SingleMapForce(&quot;6x12: P3x2;S2x2&quot;)" methodname="AreaDistributorTest_SingleMapForce" classname="PlayersWorlds.Maps.Areas.Evolving.AreaDistributorTest" runstate="Runnable" seed="202265392" result="Passed" start-time="2024-03-12T00:48:45.6721330Z" end-time="2024-03-12T00:48:45.6729190Z" duration="0.000786" asserts="2" />
                  <test-case id="1-1938" name="AreaDistributorTest_SingleMapForce(&quot;6x12: P1x5;S2x2&quot;)" fullname="PlayersWorlds.Maps.Areas.Evolving.AreaDistributorTest.AreaDistributorTest_SingleMapForce(&quot;6x12: P1x5;S2x2&quot;)" methodname="AreaDistributorTest_SingleMapForce" classname="PlayersWorlds.Maps.Areas.Evolving.AreaDistributorTest" runstate="Runnable" seed="587070126" result="Passed" start-time="2024-03-12T00:48:45.6729260Z" end-time="2024-03-12T00:48:45.6736780Z" duration="0.000752" asserts="2" />
                  <test-case id="1-1939" name="AreaDistributorTest_SingleMapForce(&quot;6x12: P2x5;S2x2&quot;)" fullname="PlayersWorlds.Maps.Areas.Evolving.AreaDistributorTest.AreaDistributorTest_SingleMapForce(&quot;6x12: P2x5;S2x2&quot;)" methodname="AreaDistributorTest_SingleMapForce" classname="PlayersWorlds.Maps.Areas.Evolving.AreaDistributorTest" runstate="Runnable" seed="1320238322" result="Passed" start-time="2024-03-12T00:48:45.6736830Z" end-time="2024-03-12T00:48:45.6744070Z" duration="0.000724" asserts="2" />
                  <test-case id="1-1940" name="AreaDistributorTest_SingleMapForce(&quot;6x12: P3x5;S2x2&quot;)" fullname="PlayersWorlds.Maps.Areas.Evolving.AreaDistributorTest.AreaDistributorTest_SingleMapForce(&quot;6x12: P3x5;S2x2&quot;)" methodname="AreaDistributorTest_SingleMapForce" classname="PlayersWorlds.Maps.Areas.Evolving.AreaDistributorTest" runstate="Runnable" seed="286635143" result="Passed" start-time="2024-03-12T00:48:45.6744130Z" end-time="2024-03-12T00:48:45.6751680Z" duration="0.000755" asserts="2" />
                  <test-case id="1-1941" name="AreaDistributorTest_SingleMapForce(&quot;6x12: P1x8;S2x2&quot;)" fullname="PlayersWorlds.Maps.Areas.Evolving.AreaDistributorTest.AreaDistributorTest_SingleMapForce(&quot;6x12: P1x8;S2x2&quot;)" methodname="AreaDistributorTest_SingleMapForce" classname="PlayersWorlds.Maps.Areas.Evolving.AreaDistributorTest" runstate="Runnable" seed="531633255" result="Passed" start-time="2024-03-12T00:48:45.6751740Z" end-time="2024-03-12T00:48:45.6759270Z" duration="0.000754" asserts="2" />
                  <test-case id="1-1942" name="AreaDistributorTest_SingleMapForce(&quot;6x12: P2x8;S2x2&quot;)" fullname="PlayersWorlds.Maps.Areas.Evolving.AreaDistributorTest.AreaDistributorTest_SingleMapForce(&quot;6x12: P2x8;S2x2&quot;)" methodname="AreaDistributorTest_SingleMapForce" classname="PlayersWorlds.Maps.Areas.Evolving.AreaDistributorTest" runstate="Runnable" seed="528501972" result="Passed" start-time="2024-03-12T00:48:45.6759330Z" end-time="2024-03-12T00:48:45.6766860Z" duration="0.000753" asserts="2" />
                  <test-case id="1-1943" name="AreaDistributorTest_SingleMapForce(&quot;6x12: P3x8;S2x2&quot;)" fullname="PlayersWorlds.Maps.Areas.Evolving.AreaDistributorTest.AreaDistributorTest_SingleMapForce(&quot;6x12: P3x8;S2x2&quot;)" methodname="AreaDistributorTest_SingleMapForce" classname="PlayersWorlds.Maps.Areas.Evolving.AreaDistributorTest" runstate="Runnable" seed="1137112774" result="Passed" start-time="2024-03-12T00:48:45.6766920Z" end-time="2024-03-12T00:48:45.6774720Z" duration="0.000780" asserts="2" />
                  <test-case id="1-1944" name="AreaDistributorTest_SingleMapForce(&quot;6x12: P-1x-4;S2x2&quot;)" fullname="PlayersWorlds.Maps.Areas.Evolving.AreaDistributorTest.AreaDistributorTest_SingleMapForce(&quot;6x12: P-1x-4;S2x2&quot;)" methodname="AreaDistributorTest_SingleMapForce" classname="PlayersWorlds.Maps.Areas.Evolving.AreaDistributorTest" runstate="Runnable" seed="1905838797" result="Passed" start-time="2024-03-12T00:48:45.6774780Z" end-time="2024-03-12T00:48:45.6788670Z" duration="0.001389" asserts="2" />
                </test-suite>
                <test-case id="1-1922" name="AreaDistributorTest_TwoTest" fullname="PlayersWorlds.Maps.Areas.Evolving.AreaDistributorTest.AreaDistributorTest_TwoTest" methodname="AreaDistributorTest_TwoTest" classname="PlayersWorlds.Maps.Areas.Evolving.AreaDistributorTest" runstate="Runnable" seed="31775294" result="Passed" start-time="2024-03-12T00:48:45.6788820Z" end-time="2024-03-12T00:48:45.6816790Z" duration="0.002798" asserts="2">
                  <properties>
                    <property name="Category" value="Integration" />
                  </properties>
                </test-case>
              </test-suite>
              <test-suite type="TestFixture" id="1-2006" name="FloatingAreaTest" fullname="PlayersWorlds.Maps.Areas.Evolving.FloatingAreaTest" classname="PlayersWorlds.Maps.Areas.Evolving.FloatingAreaTest" runstate="Runnable" testcasecount="22" result="Passed" start-time="2024-03-12T00:48:45.6821260Z" end-time="2024-03-12T00:48:45.6878240Z" duration="0.005698" total="16" passed="16" failed="0" warnings="0" inconclusive="0" skipped="0" asserts="32">
                <test-suite type="ParameterizedMethod" id="1-2028" name="DistanceTo" fullname="PlayersWorlds.Maps.Areas.Evolving.FloatingAreaTest.DistanceTo" classname="PlayersWorlds.Maps.Areas.Evolving.FloatingAreaTest" runstate="Runnable" testcasecount="16" result="Passed" start-time="2024-03-12T00:48:45.6822120Z" end-time="2024-03-12T00:48:45.6878160Z" duration="0.005604" total="16" passed="16" failed="0" warnings="0" inconclusive="0" skipped="0" asserts="32">
                  <properties>
                    <property name="Category" value="Integration" />
                  </properties>
                  <test-case id="1-2012" name="DistanceTo((PlayersWorlds.Maps.Areas.Evolving.FloatingArea[], -1.00x0.00, False))" fullname="PlayersWorlds.Maps.Areas.Evolving.FloatingAreaTest.DistanceTo((PlayersWorlds.Maps.Areas.Evolving.FloatingArea[], -1.00x0.00, False))" methodname="DistanceTo" classname="PlayersWorlds.Maps.Areas.Evolving.FloatingAreaTest" runstate="Runnable" seed="885070741" result="Passed" start-time="2024-03-12T00:48:45.6822260Z" end-time="2024-03-12T00:48:45.6874370Z" duration="0.005210" asserts="2" />
                  <test-case id="1-2013" name="DistanceTo((PlayersWorlds.Maps.Areas.Evolving.FloatingArea[], 0.00x0.00, False))" fullname="PlayersWorlds.Maps.Areas.Evolving.FloatingAreaTest.DistanceTo((PlayersWorlds.Maps.Areas.Evolving.FloatingArea[], 0.00x0.00, False))" methodname="DistanceTo" classname="PlayersWorlds.Maps.Areas.Evolving.FloatingAreaTest" runstate="Runnable" seed="1632188734" result="Passed" start-time="2024-03-12T00:48:45.6874490Z" end-time="2024-03-12T00:48:45.6874830Z" duration="0.000034" asserts="2" />
                  <test-case id="1-2014" name="DistanceTo((PlayersWorlds.Maps.Areas.Evolving.FloatingArea[], 1.00x0.00, True))" fullname="PlayersWorlds.Maps.Areas.Evolving.FloatingAreaTest.DistanceTo((PlayersWorlds.Maps.Areas.Evolving.FloatingArea[], 1.00x0.00, True))" methodname="DistanceTo" classname="PlayersWorlds.Maps.Areas.Evolving.FloatingAreaTest" runstate="Runnable" seed="1662831407" result="Passed" start-time="2024-03-12T00:48:45.6874880Z" end-time="2024-03-12T00:48:45.6875150Z" duration="0.000027" asserts="2" />
                  <test-case id="1-2015" name="DistanceTo((PlayersWorlds.Maps.Areas.Evolving.FloatingArea[], 0.00x0.00, True))" fullname="PlayersWorlds.Maps.Areas.Evolving.FloatingAreaTest.DistanceTo((PlayersWorlds.Maps.Areas.Evolving.FloatingArea[], 0.00x0.00, True))" methodname="DistanceTo" classname="PlayersWorlds.Maps.Areas.Evolving.FloatingAreaTest" runstate="Runnable" seed="841292383" result="Passed" start-time="2024-03-12T00:48:45.6875180Z" end-time="2024-03-12T00:48:45.6875410Z" duration="0.000023" asserts="2" />
                  <test-case id="1-2016" name="DistanceTo((PlayersWorlds.Maps.Areas.Evolving.FloatingArea[], -1.00x0.00, True))" fullname="PlayersWorlds.Maps.Areas.Evolving.FloatingAreaTest.DistanceTo((PlayersWorlds.Maps.Areas.Evolving.FloatingArea[], -1.00x0.00, True))" methodname="DistanceTo" classname="PlayersWorlds.Maps.Areas.Evolving.FloatingAreaTest" runstate="Runnable" seed="428938054" result="Passed" start-time="2024-03-12T00:48:45.6875450Z" end-time="2024-03-12T00:48:45.6875660Z" duration="0.000021" asserts="2" />
                  <test-case id="1-2017" name="DistanceTo((PlayersWorlds.Maps.Areas.Evolving.FloatingArea[], 0.00x0.00, False))" fullname="PlayersWorlds.Maps.Areas.Evolving.FloatingAreaTest.DistanceTo((PlayersWorlds.Maps.Areas.Evolving.FloatingArea[], 0.00x0.00, False))" methodname="DistanceTo" classname="PlayersWorlds.Maps.Areas.Evolving.FloatingAreaTest" runstate="Runnable" seed="1053223361" result="Passed" start-time="2024-03-12T00:48:45.6875700Z" end-time="2024-03-12T00:48:45.6875900Z" duration="0.000020" asserts="2" />
                  <test-case id="1-2018" name="DistanceTo((PlayersWorlds.Maps.Areas.Evolving.FloatingArea[], 1.00x0.00, False))" fullname="PlayersWorlds.Maps.Areas.Evolving.FloatingAreaTest.DistanceTo((PlayersWorlds.Maps.Areas.Evolving.FloatingArea[], 1.00x0.00, False))" methodname="DistanceTo" classname="PlayersWorlds.Maps.Areas.Evolving.FloatingAreaTest" runstate="Runnable" seed="573809053" result="Passed" start-time="2024-03-12T00:48:45.6875930Z" end-time="2024-03-12T00:48:45.6876130Z" duration="0.000020" asserts="2" />
                  <test-case id="1-2019" name="DistanceTo((PlayersWorlds.Maps.Areas.Evolving.FloatingArea[], -1.00x1.00, False))" fullname="PlayersWorlds.Maps.Areas.Evolving.FloatingAreaTest.DistanceTo((PlayersWorlds.Maps.Areas.Evolving.FloatingArea[], -1.00x1.00, False))" methodname="DistanceTo" classname="PlayersWorlds.Maps.Areas.Evolving.FloatingAreaTest" runstate="Runnable" seed="379984489" result="Passed" start-time="2024-03-12T00:48:45.6876170Z" end-time="2024-03-12T00:48:45.6876350Z" duration="0.000018" asserts="2" />
                  <test-case id="1-2020" name="DistanceTo((PlayersWorlds.Maps.Areas.Evolving.FloatingArea[], 0.00x1.00, False))" fullname="PlayersWorlds.Maps.Areas.Evolving.FloatingAreaTest.DistanceTo((PlayersWorlds.Maps.Areas.Evolving.FloatingArea[], 0.00x1.00, False))" methodname="DistanceTo" classname="PlayersWorlds.Maps.Areas.Evolving.FloatingAreaTest" runstate="Runnable" seed="1942223664" result="Passed" start-time="2024-03-12T00:48:45.6876390Z" end-time="2024-03-12T00:48:45.6876690Z" duration="0.000031" asserts="2" />
                  <test-case id="1-2021" name="DistanceTo((PlayersWorlds.Maps.Areas.Evolving.FloatingArea[], 1.00x1.00, True))" fullname="PlayersWorlds.Maps.Areas.Evolving.FloatingAreaTest.DistanceTo((PlayersWorlds.Maps.Areas.Evolving.FloatingArea[], 1.00x1.00, True))" methodname="DistanceTo" classname="PlayersWorlds.Maps.Areas.Evolving.FloatingAreaTest" runstate="Runnable" seed="1650043763" result="Passed" start-time="2024-03-12T00:48:45.6876740Z" end-time="2024-03-12T00:48:45.6876960Z" duration="0.000022" asserts="2" />
                  <test-case id="1-2022" name="DistanceTo((PlayersWorlds.Maps.Areas.Evolving.FloatingArea[], 0.00x1.00, True))" fullname="PlayersWorlds.Maps.Areas.Evolving.FloatingAreaTest.DistanceTo((PlayersWorlds.Maps.Areas.Evolving.FloatingArea[], 0.00x1.00, True))" methodname="DistanceTo" classname="PlayersWorlds.Maps.Areas.Evolving.FloatingAreaTest" runstate="Runnable" seed="857939924" result="Passed" start-time="2024-03-12T00:48:45.6877000Z" end-time="2024-03-12T00:48:45.6877200Z" duration="0.000020" asserts="2" />
                  <test-case id="1-2023" name="DistanceTo((PlayersWorlds.Maps.Areas.Evolving.FloatingArea[], -1.00x1.00, True))" fullname="PlayersWorlds.Maps.Areas.Evolving.FloatingAreaTest.DistanceTo((PlayersWorlds.Maps.Areas.Evolving.FloatingArea[], -1.00x1.00, True))" methodname="DistanceTo" classname="PlayersWorlds.Maps.Areas.Evolving.FloatingAreaTest" runstate="Runnable" seed="1901666259" result="Passed" start-time="2024-03-12T00:48:45.6877240Z" end-time="2024-03-12T00:48:45.6877400Z" duration="0.000016" asserts="2" />
                  <test-case id="1-2024" name="DistanceTo((PlayersWorlds.Maps.Areas.Evolving.FloatingArea[], 0.00x1.00, False))" fullname="PlayersWorlds.Maps.Areas.Evolving.FloatingAreaTest.DistanceTo((PlayersWorlds.Maps.Areas.Evolving.FloatingArea[], 0.00x1.00, False))" methodname="DistanceTo" classname="PlayersWorlds.Maps.Areas.Evolving.FloatingAreaTest" runstate="Runnable" seed="971997390" result="Passed" start-time="2024-03-12T00:48:45.6877440Z" end-time="2024-03-12T00:48:45.6877580Z" duration="0.000015" asserts="2" />
                  <test-case id="1-2025" name="DistanceTo((PlayersWorlds.Maps.Areas.Evolving.FloatingArea[], 1.00x1.00, False))" fullname="PlayersWorlds.Maps.Areas.Evolving.FloatingAreaTest.DistanceTo((PlayersWorlds.Maps.Areas.Evolving.FloatingArea[], 1.00x1.00, False))" methodname="DistanceTo" classname="PlayersWorlds.Maps.Areas.Evolving.FloatingAreaTest" runstate="Runnable" seed="1157903794" result="Passed" start-time="2024-03-12T00:48:45.6877610Z" end-time="2024-03-12T00:48:45.6877760Z" duration="0.000015" asserts="2" />
                  <test-case id="1-2026" name="DistanceTo((PlayersWorlds.Maps.Areas.Evolving.FloatingArea[], -1.00x-1.00, True))" fullname="PlayersWorlds.Maps.Areas.Evolving.FloatingAreaTest.DistanceTo((PlayersWorlds.Maps.Areas.Evolving.FloatingArea[], -1.00x-1.00, True))" methodname="DistanceTo" classname="PlayersWorlds.Maps.Areas.Evolving.FloatingAreaTest" runstate="Runnable" seed="679359641" result="Passed" start-time="2024-03-12T00:48:45.6877790Z" end-time="2024-03-12T00:48:45.6877930Z" duration="0.000014" asserts="2" />
                  <test-case id="1-2027" name="DistanceTo((PlayersWorlds.Maps.Areas.Evolving.FloatingArea[], 1.00x1.00, False))" fullname="PlayersWorlds.Maps.Areas.Evolving.FloatingAreaTest.DistanceTo((PlayersWorlds.Maps.Areas.Evolving.FloatingArea[], 1.00x1.00, False))" methodname="DistanceTo" classname="PlayersWorlds.Maps.Areas.Evolving.FloatingAreaTest" runstate="Runnable" seed="1499711546" result="Passed" start-time="2024-03-12T00:48:45.6877970Z" end-time="2024-03-12T00:48:45.6878110Z" duration="0.000014" asserts="2" />
                </test-suite>
              </test-suite>
            </test-suite>
          </test-suite>
          <test-suite type="TestSuite" id="1-2066" name="Maze" fullname="PlayersWorlds.Maps.Maze" runstate="Runnable" testcasecount="776" result="Skipped" label="Ignored" site="Child" start-time="2024-03-12T00:48:41.3605700Z" end-time="2024-03-12T00:50:18.8011010Z" duration="97.440530" total="712" passed="466" failed="0" warnings="0" inconclusive="0" skipped="246" asserts="6305">
            <reason>
              <message><![CDATA[One or more child tests were ignored]]></message>
            </reason>
            <test-suite type="TestFixture" id="1-1154" name="MazeGeneratorAreasTest" fullname="PlayersWorlds.Maps.Maze.MazeGeneratorAreasTest" classname="PlayersWorlds.Maps.Maze.MazeGeneratorAreasTest" runstate="Runnable" testcasecount="200" result="Skipped" label="Ignored" site="Child" start-time="2024-03-12T00:48:45.6878490Z" end-time="2024-03-12T00:50:01.3221570Z" duration="75.634308" total="200" passed="98" failed="0" warnings="0" inconclusive="0" skipped="102" asserts="5190">
              <reason>
                <message><![CDATA[One or more child tests were ignored]]></message>
              </reason>
              <test-suite type="ParameterizedMethod" id="1-1175" name="CaveAreasAreAppliedProperly" fullname="PlayersWorlds.Maps.Maze.MazeGeneratorAreasTest.CaveAreasAreAppliedProperly" classname="PlayersWorlds.Maps.Maze.MazeGeneratorAreasTest" runstate="Runnable" testcasecount="6" result="Passed" start-time="2024-03-12T00:48:45.6879140Z" end-time="2024-03-12T00:48:46.2864960Z" duration="0.598583" total="6" passed="6" failed="0" warnings="0" inconclusive="0" skipped="0" asserts="540">
                <properties>
                  <property name="Repeat" value="10" />
                  <property name="Category" value="Integration" />
                </properties>
                <test-case id="1-1169" name="CaveAreasAreAppliedProperly(PlayersWorlds.Maps.Maze.AldousBroderMazeGenerator)" fullname="PlayersWorlds.Maps.Maze.MazeGeneratorAreasTest.CaveAreasAreAppliedProperly(PlayersWorlds.Maps.Maze.AldousBroderMazeGenerator)" methodname="CaveAreasAreAppliedProperly" classname="PlayersWorlds.Maps.Maze.MazeGeneratorAreasTest" runstate="Runnable" seed="159338251" result="Passed" start-time="2024-03-12T00:48:45.6879270Z" end-time="2024-03-12T00:48:45.8233740Z" duration="0.135446" asserts="90" />
                <test-case id="1-1170" name="CaveAreasAreAppliedProperly(PlayersWorlds.Maps.Maze.BinaryTreeMazeGenerator)" fullname="PlayersWorlds.Maps.Maze.MazeGeneratorAreasTest.CaveAreasAreAppliedProperly(PlayersWorlds.Maps.Maze.BinaryTreeMazeGenerator)" methodname="CaveAreasAreAppliedProperly" classname="PlayersWorlds.Maps.Maze.MazeGeneratorAreasTest" runstate="Runnable" seed="1122963875" result="Passed" start-time="2024-03-12T00:48:45.8233850Z" end-time="2024-03-12T00:48:45.9255140Z" duration="0.102130" asserts="90" />
                <test-case id="1-1171" name="CaveAreasAreAppliedProperly(PlayersWorlds.Maps.Maze.HuntAndKillMazeGenerator)" fullname="PlayersWorlds.Maps.Maze.MazeGeneratorAreasTest.CaveAreasAreAppliedProperly(PlayersWorlds.Maps.Maze.HuntAndKillMazeGenerator)" methodname="CaveAreasAreAppliedProperly" classname="PlayersWorlds.Maps.Maze.MazeGeneratorAreasTest" runstate="Runnable" seed="1143789769" result="Passed" start-time="2024-03-12T00:48:45.9255260Z" end-time="2024-03-12T00:48:46.0108390Z" duration="0.085313" asserts="90" />
                <test-case id="1-1172" name="CaveAreasAreAppliedProperly(PlayersWorlds.Maps.Maze.RecursiveBacktrackerMazeGenerator)" fullname="PlayersWorlds.Maps.Maze.MazeGeneratorAreasTest.CaveAreasAreAppliedProperly(PlayersWorlds.Maps.Maze.RecursiveBacktrackerMazeGenerator)" methodname="CaveAreasAreAppliedProperly" classname="PlayersWorlds.Maps.Maze.MazeGeneratorAreasTest" runstate="Runnable" seed="1720211396" result="Passed" start-time="2024-03-12T00:48:46.0108500Z" end-time="2024-03-12T00:48:46.0937310Z" duration="0.082882" asserts="90" />
                <test-case id="1-1173" name="CaveAreasAreAppliedProperly(PlayersWorlds.Maps.Maze.SidewinderMazeGenerator)" fullname="PlayersWorlds.Maps.Maze.MazeGeneratorAreasTest.CaveAreasAreAppliedProperly(PlayersWorlds.Maps.Maze.SidewinderMazeGenerator)" methodname="CaveAreasAreAppliedProperly" classname="PlayersWorlds.Maps.Maze.MazeGeneratorAreasTest" runstate="Runnable" seed="149482187" result="Passed" start-time="2024-03-12T00:48:46.0937430Z" end-time="2024-03-12T00:48:46.1988720Z" duration="0.105129" asserts="90" />
                <test-case id="1-1174" name="CaveAreasAreAppliedProperly(PlayersWorlds.Maps.Maze.WilsonsMazeGenerator)" fullname="PlayersWorlds.Maps.Maze.MazeGeneratorAreasTest.CaveAreasAreAppliedProperly(PlayersWorlds.Maps.Maze.WilsonsMazeGenerator)" methodname="CaveAreasAreAppliedProperly" classname="PlayersWorlds.Maps.Maze.MazeGeneratorAreasTest" runstate="Runnable" seed="1591009037" result="Passed" start-time="2024-03-12T00:48:46.1988820Z" end-time="2024-03-12T00:48:46.2864830Z" duration="0.087601" asserts="90" />
              </test-suite>
              <test-suite type="ParameterizedMethod" id="1-1232" name="DenseWalkways" fullname="PlayersWorlds.Maps.Maze.MazeGeneratorAreasTest.DenseWalkways" classname="PlayersWorlds.Maps.Maze.MazeGeneratorAreasTest" runstate="Runnable" testcasecount="18" result="Passed" start-time="2024-03-12T00:48:46.2865080Z" end-time="2024-03-12T00:48:52.0764220Z" duration="5.789914" total="18" passed="18" failed="0" warnings="0" inconclusive="0" skipped="0" asserts="540">
                <properties>
                  <property name="Repeat" value="10" />
                  <property name="Category" value="Integration" />
                </properties>
                <test-case id="1-1214" name="DenseWalkways(PlayersWorlds.Maps.Maze.AldousBroderMazeGenerator,Cave)" fullname="PlayersWorlds.Maps.Maze.MazeGeneratorAreasTest.DenseWalkways(PlayersWorlds.Maps.Maze.AldousBroderMazeGenerator,Cave)" methodname="DenseWalkways" classname="PlayersWorlds.Maps.Maze.MazeGeneratorAreasTest" runstate="Runnable" seed="899469254" result="Passed" start-time="2024-03-12T00:48:46.2865280Z" end-time="2024-03-12T00:48:46.6203690Z" duration="0.333840" asserts="30" />
                <test-case id="1-1215" name="DenseWalkways(PlayersWorlds.Maps.Maze.AldousBroderMazeGenerator,Hall)" fullname="PlayersWorlds.Maps.Maze.MazeGeneratorAreasTest.DenseWalkways(PlayersWorlds.Maps.Maze.AldousBroderMazeGenerator,Hall)" methodname="DenseWalkways" classname="PlayersWorlds.Maps.Maze.MazeGeneratorAreasTest" runstate="Runnable" seed="84419774" result="Passed" start-time="2024-03-12T00:48:46.6203850Z" end-time="2024-03-12T00:48:46.9467790Z" duration="0.326395" asserts="30" />
                <test-case id="1-1216" name="DenseWalkways(PlayersWorlds.Maps.Maze.AldousBroderMazeGenerator,Fill)" fullname="PlayersWorlds.Maps.Maze.MazeGeneratorAreasTest.DenseWalkways(PlayersWorlds.Maps.Maze.AldousBroderMazeGenerator,Fill)" methodname="DenseWalkways" classname="PlayersWorlds.Maps.Maze.MazeGeneratorAreasTest" runstate="Runnable" seed="164396584" result="Passed" start-time="2024-03-12T00:48:46.9467910Z" end-time="2024-03-12T00:48:47.2667540Z" duration="0.319962" asserts="30" />
                <test-case id="1-1217" name="DenseWalkways(PlayersWorlds.Maps.Maze.BinaryTreeMazeGenerator,Cave)" fullname="PlayersWorlds.Maps.Maze.MazeGeneratorAreasTest.DenseWalkways(PlayersWorlds.Maps.Maze.BinaryTreeMazeGenerator,Cave)" methodname="DenseWalkways" classname="PlayersWorlds.Maps.Maze.MazeGeneratorAreasTest" runstate="Runnable" seed="125194470" result="Passed" start-time="2024-03-12T00:48:47.2667680Z" end-time="2024-03-12T00:48:47.5943070Z" duration="0.327539" asserts="30" />
                <test-case id="1-1218" name="DenseWalkways(PlayersWorlds.Maps.Maze.BinaryTreeMazeGenerator,Hall)" fullname="PlayersWorlds.Maps.Maze.MazeGeneratorAreasTest.DenseWalkways(PlayersWorlds.Maps.Maze.BinaryTreeMazeGenerator,Hall)" methodname="DenseWalkways" classname="PlayersWorlds.Maps.Maze.MazeGeneratorAreasTest" runstate="Runnable" seed="669922606" result="Passed" start-time="2024-03-12T00:48:47.5943180Z" end-time="2024-03-12T00:48:47.9194780Z" duration="0.325160" asserts="30" />
                <test-case id="1-1219" name="DenseWalkways(PlayersWorlds.Maps.Maze.BinaryTreeMazeGenerator,Fill)" fullname="PlayersWorlds.Maps.Maze.MazeGeneratorAreasTest.DenseWalkways(PlayersWorlds.Maps.Maze.BinaryTreeMazeGenerator,Fill)" methodname="DenseWalkways" classname="PlayersWorlds.Maps.Maze.MazeGeneratorAreasTest" runstate="Runnable" seed="183182259" result="Passed" start-time="2024-03-12T00:48:47.9194930Z" end-time="2024-03-12T00:48:48.2406520Z" duration="0.321159" asserts="30" />
                <test-case id="1-1220" name="DenseWalkways(PlayersWorlds.Maps.Maze.HuntAndKillMazeGenerator,Cave)" fullname="PlayersWorlds.Maps.Maze.MazeGeneratorAreasTest.DenseWalkways(PlayersWorlds.Maps.Maze.HuntAndKillMazeGenerator,Cave)" methodname="DenseWalkways" classname="PlayersWorlds.Maps.Maze.MazeGeneratorAreasTest" runstate="Runnable" seed="81455023" result="Passed" start-time="2024-03-12T00:48:48.2406640Z" end-time="2024-03-12T00:48:48.5621170Z" duration="0.321453" asserts="30" />
                <test-case id="1-1221" name="DenseWalkways(PlayersWorlds.Maps.Maze.HuntAndKillMazeGenerator,Hall)" fullname="PlayersWorlds.Maps.Maze.MazeGeneratorAreasTest.DenseWalkways(PlayersWorlds.Maps.Maze.HuntAndKillMazeGenerator,Hall)" methodname="DenseWalkways" classname="PlayersWorlds.Maps.Maze.MazeGeneratorAreasTest" runstate="Runnable" seed="1564261136" result="Passed" start-time="2024-03-12T00:48:48.5621290Z" end-time="2024-03-12T00:48:48.8815340Z" duration="0.319405" asserts="30" />
                <test-case id="1-1222" name="DenseWalkways(PlayersWorlds.Maps.Maze.HuntAndKillMazeGenerator,Fill)" fullname="PlayersWorlds.Maps.Maze.MazeGeneratorAreasTest.DenseWalkways(PlayersWorlds.Maps.Maze.HuntAndKillMazeGenerator,Fill)" methodname="DenseWalkways" classname="PlayersWorlds.Maps.Maze.MazeGeneratorAreasTest" runstate="Runnable" seed="690713730" result="Passed" start-time="2024-03-12T00:48:48.8815510Z" end-time="2024-03-12T00:48:49.1969740Z" duration="0.315423" asserts="30" />
                <test-case id="1-1223" name="DenseWalkways(PlayersWorlds.Maps.Maze.RecursiveBacktrackerMazeGenerator,Cave)" fullname="PlayersWorlds.Maps.Maze.MazeGeneratorAreasTest.DenseWalkways(PlayersWorlds.Maps.Maze.RecursiveBacktrackerMazeGenerator,Cave)" methodname="DenseWalkways" classname="PlayersWorlds.Maps.Maze.MazeGeneratorAreasTest" runstate="Runnable" seed="1784448365" result="Passed" start-time="2024-03-12T00:48:49.1969960Z" end-time="2024-03-12T00:48:49.5222690Z" duration="0.325273" asserts="30" />
                <test-case id="1-1224" name="DenseWalkways(PlayersWorlds.Maps.Maze.RecursiveBacktrackerMazeGenerator,Hall)" fullname="PlayersWorlds.Maps.Maze.MazeGeneratorAreasTest.DenseWalkways(PlayersWorlds.Maps.Maze.RecursiveBacktrackerMazeGenerator,Hall)" methodname="DenseWalkways" classname="PlayersWorlds.Maps.Maze.MazeGeneratorAreasTest" runstate="Runnable" seed="101437907" result="Passed" start-time="2024-03-12T00:48:49.5222800Z" end-time="2024-03-12T00:48:49.8751220Z" duration="0.352842" asserts="30" />
                <test-case id="1-1225" name="DenseWalkways(PlayersWorlds.Maps.Maze.RecursiveBacktrackerMazeGenerator,Fill)" fullname="PlayersWorlds.Maps.Maze.MazeGeneratorAreasTest.DenseWalkways(PlayersWorlds.Maps.Maze.RecursiveBacktrackerMazeGenerator,Fill)" methodname="DenseWalkways" classname="PlayersWorlds.Maps.Maze.MazeGeneratorAreasTest" runstate="Runnable" seed="1283111072" result="Passed" start-time="2024-03-12T00:48:49.8751410Z" end-time="2024-03-12T00:48:50.1853620Z" duration="0.310221" asserts="30" />
                <test-case id="1-1226" name="DenseWalkways(PlayersWorlds.Maps.Maze.SidewinderMazeGenerator,Cave)" fullname="PlayersWorlds.Maps.Maze.MazeGeneratorAreasTest.DenseWalkways(PlayersWorlds.Maps.Maze.SidewinderMazeGenerator,Cave)" methodname="DenseWalkways" classname="PlayersWorlds.Maps.Maze.MazeGeneratorAreasTest" runstate="Runnable" seed="374150759" result="Passed" start-time="2024-03-12T00:48:50.1853870Z" end-time="2024-03-12T00:48:50.5117490Z" duration="0.326362" asserts="30" />
                <test-case id="1-1227" name="DenseWalkways(PlayersWorlds.Maps.Maze.SidewinderMazeGenerator,Hall)" fullname="PlayersWorlds.Maps.Maze.MazeGeneratorAreasTest.DenseWalkways(PlayersWorlds.Maps.Maze.SidewinderMazeGenerator,Hall)" methodname="DenseWalkways" classname="PlayersWorlds.Maps.Maze.MazeGeneratorAreasTest" runstate="Runnable" seed="1582159712" result="Passed" start-time="2024-03-12T00:48:50.5117710Z" end-time="2024-03-12T00:48:50.8277290Z" duration="0.315958" asserts="30" />
                <test-case id="1-1228" name="DenseWalkways(PlayersWorlds.Maps.Maze.SidewinderMazeGenerator,Fill)" fullname="PlayersWorlds.Maps.Maze.MazeGeneratorAreasTest.DenseWalkways(PlayersWorlds.Maps.Maze.SidewinderMazeGenerator,Fill)" methodname="DenseWalkways" classname="PlayersWorlds.Maps.Maze.MazeGeneratorAreasTest" runstate="Runnable" seed="2129711428" result="Passed" start-time="2024-03-12T00:48:50.8277430Z" end-time="2024-03-12T00:48:51.1393770Z" duration="0.311634" asserts="30" />
                <test-case id="1-1229" name="DenseWalkways(PlayersWorlds.Maps.Maze.WilsonsMazeGenerator,Cave)" fullname="PlayersWorlds.Maps.Maze.MazeGeneratorAreasTest.DenseWalkways(PlayersWorlds.Maps.Maze.WilsonsMazeGenerator,Cave)" methodname="DenseWalkways" classname="PlayersWorlds.Maps.Maze.MazeGeneratorAreasTest" runstate="Runnable" seed="2105646501" result="Passed" start-time="2024-03-12T00:48:51.1393880Z" end-time="2024-03-12T00:48:51.4532080Z" duration="0.313819" asserts="30" />
                <test-case id="1-1230" name="DenseWalkways(PlayersWorlds.Maps.Maze.WilsonsMazeGenerator,Hall)" fullname="PlayersWorlds.Maps.Maze.MazeGeneratorAreasTest.DenseWalkways(PlayersWorlds.Maps.Maze.WilsonsMazeGenerator,Hall)" methodname="DenseWalkways" classname="PlayersWorlds.Maps.Maze.MazeGeneratorAreasTest" runstate="Runnable" seed="19456228" result="Passed" start-time="2024-03-12T00:48:51.4532200Z" end-time="2024-03-12T00:48:51.7660120Z" duration="0.312792" asserts="30" />
                <test-case id="1-1231" name="DenseWalkways(PlayersWorlds.Maps.Maze.WilsonsMazeGenerator,Fill)" fullname="PlayersWorlds.Maps.Maze.MazeGeneratorAreasTest.DenseWalkways(PlayersWorlds.Maps.Maze.WilsonsMazeGenerator,Fill)" methodname="DenseWalkways" classname="PlayersWorlds.Maps.Maze.MazeGeneratorAreasTest" runstate="Runnable" seed="1780747891" result="Passed" start-time="2024-03-12T00:48:51.7660240Z" end-time="2024-03-12T00:48:52.0764070Z" duration="0.310382" asserts="30" />
              </test-suite>
              <test-suite type="ParameterizedMethod" id="1-1161" name="FillAreasAreAppliedProperly" fullname="PlayersWorlds.Maps.Maze.MazeGeneratorAreasTest.FillAreasAreAppliedProperly" classname="PlayersWorlds.Maps.Maze.MazeGeneratorAreasTest" runstate="Runnable" testcasecount="6" result="Passed" start-time="2024-03-12T00:48:52.0764350Z" end-time="2024-03-12T00:48:52.5436910Z" duration="0.467256" total="6" passed="6" failed="0" warnings="0" inconclusive="0" skipped="0" asserts="240">
                <properties>
                  <property name="Repeat" value="10" />
                  <property name="Category" value="Integration" />
                </properties>
                <test-case id="1-1155" name="FillAreasAreAppliedProperly(PlayersWorlds.Maps.Maze.AldousBroderMazeGenerator)" fullname="PlayersWorlds.Maps.Maze.MazeGeneratorAreasTest.FillAreasAreAppliedProperly(PlayersWorlds.Maps.Maze.AldousBroderMazeGenerator)" methodname="FillAreasAreAppliedProperly" classname="PlayersWorlds.Maps.Maze.MazeGeneratorAreasTest" runstate="Runnable" seed="35766611" result="Passed" start-time="2024-03-12T00:48:52.0764590Z" end-time="2024-03-12T00:48:52.1629710Z" duration="0.086512" asserts="40" />
                <test-case id="1-1156" name="FillAreasAreAppliedProperly(PlayersWorlds.Maps.Maze.BinaryTreeMazeGenerator)" fullname="PlayersWorlds.Maps.Maze.MazeGeneratorAreasTest.FillAreasAreAppliedProperly(PlayersWorlds.Maps.Maze.BinaryTreeMazeGenerator)" methodname="FillAreasAreAppliedProperly" classname="PlayersWorlds.Maps.Maze.MazeGeneratorAreasTest" runstate="Runnable" seed="1786132542" result="Passed" start-time="2024-03-12T00:48:52.1629810Z" end-time="2024-03-12T00:48:52.2442950Z" duration="0.081315" asserts="40" />
                <test-case id="1-1157" name="FillAreasAreAppliedProperly(PlayersWorlds.Maps.Maze.HuntAndKillMazeGenerator)" fullname="PlayersWorlds.Maps.Maze.MazeGeneratorAreasTest.FillAreasAreAppliedProperly(PlayersWorlds.Maps.Maze.HuntAndKillMazeGenerator)" methodname="FillAreasAreAppliedProperly" classname="PlayersWorlds.Maps.Maze.MazeGeneratorAreasTest" runstate="Runnable" seed="72626552" result="Passed" start-time="2024-03-12T00:48:52.2443040Z" end-time="2024-03-12T00:48:52.3238980Z" duration="0.079594" asserts="40" />
                <test-case id="1-1158" name="FillAreasAreAppliedProperly(PlayersWorlds.Maps.Maze.RecursiveBacktrackerMazeGenerator)" fullname="PlayersWorlds.Maps.Maze.MazeGeneratorAreasTest.FillAreasAreAppliedProperly(PlayersWorlds.Maps.Maze.RecursiveBacktrackerMazeGenerator)" methodname="FillAreasAreAppliedProperly" classname="PlayersWorlds.Maps.Maze.MazeGeneratorAreasTest" runstate="Runnable" seed="696364560" result="Passed" start-time="2024-03-12T00:48:52.3239140Z" end-time="2024-03-12T00:48:52.3898760Z" duration="0.065961" asserts="40" />
                <test-case id="1-1159" name="FillAreasAreAppliedProperly(PlayersWorlds.Maps.Maze.SidewinderMazeGenerator)" fullname="PlayersWorlds.Maps.Maze.MazeGeneratorAreasTest.FillAreasAreAppliedProperly(PlayersWorlds.Maps.Maze.SidewinderMazeGenerator)" methodname="FillAreasAreAppliedProperly" classname="PlayersWorlds.Maps.Maze.MazeGeneratorAreasTest" runstate="Runnable" seed="167052719" result="Passed" start-time="2024-03-12T00:48:52.3898850Z" end-time="2024-03-12T00:48:52.4750330Z" duration="0.085148" asserts="40" />
                <test-case id="1-1160" name="FillAreasAreAppliedProperly(PlayersWorlds.Maps.Maze.WilsonsMazeGenerator)" fullname="PlayersWorlds.Maps.Maze.MazeGeneratorAreasTest.FillAreasAreAppliedProperly(PlayersWorlds.Maps.Maze.WilsonsMazeGenerator)" methodname="FillAreasAreAppliedProperly" classname="PlayersWorlds.Maps.Maze.MazeGeneratorAreasTest" runstate="Runnable" seed="1399709233" result="Passed" start-time="2024-03-12T00:48:52.4750420Z" end-time="2024-03-12T00:48:52.5436790Z" duration="0.068637" asserts="40" />
              </test-suite>
              <test-suite type="ParameterizedMethod" id="1-1168" name="HallAreasAreAppliedProperly" fullname="PlayersWorlds.Maps.Maze.MazeGeneratorAreasTest.HallAreasAreAppliedProperly" classname="PlayersWorlds.Maps.Maze.MazeGeneratorAreasTest" runstate="Runnable" testcasecount="6" result="Passed" start-time="2024-03-12T00:48:52.5437040Z" end-time="2024-03-12T00:49:00.8053970Z" duration="8.261693" total="6" passed="6" failed="0" warnings="0" inconclusive="0" skipped="0" asserts="600">
                <properties>
                  <property name="Repeat" value="10" />
                  <property name="Category" value="Integration" />
                </properties>
                <test-case id="1-1162" name="HallAreasAreAppliedProperly(PlayersWorlds.Maps.Maze.AldousBroderMazeGenerator)" fullname="PlayersWorlds.Maps.Maze.MazeGeneratorAreasTest.HallAreasAreAppliedProperly(PlayersWorlds.Maps.Maze.AldousBroderMazeGenerator)" methodname="HallAreasAreAppliedProperly" classname="PlayersWorlds.Maps.Maze.MazeGeneratorAreasTest" runstate="Runnable" seed="1806640311" result="Passed" start-time="2024-03-12T00:48:52.5437270Z" end-time="2024-03-12T00:48:53.8965610Z" duration="1.352833" asserts="100" />
                <test-case id="1-1163" name="HallAreasAreAppliedProperly(PlayersWorlds.Maps.Maze.BinaryTreeMazeGenerator)" fullname="PlayersWorlds.Maps.Maze.MazeGeneratorAreasTest.HallAreasAreAppliedProperly(PlayersWorlds.Maps.Maze.BinaryTreeMazeGenerator)" methodname="HallAreasAreAppliedProperly" classname="PlayersWorlds.Maps.Maze.MazeGeneratorAreasTest" runstate="Runnable" seed="916266267" result="Passed" start-time="2024-03-12T00:48:53.8965740Z" end-time="2024-03-12T00:48:55.3686260Z" duration="1.472052" asserts="100" />
                <test-case id="1-1164" name="HallAreasAreAppliedProperly(PlayersWorlds.Maps.Maze.HuntAndKillMazeGenerator)" fullname="PlayersWorlds.Maps.Maze.MazeGeneratorAreasTest.HallAreasAreAppliedProperly(PlayersWorlds.Maps.Maze.HuntAndKillMazeGenerator)" methodname="HallAreasAreAppliedProperly" classname="PlayersWorlds.Maps.Maze.MazeGeneratorAreasTest" runstate="Runnable" seed="962057137" result="Passed" start-time="2024-03-12T00:48:55.3686400Z" end-time="2024-03-12T00:48:56.7630130Z" duration="1.394373" asserts="100" />
                <test-case id="1-1165" name="HallAreasAreAppliedProperly(PlayersWorlds.Maps.Maze.RecursiveBacktrackerMazeGenerator)" fullname="PlayersWorlds.Maps.Maze.MazeGeneratorAreasTest.HallAreasAreAppliedProperly(PlayersWorlds.Maps.Maze.RecursiveBacktrackerMazeGenerator)" methodname="HallAreasAreAppliedProperly" classname="PlayersWorlds.Maps.Maze.MazeGeneratorAreasTest" runstate="Runnable" seed="1739959982" result="Passed" start-time="2024-03-12T00:48:56.7630290Z" end-time="2024-03-12T00:48:57.9952250Z" duration="1.232196" asserts="100" />
                <test-case id="1-1166" name="HallAreasAreAppliedProperly(PlayersWorlds.Maps.Maze.SidewinderMazeGenerator)" fullname="PlayersWorlds.Maps.Maze.MazeGeneratorAreasTest.HallAreasAreAppliedProperly(PlayersWorlds.Maps.Maze.SidewinderMazeGenerator)" methodname="HallAreasAreAppliedProperly" classname="PlayersWorlds.Maps.Maze.MazeGeneratorAreasTest" runstate="Runnable" seed="316479922" result="Passed" start-time="2024-03-12T00:48:57.9952430Z" end-time="2024-03-12T00:48:59.4885580Z" duration="1.493315" asserts="100" />
                <test-case id="1-1167" name="HallAreasAreAppliedProperly(PlayersWorlds.Maps.Maze.WilsonsMazeGenerator)" fullname="PlayersWorlds.Maps.Maze.MazeGeneratorAreasTest.HallAreasAreAppliedProperly(PlayersWorlds.Maps.Maze.WilsonsMazeGenerator)" methodname="HallAreasAreAppliedProperly" classname="PlayersWorlds.Maps.Maze.MazeGeneratorAreasTest" runstate="Runnable" seed="449161585" result="Passed" start-time="2024-03-12T00:48:59.4885720Z" end-time="2024-03-12T00:49:00.8053800Z" duration="1.316808" asserts="100" />
              </test-suite>
              <test-case id="1-1361" name="ManualAndAutoAreasGeneration" fullname="PlayersWorlds.Maps.Maze.MazeGeneratorAreasTest.ManualAndAutoAreasGeneration" methodname="ManualAndAutoAreasGeneration" classname="PlayersWorlds.Maps.Maze.MazeGeneratorAreasTest" runstate="Runnable" seed="159303077" result="Passed" start-time="2024-03-12T00:49:00.8054100Z" end-time="2024-03-12T00:49:36.1190480Z" duration="35.313638" asserts="200">
                <properties>
                  <property name="Repeat" value="100" />
                  <property name="Category" value="Integration" />
                </properties>
              </test-case>
              <test-suite type="ParameterizedMethod" id="1-1194" name="OverlappingAreasAreAppliedProperly" fullname="PlayersWorlds.Maps.Maze.MazeGeneratorAreasTest.OverlappingAreasAreAppliedProperly" classname="PlayersWorlds.Maps.Maze.MazeGeneratorAreasTest" runstate="Runnable" testcasecount="18" result="Passed" start-time="2024-03-12T00:49:36.1190610Z" end-time="2024-03-12T00:49:37.9372210Z" duration="1.818159" total="18" passed="18" failed="0" warnings="0" inconclusive="0" skipped="0" asserts="1320">
                <properties>
                  <property name="Repeat" value="10" />
                  <property name="Category" value="Integration" />
                </properties>
                <test-case id="1-1176" name="OverlappingAreasAreAppliedProperly(PlayersWorlds.Maps.Maze.AldousBroderMazeGenerator,Cave)" fullname="PlayersWorlds.Maps.Maze.MazeGeneratorAreasTest.OverlappingAreasAreAppliedProperly(PlayersWorlds.Maps.Maze.AldousBroderMazeGenerator,Cave)" methodname="OverlappingAreasAreAppliedProperly" classname="PlayersWorlds.Maps.Maze.MazeGeneratorAreasTest" runstate="Runnable" seed="786846246" result="Passed" start-time="2024-03-12T00:49:36.1190890Z" end-time="2024-03-12T00:49:36.2544270Z" duration="0.135338" asserts="80" />
                <test-case id="1-1177" name="OverlappingAreasAreAppliedProperly(PlayersWorlds.Maps.Maze.AldousBroderMazeGenerator,Hall)" fullname="PlayersWorlds.Maps.Maze.MazeGeneratorAreasTest.OverlappingAreasAreAppliedProperly(PlayersWorlds.Maps.Maze.AldousBroderMazeGenerator,Hall)" methodname="OverlappingAreasAreAppliedProperly" classname="PlayersWorlds.Maps.Maze.MazeGeneratorAreasTest" runstate="Runnable" seed="749427834" result="Passed" start-time="2024-03-12T00:49:36.2544430Z" end-time="2024-03-12T00:49:36.3610330Z" duration="0.106590" asserts="80" />
                <test-case id="1-1178" name="OverlappingAreasAreAppliedProperly(PlayersWorlds.Maps.Maze.AldousBroderMazeGenerator,Fill)" fullname="PlayersWorlds.Maps.Maze.MazeGeneratorAreasTest.OverlappingAreasAreAppliedProperly(PlayersWorlds.Maps.Maze.AldousBroderMazeGenerator,Fill)" methodname="OverlappingAreasAreAppliedProperly" classname="PlayersWorlds.Maps.Maze.MazeGeneratorAreasTest" runstate="Runnable" seed="678611741" result="Passed" start-time="2024-03-12T00:49:36.3610450Z" end-time="2024-03-12T00:49:36.4566340Z" duration="0.095589" asserts="60" />
                <test-case id="1-1179" name="OverlappingAreasAreAppliedProperly(PlayersWorlds.Maps.Maze.BinaryTreeMazeGenerator,Cave)" fullname="PlayersWorlds.Maps.Maze.MazeGeneratorAreasTest.OverlappingAreasAreAppliedProperly(PlayersWorlds.Maps.Maze.BinaryTreeMazeGenerator,Cave)" methodname="OverlappingAreasAreAppliedProperly" classname="PlayersWorlds.Maps.Maze.MazeGeneratorAreasTest" runstate="Runnable" seed="101918146" result="Passed" start-time="2024-03-12T00:49:36.4566470Z" end-time="2024-03-12T00:49:36.5857560Z" duration="0.129109" asserts="80" />
                <test-case id="1-1180" name="OverlappingAreasAreAppliedProperly(PlayersWorlds.Maps.Maze.BinaryTreeMazeGenerator,Hall)" fullname="PlayersWorlds.Maps.Maze.MazeGeneratorAreasTest.OverlappingAreasAreAppliedProperly(PlayersWorlds.Maps.Maze.BinaryTreeMazeGenerator,Hall)" methodname="OverlappingAreasAreAppliedProperly" classname="PlayersWorlds.Maps.Maze.MazeGeneratorAreasTest" runstate="Runnable" seed="392992547" result="Passed" start-time="2024-03-12T00:49:36.5857680Z" end-time="2024-03-12T00:49:36.6831570Z" duration="0.097389" asserts="80" />
                <test-case id="1-1181" name="OverlappingAreasAreAppliedProperly(PlayersWorlds.Maps.Maze.BinaryTreeMazeGenerator,Fill)" fullname="PlayersWorlds.Maps.Maze.MazeGeneratorAreasTest.OverlappingAreasAreAppliedProperly(PlayersWorlds.Maps.Maze.BinaryTreeMazeGenerator,Fill)" methodname="OverlappingAreasAreAppliedProperly" classname="PlayersWorlds.Maps.Maze.MazeGeneratorAreasTest" runstate="Runnable" seed="1357417193" result="Passed" start-time="2024-03-12T00:49:36.6831680Z" end-time="2024-03-12T00:49:36.7722440Z" duration="0.089076" asserts="60" />
                <test-case id="1-1182" name="OverlappingAreasAreAppliedProperly(PlayersWorlds.Maps.Maze.HuntAndKillMazeGenerator,Cave)" fullname="PlayersWorlds.Maps.Maze.MazeGeneratorAreasTest.OverlappingAreasAreAppliedProperly(PlayersWorlds.Maps.Maze.HuntAndKillMazeGenerator,Cave)" methodname="OverlappingAreasAreAppliedProperly" classname="PlayersWorlds.Maps.Maze.MazeGeneratorAreasTest" runstate="Runnable" seed="2036389103" result="Passed" start-time="2024-03-12T00:49:36.7722550Z" end-time="2024-03-12T00:49:36.8855730Z" duration="0.113318" asserts="80" />
                <test-case id="1-1183" name="OverlappingAreasAreAppliedProperly(PlayersWorlds.Maps.Maze.HuntAndKillMazeGenerator,Hall)" fullname="PlayersWorlds.Maps.Maze.MazeGeneratorAreasTest.OverlappingAreasAreAppliedProperly(PlayersWorlds.Maps.Maze.HuntAndKillMazeGenerator,Hall)" methodname="OverlappingAreasAreAppliedProperly" classname="PlayersWorlds.Maps.Maze.MazeGeneratorAreasTest" runstate="Runnable" seed="1610949177" result="Passed" start-time="2024-03-12T00:49:36.8855870Z" end-time="2024-03-12T00:49:36.9679950Z" duration="0.082409" asserts="80" />
                <test-case id="1-1184" name="OverlappingAreasAreAppliedProperly(PlayersWorlds.Maps.Maze.HuntAndKillMazeGenerator,Fill)" fullname="PlayersWorlds.Maps.Maze.MazeGeneratorAreasTest.OverlappingAreasAreAppliedProperly(PlayersWorlds.Maps.Maze.HuntAndKillMazeGenerator,Fill)" methodname="OverlappingAreasAreAppliedProperly" classname="PlayersWorlds.Maps.Maze.MazeGeneratorAreasTest" runstate="Runnable" seed="575819824" result="Passed" start-time="2024-03-12T00:49:36.9680100Z" end-time="2024-03-12T00:49:37.0443070Z" duration="0.076298" asserts="60" />
                <test-case id="1-1185" name="OverlappingAreasAreAppliedProperly(PlayersWorlds.Maps.Maze.RecursiveBacktrackerMazeGenerator,Cave)" fullname="PlayersWorlds.Maps.Maze.MazeGeneratorAreasTest.OverlappingAreasAreAppliedProperly(PlayersWorlds.Maps.Maze.RecursiveBacktrackerMazeGenerator,Cave)" methodname="OverlappingAreasAreAppliedProperly" classname="PlayersWorlds.Maps.Maze.MazeGeneratorAreasTest" runstate="Runnable" seed="1662366739" result="Passed" start-time="2024-03-12T00:49:37.0443200Z" end-time="2024-03-12T00:49:37.1557400Z" duration="0.111420" asserts="80" />
                <test-case id="1-1186" name="OverlappingAreasAreAppliedProperly(PlayersWorlds.Maps.Maze.RecursiveBacktrackerMazeGenerator,Hall)" fullname="PlayersWorlds.Maps.Maze.MazeGeneratorAreasTest.OverlappingAreasAreAppliedProperly(PlayersWorlds.Maps.Maze.RecursiveBacktrackerMazeGenerator,Hall)" methodname="OverlappingAreasAreAppliedProperly" classname="PlayersWorlds.Maps.Maze.MazeGeneratorAreasTest" runstate="Runnable" seed="1014013320" result="Passed" start-time="2024-03-12T00:49:37.1557520Z" end-time="2024-03-12T00:49:37.2409150Z" duration="0.085164" asserts="80" />
                <test-case id="1-1187" name="OverlappingAreasAreAppliedProperly(PlayersWorlds.Maps.Maze.RecursiveBacktrackerMazeGenerator,Fill)" fullname="PlayersWorlds.Maps.Maze.MazeGeneratorAreasTest.OverlappingAreasAreAppliedProperly(PlayersWorlds.Maps.Maze.RecursiveBacktrackerMazeGenerator,Fill)" methodname="OverlappingAreasAreAppliedProperly" classname="PlayersWorlds.Maps.Maze.MazeGeneratorAreasTest" runstate="Runnable" seed="509028731" result="Passed" start-time="2024-03-12T00:49:37.2409280Z" end-time="2024-03-12T00:49:37.3173730Z" duration="0.076445" asserts="60" />
                <test-case id="1-1188" name="OverlappingAreasAreAppliedProperly(PlayersWorlds.Maps.Maze.SidewinderMazeGenerator,Cave)" fullname="PlayersWorlds.Maps.Maze.MazeGeneratorAreasTest.OverlappingAreasAreAppliedProperly(PlayersWorlds.Maps.Maze.SidewinderMazeGenerator,Cave)" methodname="OverlappingAreasAreAppliedProperly" classname="PlayersWorlds.Maps.Maze.MazeGeneratorAreasTest" runstate="Runnable" seed="1499513828" result="Passed" start-time="2024-03-12T00:49:37.3173840Z" end-time="2024-03-12T00:49:37.4528740Z" duration="0.135491" asserts="80" />
                <test-case id="1-1189" name="OverlappingAreasAreAppliedProperly(PlayersWorlds.Maps.Maze.SidewinderMazeGenerator,Hall)" fullname="PlayersWorlds.Maps.Maze.MazeGeneratorAreasTest.OverlappingAreasAreAppliedProperly(PlayersWorlds.Maps.Maze.SidewinderMazeGenerator,Hall)" methodname="OverlappingAreasAreAppliedProperly" classname="PlayersWorlds.Maps.Maze.MazeGeneratorAreasTest" runstate="Runnable" seed="874495163" result="Passed" start-time="2024-03-12T00:49:37.4528890Z" end-time="2024-03-12T00:49:37.5543270Z" duration="0.101438" asserts="80" />
                <test-case id="1-1190" name="OverlappingAreasAreAppliedProperly(PlayersWorlds.Maps.Maze.SidewinderMazeGenerator,Fill)" fullname="PlayersWorlds.Maps.Maze.MazeGeneratorAreasTest.OverlappingAreasAreAppliedProperly(PlayersWorlds.Maps.Maze.SidewinderMazeGenerator,Fill)" methodname="OverlappingAreasAreAppliedProperly" classname="PlayersWorlds.Maps.Maze.MazeGeneratorAreasTest" runstate="Runnable" seed="1930617226" result="Passed" start-time="2024-03-12T00:49:37.5543390Z" end-time="2024-03-12T00:49:37.6506230Z" duration="0.096285" asserts="60" />
                <test-case id="1-1191" name="OverlappingAreasAreAppliedProperly(PlayersWorlds.Maps.Maze.WilsonsMazeGenerator,Cave)" fullname="PlayersWorlds.Maps.Maze.MazeGeneratorAreasTest.OverlappingAreasAreAppliedProperly(PlayersWorlds.Maps.Maze.WilsonsMazeGenerator,Cave)" methodname="OverlappingAreasAreAppliedProperly" classname="PlayersWorlds.Maps.Maze.MazeGeneratorAreasTest" runstate="Runnable" seed="1282692350" result="Passed" start-time="2024-03-12T00:49:37.6506360Z" end-time="2024-03-12T00:49:37.7637330Z" duration="0.113097" asserts="80" />
                <test-case id="1-1192" name="OverlappingAreasAreAppliedProperly(PlayersWorlds.Maps.Maze.WilsonsMazeGenerator,Hall)" fullname="PlayersWorlds.Maps.Maze.MazeGeneratorAreasTest.OverlappingAreasAreAppliedProperly(PlayersWorlds.Maps.Maze.WilsonsMazeGenerator,Hall)" methodname="OverlappingAreasAreAppliedProperly" classname="PlayersWorlds.Maps.Maze.MazeGeneratorAreasTest" runstate="Runnable" seed="1455193262" result="Passed" start-time="2024-03-12T00:49:37.7637440Z" end-time="2024-03-12T00:49:37.8527770Z" duration="0.089032" asserts="80" />
                <test-case id="1-1193" name="OverlappingAreasAreAppliedProperly(PlayersWorlds.Maps.Maze.WilsonsMazeGenerator,Fill)" fullname="PlayersWorlds.Maps.Maze.MazeGeneratorAreasTest.OverlappingAreasAreAppliedProperly(PlayersWorlds.Maps.Maze.WilsonsMazeGenerator,Fill)" methodname="OverlappingAreasAreAppliedProperly" classname="PlayersWorlds.Maps.Maze.MazeGeneratorAreasTest" runstate="Runnable" seed="836698769" result="Passed" start-time="2024-03-12T00:49:37.8527870Z" end-time="2024-03-12T00:49:37.9372070Z" duration="0.084420" asserts="60" />
              </test-suite>
              <test-suite type="ParameterizedMethod" id="1-1360" name="ScatteredAreas" fullname="PlayersWorlds.Maps.Maze.MazeGeneratorAreasTest.ScatteredAreas" classname="PlayersWorlds.Maps.Maze.MazeGeneratorAreasTest" runstate="Runnable" testcasecount="126" result="Skipped" label="Ignored" site="Child" start-time="2024-03-12T00:49:37.9372330Z" end-time="2024-03-12T00:50:00.6562240Z" duration="22.718990" total="126" passed="24" failed="0" warnings="0" inconclusive="0" skipped="102" asserts="480">
                <properties>
                  <property name="Repeat" value="10" />
                  <property name="Category" value="Integration" />
                </properties>
                <reason>
                  <message><![CDATA[One or more child tests were ignored]]></message>
                </reason>
                <test-case id="1-1234" name="ScatteredAreas(PlayersWorlds.Maps.Maze.AldousBroderMazeGenerator,Cave,Quarter)" fullname="PlayersWorlds.Maps.Maze.MazeGeneratorAreasTest.ScatteredAreas(PlayersWorlds.Maps.Maze.AldousBroderMazeGenerator,Cave,Quarter)" methodname="ScatteredAreas" classname="PlayersWorlds.Maps.Maze.MazeGeneratorAreasTest" runstate="Runnable" seed="1864333525" result="Skipped" label="Ignored" start-time="2024-03-12T00:49:37.9372610Z" end-time="2024-03-12T00:49:37.9432260Z" duration="0.005965" asserts="0" />
                <test-case id="1-1235" name="ScatteredAreas(PlayersWorlds.Maps.Maze.AldousBroderMazeGenerator,Cave,Half)" fullname="PlayersWorlds.Maps.Maze.MazeGeneratorAreasTest.ScatteredAreas(PlayersWorlds.Maps.Maze.AldousBroderMazeGenerator,Cave,Half)" methodname="ScatteredAreas" classname="PlayersWorlds.Maps.Maze.MazeGeneratorAreasTest" runstate="Runnable" seed="1312936678" result="Skipped" label="Ignored" start-time="2024-03-12T00:49:37.9432550Z" end-time="2024-03-12T00:49:37.9433360Z" duration="0.000080" asserts="0" />
                <test-case id="1-1236" name="ScatteredAreas(PlayersWorlds.Maps.Maze.AldousBroderMazeGenerator,Cave,ThreeQuarters)" fullname="PlayersWorlds.Maps.Maze.MazeGeneratorAreasTest.ScatteredAreas(PlayersWorlds.Maps.Maze.AldousBroderMazeGenerator,Cave,ThreeQuarters)" methodname="ScatteredAreas" classname="PlayersWorlds.Maps.Maze.MazeGeneratorAreasTest" runstate="Runnable" seed="393401664" result="Skipped" label="Ignored" start-time="2024-03-12T00:49:37.9433410Z" end-time="2024-03-12T00:49:37.9434000Z" duration="0.000058" asserts="0" />
                <test-case id="1-1237" name="ScatteredAreas(PlayersWorlds.Maps.Maze.AldousBroderMazeGenerator,Cave,NinetyPercent)" fullname="PlayersWorlds.Maps.Maze.MazeGeneratorAreasTest.ScatteredAreas(PlayersWorlds.Maps.Maze.AldousBroderMazeGenerator,Cave,NinetyPercent)" methodname="ScatteredAreas" classname="PlayersWorlds.Maps.Maze.MazeGeneratorAreasTest" runstate="Runnable" seed="884353538" result="Skipped" label="Ignored" start-time="2024-03-12T00:49:37.9434040Z" end-time="2024-03-12T00:49:37.9434580Z" duration="0.000053" asserts="0" />
                <test-case id="1-1238" name="ScatteredAreas(PlayersWorlds.Maps.Maze.AldousBroderMazeGenerator,Cave,FullWidth)" fullname="PlayersWorlds.Maps.Maze.MazeGeneratorAreasTest.ScatteredAreas(PlayersWorlds.Maps.Maze.AldousBroderMazeGenerator,Cave,FullWidth)" methodname="ScatteredAreas" classname="PlayersWorlds.Maps.Maze.MazeGeneratorAreasTest" runstate="Runnable" seed="711176216" result="Skipped" label="Ignored" start-time="2024-03-12T00:49:37.9434620Z" end-time="2024-03-12T00:49:37.9435130Z" duration="0.000051" asserts="0" />
                <test-case id="1-1239" name="ScatteredAreas(PlayersWorlds.Maps.Maze.AldousBroderMazeGenerator,Cave,FullHeight)" fullname="PlayersWorlds.Maps.Maze.MazeGeneratorAreasTest.ScatteredAreas(PlayersWorlds.Maps.Maze.AldousBroderMazeGenerator,Cave,FullHeight)" methodname="ScatteredAreas" classname="PlayersWorlds.Maps.Maze.MazeGeneratorAreasTest" runstate="Runnable" seed="1042002406" result="Skipped" label="Ignored" start-time="2024-03-12T00:49:37.9435170Z" end-time="2024-03-12T00:49:37.9435670Z" duration="0.000050" asserts="0" />
                <test-case id="1-1240" name="ScatteredAreas(PlayersWorlds.Maps.Maze.AldousBroderMazeGenerator,Cave,Full)" fullname="PlayersWorlds.Maps.Maze.MazeGeneratorAreasTest.ScatteredAreas(PlayersWorlds.Maps.Maze.AldousBroderMazeGenerator,Cave,Full)" methodname="ScatteredAreas" classname="PlayersWorlds.Maps.Maze.MazeGeneratorAreasTest" runstate="Runnable" seed="888033327" result="Passed" start-time="2024-03-12T00:49:37.9435710Z" end-time="2024-03-12T00:49:39.0310210Z" duration="1.087450" asserts="20" />
                <test-case id="1-1241" name="ScatteredAreas(PlayersWorlds.Maps.Maze.AldousBroderMazeGenerator,Hall,Quarter)" fullname="PlayersWorlds.Maps.Maze.MazeGeneratorAreasTest.ScatteredAreas(PlayersWorlds.Maps.Maze.AldousBroderMazeGenerator,Hall,Quarter)" methodname="ScatteredAreas" classname="PlayersWorlds.Maps.Maze.MazeGeneratorAreasTest" runstate="Runnable" seed="167000962" result="Skipped" label="Ignored" start-time="2024-03-12T00:49:39.0310390Z" end-time="2024-03-12T00:49:39.0312130Z" duration="0.000174" asserts="0" />
                <test-case id="1-1242" name="ScatteredAreas(PlayersWorlds.Maps.Maze.AldousBroderMazeGenerator,Hall,Half)" fullname="PlayersWorlds.Maps.Maze.MazeGeneratorAreasTest.ScatteredAreas(PlayersWorlds.Maps.Maze.AldousBroderMazeGenerator,Hall,Half)" methodname="ScatteredAreas" classname="PlayersWorlds.Maps.Maze.MazeGeneratorAreasTest" runstate="Runnable" seed="740231964" result="Skipped" label="Ignored" start-time="2024-03-12T00:49:39.0312210Z" end-time="2024-03-12T00:49:39.0313100Z" duration="0.000089" asserts="0" />
                <test-case id="1-1243" name="ScatteredAreas(PlayersWorlds.Maps.Maze.AldousBroderMazeGenerator,Hall,ThreeQuarters)" fullname="PlayersWorlds.Maps.Maze.MazeGeneratorAreasTest.ScatteredAreas(PlayersWorlds.Maps.Maze.AldousBroderMazeGenerator,Hall,ThreeQuarters)" methodname="ScatteredAreas" classname="PlayersWorlds.Maps.Maze.MazeGeneratorAreasTest" runstate="Runnable" seed="351742453" result="Skipped" label="Ignored" start-time="2024-03-12T00:49:39.0313180Z" end-time="2024-03-12T00:49:39.0313810Z" duration="0.000064" asserts="0" />
                <test-case id="1-1244" name="ScatteredAreas(PlayersWorlds.Maps.Maze.AldousBroderMazeGenerator,Hall,NinetyPercent)" fullname="PlayersWorlds.Maps.Maze.MazeGeneratorAreasTest.ScatteredAreas(PlayersWorlds.Maps.Maze.AldousBroderMazeGenerator,Hall,NinetyPercent)" methodname="ScatteredAreas" classname="PlayersWorlds.Maps.Maze.MazeGeneratorAreasTest" runstate="Runnable" seed="173162934" result="Skipped" label="Ignored" start-time="2024-03-12T00:49:39.0313860Z" end-time="2024-03-12T00:49:39.0314380Z" duration="0.000052" asserts="0" />
                <test-case id="1-1245" name="ScatteredAreas(PlayersWorlds.Maps.Maze.AldousBroderMazeGenerator,Hall,FullWidth)" fullname="PlayersWorlds.Maps.Maze.MazeGeneratorAreasTest.ScatteredAreas(PlayersWorlds.Maps.Maze.AldousBroderMazeGenerator,Hall,FullWidth)" methodname="ScatteredAreas" classname="PlayersWorlds.Maps.Maze.MazeGeneratorAreasTest" runstate="Runnable" seed="289813328" result="Skipped" label="Ignored" start-time="2024-03-12T00:49:39.0314430Z" end-time="2024-03-12T00:49:39.0314920Z" duration="0.000049" asserts="0" />
                <test-case id="1-1246" name="ScatteredAreas(PlayersWorlds.Maps.Maze.AldousBroderMazeGenerator,Hall,FullHeight)" fullname="PlayersWorlds.Maps.Maze.MazeGeneratorAreasTest.ScatteredAreas(PlayersWorlds.Maps.Maze.AldousBroderMazeGenerator,Hall,FullHeight)" methodname="ScatteredAreas" classname="PlayersWorlds.Maps.Maze.MazeGeneratorAreasTest" runstate="Runnable" seed="210926958" result="Skipped" label="Ignored" start-time="2024-03-12T00:49:39.0314960Z" end-time="2024-03-12T00:49:39.0315620Z" duration="0.000066" asserts="0" />
                <test-case id="1-1247" name="ScatteredAreas(PlayersWorlds.Maps.Maze.AldousBroderMazeGenerator,Hall,Full)" fullname="PlayersWorlds.Maps.Maze.MazeGeneratorAreasTest.ScatteredAreas(PlayersWorlds.Maps.Maze.AldousBroderMazeGenerator,Hall,Full)" methodname="ScatteredAreas" classname="PlayersWorlds.Maps.Maze.MazeGeneratorAreasTest" runstate="Runnable" seed="2109470010" result="Passed" start-time="2024-03-12T00:49:39.0315690Z" end-time="2024-03-12T00:49:40.0720780Z" duration="1.040508" asserts="20" />
                <test-case id="1-1248" name="ScatteredAreas(PlayersWorlds.Maps.Maze.AldousBroderMazeGenerator,Fill,Quarter)" fullname="PlayersWorlds.Maps.Maze.MazeGeneratorAreasTest.ScatteredAreas(PlayersWorlds.Maps.Maze.AldousBroderMazeGenerator,Fill,Quarter)" methodname="ScatteredAreas" classname="PlayersWorlds.Maps.Maze.MazeGeneratorAreasTest" runstate="Runnable" seed="1064691007" result="Skipped" label="Ignored" start-time="2024-03-12T00:49:40.0720920Z" end-time="2024-03-12T00:49:40.0722260Z" duration="0.000134" asserts="0" />
                <test-case id="1-1249" name="ScatteredAreas(PlayersWorlds.Maps.Maze.AldousBroderMazeGenerator,Fill,Half)" fullname="PlayersWorlds.Maps.Maze.MazeGeneratorAreasTest.ScatteredAreas(PlayersWorlds.Maps.Maze.AldousBroderMazeGenerator,Fill,Half)" methodname="ScatteredAreas" classname="PlayersWorlds.Maps.Maze.MazeGeneratorAreasTest" runstate="Runnable" seed="1845465434" result="Skipped" label="Ignored" start-time="2024-03-12T00:49:40.0722320Z" end-time="2024-03-12T00:49:40.0722890Z" duration="0.000058" asserts="0" />
                <test-case id="1-1250" name="ScatteredAreas(PlayersWorlds.Maps.Maze.AldousBroderMazeGenerator,Fill,ThreeQuarters)" fullname="PlayersWorlds.Maps.Maze.MazeGeneratorAreasTest.ScatteredAreas(PlayersWorlds.Maps.Maze.AldousBroderMazeGenerator,Fill,ThreeQuarters)" methodname="ScatteredAreas" classname="PlayersWorlds.Maps.Maze.MazeGeneratorAreasTest" runstate="Runnable" seed="1008909567" result="Skipped" label="Ignored" start-time="2024-03-12T00:49:40.0722940Z" end-time="2024-03-12T00:49:40.0723460Z" duration="0.000053" asserts="0" />
                <test-case id="1-1251" name="ScatteredAreas(PlayersWorlds.Maps.Maze.AldousBroderMazeGenerator,Fill,NinetyPercent)" fullname="PlayersWorlds.Maps.Maze.MazeGeneratorAreasTest.ScatteredAreas(PlayersWorlds.Maps.Maze.AldousBroderMazeGenerator,Fill,NinetyPercent)" methodname="ScatteredAreas" classname="PlayersWorlds.Maps.Maze.MazeGeneratorAreasTest" runstate="Runnable" seed="218472777" result="Skipped" label="Ignored" start-time="2024-03-12T00:49:40.0723510Z" end-time="2024-03-12T00:49:40.0723990Z" duration="0.000049" asserts="0" />
                <test-case id="1-1252" name="ScatteredAreas(PlayersWorlds.Maps.Maze.AldousBroderMazeGenerator,Fill,FullWidth)" fullname="PlayersWorlds.Maps.Maze.MazeGeneratorAreasTest.ScatteredAreas(PlayersWorlds.Maps.Maze.AldousBroderMazeGenerator,Fill,FullWidth)" methodname="ScatteredAreas" classname="PlayersWorlds.Maps.Maze.MazeGeneratorAreasTest" runstate="Runnable" seed="185107911" result="Skipped" label="Ignored" start-time="2024-03-12T00:49:40.0724040Z" end-time="2024-03-12T00:49:40.0724520Z" duration="0.000049" asserts="0" />
                <test-case id="1-1253" name="ScatteredAreas(PlayersWorlds.Maps.Maze.AldousBroderMazeGenerator,Fill,FullHeight)" fullname="PlayersWorlds.Maps.Maze.MazeGeneratorAreasTest.ScatteredAreas(PlayersWorlds.Maps.Maze.AldousBroderMazeGenerator,Fill,FullHeight)" methodname="ScatteredAreas" classname="PlayersWorlds.Maps.Maze.MazeGeneratorAreasTest" runstate="Runnable" seed="1590283931" result="Skipped" label="Ignored" start-time="2024-03-12T00:49:40.0724560Z" end-time="2024-03-12T00:49:40.0725040Z" duration="0.000048" asserts="0" />
                <test-case id="1-1254" name="ScatteredAreas(PlayersWorlds.Maps.Maze.AldousBroderMazeGenerator,Fill,Full)" fullname="PlayersWorlds.Maps.Maze.MazeGeneratorAreasTest.ScatteredAreas(PlayersWorlds.Maps.Maze.AldousBroderMazeGenerator,Fill,Full)" methodname="ScatteredAreas" classname="PlayersWorlds.Maps.Maze.MazeGeneratorAreasTest" runstate="Runnable" seed="1980663651" result="Skipped" label="Ignored" start-time="2024-03-12T00:49:40.0725080Z" end-time="2024-03-12T00:49:40.0725560Z" duration="0.000048" asserts="0" />
                <test-case id="1-1255" name="ScatteredAreas(PlayersWorlds.Maps.Maze.BinaryTreeMazeGenerator,Cave,Quarter)" fullname="PlayersWorlds.Maps.Maze.MazeGeneratorAreasTest.ScatteredAreas(PlayersWorlds.Maps.Maze.BinaryTreeMazeGenerator,Cave,Quarter)" methodname="ScatteredAreas" classname="PlayersWorlds.Maps.Maze.MazeGeneratorAreasTest" runstate="Runnable" seed="650513153" result="Skipped" label="Ignored" start-time="2024-03-12T00:49:40.0725600Z" end-time="2024-03-12T00:49:40.0726160Z" duration="0.000057" asserts="0" />
                <test-case id="1-1256" name="ScatteredAreas(PlayersWorlds.Maps.Maze.BinaryTreeMazeGenerator,Cave,Half)" fullname="PlayersWorlds.Maps.Maze.MazeGeneratorAreasTest.ScatteredAreas(PlayersWorlds.Maps.Maze.BinaryTreeMazeGenerator,Cave,Half)" methodname="ScatteredAreas" classname="PlayersWorlds.Maps.Maze.MazeGeneratorAreasTest" runstate="Runnable" seed="700756884" result="Skipped" label="Ignored" start-time="2024-03-12T00:49:40.0726220Z" end-time="2024-03-12T00:49:40.0726770Z" duration="0.000055" asserts="0" />
                <test-case id="1-1257" name="ScatteredAreas(PlayersWorlds.Maps.Maze.BinaryTreeMazeGenerator,Cave,ThreeQuarters)" fullname="PlayersWorlds.Maps.Maze.MazeGeneratorAreasTest.ScatteredAreas(PlayersWorlds.Maps.Maze.BinaryTreeMazeGenerator,Cave,ThreeQuarters)" methodname="ScatteredAreas" classname="PlayersWorlds.Maps.Maze.MazeGeneratorAreasTest" runstate="Runnable" seed="1645401059" result="Skipped" label="Ignored" start-time="2024-03-12T00:49:40.0726810Z" end-time="2024-03-12T00:49:40.0727300Z" duration="0.000049" asserts="0" />
                <test-case id="1-1258" name="ScatteredAreas(PlayersWorlds.Maps.Maze.BinaryTreeMazeGenerator,Cave,NinetyPercent)" fullname="PlayersWorlds.Maps.Maze.MazeGeneratorAreasTest.ScatteredAreas(PlayersWorlds.Maps.Maze.BinaryTreeMazeGenerator,Cave,NinetyPercent)" methodname="ScatteredAreas" classname="PlayersWorlds.Maps.Maze.MazeGeneratorAreasTest" runstate="Runnable" seed="1208914677" result="Skipped" label="Ignored" start-time="2024-03-12T00:49:40.0727340Z" end-time="2024-03-12T00:49:40.0727820Z" duration="0.000048" asserts="0" />
                <test-case id="1-1259" name="ScatteredAreas(PlayersWorlds.Maps.Maze.BinaryTreeMazeGenerator,Cave,FullWidth)" fullname="PlayersWorlds.Maps.Maze.MazeGeneratorAreasTest.ScatteredAreas(PlayersWorlds.Maps.Maze.BinaryTreeMazeGenerator,Cave,FullWidth)" methodname="ScatteredAreas" classname="PlayersWorlds.Maps.Maze.MazeGeneratorAreasTest" runstate="Runnable" seed="861652102" result="Skipped" label="Ignored" start-time="2024-03-12T00:49:40.0727860Z" end-time="2024-03-12T00:49:40.0728330Z" duration="0.000047" asserts="0" />
                <test-case id="1-1260" name="ScatteredAreas(PlayersWorlds.Maps.Maze.BinaryTreeMazeGenerator,Cave,FullHeight)" fullname="PlayersWorlds.Maps.Maze.MazeGeneratorAreasTest.ScatteredAreas(PlayersWorlds.Maps.Maze.BinaryTreeMazeGenerator,Cave,FullHeight)" methodname="ScatteredAreas" classname="PlayersWorlds.Maps.Maze.MazeGeneratorAreasTest" runstate="Runnable" seed="1781003941" result="Skipped" label="Ignored" start-time="2024-03-12T00:49:40.0728370Z" end-time="2024-03-12T00:49:40.0728850Z" duration="0.000048" asserts="0" />
                <test-case id="1-1261" name="ScatteredAreas(PlayersWorlds.Maps.Maze.BinaryTreeMazeGenerator,Cave,Full)" fullname="PlayersWorlds.Maps.Maze.MazeGeneratorAreasTest.ScatteredAreas(PlayersWorlds.Maps.Maze.BinaryTreeMazeGenerator,Cave,Full)" methodname="ScatteredAreas" classname="PlayersWorlds.Maps.Maze.MazeGeneratorAreasTest" runstate="Runnable" seed="2137429758" result="Passed" start-time="2024-03-12T00:49:40.0728890Z" end-time="2024-03-12T00:49:41.0669420Z" duration="0.994053" asserts="20" />
                <test-case id="1-1262" name="ScatteredAreas(PlayersWorlds.Maps.Maze.BinaryTreeMazeGenerator,Hall,Quarter)" fullname="PlayersWorlds.Maps.Maze.MazeGeneratorAreasTest.ScatteredAreas(PlayersWorlds.Maps.Maze.BinaryTreeMazeGenerator,Hall,Quarter)" methodname="ScatteredAreas" classname="PlayersWorlds.Maps.Maze.MazeGeneratorAreasTest" runstate="Runnable" seed="250782212" result="Skipped" label="Ignored" start-time="2024-03-12T00:49:41.0669590Z" end-time="2024-03-12T00:49:41.0671310Z" duration="0.000172" asserts="0" />
                <test-case id="1-1263" name="ScatteredAreas(PlayersWorlds.Maps.Maze.BinaryTreeMazeGenerator,Hall,Half)" fullname="PlayersWorlds.Maps.Maze.MazeGeneratorAreasTest.ScatteredAreas(PlayersWorlds.Maps.Maze.BinaryTreeMazeGenerator,Hall,Half)" methodname="ScatteredAreas" classname="PlayersWorlds.Maps.Maze.MazeGeneratorAreasTest" runstate="Runnable" seed="630214590" result="Skipped" label="Ignored" start-time="2024-03-12T00:49:41.0671390Z" end-time="2024-03-12T00:49:41.0672310Z" duration="0.000092" asserts="0" />
                <test-case id="1-1264" name="ScatteredAreas(PlayersWorlds.Maps.Maze.BinaryTreeMazeGenerator,Hall,ThreeQuarters)" fullname="PlayersWorlds.Maps.Maze.MazeGeneratorAreasTest.ScatteredAreas(PlayersWorlds.Maps.Maze.BinaryTreeMazeGenerator,Hall,ThreeQuarters)" methodname="ScatteredAreas" classname="PlayersWorlds.Maps.Maze.MazeGeneratorAreasTest" runstate="Runnable" seed="1345888625" result="Skipped" label="Ignored" start-time="2024-03-12T00:49:41.0672370Z" end-time="2024-03-12T00:49:41.0672960Z" duration="0.000059" asserts="0" />
                <test-case id="1-1265" name="ScatteredAreas(PlayersWorlds.Maps.Maze.BinaryTreeMazeGenerator,Hall,NinetyPercent)" fullname="PlayersWorlds.Maps.Maze.MazeGeneratorAreasTest.ScatteredAreas(PlayersWorlds.Maps.Maze.BinaryTreeMazeGenerator,Hall,NinetyPercent)" methodname="ScatteredAreas" classname="PlayersWorlds.Maps.Maze.MazeGeneratorAreasTest" runstate="Runnable" seed="1684590809" result="Skipped" label="Ignored" start-time="2024-03-12T00:49:41.0673000Z" end-time="2024-03-12T00:49:41.0673520Z" duration="0.000052" asserts="0" />
                <test-case id="1-1266" name="ScatteredAreas(PlayersWorlds.Maps.Maze.BinaryTreeMazeGenerator,Hall,FullWidth)" fullname="PlayersWorlds.Maps.Maze.MazeGeneratorAreasTest.ScatteredAreas(PlayersWorlds.Maps.Maze.BinaryTreeMazeGenerator,Hall,FullWidth)" methodname="ScatteredAreas" classname="PlayersWorlds.Maps.Maze.MazeGeneratorAreasTest" runstate="Runnable" seed="757614144" result="Skipped" label="Ignored" start-time="2024-03-12T00:49:41.0673570Z" end-time="2024-03-12T00:49:41.0674060Z" duration="0.000049" asserts="0" />
                <test-case id="1-1267" name="ScatteredAreas(PlayersWorlds.Maps.Maze.BinaryTreeMazeGenerator,Hall,FullHeight)" fullname="PlayersWorlds.Maps.Maze.MazeGeneratorAreasTest.ScatteredAreas(PlayersWorlds.Maps.Maze.BinaryTreeMazeGenerator,Hall,FullHeight)" methodname="ScatteredAreas" classname="PlayersWorlds.Maps.Maze.MazeGeneratorAreasTest" runstate="Runnable" seed="517925554" result="Skipped" label="Ignored" start-time="2024-03-12T00:49:41.0674110Z" end-time="2024-03-12T00:49:41.0674920Z" duration="0.000081" asserts="0" />
                <test-case id="1-1268" name="ScatteredAreas(PlayersWorlds.Maps.Maze.BinaryTreeMazeGenerator,Hall,Full)" fullname="PlayersWorlds.Maps.Maze.MazeGeneratorAreasTest.ScatteredAreas(PlayersWorlds.Maps.Maze.BinaryTreeMazeGenerator,Hall,Full)" methodname="ScatteredAreas" classname="PlayersWorlds.Maps.Maze.MazeGeneratorAreasTest" runstate="Runnable" seed="1553149881" result="Passed" start-time="2024-03-12T00:49:41.0675000Z" end-time="2024-03-12T00:49:42.0275580Z" duration="0.960058" asserts="20" />
                <test-case id="1-1269" name="ScatteredAreas(PlayersWorlds.Maps.Maze.BinaryTreeMazeGenerator,Fill,Quarter)" fullname="PlayersWorlds.Maps.Maze.MazeGeneratorAreasTest.ScatteredAreas(PlayersWorlds.Maps.Maze.BinaryTreeMazeGenerator,Fill,Quarter)" methodname="ScatteredAreas" classname="PlayersWorlds.Maps.Maze.MazeGeneratorAreasTest" runstate="Runnable" seed="119238782" result="Skipped" label="Ignored" start-time="2024-03-12T00:49:42.0275770Z" end-time="2024-03-12T00:49:42.0277490Z" duration="0.000173" asserts="0" />
                <test-case id="1-1270" name="ScatteredAreas(PlayersWorlds.Maps.Maze.BinaryTreeMazeGenerator,Fill,Half)" fullname="PlayersWorlds.Maps.Maze.MazeGeneratorAreasTest.ScatteredAreas(PlayersWorlds.Maps.Maze.BinaryTreeMazeGenerator,Fill,Half)" methodname="ScatteredAreas" classname="PlayersWorlds.Maps.Maze.MazeGeneratorAreasTest" runstate="Runnable" seed="795655187" result="Skipped" label="Ignored" start-time="2024-03-12T00:49:42.0277570Z" end-time="2024-03-12T00:49:42.0278480Z" duration="0.000091" asserts="0" />
                <test-case id="1-1271" name="ScatteredAreas(PlayersWorlds.Maps.Maze.BinaryTreeMazeGenerator,Fill,ThreeQuarters)" fullname="PlayersWorlds.Maps.Maze.MazeGeneratorAreasTest.ScatteredAreas(PlayersWorlds.Maps.Maze.BinaryTreeMazeGenerator,Fill,ThreeQuarters)" methodname="ScatteredAreas" classname="PlayersWorlds.Maps.Maze.MazeGeneratorAreasTest" runstate="Runnable" seed="2052313199" result="Skipped" label="Ignored" start-time="2024-03-12T00:49:42.0278540Z" end-time="2024-03-12T00:49:42.0279130Z" duration="0.000059" asserts="0" />
                <test-case id="1-1272" name="ScatteredAreas(PlayersWorlds.Maps.Maze.BinaryTreeMazeGenerator,Fill,NinetyPercent)" fullname="PlayersWorlds.Maps.Maze.MazeGeneratorAreasTest.ScatteredAreas(PlayersWorlds.Maps.Maze.BinaryTreeMazeGenerator,Fill,NinetyPercent)" methodname="ScatteredAreas" classname="PlayersWorlds.Maps.Maze.MazeGeneratorAreasTest" runstate="Runnable" seed="662822711" result="Skipped" label="Ignored" start-time="2024-03-12T00:49:42.0279170Z" end-time="2024-03-12T00:49:42.0279680Z" duration="0.000051" asserts="0" />
                <test-case id="1-1273" name="ScatteredAreas(PlayersWorlds.Maps.Maze.BinaryTreeMazeGenerator,Fill,FullWidth)" fullname="PlayersWorlds.Maps.Maze.MazeGeneratorAreasTest.ScatteredAreas(PlayersWorlds.Maps.Maze.BinaryTreeMazeGenerator,Fill,FullWidth)" methodname="ScatteredAreas" classname="PlayersWorlds.Maps.Maze.MazeGeneratorAreasTest" runstate="Runnable" seed="148723323" result="Skipped" label="Ignored" start-time="2024-03-12T00:49:42.0279720Z" end-time="2024-03-12T00:49:42.0280210Z" duration="0.000049" asserts="0" />
                <test-case id="1-1274" name="ScatteredAreas(PlayersWorlds.Maps.Maze.BinaryTreeMazeGenerator,Fill,FullHeight)" fullname="PlayersWorlds.Maps.Maze.MazeGeneratorAreasTest.ScatteredAreas(PlayersWorlds.Maps.Maze.BinaryTreeMazeGenerator,Fill,FullHeight)" methodname="ScatteredAreas" classname="PlayersWorlds.Maps.Maze.MazeGeneratorAreasTest" runstate="Runnable" seed="755270710" result="Skipped" label="Ignored" start-time="2024-03-12T00:49:42.0280250Z" end-time="2024-03-12T00:49:42.0281010Z" duration="0.000076" asserts="0" />
                <test-case id="1-1275" name="ScatteredAreas(PlayersWorlds.Maps.Maze.BinaryTreeMazeGenerator,Fill,Full)" fullname="PlayersWorlds.Maps.Maze.MazeGeneratorAreasTest.ScatteredAreas(PlayersWorlds.Maps.Maze.BinaryTreeMazeGenerator,Fill,Full)" methodname="ScatteredAreas" classname="PlayersWorlds.Maps.Maze.MazeGeneratorAreasTest" runstate="Runnable" seed="790350457" result="Skipped" label="Ignored" start-time="2024-03-12T00:49:42.0281090Z" end-time="2024-03-12T00:49:42.0282000Z" duration="0.000091" asserts="0" />
                <test-case id="1-1276" name="ScatteredAreas(PlayersWorlds.Maps.Maze.HuntAndKillMazeGenerator,Cave,Quarter)" fullname="PlayersWorlds.Maps.Maze.MazeGeneratorAreasTest.ScatteredAreas(PlayersWorlds.Maps.Maze.HuntAndKillMazeGenerator,Cave,Quarter)" methodname="ScatteredAreas" classname="PlayersWorlds.Maps.Maze.MazeGeneratorAreasTest" runstate="Runnable" seed="1088828041" result="Skipped" label="Ignored" start-time="2024-03-12T00:49:42.0282090Z" end-time="2024-03-12T00:49:42.0282950Z" duration="0.000086" asserts="0" />
                <test-case id="1-1277" name="ScatteredAreas(PlayersWorlds.Maps.Maze.HuntAndKillMazeGenerator,Cave,Half)" fullname="PlayersWorlds.Maps.Maze.MazeGeneratorAreasTest.ScatteredAreas(PlayersWorlds.Maps.Maze.HuntAndKillMazeGenerator,Cave,Half)" methodname="ScatteredAreas" classname="PlayersWorlds.Maps.Maze.MazeGeneratorAreasTest" runstate="Runnable" seed="1814265326" result="Skipped" label="Ignored" start-time="2024-03-12T00:49:42.0283000Z" end-time="2024-03-12T00:49:42.0283550Z" duration="0.000054" asserts="0" />
                <test-case id="1-1278" name="ScatteredAreas(PlayersWorlds.Maps.Maze.HuntAndKillMazeGenerator,Cave,ThreeQuarters)" fullname="PlayersWorlds.Maps.Maze.MazeGeneratorAreasTest.ScatteredAreas(PlayersWorlds.Maps.Maze.HuntAndKillMazeGenerator,Cave,ThreeQuarters)" methodname="ScatteredAreas" classname="PlayersWorlds.Maps.Maze.MazeGeneratorAreasTest" runstate="Runnable" seed="382453717" result="Skipped" label="Ignored" start-time="2024-03-12T00:49:42.0283610Z" end-time="2024-03-12T00:49:42.0284530Z" duration="0.000092" asserts="0" />
                <test-case id="1-1279" name="ScatteredAreas(PlayersWorlds.Maps.Maze.HuntAndKillMazeGenerator,Cave,NinetyPercent)" fullname="PlayersWorlds.Maps.Maze.MazeGeneratorAreasTest.ScatteredAreas(PlayersWorlds.Maps.Maze.HuntAndKillMazeGenerator,Cave,NinetyPercent)" methodname="ScatteredAreas" classname="PlayersWorlds.Maps.Maze.MazeGeneratorAreasTest" runstate="Runnable" seed="1931970247" result="Skipped" label="Ignored" start-time="2024-03-12T00:49:42.0284610Z" end-time="2024-03-12T00:49:42.0285580Z" duration="0.000097" asserts="0" />
                <test-case id="1-1280" name="ScatteredAreas(PlayersWorlds.Maps.Maze.HuntAndKillMazeGenerator,Cave,FullWidth)" fullname="PlayersWorlds.Maps.Maze.MazeGeneratorAreasTest.ScatteredAreas(PlayersWorlds.Maps.Maze.HuntAndKillMazeGenerator,Cave,FullWidth)" methodname="ScatteredAreas" classname="PlayersWorlds.Maps.Maze.MazeGeneratorAreasTest" runstate="Runnable" seed="1015465339" result="Skipped" label="Ignored" start-time="2024-03-12T00:49:42.0285670Z" end-time="2024-03-12T00:49:42.0286260Z" duration="0.000059" asserts="0" />
                <test-case id="1-1281" name="ScatteredAreas(PlayersWorlds.Maps.Maze.HuntAndKillMazeGenerator,Cave,FullHeight)" fullname="PlayersWorlds.Maps.Maze.MazeGeneratorAreasTest.ScatteredAreas(PlayersWorlds.Maps.Maze.HuntAndKillMazeGenerator,Cave,FullHeight)" methodname="ScatteredAreas" classname="PlayersWorlds.Maps.Maze.MazeGeneratorAreasTest" runstate="Runnable" seed="56183330" result="Skipped" label="Ignored" start-time="2024-03-12T00:49:42.0286310Z" end-time="2024-03-12T00:49:42.0287050Z" duration="0.000074" asserts="0" />
                <test-case id="1-1282" name="ScatteredAreas(PlayersWorlds.Maps.Maze.HuntAndKillMazeGenerator,Cave,Full)" fullname="PlayersWorlds.Maps.Maze.MazeGeneratorAreasTest.ScatteredAreas(PlayersWorlds.Maps.Maze.HuntAndKillMazeGenerator,Cave,Full)" methodname="ScatteredAreas" classname="PlayersWorlds.Maps.Maze.MazeGeneratorAreasTest" runstate="Runnable" seed="677531963" result="Passed" start-time="2024-03-12T00:49:42.0287130Z" end-time="2024-03-12T00:49:42.9535560Z" duration="0.924843" asserts="20" />
                <test-case id="1-1283" name="ScatteredAreas(PlayersWorlds.Maps.Maze.HuntAndKillMazeGenerator,Hall,Quarter)" fullname="PlayersWorlds.Maps.Maze.MazeGeneratorAreasTest.ScatteredAreas(PlayersWorlds.Maps.Maze.HuntAndKillMazeGenerator,Hall,Quarter)" methodname="ScatteredAreas" classname="PlayersWorlds.Maps.Maze.MazeGeneratorAreasTest" runstate="Runnable" seed="327379215" result="Skipped" label="Ignored" start-time="2024-03-12T00:49:42.9535730Z" end-time="2024-03-12T00:49:42.9537080Z" duration="0.000135" asserts="0" />
                <test-case id="1-1284" name="ScatteredAreas(PlayersWorlds.Maps.Maze.HuntAndKillMazeGenerator,Hall,Half)" fullname="PlayersWorlds.Maps.Maze.MazeGeneratorAreasTest.ScatteredAreas(PlayersWorlds.Maps.Maze.HuntAndKillMazeGenerator,Hall,Half)" methodname="ScatteredAreas" classname="PlayersWorlds.Maps.Maze.MazeGeneratorAreasTest" runstate="Runnable" seed="1716060414" result="Skipped" label="Ignored" start-time="2024-03-12T00:49:42.9537140Z" end-time="2024-03-12T00:49:42.9537720Z" duration="0.000058" asserts="0" />
                <test-case id="1-1285" name="ScatteredAreas(PlayersWorlds.Maps.Maze.HuntAndKillMazeGenerator,Hall,ThreeQuarters)" fullname="PlayersWorlds.Maps.Maze.MazeGeneratorAreasTest.ScatteredAreas(PlayersWorlds.Maps.Maze.HuntAndKillMazeGenerator,Hall,ThreeQuarters)" methodname="ScatteredAreas" classname="PlayersWorlds.Maps.Maze.MazeGeneratorAreasTest" runstate="Runnable" seed="1215181062" result="Skipped" label="Ignored" start-time="2024-03-12T00:49:42.9537770Z" end-time="2024-03-12T00:49:42.9538270Z" duration="0.000050" asserts="0" />
                <test-case id="1-1286" name="ScatteredAreas(PlayersWorlds.Maps.Maze.HuntAndKillMazeGenerator,Hall,NinetyPercent)" fullname="PlayersWorlds.Maps.Maze.MazeGeneratorAreasTest.ScatteredAreas(PlayersWorlds.Maps.Maze.HuntAndKillMazeGenerator,Hall,NinetyPercent)" methodname="ScatteredAreas" classname="PlayersWorlds.Maps.Maze.MazeGeneratorAreasTest" runstate="Runnable" seed="1771650072" result="Skipped" label="Ignored" start-time="2024-03-12T00:49:42.9538310Z" end-time="2024-03-12T00:49:42.9538770Z" duration="0.000046" asserts="0" />
                <test-case id="1-1287" name="ScatteredAreas(PlayersWorlds.Maps.Maze.HuntAndKillMazeGenerator,Hall,FullWidth)" fullname="PlayersWorlds.Maps.Maze.MazeGeneratorAreasTest.ScatteredAreas(PlayersWorlds.Maps.Maze.HuntAndKillMazeGenerator,Hall,FullWidth)" methodname="ScatteredAreas" classname="PlayersWorlds.Maps.Maze.MazeGeneratorAreasTest" runstate="Runnable" seed="1466434254" result="Skipped" label="Ignored" start-time="2024-03-12T00:49:42.9538810Z" end-time="2024-03-12T00:49:42.9539270Z" duration="0.000047" asserts="0" />
                <test-case id="1-1288" name="ScatteredAreas(PlayersWorlds.Maps.Maze.HuntAndKillMazeGenerator,Hall,FullHeight)" fullname="PlayersWorlds.Maps.Maze.MazeGeneratorAreasTest.ScatteredAreas(PlayersWorlds.Maps.Maze.HuntAndKillMazeGenerator,Hall,FullHeight)" methodname="ScatteredAreas" classname="PlayersWorlds.Maps.Maze.MazeGeneratorAreasTest" runstate="Runnable" seed="1901503963" result="Skipped" label="Ignored" start-time="2024-03-12T00:49:42.9539310Z" end-time="2024-03-12T00:49:42.9539760Z" duration="0.000045" asserts="0" />
                <test-case id="1-1289" name="ScatteredAreas(PlayersWorlds.Maps.Maze.HuntAndKillMazeGenerator,Hall,Full)" fullname="PlayersWorlds.Maps.Maze.MazeGeneratorAreasTest.ScatteredAreas(PlayersWorlds.Maps.Maze.HuntAndKillMazeGenerator,Hall,Full)" methodname="ScatteredAreas" classname="PlayersWorlds.Maps.Maze.MazeGeneratorAreasTest" runstate="Runnable" seed="1213820372" result="Passed" start-time="2024-03-12T00:49:42.9539810Z" end-time="2024-03-12T00:49:43.7975200Z" duration="0.843539" asserts="20" />
                <test-case id="1-1290" name="ScatteredAreas(PlayersWorlds.Maps.Maze.HuntAndKillMazeGenerator,Fill,Quarter)" fullname="PlayersWorlds.Maps.Maze.MazeGeneratorAreasTest.ScatteredAreas(PlayersWorlds.Maps.Maze.HuntAndKillMazeGenerator,Fill,Quarter)" methodname="ScatteredAreas" classname="PlayersWorlds.Maps.Maze.MazeGeneratorAreasTest" runstate="Runnable" seed="612179794" result="Skipped" label="Ignored" start-time="2024-03-12T00:49:43.7975360Z" end-time="2024-03-12T00:49:43.7976720Z" duration="0.000136" asserts="0" />
                <test-case id="1-1291" name="ScatteredAreas(PlayersWorlds.Maps.Maze.HuntAndKillMazeGenerator,Fill,Half)" fullname="PlayersWorlds.Maps.Maze.MazeGeneratorAreasTest.ScatteredAreas(PlayersWorlds.Maps.Maze.HuntAndKillMazeGenerator,Fill,Half)" methodname="ScatteredAreas" classname="PlayersWorlds.Maps.Maze.MazeGeneratorAreasTest" runstate="Runnable" seed="895484252" result="Skipped" label="Ignored" start-time="2024-03-12T00:49:43.7976770Z" end-time="2024-03-12T00:49:43.7977340Z" duration="0.000057" asserts="0" />
                <test-case id="1-1292" name="ScatteredAreas(PlayersWorlds.Maps.Maze.HuntAndKillMazeGenerator,Fill,ThreeQuarters)" fullname="PlayersWorlds.Maps.Maze.MazeGeneratorAreasTest.ScatteredAreas(PlayersWorlds.Maps.Maze.HuntAndKillMazeGenerator,Fill,ThreeQuarters)" methodname="ScatteredAreas" classname="PlayersWorlds.Maps.Maze.MazeGeneratorAreasTest" runstate="Runnable" seed="1822922508" result="Skipped" label="Ignored" start-time="2024-03-12T00:49:43.7977390Z" end-time="2024-03-12T00:49:43.7977900Z" duration="0.000051" asserts="0" />
                <test-case id="1-1293" name="ScatteredAreas(PlayersWorlds.Maps.Maze.HuntAndKillMazeGenerator,Fill,NinetyPercent)" fullname="PlayersWorlds.Maps.Maze.MazeGeneratorAreasTest.ScatteredAreas(PlayersWorlds.Maps.Maze.HuntAndKillMazeGenerator,Fill,NinetyPercent)" methodname="ScatteredAreas" classname="PlayersWorlds.Maps.Maze.MazeGeneratorAreasTest" runstate="Runnable" seed="1997007761" result="Skipped" label="Ignored" start-time="2024-03-12T00:49:43.7977940Z" end-time="2024-03-12T00:49:43.7978430Z" duration="0.000049" asserts="0" />
                <test-case id="1-1294" name="ScatteredAreas(PlayersWorlds.Maps.Maze.HuntAndKillMazeGenerator,Fill,FullWidth)" fullname="PlayersWorlds.Maps.Maze.MazeGeneratorAreasTest.ScatteredAreas(PlayersWorlds.Maps.Maze.HuntAndKillMazeGenerator,Fill,FullWidth)" methodname="ScatteredAreas" classname="PlayersWorlds.Maps.Maze.MazeGeneratorAreasTest" runstate="Runnable" seed="1408482112" result="Skipped" label="Ignored" start-time="2024-03-12T00:49:43.7978470Z" end-time="2024-03-12T00:49:43.7978960Z" duration="0.000049" asserts="0" />
                <test-case id="1-1295" name="ScatteredAreas(PlayersWorlds.Maps.Maze.HuntAndKillMazeGenerator,Fill,FullHeight)" fullname="PlayersWorlds.Maps.Maze.MazeGeneratorAreasTest.ScatteredAreas(PlayersWorlds.Maps.Maze.HuntAndKillMazeGenerator,Fill,FullHeight)" methodname="ScatteredAreas" classname="PlayersWorlds.Maps.Maze.MazeGeneratorAreasTest" runstate="Runnable" seed="898087216" result="Skipped" label="Ignored" start-time="2024-03-12T00:49:43.7979000Z" end-time="2024-03-12T00:49:43.7979460Z" duration="0.000046" asserts="0" />
                <test-case id="1-1296" name="ScatteredAreas(PlayersWorlds.Maps.Maze.HuntAndKillMazeGenerator,Fill,Full)" fullname="PlayersWorlds.Maps.Maze.MazeGeneratorAreasTest.ScatteredAreas(PlayersWorlds.Maps.Maze.HuntAndKillMazeGenerator,Fill,Full)" methodname="ScatteredAreas" classname="PlayersWorlds.Maps.Maze.MazeGeneratorAreasTest" runstate="Runnable" seed="2063702397" result="Skipped" label="Ignored" start-time="2024-03-12T00:49:43.7979500Z" end-time="2024-03-12T00:49:43.7979950Z" duration="0.000045" asserts="0" />
                <test-case id="1-1297" name="ScatteredAreas(PlayersWorlds.Maps.Maze.RecursiveBacktrackerMazeGenerator,Cave,Quarter)" fullname="PlayersWorlds.Maps.Maze.MazeGeneratorAreasTest.ScatteredAreas(PlayersWorlds.Maps.Maze.RecursiveBacktrackerMazeGenerator,Cave,Quarter)" methodname="ScatteredAreas" classname="PlayersWorlds.Maps.Maze.MazeGeneratorAreasTest" runstate="Runnable" seed="110017374" result="Skipped" label="Ignored" start-time="2024-03-12T00:49:43.7979990Z" end-time="2024-03-12T00:49:43.7980450Z" duration="0.000046" asserts="0" />
                <test-case id="1-1298" name="ScatteredAreas(PlayersWorlds.Maps.Maze.RecursiveBacktrackerMazeGenerator,Cave,Half)" fullname="PlayersWorlds.Maps.Maze.MazeGeneratorAreasTest.ScatteredAreas(PlayersWorlds.Maps.Maze.RecursiveBacktrackerMazeGenerator,Cave,Half)" methodname="ScatteredAreas" classname="PlayersWorlds.Maps.Maze.MazeGeneratorAreasTest" runstate="Runnable" seed="1153337475" result="Skipped" label="Ignored" start-time="2024-03-12T00:49:43.7980490Z" end-time="2024-03-12T00:49:43.7980940Z" duration="0.000046" asserts="0" />
                <test-case id="1-1299" name="ScatteredAreas(PlayersWorlds.Maps.Maze.RecursiveBacktrackerMazeGenerator,Cave,ThreeQuarters)" fullname="PlayersWorlds.Maps.Maze.MazeGeneratorAreasTest.ScatteredAreas(PlayersWorlds.Maps.Maze.RecursiveBacktrackerMazeGenerator,Cave,ThreeQuarters)" methodname="ScatteredAreas" classname="PlayersWorlds.Maps.Maze.MazeGeneratorAreasTest" runstate="Runnable" seed="636055772" result="Skipped" label="Ignored" start-time="2024-03-12T00:49:43.7980980Z" end-time="2024-03-12T00:49:43.7981430Z" duration="0.000045" asserts="0" />
                <test-case id="1-1300" name="ScatteredAreas(PlayersWorlds.Maps.Maze.RecursiveBacktrackerMazeGenerator,Cave,NinetyPercent)" fullname="PlayersWorlds.Maps.Maze.MazeGeneratorAreasTest.ScatteredAreas(PlayersWorlds.Maps.Maze.RecursiveBacktrackerMazeGenerator,Cave,NinetyPercent)" methodname="ScatteredAreas" classname="PlayersWorlds.Maps.Maze.MazeGeneratorAreasTest" runstate="Runnable" seed="1679682831" result="Skipped" label="Ignored" start-time="2024-03-12T00:49:43.7981470Z" end-time="2024-03-12T00:49:43.7981920Z" duration="0.000045" asserts="0" />
                <test-case id="1-1301" name="ScatteredAreas(PlayersWorlds.Maps.Maze.RecursiveBacktrackerMazeGenerator,Cave,FullWidth)" fullname="PlayersWorlds.Maps.Maze.MazeGeneratorAreasTest.ScatteredAreas(PlayersWorlds.Maps.Maze.RecursiveBacktrackerMazeGenerator,Cave,FullWidth)" methodname="ScatteredAreas" classname="PlayersWorlds.Maps.Maze.MazeGeneratorAreasTest" runstate="Runnable" seed="1840485051" result="Skipped" label="Ignored" start-time="2024-03-12T00:49:43.7981960Z" end-time="2024-03-12T00:49:43.7982400Z" duration="0.000045" asserts="0" />
                <test-case id="1-1302" name="ScatteredAreas(PlayersWorlds.Maps.Maze.RecursiveBacktrackerMazeGenerator,Cave,FullHeight)" fullname="PlayersWorlds.Maps.Maze.MazeGeneratorAreasTest.ScatteredAreas(PlayersWorlds.Maps.Maze.RecursiveBacktrackerMazeGenerator,Cave,FullHeight)" methodname="ScatteredAreas" classname="PlayersWorlds.Maps.Maze.MazeGeneratorAreasTest" runstate="Runnable" seed="556320129" result="Skipped" label="Ignored" start-time="2024-03-12T00:49:43.7982440Z" end-time="2024-03-12T00:49:43.7982900Z" duration="0.000046" asserts="0" />
                <test-case id="1-1303" name="ScatteredAreas(PlayersWorlds.Maps.Maze.RecursiveBacktrackerMazeGenerator,Cave,Full)" fullname="PlayersWorlds.Maps.Maze.MazeGeneratorAreasTest.ScatteredAreas(PlayersWorlds.Maps.Maze.RecursiveBacktrackerMazeGenerator,Cave,Full)" methodname="ScatteredAreas" classname="PlayersWorlds.Maps.Maze.MazeGeneratorAreasTest" runstate="Runnable" seed="945452225" result="Passed" start-time="2024-03-12T00:49:43.7982940Z" end-time="2024-03-12T00:49:44.7203840Z" duration="0.922090" asserts="20" />
                <test-case id="1-1304" name="ScatteredAreas(PlayersWorlds.Maps.Maze.RecursiveBacktrackerMazeGenerator,Hall,Quarter)" fullname="PlayersWorlds.Maps.Maze.MazeGeneratorAreasTest.ScatteredAreas(PlayersWorlds.Maps.Maze.RecursiveBacktrackerMazeGenerator,Hall,Quarter)" methodname="ScatteredAreas" classname="PlayersWorlds.Maps.Maze.MazeGeneratorAreasTest" runstate="Runnable" seed="1049810247" result="Skipped" label="Ignored" start-time="2024-03-12T00:49:44.7204010Z" end-time="2024-03-12T00:49:44.7205360Z" duration="0.000135" asserts="0" />
                <test-case id="1-1305" name="ScatteredAreas(PlayersWorlds.Maps.Maze.RecursiveBacktrackerMazeGenerator,Hall,Half)" fullname="PlayersWorlds.Maps.Maze.MazeGeneratorAreasTest.ScatteredAreas(PlayersWorlds.Maps.Maze.RecursiveBacktrackerMazeGenerator,Hall,Half)" methodname="ScatteredAreas" classname="PlayersWorlds.Maps.Maze.MazeGeneratorAreasTest" runstate="Runnable" seed="1104080015" result="Skipped" label="Ignored" start-time="2024-03-12T00:49:44.7205420Z" end-time="2024-03-12T00:49:44.7206040Z" duration="0.000061" asserts="0" />
                <test-case id="1-1306" name="ScatteredAreas(PlayersWorlds.Maps.Maze.RecursiveBacktrackerMazeGenerator,Hall,ThreeQuarters)" fullname="PlayersWorlds.Maps.Maze.MazeGeneratorAreasTest.ScatteredAreas(PlayersWorlds.Maps.Maze.RecursiveBacktrackerMazeGenerator,Hall,ThreeQuarters)" methodname="ScatteredAreas" classname="PlayersWorlds.Maps.Maze.MazeGeneratorAreasTest" runstate="Runnable" seed="1703133713" result="Skipped" label="Ignored" start-time="2024-03-12T00:49:44.7206080Z" end-time="2024-03-12T00:49:44.7206620Z" duration="0.000053" asserts="0" />
                <test-case id="1-1307" name="ScatteredAreas(PlayersWorlds.Maps.Maze.RecursiveBacktrackerMazeGenerator,Hall,NinetyPercent)" fullname="PlayersWorlds.Maps.Maze.MazeGeneratorAreasTest.ScatteredAreas(PlayersWorlds.Maps.Maze.RecursiveBacktrackerMazeGenerator,Hall,NinetyPercent)" methodname="ScatteredAreas" classname="PlayersWorlds.Maps.Maze.MazeGeneratorAreasTest" runstate="Runnable" seed="36384588" result="Skipped" label="Ignored" start-time="2024-03-12T00:49:44.7206660Z" end-time="2024-03-12T00:49:44.7207170Z" duration="0.000051" asserts="0" />
                <test-case id="1-1308" name="ScatteredAreas(PlayersWorlds.Maps.Maze.RecursiveBacktrackerMazeGenerator,Hall,FullWidth)" fullname="PlayersWorlds.Maps.Maze.MazeGeneratorAreasTest.ScatteredAreas(PlayersWorlds.Maps.Maze.RecursiveBacktrackerMazeGenerator,Hall,FullWidth)" methodname="ScatteredAreas" classname="PlayersWorlds.Maps.Maze.MazeGeneratorAreasTest" runstate="Runnable" seed="835013221" result="Skipped" label="Ignored" start-time="2024-03-12T00:49:44.7207220Z" end-time="2024-03-12T00:49:44.7207700Z" duration="0.000048" asserts="0" />
                <test-case id="1-1309" name="ScatteredAreas(PlayersWorlds.Maps.Maze.RecursiveBacktrackerMazeGenerator,Hall,FullHeight)" fullname="PlayersWorlds.Maps.Maze.MazeGeneratorAreasTest.ScatteredAreas(PlayersWorlds.Maps.Maze.RecursiveBacktrackerMazeGenerator,Hall,FullHeight)" methodname="ScatteredAreas" classname="PlayersWorlds.Maps.Maze.MazeGeneratorAreasTest" runstate="Runnable" seed="1190313194" result="Skipped" label="Ignored" start-time="2024-03-12T00:49:44.7207740Z" end-time="2024-03-12T00:49:44.7208200Z" duration="0.000047" asserts="0" />
                <test-case id="1-1310" name="ScatteredAreas(PlayersWorlds.Maps.Maze.RecursiveBacktrackerMazeGenerator,Hall,Full)" fullname="PlayersWorlds.Maps.Maze.MazeGeneratorAreasTest.ScatteredAreas(PlayersWorlds.Maps.Maze.RecursiveBacktrackerMazeGenerator,Hall,Full)" methodname="ScatteredAreas" classname="PlayersWorlds.Maps.Maze.MazeGeneratorAreasTest" runstate="Runnable" seed="1709168759" result="Passed" start-time="2024-03-12T00:49:44.7208250Z" end-time="2024-03-12T00:49:45.5878690Z" duration="0.867044" asserts="20" />
                <test-case id="1-1311" name="ScatteredAreas(PlayersWorlds.Maps.Maze.RecursiveBacktrackerMazeGenerator,Fill,Quarter)" fullname="PlayersWorlds.Maps.Maze.MazeGeneratorAreasTest.ScatteredAreas(PlayersWorlds.Maps.Maze.RecursiveBacktrackerMazeGenerator,Fill,Quarter)" methodname="ScatteredAreas" classname="PlayersWorlds.Maps.Maze.MazeGeneratorAreasTest" runstate="Runnable" seed="1033975205" result="Skipped" label="Ignored" start-time="2024-03-12T00:49:45.5878850Z" end-time="2024-03-12T00:49:45.5880110Z" duration="0.000126" asserts="0" />
                <test-case id="1-1312" name="ScatteredAreas(PlayersWorlds.Maps.Maze.RecursiveBacktrackerMazeGenerator,Fill,Half)" fullname="PlayersWorlds.Maps.Maze.MazeGeneratorAreasTest.ScatteredAreas(PlayersWorlds.Maps.Maze.RecursiveBacktrackerMazeGenerator,Fill,Half)" methodname="ScatteredAreas" classname="PlayersWorlds.Maps.Maze.MazeGeneratorAreasTest" runstate="Runnable" seed="1262947342" result="Skipped" label="Ignored" start-time="2024-03-12T00:49:45.5880170Z" end-time="2024-03-12T00:49:45.5880700Z" duration="0.000053" asserts="0" />
                <test-case id="1-1313" name="ScatteredAreas(PlayersWorlds.Maps.Maze.RecursiveBacktrackerMazeGenerator,Fill,ThreeQuarters)" fullname="PlayersWorlds.Maps.Maze.MazeGeneratorAreasTest.ScatteredAreas(PlayersWorlds.Maps.Maze.RecursiveBacktrackerMazeGenerator,Fill,ThreeQuarters)" methodname="ScatteredAreas" classname="PlayersWorlds.Maps.Maze.MazeGeneratorAreasTest" runstate="Runnable" seed="1424428077" result="Skipped" label="Ignored" start-time="2024-03-12T00:49:45.5880740Z" end-time="2024-03-12T00:49:45.5881230Z" duration="0.000048" asserts="0" />
                <test-case id="1-1314" name="ScatteredAreas(PlayersWorlds.Maps.Maze.RecursiveBacktrackerMazeGenerator,Fill,NinetyPercent)" fullname="PlayersWorlds.Maps.Maze.MazeGeneratorAreasTest.ScatteredAreas(PlayersWorlds.Maps.Maze.RecursiveBacktrackerMazeGenerator,Fill,NinetyPercent)" methodname="ScatteredAreas" classname="PlayersWorlds.Maps.Maze.MazeGeneratorAreasTest" runstate="Runnable" seed="1993670410" result="Skipped" label="Ignored" start-time="2024-03-12T00:49:45.5881270Z" end-time="2024-03-12T00:49:45.5881730Z" duration="0.000046" asserts="0" />
                <test-case id="1-1315" name="ScatteredAreas(PlayersWorlds.Maps.Maze.RecursiveBacktrackerMazeGenerator,Fill,FullWidth)" fullname="PlayersWorlds.Maps.Maze.MazeGeneratorAreasTest.ScatteredAreas(PlayersWorlds.Maps.Maze.RecursiveBacktrackerMazeGenerator,Fill,FullWidth)" methodname="ScatteredAreas" classname="PlayersWorlds.Maps.Maze.MazeGeneratorAreasTest" runstate="Runnable" seed="1724820611" result="Skipped" label="Ignored" start-time="2024-03-12T00:49:45.5881770Z" end-time="2024-03-12T00:49:45.5882220Z" duration="0.000045" asserts="0" />
                <test-case id="1-1316" name="ScatteredAreas(PlayersWorlds.Maps.Maze.RecursiveBacktrackerMazeGenerator,Fill,FullHeight)" fullname="PlayersWorlds.Maps.Maze.MazeGeneratorAreasTest.ScatteredAreas(PlayersWorlds.Maps.Maze.RecursiveBacktrackerMazeGenerator,Fill,FullHeight)" methodname="ScatteredAreas" classname="PlayersWorlds.Maps.Maze.MazeGeneratorAreasTest" runstate="Runnable" seed="1459897795" result="Skipped" label="Ignored" start-time="2024-03-12T00:49:45.5882260Z" end-time="2024-03-12T00:49:45.5882700Z" duration="0.000044" asserts="0" />
                <test-case id="1-1317" name="ScatteredAreas(PlayersWorlds.Maps.Maze.RecursiveBacktrackerMazeGenerator,Fill,Full)" fullname="PlayersWorlds.Maps.Maze.MazeGeneratorAreasTest.ScatteredAreas(PlayersWorlds.Maps.Maze.RecursiveBacktrackerMazeGenerator,Fill,Full)" methodname="ScatteredAreas" classname="PlayersWorlds.Maps.Maze.MazeGeneratorAreasTest" runstate="Runnable" seed="2070886644" result="Skipped" label="Ignored" start-time="2024-03-12T00:49:45.5882740Z" end-time="2024-03-12T00:49:45.5883180Z" duration="0.000044" asserts="0" />
                <test-case id="1-1318" name="ScatteredAreas(PlayersWorlds.Maps.Maze.SidewinderMazeGenerator,Cave,Quarter)" fullname="PlayersWorlds.Maps.Maze.MazeGeneratorAreasTest.ScatteredAreas(PlayersWorlds.Maps.Maze.SidewinderMazeGenerator,Cave,Quarter)" methodname="ScatteredAreas" classname="PlayersWorlds.Maps.Maze.MazeGeneratorAreasTest" runstate="Runnable" seed="1061637823" result="Skipped" label="Ignored" start-time="2024-03-12T00:49:45.5883220Z" end-time="2024-03-12T00:49:45.5883660Z" duration="0.000044" asserts="0" />
                <test-case id="1-1319" name="ScatteredAreas(PlayersWorlds.Maps.Maze.SidewinderMazeGenerator,Cave,Half)" fullname="PlayersWorlds.Maps.Maze.MazeGeneratorAreasTest.ScatteredAreas(PlayersWorlds.Maps.Maze.SidewinderMazeGenerator,Cave,Half)" methodname="ScatteredAreas" classname="PlayersWorlds.Maps.Maze.MazeGeneratorAreasTest" runstate="Runnable" seed="130707563" result="Skipped" label="Ignored" start-time="2024-03-12T00:49:45.5883700Z" end-time="2024-03-12T00:49:45.5884220Z" duration="0.000052" asserts="0" />
                <test-case id="1-1320" name="ScatteredAreas(PlayersWorlds.Maps.Maze.SidewinderMazeGenerator,Cave,ThreeQuarters)" fullname="PlayersWorlds.Maps.Maze.MazeGeneratorAreasTest.ScatteredAreas(PlayersWorlds.Maps.Maze.SidewinderMazeGenerator,Cave,ThreeQuarters)" methodname="ScatteredAreas" classname="PlayersWorlds.Maps.Maze.MazeGeneratorAreasTest" runstate="Runnable" seed="2060424384" result="Skipped" label="Ignored" start-time="2024-03-12T00:49:45.5884260Z" end-time="2024-03-12T00:49:45.5884700Z" duration="0.000045" asserts="0" />
                <test-case id="1-1321" name="ScatteredAreas(PlayersWorlds.Maps.Maze.SidewinderMazeGenerator,Cave,NinetyPercent)" fullname="PlayersWorlds.Maps.Maze.MazeGeneratorAreasTest.ScatteredAreas(PlayersWorlds.Maps.Maze.SidewinderMazeGenerator,Cave,NinetyPercent)" methodname="ScatteredAreas" classname="PlayersWorlds.Maps.Maze.MazeGeneratorAreasTest" runstate="Runnable" seed="1438663537" result="Skipped" label="Ignored" start-time="2024-03-12T00:49:45.5884740Z" end-time="2024-03-12T00:49:45.5885190Z" duration="0.000045" asserts="0" />
                <test-case id="1-1322" name="ScatteredAreas(PlayersWorlds.Maps.Maze.SidewinderMazeGenerator,Cave,FullWidth)" fullname="PlayersWorlds.Maps.Maze.MazeGeneratorAreasTest.ScatteredAreas(PlayersWorlds.Maps.Maze.SidewinderMazeGenerator,Cave,FullWidth)" methodname="ScatteredAreas" classname="PlayersWorlds.Maps.Maze.MazeGeneratorAreasTest" runstate="Runnable" seed="763905238" result="Skipped" label="Ignored" start-time="2024-03-12T00:49:45.5885230Z" end-time="2024-03-12T00:49:45.5885670Z" duration="0.000044" asserts="0" />
                <test-case id="1-1323" name="ScatteredAreas(PlayersWorlds.Maps.Maze.SidewinderMazeGenerator,Cave,FullHeight)" fullname="PlayersWorlds.Maps.Maze.MazeGeneratorAreasTest.ScatteredAreas(PlayersWorlds.Maps.Maze.SidewinderMazeGenerator,Cave,FullHeight)" methodname="ScatteredAreas" classname="PlayersWorlds.Maps.Maze.MazeGeneratorAreasTest" runstate="Runnable" seed="339329509" result="Skipped" label="Ignored" start-time="2024-03-12T00:49:45.5885710Z" end-time="2024-03-12T00:49:45.5886140Z" duration="0.000044" asserts="0" />
                <test-case id="1-1324" name="ScatteredAreas(PlayersWorlds.Maps.Maze.SidewinderMazeGenerator,Cave,Full)" fullname="PlayersWorlds.Maps.Maze.MazeGeneratorAreasTest.ScatteredAreas(PlayersWorlds.Maps.Maze.SidewinderMazeGenerator,Cave,Full)" methodname="ScatteredAreas" classname="PlayersWorlds.Maps.Maze.MazeGeneratorAreasTest" runstate="Runnable" seed="1654542635" result="Passed" start-time="2024-03-12T00:49:45.5886180Z" end-time="2024-03-12T00:49:46.5652590Z" duration="0.976641" asserts="20" />
                <test-case id="1-1325" name="ScatteredAreas(PlayersWorlds.Maps.Maze.SidewinderMazeGenerator,Hall,Quarter)" fullname="PlayersWorlds.Maps.Maze.MazeGeneratorAreasTest.ScatteredAreas(PlayersWorlds.Maps.Maze.SidewinderMazeGenerator,Hall,Quarter)" methodname="ScatteredAreas" classname="PlayersWorlds.Maps.Maze.MazeGeneratorAreasTest" runstate="Runnable" seed="2047654582" result="Skipped" label="Ignored" start-time="2024-03-12T00:49:46.5652730Z" end-time="2024-03-12T00:49:46.5653980Z" duration="0.000126" asserts="0" />
                <test-case id="1-1326" name="ScatteredAreas(PlayersWorlds.Maps.Maze.SidewinderMazeGenerator,Hall,Half)" fullname="PlayersWorlds.Maps.Maze.MazeGeneratorAreasTest.ScatteredAreas(PlayersWorlds.Maps.Maze.SidewinderMazeGenerator,Hall,Half)" methodname="ScatteredAreas" classname="PlayersWorlds.Maps.Maze.MazeGeneratorAreasTest" runstate="Runnable" seed="229390691" result="Skipped" label="Ignored" start-time="2024-03-12T00:49:46.5654030Z" end-time="2024-03-12T00:49:46.5654590Z" duration="0.000055" asserts="0" />
                <test-case id="1-1327" name="ScatteredAreas(PlayersWorlds.Maps.Maze.SidewinderMazeGenerator,Hall,ThreeQuarters)" fullname="PlayersWorlds.Maps.Maze.MazeGeneratorAreasTest.ScatteredAreas(PlayersWorlds.Maps.Maze.SidewinderMazeGenerator,Hall,ThreeQuarters)" methodname="ScatteredAreas" classname="PlayersWorlds.Maps.Maze.MazeGeneratorAreasTest" runstate="Runnable" seed="813298597" result="Skipped" label="Ignored" start-time="2024-03-12T00:49:46.5654640Z" end-time="2024-03-12T00:49:46.5655140Z" duration="0.000050" asserts="0" />
                <test-case id="1-1328" name="ScatteredAreas(PlayersWorlds.Maps.Maze.SidewinderMazeGenerator,Hall,NinetyPercent)" fullname="PlayersWorlds.Maps.Maze.MazeGeneratorAreasTest.ScatteredAreas(PlayersWorlds.Maps.Maze.SidewinderMazeGenerator,Hall,NinetyPercent)" methodname="ScatteredAreas" classname="PlayersWorlds.Maps.Maze.MazeGeneratorAreasTest" runstate="Runnable" seed="887724858" result="Skipped" label="Ignored" start-time="2024-03-12T00:49:46.5655180Z" end-time="2024-03-12T00:49:46.5655720Z" duration="0.000054" asserts="0" />
                <test-case id="1-1329" name="ScatteredAreas(PlayersWorlds.Maps.Maze.SidewinderMazeGenerator,Hall,FullWidth)" fullname="PlayersWorlds.Maps.Maze.MazeGeneratorAreasTest.ScatteredAreas(PlayersWorlds.Maps.Maze.SidewinderMazeGenerator,Hall,FullWidth)" methodname="ScatteredAreas" classname="PlayersWorlds.Maps.Maze.MazeGeneratorAreasTest" runstate="Runnable" seed="2004667141" result="Skipped" label="Ignored" start-time="2024-03-12T00:49:46.5655760Z" end-time="2024-03-12T00:49:46.5656230Z" duration="0.000047" asserts="0" />
                <test-case id="1-1330" name="ScatteredAreas(PlayersWorlds.Maps.Maze.SidewinderMazeGenerator,Hall,FullHeight)" fullname="PlayersWorlds.Maps.Maze.MazeGeneratorAreasTest.ScatteredAreas(PlayersWorlds.Maps.Maze.SidewinderMazeGenerator,Hall,FullHeight)" methodname="ScatteredAreas" classname="PlayersWorlds.Maps.Maze.MazeGeneratorAreasTest" runstate="Runnable" seed="874131707" result="Skipped" label="Ignored" start-time="2024-03-12T00:49:46.5656270Z" end-time="2024-03-12T00:49:46.5656730Z" duration="0.000046" asserts="0" />
                <test-case id="1-1331" name="ScatteredAreas(PlayersWorlds.Maps.Maze.SidewinderMazeGenerator,Hall,Full)" fullname="PlayersWorlds.Maps.Maze.MazeGeneratorAreasTest.ScatteredAreas(PlayersWorlds.Maps.Maze.SidewinderMazeGenerator,Hall,Full)" methodname="ScatteredAreas" classname="PlayersWorlds.Maps.Maze.MazeGeneratorAreasTest" runstate="Runnable" seed="978810667" result="Passed" start-time="2024-03-12T00:49:46.5656780Z" end-time="2024-03-12T00:49:47.5499540Z" duration="0.984275" asserts="20" />
                <test-case id="1-1332" name="ScatteredAreas(PlayersWorlds.Maps.Maze.SidewinderMazeGenerator,Fill,Quarter)" fullname="PlayersWorlds.Maps.Maze.MazeGeneratorAreasTest.ScatteredAreas(PlayersWorlds.Maps.Maze.SidewinderMazeGenerator,Fill,Quarter)" methodname="ScatteredAreas" classname="PlayersWorlds.Maps.Maze.MazeGeneratorAreasTest" runstate="Runnable" seed="660927851" result="Skipped" label="Ignored" start-time="2024-03-12T00:49:47.5499680Z" end-time="2024-03-12T00:49:47.5500970Z" duration="0.000129" asserts="0" />
                <test-case id="1-1333" name="ScatteredAreas(PlayersWorlds.Maps.Maze.SidewinderMazeGenerator,Fill,Half)" fullname="PlayersWorlds.Maps.Maze.MazeGeneratorAreasTest.ScatteredAreas(PlayersWorlds.Maps.Maze.SidewinderMazeGenerator,Fill,Half)" methodname="ScatteredAreas" classname="PlayersWorlds.Maps.Maze.MazeGeneratorAreasTest" runstate="Runnable" seed="1893881592" result="Skipped" label="Ignored" start-time="2024-03-12T00:49:47.5501020Z" end-time="2024-03-12T00:49:47.5501580Z" duration="0.000056" asserts="0" />
                <test-case id="1-1334" name="ScatteredAreas(PlayersWorlds.Maps.Maze.SidewinderMazeGenerator,Fill,ThreeQuarters)" fullname="PlayersWorlds.Maps.Maze.MazeGeneratorAreasTest.ScatteredAreas(PlayersWorlds.Maps.Maze.SidewinderMazeGenerator,Fill,ThreeQuarters)" methodname="ScatteredAreas" classname="PlayersWorlds.Maps.Maze.MazeGeneratorAreasTest" runstate="Runnable" seed="252287416" result="Skipped" label="Ignored" start-time="2024-03-12T00:49:47.5501630Z" end-time="2024-03-12T00:49:47.5502120Z" duration="0.000049" asserts="0" />
                <test-case id="1-1335" name="ScatteredAreas(PlayersWorlds.Maps.Maze.SidewinderMazeGenerator,Fill,NinetyPercent)" fullname="PlayersWorlds.Maps.Maze.MazeGeneratorAreasTest.ScatteredAreas(PlayersWorlds.Maps.Maze.SidewinderMazeGenerator,Fill,NinetyPercent)" methodname="ScatteredAreas" classname="PlayersWorlds.Maps.Maze.MazeGeneratorAreasTest" runstate="Runnable" seed="1322463935" result="Skipped" label="Ignored" start-time="2024-03-12T00:49:47.5502160Z" end-time="2024-03-12T00:49:47.5502630Z" duration="0.000047" asserts="0" />
                <test-case id="1-1336" name="ScatteredAreas(PlayersWorlds.Maps.Maze.SidewinderMazeGenerator,Fill,FullWidth)" fullname="PlayersWorlds.Maps.Maze.MazeGeneratorAreasTest.ScatteredAreas(PlayersWorlds.Maps.Maze.SidewinderMazeGenerator,Fill,FullWidth)" methodname="ScatteredAreas" classname="PlayersWorlds.Maps.Maze.MazeGeneratorAreasTest" runstate="Runnable" seed="1647346848" result="Skipped" label="Ignored" start-time="2024-03-12T00:49:47.5502680Z" end-time="2024-03-12T00:49:47.5503140Z" duration="0.000047" asserts="0" />
                <test-case id="1-1337" name="ScatteredAreas(PlayersWorlds.Maps.Maze.SidewinderMazeGenerator,Fill,FullHeight)" fullname="PlayersWorlds.Maps.Maze.MazeGeneratorAreasTest.ScatteredAreas(PlayersWorlds.Maps.Maze.SidewinderMazeGenerator,Fill,FullHeight)" methodname="ScatteredAreas" classname="PlayersWorlds.Maps.Maze.MazeGeneratorAreasTest" runstate="Runnable" seed="1879563385" result="Skipped" label="Ignored" start-time="2024-03-12T00:49:47.5503180Z" end-time="2024-03-12T00:49:47.5503660Z" duration="0.000048" asserts="0" />
                <test-case id="1-1338" name="ScatteredAreas(PlayersWorlds.Maps.Maze.SidewinderMazeGenerator,Fill,Full)" fullname="PlayersWorlds.Maps.Maze.MazeGeneratorAreasTest.ScatteredAreas(PlayersWorlds.Maps.Maze.SidewinderMazeGenerator,Fill,Full)" methodname="ScatteredAreas" classname="PlayersWorlds.Maps.Maze.MazeGeneratorAreasTest" runstate="Runnable" seed="1425052615" result="Skipped" label="Ignored" start-time="2024-03-12T00:49:47.5503730Z" end-time="2024-03-12T00:49:47.5504250Z" duration="0.000052" asserts="0" />
                <test-case id="1-1339" name="ScatteredAreas(PlayersWorlds.Maps.Maze.WilsonsMazeGenerator,Cave,Quarter)" fullname="PlayersWorlds.Maps.Maze.MazeGeneratorAreasTest.ScatteredAreas(PlayersWorlds.Maps.Maze.WilsonsMazeGenerator,Cave,Quarter)" methodname="ScatteredAreas" classname="PlayersWorlds.Maps.Maze.MazeGeneratorAreasTest" runstate="Runnable" seed="611980399" result="Passed" start-time="2024-03-12T00:49:47.5504290Z" end-time="2024-03-12T00:49:48.4733000Z" duration="0.922871" asserts="20" />
                <test-case id="1-1340" name="ScatteredAreas(PlayersWorlds.Maps.Maze.WilsonsMazeGenerator,Cave,Half)" fullname="PlayersWorlds.Maps.Maze.MazeGeneratorAreasTest.ScatteredAreas(PlayersWorlds.Maps.Maze.WilsonsMazeGenerator,Cave,Half)" methodname="ScatteredAreas" classname="PlayersWorlds.Maps.Maze.MazeGeneratorAreasTest" runstate="Runnable" seed="1659530996" result="Passed" start-time="2024-03-12T00:49:48.4733150Z" end-time="2024-03-12T00:49:49.3911400Z" duration="0.917825" asserts="20" />
                <test-case id="1-1341" name="ScatteredAreas(PlayersWorlds.Maps.Maze.WilsonsMazeGenerator,Cave,ThreeQuarters)" fullname="PlayersWorlds.Maps.Maze.MazeGeneratorAreasTest.ScatteredAreas(PlayersWorlds.Maps.Maze.WilsonsMazeGenerator,Cave,ThreeQuarters)" methodname="ScatteredAreas" classname="PlayersWorlds.Maps.Maze.MazeGeneratorAreasTest" runstate="Runnable" seed="1735265484" result="Passed" start-time="2024-03-12T00:49:49.3911570Z" end-time="2024-03-12T00:49:50.3128890Z" duration="0.921732" asserts="20" />
                <test-case id="1-1342" name="ScatteredAreas(PlayersWorlds.Maps.Maze.WilsonsMazeGenerator,Cave,NinetyPercent)" fullname="PlayersWorlds.Maps.Maze.MazeGeneratorAreasTest.ScatteredAreas(PlayersWorlds.Maps.Maze.WilsonsMazeGenerator,Cave,NinetyPercent)" methodname="ScatteredAreas" classname="PlayersWorlds.Maps.Maze.MazeGeneratorAreasTest" runstate="Runnable" seed="631421033" result="Passed" start-time="2024-03-12T00:49:50.3129060Z" end-time="2024-03-12T00:49:51.2415880Z" duration="0.928682" asserts="20" />
                <test-case id="1-1343" name="ScatteredAreas(PlayersWorlds.Maps.Maze.WilsonsMazeGenerator,Cave,FullWidth)" fullname="PlayersWorlds.Maps.Maze.MazeGeneratorAreasTest.ScatteredAreas(PlayersWorlds.Maps.Maze.WilsonsMazeGenerator,Cave,FullWidth)" methodname="ScatteredAreas" classname="PlayersWorlds.Maps.Maze.MazeGeneratorAreasTest" runstate="Runnable" seed="711190769" result="Passed" start-time="2024-03-12T00:49:51.2416030Z" end-time="2024-03-12T00:49:52.1820940Z" duration="0.940491" asserts="20" />
                <test-case id="1-1344" name="ScatteredAreas(PlayersWorlds.Maps.Maze.WilsonsMazeGenerator,Cave,FullHeight)" fullname="PlayersWorlds.Maps.Maze.MazeGeneratorAreasTest.ScatteredAreas(PlayersWorlds.Maps.Maze.WilsonsMazeGenerator,Cave,FullHeight)" methodname="ScatteredAreas" classname="PlayersWorlds.Maps.Maze.MazeGeneratorAreasTest" runstate="Runnable" seed="1652135260" result="Passed" start-time="2024-03-12T00:49:52.1821100Z" end-time="2024-03-12T00:49:53.1490130Z" duration="0.966903" asserts="20" />
                <test-case id="1-1345" name="ScatteredAreas(PlayersWorlds.Maps.Maze.WilsonsMazeGenerator,Cave,Full)" fullname="PlayersWorlds.Maps.Maze.MazeGeneratorAreasTest.ScatteredAreas(PlayersWorlds.Maps.Maze.WilsonsMazeGenerator,Cave,Full)" methodname="ScatteredAreas" classname="PlayersWorlds.Maps.Maze.MazeGeneratorAreasTest" runstate="Runnable" seed="1725688236" result="Passed" start-time="2024-03-12T00:49:53.1490300Z" end-time="2024-03-12T00:49:54.1453650Z" duration="0.996335" asserts="20" />
                <test-case id="1-1346" name="ScatteredAreas(PlayersWorlds.Maps.Maze.WilsonsMazeGenerator,Hall,Quarter)" fullname="PlayersWorlds.Maps.Maze.MazeGeneratorAreasTest.ScatteredAreas(PlayersWorlds.Maps.Maze.WilsonsMazeGenerator,Hall,Quarter)" methodname="ScatteredAreas" classname="PlayersWorlds.Maps.Maze.MazeGeneratorAreasTest" runstate="Runnable" seed="1780020557" result="Passed" start-time="2024-03-12T00:49:54.1453910Z" end-time="2024-03-12T00:49:55.1066140Z" duration="0.961224" asserts="20" />
                <test-case id="1-1347" name="ScatteredAreas(PlayersWorlds.Maps.Maze.WilsonsMazeGenerator,Hall,Half)" fullname="PlayersWorlds.Maps.Maze.MazeGeneratorAreasTest.ScatteredAreas(PlayersWorlds.Maps.Maze.WilsonsMazeGenerator,Hall,Half)" methodname="ScatteredAreas" classname="PlayersWorlds.Maps.Maze.MazeGeneratorAreasTest" runstate="Runnable" seed="398494431" result="Passed" start-time="2024-03-12T00:49:55.1066310Z" end-time="2024-03-12T00:49:56.0324300Z" duration="0.925800" asserts="20" />
                <test-case id="1-1348" name="ScatteredAreas(PlayersWorlds.Maps.Maze.WilsonsMazeGenerator,Hall,ThreeQuarters)" fullname="PlayersWorlds.Maps.Maze.MazeGeneratorAreasTest.ScatteredAreas(PlayersWorlds.Maps.Maze.WilsonsMazeGenerator,Hall,ThreeQuarters)" methodname="ScatteredAreas" classname="PlayersWorlds.Maps.Maze.MazeGeneratorAreasTest" runstate="Runnable" seed="3337351" result="Passed" start-time="2024-03-12T00:49:56.0324450Z" end-time="2024-03-12T00:49:56.9647710Z" duration="0.932326" asserts="20" />
                <test-case id="1-1349" name="ScatteredAreas(PlayersWorlds.Maps.Maze.WilsonsMazeGenerator,Hall,NinetyPercent)" fullname="PlayersWorlds.Maps.Maze.MazeGeneratorAreasTest.ScatteredAreas(PlayersWorlds.Maps.Maze.WilsonsMazeGenerator,Hall,NinetyPercent)" methodname="ScatteredAreas" classname="PlayersWorlds.Maps.Maze.MazeGeneratorAreasTest" runstate="Runnable" seed="1831145148" result="Passed" start-time="2024-03-12T00:49:56.9647850Z" end-time="2024-03-12T00:49:57.8829980Z" duration="0.918213" asserts="20" />
                <test-case id="1-1350" name="ScatteredAreas(PlayersWorlds.Maps.Maze.WilsonsMazeGenerator,Hall,FullWidth)" fullname="PlayersWorlds.Maps.Maze.MazeGeneratorAreasTest.ScatteredAreas(PlayersWorlds.Maps.Maze.WilsonsMazeGenerator,Hall,FullWidth)" methodname="ScatteredAreas" classname="PlayersWorlds.Maps.Maze.MazeGeneratorAreasTest" runstate="Runnable" seed="1585673068" result="Passed" start-time="2024-03-12T00:49:57.8830140Z" end-time="2024-03-12T00:49:58.8134580Z" duration="0.930445" asserts="20" />
                <test-case id="1-1351" name="ScatteredAreas(PlayersWorlds.Maps.Maze.WilsonsMazeGenerator,Hall,FullHeight)" fullname="PlayersWorlds.Maps.Maze.MazeGeneratorAreasTest.ScatteredAreas(PlayersWorlds.Maps.Maze.WilsonsMazeGenerator,Hall,FullHeight)" methodname="ScatteredAreas" classname="PlayersWorlds.Maps.Maze.MazeGeneratorAreasTest" runstate="Runnable" seed="2140299400" result="Passed" start-time="2024-03-12T00:49:58.8134740Z" end-time="2024-03-12T00:49:59.7358890Z" duration="0.922415" asserts="20" />
                <test-case id="1-1352" name="ScatteredAreas(PlayersWorlds.Maps.Maze.WilsonsMazeGenerator,Hall,Full)" fullname="PlayersWorlds.Maps.Maze.MazeGeneratorAreasTest.ScatteredAreas(PlayersWorlds.Maps.Maze.WilsonsMazeGenerator,Hall,Full)" methodname="ScatteredAreas" classname="PlayersWorlds.Maps.Maze.MazeGeneratorAreasTest" runstate="Runnable" seed="1195863198" result="Passed" start-time="2024-03-12T00:49:59.7359050Z" end-time="2024-03-12T00:50:00.6556890Z" duration="0.919784" asserts="20" />
                <test-case id="1-1353" name="ScatteredAreas(PlayersWorlds.Maps.Maze.WilsonsMazeGenerator,Fill,Quarter)" fullname="PlayersWorlds.Maps.Maze.MazeGeneratorAreasTest.ScatteredAreas(PlayersWorlds.Maps.Maze.WilsonsMazeGenerator,Fill,Quarter)" methodname="ScatteredAreas" classname="PlayersWorlds.Maps.Maze.MazeGeneratorAreasTest" runstate="Runnable" seed="1022629912" result="Skipped" label="Ignored" start-time="2024-03-12T00:50:00.6557090Z" end-time="2024-03-12T00:50:00.6558560Z" duration="0.000148" asserts="0" />
                <test-case id="1-1354" name="ScatteredAreas(PlayersWorlds.Maps.Maze.WilsonsMazeGenerator,Fill,Half)" fullname="PlayersWorlds.Maps.Maze.MazeGeneratorAreasTest.ScatteredAreas(PlayersWorlds.Maps.Maze.WilsonsMazeGenerator,Fill,Half)" methodname="ScatteredAreas" classname="PlayersWorlds.Maps.Maze.MazeGeneratorAreasTest" runstate="Runnable" seed="723115035" result="Skipped" label="Ignored" start-time="2024-03-12T00:50:00.6558610Z" end-time="2024-03-12T00:50:00.6559190Z" duration="0.000058" asserts="0" />
                <test-case id="1-1355" name="ScatteredAreas(PlayersWorlds.Maps.Maze.WilsonsMazeGenerator,Fill,ThreeQuarters)" fullname="PlayersWorlds.Maps.Maze.MazeGeneratorAreasTest.ScatteredAreas(PlayersWorlds.Maps.Maze.WilsonsMazeGenerator,Fill,ThreeQuarters)" methodname="ScatteredAreas" classname="PlayersWorlds.Maps.Maze.MazeGeneratorAreasTest" runstate="Runnable" seed="241019294" result="Skipped" label="Ignored" start-time="2024-03-12T00:50:00.6559240Z" end-time="2024-03-12T00:50:00.6559840Z" duration="0.000060" asserts="0" />
                <test-case id="1-1356" name="ScatteredAreas(PlayersWorlds.Maps.Maze.WilsonsMazeGenerator,Fill,NinetyPercent)" fullname="PlayersWorlds.Maps.Maze.MazeGeneratorAreasTest.ScatteredAreas(PlayersWorlds.Maps.Maze.WilsonsMazeGenerator,Fill,NinetyPercent)" methodname="ScatteredAreas" classname="PlayersWorlds.Maps.Maze.MazeGeneratorAreasTest" runstate="Runnable" seed="1076579813" result="Skipped" label="Ignored" start-time="2024-03-12T00:50:00.6559880Z" end-time="2024-03-12T00:50:00.6560410Z" duration="0.000052" asserts="0" />
                <test-case id="1-1357" name="ScatteredAreas(PlayersWorlds.Maps.Maze.WilsonsMazeGenerator,Fill,FullWidth)" fullname="PlayersWorlds.Maps.Maze.MazeGeneratorAreasTest.ScatteredAreas(PlayersWorlds.Maps.Maze.WilsonsMazeGenerator,Fill,FullWidth)" methodname="ScatteredAreas" classname="PlayersWorlds.Maps.Maze.MazeGeneratorAreasTest" runstate="Runnable" seed="216990620" result="Skipped" label="Ignored" start-time="2024-03-12T00:50:00.6560450Z" end-time="2024-03-12T00:50:00.6560940Z" duration="0.000050" asserts="0" />
                <test-case id="1-1358" name="ScatteredAreas(PlayersWorlds.Maps.Maze.WilsonsMazeGenerator,Fill,FullHeight)" fullname="PlayersWorlds.Maps.Maze.MazeGeneratorAreasTest.ScatteredAreas(PlayersWorlds.Maps.Maze.WilsonsMazeGenerator,Fill,FullHeight)" methodname="ScatteredAreas" classname="PlayersWorlds.Maps.Maze.MazeGeneratorAreasTest" runstate="Runnable" seed="1438393237" result="Skipped" label="Ignored" start-time="2024-03-12T00:50:00.6560990Z" end-time="2024-03-12T00:50:00.6561470Z" duration="0.000048" asserts="0" />
                <test-case id="1-1359" name="ScatteredAreas(PlayersWorlds.Maps.Maze.WilsonsMazeGenerator,Fill,Full)" fullname="PlayersWorlds.Maps.Maze.MazeGeneratorAreasTest.ScatteredAreas(PlayersWorlds.Maps.Maze.WilsonsMazeGenerator,Fill,Full)" methodname="ScatteredAreas" classname="PlayersWorlds.Maps.Maze.MazeGeneratorAreasTest" runstate="Runnable" seed="1149639312" result="Skipped" label="Ignored" start-time="2024-03-12T00:50:00.6561510Z" end-time="2024-03-12T00:50:00.6561990Z" duration="0.000049" asserts="0" />
              </test-suite>
              <test-suite type="ParameterizedMethod" id="1-1213" name="TwoMatchingAreas" fullname="PlayersWorlds.Maps.Maze.MazeGeneratorAreasTest.TwoMatchingAreas" classname="PlayersWorlds.Maps.Maze.MazeGeneratorAreasTest" runstate="Runnable" testcasecount="18" result="Passed" start-time="2024-03-12T00:50:00.6562360Z" end-time="2024-03-12T00:50:01.2423900Z" duration="0.586154" total="18" passed="18" failed="0" warnings="0" inconclusive="0" skipped="0" asserts="1260">
                <properties>
                  <property name="Repeat" value="10" />
                  <property name="Category" value="Integration" />
                </properties>
                <test-case id="1-1195" name="TwoMatchingAreas(PlayersWorlds.Maps.Maze.AldousBroderMazeGenerator,Cave)" fullname="PlayersWorlds.Maps.Maze.MazeGeneratorAreasTest.TwoMatchingAreas(PlayersWorlds.Maps.Maze.AldousBroderMazeGenerator,Cave)" methodname="TwoMatchingAreas" classname="PlayersWorlds.Maps.Maze.MazeGeneratorAreasTest" runstate="Runnable" seed="1078248222" result="Passed" start-time="2024-03-12T00:50:00.6562470Z" end-time="2024-03-12T00:50:00.6903780Z" duration="0.034131" asserts="70" />
                <test-case id="1-1196" name="TwoMatchingAreas(PlayersWorlds.Maps.Maze.AldousBroderMazeGenerator,Hall)" fullname="PlayersWorlds.Maps.Maze.MazeGeneratorAreasTest.TwoMatchingAreas(PlayersWorlds.Maps.Maze.AldousBroderMazeGenerator,Hall)" methodname="TwoMatchingAreas" classname="PlayersWorlds.Maps.Maze.MazeGeneratorAreasTest" runstate="Runnable" seed="642917329" result="Passed" start-time="2024-03-12T00:50:00.6903910Z" end-time="2024-03-12T00:50:00.7243410Z" duration="0.033950" asserts="70" />
                <test-case id="1-1197" name="TwoMatchingAreas(PlayersWorlds.Maps.Maze.AldousBroderMazeGenerator,Fill)" fullname="PlayersWorlds.Maps.Maze.MazeGeneratorAreasTest.TwoMatchingAreas(PlayersWorlds.Maps.Maze.AldousBroderMazeGenerator,Fill)" methodname="TwoMatchingAreas" classname="PlayersWorlds.Maps.Maze.MazeGeneratorAreasTest" runstate="Runnable" seed="1877507630" result="Passed" start-time="2024-03-12T00:50:00.7243530Z" end-time="2024-03-12T00:50:00.7563070Z" duration="0.031954" asserts="70" />
                <test-case id="1-1198" name="TwoMatchingAreas(PlayersWorlds.Maps.Maze.BinaryTreeMazeGenerator,Cave)" fullname="PlayersWorlds.Maps.Maze.MazeGeneratorAreasTest.TwoMatchingAreas(PlayersWorlds.Maps.Maze.BinaryTreeMazeGenerator,Cave)" methodname="TwoMatchingAreas" classname="PlayersWorlds.Maps.Maze.MazeGeneratorAreasTest" runstate="Runnable" seed="576843721" result="Passed" start-time="2024-03-12T00:50:00.7563170Z" end-time="2024-03-12T00:50:00.7902390Z" duration="0.033922" asserts="70" />
                <test-case id="1-1199" name="TwoMatchingAreas(PlayersWorlds.Maps.Maze.BinaryTreeMazeGenerator,Hall)" fullname="PlayersWorlds.Maps.Maze.MazeGeneratorAreasTest.TwoMatchingAreas(PlayersWorlds.Maps.Maze.BinaryTreeMazeGenerator,Hall)" methodname="TwoMatchingAreas" classname="PlayersWorlds.Maps.Maze.MazeGeneratorAreasTest" runstate="Runnable" seed="402330151" result="Passed" start-time="2024-03-12T00:50:00.7902520Z" end-time="2024-03-12T00:50:00.8234830Z" duration="0.033230" asserts="70" />
                <test-case id="1-1200" name="TwoMatchingAreas(PlayersWorlds.Maps.Maze.BinaryTreeMazeGenerator,Fill)" fullname="PlayersWorlds.Maps.Maze.MazeGeneratorAreasTest.TwoMatchingAreas(PlayersWorlds.Maps.Maze.BinaryTreeMazeGenerator,Fill)" methodname="TwoMatchingAreas" classname="PlayersWorlds.Maps.Maze.MazeGeneratorAreasTest" runstate="Runnable" seed="1827144511" result="Passed" start-time="2024-03-12T00:50:00.8234920Z" end-time="2024-03-12T00:50:00.8559670Z" duration="0.032474" asserts="70" />
                <test-case id="1-1201" name="TwoMatchingAreas(PlayersWorlds.Maps.Maze.HuntAndKillMazeGenerator,Cave)" fullname="PlayersWorlds.Maps.Maze.MazeGeneratorAreasTest.TwoMatchingAreas(PlayersWorlds.Maps.Maze.HuntAndKillMazeGenerator,Cave)" methodname="TwoMatchingAreas" classname="PlayersWorlds.Maps.Maze.MazeGeneratorAreasTest" runstate="Runnable" seed="396404568" result="Passed" start-time="2024-03-12T00:50:00.8559790Z" end-time="2024-03-12T00:50:00.8869460Z" duration="0.030967" asserts="70" />
                <test-case id="1-1202" name="TwoMatchingAreas(PlayersWorlds.Maps.Maze.HuntAndKillMazeGenerator,Hall)" fullname="PlayersWorlds.Maps.Maze.MazeGeneratorAreasTest.TwoMatchingAreas(PlayersWorlds.Maps.Maze.HuntAndKillMazeGenerator,Hall)" methodname="TwoMatchingAreas" classname="PlayersWorlds.Maps.Maze.MazeGeneratorAreasTest" runstate="Runnable" seed="119727319" result="Passed" start-time="2024-03-12T00:50:00.8869560Z" end-time="2024-03-12T00:50:00.9181410Z" duration="0.031185" asserts="70" />
                <test-case id="1-1203" name="TwoMatchingAreas(PlayersWorlds.Maps.Maze.HuntAndKillMazeGenerator,Fill)" fullname="PlayersWorlds.Maps.Maze.MazeGeneratorAreasTest.TwoMatchingAreas(PlayersWorlds.Maps.Maze.HuntAndKillMazeGenerator,Fill)" methodname="TwoMatchingAreas" classname="PlayersWorlds.Maps.Maze.MazeGeneratorAreasTest" runstate="Runnable" seed="1306350925" result="Passed" start-time="2024-03-12T00:50:00.9181510Z" end-time="2024-03-12T00:50:00.9487970Z" duration="0.030646" asserts="70" />
                <test-case id="1-1204" name="TwoMatchingAreas(PlayersWorlds.Maps.Maze.RecursiveBacktrackerMazeGenerator,Cave)" fullname="PlayersWorlds.Maps.Maze.MazeGeneratorAreasTest.TwoMatchingAreas(PlayersWorlds.Maps.Maze.RecursiveBacktrackerMazeGenerator,Cave)" methodname="TwoMatchingAreas" classname="PlayersWorlds.Maps.Maze.MazeGeneratorAreasTest" runstate="Runnable" seed="99412831" result="Passed" start-time="2024-03-12T00:50:00.9488080Z" end-time="2024-03-12T00:50:00.9807290Z" duration="0.031921" asserts="70" />
                <test-case id="1-1205" name="TwoMatchingAreas(PlayersWorlds.Maps.Maze.RecursiveBacktrackerMazeGenerator,Hall)" fullname="PlayersWorlds.Maps.Maze.MazeGeneratorAreasTest.TwoMatchingAreas(PlayersWorlds.Maps.Maze.RecursiveBacktrackerMazeGenerator,Hall)" methodname="TwoMatchingAreas" classname="PlayersWorlds.Maps.Maze.MazeGeneratorAreasTest" runstate="Runnable" seed="1470474667" result="Passed" start-time="2024-03-12T00:50:00.9807390Z" end-time="2024-03-12T00:50:01.0125210Z" duration="0.031782" asserts="70" />
                <test-case id="1-1206" name="TwoMatchingAreas(PlayersWorlds.Maps.Maze.RecursiveBacktrackerMazeGenerator,Fill)" fullname="PlayersWorlds.Maps.Maze.MazeGeneratorAreasTest.TwoMatchingAreas(PlayersWorlds.Maps.Maze.RecursiveBacktrackerMazeGenerator,Fill)" methodname="TwoMatchingAreas" classname="PlayersWorlds.Maps.Maze.MazeGeneratorAreasTest" runstate="Runnable" seed="963332467" result="Passed" start-time="2024-03-12T00:50:01.0125320Z" end-time="2024-03-12T00:50:01.0430270Z" duration="0.030496" asserts="70" />
                <test-case id="1-1207" name="TwoMatchingAreas(PlayersWorlds.Maps.Maze.SidewinderMazeGenerator,Cave)" fullname="PlayersWorlds.Maps.Maze.MazeGeneratorAreasTest.TwoMatchingAreas(PlayersWorlds.Maps.Maze.SidewinderMazeGenerator,Cave)" methodname="TwoMatchingAreas" classname="PlayersWorlds.Maps.Maze.MazeGeneratorAreasTest" runstate="Runnable" seed="800077652" result="Passed" start-time="2024-03-12T00:50:01.0430440Z" end-time="2024-03-12T00:50:01.0772300Z" duration="0.034186" asserts="70" />
                <test-case id="1-1208" name="TwoMatchingAreas(PlayersWorlds.Maps.Maze.SidewinderMazeGenerator,Hall)" fullname="PlayersWorlds.Maps.Maze.MazeGeneratorAreasTest.TwoMatchingAreas(PlayersWorlds.Maps.Maze.SidewinderMazeGenerator,Hall)" methodname="TwoMatchingAreas" classname="PlayersWorlds.Maps.Maze.MazeGeneratorAreasTest" runstate="Runnable" seed="1093299856" result="Passed" start-time="2024-03-12T00:50:01.0772410Z" end-time="2024-03-12T00:50:01.1115080Z" duration="0.034267" asserts="70" />
                <test-case id="1-1209" name="TwoMatchingAreas(PlayersWorlds.Maps.Maze.SidewinderMazeGenerator,Fill)" fullname="PlayersWorlds.Maps.Maze.MazeGeneratorAreasTest.TwoMatchingAreas(PlayersWorlds.Maps.Maze.SidewinderMazeGenerator,Fill)" methodname="TwoMatchingAreas" classname="PlayersWorlds.Maps.Maze.MazeGeneratorAreasTest" runstate="Runnable" seed="1334535848" result="Passed" start-time="2024-03-12T00:50:01.1115240Z" end-time="2024-03-12T00:50:01.1444450Z" duration="0.032921" asserts="70" />
                <test-case id="1-1210" name="TwoMatchingAreas(PlayersWorlds.Maps.Maze.WilsonsMazeGenerator,Cave)" fullname="PlayersWorlds.Maps.Maze.MazeGeneratorAreasTest.TwoMatchingAreas(PlayersWorlds.Maps.Maze.WilsonsMazeGenerator,Cave)" methodname="TwoMatchingAreas" classname="PlayersWorlds.Maps.Maze.MazeGeneratorAreasTest" runstate="Runnable" seed="2050103303" result="Passed" start-time="2024-03-12T00:50:01.1444550Z" end-time="2024-03-12T00:50:01.1763890Z" duration="0.031934" asserts="70" />
                <test-case id="1-1211" name="TwoMatchingAreas(PlayersWorlds.Maps.Maze.WilsonsMazeGenerator,Hall)" fullname="PlayersWorlds.Maps.Maze.MazeGeneratorAreasTest.TwoMatchingAreas(PlayersWorlds.Maps.Maze.WilsonsMazeGenerator,Hall)" methodname="TwoMatchingAreas" classname="PlayersWorlds.Maps.Maze.MazeGeneratorAreasTest" runstate="Runnable" seed="233657906" result="Passed" start-time="2024-03-12T00:50:01.1764030Z" end-time="2024-03-12T00:50:01.2088090Z" duration="0.032406" asserts="70" />
                <test-case id="1-1212" name="TwoMatchingAreas(PlayersWorlds.Maps.Maze.WilsonsMazeGenerator,Fill)" fullname="PlayersWorlds.Maps.Maze.MazeGeneratorAreasTest.TwoMatchingAreas(PlayersWorlds.Maps.Maze.WilsonsMazeGenerator,Fill)" methodname="TwoMatchingAreas" classname="PlayersWorlds.Maps.Maze.MazeGeneratorAreasTest" runstate="Runnable" seed="622462931" result="Passed" start-time="2024-03-12T00:50:01.2088260Z" end-time="2024-03-12T00:50:01.2423700Z" duration="0.033544" asserts="70" />
              </test-suite>
              <test-case id="1-1233" name="WilsonsHalls" fullname="PlayersWorlds.Maps.Maze.MazeGeneratorAreasTest.WilsonsHalls" methodname="WilsonsHalls" classname="PlayersWorlds.Maps.Maze.MazeGeneratorAreasTest" runstate="Runnable" seed="1814617142" result="Passed" start-time="2024-03-12T00:50:01.2424040Z" end-time="2024-03-12T00:50:01.3221350Z" duration="0.079731" asserts="10">
                <properties>
                  <property name="Repeat" value="10" />
                  <property name="Category" value="Integration" />
                </properties>
              </test-case>
            </test-suite>
            <test-suite type="TestFixture" id="1-1362" name="MazeGeneratorTest" fullname="PlayersWorlds.Maps.Maze.MazeGeneratorTest" classname="PlayersWorlds.Maps.Maze.MazeGeneratorTest" runstate="Runnable" testcasecount="527" result="Skipped" label="Ignored" site="Child" start-time="2024-03-12T00:50:01.3221770Z" end-time="2024-03-12T00:50:18.6990630Z" duration="17.376886" total="511" passed="367" failed="0" warnings="0" inconclusive="0" skipped="144" asserts="1095">
              <reason>
                <message><![CDATA[One or more child tests were ignored]]></message>
              </reason>
              <test-suite type="ParameterizedMethod" id="1-1892" name="CanFindPaths" fullname="PlayersWorlds.Maps.Maze.MazeGeneratorTest.CanFindPaths" classname="PlayersWorlds.Maps.Maze.MazeGeneratorTest" runstate="Runnable" testcasecount="6" result="Passed" start-time="2024-03-12T00:50:01.3223140Z" end-time="2024-03-12T00:50:01.3262430Z" duration="0.003929" total="6" passed="6" failed="0" warnings="0" inconclusive="0" skipped="0" asserts="12">
                <properties>
                  <property name="Category" value="Integration" />
                </properties>
                <test-case id="1-1886" name="CanFindPaths(PlayersWorlds.Maps.Maze.AldousBroderMazeGenerator)" fullname="PlayersWorlds.Maps.Maze.MazeGeneratorTest.CanFindPaths(PlayersWorlds.Maps.Maze.AldousBroderMazeGenerator)" methodname="CanFindPaths" classname="PlayersWorlds.Maps.Maze.MazeGeneratorTest" runstate="Runnable" seed="2142776611" result="Passed" start-time="2024-03-12T00:50:01.3223260Z" end-time="2024-03-12T00:50:01.3244740Z" duration="0.002148" asserts="2" />
                <test-case id="1-1887" name="CanFindPaths(PlayersWorlds.Maps.Maze.BinaryTreeMazeGenerator)" fullname="PlayersWorlds.Maps.Maze.MazeGeneratorTest.CanFindPaths(PlayersWorlds.Maps.Maze.BinaryTreeMazeGenerator)" methodname="CanFindPaths" classname="PlayersWorlds.Maps.Maze.MazeGeneratorTest" runstate="Runnable" seed="1769755088" result="Passed" start-time="2024-03-12T00:50:01.3244840Z" end-time="2024-03-12T00:50:01.3248760Z" duration="0.000392" asserts="2" />
                <test-case id="1-1888" name="CanFindPaths(PlayersWorlds.Maps.Maze.HuntAndKillMazeGenerator)" fullname="PlayersWorlds.Maps.Maze.MazeGeneratorTest.CanFindPaths(PlayersWorlds.Maps.Maze.HuntAndKillMazeGenerator)" methodname="CanFindPaths" classname="PlayersWorlds.Maps.Maze.MazeGeneratorTest" runstate="Runnable" seed="1257325932" result="Passed" start-time="2024-03-12T00:50:01.3248820Z" end-time="2024-03-12T00:50:01.3251900Z" duration="0.000308" asserts="2" />
                <test-case id="1-1889" name="CanFindPaths(PlayersWorlds.Maps.Maze.RecursiveBacktrackerMazeGenerator)" fullname="PlayersWorlds.Maps.Maze.MazeGeneratorTest.CanFindPaths(PlayersWorlds.Maps.Maze.RecursiveBacktrackerMazeGenerator)" methodname="CanFindPaths" classname="PlayersWorlds.Maps.Maze.MazeGeneratorTest" runstate="Runnable" seed="504141932" result="Passed" start-time="2024-03-12T00:50:01.3251960Z" end-time="2024-03-12T00:50:01.3255180Z" duration="0.000322" asserts="2" />
                <test-case id="1-1890" name="CanFindPaths(PlayersWorlds.Maps.Maze.SidewinderMazeGenerator)" fullname="PlayersWorlds.Maps.Maze.MazeGeneratorTest.CanFindPaths(PlayersWorlds.Maps.Maze.SidewinderMazeGenerator)" methodname="CanFindPaths" classname="PlayersWorlds.Maps.Maze.MazeGeneratorTest" runstate="Runnable" seed="588839186" result="Passed" start-time="2024-03-12T00:50:01.3255240Z" end-time="2024-03-12T00:50:01.3259150Z" duration="0.000391" asserts="2" />
                <test-case id="1-1891" name="CanFindPaths(PlayersWorlds.Maps.Maze.WilsonsMazeGenerator)" fullname="PlayersWorlds.Maps.Maze.MazeGeneratorTest.CanFindPaths(PlayersWorlds.Maps.Maze.WilsonsMazeGenerator)" methodname="CanFindPaths" classname="PlayersWorlds.Maps.Maze.MazeGeneratorTest" runstate="Runnable" seed="1422543346" result="Passed" start-time="2024-03-12T00:50:01.3259200Z" end-time="2024-03-12T00:50:01.3262360Z" duration="0.000316" asserts="2" />
              </test-suite>
              <test-suite type="ParameterizedMethod" id="1-1883" name="IsFillComplete" fullname="PlayersWorlds.Maps.Maze.MazeGeneratorTest.IsFillComplete" classname="PlayersWorlds.Maps.Maze.MazeGeneratorTest" runstate="Runnable" testcasecount="504" result="Skipped" label="Ignored" site="Child" start-time="2024-03-12T00:50:01.3262510Z" end-time="2024-03-12T00:50:18.6890290Z" duration="17.362779" total="504" passed="360" failed="0" warnings="0" inconclusive="0" skipped="144" asserts="1080">
                <properties>
                  <property name="Category" value="Integration" />
                </properties>
                <reason>
                  <message><![CDATA[One or more child tests were ignored]]></message>
                </reason>
                <test-case id="1-1379" name="IsFillComplete(PlayersWorlds.Maps.Maze.AldousBroderMazeGenerator,Quarter,Auto,null)" fullname="PlayersWorlds.Maps.Maze.MazeGeneratorTest.IsFillComplete(PlayersWorlds.Maps.Maze.AldousBroderMazeGenerator,Quarter,Auto,null)" methodname="IsFillComplete" classname="PlayersWorlds.Maps.Maze.MazeGeneratorTest" runstate="Runnable" seed="2084968779" result="Passed" start-time="2024-03-12T00:50:01.3262580Z" end-time="2024-03-12T00:50:01.3628300Z" duration="0.036571" asserts="3" />
                <test-case id="1-1380" name="IsFillComplete(PlayersWorlds.Maps.Maze.AldousBroderMazeGenerator,Quarter,Auto,System.Collections.Generic.List`1[PlayersWorlds.Maps.Areas.MapArea])" fullname="PlayersWorlds.Maps.Maze.MazeGeneratorTest.IsFillComplete(PlayersWorlds.Maps.Maze.AldousBroderMazeGenerator,Quarter,Auto,System.Collections.Generic.List`1[PlayersWorlds.Maps.Areas.MapArea])" methodname="IsFillComplete" classname="PlayersWorlds.Maps.Maze.MazeGeneratorTest" runstate="Runnable" seed="1065979256" result="Passed" start-time="2024-03-12T00:50:01.3628420Z" end-time="2024-03-12T00:50:01.3988710Z" duration="0.036029" asserts="3" />
                <test-case id="1-1381" name="IsFillComplete(PlayersWorlds.Maps.Maze.AldousBroderMazeGenerator,Quarter,Auto,System.Collections.Generic.List`1[PlayersWorlds.Maps.Areas.MapArea])" fullname="PlayersWorlds.Maps.Maze.MazeGeneratorTest.IsFillComplete(PlayersWorlds.Maps.Maze.AldousBroderMazeGenerator,Quarter,Auto,System.Collections.Generic.List`1[PlayersWorlds.Maps.Areas.MapArea])" methodname="IsFillComplete" classname="PlayersWorlds.Maps.Maze.MazeGeneratorTest" runstate="Runnable" seed="551552729" result="Passed" start-time="2024-03-12T00:50:01.3988820Z" end-time="2024-03-12T00:50:01.5790930Z" duration="0.180211" asserts="3" />
                <test-case id="1-1382" name="IsFillComplete(PlayersWorlds.Maps.Maze.AldousBroderMazeGenerator,Quarter,Auto,System.Collections.Generic.List`1[PlayersWorlds.Maps.Areas.MapArea])" fullname="PlayersWorlds.Maps.Maze.MazeGeneratorTest.IsFillComplete(PlayersWorlds.Maps.Maze.AldousBroderMazeGenerator,Quarter,Auto,System.Collections.Generic.List`1[PlayersWorlds.Maps.Areas.MapArea])" methodname="IsFillComplete" classname="PlayersWorlds.Maps.Maze.MazeGeneratorTest" runstate="Runnable" seed="1435475636" result="Passed" start-time="2024-03-12T00:50:01.5791070Z" end-time="2024-03-12T00:50:01.5960770Z" duration="0.016970" asserts="3" />
                <test-case id="1-1383" name="IsFillComplete(PlayersWorlds.Maps.Maze.AldousBroderMazeGenerator,Quarter,Auto,System.Collections.Generic.List`1[PlayersWorlds.Maps.Areas.MapArea])" fullname="PlayersWorlds.Maps.Maze.MazeGeneratorTest.IsFillComplete(PlayersWorlds.Maps.Maze.AldousBroderMazeGenerator,Quarter,Auto,System.Collections.Generic.List`1[PlayersWorlds.Maps.Areas.MapArea])" methodname="IsFillComplete" classname="PlayersWorlds.Maps.Maze.MazeGeneratorTest" runstate="Runnable" seed="340934664" result="Passed" start-time="2024-03-12T00:50:01.5960900Z" end-time="2024-03-12T00:50:01.6496560Z" duration="0.053567" asserts="3" />
                <test-case id="1-1384" name="IsFillComplete(PlayersWorlds.Maps.Maze.AldousBroderMazeGenerator,Quarter,Auto,System.Collections.Generic.List`1[PlayersWorlds.Maps.Areas.MapArea])" fullname="PlayersWorlds.Maps.Maze.MazeGeneratorTest.IsFillComplete(PlayersWorlds.Maps.Maze.AldousBroderMazeGenerator,Quarter,Auto,System.Collections.Generic.List`1[PlayersWorlds.Maps.Areas.MapArea])" methodname="IsFillComplete" classname="PlayersWorlds.Maps.Maze.MazeGeneratorTest" runstate="Runnable" seed="562351360" result="Passed" start-time="2024-03-12T00:50:01.6496660Z" end-time="2024-03-12T00:50:01.6890390Z" duration="0.039373" asserts="3" />
                <test-case id="1-1385" name="IsFillComplete(PlayersWorlds.Maps.Maze.AldousBroderMazeGenerator,Quarter,Manual,null)" fullname="PlayersWorlds.Maps.Maze.MazeGeneratorTest.IsFillComplete(PlayersWorlds.Maps.Maze.AldousBroderMazeGenerator,Quarter,Manual,null)" methodname="IsFillComplete" classname="PlayersWorlds.Maps.Maze.MazeGeneratorTest" runstate="Runnable" seed="2114070008" result="Passed" start-time="2024-03-12T00:50:01.6890610Z" end-time="2024-03-12T00:50:01.6903290Z" duration="0.001268" asserts="3" />
                <test-case id="1-1386" name="IsFillComplete(PlayersWorlds.Maps.Maze.AldousBroderMazeGenerator,Quarter,Manual,System.Collections.Generic.List`1[PlayersWorlds.Maps.Areas.MapArea])" fullname="PlayersWorlds.Maps.Maze.MazeGeneratorTest.IsFillComplete(PlayersWorlds.Maps.Maze.AldousBroderMazeGenerator,Quarter,Manual,System.Collections.Generic.List`1[PlayersWorlds.Maps.Areas.MapArea])" methodname="IsFillComplete" classname="PlayersWorlds.Maps.Maze.MazeGeneratorTest" runstate="Runnable" seed="48471347" result="Passed" start-time="2024-03-12T00:50:01.6903380Z" end-time="2024-03-12T00:50:01.6921400Z" duration="0.001802" asserts="3" />
                <test-case id="1-1387" name="IsFillComplete(PlayersWorlds.Maps.Maze.AldousBroderMazeGenerator,Quarter,Manual,System.Collections.Generic.List`1[PlayersWorlds.Maps.Areas.MapArea])" fullname="PlayersWorlds.Maps.Maze.MazeGeneratorTest.IsFillComplete(PlayersWorlds.Maps.Maze.AldousBroderMazeGenerator,Quarter,Manual,System.Collections.Generic.List`1[PlayersWorlds.Maps.Areas.MapArea])" methodname="IsFillComplete" classname="PlayersWorlds.Maps.Maze.MazeGeneratorTest" runstate="Runnable" seed="773564033" result="Passed" start-time="2024-03-12T00:50:01.6921500Z" end-time="2024-03-12T00:50:01.6941450Z" duration="0.001995" asserts="3" />
                <test-case id="1-1388" name="IsFillComplete(PlayersWorlds.Maps.Maze.AldousBroderMazeGenerator,Quarter,Manual,System.Collections.Generic.List`1[PlayersWorlds.Maps.Areas.MapArea])" fullname="PlayersWorlds.Maps.Maze.MazeGeneratorTest.IsFillComplete(PlayersWorlds.Maps.Maze.AldousBroderMazeGenerator,Quarter,Manual,System.Collections.Generic.List`1[PlayersWorlds.Maps.Areas.MapArea])" methodname="IsFillComplete" classname="PlayersWorlds.Maps.Maze.MazeGeneratorTest" runstate="Runnable" seed="1274931294" result="Passed" start-time="2024-03-12T00:50:01.6941550Z" end-time="2024-03-12T00:50:01.6959160Z" duration="0.001762" asserts="3" />
                <test-case id="1-1389" name="IsFillComplete(PlayersWorlds.Maps.Maze.AldousBroderMazeGenerator,Quarter,Manual,System.Collections.Generic.List`1[PlayersWorlds.Maps.Areas.MapArea])" fullname="PlayersWorlds.Maps.Maze.MazeGeneratorTest.IsFillComplete(PlayersWorlds.Maps.Maze.AldousBroderMazeGenerator,Quarter,Manual,System.Collections.Generic.List`1[PlayersWorlds.Maps.Areas.MapArea])" methodname="IsFillComplete" classname="PlayersWorlds.Maps.Maze.MazeGeneratorTest" runstate="Runnable" seed="789970063" result="Passed" start-time="2024-03-12T00:50:01.6959260Z" end-time="2024-03-12T00:50:01.6991450Z" duration="0.003219" asserts="3" />
                <test-case id="1-1390" name="IsFillComplete(PlayersWorlds.Maps.Maze.AldousBroderMazeGenerator,Quarter,Manual,System.Collections.Generic.List`1[PlayersWorlds.Maps.Areas.MapArea])" fullname="PlayersWorlds.Maps.Maze.MazeGeneratorTest.IsFillComplete(PlayersWorlds.Maps.Maze.AldousBroderMazeGenerator,Quarter,Manual,System.Collections.Generic.List`1[PlayersWorlds.Maps.Areas.MapArea])" methodname="IsFillComplete" classname="PlayersWorlds.Maps.Maze.MazeGeneratorTest" runstate="Runnable" seed="986536450" result="Passed" start-time="2024-03-12T00:50:01.6991550Z" end-time="2024-03-12T00:50:01.7048550Z" duration="0.005701" asserts="3" />
                <test-case id="1-1391" name="IsFillComplete(PlayersWorlds.Maps.Maze.AldousBroderMazeGenerator,Half,Auto,null)" fullname="PlayersWorlds.Maps.Maze.MazeGeneratorTest.IsFillComplete(PlayersWorlds.Maps.Maze.AldousBroderMazeGenerator,Half,Auto,null)" methodname="IsFillComplete" classname="PlayersWorlds.Maps.Maze.MazeGeneratorTest" runstate="Runnable" seed="1868079961" result="Passed" start-time="2024-03-12T00:50:01.7048650Z" end-time="2024-03-12T00:50:01.7165220Z" duration="0.011657" asserts="3" />
                <test-case id="1-1392" name="IsFillComplete(PlayersWorlds.Maps.Maze.AldousBroderMazeGenerator,Half,Auto,System.Collections.Generic.List`1[PlayersWorlds.Maps.Areas.MapArea])" fullname="PlayersWorlds.Maps.Maze.MazeGeneratorTest.IsFillComplete(PlayersWorlds.Maps.Maze.AldousBroderMazeGenerator,Half,Auto,System.Collections.Generic.List`1[PlayersWorlds.Maps.Areas.MapArea])" methodname="IsFillComplete" classname="PlayersWorlds.Maps.Maze.MazeGeneratorTest" runstate="Runnable" seed="829310509" result="Passed" start-time="2024-03-12T00:50:01.7165320Z" end-time="2024-03-12T00:50:01.7190810Z" duration="0.002548" asserts="3" />
                <test-case id="1-1393" name="IsFillComplete(PlayersWorlds.Maps.Maze.AldousBroderMazeGenerator,Half,Auto,System.Collections.Generic.List`1[PlayersWorlds.Maps.Areas.MapArea])" fullname="PlayersWorlds.Maps.Maze.MazeGeneratorTest.IsFillComplete(PlayersWorlds.Maps.Maze.AldousBroderMazeGenerator,Half,Auto,System.Collections.Generic.List`1[PlayersWorlds.Maps.Areas.MapArea])" methodname="IsFillComplete" classname="PlayersWorlds.Maps.Maze.MazeGeneratorTest" runstate="Runnable" seed="1926651835" result="Passed" start-time="2024-03-12T00:50:01.7190920Z" end-time="2024-03-12T00:50:01.7964670Z" duration="0.077375" asserts="3" />
                <test-case id="1-1394" name="IsFillComplete(PlayersWorlds.Maps.Maze.AldousBroderMazeGenerator,Half,Auto,System.Collections.Generic.List`1[PlayersWorlds.Maps.Areas.MapArea])" fullname="PlayersWorlds.Maps.Maze.MazeGeneratorTest.IsFillComplete(PlayersWorlds.Maps.Maze.AldousBroderMazeGenerator,Half,Auto,System.Collections.Generic.List`1[PlayersWorlds.Maps.Areas.MapArea])" methodname="IsFillComplete" classname="PlayersWorlds.Maps.Maze.MazeGeneratorTest" runstate="Runnable" seed="31483428" result="Passed" start-time="2024-03-12T00:50:01.7964830Z" end-time="2024-03-12T00:50:01.8310840Z" duration="0.034602" asserts="3" />
                <test-case id="1-1395" name="IsFillComplete(PlayersWorlds.Maps.Maze.AldousBroderMazeGenerator,Half,Auto,System.Collections.Generic.List`1[PlayersWorlds.Maps.Areas.MapArea])" fullname="PlayersWorlds.Maps.Maze.MazeGeneratorTest.IsFillComplete(PlayersWorlds.Maps.Maze.AldousBroderMazeGenerator,Half,Auto,System.Collections.Generic.List`1[PlayersWorlds.Maps.Areas.MapArea])" methodname="IsFillComplete" classname="PlayersWorlds.Maps.Maze.MazeGeneratorTest" runstate="Runnable" seed="1737815541" result="Passed" start-time="2024-03-12T00:50:01.8310950Z" end-time="2024-03-12T00:50:02.7924590Z" duration="0.961364" asserts="3" />
                <test-case id="1-1396" name="IsFillComplete(PlayersWorlds.Maps.Maze.AldousBroderMazeGenerator,Half,Auto,System.Collections.Generic.List`1[PlayersWorlds.Maps.Areas.MapArea])" fullname="PlayersWorlds.Maps.Maze.MazeGeneratorTest.IsFillComplete(PlayersWorlds.Maps.Maze.AldousBroderMazeGenerator,Half,Auto,System.Collections.Generic.List`1[PlayersWorlds.Maps.Areas.MapArea])" methodname="IsFillComplete" classname="PlayersWorlds.Maps.Maze.MazeGeneratorTest" runstate="Runnable" seed="135164892" result="Passed" start-time="2024-03-12T00:50:02.7924670Z" end-time="2024-03-12T00:50:02.8415480Z" duration="0.049081" asserts="3" />
                <test-case id="1-1397" name="IsFillComplete(PlayersWorlds.Maps.Maze.AldousBroderMazeGenerator,Half,Manual,null)" fullname="PlayersWorlds.Maps.Maze.MazeGeneratorTest.IsFillComplete(PlayersWorlds.Maps.Maze.AldousBroderMazeGenerator,Half,Manual,null)" methodname="IsFillComplete" classname="PlayersWorlds.Maps.Maze.MazeGeneratorTest" runstate="Runnable" seed="18605297" result="Passed" start-time="2024-03-12T00:50:02.8415630Z" end-time="2024-03-12T00:50:02.8429710Z" duration="0.001408" asserts="3" />
                <test-case id="1-1398" name="IsFillComplete(PlayersWorlds.Maps.Maze.AldousBroderMazeGenerator,Half,Manual,System.Collections.Generic.List`1[PlayersWorlds.Maps.Areas.MapArea])" fullname="PlayersWorlds.Maps.Maze.MazeGeneratorTest.IsFillComplete(PlayersWorlds.Maps.Maze.AldousBroderMazeGenerator,Half,Manual,System.Collections.Generic.List`1[PlayersWorlds.Maps.Areas.MapArea])" methodname="IsFillComplete" classname="PlayersWorlds.Maps.Maze.MazeGeneratorTest" runstate="Runnable" seed="650883872" result="Passed" start-time="2024-03-12T00:50:02.8429800Z" end-time="2024-03-12T00:50:02.8446810Z" duration="0.001701" asserts="3" />
                <test-case id="1-1399" name="IsFillComplete(PlayersWorlds.Maps.Maze.AldousBroderMazeGenerator,Half,Manual,System.Collections.Generic.List`1[PlayersWorlds.Maps.Areas.MapArea])" fullname="PlayersWorlds.Maps.Maze.MazeGeneratorTest.IsFillComplete(PlayersWorlds.Maps.Maze.AldousBroderMazeGenerator,Half,Manual,System.Collections.Generic.List`1[PlayersWorlds.Maps.Areas.MapArea])" methodname="IsFillComplete" classname="PlayersWorlds.Maps.Maze.MazeGeneratorTest" runstate="Runnable" seed="722847693" result="Passed" start-time="2024-03-12T00:50:02.8446910Z" end-time="2024-03-12T00:50:02.8467810Z" duration="0.002090" asserts="3" />
                <test-case id="1-1400" name="IsFillComplete(PlayersWorlds.Maps.Maze.AldousBroderMazeGenerator,Half,Manual,System.Collections.Generic.List`1[PlayersWorlds.Maps.Areas.MapArea])" fullname="PlayersWorlds.Maps.Maze.MazeGeneratorTest.IsFillComplete(PlayersWorlds.Maps.Maze.AldousBroderMazeGenerator,Half,Manual,System.Collections.Generic.List`1[PlayersWorlds.Maps.Areas.MapArea])" methodname="IsFillComplete" classname="PlayersWorlds.Maps.Maze.MazeGeneratorTest" runstate="Runnable" seed="984605265" result="Passed" start-time="2024-03-12T00:50:02.8467900Z" end-time="2024-03-12T00:50:02.8489650Z" duration="0.002175" asserts="3" />
                <test-case id="1-1401" name="IsFillComplete(PlayersWorlds.Maps.Maze.AldousBroderMazeGenerator,Half,Manual,System.Collections.Generic.List`1[PlayersWorlds.Maps.Areas.MapArea])" fullname="PlayersWorlds.Maps.Maze.MazeGeneratorTest.IsFillComplete(PlayersWorlds.Maps.Maze.AldousBroderMazeGenerator,Half,Manual,System.Collections.Generic.List`1[PlayersWorlds.Maps.Areas.MapArea])" methodname="IsFillComplete" classname="PlayersWorlds.Maps.Maze.MazeGeneratorTest" runstate="Runnable" seed="1933734632" result="Passed" start-time="2024-03-12T00:50:02.8489740Z" end-time="2024-03-12T00:50:02.8548200Z" duration="0.005846" asserts="3" />
                <test-case id="1-1402" name="IsFillComplete(PlayersWorlds.Maps.Maze.AldousBroderMazeGenerator,Half,Manual,System.Collections.Generic.List`1[PlayersWorlds.Maps.Areas.MapArea])" fullname="PlayersWorlds.Maps.Maze.MazeGeneratorTest.IsFillComplete(PlayersWorlds.Maps.Maze.AldousBroderMazeGenerator,Half,Manual,System.Collections.Generic.List`1[PlayersWorlds.Maps.Areas.MapArea])" methodname="IsFillComplete" classname="PlayersWorlds.Maps.Maze.MazeGeneratorTest" runstate="Runnable" seed="1926047957" result="Passed" start-time="2024-03-12T00:50:02.8548300Z" end-time="2024-03-12T00:50:02.8580940Z" duration="0.003264" asserts="3" />
                <test-case id="1-1403" name="IsFillComplete(PlayersWorlds.Maps.Maze.AldousBroderMazeGenerator,ThreeQuarters,Auto,null)" fullname="PlayersWorlds.Maps.Maze.MazeGeneratorTest.IsFillComplete(PlayersWorlds.Maps.Maze.AldousBroderMazeGenerator,ThreeQuarters,Auto,null)" methodname="IsFillComplete" classname="PlayersWorlds.Maps.Maze.MazeGeneratorTest" runstate="Runnable" seed="282580743" result="Passed" start-time="2024-03-12T00:50:02.8581040Z" end-time="2024-03-12T00:50:02.8798490Z" duration="0.021746" asserts="3" />
                <test-case id="1-1404" name="IsFillComplete(PlayersWorlds.Maps.Maze.AldousBroderMazeGenerator,ThreeQuarters,Auto,System.Collections.Generic.List`1[PlayersWorlds.Maps.Areas.MapArea])" fullname="PlayersWorlds.Maps.Maze.MazeGeneratorTest.IsFillComplete(PlayersWorlds.Maps.Maze.AldousBroderMazeGenerator,ThreeQuarters,Auto,System.Collections.Generic.List`1[PlayersWorlds.Maps.Areas.MapArea])" methodname="IsFillComplete" classname="PlayersWorlds.Maps.Maze.MazeGeneratorTest" runstate="Runnable" seed="911269328" result="Passed" start-time="2024-03-12T00:50:02.8798600Z" end-time="2024-03-12T00:50:02.8811740Z" duration="0.001314" asserts="3" />
                <test-case id="1-1405" name="IsFillComplete(PlayersWorlds.Maps.Maze.AldousBroderMazeGenerator,ThreeQuarters,Auto,System.Collections.Generic.List`1[PlayersWorlds.Maps.Areas.MapArea])" fullname="PlayersWorlds.Maps.Maze.MazeGeneratorTest.IsFillComplete(PlayersWorlds.Maps.Maze.AldousBroderMazeGenerator,ThreeQuarters,Auto,System.Collections.Generic.List`1[PlayersWorlds.Maps.Areas.MapArea])" methodname="IsFillComplete" classname="PlayersWorlds.Maps.Maze.MazeGeneratorTest" runstate="Runnable" seed="1611258239" result="Passed" start-time="2024-03-12T00:50:02.8811830Z" end-time="2024-03-12T00:50:02.9106790Z" duration="0.029496" asserts="3" />
                <test-case id="1-1406" name="IsFillComplete(PlayersWorlds.Maps.Maze.AldousBroderMazeGenerator,ThreeQuarters,Auto,System.Collections.Generic.List`1[PlayersWorlds.Maps.Areas.MapArea])" fullname="PlayersWorlds.Maps.Maze.MazeGeneratorTest.IsFillComplete(PlayersWorlds.Maps.Maze.AldousBroderMazeGenerator,ThreeQuarters,Auto,System.Collections.Generic.List`1[PlayersWorlds.Maps.Areas.MapArea])" methodname="IsFillComplete" classname="PlayersWorlds.Maps.Maze.MazeGeneratorTest" runstate="Runnable" seed="2110847391" result="Passed" start-time="2024-03-12T00:50:02.9106900Z" end-time="2024-03-12T00:50:02.9422860Z" duration="0.031596" asserts="3" />
                <test-case id="1-1407" name="IsFillComplete(PlayersWorlds.Maps.Maze.AldousBroderMazeGenerator,ThreeQuarters,Auto,System.Collections.Generic.List`1[PlayersWorlds.Maps.Areas.MapArea])" fullname="PlayersWorlds.Maps.Maze.MazeGeneratorTest.IsFillComplete(PlayersWorlds.Maps.Maze.AldousBroderMazeGenerator,ThreeQuarters,Auto,System.Collections.Generic.List`1[PlayersWorlds.Maps.Areas.MapArea])" methodname="IsFillComplete" classname="PlayersWorlds.Maps.Maze.MazeGeneratorTest" runstate="Runnable" seed="2045854566" result="Passed" start-time="2024-03-12T00:50:02.9422960Z" end-time="2024-03-12T00:50:02.9697690Z" duration="0.027473" asserts="3" />
                <test-case id="1-1408" name="IsFillComplete(PlayersWorlds.Maps.Maze.AldousBroderMazeGenerator,ThreeQuarters,Auto,System.Collections.Generic.List`1[PlayersWorlds.Maps.Areas.MapArea])" fullname="PlayersWorlds.Maps.Maze.MazeGeneratorTest.IsFillComplete(PlayersWorlds.Maps.Maze.AldousBroderMazeGenerator,ThreeQuarters,Auto,System.Collections.Generic.List`1[PlayersWorlds.Maps.Areas.MapArea])" methodname="IsFillComplete" classname="PlayersWorlds.Maps.Maze.MazeGeneratorTest" runstate="Runnable" seed="2118813547" result="Passed" start-time="2024-03-12T00:50:02.9697800Z" end-time="2024-03-12T00:50:02.9838830Z" duration="0.014103" asserts="3" />
                <test-case id="1-1409" name="IsFillComplete(PlayersWorlds.Maps.Maze.AldousBroderMazeGenerator,ThreeQuarters,Manual,null)" fullname="PlayersWorlds.Maps.Maze.MazeGeneratorTest.IsFillComplete(PlayersWorlds.Maps.Maze.AldousBroderMazeGenerator,ThreeQuarters,Manual,null)" methodname="IsFillComplete" classname="PlayersWorlds.Maps.Maze.MazeGeneratorTest" runstate="Runnable" seed="1244074747" result="Passed" start-time="2024-03-12T00:50:02.9838930Z" end-time="2024-03-12T00:50:02.9854150Z" duration="0.001522" asserts="3" />
                <test-case id="1-1410" name="IsFillComplete(PlayersWorlds.Maps.Maze.AldousBroderMazeGenerator,ThreeQuarters,Manual,System.Collections.Generic.List`1[PlayersWorlds.Maps.Areas.MapArea])" fullname="PlayersWorlds.Maps.Maze.MazeGeneratorTest.IsFillComplete(PlayersWorlds.Maps.Maze.AldousBroderMazeGenerator,ThreeQuarters,Manual,System.Collections.Generic.List`1[PlayersWorlds.Maps.Areas.MapArea])" methodname="IsFillComplete" classname="PlayersWorlds.Maps.Maze.MazeGeneratorTest" runstate="Runnable" seed="794630462" result="Passed" start-time="2024-03-12T00:50:02.9854240Z" end-time="2024-03-12T00:50:02.9870480Z" duration="0.001624" asserts="3" />
                <test-case id="1-1411" name="IsFillComplete(PlayersWorlds.Maps.Maze.AldousBroderMazeGenerator,ThreeQuarters,Manual,System.Collections.Generic.List`1[PlayersWorlds.Maps.Areas.MapArea])" fullname="PlayersWorlds.Maps.Maze.MazeGeneratorTest.IsFillComplete(PlayersWorlds.Maps.Maze.AldousBroderMazeGenerator,ThreeQuarters,Manual,System.Collections.Generic.List`1[PlayersWorlds.Maps.Areas.MapArea])" methodname="IsFillComplete" classname="PlayersWorlds.Maps.Maze.MazeGeneratorTest" runstate="Runnable" seed="49194570" result="Passed" start-time="2024-03-12T00:50:02.9870560Z" end-time="2024-03-12T00:50:02.9892650Z" duration="0.002209" asserts="3" />
                <test-case id="1-1412" name="IsFillComplete(PlayersWorlds.Maps.Maze.AldousBroderMazeGenerator,ThreeQuarters,Manual,System.Collections.Generic.List`1[PlayersWorlds.Maps.Areas.MapArea])" fullname="PlayersWorlds.Maps.Maze.MazeGeneratorTest.IsFillComplete(PlayersWorlds.Maps.Maze.AldousBroderMazeGenerator,ThreeQuarters,Manual,System.Collections.Generic.List`1[PlayersWorlds.Maps.Areas.MapArea])" methodname="IsFillComplete" classname="PlayersWorlds.Maps.Maze.MazeGeneratorTest" runstate="Runnable" seed="467044689" result="Passed" start-time="2024-03-12T00:50:02.9892810Z" end-time="2024-03-12T00:50:02.9921520Z" duration="0.002871" asserts="3" />
                <test-case id="1-1413" name="IsFillComplete(PlayersWorlds.Maps.Maze.AldousBroderMazeGenerator,ThreeQuarters,Manual,System.Collections.Generic.List`1[PlayersWorlds.Maps.Areas.MapArea])" fullname="PlayersWorlds.Maps.Maze.MazeGeneratorTest.IsFillComplete(PlayersWorlds.Maps.Maze.AldousBroderMazeGenerator,ThreeQuarters,Manual,System.Collections.Generic.List`1[PlayersWorlds.Maps.Areas.MapArea])" methodname="IsFillComplete" classname="PlayersWorlds.Maps.Maze.MazeGeneratorTest" runstate="Runnable" seed="1273509041" result="Passed" start-time="2024-03-12T00:50:02.9921610Z" end-time="2024-03-12T00:50:02.9968080Z" duration="0.004647" asserts="3" />
                <test-case id="1-1414" name="IsFillComplete(PlayersWorlds.Maps.Maze.AldousBroderMazeGenerator,ThreeQuarters,Manual,System.Collections.Generic.List`1[PlayersWorlds.Maps.Areas.MapArea])" fullname="PlayersWorlds.Maps.Maze.MazeGeneratorTest.IsFillComplete(PlayersWorlds.Maps.Maze.AldousBroderMazeGenerator,ThreeQuarters,Manual,System.Collections.Generic.List`1[PlayersWorlds.Maps.Areas.MapArea])" methodname="IsFillComplete" classname="PlayersWorlds.Maps.Maze.MazeGeneratorTest" runstate="Runnable" seed="75498695" result="Passed" start-time="2024-03-12T00:50:02.9968170Z" end-time="2024-03-12T00:50:03.0006320Z" duration="0.003815" asserts="3" />
                <test-case id="1-1415" name="IsFillComplete(PlayersWorlds.Maps.Maze.AldousBroderMazeGenerator,NinetyPercent,Auto,null)" fullname="PlayersWorlds.Maps.Maze.MazeGeneratorTest.IsFillComplete(PlayersWorlds.Maps.Maze.AldousBroderMazeGenerator,NinetyPercent,Auto,null)" methodname="IsFillComplete" classname="PlayersWorlds.Maps.Maze.MazeGeneratorTest" runstate="Runnable" seed="1218985134" result="Passed" start-time="2024-03-12T00:50:03.0006480Z" end-time="2024-03-12T00:50:03.0324260Z" duration="0.031778" asserts="3" />
                <test-case id="1-1416" name="IsFillComplete(PlayersWorlds.Maps.Maze.AldousBroderMazeGenerator,NinetyPercent,Auto,System.Collections.Generic.List`1[PlayersWorlds.Maps.Areas.MapArea])" fullname="PlayersWorlds.Maps.Maze.MazeGeneratorTest.IsFillComplete(PlayersWorlds.Maps.Maze.AldousBroderMazeGenerator,NinetyPercent,Auto,System.Collections.Generic.List`1[PlayersWorlds.Maps.Areas.MapArea])" methodname="IsFillComplete" classname="PlayersWorlds.Maps.Maze.MazeGeneratorTest" runstate="Runnable" seed="443823240" result="Passed" start-time="2024-03-12T00:50:03.0324400Z" end-time="2024-03-12T00:50:03.0367110Z" duration="0.004271" asserts="3" />
                <test-case id="1-1417" name="IsFillComplete(PlayersWorlds.Maps.Maze.AldousBroderMazeGenerator,NinetyPercent,Auto,System.Collections.Generic.List`1[PlayersWorlds.Maps.Areas.MapArea])" fullname="PlayersWorlds.Maps.Maze.MazeGeneratorTest.IsFillComplete(PlayersWorlds.Maps.Maze.AldousBroderMazeGenerator,NinetyPercent,Auto,System.Collections.Generic.List`1[PlayersWorlds.Maps.Areas.MapArea])" methodname="IsFillComplete" classname="PlayersWorlds.Maps.Maze.MazeGeneratorTest" runstate="Runnable" seed="1609076273" result="Passed" start-time="2024-03-12T00:50:03.0367240Z" end-time="2024-03-12T00:50:03.0977630Z" duration="0.061040" asserts="3" />
                <test-case id="1-1418" name="IsFillComplete(PlayersWorlds.Maps.Maze.AldousBroderMazeGenerator,NinetyPercent,Auto,System.Collections.Generic.List`1[PlayersWorlds.Maps.Areas.MapArea])" fullname="PlayersWorlds.Maps.Maze.MazeGeneratorTest.IsFillComplete(PlayersWorlds.Maps.Maze.AldousBroderMazeGenerator,NinetyPercent,Auto,System.Collections.Generic.List`1[PlayersWorlds.Maps.Areas.MapArea])" methodname="IsFillComplete" classname="PlayersWorlds.Maps.Maze.MazeGeneratorTest" runstate="Runnable" seed="79556195" result="Passed" start-time="2024-03-12T00:50:03.0977820Z" end-time="2024-03-12T00:50:03.1069320Z" duration="0.009151" asserts="3" />
                <test-case id="1-1419" name="IsFillComplete(PlayersWorlds.Maps.Maze.AldousBroderMazeGenerator,NinetyPercent,Auto,System.Collections.Generic.List`1[PlayersWorlds.Maps.Areas.MapArea])" fullname="PlayersWorlds.Maps.Maze.MazeGeneratorTest.IsFillComplete(PlayersWorlds.Maps.Maze.AldousBroderMazeGenerator,NinetyPercent,Auto,System.Collections.Generic.List`1[PlayersWorlds.Maps.Areas.MapArea])" methodname="IsFillComplete" classname="PlayersWorlds.Maps.Maze.MazeGeneratorTest" runstate="Runnable" seed="545252716" result="Passed" start-time="2024-03-12T00:50:03.1069460Z" end-time="2024-03-12T00:50:03.1351190Z" duration="0.028173" asserts="3" />
                <test-case id="1-1420" name="IsFillComplete(PlayersWorlds.Maps.Maze.AldousBroderMazeGenerator,NinetyPercent,Auto,System.Collections.Generic.List`1[PlayersWorlds.Maps.Areas.MapArea])" fullname="PlayersWorlds.Maps.Maze.MazeGeneratorTest.IsFillComplete(PlayersWorlds.Maps.Maze.AldousBroderMazeGenerator,NinetyPercent,Auto,System.Collections.Generic.List`1[PlayersWorlds.Maps.Areas.MapArea])" methodname="IsFillComplete" classname="PlayersWorlds.Maps.Maze.MazeGeneratorTest" runstate="Runnable" seed="1568739082" result="Passed" start-time="2024-03-12T00:50:03.1351310Z" end-time="2024-03-12T00:50:03.5641240Z" duration="0.428993" asserts="3" />
                <test-case id="1-1421" name="IsFillComplete(PlayersWorlds.Maps.Maze.AldousBroderMazeGenerator,NinetyPercent,Manual,null)" fullname="PlayersWorlds.Maps.Maze.MazeGeneratorTest.IsFillComplete(PlayersWorlds.Maps.Maze.AldousBroderMazeGenerator,NinetyPercent,Manual,null)" methodname="IsFillComplete" classname="PlayersWorlds.Maps.Maze.MazeGeneratorTest" runstate="Runnable" seed="204526258" result="Passed" start-time="2024-03-12T00:50:03.5641330Z" end-time="2024-03-12T00:50:03.5659680Z" duration="0.001834" asserts="3" />
                <test-case id="1-1422" name="IsFillComplete(PlayersWorlds.Maps.Maze.AldousBroderMazeGenerator,NinetyPercent,Manual,System.Collections.Generic.List`1[PlayersWorlds.Maps.Areas.MapArea])" fullname="PlayersWorlds.Maps.Maze.MazeGeneratorTest.IsFillComplete(PlayersWorlds.Maps.Maze.AldousBroderMazeGenerator,NinetyPercent,Manual,System.Collections.Generic.List`1[PlayersWorlds.Maps.Areas.MapArea])" methodname="IsFillComplete" classname="PlayersWorlds.Maps.Maze.MazeGeneratorTest" runstate="Runnable" seed="521291973" result="Passed" start-time="2024-03-12T00:50:03.5659770Z" end-time="2024-03-12T00:50:03.5676970Z" duration="0.001720" asserts="3" />
                <test-case id="1-1423" name="IsFillComplete(PlayersWorlds.Maps.Maze.AldousBroderMazeGenerator,NinetyPercent,Manual,System.Collections.Generic.List`1[PlayersWorlds.Maps.Areas.MapArea])" fullname="PlayersWorlds.Maps.Maze.MazeGeneratorTest.IsFillComplete(PlayersWorlds.Maps.Maze.AldousBroderMazeGenerator,NinetyPercent,Manual,System.Collections.Generic.List`1[PlayersWorlds.Maps.Areas.MapArea])" methodname="IsFillComplete" classname="PlayersWorlds.Maps.Maze.MazeGeneratorTest" runstate="Runnable" seed="991372826" result="Passed" start-time="2024-03-12T00:50:03.5677050Z" end-time="2024-03-12T00:50:03.5703010Z" duration="0.002595" asserts="3" />
                <test-case id="1-1424" name="IsFillComplete(PlayersWorlds.Maps.Maze.AldousBroderMazeGenerator,NinetyPercent,Manual,System.Collections.Generic.List`1[PlayersWorlds.Maps.Areas.MapArea])" fullname="PlayersWorlds.Maps.Maze.MazeGeneratorTest.IsFillComplete(PlayersWorlds.Maps.Maze.AldousBroderMazeGenerator,NinetyPercent,Manual,System.Collections.Generic.List`1[PlayersWorlds.Maps.Areas.MapArea])" methodname="IsFillComplete" classname="PlayersWorlds.Maps.Maze.MazeGeneratorTest" runstate="Runnable" seed="1077303783" result="Passed" start-time="2024-03-12T00:50:03.5703160Z" end-time="2024-03-12T00:50:03.5732520Z" duration="0.002935" asserts="3" />
                <test-case id="1-1425" name="IsFillComplete(PlayersWorlds.Maps.Maze.AldousBroderMazeGenerator,NinetyPercent,Manual,System.Collections.Generic.List`1[PlayersWorlds.Maps.Areas.MapArea])" fullname="PlayersWorlds.Maps.Maze.MazeGeneratorTest.IsFillComplete(PlayersWorlds.Maps.Maze.AldousBroderMazeGenerator,NinetyPercent,Manual,System.Collections.Generic.List`1[PlayersWorlds.Maps.Areas.MapArea])" methodname="IsFillComplete" classname="PlayersWorlds.Maps.Maze.MazeGeneratorTest" runstate="Runnable" seed="1269514545" result="Passed" start-time="2024-03-12T00:50:03.5732610Z" end-time="2024-03-12T00:50:03.5782100Z" duration="0.004948" asserts="3" />
                <test-case id="1-1426" name="IsFillComplete(PlayersWorlds.Maps.Maze.AldousBroderMazeGenerator,NinetyPercent,Manual,System.Collections.Generic.List`1[PlayersWorlds.Maps.Areas.MapArea])" fullname="PlayersWorlds.Maps.Maze.MazeGeneratorTest.IsFillComplete(PlayersWorlds.Maps.Maze.AldousBroderMazeGenerator,NinetyPercent,Manual,System.Collections.Generic.List`1[PlayersWorlds.Maps.Areas.MapArea])" methodname="IsFillComplete" classname="PlayersWorlds.Maps.Maze.MazeGeneratorTest" runstate="Runnable" seed="256892447" result="Passed" start-time="2024-03-12T00:50:03.5782190Z" end-time="2024-03-12T00:50:03.5832730Z" duration="0.005054" asserts="3" />
                <test-case id="1-1427" name="IsFillComplete(PlayersWorlds.Maps.Maze.AldousBroderMazeGenerator,FullWidth,Auto,null)" fullname="PlayersWorlds.Maps.Maze.MazeGeneratorTest.IsFillComplete(PlayersWorlds.Maps.Maze.AldousBroderMazeGenerator,FullWidth,Auto,null)" methodname="IsFillComplete" classname="PlayersWorlds.Maps.Maze.MazeGeneratorTest" runstate="Runnable" seed="888001070" result="Passed" start-time="2024-03-12T00:50:03.5832830Z" end-time="2024-03-12T00:50:03.5954490Z" duration="0.012167" asserts="3" />
                <test-case id="1-1428" name="IsFillComplete(PlayersWorlds.Maps.Maze.AldousBroderMazeGenerator,FullWidth,Auto,System.Collections.Generic.List`1[PlayersWorlds.Maps.Areas.MapArea])" fullname="PlayersWorlds.Maps.Maze.MazeGeneratorTest.IsFillComplete(PlayersWorlds.Maps.Maze.AldousBroderMazeGenerator,FullWidth,Auto,System.Collections.Generic.List`1[PlayersWorlds.Maps.Areas.MapArea])" methodname="IsFillComplete" classname="PlayersWorlds.Maps.Maze.MazeGeneratorTest" runstate="Runnable" seed="465704401" result="Passed" start-time="2024-03-12T00:50:03.5954600Z" end-time="2024-03-12T00:50:03.6350250Z" duration="0.039565" asserts="3" />
                <test-case id="1-1429" name="IsFillComplete(PlayersWorlds.Maps.Maze.AldousBroderMazeGenerator,FullWidth,Auto,System.Collections.Generic.List`1[PlayersWorlds.Maps.Areas.MapArea])" fullname="PlayersWorlds.Maps.Maze.MazeGeneratorTest.IsFillComplete(PlayersWorlds.Maps.Maze.AldousBroderMazeGenerator,FullWidth,Auto,System.Collections.Generic.List`1[PlayersWorlds.Maps.Areas.MapArea])" methodname="IsFillComplete" classname="PlayersWorlds.Maps.Maze.MazeGeneratorTest" runstate="Runnable" seed="713448033" result="Passed" start-time="2024-03-12T00:50:03.6350450Z" end-time="2024-03-12T00:50:03.6790080Z" duration="0.043963" asserts="3" />
                <test-case id="1-1430" name="IsFillComplete(PlayersWorlds.Maps.Maze.AldousBroderMazeGenerator,FullWidth,Auto,System.Collections.Generic.List`1[PlayersWorlds.Maps.Areas.MapArea])" fullname="PlayersWorlds.Maps.Maze.MazeGeneratorTest.IsFillComplete(PlayersWorlds.Maps.Maze.AldousBroderMazeGenerator,FullWidth,Auto,System.Collections.Generic.List`1[PlayersWorlds.Maps.Areas.MapArea])" methodname="IsFillComplete" classname="PlayersWorlds.Maps.Maze.MazeGeneratorTest" runstate="Runnable" seed="1935126836" result="Passed" start-time="2024-03-12T00:50:03.6790190Z" end-time="2024-03-12T00:50:03.7187700Z" duration="0.039751" asserts="3" />
                <test-case id="1-1431" name="IsFillComplete(PlayersWorlds.Maps.Maze.AldousBroderMazeGenerator,FullWidth,Auto,System.Collections.Generic.List`1[PlayersWorlds.Maps.Areas.MapArea])" fullname="PlayersWorlds.Maps.Maze.MazeGeneratorTest.IsFillComplete(PlayersWorlds.Maps.Maze.AldousBroderMazeGenerator,FullWidth,Auto,System.Collections.Generic.List`1[PlayersWorlds.Maps.Areas.MapArea])" methodname="IsFillComplete" classname="PlayersWorlds.Maps.Maze.MazeGeneratorTest" runstate="Runnable" seed="531216344" result="Passed" start-time="2024-03-12T00:50:03.7187880Z" end-time="2024-03-12T00:50:04.1484740Z" duration="0.429686" asserts="3" />
                <test-case id="1-1432" name="IsFillComplete(PlayersWorlds.Maps.Maze.AldousBroderMazeGenerator,FullWidth,Auto,System.Collections.Generic.List`1[PlayersWorlds.Maps.Areas.MapArea])" fullname="PlayersWorlds.Maps.Maze.MazeGeneratorTest.IsFillComplete(PlayersWorlds.Maps.Maze.AldousBroderMazeGenerator,FullWidth,Auto,System.Collections.Generic.List`1[PlayersWorlds.Maps.Areas.MapArea])" methodname="IsFillComplete" classname="PlayersWorlds.Maps.Maze.MazeGeneratorTest" runstate="Runnable" seed="1014744508" result="Passed" start-time="2024-03-12T00:50:04.1484820Z" end-time="2024-03-12T00:50:04.5755040Z" duration="0.427022" asserts="3" />
                <test-case id="1-1433" name="IsFillComplete(PlayersWorlds.Maps.Maze.AldousBroderMazeGenerator,FullWidth,Manual,null)" fullname="PlayersWorlds.Maps.Maze.MazeGeneratorTest.IsFillComplete(PlayersWorlds.Maps.Maze.AldousBroderMazeGenerator,FullWidth,Manual,null)" methodname="IsFillComplete" classname="PlayersWorlds.Maps.Maze.MazeGeneratorTest" runstate="Runnable" seed="721440410" result="Passed" start-time="2024-03-12T00:50:04.5755130Z" end-time="2024-03-12T00:50:04.5768210Z" duration="0.001308" asserts="3" />
                <test-case id="1-1434" name="IsFillComplete(PlayersWorlds.Maps.Maze.AldousBroderMazeGenerator,FullWidth,Manual,System.Collections.Generic.List`1[PlayersWorlds.Maps.Areas.MapArea])" fullname="PlayersWorlds.Maps.Maze.MazeGeneratorTest.IsFillComplete(PlayersWorlds.Maps.Maze.AldousBroderMazeGenerator,FullWidth,Manual,System.Collections.Generic.List`1[PlayersWorlds.Maps.Areas.MapArea])" methodname="IsFillComplete" classname="PlayersWorlds.Maps.Maze.MazeGeneratorTest" runstate="Runnable" seed="1100363514" result="Passed" start-time="2024-03-12T00:50:04.5768270Z" end-time="2024-03-12T00:50:04.5793710Z" duration="0.002544" asserts="3" />
                <test-case id="1-1435" name="IsFillComplete(PlayersWorlds.Maps.Maze.AldousBroderMazeGenerator,FullWidth,Manual,System.Collections.Generic.List`1[PlayersWorlds.Maps.Areas.MapArea])" fullname="PlayersWorlds.Maps.Maze.MazeGeneratorTest.IsFillComplete(PlayersWorlds.Maps.Maze.AldousBroderMazeGenerator,FullWidth,Manual,System.Collections.Generic.List`1[PlayersWorlds.Maps.Areas.MapArea])" methodname="IsFillComplete" classname="PlayersWorlds.Maps.Maze.MazeGeneratorTest" runstate="Runnable" seed="1279728271" result="Passed" start-time="2024-03-12T00:50:04.5793800Z" end-time="2024-03-12T00:50:04.5819760Z" duration="0.002597" asserts="3" />
                <test-case id="1-1436" name="IsFillComplete(PlayersWorlds.Maps.Maze.AldousBroderMazeGenerator,FullWidth,Manual,System.Collections.Generic.List`1[PlayersWorlds.Maps.Areas.MapArea])" fullname="PlayersWorlds.Maps.Maze.MazeGeneratorTest.IsFillComplete(PlayersWorlds.Maps.Maze.AldousBroderMazeGenerator,FullWidth,Manual,System.Collections.Generic.List`1[PlayersWorlds.Maps.Areas.MapArea])" methodname="IsFillComplete" classname="PlayersWorlds.Maps.Maze.MazeGeneratorTest" runstate="Runnable" seed="772988419" result="Passed" start-time="2024-03-12T00:50:04.5819860Z" end-time="2024-03-12T00:50:04.5851190Z" duration="0.003134" asserts="3" />
                <test-case id="1-1437" name="IsFillComplete(PlayersWorlds.Maps.Maze.AldousBroderMazeGenerator,FullWidth,Manual,System.Collections.Generic.List`1[PlayersWorlds.Maps.Areas.MapArea])" fullname="PlayersWorlds.Maps.Maze.MazeGeneratorTest.IsFillComplete(PlayersWorlds.Maps.Maze.AldousBroderMazeGenerator,FullWidth,Manual,System.Collections.Generic.List`1[PlayersWorlds.Maps.Areas.MapArea])" methodname="IsFillComplete" classname="PlayersWorlds.Maps.Maze.MazeGeneratorTest" runstate="Runnable" seed="1152894893" result="Passed" start-time="2024-03-12T00:50:04.5851370Z" end-time="2024-03-12T00:50:04.5898460Z" duration="0.004709" asserts="3" />
                <test-case id="1-1438" name="IsFillComplete(PlayersWorlds.Maps.Maze.AldousBroderMazeGenerator,FullWidth,Manual,System.Collections.Generic.List`1[PlayersWorlds.Maps.Areas.MapArea])" fullname="PlayersWorlds.Maps.Maze.MazeGeneratorTest.IsFillComplete(PlayersWorlds.Maps.Maze.AldousBroderMazeGenerator,FullWidth,Manual,System.Collections.Generic.List`1[PlayersWorlds.Maps.Areas.MapArea])" methodname="IsFillComplete" classname="PlayersWorlds.Maps.Maze.MazeGeneratorTest" runstate="Runnable" seed="1577148983" result="Passed" start-time="2024-03-12T00:50:04.5898560Z" end-time="2024-03-12T00:50:04.5934330Z" duration="0.003577" asserts="3" />
                <test-case id="1-1439" name="IsFillComplete(PlayersWorlds.Maps.Maze.AldousBroderMazeGenerator,FullHeight,Auto,null)" fullname="PlayersWorlds.Maps.Maze.MazeGeneratorTest.IsFillComplete(PlayersWorlds.Maps.Maze.AldousBroderMazeGenerator,FullHeight,Auto,null)" methodname="IsFillComplete" classname="PlayersWorlds.Maps.Maze.MazeGeneratorTest" runstate="Runnable" seed="1098576768" result="Passed" start-time="2024-03-12T00:50:04.5934520Z" end-time="2024-03-12T00:50:04.5981870Z" duration="0.004735" asserts="3" />
                <test-case id="1-1440" name="IsFillComplete(PlayersWorlds.Maps.Maze.AldousBroderMazeGenerator,FullHeight,Auto,System.Collections.Generic.List`1[PlayersWorlds.Maps.Areas.MapArea])" fullname="PlayersWorlds.Maps.Maze.MazeGeneratorTest.IsFillComplete(PlayersWorlds.Maps.Maze.AldousBroderMazeGenerator,FullHeight,Auto,System.Collections.Generic.List`1[PlayersWorlds.Maps.Areas.MapArea])" methodname="IsFillComplete" classname="PlayersWorlds.Maps.Maze.MazeGeneratorTest" runstate="Runnable" seed="3222617" result="Passed" start-time="2024-03-12T00:50:04.5981970Z" end-time="2024-03-12T00:50:04.6207480Z" duration="0.022551" asserts="3" />
                <test-case id="1-1441" name="IsFillComplete(PlayersWorlds.Maps.Maze.AldousBroderMazeGenerator,FullHeight,Auto,System.Collections.Generic.List`1[PlayersWorlds.Maps.Areas.MapArea])" fullname="PlayersWorlds.Maps.Maze.MazeGeneratorTest.IsFillComplete(PlayersWorlds.Maps.Maze.AldousBroderMazeGenerator,FullHeight,Auto,System.Collections.Generic.List`1[PlayersWorlds.Maps.Areas.MapArea])" methodname="IsFillComplete" classname="PlayersWorlds.Maps.Maze.MazeGeneratorTest" runstate="Runnable" seed="150100428" result="Passed" start-time="2024-03-12T00:50:04.6207580Z" end-time="2024-03-12T00:50:04.6252950Z" duration="0.004537" asserts="3" />
                <test-case id="1-1442" name="IsFillComplete(PlayersWorlds.Maps.Maze.AldousBroderMazeGenerator,FullHeight,Auto,System.Collections.Generic.List`1[PlayersWorlds.Maps.Areas.MapArea])" fullname="PlayersWorlds.Maps.Maze.MazeGeneratorTest.IsFillComplete(PlayersWorlds.Maps.Maze.AldousBroderMazeGenerator,FullHeight,Auto,System.Collections.Generic.List`1[PlayersWorlds.Maps.Areas.MapArea])" methodname="IsFillComplete" classname="PlayersWorlds.Maps.Maze.MazeGeneratorTest" runstate="Runnable" seed="802234133" result="Passed" start-time="2024-03-12T00:50:04.6253050Z" end-time="2024-03-12T00:50:04.6299460Z" duration="0.004641" asserts="3" />
                <test-case id="1-1443" name="IsFillComplete(PlayersWorlds.Maps.Maze.AldousBroderMazeGenerator,FullHeight,Auto,System.Collections.Generic.List`1[PlayersWorlds.Maps.Areas.MapArea])" fullname="PlayersWorlds.Maps.Maze.MazeGeneratorTest.IsFillComplete(PlayersWorlds.Maps.Maze.AldousBroderMazeGenerator,FullHeight,Auto,System.Collections.Generic.List`1[PlayersWorlds.Maps.Areas.MapArea])" methodname="IsFillComplete" classname="PlayersWorlds.Maps.Maze.MazeGeneratorTest" runstate="Runnable" seed="30856547" result="Passed" start-time="2024-03-12T00:50:04.6299570Z" end-time="2024-03-12T00:50:05.2942220Z" duration="0.664266" asserts="3" />
                <test-case id="1-1444" name="IsFillComplete(PlayersWorlds.Maps.Maze.AldousBroderMazeGenerator,FullHeight,Auto,System.Collections.Generic.List`1[PlayersWorlds.Maps.Areas.MapArea])" fullname="PlayersWorlds.Maps.Maze.MazeGeneratorTest.IsFillComplete(PlayersWorlds.Maps.Maze.AldousBroderMazeGenerator,FullHeight,Auto,System.Collections.Generic.List`1[PlayersWorlds.Maps.Areas.MapArea])" methodname="IsFillComplete" classname="PlayersWorlds.Maps.Maze.MazeGeneratorTest" runstate="Runnable" seed="2142823248" result="Passed" start-time="2024-03-12T00:50:05.2942320Z" end-time="2024-03-12T00:50:05.3214610Z" duration="0.027230" asserts="3" />
                <test-case id="1-1445" name="IsFillComplete(PlayersWorlds.Maps.Maze.AldousBroderMazeGenerator,FullHeight,Manual,null)" fullname="PlayersWorlds.Maps.Maze.MazeGeneratorTest.IsFillComplete(PlayersWorlds.Maps.Maze.AldousBroderMazeGenerator,FullHeight,Manual,null)" methodname="IsFillComplete" classname="PlayersWorlds.Maps.Maze.MazeGeneratorTest" runstate="Runnable" seed="937341880" result="Passed" start-time="2024-03-12T00:50:05.3214830Z" end-time="2024-03-12T00:50:05.3230350Z" duration="0.001552" asserts="3" />
                <test-case id="1-1446" name="IsFillComplete(PlayersWorlds.Maps.Maze.AldousBroderMazeGenerator,FullHeight,Manual,System.Collections.Generic.List`1[PlayersWorlds.Maps.Areas.MapArea])" fullname="PlayersWorlds.Maps.Maze.MazeGeneratorTest.IsFillComplete(PlayersWorlds.Maps.Maze.AldousBroderMazeGenerator,FullHeight,Manual,System.Collections.Generic.List`1[PlayersWorlds.Maps.Areas.MapArea])" methodname="IsFillComplete" classname="PlayersWorlds.Maps.Maze.MazeGeneratorTest" runstate="Runnable" seed="1401035272" result="Passed" start-time="2024-03-12T00:50:05.3230440Z" end-time="2024-03-12T00:50:05.3243790Z" duration="0.001335" asserts="3" />
                <test-case id="1-1447" name="IsFillComplete(PlayersWorlds.Maps.Maze.AldousBroderMazeGenerator,FullHeight,Manual,System.Collections.Generic.List`1[PlayersWorlds.Maps.Areas.MapArea])" fullname="PlayersWorlds.Maps.Maze.MazeGeneratorTest.IsFillComplete(PlayersWorlds.Maps.Maze.AldousBroderMazeGenerator,FullHeight,Manual,System.Collections.Generic.List`1[PlayersWorlds.Maps.Areas.MapArea])" methodname="IsFillComplete" classname="PlayersWorlds.Maps.Maze.MazeGeneratorTest" runstate="Runnable" seed="1703285115" result="Passed" start-time="2024-03-12T00:50:05.3243870Z" end-time="2024-03-12T00:50:05.3267470Z" duration="0.002360" asserts="3" />
                <test-case id="1-1448" name="IsFillComplete(PlayersWorlds.Maps.Maze.AldousBroderMazeGenerator,FullHeight,Manual,System.Collections.Generic.List`1[PlayersWorlds.Maps.Areas.MapArea])" fullname="PlayersWorlds.Maps.Maze.MazeGeneratorTest.IsFillComplete(PlayersWorlds.Maps.Maze.AldousBroderMazeGenerator,FullHeight,Manual,System.Collections.Generic.List`1[PlayersWorlds.Maps.Areas.MapArea])" methodname="IsFillComplete" classname="PlayersWorlds.Maps.Maze.MazeGeneratorTest" runstate="Runnable" seed="1851153140" result="Passed" start-time="2024-03-12T00:50:05.3267640Z" end-time="2024-03-12T00:50:05.3294780Z" duration="0.002714" asserts="3" />
                <test-case id="1-1449" name="IsFillComplete(PlayersWorlds.Maps.Maze.AldousBroderMazeGenerator,FullHeight,Manual,System.Collections.Generic.List`1[PlayersWorlds.Maps.Areas.MapArea])" fullname="PlayersWorlds.Maps.Maze.MazeGeneratorTest.IsFillComplete(PlayersWorlds.Maps.Maze.AldousBroderMazeGenerator,FullHeight,Manual,System.Collections.Generic.List`1[PlayersWorlds.Maps.Areas.MapArea])" methodname="IsFillComplete" classname="PlayersWorlds.Maps.Maze.MazeGeneratorTest" runstate="Runnable" seed="959981941" result="Passed" start-time="2024-03-12T00:50:05.3294880Z" end-time="2024-03-12T00:50:05.3333190Z" duration="0.003832" asserts="3" />
                <test-case id="1-1450" name="IsFillComplete(PlayersWorlds.Maps.Maze.AldousBroderMazeGenerator,FullHeight,Manual,System.Collections.Generic.List`1[PlayersWorlds.Maps.Areas.MapArea])" fullname="PlayersWorlds.Maps.Maze.MazeGeneratorTest.IsFillComplete(PlayersWorlds.Maps.Maze.AldousBroderMazeGenerator,FullHeight,Manual,System.Collections.Generic.List`1[PlayersWorlds.Maps.Areas.MapArea])" methodname="IsFillComplete" classname="PlayersWorlds.Maps.Maze.MazeGeneratorTest" runstate="Runnable" seed="1293992301" result="Passed" start-time="2024-03-12T00:50:05.3333290Z" end-time="2024-03-12T00:50:05.3379390Z" duration="0.004610" asserts="3" />
                <test-case id="1-1451" name="IsFillComplete(PlayersWorlds.Maps.Maze.AldousBroderMazeGenerator,Full,Auto,null)" fullname="PlayersWorlds.Maps.Maze.MazeGeneratorTest.IsFillComplete(PlayersWorlds.Maps.Maze.AldousBroderMazeGenerator,Full,Auto,null)" methodname="IsFillComplete" classname="PlayersWorlds.Maps.Maze.MazeGeneratorTest" runstate="Runnable" seed="673572266" result="Passed" start-time="2024-03-12T00:50:05.3379490Z" end-time="2024-03-12T00:50:05.3999890Z" duration="0.062041" asserts="3" />
                <test-case id="1-1452" name="IsFillComplete(PlayersWorlds.Maps.Maze.AldousBroderMazeGenerator,Full,Auto,System.Collections.Generic.List`1[PlayersWorlds.Maps.Areas.MapArea])" fullname="PlayersWorlds.Maps.Maze.MazeGeneratorTest.IsFillComplete(PlayersWorlds.Maps.Maze.AldousBroderMazeGenerator,Full,Auto,System.Collections.Generic.List`1[PlayersWorlds.Maps.Areas.MapArea])" methodname="IsFillComplete" classname="PlayersWorlds.Maps.Maze.MazeGeneratorTest" runstate="Runnable" seed="2086532749" result="Passed" start-time="2024-03-12T00:50:05.3999990Z" end-time="2024-03-12T00:50:05.8251710Z" duration="0.425172" asserts="3" />
                <test-case id="1-1453" name="IsFillComplete(PlayersWorlds.Maps.Maze.AldousBroderMazeGenerator,Full,Auto,System.Collections.Generic.List`1[PlayersWorlds.Maps.Areas.MapArea])" fullname="PlayersWorlds.Maps.Maze.MazeGeneratorTest.IsFillComplete(PlayersWorlds.Maps.Maze.AldousBroderMazeGenerator,Full,Auto,System.Collections.Generic.List`1[PlayersWorlds.Maps.Areas.MapArea])" methodname="IsFillComplete" classname="PlayersWorlds.Maps.Maze.MazeGeneratorTest" runstate="Runnable" seed="105631156" result="Passed" start-time="2024-03-12T00:50:05.8251790Z" end-time="2024-03-12T00:50:05.8920690Z" duration="0.066890" asserts="3" />
                <test-case id="1-1454" name="IsFillComplete(PlayersWorlds.Maps.Maze.AldousBroderMazeGenerator,Full,Auto,System.Collections.Generic.List`1[PlayersWorlds.Maps.Areas.MapArea])" fullname="PlayersWorlds.Maps.Maze.MazeGeneratorTest.IsFillComplete(PlayersWorlds.Maps.Maze.AldousBroderMazeGenerator,Full,Auto,System.Collections.Generic.List`1[PlayersWorlds.Maps.Areas.MapArea])" methodname="IsFillComplete" classname="PlayersWorlds.Maps.Maze.MazeGeneratorTest" runstate="Runnable" seed="1301592258" result="Passed" start-time="2024-03-12T00:50:05.8920810Z" end-time="2024-03-12T00:50:05.9206000Z" duration="0.028520" asserts="3" />
                <test-case id="1-1455" name="IsFillComplete(PlayersWorlds.Maps.Maze.AldousBroderMazeGenerator,Full,Auto,System.Collections.Generic.List`1[PlayersWorlds.Maps.Areas.MapArea])" fullname="PlayersWorlds.Maps.Maze.MazeGeneratorTest.IsFillComplete(PlayersWorlds.Maps.Maze.AldousBroderMazeGenerator,Full,Auto,System.Collections.Generic.List`1[PlayersWorlds.Maps.Areas.MapArea])" methodname="IsFillComplete" classname="PlayersWorlds.Maps.Maze.MazeGeneratorTest" runstate="Runnable" seed="780079007" result="Passed" start-time="2024-03-12T00:50:05.9206110Z" end-time="2024-03-12T00:50:06.0055780Z" duration="0.084968" asserts="3" />
                <test-case id="1-1456" name="IsFillComplete(PlayersWorlds.Maps.Maze.AldousBroderMazeGenerator,Full,Auto,System.Collections.Generic.List`1[PlayersWorlds.Maps.Areas.MapArea])" fullname="PlayersWorlds.Maps.Maze.MazeGeneratorTest.IsFillComplete(PlayersWorlds.Maps.Maze.AldousBroderMazeGenerator,Full,Auto,System.Collections.Generic.List`1[PlayersWorlds.Maps.Areas.MapArea])" methodname="IsFillComplete" classname="PlayersWorlds.Maps.Maze.MazeGeneratorTest" runstate="Runnable" seed="1412442659" result="Passed" start-time="2024-03-12T00:50:06.0055960Z" end-time="2024-03-12T00:50:06.0445740Z" duration="0.038978" asserts="3" />
                <test-case id="1-1457" name="IsFillComplete(PlayersWorlds.Maps.Maze.AldousBroderMazeGenerator,Full,Manual,null)" fullname="PlayersWorlds.Maps.Maze.MazeGeneratorTest.IsFillComplete(PlayersWorlds.Maps.Maze.AldousBroderMazeGenerator,Full,Manual,null)" methodname="IsFillComplete" classname="PlayersWorlds.Maps.Maze.MazeGeneratorTest" runstate="Runnable" seed="934675131" result="Passed" start-time="2024-03-12T00:50:06.0445850Z" end-time="2024-03-12T00:50:06.0465270Z" duration="0.001943" asserts="3" />
                <test-case id="1-1458" name="IsFillComplete(PlayersWorlds.Maps.Maze.AldousBroderMazeGenerator,Full,Manual,System.Collections.Generic.List`1[PlayersWorlds.Maps.Areas.MapArea])" fullname="PlayersWorlds.Maps.Maze.MazeGeneratorTest.IsFillComplete(PlayersWorlds.Maps.Maze.AldousBroderMazeGenerator,Full,Manual,System.Collections.Generic.List`1[PlayersWorlds.Maps.Areas.MapArea])" methodname="IsFillComplete" classname="PlayersWorlds.Maps.Maze.MazeGeneratorTest" runstate="Runnable" seed="1352760607" result="Passed" start-time="2024-03-12T00:50:06.0465360Z" end-time="2024-03-12T00:50:06.0487800Z" duration="0.002245" asserts="3" />
                <test-case id="1-1459" name="IsFillComplete(PlayersWorlds.Maps.Maze.AldousBroderMazeGenerator,Full,Manual,System.Collections.Generic.List`1[PlayersWorlds.Maps.Areas.MapArea])" fullname="PlayersWorlds.Maps.Maze.MazeGeneratorTest.IsFillComplete(PlayersWorlds.Maps.Maze.AldousBroderMazeGenerator,Full,Manual,System.Collections.Generic.List`1[PlayersWorlds.Maps.Areas.MapArea])" methodname="IsFillComplete" classname="PlayersWorlds.Maps.Maze.MazeGeneratorTest" runstate="Runnable" seed="1789238430" result="Passed" start-time="2024-03-12T00:50:06.0487890Z" end-time="2024-03-12T00:50:06.0522220Z" duration="0.003433" asserts="3" />
                <test-case id="1-1460" name="IsFillComplete(PlayersWorlds.Maps.Maze.AldousBroderMazeGenerator,Full,Manual,System.Collections.Generic.List`1[PlayersWorlds.Maps.Areas.MapArea])" fullname="PlayersWorlds.Maps.Maze.MazeGeneratorTest.IsFillComplete(PlayersWorlds.Maps.Maze.AldousBroderMazeGenerator,Full,Manual,System.Collections.Generic.List`1[PlayersWorlds.Maps.Areas.MapArea])" methodname="IsFillComplete" classname="PlayersWorlds.Maps.Maze.MazeGeneratorTest" runstate="Runnable" seed="1354365792" result="Passed" start-time="2024-03-12T00:50:06.0522380Z" end-time="2024-03-12T00:50:06.0554890Z" duration="0.003251" asserts="3" />
                <test-case id="1-1461" name="IsFillComplete(PlayersWorlds.Maps.Maze.AldousBroderMazeGenerator,Full,Manual,System.Collections.Generic.List`1[PlayersWorlds.Maps.Areas.MapArea])" fullname="PlayersWorlds.Maps.Maze.MazeGeneratorTest.IsFillComplete(PlayersWorlds.Maps.Maze.AldousBroderMazeGenerator,Full,Manual,System.Collections.Generic.List`1[PlayersWorlds.Maps.Areas.MapArea])" methodname="IsFillComplete" classname="PlayersWorlds.Maps.Maze.MazeGeneratorTest" runstate="Runnable" seed="1222846321" result="Passed" start-time="2024-03-12T00:50:06.0554990Z" end-time="2024-03-12T00:50:06.0597480Z" duration="0.004249" asserts="3" />
                <test-case id="1-1462" name="IsFillComplete(PlayersWorlds.Maps.Maze.AldousBroderMazeGenerator,Full,Manual,System.Collections.Generic.List`1[PlayersWorlds.Maps.Areas.MapArea])" fullname="PlayersWorlds.Maps.Maze.MazeGeneratorTest.IsFillComplete(PlayersWorlds.Maps.Maze.AldousBroderMazeGenerator,Full,Manual,System.Collections.Generic.List`1[PlayersWorlds.Maps.Areas.MapArea])" methodname="IsFillComplete" classname="PlayersWorlds.Maps.Maze.MazeGeneratorTest" runstate="Runnable" seed="1580150165" result="Passed" start-time="2024-03-12T00:50:06.0597580Z" end-time="2024-03-12T00:50:06.0636210Z" duration="0.003863" asserts="3" />
                <test-case id="1-1463" name="IsFillComplete(PlayersWorlds.Maps.Maze.BinaryTreeMazeGenerator,Quarter,Auto,null)" fullname="PlayersWorlds.Maps.Maze.MazeGeneratorTest.IsFillComplete(PlayersWorlds.Maps.Maze.BinaryTreeMazeGenerator,Quarter,Auto,null)" methodname="IsFillComplete" classname="PlayersWorlds.Maps.Maze.MazeGeneratorTest" runstate="Runnable" seed="1405365514" result="Skipped" label="Ignored" start-time="2024-03-12T00:50:06.0636300Z" end-time="2024-03-12T00:50:06.0638570Z" duration="0.000227" asserts="0" />
                <test-case id="1-1464" name="IsFillComplete(PlayersWorlds.Maps.Maze.BinaryTreeMazeGenerator,Quarter,Auto,System.Collections.Generic.List`1[PlayersWorlds.Maps.Areas.MapArea])" fullname="PlayersWorlds.Maps.Maze.MazeGeneratorTest.IsFillComplete(PlayersWorlds.Maps.Maze.BinaryTreeMazeGenerator,Quarter,Auto,System.Collections.Generic.List`1[PlayersWorlds.Maps.Areas.MapArea])" methodname="IsFillComplete" classname="PlayersWorlds.Maps.Maze.MazeGeneratorTest" runstate="Runnable" seed="1456431558" result="Skipped" label="Ignored" start-time="2024-03-12T00:50:06.0638640Z" end-time="2024-03-12T00:50:06.0639380Z" duration="0.000074" asserts="0" />
                <test-case id="1-1465" name="IsFillComplete(PlayersWorlds.Maps.Maze.BinaryTreeMazeGenerator,Quarter,Auto,System.Collections.Generic.List`1[PlayersWorlds.Maps.Areas.MapArea])" fullname="PlayersWorlds.Maps.Maze.MazeGeneratorTest.IsFillComplete(PlayersWorlds.Maps.Maze.BinaryTreeMazeGenerator,Quarter,Auto,System.Collections.Generic.List`1[PlayersWorlds.Maps.Areas.MapArea])" methodname="IsFillComplete" classname="PlayersWorlds.Maps.Maze.MazeGeneratorTest" runstate="Runnable" seed="263414118" result="Skipped" label="Ignored" start-time="2024-03-12T00:50:06.0639430Z" end-time="2024-03-12T00:50:06.0640030Z" duration="0.000060" asserts="0" />
                <test-case id="1-1466" name="IsFillComplete(PlayersWorlds.Maps.Maze.BinaryTreeMazeGenerator,Quarter,Auto,System.Collections.Generic.List`1[PlayersWorlds.Maps.Areas.MapArea])" fullname="PlayersWorlds.Maps.Maze.MazeGeneratorTest.IsFillComplete(PlayersWorlds.Maps.Maze.BinaryTreeMazeGenerator,Quarter,Auto,System.Collections.Generic.List`1[PlayersWorlds.Maps.Areas.MapArea])" methodname="IsFillComplete" classname="PlayersWorlds.Maps.Maze.MazeGeneratorTest" runstate="Runnable" seed="1181933709" result="Skipped" label="Ignored" start-time="2024-03-12T00:50:06.0640080Z" end-time="2024-03-12T00:50:06.0640640Z" duration="0.000056" asserts="0" />
                <test-case id="1-1467" name="IsFillComplete(PlayersWorlds.Maps.Maze.BinaryTreeMazeGenerator,Quarter,Auto,System.Collections.Generic.List`1[PlayersWorlds.Maps.Areas.MapArea])" fullname="PlayersWorlds.Maps.Maze.MazeGeneratorTest.IsFillComplete(PlayersWorlds.Maps.Maze.BinaryTreeMazeGenerator,Quarter,Auto,System.Collections.Generic.List`1[PlayersWorlds.Maps.Areas.MapArea])" methodname="IsFillComplete" classname="PlayersWorlds.Maps.Maze.MazeGeneratorTest" runstate="Runnable" seed="1893087926" result="Skipped" label="Ignored" start-time="2024-03-12T00:50:06.0640680Z" end-time="2024-03-12T00:50:06.0641210Z" duration="0.000052" asserts="0" />
                <test-case id="1-1468" name="IsFillComplete(PlayersWorlds.Maps.Maze.BinaryTreeMazeGenerator,Quarter,Auto,System.Collections.Generic.List`1[PlayersWorlds.Maps.Areas.MapArea])" fullname="PlayersWorlds.Maps.Maze.MazeGeneratorTest.IsFillComplete(PlayersWorlds.Maps.Maze.BinaryTreeMazeGenerator,Quarter,Auto,System.Collections.Generic.List`1[PlayersWorlds.Maps.Areas.MapArea])" methodname="IsFillComplete" classname="PlayersWorlds.Maps.Maze.MazeGeneratorTest" runstate="Runnable" seed="173145527" result="Skipped" label="Ignored" start-time="2024-03-12T00:50:06.0641250Z" end-time="2024-03-12T00:50:06.0641750Z" duration="0.000050" asserts="0" />
                <test-case id="1-1469" name="IsFillComplete(PlayersWorlds.Maps.Maze.BinaryTreeMazeGenerator,Quarter,Manual,null)" fullname="PlayersWorlds.Maps.Maze.MazeGeneratorTest.IsFillComplete(PlayersWorlds.Maps.Maze.BinaryTreeMazeGenerator,Quarter,Manual,null)" methodname="IsFillComplete" classname="PlayersWorlds.Maps.Maze.MazeGeneratorTest" runstate="Runnable" seed="943254071" result="Skipped" label="Ignored" start-time="2024-03-12T00:50:06.0641800Z" end-time="2024-03-12T00:50:06.0642300Z" duration="0.000051" asserts="0" />
                <test-case id="1-1470" name="IsFillComplete(PlayersWorlds.Maps.Maze.BinaryTreeMazeGenerator,Quarter,Manual,System.Collections.Generic.List`1[PlayersWorlds.Maps.Areas.MapArea])" fullname="PlayersWorlds.Maps.Maze.MazeGeneratorTest.IsFillComplete(PlayersWorlds.Maps.Maze.BinaryTreeMazeGenerator,Quarter,Manual,System.Collections.Generic.List`1[PlayersWorlds.Maps.Areas.MapArea])" methodname="IsFillComplete" classname="PlayersWorlds.Maps.Maze.MazeGeneratorTest" runstate="Runnable" seed="445996715" result="Skipped" label="Ignored" start-time="2024-03-12T00:50:06.0642350Z" end-time="2024-03-12T00:50:06.0642880Z" duration="0.000053" asserts="0" />
                <test-case id="1-1471" name="IsFillComplete(PlayersWorlds.Maps.Maze.BinaryTreeMazeGenerator,Quarter,Manual,System.Collections.Generic.List`1[PlayersWorlds.Maps.Areas.MapArea])" fullname="PlayersWorlds.Maps.Maze.MazeGeneratorTest.IsFillComplete(PlayersWorlds.Maps.Maze.BinaryTreeMazeGenerator,Quarter,Manual,System.Collections.Generic.List`1[PlayersWorlds.Maps.Areas.MapArea])" methodname="IsFillComplete" classname="PlayersWorlds.Maps.Maze.MazeGeneratorTest" runstate="Runnable" seed="1438411994" result="Skipped" label="Ignored" start-time="2024-03-12T00:50:06.0642920Z" end-time="2024-03-12T00:50:06.0643440Z" duration="0.000052" asserts="0" />
                <test-case id="1-1472" name="IsFillComplete(PlayersWorlds.Maps.Maze.BinaryTreeMazeGenerator,Quarter,Manual,System.Collections.Generic.List`1[PlayersWorlds.Maps.Areas.MapArea])" fullname="PlayersWorlds.Maps.Maze.MazeGeneratorTest.IsFillComplete(PlayersWorlds.Maps.Maze.BinaryTreeMazeGenerator,Quarter,Manual,System.Collections.Generic.List`1[PlayersWorlds.Maps.Areas.MapArea])" methodname="IsFillComplete" classname="PlayersWorlds.Maps.Maze.MazeGeneratorTest" runstate="Runnable" seed="31927290" result="Skipped" label="Ignored" start-time="2024-03-12T00:50:06.0643490Z" end-time="2024-03-12T00:50:06.0644100Z" duration="0.000061" asserts="0" />
                <test-case id="1-1473" name="IsFillComplete(PlayersWorlds.Maps.Maze.BinaryTreeMazeGenerator,Quarter,Manual,System.Collections.Generic.List`1[PlayersWorlds.Maps.Areas.MapArea])" fullname="PlayersWorlds.Maps.Maze.MazeGeneratorTest.IsFillComplete(PlayersWorlds.Maps.Maze.BinaryTreeMazeGenerator,Quarter,Manual,System.Collections.Generic.List`1[PlayersWorlds.Maps.Areas.MapArea])" methodname="IsFillComplete" classname="PlayersWorlds.Maps.Maze.MazeGeneratorTest" runstate="Runnable" seed="1128463074" result="Skipped" label="Ignored" start-time="2024-03-12T00:50:06.0644140Z" end-time="2024-03-12T00:50:06.0644650Z" duration="0.000051" asserts="0" />
                <test-case id="1-1474" name="IsFillComplete(PlayersWorlds.Maps.Maze.BinaryTreeMazeGenerator,Quarter,Manual,System.Collections.Generic.List`1[PlayersWorlds.Maps.Areas.MapArea])" fullname="PlayersWorlds.Maps.Maze.MazeGeneratorTest.IsFillComplete(PlayersWorlds.Maps.Maze.BinaryTreeMazeGenerator,Quarter,Manual,System.Collections.Generic.List`1[PlayersWorlds.Maps.Areas.MapArea])" methodname="IsFillComplete" classname="PlayersWorlds.Maps.Maze.MazeGeneratorTest" runstate="Runnable" seed="542030099" result="Skipped" label="Ignored" start-time="2024-03-12T00:50:06.0644700Z" end-time="2024-03-12T00:50:06.0645190Z" duration="0.000050" asserts="0" />
                <test-case id="1-1475" name="IsFillComplete(PlayersWorlds.Maps.Maze.BinaryTreeMazeGenerator,Half,Auto,null)" fullname="PlayersWorlds.Maps.Maze.MazeGeneratorTest.IsFillComplete(PlayersWorlds.Maps.Maze.BinaryTreeMazeGenerator,Half,Auto,null)" methodname="IsFillComplete" classname="PlayersWorlds.Maps.Maze.MazeGeneratorTest" runstate="Runnable" seed="1418638654" result="Skipped" label="Ignored" start-time="2024-03-12T00:50:06.0645230Z" end-time="2024-03-12T00:50:06.0645730Z" duration="0.000050" asserts="0" />
                <test-case id="1-1476" name="IsFillComplete(PlayersWorlds.Maps.Maze.BinaryTreeMazeGenerator,Half,Auto,System.Collections.Generic.List`1[PlayersWorlds.Maps.Areas.MapArea])" fullname="PlayersWorlds.Maps.Maze.MazeGeneratorTest.IsFillComplete(PlayersWorlds.Maps.Maze.BinaryTreeMazeGenerator,Half,Auto,System.Collections.Generic.List`1[PlayersWorlds.Maps.Areas.MapArea])" methodname="IsFillComplete" classname="PlayersWorlds.Maps.Maze.MazeGeneratorTest" runstate="Runnable" seed="1549775772" result="Skipped" label="Ignored" start-time="2024-03-12T00:50:06.0645790Z" end-time="2024-03-12T00:50:06.0646320Z" duration="0.000053" asserts="0" />
                <test-case id="1-1477" name="IsFillComplete(PlayersWorlds.Maps.Maze.BinaryTreeMazeGenerator,Half,Auto,System.Collections.Generic.List`1[PlayersWorlds.Maps.Areas.MapArea])" fullname="PlayersWorlds.Maps.Maze.MazeGeneratorTest.IsFillComplete(PlayersWorlds.Maps.Maze.BinaryTreeMazeGenerator,Half,Auto,System.Collections.Generic.List`1[PlayersWorlds.Maps.Areas.MapArea])" methodname="IsFillComplete" classname="PlayersWorlds.Maps.Maze.MazeGeneratorTest" runstate="Runnable" seed="490435426" result="Skipped" label="Ignored" start-time="2024-03-12T00:50:06.0646370Z" end-time="2024-03-12T00:50:06.0646900Z" duration="0.000053" asserts="0" />
                <test-case id="1-1478" name="IsFillComplete(PlayersWorlds.Maps.Maze.BinaryTreeMazeGenerator,Half,Auto,System.Collections.Generic.List`1[PlayersWorlds.Maps.Areas.MapArea])" fullname="PlayersWorlds.Maps.Maze.MazeGeneratorTest.IsFillComplete(PlayersWorlds.Maps.Maze.BinaryTreeMazeGenerator,Half,Auto,System.Collections.Generic.List`1[PlayersWorlds.Maps.Areas.MapArea])" methodname="IsFillComplete" classname="PlayersWorlds.Maps.Maze.MazeGeneratorTest" runstate="Runnable" seed="996033225" result="Skipped" label="Ignored" start-time="2024-03-12T00:50:06.0646950Z" end-time="2024-03-12T00:50:06.0647460Z" duration="0.000052" asserts="0" />
                <test-case id="1-1479" name="IsFillComplete(PlayersWorlds.Maps.Maze.BinaryTreeMazeGenerator,Half,Auto,System.Collections.Generic.List`1[PlayersWorlds.Maps.Areas.MapArea])" fullname="PlayersWorlds.Maps.Maze.MazeGeneratorTest.IsFillComplete(PlayersWorlds.Maps.Maze.BinaryTreeMazeGenerator,Half,Auto,System.Collections.Generic.List`1[PlayersWorlds.Maps.Areas.MapArea])" methodname="IsFillComplete" classname="PlayersWorlds.Maps.Maze.MazeGeneratorTest" runstate="Runnable" seed="139961903" result="Skipped" label="Ignored" start-time="2024-03-12T00:50:06.0647510Z" end-time="2024-03-12T00:50:06.0647990Z" duration="0.000048" asserts="0" />
                <test-case id="1-1480" name="IsFillComplete(PlayersWorlds.Maps.Maze.BinaryTreeMazeGenerator,Half,Auto,System.Collections.Generic.List`1[PlayersWorlds.Maps.Areas.MapArea])" fullname="PlayersWorlds.Maps.Maze.MazeGeneratorTest.IsFillComplete(PlayersWorlds.Maps.Maze.BinaryTreeMazeGenerator,Half,Auto,System.Collections.Generic.List`1[PlayersWorlds.Maps.Areas.MapArea])" methodname="IsFillComplete" classname="PlayersWorlds.Maps.Maze.MazeGeneratorTest" runstate="Runnable" seed="2015962920" result="Skipped" label="Ignored" start-time="2024-03-12T00:50:06.0648030Z" end-time="2024-03-12T00:50:06.0648520Z" duration="0.000049" asserts="0" />
                <test-case id="1-1481" name="IsFillComplete(PlayersWorlds.Maps.Maze.BinaryTreeMazeGenerator,Half,Manual,null)" fullname="PlayersWorlds.Maps.Maze.MazeGeneratorTest.IsFillComplete(PlayersWorlds.Maps.Maze.BinaryTreeMazeGenerator,Half,Manual,null)" methodname="IsFillComplete" classname="PlayersWorlds.Maps.Maze.MazeGeneratorTest" runstate="Runnable" seed="701090979" result="Skipped" label="Ignored" start-time="2024-03-12T00:50:06.0648560Z" end-time="2024-03-12T00:50:06.0649080Z" duration="0.000052" asserts="0" />
                <test-case id="1-1482" name="IsFillComplete(PlayersWorlds.Maps.Maze.BinaryTreeMazeGenerator,Half,Manual,System.Collections.Generic.List`1[PlayersWorlds.Maps.Areas.MapArea])" fullname="PlayersWorlds.Maps.Maze.MazeGeneratorTest.IsFillComplete(PlayersWorlds.Maps.Maze.BinaryTreeMazeGenerator,Half,Manual,System.Collections.Generic.List`1[PlayersWorlds.Maps.Areas.MapArea])" methodname="IsFillComplete" classname="PlayersWorlds.Maps.Maze.MazeGeneratorTest" runstate="Runnable" seed="1184331577" result="Skipped" label="Ignored" start-time="2024-03-12T00:50:06.0649120Z" end-time="2024-03-12T00:50:06.0649650Z" duration="0.000053" asserts="0" />
                <test-case id="1-1483" name="IsFillComplete(PlayersWorlds.Maps.Maze.BinaryTreeMazeGenerator,Half,Manual,System.Collections.Generic.List`1[PlayersWorlds.Maps.Areas.MapArea])" fullname="PlayersWorlds.Maps.Maze.MazeGeneratorTest.IsFillComplete(PlayersWorlds.Maps.Maze.BinaryTreeMazeGenerator,Half,Manual,System.Collections.Generic.List`1[PlayersWorlds.Maps.Areas.MapArea])" methodname="IsFillComplete" classname="PlayersWorlds.Maps.Maze.MazeGeneratorTest" runstate="Runnable" seed="1653206107" result="Skipped" label="Ignored" start-time="2024-03-12T00:50:06.0649700Z" end-time="2024-03-12T00:50:06.0650230Z" duration="0.000054" asserts="0" />
                <test-case id="1-1484" name="IsFillComplete(PlayersWorlds.Maps.Maze.BinaryTreeMazeGenerator,Half,Manual,System.Collections.Generic.List`1[PlayersWorlds.Maps.Areas.MapArea])" fullname="PlayersWorlds.Maps.Maze.MazeGeneratorTest.IsFillComplete(PlayersWorlds.Maps.Maze.BinaryTreeMazeGenerator,Half,Manual,System.Collections.Generic.List`1[PlayersWorlds.Maps.Areas.MapArea])" methodname="IsFillComplete" classname="PlayersWorlds.Maps.Maze.MazeGeneratorTest" runstate="Runnable" seed="1566939379" result="Skipped" label="Ignored" start-time="2024-03-12T00:50:06.0650280Z" end-time="2024-03-12T00:50:06.0650770Z" duration="0.000049" asserts="0" />
                <test-case id="1-1485" name="IsFillComplete(PlayersWorlds.Maps.Maze.BinaryTreeMazeGenerator,Half,Manual,System.Collections.Generic.List`1[PlayersWorlds.Maps.Areas.MapArea])" fullname="PlayersWorlds.Maps.Maze.MazeGeneratorTest.IsFillComplete(PlayersWorlds.Maps.Maze.BinaryTreeMazeGenerator,Half,Manual,System.Collections.Generic.List`1[PlayersWorlds.Maps.Areas.MapArea])" methodname="IsFillComplete" classname="PlayersWorlds.Maps.Maze.MazeGeneratorTest" runstate="Runnable" seed="1261554570" result="Skipped" label="Ignored" start-time="2024-03-12T00:50:06.0650810Z" end-time="2024-03-12T00:50:06.0651300Z" duration="0.000049" asserts="0" />
                <test-case id="1-1486" name="IsFillComplete(PlayersWorlds.Maps.Maze.BinaryTreeMazeGenerator,Half,Manual,System.Collections.Generic.List`1[PlayersWorlds.Maps.Areas.MapArea])" fullname="PlayersWorlds.Maps.Maze.MazeGeneratorTest.IsFillComplete(PlayersWorlds.Maps.Maze.BinaryTreeMazeGenerator,Half,Manual,System.Collections.Generic.List`1[PlayersWorlds.Maps.Areas.MapArea])" methodname="IsFillComplete" classname="PlayersWorlds.Maps.Maze.MazeGeneratorTest" runstate="Runnable" seed="592167242" result="Skipped" label="Ignored" start-time="2024-03-12T00:50:06.0651350Z" end-time="2024-03-12T00:50:06.0651830Z" duration="0.000049" asserts="0" />
                <test-case id="1-1487" name="IsFillComplete(PlayersWorlds.Maps.Maze.BinaryTreeMazeGenerator,ThreeQuarters,Auto,null)" fullname="PlayersWorlds.Maps.Maze.MazeGeneratorTest.IsFillComplete(PlayersWorlds.Maps.Maze.BinaryTreeMazeGenerator,ThreeQuarters,Auto,null)" methodname="IsFillComplete" classname="PlayersWorlds.Maps.Maze.MazeGeneratorTest" runstate="Runnable" seed="909113352" result="Skipped" label="Ignored" start-time="2024-03-12T00:50:06.0651880Z" end-time="2024-03-12T00:50:06.0652380Z" duration="0.000051" asserts="0" />
                <test-case id="1-1488" name="IsFillComplete(PlayersWorlds.Maps.Maze.BinaryTreeMazeGenerator,ThreeQuarters,Auto,System.Collections.Generic.List`1[PlayersWorlds.Maps.Areas.MapArea])" fullname="PlayersWorlds.Maps.Maze.MazeGeneratorTest.IsFillComplete(PlayersWorlds.Maps.Maze.BinaryTreeMazeGenerator,ThreeQuarters,Auto,System.Collections.Generic.List`1[PlayersWorlds.Maps.Areas.MapArea])" methodname="IsFillComplete" classname="PlayersWorlds.Maps.Maze.MazeGeneratorTest" runstate="Runnable" seed="1567331799" result="Skipped" label="Ignored" start-time="2024-03-12T00:50:06.0652430Z" end-time="2024-03-12T00:50:06.0652940Z" duration="0.000051" asserts="0" />
                <test-case id="1-1489" name="IsFillComplete(PlayersWorlds.Maps.Maze.BinaryTreeMazeGenerator,ThreeQuarters,Auto,System.Collections.Generic.List`1[PlayersWorlds.Maps.Areas.MapArea])" fullname="PlayersWorlds.Maps.Maze.MazeGeneratorTest.IsFillComplete(PlayersWorlds.Maps.Maze.BinaryTreeMazeGenerator,ThreeQuarters,Auto,System.Collections.Generic.List`1[PlayersWorlds.Maps.Areas.MapArea])" methodname="IsFillComplete" classname="PlayersWorlds.Maps.Maze.MazeGeneratorTest" runstate="Runnable" seed="320284507" result="Skipped" label="Ignored" start-time="2024-03-12T00:50:06.0652990Z" end-time="2024-03-12T00:50:06.0653510Z" duration="0.000052" asserts="0" />
                <test-case id="1-1490" name="IsFillComplete(PlayersWorlds.Maps.Maze.BinaryTreeMazeGenerator,ThreeQuarters,Auto,System.Collections.Generic.List`1[PlayersWorlds.Maps.Areas.MapArea])" fullname="PlayersWorlds.Maps.Maze.MazeGeneratorTest.IsFillComplete(PlayersWorlds.Maps.Maze.BinaryTreeMazeGenerator,ThreeQuarters,Auto,System.Collections.Generic.List`1[PlayersWorlds.Maps.Areas.MapArea])" methodname="IsFillComplete" classname="PlayersWorlds.Maps.Maze.MazeGeneratorTest" runstate="Runnable" seed="2014769259" result="Skipped" label="Ignored" start-time="2024-03-12T00:50:06.0653550Z" end-time="2024-03-12T00:50:06.0654060Z" duration="0.000051" asserts="0" />
                <test-case id="1-1491" name="IsFillComplete(PlayersWorlds.Maps.Maze.BinaryTreeMazeGenerator,ThreeQuarters,Auto,System.Collections.Generic.List`1[PlayersWorlds.Maps.Areas.MapArea])" fullname="PlayersWorlds.Maps.Maze.MazeGeneratorTest.IsFillComplete(PlayersWorlds.Maps.Maze.BinaryTreeMazeGenerator,ThreeQuarters,Auto,System.Collections.Generic.List`1[PlayersWorlds.Maps.Areas.MapArea])" methodname="IsFillComplete" classname="PlayersWorlds.Maps.Maze.MazeGeneratorTest" runstate="Runnable" seed="1985796935" result="Skipped" label="Ignored" start-time="2024-03-12T00:50:06.0654100Z" end-time="2024-03-12T00:50:06.0654580Z" duration="0.000048" asserts="0" />
                <test-case id="1-1492" name="IsFillComplete(PlayersWorlds.Maps.Maze.BinaryTreeMazeGenerator,ThreeQuarters,Auto,System.Collections.Generic.List`1[PlayersWorlds.Maps.Areas.MapArea])" fullname="PlayersWorlds.Maps.Maze.MazeGeneratorTest.IsFillComplete(PlayersWorlds.Maps.Maze.BinaryTreeMazeGenerator,ThreeQuarters,Auto,System.Collections.Generic.List`1[PlayersWorlds.Maps.Areas.MapArea])" methodname="IsFillComplete" classname="PlayersWorlds.Maps.Maze.MazeGeneratorTest" runstate="Runnable" seed="1947617933" result="Skipped" label="Ignored" start-time="2024-03-12T00:50:06.0654620Z" end-time="2024-03-12T00:50:06.0655110Z" duration="0.000048" asserts="0" />
                <test-case id="1-1493" name="IsFillComplete(PlayersWorlds.Maps.Maze.BinaryTreeMazeGenerator,ThreeQuarters,Manual,null)" fullname="PlayersWorlds.Maps.Maze.MazeGeneratorTest.IsFillComplete(PlayersWorlds.Maps.Maze.BinaryTreeMazeGenerator,ThreeQuarters,Manual,null)" methodname="IsFillComplete" classname="PlayersWorlds.Maps.Maze.MazeGeneratorTest" runstate="Runnable" seed="1935394200" result="Skipped" label="Ignored" start-time="2024-03-12T00:50:06.0655150Z" end-time="2024-03-12T00:50:06.0655680Z" duration="0.000053" asserts="0" />
                <test-case id="1-1494" name="IsFillComplete(PlayersWorlds.Maps.Maze.BinaryTreeMazeGenerator,ThreeQuarters,Manual,System.Collections.Generic.List`1[PlayersWorlds.Maps.Areas.MapArea])" fullname="PlayersWorlds.Maps.Maze.MazeGeneratorTest.IsFillComplete(PlayersWorlds.Maps.Maze.BinaryTreeMazeGenerator,ThreeQuarters,Manual,System.Collections.Generic.List`1[PlayersWorlds.Maps.Areas.MapArea])" methodname="IsFillComplete" classname="PlayersWorlds.Maps.Maze.MazeGeneratorTest" runstate="Runnable" seed="1891694623" result="Skipped" label="Ignored" start-time="2024-03-12T00:50:06.0655720Z" end-time="2024-03-12T00:50:06.0656230Z" duration="0.000051" asserts="0" />
                <test-case id="1-1495" name="IsFillComplete(PlayersWorlds.Maps.Maze.BinaryTreeMazeGenerator,ThreeQuarters,Manual,System.Collections.Generic.List`1[PlayersWorlds.Maps.Areas.MapArea])" fullname="PlayersWorlds.Maps.Maze.MazeGeneratorTest.IsFillComplete(PlayersWorlds.Maps.Maze.BinaryTreeMazeGenerator,ThreeQuarters,Manual,System.Collections.Generic.List`1[PlayersWorlds.Maps.Areas.MapArea])" methodname="IsFillComplete" classname="PlayersWorlds.Maps.Maze.MazeGeneratorTest" runstate="Runnable" seed="927859943" result="Skipped" label="Ignored" start-time="2024-03-12T00:50:06.0656280Z" end-time="2024-03-12T00:50:06.0656800Z" duration="0.000052" asserts="0" />
                <test-case id="1-1496" name="IsFillComplete(PlayersWorlds.Maps.Maze.BinaryTreeMazeGenerator,ThreeQuarters,Manual,System.Collections.Generic.List`1[PlayersWorlds.Maps.Areas.MapArea])" fullname="PlayersWorlds.Maps.Maze.MazeGeneratorTest.IsFillComplete(PlayersWorlds.Maps.Maze.BinaryTreeMazeGenerator,ThreeQuarters,Manual,System.Collections.Generic.List`1[PlayersWorlds.Maps.Areas.MapArea])" methodname="IsFillComplete" classname="PlayersWorlds.Maps.Maze.MazeGeneratorTest" runstate="Runnable" seed="717433910" result="Skipped" label="Ignored" start-time="2024-03-12T00:50:06.0656840Z" end-time="2024-03-12T00:50:06.0657330Z" duration="0.000049" asserts="0" />
                <test-case id="1-1497" name="IsFillComplete(PlayersWorlds.Maps.Maze.BinaryTreeMazeGenerator,ThreeQuarters,Manual,System.Collections.Generic.List`1[PlayersWorlds.Maps.Areas.MapArea])" fullname="PlayersWorlds.Maps.Maze.MazeGeneratorTest.IsFillComplete(PlayersWorlds.Maps.Maze.BinaryTreeMazeGenerator,ThreeQuarters,Manual,System.Collections.Generic.List`1[PlayersWorlds.Maps.Areas.MapArea])" methodname="IsFillComplete" classname="PlayersWorlds.Maps.Maze.MazeGeneratorTest" runstate="Runnable" seed="1544352266" result="Skipped" label="Ignored" start-time="2024-03-12T00:50:06.0657380Z" end-time="2024-03-12T00:50:06.0657920Z" duration="0.000054" asserts="0" />
                <test-case id="1-1498" name="IsFillComplete(PlayersWorlds.Maps.Maze.BinaryTreeMazeGenerator,ThreeQuarters,Manual,System.Collections.Generic.List`1[PlayersWorlds.Maps.Areas.MapArea])" fullname="PlayersWorlds.Maps.Maze.MazeGeneratorTest.IsFillComplete(PlayersWorlds.Maps.Maze.BinaryTreeMazeGenerator,ThreeQuarters,Manual,System.Collections.Generic.List`1[PlayersWorlds.Maps.Areas.MapArea])" methodname="IsFillComplete" classname="PlayersWorlds.Maps.Maze.MazeGeneratorTest" runstate="Runnable" seed="721908636" result="Skipped" label="Ignored" start-time="2024-03-12T00:50:06.0657980Z" end-time="2024-03-12T00:50:06.0658460Z" duration="0.000048" asserts="0" />
                <test-case id="1-1499" name="IsFillComplete(PlayersWorlds.Maps.Maze.BinaryTreeMazeGenerator,NinetyPercent,Auto,null)" fullname="PlayersWorlds.Maps.Maze.MazeGeneratorTest.IsFillComplete(PlayersWorlds.Maps.Maze.BinaryTreeMazeGenerator,NinetyPercent,Auto,null)" methodname="IsFillComplete" classname="PlayersWorlds.Maps.Maze.MazeGeneratorTest" runstate="Runnable" seed="1879409130" result="Skipped" label="Ignored" start-time="2024-03-12T00:50:06.0658500Z" end-time="2024-03-12T00:50:06.0659010Z" duration="0.000051" asserts="0" />
                <test-case id="1-1500" name="IsFillComplete(PlayersWorlds.Maps.Maze.BinaryTreeMazeGenerator,NinetyPercent,Auto,System.Collections.Generic.List`1[PlayersWorlds.Maps.Areas.MapArea])" fullname="PlayersWorlds.Maps.Maze.MazeGeneratorTest.IsFillComplete(PlayersWorlds.Maps.Maze.BinaryTreeMazeGenerator,NinetyPercent,Auto,System.Collections.Generic.List`1[PlayersWorlds.Maps.Areas.MapArea])" methodname="IsFillComplete" classname="PlayersWorlds.Maps.Maze.MazeGeneratorTest" runstate="Runnable" seed="1902891818" result="Skipped" label="Ignored" start-time="2024-03-12T00:50:06.0659050Z" end-time="2024-03-12T00:50:06.0659630Z" duration="0.000058" asserts="0" />
                <test-case id="1-1501" name="IsFillComplete(PlayersWorlds.Maps.Maze.BinaryTreeMazeGenerator,NinetyPercent,Auto,System.Collections.Generic.List`1[PlayersWorlds.Maps.Areas.MapArea])" fullname="PlayersWorlds.Maps.Maze.MazeGeneratorTest.IsFillComplete(PlayersWorlds.Maps.Maze.BinaryTreeMazeGenerator,NinetyPercent,Auto,System.Collections.Generic.List`1[PlayersWorlds.Maps.Areas.MapArea])" methodname="IsFillComplete" classname="PlayersWorlds.Maps.Maze.MazeGeneratorTest" runstate="Runnable" seed="1655430993" result="Skipped" label="Ignored" start-time="2024-03-12T00:50:06.0659680Z" end-time="2024-03-12T00:50:06.0660300Z" duration="0.000062" asserts="0" />
                <test-case id="1-1502" name="IsFillComplete(PlayersWorlds.Maps.Maze.BinaryTreeMazeGenerator,NinetyPercent,Auto,System.Collections.Generic.List`1[PlayersWorlds.Maps.Areas.MapArea])" fullname="PlayersWorlds.Maps.Maze.MazeGeneratorTest.IsFillComplete(PlayersWorlds.Maps.Maze.BinaryTreeMazeGenerator,NinetyPercent,Auto,System.Collections.Generic.List`1[PlayersWorlds.Maps.Areas.MapArea])" methodname="IsFillComplete" classname="PlayersWorlds.Maps.Maze.MazeGeneratorTest" runstate="Runnable" seed="1530139588" result="Skipped" label="Ignored" start-time="2024-03-12T00:50:06.0660340Z" end-time="2024-03-12T00:50:06.0660870Z" duration="0.000052" asserts="0" />
                <test-case id="1-1503" name="IsFillComplete(PlayersWorlds.Maps.Maze.BinaryTreeMazeGenerator,NinetyPercent,Auto,System.Collections.Generic.List`1[PlayersWorlds.Maps.Areas.MapArea])" fullname="PlayersWorlds.Maps.Maze.MazeGeneratorTest.IsFillComplete(PlayersWorlds.Maps.Maze.BinaryTreeMazeGenerator,NinetyPercent,Auto,System.Collections.Generic.List`1[PlayersWorlds.Maps.Areas.MapArea])" methodname="IsFillComplete" classname="PlayersWorlds.Maps.Maze.MazeGeneratorTest" runstate="Runnable" seed="907899069" result="Skipped" label="Ignored" start-time="2024-03-12T00:50:06.0660910Z" end-time="2024-03-12T00:50:06.0661410Z" duration="0.000051" asserts="0" />
                <test-case id="1-1504" name="IsFillComplete(PlayersWorlds.Maps.Maze.BinaryTreeMazeGenerator,NinetyPercent,Auto,System.Collections.Generic.List`1[PlayersWorlds.Maps.Areas.MapArea])" fullname="PlayersWorlds.Maps.Maze.MazeGeneratorTest.IsFillComplete(PlayersWorlds.Maps.Maze.BinaryTreeMazeGenerator,NinetyPercent,Auto,System.Collections.Generic.List`1[PlayersWorlds.Maps.Areas.MapArea])" methodname="IsFillComplete" classname="PlayersWorlds.Maps.Maze.MazeGeneratorTest" runstate="Runnable" seed="513985226" result="Skipped" label="Ignored" start-time="2024-03-12T00:50:06.0661460Z" end-time="2024-03-12T00:50:06.0661940Z" duration="0.000048" asserts="0" />
                <test-case id="1-1505" name="IsFillComplete(PlayersWorlds.Maps.Maze.BinaryTreeMazeGenerator,NinetyPercent,Manual,null)" fullname="PlayersWorlds.Maps.Maze.MazeGeneratorTest.IsFillComplete(PlayersWorlds.Maps.Maze.BinaryTreeMazeGenerator,NinetyPercent,Manual,null)" methodname="IsFillComplete" classname="PlayersWorlds.Maps.Maze.MazeGeneratorTest" runstate="Runnable" seed="2003063954" result="Skipped" label="Ignored" start-time="2024-03-12T00:50:06.0661990Z" end-time="2024-03-12T00:50:06.0662460Z" duration="0.000048" asserts="0" />
                <test-case id="1-1506" name="IsFillComplete(PlayersWorlds.Maps.Maze.BinaryTreeMazeGenerator,NinetyPercent,Manual,System.Collections.Generic.List`1[PlayersWorlds.Maps.Areas.MapArea])" fullname="PlayersWorlds.Maps.Maze.MazeGeneratorTest.IsFillComplete(PlayersWorlds.Maps.Maze.BinaryTreeMazeGenerator,NinetyPercent,Manual,System.Collections.Generic.List`1[PlayersWorlds.Maps.Areas.MapArea])" methodname="IsFillComplete" classname="PlayersWorlds.Maps.Maze.MazeGeneratorTest" runstate="Runnable" seed="641644976" result="Skipped" label="Ignored" start-time="2024-03-12T00:50:06.0662510Z" end-time="2024-03-12T00:50:06.0662990Z" duration="0.000048" asserts="0" />
                <test-case id="1-1507" name="IsFillComplete(PlayersWorlds.Maps.Maze.BinaryTreeMazeGenerator,NinetyPercent,Manual,System.Collections.Generic.List`1[PlayersWorlds.Maps.Areas.MapArea])" fullname="PlayersWorlds.Maps.Maze.MazeGeneratorTest.IsFillComplete(PlayersWorlds.Maps.Maze.BinaryTreeMazeGenerator,NinetyPercent,Manual,System.Collections.Generic.List`1[PlayersWorlds.Maps.Areas.MapArea])" methodname="IsFillComplete" classname="PlayersWorlds.Maps.Maze.MazeGeneratorTest" runstate="Runnable" seed="958069675" result="Skipped" label="Ignored" start-time="2024-03-12T00:50:06.0663030Z" end-time="2024-03-12T00:50:06.0663560Z" duration="0.000053" asserts="0" />
                <test-case id="1-1508" name="IsFillComplete(PlayersWorlds.Maps.Maze.BinaryTreeMazeGenerator,NinetyPercent,Manual,System.Collections.Generic.List`1[PlayersWorlds.Maps.Areas.MapArea])" fullname="PlayersWorlds.Maps.Maze.MazeGeneratorTest.IsFillComplete(PlayersWorlds.Maps.Maze.BinaryTreeMazeGenerator,NinetyPercent,Manual,System.Collections.Generic.List`1[PlayersWorlds.Maps.Areas.MapArea])" methodname="IsFillComplete" classname="PlayersWorlds.Maps.Maze.MazeGeneratorTest" runstate="Runnable" seed="1711084704" result="Skipped" label="Ignored" start-time="2024-03-12T00:50:06.0663610Z" end-time="2024-03-12T00:50:06.0664120Z" duration="0.000051" asserts="0" />
                <test-case id="1-1509" name="IsFillComplete(PlayersWorlds.Maps.Maze.BinaryTreeMazeGenerator,NinetyPercent,Manual,System.Collections.Generic.List`1[PlayersWorlds.Maps.Areas.MapArea])" fullname="PlayersWorlds.Maps.Maze.MazeGeneratorTest.IsFillComplete(PlayersWorlds.Maps.Maze.BinaryTreeMazeGenerator,NinetyPercent,Manual,System.Collections.Generic.List`1[PlayersWorlds.Maps.Areas.MapArea])" methodname="IsFillComplete" classname="PlayersWorlds.Maps.Maze.MazeGeneratorTest" runstate="Runnable" seed="2030437251" result="Skipped" label="Ignored" start-time="2024-03-12T00:50:06.0664160Z" end-time="2024-03-12T00:50:06.0664670Z" duration="0.000051" asserts="0" />
                <test-case id="1-1510" name="IsFillComplete(PlayersWorlds.Maps.Maze.BinaryTreeMazeGenerator,NinetyPercent,Manual,System.Collections.Generic.List`1[PlayersWorlds.Maps.Areas.MapArea])" fullname="PlayersWorlds.Maps.Maze.MazeGeneratorTest.IsFillComplete(PlayersWorlds.Maps.Maze.BinaryTreeMazeGenerator,NinetyPercent,Manual,System.Collections.Generic.List`1[PlayersWorlds.Maps.Areas.MapArea])" methodname="IsFillComplete" classname="PlayersWorlds.Maps.Maze.MazeGeneratorTest" runstate="Runnable" seed="1377786882" result="Skipped" label="Ignored" start-time="2024-03-12T00:50:06.0664710Z" end-time="2024-03-12T00:50:06.0665200Z" duration="0.000049" asserts="0" />
                <test-case id="1-1511" name="IsFillComplete(PlayersWorlds.Maps.Maze.BinaryTreeMazeGenerator,FullWidth,Auto,null)" fullname="PlayersWorlds.Maps.Maze.MazeGeneratorTest.IsFillComplete(PlayersWorlds.Maps.Maze.BinaryTreeMazeGenerator,FullWidth,Auto,null)" methodname="IsFillComplete" classname="PlayersWorlds.Maps.Maze.MazeGeneratorTest" runstate="Runnable" seed="922007233" result="Skipped" label="Ignored" start-time="2024-03-12T00:50:06.0665240Z" end-time="2024-03-12T00:50:06.0665720Z" duration="0.000048" asserts="0" />
                <test-case id="1-1512" name="IsFillComplete(PlayersWorlds.Maps.Maze.BinaryTreeMazeGenerator,FullWidth,Auto,System.Collections.Generic.List`1[PlayersWorlds.Maps.Areas.MapArea])" fullname="PlayersWorlds.Maps.Maze.MazeGeneratorTest.IsFillComplete(PlayersWorlds.Maps.Maze.BinaryTreeMazeGenerator,FullWidth,Auto,System.Collections.Generic.List`1[PlayersWorlds.Maps.Areas.MapArea])" methodname="IsFillComplete" classname="PlayersWorlds.Maps.Maze.MazeGeneratorTest" runstate="Runnable" seed="2086125553" result="Skipped" label="Ignored" start-time="2024-03-12T00:50:06.0665760Z" end-time="2024-03-12T00:50:06.0666240Z" duration="0.000048" asserts="0" />
                <test-case id="1-1513" name="IsFillComplete(PlayersWorlds.Maps.Maze.BinaryTreeMazeGenerator,FullWidth,Auto,System.Collections.Generic.List`1[PlayersWorlds.Maps.Areas.MapArea])" fullname="PlayersWorlds.Maps.Maze.MazeGeneratorTest.IsFillComplete(PlayersWorlds.Maps.Maze.BinaryTreeMazeGenerator,FullWidth,Auto,System.Collections.Generic.List`1[PlayersWorlds.Maps.Areas.MapArea])" methodname="IsFillComplete" classname="PlayersWorlds.Maps.Maze.MazeGeneratorTest" runstate="Runnable" seed="1212798704" result="Skipped" label="Ignored" start-time="2024-03-12T00:50:06.0666290Z" end-time="2024-03-12T00:50:06.0666790Z" duration="0.000051" asserts="0" />
                <test-case id="1-1514" name="IsFillComplete(PlayersWorlds.Maps.Maze.BinaryTreeMazeGenerator,FullWidth,Auto,System.Collections.Generic.List`1[PlayersWorlds.Maps.Areas.MapArea])" fullname="PlayersWorlds.Maps.Maze.MazeGeneratorTest.IsFillComplete(PlayersWorlds.Maps.Maze.BinaryTreeMazeGenerator,FullWidth,Auto,System.Collections.Generic.List`1[PlayersWorlds.Maps.Areas.MapArea])" methodname="IsFillComplete" classname="PlayersWorlds.Maps.Maze.MazeGeneratorTest" runstate="Runnable" seed="1920759157" result="Skipped" label="Ignored" start-time="2024-03-12T00:50:06.0666840Z" end-time="2024-03-12T00:50:06.0667340Z" duration="0.000050" asserts="0" />
                <test-case id="1-1515" name="IsFillComplete(PlayersWorlds.Maps.Maze.BinaryTreeMazeGenerator,FullWidth,Auto,System.Collections.Generic.List`1[PlayersWorlds.Maps.Areas.MapArea])" fullname="PlayersWorlds.Maps.Maze.MazeGeneratorTest.IsFillComplete(PlayersWorlds.Maps.Maze.BinaryTreeMazeGenerator,FullWidth,Auto,System.Collections.Generic.List`1[PlayersWorlds.Maps.Areas.MapArea])" methodname="IsFillComplete" classname="PlayersWorlds.Maps.Maze.MazeGeneratorTest" runstate="Runnable" seed="653274813" result="Skipped" label="Ignored" start-time="2024-03-12T00:50:06.0667380Z" end-time="2024-03-12T00:50:06.0667890Z" duration="0.000051" asserts="0" />
                <test-case id="1-1516" name="IsFillComplete(PlayersWorlds.Maps.Maze.BinaryTreeMazeGenerator,FullWidth,Auto,System.Collections.Generic.List`1[PlayersWorlds.Maps.Areas.MapArea])" fullname="PlayersWorlds.Maps.Maze.MazeGeneratorTest.IsFillComplete(PlayersWorlds.Maps.Maze.BinaryTreeMazeGenerator,FullWidth,Auto,System.Collections.Generic.List`1[PlayersWorlds.Maps.Areas.MapArea])" methodname="IsFillComplete" classname="PlayersWorlds.Maps.Maze.MazeGeneratorTest" runstate="Runnable" seed="38514744" result="Skipped" label="Ignored" start-time="2024-03-12T00:50:06.0667940Z" end-time="2024-03-12T00:50:06.0668440Z" duration="0.000051" asserts="0" />
                <test-case id="1-1517" name="IsFillComplete(PlayersWorlds.Maps.Maze.BinaryTreeMazeGenerator,FullWidth,Manual,null)" fullname="PlayersWorlds.Maps.Maze.MazeGeneratorTest.IsFillComplete(PlayersWorlds.Maps.Maze.BinaryTreeMazeGenerator,FullWidth,Manual,null)" methodname="IsFillComplete" classname="PlayersWorlds.Maps.Maze.MazeGeneratorTest" runstate="Runnable" seed="2074427705" result="Skipped" label="Ignored" start-time="2024-03-12T00:50:06.0668490Z" end-time="2024-03-12T00:50:06.0668960Z" duration="0.000048" asserts="0" />
                <test-case id="1-1518" name="IsFillComplete(PlayersWorlds.Maps.Maze.BinaryTreeMazeGenerator,FullWidth,Manual,System.Collections.Generic.List`1[PlayersWorlds.Maps.Areas.MapArea])" fullname="PlayersWorlds.Maps.Maze.MazeGeneratorTest.IsFillComplete(PlayersWorlds.Maps.Maze.BinaryTreeMazeGenerator,FullWidth,Manual,System.Collections.Generic.List`1[PlayersWorlds.Maps.Areas.MapArea])" methodname="IsFillComplete" classname="PlayersWorlds.Maps.Maze.MazeGeneratorTest" runstate="Runnable" seed="1985909782" result="Skipped" label="Ignored" start-time="2024-03-12T00:50:06.0669010Z" end-time="2024-03-12T00:50:06.0669500Z" duration="0.000050" asserts="0" />
                <test-case id="1-1519" name="IsFillComplete(PlayersWorlds.Maps.Maze.BinaryTreeMazeGenerator,FullWidth,Manual,System.Collections.Generic.List`1[PlayersWorlds.Maps.Areas.MapArea])" fullname="PlayersWorlds.Maps.Maze.MazeGeneratorTest.IsFillComplete(PlayersWorlds.Maps.Maze.BinaryTreeMazeGenerator,FullWidth,Manual,System.Collections.Generic.List`1[PlayersWorlds.Maps.Areas.MapArea])" methodname="IsFillComplete" classname="PlayersWorlds.Maps.Maze.MazeGeneratorTest" runstate="Runnable" seed="194876988" result="Skipped" label="Ignored" start-time="2024-03-12T00:50:06.0669550Z" end-time="2024-03-12T00:50:06.0670070Z" duration="0.000052" asserts="0" />
                <test-case id="1-1520" name="IsFillComplete(PlayersWorlds.Maps.Maze.BinaryTreeMazeGenerator,FullWidth,Manual,System.Collections.Generic.List`1[PlayersWorlds.Maps.Areas.MapArea])" fullname="PlayersWorlds.Maps.Maze.MazeGeneratorTest.IsFillComplete(PlayersWorlds.Maps.Maze.BinaryTreeMazeGenerator,FullWidth,Manual,System.Collections.Generic.List`1[PlayersWorlds.Maps.Areas.MapArea])" methodname="IsFillComplete" classname="PlayersWorlds.Maps.Maze.MazeGeneratorTest" runstate="Runnable" seed="1818730523" result="Skipped" label="Ignored" start-time="2024-03-12T00:50:06.0670110Z" end-time="2024-03-12T00:50:06.0670640Z" duration="0.000053" asserts="0" />
                <test-case id="1-1521" name="IsFillComplete(PlayersWorlds.Maps.Maze.BinaryTreeMazeGenerator,FullWidth,Manual,System.Collections.Generic.List`1[PlayersWorlds.Maps.Areas.MapArea])" fullname="PlayersWorlds.Maps.Maze.MazeGeneratorTest.IsFillComplete(PlayersWorlds.Maps.Maze.BinaryTreeMazeGenerator,FullWidth,Manual,System.Collections.Generic.List`1[PlayersWorlds.Maps.Areas.MapArea])" methodname="IsFillComplete" classname="PlayersWorlds.Maps.Maze.MazeGeneratorTest" runstate="Runnable" seed="272820357" result="Skipped" label="Ignored" start-time="2024-03-12T00:50:06.0670690Z" end-time="2024-03-12T00:50:06.0671160Z" duration="0.000048" asserts="0" />
                <test-case id="1-1522" name="IsFillComplete(PlayersWorlds.Maps.Maze.BinaryTreeMazeGenerator,FullWidth,Manual,System.Collections.Generic.List`1[PlayersWorlds.Maps.Areas.MapArea])" fullname="PlayersWorlds.Maps.Maze.MazeGeneratorTest.IsFillComplete(PlayersWorlds.Maps.Maze.BinaryTreeMazeGenerator,FullWidth,Manual,System.Collections.Generic.List`1[PlayersWorlds.Maps.Areas.MapArea])" methodname="IsFillComplete" classname="PlayersWorlds.Maps.Maze.MazeGeneratorTest" runstate="Runnable" seed="325756127" result="Skipped" label="Ignored" start-time="2024-03-12T00:50:06.0671210Z" end-time="2024-03-12T00:50:06.0671700Z" duration="0.000049" asserts="0" />
                <test-case id="1-1523" name="IsFillComplete(PlayersWorlds.Maps.Maze.BinaryTreeMazeGenerator,FullHeight,Auto,null)" fullname="PlayersWorlds.Maps.Maze.MazeGeneratorTest.IsFillComplete(PlayersWorlds.Maps.Maze.BinaryTreeMazeGenerator,FullHeight,Auto,null)" methodname="IsFillComplete" classname="PlayersWorlds.Maps.Maze.MazeGeneratorTest" runstate="Runnable" seed="2000344667" result="Skipped" label="Ignored" start-time="2024-03-12T00:50:06.0671750Z" end-time="2024-03-12T00:50:06.0672260Z" duration="0.000052" asserts="0" />
                <test-case id="1-1524" name="IsFillComplete(PlayersWorlds.Maps.Maze.BinaryTreeMazeGenerator,FullHeight,Auto,System.Collections.Generic.List`1[PlayersWorlds.Maps.Areas.MapArea])" fullname="PlayersWorlds.Maps.Maze.MazeGeneratorTest.IsFillComplete(PlayersWorlds.Maps.Maze.BinaryTreeMazeGenerator,FullHeight,Auto,System.Collections.Generic.List`1[PlayersWorlds.Maps.Areas.MapArea])" methodname="IsFillComplete" classname="PlayersWorlds.Maps.Maze.MazeGeneratorTest" runstate="Runnable" seed="1075968459" result="Skipped" label="Ignored" start-time="2024-03-12T00:50:06.0672300Z" end-time="2024-03-12T00:50:06.0672820Z" duration="0.000052" asserts="0" />
                <test-case id="1-1525" name="IsFillComplete(PlayersWorlds.Maps.Maze.BinaryTreeMazeGenerator,FullHeight,Auto,System.Collections.Generic.List`1[PlayersWorlds.Maps.Areas.MapArea])" fullname="PlayersWorlds.Maps.Maze.MazeGeneratorTest.IsFillComplete(PlayersWorlds.Maps.Maze.BinaryTreeMazeGenerator,FullHeight,Auto,System.Collections.Generic.List`1[PlayersWorlds.Maps.Areas.MapArea])" methodname="IsFillComplete" classname="PlayersWorlds.Maps.Maze.MazeGeneratorTest" runstate="Runnable" seed="607683427" result="Skipped" label="Ignored" start-time="2024-03-12T00:50:06.0672860Z" end-time="2024-03-12T00:50:06.0673340Z" duration="0.000048" asserts="0" />
                <test-case id="1-1526" name="IsFillComplete(PlayersWorlds.Maps.Maze.BinaryTreeMazeGenerator,FullHeight,Auto,System.Collections.Generic.List`1[PlayersWorlds.Maps.Areas.MapArea])" fullname="PlayersWorlds.Maps.Maze.MazeGeneratorTest.IsFillComplete(PlayersWorlds.Maps.Maze.BinaryTreeMazeGenerator,FullHeight,Auto,System.Collections.Generic.List`1[PlayersWorlds.Maps.Areas.MapArea])" methodname="IsFillComplete" classname="PlayersWorlds.Maps.Maze.MazeGeneratorTest" runstate="Runnable" seed="1638277708" result="Skipped" label="Ignored" start-time="2024-03-12T00:50:06.0673380Z" end-time="2024-03-12T00:50:06.0673880Z" duration="0.000051" asserts="0" />
                <test-case id="1-1527" name="IsFillComplete(PlayersWorlds.Maps.Maze.BinaryTreeMazeGenerator,FullHeight,Auto,System.Collections.Generic.List`1[PlayersWorlds.Maps.Areas.MapArea])" fullname="PlayersWorlds.Maps.Maze.MazeGeneratorTest.IsFillComplete(PlayersWorlds.Maps.Maze.BinaryTreeMazeGenerator,FullHeight,Auto,System.Collections.Generic.List`1[PlayersWorlds.Maps.Areas.MapArea])" methodname="IsFillComplete" classname="PlayersWorlds.Maps.Maze.MazeGeneratorTest" runstate="Runnable" seed="244016737" result="Skipped" label="Ignored" start-time="2024-03-12T00:50:06.0673930Z" end-time="2024-03-12T00:50:06.0674440Z" duration="0.000051" asserts="0" />
                <test-case id="1-1528" name="IsFillComplete(PlayersWorlds.Maps.Maze.BinaryTreeMazeGenerator,FullHeight,Auto,System.Collections.Generic.List`1[PlayersWorlds.Maps.Areas.MapArea])" fullname="PlayersWorlds.Maps.Maze.MazeGeneratorTest.IsFillComplete(PlayersWorlds.Maps.Maze.BinaryTreeMazeGenerator,FullHeight,Auto,System.Collections.Generic.List`1[PlayersWorlds.Maps.Areas.MapArea])" methodname="IsFillComplete" classname="PlayersWorlds.Maps.Maze.MazeGeneratorTest" runstate="Runnable" seed="1384252098" result="Skipped" label="Ignored" start-time="2024-03-12T00:50:06.0674490Z" end-time="2024-03-12T00:50:06.0675010Z" duration="0.000053" asserts="0" />
                <test-case id="1-1529" name="IsFillComplete(PlayersWorlds.Maps.Maze.BinaryTreeMazeGenerator,FullHeight,Manual,null)" fullname="PlayersWorlds.Maps.Maze.MazeGeneratorTest.IsFillComplete(PlayersWorlds.Maps.Maze.BinaryTreeMazeGenerator,FullHeight,Manual,null)" methodname="IsFillComplete" classname="PlayersWorlds.Maps.Maze.MazeGeneratorTest" runstate="Runnable" seed="1761653803" result="Skipped" label="Ignored" start-time="2024-03-12T00:50:06.0675060Z" end-time="2024-03-12T00:50:06.0675530Z" duration="0.000048" asserts="0" />
                <test-case id="1-1530" name="IsFillComplete(PlayersWorlds.Maps.Maze.BinaryTreeMazeGenerator,FullHeight,Manual,System.Collections.Generic.List`1[PlayersWorlds.Maps.Areas.MapArea])" fullname="PlayersWorlds.Maps.Maze.MazeGeneratorTest.IsFillComplete(PlayersWorlds.Maps.Maze.BinaryTreeMazeGenerator,FullHeight,Manual,System.Collections.Generic.List`1[PlayersWorlds.Maps.Areas.MapArea])" methodname="IsFillComplete" classname="PlayersWorlds.Maps.Maze.MazeGeneratorTest" runstate="Runnable" seed="701204744" result="Skipped" label="Ignored" start-time="2024-03-12T00:50:06.0675580Z" end-time="2024-03-12T00:50:06.0679150Z" duration="0.000357" asserts="0" />
                <test-case id="1-1531" name="IsFillComplete(PlayersWorlds.Maps.Maze.BinaryTreeMazeGenerator,FullHeight,Manual,System.Collections.Generic.List`1[PlayersWorlds.Maps.Areas.MapArea])" fullname="PlayersWorlds.Maps.Maze.MazeGeneratorTest.IsFillComplete(PlayersWorlds.Maps.Maze.BinaryTreeMazeGenerator,FullHeight,Manual,System.Collections.Generic.List`1[PlayersWorlds.Maps.Areas.MapArea])" methodname="IsFillComplete" classname="PlayersWorlds.Maps.Maze.MazeGeneratorTest" runstate="Runnable" seed="5423506" result="Skipped" label="Ignored" start-time="2024-03-12T00:50:06.0679210Z" end-time="2024-03-12T00:50:06.0679880Z" duration="0.000067" asserts="0" />
                <test-case id="1-1532" name="IsFillComplete(PlayersWorlds.Maps.Maze.BinaryTreeMazeGenerator,FullHeight,Manual,System.Collections.Generic.List`1[PlayersWorlds.Maps.Areas.MapArea])" fullname="PlayersWorlds.Maps.Maze.MazeGeneratorTest.IsFillComplete(PlayersWorlds.Maps.Maze.BinaryTreeMazeGenerator,FullHeight,Manual,System.Collections.Generic.List`1[PlayersWorlds.Maps.Areas.MapArea])" methodname="IsFillComplete" classname="PlayersWorlds.Maps.Maze.MazeGeneratorTest" runstate="Runnable" seed="1916010437" result="Skipped" label="Ignored" start-time="2024-03-12T00:50:06.0679930Z" end-time="2024-03-12T00:50:06.0680480Z" duration="0.000054" asserts="0" />
                <test-case id="1-1533" name="IsFillComplete(PlayersWorlds.Maps.Maze.BinaryTreeMazeGenerator,FullHeight,Manual,System.Collections.Generic.List`1[PlayersWorlds.Maps.Areas.MapArea])" fullname="PlayersWorlds.Maps.Maze.MazeGeneratorTest.IsFillComplete(PlayersWorlds.Maps.Maze.BinaryTreeMazeGenerator,FullHeight,Manual,System.Collections.Generic.List`1[PlayersWorlds.Maps.Areas.MapArea])" methodname="IsFillComplete" classname="PlayersWorlds.Maps.Maze.MazeGeneratorTest" runstate="Runnable" seed="1264107742" result="Skipped" label="Ignored" start-time="2024-03-12T00:50:06.0680520Z" end-time="2024-03-12T00:50:06.0681030Z" duration="0.000051" asserts="0" />
                <test-case id="1-1534" name="IsFillComplete(PlayersWorlds.Maps.Maze.BinaryTreeMazeGenerator,FullHeight,Manual,System.Collections.Generic.List`1[PlayersWorlds.Maps.Areas.MapArea])" fullname="PlayersWorlds.Maps.Maze.MazeGeneratorTest.IsFillComplete(PlayersWorlds.Maps.Maze.BinaryTreeMazeGenerator,FullHeight,Manual,System.Collections.Generic.List`1[PlayersWorlds.Maps.Areas.MapArea])" methodname="IsFillComplete" classname="PlayersWorlds.Maps.Maze.MazeGeneratorTest" runstate="Runnable" seed="384553732" result="Skipped" label="Ignored" start-time="2024-03-12T00:50:06.0681070Z" end-time="2024-03-12T00:50:06.0681610Z" duration="0.000053" asserts="0" />
                <test-case id="1-1535" name="IsFillComplete(PlayersWorlds.Maps.Maze.BinaryTreeMazeGenerator,Full,Auto,null)" fullname="PlayersWorlds.Maps.Maze.MazeGeneratorTest.IsFillComplete(PlayersWorlds.Maps.Maze.BinaryTreeMazeGenerator,Full,Auto,null)" methodname="IsFillComplete" classname="PlayersWorlds.Maps.Maze.MazeGeneratorTest" runstate="Runnable" seed="360531927" result="Passed" start-time="2024-03-12T00:50:06.0681650Z" end-time="2024-03-12T00:50:06.0927470Z" duration="0.024583" asserts="3" />
                <test-case id="1-1536" name="IsFillComplete(PlayersWorlds.Maps.Maze.BinaryTreeMazeGenerator,Full,Auto,System.Collections.Generic.List`1[PlayersWorlds.Maps.Areas.MapArea])" fullname="PlayersWorlds.Maps.Maze.MazeGeneratorTest.IsFillComplete(PlayersWorlds.Maps.Maze.BinaryTreeMazeGenerator,Full,Auto,System.Collections.Generic.List`1[PlayersWorlds.Maps.Areas.MapArea])" methodname="IsFillComplete" classname="PlayersWorlds.Maps.Maze.MazeGeneratorTest" runstate="Runnable" seed="1318435038" result="Passed" start-time="2024-03-12T00:50:06.0927560Z" end-time="2024-03-12T00:50:06.0977850Z" duration="0.005029" asserts="3" />
                <test-case id="1-1537" name="IsFillComplete(PlayersWorlds.Maps.Maze.BinaryTreeMazeGenerator,Full,Auto,System.Collections.Generic.List`1[PlayersWorlds.Maps.Areas.MapArea])" fullname="PlayersWorlds.Maps.Maze.MazeGeneratorTest.IsFillComplete(PlayersWorlds.Maps.Maze.BinaryTreeMazeGenerator,Full,Auto,System.Collections.Generic.List`1[PlayersWorlds.Maps.Areas.MapArea])" methodname="IsFillComplete" classname="PlayersWorlds.Maps.Maze.MazeGeneratorTest" runstate="Runnable" seed="276432508" result="Passed" start-time="2024-03-12T00:50:06.0977930Z" end-time="2024-03-12T00:50:06.5242690Z" duration="0.426476" asserts="3" />
                <test-case id="1-1538" name="IsFillComplete(PlayersWorlds.Maps.Maze.BinaryTreeMazeGenerator,Full,Auto,System.Collections.Generic.List`1[PlayersWorlds.Maps.Areas.MapArea])" fullname="PlayersWorlds.Maps.Maze.MazeGeneratorTest.IsFillComplete(PlayersWorlds.Maps.Maze.BinaryTreeMazeGenerator,Full,Auto,System.Collections.Generic.List`1[PlayersWorlds.Maps.Areas.MapArea])" methodname="IsFillComplete" classname="PlayersWorlds.Maps.Maze.MazeGeneratorTest" runstate="Runnable" seed="1139220881" result="Passed" start-time="2024-03-12T00:50:06.5242760Z" end-time="2024-03-12T00:50:06.5296140Z" duration="0.005337" asserts="3" />
                <test-case id="1-1539" name="IsFillComplete(PlayersWorlds.Maps.Maze.BinaryTreeMazeGenerator,Full,Auto,System.Collections.Generic.List`1[PlayersWorlds.Maps.Areas.MapArea])" fullname="PlayersWorlds.Maps.Maze.MazeGeneratorTest.IsFillComplete(PlayersWorlds.Maps.Maze.BinaryTreeMazeGenerator,Full,Auto,System.Collections.Generic.List`1[PlayersWorlds.Maps.Areas.MapArea])" methodname="IsFillComplete" classname="PlayersWorlds.Maps.Maze.MazeGeneratorTest" runstate="Runnable" seed="1711359072" result="Passed" start-time="2024-03-12T00:50:06.5296240Z" end-time="2024-03-12T00:50:06.5400440Z" duration="0.010420" asserts="3" />
                <test-case id="1-1540" name="IsFillComplete(PlayersWorlds.Maps.Maze.BinaryTreeMazeGenerator,Full,Auto,System.Collections.Generic.List`1[PlayersWorlds.Maps.Areas.MapArea])" fullname="PlayersWorlds.Maps.Maze.MazeGeneratorTest.IsFillComplete(PlayersWorlds.Maps.Maze.BinaryTreeMazeGenerator,Full,Auto,System.Collections.Generic.List`1[PlayersWorlds.Maps.Areas.MapArea])" methodname="IsFillComplete" classname="PlayersWorlds.Maps.Maze.MazeGeneratorTest" runstate="Runnable" seed="619909594" result="Passed" start-time="2024-03-12T00:50:06.5400630Z" end-time="2024-03-12T00:50:06.5506660Z" duration="0.010604" asserts="3" />
                <test-case id="1-1541" name="IsFillComplete(PlayersWorlds.Maps.Maze.BinaryTreeMazeGenerator,Full,Manual,null)" fullname="PlayersWorlds.Maps.Maze.MazeGeneratorTest.IsFillComplete(PlayersWorlds.Maps.Maze.BinaryTreeMazeGenerator,Full,Manual,null)" methodname="IsFillComplete" classname="PlayersWorlds.Maps.Maze.MazeGeneratorTest" runstate="Runnable" seed="1781581214" result="Passed" start-time="2024-03-12T00:50:06.5506840Z" end-time="2024-03-12T00:50:06.5532380Z" duration="0.002555" asserts="3" />
                <test-case id="1-1542" name="IsFillComplete(PlayersWorlds.Maps.Maze.BinaryTreeMazeGenerator,Full,Manual,System.Collections.Generic.List`1[PlayersWorlds.Maps.Areas.MapArea])" fullname="PlayersWorlds.Maps.Maze.MazeGeneratorTest.IsFillComplete(PlayersWorlds.Maps.Maze.BinaryTreeMazeGenerator,Full,Manual,System.Collections.Generic.List`1[PlayersWorlds.Maps.Areas.MapArea])" methodname="IsFillComplete" classname="PlayersWorlds.Maps.Maze.MazeGeneratorTest" runstate="Runnable" seed="1345512295" result="Passed" start-time="2024-03-12T00:50:06.5532470Z" end-time="2024-03-12T00:50:06.5554390Z" duration="0.002191" asserts="3" />
                <test-case id="1-1543" name="IsFillComplete(PlayersWorlds.Maps.Maze.BinaryTreeMazeGenerator,Full,Manual,System.Collections.Generic.List`1[PlayersWorlds.Maps.Areas.MapArea])" fullname="PlayersWorlds.Maps.Maze.MazeGeneratorTest.IsFillComplete(PlayersWorlds.Maps.Maze.BinaryTreeMazeGenerator,Full,Manual,System.Collections.Generic.List`1[PlayersWorlds.Maps.Areas.MapArea])" methodname="IsFillComplete" classname="PlayersWorlds.Maps.Maze.MazeGeneratorTest" runstate="Runnable" seed="1684378195" result="Passed" start-time="2024-03-12T00:50:06.5554480Z" end-time="2024-03-12T00:50:06.5582770Z" duration="0.002830" asserts="3" />
                <test-case id="1-1544" name="IsFillComplete(PlayersWorlds.Maps.Maze.BinaryTreeMazeGenerator,Full,Manual,System.Collections.Generic.List`1[PlayersWorlds.Maps.Areas.MapArea])" fullname="PlayersWorlds.Maps.Maze.MazeGeneratorTest.IsFillComplete(PlayersWorlds.Maps.Maze.BinaryTreeMazeGenerator,Full,Manual,System.Collections.Generic.List`1[PlayersWorlds.Maps.Areas.MapArea])" methodname="IsFillComplete" classname="PlayersWorlds.Maps.Maze.MazeGeneratorTest" runstate="Runnable" seed="1089981272" result="Passed" start-time="2024-03-12T00:50:06.5582880Z" end-time="2024-03-12T00:50:06.5615110Z" duration="0.003223" asserts="3" />
                <test-case id="1-1545" name="IsFillComplete(PlayersWorlds.Maps.Maze.BinaryTreeMazeGenerator,Full,Manual,System.Collections.Generic.List`1[PlayersWorlds.Maps.Areas.MapArea])" fullname="PlayersWorlds.Maps.Maze.MazeGeneratorTest.IsFillComplete(PlayersWorlds.Maps.Maze.BinaryTreeMazeGenerator,Full,Manual,System.Collections.Generic.List`1[PlayersWorlds.Maps.Areas.MapArea])" methodname="IsFillComplete" classname="PlayersWorlds.Maps.Maze.MazeGeneratorTest" runstate="Runnable" seed="1092762026" result="Passed" start-time="2024-03-12T00:50:06.5615220Z" end-time="2024-03-12T00:50:06.5655270Z" duration="0.004005" asserts="3" />
                <test-case id="1-1546" name="IsFillComplete(PlayersWorlds.Maps.Maze.BinaryTreeMazeGenerator,Full,Manual,System.Collections.Generic.List`1[PlayersWorlds.Maps.Areas.MapArea])" fullname="PlayersWorlds.Maps.Maze.MazeGeneratorTest.IsFillComplete(PlayersWorlds.Maps.Maze.BinaryTreeMazeGenerator,Full,Manual,System.Collections.Generic.List`1[PlayersWorlds.Maps.Areas.MapArea])" methodname="IsFillComplete" classname="PlayersWorlds.Maps.Maze.MazeGeneratorTest" runstate="Runnable" seed="2047155029" result="Passed" start-time="2024-03-12T00:50:06.5655370Z" end-time="2024-03-12T00:50:06.5708880Z" duration="0.005351" asserts="3" />
                <test-case id="1-1547" name="IsFillComplete(PlayersWorlds.Maps.Maze.HuntAndKillMazeGenerator,Quarter,Auto,null)" fullname="PlayersWorlds.Maps.Maze.MazeGeneratorTest.IsFillComplete(PlayersWorlds.Maps.Maze.HuntAndKillMazeGenerator,Quarter,Auto,null)" methodname="IsFillComplete" classname="PlayersWorlds.Maps.Maze.MazeGeneratorTest" runstate="Runnable" seed="734819229" result="Passed" start-time="2024-03-12T00:50:06.5708980Z" end-time="2024-03-12T00:50:06.6440800Z" duration="0.073182" asserts="3" />
                <test-case id="1-1548" name="IsFillComplete(PlayersWorlds.Maps.Maze.HuntAndKillMazeGenerator,Quarter,Auto,System.Collections.Generic.List`1[PlayersWorlds.Maps.Areas.MapArea])" fullname="PlayersWorlds.Maps.Maze.MazeGeneratorTest.IsFillComplete(PlayersWorlds.Maps.Maze.HuntAndKillMazeGenerator,Quarter,Auto,System.Collections.Generic.List`1[PlayersWorlds.Maps.Areas.MapArea])" methodname="IsFillComplete" classname="PlayersWorlds.Maps.Maze.MazeGeneratorTest" runstate="Runnable" seed="14635043" result="Passed" start-time="2024-03-12T00:50:06.6440910Z" end-time="2024-03-12T00:50:06.6914020Z" duration="0.047311" asserts="3" />
                <test-case id="1-1549" name="IsFillComplete(PlayersWorlds.Maps.Maze.HuntAndKillMazeGenerator,Quarter,Auto,System.Collections.Generic.List`1[PlayersWorlds.Maps.Areas.MapArea])" fullname="PlayersWorlds.Maps.Maze.MazeGeneratorTest.IsFillComplete(PlayersWorlds.Maps.Maze.HuntAndKillMazeGenerator,Quarter,Auto,System.Collections.Generic.List`1[PlayersWorlds.Maps.Areas.MapArea])" methodname="IsFillComplete" classname="PlayersWorlds.Maps.Maze.MazeGeneratorTest" runstate="Runnable" seed="1238419810" result="Passed" start-time="2024-03-12T00:50:06.6914120Z" end-time="2024-03-12T00:50:06.7251950Z" duration="0.033783" asserts="3" />
                <test-case id="1-1550" name="IsFillComplete(PlayersWorlds.Maps.Maze.HuntAndKillMazeGenerator,Quarter,Auto,System.Collections.Generic.List`1[PlayersWorlds.Maps.Areas.MapArea])" fullname="PlayersWorlds.Maps.Maze.MazeGeneratorTest.IsFillComplete(PlayersWorlds.Maps.Maze.HuntAndKillMazeGenerator,Quarter,Auto,System.Collections.Generic.List`1[PlayersWorlds.Maps.Areas.MapArea])" methodname="IsFillComplete" classname="PlayersWorlds.Maps.Maze.MazeGeneratorTest" runstate="Runnable" seed="889345199" result="Passed" start-time="2024-03-12T00:50:06.7252050Z" end-time="2024-03-12T00:50:06.9735070Z" duration="0.248301" asserts="3" />
                <test-case id="1-1551" name="IsFillComplete(PlayersWorlds.Maps.Maze.HuntAndKillMazeGenerator,Quarter,Auto,System.Collections.Generic.List`1[PlayersWorlds.Maps.Areas.MapArea])" fullname="PlayersWorlds.Maps.Maze.MazeGeneratorTest.IsFillComplete(PlayersWorlds.Maps.Maze.HuntAndKillMazeGenerator,Quarter,Auto,System.Collections.Generic.List`1[PlayersWorlds.Maps.Areas.MapArea])" methodname="IsFillComplete" classname="PlayersWorlds.Maps.Maze.MazeGeneratorTest" runstate="Runnable" seed="790489852" result="Passed" start-time="2024-03-12T00:50:06.9735210Z" end-time="2024-03-12T00:50:06.9870100Z" duration="0.013489" asserts="3" />
                <test-case id="1-1552" name="IsFillComplete(PlayersWorlds.Maps.Maze.HuntAndKillMazeGenerator,Quarter,Auto,System.Collections.Generic.List`1[PlayersWorlds.Maps.Areas.MapArea])" fullname="PlayersWorlds.Maps.Maze.MazeGeneratorTest.IsFillComplete(PlayersWorlds.Maps.Maze.HuntAndKillMazeGenerator,Quarter,Auto,System.Collections.Generic.List`1[PlayersWorlds.Maps.Areas.MapArea])" methodname="IsFillComplete" classname="PlayersWorlds.Maps.Maze.MazeGeneratorTest" runstate="Runnable" seed="1705926131" result="Passed" start-time="2024-03-12T00:50:06.9870230Z" end-time="2024-03-12T00:50:07.0337920Z" duration="0.046769" asserts="3" />
                <test-case id="1-1553" name="IsFillComplete(PlayersWorlds.Maps.Maze.HuntAndKillMazeGenerator,Quarter,Manual,null)" fullname="PlayersWorlds.Maps.Maze.MazeGeneratorTest.IsFillComplete(PlayersWorlds.Maps.Maze.HuntAndKillMazeGenerator,Quarter,Manual,null)" methodname="IsFillComplete" classname="PlayersWorlds.Maps.Maze.MazeGeneratorTest" runstate="Runnable" seed="527031648" result="Passed" start-time="2024-03-12T00:50:07.0338110Z" end-time="2024-03-12T00:50:07.0350980Z" duration="0.001287" asserts="3" />
                <test-case id="1-1554" name="IsFillComplete(PlayersWorlds.Maps.Maze.HuntAndKillMazeGenerator,Quarter,Manual,System.Collections.Generic.List`1[PlayersWorlds.Maps.Areas.MapArea])" fullname="PlayersWorlds.Maps.Maze.MazeGeneratorTest.IsFillComplete(PlayersWorlds.Maps.Maze.HuntAndKillMazeGenerator,Quarter,Manual,System.Collections.Generic.List`1[PlayersWorlds.Maps.Areas.MapArea])" methodname="IsFillComplete" classname="PlayersWorlds.Maps.Maze.MazeGeneratorTest" runstate="Runnable" seed="60678607" result="Passed" start-time="2024-03-12T00:50:07.0351080Z" end-time="2024-03-12T00:50:07.0364050Z" duration="0.001297" asserts="3" />
                <test-case id="1-1555" name="IsFillComplete(PlayersWorlds.Maps.Maze.HuntAndKillMazeGenerator,Quarter,Manual,System.Collections.Generic.List`1[PlayersWorlds.Maps.Areas.MapArea])" fullname="PlayersWorlds.Maps.Maze.MazeGeneratorTest.IsFillComplete(PlayersWorlds.Maps.Maze.HuntAndKillMazeGenerator,Quarter,Manual,System.Collections.Generic.List`1[PlayersWorlds.Maps.Areas.MapArea])" methodname="IsFillComplete" classname="PlayersWorlds.Maps.Maze.MazeGeneratorTest" runstate="Runnable" seed="1630071461" result="Passed" start-time="2024-03-12T00:50:07.0364140Z" end-time="2024-03-12T00:50:07.0383500Z" duration="0.001936" asserts="3" />
                <test-case id="1-1556" name="IsFillComplete(PlayersWorlds.Maps.Maze.HuntAndKillMazeGenerator,Quarter,Manual,System.Collections.Generic.List`1[PlayersWorlds.Maps.Areas.MapArea])" fullname="PlayersWorlds.Maps.Maze.MazeGeneratorTest.IsFillComplete(PlayersWorlds.Maps.Maze.HuntAndKillMazeGenerator,Quarter,Manual,System.Collections.Generic.List`1[PlayersWorlds.Maps.Areas.MapArea])" methodname="IsFillComplete" classname="PlayersWorlds.Maps.Maze.MazeGeneratorTest" runstate="Runnable" seed="1329674866" result="Passed" start-time="2024-03-12T00:50:07.0383590Z" end-time="2024-03-12T00:50:07.0409420Z" duration="0.002583" asserts="3" />
                <test-case id="1-1557" name="IsFillComplete(PlayersWorlds.Maps.Maze.HuntAndKillMazeGenerator,Quarter,Manual,System.Collections.Generic.List`1[PlayersWorlds.Maps.Areas.MapArea])" fullname="PlayersWorlds.Maps.Maze.MazeGeneratorTest.IsFillComplete(PlayersWorlds.Maps.Maze.HuntAndKillMazeGenerator,Quarter,Manual,System.Collections.Generic.List`1[PlayersWorlds.Maps.Areas.MapArea])" methodname="IsFillComplete" classname="PlayersWorlds.Maps.Maze.MazeGeneratorTest" runstate="Runnable" seed="1677278568" result="Passed" start-time="2024-03-12T00:50:07.0409530Z" end-time="2024-03-12T00:50:07.0452360Z" duration="0.004283" asserts="3" />
                <test-case id="1-1558" name="IsFillComplete(PlayersWorlds.Maps.Maze.HuntAndKillMazeGenerator,Quarter,Manual,System.Collections.Generic.List`1[PlayersWorlds.Maps.Areas.MapArea])" fullname="PlayersWorlds.Maps.Maze.MazeGeneratorTest.IsFillComplete(PlayersWorlds.Maps.Maze.HuntAndKillMazeGenerator,Quarter,Manual,System.Collections.Generic.List`1[PlayersWorlds.Maps.Areas.MapArea])" methodname="IsFillComplete" classname="PlayersWorlds.Maps.Maze.MazeGeneratorTest" runstate="Runnable" seed="1979414257" result="Passed" start-time="2024-03-12T00:50:07.0452460Z" end-time="2024-03-12T00:50:07.0509400Z" duration="0.005694" asserts="3" />
                <test-case id="1-1559" name="IsFillComplete(PlayersWorlds.Maps.Maze.HuntAndKillMazeGenerator,Half,Auto,null)" fullname="PlayersWorlds.Maps.Maze.MazeGeneratorTest.IsFillComplete(PlayersWorlds.Maps.Maze.HuntAndKillMazeGenerator,Half,Auto,null)" methodname="IsFillComplete" classname="PlayersWorlds.Maps.Maze.MazeGeneratorTest" runstate="Runnable" seed="2053785446" result="Passed" start-time="2024-03-12T00:50:07.0509580Z" end-time="2024-03-12T00:50:07.0542370Z" duration="0.003279" asserts="3" />
                <test-case id="1-1560" name="IsFillComplete(PlayersWorlds.Maps.Maze.HuntAndKillMazeGenerator,Half,Auto,System.Collections.Generic.List`1[PlayersWorlds.Maps.Areas.MapArea])" fullname="PlayersWorlds.Maps.Maze.MazeGeneratorTest.IsFillComplete(PlayersWorlds.Maps.Maze.HuntAndKillMazeGenerator,Half,Auto,System.Collections.Generic.List`1[PlayersWorlds.Maps.Areas.MapArea])" methodname="IsFillComplete" classname="PlayersWorlds.Maps.Maze.MazeGeneratorTest" runstate="Runnable" seed="364786246" result="Passed" start-time="2024-03-12T00:50:07.0542470Z" end-time="2024-03-12T00:50:07.0555870Z" duration="0.001340" asserts="3" />
                <test-case id="1-1561" name="IsFillComplete(PlayersWorlds.Maps.Maze.HuntAndKillMazeGenerator,Half,Auto,System.Collections.Generic.List`1[PlayersWorlds.Maps.Areas.MapArea])" fullname="PlayersWorlds.Maps.Maze.MazeGeneratorTest.IsFillComplete(PlayersWorlds.Maps.Maze.HuntAndKillMazeGenerator,Half,Auto,System.Collections.Generic.List`1[PlayersWorlds.Maps.Areas.MapArea])" methodname="IsFillComplete" classname="PlayersWorlds.Maps.Maze.MazeGeneratorTest" runstate="Runnable" seed="397628239" result="Passed" start-time="2024-03-12T00:50:07.0555970Z" end-time="2024-03-12T00:50:07.1412820Z" duration="0.085685" asserts="3" />
                <test-case id="1-1562" name="IsFillComplete(PlayersWorlds.Maps.Maze.HuntAndKillMazeGenerator,Half,Auto,System.Collections.Generic.List`1[PlayersWorlds.Maps.Areas.MapArea])" fullname="PlayersWorlds.Maps.Maze.MazeGeneratorTest.IsFillComplete(PlayersWorlds.Maps.Maze.HuntAndKillMazeGenerator,Half,Auto,System.Collections.Generic.List`1[PlayersWorlds.Maps.Areas.MapArea])" methodname="IsFillComplete" classname="PlayersWorlds.Maps.Maze.MazeGeneratorTest" runstate="Runnable" seed="1721301224" result="Passed" start-time="2024-03-12T00:50:07.1412930Z" end-time="2024-03-12T00:50:07.1708090Z" duration="0.029517" asserts="3" />
                <test-case id="1-1563" name="IsFillComplete(PlayersWorlds.Maps.Maze.HuntAndKillMazeGenerator,Half,Auto,System.Collections.Generic.List`1[PlayersWorlds.Maps.Areas.MapArea])" fullname="PlayersWorlds.Maps.Maze.MazeGeneratorTest.IsFillComplete(PlayersWorlds.Maps.Maze.HuntAndKillMazeGenerator,Half,Auto,System.Collections.Generic.List`1[PlayersWorlds.Maps.Areas.MapArea])" methodname="IsFillComplete" classname="PlayersWorlds.Maps.Maze.MazeGeneratorTest" runstate="Runnable" seed="2096914548" result="Passed" start-time="2024-03-12T00:50:07.1708220Z" end-time="2024-03-12T00:50:07.1838610Z" duration="0.013039" asserts="3" />
                <test-case id="1-1564" name="IsFillComplete(PlayersWorlds.Maps.Maze.HuntAndKillMazeGenerator,Half,Auto,System.Collections.Generic.List`1[PlayersWorlds.Maps.Areas.MapArea])" fullname="PlayersWorlds.Maps.Maze.MazeGeneratorTest.IsFillComplete(PlayersWorlds.Maps.Maze.HuntAndKillMazeGenerator,Half,Auto,System.Collections.Generic.List`1[PlayersWorlds.Maps.Areas.MapArea])" methodname="IsFillComplete" classname="PlayersWorlds.Maps.Maze.MazeGeneratorTest" runstate="Runnable" seed="1329232507" result="Passed" start-time="2024-03-12T00:50:07.1838790Z" end-time="2024-03-12T00:50:07.2307640Z" duration="0.046885" asserts="3" />
                <test-case id="1-1565" name="IsFillComplete(PlayersWorlds.Maps.Maze.HuntAndKillMazeGenerator,Half,Manual,null)" fullname="PlayersWorlds.Maps.Maze.MazeGeneratorTest.IsFillComplete(PlayersWorlds.Maps.Maze.HuntAndKillMazeGenerator,Half,Manual,null)" methodname="IsFillComplete" classname="PlayersWorlds.Maps.Maze.MazeGeneratorTest" runstate="Runnable" seed="1372363376" result="Passed" start-time="2024-03-12T00:50:07.2307830Z" end-time="2024-03-12T00:50:07.2321370Z" duration="0.001354" asserts="3" />
                <test-case id="1-1566" name="IsFillComplete(PlayersWorlds.Maps.Maze.HuntAndKillMazeGenerator,Half,Manual,System.Collections.Generic.List`1[PlayersWorlds.Maps.Areas.MapArea])" fullname="PlayersWorlds.Maps.Maze.MazeGeneratorTest.IsFillComplete(PlayersWorlds.Maps.Maze.HuntAndKillMazeGenerator,Half,Manual,System.Collections.Generic.List`1[PlayersWorlds.Maps.Areas.MapArea])" methodname="IsFillComplete" classname="PlayersWorlds.Maps.Maze.MazeGeneratorTest" runstate="Runnable" seed="1153480443" result="Passed" start-time="2024-03-12T00:50:07.2321460Z" end-time="2024-03-12T00:50:07.2335110Z" duration="0.001364" asserts="3" />
                <test-case id="1-1567" name="IsFillComplete(PlayersWorlds.Maps.Maze.HuntAndKillMazeGenerator,Half,Manual,System.Collections.Generic.List`1[PlayersWorlds.Maps.Areas.MapArea])" fullname="PlayersWorlds.Maps.Maze.MazeGeneratorTest.IsFillComplete(PlayersWorlds.Maps.Maze.HuntAndKillMazeGenerator,Half,Manual,System.Collections.Generic.List`1[PlayersWorlds.Maps.Areas.MapArea])" methodname="IsFillComplete" classname="PlayersWorlds.Maps.Maze.MazeGeneratorTest" runstate="Runnable" seed="822017811" result="Passed" start-time="2024-03-12T00:50:07.2335190Z" end-time="2024-03-12T00:50:07.2357790Z" duration="0.002260" asserts="3" />
                <test-case id="1-1568" name="IsFillComplete(PlayersWorlds.Maps.Maze.HuntAndKillMazeGenerator,Half,Manual,System.Collections.Generic.List`1[PlayersWorlds.Maps.Areas.MapArea])" fullname="PlayersWorlds.Maps.Maze.MazeGeneratorTest.IsFillComplete(PlayersWorlds.Maps.Maze.HuntAndKillMazeGenerator,Half,Manual,System.Collections.Generic.List`1[PlayersWorlds.Maps.Areas.MapArea])" methodname="IsFillComplete" classname="PlayersWorlds.Maps.Maze.MazeGeneratorTest" runstate="Runnable" seed="828244972" result="Passed" start-time="2024-03-12T00:50:07.2357890Z" end-time="2024-03-12T00:50:07.2379240Z" duration="0.002135" asserts="3" />
                <test-case id="1-1569" name="IsFillComplete(PlayersWorlds.Maps.Maze.HuntAndKillMazeGenerator,Half,Manual,System.Collections.Generic.List`1[PlayersWorlds.Maps.Areas.MapArea])" fullname="PlayersWorlds.Maps.Maze.MazeGeneratorTest.IsFillComplete(PlayersWorlds.Maps.Maze.HuntAndKillMazeGenerator,Half,Manual,System.Collections.Generic.List`1[PlayersWorlds.Maps.Areas.MapArea])" methodname="IsFillComplete" classname="PlayersWorlds.Maps.Maze.MazeGeneratorTest" runstate="Runnable" seed="1560227230" result="Passed" start-time="2024-03-12T00:50:07.2379420Z" end-time="2024-03-12T00:50:07.2411860Z" duration="0.003245" asserts="3" />
                <test-case id="1-1570" name="IsFillComplete(PlayersWorlds.Maps.Maze.HuntAndKillMazeGenerator,Half,Manual,System.Collections.Generic.List`1[PlayersWorlds.Maps.Areas.MapArea])" fullname="PlayersWorlds.Maps.Maze.MazeGeneratorTest.IsFillComplete(PlayersWorlds.Maps.Maze.HuntAndKillMazeGenerator,Half,Manual,System.Collections.Generic.List`1[PlayersWorlds.Maps.Areas.MapArea])" methodname="IsFillComplete" classname="PlayersWorlds.Maps.Maze.MazeGeneratorTest" runstate="Runnable" seed="1482323422" result="Passed" start-time="2024-03-12T00:50:07.2411960Z" end-time="2024-03-12T00:50:07.2447010Z" duration="0.003505" asserts="3" />
                <test-case id="1-1571" name="IsFillComplete(PlayersWorlds.Maps.Maze.HuntAndKillMazeGenerator,ThreeQuarters,Auto,null)" fullname="PlayersWorlds.Maps.Maze.MazeGeneratorTest.IsFillComplete(PlayersWorlds.Maps.Maze.HuntAndKillMazeGenerator,ThreeQuarters,Auto,null)" methodname="IsFillComplete" classname="PlayersWorlds.Maps.Maze.MazeGeneratorTest" runstate="Runnable" seed="1909565883" result="Passed" start-time="2024-03-12T00:50:07.2447110Z" end-time="2024-03-12T00:50:07.2491060Z" duration="0.004395" asserts="3" />
                <test-case id="1-1572" name="IsFillComplete(PlayersWorlds.Maps.Maze.HuntAndKillMazeGenerator,ThreeQuarters,Auto,System.Collections.Generic.List`1[PlayersWorlds.Maps.Areas.MapArea])" fullname="PlayersWorlds.Maps.Maze.MazeGeneratorTest.IsFillComplete(PlayersWorlds.Maps.Maze.HuntAndKillMazeGenerator,ThreeQuarters,Auto,System.Collections.Generic.List`1[PlayersWorlds.Maps.Areas.MapArea])" methodname="IsFillComplete" classname="PlayersWorlds.Maps.Maze.MazeGeneratorTest" runstate="Runnable" seed="935206824" result="Passed" start-time="2024-03-12T00:50:07.2491160Z" end-time="2024-03-12T00:50:07.9178810Z" duration="0.668765" asserts="3" />
                <test-case id="1-1573" name="IsFillComplete(PlayersWorlds.Maps.Maze.HuntAndKillMazeGenerator,ThreeQuarters,Auto,System.Collections.Generic.List`1[PlayersWorlds.Maps.Areas.MapArea])" fullname="PlayersWorlds.Maps.Maze.MazeGeneratorTest.IsFillComplete(PlayersWorlds.Maps.Maze.HuntAndKillMazeGenerator,ThreeQuarters,Auto,System.Collections.Generic.List`1[PlayersWorlds.Maps.Areas.MapArea])" methodname="IsFillComplete" classname="PlayersWorlds.Maps.Maze.MazeGeneratorTest" runstate="Runnable" seed="274550710" result="Passed" start-time="2024-03-12T00:50:07.9178900Z" end-time="2024-03-12T00:50:07.9213400Z" duration="0.003451" asserts="3" />
                <test-case id="1-1574" name="IsFillComplete(PlayersWorlds.Maps.Maze.HuntAndKillMazeGenerator,ThreeQuarters,Auto,System.Collections.Generic.List`1[PlayersWorlds.Maps.Areas.MapArea])" fullname="PlayersWorlds.Maps.Maze.MazeGeneratorTest.IsFillComplete(PlayersWorlds.Maps.Maze.HuntAndKillMazeGenerator,ThreeQuarters,Auto,System.Collections.Generic.List`1[PlayersWorlds.Maps.Areas.MapArea])" methodname="IsFillComplete" classname="PlayersWorlds.Maps.Maze.MazeGeneratorTest" runstate="Runnable" seed="1722451041" result="Passed" start-time="2024-03-12T00:50:07.9213600Z" end-time="2024-03-12T00:50:07.9254550Z" duration="0.004096" asserts="3" />
                <test-case id="1-1575" name="IsFillComplete(PlayersWorlds.Maps.Maze.HuntAndKillMazeGenerator,ThreeQuarters,Auto,System.Collections.Generic.List`1[PlayersWorlds.Maps.Areas.MapArea])" fullname="PlayersWorlds.Maps.Maze.MazeGeneratorTest.IsFillComplete(PlayersWorlds.Maps.Maze.HuntAndKillMazeGenerator,ThreeQuarters,Auto,System.Collections.Generic.List`1[PlayersWorlds.Maps.Areas.MapArea])" methodname="IsFillComplete" classname="PlayersWorlds.Maps.Maze.MazeGeneratorTest" runstate="Runnable" seed="37149309" result="Passed" start-time="2024-03-12T00:50:07.9254750Z" end-time="2024-03-12T00:50:08.3526810Z" duration="0.427206" asserts="3" />
                <test-case id="1-1576" name="IsFillComplete(PlayersWorlds.Maps.Maze.HuntAndKillMazeGenerator,ThreeQuarters,Auto,System.Collections.Generic.List`1[PlayersWorlds.Maps.Areas.MapArea])" fullname="PlayersWorlds.Maps.Maze.MazeGeneratorTest.IsFillComplete(PlayersWorlds.Maps.Maze.HuntAndKillMazeGenerator,ThreeQuarters,Auto,System.Collections.Generic.List`1[PlayersWorlds.Maps.Areas.MapArea])" methodname="IsFillComplete" classname="PlayersWorlds.Maps.Maze.MazeGeneratorTest" runstate="Runnable" seed="1074791709" result="Passed" start-time="2024-03-12T00:50:08.3526900Z" end-time="2024-03-12T00:50:08.3710680Z" duration="0.018378" asserts="3" />
                <test-case id="1-1577" name="IsFillComplete(PlayersWorlds.Maps.Maze.HuntAndKillMazeGenerator,ThreeQuarters,Manual,null)" fullname="PlayersWorlds.Maps.Maze.MazeGeneratorTest.IsFillComplete(PlayersWorlds.Maps.Maze.HuntAndKillMazeGenerator,ThreeQuarters,Manual,null)" methodname="IsFillComplete" classname="PlayersWorlds.Maps.Maze.MazeGeneratorTest" runstate="Runnable" seed="788861579" result="Passed" start-time="2024-03-12T00:50:08.3710800Z" end-time="2024-03-12T00:50:08.3725240Z" duration="0.001444" asserts="3" />
                <test-case id="1-1578" name="IsFillComplete(PlayersWorlds.Maps.Maze.HuntAndKillMazeGenerator,ThreeQuarters,Manual,System.Collections.Generic.List`1[PlayersWorlds.Maps.Areas.MapArea])" fullname="PlayersWorlds.Maps.Maze.MazeGeneratorTest.IsFillComplete(PlayersWorlds.Maps.Maze.HuntAndKillMazeGenerator,ThreeQuarters,Manual,System.Collections.Generic.List`1[PlayersWorlds.Maps.Areas.MapArea])" methodname="IsFillComplete" classname="PlayersWorlds.Maps.Maze.MazeGeneratorTest" runstate="Runnable" seed="910363395" result="Passed" start-time="2024-03-12T00:50:08.3725330Z" end-time="2024-03-12T00:50:08.3743320Z" duration="0.001799" asserts="3" />
                <test-case id="1-1579" name="IsFillComplete(PlayersWorlds.Maps.Maze.HuntAndKillMazeGenerator,ThreeQuarters,Manual,System.Collections.Generic.List`1[PlayersWorlds.Maps.Areas.MapArea])" fullname="PlayersWorlds.Maps.Maze.MazeGeneratorTest.IsFillComplete(PlayersWorlds.Maps.Maze.HuntAndKillMazeGenerator,ThreeQuarters,Manual,System.Collections.Generic.List`1[PlayersWorlds.Maps.Areas.MapArea])" methodname="IsFillComplete" classname="PlayersWorlds.Maps.Maze.MazeGeneratorTest" runstate="Runnable" seed="2130690080" result="Passed" start-time="2024-03-12T00:50:08.3743410Z" end-time="2024-03-12T00:50:08.3764800Z" duration="0.002139" asserts="3" />
                <test-case id="1-1580" name="IsFillComplete(PlayersWorlds.Maps.Maze.HuntAndKillMazeGenerator,ThreeQuarters,Manual,System.Collections.Generic.List`1[PlayersWorlds.Maps.Areas.MapArea])" fullname="PlayersWorlds.Maps.Maze.MazeGeneratorTest.IsFillComplete(PlayersWorlds.Maps.Maze.HuntAndKillMazeGenerator,ThreeQuarters,Manual,System.Collections.Generic.List`1[PlayersWorlds.Maps.Areas.MapArea])" methodname="IsFillComplete" classname="PlayersWorlds.Maps.Maze.MazeGeneratorTest" runstate="Runnable" seed="708012045" result="Passed" start-time="2024-03-12T00:50:08.3764890Z" end-time="2024-03-12T00:50:08.3787280Z" duration="0.002239" asserts="3" />
                <test-case id="1-1581" name="IsFillComplete(PlayersWorlds.Maps.Maze.HuntAndKillMazeGenerator,ThreeQuarters,Manual,System.Collections.Generic.List`1[PlayersWorlds.Maps.Areas.MapArea])" fullname="PlayersWorlds.Maps.Maze.MazeGeneratorTest.IsFillComplete(PlayersWorlds.Maps.Maze.HuntAndKillMazeGenerator,ThreeQuarters,Manual,System.Collections.Generic.List`1[PlayersWorlds.Maps.Areas.MapArea])" methodname="IsFillComplete" classname="PlayersWorlds.Maps.Maze.MazeGeneratorTest" runstate="Runnable" seed="903458479" result="Passed" start-time="2024-03-12T00:50:08.3787370Z" end-time="2024-03-12T00:50:08.3835330Z" duration="0.004796" asserts="3" />
                <test-case id="1-1582" name="IsFillComplete(PlayersWorlds.Maps.Maze.HuntAndKillMazeGenerator,ThreeQuarters,Manual,System.Collections.Generic.List`1[PlayersWorlds.Maps.Areas.MapArea])" fullname="PlayersWorlds.Maps.Maze.MazeGeneratorTest.IsFillComplete(PlayersWorlds.Maps.Maze.HuntAndKillMazeGenerator,ThreeQuarters,Manual,System.Collections.Generic.List`1[PlayersWorlds.Maps.Areas.MapArea])" methodname="IsFillComplete" classname="PlayersWorlds.Maps.Maze.MazeGeneratorTest" runstate="Runnable" seed="229381694" result="Passed" start-time="2024-03-12T00:50:08.3835520Z" end-time="2024-03-12T00:50:08.3878770Z" duration="0.004326" asserts="3" />
                <test-case id="1-1583" name="IsFillComplete(PlayersWorlds.Maps.Maze.HuntAndKillMazeGenerator,NinetyPercent,Auto,null)" fullname="PlayersWorlds.Maps.Maze.MazeGeneratorTest.IsFillComplete(PlayersWorlds.Maps.Maze.HuntAndKillMazeGenerator,NinetyPercent,Auto,null)" methodname="IsFillComplete" classname="PlayersWorlds.Maps.Maze.MazeGeneratorTest" runstate="Runnable" seed="145832288" result="Passed" start-time="2024-03-12T00:50:08.3878870Z" end-time="2024-03-12T00:50:08.4147300Z" duration="0.026843" asserts="3" />
                <test-case id="1-1584" name="IsFillComplete(PlayersWorlds.Maps.Maze.HuntAndKillMazeGenerator,NinetyPercent,Auto,System.Collections.Generic.List`1[PlayersWorlds.Maps.Areas.MapArea])" fullname="PlayersWorlds.Maps.Maze.MazeGeneratorTest.IsFillComplete(PlayersWorlds.Maps.Maze.HuntAndKillMazeGenerator,NinetyPercent,Auto,System.Collections.Generic.List`1[PlayersWorlds.Maps.Areas.MapArea])" methodname="IsFillComplete" classname="PlayersWorlds.Maps.Maze.MazeGeneratorTest" runstate="Runnable" seed="872308604" result="Passed" start-time="2024-03-12T00:50:08.4147410Z" end-time="2024-03-12T00:50:08.4546720Z" duration="0.039931" asserts="3" />
                <test-case id="1-1585" name="IsFillComplete(PlayersWorlds.Maps.Maze.HuntAndKillMazeGenerator,NinetyPercent,Auto,System.Collections.Generic.List`1[PlayersWorlds.Maps.Areas.MapArea])" fullname="PlayersWorlds.Maps.Maze.MazeGeneratorTest.IsFillComplete(PlayersWorlds.Maps.Maze.HuntAndKillMazeGenerator,NinetyPercent,Auto,System.Collections.Generic.List`1[PlayersWorlds.Maps.Areas.MapArea])" methodname="IsFillComplete" classname="PlayersWorlds.Maps.Maze.MazeGeneratorTest" runstate="Runnable" seed="2058198539" result="Passed" start-time="2024-03-12T00:50:08.4546900Z" end-time="2024-03-12T00:50:08.4691860Z" duration="0.014496" asserts="3" />
                <test-case id="1-1586" name="IsFillComplete(PlayersWorlds.Maps.Maze.HuntAndKillMazeGenerator,NinetyPercent,Auto,System.Collections.Generic.List`1[PlayersWorlds.Maps.Areas.MapArea])" fullname="PlayersWorlds.Maps.Maze.MazeGeneratorTest.IsFillComplete(PlayersWorlds.Maps.Maze.HuntAndKillMazeGenerator,NinetyPercent,Auto,System.Collections.Generic.List`1[PlayersWorlds.Maps.Areas.MapArea])" methodname="IsFillComplete" classname="PlayersWorlds.Maps.Maze.MazeGeneratorTest" runstate="Runnable" seed="446981022" result="Passed" start-time="2024-03-12T00:50:08.4692040Z" end-time="2024-03-12T00:50:08.8939380Z" duration="0.424735" asserts="3" />
                <test-case id="1-1587" name="IsFillComplete(PlayersWorlds.Maps.Maze.HuntAndKillMazeGenerator,NinetyPercent,Auto,System.Collections.Generic.List`1[PlayersWorlds.Maps.Areas.MapArea])" fullname="PlayersWorlds.Maps.Maze.MazeGeneratorTest.IsFillComplete(PlayersWorlds.Maps.Maze.HuntAndKillMazeGenerator,NinetyPercent,Auto,System.Collections.Generic.List`1[PlayersWorlds.Maps.Areas.MapArea])" methodname="IsFillComplete" classname="PlayersWorlds.Maps.Maze.MazeGeneratorTest" runstate="Runnable" seed="1388978789" result="Passed" start-time="2024-03-12T00:50:08.8939470Z" end-time="2024-03-12T00:50:08.9512950Z" duration="0.057347" asserts="3" />
                <test-case id="1-1588" name="IsFillComplete(PlayersWorlds.Maps.Maze.HuntAndKillMazeGenerator,NinetyPercent,Auto,System.Collections.Generic.List`1[PlayersWorlds.Maps.Areas.MapArea])" fullname="PlayersWorlds.Maps.Maze.MazeGeneratorTest.IsFillComplete(PlayersWorlds.Maps.Maze.HuntAndKillMazeGenerator,NinetyPercent,Auto,System.Collections.Generic.List`1[PlayersWorlds.Maps.Areas.MapArea])" methodname="IsFillComplete" classname="PlayersWorlds.Maps.Maze.MazeGeneratorTest" runstate="Runnable" seed="1203429135" result="Passed" start-time="2024-03-12T00:50:08.9513080Z" end-time="2024-03-12T00:50:08.9994130Z" duration="0.048104" asserts="3" />
                <test-case id="1-1589" name="IsFillComplete(PlayersWorlds.Maps.Maze.HuntAndKillMazeGenerator,NinetyPercent,Manual,null)" fullname="PlayersWorlds.Maps.Maze.MazeGeneratorTest.IsFillComplete(PlayersWorlds.Maps.Maze.HuntAndKillMazeGenerator,NinetyPercent,Manual,null)" methodname="IsFillComplete" classname="PlayersWorlds.Maps.Maze.MazeGeneratorTest" runstate="Runnable" seed="901965918" result="Passed" start-time="2024-03-12T00:50:08.9994240Z" end-time="2024-03-12T00:50:09.0009240Z" duration="0.001501" asserts="3" />
                <test-case id="1-1590" name="IsFillComplete(PlayersWorlds.Maps.Maze.HuntAndKillMazeGenerator,NinetyPercent,Manual,System.Collections.Generic.List`1[PlayersWorlds.Maps.Areas.MapArea])" fullname="PlayersWorlds.Maps.Maze.MazeGeneratorTest.IsFillComplete(PlayersWorlds.Maps.Maze.HuntAndKillMazeGenerator,NinetyPercent,Manual,System.Collections.Generic.List`1[PlayersWorlds.Maps.Areas.MapArea])" methodname="IsFillComplete" classname="PlayersWorlds.Maps.Maze.MazeGeneratorTest" runstate="Runnable" seed="1178340708" result="Passed" start-time="2024-03-12T00:50:09.0009330Z" end-time="2024-03-12T00:50:09.0024060Z" duration="0.001473" asserts="3" />
                <test-case id="1-1591" name="IsFillComplete(PlayersWorlds.Maps.Maze.HuntAndKillMazeGenerator,NinetyPercent,Manual,System.Collections.Generic.List`1[PlayersWorlds.Maps.Areas.MapArea])" fullname="PlayersWorlds.Maps.Maze.MazeGeneratorTest.IsFillComplete(PlayersWorlds.Maps.Maze.HuntAndKillMazeGenerator,NinetyPercent,Manual,System.Collections.Generic.List`1[PlayersWorlds.Maps.Areas.MapArea])" methodname="IsFillComplete" classname="PlayersWorlds.Maps.Maze.MazeGeneratorTest" runstate="Runnable" seed="1788640117" result="Passed" start-time="2024-03-12T00:50:09.0024140Z" end-time="2024-03-12T00:50:09.0049010Z" duration="0.002486" asserts="3" />
                <test-case id="1-1592" name="IsFillComplete(PlayersWorlds.Maps.Maze.HuntAndKillMazeGenerator,NinetyPercent,Manual,System.Collections.Generic.List`1[PlayersWorlds.Maps.Areas.MapArea])" fullname="PlayersWorlds.Maps.Maze.MazeGeneratorTest.IsFillComplete(PlayersWorlds.Maps.Maze.HuntAndKillMazeGenerator,NinetyPercent,Manual,System.Collections.Generic.List`1[PlayersWorlds.Maps.Areas.MapArea])" methodname="IsFillComplete" classname="PlayersWorlds.Maps.Maze.MazeGeneratorTest" runstate="Runnable" seed="444501898" result="Passed" start-time="2024-03-12T00:50:09.0049100Z" end-time="2024-03-12T00:50:09.0071640Z" duration="0.002254" asserts="3" />
                <test-case id="1-1593" name="IsFillComplete(PlayersWorlds.Maps.Maze.HuntAndKillMazeGenerator,NinetyPercent,Manual,System.Collections.Generic.List`1[PlayersWorlds.Maps.Areas.MapArea])" fullname="PlayersWorlds.Maps.Maze.MazeGeneratorTest.IsFillComplete(PlayersWorlds.Maps.Maze.HuntAndKillMazeGenerator,NinetyPercent,Manual,System.Collections.Generic.List`1[PlayersWorlds.Maps.Areas.MapArea])" methodname="IsFillComplete" classname="PlayersWorlds.Maps.Maze.MazeGeneratorTest" runstate="Runnable" seed="1232919082" result="Passed" start-time="2024-03-12T00:50:09.0071740Z" end-time="2024-03-12T00:50:09.0131220Z" duration="0.005949" asserts="3" />
                <test-case id="1-1594" name="IsFillComplete(PlayersWorlds.Maps.Maze.HuntAndKillMazeGenerator,NinetyPercent,Manual,System.Collections.Generic.List`1[PlayersWorlds.Maps.Areas.MapArea])" fullname="PlayersWorlds.Maps.Maze.MazeGeneratorTest.IsFillComplete(PlayersWorlds.Maps.Maze.HuntAndKillMazeGenerator,NinetyPercent,Manual,System.Collections.Generic.List`1[PlayersWorlds.Maps.Areas.MapArea])" methodname="IsFillComplete" classname="PlayersWorlds.Maps.Maze.MazeGeneratorTest" runstate="Runnable" seed="1346572826" result="Passed" start-time="2024-03-12T00:50:09.0131310Z" end-time="2024-03-12T00:50:09.0164150Z" duration="0.003284" asserts="3" />
                <test-case id="1-1595" name="IsFillComplete(PlayersWorlds.Maps.Maze.HuntAndKillMazeGenerator,FullWidth,Auto,null)" fullname="PlayersWorlds.Maps.Maze.MazeGeneratorTest.IsFillComplete(PlayersWorlds.Maps.Maze.HuntAndKillMazeGenerator,FullWidth,Auto,null)" methodname="IsFillComplete" classname="PlayersWorlds.Maps.Maze.MazeGeneratorTest" runstate="Runnable" seed="222281355" result="Passed" start-time="2024-03-12T00:50:09.0164250Z" end-time="2024-03-12T00:50:09.3129460Z" duration="0.296521" asserts="3" />
                <test-case id="1-1596" name="IsFillComplete(PlayersWorlds.Maps.Maze.HuntAndKillMazeGenerator,FullWidth,Auto,System.Collections.Generic.List`1[PlayersWorlds.Maps.Areas.MapArea])" fullname="PlayersWorlds.Maps.Maze.MazeGeneratorTest.IsFillComplete(PlayersWorlds.Maps.Maze.HuntAndKillMazeGenerator,FullWidth,Auto,System.Collections.Generic.List`1[PlayersWorlds.Maps.Areas.MapArea])" methodname="IsFillComplete" classname="PlayersWorlds.Maps.Maze.MazeGeneratorTest" runstate="Runnable" seed="60279990" result="Passed" start-time="2024-03-12T00:50:09.3129550Z" end-time="2024-03-12T00:50:09.3146090Z" duration="0.001654" asserts="3" />
                <test-case id="1-1597" name="IsFillComplete(PlayersWorlds.Maps.Maze.HuntAndKillMazeGenerator,FullWidth,Auto,System.Collections.Generic.List`1[PlayersWorlds.Maps.Areas.MapArea])" fullname="PlayersWorlds.Maps.Maze.MazeGeneratorTest.IsFillComplete(PlayersWorlds.Maps.Maze.HuntAndKillMazeGenerator,FullWidth,Auto,System.Collections.Generic.List`1[PlayersWorlds.Maps.Areas.MapArea])" methodname="IsFillComplete" classname="PlayersWorlds.Maps.Maze.MazeGeneratorTest" runstate="Runnable" seed="1396081394" result="Passed" start-time="2024-03-12T00:50:09.3146190Z" end-time="2024-03-12T00:50:09.3617730Z" duration="0.047155" asserts="3" />
                <test-case id="1-1598" name="IsFillComplete(PlayersWorlds.Maps.Maze.HuntAndKillMazeGenerator,FullWidth,Auto,System.Collections.Generic.List`1[PlayersWorlds.Maps.Areas.MapArea])" fullname="PlayersWorlds.Maps.Maze.MazeGeneratorTest.IsFillComplete(PlayersWorlds.Maps.Maze.HuntAndKillMazeGenerator,FullWidth,Auto,System.Collections.Generic.List`1[PlayersWorlds.Maps.Areas.MapArea])" methodname="IsFillComplete" classname="PlayersWorlds.Maps.Maze.MazeGeneratorTest" runstate="Runnable" seed="355145688" result="Passed" start-time="2024-03-12T00:50:09.3617850Z" end-time="2024-03-12T00:50:09.3764080Z" duration="0.014623" asserts="3" />
                <test-case id="1-1599" name="IsFillComplete(PlayersWorlds.Maps.Maze.HuntAndKillMazeGenerator,FullWidth,Auto,System.Collections.Generic.List`1[PlayersWorlds.Maps.Areas.MapArea])" fullname="PlayersWorlds.Maps.Maze.MazeGeneratorTest.IsFillComplete(PlayersWorlds.Maps.Maze.HuntAndKillMazeGenerator,FullWidth,Auto,System.Collections.Generic.List`1[PlayersWorlds.Maps.Areas.MapArea])" methodname="IsFillComplete" classname="PlayersWorlds.Maps.Maze.MazeGeneratorTest" runstate="Runnable" seed="1865101543" result="Passed" start-time="2024-03-12T00:50:09.3764270Z" end-time="2024-03-12T00:50:09.3900530Z" duration="0.013626" asserts="3" />
                <test-case id="1-1600" name="IsFillComplete(PlayersWorlds.Maps.Maze.HuntAndKillMazeGenerator,FullWidth,Auto,System.Collections.Generic.List`1[PlayersWorlds.Maps.Areas.MapArea])" fullname="PlayersWorlds.Maps.Maze.MazeGeneratorTest.IsFillComplete(PlayersWorlds.Maps.Maze.HuntAndKillMazeGenerator,FullWidth,Auto,System.Collections.Generic.List`1[PlayersWorlds.Maps.Areas.MapArea])" methodname="IsFillComplete" classname="PlayersWorlds.Maps.Maze.MazeGeneratorTest" runstate="Runnable" seed="2086765230" result="Passed" start-time="2024-03-12T00:50:09.3900630Z" end-time="2024-03-12T00:50:10.0463420Z" duration="0.656279" asserts="3" />
                <test-case id="1-1601" name="IsFillComplete(PlayersWorlds.Maps.Maze.HuntAndKillMazeGenerator,FullWidth,Manual,null)" fullname="PlayersWorlds.Maps.Maze.MazeGeneratorTest.IsFillComplete(PlayersWorlds.Maps.Maze.HuntAndKillMazeGenerator,FullWidth,Manual,null)" methodname="IsFillComplete" classname="PlayersWorlds.Maps.Maze.MazeGeneratorTest" runstate="Runnable" seed="1225137218" result="Passed" start-time="2024-03-12T00:50:10.0463520Z" end-time="2024-03-12T00:50:10.0476340Z" duration="0.001283" asserts="3" />
                <test-case id="1-1602" name="IsFillComplete(PlayersWorlds.Maps.Maze.HuntAndKillMazeGenerator,FullWidth,Manual,System.Collections.Generic.List`1[PlayersWorlds.Maps.Areas.MapArea])" fullname="PlayersWorlds.Maps.Maze.MazeGeneratorTest.IsFillComplete(PlayersWorlds.Maps.Maze.HuntAndKillMazeGenerator,FullWidth,Manual,System.Collections.Generic.List`1[PlayersWorlds.Maps.Areas.MapArea])" methodname="IsFillComplete" classname="PlayersWorlds.Maps.Maze.MazeGeneratorTest" runstate="Runnable" seed="2054057904" result="Passed" start-time="2024-03-12T00:50:10.0476410Z" end-time="2024-03-12T00:50:10.0491420Z" duration="0.001501" asserts="3" />
                <test-case id="1-1603" name="IsFillComplete(PlayersWorlds.Maps.Maze.HuntAndKillMazeGenerator,FullWidth,Manual,System.Collections.Generic.List`1[PlayersWorlds.Maps.Areas.MapArea])" fullname="PlayersWorlds.Maps.Maze.MazeGeneratorTest.IsFillComplete(PlayersWorlds.Maps.Maze.HuntAndKillMazeGenerator,FullWidth,Manual,System.Collections.Generic.List`1[PlayersWorlds.Maps.Areas.MapArea])" methodname="IsFillComplete" classname="PlayersWorlds.Maps.Maze.MazeGeneratorTest" runstate="Runnable" seed="601891460" result="Passed" start-time="2024-03-12T00:50:10.0491520Z" end-time="2024-03-12T00:50:10.0515370Z" duration="0.002386" asserts="3" />
                <test-case id="1-1604" name="IsFillComplete(PlayersWorlds.Maps.Maze.HuntAndKillMazeGenerator,FullWidth,Manual,System.Collections.Generic.List`1[PlayersWorlds.Maps.Areas.MapArea])" fullname="PlayersWorlds.Maps.Maze.MazeGeneratorTest.IsFillComplete(PlayersWorlds.Maps.Maze.HuntAndKillMazeGenerator,FullWidth,Manual,System.Collections.Generic.List`1[PlayersWorlds.Maps.Areas.MapArea])" methodname="IsFillComplete" classname="PlayersWorlds.Maps.Maze.MazeGeneratorTest" runstate="Runnable" seed="1903580035" result="Passed" start-time="2024-03-12T00:50:10.0515500Z" end-time="2024-03-12T00:50:10.0536720Z" duration="0.002122" asserts="3" />
                <test-case id="1-1605" name="IsFillComplete(PlayersWorlds.Maps.Maze.HuntAndKillMazeGenerator,FullWidth,Manual,System.Collections.Generic.List`1[PlayersWorlds.Maps.Areas.MapArea])" fullname="PlayersWorlds.Maps.Maze.MazeGeneratorTest.IsFillComplete(PlayersWorlds.Maps.Maze.HuntAndKillMazeGenerator,FullWidth,Manual,System.Collections.Generic.List`1[PlayersWorlds.Maps.Areas.MapArea])" methodname="IsFillComplete" classname="PlayersWorlds.Maps.Maze.MazeGeneratorTest" runstate="Runnable" seed="1127262963" result="Passed" start-time="2024-03-12T00:50:10.0536830Z" end-time="2024-03-12T00:50:10.0581210Z" duration="0.004438" asserts="3" />
                <test-case id="1-1606" name="IsFillComplete(PlayersWorlds.Maps.Maze.HuntAndKillMazeGenerator,FullWidth,Manual,System.Collections.Generic.List`1[PlayersWorlds.Maps.Areas.MapArea])" fullname="PlayersWorlds.Maps.Maze.MazeGeneratorTest.IsFillComplete(PlayersWorlds.Maps.Maze.HuntAndKillMazeGenerator,FullWidth,Manual,System.Collections.Generic.List`1[PlayersWorlds.Maps.Areas.MapArea])" methodname="IsFillComplete" classname="PlayersWorlds.Maps.Maze.MazeGeneratorTest" runstate="Runnable" seed="2002766675" result="Passed" start-time="2024-03-12T00:50:10.0581430Z" end-time="2024-03-12T00:50:10.0620490Z" duration="0.003906" asserts="3" />
                <test-case id="1-1607" name="IsFillComplete(PlayersWorlds.Maps.Maze.HuntAndKillMazeGenerator,FullHeight,Auto,null)" fullname="PlayersWorlds.Maps.Maze.MazeGeneratorTest.IsFillComplete(PlayersWorlds.Maps.Maze.HuntAndKillMazeGenerator,FullHeight,Auto,null)" methodname="IsFillComplete" classname="PlayersWorlds.Maps.Maze.MazeGeneratorTest" runstate="Runnable" seed="1431375421" result="Passed" start-time="2024-03-12T00:50:10.0620620Z" end-time="2024-03-12T00:50:10.0941560Z" duration="0.032094" asserts="3" />
                <test-case id="1-1608" name="IsFillComplete(PlayersWorlds.Maps.Maze.HuntAndKillMazeGenerator,FullHeight,Auto,System.Collections.Generic.List`1[PlayersWorlds.Maps.Areas.MapArea])" fullname="PlayersWorlds.Maps.Maze.MazeGeneratorTest.IsFillComplete(PlayersWorlds.Maps.Maze.HuntAndKillMazeGenerator,FullHeight,Auto,System.Collections.Generic.List`1[PlayersWorlds.Maps.Areas.MapArea])" methodname="IsFillComplete" classname="PlayersWorlds.Maps.Maze.MazeGeneratorTest" runstate="Runnable" seed="952064254" result="Passed" start-time="2024-03-12T00:50:10.0941740Z" end-time="2024-03-12T00:50:10.1147050Z" duration="0.020530" asserts="3" />
                <test-case id="1-1609" name="IsFillComplete(PlayersWorlds.Maps.Maze.HuntAndKillMazeGenerator,FullHeight,Auto,System.Collections.Generic.List`1[PlayersWorlds.Maps.Areas.MapArea])" fullname="PlayersWorlds.Maps.Maze.MazeGeneratorTest.IsFillComplete(PlayersWorlds.Maps.Maze.HuntAndKillMazeGenerator,FullHeight,Auto,System.Collections.Generic.List`1[PlayersWorlds.Maps.Areas.MapArea])" methodname="IsFillComplete" classname="PlayersWorlds.Maps.Maze.MazeGeneratorTest" runstate="Runnable" seed="23529298" result="Passed" start-time="2024-03-12T00:50:10.1147230Z" end-time="2024-03-12T00:50:11.0554320Z" duration="0.940709" asserts="3" />
                <test-case id="1-1610" name="IsFillComplete(PlayersWorlds.Maps.Maze.HuntAndKillMazeGenerator,FullHeight,Auto,System.Collections.Generic.List`1[PlayersWorlds.Maps.Areas.MapArea])" fullname="PlayersWorlds.Maps.Maze.MazeGeneratorTest.IsFillComplete(PlayersWorlds.Maps.Maze.HuntAndKillMazeGenerator,FullHeight,Auto,System.Collections.Generic.List`1[PlayersWorlds.Maps.Areas.MapArea])" methodname="IsFillComplete" classname="PlayersWorlds.Maps.Maze.MazeGeneratorTest" runstate="Runnable" seed="555279752" result="Passed" start-time="2024-03-12T00:50:11.0554410Z" end-time="2024-03-12T00:50:11.0791480Z" duration="0.023707" asserts="3" />
                <test-case id="1-1611" name="IsFillComplete(PlayersWorlds.Maps.Maze.HuntAndKillMazeGenerator,FullHeight,Auto,System.Collections.Generic.List`1[PlayersWorlds.Maps.Areas.MapArea])" fullname="PlayersWorlds.Maps.Maze.MazeGeneratorTest.IsFillComplete(PlayersWorlds.Maps.Maze.HuntAndKillMazeGenerator,FullHeight,Auto,System.Collections.Generic.List`1[PlayersWorlds.Maps.Areas.MapArea])" methodname="IsFillComplete" classname="PlayersWorlds.Maps.Maze.MazeGeneratorTest" runstate="Runnable" seed="540813287" result="Passed" start-time="2024-03-12T00:50:11.0791630Z" end-time="2024-03-12T00:50:11.1066310Z" duration="0.027469" asserts="3" />
                <test-case id="1-1612" name="IsFillComplete(PlayersWorlds.Maps.Maze.HuntAndKillMazeGenerator,FullHeight,Auto,System.Collections.Generic.List`1[PlayersWorlds.Maps.Areas.MapArea])" fullname="PlayersWorlds.Maps.Maze.MazeGeneratorTest.IsFillComplete(PlayersWorlds.Maps.Maze.HuntAndKillMazeGenerator,FullHeight,Auto,System.Collections.Generic.List`1[PlayersWorlds.Maps.Areas.MapArea])" methodname="IsFillComplete" classname="PlayersWorlds.Maps.Maze.MazeGeneratorTest" runstate="Runnable" seed="766915173" result="Passed" start-time="2024-03-12T00:50:11.1066420Z" end-time="2024-03-12T00:50:11.5666530Z" duration="0.460010" asserts="3" />
                <test-case id="1-1613" name="IsFillComplete(PlayersWorlds.Maps.Maze.HuntAndKillMazeGenerator,FullHeight,Manual,null)" fullname="PlayersWorlds.Maps.Maze.MazeGeneratorTest.IsFillComplete(PlayersWorlds.Maps.Maze.HuntAndKillMazeGenerator,FullHeight,Manual,null)" methodname="IsFillComplete" classname="PlayersWorlds.Maps.Maze.MazeGeneratorTest" runstate="Runnable" seed="1996207824" result="Passed" start-time="2024-03-12T00:50:11.5666620Z" end-time="2024-03-12T00:50:11.5681190Z" duration="0.001457" asserts="3" />
                <test-case id="1-1614" name="IsFillComplete(PlayersWorlds.Maps.Maze.HuntAndKillMazeGenerator,FullHeight,Manual,System.Collections.Generic.List`1[PlayersWorlds.Maps.Areas.MapArea])" fullname="PlayersWorlds.Maps.Maze.MazeGeneratorTest.IsFillComplete(PlayersWorlds.Maps.Maze.HuntAndKillMazeGenerator,FullHeight,Manual,System.Collections.Generic.List`1[PlayersWorlds.Maps.Areas.MapArea])" methodname="IsFillComplete" classname="PlayersWorlds.Maps.Maze.MazeGeneratorTest" runstate="Runnable" seed="1345773401" result="Passed" start-time="2024-03-12T00:50:11.5681280Z" end-time="2024-03-12T00:50:11.5694880Z" duration="0.001360" asserts="3" />
                <test-case id="1-1615" name="IsFillComplete(PlayersWorlds.Maps.Maze.HuntAndKillMazeGenerator,FullHeight,Manual,System.Collections.Generic.List`1[PlayersWorlds.Maps.Areas.MapArea])" fullname="PlayersWorlds.Maps.Maze.MazeGeneratorTest.IsFillComplete(PlayersWorlds.Maps.Maze.HuntAndKillMazeGenerator,FullHeight,Manual,System.Collections.Generic.List`1[PlayersWorlds.Maps.Areas.MapArea])" methodname="IsFillComplete" classname="PlayersWorlds.Maps.Maze.MazeGeneratorTest" runstate="Runnable" seed="1608811414" result="Passed" start-time="2024-03-12T00:50:11.5694960Z" end-time="2024-03-12T00:50:11.5714630Z" duration="0.001967" asserts="3" />
                <test-case id="1-1616" name="IsFillComplete(PlayersWorlds.Maps.Maze.HuntAndKillMazeGenerator,FullHeight,Manual,System.Collections.Generic.List`1[PlayersWorlds.Maps.Areas.MapArea])" fullname="PlayersWorlds.Maps.Maze.MazeGeneratorTest.IsFillComplete(PlayersWorlds.Maps.Maze.HuntAndKillMazeGenerator,FullHeight,Manual,System.Collections.Generic.List`1[PlayersWorlds.Maps.Areas.MapArea])" methodname="IsFillComplete" classname="PlayersWorlds.Maps.Maze.MazeGeneratorTest" runstate="Runnable" seed="168246545" result="Passed" start-time="2024-03-12T00:50:11.5714720Z" end-time="2024-03-12T00:50:11.5735560Z" duration="0.002085" asserts="3" />
                <test-case id="1-1617" name="IsFillComplete(PlayersWorlds.Maps.Maze.HuntAndKillMazeGenerator,FullHeight,Manual,System.Collections.Generic.List`1[PlayersWorlds.Maps.Areas.MapArea])" fullname="PlayersWorlds.Maps.Maze.MazeGeneratorTest.IsFillComplete(PlayersWorlds.Maps.Maze.HuntAndKillMazeGenerator,FullHeight,Manual,System.Collections.Generic.List`1[PlayersWorlds.Maps.Areas.MapArea])" methodname="IsFillComplete" classname="PlayersWorlds.Maps.Maze.MazeGeneratorTest" runstate="Runnable" seed="1575468936" result="Passed" start-time="2024-03-12T00:50:11.5735650Z" end-time="2024-03-12T00:50:11.5771670Z" duration="0.003602" asserts="3" />
                <test-case id="1-1618" name="IsFillComplete(PlayersWorlds.Maps.Maze.HuntAndKillMazeGenerator,FullHeight,Manual,System.Collections.Generic.List`1[PlayersWorlds.Maps.Areas.MapArea])" fullname="PlayersWorlds.Maps.Maze.MazeGeneratorTest.IsFillComplete(PlayersWorlds.Maps.Maze.HuntAndKillMazeGenerator,FullHeight,Manual,System.Collections.Generic.List`1[PlayersWorlds.Maps.Areas.MapArea])" methodname="IsFillComplete" classname="PlayersWorlds.Maps.Maze.MazeGeneratorTest" runstate="Runnable" seed="1224605944" result="Passed" start-time="2024-03-12T00:50:11.5771780Z" end-time="2024-03-12T00:50:11.5824810Z" duration="0.005304" asserts="3" />
                <test-case id="1-1619" name="IsFillComplete(PlayersWorlds.Maps.Maze.HuntAndKillMazeGenerator,Full,Auto,null)" fullname="PlayersWorlds.Maps.Maze.MazeGeneratorTest.IsFillComplete(PlayersWorlds.Maps.Maze.HuntAndKillMazeGenerator,Full,Auto,null)" methodname="IsFillComplete" classname="PlayersWorlds.Maps.Maze.MazeGeneratorTest" runstate="Runnable" seed="1418517615" result="Passed" start-time="2024-03-12T00:50:11.5825000Z" end-time="2024-03-12T00:50:11.5970190Z" duration="0.014520" asserts="3" />
                <test-case id="1-1620" name="IsFillComplete(PlayersWorlds.Maps.Maze.HuntAndKillMazeGenerator,Full,Auto,System.Collections.Generic.List`1[PlayersWorlds.Maps.Areas.MapArea])" fullname="PlayersWorlds.Maps.Maze.MazeGeneratorTest.IsFillComplete(PlayersWorlds.Maps.Maze.HuntAndKillMazeGenerator,Full,Auto,System.Collections.Generic.List`1[PlayersWorlds.Maps.Areas.MapArea])" methodname="IsFillComplete" classname="PlayersWorlds.Maps.Maze.MazeGeneratorTest" runstate="Runnable" seed="925382354" result="Passed" start-time="2024-03-12T00:50:11.5970300Z" end-time="2024-03-12T00:50:12.2567610Z" duration="0.659731" asserts="3" />
                <test-case id="1-1621" name="IsFillComplete(PlayersWorlds.Maps.Maze.HuntAndKillMazeGenerator,Full,Auto,System.Collections.Generic.List`1[PlayersWorlds.Maps.Areas.MapArea])" fullname="PlayersWorlds.Maps.Maze.MazeGeneratorTest.IsFillComplete(PlayersWorlds.Maps.Maze.HuntAndKillMazeGenerator,Full,Auto,System.Collections.Generic.List`1[PlayersWorlds.Maps.Areas.MapArea])" methodname="IsFillComplete" classname="PlayersWorlds.Maps.Maze.MazeGeneratorTest" runstate="Runnable" seed="1911985301" result="Passed" start-time="2024-03-12T00:50:12.2567700Z" end-time="2024-03-12T00:50:12.3429310Z" duration="0.086161" asserts="3" />
                <test-case id="1-1622" name="IsFillComplete(PlayersWorlds.Maps.Maze.HuntAndKillMazeGenerator,Full,Auto,System.Collections.Generic.List`1[PlayersWorlds.Maps.Areas.MapArea])" fullname="PlayersWorlds.Maps.Maze.MazeGeneratorTest.IsFillComplete(PlayersWorlds.Maps.Maze.HuntAndKillMazeGenerator,Full,Auto,System.Collections.Generic.List`1[PlayersWorlds.Maps.Areas.MapArea])" methodname="IsFillComplete" classname="PlayersWorlds.Maps.Maze.MazeGeneratorTest" runstate="Runnable" seed="1766072323" result="Passed" start-time="2024-03-12T00:50:12.3429450Z" end-time="2024-03-12T00:50:12.3470780Z" duration="0.004132" asserts="3" />
                <test-case id="1-1623" name="IsFillComplete(PlayersWorlds.Maps.Maze.HuntAndKillMazeGenerator,Full,Auto,System.Collections.Generic.List`1[PlayersWorlds.Maps.Areas.MapArea])" fullname="PlayersWorlds.Maps.Maze.MazeGeneratorTest.IsFillComplete(PlayersWorlds.Maps.Maze.HuntAndKillMazeGenerator,Full,Auto,System.Collections.Generic.List`1[PlayersWorlds.Maps.Areas.MapArea])" methodname="IsFillComplete" classname="PlayersWorlds.Maps.Maze.MazeGeneratorTest" runstate="Runnable" seed="2073762701" result="Passed" start-time="2024-03-12T00:50:12.3470870Z" end-time="2024-03-12T00:50:12.3876710Z" duration="0.040584" asserts="3" />
                <test-case id="1-1624" name="IsFillComplete(PlayersWorlds.Maps.Maze.HuntAndKillMazeGenerator,Full,Auto,System.Collections.Generic.List`1[PlayersWorlds.Maps.Areas.MapArea])" fullname="PlayersWorlds.Maps.Maze.MazeGeneratorTest.IsFillComplete(PlayersWorlds.Maps.Maze.HuntAndKillMazeGenerator,Full,Auto,System.Collections.Generic.List`1[PlayersWorlds.Maps.Areas.MapArea])" methodname="IsFillComplete" classname="PlayersWorlds.Maps.Maze.MazeGeneratorTest" runstate="Runnable" seed="381886522" result="Passed" start-time="2024-03-12T00:50:12.3876820Z" end-time="2024-03-12T00:50:12.4090370Z" duration="0.021355" asserts="3" />
                <test-case id="1-1625" name="IsFillComplete(PlayersWorlds.Maps.Maze.HuntAndKillMazeGenerator,Full,Manual,null)" fullname="PlayersWorlds.Maps.Maze.MazeGeneratorTest.IsFillComplete(PlayersWorlds.Maps.Maze.HuntAndKillMazeGenerator,Full,Manual,null)" methodname="IsFillComplete" classname="PlayersWorlds.Maps.Maze.MazeGeneratorTest" runstate="Runnable" seed="1841166952" result="Passed" start-time="2024-03-12T00:50:12.4090480Z" end-time="2024-03-12T00:50:12.4105700Z" duration="0.001522" asserts="3" />
                <test-case id="1-1626" name="IsFillComplete(PlayersWorlds.Maps.Maze.HuntAndKillMazeGenerator,Full,Manual,System.Collections.Generic.List`1[PlayersWorlds.Maps.Areas.MapArea])" fullname="PlayersWorlds.Maps.Maze.MazeGeneratorTest.IsFillComplete(PlayersWorlds.Maps.Maze.HuntAndKillMazeGenerator,Full,Manual,System.Collections.Generic.List`1[PlayersWorlds.Maps.Areas.MapArea])" methodname="IsFillComplete" classname="PlayersWorlds.Maps.Maze.MazeGeneratorTest" runstate="Runnable" seed="1465063985" result="Passed" start-time="2024-03-12T00:50:12.4105790Z" end-time="2024-03-12T00:50:12.4121010Z" duration="0.001522" asserts="3" />
                <test-case id="1-1627" name="IsFillComplete(PlayersWorlds.Maps.Maze.HuntAndKillMazeGenerator,Full,Manual,System.Collections.Generic.List`1[PlayersWorlds.Maps.Areas.MapArea])" fullname="PlayersWorlds.Maps.Maze.MazeGeneratorTest.IsFillComplete(PlayersWorlds.Maps.Maze.HuntAndKillMazeGenerator,Full,Manual,System.Collections.Generic.List`1[PlayersWorlds.Maps.Areas.MapArea])" methodname="IsFillComplete" classname="PlayersWorlds.Maps.Maze.MazeGeneratorTest" runstate="Runnable" seed="1849771389" result="Passed" start-time="2024-03-12T00:50:12.4121090Z" end-time="2024-03-12T00:50:12.4146350Z" duration="0.002526" asserts="3" />
                <test-case id="1-1628" name="IsFillComplete(PlayersWorlds.Maps.Maze.HuntAndKillMazeGenerator,Full,Manual,System.Collections.Generic.List`1[PlayersWorlds.Maps.Areas.MapArea])" fullname="PlayersWorlds.Maps.Maze.MazeGeneratorTest.IsFillComplete(PlayersWorlds.Maps.Maze.HuntAndKillMazeGenerator,Full,Manual,System.Collections.Generic.List`1[PlayersWorlds.Maps.Areas.MapArea])" methodname="IsFillComplete" classname="PlayersWorlds.Maps.Maze.MazeGeneratorTest" runstate="Runnable" seed="1075461531" result="Passed" start-time="2024-03-12T00:50:12.4146510Z" end-time="2024-03-12T00:50:12.4166590Z" duration="0.002008" asserts="3" />
                <test-case id="1-1629" name="IsFillComplete(PlayersWorlds.Maps.Maze.HuntAndKillMazeGenerator,Full,Manual,System.Collections.Generic.List`1[PlayersWorlds.Maps.Areas.MapArea])" fullname="PlayersWorlds.Maps.Maze.MazeGeneratorTest.IsFillComplete(PlayersWorlds.Maps.Maze.HuntAndKillMazeGenerator,Full,Manual,System.Collections.Generic.List`1[PlayersWorlds.Maps.Areas.MapArea])" methodname="IsFillComplete" classname="PlayersWorlds.Maps.Maze.MazeGeneratorTest" runstate="Runnable" seed="1500169686" result="Passed" start-time="2024-03-12T00:50:12.4166680Z" end-time="2024-03-12T00:50:12.4211890Z" duration="0.004521" asserts="3" />
                <test-case id="1-1630" name="IsFillComplete(PlayersWorlds.Maps.Maze.HuntAndKillMazeGenerator,Full,Manual,System.Collections.Generic.List`1[PlayersWorlds.Maps.Areas.MapArea])" fullname="PlayersWorlds.Maps.Maze.MazeGeneratorTest.IsFillComplete(PlayersWorlds.Maps.Maze.HuntAndKillMazeGenerator,Full,Manual,System.Collections.Generic.List`1[PlayersWorlds.Maps.Areas.MapArea])" methodname="IsFillComplete" classname="PlayersWorlds.Maps.Maze.MazeGeneratorTest" runstate="Runnable" seed="2124352966" result="Passed" start-time="2024-03-12T00:50:12.4211990Z" end-time="2024-03-12T00:50:12.4259290Z" duration="0.004730" asserts="3" />
                <test-case id="1-1631" name="IsFillComplete(PlayersWorlds.Maps.Maze.RecursiveBacktrackerMazeGenerator,Quarter,Auto,null)" fullname="PlayersWorlds.Maps.Maze.MazeGeneratorTest.IsFillComplete(PlayersWorlds.Maps.Maze.RecursiveBacktrackerMazeGenerator,Quarter,Auto,null)" methodname="IsFillComplete" classname="PlayersWorlds.Maps.Maze.MazeGeneratorTest" runstate="Runnable" seed="1826193962" result="Passed" start-time="2024-03-12T00:50:12.4259440Z" end-time="2024-03-12T00:50:12.4398760Z" duration="0.013932" asserts="3" />
                <test-case id="1-1632" name="IsFillComplete(PlayersWorlds.Maps.Maze.RecursiveBacktrackerMazeGenerator,Quarter,Auto,System.Collections.Generic.List`1[PlayersWorlds.Maps.Areas.MapArea])" fullname="PlayersWorlds.Maps.Maze.MazeGeneratorTest.IsFillComplete(PlayersWorlds.Maps.Maze.RecursiveBacktrackerMazeGenerator,Quarter,Auto,System.Collections.Generic.List`1[PlayersWorlds.Maps.Areas.MapArea])" methodname="IsFillComplete" classname="PlayersWorlds.Maps.Maze.MazeGeneratorTest" runstate="Runnable" seed="433715891" result="Passed" start-time="2024-03-12T00:50:12.4398930Z" end-time="2024-03-12T00:50:12.4802090Z" duration="0.040317" asserts="3" />
                <test-case id="1-1633" name="IsFillComplete(PlayersWorlds.Maps.Maze.RecursiveBacktrackerMazeGenerator,Quarter,Auto,System.Collections.Generic.List`1[PlayersWorlds.Maps.Areas.MapArea])" fullname="PlayersWorlds.Maps.Maze.MazeGeneratorTest.IsFillComplete(PlayersWorlds.Maps.Maze.RecursiveBacktrackerMazeGenerator,Quarter,Auto,System.Collections.Generic.List`1[PlayersWorlds.Maps.Areas.MapArea])" methodname="IsFillComplete" classname="PlayersWorlds.Maps.Maze.MazeGeneratorTest" runstate="Runnable" seed="1192745499" result="Passed" start-time="2024-03-12T00:50:12.4802200Z" end-time="2024-03-12T00:50:12.9084690Z" duration="0.428249" asserts="3" />
                <test-case id="1-1634" name="IsFillComplete(PlayersWorlds.Maps.Maze.RecursiveBacktrackerMazeGenerator,Quarter,Auto,System.Collections.Generic.List`1[PlayersWorlds.Maps.Areas.MapArea])" fullname="PlayersWorlds.Maps.Maze.MazeGeneratorTest.IsFillComplete(PlayersWorlds.Maps.Maze.RecursiveBacktrackerMazeGenerator,Quarter,Auto,System.Collections.Generic.List`1[PlayersWorlds.Maps.Areas.MapArea])" methodname="IsFillComplete" classname="PlayersWorlds.Maps.Maze.MazeGeneratorTest" runstate="Runnable" seed="43924850" result="Passed" start-time="2024-03-12T00:50:12.9084770Z" end-time="2024-03-12T00:50:12.9197720Z" duration="0.011294" asserts="3" />
                <test-case id="1-1635" name="IsFillComplete(PlayersWorlds.Maps.Maze.RecursiveBacktrackerMazeGenerator,Quarter,Auto,System.Collections.Generic.List`1[PlayersWorlds.Maps.Areas.MapArea])" fullname="PlayersWorlds.Maps.Maze.MazeGeneratorTest.IsFillComplete(PlayersWorlds.Maps.Maze.RecursiveBacktrackerMazeGenerator,Quarter,Auto,System.Collections.Generic.List`1[PlayersWorlds.Maps.Areas.MapArea])" methodname="IsFillComplete" classname="PlayersWorlds.Maps.Maze.MazeGeneratorTest" runstate="Runnable" seed="1630358474" result="Passed" start-time="2024-03-12T00:50:12.9197830Z" end-time="2024-03-12T00:50:12.9422990Z" duration="0.022516" asserts="3" />
                <test-case id="1-1636" name="IsFillComplete(PlayersWorlds.Maps.Maze.RecursiveBacktrackerMazeGenerator,Quarter,Auto,System.Collections.Generic.List`1[PlayersWorlds.Maps.Areas.MapArea])" fullname="PlayersWorlds.Maps.Maze.MazeGeneratorTest.IsFillComplete(PlayersWorlds.Maps.Maze.RecursiveBacktrackerMazeGenerator,Quarter,Auto,System.Collections.Generic.List`1[PlayersWorlds.Maps.Areas.MapArea])" methodname="IsFillComplete" classname="PlayersWorlds.Maps.Maze.MazeGeneratorTest" runstate="Runnable" seed="996884222" result="Passed" start-time="2024-03-12T00:50:12.9423100Z" end-time="2024-03-12T00:50:12.9629950Z" duration="0.020685" asserts="3" />
                <test-case id="1-1637" name="IsFillComplete(PlayersWorlds.Maps.Maze.RecursiveBacktrackerMazeGenerator,Quarter,Manual,null)" fullname="PlayersWorlds.Maps.Maze.MazeGeneratorTest.IsFillComplete(PlayersWorlds.Maps.Maze.RecursiveBacktrackerMazeGenerator,Quarter,Manual,null)" methodname="IsFillComplete" classname="PlayersWorlds.Maps.Maze.MazeGeneratorTest" runstate="Runnable" seed="1774973881" result="Passed" start-time="2024-03-12T00:50:12.9630050Z" end-time="2024-03-12T00:50:12.9642530Z" duration="0.001248" asserts="3" />
                <test-case id="1-1638" name="IsFillComplete(PlayersWorlds.Maps.Maze.RecursiveBacktrackerMazeGenerator,Quarter,Manual,System.Collections.Generic.List`1[PlayersWorlds.Maps.Areas.MapArea])" fullname="PlayersWorlds.Maps.Maze.MazeGeneratorTest.IsFillComplete(PlayersWorlds.Maps.Maze.RecursiveBacktrackerMazeGenerator,Quarter,Manual,System.Collections.Generic.List`1[PlayersWorlds.Maps.Areas.MapArea])" methodname="IsFillComplete" classname="PlayersWorlds.Maps.Maze.MazeGeneratorTest" runstate="Runnable" seed="389735900" result="Passed" start-time="2024-03-12T00:50:12.9642620Z" end-time="2024-03-12T00:50:12.9655020Z" duration="0.001241" asserts="3" />
                <test-case id="1-1639" name="IsFillComplete(PlayersWorlds.Maps.Maze.RecursiveBacktrackerMazeGenerator,Quarter,Manual,System.Collections.Generic.List`1[PlayersWorlds.Maps.Areas.MapArea])" fullname="PlayersWorlds.Maps.Maze.MazeGeneratorTest.IsFillComplete(PlayersWorlds.Maps.Maze.RecursiveBacktrackerMazeGenerator,Quarter,Manual,System.Collections.Generic.List`1[PlayersWorlds.Maps.Areas.MapArea])" methodname="IsFillComplete" classname="PlayersWorlds.Maps.Maze.MazeGeneratorTest" runstate="Runnable" seed="1892529288" result="Passed" start-time="2024-03-12T00:50:12.9655110Z" end-time="2024-03-12T00:50:12.9674090Z" duration="0.001898" asserts="3" />
                <test-case id="1-1640" name="IsFillComplete(PlayersWorlds.Maps.Maze.RecursiveBacktrackerMazeGenerator,Quarter,Manual,System.Collections.Generic.List`1[PlayersWorlds.Maps.Areas.MapArea])" fullname="PlayersWorlds.Maps.Maze.MazeGeneratorTest.IsFillComplete(PlayersWorlds.Maps.Maze.RecursiveBacktrackerMazeGenerator,Quarter,Manual,System.Collections.Generic.List`1[PlayersWorlds.Maps.Areas.MapArea])" methodname="IsFillComplete" classname="PlayersWorlds.Maps.Maze.MazeGeneratorTest" runstate="Runnable" seed="55431864" result="Passed" start-time="2024-03-12T00:50:12.9674180Z" end-time="2024-03-12T00:50:12.9694260Z" duration="0.002008" asserts="3" />
                <test-case id="1-1641" name="IsFillComplete(PlayersWorlds.Maps.Maze.RecursiveBacktrackerMazeGenerator,Quarter,Manual,System.Collections.Generic.List`1[PlayersWorlds.Maps.Areas.MapArea])" fullname="PlayersWorlds.Maps.Maze.MazeGeneratorTest.IsFillComplete(PlayersWorlds.Maps.Maze.RecursiveBacktrackerMazeGenerator,Quarter,Manual,System.Collections.Generic.List`1[PlayersWorlds.Maps.Areas.MapArea])" methodname="IsFillComplete" classname="PlayersWorlds.Maps.Maze.MazeGeneratorTest" runstate="Runnable" seed="1163089248" result="Passed" start-time="2024-03-12T00:50:12.9694430Z" end-time="2024-03-12T00:50:12.9725760Z" duration="0.003133" asserts="3" />
                <test-case id="1-1642" name="IsFillComplete(PlayersWorlds.Maps.Maze.RecursiveBacktrackerMazeGenerator,Quarter,Manual,System.Collections.Generic.List`1[PlayersWorlds.Maps.Areas.MapArea])" fullname="PlayersWorlds.Maps.Maze.MazeGeneratorTest.IsFillComplete(PlayersWorlds.Maps.Maze.RecursiveBacktrackerMazeGenerator,Quarter,Manual,System.Collections.Generic.List`1[PlayersWorlds.Maps.Areas.MapArea])" methodname="IsFillComplete" classname="PlayersWorlds.Maps.Maze.MazeGeneratorTest" runstate="Runnable" seed="436914535" result="Passed" start-time="2024-03-12T00:50:12.9725860Z" end-time="2024-03-12T00:50:12.9756820Z" duration="0.003097" asserts="3" />
                <test-case id="1-1643" name="IsFillComplete(PlayersWorlds.Maps.Maze.RecursiveBacktrackerMazeGenerator,Half,Auto,null)" fullname="PlayersWorlds.Maps.Maze.MazeGeneratorTest.IsFillComplete(PlayersWorlds.Maps.Maze.RecursiveBacktrackerMazeGenerator,Half,Auto,null)" methodname="IsFillComplete" classname="PlayersWorlds.Maps.Maze.MazeGeneratorTest" runstate="Runnable" seed="1179899837" result="Passed" start-time="2024-03-12T00:50:12.9756920Z" end-time="2024-03-12T00:50:12.9865530Z" duration="0.010861" asserts="3" />
                <test-case id="1-1644" name="IsFillComplete(PlayersWorlds.Maps.Maze.RecursiveBacktrackerMazeGenerator,Half,Auto,System.Collections.Generic.List`1[PlayersWorlds.Maps.Areas.MapArea])" fullname="PlayersWorlds.Maps.Maze.MazeGeneratorTest.IsFillComplete(PlayersWorlds.Maps.Maze.RecursiveBacktrackerMazeGenerator,Half,Auto,System.Collections.Generic.List`1[PlayersWorlds.Maps.Areas.MapArea])" methodname="IsFillComplete" classname="PlayersWorlds.Maps.Maze.MazeGeneratorTest" runstate="Runnable" seed="346686166" result="Passed" start-time="2024-03-12T00:50:12.9865630Z" end-time="2024-03-12T00:50:12.9882180Z" duration="0.001655" asserts="3" />
                <test-case id="1-1645" name="IsFillComplete(PlayersWorlds.Maps.Maze.RecursiveBacktrackerMazeGenerator,Half,Auto,System.Collections.Generic.List`1[PlayersWorlds.Maps.Areas.MapArea])" fullname="PlayersWorlds.Maps.Maze.MazeGeneratorTest.IsFillComplete(PlayersWorlds.Maps.Maze.RecursiveBacktrackerMazeGenerator,Half,Auto,System.Collections.Generic.List`1[PlayersWorlds.Maps.Areas.MapArea])" methodname="IsFillComplete" classname="PlayersWorlds.Maps.Maze.MazeGeneratorTest" runstate="Runnable" seed="637527421" result="Passed" start-time="2024-03-12T00:50:12.9882270Z" end-time="2024-03-12T00:50:12.9990760Z" duration="0.010849" asserts="3" />
                <test-case id="1-1646" name="IsFillComplete(PlayersWorlds.Maps.Maze.RecursiveBacktrackerMazeGenerator,Half,Auto,System.Collections.Generic.List`1[PlayersWorlds.Maps.Areas.MapArea])" fullname="PlayersWorlds.Maps.Maze.MazeGeneratorTest.IsFillComplete(PlayersWorlds.Maps.Maze.RecursiveBacktrackerMazeGenerator,Half,Auto,System.Collections.Generic.List`1[PlayersWorlds.Maps.Areas.MapArea])" methodname="IsFillComplete" classname="PlayersWorlds.Maps.Maze.MazeGeneratorTest" runstate="Runnable" seed="1021724944" result="Passed" start-time="2024-03-12T00:50:12.9990860Z" end-time="2024-03-12T00:50:13.0022180Z" duration="0.003132" asserts="3" />
                <test-case id="1-1647" name="IsFillComplete(PlayersWorlds.Maps.Maze.RecursiveBacktrackerMazeGenerator,Half,Auto,System.Collections.Generic.List`1[PlayersWorlds.Maps.Areas.MapArea])" fullname="PlayersWorlds.Maps.Maze.MazeGeneratorTest.IsFillComplete(PlayersWorlds.Maps.Maze.RecursiveBacktrackerMazeGenerator,Half,Auto,System.Collections.Generic.List`1[PlayersWorlds.Maps.Areas.MapArea])" methodname="IsFillComplete" classname="PlayersWorlds.Maps.Maze.MazeGeneratorTest" runstate="Runnable" seed="595777721" result="Passed" start-time="2024-03-12T00:50:13.0022280Z" end-time="2024-03-12T00:50:13.0686400Z" duration="0.066412" asserts="3" />
                <test-case id="1-1648" name="IsFillComplete(PlayersWorlds.Maps.Maze.RecursiveBacktrackerMazeGenerator,Half,Auto,System.Collections.Generic.List`1[PlayersWorlds.Maps.Areas.MapArea])" fullname="PlayersWorlds.Maps.Maze.MazeGeneratorTest.IsFillComplete(PlayersWorlds.Maps.Maze.RecursiveBacktrackerMazeGenerator,Half,Auto,System.Collections.Generic.List`1[PlayersWorlds.Maps.Areas.MapArea])" methodname="IsFillComplete" classname="PlayersWorlds.Maps.Maze.MazeGeneratorTest" runstate="Runnable" seed="2034629328" result="Passed" start-time="2024-03-12T00:50:13.0686510Z" end-time="2024-03-12T00:50:13.0910550Z" duration="0.022405" asserts="3" />
                <test-case id="1-1649" name="IsFillComplete(PlayersWorlds.Maps.Maze.RecursiveBacktrackerMazeGenerator,Half,Manual,null)" fullname="PlayersWorlds.Maps.Maze.MazeGeneratorTest.IsFillComplete(PlayersWorlds.Maps.Maze.RecursiveBacktrackerMazeGenerator,Half,Manual,null)" methodname="IsFillComplete" classname="PlayersWorlds.Maps.Maze.MazeGeneratorTest" runstate="Runnable" seed="1885245059" result="Passed" start-time="2024-03-12T00:50:13.0910650Z" end-time="2024-03-12T00:50:13.0926170Z" duration="0.001552" asserts="3" />
                <test-case id="1-1650" name="IsFillComplete(PlayersWorlds.Maps.Maze.RecursiveBacktrackerMazeGenerator,Half,Manual,System.Collections.Generic.List`1[PlayersWorlds.Maps.Areas.MapArea])" fullname="PlayersWorlds.Maps.Maze.MazeGeneratorTest.IsFillComplete(PlayersWorlds.Maps.Maze.RecursiveBacktrackerMazeGenerator,Half,Manual,System.Collections.Generic.List`1[PlayersWorlds.Maps.Areas.MapArea])" methodname="IsFillComplete" classname="PlayersWorlds.Maps.Maze.MazeGeneratorTest" runstate="Runnable" seed="54034810" result="Passed" start-time="2024-03-12T00:50:13.0926270Z" end-time="2024-03-12T00:50:13.0939730Z" duration="0.001345" asserts="3" />
                <test-case id="1-1651" name="IsFillComplete(PlayersWorlds.Maps.Maze.RecursiveBacktrackerMazeGenerator,Half,Manual,System.Collections.Generic.List`1[PlayersWorlds.Maps.Areas.MapArea])" fullname="PlayersWorlds.Maps.Maze.MazeGeneratorTest.IsFillComplete(PlayersWorlds.Maps.Maze.RecursiveBacktrackerMazeGenerator,Half,Manual,System.Collections.Generic.List`1[PlayersWorlds.Maps.Areas.MapArea])" methodname="IsFillComplete" classname="PlayersWorlds.Maps.Maze.MazeGeneratorTest" runstate="Runnable" seed="632294701" result="Passed" start-time="2024-03-12T00:50:13.0939810Z" end-time="2024-03-12T00:50:13.0959970Z" duration="0.002016" asserts="3" />
                <test-case id="1-1652" name="IsFillComplete(PlayersWorlds.Maps.Maze.RecursiveBacktrackerMazeGenerator,Half,Manual,System.Collections.Generic.List`1[PlayersWorlds.Maps.Areas.MapArea])" fullname="PlayersWorlds.Maps.Maze.MazeGeneratorTest.IsFillComplete(PlayersWorlds.Maps.Maze.RecursiveBacktrackerMazeGenerator,Half,Manual,System.Collections.Generic.List`1[PlayersWorlds.Maps.Areas.MapArea])" methodname="IsFillComplete" classname="PlayersWorlds.Maps.Maze.MazeGeneratorTest" runstate="Runnable" seed="171475450" result="Passed" start-time="2024-03-12T00:50:13.0960060Z" end-time="2024-03-12T00:50:13.0978320Z" duration="0.001826" asserts="3" />
                <test-case id="1-1653" name="IsFillComplete(PlayersWorlds.Maps.Maze.RecursiveBacktrackerMazeGenerator,Half,Manual,System.Collections.Generic.List`1[PlayersWorlds.Maps.Areas.MapArea])" fullname="PlayersWorlds.Maps.Maze.MazeGeneratorTest.IsFillComplete(PlayersWorlds.Maps.Maze.RecursiveBacktrackerMazeGenerator,Half,Manual,System.Collections.Generic.List`1[PlayersWorlds.Maps.Areas.MapArea])" methodname="IsFillComplete" classname="PlayersWorlds.Maps.Maze.MazeGeneratorTest" runstate="Runnable" seed="1084111720" result="Passed" start-time="2024-03-12T00:50:13.0978420Z" end-time="2024-03-12T00:50:13.1036170Z" duration="0.005775" asserts="3" />
                <test-case id="1-1654" name="IsFillComplete(PlayersWorlds.Maps.Maze.RecursiveBacktrackerMazeGenerator,Half,Manual,System.Collections.Generic.List`1[PlayersWorlds.Maps.Areas.MapArea])" fullname="PlayersWorlds.Maps.Maze.MazeGeneratorTest.IsFillComplete(PlayersWorlds.Maps.Maze.RecursiveBacktrackerMazeGenerator,Half,Manual,System.Collections.Generic.List`1[PlayersWorlds.Maps.Areas.MapArea])" methodname="IsFillComplete" classname="PlayersWorlds.Maps.Maze.MazeGeneratorTest" runstate="Runnable" seed="939719189" result="Passed" start-time="2024-03-12T00:50:13.1036350Z" end-time="2024-03-12T00:50:13.1093210Z" duration="0.005686" asserts="3" />
                <test-case id="1-1655" name="IsFillComplete(PlayersWorlds.Maps.Maze.RecursiveBacktrackerMazeGenerator,ThreeQuarters,Auto,null)" fullname="PlayersWorlds.Maps.Maze.MazeGeneratorTest.IsFillComplete(PlayersWorlds.Maps.Maze.RecursiveBacktrackerMazeGenerator,ThreeQuarters,Auto,null)" methodname="IsFillComplete" classname="PlayersWorlds.Maps.Maze.MazeGeneratorTest" runstate="Runnable" seed="174779929" result="Passed" start-time="2024-03-12T00:50:13.1093330Z" end-time="2024-03-12T00:50:13.1313650Z" duration="0.022032" asserts="3" />
                <test-case id="1-1656" name="IsFillComplete(PlayersWorlds.Maps.Maze.RecursiveBacktrackerMazeGenerator,ThreeQuarters,Auto,System.Collections.Generic.List`1[PlayersWorlds.Maps.Areas.MapArea])" fullname="PlayersWorlds.Maps.Maze.MazeGeneratorTest.IsFillComplete(PlayersWorlds.Maps.Maze.RecursiveBacktrackerMazeGenerator,ThreeQuarters,Auto,System.Collections.Generic.List`1[PlayersWorlds.Maps.Areas.MapArea])" methodname="IsFillComplete" classname="PlayersWorlds.Maps.Maze.MazeGeneratorTest" runstate="Runnable" seed="1606548542" result="Passed" start-time="2024-03-12T00:50:13.1313750Z" end-time="2024-03-12T00:50:13.1474840Z" duration="0.016109" asserts="3" />
                <test-case id="1-1657" name="IsFillComplete(PlayersWorlds.Maps.Maze.RecursiveBacktrackerMazeGenerator,ThreeQuarters,Auto,System.Collections.Generic.List`1[PlayersWorlds.Maps.Areas.MapArea])" fullname="PlayersWorlds.Maps.Maze.MazeGeneratorTest.IsFillComplete(PlayersWorlds.Maps.Maze.RecursiveBacktrackerMazeGenerator,ThreeQuarters,Auto,System.Collections.Generic.List`1[PlayersWorlds.Maps.Areas.MapArea])" methodname="IsFillComplete" classname="PlayersWorlds.Maps.Maze.MazeGeneratorTest" runstate="Runnable" seed="2127778850" result="Passed" start-time="2024-03-12T00:50:13.1475020Z" end-time="2024-03-12T00:50:13.1618800Z" duration="0.014379" asserts="3" />
                <test-case id="1-1658" name="IsFillComplete(PlayersWorlds.Maps.Maze.RecursiveBacktrackerMazeGenerator,ThreeQuarters,Auto,System.Collections.Generic.List`1[PlayersWorlds.Maps.Areas.MapArea])" fullname="PlayersWorlds.Maps.Maze.MazeGeneratorTest.IsFillComplete(PlayersWorlds.Maps.Maze.RecursiveBacktrackerMazeGenerator,ThreeQuarters,Auto,System.Collections.Generic.List`1[PlayersWorlds.Maps.Areas.MapArea])" methodname="IsFillComplete" classname="PlayersWorlds.Maps.Maze.MazeGeneratorTest" runstate="Runnable" seed="220004938" result="Passed" start-time="2024-03-12T00:50:13.1618910Z" end-time="2024-03-12T00:50:13.1718400Z" duration="0.009949" asserts="3" />
                <test-case id="1-1659" name="IsFillComplete(PlayersWorlds.Maps.Maze.RecursiveBacktrackerMazeGenerator,ThreeQuarters,Auto,System.Collections.Generic.List`1[PlayersWorlds.Maps.Areas.MapArea])" fullname="PlayersWorlds.Maps.Maze.MazeGeneratorTest.IsFillComplete(PlayersWorlds.Maps.Maze.RecursiveBacktrackerMazeGenerator,ThreeQuarters,Auto,System.Collections.Generic.List`1[PlayersWorlds.Maps.Areas.MapArea])" methodname="IsFillComplete" classname="PlayersWorlds.Maps.Maze.MazeGeneratorTest" runstate="Runnable" seed="62413083" result="Passed" start-time="2024-03-12T00:50:13.1718500Z" end-time="2024-03-12T00:50:13.2326680Z" duration="0.060818" asserts="3" />
                <test-case id="1-1660" name="IsFillComplete(PlayersWorlds.Maps.Maze.RecursiveBacktrackerMazeGenerator,ThreeQuarters,Auto,System.Collections.Generic.List`1[PlayersWorlds.Maps.Areas.MapArea])" fullname="PlayersWorlds.Maps.Maze.MazeGeneratorTest.IsFillComplete(PlayersWorlds.Maps.Maze.RecursiveBacktrackerMazeGenerator,ThreeQuarters,Auto,System.Collections.Generic.List`1[PlayersWorlds.Maps.Areas.MapArea])" methodname="IsFillComplete" classname="PlayersWorlds.Maps.Maze.MazeGeneratorTest" runstate="Runnable" seed="1809682625" result="Passed" start-time="2024-03-12T00:50:13.2326780Z" end-time="2024-03-12T00:50:13.2724980Z" duration="0.039820" asserts="3" />
                <test-case id="1-1661" name="IsFillComplete(PlayersWorlds.Maps.Maze.RecursiveBacktrackerMazeGenerator,ThreeQuarters,Manual,null)" fullname="PlayersWorlds.Maps.Maze.MazeGeneratorTest.IsFillComplete(PlayersWorlds.Maps.Maze.RecursiveBacktrackerMazeGenerator,ThreeQuarters,Manual,null)" methodname="IsFillComplete" classname="PlayersWorlds.Maps.Maze.MazeGeneratorTest" runstate="Runnable" seed="152995286" result="Passed" start-time="2024-03-12T00:50:13.2725190Z" end-time="2024-03-12T00:50:13.2745190Z" duration="0.002001" asserts="3" />
                <test-case id="1-1662" name="IsFillComplete(PlayersWorlds.Maps.Maze.RecursiveBacktrackerMazeGenerator,ThreeQuarters,Manual,System.Collections.Generic.List`1[PlayersWorlds.Maps.Areas.MapArea])" fullname="PlayersWorlds.Maps.Maze.MazeGeneratorTest.IsFillComplete(PlayersWorlds.Maps.Maze.RecursiveBacktrackerMazeGenerator,ThreeQuarters,Manual,System.Collections.Generic.List`1[PlayersWorlds.Maps.Areas.MapArea])" methodname="IsFillComplete" classname="PlayersWorlds.Maps.Maze.MazeGeneratorTest" runstate="Runnable" seed="355913890" result="Passed" start-time="2024-03-12T00:50:13.2745300Z" end-time="2024-03-12T00:50:13.2759760Z" duration="0.001446" asserts="3" />
                <test-case id="1-1663" name="IsFillComplete(PlayersWorlds.Maps.Maze.RecursiveBacktrackerMazeGenerator,ThreeQuarters,Manual,System.Collections.Generic.List`1[PlayersWorlds.Maps.Areas.MapArea])" fullname="PlayersWorlds.Maps.Maze.MazeGeneratorTest.IsFillComplete(PlayersWorlds.Maps.Maze.RecursiveBacktrackerMazeGenerator,ThreeQuarters,Manual,System.Collections.Generic.List`1[PlayersWorlds.Maps.Areas.MapArea])" methodname="IsFillComplete" classname="PlayersWorlds.Maps.Maze.MazeGeneratorTest" runstate="Runnable" seed="1599378215" result="Passed" start-time="2024-03-12T00:50:13.2759840Z" end-time="2024-03-12T00:50:13.2780770Z" duration="0.002093" asserts="3" />
                <test-case id="1-1664" name="IsFillComplete(PlayersWorlds.Maps.Maze.RecursiveBacktrackerMazeGenerator,ThreeQuarters,Manual,System.Collections.Generic.List`1[PlayersWorlds.Maps.Areas.MapArea])" fullname="PlayersWorlds.Maps.Maze.MazeGeneratorTest.IsFillComplete(PlayersWorlds.Maps.Maze.RecursiveBacktrackerMazeGenerator,ThreeQuarters,Manual,System.Collections.Generic.List`1[PlayersWorlds.Maps.Areas.MapArea])" methodname="IsFillComplete" classname="PlayersWorlds.Maps.Maze.MazeGeneratorTest" runstate="Runnable" seed="46659979" result="Passed" start-time="2024-03-12T00:50:13.2780870Z" end-time="2024-03-12T00:50:13.2803020Z" duration="0.002216" asserts="3" />
                <test-case id="1-1665" name="IsFillComplete(PlayersWorlds.Maps.Maze.RecursiveBacktrackerMazeGenerator,ThreeQuarters,Manual,System.Collections.Generic.List`1[PlayersWorlds.Maps.Areas.MapArea])" fullname="PlayersWorlds.Maps.Maze.MazeGeneratorTest.IsFillComplete(PlayersWorlds.Maps.Maze.RecursiveBacktrackerMazeGenerator,ThreeQuarters,Manual,System.Collections.Generic.List`1[PlayersWorlds.Maps.Areas.MapArea])" methodname="IsFillComplete" classname="PlayersWorlds.Maps.Maze.MazeGeneratorTest" runstate="Runnable" seed="876569437" result="Passed" start-time="2024-03-12T00:50:13.2803110Z" end-time="2024-03-12T00:50:13.2850800Z" duration="0.004769" asserts="3" />
                <test-case id="1-1666" name="IsFillComplete(PlayersWorlds.Maps.Maze.RecursiveBacktrackerMazeGenerator,ThreeQuarters,Manual,System.Collections.Generic.List`1[PlayersWorlds.Maps.Areas.MapArea])" fullname="PlayersWorlds.Maps.Maze.MazeGeneratorTest.IsFillComplete(PlayersWorlds.Maps.Maze.RecursiveBacktrackerMazeGenerator,ThreeQuarters,Manual,System.Collections.Generic.List`1[PlayersWorlds.Maps.Areas.MapArea])" methodname="IsFillComplete" classname="PlayersWorlds.Maps.Maze.MazeGeneratorTest" runstate="Runnable" seed="107097396" result="Passed" start-time="2024-03-12T00:50:13.2850980Z" end-time="2024-03-12T00:50:13.2909230Z" duration="0.005825" asserts="3" />
                <test-case id="1-1667" name="IsFillComplete(PlayersWorlds.Maps.Maze.RecursiveBacktrackerMazeGenerator,NinetyPercent,Auto,null)" fullname="PlayersWorlds.Maps.Maze.MazeGeneratorTest.IsFillComplete(PlayersWorlds.Maps.Maze.RecursiveBacktrackerMazeGenerator,NinetyPercent,Auto,null)" methodname="IsFillComplete" classname="PlayersWorlds.Maps.Maze.MazeGeneratorTest" runstate="Runnable" seed="1721653321" result="Passed" start-time="2024-03-12T00:50:13.2909330Z" end-time="2024-03-12T00:50:13.2927140Z" duration="0.001782" asserts="3" />
                <test-case id="1-1668" name="IsFillComplete(PlayersWorlds.Maps.Maze.RecursiveBacktrackerMazeGenerator,NinetyPercent,Auto,System.Collections.Generic.List`1[PlayersWorlds.Maps.Areas.MapArea])" fullname="PlayersWorlds.Maps.Maze.MazeGeneratorTest.IsFillComplete(PlayersWorlds.Maps.Maze.RecursiveBacktrackerMazeGenerator,NinetyPercent,Auto,System.Collections.Generic.List`1[PlayersWorlds.Maps.Areas.MapArea])" methodname="IsFillComplete" classname="PlayersWorlds.Maps.Maze.MazeGeneratorTest" runstate="Runnable" seed="1952282974" result="Passed" start-time="2024-03-12T00:50:13.2927240Z" end-time="2024-03-12T00:50:13.2980630Z" duration="0.005339" asserts="3" />
                <test-case id="1-1669" name="IsFillComplete(PlayersWorlds.Maps.Maze.RecursiveBacktrackerMazeGenerator,NinetyPercent,Auto,System.Collections.Generic.List`1[PlayersWorlds.Maps.Areas.MapArea])" fullname="PlayersWorlds.Maps.Maze.MazeGeneratorTest.IsFillComplete(PlayersWorlds.Maps.Maze.RecursiveBacktrackerMazeGenerator,NinetyPercent,Auto,System.Collections.Generic.List`1[PlayersWorlds.Maps.Areas.MapArea])" methodname="IsFillComplete" classname="PlayersWorlds.Maps.Maze.MazeGeneratorTest" runstate="Runnable" seed="1862898574" result="Passed" start-time="2024-03-12T00:50:13.2980720Z" end-time="2024-03-12T00:50:13.3028070Z" duration="0.004735" asserts="3" />
                <test-case id="1-1670" name="IsFillComplete(PlayersWorlds.Maps.Maze.RecursiveBacktrackerMazeGenerator,NinetyPercent,Auto,System.Collections.Generic.List`1[PlayersWorlds.Maps.Areas.MapArea])" fullname="PlayersWorlds.Maps.Maze.MazeGeneratorTest.IsFillComplete(PlayersWorlds.Maps.Maze.RecursiveBacktrackerMazeGenerator,NinetyPercent,Auto,System.Collections.Generic.List`1[PlayersWorlds.Maps.Areas.MapArea])" methodname="IsFillComplete" classname="PlayersWorlds.Maps.Maze.MazeGeneratorTest" runstate="Runnable" seed="611927192" result="Passed" start-time="2024-03-12T00:50:13.3028250Z" end-time="2024-03-12T00:50:13.3367450Z" duration="0.033920" asserts="3" />
                <test-case id="1-1671" name="IsFillComplete(PlayersWorlds.Maps.Maze.RecursiveBacktrackerMazeGenerator,NinetyPercent,Auto,System.Collections.Generic.List`1[PlayersWorlds.Maps.Areas.MapArea])" fullname="PlayersWorlds.Maps.Maze.MazeGeneratorTest.IsFillComplete(PlayersWorlds.Maps.Maze.RecursiveBacktrackerMazeGenerator,NinetyPercent,Auto,System.Collections.Generic.List`1[PlayersWorlds.Maps.Areas.MapArea])" methodname="IsFillComplete" classname="PlayersWorlds.Maps.Maze.MazeGeneratorTest" runstate="Runnable" seed="540756311" result="Passed" start-time="2024-03-12T00:50:13.3367560Z" end-time="2024-03-12T00:50:13.3514530Z" duration="0.014697" asserts="3" />
                <test-case id="1-1672" name="IsFillComplete(PlayersWorlds.Maps.Maze.RecursiveBacktrackerMazeGenerator,NinetyPercent,Auto,System.Collections.Generic.List`1[PlayersWorlds.Maps.Areas.MapArea])" fullname="PlayersWorlds.Maps.Maze.MazeGeneratorTest.IsFillComplete(PlayersWorlds.Maps.Maze.RecursiveBacktrackerMazeGenerator,NinetyPercent,Auto,System.Collections.Generic.List`1[PlayersWorlds.Maps.Areas.MapArea])" methodname="IsFillComplete" classname="PlayersWorlds.Maps.Maze.MazeGeneratorTest" runstate="Runnable" seed="1185733036" result="Passed" start-time="2024-03-12T00:50:13.3514710Z" end-time="2024-03-12T00:50:13.3987900Z" duration="0.047320" asserts="3" />
                <test-case id="1-1673" name="IsFillComplete(PlayersWorlds.Maps.Maze.RecursiveBacktrackerMazeGenerator,NinetyPercent,Manual,null)" fullname="PlayersWorlds.Maps.Maze.MazeGeneratorTest.IsFillComplete(PlayersWorlds.Maps.Maze.RecursiveBacktrackerMazeGenerator,NinetyPercent,Manual,null)" methodname="IsFillComplete" classname="PlayersWorlds.Maps.Maze.MazeGeneratorTest" runstate="Runnable" seed="1479560303" result="Passed" start-time="2024-03-12T00:50:13.3988010Z" end-time="2024-03-12T00:50:13.4003100Z" duration="0.001509" asserts="3" />
                <test-case id="1-1674" name="IsFillComplete(PlayersWorlds.Maps.Maze.RecursiveBacktrackerMazeGenerator,NinetyPercent,Manual,System.Collections.Generic.List`1[PlayersWorlds.Maps.Areas.MapArea])" fullname="PlayersWorlds.Maps.Maze.MazeGeneratorTest.IsFillComplete(PlayersWorlds.Maps.Maze.RecursiveBacktrackerMazeGenerator,NinetyPercent,Manual,System.Collections.Generic.List`1[PlayersWorlds.Maps.Areas.MapArea])" methodname="IsFillComplete" classname="PlayersWorlds.Maps.Maze.MazeGeneratorTest" runstate="Runnable" seed="1363085751" result="Passed" start-time="2024-03-12T00:50:13.4003190Z" end-time="2024-03-12T00:50:13.4018170Z" duration="0.001498" asserts="3" />
                <test-case id="1-1675" name="IsFillComplete(PlayersWorlds.Maps.Maze.RecursiveBacktrackerMazeGenerator,NinetyPercent,Manual,System.Collections.Generic.List`1[PlayersWorlds.Maps.Areas.MapArea])" fullname="PlayersWorlds.Maps.Maze.MazeGeneratorTest.IsFillComplete(PlayersWorlds.Maps.Maze.RecursiveBacktrackerMazeGenerator,NinetyPercent,Manual,System.Collections.Generic.List`1[PlayersWorlds.Maps.Areas.MapArea])" methodname="IsFillComplete" classname="PlayersWorlds.Maps.Maze.MazeGeneratorTest" runstate="Runnable" seed="1909776753" result="Passed" start-time="2024-03-12T00:50:13.4018260Z" end-time="2024-03-12T00:50:13.4039990Z" duration="0.002174" asserts="3" />
                <test-case id="1-1676" name="IsFillComplete(PlayersWorlds.Maps.Maze.RecursiveBacktrackerMazeGenerator,NinetyPercent,Manual,System.Collections.Generic.List`1[PlayersWorlds.Maps.Areas.MapArea])" fullname="PlayersWorlds.Maps.Maze.MazeGeneratorTest.IsFillComplete(PlayersWorlds.Maps.Maze.RecursiveBacktrackerMazeGenerator,NinetyPercent,Manual,System.Collections.Generic.List`1[PlayersWorlds.Maps.Areas.MapArea])" methodname="IsFillComplete" classname="PlayersWorlds.Maps.Maze.MazeGeneratorTest" runstate="Runnable" seed="1475070766" result="Passed" start-time="2024-03-12T00:50:13.4040090Z" end-time="2024-03-12T00:50:13.4063550Z" duration="0.002346" asserts="3" />
                <test-case id="1-1677" name="IsFillComplete(PlayersWorlds.Maps.Maze.RecursiveBacktrackerMazeGenerator,NinetyPercent,Manual,System.Collections.Generic.List`1[PlayersWorlds.Maps.Areas.MapArea])" fullname="PlayersWorlds.Maps.Maze.MazeGeneratorTest.IsFillComplete(PlayersWorlds.Maps.Maze.RecursiveBacktrackerMazeGenerator,NinetyPercent,Manual,System.Collections.Generic.List`1[PlayersWorlds.Maps.Areas.MapArea])" methodname="IsFillComplete" classname="PlayersWorlds.Maps.Maze.MazeGeneratorTest" runstate="Runnable" seed="586172486" result="Passed" start-time="2024-03-12T00:50:13.4063640Z" end-time="2024-03-12T00:50:13.4097390Z" duration="0.003375" asserts="3" />
                <test-case id="1-1678" name="IsFillComplete(PlayersWorlds.Maps.Maze.RecursiveBacktrackerMazeGenerator,NinetyPercent,Manual,System.Collections.Generic.List`1[PlayersWorlds.Maps.Areas.MapArea])" fullname="PlayersWorlds.Maps.Maze.MazeGeneratorTest.IsFillComplete(PlayersWorlds.Maps.Maze.RecursiveBacktrackerMazeGenerator,NinetyPercent,Manual,System.Collections.Generic.List`1[PlayersWorlds.Maps.Areas.MapArea])" methodname="IsFillComplete" classname="PlayersWorlds.Maps.Maze.MazeGeneratorTest" runstate="Runnable" seed="1727076535" result="Passed" start-time="2024-03-12T00:50:13.4097480Z" end-time="2024-03-12T00:50:13.4130500Z" duration="0.003301" asserts="3" />
                <test-case id="1-1679" name="IsFillComplete(PlayersWorlds.Maps.Maze.RecursiveBacktrackerMazeGenerator,FullWidth,Auto,null)" fullname="PlayersWorlds.Maps.Maze.MazeGeneratorTest.IsFillComplete(PlayersWorlds.Maps.Maze.RecursiveBacktrackerMazeGenerator,FullWidth,Auto,null)" methodname="IsFillComplete" classname="PlayersWorlds.Maps.Maze.MazeGeneratorTest" runstate="Runnable" seed="1891842748" result="Passed" start-time="2024-03-12T00:50:13.4130600Z" end-time="2024-03-12T00:50:13.4667860Z" duration="0.053726" asserts="3" />
                <test-case id="1-1680" name="IsFillComplete(PlayersWorlds.Maps.Maze.RecursiveBacktrackerMazeGenerator,FullWidth,Auto,System.Collections.Generic.List`1[PlayersWorlds.Maps.Areas.MapArea])" fullname="PlayersWorlds.Maps.Maze.MazeGeneratorTest.IsFillComplete(PlayersWorlds.Maps.Maze.RecursiveBacktrackerMazeGenerator,FullWidth,Auto,System.Collections.Generic.List`1[PlayersWorlds.Maps.Areas.MapArea])" methodname="IsFillComplete" classname="PlayersWorlds.Maps.Maze.MazeGeneratorTest" runstate="Runnable" seed="819442008" result="Passed" start-time="2024-03-12T00:50:13.4668040Z" end-time="2024-03-12T00:50:13.5464580Z" duration="0.079654" asserts="3" />
                <test-case id="1-1681" name="IsFillComplete(PlayersWorlds.Maps.Maze.RecursiveBacktrackerMazeGenerator,FullWidth,Auto,System.Collections.Generic.List`1[PlayersWorlds.Maps.Areas.MapArea])" fullname="PlayersWorlds.Maps.Maze.MazeGeneratorTest.IsFillComplete(PlayersWorlds.Maps.Maze.RecursiveBacktrackerMazeGenerator,FullWidth,Auto,System.Collections.Generic.List`1[PlayersWorlds.Maps.Areas.MapArea])" methodname="IsFillComplete" classname="PlayersWorlds.Maps.Maze.MazeGeneratorTest" runstate="Runnable" seed="869286264" result="Passed" start-time="2024-03-12T00:50:13.5464690Z" end-time="2024-03-12T00:50:13.5818550Z" duration="0.035386" asserts="3" />
                <test-case id="1-1682" name="IsFillComplete(PlayersWorlds.Maps.Maze.RecursiveBacktrackerMazeGenerator,FullWidth,Auto,System.Collections.Generic.List`1[PlayersWorlds.Maps.Areas.MapArea])" fullname="PlayersWorlds.Maps.Maze.MazeGeneratorTest.IsFillComplete(PlayersWorlds.Maps.Maze.RecursiveBacktrackerMazeGenerator,FullWidth,Auto,System.Collections.Generic.List`1[PlayersWorlds.Maps.Areas.MapArea])" methodname="IsFillComplete" classname="PlayersWorlds.Maps.Maze.MazeGeneratorTest" runstate="Runnable" seed="1962625708" result="Passed" start-time="2024-03-12T00:50:13.5818690Z" end-time="2024-03-12T00:50:13.5867650Z" duration="0.004896" asserts="3" />
                <test-case id="1-1683" name="IsFillComplete(PlayersWorlds.Maps.Maze.RecursiveBacktrackerMazeGenerator,FullWidth,Auto,System.Collections.Generic.List`1[PlayersWorlds.Maps.Areas.MapArea])" fullname="PlayersWorlds.Maps.Maze.MazeGeneratorTest.IsFillComplete(PlayersWorlds.Maps.Maze.RecursiveBacktrackerMazeGenerator,FullWidth,Auto,System.Collections.Generic.List`1[PlayersWorlds.Maps.Areas.MapArea])" methodname="IsFillComplete" classname="PlayersWorlds.Maps.Maze.MazeGeneratorTest" runstate="Runnable" seed="1337700119" result="Passed" start-time="2024-03-12T00:50:13.5867830Z" end-time="2024-03-12T00:50:13.6263290Z" duration="0.039546" asserts="3" />
                <test-case id="1-1684" name="IsFillComplete(PlayersWorlds.Maps.Maze.RecursiveBacktrackerMazeGenerator,FullWidth,Auto,System.Collections.Generic.List`1[PlayersWorlds.Maps.Areas.MapArea])" fullname="PlayersWorlds.Maps.Maze.MazeGeneratorTest.IsFillComplete(PlayersWorlds.Maps.Maze.RecursiveBacktrackerMazeGenerator,FullWidth,Auto,System.Collections.Generic.List`1[PlayersWorlds.Maps.Areas.MapArea])" methodname="IsFillComplete" classname="PlayersWorlds.Maps.Maze.MazeGeneratorTest" runstate="Runnable" seed="1446134876" result="Passed" start-time="2024-03-12T00:50:13.6263460Z" end-time="2024-03-12T00:50:13.6533930Z" duration="0.027048" asserts="3" />
                <test-case id="1-1685" name="IsFillComplete(PlayersWorlds.Maps.Maze.RecursiveBacktrackerMazeGenerator,FullWidth,Manual,null)" fullname="PlayersWorlds.Maps.Maze.MazeGeneratorTest.IsFillComplete(PlayersWorlds.Maps.Maze.RecursiveBacktrackerMazeGenerator,FullWidth,Manual,null)" methodname="IsFillComplete" classname="PlayersWorlds.Maps.Maze.MazeGeneratorTest" runstate="Runnable" seed="1492058265" result="Passed" start-time="2024-03-12T00:50:13.6534040Z" end-time="2024-03-12T00:50:13.6546610Z" duration="0.001257" asserts="3" />
                <test-case id="1-1686" name="IsFillComplete(PlayersWorlds.Maps.Maze.RecursiveBacktrackerMazeGenerator,FullWidth,Manual,System.Collections.Generic.List`1[PlayersWorlds.Maps.Areas.MapArea])" fullname="PlayersWorlds.Maps.Maze.MazeGeneratorTest.IsFillComplete(PlayersWorlds.Maps.Maze.RecursiveBacktrackerMazeGenerator,FullWidth,Manual,System.Collections.Generic.List`1[PlayersWorlds.Maps.Areas.MapArea])" methodname="IsFillComplete" classname="PlayersWorlds.Maps.Maze.MazeGeneratorTest" runstate="Runnable" seed="1654718512" result="Passed" start-time="2024-03-12T00:50:13.6546700Z" end-time="2024-03-12T00:50:13.6560600Z" duration="0.001390" asserts="3" />
                <test-case id="1-1687" name="IsFillComplete(PlayersWorlds.Maps.Maze.RecursiveBacktrackerMazeGenerator,FullWidth,Manual,System.Collections.Generic.List`1[PlayersWorlds.Maps.Areas.MapArea])" fullname="PlayersWorlds.Maps.Maze.MazeGeneratorTest.IsFillComplete(PlayersWorlds.Maps.Maze.RecursiveBacktrackerMazeGenerator,FullWidth,Manual,System.Collections.Generic.List`1[PlayersWorlds.Maps.Areas.MapArea])" methodname="IsFillComplete" classname="PlayersWorlds.Maps.Maze.MazeGeneratorTest" runstate="Runnable" seed="1497087818" result="Passed" start-time="2024-03-12T00:50:13.6560680Z" end-time="2024-03-12T00:50:13.6582420Z" duration="0.002173" asserts="3" />
                <test-case id="1-1688" name="IsFillComplete(PlayersWorlds.Maps.Maze.RecursiveBacktrackerMazeGenerator,FullWidth,Manual,System.Collections.Generic.List`1[PlayersWorlds.Maps.Areas.MapArea])" fullname="PlayersWorlds.Maps.Maze.MazeGeneratorTest.IsFillComplete(PlayersWorlds.Maps.Maze.RecursiveBacktrackerMazeGenerator,FullWidth,Manual,System.Collections.Generic.List`1[PlayersWorlds.Maps.Areas.MapArea])" methodname="IsFillComplete" classname="PlayersWorlds.Maps.Maze.MazeGeneratorTest" runstate="Runnable" seed="253026310" result="Passed" start-time="2024-03-12T00:50:13.6582510Z" end-time="2024-03-12T00:50:13.6610260Z" duration="0.002775" asserts="3" />
                <test-case id="1-1689" name="IsFillComplete(PlayersWorlds.Maps.Maze.RecursiveBacktrackerMazeGenerator,FullWidth,Manual,System.Collections.Generic.List`1[PlayersWorlds.Maps.Areas.MapArea])" fullname="PlayersWorlds.Maps.Maze.MazeGeneratorTest.IsFillComplete(PlayersWorlds.Maps.Maze.RecursiveBacktrackerMazeGenerator,FullWidth,Manual,System.Collections.Generic.List`1[PlayersWorlds.Maps.Areas.MapArea])" methodname="IsFillComplete" classname="PlayersWorlds.Maps.Maze.MazeGeneratorTest" runstate="Runnable" seed="2016628568" result="Passed" start-time="2024-03-12T00:50:13.6610370Z" end-time="2024-03-12T00:50:13.6664400Z" duration="0.005404" asserts="3" />
                <test-case id="1-1690" name="IsFillComplete(PlayersWorlds.Maps.Maze.RecursiveBacktrackerMazeGenerator,FullWidth,Manual,System.Collections.Generic.List`1[PlayersWorlds.Maps.Areas.MapArea])" fullname="PlayersWorlds.Maps.Maze.MazeGeneratorTest.IsFillComplete(PlayersWorlds.Maps.Maze.RecursiveBacktrackerMazeGenerator,FullWidth,Manual,System.Collections.Generic.List`1[PlayersWorlds.Maps.Areas.MapArea])" methodname="IsFillComplete" classname="PlayersWorlds.Maps.Maze.MazeGeneratorTest" runstate="Runnable" seed="23809932" result="Passed" start-time="2024-03-12T00:50:13.6664500Z" end-time="2024-03-12T00:50:13.6699460Z" duration="0.003496" asserts="3" />
                <test-case id="1-1691" name="IsFillComplete(PlayersWorlds.Maps.Maze.RecursiveBacktrackerMazeGenerator,FullHeight,Auto,null)" fullname="PlayersWorlds.Maps.Maze.MazeGeneratorTest.IsFillComplete(PlayersWorlds.Maps.Maze.RecursiveBacktrackerMazeGenerator,FullHeight,Auto,null)" methodname="IsFillComplete" classname="PlayersWorlds.Maps.Maze.MazeGeneratorTest" runstate="Runnable" seed="1016589019" result="Passed" start-time="2024-03-12T00:50:13.6699630Z" end-time="2024-03-12T00:50:13.6737000Z" duration="0.003737" asserts="3" />
                <test-case id="1-1692" name="IsFillComplete(PlayersWorlds.Maps.Maze.RecursiveBacktrackerMazeGenerator,FullHeight,Auto,System.Collections.Generic.List`1[PlayersWorlds.Maps.Areas.MapArea])" fullname="PlayersWorlds.Maps.Maze.MazeGeneratorTest.IsFillComplete(PlayersWorlds.Maps.Maze.RecursiveBacktrackerMazeGenerator,FullHeight,Auto,System.Collections.Generic.List`1[PlayersWorlds.Maps.Areas.MapArea])" methodname="IsFillComplete" classname="PlayersWorlds.Maps.Maze.MazeGeneratorTest" runstate="Runnable" seed="1554968943" result="Passed" start-time="2024-03-12T00:50:13.6737100Z" end-time="2024-03-12T00:50:13.6761240Z" duration="0.002414" asserts="3" />
                <test-case id="1-1693" name="IsFillComplete(PlayersWorlds.Maps.Maze.RecursiveBacktrackerMazeGenerator,FullHeight,Auto,System.Collections.Generic.List`1[PlayersWorlds.Maps.Areas.MapArea])" fullname="PlayersWorlds.Maps.Maze.MazeGeneratorTest.IsFillComplete(PlayersWorlds.Maps.Maze.RecursiveBacktrackerMazeGenerator,FullHeight,Auto,System.Collections.Generic.List`1[PlayersWorlds.Maps.Areas.MapArea])" methodname="IsFillComplete" classname="PlayersWorlds.Maps.Maze.MazeGeneratorTest" runstate="Runnable" seed="327322817" result="Passed" start-time="2024-03-12T00:50:13.6761330Z" end-time="2024-03-12T00:50:14.3514300Z" duration="0.675297" asserts="3" />
                <test-case id="1-1694" name="IsFillComplete(PlayersWorlds.Maps.Maze.RecursiveBacktrackerMazeGenerator,FullHeight,Auto,System.Collections.Generic.List`1[PlayersWorlds.Maps.Areas.MapArea])" fullname="PlayersWorlds.Maps.Maze.MazeGeneratorTest.IsFillComplete(PlayersWorlds.Maps.Maze.RecursiveBacktrackerMazeGenerator,FullHeight,Auto,System.Collections.Generic.List`1[PlayersWorlds.Maps.Areas.MapArea])" methodname="IsFillComplete" classname="PlayersWorlds.Maps.Maze.MazeGeneratorTest" runstate="Runnable" seed="82846663" result="Passed" start-time="2024-03-12T00:50:14.3514410Z" end-time="2024-03-12T00:50:14.3563520Z" duration="0.004911" asserts="3" />
                <test-case id="1-1695" name="IsFillComplete(PlayersWorlds.Maps.Maze.RecursiveBacktrackerMazeGenerator,FullHeight,Auto,System.Collections.Generic.List`1[PlayersWorlds.Maps.Areas.MapArea])" fullname="PlayersWorlds.Maps.Maze.MazeGeneratorTest.IsFillComplete(PlayersWorlds.Maps.Maze.RecursiveBacktrackerMazeGenerator,FullHeight,Auto,System.Collections.Generic.List`1[PlayersWorlds.Maps.Areas.MapArea])" methodname="IsFillComplete" classname="PlayersWorlds.Maps.Maze.MazeGeneratorTest" runstate="Runnable" seed="2049920225" result="Passed" start-time="2024-03-12T00:50:14.3563660Z" end-time="2024-03-12T00:50:14.7939000Z" duration="0.437534" asserts="3" />
                <test-case id="1-1696" name="IsFillComplete(PlayersWorlds.Maps.Maze.RecursiveBacktrackerMazeGenerator,FullHeight,Auto,System.Collections.Generic.List`1[PlayersWorlds.Maps.Areas.MapArea])" fullname="PlayersWorlds.Maps.Maze.MazeGeneratorTest.IsFillComplete(PlayersWorlds.Maps.Maze.RecursiveBacktrackerMazeGenerator,FullHeight,Auto,System.Collections.Generic.List`1[PlayersWorlds.Maps.Areas.MapArea])" methodname="IsFillComplete" classname="PlayersWorlds.Maps.Maze.MazeGeneratorTest" runstate="Runnable" seed="807175358" result="Passed" start-time="2024-03-12T00:50:14.7939090Z" end-time="2024-03-12T00:50:14.8462240Z" duration="0.052315" asserts="3" />
                <test-case id="1-1697" name="IsFillComplete(PlayersWorlds.Maps.Maze.RecursiveBacktrackerMazeGenerator,FullHeight,Manual,null)" fullname="PlayersWorlds.Maps.Maze.MazeGeneratorTest.IsFillComplete(PlayersWorlds.Maps.Maze.RecursiveBacktrackerMazeGenerator,FullHeight,Manual,null)" methodname="IsFillComplete" classname="PlayersWorlds.Maps.Maze.MazeGeneratorTest" runstate="Runnable" seed="985019967" result="Passed" start-time="2024-03-12T00:50:14.8462370Z" end-time="2024-03-12T00:50:14.8475960Z" duration="0.001359" asserts="3" />
                <test-case id="1-1698" name="IsFillComplete(PlayersWorlds.Maps.Maze.RecursiveBacktrackerMazeGenerator,FullHeight,Manual,System.Collections.Generic.List`1[PlayersWorlds.Maps.Areas.MapArea])" fullname="PlayersWorlds.Maps.Maze.MazeGeneratorTest.IsFillComplete(PlayersWorlds.Maps.Maze.RecursiveBacktrackerMazeGenerator,FullHeight,Manual,System.Collections.Generic.List`1[PlayersWorlds.Maps.Areas.MapArea])" methodname="IsFillComplete" classname="PlayersWorlds.Maps.Maze.MazeGeneratorTest" runstate="Runnable" seed="1133239858" result="Passed" start-time="2024-03-12T00:50:14.8476040Z" end-time="2024-03-12T00:50:14.8488970Z" duration="0.001293" asserts="3" />
                <test-case id="1-1699" name="IsFillComplete(PlayersWorlds.Maps.Maze.RecursiveBacktrackerMazeGenerator,FullHeight,Manual,System.Collections.Generic.List`1[PlayersWorlds.Maps.Areas.MapArea])" fullname="PlayersWorlds.Maps.Maze.MazeGeneratorTest.IsFillComplete(PlayersWorlds.Maps.Maze.RecursiveBacktrackerMazeGenerator,FullHeight,Manual,System.Collections.Generic.List`1[PlayersWorlds.Maps.Areas.MapArea])" methodname="IsFillComplete" classname="PlayersWorlds.Maps.Maze.MazeGeneratorTest" runstate="Runnable" seed="1617600376" result="Passed" start-time="2024-03-12T00:50:14.8489120Z" end-time="2024-03-12T00:50:14.8508610Z" duration="0.001949" asserts="3" />
                <test-case id="1-1700" name="IsFillComplete(PlayersWorlds.Maps.Maze.RecursiveBacktrackerMazeGenerator,FullHeight,Manual,System.Collections.Generic.List`1[PlayersWorlds.Maps.Areas.MapArea])" fullname="PlayersWorlds.Maps.Maze.MazeGeneratorTest.IsFillComplete(PlayersWorlds.Maps.Maze.RecursiveBacktrackerMazeGenerator,FullHeight,Manual,System.Collections.Generic.List`1[PlayersWorlds.Maps.Areas.MapArea])" methodname="IsFillComplete" classname="PlayersWorlds.Maps.Maze.MazeGeneratorTest" runstate="Runnable" seed="530430025" result="Passed" start-time="2024-03-12T00:50:14.8508700Z" end-time="2024-03-12T00:50:14.8531360Z" duration="0.002266" asserts="3" />
                <test-case id="1-1701" name="IsFillComplete(PlayersWorlds.Maps.Maze.RecursiveBacktrackerMazeGenerator,FullHeight,Manual,System.Collections.Generic.List`1[PlayersWorlds.Maps.Areas.MapArea])" fullname="PlayersWorlds.Maps.Maze.MazeGeneratorTest.IsFillComplete(PlayersWorlds.Maps.Maze.RecursiveBacktrackerMazeGenerator,FullHeight,Manual,System.Collections.Generic.List`1[PlayersWorlds.Maps.Areas.MapArea])" methodname="IsFillComplete" classname="PlayersWorlds.Maps.Maze.MazeGeneratorTest" runstate="Runnable" seed="1447555270" result="Passed" start-time="2024-03-12T00:50:14.8531450Z" end-time="2024-03-12T00:50:14.8574590Z" duration="0.004314" asserts="3" />
                <test-case id="1-1702" name="IsFillComplete(PlayersWorlds.Maps.Maze.RecursiveBacktrackerMazeGenerator,FullHeight,Manual,System.Collections.Generic.List`1[PlayersWorlds.Maps.Areas.MapArea])" fullname="PlayersWorlds.Maps.Maze.MazeGeneratorTest.IsFillComplete(PlayersWorlds.Maps.Maze.RecursiveBacktrackerMazeGenerator,FullHeight,Manual,System.Collections.Generic.List`1[PlayersWorlds.Maps.Areas.MapArea])" methodname="IsFillComplete" classname="PlayersWorlds.Maps.Maze.MazeGeneratorTest" runstate="Runnable" seed="790978394" result="Passed" start-time="2024-03-12T00:50:14.8574740Z" end-time="2024-03-12T00:50:14.8621100Z" duration="0.004636" asserts="3" />
                <test-case id="1-1703" name="IsFillComplete(PlayersWorlds.Maps.Maze.RecursiveBacktrackerMazeGenerator,Full,Auto,null)" fullname="PlayersWorlds.Maps.Maze.MazeGeneratorTest.IsFillComplete(PlayersWorlds.Maps.Maze.RecursiveBacktrackerMazeGenerator,Full,Auto,null)" methodname="IsFillComplete" classname="PlayersWorlds.Maps.Maze.MazeGeneratorTest" runstate="Runnable" seed="171730754" result="Passed" start-time="2024-03-12T00:50:14.8621190Z" end-time="2024-03-12T00:50:14.8661800Z" duration="0.004061" asserts="3" />
                <test-case id="1-1704" name="IsFillComplete(PlayersWorlds.Maps.Maze.RecursiveBacktrackerMazeGenerator,Full,Auto,System.Collections.Generic.List`1[PlayersWorlds.Maps.Areas.MapArea])" fullname="PlayersWorlds.Maps.Maze.MazeGeneratorTest.IsFillComplete(PlayersWorlds.Maps.Maze.RecursiveBacktrackerMazeGenerator,Full,Auto,System.Collections.Generic.List`1[PlayersWorlds.Maps.Areas.MapArea])" methodname="IsFillComplete" classname="PlayersWorlds.Maps.Maze.MazeGeneratorTest" runstate="Runnable" seed="1273317867" result="Passed" start-time="2024-03-12T00:50:14.8661880Z" end-time="2024-03-12T00:50:14.8717840Z" duration="0.005595" asserts="3" />
                <test-case id="1-1705" name="IsFillComplete(PlayersWorlds.Maps.Maze.RecursiveBacktrackerMazeGenerator,Full,Auto,System.Collections.Generic.List`1[PlayersWorlds.Maps.Areas.MapArea])" fullname="PlayersWorlds.Maps.Maze.MazeGeneratorTest.IsFillComplete(PlayersWorlds.Maps.Maze.RecursiveBacktrackerMazeGenerator,Full,Auto,System.Collections.Generic.List`1[PlayersWorlds.Maps.Areas.MapArea])" methodname="IsFillComplete" classname="PlayersWorlds.Maps.Maze.MazeGeneratorTest" runstate="Runnable" seed="1660762146" result="Passed" start-time="2024-03-12T00:50:14.8717920Z" end-time="2024-03-12T00:50:14.8804670Z" duration="0.008675" asserts="3" />
                <test-case id="1-1706" name="IsFillComplete(PlayersWorlds.Maps.Maze.RecursiveBacktrackerMazeGenerator,Full,Auto,System.Collections.Generic.List`1[PlayersWorlds.Maps.Areas.MapArea])" fullname="PlayersWorlds.Maps.Maze.MazeGeneratorTest.IsFillComplete(PlayersWorlds.Maps.Maze.RecursiveBacktrackerMazeGenerator,Full,Auto,System.Collections.Generic.List`1[PlayersWorlds.Maps.Areas.MapArea])" methodname="IsFillComplete" classname="PlayersWorlds.Maps.Maze.MazeGeneratorTest" runstate="Runnable" seed="1594045312" result="Passed" start-time="2024-03-12T00:50:14.8804760Z" end-time="2024-03-12T00:50:15.5427510Z" duration="0.662275" asserts="3" />
                <test-case id="1-1707" name="IsFillComplete(PlayersWorlds.Maps.Maze.RecursiveBacktrackerMazeGenerator,Full,Auto,System.Collections.Generic.List`1[PlayersWorlds.Maps.Areas.MapArea])" fullname="PlayersWorlds.Maps.Maze.MazeGeneratorTest.IsFillComplete(PlayersWorlds.Maps.Maze.RecursiveBacktrackerMazeGenerator,Full,Auto,System.Collections.Generic.List`1[PlayersWorlds.Maps.Areas.MapArea])" methodname="IsFillComplete" classname="PlayersWorlds.Maps.Maze.MazeGeneratorTest" runstate="Runnable" seed="839398794" result="Passed" start-time="2024-03-12T00:50:15.5427670Z" end-time="2024-03-12T00:50:15.5706950Z" duration="0.027928" asserts="3" />
                <test-case id="1-1708" name="IsFillComplete(PlayersWorlds.Maps.Maze.RecursiveBacktrackerMazeGenerator,Full,Auto,System.Collections.Generic.List`1[PlayersWorlds.Maps.Areas.MapArea])" fullname="PlayersWorlds.Maps.Maze.MazeGeneratorTest.IsFillComplete(PlayersWorlds.Maps.Maze.RecursiveBacktrackerMazeGenerator,Full,Auto,System.Collections.Generic.List`1[PlayersWorlds.Maps.Areas.MapArea])" methodname="IsFillComplete" classname="PlayersWorlds.Maps.Maze.MazeGeneratorTest" runstate="Runnable" seed="1868509616" result="Passed" start-time="2024-03-12T00:50:15.5707090Z" end-time="2024-03-12T00:50:15.6108510Z" duration="0.040143" asserts="3" />
                <test-case id="1-1709" name="IsFillComplete(PlayersWorlds.Maps.Maze.RecursiveBacktrackerMazeGenerator,Full,Manual,null)" fullname="PlayersWorlds.Maps.Maze.MazeGeneratorTest.IsFillComplete(PlayersWorlds.Maps.Maze.RecursiveBacktrackerMazeGenerator,Full,Manual,null)" methodname="IsFillComplete" classname="PlayersWorlds.Maps.Maze.MazeGeneratorTest" runstate="Runnable" seed="1177426083" result="Passed" start-time="2024-03-12T00:50:15.6108620Z" end-time="2024-03-12T00:50:15.6123840Z" duration="0.001521" asserts="3" />
                <test-case id="1-1710" name="IsFillComplete(PlayersWorlds.Maps.Maze.RecursiveBacktrackerMazeGenerator,Full,Manual,System.Collections.Generic.List`1[PlayersWorlds.Maps.Areas.MapArea])" fullname="PlayersWorlds.Maps.Maze.MazeGeneratorTest.IsFillComplete(PlayersWorlds.Maps.Maze.RecursiveBacktrackerMazeGenerator,Full,Manual,System.Collections.Generic.List`1[PlayersWorlds.Maps.Areas.MapArea])" methodname="IsFillComplete" classname="PlayersWorlds.Maps.Maze.MazeGeneratorTest" runstate="Runnable" seed="847192810" result="Passed" start-time="2024-03-12T00:50:15.6123910Z" end-time="2024-03-12T00:50:15.6142040Z" duration="0.001813" asserts="3" />
                <test-case id="1-1711" name="IsFillComplete(PlayersWorlds.Maps.Maze.RecursiveBacktrackerMazeGenerator,Full,Manual,System.Collections.Generic.List`1[PlayersWorlds.Maps.Areas.MapArea])" fullname="PlayersWorlds.Maps.Maze.MazeGeneratorTest.IsFillComplete(PlayersWorlds.Maps.Maze.RecursiveBacktrackerMazeGenerator,Full,Manual,System.Collections.Generic.List`1[PlayersWorlds.Maps.Areas.MapArea])" methodname="IsFillComplete" classname="PlayersWorlds.Maps.Maze.MazeGeneratorTest" runstate="Runnable" seed="1020376056" result="Passed" start-time="2024-03-12T00:50:15.6142130Z" end-time="2024-03-12T00:50:15.6163630Z" duration="0.002150" asserts="3" />
                <test-case id="1-1712" name="IsFillComplete(PlayersWorlds.Maps.Maze.RecursiveBacktrackerMazeGenerator,Full,Manual,System.Collections.Generic.List`1[PlayersWorlds.Maps.Areas.MapArea])" fullname="PlayersWorlds.Maps.Maze.MazeGeneratorTest.IsFillComplete(PlayersWorlds.Maps.Maze.RecursiveBacktrackerMazeGenerator,Full,Manual,System.Collections.Generic.List`1[PlayersWorlds.Maps.Areas.MapArea])" methodname="IsFillComplete" classname="PlayersWorlds.Maps.Maze.MazeGeneratorTest" runstate="Runnable" seed="400702315" result="Passed" start-time="2024-03-12T00:50:15.6163720Z" end-time="2024-03-12T00:50:15.6186430Z" duration="0.002271" asserts="3" />
                <test-case id="1-1713" name="IsFillComplete(PlayersWorlds.Maps.Maze.RecursiveBacktrackerMazeGenerator,Full,Manual,System.Collections.Generic.List`1[PlayersWorlds.Maps.Areas.MapArea])" fullname="PlayersWorlds.Maps.Maze.MazeGeneratorTest.IsFillComplete(PlayersWorlds.Maps.Maze.RecursiveBacktrackerMazeGenerator,Full,Manual,System.Collections.Generic.List`1[PlayersWorlds.Maps.Areas.MapArea])" methodname="IsFillComplete" classname="PlayersWorlds.Maps.Maze.MazeGeneratorTest" runstate="Runnable" seed="475645837" result="Passed" start-time="2024-03-12T00:50:15.6186510Z" end-time="2024-03-12T00:50:15.6234870Z" duration="0.004835" asserts="3" />
                <test-case id="1-1714" name="IsFillComplete(PlayersWorlds.Maps.Maze.RecursiveBacktrackerMazeGenerator,Full,Manual,System.Collections.Generic.List`1[PlayersWorlds.Maps.Areas.MapArea])" fullname="PlayersWorlds.Maps.Maze.MazeGeneratorTest.IsFillComplete(PlayersWorlds.Maps.Maze.RecursiveBacktrackerMazeGenerator,Full,Manual,System.Collections.Generic.List`1[PlayersWorlds.Maps.Areas.MapArea])" methodname="IsFillComplete" classname="PlayersWorlds.Maps.Maze.MazeGeneratorTest" runstate="Runnable" seed="1390454722" result="Passed" start-time="2024-03-12T00:50:15.6234960Z" end-time="2024-03-12T00:50:15.6279120Z" duration="0.004416" asserts="3" />
                <test-case id="1-1715" name="IsFillComplete(PlayersWorlds.Maps.Maze.SidewinderMazeGenerator,Quarter,Auto,null)" fullname="PlayersWorlds.Maps.Maze.MazeGeneratorTest.IsFillComplete(PlayersWorlds.Maps.Maze.SidewinderMazeGenerator,Quarter,Auto,null)" methodname="IsFillComplete" classname="PlayersWorlds.Maps.Maze.MazeGeneratorTest" runstate="Runnable" seed="940396361" result="Skipped" label="Ignored" start-time="2024-03-12T00:50:15.6279210Z" end-time="2024-03-12T00:50:15.6280430Z" duration="0.000122" asserts="0" />
                <test-case id="1-1716" name="IsFillComplete(PlayersWorlds.Maps.Maze.SidewinderMazeGenerator,Quarter,Auto,System.Collections.Generic.List`1[PlayersWorlds.Maps.Areas.MapArea])" fullname="PlayersWorlds.Maps.Maze.MazeGeneratorTest.IsFillComplete(PlayersWorlds.Maps.Maze.SidewinderMazeGenerator,Quarter,Auto,System.Collections.Generic.List`1[PlayersWorlds.Maps.Areas.MapArea])" methodname="IsFillComplete" classname="PlayersWorlds.Maps.Maze.MazeGeneratorTest" runstate="Runnable" seed="337853225" result="Skipped" label="Ignored" start-time="2024-03-12T00:50:15.6280480Z" end-time="2024-03-12T00:50:15.6281100Z" duration="0.000062" asserts="0" />
                <test-case id="1-1717" name="IsFillComplete(PlayersWorlds.Maps.Maze.SidewinderMazeGenerator,Quarter,Auto,System.Collections.Generic.List`1[PlayersWorlds.Maps.Areas.MapArea])" fullname="PlayersWorlds.Maps.Maze.MazeGeneratorTest.IsFillComplete(PlayersWorlds.Maps.Maze.SidewinderMazeGenerator,Quarter,Auto,System.Collections.Generic.List`1[PlayersWorlds.Maps.Areas.MapArea])" methodname="IsFillComplete" classname="PlayersWorlds.Maps.Maze.MazeGeneratorTest" runstate="Runnable" seed="1165697418" result="Skipped" label="Ignored" start-time="2024-03-12T00:50:15.6281150Z" end-time="2024-03-12T00:50:15.6281690Z" duration="0.000054" asserts="0" />
                <test-case id="1-1718" name="IsFillComplete(PlayersWorlds.Maps.Maze.SidewinderMazeGenerator,Quarter,Auto,System.Collections.Generic.List`1[PlayersWorlds.Maps.Areas.MapArea])" fullname="PlayersWorlds.Maps.Maze.MazeGeneratorTest.IsFillComplete(PlayersWorlds.Maps.Maze.SidewinderMazeGenerator,Quarter,Auto,System.Collections.Generic.List`1[PlayersWorlds.Maps.Areas.MapArea])" methodname="IsFillComplete" classname="PlayersWorlds.Maps.Maze.MazeGeneratorTest" runstate="Runnable" seed="153243339" result="Skipped" label="Ignored" start-time="2024-03-12T00:50:15.6281730Z" end-time="2024-03-12T00:50:15.6282250Z" duration="0.000051" asserts="0" />
                <test-case id="1-1719" name="IsFillComplete(PlayersWorlds.Maps.Maze.SidewinderMazeGenerator,Quarter,Auto,System.Collections.Generic.List`1[PlayersWorlds.Maps.Areas.MapArea])" fullname="PlayersWorlds.Maps.Maze.MazeGeneratorTest.IsFillComplete(PlayersWorlds.Maps.Maze.SidewinderMazeGenerator,Quarter,Auto,System.Collections.Generic.List`1[PlayersWorlds.Maps.Areas.MapArea])" methodname="IsFillComplete" classname="PlayersWorlds.Maps.Maze.MazeGeneratorTest" runstate="Runnable" seed="702085361" result="Skipped" label="Ignored" start-time="2024-03-12T00:50:15.6282290Z" end-time="2024-03-12T00:50:15.6282800Z" duration="0.000050" asserts="0" />
                <test-case id="1-1720" name="IsFillComplete(PlayersWorlds.Maps.Maze.SidewinderMazeGenerator,Quarter,Auto,System.Collections.Generic.List`1[PlayersWorlds.Maps.Areas.MapArea])" fullname="PlayersWorlds.Maps.Maze.MazeGeneratorTest.IsFillComplete(PlayersWorlds.Maps.Maze.SidewinderMazeGenerator,Quarter,Auto,System.Collections.Generic.List`1[PlayersWorlds.Maps.Areas.MapArea])" methodname="IsFillComplete" classname="PlayersWorlds.Maps.Maze.MazeGeneratorTest" runstate="Runnable" seed="1369334572" result="Skipped" label="Ignored" start-time="2024-03-12T00:50:15.6282840Z" end-time="2024-03-12T00:50:15.6283330Z" duration="0.000049" asserts="0" />
                <test-case id="1-1721" name="IsFillComplete(PlayersWorlds.Maps.Maze.SidewinderMazeGenerator,Quarter,Manual,null)" fullname="PlayersWorlds.Maps.Maze.MazeGeneratorTest.IsFillComplete(PlayersWorlds.Maps.Maze.SidewinderMazeGenerator,Quarter,Manual,null)" methodname="IsFillComplete" classname="PlayersWorlds.Maps.Maze.MazeGeneratorTest" runstate="Runnable" seed="757493225" result="Skipped" label="Ignored" start-time="2024-03-12T00:50:15.6283370Z" end-time="2024-03-12T00:50:15.6283860Z" duration="0.000049" asserts="0" />
                <test-case id="1-1722" name="IsFillComplete(PlayersWorlds.Maps.Maze.SidewinderMazeGenerator,Quarter,Manual,System.Collections.Generic.List`1[PlayersWorlds.Maps.Areas.MapArea])" fullname="PlayersWorlds.Maps.Maze.MazeGeneratorTest.IsFillComplete(PlayersWorlds.Maps.Maze.SidewinderMazeGenerator,Quarter,Manual,System.Collections.Generic.List`1[PlayersWorlds.Maps.Areas.MapArea])" methodname="IsFillComplete" classname="PlayersWorlds.Maps.Maze.MazeGeneratorTest" runstate="Runnable" seed="1468627011" result="Skipped" label="Ignored" start-time="2024-03-12T00:50:15.6283900Z" end-time="2024-03-12T00:50:15.6284400Z" duration="0.000050" asserts="0" />
                <test-case id="1-1723" name="IsFillComplete(PlayersWorlds.Maps.Maze.SidewinderMazeGenerator,Quarter,Manual,System.Collections.Generic.List`1[PlayersWorlds.Maps.Areas.MapArea])" fullname="PlayersWorlds.Maps.Maze.MazeGeneratorTest.IsFillComplete(PlayersWorlds.Maps.Maze.SidewinderMazeGenerator,Quarter,Manual,System.Collections.Generic.List`1[PlayersWorlds.Maps.Areas.MapArea])" methodname="IsFillComplete" classname="PlayersWorlds.Maps.Maze.MazeGeneratorTest" runstate="Runnable" seed="2083138053" result="Skipped" label="Ignored" start-time="2024-03-12T00:50:15.6284440Z" end-time="2024-03-12T00:50:15.6284940Z" duration="0.000050" asserts="0" />
                <test-case id="1-1724" name="IsFillComplete(PlayersWorlds.Maps.Maze.SidewinderMazeGenerator,Quarter,Manual,System.Collections.Generic.List`1[PlayersWorlds.Maps.Areas.MapArea])" fullname="PlayersWorlds.Maps.Maze.MazeGeneratorTest.IsFillComplete(PlayersWorlds.Maps.Maze.SidewinderMazeGenerator,Quarter,Manual,System.Collections.Generic.List`1[PlayersWorlds.Maps.Areas.MapArea])" methodname="IsFillComplete" classname="PlayersWorlds.Maps.Maze.MazeGeneratorTest" runstate="Runnable" seed="1839088642" result="Skipped" label="Ignored" start-time="2024-03-12T00:50:15.6284990Z" end-time="2024-03-12T00:50:15.6285480Z" duration="0.000049" asserts="0" />
                <test-case id="1-1725" name="IsFillComplete(PlayersWorlds.Maps.Maze.SidewinderMazeGenerator,Quarter,Manual,System.Collections.Generic.List`1[PlayersWorlds.Maps.Areas.MapArea])" fullname="PlayersWorlds.Maps.Maze.MazeGeneratorTest.IsFillComplete(PlayersWorlds.Maps.Maze.SidewinderMazeGenerator,Quarter,Manual,System.Collections.Generic.List`1[PlayersWorlds.Maps.Areas.MapArea])" methodname="IsFillComplete" classname="PlayersWorlds.Maps.Maze.MazeGeneratorTest" runstate="Runnable" seed="1742821820" result="Skipped" label="Ignored" start-time="2024-03-12T00:50:15.6285520Z" end-time="2024-03-12T00:50:15.6286010Z" duration="0.000049" asserts="0" />
                <test-case id="1-1726" name="IsFillComplete(PlayersWorlds.Maps.Maze.SidewinderMazeGenerator,Quarter,Manual,System.Collections.Generic.List`1[PlayersWorlds.Maps.Areas.MapArea])" fullname="PlayersWorlds.Maps.Maze.MazeGeneratorTest.IsFillComplete(PlayersWorlds.Maps.Maze.SidewinderMazeGenerator,Quarter,Manual,System.Collections.Generic.List`1[PlayersWorlds.Maps.Areas.MapArea])" methodname="IsFillComplete" classname="PlayersWorlds.Maps.Maze.MazeGeneratorTest" runstate="Runnable" seed="1133271015" result="Skipped" label="Ignored" start-time="2024-03-12T00:50:15.6286050Z" end-time="2024-03-12T00:50:15.6286540Z" duration="0.000049" asserts="0" />
                <test-case id="1-1727" name="IsFillComplete(PlayersWorlds.Maps.Maze.SidewinderMazeGenerator,Half,Auto,null)" fullname="PlayersWorlds.Maps.Maze.MazeGeneratorTest.IsFillComplete(PlayersWorlds.Maps.Maze.SidewinderMazeGenerator,Half,Auto,null)" methodname="IsFillComplete" classname="PlayersWorlds.Maps.Maze.MazeGeneratorTest" runstate="Runnable" seed="858410219" result="Skipped" label="Ignored" start-time="2024-03-12T00:50:15.6286580Z" end-time="2024-03-12T00:50:15.6287080Z" duration="0.000049" asserts="0" />
                <test-case id="1-1728" name="IsFillComplete(PlayersWorlds.Maps.Maze.SidewinderMazeGenerator,Half,Auto,System.Collections.Generic.List`1[PlayersWorlds.Maps.Areas.MapArea])" fullname="PlayersWorlds.Maps.Maze.MazeGeneratorTest.IsFillComplete(PlayersWorlds.Maps.Maze.SidewinderMazeGenerator,Half,Auto,System.Collections.Generic.List`1[PlayersWorlds.Maps.Areas.MapArea])" methodname="IsFillComplete" classname="PlayersWorlds.Maps.Maze.MazeGeneratorTest" runstate="Runnable" seed="1396713640" result="Skipped" label="Ignored" start-time="2024-03-12T00:50:15.6287120Z" end-time="2024-03-12T00:50:15.6287610Z" duration="0.000049" asserts="0" />
                <test-case id="1-1729" name="IsFillComplete(PlayersWorlds.Maps.Maze.SidewinderMazeGenerator,Half,Auto,System.Collections.Generic.List`1[PlayersWorlds.Maps.Areas.MapArea])" fullname="PlayersWorlds.Maps.Maze.MazeGeneratorTest.IsFillComplete(PlayersWorlds.Maps.Maze.SidewinderMazeGenerator,Half,Auto,System.Collections.Generic.List`1[PlayersWorlds.Maps.Areas.MapArea])" methodname="IsFillComplete" classname="PlayersWorlds.Maps.Maze.MazeGeneratorTest" runstate="Runnable" seed="1460649173" result="Skipped" label="Ignored" start-time="2024-03-12T00:50:15.6287650Z" end-time="2024-03-12T00:50:15.6288140Z" duration="0.000049" asserts="0" />
                <test-case id="1-1730" name="IsFillComplete(PlayersWorlds.Maps.Maze.SidewinderMazeGenerator,Half,Auto,System.Collections.Generic.List`1[PlayersWorlds.Maps.Areas.MapArea])" fullname="PlayersWorlds.Maps.Maze.MazeGeneratorTest.IsFillComplete(PlayersWorlds.Maps.Maze.SidewinderMazeGenerator,Half,Auto,System.Collections.Generic.List`1[PlayersWorlds.Maps.Areas.MapArea])" methodname="IsFillComplete" classname="PlayersWorlds.Maps.Maze.MazeGeneratorTest" runstate="Runnable" seed="1102601395" result="Skipped" label="Ignored" start-time="2024-03-12T00:50:15.6288180Z" end-time="2024-03-12T00:50:15.6288670Z" duration="0.000048" asserts="0" />
                <test-case id="1-1731" name="IsFillComplete(PlayersWorlds.Maps.Maze.SidewinderMazeGenerator,Half,Auto,System.Collections.Generic.List`1[PlayersWorlds.Maps.Areas.MapArea])" fullname="PlayersWorlds.Maps.Maze.MazeGeneratorTest.IsFillComplete(PlayersWorlds.Maps.Maze.SidewinderMazeGenerator,Half,Auto,System.Collections.Generic.List`1[PlayersWorlds.Maps.Areas.MapArea])" methodname="IsFillComplete" classname="PlayersWorlds.Maps.Maze.MazeGeneratorTest" runstate="Runnable" seed="490050799" result="Skipped" label="Ignored" start-time="2024-03-12T00:50:15.6288710Z" end-time="2024-03-12T00:50:15.6289200Z" duration="0.000049" asserts="0" />
                <test-case id="1-1732" name="IsFillComplete(PlayersWorlds.Maps.Maze.SidewinderMazeGenerator,Half,Auto,System.Collections.Generic.List`1[PlayersWorlds.Maps.Areas.MapArea])" fullname="PlayersWorlds.Maps.Maze.MazeGeneratorTest.IsFillComplete(PlayersWorlds.Maps.Maze.SidewinderMazeGenerator,Half,Auto,System.Collections.Generic.List`1[PlayersWorlds.Maps.Areas.MapArea])" methodname="IsFillComplete" classname="PlayersWorlds.Maps.Maze.MazeGeneratorTest" runstate="Runnable" seed="1600416275" result="Skipped" label="Ignored" start-time="2024-03-12T00:50:15.6289250Z" end-time="2024-03-12T00:50:15.6289740Z" duration="0.000049" asserts="0" />
                <test-case id="1-1733" name="IsFillComplete(PlayersWorlds.Maps.Maze.SidewinderMazeGenerator,Half,Manual,null)" fullname="PlayersWorlds.Maps.Maze.MazeGeneratorTest.IsFillComplete(PlayersWorlds.Maps.Maze.SidewinderMazeGenerator,Half,Manual,null)" methodname="IsFillComplete" classname="PlayersWorlds.Maps.Maze.MazeGeneratorTest" runstate="Runnable" seed="109476159" result="Skipped" label="Ignored" start-time="2024-03-12T00:50:15.6289780Z" end-time="2024-03-12T00:50:15.6290280Z" duration="0.000050" asserts="0" />
                <test-case id="1-1734" name="IsFillComplete(PlayersWorlds.Maps.Maze.SidewinderMazeGenerator,Half,Manual,System.Collections.Generic.List`1[PlayersWorlds.Maps.Areas.MapArea])" fullname="PlayersWorlds.Maps.Maze.MazeGeneratorTest.IsFillComplete(PlayersWorlds.Maps.Maze.SidewinderMazeGenerator,Half,Manual,System.Collections.Generic.List`1[PlayersWorlds.Maps.Areas.MapArea])" methodname="IsFillComplete" classname="PlayersWorlds.Maps.Maze.MazeGeneratorTest" runstate="Runnable" seed="1361412723" result="Skipped" label="Ignored" start-time="2024-03-12T00:50:15.6290320Z" end-time="2024-03-12T00:50:15.6290800Z" duration="0.000048" asserts="0" />
                <test-case id="1-1735" name="IsFillComplete(PlayersWorlds.Maps.Maze.SidewinderMazeGenerator,Half,Manual,System.Collections.Generic.List`1[PlayersWorlds.Maps.Areas.MapArea])" fullname="PlayersWorlds.Maps.Maze.MazeGeneratorTest.IsFillComplete(PlayersWorlds.Maps.Maze.SidewinderMazeGenerator,Half,Manual,System.Collections.Generic.List`1[PlayersWorlds.Maps.Areas.MapArea])" methodname="IsFillComplete" classname="PlayersWorlds.Maps.Maze.MazeGeneratorTest" runstate="Runnable" seed="1519370385" result="Skipped" label="Ignored" start-time="2024-03-12T00:50:15.6290840Z" end-time="2024-03-12T00:50:15.6291330Z" duration="0.000049" asserts="0" />
                <test-case id="1-1736" name="IsFillComplete(PlayersWorlds.Maps.Maze.SidewinderMazeGenerator,Half,Manual,System.Collections.Generic.List`1[PlayersWorlds.Maps.Areas.MapArea])" fullname="PlayersWorlds.Maps.Maze.MazeGeneratorTest.IsFillComplete(PlayersWorlds.Maps.Maze.SidewinderMazeGenerator,Half,Manual,System.Collections.Generic.List`1[PlayersWorlds.Maps.Areas.MapArea])" methodname="IsFillComplete" classname="PlayersWorlds.Maps.Maze.MazeGeneratorTest" runstate="Runnable" seed="78307870" result="Skipped" label="Ignored" start-time="2024-03-12T00:50:15.6291380Z" end-time="2024-03-12T00:50:15.6291880Z" duration="0.000050" asserts="0" />
                <test-case id="1-1737" name="IsFillComplete(PlayersWorlds.Maps.Maze.SidewinderMazeGenerator,Half,Manual,System.Collections.Generic.List`1[PlayersWorlds.Maps.Areas.MapArea])" fullname="PlayersWorlds.Maps.Maze.MazeGeneratorTest.IsFillComplete(PlayersWorlds.Maps.Maze.SidewinderMazeGenerator,Half,Manual,System.Collections.Generic.List`1[PlayersWorlds.Maps.Areas.MapArea])" methodname="IsFillComplete" classname="PlayersWorlds.Maps.Maze.MazeGeneratorTest" runstate="Runnable" seed="1790894954" result="Skipped" label="Ignored" start-time="2024-03-12T00:50:15.6291920Z" end-time="2024-03-12T00:50:15.6292410Z" duration="0.000050" asserts="0" />
                <test-case id="1-1738" name="IsFillComplete(PlayersWorlds.Maps.Maze.SidewinderMazeGenerator,Half,Manual,System.Collections.Generic.List`1[PlayersWorlds.Maps.Areas.MapArea])" fullname="PlayersWorlds.Maps.Maze.MazeGeneratorTest.IsFillComplete(PlayersWorlds.Maps.Maze.SidewinderMazeGenerator,Half,Manual,System.Collections.Generic.List`1[PlayersWorlds.Maps.Areas.MapArea])" methodname="IsFillComplete" classname="PlayersWorlds.Maps.Maze.MazeGeneratorTest" runstate="Runnable" seed="64382252" result="Skipped" label="Ignored" start-time="2024-03-12T00:50:15.6292460Z" end-time="2024-03-12T00:50:15.6293010Z" duration="0.000055" asserts="0" />
                <test-case id="1-1739" name="IsFillComplete(PlayersWorlds.Maps.Maze.SidewinderMazeGenerator,ThreeQuarters,Auto,null)" fullname="PlayersWorlds.Maps.Maze.MazeGeneratorTest.IsFillComplete(PlayersWorlds.Maps.Maze.SidewinderMazeGenerator,ThreeQuarters,Auto,null)" methodname="IsFillComplete" classname="PlayersWorlds.Maps.Maze.MazeGeneratorTest" runstate="Runnable" seed="1932856377" result="Skipped" label="Ignored" start-time="2024-03-12T00:50:15.6293060Z" end-time="2024-03-12T00:50:15.6293570Z" duration="0.000051" asserts="0" />
                <test-case id="1-1740" name="IsFillComplete(PlayersWorlds.Maps.Maze.SidewinderMazeGenerator,ThreeQuarters,Auto,System.Collections.Generic.List`1[PlayersWorlds.Maps.Areas.MapArea])" fullname="PlayersWorlds.Maps.Maze.MazeGeneratorTest.IsFillComplete(PlayersWorlds.Maps.Maze.SidewinderMazeGenerator,ThreeQuarters,Auto,System.Collections.Generic.List`1[PlayersWorlds.Maps.Areas.MapArea])" methodname="IsFillComplete" classname="PlayersWorlds.Maps.Maze.MazeGeneratorTest" runstate="Runnable" seed="2045496600" result="Skipped" label="Ignored" start-time="2024-03-12T00:50:15.6293610Z" end-time="2024-03-12T00:50:15.6294110Z" duration="0.000050" asserts="0" />
                <test-case id="1-1741" name="IsFillComplete(PlayersWorlds.Maps.Maze.SidewinderMazeGenerator,ThreeQuarters,Auto,System.Collections.Generic.List`1[PlayersWorlds.Maps.Areas.MapArea])" fullname="PlayersWorlds.Maps.Maze.MazeGeneratorTest.IsFillComplete(PlayersWorlds.Maps.Maze.SidewinderMazeGenerator,ThreeQuarters,Auto,System.Collections.Generic.List`1[PlayersWorlds.Maps.Areas.MapArea])" methodname="IsFillComplete" classname="PlayersWorlds.Maps.Maze.MazeGeneratorTest" runstate="Runnable" seed="815319718" result="Skipped" label="Ignored" start-time="2024-03-12T00:50:15.6294160Z" end-time="2024-03-12T00:50:15.6297810Z" duration="0.000365" asserts="0" />
                <test-case id="1-1742" name="IsFillComplete(PlayersWorlds.Maps.Maze.SidewinderMazeGenerator,ThreeQuarters,Auto,System.Collections.Generic.List`1[PlayersWorlds.Maps.Areas.MapArea])" fullname="PlayersWorlds.Maps.Maze.MazeGeneratorTest.IsFillComplete(PlayersWorlds.Maps.Maze.SidewinderMazeGenerator,ThreeQuarters,Auto,System.Collections.Generic.List`1[PlayersWorlds.Maps.Areas.MapArea])" methodname="IsFillComplete" classname="PlayersWorlds.Maps.Maze.MazeGeneratorTest" runstate="Runnable" seed="1776061849" result="Skipped" label="Ignored" start-time="2024-03-12T00:50:15.6297870Z" end-time="2024-03-12T00:50:15.6298510Z" duration="0.000064" asserts="0" />
                <test-case id="1-1743" name="IsFillComplete(PlayersWorlds.Maps.Maze.SidewinderMazeGenerator,ThreeQuarters,Auto,System.Collections.Generic.List`1[PlayersWorlds.Maps.Areas.MapArea])" fullname="PlayersWorlds.Maps.Maze.MazeGeneratorTest.IsFillComplete(PlayersWorlds.Maps.Maze.SidewinderMazeGenerator,ThreeQuarters,Auto,System.Collections.Generic.List`1[PlayersWorlds.Maps.Areas.MapArea])" methodname="IsFillComplete" classname="PlayersWorlds.Maps.Maze.MazeGeneratorTest" runstate="Runnable" seed="1223083874" result="Skipped" label="Ignored" start-time="2024-03-12T00:50:15.6298560Z" end-time="2024-03-12T00:50:15.6299090Z" duration="0.000053" asserts="0" />
                <test-case id="1-1744" name="IsFillComplete(PlayersWorlds.Maps.Maze.SidewinderMazeGenerator,ThreeQuarters,Auto,System.Collections.Generic.List`1[PlayersWorlds.Maps.Areas.MapArea])" fullname="PlayersWorlds.Maps.Maze.MazeGeneratorTest.IsFillComplete(PlayersWorlds.Maps.Maze.SidewinderMazeGenerator,ThreeQuarters,Auto,System.Collections.Generic.List`1[PlayersWorlds.Maps.Areas.MapArea])" methodname="IsFillComplete" classname="PlayersWorlds.Maps.Maze.MazeGeneratorTest" runstate="Runnable" seed="1169435758" result="Skipped" label="Ignored" start-time="2024-03-12T00:50:15.6299140Z" end-time="2024-03-12T00:50:15.6299640Z" duration="0.000050" asserts="0" />
                <test-case id="1-1745" name="IsFillComplete(PlayersWorlds.Maps.Maze.SidewinderMazeGenerator,ThreeQuarters,Manual,null)" fullname="PlayersWorlds.Maps.Maze.MazeGeneratorTest.IsFillComplete(PlayersWorlds.Maps.Maze.SidewinderMazeGenerator,ThreeQuarters,Manual,null)" methodname="IsFillComplete" classname="PlayersWorlds.Maps.Maze.MazeGeneratorTest" runstate="Runnable" seed="1150917523" result="Skipped" label="Ignored" start-time="2024-03-12T00:50:15.6299680Z" end-time="2024-03-12T00:50:15.6300180Z" duration="0.000050" asserts="0" />
                <test-case id="1-1746" name="IsFillComplete(PlayersWorlds.Maps.Maze.SidewinderMazeGenerator,ThreeQuarters,Manual,System.Collections.Generic.List`1[PlayersWorlds.Maps.Areas.MapArea])" fullname="PlayersWorlds.Maps.Maze.MazeGeneratorTest.IsFillComplete(PlayersWorlds.Maps.Maze.SidewinderMazeGenerator,ThreeQuarters,Manual,System.Collections.Generic.List`1[PlayersWorlds.Maps.Areas.MapArea])" methodname="IsFillComplete" classname="PlayersWorlds.Maps.Maze.MazeGeneratorTest" runstate="Runnable" seed="615886704" result="Skipped" label="Ignored" start-time="2024-03-12T00:50:15.6300230Z" end-time="2024-03-12T00:50:15.6300720Z" duration="0.000049" asserts="0" />
                <test-case id="1-1747" name="IsFillComplete(PlayersWorlds.Maps.Maze.SidewinderMazeGenerator,ThreeQuarters,Manual,System.Collections.Generic.List`1[PlayersWorlds.Maps.Areas.MapArea])" fullname="PlayersWorlds.Maps.Maze.MazeGeneratorTest.IsFillComplete(PlayersWorlds.Maps.Maze.SidewinderMazeGenerator,ThreeQuarters,Manual,System.Collections.Generic.List`1[PlayersWorlds.Maps.Areas.MapArea])" methodname="IsFillComplete" classname="PlayersWorlds.Maps.Maze.MazeGeneratorTest" runstate="Runnable" seed="1079323106" result="Skipped" label="Ignored" start-time="2024-03-12T00:50:15.6300760Z" end-time="2024-03-12T00:50:15.6301240Z" duration="0.000048" asserts="0" />
                <test-case id="1-1748" name="IsFillComplete(PlayersWorlds.Maps.Maze.SidewinderMazeGenerator,ThreeQuarters,Manual,System.Collections.Generic.List`1[PlayersWorlds.Maps.Areas.MapArea])" fullname="PlayersWorlds.Maps.Maze.MazeGeneratorTest.IsFillComplete(PlayersWorlds.Maps.Maze.SidewinderMazeGenerator,ThreeQuarters,Manual,System.Collections.Generic.List`1[PlayersWorlds.Maps.Areas.MapArea])" methodname="IsFillComplete" classname="PlayersWorlds.Maps.Maze.MazeGeneratorTest" runstate="Runnable" seed="1084351742" result="Skipped" label="Ignored" start-time="2024-03-12T00:50:15.6301280Z" end-time="2024-03-12T00:50:15.6301760Z" duration="0.000048" asserts="0" />
                <test-case id="1-1749" name="IsFillComplete(PlayersWorlds.Maps.Maze.SidewinderMazeGenerator,ThreeQuarters,Manual,System.Collections.Generic.List`1[PlayersWorlds.Maps.Areas.MapArea])" fullname="PlayersWorlds.Maps.Maze.MazeGeneratorTest.IsFillComplete(PlayersWorlds.Maps.Maze.SidewinderMazeGenerator,ThreeQuarters,Manual,System.Collections.Generic.List`1[PlayersWorlds.Maps.Areas.MapArea])" methodname="IsFillComplete" classname="PlayersWorlds.Maps.Maze.MazeGeneratorTest" runstate="Runnable" seed="1289933949" result="Skipped" label="Ignored" start-time="2024-03-12T00:50:15.6301810Z" end-time="2024-03-12T00:50:15.6302290Z" duration="0.000048" asserts="0" />
                <test-case id="1-1750" name="IsFillComplete(PlayersWorlds.Maps.Maze.SidewinderMazeGenerator,ThreeQuarters,Manual,System.Collections.Generic.List`1[PlayersWorlds.Maps.Areas.MapArea])" fullname="PlayersWorlds.Maps.Maze.MazeGeneratorTest.IsFillComplete(PlayersWorlds.Maps.Maze.SidewinderMazeGenerator,ThreeQuarters,Manual,System.Collections.Generic.List`1[PlayersWorlds.Maps.Areas.MapArea])" methodname="IsFillComplete" classname="PlayersWorlds.Maps.Maze.MazeGeneratorTest" runstate="Runnable" seed="1712067000" result="Skipped" label="Ignored" start-time="2024-03-12T00:50:15.6302340Z" end-time="2024-03-12T00:50:15.6302820Z" duration="0.000048" asserts="0" />
                <test-case id="1-1751" name="IsFillComplete(PlayersWorlds.Maps.Maze.SidewinderMazeGenerator,NinetyPercent,Auto,null)" fullname="PlayersWorlds.Maps.Maze.MazeGeneratorTest.IsFillComplete(PlayersWorlds.Maps.Maze.SidewinderMazeGenerator,NinetyPercent,Auto,null)" methodname="IsFillComplete" classname="PlayersWorlds.Maps.Maze.MazeGeneratorTest" runstate="Runnable" seed="1788961587" result="Skipped" label="Ignored" start-time="2024-03-12T00:50:15.6302860Z" end-time="2024-03-12T00:50:15.6303350Z" duration="0.000049" asserts="0" />
                <test-case id="1-1752" name="IsFillComplete(PlayersWorlds.Maps.Maze.SidewinderMazeGenerator,NinetyPercent,Auto,System.Collections.Generic.List`1[PlayersWorlds.Maps.Areas.MapArea])" fullname="PlayersWorlds.Maps.Maze.MazeGeneratorTest.IsFillComplete(PlayersWorlds.Maps.Maze.SidewinderMazeGenerator,NinetyPercent,Auto,System.Collections.Generic.List`1[PlayersWorlds.Maps.Areas.MapArea])" methodname="IsFillComplete" classname="PlayersWorlds.Maps.Maze.MazeGeneratorTest" runstate="Runnable" seed="831776628" result="Skipped" label="Ignored" start-time="2024-03-12T00:50:15.6303390Z" end-time="2024-03-12T00:50:15.6303880Z" duration="0.000049" asserts="0" />
                <test-case id="1-1753" name="IsFillComplete(PlayersWorlds.Maps.Maze.SidewinderMazeGenerator,NinetyPercent,Auto,System.Collections.Generic.List`1[PlayersWorlds.Maps.Areas.MapArea])" fullname="PlayersWorlds.Maps.Maze.MazeGeneratorTest.IsFillComplete(PlayersWorlds.Maps.Maze.SidewinderMazeGenerator,NinetyPercent,Auto,System.Collections.Generic.List`1[PlayersWorlds.Maps.Areas.MapArea])" methodname="IsFillComplete" classname="PlayersWorlds.Maps.Maze.MazeGeneratorTest" runstate="Runnable" seed="431154497" result="Skipped" label="Ignored" start-time="2024-03-12T00:50:15.6303920Z" end-time="2024-03-12T00:50:15.6304410Z" duration="0.000049" asserts="0" />
                <test-case id="1-1754" name="IsFillComplete(PlayersWorlds.Maps.Maze.SidewinderMazeGenerator,NinetyPercent,Auto,System.Collections.Generic.List`1[PlayersWorlds.Maps.Areas.MapArea])" fullname="PlayersWorlds.Maps.Maze.MazeGeneratorTest.IsFillComplete(PlayersWorlds.Maps.Maze.SidewinderMazeGenerator,NinetyPercent,Auto,System.Collections.Generic.List`1[PlayersWorlds.Maps.Areas.MapArea])" methodname="IsFillComplete" classname="PlayersWorlds.Maps.Maze.MazeGeneratorTest" runstate="Runnable" seed="248265804" result="Skipped" label="Ignored" start-time="2024-03-12T00:50:15.6304450Z" end-time="2024-03-12T00:50:15.6304930Z" duration="0.000048" asserts="0" />
                <test-case id="1-1755" name="IsFillComplete(PlayersWorlds.Maps.Maze.SidewinderMazeGenerator,NinetyPercent,Auto,System.Collections.Generic.List`1[PlayersWorlds.Maps.Areas.MapArea])" fullname="PlayersWorlds.Maps.Maze.MazeGeneratorTest.IsFillComplete(PlayersWorlds.Maps.Maze.SidewinderMazeGenerator,NinetyPercent,Auto,System.Collections.Generic.List`1[PlayersWorlds.Maps.Areas.MapArea])" methodname="IsFillComplete" classname="PlayersWorlds.Maps.Maze.MazeGeneratorTest" runstate="Runnable" seed="1920420447" result="Skipped" label="Ignored" start-time="2024-03-12T00:50:15.6304980Z" end-time="2024-03-12T00:50:15.6305460Z" duration="0.000048" asserts="0" />
                <test-case id="1-1756" name="IsFillComplete(PlayersWorlds.Maps.Maze.SidewinderMazeGenerator,NinetyPercent,Auto,System.Collections.Generic.List`1[PlayersWorlds.Maps.Areas.MapArea])" fullname="PlayersWorlds.Maps.Maze.MazeGeneratorTest.IsFillComplete(PlayersWorlds.Maps.Maze.SidewinderMazeGenerator,NinetyPercent,Auto,System.Collections.Generic.List`1[PlayersWorlds.Maps.Areas.MapArea])" methodname="IsFillComplete" classname="PlayersWorlds.Maps.Maze.MazeGeneratorTest" runstate="Runnable" seed="2126411906" result="Skipped" label="Ignored" start-time="2024-03-12T00:50:15.6305500Z" end-time="2024-03-12T00:50:15.6305980Z" duration="0.000048" asserts="0" />
                <test-case id="1-1757" name="IsFillComplete(PlayersWorlds.Maps.Maze.SidewinderMazeGenerator,NinetyPercent,Manual,null)" fullname="PlayersWorlds.Maps.Maze.MazeGeneratorTest.IsFillComplete(PlayersWorlds.Maps.Maze.SidewinderMazeGenerator,NinetyPercent,Manual,null)" methodname="IsFillComplete" classname="PlayersWorlds.Maps.Maze.MazeGeneratorTest" runstate="Runnable" seed="855323988" result="Skipped" label="Ignored" start-time="2024-03-12T00:50:15.6306020Z" end-time="2024-03-12T00:50:15.6306500Z" duration="0.000048" asserts="0" />
                <test-case id="1-1758" name="IsFillComplete(PlayersWorlds.Maps.Maze.SidewinderMazeGenerator,NinetyPercent,Manual,System.Collections.Generic.List`1[PlayersWorlds.Maps.Areas.MapArea])" fullname="PlayersWorlds.Maps.Maze.MazeGeneratorTest.IsFillComplete(PlayersWorlds.Maps.Maze.SidewinderMazeGenerator,NinetyPercent,Manual,System.Collections.Generic.List`1[PlayersWorlds.Maps.Areas.MapArea])" methodname="IsFillComplete" classname="PlayersWorlds.Maps.Maze.MazeGeneratorTest" runstate="Runnable" seed="480125759" result="Skipped" label="Ignored" start-time="2024-03-12T00:50:15.6306540Z" end-time="2024-03-12T00:50:15.6307020Z" duration="0.000048" asserts="0" />
                <test-case id="1-1759" name="IsFillComplete(PlayersWorlds.Maps.Maze.SidewinderMazeGenerator,NinetyPercent,Manual,System.Collections.Generic.List`1[PlayersWorlds.Maps.Areas.MapArea])" fullname="PlayersWorlds.Maps.Maze.MazeGeneratorTest.IsFillComplete(PlayersWorlds.Maps.Maze.SidewinderMazeGenerator,NinetyPercent,Manual,System.Collections.Generic.List`1[PlayersWorlds.Maps.Areas.MapArea])" methodname="IsFillComplete" classname="PlayersWorlds.Maps.Maze.MazeGeneratorTest" runstate="Runnable" seed="1677979694" result="Skipped" label="Ignored" start-time="2024-03-12T00:50:15.6307060Z" end-time="2024-03-12T00:50:15.6307540Z" duration="0.000048" asserts="0" />
                <test-case id="1-1760" name="IsFillComplete(PlayersWorlds.Maps.Maze.SidewinderMazeGenerator,NinetyPercent,Manual,System.Collections.Generic.List`1[PlayersWorlds.Maps.Areas.MapArea])" fullname="PlayersWorlds.Maps.Maze.MazeGeneratorTest.IsFillComplete(PlayersWorlds.Maps.Maze.SidewinderMazeGenerator,NinetyPercent,Manual,System.Collections.Generic.List`1[PlayersWorlds.Maps.Areas.MapArea])" methodname="IsFillComplete" classname="PlayersWorlds.Maps.Maze.MazeGeneratorTest" runstate="Runnable" seed="527491131" result="Skipped" label="Ignored" start-time="2024-03-12T00:50:15.6307580Z" end-time="2024-03-12T00:50:15.6308060Z" duration="0.000048" asserts="0" />
                <test-case id="1-1761" name="IsFillComplete(PlayersWorlds.Maps.Maze.SidewinderMazeGenerator,NinetyPercent,Manual,System.Collections.Generic.List`1[PlayersWorlds.Maps.Areas.MapArea])" fullname="PlayersWorlds.Maps.Maze.MazeGeneratorTest.IsFillComplete(PlayersWorlds.Maps.Maze.SidewinderMazeGenerator,NinetyPercent,Manual,System.Collections.Generic.List`1[PlayersWorlds.Maps.Areas.MapArea])" methodname="IsFillComplete" classname="PlayersWorlds.Maps.Maze.MazeGeneratorTest" runstate="Runnable" seed="735635093" result="Skipped" label="Ignored" start-time="2024-03-12T00:50:15.6308100Z" end-time="2024-03-12T00:50:15.6308580Z" duration="0.000048" asserts="0" />
                <test-case id="1-1762" name="IsFillComplete(PlayersWorlds.Maps.Maze.SidewinderMazeGenerator,NinetyPercent,Manual,System.Collections.Generic.List`1[PlayersWorlds.Maps.Areas.MapArea])" fullname="PlayersWorlds.Maps.Maze.MazeGeneratorTest.IsFillComplete(PlayersWorlds.Maps.Maze.SidewinderMazeGenerator,NinetyPercent,Manual,System.Collections.Generic.List`1[PlayersWorlds.Maps.Areas.MapArea])" methodname="IsFillComplete" classname="PlayersWorlds.Maps.Maze.MazeGeneratorTest" runstate="Runnable" seed="1590168801" result="Skipped" label="Ignored" start-time="2024-03-12T00:50:15.6308620Z" end-time="2024-03-12T00:50:15.6309090Z" duration="0.000047" asserts="0" />
                <test-case id="1-1763" name="IsFillComplete(PlayersWorlds.Maps.Maze.SidewinderMazeGenerator,FullWidth,Auto,null)" fullname="PlayersWorlds.Maps.Maze.MazeGeneratorTest.IsFillComplete(PlayersWorlds.Maps.Maze.SidewinderMazeGenerator,FullWidth,Auto,null)" methodname="IsFillComplete" classname="PlayersWorlds.Maps.Maze.MazeGeneratorTest" runstate="Runnable" seed="407860443" result="Skipped" label="Ignored" start-time="2024-03-12T00:50:15.6309140Z" end-time="2024-03-12T00:50:15.6309620Z" duration="0.000048" asserts="0" />
                <test-case id="1-1764" name="IsFillComplete(PlayersWorlds.Maps.Maze.SidewinderMazeGenerator,FullWidth,Auto,System.Collections.Generic.List`1[PlayersWorlds.Maps.Areas.MapArea])" fullname="PlayersWorlds.Maps.Maze.MazeGeneratorTest.IsFillComplete(PlayersWorlds.Maps.Maze.SidewinderMazeGenerator,FullWidth,Auto,System.Collections.Generic.List`1[PlayersWorlds.Maps.Areas.MapArea])" methodname="IsFillComplete" classname="PlayersWorlds.Maps.Maze.MazeGeneratorTest" runstate="Runnable" seed="74824688" result="Skipped" label="Ignored" start-time="2024-03-12T00:50:15.6309660Z" end-time="2024-03-12T00:50:15.6310150Z" duration="0.000049" asserts="0" />
                <test-case id="1-1765" name="IsFillComplete(PlayersWorlds.Maps.Maze.SidewinderMazeGenerator,FullWidth,Auto,System.Collections.Generic.List`1[PlayersWorlds.Maps.Areas.MapArea])" fullname="PlayersWorlds.Maps.Maze.MazeGeneratorTest.IsFillComplete(PlayersWorlds.Maps.Maze.SidewinderMazeGenerator,FullWidth,Auto,System.Collections.Generic.List`1[PlayersWorlds.Maps.Areas.MapArea])" methodname="IsFillComplete" classname="PlayersWorlds.Maps.Maze.MazeGeneratorTest" runstate="Runnable" seed="357142011" result="Skipped" label="Ignored" start-time="2024-03-12T00:50:15.6310190Z" end-time="2024-03-12T00:50:15.6310680Z" duration="0.000049" asserts="0" />
                <test-case id="1-1766" name="IsFillComplete(PlayersWorlds.Maps.Maze.SidewinderMazeGenerator,FullWidth,Auto,System.Collections.Generic.List`1[PlayersWorlds.Maps.Areas.MapArea])" fullname="PlayersWorlds.Maps.Maze.MazeGeneratorTest.IsFillComplete(PlayersWorlds.Maps.Maze.SidewinderMazeGenerator,FullWidth,Auto,System.Collections.Generic.List`1[PlayersWorlds.Maps.Areas.MapArea])" methodname="IsFillComplete" classname="PlayersWorlds.Maps.Maze.MazeGeneratorTest" runstate="Runnable" seed="1567443428" result="Skipped" label="Ignored" start-time="2024-03-12T00:50:15.6310720Z" end-time="2024-03-12T00:50:15.6311200Z" duration="0.000048" asserts="0" />
                <test-case id="1-1767" name="IsFillComplete(PlayersWorlds.Maps.Maze.SidewinderMazeGenerator,FullWidth,Auto,System.Collections.Generic.List`1[PlayersWorlds.Maps.Areas.MapArea])" fullname="PlayersWorlds.Maps.Maze.MazeGeneratorTest.IsFillComplete(PlayersWorlds.Maps.Maze.SidewinderMazeGenerator,FullWidth,Auto,System.Collections.Generic.List`1[PlayersWorlds.Maps.Areas.MapArea])" methodname="IsFillComplete" classname="PlayersWorlds.Maps.Maze.MazeGeneratorTest" runstate="Runnable" seed="291226156" result="Skipped" label="Ignored" start-time="2024-03-12T00:50:15.6311250Z" end-time="2024-03-12T00:50:15.6311730Z" duration="0.000048" asserts="0" />
                <test-case id="1-1768" name="IsFillComplete(PlayersWorlds.Maps.Maze.SidewinderMazeGenerator,FullWidth,Auto,System.Collections.Generic.List`1[PlayersWorlds.Maps.Areas.MapArea])" fullname="PlayersWorlds.Maps.Maze.MazeGeneratorTest.IsFillComplete(PlayersWorlds.Maps.Maze.SidewinderMazeGenerator,FullWidth,Auto,System.Collections.Generic.List`1[PlayersWorlds.Maps.Areas.MapArea])" methodname="IsFillComplete" classname="PlayersWorlds.Maps.Maze.MazeGeneratorTest" runstate="Runnable" seed="1261716761" result="Skipped" label="Ignored" start-time="2024-03-12T00:50:15.6311770Z" end-time="2024-03-12T00:50:15.6312250Z" duration="0.000048" asserts="0" />
                <test-case id="1-1769" name="IsFillComplete(PlayersWorlds.Maps.Maze.SidewinderMazeGenerator,FullWidth,Manual,null)" fullname="PlayersWorlds.Maps.Maze.MazeGeneratorTest.IsFillComplete(PlayersWorlds.Maps.Maze.SidewinderMazeGenerator,FullWidth,Manual,null)" methodname="IsFillComplete" classname="PlayersWorlds.Maps.Maze.MazeGeneratorTest" runstate="Runnable" seed="2018567984" result="Skipped" label="Ignored" start-time="2024-03-12T00:50:15.6312290Z" end-time="2024-03-12T00:50:15.6312770Z" duration="0.000048" asserts="0" />
                <test-case id="1-1770" name="IsFillComplete(PlayersWorlds.Maps.Maze.SidewinderMazeGenerator,FullWidth,Manual,System.Collections.Generic.List`1[PlayersWorlds.Maps.Areas.MapArea])" fullname="PlayersWorlds.Maps.Maze.MazeGeneratorTest.IsFillComplete(PlayersWorlds.Maps.Maze.SidewinderMazeGenerator,FullWidth,Manual,System.Collections.Generic.List`1[PlayersWorlds.Maps.Areas.MapArea])" methodname="IsFillComplete" classname="PlayersWorlds.Maps.Maze.MazeGeneratorTest" runstate="Runnable" seed="862088491" result="Skipped" label="Ignored" start-time="2024-03-12T00:50:15.6312820Z" end-time="2024-03-12T00:50:15.6313300Z" duration="0.000048" asserts="0" />
                <test-case id="1-1771" name="IsFillComplete(PlayersWorlds.Maps.Maze.SidewinderMazeGenerator,FullWidth,Manual,System.Collections.Generic.List`1[PlayersWorlds.Maps.Areas.MapArea])" fullname="PlayersWorlds.Maps.Maze.MazeGeneratorTest.IsFillComplete(PlayersWorlds.Maps.Maze.SidewinderMazeGenerator,FullWidth,Manual,System.Collections.Generic.List`1[PlayersWorlds.Maps.Areas.MapArea])" methodname="IsFillComplete" classname="PlayersWorlds.Maps.Maze.MazeGeneratorTest" runstate="Runnable" seed="694441918" result="Skipped" label="Ignored" start-time="2024-03-12T00:50:15.6313340Z" end-time="2024-03-12T00:50:15.6313810Z" duration="0.000047" asserts="0" />
                <test-case id="1-1772" name="IsFillComplete(PlayersWorlds.Maps.Maze.SidewinderMazeGenerator,FullWidth,Manual,System.Collections.Generic.List`1[PlayersWorlds.Maps.Areas.MapArea])" fullname="PlayersWorlds.Maps.Maze.MazeGeneratorTest.IsFillComplete(PlayersWorlds.Maps.Maze.SidewinderMazeGenerator,FullWidth,Manual,System.Collections.Generic.List`1[PlayersWorlds.Maps.Areas.MapArea])" methodname="IsFillComplete" classname="PlayersWorlds.Maps.Maze.MazeGeneratorTest" runstate="Runnable" seed="1101315166" result="Skipped" label="Ignored" start-time="2024-03-12T00:50:15.6313850Z" end-time="2024-03-12T00:50:15.6314330Z" duration="0.000048" asserts="0" />
                <test-case id="1-1773" name="IsFillComplete(PlayersWorlds.Maps.Maze.SidewinderMazeGenerator,FullWidth,Manual,System.Collections.Generic.List`1[PlayersWorlds.Maps.Areas.MapArea])" fullname="PlayersWorlds.Maps.Maze.MazeGeneratorTest.IsFillComplete(PlayersWorlds.Maps.Maze.SidewinderMazeGenerator,FullWidth,Manual,System.Collections.Generic.List`1[PlayersWorlds.Maps.Areas.MapArea])" methodname="IsFillComplete" classname="PlayersWorlds.Maps.Maze.MazeGeneratorTest" runstate="Runnable" seed="367870609" result="Skipped" label="Ignored" start-time="2024-03-12T00:50:15.6314370Z" end-time="2024-03-12T00:50:15.6314840Z" duration="0.000047" asserts="0" />
                <test-case id="1-1774" name="IsFillComplete(PlayersWorlds.Maps.Maze.SidewinderMazeGenerator,FullWidth,Manual,System.Collections.Generic.List`1[PlayersWorlds.Maps.Areas.MapArea])" fullname="PlayersWorlds.Maps.Maze.MazeGeneratorTest.IsFillComplete(PlayersWorlds.Maps.Maze.SidewinderMazeGenerator,FullWidth,Manual,System.Collections.Generic.List`1[PlayersWorlds.Maps.Areas.MapArea])" methodname="IsFillComplete" classname="PlayersWorlds.Maps.Maze.MazeGeneratorTest" runstate="Runnable" seed="804072408" result="Skipped" label="Ignored" start-time="2024-03-12T00:50:15.6314880Z" end-time="2024-03-12T00:50:15.6315370Z" duration="0.000049" asserts="0" />
                <test-case id="1-1775" name="IsFillComplete(PlayersWorlds.Maps.Maze.SidewinderMazeGenerator,FullHeight,Auto,null)" fullname="PlayersWorlds.Maps.Maze.MazeGeneratorTest.IsFillComplete(PlayersWorlds.Maps.Maze.SidewinderMazeGenerator,FullHeight,Auto,null)" methodname="IsFillComplete" classname="PlayersWorlds.Maps.Maze.MazeGeneratorTest" runstate="Runnable" seed="554014854" result="Skipped" label="Ignored" start-time="2024-03-12T00:50:15.6315410Z" end-time="2024-03-12T00:50:15.6315890Z" duration="0.000048" asserts="0" />
                <test-case id="1-1776" name="IsFillComplete(PlayersWorlds.Maps.Maze.SidewinderMazeGenerator,FullHeight,Auto,System.Collections.Generic.List`1[PlayersWorlds.Maps.Areas.MapArea])" fullname="PlayersWorlds.Maps.Maze.MazeGeneratorTest.IsFillComplete(PlayersWorlds.Maps.Maze.SidewinderMazeGenerator,FullHeight,Auto,System.Collections.Generic.List`1[PlayersWorlds.Maps.Areas.MapArea])" methodname="IsFillComplete" classname="PlayersWorlds.Maps.Maze.MazeGeneratorTest" runstate="Runnable" seed="1128915023" result="Skipped" label="Ignored" start-time="2024-03-12T00:50:15.6315930Z" end-time="2024-03-12T00:50:15.6316400Z" duration="0.000048" asserts="0" />
                <test-case id="1-1777" name="IsFillComplete(PlayersWorlds.Maps.Maze.SidewinderMazeGenerator,FullHeight,Auto,System.Collections.Generic.List`1[PlayersWorlds.Maps.Areas.MapArea])" fullname="PlayersWorlds.Maps.Maze.MazeGeneratorTest.IsFillComplete(PlayersWorlds.Maps.Maze.SidewinderMazeGenerator,FullHeight,Auto,System.Collections.Generic.List`1[PlayersWorlds.Maps.Areas.MapArea])" methodname="IsFillComplete" classname="PlayersWorlds.Maps.Maze.MazeGeneratorTest" runstate="Runnable" seed="245543137" result="Skipped" label="Ignored" start-time="2024-03-12T00:50:15.6316450Z" end-time="2024-03-12T00:50:15.6316930Z" duration="0.000049" asserts="0" />
                <test-case id="1-1778" name="IsFillComplete(PlayersWorlds.Maps.Maze.SidewinderMazeGenerator,FullHeight,Auto,System.Collections.Generic.List`1[PlayersWorlds.Maps.Areas.MapArea])" fullname="PlayersWorlds.Maps.Maze.MazeGeneratorTest.IsFillComplete(PlayersWorlds.Maps.Maze.SidewinderMazeGenerator,FullHeight,Auto,System.Collections.Generic.List`1[PlayersWorlds.Maps.Areas.MapArea])" methodname="IsFillComplete" classname="PlayersWorlds.Maps.Maze.MazeGeneratorTest" runstate="Runnable" seed="913702295" result="Skipped" label="Ignored" start-time="2024-03-12T00:50:15.6316970Z" end-time="2024-03-12T00:50:15.6317460Z" duration="0.000049" asserts="0" />
                <test-case id="1-1779" name="IsFillComplete(PlayersWorlds.Maps.Maze.SidewinderMazeGenerator,FullHeight,Auto,System.Collections.Generic.List`1[PlayersWorlds.Maps.Areas.MapArea])" fullname="PlayersWorlds.Maps.Maze.MazeGeneratorTest.IsFillComplete(PlayersWorlds.Maps.Maze.SidewinderMazeGenerator,FullHeight,Auto,System.Collections.Generic.List`1[PlayersWorlds.Maps.Areas.MapArea])" methodname="IsFillComplete" classname="PlayersWorlds.Maps.Maze.MazeGeneratorTest" runstate="Runnable" seed="688171119" result="Skipped" label="Ignored" start-time="2024-03-12T00:50:15.6317500Z" end-time="2024-03-12T00:50:15.6317980Z" duration="0.000048" asserts="0" />
                <test-case id="1-1780" name="IsFillComplete(PlayersWorlds.Maps.Maze.SidewinderMazeGenerator,FullHeight,Auto,System.Collections.Generic.List`1[PlayersWorlds.Maps.Areas.MapArea])" fullname="PlayersWorlds.Maps.Maze.MazeGeneratorTest.IsFillComplete(PlayersWorlds.Maps.Maze.SidewinderMazeGenerator,FullHeight,Auto,System.Collections.Generic.List`1[PlayersWorlds.Maps.Areas.MapArea])" methodname="IsFillComplete" classname="PlayersWorlds.Maps.Maze.MazeGeneratorTest" runstate="Runnable" seed="1126935116" result="Skipped" label="Ignored" start-time="2024-03-12T00:50:15.6318020Z" end-time="2024-03-12T00:50:15.6318490Z" duration="0.000047" asserts="0" />
                <test-case id="1-1781" name="IsFillComplete(PlayersWorlds.Maps.Maze.SidewinderMazeGenerator,FullHeight,Manual,null)" fullname="PlayersWorlds.Maps.Maze.MazeGeneratorTest.IsFillComplete(PlayersWorlds.Maps.Maze.SidewinderMazeGenerator,FullHeight,Manual,null)" methodname="IsFillComplete" classname="PlayersWorlds.Maps.Maze.MazeGeneratorTest" runstate="Runnable" seed="53947909" result="Skipped" label="Ignored" start-time="2024-03-12T00:50:15.6318540Z" end-time="2024-03-12T00:50:15.6319010Z" duration="0.000047" asserts="0" />
                <test-case id="1-1782" name="IsFillComplete(PlayersWorlds.Maps.Maze.SidewinderMazeGenerator,FullHeight,Manual,System.Collections.Generic.List`1[PlayersWorlds.Maps.Areas.MapArea])" fullname="PlayersWorlds.Maps.Maze.MazeGeneratorTest.IsFillComplete(PlayersWorlds.Maps.Maze.SidewinderMazeGenerator,FullHeight,Manual,System.Collections.Generic.List`1[PlayersWorlds.Maps.Areas.MapArea])" methodname="IsFillComplete" classname="PlayersWorlds.Maps.Maze.MazeGeneratorTest" runstate="Runnable" seed="1921542124" result="Skipped" label="Ignored" start-time="2024-03-12T00:50:15.6319050Z" end-time="2024-03-12T00:50:15.6319530Z" duration="0.000048" asserts="0" />
                <test-case id="1-1783" name="IsFillComplete(PlayersWorlds.Maps.Maze.SidewinderMazeGenerator,FullHeight,Manual,System.Collections.Generic.List`1[PlayersWorlds.Maps.Areas.MapArea])" fullname="PlayersWorlds.Maps.Maze.MazeGeneratorTest.IsFillComplete(PlayersWorlds.Maps.Maze.SidewinderMazeGenerator,FullHeight,Manual,System.Collections.Generic.List`1[PlayersWorlds.Maps.Areas.MapArea])" methodname="IsFillComplete" classname="PlayersWorlds.Maps.Maze.MazeGeneratorTest" runstate="Runnable" seed="106779691" result="Skipped" label="Ignored" start-time="2024-03-12T00:50:15.6319570Z" end-time="2024-03-12T00:50:15.6320050Z" duration="0.000048" asserts="0" />
                <test-case id="1-1784" name="IsFillComplete(PlayersWorlds.Maps.Maze.SidewinderMazeGenerator,FullHeight,Manual,System.Collections.Generic.List`1[PlayersWorlds.Maps.Areas.MapArea])" fullname="PlayersWorlds.Maps.Maze.MazeGeneratorTest.IsFillComplete(PlayersWorlds.Maps.Maze.SidewinderMazeGenerator,FullHeight,Manual,System.Collections.Generic.List`1[PlayersWorlds.Maps.Areas.MapArea])" methodname="IsFillComplete" classname="PlayersWorlds.Maps.Maze.MazeGeneratorTest" runstate="Runnable" seed="1896065820" result="Skipped" label="Ignored" start-time="2024-03-12T00:50:15.6320090Z" end-time="2024-03-12T00:50:15.6320570Z" duration="0.000048" asserts="0" />
                <test-case id="1-1785" name="IsFillComplete(PlayersWorlds.Maps.Maze.SidewinderMazeGenerator,FullHeight,Manual,System.Collections.Generic.List`1[PlayersWorlds.Maps.Areas.MapArea])" fullname="PlayersWorlds.Maps.Maze.MazeGeneratorTest.IsFillComplete(PlayersWorlds.Maps.Maze.SidewinderMazeGenerator,FullHeight,Manual,System.Collections.Generic.List`1[PlayersWorlds.Maps.Areas.MapArea])" methodname="IsFillComplete" classname="PlayersWorlds.Maps.Maze.MazeGeneratorTest" runstate="Runnable" seed="1461123455" result="Skipped" label="Ignored" start-time="2024-03-12T00:50:15.6320620Z" end-time="2024-03-12T00:50:15.6321090Z" duration="0.000048" asserts="0" />
                <test-case id="1-1786" name="IsFillComplete(PlayersWorlds.Maps.Maze.SidewinderMazeGenerator,FullHeight,Manual,System.Collections.Generic.List`1[PlayersWorlds.Maps.Areas.MapArea])" fullname="PlayersWorlds.Maps.Maze.MazeGeneratorTest.IsFillComplete(PlayersWorlds.Maps.Maze.SidewinderMazeGenerator,FullHeight,Manual,System.Collections.Generic.List`1[PlayersWorlds.Maps.Areas.MapArea])" methodname="IsFillComplete" classname="PlayersWorlds.Maps.Maze.MazeGeneratorTest" runstate="Runnable" seed="1805757818" result="Skipped" label="Ignored" start-time="2024-03-12T00:50:15.6321130Z" end-time="2024-03-12T00:50:15.6321610Z" duration="0.000048" asserts="0" />
                <test-case id="1-1787" name="IsFillComplete(PlayersWorlds.Maps.Maze.SidewinderMazeGenerator,Full,Auto,null)" fullname="PlayersWorlds.Maps.Maze.MazeGeneratorTest.IsFillComplete(PlayersWorlds.Maps.Maze.SidewinderMazeGenerator,Full,Auto,null)" methodname="IsFillComplete" classname="PlayersWorlds.Maps.Maze.MazeGeneratorTest" runstate="Runnable" seed="1169261778" result="Passed" start-time="2024-03-12T00:50:15.6321660Z" end-time="2024-03-12T00:50:15.6368210Z" duration="0.004655" asserts="3" />
                <test-case id="1-1788" name="IsFillComplete(PlayersWorlds.Maps.Maze.SidewinderMazeGenerator,Full,Auto,System.Collections.Generic.List`1[PlayersWorlds.Maps.Areas.MapArea])" fullname="PlayersWorlds.Maps.Maze.MazeGeneratorTest.IsFillComplete(PlayersWorlds.Maps.Maze.SidewinderMazeGenerator,Full,Auto,System.Collections.Generic.List`1[PlayersWorlds.Maps.Areas.MapArea])" methodname="IsFillComplete" classname="PlayersWorlds.Maps.Maze.MazeGeneratorTest" runstate="Runnable" seed="2008694002" result="Passed" start-time="2024-03-12T00:50:15.6368270Z" end-time="2024-03-12T00:50:15.6730390Z" duration="0.036212" asserts="3" />
                <test-case id="1-1789" name="IsFillComplete(PlayersWorlds.Maps.Maze.SidewinderMazeGenerator,Full,Auto,System.Collections.Generic.List`1[PlayersWorlds.Maps.Areas.MapArea])" fullname="PlayersWorlds.Maps.Maze.MazeGeneratorTest.IsFillComplete(PlayersWorlds.Maps.Maze.SidewinderMazeGenerator,Full,Auto,System.Collections.Generic.List`1[PlayersWorlds.Maps.Areas.MapArea])" methodname="IsFillComplete" classname="PlayersWorlds.Maps.Maze.MazeGeneratorTest" runstate="Runnable" seed="1588475923" result="Passed" start-time="2024-03-12T00:50:15.6730490Z" end-time="2024-03-12T00:50:15.7094550Z" duration="0.036405" asserts="3" />
                <test-case id="1-1790" name="IsFillComplete(PlayersWorlds.Maps.Maze.SidewinderMazeGenerator,Full,Auto,System.Collections.Generic.List`1[PlayersWorlds.Maps.Areas.MapArea])" fullname="PlayersWorlds.Maps.Maze.MazeGeneratorTest.IsFillComplete(PlayersWorlds.Maps.Maze.SidewinderMazeGenerator,Full,Auto,System.Collections.Generic.List`1[PlayersWorlds.Maps.Areas.MapArea])" methodname="IsFillComplete" classname="PlayersWorlds.Maps.Maze.MazeGeneratorTest" runstate="Runnable" seed="1540442126" result="Passed" start-time="2024-03-12T00:50:15.7094710Z" end-time="2024-03-12T00:50:15.7306630Z" duration="0.021192" asserts="3" />
                <test-case id="1-1791" name="IsFillComplete(PlayersWorlds.Maps.Maze.SidewinderMazeGenerator,Full,Auto,System.Collections.Generic.List`1[PlayersWorlds.Maps.Areas.MapArea])" fullname="PlayersWorlds.Maps.Maze.MazeGeneratorTest.IsFillComplete(PlayersWorlds.Maps.Maze.SidewinderMazeGenerator,Full,Auto,System.Collections.Generic.List`1[PlayersWorlds.Maps.Areas.MapArea])" methodname="IsFillComplete" classname="PlayersWorlds.Maps.Maze.MazeGeneratorTest" runstate="Runnable" seed="1370467529" result="Passed" start-time="2024-03-12T00:50:15.7306770Z" end-time="2024-03-12T00:50:15.8378110Z" duration="0.107134" asserts="3" />
                <test-case id="1-1792" name="IsFillComplete(PlayersWorlds.Maps.Maze.SidewinderMazeGenerator,Full,Auto,System.Collections.Generic.List`1[PlayersWorlds.Maps.Areas.MapArea])" fullname="PlayersWorlds.Maps.Maze.MazeGeneratorTest.IsFillComplete(PlayersWorlds.Maps.Maze.SidewinderMazeGenerator,Full,Auto,System.Collections.Generic.List`1[PlayersWorlds.Maps.Areas.MapArea])" methodname="IsFillComplete" classname="PlayersWorlds.Maps.Maze.MazeGeneratorTest" runstate="Runnable" seed="1310769195" result="Passed" start-time="2024-03-12T00:50:15.8378210Z" end-time="2024-03-12T00:50:15.8662140Z" duration="0.028392" asserts="3" />
                <test-case id="1-1793" name="IsFillComplete(PlayersWorlds.Maps.Maze.SidewinderMazeGenerator,Full,Manual,null)" fullname="PlayersWorlds.Maps.Maze.MazeGeneratorTest.IsFillComplete(PlayersWorlds.Maps.Maze.SidewinderMazeGenerator,Full,Manual,null)" methodname="IsFillComplete" classname="PlayersWorlds.Maps.Maze.MazeGeneratorTest" runstate="Runnable" seed="533886205" result="Passed" start-time="2024-03-12T00:50:15.8662230Z" end-time="2024-03-12T00:50:15.8685890Z" duration="0.002365" asserts="3" />
                <test-case id="1-1794" name="IsFillComplete(PlayersWorlds.Maps.Maze.SidewinderMazeGenerator,Full,Manual,System.Collections.Generic.List`1[PlayersWorlds.Maps.Areas.MapArea])" fullname="PlayersWorlds.Maps.Maze.MazeGeneratorTest.IsFillComplete(PlayersWorlds.Maps.Maze.SidewinderMazeGenerator,Full,Manual,System.Collections.Generic.List`1[PlayersWorlds.Maps.Areas.MapArea])" methodname="IsFillComplete" classname="PlayersWorlds.Maps.Maze.MazeGeneratorTest" runstate="Runnable" seed="1405365246" result="Passed" start-time="2024-03-12T00:50:15.8685970Z" end-time="2024-03-12T00:50:15.8712590Z" duration="0.002662" asserts="3" />
                <test-case id="1-1795" name="IsFillComplete(PlayersWorlds.Maps.Maze.SidewinderMazeGenerator,Full,Manual,System.Collections.Generic.List`1[PlayersWorlds.Maps.Areas.MapArea])" fullname="PlayersWorlds.Maps.Maze.MazeGeneratorTest.IsFillComplete(PlayersWorlds.Maps.Maze.SidewinderMazeGenerator,Full,Manual,System.Collections.Generic.List`1[PlayersWorlds.Maps.Areas.MapArea])" methodname="IsFillComplete" classname="PlayersWorlds.Maps.Maze.MazeGeneratorTest" runstate="Runnable" seed="1309861507" result="Passed" start-time="2024-03-12T00:50:15.8712670Z" end-time="2024-03-12T00:50:15.8739440Z" duration="0.002677" asserts="3" />
                <test-case id="1-1796" name="IsFillComplete(PlayersWorlds.Maps.Maze.SidewinderMazeGenerator,Full,Manual,System.Collections.Generic.List`1[PlayersWorlds.Maps.Areas.MapArea])" fullname="PlayersWorlds.Maps.Maze.MazeGeneratorTest.IsFillComplete(PlayersWorlds.Maps.Maze.SidewinderMazeGenerator,Full,Manual,System.Collections.Generic.List`1[PlayersWorlds.Maps.Areas.MapArea])" methodname="IsFillComplete" classname="PlayersWorlds.Maps.Maze.MazeGeneratorTest" runstate="Runnable" seed="1372634564" result="Passed" start-time="2024-03-12T00:50:15.8739520Z" end-time="2024-03-12T00:50:15.8773700Z" duration="0.003418" asserts="3" />
                <test-case id="1-1797" name="IsFillComplete(PlayersWorlds.Maps.Maze.SidewinderMazeGenerator,Full,Manual,System.Collections.Generic.List`1[PlayersWorlds.Maps.Areas.MapArea])" fullname="PlayersWorlds.Maps.Maze.MazeGeneratorTest.IsFillComplete(PlayersWorlds.Maps.Maze.SidewinderMazeGenerator,Full,Manual,System.Collections.Generic.List`1[PlayersWorlds.Maps.Areas.MapArea])" methodname="IsFillComplete" classname="PlayersWorlds.Maps.Maze.MazeGeneratorTest" runstate="Runnable" seed="1368201406" result="Passed" start-time="2024-03-12T00:50:15.8773790Z" end-time="2024-03-12T00:50:15.8839490Z" duration="0.006569" asserts="3" />
                <test-case id="1-1798" name="IsFillComplete(PlayersWorlds.Maps.Maze.SidewinderMazeGenerator,Full,Manual,System.Collections.Generic.List`1[PlayersWorlds.Maps.Areas.MapArea])" fullname="PlayersWorlds.Maps.Maze.MazeGeneratorTest.IsFillComplete(PlayersWorlds.Maps.Maze.SidewinderMazeGenerator,Full,Manual,System.Collections.Generic.List`1[PlayersWorlds.Maps.Areas.MapArea])" methodname="IsFillComplete" classname="PlayersWorlds.Maps.Maze.MazeGeneratorTest" runstate="Runnable" seed="1148259186" result="Passed" start-time="2024-03-12T00:50:15.8839570Z" end-time="2024-03-12T00:50:15.8879810Z" duration="0.004024" asserts="3" />
                <test-case id="1-1799" name="IsFillComplete(PlayersWorlds.Maps.Maze.WilsonsMazeGenerator,Quarter,Auto,null)" fullname="PlayersWorlds.Maps.Maze.MazeGeneratorTest.IsFillComplete(PlayersWorlds.Maps.Maze.WilsonsMazeGenerator,Quarter,Auto,null)" methodname="IsFillComplete" classname="PlayersWorlds.Maps.Maze.MazeGeneratorTest" runstate="Runnable" seed="812293747" result="Passed" start-time="2024-03-12T00:50:15.8879900Z" end-time="2024-03-12T00:50:15.9174720Z" duration="0.029482" asserts="3" />
                <test-case id="1-1800" name="IsFillComplete(PlayersWorlds.Maps.Maze.WilsonsMazeGenerator,Quarter,Auto,System.Collections.Generic.List`1[PlayersWorlds.Maps.Areas.MapArea])" fullname="PlayersWorlds.Maps.Maze.MazeGeneratorTest.IsFillComplete(PlayersWorlds.Maps.Maze.WilsonsMazeGenerator,Quarter,Auto,System.Collections.Generic.List`1[PlayersWorlds.Maps.Areas.MapArea])" methodname="IsFillComplete" classname="PlayersWorlds.Maps.Maze.MazeGeneratorTest" runstate="Runnable" seed="1730957742" result="Passed" start-time="2024-03-12T00:50:15.9174820Z" end-time="2024-03-12T00:50:15.9338880Z" duration="0.016406" asserts="3" />
                <test-case id="1-1801" name="IsFillComplete(PlayersWorlds.Maps.Maze.WilsonsMazeGenerator,Quarter,Auto,System.Collections.Generic.List`1[PlayersWorlds.Maps.Areas.MapArea])" fullname="PlayersWorlds.Maps.Maze.MazeGeneratorTest.IsFillComplete(PlayersWorlds.Maps.Maze.WilsonsMazeGenerator,Quarter,Auto,System.Collections.Generic.List`1[PlayersWorlds.Maps.Areas.MapArea])" methodname="IsFillComplete" classname="PlayersWorlds.Maps.Maze.MazeGeneratorTest" runstate="Runnable" seed="324660548" result="Passed" start-time="2024-03-12T00:50:15.9339000Z" end-time="2024-03-12T00:50:15.9566030Z" duration="0.022703" asserts="3" />
                <test-case id="1-1802" name="IsFillComplete(PlayersWorlds.Maps.Maze.WilsonsMazeGenerator,Quarter,Auto,System.Collections.Generic.List`1[PlayersWorlds.Maps.Areas.MapArea])" fullname="PlayersWorlds.Maps.Maze.MazeGeneratorTest.IsFillComplete(PlayersWorlds.Maps.Maze.WilsonsMazeGenerator,Quarter,Auto,System.Collections.Generic.List`1[PlayersWorlds.Maps.Areas.MapArea])" methodname="IsFillComplete" classname="PlayersWorlds.Maps.Maze.MazeGeneratorTest" runstate="Runnable" seed="1965089992" result="Passed" start-time="2024-03-12T00:50:15.9566120Z" end-time="2024-03-12T00:50:15.9651260Z" duration="0.008514" asserts="3" />
                <test-case id="1-1803" name="IsFillComplete(PlayersWorlds.Maps.Maze.WilsonsMazeGenerator,Quarter,Auto,System.Collections.Generic.List`1[PlayersWorlds.Maps.Areas.MapArea])" fullname="PlayersWorlds.Maps.Maze.MazeGeneratorTest.IsFillComplete(PlayersWorlds.Maps.Maze.WilsonsMazeGenerator,Quarter,Auto,System.Collections.Generic.List`1[PlayersWorlds.Maps.Areas.MapArea])" methodname="IsFillComplete" classname="PlayersWorlds.Maps.Maze.MazeGeneratorTest" runstate="Runnable" seed="1213267405" result="Passed" start-time="2024-03-12T00:50:15.9651350Z" end-time="2024-03-12T00:50:16.9194140Z" duration="0.954279" asserts="3" />
                <test-case id="1-1804" name="IsFillComplete(PlayersWorlds.Maps.Maze.WilsonsMazeGenerator,Quarter,Auto,System.Collections.Generic.List`1[PlayersWorlds.Maps.Areas.MapArea])" fullname="PlayersWorlds.Maps.Maze.MazeGeneratorTest.IsFillComplete(PlayersWorlds.Maps.Maze.WilsonsMazeGenerator,Quarter,Auto,System.Collections.Generic.List`1[PlayersWorlds.Maps.Areas.MapArea])" methodname="IsFillComplete" classname="PlayersWorlds.Maps.Maze.MazeGeneratorTest" runstate="Runnable" seed="427845458" result="Passed" start-time="2024-03-12T00:50:16.9194230Z" end-time="2024-03-12T00:50:16.9291040Z" duration="0.009681" asserts="3" />
                <test-case id="1-1805" name="IsFillComplete(PlayersWorlds.Maps.Maze.WilsonsMazeGenerator,Quarter,Manual,null)" fullname="PlayersWorlds.Maps.Maze.MazeGeneratorTest.IsFillComplete(PlayersWorlds.Maps.Maze.WilsonsMazeGenerator,Quarter,Manual,null)" methodname="IsFillComplete" classname="PlayersWorlds.Maps.Maze.MazeGeneratorTest" runstate="Runnable" seed="1017625082" result="Passed" start-time="2024-03-12T00:50:16.9291160Z" end-time="2024-03-12T00:50:16.9307020Z" duration="0.001587" asserts="3" />
                <test-case id="1-1806" name="IsFillComplete(PlayersWorlds.Maps.Maze.WilsonsMazeGenerator,Quarter,Manual,System.Collections.Generic.List`1[PlayersWorlds.Maps.Areas.MapArea])" fullname="PlayersWorlds.Maps.Maze.MazeGeneratorTest.IsFillComplete(PlayersWorlds.Maps.Maze.WilsonsMazeGenerator,Quarter,Manual,System.Collections.Generic.List`1[PlayersWorlds.Maps.Areas.MapArea])" methodname="IsFillComplete" classname="PlayersWorlds.Maps.Maze.MazeGeneratorTest" runstate="Runnable" seed="687646421" result="Passed" start-time="2024-03-12T00:50:16.9307130Z" end-time="2024-03-12T00:50:16.9320260Z" duration="0.001313" asserts="3" />
                <test-case id="1-1807" name="IsFillComplete(PlayersWorlds.Maps.Maze.WilsonsMazeGenerator,Quarter,Manual,System.Collections.Generic.List`1[PlayersWorlds.Maps.Areas.MapArea])" fullname="PlayersWorlds.Maps.Maze.MazeGeneratorTest.IsFillComplete(PlayersWorlds.Maps.Maze.WilsonsMazeGenerator,Quarter,Manual,System.Collections.Generic.List`1[PlayersWorlds.Maps.Areas.MapArea])" methodname="IsFillComplete" classname="PlayersWorlds.Maps.Maze.MazeGeneratorTest" runstate="Runnable" seed="463906019" result="Passed" start-time="2024-03-12T00:50:16.9320340Z" end-time="2024-03-12T00:50:16.9341880Z" duration="0.002154" asserts="3" />
                <test-case id="1-1808" name="IsFillComplete(PlayersWorlds.Maps.Maze.WilsonsMazeGenerator,Quarter,Manual,System.Collections.Generic.List`1[PlayersWorlds.Maps.Areas.MapArea])" fullname="PlayersWorlds.Maps.Maze.MazeGeneratorTest.IsFillComplete(PlayersWorlds.Maps.Maze.WilsonsMazeGenerator,Quarter,Manual,System.Collections.Generic.List`1[PlayersWorlds.Maps.Areas.MapArea])" methodname="IsFillComplete" classname="PlayersWorlds.Maps.Maze.MazeGeneratorTest" runstate="Runnable" seed="1774565736" result="Passed" start-time="2024-03-12T00:50:16.9341970Z" end-time="2024-03-12T00:50:16.9364130Z" duration="0.002216" asserts="3" />
                <test-case id="1-1809" name="IsFillComplete(PlayersWorlds.Maps.Maze.WilsonsMazeGenerator,Quarter,Manual,System.Collections.Generic.List`1[PlayersWorlds.Maps.Areas.MapArea])" fullname="PlayersWorlds.Maps.Maze.MazeGeneratorTest.IsFillComplete(PlayersWorlds.Maps.Maze.WilsonsMazeGenerator,Quarter,Manual,System.Collections.Generic.List`1[PlayersWorlds.Maps.Areas.MapArea])" methodname="IsFillComplete" classname="PlayersWorlds.Maps.Maze.MazeGeneratorTest" runstate="Runnable" seed="1841734597" result="Passed" start-time="2024-03-12T00:50:16.9364220Z" end-time="2024-03-12T00:50:16.9406200Z" duration="0.004198" asserts="3" />
                <test-case id="1-1810" name="IsFillComplete(PlayersWorlds.Maps.Maze.WilsonsMazeGenerator,Quarter,Manual,System.Collections.Generic.List`1[PlayersWorlds.Maps.Areas.MapArea])" fullname="PlayersWorlds.Maps.Maze.MazeGeneratorTest.IsFillComplete(PlayersWorlds.Maps.Maze.WilsonsMazeGenerator,Quarter,Manual,System.Collections.Generic.List`1[PlayersWorlds.Maps.Areas.MapArea])" methodname="IsFillComplete" classname="PlayersWorlds.Maps.Maze.MazeGeneratorTest" runstate="Runnable" seed="791505424" result="Passed" start-time="2024-03-12T00:50:16.9406300Z" end-time="2024-03-12T00:50:16.9444190Z" duration="0.003790" asserts="3" />
                <test-case id="1-1811" name="IsFillComplete(PlayersWorlds.Maps.Maze.WilsonsMazeGenerator,Half,Auto,null)" fullname="PlayersWorlds.Maps.Maze.MazeGeneratorTest.IsFillComplete(PlayersWorlds.Maps.Maze.WilsonsMazeGenerator,Half,Auto,null)" methodname="IsFillComplete" classname="PlayersWorlds.Maps.Maze.MazeGeneratorTest" runstate="Runnable" seed="1880868769" result="Passed" start-time="2024-03-12T00:50:16.9444290Z" end-time="2024-03-12T00:50:16.9487370Z" duration="0.004309" asserts="3" />
                <test-case id="1-1812" name="IsFillComplete(PlayersWorlds.Maps.Maze.WilsonsMazeGenerator,Half,Auto,System.Collections.Generic.List`1[PlayersWorlds.Maps.Areas.MapArea])" fullname="PlayersWorlds.Maps.Maze.MazeGeneratorTest.IsFillComplete(PlayersWorlds.Maps.Maze.WilsonsMazeGenerator,Half,Auto,System.Collections.Generic.List`1[PlayersWorlds.Maps.Areas.MapArea])" methodname="IsFillComplete" classname="PlayersWorlds.Maps.Maze.MazeGeneratorTest" runstate="Runnable" seed="2089105340" result="Passed" start-time="2024-03-12T00:50:16.9487460Z" end-time="2024-03-12T00:50:16.9510060Z" duration="0.002260" asserts="3" />
                <test-case id="1-1813" name="IsFillComplete(PlayersWorlds.Maps.Maze.WilsonsMazeGenerator,Half,Auto,System.Collections.Generic.List`1[PlayersWorlds.Maps.Areas.MapArea])" fullname="PlayersWorlds.Maps.Maze.MazeGeneratorTest.IsFillComplete(PlayersWorlds.Maps.Maze.WilsonsMazeGenerator,Half,Auto,System.Collections.Generic.List`1[PlayersWorlds.Maps.Areas.MapArea])" methodname="IsFillComplete" classname="PlayersWorlds.Maps.Maze.MazeGeneratorTest" runstate="Runnable" seed="1939438287" result="Passed" start-time="2024-03-12T00:50:16.9510140Z" end-time="2024-03-12T00:50:16.9563240Z" duration="0.005310" asserts="3" />
                <test-case id="1-1814" name="IsFillComplete(PlayersWorlds.Maps.Maze.WilsonsMazeGenerator,Half,Auto,System.Collections.Generic.List`1[PlayersWorlds.Maps.Areas.MapArea])" fullname="PlayersWorlds.Maps.Maze.MazeGeneratorTest.IsFillComplete(PlayersWorlds.Maps.Maze.WilsonsMazeGenerator,Half,Auto,System.Collections.Generic.List`1[PlayersWorlds.Maps.Areas.MapArea])" methodname="IsFillComplete" classname="PlayersWorlds.Maps.Maze.MazeGeneratorTest" runstate="Runnable" seed="551044578" result="Passed" start-time="2024-03-12T00:50:16.9563330Z" end-time="2024-03-12T00:50:16.9729150Z" duration="0.016582" asserts="3" />
                <test-case id="1-1815" name="IsFillComplete(PlayersWorlds.Maps.Maze.WilsonsMazeGenerator,Half,Auto,System.Collections.Generic.List`1[PlayersWorlds.Maps.Areas.MapArea])" fullname="PlayersWorlds.Maps.Maze.MazeGeneratorTest.IsFillComplete(PlayersWorlds.Maps.Maze.WilsonsMazeGenerator,Half,Auto,System.Collections.Generic.List`1[PlayersWorlds.Maps.Areas.MapArea])" methodname="IsFillComplete" classname="PlayersWorlds.Maps.Maze.MazeGeneratorTest" runstate="Runnable" seed="473543222" result="Passed" start-time="2024-03-12T00:50:16.9729240Z" end-time="2024-03-12T00:50:17.0222590Z" duration="0.049335" asserts="3" />
                <test-case id="1-1816" name="IsFillComplete(PlayersWorlds.Maps.Maze.WilsonsMazeGenerator,Half,Auto,System.Collections.Generic.List`1[PlayersWorlds.Maps.Areas.MapArea])" fullname="PlayersWorlds.Maps.Maze.MazeGeneratorTest.IsFillComplete(PlayersWorlds.Maps.Maze.WilsonsMazeGenerator,Half,Auto,System.Collections.Generic.List`1[PlayersWorlds.Maps.Areas.MapArea])" methodname="IsFillComplete" classname="PlayersWorlds.Maps.Maze.MazeGeneratorTest" runstate="Runnable" seed="961576616" result="Passed" start-time="2024-03-12T00:50:17.0222700Z" end-time="2024-03-12T00:50:17.0885250Z" duration="0.066255" asserts="3" />
                <test-case id="1-1817" name="IsFillComplete(PlayersWorlds.Maps.Maze.WilsonsMazeGenerator,Half,Manual,null)" fullname="PlayersWorlds.Maps.Maze.MazeGeneratorTest.IsFillComplete(PlayersWorlds.Maps.Maze.WilsonsMazeGenerator,Half,Manual,null)" methodname="IsFillComplete" classname="PlayersWorlds.Maps.Maze.MazeGeneratorTest" runstate="Runnable" seed="1483389110" result="Passed" start-time="2024-03-12T00:50:17.0885350Z" end-time="2024-03-12T00:50:17.0901300Z" duration="0.001595" asserts="3" />
                <test-case id="1-1818" name="IsFillComplete(PlayersWorlds.Maps.Maze.WilsonsMazeGenerator,Half,Manual,System.Collections.Generic.List`1[PlayersWorlds.Maps.Areas.MapArea])" fullname="PlayersWorlds.Maps.Maze.MazeGeneratorTest.IsFillComplete(PlayersWorlds.Maps.Maze.WilsonsMazeGenerator,Half,Manual,System.Collections.Generic.List`1[PlayersWorlds.Maps.Areas.MapArea])" methodname="IsFillComplete" classname="PlayersWorlds.Maps.Maze.MazeGeneratorTest" runstate="Runnable" seed="659278270" result="Passed" start-time="2024-03-12T00:50:17.0901380Z" end-time="2024-03-12T00:50:17.0914940Z" duration="0.001356" asserts="3" />
                <test-case id="1-1819" name="IsFillComplete(PlayersWorlds.Maps.Maze.WilsonsMazeGenerator,Half,Manual,System.Collections.Generic.List`1[PlayersWorlds.Maps.Areas.MapArea])" fullname="PlayersWorlds.Maps.Maze.MazeGeneratorTest.IsFillComplete(PlayersWorlds.Maps.Maze.WilsonsMazeGenerator,Half,Manual,System.Collections.Generic.List`1[PlayersWorlds.Maps.Areas.MapArea])" methodname="IsFillComplete" classname="PlayersWorlds.Maps.Maze.MazeGeneratorTest" runstate="Runnable" seed="761184880" result="Passed" start-time="2024-03-12T00:50:17.0915010Z" end-time="2024-03-12T00:50:17.0939930Z" duration="0.002492" asserts="3" />
                <test-case id="1-1820" name="IsFillComplete(PlayersWorlds.Maps.Maze.WilsonsMazeGenerator,Half,Manual,System.Collections.Generic.List`1[PlayersWorlds.Maps.Areas.MapArea])" fullname="PlayersWorlds.Maps.Maze.MazeGeneratorTest.IsFillComplete(PlayersWorlds.Maps.Maze.WilsonsMazeGenerator,Half,Manual,System.Collections.Generic.List`1[PlayersWorlds.Maps.Areas.MapArea])" methodname="IsFillComplete" classname="PlayersWorlds.Maps.Maze.MazeGeneratorTest" runstate="Runnable" seed="698867840" result="Passed" start-time="2024-03-12T00:50:17.0940010Z" end-time="2024-03-12T00:50:17.0960080Z" duration="0.002007" asserts="3" />
                <test-case id="1-1821" name="IsFillComplete(PlayersWorlds.Maps.Maze.WilsonsMazeGenerator,Half,Manual,System.Collections.Generic.List`1[PlayersWorlds.Maps.Areas.MapArea])" fullname="PlayersWorlds.Maps.Maze.MazeGeneratorTest.IsFillComplete(PlayersWorlds.Maps.Maze.WilsonsMazeGenerator,Half,Manual,System.Collections.Generic.List`1[PlayersWorlds.Maps.Areas.MapArea])" methodname="IsFillComplete" classname="PlayersWorlds.Maps.Maze.MazeGeneratorTest" runstate="Runnable" seed="398181650" result="Passed" start-time="2024-03-12T00:50:17.0960170Z" end-time="2024-03-12T00:50:17.1017010Z" duration="0.005685" asserts="3" />
                <test-case id="1-1822" name="IsFillComplete(PlayersWorlds.Maps.Maze.WilsonsMazeGenerator,Half,Manual,System.Collections.Generic.List`1[PlayersWorlds.Maps.Areas.MapArea])" fullname="PlayersWorlds.Maps.Maze.MazeGeneratorTest.IsFillComplete(PlayersWorlds.Maps.Maze.WilsonsMazeGenerator,Half,Manual,System.Collections.Generic.List`1[PlayersWorlds.Maps.Areas.MapArea])" methodname="IsFillComplete" classname="PlayersWorlds.Maps.Maze.MazeGeneratorTest" runstate="Runnable" seed="430015801" result="Passed" start-time="2024-03-12T00:50:17.1017100Z" end-time="2024-03-12T00:50:17.1060360Z" duration="0.004325" asserts="3" />
                <test-case id="1-1823" name="IsFillComplete(PlayersWorlds.Maps.Maze.WilsonsMazeGenerator,ThreeQuarters,Auto,null)" fullname="PlayersWorlds.Maps.Maze.MazeGeneratorTest.IsFillComplete(PlayersWorlds.Maps.Maze.WilsonsMazeGenerator,ThreeQuarters,Auto,null)" methodname="IsFillComplete" classname="PlayersWorlds.Maps.Maze.MazeGeneratorTest" runstate="Runnable" seed="1820724485" result="Passed" start-time="2024-03-12T00:50:17.1060440Z" end-time="2024-03-12T00:50:17.1537590Z" duration="0.047716" asserts="3" />
                <test-case id="1-1824" name="IsFillComplete(PlayersWorlds.Maps.Maze.WilsonsMazeGenerator,ThreeQuarters,Auto,System.Collections.Generic.List`1[PlayersWorlds.Maps.Areas.MapArea])" fullname="PlayersWorlds.Maps.Maze.MazeGeneratorTest.IsFillComplete(PlayersWorlds.Maps.Maze.WilsonsMazeGenerator,ThreeQuarters,Auto,System.Collections.Generic.List`1[PlayersWorlds.Maps.Areas.MapArea])" methodname="IsFillComplete" classname="PlayersWorlds.Maps.Maze.MazeGeneratorTest" runstate="Runnable" seed="478125858" result="Passed" start-time="2024-03-12T00:50:17.1537750Z" end-time="2024-03-12T00:50:17.1618200Z" duration="0.008045" asserts="3" />
                <test-case id="1-1825" name="IsFillComplete(PlayersWorlds.Maps.Maze.WilsonsMazeGenerator,ThreeQuarters,Auto,System.Collections.Generic.List`1[PlayersWorlds.Maps.Areas.MapArea])" fullname="PlayersWorlds.Maps.Maze.MazeGeneratorTest.IsFillComplete(PlayersWorlds.Maps.Maze.WilsonsMazeGenerator,ThreeQuarters,Auto,System.Collections.Generic.List`1[PlayersWorlds.Maps.Areas.MapArea])" methodname="IsFillComplete" classname="PlayersWorlds.Maps.Maze.MazeGeneratorTest" runstate="Runnable" seed="1639104609" result="Passed" start-time="2024-03-12T00:50:17.1618300Z" end-time="2024-03-12T00:50:17.2498720Z" duration="0.088042" asserts="3" />
                <test-case id="1-1826" name="IsFillComplete(PlayersWorlds.Maps.Maze.WilsonsMazeGenerator,ThreeQuarters,Auto,System.Collections.Generic.List`1[PlayersWorlds.Maps.Areas.MapArea])" fullname="PlayersWorlds.Maps.Maze.MazeGeneratorTest.IsFillComplete(PlayersWorlds.Maps.Maze.WilsonsMazeGenerator,ThreeQuarters,Auto,System.Collections.Generic.List`1[PlayersWorlds.Maps.Areas.MapArea])" methodname="IsFillComplete" classname="PlayersWorlds.Maps.Maze.MazeGeneratorTest" runstate="Runnable" seed="1531156370" result="Passed" start-time="2024-03-12T00:50:17.2498900Z" end-time="2024-03-12T00:50:17.2828160Z" duration="0.032926" asserts="3" />
                <test-case id="1-1827" name="IsFillComplete(PlayersWorlds.Maps.Maze.WilsonsMazeGenerator,ThreeQuarters,Auto,System.Collections.Generic.List`1[PlayersWorlds.Maps.Areas.MapArea])" fullname="PlayersWorlds.Maps.Maze.MazeGeneratorTest.IsFillComplete(PlayersWorlds.Maps.Maze.WilsonsMazeGenerator,ThreeQuarters,Auto,System.Collections.Generic.List`1[PlayersWorlds.Maps.Areas.MapArea])" methodname="IsFillComplete" classname="PlayersWorlds.Maps.Maze.MazeGeneratorTest" runstate="Runnable" seed="567428961" result="Passed" start-time="2024-03-12T00:50:17.2828250Z" end-time="2024-03-12T00:50:17.3104000Z" duration="0.027575" asserts="3" />
                <test-case id="1-1828" name="IsFillComplete(PlayersWorlds.Maps.Maze.WilsonsMazeGenerator,ThreeQuarters,Auto,System.Collections.Generic.List`1[PlayersWorlds.Maps.Areas.MapArea])" fullname="PlayersWorlds.Maps.Maze.MazeGeneratorTest.IsFillComplete(PlayersWorlds.Maps.Maze.WilsonsMazeGenerator,ThreeQuarters,Auto,System.Collections.Generic.List`1[PlayersWorlds.Maps.Areas.MapArea])" methodname="IsFillComplete" classname="PlayersWorlds.Maps.Maze.MazeGeneratorTest" runstate="Runnable" seed="1109989010" result="Passed" start-time="2024-03-12T00:50:17.3104160Z" end-time="2024-03-12T00:50:17.3258660Z" duration="0.015449" asserts="3" />
                <test-case id="1-1829" name="IsFillComplete(PlayersWorlds.Maps.Maze.WilsonsMazeGenerator,ThreeQuarters,Manual,null)" fullname="PlayersWorlds.Maps.Maze.MazeGeneratorTest.IsFillComplete(PlayersWorlds.Maps.Maze.WilsonsMazeGenerator,ThreeQuarters,Manual,null)" methodname="IsFillComplete" classname="PlayersWorlds.Maps.Maze.MazeGeneratorTest" runstate="Runnable" seed="1641694548" result="Passed" start-time="2024-03-12T00:50:17.3258750Z" end-time="2024-03-12T00:50:17.3274960Z" duration="0.001621" asserts="3" />
                <test-case id="1-1830" name="IsFillComplete(PlayersWorlds.Maps.Maze.WilsonsMazeGenerator,ThreeQuarters,Manual,System.Collections.Generic.List`1[PlayersWorlds.Maps.Areas.MapArea])" fullname="PlayersWorlds.Maps.Maze.MazeGeneratorTest.IsFillComplete(PlayersWorlds.Maps.Maze.WilsonsMazeGenerator,ThreeQuarters,Manual,System.Collections.Generic.List`1[PlayersWorlds.Maps.Areas.MapArea])" methodname="IsFillComplete" classname="PlayersWorlds.Maps.Maze.MazeGeneratorTest" runstate="Runnable" seed="1328863937" result="Passed" start-time="2024-03-12T00:50:17.3275040Z" end-time="2024-03-12T00:50:17.3290000Z" duration="0.001496" asserts="3" />
                <test-case id="1-1831" name="IsFillComplete(PlayersWorlds.Maps.Maze.WilsonsMazeGenerator,ThreeQuarters,Manual,System.Collections.Generic.List`1[PlayersWorlds.Maps.Areas.MapArea])" fullname="PlayersWorlds.Maps.Maze.MazeGeneratorTest.IsFillComplete(PlayersWorlds.Maps.Maze.WilsonsMazeGenerator,ThreeQuarters,Manual,System.Collections.Generic.List`1[PlayersWorlds.Maps.Areas.MapArea])" methodname="IsFillComplete" classname="PlayersWorlds.Maps.Maze.MazeGeneratorTest" runstate="Runnable" seed="1908197264" result="Passed" start-time="2024-03-12T00:50:17.3290100Z" end-time="2024-03-12T00:50:17.3314640Z" duration="0.002455" asserts="3" />
                <test-case id="1-1832" name="IsFillComplete(PlayersWorlds.Maps.Maze.WilsonsMazeGenerator,ThreeQuarters,Manual,System.Collections.Generic.List`1[PlayersWorlds.Maps.Areas.MapArea])" fullname="PlayersWorlds.Maps.Maze.MazeGeneratorTest.IsFillComplete(PlayersWorlds.Maps.Maze.WilsonsMazeGenerator,ThreeQuarters,Manual,System.Collections.Generic.List`1[PlayersWorlds.Maps.Areas.MapArea])" methodname="IsFillComplete" classname="PlayersWorlds.Maps.Maze.MazeGeneratorTest" runstate="Runnable" seed="1244767598" result="Passed" start-time="2024-03-12T00:50:17.3314730Z" end-time="2024-03-12T00:50:17.3334800Z" duration="0.002007" asserts="3" />
                <test-case id="1-1833" name="IsFillComplete(PlayersWorlds.Maps.Maze.WilsonsMazeGenerator,ThreeQuarters,Manual,System.Collections.Generic.List`1[PlayersWorlds.Maps.Areas.MapArea])" fullname="PlayersWorlds.Maps.Maze.MazeGeneratorTest.IsFillComplete(PlayersWorlds.Maps.Maze.WilsonsMazeGenerator,ThreeQuarters,Manual,System.Collections.Generic.List`1[PlayersWorlds.Maps.Areas.MapArea])" methodname="IsFillComplete" classname="PlayersWorlds.Maps.Maze.MazeGeneratorTest" runstate="Runnable" seed="101408548" result="Passed" start-time="2024-03-12T00:50:17.3334890Z" end-time="2024-03-12T00:50:17.3384760Z" duration="0.004987" asserts="3" />
                <test-case id="1-1834" name="IsFillComplete(PlayersWorlds.Maps.Maze.WilsonsMazeGenerator,ThreeQuarters,Manual,System.Collections.Generic.List`1[PlayersWorlds.Maps.Areas.MapArea])" fullname="PlayersWorlds.Maps.Maze.MazeGeneratorTest.IsFillComplete(PlayersWorlds.Maps.Maze.WilsonsMazeGenerator,ThreeQuarters,Manual,System.Collections.Generic.List`1[PlayersWorlds.Maps.Areas.MapArea])" methodname="IsFillComplete" classname="PlayersWorlds.Maps.Maze.MazeGeneratorTest" runstate="Runnable" seed="1104697024" result="Passed" start-time="2024-03-12T00:50:17.3384840Z" end-time="2024-03-12T00:50:17.3440960Z" duration="0.005612" asserts="3" />
                <test-case id="1-1835" name="IsFillComplete(PlayersWorlds.Maps.Maze.WilsonsMazeGenerator,NinetyPercent,Auto,null)" fullname="PlayersWorlds.Maps.Maze.MazeGeneratorTest.IsFillComplete(PlayersWorlds.Maps.Maze.WilsonsMazeGenerator,NinetyPercent,Auto,null)" methodname="IsFillComplete" classname="PlayersWorlds.Maps.Maze.MazeGeneratorTest" runstate="Runnable" seed="802274568" result="Passed" start-time="2024-03-12T00:50:17.3441050Z" end-time="2024-03-12T00:50:17.3655640Z" duration="0.021458" asserts="3" />
                <test-case id="1-1836" name="IsFillComplete(PlayersWorlds.Maps.Maze.WilsonsMazeGenerator,NinetyPercent,Auto,System.Collections.Generic.List`1[PlayersWorlds.Maps.Areas.MapArea])" fullname="PlayersWorlds.Maps.Maze.MazeGeneratorTest.IsFillComplete(PlayersWorlds.Maps.Maze.WilsonsMazeGenerator,NinetyPercent,Auto,System.Collections.Generic.List`1[PlayersWorlds.Maps.Areas.MapArea])" methodname="IsFillComplete" classname="PlayersWorlds.Maps.Maze.MazeGeneratorTest" runstate="Runnable" seed="236341564" result="Passed" start-time="2024-03-12T00:50:17.3655730Z" end-time="2024-03-12T00:50:17.3837590Z" duration="0.018186" asserts="3" />
                <test-case id="1-1837" name="IsFillComplete(PlayersWorlds.Maps.Maze.WilsonsMazeGenerator,NinetyPercent,Auto,System.Collections.Generic.List`1[PlayersWorlds.Maps.Areas.MapArea])" fullname="PlayersWorlds.Maps.Maze.MazeGeneratorTest.IsFillComplete(PlayersWorlds.Maps.Maze.WilsonsMazeGenerator,NinetyPercent,Auto,System.Collections.Generic.List`1[PlayersWorlds.Maps.Areas.MapArea])" methodname="IsFillComplete" classname="PlayersWorlds.Maps.Maze.MazeGeneratorTest" runstate="Runnable" seed="708274719" result="Passed" start-time="2024-03-12T00:50:17.3837680Z" end-time="2024-03-12T00:50:17.3889500Z" duration="0.005182" asserts="3" />
                <test-case id="1-1838" name="IsFillComplete(PlayersWorlds.Maps.Maze.WilsonsMazeGenerator,NinetyPercent,Auto,System.Collections.Generic.List`1[PlayersWorlds.Maps.Areas.MapArea])" fullname="PlayersWorlds.Maps.Maze.MazeGeneratorTest.IsFillComplete(PlayersWorlds.Maps.Maze.WilsonsMazeGenerator,NinetyPercent,Auto,System.Collections.Generic.List`1[PlayersWorlds.Maps.Areas.MapArea])" methodname="IsFillComplete" classname="PlayersWorlds.Maps.Maze.MazeGeneratorTest" runstate="Runnable" seed="1826417880" result="Passed" start-time="2024-03-12T00:50:17.3889590Z" end-time="2024-03-12T00:50:17.4118940Z" duration="0.022935" asserts="3" />
                <test-case id="1-1839" name="IsFillComplete(PlayersWorlds.Maps.Maze.WilsonsMazeGenerator,NinetyPercent,Auto,System.Collections.Generic.List`1[PlayersWorlds.Maps.Areas.MapArea])" fullname="PlayersWorlds.Maps.Maze.MazeGeneratorTest.IsFillComplete(PlayersWorlds.Maps.Maze.WilsonsMazeGenerator,NinetyPercent,Auto,System.Collections.Generic.List`1[PlayersWorlds.Maps.Areas.MapArea])" methodname="IsFillComplete" classname="PlayersWorlds.Maps.Maze.MazeGeneratorTest" runstate="Runnable" seed="878440738" result="Passed" start-time="2024-03-12T00:50:17.4119110Z" end-time="2024-03-12T00:50:17.4285200Z" duration="0.016609" asserts="3" />
                <test-case id="1-1840" name="IsFillComplete(PlayersWorlds.Maps.Maze.WilsonsMazeGenerator,NinetyPercent,Auto,System.Collections.Generic.List`1[PlayersWorlds.Maps.Areas.MapArea])" fullname="PlayersWorlds.Maps.Maze.MazeGeneratorTest.IsFillComplete(PlayersWorlds.Maps.Maze.WilsonsMazeGenerator,NinetyPercent,Auto,System.Collections.Generic.List`1[PlayersWorlds.Maps.Areas.MapArea])" methodname="IsFillComplete" classname="PlayersWorlds.Maps.Maze.MazeGeneratorTest" runstate="Runnable" seed="773477034" result="Passed" start-time="2024-03-12T00:50:17.4285360Z" end-time="2024-03-12T00:50:17.4561090Z" duration="0.027574" asserts="3" />
                <test-case id="1-1841" name="IsFillComplete(PlayersWorlds.Maps.Maze.WilsonsMazeGenerator,NinetyPercent,Manual,null)" fullname="PlayersWorlds.Maps.Maze.MazeGeneratorTest.IsFillComplete(PlayersWorlds.Maps.Maze.WilsonsMazeGenerator,NinetyPercent,Manual,null)" methodname="IsFillComplete" classname="PlayersWorlds.Maps.Maze.MazeGeneratorTest" runstate="Runnable" seed="1341851799" result="Passed" start-time="2024-03-12T00:50:17.4561180Z" end-time="2024-03-12T00:50:17.4577210Z" duration="0.001603" asserts="3" />
                <test-case id="1-1842" name="IsFillComplete(PlayersWorlds.Maps.Maze.WilsonsMazeGenerator,NinetyPercent,Manual,System.Collections.Generic.List`1[PlayersWorlds.Maps.Areas.MapArea])" fullname="PlayersWorlds.Maps.Maze.MazeGeneratorTest.IsFillComplete(PlayersWorlds.Maps.Maze.WilsonsMazeGenerator,NinetyPercent,Manual,System.Collections.Generic.List`1[PlayersWorlds.Maps.Areas.MapArea])" methodname="IsFillComplete" classname="PlayersWorlds.Maps.Maze.MazeGeneratorTest" runstate="Runnable" seed="1542179689" result="Passed" start-time="2024-03-12T00:50:17.4577290Z" end-time="2024-03-12T00:50:17.4593460Z" duration="0.001617" asserts="3" />
                <test-case id="1-1843" name="IsFillComplete(PlayersWorlds.Maps.Maze.WilsonsMazeGenerator,NinetyPercent,Manual,System.Collections.Generic.List`1[PlayersWorlds.Maps.Areas.MapArea])" fullname="PlayersWorlds.Maps.Maze.MazeGeneratorTest.IsFillComplete(PlayersWorlds.Maps.Maze.WilsonsMazeGenerator,NinetyPercent,Manual,System.Collections.Generic.List`1[PlayersWorlds.Maps.Areas.MapArea])" methodname="IsFillComplete" classname="PlayersWorlds.Maps.Maze.MazeGeneratorTest" runstate="Runnable" seed="166959405" result="Passed" start-time="2024-03-12T00:50:17.4593530Z" end-time="2024-03-12T00:50:17.4616310Z" duration="0.002277" asserts="3" />
                <test-case id="1-1844" name="IsFillComplete(PlayersWorlds.Maps.Maze.WilsonsMazeGenerator,NinetyPercent,Manual,System.Collections.Generic.List`1[PlayersWorlds.Maps.Areas.MapArea])" fullname="PlayersWorlds.Maps.Maze.MazeGeneratorTest.IsFillComplete(PlayersWorlds.Maps.Maze.WilsonsMazeGenerator,NinetyPercent,Manual,System.Collections.Generic.List`1[PlayersWorlds.Maps.Areas.MapArea])" methodname="IsFillComplete" classname="PlayersWorlds.Maps.Maze.MazeGeneratorTest" runstate="Runnable" seed="796970499" result="Passed" start-time="2024-03-12T00:50:17.4616390Z" end-time="2024-03-12T00:50:17.4641840Z" duration="0.002545" asserts="3" />
                <test-case id="1-1845" name="IsFillComplete(PlayersWorlds.Maps.Maze.WilsonsMazeGenerator,NinetyPercent,Manual,System.Collections.Generic.List`1[PlayersWorlds.Maps.Areas.MapArea])" fullname="PlayersWorlds.Maps.Maze.MazeGeneratorTest.IsFillComplete(PlayersWorlds.Maps.Maze.WilsonsMazeGenerator,NinetyPercent,Manual,System.Collections.Generic.List`1[PlayersWorlds.Maps.Areas.MapArea])" methodname="IsFillComplete" classname="PlayersWorlds.Maps.Maze.MazeGeneratorTest" runstate="Runnable" seed="1807057004" result="Passed" start-time="2024-03-12T00:50:17.4641920Z" end-time="2024-03-12T00:50:17.4696590Z" duration="0.005467" asserts="3" />
                <test-case id="1-1846" name="IsFillComplete(PlayersWorlds.Maps.Maze.WilsonsMazeGenerator,NinetyPercent,Manual,System.Collections.Generic.List`1[PlayersWorlds.Maps.Areas.MapArea])" fullname="PlayersWorlds.Maps.Maze.MazeGeneratorTest.IsFillComplete(PlayersWorlds.Maps.Maze.WilsonsMazeGenerator,NinetyPercent,Manual,System.Collections.Generic.List`1[PlayersWorlds.Maps.Areas.MapArea])" methodname="IsFillComplete" classname="PlayersWorlds.Maps.Maze.MazeGeneratorTest" runstate="Runnable" seed="1428845836" result="Passed" start-time="2024-03-12T00:50:17.4696680Z" end-time="2024-03-12T00:50:17.4743590Z" duration="0.004691" asserts="3" />
                <test-case id="1-1847" name="IsFillComplete(PlayersWorlds.Maps.Maze.WilsonsMazeGenerator,FullWidth,Auto,null)" fullname="PlayersWorlds.Maps.Maze.MazeGeneratorTest.IsFillComplete(PlayersWorlds.Maps.Maze.WilsonsMazeGenerator,FullWidth,Auto,null)" methodname="IsFillComplete" classname="PlayersWorlds.Maps.Maze.MazeGeneratorTest" runstate="Runnable" seed="1518814555" result="Passed" start-time="2024-03-12T00:50:17.4743740Z" end-time="2024-03-12T00:50:17.5021320Z" duration="0.027757" asserts="3" />
                <test-case id="1-1848" name="IsFillComplete(PlayersWorlds.Maps.Maze.WilsonsMazeGenerator,FullWidth,Auto,System.Collections.Generic.List`1[PlayersWorlds.Maps.Areas.MapArea])" fullname="PlayersWorlds.Maps.Maze.MazeGeneratorTest.IsFillComplete(PlayersWorlds.Maps.Maze.WilsonsMazeGenerator,FullWidth,Auto,System.Collections.Generic.List`1[PlayersWorlds.Maps.Areas.MapArea])" methodname="IsFillComplete" classname="PlayersWorlds.Maps.Maze.MazeGeneratorTest" runstate="Runnable" seed="2130325274" result="Passed" start-time="2024-03-12T00:50:17.5021410Z" end-time="2024-03-12T00:50:17.5097440Z" duration="0.007603" asserts="3" />
                <test-case id="1-1849" name="IsFillComplete(PlayersWorlds.Maps.Maze.WilsonsMazeGenerator,FullWidth,Auto,System.Collections.Generic.List`1[PlayersWorlds.Maps.Areas.MapArea])" fullname="PlayersWorlds.Maps.Maze.MazeGeneratorTest.IsFillComplete(PlayersWorlds.Maps.Maze.WilsonsMazeGenerator,FullWidth,Auto,System.Collections.Generic.List`1[PlayersWorlds.Maps.Areas.MapArea])" methodname="IsFillComplete" classname="PlayersWorlds.Maps.Maze.MazeGeneratorTest" runstate="Runnable" seed="931822024" result="Passed" start-time="2024-03-12T00:50:17.5097540Z" end-time="2024-03-12T00:50:17.5146270Z" duration="0.004872" asserts="3" />
                <test-case id="1-1850" name="IsFillComplete(PlayersWorlds.Maps.Maze.WilsonsMazeGenerator,FullWidth,Auto,System.Collections.Generic.List`1[PlayersWorlds.Maps.Areas.MapArea])" fullname="PlayersWorlds.Maps.Maze.MazeGeneratorTest.IsFillComplete(PlayersWorlds.Maps.Maze.WilsonsMazeGenerator,FullWidth,Auto,System.Collections.Generic.List`1[PlayersWorlds.Maps.Areas.MapArea])" methodname="IsFillComplete" classname="PlayersWorlds.Maps.Maze.MazeGeneratorTest" runstate="Runnable" seed="348284891" result="Passed" start-time="2024-03-12T00:50:17.5146350Z" end-time="2024-03-12T00:50:17.5623330Z" duration="0.047698" asserts="3" />
                <test-case id="1-1851" name="IsFillComplete(PlayersWorlds.Maps.Maze.WilsonsMazeGenerator,FullWidth,Auto,System.Collections.Generic.List`1[PlayersWorlds.Maps.Areas.MapArea])" fullname="PlayersWorlds.Maps.Maze.MazeGeneratorTest.IsFillComplete(PlayersWorlds.Maps.Maze.WilsonsMazeGenerator,FullWidth,Auto,System.Collections.Generic.List`1[PlayersWorlds.Maps.Areas.MapArea])" methodname="IsFillComplete" classname="PlayersWorlds.Maps.Maze.MazeGeneratorTest" runstate="Runnable" seed="2036729101" result="Passed" start-time="2024-03-12T00:50:17.5623430Z" end-time="2024-03-12T00:50:17.5849240Z" duration="0.022582" asserts="3" />
                <test-case id="1-1852" name="IsFillComplete(PlayersWorlds.Maps.Maze.WilsonsMazeGenerator,FullWidth,Auto,System.Collections.Generic.List`1[PlayersWorlds.Maps.Areas.MapArea])" fullname="PlayersWorlds.Maps.Maze.MazeGeneratorTest.IsFillComplete(PlayersWorlds.Maps.Maze.WilsonsMazeGenerator,FullWidth,Auto,System.Collections.Generic.List`1[PlayersWorlds.Maps.Areas.MapArea])" methodname="IsFillComplete" classname="PlayersWorlds.Maps.Maze.MazeGeneratorTest" runstate="Runnable" seed="708923136" result="Passed" start-time="2024-03-12T00:50:17.5849400Z" end-time="2024-03-12T00:50:17.6077630Z" duration="0.022822" asserts="3" />
                <test-case id="1-1853" name="IsFillComplete(PlayersWorlds.Maps.Maze.WilsonsMazeGenerator,FullWidth,Manual,null)" fullname="PlayersWorlds.Maps.Maze.MazeGeneratorTest.IsFillComplete(PlayersWorlds.Maps.Maze.WilsonsMazeGenerator,FullWidth,Manual,null)" methodname="IsFillComplete" classname="PlayersWorlds.Maps.Maze.MazeGeneratorTest" runstate="Runnable" seed="387074306" result="Passed" start-time="2024-03-12T00:50:17.6077790Z" end-time="2024-03-12T00:50:17.6093630Z" duration="0.001584" asserts="3" />
                <test-case id="1-1854" name="IsFillComplete(PlayersWorlds.Maps.Maze.WilsonsMazeGenerator,FullWidth,Manual,System.Collections.Generic.List`1[PlayersWorlds.Maps.Areas.MapArea])" fullname="PlayersWorlds.Maps.Maze.MazeGeneratorTest.IsFillComplete(PlayersWorlds.Maps.Maze.WilsonsMazeGenerator,FullWidth,Manual,System.Collections.Generic.List`1[PlayersWorlds.Maps.Areas.MapArea])" methodname="IsFillComplete" classname="PlayersWorlds.Maps.Maze.MazeGeneratorTest" runstate="Runnable" seed="113425907" result="Passed" start-time="2024-03-12T00:50:17.6093710Z" end-time="2024-03-12T00:50:17.6107070Z" duration="0.001336" asserts="3" />
                <test-case id="1-1855" name="IsFillComplete(PlayersWorlds.Maps.Maze.WilsonsMazeGenerator,FullWidth,Manual,System.Collections.Generic.List`1[PlayersWorlds.Maps.Areas.MapArea])" fullname="PlayersWorlds.Maps.Maze.MazeGeneratorTest.IsFillComplete(PlayersWorlds.Maps.Maze.WilsonsMazeGenerator,FullWidth,Manual,System.Collections.Generic.List`1[PlayersWorlds.Maps.Areas.MapArea])" methodname="IsFillComplete" classname="PlayersWorlds.Maps.Maze.MazeGeneratorTest" runstate="Runnable" seed="1332776092" result="Passed" start-time="2024-03-12T00:50:17.6107160Z" end-time="2024-03-12T00:50:17.6130690Z" duration="0.002353" asserts="3" />
                <test-case id="1-1856" name="IsFillComplete(PlayersWorlds.Maps.Maze.WilsonsMazeGenerator,FullWidth,Manual,System.Collections.Generic.List`1[PlayersWorlds.Maps.Areas.MapArea])" fullname="PlayersWorlds.Maps.Maze.MazeGeneratorTest.IsFillComplete(PlayersWorlds.Maps.Maze.WilsonsMazeGenerator,FullWidth,Manual,System.Collections.Generic.List`1[PlayersWorlds.Maps.Areas.MapArea])" methodname="IsFillComplete" classname="PlayersWorlds.Maps.Maze.MazeGeneratorTest" runstate="Runnable" seed="2042128394" result="Passed" start-time="2024-03-12T00:50:17.6130780Z" end-time="2024-03-12T00:50:17.6153990Z" duration="0.002321" asserts="3" />
                <test-case id="1-1857" name="IsFillComplete(PlayersWorlds.Maps.Maze.WilsonsMazeGenerator,FullWidth,Manual,System.Collections.Generic.List`1[PlayersWorlds.Maps.Areas.MapArea])" fullname="PlayersWorlds.Maps.Maze.MazeGeneratorTest.IsFillComplete(PlayersWorlds.Maps.Maze.WilsonsMazeGenerator,FullWidth,Manual,System.Collections.Generic.List`1[PlayersWorlds.Maps.Areas.MapArea])" methodname="IsFillComplete" classname="PlayersWorlds.Maps.Maze.MazeGeneratorTest" runstate="Runnable" seed="144365507" result="Passed" start-time="2024-03-12T00:50:17.6154070Z" end-time="2024-03-12T00:50:17.6201080Z" duration="0.004700" asserts="3" />
                <test-case id="1-1858" name="IsFillComplete(PlayersWorlds.Maps.Maze.WilsonsMazeGenerator,FullWidth,Manual,System.Collections.Generic.List`1[PlayersWorlds.Maps.Areas.MapArea])" fullname="PlayersWorlds.Maps.Maze.MazeGeneratorTest.IsFillComplete(PlayersWorlds.Maps.Maze.WilsonsMazeGenerator,FullWidth,Manual,System.Collections.Generic.List`1[PlayersWorlds.Maps.Areas.MapArea])" methodname="IsFillComplete" classname="PlayersWorlds.Maps.Maze.MazeGeneratorTest" runstate="Runnable" seed="735141547" result="Passed" start-time="2024-03-12T00:50:17.6201160Z" end-time="2024-03-12T00:50:17.6234200Z" duration="0.003304" asserts="3" />
                <test-case id="1-1859" name="IsFillComplete(PlayersWorlds.Maps.Maze.WilsonsMazeGenerator,FullHeight,Auto,null)" fullname="PlayersWorlds.Maps.Maze.MazeGeneratorTest.IsFillComplete(PlayersWorlds.Maps.Maze.WilsonsMazeGenerator,FullHeight,Auto,null)" methodname="IsFillComplete" classname="PlayersWorlds.Maps.Maze.MazeGeneratorTest" runstate="Runnable" seed="936224496" result="Passed" start-time="2024-03-12T00:50:17.6234290Z" end-time="2024-03-12T00:50:17.6395040Z" duration="0.016075" asserts="3" />
                <test-case id="1-1860" name="IsFillComplete(PlayersWorlds.Maps.Maze.WilsonsMazeGenerator,FullHeight,Auto,System.Collections.Generic.List`1[PlayersWorlds.Maps.Areas.MapArea])" fullname="PlayersWorlds.Maps.Maze.MazeGeneratorTest.IsFillComplete(PlayersWorlds.Maps.Maze.WilsonsMazeGenerator,FullHeight,Auto,System.Collections.Generic.List`1[PlayersWorlds.Maps.Areas.MapArea])" methodname="IsFillComplete" classname="PlayersWorlds.Maps.Maze.MazeGeneratorTest" runstate="Runnable" seed="1633952359" result="Passed" start-time="2024-03-12T00:50:17.6395160Z" end-time="2024-03-12T00:50:17.6463810Z" duration="0.006866" asserts="3" />
                <test-case id="1-1861" name="IsFillComplete(PlayersWorlds.Maps.Maze.WilsonsMazeGenerator,FullHeight,Auto,System.Collections.Generic.List`1[PlayersWorlds.Maps.Areas.MapArea])" fullname="PlayersWorlds.Maps.Maze.MazeGeneratorTest.IsFillComplete(PlayersWorlds.Maps.Maze.WilsonsMazeGenerator,FullHeight,Auto,System.Collections.Generic.List`1[PlayersWorlds.Maps.Areas.MapArea])" methodname="IsFillComplete" classname="PlayersWorlds.Maps.Maze.MazeGeneratorTest" runstate="Runnable" seed="120217460" result="Passed" start-time="2024-03-12T00:50:17.6463900Z" end-time="2024-03-12T00:50:17.6857370Z" duration="0.039347" asserts="3" />
                <test-case id="1-1862" name="IsFillComplete(PlayersWorlds.Maps.Maze.WilsonsMazeGenerator,FullHeight,Auto,System.Collections.Generic.List`1[PlayersWorlds.Maps.Areas.MapArea])" fullname="PlayersWorlds.Maps.Maze.MazeGeneratorTest.IsFillComplete(PlayersWorlds.Maps.Maze.WilsonsMazeGenerator,FullHeight,Auto,System.Collections.Generic.List`1[PlayersWorlds.Maps.Areas.MapArea])" methodname="IsFillComplete" classname="PlayersWorlds.Maps.Maze.MazeGeneratorTest" runstate="Runnable" seed="1501400656" result="Passed" start-time="2024-03-12T00:50:17.6857460Z" end-time="2024-03-12T00:50:17.6998370Z" duration="0.014091" asserts="3" />
                <test-case id="1-1863" name="IsFillComplete(PlayersWorlds.Maps.Maze.WilsonsMazeGenerator,FullHeight,Auto,System.Collections.Generic.List`1[PlayersWorlds.Maps.Areas.MapArea])" fullname="PlayersWorlds.Maps.Maze.MazeGeneratorTest.IsFillComplete(PlayersWorlds.Maps.Maze.WilsonsMazeGenerator,FullHeight,Auto,System.Collections.Generic.List`1[PlayersWorlds.Maps.Areas.MapArea])" methodname="IsFillComplete" classname="PlayersWorlds.Maps.Maze.MazeGeneratorTest" runstate="Runnable" seed="132871188" result="Passed" start-time="2024-03-12T00:50:17.6998460Z" end-time="2024-03-12T00:50:18.1307810Z" duration="0.430935" asserts="3" />
                <test-case id="1-1864" name="IsFillComplete(PlayersWorlds.Maps.Maze.WilsonsMazeGenerator,FullHeight,Auto,System.Collections.Generic.List`1[PlayersWorlds.Maps.Areas.MapArea])" fullname="PlayersWorlds.Maps.Maze.MazeGeneratorTest.IsFillComplete(PlayersWorlds.Maps.Maze.WilsonsMazeGenerator,FullHeight,Auto,System.Collections.Generic.List`1[PlayersWorlds.Maps.Areas.MapArea])" methodname="IsFillComplete" classname="PlayersWorlds.Maps.Maze.MazeGeneratorTest" runstate="Runnable" seed="512870660" result="Passed" start-time="2024-03-12T00:50:18.1307890Z" end-time="2024-03-12T00:50:18.1474390Z" duration="0.016650" asserts="3" />
                <test-case id="1-1865" name="IsFillComplete(PlayersWorlds.Maps.Maze.WilsonsMazeGenerator,FullHeight,Manual,null)" fullname="PlayersWorlds.Maps.Maze.MazeGeneratorTest.IsFillComplete(PlayersWorlds.Maps.Maze.WilsonsMazeGenerator,FullHeight,Manual,null)" methodname="IsFillComplete" classname="PlayersWorlds.Maps.Maze.MazeGeneratorTest" runstate="Runnable" seed="1030791807" result="Passed" start-time="2024-03-12T00:50:18.1474520Z" end-time="2024-03-12T00:50:18.1490160Z" duration="0.001564" asserts="3" />
                <test-case id="1-1866" name="IsFillComplete(PlayersWorlds.Maps.Maze.WilsonsMazeGenerator,FullHeight,Manual,System.Collections.Generic.List`1[PlayersWorlds.Maps.Areas.MapArea])" fullname="PlayersWorlds.Maps.Maze.MazeGeneratorTest.IsFillComplete(PlayersWorlds.Maps.Maze.WilsonsMazeGenerator,FullHeight,Manual,System.Collections.Generic.List`1[PlayersWorlds.Maps.Areas.MapArea])" methodname="IsFillComplete" classname="PlayersWorlds.Maps.Maze.MazeGeneratorTest" runstate="Runnable" seed="636101171" result="Passed" start-time="2024-03-12T00:50:18.1490240Z" end-time="2024-03-12T00:50:18.1508640Z" duration="0.001840" asserts="3" />
                <test-case id="1-1867" name="IsFillComplete(PlayersWorlds.Maps.Maze.WilsonsMazeGenerator,FullHeight,Manual,System.Collections.Generic.List`1[PlayersWorlds.Maps.Areas.MapArea])" fullname="PlayersWorlds.Maps.Maze.MazeGeneratorTest.IsFillComplete(PlayersWorlds.Maps.Maze.WilsonsMazeGenerator,FullHeight,Manual,System.Collections.Generic.List`1[PlayersWorlds.Maps.Areas.MapArea])" methodname="IsFillComplete" classname="PlayersWorlds.Maps.Maze.MazeGeneratorTest" runstate="Runnable" seed="1987696792" result="Passed" start-time="2024-03-12T00:50:18.1508720Z" end-time="2024-03-12T00:50:18.1528920Z" duration="0.002020" asserts="3" />
                <test-case id="1-1868" name="IsFillComplete(PlayersWorlds.Maps.Maze.WilsonsMazeGenerator,FullHeight,Manual,System.Collections.Generic.List`1[PlayersWorlds.Maps.Areas.MapArea])" fullname="PlayersWorlds.Maps.Maze.MazeGeneratorTest.IsFillComplete(PlayersWorlds.Maps.Maze.WilsonsMazeGenerator,FullHeight,Manual,System.Collections.Generic.List`1[PlayersWorlds.Maps.Areas.MapArea])" methodname="IsFillComplete" classname="PlayersWorlds.Maps.Maze.MazeGeneratorTest" runstate="Runnable" seed="834741263" result="Passed" start-time="2024-03-12T00:50:18.1529010Z" end-time="2024-03-12T00:50:18.1550260Z" duration="0.002126" asserts="3" />
                <test-case id="1-1869" name="IsFillComplete(PlayersWorlds.Maps.Maze.WilsonsMazeGenerator,FullHeight,Manual,System.Collections.Generic.List`1[PlayersWorlds.Maps.Areas.MapArea])" fullname="PlayersWorlds.Maps.Maze.MazeGeneratorTest.IsFillComplete(PlayersWorlds.Maps.Maze.WilsonsMazeGenerator,FullHeight,Manual,System.Collections.Generic.List`1[PlayersWorlds.Maps.Areas.MapArea])" methodname="IsFillComplete" classname="PlayersWorlds.Maps.Maze.MazeGeneratorTest" runstate="Runnable" seed="1896253657" result="Passed" start-time="2024-03-12T00:50:18.1550350Z" end-time="2024-03-12T00:50:18.1586930Z" duration="0.003658" asserts="3" />
                <test-case id="1-1870" name="IsFillComplete(PlayersWorlds.Maps.Maze.WilsonsMazeGenerator,FullHeight,Manual,System.Collections.Generic.List`1[PlayersWorlds.Maps.Areas.MapArea])" fullname="PlayersWorlds.Maps.Maze.MazeGeneratorTest.IsFillComplete(PlayersWorlds.Maps.Maze.WilsonsMazeGenerator,FullHeight,Manual,System.Collections.Generic.List`1[PlayersWorlds.Maps.Areas.MapArea])" methodname="IsFillComplete" classname="PlayersWorlds.Maps.Maze.MazeGeneratorTest" runstate="Runnable" seed="237201658" result="Passed" start-time="2024-03-12T00:50:18.1587010Z" end-time="2024-03-12T00:50:18.1642590Z" duration="0.005557" asserts="3" />
                <test-case id="1-1871" name="IsFillComplete(PlayersWorlds.Maps.Maze.WilsonsMazeGenerator,Full,Auto,null)" fullname="PlayersWorlds.Maps.Maze.MazeGeneratorTest.IsFillComplete(PlayersWorlds.Maps.Maze.WilsonsMazeGenerator,Full,Auto,null)" methodname="IsFillComplete" classname="PlayersWorlds.Maps.Maze.MazeGeneratorTest" runstate="Runnable" seed="253301897" result="Passed" start-time="2024-03-12T00:50:18.1642740Z" end-time="2024-03-12T00:50:18.1982400Z" duration="0.033966" asserts="3" />
                <test-case id="1-1872" name="IsFillComplete(PlayersWorlds.Maps.Maze.WilsonsMazeGenerator,Full,Auto,System.Collections.Generic.List`1[PlayersWorlds.Maps.Areas.MapArea])" fullname="PlayersWorlds.Maps.Maze.MazeGeneratorTest.IsFillComplete(PlayersWorlds.Maps.Maze.WilsonsMazeGenerator,Full,Auto,System.Collections.Generic.List`1[PlayersWorlds.Maps.Areas.MapArea])" methodname="IsFillComplete" classname="PlayersWorlds.Maps.Maze.MazeGeneratorTest" runstate="Runnable" seed="1804454877" result="Passed" start-time="2024-03-12T00:50:18.1982500Z" end-time="2024-03-12T00:50:18.2071590Z" duration="0.008910" asserts="3" />
                <test-case id="1-1873" name="IsFillComplete(PlayersWorlds.Maps.Maze.WilsonsMazeGenerator,Full,Auto,System.Collections.Generic.List`1[PlayersWorlds.Maps.Areas.MapArea])" fullname="PlayersWorlds.Maps.Maze.MazeGeneratorTest.IsFillComplete(PlayersWorlds.Maps.Maze.WilsonsMazeGenerator,Full,Auto,System.Collections.Generic.List`1[PlayersWorlds.Maps.Areas.MapArea])" methodname="IsFillComplete" classname="PlayersWorlds.Maps.Maze.MazeGeneratorTest" runstate="Runnable" seed="1928321179" result="Passed" start-time="2024-03-12T00:50:18.2071680Z" end-time="2024-03-12T00:50:18.2131090Z" duration="0.005941" asserts="3" />
                <test-case id="1-1874" name="IsFillComplete(PlayersWorlds.Maps.Maze.WilsonsMazeGenerator,Full,Auto,System.Collections.Generic.List`1[PlayersWorlds.Maps.Areas.MapArea])" fullname="PlayersWorlds.Maps.Maze.MazeGeneratorTest.IsFillComplete(PlayersWorlds.Maps.Maze.WilsonsMazeGenerator,Full,Auto,System.Collections.Generic.List`1[PlayersWorlds.Maps.Areas.MapArea])" methodname="IsFillComplete" classname="PlayersWorlds.Maps.Maze.MazeGeneratorTest" runstate="Runnable" seed="2135191493" result="Passed" start-time="2024-03-12T00:50:18.2131170Z" end-time="2024-03-12T00:50:18.6363980Z" duration="0.423282" asserts="3" />
                <test-case id="1-1875" name="IsFillComplete(PlayersWorlds.Maps.Maze.WilsonsMazeGenerator,Full,Auto,System.Collections.Generic.List`1[PlayersWorlds.Maps.Areas.MapArea])" fullname="PlayersWorlds.Maps.Maze.MazeGeneratorTest.IsFillComplete(PlayersWorlds.Maps.Maze.WilsonsMazeGenerator,Full,Auto,System.Collections.Generic.List`1[PlayersWorlds.Maps.Areas.MapArea])" methodname="IsFillComplete" classname="PlayersWorlds.Maps.Maze.MazeGeneratorTest" runstate="Runnable" seed="1504499688" result="Passed" start-time="2024-03-12T00:50:18.6364060Z" end-time="2024-03-12T00:50:18.6525750Z" duration="0.016169" asserts="3" />
                <test-case id="1-1876" name="IsFillComplete(PlayersWorlds.Maps.Maze.WilsonsMazeGenerator,Full,Auto,System.Collections.Generic.List`1[PlayersWorlds.Maps.Areas.MapArea])" fullname="PlayersWorlds.Maps.Maze.MazeGeneratorTest.IsFillComplete(PlayersWorlds.Maps.Maze.WilsonsMazeGenerator,Full,Auto,System.Collections.Generic.List`1[PlayersWorlds.Maps.Areas.MapArea])" methodname="IsFillComplete" classname="PlayersWorlds.Maps.Maze.MazeGeneratorTest" runstate="Runnable" seed="1003485608" result="Passed" start-time="2024-03-12T00:50:18.6525850Z" end-time="2024-03-12T00:50:18.6688370Z" duration="0.016252" asserts="3" />
                <test-case id="1-1877" name="IsFillComplete(PlayersWorlds.Maps.Maze.WilsonsMazeGenerator,Full,Manual,null)" fullname="PlayersWorlds.Maps.Maze.MazeGeneratorTest.IsFillComplete(PlayersWorlds.Maps.Maze.WilsonsMazeGenerator,Full,Manual,null)" methodname="IsFillComplete" classname="PlayersWorlds.Maps.Maze.MazeGeneratorTest" runstate="Runnable" seed="263056396" result="Passed" start-time="2024-03-12T00:50:18.6688470Z" end-time="2024-03-12T00:50:18.6705100Z" duration="0.001664" asserts="3" />
                <test-case id="1-1878" name="IsFillComplete(PlayersWorlds.Maps.Maze.WilsonsMazeGenerator,Full,Manual,System.Collections.Generic.List`1[PlayersWorlds.Maps.Areas.MapArea])" fullname="PlayersWorlds.Maps.Maze.MazeGeneratorTest.IsFillComplete(PlayersWorlds.Maps.Maze.WilsonsMazeGenerator,Full,Manual,System.Collections.Generic.List`1[PlayersWorlds.Maps.Areas.MapArea])" methodname="IsFillComplete" classname="PlayersWorlds.Maps.Maze.MazeGeneratorTest" runstate="Runnable" seed="1023753986" result="Passed" start-time="2024-03-12T00:50:18.6705180Z" end-time="2024-03-12T00:50:18.6721270Z" duration="0.001609" asserts="3" />
                <test-case id="1-1879" name="IsFillComplete(PlayersWorlds.Maps.Maze.WilsonsMazeGenerator,Full,Manual,System.Collections.Generic.List`1[PlayersWorlds.Maps.Areas.MapArea])" fullname="PlayersWorlds.Maps.Maze.MazeGeneratorTest.IsFillComplete(PlayersWorlds.Maps.Maze.WilsonsMazeGenerator,Full,Manual,System.Collections.Generic.List`1[PlayersWorlds.Maps.Areas.MapArea])" methodname="IsFillComplete" classname="PlayersWorlds.Maps.Maze.MazeGeneratorTest" runstate="Runnable" seed="818552501" result="Passed" start-time="2024-03-12T00:50:18.6721350Z" end-time="2024-03-12T00:50:18.6747260Z" duration="0.002591" asserts="3" />
                <test-case id="1-1880" name="IsFillComplete(PlayersWorlds.Maps.Maze.WilsonsMazeGenerator,Full,Manual,System.Collections.Generic.List`1[PlayersWorlds.Maps.Areas.MapArea])" fullname="PlayersWorlds.Maps.Maze.MazeGeneratorTest.IsFillComplete(PlayersWorlds.Maps.Maze.WilsonsMazeGenerator,Full,Manual,System.Collections.Generic.List`1[PlayersWorlds.Maps.Areas.MapArea])" methodname="IsFillComplete" classname="PlayersWorlds.Maps.Maze.MazeGeneratorTest" runstate="Runnable" seed="210258773" result="Passed" start-time="2024-03-12T00:50:18.6747340Z" end-time="2024-03-12T00:50:18.6772210Z" duration="0.002487" asserts="3" />
                <test-case id="1-1881" name="IsFillComplete(PlayersWorlds.Maps.Maze.WilsonsMazeGenerator,Full,Manual,System.Collections.Generic.List`1[PlayersWorlds.Maps.Areas.MapArea])" fullname="PlayersWorlds.Maps.Maze.MazeGeneratorTest.IsFillComplete(PlayersWorlds.Maps.Maze.WilsonsMazeGenerator,Full,Manual,System.Collections.Generic.List`1[PlayersWorlds.Maps.Areas.MapArea])" methodname="IsFillComplete" classname="PlayersWorlds.Maps.Maze.MazeGeneratorTest" runstate="Runnable" seed="12341815" result="Passed" start-time="2024-03-12T00:50:18.6772290Z" end-time="2024-03-12T00:50:18.6830940Z" duration="0.005865" asserts="3" />
                <test-case id="1-1882" name="IsFillComplete(PlayersWorlds.Maps.Maze.WilsonsMazeGenerator,Full,Manual,System.Collections.Generic.List`1[PlayersWorlds.Maps.Areas.MapArea])" fullname="PlayersWorlds.Maps.Maze.MazeGeneratorTest.IsFillComplete(PlayersWorlds.Maps.Maze.WilsonsMazeGenerator,Full,Manual,System.Collections.Generic.List`1[PlayersWorlds.Maps.Areas.MapArea])" methodname="IsFillComplete" classname="PlayersWorlds.Maps.Maze.MazeGeneratorTest" runstate="Runnable" seed="584587334" result="Passed" start-time="2024-03-12T00:50:18.6831030Z" end-time="2024-03-12T00:50:18.6889940Z" duration="0.005891" asserts="3" />
              </test-suite>
              <test-case id="1-1884" name="IsFillComplete_Debug" fullname="PlayersWorlds.Maps.Maze.MazeGeneratorTest.IsFillComplete_Debug" methodname="IsFillComplete_Debug" classname="PlayersWorlds.Maps.Maze.MazeGeneratorTest" runstate="Runnable" seed="69852637" result="Passed" start-time="2024-03-12T00:50:18.6890400Z" end-time="2024-03-12T00:50:18.6990490Z" duration="0.010009" asserts="3">
                <properties>
                  <property name="Category" value="Integration" />
                </properties>
                <output><![CDATA[[3/11/2024 5:50:18 PM] [MazeGeneratorTest.IsFillComplete_Debug-0] Running tests with seed 321
]]></output>
              </test-case>
            </test-suite>
            <test-suite type="TestFixture" id="1-1893" name="SidewinderMazeGeneratorTest" fullname="PlayersWorlds.Maps.Maze.SidewinderMazeGeneratorTest" classname="PlayersWorlds.Maps.Maze.SidewinderMazeGeneratorTest" runstate="Runnable" testcasecount="2" result="Passed" start-time="2024-03-12T00:50:18.6990800Z" end-time="2024-03-12T00:50:18.8010910Z" duration="0.102011" total="1" passed="1" failed="0" warnings="0" inconclusive="0" skipped="0" asserts="20">
              <test-case id="1-1895" name="ArchShapedAreasLeftExit" fullname="PlayersWorlds.Maps.Maze.SidewinderMazeGeneratorTest.ArchShapedAreasLeftExit" methodname="ArchShapedAreasLeftExit" classname="PlayersWorlds.Maps.Maze.SidewinderMazeGeneratorTest" runstate="Runnable" seed="329541803" result="Passed" start-time="2024-03-12T00:50:18.6991780Z" end-time="2024-03-12T00:50:18.8010720Z" duration="0.101895" asserts="20">
                <properties>
                  <property name="Repeat" value="10" />
                  <property name="Category" value="Integration" />
                </properties>
              </test-case>
            </test-suite>
          </test-suite>
        </test-suite>
      </test-suite>
      <test-suite type="TestFixture" id="1-1000" name="RandomAreaGeneratorTest" fullname="RandomAreaGeneratorTest" classname="RandomAreaGeneratorTest" runstate="Runnable" testcasecount="2" result="Passed" start-time="2024-03-12T00:50:18.8011230Z" end-time="2024-03-12T00:50:18.8093780Z" duration="0.008255" total="2" passed="2" failed="0" warnings="0" inconclusive="0" skipped="0" asserts="3042">
        <test-case id="1-1001" name="ZoneGenerator_CanGenerateZones" fullname="RandomAreaGeneratorTest.ZoneGenerator_CanGenerateZones" methodname="ZoneGenerator_CanGenerateZones" classname="RandomAreaGeneratorTest" runstate="Runnable" seed="2123232385" result="Passed" start-time="2024-03-12T00:50:18.8012490Z" end-time="2024-03-12T00:50:18.8087390Z" duration="0.007490" asserts="3006">
          <properties>
            <property name="Category" value="Integration" />
          </properties>
        </test-case>
        <test-case id="1-1002" name="ZoneGenerator_CustomSettings" fullname="RandomAreaGeneratorTest.ZoneGenerator_CustomSettings" methodname="ZoneGenerator_CustomSettings" classname="RandomAreaGeneratorTest" runstate="Runnable" seed="1572890314" result="Passed" start-time="2024-03-12T00:50:18.8087500Z" end-time="2024-03-12T00:50:18.8093650Z" duration="0.000615" asserts="36">
          <properties>
            <property name="Category" value="Integration" />
          </properties>
        </test-case>
      </test-suite>
    </test-suite>
  </test-suite>
</test-run>