<?xml version="1.0" encoding="utf-8" standalone="no"?>
<test-run id="0" runstate="Runnable" testcasecount="1044" result="Passed" total="8" passed="8" failed="0" warnings="0" inconclusive="0" skipped="0" asserts="29" engine-version="3.17.0.0" clr-version="4.0.30319.42000" start-time="2024-07-02 14:03:47Z" end-time="2024-07-02 14:03:48Z" duration="0.533622">
  <command-line><![CDATA[/home/data/repos/github.com/aynurin/maze-gen/packages/NUnit.ConsoleRunner.3.17.0/tools/nunit3-console.exe build/Debug/tests/PlayersWorlds.Maps.Tests.dll --framework=mono-4.0 --where=class=PlayersWorlds.Maps.CellTest]]></command-line>
  <filter>
    <class>PlayersWorlds.Maps.CellTest</class>
  </filter>
  <test-suite type="Assembly" id="1-2092" name="PlayersWorlds.Maps.Tests.dll" fullname="/home/data/repos/github.com/aynurin/maze-gen/build/Debug/tests/PlayersWorlds.Maps.Tests.dll" runstate="Runnable" testcasecount="1044" result="Passed" start-time="2024-07-02T14:03:47.9919900Z" end-time="2024-07-02T14:03:48.0520400Z" duration="0.059980" total="8" passed="8" failed="0" warnings="0" inconclusive="0" skipped="0" asserts="29">
    <environment framework-version="4.0.1.0" clr-version="4.0.30319.42000" os-version="Unix 6.1.84.1" platform="Unix" cwd="/home/data/repos/github.com/aynurin/maze-gen" machine-name="lightview" user="shav" user-domain="lightview" culture="en-US" uiculture="en-US" os-architecture="x64" />
    <settings>
      <setting name="RequestedRuntimeFramework" value="mono-4.0" />
      <setting name="DisposeRunners" value="True" />
      <setting name="WorkDirectory" value="/home/data/repos/github.com/aynurin/maze-gen" />
      <setting name="ImageRuntimeVersion" value="4.0.30319" />
      <setting name="ImageTargetFrameworkName" value=".NETFramework,Version=v4.7" />
      <setting name="ImageRequiresX86" value="False" />
      <setting name="ImageRequiresDefaultAppDomainAssemblyResolver" value="False" />
      <setting name="TargetRuntimeFramework" value="mono-4.0" />
      <setting name="NumberOfTestWorkers" value="24" />
    </settings>
    <properties>
      <property name="_PID" value="694800" />
      <property name="_APPDOMAIN" value="domain-" />
    </properties>
    <test-suite type="SetUpFixture" id="1-1003" name="[default namespace]" fullname="TestsSetup" classname="TestsSetup" runstate="Runnable" testcasecount="1044" result="Passed" start-time="2024-07-02T14:03:47.9984200Z" end-time="2024-07-02T14:03:48.0520270Z" duration="0.053607" total="8" passed="8" failed="0" warnings="0" inconclusive="0" skipped="0" asserts="29">
      <test-suite type="TestSuite" id="1-2093" name="PlayersWorlds" fullname="PlayersWorlds" runstate="Runnable" testcasecount="1042" result="Passed" start-time="2024-07-02T14:03:48.0023330Z" end-time="2024-07-02T14:03:48.0514160Z" duration="0.049083" total="8" passed="8" failed="0" warnings="0" inconclusive="0" skipped="0" asserts="29">
        <test-suite type="TestSuite" id="1-2094" name="Maps" fullname="PlayersWorlds.Maps" runstate="Runnable" testcasecount="1042" result="Passed" start-time="2024-07-02T14:03:48.0023960Z" end-time="2024-07-02T14:03:48.0514050Z" duration="0.049009" total="8" passed="8" failed="0" warnings="0" inconclusive="0" skipped="0" asserts="29">
          <test-suite type="TestFixture" id="1-1030" name="CellTest" fullname="PlayersWorlds.Maps.CellTest" classname="PlayersWorlds.Maps.CellTest" runstate="Runnable" testcasecount="8" result="Passed" start-time="2024-07-02T14:03:48.0024180Z" end-time="2024-07-02T14:03:48.0507880Z" duration="0.048371" total="8" passed="8" failed="0" warnings="0" inconclusive="0" skipped="0" asserts="29">
            <test-case id="1-1033" name="BakedLinks" fullname="PlayersWorlds.Maps.CellTest.BakedLinks" methodname="BakedLinks" classname="PlayersWorlds.Maps.CellTest" runstate="Runnable" seed="1955408604" result="Passed" start-time="2024-07-02T14:03:48.0026120Z" end-time="2024-07-02T14:03:48.0430130Z" duration="0.040477" asserts="6" />
            <test-case id="1-1038" name="CellTagEqualityTest" fullname="PlayersWorlds.Maps.CellTest.CellTagEqualityTest" methodname="CellTagEqualityTest" classname="PlayersWorlds.Maps.CellTest" runstate="Runnable" seed="407587025" result="Passed" start-time="2024-07-02T14:03:48.0447820Z" end-time="2024-07-02T14:03:48.0464840Z" duration="0.001702" asserts="4" />
            <test-case id="1-1037" name="Clone" fullname="PlayersWorlds.Maps.CellTest.Clone" methodname="Clone" classname="PlayersWorlds.Maps.CellTest" runstate="Runnable" seed="1763891633" result="Passed" start-time="2024-07-02T14:03:48.0464960Z" end-time="2024-07-02T14:03:48.0472860Z" duration="0.000790" asserts="4" />
            <test-case id="1-1031" name="CtorTest" fullname="PlayersWorlds.Maps.CellTest.CtorTest" methodname="CtorTest" classname="PlayersWorlds.Maps.CellTest" runstate="Runnable" seed="516041742" result="Passed" start-time="2024-07-02T14:03:48.0472940Z" end-time="2024-07-02T14:03:48.0478020Z" duration="0.000508" asserts="1" />
            <test-case id="1-1032" name="HardLinks" fullname="PlayersWorlds.Maps.CellTest.HardLinks" methodname="HardLinks" classname="PlayersWorlds.Maps.CellTest" runstate="Runnable" seed="437996293" result="Passed" start-time="2024-07-02T14:03:48.0478110Z" end-time="2024-07-02T14:03:48.0481170Z" duration="0.000306" asserts="6" />
            <test-case id="1-1035" name="Neighbors" fullname="PlayersWorlds.Maps.CellTest.Neighbors" methodname="Neighbors" classname="PlayersWorlds.Maps.CellTest" runstate="Runnable" seed="561684423" result="Passed" start-time="2024-07-02T14:03:48.0481250Z" end-time="2024-07-02T14:03:48.0483270Z" duration="0.000201" asserts="3" />
            <test-case id="1-1034" name="NoDoubleBake" fullname="PlayersWorlds.Maps.CellTest.NoDoubleBake" methodname="NoDoubleBake" classname="PlayersWorlds.Maps.CellTest" runstate="Runnable" seed="928083" result="Passed" start-time="2024-07-02T14:03:48.0483350Z" end-time="2024-07-02T14:03:48.0486020Z" duration="0.000268" asserts="4" />
            <test-case id="1-1036" name="ToString" fullname="PlayersWorlds.Maps.CellTest.ToString" methodname="ToString" classname="PlayersWorlds.Maps.CellTest" runstate="Runnable" seed="1670793777" result="Passed" start-time="2024-07-02T14:03:48.0486110Z" end-time="2024-07-02T14:03:48.0495420Z" duration="0.000931" asserts="1" />
          </test-suite>
        </test-suite>
      </test-suite>
    </test-suite>
  </test-suite>
</test-run>