<?xml version="1.0" encoding="utf-8" standalone="no"?>
<test-run id="0" runstate="Runnable" testcasecount="739" result="Passed" total="184" passed="184" failed="0" warnings="0" inconclusive="0" skipped="0" asserts="4868" engine-version="3.17.0.0" clr-version="4.0.30319.42000" start-time="2024-01-28 14:22:15Z" end-time="2024-01-28 14:22:16Z" duration="0.804292">
  <command-line><![CDATA[/home/data/repos/github.com/aynurin/maze-gen/packages/NUnit.ConsoleRunner.3.17.0/tools/nunit3-console.exe build/Debug/tests/PlayersWorlds.Maps.Tests.dll --where=Category!=Load --framework=mono-4.0]]></command-line>
  <filter>
    <not>
      <prop name="Category">Load</prop>
    </not>
  </filter>
  <test-suite type="Assembly" id="1-1772" name="PlayersWorlds.Maps.Tests.dll" fullname="/home/data/repos/github.com/aynurin/maze-gen/build/Debug/tests/PlayersWorlds.Maps.Tests.dll" runstate="Runnable" testcasecount="739" result="Passed" start-time="2024-01-28T14:22:16.1051800Z" end-time="2024-01-28T14:22:16.4997580Z" duration="0.394529" total="184" passed="184" failed="0" warnings="0" inconclusive="0" skipped="0" asserts="4868">
    <environment framework-version="4.0.1.0" clr-version="4.0.30319.42000" os-version="Unix 6.1.69.1" platform="Unix" cwd="/home/data/repos/github.com/aynurin/maze-gen" machine-name="lightview" user="shav" user-domain="lightview" culture="en-US" uiculture="en-US" os-architecture="x64" />
    <settings>
      <setting name="RequestedRuntimeFramework" value="mono-4.0" />
      <setting name="DisposeRunners" value="True" />
      <setting name="WorkDirectory" value="/home/data/repos/github.com/aynurin/maze-gen" />
      <setting name="ImageRuntimeVersion" value="4.0.30319" />
      <setting name="ImageTargetFrameworkName" value=".NETFramework,Version=v4.7" />
      <setting name="ImageRequiresX86" value="False" />
      <setting name="ImageRequiresDefaultAppDomainAssemblyResolver" value="False" />
      <setting name="TargetRuntimeFramework" value="mono-4.0" />
      <setting name="NumberOfTestWorkers" value="24" />
    </settings>
    <properties>
      <property name="_PID" value="215871" />
      <property name="_APPDOMAIN" value="domain-" />
    </properties>
    <test-suite type="SetUpFixture" id="1-1003" name="[default namespace]" fullname="SetUpTests" classname="SetUpTests" runstate="Runnable" testcasecount="739" result="Passed" start-time="2024-01-28T14:22:16.1099100Z" end-time="2024-01-28T14:22:16.4997480Z" duration="0.389839" total="184" passed="184" failed="0" warnings="0" inconclusive="0" skipped="0" asserts="4868">
      <test-suite type="TestSuite" id="1-1773" name="PlayersWorlds" fullname="PlayersWorlds" runstate="Runnable" testcasecount="737" result="Passed" start-time="2024-01-28T14:22:16.1415600Z" end-time="2024-01-28T14:22:16.4906480Z" duration="0.349087" total="182" passed="182" failed="0" warnings="0" inconclusive="0" skipped="0" asserts="1826">
        <test-suite type="TestSuite" id="1-1774" name="Maps" fullname="PlayersWorlds.Maps" runstate="Runnable" testcasecount="737" result="Passed" start-time="2024-01-28T14:22:16.1416380Z" end-time="2024-01-28T14:22:16.4906420Z" duration="0.349004" total="182" passed="182" failed="0" warnings="0" inconclusive="0" skipped="0" asserts="1826">
          <test-suite type="TestSuite" id="1-1779" name="Areas" fullname="PlayersWorlds.Maps.Areas" runstate="Runnable" testcasecount="113" result="Passed" start-time="2024-01-28T14:22:16.1416480Z" end-time="2024-01-28T14:22:16.2729490Z" duration="0.131301" total="62" passed="62" failed="0" warnings="0" inconclusive="0" skipped="0" asserts="201">
            <test-suite type="TestSuite" id="1-1780" name="Evolving" fullname="PlayersWorlds.Maps.Areas.Evolving" runstate="Runnable" testcasecount="109" result="Passed" start-time="2024-01-28T14:22:16.1416540Z" end-time="2024-01-28T14:22:16.2713850Z" duration="0.129731" total="58" passed="58" failed="0" warnings="0" inconclusive="0" skipped="0" asserts="175">
              <test-suite type="TestFixture" id="1-1656" name="AreaDistributorTest" fullname="PlayersWorlds.Maps.Areas.Evolving.AreaDistributorTest" classname="PlayersWorlds.Maps.Areas.Evolving.AreaDistributorTest" runstate="Runnable" testcasecount="73" result="Passed" start-time="2024-01-28T14:22:16.1416950Z" end-time="2024-01-28T14:22:16.1896990Z" duration="0.048004" total="23" passed="23" failed="0" warnings="0" inconclusive="0" skipped="0" asserts="46">
                <test-case id="1-1657" name="AreaDistributorTest_OneTest" fullname="PlayersWorlds.Maps.Areas.Evolving.AreaDistributorTest.AreaDistributorTest_OneTest" methodname="AreaDistributorTest_OneTest" classname="PlayersWorlds.Maps.Areas.Evolving.AreaDistributorTest" runstate="Runnable" seed="1682013106" result="Passed" start-time="2024-01-28T14:22:16.1417590Z" end-time="2024-01-28T14:22:16.1722710Z" duration="0.030578" asserts="2" />
                <test-suite type="ParameterizedMethod" id="1-1670" name="AreaDistributorTest_OverlapTwo" fullname="PlayersWorlds.Maps.Areas.Evolving.AreaDistributorTest.AreaDistributorTest_OverlapTwo" classname="PlayersWorlds.Maps.Areas.Evolving.AreaDistributorTest" runstate="Runnable" testcasecount="10" result="Passed" start-time="2024-01-28T14:22:16.1735250Z" end-time="2024-01-28T14:22:16.1847040Z" duration="0.011179" total="10" passed="10" failed="0" warnings="0" inconclusive="0" skipped="0" asserts="20">
                  <test-case id="1-1660" name="AreaDistributorTest_OverlapTwo(&quot;11x11: P2x2;S4x4 P5x5;S4x4&quot;)" fullname="PlayersWorlds.Maps.Areas.Evolving.AreaDistributorTest.AreaDistributorTest_OverlapTwo(&quot;11x11: P2x2;S4x4 P5x5;S4x4&quot;)" methodname="AreaDistributorTest_OverlapTwo" classname="PlayersWorlds.Maps.Areas.Evolving.AreaDistributorTest" runstate="Runnable" seed="2036267963" result="Passed" start-time="2024-01-28T14:22:16.1735980Z" end-time="2024-01-28T14:22:16.1789140Z" duration="0.005316" asserts="2" />
                  <test-case id="1-1661" name="AreaDistributorTest_OverlapTwo(&quot;11x11: P5x2;S4x4 P2x5;S4x4&quot;)" fullname="PlayersWorlds.Maps.Areas.Evolving.AreaDistributorTest.AreaDistributorTest_OverlapTwo(&quot;11x11: P5x2;S4x4 P2x5;S4x4&quot;)" methodname="AreaDistributorTest_OverlapTwo" classname="PlayersWorlds.Maps.Areas.Evolving.AreaDistributorTest" runstate="Runnable" seed="738160143" result="Passed" start-time="2024-01-28T14:22:16.1789220Z" end-time="2024-01-28T14:22:16.1792600Z" duration="0.000338" asserts="2" />
                  <test-case id="1-1662" name="AreaDistributorTest_OverlapTwo(&quot;11x11: P2x5;S4x4 P5x2;S4x4&quot;)" fullname="PlayersWorlds.Maps.Areas.Evolving.AreaDistributorTest.AreaDistributorTest_OverlapTwo(&quot;11x11: P2x5;S4x4 P5x2;S4x4&quot;)" methodname="AreaDistributorTest_OverlapTwo" classname="PlayersWorlds.Maps.Areas.Evolving.AreaDistributorTest" runstate="Runnable" seed="1369237571" result="Passed" start-time="2024-01-28T14:22:16.1792660Z" end-time="2024-01-28T14:22:16.1795930Z" duration="0.000327" asserts="2" />
                  <test-case id="1-1663" name="AreaDistributorTest_OverlapTwo(&quot;11x11: P5x5;S4x4 P2x2;S4x4&quot;)" fullname="PlayersWorlds.Maps.Areas.Evolving.AreaDistributorTest.AreaDistributorTest_OverlapTwo(&quot;11x11: P5x5;S4x4 P2x2;S4x4&quot;)" methodname="AreaDistributorTest_OverlapTwo" classname="PlayersWorlds.Maps.Areas.Evolving.AreaDistributorTest" runstate="Runnable" seed="1326304952" result="Passed" start-time="2024-01-28T14:22:16.1795990Z" end-time="2024-01-28T14:22:16.1799110Z" duration="0.000313" asserts="2" />
                  <test-case id="1-1664" name="AreaDistributorTest_OverlapTwo(&quot;11x11: P4x4;S4x4 P3x3;S4x4&quot;)" fullname="PlayersWorlds.Maps.Areas.Evolving.AreaDistributorTest.AreaDistributorTest_OverlapTwo(&quot;11x11: P4x4;S4x4 P3x3;S4x4&quot;)" methodname="AreaDistributorTest_OverlapTwo" classname="PlayersWorlds.Maps.Areas.Evolving.AreaDistributorTest" runstate="Runnable" seed="1935972832" result="Passed" start-time="2024-01-28T14:22:16.1799170Z" end-time="2024-01-28T14:22:16.1802230Z" duration="0.000305" asserts="2" />
                  <test-case id="1-1665" name="AreaDistributorTest_OverlapTwo(&quot;11x11: P4x3;S4x4 P3x4;S4x4&quot;)" fullname="PlayersWorlds.Maps.Areas.Evolving.AreaDistributorTest.AreaDistributorTest_OverlapTwo(&quot;11x11: P4x3;S4x4 P3x4;S4x4&quot;)" methodname="AreaDistributorTest_OverlapTwo" classname="PlayersWorlds.Maps.Areas.Evolving.AreaDistributorTest" runstate="Runnable" seed="840386112" result="Passed" start-time="2024-01-28T14:22:16.1802280Z" end-time="2024-01-28T14:22:16.1814770Z" duration="0.001249" asserts="2" />
                  <test-case id="1-1666" name="AreaDistributorTest_OverlapTwo(&quot;11x11: P3.5x3.5;S4x4 P3.5x3.5;S4x4&quot;)" fullname="PlayersWorlds.Maps.Areas.Evolving.AreaDistributorTest.AreaDistributorTest_OverlapTwo(&quot;11x11: P3.5x3.5;S4x4 P3.5x3.5;S4x4&quot;)" methodname="AreaDistributorTest_OverlapTwo" classname="PlayersWorlds.Maps.Areas.Evolving.AreaDistributorTest" runstate="Runnable" seed="1868178078" result="Passed" start-time="2024-01-28T14:22:16.1814840Z" end-time="2024-01-28T14:22:16.1828620Z" duration="0.001379" asserts="2" />
                  <test-case id="1-1667" name="AreaDistributorTest_OverlapTwo(&quot;16x16: P4x4;S8x8 P5x9;S2x2&quot;)" fullname="PlayersWorlds.Maps.Areas.Evolving.AreaDistributorTest.AreaDistributorTest_OverlapTwo(&quot;16x16: P4x4;S8x8 P5x9;S2x2&quot;)" methodname="AreaDistributorTest_OverlapTwo" classname="PlayersWorlds.Maps.Areas.Evolving.AreaDistributorTest" runstate="Runnable" seed="2025472063" result="Passed" start-time="2024-01-28T14:22:16.1828700Z" end-time="2024-01-28T14:22:16.1831790Z" duration="0.000309" asserts="2" />
                  <test-case id="1-1668" name="AreaDistributorTest_OverlapTwo(&quot;16x16: P4x4;S8x8 P5x7;S4x4&quot;)" fullname="PlayersWorlds.Maps.Areas.Evolving.AreaDistributorTest.AreaDistributorTest_OverlapTwo(&quot;16x16: P4x4;S8x8 P5x7;S4x4&quot;)" methodname="AreaDistributorTest_OverlapTwo" classname="PlayersWorlds.Maps.Areas.Evolving.AreaDistributorTest" runstate="Runnable" seed="1584912297" result="Passed" start-time="2024-01-28T14:22:16.1831840Z" end-time="2024-01-28T14:22:16.1835340Z" duration="0.000350" asserts="2" />
                  <test-case id="1-1669" name="AreaDistributorTest_OverlapTwo(&quot;16x16: P5x5;S6x6 P6x6;S4x4&quot;)" fullname="PlayersWorlds.Maps.Areas.Evolving.AreaDistributorTest.AreaDistributorTest_OverlapTwo(&quot;16x16: P5x5;S6x6 P6x6;S4x4&quot;)" methodname="AreaDistributorTest_OverlapTwo" classname="PlayersWorlds.Maps.Areas.Evolving.AreaDistributorTest" runstate="Runnable" seed="747928819" result="Passed" start-time="2024-01-28T14:22:16.1835400Z" end-time="2024-01-28T14:22:16.1838370Z" duration="0.000297" asserts="2" />
                </test-suite>
                <test-case id="1-1658" name="AreaDistributorTest_SidePressure" fullname="PlayersWorlds.Maps.Areas.Evolving.AreaDistributorTest.AreaDistributorTest_SidePressure" methodname="AreaDistributorTest_SidePressure" classname="PlayersWorlds.Maps.Areas.Evolving.AreaDistributorTest" runstate="Runnable" seed="1321162797" result="Passed" start-time="2024-01-28T14:22:16.1852430Z" end-time="2024-01-28T14:22:16.1861550Z" duration="0.000912" asserts="2" />
                <test-suite type="ParameterizedMethod" id="1-1681" name="AreaDistributorTest_SingleMapForce" fullname="PlayersWorlds.Maps.Areas.Evolving.AreaDistributorTest.AreaDistributorTest_SingleMapForce" classname="PlayersWorlds.Maps.Areas.Evolving.AreaDistributorTest" runstate="Runnable" testcasecount="10" result="Passed" start-time="2024-01-28T14:22:16.1861640Z" end-time="2024-01-28T14:22:16.1893300Z" duration="0.003166" total="10" passed="10" failed="0" warnings="0" inconclusive="0" skipped="0" asserts="20">
                  <test-case id="1-1671" name="AreaDistributorTest_SingleMapForce(&quot;6x12: P1x2;S2x2&quot;)" fullname="PlayersWorlds.Maps.Areas.Evolving.AreaDistributorTest.AreaDistributorTest_SingleMapForce(&quot;6x12: P1x2;S2x2&quot;)" methodname="AreaDistributorTest_SingleMapForce" classname="PlayersWorlds.Maps.Areas.Evolving.AreaDistributorTest" runstate="Runnable" seed="1563541248" result="Passed" start-time="2024-01-28T14:22:16.1861770Z" end-time="2024-01-28T14:22:16.1866960Z" duration="0.000520" asserts="2" />
                  <test-case id="1-1672" name="AreaDistributorTest_SingleMapForce(&quot;6x12: P2x2;S2x2&quot;)" fullname="PlayersWorlds.Maps.Areas.Evolving.AreaDistributorTest.AreaDistributorTest_SingleMapForce(&quot;6x12: P2x2;S2x2&quot;)" methodname="AreaDistributorTest_SingleMapForce" classname="PlayersWorlds.Maps.Areas.Evolving.AreaDistributorTest" runstate="Runnable" seed="1646475724" result="Passed" start-time="2024-01-28T14:22:16.1867030Z" end-time="2024-01-28T14:22:16.1869060Z" duration="0.000203" asserts="2" />
                  <test-case id="1-1673" name="AreaDistributorTest_SingleMapForce(&quot;6x12: P3x2;S2x2&quot;)" fullname="PlayersWorlds.Maps.Areas.Evolving.AreaDistributorTest.AreaDistributorTest_SingleMapForce(&quot;6x12: P3x2;S2x2&quot;)" methodname="AreaDistributorTest_SingleMapForce" classname="PlayersWorlds.Maps.Areas.Evolving.AreaDistributorTest" runstate="Runnable" seed="1511965150" result="Passed" start-time="2024-01-28T14:22:16.1869120Z" end-time="2024-01-28T14:22:16.1871110Z" duration="0.000199" asserts="2" />
                  <test-case id="1-1674" name="AreaDistributorTest_SingleMapForce(&quot;6x12: P1x5;S2x2&quot;)" fullname="PlayersWorlds.Maps.Areas.Evolving.AreaDistributorTest.AreaDistributorTest_SingleMapForce(&quot;6x12: P1x5;S2x2&quot;)" methodname="AreaDistributorTest_SingleMapForce" classname="PlayersWorlds.Maps.Areas.Evolving.AreaDistributorTest" runstate="Runnable" seed="1784249242" result="Passed" start-time="2024-01-28T14:22:16.1871160Z" end-time="2024-01-28T14:22:16.1874660Z" duration="0.000350" asserts="2" />
                  <test-case id="1-1675" name="AreaDistributorTest_SingleMapForce(&quot;6x12: P2x5;S2x2&quot;)" fullname="PlayersWorlds.Maps.Areas.Evolving.AreaDistributorTest.AreaDistributorTest_SingleMapForce(&quot;6x12: P2x5;S2x2&quot;)" methodname="AreaDistributorTest_SingleMapForce" classname="PlayersWorlds.Maps.Areas.Evolving.AreaDistributorTest" runstate="Runnable" seed="1552496995" result="Passed" start-time="2024-01-28T14:22:16.1875840Z" end-time="2024-01-28T14:22:16.1877960Z" duration="0.000212" asserts="2" />
                  <test-case id="1-1676" name="AreaDistributorTest_SingleMapForce(&quot;6x12: P3x5;S2x2&quot;)" fullname="PlayersWorlds.Maps.Areas.Evolving.AreaDistributorTest.AreaDistributorTest_SingleMapForce(&quot;6x12: P3x5;S2x2&quot;)" methodname="AreaDistributorTest_SingleMapForce" classname="PlayersWorlds.Maps.Areas.Evolving.AreaDistributorTest" runstate="Runnable" seed="1160860088" result="Passed" start-time="2024-01-28T14:22:16.1878020Z" end-time="2024-01-28T14:22:16.1880000Z" duration="0.000198" asserts="2" />
                  <test-case id="1-1677" name="AreaDistributorTest_SingleMapForce(&quot;6x12: P1x8;S2x2&quot;)" fullname="PlayersWorlds.Maps.Areas.Evolving.AreaDistributorTest.AreaDistributorTest_SingleMapForce(&quot;6x12: P1x8;S2x2&quot;)" methodname="AreaDistributorTest_SingleMapForce" classname="PlayersWorlds.Maps.Areas.Evolving.AreaDistributorTest" runstate="Runnable" seed="6401140" result="Passed" start-time="2024-01-28T14:22:16.1880050Z" end-time="2024-01-28T14:22:16.1883650Z" duration="0.000361" asserts="2" />
                  <test-case id="1-1678" name="AreaDistributorTest_SingleMapForce(&quot;6x12: P2x8;S2x2&quot;)" fullname="PlayersWorlds.Maps.Areas.Evolving.AreaDistributorTest.AreaDistributorTest_SingleMapForce(&quot;6x12: P2x8;S2x2&quot;)" methodname="AreaDistributorTest_SingleMapForce" classname="PlayersWorlds.Maps.Areas.Evolving.AreaDistributorTest" runstate="Runnable" seed="529552299" result="Passed" start-time="2024-01-28T14:22:16.1883700Z" end-time="2024-01-28T14:22:16.1888200Z" duration="0.000449" asserts="2" />
                  <test-case id="1-1679" name="AreaDistributorTest_SingleMapForce(&quot;6x12: P3x8;S2x2&quot;)" fullname="PlayersWorlds.Maps.Areas.Evolving.AreaDistributorTest.AreaDistributorTest_SingleMapForce(&quot;6x12: P3x8;S2x2&quot;)" methodname="AreaDistributorTest_SingleMapForce" classname="PlayersWorlds.Maps.Areas.Evolving.AreaDistributorTest" runstate="Runnable" seed="37280541" result="Passed" start-time="2024-01-28T14:22:16.1888260Z" end-time="2024-01-28T14:22:16.1890080Z" duration="0.000182" asserts="2" />
                  <test-case id="1-1680" name="AreaDistributorTest_SingleMapForce(&quot;6x12: P-1x-4;S2x2&quot;)" fullname="PlayersWorlds.Maps.Areas.Evolving.AreaDistributorTest.AreaDistributorTest_SingleMapForce(&quot;6x12: P-1x-4;S2x2&quot;)" methodname="AreaDistributorTest_SingleMapForce" classname="PlayersWorlds.Maps.Areas.Evolving.AreaDistributorTest" runstate="Runnable" seed="826113231" result="Passed" start-time="2024-01-28T14:22:16.1890120Z" end-time="2024-01-28T14:22:16.1893210Z" duration="0.000309" asserts="2" />
                </test-suite>
                <test-case id="1-1659" name="AreaDistributorTest_TwoTest" fullname="PlayersWorlds.Maps.Areas.Evolving.AreaDistributorTest.AreaDistributorTest_TwoTest" methodname="AreaDistributorTest_TwoTest" classname="PlayersWorlds.Maps.Areas.Evolving.AreaDistributorTest" runstate="Runnable" seed="1607749333" result="Passed" start-time="2024-01-28T14:22:16.1893370Z" end-time="2024-01-28T14:22:16.1896720Z" duration="0.000336" asserts="2" />
              </test-suite>
              <test-suite type="TestFixture" id="1-1733" name="EvolvingSimulatorTest" fullname="PlayersWorlds.Maps.Areas.Evolving.EvolvingSimulatorTest" classname="PlayersWorlds.Maps.Areas.Evolving.EvolvingSimulatorTest" runstate="Runnable" testcasecount="2" result="Passed" start-time="2024-01-28T14:22:16.1900600Z" end-time="2024-01-28T14:22:16.2612430Z" duration="0.071184" total="2" passed="2" failed="0" warnings="0" inconclusive="0" skipped="0" asserts="2">
                <test-case id="1-1735" name="EvolvingSimulator_ReturnsEpochsIfEvolitionIsNotComplete" fullname="PlayersWorlds.Maps.Areas.Evolving.EvolvingSimulatorTest.EvolvingSimulator_ReturnsEpochsIfEvolitionIsNotComplete" methodname="EvolvingSimulator_ReturnsEpochsIfEvolitionIsNotComplete" classname="PlayersWorlds.Maps.Areas.Evolving.EvolvingSimulatorTest" runstate="Runnable" seed="1553057658" result="Passed" start-time="2024-01-28T14:22:16.1901050Z" end-time="2024-01-28T14:22:16.2590000Z" duration="0.068895" asserts="1" />
                <test-case id="1-1734" name="EvolvingSimulator_ThrowsIfMaxEpochsIsZero" fullname="PlayersWorlds.Maps.Areas.Evolving.EvolvingSimulatorTest.EvolvingSimulator_ThrowsIfMaxEpochsIsZero" methodname="EvolvingSimulator_ThrowsIfMaxEpochsIsZero" classname="PlayersWorlds.Maps.Areas.Evolving.EvolvingSimulatorTest" runstate="Runnable" seed="277437881" result="Passed" start-time="2024-01-28T14:22:16.2590130Z" end-time="2024-01-28T14:22:16.2612280Z" duration="0.002215" asserts="1" />
              </test-suite>
              <test-suite type="TestFixture" id="1-1736" name="FloatingAreaTest" fullname="PlayersWorlds.Maps.Areas.Evolving.FloatingAreaTest" classname="PlayersWorlds.Maps.Areas.Evolving.FloatingAreaTest" runstate="Runnable" testcasecount="3" result="Passed" start-time="2024-01-28T14:22:16.2612560Z" end-time="2024-01-28T14:22:16.2647520Z" duration="0.003496" total="3" passed="3" failed="0" warnings="0" inconclusive="0" skipped="0" asserts="6">
                <test-case id="1-1739" name="Contains" fullname="PlayersWorlds.Maps.Areas.Evolving.FloatingAreaTest.Contains" methodname="Contains" classname="PlayersWorlds.Maps.Areas.Evolving.FloatingAreaTest" runstate="Runnable" seed="705000987" result="Passed" start-time="2024-01-28T14:22:16.2613010Z" end-time="2024-01-28T14:22:16.2617420Z" duration="0.000441" asserts="2" />
                <test-case id="1-1738" name="Overlaps" fullname="PlayersWorlds.Maps.Areas.Evolving.FloatingAreaTest.Overlaps" methodname="Overlaps" classname="PlayersWorlds.Maps.Areas.Evolving.FloatingAreaTest" runstate="Runnable" seed="622995309" result="Passed" start-time="2024-01-28T14:22:16.2617490Z" end-time="2024-01-28T14:22:16.2619460Z" duration="0.000197" asserts="2" />
                <test-case id="1-1737" name="Parse" fullname="PlayersWorlds.Maps.Areas.Evolving.FloatingAreaTest.Parse" methodname="Parse" classname="PlayersWorlds.Maps.Areas.Evolving.FloatingAreaTest" runstate="Runnable" seed="1744206108" result="Passed" start-time="2024-01-28T14:22:16.2619530Z" end-time="2024-01-28T14:22:16.2647360Z" duration="0.002783" asserts="2" />
              </test-suite>
              <test-suite type="TestFixture" id="1-1740" name="ForceFormulaTestTest" fullname="PlayersWorlds.Maps.Areas.Evolving.ForceFormulaTestTest" classname="PlayersWorlds.Maps.Areas.Evolving.ForceFormulaTestTest" runstate="Runnable" testcasecount="8" result="Passed" start-time="2024-01-28T14:22:16.2647640Z" end-time="2024-01-28T14:22:16.2673300Z" duration="0.002566" total="8" passed="8" failed="0" warnings="0" inconclusive="0" skipped="0" asserts="42">
                <test-case id="1-1746" name="CollideForce_Negative" fullname="PlayersWorlds.Maps.Areas.Evolving.ForceFormulaTestTest.CollideForce_Negative" methodname="CollideForce_Negative" classname="PlayersWorlds.Maps.Areas.Evolving.ForceFormulaTestTest" runstate="Runnable" seed="1617808871" result="Passed" start-time="2024-01-28T14:22:16.2648080Z" end-time="2024-01-28T14:22:16.2657370Z" duration="0.000929" asserts="9" />
                <test-case id="1-1745" name="CollideForce_Positive" fullname="PlayersWorlds.Maps.Areas.Evolving.ForceFormulaTestTest.CollideForce_Positive" methodname="CollideForce_Positive" classname="PlayersWorlds.Maps.Areas.Evolving.ForceFormulaTestTest" runstate="Runnable" seed="39135828" result="Passed" start-time="2024-01-28T14:22:16.2657450Z" end-time="2024-01-28T14:22:16.2660600Z" duration="0.000315" asserts="9" />
                <test-case id="1-1742" name="NormalForce_Negative" fullname="PlayersWorlds.Maps.Areas.Evolving.ForceFormulaTestTest.NormalForce_Negative" methodname="NormalForce_Negative" classname="PlayersWorlds.Maps.Areas.Evolving.ForceFormulaTestTest" runstate="Runnable" seed="258762984" result="Passed" start-time="2024-01-28T14:22:16.2660670Z" end-time="2024-01-28T14:22:16.2664130Z" duration="0.000347" asserts="3" />
                <test-case id="1-1744" name="NormalForce_NegativeCapped" fullname="PlayersWorlds.Maps.Areas.Evolving.ForceFormulaTestTest.NormalForce_NegativeCapped" methodname="NormalForce_NegativeCapped" classname="PlayersWorlds.Maps.Areas.Evolving.ForceFormulaTestTest" runstate="Runnable" seed="197680043" result="Passed" start-time="2024-01-28T14:22:16.2664220Z" end-time="2024-01-28T14:22:16.2665740Z" duration="0.000152" asserts="5" />
                <test-case id="1-1741" name="NormalForce_Positive" fullname="PlayersWorlds.Maps.Areas.Evolving.ForceFormulaTestTest.NormalForce_Positive" methodname="NormalForce_Positive" classname="PlayersWorlds.Maps.Areas.Evolving.ForceFormulaTestTest" runstate="Runnable" seed="324042036" result="Passed" start-time="2024-01-28T14:22:16.2665800Z" end-time="2024-01-28T14:22:16.2666880Z" duration="0.000108" asserts="3" />
                <test-case id="1-1743" name="NormalForce_PositiveCapped" fullname="PlayersWorlds.Maps.Areas.Evolving.ForceFormulaTestTest.NormalForce_PositiveCapped" methodname="NormalForce_PositiveCapped" classname="PlayersWorlds.Maps.Areas.Evolving.ForceFormulaTestTest" runstate="Runnable" seed="1192948357" result="Passed" start-time="2024-01-28T14:22:16.2666940Z" end-time="2024-01-28T14:22:16.2668280Z" duration="0.000135" asserts="5" />
                <test-case id="1-1748" name="OverlapForce_Negative" fullname="PlayersWorlds.Maps.Areas.Evolving.ForceFormulaTestTest.OverlapForce_Negative" methodname="OverlapForce_Negative" classname="PlayersWorlds.Maps.Areas.Evolving.ForceFormulaTestTest" runstate="Runnable" seed="1832745755" result="Passed" start-time="2024-01-28T14:22:16.2668340Z" end-time="2024-01-28T14:22:16.2670800Z" duration="0.000246" asserts="4" />
                <test-case id="1-1747" name="OverlapForce_Positive" fullname="PlayersWorlds.Maps.Areas.Evolving.ForceFormulaTestTest.OverlapForce_Positive" methodname="OverlapForce_Positive" classname="PlayersWorlds.Maps.Areas.Evolving.ForceFormulaTestTest" runstate="Runnable" seed="1902017449" result="Passed" start-time="2024-01-28T14:22:16.2670870Z" end-time="2024-01-28T14:22:16.2673190Z" duration="0.000232" asserts="4" />
              </test-suite>
              <test-suite type="TestFixture" id="1-1749" name="SideToSideForceProducerTest" fullname="PlayersWorlds.Maps.Areas.Evolving.SideToSideForceProducerTest" classname="PlayersWorlds.Maps.Areas.Evolving.SideToSideForceProducerTest" runstate="Runnable" testcasecount="22" result="Passed" start-time="2024-01-28T14:22:16.2673410Z" end-time="2024-01-28T14:22:16.2713780Z" duration="0.004038" total="22" passed="22" failed="0" warnings="0" inconclusive="0" skipped="0" asserts="79">
                <test-case id="1-1767" name="GetAxisDistance_Collide" fullname="PlayersWorlds.Maps.Areas.Evolving.SideToSideForceProducerTest.GetAxisDistance_Collide" methodname="GetAxisDistance_Collide" classname="PlayersWorlds.Maps.Areas.Evolving.SideToSideForceProducerTest" runstate="Runnable" seed="840065030" result="Passed" start-time="2024-01-28T14:22:16.2673880Z" end-time="2024-01-28T14:22:16.2679920Z" duration="0.000604" asserts="6" />
                <test-case id="1-1770" name="GetAxisDistance_Contain1" fullname="PlayersWorlds.Maps.Areas.Evolving.SideToSideForceProducerTest.GetAxisDistance_Contain1" methodname="GetAxisDistance_Contain1" classname="PlayersWorlds.Maps.Areas.Evolving.SideToSideForceProducerTest" runstate="Runnable" seed="162228370" result="Passed" start-time="2024-01-28T14:22:16.2680000Z" end-time="2024-01-28T14:22:16.2682320Z" duration="0.000232" asserts="6" />
                <test-case id="1-1771" name="GetAxisDistance_Contain2" fullname="PlayersWorlds.Maps.Areas.Evolving.SideToSideForceProducerTest.GetAxisDistance_Contain2" methodname="GetAxisDistance_Contain2" classname="PlayersWorlds.Maps.Areas.Evolving.SideToSideForceProducerTest" runstate="Runnable" seed="949543743" result="Passed" start-time="2024-01-28T14:22:16.2682380Z" end-time="2024-01-28T14:22:16.2684580Z" duration="0.000220" asserts="6" />
                <test-case id="1-1765" name="GetAxisDistance_Normal1" fullname="PlayersWorlds.Maps.Areas.Evolving.SideToSideForceProducerTest.GetAxisDistance_Normal1" methodname="GetAxisDistance_Normal1" classname="PlayersWorlds.Maps.Areas.Evolving.SideToSideForceProducerTest" runstate="Runnable" seed="510930539" result="Passed" start-time="2024-01-28T14:22:16.2684660Z" end-time="2024-01-28T14:22:16.2686740Z" duration="0.000209" asserts="6" />
                <test-case id="1-1766" name="GetAxisDistance_Normal2" fullname="PlayersWorlds.Maps.Areas.Evolving.SideToSideForceProducerTest.GetAxisDistance_Normal2" methodname="GetAxisDistance_Normal2" classname="PlayersWorlds.Maps.Areas.Evolving.SideToSideForceProducerTest" runstate="Runnable" seed="686118973" result="Passed" start-time="2024-01-28T14:22:16.2686810Z" end-time="2024-01-28T14:22:16.2688800Z" duration="0.000199" asserts="6" />
                <test-case id="1-1768" name="GetAxisDistance_Overlap1" fullname="PlayersWorlds.Maps.Areas.Evolving.SideToSideForceProducerTest.GetAxisDistance_Overlap1" methodname="GetAxisDistance_Overlap1" classname="PlayersWorlds.Maps.Areas.Evolving.SideToSideForceProducerTest" runstate="Runnable" seed="828311124" result="Passed" start-time="2024-01-28T14:22:16.2688860Z" end-time="2024-01-28T14:22:16.2690880Z" duration="0.000202" asserts="6" />
                <test-case id="1-1769" name="GetAxisDistance_Overlap2" fullname="PlayersWorlds.Maps.Areas.Evolving.SideToSideForceProducerTest.GetAxisDistance_Overlap2" methodname="GetAxisDistance_Overlap2" classname="PlayersWorlds.Maps.Areas.Evolving.SideToSideForceProducerTest" runstate="Runnable" seed="717400233" result="Passed" start-time="2024-01-28T14:22:16.2690950Z" end-time="2024-01-28T14:22:16.2692940Z" duration="0.000200" asserts="6" />
                <test-case id="1-1759" name="GetOpposingForce_CentersInside_NoOpposingForce" fullname="PlayersWorlds.Maps.Areas.Evolving.SideToSideForceProducerTest.GetOpposingForce_CentersInside_NoOpposingForce" methodname="GetOpposingForce_CentersInside_NoOpposingForce" classname="PlayersWorlds.Maps.Areas.Evolving.SideToSideForceProducerTest" runstate="Runnable" seed="153030150" result="Passed" start-time="2024-01-28T14:22:16.2693010Z" end-time="2024-01-28T14:22:16.2701450Z" duration="0.000844" asserts="2" />
                <test-case id="1-1760" name="GetOpposingForce_CentersInside_WithOpposingForce" fullname="PlayersWorlds.Maps.Areas.Evolving.SideToSideForceProducerTest.GetOpposingForce_CentersInside_WithOpposingForce" methodname="GetOpposingForce_CentersInside_WithOpposingForce" classname="PlayersWorlds.Maps.Areas.Evolving.SideToSideForceProducerTest" runstate="Runnable" seed="1527547603" result="Passed" start-time="2024-01-28T14:22:16.2701530Z" end-time="2024-01-28T14:22:16.2702480Z" duration="0.000095" asserts="2" />
                <test-case id="1-1761" name="GetOpposingForce_CentersOutside_NoOpposingForce" fullname="PlayersWorlds.Maps.Areas.Evolving.SideToSideForceProducerTest.GetOpposingForce_CentersOutside_NoOpposingForce" methodname="GetOpposingForce_CentersOutside_NoOpposingForce" classname="PlayersWorlds.Maps.Areas.Evolving.SideToSideForceProducerTest" runstate="Runnable" seed="1460288685" result="Passed" start-time="2024-01-28T14:22:16.2702540Z" end-time="2024-01-28T14:22:16.2703250Z" duration="0.000071" asserts="2" />
                <test-case id="1-1762" name="GetOpposingForce_CentersOutside_WithOpposingForce" fullname="PlayersWorlds.Maps.Areas.Evolving.SideToSideForceProducerTest.GetOpposingForce_CentersOutside_WithOpposingForce" methodname="GetOpposingForce_CentersOutside_WithOpposingForce" classname="PlayersWorlds.Maps.Areas.Evolving.SideToSideForceProducerTest" runstate="Runnable" seed="1862489453" result="Passed" start-time="2024-01-28T14:22:16.2703310Z" end-time="2024-01-28T14:22:16.2703990Z" duration="0.000068" asserts="2" />
                <test-case id="1-1763" name="GetOpposingForce_NoIntersection_NoOpposingForce" fullname="PlayersWorlds.Maps.Areas.Evolving.SideToSideForceProducerTest.GetOpposingForce_NoIntersection_NoOpposingForce" methodname="GetOpposingForce_NoIntersection_NoOpposingForce" classname="PlayersWorlds.Maps.Areas.Evolving.SideToSideForceProducerTest" runstate="Runnable" seed="1053248680" result="Passed" start-time="2024-01-28T14:22:16.2704050Z" end-time="2024-01-28T14:22:16.2704750Z" duration="0.000070" asserts="2" />
                <test-case id="1-1764" name="GetOpposingForce_NoIntersection_WithOpposingForce" fullname="PlayersWorlds.Maps.Areas.Evolving.SideToSideForceProducerTest.GetOpposingForce_NoIntersection_WithOpposingForce" methodname="GetOpposingForce_NoIntersection_WithOpposingForce" classname="PlayersWorlds.Maps.Areas.Evolving.SideToSideForceProducerTest" runstate="Runnable" seed="1990122076" result="Passed" start-time="2024-01-28T14:22:16.2704810Z" end-time="2024-01-28T14:22:16.2705490Z" duration="0.000068" asserts="2" />
                <test-case id="1-1757" name="GetOpposingForce_WhenCenterMatches_NoOpposingForce" fullname="PlayersWorlds.Maps.Areas.Evolving.SideToSideForceProducerTest.GetOpposingForce_WhenCenterMatches_NoOpposingForce" methodname="GetOpposingForce_WhenCenterMatches_NoOpposingForce" classname="PlayersWorlds.Maps.Areas.Evolving.SideToSideForceProducerTest" runstate="Runnable" seed="501943520" result="Passed" start-time="2024-01-28T14:22:16.2705550Z" end-time="2024-01-28T14:22:16.2706210Z" duration="0.000067" asserts="2" />
                <test-case id="1-1758" name="GetOpposingForce_WhenCenterMatches_WithOpposingForce" fullname="PlayersWorlds.Maps.Areas.Evolving.SideToSideForceProducerTest.GetOpposingForce_WhenCenterMatches_WithOpposingForce" methodname="GetOpposingForce_WhenCenterMatches_WithOpposingForce" classname="PlayersWorlds.Maps.Areas.Evolving.SideToSideForceProducerTest" runstate="Runnable" seed="238850684" result="Passed" start-time="2024-01-28T14:22:16.2706270Z" end-time="2024-01-28T14:22:16.2706940Z" duration="0.000067" asserts="2" />
                <test-case id="1-1753" name="MapAreaSystemTest_DistanceCentersMatch" fullname="PlayersWorlds.Maps.Areas.Evolving.SideToSideForceProducerTest.MapAreaSystemTest_DistanceCentersMatch" methodname="MapAreaSystemTest_DistanceCentersMatch" classname="PlayersWorlds.Maps.Areas.Evolving.SideToSideForceProducerTest" runstate="Runnable" seed="1656130160" result="Passed" start-time="2024-01-28T14:22:16.2707000Z" end-time="2024-01-28T14:22:16.2708020Z" duration="0.000102" asserts="3" />
                <test-case id="1-1756" name="MapAreaSystemTest_DistanceNegativeCollide" fullname="PlayersWorlds.Maps.Areas.Evolving.SideToSideForceProducerTest.MapAreaSystemTest_DistanceNegativeCollide" methodname="MapAreaSystemTest_DistanceNegativeCollide" classname="PlayersWorlds.Maps.Areas.Evolving.SideToSideForceProducerTest" runstate="Runnable" seed="1294020850" result="Passed" start-time="2024-01-28T14:22:16.2708090Z" end-time="2024-01-28T14:22:16.2709030Z" duration="0.000094" asserts="3" />
                <test-case id="1-1754" name="MapAreaSystemTest_DistanceNegativeNormal" fullname="PlayersWorlds.Maps.Areas.Evolving.SideToSideForceProducerTest.MapAreaSystemTest_DistanceNegativeNormal" methodname="MapAreaSystemTest_DistanceNegativeNormal" classname="PlayersWorlds.Maps.Areas.Evolving.SideToSideForceProducerTest" runstate="Runnable" seed="1803000160" result="Passed" start-time="2024-01-28T14:22:16.2709090Z" end-time="2024-01-28T14:22:16.2709970Z" duration="0.000088" asserts="3" />
                <test-case id="1-1755" name="MapAreaSystemTest_DistanceNegativeOverlap" fullname="PlayersWorlds.Maps.Areas.Evolving.SideToSideForceProducerTest.MapAreaSystemTest_DistanceNegativeOverlap" methodname="MapAreaSystemTest_DistanceNegativeOverlap" classname="PlayersWorlds.Maps.Areas.Evolving.SideToSideForceProducerTest" runstate="Runnable" seed="2039752111" result="Passed" start-time="2024-01-28T14:22:16.2710030Z" end-time="2024-01-28T14:22:16.2710870Z" duration="0.000084" asserts="3" />
                <test-case id="1-1752" name="MapAreaSystemTest_DistancePositiveCollide" fullname="PlayersWorlds.Maps.Areas.Evolving.SideToSideForceProducerTest.MapAreaSystemTest_DistancePositiveCollide" methodname="MapAreaSystemTest_DistancePositiveCollide" classname="PlayersWorlds.Maps.Areas.Evolving.SideToSideForceProducerTest" runstate="Runnable" seed="1166237349" result="Passed" start-time="2024-01-28T14:22:16.2710930Z" end-time="2024-01-28T14:22:16.2711770Z" duration="0.000085" asserts="3" />
                <test-case id="1-1750" name="MapAreaSystemTest_DistancePositiveNormal" fullname="PlayersWorlds.Maps.Areas.Evolving.SideToSideForceProducerTest.MapAreaSystemTest_DistancePositiveNormal" methodname="MapAreaSystemTest_DistancePositiveNormal" classname="PlayersWorlds.Maps.Areas.Evolving.SideToSideForceProducerTest" runstate="Runnable" seed="1699812093" result="Passed" start-time="2024-01-28T14:22:16.2711830Z" end-time="2024-01-28T14:22:16.2712720Z" duration="0.000089" asserts="3" />
                <test-case id="1-1751" name="MapAreaSystemTest_DistancePositiveOverlap" fullname="PlayersWorlds.Maps.Areas.Evolving.SideToSideForceProducerTest.MapAreaSystemTest_DistancePositiveOverlap" methodname="MapAreaSystemTest_DistancePositiveOverlap" classname="PlayersWorlds.Maps.Areas.Evolving.SideToSideForceProducerTest" runstate="Runnable" seed="474861092" result="Passed" start-time="2024-01-28T14:22:16.2712780Z" end-time="2024-01-28T14:22:16.2713660Z" duration="0.000088" asserts="3" />
              </test-suite>
            </test-suite>
            <test-suite type="TestFixture" id="1-1649" name="MapAreaTest" fullname="PlayersWorlds.Maps.Areas.MapAreaTest" classname="PlayersWorlds.Maps.Areas.MapAreaTest" runstate="Runnable" testcasecount="4" result="Passed" start-time="2024-01-28T14:22:16.2714010Z" end-time="2024-01-28T14:22:16.2729440Z" duration="0.001543" total="4" passed="4" failed="0" warnings="0" inconclusive="0" skipped="0" asserts="26">
              <test-case id="1-1652" name="Overlaps_ReturnsFalseIfDoesNotOverlap" fullname="PlayersWorlds.Maps.Areas.MapAreaTest.Overlaps_ReturnsFalseIfDoesNotOverlap" methodname="Overlaps_ReturnsFalseIfDoesNotOverlap" classname="PlayersWorlds.Maps.Areas.MapAreaTest" runstate="Runnable" seed="1416795928" result="Passed" start-time="2024-01-28T14:22:16.2714430Z" end-time="2024-01-28T14:22:16.2718800Z" duration="0.000437" asserts="15" />
              <test-case id="1-1651" name="Overlaps_ReturnsTrueIfOverlaps" fullname="PlayersWorlds.Maps.Areas.MapAreaTest.Overlaps_ReturnsTrueIfOverlaps" methodname="Overlaps_ReturnsTrueIfOverlaps" classname="PlayersWorlds.Maps.Areas.MapAreaTest" runstate="Runnable" seed="1996290621" result="Passed" start-time="2024-01-28T14:22:16.2718870Z" end-time="2024-01-28T14:22:16.2720400Z" duration="0.000153" asserts="7" />
              <test-case id="1-1650" name="Overlaps_ThrowsIfSame" fullname="PlayersWorlds.Maps.Areas.MapAreaTest.Overlaps_ThrowsIfSame" methodname="Overlaps_ThrowsIfSame" classname="PlayersWorlds.Maps.Areas.MapAreaTest" runstate="Runnable" seed="606611688" result="Passed" start-time="2024-01-28T14:22:16.2720460Z" end-time="2024-01-28T14:22:16.2727210Z" duration="0.000675" asserts="2" />
              <test-case id="1-1653" name="Position_ThrowsIfNotInitialized" fullname="PlayersWorlds.Maps.Areas.MapAreaTest.Position_ThrowsIfNotInitialized" methodname="Position_ThrowsIfNotInitialized" classname="PlayersWorlds.Maps.Areas.MapAreaTest" runstate="Runnable" seed="1762804753" result="Passed" start-time="2024-01-28T14:22:16.2727280Z" end-time="2024-01-28T14:22:16.2729350Z" duration="0.000207" asserts="2" />
            </test-suite>
          </test-suite>
          <test-suite type="TestFixture" id="1-1004" name="AssemblyInfoTest" fullname="PlayersWorlds.Maps.AssemblyInfoTest" classname="PlayersWorlds.Maps.AssemblyInfoTest" runstate="Runnable" testcasecount="2" result="Passed" start-time="2024-01-28T14:22:16.2729610Z" end-time="2024-01-28T14:22:16.2736740Z" duration="0.000713" total="2" passed="2" failed="0" warnings="0" inconclusive="0" skipped="0" asserts="4">
            <test-case id="1-1006" name="TestAssemblyCompany" fullname="PlayersWorlds.Maps.AssemblyInfoTest.TestAssemblyCompany" methodname="TestAssemblyCompany" classname="PlayersWorlds.Maps.AssemblyInfoTest" runstate="Runnable" seed="1697363485" result="Passed" start-time="2024-01-28T14:22:16.2730040Z" end-time="2024-01-28T14:22:16.2734340Z" duration="0.000430" asserts="2" />
            <test-case id="1-1005" name="TestAssemblyTitle" fullname="PlayersWorlds.Maps.AssemblyInfoTest.TestAssemblyTitle" methodname="TestAssemblyTitle" classname="PlayersWorlds.Maps.AssemblyInfoTest" runstate="Runnable" seed="2069042873" result="Passed" start-time="2024-01-28T14:22:16.2734420Z" end-time="2024-01-28T14:22:16.2736640Z" duration="0.000222" asserts="2" />
          </test-suite>
          <test-suite type="TestFixture" id="1-1007" name="CellTest" fullname="PlayersWorlds.Maps.CellTest" classname="PlayersWorlds.Maps.CellTest" runstate="Runnable" testcasecount="1" result="Passed" start-time="2024-01-28T14:22:16.2736860Z" end-time="2024-01-28T14:22:16.2740770Z" duration="0.000391" total="1" passed="1" failed="0" warnings="0" inconclusive="0" skipped="0" asserts="3">
            <test-case id="1-1008" name="CellTagEqualityTest" fullname="PlayersWorlds.Maps.CellTest.CellTagEqualityTest" methodname="CellTagEqualityTest" classname="PlayersWorlds.Maps.CellTest" runstate="Runnable" seed="64118687" result="Passed" start-time="2024-01-28T14:22:16.2737280Z" end-time="2024-01-28T14:22:16.2740670Z" duration="0.000340" asserts="3" />
          </test-suite>
          <test-suite type="TestFixture" id="1-1009" name="ExtensionsTest" fullname="PlayersWorlds.Maps.ExtensionsTest" classname="PlayersWorlds.Maps.ExtensionsTest" runstate="Runnable" testcasecount="2" result="Passed" start-time="2024-01-28T14:22:16.2740890Z" end-time="2024-01-28T14:22:16.2746290Z" duration="0.000540" total="2" passed="2" failed="0" warnings="0" inconclusive="0" skipped="0" asserts="3">
            <test-case id="1-1011" name="TryDequeue_Dequeues" fullname="PlayersWorlds.Maps.ExtensionsTest.TryDequeue_Dequeues" methodname="TryDequeue_Dequeues" classname="PlayersWorlds.Maps.ExtensionsTest" runstate="Runnable" seed="1477360031" result="Passed" start-time="2024-01-28T14:22:16.2741310Z" end-time="2024-01-28T14:22:16.2745030Z" duration="0.000372" asserts="2" />
            <test-case id="1-1010" name="TryDequeue_DoesNotThrow" fullname="PlayersWorlds.Maps.ExtensionsTest.TryDequeue_DoesNotThrow" methodname="TryDequeue_DoesNotThrow" classname="PlayersWorlds.Maps.ExtensionsTest" runstate="Runnable" seed="1561717421" result="Passed" start-time="2024-01-28T14:22:16.2745120Z" end-time="2024-01-28T14:22:16.2746190Z" duration="0.000108" asserts="1" />
          </test-suite>
          <test-suite type="TestFixture" id="1-1012" name="GlobalRandomTest" fullname="PlayersWorlds.Maps.GlobalRandomTest" classname="PlayersWorlds.Maps.GlobalRandomTest" runstate="Runnable" testcasecount="3" result="Passed" start-time="2024-01-28T14:22:16.2746390Z" end-time="2024-01-28T14:22:16.2788060Z" duration="0.004166" total="3" passed="3" failed="0" warnings="0" inconclusive="0" skipped="0" asserts="1002">
            <test-case id="1-1013" name="RandomCollectionItem" fullname="PlayersWorlds.Maps.GlobalRandomTest.RandomCollectionItem" methodname="RandomCollectionItem" classname="PlayersWorlds.Maps.GlobalRandomTest" runstate="Runnable" seed="1574979329" result="Passed" start-time="2024-01-28T14:22:16.2746910Z" end-time="2024-01-28T14:22:16.2753930Z" duration="0.000702" asserts="1" />
            <test-case id="1-1015" name="RandomInRange" fullname="PlayersWorlds.Maps.GlobalRandomTest.RandomInRange" methodname="RandomInRange" classname="PlayersWorlds.Maps.GlobalRandomTest" runstate="Runnable" seed="969840868" result="Passed" start-time="2024-01-28T14:22:16.2754010Z" end-time="2024-01-28T14:22:16.2778390Z" duration="0.002438" asserts="1000" />
            <test-case id="1-1014" name="ThrowsIfEmptyCollection" fullname="PlayersWorlds.Maps.GlobalRandomTest.ThrowsIfEmptyCollection" methodname="ThrowsIfEmptyCollection" classname="PlayersWorlds.Maps.GlobalRandomTest" runstate="Runnable" seed="1176447844" result="Passed" start-time="2024-01-28T14:22:16.2778470Z" end-time="2024-01-28T14:22:16.2787950Z" duration="0.000948" asserts="1" />
          </test-suite>
          <test-suite type="TestFixture" id="1-1016" name="Map2DTest" fullname="PlayersWorlds.Maps.Map2DTest" classname="PlayersWorlds.Maps.Map2DTest" runstate="Runnable" testcasecount="12" result="Passed" start-time="2024-01-28T14:22:16.2788160Z" end-time="2024-01-28T14:22:16.2865590Z" duration="0.007743" total="12" passed="12" failed="0" warnings="0" inconclusive="0" skipped="0" asserts="44">
            <test-case id="1-1024" name="CellsAt_AnyCellAt2x2" fullname="PlayersWorlds.Maps.Map2DTest.CellsAt_AnyCellAt2x2" methodname="CellsAt_AnyCellAt2x2" classname="PlayersWorlds.Maps.Map2DTest" runstate="Runnable" seed="164904023" result="Passed" start-time="2024-01-28T14:22:16.2796350Z" end-time="2024-01-28T14:22:16.2818560Z" duration="0.002221" asserts="5" />
            <test-case id="1-1027" name="CellsAt_AnyCellAtCloseEdge2x2" fullname="PlayersWorlds.Maps.Map2DTest.CellsAt_AnyCellAtCloseEdge2x2" methodname="CellsAt_AnyCellAtCloseEdge2x2" classname="PlayersWorlds.Maps.Map2DTest" runstate="Runnable" seed="2028990846" result="Passed" start-time="2024-01-28T14:22:16.2818650Z" end-time="2024-01-28T14:22:16.2821110Z" duration="0.000246" asserts="5" />
            <test-case id="1-1025" name="CellsAt_AnyCellAtEdge1x1" fullname="PlayersWorlds.Maps.Map2DTest.CellsAt_AnyCellAtEdge1x1" methodname="CellsAt_AnyCellAtEdge1x1" classname="PlayersWorlds.Maps.Map2DTest" runstate="Runnable" seed="845292738" result="Passed" start-time="2024-01-28T14:22:16.2821170Z" end-time="2024-01-28T14:22:16.2822490Z" duration="0.000131" asserts="2" />
            <test-case id="1-1026" name="CellsAt_AnyCellAtFarEdge2x2" fullname="PlayersWorlds.Maps.Map2DTest.CellsAt_AnyCellAtFarEdge2x2" methodname="CellsAt_AnyCellAtFarEdge2x2" classname="PlayersWorlds.Maps.Map2DTest" runstate="Runnable" seed="338850489" result="Passed" start-time="2024-01-28T14:22:16.2822550Z" end-time="2024-01-28T14:22:16.2823750Z" duration="0.000120" asserts="2" />
            <test-case id="1-1023" name="CellsAt_AnyCellAtP1x1" fullname="PlayersWorlds.Maps.Map2DTest.CellsAt_AnyCellAtP1x1" methodname="CellsAt_AnyCellAtP1x1" classname="PlayersWorlds.Maps.Map2DTest" runstate="Runnable" seed="1608064517" result="Passed" start-time="2024-01-28T14:22:16.2823810Z" end-time="2024-01-28T14:22:16.2827250Z" duration="0.000344" asserts="2" />
            <test-case id="1-1028" name="CellsAt_AnyCellAtZeroSize" fullname="PlayersWorlds.Maps.Map2DTest.CellsAt_AnyCellAtZeroSize" methodname="CellsAt_AnyCellAtZeroSize" classname="PlayersWorlds.Maps.Map2DTest" runstate="Runnable" seed="1160612851" result="Passed" start-time="2024-01-28T14:22:16.2827320Z" end-time="2024-01-28T14:22:16.2831640Z" duration="0.000432" asserts="1" />
            <test-case id="1-1021" name="CellsAt_FourCellsFar" fullname="PlayersWorlds.Maps.Map2DTest.CellsAt_FourCellsFar" methodname="CellsAt_FourCellsFar" classname="PlayersWorlds.Maps.Map2DTest" runstate="Runnable" seed="726370549" result="Passed" start-time="2024-01-28T14:22:16.2831720Z" end-time="2024-01-28T14:22:16.2842150Z" duration="0.001043" asserts="5" />
            <test-case id="1-1018" name="CellsAt_OneCell" fullname="PlayersWorlds.Maps.Map2DTest.CellsAt_OneCell" methodname="CellsAt_OneCell" classname="PlayersWorlds.Maps.Map2DTest" runstate="Runnable" seed="1742821471" result="Passed" start-time="2024-01-28T14:22:16.2842230Z" end-time="2024-01-28T14:22:16.2844340Z" duration="0.000212" asserts="2" />
            <test-case id="1-1022" name="CellsAt_OutOfBounds" fullname="PlayersWorlds.Maps.Map2DTest.CellsAt_OutOfBounds" methodname="CellsAt_OutOfBounds" classname="PlayersWorlds.Maps.Map2DTest" runstate="Runnable" seed="1269305332" result="Passed" start-time="2024-01-28T14:22:16.2844410Z" end-time="2024-01-28T14:22:16.2847870Z" duration="0.000345" asserts="4" />
            <test-case id="1-1020" name="CellsAt_TreeByTwo" fullname="PlayersWorlds.Maps.Map2DTest.CellsAt_TreeByTwo" methodname="CellsAt_TreeByTwo" classname="PlayersWorlds.Maps.Map2DTest" runstate="Runnable" seed="705029742" result="Passed" start-time="2024-01-28T14:22:16.2847940Z" end-time="2024-01-28T14:22:16.2852240Z" duration="0.000430" asserts="7" />
            <test-case id="1-1019" name="CellsAt_TwoCells" fullname="PlayersWorlds.Maps.Map2DTest.CellsAt_TwoCells" methodname="CellsAt_TwoCells" classname="PlayersWorlds.Maps.Map2DTest" runstate="Runnable" seed="854240648" result="Passed" start-time="2024-01-28T14:22:16.2852310Z" end-time="2024-01-28T14:22:16.2856640Z" duration="0.000433" asserts="3" />
            <test-case id="1-1017" name="ParseMap" fullname="PlayersWorlds.Maps.Map2DTest.ParseMap" methodname="ParseMap" classname="PlayersWorlds.Maps.Map2DTest" runstate="Runnable" seed="343815712" result="Passed" start-time="2024-01-28T14:22:16.2856710Z" end-time="2024-01-28T14:22:16.2865480Z" duration="0.000877" asserts="6" />
          </test-suite>
          <test-suite type="TestSuite" id="1-1778" name="MapFilters" fullname="PlayersWorlds.Maps.MapFilters" runstate="Runnable" testcasecount="5" result="Passed" start-time="2024-01-28T14:22:16.1416670Z" end-time="2024-01-28T14:22:16.2905180Z" duration="0.148851" total="5" passed="5" failed="0" warnings="0" inconclusive="0" skipped="0" asserts="10">
            <test-suite type="TestFixture" id="1-1643" name="Map2DEraseSpotsTest" fullname="PlayersWorlds.Maps.MapFilters.Map2DEraseSpotsTest" classname="PlayersWorlds.Maps.MapFilters.Map2DEraseSpotsTest" runstate="Runnable" testcasecount="5" result="Passed" start-time="2024-01-28T14:22:16.2865720Z" end-time="2024-01-28T14:22:16.2905120Z" duration="0.003940" total="5" passed="5" failed="0" warnings="0" inconclusive="0" skipped="0" asserts="10">
              <test-case id="1-1644" name="BackslashEraseSpots" fullname="PlayersWorlds.Maps.MapFilters.Map2DEraseSpotsTest.BackslashEraseSpots" methodname="BackslashEraseSpots" classname="PlayersWorlds.Maps.MapFilters.Map2DEraseSpotsTest" runstate="Runnable" seed="1305244293" result="Passed" start-time="2024-01-28T14:22:16.2866090Z" end-time="2024-01-28T14:22:16.2889240Z" duration="0.002315" asserts="1">
                <output><![CDATA[▓▓░░░
░▓▓░░
░░▓▓░
░░░▓▓
░░░░▓

▓▓░░░
░▓▓░░
░░▓▓░
░░░▓▓
░░░░▓

▓▓░░░
░▓▓░░
░░▓▓░
░░░▓▓
░░░░▓

]]></output>
              </test-case>
              <test-case id="1-1648" name="SmoothBoxEraseSpots" fullname="PlayersWorlds.Maps.MapFilters.Map2DEraseSpotsTest.SmoothBoxEraseSpots" methodname="SmoothBoxEraseSpots" classname="PlayersWorlds.Maps.MapFilters.Map2DEraseSpotsTest" runstate="Runnable" seed="1943589150" result="Passed" start-time="2024-01-28T14:22:16.2889330Z" end-time="2024-01-28T14:22:16.2898100Z" duration="0.000878" asserts="1">
                <output><![CDATA[▒▓▓▓▒
▓▓░▓▓
▓░░░▓
▓▓░░▓
▒▓▓▓▓

▒▓▓▓▒
▓▓▓▓▓
▓▓▓▓▓
▓▓▓▓▓
▒▓▓▓▓

▒▓▓▓▒
▓▓▓▓▓
▓▓▓▓▓
▓▓▓▓▓
▒▓▓▓▓

]]></output>
              </test-case>
              <test-case id="1-1647" name="SmoothBoxVoidBgEraseSpots" fullname="PlayersWorlds.Maps.MapFilters.Map2DEraseSpotsTest.SmoothBoxVoidBgEraseSpots" methodname="SmoothBoxVoidBgEraseSpots" classname="PlayersWorlds.Maps.MapFilters.Map2DEraseSpotsTest" runstate="Runnable" seed="1789312318" result="Passed" start-time="2024-01-28T14:22:16.2898190Z" end-time="2024-01-28T14:22:16.2899650Z" duration="0.000145" asserts="1">
                <output><![CDATA[▒▓▓▓▒
▓▓0▓▓
▓000▓
▓▓00▓
▒▓▓▓▓

▒▓▓▓▒
▓▓▓▓▓
▓▓▓▓▓
▓▓▓▓▓
▒▓▓▓▓

▒▓▓▓▒
▓▓▓▓▓
▓▓▓▓▓
▓▓▓▓▓
▒▓▓▓▓

]]></output>
              </test-case>
              <test-case id="1-1646" name="Spot1x3SpotsEraseSpots" fullname="PlayersWorlds.Maps.MapFilters.Map2DEraseSpotsTest.Spot1x3SpotsEraseSpots" methodname="Spot1x3SpotsEraseSpots" classname="PlayersWorlds.Maps.MapFilters.Map2DEraseSpotsTest" runstate="Runnable" seed="884098379" result="Passed" start-time="2024-01-28T14:22:16.2899710Z" end-time="2024-01-28T14:22:16.2900980Z" duration="0.000127" asserts="1">
                <output><![CDATA[░░░░░
░░▓░░
░░▓░░
░░▓░░
░░░░░

░░░░░
░░▓░░
░░▓░░
░░▓░░
░░░░░

░░░░░
░░▓░░
░░▓░░
░░▓░░
░░░░░

]]></output>
              </test-case>
              <test-case id="1-1645" name="VariousSpotsEraseSpots" fullname="PlayersWorlds.Maps.MapFilters.Map2DEraseSpotsTest.VariousSpotsEraseSpots" methodname="VariousSpotsEraseSpots" classname="PlayersWorlds.Maps.MapFilters.Map2DEraseSpotsTest" runstate="Runnable" seed="906202307" result="Passed" start-time="2024-01-28T14:22:16.2901040Z" end-time="2024-01-28T14:22:16.2905010Z" duration="0.000397" asserts="6">
                <output><![CDATA[░░░░░
░░░▓░
░░▓▓░
░░░░░
░░░░░

░░░░░
░░░░░
░░░░░
░░░░░
░░░░░

░░░░░
░░░░░
░░░░░
░░░░░
░░░░░

░░░░░
░░▓░░
░░▓▓░
░░░░░
░░░░░

░░░░░
░░░░░
░░░░░
░░░░░
░░░░░

░░░░░
░░░░░
░░░░░
░░░░░
░░░░░

░░░░░
░░▓▓░
░░▓░░
░░░░░
░░░░░

░░░░░
░░░░░
░░░░░
░░░░░
░░░░░

░░░░░
░░░░░
░░░░░
░░░░░
░░░░░

░░░░░
░░▓▓░
░░▓░░
░░░░░
░░░░░

░░░░░
░░░░░
░░░░░
░░░░░
░░░░░

░░░░░
░░░░░
░░░░░
░░░░░
░░░░░

░░░░░
░░▓▓░
░░▓▓░
░░░░░
░░░░░

░░░░░
░░░░░
░░░░░
░░░░░
░░░░░

░░░░░
░░░░░
░░░░░
░░░░░
░░░░░

░░░░░
░░▓░░
░░░▓░
░░░░░
░░░░░

░░░░░
░░░░░
░░░░░
░░░░░
░░░░░

░░░░░
░░░░░
░░░░░
░░░░░
░░░░░

]]></output>
              </test-case>
            </test-suite>
          </test-suite>
          <test-suite type="TestSuite" id="1-1776" name="Maze" fullname="PlayersWorlds.Maps.Maze" runstate="Runnable" testcasecount="555" result="Passed" start-time="2024-01-28T14:22:16.1416720Z" end-time="2024-01-28T14:22:16.4702190Z" duration="0.328547" total="51" passed="51" failed="0" warnings="0" inconclusive="0" skipped="0" asserts="397">
            <test-suite type="TestFixture" id="1-1078" name="Maze2DRendererTest" fullname="PlayersWorlds.Maps.Maze.Maze2DRendererTest" classname="PlayersWorlds.Maps.Maze.Maze2DRendererTest" runstate="Runnable" testcasecount="1" result="Passed" start-time="2024-01-28T14:22:16.2905300Z" end-time="2024-01-28T14:22:16.2929730Z" duration="0.002443" total="1" passed="1" failed="0" warnings="0" inconclusive="0" skipped="0" asserts="1">
              <test-case id="1-1079" name="ThrowsIfCantFit" fullname="PlayersWorlds.Maps.Maze.Maze2DRendererTest.ThrowsIfCantFit" methodname="ThrowsIfCantFit" classname="PlayersWorlds.Maps.Maze.Maze2DRendererTest" runstate="Runnable" seed="131902419" result="Passed" start-time="2024-01-28T14:22:16.2905710Z" end-time="2024-01-28T14:22:16.2929610Z" duration="0.002390" asserts="1">
                <output><![CDATA[42x42
]]></output>
              </test-case>
            </test-suite>
            <test-suite type="TestFixture" id="1-1080" name="Maze2DTest" fullname="PlayersWorlds.Maps.Maze.Maze2DTest" classname="PlayersWorlds.Maps.Maze.Maze2DTest" runstate="Runnable" testcasecount="13" result="Passed" start-time="2024-01-28T14:22:16.2929830Z" end-time="2024-01-28T14:22:16.3294030Z" duration="0.036420" total="13" passed="13" failed="0" warnings="0" inconclusive="0" skipped="0" asserts="177">
              <test-case id="1-1087" name="Maze2D_AddsNoRoomsToASmallMaze" fullname="PlayersWorlds.Maps.Maze.Maze2DTest.Maze2D_AddsNoRoomsToASmallMaze" methodname="Maze2D_AddsNoRoomsToASmallMaze" classname="PlayersWorlds.Maps.Maze.Maze2DTest" runstate="Runnable" seed="1487467924" result="Passed" start-time="2024-01-28T14:22:16.2930220Z" end-time="2024-01-28T14:22:16.3036710Z" duration="0.010649" asserts="1">
                <output><![CDATA[AldousBroderMazeGenerator: Generating maze 3x3 with PlayersWorlds.Maps.Maze.GeneratorOptions(Full, Auto, <null>, PlayersWorlds.Maps.Areas.RandomAreaGenerator, PlayersWorlds.Maps.Maze.AldousBroderMazeGenerator)
]]></output>
              </test-case>
              <test-case id="1-1086" name="Maze2D_AddsNoRoomsWhenNoneRequested" fullname="PlayersWorlds.Maps.Maze.Maze2DTest.Maze2D_AddsNoRoomsWhenNoneRequested" methodname="Maze2D_AddsNoRoomsWhenNoneRequested" classname="PlayersWorlds.Maps.Maze.Maze2DTest" runstate="Runnable" seed="1768583706" result="Passed" start-time="2024-01-28T14:22:16.3036810Z" end-time="2024-01-28T14:22:16.3050650Z" duration="0.001385" asserts="1">
                <output><![CDATA[AldousBroderMazeGenerator: Generating maze 10x10 with PlayersWorlds.Maps.Maze.GeneratorOptions(Full, Manual, <null>, PlayersWorlds.Maps.Areas.RandomAreaGenerator, PlayersWorlds.Maps.Maze.AldousBroderMazeGenerator)
]]></output>
              </test-case>
              <test-case id="1-1090" name="Maze2D_AddsOneFill" fullname="PlayersWorlds.Maps.Maze.Maze2DTest.Maze2D_AddsOneFill" methodname="Maze2D_AddsOneFill" classname="PlayersWorlds.Maps.Maze.Maze2DTest" runstate="Runnable" seed="842899655" result="Passed" start-time="2024-01-28T14:22:16.3050730Z" end-time="2024-01-28T14:22:16.3074430Z" duration="0.002371" asserts="1">
                <output><![CDATA[AldousBroderMazeGenerator: Generating maze 5x5 with PlayersWorlds.Maps.Maze.GeneratorOptions(Full, Manual, List`1<MapArea>(P2x2;S2x1;Fill;), PlayersWorlds.Maps.Areas.RandomAreaGenerator, PlayersWorlds.Maps.Maze.AldousBroderMazeGenerator)
]]></output>
              </test-case>
              <test-case id="1-1089" name="Maze2D_AddsOneHall" fullname="PlayersWorlds.Maps.Maze.Maze2DTest.Maze2D_AddsOneHall" methodname="Maze2D_AddsOneHall" classname="PlayersWorlds.Maps.Maze.Maze2DTest" runstate="Runnable" seed="1661098342" result="Passed" start-time="2024-01-28T14:22:16.3074510Z" end-time="2024-01-28T14:22:16.3080680Z" duration="0.000616" asserts="1">
                <output><![CDATA[AldousBroderMazeGenerator: Generating maze 5x5 with PlayersWorlds.Maps.Maze.GeneratorOptions(Full, Manual, List`1<MapArea>(P2x2;S2x1;Hall;), PlayersWorlds.Maps.Areas.RandomAreaGenerator, PlayersWorlds.Maps.Maze.AldousBroderMazeGenerator)
]]></output>
              </test-case>
              <test-case id="1-1088" name="Maze2D_AddsRooms" fullname="PlayersWorlds.Maps.Maze.Maze2DTest.Maze2D_AddsRooms" methodname="Maze2D_AddsRooms" classname="PlayersWorlds.Maps.Maze.Maze2DTest" runstate="Runnable" seed="1449161687" result="Passed" start-time="2024-01-28T14:22:16.3080770Z" end-time="2024-01-28T14:22:16.3165990Z" duration="0.008522" asserts="1">
                <output><![CDATA[AldousBroderMazeGenerator: Generating maze 5x5 with PlayersWorlds.Maps.Maze.GeneratorOptions(Full, Auto, <null>, PlayersWorlds.Maps.Areas.RandomAreaGenerator, PlayersWorlds.Maps.Maze.AldousBroderMazeGenerator)
]]></output>
              </test-case>
              <test-case id="1-1092" name="Maze2D_CanParse" fullname="PlayersWorlds.Maps.Maze.Maze2DTest.Maze2D_CanParse" methodname="Maze2D_CanParse" classname="PlayersWorlds.Maps.Maze.Maze2DTest" runstate="Runnable" seed="1985703560" result="Passed" start-time="2024-01-28T14:22:16.3166090Z" end-time="2024-01-28T14:22:16.3212950Z" duration="0.004687" asserts="16">
                <output><![CDATA[┌───────────┐
│           │
├───╴   ┌───┤
│       │   │
│   ╷   ╵   │
│   │       │
└───┴───────┘

]]></output>
              </test-case>
              <test-case id="1-1093" name="Maze2D_CanParse2" fullname="PlayersWorlds.Maps.Maze.Maze2DTest.Maze2D_CanParse2" methodname="Maze2D_CanParse2" classname="PlayersWorlds.Maps.Maze.Maze2DTest" runstate="Runnable" seed="593468147" result="Passed" start-time="2024-01-28T14:22:16.3213040Z" end-time="2024-01-28T14:22:16.3214080Z" duration="0.000104" asserts="1" />
              <test-case id="1-1085" name="Maze2D_CanRenderMap" fullname="PlayersWorlds.Maps.Maze.Maze2DTest.Maze2D_CanRenderMap" methodname="Maze2D_CanRenderMap" classname="PlayersWorlds.Maps.Maze.Maze2DTest" runstate="Runnable" seed="776171523" result="Passed" start-time="2024-01-28T14:22:16.3214140Z" end-time="2024-01-28T14:22:16.3250240Z" duration="0.003609" asserts="1">
                <output><![CDATA[AldousBroderMazeGenerator: Generating maze 3x3 with PlayersWorlds.Maps.Maze.GeneratorOptions(Full, None, <null>, PlayersWorlds.Maps.Areas.RandomAreaGenerator, PlayersWorlds.Maps.Maze.AldousBroderMazeGenerator)
]]></output>
              </test-case>
              <test-case id="1-1084" name="Maze2D_CellsNeighborsAreValid" fullname="PlayersWorlds.Maps.Maze.Maze2DTest.Maze2D_CellsNeighborsAreValid" methodname="Maze2D_CellsNeighborsAreValid" classname="PlayersWorlds.Maps.Maze.Maze2DTest" runstate="Runnable" seed="900834499" result="Passed" start-time="2024-01-28T14:22:16.3250320Z" end-time="2024-01-28T14:22:16.3267180Z" duration="0.001687" asserts="136" />
              <test-case id="1-1091" name="Maze2D_HasAttributesSet" fullname="PlayersWorlds.Maps.Maze.Maze2DTest.Maze2D_HasAttributesSet" methodname="Maze2D_HasAttributesSet" classname="PlayersWorlds.Maps.Maze.Maze2DTest" runstate="Runnable" seed="532924506" result="Passed" start-time="2024-01-28T14:22:16.3267280Z" end-time="2024-01-28T14:22:16.3271910Z" duration="0.000464" asserts="2">
                <output><![CDATA[AldousBroderMazeGenerator: Generating maze 3x3 with PlayersWorlds.Maps.Maze.GeneratorOptions(Full, None, <null>, PlayersWorlds.Maps.Areas.RandomAreaGenerator, PlayersWorlds.Maps.Maze.AldousBroderMazeGenerator)
]]></output>
              </test-case>
              <test-case id="1-1081" name="Maze2D_IsInitialized" fullname="PlayersWorlds.Maps.Maze.Maze2DTest.Maze2D_IsInitialized" methodname="Maze2D_IsInitialized" classname="PlayersWorlds.Maps.Maze.Maze2DTest" runstate="Runnable" seed="1585359843" result="Passed" start-time="2024-01-28T14:22:16.3272000Z" end-time="2024-01-28T14:22:16.3273480Z" duration="0.000148" asserts="4" />
              <test-case id="1-1083" name="Maze2D_ToMapWrongOptions" fullname="PlayersWorlds.Maps.Maze.Maze2DTest.Maze2D_ToMapWrongOptions" methodname="Maze2D_ToMapWrongOptions" classname="PlayersWorlds.Maps.Maze.Maze2DTest" runstate="Runnable" seed="756205895" result="Passed" start-time="2024-01-28T14:22:16.3273540Z" end-time="2024-01-28T14:22:16.3291330Z" duration="0.001779" asserts="7" />
              <test-case id="1-1082" name="Maze2D_WrongSize" fullname="PlayersWorlds.Maps.Maze.Maze2DTest.Maze2D_WrongSize" methodname="Maze2D_WrongSize" classname="PlayersWorlds.Maps.Maze.Maze2DTest" runstate="Runnable" seed="958973095" result="Passed" start-time="2024-01-28T14:22:16.3291400Z" end-time="2024-01-28T14:22:16.3293920Z" duration="0.000251" asserts="5" />
            </test-suite>
            <test-suite type="TestFixture" id="1-1094" name="MazeCellTest" fullname="PlayersWorlds.Maps.Maze.MazeCellTest" classname="PlayersWorlds.Maps.Maze.MazeCellTest" runstate="Runnable" testcasecount="4" result="Passed" start-time="2024-01-28T14:22:16.3294150Z" end-time="2024-01-28T14:22:16.3324970Z" duration="0.003081" total="4" passed="4" failed="0" warnings="0" inconclusive="0" skipped="0" asserts="22">
              <test-case id="1-1096" name="CanAssignMapAreaOnce" fullname="PlayersWorlds.Maps.Maze.MazeCellTest.CanAssignMapAreaOnce" methodname="CanAssignMapAreaOnce" classname="PlayersWorlds.Maps.Maze.MazeCellTest" runstate="Runnable" seed="1549806859" result="Passed" start-time="2024-01-28T14:22:16.3294520Z" end-time="2024-01-28T14:22:16.3309560Z" duration="0.001504" asserts="4" />
              <test-case id="1-1098" name="DoubleLinkingThrowsError" fullname="PlayersWorlds.Maps.Maze.MazeCellTest.DoubleLinkingThrowsError" methodname="DoubleLinkingThrowsError" classname="PlayersWorlds.Maps.Maze.MazeCellTest" runstate="Runnable" seed="1147562694" result="Passed" start-time="2024-01-28T14:22:16.3309650Z" end-time="2024-01-28T14:22:16.3311420Z" duration="0.000178" asserts="1" />
              <test-case id="1-1095" name="LinksAreMutual" fullname="PlayersWorlds.Maps.Maze.MazeCellTest.LinksAreMutual" methodname="LinksAreMutual" classname="PlayersWorlds.Maps.Maze.MazeCellTest" runstate="Runnable" seed="1151039717" result="Passed" start-time="2024-01-28T14:22:16.3311490Z" end-time="2024-01-28T14:22:16.3321550Z" duration="0.001006" asserts="10" />
              <test-case id="1-1097" name="ToStringTest" fullname="PlayersWorlds.Maps.Maze.MazeCellTest.ToStringTest" methodname="ToStringTest" classname="PlayersWorlds.Maps.Maze.MazeCellTest" runstate="Runnable" seed="703149303" result="Passed" start-time="2024-01-28T14:22:16.3321630Z" end-time="2024-01-28T14:22:16.3324860Z" duration="0.000323" asserts="7" />
            </test-suite>
            <test-suite type="TestFixture" id="1-1099" name="MazeGeneratorTest" fullname="PlayersWorlds.Maps.Maze.MazeGeneratorTest" classname="PlayersWorlds.Maps.Maze.MazeGeneratorTest" runstate="Runnable" testcasecount="532" result="Passed" start-time="2024-01-28T14:22:16.3325080Z" end-time="2024-01-28T14:22:16.4652020Z" duration="0.132694" total="28" passed="28" failed="0" warnings="0" inconclusive="0" skipped="0" asserts="179">
              <test-suite type="ParameterizedMethod" id="1-1635" name="AreasAreAppliedProperly" fullname="PlayersWorlds.Maps.Maze.MazeGeneratorTest.AreasAreAppliedProperly" classname="PlayersWorlds.Maps.Maze.MazeGeneratorTest" runstate="Runnable" testcasecount="6" result="Passed" start-time="2024-01-28T14:22:16.3325440Z" end-time="2024-01-28T14:22:16.3682120Z" duration="0.035668" total="6" passed="6" failed="0" warnings="0" inconclusive="0" skipped="0" asserts="138">
                <test-case id="1-1629" name="AreasAreAppliedProperly(PlayersWorlds.Maps.Maze.AldousBroderMazeGenerator)" fullname="PlayersWorlds.Maps.Maze.MazeGeneratorTest.AreasAreAppliedProperly(PlayersWorlds.Maps.Maze.AldousBroderMazeGenerator)" methodname="AreasAreAppliedProperly" classname="PlayersWorlds.Maps.Maze.MazeGeneratorTest" runstate="Runnable" seed="922210296" result="Passed" start-time="2024-01-28T14:22:16.3325560Z" end-time="2024-01-28T14:22:16.3424870Z" duration="0.009931" asserts="23">
                  <output><![CDATA[AldousBroderMazeGenerator: Generating maze 10x10 with PlayersWorlds.Maps.Maze.GeneratorOptions(Full, Manual, List`1<MapArea>(P2x1;S2x3;Fill;, P1x5;S3x4;Fill;, P5x6;S3x2;Hall;, P5x1;S4x3;Hall;), PlayersWorlds.Maps.Areas.RandomAreaGenerator, PlayersWorlds.Maps.Maze.AldousBroderMazeGenerator)
]]></output>
                </test-case>
                <test-case id="1-1630" name="AreasAreAppliedProperly(PlayersWorlds.Maps.Maze.BinaryTreeMazeGenerator)" fullname="PlayersWorlds.Maps.Maze.MazeGeneratorTest.AreasAreAppliedProperly(PlayersWorlds.Maps.Maze.BinaryTreeMazeGenerator)" methodname="AreasAreAppliedProperly" classname="PlayersWorlds.Maps.Maze.MazeGeneratorTest" runstate="Runnable" seed="491526940" result="Passed" start-time="2024-01-28T14:22:16.3424960Z" end-time="2024-01-28T14:22:16.3512250Z" duration="0.008729" asserts="23">
                  <output><![CDATA[BinaryTreeMazeGenerator: Generating maze 10x10 with PlayersWorlds.Maps.Maze.GeneratorOptions(Full, Manual, List`1<MapArea>(P2x1;S2x3;Fill;, P1x5;S3x4;Fill;, P5x6;S3x2;Hall;, P5x1;S4x3;Hall;), PlayersWorlds.Maps.Areas.RandomAreaGenerator, PlayersWorlds.Maps.Maze.BinaryTreeMazeGenerator)
]]></output>
                </test-case>
                <test-case id="1-1631" name="AreasAreAppliedProperly(PlayersWorlds.Maps.Maze.HuntAndKillMazeGenerator)" fullname="PlayersWorlds.Maps.Maze.MazeGeneratorTest.AreasAreAppliedProperly(PlayersWorlds.Maps.Maze.HuntAndKillMazeGenerator)" methodname="AreasAreAppliedProperly" classname="PlayersWorlds.Maps.Maze.MazeGeneratorTest" runstate="Runnable" seed="47842726" result="Passed" start-time="2024-01-28T14:22:16.3512380Z" end-time="2024-01-28T14:22:16.3555390Z" duration="0.004301" asserts="23">
                  <output><![CDATA[HuntAndKillMazeGenerator: Generating maze 10x10 with PlayersWorlds.Maps.Maze.GeneratorOptions(Full, Manual, List`1<MapArea>(P2x1;S2x3;Fill;, P1x5;S3x4;Fill;, P5x6;S3x2;Hall;, P5x1;S4x3;Hall;), PlayersWorlds.Maps.Areas.RandomAreaGenerator, PlayersWorlds.Maps.Maze.HuntAndKillMazeGenerator)
]]></output>
                </test-case>
                <test-case id="1-1632" name="AreasAreAppliedProperly(PlayersWorlds.Maps.Maze.RecursiveBacktrackerMazeGenerator)" fullname="PlayersWorlds.Maps.Maze.MazeGeneratorTest.AreasAreAppliedProperly(PlayersWorlds.Maps.Maze.RecursiveBacktrackerMazeGenerator)" methodname="AreasAreAppliedProperly" classname="PlayersWorlds.Maps.Maze.MazeGeneratorTest" runstate="Runnable" seed="636366579" result="Passed" start-time="2024-01-28T14:22:16.3555500Z" end-time="2024-01-28T14:22:16.3595380Z" duration="0.003989" asserts="23">
                  <output><![CDATA[RecursiveBacktrackerMazeGenerator: Generating maze 10x10 with PlayersWorlds.Maps.Maze.GeneratorOptions(Full, Manual, List`1<MapArea>(P2x1;S2x3;Fill;, P1x5;S3x4;Fill;, P5x6;S3x2;Hall;, P5x1;S4x3;Hall;), PlayersWorlds.Maps.Areas.RandomAreaGenerator, PlayersWorlds.Maps.Maze.RecursiveBacktrackerMazeGenerator)
]]></output>
                </test-case>
                <test-case id="1-1633" name="AreasAreAppliedProperly(PlayersWorlds.Maps.Maze.SidewinderMazeGenerator)" fullname="PlayersWorlds.Maps.Maze.MazeGeneratorTest.AreasAreAppliedProperly(PlayersWorlds.Maps.Maze.SidewinderMazeGenerator)" methodname="AreasAreAppliedProperly" classname="PlayersWorlds.Maps.Maze.MazeGeneratorTest" runstate="Runnable" seed="556504002" result="Passed" start-time="2024-01-28T14:22:16.3595490Z" end-time="2024-01-28T14:22:16.3638440Z" duration="0.004295" asserts="23">
                  <output><![CDATA[SidewinderMazeGenerator: Generating maze 10x10 with PlayersWorlds.Maps.Maze.GeneratorOptions(Full, Manual, List`1<MapArea>(P2x1;S2x3;Fill;, P1x5;S3x4;Fill;, P5x6;S3x2;Hall;, P5x1;S4x3;Hall;), PlayersWorlds.Maps.Areas.RandomAreaGenerator, PlayersWorlds.Maps.Maze.SidewinderMazeGenerator)
]]></output>
                </test-case>
                <test-case id="1-1634" name="AreasAreAppliedProperly(PlayersWorlds.Maps.Maze.WilsonsMazeGenerator)" fullname="PlayersWorlds.Maps.Maze.MazeGeneratorTest.AreasAreAppliedProperly(PlayersWorlds.Maps.Maze.WilsonsMazeGenerator)" methodname="AreasAreAppliedProperly" classname="PlayersWorlds.Maps.Maze.MazeGeneratorTest" runstate="Runnable" seed="2118724939" result="Passed" start-time="2024-01-28T14:22:16.3638610Z" end-time="2024-01-28T14:22:16.3681870Z" duration="0.004326" asserts="23">
                  <output><![CDATA[WilsonsMazeGenerator: Generating maze 10x10 with PlayersWorlds.Maps.Maze.GeneratorOptions(Full, Manual, List`1<MapArea>(P2x1;S2x3;Fill;, P1x5;S3x4;Fill;, P5x6;S3x2;Hall;, P5x1;S4x3;Hall;), PlayersWorlds.Maps.Areas.RandomAreaGenerator, PlayersWorlds.Maps.Maze.WilsonsMazeGenerator)
]]></output>
                </test-case>
              </test-suite>
              <test-suite type="ParameterizedMethod" id="1-1628" name="CanFindPaths" fullname="PlayersWorlds.Maps.Maze.MazeGeneratorTest.CanFindPaths" classname="PlayersWorlds.Maps.Maze.MazeGeneratorTest" runstate="Runnable" testcasecount="6" result="Passed" start-time="2024-01-28T14:22:16.3682330Z" end-time="2024-01-28T14:22:16.3694870Z" duration="0.001254" total="6" passed="6" failed="0" warnings="0" inconclusive="0" skipped="0" asserts="12">
                <test-case id="1-1622" name="CanFindPaths(PlayersWorlds.Maps.Maze.AldousBroderMazeGenerator)" fullname="PlayersWorlds.Maps.Maze.MazeGeneratorTest.CanFindPaths(PlayersWorlds.Maps.Maze.AldousBroderMazeGenerator)" methodname="CanFindPaths" classname="PlayersWorlds.Maps.Maze.MazeGeneratorTest" runstate="Runnable" seed="877560491" result="Passed" start-time="2024-01-28T14:22:16.3682660Z" end-time="2024-01-28T14:22:16.3689980Z" duration="0.000732" asserts="2" />
                <test-case id="1-1623" name="CanFindPaths(PlayersWorlds.Maps.Maze.BinaryTreeMazeGenerator)" fullname="PlayersWorlds.Maps.Maze.MazeGeneratorTest.CanFindPaths(PlayersWorlds.Maps.Maze.BinaryTreeMazeGenerator)" methodname="CanFindPaths" classname="PlayersWorlds.Maps.Maze.MazeGeneratorTest" runstate="Runnable" seed="1558048182" result="Passed" start-time="2024-01-28T14:22:16.3690080Z" end-time="2024-01-28T14:22:16.3691440Z" duration="0.000136" asserts="2" />
                <test-case id="1-1624" name="CanFindPaths(PlayersWorlds.Maps.Maze.HuntAndKillMazeGenerator)" fullname="PlayersWorlds.Maps.Maze.MazeGeneratorTest.CanFindPaths(PlayersWorlds.Maps.Maze.HuntAndKillMazeGenerator)" methodname="CanFindPaths" classname="PlayersWorlds.Maps.Maze.MazeGeneratorTest" runstate="Runnable" seed="1013260773" result="Passed" start-time="2024-01-28T14:22:16.3691500Z" end-time="2024-01-28T14:22:16.3692200Z" duration="0.000070" asserts="2" />
                <test-case id="1-1625" name="CanFindPaths(PlayersWorlds.Maps.Maze.RecursiveBacktrackerMazeGenerator)" fullname="PlayersWorlds.Maps.Maze.MazeGeneratorTest.CanFindPaths(PlayersWorlds.Maps.Maze.RecursiveBacktrackerMazeGenerator)" methodname="CanFindPaths" classname="PlayersWorlds.Maps.Maze.MazeGeneratorTest" runstate="Runnable" seed="416844048" result="Passed" start-time="2024-01-28T14:22:16.3692260Z" end-time="2024-01-28T14:22:16.3692980Z" duration="0.000072" asserts="2" />
                <test-case id="1-1626" name="CanFindPaths(PlayersWorlds.Maps.Maze.SidewinderMazeGenerator)" fullname="PlayersWorlds.Maps.Maze.MazeGeneratorTest.CanFindPaths(PlayersWorlds.Maps.Maze.SidewinderMazeGenerator)" methodname="CanFindPaths" classname="PlayersWorlds.Maps.Maze.MazeGeneratorTest" runstate="Runnable" seed="872100506" result="Passed" start-time="2024-01-28T14:22:16.3693030Z" end-time="2024-01-28T14:22:16.3694040Z" duration="0.000101" asserts="2" />
                <test-case id="1-1627" name="CanFindPaths(PlayersWorlds.Maps.Maze.WilsonsMazeGenerator)" fullname="PlayersWorlds.Maps.Maze.MazeGeneratorTest.CanFindPaths(PlayersWorlds.Maps.Maze.WilsonsMazeGenerator)" methodname="CanFindPaths" classname="PlayersWorlds.Maps.Maze.MazeGeneratorTest" runstate="Runnable" seed="242605532" result="Passed" start-time="2024-01-28T14:22:16.3694090Z" end-time="2024-01-28T14:22:16.3694800Z" duration="0.000071" asserts="2" />
              </test-suite>
              <test-suite type="ParameterizedMethod" id="1-1107" name="CanGenerateMazes" fullname="PlayersWorlds.Maps.Maze.MazeGeneratorTest.CanGenerateMazes" classname="PlayersWorlds.Maps.Maze.MazeGeneratorTest" runstate="Runnable" testcasecount="6" result="Passed" start-time="2024-01-28T14:22:16.3694960Z" end-time="2024-01-28T14:22:16.4417860Z" duration="0.072291" total="6" passed="6" failed="0" warnings="0" inconclusive="0" skipped="0" asserts="12">
                <test-case id="1-1101" name="CanGenerateMazes(PlayersWorlds.Maps.Maze.AldousBroderMazeGenerator)" fullname="PlayersWorlds.Maps.Maze.MazeGeneratorTest.CanGenerateMazes(PlayersWorlds.Maps.Maze.AldousBroderMazeGenerator)" methodname="CanGenerateMazes" classname="PlayersWorlds.Maps.Maze.MazeGeneratorTest" runstate="Runnable" seed="166198760" result="Passed" start-time="2024-01-28T14:22:16.3695080Z" end-time="2024-01-28T14:22:16.4158860Z" duration="0.046378" asserts="2">
                  <output><![CDATA[AldousBroderMazeGenerator: Generating maze 20x20 with PlayersWorlds.Maps.Maze.GeneratorOptions(Full, None, <null>, PlayersWorlds.Maps.Areas.RandomAreaGenerator, PlayersWorlds.Maps.Maze.AldousBroderMazeGenerator)
]]></output>
                </test-case>
                <test-case id="1-1102" name="CanGenerateMazes(PlayersWorlds.Maps.Maze.BinaryTreeMazeGenerator)" fullname="PlayersWorlds.Maps.Maze.MazeGeneratorTest.CanGenerateMazes(PlayersWorlds.Maps.Maze.BinaryTreeMazeGenerator)" methodname="CanGenerateMazes" classname="PlayersWorlds.Maps.Maze.MazeGeneratorTest" runstate="Runnable" seed="1635028989" result="Passed" start-time="2024-01-28T14:22:16.4159040Z" end-time="2024-01-28T14:22:16.4180110Z" duration="0.002107" asserts="2">
                  <output><![CDATA[BinaryTreeMazeGenerator: Generating maze 20x20 with PlayersWorlds.Maps.Maze.GeneratorOptions(Full, None, <null>, PlayersWorlds.Maps.Areas.RandomAreaGenerator, PlayersWorlds.Maps.Maze.BinaryTreeMazeGenerator)
]]></output>
                </test-case>
                <test-case id="1-1103" name="CanGenerateMazes(PlayersWorlds.Maps.Maze.HuntAndKillMazeGenerator)" fullname="PlayersWorlds.Maps.Maze.MazeGeneratorTest.CanGenerateMazes(PlayersWorlds.Maps.Maze.HuntAndKillMazeGenerator)" methodname="CanGenerateMazes" classname="PlayersWorlds.Maps.Maze.MazeGeneratorTest" runstate="Runnable" seed="548724434" result="Passed" start-time="2024-01-28T14:22:16.4180220Z" end-time="2024-01-28T14:22:16.4211080Z" duration="0.003086" asserts="2">
                  <output><![CDATA[HuntAndKillMazeGenerator: Generating maze 20x20 with PlayersWorlds.Maps.Maze.GeneratorOptions(Full, None, <null>, PlayersWorlds.Maps.Areas.RandomAreaGenerator, PlayersWorlds.Maps.Maze.HuntAndKillMazeGenerator)
]]></output>
                </test-case>
                <test-case id="1-1104" name="CanGenerateMazes(PlayersWorlds.Maps.Maze.RecursiveBacktrackerMazeGenerator)" fullname="PlayersWorlds.Maps.Maze.MazeGeneratorTest.CanGenerateMazes(PlayersWorlds.Maps.Maze.RecursiveBacktrackerMazeGenerator)" methodname="CanGenerateMazes" classname="PlayersWorlds.Maps.Maze.MazeGeneratorTest" runstate="Runnable" seed="1322748231" result="Passed" start-time="2024-01-28T14:22:16.4211180Z" end-time="2024-01-28T14:22:16.4262310Z" duration="0.005113" asserts="2">
                  <output><![CDATA[RecursiveBacktrackerMazeGenerator: Generating maze 20x20 with PlayersWorlds.Maps.Maze.GeneratorOptions(Full, None, <null>, PlayersWorlds.Maps.Areas.RandomAreaGenerator, PlayersWorlds.Maps.Maze.RecursiveBacktrackerMazeGenerator)
]]></output>
                </test-case>
                <test-case id="1-1105" name="CanGenerateMazes(PlayersWorlds.Maps.Maze.SidewinderMazeGenerator)" fullname="PlayersWorlds.Maps.Maze.MazeGeneratorTest.CanGenerateMazes(PlayersWorlds.Maps.Maze.SidewinderMazeGenerator)" methodname="CanGenerateMazes" classname="PlayersWorlds.Maps.Maze.MazeGeneratorTest" runstate="Runnable" seed="660267382" result="Passed" start-time="2024-01-28T14:22:16.4262410Z" end-time="2024-01-28T14:22:16.4283470Z" duration="0.002106" asserts="2">
                  <output><![CDATA[SidewinderMazeGenerator: Generating maze 20x20 with PlayersWorlds.Maps.Maze.GeneratorOptions(Full, None, <null>, PlayersWorlds.Maps.Areas.RandomAreaGenerator, PlayersWorlds.Maps.Maze.SidewinderMazeGenerator)
]]></output>
                </test-case>
                <test-case id="1-1106" name="CanGenerateMazes(PlayersWorlds.Maps.Maze.WilsonsMazeGenerator)" fullname="PlayersWorlds.Maps.Maze.MazeGeneratorTest.CanGenerateMazes(PlayersWorlds.Maps.Maze.WilsonsMazeGenerator)" methodname="CanGenerateMazes" classname="PlayersWorlds.Maps.Maze.MazeGeneratorTest" runstate="Runnable" seed="1223646080" result="Passed" start-time="2024-01-28T14:22:16.4283570Z" end-time="2024-01-28T14:22:16.4417740Z" duration="0.013417" asserts="2">
                  <output><![CDATA[WilsonsMazeGenerator: Generating maze 20x20 with PlayersWorlds.Maps.Maze.GeneratorOptions(Full, None, <null>, PlayersWorlds.Maps.Areas.RandomAreaGenerator, PlayersWorlds.Maps.Maze.WilsonsMazeGenerator)
]]></output>
                </test-case>
              </test-suite>
              <test-case id="1-1100" name="CanUseCustomAreaGenerator" fullname="PlayersWorlds.Maps.Maze.MazeGeneratorTest.CanUseCustomAreaGenerator" methodname="CanUseCustomAreaGenerator" classname="PlayersWorlds.Maps.Maze.MazeGeneratorTest" runstate="Runnable" seed="1963926519" result="Passed" start-time="2024-01-28T14:22:16.4417970Z" end-time="2024-01-28T14:22:16.4514340Z" duration="0.009637" asserts="4">
                <output><![CDATA[AldousBroderMazeGenerator: Generating maze 15x15 with PlayersWorlds.Maps.Maze.GeneratorOptions(Full, Auto, <null>, PlayersWorlds.Maps.Maze.MazeGeneratorTest+CustomAreaGenerator, PlayersWorlds.Maps.Maze.AldousBroderMazeGenerator)
┌───┬───────┬───────┬───┬───────┬───┬───────┬───┬───────────┐
│   │       │       │   │       │   │       │   │ 2   1   0 │
│   └───┐   ╵   ╶───┘   ├───╴   │   ╵   ╷   │   │   ╶───────┤
│       │               │       │       │   │   │ 3   4   5 │
├───╴   ╵   ╷   ╶───┐   │   ╶───┤   ╷   ├───┘   ├───────╴   │
│           │       │   │ 14  13│   │   │       │     7   6 │
├───╴   ┌───┘   ╶───┤   │   ╷   ╵   └───┘   ╶───┤   ╷   ┌───┤
│       │           │   │ 15│ 12  11  10        │   │ 8 │   │
├───╴   └───────────┴───┘   └───┐   ╷   ╶───────┼───┘   ╵   │
│     1b  1a  19  18  17  16    │   │ f         │ a   9     │
│   ╷   ┌───────╴   ╶───┬───────┴───┤   ╶───────┘   ╷   ┌───┤
│   │ 1c│               │           │ e   d   c   b │   │   │
├───┤   ├───┬───┬───────┤   ╷   ┌───┼───────────┐   │   ╵   │
│   │ 1d│   │   │       │   │   │   │           │   │       │
│   ╵   ╵   │   └───╴   ╵   └───┘   ╵   ┌───────┤   ├───┐   │
│     1e    │     23  24  25  26  27    │       │   │   │   │
├───┐   ╶───┴───╴   ╷   ┌───┐   ╷   ┌───┘   ╷   └───┘   ├───┤
│   │ 1f  20  21  22│   │   │   │ 28│       │           │   │
│   ╵   ╷   ┌───────┘   │   ├───┘   └───╴   ├───┬───┐   ╵   │
│       │   │           │   │     29  2a  2b│   │ 3b│       │
├───────┘   │   ╶───────┤   ╵   ╷   ╷   ╷   │   ╵   │   ┌───┤
│           │           │       │   │   │ 2c│ 39  3a│   │   │
├───┬───╴   ├───┐   ╶───┴───┬───┴───┼───┘   │   ┌───┘   │   │
│   │       │   │           │       │     2d│ 38│       │   │
│   └───────┤   ╵   ╷   ╷   └───┐   └───╴   │   ├───╴   ╵   │
│           │       │   │       │ 30  2f  2e│ 37│           │
│   ┼   ╷   ├───╴   │   │   ┌───┤   ┌───┬───┘   │   ╶───┐   │
│       │   │       │   │   │   │ 31│   │ 35  36│       │   │
│   ┼   │   ╵   ╷   ├───┘   │   ╵   ╵   ╵   ╶───┤   ┌───┘   │
│       │       │   │       │     32  33  34    │   │       │
└───────┴───────┴───┴───────┴───────────────────┴───┴───────┘

]]></output>
              </test-case>
              <test-case id="1-1110" name="IsFillComplete_Full" fullname="PlayersWorlds.Maps.Maze.MazeGeneratorTest.IsFillComplete_Full" methodname="IsFillComplete_Full" classname="PlayersWorlds.Maps.Maze.MazeGeneratorTest" runstate="Runnable" seed="1422855016" result="Passed" start-time="2024-01-28T14:22:16.4514530Z" end-time="2024-01-28T14:22:16.4538520Z" duration="0.002399" asserts="1">
                <output><![CDATA[AldousBroderMazeGenerator: Generating maze 10x10 with PlayersWorlds.Maps.Maze.GeneratorOptions(Full, None, <null>, PlayersWorlds.Maps.Areas.RandomAreaGenerator, PlayersWorlds.Maps.Maze.AldousBroderMazeGenerator)
┌───────────────┬───────────────────────┐
│ 5   6   7     │                       │
│   ┌───╴   ╶───┴───┬───────╴   ┌───╴   │
│ 4 │     8         │           │       │
│   └───┐   ╷   ┌───┴───────╴   │   ╶───┤
│ 3     │ 9 │   │ d   e   f   10│       │
│   ╷   │   └───┘   ┌───────┐   │   ╶───┤
│ 2 │   │ a   b   c │       │ 11│       │
│   └───┤   ╷   ╷   └───╴   │   └───┐   │
│ 1   0 │   │   │           │ 12    │   │
├───┬───┴───┴───┴───────┐   │   ┌───┤   │
│   │     20  1f  1e    │   │ 13│   │   │
│   └───╴   ┌───╴   ╷   └───┤   ╵   │   │
│ 23  22  21│     1d│       │ 14    │   │
│   ┌───────┼───╴   └───┬───┘   ┌───┤   │
│ 24│ 29  28│ 1b  1c    │ 16  15│   │   │
│   └───╴   │   ╶───────┘   ╷   │   ╵   │
│ 25  26  27│ 1a  19  18  17│   │       │
│   ╷   ╶───┤   ┌───────────┘   ├───╴   │
│   │       │   │               │       │
└───┴───────┴───┴───────────────┴───────┘

]]></output>
              </test-case>
              <test-case id="1-1115" name="IsFillComplete_FullHeight" fullname="PlayersWorlds.Maps.Maze.MazeGeneratorTest.IsFillComplete_FullHeight" methodname="IsFillComplete_FullHeight" classname="PlayersWorlds.Maps.Maze.MazeGeneratorTest" runstate="Runnable" seed="2100546552" result="Passed" start-time="2024-01-28T14:22:16.4538650Z" end-time="2024-01-28T14:22:16.4553820Z" duration="0.001517" asserts="1">
                <output><![CDATA[AldousBroderMazeGenerator: Generating maze 10x10 with PlayersWorlds.Maps.Maze.GeneratorOptions(FullHeight, None, <null>, PlayersWorlds.Maps.Areas.RandomAreaGenerator, PlayersWorlds.Maps.Maze.AldousBroderMazeGenerator)
    ┌───────┬───────────────────────┐    
    │ 2   3 │ 6   7   8   9   a     │    
┌───┘   ╷   ╵   ╶───┐   ╷   ╷   ╷   │    
│ 0   1 │ 4   5     │   │   │ b │   │    
└───────┼───╴   ╷   └───┼───┤   ├───┼───┐
        │       │       │   │ c │   │   │
        └───┐   │   ┌───┤   ╵   └───┘   │
            │   │   │   │     d   e   f │
            └───┴───┘   ├───╴   ┌───╴   │
                        │       │     10│
            ┌───┬───┐   └───┬───┴───┐   │
            │   │   │       │       │ 11│
    ┌───────┘   │   │       └───┐   ╵   │
    │ 1e  1d  1c│   │           │ 13  12│
    └───────┐   ╵   └───┬───────┘   ┌───┘
            │ 1b  1a    │     15  14│    
        ┌───┴───╴   ╶───┴───╴   ╷   │    
        │         19  18  17  16│   │    
        └───┐   ╶───┬───────────┴───┘    
            │       │                    
            └───────┘                    

]]></output>
              </test-case>
              <test-case id="1-1114" name="IsFillComplete_FullWidth" fullname="PlayersWorlds.Maps.Maze.MazeGeneratorTest.IsFillComplete_FullWidth" methodname="IsFillComplete_FullWidth" classname="PlayersWorlds.Maps.Maze.MazeGeneratorTest" runstate="Runnable" seed="848598310" result="Passed" start-time="2024-01-28T14:22:16.4554290Z" end-time="2024-01-28T14:22:16.4574060Z" duration="0.001976" asserts="1">
                <output><![CDATA[AldousBroderMazeGenerator: Generating maze 10x10 with PlayersWorlds.Maps.Maze.GeneratorOptions(FullWidth, None, <null>, PlayersWorlds.Maps.Areas.RandomAreaGenerator, PlayersWorlds.Maps.Maze.AldousBroderMazeGenerator)
┌───────┬───┬───────┬───────────────────┐
│       │   │       │ 5   4   3   2   1 │
│   ╷   ╵   │   ╷   │   ╶───────────┐   │
│   │       │   │   │ 6   7   8     │ 0 │
├───┘   ╷   │   ├───┴───────┐   ╷   ├───┘
│       │   │   │           │ 9 │   │    
│   ╶───┤   ╵   │   ╶───┐   ╵   ├───┘    
│       │       │       │     a │        
├───────┘   ╷   └───────┴───╴   │        
│           │ f   e   d   c   b │        
│   ┌───┐   │   ╷   ╶───┬───────┘        
│   │   │   │ 10│       │                
├───┘   │   │   │   ┌───┘                
│       │   │ 11│   │                    
│   ╶───┘   │   └───┤       ┌───────────┐
│           │ 12  13│       │ 18  19  1a│
│   ┌───────┴───┐   └───────┘   ╷   ┌───┘
│   │           │ 14  15  16  17│   │    
└───┘           └───────────┐   ├───┘    
                            │   │        
                            └───┘        

]]></output>
              </test-case>
              <test-case id="1-1109" name="IsFillComplete_Half" fullname="PlayersWorlds.Maps.Maze.MazeGeneratorTest.IsFillComplete_Half" methodname="IsFillComplete_Half" classname="PlayersWorlds.Maps.Maze.MazeGeneratorTest" runstate="Runnable" seed="1450727337" result="Passed" start-time="2024-01-28T14:22:16.4574160Z" end-time="2024-01-28T14:22:16.4585580Z" duration="0.001142" asserts="1">
                <output><![CDATA[AldousBroderMazeGenerator: Generating maze 10x10 with PlayersWorlds.Maps.Maze.GeneratorOptions(Half, None, <null>, PlayersWorlds.Maps.Areas.RandomAreaGenerator, PlayersWorlds.Maps.Maze.AldousBroderMazeGenerator)
                                         
                                         
                                         
                                         
                    ┌───┬───┐            
                    │   │   │            
                    │   │   └───────┐    
                    │   │ 7   8   9 │    
    ┌───┐       ┌───┤   ╵   ┌───┐   │    
    │ 1d│       │   │ 5   6 │   │ a │    
    │   │       │   ╵   ╷   │   │   └───┐
    │ 1c│       │ 3   4 │   │   │ b   c │
    │   └───┐   │   ╷   └───┤   ├───┐   │
    │ 1b  1a│   │ 2 │       │   │   │ d │
    ├───╴   ├───┘   │   ┌───┘   └───┘   │
    │     19│ 0   1 │   │ 11  10  f   e │
    │   ╷   └───┬───┤   │   ┌───┐   ╶───┤
    │   │ 18    │   │   │ 12│   │       │
┌───┴───┘   ╶───┘   └───┘   │   └───────┘
│         17  16  15  14  13│            
└───────────────────────────┘            

]]></output>
              </test-case>
              <test-case id="1-1113" name="IsFillComplete_NinetyPercent" fullname="PlayersWorlds.Maps.Maze.MazeGeneratorTest.IsFillComplete_NinetyPercent" methodname="IsFillComplete_NinetyPercent" classname="PlayersWorlds.Maps.Maze.MazeGeneratorTest" runstate="Runnable" seed="360569110" result="Passed" start-time="2024-01-28T14:22:16.4585680Z" end-time="2024-01-28T14:22:16.4613660Z" duration="0.002799" asserts="1">
                <output><![CDATA[AldousBroderMazeGenerator: Generating maze 10x10 with PlayersWorlds.Maps.Maze.GeneratorOptions(NinetyPercent, None, <null>, PlayersWorlds.Maps.Areas.RandomAreaGenerator, PlayersWorlds.Maps.Maze.AldousBroderMazeGenerator)
    ┌───────┬───┐   ┌───────┐            
    │       │   │   │       │            
┌───┴───╴   │   └───┤   ╷   │   ┌───┐    
│ 4   5     │       │   │   │   │   │    
│   ╷   ╷   │   ╷   ╵   └───┴───┘   │    
│ 3 │ 6 │   │   │                   │    
│   │   ├───┴───┘   ╶───────────┬───┤    
│ 2 │ 7 │ a   b                 │   │    
│   │   ╵   ╷   ╶───┬───╴   ┌───┘   └───┐
│ 1 │ 8   9 │ c     │       │           │
│   ├───┬───┤   ┌───┤   ╷   └───────┐   │
│ 0 │   │   │ d │   │   │           │   │
├───┘   │   │   ╵   └───┤   ┌───╴   │   │
│ 1d  1c│   │ e   f   10│   │       │   │
│   ╷   ╵   └───────┐   │   ├───────┤   │
│ 1e│ 1b  1a  19    │ 11│   │       │   │
└───┤   ╷   ╷   ╷   │   └───┴───╴   ╵   │
    │   │   │ 18│   │ 12  13            │
┌───┘   │   │   └───┴───╴   ╷   ╷   ╶───┤
│       │   │ 17  16  15  14│   │       │
└───────┴───┴───────────────┴───┴───────┘

]]></output>
              </test-case>
              <test-case id="1-1111" name="IsFillComplete_Quarter" fullname="PlayersWorlds.Maps.Maze.MazeGeneratorTest.IsFillComplete_Quarter" methodname="IsFillComplete_Quarter" classname="PlayersWorlds.Maps.Maze.MazeGeneratorTest" runstate="Runnable" seed="2134737838" result="Passed" start-time="2024-01-28T14:22:16.4613780Z" end-time="2024-01-28T14:22:16.4621720Z" duration="0.000794" asserts="1">
                <output><![CDATA[AldousBroderMazeGenerator: Generating maze 10x10 with PlayersWorlds.Maps.Maze.GeneratorOptions(Quarter, None, <null>, PlayersWorlds.Maps.Areas.RandomAreaGenerator, PlayersWorlds.Maps.Maze.AldousBroderMazeGenerator)
                                         
                                         
                                         
                                         
                                         
                                         
            ┌───────┐       ┌───────┐    
            │ 0   1 │       │       │    
            ├───╴   │       │   ╷   │    
            │ 3   2 │       │   │   │    
            │   ╶───┴───────┴───┘   └───┐
            │ 4   5   6   7   8   9   a │
            │   ┌───────────┬───────╴   │
            │   │           │         b │
            └───┘           └───────┐   │
                                    │ c │
                            ┌───────┤   │
                            │ 11  10│ d │
                            └───┐   ╵   │
                                │ f   e │
                                └───────┘

]]></output>
              </test-case>
              <test-case id="1-1112" name="IsFillComplete_ThreeQuarters" fullname="PlayersWorlds.Maps.Maze.MazeGeneratorTest.IsFillComplete_ThreeQuarters" methodname="IsFillComplete_ThreeQuarters" classname="PlayersWorlds.Maps.Maze.MazeGeneratorTest" runstate="Runnable" seed="1644757037" result="Passed" start-time="2024-01-28T14:22:16.4621790Z" end-time="2024-01-28T14:22:16.4638050Z" duration="0.001626" asserts="1">
                <output><![CDATA[AldousBroderMazeGenerator: Generating maze 10x10 with PlayersWorlds.Maps.Maze.GeneratorOptions(ThreeQuarters, None, <null>, PlayersWorlds.Maps.Areas.RandomAreaGenerator, PlayersWorlds.Maps.Maze.AldousBroderMazeGenerator)
┌───┐   ┌───┬───┐           ┌───────────┐
│   │   │   │   │           │           │
│   │   │   │   └───┬───────┘   ╷   ┌───┘
│   │   │   │       │ f   e   d │   │    
│   ├───┘   ╵   ┌───┘   ╷   ╷   └───┴───┐
│   │           │ 11  10│   │ c   b   a │
│   ╵   ┌───────┘   ╶───┴───┤   ╷   ╷   │
│       │         12        │   │   │ 9 │
└───┐   ╵   ╶───┐   ╶───────┤   └───┤   │
    │           │ 13  14    │       │ 8 │
    └───────┬───┴───╴   ╷   ├───────┤   │
            │     16  15│   │       │ 7 │
    ┌───┬───┴───╴   ╷   └───┴───┬───┤   │
    │   │ 19  18  17│           │   │ 6 │
    │   ╵   ┌───────┼───────╴   │   ╵   │
    │ 1b  1a│       │           │     5 │
    │   ┌───┘       │   ╷   ┌───┤   ╷   │
    │ 1c│           │   │   │   │   │ 4 │
    │   └───┐       └───┼───┴───┴───┘   │
    │ 1d  1e│           │ 0   1   2   3 │
    └───────┘           └───────────────┘

]]></output>
              </test-case>
              <test-case id="1-1108" name="OnlyFullGenerators" fullname="PlayersWorlds.Maps.Maze.MazeGeneratorTest.OnlyFullGenerators" methodname="OnlyFullGenerators" classname="PlayersWorlds.Maps.Maze.MazeGeneratorTest" runstate="Runnable" seed="1796307044" result="Passed" start-time="2024-01-28T14:22:16.4638220Z" end-time="2024-01-28T14:22:16.4641570Z" duration="0.000335" asserts="2">
                <output><![CDATA[BinaryTreeMazeGenerator: Generating maze 10x10 with PlayersWorlds.Maps.Maze.GeneratorOptions(Half, None, <null>, PlayersWorlds.Maps.Areas.RandomAreaGenerator, PlayersWorlds.Maps.Maze.BinaryTreeMazeGenerator)
SidewinderMazeGenerator: Generating maze 10x10 with PlayersWorlds.Maps.Maze.GeneratorOptions(Half, None, <null>, PlayersWorlds.Maps.Areas.RandomAreaGenerator, PlayersWorlds.Maps.Maze.SidewinderMazeGenerator)
]]></output>
              </test-case>
              <test-case id="1-1621" name="WrongGeneratorOptions" fullname="PlayersWorlds.Maps.Maze.MazeGeneratorTest.WrongGeneratorOptions" methodname="WrongGeneratorOptions" classname="PlayersWorlds.Maps.Maze.MazeGeneratorTest" runstate="Runnable" seed="1771528289" result="Passed" start-time="2024-01-28T14:22:16.4641640Z" end-time="2024-01-28T14:22:16.4651870Z" duration="0.001023" asserts="4">
                <output><![CDATA[TestGeneratorB: Generating maze 3x4 with PlayersWorlds.Maps.Maze.GeneratorOptions(Full, None, <null>, PlayersWorlds.Maps.Areas.RandomAreaGenerator, PlayersWorlds.Maps.Maze.MazeGeneratorTest+TestGeneratorB)
]]></output>
              </test-case>
            </test-suite>
            <test-suite type="TestSuite" id="1-1777" name="PostProcessing" fullname="PlayersWorlds.Maps.Maze.PostProcessing" runstate="Runnable" testcasecount="5" result="Passed" start-time="2024-01-28T14:22:16.1416780Z" end-time="2024-01-28T14:22:16.4702150Z" duration="0.328537" total="5" passed="5" failed="0" warnings="0" inconclusive="0" skipped="0" asserts="18">
              <test-suite type="TestFixture" id="1-1636" name="DeadEndTest" fullname="PlayersWorlds.Maps.Maze.PostProcessing.DeadEndTest" classname="PlayersWorlds.Maps.Maze.PostProcessing.DeadEndTest" runstate="Runnable" testcasecount="1" result="Passed" start-time="2024-01-28T14:22:16.4652200Z" end-time="2024-01-28T14:22:16.4657840Z" duration="0.000565" total="1" passed="1" failed="0" warnings="0" inconclusive="0" skipped="0" asserts="7">
                <test-case id="1-1637" name="DeadEnd_CanFindDeadEnds" fullname="PlayersWorlds.Maps.Maze.PostProcessing.DeadEndTest.DeadEnd_CanFindDeadEnds" methodname="DeadEnd_CanFindDeadEnds" classname="PlayersWorlds.Maps.Maze.PostProcessing.DeadEndTest" runstate="Runnable" seed="477546302" result="Passed" start-time="2024-01-28T14:22:16.4652670Z" end-time="2024-01-28T14:22:16.4657730Z" duration="0.000506" asserts="7" />
              </test-suite>
              <test-suite type="TestFixture" id="1-1638" name="DijkstraDistanceTest" fullname="PlayersWorlds.Maps.Maze.PostProcessing.DijkstraDistanceTest" classname="PlayersWorlds.Maps.Maze.PostProcessing.DijkstraDistanceTest" runstate="Runnable" testcasecount="4" result="Passed" start-time="2024-01-28T14:22:16.4657970Z" end-time="2024-01-28T14:22:16.4702090Z" duration="0.004411" total="4" passed="4" failed="0" warnings="0" inconclusive="0" skipped="0" asserts="11">
                <test-case id="1-1642" name="DijkstraDistance_CanFindLongestTrail" fullname="PlayersWorlds.Maps.Maze.PostProcessing.DijkstraDistanceTest.DijkstraDistance_CanFindLongestTrail" methodname="DijkstraDistance_CanFindLongestTrail" classname="PlayersWorlds.Maps.Maze.PostProcessing.DijkstraDistanceTest" runstate="Runnable" seed="1679865073" result="Passed" start-time="2024-01-28T14:22:16.4658350Z" end-time="2024-01-28T14:22:16.4661720Z" duration="0.000337" asserts="4" />
                <test-case id="1-1640" name="DijkstraDistance_CanSolveAMaze" fullname="PlayersWorlds.Maps.Maze.PostProcessing.DijkstraDistanceTest.DijkstraDistance_CanSolveAMaze" methodname="DijkstraDistance_CanSolveAMaze" classname="PlayersWorlds.Maps.Maze.PostProcessing.DijkstraDistanceTest" runstate="Runnable" seed="617103926" result="Passed" start-time="2024-01-28T14:22:16.4661800Z" end-time="2024-01-28T14:22:16.4664380Z" duration="0.000258" asserts="4" />
                <test-case id="1-1639" name="DijkstraDistance_FindsAllDistances" fullname="PlayersWorlds.Maps.Maze.PostProcessing.DijkstraDistanceTest.DijkstraDistance_FindsAllDistances" methodname="DijkstraDistance_FindsAllDistances" classname="PlayersWorlds.Maps.Maze.PostProcessing.DijkstraDistanceTest" runstate="Runnable" seed="187771474" result="Passed" start-time="2024-01-28T14:22:16.4664440Z" end-time="2024-01-28T14:22:16.4700660Z" duration="0.003622" asserts="2">
                  <output><![CDATA[AldousBroderMazeGenerator: Generating maze 10x10 with PlayersWorlds.Maps.Maze.GeneratorOptions(Full, None, <null>, PlayersWorlds.Maps.Areas.RandomAreaGenerator, PlayersWorlds.Maps.Maze.AldousBroderMazeGenerator)
]]></output>
                </test-case>
                <test-case id="1-1641" name="DijkstraDistance_ReturnsEmptyIfNoSolutionFound" fullname="PlayersWorlds.Maps.Maze.PostProcessing.DijkstraDistanceTest.DijkstraDistance_ReturnsEmptyIfNoSolutionFound" methodname="DijkstraDistance_ReturnsEmptyIfNoSolutionFound" classname="PlayersWorlds.Maps.Maze.PostProcessing.DijkstraDistanceTest" runstate="Runnable" seed="537348528" result="Passed" start-time="2024-01-28T14:22:16.4700750Z" end-time="2024-01-28T14:22:16.4701980Z" duration="0.000124" asserts="1" />
              </test-suite>
            </test-suite>
          </test-suite>
          <test-suite type="TestFixture" id="1-1037" name="Maze2DRendererTest" fullname="PlayersWorlds.Maps.Maze2DRendererTest" classname="PlayersWorlds.Maps.Maze2DRendererTest" runstate="Runnable" testcasecount="8" result="Passed" start-time="2024-01-28T14:22:16.4702310Z" end-time="2024-01-28T14:22:16.4810390Z" duration="0.010808" total="8" passed="8" failed="0" warnings="0" inconclusive="0" skipped="0" asserts="57">
            <test-case id="1-1040" name="CanRenderAMapWithFilledAreas" fullname="PlayersWorlds.Maps.Maze2DRendererTest.CanRenderAMapWithFilledAreas" methodname="CanRenderAMapWithFilledAreas" classname="PlayersWorlds.Maps.Maze2DRendererTest" runstate="Runnable" seed="1032084170" result="Passed" start-time="2024-01-28T14:22:16.4702720Z" end-time="2024-01-28T14:22:16.4716620Z" duration="0.001390" asserts="1">
              <output><![CDATA[0▓▓▓▓▓▓▓▓▓▓▓▓▓▓00000
0▓░░░░░░░░░░░░▓00000
0▓░░▒▓▓▓▓▓▒░░░▓▓0000
0▓░░▓▓000▓▓░░░▒▓▓▓▓0
0▓░░▓00000▓░░░░░░░▓0
0▓░░▓00000▓▓▓▓▓▓▓▓▓0
0▓░░▓0000000000▓░░▓0
0▓░░▓0000000000▓░░▓0
0▓░░▓▓00000000▓▓░░▓0
0▓░░▒▓▓▓▓▓▓▓▓▓▓▒░░▓0
0▓░░░░░░░░░░░░░░░░▓0
0▓▓▓▓▓▓▓▓▓▓▓▓▓▓▓▓▓▓0

0▓▓▓▓▓▓▓▓▓▓▓▓▓▓00000
0▓░░░░░░░░░░░░▓00000
0▓░░▒▓▓▓▓▓▒░░░▓▓0000
0▓░░▓▓000▓▓░░░▒▓▓▓▓0
0▓░░▓00000▓░░░░░░░▓0
0▓░░▓00000▓▓▓▓▓▓▓▓▓0
0▓░░▓0000000000▓░░▓0
0▓░░▓0000000000▓░░▓0
0▓░░▓▓00000000▓▓░░▓0
0▓░░▒▓▓▓▓▓▓▓▓▓▓▒░░▓0
0▓░░░░░░░░░░░░░░░░▓0
0▓▓▓▓▓▓▓▓▓▓▓▓▓▓▓▓▓▓0

]]></output>
            </test-case>
            <test-case id="1-1041" name="CanRenderAMapWithHallAreas" fullname="PlayersWorlds.Maps.Maze2DRendererTest.CanRenderAMapWithHallAreas" methodname="CanRenderAMapWithHallAreas" classname="PlayersWorlds.Maps.Maze2DRendererTest" runstate="Runnable" seed="953525854" result="Passed" start-time="2024-01-28T14:22:16.4716690Z" end-time="2024-01-28T14:22:16.4728580Z" duration="0.001190" asserts="1">
              <output><![CDATA[0▓▓▓▓▓▓▓▓▓▓▓▓▓▓00000
0▓░░░░░░░░░░░░▓00000
0▓░░▒▓▓▓▓▓▒░░░▓▓0000
0▓░░▓▓▓▓▓▓▓░░░▒▓▓▓▓0
0▓░░▓▓▓▓▓▓▓░░░░░░░▓0
0▓░░▒▓▓▓▓▓▓▓▓▓▓▓▓▓▓0
0▓░░░░░░░░░░░░░░░░▓0
0▓░░░░░░░░░░░░░░░░▓0
0▓░░░░░░░░░░░░░░░░▓0
0▓░░░░░░░░░░░░░░░░▓0
0▓░░░░░░░░░░░░░░░░▓0
0▓▓▓▓▓▓▓▓▓▓▓▓▓▓▓▓▓▓0

0▓▓▓▓▓▓▓▓▓▓▓▓▓▓00000
0▓░░░░░░░░░░░░▓00000
0▓░░▒▓▓▓▓▓▒░░░▓▓0000
0▓░░▓▓▓▓▓▓▓░░░▒▓▓▓▓0
0▓░░▓▓▓▓▓▓▓░░░░░░░▓0
0▓░░▒▓▓▓▓▓▓▓▓▓▓▓▓▓▓0
0▓░░░░░░░░░░░░░░░░▓0
0▓░░░░░░░░░░░░░░░░▓0
0▓░░░░░░░░░░░░░░░░▓0
0▓░░░░░░░░░░░░░░░░▓0
0▓░░░░░░░░░░░░░░░░▓0
0▓▓▓▓▓▓▓▓▓▓▓▓▓▓▓▓▓▓0

]]></output>
            </test-case>
            <test-case id="1-1038" name="CanRenderAMapWithSmoothCorners" fullname="PlayersWorlds.Maps.Maze2DRendererTest.CanRenderAMapWithSmoothCorners" methodname="CanRenderAMapWithSmoothCorners" classname="PlayersWorlds.Maps.Maze2DRendererTest" runstate="Runnable" seed="918684491" result="Passed" start-time="2024-01-28T14:22:16.4728650Z" end-time="2024-01-28T14:22:16.4742840Z" duration="0.001419" asserts="1">
              <output><![CDATA[0000000000000
▓▓▓▓▓▓▓▓▓0000
▓░░░░░░░▓▓000
▓░▒▓▓▓▒░▒▓▓▓▓
▓░▓▓▓▓▓░░░░░▓
▓░▓▓▓▓▓░░░░░▓
▓░▓▓▓▓▓▓▓▓▓▓▓
▓░▒▓▓▓▓▓▓▓▓▓▓
▓░░░░░▓▓▓▓░░▓
▓░░░░░▒▓▓▒░░▓
▓░░░░░░░░░░░▓
▓░░░░░░░░░░░▓
▓▓▓▓▓▓▓▓▓▓▓▓▓
0000000000000

0000000000000
▓▓▓▓▓▓▓▓▓0000
▓░░░░░░░▓▓000
▓░▒▓▓▓▒░▒▓▓▓▓
▓░▓▓▓▓▓░░░░░▓
▓░▓▓▓▓▓░░░░░▓
▓░▓▓▓▓▓▓▓▓▓▓▓
▓░▒▓▓▓▓▓▓▓▓▓▓
▓░░░░░▓▓▓▓░░▓
▓░░░░░▒▓▓▒░░▓
▓░░░░░░░░░░░▓
▓░░░░░░░░░░░▓
▓▓▓▓▓▓▓▓▓▓▓▓▓
0000000000000

]]></output>
            </test-case>
            <test-case id="1-1039" name="CanRenderAMapWithVoids" fullname="PlayersWorlds.Maps.Maze2DRendererTest.CanRenderAMapWithVoids" methodname="CanRenderAMapWithVoids" classname="PlayersWorlds.Maps.Maze2DRendererTest" runstate="Runnable" seed="126903208" result="Passed" start-time="2024-01-28T14:22:16.4742950Z" end-time="2024-01-28T14:22:16.4756110Z" duration="0.001317" asserts="1">
              <output><![CDATA[0▓▓▓▓▓▓▓▓▓▓▓▓▓▓00000
0▓░░░░░░░░░░░░▓00000
0▓░░▒▓▓▓▓▓▒░░░▓▓0000
0▓░░▓▓▓▓▓▓▓░░░▒▓▓▓▓0
0▓░░▓▓▓▓▓▓▓░░░░░░░▓0
0▓░░▒▓▓▓▓▓▓▓▓▓▓▓▓▓▓0
0▓░░░░░░░▓00000▓░░▓0
0▓░░░░░░░▓00000▓░░▓0
0▓░░░░░░░▓▓000▓▓░░▓0
0▓░░░░░░░▒▓▓▓▓▓▒░░▓0
0▓░░░░░░░░░░░░░░░░▓0
0▓▓▓▓▓▓▓▓▓▓▓▓▓▓▓▓▓▓0

0▓▓▓▓▓▓▓▓▓▓▓▓▓▓00000
0▓░░░░░░░░░░░░▓00000
0▓░░▒▓▓▓▓▓▒░░░▓▓0000
0▓░░▓▓▓▓▓▓▓░░░▒▓▓▓▓0
0▓░░▓▓▓▓▓▓▓░░░░░░░▓0
0▓░░▒▓▓▓▓▓▓▓▓▓▓▓▓▓▓0
0▓░░░░░░░▓00000▓░░▓0
0▓░░░░░░░▓00000▓░░▓0
0▓░░░░░░░▓▓000▓▓░░▓0
0▓░░░░░░░▒▓▓▓▓▓▒░░▓0
0▓░░░░░░░░░░░░░░░░▓0
0▓▓▓▓▓▓▓▓▓▓▓▓▓▓▓▓▓▓0

]]></output>
            </test-case>
            <test-case id="1-1045" name="CellsMapping_ValidMapping" fullname="PlayersWorlds.Maps.Maze2DRendererTest.CellsMapping_ValidMapping" methodname="CellsMapping_ValidMapping" classname="PlayersWorlds.Maps.Maze2DRendererTest" runstate="Runnable" seed="1924737147" result="Passed" start-time="2024-01-28T14:22:16.4756190Z" end-time="2024-01-28T14:22:16.4799290Z" duration="0.004310" asserts="45" />
            <test-case id="1-1042" name="Maze2DStringBoxRenderer_CanConvertToAscii" fullname="PlayersWorlds.Maps.Maze2DRendererTest.Maze2DStringBoxRenderer_CanConvertToAscii" methodname="Maze2DStringBoxRenderer_CanConvertToAscii" classname="PlayersWorlds.Maps.Maze2DRendererTest" runstate="Runnable" seed="822187205" result="Passed" start-time="2024-01-28T14:22:16.4799420Z" end-time="2024-01-28T14:22:16.4801730Z" duration="0.000231" asserts="1">
              <output><![CDATA[┌───────────┐    
│           │    
│   ┌───┐   └───┐
│   │   │       │
│   └───┼───┬───┤
│       │   │   │
│   ┼   └───┘   │
│               │
└───────────────┘

]]></output>
            </test-case>
            <test-case id="1-1043" name="Maze2DStringBoxRenderer_CanConvertToAsciiWithData" fullname="PlayersWorlds.Maps.Maze2DRendererTest.Maze2DStringBoxRenderer_CanConvertToAsciiWithData" methodname="Maze2DStringBoxRenderer_CanConvertToAsciiWithData" classname="PlayersWorlds.Maps.Maze2DRendererTest" runstate="Runnable" seed="1890750652" result="Passed" start-time="2024-01-28T14:22:16.4801800Z" end-time="2024-01-28T14:22:16.4805080Z" duration="0.000328" asserts="1">
              <output><![CDATA[┌───────────┐    
│ 4   3   2 │    
│   ┌───┐   └───┐
│ 5 │   │ 1   0 │
│   └───┼───┬───┤
│ 6     │   │ b │
│   ┼   └───┘   │
│ 7   8   9   a │
└───────────────┘

]]></output>
            </test-case>
            <test-case id="1-1044" name="Maze2DToMap2DConverter_ThrowsIfInvalidOptions" fullname="PlayersWorlds.Maps.Maze2DRendererTest.Maze2DToMap2DConverter_ThrowsIfInvalidOptions" methodname="Maze2DToMap2DConverter_ThrowsIfInvalidOptions" classname="PlayersWorlds.Maps.Maze2DRendererTest" runstate="Runnable" seed="43102278" result="Passed" start-time="2024-01-28T14:22:16.4805150Z" end-time="2024-01-28T14:22:16.4810250Z" duration="0.000510" asserts="6" />
          </test-suite>
          <test-suite type="TestFixture" id="1-1029" name="OptionalTest" fullname="PlayersWorlds.Maps.OptionalTest" classname="PlayersWorlds.Maps.OptionalTest" runstate="Runnable" testcasecount="7" result="Passed" start-time="2024-01-28T14:22:16.4810600Z" end-time="2024-01-28T14:22:16.4827890Z" duration="0.001729" total="7" passed="7" failed="0" warnings="0" inconclusive="0" skipped="0" asserts="24">
            <test-case id="1-1035" name="Optional_CanBeCastToT" fullname="PlayersWorlds.Maps.OptionalTest.Optional_CanBeCastToT" methodname="Optional_CanBeCastToT" classname="PlayersWorlds.Maps.OptionalTest" runstate="Runnable" seed="217250833" result="Passed" start-time="2024-01-28T14:22:16.4811090Z" end-time="2024-01-28T14:22:16.4812780Z" duration="0.000169" asserts="1" />
            <test-case id="1-1030" name="Optional_Equality" fullname="PlayersWorlds.Maps.OptionalTest.Optional_Equality" methodname="Optional_Equality" classname="PlayersWorlds.Maps.OptionalTest" runstate="Runnable" seed="916519435" result="Passed" start-time="2024-01-28T14:22:16.4812850Z" end-time="2024-01-28T14:22:16.4815040Z" duration="0.000218" asserts="2" />
            <test-case id="1-1032" name="Optional_Equals" fullname="PlayersWorlds.Maps.OptionalTest.Optional_Equals" methodname="Optional_Equals" classname="PlayersWorlds.Maps.OptionalTest" runstate="Runnable" seed="2022407164" result="Passed" start-time="2024-01-28T14:22:16.4815110Z" end-time="2024-01-28T14:22:16.4818290Z" duration="0.000318" asserts="5" />
            <test-case id="1-1034" name="Optional_GetHashCode" fullname="PlayersWorlds.Maps.OptionalTest.Optional_GetHashCode" methodname="Optional_GetHashCode" classname="PlayersWorlds.Maps.OptionalTest" runstate="Runnable" seed="140078002" result="Passed" start-time="2024-01-28T14:22:16.4818360Z" end-time="2024-01-28T14:22:16.4820910Z" duration="0.000254" asserts="3" />
            <test-case id="1-1033" name="Optional_Null" fullname="PlayersWorlds.Maps.OptionalTest.Optional_Null" methodname="Optional_Null" classname="PlayersWorlds.Maps.OptionalTest" runstate="Runnable" seed="899063822" result="Passed" start-time="2024-01-28T14:22:16.4820980Z" end-time="2024-01-28T14:22:16.4824790Z" duration="0.000381" asserts="9" />
            <test-case id="1-1031" name="Optional_ThrowsIfNoValue" fullname="PlayersWorlds.Maps.OptionalTest.Optional_ThrowsIfNoValue" methodname="Optional_ThrowsIfNoValue" classname="PlayersWorlds.Maps.OptionalTest" runstate="Runnable" seed="238628470" result="Passed" start-time="2024-01-28T14:22:16.4824870Z" end-time="2024-01-28T14:22:16.4826240Z" duration="0.000137" asserts="2" />
            <test-case id="1-1036" name="Optional_ToStringShowsValue" fullname="PlayersWorlds.Maps.OptionalTest.Optional_ToStringShowsValue" methodname="Optional_ToStringShowsValue" classname="PlayersWorlds.Maps.OptionalTest" runstate="Runnable" seed="1362490035" result="Passed" start-time="2024-01-28T14:22:16.4826300Z" end-time="2024-01-28T14:22:16.4827780Z" duration="0.000148" asserts="2" />
          </test-suite>
          <test-suite type="TestSuite" id="1-1775" name="Renderers" fullname="PlayersWorlds.Maps.Renderers" runstate="Runnable" testcasecount="1" result="Passed" start-time="2024-01-28T14:22:16.1416850Z" end-time="2024-01-28T14:22:16.4835000Z" duration="0.341816" total="1" passed="1" failed="0" warnings="0" inconclusive="0" skipped="0" asserts="1">
            <test-suite type="TestFixture" id="1-1076" name="Map2DStringRendererTest" fullname="PlayersWorlds.Maps.Renderers.Map2DStringRendererTest" classname="PlayersWorlds.Maps.Renderers.Map2DStringRendererTest" runstate="Runnable" testcasecount="1" result="Passed" start-time="2024-01-28T14:22:16.4828030Z" end-time="2024-01-28T14:22:16.4834940Z" duration="0.000691" total="1" passed="1" failed="0" warnings="0" inconclusive="0" skipped="0" asserts="1">
              <test-case id="1-1077" name="TestRender" fullname="PlayersWorlds.Maps.Renderers.Map2DStringRendererTest.TestRender" methodname="TestRender" classname="PlayersWorlds.Maps.Renderers.Map2DStringRendererTest" runstate="Runnable" seed="127097066" result="Passed" start-time="2024-01-28T14:22:16.4828440Z" end-time="2024-01-28T14:22:16.4834830Z" duration="0.000639" asserts="1">
                <output><![CDATA[▓▓▓▓▓
▓░░░▓
▓░▒░▓
▓░░░▓
▓▓▓▓▓

]]></output>
              </test-case>
            </test-suite>
          </test-suite>
          <test-suite type="TestFixture" id="1-1046" name="VectorDTest" fullname="PlayersWorlds.Maps.VectorDTest" classname="PlayersWorlds.Maps.VectorDTest" runstate="Runnable" testcasecount="11" result="Passed" start-time="2024-01-28T14:22:16.4835110Z" end-time="2024-01-28T14:22:16.4877110Z" duration="0.004200" total="11" passed="11" failed="0" warnings="0" inconclusive="0" skipped="0" asserts="33">
            <test-case id="1-1054" name="CanAddAndSubtract" fullname="PlayersWorlds.Maps.VectorDTest.CanAddAndSubtract" methodname="CanAddAndSubtract" classname="PlayersWorlds.Maps.VectorDTest" runstate="Runnable" seed="1042398249" result="Passed" start-time="2024-01-28T14:22:16.4835500Z" end-time="2024-01-28T14:22:16.4844190Z" duration="0.000869" asserts="5" />
            <test-case id="1-1055" name="ConstructorChecksArguments" fullname="PlayersWorlds.Maps.VectorDTest.ConstructorChecksArguments" methodname="ConstructorChecksArguments" classname="PlayersWorlds.Maps.VectorDTest" runstate="Runnable" seed="307953341" result="Passed" start-time="2024-01-28T14:22:16.4844280Z" end-time="2024-01-28T14:22:16.4845270Z" duration="0.000100" asserts="1" />
            <test-case id="1-1048" name="EqualityIsCheckedByValue" fullname="PlayersWorlds.Maps.VectorDTest.EqualityIsCheckedByValue" methodname="EqualityIsCheckedByValue" classname="PlayersWorlds.Maps.VectorDTest" runstate="Runnable" seed="1497316759" result="Passed" start-time="2024-01-28T14:22:16.4845340Z" end-time="2024-01-28T14:22:16.4847240Z" duration="0.000190" asserts="4" />
            <test-case id="1-1049" name="GetHashCodeIsDerivedFromValue" fullname="PlayersWorlds.Maps.VectorDTest.GetHashCodeIsDerivedFromValue" methodname="GetHashCodeIsDerivedFromValue" classname="PlayersWorlds.Maps.VectorDTest" runstate="Runnable" seed="2025996818" result="Passed" start-time="2024-01-28T14:22:16.4847310Z" end-time="2024-01-28T14:22:16.4849740Z" duration="0.000244" asserts="1" />
            <test-case id="1-1052" name="InitializedAsNull" fullname="PlayersWorlds.Maps.VectorDTest.InitializedAsNull" methodname="InitializedAsNull" classname="PlayersWorlds.Maps.VectorDTest" runstate="Runnable" seed="880098414" result="Passed" start-time="2024-01-28T14:22:16.4849810Z" end-time="2024-01-28T14:22:16.4850770Z" duration="0.000096" asserts="1" />
            <test-case id="1-1051" name="InitializedEmpty" fullname="PlayersWorlds.Maps.VectorDTest.InitializedEmpty" methodname="InitializedEmpty" classname="PlayersWorlds.Maps.VectorDTest" runstate="Runnable" seed="1929837056" result="Passed" start-time="2024-01-28T14:22:16.4850830Z" end-time="2024-01-28T14:22:16.4853210Z" duration="0.000238" asserts="4" />
            <test-case id="1-1047" name="IsInitialized" fullname="PlayersWorlds.Maps.VectorDTest.IsInitialized" methodname="IsInitialized" classname="PlayersWorlds.Maps.VectorDTest" runstate="Runnable" seed="1092729708" result="Passed" start-time="2024-01-28T14:22:16.4853280Z" end-time="2024-01-28T14:22:16.4854690Z" duration="0.000141" asserts="2" />
            <test-case id="1-1053" name="IsZero" fullname="PlayersWorlds.Maps.VectorDTest.IsZero" methodname="IsZero" classname="PlayersWorlds.Maps.VectorDTest" runstate="Runnable" seed="1507248736" result="Passed" start-time="2024-01-28T14:22:16.4854750Z" end-time="2024-01-28T14:22:16.4857150Z" duration="0.000240" asserts="3" />
            <test-case id="1-1056" name="SnappedForce" fullname="PlayersWorlds.Maps.VectorDTest.SnappedForce" methodname="SnappedForce" classname="PlayersWorlds.Maps.VectorDTest" runstate="Runnable" seed="1988020659" result="Passed" start-time="2024-01-28T14:22:16.4857220Z" end-time="2024-01-28T14:22:16.4861980Z" duration="0.000475" asserts="9" />
            <test-case id="1-1050" name="ToStringFormat" fullname="PlayersWorlds.Maps.VectorDTest.ToStringFormat" methodname="ToStringFormat" classname="PlayersWorlds.Maps.VectorDTest" runstate="Runnable" seed="263558931" result="Passed" start-time="2024-01-28T14:22:16.4862050Z" end-time="2024-01-28T14:22:16.4872920Z" duration="0.001088" asserts="1" />
            <test-case id="1-1057" name="VectorD_Parse" fullname="PlayersWorlds.Maps.VectorDTest.VectorD_Parse" methodname="VectorD_Parse" classname="PlayersWorlds.Maps.VectorDTest" runstate="Runnable" seed="2142395036" result="Passed" start-time="2024-01-28T14:22:16.4873010Z" end-time="2024-01-28T14:22:16.4877000Z" duration="0.000399" asserts="2" />
          </test-suite>
          <test-suite type="TestFixture" id="1-1058" name="VectorTest" fullname="PlayersWorlds.Maps.VectorTest" classname="PlayersWorlds.Maps.VectorTest" runstate="Runnable" testcasecount="17" result="Passed" start-time="2024-01-28T14:22:16.4877250Z" end-time="2024-01-28T14:22:16.4906330Z" duration="0.002907" total="17" passed="17" failed="0" warnings="0" inconclusive="0" skipped="0" asserts="47">
            <test-case id="1-1075" name="FitsInto" fullname="PlayersWorlds.Maps.VectorTest.FitsInto" methodname="FitsInto" classname="PlayersWorlds.Maps.VectorTest" runstate="Runnable" seed="2062610216" result="Passed" start-time="2024-01-28T14:22:16.4877660Z" end-time="2024-01-28T14:22:16.4878900Z" duration="0.000124" asserts="3" />
            <test-case id="1-1060" name="Size_NotInitialized" fullname="PlayersWorlds.Maps.VectorTest.Size_NotInitialized" methodname="Size_NotInitialized" classname="PlayersWorlds.Maps.VectorTest" runstate="Runnable" seed="976036811" result="Passed" start-time="2024-01-28T14:22:16.4878970Z" end-time="2024-01-28T14:22:16.4881100Z" duration="0.000213" asserts="2" />
            <test-case id="1-1068" name="Vector_CanAddAndSubtract" fullname="PlayersWorlds.Maps.VectorTest.Vector_CanAddAndSubtract" methodname="Vector_CanAddAndSubtract" classname="PlayersWorlds.Maps.VectorTest" runstate="Runnable" seed="161685631" result="Passed" start-time="2024-01-28T14:22:16.4881240Z" end-time="2024-01-28T14:22:16.4885140Z" duration="0.000391" asserts="6" />
            <test-case id="1-1069" name="Vector_ConstructorChecksArguments" fullname="PlayersWorlds.Maps.VectorTest.Vector_ConstructorChecksArguments" methodname="Vector_ConstructorChecksArguments" classname="PlayersWorlds.Maps.VectorTest" runstate="Runnable" seed="713851882" result="Passed" start-time="2024-01-28T14:22:16.4885230Z" end-time="2024-01-28T14:22:16.4886220Z" duration="0.000099" asserts="1" />
            <test-case id="1-1066" name="Vector_EmptyIsEmpty" fullname="PlayersWorlds.Maps.VectorTest.Vector_EmptyIsEmpty" methodname="Vector_EmptyIsEmpty" classname="PlayersWorlds.Maps.VectorTest" runstate="Runnable" seed="1609959652" result="Passed" start-time="2024-01-28T14:22:16.4886310Z" end-time="2024-01-28T14:22:16.4887010Z" duration="0.000070" asserts="1" />
            <test-case id="1-1065" name="Vector_EmptyVectorIsEmpty" fullname="PlayersWorlds.Maps.VectorTest.Vector_EmptyVectorIsEmpty" methodname="Vector_EmptyVectorIsEmpty" classname="PlayersWorlds.Maps.VectorTest" runstate="Runnable" seed="1862703645" result="Passed" start-time="2024-01-28T14:22:16.4887070Z" end-time="2024-01-28T14:22:16.4887640Z" duration="0.000057" asserts="1" />
            <test-case id="1-1061" name="Vector_EqualityIsCheckedByValue" fullname="PlayersWorlds.Maps.VectorTest.Vector_EqualityIsCheckedByValue" methodname="Vector_EqualityIsCheckedByValue" classname="PlayersWorlds.Maps.VectorTest" runstate="Runnable" seed="1691252058" result="Passed" start-time="2024-01-28T14:22:16.4887700Z" end-time="2024-01-28T14:22:16.4890590Z" duration="0.000289" asserts="5" />
            <test-case id="1-1073" name="Vector_FromIndex" fullname="PlayersWorlds.Maps.VectorTest.Vector_FromIndex" methodname="Vector_FromIndex" classname="PlayersWorlds.Maps.VectorTest" runstate="Runnable" seed="667303314" result="Passed" start-time="2024-01-28T14:22:16.4890660Z" end-time="2024-01-28T14:22:16.4891620Z" duration="0.000096" asserts="2" />
            <test-case id="1-1062" name="Vector_GetHashCodeIsDerivedFromValue" fullname="PlayersWorlds.Maps.VectorTest.Vector_GetHashCodeIsDerivedFromValue" methodname="Vector_GetHashCodeIsDerivedFromValue" classname="PlayersWorlds.Maps.VectorTest" runstate="Runnable" seed="268073443" result="Passed" start-time="2024-01-28T14:22:16.4891680Z" end-time="2024-01-28T14:22:16.4894110Z" duration="0.000243" asserts="2" />
            <test-case id="1-1059" name="Vector_IsInitialized" fullname="PlayersWorlds.Maps.VectorTest.Vector_IsInitialized" methodname="Vector_IsInitialized" classname="PlayersWorlds.Maps.VectorTest" runstate="Runnable" seed="1522589127" result="Passed" start-time="2024-01-28T14:22:16.4894190Z" end-time="2024-01-28T14:22:16.4894890Z" duration="0.000070" asserts="2" />
            <test-case id="1-1067" name="Vector_NotEqualToNull" fullname="PlayersWorlds.Maps.VectorTest.Vector_NotEqualToNull" methodname="Vector_NotEqualToNull" classname="PlayersWorlds.Maps.VectorTest" runstate="Runnable" seed="584279791" result="Passed" start-time="2024-01-28T14:22:16.4894940Z" end-time="2024-01-28T14:22:16.4896220Z" duration="0.000128" asserts="3" />
            <test-case id="1-1071" name="Vector_SnappedForce" fullname="PlayersWorlds.Maps.VectorTest.Vector_SnappedForce" methodname="Vector_SnappedForce" classname="PlayersWorlds.Maps.VectorTest" runstate="Runnable" seed="1510292756" result="Passed" start-time="2024-01-28T14:22:16.4896280Z" end-time="2024-01-28T14:22:16.4899790Z" duration="0.000350" asserts="9" />
            <test-case id="1-1070" name="Vector_ThrowsIfNotAValidSize" fullname="PlayersWorlds.Maps.VectorTest.Vector_ThrowsIfNotAValidSize" methodname="Vector_ThrowsIfNotAValidSize" classname="PlayersWorlds.Maps.VectorTest" runstate="Runnable" seed="1363304068" result="Passed" start-time="2024-01-28T14:22:16.4899850Z" end-time="2024-01-28T14:22:16.4902150Z" duration="0.000230" asserts="3" />
            <test-case id="1-1072" name="Vector_ToIndex" fullname="PlayersWorlds.Maps.VectorTest.Vector_ToIndex" methodname="Vector_ToIndex" classname="PlayersWorlds.Maps.VectorTest" runstate="Runnable" seed="1137545997" result="Passed" start-time="2024-01-28T14:22:16.4902220Z" end-time="2024-01-28T14:22:16.4903750Z" duration="0.000152" asserts="3" />
            <test-case id="1-1063" name="Vector_ToStringFormat" fullname="PlayersWorlds.Maps.VectorTest.Vector_ToStringFormat" methodname="Vector_ToStringFormat" classname="PlayersWorlds.Maps.VectorTest" runstate="Runnable" seed="1922420048" result="Passed" start-time="2024-01-28T14:22:16.4903810Z" end-time="2024-01-28T14:22:16.4904580Z" duration="0.000078" asserts="2" />
            <test-case id="1-1064" name="Vector_ZeroVectorIsNotEmpty" fullname="PlayersWorlds.Maps.VectorTest.Vector_ZeroVectorIsNotEmpty" methodname="Vector_ZeroVectorIsNotEmpty" classname="PlayersWorlds.Maps.VectorTest" runstate="Runnable" seed="113959745" result="Passed" start-time="2024-01-28T14:22:16.4904650Z" end-time="2024-01-28T14:22:16.4905420Z" duration="0.000078" asserts="1" />
            <test-case id="1-1074" name="VectorD_Parse" fullname="PlayersWorlds.Maps.VectorTest.VectorD_Parse" methodname="VectorD_Parse" classname="PlayersWorlds.Maps.VectorTest" runstate="Runnable" seed="1631843176" result="Passed" start-time="2024-01-28T14:22:16.4905480Z" end-time="2024-01-28T14:22:16.4906210Z" duration="0.000073" asserts="1" />
          </test-suite>
        </test-suite>
      </test-suite>
      <test-suite type="TestFixture" id="1-1000" name="RandomAreaGeneratorTest" fullname="RandomAreaGeneratorTest" classname="RandomAreaGeneratorTest" runstate="Runnable" testcasecount="2" result="Passed" start-time="2024-01-28T14:22:16.4906620Z" end-time="2024-01-28T14:22:16.4995640Z" duration="0.008902" total="2" passed="2" failed="0" warnings="0" inconclusive="0" skipped="0" asserts="3042">
        <test-case id="1-1001" name="ZoneGenerator_CanGenerateZones" fullname="RandomAreaGeneratorTest.ZoneGenerator_CanGenerateZones" methodname="ZoneGenerator_CanGenerateZones" classname="RandomAreaGeneratorTest" runstate="Runnable" seed="1171520502" result="Passed" start-time="2024-01-28T14:22:16.4907630Z" end-time="2024-01-28T14:22:16.4989220Z" duration="0.008159" asserts="3006" />
        <test-case id="1-1002" name="ZoneGenerator_CustomSettings" fullname="RandomAreaGeneratorTest.ZoneGenerator_CustomSettings" methodname="ZoneGenerator_CustomSettings" classname="RandomAreaGeneratorTest" runstate="Runnable" seed="353516748" result="Passed" start-time="2024-01-28T14:22:16.4989320Z" end-time="2024-01-28T14:22:16.4995520Z" duration="0.000620" asserts="36" />
      </test-suite>
    </test-suite>
  </test-suite>
</test-run>