<?xml version="1.0" encoding="utf-8" standalone="no"?>
<test-run id="0" runstate="Runnable" testcasecount="1113" result="Passed" total="4" passed="4" failed="0" warnings="0" inconclusive="0" skipped="0" asserts="7" engine-version="3.17.0.0" clr-version="4.0.30319.42000" start-time="2024-07-06 14:32:09Z" end-time="2024-07-06 14:32:10Z" duration="0.551186">
  <command-line><![CDATA[/home/data/repos/github.com/aynurin/maze-gen/packages/NUnit.ConsoleRunner.3.17.0/tools/nunit3-console.exe build/Debug/tests/PlayersWorlds.Maps.Tests.dll --framework=mono-4.0 --where=class=PlayersWorlds.Maps.Areas.BasicAreaGeneratorTest]]></command-line>
  <filter>
    <class>PlayersWorlds.Maps.Areas.BasicAreaGeneratorTest</class>
  </filter>
  <test-suite type="Assembly" id="1-2166" name="PlayersWorlds.Maps.Tests.dll" fullname="/home/data/repos/github.com/aynurin/maze-gen/build/Debug/tests/PlayersWorlds.Maps.Tests.dll" runstate="Runnable" testcasecount="1113" result="Passed" start-time="2024-07-06T14:32:10.3233610Z" end-time="2024-07-06T14:32:10.4161770Z" duration="0.092749" total="4" passed="4" failed="0" warnings="0" inconclusive="0" skipped="0" asserts="7">
    <environment framework-version="4.0.1.0" clr-version="4.0.30319.42000" os-version="Unix 6.1.84.1" platform="Unix" cwd="/home/data/repos/github.com/aynurin/maze-gen" machine-name="lightview" user="shav" user-domain="lightview" culture="en-US" uiculture="en-US" os-architecture="x64" />
    <settings>
      <setting name="RequestedRuntimeFramework" value="mono-4.0" />
      <setting name="DisposeRunners" value="True" />
      <setting name="WorkDirectory" value="/home/data/repos/github.com/aynurin/maze-gen" />
      <setting name="ImageRuntimeVersion" value="4.0.30319" />
      <setting name="ImageTargetFrameworkName" value=".NETFramework,Version=v4.7" />
      <setting name="ImageRequiresX86" value="False" />
      <setting name="ImageRequiresDefaultAppDomainAssemblyResolver" value="False" />
      <setting name="TargetRuntimeFramework" value="mono-4.0" />
      <setting name="NumberOfTestWorkers" value="24" />
    </settings>
    <properties>
      <property name="_PID" value="2455690" />
      <property name="_APPDOMAIN" value="domain-" />
    </properties>
    <test-suite type="SetUpFixture" id="1-1003" name="[default namespace]" fullname="TestsSetup" classname="TestsSetup" runstate="Runnable" testcasecount="1113" result="Passed" start-time="2024-07-06T14:32:10.3288070Z" end-time="2024-07-06T14:32:10.4161670Z" duration="0.087360" total="4" passed="4" failed="0" warnings="0" inconclusive="0" skipped="0" asserts="7">
      <test-suite type="TestSuite" id="1-2167" name="PlayersWorlds" fullname="PlayersWorlds" runstate="Runnable" testcasecount="1111" result="Passed" start-time="2024-07-06T14:32:10.3320430Z" end-time="2024-07-06T14:32:10.4158200Z" duration="0.083777" total="4" passed="4" failed="0" warnings="0" inconclusive="0" skipped="0" asserts="7">
        <test-suite type="TestSuite" id="1-2168" name="Maps" fullname="PlayersWorlds.Maps" runstate="Runnable" testcasecount="1111" result="Passed" start-time="2024-07-06T14:32:10.3321200Z" end-time="2024-07-06T14:32:10.4158140Z" duration="0.083695" total="4" passed="4" failed="0" warnings="0" inconclusive="0" skipped="0" asserts="7">
          <test-suite type="TestSuite" id="1-2174" name="Areas" fullname="PlayersWorlds.Maps.Areas" runstate="Runnable" testcasecount="127" result="Passed" start-time="2024-07-06T14:32:10.3321300Z" end-time="2024-07-06T14:32:10.4158070Z" duration="0.083677" total="4" passed="4" failed="0" warnings="0" inconclusive="0" skipped="0" asserts="7">
            <test-suite type="TestFixture" id="1-2035" name="BasicAreaGeneratorTest" fullname="PlayersWorlds.Maps.Areas.BasicAreaGeneratorTest" classname="PlayersWorlds.Maps.Areas.BasicAreaGeneratorTest" runstate="Runnable" testcasecount="4" result="Passed" start-time="2024-07-06T14:32:10.3321440Z" end-time="2024-07-06T14:32:10.4153720Z" duration="0.083228" total="4" passed="4" failed="0" warnings="0" inconclusive="0" skipped="0" asserts="7">
              <test-case id="1-2039" name="AreasNoOverlap" fullname="PlayersWorlds.Maps.Areas.BasicAreaGeneratorTest.AreasNoOverlap" methodname="AreasNoOverlap" classname="PlayersWorlds.Maps.Areas.BasicAreaGeneratorTest" runstate="Runnable" seed="541460014" result="Passed" start-time="2024-07-06T14:32:10.3323150Z" end-time="2024-07-06T14:32:10.3832010Z" duration="0.050963" asserts="3" />
              <test-case id="1-2038" name="MaxAreas" fullname="PlayersWorlds.Maps.Areas.BasicAreaGeneratorTest.MaxAreas" methodname="MaxAreas" classname="PlayersWorlds.Maps.Areas.BasicAreaGeneratorTest" runstate="Runnable" seed="276418774" result="Passed" start-time="2024-07-06T14:32:10.3845500Z" end-time="2024-07-06T14:32:10.4100810Z" duration="0.025531" asserts="2" />
              <test-case id="1-2036" name="MinSizeTooLargeDoesNotProduceAreas" fullname="PlayersWorlds.Maps.Areas.BasicAreaGeneratorTest.MinSizeTooLargeDoesNotProduceAreas" methodname="MinSizeTooLargeDoesNotProduceAreas" classname="PlayersWorlds.Maps.Areas.BasicAreaGeneratorTest" runstate="Runnable" seed="76629107" result="Passed" start-time="2024-07-06T14:32:10.4101050Z" end-time="2024-07-06T14:32:10.4125180Z" duration="0.002413" asserts="1" />
              <test-case id="1-2037" name="TwoAreas" fullname="PlayersWorlds.Maps.Areas.BasicAreaGeneratorTest.TwoAreas" methodname="TwoAreas" classname="PlayersWorlds.Maps.Areas.BasicAreaGeneratorTest" runstate="Runnable" seed="270128885" result="Passed" start-time="2024-07-06T14:32:10.4125320Z" end-time="2024-07-06T14:32:10.4143640Z" duration="0.001832" asserts="1" />
            </test-suite>
          </test-suite>
        </test-suite>
      </test-suite>
    </test-suite>
  </test-suite>
</test-run>