<?xml version="1.0" encoding="utf-8" standalone="no"?>
<test-run id="0" runstate="Runnable" testcasecount="0" result="Failed" label="Invalid" total="0" passed="0" failed="0" warnings="0" inconclusive="0" skipped="0" asserts="0" engine-version="3.16.2.0" clr-version="4.0.30319.42000" start-time="2023-08-05 17:38:18Z" end-time="2023-08-05 17:38:18Z" duration="0.296975">
  <command-line><![CDATA[/usr/lib/nunit3-console/bin/nunit3-console.exe build/Debug/tests/tests.dll]]></command-line>
  <test-suite type="Assembly" id="1-1" name="tests.dll" fullname="/home/data/repos/github.com/aynurin/maze-gen/build/Debug/tests/tests.dll" testcasecount="0" runstate="NotRunnable" result="Failed" label="Invalid">
    <properties>
      <property name="_SKIPREASON" value="No suitable tests found in '/home/data/repos/github.com/aynurin/maze-gen/build/Debug/tests/tests.dll'.&#xA;Either assembly contains no tests or proper test driver has not been found." />
    </properties>
    <reason>
      <message>No suitable tests found in '/home/data/repos/github.com/aynurin/maze-gen/build/Debug/tests/tests.dll'.
Either assembly contains no tests or proper test driver has not been found.</message>
    </reason>
  </test-suite>
</test-run>