<?xml version="1.0" encoding="utf-8" standalone="no"?>
<test-run id="0" runstate="Runnable" testcasecount="1100" result="Passed" total="8" passed="8" failed="0" warnings="0" inconclusive="0" skipped="0" asserts="26" engine-version="3.17.0.0" clr-version="4.0.30319.42000" start-time="2024-07-03 02:02:58Z" end-time="2024-07-03 02:02:58Z" duration="0.522811">
  <command-line><![CDATA[/home/data/repos/github.com/aynurin/maze-gen/packages/NUnit.ConsoleRunner.3.17.0/tools/nunit3-console.exe build/Debug/tests/PlayersWorlds.Maps.Tests.dll --framework=mono-4.0 --where=class=PlayersWorlds.Maps.OptionalTest]]></command-line>
  <filter>
    <class>PlayersWorlds.Maps.OptionalTest</class>
  </filter>
  <test-suite type="Assembly" id="1-2151" name="PlayersWorlds.Maps.Tests.dll" fullname="/home/data/repos/github.com/aynurin/maze-gen/build/Debug/tests/PlayersWorlds.Maps.Tests.dll" runstate="Runnable" testcasecount="1100" result="Passed" start-time="2024-07-03T02:02:58.5056960Z" end-time="2024-07-03T02:02:58.5525600Z" duration="0.046800" total="8" passed="8" failed="0" warnings="0" inconclusive="0" skipped="0" asserts="26">
    <environment framework-version="4.0.1.0" clr-version="4.0.30319.42000" os-version="Unix 6.1.84.1" platform="Unix" cwd="/home/data/repos/github.com/aynurin/maze-gen" machine-name="lightview" user="shav" user-domain="lightview" culture="en-US" uiculture="en-US" os-architecture="x64" />
    <settings>
      <setting name="RequestedRuntimeFramework" value="mono-4.0" />
      <setting name="DisposeRunners" value="True" />
      <setting name="WorkDirectory" value="/home/data/repos/github.com/aynurin/maze-gen" />
      <setting name="ImageRuntimeVersion" value="4.0.30319" />
      <setting name="ImageTargetFrameworkName" value=".NETFramework,Version=v4.7" />
      <setting name="ImageRequiresX86" value="False" />
      <setting name="ImageRequiresDefaultAppDomainAssemblyResolver" value="False" />
      <setting name="TargetRuntimeFramework" value="mono-4.0" />
      <setting name="NumberOfTestWorkers" value="24" />
    </settings>
    <properties>
      <property name="_PID" value="932468" />
      <property name="_APPDOMAIN" value="domain-" />
    </properties>
    <test-suite type="SetUpFixture" id="1-1003" name="[default namespace]" fullname="TestsSetup" classname="TestsSetup" runstate="Runnable" testcasecount="1100" result="Passed" start-time="2024-07-03T02:02:58.5110100Z" end-time="2024-07-03T02:02:58.5525480Z" duration="0.041539" total="8" passed="8" failed="0" warnings="0" inconclusive="0" skipped="0" asserts="26">
      <test-suite type="TestSuite" id="1-2152" name="PlayersWorlds" fullname="PlayersWorlds" runstate="Runnable" testcasecount="1098" result="Passed" start-time="2024-07-03T02:02:58.5141300Z" end-time="2024-07-03T02:02:58.5520520Z" duration="0.037922" total="8" passed="8" failed="0" warnings="0" inconclusive="0" skipped="0" asserts="26">
        <test-suite type="TestSuite" id="1-2153" name="Maps" fullname="PlayersWorlds.Maps" runstate="Runnable" testcasecount="1098" result="Passed" start-time="2024-07-03T02:02:58.5141880Z" end-time="2024-07-03T02:02:58.5520430Z" duration="0.037856" total="8" passed="8" failed="0" warnings="0" inconclusive="0" skipped="0" asserts="26">
          <test-suite type="TestFixture" id="1-1132" name="OptionalTest" fullname="PlayersWorlds.Maps.OptionalTest" classname="PlayersWorlds.Maps.OptionalTest" runstate="Runnable" testcasecount="8" result="Passed" start-time="2024-07-03T02:02:58.5142030Z" end-time="2024-07-03T02:02:58.5515630Z" duration="0.037360" total="8" passed="8" failed="0" warnings="0" inconclusive="0" skipped="0" asserts="26">
            <test-case id="1-1139" name="Optional_CanBeCastToT" fullname="PlayersWorlds.Maps.OptionalTest.Optional_CanBeCastToT" methodname="Optional_CanBeCastToT" classname="PlayersWorlds.Maps.OptionalTest" runstate="Runnable" seed="946988587" result="Passed" start-time="2024-07-03T02:02:58.5143550Z" end-time="2024-07-03T02:02:58.5414670Z" duration="0.027184" asserts="1" />
            <test-case id="1-1133" name="Optional_Equality" fullname="PlayersWorlds.Maps.OptionalTest.Optional_Equality" methodname="Optional_Equality" classname="PlayersWorlds.Maps.OptionalTest" runstate="Runnable" seed="1812365990" result="Passed" start-time="2024-07-03T02:02:58.5428620Z" end-time="2024-07-03T02:02:58.5435200Z" duration="0.000657" asserts="3" />
            <test-case id="1-1135" name="Optional_Equals" fullname="PlayersWorlds.Maps.OptionalTest.Optional_Equals" methodname="Optional_Equals" classname="PlayersWorlds.Maps.OptionalTest" runstate="Runnable" seed="1494195711" result="Passed" start-time="2024-07-03T02:02:58.5435330Z" end-time="2024-07-03T02:02:58.5439590Z" duration="0.000426" asserts="5" />
            <test-case id="1-1138" name="Optional_GetHashCode" fullname="PlayersWorlds.Maps.OptionalTest.Optional_GetHashCode" methodname="Optional_GetHashCode" classname="PlayersWorlds.Maps.OptionalTest" runstate="Runnable" seed="1976068190" result="Passed" start-time="2024-07-03T02:02:58.5439690Z" end-time="2024-07-03T02:02:58.5473240Z" duration="0.003355" asserts="3" />
            <test-case id="1-1137" name="Optional_Null" fullname="PlayersWorlds.Maps.OptionalTest.Optional_Null" methodname="Optional_Null" classname="PlayersWorlds.Maps.OptionalTest" runstate="Runnable" seed="414689777" result="Passed" start-time="2024-07-03T02:02:58.5473330Z" end-time="2024-07-03T02:02:58.5500610Z" duration="0.002728" asserts="9" />
            <test-case id="1-1136" name="Optional_NullEquality" fullname="PlayersWorlds.Maps.OptionalTest.Optional_NullEquality" methodname="Optional_NullEquality" classname="PlayersWorlds.Maps.OptionalTest" runstate="Runnable" seed="1557974216" result="Passed" start-time="2024-07-03T02:02:58.5500710Z" end-time="2024-07-03T02:02:58.5501660Z" duration="0.000095" asserts="1" />
            <test-case id="1-1134" name="Optional_ThrowsIfNoValue" fullname="PlayersWorlds.Maps.OptionalTest.Optional_ThrowsIfNoValue" methodname="Optional_ThrowsIfNoValue" classname="PlayersWorlds.Maps.OptionalTest" runstate="Runnable" seed="1501098092" result="Passed" start-time="2024-07-03T02:02:58.5501730Z" end-time="2024-07-03T02:02:58.5503970Z" duration="0.000224" asserts="2" />
            <test-case id="1-1140" name="Optional_ToStringShowsValue" fullname="PlayersWorlds.Maps.OptionalTest.Optional_ToStringShowsValue" methodname="Optional_ToStringShowsValue" classname="PlayersWorlds.Maps.OptionalTest" runstate="Runnable" seed="1512061356" result="Passed" start-time="2024-07-03T02:02:58.5504050Z" end-time="2024-07-03T02:02:58.5506080Z" duration="0.000203" asserts="2" />
          </test-suite>
        </test-suite>
      </test-suite>
    </test-suite>
  </test-suite>
</test-run>