<?xml version="1.0" encoding="utf-8" standalone="no"?>
<test-run id="0" runstate="Runnable" testcasecount="1108" result="Passed" total="3" passed="3" failed="0" warnings="0" inconclusive="0" skipped="0" asserts="3" engine-version="3.17.0.0" clr-version="4.0.30319.42000" start-time="2024-07-05 13:53:13Z" end-time="2024-07-05 13:53:13Z" duration="0.598701">
  <command-line><![CDATA[/home/data/repos/github.com/aynurin/maze-gen/packages/NUnit.ConsoleRunner.3.17.0/tools/nunit3-console.exe build/Debug/tests/PlayersWorlds.Maps.Tests.dll --framework=mono-4.0 --where=class=PlayersWorlds.Maps.Areas.AreaGeneratorExceptionTest]]></command-line>
  <filter>
    <class>PlayersWorlds.Maps.Areas.AreaGeneratorExceptionTest</class>
  </filter>
  <test-suite type="Assembly" id="1-2160" name="PlayersWorlds.Maps.Tests.dll" fullname="/home/data/repos/github.com/aynurin/maze-gen/build/Debug/tests/PlayersWorlds.Maps.Tests.dll" runstate="Runnable" testcasecount="1108" result="Passed" start-time="2024-07-05T13:53:13.6379680Z" end-time="2024-07-05T13:53:13.7713620Z" duration="0.133343" total="3" passed="3" failed="0" warnings="0" inconclusive="0" skipped="0" asserts="3">
    <environment framework-version="4.0.1.0" clr-version="4.0.30319.42000" os-version="Unix 6.1.84.1" platform="Unix" cwd="/home/data/repos/github.com/aynurin/maze-gen" machine-name="lightview" user="shav" user-domain="lightview" culture="en-US" uiculture="en-US" os-architecture="x64" />
    <settings>
      <setting name="RequestedRuntimeFramework" value="mono-4.0" />
      <setting name="DisposeRunners" value="True" />
      <setting name="WorkDirectory" value="/home/data/repos/github.com/aynurin/maze-gen" />
      <setting name="ImageRuntimeVersion" value="4.0.30319" />
      <setting name="ImageTargetFrameworkName" value=".NETFramework,Version=v4.7" />
      <setting name="ImageRequiresX86" value="False" />
      <setting name="ImageRequiresDefaultAppDomainAssemblyResolver" value="False" />
      <setting name="TargetRuntimeFramework" value="mono-4.0" />
      <setting name="NumberOfTestWorkers" value="24" />
    </settings>
    <properties>
      <property name="_PID" value="1928878" />
      <property name="_APPDOMAIN" value="domain-" />
    </properties>
    <test-suite type="SetUpFixture" id="1-1003" name="[default namespace]" fullname="TestsSetup" classname="TestsSetup" runstate="Runnable" testcasecount="1108" result="Passed" start-time="2024-07-05T13:53:13.6432540Z" end-time="2024-07-05T13:53:13.7713520Z" duration="0.128098" total="3" passed="3" failed="0" warnings="0" inconclusive="0" skipped="0" asserts="3">
      <test-suite type="TestSuite" id="1-2161" name="PlayersWorlds" fullname="PlayersWorlds" runstate="Runnable" testcasecount="1106" result="Passed" start-time="2024-07-05T13:53:13.6463500Z" end-time="2024-07-05T13:53:13.7710870Z" duration="0.124736" total="3" passed="3" failed="0" warnings="0" inconclusive="0" skipped="0" asserts="3">
        <test-suite type="TestSuite" id="1-2162" name="Maps" fullname="PlayersWorlds.Maps" runstate="Runnable" testcasecount="1106" result="Passed" start-time="2024-07-05T13:53:13.6464010Z" end-time="2024-07-05T13:53:13.7710820Z" duration="0.124681" total="3" passed="3" failed="0" warnings="0" inconclusive="0" skipped="0" asserts="3">
          <test-suite type="TestSuite" id="1-2168" name="Areas" fullname="PlayersWorlds.Maps.Areas" runstate="Runnable" testcasecount="122" result="Passed" start-time="2024-07-05T13:53:13.6464110Z" end-time="2024-07-05T13:53:13.7710740Z" duration="0.124664" total="3" passed="3" failed="0" warnings="0" inconclusive="0" skipped="0" asserts="3">
            <test-suite type="TestFixture" id="1-2027" name="AreaGeneratorExceptionTest" fullname="PlayersWorlds.Maps.Areas.AreaGeneratorExceptionTest" classname="PlayersWorlds.Maps.Areas.AreaGeneratorExceptionTest" runstate="Runnable" testcasecount="3" result="Passed" start-time="2024-07-05T13:53:13.6464210Z" end-time="2024-07-05T13:53:13.7705770Z" duration="0.124156" total="3" passed="3" failed="0" warnings="0" inconclusive="0" skipped="0" asserts="3">
              <test-case id="1-2030" name="MessageIncludesGeneratorInfo" fullname="PlayersWorlds.Maps.Areas.AreaGeneratorExceptionTest.MessageIncludesGeneratorInfo" methodname="MessageIncludesGeneratorInfo" classname="PlayersWorlds.Maps.Areas.AreaGeneratorExceptionTest" runstate="Runnable" seed="634024070" result="Passed" start-time="2024-07-05T13:53:13.6465670Z" end-time="2024-07-05T13:53:13.7667100Z" duration="0.120215" asserts="1" />
              <test-case id="1-2028" name="WithMessage" fullname="PlayersWorlds.Maps.Areas.AreaGeneratorExceptionTest.WithMessage" methodname="WithMessage" classname="PlayersWorlds.Maps.Areas.AreaGeneratorExceptionTest" runstate="Runnable" seed="706876110" result="Passed" start-time="2024-07-05T13:53:13.7680860Z" end-time="2024-07-05T13:53:13.7693930Z" duration="0.001307" asserts="1" />
              <test-case id="1-2029" name="WithMessageAndInnerException" fullname="PlayersWorlds.Maps.Areas.AreaGeneratorExceptionTest.WithMessageAndInnerException" methodname="WithMessageAndInnerException" classname="PlayersWorlds.Maps.Areas.AreaGeneratorExceptionTest" runstate="Runnable" seed="703326693" result="Passed" start-time="2024-07-05T13:53:13.7694010Z" end-time="2024-07-05T13:53:13.7696270Z" duration="0.000225" asserts="1" />
            </test-suite>
          </test-suite>
        </test-suite>
      </test-suite>
    </test-suite>
  </test-suite>
</test-run>