<?xml version="1.0" encoding="utf-8" standalone="no"?>
<test-run id="2" testcasecount="59" result="Passed" total="59" passed="0" failed="0" inconclusive="0" skipped="0" asserts="0" engine-version="3.4.1.0" clr-version="4.0.30319.42000" start-time="2023-10-28 22:38:45Z" end-time="2023-10-28 22:38:45Z" duration="0.265169">
  <command-line><![CDATA[/usr/lib/nunit3/nunit3-console.exe --debug build/Debug/tests/tests.dll]]></command-line>
  <test-suite type="Assembly" id="1-1071" name="/home/data/repos/github.com/aynurin/maze-gen/build/Debug/tests/tests.dll" fullname="/home/data/repos/github.com/aynurin/maze-gen/build/Debug/tests/tests.dll" runstate="Runnable" testcasecount="59" result="Passed" duration="0.188274" total="59" passed="0" failed="0" inconclusive="0" skipped="0" asserts="0">
    <properties>
      <property name="_PID" value="224202" />
      <property name="_APPDOMAIN" value="test-domain-" />
    </properties>
    <test-suite type="Namespace" id="1-1072" name="Nour" fullname="Nour" runstate="Runnable" testcasecount="57" result="Passed" duration="0.161081" total="57" passed="0" failed="0" inconclusive="0" skipped="0" asserts="0">
      <test-suite type="Namespace" id="1-1073" name="Play" fullname="Nour.Play" runstate="Runnable" testcasecount="57" result="Passed" duration="0.160811" total="57" passed="0" failed="0" inconclusive="0" skipped="0" asserts="0">
        <test-suite type="TestFixture" id="1-1021" name="CellTest" fullname="Nour.Play.CellTest" runstate="Runnable" testcasecount="3" result="Passed" duration="0.028165" total="3" passed="0" failed="0" inconclusive="0" skipped="0" asserts="0">
          <test-case id="1-1024" name="Map2D_DoubleLinkingThrowsError" fullname="Nour.Play.CellTest.Map2D_DoubleLinkingThrowsError" runstate="Runnable" result="Passed" duration="0.013298" asserts="1" />
          <test-case id="1-1022" name="Map2D_LinksAreMutual" fullname="Nour.Play.CellTest.Map2D_LinksAreMutual" runstate="Runnable" result="Passed" duration="0.004311" asserts="3" />
          <test-case id="1-1023" name="Map2D_ToString" fullname="Nour.Play.CellTest.Map2D_ToString" runstate="Runnable" result="Passed" duration="0.000794" asserts="7" />
        </test-suite>
        <test-suite type="TestFixture" id="1-1003" name="DeadEndTest" fullname="Nour.Play.DeadEndTest" runstate="Runnable" testcasecount="1" result="Passed" duration="0.004935" total="1" passed="0" failed="0" inconclusive="0" skipped="0" asserts="0">
          <test-case id="1-1004" name="DeadEnd_CanFindDeadEnds" fullname="Nour.Play.DeadEndTest.DeadEnd_CanFindDeadEnds" runstate="Runnable" result="Passed" duration="0.004691" asserts="7" />
        </test-suite>
        <test-suite type="TestFixture" id="1-1005" name="DijkstraDistanceTest" fullname="Nour.Play.DijkstraDistanceTest" runstate="Runnable" testcasecount="4" result="Passed" duration="0.011407" total="4" passed="0" failed="0" inconclusive="0" skipped="0" asserts="0">
          <test-case id="1-1009" name="DijkstraDistance_CanFindLongestTrail" fullname="Nour.Play.DijkstraDistanceTest.DijkstraDistance_CanFindLongestTrail" runstate="Runnable" result="Passed" duration="0.004632" asserts="4" />
          <test-case id="1-1007" name="DijkstraDistance_CanSolveAMaze" fullname="Nour.Play.DijkstraDistanceTest.DijkstraDistance_CanSolveAMaze" runstate="Runnable" result="Passed" duration="0.000792" asserts="4" />
          <test-case id="1-1006" name="DijkstraDistance_FindsAllDistances" fullname="Nour.Play.DijkstraDistanceTest.DijkstraDistance_FindsAllDistances" runstate="Runnable" result="Passed" duration="0.003212" asserts="2" />
          <test-case id="1-1008" name="DijkstraDistance_ReturnsEmptyIfNoSolutionFound" fullname="Nour.Play.DijkstraDistanceTest.DijkstraDistance_ReturnsEmptyIfNoSolutionFound" runstate="Runnable" result="Passed" duration="0.000159" asserts="1" />
        </test-suite>
        <test-suite type="TestFixture" id="1-1010" name="Maze2DTest" fullname="Nour.Play.Maze2DTest" runstate="Runnable" testcasecount="7" result="Passed" duration="0.012655" total="7" passed="0" failed="0" inconclusive="0" skipped="0" asserts="0">
          <test-case id="1-1017" name="Maze2D_CanParse" fullname="Nour.Play.Maze2DTest.Maze2D_CanParse" runstate="Runnable" result="Passed" duration="0.000487" asserts="16" />
          <test-case id="1-1015" name="Maze2D_CanScaleMap" fullname="Nour.Play.Maze2DTest.Maze2D_CanScaleMap" runstate="Runnable" result="Passed" duration="0.005078" asserts="1" />
          <test-case id="1-1014" name="Maze2D_CellsNeighborsAreValid" fullname="Nour.Play.Maze2DTest.Maze2D_CellsNeighborsAreValid" runstate="Runnable" result="Passed" duration="0.000925" asserts="136" />
          <test-case id="1-1016" name="Maze2D_HasAttributesSet" fullname="Nour.Play.Maze2DTest.Maze2D_HasAttributesSet" runstate="Runnable" result="Passed" duration="0.000216" asserts="2" />
          <test-case id="1-1011" name="Maze2D_IsInitialized" fullname="Nour.Play.Maze2DTest.Maze2D_IsInitialized" runstate="Runnable" result="Passed" duration="0.000133" asserts="4" />
          <test-case id="1-1013" name="Maze2D_ToMapWrongOptions" fullname="Nour.Play.Maze2DTest.Maze2D_ToMapWrongOptions" runstate="Runnable" result="Passed" duration="0.001297" asserts="7" />
          <test-case id="1-1012" name="Maze2D_WrongSize" fullname="Nour.Play.Maze2DTest.Maze2D_WrongSize" runstate="Runnable" result="Passed" duration="0.000290" asserts="5" />
        </test-suite>
        <test-suite type="TestFixture" id="1-1018" name="Maze2DToMap2DConverterTest" fullname="Nour.Play.Maze2DToMap2DConverterTest" runstate="Runnable" testcasecount="2" result="Passed" duration="0.002045" total="2" passed="0" failed="0" inconclusive="0" skipped="0" asserts="0">
          <test-case id="1-1019" name="Maze2DToMap2DConverter_CanGenerateMap" fullname="Nour.Play.Maze2DToMap2DConverterTest.Maze2DToMap2DConverter_CanGenerateMap" runstate="Runnable" result="Passed" duration="0.000837" asserts="1" />
          <test-case id="1-1020" name="Maze2DToMap2DConverter_ThrowsIfInvalidOptions" fullname="Nour.Play.Maze2DToMap2DConverterTest.Maze2DToMap2DConverter_ThrowsIfInvalidOptions" runstate="Runnable" result="Passed" duration="0.000397" asserts="6" />
        </test-suite>
        <test-suite type="TestFixture" id="1-1025" name="MazeGeneratorTest" fullname="Nour.Play.MazeGeneratorTest" runstate="Runnable" testcasecount="16" result="Passed" duration="0.067957" total="16" passed="0" failed="0" inconclusive="0" skipped="0" asserts="0">
          <test-suite type="ParameterizedTest" id="1-1039" name="DijkstraDistance_CanFindPaths" fullname="Nour.Play.MazeGeneratorTest.DijkstraDistance_CanFindPaths" runstate="Runnable" testcasecount="4" result="Passed" duration="0.009081" total="4" passed="0" failed="0" inconclusive="0" skipped="0" asserts="0">
            <test-case id="1-1040" name="DijkstraDistance_CanFindPaths(Nour.Play.Maze.AldousBroderMazeGenerator)" fullname="Nour.Play.MazeGeneratorTest.DijkstraDistance_CanFindPaths(Nour.Play.Maze.AldousBroderMazeGenerator)" runstate="Runnable" result="Passed" duration="0.000291" asserts="2" />
            <test-case id="1-1041" name="DijkstraDistance_CanFindPaths(Nour.Play.Maze.BinaryTreeMazeGenerator)" fullname="Nour.Play.MazeGeneratorTest.DijkstraDistance_CanFindPaths(Nour.Play.Maze.BinaryTreeMazeGenerator)" runstate="Runnable" result="Passed" duration="0.005876" asserts="2" />
            <test-case id="1-1042" name="DijkstraDistance_CanFindPaths(Nour.Play.Maze.SidewinderMazeGenerator)" fullname="Nour.Play.MazeGeneratorTest.DijkstraDistance_CanFindPaths(Nour.Play.Maze.SidewinderMazeGenerator)" runstate="Runnable" result="Passed" duration="0.000371" asserts="2" />
            <test-case id="1-1043" name="DijkstraDistance_CanFindPaths(Nour.Play.Maze.WilsonsMazeGenerator)" fullname="Nour.Play.MazeGeneratorTest.DijkstraDistance_CanFindPaths(Nour.Play.Maze.WilsonsMazeGenerator)" runstate="Runnable" result="Passed" duration="0.000451" asserts="2" />
          </test-suite>
          <test-suite type="ParameterizedTest" id="1-1026" name="MazeGenerator_CanGenerateMazes" fullname="Nour.Play.MazeGeneratorTest.MazeGenerator_CanGenerateMazes" runstate="Runnable" testcasecount="4" result="Passed" duration="0.002562" total="4" passed="0" failed="0" inconclusive="0" skipped="0" asserts="0">
            <test-case id="1-1027" name="MazeGenerator_CanGenerateMazes(Nour.Play.Maze.AldousBroderMazeGenerator)" fullname="Nour.Play.MazeGeneratorTest.MazeGenerator_CanGenerateMazes(Nour.Play.Maze.AldousBroderMazeGenerator)" runstate="Runnable" result="Passed" duration="0.000370" asserts="2" />
            <test-case id="1-1028" name="MazeGenerator_CanGenerateMazes(Nour.Play.Maze.BinaryTreeMazeGenerator)" fullname="Nour.Play.MazeGeneratorTest.MazeGenerator_CanGenerateMazes(Nour.Play.Maze.BinaryTreeMazeGenerator)" runstate="Runnable" result="Passed" duration="0.000103" asserts="2" />
            <test-case id="1-1029" name="MazeGenerator_CanGenerateMazes(Nour.Play.Maze.SidewinderMazeGenerator)" fullname="Nour.Play.MazeGeneratorTest.MazeGenerator_CanGenerateMazes(Nour.Play.Maze.SidewinderMazeGenerator)" runstate="Runnable" result="Passed" duration="0.000099" asserts="2" />
            <test-case id="1-1030" name="MazeGenerator_CanGenerateMazes(Nour.Play.Maze.WilsonsMazeGenerator)" fullname="Nour.Play.MazeGeneratorTest.MazeGenerator_CanGenerateMazes(Nour.Play.Maze.WilsonsMazeGenerator)" runstate="Runnable" result="Passed" duration="0.000115" asserts="2" />
          </test-suite>
          <test-case id="1-1033" name="MazeGenerator_IsFillComplete_Full" fullname="Nour.Play.MazeGeneratorTest.MazeGenerator_IsFillComplete_Full" runstate="Runnable" result="Passed" duration="0.005811" asserts="1" />
          <test-case id="1-1038" name="MazeGenerator_IsFillComplete_FullHeight" fullname="Nour.Play.MazeGeneratorTest.MazeGenerator_IsFillComplete_FullHeight" runstate="Runnable" result="Passed" duration="0.002092" asserts="1" />
          <test-case id="1-1037" name="MazeGenerator_IsFillComplete_FullWidth" fullname="Nour.Play.MazeGeneratorTest.MazeGenerator_IsFillComplete_FullWidth" runstate="Runnable" result="Passed" duration="0.002223" asserts="1" />
          <test-case id="1-1032" name="MazeGenerator_IsFillComplete_Half" fullname="Nour.Play.MazeGeneratorTest.MazeGenerator_IsFillComplete_Half" runstate="Runnable" result="Passed" duration="0.001220" asserts="1" />
          <test-case id="1-1036" name="MazeGenerator_IsFillComplete_NinetyPercent" fullname="Nour.Play.MazeGeneratorTest.MazeGenerator_IsFillComplete_NinetyPercent" runstate="Runnable" result="Passed" duration="0.001393" asserts="1" />
          <test-case id="1-1034" name="MazeGenerator_IsFillComplete_Quarter" fullname="Nour.Play.MazeGeneratorTest.MazeGenerator_IsFillComplete_Quarter" runstate="Runnable" result="Passed" duration="0.000833" asserts="1" />
          <test-case id="1-1035" name="MazeGenerator_IsFillComplete_ThreeQuarters" fullname="Nour.Play.MazeGeneratorTest.MazeGenerator_IsFillComplete_ThreeQuarters" runstate="Runnable" result="Passed" duration="0.001158" asserts="1" />
          <test-case id="1-1031" name="MazeGenerator_OnlyFullGenerators" fullname="Nour.Play.MazeGeneratorTest.MazeGenerator_OnlyFullGenerators" runstate="Runnable" result="Passed" duration="0.000355" asserts="2" />
        </test-suite>
        <test-suite type="TestFixture" id="1-1044" name="OptionalTest" fullname="Nour.Play.OptionalTest" runstate="Runnable" testcasecount="6" result="Passed" duration="0.003845" total="6" passed="0" failed="0" inconclusive="0" skipped="0" asserts="0">
          <test-case id="1-1049" name="Optional_CanBeCastToT" fullname="Nour.Play.OptionalTest.Optional_CanBeCastToT" runstate="Runnable" result="Passed" duration="0.000189" asserts="1" />
          <test-case id="1-1045" name="Optional_Equality" fullname="Nour.Play.OptionalTest.Optional_Equality" runstate="Runnable" result="Passed" duration="0.000165" asserts="2" />
          <test-case id="1-1047" name="Optional_Equals" fullname="Nour.Play.OptionalTest.Optional_Equals" runstate="Runnable" result="Passed" duration="0.000208" asserts="5" />
          <test-case id="1-1048" name="Optional_GetHashCode" fullname="Nour.Play.OptionalTest.Optional_GetHashCode" runstate="Runnable" result="Passed" duration="0.000248" asserts="3" />
          <test-case id="1-1046" name="Optional_ThrowsIfNoValue" fullname="Nour.Play.OptionalTest.Optional_ThrowsIfNoValue" runstate="Runnable" result="Passed" duration="0.000148" asserts="2" />
          <test-case id="1-1050" name="Optional_ToStringShowsValue" fullname="Nour.Play.OptionalTest.Optional_ToStringShowsValue" runstate="Runnable" result="Passed" duration="0.000177" asserts="2" />
        </test-suite>
        <test-suite type="TestFixture" id="1-1051" name="QueueExtensionsTest" fullname="Nour.Play.QueueExtensionsTest" runstate="Runnable" testcasecount="2" result="Passed" duration="0.001502" total="2" passed="0" failed="0" inconclusive="0" skipped="0" asserts="0">
          <test-case id="1-1053" name="TryDequeue_Dequeues" fullname="Nour.Play.QueueExtensionsTest.TryDequeue_Dequeues" runstate="Runnable" result="Passed" duration="0.000439" asserts="2" />
          <test-case id="1-1052" name="TryDequeue_DoesNotThrow" fullname="Nour.Play.QueueExtensionsTest.TryDequeue_DoesNotThrow" runstate="Runnable" result="Passed" duration="0.000090" asserts="1" />
        </test-suite>
        <test-suite type="TestFixture" id="1-1054" name="VectorTest" fullname="Nour.Play.VectorTest" runstate="Runnable" testcasecount="16" result="Passed" duration="0.019385" total="16" passed="0" failed="0" inconclusive="0" skipped="0" asserts="0">
          <test-case id="1-1056" name="Size_NotInitialized" fullname="Nour.Play.VectorTest.Size_NotInitialized" runstate="Runnable" result="Passed" duration="0.000225" asserts="2" />
          <test-case id="1-1068" name="Vector_CanAddAndSubtract" fullname="Nour.Play.VectorTest.Vector_CanAddAndSubtract" runstate="Runnable" result="Passed" duration="0.001202" asserts="10" />
          <test-case id="1-1069" name="Vector_CanDivideAndMultiply" fullname="Nour.Play.VectorTest.Vector_CanDivideAndMultiply" runstate="Runnable" result="Passed" duration="0.000873" asserts="7" />
          <test-case id="1-1070" name="Vector_ConstructorChecksArguments" fullname="Nour.Play.VectorTest.Vector_ConstructorChecksArguments" runstate="Runnable" result="Passed" duration="0.000171" asserts="1" />
          <test-case id="1-1062" name="Vector_EmptyIsEmpty" fullname="Nour.Play.VectorTest.Vector_EmptyIsEmpty" runstate="Runnable" result="Passed" duration="0.000177" asserts="1" />
          <test-case id="1-1061" name="Vector_EmptyVectorIsEmpty" fullname="Nour.Play.VectorTest.Vector_EmptyVectorIsEmpty" runstate="Runnable" result="Passed" duration="0.000098" asserts="1" />
          <test-case id="1-1057" name="Vector_EqualityIsCheckedByValue" fullname="Nour.Play.VectorTest.Vector_EqualityIsCheckedByValue" runstate="Runnable" result="Passed" duration="0.000141" asserts="3" />
          <test-case id="1-1058" name="Vector_GetHashCodeIsDerivedFromValue" fullname="Nour.Play.VectorTest.Vector_GetHashCodeIsDerivedFromValue" runstate="Runnable" result="Passed" duration="0.000422" asserts="2" />
          <test-case id="1-1064" name="Vector_GreaterThanChecksAllComponents" fullname="Nour.Play.VectorTest.Vector_GreaterThanChecksAllComponents" runstate="Runnable" result="Passed" duration="0.000924" asserts="5" />
          <test-case id="1-1066" name="Vector_GreaterThanOrEqualsChecksAllComponents" fullname="Nour.Play.VectorTest.Vector_GreaterThanOrEqualsChecksAllComponents" runstate="Runnable" result="Passed" duration="0.000599" asserts="5" />
          <test-case id="1-1055" name="Vector_IsInitialized" fullname="Nour.Play.VectorTest.Vector_IsInitialized" runstate="Runnable" result="Passed" duration="0.000101" asserts="2" />
          <test-case id="1-1063" name="Vector_LessThanChecksAllComponents" fullname="Nour.Play.VectorTest.Vector_LessThanChecksAllComponents" runstate="Runnable" result="Passed" duration="0.000587" asserts="5" />
          <test-case id="1-1065" name="Vector_LessThanOrEqualsChecksAllComponents" fullname="Nour.Play.VectorTest.Vector_LessThanOrEqualsChecksAllComponents" runstate="Runnable" result="Passed" duration="0.000556" asserts="5" />
          <test-case id="1-1067" name="Vector_NotEqualToNull" fullname="Nour.Play.VectorTest.Vector_NotEqualToNull" runstate="Runnable" result="Passed" duration="0.000241" asserts="3" />
          <test-case id="1-1059" name="Vector_ToStringFormat" fullname="Nour.Play.VectorTest.Vector_ToStringFormat" runstate="Runnable" result="Passed" duration="0.000149" asserts="2" />
          <test-case id="1-1060" name="Vector_ZeroVectorIsNotEmpty" fullname="Nour.Play.VectorTest.Vector_ZeroVectorIsNotEmpty" runstate="Runnable" result="Passed" duration="0.000141" asserts="1" />
        </test-suite>
      </test-suite>
    </test-suite>
    <test-suite type="TestFixture" id="1-1000" name="RandomAreaGeneratorTest" fullname="RandomAreaGeneratorTest" runstate="Runnable" testcasecount="2" result="Passed" duration="0.016071" total="2" passed="0" failed="0" inconclusive="0" skipped="0" asserts="0">
      <test-case id="1-1001" name="ZoneGenerator_CanGenerateZones" fullname="RandomAreaGeneratorTest.ZoneGenerator_CanGenerateZones" runstate="Runnable" result="Passed" duration="0.014385" asserts="3006" />
      <test-case id="1-1002" name="ZoneGenerator_CustomSettings" fullname="RandomAreaGeneratorTest.ZoneGenerator_CustomSettings" runstate="Runnable" result="Passed" duration="0.000726" asserts="36" />
    </test-suite>
  </test-suite>
</test-run>